250, 88064, 1, 0, 0
350, 99840, 1, 0, 0
450, 84480, 1, 0, 0
550, 89600, 1, 0, 0
650, 94720, 1, 0, 0
749, 82747, 1, 0, 0
849, 84480, 1, 0, 0
949, 97280, 1, 0, 0
1050, 99840, 1, 0, 0
1150, 87040, 1, 0, 0
1249, 93090, 1, 0, 0
1349, 94720, 1, 0, 0
1449, 89600, 1, 0, 0
1549, 89600, 1, 0, 0
1649, 76800, 1, 0, 0
1749, 81920, 1, 0, 0
1849, 81920, 1, 0, 0
1949, 84480, 1, 0, 0
2050, 92160, 1, 0, 0
2150, 79360, 1, 0, 0
2249, 98262, 1, 0, 0
2349, 87040, 1, 0, 0
2449, 89600, 1, 0, 0
2549, 94720, 1, 0, 0
2649, 89600, 1, 0, 0
2749, 81920, 1, 0, 0
2849, 94720, 1, 0, 0
2949, 89600, 1, 0, 0
3050, 99840, 1, 0, 0
3150, 89600, 1, 0, 0
3249, 77575, 1, 0, 0
3349, 94720, 1, 0, 0
3449, 87040, 1, 0, 0
3549, 94720, 1, 0, 0
3649, 89600, 1, 0, 0
3749, 81920, 1, 0, 0
3849, 74240, 1, 0, 0
3950, 76800, 1, 0, 0
4050, 97280, 1, 0, 0
4150, 84480, 1, 0, 0
4249, 95676, 1, 0, 0
4349, 92160, 1, 0, 0
4449, 94720, 1, 0, 0
4549, 89600, 1, 0, 0
4649, 94720, 1, 0, 0
4749, 97280, 1, 0, 0
4850, 69120, 1, 0, 0
4950, 89600, 1, 0, 0
5050, 84480, 1, 0, 0
5150, 87040, 1, 0, 0
5249, 85333, 1, 0, 0
5349, 92160, 1, 0, 0
5449, 81920, 1, 0, 0
5549, 92160, 1, 0, 0
5649, 97280, 1, 0, 0
5750, 97280, 1, 0, 0
5850, 69120, 1, 0, 0
5950, 97280, 1, 0, 0
6050, 87040, 1, 0, 0
6150, 89600, 1, 0, 0
6249, 95676, 1, 0, 0
6349, 92160, 1, 0, 0
6449, 89600, 1, 0, 0
6549, 94720, 1, 0, 0
6650, 89600, 1, 0, 0
6750, 81920, 1, 0, 0
6850, 74240, 1, 0, 0
6950, 94720, 1, 0, 0
7050, 74240, 1, 0, 0
7150, 84480, 1, 0, 0
7249, 90505, 1, 0, 0
7349, 89600, 1, 0, 0
7449, 97280, 1, 0, 0
7549, 97280, 1, 0, 0
7649, 89600, 1, 0, 0
7750, 87040, 1, 0, 0
7850, 69120, 1, 0, 0
7950, 92160, 1, 0, 0
8050, 89600, 1, 0, 0
8150, 89600, 1, 0, 0
8249, 85333, 1, 0, 0
8349, 92160, 1, 0, 0
8449, 94720, 1, 0, 0
8549, 94720, 1, 0, 0
8650, 94720, 1, 0, 0
8749, 87919, 1, 0, 0
8849, 61440, 1, 0, 0
8949, 89600, 1, 0, 0
9049, 92160, 1, 0, 0
9149, 97280, 1, 0, 0
9249, 89600, 1, 0, 0
9349, 92160, 1, 0, 0
9449, 92160, 1, 0, 0
9549, 92160, 1, 0, 0
9650, 92160, 1, 0, 0
9749, 87919, 1, 0, 0
9849, 79360, 1, 0, 0
9949, 87040, 1, 0, 0
10049, 81920, 1, 0, 0
10149, 84480, 1, 0, 0
10249, 92160, 1, 0, 0
10349, 87040, 1, 0, 0
10449, 89600, 1, 0, 0
10550, 81920, 1, 0, 0
10650, 97280, 1, 0, 0
10749, 90505, 1, 0, 0
10849, 76800, 1, 0, 0
10949, 71680, 1, 0, 0
11049, 94720, 1, 0, 0
11149, 92160, 1, 0, 0
11249, 89600, 1, 0, 0
11349, 97280, 1, 0, 0
11449, 97280, 1, 0, 0
11550, 92160, 1, 0, 0
11650, 99840, 1, 0, 0
11749, 82747, 1, 0, 0
11849, 94720, 1, 0, 0
11949, 66560, 1, 0, 0
12049, 94720, 1, 0, 0
12149, 89600, 1, 0, 0
12249, 87040, 1, 0, 0
12350, 99840, 1, 0, 0
12450, 104960, 1, 0, 0
12550, 94720, 1, 0, 0
12650, 94720, 1, 0, 0
12749, 87919, 1, 0, 0
12849, 84480, 1, 0, 0
12949, 53760, 1, 0, 0
13049, 94720, 1, 0, 0
13149, 102400, 1, 0, 0
13249, 87040, 1, 0, 0
13350, 94720, 1, 0, 0
13450, 92160, 1, 0, 0
13550, 89600, 1, 0, 0
13650, 89600, 1, 0, 0
13749, 90505, 1, 0, 0
13849, 81920, 1, 0, 0
13949, 76800, 1, 0, 0
14049, 97280, 1, 0, 0
14149, 94720, 1, 0, 0
14250, 79360, 1, 0, 0
14350, 76800, 1, 0, 0
14450, 84480, 1, 0, 0
14550, 92160, 1, 0, 0
14650, 81920, 1, 0, 0
14749, 98262, 1, 0, 0
14849, 48640, 1, 0, 0
14949, 71680, 1, 0, 0
15049, 89600, 1, 0, 0
15149, 84480, 1, 0, 0
15250, 89600, 1, 0, 0
15350, 87040, 1, 0, 0
15450, 84480, 1, 0, 0
15550, 81920, 1, 0, 0
15650, 76800, 1, 0, 0
15749, 87919, 1, 0, 0
15849, 89600, 1, 0, 0
15949, 58880, 1, 0, 0
16049, 87040, 1, 0, 0
16149, 94720, 1, 0, 0
16250, 84480, 1, 0, 0
16350, 79360, 1, 0, 0
16450, 99840, 1, 0, 0
16550, 92160, 1, 0, 0
16650, 92160, 1, 0, 0
16749, 98262, 1, 0, 0
16849, 94720, 1, 0, 0
16949, 38400, 1, 0, 0
17049, 64000, 1, 0, 0
17150, 94720, 1, 0, 0
17249, 90505, 1, 0, 0
17349, 81920, 1, 0, 0
17449, 87040, 1, 0, 0
17549, 99840, 1, 0, 0
17649, 89600, 1, 0, 0
17749, 97280, 1, 0, 0
17849, 76800, 1, 0, 0
17950, 61440, 1, 0, 0
18050, 66560, 1, 0, 0
18150, 94720, 1, 0, 0
18249, 95676, 1, 0, 0
18349, 89600, 1, 0, 0
18449, 87040, 1, 0, 0
18549, 89600, 1, 0, 0
18649, 87040, 1, 0, 0
18749, 89600, 1, 0, 0
18849, 92160, 1, 0, 0
18949, 87040, 1, 0, 0
19050, 71680, 1, 0, 0
19150, 89600, 1, 0, 0
19249, 90505, 1, 0, 0
19349, 87040, 1, 0, 0
19449, 99840, 1, 0, 0
19549, 97280, 1, 0, 0
19649, 94720, 1, 0, 0
19749, 89600, 1, 0, 0
19849, 92160, 1, 0, 0
19949, 89600, 1, 0, 0
20050, 69120, 1, 0, 0
20150, 87040, 1, 0, 0
20249, 90505, 1, 0, 0
20349, 97280, 1, 0, 0
20449, 89600, 1, 0, 0
20549, 92160, 1, 0, 0
20649, 89600, 1, 0, 0
20749, 92160, 1, 0, 0
20849, 92160, 1, 0, 0
20949, 84480, 1, 0, 0
21050, 66560, 1, 0, 0
21150, 92160, 1, 0, 0
21249, 90505, 1, 0, 0
21349, 69120, 1, 0, 0
21449, 81920, 1, 0, 0
21549, 94720, 1, 0, 0
21649, 84480, 1, 0, 0
21750, 92160, 1, 0, 0
21850, 87040, 1, 0, 0
21950, 76800, 1, 0, 0
22050, 66560, 1, 0, 0
22150, 84480, 1, 0, 0
22249, 82747, 1, 0, 0
22349, 89600, 1, 0, 0
22449, 94720, 1, 0, 0
22549, 84480, 1, 0, 0
22649, 94720, 1, 0, 0
22750, 92160, 1, 0, 0
22850, 92160, 1, 0, 0
22950, 74240, 1, 0, 0
23050, 74240, 1, 0, 0
23150, 71680, 1, 0, 0
23249, 82747, 1, 0, 0
23349, 87040, 1, 0, 0
23449, 87040, 1, 0, 0
23550, 92160, 1, 0, 0
23650, 94720, 1, 0, 0
23749, 93090, 1, 0, 0
23849, 92160, 1, 0, 0
23949, 84480, 1, 0, 0
24049, 69120, 1, 0, 0
24149, 84480, 1, 0, 0
24249, 92160, 1, 0, 0
24349, 92160, 1, 0, 0
24450, 94720, 1, 0, 0
24550, 92160, 1, 0, 0
24650, 89600, 1, 0, 0
24749, 85333, 1, 0, 0
24849, 97280, 1, 0, 0
24949, 84480, 1, 0, 0
25049, 71680, 1, 0, 0
25149, 76800, 1, 0, 0
25249, 89600, 1, 0, 0
25350, 89600, 1, 0, 0
25450, 84480, 1, 0, 0
25550, 99840, 1, 0, 0
25650, 92160, 1, 0, 0
25749, 93090, 1, 0, 0
25849, 84480, 1, 0, 0
25949, 84480, 1, 0, 0
26049, 76800, 1, 0, 0
26149, 66560, 1, 0, 0
26250, 92160, 1, 0, 0
26350, 84480, 1, 0, 0
26450, 97280, 1, 0, 0
26550, 92160, 1, 0, 0
26650, 97280, 1, 0, 0
26749, 90505, 1, 0, 0
26849, 87040, 1, 0, 0
26949, 76800, 1, 0, 0
27049, 76800, 1, 0, 0
27149, 64000, 1, 0, 0
27249, 72404, 1, 0, 0
27349, 56320, 1, 0, 0
27449, 89600, 1, 0, 0
27549, 99840, 1, 0, 0
27649, 92160, 1, 0, 0
27749, 89600, 1, 0, 0
27849, 89600, 1, 0, 0
27949, 94720, 1, 0, 0
28050, 58880, 1, 0, 0
28150, 43520, 1, 0, 0
28249, 85333, 1, 0, 0
28349, 92160, 1, 0, 0
28449, 92160, 1, 0, 0
28549, 94720, 1, 0, 0
28649, 92160, 1, 0, 0
28749, 94720, 1, 0, 0
28850, 97280, 1, 0, 0
28950, 99840, 1, 0, 0
29050, 81920, 1, 0, 0
29150, 43520, 1, 0, 0
29249, 82747, 1, 0, 0
29349, 97280, 1, 0, 0
29449, 92160, 1, 0, 0
29549, 92160, 1, 0, 0
29649, 92160, 1, 0, 0
29750, 84480, 1, 0, 0
29850, 87040, 1, 0, 0
29950, 89600, 1, 0, 0
30050, 69120, 1, 0, 0
30150, 66560, 1, 0, 0
30249, 72404, 1, 0, 0
30349, 97280, 1, 0, 0
30449, 87040, 1, 0, 0
30549, 94720, 1, 0, 0
30649, 102400, 1, 0, 0
30750, 89600, 1, 0, 0
30850, 92160, 1, 0, 0
30950, 84480, 1, 0, 0
31050, 76800, 1, 0, 0
31150, 92160, 1, 0, 0
31249, 82747, 1, 0, 0
31349, 46080, 1, 0, 0
31449, 89600, 1, 0, 0
31549, 102400, 1, 0, 0
31649, 92160, 1, 0, 0
31750, 92160, 1, 0, 0
31850, 92160, 1, 0, 0
31950, 87040, 1, 0, 0
32050, 84480, 1, 0, 0
32150, 66560, 1, 0, 0
32249, 69818, 1, 0, 0
32349, 81920, 1, 0, 0
32449, 92160, 1, 0, 0
32550, 94720, 1, 0, 0
32650, 92160, 1, 0, 0
32749, 85333, 1, 0, 0
32849, 84480, 1, 0, 0
32949, 99840, 1, 0, 0
33049, 87040, 1, 0, 0
33149, 76800, 1, 0, 0
33249, 69120, 1, 0, 0
33349, 79360, 1, 0, 0
33449, 89600, 1, 0, 0
33550, 92160, 1, 0, 0
33650, 81920, 1, 0, 0
33749, 85333, 1, 0, 0
33849, 97280, 1, 0, 0
33949, 94720, 1, 0, 0
34049, 84480, 1, 0, 0
34149, 74240, 1, 0, 0
34249, 76800, 1, 0, 0
34350, 84480, 1, 0, 0
34450, 92160, 1, 0, 0
34550, 97280, 1, 0, 0
34650, 94720, 1, 0, 0
34749, 98262, 1, 0, 0
34849, 89600, 1, 0, 0
34949, 89600, 1, 0, 0
35049, 81920, 1, 0, 0
35149, 81920, 1, 0, 0
35249, 61440, 1, 0, 0
35350, 87040, 1, 0, 0
35450, 89600, 1, 0, 0
35550, 92160, 1, 0, 0
35650, 89600, 1, 0, 0
35749, 93090, 1, 0, 0
35849, 89600, 1, 0, 0
35949, 89600, 1, 0, 0
36049, 92160, 1, 0, 0
36149, 84480, 1, 0, 0
36249, 69120, 1, 0, 0
36350, 84480, 1, 0, 0
36450, 76800, 1, 0, 0
36550, 97280, 1, 0, 0
36650, 87040, 1, 0, 0
36749, 93090, 1, 0, 0
36849, 92160, 1, 0, 0
36949, 97280, 1, 0, 0
37049, 81920, 1, 0, 0
37149, 71680, 1, 0, 0
37250, 76800, 1, 0, 0
37350, 89600, 1, 0, 0
37450, 81920, 1, 0, 0
37550, 89600, 1, 0, 0
37650, 99840, 1, 0, 0
37749, 85333, 1, 0, 0
37849, 97280, 1, 0, 0
37949, 99840, 1, 0, 0
38049, 89600, 1, 0, 0
38149, 81920, 1, 0, 0
38250, 76800, 1, 0, 0
38350, 66560, 1, 0, 0
38450, 81920, 1, 0, 0
38550, 92160, 1, 0, 0
38650, 97280, 1, 0, 0
38749, 90505, 1, 0, 0
38849, 92160, 1, 0, 0
38949, 97280, 1, 0, 0
39050, 94720, 1, 0, 0
39150, 84480, 1, 0, 0
39249, 93090, 1, 0, 0
39349, 56320, 1, 0, 0
39449, 84480, 1, 0, 0
39549, 92160, 1, 0, 0
39649, 97280, 1, 0, 0
39749, 89600, 1, 0, 0
39849, 89600, 1, 0, 0
39949, 81920, 1, 0, 0
40050, 87040, 1, 0, 0
40150, 81920, 1, 0, 0
40249, 82747, 1, 0, 0
40349, 71680, 1, 0, 0
40449, 84480, 1, 0, 0
40549, 87040, 1, 0, 0
40649, 94720, 1, 0, 0
40749, 84480, 1, 0, 0
40850, 99840, 1, 0, 0
40950, 99840, 1, 0, 0
41050, 84480, 1, 0, 0
41150, 92160, 1, 0, 0
41249, 59474, 1, 0, 0
41349, 81920, 1, 0, 0
41449, 71680, 1, 0, 0
41549, 94720, 1, 0, 0
41649, 87040, 1, 0, 0
41749, 99840, 1, 0, 0
41850, 84480, 1, 0, 0
41950, 87040, 1, 0, 0
42050, 94720, 1, 0, 0
42150, 87040, 1, 0, 0
42249, 85333, 1, 0, 0
42349, 74240, 1, 0, 0
42449, 81920, 1, 0, 0
42549, 87040, 1, 0, 0
42649, 81920, 1, 0, 0
42750, 92160, 1, 0, 0
42850, 94720, 1, 0, 0
42950, 84480, 1, 0, 0
43050, 94720, 1, 0, 0
43150, 89600, 1, 0, 0
43249, 77575, 1, 0, 0
43349, 64000, 1, 0, 0
43449, 84480, 1, 0, 0
43550, 48640, 1, 0, 0
43650, 92160, 1, 0, 0
43749, 82747, 1, 0, 0
43849, 89600, 1, 0, 0
43949, 94720, 1, 0, 0
44049, 87040, 1, 0, 0
44149, 84480, 1, 0, 0
44249, 87040, 1, 0, 0
44349, 61440, 1, 0, 0
44449, 81920, 1, 0, 0
44550, 84480, 1, 0, 0
44650, 87040, 1, 0, 0
44749, 95676, 1, 0, 0
44849, 87040, 1, 0, 0
44949, 89600, 1, 0, 0
45049, 79360, 1, 0, 0
45149, 81920, 1, 0, 0
45249, 84480, 1, 0, 0
45350, 61440, 1, 0, 0
45450, 84480, 1, 0, 0
45550, 79360, 1, 0, 0
45650, 81920, 1, 0, 0
45749, 85333, 1, 0, 0
45849, 94720, 1, 0, 0
45949, 89600, 1, 0, 0
46049, 81920, 1, 0, 0
46149, 79360, 1, 0, 0
46250, 81920, 1, 0, 0
46350, 81920, 1, 0, 0
46450, 74240, 1, 0, 0
46550, 76800, 1, 0, 0
46650, 89600, 1, 0, 0
46749, 87919, 1, 0, 0
46849, 89600, 1, 0, 0
46949, 99840, 1, 0, 0
47049, 94720, 1, 0, 0
47149, 89600, 1, 0, 0
47250, 74240, 1, 0, 0
47350, 76800, 1, 0, 0
47450, 81920, 1, 0, 0
47550, 81920, 1, 0, 0
47650, 99840, 1, 0, 0
47749, 93090, 1, 0, 0
47849, 87040, 1, 0, 0
47949, 84480, 1, 0, 0
48049, 92160, 1, 0, 0
48149, 84480, 1, 0, 0
48250, 81920, 1, 0, 0
48350, 84480, 1, 0, 0
48450, 69120, 1, 0, 0
48550, 58880, 1, 0, 0
48650, 79360, 1, 0, 0
48749, 87919, 1, 0, 0
48849, 92160, 1, 0, 0
48949, 87040, 1, 0, 0
49049, 89600, 1, 0, 0
49150, 89600, 1, 0, 0
49249, 85333, 1, 0, 0
49349, 74240, 1, 0, 0
49449, 87040, 1, 0, 0
49549, 81920, 1, 0, 0
49649, 79360, 1, 0, 0
49749, 94720, 1, 0, 0
49849, 92160, 1, 0, 0
49949, 87040, 1, 0, 0
50050, 89600, 1, 0, 0
50150, 92160, 1, 0, 0
50249, 74989, 1, 0, 0
50349, 81920, 1, 0, 0
50449, 81920, 1, 0, 0
50549, 84480, 1, 0, 0
50649, 74240, 1, 0, 0
50749, 92160, 1, 0, 0
50849, 84480, 1, 0, 0
50949, 99840, 1, 0, 0
51050, 94720, 1, 0, 0
51150, 89600, 1, 0, 0
51249, 87919, 1, 0, 0
51349, 74240, 1, 0, 0
51449, 66560, 1, 0, 0
51549, 81920, 1, 0, 0
51649, 81920, 1, 0, 0
51749, 84480, 1, 0, 0
51849, 92160, 1, 0, 0
51949, 89600, 1, 0, 0
52050, 89600, 1, 0, 0
52150, 92160, 1, 0, 0
52249, 87919, 1, 0, 0
52349, 79360, 1, 0, 0
52449, 66560, 1, 0, 0
52549, 81920, 1, 0, 0
52649, 87040, 1, 0, 0
52749, 97280, 1, 0, 0
52849, 89600, 1, 0, 0
52949, 87040, 1, 0, 0
53050, 81920, 1, 0, 0
53150, 89600, 1, 0, 0
53249, 85333, 1, 0, 0
53349, 81920, 1, 0, 0
53449, 71680, 1, 0, 0
53549, 76800, 1, 0, 0
53649, 79360, 1, 0, 0
53749, 99840, 1, 0, 0
53850, 94720, 1, 0, 0
53950, 94720, 1, 0, 0
54050, 102400, 1, 0, 0
54150, 92160, 1, 0, 0
54249, 85333, 1, 0, 0
54349, 84480, 1, 0, 0
54449, 74240, 1, 0, 0
54549, 81920, 1, 0, 0
54649, 69120, 1, 0, 0
54750, 102400, 1, 0, 0
54850, 92160, 1, 0, 0
54950, 84480, 1, 0, 0
55050, 97280, 1, 0, 0
55150, 81920, 1, 0, 0
55249, 85333, 1, 0, 0
55349, 84480, 1, 0, 0
55449, 74240, 1, 0, 0
55549, 84480, 1, 0, 0
55650, 79360, 1, 0, 0
55749, 80161, 1, 0, 0
55849, 89600, 1, 0, 0
55949, 99840, 1, 0, 0
56049, 87040, 1, 0, 0
56149, 89600, 1, 0, 0
56249, 92160, 1, 0, 0
56349, 89600, 1, 0, 0
56449, 64000, 1, 0, 0
56550, 89600, 1, 0, 0
56650, 66560, 1, 0, 0
56749, 72404, 1, 0, 0
56849, 89600, 1, 0, 0
56949, 92160, 1, 0, 0
57049, 89600, 1, 0, 0
57149, 94720, 1, 0, 0
57249, 92160, 1, 0, 0
57349, 89600, 1, 0, 0
57449, 71680, 1, 0, 0
57550, 74240, 1, 0, 0
57650, 81920, 1, 0, 0
57749, 80161, 1, 0, 0
57849, 89600, 1, 0, 0
57949, 89600, 1, 0, 0
58049, 87040, 1, 0, 0
58149, 94720, 1, 0, 0
58249, 94720, 1, 0, 0
58349, 81920, 1, 0, 0
58449, 66560, 1, 0, 0
58550, 58880, 1, 0, 0
58650, 71680, 1, 0, 0
58749, 51717, 1, 0, 0
58849, 92160, 1, 0, 0
58949, 92160, 1, 0, 0
59049, 87040, 1, 0, 0
59149, 92160, 1, 0, 0
59250, 89600, 1, 0, 0
59350, 46080, 1, 0, 0
59450, 79360, 1, 0, 0
59550, 64000, 1, 0, 0
59650, 89600, 1, 0, 0
59749, 51717, 1, 0, 0
59849, 89600, 1, 0, 0
59949, 89600, 1, 0, 0
60050, 102400, 1, 0, 0
60150, 94720, 1, 0, 0
60249, 85333, 1, 0, 0
60349, 81920, 1, 0, 0
60449, 76800, 1, 0, 0
60549, 33280, 1, 0, 0
60649, 84480, 1, 0, 0
60749, 69120, 1, 0, 0
60849, 81920, 1, 0, 0
60949, 104960, 1, 0, 0
61050, 94720, 1, 0, 0
61150, 89600, 1, 0, 0
61249, 95676, 1, 0, 0
61349, 79360, 1, 0, 0
61449, 84480, 1, 0, 0
61549, 61440, 1, 0, 0
61649, 61440, 1, 0, 0
61749, 61440, 1, 0, 0
61849, 69120, 1, 0, 0
61949, 97280, 1, 0, 0
62050, 92160, 1, 0, 0
62150, 89600, 1, 0, 0
62249, 87919, 1, 0, 0
62349, 94720, 1, 0, 0
62449, 92160, 1, 0, 0
62549, 53760, 1, 0, 0
62649, 71680, 1, 0, 0
62749, 76800, 1, 0, 0
62849, 38400, 1, 0, 0
62949, 94720, 1, 0, 0
63050, 92160, 1, 0, 0
63150, 79360, 1, 0, 0
63249, 85333, 1, 0, 0
63349, 89600, 1, 0, 0
63449, 79360, 1, 0, 0
63549, 56320, 1, 0, 0
63649, 48640, 1, 0, 0
63749, 97280, 1, 0, 0
63850, 40960, 1, 0, 0
63950, 84480, 1, 0, 0
64050, 94720, 1, 0, 0
64150, 97280, 1, 0, 0
64249, 95676, 1, 0, 0
64349, 87040, 1, 0, 0
64449, 81920, 1, 0, 0
64549, 87040, 1, 0, 0
64649, 46080, 1, 0, 0
64750, 76800, 1, 0, 0
64850, 64000, 1, 0, 0
64950, 53760, 1, 0, 0
65050, 97280, 1, 0, 0
65150, 99840, 1, 0, 0
65249, 90505, 1, 0, 0
65349, 97280, 1, 0, 0
65449, 74240, 1, 0, 0
65550, 92160, 1, 0, 0
65650, 35840, 1, 0, 0
65749, 69818, 1, 0, 0
65849, 99840, 1, 0, 0
65949, 33280, 1, 0, 0
66049, 97280, 1, 0, 0
66149, 87040, 1, 0, 0
66249, 99840, 1, 0, 0
66349, 89600, 1, 0, 0
66449, 81920, 1, 0, 0
66550, 94720, 1, 0, 0
66650, 58880, 1, 0, 0
66749, 36202, 1, 0, 0
66849, 92160, 1, 0, 0
66949, 46080, 1, 0, 0
67049, 56320, 1, 0, 0
67149, 99840, 1, 0, 0
67249, 99840, 1, 0, 0
67349, 84480, 1, 0, 0
67449, 66560, 1, 0, 0
67550, 92160, 1, 0, 0
67650, 69120, 1, 0, 0
67749, 41373, 1, 0, 0
67849, 64000, 1, 0, 0
67949, 79360, 1, 0, 0
68049, 35840, 1, 0, 0
68149, 87040, 1, 0, 0
68249, 94720, 1, 0, 0
68349, 71680, 1, 0, 0
68450, 97280, 1, 0, 0
68550, 74240, 1, 0, 0
68650, 92160, 1, 0, 0
68749, 25858, 1, 0, 0
68849, 71680, 1, 0, 0
68949, 89600, 1, 0, 0
69049, 40960, 1, 0, 0
69149, 79360, 1, 0, 0
69250, 84480, 1, 0, 0
69350, 87040, 1, 0, 0
69450, 92160, 1, 0, 0
69550, 66560, 1, 0, 0
69650, 89600, 1, 0, 0
69749, 51717, 1, 0, 0
69849, 15360, 1, 0, 0
69949, 97280, 1, 0, 0
70049, 71680, 1, 0, 0
70149, 56320, 1, 0, 0
70250, 87040, 1, 0, 0
70350, 94720, 1, 0, 0
70450, 89600, 1, 0, 0
70550, 71680, 1, 0, 0
70650, 87040, 1, 0, 0
70749, 77575, 1, 0, 0
70849, 17920, 1, 0, 0
70949, 66560, 1, 0, 0
71050, 99840, 1, 0, 0
71150, 23040, 1, 0, 0
71249, 95676, 1, 0, 0
71349, 94720, 1, 0, 0
71449, 89600, 1, 0, 0
71549, 69120, 1, 0, 0
71649, 76800, 1, 0, 0
71749, 64000, 1, 0, 0
71850, 17920, 1, 0, 0
71950, 38400, 1, 0, 0
72050, 92160, 1, 0, 0
72150, 58880, 1, 0, 0
72249, 82747, 1, 0, 0
72349, 92160, 1, 0, 0
72449, 94720, 1, 0, 0
72549, 94720, 1, 0, 0
72650, 58880, 1, 0, 0
72749, 95676, 1, 0, 0
72849, 20480, 1, 0, 0
72949, 12800, 1, 0, 0
73049, 81920, 1, 0, 0
73149, 89600, 1, 0, 0
73249, 38400, 1, 0, 0
73350, 87040, 1, 0, 0
73450, 94720, 1, 0, 0
73550, 92160, 1, 0, 0
73650, 69120, 1, 0, 0
73749, 93090, 1, 0, 0
73849, 87040, 1, 0, 0
73949, 7680, 1, 0, 0
74049, 33280, 1, 0, 0
74149, 87040, 1, 0, 0
74250, 33280, 1, 0, 0
74350, 81920, 1, 0, 0
74450, 89600, 1, 0, 0
74550, 99840, 1, 0, 0
74650, 74240, 1, 0, 0
74749, 87919, 1, 0, 0
74849, 97280, 1, 0, 0
74949, 25600, 1, 0, 0
75050, 25600, 1, 0, 0
75150, 51200, 1, 0, 0
75249, 77575, 1, 0, 0
75349, 46080, 1, 0, 0
75449, 94720, 1, 0, 0
75549, 89600, 1, 0, 0
75649, 92160, 1, 0, 0
75749, 58880, 1, 0, 0
75849, 92160, 1, 0, 0
75949, 61440, 1, 0, 0
76050, 38400, 1, 0, 0
76150, 20480, 1, 0, 0
76249, 100848, 1, 0, 0
76349, 25600, 1, 0, 0
76449, 89600, 1, 0, 0
76549, 94720, 1, 0, 0
76649, 89600, 1, 0, 0
76750, 69120, 1, 0, 0
76850, 102400, 1, 0, 0
76950, 76800, 1, 0, 0
77050, 40960, 1, 0, 0
77150, 40960, 1, 0, 0
77249, 72404, 1, 0, 0
77349, 61440, 1, 0, 0
77449, 5120, 1, 0, 0
77550, 97280, 1, 0, 0
77650, 92160, 1, 0, 0
77749, 80161, 1, 0, 0
77849, 76800, 1, 0, 0
77949, 79360, 1, 0, 0
78049, 64000, 1, 0, 0
78149, 46080, 1, 0, 0
78249, 30720, 1, 0, 0
78349, 97280, 1, 0, 0
78450, 58880, 1, 0, 0
78550, 53760, 1, 0, 0
78650, 92160, 1, 0, 0
78749, 98262, 1, 0, 0
78849, 64000, 1, 0, 0
78949, 99840, 1, 0, 0
79049, 61440, 1, 0, 0
79149, 33280, 1, 0, 0
79250, 30720, 1, 0, 0
79350, 81920, 1, 0, 0
79450, 51200, 1, 0, 0
79550, 53760, 1, 0, 0
79650, 89600, 1, 0, 0
79749, 93090, 1, 0, 0
79849, 51200, 1, 0, 0
79949, 99840, 1, 0, 0
80049, 61440, 1, 0, 0
80149, 74240, 1, 0, 0
80249, 38400, 1, 0, 0
80350, 40960, 1, 0, 0
80450, 94720, 1, 0, 0
80550, 38400, 1, 0, 0
80650, 56320, 1, 0, 0
80749, 82747, 1, 0, 0
80849, 92160, 1, 0, 0
80949, 53760, 1, 0, 0
81049, 84480, 1, 0, 0
81149, 81920, 1, 0, 0
81250, 33280, 1, 0, 0
81350, 17920, 1, 0, 0
81450, 84480, 1, 0, 0
81550, 56320, 1, 0, 0
81650, 46080, 1, 0, 0
81749, 98262, 1, 0, 0
81849, 97280, 1, 0, 0
81949, 46080, 1, 0, 0
82050, 92160, 1, 0, 0
82150, 61440, 1, 0, 0
82249, 77575, 1, 0, 0
82349, 33280, 1, 0, 0
82449, 35840, 1, 0, 0
82549, 81920, 1, 0, 0
82649, 58880, 1, 0, 0
82749, 56320, 1, 0, 0
82849, 97280, 1, 0, 0
82949, 94720, 1, 0, 0
83050, 43520, 1, 0, 0
83150, 58880, 1, 0, 0
83249, 90505, 1, 0, 0
83349, 33280, 1, 0, 0
83449, 17920, 1, 0, 0
83549, 81920, 1, 0, 0
83649, 53760, 1, 0, 0
83750, 43520, 1, 0, 0
83850, 97280, 1, 0, 0
83950, 97280, 1, 0, 0
84050, 53760, 1, 0, 0
84150, 81920, 1, 0, 0
84249, 69818, 1, 0, 0
84349, 87040, 1, 0, 0
84449, 15360, 1, 0, 0
84550, 43520, 1, 0, 0
84650, 87040, 1, 0, 0
84749, 43959, 1, 0, 0
84849, 48640, 1, 0, 0
84949, 97280, 1, 0, 0
85049, 92160, 1, 0, 0
85149, 53760, 1, 0, 0
85249, 58880, 1, 0, 0
85349, 99840, 1, 0, 0
85449, 43520, 1, 0, 0
85550, 5120, 1, 0, 0
85650, 84480, 1, 0, 0
85749, 54303, 1, 0, 0
85849, 48640, 1, 0, 0
85949, 92160, 1, 0, 0
86049, 92160, 1, 0, 0
86149, 56320, 1, 0, 0
86249, 66560, 1, 0, 0
86350, 81920, 1, 0, 0
86450, 89600, 1, 0, 0
86550, 17920, 1, 0, 0
86650, 25600, 1, 0, 0
86749, 87919, 1, 0, 0
86849, 56320, 1, 0, 0
86949, 46080, 1, 0, 0
87049, 99840, 1, 0, 0
87149, 79360, 1, 0, 0
87250, 35840, 1, 0, 0
87350, 64000, 1, 0, 0
87450, 81920, 1, 0, 0
87550, 69120, 1, 0, 0
87650, 2560, 1, 0, 0
87749, 72404, 1, 0, 0
87849, 46080, 1, 0, 0
87949, 53760, 1, 0, 0
88050, 87040, 1, 0, 0
88150, 94720, 1, 0, 0
88249, 59474, 1, 0, 0
88349, 58880, 1, 0, 0
88449, 94720, 1, 0, 0
88549, 92160, 1, 0, 0
88649, 40960, 1, 0, 0
88749, 25600, 1, 0, 0
88849, 84480, 1, 0, 0
88950, 5120, 1, 0, 0
89050, 48640, 1, 0, 0
89150, 89600, 1, 0, 0
89249, 85333, 1, 0, 0
89349, 38400, 1, 0, 0
89449, 71680, 1, 0, 0
89549, 94720, 1, 0, 0
89649, 79360, 1, 0, 0
89750, 7680, 1, 0, 0
89850, 46080, 1, 0, 0
89950, 92160, 1, 0, 0
