100, 2284204, 1, 0, 0
201, 2391686, 1, 0, 0
301, 2949161, 1, 0, 0
400, 2465077, 1, 0, 0
501, 2299855, 1, 0, 0
601, 2273169, 1, 0, 0
700, 2233062, 1, 0, 0
800, 2858382, 1, 0, 0
900, 2325773, 1, 0, 0
1000, 2221448, 1, 0, 0
1111, 2772115, 1, 0, 0
1201, 2566867, 1, 0, 0
1301, 2325692, 1, 0, 0
1401, 2168829, 1, 0, 0
1500, 1976510, 1, 0, 0
1600, 2082781, 1, 0, 0
1700, 2034666, 1, 0, 0
1801, 2135919, 1, 0, 0
1900, 2617355, 1, 0, 0
2004, 3334181, 1, 0, 0
2100, 2247877, 1, 0, 0
2201, 2134436, 1, 0, 0
2300, 1945850, 1, 0, 0
2400, 2023697, 1, 0, 0
2501, 2300659, 1, 0, 0
2601, 2275957, 1, 0, 0
2702, 2580825, 1, 0, 0
2800, 2574279, 1, 0, 0
2900, 2210733, 1, 0, 0
3000, 2228552, 1, 0, 0
3101, 2334720, 1, 0, 0
3200, 2833904, 1, 0, 0
3301, 2105381, 1, 0, 0
3400, 2021567, 1, 0, 0
3500, 1983879, 1, 0, 0
3601, 1877352, 1, 0, 0
3700, 1705495, 1, 0, 0
3801, 2132090, 1, 0, 0
3900, 1867395, 1, 0, 0
4001, 2198918, 1, 0, 0
4101, 1854738, 1, 0, 0
4201, 2161491, 1, 0, 0
4302, 2343406, 1, 0, 0
4401, 2428172, 1, 0, 0
4501, 2361922, 1, 0, 0
4600, 2368784, 1, 0, 0
4701, 2569013, 1, 0, 0
4802, 2201632, 1, 0, 0
4902, 2312194, 1, 0, 0
5001, 2252069, 1, 0, 0
5101, 2450960, 1, 0, 0
5200, 2659054, 1, 0, 0
5300, 2384098, 1, 0, 0
5400, 2368191, 1, 0, 0
5500, 2501910, 1, 0, 0
5600, 2934177, 1, 0, 0
5700, 2325497, 1, 0, 0
5800, 2268300, 1, 0, 0
5901, 2200430, 1, 0, 0
6001, 2038702, 1, 0, 0
6100, 3780594, 1, 0, 0
6201, 2341783, 1, 0, 0
6302, 2144739, 1, 0, 0
6400, 1816728, 1, 0, 0
6500, 1887637, 1, 0, 0
6600, 2080536, 1, 0, 0
6701, 2340797, 1, 0, 0
6803, 2224363, 1, 0, 0
6900, 2139185, 1, 0, 0
7000, 2237068, 1, 0, 0
7101, 2709542, 1, 0, 0
7202, 2298056, 1, 0, 0
7304, 2433915, 1, 0, 0
7400, 2501537, 1, 0, 0
7503, 2449020, 1, 0, 0
7600, 2202468, 1, 0, 0
7701, 2244689, 1, 0, 0
7800, 2191739, 1, 0, 0
7900, 2084282, 1, 0, 0
8009, 2330636, 1, 0, 0
8101, 2276755, 1, 0, 0
8200, 2162925, 1, 0, 0
8302, 2662651, 1, 0, 0
8400, 2230684, 1, 0, 0
8500, 2325172, 1, 0, 0
8601, 2356969, 1, 0, 0
8703, 2296201, 1, 0, 0
8800, 2161904, 1, 0, 0
8901, 2104992, 1, 0, 0
9000, 2190166, 1, 0, 0
9100, 1747917, 1, 0, 0
9203, 2389194, 1, 0, 0
9301, 1611742, 1, 0, 0
9401, 1601334, 1, 0, 0
9501, 1891523, 1, 0, 0
9600, 2206054, 1, 0, 0
9701, 2100856, 1, 0, 0
9801, 2435002, 1, 0, 0
9901, 2072654, 1, 0, 0
10001, 2125201, 1, 0, 0
10101, 2214516, 1, 0, 0
10200, 2100762, 1, 0, 0
10300, 1971116, 1, 0, 0
10401, 2049711, 1, 0, 0
10501, 1843687, 1, 0, 0
10600, 1710926, 1, 0, 0
10700, 1683756, 1, 0, 0
10801, 1636162, 1, 0, 0
10900, 1895477, 1, 0, 0
11001, 2137967, 1, 0, 0
11100, 1780774, 1, 0, 0
11200, 1878444, 1, 0, 0
11302, 1919258, 1, 0, 0
11400, 1997541, 1, 0, 0
11501, 2399167, 1, 0, 0
11600, 2070786, 1, 0, 0
11701, 1997392, 1, 0, 0
11801, 2381607, 1, 0, 0
11900, 2118353, 1, 0, 0
12000, 2208152, 1, 0, 0
12100, 2036386, 1, 0, 0
12200, 2321712, 1, 0, 0
12301, 2472281, 1, 0, 0
12401, 2769439, 1, 0, 0
12502, 2235859, 1, 0, 0
12600, 2384865, 1, 0, 0
12700, 2334197, 1, 0, 0
12800, 3691373, 1, 0, 0
12901, 2147654, 1, 0, 0
13001, 2500893, 1, 0, 0
13102, 2334904, 1, 0, 0
13200, 1918281, 1, 0, 0
13300, 1754023, 1, 0, 0
13402, 1719444, 1, 0, 0
13501, 1835765, 1, 0, 0
13600, 1838187, 1, 0, 0
13701, 2103802, 1, 0, 0
13801, 1746301, 1, 0, 0
13900, 1729969, 1, 0, 0
14000, 1658244, 1, 0, 0
14100, 1736263, 1, 0, 0
14203, 1732717, 1, 0, 0
14301, 1744450, 1, 0, 0
14400, 1707791, 1, 0, 0
14500, 1824742, 1, 0, 0
14600, 2151985, 1, 0, 0
14700, 2329714, 1, 0, 0
14800, 2079650, 1, 0, 0
14900, 2281524, 1, 0, 0
15002, 2364349, 1, 0, 0
15100, 2334561, 1, 0, 0
15200, 2628431, 1, 0, 0
15301, 2240246, 1, 0, 0
15400, 2013322, 1, 0, 0
15501, 2454174, 1, 0, 0
15601, 1814207, 1, 0, 0
15700, 1770158, 1, 0, 0
15804, 2036007, 1, 0, 0
15900, 2084304, 1, 0, 0
16000, 2174591, 1, 0, 0
16100, 2170990, 1, 0, 0
16201, 2573888, 1, 0, 0
16301, 2574669, 1, 0, 0
16402, 2229498, 1, 0, 0
16502, 2169580, 1, 0, 0
16601, 1876757, 1, 0, 0
16700, 1968326, 1, 0, 0
16801, 1902674, 1, 0, 0
16901, 1809650, 1, 0, 0
17001, 1890476, 1, 0, 0
17101, 1717714, 1, 0, 0
17201, 1755472, 1, 0, 0
17300, 1592481, 1, 0, 0
17400, 1966665, 1, 0, 0
17500, 1843034, 1, 0, 0
17600, 1823003, 1, 0, 0
17700, 1849789, 1, 0, 0
17800, 1957105, 1, 0, 0
17900, 1942276, 1, 0, 0
18000, 1763270, 1, 0, 0
18100, 1983511, 1, 0, 0
18200, 1880562, 1, 0, 0
18300, 1675847, 1, 0, 0
18402, 1699262, 1, 0, 0
18501, 2089625, 1, 0, 0
18602, 2290745, 1, 0, 0
18700, 2187297, 1, 0, 0
18801, 2447906, 1, 0, 0
18900, 2915523, 1, 0, 0
19001, 2729638, 1, 0, 0
19100, 2477759, 1, 0, 0
19213, 3296283, 1, 0, 0
19301, 2320138, 1, 0, 0
19400, 2365362, 1, 0, 0
19510, 2428165, 1, 0, 0
19600, 2197969, 1, 0, 0
19700, 2003821, 1, 0, 0
19801, 2058342, 1, 0, 0
19901, 1881602, 1, 0, 0
20000, 1612311, 1, 0, 0
20103, 1754509, 1, 0, 0
20201, 1712730, 1, 0, 0
20300, 1821509, 1, 0, 0
20401, 2032782, 1, 0, 0
20501, 1939781, 1, 0, 0
20602, 1918326, 1, 0, 0
20701, 2230408, 1, 0, 0
20800, 2263797, 1, 0, 0
20900, 2125925, 1, 0, 0
21002, 2252100, 1, 0, 0
21100, 2172691, 1, 0, 0
21200, 2184608, 1, 0, 0
21301, 2194248, 1, 0, 0
21401, 2151639, 1, 0, 0
21500, 1735804, 1, 0, 0
21600, 1918344, 1, 0, 0
21701, 1720334, 1, 0, 0
21801, 1842603, 1, 0, 0
21901, 1877343, 1, 0, 0
22000, 1776813, 1, 0, 0
22101, 1801180, 1, 0, 0
22201, 1750664, 1, 0, 0
22300, 1890532, 1, 0, 0
22402, 2041529, 1, 0, 0
22509, 2092607, 1, 0, 0
22601, 1728336, 1, 0, 0
22701, 1816523, 1, 0, 0
22801, 2273017, 1, 0, 0
22900, 1734346, 1, 0, 0
23001, 1775733, 1, 0, 0
23101, 2067294, 1, 0, 0
23201, 1723692, 1, 0, 0
23301, 1971583, 1, 0, 0
23400, 2391352, 1, 0, 0
23500, 2566646, 1, 0, 0
23601, 2476593, 1, 0, 0
23701, 2484764, 1, 0, 0
23800, 2476544, 1, 0, 0
23900, 2493354, 1, 0, 0
24001, 2802231, 1, 0, 0
24101, 2506871, 1, 0, 0
24201, 2074861, 1, 0, 0
24302, 1967077, 1, 0, 0
24401, 2110584, 1, 0, 0
24500, 1935226, 1, 0, 0
24600, 1921679, 1, 0, 0
24701, 1943051, 1, 0, 0
24801, 1995926, 1, 0, 0
24900, 2024127, 1, 0, 0
25000, 2756445, 1, 0, 0
25101, 2477672, 1, 0, 0
25200, 2093618, 1, 0, 0
25300, 2220303, 1, 0, 0
25401, 2019412, 1, 0, 0
25501, 2120277, 1, 0, 0
25601, 2327312, 1, 0, 0
25700, 2109519, 1, 0, 0
25801, 2128430, 1, 0, 0
25900, 2256318, 1, 0, 0
26000, 2162337, 1, 0, 0
26100, 2010664, 1, 0, 0
26201, 2054238, 1, 0, 0
26301, 1992971, 1, 0, 0
26400, 2741372, 1, 0, 0
26500, 2274851, 1, 0, 0
26601, 2241112, 1, 0, 0
26700, 2424518, 1, 0, 0
26804, 2643331, 1, 0, 0
26900, 3010890, 1, 0, 0
27001, 2880618, 1, 0, 0
27100, 3198641, 1, 0, 0
27202, 2685128, 1, 0, 0
27316, 2849965, 1, 0, 0
27403, 2543314, 1, 0, 0
27502, 3800820, 1, 0, 0
27601, 2989737, 1, 0, 0
27702, 2743724, 1, 0, 0
27801, 2528190, 1, 0, 0
27902, 2396276, 1, 0, 0
28002, 2325565, 1, 0, 0
28102, 2427663, 1, 0, 0
28200, 2331778, 1, 0, 0
28300, 2138133, 1, 0, 0
28400, 2112673, 1, 0, 0
28500, 1889736, 1, 0, 0
28600, 1743043, 1, 0, 0
28700, 1762370, 1, 0, 0
28800, 1784274, 1, 0, 0
28901, 1819603, 1, 0, 0
29000, 1749837, 1, 0, 0
29100, 1751102, 1, 0, 0
29200, 1806583, 1, 0, 0
29301, 1972385, 1, 0, 0
29400, 1869960, 1, 0, 0
29501, 2246683, 1, 0, 0
29600, 2246745, 1, 0, 0
29702, 2255911, 1, 0, 0
29801, 3001514, 1, 0, 0
29902, 2812534, 1, 0, 0
30001, 3294852, 1, 0, 0
30101, 2494594, 1, 0, 0
30201, 2699236, 1, 0, 0
30302, 2792890, 1, 0, 0
30401, 2252423, 1, 0, 0
30502, 1892988, 1, 0, 0
30600, 2099432, 1, 0, 0
30702, 2751524, 1, 0, 0
30801, 2336711, 1, 0, 0
30900, 2309824, 1, 0, 0
31003, 2383117, 1, 0, 0
31101, 2459125, 1, 0, 0
31200, 2359344, 1, 0, 0
31300, 2926556, 1, 0, 0
31415, 2492857, 1, 0, 0
31500, 1971615, 1, 0, 0
31600, 1720104, 1, 0, 0
31700, 1756431, 1, 0, 0
31800, 1785665, 1, 0, 0
31900, 1839167, 1, 0, 0
32000, 1858866, 1, 0, 0
32100, 1720293, 1, 0, 0
32201, 1760042, 1, 0, 0
32300, 1781386, 1, 0, 0
32401, 2051720, 1, 0, 0
32501, 2217745, 1, 0, 0
32601, 2270305, 1, 0, 0
32700, 2612805, 1, 0, 0
32801, 2440019, 1, 0, 0
32901, 2576330, 1, 0, 0
33000, 2291417, 1, 0, 0
33101, 2101473, 1, 0, 0
33201, 1954854, 1, 0, 0
33301, 2075321, 1, 0, 0
33401, 1935324, 1, 0, 0
33500, 2093749, 1, 0, 0
33600, 2180419, 1, 0, 0
33700, 2314630, 1, 0, 0
33800, 2388006, 1, 0, 0
33900, 2366125, 1, 0, 0
34001, 2153744, 1, 0, 0
34100, 1787954, 1, 0, 0
34201, 1912532, 1, 0, 0
34301, 1869816, 1, 0, 0
34401, 1783387, 1, 0, 0
34501, 2096565, 1, 0, 0
34601, 1663918, 1, 0, 0
34701, 1806035, 1, 0, 0
34800, 1808897, 1, 0, 0
34901, 1791012, 1, 0, 0
35001, 1813261, 1, 0, 0
35100, 2404786, 1, 0, 0
35200, 1759180, 1, 0, 0
35300, 1664986, 1, 0, 0
35400, 1583553, 1, 0, 0
35501, 1629817, 1, 0, 0
35600, 1764745, 1, 0, 0
35701, 2190529, 1, 0, 0
35802, 1739366, 1, 0, 0
35900, 1817798, 1, 0, 0
36001, 1818217, 1, 0, 0
36100, 1774517, 1, 0, 0
36201, 2092493, 1, 0, 0
36300, 1796630, 1, 0, 0
36401, 1734892, 1, 0, 0
36500, 1676864, 1, 0, 0
36600, 1695682, 1, 0, 0
36700, 1964558, 1, 0, 0
36800, 1818782, 1, 0, 0
36900, 1839065, 1, 0, 0
37000, 1779480, 1, 0, 0
37101, 1837618, 1, 0, 0
37201, 1696635, 1, 0, 0
37301, 1963712, 1, 0, 0
37401, 2125563, 1, 0, 0
37501, 2078196, 1, 0, 0
37600, 2142049, 1, 0, 0
37701, 2288306, 1, 0, 0
37800, 2255545, 1, 0, 0
37901, 2580198, 1, 0, 0
38000, 1948611, 1, 0, 0
38100, 1807393, 1, 0, 0
38201, 1656174, 1, 0, 0
38301, 1714749, 1, 0, 0
38401, 1721039, 1, 0, 0
38500, 2213923, 1, 0, 0
38600, 1839271, 1, 0, 0
38700, 2086698, 1, 0, 0
38801, 2096438, 1, 0, 0
38900, 2155445, 1, 0, 0
39000, 2262723, 1, 0, 0
39100, 2181250, 1, 0, 0
39210, 2388202, 1, 0, 0
39300, 2223661, 1, 0, 0
39400, 2274129, 1, 0, 0
39501, 2103388, 1, 0, 0
39600, 2202193, 1, 0, 0
39700, 1611718, 1, 0, 0
39813, 2047065, 1, 0, 0
39900, 1734375, 1, 0, 0
40000, 1699763, 1, 0, 0
40100, 1640385, 1, 0, 0
40200, 1582818, 1, 0, 0
40300, 1724419, 1, 0, 0
40401, 1786368, 1, 0, 0
40500, 1777196, 1, 0, 0
40602, 2123054, 1, 0, 0
40702, 2311715, 1, 0, 0
40801, 2299099, 1, 0, 0
40901, 2266306, 1, 0, 0
41001, 2331445, 1, 0, 0
41101, 2770619, 1, 0, 0
41202, 2737870, 1, 0, 0
41300, 2444117, 1, 0, 0
41400, 2383354, 1, 0, 0
41500, 2545162, 1, 0, 0
41601, 2409141, 1, 0, 0
41701, 2838279, 1, 0, 0
41800, 2025585, 1, 0, 0
41900, 2165427, 1, 0, 0
42000, 2515457, 1, 0, 0
42103, 2553295, 1, 0, 0
42201, 2291364, 1, 0, 0
42314, 2684904, 1, 0, 0
42400, 2310977, 1, 0, 0
42501, 2516942, 1, 0, 0
42603, 2770385, 1, 0, 0
42706, 3674666, 1, 0, 0
42801, 2157895, 1, 0, 0
42900, 2095785, 1, 0, 0
43002, 2160155, 1, 0, 0
43100, 1963078, 1, 0, 0
43201, 2158031, 1, 0, 0
43300, 2591477, 1, 0, 0
43401, 2152575, 1, 0, 0
43501, 2260020, 1, 0, 0
43600, 1860571, 1, 0, 0
43700, 1936492, 1, 0, 0
43801, 2013091, 1, 0, 0
43901, 1909080, 1, 0, 0
44000, 1911619, 1, 0, 0
44101, 1972640, 1, 0, 0
44200, 1900737, 1, 0, 0
44300, 1958190, 1, 0, 0
44401, 2652961, 1, 0, 0
44500, 1974581, 1, 0, 0
44600, 1921359, 1, 0, 0
44702, 1894361, 1, 0, 0
44801, 1936818, 1, 0, 0
44902, 2289663, 1, 0, 0
45001, 1828668, 1, 0, 0
45100, 1904123, 1, 0, 0
45201, 1933044, 1, 0, 0
45300, 1714626, 1, 0, 0
45401, 1741416, 1, 0, 0
45501, 1706544, 1, 0, 0
45600, 1708573, 1, 0, 0
45701, 1768973, 1, 0, 0
45800, 2098723, 1, 0, 0
45901, 2101386, 1, 0, 0
46000, 2109257, 1, 0, 0
46100, 2445270, 1, 0, 0
46201, 2641627, 1, 0, 0
46300, 2104609, 1, 0, 0
46401, 2187897, 1, 0, 0
46501, 2095906, 1, 0, 0
46600, 1818847, 1, 0, 0
46700, 2083141, 1, 0, 0
46801, 1830994, 1, 0, 0
46900, 1774106, 1, 0, 0
47001, 1734123, 1, 0, 0
47101, 1635523, 1, 0, 0
47201, 1714879, 1, 0, 0
47301, 1729560, 1, 0, 0
47400, 1770585, 1, 0, 0
47500, 1803659, 1, 0, 0
47600, 1780643, 1, 0, 0
47700, 1732423, 1, 0, 0
47800, 1750387, 1, 0, 0
47900, 1680997, 1, 0, 0
48000, 1726461, 1, 0, 0
48101, 1838121, 1, 0, 0
48201, 1877494, 1, 0, 0
48301, 2130947, 1, 0, 0
48400, 1855026, 1, 0, 0
48500, 2097820, 1, 0, 0
48600, 2072667, 1, 0, 0
48700, 2265858, 1, 0, 0
48800, 2266479, 1, 0, 0
48901, 2359757, 1, 0, 0
49000, 2185524, 1, 0, 0
49102, 3192194, 1, 0, 0
49200, 2138739, 1, 0, 0
49301, 2094755, 1, 0, 0
49400, 2156653, 1, 0, 0
49500, 2159080, 1, 0, 0
49602, 2167325, 1, 0, 0
49700, 2040040, 1, 0, 0
49802, 2539813, 1, 0, 0
49900, 2393253, 1, 0, 0
50000, 2626630, 1, 0, 0
50101, 2399650, 1, 0, 0
50200, 2241858, 1, 0, 0
50301, 2152985, 1, 0, 0
50403, 2605014, 1, 0, 0
50501, 2285851, 1, 0, 0
50600, 2421323, 1, 0, 0
50701, 2231383, 1, 0, 0
50801, 2271217, 1, 0, 0
50901, 2367232, 1, 0, 0
51000, 2603306, 1, 0, 0
51101, 2471531, 1, 0, 0
51201, 2788535, 1, 0, 0
51302, 2389048, 1, 0, 0
51401, 2412635, 1, 0, 0
51501, 2386573, 1, 0, 0
51601, 2320235, 1, 0, 0
51702, 2235250, 1, 0, 0
51802, 2858619, 1, 0, 0
51901, 2663468, 1, 0, 0
52001, 2637562, 1, 0, 0
52100, 2541961, 1, 0, 0
52201, 2289591, 1, 0, 0
52301, 2256240, 1, 0, 0
52400, 2694538, 1, 0, 0
52500, 2206746, 1, 0, 0
52602, 2117137, 1, 0, 0
52701, 2063778, 1, 0, 0
52800, 1802500, 1, 0, 0
52900, 1786826, 1, 0, 0
53000, 1812240, 1, 0, 0
53101, 1972296, 1, 0, 0
53200, 1710718, 1, 0, 0
53300, 1749714, 1, 0, 0
53400, 1692096, 1, 0, 0
53500, 2026401, 1, 0, 0
53601, 1981089, 1, 0, 0
53702, 2161346, 1, 0, 0
53806, 2522213, 1, 0, 0
53902, 2276428, 1, 0, 0
54000, 2444310, 1, 0, 0
54100, 2639891, 1, 0, 0
54201, 2592632, 1, 0, 0
54301, 2480395, 1, 0, 0
54401, 2567173, 1, 0, 0
54502, 2458101, 1, 0, 0
54600, 2389222, 1, 0, 0
54700, 2374345, 1, 0, 0
54800, 2718806, 1, 0, 0
54901, 2886389, 1, 0, 0
55000, 2824628, 1, 0, 0
55102, 2404389, 1, 0, 0
55201, 2614251, 1, 0, 0
55301, 2215378, 1, 0, 0
55401, 2180272, 1, 0, 0
55501, 1912728, 1, 0, 0
55601, 1997942, 1, 0, 0
55700, 2206942, 1, 0, 0
55801, 2289954, 1, 0, 0
55902, 2292323, 1, 0, 0
56002, 2315873, 1, 0, 0
56101, 2355329, 1, 0, 0
56202, 2249441, 1, 0, 0
56302, 2420191, 1, 0, 0
56401, 2163712, 1, 0, 0
56500, 2594715, 1, 0, 0
56601, 1796058, 1, 0, 0
56701, 1724327, 1, 0, 0
56801, 2076505, 1, 0, 0
56901, 1820301, 1, 0, 0
57001, 1814251, 1, 0, 0
57101, 1754053, 1, 0, 0
57200, 1764256, 1, 0, 0
57300, 1808324, 1, 0, 0
57400, 1730899, 1, 0, 0
57500, 1876772, 1, 0, 0
57601, 2143963, 1, 0, 0
57700, 2066300, 1, 0, 0
57800, 2228473, 1, 0, 0
57902, 2104617, 1, 0, 0
58000, 2127249, 1, 0, 0
58101, 2153560, 1, 0, 0
58200, 2295320, 1, 0, 0
58303, 2183806, 1, 0, 0
58401, 2276646, 1, 0, 0
58500, 2255414, 1, 0, 0
58600, 2216082, 1, 0, 0
58700, 2216423, 1, 0, 0
58802, 2425455, 1, 0, 0
58901, 2247922, 1, 0, 0
59001, 2009520, 1, 0, 0
59100, 2460332, 1, 0, 0
59201, 1733750, 1, 0, 0
59301, 1609957, 1, 0, 0
59400, 2067625, 1, 0, 0
59501, 1674688, 1, 0, 0
59600, 1711358, 1, 0, 0
59701, 1770510, 1, 0, 0
59800, 1764463, 1, 0, 0
59900, 2042765, 1, 0, 0
60001, 1731072, 1, 0, 0
