100, 4569588, 0, 0, 0
200, 4028386, 0, 0, 0
300, 4751493, 0, 0, 0
400, 4813096, 0, 0, 0
500, 3586064, 0, 0, 0
600, 5275321, 0, 0, 0
700, 3766103, 0, 0, 0
800, 5562317, 0, 0, 0
900, 7032929, 0, 0, 0
1000, 5521750, 0, 0, 0
1100, 3917222, 0, 0, 0
1200, 5376898, 0, 0, 0
1300, 5030059, 0, 0, 0
1400, 4647074, 0, 0, 0
1500, 5405931, 0, 0, 0
1600, 5267344, 0, 0, 0
1700, 4386746, 0, 0, 0
1800, 6353296, 0, 0, 0
1900, 5241742, 0, 0, 0
2000, 6138044, 0, 0, 0
2100, 4550429, 0, 0, 0
2200, 5769606, 0, 0, 0
2300, 4345151, 0, 0, 0
2400, 4986209, 0, 0, 0
2500, 4983596, 0, 0, 0
2600, 5018449, 0, 0, 0
2700, 5483746, 0, 0, 0
2800, 4667008, 0, 0, 0
2900, 4131112, 0, 0, 0
3000, 5060088, 0, 0, 0
3100, 5089042, 0, 0, 0
3200, 5270536, 0, 0, 0
3300, 5453043, 0, 0, 0
3400, 4476155, 0, 0, 0
3500, 4054915, 0, 0, 0
3600, 4795069, 0, 0, 0
3700, 5112685, 0, 0, 0
3800, 5362028, 0, 0, 0
3900, 4718945, 0, 0, 0
4000, 4341450, 0, 0, 0
4100, 4657555, 0, 0, 0
4200, 5161206, 0, 0, 0
4300, 4585636, 0, 0, 0
4400, 5383793, 0, 0, 0
4500, 4681737, 0, 0, 0
4600, 4204616, 0, 0, 0
4700, 4858714, 0, 0, 0
4800, 4863149, 0, 0, 0
4900, 5174548, 0, 0, 0
5000, 5538154, 0, 0, 0
5100, 4789475, 0, 0, 0
5200, 5130637, 0, 0, 0
5300, 4330206, 0, 0, 0
5400, 4933308, 0, 0, 0
5500, 4617174, 0, 0, 0
5600, 5073348, 0, 0, 0
5700, 4711906, 0, 0, 0
5800, 6491907, 0, 0, 0
5900, 5219327, 0, 0, 0
6000, 4651780, 0, 0, 0
6100, 5655664, 0, 0, 0
6200, 4606108, 0, 0, 0
6300, 4473288, 0, 0, 0
6400, 4798625, 0, 0, 0
6500, 4688417, 0, 0, 0
6600, 4813005, 0, 0, 0
6700, 5266577, 0, 0, 0
6800, 4540997, 0, 0, 0
6900, 4929913, 0, 0, 0
7000, 4879149, 0, 0, 0
7100, 4479347, 0, 0, 0
7200, 5723813, 0, 0, 0
7300, 4896542, 0, 0, 0
7400, 4529332, 0, 0, 0
7500, 5603283, 0, 0, 0
7600, 5924571, 0, 0, 0
7700, 4054036, 0, 0, 0
7800, 4836408, 0, 0, 0
7900, 6824694, 0, 0, 0
8000, 6481019, 0, 0, 0
8100, 5517493, 0, 0, 0
8200, 5118834, 0, 0, 0
8300, 4315031, 0, 0, 0
8400, 4362778, 0, 0, 0
8500, 4447609, 0, 0, 0
8600, 4743993, 0, 0, 0
8700, 5116032, 0, 0, 0
8800, 5091015, 0, 0, 0
8900, 5000558, 0, 0, 0
9000, 4621917, 0, 0, 0
9100, 4125263, 0, 0, 0
9200, 5646130, 0, 0, 0
9300, 6177503, 0, 0, 0
9400, 5600064, 0, 0, 0
9500, 5196723, 0, 0, 0
9600, 4873534, 0, 0, 0
9700, 5575854, 0, 0, 0
9800, 4544085, 0, 0, 0
9900, 6220711, 0, 0, 0
10000, 5281638, 0, 0, 0
10100, 4814444, 0, 0, 0
10200, 4580488, 0, 0, 0
10300, 4702784, 0, 0, 0
10400, 6185160, 0, 0, 0
10500, 4263149, 0, 0, 0
10600, 5460978, 0, 0, 0
10700, 5133881, 0, 0, 0
10800, 4152034, 0, 0, 0
10900, 5146277, 0, 0, 0
11000, 5301246, 0, 0, 0
11100, 4544557, 0, 0, 0
11200, 6008700, 0, 0, 0
11300, 5526220, 0, 0, 0
11400, 6548665, 0, 0, 0
11500, 4411664, 0, 0, 0
11600, 4365067, 0, 0, 0
11700, 5397580, 0, 0, 0
11800, 4547253, 0, 0, 0
11900, 5048036, 0, 0, 0
12000, 4486507, 0, 0, 0
12100, 4328026, 0, 0, 0
12200, 6599000, 0, 0, 0
12300, 4637133, 0, 0, 0
12400, 5766604, 0, 0, 0
12500, 5147823, 0, 0, 0
12600, 3430084, 0, 0, 0
12700, 5128208, 0, 0, 0
12800, 4578448, 0, 0, 0
12900, 4565118, 0, 0, 0
13000, 5858298, 0, 0, 0
13100, 3877885, 0, 0, 0
13200, 4839688, 0, 0, 0
13300, 5798057, 0, 0, 0
13400, 4973396, 0, 0, 0
13500, 5240684, 0, 0, 0
13600, 4517260, 0, 0, 0
13700, 5126543, 0, 0, 0
13800, 4865596, 0, 0, 0
13900, 5237954, 0, 0, 0
14000, 5957867, 0, 0, 0
14100, 5354882, 0, 0, 0
14200, 5369017, 0, 0, 0
14300, 5216638, 0, 0, 0
14400, 4738702, 0, 0, 0
14500, 4528327, 0, 0, 0
14600, 4451894, 0, 0, 0
14700, 4333654, 0, 0, 0
14800, 4282603, 0, 0, 0
14900, 4731308, 0, 0, 0
15000, 4344535, 0, 0, 0
15100, 5320082, 0, 0, 0
15200, 5906774, 0, 0, 0
15300, 5344186, 0, 0, 0
15400, 4679465, 0, 0, 0
15500, 4822880, 0, 0, 0
15600, 5689661, 0, 0, 0
15700, 4583709, 0, 0, 0
15800, 5034912, 0, 0, 0
15900, 5597876, 0, 0, 0
16000, 5856902, 0, 0, 0
16100, 5171411, 0, 0, 0
16200, 5482416, 0, 0, 0
16300, 4916060, 0, 0, 0
16400, 4758212, 0, 0, 0
16500, 5762916, 0, 0, 0
16600, 4897450, 0, 0, 0
16700, 5117685, 0, 0, 0
16800, 4957877, 0, 0, 0
16900, 5471854, 0, 0, 0
17000, 5530829, 0, 0, 0
17100, 5440066, 0, 0, 0
17200, 5455092, 0, 0, 0
17300, 5976896, 0, 0, 0
17400, 5877240, 0, 0, 0
17500, 4480513, 0, 0, 0
17600, 5518524, 0, 0, 0
17700, 5262229, 0, 0, 0
17800, 4454054, 0, 0, 0
17900, 5292700, 0, 0, 0
18000, 5400477, 0, 0, 0
18100, 5594892, 0, 0, 0
18200, 4382214, 0, 0, 0
18300, 6337529, 0, 0, 0
18400, 4331200, 0, 0, 0
18500, 4269124, 0, 0, 0
18600, 6362907, 0, 0, 0
18700, 5060166, 0, 0, 0
18800, 4592098, 0, 0, 0
18900, 3990294, 0, 0, 0
19000, 6003738, 0, 0, 0
19100, 4450340, 0, 0, 0
19200, 5157888, 0, 0, 0
19300, 3940156, 0, 0, 0
19400, 5176421, 0, 0, 0
19500, 6105024, 0, 0, 0
19600, 3948509, 0, 0, 0
19700, 5177119, 0, 0, 0
19800, 4716790, 0, 0, 0
19900, 4138960, 0, 0, 0
20000, 5535393, 0, 0, 0
20100, 5652137, 0, 0, 0
20200, 4722576, 0, 0, 0
20300, 5636586, 0, 0, 0
20406, 6436787, 0, 0, 0
20500, 7096277, 0, 0, 0
20600, 4690711, 0, 0, 0
20700, 4974296, 0, 0, 0
20800, 5313461, 0, 0, 0
20900, 4621581, 0, 0, 0
21000, 4855315, 0, 0, 0
21100, 5421830, 0, 0, 0
21200, 5221548, 0, 0, 0
21300, 6076550, 0, 0, 0
21400, 5664326, 0, 0, 0
21500, 5282716, 0, 0, 0
21600, 5184079, 0, 0, 0
21700, 4621084, 0, 0, 0
21800, 4553575, 0, 0, 0
21900, 5158113, 0, 0, 0
22000, 4946861, 0, 0, 0
22100, 5168640, 0, 0, 0
22200, 5070245, 0, 0, 0
22300, 4925362, 0, 0, 0
22400, 4814632, 0, 0, 0
22500, 5426542, 0, 0, 0
22600, 5210710, 0, 0, 0
22700, 5361635, 0, 0, 0
22800, 5394166, 0, 0, 0
22900, 7030913, 0, 0, 0
23000, 5282030, 0, 0, 0
23100, 4970948, 0, 0, 0
23200, 5292154, 0, 0, 0
23300, 5312751, 0, 0, 0
23400, 5272579, 0, 0, 0
23500, 4622250, 0, 0, 0
23600, 4179494, 0, 0, 0
23700, 4448967, 0, 0, 0
23800, 4265077, 0, 0, 0
23900, 5301916, 0, 0, 0
24000, 6127062, 0, 0, 0
24100, 6280540, 0, 0, 0
24200, 5458079, 0, 0, 0
24300, 6018314, 0, 0, 0
24400, 4959817, 0, 0, 0
24500, 4988174, 0, 0, 0
24600, 5107563, 0, 0, 0
24700, 5014553, 0, 0, 0
24800, 5631306, 0, 0, 0
24901, 5106009, 0, 0, 0
25000, 6743586, 0, 0, 0
25100, 5046330, 0, 0, 0
25200, 5014336, 0, 0, 0
25300, 7030757, 0, 0, 0
25400, 4584080, 0, 0, 0
25500, 5721048, 0, 0, 0
25600, 6117387, 0, 0, 0
25700, 6521914, 0, 0, 0
25800, 5832658, 0, 0, 0
25900, 4884587, 0, 0, 0
26000, 5874313, 0, 0, 0
26100, 4476811, 0, 0, 0
26200, 5488347, 0, 0, 0
26300, 4950303, 0, 0, 0
26400, 5743722, 0, 0, 0
26500, 4890981, 0, 0, 0
26600, 5135122, 0, 0, 0
26700, 5590738, 0, 0, 0
26800, 5124324, 0, 0, 0
26900, 4680710, 0, 0, 0
27000, 5225115, 0, 0, 0
27100, 5518746, 0, 0, 0
27200, 4293865, 0, 0, 0
27300, 4487703, 0, 0, 0
27400, 4036268, 0, 0, 0
27500, 6129255, 0, 0, 0
27600, 5822643, 0, 0, 0
27700, 5134008, 0, 0, 0
27800, 5393681, 0, 0, 0
27900, 4282249, 0, 0, 0
28000, 4424075, 0, 0, 0
28100, 5448129, 0, 0, 0
28200, 5662495, 0, 0, 0
28300, 5138702, 0, 0, 0
28400, 5028032, 0, 0, 0
28500, 5258833, 0, 0, 0
28600, 5493467, 0, 0, 0
28700, 5071434, 0, 0, 0
28800, 5952378, 0, 0, 0
28900, 5631449, 0, 0, 0
29000, 5644635, 0, 0, 0
29100, 5375573, 0, 0, 0
29200, 5624859, 0, 0, 0
29300, 5297051, 0, 0, 0
29400, 5207259, 0, 0, 0
29500, 7559967, 0, 0, 0
29600, 4675457, 0, 0, 0
29700, 4097243, 0, 0, 0
29800, 5418218, 0, 0, 0
29900, 6337582, 0, 0, 0
30000, 5911194, 0, 0, 0
30100, 4343660, 0, 0, 0
30200, 4685108, 0, 0, 0
30300, 6913853, 0, 0, 0
30400, 4924134, 0, 0, 0
30500, 4805480, 0, 0, 0
30600, 5518291, 0, 0, 0
30700, 4524453, 0, 0, 0
30800, 5072820, 0, 0, 0
30900, 5765408, 0, 0, 0
31000, 8126110, 0, 0, 0
31100, 4423041, 0, 0, 0
31200, 4176496, 0, 0, 0
31300, 4735229, 0, 0, 0
31400, 5689291, 0, 0, 0
31500, 4926382, 0, 0, 0
31600, 4755530, 0, 0, 0
31700, 7959024, 0, 0, 0
31800, 4692731, 0, 0, 0
31900, 4677524, 0, 0, 0
32000, 6220316, 0, 0, 0
32105, 5031129, 0, 0, 0
32200, 6547446, 0, 0, 0
32300, 9698868, 0, 0, 0
32400, 5645673, 0, 0, 0
32500, 4940987, 0, 0, 0
32600, 5114780, 0, 0, 0
32700, 4655064, 0, 0, 0
32800, 5462625, 0, 0, 0
32900, 5734302, 0, 0, 0
33000, 5700910, 0, 0, 0
33100, 4989326, 0, 0, 0
33200, 5771966, 0, 0, 0
33300, 5539164, 0, 0, 0
33400, 5820055, 0, 0, 0
33500, 4781517, 0, 0, 0
33600, 4660661, 0, 0, 0
33700, 5274014, 0, 0, 0
33800, 4936802, 0, 0, 0
33900, 6622424, 0, 0, 0
34000, 4220563, 0, 0, 0
34100, 5548844, 0, 0, 0
34200, 5573103, 0, 0, 0
34300, 4979903, 0, 0, 0
34400, 5323765, 0, 0, 0
34500, 5428614, 0, 0, 0
34600, 5243451, 0, 0, 0
34700, 5250545, 0, 0, 0
34800, 5369796, 0, 0, 0
34900, 5516929, 0, 0, 0
35000, 6148728, 0, 0, 0
35100, 5627894, 0, 0, 0
35200, 4881577, 0, 0, 0
35300, 5780729, 0, 0, 0
35400, 5323345, 0, 0, 0
35500, 5433710, 0, 0, 0
35600, 4962976, 0, 0, 0
35700, 6915502, 0, 0, 0
35800, 4860657, 0, 0, 0
35900, 5519299, 0, 0, 0
36000, 4915610, 0, 0, 0
36100, 7007274, 0, 0, 0
36200, 4225454, 0, 0, 0
36300, 4927550, 0, 0, 0
36400, 5991742, 0, 0, 0
36500, 4416662, 0, 0, 0
36600, 4992896, 0, 0, 0
36700, 4423901, 0, 0, 0
36800, 4577792, 0, 0, 0
36900, 5439382, 0, 0, 0
37000, 5186456, 0, 0, 0
37100, 4603598, 0, 0, 0
37200, 4371801, 0, 0, 0
37300, 6188928, 0, 0, 0
37400, 7678200, 0, 0, 0
37500, 5139911, 0, 0, 0
37600, 6192077, 0, 0, 0
37700, 6007251, 0, 0, 0
37800, 4832961, 0, 0, 0
37900, 4868199, 0, 0, 0
38000, 5715973, 0, 0, 0
38100, 7037634, 0, 0, 0
38200, 5512892, 0, 0, 0
38300, 4818074, 0, 0, 0
38400, 6177588, 0, 0, 0
38500, 5162094, 0, 0, 0
38600, 5201203, 0, 0, 0
38700, 6067611, 0, 0, 0
38800, 5092262, 0, 0, 0
38901, 4649396, 0, 0, 0
39000, 5824396, 0, 0, 0
39100, 5642829, 0, 0, 0
39200, 4695846, 0, 0, 0
39300, 5417041, 0, 0, 0
39400, 5216072, 0, 0, 0
39500, 5595807, 0, 0, 0
39600, 5620427, 0, 0, 0
39700, 6109073, 0, 0, 0
39800, 6035462, 0, 0, 0
39900, 6286369, 0, 0, 0
40000, 4434897, 0, 0, 0
40100, 5055514, 0, 0, 0
40200, 5132832, 0, 0, 0
40300, 5281758, 0, 0, 0
40400, 5389015, 0, 0, 0
40500, 5737115, 0, 0, 0
40600, 5070903, 0, 0, 0
40700, 5264062, 0, 0, 0
40800, 5124083, 0, 0, 0
40900, 4770982, 0, 0, 0
41000, 4861191, 0, 0, 0
41100, 4753779, 0, 0, 0
41200, 5257272, 0, 0, 0
41300, 5151781, 0, 0, 0
41400, 5366392, 0, 0, 0
41500, 4518906, 0, 0, 0
41600, 4898216, 0, 0, 0
41700, 5448809, 0, 0, 0
41800, 5302970, 0, 0, 0
41900, 5219573, 0, 0, 0
42000, 5158171, 0, 0, 0
42101, 4799120, 0, 0, 0
42200, 5001971, 0, 0, 0
42300, 4800383, 0, 0, 0
42400, 5257619, 0, 0, 0
42500, 5165814, 0, 0, 0
42600, 5558675, 0, 0, 0
42700, 5297804, 0, 0, 0
42800, 5208522, 0, 0, 0
42900, 5248088, 0, 0, 0
43000, 4522750, 0, 0, 0
43100, 4804281, 0, 0, 0
43200, 5695473, 0, 0, 0
43300, 5516702, 0, 0, 0
43400, 5148682, 0, 0, 0
43500, 4645048, 0, 0, 0
43600, 4652440, 0, 0, 0
43700, 6438559, 0, 0, 0
43800, 5450992, 0, 0, 0
43900, 5863142, 0, 0, 0
44000, 5832504, 0, 0, 0
44100, 4992560, 0, 0, 0
44200, 5230237, 0, 0, 0
44300, 4966941, 0, 0, 0
44400, 5237843, 0, 0, 0
44500, 5586867, 0, 0, 0
44600, 4598870, 0, 0, 0
44700, 5787870, 0, 0, 0
44800, 6149841, 0, 0, 0
44900, 6732314, 0, 0, 0
45000, 6427752, 0, 0, 0
45100, 5129899, 0, 0, 0
45200, 5361871, 0, 0, 0
45300, 4684184, 0, 0, 0
45400, 4653986, 0, 0, 0
45500, 5529655, 0, 0, 0
45600, 4891021, 0, 0, 0
45700, 6226198, 0, 0, 0
45800, 5557060, 0, 0, 0
45900, 5504784, 0, 0, 0
46000, 4805374, 0, 0, 0
46100, 6012747, 0, 0, 0
46200, 5367308, 0, 0, 0
46300, 4111480, 0, 0, 0
46400, 5748200, 0, 0, 0
46500, 5807754, 0, 0, 0
46600, 5662200, 0, 0, 0
46700, 4831936, 0, 0, 0
46800, 5437698, 0, 0, 0
46900, 4521287, 0, 0, 0
47000, 5310508, 0, 0, 0
47100, 5955627, 0, 0, 0
47200, 5924151, 0, 0, 0
47300, 5357384, 0, 0, 0
47400, 5506190, 0, 0, 0
47500, 4942330, 0, 0, 0
47600, 5244056, 0, 0, 0
47700, 5421900, 0, 0, 0
47800, 5329773, 0, 0, 0
47900, 5660741, 0, 0, 0
48000, 4953343, 0, 0, 0
48100, 5905351, 0, 0, 0
48200, 5053659, 0, 0, 0
48300, 5734815, 0, 0, 0
48400, 5099549, 0, 0, 0
48500, 5193869, 0, 0, 0
48600, 5390264, 0, 0, 0
48700, 4920758, 0, 0, 0
48800, 5107524, 0, 0, 0
48900, 4868050, 0, 0, 0
49000, 5107380, 0, 0, 0
49100, 5487831, 0, 0, 0
49200, 4526992, 0, 0, 0
49300, 5079712, 0, 0, 0
49400, 5073274, 0, 0, 0
49500, 5582001, 0, 0, 0
49600, 5528986, 0, 0, 0
49700, 5785134, 0, 0, 0
49800, 5783613, 0, 0, 0
49900, 5027255, 0, 0, 0
50000, 4572636, 0, 0, 0
50100, 5357943, 0, 0, 0
50200, 4542726, 0, 0, 0
50300, 5836539, 0, 0, 0
50400, 5310115, 0, 0, 0
50500, 5871348, 0, 0, 0
50600, 5310470, 0, 0, 0
50700, 5526320, 0, 0, 0
50800, 4573611, 0, 0, 0
50900, 5277586, 0, 0, 0
51000, 5396392, 0, 0, 0
51100, 5009683, 0, 0, 0
51200, 4725322, 0, 0, 0
51300, 4625550, 0, 0, 0
51400, 5066080, 0, 0, 0
51500, 5014408, 0, 0, 0
51600, 5566303, 0, 0, 0
51700, 5353797, 0, 0, 0
51800, 5329022, 0, 0, 0
51900, 5119423, 0, 0, 0
52000, 5639931, 0, 0, 0
52100, 5123222, 0, 0, 0
52200, 5520691, 0, 0, 0
52300, 6217273, 0, 0, 0
52400, 4829177, 0, 0, 0
52500, 4611951, 0, 0, 0
52600, 4584331, 0, 0, 0
52700, 5318379, 0, 0, 0
52800, 5859785, 0, 0, 0
52900, 5110816, 0, 0, 0
53000, 5215786, 0, 0, 0
53100, 5345633, 0, 0, 0
53200, 5450571, 0, 0, 0
53300, 5101934, 0, 0, 0
53400, 4443683, 0, 0, 0
53500, 5492467, 0, 0, 0
53600, 5921531, 0, 0, 0
53700, 5014370, 0, 0, 0
53800, 5480707, 0, 0, 0
53900, 5168786, 0, 0, 0
54000, 5833476, 0, 0, 0
54100, 6445674, 0, 0, 0
54200, 5743494, 0, 0, 0
54300, 5819758, 0, 0, 0
54400, 4408553, 0, 0, 0
54500, 5590420, 0, 0, 0
54600, 4882478, 0, 0, 0
54700, 5127623, 0, 0, 0
54800, 4559241, 0, 0, 0
54900, 4599968, 0, 0, 0
55000, 5445647, 0, 0, 0
55100, 5462903, 0, 0, 0
55200, 5170297, 0, 0, 0
55300, 5555353, 0, 0, 0
55400, 5114553, 0, 0, 0
55500, 5369288, 0, 0, 0
55600, 4918817, 0, 0, 0
55700, 5640720, 0, 0, 0
55800, 4563104, 0, 0, 0
55900, 6797941, 0, 0, 0
56000, 5143748, 0, 0, 0
56100, 5304146, 0, 0, 0
56200, 5771441, 0, 0, 0
56300, 4952462, 0, 0, 0
56400, 5584840, 0, 0, 0
56500, 5557013, 0, 0, 0
56600, 5844517, 0, 0, 0
56700, 5877757, 0, 0, 0
56800, 5344486, 0, 0, 0
56900, 4635912, 0, 0, 0
57000, 5158224, 0, 0, 0
57100, 5648178, 0, 0, 0
57200, 5755725, 0, 0, 0
57300, 4759373, 0, 0, 0
57400, 4775246, 0, 0, 0
57500, 4988013, 0, 0, 0
57600, 4643919, 0, 0, 0
57700, 5364814, 0, 0, 0
57800, 4832016, 0, 0, 0
57900, 5061596, 0, 0, 0
58000, 5778953, 0, 0, 0
58100, 5103739, 0, 0, 0
58200, 4090544, 0, 0, 0
58300, 5069882, 0, 0, 0
58400, 5553678, 0, 0, 0
58500, 5612601, 0, 0, 0
58600, 4219117, 0, 0, 0
58700, 5074872, 0, 0, 0
58800, 5620482, 0, 0, 0
58900, 5302858, 0, 0, 0
59000, 4934872, 0, 0, 0
59100, 4858618, 0, 0, 0
59200, 5446705, 0, 0, 0
59300, 4258062, 0, 0, 0
59400, 4686912, 0, 0, 0
59500, 4873221, 0, 0, 0
59600, 4711347, 0, 0, 0
59700, 5527012, 0, 0, 0
59800, 5811569, 0, 0, 0
59900, 5947460, 0, 0, 0
60000, 4989188, 0, 0, 0
60026, 40990343, 0, 0, 0
