250, 9792, 1, 0, 0
350, 14080, 1, 0, 0
450, 15200, 1, 0, 0
550, 13120, 1, 0, 0
650, 14400, 1, 0, 0
749, 15676, 1, 0, 0
849, 13280, 1, 0, 0
949, 12480, 1, 0, 0
1050, 15200, 1, 0, 0
1150, 15520, 1, 0, 0
1249, 14222, 1, 0, 0
1349, 14080, 1, 0, 0
1449, 14240, 1, 0, 0
1549, 11040, 1, 0, 0
1649, 15840, 1, 0, 0
1749, 13600, 1, 0, 0
1849, 11360, 1, 0, 0
1949, 10720, 1, 0, 0
2049, 10240, 1, 0, 0
2150, 13440, 1, 0, 0
2249, 11797, 1, 0, 0
2349, 14080, 1, 0, 0
2449, 14720, 1, 0, 0
2549, 12160, 1, 0, 0
2649, 10400, 1, 0, 0
2749, 11360, 1, 0, 0
2849, 10560, 1, 0, 0
2949, 11840, 1, 0, 0
3049, 10400, 1, 0, 0
3149, 13120, 1, 0, 0
3250, 13440, 1, 0, 0
3350, 12160, 1, 0, 0
3450, 9920, 1, 0, 0
3550, 9440, 1, 0, 0
3650, 8320, 1, 0, 0
3749, 7272, 1, 0, 0
3849, 7840, 1, 0, 0
3949, 10080, 1, 0, 0
4049, 9760, 1, 0, 0
4150, 9760, 1, 0, 0
4249, 11151, 1, 0, 0
4349, 11040, 1, 0, 0
4449, 14400, 1, 0, 0
4549, 16800, 1, 0, 0
4649, 12800, 1, 0, 0
4749, 10560, 1, 0, 0
4849, 18400, 1, 0, 0
4949, 16480, 1, 0, 0
5050, 15840, 1, 0, 0
5150, 15840, 1, 0, 0
5249, 13898, 1, 0, 0
5349, 15840, 1, 0, 0
5449, 17120, 1, 0, 0
5549, 17760, 1, 0, 0
5649, 16960, 1, 0, 0
5749, 15040, 1, 0, 0
5849, 10560, 1, 0, 0
5949, 13920, 1, 0, 0
6050, 11360, 1, 0, 0
6150, 11840, 1, 0, 0
6249, 9696, 1, 0, 0
6349, 9280, 1, 0, 0
6449, 9120, 1, 0, 0
6549, 10240, 1, 0, 0
6649, 12800, 1, 0, 0
6749, 12640, 1, 0, 0
6849, 9440, 1, 0, 0
6949, 8000, 1, 0, 0
7050, 10080, 1, 0, 0
7150, 11360, 1, 0, 0
7249, 12929, 1, 0, 0
7349, 12480, 1, 0, 0
7449, 11680, 1, 0, 0
7549, 14400, 1, 0, 0
7649, 9440, 1, 0, 0
7749, 10240, 1, 0, 0
7849, 8800, 1, 0, 0
7949, 9280, 1, 0, 0
8049, 9280, 1, 0, 0
8149, 8320, 1, 0, 0
8250, 7840, 1, 0, 0
8350, 8000, 1, 0, 0
8450, 9280, 1, 0, 0
8550, 8960, 1, 0, 0
8650, 9440, 1, 0, 0
8749, 9050, 1, 0, 0
8849, 8800, 1, 0, 0
8949, 9920, 1, 0, 0
9049, 10080, 1, 0, 0
9149, 10880, 1, 0, 0
9249, 8800, 1, 0, 0
9349, 10080, 1, 0, 0
9449, 7840, 1, 0, 0
9550, 8960, 1, 0, 0
9650, 9120, 1, 0, 0
9749, 9373, 1, 0, 0
9849, 8640, 1, 0, 0
9949, 8480, 1, 0, 0
10049, 8000, 1, 0, 0
10149, 6720, 1, 0, 0
10249, 8960, 1, 0, 0
10349, 11360, 1, 0, 0
10449, 11520, 1, 0, 0
10549, 8800, 1, 0, 0
10650, 9280, 1, 0, 0
10749, 10020, 1, 0, 0
10849, 10400, 1, 0, 0
10949, 8640, 1, 0, 0
11049, 9120, 1, 0, 0
11149, 15200, 1, 0, 0
11249, 18400, 1, 0, 0
11349, 17920, 1, 0, 0
11449, 19040, 1, 0, 0
11549, 16480, 1, 0, 0
11650, 14080, 1, 0, 0
11749, 16646, 1, 0, 0
11849, 16960, 1, 0, 0
11949, 17280, 1, 0, 0
12049, 13440, 1, 0, 0
12149, 16800, 1, 0, 0
12249, 17600, 1, 0, 0
12349, 14720, 1, 0, 0
12449, 13920, 1, 0, 0
12550, 11040, 1, 0, 0
12650, 11360, 1, 0, 0
12749, 13252, 1, 0, 0
12849, 9120, 1, 0, 0
12949, 9440, 1, 0, 0
13049, 9280, 1, 0, 0
13149, 10880, 1, 0, 0
13249, 9440, 1, 0, 0
13349, 9280, 1, 0, 0
13449, 9920, 1, 0, 0
13549, 9280, 1, 0, 0
13650, 9760, 1, 0, 0
13749, 10181, 1, 0, 0
13849, 11200, 1, 0, 0
13949, 8960, 1, 0, 0
14049, 9120, 1, 0, 0
14149, 11360, 1, 0, 0
14249, 16960, 1, 0, 0
14349, 17760, 1, 0, 0
14449, 15040, 1, 0, 0
14549, 14080, 1, 0, 0
14649, 12960, 1, 0, 0
14750, 13600, 1, 0, 0
14850, 14240, 1, 0, 0
14950, 12160, 1, 0, 0
15050, 12480, 1, 0, 0
15150, 13920, 1, 0, 0
15249, 14060, 1, 0, 0
15349, 14880, 1, 0, 0
15449, 14240, 1, 0, 0
15549, 15520, 1, 0, 0
15649, 13440, 1, 0, 0
15749, 13600, 1, 0, 0
15850, 14240, 1, 0, 0
15950, 15680, 1, 0, 0
16050, 16000, 1, 0, 0
16150, 18560, 1, 0, 0
16249, 18101, 1, 0, 0
16349, 16960, 1, 0, 0
16449, 16320, 1, 0, 0
16549, 16480, 1, 0, 0
16649, 16480, 1, 0, 0
16749, 17440, 1, 0, 0
16849, 17280, 1, 0, 0
16950, 17280, 1, 0, 0
17050, 17120, 1, 0, 0
17150, 16640, 1, 0, 0
17249, 14545, 1, 0, 0
17349, 17760, 1, 0, 0
17449, 16640, 1, 0, 0
17549, 19680, 1, 0, 0
17649, 17600, 1, 0, 0
17749, 20480, 1, 0, 0
17849, 17920, 1, 0, 0
17950, 14560, 1, 0, 0
18050, 15360, 1, 0, 0
18150, 14720, 1, 0, 0
18249, 16323, 1, 0, 0
18349, 13600, 1, 0, 0
18449, 18080, 1, 0, 0
18549, 14720, 1, 0, 0
18649, 12800, 1, 0, 0
18749, 18720, 1, 0, 0
18849, 19520, 1, 0, 0
18950, 16800, 1, 0, 0
19050, 18720, 1, 0, 0
19150, 17280, 1, 0, 0
19249, 13414, 1, 0, 0
19349, 12640, 1, 0, 0
19449, 16320, 1, 0, 0
19549, 14720, 1, 0, 0
19649, 12000, 1, 0, 0
19749, 11360, 1, 0, 0
19850, 13760, 1, 0, 0
19950, 13920, 1, 0, 0
20050, 12000, 1, 0, 0
20150, 14720, 1, 0, 0
20249, 14545, 1, 0, 0
20349, 8160, 1, 0, 0
20449, 7200, 1, 0, 0
20549, 8160, 1, 0, 0
20649, 8160, 1, 0, 0
20749, 10400, 1, 0, 0
20849, 13120, 1, 0, 0
20950, 10080, 1, 0, 0
21050, 15680, 1, 0, 0
21150, 15680, 1, 0, 0
21249, 14868, 1, 0, 0
21349, 18400, 1, 0, 0
21449, 16320, 1, 0, 0
21549, 18080, 1, 0, 0
21649, 16160, 1, 0, 0
21749, 8640, 1, 0, 0
21850, 9120, 1, 0, 0
21950, 9760, 1, 0, 0
22050, 8480, 1, 0, 0
22150, 9440, 1, 0, 0
22249, 9858, 1, 0, 0
22349, 10240, 1, 0, 0
22449, 11520, 1, 0, 0
22549, 12000, 1, 0, 0
22649, 9760, 1, 0, 0
22749, 10720, 1, 0, 0
22849, 11680, 1, 0, 0
22949, 10560, 1, 0, 0
23050, 12000, 1, 0, 0
23150, 11520, 1, 0, 0
23249, 15030, 1, 0, 0
23349, 13600, 1, 0, 0
23449, 11040, 1, 0, 0
23549, 13120, 1, 0, 0
23649, 10880, 1, 0, 0
23749, 10080, 1, 0, 0
23849, 15360, 1, 0, 0
23949, 16960, 1, 0, 0
24050, 13280, 1, 0, 0
24150, 7360, 1, 0, 0
24249, 9535, 1, 0, 0
24349, 10560, 1, 0, 0
24449, 8160, 1, 0, 0
24549, 9280, 1, 0, 0
24649, 9600, 1, 0, 0
24749, 9600, 1, 0, 0
24849, 9440, 1, 0, 0
24949, 10080, 1, 0, 0
25050, 9440, 1, 0, 0
25150, 10240, 1, 0, 0
25249, 10828, 1, 0, 0
25349, 11520, 1, 0, 0
25449, 10400, 1, 0, 0
25549, 12480, 1, 0, 0
25649, 13440, 1, 0, 0
25749, 11680, 1, 0, 0
25849, 10560, 1, 0, 0
25950, 17120, 1, 0, 0
26050, 18240, 1, 0, 0
26150, 17280, 1, 0, 0
26249, 17939, 1, 0, 0
26349, 18560, 1, 0, 0
26449, 17280, 1, 0, 0
26549, 17120, 1, 0, 0
26649, 16000, 1, 0, 0
26750, 17120, 1, 0, 0
26850, 15360, 1, 0, 0
26950, 15840, 1, 0, 0
27050, 15680, 1, 0, 0
27150, 15520, 1, 0, 0
27249, 16646, 1, 0, 0
27349, 17920, 1, 0, 0
27449, 16480, 1, 0, 0
27549, 17760, 1, 0, 0
27649, 12000, 1, 0, 0
27749, 10240, 1, 0, 0
27849, 9440, 1, 0, 0
27949, 8160, 1, 0, 0
28050, 8480, 1, 0, 0
28150, 4320, 1, 0, 0
28249, 4525, 1, 0, 0
28349, 4160, 1, 0, 0
28449, 4160, 1, 0, 0
28549, 4800, 1, 0, 0
28649, 4960, 1, 0, 0
28749, 5120, 1, 0, 0
28849, 3840, 1, 0, 0
28949, 5600, 1, 0, 0
29050, 10240, 1, 0, 0
29150, 11040, 1, 0, 0
29249, 8565, 1, 0, 0
29349, 8640, 1, 0, 0
29449, 7680, 1, 0, 0
29549, 12160, 1, 0, 0
29649, 12480, 1, 0, 0
29749, 12640, 1, 0, 0
29849, 9280, 1, 0, 0
29950, 8320, 1, 0, 0
30050, 10400, 1, 0, 0
30150, 8800, 1, 0, 0
30249, 9373, 1, 0, 0
30349, 11360, 1, 0, 0
30449, 10560, 1, 0, 0
30549, 11040, 1, 0, 0
30649, 10400, 1, 0, 0
30749, 11680, 1, 0, 0
30849, 11040, 1, 0, 0
30950, 11040, 1, 0, 0
31050, 10720, 1, 0, 0
31150, 8320, 1, 0, 0
31249, 15838, 1, 0, 0
31349, 16000, 1, 0, 0
31449, 16160, 1, 0, 0
31549, 11520, 1, 0, 0
31649, 8800, 1, 0, 0
31749, 8000, 1, 0, 0
31849, 6240, 1, 0, 0
31949, 9120, 1, 0, 0
32050, 8320, 1, 0, 0
32150, 8960, 1, 0, 0
32249, 9212, 1, 0, 0
32349, 11040, 1, 0, 0
32449, 11840, 1, 0, 0
32549, 10240, 1, 0, 0
32649, 8800, 1, 0, 0
32749, 9120, 1, 0, 0
32849, 8800, 1, 0, 0
32949, 7680, 1, 0, 0
33050, 8000, 1, 0, 0
33150, 10720, 1, 0, 0
33249, 14868, 1, 0, 0
33349, 15200, 1, 0, 0
33449, 12960, 1, 0, 0
33549, 10880, 1, 0, 0
33649, 11200, 1, 0, 0
33749, 12160, 1, 0, 0
33849, 9280, 1, 0, 0
33949, 8480, 1, 0, 0
34049, 10080, 1, 0, 0
34149, 9600, 1, 0, 0
34250, 10080, 1, 0, 0
34350, 8160, 1, 0, 0
34450, 9120, 1, 0, 0
34550, 12160, 1, 0, 0
34650, 10080, 1, 0, 0
34749, 10020, 1, 0, 0
34849, 10080, 1, 0, 0
34950, 11040, 1, 0, 0
35050, 11200, 1, 0, 0
35150, 10240, 1, 0, 0
35249, 8727, 1, 0, 0
35349, 8640, 1, 0, 0
35449, 10880, 1, 0, 0
35549, 10080, 1, 0, 0
35649, 10080, 1, 0, 0
35749, 9120, 1, 0, 0
35850, 8800, 1, 0, 0
35950, 9440, 1, 0, 0
36050, 10080, 1, 0, 0
36150, 9440, 1, 0, 0
36249, 14060, 1, 0, 0
36349, 15200, 1, 0, 0
36449, 13760, 1, 0, 0
36549, 14720, 1, 0, 0
36649, 16480, 1, 0, 0
36749, 14400, 1, 0, 0
36849, 18560, 1, 0, 0
36950, 17120, 1, 0, 0
37050, 17120, 1, 0, 0
37150, 16800, 1, 0, 0
37249, 17292, 1, 0, 0
37349, 16320, 1, 0, 0
37449, 12000, 1, 0, 0
37549, 13120, 1, 0, 0
37649, 10880, 1, 0, 0
37749, 9280, 1, 0, 0
37849, 12320, 1, 0, 0
37949, 11840, 1, 0, 0
38050, 13120, 1, 0, 0
38150, 12160, 1, 0, 0
38249, 12767, 1, 0, 0
38349, 10560, 1, 0, 0
38449, 12480, 1, 0, 0
38549, 11360, 1, 0, 0
38649, 13600, 1, 0, 0
38749, 12160, 1, 0, 0
38849, 14080, 1, 0, 0
38949, 13280, 1, 0, 0
39050, 12000, 1, 0, 0
39150, 8640, 1, 0, 0
39249, 8888, 1, 0, 0
39349, 7360, 1, 0, 0
39449, 8320, 1, 0, 0
39549, 9280, 1, 0, 0
39649, 8640, 1, 0, 0
39749, 10880, 1, 0, 0
39849, 9280, 1, 0, 0
39949, 9120, 1, 0, 0
40050, 8160, 1, 0, 0
40150, 7040, 1, 0, 0
40249, 10181, 1, 0, 0
40349, 9280, 1, 0, 0
40449, 11360, 1, 0, 0
40549, 10560, 1, 0, 0
40649, 9120, 1, 0, 0
40749, 9440, 1, 0, 0
40849, 9920, 1, 0, 0
40949, 10720, 1, 0, 0
41049, 12160, 1, 0, 0
41150, 12960, 1, 0, 0
41249, 16161, 1, 0, 0
41349, 9920, 1, 0, 0
41449, 8320, 1, 0, 0
41549, 10720, 1, 0, 0
41649, 8480, 1, 0, 0
41749, 9600, 1, 0, 0
41849, 9600, 1, 0, 0
41949, 8480, 1, 0, 0
42049, 8320, 1, 0, 0
42149, 8640, 1, 0, 0
42250, 8480, 1, 0, 0
42350, 10400, 1, 0, 0
42450, 10080, 1, 0, 0
42550, 9760, 1, 0, 0
42650, 9920, 1, 0, 0
42749, 10989, 1, 0, 0
42849, 9120, 1, 0, 0
42949, 10240, 1, 0, 0
43049, 10240, 1, 0, 0
43149, 10560, 1, 0, 0
43249, 10240, 1, 0, 0
43349, 10400, 1, 0, 0
43449, 10400, 1, 0, 0
43550, 9280, 1, 0, 0
43650, 11200, 1, 0, 0
43749, 8404, 1, 0, 0
43849, 8160, 1, 0, 0
43949, 8000, 1, 0, 0
44049, 9760, 1, 0, 0
44149, 11200, 1, 0, 0
44249, 14560, 1, 0, 0
44349, 12480, 1, 0, 0
44449, 12160, 1, 0, 0
44549, 14400, 1, 0, 0
44650, 12640, 1, 0, 0
44749, 14222, 1, 0, 0
44849, 13440, 1, 0, 0
44949, 14080, 1, 0, 0
45049, 16800, 1, 0, 0
45149, 16960, 1, 0, 0
45249, 17920, 1, 0, 0
45349, 16320, 1, 0, 0
45449, 12960, 1, 0, 0
45549, 10560, 1, 0, 0
45650, 13440, 1, 0, 0
45749, 14383, 1, 0, 0
45849, 14240, 1, 0, 0
45949, 15040, 1, 0, 0
46049, 19040, 1, 0, 0
46149, 18720, 1, 0, 0
46249, 18560, 1, 0, 0
46349, 19520, 1, 0, 0
46449, 17440, 1, 0, 0
46550, 16480, 1, 0, 0
46650, 16160, 1, 0, 0
46749, 17292, 1, 0, 0
46849, 16960, 1, 0, 0
46949, 16480, 1, 0, 0
47049, 16160, 1, 0, 0
47149, 17600, 1, 0, 0
47249, 13760, 1, 0, 0
47349, 15520, 1, 0, 0
47449, 15840, 1, 0, 0
47550, 16480, 1, 0, 0
47650, 17280, 1, 0, 0
47749, 18424, 1, 0, 0
47849, 17760, 1, 0, 0
47949, 18720, 1, 0, 0
48049, 18560, 1, 0, 0
48149, 15520, 1, 0, 0
48249, 14080, 1, 0, 0
48349, 19040, 1, 0, 0
48449, 16480, 1, 0, 0
48550, 18720, 1, 0, 0
48650, 17120, 1, 0, 0
48749, 19393, 1, 0, 0
48849, 15840, 1, 0, 0
48949, 16160, 1, 0, 0
49049, 12960, 1, 0, 0
49149, 12800, 1, 0, 0
49249, 10080, 1, 0, 0
49349, 8000, 1, 0, 0
49449, 9920, 1, 0, 0
49549, 10240, 1, 0, 0
49650, 10560, 1, 0, 0
49749, 10666, 1, 0, 0
49849, 11040, 1, 0, 0
49949, 9760, 1, 0, 0
50049, 7680, 1, 0, 0
50149, 7680, 1, 0, 0
50249, 9120, 1, 0, 0
50349, 9600, 1, 0, 0
50449, 10240, 1, 0, 0
50549, 9600, 1, 0, 0
50649, 9920, 1, 0, 0
50749, 8160, 1, 0, 0
50850, 12800, 1, 0, 0
50950, 13760, 1, 0, 0
51050, 13440, 1, 0, 0
51150, 19040, 1, 0, 0
51249, 17292, 1, 0, 0
51349, 15680, 1, 0, 0
51449, 14720, 1, 0, 0
51549, 13760, 1, 0, 0
51649, 12160, 1, 0, 0
51750, 10880, 1, 0, 0
51850, 16640, 1, 0, 0
51950, 13440, 1, 0, 0
52050, 11680, 1, 0, 0
52150, 12160, 1, 0, 0
52249, 12282, 1, 0, 0
52349, 16000, 1, 0, 0
52449, 11040, 1, 0, 0
52549, 9120, 1, 0, 0
52649, 10400, 1, 0, 0
52749, 10240, 1, 0, 0
52850, 9280, 1, 0, 0
52950, 12000, 1, 0, 0
53050, 11200, 1, 0, 0
53150, 10560, 1, 0, 0
53249, 9858, 1, 0, 0
53349, 10880, 1, 0, 0
53449, 8640, 1, 0, 0
53549, 8640, 1, 0, 0
53649, 6880, 1, 0, 0
53749, 9920, 1, 0, 0
53850, 8320, 1, 0, 0
53950, 8800, 1, 0, 0
54050, 8960, 1, 0, 0
54150, 8000, 1, 0, 0
54249, 4525, 1, 0, 0
54349, 6720, 1, 0, 0
54449, 9600, 1, 0, 0
54549, 7520, 1, 0, 0
54649, 9440, 1, 0, 0
54749, 9760, 1, 0, 0
54849, 8320, 1, 0, 0
54949, 8800, 1, 0, 0
55049, 10400, 1, 0, 0
55150, 14080, 1, 0, 0
55250, 19040, 1, 0, 0
55350, 20640, 1, 0, 0
55450, 16800, 1, 0, 0
55550, 16480, 1, 0, 0
55650, 11520, 1, 0, 0
55749, 8888, 1, 0, 0
55849, 9120, 1, 0, 0
55949, 9120, 1, 0, 0
56050, 8640, 1, 0, 0
56150, 9600, 1, 0, 0
56249, 10020, 1, 0, 0
56349, 9920, 1, 0, 0
56449, 9920, 1, 0, 0
56549, 10240, 1, 0, 0
56649, 12800, 1, 0, 0
56750, 14880, 1, 0, 0
56850, 16800, 1, 0, 0
56950, 13920, 1, 0, 0
57050, 15200, 1, 0, 0
57150, 16000, 1, 0, 0
57249, 16161, 1, 0, 0
57349, 16000, 1, 0, 0
57449, 17600, 1, 0, 0
57549, 15520, 1, 0, 0
57649, 16320, 1, 0, 0
57750, 17120, 1, 0, 0
57850, 19040, 1, 0, 0
57950, 13440, 1, 0, 0
58050, 19520, 1, 0, 0
58150, 18400, 1, 0, 0
58249, 17292, 1, 0, 0
58349, 17760, 1, 0, 0
58449, 18080, 1, 0, 0
58549, 16640, 1, 0, 0
58650, 12800, 1, 0, 0
58749, 11636, 1, 0, 0
58849, 11680, 1, 0, 0
58949, 12640, 1, 0, 0
59049, 12960, 1, 0, 0
59149, 10560, 1, 0, 0
59249, 8800, 1, 0, 0
59350, 9600, 1, 0, 0
59450, 9440, 1, 0, 0
59550, 9120, 1, 0, 0
59650, 8640, 1, 0, 0
59749, 8565, 1, 0, 0
59849, 8480, 1, 0, 0
59949, 7840, 1, 0, 0
