101, 3709915, 0, 0, 0
203, 5395654, 0, 0, 0
301, 4412359, 0, 0, 0
400, 3954310, 0, 0, 0
501, 4861361, 0, 0, 0
602, 3833819, 0, 0, 0
701, 4148352, 0, 0, 0
800, 3929088, 0, 0, 0
900, 4892226, 0, 0, 0
1002, 3906711, 0, 0, 0
1101, 4013426, 0, 0, 0
1201, 4019740, 0, 0, 0
1300, 4581470, 0, 0, 0
1400, 3780596, 0, 0, 0
1502, 4734945, 0, 0, 0
1600, 4084476, 0, 0, 0
1701, 3868404, 0, 0, 0
1801, 4814168, 0, 0, 0
1900, 3845526, 0, 0, 0
2000, 3922823, 0, 0, 0
2101, 3971218, 0, 0, 0
2204, 4272876, 0, 0, 0
2301, 3349309, 0, 0, 0
2400, 4594139, 0, 0, 0
2500, 4209004, 0, 0, 0
2601, 3869904, 0, 0, 0
2701, 3536958, 0, 0, 0
2800, 3428368, 0, 0, 0
2900, 4854493, 0, 0, 0
3000, 3770548, 0, 0, 0
3101, 3800400, 0, 0, 0
3202, 4444323, 0, 0, 0
3301, 4284230, 0, 0, 0
3400, 4600310, 0, 0, 0
3500, 3781924, 0, 0, 0
3600, 4157325, 0, 0, 0
3700, 4251541, 0, 0, 0
3800, 3998847, 0, 0, 0
3901, 3731447, 0, 0, 0
4001, 4462474, 0, 0, 0
4100, 3960705, 0, 0, 0
4201, 4064495, 0, 0, 0
4301, 3695457, 0, 0, 0
4400, 4091054, 0, 0, 0
4504, 4543472, 0, 0, 0
4605, 4361648, 0, 0, 0
4702, 3912510, 0, 0, 0
4801, 4011509, 0, 0, 0
4901, 3991235, 0, 0, 0
5001, 4166562, 0, 0, 0
5100, 3998066, 0, 0, 0
5201, 4527164, 0, 0, 0
5300, 3744809, 0, 0, 0
5401, 4443222, 0, 0, 0
5503, 4044696, 0, 0, 0
5602, 4183497, 0, 0, 0
5701, 3862120, 0, 0, 0
5800, 4650390, 0, 0, 0
5900, 4094232, 0, 0, 0
6002, 4887191, 0, 0, 0
6102, 4268024, 0, 0, 0
6200, 4040661, 0, 0, 0
6300, 3887744, 0, 0, 0
6400, 3812880, 0, 0, 0
6501, 3843030, 0, 0, 0
6604, 4216764, 0, 0, 0
6702, 3793208, 0, 0, 0
6805, 3598877, 0, 0, 0
6900, 4517771, 0, 0, 0
7002, 4410306, 0, 0, 0
7100, 3576853, 0, 0, 0
7202, 3589969, 0, 0, 0
7301, 4350039, 0, 0, 0
7400, 4120828, 0, 0, 0
7500, 3983554, 0, 0, 0
7601, 3647980, 0, 0, 0
7702, 3766947, 0, 0, 0
7800, 4116212, 0, 0, 0
7902, 4203300, 0, 0, 0
8000, 4304576, 0, 0, 0
8100, 3815601, 0, 0, 0
8200, 4555436, 0, 0, 0
8300, 3908353, 0, 0, 0
8401, 3578665, 0, 0, 0
8500, 4427872, 0, 0, 0
8600, 3879877, 0, 0, 0
8700, 4460495, 0, 0, 0
8802, 3731892, 0, 0, 0
8900, 4088302, 0, 0, 0
9001, 3701137, 0, 0, 0
9101, 4048727, 0, 0, 0
9201, 4577449, 0, 0, 0
9300, 4316447, 0, 0, 0
9400, 4302219, 0, 0, 0
9500, 4082963, 0, 0, 0
9600, 5070107, 0, 0, 0
9700, 4787438, 0, 0, 0
9802, 3638928, 0, 0, 0
9900, 3812019, 0, 0, 0
10000, 4588196, 0, 0, 0
10102, 4260755, 0, 0, 0
10200, 4088632, 0, 0, 0
10303, 4212486, 0, 0, 0
10400, 3829426, 0, 0, 0
10501, 3793154, 0, 0, 0
10601, 3654560, 0, 0, 0
10701, 3272540, 0, 0, 0
10801, 3762157, 0, 0, 0
10900, 4369809, 0, 0, 0
11001, 3471591, 0, 0, 0
11100, 3703257, 0, 0, 0
11200, 4244849, 0, 0, 0
11300, 4834720, 0, 0, 0
11400, 4438399, 0, 0, 0
11500, 4463812, 0, 0, 0
11602, 3593481, 0, 0, 0
11700, 3692134, 0, 0, 0
11801, 3978029, 0, 0, 0
11903, 3909324, 0, 0, 0
12001, 3979599, 0, 0, 0
12100, 4021632, 0, 0, 0
12200, 4096290, 0, 0, 0
12302, 4517598, 0, 0, 0
12400, 3989736, 0, 0, 0
12500, 4605914, 0, 0, 0
12601, 4677562, 0, 0, 0
12701, 5091315, 0, 0, 0
12800, 3794041, 0, 0, 0
12900, 3715341, 0, 0, 0
13000, 3794591, 0, 0, 0
13100, 4000245, 0, 0, 0
13203, 4374189, 0, 0, 0
13302, 4521999, 0, 0, 0
13400, 4255137, 0, 0, 0
13500, 4346584, 0, 0, 0
13600, 4397821, 0, 0, 0
13700, 4103634, 0, 0, 0
13800, 4423867, 0, 0, 0
13900, 4528592, 0, 0, 0
14000, 4557778, 0, 0, 0
14100, 4034305, 0, 0, 0
14200, 4238693, 0, 0, 0
14300, 4567378, 0, 0, 0
14401, 4125181, 0, 0, 0
14502, 3913949, 0, 0, 0
14601, 4676632, 0, 0, 0
14700, 3877070, 0, 0, 0
14801, 3696823, 0, 0, 0
14901, 3614745, 0, 0, 0
15000, 4378176, 0, 0, 0
15100, 3936892, 0, 0, 0
15201, 4721766, 0, 0, 0
15302, 3564796, 0, 0, 0
15400, 3455329, 0, 0, 0
15500, 4620105, 0, 0, 0
15600, 3485506, 0, 0, 0
15701, 3858327, 0, 0, 0
15800, 3806885, 0, 0, 0
15900, 4229025, 0, 0, 0
16002, 3603304, 0, 0, 0
16100, 4314678, 0, 0, 0
16201, 3762774, 0, 0, 0
16301, 4190990, 0, 0, 0
16400, 4069859, 0, 0, 0
16501, 4509786, 0, 0, 0
16603, 3688011, 0, 0, 0
16702, 3831383, 0, 0, 0
16801, 3960372, 0, 0, 0
16903, 3817719, 0, 0, 0
17002, 3846718, 0, 0, 0
17102, 4359031, 0, 0, 0
17200, 3587477, 0, 0, 0
17300, 3513953, 0, 0, 0
17401, 4249788, 0, 0, 0
17500, 4186676, 0, 0, 0
17600, 3892666, 0, 0, 0
17700, 4175649, 0, 0, 0
17800, 4578497, 0, 0, 0
17901, 4273593, 0, 0, 0
18000, 3743414, 0, 0, 0
18100, 4178808, 0, 0, 0
18202, 3679119, 0, 0, 0
18300, 4020738, 0, 0, 0
18400, 3830754, 0, 0, 0
18500, 3597025, 0, 0, 0
18600, 4466297, 0, 0, 0
18701, 3971284, 0, 0, 0
18800, 4467192, 0, 0, 0
18902, 4346716, 0, 0, 0
19000, 4542361, 0, 0, 0
19100, 4162838, 0, 0, 0
19200, 4888380, 0, 0, 0
19300, 4753059, 0, 0, 0
19400, 3393296, 0, 0, 0
19500, 4302124, 0, 0, 0
19601, 3604552, 0, 0, 0
19702, 3808211, 0, 0, 0
19801, 4528470, 0, 0, 0
19900, 3691732, 0, 0, 0
20001, 5106766, 0, 0, 0
20100, 3603762, 0, 0, 0
20200, 3904825, 0, 0, 0
20300, 4198367, 0, 0, 0
20400, 4585553, 0, 0, 0
20500, 4061698, 0, 0, 0
20601, 4457677, 0, 0, 0
20701, 3988127, 0, 0, 0
20800, 3997061, 0, 0, 0
20901, 3990664, 0, 0, 0
21000, 3411660, 0, 0, 0
21100, 3608286, 0, 0, 0
21200, 4106496, 0, 0, 0
21303, 4120496, 0, 0, 0
21401, 4382554, 0, 0, 0
21500, 3652700, 0, 0, 0
21600, 3654633, 0, 0, 0
21701, 4141425, 0, 0, 0
21803, 4633089, 0, 0, 0
21900, 4125623, 0, 0, 0
22001, 3795936, 0, 0, 0
22100, 2961684, 0, 0, 0
22201, 4361674, 0, 0, 0
22300, 4517130, 0, 0, 0
22401, 3520691, 0, 0, 0
22509, 4270047, 0, 0, 0
22600, 4523972, 0, 0, 0
22700, 3643286, 0, 0, 0
22800, 4985563, 0, 0, 0
22900, 3839863, 0, 0, 0
23002, 4290616, 0, 0, 0
23100, 5155381, 0, 0, 0
23200, 3399065, 0, 0, 0
23300, 4558399, 0, 0, 0
23400, 4370115, 0, 0, 0
23501, 4377545, 0, 0, 0
23600, 3939664, 0, 0, 0
23700, 4074545, 0, 0, 0
23800, 3751767, 0, 0, 0
23902, 4247873, 0, 0, 0
24001, 4345807, 0, 0, 0
24103, 3939770, 0, 0, 0
24200, 4506929, 0, 0, 0
24300, 5448503, 0, 0, 0
24400, 4357332, 0, 0, 0
24500, 3690549, 0, 0, 0
24600, 3644230, 0, 0, 0
24700, 4032704, 0, 0, 0
24800, 3303913, 0, 0, 0
24900, 3327166, 0, 0, 0
25001, 3610646, 0, 0, 0
25101, 4602837, 0, 0, 0
25201, 3963064, 0, 0, 0
25300, 3499283, 0, 0, 0
25402, 4106860, 0, 0, 0
25502, 3691165, 0, 0, 0
25600, 4030649, 0, 0, 0
25701, 3773677, 0, 0, 0
25801, 4098457, 0, 0, 0
25900, 3761660, 0, 0, 0
26001, 3828996, 0, 0, 0
26100, 3700682, 0, 0, 0
26201, 3386111, 0, 0, 0
26302, 5527313, 0, 0, 0
26400, 4874310, 0, 0, 0
26502, 3297164, 0, 0, 0
26600, 3167436, 0, 0, 0
26700, 3875968, 0, 0, 0
26801, 3624325, 0, 0, 0
26901, 3777381, 0, 0, 0
27002, 3093698, 0, 0, 0
27100, 3702568, 0, 0, 0
27200, 4582379, 0, 0, 0
27300, 3211367, 0, 0, 0
27402, 3890045, 0, 0, 0
27500, 3643754, 0, 0, 0
27600, 3808363, 0, 0, 0
27700, 3490630, 0, 0, 0
27800, 3641210, 0, 0, 0
27902, 3459699, 0, 0, 0
28003, 3825067, 0, 0, 0
28101, 4371821, 0, 0, 0
28201, 3320281, 0, 0, 0
28301, 4202685, 0, 0, 0
28401, 4449874, 0, 0, 0
28502, 3153942, 0, 0, 0
28600, 3233972, 0, 0, 0
28702, 3909224, 0, 0, 0
28800, 3253700, 0, 0, 0
28902, 4010282, 0, 0, 0
29000, 3623532, 0, 0, 0
29100, 3830377, 0, 0, 0
29201, 3079477, 0, 0, 0
29300, 3372465, 0, 0, 0
29400, 3531283, 0, 0, 0
29500, 3376204, 0, 0, 0
29600, 3488131, 0, 0, 0
29701, 3065177, 0, 0, 0
29803, 2841856, 0, 0, 0
29901, 3285466, 0, 0, 0
30003, 3222818, 0, 0, 0
30100, 3627738, 0, 0, 0
30200, 3656694, 0, 0, 0
30300, 3269875, 0, 0, 0
30400, 3058244, 0, 0, 0
30501, 3293752, 0, 0, 0
30601, 2890036, 0, 0, 0
30700, 3501336, 0, 0, 0
30801, 3102225, 0, 0, 0
30900, 3648076, 0, 0, 0
31002, 2806795, 0, 0, 0
31100, 3522056, 0, 0, 0
31205, 3167080, 0, 0, 0
31300, 2761904, 0, 0, 0
31402, 3403677, 0, 0, 0
31500, 3535426, 0, 0, 0
31601, 2829902, 0, 0, 0
31701, 3459237, 0, 0, 0
31800, 3341100, 0, 0, 0
31900, 2703076, 0, 0, 0
32000, 2856627, 0, 0, 0
32101, 3185596, 0, 0, 0
32205, 2763867, 0, 0, 0
32301, 3096877, 0, 0, 0
32401, 2708525, 0, 0, 0
32503, 3069946, 0, 0, 0
32601, 2810675, 0, 0, 0
32701, 2760728, 0, 0, 0
32800, 3048682, 0, 0, 0
32900, 2711850, 0, 0, 0
33001, 2454334, 0, 0, 0
33100, 3567316, 0, 0, 0
33200, 2724111, 0, 0, 0
33300, 3166468, 0, 0, 0
33401, 2808608, 0, 0, 0
33504, 2531056, 0, 0, 0
33600, 2291928, 0, 0, 0
33701, 2676771, 0, 0, 0
33802, 2890522, 0, 0, 0
33900, 2489110, 0, 0, 0
34000, 2461588, 0, 0, 0
34103, 2766454, 0, 0, 0
34200, 2567292, 0, 0, 0
34300, 2575886, 0, 0, 0
34400, 2549630, 0, 0, 0
34501, 2774906, 0, 0, 0
34601, 3288779, 0, 0, 0
34700, 2971214, 0, 0, 0
34801, 2172334, 0, 0, 0
34900, 2524036, 0, 0, 0
35000, 2265125, 0, 0, 0
35101, 2450300, 0, 0, 0
35200, 2415656, 0, 0, 0
35300, 2220593, 0, 0, 0
35401, 3012263, 0, 0, 0
35501, 2526782, 0, 0, 0
35604, 2559905, 0, 0, 0
35701, 2454389, 0, 0, 0
35800, 2948945, 0, 0, 0
35901, 2908054, 0, 0, 0
36000, 2448894, 0, 0, 0
36101, 2758091, 0, 0, 0
36200, 2280236, 0, 0, 0
36301, 2526102, 0, 0, 0
36402, 2593608, 0, 0, 0
36500, 2566639, 0, 0, 0
36601, 2129183, 0, 0, 0
36703, 3533198, 0, 0, 0
36800, 2656532, 0, 0, 0
36900, 1926196, 0, 0, 0
37000, 2339871, 0, 0, 0
37101, 2206818, 0, 0, 0
37200, 1835073, 0, 0, 0
37300, 2586245, 0, 0, 0
37400, 2656629, 0, 0, 0
37500, 1897542, 0, 0, 0
37600, 2276638, 0, 0, 0
37700, 1997238, 0, 0, 0
37801, 2509609, 0, 0, 0
37900, 1938858, 0, 0, 0
38000, 2252758, 0, 0, 0
38100, 2083234, 0, 0, 0
38200, 2591027, 0, 0, 0
38301, 1778608, 0, 0, 0
38400, 2161236, 0, 0, 0
38500, 2801528, 0, 0, 0
38600, 2402949, 0, 0, 0
38700, 2876042, 0, 0, 0
38802, 2175700, 0, 0, 0
38900, 2343326, 0, 0, 0
39001, 2141583, 0, 0, 0
39101, 2147006, 0, 0, 0
39200, 2165353, 0, 0, 0
39300, 2334012, 0, 0, 0
39400, 2243777, 0, 0, 0
39500, 2137488, 0, 0, 0
39603, 2096564, 0, 0, 0
39700, 1976875, 0, 0, 0
39800, 2431366, 0, 0, 0
39902, 2309682, 0, 0, 0
40000, 1758468, 0, 0, 0
40101, 1824882, 0, 0, 0
40200, 2169141, 0, 0, 0
40300, 2539317, 0, 0, 0
40400, 2311514, 0, 0, 0
40502, 2450137, 0, 0, 0
40600, 2092786, 0, 0, 0
40700, 2391367, 0, 0, 0
40804, 1928995, 0, 0, 0
40900, 2230437, 0, 0, 0
41001, 2659960, 0, 0, 0
41100, 2477973, 0, 0, 0
41200, 2535446, 0, 0, 0
41302, 2281537, 0, 0, 0
41400, 1768977, 0, 0, 0
41501, 1838039, 0, 0, 0
41600, 2350514, 0, 0, 0
41703, 2446323, 0, 0, 0
41800, 2738265, 0, 0, 0
41900, 2039517, 0, 0, 0
42000, 1897982, 0, 0, 0
42100, 2130491, 0, 0, 0
42204, 2427804, 0, 0, 0
42300, 2241616, 0, 0, 0
42401, 2557568, 0, 0, 0
42500, 1958462, 0, 0, 0
42600, 2485620, 0, 0, 0
42701, 1777432, 0, 0, 0
42800, 2531456, 0, 0, 0
42900, 2339277, 0, 0, 0
43000, 2367725, 0, 0, 0
43103, 2405135, 0, 0, 0
43202, 2294130, 0, 0, 0
43300, 2324945, 0, 0, 0
43400, 2405336, 0, 0, 0
43500, 1985172, 0, 0, 0
43600, 2988023, 0, 0, 0
43701, 2191605, 0, 0, 0
43800, 2641858, 0, 0, 0
43900, 1675477, 0, 0, 0
44000, 2534690, 0, 0, 0
44100, 2459127, 0, 0, 0
44200, 2644146, 0, 0, 0
44300, 2419209, 0, 0, 0
44401, 2832860, 0, 0, 0
44500, 2178622, 0, 0, 0
44603, 2928143, 0, 0, 0
44700, 4477048, 0, 0, 0
44802, 3279543, 0, 0, 0
44900, 3988894, 0, 0, 0
45001, 3642236, 0, 0, 0
45100, 3755871, 0, 0, 0
45202, 4358041, 0, 0, 0
45300, 3918477, 0, 0, 0
45401, 3969867, 0, 0, 0
45500, 3630222, 0, 0, 0
45605, 3678333, 0, 0, 0
45700, 3993654, 0, 0, 0
45800, 4360729, 0, 0, 0
45900, 4241228, 0, 0, 0
46000, 3436250, 0, 0, 0
46101, 3893488, 0, 0, 0
46200, 4776088, 0, 0, 0
46300, 4130550, 0, 0, 0
46400, 3291625, 0, 0, 0
46500, 4644345, 0, 0, 0
46601, 4332576, 0, 0, 0
46701, 3232465, 0, 0, 0
46803, 3532065, 0, 0, 0
46902, 3932504, 0, 0, 0
47000, 3606953, 0, 0, 0
47101, 3661194, 0, 0, 0
47200, 4983778, 0, 0, 0
47301, 3786542, 0, 0, 0
47400, 3800272, 0, 0, 0
47501, 3740041, 0, 0, 0
47602, 3764270, 0, 0, 0
47701, 4127489, 0, 0, 0
47803, 4199220, 0, 0, 0
47904, 3839502, 0, 0, 0
48000, 4160817, 0, 0, 0
48100, 3569731, 0, 0, 0
48200, 4022265, 0, 0, 0
48301, 3423201, 0, 0, 0
48400, 3747562, 0, 0, 0
48500, 3650914, 0, 0, 0
48600, 4020880, 0, 0, 0
48702, 3780754, 0, 0, 0
48803, 3733936, 0, 0, 0
48900, 4584907, 0, 0, 0
49004, 3646872, 0, 0, 0
49100, 3551884, 0, 0, 0
49201, 3867655, 0, 0, 0
49302, 3814426, 0, 0, 0
49400, 4510171, 0, 0, 0
49502, 3691169, 0, 0, 0
49600, 3778204, 0, 0, 0
49700, 3503650, 0, 0, 0
49801, 3291082, 0, 0, 0
49900, 3416615, 0, 0, 0
50000, 4398461, 0, 0, 0
50100, 3768972, 0, 0, 0
50201, 3961036, 0, 0, 0
50301, 3681925, 0, 0, 0
50400, 3105280, 0, 0, 0
50501, 4020083, 0, 0, 0
50600, 3921587, 0, 0, 0
50703, 4388428, 0, 0, 0
50802, 3781947, 0, 0, 0
50902, 4066886, 0, 0, 0
51000, 3410377, 0, 0, 0
51101, 4440680, 0, 0, 0
51202, 3711539, 0, 0, 0
51300, 4161973, 0, 0, 0
51401, 3623935, 0, 0, 0
51500, 4351179, 0, 0, 0
51600, 4105170, 0, 0, 0
51700, 3860553, 0, 0, 0
51801, 3759205, 0, 0, 0
51900, 3898327, 0, 0, 0
52001, 5280636, 0, 0, 0
52100, 3801083, 0, 0, 0
52200, 3828305, 0, 0, 0
52300, 3641219, 0, 0, 0
52400, 3165265, 0, 0, 0
52500, 3778657, 0, 0, 0
52600, 3883523, 0, 0, 0
52701, 4728178, 0, 0, 0
52800, 3658729, 0, 0, 0
52901, 3418258, 0, 0, 0
53000, 4082095, 0, 0, 0
53100, 3755951, 0, 0, 0
53201, 3632045, 0, 0, 0
53301, 3509711, 0, 0, 0
53400, 3996286, 0, 0, 0
53500, 4307264, 0, 0, 0
53600, 4138542, 0, 0, 0
53700, 3110485, 0, 0, 0
53802, 3642859, 0, 0, 0
53900, 3567929, 0, 0, 0
54001, 4367828, 0, 0, 0
54100, 4458149, 0, 0, 0
54202, 4137277, 0, 0, 0
54300, 3114278, 0, 0, 0
54400, 4017821, 0, 0, 0
54501, 3819949, 0, 0, 0
54600, 3985404, 0, 0, 0
54700, 3622330, 0, 0, 0
54801, 4225611, 0, 0, 0
54904, 3659152, 0, 0, 0
55003, 3959691, 0, 0, 0
55102, 3686757, 0, 0, 0
55200, 4137903, 0, 0, 0
55300, 3814415, 0, 0, 0
55400, 3513498, 0, 0, 0
55506, 4302754, 0, 0, 0
55601, 3437709, 0, 0, 0
55700, 3662361, 0, 0, 0
55807, 3864430, 0, 0, 0
55901, 4035308, 0, 0, 0
56000, 4005565, 0, 0, 0
56101, 4891440, 0, 0, 0
56201, 3571997, 0, 0, 0
56301, 4103874, 0, 0, 0
56401, 4070786, 0, 0, 0
56500, 3794911, 0, 0, 0
56603, 4226734, 0, 0, 0
56700, 3932113, 0, 0, 0
56800, 3547728, 0, 0, 0
56900, 3899030, 0, 0, 0
57000, 3759694, 0, 0, 0
57100, 3349276, 0, 0, 0
57202, 3852318, 0, 0, 0
57300, 3596346, 0, 0, 0
57400, 5079700, 0, 0, 0
57500, 3822665, 0, 0, 0
57600, 3918185, 0, 0, 0
57701, 3597508, 0, 0, 0
57800, 3449800, 0, 0, 0
57901, 3583047, 0, 0, 0
58000, 4031570, 0, 0, 0
58100, 3323624, 0, 0, 0
58201, 4080358, 0, 0, 0
58300, 4138314, 0, 0, 0
58400, 3619038, 0, 0, 0
58500, 4438376, 0, 0, 0
58600, 3896662, 0, 0, 0
58700, 3609774, 0, 0, 0
58800, 3858899, 0, 0, 0
58900, 3805478, 0, 0, 0
59002, 3502081, 0, 0, 0
59107, 3736721, 0, 0, 0
59200, 4284728, 0, 0, 0
59300, 3951891, 0, 0, 0
59402, 4232850, 0, 0, 0
59506, 3704876, 0, 0, 0
59602, 4506829, 0, 0, 0
59700, 4050959, 0, 0, 0
59801, 3784661, 0, 0, 0
59900, 3734116, 0, 0, 0
60000, 3869637, 0, 0, 0
60005, 7311474, 0, 0, 0
