250, 12416, 0, 0, 0
350, 9280, 0, 0, 0
450, 12640, 0, 0, 0
550, 15280, 0, 0, 0
650, 14720, 0, 0, 0
749, 11959, 0, 0, 0
849, 13360, 0, 0, 0
949, 14240, 0, 0, 0
1049, 15440, 0, 0, 0
1149, 18400, 0, 0, 0
1250, 19200, 0, 0, 0
1350, 17760, 0, 0, 0
1450, 12480, 0, 0, 0
1550, 15520, 0, 0, 0
1650, 14560, 0, 0, 0
1749, 16565, 0, 0, 0
1849, 13680, 0, 0, 0
1949, 14160, 0, 0, 0
2049, 11680, 0, 0, 0
2149, 7600, 0, 0, 0
2249, 8000, 0, 0, 0
2349, 10800, 0, 0, 0
2449, 12320, 0, 0, 0
2550, 13280, 0, 0, 0
2650, 10720, 0, 0, 0
2749, 10101, 0, 0, 0
2849, 8080, 0, 0, 0
2949, 8560, 0, 0, 0
3049, 9120, 0, 0, 0
3149, 12240, 0, 0, 0
3249, 11280, 0, 0, 0
3349, 11040, 0, 0, 0
3449, 12080, 0, 0, 0
3549, 11680, 0, 0, 0
3649, 15440, 0, 0, 0
3749, 18640, 0, 0, 0
3850, 21280, 0, 0, 0
3950, 18640, 0, 0, 0
4050, 19120, 0, 0, 0
4150, 13120, 0, 0, 0
4249, 19474, 0, 0, 0
4349, 10320, 0, 0, 0
4449, 9680, 0, 0, 0
4549, 11120, 0, 0, 0
4649, 10640, 0, 0, 0
4749, 12240, 0, 0, 0
4849, 12080, 0, 0, 0
4949, 10720, 0, 0, 0
5050, 14400, 0, 0, 0
5150, 20640, 0, 0, 0
5249, 13414, 0, 0, 0
5349, 5280, 0, 0, 0
5449, 5440, 0, 0, 0
5549, 6240, 0, 0, 0
5649, 6240, 0, 0, 0
5749, 6080, 0, 0, 0
5849, 5920, 0, 0, 0
5949, 7440, 0, 0, 0
6049, 9600, 0, 0, 0
6149, 9120, 0, 0, 0
6250, 9360, 0, 0, 0
6350, 9440, 0, 0, 0
6450, 8240, 0, 0, 0
6550, 6800, 0, 0, 0
6650, 6800, 0, 0, 0
6749, 9131, 0, 0, 0
6849, 8640, 0, 0, 0
6949, 14640, 0, 0, 0
7049, 13600, 0, 0, 0
7149, 11280, 0, 0, 0
7249, 15280, 0, 0, 0
7349, 14880, 0, 0, 0
7449, 16480, 0, 0, 0
7550, 13840, 0, 0, 0
7650, 11120, 0, 0, 0
7749, 13333, 0, 0, 0
7849, 13120, 0, 0, 0
7949, 15120, 0, 0, 0
8049, 14640, 0, 0, 0
8149, 16640, 0, 0, 0
8249, 16320, 0, 0, 0
8349, 12160, 0, 0, 0
8449, 10720, 0, 0, 0
8549, 10640, 0, 0, 0
8649, 10480, 0, 0, 0
8750, 16800, 0, 0, 0
8850, 19280, 0, 0, 0
8950, 11440, 0, 0, 0
9050, 6640, 0, 0, 0
9150, 6320, 0, 0, 0
9249, 9777, 0, 0, 0
9349, 12400, 0, 0, 0
9449, 14560, 0, 0, 0
9549, 14480, 0, 0, 0
9649, 15760, 0, 0, 0
9749, 7840, 0, 0, 0
9849, 13200, 0, 0, 0
9949, 11680, 0, 0, 0
10050, 6720, 0, 0, 0
10150, 13040, 0, 0, 0
10249, 11717, 0, 0, 0
10349, 11760, 0, 0, 0
10449, 11760, 0, 0, 0
10549, 13520, 0, 0, 0
10649, 13440, 0, 0, 0
10749, 16720, 0, 0, 0
10849, 16400, 0, 0, 0
10949, 11680, 0, 0, 0
11049, 11680, 0, 0, 0
11149, 12800, 0, 0, 0
11249, 12640, 0, 0, 0
11350, 9360, 0, 0, 0
11450, 7680, 0, 0, 0
11550, 8880, 0, 0, 0
11650, 8000, 0, 0, 0
11749, 8242, 0, 0, 0
11849, 12960, 0, 0, 0
11949, 13840, 0, 0, 0
12049, 12640, 0, 0, 0
12149, 14560, 0, 0, 0
12249, 18560, 0, 0, 0
12349, 17520, 0, 0, 0
12449, 18800, 0, 0, 0
12549, 18720, 0, 0, 0
12649, 16960, 0, 0, 0
12750, 14560, 0, 0, 0
12850, 12480, 0, 0, 0
12950, 6480, 0, 0, 0
13050, 8320, 0, 0, 0
13150, 8640, 0, 0, 0
13249, 9454, 0, 0, 0
13349, 12240, 0, 0, 0
13449, 13520, 0, 0, 0
13549, 14080, 0, 0, 0
13649, 13360, 0, 0, 0
13749, 11760, 0, 0, 0
13849, 12080, 0, 0, 0
13950, 12720, 0, 0, 0
14050, 9680, 0, 0, 0
14150, 5680, 0, 0, 0
14249, 5010, 0, 0, 0
14349, 5440, 0, 0, 0
14449, 7680, 0, 0, 0
14549, 6960, 0, 0, 0
14649, 5600, 0, 0, 0
14749, 4480, 0, 0, 0
14849, 4880, 0, 0, 0
14949, 7280, 0, 0, 0
15049, 8320, 0, 0, 0
15149, 8960, 0, 0, 0
15250, 15520, 0, 0, 0
15350, 16160, 0, 0, 0
15450, 11680, 0, 0, 0
15550, 7360, 0, 0, 0
15650, 7680, 0, 0, 0
15749, 7434, 0, 0, 0
15849, 7680, 0, 0, 0
15949, 5920, 0, 0, 0
16049, 12000, 0, 0, 0
16149, 10400, 0, 0, 0
16249, 12480, 0, 0, 0
16349, 15200, 0, 0, 0
16449, 11360, 0, 0, 0
16550, 12000, 0, 0, 0
16650, 13040, 0, 0, 0
16749, 7595, 0, 0, 0
16849, 5600, 0, 0, 0
16949, 5280, 0, 0, 0
17049, 5760, 0, 0, 0
17149, 6240, 0, 0, 0
17249, 6320, 0, 0, 0
17349, 10000, 0, 0, 0
17449, 12720, 0, 0, 0
17549, 13760, 0, 0, 0
17649, 14800, 0, 0, 0
17749, 15360, 0, 0, 0
17849, 15840, 0, 0, 0
17950, 12000, 0, 0, 0
18050, 13600, 0, 0, 0
18150, 14160, 0, 0, 0
18249, 17454, 0, 0, 0
18349, 16800, 0, 0, 0
18449, 13040, 0, 0, 0
18549, 8160, 0, 0, 0
18649, 5520, 0, 0, 0
18749, 5440, 0, 0, 0
18849, 5280, 0, 0, 0
18949, 6560, 0, 0, 0
19049, 6480, 0, 0, 0
19149, 12160, 0, 0, 0
19250, 16160, 0, 0, 0
19350, 15680, 0, 0, 0
19450, 13200, 0, 0, 0
19550, 13280, 0, 0, 0
19650, 11840, 0, 0, 0
19749, 12525, 0, 0, 0
19849, 15280, 0, 0, 0
19949, 15680, 0, 0, 0
20049, 13600, 0, 0, 0
20149, 14720, 0, 0, 0
20249, 16640, 0, 0, 0
20349, 15760, 0, 0, 0
20449, 14640, 0, 0, 0
20550, 13920, 0, 0, 0
20650, 11920, 0, 0, 0
20749, 14303, 0, 0, 0
20849, 8560, 0, 0, 0
20949, 6800, 0, 0, 0
21049, 7840, 0, 0, 0
21149, 6640, 0, 0, 0
21249, 7920, 0, 0, 0
21349, 7520, 0, 0, 0
21449, 6560, 0, 0, 0
21549, 6960, 0, 0, 0
21649, 6000, 0, 0, 0
21749, 8240, 0, 0, 0
21849, 9760, 0, 0, 0
21950, 13520, 0, 0, 0
22050, 16320, 0, 0, 0
22150, 15280, 0, 0, 0
22249, 13333, 0, 0, 0
22349, 14320, 0, 0, 0
22449, 13920, 0, 0, 0
22549, 8080, 0, 0, 0
22649, 8400, 0, 0, 0
22749, 11440, 0, 0, 0
22849, 7360, 0, 0, 0
22949, 7920, 0, 0, 0
23049, 10160, 0, 0, 0
23149, 9200, 0, 0, 0
23250, 6880, 0, 0, 0
23350, 6240, 0, 0, 0
23450, 6800, 0, 0, 0
23550, 12880, 0, 0, 0
23650, 9760, 0, 0, 0
23749, 10343, 0, 0, 0
23849, 8000, 0, 0, 0
23949, 4960, 0, 0, 0
24049, 4480, 0, 0, 0
24149, 5760, 0, 0, 0
24249, 7120, 0, 0, 0
24349, 7520, 0, 0, 0
24449, 8640, 0, 0, 0
24550, 12160, 0, 0, 0
24650, 13760, 0, 0, 0
24749, 11232, 0, 0, 0
24849, 13120, 0, 0, 0
24949, 12720, 0, 0, 0
25049, 9200, 0, 0, 0
25149, 10240, 0, 0, 0
25249, 17440, 0, 0, 0
25349, 14800, 0, 0, 0
25449, 14080, 0, 0, 0
25549, 13520, 0, 0, 0
25649, 17520, 0, 0, 0
25750, 14400, 0, 0, 0
25850, 13360, 0, 0, 0
25950, 13200, 0, 0, 0
26050, 17280, 0, 0, 0
26150, 20400, 0, 0, 0
26249, 15757, 0, 0, 0
26349, 14080, 0, 0, 0
26449, 14000, 0, 0, 0
26549, 11440, 0, 0, 0
26649, 12720, 0, 0, 0
26749, 17520, 0, 0, 0
26849, 14400, 0, 0, 0
26949, 14880, 0, 0, 0
27050, 13600, 0, 0, 0
27150, 13920, 0, 0, 0
27249, 13979, 0, 0, 0
27349, 13120, 0, 0, 0
27449, 17280, 0, 0, 0
27549, 19920, 0, 0, 0
27649, 13440, 0, 0, 0
27749, 10720, 0, 0, 0
27849, 11680, 0, 0, 0
27949, 11920, 0, 0, 0
28049, 12080, 0, 0, 0
28149, 13600, 0, 0, 0
28249, 13440, 0, 0, 0
28350, 15840, 0, 0, 0
28450, 21440, 0, 0, 0
28550, 19200, 0, 0, 0
28650, 17360, 0, 0, 0
28749, 15515, 0, 0, 0
28849, 12960, 0, 0, 0
28949, 16400, 0, 0, 0
29049, 10160, 0, 0, 0
29149, 9680, 0, 0, 0
29249, 10880, 0, 0, 0
29349, 9600, 0, 0, 0
29449, 7200, 0, 0, 0
29549, 11600, 0, 0, 0
29650, 9840, 0, 0, 0
29750, 10400, 0, 0, 0
29850, 11840, 0, 0, 0
29950, 7760, 0, 0, 0
30050, 6240, 0, 0, 0
30150, 6160, 0, 0, 0
30249, 10666, 0, 0, 0
30349, 10480, 0, 0, 0
30449, 11280, 0, 0, 0
30549, 14720, 0, 0, 0
30649, 14400, 0, 0, 0
30749, 14240, 0, 0, 0
30849, 12400, 0, 0, 0
30949, 12560, 0, 0, 0
31050, 15280, 0, 0, 0
31150, 15760, 0, 0, 0
31249, 15353, 0, 0, 0
31349, 14720, 0, 0, 0
31449, 14000, 0, 0, 0
31549, 13440, 0, 0, 0
31649, 13440, 0, 0, 0
31749, 13760, 0, 0, 0
31849, 12880, 0, 0, 0
31949, 11040, 0, 0, 0
32049, 11520, 0, 0, 0
32149, 12800, 0, 0, 0
32250, 13280, 0, 0, 0
32350, 15680, 0, 0, 0
32450, 18160, 0, 0, 0
32550, 15680, 0, 0, 0
32650, 13680, 0, 0, 0
32749, 15919, 0, 0, 0
32849, 15840, 0, 0, 0
32949, 16480, 0, 0, 0
33049, 13120, 0, 0, 0
33149, 12560, 0, 0, 0
33249, 13680, 0, 0, 0
33349, 13520, 0, 0, 0
33449, 13360, 0, 0, 0
33550, 16960, 0, 0, 0
33650, 7200, 0, 0, 0
33749, 5252, 0, 0, 0
33849, 5760, 0, 0, 0
33949, 7520, 0, 0, 0
34049, 8240, 0, 0, 0
34149, 10560, 0, 0, 0
34249, 16480, 0, 0, 0
34349, 15440, 0, 0, 0
34449, 14320, 0, 0, 0
34549, 12720, 0, 0, 0
34649, 13200, 0, 0, 0
34749, 14240, 0, 0, 0
34849, 13760, 0, 0, 0
34950, 16160, 0, 0, 0
35050, 15360, 0, 0, 0
35150, 12880, 0, 0, 0
35249, 11717, 0, 0, 0
35349, 7760, 0, 0, 0
35449, 7200, 0, 0, 0
35549, 8560, 0, 0, 0
35649, 9200, 0, 0, 0
35749, 12560, 0, 0, 0
35849, 12640, 0, 0, 0
35949, 14160, 0, 0, 0
36049, 13920, 0, 0, 0
36149, 14880, 0, 0, 0
36250, 12080, 0, 0, 0
36350, 11280, 0, 0, 0
36450, 16080, 0, 0, 0
36550, 16080, 0, 0, 0
36650, 15040, 0, 0, 0
36749, 12363, 0, 0, 0
36849, 13360, 0, 0, 0
36949, 14000, 0, 0, 0
37049, 10640, 0, 0, 0
37149, 12160, 0, 0, 0
37249, 14240, 0, 0, 0
37349, 12800, 0, 0, 0
37449, 10640, 0, 0, 0
37550, 11520, 0, 0, 0
37650, 13360, 0, 0, 0
37749, 14060, 0, 0, 0
37849, 16640, 0, 0, 0
37949, 12880, 0, 0, 0
38049, 9920, 0, 0, 0
38149, 10720, 0, 0, 0
38249, 12720, 0, 0, 0
38349, 16000, 0, 0, 0
38449, 17840, 0, 0, 0
38549, 13520, 0, 0, 0
38649, 15120, 0, 0, 0
38750, 12640, 0, 0, 0
38850, 15520, 0, 0, 0
38950, 14880, 0, 0, 0
39050, 13520, 0, 0, 0
39150, 11200, 0, 0, 0
39249, 11151, 0, 0, 0
39349, 10000, 0, 0, 0
39449, 8560, 0, 0, 0
39549, 14240, 0, 0, 0
39649, 15360, 0, 0, 0
39749, 7920, 0, 0, 0
39849, 9440, 0, 0, 0
39950, 12880, 0, 0, 0
40050, 14960, 0, 0, 0
40150, 15120, 0, 0, 0
40249, 16969, 0, 0, 0
40349, 19200, 0, 0, 0
40449, 16560, 0, 0, 0
40549, 15840, 0, 0, 0
40649, 12720, 0, 0, 0
40749, 12400, 0, 0, 0
40849, 11840, 0, 0, 0
40949, 11200, 0, 0, 0
41049, 7040, 0, 0, 0
41149, 5840, 0, 0, 0
41250, 6080, 0, 0, 0
41350, 8640, 0, 0, 0
41450, 8880, 0, 0, 0
41550, 13200, 0, 0, 0
41650, 16400, 0, 0, 0
41749, 15919, 0, 0, 0
41849, 13920, 0, 0, 0
41949, 17040, 0, 0, 0
42049, 16880, 0, 0, 0
42149, 12960, 0, 0, 0
42249, 10640, 0, 0, 0
42349, 16480, 0, 0, 0
42449, 14640, 0, 0, 0
42550, 16640, 0, 0, 0
42650, 12240, 0, 0, 0
42749, 12525, 0, 0, 0
42849, 14240, 0, 0, 0
42949, 14080, 0, 0, 0
43049, 13520, 0, 0, 0
43149, 15920, 0, 0, 0
43249, 14400, 0, 0, 0
43349, 15440, 0, 0, 0
43449, 13840, 0, 0, 0
43549, 15600, 0, 0, 0
43649, 16400, 0, 0, 0
43750, 15440, 0, 0, 0
43850, 16320, 0, 0, 0
43950, 13680, 0, 0, 0
44050, 13920, 0, 0, 0
44150, 14960, 0, 0, 0
44249, 10747, 0, 0, 0
44349, 12000, 0, 0, 0
44449, 12080, 0, 0, 0
44549, 14080, 0, 0, 0
44649, 14240, 0, 0, 0
44749, 12480, 0, 0, 0
44849, 11600, 0, 0, 0
44949, 12800, 0, 0, 0
45050, 16640, 0, 0, 0
45150, 16880, 0, 0, 0
45249, 10343, 0, 0, 0
45349, 8560, 0, 0, 0
45449, 7760, 0, 0, 0
45549, 8000, 0, 0, 0
45649, 9360, 0, 0, 0
45749, 16080, 0, 0, 0
45849, 12160, 0, 0, 0
45949, 12880, 0, 0, 0
46049, 8960, 0, 0, 0
46150, 6800, 0, 0, 0
46249, 8727, 0, 0, 0
46349, 8800, 0, 0, 0
46449, 6560, 0, 0, 0
46549, 8000, 0, 0, 0
46649, 5760, 0, 0, 0
46749, 5360, 0, 0, 0
46849, 7360, 0, 0, 0
46949, 5360, 0, 0, 0
47049, 5040, 0, 0, 0
47149, 10400, 0, 0, 0
47250, 14560, 0, 0, 0
47350, 12880, 0, 0, 0
47450, 8640, 0, 0, 0
47550, 11840, 0, 0, 0
47650, 15360, 0, 0, 0
47749, 14949, 0, 0, 0
47849, 14880, 0, 0, 0
47949, 12320, 0, 0, 0
48049, 14640, 0, 0, 0
48149, 11520, 0, 0, 0
48249, 11680, 0, 0, 0
48349, 14240, 0, 0, 0
48449, 14560, 0, 0, 0
48550, 15200, 0, 0, 0
48650, 15600, 0, 0, 0
48749, 15515, 0, 0, 0
48849, 14960, 0, 0, 0
48949, 11520, 0, 0, 0
49049, 7920, 0, 0, 0
49149, 7520, 0, 0, 0
49249, 6240, 0, 0, 0
49349, 6720, 0, 0, 0
49449, 11920, 0, 0, 0
49549, 16400, 0, 0, 0
49649, 18000, 0, 0, 0
49750, 14800, 0, 0, 0
49850, 14240, 0, 0, 0
49950, 16480, 0, 0, 0
50050, 12320, 0, 0, 0
50150, 13440, 0, 0, 0
50249, 12525, 0, 0, 0
50349, 14320, 0, 0, 0
50449, 17120, 0, 0, 0
50549, 15200, 0, 0, 0
50649, 14640, 0, 0, 0
50749, 14480, 0, 0, 0
50849, 13440, 0, 0, 0
50949, 14880, 0, 0, 0
51050, 17120, 0, 0, 0
51150, 10800, 0, 0, 0
51249, 7272, 0, 0, 0
51349, 7440, 0, 0, 0
51449, 8240, 0, 0, 0
51549, 7760, 0, 0, 0
51649, 10160, 0, 0, 0
51749, 9120, 0, 0, 0
51849, 8240, 0, 0, 0
51949, 7920, 0, 0, 0
52049, 8160, 0, 0, 0
52149, 11200, 0, 0, 0
52250, 9920, 0, 0, 0
52350, 10160, 0, 0, 0
52450, 13680, 0, 0, 0
52550, 15680, 0, 0, 0
52650, 13840, 0, 0, 0
52749, 18424, 0, 0, 0
52849, 19600, 0, 0, 0
52949, 14320, 0, 0, 0
53049, 13760, 0, 0, 0
53149, 14560, 0, 0, 0
53249, 13520, 0, 0, 0
53349, 17120, 0, 0, 0
53449, 18480, 0, 0, 0
53549, 13760, 0, 0, 0
53649, 13440, 0, 0, 0
53750, 15280, 0, 0, 0
53850, 14400, 0, 0, 0
53950, 13760, 0, 0, 0
54050, 15120, 0, 0, 0
54150, 9520, 0, 0, 0
54249, 8888, 0, 0, 0
54349, 9920, 0, 0, 0
54449, 8960, 0, 0, 0
54549, 14160, 0, 0, 0
54649, 12080, 0, 0, 0
54749, 14560, 0, 0, 0
54849, 16560, 0, 0, 0
54949, 15280, 0, 0, 0
55050, 14320, 0, 0, 0
55150, 13520, 0, 0, 0
55249, 12202, 0, 0, 0
55349, 10560, 0, 0, 0
55449, 12480, 0, 0, 0
55549, 12240, 0, 0, 0
55649, 10560, 0, 0, 0
55749, 10240, 0, 0, 0
55849, 8160, 0, 0, 0
55949, 7040, 0, 0, 0
56049, 5760, 0, 0, 0
56149, 7440, 0, 0, 0
56250, 9200, 0, 0, 0
56350, 13120, 0, 0, 0
56450, 15280, 0, 0, 0
56550, 15520, 0, 0, 0
56650, 11440, 0, 0, 0
56749, 10343, 0, 0, 0
56849, 12400, 0, 0, 0
56949, 10560, 0, 0, 0
57049, 11920, 0, 0, 0
57149, 14160, 0, 0, 0
57249, 11520, 0, 0, 0
57349, 4640, 0, 0, 0
57449, 4720, 0, 0, 0
57550, 4160, 0, 0, 0
57650, 4240, 0, 0, 0
57749, 6141, 0, 0, 0
57849, 6720, 0, 0, 0
57949, 11680, 0, 0, 0
58049, 16080, 0, 0, 0
58149, 14000, 0, 0, 0
58249, 11520, 0, 0, 0
58349, 9280, 0, 0, 0
58449, 9920, 0, 0, 0
58549, 8720, 0, 0, 0
58649, 7760, 0, 0, 0
58749, 11360, 0, 0, 0
58849, 9840, 0, 0, 0
58950, 12400, 0, 0, 0
59050, 14080, 0, 0, 0
59150, 12400, 0, 0, 0
59249, 12848, 0, 0, 0
59349, 12480, 0, 0, 0
59449, 12720, 0, 0, 0
59549, 14000, 0, 0, 0
59649, 14480, 0, 0, 0
59749, 11680, 0, 0, 0
59849, 13040, 0, 0, 0
59949, 16640, 0, 0, 0
60049, 16320, 0, 0, 0
60149, 15360, 0, 0, 0
60250, 13760, 0, 0, 0
60350, 13760, 0, 0, 0
60450, 15680, 0, 0, 0
60550, 16240, 0, 0, 0
60650, 16000, 0, 0, 0
60749, 14707, 0, 0, 0
60849, 8560, 0, 0, 0
60949, 9120, 0, 0, 0
61049, 8000, 0, 0, 0
61149, 7680, 0, 0, 0
61249, 12720, 0, 0, 0
61349, 10880, 0, 0, 0
61449, 10960, 0, 0, 0
61550, 12720, 0, 0, 0
61650, 17520, 0, 0, 0
61749, 19393, 0, 0, 0
61849, 20240, 0, 0, 0
61949, 19440, 0, 0, 0
62049, 15120, 0, 0, 0
62149, 11760, 0, 0, 0
62249, 10320, 0, 0, 0
62349, 11040, 0, 0, 0
62449, 12560, 0, 0, 0
62549, 13360, 0, 0, 0
62649, 16400, 0, 0, 0
62749, 17120, 0, 0, 0
62850, 16000, 0, 0, 0
62950, 10960, 0, 0, 0
63050, 7120, 0, 0, 0
63150, 6800, 0, 0, 0
63249, 8646, 0, 0, 0
63349, 9280, 0, 0, 0
63449, 12320, 0, 0, 0
63549, 14560, 0, 0, 0
63649, 18480, 0, 0, 0
63749, 16640, 0, 0, 0
63849, 15520, 0, 0, 0
63949, 15840, 0, 0, 0
64049, 16960, 0, 0, 0
64149, 14320, 0, 0, 0
64250, 11600, 0, 0, 0
64350, 12320, 0, 0, 0
64450, 15680, 0, 0, 0
64550, 15600, 0, 0, 0
64650, 17040, 0, 0, 0
64749, 17535, 0, 0, 0
64849, 14640, 0, 0, 0
64949, 16400, 0, 0, 0
65049, 18160, 0, 0, 0
65149, 18080, 0, 0, 0
65249, 14400, 0, 0, 0
65349, 14320, 0, 0, 0
65449, 14880, 0, 0, 0
65550, 14160, 0, 0, 0
65650, 12400, 0, 0, 0
65749, 10585, 0, 0, 0
65849, 12720, 0, 0, 0
65949, 15040, 0, 0, 0
66049, 15280, 0, 0, 0
66149, 15280, 0, 0, 0
66249, 17760, 0, 0, 0
66349, 15840, 0, 0, 0
66449, 5440, 0, 0, 0
66549, 5200, 0, 0, 0
66649, 4480, 0, 0, 0
66750, 4480, 0, 0, 0
66850, 4240, 0, 0, 0
66950, 4880, 0, 0, 0
67050, 9360, 0, 0, 0
67150, 10560, 0, 0, 0
67249, 9050, 0, 0, 0
67349, 8240, 0, 0, 0
67449, 8000, 0, 0, 0
67549, 8720, 0, 0, 0
67649, 14880, 0, 0, 0
67749, 19120, 0, 0, 0
67849, 12880, 0, 0, 0
67949, 12400, 0, 0, 0
68049, 9760, 0, 0, 0
68149, 10000, 0, 0, 0
68250, 12000, 0, 0, 0
68350, 11360, 0, 0, 0
68450, 14720, 0, 0, 0
68550, 15360, 0, 0, 0
68650, 15520, 0, 0, 0
68749, 14222, 0, 0, 0
68849, 14640, 0, 0, 0
68949, 16080, 0, 0, 0
69049, 14240, 0, 0, 0
69149, 9120, 0, 0, 0
69249, 7040, 0, 0, 0
69349, 7680, 0, 0, 0
69449, 7360, 0, 0, 0
69550, 9280, 0, 0, 0
69650, 15280, 0, 0, 0
69749, 11878, 0, 0, 0
69849, 12720, 0, 0, 0
69949, 18880, 0, 0, 0
70049, 15760, 0, 0, 0
70149, 14800, 0, 0, 0
70249, 15120, 0, 0, 0
70349, 16640, 0, 0, 0
70449, 15440, 0, 0, 0
70549, 13120, 0, 0, 0
70649, 13040, 0, 0, 0
70750, 6720, 0, 0, 0
70850, 5040, 0, 0, 0
70950, 5680, 0, 0, 0
71050, 6560, 0, 0, 0
71150, 6880, 0, 0, 0
71249, 10020, 0, 0, 0
71349, 14800, 0, 0, 0
71449, 15760, 0, 0, 0
71549, 13760, 0, 0, 0
71649, 15600, 0, 0, 0
71749, 14880, 0, 0, 0
71849, 15600, 0, 0, 0
71949, 18320, 0, 0, 0
72050, 13680, 0, 0, 0
72150, 14960, 0, 0, 0
72249, 15919, 0, 0, 0
72349, 12320, 0, 0, 0
72449, 11680, 0, 0, 0
72549, 13760, 0, 0, 0
72649, 13120, 0, 0, 0
72749, 12960, 0, 0, 0
72849, 12240, 0, 0, 0
72949, 12480, 0, 0, 0
73049, 16800, 0, 0, 0
73149, 14560, 0, 0, 0
73250, 9680, 0, 0, 0
73350, 12720, 0, 0, 0
73450, 12080, 0, 0, 0
73550, 11840, 0, 0, 0
73650, 12960, 0, 0, 0
73749, 15353, 0, 0, 0
73849, 17120, 0, 0, 0
73949, 17040, 0, 0, 0
74049, 16480, 0, 0, 0
74149, 15840, 0, 0, 0
74249, 16720, 0, 0, 0
74349, 16000, 0, 0, 0
74449, 16960, 0, 0, 0
74550, 18880, 0, 0, 0
74650, 10080, 0, 0, 0
74749, 6464, 0, 0, 0
74849, 5760, 0, 0, 0
74949, 6240, 0, 0, 0
75049, 9040, 0, 0, 0
75149, 8000, 0, 0, 0
75249, 11360, 0, 0, 0
75349, 13200, 0, 0, 0
75449, 14080, 0, 0, 0
75549, 10720, 0, 0, 0
75649, 7520, 0, 0, 0
75749, 6960, 0, 0, 0
75849, 10000, 0, 0, 0
75950, 12720, 0, 0, 0
76050, 13360, 0, 0, 0
76150, 12880, 0, 0, 0
76249, 13575, 0, 0, 0
76349, 8800, 0, 0, 0
76449, 8080, 0, 0, 0
76549, 6480, 0, 0, 0
76649, 9280, 0, 0, 0
76749, 12480, 0, 0, 0
76849, 9760, 0, 0, 0
76949, 9280, 0, 0, 0
77049, 10720, 0, 0, 0
77149, 11440, 0, 0, 0
77250, 14480, 0, 0, 0
77350, 14400, 0, 0, 0
77450, 9840, 0, 0, 0
77550, 6000, 0, 0, 0
77650, 5840, 0, 0, 0
77749, 6303, 0, 0, 0
77849, 8960, 0, 0, 0
77949, 10880, 0, 0, 0
78049, 14000, 0, 0, 0
78149, 18880, 0, 0, 0
78249, 16320, 0, 0, 0
78349, 14560, 0, 0, 0
78449, 14160, 0, 0, 0
78550, 16560, 0, 0, 0
78650, 17120, 0, 0, 0
78749, 14949, 0, 0, 0
78849, 13760, 0, 0, 0
78949, 11280, 0, 0, 0
79049, 12240, 0, 0, 0
79149, 15120, 0, 0, 0
79249, 15440, 0, 0, 0
79349, 14560, 0, 0, 0
79449, 13840, 0, 0, 0
79549, 14560, 0, 0, 0
79649, 13920, 0, 0, 0
79750, 12320, 0, 0, 0
79850, 13680, 0, 0, 0
79950, 15920, 0, 0, 0
80050, 19280, 0, 0, 0
80150, 16640, 0, 0, 0
80249, 15676, 0, 0, 0
80349, 14240, 0, 0, 0
80449, 13040, 0, 0, 0
80549, 13840, 0, 0, 0
80649, 14160, 0, 0, 0
80749, 15200, 0, 0, 0
80849, 17360, 0, 0, 0
80949, 18800, 0, 0, 0
81050, 12640, 0, 0, 0
81150, 13680, 0, 0, 0
81249, 13898, 0, 0, 0
81349, 12080, 0, 0, 0
81449, 10800, 0, 0, 0
81549, 9120, 0, 0, 0
81649, 8880, 0, 0, 0
81749, 14480, 0, 0, 0
81849, 18080, 0, 0, 0
81949, 17280, 0, 0, 0
82049, 12720, 0, 0, 0
82149, 14480, 0, 0, 0
82250, 15840, 0, 0, 0
82350, 21040, 0, 0, 0
82450, 15520, 0, 0, 0
82550, 12400, 0, 0, 0
82650, 12800, 0, 0, 0
82749, 13979, 0, 0, 0
82849, 20800, 0, 0, 0
82949, 18480, 0, 0, 0
83049, 12880, 0, 0, 0
83149, 13600, 0, 0, 0
83249, 14800, 0, 0, 0
83349, 13360, 0, 0, 0
83449, 14080, 0, 0, 0
83550, 13760, 0, 0, 0
83650, 11600, 0, 0, 0
83749, 13979, 0, 0, 0
83849, 11840, 0, 0, 0
83949, 14640, 0, 0, 0
84049, 16320, 0, 0, 0
84149, 15040, 0, 0, 0
84249, 17600, 0, 0, 0
84349, 16400, 0, 0, 0
84449, 14800, 0, 0, 0
84549, 13920, 0, 0, 0
84649, 14000, 0, 0, 0
84749, 18880, 0, 0, 0
84849, 18240, 0, 0, 0
84949, 13840, 0, 0, 0
85050, 13760, 0, 0, 0
85150, 15440, 0, 0, 0
85249, 10101, 0, 0, 0
85349, 7040, 0, 0, 0
85449, 5520, 0, 0, 0
85549, 6560, 0, 0, 0
85649, 7440, 0, 0, 0
85749, 6720, 0, 0, 0
85849, 13840, 0, 0, 0
85949, 16000, 0, 0, 0
86049, 13760, 0, 0, 0
86149, 11680, 0, 0, 0
86250, 8240, 0, 0, 0
86350, 6640, 0, 0, 0
86450, 5360, 0, 0, 0
86550, 6160, 0, 0, 0
86650, 12400, 0, 0, 0
86749, 13656, 0, 0, 0
86849, 13520, 0, 0, 0
86949, 10240, 0, 0, 0
87049, 10320, 0, 0, 0
87149, 9360, 0, 0, 0
87249, 10160, 0, 0, 0
87349, 12800, 0, 0, 0
87449, 11120, 0, 0, 0
87549, 10960, 0, 0, 0
87649, 11520, 0, 0, 0
87750, 13840, 0, 0, 0
87850, 11920, 0, 0, 0
87950, 11760, 0, 0, 0
88050, 11520, 0, 0, 0
88150, 11680, 0, 0, 0
88249, 10020, 0, 0, 0
88349, 8160, 0, 0, 0
88449, 14640, 0, 0, 0
88549, 13920, 0, 0, 0
88649, 13600, 0, 0, 0
88749, 12640, 0, 0, 0
88849, 14800, 0, 0, 0
88949, 12800, 0, 0, 0
89050, 14240, 0, 0, 0
89150, 14480, 0, 0, 0
89249, 13818, 0, 0, 0
89349, 10800, 0, 0, 0
89449, 11200, 0, 0, 0
89549, 14800, 0, 0, 0
89649, 14160, 0, 0, 0
89749, 12160, 0, 0, 0
89849, 12240, 0, 0, 0
89949, 14320, 0, 0, 0
