102, 18092979, 1, 0, 0
200, 17615962, 1, 0, 0
300, 16277771, 1, 0, 0
401, 17893913, 1, 0, 0
500, 17968142, 1, 0, 0
600, 18300996, 1, 0, 0
705, 28481811, 1, 0, 0
803, 102965746, 1, 0, 0
900, 89563136, 1, 0, 0
1009, 69036751, 1, 0, 0
1118, 103501029, 1, 0, 0
1200, 161952904, 1, 0, 0
1300, 91025977, 1, 0, 0
1400, 78949549, 1, 0, 0
1506, 65881654, 1, 0, 0
1600, 77345821, 1, 0, 0
1706, 79317131, 1, 0, 0
1831, 73229287, 1, 0, 0
1900, 93518781, 1, 0, 0
2004, 96577743, 1, 0, 0
2112, 82584551, 1, 0, 0
2203, 86511191, 1, 0, 0
2302, 83244163, 1, 0, 0
2402, 60624161, 1, 0, 0
2500, 18340736, 1, 0, 0
2600, 20287291, 1, 0, 0
2700, 19734518, 1, 0, 0
2800, 20242067, 1, 0, 0
2901, 30879211, 1, 0, 0
3001, 34431638, 1, 0, 0
3101, 39785595, 1, 0, 0
3202, 60991589, 1, 0, 0
3306, 55469958, 1, 0, 0
3401, 54903628, 1, 0, 0
3502, 64012519, 1, 0, 0
3616, 65026379, 1, 0, 0
3703, 68143500, 1, 0, 0
3800, 76536783, 1, 0, 0
3915, 73516762, 1, 0, 0
4000, 46470567, 1, 0, 0
4103, 38730610, 1, 0, 0
4207, 36552171, 1, 0, 0
4300, 37226587, 1, 0, 0
4401, 33603456, 1, 0, 0
4500, 20437972, 1, 0, 0
4601, 20975653, 1, 0, 0
4701, 50635689, 1, 0, 0
4800, 46705345, 1, 0, 0
4900, 42936877, 1, 0, 0
5002, 50055516, 1, 0, 0
5101, 52104366, 1, 0, 0
5200, 44837378, 1, 0, 0
5300, 40516477, 1, 0, 0
5401, 24786750, 1, 0, 0
5500, 29586805, 1, 0, 0
5608, 45081635, 1, 0, 0
5709, 50020326, 1, 0, 0
5800, 40246643, 1, 0, 0
5901, 41681363, 1, 0, 0
6000, 20023204, 1, 0, 0
6100, 20979465, 1, 0, 0
6200, 38378164, 1, 0, 0
6303, 35878464, 1, 0, 0
6400, 40556037, 1, 0, 0
6500, 30039902, 1, 0, 0
6600, 22504078, 1, 0, 0
6700, 18633178, 1, 0, 0
6800, 16439790, 1, 0, 0
6900, 18448029, 1, 0, 0
7000, 18080645, 1, 0, 0
7100, 14466080, 1, 0, 0
7200, 16684433, 1, 0, 0
7300, 17091354, 1, 0, 0
7401, 16937032, 1, 0, 0
7500, 13919830, 1, 0, 0
7600, 15986888, 1, 0, 0
7700, 16732011, 1, 0, 0
7800, 15800674, 1, 0, 0
7900, 18586291, 1, 0, 0
8000, 19590551, 1, 0, 0
8101, 21352177, 1, 0, 0
8200, 19649559, 1, 0, 0
8300, 29409111, 1, 0, 0
8400, 28934736, 1, 0, 0
8501, 31434503, 1, 0, 0
8602, 46534391, 1, 0, 0
8701, 28176162, 1, 0, 0
8800, 21843538, 1, 0, 0
8900, 30083822, 1, 0, 0
9000, 28202634, 1, 0, 0
9103, 23184165, 1, 0, 0
9200, 16326045, 1, 0, 0
9301, 20066274, 1, 0, 0
9401, 38838313, 1, 0, 0
9500, 25386657, 1, 0, 0
9600, 21966911, 1, 0, 0
9700, 20276194, 1, 0, 0
9800, 15802491, 1, 0, 0
9900, 18624158, 1, 0, 0
10000, 18217495, 1, 0, 0
10100, 18365509, 1, 0, 0
10200, 15908103, 1, 0, 0
10300, 18884658, 1, 0, 0
10400, 18827990, 1, 0, 0
10500, 17540332, 1, 0, 0
10600, 19012761, 1, 0, 0
10701, 26746046, 1, 0, 0
10804, 56632721, 1, 0, 0
10902, 66434808, 1, 0, 0
11010, 66828941, 1, 0, 0
11102, 97544748, 1, 0, 0
11202, 67094093, 1, 0, 0
11323, 62935355, 1, 0, 0
11400, 85687463, 1, 0, 0
11500, 78012897, 1, 0, 0
11600, 86991920, 1, 0, 0
11707, 91317285, 1, 0, 0
11800, 25685795, 1, 0, 0
11900, 15359168, 1, 0, 0
12000, 15905329, 1, 0, 0
12105, 18707793, 1, 0, 0
12200, 50054772, 1, 0, 0
12301, 73385664, 1, 0, 0
12409, 69943156, 1, 0, 0
12504, 82690076, 1, 0, 0
12600, 85060099, 1, 0, 0
12710, 63912308, 1, 0, 0
12800, 72563954, 1, 0, 0
12905, 70182833, 1, 0, 0
13000, 73979371, 1, 0, 0
13100, 60476347, 1, 0, 0
13205, 56354329, 1, 0, 0
13300, 57702662, 1, 0, 0
13407, 63855280, 1, 0, 0
13500, 37953464, 1, 0, 0
13600, 33148483, 1, 0, 0
13700, 19664887, 1, 0, 0
13800, 19411348, 1, 0, 0
13906, 17904536, 1, 0, 0
14001, 27433402, 1, 0, 0
14103, 46196475, 1, 0, 0
14201, 21409758, 1, 0, 0
14300, 15208994, 1, 0, 0
14403, 15827870, 1, 0, 0
14505, 25298260, 1, 0, 0
14613, 35159672, 1, 0, 0
14700, 35836237, 1, 0, 0
14800, 34709922, 1, 0, 0
14901, 37252953, 1, 0, 0
15004, 51969235, 1, 0, 0
15111, 38729867, 1, 0, 0
15200, 18462218, 1, 0, 0
15300, 18513451, 1, 0, 0
15402, 18326984, 1, 0, 0
15500, 19169089, 1, 0, 0
15600, 26228625, 1, 0, 0
15700, 42508055, 1, 0, 0
15800, 39999672, 1, 0, 0
15900, 18572459, 1, 0, 0
16000, 18005950, 1, 0, 0
16100, 21699706, 1, 0, 0
16200, 48234036, 1, 0, 0
16309, 46819258, 1, 0, 0
16404, 29665115, 1, 0, 0
16500, 19129516, 1, 0, 0
16600, 19986072, 1, 0, 0
16700, 21398299, 1, 0, 0
16801, 30767194, 1, 0, 0
16901, 30679767, 1, 0, 0
17000, 31507217, 1, 0, 0
17100, 33653892, 1, 0, 0
17200, 15340706, 1, 0, 0
17300, 15518502, 1, 0, 0
17400, 18582945, 1, 0, 0
17500, 17964759, 1, 0, 0
17601, 21029241, 1, 0, 0
17700, 31756960, 1, 0, 0
17800, 25416596, 1, 0, 0
17900, 21377347, 1, 0, 0
18000, 23995580, 1, 0, 0
18100, 40625281, 1, 0, 0
18200, 32801878, 1, 0, 0
18300, 18294032, 1, 0, 0
18400, 17359631, 1, 0, 0
18500, 20683655, 1, 0, 0
18600, 20467080, 1, 0, 0
18700, 33830434, 1, 0, 0
18800, 35458782, 1, 0, 0
18900, 29514913, 1, 0, 0
19000, 17677928, 1, 0, 0
19100, 17539479, 1, 0, 0
19200, 57727267, 1, 0, 0
19309, 119728226, 1, 0, 0
19400, 121451615, 1, 0, 0
19500, 83790247, 1, 0, 0
19600, 78571426, 1, 0, 0
19700, 77722258, 1, 0, 0
19816, 84464864, 1, 0, 0
19900, 83730874, 1, 0, 0
20010, 83697584, 1, 0, 0
20101, 99281409, 1, 0, 0
20203, 82442985, 1, 0, 0
20301, 96418409, 1, 0, 0
20400, 92119952, 1, 0, 0
20541, 103121476, 1, 0, 0
20600, 112582558, 1, 0, 0
20707, 68436691, 1, 0, 0
20800, 57640895, 1, 0, 0
20902, 29647472, 1, 0, 0
21003, 22031105, 1, 0, 0
21102, 25685219, 1, 0, 0
21201, 27180678, 1, 0, 0
21301, 28177269, 1, 0, 0
21401, 21272821, 1, 0, 0
21500, 32871776, 1, 0, 0
21600, 34581724, 1, 0, 0
21700, 36830437, 1, 0, 0
21800, 23118409, 1, 0, 0
21900, 17150217, 1, 0, 0
22003, 16013701, 1, 0, 0
22100, 17345055, 1, 0, 0
22200, 15937660, 1, 0, 0
22300, 15295864, 1, 0, 0
22401, 18192859, 1, 0, 0
22501, 17974876, 1, 0, 0
22600, 18990858, 1, 0, 0
22700, 14913256, 1, 0, 0
22800, 17959120, 1, 0, 0
22900, 17267375, 1, 0, 0
23000, 18090906, 1, 0, 0
23100, 16162480, 1, 0, 0
23200, 22135886, 1, 0, 0
23301, 32441104, 1, 0, 0
23400, 37776377, 1, 0, 0
23502, 34756379, 1, 0, 0
23600, 34382063, 1, 0, 0
23700, 34786608, 1, 0, 0
23800, 21231627, 1, 0, 0
23900, 18644231, 1, 0, 0
24000, 19729950, 1, 0, 0
24114, 23274146, 1, 0, 0
24210, 47739535, 1, 0, 0
24303, 46131524, 1, 0, 0
24406, 51919608, 1, 0, 0
24508, 50158460, 1, 0, 0
24612, 52353052, 1, 0, 0
24710, 50218345, 1, 0, 0
24803, 47534361, 1, 0, 0
24901, 42249593, 1, 0, 0
25000, 38607837, 1, 0, 0
25100, 17582370, 1, 0, 0
25200, 19244065, 1, 0, 0
25301, 21841711, 1, 0, 0
25400, 41104553, 1, 0, 0
25501, 40842726, 1, 0, 0
25600, 30745063, 1, 0, 0
25700, 29305380, 1, 0, 0
25801, 31052677, 1, 0, 0
25911, 34619846, 1, 0, 0
26006, 46543096, 1, 0, 0
26105, 49562597, 1, 0, 0
26205, 47955596, 1, 0, 0
26300, 48040327, 1, 0, 0
26401, 49550860, 1, 0, 0
26500, 50992899, 1, 0, 0
26603, 47503107, 1, 0, 0
26700, 46593141, 1, 0, 0
26800, 53641195, 1, 0, 0
26905, 55981801, 1, 0, 0
27000, 25373269, 1, 0, 0
27100, 18944821, 1, 0, 0
27200, 23890232, 1, 0, 0
27300, 35357701, 1, 0, 0
27407, 28133036, 1, 0, 0
27500, 33436009, 1, 0, 0
27600, 32557657, 1, 0, 0
27701, 35312838, 1, 0, 0
27804, 34049940, 1, 0, 0
27900, 19570457, 1, 0, 0
28000, 18830234, 1, 0, 0
28101, 21839818, 1, 0, 0
28200, 19848343, 1, 0, 0
28300, 16890436, 1, 0, 0
28400, 19069721, 1, 0, 0
28500, 18170549, 1, 0, 0
28600, 19099049, 1, 0, 0
28702, 28098219, 1, 0, 0
28800, 56865157, 1, 0, 0
28900, 60751607, 1, 0, 0
29001, 56807507, 1, 0, 0
29100, 53463129, 1, 0, 0
29200, 33781822, 1, 0, 0
29302, 27452228, 1, 0, 0
29401, 29307512, 1, 0, 0
29501, 22119046, 1, 0, 0
29601, 31938483, 1, 0, 0
29700, 30855107, 1, 0, 0
29803, 21583080, 1, 0, 0
29901, 18477882, 1, 0, 0
30000, 16186858, 1, 0, 0
30100, 41173848, 1, 0, 0
30200, 35178943, 1, 0, 0
30300, 51300969, 1, 0, 0
30405, 64863543, 1, 0, 0
30502, 72729476, 1, 0, 0
30602, 72985723, 1, 0, 0
30700, 77809329, 1, 0, 0
30802, 74260958, 1, 0, 0
30909, 75839832, 1, 0, 0
31003, 88110561, 1, 0, 0
31102, 62493664, 1, 0, 0
31200, 21775123, 1, 0, 0
31300, 19028577, 1, 0, 0
31400, 15219556, 1, 0, 0
31567, 19763022, 1, 0, 0
31639, 113174422, 1, 0, 0
31741, 205480518, 1, 0, 0
31800, 232819161, 1, 0, 0
31906, 188327325, 1, 0, 0
32006, 157067462, 1, 0, 0
32100, 115944659, 1, 0, 0
32202, 61873658, 1, 0, 0
32304, 73959061, 1, 0, 0
32400, 75015098, 1, 0, 0
32510, 70684151, 1, 0, 0
32601, 82567669, 1, 0, 0
32700, 74677441, 1, 0, 0
32822, 86662213, 1, 0, 0
32904, 88980258, 1, 0, 0
33000, 84155165, 1, 0, 0
33111, 76027414, 1, 0, 0
33205, 80849676, 1, 0, 0
33309, 60007750, 1, 0, 0
33401, 22103688, 1, 0, 0
33501, 15966918, 1, 0, 0
33600, 15078734, 1, 0, 0
33700, 18531991, 1, 0, 0
33801, 33302950, 1, 0, 0
33900, 35685581, 1, 0, 0
34004, 47558000, 1, 0, 0
34100, 48056250, 1, 0, 0
34202, 63010697, 1, 0, 0
34305, 54714016, 1, 0, 0
34400, 50908508, 1, 0, 0
34501, 50202525, 1, 0, 0
34600, 33287752, 1, 0, 0
34700, 28330469, 1, 0, 0
34800, 26501969, 1, 0, 0
34900, 25947948, 1, 0, 0
35000, 29218577, 1, 0, 0
35100, 21644343, 1, 0, 0
35201, 16604326, 1, 0, 0
35300, 17737464, 1, 0, 0
35400, 16073171, 1, 0, 0
35521, 13703289, 1, 0, 0
35600, 76761798, 1, 0, 0
35700, 53701863, 1, 0, 0
35800, 46699037, 1, 0, 0
35905, 55750667, 1, 0, 0
36015, 64792068, 1, 0, 0
36100, 70695152, 1, 0, 0
36201, 61314247, 1, 0, 0
36301, 67519372, 1, 0, 0
36400, 68327304, 1, 0, 0
36501, 64560347, 1, 0, 0
36601, 69943725, 1, 0, 0
36700, 76690753, 1, 0, 0
36802, 75418290, 1, 0, 0
36900, 24183297, 1, 0, 0
37000, 18094105, 1, 0, 0
37101, 16830862, 1, 0, 0
37210, 16200157, 1, 0, 0
37300, 41099073, 1, 0, 0
37402, 47065553, 1, 0, 0
37500, 43375180, 1, 0, 0
37606, 44907006, 1, 0, 0
37700, 39498576, 1, 0, 0
37801, 35685713, 1, 0, 0
37900, 23945962, 1, 0, 0
38000, 17570707, 1, 0, 0
38104, 20339221, 1, 0, 0
38236, 19717109, 1, 0, 0
38312, 42758466, 1, 0, 0
38400, 37186477, 1, 0, 0
38507, 38017329, 1, 0, 0
38600, 37553545, 1, 0, 0
38702, 42656032, 1, 0, 0
38800, 41051703, 1, 0, 0
38912, 43663955, 1, 0, 0
39002, 45803771, 1, 0, 0
39100, 46955005, 1, 0, 0
39200, 48481582, 1, 0, 0
39312, 61521078, 1, 0, 0
39400, 65368744, 1, 0, 0
39500, 69306827, 1, 0, 0
39600, 97377173, 1, 0, 0
39700, 26534357, 1, 0, 0
39800, 21326444, 1, 0, 0
39900, 20063262, 1, 0, 0
40001, 18721206, 1, 0, 0
40100, 20044150, 1, 0, 0
40200, 31601568, 1, 0, 0
40300, 26122100, 1, 0, 0
40400, 24096054, 1, 0, 0
40500, 22310264, 1, 0, 0
40600, 24188511, 1, 0, 0
40700, 56745989, 1, 0, 0
40812, 56002855, 1, 0, 0
40911, 80457194, 1, 0, 0
41009, 53229160, 1, 0, 0
41100, 46346865, 1, 0, 0
41200, 47110780, 1, 0, 0
41300, 46496342, 1, 0, 0
41401, 44853802, 1, 0, 0
41502, 33305099, 1, 0, 0
41600, 30077640, 1, 0, 0
41709, 24201279, 1, 0, 0
41800, 15932621, 1, 0, 0
41900, 14425597, 1, 0, 0
42000, 14027728, 1, 0, 0
42100, 16606884, 1, 0, 0
42200, 17817403, 1, 0, 0
42300, 16660853, 1, 0, 0
42400, 23520331, 1, 0, 0
42500, 17595249, 1, 0, 0
42600, 17613513, 1, 0, 0
42701, 18524454, 1, 0, 0
42800, 39376790, 1, 0, 0
42901, 41892767, 1, 0, 0
43001, 38364510, 1, 0, 0
43102, 38113136, 1, 0, 0
43201, 37210685, 1, 0, 0
43300, 24205951, 1, 0, 0
43400, 18599299, 1, 0, 0
43500, 31007303, 1, 0, 0
43600, 18522529, 1, 0, 0
43701, 21544802, 1, 0, 0
43803, 36221059, 1, 0, 0
43900, 38124470, 1, 0, 0
44000, 19167065, 1, 0, 0
44100, 19156915, 1, 0, 0
44200, 17653008, 1, 0, 0
44300, 18180397, 1, 0, 0
44400, 15265215, 1, 0, 0
44500, 17280250, 1, 0, 0
44600, 17660811, 1, 0, 0
44700, 19412912, 1, 0, 0
44807, 34769982, 1, 0, 0
44900, 50397814, 1, 0, 0
45001, 51661542, 1, 0, 0
45100, 48468846, 1, 0, 0
45201, 33691085, 1, 0, 0
45300, 35784627, 1, 0, 0
45400, 38456326, 1, 0, 0
45500, 37621568, 1, 0, 0
45601, 33267936, 1, 0, 0
45700, 31399212, 1, 0, 0
45801, 33930230, 1, 0, 0
45900, 37853203, 1, 0, 0
46005, 35160120, 1, 0, 0
46100, 27106390, 1, 0, 0
46201, 19843031, 1, 0, 0
46300, 37561734, 1, 0, 0
46402, 41299384, 1, 0, 0
46501, 47442872, 1, 0, 0
46600, 26872485, 1, 0, 0
46700, 24340867, 1, 0, 0
46800, 25240858, 1, 0, 0
46901, 16757904, 1, 0, 0
47000, 40411859, 1, 0, 0
47101, 43098769, 1, 0, 0
47200, 38306479, 1, 0, 0
47306, 40257540, 1, 0, 0
47400, 36859049, 1, 0, 0
47554, 39823972, 1, 0, 0
47601, 36365075, 1, 0, 0
47700, 19930129, 1, 0, 0
47800, 20860494, 1, 0, 0
47903, 18724085, 1, 0, 0
48000, 16655066, 1, 0, 0
48100, 16397700, 1, 0, 0
48201, 19754945, 1, 0, 0
48300, 17237758, 1, 0, 0
48400, 24615039, 1, 0, 0
48500, 18907237, 1, 0, 0
48600, 20185063, 1, 0, 0
48700, 22815016, 1, 0, 0
48802, 37783541, 1, 0, 0
48900, 39596626, 1, 0, 0
49000, 21770244, 1, 0, 0
49100, 24262224, 1, 0, 0
49203, 28756558, 1, 0, 0
49302, 38767307, 1, 0, 0
49400, 46076776, 1, 0, 0
49504, 44629553, 1, 0, 0
49600, 40292927, 1, 0, 0
49701, 17628362, 1, 0, 0
49800, 16961223, 1, 0, 0
49900, 22397687, 1, 0, 0
50000, 32470098, 1, 0, 0
50100, 23313795, 1, 0, 0
50200, 24612928, 1, 0, 0
50300, 26010857, 1, 0, 0
50401, 22763190, 1, 0, 0
50500, 18718650, 1, 0, 0
50600, 18550897, 1, 0, 0
50700, 19136970, 1, 0, 0
50800, 18600423, 1, 0, 0
50900, 17616175, 1, 0, 0
51014, 32131044, 1, 0, 0
51100, 59359038, 1, 0, 0
51204, 47797640, 1, 0, 0
51300, 35369523, 1, 0, 0
51400, 39511511, 1, 0, 0
51500, 24252854, 1, 0, 0
51600, 23960430, 1, 0, 0
51700, 17567656, 1, 0, 0
51800, 18346694, 1, 0, 0
51900, 17504065, 1, 0, 0
52000, 17719683, 1, 0, 0
52100, 15600898, 1, 0, 0
52200, 17866550, 1, 0, 0
52300, 17114654, 1, 0, 0
52422, 19215058, 1, 0, 0
52500, 37785165, 1, 0, 0
52604, 33010347, 1, 0, 0
52700, 26692344, 1, 0, 0
52800, 18007913, 1, 0, 0
52900, 18277226, 1, 0, 0
53002, 31284735, 1, 0, 0
53101, 76257275, 1, 0, 0
53201, 52143232, 1, 0, 0
53302, 58910675, 1, 0, 0
53400, 62909832, 1, 0, 0
53500, 58806647, 1, 0, 0
53601, 48281919, 1, 0, 0
53703, 52349176, 1, 0, 0
53803, 58325754, 1, 0, 0
53900, 43425969, 1, 0, 0
54000, 37120262, 1, 0, 0
54100, 38106840, 1, 0, 0
54200, 33712958, 1, 0, 0
54300, 20768191, 1, 0, 0
54401, 18350724, 1, 0, 0
54500, 28566722, 1, 0, 0
54600, 27834109, 1, 0, 0
54702, 34108747, 1, 0, 0
54800, 39737746, 1, 0, 0
54900, 37640902, 1, 0, 0
55000, 39967974, 1, 0, 0
55100, 33388989, 1, 0, 0
55204, 43754837, 1, 0, 0
55300, 41193889, 1, 0, 0
55400, 51460917, 1, 0, 0
55500, 21711881, 1, 0, 0
55601, 20658708, 1, 0, 0
55700, 20197722, 1, 0, 0
55800, 22176123, 1, 0, 0
55900, 18506406, 1, 0, 0
56000, 23789572, 1, 0, 0
56100, 18688035, 1, 0, 0
56200, 17195044, 1, 0, 0
56300, 18906760, 1, 0, 0
56400, 21760466, 1, 0, 0
56500, 20518461, 1, 0, 0
56607, 23777378, 1, 0, 0
56700, 20991531, 1, 0, 0
56800, 18354272, 1, 0, 0
56900, 21843702, 1, 0, 0
57000, 25784692, 1, 0, 0
57101, 23964071, 1, 0, 0
57202, 21820998, 1, 0, 0
57301, 18890730, 1, 0, 0
57403, 18512526, 1, 0, 0
57500, 17659379, 1, 0, 0
57601, 18250310, 1, 0, 0
57700, 17998883, 1, 0, 0
57800, 18143109, 1, 0, 0
57900, 17262130, 1, 0, 0
58000, 16875850, 1, 0, 0
58100, 31241602, 1, 0, 0
58219, 37554212, 1, 0, 0
58316, 54746772, 1, 0, 0
58400, 61114519, 1, 0, 0
58520, 61893022, 1, 0, 0
58605, 78900266, 1, 0, 0
58700, 82945827, 1, 0, 0
58842, 77836181, 1, 0, 0
58923, 82906133, 1, 0, 0
59002, 82595918, 1, 0, 0
59100, 74674668, 1, 0, 0
59200, 22612810, 1, 0, 0
59300, 20788334, 1, 0, 0
59400, 23682742, 1, 0, 0
59500, 18814804, 1, 0, 0
59600, 15614731, 1, 0, 0
59700, 17759796, 1, 0, 0
59800, 18799487, 1, 0, 0
59900, 33936422, 1, 0, 0
60002, 19720083, 1, 0, 0
60101, 29228881, 1, 0, 0
60201, 31745562, 1, 0, 0
60300, 40064822, 1, 0, 0
60402, 52579224, 1, 0, 0
60501, 48428050, 1, 0, 0
60604, 50088300, 1, 0, 0
60701, 45976574, 1, 0, 0
60800, 43023165, 1, 0, 0
60900, 39865388, 1, 0, 0
61001, 47785167, 1, 0, 0
61100, 32717457, 1, 0, 0
61201, 30250534, 1, 0, 0
61300, 26606418, 1, 0, 0
61400, 17599898, 1, 0, 0
61500, 16568816, 1, 0, 0
61600, 20596923, 1, 0, 0
61700, 18793911, 1, 0, 0
61800, 17320028, 1, 0, 0
61900, 21116862, 1, 0, 0
62003, 35365861, 1, 0, 0
62103, 33678011, 1, 0, 0
62202, 33203939, 1, 0, 0
62301, 32589930, 1, 0, 0
62400, 35961153, 1, 0, 0
62500, 28093450, 1, 0, 0
62600, 18299520, 1, 0, 0
62700, 16847962, 1, 0, 0
62800, 19980975, 1, 0, 0
62900, 20329882, 1, 0, 0
63000, 35424050, 1, 0, 0
63105, 40655422, 1, 0, 0
63200, 23665454, 1, 0, 0
63300, 22484939, 1, 0, 0
63401, 37021218, 1, 0, 0
63500, 42620580, 1, 0, 0
63600, 22325517, 1, 0, 0
63700, 23036619, 1, 0, 0
63800, 20044397, 1, 0, 0
63900, 17731298, 1, 0, 0
64000, 21626194, 1, 0, 0
64101, 40860866, 1, 0, 0
64200, 34873245, 1, 0, 0
64300, 18939271, 1, 0, 0
64400, 16777997, 1, 0, 0
64500, 19154766, 1, 0, 0
64600, 26320577, 1, 0, 0
64700, 27976306, 1, 0, 0
64807, 21331367, 1, 0, 0
64900, 18250097, 1, 0, 0
65000, 15009857, 1, 0, 0
65101, 22534810, 1, 0, 0
65200, 40802169, 1, 0, 0
65302, 37490656, 1, 0, 0
65404, 41029124, 1, 0, 0
65501, 50966821, 1, 0, 0
65600, 44317142, 1, 0, 0
65721, 49818261, 1, 0, 0
65801, 51781835, 1, 0, 0
65901, 48279620, 1, 0, 0
66000, 48207884, 1, 0, 0
66107, 39225324, 1, 0, 0
66201, 43189361, 1, 0, 0
66300, 38348727, 1, 0, 0
66406, 30467138, 1, 0, 0
66500, 27700749, 1, 0, 0
66600, 19537949, 1, 0, 0
66700, 20387597, 1, 0, 0
66800, 20443049, 1, 0, 0
66900, 16582229, 1, 0, 0
67000, 21502590, 1, 0, 0
67100, 23670220, 1, 0, 0
67200, 23499280, 1, 0, 0
67300, 23568205, 1, 0, 0
67400, 22795648, 1, 0, 0
67500, 39926876, 1, 0, 0
67600, 44143734, 1, 0, 0
67700, 42152896, 1, 0, 0
67801, 36227316, 1, 0, 0
67902, 36565173, 1, 0, 0
68000, 37990463, 1, 0, 0
68103, 36865981, 1, 0, 0
68200, 21835020, 1, 0, 0
68300, 22714275, 1, 0, 0
68407, 24945848, 1, 0, 0
68500, 19963793, 1, 0, 0
68600, 17528106, 1, 0, 0
68701, 30014588, 1, 0, 0
68800, 35092373, 1, 0, 0
68901, 39666972, 1, 0, 0
69000, 42076428, 1, 0, 0
69100, 48106107, 1, 0, 0
69204, 54273641, 1, 0, 0
69306, 58052740, 1, 0, 0
69413, 48554813, 1, 0, 0
69500, 54624142, 1, 0, 0
69600, 21168065, 1, 0, 0
69700, 17449435, 1, 0, 0
69800, 17395130, 1, 0, 0
69900, 17246041, 1, 0, 0
70000, 17934653, 1, 0, 0
70100, 19116520, 1, 0, 0
70200, 24364197, 1, 0, 0
70300, 24687647, 1, 0, 0
70400, 20288954, 1, 0, 0
70500, 22123335, 1, 0, 0
70600, 19318538, 1, 0, 0
70700, 16870400, 1, 0, 0
70800, 20384383, 1, 0, 0
70901, 41290488, 1, 0, 0
71000, 41528839, 1, 0, 0
71100, 50617305, 1, 0, 0
71203, 49794286, 1, 0, 0
71307, 37535345, 1, 0, 0
71400, 44042734, 1, 0, 0
71503, 43748225, 1, 0, 0
71600, 55890404, 1, 0, 0
71700, 19982223, 1, 0, 0
71801, 27882866, 1, 0, 0
71902, 38978369, 1, 0, 0
72000, 36781465, 1, 0, 0
72100, 35407428, 1, 0, 0
72200, 32831432, 1, 0, 0
72302, 30391321, 1, 0, 0
72401, 33176596, 1, 0, 0
72500, 34295147, 1, 0, 0
72600, 27863267, 1, 0, 0
72700, 18206294, 1, 0, 0
72802, 18986995, 1, 0, 0
72900, 17019786, 1, 0, 0
73000, 17793015, 1, 0, 0
73100, 17243719, 1, 0, 0
73200, 17260765, 1, 0, 0
73300, 16706823, 1, 0, 0
73401, 20285793, 1, 0, 0
73562, 21913509, 1, 0, 0
73603, 36523068, 1, 0, 0
73712, 22050354, 1, 0, 0
73801, 44060436, 1, 0, 0
73900, 43944161, 1, 0, 0
74000, 25849637, 1, 0, 0
74101, 24916023, 1, 0, 0
74200, 33856188, 1, 0, 0
74300, 28596693, 1, 0, 0
74400, 16240958, 1, 0, 0
74500, 28141146, 1, 0, 0
74600, 34627213, 1, 0, 0
74700, 31971761, 1, 0, 0
74800, 31018582, 1, 0, 0
74903, 40549555, 1, 0, 0
75000, 25469585, 1, 0, 0
75100, 21541846, 1, 0, 0
75200, 16167078, 1, 0, 0
75301, 15478042, 1, 0, 0
75400, 13859370, 1, 0, 0
75500, 15208607, 1, 0, 0
75600, 15462288, 1, 0, 0
75702, 18497727, 1, 0, 0
75809, 99839758, 1, 0, 0
75903, 142767494, 1, 0, 0
76000, 63876718, 1, 0, 0
76100, 57834444, 1, 0, 0
76201, 24477226, 1, 0, 0
76300, 20000455, 1, 0, 0
76440, 18281554, 1, 0, 0
76504, 73344927, 1, 0, 0
76600, 69687894, 1, 0, 0
76700, 82808202, 1, 0, 0
76815, 73991074, 1, 0, 0
76900, 71866525, 1, 0, 0
77002, 77868918, 1, 0, 0
77106, 87046789, 1, 0, 0
77230, 123714525, 1, 0, 0
77303, 81080308, 1, 0, 0
77435, 88825677, 1, 0, 0
77507, 111243291, 1, 0, 0
77602, 100267266, 1, 0, 0
77700, 80349029, 1, 0, 0
77814, 67664332, 1, 0, 0
77907, 63249690, 1, 0, 0
78001, 78885236, 1, 0, 0
78100, 34684807, 1, 0, 0
78200, 28585868, 1, 0, 0
78301, 29715681, 1, 0, 0
78400, 29891105, 1, 0, 0
78500, 23936094, 1, 0, 0
78600, 21282881, 1, 0, 0
78729, 49862344, 1, 0, 0
78800, 72193272, 1, 0, 0
78901, 70462704, 1, 0, 0
79013, 74070421, 1, 0, 0
79103, 75312208, 1, 0, 0
79213, 60263381, 1, 0, 0
79300, 77828838, 1, 0, 0
79400, 77816067, 1, 0, 0
79501, 58548787, 1, 0, 0
79601, 64208111, 1, 0, 0
79700, 67770382, 1, 0, 0
79801, 75554898, 1, 0, 0
79900, 62804146, 1, 0, 0
80000, 55984758, 1, 0, 0
80101, 20562023, 1, 0, 0
80200, 20581653, 1, 0, 0
80300, 22719082, 1, 0, 0
80400, 35021937, 1, 0, 0
80502, 21638689, 1, 0, 0
80600, 18086802, 1, 0, 0
80700, 21627077, 1, 0, 0
80800, 18326657, 1, 0, 0
80900, 17404546, 1, 0, 0
81000, 75456068, 1, 0, 0
81100, 76668451, 1, 0, 0
81201, 75846062, 1, 0, 0
81302, 79417358, 1, 0, 0
81409, 89703167, 1, 0, 0
81504, 98756528, 1, 0, 0
81608, 106568561, 1, 0, 0
81702, 75638352, 1, 0, 0
81800, 68865602, 1, 0, 0
81900, 66854499, 1, 0, 0
82000, 70453231, 1, 0, 0
82100, 65209087, 1, 0, 0
82204, 50127095, 1, 0, 0
82307, 48345099, 1, 0, 0
82400, 40069498, 1, 0, 0
82501, 46785172, 1, 0, 0
82604, 45473465, 1, 0, 0
82701, 45919064, 1, 0, 0
82801, 55868607, 1, 0, 0
82901, 60448941, 1, 0, 0
83003, 56218273, 1, 0, 0
83108, 52989574, 1, 0, 0
83205, 50246828, 1, 0, 0
83300, 42595418, 1, 0, 0
83401, 40167411, 1, 0, 0
83500, 16879276, 1, 0, 0
83600, 16465717, 1, 0, 0
83700, 17487242, 1, 0, 0
83800, 14755043, 1, 0, 0
83901, 28265507, 1, 0, 0
84001, 16539520, 1, 0, 0
84102, 24109209, 1, 0, 0
84201, 22489621, 1, 0, 0
84303, 18068203, 1, 0, 0
84401, 22659031, 1, 0, 0
84500, 21076626, 1, 0, 0
84600, 17919623, 1, 0, 0
84700, 16154210, 1, 0, 0
84800, 19541934, 1, 0, 0
84900, 19353286, 1, 0, 0
85000, 18879021, 1, 0, 0
85100, 16347612, 1, 0, 0
85200, 17684605, 1, 0, 0
85300, 18447062, 1, 0, 0
85402, 16980441, 1, 0, 0
85500, 39028034, 1, 0, 0
85600, 50443826, 1, 0, 0
85714, 48244673, 1, 0, 0
85806, 47936218, 1, 0, 0
85901, 46833364, 1, 0, 0
86004, 45018399, 1, 0, 0
86101, 35438640, 1, 0, 0
86200, 34478262, 1, 0, 0
86300, 20302961, 1, 0, 0
86400, 21340835, 1, 0, 0
86500, 22247467, 1, 0, 0
86600, 21488104, 1, 0, 0
86700, 20843123, 1, 0, 0
86800, 16957462, 1, 0, 0
86900, 16893424, 1, 0, 0
87000, 17025038, 1, 0, 0
87100, 17188797, 1, 0, 0
87200, 19095789, 1, 0, 0
87301, 18639120, 1, 0, 0
87400, 18852119, 1, 0, 0
87500, 24414908, 1, 0, 0
87600, 24587281, 1, 0, 0
87700, 27943504, 1, 0, 0
87800, 44417103, 1, 0, 0
87900, 49728435, 1, 0, 0
88003, 39987941, 1, 0, 0
88107, 45337641, 1, 0, 0
88203, 41197251, 1, 0, 0
88300, 27878614, 1, 0, 0
88400, 19563154, 1, 0, 0
88500, 17239239, 1, 0, 0
88601, 17778765, 1, 0, 0
88700, 18527883, 1, 0, 0
88800, 34443953, 1, 0, 0
88900, 36660607, 1, 0, 0
89000, 36545353, 1, 0, 0
89100, 33324012, 1, 0, 0
89201, 32652302, 1, 0, 0
89300, 34897025, 1, 0, 0
89400, 16993080, 1, 0, 0
89500, 16840749, 1, 0, 0
89600, 22556500, 1, 0, 0
89700, 34617232, 1, 0, 0
89800, 24132592, 1, 0, 0
89900, 19285532, 1, 0, 0
90049, 32723514, 1, 0, 0
90058, 83626864, 1, 0, 0
