100, 5577, 0, 0, 0
200, 5636, 0, 0, 0
300, 5676, 0, 0, 0
400, 5067, 0, 0, 0
500, 6056, 0, 0, 0
601, 5803, 0, 0, 0
700, 5235, 0, 0, 0
800, 5478, 0, 0, 0
901, 4890, 0, 0, 0
1000, 5406, 0, 0, 0
1101, 5492, 0, 0, 0
1200, 5316, 0, 0, 0
1300, 5697, 0, 0, 0
1402, 5060, 0, 0, 0
1500, 5883, 0, 0, 0
1600, 5160, 0, 0, 0
1700, 5223, 0, 0, 0
1800, 5010, 0, 0, 0
1900, 4872, 0, 0, 0
2000, 5127, 0, 0, 0
2100, 5049, 0, 0, 0
2200, 5237, 0, 0, 0
2300, 5702, 0, 0, 0
2403, 5493, 0, 0, 0
2501, 5664, 0, 0, 0
2600, 5832, 0, 0, 0
2702, 5955, 0, 0, 0
2800, 5494, 0, 0, 0
2900, 5703, 0, 0, 0
3002, 5555, 0, 0, 0
3100, 5842, 0, 0, 0
3200, 6134, 0, 0, 0
3302, 5847, 0, 0, 0
3400, 5621, 0, 0, 0
3500, 5733, 0, 0, 0
3600, 6116, 0, 0, 0
3701, 5578, 0, 0, 0
3801, 6035, 0, 0, 0
3900, 5346, 0, 0, 0
4000, 5817, 0, 0, 0
4101, 5023, 0, 0, 0
4200, 5650, 0, 0, 0
4300, 5800, 0, 0, 0
4401, 5413, 0, 0, 0
4500, 4820, 0, 0, 0
4600, 5153, 0, 0, 0
4700, 4813, 0, 0, 0
4800, 4909, 0, 0, 0
4900, 5308, 0, 0, 0
5000, 5733, 0, 0, 0
5101, 5094, 0, 0, 0
5200, 5157, 0, 0, 0
5300, 5275, 0, 0, 0
5402, 5177, 0, 0, 0
5500, 5115, 0, 0, 0
5601, 5114, 0, 0, 0
5700, 5433, 0, 0, 0
5800, 5857, 0, 0, 0
5900, 5458, 0, 0, 0
6000, 5479, 0, 0, 0
6102, 5315, 0, 0, 0
6200, 5548, 0, 0, 0
6304, 5357, 0, 0, 0
6400, 5295, 0, 0, 0
6500, 5167, 0, 0, 0
6600, 5308, 0, 0, 0
6701, 5238, 0, 0, 0
6801, 5371, 0, 0, 0
6901, 5714, 0, 0, 0
7001, 5756, 0, 0, 0
7101, 5353, 0, 0, 0
7200, 5506, 0, 0, 0
7301, 5658, 0, 0, 0
7400, 5429, 0, 0, 0
7500, 5608, 0, 0, 0
7600, 5243, 0, 0, 0
7700, 5225, 0, 0, 0
7801, 5440, 0, 0, 0
7900, 5469, 0, 0, 0
8000, 5146, 0, 0, 0
8100, 5118, 0, 0, 0
8205, 5156, 0, 0, 0
8300, 5731, 0, 0, 0
8400, 5403, 0, 0, 0
8500, 5314, 0, 0, 0
8600, 5266, 0, 0, 0
8701, 5999, 0, 0, 0
8800, 5285, 0, 0, 0
8900, 4992, 0, 0, 0
9001, 4946, 0, 0, 0
9100, 5806, 0, 0, 0
9201, 5763, 0, 0, 0
9300, 5584, 0, 0, 0
9401, 5446, 0, 0, 0
9500, 5103, 0, 0, 0
9600, 5040, 0, 0, 0
9700, 5443, 0, 0, 0
9801, 5405, 0, 0, 0
9900, 5609, 0, 0, 0
10000, 5340, 0, 0, 0
10100, 5141, 0, 0, 0
10200, 5096, 0, 0, 0
10300, 5503, 0, 0, 0
10400, 4891, 0, 0, 0
10500, 5849, 0, 0, 0
10600, 5167, 0, 0, 0
10700, 5523, 0, 0, 0
10800, 5285, 0, 0, 0
10900, 5281, 0, 0, 0
11000, 5268, 0, 0, 0
11101, 5229, 0, 0, 0
11201, 5584, 0, 0, 0
11300, 5377, 0, 0, 0
11400, 5286, 0, 0, 0
11500, 5198, 0, 0, 0
11601, 5693, 0, 0, 0
11700, 5204, 0, 0, 0
11802, 5672, 0, 0, 0
11902, 5311, 0, 0, 0
12001, 5309, 0, 0, 0
12101, 5065, 0, 0, 0
12200, 5300, 0, 0, 0
12300, 5251, 0, 0, 0
12400, 5448, 0, 0, 0
12500, 5316, 0, 0, 0
12600, 4700, 0, 0, 0
12700, 4525, 0, 0, 0
12800, 4935, 0, 0, 0
12900, 4896, 0, 0, 0
13000, 5907, 0, 0, 0
13100, 5572, 0, 0, 0
13200, 5847, 0, 0, 0
13301, 5692, 0, 0, 0
13400, 5614, 0, 0, 0
13501, 5758, 0, 0, 0
13600, 5045, 0, 0, 0
13702, 5124, 0, 0, 0
13800, 5398, 0, 0, 0
13902, 5619, 0, 0, 0
14000, 5571, 0, 0, 0
14100, 5694, 0, 0, 0
14200, 5078, 0, 0, 0
14302, 5187, 0, 0, 0
14400, 5765, 0, 0, 0
14501, 5882, 0, 0, 0
14600, 5660, 0, 0, 0
14701, 5586, 0, 0, 0
14800, 5114, 0, 0, 0
14900, 5585, 0, 0, 0
15000, 5465, 0, 0, 0
15101, 5576, 0, 0, 0
15200, 5861, 0, 0, 0
15300, 5257, 0, 0, 0
15401, 5661, 0, 0, 0
15501, 4901, 0, 0, 0
15601, 5767, 0, 0, 0
15706, 5097, 0, 0, 0
15801, 5845, 0, 0, 0
15900, 5097, 0, 0, 0
16000, 5774, 0, 0, 0
16100, 5135, 0, 0, 0
16201, 5511, 0, 0, 0
16300, 5827, 0, 0, 0
16401, 6028, 0, 0, 0
16502, 5534, 0, 0, 0
16600, 5724, 0, 0, 0
16700, 5513, 0, 0, 0
16801, 5441, 0, 0, 0
16900, 5507, 0, 0, 0
17000, 5094, 0, 0, 0
17100, 5225, 0, 0, 0
17200, 5153, 0, 0, 0
17300, 5016, 0, 0, 0
17401, 5705, 0, 0, 0
17500, 5833, 0, 0, 0
17601, 5812, 0, 0, 0
17701, 5847, 0, 0, 0
17800, 6151, 0, 0, 0
17900, 5598, 0, 0, 0
18002, 5780, 0, 0, 0
18100, 5397, 0, 0, 0
18200, 6016, 0, 0, 0
18301, 5462, 0, 0, 0
18406, 5245, 0, 0, 0
18500, 5211, 0, 0, 0
18600, 5223, 0, 0, 0
18701, 5300, 0, 0, 0
18800, 5695, 0, 0, 0
18902, 5415, 0, 0, 0
19000, 5203, 0, 0, 0
19100, 5764, 0, 0, 0
19200, 5075, 0, 0, 0
19302, 5664, 0, 0, 0
19402, 5913, 0, 0, 0
19500, 5700, 0, 0, 0
19600, 5236, 0, 0, 0
19700, 5751, 0, 0, 0
19800, 5507, 0, 0, 0
19901, 5709, 0, 0, 0
20004, 5510, 0, 0, 0
20100, 5234, 0, 0, 0
20200, 5547, 0, 0, 0
20302, 5793, 0, 0, 0
20400, 5763, 0, 0, 0
20500, 5766, 0, 0, 0
20600, 5483, 0, 0, 0
20700, 5667, 0, 0, 0
20800, 5865, 0, 0, 0
20900, 5018, 0, 0, 0
21000, 5231, 0, 0, 0
21100, 6019, 0, 0, 0
21203, 5905, 0, 0, 0
21301, 5546, 0, 0, 0
21401, 5752, 0, 0, 0
21500, 5749, 0, 0, 0
21600, 5437, 0, 0, 0
21700, 5458, 0, 0, 0
21800, 5182, 0, 0, 0
21901, 4929, 0, 0, 0
22000, 5658, 0, 0, 0
22101, 5556, 0, 0, 0
22203, 5290, 0, 0, 0
22301, 5776, 0, 0, 0
22401, 5365, 0, 0, 0
22500, 5711, 0, 0, 0
22600, 5425, 0, 0, 0
22700, 5582, 0, 0, 0
22800, 5481, 0, 0, 0
22901, 5258, 0, 0, 0
23001, 5235, 0, 0, 0
23100, 5630, 0, 0, 0
23200, 5816, 0, 0, 0
23301, 4993, 0, 0, 0
23401, 5841, 0, 0, 0
23500, 4875, 0, 0, 0
23600, 5225, 0, 0, 0
23700, 5571, 0, 0, 0
23800, 5347, 0, 0, 0
23902, 5684, 0, 0, 0
24000, 5360, 0, 0, 0
24100, 5567, 0, 0, 0
24202, 5797, 0, 0, 0
24302, 5437, 0, 0, 0
24401, 4898, 0, 0, 0
24500, 5330, 0, 0, 0
24600, 5690, 0, 0, 0
24700, 5636, 0, 0, 0
24800, 5541, 0, 0, 0
24900, 5745, 0, 0, 0
25000, 5767, 0, 0, 0
25100, 5239, 0, 0, 0
25200, 5059, 0, 0, 0
25300, 5501, 0, 0, 0
25400, 5107, 0, 0, 0
25500, 5391, 0, 0, 0
25600, 5475, 0, 0, 0
25700, 5529, 0, 0, 0
25800, 5384, 0, 0, 0
25900, 4958, 0, 0, 0
26000, 5261, 0, 0, 0
26100, 4813, 0, 0, 0
26200, 5213, 0, 0, 0
26300, 5402, 0, 0, 0
26400, 5188, 0, 0, 0
26500, 5436, 0, 0, 0
26600, 5198, 0, 0, 0
26700, 5958, 0, 0, 0
26800, 5132, 0, 0, 0
26902, 5226, 0, 0, 0
27000, 5571, 0, 0, 0
27101, 5236, 0, 0, 0
27200, 5203, 0, 0, 0
27301, 4858, 0, 0, 0
27400, 4821, 0, 0, 0
27500, 5224, 0, 0, 0
27600, 5129, 0, 0, 0
27700, 5353, 0, 0, 0
27802, 5445, 0, 0, 0
27900, 5578, 0, 0, 0
28000, 5882, 0, 0, 0
28100, 5586, 0, 0, 0
28201, 5487, 0, 0, 0
28300, 5231, 0, 0, 0
28400, 5203, 0, 0, 0
28502, 6054, 0, 0, 0
28601, 5726, 0, 0, 0
28701, 5299, 0, 0, 0
28800, 5588, 0, 0, 0
28904, 5337, 0, 0, 0
29002, 5567, 0, 0, 0
29100, 5945, 0, 0, 0
29201, 5519, 0, 0, 0
29300, 5601, 0, 0, 0
29400, 5106, 0, 0, 0
29500, 5193, 0, 0, 0
29600, 5121, 0, 0, 0
29702, 5336, 0, 0, 0
29802, 5771, 0, 0, 0
29900, 5591, 0, 0, 0
30001, 5559, 0, 0, 0
30100, 4999, 0, 0, 0
30200, 5192, 0, 0, 0
30300, 4520, 0, 0, 0
30400, 5124, 0, 0, 0
30500, 5872, 0, 0, 0
30600, 5449, 0, 0, 0
30700, 5463, 0, 0, 0
30800, 5031, 0, 0, 0
30900, 5447, 0, 0, 0
31000, 4812, 0, 0, 0
31100, 5475, 0, 0, 0
31200, 5311, 0, 0, 0
31301, 5300, 0, 0, 0
31400, 5105, 0, 0, 0
31500, 5468, 0, 0, 0
31601, 5215, 0, 0, 0
31701, 5864, 0, 0, 0
31801, 5376, 0, 0, 0
31900, 5462, 0, 0, 0
32000, 5012, 0, 0, 0
32100, 5259, 0, 0, 0
32200, 5326, 0, 0, 0
32301, 5194, 0, 0, 0
32400, 5338, 0, 0, 0
32500, 4828, 0, 0, 0
32600, 5159, 0, 0, 0
32700, 5387, 0, 0, 0
32800, 5725, 0, 0, 0
32900, 5299, 0, 0, 0
33000, 5461, 0, 0, 0
33100, 5403, 0, 0, 0
33201, 5455, 0, 0, 0
33300, 5721, 0, 0, 0
33400, 5494, 0, 0, 0
33500, 5366, 0, 0, 0
33601, 5194, 0, 0, 0
33700, 5853, 0, 0, 0
33801, 5521, 0, 0, 0
33900, 5248, 0, 0, 0
34000, 5625, 0, 0, 0
34100, 5689, 0, 0, 0
34200, 6003, 0, 0, 0
34301, 5155, 0, 0, 0
34401, 5118, 0, 0, 0
34500, 5569, 0, 0, 0
34600, 5223, 0, 0, 0
34701, 5492, 0, 0, 0
34800, 5753, 0, 0, 0
34900, 5194, 0, 0, 0
35000, 5914, 0, 0, 0
35100, 5423, 0, 0, 0
35200, 6089, 0, 0, 0
35300, 5894, 0, 0, 0
35400, 5478, 0, 0, 0
35500, 5291, 0, 0, 0
35600, 5624, 0, 0, 0
35700, 5219, 0, 0, 0
35800, 5790, 0, 0, 0
35900, 5541, 0, 0, 0
36000, 5039, 0, 0, 0
36103, 4983, 0, 0, 0
36200, 5021, 0, 0, 0
36300, 5128, 0, 0, 0
36400, 4708, 0, 0, 0
36500, 5568, 0, 0, 0
36601, 5464, 0, 0, 0
36700, 5579, 0, 0, 0
36801, 5721, 0, 0, 0
36900, 5365, 0, 0, 0
37000, 5171, 0, 0, 0
37100, 5451, 0, 0, 0
37200, 5424, 0, 0, 0
37300, 5543, 0, 0, 0
37400, 5077, 0, 0, 0
37501, 5295, 0, 0, 0
37600, 5656, 0, 0, 0
37701, 5368, 0, 0, 0
37800, 5397, 0, 0, 0
37901, 5149, 0, 0, 0
38001, 5887, 0, 0, 0
38100, 5551, 0, 0, 0
38200, 5581, 0, 0, 0
38300, 5138, 0, 0, 0
38400, 5574, 0, 0, 0
38501, 5339, 0, 0, 0
38600, 5083, 0, 0, 0
38701, 5584, 0, 0, 0
38800, 5160, 0, 0, 0
38900, 5325, 0, 0, 0
39002, 5629, 0, 0, 0
39100, 5058, 0, 0, 0
39200, 5403, 0, 0, 0
39300, 5191, 0, 0, 0
39400, 5398, 0, 0, 0
39500, 5232, 0, 0, 0
39600, 5392, 0, 0, 0
39700, 5472, 0, 0, 0
39800, 5440, 0, 0, 0
39902, 5165, 0, 0, 0
40002, 5614, 0, 0, 0
40101, 5380, 0, 0, 0
40205, 5905, 0, 0, 0
40300, 5725, 0, 0, 0
40402, 5227, 0, 0, 0
40500, 5239, 0, 0, 0
40600, 5576, 0, 0, 0
40700, 5455, 0, 0, 0
40800, 5696, 0, 0, 0
40900, 5667, 0, 0, 0
41000, 5471, 0, 0, 0
41101, 4960, 0, 0, 0
41200, 5684, 0, 0, 0
41301, 5956, 0, 0, 0
41400, 5238, 0, 0, 0
41500, 5477, 0, 0, 0
41600, 5021, 0, 0, 0
41700, 5530, 0, 0, 0
41800, 5800, 0, 0, 0
41901, 5636, 0, 0, 0
42001, 5827, 0, 0, 0
42102, 5897, 0, 0, 0
42200, 5661, 0, 0, 0
42300, 5664, 0, 0, 0
42401, 5153, 0, 0, 0
42501, 5683, 0, 0, 0
42600, 5858, 0, 0, 0
42700, 5241, 0, 0, 0
42801, 5294, 0, 0, 0
42901, 5614, 0, 0, 0
43001, 5421, 0, 0, 0
43100, 5388, 0, 0, 0
43205, 5143, 0, 0, 0
43300, 5118, 0, 0, 0
43400, 5072, 0, 0, 0
43500, 5228, 0, 0, 0
43600, 5117, 0, 0, 0
43701, 5736, 0, 0, 0
43800, 5385, 0, 0, 0
43900, 5518, 0, 0, 0
44000, 5502, 0, 0, 0
44101, 5500, 0, 0, 0
44200, 5540, 0, 0, 0
44303, 5410, 0, 0, 0
44404, 5353, 0, 0, 0
44501, 5207, 0, 0, 0
44600, 5205, 0, 0, 0
44700, 5323, 0, 0, 0
44800, 5424, 0, 0, 0
44900, 5089, 0, 0, 0
45000, 5303, 0, 0, 0
45102, 5387, 0, 0, 0
45201, 6165, 0, 0, 0
45300, 5481, 0, 0, 0
45400, 5377, 0, 0, 0
45502, 5325, 0, 0, 0
45601, 5344, 0, 0, 0
45700, 5110, 0, 0, 0
45800, 4977, 0, 0, 0
45900, 4987, 0, 0, 0
46001, 5262, 0, 0, 0
46100, 5240, 0, 0, 0
46201, 5275, 0, 0, 0
46301, 5218, 0, 0, 0
46401, 5345, 0, 0, 0
46501, 5588, 0, 0, 0
46600, 5342, 0, 0, 0
46700, 5422, 0, 0, 0
46800, 5604, 0, 0, 0
46901, 5311, 0, 0, 0
47000, 5446, 0, 0, 0
47101, 5782, 0, 0, 0
47202, 5523, 0, 0, 0
47300, 5438, 0, 0, 0
47401, 5572, 0, 0, 0
47500, 5577, 0, 0, 0
47601, 5218, 0, 0, 0
47700, 6180, 0, 0, 0
47801, 5724, 0, 0, 0
47901, 5695, 0, 0, 0
48000, 5393, 0, 0, 0
48100, 5384, 0, 0, 0
48200, 5407, 0, 0, 0
48303, 5452, 0, 0, 0
48400, 5091, 0, 0, 0
48500, 5383, 0, 0, 0
48600, 5394, 0, 0, 0
48701, 5553, 0, 0, 0
48800, 5470, 0, 0, 0
48900, 5552, 0, 0, 0
49000, 5457, 0, 0, 0
49100, 5578, 0, 0, 0
49200, 5342, 0, 0, 0
49301, 5530, 0, 0, 0
49400, 5424, 0, 0, 0
49500, 5889, 0, 0, 0
49601, 5901, 0, 0, 0
49700, 5716, 0, 0, 0
49800, 5721, 0, 0, 0
49901, 5392, 0, 0, 0
50001, 5520, 0, 0, 0
50102, 5168, 0, 0, 0
50200, 5311, 0, 0, 0
50304, 5125, 0, 0, 0
50401, 5355, 0, 0, 0
50500, 5255, 0, 0, 0
50601, 5688, 0, 0, 0
50702, 5277, 0, 0, 0
50803, 5254, 0, 0, 0
50901, 5338, 0, 0, 0
51000, 5291, 0, 0, 0
51100, 5772, 0, 0, 0
51201, 5301, 0, 0, 0
51300, 5128, 0, 0, 0
51400, 5200, 0, 0, 0
51500, 4647, 0, 0, 0
51600, 5280, 0, 0, 0
51700, 5343, 0, 0, 0
51801, 5530, 0, 0, 0
51901, 5622, 0, 0, 0
52000, 5666, 0, 0, 0
52100, 5141, 0, 0, 0
52200, 5402, 0, 0, 0
52304, 6014, 0, 0, 0
52403, 5843, 0, 0, 0
52500, 5590, 0, 0, 0
52602, 5705, 0, 0, 0
52700, 5948, 0, 0, 0
52801, 5228, 0, 0, 0
52900, 5176, 0, 0, 0
53000, 5600, 0, 0, 0
53100, 5496, 0, 0, 0
53201, 5600, 0, 0, 0
53300, 5472, 0, 0, 0
53401, 5453, 0, 0, 0
53500, 5676, 0, 0, 0
53600, 5593, 0, 0, 0
53701, 6054, 0, 0, 0
53800, 5463, 0, 0, 0
53900, 5088, 0, 0, 0
54008, 4961, 0, 0, 0
54101, 5028, 0, 0, 0
54200, 5046, 0, 0, 0
54300, 4945, 0, 0, 0
54400, 5478, 0, 0, 0
54500, 5557, 0, 0, 0
54604, 5330, 0, 0, 0
54700, 5646, 0, 0, 0
54800, 5515, 0, 0, 0
54900, 5571, 0, 0, 0
55001, 5883, 0, 0, 0
55102, 5752, 0, 0, 0
55200, 5653, 0, 0, 0
55301, 5568, 0, 0, 0
55400, 5279, 0, 0, 0
55500, 6031, 0, 0, 0
55601, 5777, 0, 0, 0
55700, 5809, 0, 0, 0
55800, 5845, 0, 0, 0
55900, 5155, 0, 0, 0
56000, 5175, 0, 0, 0
56103, 5237, 0, 0, 0
56200, 5220, 0, 0, 0
56300, 5880, 0, 0, 0
56400, 5740, 0, 0, 0
56500, 5466, 0, 0, 0
56600, 5801, 0, 0, 0
56701, 5330, 0, 0, 0
56803, 5353, 0, 0, 0
56901, 5117, 0, 0, 0
57000, 5501, 0, 0, 0
57100, 5509, 0, 0, 0
57200, 5706, 0, 0, 0
57300, 5447, 0, 0, 0
57401, 5384, 0, 0, 0
57500, 5444, 0, 0, 0
57600, 5253, 0, 0, 0
57700, 5228, 0, 0, 0
57800, 5172, 0, 0, 0
57900, 5217, 0, 0, 0
58001, 5477, 0, 0, 0
58100, 5431, 0, 0, 0
58203, 5579, 0, 0, 0
58300, 5655, 0, 0, 0
58400, 5489, 0, 0, 0
58500, 5511, 0, 0, 0
58601, 5099, 0, 0, 0
58706, 5632, 0, 0, 0
58800, 5578, 0, 0, 0
58900, 5741, 0, 0, 0
59000, 5731, 0, 0, 0
59102, 5590, 0, 0, 0
59200, 5429, 0, 0, 0
59300, 5381, 0, 0, 0
59400, 4650, 0, 0, 0
59500, 5204, 0, 0, 0
59601, 5350, 0, 0, 0
59701, 5321, 0, 0, 0
59800, 5493, 0, 0, 0
59900, 5649, 0, 0, 0
60003, 5593, 0, 0, 0
