100, 596455, 1, 0, 0
200, 626441, 1, 0, 0
300, 613150, 1, 0, 0
400, 611315, 1, 0, 0
500, 630587, 1, 0, 0
600, 610833, 1, 0, 0
700, 614966, 1, 0, 0
800, 594926, 1, 0, 0
900, 635965, 1, 0, 0
1000, 624816, 1, 0, 0
1100, 637294, 1, 0, 0
1200, 616938, 1, 0, 0
1300, 629028, 1, 0, 0
1400, 687187, 1, 0, 0
1500, 624192, 1, 0, 0
1600, 609861, 1, 0, 0
1700, 619319, 1, 0, 0
1800, 580358, 1, 0, 0
1900, 607650, 1, 0, 0
2000, 581577, 1, 0, 0
2100, 596705, 1, 0, 0
2200, 608620, 1, 0, 0
2300, 615709, 1, 0, 0
2400, 600230, 1, 0, 0
2500, 600958, 1, 0, 0
2600, 640601, 1, 0, 0
2700, 617049, 1, 0, 0
2800, 600076, 1, 0, 0
2900, 612592, 1, 0, 0
3000, 616172, 1, 0, 0
3100, 624404, 1, 0, 0
3200, 608291, 1, 0, 0
3300, 619426, 1, 0, 0
3400, 617021, 1, 0, 0
3500, 616192, 1, 0, 0
3600, 576770, 1, 0, 0
3700, 644447, 1, 0, 0
3800, 598003, 1, 0, 0
3900, 608370, 1, 0, 0
4000, 627347, 1, 0, 0
4100, 640406, 1, 0, 0
4200, 641709, 1, 0, 0
4300, 681096, 1, 0, 0
4400, 603382, 1, 0, 0
4500, 622870, 1, 0, 0
4600, 631627, 1, 0, 0
4700, 646636, 1, 0, 0
4800, 616042, 1, 0, 0
4900, 646353, 1, 0, 0
5001, 655355, 1, 0, 0
5100, 599801, 1, 0, 0
5200, 644288, 1, 0, 0
5300, 635267, 1, 0, 0
5400, 605544, 1, 0, 0
5501, 636988, 1, 0, 0
5600, 620961, 1, 0, 0
5700, 639724, 1, 0, 0
5800, 647893, 1, 0, 0
5900, 611403, 1, 0, 0
6000, 612798, 1, 0, 0
6100, 618564, 1, 0, 0
6200, 623122, 1, 0, 0
6300, 645653, 1, 0, 0
6400, 614459, 1, 0, 0
6500, 607318, 1, 0, 0
6600, 617114, 1, 0, 0
6700, 636994, 1, 0, 0
6800, 587530, 1, 0, 0
6900, 602039, 1, 0, 0
7000, 622863, 1, 0, 0
7100, 641904, 1, 0, 0
7200, 631539, 1, 0, 0
7300, 604869, 1, 0, 0
7400, 619705, 1, 0, 0
7500, 646290, 1, 0, 0
7600, 630122, 1, 0, 0
7700, 622108, 1, 0, 0
7800, 614890, 1, 0, 0
7900, 611009, 1, 0, 0
8000, 600369, 1, 0, 0
8100, 613205, 1, 0, 0
8200, 607830, 1, 0, 0
8300, 619867, 1, 0, 0
8400, 619231, 1, 0, 0
8500, 619583, 1, 0, 0
8600, 627820, 1, 0, 0
8700, 606710, 1, 0, 0
8800, 763299, 1, 0, 0
8900, 702316, 1, 0, 0
9000, 592036, 1, 0, 0
9100, 633623, 1, 0, 0
9200, 601051, 1, 0, 0
9300, 932197, 1, 0, 0
9400, 791376, 1, 0, 0
9500, 634623, 1, 0, 0
9600, 615774, 1, 0, 0
9700, 595120, 1, 0, 0
9802, 1034122, 1, 0, 0
9900, 584681, 1, 0, 0
10000, 621454, 1, 0, 0
10100, 632666, 1, 0, 0
10200, 608638, 1, 0, 0
10300, 592696, 1, 0, 0
10400, 576877, 1, 0, 0
10500, 571782, 1, 0, 0
10600, 582021, 1, 0, 0
10700, 638586, 1, 0, 0
10800, 616558, 1, 0, 0
10900, 605803, 1, 0, 0
11000, 586341, 1, 0, 0
11100, 593712, 1, 0, 0
11200, 590346, 1, 0, 0
11300, 587738, 1, 0, 0
11400, 585646, 1, 0, 0
11500, 559594, 1, 0, 0
11600, 572351, 1, 0, 0
11701, 575469, 1, 0, 0
11800, 593916, 1, 0, 0
11900, 585394, 1, 0, 0
12000, 591403, 1, 0, 0
12100, 593820, 1, 0, 0
12200, 593092, 1, 0, 0
12300, 596639, 1, 0, 0
12400, 595070, 1, 0, 0
12500, 568960, 1, 0, 0
12600, 615076, 1, 0, 0
12700, 590829, 1, 0, 0
12801, 620914, 1, 0, 0
12900, 590946, 1, 0, 0
13000, 572248, 1, 0, 0
13100, 600327, 1, 0, 0
13200, 583809, 1, 0, 0
13300, 561272, 1, 0, 0
13400, 586514, 1, 0, 0
13500, 585840, 1, 0, 0
13600, 577227, 1, 0, 0
13700, 596005, 1, 0, 0
13800, 606184, 1, 0, 0
13900, 572037, 1, 0, 0
14000, 580477, 1, 0, 0
14100, 606231, 1, 0, 0
14200, 608743, 1, 0, 0
14300, 590959, 1, 0, 0
14400, 567158, 1, 0, 0
14500, 560966, 1, 0, 0
14600, 628236, 1, 0, 0
14700, 617540, 1, 0, 0
14800, 589277, 1, 0, 0
14900, 614113, 1, 0, 0
15000, 592054, 1, 0, 0
15100, 641051, 1, 0, 0
15200, 567329, 1, 0, 0
15300, 579905, 1, 0, 0
15400, 595756, 1, 0, 0
15500, 591207, 1, 0, 0
15600, 592213, 1, 0, 0
15700, 593547, 1, 0, 0
15800, 578416, 1, 0, 0
15900, 577321, 1, 0, 0
16000, 633698, 1, 0, 0
16100, 598536, 1, 0, 0
16200, 610867, 1, 0, 0
16300, 599106, 1, 0, 0
16400, 627290, 1, 0, 0
16500, 586193, 1, 0, 0
16600, 630142, 1, 0, 0
16700, 604046, 1, 0, 0
16800, 585735, 1, 0, 0
16900, 557542, 1, 0, 0
17000, 592594, 1, 0, 0
17100, 608690, 1, 0, 0
17200, 611260, 1, 0, 0
17300, 602502, 1, 0, 0
17400, 601734, 1, 0, 0
17500, 614916, 1, 0, 0
17600, 618012, 1, 0, 0
17700, 612096, 1, 0, 0
17800, 583753, 1, 0, 0
17900, 608276, 1, 0, 0
18000, 594304, 1, 0, 0
18100, 596605, 1, 0, 0
18200, 600469, 1, 0, 0
18300, 616360, 1, 0, 0
18400, 608721, 1, 0, 0
18500, 598608, 1, 0, 0
18600, 588339, 1, 0, 0
18700, 647497, 1, 0, 0
18800, 623921, 1, 0, 0
18900, 615526, 1, 0, 0
19000, 620563, 1, 0, 0
19100, 598626, 1, 0, 0
19200, 757411, 1, 0, 0
19300, 638713, 1, 0, 0
19400, 627416, 1, 0, 0
19500, 600301, 1, 0, 0
19600, 591942, 1, 0, 0
19700, 589543, 1, 0, 0
19800, 603202, 1, 0, 0
19900, 602072, 1, 0, 0
20000, 592518, 1, 0, 0
20100, 623561, 1, 0, 0
20200, 581524, 1, 0, 0
20300, 620855, 1, 0, 0
20400, 740305, 1, 0, 0
20500, 576102, 1, 0, 0
20600, 584569, 1, 0, 0
20701, 606091, 1, 0, 0
20800, 586712, 1, 0, 0
20900, 577526, 1, 0, 0
21000, 613560, 1, 0, 0
21100, 609498, 1, 0, 0
21200, 601346, 1, 0, 0
21300, 580962, 1, 0, 0
21400, 575995, 1, 0, 0
21500, 593217, 1, 0, 0
21600, 613581, 1, 0, 0
21700, 592455, 1, 0, 0
21800, 585412, 1, 0, 0
21900, 565361, 1, 0, 0
22000, 604002, 1, 0, 0
22100, 601343, 1, 0, 0
22200, 602970, 1, 0, 0
22300, 571052, 1, 0, 0
22400, 589969, 1, 0, 0
22500, 610445, 1, 0, 0
22600, 620162, 1, 0, 0
22700, 605008, 1, 0, 0
22800, 586329, 1, 0, 0
22900, 580748, 1, 0, 0
23000, 588893, 1, 0, 0
23100, 577959, 1, 0, 0
23200, 601799, 1, 0, 0
23300, 583852, 1, 0, 0
23400, 583429, 1, 0, 0
23500, 605148, 1, 0, 0
23600, 588990, 1, 0, 0
23700, 580233, 1, 0, 0
23800, 647503, 1, 0, 0
23900, 635539, 1, 0, 0
24000, 617382, 1, 0, 0
24100, 631777, 1, 0, 0
24200, 604260, 1, 0, 0
24300, 592085, 1, 0, 0
24400, 618051, 1, 0, 0
24500, 630283, 1, 0, 0
24600, 612963, 1, 0, 0
24700, 595770, 1, 0, 0
24800, 592127, 1, 0, 0
24900, 606646, 1, 0, 0
25000, 591048, 1, 0, 0
25100, 818089, 1, 0, 0
25200, 596816, 1, 0, 0
25300, 591366, 1, 0, 0
25400, 612170, 1, 0, 0
25500, 611213, 1, 0, 0
25600, 575374, 1, 0, 0
25700, 615090, 1, 0, 0
25800, 624936, 1, 0, 0
25900, 587484, 1, 0, 0
26000, 565026, 1, 0, 0
26100, 592586, 1, 0, 0
26200, 580115, 1, 0, 0
26300, 566699, 1, 0, 0
26400, 606136, 1, 0, 0
26500, 582490, 1, 0, 0
26600, 568924, 1, 0, 0
26700, 602853, 1, 0, 0
26800, 584502, 1, 0, 0
26900, 609809, 1, 0, 0
27000, 593942, 1, 0, 0
27100, 575748, 1, 0, 0
27200, 571090, 1, 0, 0
27300, 605512, 1, 0, 0
27400, 608387, 1, 0, 0
27500, 605936, 1, 0, 0
27600, 605410, 1, 0, 0
27700, 591523, 1, 0, 0
27800, 614033, 1, 0, 0
27900, 592764, 1, 0, 0
28000, 611833, 1, 0, 0
28100, 596072, 1, 0, 0
28200, 560476, 1, 0, 0
28300, 583332, 1, 0, 0
28400, 598117, 1, 0, 0
28500, 582329, 1, 0, 0
28600, 618090, 1, 0, 0
28700, 602813, 1, 0, 0
28800, 623354, 1, 0, 0
28900, 608537, 1, 0, 0
29000, 609664, 1, 0, 0
29100, 587310, 1, 0, 0
29200, 572102, 1, 0, 0
29300, 580968, 1, 0, 0
29400, 638234, 1, 0, 0
29500, 620673, 1, 0, 0
29600, 593703, 1, 0, 0
29700, 612441, 1, 0, 0
29800, 596886, 1, 0, 0
29900, 598012, 1, 0, 0
30000, 605838, 1, 0, 0
30100, 605545, 1, 0, 0
30200, 599688, 1, 0, 0
30300, 693282, 1, 0, 0
30400, 610573, 1, 0, 0
30500, 602141, 1, 0, 0
30600, 601761, 1, 0, 0
30700, 580824, 1, 0, 0
30800, 622982, 1, 0, 0
30900, 621178, 1, 0, 0
31000, 621642, 1, 0, 0
31100, 597305, 1, 0, 0
31200, 599959, 1, 0, 0
31300, 564368, 1, 0, 0
31400, 583472, 1, 0, 0
31500, 590982, 1, 0, 0
31600, 581997, 1, 0, 0
31700, 587894, 1, 0, 0
31800, 579794, 1, 0, 0
31900, 610538, 1, 0, 0
32001, 596884, 1, 0, 0
32100, 610427, 1, 0, 0
32200, 606268, 1, 0, 0
32300, 576430, 1, 0, 0
32400, 595205, 1, 0, 0
32500, 591397, 1, 0, 0
32600, 610726, 1, 0, 0
32700, 587380, 1, 0, 0
32800, 615619, 1, 0, 0
32900, 605468, 1, 0, 0
33000, 603277, 1, 0, 0
33100, 577518, 1, 0, 0
33200, 582811, 1, 0, 0
33300, 646198, 1, 0, 0
33400, 606309, 1, 0, 0
33500, 587174, 1, 0, 0
33600, 579509, 1, 0, 0
33700, 571912, 1, 0, 0
33800, 612630, 1, 0, 0
33900, 583967, 1, 0, 0
34000, 626833, 1, 0, 0
34100, 616948, 1, 0, 0
34200, 623111, 1, 0, 0
34300, 585927, 1, 0, 0
34400, 575170, 1, 0, 0
34500, 638621, 1, 0, 0
34600, 599520, 1, 0, 0
34700, 629306, 1, 0, 0
34800, 623350, 1, 0, 0
34900, 635799, 1, 0, 0
35000, 597499, 1, 0, 0
35100, 621550, 1, 0, 0
35200, 599258, 1, 0, 0
35300, 599705, 1, 0, 0
35400, 591038, 1, 0, 0
35500, 669169, 1, 0, 0
35600, 570844, 1, 0, 0
35700, 592509, 1, 0, 0
35800, 604701, 1, 0, 0
35900, 580364, 1, 0, 0
36000, 589116, 1, 0, 0
36100, 596536, 1, 0, 0
36200, 584071, 1, 0, 0
36300, 583589, 1, 0, 0
36400, 575703, 1, 0, 0
36500, 605999, 1, 0, 0
36600, 579154, 1, 0, 0
36700, 552718, 1, 0, 0
36800, 567306, 1, 0, 0
36900, 571241, 1, 0, 0
37000, 576267, 1, 0, 0
37100, 567639, 1, 0, 0
37200, 559435, 1, 0, 0
37300, 595020, 1, 0, 0
37400, 613552, 1, 0, 0
37500, 590683, 1, 0, 0
37600, 556008, 1, 0, 0
37700, 581091, 1, 0, 0
37800, 575583, 1, 0, 0
37900, 587198, 1, 0, 0
38000, 594194, 1, 0, 0
38100, 596891, 1, 0, 0
38200, 590017, 1, 0, 0
38300, 605707, 1, 0, 0
38400, 574245, 1, 0, 0
38500, 570967, 1, 0, 0
38600, 603143, 1, 0, 0
38700, 576385, 1, 0, 0
38800, 611756, 1, 0, 0
38900, 603780, 1, 0, 0
39000, 583156, 1, 0, 0
39100, 573444, 1, 0, 0
39200, 585232, 1, 0, 0
39300, 563634, 1, 0, 0
39400, 579118, 1, 0, 0
39500, 578664, 1, 0, 0
39600, 600078, 1, 0, 0
39700, 606165, 1, 0, 0
39800, 582252, 1, 0, 0
39900, 595512, 1, 0, 0
40000, 578157, 1, 0, 0
40100, 569049, 1, 0, 0
40200, 603468, 1, 0, 0
40300, 583864, 1, 0, 0
40400, 589421, 1, 0, 0
40500, 598822, 1, 0, 0
40600, 586673, 1, 0, 0
40700, 588907, 1, 0, 0
40800, 595070, 1, 0, 0
40900, 593515, 1, 0, 0
41000, 569369, 1, 0, 0
41100, 590386, 1, 0, 0
41200, 560259, 1, 0, 0
41300, 603288, 1, 0, 0
41401, 627453, 1, 0, 0
41500, 628386, 1, 0, 0
41600, 601553, 1, 0, 0
41700, 625932, 1, 0, 0
41800, 604624, 1, 0, 0
41900, 578804, 1, 0, 0
42000, 622887, 1, 0, 0
42100, 610109, 1, 0, 0
42200, 597587, 1, 0, 0
42300, 568606, 1, 0, 0
42400, 600658, 1, 0, 0
42500, 605929, 1, 0, 0
42600, 597960, 1, 0, 0
42700, 572646, 1, 0, 0
42800, 585690, 1, 0, 0
42900, 612442, 1, 0, 0
43000, 596555, 1, 0, 0
43101, 598979, 1, 0, 0
43200, 598166, 1, 0, 0
43300, 623372, 1, 0, 0
43400, 602077, 1, 0, 0
43500, 566927, 1, 0, 0
43600, 603441, 1, 0, 0
43700, 596193, 1, 0, 0
43800, 570688, 1, 0, 0
43900, 584607, 1, 0, 0
44000, 600068, 1, 0, 0
44100, 613545, 1, 0, 0
44200, 586622, 1, 0, 0
44300, 579812, 1, 0, 0
44400, 596587, 1, 0, 0
44500, 601471, 1, 0, 0
44600, 629595, 1, 0, 0
44700, 597616, 1, 0, 0
44800, 625284, 1, 0, 0
44900, 589174, 1, 0, 0
45000, 590094, 1, 0, 0
45100, 606148, 1, 0, 0
45200, 584895, 1, 0, 0
45300, 625162, 1, 0, 0
45400, 641537, 1, 0, 0
45500, 607205, 1, 0, 0
45600, 627410, 1, 0, 0
45700, 644403, 1, 0, 0
45800, 613425, 1, 0, 0
45900, 597762, 1, 0, 0
46000, 680116, 1, 0, 0
46100, 597092, 1, 0, 0
46200, 594502, 1, 0, 0
46300, 625993, 1, 0, 0
46400, 600642, 1, 0, 0
46500, 644755, 1, 0, 0
46600, 625335, 1, 0, 0
46700, 589917, 1, 0, 0
46800, 650948, 1, 0, 0
46900, 582920, 1, 0, 0
47000, 587577, 1, 0, 0
47101, 616823, 1, 0, 0
47200, 631767, 1, 0, 0
47300, 629673, 1, 0, 0
47400, 594384, 1, 0, 0
47500, 607750, 1, 0, 0
47600, 608366, 1, 0, 0
47700, 607283, 1, 0, 0
47800, 596072, 1, 0, 0
47900, 612869, 1, 0, 0
48002, 612899, 1, 0, 0
48100, 594591, 1, 0, 0
48200, 607586, 1, 0, 0
48300, 610863, 1, 0, 0
48400, 612824, 1, 0, 0
48500, 599741, 1, 0, 0
48600, 586446, 1, 0, 0
48700, 563857, 1, 0, 0
48800, 593251, 1, 0, 0
48900, 582056, 1, 0, 0
49000, 589732, 1, 0, 0
49100, 585164, 1, 0, 0
49200, 586284, 1, 0, 0
49301, 616059, 1, 0, 0
49400, 637658, 1, 0, 0
49500, 627495, 1, 0, 0
49600, 634717, 1, 0, 0
49700, 603153, 1, 0, 0
49800, 595018, 1, 0, 0
49900, 621740, 1, 0, 0
50000, 617348, 1, 0, 0
50100, 595122, 1, 0, 0
50200, 619827, 1, 0, 0
50300, 594332, 1, 0, 0
50400, 597750, 1, 0, 0
50500, 577633, 1, 0, 0
50600, 553607, 1, 0, 0
50700, 560282, 1, 0, 0
50800, 553337, 1, 0, 0
50900, 576904, 1, 0, 0
51000, 652504, 1, 0, 0
51100, 574162, 1, 0, 0
51200, 586975, 1, 0, 0
51300, 574736, 1, 0, 0
51400, 573122, 1, 0, 0
51500, 569981, 1, 0, 0
51600, 573753, 1, 0, 0
51700, 615951, 1, 0, 0
51800, 559296, 1, 0, 0
51900, 552032, 1, 0, 0
52000, 587423, 1, 0, 0
52100, 583203, 1, 0, 0
52200, 601261, 1, 0, 0
52300, 560577, 1, 0, 0
52400, 574407, 1, 0, 0
52500, 585808, 1, 0, 0
52600, 558253, 1, 0, 0
52700, 571501, 1, 0, 0
52800, 565472, 1, 0, 0
52900, 596822, 1, 0, 0
53000, 595504, 1, 0, 0
53100, 587436, 1, 0, 0
53200, 564854, 1, 0, 0
53300, 570095, 1, 0, 0
53400, 574440, 1, 0, 0
53500, 566876, 1, 0, 0
53600, 564402, 1, 0, 0
53700, 594362, 1, 0, 0
53800, 591049, 1, 0, 0
53900, 597141, 1, 0, 0
54000, 585864, 1, 0, 0
54100, 606672, 1, 0, 0
54200, 583694, 1, 0, 0
54300, 580802, 1, 0, 0
54400, 575530, 1, 0, 0
54500, 575639, 1, 0, 0
54600, 566230, 1, 0, 0
54700, 584114, 1, 0, 0
54800, 598110, 1, 0, 0
54900, 583856, 1, 0, 0
55000, 561200, 1, 0, 0
55100, 592024, 1, 0, 0
55200, 565306, 1, 0, 0
55300, 561282, 1, 0, 0
55400, 591622, 1, 0, 0
55500, 564124, 1, 0, 0
55600, 597659, 1, 0, 0
55700, 608145, 1, 0, 0
55800, 628817, 1, 0, 0
55900, 595312, 1, 0, 0
56000, 581559, 1, 0, 0
56100, 582691, 1, 0, 0
56200, 573409, 1, 0, 0
56300, 574418, 1, 0, 0
56400, 580132, 1, 0, 0
56500, 621376, 1, 0, 0
56600, 589117, 1, 0, 0
56700, 588594, 1, 0, 0
56800, 587940, 1, 0, 0
56900, 625600, 1, 0, 0
57000, 560564, 1, 0, 0
57100, 572621, 1, 0, 0
57200, 598759, 1, 0, 0
57300, 574723, 1, 0, 0
57400, 555289, 1, 0, 0
57500, 594352, 1, 0, 0
57600, 606792, 1, 0, 0
57700, 575222, 1, 0, 0
57800, 584466, 1, 0, 0
57900, 548251, 1, 0, 0
58000, 599943, 1, 0, 0
58100, 612520, 1, 0, 0
58200, 570045, 1, 0, 0
58300, 593695, 1, 0, 0
58400, 604369, 1, 0, 0
58500, 601187, 1, 0, 0
58600, 592425, 1, 0, 0
58700, 634611, 1, 0, 0
58800, 559196, 1, 0, 0
58900, 573116, 1, 0, 0
59000, 578043, 1, 0, 0
59100, 613664, 1, 0, 0
59200, 571856, 1, 0, 0
59300, 621676, 1, 0, 0
59400, 610611, 1, 0, 0
59500, 600962, 1, 0, 0
59600, 561422, 1, 0, 0
59700, 587588, 1, 0, 0
59800, 576449, 1, 0, 0
59900, 566292, 1, 0, 0
60000, 598004, 1, 0, 0
60100, 601452, 1, 0, 0
60200, 579134, 1, 0, 0
60300, 579690, 1, 0, 0
60400, 589878, 1, 0, 0
60500, 602423, 1, 0, 0
60600, 575895, 1, 0, 0
60700, 593693, 1, 0, 0
60806, 623286, 1, 0, 0
60900, 610327, 1, 0, 0
61000, 570854, 1, 0, 0
61100, 570850, 1, 0, 0
61200, 593989, 1, 0, 0
61300, 554928, 1, 0, 0
61400, 567996, 1, 0, 0
61500, 581769, 1, 0, 0
61600, 580598, 1, 0, 0
61700, 639334, 1, 0, 0
61800, 617426, 1, 0, 0
61900, 576740, 1, 0, 0
62000, 596502, 1, 0, 0
62100, 569774, 1, 0, 0
62200, 577499, 1, 0, 0
62300, 573052, 1, 0, 0
62400, 578103, 1, 0, 0
62500, 564757, 1, 0, 0
62600, 574300, 1, 0, 0
62700, 562568, 1, 0, 0
62800, 588672, 1, 0, 0
62900, 618953, 1, 0, 0
63000, 594349, 1, 0, 0
63100, 594479, 1, 0, 0
63200, 603766, 1, 0, 0
63300, 569633, 1, 0, 0
63400, 574055, 1, 0, 0
63500, 577330, 1, 0, 0
63600, 580412, 1, 0, 0
63700, 621955, 1, 0, 0
63800, 593432, 1, 0, 0
63900, 581058, 1, 0, 0
64000, 598553, 1, 0, 0
64100, 600272, 1, 0, 0
64200, 590132, 1, 0, 0
64300, 581743, 1, 0, 0
64400, 652137, 1, 0, 0
64500, 597513, 1, 0, 0
64600, 656904, 1, 0, 0
64700, 599603, 1, 0, 0
64800, 598974, 1, 0, 0
64900, 686116, 1, 0, 0
65000, 607226, 1, 0, 0
65101, 601655, 1, 0, 0
65200, 601428, 1, 0, 0
65300, 577705, 1, 0, 0
65400, 595952, 1, 0, 0
65500, 617163, 1, 0, 0
65600, 609939, 1, 0, 0
65700, 566118, 1, 0, 0
65800, 576573, 1, 0, 0
65900, 585726, 1, 0, 0
66000, 620464, 1, 0, 0
66100, 610397, 1, 0, 0
66200, 585208, 1, 0, 0
66300, 624759, 1, 0, 0
66400, 573307, 1, 0, 0
66500, 616828, 1, 0, 0
66600, 583853, 1, 0, 0
66700, 576997, 1, 0, 0
66800, 595897, 1, 0, 0
66900, 583072, 1, 0, 0
67000, 605964, 1, 0, 0
67100, 590496, 1, 0, 0
67200, 620507, 1, 0, 0
67300, 604261, 1, 0, 0
67400, 595956, 1, 0, 0
67500, 594525, 1, 0, 0
67600, 597380, 1, 0, 0
67700, 614930, 1, 0, 0
67800, 616218, 1, 0, 0
67900, 625612, 1, 0, 0
68000, 740760, 1, 0, 0
68100, 667324, 1, 0, 0
68200, 610035, 1, 0, 0
68300, 573190, 1, 0, 0
68400, 623840, 1, 0, 0
68500, 586284, 1, 0, 0
68600, 596531, 1, 0, 0
68700, 553184, 1, 0, 0
68800, 581245, 1, 0, 0
68900, 621841, 1, 0, 0
69000, 613125, 1, 0, 0
69100, 583755, 1, 0, 0
69200, 610963, 1, 0, 0
69300, 602898, 1, 0, 0
69400, 584730, 1, 0, 0
69500, 606591, 1, 0, 0
69600, 641316, 1, 0, 0
69700, 621686, 1, 0, 0
69800, 580161, 1, 0, 0
69900, 595083, 1, 0, 0
70000, 590287, 1, 0, 0
70100, 622148, 1, 0, 0
70200, 617169, 1, 0, 0
70300, 610973, 1, 0, 0
70400, 600799, 1, 0, 0
70500, 604639, 1, 0, 0
70600, 612362, 1, 0, 0
70700, 608859, 1, 0, 0
70800, 622106, 1, 0, 0
70900, 602260, 1, 0, 0
71000, 628421, 1, 0, 0
71100, 596036, 1, 0, 0
71200, 599864, 1, 0, 0
71300, 594159, 1, 0, 0
71400, 591540, 1, 0, 0
71500, 589897, 1, 0, 0
71600, 620337, 1, 0, 0
71700, 632689, 1, 0, 0
71800, 601451, 1, 0, 0
71900, 630658, 1, 0, 0
72002, 647118, 1, 0, 0
72100, 587283, 1, 0, 0
72200, 592926, 1, 0, 0
72300, 568882, 1, 0, 0
72400, 584194, 1, 0, 0
72500, 577903, 1, 0, 0
72600, 588932, 1, 0, 0
72700, 576614, 1, 0, 0
72800, 594912, 1, 0, 0
72900, 641869, 1, 0, 0
73000, 616657, 1, 0, 0
73100, 614630, 1, 0, 0
73200, 618757, 1, 0, 0
73300, 600944, 1, 0, 0
73400, 582664, 1, 0, 0
73500, 608213, 1, 0, 0
73600, 599943, 1, 0, 0
73700, 615728, 1, 0, 0
73800, 574453, 1, 0, 0
73900, 578504, 1, 0, 0
74000, 613811, 1, 0, 0
74100, 609567, 1, 0, 0
74200, 613103, 1, 0, 0
74300, 627394, 1, 0, 0
74400, 600356, 1, 0, 0
74500, 586692, 1, 0, 0
74600, 671073, 1, 0, 0
74700, 583107, 1, 0, 0
74800, 606104, 1, 0, 0
74900, 636707, 1, 0, 0
75000, 588081, 1, 0, 0
75100, 572840, 1, 0, 0
75200, 601481, 1, 0, 0
75300, 566384, 1, 0, 0
75400, 563939, 1, 0, 0
75500, 612493, 1, 0, 0
75600, 598026, 1, 0, 0
75700, 623108, 1, 0, 0
75800, 579376, 1, 0, 0
75900, 550881, 1, 0, 0
76000, 585908, 1, 0, 0
76100, 602114, 1, 0, 0
76200, 595420, 1, 0, 0
76300, 564097, 1, 0, 0
76400, 572342, 1, 0, 0
76500, 594987, 1, 0, 0
76600, 566468, 1, 0, 0
76700, 584342, 1, 0, 0
76800, 578973, 1, 0, 0
76900, 575020, 1, 0, 0
77000, 583537, 1, 0, 0
77100, 589143, 1, 0, 0
77200, 584532, 1, 0, 0
77300, 560828, 1, 0, 0
77400, 566394, 1, 0, 0
77500, 609991, 1, 0, 0
77600, 595054, 1, 0, 0
77700, 575739, 1, 0, 0
77800, 586065, 1, 0, 0
77900, 607802, 1, 0, 0
78000, 570160, 1, 0, 0
78100, 604905, 1, 0, 0
78200, 563509, 1, 0, 0
78300, 557700, 1, 0, 0
78400, 563881, 1, 0, 0
78500, 576011, 1, 0, 0
78600, 573580, 1, 0, 0
78700, 569735, 1, 0, 0
78800, 560197, 1, 0, 0
78900, 578823, 1, 0, 0
79000, 562818, 1, 0, 0
79100, 561126, 1, 0, 0
79200, 604883, 1, 0, 0
79300, 608226, 1, 0, 0
79400, 576502, 1, 0, 0
79500, 578713, 1, 0, 0
79600, 586339, 1, 0, 0
79700, 587848, 1, 0, 0
79800, 584569, 1, 0, 0
79900, 583582, 1, 0, 0
80000, 594816, 1, 0, 0
80100, 605035, 1, 0, 0
80200, 591995, 1, 0, 0
80300, 562022, 1, 0, 0
80400, 606540, 1, 0, 0
80500, 582685, 1, 0, 0
80600, 580435, 1, 0, 0
80700, 588453, 1, 0, 0
80800, 578317, 1, 0, 0
80900, 570912, 1, 0, 0
81000, 555713, 1, 0, 0
81100, 569000, 1, 0, 0
81200, 562088, 1, 0, 0
81300, 575993, 1, 0, 0
81400, 589041, 1, 0, 0
81500, 566902, 1, 0, 0
81600, 561632, 1, 0, 0
81700, 570311, 1, 0, 0
81800, 570802, 1, 0, 0
81900, 597743, 1, 0, 0
82000, 562662, 1, 0, 0
82100, 638364, 1, 0, 0
82200, 590415, 1, 0, 0
82300, 592406, 1, 0, 0
82400, 571065, 1, 0, 0
82500, 563124, 1, 0, 0
82600, 575357, 1, 0, 0
82700, 598172, 1, 0, 0
82800, 584412, 1, 0, 0
82900, 579945, 1, 0, 0
83000, 584361, 1, 0, 0
83100, 614681, 1, 0, 0
83200, 582081, 1, 0, 0
83300, 583864, 1, 0, 0
83400, 549557, 1, 0, 0
83500, 567658, 1, 0, 0
83600, 558088, 1, 0, 0
83700, 565767, 1, 0, 0
83800, 592427, 1, 0, 0
83900, 646924, 1, 0, 0
84000, 586840, 1, 0, 0
84100, 630444, 1, 0, 0
84200, 586425, 1, 0, 0
84300, 571702, 1, 0, 0
84400, 585067, 1, 0, 0
84500, 566577, 1, 0, 0
84600, 584269, 1, 0, 0
84700, 561684, 1, 0, 0
84800, 560061, 1, 0, 0
84900, 577475, 1, 0, 0
85000, 589366, 1, 0, 0
85100, 569052, 1, 0, 0
85200, 573114, 1, 0, 0
85300, 554969, 1, 0, 0
85400, 578885, 1, 0, 0
85500, 575076, 1, 0, 0
85600, 595390, 1, 0, 0
85700, 603522, 1, 0, 0
85800, 578359, 1, 0, 0
85900, 576431, 1, 0, 0
86000, 558601, 1, 0, 0
86100, 592532, 1, 0, 0
86200, 565695, 1, 0, 0
86300, 595550, 1, 0, 0
86400, 557773, 1, 0, 0
86500, 582633, 1, 0, 0
86600, 576659, 1, 0, 0
86700, 578354, 1, 0, 0
86800, 564004, 1, 0, 0
86900, 569025, 1, 0, 0
87000, 589336, 1, 0, 0
87100, 573594, 1, 0, 0
87200, 609648, 1, 0, 0
87300, 572287, 1, 0, 0
87400, 559194, 1, 0, 0
87500, 586134, 1, 0, 0
87600, 564050, 1, 0, 0
87700, 604714, 1, 0, 0
87800, 589123, 1, 0, 0
87900, 564614, 1, 0, 0
88000, 609067, 1, 0, 0
88100, 593978, 1, 0, 0
88200, 650345, 1, 0, 0
88300, 607268, 1, 0, 0
88400, 616743, 1, 0, 0
88500, 630451, 1, 0, 0
88600, 631788, 1, 0, 0
88700, 638085, 1, 0, 0
88800, 572700, 1, 0, 0
88901, 547358, 1, 0, 0
89000, 558788, 1, 0, 0
89100, 565406, 1, 0, 0
89200, 552715, 1, 0, 0
89300, 569805, 1, 0, 0
89400, 581500, 1, 0, 0
89500, 607912, 1, 0, 0
89601, 591588, 1, 0, 0
89700, 564626, 1, 0, 0
89800, 579748, 1, 0, 0
89900, 557617, 1, 0, 0
90000, 588680, 1, 0, 0
