100, 13272186, 0, 0, 0
200, 12555979, 0, 0, 0
301, 10830380, 0, 0, 0
400, 10485194, 0, 0, 0
500, 15184394, 0, 0, 0
600, 13182189, 0, 0, 0
700, 11966942, 0, 0, 0
800, 10721287, 0, 0, 0
902, 11975848, 0, 0, 0
1000, 12804345, 0, 0, 0
1100, 13391385, 0, 0, 0
1200, 14023644, 0, 0, 0
1300, 12770629, 0, 0, 0
1401, 10848376, 0, 0, 0
1500, 13456601, 0, 0, 0
1602, 14099840, 0, 0, 0
1700, 11587743, 0, 0, 0
1800, 10804694, 0, 0, 0
1900, 12710671, 0, 0, 0
2000, 11928265, 0, 0, 0
2100, 10148655, 0, 0, 0
2200, 11936388, 0, 0, 0
2300, 9348459, 0, 0, 0
2400, 10964935, 0, 0, 0
2500, 12070424, 0, 0, 0
2600, 10537185, 0, 0, 0
2700, 12401426, 0, 0, 0
2801, 10255110, 0, 0, 0
2900, 12410802, 0, 0, 0
3000, 11474954, 0, 0, 0
3100, 9963637, 0, 0, 0
3200, 11472342, 0, 0, 0
3301, 9771210, 0, 0, 0
3401, 12011560, 0, 0, 0
3500, 11742593, 0, 0, 0
3600, 11030368, 0, 0, 0
3700, 9806786, 0, 0, 0
3800, 13506174, 0, 0, 0
3900, 12415360, 0, 0, 0
4000, 11518987, 0, 0, 0
4100, 15084709, 0, 0, 0
4200, 11916425, 0, 0, 0
4300, 10798978, 0, 0, 0
4400, 12572865, 0, 0, 0
4500, 10386681, 0, 0, 0
4600, 10837793, 0, 0, 0
4700, 12407608, 0, 0, 0
4801, 14614725, 0, 0, 0
4901, 11033703, 0, 0, 0
5000, 12669221, 0, 0, 0
5101, 10899073, 0, 0, 0
5200, 14524643, 0, 0, 0
5300, 12157007, 0, 0, 0
5401, 14909989, 0, 0, 0
5500, 13264774, 0, 0, 0
5601, 13538151, 0, 0, 0
5700, 17525526, 0, 0, 0
5800, 12872749, 0, 0, 0
5900, 14266957, 0, 0, 0
6002, 11921062, 0, 0, 0
6100, 16878707, 0, 0, 0
6200, 12909211, 0, 0, 0
6300, 14363448, 0, 0, 0
6402, 9543550, 0, 0, 0
6500, 12421078, 0, 0, 0
6600, 11390718, 0, 0, 0
6700, 12242463, 0, 0, 0
6800, 14999170, 0, 0, 0
6900, 14794087, 0, 0, 0
7000, 9761285, 0, 0, 0
7100, 12585562, 0, 0, 0
7201, 13140087, 0, 0, 0
7300, 12407850, 0, 0, 0
7400, 10341732, 0, 0, 0
7500, 10761837, 0, 0, 0
7600, 12593040, 0, 0, 0
7701, 9680192, 0, 0, 0
7801, 11047988, 0, 0, 0
7900, 12020213, 0, 0, 0
8000, 9429970, 0, 0, 0
8100, 11701337, 0, 0, 0
8200, 13495931, 0, 0, 0
8300, 10631277, 0, 0, 0
8400, 12664845, 0, 0, 0
8501, 10390544, 0, 0, 0
8600, 12868966, 0, 0, 0
8700, 12905879, 0, 0, 0
8800, 6856751, 0, 0, 0
8900, 14029621, 0, 0, 0
9000, 15347344, 0, 0, 0
9100, 11694049, 0, 0, 0
9200, 8302783, 0, 0, 0
9300, 9186185, 0, 0, 0
9400, 11904996, 0, 0, 0
9500, 12573962, 0, 0, 0
9600, 11780569, 0, 0, 0
9700, 12358752, 0, 0, 0
9800, 13415261, 0, 0, 0
9900, 11827929, 0, 0, 0
10000, 11772482, 0, 0, 0
10101, 13654004, 0, 0, 0
10200, 12353618, 0, 0, 0
10301, 11703525, 0, 0, 0
10400, 10562576, 0, 0, 0
10500, 10105810, 0, 0, 0
10600, 11918075, 0, 0, 0
10700, 12078741, 0, 0, 0
10801, 11090829, 0, 0, 0
10901, 13926088, 0, 0, 0
11000, 13123507, 0, 0, 0
11100, 11406697, 0, 0, 0
11200, 14375232, 0, 0, 0
11300, 7133643, 0, 0, 0
11400, 16403036, 0, 0, 0
11500, 12984609, 0, 0, 0
11600, 12634690, 0, 0, 0
11700, 8437619, 0, 0, 0
11800, 10618728, 0, 0, 0
11900, 8491394, 0, 0, 0
12000, 8508359, 0, 0, 0
12100, 9219226, 0, 0, 0
12200, 13566859, 0, 0, 0
12300, 14665854, 0, 0, 0
12400, 11306194, 0, 0, 0
12500, 12266568, 0, 0, 0
12601, 13672260, 0, 0, 0
12700, 13457166, 0, 0, 0
12800, 13285974, 0, 0, 0
12900, 7792110, 0, 0, 0
13000, 10563828, 0, 0, 0
13100, 10341694, 0, 0, 0
13200, 8878449, 0, 0, 0
13300, 11653364, 0, 0, 0
13400, 12271623, 0, 0, 0
13500, 10472436, 0, 0, 0
13600, 9947875, 0, 0, 0
13701, 12113689, 0, 0, 0
13800, 11881588, 0, 0, 0
13900, 7981240, 0, 0, 0
14000, 9489823, 0, 0, 0
14100, 13725663, 0, 0, 0
14201, 11039630, 0, 0, 0
14300, 18810310, 0, 0, 0
14400, 16160489, 0, 0, 0
14500, 11520147, 0, 0, 0
14600, 14282743, 0, 0, 0
14700, 11930723, 0, 0, 0
14800, 10128876, 0, 0, 0
14900, 11768334, 0, 0, 0
15000, 14438851, 0, 0, 0
15100, 12348948, 0, 0, 0
15200, 11348368, 0, 0, 0
15300, 16480796, 0, 0, 0
15400, 15871573, 0, 0, 0
15500, 15529370, 0, 0, 0
15601, 17713810, 0, 0, 0
15700, 7186146, 0, 0, 0
15800, 14045876, 0, 0, 0
15900, 10542155, 0, 0, 0
16000, 10627842, 0, 0, 0
16100, 12479245, 0, 0, 0
16200, 11662281, 0, 0, 0
16300, 8914781, 0, 0, 0
16400, 11581335, 0, 0, 0
16500, 12021338, 0, 0, 0
16600, 15768590, 0, 0, 0
16700, 8085722, 0, 0, 0
16800, 9433320, 0, 0, 0
16901, 20215942, 0, 0, 0
17000, 17875831, 0, 0, 0
17100, 13659666, 0, 0, 0
17200, 13989107, 0, 0, 0
17300, 15190012, 0, 0, 0
17400, 12266589, 0, 0, 0
17500, 12821584, 0, 0, 0
17600, 13112896, 0, 0, 0
17700, 16810121, 0, 0, 0
17800, 9601313, 0, 0, 0
17900, 12824457, 0, 0, 0
18000, 5933332, 0, 0, 0
18102, 10501227, 0, 0, 0
18200, 12895662, 0, 0, 0
18300, 13943230, 0, 0, 0
18400, 11537346, 0, 0, 0
18500, 9496078, 0, 0, 0
18601, 8432129, 0, 0, 0
18700, 18259348, 0, 0, 0
18800, 13844834, 0, 0, 0
18900, 10829937, 0, 0, 0
19000, 7993574, 0, 0, 0
19101, 11358725, 0, 0, 0
19200, 14086563, 0, 0, 0
19300, 10302063, 0, 0, 0
19401, 13200898, 0, 0, 0
19500, 13553071, 0, 0, 0
19600, 11304907, 0, 0, 0
19700, 10584594, 0, 0, 0
19800, 11363012, 0, 0, 0
19900, 10348707, 0, 0, 0
20000, 13058386, 0, 0, 0
20106, 10164157, 0, 0, 0
20200, 10983625, 0, 0, 0
20300, 12086900, 0, 0, 0
20400, 9179183, 0, 0, 0
20500, 10486994, 0, 0, 0
20600, 13003449, 0, 0, 0
20700, 10854922, 0, 0, 0
20800, 15095550, 0, 0, 0
20900, 8728603, 0, 0, 0
21000, 12387147, 0, 0, 0
21100, 13247541, 0, 0, 0
21200, 12073209, 0, 0, 0
21300, 8278375, 0, 0, 0
21400, 12246913, 0, 0, 0
21500, 10110759, 0, 0, 0
21600, 11949191, 0, 0, 0
21700, 12304717, 0, 0, 0
21800, 11699245, 0, 0, 0
21900, 12384970, 0, 0, 0
22000, 11606050, 0, 0, 0
22100, 11163813, 0, 0, 0
22200, 10638057, 0, 0, 0
22300, 11103057, 0, 0, 0
22400, 12307315, 0, 0, 0
22500, 14420180, 0, 0, 0
22600, 14074035, 0, 0, 0
22700, 11414375, 0, 0, 0
22800, 11862215, 0, 0, 0
22900, 12649196, 0, 0, 0
23000, 9591663, 0, 0, 0
23100, 11666137, 0, 0, 0
23200, 17711895, 0, 0, 0
23300, 11093472, 0, 0, 0
23400, 11589304, 0, 0, 0
23500, 12769841, 0, 0, 0
23600, 7877716, 0, 0, 0
23700, 10900266, 0, 0, 0
23800, 11843502, 0, 0, 0
23900, 10243915, 0, 0, 0
24000, 12274368, 0, 0, 0
24100, 9336050, 0, 0, 0
24200, 10920450, 0, 0, 0
24302, 10448757, 0, 0, 0
24400, 14465618, 0, 0, 0
24500, 14061670, 0, 0, 0
24600, 11064863, 0, 0, 0
24700, 9258098, 0, 0, 0
24800, 9637545, 0, 0, 0
24900, 9201424, 0, 0, 0
25000, 12482450, 0, 0, 0
25101, 13993594, 0, 0, 0
25200, 11800118, 0, 0, 0
25301, 11702629, 0, 0, 0
25401, 12145553, 0, 0, 0
25500, 14745994, 0, 0, 0
25600, 11060539, 0, 0, 0
25700, 13682858, 0, 0, 0
25800, 10384765, 0, 0, 0
25902, 10789648, 0, 0, 0
26000, 10941748, 0, 0, 0
26101, 10669552, 0, 0, 0
26200, 11370239, 0, 0, 0
26300, 11282981, 0, 0, 0
26400, 9420079, 0, 0, 0
26500, 10427351, 0, 0, 0
26600, 10738027, 0, 0, 0
26700, 11884808, 0, 0, 0
26800, 11213220, 0, 0, 0
26902, 13478104, 0, 0, 0
27000, 8771247, 0, 0, 0
27100, 10429733, 0, 0, 0
27200, 8467479, 0, 0, 0
27300, 12110274, 0, 0, 0
27400, 10582432, 0, 0, 0
27500, 9981458, 0, 0, 0
27600, 8821620, 0, 0, 0
27700, 13550623, 0, 0, 0
27800, 14481730, 0, 0, 0
27900, 13024391, 0, 0, 0
28000, 11050399, 0, 0, 0
28102, 13144629, 0, 0, 0
28201, 11396001, 0, 0, 0
28300, 14961610, 0, 0, 0
28400, 9918492, 0, 0, 0
28501, 12356803, 0, 0, 0
28600, 10732432, 0, 0, 0
28700, 13993476, 0, 0, 0
28802, 12755747, 0, 0, 0
28900, 19263232, 0, 0, 0
29000, 14583931, 0, 0, 0
29100, 12362473, 0, 0, 0
29200, 9771141, 0, 0, 0
29300, 12843215, 0, 0, 0
29400, 9493638, 0, 0, 0
29500, 13493530, 0, 0, 0
29600, 12885799, 0, 0, 0
29700, 11586923, 0, 0, 0
29800, 11276000, 0, 0, 0
29900, 13557355, 0, 0, 0
30000, 11854517, 0, 0, 0
30100, 11499473, 0, 0, 0
30200, 9418666, 0, 0, 0
30300, 13379242, 0, 0, 0
30400, 16298235, 0, 0, 0
30500, 14311209, 0, 0, 0
30600, 11153790, 0, 0, 0
30702, 9134133, 0, 0, 0
30800, 13083655, 0, 0, 0
30900, 10335313, 0, 0, 0
31000, 14556792, 0, 0, 0
31100, 11443791, 0, 0, 0
31200, 8603712, 0, 0, 0
31300, 14985836, 0, 0, 0
31400, 10465359, 0, 0, 0
31501, 17932676, 0, 0, 0
31600, 14928483, 0, 0, 0
31700, 12171819, 0, 0, 0
31800, 12310993, 0, 0, 0
31900, 13583430, 0, 0, 0
32000, 13283164, 0, 0, 0
32100, 13841668, 0, 0, 0
32200, 10015744, 0, 0, 0
32300, 12830373, 0, 0, 0
32400, 9246770, 0, 0, 0
32500, 12759413, 0, 0, 0
32600, 12916197, 0, 0, 0
32700, 11599667, 0, 0, 0
32800, 14272135, 0, 0, 0
32900, 11472016, 0, 0, 0
33000, 11064262, 0, 0, 0
33100, 10546508, 0, 0, 0
33200, 12492547, 0, 0, 0
33300, 13278375, 0, 0, 0
33401, 12346930, 0, 0, 0
33500, 15385546, 0, 0, 0
33600, 11658470, 0, 0, 0
33701, 11755620, 0, 0, 0
33800, 9918467, 0, 0, 0
33900, 10699573, 0, 0, 0
34000, 11654250, 0, 0, 0
34100, 15169734, 0, 0, 0
34200, 11314154, 0, 0, 0
34300, 10247912, 0, 0, 0
34400, 15278204, 0, 0, 0
34500, 9899374, 0, 0, 0
34600, 10191880, 0, 0, 0
34700, 18036429, 0, 0, 0
34800, 14300186, 0, 0, 0
34900, 11280724, 0, 0, 0
35000, 12523474, 0, 0, 0
35101, 12927784, 0, 0, 0
35201, 17530480, 0, 0, 0
35300, 16021989, 0, 0, 0
35400, 10177630, 0, 0, 0
35500, 11074993, 0, 0, 0
35600, 14655913, 0, 0, 0
35700, 11990214, 0, 0, 0
35800, 13393953, 0, 0, 0
35900, 10822671, 0, 0, 0
36001, 14174481, 0, 0, 0
36100, 12114332, 0, 0, 0
36200, 15611409, 0, 0, 0
36300, 16935075, 0, 0, 0
36400, 13067221, 0, 0, 0
36501, 13778444, 0, 0, 0
36600, 12803982, 0, 0, 0
36700, 17076031, 0, 0, 0
36800, 14528489, 0, 0, 0
36900, 14031469, 0, 0, 0
37001, 9869350, 0, 0, 0
37101, 12513258, 0, 0, 0
37200, 11988661, 0, 0, 0
37300, 13351353, 0, 0, 0
37400, 11659694, 0, 0, 0
37501, 12076950, 0, 0, 0
37600, 14413540, 0, 0, 0
37700, 17446921, 0, 0, 0
37801, 17414122, 0, 0, 0
37901, 21172360, 0, 0, 0
38000, 15773509, 0, 0, 0
38100, 11248719, 0, 0, 0
38200, 13348419, 0, 0, 0
38300, 10204579, 0, 0, 0
38400, 15619371, 0, 0, 0
38500, 14033822, 0, 0, 0
38600, 10928745, 0, 0, 0
38700, 10454399, 0, 0, 0
38801, 8699006, 0, 0, 0
38900, 12346578, 0, 0, 0
39000, 16817484, 0, 0, 0
39100, 11366015, 0, 0, 0
39203, 12573227, 0, 0, 0
39300, 19872038, 0, 0, 0
39400, 11862170, 0, 0, 0
39500, 14482322, 0, 0, 0
39602, 15355821, 0, 0, 0
39700, 16686220, 0, 0, 0
39800, 12574394, 0, 0, 0
39900, 16151748, 0, 0, 0
40000, 11266161, 0, 0, 0
40102, 16874751, 0, 0, 0
40200, 12214974, 0, 0, 0
40300, 10136601, 0, 0, 0
40400, 11803214, 0, 0, 0
40501, 16042015, 0, 0, 0
40601, 15891900, 0, 0, 0
40700, 14124315, 0, 0, 0
40800, 12454729, 0, 0, 0
40900, 15099893, 0, 0, 0
41001, 13778590, 0, 0, 0
41100, 13311758, 0, 0, 0
41200, 13325721, 0, 0, 0
41303, 13894385, 0, 0, 0
41400, 13739173, 0, 0, 0
41500, 14245420, 0, 0, 0
41600, 9796214, 0, 0, 0
41700, 11629328, 0, 0, 0
41800, 13558460, 0, 0, 0
41900, 10938942, 0, 0, 0
42000, 20643674, 0, 0, 0
42100, 9615741, 0, 0, 0
42200, 14613974, 0, 0, 0
42300, 15579018, 0, 0, 0
42400, 13705826, 0, 0, 0
42500, 13205453, 0, 0, 0
42602, 16563684, 0, 0, 0
42701, 11914223, 0, 0, 0
42800, 19505559, 0, 0, 0
42900, 8257983, 0, 0, 0
43001, 15226999, 0, 0, 0
43100, 11548674, 0, 0, 0
43201, 11645532, 0, 0, 0
43300, 10942823, 0, 0, 0
43400, 15731433, 0, 0, 0
43500, 13392237, 0, 0, 0
43600, 12842411, 0, 0, 0
43700, 11280217, 0, 0, 0
43800, 17237285, 0, 0, 0
43900, 17944192, 0, 0, 0
44000, 13696288, 0, 0, 0
44100, 12095982, 0, 0, 0
44200, 11974766, 0, 0, 0
44301, 18281705, 0, 0, 0
44400, 16298217, 0, 0, 0
44500, 10522033, 0, 0, 0
44600, 13056562, 0, 0, 0
44702, 17611689, 0, 0, 0
44800, 15949466, 0, 0, 0
44900, 12823810, 0, 0, 0
45000, 14989009, 0, 0, 0
45100, 12209671, 0, 0, 0
45200, 14331168, 0, 0, 0
45300, 10000335, 0, 0, 0
45400, 16179032, 0, 0, 0
45500, 12518114, 0, 0, 0
45600, 10637059, 0, 0, 0
45700, 17683141, 0, 0, 0
45800, 14250867, 0, 0, 0
45900, 11436836, 0, 0, 0
46000, 9352588, 0, 0, 0
46100, 10321959, 0, 0, 0
46200, 10240417, 0, 0, 0
46300, 14550877, 0, 0, 0
46400, 11336169, 0, 0, 0
46500, 16488225, 0, 0, 0
46600, 12382706, 0, 0, 0
46700, 13006918, 0, 0, 0
46800, 12164488, 0, 0, 0
46901, 14125160, 0, 0, 0
47000, 15227965, 0, 0, 0
47100, 13723345, 0, 0, 0
47200, 11499511, 0, 0, 0
47301, 16159770, 0, 0, 0
47401, 13609263, 0, 0, 0
47500, 16757358, 0, 0, 0
47600, 15445085, 0, 0, 0
47700, 9731009, 0, 0, 0
47800, 9628703, 0, 0, 0
47900, 12826725, 0, 0, 0
48000, 11553081, 0, 0, 0
48100, 14597277, 0, 0, 0
48200, 12941914, 0, 0, 0
48300, 10274252, 0, 0, 0
48400, 15540199, 0, 0, 0
48500, 11525457, 0, 0, 0
48600, 15887860, 0, 0, 0
48700, 14889657, 0, 0, 0
48801, 13241673, 0, 0, 0
48900, 16888990, 0, 0, 0
49000, 14302560, 0, 0, 0
49100, 12361186, 0, 0, 0
49200, 20341404, 0, 0, 0
49300, 14259870, 0, 0, 0
49401, 9391852, 0, 0, 0
49501, 13484137, 0, 0, 0
49600, 8932963, 0, 0, 0
49702, 13379964, 0, 0, 0
49800, 13482000, 0, 0, 0
49901, 17686038, 0, 0, 0
50001, 14494140, 0, 0, 0
50100, 12550577, 0, 0, 0
50200, 18034085, 0, 0, 0
50300, 11030385, 0, 0, 0
50400, 10919941, 0, 0, 0
50500, 16721127, 0, 0, 0
50600, 10372814, 0, 0, 0
50700, 12551192, 0, 0, 0
50800, 12870732, 0, 0, 0
50900, 12816030, 0, 0, 0
51000, 13505622, 0, 0, 0
51100, 16281739, 0, 0, 0
51200, 14666401, 0, 0, 0
51300, 14704461, 0, 0, 0
51403, 11562330, 0, 0, 0
51500, 12618367, 0, 0, 0
51600, 17007130, 0, 0, 0
51700, 8156094, 0, 0, 0
51800, 16502627, 0, 0, 0
51900, 10565872, 0, 0, 0
52000, 10051849, 0, 0, 0
52100, 12020384, 0, 0, 0
52200, 13471662, 0, 0, 0
52300, 9601324, 0, 0, 0
52400, 14131419, 0, 0, 0
52500, 14656656, 0, 0, 0
52601, 21632208, 0, 0, 0
52700, 14665932, 0, 0, 0
52800, 9702372, 0, 0, 0
52900, 14841855, 0, 0, 0
53002, 13571717, 0, 0, 0
53100, 12457628, 0, 0, 0
53200, 12316117, 0, 0, 0
53300, 12448413, 0, 0, 0
53400, 11085895, 0, 0, 0
53500, 12893763, 0, 0, 0
53600, 12384231, 0, 0, 0
53701, 15223752, 0, 0, 0
53800, 14873246, 0, 0, 0
53900, 15523967, 0, 0, 0
54000, 18839874, 0, 0, 0
54100, 15564708, 0, 0, 0
54200, 18556302, 0, 0, 0
54300, 11332646, 0, 0, 0
54400, 15542507, 0, 0, 0
54500, 12451897, 0, 0, 0
54600, 11190889, 0, 0, 0
54701, 11462813, 0, 0, 0
54800, 9455213, 0, 0, 0
54901, 13432600, 0, 0, 0
55000, 13684572, 0, 0, 0
55100, 12853133, 0, 0, 0
55200, 11405898, 0, 0, 0
55300, 9280652, 0, 0, 0
55400, 17164219, 0, 0, 0
55501, 12884519, 0, 0, 0
55600, 14093341, 0, 0, 0
55700, 15297476, 0, 0, 0
55800, 10004373, 0, 0, 0
55900, 12486341, 0, 0, 0
56001, 14425958, 0, 0, 0
56101, 11670685, 0, 0, 0
56200, 12363774, 0, 0, 0
56300, 10347436, 0, 0, 0
56400, 11847771, 0, 0, 0
56500, 13823683, 0, 0, 0
56600, 15613397, 0, 0, 0
56700, 11230052, 0, 0, 0
56800, 13311057, 0, 0, 0
56900, 13541635, 0, 0, 0
57000, 14319079, 0, 0, 0
57100, 17516125, 0, 0, 0
57201, 11761347, 0, 0, 0
57300, 11328701, 0, 0, 0
57400, 11034786, 0, 0, 0
57500, 14190386, 0, 0, 0
57600, 16417742, 0, 0, 0
57700, 12178863, 0, 0, 0
57800, 15383693, 0, 0, 0
57900, 14436734, 0, 0, 0
58000, 12079061, 0, 0, 0
58100, 15653246, 0, 0, 0
58203, 15435616, 0, 0, 0
58300, 10030026, 0, 0, 0
58400, 14716861, 0, 0, 0
58500, 14801742, 0, 0, 0
58600, 12072060, 0, 0, 0
58700, 10522491, 0, 0, 0
58800, 9378385, 0, 0, 0
58900, 16983246, 0, 0, 0
59000, 14414250, 0, 0, 0
59101, 11724854, 0, 0, 0
59200, 22005839, 0, 0, 0
59300, 15715837, 0, 0, 0
59400, 16956308, 0, 0, 0
59500, 18661345, 0, 0, 0
59600, 15305730, 0, 0, 0
59700, 14440743, 0, 0, 0
59801, 12625545, 0, 0, 0
59900, 14355304, 0, 0, 0
60001, 16662147, 0, 0, 0
60047, 114784730, 0, 0, 0
