100, 437546, 0, 0, 0
200, 442408, 0, 0, 0
300, 443504, 0, 0, 0
400, 443020, 0, 0, 0
500, 437318, 0, 0, 0
600, 438069, 0, 0, 0
700, 443476, 0, 0, 0
800, 433881, 0, 0, 0
900, 427576, 0, 0, 0
1000, 437442, 0, 0, 0
1100, 440139, 0, 0, 0
1200, 428792, 0, 0, 0
1300, 431395, 0, 0, 0
1400, 439904, 0, 0, 0
1500, 443114, 0, 0, 0
1600, 428570, 0, 0, 0
1700, 426905, 0, 0, 0
1800, 431788, 0, 0, 0
1900, 446262, 0, 0, 0
2000, 435023, 0, 0, 0
2100, 424410, 0, 0, 0
2200, 432230, 0, 0, 0
2300, 434682, 0, 0, 0
2400, 440631, 0, 0, 0
2500, 427479, 0, 0, 0
2600, 433237, 0, 0, 0
2700, 437626, 0, 0, 0
2800, 437237, 0, 0, 0
2900, 439874, 0, 0, 0
3000, 435893, 0, 0, 0
3100, 435619, 0, 0, 0
3200, 425675, 0, 0, 0
3300, 433125, 0, 0, 0
3400, 443553, 0, 0, 0
3500, 441574, 0, 0, 0
3600, 436466, 0, 0, 0
3700, 439707, 0, 0, 0
3800, 437475, 0, 0, 0
3900, 431920, 0, 0, 0
4000, 437200, 0, 0, 0
4100, 440745, 0, 0, 0
4200, 438771, 0, 0, 0
4300, 428960, 0, 0, 0
4400, 432999, 0, 0, 0
4500, 437818, 0, 0, 0
4600, 435857, 0, 0, 0
4700, 440082, 0, 0, 0
4800, 436205, 0, 0, 0
4900, 441966, 0, 0, 0
5000, 432490, 0, 0, 0
5100, 442509, 0, 0, 0
5200, 433367, 0, 0, 0
5300, 437229, 0, 0, 0
5400, 432691, 0, 0, 0
5500, 430108, 0, 0, 0
5600, 436788, 0, 0, 0
5700, 437554, 0, 0, 0
5800, 426333, 0, 0, 0
5900, 427622, 0, 0, 0
6000, 428231, 0, 0, 0
6100, 423638, 0, 0, 0
6200, 430422, 0, 0, 0
6300, 445450, 0, 0, 0
6400, 441958, 0, 0, 0
6500, 444592, 0, 0, 0
6600, 433179, 0, 0, 0
6700, 438603, 0, 0, 0
6800, 428775, 0, 0, 0
6900, 434822, 0, 0, 0
7000, 433905, 0, 0, 0
7100, 427405, 0, 0, 0
7200, 434203, 0, 0, 0
7300, 437217, 0, 0, 0
7400, 433913, 0, 0, 0
7500, 438185, 0, 0, 0
7600, 438486, 0, 0, 0
7700, 439343, 0, 0, 0
7800, 445325, 0, 0, 0
7900, 438944, 0, 0, 0
8000, 427871, 0, 0, 0
8100, 751639, 0, 0, 0
8200, 2034633, 0, 0, 0
8321, 1389853, 0, 0, 0
8400, 1646921, 0, 0, 0
8506, 3227461, 0, 0, 0
8608, 3076788, 0, 0, 0
8746, 4058544, 0, 0, 0
8820, 4924134, 0, 0, 0
8900, 1698050, 0, 0, 0
9000, 999802, 0, 0, 0
9100, 3594793, 0, 0, 0
9203, 1410732, 0, 0, 0
9316, 2090730, 0, 0, 0
9423, 1811000, 0, 0, 0
9511, 976416, 0, 0, 0
9618, 1833737, 0, 0, 0
9700, 1208372, 0, 0, 0
9800, 1926478, 0, 0, 0
9907, 1222121, 0, 0, 0
10015, 1752410, 0, 0, 0
10155, 3256071, 0, 0, 0
10200, 2612077, 0, 0, 0
10302, 1623116, 0, 0, 0
10400, 1117808, 0, 0, 0
10500, 1410692, 0, 0, 0
10609, 1294494, 0, 0, 0
10700, 745388, 0, 0, 0
10807, 1273288, 0, 0, 0
10900, 900785, 0, 0, 0
11000, 1448883, 0, 0, 0
11100, 1786273, 0, 0, 0
11216, 956346, 0, 0, 0
11309, 2331511, 0, 0, 0
11400, 1592154, 0, 0, 0
11526, 1008088, 0, 0, 0
11651, 7360122, 0, 0, 0
11700, 3248608, 0, 0, 0
11819, 1988289, 0, 0, 0
11902, 3459432, 0, 0, 0
12000, 1063640, 0, 0, 0
12100, 1172619, 0, 0, 0
12225, 2313719, 0, 0, 0
12302, 2259992, 0, 0, 0
12400, 951491, 0, 0, 0
12529, 2017257, 0, 0, 0
12610, 20358848, 0, 0, 0
12709, 9885001, 0, 0, 0
12841, 18753626, 0, 0, 0
12931, 18046274, 0, 0, 0
13012, 40594698, 0, 0, 0
13135, 40986840, 0, 0, 0
13210, 24985013, 0, 0, 0
13324, 28546029, 0, 0, 0
13443, 11894319, 0, 0, 0
13533, 22393312, 0, 0, 0
13661, 9873714, 0, 0, 0
13703, 8273105, 0, 0, 0
13818, 9612468, 0, 0, 0
13900, 11684653, 0, 0, 0
14026, 12633931, 0, 0, 0
14117, 8300579, 0, 0, 0
14208, 10111685, 0, 0, 0
14310, 9194644, 0, 0, 0
14438, 8563319, 0, 0, 0
14501, 5255240, 0, 0, 0
14600, 7606516, 0, 0, 0
14702, 3761289, 0, 0, 0
14804, 4653708, 0, 0, 0
14926, 8150418, 0, 0, 0
15022, 13591859, 0, 0, 0
15110, 8018125, 0, 0, 0
15237, 3517285, 0, 0, 0
15302, 3118456, 0, 0, 0
15404, 2828769, 0, 0, 0
15500, 2005089, 0, 0, 0
15616, 3051875, 0, 0, 0
15701, 1405468, 0, 0, 0
15802, 1425409, 0, 0, 0
15900, 1089056, 0, 0, 0
16004, 2037216, 0, 0, 0
16100, 820926, 0, 0, 0
16200, 831620, 0, 0, 0
16300, 875342, 0, 0, 0
16400, 713591, 0, 0, 0
16500, 779444, 0, 0, 0
16600, 662120, 0, 0, 0
16700, 690977, 0, 0, 0
16800, 706212, 0, 0, 0
16900, 667164, 0, 0, 0
17000, 659857, 0, 0, 0
17100, 785901, 0, 0, 0
17200, 652961, 0, 0, 0
17300, 669708, 0, 0, 0
17400, 669107, 0, 0, 0
17500, 636602, 0, 0, 0
17600, 667333, 0, 0, 0
17700, 656990, 0, 0, 0
17800, 651703, 0, 0, 0
17900, 642923, 0, 0, 0
18000, 692440, 0, 0, 0
18100, 636591, 0, 0, 0
18200, 662566, 0, 0, 0
18300, 656155, 0, 0, 0
18400, 645764, 0, 0, 0
18500, 625461, 0, 0, 0
18600, 640570, 0, 0, 0
18700, 641576, 0, 0, 0
18800, 659004, 0, 0, 0
18900, 636419, 0, 0, 0
19000, 622487, 0, 0, 0
19100, 651516, 0, 0, 0
19200, 647478, 0, 0, 0
19300, 646437, 0, 0, 0
19400, 682423, 0, 0, 0
19500, 670604, 0, 0, 0
19600, 650581, 0, 0, 0
19700, 660372, 0, 0, 0
19800, 655252, 0, 0, 0
19900, 655146, 0, 0, 0
20000, 655820, 0, 0, 0
20100, 651901, 0, 0, 0
20200, 633169, 0, 0, 0
20300, 624355, 0, 0, 0
20400, 619301, 0, 0, 0
20500, 614892, 0, 0, 0
20600, 642329, 0, 0, 0
20700, 655198, 0, 0, 0
20800, 634983, 0, 0, 0
20900, 614964, 0, 0, 0
21000, 657415, 0, 0, 0
21100, 629240, 0, 0, 0
21200, 643574, 0, 0, 0
21300, 647612, 0, 0, 0
21400, 665154, 0, 0, 0
21500, 637633, 0, 0, 0
21600, 634969, 0, 0, 0
21700, 651071, 0, 0, 0
21800, 637428, 0, 0, 0
21900, 642094, 0, 0, 0
22000, 657270, 0, 0, 0
22100, 634084, 0, 0, 0
22200, 665412, 0, 0, 0
22300, 650171, 0, 0, 0
22400, 647482, 0, 0, 0
22500, 652641, 0, 0, 0
22600, 657546, 0, 0, 0
22700, 662812, 0, 0, 0
22800, 669950, 0, 0, 0
22900, 643540, 0, 0, 0
23000, 660102, 0, 0, 0
23100, 667184, 0, 0, 0
23200, 653399, 0, 0, 0
23300, 632837, 0, 0, 0
23400, 659644, 0, 0, 0
23500, 717202, 0, 0, 0
23600, 734272, 0, 0, 0
23700, 626227, 0, 0, 0
23801, 830026, 0, 0, 0
23900, 777068, 0, 0, 0
24000, 764101, 0, 0, 0
24100, 672644, 0, 0, 0
24200, 677846, 0, 0, 0
24300, 639697, 0, 0, 0
24400, 658678, 0, 0, 0
24500, 626119, 0, 0, 0
24600, 639249, 0, 0, 0
24700, 661412, 0, 0, 0
24800, 664163, 0, 0, 0
24900, 669427, 0, 0, 0
25000, 644459, 0, 0, 0
25100, 626908, 0, 0, 0
25200, 605444, 0, 0, 0
25300, 661333, 0, 0, 0
25400, 643235, 0, 0, 0
25500, 609729, 0, 0, 0
25600, 638079, 0, 0, 0
25700, 629649, 0, 0, 0
25800, 624554, 0, 0, 0
25900, 626776, 0, 0, 0
26000, 645570, 0, 0, 0
26100, 639439, 0, 0, 0
26200, 617280, 0, 0, 0
26300, 654739, 0, 0, 0
26400, 643666, 0, 0, 0
26500, 638790, 0, 0, 0
26600, 650814, 0, 0, 0
26700, 614513, 0, 0, 0
26800, 676238, 0, 0, 0
26900, 629918, 0, 0, 0
27000, 624134, 0, 0, 0
27100, 630933, 0, 0, 0
27200, 624597, 0, 0, 0
27300, 620370, 0, 0, 0
27400, 654520, 0, 0, 0
27500, 661302, 0, 0, 0
27600, 621738, 0, 0, 0
27700, 632938, 0, 0, 0
27800, 650168, 0, 0, 0
27900, 633235, 0, 0, 0
28000, 629790, 0, 0, 0
28100, 675563, 0, 0, 0
28200, 641382, 0, 0, 0
28300, 631348, 0, 0, 0
28400, 627364, 0, 0, 0
28500, 647600, 0, 0, 0
28600, 678650, 0, 0, 0
28700, 703974, 0, 0, 0
28800, 642825, 0, 0, 0
28900, 651656, 0, 0, 0
29000, 662309, 0, 0, 0
29100, 637574, 0, 0, 0
29200, 660072, 0, 0, 0
29300, 612161, 0, 0, 0
29400, 623848, 0, 0, 0
29500, 623207, 0, 0, 0
29600, 652662, 0, 0, 0
29700, 661042, 0, 0, 0
29800, 931299, 0, 0, 0
29900, 714346, 0, 0, 0
30000, 732944, 0, 0, 0
30100, 650129, 0, 0, 0
30200, 683303, 0, 0, 0
30300, 645992, 0, 0, 0
30400, 783485, 0, 0, 0
30500, 650905, 0, 0, 0
30600, 663026, 0, 0, 0
30700, 659853, 0, 0, 0
30800, 647475, 0, 0, 0
30900, 623691, 0, 0, 0
31000, 656359, 0, 0, 0
31100, 635681, 0, 0, 0
31200, 647417, 0, 0, 0
31300, 655142, 0, 0, 0
31400, 637844, 0, 0, 0
31500, 646689, 0, 0, 0
31600, 651746, 0, 0, 0
31700, 629153, 0, 0, 0
31800, 634240, 0, 0, 0
31900, 642935, 0, 0, 0
32000, 639101, 0, 0, 0
32100, 645309, 0, 0, 0
32200, 640729, 0, 0, 0
32300, 656479, 0, 0, 0
32400, 707438, 0, 0, 0
32500, 617295, 0, 0, 0
32600, 638208, 0, 0, 0
32700, 636669, 0, 0, 0
32800, 639546, 0, 0, 0
32900, 641160, 0, 0, 0
33000, 660257, 0, 0, 0
33101, 825170, 0, 0, 0
33200, 1086924, 0, 0, 0
33300, 1194660, 0, 0, 0
33400, 851524, 0, 0, 0
33500, 779760, 0, 0, 0
33600, 930684, 0, 0, 0
33700, 749336, 0, 0, 0
33800, 653245, 0, 0, 0
33900, 801252, 0, 0, 0
34000, 789209, 0, 0, 0
34100, 682268, 0, 0, 0
34200, 660113, 0, 0, 0
34300, 649772, 0, 0, 0
34400, 657287, 0, 0, 0
34500, 671353, 0, 0, 0
34600, 668644, 0, 0, 0
34700, 643130, 0, 0, 0
34800, 659422, 0, 0, 0
34900, 648438, 0, 0, 0
35000, 652434, 0, 0, 0
35100, 656516, 0, 0, 0
35200, 634644, 0, 0, 0
35300, 648319, 0, 0, 0
35400, 644745, 0, 0, 0
35500, 643608, 0, 0, 0
35600, 656427, 0, 0, 0
35700, 637538, 0, 0, 0
35800, 625465, 0, 0, 0
35900, 668683, 0, 0, 0
36000, 676372, 0, 0, 0
36100, 634353, 0, 0, 0
36200, 649040, 0, 0, 0
36300, 651211, 0, 0, 0
36400, 677727, 0, 0, 0
36500, 646581, 0, 0, 0
36600, 682861, 0, 0, 0
36700, 626458, 0, 0, 0
36800, 639561, 0, 0, 0
36900, 652247, 0, 0, 0
37000, 628198, 0, 0, 0
37100, 636333, 0, 0, 0
37200, 657865, 0, 0, 0
37300, 641138, 0, 0, 0
37400, 687062, 0, 0, 0
37501, 737149, 0, 0, 0
37600, 656365, 0, 0, 0
37704, 720093, 0, 0, 0
37800, 647546, 0, 0, 0
37900, 631640, 0, 0, 0
38000, 671229, 0, 0, 0
38100, 657009, 0, 0, 0
38200, 641272, 0, 0, 0
38300, 650257, 0, 0, 0
38400, 667951, 0, 0, 0
38500, 647842, 0, 0, 0
38600, 618844, 0, 0, 0
38700, 661419, 0, 0, 0
38800, 651547, 0, 0, 0
38902, 750250, 0, 0, 0
39000, 695530, 0, 0, 0
39100, 648717, 0, 0, 0
39200, 640626, 0, 0, 0
39300, 622972, 0, 0, 0
39400, 632865, 0, 0, 0
39500, 646275, 0, 0, 0
39600, 633737, 0, 0, 0
39700, 642966, 0, 0, 0
39802, 923303, 0, 0, 0
39900, 874434, 0, 0, 0
40000, 809274, 0, 0, 0
40100, 778146, 0, 0, 0
40200, 760328, 0, 0, 0
40301, 666544, 0, 0, 0
40400, 844979, 0, 0, 0
40500, 686757, 0, 0, 0
40600, 688972, 0, 0, 0
40700, 671712, 0, 0, 0
40800, 665251, 0, 0, 0
40900, 623136, 0, 0, 0
41000, 649782, 0, 0, 0
41100, 648694, 0, 0, 0
41200, 658486, 0, 0, 0
41300, 656337, 0, 0, 0
41400, 684079, 0, 0, 0
41500, 654000, 0, 0, 0
41600, 656300, 0, 0, 0
41700, 629292, 0, 0, 0
41800, 655598, 0, 0, 0
41900, 627465, 0, 0, 0
42000, 669226, 0, 0, 0
42100, 611385, 0, 0, 0
42200, 657199, 0, 0, 0
42300, 663757, 0, 0, 0
42400, 636823, 0, 0, 0
42500, 654619, 0, 0, 0
42600, 641944, 0, 0, 0
42700, 636742, 0, 0, 0
42800, 647296, 0, 0, 0
42900, 639449, 0, 0, 0
43000, 643402, 0, 0, 0
43102, 721997, 0, 0, 0
43201, 1628625, 0, 0, 0
43300, 1144341, 0, 0, 0
43400, 1015500, 0, 0, 0
43500, 981466, 0, 0, 0
43600, 971900, 0, 0, 0
43700, 966269, 0, 0, 0
43800, 874121, 0, 0, 0
43900, 1215819, 0, 0, 0
44000, 727622, 0, 0, 0
44100, 666693, 0, 0, 0
44200, 733534, 0, 0, 0
44300, 671206, 0, 0, 0
44400, 641952, 0, 0, 0
44500, 770019, 0, 0, 0
44600, 644431, 0, 0, 0
44700, 652142, 0, 0, 0
44800, 654086, 0, 0, 0
44900, 622711, 0, 0, 0
45000, 624516, 0, 0, 0
45100, 660254, 0, 0, 0
45200, 620205, 0, 0, 0
45300, 618246, 0, 0, 0
45400, 637216, 0, 0, 0
45500, 628959, 0, 0, 0
45600, 648391, 0, 0, 0
45700, 681199, 0, 0, 0
45800, 622034, 0, 0, 0
45900, 609054, 0, 0, 0
46000, 623210, 0, 0, 0
46100, 659782, 0, 0, 0
46200, 636347, 0, 0, 0
46300, 633535, 0, 0, 0
46400, 682361, 0, 0, 0
46500, 618975, 0, 0, 0
46600, 639114, 0, 0, 0
46700, 631951, 0, 0, 0
46800, 627765, 0, 0, 0
46900, 657124, 0, 0, 0
47000, 624842, 0, 0, 0
47100, 624559, 0, 0, 0
47200, 642070, 0, 0, 0
47300, 657303, 0, 0, 0
47400, 659617, 0, 0, 0
47500, 772258, 0, 0, 0
47600, 705679, 0, 0, 0
47700, 656961, 0, 0, 0
47800, 657936, 0, 0, 0
47900, 631393, 0, 0, 0
48000, 629823, 0, 0, 0
48100, 647180, 0, 0, 0
48200, 670781, 0, 0, 0
48300, 721739, 0, 0, 0
48400, 681747, 0, 0, 0
48500, 625428, 0, 0, 0
48600, 675675, 0, 0, 0
48700, 660069, 0, 0, 0
48800, 630028, 0, 0, 0
48901, 780500, 0, 0, 0
49000, 639475, 0, 0, 0
49100, 676082, 0, 0, 0
49200, 640719, 0, 0, 0
49300, 660925, 0, 0, 0
49400, 621137, 0, 0, 0
49500, 632203, 0, 0, 0
49600, 644123, 0, 0, 0
49700, 651830, 0, 0, 0
49800, 647987, 0, 0, 0
49901, 692519, 0, 0, 0
50000, 669429, 0, 0, 0
50100, 636106, 0, 0, 0
50200, 627246, 0, 0, 0
50300, 619725, 0, 0, 0
50400, 628981, 0, 0, 0
50500, 623100, 0, 0, 0
50600, 642691, 0, 0, 0
50700, 633502, 0, 0, 0
50800, 638378, 0, 0, 0
50900, 597459, 0, 0, 0
51000, 598475, 0, 0, 0
51100, 620418, 0, 0, 0
51200, 604931, 0, 0, 0
51300, 612236, 0, 0, 0
51400, 601933, 0, 0, 0
51500, 639706, 0, 0, 0
51600, 611018, 0, 0, 0
51700, 651260, 0, 0, 0
51800, 612476, 0, 0, 0
51900, 641421, 0, 0, 0
52000, 648714, 0, 0, 0
52100, 668239, 0, 0, 0
52200, 635462, 0, 0, 0
52300, 653934, 0, 0, 0
52400, 624291, 0, 0, 0
52500, 647351, 0, 0, 0
52600, 665280, 0, 0, 0
52700, 637081, 0, 0, 0
52800, 619868, 0, 0, 0
52900, 667408, 0, 0, 0
53000, 636538, 0, 0, 0
53100, 611762, 0, 0, 0
53200, 1419762, 0, 0, 0
53300, 1356891, 0, 0, 0
53400, 757116, 0, 0, 0
53500, 703095, 0, 0, 0
53601, 738852, 0, 0, 0
53704, 901052, 0, 0, 0
53800, 683421, 0, 0, 0
53900, 662971, 0, 0, 0
54000, 751106, 0, 0, 0
54100, 660105, 0, 0, 0
54200, 696039, 0, 0, 0
54300, 639322, 0, 0, 0
54400, 652460, 0, 0, 0
54503, 673416, 0, 0, 0
54600, 636828, 0, 0, 0
54700, 638592, 0, 0, 0
54800, 606986, 0, 0, 0
54900, 628383, 0, 0, 0
55000, 649604, 0, 0, 0
55100, 659535, 0, 0, 0
55200, 672183, 0, 0, 0
55300, 646116, 0, 0, 0
55400, 617338, 0, 0, 0
55500, 636281, 0, 0, 0
55600, 645146, 0, 0, 0
55700, 647756, 0, 0, 0
55800, 620671, 0, 0, 0
55900, 646585, 0, 0, 0
56000, 637810, 0, 0, 0
56100, 639505, 0, 0, 0
56200, 624259, 0, 0, 0
56300, 635587, 0, 0, 0
56400, 641030, 0, 0, 0
56500, 632881, 0, 0, 0
56600, 643892, 0, 0, 0
56700, 619735, 0, 0, 0
56800, 650216, 0, 0, 0
56900, 610184, 0, 0, 0
57000, 657373, 0, 0, 0
57100, 626442, 0, 0, 0
57200, 620902, 0, 0, 0
57300, 620284, 0, 0, 0
57400, 612005, 0, 0, 0
57500, 712893, 0, 0, 0
57600, 678431, 0, 0, 0
57700, 649432, 0, 0, 0
57800, 658206, 0, 0, 0
57900, 635683, 0, 0, 0
58000, 631255, 0, 0, 0
58100, 638152, 0, 0, 0
58200, 657300, 0, 0, 0
58300, 775633, 0, 0, 0
58400, 641530, 0, 0, 0
58500, 625634, 0, 0, 0
58600, 643313, 0, 0, 0
58700, 637018, 0, 0, 0
58800, 614845, 0, 0, 0
58900, 679044, 0, 0, 0
59000, 638875, 0, 0, 0
59100, 641645, 0, 0, 0
59200, 627617, 0, 0, 0
59300, 617507, 0, 0, 0
59400, 638986, 0, 0, 0
59500, 630394, 0, 0, 0
59600, 632905, 0, 0, 0
59700, 624904, 0, 0, 0
59800, 631302, 0, 0, 0
59900, 676289, 0, 0, 0
60000, 668281, 0, 0, 0
60100, 670685, 0, 0, 0
60200, 646129, 0, 0, 0
60300, 627582, 0, 0, 0
60400, 612625, 0, 0, 0
60500, 693226, 0, 0, 0
60600, 618960, 0, 0, 0
60700, 622605, 0, 0, 0
60800, 650138, 0, 0, 0
60900, 635189, 0, 0, 0
61000, 617192, 0, 0, 0
61100, 637470, 0, 0, 0
61200, 617849, 0, 0, 0
61300, 642005, 0, 0, 0
61400, 643189, 0, 0, 0
61500, 619842, 0, 0, 0
61600, 584192, 0, 0, 0
61700, 615054, 0, 0, 0
61800, 635426, 0, 0, 0
61900, 595216, 0, 0, 0
62000, 633914, 0, 0, 0
62100, 605618, 0, 0, 0
62200, 603800, 0, 0, 0
62300, 630260, 0, 0, 0
62400, 599365, 0, 0, 0
62500, 604545, 0, 0, 0
62600, 645656, 0, 0, 0
62700, 616298, 0, 0, 0
62800, 611923, 0, 0, 0
62900, 617055, 0, 0, 0
63000, 618782, 0, 0, 0
63100, 629352, 0, 0, 0
63204, 1071232, 0, 0, 0
63300, 1923862, 0, 0, 0
63400, 1122372, 0, 0, 0
63500, 855101, 0, 0, 0
63600, 665056, 0, 0, 0
63700, 894013, 0, 0, 0
63800, 802056, 0, 0, 0
63900, 803531, 0, 0, 0
64000, 766403, 0, 0, 0
64100, 632272, 0, 0, 0
64200, 627593, 0, 0, 0
64300, 771709, 0, 0, 0
64400, 654664, 0, 0, 0
64500, 622127, 0, 0, 0
64600, 641919, 0, 0, 0
64700, 634578, 0, 0, 0
64800, 640181, 0, 0, 0
64900, 632945, 0, 0, 0
65000, 614082, 0, 0, 0
65100, 607104, 0, 0, 0
65200, 630515, 0, 0, 0
65300, 613542, 0, 0, 0
65400, 632831, 0, 0, 0
65500, 626399, 0, 0, 0
65600, 616483, 0, 0, 0
65700, 629071, 0, 0, 0
65800, 626394, 0, 0, 0
65900, 622949, 0, 0, 0
66000, 637005, 0, 0, 0
66100, 625854, 0, 0, 0
66200, 634281, 0, 0, 0
66300, 609613, 0, 0, 0
66400, 676409, 0, 0, 0
66500, 612910, 0, 0, 0
66600, 626330, 0, 0, 0
66700, 609371, 0, 0, 0
66800, 617431, 0, 0, 0
66900, 630025, 0, 0, 0
67000, 622060, 0, 0, 0
67100, 601317, 0, 0, 0
67200, 625218, 0, 0, 0
67300, 620979, 0, 0, 0
67400, 622568, 0, 0, 0
67500, 700227, 0, 0, 0
67600, 728471, 0, 0, 0
67700, 660901, 0, 0, 0
67800, 623243, 0, 0, 0
67900, 651658, 0, 0, 0
68000, 628545, 0, 0, 0
68100, 640457, 0, 0, 0
68200, 637887, 0, 0, 0
68300, 638289, 0, 0, 0
68400, 630343, 0, 0, 0
68500, 625542, 0, 0, 0
68600, 620674, 0, 0, 0
68700, 703306, 0, 0, 0
68800, 680664, 0, 0, 0
68900, 684554, 0, 0, 0
69000, 708472, 0, 0, 0
69100, 654285, 0, 0, 0
69200, 651361, 0, 0, 0
69300, 641548, 0, 0, 0
69400, 614082, 0, 0, 0
69500, 646134, 0, 0, 0
69600, 635918, 0, 0, 0
69700, 606364, 0, 0, 0
69800, 641876, 0, 0, 0
69900, 672956, 0, 0, 0
70000, 752961, 0, 0, 0
70100, 630709, 0, 0, 0
70200, 629941, 0, 0, 0
70300, 614269, 0, 0, 0
70400, 647047, 0, 0, 0
70500, 630073, 0, 0, 0
70600, 636983, 0, 0, 0
70700, 622078, 0, 0, 0
70800, 626683, 0, 0, 0
70900, 649722, 0, 0, 0
71000, 622241, 0, 0, 0
71100, 611005, 0, 0, 0
71200, 606284, 0, 0, 0
71300, 613745, 0, 0, 0
71400, 624953, 0, 0, 0
71500, 619619, 0, 0, 0
71600, 644561, 0, 0, 0
71700, 623932, 0, 0, 0
71800, 643557, 0, 0, 0
71900, 638298, 0, 0, 0
72000, 644961, 0, 0, 0
72100, 607596, 0, 0, 0
72200, 617233, 0, 0, 0
72300, 609346, 0, 0, 0
72400, 615027, 0, 0, 0
72500, 630104, 0, 0, 0
72600, 619115, 0, 0, 0
72700, 591242, 0, 0, 0
72800, 634784, 0, 0, 0
72900, 600821, 0, 0, 0
73000, 616242, 0, 0, 0
73100, 630249, 0, 0, 0
73200, 606260, 0, 0, 0
73300, 1930229, 0, 0, 0
73403, 1415686, 0, 0, 0
73500, 925190, 0, 0, 0
73600, 765110, 0, 0, 0
73706, 890249, 0, 0, 0
73800, 953603, 0, 0, 0
73900, 1138109, 0, 0, 0
74000, 824542, 0, 0, 0
74100, 1019352, 0, 0, 0
74200, 639309, 0, 0, 0
74300, 611067, 0, 0, 0
74400, 625720, 0, 0, 0
74500, 598694, 0, 0, 0
74600, 761262, 0, 0, 0
74700, 656976, 0, 0, 0
74800, 625676, 0, 0, 0
74900, 594483, 0, 0, 0
75000, 619203, 0, 0, 0
75100, 648483, 0, 0, 0
75200, 634626, 0, 0, 0
75300, 628078, 0, 0, 0
75400, 610782, 0, 0, 0
75500, 613320, 0, 0, 0
75600, 628667, 0, 0, 0
75700, 624641, 0, 0, 0
75800, 610605, 0, 0, 0
75900, 603402, 0, 0, 0
76000, 614770, 0, 0, 0
76100, 597825, 0, 0, 0
76200, 610268, 0, 0, 0
76300, 618843, 0, 0, 0
76400, 622128, 0, 0, 0
76500, 617163, 0, 0, 0
76600, 619479, 0, 0, 0
76700, 649029, 0, 0, 0
76800, 626340, 0, 0, 0
76900, 619193, 0, 0, 0
77000, 643157, 0, 0, 0
77100, 637074, 0, 0, 0
77200, 610789, 0, 0, 0
77300, 619414, 0, 0, 0
77400, 624091, 0, 0, 0
77500, 728681, 0, 0, 0
77600, 1109699, 0, 0, 0
77700, 819844, 0, 0, 0
77800, 688373, 0, 0, 0
77900, 740874, 0, 0, 0
78000, 657705, 0, 0, 0
78100, 624429, 0, 0, 0
78202, 692909, 0, 0, 0
78301, 1012218, 0, 0, 0
78400, 834370, 0, 0, 0
78500, 735510, 0, 0, 0
78600, 655297, 0, 0, 0
78700, 646654, 0, 0, 0
78800, 612932, 0, 0, 0
78900, 620916, 0, 0, 0
79000, 899470, 0, 0, 0
79100, 745201, 0, 0, 0
79200, 706655, 0, 0, 0
79300, 626382, 0, 0, 0
79400, 702821, 0, 0, 0
79500, 616174, 0, 0, 0
79600, 620185, 0, 0, 0
79700, 622638, 0, 0, 0
79800, 596237, 0, 0, 0
79900, 602088, 0, 0, 0
80000, 725406, 0, 0, 0
80100, 697797, 0, 0, 0
80200, 642832, 0, 0, 0
80300, 628165, 0, 0, 0
80400, 647620, 0, 0, 0
80500, 625343, 0, 0, 0
80600, 654783, 0, 0, 0
80700, 625850, 0, 0, 0
80800, 583826, 0, 0, 0
80900, 628003, 0, 0, 0
81000, 612681, 0, 0, 0
81100, 625265, 0, 0, 0
81200, 619918, 0, 0, 0
81300, 614083, 0, 0, 0
81400, 641216, 0, 0, 0
81500, 618279, 0, 0, 0
81600, 631637, 0, 0, 0
81700, 624473, 0, 0, 0
81800, 628328, 0, 0, 0
81900, 608224, 0, 0, 0
82000, 623087, 0, 0, 0
82100, 627091, 0, 0, 0
82200, 591608, 0, 0, 0
82300, 597390, 0, 0, 0
82400, 634142, 0, 0, 0
82500, 616273, 0, 0, 0
82600, 621425, 0, 0, 0
82700, 617292, 0, 0, 0
82800, 602468, 0, 0, 0
82900, 637115, 0, 0, 0
83000, 619839, 0, 0, 0
83100, 607736, 0, 0, 0
83200, 619861, 0, 0, 0
83301, 937010, 0, 0, 0
83400, 969068, 0, 0, 0
83500, 840250, 0, 0, 0
83600, 690388, 0, 0, 0
83700, 645818, 0, 0, 0
83803, 1132279, 0, 0, 0
83901, 1688141, 0, 0, 0
84000, 1249463, 0, 0, 0
84100, 1070297, 0, 0, 0
84200, 749515, 0, 0, 0
84300, 704328, 0, 0, 0
84400, 666140, 0, 0, 0
84500, 610345, 0, 0, 0
84600, 602360, 0, 0, 0
84700, 881682, 0, 0, 0
84800, 621608, 0, 0, 0
84900, 650285, 0, 0, 0
85000, 631375, 0, 0, 0
85100, 620259, 0, 0, 0
85200, 606921, 0, 0, 0
85300, 616437, 0, 0, 0
85400, 602309, 0, 0, 0
85500, 610538, 0, 0, 0
85600, 608586, 0, 0, 0
85700, 629545, 0, 0, 0
85800, 631940, 0, 0, 0
85900, 642192, 0, 0, 0
86000, 614565, 0, 0, 0
86100, 596840, 0, 0, 0
86200, 601226, 0, 0, 0
86300, 597874, 0, 0, 0
86400, 621299, 0, 0, 0
86500, 601685, 0, 0, 0
86600, 615849, 0, 0, 0
86700, 624659, 0, 0, 0
86800, 643420, 0, 0, 0
86900, 610486, 0, 0, 0
87000, 621061, 0, 0, 0
87100, 596141, 0, 0, 0
87200, 637455, 0, 0, 0
87300, 604099, 0, 0, 0
87400, 601022, 0, 0, 0
87500, 604057, 0, 0, 0
87600, 896232, 0, 0, 0
87707, 1438729, 0, 0, 0
87800, 1069318, 0, 0, 0
87900, 696465, 0, 0, 0
88000, 819632, 0, 0, 0
88100, 616877, 0, 0, 0
88200, 614843, 0, 0, 0
88300, 671704, 0, 0, 0
88400, 960545, 0, 0, 0
88506, 997119, 0, 0, 0
88600, 861222, 0, 0, 0
88700, 748097, 0, 0, 0
88800, 625390, 0, 0, 0
88900, 619231, 0, 0, 0
89004, 989034, 0, 0, 0
89100, 806296, 0, 0, 0
89200, 699980, 0, 0, 0
89300, 660914, 0, 0, 0
89400, 611905, 0, 0, 0
89500, 617999, 0, 0, 0
89600, 603771, 0, 0, 0
89700, 634517, 0, 0, 0
89800, 611777, 0, 0, 0
89900, 596469, 0, 0, 0
90000, 667276, 0, 0, 0
