100, 463962, 0, 0, 0
100, 2310948, 1, 0, 0
200, 511231, 0, 0, 0
200, 2522900, 1, 0, 0
300, 485091, 0, 0, 0
300, 1215761, 1, 0, 0
400, 493620, 0, 0, 0
400, 1248074, 1, 0, 0
500, 481921, 0, 0, 0
501, 1351465, 1, 0, 0
600, 1353002, 1, 0, 0
600, 506325, 0, 0, 0
700, 475470, 0, 0, 0
701, 1290141, 1, 0, 0
800, 502229, 0, 0, 0
800, 1334572, 1, 0, 0
900, 1283074, 1, 0, 0
901, 498557, 0, 0, 0
1000, 496868, 0, 0, 0
1001, 1407283, 1, 0, 0
1100, 497291, 0, 0, 0
1101, 1254397, 1, 0, 0
1200, 501664, 0, 0, 0
1200, 1270259, 1, 0, 0
1300, 491386, 0, 0, 0
1300, 1338868, 1, 0, 0
1400, 486593, 0, 0, 0
1402, 1348851, 1, 0, 0
1500, 494522, 0, 0, 0
1501, 1298750, 1, 0, 0
1600, 1301068, 1, 0, 0
1600, 512482, 0, 0, 0
1700, 495967, 0, 0, 0
1700, 1236494, 1, 0, 0
1800, 1402184, 1, 0, 0
1800, 483628, 0, 0, 0
1900, 499820, 0, 0, 0
1900, 1286191, 1, 0, 0
2000, 1219408, 1, 0, 0
2000, 497954, 0, 0, 0
2100, 493683, 0, 0, 0
2100, 1251395, 1, 0, 0
2200, 479902, 0, 0, 0
2200, 1319325, 1, 0, 0
2300, 495686, 0, 0, 0
2300, 1376404, 1, 0, 0
2400, 507929, 0, 0, 0
2400, 1374187, 1, 0, 0
2500, 495371, 0, 0, 0
2501, 1223088, 1, 0, 0
2600, 1411697, 1, 0, 0
2600, 464691, 0, 0, 0
2700, 490943, 0, 0, 0
2701, 1208743, 1, 0, 0
2800, 478712, 0, 0, 0
2800, 1317977, 1, 0, 0
2900, 476742, 0, 0, 0
2900, 1242807, 1, 0, 0
3000, 1311865, 1, 0, 0
3000, 481249, 0, 0, 0
3100, 496433, 0, 0, 0
3100, 1267882, 1, 0, 0
3200, 504766, 0, 0, 0
3200, 1309146, 1, 0, 0
3300, 487780, 0, 0, 0
3300, 1346921, 1, 0, 0
3400, 507042, 0, 0, 0
3401, 1260543, 1, 0, 0
3500, 485809, 0, 0, 0
3501, 1305318, 1, 0, 0
3600, 483594, 0, 0, 0
3600, 1311581, 1, 0, 0
3700, 475622, 0, 0, 0
3700, 1268637, 1, 0, 0
3800, 474301, 0, 0, 0
3800, 1294252, 1, 0, 0
3900, 485650, 0, 0, 0
3900, 1266215, 1, 0, 0
4000, 481045, 0, 0, 0
4000, 1287253, 1, 0, 0
4100, 493938, 0, 0, 0
4100, 1244289, 1, 0, 0
4200, 1374319, 1, 0, 0
4200, 503175, 0, 0, 0
4300, 484986, 0, 0, 0
4300, 1291430, 1, 0, 0
4400, 475426, 0, 0, 0
4400, 1345076, 1, 0, 0
4500, 1759612, 1, 0, 0
4501, 441677, 0, 0, 0
4627, 2812655, 1, 0, 0
4628, 646969, 0, 0, 0
4700, 693185, 0, 0, 0
4700, 1584244, 1, 0, 0
4800, 1198998, 1, 0, 0
4800, 484095, 0, 0, 0
4900, 456119, 0, 0, 0
4900, 1522346, 1, 0, 0
5000, 1227658, 1, 0, 0
5000, 472297, 0, 0, 0
5100, 491834, 0, 0, 0
5100, 1220330, 1, 0, 0
5200, 484879, 0, 0, 0
5200, 1286363, 1, 0, 0
5300, 468141, 0, 0, 0
5301, 1271375, 1, 0, 0
5400, 503210, 0, 0, 0
5400, 1339935, 1, 0, 0
5500, 460764, 0, 0, 0
5501, 1593295, 1, 0, 0
5600, 517443, 0, 0, 0
5600, 1445049, 1, 0, 0
5700, 494324, 0, 0, 0
5700, 1337953, 1, 0, 0
5800, 1375405, 1, 0, 0
5800, 496021, 0, 0, 0
5900, 506493, 0, 0, 0
5900, 1350613, 1, 0, 0
6000, 496714, 0, 0, 0
6000, 1258781, 1, 0, 0
6100, 492745, 0, 0, 0
6100, 1299034, 1, 0, 0
6200, 1295165, 1, 0, 0
6200, 497551, 0, 0, 0
6300, 505870, 0, 0, 0
6300, 1311992, 1, 0, 0
6400, 495782, 0, 0, 0
6400, 1394516, 1, 0, 0
6500, 505742, 0, 0, 0
6500, 1401885, 1, 0, 0
6600, 488286, 0, 0, 0
6600, 1365997, 1, 0, 0
6700, 490052, 0, 0, 0
6700, 1342098, 1, 0, 0
6800, 1358645, 1, 0, 0
6800, 491069, 0, 0, 0
6900, 493966, 0, 0, 0
6900, 1298082, 1, 0, 0
7000, 513650, 0, 0, 0
7000, 1370085, 1, 0, 0
7100, 1349781, 1, 0, 0
7100, 491009, 0, 0, 0
7200, 491315, 0, 0, 0
7200, 1278677, 1, 0, 0
7300, 491959, 0, 0, 0
7300, 1368260, 1, 0, 0
7400, 550823, 0, 0, 0
7400, 1265310, 1, 0, 0
7500, 485296, 0, 0, 0
7500, 1382543, 1, 0, 0
7600, 480780, 0, 0, 0
7600, 1318618, 1, 0, 0
7700, 1297908, 1, 0, 0
7700, 497202, 0, 0, 0
7800, 501339, 0, 0, 0
7800, 1285794, 1, 0, 0
7900, 486735, 0, 0, 0
7900, 1351367, 1, 0, 0
8000, 2647225, 1, 0, 0
8000, 474839, 0, 0, 0
8100, 1180048, 1, 0, 0
8100, 464729, 0, 0, 0
8200, 464317, 0, 0, 0
8200, 1382550, 1, 0, 0
8300, 472758, 0, 0, 0
8301, 1382381, 1, 0, 0
8400, 468727, 0, 0, 0
8400, 1431028, 1, 0, 0
8500, 475468, 0, 0, 0
8500, 1383890, 1, 0, 0
8600, 487488, 0, 0, 0
8600, 1376163, 1, 0, 0
8700, 509621, 0, 0, 0
8700, 1351686, 1, 0, 0
8800, 492485, 0, 0, 0
8800, 1348268, 1, 0, 0
8900, 1346195, 1, 0, 0
8900, 481602, 0, 0, 0
9000, 479832, 0, 0, 0
9000, 1308819, 1, 0, 0
9100, 472932, 0, 0, 0
9101, 1430816, 1, 0, 0
9200, 485012, 0, 0, 0
9201, 1408776, 1, 0, 0
9300, 478784, 0, 0, 0
9301, 1329248, 1, 0, 0
9400, 489507, 0, 0, 0
9400, 1400908, 1, 0, 0
9504, 1424308, 1, 0, 0
9505, 462115, 0, 0, 0
9600, 488838, 0, 0, 0
9601, 1321843, 1, 0, 0
9700, 478577, 0, 0, 0
9700, 1313469, 1, 0, 0
9800, 486630, 0, 0, 0
9800, 1360909, 1, 0, 0
9906, 509527, 0, 0, 0
9906, 1360400, 1, 0, 0
10000, 474997, 0, 0, 0
10000, 1415777, 1, 0, 0
10100, 494596, 0, 0, 0
10100, 1407791, 1, 0, 0
10200, 1356959, 1, 0, 0
10201, 501752, 0, 0, 0
10300, 485560, 0, 0, 0
10300, 1374012, 1, 0, 0
10400, 472785, 0, 0, 0
10400, 1240886, 1, 0, 0
10500, 479710, 0, 0, 0
10500, 1340217, 1, 0, 0
10600, 473440, 0, 0, 0
10600, 1295231, 1, 0, 0
10700, 495928, 0, 0, 0
10700, 1329078, 1, 0, 0
10800, 1317926, 1, 0, 0
10800, 473927, 0, 0, 0
10900, 480605, 0, 0, 0
10900, 1283261, 1, 0, 0
11000, 1433758, 1, 0, 0
11000, 471694, 0, 0, 0
11100, 474280, 0, 0, 0
11100, 1239627, 1, 0, 0
11200, 495677, 0, 0, 0
11200, 1401524, 1, 0, 0
11300, 486615, 0, 0, 0
11301, 1325238, 1, 0, 0
11400, 470905, 0, 0, 0
11400, 1370807, 1, 0, 0
11500, 471686, 0, 0, 0
11500, 1321349, 1, 0, 0
11600, 470135, 0, 0, 0
11600, 1370143, 1, 0, 0
11700, 452337, 0, 0, 0
11701, 1485539, 1, 0, 0
11800, 1312419, 1, 0, 0
11800, 475435, 0, 0, 0
11900, 1321083, 1, 0, 0
11900, 472895, 0, 0, 0
12000, 1299431, 1, 0, 0
12000, 493596, 0, 0, 0
12100, 485674, 0, 0, 0
12100, 1301248, 1, 0, 0
12200, 1309725, 1, 0, 0
12201, 494811, 0, 0, 0
12300, 476251, 0, 0, 0
12300, 1383803, 1, 0, 0
12400, 460327, 0, 0, 0
12400, 1278800, 1, 0, 0
12500, 499092, 0, 0, 0
12502, 1299912, 1, 0, 0
12600, 431960, 0, 0, 0
12600, 3046239, 1, 0, 0
12700, 461069, 0, 0, 0
12700, 1175822, 1, 0, 0
12800, 458076, 0, 0, 0
12800, 1346402, 1, 0, 0
12900, 1287414, 1, 0, 0
12900, 487903, 0, 0, 0
13000, 481630, 0, 0, 0
13001, 1359830, 1, 0, 0
13100, 489176, 0, 0, 0
13100, 1416757, 1, 0, 0
13200, 1500249, 1, 0, 0
13200, 495507, 0, 0, 0
13300, 500853, 0, 0, 0
13301, 1339305, 1, 0, 0
13400, 1366655, 1, 0, 0
13401, 496091, 0, 0, 0
13500, 473792, 0, 0, 0
13501, 1361042, 1, 0, 0
13600, 490076, 0, 0, 0
13600, 1468778, 1, 0, 0
13700, 480842, 0, 0, 0
13701, 1541456, 1, 0, 0
13800, 1347151, 1, 0, 0
13801, 460561, 0, 0, 0
13900, 474794, 0, 0, 0
13900, 1386643, 1, 0, 0
14000, 469018, 0, 0, 0
14000, 1581959, 1, 0, 0
14100, 490942, 0, 0, 0
14101, 1321618, 1, 0, 0
14200, 460499, 0, 0, 0
14200, 1431113, 1, 0, 0
14300, 472687, 0, 0, 0
14300, 1379710, 1, 0, 0
14424, 620646, 0, 0, 0
14424, 1619350, 1, 0, 0
14500, 700426, 0, 0, 0
14500, 1132596, 1, 0, 0
14600, 469409, 0, 0, 0
14600, 1296968, 1, 0, 0
14700, 463962, 0, 0, 0
14700, 1392708, 1, 0, 0
14800, 1375399, 1, 0, 0
14800, 486990, 0, 0, 0
14900, 469240, 0, 0, 0
14900, 1339588, 1, 0, 0
15000, 490254, 0, 0, 0
15001, 1628199, 1, 0, 0
15100, 489753, 0, 0, 0
15100, 1310885, 1, 0, 0
15200, 505110, 0, 0, 0
15201, 1439992, 1, 0, 0
15300, 1393307, 1, 0, 0
15300, 467590, 0, 0, 0
15400, 464394, 0, 0, 0
15400, 1364332, 1, 0, 0
15500, 508920, 0, 0, 0
15500, 1516468, 1, 0, 0
15600, 527650, 0, 0, 0
15600, 1315368, 1, 0, 0
15700, 525077, 0, 0, 0
15701, 1364582, 1, 0, 0
15800, 1314881, 1, 0, 0
15800, 514630, 0, 0, 0
15900, 515773, 0, 0, 0
15900, 1373548, 1, 0, 0
16000, 1295032, 1, 0, 0
16000, 511859, 0, 0, 0
16100, 519841, 0, 0, 0
16101, 1297621, 1, 0, 0
16200, 532629, 0, 0, 0
16200, 1351586, 1, 0, 0
16300, 510898, 0, 0, 0
16300, 1285976, 1, 0, 0
16400, 1378271, 1, 0, 0
16400, 541985, 0, 0, 0
16500, 524362, 0, 0, 0
16500, 1341397, 1, 0, 0
16600, 1316393, 1, 0, 0
16600, 524218, 0, 0, 0
16700, 1416596, 1, 0, 0
16700, 507642, 0, 0, 0
16800, 525818, 0, 0, 0
16800, 1343081, 1, 0, 0
16900, 1328418, 1, 0, 0
16900, 520725, 0, 0, 0
17000, 509920, 0, 0, 0
17001, 1287041, 1, 0, 0
17100, 1301187, 1, 0, 0
17100, 512706, 0, 0, 0
17200, 522403, 0, 0, 0
17200, 1357053, 1, 0, 0
17300, 1331821, 1, 0, 0
17300, 506923, 0, 0, 0
17400, 507810, 0, 0, 0
17400, 1321777, 1, 0, 0
17500, 498980, 0, 0, 0
17500, 1324564, 1, 0, 0
17600, 521838, 0, 0, 0
17600, 1300374, 1, 0, 0
17700, 523718, 0, 0, 0
17700, 1336837, 1, 0, 0
17800, 521411, 0, 0, 0
17800, 1292338, 1, 0, 0
17900, 1285587, 1, 0, 0
17900, 526018, 0, 0, 0
18000, 1381534, 1, 0, 0
18000, 528493, 0, 0, 0
18100, 514031, 0, 0, 0
18100, 1302236, 1, 0, 0
18200, 512255, 0, 0, 0
18200, 1361939, 1, 0, 0
18300, 521029, 0, 0, 0
18300, 1246223, 1, 0, 0
18400, 504946, 0, 0, 0
18400, 1356265, 1, 0, 0
18500, 523926, 0, 0, 0
18500, 1330735, 1, 0, 0
18600, 518891, 0, 0, 0
18602, 1340675, 1, 0, 0
18700, 513746, 0, 0, 0
18701, 1345460, 1, 0, 0
18800, 531417, 0, 0, 0
18801, 1401485, 1, 0, 0
18900, 539062, 0, 0, 0
18900, 1349428, 1, 0, 0
19000, 528831, 0, 0, 0
19000, 1462679, 1, 0, 0
19100, 512141, 0, 0, 0
19100, 1333599, 1, 0, 0
19200, 510201, 0, 0, 0
19200, 1271923, 1, 0, 0
19300, 1294287, 1, 0, 0
19301, 508251, 0, 0, 0
19400, 526239, 0, 0, 0
19401, 1443926, 1, 0, 0
19500, 1294630, 1, 0, 0
19500, 510247, 0, 0, 0
19600, 1371934, 1, 0, 0
19601, 533123, 0, 0, 0
19700, 515102, 0, 0, 0
19701, 1328141, 1, 0, 0
19800, 498966, 0, 0, 0
19800, 1390233, 1, 0, 0
19900, 516016, 0, 0, 0
19900, 1373308, 1, 0, 0
20000, 509545, 0, 0, 0
20001, 1327205, 1, 0, 0
20100, 1379617, 1, 0, 0
20100, 514637, 0, 0, 0
20200, 511854, 0, 0, 0
20200, 1346128, 1, 0, 0
20300, 533595, 0, 0, 0
20301, 1369220, 1, 0, 0
20400, 1358372, 1, 0, 0
20400, 525885, 0, 0, 0
20500, 519728, 0, 0, 0
20501, 1345180, 1, 0, 0
20600, 498089, 0, 0, 0
20600, 1427811, 1, 0, 0
20700, 512130, 0, 0, 0
20700, 1263813, 1, 0, 0
20800, 512334, 0, 0, 0
20800, 1282236, 1, 0, 0
20900, 523989, 0, 0, 0
20901, 1313446, 1, 0, 0
21000, 1276202, 1, 0, 0
21000, 513352, 0, 0, 0
21100, 530755, 0, 0, 0
21101, 1309396, 1, 0, 0
21200, 514542, 0, 0, 0
21200, 1244269, 1, 0, 0
21300, 519004, 0, 0, 0
21300, 1311392, 1, 0, 0
21400, 492250, 0, 0, 0
21400, 1302086, 1, 0, 0
21500, 1309847, 1, 0, 0
21500, 489875, 0, 0, 0
21600, 499067, 0, 0, 0
21600, 1231494, 1, 0, 0
21700, 1304122, 1, 0, 0
21700, 494547, 0, 0, 0
21800, 1277414, 1, 0, 0
21800, 502869, 0, 0, 0
21900, 494573, 0, 0, 0
21900, 1240272, 1, 0, 0
22000, 1324665, 1, 0, 0
22000, 487126, 0, 0, 0
22100, 1246025, 1, 0, 0
22100, 509097, 0, 0, 0
22200, 493689, 0, 0, 0
22200, 1241297, 1, 0, 0
22300, 1264888, 1, 0, 0
22300, 512195, 0, 0, 0
22400, 517492, 0, 0, 0
22400, 1217755, 1, 0, 0
22500, 518048, 0, 0, 0
22500, 1288068, 1, 0, 0
22600, 538049, 0, 0, 0
22600, 1272321, 1, 0, 0
22700, 499157, 0, 0, 0
22700, 1250608, 1, 0, 0
22800, 515705, 0, 0, 0
22800, 1265121, 1, 0, 0
22900, 1239168, 1, 0, 0
22900, 514806, 0, 0, 0
23000, 503702, 0, 0, 0
23000, 1279112, 1, 0, 0
23100, 512484, 0, 0, 0
23100, 1298178, 1, 0, 0
23200, 510776, 0, 0, 0
23200, 1318847, 1, 0, 0
23300, 1280827, 1, 0, 0
23300, 508538, 0, 0, 0
23400, 515362, 0, 0, 0
23400, 1291749, 1, 0, 0
23500, 1250382, 1, 0, 0
23500, 508093, 0, 0, 0
23600, 504946, 0, 0, 0
23600, 1302256, 1, 0, 0
23700, 504113, 0, 0, 0
23700, 1333677, 1, 0, 0
23800, 495160, 0, 0, 0
23800, 1276019, 1, 0, 0
23900, 485231, 0, 0, 0
23900, 1283728, 1, 0, 0
24000, 499248, 0, 0, 0
24000, 1227399, 1, 0, 0
24100, 1253951, 1, 0, 0
24101, 515065, 0, 0, 0
24200, 504561, 0, 0, 0
24200, 1254173, 1, 0, 0
24300, 511604, 0, 0, 0
24301, 1419914, 1, 0, 0
24400, 1222959, 1, 0, 0
24400, 515255, 0, 0, 0
24500, 1323891, 1, 0, 0
24500, 505181, 0, 0, 0
24600, 574637, 0, 0, 0
24601, 1366042, 1, 0, 0
24700, 503653, 0, 0, 0
24700, 1395847, 1, 0, 0
24800, 499601, 0, 0, 0
24800, 1243169, 1, 0, 0
24900, 503973, 0, 0, 0
24900, 1316991, 1, 0, 0
25000, 504267, 0, 0, 0
25000, 1278049, 1, 0, 0
25100, 584805, 0, 0, 0
25100, 1414228, 1, 0, 0
25200, 495968, 0, 0, 0
25200, 1234632, 1, 0, 0
25300, 499415, 0, 0, 0
25300, 1203839, 1, 0, 0
25400, 1280282, 1, 0, 0
25400, 511177, 0, 0, 0
25500, 1315478, 1, 0, 0
25500, 492658, 0, 0, 0
25600, 509414, 0, 0, 0
25600, 1306724, 1, 0, 0
25700, 474091, 0, 0, 0
25700, 1442677, 1, 0, 0
25800, 511722, 0, 0, 0
25800, 1275195, 1, 0, 0
25900, 513375, 0, 0, 0
25900, 1373819, 1, 0, 0
26000, 1316313, 1, 0, 0
26000, 510412, 0, 0, 0
26100, 519784, 0, 0, 0
26101, 1360538, 1, 0, 0
26200, 511847, 0, 0, 0
26200, 1295120, 1, 0, 0
26300, 510211, 0, 0, 0
26300, 1251382, 1, 0, 0
26400, 550133, 0, 0, 0
26400, 1671051, 1, 0, 0
26500, 498092, 0, 0, 0
26501, 1225951, 1, 0, 0
26600, 1313626, 1, 0, 0
26600, 500551, 0, 0, 0
26700, 503097, 0, 0, 0
26700, 1337953, 1, 0, 0
26800, 507461, 0, 0, 0
26800, 1316867, 1, 0, 0
26900, 1373206, 1, 0, 0
26900, 493955, 0, 0, 0
27000, 497021, 0, 0, 0
27002, 1294532, 1, 0, 0
27100, 507464, 0, 0, 0
27100, 1342591, 1, 0, 0
27200, 512772, 0, 0, 0
27200, 1297765, 1, 0, 0
27300, 493503, 0, 0, 0
27300, 1246220, 1, 0, 0
27400, 497848, 0, 0, 0
27401, 1258848, 1, 0, 0
27500, 495898, 0, 0, 0
27500, 1307775, 1, 0, 0
27600, 520754, 0, 0, 0
27600, 1261474, 1, 0, 0
27700, 503510, 0, 0, 0
27700, 1273079, 1, 0, 0
27800, 506236, 0, 0, 0
27800, 1334902, 1, 0, 0
27900, 525038, 0, 0, 0
27900, 1371398, 1, 0, 0
28000, 550964, 0, 0, 0
28002, 1388740, 1, 0, 0
28100, 508354, 0, 0, 0
28100, 1332624, 1, 0, 0
28200, 495287, 0, 0, 0
28200, 1315525, 1, 0, 0
28300, 493181, 0, 0, 0
28300, 1277523, 1, 0, 0
28400, 1285366, 1, 0, 0
28400, 493026, 0, 0, 0
28500, 511139, 0, 0, 0
28500, 1341016, 1, 0, 0
28600, 516849, 0, 0, 0
28601, 1263521, 1, 0, 0
28700, 501982, 0, 0, 0
28701, 1339193, 1, 0, 0
28800, 1334235, 1, 0, 0
28800, 494626, 0, 0, 0
28900, 502925, 0, 0, 0
28900, 1301839, 1, 0, 0
29000, 529663, 0, 0, 0
29001, 1319100, 1, 0, 0
29100, 530522, 0, 0, 0
29101, 1514360, 1, 0, 0
29200, 490679, 0, 0, 0
29200, 1236078, 1, 0, 0
29300, 497844, 0, 0, 0
29300, 1261915, 1, 0, 0
29400, 1200375, 1, 0, 0
29400, 516542, 0, 0, 0
29500, 1291065, 1, 0, 0
29500, 494043, 0, 0, 0
29600, 509795, 0, 0, 0
29600, 1331850, 1, 0, 0
29700, 480340, 0, 0, 0
29701, 1342773, 1, 0, 0
29800, 509051, 0, 0, 0
29800, 1225394, 1, 0, 0
29900, 509870, 0, 0, 0
29900, 1221190, 1, 0, 0
30000, 492123, 0, 0, 0
30000, 1231779, 1, 0, 0
30101, 528773, 0, 0, 0
30101, 1339289, 1, 0, 0
30200, 494450, 0, 0, 0
30200, 1287831, 1, 0, 0
30300, 517160, 0, 0, 0
30300, 1192022, 1, 0, 0
30400, 484630, 0, 0, 0
30400, 1263341, 1, 0, 0
30500, 507691, 0, 0, 0
30500, 1249861, 1, 0, 0
30600, 496430, 0, 0, 0
30600, 1251637, 1, 0, 0
30700, 1221608, 1, 0, 0
30700, 509607, 0, 0, 0
30800, 511736, 0, 0, 0
30801, 1263588, 1, 0, 0
30900, 489863, 0, 0, 0
30900, 1310002, 1, 0, 0
31000, 1291016, 1, 0, 0
31001, 511966, 0, 0, 0
31100, 508298, 0, 0, 0
31100, 1311276, 1, 0, 0
31200, 1356283, 1, 0, 0
31200, 502759, 0, 0, 0
31300, 498871, 0, 0, 0
31300, 1339953, 1, 0, 0
31400, 643031, 0, 0, 0
31400, 1401093, 1, 0, 0
31500, 497397, 0, 0, 0
31500, 1223928, 1, 0, 0
31606, 1971149, 1, 0, 0
31606, 491783, 0, 0, 0
31700, 2393715, 1, 0, 0
31700, 498411, 0, 0, 0
31800, 463421, 0, 0, 0
31801, 1103538, 1, 0, 0
31900, 500027, 0, 0, 0
31900, 1251889, 1, 0, 0
32000, 504390, 0, 0, 0
32000, 1281384, 1, 0, 0
32100, 1279022, 1, 0, 0
32100, 507075, 0, 0, 0
32200, 1301793, 1, 0, 0
32200, 497547, 0, 0, 0
32300, 497588, 0, 0, 0
32301, 1246784, 1, 0, 0
32400, 514866, 0, 0, 0
32400, 1268156, 1, 0, 0
32500, 517721, 0, 0, 0
32500, 1337384, 1, 0, 0
32600, 1282596, 1, 0, 0
32600, 512241, 0, 0, 0
32700, 505746, 0, 0, 0
32700, 1436637, 1, 0, 0
32800, 499756, 0, 0, 0
32801, 1282595, 1, 0, 0
32900, 1313428, 1, 0, 0
32900, 518683, 0, 0, 0
33000, 504441, 0, 0, 0
33000, 1240686, 1, 0, 0
33100, 1287005, 1, 0, 0
33100, 506306, 0, 0, 0
33200, 509743, 0, 0, 0
33200, 1299489, 1, 0, 0
33300, 1309369, 1, 0, 0
33300, 494624, 0, 0, 0
33400, 509550, 0, 0, 0
33400, 1279562, 1, 0, 0
33500, 1296920, 1, 0, 0
33500, 506957, 0, 0, 0
33600, 493791, 0, 0, 0
33600, 1308372, 1, 0, 0
33700, 1275023, 1, 0, 0
33700, 501629, 0, 0, 0
33800, 1313415, 1, 0, 0
33800, 505535, 0, 0, 0
33900, 511732, 0, 0, 0
33900, 1556712, 1, 0, 0
34000, 1329948, 1, 0, 0
34000, 515033, 0, 0, 0
34100, 509775, 0, 0, 0
34102, 1550941, 1, 0, 0
34200, 516428, 0, 0, 0
34201, 1332628, 1, 0, 0
34300, 1273099, 1, 0, 0
34300, 522831, 0, 0, 0
34400, 503421, 0, 0, 0
34400, 1253007, 1, 0, 0
34500, 505030, 0, 0, 0
34500, 1255750, 1, 0, 0
34600, 1308794, 1, 0, 0
34600, 488986, 0, 0, 0
34702, 1409714, 1, 0, 0
34703, 561231, 0, 0, 0
34800, 550622, 0, 0, 0
34800, 1648303, 1, 0, 0
34900, 1479427, 1, 0, 0
34900, 493002, 0, 0, 0
35000, 516488, 0, 0, 0
35000, 1279027, 1, 0, 0
35100, 1280032, 1, 0, 0
35100, 512626, 0, 0, 0
35200, 2622697, 1, 0, 0
35200, 492024, 0, 0, 0
35300, 477847, 0, 0, 0
35300, 1108774, 1, 0, 0
35400, 511144, 0, 0, 0
35400, 1208030, 1, 0, 0
35500, 508020, 0, 0, 0
35500, 1340347, 1, 0, 0
35600, 485736, 0, 0, 0
35600, 1232154, 1, 0, 0
35700, 494135, 0, 0, 0
35701, 1342342, 1, 0, 0
35800, 512371, 0, 0, 0
35801, 1344086, 1, 0, 0
35900, 501299, 0, 0, 0
35900, 1429733, 1, 0, 0
36000, 514482, 0, 0, 0
36000, 1287703, 1, 0, 0
36100, 1400508, 1, 0, 0
36100, 519975, 0, 0, 0
36200, 499716, 0, 0, 0
36200, 1331856, 1, 0, 0
36300, 499587, 0, 0, 0
36300, 1380997, 1, 0, 0
36400, 558200, 0, 0, 0
36400, 1323414, 1, 0, 0
36500, 516101, 0, 0, 0
36500, 1534581, 1, 0, 0
36600, 505386, 0, 0, 0
36600, 1197866, 1, 0, 0
36700, 1285300, 1, 0, 0
36700, 520830, 0, 0, 0
36800, 466866, 0, 0, 0
36801, 1654632, 1, 0, 0
36900, 1240306, 1, 0, 0
36900, 504437, 0, 0, 0
37000, 1451165, 1, 0, 0
37000, 502531, 0, 0, 0
37100, 1248156, 1, 0, 0
37100, 496388, 0, 0, 0
37200, 484024, 0, 0, 0
37201, 1595788, 1, 0, 0
37300, 510584, 0, 0, 0
37301, 1297802, 1, 0, 0
37400, 511993, 0, 0, 0
37400, 1286500, 1, 0, 0
37500, 507094, 0, 0, 0
37500, 1301875, 1, 0, 0
37600, 513551, 0, 0, 0
37600, 1252128, 1, 0, 0
37700, 499813, 0, 0, 0
37700, 1263576, 1, 0, 0
37800, 505229, 0, 0, 0
37800, 1213402, 1, 0, 0
37900, 506962, 0, 0, 0
37900, 1261686, 1, 0, 0
38000, 512272, 0, 0, 0
38002, 1242657, 1, 0, 0
38100, 506306, 0, 0, 0
38100, 1320667, 1, 0, 0
38200, 483656, 0, 0, 0
38201, 1459736, 1, 0, 0
38300, 1326038, 1, 0, 0
38300, 503469, 0, 0, 0
38400, 500414, 0, 0, 0
38400, 1270080, 1, 0, 0
38500, 1407488, 1, 0, 0
38500, 517335, 0, 0, 0
38600, 1347184, 1, 0, 0
38600, 496824, 0, 0, 0
38700, 1365262, 1, 0, 0
38700, 515399, 0, 0, 0
38800, 506435, 0, 0, 0
38800, 1361292, 1, 0, 0
38900, 505302, 0, 0, 0
38900, 1257907, 1, 0, 0
39000, 514647, 0, 0, 0
39000, 1294642, 1, 0, 0
39100, 497007, 0, 0, 0
39100, 1292139, 1, 0, 0
39200, 511104, 0, 0, 0
39200, 1311837, 1, 0, 0
39300, 1233466, 1, 0, 0
39300, 513473, 0, 0, 0
39400, 511824, 0, 0, 0
39400, 1220784, 1, 0, 0
39500, 496542, 0, 0, 0
39501, 1294977, 1, 0, 0
39600, 517136, 0, 0, 0
39600, 1353524, 1, 0, 0
39700, 501505, 0, 0, 0
39701, 1279898, 1, 0, 0
39800, 521361, 0, 0, 0
39801, 1339995, 1, 0, 0
39900, 506711, 0, 0, 0
39900, 1318845, 1, 0, 0
40000, 499611, 0, 0, 0
40000, 1288885, 1, 0, 0
40100, 525922, 0, 0, 0
40100, 1400515, 1, 0, 0
40211, 542517, 0, 0, 0
40212, 1509396, 1, 0, 0
40300, 1401230, 1, 0, 0
40300, 488178, 0, 0, 0
40400, 525016, 0, 0, 0
40400, 1313224, 1, 0, 0
40500, 1294821, 1, 0, 0
40500, 507334, 0, 0, 0
40600, 495682, 0, 0, 0
40600, 1234450, 1, 0, 0
40700, 477949, 0, 0, 0
40700, 1387834, 1, 0, 0
40800, 501615, 0, 0, 0
40800, 1347537, 1, 0, 0
40900, 1276271, 1, 0, 0
40900, 511053, 0, 0, 0
41000, 522100, 0, 0, 0
41000, 1250882, 1, 0, 0
41100, 1323110, 1, 0, 0
41101, 521718, 0, 0, 0
41200, 510398, 0, 0, 0
41200, 1310662, 1, 0, 0
41300, 496045, 0, 0, 0
41300, 1307994, 1, 0, 0
41400, 1293855, 1, 0, 0
41400, 509422, 0, 0, 0
41500, 1362980, 1, 0, 0
41500, 502583, 0, 0, 0
41600, 511244, 0, 0, 0
41600, 1318630, 1, 0, 0
41700, 502460, 0, 0, 0
41700, 1316941, 1, 0, 0
41800, 515076, 0, 0, 0
41800, 1372940, 1, 0, 0
41900, 484378, 0, 0, 0
41900, 1645061, 1, 0, 0
42000, 1250564, 1, 0, 0
42000, 501324, 0, 0, 0
42100, 520160, 0, 0, 0
42100, 1272655, 1, 0, 0
42200, 510117, 0, 0, 0
42201, 1265772, 1, 0, 0
42300, 1328042, 1, 0, 0
42300, 499730, 0, 0, 0
42400, 500848, 0, 0, 0
42400, 1236768, 1, 0, 0
42500, 515624, 0, 0, 0
42501, 1286529, 1, 0, 0
42600, 506265, 0, 0, 0
42600, 1321645, 1, 0, 0
42700, 1273645, 1, 0, 0
42700, 531809, 0, 0, 0
42800, 1250045, 1, 0, 0
42800, 510000, 0, 0, 0
42900, 1331663, 1, 0, 0
42900, 516834, 0, 0, 0
43000, 1358248, 1, 0, 0
43000, 520258, 0, 0, 0
43100, 1458030, 1, 0, 0
43100, 511275, 0, 0, 0
43200, 1294296, 1, 0, 0
43200, 510173, 0, 0, 0
43300, 1239248, 1, 0, 0
43301, 512005, 0, 0, 0
43400, 1218866, 1, 0, 0
43400, 503826, 0, 0, 0
43500, 524622, 0, 0, 0
43501, 1275885, 1, 0, 0
43600, 491924, 0, 0, 0
43600, 1278618, 1, 0, 0
43700, 504757, 0, 0, 0
43701, 1310753, 1, 0, 0
43800, 496018, 0, 0, 0
43801, 1249031, 1, 0, 0
43900, 488432, 0, 0, 0
43901, 1402249, 1, 0, 0
44000, 492490, 0, 0, 0
44000, 1236692, 1, 0, 0
44100, 487372, 0, 0, 0
44100, 1293569, 1, 0, 0
44200, 504817, 0, 0, 0
44200, 1220896, 1, 0, 0
44300, 494472, 0, 0, 0
44300, 1356293, 1, 0, 0
44400, 487445, 0, 0, 0
44400, 1230344, 1, 0, 0
44500, 562996, 0, 0, 0
44500, 2588810, 1, 0, 0
44623, 569479, 0, 0, 0
44623, 1371517, 1, 0, 0
44700, 1547550, 1, 0, 0
44700, 463809, 0, 0, 0
44800, 927104, 0, 0, 0
44800, 1942628, 1, 0, 0
44900, 500301, 0, 0, 0
44900, 1279932, 1, 0, 0
45000, 1442819, 1, 0, 0
45000, 584968, 0, 0, 0
45100, 1175097, 1, 0, 0
45100, 486501, 0, 0, 0
45200, 496478, 0, 0, 0
45200, 1307879, 1, 0, 0
45300, 723627, 0, 0, 0
45300, 1436535, 1, 0, 0
45400, 610052, 0, 0, 0
45400, 1170138, 1, 0, 0
45510, 1390102, 1, 0, 0
45511, 452100, 0, 0, 0
45600, 739994, 0, 0, 0
45600, 1499870, 1, 0, 0
45718, 2404401, 1, 0, 0
45718, 555042, 0, 0, 0
45800, 1953359, 1, 0, 0
45800, 505573, 0, 0, 0
45900, 1638887, 1, 0, 0
45900, 523472, 0, 0, 0
46000, 498801, 0, 0, 0
46000, 1170972, 1, 0, 0
46100, 513894, 0, 0, 0
46100, 1254236, 1, 0, 0
46200, 1256943, 1, 0, 0
46200, 516615, 0, 0, 0
46300, 676171, 0, 0, 0
46301, 1743413, 1, 0, 0
46400, 547729, 0, 0, 0
46400, 1375316, 1, 0, 0
46500, 554941, 0, 0, 0
46501, 1141214, 1, 0, 0
46600, 530946, 0, 0, 0
46600, 1248519, 1, 0, 0
46700, 1304412, 1, 0, 0
46700, 549125, 0, 0, 0
46800, 562118, 0, 0, 0
46800, 1324099, 1, 0, 0
46900, 533851, 0, 0, 0
46901, 1376645, 1, 0, 0
47000, 518966, 0, 0, 0
47000, 1556004, 1, 0, 0
47100, 1336707, 1, 0, 0
47100, 532000, 0, 0, 0
47200, 544947, 0, 0, 0
47200, 1314431, 1, 0, 0
47300, 1404137, 1, 0, 0
47304, 561693, 0, 0, 0
47400, 494868, 0, 0, 0
47400, 1413497, 1, 0, 0
47500, 1327755, 1, 0, 0
47500, 518649, 0, 0, 0
47600, 513230, 0, 0, 0
47600, 1349091, 1, 0, 0
47700, 547549, 0, 0, 0
47701, 1464928, 1, 0, 0
47800, 1335220, 1, 0, 0
47800, 559817, 0, 0, 0
47900, 1296303, 1, 0, 0
47900, 519871, 0, 0, 0
48000, 654459, 0, 0, 0
48000, 1607344, 1, 0, 0
48100, 526994, 0, 0, 0
48100, 1275040, 1, 0, 0
48200, 1297108, 1, 0, 0
48200, 501068, 0, 0, 0
48300, 1299858, 1, 0, 0
48301, 492461, 0, 0, 0
48400, 516828, 0, 0, 0
48400, 1345109, 1, 0, 0
48500, 536161, 0, 0, 0
48500, 1282319, 1, 0, 0
48600, 528218, 0, 0, 0
48600, 1425338, 1, 0, 0
48700, 567702, 0, 0, 0
48700, 1333681, 1, 0, 0
48800, 532536, 0, 0, 0
48800, 1283749, 1, 0, 0
48900, 501754, 0, 0, 0
48900, 1316483, 1, 0, 0
49000, 1325782, 1, 0, 0
49000, 563561, 0, 0, 0
49100, 1306322, 1, 0, 0
49100, 531518, 0, 0, 0
49200, 535742, 0, 0, 0
49200, 1318134, 1, 0, 0
49300, 542343, 0, 0, 0
49301, 1408181, 1, 0, 0
49400, 530995, 0, 0, 0
49400, 1388490, 1, 0, 0
49500, 1286584, 1, 0, 0
49500, 527211, 0, 0, 0
49600, 507950, 0, 0, 0
49600, 1285371, 1, 0, 0
49700, 546210, 0, 0, 0
49700, 1412519, 1, 0, 0
49800, 1337709, 1, 0, 0
49800, 510622, 0, 0, 0
49900, 534768, 0, 0, 0
49901, 1340410, 1, 0, 0
50000, 2931834, 1, 0, 0
50000, 855268, 0, 0, 0
50100, 482125, 0, 0, 0
50101, 1127133, 1, 0, 0
50200, 506091, 0, 0, 0
50200, 1223848, 1, 0, 0
50300, 1276318, 1, 0, 0
50300, 520827, 0, 0, 0
50400, 511085, 0, 0, 0
50400, 1326796, 1, 0, 0
50500, 512212, 0, 0, 0
50500, 1296615, 1, 0, 0
50600, 536585, 0, 0, 0
50600, 1401851, 1, 0, 0
50700, 551147, 0, 0, 0
50700, 1371354, 1, 0, 0
50800, 530413, 0, 0, 0
50800, 1271379, 1, 0, 0
50900, 536338, 0, 0, 0
50900, 1299051, 1, 0, 0
51000, 1414949, 1, 0, 0
51000, 524983, 0, 0, 0
51100, 1355832, 1, 0, 0
51100, 526861, 0, 0, 0
51200, 1351736, 1, 0, 0
51200, 507952, 0, 0, 0
51300, 1428446, 1, 0, 0
51300, 561071, 0, 0, 0
51400, 534873, 0, 0, 0
51400, 1387297, 1, 0, 0
51500, 526797, 0, 0, 0
51500, 1326375, 1, 0, 0
51600, 523239, 0, 0, 0
51600, 1335389, 1, 0, 0
51700, 520300, 0, 0, 0
51700, 1272008, 1, 0, 0
51800, 605932, 0, 0, 0
51801, 1323596, 1, 0, 0
51900, 510468, 0, 0, 0
51900, 1512461, 1, 0, 0
52000, 532283, 0, 0, 0
52000, 1502280, 1, 0, 0
52100, 1458825, 1, 0, 0
52100, 584636, 0, 0, 0
52200, 521461, 0, 0, 0
52200, 1341759, 1, 0, 0
52300, 546511, 0, 0, 0
52301, 1324786, 1, 0, 0
52400, 669380, 0, 0, 0
52400, 1447184, 1, 0, 0
52500, 1370784, 1, 0, 0
52500, 524074, 0, 0, 0
52600, 530813, 0, 0, 0
52601, 1314207, 1, 0, 0
52700, 1289336, 1, 0, 0
52700, 499098, 0, 0, 0
52800, 546445, 0, 0, 0
52800, 1456119, 1, 0, 0
52900, 582737, 0, 0, 0
52902, 1266096, 1, 0, 0
53000, 565571, 0, 0, 0
53000, 1373747, 1, 0, 0
53100, 590563, 0, 0, 0
53100, 1573608, 1, 0, 0
53200, 510268, 0, 0, 0
53200, 1215823, 1, 0, 0
53300, 1223622, 1, 0, 0
53301, 527105, 0, 0, 0
53400, 1836705, 1, 0, 0
53400, 715580, 0, 0, 0
53500, 523144, 0, 0, 0
53500, 1200642, 1, 0, 0
53600, 538913, 0, 0, 0
53600, 1187295, 1, 0, 0
53700, 536956, 0, 0, 0
53701, 1378520, 1, 0, 0
53800, 635168, 0, 0, 0
53800, 1387812, 1, 0, 0
53900, 685621, 0, 0, 0
53900, 1375039, 1, 0, 0
54008, 778376, 0, 0, 0
54008, 1895927, 1, 0, 0
54100, 2141269, 1, 0, 0
54100, 775822, 0, 0, 0
54200, 487825, 0, 0, 0
54201, 1099918, 1, 0, 0
54300, 522618, 0, 0, 0
54300, 1263449, 1, 0, 0
54400, 1722206, 1, 0, 0
54400, 738053, 0, 0, 0
54500, 1178019, 1, 0, 0
54500, 499935, 0, 0, 0
54600, 1275114, 1, 0, 0
54600, 525579, 0, 0, 0
54700, 541608, 0, 0, 0
54700, 1280199, 1, 0, 0
54800, 575924, 0, 0, 0
54800, 1436045, 1, 0, 0
54901, 595647, 0, 0, 0
54902, 1395612, 1, 0, 0
55000, 557732, 0, 0, 0
55000, 1345345, 1, 0, 0
55100, 2472961, 1, 0, 0
55100, 769311, 0, 0, 0
55200, 489767, 0, 0, 0
55201, 1247544, 1, 0, 0
55300, 526839, 0, 0, 0
55301, 1225871, 1, 0, 0
55400, 850893, 0, 0, 0
55400, 1824709, 1, 0, 0
55500, 491157, 0, 0, 0
55500, 1144536, 1, 0, 0
55600, 520539, 0, 0, 0
55600, 1301732, 1, 0, 0
55700, 514907, 0, 0, 0
55700, 1274415, 1, 0, 0
55800, 1446723, 1, 0, 0
55800, 580321, 0, 0, 0
55900, 523683, 0, 0, 0
55901, 1255478, 1, 0, 0
56000, 1413869, 1, 0, 0
56000, 585474, 0, 0, 0
56100, 588663, 0, 0, 0
56100, 1740138, 1, 0, 0
56200, 1330030, 1, 0, 0
56200, 568305, 0, 0, 0
56300, 524037, 0, 0, 0
56301, 1247266, 1, 0, 0
56400, 1629740, 1, 0, 0
56400, 569710, 0, 0, 0
56500, 538090, 0, 0, 0
56500, 1393373, 1, 0, 0
56600, 537285, 0, 0, 0
56601, 1311412, 1, 0, 0
56700, 1354536, 1, 0, 0
56700, 523362, 0, 0, 0
56800, 542396, 0, 0, 0
56800, 1331138, 1, 0, 0
56900, 1288274, 1, 0, 0
56900, 607020, 0, 0, 0
57000, 579538, 0, 0, 0
57000, 1434394, 1, 0, 0
57109, 1597415, 1, 0, 0
57109, 655737, 0, 0, 0
57200, 1233176, 0, 0, 0
57200, 3210036, 1, 0, 0
57300, 530717, 0, 0, 0
57300, 1250954, 1, 0, 0
57400, 554129, 0, 0, 0
57400, 1389931, 1, 0, 0
57500, 906824, 0, 0, 0
57501, 7259207, 1, 0, 0
57600, 531018, 0, 0, 0
57600, 1219450, 1, 0, 0
57700, 1284367, 1, 0, 0
57700, 553185, 0, 0, 0
57800, 562917, 0, 0, 0
57801, 1375330, 1, 0, 0
57900, 606403, 0, 0, 0
57900, 1517771, 1, 0, 0
58000, 671392, 0, 0, 0
58000, 1396397, 1, 0, 0
58100, 703222, 0, 0, 0
58100, 1669393, 1, 0, 0
58204, 668437, 0, 0, 0
58204, 1459602, 1, 0, 0
58300, 1329807, 1, 0, 0
58300, 563644, 0, 0, 0
58400, 550296, 0, 0, 0
58401, 1310024, 1, 0, 0
58506, 1955636, 1, 0, 0
58507, 724919, 0, 0, 0
58600, 535605, 0, 0, 0
58600, 1605115, 1, 0, 0
58700, 1329480, 1, 0, 0
58700, 558366, 0, 0, 0
58800, 566255, 0, 0, 0
58800, 1416509, 1, 0, 0
58900, 625855, 0, 0, 0
58900, 1502299, 1, 0, 0
59000, 558904, 0, 0, 0
59000, 1803366, 1, 0, 0
59100, 553443, 0, 0, 0
59100, 1283807, 1, 0, 0
59200, 640750, 0, 0, 0
59200, 1887568, 1, 0, 0
59300, 501253, 0, 0, 0
59300, 1551958, 1, 0, 0
59400, 556674, 0, 0, 0
59400, 1287626, 1, 0, 0
59500, 611204, 0, 0, 0
59500, 1878680, 1, 0, 0
59600, 585807, 0, 0, 0
59601, 1310963, 1, 0, 0
59700, 550082, 0, 0, 0
59701, 1323372, 1, 0, 0
59800, 568023, 0, 0, 0
59800, 1290211, 1, 0, 0
59900, 568880, 0, 0, 0
59900, 1551379, 1, 0, 0
60005, 1304618, 1, 0, 0
60006, 528363, 0, 0, 0
60100, 528447, 0, 0, 0
60100, 1528108, 1, 0, 0
60200, 677662, 0, 0, 0
60201, 1750928, 1, 0, 0
60300, 1620341, 1, 0, 0
60300, 726589, 0, 0, 0
60400, 1281239, 1, 0, 0
60401, 558142, 0, 0, 0
60500, 1734286, 1, 0, 0
60501, 658328, 0, 0, 0
60600, 561794, 0, 0, 0
60600, 1448952, 1, 0, 0
60700, 558247, 0, 0, 0
60700, 1316007, 1, 0, 0
60800, 560554, 0, 0, 0
60801, 1326137, 1, 0, 0
60900, 600853, 0, 0, 0
60901, 1538921, 1, 0, 0
61000, 551705, 0, 0, 0
61000, 1242951, 1, 0, 0
61100, 592962, 0, 0, 0
61101, 1558183, 1, 0, 0
61200, 741653, 0, 0, 0
61202, 1904826, 1, 0, 0
61344, 16808429, 1, 0, 0
61345, 329428, 0, 0, 0
61400, 2514015, 1, 0, 0
61400, 1920927, 0, 0, 0
61500, 562692, 0, 0, 0
61516, 1530655, 1, 0, 0
61600, 643496, 0, 0, 0
61600, 1348921, 1, 0, 0
61700, 522582, 0, 0, 0
61700, 1191781, 1, 0, 0
61800, 522819, 0, 0, 0
61800, 1222181, 1, 0, 0
61900, 530049, 0, 0, 0
61900, 1268672, 1, 0, 0
62000, 1255234, 1, 0, 0
62000, 677389, 0, 0, 0
62100, 602842, 0, 0, 0
62101, 1411239, 1, 0, 0
62200, 1638263, 1, 0, 0
62200, 614086, 0, 0, 0
62300, 563536, 0, 0, 0
62301, 1511210, 1, 0, 0
62400, 557957, 0, 0, 0
62400, 1365307, 1, 0, 0
62500, 553926, 0, 0, 0
62500, 1382714, 1, 0, 0
62600, 1826572, 1, 0, 0
62600, 572313, 0, 0, 0
62700, 1341559, 1, 0, 0
62700, 555041, 0, 0, 0
62800, 551585, 0, 0, 0
62801, 1380735, 1, 0, 0
62900, 1438139, 1, 0, 0
62900, 550062, 0, 0, 0
63000, 1299759, 1, 0, 0
63001, 573855, 0, 0, 0
63100, 729310, 0, 0, 0
63100, 1430983, 1, 0, 0
63200, 562455, 0, 0, 0
63202, 1412600, 1, 0, 0
63300, 601751, 0, 0, 0
63300, 1328503, 1, 0, 0
63400, 527350, 0, 0, 0
63400, 1286585, 1, 0, 0
63500, 1342359, 1, 0, 0
63500, 556226, 0, 0, 0
63600, 1502762, 1, 0, 0
63600, 540413, 0, 0, 0
63700, 1307078, 1, 0, 0
63700, 554734, 0, 0, 0
63800, 544209, 0, 0, 0
63800, 1311249, 1, 0, 0
63900, 545271, 0, 0, 0
63900, 1325705, 1, 0, 0
64000, 555239, 0, 0, 0
64000, 1459733, 1, 0, 0
64100, 583892, 0, 0, 0
64100, 1331268, 1, 0, 0
64200, 1362237, 1, 0, 0
64200, 535979, 0, 0, 0
64300, 1545792, 1, 0, 0
64300, 541342, 0, 0, 0
64400, 1388182, 1, 0, 0
64400, 561180, 0, 0, 0
64500, 529136, 0, 0, 0
64500, 1417663, 1, 0, 0
64600, 1510028, 1, 0, 0
64600, 596652, 0, 0, 0
64700, 541519, 0, 0, 0
64700, 1502787, 1, 0, 0
64800, 550218, 0, 0, 0
64800, 1280038, 1, 0, 0
64900, 551373, 0, 0, 0
64900, 1387414, 1, 0, 0
65000, 575989, 0, 0, 0
65000, 1388423, 1, 0, 0
65100, 1290938, 1, 0, 0
65100, 542287, 0, 0, 0
65200, 1540621, 1, 0, 0
65200, 516829, 0, 0, 0
65300, 624004, 0, 0, 0
65300, 1348661, 1, 0, 0
65400, 1304899, 1, 0, 0
65400, 550243, 0, 0, 0
65500, 1360049, 1, 0, 0
65500, 544621, 0, 0, 0
65600, 555365, 0, 0, 0
65601, 1505761, 1, 0, 0
65700, 527482, 0, 0, 0
65700, 1731451, 1, 0, 0
65800, 552475, 0, 0, 0
65800, 1438646, 1, 0, 0
65900, 559004, 0, 0, 0
65900, 1358628, 1, 0, 0
66000, 595521, 0, 0, 0
66000, 1364000, 1, 0, 0
66100, 544203, 0, 0, 0
66100, 1347563, 1, 0, 0
66200, 535178, 0, 0, 0
66200, 1437473, 1, 0, 0
66300, 539048, 0, 0, 0
66300, 1561058, 1, 0, 0
66400, 530021, 0, 0, 0
66401, 1285386, 1, 0, 0
66500, 1350308, 1, 0, 0
66500, 535888, 0, 0, 0
66600, 1501426, 1, 0, 0
66600, 554199, 0, 0, 0
66700, 598934, 0, 0, 0
66700, 1327846, 1, 0, 0
66800, 1383843, 1, 0, 0
66800, 529306, 0, 0, 0
66900, 1247166, 1, 0, 0
66900, 533710, 0, 0, 0
67000, 562725, 0, 0, 0
67000, 1476349, 1, 0, 0
67100, 1354436, 1, 0, 0
67100, 532645, 0, 0, 0
67200, 575141, 0, 0, 0
67200, 1365863, 1, 0, 0
67300, 570537, 0, 0, 0
67301, 1207352, 1, 0, 0
67400, 533805, 0, 0, 0
67400, 1281182, 1, 0, 0
67500, 541287, 0, 0, 0
67500, 1312571, 1, 0, 0
67600, 559804, 0, 0, 0
67601, 1428748, 1, 0, 0
67700, 581615, 0, 0, 0
67700, 1407863, 1, 0, 0
67800, 539292, 0, 0, 0
67800, 1407296, 1, 0, 0
67900, 533985, 0, 0, 0
67900, 1267160, 1, 0, 0
68000, 611694, 0, 0, 0
68000, 1300562, 1, 0, 0
68100, 527541, 0, 0, 0
68101, 1477678, 1, 0, 0
68200, 580644, 0, 0, 0
68200, 1361008, 1, 0, 0
68300, 580302, 0, 0, 0
68300, 1710585, 1, 0, 0
68400, 543567, 0, 0, 0
68401, 1311185, 1, 0, 0
68500, 542731, 0, 0, 0
68501, 1376136, 1, 0, 0
68600, 1368653, 1, 0, 0
68600, 580874, 0, 0, 0
68700, 530612, 0, 0, 0
68700, 1488961, 1, 0, 0
68800, 555838, 0, 0, 0
68802, 1312499, 1, 0, 0
68900, 1378085, 1, 0, 0
68900, 579486, 0, 0, 0
69000, 538117, 0, 0, 0
69000, 1363049, 1, 0, 0
69100, 548280, 0, 0, 0
69100, 1365260, 1, 0, 0
69200, 541824, 0, 0, 0
69200, 1508340, 1, 0, 0
69300, 1440908, 1, 0, 0
69300, 546056, 0, 0, 0
69400, 565002, 0, 0, 0
69400, 1382849, 1, 0, 0
69500, 567068, 0, 0, 0
69500, 1369348, 1, 0, 0
69600, 1592669, 1, 0, 0
69600, 678104, 0, 0, 0
69700, 970892, 0, 0, 0
69700, 2785355, 1, 0, 0
69800, 509217, 0, 0, 0
69800, 1274668, 1, 0, 0
69900, 541830, 0, 0, 0
69900, 1309143, 1, 0, 0
70000, 1411849, 1, 0, 0
70000, 558507, 0, 0, 0
70100, 574158, 0, 0, 0
70102, 1479850, 1, 0, 0
70200, 1407349, 1, 0, 0
70200, 570214, 0, 0, 0
70300, 561749, 0, 0, 0
70301, 1423000, 1, 0, 0
70401, 1369137, 1, 0, 0
70401, 531974, 0, 0, 0
70500, 561970, 0, 0, 0
70500, 1445595, 1, 0, 0
70600, 565208, 0, 0, 0
70600, 1453464, 1, 0, 0
70700, 1399106, 1, 0, 0
70700, 557545, 0, 0, 0
70800, 540036, 0, 0, 0
70800, 1455088, 1, 0, 0
70900, 1412717, 1, 0, 0
70900, 542104, 0, 0, 0
71000, 543706, 0, 0, 0
71000, 1377426, 1, 0, 0
71100, 535164, 0, 0, 0
71100, 1404142, 1, 0, 0
71200, 534630, 0, 0, 0
71201, 1413501, 1, 0, 0
71300, 625081, 0, 0, 0
71301, 1604043, 1, 0, 0
71400, 553920, 0, 0, 0
71401, 1463906, 1, 0, 0
71500, 546536, 0, 0, 0
71501, 1394565, 1, 0, 0
71600, 544826, 0, 0, 0
71601, 1456077, 1, 0, 0
71700, 723195, 0, 0, 0
71700, 3125887, 1, 0, 0
71800, 514616, 0, 0, 0
71800, 1194200, 1, 0, 0
71900, 1392132, 1, 0, 0
71900, 530560, 0, 0, 0
72000, 1357781, 1, 0, 0
72000, 549758, 0, 0, 0
72100, 1382810, 1, 0, 0
72100, 562318, 0, 0, 0
72200, 568364, 0, 0, 0
72200, 1506056, 1, 0, 0
72300, 563862, 0, 0, 0
72301, 1438665, 1, 0, 0
72400, 1399694, 1, 0, 0
72400, 561777, 0, 0, 0
72500, 543743, 0, 0, 0
72500, 1436730, 1, 0, 0
72600, 1442707, 1, 0, 0
72600, 558792, 0, 0, 0
72700, 588781, 0, 0, 0
72700, 1433850, 1, 0, 0
72800, 1594890, 1, 0, 0
72800, 562862, 0, 0, 0
72900, 538930, 0, 0, 0
72900, 1425262, 1, 0, 0
73000, 1531399, 1, 0, 0
73000, 555147, 0, 0, 0
73100, 527160, 0, 0, 0
73101, 1558409, 1, 0, 0
73200, 1364317, 1, 0, 0
73200, 554168, 0, 0, 0
73300, 540888, 0, 0, 0
73300, 1329465, 1, 0, 0
73400, 537490, 0, 0, 0
73400, 1392400, 1, 0, 0
73500, 1432193, 1, 0, 0
73500, 571105, 0, 0, 0
73600, 575406, 0, 0, 0
73600, 1558398, 1, 0, 0
73700, 553099, 0, 0, 0
73701, 1458923, 1, 0, 0
73800, 589183, 0, 0, 0
73800, 1528570, 1, 0, 0
73900, 536027, 0, 0, 0
73900, 1357473, 1, 0, 0
74000, 574977, 0, 0, 0
74000, 1447743, 1, 0, 0
74100, 548673, 0, 0, 0
74101, 1434049, 1, 0, 0
74200, 563993, 0, 0, 0
74200, 1546563, 1, 0, 0
74300, 535919, 0, 0, 0
74300, 1428373, 1, 0, 0
74400, 594308, 0, 0, 0
74400, 1476661, 1, 0, 0
74500, 558608, 0, 0, 0
74501, 1392327, 1, 0, 0
74600, 570570, 0, 0, 0
74600, 1411501, 1, 0, 0
74700, 1490070, 1, 0, 0
74701, 533500, 0, 0, 0
74800, 1449925, 1, 0, 0
74800, 550028, 0, 0, 0
74900, 559577, 0, 0, 0
74901, 1382397, 1, 0, 0
75000, 545187, 0, 0, 0
75000, 1414657, 1, 0, 0
75100, 569754, 0, 0, 0
75100, 1667623, 1, 0, 0
75200, 1334742, 1, 0, 0
75200, 556160, 0, 0, 0
75300, 543155, 0, 0, 0
75300, 1394040, 1, 0, 0
75400, 565695, 0, 0, 0
75400, 1431712, 1, 0, 0
75500, 546678, 0, 0, 0
75501, 1477016, 1, 0, 0
75600, 552414, 0, 0, 0
75600, 1444742, 1, 0, 0
75700, 552618, 0, 0, 0
75700, 1399807, 1, 0, 0
75800, 557249, 0, 0, 0
75800, 1383651, 1, 0, 0
75900, 545473, 0, 0, 0
75900, 1424755, 1, 0, 0
76000, 1449999, 1, 0, 0
76000, 550213, 0, 0, 0
76100, 1460842, 1, 0, 0
76101, 550884, 0, 0, 0
76200, 1392990, 1, 0, 0
76200, 551017, 0, 0, 0
76300, 546844, 0, 0, 0
76301, 1398627, 1, 0, 0
76400, 549058, 0, 0, 0
76401, 1448336, 1, 0, 0
76500, 1440684, 1, 0, 0
76500, 553502, 0, 0, 0
76600, 551151, 0, 0, 0
76600, 1409256, 1, 0, 0
76700, 545435, 0, 0, 0
76700, 1503423, 1, 0, 0
76800, 558549, 0, 0, 0
76800, 1395818, 1, 0, 0
76900, 1404890, 1, 0, 0
76900, 535160, 0, 0, 0
77000, 568010, 0, 0, 0
77000, 1444886, 1, 0, 0
77100, 1412981, 1, 0, 0
77101, 542166, 0, 0, 0
77200, 554207, 0, 0, 0
77200, 1436796, 1, 0, 0
77301, 1797908, 1, 0, 0
77301, 744590, 0, 0, 0
77400, 505932, 0, 0, 0
77400, 1828166, 1, 0, 0
77500, 531363, 0, 0, 0
77501, 1270430, 1, 0, 0
77600, 553869, 0, 0, 0
77601, 1433776, 1, 0, 0
77700, 536981, 0, 0, 0
77701, 1346517, 1, 0, 0
77800, 543245, 0, 0, 0
77800, 1433950, 1, 0, 0
77900, 563420, 0, 0, 0
77900, 1392510, 1, 0, 0
78000, 586859, 0, 0, 0
78000, 1460821, 1, 0, 0
78100, 549793, 0, 0, 0
78100, 1476690, 1, 0, 0
78200, 546055, 0, 0, 0
78201, 1510705, 1, 0, 0
78300, 1380869, 1, 0, 0
78300, 550717, 0, 0, 0
78400, 564880, 0, 0, 0
78400, 1424389, 1, 0, 0
78500, 1399814, 1, 0, 0
78500, 550794, 0, 0, 0
78600, 554047, 0, 0, 0
78600, 1439864, 1, 0, 0
78700, 535052, 0, 0, 0
78700, 1383654, 1, 0, 0
78800, 545346, 0, 0, 0
78800, 1426641, 1, 0, 0
78900, 572692, 0, 0, 0
78900, 1439845, 1, 0, 0
79000, 543845, 0, 0, 0
79000, 1474631, 1, 0, 0
79100, 1430765, 1, 0, 0
79100, 559085, 0, 0, 0
79200, 1437050, 1, 0, 0
79200, 567050, 0, 0, 0
79300, 1474428, 1, 0, 0
79300, 569938, 0, 0, 0
79400, 537283, 0, 0, 0
79400, 1494161, 1, 0, 0
79500, 542968, 0, 0, 0
79502, 1386386, 1, 0, 0
79600, 544363, 0, 0, 0
79600, 1419178, 1, 0, 0
79700, 1373164, 1, 0, 0
79702, 561328, 0, 0, 0
79800, 538215, 0, 0, 0
79800, 1383056, 1, 0, 0
79900, 540810, 0, 0, 0
79900, 1383010, 1, 0, 0
80000, 1327267, 1, 0, 0
80000, 521349, 0, 0, 0
80100, 543884, 0, 0, 0
80101, 1422028, 1, 0, 0
80200, 537555, 0, 0, 0
80200, 1328941, 1, 0, 0
80300, 535475, 0, 0, 0
80300, 1429900, 1, 0, 0
80400, 1374532, 1, 0, 0
80400, 575972, 0, 0, 0
80500, 560624, 0, 0, 0
80500, 1438785, 1, 0, 0
80600, 1324002, 1, 0, 0
80600, 542948, 0, 0, 0
80700, 590465, 0, 0, 0
80701, 1451708, 1, 0, 0
80800, 544963, 0, 0, 0
80800, 1370262, 1, 0, 0
80900, 1387524, 1, 0, 0
80900, 550683, 0, 0, 0
81000, 536115, 0, 0, 0
81001, 1381581, 1, 0, 0
81100, 546861, 0, 0, 0
81100, 1343610, 1, 0, 0
81200, 1486009, 1, 0, 0
81200, 547796, 0, 0, 0
81300, 1435538, 1, 0, 0
81300, 529796, 0, 0, 0
81400, 557800, 0, 0, 0
81400, 1437932, 1, 0, 0
81500, 563065, 0, 0, 0
81500, 1426831, 1, 0, 0
81600, 540676, 0, 0, 0
81601, 1319157, 1, 0, 0
81700, 1453054, 1, 0, 0
81700, 574029, 0, 0, 0
81800, 536868, 0, 0, 0
81801, 1383098, 1, 0, 0
81900, 540616, 0, 0, 0
81901, 1445323, 1, 0, 0
82000, 559276, 0, 0, 0
82001, 1420143, 1, 0, 0
82100, 1356000, 1, 0, 0
82100, 552437, 0, 0, 0
82200, 547308, 0, 0, 0
82200, 1589374, 1, 0, 0
82300, 546354, 0, 0, 0
82300, 1315794, 1, 0, 0
82400, 555792, 0, 0, 0
82400, 1364591, 1, 0, 0
82500, 539111, 0, 0, 0
82500, 1371623, 1, 0, 0
82600, 537757, 0, 0, 0
82600, 1400480, 1, 0, 0
82700, 1381922, 1, 0, 0
82700, 547979, 0, 0, 0
82800, 565456, 0, 0, 0
82800, 1351702, 1, 0, 0
82900, 1368540, 1, 0, 0
82900, 541301, 0, 0, 0
83000, 541795, 0, 0, 0
83001, 1343061, 1, 0, 0
83100, 1345056, 1, 0, 0
83100, 533167, 0, 0, 0
83200, 1367011, 1, 0, 0
83200, 539557, 0, 0, 0
83300, 546027, 0, 0, 0
83300, 1369702, 1, 0, 0
83400, 546826, 0, 0, 0
83401, 1367613, 1, 0, 0
83500, 539060, 0, 0, 0
83500, 1375981, 1, 0, 0
83600, 548451, 0, 0, 0
83600, 1336574, 1, 0, 0
83700, 550243, 0, 0, 0
83700, 1342345, 1, 0, 0
83800, 534650, 0, 0, 0
83800, 1366694, 1, 0, 0
83900, 1313144, 1, 0, 0
83900, 558002, 0, 0, 0
84000, 553262, 0, 0, 0
84000, 1417219, 1, 0, 0
84100, 547722, 0, 0, 0
84100, 1286161, 1, 0, 0
84200, 553064, 0, 0, 0
84200, 1394915, 1, 0, 0
84300, 1387235, 1, 0, 0
84300, 535633, 0, 0, 0
84400, 546576, 0, 0, 0
84401, 1429642, 1, 0, 0
84500, 549423, 0, 0, 0
84500, 1415500, 1, 0, 0
84600, 535199, 0, 0, 0
84600, 1317084, 1, 0, 0
84700, 533960, 0, 0, 0
84700, 1351716, 1, 0, 0
84800, 547013, 0, 0, 0
84801, 1429022, 1, 0, 0
84900, 541918, 0, 0, 0
84900, 1449104, 1, 0, 0
85000, 544074, 0, 0, 0
85000, 1334378, 1, 0, 0
85100, 2002302, 1, 0, 0
85100, 588169, 0, 0, 0
85200, 574607, 0, 0, 0
85200, 1192245, 1, 0, 0
85300, 1322587, 1, 0, 0
85301, 541616, 0, 0, 0
85400, 555080, 0, 0, 0
85400, 1451266, 1, 0, 0
85500, 533773, 0, 0, 0
85500, 1333769, 1, 0, 0
85600, 1353270, 1, 0, 0
85600, 533827, 0, 0, 0
85700, 536883, 0, 0, 0
85700, 1356459, 1, 0, 0
85800, 537134, 0, 0, 0
85800, 1326195, 1, 0, 0
85900, 543197, 0, 0, 0
85901, 1358903, 1, 0, 0
86000, 543730, 0, 0, 0
86000, 1386661, 1, 0, 0
86100, 543530, 0, 0, 0
86100, 1394343, 1, 0, 0
86200, 558573, 0, 0, 0
86200, 1429566, 1, 0, 0
86300, 1332231, 1, 0, 0
86300, 539166, 0, 0, 0
86400, 1390883, 1, 0, 0
86400, 538328, 0, 0, 0
86500, 1358218, 1, 0, 0
86500, 546172, 0, 0, 0
86600, 526182, 0, 0, 0
86600, 1489744, 1, 0, 0
86700, 554982, 0, 0, 0
86701, 1488019, 1, 0, 0
86800, 531123, 0, 0, 0
86800, 1367138, 1, 0, 0
86900, 1355130, 1, 0, 0
86900, 548763, 0, 0, 0
87000, 549355, 0, 0, 0
87000, 1401577, 1, 0, 0
87100, 545442, 0, 0, 0
87100, 1349482, 1, 0, 0
87200, 558725, 0, 0, 0
87200, 1427988, 1, 0, 0
87300, 1350504, 1, 0, 0
87300, 525126, 0, 0, 0
87400, 550740, 0, 0, 0
87400, 1380503, 1, 0, 0
87500, 1479590, 1, 0, 0
87500, 533656, 0, 0, 0
87600, 542224, 0, 0, 0
87601, 1498314, 1, 0, 0
87700, 550833, 0, 0, 0
87700, 1424745, 1, 0, 0
87800, 1462062, 1, 0, 0
87800, 534564, 0, 0, 0
87900, 559792, 0, 0, 0
87900, 1410578, 1, 0, 0
88000, 545691, 0, 0, 0
88000, 1466272, 1, 0, 0
88100, 1386961, 1, 0, 0
88100, 534724, 0, 0, 0
88200, 751630, 0, 0, 0
88200, 2846567, 1, 0, 0
88300, 511431, 0, 0, 0
88300, 1220275, 1, 0, 0
88400, 1353928, 1, 0, 0
88400, 510803, 0, 0, 0
88500, 542226, 0, 0, 0
88500, 1698060, 1, 0, 0
88600, 538455, 0, 0, 0
88600, 1284741, 1, 0, 0
88700, 528290, 0, 0, 0
88700, 1356988, 1, 0, 0
88800, 1317649, 1, 0, 0
88800, 530625, 0, 0, 0
88900, 531157, 0, 0, 0
88900, 1500695, 1, 0, 0
89000, 539450, 0, 0, 0
89001, 1309680, 1, 0, 0
89100, 541019, 0, 0, 0
89100, 1355517, 1, 0, 0
89200, 537482, 0, 0, 0
89200, 1412842, 1, 0, 0
89300, 1392121, 1, 0, 0
89300, 545948, 0, 0, 0
89400, 536878, 0, 0, 0
89400, 1460522, 1, 0, 0
89500, 547392, 0, 0, 0
89500, 1350220, 1, 0, 0
89600, 541743, 0, 0, 0
89600, 1287458, 1, 0, 0
89700, 1290426, 1, 0, 0
89700, 546575, 0, 0, 0
89800, 542980, 0, 0, 0
89800, 1377479, 1, 0, 0
89900, 539282, 0, 0, 0
89900, 1344863, 1, 0, 0
90000, 521608, 0, 0, 0
90000, 1315584, 1, 0, 0
90000, 1012375, 0, 0, 0
