250, 10308, 0, 0, 0
350, 10370, 0, 0, 0
450, 9950, 0, 0, 0
550, 10470, 0, 0, 0
650, 10530, 0, 0, 0
749, 10646, 0, 0, 0
849, 10540, 0, 0, 0
949, 9830, 0, 0, 0
1049, 10350, 0, 0, 0
1149, 10470, 0, 0, 0
1250, 10530, 0, 0, 0
1350, 10250, 0, 0, 0
1450, 10200, 0, 0, 0
1550, 10260, 0, 0, 0
1650, 10520, 0, 0, 0
1749, 10333, 0, 0, 0
1849, 10450, 0, 0, 0
1949, 9590, 0, 0, 0
2050, 10650, 0, 0, 0
2150, 10500, 0, 0, 0
2250, 10270, 0, 0, 0
2350, 10240, 0, 0, 0
2450, 10090, 0, 0, 0
2550, 10170, 0, 0, 0
2650, 10390, 0, 0, 0
2749, 10515, 0, 0, 0
2849, 10600, 0, 0, 0
2949, 9870, 0, 0, 0
3049, 10480, 0, 0, 0
3149, 10240, 0, 0, 0
3250, 10450, 0, 0, 0
3350, 10250, 0, 0, 0
3450, 9940, 0, 0, 0
3550, 10360, 0, 0, 0
3650, 10230, 0, 0, 0
3749, 10636, 0, 0, 0
3849, 10610, 0, 0, 0
3949, 9830, 0, 0, 0
4049, 10330, 0, 0, 0
4149, 10460, 0, 0, 0
4249, 10360, 0, 0, 0
4349, 10260, 0, 0, 0
4449, 10010, 0, 0, 0
4550, 10520, 0, 0, 0
4650, 10480, 0, 0, 0
4749, 10383, 0, 0, 0
4849, 10530, 0, 0, 0
4949, 9760, 0, 0, 0
5049, 10490, 0, 0, 0
5149, 10490, 0, 0, 0
5249, 10620, 0, 0, 0
5349, 10200, 0, 0, 0
5449, 10060, 0, 0, 0
5549, 10470, 0, 0, 0
5650, 9980, 0, 0, 0
5750, 10290, 0, 0, 0
5850, 10400, 0, 0, 0
5950, 10020, 0, 0, 0
6050, 10180, 0, 0, 0
6150, 10360, 0, 0, 0
6249, 10535, 0, 0, 0
6349, 10000, 0, 0, 0
6449, 10060, 0, 0, 0
6549, 10440, 0, 0, 0
6649, 9820, 0, 0, 0
6750, 9970, 0, 0, 0
6850, 10260, 0, 0, 0
6950, 10290, 0, 0, 0
7050, 10470, 0, 0, 0
7150, 10540, 0, 0, 0
7249, 10656, 0, 0, 0
7349, 9910, 0, 0, 0
7449, 10160, 0, 0, 0
7549, 10520, 0, 0, 0
7649, 10500, 0, 0, 0
7749, 10660, 0, 0, 0
7849, 10460, 0, 0, 0
7950, 10050, 0, 0, 0
8050, 10380, 0, 0, 0
8150, 10470, 0, 0, 0
8249, 10585, 0, 0, 0
8349, 9940, 0, 0, 0
8449, 10010, 0, 0, 0
8549, 10420, 0, 0, 0
8649, 10490, 0, 0, 0
8749, 10530, 0, 0, 0
8849, 10440, 0, 0, 0
8949, 10360, 0, 0, 0
9050, 9910, 0, 0, 0
9150, 10280, 0, 0, 0
9249, 10363, 0, 0, 0
9349, 9620, 0, 0, 0
9449, 9680, 0, 0, 0
9549, 10310, 0, 0, 0
9649, 9900, 0, 0, 0
9749, 10470, 0, 0, 0
9849, 10570, 0, 0, 0
9949, 10430, 0, 0, 0
10049, 9900, 0, 0, 0
10149, 10370, 0, 0, 0
10250, 10600, 0, 0, 0
10350, 9360, 0, 0, 0
10450, 9940, 0, 0, 0
10550, 10090, 0, 0, 0
10650, 10500, 0, 0, 0
10749, 10313, 0, 0, 0
10849, 10390, 0, 0, 0
10949, 10220, 0, 0, 0
11049, 9940, 0, 0, 0
11149, 10390, 0, 0, 0
11249, 9870, 0, 0, 0
11350, 8980, 0, 0, 0
11450, 10390, 0, 0, 0
11550, 9750, 0, 0, 0
11650, 10360, 0, 0, 0
11749, 10494, 0, 0, 0
11849, 10400, 0, 0, 0
11949, 10300, 0, 0, 0
12049, 9930, 0, 0, 0
12149, 10450, 0, 0, 0
12249, 10390, 0, 0, 0
12349, 10480, 0, 0, 0
12449, 9390, 0, 0, 0
12550, 10030, 0, 0, 0
12650, 10310, 0, 0, 0
12749, 10404, 0, 0, 0
12849, 10530, 0, 0, 0
12949, 10390, 0, 0, 0
13049, 9390, 0, 0, 0
13149, 10480, 0, 0, 0
13249, 10380, 0, 0, 0
13349, 10080, 0, 0, 0
13449, 9870, 0, 0, 0
13549, 10170, 0, 0, 0
13649, 10210, 0, 0, 0
13750, 10320, 0, 0, 0
13850, 10600, 0, 0, 0
13950, 9990, 0, 0, 0
14050, 9420, 0, 0, 0
14150, 10190, 0, 0, 0
14249, 10363, 0, 0, 0
14349, 10380, 0, 0, 0
14449, 8970, 0, 0, 0
14549, 9940, 0, 0, 0
14649, 10380, 0, 0, 0
14749, 10230, 0, 0, 0
14849, 10470, 0, 0, 0
14950, 10140, 0, 0, 0
15050, 9150, 0, 0, 0
15150, 10220, 0, 0, 0
15249, 10616, 0, 0, 0
15349, 10460, 0, 0, 0
15449, 8820, 0, 0, 0
15549, 10120, 0, 0, 0
15649, 10410, 0, 0, 0
15749, 9580, 0, 0, 0
15849, 10270, 0, 0, 0
15949, 10490, 0, 0, 0
16050, 9090, 0, 0, 0
16150, 10220, 0, 0, 0
16249, 10515, 0, 0, 0
16349, 10480, 0, 0, 0
16449, 8810, 0, 0, 0
16549, 10100, 0, 0, 0
16649, 10350, 0, 0, 0
16749, 10490, 0, 0, 0
16849, 10420, 0, 0, 0
16949, 10560, 0, 0, 0
17049, 9560, 0, 0, 0
17150, 8810, 0, 0, 0
17250, 10310, 0, 0, 0
17350, 10480, 0, 0, 0
17450, 9020, 0, 0, 0
17550, 10260, 0, 0, 0
17650, 10310, 0, 0, 0
17749, 10515, 0, 0, 0
17849, 10580, 0, 0, 0
17949, 10060, 0, 0, 0
18049, 9610, 0, 0, 0
18149, 8950, 0, 0, 0
18250, 10350, 0, 0, 0
18350, 10340, 0, 0, 0
18450, 10400, 0, 0, 0
18550, 9140, 0, 0, 0
18650, 10470, 0, 0, 0
18749, 10414, 0, 0, 0
18849, 10680, 0, 0, 0
18949, 10370, 0, 0, 0
19049, 9480, 0, 0, 0
19149, 9510, 0, 0, 0
19249, 10190, 0, 0, 0
19349, 10470, 0, 0, 0
19449, 10480, 0, 0, 0
19550, 8890, 0, 0, 0
19650, 10470, 0, 0, 0
19749, 9808, 0, 0, 0
19849, 10500, 0, 0, 0
19949, 10400, 0, 0, 0
20049, 9790, 0, 0, 0
20149, 8940, 0, 0, 0
20249, 10320, 0, 0, 0
20349, 10420, 0, 0, 0
20449, 10500, 0, 0, 0
20549, 9580, 0, 0, 0
20650, 10350, 0, 0, 0
20750, 9480, 0, 0, 0
20850, 10260, 0, 0, 0
20950, 10280, 0, 0, 0
21050, 9920, 0, 0, 0
21150, 8890, 0, 0, 0
21249, 10090, 0, 0, 0
21349, 10280, 0, 0, 0
21449, 10340, 0, 0, 0
21549, 9310, 0, 0, 0
21649, 10380, 0, 0, 0
21750, 10240, 0, 0, 0
21850, 10410, 0, 0, 0
21950, 10460, 0, 0, 0
22050, 9960, 0, 0, 0
22150, 9530, 0, 0, 0
22249, 10474, 0, 0, 0
22349, 10330, 0, 0, 0
22449, 10110, 0, 0, 0
22549, 9710, 0, 0, 0
22649, 10360, 0, 0, 0
22749, 10420, 0, 0, 0
22849, 10480, 0, 0, 0
22949, 10400, 0, 0, 0
23050, 9820, 0, 0, 0
23150, 10340, 0, 0, 0
23249, 10363, 0, 0, 0
23349, 10290, 0, 0, 0
23449, 10490, 0, 0, 0
23549, 10630, 0, 0, 0
23649, 10550, 0, 0, 0
23749, 10520, 0, 0, 0
23849, 10660, 0, 0, 0
23949, 10550, 0, 0, 0
24050, 10040, 0, 0, 0
24150, 9850, 0, 0, 0
24250, 9900, 0, 0, 0
24350, 10330, 0, 0, 0
24450, 10570, 0, 0, 0
24550, 9860, 0, 0, 0
24650, 10290, 0, 0, 0
24749, 10313, 0, 0, 0
24849, 10360, 0, 0, 0
24949, 10460, 0, 0, 0
25049, 9970, 0, 0, 0
25149, 10410, 0, 0, 0
25250, 10590, 0, 0, 0
25350, 10430, 0, 0, 0
25450, 10550, 0, 0, 0
25550, 10060, 0, 0, 0
25650, 10390, 0, 0, 0
25749, 10353, 0, 0, 0
25849, 10340, 0, 0, 0
25949, 10420, 0, 0, 0
26049, 10440, 0, 0, 0
26149, 9990, 0, 0, 0
26249, 10410, 0, 0, 0
26349, 10560, 0, 0, 0
26449, 10410, 0, 0, 0
26550, 9720, 0, 0, 0
26650, 10250, 0, 0, 0
26749, 10212, 0, 0, 0
26849, 10360, 0, 0, 0
26949, 10460, 0, 0, 0
27049, 10440, 0, 0, 0
27149, 9910, 0, 0, 0
27249, 9560, 0, 0, 0
27349, 10460, 0, 0, 0
27449, 10330, 0, 0, 0
27550, 9180, 0, 0, 0
27650, 10360, 0, 0, 0
27750, 10120, 0, 0, 0
27850, 10350, 0, 0, 0
27950, 10390, 0, 0, 0
28050, 10520, 0, 0, 0
28150, 9770, 0, 0, 0
28249, 9676, 0, 0, 0
28349, 10450, 0, 0, 0
28449, 10370, 0, 0, 0
28549, 10250, 0, 0, 0
28649, 9750, 0, 0, 0
28750, 10420, 0, 0, 0
28850, 10300, 0, 0, 0
28950, 10390, 0, 0, 0
29050, 10470, 0, 0, 0
29150, 9790, 0, 0, 0
29249, 9434, 0, 0, 0
29349, 10490, 0, 0, 0
29449, 10530, 0, 0, 0
29549, 10300, 0, 0, 0
29649, 9380, 0, 0, 0
29749, 10240, 0, 0, 0
29850, 10270, 0, 0, 0
29950, 10290, 0, 0, 0
30050, 10160, 0, 0, 0
30150, 10070, 0, 0, 0
30249, 8898, 0, 0, 0
30349, 10520, 0, 0, 0
30449, 10460, 0, 0, 0
30549, 10320, 0, 0, 0
30649, 9290, 0, 0, 0
30749, 9550, 0, 0, 0
30849, 10340, 0, 0, 0
30949, 10390, 0, 0, 0
31050, 10430, 0, 0, 0
31150, 9900, 0, 0, 0
31249, 9020, 0, 0, 0
31349, 10310, 0, 0, 0
31449, 10220, 0, 0, 0
31549, 10460, 0, 0, 0
31649, 9490, 0, 0, 0
31749, 10340, 0, 0, 0
31849, 9910, 0, 0, 0
31949, 10500, 0, 0, 0
32049, 10310, 0, 0, 0
32149, 10000, 0, 0, 0
32250, 8620, 0, 0, 0
32350, 10370, 0, 0, 0
32450, 10210, 0, 0, 0
32550, 9750, 0, 0, 0
32650, 9110, 0, 0, 0
32749, 10262, 0, 0, 0
32849, 9460, 0, 0, 0
32949, 10250, 0, 0, 0
33049, 10300, 0, 0, 0
33149, 10220, 0, 0, 0
33249, 10250, 0, 0, 0
33350, 9400, 0, 0, 0
33450, 10370, 0, 0, 0
33550, 10470, 0, 0, 0
33650, 9200, 0, 0, 0
33749, 10232, 0, 0, 0
33849, 9520, 0, 0, 0
33949, 10460, 0, 0, 0
34049, 10410, 0, 0, 0
34149, 10280, 0, 0, 0
34249, 10100, 0, 0, 0
34349, 8940, 0, 0, 0
34449, 10390, 0, 0, 0
34550, 10380, 0, 0, 0
34650, 9130, 0, 0, 0
34749, 10292, 0, 0, 0
34849, 9740, 0, 0, 0
34949, 10660, 0, 0, 0
35049, 10480, 0, 0, 0
35149, 10470, 0, 0, 0
35249, 10680, 0, 0, 0
35349, 9170, 0, 0, 0
35449, 10610, 0, 0, 0
35549, 10460, 0, 0, 0
35650, 9720, 0, 0, 0
35750, 10360, 0, 0, 0
35850, 10000, 0, 0, 0
35950, 10530, 0, 0, 0
36050, 10500, 0, 0, 0
36150, 10200, 0, 0, 0
36249, 10383, 0, 0, 0
36349, 9090, 0, 0, 0
36449, 10390, 0, 0, 0
36549, 10410, 0, 0, 0
36649, 9050, 0, 0, 0
36750, 10400, 0, 0, 0
36850, 10290, 0, 0, 0
36950, 10100, 0, 0, 0
37050, 10480, 0, 0, 0
37150, 10430, 0, 0, 0
37249, 10656, 0, 0, 0
37349, 9790, 0, 0, 0
37449, 10450, 0, 0, 0
37549, 10530, 0, 0, 0
37649, 10020, 0, 0, 0
37749, 9500, 0, 0, 0
37849, 10000, 0, 0, 0
37949, 10580, 0, 0, 0
38050, 10400, 0, 0, 0
38150, 10220, 0, 0, 0
38249, 10393, 0, 0, 0
38349, 10500, 0, 0, 0
38449, 10360, 0, 0, 0
38549, 10540, 0, 0, 0
38649, 9980, 0, 0, 0
38749, 10100, 0, 0, 0
38849, 10330, 0, 0, 0
38949, 10450, 0, 0, 0
39049, 10460, 0, 0, 0
39150, 10410, 0, 0, 0
39250, 10560, 0, 0, 0
39350, 9540, 0, 0, 0
39450, 10360, 0, 0, 0
39550, 10490, 0, 0, 0
39650, 10360, 0, 0, 0
39749, 10181, 0, 0, 0
39849, 10620, 0, 0, 0
39949, 10540, 0, 0, 0
40049, 10440, 0, 0, 0
40149, 10490, 0, 0, 0
40249, 10310, 0, 0, 0
40350, 10170, 0, 0, 0
40450, 10440, 0, 0, 0
40550, 10430, 0, 0, 0
40650, 10220, 0, 0, 0
40749, 9787, 0, 0, 0
40849, 10230, 0, 0, 0
40949, 10390, 0, 0, 0
41049, 7910, 0, 0, 0
41149, 8880, 0, 0, 0
41249, 10090, 0, 0, 0
41349, 9650, 0, 0, 0
41449, 9960, 0, 0, 0
41550, 9160, 0, 0, 0
41650, 9180, 0, 0, 0
41749, 9444, 0, 0, 0
41849, 9480, 0, 0, 0
41949, 10300, 0, 0, 0
42049, 10090, 0, 0, 0
42149, 10280, 0, 0, 0
42249, 10460, 0, 0, 0
42349, 10470, 0, 0, 0
42449, 10100, 0, 0, 0
42549, 10480, 0, 0, 0
42649, 10230, 0, 0, 0
42750, 9980, 0, 0, 0
42850, 10220, 0, 0, 0
42950, 10280, 0, 0, 0
43050, 9580, 0, 0, 0
43150, 10360, 0, 0, 0
43249, 10212, 0, 0, 0
43349, 10400, 0, 0, 0
43449, 9800, 0, 0, 0
43549, 10470, 0, 0, 0
43649, 10310, 0, 0, 0
43749, 9960, 0, 0, 0
43849, 10490, 0, 0, 0
43950, 10430, 0, 0, 0
44050, 10370, 0, 0, 0
44150, 10440, 0, 0, 0
44249, 10484, 0, 0, 0
44349, 10530, 0, 0, 0
44449, 9710, 0, 0, 0
44549, 10440, 0, 0, 0
44649, 10030, 0, 0, 0
44749, 10050, 0, 0, 0
44849, 10170, 0, 0, 0
44949, 10340, 0, 0, 0
45050, 9870, 0, 0, 0
45150, 10220, 0, 0, 0
45249, 9101, 0, 0, 0
45349, 10290, 0, 0, 0
45449, 10010, 0, 0, 0
45549, 10450, 0, 0, 0
45649, 9960, 0, 0, 0
45749, 9800, 0, 0, 0
45849, 10450, 0, 0, 0
45949, 10080, 0, 0, 0
46049, 10380, 0, 0, 0
46149, 10440, 0, 0, 0
46250, 10420, 0, 0, 0
46350, 10350, 0, 0, 0
46450, 9990, 0, 0, 0
46550, 10520, 0, 0, 0
46650, 9710, 0, 0, 0
46749, 10323, 0, 0, 0
46849, 10330, 0, 0, 0
46949, 10450, 0, 0, 0
47049, 10570, 0, 0, 0
47149, 10420, 0, 0, 0
47249, 9480, 0, 0, 0
47349, 10410, 0, 0, 0
47449, 10040, 0, 0, 0
47550, 10410, 0, 0, 0
47650, 10480, 0, 0, 0
47749, 10191, 0, 0, 0
47849, 10360, 0, 0, 0
47949, 10410, 0, 0, 0
48049, 10400, 0, 0, 0
48149, 9870, 0, 0, 0
48249, 10270, 0, 0, 0
48349, 10350, 0, 0, 0
48449, 9990, 0, 0, 0
48549, 10340, 0, 0, 0
48649, 10410, 0, 0, 0
48750, 9940, 0, 0, 0
48850, 10210, 0, 0, 0
48950, 10300, 0, 0, 0
49050, 10270, 0, 0, 0
49150, 10290, 0, 0, 0
49249, 10363, 0, 0, 0
49349, 10150, 0, 0, 0
49449, 10200, 0, 0, 0
49549, 10630, 0, 0, 0
49649, 10670, 0, 0, 0
49750, 9800, 0, 0, 0
49850, 10380, 0, 0, 0
49950, 10370, 0, 0, 0
50050, 10560, 0, 0, 0
50150, 10350, 0, 0, 0
50249, 10353, 0, 0, 0
50349, 10520, 0, 0, 0
50449, 9970, 0, 0, 0
50549, 10340, 0, 0, 0
50649, 10350, 0, 0, 0
50749, 10250, 0, 0, 0
50849, 10350, 0, 0, 0
50949, 10330, 0, 0, 0
51050, 10340, 0, 0, 0
51150, 10380, 0, 0, 0
51249, 10474, 0, 0, 0
51349, 10580, 0, 0, 0
51449, 10080, 0, 0, 0
51549, 10460, 0, 0, 0
51649, 10460, 0, 0, 0
51749, 10380, 0, 0, 0
51849, 9950, 0, 0, 0
51949, 10050, 0, 0, 0
52049, 10540, 0, 0, 0
52149, 9650, 0, 0, 0
52250, 10370, 0, 0, 0
52350, 10460, 0, 0, 0
52450, 10480, 0, 0, 0
52550, 10590, 0, 0, 0
52650, 10400, 0, 0, 0
52749, 10010, 0, 0, 0
52849, 10430, 0, 0, 0
52949, 10380, 0, 0, 0
53049, 10360, 0, 0, 0
53149, 10450, 0, 0, 0
53249, 10120, 0, 0, 0
53349, 10200, 0, 0, 0
53449, 10170, 0, 0, 0
53550, 10560, 0, 0, 0
53650, 10430, 0, 0, 0
53749, 10383, 0, 0, 0
53849, 10360, 0, 0, 0
53949, 10460, 0, 0, 0
54049, 10630, 0, 0, 0
54149, 10190, 0, 0, 0
54249, 10500, 0, 0, 0
54349, 10530, 0, 0, 0
54449, 10460, 0, 0, 0
54549, 10600, 0, 0, 0
54649, 10520, 0, 0, 0
54750, 9890, 0, 0, 0
54850, 10240, 0, 0, 0
54950, 10310, 0, 0, 0
55050, 10510, 0, 0, 0
55150, 10510, 0, 0, 0
55249, 10393, 0, 0, 0
55349, 10560, 0, 0, 0
55449, 10420, 0, 0, 0
55549, 10230, 0, 0, 0
55649, 10560, 0, 0, 0
55749, 10220, 0, 0, 0
55850, 10470, 0, 0, 0
55950, 10320, 0, 0, 0
56050, 10390, 0, 0, 0
56150, 10420, 0, 0, 0
56249, 10595, 0, 0, 0
56349, 10400, 0, 0, 0
56449, 10540, 0, 0, 0
56549, 10230, 0, 0, 0
56649, 10490, 0, 0, 0
56749, 10330, 0, 0, 0
56849, 10390, 0, 0, 0
56949, 10440, 0, 0, 0
57050, 10540, 0, 0, 0
57150, 10400, 0, 0, 0
57249, 10151, 0, 0, 0
57349, 10420, 0, 0, 0
57449, 10560, 0, 0, 0
57549, 10220, 0, 0, 0
57649, 10300, 0, 0, 0
57749, 10230, 0, 0, 0
57849, 10000, 0, 0, 0
57949, 10330, 0, 0, 0
58049, 10520, 0, 0, 0
58149, 10550, 0, 0, 0
58250, 10150, 0, 0, 0
58350, 10260, 0, 0, 0
58450, 10050, 0, 0, 0
58550, 10350, 0, 0, 0
58650, 10610, 0, 0, 0
58749, 10191, 0, 0, 0
58849, 10530, 0, 0, 0
58949, 10480, 0, 0, 0
59049, 10580, 0, 0, 0
59149, 10480, 0, 0, 0
59249, 10540, 0, 0, 0
59349, 10510, 0, 0, 0
59449, 10560, 0, 0, 0
59550, 10140, 0, 0, 0
59650, 10590, 0, 0, 0
59749, 10272, 0, 0, 0
59849, 10130, 0, 0, 0
59949, 10450, 0, 0, 0
