101, 23822732, 1, 0, 0
200, 21068064, 1, 0, 0
304, 28499461, 1, 0, 0
400, 23893709, 1, 0, 0
504, 22363626, 1, 0, 0
601, 28947565, 1, 0, 0
700, 24000363, 1, 0, 0
800, 23611709, 1, 0, 0
900, 20174918, 1, 0, 0
1001, 22610209, 1, 0, 0
1100, 22534087, 1, 0, 0
1202, 22184595, 1, 0, 0
1302, 23515795, 1, 0, 0
1400, 22573197, 1, 0, 0
1500, 18258780, 1, 0, 0
1604, 24588907, 1, 0, 0
1700, 21932464, 1, 0, 0
1800, 20936915, 1, 0, 0
1906, 27090297, 1, 0, 0
2000, 24189359, 1, 0, 0
2101, 25260764, 1, 0, 0
2200, 19228795, 1, 0, 0
2302, 21364595, 1, 0, 0
2402, 21287653, 1, 0, 0
2501, 28036329, 1, 0, 0
2602, 21334248, 1, 0, 0
2700, 22008490, 1, 0, 0
2801, 20696074, 1, 0, 0
2900, 22690066, 1, 0, 0
3001, 20446409, 1, 0, 0
3100, 21277038, 1, 0, 0
3200, 23185796, 1, 0, 0
3302, 22035847, 1, 0, 0
3403, 23068636, 1, 0, 0
3501, 25107664, 1, 0, 0
3602, 20031183, 1, 0, 0
3701, 23238743, 1, 0, 0
3800, 22765895, 1, 0, 0
3901, 19763526, 1, 0, 0
4000, 28231499, 1, 0, 0
4101, 18491509, 1, 0, 0
4205, 27747585, 1, 0, 0
4301, 26402393, 1, 0, 0
4402, 24745341, 1, 0, 0
4502, 27022470, 1, 0, 0
4600, 23634442, 1, 0, 0
4704, 42007498, 1, 0, 0
4804, 25922048, 1, 0, 0
4900, 18527327, 1, 0, 0
5000, 19669621, 1, 0, 0
5101, 20996870, 1, 0, 0
5203, 21585843, 1, 0, 0
5301, 25143687, 1, 0, 0
5400, 24070707, 1, 0, 0
5500, 23301004, 1, 0, 0
5600, 25591285, 1, 0, 0
5700, 26112555, 1, 0, 0
5801, 19239851, 1, 0, 0
5903, 19979522, 1, 0, 0
6000, 21486235, 1, 0, 0
6102, 24331459, 1, 0, 0
6203, 23794049, 1, 0, 0
6301, 21552844, 1, 0, 0
6402, 21446628, 1, 0, 0
6505, 22319862, 1, 0, 0
6600, 26869948, 1, 0, 0
6700, 28011254, 1, 0, 0
6804, 25070823, 1, 0, 0
6903, 21545598, 1, 0, 0
7004, 29488064, 1, 0, 0
7103, 29896134, 1, 0, 0
7201, 29590113, 1, 0, 0
7300, 22533504, 1, 0, 0
7401, 23413645, 1, 0, 0
7501, 23049958, 1, 0, 0
7600, 29641352, 1, 0, 0
7704, 25293327, 1, 0, 0
7800, 22859326, 1, 0, 0
7900, 24226536, 1, 0, 0
8001, 25639080, 1, 0, 0
8101, 22135196, 1, 0, 0
8200, 22464503, 1, 0, 0
8301, 17282837, 1, 0, 0
8401, 21210066, 1, 0, 0
8505, 29106604, 1, 0, 0
8600, 18670648, 1, 0, 0
8700, 27171450, 1, 0, 0
8801, 28938351, 1, 0, 0
8900, 20184064, 1, 0, 0
9000, 21537558, 1, 0, 0
9103, 17926406, 1, 0, 0
9200, 32025178, 1, 0, 0
9300, 24272350, 1, 0, 0
9400, 26174759, 1, 0, 0
9506, 34087587, 1, 0, 0
9600, 20370264, 1, 0, 0
9704, 39326185, 1, 0, 0
9801, 24837900, 1, 0, 0
9902, 22955994, 1, 0, 0
10001, 19663974, 1, 0, 0
10104, 29502157, 1, 0, 0
10201, 22378779, 1, 0, 0
10300, 25532402, 1, 0, 0
10400, 27207641, 1, 0, 0
10502, 27483800, 1, 0, 0
10600, 21816882, 1, 0, 0
10702, 25322165, 1, 0, 0
10801, 33268611, 1, 0, 0
10903, 27214813, 1, 0, 0
11001, 23749327, 1, 0, 0
11101, 19565727, 1, 0, 0
11201, 22051975, 1, 0, 0
11301, 20080477, 1, 0, 0
11402, 22835794, 1, 0, 0
11502, 21593869, 1, 0, 0
11600, 20068494, 1, 0, 0
11703, 21258096, 1, 0, 0
11804, 26547776, 1, 0, 0
11900, 24104913, 1, 0, 0
12000, 30064979, 1, 0, 0
12101, 29546687, 1, 0, 0
12206, 22106957, 1, 0, 0
12317, 34390821, 1, 0, 0
12401, 25486211, 1, 0, 0
12504, 23515207, 1, 0, 0
12601, 23026811, 1, 0, 0
12700, 21779769, 1, 0, 0
12801, 33320521, 1, 0, 0
12901, 23172839, 1, 0, 0
13000, 25557705, 1, 0, 0
13101, 29436101, 1, 0, 0
13201, 22344393, 1, 0, 0
13300, 27031064, 1, 0, 0
13403, 28666066, 1, 0, 0
13501, 24250748, 1, 0, 0
13600, 23108465, 1, 0, 0
13701, 21245917, 1, 0, 0
13803, 23042893, 1, 0, 0
13900, 19564259, 1, 0, 0
14000, 32902084, 1, 0, 0
14101, 40624482, 1, 0, 0
14201, 22148975, 1, 0, 0
14301, 29612549, 1, 0, 0
14400, 17992280, 1, 0, 0
14500, 19767027, 1, 0, 0
14603, 23265352, 1, 0, 0
14706, 23532157, 1, 0, 0
14800, 24327610, 1, 0, 0
14901, 23317906, 1, 0, 0
15003, 24228325, 1, 0, 0
15101, 25495753, 1, 0, 0
15201, 28167789, 1, 0, 0
15300, 28339686, 1, 0, 0
15400, 22508394, 1, 0, 0
15502, 22269150, 1, 0, 0
15601, 23170165, 1, 0, 0
15700, 21763372, 1, 0, 0
15800, 23964790, 1, 0, 0
15900, 21924751, 1, 0, 0
16000, 22914958, 1, 0, 0
16100, 28411413, 1, 0, 0
16201, 29577510, 1, 0, 0
16302, 29809389, 1, 0, 0
16404, 19203404, 1, 0, 0
16501, 24394339, 1, 0, 0
16612, 18582128, 1, 0, 0
16706, 30956240, 1, 0, 0
16801, 27901741, 1, 0, 0
16902, 25902945, 1, 0, 0
17000, 19126684, 1, 0, 0
17102, 21398316, 1, 0, 0
17201, 21524036, 1, 0, 0
17300, 22060062, 1, 0, 0
17404, 24176591, 1, 0, 0
17501, 22549585, 1, 0, 0
17602, 22918981, 1, 0, 0
17700, 22467132, 1, 0, 0
17800, 29898748, 1, 0, 0
17903, 30989273, 1, 0, 0
18002, 30497426, 1, 0, 0
18102, 27725425, 1, 0, 0
18203, 23876203, 1, 0, 0
18301, 28117599, 1, 0, 0
18402, 19476361, 1, 0, 0
18501, 25342825, 1, 0, 0
18601, 22896118, 1, 0, 0
18700, 21812166, 1, 0, 0
18802, 19409266, 1, 0, 0
18900, 21595115, 1, 0, 0
19001, 21411652, 1, 0, 0
19100, 20759936, 1, 0, 0
19204, 21527519, 1, 0, 0
19302, 22161175, 1, 0, 0
19400, 24925530, 1, 0, 0
19503, 25845951, 1, 0, 0
19601, 20968545, 1, 0, 0
19702, 22246267, 1, 0, 0
19802, 23939272, 1, 0, 0
19901, 23689262, 1, 0, 0
20000, 22867830, 1, 0, 0
20105, 25195003, 1, 0, 0
20201, 31572746, 1, 0, 0
20303, 22338755, 1, 0, 0
20402, 25378021, 1, 0, 0
20500, 22523506, 1, 0, 0
20600, 28268000, 1, 0, 0
20702, 21751736, 1, 0, 0
20800, 20579682, 1, 0, 0
20900, 28293884, 1, 0, 0
21006, 23229905, 1, 0, 0
21100, 24702411, 1, 0, 0
21201, 24556932, 1, 0, 0
21303, 18873370, 1, 0, 0
21400, 31261193, 1, 0, 0
21501, 23495131, 1, 0, 0
21600, 24988667, 1, 0, 0
21700, 25956606, 1, 0, 0
21800, 20169058, 1, 0, 0
21901, 18182687, 1, 0, 0
22000, 22999265, 1, 0, 0
22101, 21434864, 1, 0, 0
22200, 19356676, 1, 0, 0
22305, 19689458, 1, 0, 0
22402, 21426142, 1, 0, 0
22503, 19100977, 1, 0, 0
22601, 22662313, 1, 0, 0
22702, 23109426, 1, 0, 0
22800, 30151200, 1, 0, 0
22902, 27656914, 1, 0, 0
23000, 26970203, 1, 0, 0
23100, 22023046, 1, 0, 0
23201, 25663667, 1, 0, 0
23300, 23140310, 1, 0, 0
23402, 34133923, 1, 0, 0
23501, 33886794, 1, 0, 0
23600, 25769516, 1, 0, 0
23703, 19051501, 1, 0, 0
23800, 25261069, 1, 0, 0
23902, 20076667, 1, 0, 0
24000, 25354488, 1, 0, 0
24101, 21465250, 1, 0, 0
24201, 24330724, 1, 0, 0
24301, 28929232, 1, 0, 0
24400, 23655685, 1, 0, 0
24504, 25583984, 1, 0, 0
24600, 31408468, 1, 0, 0
24702, 20898100, 1, 0, 0
24816, 25986771, 1, 0, 0
24904, 33032337, 1, 0, 0
25000, 25738064, 1, 0, 0
25103, 24758437, 1, 0, 0
25201, 26061618, 1, 0, 0
25300, 27744538, 1, 0, 0
25400, 27921412, 1, 0, 0
25517, 31132018, 1, 0, 0
25604, 33307330, 1, 0, 0
25700, 31159440, 1, 0, 0
25804, 23478995, 1, 0, 0
25900, 23900993, 1, 0, 0
26000, 23777889, 1, 0, 0
26104, 22192608, 1, 0, 0
26202, 23761732, 1, 0, 0
26301, 24014476, 1, 0, 0
26401, 20917314, 1, 0, 0
26504, 23329835, 1, 0, 0
26601, 25469679, 1, 0, 0
26700, 27827031, 1, 0, 0
26800, 31694862, 1, 0, 0
26901, 21114435, 1, 0, 0
27003, 30428838, 1, 0, 0
27104, 26671378, 1, 0, 0
27201, 19672327, 1, 0, 0
27300, 20261168, 1, 0, 0
27400, 29509458, 1, 0, 0
27501, 23995717, 1, 0, 0
27601, 22009489, 1, 0, 0
27700, 22252390, 1, 0, 0
27800, 19498696, 1, 0, 0
27906, 22216044, 1, 0, 0
28000, 22920220, 1, 0, 0
28103, 23486217, 1, 0, 0
28202, 23554711, 1, 0, 0
28300, 21675564, 1, 0, 0
28400, 24637886, 1, 0, 0
28500, 23341940, 1, 0, 0
28600, 23126762, 1, 0, 0
28701, 26307044, 1, 0, 0
28800, 22345027, 1, 0, 0
28901, 25135782, 1, 0, 0
29003, 26399909, 1, 0, 0
29100, 23585448, 1, 0, 0
29200, 21129108, 1, 0, 0
29303, 19848332, 1, 0, 0
29402, 20699076, 1, 0, 0
29503, 18324453, 1, 0, 0
29602, 25309105, 1, 0, 0
29700, 24710597, 1, 0, 0
29800, 22428309, 1, 0, 0
29900, 26830133, 1, 0, 0
30002, 22735756, 1, 0, 0
30102, 26990792, 1, 0, 0
30201, 25074332, 1, 0, 0
30300, 25833556, 1, 0, 0
30400, 28504936, 1, 0, 0
30500, 22467805, 1, 0, 0
30602, 22401912, 1, 0, 0
30704, 28514057, 1, 0, 0
30800, 25454689, 1, 0, 0
30901, 21415654, 1, 0, 0
31001, 21796017, 1, 0, 0
31100, 24629348, 1, 0, 0
31200, 19233389, 1, 0, 0
31300, 24598073, 1, 0, 0
31401, 24510682, 1, 0, 0
31501, 22305606, 1, 0, 0
31602, 23404501, 1, 0, 0
31702, 29762990, 1, 0, 0
31801, 19166908, 1, 0, 0
31942, 29845353, 1, 0, 0
32005, 39743321, 1, 0, 0
32102, 32291605, 1, 0, 0
32200, 22286753, 1, 0, 0
32301, 22283621, 1, 0, 0
32400, 24296046, 1, 0, 0
32500, 22235085, 1, 0, 0
32600, 20094253, 1, 0, 0
32700, 16841120, 1, 0, 0
32813, 22402942, 1, 0, 0
32906, 37201662, 1, 0, 0
33002, 47914267, 1, 0, 0
33100, 22432121, 1, 0, 0
33200, 27435299, 1, 0, 0
33302, 21282676, 1, 0, 0
33403, 28896530, 1, 0, 0
33501, 24331290, 1, 0, 0
33600, 29759391, 1, 0, 0
33701, 22481715, 1, 0, 0
33802, 21168091, 1, 0, 0
33900, 20580331, 1, 0, 0
34001, 22845970, 1, 0, 0
34100, 23424641, 1, 0, 0
34201, 24211849, 1, 0, 0
34300, 16058069, 1, 0, 0
34400, 26755641, 1, 0, 0
34500, 17433957, 1, 0, 0
34600, 25405367, 1, 0, 0
34701, 24736904, 1, 0, 0
34801, 27743272, 1, 0, 0
34901, 23093623, 1, 0, 0
35004, 26362728, 1, 0, 0
35100, 18583659, 1, 0, 0
35200, 33120769, 1, 0, 0
35301, 24106966, 1, 0, 0
35400, 41405987, 1, 0, 0
35501, 25425003, 1, 0, 0
35604, 22711990, 1, 0, 0
35700, 19401281, 1, 0, 0
35803, 29388670, 1, 0, 0
35900, 19985389, 1, 0, 0
36001, 23803939, 1, 0, 0
36104, 33743550, 1, 0, 0
36200, 34567709, 1, 0, 0
36301, 23111588, 1, 0, 0
36400, 19645896, 1, 0, 0
36502, 32719460, 1, 0, 0
36600, 28167036, 1, 0, 0
36704, 22114934, 1, 0, 0
36800, 25384781, 1, 0, 0
36901, 23479604, 1, 0, 0
37000, 40854919, 1, 0, 0
37103, 28742249, 1, 0, 0
37200, 44218458, 1, 0, 0
37303, 27541717, 1, 0, 0
37400, 26060654, 1, 0, 0
37500, 27825115, 1, 0, 0
37600, 21720368, 1, 0, 0
37701, 22117116, 1, 0, 0
37800, 21155797, 1, 0, 0
37901, 22786498, 1, 0, 0
38000, 23522390, 1, 0, 0
38100, 23297209, 1, 0, 0
38204, 25308023, 1, 0, 0
38300, 24605077, 1, 0, 0
38401, 21900419, 1, 0, 0
38500, 31066614, 1, 0, 0
38603, 26568222, 1, 0, 0
38700, 21838314, 1, 0, 0
38801, 20858449, 1, 0, 0
38900, 25640228, 1, 0, 0
39000, 24399669, 1, 0, 0
39102, 22014949, 1, 0, 0
39200, 24398072, 1, 0, 0
39300, 21764378, 1, 0, 0
39401, 18043462, 1, 0, 0
39500, 30686646, 1, 0, 0
39600, 27598087, 1, 0, 0
39700, 20422944, 1, 0, 0
39801, 31915570, 1, 0, 0
39904, 24055075, 1, 0, 0
40000, 21519807, 1, 0, 0
40102, 21010439, 1, 0, 0
40201, 24428433, 1, 0, 0
40300, 26414729, 1, 0, 0
40404, 30911825, 1, 0, 0
40500, 24157273, 1, 0, 0
40600, 29873612, 1, 0, 0
40700, 27140565, 1, 0, 0
40803, 29062281, 1, 0, 0
40904, 27880512, 1, 0, 0
41000, 30639149, 1, 0, 0
41102, 21708264, 1, 0, 0
41201, 23496158, 1, 0, 0
41300, 27844137, 1, 0, 0
41401, 22921341, 1, 0, 0
41500, 25556949, 1, 0, 0
41600, 31115639, 1, 0, 0
41702, 19109518, 1, 0, 0
41800, 20176228, 1, 0, 0
41902, 23461629, 1, 0, 0
42002, 26633077, 1, 0, 0
42102, 25474026, 1, 0, 0
42202, 26084047, 1, 0, 0
42300, 22809048, 1, 0, 0
42401, 22415339, 1, 0, 0
42500, 20094361, 1, 0, 0
42600, 23721048, 1, 0, 0
42700, 27084612, 1, 0, 0
42801, 23823304, 1, 0, 0
42901, 21562508, 1, 0, 0
43000, 22979085, 1, 0, 0
43100, 22328931, 1, 0, 0
43202, 21103436, 1, 0, 0
43303, 26625326, 1, 0, 0
43401, 28071113, 1, 0, 0
43500, 24472282, 1, 0, 0
43600, 18440800, 1, 0, 0
43700, 25672894, 1, 0, 0
43801, 21786816, 1, 0, 0
43900, 18264015, 1, 0, 0
44000, 19552887, 1, 0, 0
44101, 21574769, 1, 0, 0
44203, 24510744, 1, 0, 0
44302, 21583606, 1, 0, 0
44402, 24584507, 1, 0, 0
44503, 19736938, 1, 0, 0
44616, 23646087, 1, 0, 0
44704, 32043377, 1, 0, 0
44800, 30888869, 1, 0, 0
44903, 20791116, 1, 0, 0
45003, 25748601, 1, 0, 0
45102, 30043639, 1, 0, 0
45203, 29814577, 1, 0, 0
45300, 33009014, 1, 0, 0
45401, 25416671, 1, 0, 0
45500, 24958753, 1, 0, 0
45603, 18516466, 1, 0, 0
45700, 22015934, 1, 0, 0
45802, 32423584, 1, 0, 0
45905, 28127955, 1, 0, 0
46006, 31070029, 1, 0, 0
46105, 22377166, 1, 0, 0
46202, 27736895, 1, 0, 0
46305, 22858918, 1, 0, 0
46400, 33337220, 1, 0, 0
46501, 24639211, 1, 0, 0
46600, 25978936, 1, 0, 0
46702, 22592857, 1, 0, 0
46801, 27047373, 1, 0, 0
46900, 24362082, 1, 0, 0
47001, 20851860, 1, 0, 0
47100, 20625736, 1, 0, 0
47206, 28419435, 1, 0, 0
47300, 30369992, 1, 0, 0
47401, 18178580, 1, 0, 0
47501, 27859348, 1, 0, 0
47601, 26048669, 1, 0, 0
47701, 26227577, 1, 0, 0
47800, 27763808, 1, 0, 0
47901, 28732451, 1, 0, 0
48001, 22197906, 1, 0, 0
48102, 26157169, 1, 0, 0
48201, 21741519, 1, 0, 0
48305, 23562240, 1, 0, 0
48402, 29760145, 1, 0, 0
48503, 23454235, 1, 0, 0
48600, 21155344, 1, 0, 0
48703, 23000481, 1, 0, 0
48801, 20513203, 1, 0, 0
48902, 21796414, 1, 0, 0
49004, 26688553, 1, 0, 0
49102, 21784227, 1, 0, 0
49202, 22835568, 1, 0, 0
49300, 23514221, 1, 0, 0
49400, 26445088, 1, 0, 0
49500, 25678764, 1, 0, 0
49600, 26945819, 1, 0, 0
49700, 20456789, 1, 0, 0
49804, 27566328, 1, 0, 0
49900, 30823433, 1, 0, 0
50000, 24977333, 1, 0, 0
50101, 23411519, 1, 0, 0
50201, 19434214, 1, 0, 0
50301, 22760325, 1, 0, 0
50400, 28459567, 1, 0, 0
50506, 28830004, 1, 0, 0
50615, 22976697, 1, 0, 0
50700, 25905042, 1, 0, 0
50801, 19730709, 1, 0, 0
50901, 22094342, 1, 0, 0
51001, 22705662, 1, 0, 0
51100, 25683656, 1, 0, 0
51200, 25729645, 1, 0, 0
51306, 25237614, 1, 0, 0
51400, 25916216, 1, 0, 0
51503, 31706304, 1, 0, 0
51602, 25151831, 1, 0, 0
51700, 22649108, 1, 0, 0
51801, 23857476, 1, 0, 0
51903, 20651676, 1, 0, 0
52000, 21992873, 1, 0, 0
52100, 18890992, 1, 0, 0
52200, 31841273, 1, 0, 0
52304, 26765515, 1, 0, 0
52400, 23195731, 1, 0, 0
52501, 25591526, 1, 0, 0
52601, 22905053, 1, 0, 0
52700, 23105759, 1, 0, 0
52800, 25271015, 1, 0, 0
52900, 23370959, 1, 0, 0
53000, 17799331, 1, 0, 0
53102, 18477160, 1, 0, 0
53202, 29950954, 1, 0, 0
53300, 25984231, 1, 0, 0
53400, 19879125, 1, 0, 0
53500, 23485434, 1, 0, 0
53600, 22812708, 1, 0, 0
53701, 23678840, 1, 0, 0
53807, 22296719, 1, 0, 0
53902, 33895912, 1, 0, 0
54002, 30108751, 1, 0, 0
54100, 27473189, 1, 0, 0
54200, 22284327, 1, 0, 0
54300, 25203541, 1, 0, 0
54403, 23160420, 1, 0, 0
54500, 19446618, 1, 0, 0
54600, 21293253, 1, 0, 0
54700, 26969325, 1, 0, 0
54800, 22713247, 1, 0, 0
54900, 22619530, 1, 0, 0
55004, 24502051, 1, 0, 0
55100, 22464001, 1, 0, 0
55200, 25805875, 1, 0, 0
55300, 23554688, 1, 0, 0
55400, 22305967, 1, 0, 0
55500, 21076968, 1, 0, 0
55600, 22887093, 1, 0, 0
55700, 23676919, 1, 0, 0
55803, 21007313, 1, 0, 0
55902, 31896347, 1, 0, 0
56000, 39364486, 1, 0, 0
56101, 25146326, 1, 0, 0
56201, 22591128, 1, 0, 0
56303, 32031286, 1, 0, 0
56405, 28405103, 1, 0, 0
56500, 37386607, 1, 0, 0
56600, 22408999, 1, 0, 0
56701, 20398326, 1, 0, 0
56800, 15955309, 1, 0, 0
56901, 25202296, 1, 0, 0
57001, 31807083, 1, 0, 0
57100, 20060160, 1, 0, 0
57200, 20879135, 1, 0, 0
57300, 26228440, 1, 0, 0
57401, 25934169, 1, 0, 0
57500, 24479298, 1, 0, 0
57600, 19463359, 1, 0, 0
57701, 21966713, 1, 0, 0
57806, 22496766, 1, 0, 0
57901, 28656668, 1, 0, 0
58001, 20344763, 1, 0, 0
58100, 24235520, 1, 0, 0
58200, 24164647, 1, 0, 0
58301, 22575890, 1, 0, 0
58401, 24764564, 1, 0, 0
58504, 20375588, 1, 0, 0
58602, 25108137, 1, 0, 0
58705, 21177454, 1, 0, 0
58800, 27266697, 1, 0, 0
58904, 22072487, 1, 0, 0
59001, 19703823, 1, 0, 0
59101, 22402194, 1, 0, 0
59200, 20590547, 1, 0, 0
59300, 17520175, 1, 0, 0
59404, 21839937, 1, 0, 0
59503, 33377450, 1, 0, 0
59604, 23909184, 1, 0, 0
59702, 23670096, 1, 0, 0
59801, 21949491, 1, 0, 0
59901, 24899998, 1, 0, 0
60002, 19498607, 1, 0, 0
60100, 26664546, 1, 0, 0
60200, 19180185, 1, 0, 0
60302, 24183653, 1, 0, 0
60402, 22270261, 1, 0, 0
60500, 22663664, 1, 0, 0
60600, 22595786, 1, 0, 0
60702, 17937196, 1, 0, 0
60800, 21403178, 1, 0, 0
60904, 19820036, 1, 0, 0
61001, 27069702, 1, 0, 0
61102, 21964242, 1, 0, 0
61202, 28989656, 1, 0, 0
61303, 32021322, 1, 0, 0
61402, 24876351, 1, 0, 0
61500, 23149404, 1, 0, 0
61603, 42529182, 1, 0, 0
61700, 21821772, 1, 0, 0
61800, 21480529, 1, 0, 0
61904, 22225247, 1, 0, 0
62001, 20989426, 1, 0, 0
62100, 16811280, 1, 0, 0
62200, 24363101, 1, 0, 0
62303, 30516512, 1, 0, 0
62413, 24445154, 1, 0, 0
62504, 22712810, 1, 0, 0
62604, 33733767, 1, 0, 0
62700, 20548524, 1, 0, 0
62803, 18143253, 1, 0, 0
62908, 22223850, 1, 0, 0
63004, 19573795, 1, 0, 0
63100, 21682119, 1, 0, 0
63200, 19553318, 1, 0, 0
63300, 18135486, 1, 0, 0
63400, 23307698, 1, 0, 0
63500, 19252232, 1, 0, 0
63601, 25315955, 1, 0, 0
63700, 21939293, 1, 0, 0
63801, 19615940, 1, 0, 0
63900, 25265771, 1, 0, 0
64001, 20427444, 1, 0, 0
64100, 20725784, 1, 0, 0
64202, 19764455, 1, 0, 0
64305, 23701193, 1, 0, 0
64401, 30836269, 1, 0, 0
64503, 33271928, 1, 0, 0
64601, 32392756, 1, 0, 0
64702, 24468587, 1, 0, 0
64800, 19489847, 1, 0, 0
64901, 19475493, 1, 0, 0
65000, 21433490, 1, 0, 0
65100, 21320322, 1, 0, 0
65200, 23360387, 1, 0, 0
65309, 23667757, 1, 0, 0
65402, 31024074, 1, 0, 0
65502, 26697481, 1, 0, 0
65602, 24996479, 1, 0, 0
65704, 37009685, 1, 0, 0
65802, 24379793, 1, 0, 0
65900, 28942312, 1, 0, 0
66000, 25254884, 1, 0, 0
66104, 27329358, 1, 0, 0
66202, 24182893, 1, 0, 0
66301, 19323687, 1, 0, 0
66400, 25766574, 1, 0, 0
66501, 25712369, 1, 0, 0
66603, 18681751, 1, 0, 0
66701, 28500311, 1, 0, 0
66802, 25301348, 1, 0, 0
66900, 23175718, 1, 0, 0
67000, 17691012, 1, 0, 0
67102, 19619754, 1, 0, 0
67201, 23113180, 1, 0, 0
67300, 15788971, 1, 0, 0
67404, 35537059, 1, 0, 0
67500, 29397037, 1, 0, 0
67603, 25859742, 1, 0, 0
67702, 30348821, 1, 0, 0
67801, 29366094, 1, 0, 0
67900, 19947650, 1, 0, 0
68000, 30147089, 1, 0, 0
68100, 24996608, 1, 0, 0
68208, 26901847, 1, 0, 0
68301, 28196204, 1, 0, 0
68400, 34281927, 1, 0, 0
68501, 24513748, 1, 0, 0
68608, 27075755, 1, 0, 0
68700, 33537173, 1, 0, 0
68803, 17120571, 1, 0, 0
68902, 31172707, 1, 0, 0
69000, 18695905, 1, 0, 0
69100, 25702663, 1, 0, 0
69202, 22375614, 1, 0, 0
69300, 34393889, 1, 0, 0
69401, 26886724, 1, 0, 0
69501, 25703639, 1, 0, 0
69601, 24867597, 1, 0, 0
69701, 28115904, 1, 0, 0
69802, 21814301, 1, 0, 0
69903, 22568442, 1, 0, 0
70000, 28363694, 1, 0, 0
70102, 20605490, 1, 0, 0
70200, 28098913, 1, 0, 0
70308, 24241168, 1, 0, 0
70400, 36810020, 1, 0, 0
70500, 25742502, 1, 0, 0
70604, 27877650, 1, 0, 0
70703, 29859381, 1, 0, 0
70800, 34534127, 1, 0, 0
70900, 24039422, 1, 0, 0
71000, 23617095, 1, 0, 0
71100, 14019025, 1, 0, 0
71202, 21624481, 1, 0, 0
71303, 19248812, 1, 0, 0
71400, 21048601, 1, 0, 0
71505, 22662504, 1, 0, 0
71600, 18014850, 1, 0, 0
71701, 17644557, 1, 0, 0
71800, 32270940, 1, 0, 0
71902, 26671686, 1, 0, 0
72000, 22137402, 1, 0, 0
72105, 28134682, 1, 0, 0
72200, 30463463, 1, 0, 0
72300, 29513177, 1, 0, 0
72400, 35373774, 1, 0, 0
72500, 23800414, 1, 0, 0
72600, 21145397, 1, 0, 0
72701, 26976132, 1, 0, 0
72805, 25656601, 1, 0, 0
72900, 27223182, 1, 0, 0
73000, 22751816, 1, 0, 0
73100, 22563809, 1, 0, 0
73200, 25804556, 1, 0, 0
73300, 22418030, 1, 0, 0
73401, 23507822, 1, 0, 0
73500, 27598894, 1, 0, 0
73607, 22135295, 1, 0, 0
73701, 24219418, 1, 0, 0
73800, 25948483, 1, 0, 0
73902, 24715174, 1, 0, 0
74003, 24876297, 1, 0, 0
74100, 22979731, 1, 0, 0
74206, 24427841, 1, 0, 0
74300, 22495193, 1, 0, 0
74401, 22219884, 1, 0, 0
74501, 24294504, 1, 0, 0
74601, 38682000, 1, 0, 0
74701, 20833825, 1, 0, 0
74801, 22974432, 1, 0, 0
74902, 25053569, 1, 0, 0
75000, 21979920, 1, 0, 0
75101, 23423123, 1, 0, 0
75203, 23919198, 1, 0, 0
75300, 20089310, 1, 0, 0
75402, 20950009, 1, 0, 0
75501, 33399973, 1, 0, 0
75600, 18739930, 1, 0, 0
75700, 29858623, 1, 0, 0
75801, 24848740, 1, 0, 0
75903, 51967219, 1, 0, 0
76000, 21938831, 1, 0, 0
76101, 21368224, 1, 0, 0
76200, 25221978, 1, 0, 0
76302, 25261510, 1, 0, 0
76400, 22763153, 1, 0, 0
76501, 23949816, 1, 0, 0
76600, 26660894, 1, 0, 0
76705, 19190992, 1, 0, 0
76801, 24983669, 1, 0, 0
76900, 21107536, 1, 0, 0
77001, 20858359, 1, 0, 0
77102, 23717811, 1, 0, 0
77200, 22413729, 1, 0, 0
77301, 23351116, 1, 0, 0
77401, 22356007, 1, 0, 0
77502, 23021001, 1, 0, 0
77603, 25575883, 1, 0, 0
77700, 27602817, 1, 0, 0
77800, 27881868, 1, 0, 0
77900, 40824234, 1, 0, 0
78000, 24372771, 1, 0, 0
78100, 19614006, 1, 0, 0
78203, 33672353, 1, 0, 0
78303, 29094640, 1, 0, 0
78422, 24288566, 1, 0, 0
78501, 35904626, 1, 0, 0
78602, 25998998, 1, 0, 0
78708, 24033274, 1, 0, 0
78802, 24196049, 1, 0, 0
78900, 27803022, 1, 0, 0
79003, 22161145, 1, 0, 0
79102, 21488868, 1, 0, 0
79201, 20521478, 1, 0, 0
79304, 22999202, 1, 0, 0
79400, 20170434, 1, 0, 0
79509, 23487993, 1, 0, 0
79600, 24697810, 1, 0, 0
79701, 30132547, 1, 0, 0
79800, 26701277, 1, 0, 0
79901, 25087444, 1, 0, 0
80000, 23660210, 1, 0, 0
80100, 20616116, 1, 0, 0
80203, 25734477, 1, 0, 0
80301, 22780298, 1, 0, 0
80400, 30089876, 1, 0, 0
80500, 29356389, 1, 0, 0
80602, 27883386, 1, 0, 0
80700, 26873032, 1, 0, 0
80800, 24198293, 1, 0, 0
80900, 22519967, 1, 0, 0
81000, 24425244, 1, 0, 0
81103, 20910624, 1, 0, 0
81202, 26955544, 1, 0, 0
81300, 22608860, 1, 0, 0
81400, 24138873, 1, 0, 0
81501, 21808694, 1, 0, 0
81600, 24592875, 1, 0, 0
81700, 21799713, 1, 0, 0
81800, 24431827, 1, 0, 0
81901, 22866018, 1, 0, 0
82002, 20992589, 1, 0, 0
82100, 26393656, 1, 0, 0
82201, 18680099, 1, 0, 0
82302, 20243763, 1, 0, 0
82400, 23351085, 1, 0, 0
82501, 20670002, 1, 0, 0
82600, 28846555, 1, 0, 0
82700, 25164968, 1, 0, 0
82802, 30514508, 1, 0, 0
82901, 20611976, 1, 0, 0
83004, 23122521, 1, 0, 0
83101, 22318398, 1, 0, 0
83201, 20487971, 1, 0, 0
83301, 22401215, 1, 0, 0
83400, 25934447, 1, 0, 0
83500, 18619891, 1, 0, 0
83600, 34860109, 1, 0, 0
83700, 20294447, 1, 0, 0
83800, 33456575, 1, 0, 0
83901, 21037917, 1, 0, 0
84004, 20797466, 1, 0, 0
84102, 25429030, 1, 0, 0
84201, 24303015, 1, 0, 0
84302, 22104643, 1, 0, 0
84419, 21034661, 1, 0, 0
84500, 23599960, 1, 0, 0
84601, 21320854, 1, 0, 0
84700, 21218245, 1, 0, 0
84801, 26727165, 1, 0, 0
84900, 22679046, 1, 0, 0
85001, 21277730, 1, 0, 0
85101, 24627447, 1, 0, 0
85200, 22368095, 1, 0, 0
85304, 17765179, 1, 0, 0
85401, 28218077, 1, 0, 0
85502, 20697273, 1, 0, 0
85600, 26086441, 1, 0, 0
85706, 28725914, 1, 0, 0
85803, 21126193, 1, 0, 0
85900, 29455408, 1, 0, 0
86002, 34664043, 1, 0, 0
86100, 31349193, 1, 0, 0
86201, 22386146, 1, 0, 0
86305, 28407138, 1, 0, 0
86400, 27424449, 1, 0, 0
86500, 26298144, 1, 0, 0
86601, 30363906, 1, 0, 0
86700, 24701307, 1, 0, 0
86800, 23595355, 1, 0, 0
86900, 28121432, 1, 0, 0
87000, 18340210, 1, 0, 0
87101, 25233710, 1, 0, 0
87200, 23869477, 1, 0, 0
87303, 21020794, 1, 0, 0
87404, 27891974, 1, 0, 0
87501, 25650596, 1, 0, 0
87601, 24364358, 1, 0, 0
87700, 29855630, 1, 0, 0
87801, 29462527, 1, 0, 0
87901, 22850890, 1, 0, 0
88001, 20395291, 1, 0, 0
88104, 22596186, 1, 0, 0
88202, 27248602, 1, 0, 0
88301, 24524150, 1, 0, 0
88401, 26317820, 1, 0, 0
88500, 23271094, 1, 0, 0
88600, 24173284, 1, 0, 0
88702, 24256186, 1, 0, 0
88800, 26465440, 1, 0, 0
88901, 21724695, 1, 0, 0
89002, 22856977, 1, 0, 0
89100, 22747696, 1, 0, 0
89201, 25476904, 1, 0, 0
89301, 24537999, 1, 0, 0
89402, 27326668, 1, 0, 0
89500, 22350661, 1, 0, 0
89601, 25621097, 1, 0, 0
89700, 19840078, 1, 0, 0
89800, 19976857, 1, 0, 0
89900, 22187733, 1, 0, 0
90000, 18373281, 1, 0, 0
90009, 16452135, 1, 0, 0
