100, 3889950, 1, 0, 0
200, 3803440, 1, 0, 0
300, 3778611, 1, 0, 0
401, 3615649, 1, 0, 0
500, 3403966, 1, 0, 0
600, 4374542, 1, 0, 0
700, 4190480, 1, 0, 0
801, 3464170, 1, 0, 0
901, 4310252, 1, 0, 0
1001, 4685413, 1, 0, 0
1101, 4033073, 1, 0, 0
1202, 4648248, 1, 0, 0
1304, 4304087, 1, 0, 0
1401, 4713002, 1, 0, 0
1502, 4143360, 1, 0, 0
1601, 3755431, 1, 0, 0
1703, 3994386, 1, 0, 0
1801, 4186300, 1, 0, 0
1900, 3564229, 1, 0, 0
2000, 4031279, 1, 0, 0
2101, 3272021, 1, 0, 0
2206, 3989909, 1, 0, 0
2300, 3787007, 1, 0, 0
2401, 3864412, 1, 0, 0
2500, 3860187, 1, 0, 0
2601, 4559526, 1, 0, 0
2700, 3854711, 1, 0, 0
2802, 4069349, 1, 0, 0
2901, 3847296, 1, 0, 0
3001, 3445707, 1, 0, 0
3102, 4021002, 1, 0, 0
3203, 3516750, 1, 0, 0
3300, 4674924, 1, 0, 0
3403, 3680145, 1, 0, 0
3500, 4233905, 1, 0, 0
3600, 3444226, 1, 0, 0
3701, 3361104, 1, 0, 0
3808, 3895867, 1, 0, 0
3900, 7352918, 1, 0, 0
4000, 3965947, 1, 0, 0
4102, 3732806, 1, 0, 0
4201, 3608110, 1, 0, 0
4303, 3693015, 1, 0, 0
4400, 4071681, 1, 0, 0
4500, 4107056, 1, 0, 0
4601, 3575382, 1, 0, 0
4700, 3454400, 1, 0, 0
4800, 4402262, 1, 0, 0
4901, 4171999, 1, 0, 0
5000, 3292634, 1, 0, 0
5101, 3568780, 1, 0, 0
5200, 3621475, 1, 0, 0
5301, 4246537, 1, 0, 0
5401, 4017708, 1, 0, 0
5502, 4498630, 1, 0, 0
5600, 3870724, 1, 0, 0
5702, 3916542, 1, 0, 0
5801, 5210257, 1, 0, 0
5900, 3898360, 1, 0, 0
6002, 3732093, 1, 0, 0
6102, 3580100, 1, 0, 0
6202, 4153646, 1, 0, 0
6301, 4488929, 1, 0, 0
6400, 3830850, 1, 0, 0
6501, 4207173, 1, 0, 0
6600, 3383179, 1, 0, 0
6700, 3367693, 1, 0, 0
6801, 4162896, 1, 0, 0
6901, 3358485, 1, 0, 0
7001, 3714434, 1, 0, 0
7101, 3616508, 1, 0, 0
7200, 3390589, 1, 0, 0
7300, 3753568, 1, 0, 0
7401, 3645352, 1, 0, 0
7500, 3763910, 1, 0, 0
7600, 3500859, 1, 0, 0
7701, 3413246, 1, 0, 0
7801, 3370954, 1, 0, 0
7900, 4019054, 1, 0, 0
8000, 3409137, 1, 0, 0
8101, 3573068, 1, 0, 0
8200, 3477288, 1, 0, 0
8300, 3665903, 1, 0, 0
8400, 3313445, 1, 0, 0
8501, 4137897, 1, 0, 0
8602, 3269967, 1, 0, 0
8700, 3641762, 1, 0, 0
8800, 4251719, 1, 0, 0
8901, 4348409, 1, 0, 0
9000, 3653611, 1, 0, 0
9100, 4018154, 1, 0, 0
9200, 4544533, 1, 0, 0
9302, 4721414, 1, 0, 0
9400, 3739559, 1, 0, 0
9500, 3895257, 1, 0, 0
9601, 3815935, 1, 0, 0
9700, 3747504, 1, 0, 0
9800, 3635668, 1, 0, 0
9902, 3291154, 1, 0, 0
10000, 4260134, 1, 0, 0
10100, 3778404, 1, 0, 0
10200, 3681520, 1, 0, 0
10301, 3221125, 1, 0, 0
10402, 3570717, 1, 0, 0
10500, 4498984, 1, 0, 0
10600, 3716304, 1, 0, 0
10700, 3641849, 1, 0, 0
10802, 3887660, 1, 0, 0
10901, 4136327, 1, 0, 0
11001, 3783357, 1, 0, 0
11100, 3615050, 1, 0, 0
11201, 4227349, 1, 0, 0
11302, 3956824, 1, 0, 0
11403, 4035343, 1, 0, 0
11503, 4862010, 1, 0, 0
11602, 3784101, 1, 0, 0
11700, 4161417, 1, 0, 0
11800, 4876266, 1, 0, 0
11900, 3597004, 1, 0, 0
12000, 12650034, 1, 0, 0
12100, 4170931, 1, 0, 0
12203, 3863707, 1, 0, 0
12301, 4571683, 1, 0, 0
12400, 3100714, 1, 0, 0
12502, 3725681, 1, 0, 0
12601, 3520410, 1, 0, 0
12700, 3920049, 1, 0, 0
12801, 4347359, 1, 0, 0
12902, 3589481, 1, 0, 0
13001, 3311139, 1, 0, 0
13103, 4223547, 1, 0, 0
13202, 3830292, 1, 0, 0
13300, 5175418, 1, 0, 0
13400, 3775184, 1, 0, 0
13501, 3902287, 1, 0, 0
13600, 3688138, 1, 0, 0
13701, 3413045, 1, 0, 0
13800, 3728252, 1, 0, 0
13900, 3627423, 1, 0, 0
14003, 4420590, 1, 0, 0
14102, 4213888, 1, 0, 0
14201, 3892469, 1, 0, 0
14300, 3445318, 1, 0, 0
14400, 4913006, 1, 0, 0
14503, 3372830, 1, 0, 0
14600, 4219899, 1, 0, 0
14702, 3667510, 1, 0, 0
14800, 3764822, 1, 0, 0
14900, 4225629, 1, 0, 0
15001, 3553483, 1, 0, 0
15101, 3898355, 1, 0, 0
15201, 4361753, 1, 0, 0
15303, 4019188, 1, 0, 0
15401, 4446371, 1, 0, 0
15501, 4038198, 1, 0, 0
15600, 4283962, 1, 0, 0
15700, 3530576, 1, 0, 0
15801, 4287270, 1, 0, 0
15901, 3624145, 1, 0, 0
16000, 5741433, 1, 0, 0
16101, 4481070, 1, 0, 0
16200, 3860070, 1, 0, 0
16301, 4474651, 1, 0, 0
16401, 4375952, 1, 0, 0
16500, 3462963, 1, 0, 0
16601, 4297113, 1, 0, 0
16700, 3476914, 1, 0, 0
16802, 4563857, 1, 0, 0
16900, 4455518, 1, 0, 0
17001, 3781510, 1, 0, 0
17100, 4017016, 1, 0, 0
17200, 4099782, 1, 0, 0
17300, 3800720, 1, 0, 0
17402, 4260052, 1, 0, 0
17501, 5573345, 1, 0, 0
17600, 4215538, 1, 0, 0
17701, 3428123, 1, 0, 0
17817, 3505310, 1, 0, 0
17900, 5012016, 1, 0, 0
18000, 3951034, 1, 0, 0
18102, 3792093, 1, 0, 0
18200, 4148801, 1, 0, 0
18300, 3942485, 1, 0, 0
18400, 4330382, 1, 0, 0
18500, 4980930, 1, 0, 0
18601, 4441796, 1, 0, 0
18700, 4908818, 1, 0, 0
18800, 4506571, 1, 0, 0
18901, 3846632, 1, 0, 0
19003, 4341988, 1, 0, 0
19102, 4078273, 1, 0, 0
19203, 3836978, 1, 0, 0
19300, 5107386, 1, 0, 0
19401, 4177648, 1, 0, 0
19500, 5002611, 1, 0, 0
19600, 4139939, 1, 0, 0
19701, 4361286, 1, 0, 0
19802, 3484549, 1, 0, 0
19901, 3258922, 1, 0, 0
20001, 3425440, 1, 0, 0
20100, 5146413, 1, 0, 0
20200, 4322955, 1, 0, 0
20300, 3836040, 1, 0, 0
20401, 4852585, 1, 0, 0
20500, 3106929, 1, 0, 0
20601, 4267844, 1, 0, 0
20701, 4005294, 1, 0, 0
20801, 4111267, 1, 0, 0
20902, 3915301, 1, 0, 0
21001, 4457469, 1, 0, 0
21102, 4442344, 1, 0, 0
21200, 3811141, 1, 0, 0
21301, 3808270, 1, 0, 0
21400, 4327993, 1, 0, 0
21501, 3523076, 1, 0, 0
21600, 3477677, 1, 0, 0
21700, 4668518, 1, 0, 0
21800, 3827988, 1, 0, 0
21902, 5152968, 1, 0, 0
22001, 3728835, 1, 0, 0
22100, 4619628, 1, 0, 0
22200, 4617926, 1, 0, 0
22301, 4142219, 1, 0, 0
22401, 4421624, 1, 0, 0
22500, 3587613, 1, 0, 0
22600, 3596873, 1, 0, 0
22701, 3788625, 1, 0, 0
22800, 3684313, 1, 0, 0
22903, 3650438, 1, 0, 0
23001, 3763201, 1, 0, 0
23102, 3512048, 1, 0, 0
23200, 4468278, 1, 0, 0
23300, 3506058, 1, 0, 0
23400, 3047283, 1, 0, 0
23502, 4597300, 1, 0, 0
23600, 4160174, 1, 0, 0
23701, 3746890, 1, 0, 0
23800, 3428018, 1, 0, 0
23900, 3725147, 1, 0, 0
24000, 3605862, 1, 0, 0
24100, 3832020, 1, 0, 0
24201, 3644543, 1, 0, 0
24302, 3802373, 1, 0, 0
24402, 3586652, 1, 0, 0
24503, 3872795, 1, 0, 0
24600, 3604826, 1, 0, 0
24700, 3774508, 1, 0, 0
24800, 3296425, 1, 0, 0
24900, 3528106, 1, 0, 0
25000, 3927956, 1, 0, 0
25100, 3352805, 1, 0, 0
25202, 3366201, 1, 0, 0
25300, 3620120, 1, 0, 0
25400, 3604077, 1, 0, 0
25500, 3655240, 1, 0, 0
25600, 4341045, 1, 0, 0
25702, 3943009, 1, 0, 0
25800, 4079391, 1, 0, 0
25900, 4154244, 1, 0, 0
26001, 4911552, 1, 0, 0
26101, 3327394, 1, 0, 0
26200, 4951992, 1, 0, 0
26302, 4947569, 1, 0, 0
26400, 4387035, 1, 0, 0
26501, 5867493, 1, 0, 0
26600, 4307270, 1, 0, 0
26701, 3813046, 1, 0, 0
26801, 4630227, 1, 0, 0
26901, 3310137, 1, 0, 0
27001, 3854737, 1, 0, 0
27101, 3838679, 1, 0, 0
27201, 6035571, 1, 0, 0
27302, 4591712, 1, 0, 0
27402, 3698131, 1, 0, 0
27502, 3733642, 1, 0, 0
27600, 4878840, 1, 0, 0
27701, 3899626, 1, 0, 0
27800, 4392420, 1, 0, 0
27900, 3429494, 1, 0, 0
28001, 3973084, 1, 0, 0
28101, 4147115, 1, 0, 0
28202, 3994538, 1, 0, 0
28300, 3665494, 1, 0, 0
28401, 3590508, 1, 0, 0
28502, 4012973, 1, 0, 0
28600, 3453549, 1, 0, 0
28700, 3420688, 1, 0, 0
28804, 4527720, 1, 0, 0
28902, 3917391, 1, 0, 0
29003, 4015672, 1, 0, 0
29104, 4023167, 1, 0, 0
29200, 5938225, 1, 0, 0
29301, 4074872, 1, 0, 0
29401, 3624358, 1, 0, 0
29500, 3536839, 1, 0, 0
29600, 3918281, 1, 0, 0
29700, 4012199, 1, 0, 0
29801, 5013039, 1, 0, 0
29901, 3990077, 1, 0, 0
30000, 4102396, 1, 0, 0
30100, 4088789, 1, 0, 0
30200, 3823704, 1, 0, 0
30300, 3933874, 1, 0, 0
30400, 3544712, 1, 0, 0
30500, 4085165, 1, 0, 0
30600, 3216767, 1, 0, 0
30700, 3841594, 1, 0, 0
30801, 3612287, 1, 0, 0
30900, 3757931, 1, 0, 0
31001, 3546709, 1, 0, 0
31100, 4030900, 1, 0, 0
31201, 4283414, 1, 0, 0
31301, 4251809, 1, 0, 0
31401, 3597103, 1, 0, 0
31500, 4084601, 1, 0, 0
31600, 3862252, 1, 0, 0
31700, 4124400, 1, 0, 0
31802, 3552359, 1, 0, 0
31900, 4601077, 1, 0, 0
32001, 4037237, 1, 0, 0
32100, 4700690, 1, 0, 0
32200, 3733200, 1, 0, 0
32310, 4799868, 1, 0, 0
32401, 3696759, 1, 0, 0
32500, 4348643, 1, 0, 0
32601, 5204168, 1, 0, 0
32701, 3810206, 1, 0, 0
32802, 4284999, 1, 0, 0
32902, 4163033, 1, 0, 0
33011, 3868062, 1, 0, 0
33103, 6193635, 1, 0, 0
33224, 3781722, 1, 0, 0
33300, 5838996, 1, 0, 0
33404, 3754727, 1, 0, 0
33501, 4268415, 1, 0, 0
33601, 4768793, 1, 0, 0
33700, 3430806, 1, 0, 0
33800, 3809588, 1, 0, 0
33901, 3697261, 1, 0, 0
34001, 3613467, 1, 0, 0
34102, 4280868, 1, 0, 0
34200, 3911664, 1, 0, 0
34300, 4050964, 1, 0, 0
34400, 3908886, 1, 0, 0
34500, 4133654, 1, 0, 0
34602, 3638176, 1, 0, 0
34702, 4387298, 1, 0, 0
34800, 3734224, 1, 0, 0
34901, 3466982, 1, 0, 0
35002, 3500075, 1, 0, 0
35101, 3575764, 1, 0, 0
35200, 3522960, 1, 0, 0
35301, 4590393, 1, 0, 0
35402, 4100764, 1, 0, 0
35501, 3763640, 1, 0, 0
35603, 3346354, 1, 0, 0
35702, 4357868, 1, 0, 0
35801, 3778771, 1, 0, 0
35902, 3303585, 1, 0, 0
36000, 4932083, 1, 0, 0
36100, 3235125, 1, 0, 0
36200, 4380316, 1, 0, 0
36301, 3468331, 1, 0, 0
36401, 3994137, 1, 0, 0
36502, 4308460, 1, 0, 0
36600, 3943451, 1, 0, 0
36700, 3783602, 1, 0, 0
36800, 3756902, 1, 0, 0
36900, 4625400, 1, 0, 0
37001, 3733638, 1, 0, 0
37101, 3998408, 1, 0, 0
37200, 3940201, 1, 0, 0
37300, 4122021, 1, 0, 0
37400, 3225802, 1, 0, 0
37500, 4182916, 1, 0, 0
37601, 4258851, 1, 0, 0
37700, 3380082, 1, 0, 0
37802, 3978496, 1, 0, 0
37900, 3882266, 1, 0, 0
38000, 3652599, 1, 0, 0
38100, 4279818, 1, 0, 0
38202, 4126448, 1, 0, 0
38301, 3611527, 1, 0, 0
38401, 3874253, 1, 0, 0
38500, 4503853, 1, 0, 0
38601, 3857854, 1, 0, 0
38701, 3816546, 1, 0, 0
38800, 4051992, 1, 0, 0
38902, 3695758, 1, 0, 0
39000, 4512563, 1, 0, 0
39102, 3792975, 1, 0, 0
39203, 3757332, 1, 0, 0
39300, 6086025, 1, 0, 0
39400, 4400199, 1, 0, 0
39501, 4249465, 1, 0, 0
39600, 4323309, 1, 0, 0
39701, 3681536, 1, 0, 0
39800, 3936383, 1, 0, 0
39900, 4619706, 1, 0, 0
40000, 3807475, 1, 0, 0
40101, 5509447, 1, 0, 0
40200, 3652243, 1, 0, 0
40331, 3843692, 1, 0, 0
40400, 7499497, 1, 0, 0
40501, 4071219, 1, 0, 0
40602, 3827189, 1, 0, 0
40701, 3894768, 1, 0, 0
40800, 3617046, 1, 0, 0
40901, 3923898, 1, 0, 0
41001, 5466376, 1, 0, 0
41100, 4661381, 1, 0, 0
41201, 3658108, 1, 0, 0
41300, 3841188, 1, 0, 0
41401, 4015427, 1, 0, 0
41500, 3760554, 1, 0, 0
41602, 3532756, 1, 0, 0
41700, 3391600, 1, 0, 0
41800, 4747013, 1, 0, 0
41900, 3864486, 1, 0, 0
42001, 5995368, 1, 0, 0
42101, 4410054, 1, 0, 0
42202, 3805383, 1, 0, 0
42300, 4223886, 1, 0, 0
42400, 3667230, 1, 0, 0
42501, 3871602, 1, 0, 0
42600, 4954348, 1, 0, 0
42700, 4552413, 1, 0, 0
42801, 4205851, 1, 0, 0
42900, 3563157, 1, 0, 0
43008, 3585340, 1, 0, 0
43100, 4394658, 1, 0, 0
43201, 3498274, 1, 0, 0
43301, 3422272, 1, 0, 0
43400, 4264887, 1, 0, 0
43500, 3344652, 1, 0, 0
43601, 3639648, 1, 0, 0
43701, 3619527, 1, 0, 0
43802, 4031713, 1, 0, 0
43900, 3457009, 1, 0, 0
44001, 3810649, 1, 0, 0
44100, 3374216, 1, 0, 0
44200, 3741390, 1, 0, 0
44301, 4497771, 1, 0, 0
44401, 4533804, 1, 0, 0
44502, 3426761, 1, 0, 0
44601, 4185176, 1, 0, 0
44703, 4060449, 1, 0, 0
44800, 4040916, 1, 0, 0
44903, 4004423, 1, 0, 0
45000, 3864772, 1, 0, 0
45103, 4507852, 1, 0, 0
45201, 4127799, 1, 0, 0
45302, 4271567, 1, 0, 0
45403, 4939419, 1, 0, 0
45501, 4039170, 1, 0, 0
45600, 3872399, 1, 0, 0
45700, 3498440, 1, 0, 0
45800, 4537487, 1, 0, 0
45901, 4592103, 1, 0, 0
46002, 4492152, 1, 0, 0
46102, 4110898, 1, 0, 0
46200, 4821187, 1, 0, 0
46300, 3595210, 1, 0, 0
46401, 3883047, 1, 0, 0
46500, 6307738, 1, 0, 0
46601, 3766784, 1, 0, 0
46700, 3686033, 1, 0, 0
46801, 3600274, 1, 0, 0
46901, 3568908, 1, 0, 0
47000, 3473476, 1, 0, 0
47100, 4455004, 1, 0, 0
47200, 3785780, 1, 0, 0
47300, 3404408, 1, 0, 0
47400, 4008212, 1, 0, 0
47530, 4230675, 1, 0, 0
47602, 7656916, 1, 0, 0
47700, 3568840, 1, 0, 0
47802, 11096758, 1, 0, 0
47902, 4307332, 1, 0, 0
48000, 4829081, 1, 0, 0
48100, 3432935, 1, 0, 0
48201, 3632324, 1, 0, 0
48302, 3814260, 1, 0, 0
48401, 4143872, 1, 0, 0
48500, 4383654, 1, 0, 0
48602, 3888853, 1, 0, 0
48700, 3712937, 1, 0, 0
48801, 3266766, 1, 0, 0
48900, 3701648, 1, 0, 0
49000, 3676075, 1, 0, 0
49100, 3842351, 1, 0, 0
49201, 4131267, 1, 0, 0
49300, 3643614, 1, 0, 0
49401, 3734298, 1, 0, 0
49501, 3573915, 1, 0, 0
49600, 4032461, 1, 0, 0
49700, 3830381, 1, 0, 0
49802, 4113892, 1, 0, 0
49902, 3726183, 1, 0, 0
50001, 5541612, 1, 0, 0
50102, 3793312, 1, 0, 0
50210, 3715834, 1, 0, 0
50301, 4407595, 1, 0, 0
50400, 3796781, 1, 0, 0
50500, 4208914, 1, 0, 0
50600, 5341734, 1, 0, 0
50700, 4040149, 1, 0, 0
50801, 3581784, 1, 0, 0
50901, 5364693, 1, 0, 0
51001, 3723000, 1, 0, 0
51105, 4520804, 1, 0, 0
51203, 4497117, 1, 0, 0
51300, 4816220, 1, 0, 0
51401, 4990286, 1, 0, 0
51502, 3723939, 1, 0, 0
51600, 5232703, 1, 0, 0
51701, 5059182, 1, 0, 0
51803, 4462817, 1, 0, 0
51900, 3744611, 1, 0, 0
52000, 3411299, 1, 0, 0
52103, 4277146, 1, 0, 0
52202, 4245908, 1, 0, 0
52302, 4123748, 1, 0, 0
52400, 3605808, 1, 0, 0
52500, 4447163, 1, 0, 0
52603, 4570459, 1, 0, 0
52703, 3795567, 1, 0, 0
52800, 4103033, 1, 0, 0
52900, 3840286, 1, 0, 0
53000, 5302925, 1, 0, 0
53100, 3624547, 1, 0, 0
53200, 3864165, 1, 0, 0
53301, 4101987, 1, 0, 0
53400, 3767951, 1, 0, 0
53502, 5001554, 1, 0, 0
53601, 3686759, 1, 0, 0
53702, 4397586, 1, 0, 0
53800, 3888899, 1, 0, 0
53900, 3505166, 1, 0, 0
54001, 3482858, 1, 0, 0
54102, 4646380, 1, 0, 0
54200, 3562359, 1, 0, 0
54300, 3463703, 1, 0, 0
54400, 4329326, 1, 0, 0
54502, 4106107, 1, 0, 0
54601, 4840629, 1, 0, 0
54700, 3665349, 1, 0, 0
54800, 3300450, 1, 0, 0
54901, 5105231, 1, 0, 0
55001, 5240312, 1, 0, 0
55103, 3554138, 1, 0, 0
55200, 4655350, 1, 0, 0
55300, 4344041, 1, 0, 0
55401, 4651733, 1, 0, 0
55500, 4073024, 1, 0, 0
55600, 5109659, 1, 0, 0
55701, 3567268, 1, 0, 0
55801, 3734434, 1, 0, 0
55900, 4181266, 1, 0, 0
56002, 4048597, 1, 0, 0
56102, 4206222, 1, 0, 0
56201, 5316912, 1, 0, 0
56300, 5021305, 1, 0, 0
56400, 4573058, 1, 0, 0
56501, 5334475, 1, 0, 0
56601, 3373316, 1, 0, 0
56704, 3705234, 1, 0, 0
56801, 4731935, 1, 0, 0
56900, 3628764, 1, 0, 0
57000, 4516589, 1, 0, 0
57100, 3753007, 1, 0, 0
57200, 4101557, 1, 0, 0
57303, 4273584, 1, 0, 0
57400, 4724130, 1, 0, 0
57504, 3996662, 1, 0, 0
57600, 4390580, 1, 0, 0
57701, 3735928, 1, 0, 0
57800, 3746613, 1, 0, 0
57900, 3480993, 1, 0, 0
58000, 3734281, 1, 0, 0
58101, 3810466, 1, 0, 0
58200, 5632204, 1, 0, 0
58300, 3233105, 1, 0, 0
58401, 4061493, 1, 0, 0
58500, 3992337, 1, 0, 0
58602, 4602044, 1, 0, 0
58702, 3596891, 1, 0, 0
58800, 3546561, 1, 0, 0
58900, 5198677, 1, 0, 0
59000, 4386857, 1, 0, 0
59100, 3643516, 1, 0, 0
59200, 4280137, 1, 0, 0
59300, 3268539, 1, 0, 0
59400, 3692808, 1, 0, 0
59502, 3575076, 1, 0, 0
59600, 4235925, 1, 0, 0
59700, 3340996, 1, 0, 0
59801, 5891508, 1, 0, 0
59903, 3667055, 1, 0, 0
60001, 4024708, 1, 0, 0
60102, 3983802, 1, 0, 0
60200, 4521544, 1, 0, 0
60300, 4285636, 1, 0, 0
60400, 4654953, 1, 0, 0
60502, 3754801, 1, 0, 0
60601, 4738991, 1, 0, 0
60700, 4871675, 1, 0, 0
60800, 3819684, 1, 0, 0
60900, 3687602, 1, 0, 0
61001, 4009255, 1, 0, 0
61100, 3483935, 1, 0, 0
61200, 3290395, 1, 0, 0
61301, 3395880, 1, 0, 0
61400, 3417566, 1, 0, 0
61500, 3302415, 1, 0, 0
61601, 3514209, 1, 0, 0
61700, 3845956, 1, 0, 0
61812, 3600814, 1, 0, 0
61900, 4314023, 1, 0, 0
62000, 3882348, 1, 0, 0
62101, 4932143, 1, 0, 0
62200, 3632543, 1, 0, 0
62300, 4308395, 1, 0, 0
62401, 3283350, 1, 0, 0
62500, 4158023, 1, 0, 0
62605, 4413418, 1, 0, 0
62701, 5637222, 1, 0, 0
62800, 3682491, 1, 0, 0
62900, 4388075, 1, 0, 0
63002, 3743037, 1, 0, 0
63101, 3720386, 1, 0, 0
63201, 3390997, 1, 0, 0
63302, 4143984, 1, 0, 0
63400, 3072882, 1, 0, 0
63500, 3467525, 1, 0, 0
63604, 5208911, 1, 0, 0
63700, 5884373, 1, 0, 0
63802, 3068273, 1, 0, 0
63900, 3657507, 1, 0, 0
64002, 3969031, 1, 0, 0
64102, 4499956, 1, 0, 0
64202, 4354239, 1, 0, 0
64302, 3530279, 1, 0, 0
64401, 3446312, 1, 0, 0
64501, 3782076, 1, 0, 0
64600, 3461075, 1, 0, 0
64700, 3885782, 1, 0, 0
64800, 3095751, 1, 0, 0
64901, 4305212, 1, 0, 0
65000, 3748774, 1, 0, 0
65102, 3983043, 1, 0, 0
65200, 4723794, 1, 0, 0
65301, 3706710, 1, 0, 0
65401, 3637689, 1, 0, 0
65500, 4353245, 1, 0, 0
65602, 4441957, 1, 0, 0
65700, 4793562, 1, 0, 0
65800, 3675643, 1, 0, 0
65902, 4726082, 1, 0, 0
66000, 3473774, 1, 0, 0
66100, 3374222, 1, 0, 0
66200, 3504052, 1, 0, 0
66300, 3913580, 1, 0, 0
66400, 3724510, 1, 0, 0
66501, 3879422, 1, 0, 0
66601, 3838736, 1, 0, 0
66701, 4275950, 1, 0, 0
66801, 3672552, 1, 0, 0
66900, 4767780, 1, 0, 0
67004, 4687732, 1, 0, 0
67100, 3866373, 1, 0, 0
67201, 3845360, 1, 0, 0
67301, 4288590, 1, 0, 0
67400, 3434850, 1, 0, 0
67501, 3869191, 1, 0, 0
67600, 4687832, 1, 0, 0
67700, 4203791, 1, 0, 0
67800, 4246095, 1, 0, 0
67905, 3819800, 1, 0, 0
68001, 4666693, 1, 0, 0
68101, 3580415, 1, 0, 0
68200, 4049280, 1, 0, 0
68300, 3295651, 1, 0, 0
68400, 3912841, 1, 0, 0
68502, 4464980, 1, 0, 0
68600, 3838971, 1, 0, 0
68700, 4651525, 1, 0, 0
68801, 6666480, 1, 0, 0
68902, 3409442, 1, 0, 0
69000, 3133098, 1, 0, 0
69100, 3158093, 1, 0, 0
69200, 3869100, 1, 0, 0
69302, 4130566, 1, 0, 0
69400, 4117496, 1, 0, 0
69500, 3684467, 1, 0, 0
69603, 4326982, 1, 0, 0
69701, 5060368, 1, 0, 0
69800, 3833571, 1, 0, 0
69901, 3449139, 1, 0, 0
70001, 4559507, 1, 0, 0
70100, 4392409, 1, 0, 0
70200, 3771647, 1, 0, 0
70300, 4744069, 1, 0, 0
70401, 3634204, 1, 0, 0
70501, 4416835, 1, 0, 0
70600, 4025835, 1, 0, 0
70700, 4314678, 1, 0, 0
70801, 4267993, 1, 0, 0
70901, 4426589, 1, 0, 0
71002, 3849562, 1, 0, 0
71102, 4223163, 1, 0, 0
71200, 3350297, 1, 0, 0
71301, 3279857, 1, 0, 0
71400, 3706035, 1, 0, 0
71501, 3899031, 1, 0, 0
71600, 4373744, 1, 0, 0
71701, 4060356, 1, 0, 0
71801, 4261215, 1, 0, 0
71901, 3392045, 1, 0, 0
72000, 3974863, 1, 0, 0
72100, 4163700, 1, 0, 0
72200, 5053851, 1, 0, 0
72300, 4197507, 1, 0, 0
72402, 3839071, 1, 0, 0
72502, 4110675, 1, 0, 0
72600, 3439006, 1, 0, 0
72702, 4377646, 1, 0, 0
72801, 5144035, 1, 0, 0
72901, 3805392, 1, 0, 0
73000, 3340212, 1, 0, 0
73102, 5442280, 1, 0, 0
73200, 3602827, 1, 0, 0
73301, 3821325, 1, 0, 0
73402, 3457227, 1, 0, 0
73500, 3145289, 1, 0, 0
73601, 3196793, 1, 0, 0
73700, 4255331, 1, 0, 0
73801, 4959257, 1, 0, 0
73901, 4550543, 1, 0, 0
74002, 3794211, 1, 0, 0
74100, 5878635, 1, 0, 0
74201, 5245579, 1, 0, 0
74300, 3537379, 1, 0, 0
74401, 5074736, 1, 0, 0
74501, 3533983, 1, 0, 0
74600, 3950459, 1, 0, 0
74702, 6786309, 1, 0, 0
74801, 5479089, 1, 0, 0
74901, 4106087, 1, 0, 0
75000, 3907098, 1, 0, 0
75108, 3179074, 1, 0, 0
75200, 5109342, 1, 0, 0
75300, 4618864, 1, 0, 0
75400, 3596185, 1, 0, 0
75500, 3364082, 1, 0, 0
75601, 3582202, 1, 0, 0
75701, 5470313, 1, 0, 0
75816, 4134942, 1, 0, 0
75902, 7912498, 1, 0, 0
76028, 4124263, 1, 0, 0
76100, 5215948, 1, 0, 0
76201, 4243338, 1, 0, 0
76300, 3343999, 1, 0, 0
76400, 4386432, 1, 0, 0
76501, 4811324, 1, 0, 0
76600, 3472896, 1, 0, 0
76703, 3593517, 1, 0, 0
76840, 4504019, 1, 0, 0
76903, 18622454, 1, 0, 0
77000, 3820389, 1, 0, 0
77100, 5842571, 1, 0, 0
77201, 5685902, 1, 0, 0
77300, 3182285, 1, 0, 0
77400, 4498815, 1, 0, 0
77501, 4468473, 1, 0, 0
77600, 3348243, 1, 0, 0
77702, 7038267, 1, 0, 0
77802, 4493560, 1, 0, 0
77902, 6302152, 1, 0, 0
78000, 5005697, 1, 0, 0
78100, 3286466, 1, 0, 0
78202, 3074935, 1, 0, 0
78301, 4224266, 1, 0, 0
78400, 3761264, 1, 0, 0
78500, 4083071, 1, 0, 0
78601, 3950817, 1, 0, 0
78701, 3298782, 1, 0, 0
78800, 3989519, 1, 0, 0
78915, 3864485, 1, 0, 0
79000, 5876835, 1, 0, 0
79102, 3363815, 1, 0, 0
79200, 4571485, 1, 0, 0
79302, 3567259, 1, 0, 0
79401, 4434252, 1, 0, 0
79503, 3965473, 1, 0, 0
79601, 4362206, 1, 0, 0
79701, 4080528, 1, 0, 0
79803, 5505231, 1, 0, 0
79900, 3649397, 1, 0, 0
80000, 5178681, 1, 0, 0
80101, 3779712, 1, 0, 0
80200, 3781565, 1, 0, 0
80301, 4188516, 1, 0, 0
80402, 3221472, 1, 0, 0
80501, 3558240, 1, 0, 0
80602, 6316646, 1, 0, 0
80700, 5175692, 1, 0, 0
80800, 3239806, 1, 0, 0
80900, 3805092, 1, 0, 0
81002, 5233008, 1, 0, 0
81100, 3548202, 1, 0, 0
81200, 4052297, 1, 0, 0
81301, 4204228, 1, 0, 0
81400, 3731739, 1, 0, 0
81501, 4227397, 1, 0, 0
81600, 4022751, 1, 0, 0
81701, 3927382, 1, 0, 0
81801, 4264732, 1, 0, 0
81901, 4214591, 1, 0, 0
82000, 3968435, 1, 0, 0
82101, 3395336, 1, 0, 0
82200, 4556843, 1, 0, 0
82300, 3976185, 1, 0, 0
82402, 4066991, 1, 0, 0
82501, 3756240, 1, 0, 0
82601, 3606887, 1, 0, 0
82702, 3317445, 1, 0, 0
82800, 3537010, 1, 0, 0
82900, 3840328, 1, 0, 0
83008, 3957838, 1, 0, 0
83101, 3855877, 1, 0, 0
83202, 3776512, 1, 0, 0
83300, 4472434, 1, 0, 0
83402, 3315201, 1, 0, 0
83501, 3440139, 1, 0, 0
83600, 3832771, 1, 0, 0
83701, 3241688, 1, 0, 0
83801, 3672282, 1, 0, 0
83901, 3814193, 1, 0, 0
84000, 3747433, 1, 0, 0
84100, 4228736, 1, 0, 0
84201, 3420411, 1, 0, 0
84301, 3380898, 1, 0, 0
84400, 3876554, 1, 0, 0
84501, 3973875, 1, 0, 0
84602, 3524626, 1, 0, 0
84700, 3605260, 1, 0, 0
84800, 3806791, 1, 0, 0
84900, 3945993, 1, 0, 0
85000, 3594704, 1, 0, 0
85100, 3509644, 1, 0, 0
85203, 3493623, 1, 0, 0
85300, 4055418, 1, 0, 0
85400, 3713296, 1, 0, 0
85501, 3849772, 1, 0, 0
85602, 3721474, 1, 0, 0
85700, 4402157, 1, 0, 0
85814, 3479002, 1, 0, 0
85902, 4120873, 1, 0, 0
86001, 3642411, 1, 0, 0
86101, 4359455, 1, 0, 0
86200, 3768069, 1, 0, 0
86302, 3833376, 1, 0, 0
86400, 3588747, 1, 0, 0
86502, 4646325, 1, 0, 0
86602, 3719300, 1, 0, 0
86700, 4106644, 1, 0, 0
86801, 3346082, 1, 0, 0
86900, 4010647, 1, 0, 0
87002, 4326779, 1, 0, 0
87100, 4656787, 1, 0, 0
87200, 3465555, 1, 0, 0
87300, 4173394, 1, 0, 0
87400, 3875692, 1, 0, 0
87500, 4215444, 1, 0, 0
87602, 4689104, 1, 0, 0
87700, 3638034, 1, 0, 0
87800, 4277827, 1, 0, 0
87901, 3671019, 1, 0, 0
88000, 3582472, 1, 0, 0
88101, 3572679, 1, 0, 0
88200, 4104770, 1, 0, 0
88300, 4649613, 1, 0, 0
88400, 3785220, 1, 0, 0
88500, 3558392, 1, 0, 0
88600, 3900303, 1, 0, 0
88701, 3413494, 1, 0, 0
88800, 3509478, 1, 0, 0
88902, 3329615, 1, 0, 0
89000, 3846682, 1, 0, 0
89140, 4946614, 1, 0, 0
89201, 6845847, 1, 0, 0
89301, 3788267, 1, 0, 0
89401, 3732512, 1, 0, 0
89500, 3944815, 1, 0, 0
89602, 3588457, 1, 0, 0
89700, 4148069, 1, 0, 0
89802, 3508979, 1, 0, 0
89902, 3907271, 1, 0, 0
90001, 3616315, 1, 0, 0
90002, 4201574, 1, 0, 0
