250, 1024, 0, 0, 0
350, 1070, 0, 0, 0
450, 1030, 0, 0, 0
550, 1060, 0, 0, 0
650, 1020, 0, 0, 0
749, 1000, 0, 0, 0
849, 1030, 0, 0, 0
949, 1000, 0, 0, 0
1049, 1010, 0, 0, 0
1149, 1100, 0, 0, 0
1249, 1020, 0, 0, 0
1349, 1040, 0, 0, 0
1449, 990, 0, 0, 0
1549, 1020, 0, 0, 0
1649, 1030, 0, 0, 0
1750, 1060, 0, 0, 0
1850, 1050, 0, 0, 0
1950, 1010, 0, 0, 0
2050, 950, 0, 0, 0
2150, 980, 0, 0, 0
2249, 1010, 0, 0, 0
2349, 990, 0, 0, 0
2449, 1020, 0, 0, 0
2549, 960, 0, 0, 0
2649, 1010, 0, 0, 0
2749, 980, 0, 0, 0
2849, 960, 0, 0, 0
2949, 1030, 0, 0, 0
3049, 970, 0, 0, 0
3149, 1000, 0, 0, 0
3249, 930, 0, 0, 0
3349, 950, 0, 0, 0
3449, 1020, 0, 0, 0
3550, 930, 0, 0, 0
3650, 980, 0, 0, 0
3749, 969, 0, 0, 0
3849, 980, 0, 0, 0
3949, 990, 0, 0, 0
4049, 1040, 0, 0, 0
4149, 980, 0, 0, 0
4249, 990, 0, 0, 0
4349, 990, 0, 0, 0
4449, 1020, 0, 0, 0
4549, 990, 0, 0, 0
4649, 970, 0, 0, 0
4749, 1050, 0, 0, 0
4849, 1010, 0, 0, 0
4949, 970, 0, 0, 0
5049, 1030, 0, 0, 0
5149, 1010, 0, 0, 0
5250, 980, 0, 0, 0
5350, 950, 0, 0, 0
5450, 930, 0, 0, 0
5550, 960, 0, 0, 0
5650, 1050, 0, 0, 0
5749, 868, 0, 0, 0
5849, 960, 0, 0, 0
5949, 950, 0, 0, 0
6049, 910, 0, 0, 0
6149, 1010, 0, 0, 0
6249, 970, 0, 0, 0
6349, 1000, 0, 0, 0
6449, 1010, 0, 0, 0
6549, 940, 0, 0, 0
6649, 1030, 0, 0, 0
6749, 1020, 0, 0, 0
6849, 1030, 0, 0, 0
6950, 1010, 0, 0, 0
7050, 920, 0, 0, 0
7150, 940, 0, 0, 0
7249, 979, 0, 0, 0
7349, 1010, 0, 0, 0
7449, 1010, 0, 0, 0
7549, 1080, 0, 0, 0
7649, 970, 0, 0, 0
7749, 1010, 0, 0, 0
7849, 970, 0, 0, 0
7949, 960, 0, 0, 0
8049, 960, 0, 0, 0
8149, 990, 0, 0, 0
8249, 940, 0, 0, 0
8349, 980, 0, 0, 0
8449, 900, 0, 0, 0
8549, 970, 0, 0, 0
8650, 940, 0, 0, 0
8749, 979, 0, 0, 0
8849, 970, 0, 0, 0
8949, 970, 0, 0, 0
9049, 990, 0, 0, 0
9149, 1010, 0, 0, 0
9249, 1030, 0, 0, 0
9349, 1020, 0, 0, 0
9449, 960, 0, 0, 0
9549, 940, 0, 0, 0
9649, 980, 0, 0, 0
9749, 990, 0, 0, 0
9849, 1010, 0, 0, 0
9949, 1010, 0, 0, 0
10049, 980, 0, 0, 0
10149, 950, 0, 0, 0
10250, 970, 0, 0, 0
10350, 940, 0, 0, 0
10450, 1010, 0, 0, 0
10550, 1010, 0, 0, 0
10650, 1020, 0, 0, 0
10749, 1050, 0, 0, 0
10849, 980, 0, 0, 0
10949, 970, 0, 0, 0
11049, 970, 0, 0, 0
11149, 990, 0, 0, 0
11249, 1000, 0, 0, 0
11349, 930, 0, 0, 0
11449, 990, 0, 0, 0
11549, 1040, 0, 0, 0
11649, 1010, 0, 0, 0
11750, 940, 0, 0, 0
11850, 960, 0, 0, 0
11950, 1030, 0, 0, 0
12050, 1000, 0, 0, 0
12150, 990, 0, 0, 0
12249, 949, 0, 0, 0
12349, 1020, 0, 0, 0
12449, 1020, 0, 0, 0
12549, 980, 0, 0, 0
12649, 1040, 0, 0, 0
12749, 1090, 0, 0, 0
12849, 1000, 0, 0, 0
12949, 960, 0, 0, 0
13050, 1000, 0, 0, 0
13150, 940, 0, 0, 0
13249, 989, 0, 0, 0
13349, 980, 0, 0, 0
13449, 1000, 0, 0, 0
13549, 980, 0, 0, 0
13649, 1050, 0, 0, 0
13749, 1040, 0, 0, 0
13849, 1060, 0, 0, 0
13949, 1020, 0, 0, 0
14049, 1010, 0, 0, 0
14149, 1000, 0, 0, 0
14250, 1010, 0, 0, 0
14350, 980, 0, 0, 0
14450, 970, 0, 0, 0
14550, 920, 0, 0, 0
14650, 1000, 0, 0, 0
14749, 1060, 0, 0, 0
14849, 1100, 0, 0, 0
14949, 980, 0, 0, 0
15049, 1010, 0, 0, 0
15149, 990, 0, 0, 0
15249, 990, 0, 0, 0
15349, 980, 0, 0, 0
15449, 1050, 0, 0, 0
15550, 1040, 0, 0, 0
15650, 970, 0, 0, 0
15749, 1070, 0, 0, 0
15849, 950, 0, 0, 0
15949, 970, 0, 0, 0
16049, 1020, 0, 0, 0
16149, 990, 0, 0, 0
16249, 1050, 0, 0, 0
16349, 1040, 0, 0, 0
16449, 1080, 0, 0, 0
16549, 1000, 0, 0, 0
16649, 1000, 0, 0, 0
16749, 990, 0, 0, 0
16849, 1010, 0, 0, 0
16949, 1030, 0, 0, 0
17049, 1010, 0, 0, 0
17150, 980, 0, 0, 0
17250, 1010, 0, 0, 0
17350, 940, 0, 0, 0
17450, 1020, 0, 0, 0
17550, 1070, 0, 0, 0
17650, 950, 0, 0, 0
17749, 1080, 0, 0, 0
17849, 990, 0, 0, 0
17949, 950, 0, 0, 0
18049, 970, 0, 0, 0
18149, 990, 0, 0, 0
18249, 1040, 0, 0, 0
18349, 990, 0, 0, 0
18449, 970, 0, 0, 0
18549, 1020, 0, 0, 0
18649, 1040, 0, 0, 0
18750, 1000, 0, 0, 0
18850, 1010, 0, 0, 0
18950, 1010, 0, 0, 0
19050, 1020, 0, 0, 0
19150, 990, 0, 0, 0
19249, 959, 0, 0, 0
19349, 1010, 0, 0, 0
19449, 950, 0, 0, 0
19549, 980, 0, 0, 0
19649, 1030, 0, 0, 0
19749, 980, 0, 0, 0
19849, 1000, 0, 0, 0
19949, 920, 0, 0, 0
20049, 970, 0, 0, 0
20150, 960, 0, 0, 0
20250, 1030, 0, 0, 0
20350, 1010, 0, 0, 0
20450, 950, 0, 0, 0
20550, 1030, 0, 0, 0
20650, 1010, 0, 0, 0
20749, 969, 0, 0, 0
20849, 990, 0, 0, 0
20949, 1000, 0, 0, 0
21049, 1040, 0, 0, 0
21149, 940, 0, 0, 0
21249, 1010, 0, 0, 0
21349, 1090, 0, 0, 0
21449, 1000, 0, 0, 0
21549, 1000, 0, 0, 0
21649, 990, 0, 0, 0
21750, 890, 0, 0, 0
21850, 1010, 0, 0, 0
21950, 1000, 0, 0, 0
22050, 960, 0, 0, 0
22150, 1030, 0, 0, 0
22249, 1060, 0, 0, 0
22349, 970, 0, 0, 0
22449, 1000, 0, 0, 0
22549, 1020, 0, 0, 0
22649, 970, 0, 0, 0
22749, 950, 0, 0, 0
22849, 1000, 0, 0, 0
22949, 1010, 0, 0, 0
23049, 930, 0, 0, 0
23149, 1010, 0, 0, 0
23250, 1010, 0, 0, 0
23350, 960, 0, 0, 0
23450, 980, 0, 0, 0
23550, 1010, 0, 0, 0
23650, 960, 0, 0, 0
23749, 939, 0, 0, 0
23849, 1060, 0, 0, 0
23949, 1040, 0, 0, 0
24049, 970, 0, 0, 0
24149, 1040, 0, 0, 0
24249, 980, 0, 0, 0
24349, 1040, 0, 0, 0
24449, 1020, 0, 0, 0
24549, 1050, 0, 0, 0
24649, 1010, 0, 0, 0
24749, 1020, 0, 0, 0
24849, 980, 0, 0, 0
24949, 1040, 0, 0, 0
25050, 1020, 0, 0, 0
25150, 1010, 0, 0, 0
25249, 1070, 0, 0, 0
25349, 1080, 0, 0, 0
25449, 1030, 0, 0, 0
25549, 1030, 0, 0, 0
25649, 1050, 0, 0, 0
25749, 1050, 0, 0, 0
25849, 1010, 0, 0, 0
25949, 1000, 0, 0, 0
26049, 980, 0, 0, 0
26149, 990, 0, 0, 0
26249, 1050, 0, 0, 0
26349, 980, 0, 0, 0
26449, 970, 0, 0, 0
26549, 1070, 0, 0, 0
26650, 1060, 0, 0, 0
26749, 1080, 0, 0, 0
26849, 1060, 0, 0, 0
26949, 1000, 0, 0, 0
27049, 1080, 0, 0, 0
27149, 970, 0, 0, 0
27249, 1060, 0, 0, 0
27349, 1000, 0, 0, 0
27449, 960, 0, 0, 0
27549, 970, 0, 0, 0
27649, 930, 0, 0, 0
27749, 1030, 0, 0, 0
27849, 1010, 0, 0, 0
27949, 1110, 0, 0, 0
28049, 930, 0, 0, 0
28149, 970, 0, 0, 0
28249, 1050, 0, 0, 0
28349, 1020, 0, 0, 0
28449, 1040, 0, 0, 0
28550, 1070, 0, 0, 0
28650, 1000, 0, 0, 0
28749, 1010, 0, 0, 0
28849, 1010, 0, 0, 0
28949, 1020, 0, 0, 0
29049, 1040, 0, 0, 0
29149, 950, 0, 0, 0
29249, 1070, 0, 0, 0
29349, 1020, 0, 0, 0
29449, 950, 0, 0, 0
29549, 1000, 0, 0, 0
29649, 1050, 0, 0, 0
29749, 1030, 0, 0, 0
29849, 1060, 0, 0, 0
29949, 1050, 0, 0, 0
30049, 1110, 0, 0, 0
30149, 1050, 0, 0, 0
30250, 990, 0, 0, 0
30350, 1050, 0, 0, 0
30450, 1010, 0, 0, 0
30550, 1010, 0, 0, 0
30650, 1110, 0, 0, 0
30749, 1020, 0, 0, 0
30849, 1000, 0, 0, 0
30949, 990, 0, 0, 0
31049, 1020, 0, 0, 0
31149, 1010, 0, 0, 0
31249, 1000, 0, 0, 0
31349, 990, 0, 0, 0
31449, 1020, 0, 0, 0
31549, 1010, 0, 0, 0
31649, 1000, 0, 0, 0
31749, 1000, 0, 0, 0
31849, 1060, 0, 0, 0
31949, 920, 0, 0, 0
32050, 1000, 0, 0, 0
32150, 990, 0, 0, 0
32249, 898, 0, 0, 0
32349, 1020, 0, 0, 0
32449, 1050, 0, 0, 0
32549, 1000, 0, 0, 0
32649, 970, 0, 0, 0
32749, 1010, 0, 0, 0
32849, 980, 0, 0, 0
32949, 980, 0, 0, 0
33049, 1070, 0, 0, 0
33149, 1070, 0, 0, 0
33249, 990, 0, 0, 0
33349, 1000, 0, 0, 0
33449, 990, 0, 0, 0
33549, 990, 0, 0, 0
33650, 990, 0, 0, 0
33749, 1070, 0, 0, 0
33849, 930, 0, 0, 0
33949, 1000, 0, 0, 0
34049, 1010, 0, 0, 0
34149, 960, 0, 0, 0
34249, 980, 0, 0, 0
34349, 1020, 0, 0, 0
34449, 980, 0, 0, 0
34549, 990, 0, 0, 0
34649, 970, 0, 0, 0
34749, 1040, 0, 0, 0
34849, 1010, 0, 0, 0
34949, 1060, 0, 0, 0
35049, 1030, 0, 0, 0
35149, 1000, 0, 0, 0
35250, 970, 0, 0, 0
35350, 1010, 0, 0, 0
35450, 1030, 0, 0, 0
35550, 940, 0, 0, 0
35650, 1020, 0, 0, 0
35749, 1040, 0, 0, 0
35849, 1070, 0, 0, 0
35949, 1070, 0, 0, 0
36049, 1000, 0, 0, 0
36149, 1090, 0, 0, 0
36249, 1040, 0, 0, 0
36349, 980, 0, 0, 0
36449, 1020, 0, 0, 0
36549, 1000, 0, 0, 0
36649, 1020, 0, 0, 0
36749, 1040, 0, 0, 0
36849, 1020, 0, 0, 0
36950, 1050, 0, 0, 0
37050, 950, 0, 0, 0
37150, 1020, 0, 0, 0
37249, 1050, 0, 0, 0
37349, 1030, 0, 0, 0
37449, 1020, 0, 0, 0
37549, 1000, 0, 0, 0
37649, 1120, 0, 0, 0
37749, 1030, 0, 0, 0
37849, 1020, 0, 0, 0
37949, 1040, 0, 0, 0
38049, 960, 0, 0, 0
38149, 1020, 0, 0, 0
38249, 1050, 0, 0, 0
38349, 1090, 0, 0, 0
38450, 1050, 0, 0, 0
38550, 1050, 0, 0, 0
38650, 1070, 0, 0, 0
38749, 1090, 0, 0, 0
38849, 1070, 0, 0, 0
38949, 1050, 0, 0, 0
39049, 1000, 0, 0, 0
39149, 1010, 0, 0, 0
39249, 1010, 0, 0, 0
39349, 1010, 0, 0, 0
39449, 1010, 0, 0, 0
39549, 1080, 0, 0, 0
39649, 1010, 0, 0, 0
39749, 910, 0, 0, 0
39849, 1090, 0, 0, 0
39949, 1030, 0, 0, 0
40049, 1000, 0, 0, 0
40149, 1080, 0, 0, 0
40249, 1030, 0, 0, 0
40350, 990, 0, 0, 0
40450, 1010, 0, 0, 0
40550, 1000, 0, 0, 0
40650, 1000, 0, 0, 0
40749, 1010, 0, 0, 0
40849, 1060, 0, 0, 0
40949, 1100, 0, 0, 0
41049, 970, 0, 0, 0
41149, 1020, 0, 0, 0
41249, 1050, 0, 0, 0
41349, 1090, 0, 0, 0
41449, 1030, 0, 0, 0
41549, 1020, 0, 0, 0
41649, 1000, 0, 0, 0
41749, 970, 0, 0, 0
41849, 1060, 0, 0, 0
41949, 1060, 0, 0, 0
42049, 1070, 0, 0, 0
42149, 1010, 0, 0, 0
42249, 1050, 0, 0, 0
42350, 1000, 0, 0, 0
42450, 1010, 0, 0, 0
42550, 1000, 0, 0, 0
42650, 1040, 0, 0, 0
42749, 1050, 0, 0, 0
42849, 1000, 0, 0, 0
42949, 1060, 0, 0, 0
43049, 1010, 0, 0, 0
43149, 1040, 0, 0, 0
43249, 1020, 0, 0, 0
43349, 1020, 0, 0, 0
43449, 970, 0, 0, 0
43549, 1050, 0, 0, 0
43649, 990, 0, 0, 0
43749, 1050, 0, 0, 0
43849, 990, 0, 0, 0
43949, 1000, 0, 0, 0
44049, 960, 0, 0, 0
44149, 1050, 0, 0, 0
44249, 1070, 0, 0, 0
44349, 1000, 0, 0, 0
44450, 1000, 0, 0, 0
44550, 1090, 0, 0, 0
44650, 1020, 0, 0, 0
44749, 1111, 0, 0, 0
44849, 1030, 0, 0, 0
44949, 970, 0, 0, 0
45049, 1020, 0, 0, 0
45149, 1050, 0, 0, 0
45249, 1110, 0, 0, 0
45349, 1160, 0, 0, 0
45449, 1080, 0, 0, 0
45549, 1060, 0, 0, 0
45649, 1060, 0, 0, 0
45749, 1090, 0, 0, 0
45849, 990, 0, 0, 0
45949, 1050, 0, 0, 0
46049, 1060, 0, 0, 0
46149, 1020, 0, 0, 0
46249, 960, 0, 0, 0
46349, 1070, 0, 0, 0
46450, 970, 0, 0, 0
46550, 1050, 0, 0, 0
46650, 1020, 0, 0, 0
46749, 989, 0, 0, 0
46849, 1030, 0, 0, 0
46949, 1060, 0, 0, 0
47049, 1010, 0, 0, 0
47149, 990, 0, 0, 0
47249, 970, 0, 0, 0
47349, 1000, 0, 0, 0
47449, 1100, 0, 0, 0
47549, 1010, 0, 0, 0
47649, 1060, 0, 0, 0
47749, 990, 0, 0, 0
47849, 1040, 0, 0, 0
47949, 1040, 0, 0, 0
48049, 970, 0, 0, 0
48149, 1060, 0, 0, 0
48250, 1020, 0, 0, 0
48350, 1060, 0, 0, 0
48450, 1120, 0, 0, 0
48550, 1030, 0, 0, 0
48650, 980, 0, 0, 0
48749, 1060, 0, 0, 0
48849, 1040, 0, 0, 0
48949, 1020, 0, 0, 0
49049, 1050, 0, 0, 0
49149, 1010, 0, 0, 0
49249, 1030, 0, 0, 0
49349, 1050, 0, 0, 0
49449, 1000, 0, 0, 0
49549, 960, 0, 0, 0
49649, 1010, 0, 0, 0
49749, 990, 0, 0, 0
49849, 1090, 0, 0, 0
49949, 1010, 0, 0, 0
50049, 980, 0, 0, 0
50150, 1080, 0, 0, 0
50250, 1030, 0, 0, 0
50350, 1110, 0, 0, 0
50450, 1140, 0, 0, 0
50550, 1080, 0, 0, 0
50650, 1090, 0, 0, 0
50749, 1000, 0, 0, 0
50849, 1050, 0, 0, 0
50949, 1020, 0, 0, 0
51049, 1090, 0, 0, 0
51149, 1020, 0, 0, 0
51249, 1030, 0, 0, 0
51349, 1070, 0, 0, 0
51449, 1020, 0, 0, 0
51549, 1060, 0, 0, 0
51649, 1050, 0, 0, 0
51749, 1060, 0, 0, 0
51849, 1080, 0, 0, 0
51949, 1060, 0, 0, 0
52050, 950, 0, 0, 0
52150, 1080, 0, 0, 0
52249, 1070, 0, 0, 0
52349, 990, 0, 0, 0
52449, 1030, 0, 0, 0
52549, 1040, 0, 0, 0
52649, 1060, 0, 0, 0
52749, 1050, 0, 0, 0
52849, 1020, 0, 0, 0
52949, 1030, 0, 0, 0
53049, 1130, 0, 0, 0
53149, 1100, 0, 0, 0
53249, 1090, 0, 0, 0
53349, 1020, 0, 0, 0
53449, 1050, 0, 0, 0
53549, 1010, 0, 0, 0
53649, 1040, 0, 0, 0
53750, 1080, 0, 0, 0
53850, 940, 0, 0, 0
53950, 1070, 0, 0, 0
54050, 1080, 0, 0, 0
54150, 980, 0, 0, 0
54249, 1030, 0, 0, 0
54349, 1050, 0, 0, 0
54449, 1000, 0, 0, 0
54549, 1000, 0, 0, 0
54649, 1100, 0, 0, 0
54749, 1060, 0, 0, 0
54849, 1110, 0, 0, 0
54949, 980, 0, 0, 0
55049, 1040, 0, 0, 0
55149, 970, 0, 0, 0
55249, 1010, 0, 0, 0
55349, 1000, 0, 0, 0
55449, 1080, 0, 0, 0
55550, 980, 0, 0, 0
55650, 1060, 0, 0, 0
55749, 1030, 0, 0, 0
55849, 980, 0, 0, 0
55949, 960, 0, 0, 0
56049, 1100, 0, 0, 0
56149, 1100, 0, 0, 0
56249, 1090, 0, 0, 0
56349, 1160, 0, 0, 0
56449, 1020, 0, 0, 0
56549, 990, 0, 0, 0
56649, 1010, 0, 0, 0
56749, 1170, 0, 0, 0
56849, 970, 0, 0, 0
56949, 1080, 0, 0, 0
57049, 990, 0, 0, 0
57149, 1060, 0, 0, 0
57249, 1090, 0, 0, 0
57349, 1030, 0, 0, 0
57449, 1080, 0, 0, 0
57550, 1010, 0, 0, 0
57650, 1060, 0, 0, 0
57749, 1030, 0, 0, 0
57849, 1070, 0, 0, 0
57949, 1050, 0, 0, 0
58049, 1050, 0, 0, 0
58149, 1100, 0, 0, 0
58249, 1090, 0, 0, 0
58349, 1070, 0, 0, 0
58449, 1030, 0, 0, 0
58549, 1110, 0, 0, 0
58649, 1060, 0, 0, 0
58749, 1030, 0, 0, 0
58849, 1150, 0, 0, 0
58949, 1150, 0, 0, 0
59049, 1070, 0, 0, 0
59149, 1090, 0, 0, 0
59249, 980, 0, 0, 0
59349, 1170, 0, 0, 0
59450, 1020, 0, 0, 0
59550, 1100, 0, 0, 0
59650, 1090, 0, 0, 0
59749, 1101, 0, 0, 0
59849, 1020, 0, 0, 0
59949, 1040, 0, 0, 0
