250, 139264, 0, 0, 0
350, 138240, 0, 0, 0
450, 179200, 0, 0, 0
550, 125440, 0, 0, 0
650, 168960, 0, 0, 0
749, 168080, 0, 0, 0
849, 161280, 0, 0, 0
949, 168960, 0, 0, 0
1049, 161280, 0, 0, 0
1149, 151040, 0, 0, 0
1249, 168960, 0, 0, 0
1349, 112640, 0, 0, 0
1450, 171520, 0, 0, 0
1550, 161280, 0, 0, 0
1650, 145920, 0, 0, 0
1749, 162909, 0, 0, 0
1849, 153600, 0, 0, 0
1949, 174080, 0, 0, 0
2049, 163840, 0, 0, 0
2149, 171520, 0, 0, 0
2249, 163840, 0, 0, 0
2349, 145920, 0, 0, 0
2449, 171520, 0, 0, 0
2549, 171520, 0, 0, 0
2649, 156160, 0, 0, 0
2749, 166400, 0, 0, 0
2849, 143360, 0, 0, 0
2949, 181760, 0, 0, 0
3050, 176640, 0, 0, 0
3150, 158720, 0, 0, 0
3249, 157737, 0, 0, 0
3349, 176640, 0, 0, 0
3449, 168960, 0, 0, 0
3549, 166400, 0, 0, 0
3649, 171520, 0, 0, 0
3749, 174080, 0, 0, 0
3849, 171520, 0, 0, 0
3949, 171520, 0, 0, 0
4049, 171520, 0, 0, 0
4149, 161280, 0, 0, 0
4249, 158720, 0, 0, 0
4349, 171520, 0, 0, 0
4449, 171520, 0, 0, 0
4550, 174080, 0, 0, 0
4650, 174080, 0, 0, 0
4749, 175838, 0, 0, 0
4849, 179200, 0, 0, 0
4949, 174080, 0, 0, 0
5049, 174080, 0, 0, 0
5149, 179200, 0, 0, 0
5249, 171520, 0, 0, 0
5349, 176640, 0, 0, 0
5449, 174080, 0, 0, 0
5549, 184320, 0, 0, 0
5649, 176640, 0, 0, 0
5749, 174080, 0, 0, 0
5850, 179200, 0, 0, 0
5950, 176640, 0, 0, 0
6050, 174080, 0, 0, 0
6150, 176640, 0, 0, 0
6249, 170666, 0, 0, 0
6349, 176640, 0, 0, 0
6449, 174080, 0, 0, 0
6549, 176640, 0, 0, 0
6649, 171520, 0, 0, 0
6749, 176640, 0, 0, 0
6849, 174080, 0, 0, 0
6949, 176640, 0, 0, 0
7050, 181760, 0, 0, 0
7150, 168960, 0, 0, 0
7249, 178424, 0, 0, 0
7349, 184320, 0, 0, 0
7449, 176640, 0, 0, 0
7549, 176640, 0, 0, 0
7649, 176640, 0, 0, 0
7749, 176640, 0, 0, 0
7849, 176640, 0, 0, 0
7949, 174080, 0, 0, 0
8049, 174080, 0, 0, 0
8149, 171520, 0, 0, 0
8249, 174080, 0, 0, 0
8349, 184320, 0, 0, 0
8449, 176640, 0, 0, 0
8550, 174080, 0, 0, 0
8650, 168960, 0, 0, 0
8749, 178424, 0, 0, 0
8849, 176640, 0, 0, 0
8949, 179200, 0, 0, 0
9049, 171520, 0, 0, 0
9149, 171520, 0, 0, 0
9249, 174080, 0, 0, 0
9349, 179200, 0, 0, 0
9449, 171520, 0, 0, 0
9549, 176640, 0, 0, 0
9649, 174080, 0, 0, 0
9749, 168960, 0, 0, 0
9849, 171520, 0, 0, 0
9949, 179200, 0, 0, 0
10050, 176640, 0, 0, 0
10150, 176640, 0, 0, 0
10249, 175838, 0, 0, 0
10349, 174080, 0, 0, 0
10449, 176640, 0, 0, 0
10549, 174080, 0, 0, 0
10649, 166400, 0, 0, 0
10749, 174080, 0, 0, 0
10849, 174080, 0, 0, 0
10949, 174080, 0, 0, 0
11049, 166400, 0, 0, 0
11149, 176640, 0, 0, 0
11249, 174080, 0, 0, 0
11349, 174080, 0, 0, 0
11449, 181760, 0, 0, 0
11550, 176640, 0, 0, 0
11650, 179200, 0, 0, 0
11749, 173252, 0, 0, 0
11849, 176640, 0, 0, 0
11949, 176640, 0, 0, 0
12049, 181760, 0, 0, 0
12149, 174080, 0, 0, 0
12249, 174080, 0, 0, 0
12349, 176640, 0, 0, 0
12449, 176640, 0, 0, 0
12549, 181760, 0, 0, 0
12649, 179200, 0, 0, 0
12749, 176640, 0, 0, 0
12849, 176640, 0, 0, 0
12949, 179200, 0, 0, 0
13050, 176640, 0, 0, 0
13150, 174080, 0, 0, 0
13249, 178424, 0, 0, 0
13349, 181760, 0, 0, 0
13449, 181760, 0, 0, 0
13549, 168960, 0, 0, 0
13649, 168960, 0, 0, 0
13749, 166400, 0, 0, 0
13849, 176640, 0, 0, 0
13949, 166400, 0, 0, 0
14049, 179200, 0, 0, 0
14149, 176640, 0, 0, 0
14249, 181760, 0, 0, 0
14350, 174080, 0, 0, 0
14450, 184320, 0, 0, 0
14550, 176640, 0, 0, 0
14650, 171520, 0, 0, 0
14749, 178424, 0, 0, 0
14849, 174080, 0, 0, 0
14949, 174080, 0, 0, 0
15049, 181760, 0, 0, 0
15149, 174080, 0, 0, 0
15249, 171520, 0, 0, 0
15349, 174080, 0, 0, 0
15449, 174080, 0, 0, 0
15549, 179200, 0, 0, 0
15649, 176640, 0, 0, 0
15750, 176640, 0, 0, 0
15850, 181760, 0, 0, 0
15950, 181760, 0, 0, 0
16050, 181760, 0, 0, 0
16150, 174080, 0, 0, 0
16249, 173252, 0, 0, 0
16349, 179200, 0, 0, 0
16449, 174080, 0, 0, 0
16549, 174080, 0, 0, 0
16649, 174080, 0, 0, 0
16749, 176640, 0, 0, 0
16849, 179200, 0, 0, 0
16949, 174080, 0, 0, 0
17049, 168960, 0, 0, 0
17150, 176640, 0, 0, 0
17249, 178424, 0, 0, 0
17349, 174080, 0, 0, 0
17449, 181760, 0, 0, 0
17549, 181760, 0, 0, 0
17649, 176640, 0, 0, 0
17749, 181760, 0, 0, 0
17849, 176640, 0, 0, 0
17949, 179200, 0, 0, 0
18049, 179200, 0, 0, 0
18149, 176640, 0, 0, 0
18249, 174080, 0, 0, 0
18349, 174080, 0, 0, 0
18449, 174080, 0, 0, 0
18549, 181760, 0, 0, 0
18649, 176640, 0, 0, 0
18750, 179200, 0, 0, 0
18850, 174080, 0, 0, 0
18950, 176640, 0, 0, 0
19050, 176640, 0, 0, 0
19150, 179200, 0, 0, 0
19249, 173252, 0, 0, 0
19349, 174080, 0, 0, 0
19449, 176640, 0, 0, 0
19549, 168960, 0, 0, 0
19649, 171520, 0, 0, 0
19749, 171520, 0, 0, 0
19849, 181760, 0, 0, 0
19949, 176640, 0, 0, 0
20049, 179200, 0, 0, 0
20149, 176640, 0, 0, 0
20249, 176640, 0, 0, 0
20349, 179200, 0, 0, 0
20449, 179200, 0, 0, 0
20550, 176640, 0, 0, 0
20650, 176640, 0, 0, 0
20749, 175838, 0, 0, 0
20849, 181760, 0, 0, 0
20949, 179200, 0, 0, 0
21049, 174080, 0, 0, 0
21149, 184320, 0, 0, 0
21249, 174080, 0, 0, 0
21349, 179200, 0, 0, 0
21449, 179200, 0, 0, 0
21549, 168960, 0, 0, 0
21649, 181760, 0, 0, 0
21749, 168960, 0, 0, 0
21849, 181760, 0, 0, 0
21949, 171520, 0, 0, 0
22050, 176640, 0, 0, 0
22150, 176640, 0, 0, 0
22249, 170666, 0, 0, 0
22349, 174080, 0, 0, 0
22449, 168960, 0, 0, 0
22549, 168960, 0, 0, 0
22649, 171520, 0, 0, 0
22749, 174080, 0, 0, 0
22849, 168960, 0, 0, 0
22949, 174080, 0, 0, 0
23049, 168960, 0, 0, 0
23149, 168960, 0, 0, 0
23249, 168960, 0, 0, 0
23350, 166400, 0, 0, 0
23450, 166400, 0, 0, 0
23550, 171520, 0, 0, 0
23650, 181760, 0, 0, 0
23749, 173252, 0, 0, 0
23849, 168960, 0, 0, 0
23949, 168960, 0, 0, 0
24049, 176640, 0, 0, 0
24149, 174080, 0, 0, 0
24249, 168960, 0, 0, 0
24349, 176640, 0, 0, 0
24449, 174080, 0, 0, 0
24549, 171520, 0, 0, 0
24650, 176640, 0, 0, 0
24749, 175838, 0, 0, 0
24849, 174080, 0, 0, 0
24949, 174080, 0, 0, 0
25049, 174080, 0, 0, 0
25149, 176640, 0, 0, 0
25249, 179200, 0, 0, 0
25349, 174080, 0, 0, 0
25449, 179200, 0, 0, 0
25549, 179200, 0, 0, 0
25649, 184320, 0, 0, 0
25749, 174080, 0, 0, 0
25849, 179200, 0, 0, 0
25949, 176640, 0, 0, 0
26050, 181760, 0, 0, 0
26150, 176640, 0, 0, 0
26249, 178424, 0, 0, 0
26349, 184320, 0, 0, 0
26449, 168960, 0, 0, 0
26549, 176640, 0, 0, 0
26649, 179200, 0, 0, 0
26749, 174080, 0, 0, 0
26849, 179200, 0, 0, 0
26949, 176640, 0, 0, 0
27049, 176640, 0, 0, 0
27149, 181760, 0, 0, 0
27249, 181760, 0, 0, 0
27349, 179200, 0, 0, 0
27449, 181760, 0, 0, 0
27550, 176640, 0, 0, 0
27650, 176640, 0, 0, 0
27749, 178424, 0, 0, 0
27849, 181760, 0, 0, 0
27949, 181760, 0, 0, 0
28049, 174080, 0, 0, 0
28149, 179200, 0, 0, 0
28249, 179200, 0, 0, 0
28349, 171520, 0, 0, 0
28449, 179200, 0, 0, 0
28549, 174080, 0, 0, 0
28649, 174080, 0, 0, 0
28749, 174080, 0, 0, 0
28849, 176640, 0, 0, 0
28949, 184320, 0, 0, 0
29049, 179200, 0, 0, 0
29149, 176640, 0, 0, 0
29250, 176640, 0, 0, 0
29350, 176640, 0, 0, 0
29450, 171520, 0, 0, 0
29550, 168960, 0, 0, 0
29650, 181760, 0, 0, 0
29749, 175838, 0, 0, 0
29849, 174080, 0, 0, 0
29949, 174080, 0, 0, 0
30049, 179200, 0, 0, 0
30149, 176640, 0, 0, 0
30249, 174080, 0, 0, 0
30349, 174080, 0, 0, 0
30449, 179200, 0, 0, 0
30549, 176640, 0, 0, 0
30649, 174080, 0, 0, 0
30750, 168960, 0, 0, 0
30850, 171520, 0, 0, 0
30950, 161280, 0, 0, 0
31050, 179200, 0, 0, 0
31150, 168960, 0, 0, 0
31249, 178424, 0, 0, 0
31349, 176640, 0, 0, 0
31449, 176640, 0, 0, 0
31549, 171520, 0, 0, 0
31649, 174080, 0, 0, 0
31749, 179200, 0, 0, 0
31849, 174080, 0, 0, 0
31949, 176640, 0, 0, 0
32049, 171520, 0, 0, 0
32150, 171520, 0, 0, 0
32249, 175838, 0, 0, 0
32349, 179200, 0, 0, 0
32449, 174080, 0, 0, 0
32549, 179200, 0, 0, 0
32649, 174080, 0, 0, 0
32749, 168960, 0, 0, 0
32849, 181760, 0, 0, 0
32949, 153600, 0, 0, 0
33049, 176640, 0, 0, 0
33149, 176640, 0, 0, 0
33249, 181760, 0, 0, 0
33349, 171520, 0, 0, 0
33449, 171520, 0, 0, 0
33549, 174080, 0, 0, 0
33649, 179200, 0, 0, 0
33750, 179200, 0, 0, 0
33850, 171520, 0, 0, 0
33950, 163840, 0, 0, 0
34050, 171520, 0, 0, 0
34150, 171520, 0, 0, 0
34249, 178424, 0, 0, 0
34349, 179200, 0, 0, 0
34449, 179200, 0, 0, 0
34549, 168960, 0, 0, 0
34649, 174080, 0, 0, 0
34749, 176640, 0, 0, 0
34849, 174080, 0, 0, 0
34949, 174080, 0, 0, 0
35049, 166400, 0, 0, 0
35149, 174080, 0, 0, 0
35249, 168960, 0, 0, 0
35349, 171520, 0, 0, 0
35449, 184320, 0, 0, 0
35550, 174080, 0, 0, 0
35650, 176640, 0, 0, 0
35749, 165494, 0, 0, 0
35849, 176640, 0, 0, 0
35949, 174080, 0, 0, 0
36049, 174080, 0, 0, 0
36149, 174080, 0, 0, 0
36249, 171520, 0, 0, 0
36349, 168960, 0, 0, 0
36449, 176640, 0, 0, 0
36549, 168960, 0, 0, 0
36649, 176640, 0, 0, 0
36749, 171520, 0, 0, 0
36849, 176640, 0, 0, 0
36950, 176640, 0, 0, 0
37050, 168960, 0, 0, 0
37150, 174080, 0, 0, 0
37249, 175838, 0, 0, 0
37349, 176640, 0, 0, 0
37449, 176640, 0, 0, 0
37549, 176640, 0, 0, 0
37649, 179200, 0, 0, 0
37749, 174080, 0, 0, 0
37849, 176640, 0, 0, 0
37949, 174080, 0, 0, 0
38049, 179200, 0, 0, 0
38149, 179200, 0, 0, 0
38249, 176640, 0, 0, 0
38349, 174080, 0, 0, 0
38450, 174080, 0, 0, 0
38550, 179200, 0, 0, 0
38650, 176640, 0, 0, 0
38749, 175838, 0, 0, 0
38849, 176640, 0, 0, 0
38949, 176640, 0, 0, 0
39049, 181760, 0, 0, 0
39149, 171520, 0, 0, 0
39249, 174080, 0, 0, 0
39349, 171520, 0, 0, 0
39449, 166400, 0, 0, 0
39549, 174080, 0, 0, 0
39649, 174080, 0, 0, 0
39750, 176640, 0, 0, 0
39850, 171520, 0, 0, 0
39950, 174080, 0, 0, 0
40050, 176640, 0, 0, 0
40150, 168960, 0, 0, 0
40249, 168080, 0, 0, 0
40349, 171520, 0, 0, 0
40449, 179200, 0, 0, 0
40549, 181760, 0, 0, 0
40649, 174080, 0, 0, 0
40749, 176640, 0, 0, 0
40849, 176640, 0, 0, 0
40949, 174080, 0, 0, 0
41049, 171520, 0, 0, 0
41149, 171520, 0, 0, 0
41249, 168960, 0, 0, 0
41350, 174080, 0, 0, 0
41450, 179200, 0, 0, 0
41550, 168960, 0, 0, 0
41650, 179200, 0, 0, 0
41749, 173252, 0, 0, 0
41849, 171520, 0, 0, 0
41949, 174080, 0, 0, 0
42049, 168960, 0, 0, 0
42149, 174080, 0, 0, 0
42249, 174080, 0, 0, 0
42349, 176640, 0, 0, 0
42449, 179200, 0, 0, 0
42549, 174080, 0, 0, 0
42649, 176640, 0, 0, 0
42749, 174080, 0, 0, 0
42850, 179200, 0, 0, 0
42950, 176640, 0, 0, 0
43050, 171520, 0, 0, 0
43150, 171520, 0, 0, 0
43249, 178424, 0, 0, 0
43349, 174080, 0, 0, 0
43449, 176640, 0, 0, 0
43549, 174080, 0, 0, 0
43649, 171520, 0, 0, 0
43749, 179200, 0, 0, 0
43849, 179200, 0, 0, 0
43949, 181760, 0, 0, 0
44049, 171520, 0, 0, 0
44149, 166400, 0, 0, 0
44249, 176640, 0, 0, 0
44349, 174080, 0, 0, 0
44450, 176640, 0, 0, 0
44550, 171520, 0, 0, 0
44650, 171520, 0, 0, 0
44749, 181010, 0, 0, 0
44849, 174080, 0, 0, 0
44949, 171520, 0, 0, 0
45049, 179200, 0, 0, 0
45149, 171520, 0, 0, 0
45249, 174080, 0, 0, 0
45349, 174080, 0, 0, 0
45449, 179200, 0, 0, 0
45549, 174080, 0, 0, 0
45649, 179200, 0, 0, 0
45749, 179200, 0, 0, 0
45849, 176640, 0, 0, 0
45949, 181760, 0, 0, 0
46050, 179200, 0, 0, 0
46150, 179200, 0, 0, 0
46249, 173252, 0, 0, 0
46349, 179200, 0, 0, 0
46449, 166400, 0, 0, 0
46549, 176640, 0, 0, 0
46649, 179200, 0, 0, 0
46749, 174080, 0, 0, 0
46849, 171520, 0, 0, 0
46949, 174080, 0, 0, 0
47049, 174080, 0, 0, 0
47149, 174080, 0, 0, 0
47249, 179200, 0, 0, 0
47349, 176640, 0, 0, 0
47449, 171520, 0, 0, 0
47550, 171520, 0, 0, 0
47650, 176640, 0, 0, 0
47749, 175838, 0, 0, 0
47849, 176640, 0, 0, 0
47949, 176640, 0, 0, 0
48049, 174080, 0, 0, 0
48149, 179200, 0, 0, 0
48249, 179200, 0, 0, 0
48349, 176640, 0, 0, 0
48449, 171520, 0, 0, 0
48549, 168960, 0, 0, 0
48649, 174080, 0, 0, 0
48749, 168960, 0, 0, 0
48849, 174080, 0, 0, 0
48949, 174080, 0, 0, 0
49050, 174080, 0, 0, 0
49150, 168960, 0, 0, 0
49249, 178424, 0, 0, 0
49349, 181760, 0, 0, 0
49449, 176640, 0, 0, 0
49549, 179200, 0, 0, 0
49649, 174080, 0, 0, 0
49749, 174080, 0, 0, 0
49849, 174080, 0, 0, 0
49949, 179200, 0, 0, 0
50049, 174080, 0, 0, 0
50149, 168960, 0, 0, 0
50249, 171520, 0, 0, 0
50349, 174080, 0, 0, 0
50449, 168960, 0, 0, 0
50549, 176640, 0, 0, 0
50650, 174080, 0, 0, 0
50749, 170666, 0, 0, 0
50849, 179200, 0, 0, 0
50949, 166400, 0, 0, 0
51049, 174080, 0, 0, 0
51149, 174080, 0, 0, 0
51249, 174080, 0, 0, 0
51349, 174080, 0, 0, 0
51449, 176640, 0, 0, 0
51549, 171520, 0, 0, 0
51649, 171520, 0, 0, 0
51749, 174080, 0, 0, 0
51849, 176640, 0, 0, 0
51949, 179200, 0, 0, 0
52050, 176640, 0, 0, 0
52150, 168960, 0, 0, 0
52249, 170666, 0, 0, 0
52349, 176640, 0, 0, 0
52449, 179200, 0, 0, 0
52549, 168960, 0, 0, 0
52649, 179200, 0, 0, 0
52749, 179200, 0, 0, 0
52849, 174080, 0, 0, 0
52949, 176640, 0, 0, 0
53049, 171520, 0, 0, 0
53149, 181760, 0, 0, 0
53249, 174080, 0, 0, 0
53349, 176640, 0, 0, 0
53449, 168960, 0, 0, 0
53550, 168960, 0, 0, 0
53650, 176640, 0, 0, 0
53749, 168080, 0, 0, 0
53849, 176640, 0, 0, 0
53949, 176640, 0, 0, 0
54049, 181760, 0, 0, 0
54149, 174080, 0, 0, 0
54249, 168960, 0, 0, 0
54349, 176640, 0, 0, 0
54449, 176640, 0, 0, 0
54549, 166400, 0, 0, 0
54649, 168960, 0, 0, 0
54749, 168960, 0, 0, 0
54849, 181760, 0, 0, 0
54949, 171520, 0, 0, 0
55050, 176640, 0, 0, 0
55150, 176640, 0, 0, 0
55249, 175838, 0, 0, 0
55349, 181760, 0, 0, 0
55449, 168960, 0, 0, 0
55549, 176640, 0, 0, 0
55649, 179200, 0, 0, 0
55749, 174080, 0, 0, 0
55849, 166400, 0, 0, 0
55949, 174080, 0, 0, 0
56049, 168960, 0, 0, 0
56149, 179200, 0, 0, 0
56249, 174080, 0, 0, 0
56349, 176640, 0, 0, 0
56449, 181760, 0, 0, 0
56549, 181760, 0, 0, 0
56650, 176640, 0, 0, 0
56750, 174080, 0, 0, 0
56850, 179200, 0, 0, 0
56950, 179200, 0, 0, 0
57050, 176640, 0, 0, 0
57150, 174080, 0, 0, 0
57249, 175838, 0, 0, 0
57349, 174080, 0, 0, 0
57449, 176640, 0, 0, 0
57549, 171520, 0, 0, 0
57649, 174080, 0, 0, 0
57749, 174080, 0, 0, 0
57849, 181760, 0, 0, 0
57949, 176640, 0, 0, 0
58049, 176640, 0, 0, 0
58149, 174080, 0, 0, 0
58250, 171520, 0, 0, 0
58350, 171520, 0, 0, 0
58450, 171520, 0, 0, 0
58550, 176640, 0, 0, 0
58650, 179200, 0, 0, 0
58749, 173252, 0, 0, 0
58849, 179200, 0, 0, 0
58949, 171520, 0, 0, 0
59049, 174080, 0, 0, 0
59149, 171520, 0, 0, 0
59249, 176640, 0, 0, 0
59349, 176640, 0, 0, 0
59449, 179200, 0, 0, 0
59549, 174080, 0, 0, 0
59649, 179200, 0, 0, 0
59749, 168960, 0, 0, 0
59850, 179200, 0, 0, 0
59950, 179200, 0, 0, 0
60050, 171520, 0, 0, 0
60150, 176640, 0, 0, 0
60249, 178424, 0, 0, 0
60349, 174080, 0, 0, 0
60449, 166400, 0, 0, 0
60549, 174080, 0, 0, 0
60649, 181760, 0, 0, 0
60749, 174080, 0, 0, 0
60849, 176640, 0, 0, 0
60949, 181760, 0, 0, 0
61049, 179200, 0, 0, 0
61149, 168960, 0, 0, 0
61249, 179200, 0, 0, 0
61349, 179200, 0, 0, 0
61450, 168960, 0, 0, 0
61550, 166400, 0, 0, 0
61650, 174080, 0, 0, 0
61749, 178424, 0, 0, 0
61849, 176640, 0, 0, 0
61949, 174080, 0, 0, 0
62049, 174080, 0, 0, 0
62149, 168960, 0, 0, 0
62249, 176640, 0, 0, 0
62349, 163840, 0, 0, 0
62449, 176640, 0, 0, 0
62549, 179200, 0, 0, 0
62649, 179200, 0, 0, 0
62750, 176640, 0, 0, 0
62850, 171520, 0, 0, 0
62950, 171520, 0, 0, 0
63050, 168960, 0, 0, 0
63150, 168960, 0, 0, 0
63249, 173252, 0, 0, 0
63349, 166400, 0, 0, 0
63449, 179200, 0, 0, 0
63549, 179200, 0, 0, 0
63649, 176640, 0, 0, 0
63749, 176640, 0, 0, 0
63849, 174080, 0, 0, 0
63949, 176640, 0, 0, 0
64049, 168960, 0, 0, 0
64149, 171520, 0, 0, 0
64250, 168960, 0, 0, 0
64350, 174080, 0, 0, 0
64450, 171520, 0, 0, 0
64550, 176640, 0, 0, 0
64650, 174080, 0, 0, 0
64749, 173252, 0, 0, 0
64849, 176640, 0, 0, 0
64949, 179200, 0, 0, 0
65049, 179200, 0, 0, 0
65149, 179200, 0, 0, 0
65249, 174080, 0, 0, 0
65349, 179200, 0, 0, 0
65449, 171520, 0, 0, 0
65549, 174080, 0, 0, 0
65649, 174080, 0, 0, 0
65749, 174080, 0, 0, 0
65849, 176640, 0, 0, 0
65949, 179200, 0, 0, 0
66050, 179200, 0, 0, 0
66150, 171520, 0, 0, 0
66249, 175838, 0, 0, 0
66349, 176640, 0, 0, 0
66449, 179200, 0, 0, 0
66549, 174080, 0, 0, 0
66649, 176640, 0, 0, 0
66749, 179200, 0, 0, 0
66849, 171520, 0, 0, 0
66949, 176640, 0, 0, 0
67049, 176640, 0, 0, 0
67149, 174080, 0, 0, 0
67249, 181760, 0, 0, 0
67349, 181760, 0, 0, 0
67449, 166400, 0, 0, 0
67550, 171520, 0, 0, 0
67650, 176640, 0, 0, 0
67749, 175838, 0, 0, 0
67849, 174080, 0, 0, 0
67949, 176640, 0, 0, 0
68049, 176640, 0, 0, 0
68149, 168960, 0, 0, 0
68249, 179200, 0, 0, 0
68349, 176640, 0, 0, 0
68449, 166400, 0, 0, 0
68549, 181760, 0, 0, 0
68649, 179200, 0, 0, 0
68749, 174080, 0, 0, 0
68849, 186880, 0, 0, 0
68949, 176640, 0, 0, 0
69049, 174080, 0, 0, 0
69149, 168960, 0, 0, 0
69250, 181760, 0, 0, 0
69350, 171520, 0, 0, 0
69450, 176640, 0, 0, 0
69550, 171520, 0, 0, 0
69650, 168960, 0, 0, 0
69749, 175838, 0, 0, 0
69849, 171520, 0, 0, 0
69949, 171520, 0, 0, 0
70049, 174080, 0, 0, 0
70149, 176640, 0, 0, 0
70249, 176640, 0, 0, 0
70349, 166400, 0, 0, 0
70449, 171520, 0, 0, 0
70549, 174080, 0, 0, 0
70649, 168960, 0, 0, 0
70750, 171520, 0, 0, 0
70850, 171520, 0, 0, 0
70950, 174080, 0, 0, 0
71050, 176640, 0, 0, 0
71150, 168960, 0, 0, 0
71249, 175838, 0, 0, 0
71349, 171520, 0, 0, 0
71449, 176640, 0, 0, 0
71549, 174080, 0, 0, 0
71649, 174080, 0, 0, 0
71749, 171520, 0, 0, 0
71849, 174080, 0, 0, 0
71949, 179200, 0, 0, 0
72049, 174080, 0, 0, 0
72149, 179200, 0, 0, 0
72249, 176640, 0, 0, 0
72350, 174080, 0, 0, 0
72450, 176640, 0, 0, 0
72550, 176640, 0, 0, 0
72650, 166400, 0, 0, 0
72749, 178424, 0, 0, 0
72849, 176640, 0, 0, 0
72949, 174080, 0, 0, 0
73049, 179200, 0, 0, 0
73149, 171520, 0, 0, 0
73249, 181760, 0, 0, 0
73349, 168960, 0, 0, 0
73449, 179200, 0, 0, 0
73549, 171520, 0, 0, 0
73649, 166400, 0, 0, 0
73749, 176640, 0, 0, 0
73850, 166400, 0, 0, 0
73950, 184320, 0, 0, 0
74050, 176640, 0, 0, 0
74150, 174080, 0, 0, 0
74249, 173252, 0, 0, 0
74349, 176640, 0, 0, 0
74449, 174080, 0, 0, 0
74549, 171520, 0, 0, 0
74649, 176640, 0, 0, 0
74749, 179200, 0, 0, 0
74849, 168960, 0, 0, 0
74949, 171520, 0, 0, 0
75049, 171520, 0, 0, 0
75149, 176640, 0, 0, 0
75249, 179200, 0, 0, 0
75349, 176640, 0, 0, 0
75450, 179200, 0, 0, 0
75550, 166400, 0, 0, 0
75650, 176640, 0, 0, 0
75749, 173252, 0, 0, 0
75849, 174080, 0, 0, 0
75949, 176640, 0, 0, 0
76049, 171520, 0, 0, 0
76149, 168960, 0, 0, 0
76249, 179200, 0, 0, 0
76349, 176640, 0, 0, 0
76449, 174080, 0, 0, 0
76549, 168960, 0, 0, 0
76649, 179200, 0, 0, 0
76749, 163840, 0, 0, 0
76849, 176640, 0, 0, 0
76949, 176640, 0, 0, 0
77050, 171520, 0, 0, 0
77150, 166400, 0, 0, 0
77249, 178424, 0, 0, 0
77349, 161280, 0, 0, 0
77449, 174080, 0, 0, 0
77549, 174080, 0, 0, 0
77649, 179200, 0, 0, 0
77749, 171520, 0, 0, 0
77849, 179200, 0, 0, 0
77949, 174080, 0, 0, 0
78049, 171520, 0, 0, 0
78149, 176640, 0, 0, 0
78249, 176640, 0, 0, 0
78349, 176640, 0, 0, 0
78450, 176640, 0, 0, 0
78550, 181760, 0, 0, 0
78650, 168960, 0, 0, 0
78749, 173252, 0, 0, 0
78849, 168960, 0, 0, 0
78949, 171520, 0, 0, 0
79049, 179200, 0, 0, 0
79149, 176640, 0, 0, 0
79249, 176640, 0, 0, 0
79349, 174080, 0, 0, 0
79449, 174080, 0, 0, 0
79549, 176640, 0, 0, 0
79649, 166400, 0, 0, 0
79749, 179200, 0, 0, 0
79849, 181760, 0, 0, 0
79949, 168960, 0, 0, 0
80050, 174080, 0, 0, 0
80150, 174080, 0, 0, 0
80249, 178424, 0, 0, 0
80349, 176640, 0, 0, 0
80449, 179200, 0, 0, 0
80549, 174080, 0, 0, 0
80649, 179200, 0, 0, 0
80749, 166400, 0, 0, 0
80849, 171520, 0, 0, 0
80949, 174080, 0, 0, 0
81049, 174080, 0, 0, 0
81149, 181760, 0, 0, 0
81249, 176640, 0, 0, 0
81349, 174080, 0, 0, 0
81449, 171520, 0, 0, 0
81549, 184320, 0, 0, 0
81649, 181760, 0, 0, 0
81750, 174080, 0, 0, 0
81850, 181760, 0, 0, 0
81950, 176640, 0, 0, 0
82050, 174080, 0, 0, 0
82150, 181760, 0, 0, 0
82249, 178424, 0, 0, 0
82349, 176640, 0, 0, 0
82449, 171520, 0, 0, 0
82549, 176640, 0, 0, 0
82649, 176640, 0, 0, 0
82749, 181760, 0, 0, 0
82849, 176640, 0, 0, 0
82949, 171520, 0, 0, 0
83050, 176640, 0, 0, 0
83150, 171520, 0, 0, 0
83249, 183595, 0, 0, 0
83349, 176640, 0, 0, 0
83449, 176640, 0, 0, 0
83549, 174080, 0, 0, 0
83649, 171520, 0, 0, 0
83749, 176640, 0, 0, 0
83849, 179200, 0, 0, 0
83949, 176640, 0, 0, 0
84049, 179200, 0, 0, 0
84149, 163840, 0, 0, 0
84249, 174080, 0, 0, 0
84349, 179200, 0, 0, 0
84449, 176640, 0, 0, 0
84550, 179200, 0, 0, 0
84650, 171520, 0, 0, 0
84749, 175838, 0, 0, 0
84849, 171520, 0, 0, 0
84949, 171520, 0, 0, 0
85049, 176640, 0, 0, 0
85149, 184320, 0, 0, 0
85249, 171520, 0, 0, 0
85349, 171520, 0, 0, 0
85449, 171520, 0, 0, 0
85549, 174080, 0, 0, 0
85649, 176640, 0, 0, 0
85749, 174080, 0, 0, 0
85849, 174080, 0, 0, 0
85950, 166400, 0, 0, 0
86050, 174080, 0, 0, 0
86150, 176640, 0, 0, 0
86249, 173252, 0, 0, 0
86349, 174080, 0, 0, 0
86449, 174080, 0, 0, 0
86549, 176640, 0, 0, 0
86649, 184320, 0, 0, 0
86749, 181760, 0, 0, 0
86849, 176640, 0, 0, 0
86949, 176640, 0, 0, 0
87050, 171520, 0, 0, 0
87150, 179200, 0, 0, 0
87249, 175838, 0, 0, 0
87349, 174080, 0, 0, 0
87449, 171520, 0, 0, 0
87549, 176640, 0, 0, 0
87649, 168960, 0, 0, 0
87749, 181760, 0, 0, 0
87849, 168960, 0, 0, 0
87949, 179200, 0, 0, 0
88049, 181760, 0, 0, 0
88149, 176640, 0, 0, 0
88249, 176640, 0, 0, 0
88349, 176640, 0, 0, 0
88449, 176640, 0, 0, 0
88550, 168960, 0, 0, 0
88650, 179200, 0, 0, 0
88749, 173252, 0, 0, 0
88849, 176640, 0, 0, 0
88949, 176640, 0, 0, 0
89049, 179200, 0, 0, 0
89149, 176640, 0, 0, 0
89249, 181760, 0, 0, 0
89349, 179200, 0, 0, 0
89449, 179200, 0, 0, 0
89549, 176640, 0, 0, 0
89649, 176640, 0, 0, 0
89749, 179200, 0, 0, 0
89849, 176640, 0, 0, 0
89949, 171520, 0, 0, 0
