250, 6336, 1, 0, 0
350, 5760, 1, 0, 0
450, 5760, 1, 0, 0
550, 6720, 1, 0, 0
650, 8960, 1, 0, 0
749, 11313, 1, 0, 0
849, 9920, 1, 0, 0
949, 7040, 1, 0, 0
1049, 8480, 1, 0, 0
1149, 9280, 1, 0, 0
1250, 9760, 1, 0, 0
1350, 8800, 1, 0, 0
1450, 8960, 1, 0, 0
1550, 8800, 1, 0, 0
1650, 9280, 1, 0, 0
1749, 8404, 1, 0, 0
1849, 8000, 1, 0, 0
1949, 9280, 1, 0, 0
2049, 9600, 1, 0, 0
2149, 9600, 1, 0, 0
2249, 7680, 1, 0, 0
2349, 5280, 1, 0, 0
2450, 5440, 1, 0, 0
2550, 6240, 1, 0, 0
2650, 6240, 1, 0, 0
2749, 7757, 1, 0, 0
2849, 10240, 1, 0, 0
2949, 9600, 1, 0, 0
3049, 7680, 1, 0, 0
3149, 7520, 1, 0, 0
3249, 6720, 1, 0, 0
3349, 9280, 1, 0, 0
3449, 10080, 1, 0, 0
3549, 10080, 1, 0, 0
3649, 10240, 1, 0, 0
3750, 8480, 1, 0, 0
3850, 9600, 1, 0, 0
3950, 8960, 1, 0, 0
4050, 10400, 1, 0, 0
4150, 11040, 1, 0, 0
4249, 9212, 1, 0, 0
4349, 6880, 1, 0, 0
4449, 7520, 1, 0, 0
4549, 6400, 1, 0, 0
4649, 8960, 1, 0, 0
4749, 10560, 1, 0, 0
4849, 10560, 1, 0, 0
4949, 10400, 1, 0, 0
5050, 10720, 1, 0, 0
5150, 10720, 1, 0, 0
5249, 10828, 1, 0, 0
5349, 10240, 1, 0, 0
5449, 9920, 1, 0, 0
5549, 11520, 1, 0, 0
5649, 10560, 1, 0, 0
5749, 10720, 1, 0, 0
5849, 11040, 1, 0, 0
5949, 11040, 1, 0, 0
6049, 11520, 1, 0, 0
6149, 11360, 1, 0, 0
6250, 10400, 1, 0, 0
6350, 8800, 1, 0, 0
6450, 11520, 1, 0, 0
6550, 9440, 1, 0, 0
6650, 8960, 1, 0, 0
6749, 7919, 1, 0, 0
6849, 7200, 1, 0, 0
6949, 9440, 1, 0, 0
7049, 9760, 1, 0, 0
7149, 9760, 1, 0, 0
7249, 10240, 1, 0, 0
7349, 10880, 1, 0, 0
7449, 11520, 1, 0, 0
7550, 10240, 1, 0, 0
7650, 10720, 1, 0, 0
7749, 10666, 1, 0, 0
7849, 10720, 1, 0, 0
7949, 10880, 1, 0, 0
8050, 10560, 1, 0, 0
8150, 10720, 1, 0, 0
8249, 8080, 1, 0, 0
8349, 7520, 1, 0, 0
8449, 7520, 1, 0, 0
8549, 7360, 1, 0, 0
8649, 5760, 1, 0, 0
8749, 6560, 1, 0, 0
8849, 5920, 1, 0, 0
8950, 5920, 1, 0, 0
9050, 6400, 1, 0, 0
9150, 5120, 1, 0, 0
9249, 7595, 1, 0, 0
9349, 7840, 1, 0, 0
9449, 7680, 1, 0, 0
9549, 6400, 1, 0, 0
9649, 7040, 1, 0, 0
9749, 9440, 1, 0, 0
9849, 10560, 1, 0, 0
9949, 10400, 1, 0, 0
10049, 10560, 1, 0, 0
10149, 10720, 1, 0, 0
10250, 7200, 1, 0, 0
10350, 6400, 1, 0, 0
10450, 5120, 1, 0, 0
10550, 6080, 1, 0, 0
10650, 6560, 1, 0, 0
10749, 6464, 1, 0, 0
10849, 9920, 1, 0, 0
10949, 8640, 1, 0, 0
11049, 8480, 1, 0, 0
11149, 9440, 1, 0, 0
11249, 10560, 1, 0, 0
11349, 10880, 1, 0, 0
11449, 11200, 1, 0, 0
11549, 10720, 1, 0, 0
11649, 10400, 1, 0, 0
11750, 8480, 1, 0, 0
11850, 9760, 1, 0, 0
11950, 7040, 1, 0, 0
12050, 9440, 1, 0, 0
12150, 9920, 1, 0, 0
12249, 9535, 1, 0, 0
12349, 8640, 1, 0, 0
12449, 9600, 1, 0, 0
12549, 7840, 1, 0, 0
12649, 9600, 1, 0, 0
12749, 9760, 1, 0, 0
12849, 9920, 1, 0, 0
12950, 9920, 1, 0, 0
13050, 8800, 1, 0, 0
13150, 9600, 1, 0, 0
13249, 8888, 1, 0, 0
13349, 8960, 1, 0, 0
13449, 9760, 1, 0, 0
13549, 8640, 1, 0, 0
13649, 7680, 1, 0, 0
13749, 8000, 1, 0, 0
13849, 9920, 1, 0, 0
13949, 9440, 1, 0, 0
14049, 6560, 1, 0, 0
14150, 5920, 1, 0, 0
14250, 4960, 1, 0, 0
14350, 5600, 1, 0, 0
14450, 6240, 1, 0, 0
14550, 7840, 1, 0, 0
14650, 10240, 1, 0, 0
14749, 10989, 1, 0, 0
14849, 10080, 1, 0, 0
14949, 9920, 1, 0, 0
15049, 10720, 1, 0, 0
15149, 6080, 1, 0, 0
15249, 9600, 1, 0, 0
15349, 9280, 1, 0, 0
15449, 9440, 1, 0, 0
15550, 11040, 1, 0, 0
15650, 10400, 1, 0, 0
15749, 5494, 1, 0, 0
15849, 5120, 1, 0, 0
15949, 5600, 1, 0, 0
16049, 5760, 1, 0, 0
16149, 7840, 1, 0, 0
16249, 8800, 1, 0, 0
16349, 11200, 1, 0, 0
16449, 11040, 1, 0, 0
16549, 10720, 1, 0, 0
16650, 7360, 1, 0, 0
16750, 5600, 1, 0, 0
16850, 5600, 1, 0, 0
16950, 5440, 1, 0, 0
17050, 5920, 1, 0, 0
17150, 8160, 1, 0, 0
17249, 10828, 1, 0, 0
17349, 9920, 1, 0, 0
17449, 10400, 1, 0, 0
17549, 8640, 1, 0, 0
17649, 5440, 1, 0, 0
17750, 5920, 1, 0, 0
17850, 6240, 1, 0, 0
17950, 6080, 1, 0, 0
18050, 6400, 1, 0, 0
18150, 6720, 1, 0, 0
18249, 7434, 1, 0, 0
18349, 6720, 1, 0, 0
18449, 6560, 1, 0, 0
18549, 7840, 1, 0, 0
18649, 7840, 1, 0, 0
18750, 7680, 1, 0, 0
18850, 5920, 1, 0, 0
18950, 8320, 1, 0, 0
19050, 9280, 1, 0, 0
19150, 9440, 1, 0, 0
19249, 9373, 1, 0, 0
19349, 7520, 1, 0, 0
19449, 6560, 1, 0, 0
19550, 7200, 1, 0, 0
19650, 5760, 1, 0, 0
19749, 6141, 1, 0, 0
19849, 6400, 1, 0, 0
19949, 6400, 1, 0, 0
20049, 6080, 1, 0, 0
20149, 6720, 1, 0, 0
20249, 7040, 1, 0, 0
20349, 6080, 1, 0, 0
20449, 6880, 1, 0, 0
20550, 7200, 1, 0, 0
20650, 6720, 1, 0, 0
20749, 5333, 1, 0, 0
20849, 6560, 1, 0, 0
20949, 5920, 1, 0, 0
21049, 6400, 1, 0, 0
21149, 7360, 1, 0, 0
21249, 8640, 1, 0, 0
21349, 8800, 1, 0, 0
21449, 8800, 1, 0, 0
21550, 8160, 1, 0, 0
21650, 9120, 1, 0, 0
21749, 8565, 1, 0, 0
21849, 9280, 1, 0, 0
21949, 9120, 1, 0, 0
22049, 5440, 1, 0, 0
22149, 7040, 1, 0, 0
22249, 5280, 1, 0, 0
22349, 6080, 1, 0, 0
22449, 7200, 1, 0, 0
22549, 6080, 1, 0, 0
22649, 5760, 1, 0, 0
22749, 6080, 1, 0, 0
22849, 7840, 1, 0, 0
22949, 7680, 1, 0, 0
23050, 7360, 1, 0, 0
23150, 6880, 1, 0, 0
23249, 7111, 1, 0, 0
23349, 7520, 1, 0, 0
23449, 7200, 1, 0, 0
23549, 5920, 1, 0, 0
23649, 6560, 1, 0, 0
23749, 6720, 1, 0, 0
23849, 5920, 1, 0, 0
23949, 7520, 1, 0, 0
24049, 7200, 1, 0, 0
24149, 7200, 1, 0, 0
24250, 7520, 1, 0, 0
24350, 6240, 1, 0, 0
24450, 5920, 1, 0, 0
24550, 6080, 1, 0, 0
24650, 5760, 1, 0, 0
24749, 5494, 1, 0, 0
24849, 7040, 1, 0, 0
24949, 6880, 1, 0, 0
25049, 5760, 1, 0, 0
25149, 7200, 1, 0, 0
25249, 11040, 1, 0, 0
25349, 10880, 1, 0, 0
25450, 11040, 1, 0, 0
25550, 7360, 1, 0, 0
25650, 8320, 1, 0, 0
25749, 8404, 1, 0, 0
25849, 8480, 1, 0, 0
25949, 10400, 1, 0, 0
26049, 8640, 1, 0, 0
26149, 10720, 1, 0, 0
26249, 10720, 1, 0, 0
26349, 10880, 1, 0, 0
26449, 8800, 1, 0, 0
26549, 5440, 1, 0, 0
26649, 5760, 1, 0, 0
26750, 6400, 1, 0, 0
26850, 5920, 1, 0, 0
26950, 7360, 1, 0, 0
27050, 9920, 1, 0, 0
27150, 11360, 1, 0, 0
27249, 11636, 1, 0, 0
27349, 11040, 1, 0, 0
27449, 11040, 1, 0, 0
27550, 10240, 1, 0, 0
27650, 9920, 1, 0, 0
27749, 9696, 1, 0, 0
27849, 8160, 1, 0, 0
27949, 9280, 1, 0, 0
28049, 8640, 1, 0, 0
28149, 8960, 1, 0, 0
28249, 8800, 1, 0, 0
28349, 9120, 1, 0, 0
28449, 10240, 1, 0, 0
28549, 10240, 1, 0, 0
28649, 10560, 1, 0, 0
28750, 8640, 1, 0, 0
28850, 11040, 1, 0, 0
28950, 11680, 1, 0, 0
29050, 9600, 1, 0, 0
29150, 10880, 1, 0, 0
29249, 7272, 1, 0, 0
29349, 7520, 1, 0, 0
29449, 8480, 1, 0, 0
29549, 9920, 1, 0, 0
29650, 9760, 1, 0, 0
29749, 8727, 1, 0, 0
29849, 9120, 1, 0, 0
29949, 8960, 1, 0, 0
30049, 10080, 1, 0, 0
30149, 9440, 1, 0, 0
30249, 10080, 1, 0, 0
30349, 8800, 1, 0, 0
30449, 8480, 1, 0, 0
30550, 6240, 1, 0, 0
30650, 4960, 1, 0, 0
30749, 4202, 1, 0, 0
30849, 5760, 1, 0, 0
30949, 6880, 1, 0, 0
31049, 7200, 1, 0, 0
31149, 7680, 1, 0, 0
31249, 7840, 1, 0, 0
31349, 7520, 1, 0, 0
31449, 7200, 1, 0, 0
31549, 6080, 1, 0, 0
31650, 3680, 1, 0, 0
31749, 2585, 1, 0, 0
31849, 3680, 1, 0, 0
31949, 4320, 1, 0, 0
32049, 5760, 1, 0, 0
32149, 6080, 1, 0, 0
32249, 6080, 1, 0, 0
32349, 6400, 1, 0, 0
32449, 8480, 1, 0, 0
32549, 9600, 1, 0, 0
32649, 7520, 1, 0, 0
32749, 10720, 1, 0, 0
32849, 9440, 1, 0, 0
32950, 9440, 1, 0, 0
33050, 10080, 1, 0, 0
33150, 11360, 1, 0, 0
33249, 10020, 1, 0, 0
33349, 7360, 1, 0, 0
33449, 6400, 1, 0, 0
33549, 6560, 1, 0, 0
33649, 6560, 1, 0, 0
33749, 10880, 1, 0, 0
33849, 11360, 1, 0, 0
33949, 11360, 1, 0, 0
34050, 11520, 1, 0, 0
34150, 9920, 1, 0, 0
34249, 10989, 1, 0, 0
34349, 9600, 1, 0, 0
34449, 11040, 1, 0, 0
34549, 10400, 1, 0, 0
34649, 8640, 1, 0, 0
34749, 9920, 1, 0, 0
34849, 10720, 1, 0, 0
34949, 11680, 1, 0, 0
35050, 11680, 1, 0, 0
35150, 9600, 1, 0, 0
35249, 10666, 1, 0, 0
35349, 11040, 1, 0, 0
35449, 11040, 1, 0, 0
35549, 11840, 1, 0, 0
35649, 9920, 1, 0, 0
35749, 11520, 1, 0, 0
35849, 11520, 1, 0, 0
35949, 11040, 1, 0, 0
36050, 10720, 1, 0, 0
36150, 11360, 1, 0, 0
36249, 7757, 1, 0, 0
36349, 8160, 1, 0, 0
36449, 8480, 1, 0, 0
36549, 9280, 1, 0, 0
36649, 6560, 1, 0, 0
36749, 6720, 1, 0, 0
36849, 6080, 1, 0, 0
36949, 6560, 1, 0, 0
37050, 7200, 1, 0, 0
37150, 7360, 1, 0, 0
37249, 11151, 1, 0, 0
37349, 10560, 1, 0, 0
37449, 11040, 1, 0, 0
37549, 9920, 1, 0, 0
37649, 10560, 1, 0, 0
37749, 11040, 1, 0, 0
37849, 11680, 1, 0, 0
37950, 8320, 1, 0, 0
38050, 10880, 1, 0, 0
38150, 6400, 1, 0, 0
38249, 5818, 1, 0, 0
38349, 5920, 1, 0, 0
38449, 6080, 1, 0, 0
38549, 6240, 1, 0, 0
38649, 7520, 1, 0, 0
38749, 11360, 1, 0, 0
38849, 11360, 1, 0, 0
38949, 10720, 1, 0, 0
39050, 11680, 1, 0, 0
39150, 10720, 1, 0, 0
39249, 10505, 1, 0, 0
39349, 6560, 1, 0, 0
39449, 5920, 1, 0, 0
39549, 5760, 1, 0, 0
39649, 6400, 1, 0, 0
39749, 6720, 1, 0, 0
39849, 8800, 1, 0, 0
39950, 10720, 1, 0, 0
40050, 10560, 1, 0, 0
40150, 11360, 1, 0, 0
40249, 11474, 1, 0, 0
40349, 5600, 1, 0, 0
40449, 5920, 1, 0, 0
40549, 6400, 1, 0, 0
40649, 5120, 1, 0, 0
40750, 6400, 1, 0, 0
40850, 7680, 1, 0, 0
40950, 11360, 1, 0, 0
41050, 9120, 1, 0, 0
41150, 9120, 1, 0, 0
41249, 8565, 1, 0, 0
41349, 8960, 1, 0, 0
41449, 8320, 1, 0, 0
41549, 9600, 1, 0, 0
41649, 9280, 1, 0, 0
41750, 8480, 1, 0, 0
41850, 11200, 1, 0, 0
41950, 9600, 1, 0, 0
42050, 10560, 1, 0, 0
42150, 9440, 1, 0, 0
42249, 10989, 1, 0, 0
42349, 11360, 1, 0, 0
42449, 11360, 1, 0, 0
42549, 10720, 1, 0, 0
42649, 9920, 1, 0, 0
42750, 10880, 1, 0, 0
42850, 11680, 1, 0, 0
42950, 7680, 1, 0, 0
43050, 7360, 1, 0, 0
43150, 9920, 1, 0, 0
43249, 10343, 1, 0, 0
43349, 9920, 1, 0, 0
43449, 10880, 1, 0, 0
43549, 9600, 1, 0, 0
43650, 12000, 1, 0, 0
43749, 10666, 1, 0, 0
43849, 9920, 1, 0, 0
43949, 5760, 1, 0, 0
44049, 5280, 1, 0, 0
44149, 5760, 1, 0, 0
44249, 5440, 1, 0, 0
44349, 6400, 1, 0, 0
44449, 6560, 1, 0, 0
44549, 9440, 1, 0, 0
44650, 10560, 1, 0, 0
44749, 9373, 1, 0, 0
44849, 9280, 1, 0, 0
44949, 10560, 1, 0, 0
45049, 11360, 1, 0, 0
45149, 10240, 1, 0, 0
45249, 8800, 1, 0, 0
45349, 9600, 1, 0, 0
45449, 9600, 1, 0, 0
45550, 8640, 1, 0, 0
45650, 8640, 1, 0, 0
45749, 7595, 1, 0, 0
45849, 8800, 1, 0, 0
45949, 10080, 1, 0, 0
46049, 10880, 1, 0, 0
46149, 11680, 1, 0, 0
46249, 8640, 1, 0, 0
46349, 11520, 1, 0, 0
46449, 11200, 1, 0, 0
46550, 9760, 1, 0, 0
46650, 8960, 1, 0, 0
46749, 7434, 1, 0, 0
46849, 8960, 1, 0, 0
46949, 7520, 1, 0, 0
47049, 4960, 1, 0, 0
47149, 4480, 1, 0, 0
47249, 5920, 1, 0, 0
47349, 10400, 1, 0, 0
47449, 10720, 1, 0, 0
47549, 11520, 1, 0, 0
47650, 11040, 1, 0, 0
47749, 6141, 1, 0, 0
47849, 6240, 1, 0, 0
47949, 6400, 1, 0, 0
48049, 5600, 1, 0, 0
48149, 6880, 1, 0, 0
48249, 6880, 1, 0, 0
48349, 8640, 1, 0, 0
48449, 9920, 1, 0, 0
48550, 11360, 1, 0, 0
48650, 11360, 1, 0, 0
48749, 11313, 1, 0, 0
48849, 11040, 1, 0, 0
48949, 11520, 1, 0, 0
49049, 11200, 1, 0, 0
49149, 9920, 1, 0, 0
49249, 11360, 1, 0, 0
49349, 11200, 1, 0, 0
49449, 10400, 1, 0, 0
49550, 11680, 1, 0, 0
49650, 9920, 1, 0, 0
49749, 10989, 1, 0, 0
49849, 10240, 1, 0, 0
49949, 9440, 1, 0, 0
50049, 10720, 1, 0, 0
50149, 9920, 1, 0, 0
50249, 11200, 1, 0, 0
50349, 10080, 1, 0, 0
50450, 5920, 1, 0, 0
50550, 5760, 1, 0, 0
50650, 5600, 1, 0, 0
50749, 6141, 1, 0, 0
50849, 7200, 1, 0, 0
50949, 8800, 1, 0, 0
51049, 10080, 1, 0, 0
51149, 10880, 1, 0, 0
51250, 11040, 1, 0, 0
51350, 10240, 1, 0, 0
51450, 7360, 1, 0, 0
51550, 5440, 1, 0, 0
51650, 5440, 1, 0, 0
51749, 5494, 1, 0, 0
51849, 7040, 1, 0, 0
51949, 7040, 1, 0, 0
52049, 10400, 1, 0, 0
52149, 11520, 1, 0, 0
52250, 9120, 1, 0, 0
52350, 10880, 1, 0, 0
52450, 8800, 1, 0, 0
52550, 5760, 1, 0, 0
52650, 5600, 1, 0, 0
52749, 5818, 1, 0, 0
52849, 6080, 1, 0, 0
52949, 6720, 1, 0, 0
53049, 7840, 1, 0, 0
53149, 7680, 1, 0, 0
53250, 5920, 1, 0, 0
53350, 6240, 1, 0, 0
53450, 7680, 1, 0, 0
53550, 7040, 1, 0, 0
53650, 8960, 1, 0, 0
53749, 9696, 1, 0, 0
53849, 10400, 1, 0, 0
53949, 9920, 1, 0, 0
54049, 10560, 1, 0, 0
54150, 9920, 1, 0, 0
54249, 8888, 1, 0, 0
54349, 7840, 1, 0, 0
54449, 5440, 1, 0, 0
54549, 7680, 1, 0, 0
54649, 6240, 1, 0, 0
54749, 7360, 1, 0, 0
54849, 8000, 1, 0, 0
54949, 10240, 1, 0, 0
55050, 10240, 1, 0, 0
55150, 10880, 1, 0, 0
55249, 8565, 1, 0, 0
55349, 9120, 1, 0, 0
55449, 9120, 1, 0, 0
55549, 10720, 1, 0, 0
55649, 10560, 1, 0, 0
55749, 10560, 1, 0, 0
55849, 11360, 1, 0, 0
55950, 11200, 1, 0, 0
56050, 10240, 1, 0, 0
56150, 11200, 1, 0, 0
56249, 9535, 1, 0, 0
56349, 10560, 1, 0, 0
56450, 10613, 1, 0, 0
56550, 11360, 1, 0, 0
56650, 10880, 1, 0, 0
56749, 10828, 1, 0, 0
56850, 7680, 1, 0, 0
56950, 9120, 1, 0, 0
57050, 8800, 1, 0, 0
57150, 9440, 1, 0, 0
57249, 9212, 1, 0, 0
57349, 7840, 1, 0, 0
57449, 7360, 1, 0, 0
57549, 8160, 1, 0, 0
57649, 9280, 1, 0, 0
57749, 6240, 1, 0, 0
57849, 6080, 1, 0, 0
57950, 5760, 1, 0, 0
58050, 5760, 1, 0, 0
58150, 5920, 1, 0, 0
58249, 7595, 1, 0, 0
58349, 9760, 1, 0, 0
58449, 9120, 1, 0, 0
58550, 10400, 1, 0, 0
58650, 10240, 1, 0, 0
58749, 7434, 1, 0, 0
58849, 9280, 1, 0, 0
58949, 10080, 1, 0, 0
59049, 10080, 1, 0, 0
59149, 9920, 1, 0, 0
59249, 9440, 1, 0, 0
59349, 6560, 1, 0, 0
59449, 6080, 1, 0, 0
59550, 6080, 1, 0, 0
59650, 6720, 1, 0, 0
59749, 5333, 1, 0, 0
59849, 6560, 1, 0, 0
59949, 10240, 1, 0, 0
