250, 306048, 0, 0, 0
350, 220480, 0, 0, 0
450, 118400, 0, 0, 0
550, 245440, 0, 0, 0
650, 425600, 0, 0, 0
749, 405333, 0, 0, 0
849, 406400, 0, 0, 0
950, 390080, 0, 0, 0
1050, 335040, 0, 0, 0
1150, 161280, 0, 0, 0
1249, 323232, 0, 0, 0
1349, 167040, 0, 0, 0
1449, 53440, 0, 0, 0
1550, 79360, 0, 0, 0
1650, 265600, 0, 0, 0
1749, 401777, 0, 0, 0
1849, 375360, 0, 0, 0
1949, 406720, 0, 0, 0
2049, 396160, 0, 0, 0
2149, 265920, 0, 0, 0
2250, 193920, 0, 0, 0
2350, 338240, 0, 0, 0
2450, 130240, 0, 0, 0
2550, 62400, 0, 0, 0
2650, 72000, 0, 0, 0
2749, 210747, 0, 0, 0
2849, 413440, 0, 0, 0
2949, 348160, 0, 0, 0
3050, 389760, 0, 0, 0
3150, 393280, 0, 0, 0
3249, 288000, 0, 0, 0
3349, 214080, 0, 0, 0
3449, 335360, 0, 0, 0
3549, 161280, 0, 0, 0
3649, 143360, 0, 0, 0
3749, 80640, 0, 0, 0
3849, 241920, 0, 0, 0
3949, 378560, 0, 0, 0
4050, 379520, 0, 0, 0
4150, 421760, 0, 0, 0
4249, 405333, 0, 0, 0
4349, 331520, 0, 0, 0
4449, 395200, 0, 0, 0
4549, 378880, 0, 0, 0
4649, 370880, 0, 0, 0
4750, 242560, 0, 0, 0
4850, 326720, 0, 0, 0
4950, 380480, 0, 0, 0
5050, 362880, 0, 0, 0
5150, 381440, 0, 0, 0
5249, 402101, 0, 0, 0
5349, 354560, 0, 0, 0
5449, 337280, 0, 0, 0
5550, 373120, 0, 0, 0
5650, 342720, 0, 0, 0
5749, 271191, 0, 0, 0
5849, 324480, 0, 0, 0
5949, 398080, 0, 0, 0
6049, 385920, 0, 0, 0
6149, 361600, 0, 0, 0
6249, 414720, 0, 0, 0
6349, 400320, 0, 0, 0
6449, 364800, 0, 0, 0
6550, 395200, 0, 0, 0
6650, 309440, 0, 0, 0
6749, 312242, 0, 0, 0
6849, 244800, 0, 0, 0
6949, 384320, 0, 0, 0
7049, 386880, 0, 0, 0
7149, 403840, 0, 0, 0
7250, 344960, 0, 0, 0
7350, 416320, 0, 0, 0
7450, 310080, 0, 0, 0
7550, 364160, 0, 0, 0
7650, 278080, 0, 0, 0
7749, 358141, 0, 0, 0
7849, 203200, 0, 0, 0
7949, 280000, 0, 0, 0
8049, 408960, 0, 0, 0
8149, 402560, 0, 0, 0
8250, 374720, 0, 0, 0
8350, 373440, 0, 0, 0
8450, 360000, 0, 0, 0
8550, 327360, 0, 0, 0
8650, 392000, 0, 0, 0
8749, 313212, 0, 0, 0
8849, 275200, 0, 0, 0
8949, 222400, 0, 0, 0
9050, 440320, 0, 0, 0
9150, 406080, 0, 0, 0
9249, 381090, 0, 0, 0
9349, 366720, 0, 0, 0
9449, 383040, 0, 0, 0
9549, 336640, 0, 0, 0
9649, 374400, 0, 0, 0
9749, 303040, 0, 0, 0
9850, 336640, 0, 0, 0
9950, 301440, 0, 0, 0
10050, 343360, 0, 0, 0
10150, 366080, 0, 0, 0
10249, 414060, 0, 0, 0
10349, 392000, 0, 0, 0
10449, 380480, 0, 0, 0
10549, 348800, 0, 0, 0
10649, 376640, 0, 0, 0
10750, 335360, 0, 0, 0
10850, 352320, 0, 0, 0
10950, 166720, 0, 0, 0
11050, 295040, 0, 0, 0
11150, 440960, 0, 0, 0
11249, 389171, 0, 0, 0
11349, 396480, 0, 0, 0
11449, 386560, 0, 0, 0
11549, 385920, 0, 0, 0
11649, 293440, 0, 0, 0
11750, 414080, 0, 0, 0
11850, 278080, 0, 0, 0
11950, 252480, 0, 0, 0
12050, 131520, 0, 0, 0
12150, 373760, 0, 0, 0
12249, 402424, 0, 0, 0
12349, 366400, 0, 0, 0
12449, 383680, 0, 0, 0
12550, 339520, 0, 0, 0
12650, 256320, 0, 0, 0
12749, 397898, 0, 0, 0
12849, 296320, 0, 0, 0
12949, 353280, 0, 0, 0
13049, 129920, 0, 0, 0
13149, 219520, 0, 0, 0
13250, 405120, 0, 0, 0
13350, 421120, 0, 0, 0
13450, 377920, 0, 0, 0
13550, 393600, 0, 0, 0
13650, 369600, 0, 0, 0
13749, 318707, 0, 0, 0
13849, 375360, 0, 0, 0
13949, 278720, 0, 0, 0
14049, 295680, 0, 0, 0
14149, 195520, 0, 0, 0
14250, 347520, 0, 0, 0
14350, 385280, 0, 0, 0
14450, 379840, 0, 0, 0
14550, 370560, 0, 0, 0
14650, 355200, 0, 0, 0
14749, 304161, 0, 0, 0
14849, 406080, 0, 0, 0
14949, 328960, 0, 0, 0
15050, 370880, 0, 0, 0
15150, 240960, 0, 0, 0
15249, 344888, 0, 0, 0
15349, 402880, 0, 0, 0
15449, 398720, 0, 0, 0
15549, 383040, 0, 0, 0
15649, 346560, 0, 0, 0
15749, 405440, 0, 0, 0
15850, 353920, 0, 0, 0
15950, 381120, 0, 0, 0
16050, 437760, 0, 0, 0
16150, 344000, 0, 0, 0
16249, 339393, 0, 0, 0
16349, 325440, 0, 0, 0
16449, 414720, 0, 0, 0
16549, 368320, 0, 0, 0
16649, 394240, 0, 0, 0
16750, 367040, 0, 0, 0
16850, 395840, 0, 0, 0
16950, 394560, 0, 0, 0
17050, 365120, 0, 0, 0
17150, 368320, 0, 0, 0
17249, 344242, 0, 0, 0
17349, 383040, 0, 0, 0
17449, 388480, 0, 0, 0
17549, 360320, 0, 0, 0
17650, 369280, 0, 0, 0
17749, 373656, 0, 0, 0
17849, 338560, 0, 0, 0
17949, 390080, 0, 0, 0
18049, 464000, 0, 0, 0
18149, 396480, 0, 0, 0
18249, 336640, 0, 0, 0
18349, 386560, 0, 0, 0
18449, 361280, 0, 0, 0
18550, 364800, 0, 0, 0
18650, 402560, 0, 0, 0
18749, 372040, 0, 0, 0
18849, 374080, 0, 0, 0
18949, 367040, 0, 0, 0
19049, 398720, 0, 0, 0
19149, 392000, 0, 0, 0
19250, 400960, 0, 0, 0
19350, 337920, 0, 0, 0
19450, 376640, 0, 0, 0
19550, 353600, 0, 0, 0
19650, 370560, 0, 0, 0
19749, 329373, 0, 0, 0
19849, 438720, 0, 0, 0
19949, 400640, 0, 0, 0
20050, 395840, 0, 0, 0
20150, 392960, 0, 0, 0
20249, 423111, 0, 0, 0
20349, 417600, 0, 0, 0
20449, 376960, 0, 0, 0
20549, 366080, 0, 0, 0
20649, 335040, 0, 0, 0
20749, 373760, 0, 0, 0
20850, 337600, 0, 0, 0
20950, 430720, 0, 0, 0
21050, 421440, 0, 0, 0
21150, 365440, 0, 0, 0
21249, 386585, 0, 0, 0
21349, 427200, 0, 0, 0
21449, 401280, 0, 0, 0
21549, 351680, 0, 0, 0
21649, 380480, 0, 0, 0
21750, 407040, 0, 0, 0
21850, 358400, 0, 0, 0
21950, 362880, 0, 0, 0
22050, 399040, 0, 0, 0
22150, 344000, 0, 0, 0
22249, 405333, 0, 0, 0
22349, 390080, 0, 0, 0
22449, 396160, 0, 0, 0
22550, 389760, 0, 0, 0
22650, 343680, 0, 0, 0
22749, 358787, 0, 0, 0
22849, 334400, 0, 0, 0
22949, 421120, 0, 0, 0
23049, 395840, 0, 0, 0
23149, 407680, 0, 0, 0
23250, 404800, 0, 0, 0
23350, 368000, 0, 0, 0
23450, 322240, 0, 0, 0
23550, 361920, 0, 0, 0
23650, 389440, 0, 0, 0
23749, 374626, 0, 0, 0
23849, 419840, 0, 0, 0
23949, 382720, 0, 0, 0
24050, 365760, 0, 0, 0
24150, 360960, 0, 0, 0
24249, 361373, 0, 0, 0
24349, 366080, 0, 0, 0
24449, 362560, 0, 0, 0
24549, 403520, 0, 0, 0
24649, 400320, 0, 0, 0
24749, 388160, 0, 0, 0
24850, 412160, 0, 0, 0
24950, 375680, 0, 0, 0
25050, 349440, 0, 0, 0
25150, 375360, 0, 0, 0
25249, 320000, 0, 0, 0
25349, 372480, 0, 0, 0
25449, 366400, 0, 0, 0
25549, 356480, 0, 0, 0
25649, 369600, 0, 0, 0
25750, 350400, 0, 0, 0
25850, 396160, 0, 0, 0
25950, 390400, 0, 0, 0
26050, 384960, 0, 0, 0
26150, 353920, 0, 0, 0
26249, 428606, 0, 0, 0
26349, 344000, 0, 0, 0
26449, 357440, 0, 0, 0
26550, 398720, 0, 0, 0
26650, 361600, 0, 0, 0
26749, 375272, 0, 0, 0
26849, 399040, 0, 0, 0
26949, 367680, 0, 0, 0
27049, 367040, 0, 0, 0
27149, 404160, 0, 0, 0
27249, 367360, 0, 0, 0
27349, 408960, 0, 0, 0
27449, 416320, 0, 0, 0
27550, 363520, 0, 0, 0
27650, 441280, 0, 0, 0
27749, 400161, 0, 0, 0
27849, 388160, 0, 0, 0
27949, 297600, 0, 0, 0
28049, 393920, 0, 0, 0
28149, 413760, 0, 0, 0
28250, 351360, 0, 0, 0
28350, 394240, 0, 0, 0
28450, 350400, 0, 0, 0
28550, 416000, 0, 0, 0
28650, 408000, 0, 0, 0
28749, 388848, 0, 0, 0
28849, 388800, 0, 0, 0
28949, 406400, 0, 0, 0
29049, 337920, 0, 0, 0
29150, 322240, 0, 0, 0
29250, 404800, 0, 0, 0
29350, 402560, 0, 0, 0
29450, 340480, 0, 0, 0
29550, 360320, 0, 0, 0
29650, 370240, 0, 0, 0
29749, 358464, 0, 0, 0
29849, 360000, 0, 0, 0
29949, 388800, 0, 0, 0
30050, 398720, 0, 0, 0
30150, 405440, 0, 0, 0
30249, 378181, 0, 0, 0
30349, 350720, 0, 0, 0
30449, 378240, 0, 0, 0
30549, 365440, 0, 0, 0
30649, 382080, 0, 0, 0
30750, 350080, 0, 0, 0
30850, 356160, 0, 0, 0
30950, 370240, 0, 0, 0
31050, 406400, 0, 0, 0
31150, 370240, 0, 0, 0
31249, 321939, 0, 0, 0
31349, 358400, 0, 0, 0
31449, 373440, 0, 0, 0
31550, 382720, 0, 0, 0
31650, 385280, 0, 0, 0
31749, 369454, 0, 0, 0
31849, 361920, 0, 0, 0
31949, 376960, 0, 0, 0
32049, 394880, 0, 0, 0
32149, 364160, 0, 0, 0
32249, 374080, 0, 0, 0
32350, 347200, 0, 0, 0
32450, 331840, 0, 0, 0
32550, 358400, 0, 0, 0
32650, 357760, 0, 0, 0
32749, 386585, 0, 0, 0
32849, 380480, 0, 0, 0
32949, 389760, 0, 0, 0
33049, 379200, 0, 0, 0
33149, 343040, 0, 0, 0
33250, 378560, 0, 0, 0
33350, 381440, 0, 0, 0
33450, 332800, 0, 0, 0
33550, 324800, 0, 0, 0
33650, 389120, 0, 0, 0
33749, 379474, 0, 0, 0
33849, 415040, 0, 0, 0
33949, 419200, 0, 0, 0
34049, 404160, 0, 0, 0
34150, 377600, 0, 0, 0
34250, 383680, 0, 0, 0
34350, 374400, 0, 0, 0
34450, 387840, 0, 0, 0
34550, 386880, 0, 0, 0
34650, 349760, 0, 0, 0
34749, 355232, 0, 0, 0
34849, 404480, 0, 0, 0
34949, 348160, 0, 0, 0
35050, 407360, 0, 0, 0
35150, 394240, 0, 0, 0
35249, 347474, 0, 0, 0
35349, 406720, 0, 0, 0
35449, 377920, 0, 0, 0
35549, 364480, 0, 0, 0
35649, 378240, 0, 0, 0
35750, 378560, 0, 0, 0
35850, 376960, 0, 0, 0
35950, 410880, 0, 0, 0
36050, 363200, 0, 0, 0
36150, 387200, 0, 0, 0
36249, 365252, 0, 0, 0
36349, 401920, 0, 0, 0
36449, 368640, 0, 0, 0
36549, 406400, 0, 0, 0
36650, 395200, 0, 0, 0
36749, 405010, 0, 0, 0
36849, 422080, 0, 0, 0
36949, 376640, 0, 0, 0
37049, 404480, 0, 0, 0
37149, 392640, 0, 0, 0
37249, 373440, 0, 0, 0
37349, 360640, 0, 0, 0
37449, 379200, 0, 0, 0
37550, 295040, 0, 0, 0
37650, 409600, 0, 0, 0
37749, 315474, 0, 0, 0
37849, 348800, 0, 0, 0
37949, 381440, 0, 0, 0
38049, 364800, 0, 0, 0
38149, 377600, 0, 0, 0
38249, 350400, 0, 0, 0
38350, 285120, 0, 0, 0
38450, 287680, 0, 0, 0
38550, 236160, 0, 0, 0
38650, 260480, 0, 0, 0
38749, 233050, 0, 0, 0
38849, 319680, 0, 0, 0
38949, 404480, 0, 0, 0
39049, 397760, 0, 0, 0
39149, 366080, 0, 0, 0
39250, 349120, 0, 0, 0
39350, 295680, 0, 0, 0
39450, 415680, 0, 0, 0
39550, 214400, 0, 0, 0
39650, 157440, 0, 0, 0
39749, 352000, 0, 0, 0
39849, 304320, 0, 0, 0
39949, 303680, 0, 0, 0
40049, 383680, 0, 0, 0
40149, 382400, 0, 0, 0
40250, 372160, 0, 0, 0
40350, 433280, 0, 0, 0
40450, 291520, 0, 0, 0
40550, 272320, 0, 0, 0
40650, 321280, 0, 0, 0
40749, 330666, 0, 0, 0
40849, 285120, 0, 0, 0
40949, 330560, 0, 0, 0
41050, 408960, 0, 0, 0
41150, 341760, 0, 0, 0
41249, 345535, 0, 0, 0
41349, 346560, 0, 0, 0
41449, 277440, 0, 0, 0
41549, 400960, 0, 0, 0
41649, 250240, 0, 0, 0
41749, 348160, 0, 0, 0
41849, 345600, 0, 0, 0
41950, 302080, 0, 0, 0
42050, 327360, 0, 0, 0
42150, 384640, 0, 0, 0
42249, 371393, 0, 0, 0
42349, 364160, 0, 0, 0
42449, 367680, 0, 0, 0
42549, 315520, 0, 0, 0
42649, 357440, 0, 0, 0
42750, 390400, 0, 0, 0
42850, 352000, 0, 0, 0
42950, 287040, 0, 0, 0
43050, 319360, 0, 0, 0
43150, 371520, 0, 0, 0
43249, 322262, 0, 0, 0
43349, 399040, 0, 0, 0
43449, 329920, 0, 0, 0
43549, 344320, 0, 0, 0
43649, 368320, 0, 0, 0
43750, 391360, 0, 0, 0
43850, 359680, 0, 0, 0
43950, 311680, 0, 0, 0
44050, 388800, 0, 0, 0
44150, 379840, 0, 0, 0
44249, 384969, 0, 0, 0
44349, 373760, 0, 0, 0
44449, 370240, 0, 0, 0
44549, 376640, 0, 0, 0
44649, 352320, 0, 0, 0
44750, 346880, 0, 0, 0
44850, 327040, 0, 0, 0
44950, 329600, 0, 0, 0
45050, 335040, 0, 0, 0
45150, 398400, 0, 0, 0
45249, 344565, 0, 0, 0
45349, 351680, 0, 0, 0
45449, 404800, 0, 0, 0
45550, 366720, 0, 0, 0
45650, 377280, 0, 0, 0
45749, 375919, 0, 0, 0
45849, 363520, 0, 0, 0
45949, 359040, 0, 0, 0
46049, 344000, 0, 0, 0
46149, 378240, 0, 0, 0
46249, 374720, 0, 0, 0
46350, 378560, 0, 0, 0
46450, 402880, 0, 0, 0
46550, 347520, 0, 0, 0
46650, 345920, 0, 0, 0
46749, 402101, 0, 0, 0
46849, 340800, 0, 0, 0
46949, 393280, 0, 0, 0
47049, 319360, 0, 0, 0
47149, 393600, 0, 0, 0
47250, 364480, 0, 0, 0
47350, 378560, 0, 0, 0
47450, 403840, 0, 0, 0
47550, 412480, 0, 0, 0
47650, 370240, 0, 0, 0
47749, 378505, 0, 0, 0
47849, 348160, 0, 0, 0
47949, 374080, 0, 0, 0
48049, 381120, 0, 0, 0
48150, 399040, 0, 0, 0
48249, 378181, 0, 0, 0
48349, 371840, 0, 0, 0
48449, 377600, 0, 0, 0
48549, 342400, 0, 0, 0
48649, 344320, 0, 0, 0
48749, 354560, 0, 0, 0
48849, 311360, 0, 0, 0
48949, 319680, 0, 0, 0
49050, 365760, 0, 0, 0
49150, 350080, 0, 0, 0
49249, 371393, 0, 0, 0
49349, 387840, 0, 0, 0
49449, 367040, 0, 0, 0
49549, 376000, 0, 0, 0
49649, 385920, 0, 0, 0
49749, 322240, 0, 0, 0
49850, 268480, 0, 0, 0
49950, 299200, 0, 0, 0
50050, 381440, 0, 0, 0
50150, 303040, 0, 0, 0
50249, 329696, 0, 0, 0
50349, 358080, 0, 0, 0
50449, 376000, 0, 0, 0
50549, 387520, 0, 0, 0
50649, 318400, 0, 0, 0
50750, 360000, 0, 0, 0
50850, 303680, 0, 0, 0
50950, 368000, 0, 0, 0
51050, 337920, 0, 0, 0
51150, 310080, 0, 0, 0
51249, 358464, 0, 0, 0
51349, 404480, 0, 0, 0
51449, 386560, 0, 0, 0
51550, 384640, 0, 0, 0
51650, 352000, 0, 0, 0
51749, 375272, 0, 0, 0
51849, 381760, 0, 0, 0
51949, 313280, 0, 0, 0
52049, 381120, 0, 0, 0
52149, 382720, 0, 0, 0
52249, 335040, 0, 0, 0
52349, 355200, 0, 0, 0
52449, 355840, 0, 0, 0
52550, 450240, 0, 0, 0
52650, 362880, 0, 0, 0
52749, 407919, 0, 0, 0
52849, 383040, 0, 0, 0
52949, 381120, 0, 0, 0
53049, 384640, 0, 0, 0
53149, 390720, 0, 0, 0
53249, 307200, 0, 0, 0
53349, 348160, 0, 0, 0
53450, 363520, 0, 0, 0
53550, 419520, 0, 0, 0
53650, 401600, 0, 0, 0
53749, 365898, 0, 0, 0
53849, 397760, 0, 0, 0
53949, 367680, 0, 0, 0
54049, 337920, 0, 0, 0
54149, 375360, 0, 0, 0
54250, 364800, 0, 0, 0
54350, 370240, 0, 0, 0
54450, 368000, 0, 0, 0
54550, 339520, 0, 0, 0
54650, 395840, 0, 0, 0
54749, 412121, 0, 0, 0
54849, 388480, 0, 0, 0
54949, 345600, 0, 0, 0
55050, 319680, 0, 0, 0
55150, 380160, 0, 0, 0
55249, 368161, 0, 0, 0
55349, 335360, 0, 0, 0
55449, 425920, 0, 0, 0
55549, 356800, 0, 0, 0
55649, 348480, 0, 0, 0
55749, 425600, 0, 0, 0
55849, 322880, 0, 0, 0
55950, 377600, 0, 0, 0
56050, 403200, 0, 0, 0
56150, 366400, 0, 0, 0
56249, 360404, 0, 0, 0
56349, 377600, 0, 0, 0
56449, 413120, 0, 0, 0
56549, 410880, 0, 0, 0
56649, 349440, 0, 0, 0
56750, 387840, 0, 0, 0
56850, 330560, 0, 0, 0
56950, 447040, 0, 0, 0
57050, 370880, 0, 0, 0
57150, 390720, 0, 0, 0
57249, 362020, 0, 0, 0
57349, 334720, 0, 0, 0
57449, 353280, 0, 0, 0
57549, 379520, 0, 0, 0
57649, 405120, 0, 0, 0
57750, 400640, 0, 0, 0
57850, 393920, 0, 0, 0
57950, 410880, 0, 0, 0
58050, 382080, 0, 0, 0
58150, 335360, 0, 0, 0
58249, 423111, 0, 0, 0
58349, 412160, 0, 0, 0
58449, 391360, 0, 0, 0
58550, 393600, 0, 0, 0
58650, 391360, 0, 0, 0
58749, 380767, 0, 0, 0
58849, 358400, 0, 0, 0
58949, 384000, 0, 0, 0
59049, 430400, 0, 0, 0
59149, 360320, 0, 0, 0
59249, 320320, 0, 0, 0
59349, 369920, 0, 0, 0
59449, 397120, 0, 0, 0
59550, 348160, 0, 0, 0
59650, 463040, 0, 0, 0
59749, 413414, 0, 0, 0
59849, 335360, 0, 0, 0
59949, 364800, 0, 0, 0
60049, 384640, 0, 0, 0
60149, 391040, 0, 0, 0
60250, 327680, 0, 0, 0
60350, 369920, 0, 0, 0
60450, 344000, 0, 0, 0
60550, 400960, 0, 0, 0
60650, 363520, 0, 0, 0
60749, 380444, 0, 0, 0
60849, 402880, 0, 0, 0
60949, 374720, 0, 0, 0
61049, 390720, 0, 0, 0
61150, 372160, 0, 0, 0
61250, 371840, 0, 0, 0
61350, 413120, 0, 0, 0
61450, 378880, 0, 0, 0
61550, 380480, 0, 0, 0
61650, 432960, 0, 0, 0
61749, 394666, 0, 0, 0
61849, 356800, 0, 0, 0
61949, 395200, 0, 0, 0
62050, 382080, 0, 0, 0
62150, 401920, 0, 0, 0
62249, 408565, 0, 0, 0
62349, 390080, 0, 0, 0
62449, 344960, 0, 0, 0
62549, 391360, 0, 0, 0
62649, 375040, 0, 0, 0
62749, 376000, 0, 0, 0
62849, 383040, 0, 0, 0
62950, 362240, 0, 0, 0
63050, 351040, 0, 0, 0
63150, 467200, 0, 0, 0
63249, 353292, 0, 0, 0
63349, 404160, 0, 0, 0
63449, 364480, 0, 0, 0
63550, 353280, 0, 0, 0
63650, 312320, 0, 0, 0
63750, 417920, 0, 0, 0
63850, 429440, 0, 0, 0
63950, 403200, 0, 0, 0
64050, 307520, 0, 0, 0
64150, 398400, 0, 0, 0
64249, 398868, 0, 0, 0
64349, 413440, 0, 0, 0
64449, 412480, 0, 0, 0
64550, 317760, 0, 0, 0
64650, 387520, 0, 0, 0
64749, 395636, 0, 0, 0
64849, 354240, 0, 0, 0
64949, 381440, 0, 0, 0
65049, 388800, 0, 0, 0
65149, 398080, 0, 0, 0
65249, 393600, 0, 0, 0
65349, 398080, 0, 0, 0
65450, 382720, 0, 0, 0
65550, 338880, 0, 0, 0
65650, 404800, 0, 0, 0
65749, 410181, 0, 0, 0
65849, 409280, 0, 0, 0
65949, 368000, 0, 0, 0
66049, 353920, 0, 0, 0
66149, 418880, 0, 0, 0
66250, 358720, 0, 0, 0
66350, 329280, 0, 0, 0
66450, 344960, 0, 0, 0
66550, 357440, 0, 0, 0
66650, 361920, 0, 0, 0
66749, 367838, 0, 0, 0
66849, 384000, 0, 0, 0
66949, 409920, 0, 0, 0
67050, 376640, 0, 0, 0
67150, 329280, 0, 0, 0
67249, 410828, 0, 0, 0
67349, 424960, 0, 0, 0
67449, 413440, 0, 0, 0
67549, 403520, 0, 0, 0
67649, 343040, 0, 0, 0
67749, 345920, 0, 0, 0
67849, 340160, 0, 0, 0
67950, 405120, 0, 0, 0
68050, 395520, 0, 0, 0
68150, 403840, 0, 0, 0
68249, 305454, 0, 0, 0
68349, 364160, 0, 0, 0
68449, 348160, 0, 0, 0
68549, 381120, 0, 0, 0
68649, 388160, 0, 0, 0
68750, 377920, 0, 0, 0
68850, 430080, 0, 0, 0
68950, 390080, 0, 0, 0
69050, 423360, 0, 0, 0
69150, 363840, 0, 0, 0
69249, 381737, 0, 0, 0
69349, 374720, 0, 0, 0
69449, 363200, 0, 0, 0
69549, 395520, 0, 0, 0
69649, 375680, 0, 0, 0
69750, 373120, 0, 0, 0
69850, 387200, 0, 0, 0
69950, 348160, 0, 0, 0
70050, 343680, 0, 0, 0
70150, 398400, 0, 0, 0
70249, 337777, 0, 0, 0
70349, 393920, 0, 0, 0
70449, 346240, 0, 0, 0
70550, 373760, 0, 0, 0
70650, 382400, 0, 0, 0
70749, 408242, 0, 0, 0
70849, 376000, 0, 0, 0
70949, 350720, 0, 0, 0
71049, 358720, 0, 0, 0
71149, 408000, 0, 0, 0
71250, 421120, 0, 0, 0
71350, 313600, 0, 0, 0
71450, 404800, 0, 0, 0
71550, 410880, 0, 0, 0
71650, 374400, 0, 0, 0
71749, 355878, 0, 0, 0
71849, 423040, 0, 0, 0
71949, 366400, 0, 0, 0
72049, 379520, 0, 0, 0
72150, 365440, 0, 0, 0
72250, 385280, 0, 0, 0
72350, 376000, 0, 0, 0
72450, 383680, 0, 0, 0
72550, 426880, 0, 0, 0
72650, 388160, 0, 0, 0
72749, 356202, 0, 0, 0
72849, 383040, 0, 0, 0
72949, 347200, 0, 0, 0
73050, 399360, 0, 0, 0
73150, 370880, 0, 0, 0
73249, 365898, 0, 0, 0
73349, 395520, 0, 0, 0
73449, 406720, 0, 0, 0
73549, 374080, 0, 0, 0
73649, 393600, 0, 0, 0
73749, 387200, 0, 0, 0
73849, 381760, 0, 0, 0
73950, 362880, 0, 0, 0
74050, 393600, 0, 0, 0
74150, 390080, 0, 0, 0
74249, 391111, 0, 0, 0
74349, 387840, 0, 0, 0
74449, 387840, 0, 0, 0
74549, 371520, 0, 0, 0
74649, 344960, 0, 0, 0
74750, 376640, 0, 0, 0
74850, 364800, 0, 0, 0
74950, 399360, 0, 0, 0
75050, 368640, 0, 0, 0
75150, 350400, 0, 0, 0
75249, 351353, 0, 0, 0
75349, 386880, 0, 0, 0
75449, 418880, 0, 0, 0
75549, 374720, 0, 0, 0
75649, 385280, 0, 0, 0
75750, 399680, 0, 0, 0
75850, 384640, 0, 0, 0
75950, 337280, 0, 0, 0
76050, 354880, 0, 0, 0
76150, 344640, 0, 0, 0
76249, 373656, 0, 0, 0
76349, 413760, 0, 0, 0
76449, 367040, 0, 0, 0
76550, 419200, 0, 0, 0
76650, 365120, 0, 0, 0
76749, 350383, 0, 0, 0
76849, 362240, 0, 0, 0
76949, 409920, 0, 0, 0
77049, 429760, 0, 0, 0
77149, 395840, 0, 0, 0
77249, 380160, 0, 0, 0
77349, 411520, 0, 0, 0
77449, 392320, 0, 0, 0
77550, 394560, 0, 0, 0
77650, 368000, 0, 0, 0
77749, 384000, 0, 0, 0
77849, 400320, 0, 0, 0
77949, 398080, 0, 0, 0
78049, 387840, 0, 0, 0
78149, 401280, 0, 0, 0
78249, 365440, 0, 0, 0
78349, 375360, 0, 0, 0
78449, 380160, 0, 0, 0
78550, 386880, 0, 0, 0
78650, 369280, 0, 0, 0
78749, 367838, 0, 0, 0
78849, 377600, 0, 0, 0
78949, 429440, 0, 0, 0
79049, 381760, 0, 0, 0
79149, 389440, 0, 0, 0
79250, 358400, 0, 0, 0
79350, 379840, 0, 0, 0
79450, 368960, 0, 0, 0
79550, 385280, 0, 0, 0
79650, 368000, 0, 0, 0
79749, 335838, 0, 0, 0
79849, 392960, 0, 0, 0
79949, 377600, 0, 0, 0
80050, 402240, 0, 0, 0
80150, 418560, 0, 0, 0
80249, 425050, 0, 0, 0
80349, 396480, 0, 0, 0
80449, 380800, 0, 0, 0
80549, 355200, 0, 0, 0
80649, 351040, 0, 0, 0
80749, 441600, 0, 0, 0
80850, 364160, 0, 0, 0
80950, 359040, 0, 0, 0
81050, 398080, 0, 0, 0
81150, 434880, 0, 0, 0
81249, 315151, 0, 0, 0
81349, 354560, 0, 0, 0
81449, 393600, 0, 0, 0
81549, 371840, 0, 0, 0
81650, 354560, 0, 0, 0
81750, 361920, 0, 0, 0
81850, 345920, 0, 0, 0
81950, 384640, 0, 0, 0
82050, 390720, 0, 0, 0
82150, 375680, 0, 0, 0
82249, 394020, 0, 0, 0
82349, 374080, 0, 0, 0
82449, 361600, 0, 0, 0
82550, 397760, 0, 0, 0
82650, 405760, 0, 0, 0
82749, 361373, 0, 0, 0
82849, 412480, 0, 0, 0
82949, 342080, 0, 0, 0
83049, 340160, 0, 0, 0
83149, 359360, 0, 0, 0
83249, 397120, 0, 0, 0
83350, 394240, 0, 0, 0
83450, 378880, 0, 0, 0
83550, 341120, 0, 0, 0
83650, 419840, 0, 0, 0
83749, 370101, 0, 0, 0
83849, 390080, 0, 0, 0
83949, 368000, 0, 0, 0
84049, 376320, 0, 0, 0
84149, 369280, 0, 0, 0
84250, 405760, 0, 0, 0
84350, 366080, 0, 0, 0
84450, 380800, 0, 0, 0
84550, 377280, 0, 0, 0
84650, 394560, 0, 0, 0
84749, 310949, 0, 0, 0
84849, 396160, 0, 0, 0
84949, 381760, 0, 0, 0
85050, 383360, 0, 0, 0
85150, 388160, 0, 0, 0
85249, 330989, 0, 0, 0
85349, 376320, 0, 0, 0
85449, 399040, 0, 0, 0
85549, 322880, 0, 0, 0
85649, 416640, 0, 0, 0
85749, 331200, 0, 0, 0
85849, 304000, 0, 0, 0
85949, 374080, 0, 0, 0
86050, 356480, 0, 0, 0
86150, 352640, 0, 0, 0
86249, 379474, 0, 0, 0
86349, 384320, 0, 0, 0
86449, 360960, 0, 0, 0
86549, 303680, 0, 0, 0
86649, 397440, 0, 0, 0
86749, 332160, 0, 0, 0
86850, 349760, 0, 0, 0
86950, 375680, 0, 0, 0
87050, 365120, 0, 0, 0
87150, 334080, 0, 0, 0
87249, 389171, 0, 0, 0
87349, 409600, 0, 0, 0
87449, 377920, 0, 0, 0
87549, 349760, 0, 0, 0
87649, 347200, 0, 0, 0
87750, 326080, 0, 0, 0
87850, 362240, 0, 0, 0
87950, 394560, 0, 0, 0
88050, 374080, 0, 0, 0
88150, 348480, 0, 0, 0
88249, 384969, 0, 0, 0
88349, 424960, 0, 0, 0
88449, 331840, 0, 0, 0
88550, 422720, 0, 0, 0
88650, 382720, 0, 0, 0
88749, 328080, 0, 0, 0
88849, 370240, 0, 0, 0
88949, 345280, 0, 0, 0
89049, 443200, 0, 0, 0
89149, 403520, 0, 0, 0
89249, 341760, 0, 0, 0
89349, 380160, 0, 0, 0
89450, 380800, 0, 0, 0
89550, 364160, 0, 0, 0
89650, 387840, 0, 0, 0
89749, 356525, 0, 0, 0
89849, 383360, 0, 0, 0
89949, 375040, 0, 0, 0
