100, 8519, 0, 0, 0
200, 8018, 0, 0, 0
300, 7600, 0, 0, 0
400, 8070, 0, 0, 0
500, 8121, 0, 0, 0
600, 8672, 0, 0, 0
700, 7731, 0, 0, 0
800, 8337, 0, 0, 0
900, 6966, 0, 0, 0
1000, 7484, 0, 0, 0
1100, 8717, 0, 0, 0
1200, 8335, 0, 0, 0
1300, 8069, 0, 0, 0
1400, 8362, 0, 0, 0
1500, 7309, 0, 0, 0
1600, 8516, 0, 0, 0
1700, 8877, 0, 0, 0
1800, 8730, 0, 0, 0
1900, 7637, 0, 0, 0
2000, 7835, 0, 0, 0
2100, 7586, 0, 0, 0
2200, 9075, 0, 0, 0
2300, 7886, 0, 0, 0
2400, 8613, 0, 0, 0
2500, 7935, 0, 0, 0
2600, 8037, 0, 0, 0
2700, 7545, 0, 0, 0
2800, 8591, 0, 0, 0
2900, 8291, 0, 0, 0
3000, 8364, 0, 0, 0
3100, 8825, 0, 0, 0
3200, 7961, 0, 0, 0
3300, 8403, 0, 0, 0
3400, 8341, 0, 0, 0
3500, 8199, 0, 0, 0
3600, 7693, 0, 0, 0
3700, 7371, 0, 0, 0
3800, 7700, 0, 0, 0
3900, 7487, 0, 0, 0
4000, 8410, 0, 0, 0
4100, 7885, 0, 0, 0
4200, 8094, 0, 0, 0
4300, 7525, 0, 0, 0
4400, 8684, 0, 0, 0
4500, 8418, 0, 0, 0
4600, 7849, 0, 0, 0
4700, 7991, 0, 0, 0
4800, 8118, 0, 0, 0
4900, 7697, 0, 0, 0
5000, 7831, 0, 0, 0
5100, 9451, 0, 0, 0
5200, 7606, 0, 0, 0
5300, 8048, 0, 0, 0
5400, 8704, 0, 0, 0
5500, 8057, 0, 0, 0
5600, 7449, 0, 0, 0
5700, 8384, 0, 0, 0
5800, 7866, 0, 0, 0
5900, 8459, 0, 0, 0
6000, 8236, 0, 0, 0
6100, 8989, 0, 0, 0
6200, 7647, 0, 0, 0
6300, 8533, 0, 0, 0
6400, 7770, 0, 0, 0
6500, 8066, 0, 0, 0
6600, 7861, 0, 0, 0
6700, 7013, 0, 0, 0
6800, 8664, 0, 0, 0
6900, 8057, 0, 0, 0
7000, 7652, 0, 0, 0
7100, 8691, 0, 0, 0
7200, 8036, 0, 0, 0
7300, 7141, 0, 0, 0
7400, 8547, 0, 0, 0
7500, 8462, 0, 0, 0
7600, 7925, 0, 0, 0
7700, 8198, 0, 0, 0
7800, 8169, 0, 0, 0
7900, 7757, 0, 0, 0
8000, 8733, 0, 0, 0
8100, 7821, 0, 0, 0
8200, 8200, 0, 0, 0
8300, 7572, 0, 0, 0
8400, 7740, 0, 0, 0
8500, 7898, 0, 0, 0
8600, 7915, 0, 0, 0
8700, 7976, 0, 0, 0
8800, 7955, 0, 0, 0
8900, 9089, 0, 0, 0
9000, 7916, 0, 0, 0
9100, 8816, 0, 0, 0
9200, 7831, 0, 0, 0
9300, 8120, 0, 0, 0
9400, 6860, 0, 0, 0
9500, 8421, 0, 0, 0
9600, 7309, 0, 0, 0
9700, 7865, 0, 0, 0
9800, 8263, 0, 0, 0
9900, 9013, 0, 0, 0
10000, 7874, 0, 0, 0
10100, 8232, 0, 0, 0
10200, 8149, 0, 0, 0
10300, 7387, 0, 0, 0
10400, 8623, 0, 0, 0
10500, 8103, 0, 0, 0
10600, 7678, 0, 0, 0
10700, 8561, 0, 0, 0
10800, 7760, 0, 0, 0
10900, 7606, 0, 0, 0
11000, 8126, 0, 0, 0
11100, 7985, 0, 0, 0
11200, 7569, 0, 0, 0
11300, 7777, 0, 0, 0
11400, 8142, 0, 0, 0
11500, 7430, 0, 0, 0
11600, 8100, 0, 0, 0
11700, 7987, 0, 0, 0
11800, 7874, 0, 0, 0
11900, 8172, 0, 0, 0
12000, 7569, 0, 0, 0
12100, 7274, 0, 0, 0
12200, 8055, 0, 0, 0
12300, 8197, 0, 0, 0
12400, 8393, 0, 0, 0
12500, 8719, 0, 0, 0
12600, 8350, 0, 0, 0
12700, 7957, 0, 0, 0
12800, 7675, 0, 0, 0
12900, 7962, 0, 0, 0
13000, 8425, 0, 0, 0
13100, 8567, 0, 0, 0
13200, 8310, 0, 0, 0
13300, 7372, 0, 0, 0
13400, 7982, 0, 0, 0
13500, 7552, 0, 0, 0
13600, 6882, 0, 0, 0
13700, 7063, 0, 0, 0
13800, 8455, 0, 0, 0
13900, 8665, 0, 0, 0
14000, 9194, 0, 0, 0
14100, 9127, 0, 0, 0
14200, 7376, 0, 0, 0
14300, 8038, 0, 0, 0
14400, 7841, 0, 0, 0
14500, 8344, 0, 0, 0
14600, 7518, 0, 0, 0
14700, 7675, 0, 0, 0
14800, 8032, 0, 0, 0
14900, 8931, 0, 0, 0
15000, 7655, 0, 0, 0
15100, 8762, 0, 0, 0
15200, 10106, 0, 0, 0
15300, 9649, 0, 0, 0
15400, 9841, 0, 0, 0
15500, 9304, 0, 0, 0
15600, 8836, 0, 0, 0
15700, 9651, 0, 0, 0
15800, 9849, 0, 0, 0
15900, 7545, 0, 0, 0
16000, 8774, 0, 0, 0
16100, 9541, 0, 0, 0
16200, 8591, 0, 0, 0
16300, 7402, 0, 0, 0
16400, 9354, 0, 0, 0
16500, 9358, 0, 0, 0
16600, 7968, 0, 0, 0
16700, 8803, 0, 0, 0
16800, 9894, 0, 0, 0
16900, 8424, 0, 0, 0
17000, 9007, 0, 0, 0
17100, 8713, 0, 0, 0
17200, 9993, 0, 0, 0
17300, 9970, 0, 0, 0
17400, 9261, 0, 0, 0
17500, 8835, 0, 0, 0
17600, 8136, 0, 0, 0
17700, 8496, 0, 0, 0
17800, 9501, 0, 0, 0
17900, 9240, 0, 0, 0
18000, 9452, 0, 0, 0
18100, 9037, 0, 0, 0
18200, 8532, 0, 0, 0
18300, 8053, 0, 0, 0
18400, 9239, 0, 0, 0
18500, 9139, 0, 0, 0
18600, 8389, 0, 0, 0
18700, 8430, 0, 0, 0
18800, 11585, 0, 0, 0
18900, 8905, 0, 0, 0
19000, 10479, 0, 0, 0
19100, 7943, 0, 0, 0
19200, 9174, 0, 0, 0
19300, 8122, 0, 0, 0
19400, 8537, 0, 0, 0
19500, 7987, 0, 0, 0
19600, 8696, 0, 0, 0
19700, 9028, 0, 0, 0
19800, 9766, 0, 0, 0
19900, 8718, 0, 0, 0
20000, 9218, 0, 0, 0
20100, 10036, 0, 0, 0
20200, 8645, 0, 0, 0
20300, 8544, 0, 0, 0
20400, 8395, 0, 0, 0
20500, 9076, 0, 0, 0
20600, 8419, 0, 0, 0
20700, 9065, 0, 0, 0
20800, 8708, 0, 0, 0
20900, 8343, 0, 0, 0
21000, 7614, 0, 0, 0
21100, 8707, 0, 0, 0
21200, 10544, 0, 0, 0
21300, 8937, 0, 0, 0
21400, 8066, 0, 0, 0
21500, 9281, 0, 0, 0
21600, 8161, 0, 0, 0
21700, 7783, 0, 0, 0
21800, 9052, 0, 0, 0
21900, 8651, 0, 0, 0
22000, 8451, 0, 0, 0
22100, 8192, 0, 0, 0
22200, 8384, 0, 0, 0
22300, 8764, 0, 0, 0
22400, 8091, 0, 0, 0
22500, 9341, 0, 0, 0
22600, 9518, 0, 0, 0
22700, 9791, 0, 0, 0
22800, 8229, 0, 0, 0
22900, 8306, 0, 0, 0
23000, 8328, 0, 0, 0
23100, 7558, 0, 0, 0
23200, 8186, 0, 0, 0
23300, 9131, 0, 0, 0
23400, 9642, 0, 0, 0
23500, 8284, 0, 0, 0
23600, 10168, 0, 0, 0
23700, 8964, 0, 0, 0
23800, 9740, 0, 0, 0
23900, 9261, 0, 0, 0
24000, 8803, 0, 0, 0
24100, 9633, 0, 0, 0
24200, 9194, 0, 0, 0
24300, 8815, 0, 0, 0
24400, 8632, 0, 0, 0
24500, 9278, 0, 0, 0
24600, 8939, 0, 0, 0
24700, 8583, 0, 0, 0
24800, 9477, 0, 0, 0
24900, 9032, 0, 0, 0
25000, 8677, 0, 0, 0
25100, 9132, 0, 0, 0
25200, 9506, 0, 0, 0
25300, 8186, 0, 0, 0
25400, 8383, 0, 0, 0
25500, 8341, 0, 0, 0
25600, 8542, 0, 0, 0
25700, 9018, 0, 0, 0
25800, 8631, 0, 0, 0
25900, 7835, 0, 0, 0
26000, 8760, 0, 0, 0
26100, 9565, 0, 0, 0
26200, 8754, 0, 0, 0
26300, 8596, 0, 0, 0
26400, 8726, 0, 0, 0
26500, 9369, 0, 0, 0
26600, 9215, 0, 0, 0
26700, 7862, 0, 0, 0
26800, 7908, 0, 0, 0
26900, 8770, 0, 0, 0
27000, 9340, 0, 0, 0
27100, 8853, 0, 0, 0
27200, 7451, 0, 0, 0
27300, 8815, 0, 0, 0
27400, 8084, 0, 0, 0
27500, 9393, 0, 0, 0
27600, 9734, 0, 0, 0
27700, 8030, 0, 0, 0
27800, 7742, 0, 0, 0
27900, 8638, 0, 0, 0
28000, 7735, 0, 0, 0
28100, 9776, 0, 0, 0
28200, 8834, 0, 0, 0
28300, 9710, 0, 0, 0
28400, 9195, 0, 0, 0
28500, 8744, 0, 0, 0
28600, 9046, 0, 0, 0
28700, 8221, 0, 0, 0
28800, 8299, 0, 0, 0
28900, 8529, 0, 0, 0
29000, 8463, 0, 0, 0
29100, 8725, 0, 0, 0
29200, 9821, 0, 0, 0
29300, 8870, 0, 0, 0
29400, 8117, 0, 0, 0
29500, 8889, 0, 0, 0
29600, 8912, 0, 0, 0
29700, 8657, 0, 0, 0
29800, 8392, 0, 0, 0
29900, 7830, 0, 0, 0
30000, 8304, 0, 0, 0
30100, 8415, 0, 0, 0
30200, 8251, 0, 0, 0
30300, 8953, 0, 0, 0
30400, 9257, 0, 0, 0
30500, 8657, 0, 0, 0
30600, 8621, 0, 0, 0
30700, 9263, 0, 0, 0
30800, 9767, 0, 0, 0
30900, 8019, 0, 0, 0
31000, 8239, 0, 0, 0
31100, 7408, 0, 0, 0
31200, 7915, 0, 0, 0
31300, 8056, 0, 0, 0
31400, 9151, 0, 0, 0
31500, 7550, 0, 0, 0
31600, 8505, 0, 0, 0
31700, 8574, 0, 0, 0
31800, 8952, 0, 0, 0
31900, 9031, 0, 0, 0
32000, 9301, 0, 0, 0
32100, 9438, 0, 0, 0
32200, 9323, 0, 0, 0
32300, 9488, 0, 0, 0
32400, 7864, 0, 0, 0
32500, 8671, 0, 0, 0
32600, 9223, 0, 0, 0
32700, 8178, 0, 0, 0
32800, 9029, 0, 0, 0
32900, 7535, 0, 0, 0
33000, 7646, 0, 0, 0
33100, 8359, 0, 0, 0
33200, 8454, 0, 0, 0
33300, 8556, 0, 0, 0
33400, 9230, 0, 0, 0
33500, 8301, 0, 0, 0
33600, 8319, 0, 0, 0
33700, 8018, 0, 0, 0
33800, 8767, 0, 0, 0
33900, 8178, 0, 0, 0
34000, 9199, 0, 0, 0
34100, 9217, 0, 0, 0
34200, 9479, 0, 0, 0
34300, 9151, 0, 0, 0
34400, 7977, 0, 0, 0
34500, 8673, 0, 0, 0
34600, 9383, 0, 0, 0
34700, 8045, 0, 0, 0
34800, 9600, 0, 0, 0
34900, 8389, 0, 0, 0
35000, 9811, 0, 0, 0
35100, 8675, 0, 0, 0
35200, 8751, 0, 0, 0
35300, 8898, 0, 0, 0
35400, 8712, 0, 0, 0
35500, 8303, 0, 0, 0
35600, 10230, 0, 0, 0
35700, 8927, 0, 0, 0
35800, 9711, 0, 0, 0
35900, 9966, 0, 0, 0
36000, 8990, 0, 0, 0
36100, 8510, 0, 0, 0
36200, 8935, 0, 0, 0
36300, 8433, 0, 0, 0
36400, 9100, 0, 0, 0
36500, 8494, 0, 0, 0
36600, 9399, 0, 0, 0
36700, 7495, 0, 0, 0
36800, 8348, 0, 0, 0
36900, 9313, 0, 0, 0
37000, 7947, 0, 0, 0
37100, 8590, 0, 0, 0
37200, 8790, 0, 0, 0
37300, 7773, 0, 0, 0
37400, 7401, 0, 0, 0
37500, 7662, 0, 0, 0
37600, 7396, 0, 0, 0
37700, 7734, 0, 0, 0
37800, 8396, 0, 0, 0
37900, 7929, 0, 0, 0
38000, 8317, 0, 0, 0
38100, 7683, 0, 0, 0
38200, 7792, 0, 0, 0
38300, 8668, 0, 0, 0
38400, 8388, 0, 0, 0
38500, 8957, 0, 0, 0
38600, 8479, 0, 0, 0
38700, 7739, 0, 0, 0
38800, 8532, 0, 0, 0
38900, 7607, 0, 0, 0
39000, 8566, 0, 0, 0
39100, 7877, 0, 0, 0
39200, 7075, 0, 0, 0
39300, 8280, 0, 0, 0
39400, 9013, 0, 0, 0
39500, 9694, 0, 0, 0
39600, 8780, 0, 0, 0
39700, 8262, 0, 0, 0
39800, 10602, 0, 0, 0
39900, 8022, 0, 0, 0
40000, 8364, 0, 0, 0
40100, 8691, 0, 0, 0
40200, 9866, 0, 0, 0
40300, 8070, 0, 0, 0
40400, 8504, 0, 0, 0
40500, 8643, 0, 0, 0
40600, 10328, 0, 0, 0
40700, 7654, 0, 0, 0
40800, 8768, 0, 0, 0
40900, 8641, 0, 0, 0
41000, 10136, 0, 0, 0
41100, 8786, 0, 0, 0
41200, 9257, 0, 0, 0
41300, 8169, 0, 0, 0
41400, 9946, 0, 0, 0
41500, 9362, 0, 0, 0
41600, 10427, 0, 0, 0
41700, 8762, 0, 0, 0
41800, 8995, 0, 0, 0
41900, 8898, 0, 0, 0
42000, 9123, 0, 0, 0
42100, 8163, 0, 0, 0
42200, 9159, 0, 0, 0
42300, 8809, 0, 0, 0
42400, 8837, 0, 0, 0
42500, 9141, 0, 0, 0
42600, 9226, 0, 0, 0
42700, 7864, 0, 0, 0
42800, 8692, 0, 0, 0
42900, 8227, 0, 0, 0
43000, 8305, 0, 0, 0
43100, 7712, 0, 0, 0
43200, 8288, 0, 0, 0
43300, 7721, 0, 0, 0
43400, 7779, 0, 0, 0
43500, 8368, 0, 0, 0
43600, 8942, 0, 0, 0
43700, 9229, 0, 0, 0
43800, 8508, 0, 0, 0
43900, 8431, 0, 0, 0
44000, 8232, 0, 0, 0
44100, 9301, 0, 0, 0
44200, 8871, 0, 0, 0
44300, 8284, 0, 0, 0
44400, 8949, 0, 0, 0
44500, 8120, 0, 0, 0
44600, 8435, 0, 0, 0
44700, 8291, 0, 0, 0
44800, 8946, 0, 0, 0
44900, 8725, 0, 0, 0
45000, 8680, 0, 0, 0
45100, 8928, 0, 0, 0
45200, 8549, 0, 0, 0
45300, 7957, 0, 0, 0
45400, 8858, 0, 0, 0
45500, 8483, 0, 0, 0
45600, 7972, 0, 0, 0
45700, 8739, 0, 0, 0
45800, 8364, 0, 0, 0
45900, 8406, 0, 0, 0
46000, 8543, 0, 0, 0
46100, 7652, 0, 0, 0
46200, 8574, 0, 0, 0
46300, 8982, 0, 0, 0
46400, 8751, 0, 0, 0
46500, 8159, 0, 0, 0
46600, 10010, 0, 0, 0
46700, 8345, 0, 0, 0
46800, 8932, 0, 0, 0
46900, 8291, 0, 0, 0
47000, 9198, 0, 0, 0
47100, 8126, 0, 0, 0
47200, 8562, 0, 0, 0
47300, 8468, 0, 0, 0
47400, 8209, 0, 0, 0
47500, 8810, 0, 0, 0
47600, 8156, 0, 0, 0
47700, 10310, 0, 0, 0
47800, 8606, 0, 0, 0
47900, 8454, 0, 0, 0
48000, 8294, 0, 0, 0
48100, 9330, 0, 0, 0
48200, 8350, 0, 0, 0
48300, 8154, 0, 0, 0
48400, 9312, 0, 0, 0
48500, 8998, 0, 0, 0
48600, 8649, 0, 0, 0
48700, 8762, 0, 0, 0
48800, 9368, 0, 0, 0
48900, 8989, 0, 0, 0
49000, 9142, 0, 0, 0
49100, 8346, 0, 0, 0
49200, 9335, 0, 0, 0
49300, 7929, 0, 0, 0
49400, 7767, 0, 0, 0
49500, 8802, 0, 0, 0
49600, 8810, 0, 0, 0
49700, 8521, 0, 0, 0
49800, 8721, 0, 0, 0
49900, 9668, 0, 0, 0
50000, 8004, 0, 0, 0
50100, 9488, 0, 0, 0
50200, 8738, 0, 0, 0
50300, 9061, 0, 0, 0
50400, 8768, 0, 0, 0
50500, 8154, 0, 0, 0
50600, 8353, 0, 0, 0
50700, 8378, 0, 0, 0
50800, 8264, 0, 0, 0
50900, 8649, 0, 0, 0
51000, 8002, 0, 0, 0
51100, 9006, 0, 0, 0
51200, 7446, 0, 0, 0
51300, 8571, 0, 0, 0
51400, 11733, 0, 0, 0
51500, 8469, 0, 0, 0
51600, 8413, 0, 0, 0
51700, 9339, 0, 0, 0
51800, 8550, 0, 0, 0
51900, 8288, 0, 0, 0
52000, 8685, 0, 0, 0
52100, 8469, 0, 0, 0
52200, 8463, 0, 0, 0
52300, 8719, 0, 0, 0
52400, 9519, 0, 0, 0
52500, 8633, 0, 0, 0
52600, 9044, 0, 0, 0
52700, 9050, 0, 0, 0
52800, 8334, 0, 0, 0
52900, 9034, 0, 0, 0
53000, 9552, 0, 0, 0
53100, 9250, 0, 0, 0
53200, 8081, 0, 0, 0
53300, 10315, 0, 0, 0
53400, 8759, 0, 0, 0
53500, 9041, 0, 0, 0
53600, 8220, 0, 0, 0
53700, 9184, 0, 0, 0
53800, 8857, 0, 0, 0
53900, 8220, 0, 0, 0
54000, 9020, 0, 0, 0
54100, 9125, 0, 0, 0
54200, 7961, 0, 0, 0
54300, 8828, 0, 0, 0
54400, 8463, 0, 0, 0
54500, 9043, 0, 0, 0
54600, 9771, 0, 0, 0
54700, 8960, 0, 0, 0
54800, 8524, 0, 0, 0
54900, 8768, 0, 0, 0
55000, 8475, 0, 0, 0
55100, 8037, 0, 0, 0
55200, 8048, 0, 0, 0
55300, 8987, 0, 0, 0
55400, 8224, 0, 0, 0
55500, 9151, 0, 0, 0
55600, 8439, 0, 0, 0
55700, 9308, 0, 0, 0
55800, 8895, 0, 0, 0
55900, 9512, 0, 0, 0
56000, 10115, 0, 0, 0
56100, 8351, 0, 0, 0
56200, 10224, 0, 0, 0
56300, 8410, 0, 0, 0
56400, 9151, 0, 0, 0
56500, 8046, 0, 0, 0
56600, 8547, 0, 0, 0
56700, 8347, 0, 0, 0
56800, 9395, 0, 0, 0
56900, 7735, 0, 0, 0
57000, 8527, 0, 0, 0
57100, 8929, 0, 0, 0
57200, 7972, 0, 0, 0
57300, 8790, 0, 0, 0
57400, 8189, 0, 0, 0
57500, 8962, 0, 0, 0
57600, 8121, 0, 0, 0
57700, 8103, 0, 0, 0
57800, 8464, 0, 0, 0
57900, 8511, 0, 0, 0
58000, 8838, 0, 0, 0
58100, 8242, 0, 0, 0
58200, 7907, 0, 0, 0
58300, 7502, 0, 0, 0
58400, 7763, 0, 0, 0
58500, 7604, 0, 0, 0
58600, 12334, 0, 0, 0
58700, 7825, 0, 0, 0
58800, 8731, 0, 0, 0
58900, 9607, 0, 0, 0
59000, 10761, 0, 0, 0
59100, 9376, 0, 0, 0
59200, 9302, 0, 0, 0
59300, 8427, 0, 0, 0
59400, 10057, 0, 0, 0
59500, 9492, 0, 0, 0
59600, 8911, 0, 0, 0
59700, 8941, 0, 0, 0
59800, 9068, 0, 0, 0
59900, 8762, 0, 0, 0
60000, 8536, 0, 0, 0
60100, 8502, 0, 0, 0
60200, 9256, 0, 0, 0
60300, 9397, 0, 0, 0
60400, 9146, 0, 0, 0
60500, 9472, 0, 0, 0
60600, 8364, 0, 0, 0
60700, 8845, 0, 0, 0
60800, 8256, 0, 0, 0
60900, 8958, 0, 0, 0
61000, 8624, 0, 0, 0
61100, 9094, 0, 0, 0
61200, 8539, 0, 0, 0
61300, 9090, 0, 0, 0
61400, 9873, 0, 0, 0
61500, 9050, 0, 0, 0
61600, 10244, 0, 0, 0
61700, 7683, 0, 0, 0
61800, 9517, 0, 0, 0
61900, 8938, 0, 0, 0
62000, 7608, 0, 0, 0
62100, 9538, 0, 0, 0
62200, 8868, 0, 0, 0
62300, 8702, 0, 0, 0
62400, 8147, 0, 0, 0
62500, 9604, 0, 0, 0
62600, 8082, 0, 0, 0
62700, 8934, 0, 0, 0
62800, 9728, 0, 0, 0
62900, 8219, 0, 0, 0
63000, 8948, 0, 0, 0
63100, 8806, 0, 0, 0
63200, 9405, 0, 0, 0
63300, 8175, 0, 0, 0
63400, 8785, 0, 0, 0
63500, 8721, 0, 0, 0
63600, 8506, 0, 0, 0
63700, 8115, 0, 0, 0
63800, 8117, 0, 0, 0
63900, 8535, 0, 0, 0
64000, 8547, 0, 0, 0
64100, 8168, 0, 0, 0
64200, 8068, 0, 0, 0
64300, 9144, 0, 0, 0
64400, 8578, 0, 0, 0
64500, 9073, 0, 0, 0
64600, 8893, 0, 0, 0
64700, 8247, 0, 0, 0
64800, 8549, 0, 0, 0
64900, 8164, 0, 0, 0
65000, 8069, 0, 0, 0
65100, 9602, 0, 0, 0
65200, 8364, 0, 0, 0
65300, 8035, 0, 0, 0
65400, 9232, 0, 0, 0
65500, 8411, 0, 0, 0
65600, 9340, 0, 0, 0
65700, 8383, 0, 0, 0
65800, 9308, 0, 0, 0
65900, 9236, 0, 0, 0
66000, 8878, 0, 0, 0
66100, 9297, 0, 0, 0
66200, 7809, 0, 0, 0
66300, 7656, 0, 0, 0
66400, 8980, 0, 0, 0
66500, 7548, 0, 0, 0
66600, 9175, 0, 0, 0
66700, 8790, 0, 0, 0
66800, 10111, 0, 0, 0
66900, 8479, 0, 0, 0
67000, 9537, 0, 0, 0
67100, 7965, 0, 0, 0
67200, 8501, 0, 0, 0
67300, 8289, 0, 0, 0
67400, 7908, 0, 0, 0
67500, 9156, 0, 0, 0
67600, 8512, 0, 0, 0
67700, 10467, 0, 0, 0
67800, 9139, 0, 0, 0
67900, 9868, 0, 0, 0
68000, 8585, 0, 0, 0
68100, 7995, 0, 0, 0
68200, 8380, 0, 0, 0
68300, 8483, 0, 0, 0
68400, 8767, 0, 0, 0
68500, 8142, 0, 0, 0
68600, 8710, 0, 0, 0
68700, 8809, 0, 0, 0
68800, 8909, 0, 0, 0
68900, 9102, 0, 0, 0
69000, 9423, 0, 0, 0
69100, 10368, 0, 0, 0
69200, 9352, 0, 0, 0
69300, 9343, 0, 0, 0
69400, 8396, 0, 0, 0
69500, 8704, 0, 0, 0
69600, 9665, 0, 0, 0
69700, 7873, 0, 0, 0
69800, 7769, 0, 0, 0
69900, 8419, 0, 0, 0
70000, 8971, 0, 0, 0
70100, 7972, 0, 0, 0
70200, 8953, 0, 0, 0
70300, 8156, 0, 0, 0
70400, 8445, 0, 0, 0
70500, 9342, 0, 0, 0
70600, 8490, 0, 0, 0
70700, 7666, 0, 0, 0
70800, 8676, 0, 0, 0
70900, 8900, 0, 0, 0
71000, 9763, 0, 0, 0
71100, 8356, 0, 0, 0
71200, 8661, 0, 0, 0
71300, 7460, 0, 0, 0
71400, 9217, 0, 0, 0
71500, 8804, 0, 0, 0
71600, 9793, 0, 0, 0
71700, 8417, 0, 0, 0
71800, 8547, 0, 0, 0
71900, 8782, 0, 0, 0
72000, 8650, 0, 0, 0
72100, 8569, 0, 0, 0
72200, 9019, 0, 0, 0
72300, 8143, 0, 0, 0
72400, 9980, 0, 0, 0
72500, 8413, 0, 0, 0
72600, 7776, 0, 0, 0
72700, 8506, 0, 0, 0
72800, 8689, 0, 0, 0
72900, 8989, 0, 0, 0
73000, 9226, 0, 0, 0
73100, 9716, 0, 0, 0
73200, 8992, 0, 0, 0
73300, 7952, 0, 0, 0
73400, 8644, 0, 0, 0
73500, 8365, 0, 0, 0
73600, 7814, 0, 0, 0
73700, 8285, 0, 0, 0
73800, 8030, 0, 0, 0
73900, 8681, 0, 0, 0
74000, 8854, 0, 0, 0
74100, 8500, 0, 0, 0
74200, 10720, 0, 0, 0
74300, 8983, 0, 0, 0
74400, 9535, 0, 0, 0
74500, 7922, 0, 0, 0
74600, 8466, 0, 0, 0
74700, 8993, 0, 0, 0
74800, 8879, 0, 0, 0
74900, 9573, 0, 0, 0
75000, 8234, 0, 0, 0
75100, 11690, 0, 0, 0
75200, 8391, 0, 0, 0
75300, 8302, 0, 0, 0
75400, 8906, 0, 0, 0
75500, 8859, 0, 0, 0
75600, 8600, 0, 0, 0
75700, 8287, 0, 0, 0
75800, 9435, 0, 0, 0
75900, 8261, 0, 0, 0
76000, 7863, 0, 0, 0
76100, 9748, 0, 0, 0
76200, 8666, 0, 0, 0
76300, 8807, 0, 0, 0
76400, 7994, 0, 0, 0
76500, 8206, 0, 0, 0
76600, 8504, 0, 0, 0
76700, 8122, 0, 0, 0
76800, 8295, 0, 0, 0
76900, 8693, 0, 0, 0
77000, 8855, 0, 0, 0
77100, 8335, 0, 0, 0
77200, 9775, 0, 0, 0
77300, 9554, 0, 0, 0
77400, 8395, 0, 0, 0
77500, 10323, 0, 0, 0
77600, 8529, 0, 0, 0
77700, 7924, 0, 0, 0
77800, 8757, 0, 0, 0
77900, 9425, 0, 0, 0
78000, 7723, 0, 0, 0
78100, 8066, 0, 0, 0
78200, 9331, 0, 0, 0
78300, 8189, 0, 0, 0
78400, 8988, 0, 0, 0
78500, 8970, 0, 0, 0
78600, 8762, 0, 0, 0
78700, 9453, 0, 0, 0
78800, 8379, 0, 0, 0
78900, 9122, 0, 0, 0
79000, 8376, 0, 0, 0
79100, 7891, 0, 0, 0
79200, 7995, 0, 0, 0
79300, 9508, 0, 0, 0
79400, 8814, 0, 0, 0
79500, 8082, 0, 0, 0
79600, 8024, 0, 0, 0
79700, 9854, 0, 0, 0
79800, 8287, 0, 0, 0
79900, 10038, 0, 0, 0
80000, 8255, 0, 0, 0
80100, 8892, 0, 0, 0
80200, 7818, 0, 0, 0
80300, 8603, 0, 0, 0
80400, 8605, 0, 0, 0
80500, 10879, 0, 0, 0
80600, 8842, 0, 0, 0
80700, 9311, 0, 0, 0
80800, 8330, 0, 0, 0
80900, 8098, 0, 0, 0
81000, 9044, 0, 0, 0
81100, 7957, 0, 0, 0
81200, 9337, 0, 0, 0
81300, 9187, 0, 0, 0
81400, 9166, 0, 0, 0
81500, 8963, 0, 0, 0
81600, 8989, 0, 0, 0
81700, 9163, 0, 0, 0
81800, 8095, 0, 0, 0
81900, 9199, 0, 0, 0
82000, 8601, 0, 0, 0
82100, 8944, 0, 0, 0
82200, 8480, 0, 0, 0
82300, 8650, 0, 0, 0
82400, 8753, 0, 0, 0
82500, 8712, 0, 0, 0
82600, 9029, 0, 0, 0
82700, 8968, 0, 0, 0
82800, 10459, 0, 0, 0
82900, 8372, 0, 0, 0
83000, 8717, 0, 0, 0
83100, 9364, 0, 0, 0
83200, 8384, 0, 0, 0
83300, 9059, 0, 0, 0
83400, 8046, 0, 0, 0
83500, 8268, 0, 0, 0
83600, 8583, 0, 0, 0
83700, 8513, 0, 0, 0
83800, 8551, 0, 0, 0
83900, 8617, 0, 0, 0
84000, 8487, 0, 0, 0
84100, 8083, 0, 0, 0
84200, 8704, 0, 0, 0
84300, 9061, 0, 0, 0
84400, 8400, 0, 0, 0
84500, 8758, 0, 0, 0
84600, 9430, 0, 0, 0
84700, 8939, 0, 0, 0
84800, 9367, 0, 0, 0
84900, 10072, 0, 0, 0
85000, 8547, 0, 0, 0
85100, 8756, 0, 0, 0
85200, 8330, 0, 0, 0
85300, 8607, 0, 0, 0
85400, 9289, 0, 0, 0
85500, 8530, 0, 0, 0
85600, 8591, 0, 0, 0
85700, 8557, 0, 0, 0
85800, 7864, 0, 0, 0
85900, 7648, 0, 0, 0
86000, 8031, 0, 0, 0
86100, 10085, 0, 0, 0
86200, 9191, 0, 0, 0
86300, 7690, 0, 0, 0
86400, 8481, 0, 0, 0
86500, 8491, 0, 0, 0
86600, 9257, 0, 0, 0
86700, 7455, 0, 0, 0
86800, 9217, 0, 0, 0
86900, 8085, 0, 0, 0
87000, 8262, 0, 0, 0
87100, 9108, 0, 0, 0
87200, 8610, 0, 0, 0
87300, 9058, 0, 0, 0
87400, 9487, 0, 0, 0
87500, 9356, 0, 0, 0
87600, 9265, 0, 0, 0
87700, 8446, 0, 0, 0
87800, 8326, 0, 0, 0
87900, 7931, 0, 0, 0
88000, 8989, 0, 0, 0
88100, 8988, 0, 0, 0
88200, 8318, 0, 0, 0
88300, 8288, 0, 0, 0
88400, 8463, 0, 0, 0
88500, 8672, 0, 0, 0
88600, 9763, 0, 0, 0
88700, 9238, 0, 0, 0
88800, 8340, 0, 0, 0
88900, 8789, 0, 0, 0
89000, 9141, 0, 0, 0
89100, 8268, 0, 0, 0
89200, 10147, 0, 0, 0
89300, 10596, 0, 0, 0
89400, 8588, 0, 0, 0
89500, 9683, 0, 0, 0
89600, 8512, 0, 0, 0
89700, 8501, 0, 0, 0
89800, 9188, 0, 0, 0
89900, 8497, 0, 0, 0
90001, 7929, 0, 0, 0
