100, 1137007, 1, 0, 0
200, 989039, 1, 0, 0
300, 1036904, 1, 0, 0
400, 1054868, 1, 0, 0
500, 972879, 1, 0, 0
600, 1029059, 1, 0, 0
700, 1010183, 1, 0, 0
800, 1006270, 1, 0, 0
900, 1047750, 1, 0, 0
1000, 1168612, 1, 0, 0
1100, 1235230, 1, 0, 0
1200, 975375, 1, 0, 0
1300, 1008837, 1, 0, 0
1400, 1085516, 1, 0, 0
1562, 3149285, 1, 0, 0
1600, 1111002, 1, 0, 0
1777, 3317497, 1, 0, 0
1801, 1083723, 1, 0, 0
1900, 984667, 1, 0, 0
2004, 34697508, 1, 0, 0
2100, 1034674, 1, 0, 0
2200, 1024093, 1, 0, 0
2300, 993802, 1, 0, 0
2400, 1038803, 1, 0, 0
2500, 990738, 1, 0, 0
2601, 1087825, 1, 0, 0
2701, 999405, 1, 0, 0
2800, 1071887, 1, 0, 0
2900, 967223, 1, 0, 0
3000, 1083461, 1, 0, 0
3100, 1202383, 1, 0, 0
3252, 2157022, 1, 0, 0
3300, 955103, 1, 0, 0
3400, 985367, 1, 0, 0
3500, 969697, 1, 0, 0
3600, 1120598, 1, 0, 0
3700, 980061, 1, 0, 0
3836, 2076152, 1, 0, 0
3900, 1036622, 1, 0, 0
4006, 3178366, 1, 0, 0
4121, 2242055, 1, 0, 0
4200, 1015253, 1, 0, 0
4300, 985202, 1, 0, 0
4468, 2574117, 1, 0, 0
4500, 962008, 1, 0, 0
4600, 975219, 1, 0, 0
4700, 977261, 1, 0, 0
4800, 973472, 1, 0, 0
4900, 991081, 1, 0, 0
5000, 982632, 1, 0, 0
5100, 1015109, 1, 0, 0
5200, 1121396, 1, 0, 0
5300, 993736, 1, 0, 0
5400, 964570, 1, 0, 0
5500, 951525, 1, 0, 0
5601, 995523, 1, 0, 0
5700, 1025808, 1, 0, 0
5801, 990408, 1, 0, 0
5900, 988818, 1, 0, 0
6000, 1123663, 1, 0, 0
6101, 1474397, 1, 0, 0
6200, 948708, 1, 0, 0
6300, 980874, 1, 0, 0
6400, 967377, 1, 0, 0
6500, 981084, 1, 0, 0
6684, 1916240, 1, 0, 0
6700, 937610, 1, 0, 0
6800, 951890, 1, 0, 0
6900, 2264643, 1, 0, 0
7000, 986367, 1, 0, 0
7125, 3675250, 1, 0, 0
7200, 960986, 1, 0, 0
7300, 942761, 1, 0, 0
7400, 975593, 1, 0, 0
7500, 950085, 1, 0, 0
7600, 996552, 1, 0, 0
7700, 962585, 1, 0, 0
7800, 989777, 1, 0, 0
7900, 1018726, 1, 0, 0
8000, 1066992, 1, 0, 0
8100, 1095716, 1, 0, 0
8200, 1007746, 1, 0, 0
8359, 1968649, 1, 0, 0
8400, 1013518, 1, 0, 0
8500, 1034186, 1, 0, 0
8600, 1040568, 1, 0, 0
8700, 952435, 1, 0, 0
8800, 1055434, 1, 0, 0
8933, 1690360, 1, 0, 0
9000, 965501, 1, 0, 0
9122, 3256643, 1, 0, 0
9205, 2498569, 1, 0, 0
9300, 955557, 1, 0, 0
9400, 1033616, 1, 0, 0
9500, 975524, 1, 0, 0
9602, 8500599, 1, 0, 0
9700, 967567, 1, 0, 0
9800, 951847, 1, 0, 0
9900, 958885, 1, 0, 0
10000, 989201, 1, 0, 0
10100, 986228, 1, 0, 0
10200, 1002056, 1, 0, 0
10300, 1079699, 1, 0, 0
10400, 971070, 1, 0, 0
10500, 935600, 1, 0, 0
10600, 965754, 1, 0, 0
10701, 980679, 1, 0, 0
10800, 1070691, 1, 0, 0
10900, 946447, 1, 0, 0
11000, 958499, 1, 0, 0
11100, 1557562, 1, 0, 0
11232, 3061764, 1, 0, 0
11300, 982937, 1, 0, 0
11427, 1478919, 1, 0, 0
11501, 1010456, 1, 0, 0
11600, 990269, 1, 0, 0
11700, 943872, 1, 0, 0
11809, 3517331, 1, 0, 0
11900, 962836, 1, 0, 0
12001, 1686764, 1, 0, 0
12101, 1001700, 1, 0, 0
12200, 1002100, 1, 0, 0
12300, 998960, 1, 0, 0
12400, 962476, 1, 0, 0
12500, 974155, 1, 0, 0
12600, 960204, 1, 0, 0
12700, 968784, 1, 0, 0
12800, 958206, 1, 0, 0
12900, 980287, 1, 0, 0
13000, 1006856, 1, 0, 0
13100, 991857, 1, 0, 0
13200, 1089747, 1, 0, 0
13300, 989817, 1, 0, 0
13400, 964428, 1, 0, 0
13538, 2227433, 1, 0, 0
13601, 1260887, 1, 0, 0
13700, 953131, 1, 0, 0
13800, 1107215, 1, 0, 0
13900, 967392, 1, 0, 0
14028, 1984869, 1, 0, 0
14100, 1144892, 1, 0, 0
14222, 2707761, 1, 0, 0
14300, 2836355, 1, 0, 0
14400, 994546, 1, 0, 0
14500, 1008911, 1, 0, 0
14600, 1012123, 1, 0, 0
14728, 2834140, 1, 0, 0
14800, 982218, 1, 0, 0
14901, 1603775, 1, 0, 0
15000, 1022449, 1, 0, 0
15100, 987907, 1, 0, 0
15200, 946878, 1, 0, 0
15306, 1344457, 1, 0, 0
15400, 976241, 1, 0, 0
15500, 976907, 1, 0, 0
15600, 1038926, 1, 0, 0
15700, 1005736, 1, 0, 0
15800, 982521, 1, 0, 0
15900, 973899, 1, 0, 0
16000, 1047253, 1, 0, 0
16100, 1328151, 1, 0, 0
16200, 989968, 1, 0, 0
16345, 2149450, 1, 0, 0
16400, 928195, 1, 0, 0
16500, 972495, 1, 0, 0
16600, 956868, 1, 0, 0
16700, 956782, 1, 0, 0
16800, 972714, 1, 0, 0
16953, 1789226, 1, 0, 0
17023, 2782517, 1, 0, 0
17100, 985402, 1, 0, 0
17200, 951404, 1, 0, 0
17300, 968466, 1, 0, 0
17401, 982595, 1, 0, 0
17500, 970139, 1, 0, 0
17600, 953245, 1, 0, 0
17700, 939864, 1, 0, 0
17800, 928072, 1, 0, 0
17900, 955009, 1, 0, 0
18000, 1041659, 1, 0, 0
18100, 980295, 1, 0, 0
18200, 1012045, 1, 0, 0
18300, 978284, 1, 0, 0
18400, 954652, 1, 0, 0
18500, 963989, 1, 0, 0
18633, 2028660, 1, 0, 0
18700, 948078, 1, 0, 0
18800, 1049480, 1, 0, 0
18900, 961804, 1, 0, 0
19000, 957733, 1, 0, 0
19101, 1783325, 1, 0, 0
19201, 978029, 1, 0, 0
19327, 1775142, 1, 0, 0
19400, 2009587, 1, 0, 0
19500, 946376, 1, 0, 0
19600, 941111, 1, 0, 0
19700, 949624, 1, 0, 0
19837, 1965408, 1, 0, 0
19900, 919726, 1, 0, 0
20000, 947270, 1, 0, 0
20100, 956608, 1, 0, 0
20200, 964868, 1, 0, 0
20300, 969632, 1, 0, 0
20400, 1089640, 1, 0, 0
20501, 979234, 1, 0, 0
20600, 948747, 1, 0, 0
20700, 968126, 1, 0, 0
20800, 996003, 1, 0, 0
20900, 963628, 1, 0, 0
21000, 944400, 1, 0, 0
21100, 1119785, 1, 0, 0
21200, 1022235, 1, 0, 0
21300, 982535, 1, 0, 0
21449, 1870302, 1, 0, 0
21500, 964559, 1, 0, 0
21600, 979924, 1, 0, 0
21700, 939399, 1, 0, 0
21800, 968122, 1, 0, 0
21900, 974690, 1, 0, 0
22036, 1615825, 1, 0, 0
22110, 2296379, 1, 0, 0
22200, 950787, 1, 0, 0
22300, 944648, 1, 0, 0
22400, 949972, 1, 0, 0
22501, 982254, 1, 0, 0
22600, 927177, 1, 0, 0
22700, 979214, 1, 0, 0
22800, 970586, 1, 0, 0
22900, 974265, 1, 0, 0
23000, 978556, 1, 0, 0
23100, 1022767, 1, 0, 0
23200, 1029769, 1, 0, 0
23300, 979448, 1, 0, 0
23400, 960651, 1, 0, 0
23500, 952122, 1, 0, 0
23600, 992833, 1, 0, 0
23707, 2159890, 1, 0, 0
23800, 957120, 1, 0, 0
23900, 1125697, 1, 0, 0
24000, 984552, 1, 0, 0
24102, 1015984, 1, 0, 0
24200, 1670317, 1, 0, 0
24300, 959953, 1, 0, 0
24411, 1662590, 1, 0, 0
24500, 1873668, 1, 0, 0
24600, 954239, 1, 0, 0
24700, 970730, 1, 0, 0
24800, 1056291, 1, 0, 0
24932, 1762415, 1, 0, 0
25001, 1100119, 1, 0, 0
25100, 1031681, 1, 0, 0
25200, 984145, 1, 0, 0
25300, 1005238, 1, 0, 0
25400, 1025239, 1, 0, 0
25500, 1031376, 1, 0, 0
25600, 1035929, 1, 0, 0
25700, 981726, 1, 0, 0
25800, 1120017, 1, 0, 0
25900, 968241, 1, 0, 0
26000, 1027545, 1, 0, 0
26100, 1175653, 1, 0, 0
26200, 1207323, 1, 0, 0
26300, 1049915, 1, 0, 0
26400, 1018490, 1, 0, 0
26540, 1650096, 1, 0, 0
26600, 991547, 1, 0, 0
26700, 1011345, 1, 0, 0
26801, 1014005, 1, 0, 0
26900, 1017229, 1, 0, 0
27000, 1023833, 1, 0, 0
27122, 1717718, 1, 0, 0
27200, 1653416, 1, 0, 0
27300, 1004977, 1, 0, 0
27400, 978750, 1, 0, 0
27500, 1025200, 1, 0, 0
27600, 984235, 1, 0, 0
27700, 1003796, 1, 0, 0
27800, 1031655, 1, 0, 0
27900, 1040463, 1, 0, 0
28001, 1033137, 1, 0, 0
28100, 1093303, 1, 0, 0
28200, 1072380, 1, 0, 0
28300, 1022885, 1, 0, 0
28400, 1003399, 1, 0, 0
28500, 1038506, 1, 0, 0
28600, 1061230, 1, 0, 0
28700, 1113304, 1, 0, 0
28800, 1320921, 1, 0, 0
28900, 1024189, 1, 0, 0
29000, 1650946, 1, 0, 0
29100, 1003254, 1, 0, 0
29217, 1453090, 1, 0, 0
29300, 1009372, 1, 0, 0
29400, 987398, 1, 0, 0
29500, 1430684, 1, 0, 0
29600, 1670278, 1, 0, 0
29700, 1091234, 1, 0, 0
29800, 1045994, 1, 0, 0
29900, 996297, 1, 0, 0
30000, 1007437, 1, 0, 0
30100, 1017173, 1, 0, 0
30200, 1075009, 1, 0, 0
30300, 1077290, 1, 0, 0
30400, 1003072, 1, 0, 0
30500, 1059462, 1, 0, 0
30600, 1021778, 1, 0, 0
30700, 1014850, 1, 0, 0
30849, 1651434, 1, 0, 0
30900, 1013103, 1, 0, 0
31000, 1032437, 1, 0, 0
31100, 1018317, 1, 0, 0
31200, 1262408, 1, 0, 0
31300, 1028207, 1, 0, 0
31400, 1025952, 1, 0, 0
31500, 1013379, 1, 0, 0
31609, 1605691, 1, 0, 0
31700, 980621, 1, 0, 0
31801, 1026893, 1, 0, 0
31900, 986786, 1, 0, 0
32000, 1026070, 1, 0, 0
32100, 1052817, 1, 0, 0
32200, 1539383, 1, 0, 0
32300, 1319550, 1, 0, 0
32401, 1007182, 1, 0, 0
32500, 989177, 1, 0, 0
32600, 991799, 1, 0, 0
32700, 1059065, 1, 0, 0
32800, 1012763, 1, 0, 0
32900, 1052858, 1, 0, 0
33001, 1073002, 1, 0, 0
33100, 1840128, 1, 0, 0
33200, 1007322, 1, 0, 0
33300, 1160761, 1, 0, 0
33400, 993883, 1, 0, 0
33500, 1005541, 1, 0, 0
33600, 1058050, 1, 0, 0
33700, 1137103, 1, 0, 0
33800, 1022637, 1, 0, 0
33900, 1381980, 1, 0, 0
34000, 1060214, 1, 0, 0
34100, 1315189, 1, 0, 0
34200, 1022397, 1, 0, 0
34300, 1096248, 1, 0, 0
34401, 996745, 1, 0, 0
34500, 985754, 1, 0, 0
34623, 2383107, 1, 0, 0
34700, 1149278, 1, 0, 0
34800, 1001985, 1, 0, 0
34900, 1012775, 1, 0, 0
35000, 980930, 1, 0, 0
35100, 1001870, 1, 0, 0
35200, 1029538, 1, 0, 0
35300, 1045764, 1, 0, 0
35401, 1081317, 1, 0, 0
35500, 1062079, 1, 0, 0
35600, 1070549, 1, 0, 0
35700, 1102795, 1, 0, 0
35801, 1049782, 1, 0, 0
35900, 1001330, 1, 0, 0
36000, 1101038, 1, 0, 0
36100, 1063798, 1, 0, 0
36214, 1251942, 1, 0, 0
36300, 1142827, 1, 0, 0
36400, 1031240, 1, 0, 0
36501, 1023718, 1, 0, 0
36600, 1095338, 1, 0, 0
36720, 2634061, 1, 0, 0
36800, 1046969, 1, 0, 0
36900, 1015456, 1, 0, 0
37000, 1022996, 1, 0, 0
37100, 1013259, 1, 0, 0
37200, 978613, 1, 0, 0
37329, 1696472, 1, 0, 0
37400, 962644, 1, 0, 0
37500, 965464, 1, 0, 0
37600, 1028422, 1, 0, 0
37700, 999638, 1, 0, 0
37800, 1034227, 1, 0, 0
37900, 1056356, 1, 0, 0
38000, 1011898, 1, 0, 0
38100, 1034583, 1, 0, 0
38200, 1004907, 1, 0, 0
38300, 978467, 1, 0, 0
38400, 1179564, 1, 0, 0
38500, 934222, 1, 0, 0
38600, 972246, 1, 0, 0
38700, 1053096, 1, 0, 0
38800, 996074, 1, 0, 0
38900, 1149987, 1, 0, 0
39000, 1018340, 1, 0, 0
39100, 981269, 1, 0, 0
39200, 1252516, 1, 0, 0
39300, 993131, 1, 0, 0
39400, 1074583, 1, 0, 0
39500, 996573, 1, 0, 0
39600, 1242532, 1, 0, 0
39708, 1504865, 1, 0, 0
39800, 978437, 1, 0, 0
39900, 917660, 1, 0, 0
40000, 932194, 1, 0, 0
40100, 978741, 1, 0, 0
40200, 1080438, 1, 0, 0
40300, 966733, 1, 0, 0
40400, 1007822, 1, 0, 0
40500, 985742, 1, 0, 0
40600, 964410, 1, 0, 0
40700, 989613, 1, 0, 0
40800, 990234, 1, 0, 0
40900, 1024422, 1, 0, 0
41000, 975569, 1, 0, 0
41100, 1005887, 1, 0, 0
41201, 1028117, 1, 0, 0
41300, 1120755, 1, 0, 0
41400, 1115483, 1, 0, 0
41500, 974698, 1, 0, 0
41600, 988289, 1, 0, 0
41700, 966415, 1, 0, 0
41800, 1589834, 1, 0, 0
41900, 983476, 1, 0, 0
42000, 969009, 1, 0, 0
42100, 972187, 1, 0, 0
42200, 941356, 1, 0, 0
42300, 1029440, 1, 0, 0
42400, 1099674, 1, 0, 0
42500, 1003885, 1, 0, 0
42600, 993006, 1, 0, 0
42701, 977595, 1, 0, 0
42800, 985398, 1, 0, 0
42901, 953967, 1, 0, 0
43000, 979503, 1, 0, 0
43100, 970878, 1, 0, 0
43200, 1027683, 1, 0, 0
43301, 1022212, 1, 0, 0
43400, 1214700, 1, 0, 0
43500, 950382, 1, 0, 0
43600, 970086, 1, 0, 0
43700, 1012074, 1, 0, 0
43800, 1052524, 1, 0, 0
43901, 1010243, 1, 0, 0
44000, 1114395, 1, 0, 0
44100, 985607, 1, 0, 0
44201, 1337460, 1, 0, 0
44300, 1007695, 1, 0, 0
44400, 937300, 1, 0, 0
44500, 956011, 1, 0, 0
44600, 975037, 1, 0, 0
44700, 1119780, 1, 0, 0
44811, 1248895, 1, 0, 0
44900, 964615, 1, 0, 0
45000, 989437, 1, 0, 0
45100, 963410, 1, 0, 0
45200, 953382, 1, 0, 0
45300, 999587, 1, 0, 0
45400, 1016886, 1, 0, 0
45500, 1020523, 1, 0, 0
45600, 1022897, 1, 0, 0
45700, 1964968, 1, 0, 0
45800, 983317, 1, 0, 0
45900, 979396, 1, 0, 0
46000, 983590, 1, 0, 0
46100, 996670, 1, 0, 0
46200, 995167, 1, 0, 0
46311, 1193794, 1, 0, 0
46400, 1009538, 1, 0, 0
46500, 954318, 1, 0, 0
46600, 1050909, 1, 0, 0
46700, 1006052, 1, 0, 0
46808, 1201031, 1, 0, 0
46900, 973006, 1, 0, 0
47000, 1044461, 1, 0, 0
47100, 982261, 1, 0, 0
47200, 989809, 1, 0, 0
47300, 1001593, 1, 0, 0
47400, 1150578, 1, 0, 0
47500, 984337, 1, 0, 0
47600, 1021962, 1, 0, 0
47700, 1015809, 1, 0, 0
47800, 1067532, 1, 0, 0
47900, 994023, 1, 0, 0
48000, 991437, 1, 0, 0
48100, 969925, 1, 0, 0
48200, 967147, 1, 0, 0
48300, 964402, 1, 0, 0
48400, 940833, 1, 0, 0
48500, 1023144, 1, 0, 0
48601, 994520, 1, 0, 0
48700, 928042, 1, 0, 0
48800, 1020808, 1, 0, 0
48900, 1014442, 1, 0, 0
49000, 969965, 1, 0, 0
49100, 972440, 1, 0, 0
49201, 953149, 1, 0, 0
49300, 1077782, 1, 0, 0
49400, 941463, 1, 0, 0
49500, 951436, 1, 0, 0
49601, 953932, 1, 0, 0
49700, 993663, 1, 0, 0
49800, 1177258, 1, 0, 0
49900, 1104301, 1, 0, 0
50000, 940582, 1, 0, 0
50101, 1008285, 1, 0, 0
50200, 964015, 1, 0, 0
50300, 980730, 1, 0, 0
50400, 926117, 1, 0, 0
50500, 967557, 1, 0, 0
50600, 927776, 1, 0, 0
50700, 960816, 1, 0, 0
50800, 963599, 1, 0, 0
50900, 968087, 1, 0, 0
51000, 1006382, 1, 0, 0
51100, 1012698, 1, 0, 0
51200, 983078, 1, 0, 0
51300, 990490, 1, 0, 0
51400, 1030762, 1, 0, 0
51500, 999773, 1, 0, 0
51600, 955840, 1, 0, 0
51700, 979503, 1, 0, 0
51800, 966819, 1, 0, 0
51900, 1025865, 1, 0, 0
52000, 939306, 1, 0, 0
52101, 999701, 1, 0, 0
52200, 981741, 1, 0, 0
52300, 968554, 1, 0, 0
52400, 1036004, 1, 0, 0
52500, 1003174, 1, 0, 0
52600, 973657, 1, 0, 0
52700, 995250, 1, 0, 0
52800, 997026, 1, 0, 0
52900, 1010030, 1, 0, 0
53000, 1080136, 1, 0, 0
53100, 1044390, 1, 0, 0
53200, 1043124, 1, 0, 0
53300, 1074728, 1, 0, 0
53400, 997284, 1, 0, 0
53500, 1372315, 1, 0, 0
53600, 987581, 1, 0, 0
53700, 1011855, 1, 0, 0
53800, 1015156, 1, 0, 0
53901, 1133673, 1, 0, 0
54000, 1086076, 1, 0, 0
54100, 1034287, 1, 0, 0
54200, 1007013, 1, 0, 0
54301, 1121575, 1, 0, 0
54400, 1009630, 1, 0, 0
54500, 1143064, 1, 0, 0
54600, 980531, 1, 0, 0
54700, 1002836, 1, 0, 0
54800, 1028203, 1, 0, 0
54900, 1215688, 1, 0, 0
55000, 995739, 1, 0, 0
55100, 991561, 1, 0, 0
55200, 975809, 1, 0, 0
55300, 1116261, 1, 0, 0
55400, 950196, 1, 0, 0
55500, 951511, 1, 0, 0
55600, 974498, 1, 0, 0
55700, 963274, 1, 0, 0
55800, 1000275, 1, 0, 0
55900, 1043895, 1, 0, 0
56000, 1034741, 1, 0, 0
56100, 1071447, 1, 0, 0
56200, 1044980, 1, 0, 0
56300, 1063665, 1, 0, 0
56400, 1073039, 1, 0, 0
56500, 1186021, 1, 0, 0
56600, 987679, 1, 0, 0
56700, 992871, 1, 0, 0
56800, 953118, 1, 0, 0
56900, 1178465, 1, 0, 0
57000, 1032636, 1, 0, 0
57100, 1124824, 1, 0, 0
57200, 1047125, 1, 0, 0
57300, 947874, 1, 0, 0
57404, 1047079, 1, 0, 0
57500, 1002178, 1, 0, 0
57600, 1028756, 1, 0, 0
57701, 993738, 1, 0, 0
57800, 974130, 1, 0, 0
57900, 981703, 1, 0, 0
58000, 997722, 1, 0, 0
58100, 978543, 1, 0, 0
58200, 977222, 1, 0, 0
58300, 992816, 1, 0, 0
58400, 1011922, 1, 0, 0
58500, 1052517, 1, 0, 0
58600, 1024655, 1, 0, 0
58700, 992887, 1, 0, 0
58800, 986671, 1, 0, 0
58900, 996076, 1, 0, 0
59000, 1016393, 1, 0, 0
59100, 968801, 1, 0, 0
59200, 968677, 1, 0, 0
59300, 1001578, 1, 0, 0
59400, 975857, 1, 0, 0
59500, 958693, 1, 0, 0
59600, 972876, 1, 0, 0
59700, 1033165, 1, 0, 0
59800, 1039482, 1, 0, 0
59900, 1088894, 1, 0, 0
60000, 1210381, 1, 0, 0
60100, 1039486, 1, 0, 0
60200, 1077839, 1, 0, 0
60300, 1029718, 1, 0, 0
60400, 956869, 1, 0, 0
60500, 994982, 1, 0, 0
60600, 1007153, 1, 0, 0
60700, 1011543, 1, 0, 0
60800, 1013917, 1, 0, 0
60900, 978542, 1, 0, 0
61000, 992065, 1, 0, 0
61100, 994074, 1, 0, 0
61201, 995555, 1, 0, 0
61300, 1005544, 1, 0, 0
61401, 1010432, 1, 0, 0
61500, 971565, 1, 0, 0
61600, 1059200, 1, 0, 0
61700, 996450, 1, 0, 0
61800, 1011654, 1, 0, 0
61900, 1002004, 1, 0, 0
62000, 1082958, 1, 0, 0
62100, 966309, 1, 0, 0
62200, 964322, 1, 0, 0
62300, 1026076, 1, 0, 0
62400, 985897, 1, 0, 0
62500, 1075783, 1, 0, 0
62600, 1063903, 1, 0, 0
62700, 1047198, 1, 0, 0
62800, 1007550, 1, 0, 0
62900, 992386, 1, 0, 0
63000, 1017063, 1, 0, 0
63100, 1002340, 1, 0, 0
63200, 1008315, 1, 0, 0
63300, 981367, 1, 0, 0
63400, 1028397, 1, 0, 0
63500, 974945, 1, 0, 0
63600, 1041206, 1, 0, 0
63700, 1000902, 1, 0, 0
63800, 1012355, 1, 0, 0
63900, 1034771, 1, 0, 0
64000, 1009483, 1, 0, 0
64100, 1080459, 1, 0, 0
64200, 1032212, 1, 0, 0
64300, 992690, 1, 0, 0
64400, 1022427, 1, 0, 0
64500, 971913, 1, 0, 0
64600, 1048646, 1, 0, 0
64700, 1010666, 1, 0, 0
64800, 993069, 1, 0, 0
64900, 1072405, 1, 0, 0
65000, 998942, 1, 0, 0
65100, 952511, 1, 0, 0
65200, 1003703, 1, 0, 0
65301, 1005413, 1, 0, 0
65400, 1022264, 1, 0, 0
65500, 1020486, 1, 0, 0
65600, 958061, 1, 0, 0
65700, 1005199, 1, 0, 0
65800, 1042306, 1, 0, 0
65900, 1012603, 1, 0, 0
66000, 1069182, 1, 0, 0
66100, 1005629, 1, 0, 0
66201, 1040698, 1, 0, 0
66300, 1040736, 1, 0, 0
66400, 993868, 1, 0, 0
66500, 978225, 1, 0, 0
66600, 1041747, 1, 0, 0
66700, 945817, 1, 0, 0
66800, 998904, 1, 0, 0
66900, 1001881, 1, 0, 0
67000, 1234419, 1, 0, 0
67100, 1023128, 1, 0, 0
67200, 969758, 1, 0, 0
67300, 1012226, 1, 0, 0
67400, 951222, 1, 0, 0
67500, 1105998, 1, 0, 0
67600, 989371, 1, 0, 0
67702, 956924, 1, 0, 0
67800, 942281, 1, 0, 0
67900, 982095, 1, 0, 0
68000, 1003850, 1, 0, 0
68100, 1022054, 1, 0, 0
68200, 1003709, 1, 0, 0
68300, 995929, 1, 0, 0
68400, 1019966, 1, 0, 0
68501, 979050, 1, 0, 0
68600, 1059383, 1, 0, 0
68700, 1004604, 1, 0, 0
68801, 998756, 1, 0, 0
68900, 1117252, 1, 0, 0
69000, 1110492, 1, 0, 0
69101, 962563, 1, 0, 0
69200, 966853, 1, 0, 0
69300, 991954, 1, 0, 0
69400, 1029235, 1, 0, 0
69500, 980444, 1, 0, 0
69600, 1042306, 1, 0, 0
69700, 996570, 1, 0, 0
69800, 1019357, 1, 0, 0
69900, 972919, 1, 0, 0
70006, 1202067, 1, 0, 0
70100, 1021364, 1, 0, 0
70200, 943911, 1, 0, 0
70300, 1046452, 1, 0, 0
70400, 1018938, 1, 0, 0
70500, 1009284, 1, 0, 0
70600, 1019003, 1, 0, 0
70700, 1029964, 1, 0, 0
70800, 1009962, 1, 0, 0
70900, 1056277, 1, 0, 0
71000, 982496, 1, 0, 0
71100, 1046381, 1, 0, 0
71200, 1002566, 1, 0, 0
71300, 1043698, 1, 0, 0
71400, 1065888, 1, 0, 0
71500, 1025282, 1, 0, 0
71602, 1021344, 1, 0, 0
71700, 1080642, 1, 0, 0
71800, 998025, 1, 0, 0
71900, 1013508, 1, 0, 0
72000, 1007077, 1, 0, 0
72100, 1040072, 1, 0, 0
72200, 1094194, 1, 0, 0
72300, 995194, 1, 0, 0
72400, 998543, 1, 0, 0
72500, 1005248, 1, 0, 0
72600, 988673, 1, 0, 0
72700, 985324, 1, 0, 0
72800, 1045379, 1, 0, 0
72900, 1034261, 1, 0, 0
73000, 1055113, 1, 0, 0
73100, 1020484, 1, 0, 0
73200, 1005599, 1, 0, 0
73300, 1049282, 1, 0, 0
73400, 1056296, 1, 0, 0
73500, 1009279, 1, 0, 0
73600, 993767, 1, 0, 0
73700, 1131841, 1, 0, 0
73801, 1079931, 1, 0, 0
73900, 1051240, 1, 0, 0
74000, 1053934, 1, 0, 0
74100, 1020666, 1, 0, 0
74200, 1093913, 1, 0, 0
74300, 1033882, 1, 0, 0
74400, 1126877, 1, 0, 0
74500, 1036941, 1, 0, 0
74600, 1108673, 1, 0, 0
74700, 1071291, 1, 0, 0
74800, 999999, 1, 0, 0
74900, 997628, 1, 0, 0
75000, 1113393, 1, 0, 0
75100, 1273173, 1, 0, 0
75200, 1005114, 1, 0, 0
75300, 994565, 1, 0, 0
75401, 1044357, 1, 0, 0
75501, 1048350, 1, 0, 0
75600, 1028535, 1, 0, 0
75701, 1003216, 1, 0, 0
75800, 1011517, 1, 0, 0
75900, 1068120, 1, 0, 0
76000, 1009308, 1, 0, 0
76100, 1031457, 1, 0, 0
76200, 1020148, 1, 0, 0
76300, 1039506, 1, 0, 0
76401, 1030245, 1, 0, 0
76502, 1122315, 1, 0, 0
76600, 1046182, 1, 0, 0
76700, 1025890, 1, 0, 0
76800, 1040289, 1, 0, 0
76900, 997334, 1, 0, 0
77002, 1083054, 1, 0, 0
77101, 1022206, 1, 0, 0
77200, 1006310, 1, 0, 0
77300, 1017418, 1, 0, 0
77400, 1004289, 1, 0, 0
77500, 1013344, 1, 0, 0
77600, 1093271, 1, 0, 0
77700, 1022226, 1, 0, 0
77801, 1035841, 1, 0, 0
77900, 1051136, 1, 0, 0
78000, 1096256, 1, 0, 0
78100, 1026252, 1, 0, 0
78201, 1081853, 1, 0, 0
78300, 1047548, 1, 0, 0
78400, 1042450, 1, 0, 0
78500, 1054131, 1, 0, 0
78600, 1077910, 1, 0, 0
78700, 1383934, 1, 0, 0
78800, 1024221, 1, 0, 0
78900, 1018121, 1, 0, 0
79000, 1002633, 1, 0, 0
79100, 1046631, 1, 0, 0
79200, 1449041, 1, 0, 0
79300, 1022019, 1, 0, 0
79400, 995812, 1, 0, 0
79501, 1453831, 1, 0, 0
79600, 1066231, 1, 0, 0
79700, 1095965, 1, 0, 0
79800, 1046937, 1, 0, 0
79900, 1065558, 1, 0, 0
80001, 2478197, 1, 0, 0
80310, 3577946, 1, 0, 0
80400, 1037544, 1, 0, 0
80501, 1008142, 1, 0, 0
80600, 1173018, 1, 0, 0
80700, 988698, 1, 0, 0
80800, 1078698, 1, 0, 0
80900, 1037900, 1, 0, 0
81000, 1017855, 1, 0, 0
81100, 1068143, 1, 0, 0
81200, 1022358, 1, 0, 0
81300, 982409, 1, 0, 0
81401, 998003, 1, 0, 0
81500, 1183431, 1, 0, 0
81612, 1815512, 1, 0, 0
81800, 5513518, 1, 0, 0
81900, 1020019, 1, 0, 0
82000, 971438, 1, 0, 0
82113, 4149745, 1, 0, 0
82200, 1083504, 1, 0, 0
82300, 1867690, 1, 0, 0
82400, 977217, 1, 0, 0
82500, 1159331, 1, 0, 0
82600, 1012429, 1, 0, 0
82700, 1125180, 1, 0, 0
82800, 988331, 1, 0, 0
82900, 1104466, 1, 0, 0
83001, 1043003, 1, 0, 0
83100, 991088, 1, 0, 0
83200, 1007066, 1, 0, 0
83300, 997565, 1, 0, 0
83400, 986901, 1, 0, 0
83504, 1460161, 1, 0, 0
83600, 1225690, 1, 0, 0
83700, 1033323, 1, 0, 0
83963, 65824148, 1, 0, 0
84008, 1718664, 1, 0, 0
84439, 23895933, 1, 0, 0
84652, 213145260, 1, 0, 0
84700, 2998138, 1, 0, 0
84800, 1072319, 1, 0, 0
84900, 963170, 1, 0, 0
85000, 1076738, 1, 0, 0
85100, 984666, 1, 0, 0
85200, 983218, 1, 0, 0
85300, 996095, 1, 0, 0
85836, 7858914, 1, 0, 0
85900, 966664, 1, 0, 0
86000, 979131, 1, 0, 0
86100, 995281, 1, 0, 0
86200, 1000258, 1, 0, 0
86300, 1008241, 1, 0, 0
86400, 988188, 1, 0, 0
86500, 1135799, 1, 0, 0
86600, 2361124, 1, 0, 0
87072, 8718392, 1, 0, 0
87254, 16572884, 1, 0, 0
87472, 218269085, 1, 0, 0
87500, 949932, 1, 0, 0
87600, 987956, 1, 0, 0
87700, 982741, 1, 0, 0
87801, 986664, 1, 0, 0
87900, 1036741, 1, 0, 0
88000, 1064509, 1, 0, 0
88100, 1150673, 1, 0, 0
88200, 992187, 1, 0, 0
88300, 1059642, 1, 0, 0
88400, 963392, 1, 0, 0
88500, 1140972, 1, 0, 0
88601, 1115144, 1, 0, 0
88783, 2569760, 1, 0, 0
88800, 1043710, 1, 0, 0
88900, 1011559, 1, 0, 0
89197, 3467190, 1, 0, 0
89211, 4619045, 1, 0, 0
89301, 1406433, 1, 0, 0
89400, 1026656, 1, 0, 0
89674, 3197989, 1, 0, 0
89700, 957704, 1, 0, 0
89865, 1876062, 1, 0, 0
89900, 1291236, 1, 0, 0
90000, 1010907, 1, 0, 0
