100, 2137652, 0, 0, 0
200, 2010261, 0, 0, 0
300, 1880857, 0, 0, 0
400, 2243769, 0, 0, 0
500, 2263923, 0, 0, 0
600, 2257870, 0, 0, 0
701, 2057322, 0, 0, 0
800, 2003610, 0, 0, 0
900, 2327810, 0, 0, 0
1000, 1957269, 0, 0, 0
1100, 2053641, 0, 0, 0
1200, 2143765, 0, 0, 0
1300, 2096720, 0, 0, 0
1400, 2230787, 0, 0, 0
1500, 2480037, 0, 0, 0
1600, 2150795, 0, 0, 0
1700, 2740596, 0, 0, 0
1800, 1942732, 0, 0, 0
1900, 2265018, 0, 0, 0
2000, 2163141, 0, 0, 0
2100, 2485558, 0, 0, 0
2200, 2390396, 0, 0, 0
2300, 2152881, 0, 0, 0
2400, 1899207, 0, 0, 0
2500, 1894630, 0, 0, 0
2601, 2275629, 0, 0, 0
2700, 2342450, 0, 0, 0
2800, 2020201, 0, 0, 0
2900, 2279031, 0, 0, 0
3000, 2271271, 0, 0, 0
3100, 2184432, 0, 0, 0
3200, 1812413, 0, 0, 0
3300, 2456247, 0, 0, 0
3400, 2030627, 0, 0, 0
3500, 2595993, 0, 0, 0
3600, 2622007, 0, 0, 0
3700, 2175843, 0, 0, 0
3800, 2056741, 0, 0, 0
3900, 1986071, 0, 0, 0
4000, 2185264, 0, 0, 0
4100, 2026261, 0, 0, 0
4200, 2264025, 0, 0, 0
4300, 2206260, 0, 0, 0
4400, 2319132, 0, 0, 0
4500, 2145666, 0, 0, 0
4600, 2177135, 0, 0, 0
4700, 1983087, 0, 0, 0
4801, 2853194, 0, 0, 0
4900, 2792491, 0, 0, 0
5000, 2604475, 0, 0, 0
5100, 2592682, 0, 0, 0
5200, 2378620, 0, 0, 0
5300, 2062570, 0, 0, 0
5400, 2083637, 0, 0, 0
5500, 2335216, 0, 0, 0
5600, 2054880, 0, 0, 0
5700, 2184532, 0, 0, 0
5800, 2154573, 0, 0, 0
5900, 2161705, 0, 0, 0
6000, 2483833, 0, 0, 0
6100, 2334504, 0, 0, 0
6200, 1945402, 0, 0, 0
6300, 2766533, 0, 0, 0
6400, 3016602, 0, 0, 0
6500, 2464710, 0, 0, 0
6600, 2008152, 0, 0, 0
6700, 1841423, 0, 0, 0
6800, 1886531, 0, 0, 0
6900, 2171102, 0, 0, 0
7000, 2067830, 0, 0, 0
7100, 2006515, 0, 0, 0
7200, 1992413, 0, 0, 0
7300, 2621784, 0, 0, 0
7400, 2030687, 0, 0, 0
7500, 2053102, 0, 0, 0
7600, 2560007, 0, 0, 0
7700, 1876289, 0, 0, 0
7800, 2437498, 0, 0, 0
7900, 2242783, 0, 0, 0
8000, 2287802, 0, 0, 0
8100, 2188232, 0, 0, 0
8200, 2003540, 0, 0, 0
8300, 2247752, 0, 0, 0
8400, 2248033, 0, 0, 0
8500, 2061451, 0, 0, 0
8600, 2182311, 0, 0, 0
8700, 2312786, 0, 0, 0
8800, 2201750, 0, 0, 0
8900, 1921059, 0, 0, 0
9000, 1958590, 0, 0, 0
9100, 2161169, 0, 0, 0
9200, 2072557, 0, 0, 0
9300, 2269121, 0, 0, 0
9400, 2137573, 0, 0, 0
9500, 2326495, 0, 0, 0
9600, 2011437, 0, 0, 0
9700, 2399250, 0, 0, 0
9800, 2797429, 0, 0, 0
9900, 2417720, 0, 0, 0
10000, 2066431, 0, 0, 0
10100, 2061412, 0, 0, 0
10200, 1999987, 0, 0, 0
10300, 2005913, 0, 0, 0
10400, 2123630, 0, 0, 0
10500, 2136561, 0, 0, 0
10600, 1830149, 0, 0, 0
10700, 2153089, 0, 0, 0
10800, 2415619, 0, 0, 0
10900, 1977047, 0, 0, 0
11000, 2270645, 0, 0, 0
11100, 2269783, 0, 0, 0
11200, 1866275, 0, 0, 0
11300, 2435172, 0, 0, 0
11400, 2286752, 0, 0, 0
11500, 2154951, 0, 0, 0
11600, 2751183, 0, 0, 0
11700, 2069053, 0, 0, 0
11800, 2302296, 0, 0, 0
11900, 2283240, 0, 0, 0
12001, 1977844, 0, 0, 0
12100, 2863077, 0, 0, 0
12200, 2329046, 0, 0, 0
12300, 2655163, 0, 0, 0
12400, 1979446, 0, 0, 0
12500, 2083935, 0, 0, 0
12600, 2431136, 0, 0, 0
12700, 2089286, 0, 0, 0
12800, 2037655, 0, 0, 0
12900, 2352575, 0, 0, 0
13000, 2027682, 0, 0, 0
13100, 1892730, 0, 0, 0
13200, 2037225, 0, 0, 0
13300, 2189490, 0, 0, 0
13400, 2117122, 0, 0, 0
13500, 2172381, 0, 0, 0
13600, 2071593, 0, 0, 0
13700, 2343389, 0, 0, 0
13800, 2273353, 0, 0, 0
13900, 2134844, 0, 0, 0
14000, 2062765, 0, 0, 0
14101, 2406964, 0, 0, 0
14200, 2188168, 0, 0, 0
14300, 2281453, 0, 0, 0
14400, 2140274, 0, 0, 0
14500, 2225125, 0, 0, 0
14600, 1984366, 0, 0, 0
14700, 2045505, 0, 0, 0
14800, 1980639, 0, 0, 0
14900, 2762144, 0, 0, 0
15001, 2121310, 0, 0, 0
15100, 2167547, 0, 0, 0
15200, 2795585, 0, 0, 0
15300, 1897922, 0, 0, 0
15400, 1885190, 0, 0, 0
15500, 2447398, 0, 0, 0
15600, 2357752, 0, 0, 0
15700, 2307107, 0, 0, 0
15801, 2441242, 0, 0, 0
15900, 2363911, 0, 0, 0
16000, 2813679, 0, 0, 0
16100, 2049050, 0, 0, 0
16200, 2284199, 0, 0, 0
16300, 2371184, 0, 0, 0
16400, 2150600, 0, 0, 0
16500, 2028157, 0, 0, 0
16600, 2133595, 0, 0, 0
16700, 2276138, 0, 0, 0
16800, 2182263, 0, 0, 0
16900, 2139188, 0, 0, 0
17000, 2211264, 0, 0, 0
17100, 2145092, 0, 0, 0
17200, 1924657, 0, 0, 0
17300, 2456233, 0, 0, 0
17401, 1947113, 0, 0, 0
17500, 2750164, 0, 0, 0
17600, 2372546, 0, 0, 0
17700, 1857762, 0, 0, 0
17800, 2070030, 0, 0, 0
17900, 2223727, 0, 0, 0
18000, 2210198, 0, 0, 0
18100, 2021823, 0, 0, 0
18200, 2171272, 0, 0, 0
18300, 1950100, 0, 0, 0
18400, 2031111, 0, 0, 0
18500, 2158677, 0, 0, 0
18600, 2325384, 0, 0, 0
18700, 2444675, 0, 0, 0
18800, 2174490, 0, 0, 0
18900, 2201597, 0, 0, 0
19000, 2102728, 0, 0, 0
19100, 1964300, 0, 0, 0
19200, 2539317, 0, 0, 0
19300, 2532181, 0, 0, 0
19400, 1904112, 0, 0, 0
19500, 2544796, 0, 0, 0
19600, 1971564, 0, 0, 0
19700, 2160736, 0, 0, 0
19800, 2342312, 0, 0, 0
19900, 1913488, 0, 0, 0
20000, 2271188, 0, 0, 0
20100, 2617981, 0, 0, 0
20200, 2398377, 0, 0, 0
20300, 2216560, 0, 0, 0
20400, 2536139, 0, 0, 0
20500, 2498240, 0, 0, 0
20600, 2278218, 0, 0, 0
20700, 2372948, 0, 0, 0
20800, 1915190, 0, 0, 0
20900, 2347703, 0, 0, 0
21000, 2081088, 0, 0, 0
21100, 2294805, 0, 0, 0
21200, 2474700, 0, 0, 0
21300, 2139105, 0, 0, 0
21400, 2034326, 0, 0, 0
21500, 2076350, 0, 0, 0
21600, 1947236, 0, 0, 0
21700, 2174289, 0, 0, 0
21800, 2190039, 0, 0, 0
21900, 1914051, 0, 0, 0
22000, 2342669, 0, 0, 0
22100, 1996476, 0, 0, 0
22200, 2438645, 0, 0, 0
22300, 1962194, 0, 0, 0
22400, 2208083, 0, 0, 0
22500, 1959373, 0, 0, 0
22600, 2117502, 0, 0, 0
22700, 2159000, 0, 0, 0
22800, 2352944, 0, 0, 0
22900, 2126332, 0, 0, 0
23001, 2480211, 0, 0, 0
23100, 2023928, 0, 0, 0
23200, 2040948, 0, 0, 0
23300, 2165878, 0, 0, 0
23400, 1977374, 0, 0, 0
23500, 2011720, 0, 0, 0
23600, 2644133, 0, 0, 0
23700, 2028251, 0, 0, 0
23800, 1868950, 0, 0, 0
23900, 2237832, 0, 0, 0
24000, 2391841, 0, 0, 0
24100, 2167152, 0, 0, 0
24200, 2322740, 0, 0, 0
24300, 1916852, 0, 0, 0
24400, 1994699, 0, 0, 0
24500, 1889031, 0, 0, 0
24600, 2318281, 0, 0, 0
24700, 2183272, 0, 0, 0
24800, 2208601, 0, 0, 0
24900, 2593838, 0, 0, 0
25000, 2100977, 0, 0, 0
25100, 2241142, 0, 0, 0
25201, 2225676, 0, 0, 0
25300, 2183681, 0, 0, 0
25400, 2703622, 0, 0, 0
25500, 2429892, 0, 0, 0
25600, 2079650, 0, 0, 0
25700, 2218515, 0, 0, 0
25800, 2375211, 0, 0, 0
25900, 2748561, 0, 0, 0
26000, 2388496, 0, 0, 0
26100, 2014120, 0, 0, 0
26200, 1906270, 0, 0, 0
26300, 2287903, 0, 0, 0
26400, 1875536, 0, 0, 0
26500, 2185849, 0, 0, 0
26600, 2200860, 0, 0, 0
26700, 2236261, 0, 0, 0
26800, 2311440, 0, 0, 0
26900, 2007708, 0, 0, 0
27000, 2041269, 0, 0, 0
27100, 1905539, 0, 0, 0
27200, 2125613, 0, 0, 0
27300, 2008116, 0, 0, 0
27400, 2155153, 0, 0, 0
27500, 2507306, 0, 0, 0
27600, 2109959, 0, 0, 0
27700, 2054189, 0, 0, 0
27800, 2210581, 0, 0, 0
27900, 2297343, 0, 0, 0
28000, 2063771, 0, 0, 0
28100, 1895810, 0, 0, 0
28200, 2383413, 0, 0, 0
28300, 2198777, 0, 0, 0
28400, 2601563, 0, 0, 0
28500, 2467028, 0, 0, 0
28600, 2332574, 0, 0, 0
28700, 1922740, 0, 0, 0
28800, 2385953, 0, 0, 0
28900, 2114369, 0, 0, 0
29000, 1929935, 0, 0, 0
29100, 2112213, 0, 0, 0
29200, 2230078, 0, 0, 0
29300, 2207543, 0, 0, 0
29400, 2141748, 0, 0, 0
29500, 2263261, 0, 0, 0
29600, 2071699, 0, 0, 0
29700, 2248587, 0, 0, 0
29800, 1983412, 0, 0, 0
29900, 3185930, 0, 0, 0
30000, 2018870, 0, 0, 0
30100, 1895489, 0, 0, 0
30200, 2062183, 0, 0, 0
30300, 2262462, 0, 0, 0
30400, 2284777, 0, 0, 0
30500, 2017871, 0, 0, 0
30600, 1960631, 0, 0, 0
30701, 2723322, 0, 0, 0
30800, 2186648, 0, 0, 0
30900, 2150072, 0, 0, 0
31000, 1820770, 0, 0, 0
31100, 1925237, 0, 0, 0
31200, 2706069, 0, 0, 0
31300, 2263652, 0, 0, 0
31400, 1854874, 0, 0, 0
31500, 2038728, 0, 0, 0
31600, 2403686, 0, 0, 0
31700, 2334635, 0, 0, 0
31800, 1950321, 0, 0, 0
31900, 2247601, 0, 0, 0
32000, 2215357, 0, 0, 0
32100, 2492772, 0, 0, 0
32200, 2094988, 0, 0, 0
32300, 2500854, 0, 0, 0
32400, 2517792, 0, 0, 0
32500, 2415871, 0, 0, 0
32600, 2285171, 0, 0, 0
32700, 2653356, 0, 0, 0
32800, 2176599, 0, 0, 0
32900, 2722140, 0, 0, 0
33000, 2243811, 0, 0, 0
33100, 2330157, 0, 0, 0
33200, 2101593, 0, 0, 0
33300, 2647172, 0, 0, 0
33400, 2050713, 0, 0, 0
33500, 2597523, 0, 0, 0
33600, 1870528, 0, 0, 0
33700, 2200034, 0, 0, 0
33800, 2369496, 0, 0, 0
33900, 1933629, 0, 0, 0
34000, 2667193, 0, 0, 0
34100, 2035908, 0, 0, 0
34200, 2361712, 0, 0, 0
34300, 2347586, 0, 0, 0
34400, 2014538, 0, 0, 0
34500, 2661146, 0, 0, 0
34600, 2415824, 0, 0, 0
34700, 2260066, 0, 0, 0
34800, 1972551, 0, 0, 0
34900, 2023821, 0, 0, 0
35000, 1954487, 0, 0, 0
35100, 2361148, 0, 0, 0
35200, 2283395, 0, 0, 0
35300, 2026149, 0, 0, 0
35400, 2411278, 0, 0, 0
35500, 2136086, 0, 0, 0
35600, 2009851, 0, 0, 0
35701, 2149043, 0, 0, 0
35800, 2140402, 0, 0, 0
35900, 1867799, 0, 0, 0
36000, 1832311, 0, 0, 0
36100, 2026781, 0, 0, 0
36200, 2104888, 0, 0, 0
36300, 2429965, 0, 0, 0
36400, 2029176, 0, 0, 0
36500, 1996858, 0, 0, 0
36600, 2011729, 0, 0, 0
36700, 1968292, 0, 0, 0
36800, 1993755, 0, 0, 0
36900, 2228020, 0, 0, 0
37000, 1975730, 0, 0, 0
37100, 2028343, 0, 0, 0
37200, 2008508, 0, 0, 0
37300, 2303949, 0, 0, 0
37400, 2014046, 0, 0, 0
37500, 2186987, 0, 0, 0
37600, 2011951, 0, 0, 0
37700, 2089003, 0, 0, 0
37800, 1816174, 0, 0, 0
37900, 1941663, 0, 0, 0
38000, 1888533, 0, 0, 0
38100, 2731517, 0, 0, 0
38200, 2268382, 0, 0, 0
38300, 2424779, 0, 0, 0
38400, 1873853, 0, 0, 0
38500, 1843713, 0, 0, 0
38600, 1962631, 0, 0, 0
38700, 1758660, 0, 0, 0
38800, 2226141, 0, 0, 0
38900, 2322188, 0, 0, 0
39000, 2225165, 0, 0, 0
39100, 2012767, 0, 0, 0
39200, 2193396, 0, 0, 0
39300, 2183739, 0, 0, 0
39400, 2223970, 0, 0, 0
39500, 2461650, 0, 0, 0
39600, 2007586, 0, 0, 0
39700, 2115235, 0, 0, 0
39800, 1938782, 0, 0, 0
39900, 2093506, 0, 0, 0
40000, 2093957, 0, 0, 0
40100, 2236102, 0, 0, 0
40200, 2383499, 0, 0, 0
40301, 2020792, 0, 0, 0
40400, 2195114, 0, 0, 0
40500, 2373158, 0, 0, 0
40600, 2090167, 0, 0, 0
40700, 2260563, 0, 0, 0
40800, 1940195, 0, 0, 0
40900, 2513665, 0, 0, 0
41000, 1891418, 0, 0, 0
41100, 2232842, 0, 0, 0
41200, 2008794, 0, 0, 0
41300, 2106017, 0, 0, 0
41400, 1960650, 0, 0, 0
41500, 1738684, 0, 0, 0
41600, 1809724, 0, 0, 0
41700, 2086249, 0, 0, 0
41800, 2488845, 0, 0, 0
41900, 2189068, 0, 0, 0
42000, 1853897, 0, 0, 0
42100, 2304004, 0, 0, 0
42200, 2388834, 0, 0, 0
42300, 1839725, 0, 0, 0
42400, 2180066, 0, 0, 0
42500, 2093163, 0, 0, 0
42600, 1942584, 0, 0, 0
42700, 2030249, 0, 0, 0
42800, 2084686, 0, 0, 0
42900, 2237706, 0, 0, 0
43002, 2230620, 0, 0, 0
43100, 2146824, 0, 0, 0
43200, 2107318, 0, 0, 0
43300, 2029140, 0, 0, 0
43400, 2114497, 0, 0, 0
43500, 2094210, 0, 0, 0
43600, 2177894, 0, 0, 0
43700, 2130948, 0, 0, 0
43800, 2074559, 0, 0, 0
43900, 2004926, 0, 0, 0
44000, 2228863, 0, 0, 0
44100, 2156098, 0, 0, 0
44200, 2147618, 0, 0, 0
44300, 2372545, 0, 0, 0
44400, 1992737, 0, 0, 0
44500, 2406829, 0, 0, 0
44600, 1880673, 0, 0, 0
44700, 2392819, 0, 0, 0
44800, 1983127, 0, 0, 0
44900, 1841598, 0, 0, 0
45000, 2274964, 0, 0, 0
45100, 2505626, 0, 0, 0
45201, 2928354, 0, 0, 0
45300, 2250603, 0, 0, 0
45400, 2666730, 0, 0, 0
45500, 2269423, 0, 0, 0
45600, 2134630, 0, 0, 0
45700, 1849995, 0, 0, 0
45800, 1881510, 0, 0, 0
45900, 2009475, 0, 0, 0
46000, 1896839, 0, 0, 0
46100, 2046159, 0, 0, 0
46200, 1902376, 0, 0, 0
46300, 2081990, 0, 0, 0
46400, 1957448, 0, 0, 0
46500, 1888058, 0, 0, 0
46600, 2462680, 0, 0, 0
46700, 2058006, 0, 0, 0
46800, 2549191, 0, 0, 0
46900, 2068063, 0, 0, 0
47000, 1789713, 0, 0, 0
47100, 2575751, 0, 0, 0
47200, 2313225, 0, 0, 0
47300, 2458012, 0, 0, 0
47400, 2327395, 0, 0, 0
47500, 2002492, 0, 0, 0
47600, 1995030, 0, 0, 0
47700, 2138324, 0, 0, 0
47800, 2599789, 0, 0, 0
47900, 1944372, 0, 0, 0
48000, 1851951, 0, 0, 0
48100, 2004611, 0, 0, 0
48200, 2228139, 0, 0, 0
48300, 1950937, 0, 0, 0
48400, 2032718, 0, 0, 0
48500, 2079324, 0, 0, 0
48600, 1893040, 0, 0, 0
48701, 2094529, 0, 0, 0
48801, 2309791, 0, 0, 0
48900, 1793130, 0, 0, 0
49000, 2128316, 0, 0, 0
49100, 2014796, 0, 0, 0
49200, 2192759, 0, 0, 0
49300, 2174519, 0, 0, 0
49400, 1930792, 0, 0, 0
49500, 1953187, 0, 0, 0
49600, 2121733, 0, 0, 0
49700, 2112627, 0, 0, 0
49800, 2280776, 0, 0, 0
49900, 1933140, 0, 0, 0
50000, 2208407, 0, 0, 0
50100, 2248304, 0, 0, 0
50200, 2113763, 0, 0, 0
50300, 2001975, 0, 0, 0
50400, 2359354, 0, 0, 0
50500, 1918516, 0, 0, 0
50600, 2305374, 0, 0, 0
50700, 2302167, 0, 0, 0
50800, 2845491, 0, 0, 0
50900, 2031010, 0, 0, 0
51000, 2115454, 0, 0, 0
51100, 2251874, 0, 0, 0
51200, 2320622, 0, 0, 0
51301, 1885911, 0, 0, 0
51400, 2418774, 0, 0, 0
51500, 1924934, 0, 0, 0
51600, 2436730, 0, 0, 0
51700, 2579440, 0, 0, 0
51801, 2090545, 0, 0, 0
51900, 2882834, 0, 0, 0
52001, 2403589, 0, 0, 0
52100, 2021256, 0, 0, 0
52200, 2076774, 0, 0, 0
52300, 2189035, 0, 0, 0
52400, 2342781, 0, 0, 0
52501, 2106429, 0, 0, 0
52600, 2080642, 0, 0, 0
52700, 2082018, 0, 0, 0
52801, 1905110, 0, 0, 0
52900, 2163297, 0, 0, 0
53000, 2107907, 0, 0, 0
53100, 1998599, 0, 0, 0
53200, 1942557, 0, 0, 0
53300, 2185351, 0, 0, 0
53400, 2119553, 0, 0, 0
53500, 2286056, 0, 0, 0
53600, 2149781, 0, 0, 0
53700, 2124357, 0, 0, 0
53800, 1937693, 0, 0, 0
53900, 2099891, 0, 0, 0
54000, 2067015, 0, 0, 0
54100, 1830559, 0, 0, 0
54200, 1981422, 0, 0, 0
54300, 1790028, 0, 0, 0
54400, 2057990, 0, 0, 0
54500, 1963119, 0, 0, 0
54600, 1932722, 0, 0, 0
54700, 1940063, 0, 0, 0
54800, 1942185, 0, 0, 0
54900, 2368917, 0, 0, 0
55000, 1907099, 0, 0, 0
55100, 1830565, 0, 0, 0
55200, 1758459, 0, 0, 0
55300, 1784573, 0, 0, 0
55400, 2004958, 0, 0, 0
55500, 2217897, 0, 0, 0
55600, 2293592, 0, 0, 0
55700, 2567873, 0, 0, 0
55800, 2183422, 0, 0, 0
55900, 2071969, 0, 0, 0
56000, 1931423, 0, 0, 0
56100, 1981209, 0, 0, 0
56200, 2009828, 0, 0, 0
56300, 2751662, 0, 0, 0
56402, 1992150, 0, 0, 0
56500, 2598038, 0, 0, 0
56600, 2032576, 0, 0, 0
56700, 1983522, 0, 0, 0
56800, 2347097, 0, 0, 0
56900, 2203920, 0, 0, 0
57000, 2421908, 0, 0, 0
57100, 1806238, 0, 0, 0
57200, 2308369, 0, 0, 0
57300, 2444855, 0, 0, 0
57400, 1933068, 0, 0, 0
57500, 2430312, 0, 0, 0
57600, 1930912, 0, 0, 0
57700, 2495702, 0, 0, 0
57800, 1891157, 0, 0, 0
57900, 1866781, 0, 0, 0
58000, 1951377, 0, 0, 0
58100, 2319824, 0, 0, 0
58200, 1847164, 0, 0, 0
58300, 2084230, 0, 0, 0
58400, 2231360, 0, 0, 0
58500, 1945318, 0, 0, 0
58600, 1895981, 0, 0, 0
58700, 1907757, 0, 0, 0
58800, 1816332, 0, 0, 0
58900, 1870487, 0, 0, 0
59000, 2586686, 0, 0, 0
59100, 2178271, 0, 0, 0
59200, 1817171, 0, 0, 0
59300, 2110981, 0, 0, 0
59400, 1930439, 0, 0, 0
59500, 1956495, 0, 0, 0
59600, 2069246, 0, 0, 0
59700, 1936833, 0, 0, 0
59801, 2298696, 0, 0, 0
59900, 2378323, 0, 0, 0
60000, 2217273, 0, 0, 0
60100, 1844406, 0, 0, 0
60200, 2029493, 0, 0, 0
60300, 1875726, 0, 0, 0
60400, 2098600, 0, 0, 0
60500, 1914914, 0, 0, 0
60600, 2217896, 0, 0, 0
60700, 2216555, 0, 0, 0
60800, 1783670, 0, 0, 0
60900, 2052303, 0, 0, 0
61000, 2195117, 0, 0, 0
61100, 2257327, 0, 0, 0
61200, 2602222, 0, 0, 0
61300, 2143835, 0, 0, 0
61400, 2295429, 0, 0, 0
61500, 2071696, 0, 0, 0
61600, 2302852, 0, 0, 0
61700, 1916507, 0, 0, 0
61800, 2230566, 0, 0, 0
61900, 2081103, 0, 0, 0
62000, 2145250, 0, 0, 0
62101, 2078110, 0, 0, 0
62200, 2055889, 0, 0, 0
62300, 2175366, 0, 0, 0
62400, 1918163, 0, 0, 0
62500, 1966847, 0, 0, 0
62600, 2333666, 0, 0, 0
62700, 2060622, 0, 0, 0
62801, 2080035, 0, 0, 0
62900, 2055061, 0, 0, 0
63000, 1981191, 0, 0, 0
63100, 2577930, 0, 0, 0
63200, 2195196, 0, 0, 0
63300, 2074310, 0, 0, 0
63400, 2447321, 0, 0, 0
63500, 1976685, 0, 0, 0
63600, 2044602, 0, 0, 0
63700, 2246813, 0, 0, 0
63801, 2041024, 0, 0, 0
63900, 2138702, 0, 0, 0
64000, 2269093, 0, 0, 0
64100, 1793799, 0, 0, 0
64200, 1955930, 0, 0, 0
64300, 2401243, 0, 0, 0
64400, 2010624, 0, 0, 0
64500, 2220005, 0, 0, 0
64600, 2042458, 0, 0, 0
64700, 2286995, 0, 0, 0
64800, 2198612, 0, 0, 0
64900, 2404396, 0, 0, 0
65000, 2046931, 0, 0, 0
65100, 1886069, 0, 0, 0
65200, 1861667, 0, 0, 0
65300, 2038002, 0, 0, 0
65400, 2581847, 0, 0, 0
65500, 2469134, 0, 0, 0
65600, 2151458, 0, 0, 0
65700, 1952899, 0, 0, 0
65800, 1882534, 0, 0, 0
65900, 2144488, 0, 0, 0
66001, 2635007, 0, 0, 0
66100, 2201897, 0, 0, 0
66200, 1967401, 0, 0, 0
66300, 2530022, 0, 0, 0
66400, 1926654, 0, 0, 0
66500, 2152137, 0, 0, 0
66600, 2077149, 0, 0, 0
66700, 1935493, 0, 0, 0
66800, 2088853, 0, 0, 0
66900, 1961098, 0, 0, 0
67001, 2011349, 0, 0, 0
67100, 1866104, 0, 0, 0
67200, 1941028, 0, 0, 0
67300, 2135464, 0, 0, 0
67400, 1869495, 0, 0, 0
67500, 2016890, 0, 0, 0
67600, 2503952, 0, 0, 0
67700, 2338749, 0, 0, 0
67800, 2148307, 0, 0, 0
67900, 1993350, 0, 0, 0
68000, 2874506, 0, 0, 0
68100, 2418481, 0, 0, 0
68200, 2215177, 0, 0, 0
68300, 2333668, 0, 0, 0
68400, 1877278, 0, 0, 0
68500, 2075867, 0, 0, 0
68600, 2166086, 0, 0, 0
68700, 2310546, 0, 0, 0
68800, 2277154, 0, 0, 0
68900, 1891975, 0, 0, 0
69000, 2652954, 0, 0, 0
69100, 1777008, 0, 0, 0
69200, 1919024, 0, 0, 0
69300, 2253654, 0, 0, 0
69401, 1951762, 0, 0, 0
69500, 2152662, 0, 0, 0
69600, 1984341, 0, 0, 0
69700, 1965050, 0, 0, 0
69800, 1939783, 0, 0, 0
69900, 2112008, 0, 0, 0
70000, 2285105, 0, 0, 0
70100, 2031110, 0, 0, 0
70200, 2397563, 0, 0, 0
70300, 2005882, 0, 0, 0
70400, 2076085, 0, 0, 0
70502, 2473924, 0, 0, 0
70600, 3060657, 0, 0, 0
70700, 1864951, 0, 0, 0
70800, 1991085, 0, 0, 0
70900, 1952048, 0, 0, 0
71000, 2186483, 0, 0, 0
71100, 2280028, 0, 0, 0
71200, 2411466, 0, 0, 0
71300, 1992172, 0, 0, 0
71400, 2095758, 0, 0, 0
71500, 2558619, 0, 0, 0
71600, 2020284, 0, 0, 0
71700, 2010489, 0, 0, 0
71800, 2405204, 0, 0, 0
71900, 2253809, 0, 0, 0
72001, 2311985, 0, 0, 0
72100, 2759269, 0, 0, 0
72200, 2340933, 0, 0, 0
72300, 1966536, 0, 0, 0
72400, 2034841, 0, 0, 0
72500, 2482959, 0, 0, 0
72600, 2172257, 0, 0, 0
72700, 2022451, 0, 0, 0
72800, 2043706, 0, 0, 0
72900, 1920053, 0, 0, 0
73000, 2208238, 0, 0, 0
73100, 2123399, 0, 0, 0
73200, 2028265, 0, 0, 0
73300, 2197228, 0, 0, 0
73400, 2066612, 0, 0, 0
73500, 2364032, 0, 0, 0
73600, 2408850, 0, 0, 0
73700, 2040814, 0, 0, 0
73800, 2171241, 0, 0, 0
73900, 2187547, 0, 0, 0
74000, 2629768, 0, 0, 0
74100, 1977271, 0, 0, 0
74200, 2458018, 0, 0, 0
74300, 1828891, 0, 0, 0
74400, 2246197, 0, 0, 0
74500, 1885237, 0, 0, 0
74600, 1994066, 0, 0, 0
74701, 2484496, 0, 0, 0
74800, 2852668, 0, 0, 0
74900, 2379170, 0, 0, 0
75000, 2056536, 0, 0, 0
75100, 1801127, 0, 0, 0
75200, 2139315, 0, 0, 0
75300, 2044181, 0, 0, 0
75400, 2102058, 0, 0, 0
75500, 2283213, 0, 0, 0
75600, 1877366, 0, 0, 0
75700, 2246632, 0, 0, 0
75800, 2433824, 0, 0, 0
75900, 1868876, 0, 0, 0
76000, 1874082, 0, 0, 0
76100, 1864702, 0, 0, 0
76200, 1997313, 0, 0, 0
76300, 1824036, 0, 0, 0
76400, 2109604, 0, 0, 0
76500, 2077318, 0, 0, 0
76600, 1915721, 0, 0, 0
76700, 2172473, 0, 0, 0
76800, 1840709, 0, 0, 0
76900, 2048251, 0, 0, 0
77000, 2279483, 0, 0, 0
77100, 1911974, 0, 0, 0
77200, 1906550, 0, 0, 0
77300, 1815905, 0, 0, 0
77400, 2519612, 0, 0, 0
77500, 1925097, 0, 0, 0
77600, 2237806, 0, 0, 0
77700, 2238177, 0, 0, 0
77800, 2068856, 0, 0, 0
77900, 2609492, 0, 0, 0
78000, 2273802, 0, 0, 0
78101, 2261393, 0, 0, 0
78200, 2252217, 0, 0, 0
78300, 1829346, 0, 0, 0
78400, 2189473, 0, 0, 0
78500, 2897685, 0, 0, 0
78600, 2330336, 0, 0, 0
78700, 2229427, 0, 0, 0
78800, 2133481, 0, 0, 0
78900, 1932703, 0, 0, 0
79000, 1781991, 0, 0, 0
79100, 2035707, 0, 0, 0
79200, 2018846, 0, 0, 0
79300, 2093014, 0, 0, 0
79400, 1786057, 0, 0, 0
79500, 2032558, 0, 0, 0
79600, 1905435, 0, 0, 0
79700, 1804905, 0, 0, 0
79800, 2006388, 0, 0, 0
79900, 2245957, 0, 0, 0
80000, 2077226, 0, 0, 0
80100, 2000538, 0, 0, 0
80200, 2133246, 0, 0, 0
80300, 1917558, 0, 0, 0
80400, 1921786, 0, 0, 0
80500, 2021276, 0, 0, 0
80600, 1911455, 0, 0, 0
80700, 1965782, 0, 0, 0
80800, 2778269, 0, 0, 0
80900, 2066842, 0, 0, 0
81000, 1897549, 0, 0, 0
81101, 1969775, 0, 0, 0
81200, 2125871, 0, 0, 0
81301, 2566674, 0, 0, 0
81401, 2020011, 0, 0, 0
81500, 2218359, 0, 0, 0
81600, 1911864, 0, 0, 0
81700, 2222080, 0, 0, 0
81800, 2103152, 0, 0, 0
81900, 2370424, 0, 0, 0
82000, 2094116, 0, 0, 0
82100, 2170535, 0, 0, 0
82200, 2511300, 0, 0, 0
82300, 1946552, 0, 0, 0
82400, 2025731, 0, 0, 0
82501, 2437835, 0, 0, 0
82600, 2245476, 0, 0, 0
82700, 2079856, 0, 0, 0
82800, 1932403, 0, 0, 0
82900, 1899500, 0, 0, 0
83000, 2893577, 0, 0, 0
83100, 2053881, 0, 0, 0
83200, 1936077, 0, 0, 0
83300, 2183311, 0, 0, 0
83400, 2424103, 0, 0, 0
83500, 2202923, 0, 0, 0
83600, 2084998, 0, 0, 0
83700, 2746241, 0, 0, 0
83800, 2407261, 0, 0, 0
83901, 2764573, 0, 0, 0
84000, 2116244, 0, 0, 0
84100, 2024820, 0, 0, 0
84200, 2024051, 0, 0, 0
84300, 2406601, 0, 0, 0
84400, 2127787, 0, 0, 0
84500, 2309454, 0, 0, 0
84601, 1916649, 0, 0, 0
84700, 1934373, 0, 0, 0
84800, 2111814, 0, 0, 0
84900, 2055239, 0, 0, 0
85000, 2251540, 0, 0, 0
85101, 2282605, 0, 0, 0
85200, 2128537, 0, 0, 0
85300, 2383961, 0, 0, 0
85400, 2239470, 0, 0, 0
85500, 2134005, 0, 0, 0
85600, 2710572, 0, 0, 0
85700, 2311533, 0, 0, 0
85800, 2276337, 0, 0, 0
85900, 2467425, 0, 0, 0
86000, 1895284, 0, 0, 0
86100, 2098059, 0, 0, 0
86200, 2671137, 0, 0, 0
86300, 2310011, 0, 0, 0
86400, 2050197, 0, 0, 0
86500, 2249224, 0, 0, 0
86600, 2363402, 0, 0, 0
86700, 2031398, 0, 0, 0
86800, 2034487, 0, 0, 0
86900, 2278534, 0, 0, 0
87000, 2369464, 0, 0, 0
87100, 1984467, 0, 0, 0
87200, 2282674, 0, 0, 0
87303, 2312140, 0, 0, 0
87400, 2367696, 0, 0, 0
87500, 2204920, 0, 0, 0
87600, 2003473, 0, 0, 0
87700, 2435823, 0, 0, 0
87800, 2961973, 0, 0, 0
87900, 2840749, 0, 0, 0
88001, 2394668, 0, 0, 0
88100, 2300939, 0, 0, 0
88201, 2145269, 0, 0, 0
88300, 2960402, 0, 0, 0
88400, 2100457, 0, 0, 0
88500, 3026579, 0, 0, 0
88600, 2566474, 0, 0, 0
88700, 2926219, 0, 0, 0
88800, 2943318, 0, 0, 0
88900, 2311429, 0, 0, 0
89000, 2119679, 0, 0, 0
89100, 2474188, 0, 0, 0
89200, 2362820, 0, 0, 0
89300, 2288919, 0, 0, 0
89402, 2279646, 0, 0, 0
89500, 2278415, 0, 0, 0
89600, 2421639, 0, 0, 0
89700, 2315004, 0, 0, 0
89800, 1970816, 0, 0, 0
89900, 1972366, 0, 0, 0
90000, 1808942, 0, 0, 0
90001, 2414163, 0, 0, 0
