250, 78464, 1, 0, 0
350, 69440, 1, 0, 0
450, 73600, 1, 0, 0
550, 66240, 1, 0, 0
650, 67200, 1, 0, 0
749, 75636, 1, 0, 0
849, 71040, 1, 0, 0
949, 71680, 1, 0, 0
1049, 71040, 1, 0, 0
1149, 66880, 1, 0, 0
1250, 77760, 1, 0, 0
1350, 71680, 1, 0, 0
1450, 71040, 1, 0, 0
1550, 68800, 1, 0, 0
1650, 59520, 1, 0, 0
1749, 60444, 1, 0, 0
1849, 56320, 1, 0, 0
1949, 67200, 1, 0, 0
2049, 64320, 1, 0, 0
2149, 58560, 1, 0, 0
2249, 55680, 1, 0, 0
2349, 57280, 1, 0, 0
2449, 64000, 1, 0, 0
2550, 59520, 1, 0, 0
2650, 61440, 1, 0, 0
2749, 62060, 1, 0, 0
2849, 46400, 1, 0, 0
2949, 66560, 1, 0, 0
3049, 60480, 1, 0, 0
3149, 58560, 1, 0, 0
3249, 50880, 1, 0, 0
3349, 59200, 1, 0, 0
3449, 60800, 1, 0, 0
3549, 62720, 1, 0, 0
3650, 44160, 1, 0, 0
3750, 64960, 1, 0, 0
3850, 61440, 1, 0, 0
3950, 60160, 1, 0, 0
4050, 56640, 1, 0, 0
4150, 70080, 1, 0, 0
4249, 79838, 1, 0, 0
4349, 80960, 1, 0, 0
4449, 80320, 1, 0, 0
4549, 78720, 1, 0, 0
4649, 84480, 1, 0, 0
4750, 78720, 1, 0, 0
4850, 80320, 1, 0, 0
4950, 86720, 1, 0, 0
5050, 78400, 1, 0, 0
5150, 89280, 1, 0, 0
5249, 73050, 1, 0, 0
5349, 62080, 1, 0, 0
5449, 65280, 1, 0, 0
5549, 73600, 1, 0, 0
5649, 54400, 1, 0, 0
5749, 56000, 1, 0, 0
5849, 53120, 1, 0, 0
5950, 60800, 1, 0, 0
6050, 61120, 1, 0, 0
6150, 49280, 1, 0, 0
6249, 69818, 1, 0, 0
6349, 56960, 1, 0, 0
6449, 57280, 1, 0, 0
6549, 52160, 1, 0, 0
6649, 56000, 1, 0, 0
6749, 59840, 1, 0, 0
6849, 56960, 1, 0, 0
6949, 59840, 1, 0, 0
7050, 64960, 1, 0, 0
7150, 59840, 1, 0, 0
7249, 64323, 1, 0, 0
7349, 70400, 1, 0, 0
7449, 60160, 1, 0, 0
7549, 66560, 1, 0, 0
7649, 68800, 1, 0, 0
7749, 62720, 1, 0, 0
7849, 61760, 1, 0, 0
7949, 67200, 1, 0, 0
8049, 64640, 1, 0, 0
8149, 62080, 1, 0, 0
8249, 64000, 1, 0, 0
8350, 56320, 1, 0, 0
8450, 63360, 1, 0, 0
8550, 65600, 1, 0, 0
8650, 60800, 1, 0, 0
8749, 64000, 1, 0, 0
8849, 76800, 1, 0, 0
8949, 82240, 1, 0, 0
9049, 81280, 1, 0, 0
9149, 81920, 1, 0, 0
9249, 77120, 1, 0, 0
9349, 64000, 1, 0, 0
9449, 68480, 1, 0, 0
9550, 69120, 1, 0, 0
9650, 67840, 1, 0, 0
9749, 68525, 1, 0, 0
9849, 70400, 1, 0, 0
9949, 59520, 1, 0, 0
10049, 68160, 1, 0, 0
10149, 67840, 1, 0, 0
10249, 71040, 1, 0, 0
10349, 61760, 1, 0, 0
10449, 74880, 1, 0, 0
10550, 78400, 1, 0, 0
10650, 83200, 1, 0, 0
10749, 71434, 1, 0, 0
10849, 83200, 1, 0, 0
10949, 62720, 1, 0, 0
11049, 62720, 1, 0, 0
11149, 62080, 1, 0, 0
11249, 67200, 1, 0, 0
11349, 77120, 1, 0, 0
11449, 72960, 1, 0, 0
11549, 79040, 1, 0, 0
11649, 86080, 1, 0, 0
11750, 80960, 1, 0, 0
11850, 80640, 1, 0, 0
11950, 92480, 1, 0, 0
12050, 84160, 1, 0, 0
12150, 83200, 1, 0, 0
12249, 88888, 1, 0, 0
12349, 81600, 1, 0, 0
12449, 56640, 1, 0, 0
12549, 80320, 1, 0, 0
12649, 75840, 1, 0, 0
12750, 64000, 1, 0, 0
12850, 76480, 1, 0, 0
12950, 71360, 1, 0, 0
13050, 63040, 1, 0, 0
13150, 71680, 1, 0, 0
13249, 53979, 1, 0, 0
13349, 73920, 1, 0, 0
13449, 68160, 1, 0, 0
13549, 65600, 1, 0, 0
13649, 56320, 1, 0, 0
13749, 69760, 1, 0, 0
13849, 51520, 1, 0, 0
13949, 83520, 1, 0, 0
14050, 62720, 1, 0, 0
14150, 73280, 1, 0, 0
14249, 52363, 1, 0, 0
14349, 52800, 1, 0, 0
14449, 65600, 1, 0, 0
14549, 67840, 1, 0, 0
14649, 76800, 1, 0, 0
14749, 63680, 1, 0, 0
14849, 72320, 1, 0, 0
14949, 84800, 1, 0, 0
15049, 88000, 1, 0, 0
15150, 87360, 1, 0, 0
15250, 79360, 1, 0, 0
15350, 79040, 1, 0, 0
15450, 73600, 1, 0, 0
15550, 68160, 1, 0, 0
15650, 78720, 1, 0, 0
15749, 88565, 1, 0, 0
15849, 90560, 1, 0, 0
15949, 93760, 1, 0, 0
16049, 90880, 1, 0, 0
16149, 88000, 1, 0, 0
16249, 83520, 1, 0, 0
16350, 79040, 1, 0, 0
16450, 82880, 1, 0, 0
16550, 83520, 1, 0, 0
16650, 80000, 1, 0, 0
16749, 98262, 1, 0, 0
16849, 89600, 1, 0, 0
16949, 90880, 1, 0, 0
17049, 81280, 1, 0, 0
17149, 88640, 1, 0, 0
17249, 83520, 1, 0, 0
17349, 86720, 1, 0, 0
17449, 88320, 1, 0, 0
17550, 87040, 1, 0, 0
17650, 83520, 1, 0, 0
17749, 85010, 1, 0, 0
17849, 87040, 1, 0, 0
17949, 78080, 1, 0, 0
18049, 84800, 1, 0, 0
18149, 84800, 1, 0, 0
18249, 88640, 1, 0, 0
18349, 91840, 1, 0, 0
18449, 82880, 1, 0, 0
18550, 68480, 1, 0, 0
18650, 72960, 1, 0, 0
18749, 60121, 1, 0, 0
18849, 69760, 1, 0, 0
18949, 65280, 1, 0, 0
19049, 67520, 1, 0, 0
19149, 69120, 1, 0, 0
19249, 65600, 1, 0, 0
19349, 75200, 1, 0, 0
19449, 60800, 1, 0, 0
19549, 60800, 1, 0, 0
19649, 60480, 1, 0, 0
19750, 56000, 1, 0, 0
19850, 61760, 1, 0, 0
19950, 57280, 1, 0, 0
20050, 56320, 1, 0, 0
20150, 54400, 1, 0, 0
20249, 43959, 1, 0, 0
20349, 69760, 1, 0, 0
20449, 54720, 1, 0, 0
20549, 56320, 1, 0, 0
20649, 69120, 1, 0, 0
20749, 66880, 1, 0, 0
20849, 61760, 1, 0, 0
20950, 58880, 1, 0, 0
21050, 58560, 1, 0, 0
21150, 65920, 1, 0, 0
21249, 68202, 1, 0, 0
21349, 65600, 1, 0, 0
21449, 70080, 1, 0, 0
21549, 64960, 1, 0, 0
21649, 66560, 1, 0, 0
21749, 75200, 1, 0, 0
21849, 67840, 1, 0, 0
21949, 67840, 1, 0, 0
22050, 65600, 1, 0, 0
22150, 67520, 1, 0, 0
22249, 61414, 1, 0, 0
22349, 66880, 1, 0, 0
22449, 81600, 1, 0, 0
22549, 74560, 1, 0, 0
22649, 79040, 1, 0, 0
22749, 86400, 1, 0, 0
22849, 79040, 1, 0, 0
22949, 79360, 1, 0, 0
23049, 75840, 1, 0, 0
23150, 82560, 1, 0, 0
23250, 73920, 1, 0, 0
23350, 69760, 1, 0, 0
23450, 72640, 1, 0, 0
23550, 68480, 1, 0, 0
23650, 69440, 1, 0, 0
23749, 71111, 1, 0, 0
23849, 64960, 1, 0, 0
23949, 65920, 1, 0, 0
24049, 71360, 1, 0, 0
24149, 64000, 1, 0, 0
24250, 69440, 1, 0, 0
24350, 67520, 1, 0, 0
24450, 80320, 1, 0, 0
24550, 77120, 1, 0, 0
24650, 68800, 1, 0, 0
24749, 74020, 1, 0, 0
24849, 81600, 1, 0, 0
24949, 79360, 1, 0, 0
25049, 74560, 1, 0, 0
25149, 94720, 1, 0, 0
25249, 84160, 1, 0, 0
25349, 76160, 1, 0, 0
25450, 80640, 1, 0, 0
25550, 77760, 1, 0, 0
25650, 81600, 1, 0, 0
25749, 69171, 1, 0, 0
25849, 82240, 1, 0, 0
25949, 79040, 1, 0, 0
26049, 80320, 1, 0, 0
26149, 71040, 1, 0, 0
26249, 72000, 1, 0, 0
26349, 67840, 1, 0, 0
26449, 65600, 1, 0, 0
26550, 39040, 1, 0, 0
26650, 43520, 1, 0, 0
26749, 53010, 1, 0, 0
26849, 50560, 1, 0, 0
26949, 33920, 1, 0, 0
27049, 43840, 1, 0, 0
27149, 51840, 1, 0, 0
27249, 41600, 1, 0, 0
27349, 48640, 1, 0, 0
27449, 49280, 1, 0, 0
27549, 49280, 1, 0, 0
27650, 43520, 1, 0, 0
27749, 58505, 1, 0, 0
27849, 55680, 1, 0, 0
27949, 64640, 1, 0, 0
28049, 64000, 1, 0, 0
28149, 54080, 1, 0, 0
28249, 63040, 1, 0, 0
28349, 66880, 1, 0, 0
28449, 73920, 1, 0, 0
28550, 81920, 1, 0, 0
28650, 73600, 1, 0, 0
28749, 68202, 1, 0, 0
28849, 65280, 1, 0, 0
28949, 74880, 1, 0, 0
29049, 63040, 1, 0, 0
29149, 66560, 1, 0, 0
29249, 65280, 1, 0, 0
29349, 61120, 1, 0, 0
29449, 67840, 1, 0, 0
29549, 64640, 1, 0, 0
29649, 81600, 1, 0, 0
29750, 85760, 1, 0, 0
29850, 79680, 1, 0, 0
29950, 59200, 1, 0, 0
30050, 73920, 1, 0, 0
30150, 69120, 1, 0, 0
30249, 66585, 1, 0, 0
30349, 67520, 1, 0, 0
30449, 60800, 1, 0, 0
30549, 55360, 1, 0, 0
30649, 74240, 1, 0, 0
30750, 61440, 1, 0, 0
30850, 51840, 1, 0, 0
30950, 61120, 1, 0, 0
31050, 55680, 1, 0, 0
31150, 65280, 1, 0, 0
31249, 69494, 1, 0, 0
31349, 56000, 1, 0, 0
31449, 58240, 1, 0, 0
31549, 46720, 1, 0, 0
31649, 64960, 1, 0, 0
31750, 62400, 1, 0, 0
31850, 69120, 1, 0, 0
31950, 62400, 1, 0, 0
32050, 60160, 1, 0, 0
32150, 72960, 1, 0, 0
32249, 69494, 1, 0, 0
32349, 69760, 1, 0, 0
32449, 69440, 1, 0, 0
32550, 66240, 1, 0, 0
32650, 66240, 1, 0, 0
32749, 70464, 1, 0, 0
32849, 63040, 1, 0, 0
32949, 71040, 1, 0, 0
33049, 58880, 1, 0, 0
33149, 64000, 1, 0, 0
33249, 72320, 1, 0, 0
33349, 69440, 1, 0, 0
33449, 68480, 1, 0, 0
33549, 67840, 1, 0, 0
33649, 63040, 1, 0, 0
33750, 75840, 1, 0, 0
33850, 80320, 1, 0, 0
33950, 83520, 1, 0, 0
34050, 86080, 1, 0, 0
34150, 59200, 1, 0, 0
34249, 77575, 1, 0, 0
34349, 66880, 1, 0, 0
34449, 51520, 1, 0, 0
34549, 47040, 1, 0, 0
34649, 47360, 1, 0, 0
34750, 44160, 1, 0, 0
34850, 40960, 1, 0, 0
34950, 53120, 1, 0, 0
35050, 38080, 1, 0, 0
35150, 37120, 1, 0, 0
35249, 42666, 1, 0, 0
35349, 36160, 1, 0, 0
35449, 35840, 1, 0, 0
35549, 45440, 1, 0, 0
35649, 42240, 1, 0, 0
35749, 45120, 1, 0, 0
35850, 46400, 1, 0, 0
35950, 42240, 1, 0, 0
36050, 40320, 1, 0, 0
36150, 47680, 1, 0, 0
36249, 44606, 1, 0, 0
36349, 38720, 1, 0, 0
36449, 38400, 1, 0, 0
36549, 42240, 1, 0, 0
36649, 65280, 1, 0, 0
36749, 37440, 1, 0, 0
36850, 39680, 1, 0, 0
36950, 40640, 1, 0, 0
37050, 40320, 1, 0, 0
37150, 32960, 1, 0, 0
37249, 41373, 1, 0, 0
37349, 44800, 1, 0, 0
37449, 40960, 1, 0, 0
37549, 56000, 1, 0, 0
37649, 63360, 1, 0, 0
37749, 66880, 1, 0, 0
37849, 76800, 1, 0, 0
37950, 71040, 1, 0, 0
38050, 70080, 1, 0, 0
38150, 61120, 1, 0, 0
38249, 85979, 1, 0, 0
38349, 82560, 1, 0, 0
38449, 79680, 1, 0, 0
38549, 75520, 1, 0, 0
38649, 77760, 1, 0, 0
38749, 74560, 1, 0, 0
38849, 77760, 1, 0, 0
38949, 77440, 1, 0, 0
39050, 73920, 1, 0, 0
39150, 76480, 1, 0, 0
39249, 76929, 1, 0, 0
39349, 80960, 1, 0, 0
39449, 75840, 1, 0, 0
39549, 83840, 1, 0, 0
39649, 74240, 1, 0, 0
39749, 78720, 1, 0, 0
39849, 72320, 1, 0, 0
39949, 81920, 1, 0, 0
40050, 76800, 1, 0, 0
40150, 80960, 1, 0, 0
40249, 58505, 1, 0, 0
40349, 62720, 1, 0, 0
40449, 67520, 1, 0, 0
40549, 73280, 1, 0, 0
40649, 68800, 1, 0, 0
40749, 65920, 1, 0, 0
40849, 74880, 1, 0, 0
40949, 61440, 1, 0, 0
41049, 65600, 1, 0, 0
41150, 62080, 1, 0, 0
41249, 63353, 1, 0, 0
41349, 64960, 1, 0, 0
41449, 66240, 1, 0, 0
41549, 65280, 1, 0, 0
41649, 59200, 1, 0, 0
41749, 61760, 1, 0, 0
41849, 67840, 1, 0, 0
41949, 64960, 1, 0, 0
42049, 66240, 1, 0, 0
42149, 53120, 1, 0, 0
42250, 60480, 1, 0, 0
42350, 67200, 1, 0, 0
42450, 60160, 1, 0, 0
42550, 64320, 1, 0, 0
42650, 65920, 1, 0, 0
42749, 64969, 1, 0, 0
42849, 57280, 1, 0, 0
42949, 63680, 1, 0, 0
43049, 61440, 1, 0, 0
43149, 62400, 1, 0, 0
43249, 66240, 1, 0, 0
43349, 57920, 1, 0, 0
43450, 60800, 1, 0, 0
43550, 57600, 1, 0, 0
43650, 52160, 1, 0, 0
43749, 58505, 1, 0, 0
43849, 59840, 1, 0, 0
43949, 56320, 1, 0, 0
44049, 58240, 1, 0, 0
44149, 53440, 1, 0, 0
44249, 58560, 1, 0, 0
44350, 58240, 1, 0, 0
44450, 55360, 1, 0, 0
44550, 59840, 1, 0, 0
44650, 63680, 1, 0, 0
44749, 60444, 1, 0, 0
44849, 57280, 1, 0, 0
44949, 60800, 1, 0, 0
45049, 63360, 1, 0, 0
45149, 56320, 1, 0, 0
45250, 76160, 1, 0, 0
45350, 71040, 1, 0, 0
45450, 67200, 1, 0, 0
45550, 75200, 1, 0, 0
45650, 74880, 1, 0, 0
45749, 74666, 1, 0, 0
45849, 69760, 1, 0, 0
45949, 77760, 1, 0, 0
46049, 70720, 1, 0, 0
46149, 69120, 1, 0, 0
46249, 78080, 1, 0, 0
46350, 73280, 1, 0, 0
46450, 73920, 1, 0, 0
46550, 69760, 1, 0, 0
46650, 80960, 1, 0, 0
46749, 78222, 1, 0, 0
46849, 67520, 1, 0, 0
46949, 51200, 1, 0, 0
47049, 49600, 1, 0, 0
47149, 63040, 1, 0, 0
47249, 65920, 1, 0, 0
47349, 69120, 1, 0, 0
47449, 71680, 1, 0, 0
47550, 65280, 1, 0, 0
47650, 78080, 1, 0, 0
47749, 72727, 1, 0, 0
47849, 72000, 1, 0, 0
47949, 74240, 1, 0, 0
48049, 74240, 1, 0, 0
48149, 70080, 1, 0, 0
48249, 73920, 1, 0, 0
48349, 76160, 1, 0, 0
48450, 73920, 1, 0, 0
48550, 76160, 1, 0, 0
48650, 69120, 1, 0, 0
48749, 79515, 1, 0, 0
48849, 71360, 1, 0, 0
48949, 72000, 1, 0, 0
49049, 80640, 1, 0, 0
49149, 63680, 1, 0, 0
49249, 57920, 1, 0, 0
49349, 59520, 1, 0, 0
49450, 64960, 1, 0, 0
49550, 59520, 1, 0, 0
49650, 67520, 1, 0, 0
49749, 62707, 1, 0, 0
49849, 63040, 1, 0, 0
49949, 61120, 1, 0, 0
50049, 60800, 1, 0, 0
50149, 65280, 1, 0, 0
50249, 69120, 1, 0, 0
50349, 59520, 1, 0, 0
50450, 65920, 1, 0, 0
50550, 59840, 1, 0, 0
50650, 56640, 1, 0, 0
50749, 63030, 1, 0, 0
50849, 67200, 1, 0, 0
50949, 67520, 1, 0, 0
51049, 58240, 1, 0, 0
51149, 66880, 1, 0, 0
51249, 58880, 1, 0, 0
51349, 64640, 1, 0, 0
51449, 62080, 1, 0, 0
51550, 56320, 1, 0, 0
51650, 63680, 1, 0, 0
51749, 62060, 1, 0, 0
51849, 59520, 1, 0, 0
51949, 52800, 1, 0, 0
52049, 61760, 1, 0, 0
52149, 61440, 1, 0, 0
52249, 62400, 1, 0, 0
52349, 60800, 1, 0, 0
52449, 37120, 1, 0, 0
52549, 45120, 1, 0, 0
52649, 36160, 1, 0, 0
52750, 40000, 1, 0, 0
52850, 51200, 1, 0, 0
52950, 64000, 1, 0, 0
53050, 63680, 1, 0, 0
53150, 51840, 1, 0, 0
53249, 58181, 1, 0, 0
53349, 57920, 1, 0, 0
53449, 60160, 1, 0, 0
53549, 57920, 1, 0, 0
53649, 57920, 1, 0, 0
53750, 54400, 1, 0, 0
53850, 59520, 1, 0, 0
53950, 61440, 1, 0, 0
54050, 57600, 1, 0, 0
54150, 57280, 1, 0, 0
54249, 58181, 1, 0, 0
54349, 61120, 1, 0, 0
54449, 60800, 1, 0, 0
54549, 67520, 1, 0, 0
54649, 66880, 1, 0, 0
54749, 64000, 1, 0, 0
54850, 60800, 1, 0, 0
54950, 65600, 1, 0, 0
55050, 63680, 1, 0, 0
55150, 65600, 1, 0, 0
55249, 66909, 1, 0, 0
55349, 60800, 1, 0, 0
55449, 65600, 1, 0, 0
55549, 64960, 1, 0, 0
55649, 68800, 1, 0, 0
55749, 62720, 1, 0, 0
55849, 69760, 1, 0, 0
55949, 60800, 1, 0, 0
56050, 64320, 1, 0, 0
56150, 67200, 1, 0, 0
56249, 63353, 1, 0, 0
56349, 66240, 1, 0, 0
56449, 63680, 1, 0, 0
56549, 57280, 1, 0, 0
56649, 56000, 1, 0, 0
56749, 58240, 1, 0, 0
56849, 58560, 1, 0, 0
56949, 55040, 1, 0, 0
57049, 55040, 1, 0, 0
57150, 56000, 1, 0, 0
57249, 61414, 1, 0, 0
57349, 55680, 1, 0, 0
57449, 56640, 1, 0, 0
57549, 58880, 1, 0, 0
57649, 54720, 1, 0, 0
57749, 58560, 1, 0, 0
57849, 52480, 1, 0, 0
57949, 55360, 1, 0, 0
58049, 55040, 1, 0, 0
58149, 58880, 1, 0, 0
58249, 56640, 1, 0, 0
58349, 57280, 1, 0, 0
58450, 56640, 1, 0, 0
58550, 53120, 1, 0, 0
58650, 53120, 1, 0, 0
58749, 60444, 1, 0, 0
58849, 55680, 1, 0, 0
58949, 56000, 1, 0, 0
59049, 60160, 1, 0, 0
59149, 54400, 1, 0, 0
59249, 57600, 1, 0, 0
59349, 51840, 1, 0, 0
59449, 52800, 1, 0, 0
59550, 51840, 1, 0, 0
59650, 50560, 1, 0, 0
59749, 53333, 1, 0, 0
59849, 52160, 1, 0, 0
59949, 54400, 1, 0, 0
