132, 52443, 1, 0, 0
201, 33079, 1, 0, 0
335, 33265, 1, 0, 0
400, 39531, 1, 0, 0
515, 35568, 1, 0, 0
602, 36959, 1, 0, 0
702, 35001, 1, 0, 0
801, 52077, 1, 0, 0
900, 68363, 1, 0, 0
1009, 57026, 1, 0, 0
1102, 76197, 1, 0, 0
1200, 86021, 1, 0, 0
1312, 61038, 1, 0, 0
1402, 71675, 1, 0, 0
1511, 66699, 1, 0, 0
1601, 57235, 1, 0, 0
1701, 59931, 1, 0, 0
1800, 91462, 1, 0, 0
1900, 83163, 1, 0, 0
2000, 88314, 1, 0, 0
2107, 82229, 1, 0, 0
2226, 79811, 1, 0, 0
2301, 82480, 1, 0, 0
2409, 50876, 1, 0, 0
2509, 59222, 1, 0, 0
2604, 45883, 1, 0, 0
2708, 77658, 1, 0, 0
2805, 63666, 1, 0, 0
2913, 62820, 1, 0, 0
3014, 61099, 1, 0, 0
3127, 75604, 1, 0, 0
3200, 104119, 1, 0, 0
3326, 63711, 1, 0, 0
3416, 71576, 1, 0, 0
3502, 59174, 1, 0, 0
3603, 76319, 1, 0, 0
3738, 59756, 1, 0, 0
3823, 92638, 1, 0, 0
3908, 90267, 1, 0, 0
4000, 90392, 1, 0, 0
4139, 63834, 1, 0, 0
4216, 68397, 1, 0, 0
4310, 81941, 1, 0, 0
4416, 102515, 1, 0, 0
4508, 69883, 1, 0, 0
4625, 51517, 1, 0, 0
4720, 64869, 1, 0, 0
4802, 79637, 1, 0, 0
4921, 87271, 1, 0, 0
5006, 66055, 1, 0, 0
5129, 84049, 1, 0, 0
5213, 100669, 1, 0, 0
5310, 58934, 1, 0, 0
5401, 69147, 1, 0, 0
5503, 64946, 1, 0, 0
5600, 62976, 1, 0, 0
5700, 76442, 1, 0, 0
5800, 86457, 1, 0, 0
5910, 72687, 1, 0, 0
6001, 80055, 1, 0, 0
6107, 80154, 1, 0, 0
6200, 68367, 1, 0, 0
6319, 62508, 1, 0, 0
6405, 68793, 1, 0, 0
6515, 88260, 1, 0, 0
6602, 61643, 1, 0, 0
6704, 58194, 1, 0, 0
6819, 68115, 1, 0, 0
6900, 74198, 1, 0, 0
7016, 76582, 1, 0, 0
7113, 75866, 1, 0, 0
7225, 76141, 1, 0, 0
7300, 57914, 1, 0, 0
7412, 69024, 1, 0, 0
7500, 69809, 1, 0, 0
7602, 84603, 1, 0, 0
7702, 68207, 1, 0, 0
7816, 55863, 1, 0, 0
7901, 90273, 1, 0, 0
8004, 64668, 1, 0, 0
8106, 65026, 1, 0, 0
8203, 77026, 1, 0, 0
8304, 55964, 1, 0, 0
8405, 51140, 1, 0, 0
8507, 54515, 1, 0, 0
8608, 68764, 1, 0, 0
8700, 75183, 1, 0, 0
8806, 72663, 1, 0, 0
8906, 86282, 1, 0, 0
9005, 40372, 1, 0, 0
9100, 81104, 1, 0, 0
9202, 79521, 1, 0, 0
9304, 74729, 1, 0, 0
9405, 75309, 1, 0, 0
9502, 73027, 1, 0, 0
9602, 78583, 1, 0, 0
9704, 73820, 1, 0, 0
9800, 77280, 1, 0, 0
9900, 75196, 1, 0, 0
10010, 99697, 1, 0, 0
10102, 87432, 1, 0, 0
10201, 64867, 1, 0, 0
10304, 70356, 1, 0, 0
10410, 68362, 1, 0, 0
10505, 67321, 1, 0, 0
10602, 61610, 1, 0, 0
10704, 65693, 1, 0, 0
10804, 63792, 1, 0, 0
10903, 67701, 1, 0, 0
11000, 68666, 1, 0, 0
11100, 72065, 1, 0, 0
11201, 75738, 1, 0, 0
11301, 65091, 1, 0, 0
11410, 71843, 1, 0, 0
11502, 68916, 1, 0, 0
11615, 56750, 1, 0, 0
11727, 66151, 1, 0, 0
11838, 54841, 1, 0, 0
11900, 61424, 1, 0, 0
12002, 57855, 1, 0, 0
12124, 58621, 1, 0, 0
12225, 84257, 1, 0, 0
12312, 100478, 1, 0, 0
12400, 73854, 1, 0, 0
12500, 77833, 1, 0, 0
12601, 75418, 1, 0, 0
12706, 90338, 1, 0, 0
12800, 96725, 1, 0, 0
12901, 80298, 1, 0, 0
13003, 72101, 1, 0, 0
13103, 56176, 1, 0, 0
13204, 75138, 1, 0, 0
13300, 73010, 1, 0, 0
13401, 83090, 1, 0, 0
13500, 69399, 1, 0, 0
13601, 61179, 1, 0, 0
13703, 81374, 1, 0, 0
13810, 62113, 1, 0, 0
13939, 66650, 1, 0, 0
14026, 53868, 1, 0, 0
14101, 82391, 1, 0, 0
14207, 55279, 1, 0, 0
14300, 59090, 1, 0, 0
14409, 59133, 1, 0, 0
14503, 60539, 1, 0, 0
14606, 68817, 1, 0, 0
14719, 59702, 1, 0, 0
14800, 61214, 1, 0, 0
14908, 70048, 1, 0, 0
15001, 76114, 1, 0, 0
15102, 71888, 1, 0, 0
15200, 74617, 1, 0, 0
15311, 73744, 1, 0, 0
15401, 69383, 1, 0, 0
15503, 55551, 1, 0, 0
15601, 52423, 1, 0, 0
15700, 53270, 1, 0, 0
15814, 57861, 1, 0, 0
15901, 77639, 1, 0, 0
16004, 58603, 1, 0, 0
16102, 70316, 1, 0, 0
16200, 65470, 1, 0, 0
16305, 66216, 1, 0, 0
16406, 62785, 1, 0, 0
16504, 80162, 1, 0, 0
16603, 67871, 1, 0, 0
16700, 69945, 1, 0, 0
16801, 80231, 1, 0, 0
16904, 67326, 1, 0, 0
17001, 94478, 1, 0, 0
17110, 74467, 1, 0, 0
17218, 74198, 1, 0, 0
17306, 81613, 1, 0, 0
17401, 73017, 1, 0, 0
17530, 69666, 1, 0, 0
17609, 99715, 1, 0, 0
17718, 78278, 1, 0, 0
17823, 99821, 1, 0, 0
17902, 76259, 1, 0, 0
18020, 61289, 1, 0, 0
18104, 66322, 1, 0, 0
18201, 95685, 1, 0, 0
18300, 64787, 1, 0, 0
18400, 59871, 1, 0, 0
18500, 50455, 1, 0, 0
18601, 55097, 1, 0, 0
18701, 77658, 1, 0, 0
18806, 102678, 1, 0, 0
18900, 62913, 1, 0, 0
19006, 54279, 1, 0, 0
19103, 72661, 1, 0, 0
19205, 78404, 1, 0, 0
19307, 65517, 1, 0, 0
19400, 58293, 1, 0, 0
19511, 62437, 1, 0, 0
19611, 59351, 1, 0, 0
19722, 72756, 1, 0, 0
19803, 77807, 1, 0, 0
19902, 64219, 1, 0, 0
20002, 74251, 1, 0, 0
20122, 69780, 1, 0, 0
20207, 66661, 1, 0, 0
20304, 78110, 1, 0, 0
20421, 84898, 1, 0, 0
20501, 62838, 1, 0, 0
20610, 65363, 1, 0, 0
20708, 79503, 1, 0, 0
20804, 68420, 1, 0, 0
20912, 56590, 1, 0, 0
21001, 89499, 1, 0, 0
21101, 70121, 1, 0, 0
21201, 73367, 1, 0, 0
21311, 83984, 1, 0, 0
21402, 76838, 1, 0, 0
21512, 93023, 1, 0, 0
21630, 89391, 1, 0, 0
21701, 58364, 1, 0, 0
21829, 74148, 1, 0, 0
21905, 63693, 1, 0, 0
22003, 55052, 1, 0, 0
22105, 58098, 1, 0, 0
22213, 77184, 1, 0, 0
22309, 66229, 1, 0, 0
22402, 53431, 1, 0, 0
22502, 75184, 1, 0, 0
22619, 75752, 1, 0, 0
22717, 53289, 1, 0, 0
22812, 80689, 1, 0, 0
22900, 79832, 1, 0, 0
23000, 67378, 1, 0, 0
23101, 63128, 1, 0, 0
23217, 79664, 1, 0, 0
23300, 55828, 1, 0, 0
23427, 71379, 1, 0, 0
23531, 76373, 1, 0, 0
23625, 64820, 1, 0, 0
23709, 63188, 1, 0, 0
23812, 73974, 1, 0, 0
23903, 81577, 1, 0, 0
24009, 70233, 1, 0, 0
24108, 68685, 1, 0, 0
24200, 60541, 1, 0, 0
24301, 58153, 1, 0, 0
24407, 54706, 1, 0, 0
24507, 70135, 1, 0, 0
24618, 81332, 1, 0, 0
24708, 83493, 1, 0, 0
24808, 63131, 1, 0, 0
24913, 72253, 1, 0, 0
25013, 85293, 1, 0, 0
25117, 62955, 1, 0, 0
25200, 61952, 1, 0, 0
25306, 45926, 1, 0, 0
25406, 77151, 1, 0, 0
25500, 76685, 1, 0, 0
25613, 71599, 1, 0, 0
25705, 66704, 1, 0, 0
25801, 80182, 1, 0, 0
25901, 70286, 1, 0, 0
26013, 71918, 1, 0, 0
26105, 67298, 1, 0, 0
26200, 66573, 1, 0, 0
26305, 62220, 1, 0, 0
26407, 87065, 1, 0, 0
26504, 85367, 1, 0, 0
26600, 63937, 1, 0, 0
26701, 78620, 1, 0, 0
26806, 53775, 1, 0, 0
26900, 81872, 1, 0, 0
27003, 53137, 1, 0, 0
27100, 57724, 1, 0, 0
27200, 75288, 1, 0, 0
27310, 69082, 1, 0, 0
27406, 66792, 1, 0, 0
27505, 69141, 1, 0, 0
27600, 71348, 1, 0, 0
27702, 60551, 1, 0, 0
27809, 58172, 1, 0, 0
27906, 55927, 1, 0, 0
28004, 55273, 1, 0, 0
28101, 58003, 1, 0, 0
28200, 65612, 1, 0, 0
28313, 67784, 1, 0, 0
28400, 75685, 1, 0, 0
28500, 53890, 1, 0, 0
28615, 79258, 1, 0, 0
28700, 85195, 1, 0, 0
28801, 89638, 1, 0, 0
28900, 58956, 1, 0, 0
29001, 74263, 1, 0, 0
29101, 90768, 1, 0, 0
29201, 92506, 1, 0, 0
29301, 83087, 1, 0, 0
29411, 70089, 1, 0, 0
29510, 66460, 1, 0, 0
29606, 61817, 1, 0, 0
29703, 49464, 1, 0, 0
29816, 69010, 1, 0, 0
29908, 60740, 1, 0, 0
30000, 73126, 1, 0, 0
30100, 72844, 1, 0, 0
30202, 84077, 1, 0, 0
30302, 67987, 1, 0, 0
30402, 59396, 1, 0, 0
30504, 65432, 1, 0, 0
30600, 86236, 1, 0, 0
30704, 72457, 1, 0, 0
30809, 72630, 1, 0, 0
30904, 86753, 1, 0, 0
31007, 64774, 1, 0, 0
31101, 52049, 1, 0, 0
31200, 85936, 1, 0, 0
31307, 69703, 1, 0, 0
31401, 75191, 1, 0, 0
31504, 107469, 1, 0, 0
31614, 85730, 1, 0, 0
31712, 56331, 1, 0, 0
31800, 59718, 1, 0, 0
31905, 55117, 1, 0, 0
32007, 67060, 1, 0, 0
32101, 73234, 1, 0, 0
32200, 91849, 1, 0, 0
32302, 111937, 1, 0, 0
32407, 63019, 1, 0, 0
32526, 59234, 1, 0, 0
32637, 101127, 1, 0, 0
32722, 49756, 1, 0, 0
32809, 56232, 1, 0, 0
32910, 99277, 1, 0, 0
33005, 48350, 1, 0, 0
33100, 50895, 1, 0, 0
33209, 67130, 1, 0, 0
33305, 72563, 1, 0, 0
33405, 60176, 1, 0, 0
33512, 66871, 1, 0, 0
33607, 72152, 1, 0, 0
33712, 71266, 1, 0, 0
33808, 67966, 1, 0, 0
33917, 48374, 1, 0, 0
34025, 79751, 1, 0, 0
34104, 63111, 1, 0, 0
34200, 75002, 1, 0, 0
34300, 67413, 1, 0, 0
34426, 52863, 1, 0, 0
34507, 63654, 1, 0, 0
34600, 63249, 1, 0, 0
34702, 70142, 1, 0, 0
34804, 69455, 1, 0, 0
34900, 69884, 1, 0, 0
35009, 71172, 1, 0, 0
35100, 62099, 1, 0, 0
35204, 75888, 1, 0, 0
35301, 66109, 1, 0, 0
35405, 78644, 1, 0, 0
35507, 60018, 1, 0, 0
35600, 69989, 1, 0, 0
35702, 72250, 1, 0, 0
35800, 53192, 1, 0, 0
35904, 72991, 1, 0, 0
36009, 73348, 1, 0, 0
36103, 64036, 1, 0, 0
36201, 67197, 1, 0, 0
36306, 63742, 1, 0, 0
36402, 67861, 1, 0, 0
36509, 60546, 1, 0, 0
36600, 85571, 1, 0, 0
36701, 55187, 1, 0, 0
36801, 56657, 1, 0, 0
36905, 75643, 1, 0, 0
37003, 77161, 1, 0, 0
37100, 77347, 1, 0, 0
37211, 69150, 1, 0, 0
37301, 77271, 1, 0, 0
37401, 61402, 1, 0, 0
37502, 50137, 1, 0, 0
37601, 78121, 1, 0, 0
37701, 74383, 1, 0, 0
37812, 76785, 1, 0, 0
37917, 55211, 1, 0, 0
38000, 61832, 1, 0, 0
38106, 66736, 1, 0, 0
38201, 84161, 1, 0, 0
38300, 79399, 1, 0, 0
38400, 62265, 1, 0, 0
38512, 70359, 1, 0, 0
38606, 73671, 1, 0, 0
38703, 68216, 1, 0, 0
38806, 69297, 1, 0, 0
38912, 70613, 1, 0, 0
39011, 53489, 1, 0, 0
39100, 65089, 1, 0, 0
39212, 59777, 1, 0, 0
39303, 65466, 1, 0, 0
39400, 94686, 1, 0, 0
39500, 61584, 1, 0, 0
39602, 59479, 1, 0, 0
39700, 60227, 1, 0, 0
39805, 54836, 1, 0, 0
39900, 52642, 1, 0, 0
40007, 68705, 1, 0, 0
40100, 77695, 1, 0, 0
40213, 54030, 1, 0, 0
40301, 63872, 1, 0, 0
40402, 65300, 1, 0, 0
40509, 77552, 1, 0, 0
40607, 67112, 1, 0, 0
40700, 48311, 1, 0, 0
40808, 59755, 1, 0, 0
40901, 55906, 1, 0, 0
41002, 60263, 1, 0, 0
41101, 60826, 1, 0, 0
41213, 67176, 1, 0, 0
41318, 66892, 1, 0, 0
41401, 51911, 1, 0, 0
41500, 70907, 1, 0, 0
41602, 51719, 1, 0, 0
41702, 67704, 1, 0, 0
41830, 51267, 1, 0, 0
41913, 80404, 1, 0, 0
42001, 69805, 1, 0, 0
42100, 64036, 1, 0, 0
42200, 50765, 1, 0, 0
42314, 66719, 1, 0, 0
42401, 71555, 1, 0, 0
42502, 52280, 1, 0, 0
42606, 78507, 1, 0, 0
42707, 65391, 1, 0, 0
42813, 61116, 1, 0, 0
42900, 79443, 1, 0, 0
43000, 67596, 1, 0, 0
43111, 65814, 1, 0, 0
43207, 70522, 1, 0, 0
43300, 88835, 1, 0, 0
43403, 70745, 1, 0, 0
43507, 76346, 1, 0, 0
43602, 56082, 1, 0, 0
43727, 67777, 1, 0, 0
43800, 63693, 1, 0, 0
43900, 62444, 1, 0, 0
44002, 61230, 1, 0, 0
44101, 59427, 1, 0, 0
44200, 60929, 1, 0, 0
44300, 54342, 1, 0, 0
44403, 64470, 1, 0, 0
44507, 59384, 1, 0, 0
44602, 66843, 1, 0, 0
44711, 61430, 1, 0, 0
44807, 66265, 1, 0, 0
44900, 76706, 1, 0, 0
45003, 61453, 1, 0, 0
45117, 66726, 1, 0, 0
45200, 68031, 1, 0, 0
45304, 46516, 1, 0, 0
45410, 57865, 1, 0, 0
45500, 70613, 1, 0, 0
45611, 65580, 1, 0, 0
45700, 57555, 1, 0, 0
45800, 56707, 1, 0, 0
45900, 48804, 1, 0, 0
46000, 54788, 1, 0, 0
46103, 69721, 1, 0, 0
46213, 71110, 1, 0, 0
46322, 61067, 1, 0, 0
46401, 83204, 1, 0, 0
46519, 78917, 1, 0, 0
46614, 61783, 1, 0, 0
46714, 60372, 1, 0, 0
46826, 71337, 1, 0, 0
46926, 66287, 1, 0, 0
47001, 76386, 1, 0, 0
47107, 55174, 1, 0, 0
47218, 64078, 1, 0, 0
47300, 60681, 1, 0, 0
47403, 68681, 1, 0, 0
47515, 51017, 1, 0, 0
47602, 66256, 1, 0, 0
47738, 58113, 1, 0, 0
47803, 68071, 1, 0, 0
47902, 63093, 1, 0, 0
48004, 67376, 1, 0, 0
48107, 67459, 1, 0, 0
48200, 63312, 1, 0, 0
48300, 68411, 1, 0, 0
48431, 51201, 1, 0, 0
48500, 60246, 1, 0, 0
48611, 52310, 1, 0, 0
48707, 75208, 1, 0, 0
48808, 45466, 1, 0, 0
48906, 52334, 1, 0, 0
49007, 62118, 1, 0, 0
49107, 64771, 1, 0, 0
49222, 44695, 1, 0, 0
49329, 67270, 1, 0, 0
49404, 54702, 1, 0, 0
49500, 63804, 1, 0, 0
49611, 76164, 1, 0, 0
49700, 64347, 1, 0, 0
49811, 58631, 1, 0, 0
49903, 83943, 1, 0, 0
50025, 61516, 1, 0, 0
50122, 68212, 1, 0, 0
50236, 53215, 1, 0, 0
50314, 58053, 1, 0, 0
50414, 54958, 1, 0, 0
50509, 74680, 1, 0, 0
50606, 61739, 1, 0, 0
50703, 66557, 1, 0, 0
50801, 59754, 1, 0, 0
50901, 66340, 1, 0, 0
51000, 65517, 1, 0, 0
51105, 72071, 1, 0, 0
51203, 66874, 1, 0, 0
51319, 71912, 1, 0, 0
51406, 59872, 1, 0, 0
51503, 72037, 1, 0, 0
51625, 68233, 1, 0, 0
51706, 78117, 1, 0, 0
51800, 56010, 1, 0, 0
51900, 65753, 1, 0, 0
52018, 80818, 1, 0, 0
52100, 64410, 1, 0, 0
52202, 73731, 1, 0, 0
52325, 34192, 1, 0, 0
52412, 48789, 1, 0, 0
52525, 33024, 1, 0, 0
52600, 40321, 1, 0, 0
52703, 46918, 1, 0, 0
52809, 41797, 1, 0, 0
52919, 44088, 1, 0, 0
53000, 37290, 1, 0, 0
53122, 42196, 1, 0, 0
53249, 35056, 1, 0, 0
53301, 37071, 1, 0, 0
53402, 35117, 1, 0, 0
53514, 41128, 1, 0, 0
53600, 41447, 1, 0, 0
53715, 36026, 1, 0, 0
53803, 34707, 1, 0, 0
53921, 45682, 1, 0, 0
54000, 38396, 1, 0, 0
54129, 41077, 1, 0, 0
54200, 35471, 1, 0, 0
54323, 38192, 1, 0, 0
54405, 34877, 1, 0, 0
54500, 44498, 1, 0, 0
54601, 34278, 1, 0, 0
54700, 39825, 1, 0, 0
54813, 38389, 1, 0, 0
54920, 58748, 1, 0, 0
55000, 39709, 1, 0, 0
55100, 40113, 1, 0, 0
55205, 35447, 1, 0, 0
55323, 35886, 1, 0, 0
55415, 35908, 1, 0, 0
55502, 33159, 1, 0, 0
55609, 35173, 1, 0, 0
55709, 33575, 1, 0, 0
55803, 32212, 1, 0, 0
55916, 38266, 1, 0, 0
56005, 45123, 1, 0, 0
56128, 42781, 1, 0, 0
56230, 38687, 1, 0, 0
56308, 37779, 1, 0, 0
56428, 35429, 1, 0, 0
56500, 38307, 1, 0, 0
56602, 50077, 1, 0, 0
56755, 35410, 1, 0, 0
56802, 43733, 1, 0, 0
56981, 37708, 1, 0, 0
57011, 39454, 1, 0, 0
57100, 46321, 1, 0, 0
57209, 45355, 1, 0, 0
57392, 33230, 1, 0, 0
57400, 33019, 1, 0, 0
57517, 48234, 1, 0, 0
57600, 41773, 1, 0, 0
57718, 39459, 1, 0, 0
57880, 42660, 1, 0, 0
57910, 43504, 1, 0, 0
58015, 60425, 1, 0, 0
58100, 45266, 1, 0, 0
58200, 46084, 1, 0, 0
58301, 46582, 1, 0, 0
58424, 40941, 1, 0, 0
58506, 49965, 1, 0, 0
58621, 39649, 1, 0, 0
58706, 47166, 1, 0, 0
58819, 50496, 1, 0, 0
58907, 62325, 1, 0, 0
59038, 51270, 1, 0, 0
59105, 44991, 1, 0, 0
59202, 45313, 1, 0, 0
59305, 51218, 1, 0, 0
59401, 65237, 1, 0, 0
59503, 54272, 1, 0, 0
59624, 54283, 1, 0, 0
59737, 43201, 1, 0, 0
59833, 52942, 1, 0, 0
59902, 38368, 1, 0, 0
60013, 58183, 1, 0, 0
