106, 16714, 1, 0, 0
216, 21175, 1, 0, 0
301, 17605, 1, 0, 0
421, 14478, 1, 0, 0
511, 17919, 1, 0, 0
624, 16308, 1, 0, 0
718, 15927, 1, 0, 0
816, 16432, 1, 0, 0
905, 17314, 1, 0, 0
1001, 15775, 1, 0, 0
1108, 17718, 1, 0, 0
1209, 20305, 1, 0, 0
1308, 19008, 1, 0, 0
1400, 17162, 1, 0, 0
1502, 17656, 1, 0, 0
1632, 23032, 1, 0, 0
1703, 14359, 1, 0, 0
1827, 16158, 1, 0, 0
1915, 16895, 1, 0, 0
2006, 36600, 1, 0, 0
2122, 18038, 1, 0, 0
2200, 16942, 1, 0, 0
2323, 16965, 1, 0, 0
2409, 15123, 1, 0, 0
2502, 16220, 1, 0, 0
2604, 15312, 1, 0, 0
2725, 15613, 1, 0, 0
2802, 16562, 1, 0, 0
2900, 17308, 1, 0, 0
3003, 19307, 1, 0, 0
3101, 21719, 1, 0, 0
3204, 15148, 1, 0, 0
3300, 19048, 1, 0, 0
3404, 21419, 1, 0, 0
3501, 18880, 1, 0, 0
3610, 17146, 1, 0, 0
3709, 18237, 1, 0, 0
3806, 18826, 1, 0, 0
3919, 18032, 1, 0, 0
4014, 17681, 1, 0, 0
4120, 18418, 1, 0, 0
4222, 31202, 1, 0, 0
4332, 16206, 1, 0, 0
4404, 16091, 1, 0, 0
4507, 21172, 1, 0, 0
4633, 17195, 1, 0, 0
4732, 15720, 1, 0, 0
4812, 15706, 1, 0, 0
4907, 17292, 1, 0, 0
5011, 14943, 1, 0, 0
5106, 18067, 1, 0, 0
5204, 26794, 1, 0, 0
5306, 16899, 1, 0, 0
5432, 16579, 1, 0, 0
5513, 30675, 1, 0, 0
5601, 20012, 1, 0, 0
5729, 17649, 1, 0, 0
5800, 25611, 1, 0, 0
5904, 20515, 1, 0, 0
6001, 19802, 1, 0, 0
6101, 17904, 1, 0, 0
6202, 24106, 1, 0, 0
6302, 17054, 1, 0, 0
6416, 15872, 1, 0, 0
6504, 14450, 1, 0, 0
6618, 13800, 1, 0, 0
6712, 18815, 1, 0, 0
6814, 17187, 1, 0, 0
6905, 18894, 1, 0, 0
7012, 19119, 1, 0, 0
7104, 19306, 1, 0, 0
7220, 15619, 1, 0, 0
7303, 14697, 1, 0, 0
7403, 16913, 1, 0, 0
7531, 17805, 1, 0, 0
7614, 15480, 1, 0, 0
7706, 21251, 1, 0, 0
7802, 16360, 1, 0, 0
7903, 18700, 1, 0, 0
8009, 19295, 1, 0, 0
8108, 19368, 1, 0, 0
8204, 17891, 1, 0, 0
8312, 18473, 1, 0, 0
8407, 18614, 1, 0, 0
8507, 24057, 1, 0, 0
8677, 17031, 1, 0, 0
8717, 23881, 1, 0, 0
9109, 20564, 1, 0, 0
9257, 17447, 1, 0, 0
9328, 25998, 1, 0, 0
9412, 18015, 1, 0, 0
9507, 16811, 1, 0, 0
9604, 18214, 1, 0, 0
9718, 18376, 1, 0, 0
9815, 17772, 1, 0, 0
9923, 18893, 1, 0, 0
10005, 15673, 1, 0, 0
10105, 18865, 1, 0, 0
10204, 20181, 1, 0, 0
10310, 23894, 1, 0, 0
10409, 21467, 1, 0, 0
10505, 25685, 1, 0, 0
10608, 21996, 1, 0, 0
10705, 18826, 1, 0, 0
10805, 23747, 1, 0, 0
10923, 14281, 1, 0, 0
11015, 18052, 1, 0, 0
11109, 16769, 1, 0, 0
11207, 19558, 1, 0, 0
11324, 15687, 1, 0, 0
11415, 14350, 1, 0, 0
11500, 14197, 1, 0, 0
11618, 15289, 1, 0, 0
11717, 23461, 1, 0, 0
11800, 18922, 1, 0, 0
11905, 18796, 1, 0, 0
12016, 19355, 1, 0, 0
12115, 30773, 1, 0, 0
12203, 18120, 1, 0, 0
12309, 16651, 1, 0, 0
12410, 23218, 1, 0, 0
12501, 15074, 1, 0, 0
12609, 18436, 1, 0, 0
12725, 26492, 1, 0, 0
12800, 27983, 1, 0, 0
12905, 17116, 1, 0, 0
13030, 24800, 1, 0, 0
13110, 16579, 1, 0, 0
13220, 28943, 1, 0, 0
13314, 14600, 1, 0, 0
13419, 17283, 1, 0, 0
13505, 22339, 1, 0, 0
13627, 19207, 1, 0, 0
13720, 19956, 1, 0, 0
13807, 16083, 1, 0, 0
13902, 24701, 1, 0, 0
14019, 24299, 1, 0, 0
14119, 19369, 1, 0, 0
14215, 18196, 1, 0, 0
14300, 28635, 1, 0, 0
14400, 35268, 1, 0, 0
14503, 19364, 1, 0, 0
14617, 21806, 1, 0, 0
14709, 17107, 1, 0, 0
14828, 17994, 1, 0, 0
14900, 18516, 1, 0, 0
15006, 20280, 1, 0, 0
15100, 16507, 1, 0, 0
15201, 19934, 1, 0, 0
15303, 18572, 1, 0, 0
15416, 24143, 1, 0, 0
15504, 29314, 1, 0, 0
15640, 16796, 1, 0, 0
15729, 19709, 1, 0, 0
15813, 18131, 1, 0, 0
15902, 14160, 1, 0, 0
16008, 16122, 1, 0, 0
16122, 15962, 1, 0, 0
16205, 19395, 1, 0, 0
16300, 18843, 1, 0, 0
16426, 15964, 1, 0, 0
16518, 28365, 1, 0, 0
16608, 17389, 1, 0, 0
16716, 31641, 1, 0, 0
16830, 20208, 1, 0, 0
16926, 17092, 1, 0, 0
17039, 17852, 1, 0, 0
17135, 17263, 1, 0, 0
17214, 21454, 1, 0, 0
17308, 15355, 1, 0, 0
17400, 17552, 1, 0, 0
17514, 17655, 1, 0, 0
17601, 20338, 1, 0, 0
17704, 17603, 1, 0, 0
17800, 16686, 1, 0, 0
17903, 18852, 1, 0, 0
18014, 18036, 1, 0, 0
18117, 17654, 1, 0, 0
18207, 19745, 1, 0, 0
18329, 18628, 1, 0, 0
18416, 20693, 1, 0, 0
18554, 17681, 1, 0, 0
18600, 18994, 1, 0, 0
18700, 38684, 1, 0, 0
18812, 21893, 1, 0, 0
18932, 18844, 1, 0, 0
19027, 13987, 1, 0, 0
19125, 15382, 1, 0, 0
19200, 20530, 1, 0, 0
19306, 16353, 1, 0, 0
19403, 19095, 1, 0, 0
19500, 21288, 1, 0, 0
19600, 19220, 1, 0, 0
19713, 18072, 1, 0, 0
19806, 18159, 1, 0, 0
19905, 19993, 1, 0, 0
20000, 18436, 1, 0, 0
20134, 15705, 1, 0, 0
20221, 25274, 1, 0, 0
20307, 16243, 1, 0, 0
20441, 15061, 1, 0, 0
20531, 15437, 1, 0, 0
20628, 16856, 1, 0, 0
20720, 16385, 1, 0, 0
20800, 17458, 1, 0, 0
20941, 18763, 1, 0, 0
21021, 16416, 1, 0, 0
21112, 16128, 1, 0, 0
21200, 13831, 1, 0, 0
21307, 22943, 1, 0, 0
21420, 17499, 1, 0, 0
21501, 19527, 1, 0, 0
21633, 18551, 1, 0, 0
21725, 17667, 1, 0, 0
21800, 20600, 1, 0, 0
21900, 20661, 1, 0, 0
22015, 16006, 1, 0, 0
22100, 14028, 1, 0, 0
22203, 14077, 1, 0, 0
22326, 15061, 1, 0, 0
22423, 17120, 1, 0, 0
22511, 19280, 1, 0, 0
22601, 17153, 1, 0, 0
22735, 18007, 1, 0, 0
22831, 15023, 1, 0, 0
22915, 18641, 1, 0, 0
23012, 16517, 1, 0, 0
23139, 16770, 1, 0, 0
23223, 17348, 1, 0, 0
23317, 18407, 1, 0, 0
23403, 17937, 1, 0, 0
23535, 22529, 1, 0, 0
23654, 18880, 1, 0, 0
23711, 20402, 1, 0, 0
23829, 19796, 1, 0, 0
23904, 34949, 1, 0, 0
24000, 16887, 1, 0, 0
24132, 22336, 1, 0, 0
24200, 17374, 1, 0, 0
24309, 19737, 1, 0, 0
24431, 13290, 1, 0, 0
24513, 22375, 1, 0, 0
24603, 18811, 1, 0, 0
24705, 20957, 1, 0, 0
24816, 13981, 1, 0, 0
24905, 18482, 1, 0, 0
25004, 17194, 1, 0, 0
25134, 19034, 1, 0, 0
25225, 16124, 1, 0, 0
25306, 25115, 1, 0, 0
25400, 14498, 1, 0, 0
25516, 23980, 1, 0, 0
25610, 37751, 1, 0, 0
25737, 28781, 1, 0, 0
25822, 20463, 1, 0, 0
25906, 17126, 1, 0, 0
26040, 20012, 1, 0, 0
26116, 18767, 1, 0, 0
26205, 19894, 1, 0, 0
26322, 17168, 1, 0, 0
26401, 21742, 1, 0, 0
26500, 18770, 1, 0, 0
26612, 15898, 1, 0, 0
26700, 16669, 1, 0, 0
26800, 17586, 1, 0, 0
26912, 16449, 1, 0, 0
27002, 18623, 1, 0, 0
27105, 17751, 1, 0, 0
27207, 22793, 1, 0, 0
27307, 17749, 1, 0, 0
27433, 19904, 1, 0, 0
27521, 22744, 1, 0, 0
27617, 23021, 1, 0, 0
27700, 15391, 1, 0, 0
27840, 21174, 1, 0, 0
27915, 29644, 1, 0, 0
28009, 15788, 1, 0, 0
28143, 21283, 1, 0, 0
28226, 15303, 1, 0, 0
28317, 15134, 1, 0, 0
28407, 20969, 1, 0, 0
28500, 20096, 1, 0, 0
28632, 15034, 1, 0, 0
28714, 18045, 1, 0, 0
28800, 24147, 1, 0, 0
28900, 17095, 1, 0, 0
29008, 20430, 1, 0, 0
29126, 21197, 1, 0, 0
29216, 19164, 1, 0, 0
29305, 18962, 1, 0, 0
29436, 19573, 1, 0, 0
29528, 21737, 1, 0, 0
29608, 29787, 1, 0, 0
29743, 19007, 1, 0, 0
29819, 16928, 1, 0, 0
29942, 16875, 1, 0, 0
30029, 26021, 1, 0, 0
30105, 35904, 1, 0, 0
30200, 22432, 1, 0, 0
30315, 20330, 1, 0, 0
30409, 16835, 1, 0, 0
30530, 17586, 1, 0, 0
30641, 18936, 1, 0, 0
30722, 17537, 1, 0, 0
30814, 22622, 1, 0, 0
30904, 22959, 1, 0, 0
31005, 19357, 1, 0, 0
31100, 17777, 1, 0, 0
31201, 20935, 1, 0, 0
31310, 17247, 1, 0, 0
31406, 18811, 1, 0, 0
31502, 16833, 1, 0, 0
31636, 20478, 1, 0, 0
31713, 29299, 1, 0, 0
31840, 20534, 1, 0, 0
31930, 24706, 1, 0, 0
32018, 22014, 1, 0, 0
32103, 20054, 1, 0, 0
32233, 19803, 1, 0, 0
32324, 16709, 1, 0, 0
32401, 18709, 1, 0, 0
32532, 20012, 1, 0, 0
32610, 30498, 1, 0, 0
32705, 18016, 1, 0, 0
32837, 17162, 1, 0, 0
32925, 21401, 1, 0, 0
33012, 17643, 1, 0, 0
33101, 16969, 1, 0, 0
33202, 19657, 1, 0, 0
33310, 19728, 1, 0, 0
33401, 15836, 1, 0, 0
33524, 18837, 1, 0, 0
33600, 24696, 1, 0, 0
33729, 18673, 1, 0, 0
33808, 18882, 1, 0, 0
33930, 20946, 1, 0, 0
34027, 16727, 1, 0, 0
34113, 15461, 1, 0, 0
34200, 19689, 1, 0, 0
34320, 18906, 1, 0, 0
34413, 16326, 1, 0, 0
34541, 23254, 1, 0, 0
34627, 20523, 1, 0, 0
34706, 20932, 1, 0, 0
34842, 22003, 1, 0, 0
34906, 25056, 1, 0, 0
35001, 20946, 1, 0, 0
35102, 18474, 1, 0, 0
35208, 18752, 1, 0, 0
35307, 20851, 1, 0, 0
35404, 17149, 1, 0, 0
35502, 22874, 1, 0, 0
35609, 18361, 1, 0, 0
35704, 19460, 1, 0, 0
35808, 20649, 1, 0, 0
35943, 13999, 1, 0, 0
36026, 26760, 1, 0, 0
36110, 26418, 1, 0, 0
36210, 24395, 1, 0, 0
36337, 22253, 1, 0, 0
36419, 39351, 1, 0, 0
36506, 19095, 1, 0, 0
36638, 15067, 1, 0, 0
36719, 16991, 1, 0, 0
36815, 18039, 1, 0, 0
36912, 18137, 1, 0, 0
37000, 20159, 1, 0, 0
37108, 22040, 1, 0, 0
37204, 18043, 1, 0, 0
37311, 18459, 1, 0, 0
37447, 19281, 1, 0, 0
37503, 16533, 1, 0, 0
37604, 18029, 1, 0, 0
37701, 17978, 1, 0, 0
37800, 15252, 1, 0, 0
37900, 18543, 1, 0, 0
38002, 18819, 1, 0, 0
38110, 26678, 1, 0, 0
38209, 32807, 1, 0, 0
38314, 16459, 1, 0, 0
38429, 18728, 1, 0, 0
38521, 17945, 1, 0, 0
38602, 25891, 1, 0, 0
38738, 20466, 1, 0, 0
38824, 19979, 1, 0, 0
38910, 16443, 1, 0, 0
39000, 21508, 1, 0, 0
39123, 15303, 1, 0, 0
39211, 20004, 1, 0, 0
39303, 20643, 1, 0, 0
39433, 21222, 1, 0, 0
39520, 24751, 1, 0, 0
39608, 19141, 1, 0, 0
39729, 16207, 1, 0, 0
39819, 15978, 1, 0, 0
39900, 19616, 1, 0, 0
40019, 18827, 1, 0, 0
40100, 25506, 1, 0, 0
40200, 20947, 1, 0, 0
40316, 17812, 1, 0, 0
40415, 18939, 1, 0, 0
40514, 27103, 1, 0, 0
40600, 15364, 1, 0, 0
40731, 19218, 1, 0, 0
40810, 20289, 1, 0, 0
40902, 17626, 1, 0, 0
41027, 22868, 1, 0, 0
41112, 15889, 1, 0, 0
41201, 23002, 1, 0, 0
41327, 21063, 1, 0, 0
41416, 24843, 1, 0, 0
41544, 19808, 1, 0, 0
41623, 17881, 1, 0, 0
41711, 17283, 1, 0, 0
41800, 15170, 1, 0, 0
41944, 20584, 1, 0, 0
42007, 24068, 1, 0, 0
42102, 19034, 1, 0, 0
42201, 19834, 1, 0, 0
42312, 18010, 1, 0, 0
42408, 20107, 1, 0, 0
42503, 23300, 1, 0, 0
42624, 23882, 1, 0, 0
42707, 18519, 1, 0, 0
42832, 17180, 1, 0, 0
42912, 19221, 1, 0, 0
43045, 16440, 1, 0, 0
43100, 17086, 1, 0, 0
43206, 16921, 1, 0, 0
43301, 31716, 1, 0, 0
43410, 16785, 1, 0, 0
43520, 15759, 1, 0, 0
43684, 16863, 1, 0, 0
43781, 18176, 1, 0, 0
43896, 17291, 1, 0, 0
43918, 16182, 1, 0, 0
44027, 17528, 1, 0, 0
44119, 16077, 1, 0, 0
44210, 18213, 1, 0, 0
44316, 16827, 1, 0, 0
44416, 17934, 1, 0, 0
44513, 19069, 1, 0, 0
44605, 15708, 1, 0, 0
44704, 17788, 1, 0, 0
44800, 22281, 1, 0, 0
44900, 16934, 1, 0, 0
45016, 15955, 1, 0, 0
45106, 16873, 1, 0, 0
45202, 16763, 1, 0, 0
45311, 17773, 1, 0, 0
45417, 17575, 1, 0, 0
45514, 15340, 1, 0, 0
45602, 16956, 1, 0, 0
45728, 21613, 1, 0, 0
45813, 16094, 1, 0, 0
45906, 17128, 1, 0, 0
46031, 18176, 1, 0, 0
46124, 16624, 1, 0, 0
46213, 19553, 1, 0, 0
46302, 16998, 1, 0, 0
46407, 16283, 1, 0, 0
46551, 17313, 1, 0, 0
46609, 17075, 1, 0, 0
46710, 20658, 1, 0, 0
46811, 17867, 1, 0, 0
46900, 22168, 1, 0, 0
47001, 18376, 1, 0, 0
47103, 21385, 1, 0, 0
47220, 22257, 1, 0, 0
47321, 22832, 1, 0, 0
47407, 17364, 1, 0, 0
47500, 16270, 1, 0, 0
47628, 18440, 1, 0, 0
47718, 31827, 1, 0, 0
47801, 18553, 1, 0, 0
47906, 16438, 1, 0, 0
48000, 18066, 1, 0, 0
48118, 18752, 1, 0, 0
48209, 21890, 1, 0, 0
48303, 15680, 1, 0, 0
48413, 17792, 1, 0, 0
48516, 17176, 1, 0, 0
48606, 16800, 1, 0, 0
48700, 16554, 1, 0, 0
48833, 14553, 1, 0, 0
48901, 17520, 1, 0, 0
49000, 18411, 1, 0, 0
49100, 23811, 1, 0, 0
49204, 18865, 1, 0, 0
49303, 16628, 1, 0, 0
49400, 15439, 1, 0, 0
49513, 15808, 1, 0, 0
49610, 16680, 1, 0, 0
49713, 25901, 1, 0, 0
49802, 15503, 1, 0, 0
49934, 17528, 1, 0, 0
50022, 16761, 1, 0, 0
50115, 16252, 1, 0, 0
50207, 16811, 1, 0, 0
50315, 16515, 1, 0, 0
50422, 19156, 1, 0, 0
50516, 17265, 1, 0, 0
50600, 19275, 1, 0, 0
50713, 17575, 1, 0, 0
50822, 13857, 1, 0, 0
50910, 17171, 1, 0, 0
51011, 18568, 1, 0, 0
51118, 21092, 1, 0, 0
51211, 23348, 1, 0, 0
51305, 18056, 1, 0, 0
51403, 18593, 1, 0, 0
51511, 16985, 1, 0, 0
51607, 16664, 1, 0, 0
51703, 20876, 1, 0, 0
51812, 14853, 1, 0, 0
51907, 17067, 1, 0, 0
52012, 15682, 1, 0, 0
52116, 14978, 1, 0, 0
52212, 17800, 1, 0, 0
52304, 15301, 1, 0, 0
52408, 14859, 1, 0, 0
52504, 14961, 1, 0, 0
52625, 14261, 1, 0, 0
52712, 17320, 1, 0, 0
52800, 14756, 1, 0, 0
52904, 15784, 1, 0, 0
53026, 17065, 1, 0, 0
53110, 16024, 1, 0, 0
53221, 17040, 1, 0, 0
53328, 23432, 1, 0, 0
53426, 15471, 1, 0, 0
53505, 16324, 1, 0, 0
53608, 16325, 1, 0, 0
53706, 18504, 1, 0, 0
53804, 19637, 1, 0, 0
53923, 14694, 1, 0, 0
54005, 15874, 1, 0, 0
54101, 18169, 1, 0, 0
54211, 18568, 1, 0, 0
54300, 19506, 1, 0, 0
54407, 15629, 1, 0, 0
54503, 24169, 1, 0, 0
54605, 19822, 1, 0, 0
54706, 22133, 1, 0, 0
54803, 18354, 1, 0, 0
54901, 16228, 1, 0, 0
55006, 17766, 1, 0, 0
55110, 18429, 1, 0, 0
55202, 18156, 1, 0, 0
55307, 17024, 1, 0, 0
55405, 18977, 1, 0, 0
55500, 16933, 1, 0, 0
55624, 18903, 1, 0, 0
55712, 18426, 1, 0, 0
55805, 18938, 1, 0, 0
55900, 15447, 1, 0, 0
56010, 17106, 1, 0, 0
56115, 16559, 1, 0, 0
56209, 17912, 1, 0, 0
56306, 20185, 1, 0, 0
56406, 17723, 1, 0, 0
56517, 17357, 1, 0, 0
56602, 18122, 1, 0, 0
56707, 15083, 1, 0, 0
56831, 16602, 1, 0, 0
56925, 17026, 1, 0, 0
57013, 14436, 1, 0, 0
57100, 15505, 1, 0, 0
57220, 17431, 1, 0, 0
57305, 18061, 1, 0, 0
57401, 15998, 1, 0, 0
57522, 14927, 1, 0, 0
57601, 18949, 1, 0, 0
57701, 18902, 1, 0, 0
57807, 20027, 1, 0, 0
57900, 14119, 1, 0, 0
58009, 17371, 1, 0, 0
58100, 16434, 1, 0, 0
58215, 22406, 1, 0, 0
58323, 18930, 1, 0, 0
58418, 15266, 1, 0, 0
58502, 15766, 1, 0, 0
58601, 17009, 1, 0, 0
58702, 17199, 1, 0, 0
58830, 14128, 1, 0, 0
58906, 18821, 1, 0, 0
59000, 15629, 1, 0, 0
59105, 19176, 1, 0, 0
59205, 15867, 1, 0, 0
59318, 16901, 1, 0, 0
59410, 19967, 1, 0, 0
59519, 16404, 1, 0, 0
59608, 18303, 1, 0, 0
59707, 17496, 1, 0, 0
59809, 16017, 1, 0, 0
59904, 19953, 1, 0, 0
60032, 18046, 1, 0, 0
60115, 18929, 1, 0, 0
60206, 21834, 1, 0, 0
60314, 18243, 1, 0, 0
60405, 20542, 1, 0, 0
60512, 17211, 1, 0, 0
60601, 14190, 1, 0, 0
60701, 17392, 1, 0, 0
60804, 20004, 1, 0, 0
60908, 16312, 1, 0, 0
61005, 13877, 1, 0, 0
61112, 14474, 1, 0, 0
61207, 15258, 1, 0, 0
61308, 18447, 1, 0, 0
61400, 17960, 1, 0, 0
61514, 17773, 1, 0, 0
61608, 16844, 1, 0, 0
61706, 14675, 1, 0, 0
61814, 13520, 1, 0, 0
61902, 15903, 1, 0, 0
62029, 15408, 1, 0, 0
62128, 17105, 1, 0, 0
62200, 16395, 1, 0, 0
62315, 14266, 1, 0, 0
62408, 13756, 1, 0, 0
62526, 14554, 1, 0, 0
62622, 13914, 1, 0, 0
62726, 15093, 1, 0, 0
62825, 16896, 1, 0, 0
62908, 16799, 1, 0, 0
63002, 16883, 1, 0, 0
63130, 17552, 1, 0, 0
63220, 17516, 1, 0, 0
63314, 15841, 1, 0, 0
63402, 19001, 1, 0, 0
63502, 18495, 1, 0, 0
63618, 18296, 1, 0, 0
63700, 23905, 1, 0, 0
63802, 16968, 1, 0, 0
63906, 17195, 1, 0, 0
64014, 24649, 1, 0, 0
64101, 16045, 1, 0, 0
64208, 17394, 1, 0, 0
64334, 17338, 1, 0, 0
64422, 14886, 1, 0, 0
64506, 18017, 1, 0, 0
64600, 17792, 1, 0, 0
64730, 17333, 1, 0, 0
64819, 16147, 1, 0, 0
64909, 18316, 1, 0, 0
65000, 18311, 1, 0, 0
65105, 17876, 1, 0, 0
65219, 16109, 1, 0, 0
65302, 17687, 1, 0, 0
65418, 18553, 1, 0, 0
65529, 17817, 1, 0, 0
65620, 13730, 1, 0, 0
65720, 16078, 1, 0, 0
65807, 18018, 1, 0, 0
65904, 16865, 1, 0, 0
66000, 18014, 1, 0, 0
66103, 19170, 1, 0, 0
66203, 22432, 1, 0, 0
66311, 21438, 1, 0, 0
66416, 22423, 1, 0, 0
66505, 15846, 1, 0, 0
66635, 15682, 1, 0, 0
66714, 15572, 1, 0, 0
66802, 14082, 1, 0, 0
66906, 15522, 1, 0, 0
67029, 16798, 1, 0, 0
67103, 18588, 1, 0, 0
67210, 17998, 1, 0, 0
67306, 15829, 1, 0, 0
67432, 15686, 1, 0, 0
67503, 19286, 1, 0, 0
67607, 14313, 1, 0, 0
67701, 15885, 1, 0, 0
67809, 16767, 1, 0, 0
67905, 17007, 1, 0, 0
68010, 19330, 1, 0, 0
68102, 14400, 1, 0, 0
68210, 18280, 1, 0, 0
68311, 17066, 1, 0, 0
68400, 17406, 1, 0, 0
68502, 20485, 1, 0, 0
68618, 17464, 1, 0, 0
68745, 15148, 1, 0, 0
68806, 20205, 1, 0, 0
68901, 16076, 1, 0, 0
69012, 24194, 1, 0, 0
69101, 15009, 1, 0, 0
69241, 19626, 1, 0, 0
69313, 17834, 1, 0, 0
69409, 18134, 1, 0, 0
69503, 16141, 1, 0, 0
69621, 18330, 1, 0, 0
69712, 16654, 1, 0, 0
69809, 15249, 1, 0, 0
69902, 19789, 1, 0, 0
70010, 20212, 1, 0, 0
70107, 14993, 1, 0, 0
70213, 17764, 1, 0, 0
70303, 15692, 1, 0, 0
70402, 15803, 1, 0, 0
70502, 17299, 1, 0, 0
70604, 15268, 1, 0, 0
70710, 18917, 1, 0, 0
70806, 17894, 1, 0, 0
70903, 18043, 1, 0, 0
71005, 17543, 1, 0, 0
71100, 16868, 1, 0, 0
71200, 18407, 1, 0, 0
71316, 18152, 1, 0, 0
71400, 16466, 1, 0, 0
71511, 16434, 1, 0, 0
71616, 21083, 1, 0, 0
71704, 22269, 1, 0, 0
71801, 17797, 1, 0, 0
71939, 18550, 1, 0, 0
72014, 14865, 1, 0, 0
72107, 19353, 1, 0, 0
72202, 17985, 1, 0, 0
72328, 17728, 1, 0, 0
72400, 22224, 1, 0, 0
72510, 16030, 1, 0, 0
72606, 18362, 1, 0, 0
72701, 19567, 1, 0, 0
72800, 20558, 1, 0, 0
72902, 18324, 1, 0, 0
73008, 17175, 1, 0, 0
73100, 21056, 1, 0, 0
73205, 18259, 1, 0, 0
73304, 16229, 1, 0, 0
73404, 17406, 1, 0, 0
73503, 18625, 1, 0, 0
73601, 16993, 1, 0, 0
73705, 16696, 1, 0, 0
73800, 18457, 1, 0, 0
73924, 20792, 1, 0, 0
74015, 15798, 1, 0, 0
74111, 15951, 1, 0, 0
74202, 17801, 1, 0, 0
74308, 16140, 1, 0, 0
74410, 16239, 1, 0, 0
74500, 17954, 1, 0, 0
74600, 17655, 1, 0, 0
74701, 16381, 1, 0, 0
74822, 16530, 1, 0, 0
74956, 17408, 1, 0, 0
75023, 18715, 1, 0, 0
75112, 18879, 1, 0, 0
75204, 17964, 1, 0, 0
75311, 21470, 1, 0, 0
75412, 19720, 1, 0, 0
75521, 16692, 1, 0, 0
75638, 24911, 1, 0, 0
75724, 19882, 1, 0, 0
75804, 14239, 1, 0, 0
75902, 17923, 1, 0, 0
76000, 16069, 1, 0, 0
76113, 18949, 1, 0, 0
76222, 15868, 1, 0, 0
76310, 14993, 1, 0, 0
76405, 15213, 1, 0, 0
76502, 17001, 1, 0, 0
76630, 15904, 1, 0, 0
76708, 16603, 1, 0, 0
76821, 17313, 1, 0, 0
76904, 16437, 1, 0, 0
77006, 16007, 1, 0, 0
77127, 16929, 1, 0, 0
77200, 17270, 1, 0, 0
77306, 15606, 1, 0, 0
77400, 16100, 1, 0, 0
77500, 17130, 1, 0, 0
77602, 21562, 1, 0, 0
77702, 21252, 1, 0, 0
77804, 24953, 1, 0, 0
77908, 16079, 1, 0, 0
78004, 17623, 1, 0, 0
78109, 15992, 1, 0, 0
78200, 16164, 1, 0, 0
78307, 19625, 1, 0, 0
78421, 17649, 1, 0, 0
78508, 16038, 1, 0, 0
78605, 17541, 1, 0, 0
78714, 16250, 1, 0, 0
78815, 17904, 1, 0, 0
78906, 20552, 1, 0, 0
79002, 17011, 1, 0, 0
79107, 17222, 1, 0, 0
79207, 20864, 1, 0, 0
79322, 24288, 1, 0, 0
79407, 17531, 1, 0, 0
79501, 17594, 1, 0, 0
79602, 22020, 1, 0, 0
79705, 17929, 1, 0, 0
79811, 22737, 1, 0, 0
79900, 23167, 1, 0, 0
80004, 17822, 1, 0, 0
80107, 18233, 1, 0, 0
80202, 16328, 1, 0, 0
80307, 16821, 1, 0, 0
80400, 17085, 1, 0, 0
80512, 17234, 1, 0, 0
80602, 14251, 1, 0, 0
80715, 17399, 1, 0, 0
80820, 16102, 1, 0, 0
80901, 16043, 1, 0, 0
81004, 15716, 1, 0, 0
81124, 18091, 1, 0, 0
81212, 17102, 1, 0, 0
81300, 16477, 1, 0, 0
81400, 15426, 1, 0, 0
81518, 17506, 1, 0, 0
81617, 20067, 1, 0, 0
81711, 16429, 1, 0, 0
81805, 16088, 1, 0, 0
81907, 17493, 1, 0, 0
82000, 24640, 1, 0, 0
82106, 19549, 1, 0, 0
82204, 23298, 1, 0, 0
82314, 18802, 1, 0, 0
82423, 22486, 1, 0, 0
82519, 18560, 1, 0, 0
82612, 15799, 1, 0, 0
82708, 17614, 1, 0, 0
82826, 17424, 1, 0, 0
82929, 17080, 1, 0, 0
83001, 15850, 1, 0, 0
83106, 16327, 1, 0, 0
83203, 16598, 1, 0, 0
83314, 17338, 1, 0, 0
83432, 13388, 1, 0, 0
83502, 16883, 1, 0, 0
83625, 17210, 1, 0, 0
83709, 16034, 1, 0, 0
83803, 18128, 1, 0, 0
83902, 18670, 1, 0, 0
84015, 30843, 1, 0, 0
84100, 18877, 1, 0, 0
84211, 19178, 1, 0, 0
84301, 20142, 1, 0, 0
84408, 16196, 1, 0, 0
84515, 17517, 1, 0, 0
84603, 20485, 1, 0, 0
84713, 18203, 1, 0, 0
84810, 15304, 1, 0, 0
84902, 19711, 1, 0, 0
85012, 18188, 1, 0, 0
85116, 15317, 1, 0, 0
85209, 24128, 1, 0, 0
85304, 16875, 1, 0, 0
85431, 15339, 1, 0, 0
85510, 18698, 1, 0, 0
85606, 15920, 1, 0, 0
85702, 15736, 1, 0, 0
85806, 18781, 1, 0, 0
85903, 17537, 1, 0, 0
86004, 18536, 1, 0, 0
86119, 16733, 1, 0, 0
86204, 17314, 1, 0, 0
86301, 16866, 1, 0, 0
86404, 17818, 1, 0, 0
86506, 17130, 1, 0, 0
86603, 29003, 1, 0, 0
86701, 18507, 1, 0, 0
86801, 18067, 1, 0, 0
86905, 16446, 1, 0, 0
87000, 16530, 1, 0, 0
87113, 15555, 1, 0, 0
87225, 15527, 1, 0, 0
87325, 26503, 1, 0, 0
87413, 17142, 1, 0, 0
87508, 16385, 1, 0, 0
87606, 18106, 1, 0, 0
87702, 16457, 1, 0, 0
87818, 17759, 1, 0, 0
87907, 18733, 1, 0, 0
88004, 17917, 1, 0, 0
88125, 15957, 1, 0, 0
88219, 16839, 1, 0, 0
88304, 15800, 1, 0, 0
88407, 18481, 1, 0, 0
88507, 16641, 1, 0, 0
88612, 18813, 1, 0, 0
88715, 17833, 1, 0, 0
88810, 17711, 1, 0, 0
88905, 20565, 1, 0, 0
89003, 18799, 1, 0, 0
89110, 17471, 1, 0, 0
89209, 23141, 1, 0, 0
89307, 15805, 1, 0, 0
89404, 18636, 1, 0, 0
89505, 17416, 1, 0, 0
89602, 16011, 1, 0, 0
89713, 15496, 1, 0, 0
89804, 18743, 1, 0, 0
89900, 21316, 1, 0, 0
90116, 23186, 1, 0, 0
