100, 3161314, 0, 0, 0
200, 3205795, 0, 0, 0
300, 3090939, 0, 0, 0
400, 3095416, 0, 0, 0
500, 3184680, 0, 0, 0
600, 3156811, 0, 0, 0
700, 3188852, 0, 0, 0
801, 3217708, 0, 0, 0
900, 2962924, 0, 0, 0
1000, 3080974, 0, 0, 0
1100, 3058669, 0, 0, 0
1200, 3164859, 0, 0, 0
1300, 3181467, 0, 0, 0
1400, 3331648, 0, 0, 0
1500, 3253231, 0, 0, 0
1600, 3165101, 0, 0, 0
1700, 2982260, 0, 0, 0
1800, 3042965, 0, 0, 0
1900, 3032222, 0, 0, 0
2000, 3053657, 0, 0, 0
2100, 3153728, 0, 0, 0
2200, 2942839, 0, 0, 0
2300, 3106804, 0, 0, 0
2400, 2932069, 0, 0, 0
2500, 2989689, 0, 0, 0
2600, 3061721, 0, 0, 0
2700, 3110609, 0, 0, 0
2800, 3274211, 0, 0, 0
2900, 2993106, 0, 0, 0
3000, 3110509, 0, 0, 0
3100, 3169840, 0, 0, 0
3200, 3170904, 0, 0, 0
3300, 2924556, 0, 0, 0
3401, 2997979, 0, 0, 0
3500, 3006015, 0, 0, 0
3600, 3058397, 0, 0, 0
3700, 3145273, 0, 0, 0
3800, 3336440, 0, 0, 0
3900, 2901135, 0, 0, 0
4000, 3047431, 0, 0, 0
4100, 3116350, 0, 0, 0
4200, 2835220, 0, 0, 0
4300, 3027938, 0, 0, 0
4400, 2903871, 0, 0, 0
4500, 2923730, 0, 0, 0
4600, 3004113, 0, 0, 0
4700, 3091568, 0, 0, 0
4800, 3191519, 0, 0, 0
4900, 3151418, 0, 0, 0
5000, 3155198, 0, 0, 0
5100, 3199392, 0, 0, 0
5200, 2936988, 0, 0, 0
5300, 3097072, 0, 0, 0
5400, 3114878, 0, 0, 0
5500, 3023956, 0, 0, 0
5600, 2840713, 0, 0, 0
5700, 2914107, 0, 0, 0
5800, 2797434, 0, 0, 0
5900, 2910126, 0, 0, 0
6000, 2844451, 0, 0, 0
6100, 3127725, 0, 0, 0
6200, 3107462, 0, 0, 0
6300, 3142316, 0, 0, 0
6400, 2934138, 0, 0, 0
6500, 3102892, 0, 0, 0
6600, 2867188, 0, 0, 0
6700, 3156361, 0, 0, 0
6800, 3059438, 0, 0, 0
6900, 2980171, 0, 0, 0
7000, 2957440, 0, 0, 0
7100, 3153621, 0, 0, 0
7200, 3019561, 0, 0, 0
7300, 2885654, 0, 0, 0
7400, 3027463, 0, 0, 0
7500, 3021638, 0, 0, 0
7600, 2955868, 0, 0, 0
7700, 2924570, 0, 0, 0
7800, 2919265, 0, 0, 0
7900, 2775712, 0, 0, 0
8000, 2856156, 0, 0, 0
8100, 2879265, 0, 0, 0
8200, 2987983, 0, 0, 0
8300, 2898486, 0, 0, 0
8400, 3067402, 0, 0, 0
8500, 2967512, 0, 0, 0
8600, 2848345, 0, 0, 0
8700, 2948545, 0, 0, 0
8800, 2745826, 0, 0, 0
8900, 3027088, 0, 0, 0
9000, 2924050, 0, 0, 0
9100, 3125692, 0, 0, 0
9200, 3180042, 0, 0, 0
9300, 3014705, 0, 0, 0
9400, 3039367, 0, 0, 0
9500, 2736312, 0, 0, 0
9600, 3120326, 0, 0, 0
9701, 3148877, 0, 0, 0
9800, 3047846, 0, 0, 0
9900, 3091500, 0, 0, 0
10002, 2948274, 0, 0, 0
10100, 3097204, 0, 0, 0
10200, 3086318, 0, 0, 0
10303, 2851420, 0, 0, 0
10400, 3088283, 0, 0, 0
10500, 3003352, 0, 0, 0
10600, 2832179, 0, 0, 0
10700, 2945137, 0, 0, 0
10800, 2756009, 0, 0, 0
10900, 3155823, 0, 0, 0
11000, 2833915, 0, 0, 0
11100, 3118674, 0, 0, 0
11200, 2871772, 0, 0, 0
11300, 2872785, 0, 0, 0
11400, 2934571, 0, 0, 0
11500, 2821354, 0, 0, 0
11600, 2909732, 0, 0, 0
11700, 3167706, 0, 0, 0
11800, 2853028, 0, 0, 0
11900, 3137140, 0, 0, 0
12000, 2859308, 0, 0, 0
12100, 2835596, 0, 0, 0
12200, 2991892, 0, 0, 0
12300, 2775649, 0, 0, 0
12400, 2925304, 0, 0, 0
12500, 2841580, 0, 0, 0
12600, 2857419, 0, 0, 0
12700, 2841737, 0, 0, 0
12800, 2900622, 0, 0, 0
12900, 3144872, 0, 0, 0
13000, 2787963, 0, 0, 0
13100, 2887822, 0, 0, 0
13200, 2812552, 0, 0, 0
13301, 2706459, 0, 0, 0
13400, 3159584, 0, 0, 0
13500, 2873276, 0, 0, 0
13600, 2869094, 0, 0, 0
13700, 2816142, 0, 0, 0
13800, 2662021, 0, 0, 0
13900, 2869999, 0, 0, 0
14000, 2759340, 0, 0, 0
14100, 2959350, 0, 0, 0
14200, 2945627, 0, 0, 0
14300, 2833045, 0, 0, 0
14400, 3016532, 0, 0, 0
14500, 2894848, 0, 0, 0
14600, 2841889, 0, 0, 0
14700, 3010815, 0, 0, 0
14800, 2813233, 0, 0, 0
14900, 2979459, 0, 0, 0
15000, 2784695, 0, 0, 0
15100, 2772434, 0, 0, 0
15200, 2924702, 0, 0, 0
15300, 2818011, 0, 0, 0
15400, 2828854, 0, 0, 0
15500, 2767813, 0, 0, 0
15600, 2830225, 0, 0, 0
15700, 2738711, 0, 0, 0
15800, 2867800, 0, 0, 0
15900, 2837388, 0, 0, 0
16000, 2864330, 0, 0, 0
16100, 2902441, 0, 0, 0
16200, 2919132, 0, 0, 0
16300, 2746853, 0, 0, 0
16400, 2923461, 0, 0, 0
16500, 2851526, 0, 0, 0
16600, 2778709, 0, 0, 0
16700, 2745239, 0, 0, 0
16800, 2844137, 0, 0, 0
16900, 2735976, 0, 0, 0
17000, 2934093, 0, 0, 0
17100, 2885692, 0, 0, 0
17200, 3026463, 0, 0, 0
17300, 2833296, 0, 0, 0
17401, 2897509, 0, 0, 0
17500, 2840568, 0, 0, 0
17600, 2770919, 0, 0, 0
17700, 2680191, 0, 0, 0
17800, 2868946, 0, 0, 0
17900, 2837185, 0, 0, 0
18000, 2907287, 0, 0, 0
18100, 2768071, 0, 0, 0
18200, 2800809, 0, 0, 0
18300, 3018650, 0, 0, 0
18400, 2907588, 0, 0, 0
18500, 2770631, 0, 0, 0
18600, 2802003, 0, 0, 0
18700, 2685469, 0, 0, 0
18800, 2756270, 0, 0, 0
18900, 2775675, 0, 0, 0
19000, 2906540, 0, 0, 0
19100, 2717972, 0, 0, 0
19200, 2740852, 0, 0, 0
19300, 2790400, 0, 0, 0
19400, 2884421, 0, 0, 0
19500, 2726992, 0, 0, 0
19600, 2717546, 0, 0, 0
19700, 2781655, 0, 0, 0
19800, 2770995, 0, 0, 0
19900, 2746940, 0, 0, 0
20000, 2895297, 0, 0, 0
20100, 2739183, 0, 0, 0
20200, 2799011, 0, 0, 0
20300, 2789697, 0, 0, 0
20400, 2799520, 0, 0, 0
20500, 2768504, 0, 0, 0
20600, 2800199, 0, 0, 0
20700, 2813294, 0, 0, 0
20800, 2715445, 0, 0, 0
20900, 2780196, 0, 0, 0
21000, 2754396, 0, 0, 0
21100, 2675776, 0, 0, 0
21200, 2775219, 0, 0, 0
21300, 2857329, 0, 0, 0
21400, 2821562, 0, 0, 0
21500, 2799514, 0, 0, 0
21600, 2792794, 0, 0, 0
21700, 2766936, 0, 0, 0
21800, 2718819, 0, 0, 0
21900, 2914753, 0, 0, 0
22000, 2705605, 0, 0, 0
22101, 2707592, 0, 0, 0
22200, 2937461, 0, 0, 0
22300, 2847110, 0, 0, 0
22401, 2856923, 0, 0, 0
22500, 2810357, 0, 0, 0
22600, 2890402, 0, 0, 0
22700, 2794772, 0, 0, 0
22800, 2825528, 0, 0, 0
22900, 2871769, 0, 0, 0
23000, 2791640, 0, 0, 0
23100, 2642514, 0, 0, 0
23200, 2881153, 0, 0, 0
23300, 2769743, 0, 0, 0
23400, 2751114, 0, 0, 0
23500, 2766072, 0, 0, 0
23600, 2770669, 0, 0, 0
23700, 2680827, 0, 0, 0
23800, 2762096, 0, 0, 0
23900, 2790887, 0, 0, 0
24000, 2788071, 0, 0, 0
24100, 2635084, 0, 0, 0
24200, 2942684, 0, 0, 0
24300, 2960868, 0, 0, 0
24400, 2683062, 0, 0, 0
24500, 2829168, 0, 0, 0
24600, 2755129, 0, 0, 0
24700, 2738450, 0, 0, 0
24801, 2823306, 0, 0, 0
24900, 2834342, 0, 0, 0
25000, 2765117, 0, 0, 0
25100, 2835983, 0, 0, 0
25200, 2641048, 0, 0, 0
25300, 2734162, 0, 0, 0
25400, 2816398, 0, 0, 0
25500, 2762172, 0, 0, 0
25600, 2788187, 0, 0, 0
25700, 2698795, 0, 0, 0
25800, 2691354, 0, 0, 0
25900, 2719350, 0, 0, 0
26000, 2674115, 0, 0, 0
26100, 2692092, 0, 0, 0
26200, 2815755, 0, 0, 0
26300, 2797866, 0, 0, 0
26400, 2635032, 0, 0, 0
26500, 2770785, 0, 0, 0
26600, 2871433, 0, 0, 0
26700, 2753472, 0, 0, 0
26800, 2696511, 0, 0, 0
26901, 2837105, 0, 0, 0
27000, 2916208, 0, 0, 0
27100, 2854842, 0, 0, 0
27200, 2679784, 0, 0, 0
27300, 2684343, 0, 0, 0
27400, 2701045, 0, 0, 0
27500, 2978726, 0, 0, 0
27600, 2984189, 0, 0, 0
27700, 2986598, 0, 0, 0
27800, 2972639, 0, 0, 0
27900, 2743199, 0, 0, 0
28000, 2737586, 0, 0, 0
28100, 2792367, 0, 0, 0
28200, 2902694, 0, 0, 0
28300, 2741905, 0, 0, 0
28400, 2750083, 0, 0, 0
28500, 2780253, 0, 0, 0
28600, 2763031, 0, 0, 0
28700, 2815791, 0, 0, 0
28800, 2775566, 0, 0, 0
28900, 2839567, 0, 0, 0
29000, 2751350, 0, 0, 0
29100, 2666313, 0, 0, 0
29200, 2947488, 0, 0, 0
29300, 2767297, 0, 0, 0
29400, 2795356, 0, 0, 0
29500, 2833089, 0, 0, 0
29600, 2725623, 0, 0, 0
29700, 2825207, 0, 0, 0
29800, 2779316, 0, 0, 0
29900, 2741144, 0, 0, 0
30000, 2729586, 0, 0, 0
30100, 2779378, 0, 0, 0
30200, 2747210, 0, 0, 0
30300, 2803670, 0, 0, 0
30400, 2877021, 0, 0, 0
30500, 2759239, 0, 0, 0
30600, 2728502, 0, 0, 0
30700, 2710501, 0, 0, 0
30800, 2779757, 0, 0, 0
30900, 2750713, 0, 0, 0
31000, 2792825, 0, 0, 0
31100, 2714821, 0, 0, 0
31200, 2756004, 0, 0, 0
31300, 2817762, 0, 0, 0
31400, 2873275, 0, 0, 0
31500, 2831985, 0, 0, 0
31600, 2738220, 0, 0, 0
31700, 2838317, 0, 0, 0
31800, 2859891, 0, 0, 0
31900, 2780187, 0, 0, 0
32001, 2744716, 0, 0, 0
32100, 2826761, 0, 0, 0
32200, 2735536, 0, 0, 0
32300, 2796292, 0, 0, 0
32400, 2811555, 0, 0, 0
32500, 2989771, 0, 0, 0
32600, 2851680, 0, 0, 0
32700, 2894301, 0, 0, 0
32800, 2991280, 0, 0, 0
32900, 2987031, 0, 0, 0
33000, 2766356, 0, 0, 0
33100, 2882386, 0, 0, 0
33200, 2773095, 0, 0, 0
33300, 2823487, 0, 0, 0
33400, 2762958, 0, 0, 0
33500, 2759458, 0, 0, 0
33600, 2825216, 0, 0, 0
33700, 2910674, 0, 0, 0
33800, 2773234, 0, 0, 0
33900, 2660323, 0, 0, 0
34000, 2772129, 0, 0, 0
34100, 2799737, 0, 0, 0
34200, 2762291, 0, 0, 0
34300, 2886117, 0, 0, 0
34400, 2904078, 0, 0, 0
34500, 2664460, 0, 0, 0
34600, 2851709, 0, 0, 0
34700, 2759726, 0, 0, 0
34800, 2860537, 0, 0, 0
34900, 2779536, 0, 0, 0
35000, 2778186, 0, 0, 0
35100, 2727326, 0, 0, 0
35200, 2737810, 0, 0, 0
35300, 2907468, 0, 0, 0
35400, 2716325, 0, 0, 0
35501, 2661077, 0, 0, 0
35600, 2807139, 0, 0, 0
35700, 2797132, 0, 0, 0
35800, 2723715, 0, 0, 0
35900, 2758891, 0, 0, 0
36000, 2825032, 0, 0, 0
36100, 2774219, 0, 0, 0
36200, 2743113, 0, 0, 0
36300, 2825420, 0, 0, 0
36401, 2730020, 0, 0, 0
36500, 2803424, 0, 0, 0
36600, 2657444, 0, 0, 0
36700, 2843049, 0, 0, 0
36800, 2745558, 0, 0, 0
36901, 2777494, 0, 0, 0
37000, 2707686, 0, 0, 0
37100, 2787399, 0, 0, 0
37200, 2744870, 0, 0, 0
37300, 2791995, 0, 0, 0
37400, 2767047, 0, 0, 0
37500, 2926897, 0, 0, 0
37600, 2877674, 0, 0, 0
37700, 2742457, 0, 0, 0
37800, 2807179, 0, 0, 0
37900, 2749002, 0, 0, 0
38000, 2927249, 0, 0, 0
38100, 2910092, 0, 0, 0
38200, 2714415, 0, 0, 0
38300, 2813622, 0, 0, 0
38400, 2784953, 0, 0, 0
38501, 2692612, 0, 0, 0
38600, 2769535, 0, 0, 0
38700, 2739856, 0, 0, 0
38800, 2659176, 0, 0, 0
38900, 2901706, 0, 0, 0
39000, 2853088, 0, 0, 0
39100, 2822401, 0, 0, 0
39200, 2804236, 0, 0, 0
39300, 2823255, 0, 0, 0
39400, 2810927, 0, 0, 0
39500, 2842070, 0, 0, 0
39600, 2942084, 0, 0, 0
39700, 2774369, 0, 0, 0
39800, 2784691, 0, 0, 0
39900, 2766856, 0, 0, 0
40000, 2828284, 0, 0, 0
40100, 2748878, 0, 0, 0
40200, 2843116, 0, 0, 0
40300, 2690420, 0, 0, 0
40400, 2893358, 0, 0, 0
40500, 2984517, 0, 0, 0
40600, 2834392, 0, 0, 0
40700, 2778185, 0, 0, 0
40800, 2823389, 0, 0, 0
40900, 2876437, 0, 0, 0
41000, 2659731, 0, 0, 0
41100, 2880713, 0, 0, 0
41200, 2804955, 0, 0, 0
41300, 2702455, 0, 0, 0
41400, 2889177, 0, 0, 0
41500, 2834890, 0, 0, 0
41600, 2907155, 0, 0, 0
41700, 2875137, 0, 0, 0
41800, 2870094, 0, 0, 0
41900, 2892167, 0, 0, 0
42000, 2896827, 0, 0, 0
42100, 2816886, 0, 0, 0
42200, 2750262, 0, 0, 0
42300, 2907138, 0, 0, 0
42400, 2893286, 0, 0, 0
42500, 2875613, 0, 0, 0
42600, 2797986, 0, 0, 0
42700, 2741660, 0, 0, 0
42800, 2934793, 0, 0, 0
42900, 2788652, 0, 0, 0
43000, 2810329, 0, 0, 0
43100, 2944992, 0, 0, 0
43200, 2784577, 0, 0, 0
43300, 2849717, 0, 0, 0
43400, 2890889, 0, 0, 0
43500, 2789381, 0, 0, 0
43600, 2760593, 0, 0, 0
43700, 2702746, 0, 0, 0
43800, 2763686, 0, 0, 0
43900, 2859103, 0, 0, 0
44000, 2781077, 0, 0, 0
44100, 2733217, 0, 0, 0
44200, 2790849, 0, 0, 0
44300, 2839055, 0, 0, 0
44400, 2849301, 0, 0, 0
44500, 2790097, 0, 0, 0
44600, 2723150, 0, 0, 0
44700, 2773064, 0, 0, 0
44800, 2737010, 0, 0, 0
44900, 2814949, 0, 0, 0
45000, 2646314, 0, 0, 0
45100, 2762318, 0, 0, 0
45200, 2777265, 0, 0, 0
45300, 2876206, 0, 0, 0
45400, 2766629, 0, 0, 0
45500, 2857639, 0, 0, 0
45600, 2878548, 0, 0, 0
45700, 2805775, 0, 0, 0
45800, 2765704, 0, 0, 0
45900, 2708475, 0, 0, 0
46000, 2828989, 0, 0, 0
46100, 2796897, 0, 0, 0
46200, 2796764, 0, 0, 0
46300, 2769780, 0, 0, 0
46400, 2790233, 0, 0, 0
46500, 2771171, 0, 0, 0
46600, 2757673, 0, 0, 0
46700, 2691883, 0, 0, 0
46800, 2924083, 0, 0, 0
46900, 2794957, 0, 0, 0
47000, 2784279, 0, 0, 0
47100, 2812228, 0, 0, 0
47200, 2809091, 0, 0, 0
47300, 2782772, 0, 0, 0
47400, 2934963, 0, 0, 0
47500, 2782637, 0, 0, 0
47600, 2825341, 0, 0, 0
47700, 2753940, 0, 0, 0
47800, 2762826, 0, 0, 0
47900, 2676805, 0, 0, 0
48000, 2788907, 0, 0, 0
48100, 2757001, 0, 0, 0
48200, 2631269, 0, 0, 0
48300, 2779653, 0, 0, 0
48400, 2885858, 0, 0, 0
48500, 2742904, 0, 0, 0
48600, 3001002, 0, 0, 0
48700, 2990767, 0, 0, 0
48800, 2720765, 0, 0, 0
48900, 2867550, 0, 0, 0
49000, 2786988, 0, 0, 0
49100, 2741432, 0, 0, 0
49200, 2802522, 0, 0, 0
49300, 2840021, 0, 0, 0
49400, 2777287, 0, 0, 0
49500, 2828578, 0, 0, 0
49600, 2816949, 0, 0, 0
49700, 2822246, 0, 0, 0
49800, 2818300, 0, 0, 0
49900, 2677355, 0, 0, 0
50001, 2766732, 0, 0, 0
50100, 2701160, 0, 0, 0
50200, 2829077, 0, 0, 0
50300, 2758573, 0, 0, 0
50400, 2789264, 0, 0, 0
50500, 2834590, 0, 0, 0
50600, 2659398, 0, 0, 0
50700, 2804444, 0, 0, 0
50800, 2767255, 0, 0, 0
50900, 2779200, 0, 0, 0
51000, 2667474, 0, 0, 0
51101, 2723323, 0, 0, 0
51200, 2853594, 0, 0, 0
51300, 2904792, 0, 0, 0
51400, 2745460, 0, 0, 0
51500, 2818817, 0, 0, 0
51600, 2916575, 0, 0, 0
51700, 2905731, 0, 0, 0
51800, 2818177, 0, 0, 0
51900, 2811606, 0, 0, 0
52000, 2821694, 0, 0, 0
52100, 2825436, 0, 0, 0
52200, 2909404, 0, 0, 0
52300, 2876158, 0, 0, 0
52400, 2907045, 0, 0, 0
52500, 3002592, 0, 0, 0
52600, 2913983, 0, 0, 0
52700, 2835016, 0, 0, 0
52800, 2811702, 0, 0, 0
52900, 2820197, 0, 0, 0
53000, 2787650, 0, 0, 0
53100, 2701001, 0, 0, 0
53200, 2775941, 0, 0, 0
53300, 2834096, 0, 0, 0
53400, 2807887, 0, 0, 0
53500, 2803154, 0, 0, 0
53600, 2919501, 0, 0, 0
53700, 2713048, 0, 0, 0
53800, 3062738, 0, 0, 0
53900, 2936339, 0, 0, 0
54000, 2873787, 0, 0, 0
54100, 2827218, 0, 0, 0
54200, 2848842, 0, 0, 0
54300, 2883049, 0, 0, 0
54400, 2767393, 0, 0, 0
54500, 2818019, 0, 0, 0
54600, 2831871, 0, 0, 0
54700, 2977650, 0, 0, 0
54800, 2832829, 0, 0, 0
54900, 2858968, 0, 0, 0
55000, 2814964, 0, 0, 0
55100, 2857111, 0, 0, 0
55200, 2846132, 0, 0, 0
55300, 2804665, 0, 0, 0
55400, 2741019, 0, 0, 0
55500, 2801479, 0, 0, 0
55600, 2685908, 0, 0, 0
55700, 2872104, 0, 0, 0
55800, 2730595, 0, 0, 0
55900, 2878586, 0, 0, 0
56000, 2797958, 0, 0, 0
56100, 2819399, 0, 0, 0
56200, 2744231, 0, 0, 0
56300, 2796747, 0, 0, 0
56400, 2915813, 0, 0, 0
56500, 2883112, 0, 0, 0
56600, 2783807, 0, 0, 0
56700, 2771579, 0, 0, 0
56800, 2840573, 0, 0, 0
56900, 2851138, 0, 0, 0
57000, 2983543, 0, 0, 0
57101, 2860084, 0, 0, 0
57200, 2958564, 0, 0, 0
57300, 2903198, 0, 0, 0
57400, 2877354, 0, 0, 0
57500, 2742445, 0, 0, 0
57600, 2852413, 0, 0, 0
57700, 2834044, 0, 0, 0
57800, 2842286, 0, 0, 0
57900, 2791732, 0, 0, 0
58000, 2901032, 0, 0, 0
58100, 2901198, 0, 0, 0
58200, 2881018, 0, 0, 0
58300, 2929856, 0, 0, 0
58400, 2887035, 0, 0, 0
58500, 2959194, 0, 0, 0
58600, 2826981, 0, 0, 0
58700, 2879833, 0, 0, 0
58800, 2833715, 0, 0, 0
58900, 2791833, 0, 0, 0
59000, 2829116, 0, 0, 0
59100, 2866753, 0, 0, 0
59200, 2981065, 0, 0, 0
59300, 2863699, 0, 0, 0
59400, 2813061, 0, 0, 0
59500, 2827311, 0, 0, 0
59600, 2783016, 0, 0, 0
59700, 2708612, 0, 0, 0
59800, 2868176, 0, 0, 0
59900, 2747539, 0, 0, 0
60000, 2764940, 0, 0, 0
60001, 2674274, 0, 0, 0
