100, 13815116, 1, 0, 0
207, 11194342, 1, 0, 0
308, 14800483, 1, 0, 0
407, 16741995, 1, 0, 0
509, 18870380, 1, 0, 0
614, 20542190, 1, 0, 0
710, 20159698, 1, 0, 0
816, 22035758, 1, 0, 0
911, 22105325, 1, 0, 0
1015, 21463608, 1, 0, 0
1119, 45607866, 1, 0, 0
1213, 32350628, 1, 0, 0
1306, 25374542, 1, 0, 0
1412, 26115918, 1, 0, 0
1508, 31786074, 1, 0, 0
1606, 34205613, 1, 0, 0
1700, 36037997, 1, 0, 0
1820, 31895911, 1, 0, 0
1911, 30759466, 1, 0, 0
2008, 29296789, 1, 0, 0
2109, 36563337, 1, 0, 0
2209, 59251054, 1, 0, 0
2305, 35571774, 1, 0, 0
2415, 47899531, 1, 0, 0
2502, 29364729, 1, 0, 0
2646, 19076582, 1, 0, 0
2700, 34091558, 1, 0, 0
2813, 17909964, 1, 0, 0
2900, 18129086, 1, 0, 0
3003, 17962559, 1, 0, 0
3111, 26817696, 1, 0, 0
3205, 17220315, 1, 0, 0
3300, 13058752, 1, 0, 0
3407, 48528159, 1, 0, 0
3513, 33619830, 1, 0, 0
3600, 19274305, 1, 0, 0
3716, 25526174, 1, 0, 0
3804, 41906301, 1, 0, 0
3913, 56919562, 1, 0, 0
4004, 48885302, 1, 0, 0
4135, 55213512, 1, 0, 0
4208, 68273354, 1, 0, 0
4330, 59213283, 1, 0, 0
4407, 71316786, 1, 0, 0
4508, 60880618, 1, 0, 0
4601, 73638164, 1, 0, 0
4730, 73571502, 1, 0, 0
4818, 76980672, 1, 0, 0
4900, 70365150, 1, 0, 0
5015, 80098754, 1, 0, 0
5121, 90240111, 1, 0, 0
5201, 77186278, 1, 0, 0
5318, 70568409, 1, 0, 0
5431, 70249573, 1, 0, 0
5502, 68869008, 1, 0, 0
5603, 19610035, 1, 0, 0
5700, 17794273, 1, 0, 0
5818, 16359508, 1, 0, 0
5902, 25075445, 1, 0, 0
6010, 13219591, 1, 0, 0
6110, 24108718, 1, 0, 0
6218, 13969477, 1, 0, 0
6300, 25823239, 1, 0, 0
6402, 23673662, 1, 0, 0
6502, 17586036, 1, 0, 0
6615, 20488166, 1, 0, 0
6704, 22650893, 1, 0, 0
6800, 21399404, 1, 0, 0
6903, 21123800, 1, 0, 0
7000, 19815210, 1, 0, 0
7108, 24821445, 1, 0, 0
7201, 17016731, 1, 0, 0
7301, 24559424, 1, 0, 0
7400, 29279282, 1, 0, 0
7505, 21672335, 1, 0, 0
7614, 28153184, 1, 0, 0
7702, 20592576, 1, 0, 0
7803, 21775043, 1, 0, 0
7908, 21724427, 1, 0, 0
8005, 25855936, 1, 0, 0
8102, 26854024, 1, 0, 0
8204, 29611552, 1, 0, 0
8304, 23108162, 1, 0, 0
8405, 27384212, 1, 0, 0
8500, 23218913, 1, 0, 0
8602, 23788753, 1, 0, 0
8710, 28436117, 1, 0, 0
8806, 28087881, 1, 0, 0
8910, 25695300, 1, 0, 0
9002, 24899108, 1, 0, 0
9102, 24641109, 1, 0, 0
9204, 26970263, 1, 0, 0
9307, 22238789, 1, 0, 0
9409, 13848639, 1, 0, 0
9507, 16446267, 1, 0, 0
9602, 19236746, 1, 0, 0
9702, 16867619, 1, 0, 0
9800, 15112493, 1, 0, 0
9900, 13792394, 1, 0, 0
10001, 14920536, 1, 0, 0
10108, 33490761, 1, 0, 0
10232, 45930999, 1, 0, 0
10314, 48544458, 1, 0, 0
10403, 62883222, 1, 0, 0
10536, 49885981, 1, 0, 0
10604, 63212643, 1, 0, 0
10727, 35351714, 1, 0, 0
10800, 32417500, 1, 0, 0
10910, 20269102, 1, 0, 0
11002, 37251872, 1, 0, 0
11101, 37056217, 1, 0, 0
11200, 34322350, 1, 0, 0
11315, 28799476, 1, 0, 0
11400, 31239475, 1, 0, 0
11503, 17219529, 1, 0, 0
11604, 13567073, 1, 0, 0
11702, 11287765, 1, 0, 0
11806, 15783901, 1, 0, 0
11913, 17425637, 1, 0, 0
12000, 25400392, 1, 0, 0
12111, 24073811, 1, 0, 0
12200, 16252085, 1, 0, 0
12302, 10193099, 1, 0, 0
12424, 13599556, 1, 0, 0
12504, 12423438, 1, 0, 0
12605, 9845881, 1, 0, 0
12717, 19844367, 1, 0, 0
12805, 19145263, 1, 0, 0
12901, 17600960, 1, 0, 0
13004, 17423660, 1, 0, 0
13109, 19850291, 1, 0, 0
13200, 15466099, 1, 0, 0
13306, 15595647, 1, 0, 0
13405, 17420808, 1, 0, 0
13512, 21943958, 1, 0, 0
13617, 11133290, 1, 0, 0
13700, 12583042, 1, 0, 0
13801, 14767296, 1, 0, 0
13900, 21529446, 1, 0, 0
14006, 16941545, 1, 0, 0
14101, 15468768, 1, 0, 0
14209, 16005066, 1, 0, 0
14300, 12799969, 1, 0, 0
14405, 16360269, 1, 0, 0
14503, 16303004, 1, 0, 0
14613, 25799602, 1, 0, 0
14703, 26233085, 1, 0, 0
14803, 22379222, 1, 0, 0
14911, 19908591, 1, 0, 0
15002, 31471429, 1, 0, 0
15103, 18614937, 1, 0, 0
15206, 16271581, 1, 0, 0
15303, 15932713, 1, 0, 0
15422, 17378660, 1, 0, 0
15502, 13671802, 1, 0, 0
15604, 15081832, 1, 0, 0
15739, 50159509, 1, 0, 0
15814, 51526845, 1, 0, 0
15909, 27744816, 1, 0, 0
16004, 34830148, 1, 0, 0
16101, 23748024, 1, 0, 0
16209, 37516626, 1, 0, 0
16305, 42951606, 1, 0, 0
16416, 27369099, 1, 0, 0
16504, 48136886, 1, 0, 0
16614, 35026853, 1, 0, 0
16701, 49160219, 1, 0, 0
16810, 33726888, 1, 0, 0
16920, 31032878, 1, 0, 0
17002, 26712939, 1, 0, 0
17101, 31959122, 1, 0, 0
17208, 13475791, 1, 0, 0
17303, 20828785, 1, 0, 0
17407, 19004229, 1, 0, 0
17502, 17407172, 1, 0, 0
17604, 16085962, 1, 0, 0
17703, 18587082, 1, 0, 0
17810, 16843928, 1, 0, 0
17903, 16017490, 1, 0, 0
18014, 12234545, 1, 0, 0
18100, 17044991, 1, 0, 0
18202, 21597438, 1, 0, 0
18304, 19246582, 1, 0, 0
18418, 22982185, 1, 0, 0
18509, 23968382, 1, 0, 0
18619, 24405370, 1, 0, 0
18702, 37021899, 1, 0, 0
18814, 45030650, 1, 0, 0
18911, 49232287, 1, 0, 0
19005, 55677304, 1, 0, 0
19105, 30380640, 1, 0, 0
19215, 35770944, 1, 0, 0
19300, 38650311, 1, 0, 0
19407, 34105503, 1, 0, 0
19517, 36892329, 1, 0, 0
19615, 31861647, 1, 0, 0
19705, 30083842, 1, 0, 0
19810, 32992344, 1, 0, 0
19902, 46192415, 1, 0, 0
20002, 28684533, 1, 0, 0
20111, 27807534, 1, 0, 0
20200, 17910221, 1, 0, 0
20305, 17015797, 1, 0, 0
20400, 12299824, 1, 0, 0
20504, 16493405, 1, 0, 0
20600, 14843129, 1, 0, 0
20701, 13505881, 1, 0, 0
20807, 17597766, 1, 0, 0
20900, 19231604, 1, 0, 0
21003, 12771274, 1, 0, 0
21111, 19266181, 1, 0, 0
21205, 17263517, 1, 0, 0
21312, 16252426, 1, 0, 0
21408, 20697726, 1, 0, 0
21501, 18993181, 1, 0, 0
21606, 16867434, 1, 0, 0
21706, 16763847, 1, 0, 0
21803, 17337904, 1, 0, 0
21903, 16558640, 1, 0, 0
22014, 17061223, 1, 0, 0
22100, 14135484, 1, 0, 0
22203, 15668994, 1, 0, 0
22305, 22043288, 1, 0, 0
22413, 26603886, 1, 0, 0
22504, 25448923, 1, 0, 0
22602, 13900659, 1, 0, 0
22709, 15472312, 1, 0, 0
22813, 14150348, 1, 0, 0
22903, 17157078, 1, 0, 0
23015, 21664269, 1, 0, 0
23104, 19196429, 1, 0, 0
23207, 26480331, 1, 0, 0
23300, 18482059, 1, 0, 0
23411, 20287900, 1, 0, 0
23508, 25782830, 1, 0, 0
23611, 25469637, 1, 0, 0
23701, 26685323, 1, 0, 0
23806, 22451799, 1, 0, 0
23914, 16508979, 1, 0, 0
24000, 20793893, 1, 0, 0
24104, 18028957, 1, 0, 0
24211, 20042363, 1, 0, 0
24304, 13646704, 1, 0, 0
24409, 18214378, 1, 0, 0
24510, 15642081, 1, 0, 0
24605, 17538004, 1, 0, 0
24713, 19653008, 1, 0, 0
24800, 22125159, 1, 0, 0
24901, 16398744, 1, 0, 0
25004, 21308826, 1, 0, 0
25109, 20599673, 1, 0, 0
25210, 27243590, 1, 0, 0
25326, 20895621, 1, 0, 0
25410, 26503263, 1, 0, 0
25500, 31920435, 1, 0, 0
25604, 24596770, 1, 0, 0
25706, 41424887, 1, 0, 0
25811, 27804573, 1, 0, 0
25915, 30190542, 1, 0, 0
26011, 39596460, 1, 0, 0
26118, 24005033, 1, 0, 0
26209, 28492528, 1, 0, 0
26304, 29613367, 1, 0, 0
26410, 28469401, 1, 0, 0
26513, 26561291, 1, 0, 0
26602, 26506429, 1, 0, 0
26705, 29024494, 1, 0, 0
26802, 35391553, 1, 0, 0
26905, 23321100, 1, 0, 0
27018, 25149317, 1, 0, 0
27108, 18890510, 1, 0, 0
27200, 24282083, 1, 0, 0
27304, 23729410, 1, 0, 0
27405, 21744705, 1, 0, 0
27501, 19038255, 1, 0, 0
27608, 19714742, 1, 0, 0
27701, 27699598, 1, 0, 0
27801, 20087480, 1, 0, 0
27917, 15248899, 1, 0, 0
28000, 12920930, 1, 0, 0
28104, 12204864, 1, 0, 0
28200, 11793791, 1, 0, 0
28300, 15278897, 1, 0, 0
28400, 15402948, 1, 0, 0
28501, 12136257, 1, 0, 0
28612, 11375503, 1, 0, 0
28705, 14063431, 1, 0, 0
28802, 17632579, 1, 0, 0
28902, 13127736, 1, 0, 0
29021, 16196927, 1, 0, 0
29100, 19430593, 1, 0, 0
29202, 13776218, 1, 0, 0
29302, 13219732, 1, 0, 0
29419, 13286573, 1, 0, 0
29504, 16681949, 1, 0, 0
29604, 20306535, 1, 0, 0
29701, 17907154, 1, 0, 0
29810, 22921069, 1, 0, 0
29900, 18785888, 1, 0, 0
30010, 19794747, 1, 0, 0
30100, 14973866, 1, 0, 0
30200, 22608024, 1, 0, 0
30302, 18521243, 1, 0, 0
30401, 21946308, 1, 0, 0
30507, 21553347, 1, 0, 0
30601, 25855062, 1, 0, 0
30700, 18174631, 1, 0, 0
30807, 14132435, 1, 0, 0
30913, 14632426, 1, 0, 0
31002, 17999891, 1, 0, 0
31108, 19404799, 1, 0, 0
31201, 15897704, 1, 0, 0
31312, 26020070, 1, 0, 0
31401, 18686286, 1, 0, 0
31508, 15429056, 1, 0, 0
31600, 12229958, 1, 0, 0
31711, 13901507, 1, 0, 0
31807, 11080172, 1, 0, 0
31901, 10771669, 1, 0, 0
32001, 14502872, 1, 0, 0
32118, 15185104, 1, 0, 0
32212, 15121079, 1, 0, 0
32306, 16955692, 1, 0, 0
32410, 15348140, 1, 0, 0
32513, 17267719, 1, 0, 0
32614, 16686477, 1, 0, 0
32703, 28070278, 1, 0, 0
32816, 26372662, 1, 0, 0
32914, 26912811, 1, 0, 0
33007, 21520949, 1, 0, 0
33103, 30234340, 1, 0, 0
33202, 24868663, 1, 0, 0
33313, 26610522, 1, 0, 0
33407, 23538448, 1, 0, 0
33511, 20877712, 1, 0, 0
33607, 14307509, 1, 0, 0
33701, 22905540, 1, 0, 0
33803, 17109211, 1, 0, 0
33904, 18287423, 1, 0, 0
34004, 16201730, 1, 0, 0
34101, 20210039, 1, 0, 0
34205, 21874103, 1, 0, 0
34315, 29769113, 1, 0, 0
34401, 24402267, 1, 0, 0
34500, 19251606, 1, 0, 0
34612, 18337833, 1, 0, 0
34701, 21572290, 1, 0, 0
34810, 15990789, 1, 0, 0
34904, 22060047, 1, 0, 0
35025, 16403415, 1, 0, 0
35110, 22604025, 1, 0, 0
35204, 25896752, 1, 0, 0
35300, 16688327, 1, 0, 0
35408, 17289398, 1, 0, 0
35507, 19565823, 1, 0, 0
35601, 17507362, 1, 0, 0
35704, 16346604, 1, 0, 0
35813, 15754540, 1, 0, 0
35907, 17201603, 1, 0, 0
36007, 20342203, 1, 0, 0
36104, 60613585, 1, 0, 0
36245, 41984873, 1, 0, 0
36300, 56614129, 1, 0, 0
36436, 31257629, 1, 0, 0
36521, 50371552, 1, 0, 0
36640, 30367814, 1, 0, 0
36712, 51580774, 1, 0, 0
36804, 37894943, 1, 0, 0
36912, 59293379, 1, 0, 0
37034, 52830810, 1, 0, 0
37136, 51966963, 1, 0, 0
37253, 58185984, 1, 0, 0
37307, 59564850, 1, 0, 0
37418, 45958757, 1, 0, 0
37502, 47218102, 1, 0, 0
37602, 31890906, 1, 0, 0
37715, 36131533, 1, 0, 0
37802, 55353605, 1, 0, 0
37904, 27580323, 1, 0, 0
38024, 22857767, 1, 0, 0
38111, 42772479, 1, 0, 0
38210, 32545557, 1, 0, 0
38316, 19175765, 1, 0, 0
38413, 26352198, 1, 0, 0
38513, 37254407, 1, 0, 0
38600, 28185590, 1, 0, 0
38701, 24737441, 1, 0, 0
38809, 17304391, 1, 0, 0
38904, 16979375, 1, 0, 0
39000, 10271849, 1, 0, 0
39101, 15006472, 1, 0, 0
39203, 9656549, 1, 0, 0
39308, 12326014, 1, 0, 0
39407, 12717359, 1, 0, 0
39507, 21943346, 1, 0, 0
39602, 24120605, 1, 0, 0
39708, 20795232, 1, 0, 0
39820, 21913049, 1, 0, 0
39902, 30032720, 1, 0, 0
40014, 23972374, 1, 0, 0
40113, 16449069, 1, 0, 0
40201, 19891797, 1, 0, 0
40302, 26269070, 1, 0, 0
40404, 22088930, 1, 0, 0
40500, 18682891, 1, 0, 0
40601, 15451022, 1, 0, 0
40714, 12542370, 1, 0, 0
40800, 12541532, 1, 0, 0
40908, 16881188, 1, 0, 0
41015, 30606009, 1, 0, 0
41108, 22879886, 1, 0, 0
41201, 10236593, 1, 0, 0
41305, 10284631, 1, 0, 0
41409, 11857486, 1, 0, 0
41500, 11624484, 1, 0, 0
41617, 13671736, 1, 0, 0
41706, 18988627, 1, 0, 0
41803, 16841771, 1, 0, 0
41913, 17913226, 1, 0, 0
42000, 14512994, 1, 0, 0
42108, 13202875, 1, 0, 0
42201, 14304207, 1, 0, 0
42309, 23304824, 1, 0, 0
42407, 15510918, 1, 0, 0
42519, 20468291, 1, 0, 0
42603, 19290911, 1, 0, 0
42705, 19539570, 1, 0, 0
42800, 16124855, 1, 0, 0
42901, 19379078, 1, 0, 0
43012, 16708726, 1, 0, 0
43117, 26280176, 1, 0, 0
43202, 40536686, 1, 0, 0
43300, 51361309, 1, 0, 0
43416, 40556310, 1, 0, 0
43504, 48978843, 1, 0, 0
43605, 40793826, 1, 0, 0
43700, 27406880, 1, 0, 0
43819, 32440538, 1, 0, 0
43916, 30478061, 1, 0, 0
44000, 27566166, 1, 0, 0
44114, 30379157, 1, 0, 0
44206, 24394551, 1, 0, 0
44309, 22579396, 1, 0, 0
44405, 20355002, 1, 0, 0
44522, 18266927, 1, 0, 0
44606, 17035888, 1, 0, 0
44709, 12704398, 1, 0, 0
44813, 17908444, 1, 0, 0
44904, 24483602, 1, 0, 0
45000, 19651341, 1, 0, 0
45119, 16415863, 1, 0, 0
45211, 15333227, 1, 0, 0
45313, 22497813, 1, 0, 0
45401, 28887123, 1, 0, 0
45506, 34777941, 1, 0, 0
45608, 25534864, 1, 0, 0
45702, 30787167, 1, 0, 0
45807, 37708591, 1, 0, 0
45902, 35655270, 1, 0, 0
46003, 29605885, 1, 0, 0
46111, 26045963, 1, 0, 0
46222, 34982991, 1, 0, 0
46304, 25173326, 1, 0, 0
46401, 32471178, 1, 0, 0
46502, 28981761, 1, 0, 0
46604, 36803816, 1, 0, 0
46739, 28026332, 1, 0, 0
46816, 44912207, 1, 0, 0
46901, 34463767, 1, 0, 0
47013, 32235626, 1, 0, 0
47101, 27794900, 1, 0, 0
47230, 32764564, 1, 0, 0
47325, 32256916, 1, 0, 0
47400, 38020045, 1, 0, 0
47511, 33776280, 1, 0, 0
47606, 33371578, 1, 0, 0
47701, 33928594, 1, 0, 0
47825, 19807612, 1, 0, 0
47903, 19855706, 1, 0, 0
48015, 22015721, 1, 0, 0
48101, 26505118, 1, 0, 0
48200, 29578749, 1, 0, 0
48310, 29271940, 1, 0, 0
48403, 26609064, 1, 0, 0
48503, 18318705, 1, 0, 0
48610, 20011966, 1, 0, 0
48704, 19131171, 1, 0, 0
48806, 26963846, 1, 0, 0
48906, 19283191, 1, 0, 0
49014, 18880124, 1, 0, 0
49108, 43197993, 1, 0, 0
49214, 39153067, 1, 0, 0
49316, 42669697, 1, 0, 0
49410, 31413226, 1, 0, 0
49506, 32816202, 1, 0, 0
49605, 36819705, 1, 0, 0
49700, 44450816, 1, 0, 0
49804, 27699226, 1, 0, 0
49911, 27839218, 1, 0, 0
50004, 27826428, 1, 0, 0
50103, 29924725, 1, 0, 0
50202, 23548790, 1, 0, 0
50311, 19376298, 1, 0, 0
50428, 22653786, 1, 0, 0
50505, 28642012, 1, 0, 0
50602, 23789882, 1, 0, 0
50709, 35978957, 1, 0, 0
50825, 34505991, 1, 0, 0
50907, 29970468, 1, 0, 0
51016, 27102983, 1, 0, 0
51104, 24097349, 1, 0, 0
51202, 27931628, 1, 0, 0
51305, 27456955, 1, 0, 0
51416, 30478145, 1, 0, 0
51518, 29610340, 1, 0, 0
51615, 29614578, 1, 0, 0
51702, 26845030, 1, 0, 0
51800, 30609156, 1, 0, 0
51906, 36465778, 1, 0, 0
52020, 20423145, 1, 0, 0
52117, 18993396, 1, 0, 0
52200, 28453385, 1, 0, 0
52303, 28645489, 1, 0, 0
52405, 14570090, 1, 0, 0
52501, 19528070, 1, 0, 0
52602, 16498790, 1, 0, 0
52703, 15641718, 1, 0, 0
52802, 15528692, 1, 0, 0
52901, 12065774, 1, 0, 0
53003, 20504087, 1, 0, 0
53105, 27524353, 1, 0, 0
53200, 27640583, 1, 0, 0
53305, 22798712, 1, 0, 0
53401, 25617948, 1, 0, 0
53505, 30905838, 1, 0, 0
53600, 25593713, 1, 0, 0
53700, 30027745, 1, 0, 0
53814, 38489585, 1, 0, 0
53901, 38530713, 1, 0, 0
54009, 31827488, 1, 0, 0
54107, 42341135, 1, 0, 0
54200, 12127288, 1, 0, 0
54300, 4306791, 1, 0, 0
54404, 5378033, 1, 0, 0
54501, 11711209, 1, 0, 0
54600, 10797780, 1, 0, 0
54700, 8916295, 1, 0, 0
54802, 8607453, 1, 0, 0
54903, 13658666, 1, 0, 0
55031, 18517242, 1, 0, 0
55108, 22171195, 1, 0, 0
55203, 22973825, 1, 0, 0
55300, 15646425, 1, 0, 0
55410, 18107671, 1, 0, 0
55501, 18474275, 1, 0, 0
55611, 21918708, 1, 0, 0
55709, 60800232, 1, 0, 0
55803, 65474429, 1, 0, 0
55906, 51795617, 1, 0, 0
56006, 62498034, 1, 0, 0
56119, 65193297, 1, 0, 0
56230, 46639846, 1, 0, 0
56310, 55442801, 1, 0, 0
56418, 25596921, 1, 0, 0
56501, 30012481, 1, 0, 0
56606, 14630654, 1, 0, 0
56703, 12170725, 1, 0, 0
56805, 12856053, 1, 0, 0
56910, 11834052, 1, 0, 0
57000, 12265320, 1, 0, 0
57111, 11449688, 1, 0, 0
57204, 25448203, 1, 0, 0
57302, 27465722, 1, 0, 0
57412, 17914526, 1, 0, 0
57508, 22886780, 1, 0, 0
57618, 33670905, 1, 0, 0
57707, 24280965, 1, 0, 0
57815, 26579222, 1, 0, 0
57915, 26541246, 1, 0, 0
58016, 51028092, 1, 0, 0
58115, 32433713, 1, 0, 0
58223, 39064267, 1, 0, 0
58329, 33468342, 1, 0, 0
58411, 34062370, 1, 0, 0
58515, 30197859, 1, 0, 0
58611, 25561727, 1, 0, 0
58702, 25686381, 1, 0, 0
58801, 26745294, 1, 0, 0
58902, 25267611, 1, 0, 0
59024, 31144016, 1, 0, 0
59124, 27124316, 1, 0, 0
59204, 30687217, 1, 0, 0
59318, 25773573, 1, 0, 0
59401, 29448892, 1, 0, 0
59510, 29461259, 1, 0, 0
59609, 18158688, 1, 0, 0
59708, 21923563, 1, 0, 0
59808, 13874575, 1, 0, 0
59909, 17520809, 1, 0, 0
60000, 16452595, 1, 0, 0
60011, 16340152, 1, 0, 0
