100, 147066, 0, 0, 0
200, 145799, 0, 0, 0
300, 141250, 0, 0, 0
400, 135164, 0, 0, 0
500, 199749, 0, 0, 0
600, 167313, 0, 0, 0
700, 123969, 0, 0, 0
800, 131639, 0, 0, 0
900, 154057, 0, 0, 0
1000, 123990, 0, 0, 0
1100, 126622, 0, 0, 0
1200, 136827, 0, 0, 0
1300, 145653, 0, 0, 0
1400, 155804, 0, 0, 0
1500, 138783, 0, 0, 0
1600, 128085, 0, 0, 0
1700, 145650, 0, 0, 0
1800, 150961, 0, 0, 0
1900, 137352, 0, 0, 0
2000, 139434, 0, 0, 0
2100, 137031, 0, 0, 0
2200, 135201, 0, 0, 0
2300, 135903, 0, 0, 0
2400, 128511, 0, 0, 0
2500, 134866, 0, 0, 0
2600, 156422, 0, 0, 0
2700, 146916, 0, 0, 0
2800, 136562, 0, 0, 0
2900, 153271, 0, 0, 0
3000, 142441, 0, 0, 0
3100, 138030, 0, 0, 0
3200, 142787, 0, 0, 0
3300, 132787, 0, 0, 0
3400, 145947, 0, 0, 0
3500, 211393, 0, 0, 0
3600, 206721, 0, 0, 0
3700, 122964, 0, 0, 0
3800, 137834, 0, 0, 0
3900, 161116, 0, 0, 0
4000, 149832, 0, 0, 0
4100, 152198, 0, 0, 0
4200, 150006, 0, 0, 0
4300, 152362, 0, 0, 0
4400, 136479, 0, 0, 0
4500, 122936, 0, 0, 0
4600, 124774, 0, 0, 0
4700, 145244, 0, 0, 0
4800, 148390, 0, 0, 0
4900, 209123, 0, 0, 0
5000, 217173, 0, 0, 0
5100, 138652, 0, 0, 0
5200, 122678, 0, 0, 0
5300, 133093, 0, 0, 0
5400, 122086, 0, 0, 0
5500, 135535, 0, 0, 0
5600, 134769, 0, 0, 0
5700, 135927, 0, 0, 0
5800, 132245, 0, 0, 0
5900, 150208, 0, 0, 0
6000, 154878, 0, 0, 0
6100, 145814, 0, 0, 0
6200, 159598, 0, 0, 0
6300, 133404, 0, 0, 0
6400, 135459, 0, 0, 0
6500, 162129, 0, 0, 0
6600, 171396, 0, 0, 0
6700, 132851, 0, 0, 0
6800, 129879, 0, 0, 0
6900, 142038, 0, 0, 0
7000, 124365, 0, 0, 0
7100, 138350, 0, 0, 0
7200, 152717, 0, 0, 0
7300, 124814, 0, 0, 0
7400, 131209, 0, 0, 0
7500, 135122, 0, 0, 0
7600, 150102, 0, 0, 0
7700, 141154, 0, 0, 0
7800, 147313, 0, 0, 0
7900, 121759, 0, 0, 0
8000, 122333, 0, 0, 0
8100, 147266, 0, 0, 0
8200, 152284, 0, 0, 0
8300, 153940, 0, 0, 0
8400, 158424, 0, 0, 0
8500, 132453, 0, 0, 0
8600, 148333, 0, 0, 0
8700, 142803, 0, 0, 0
8800, 170845, 0, 0, 0
8900, 173383, 0, 0, 0
9000, 131272, 0, 0, 0
9100, 137344, 0, 0, 0
9200, 146671, 0, 0, 0
9300, 142964, 0, 0, 0
9400, 131433, 0, 0, 0
9500, 140759, 0, 0, 0
9600, 136600, 0, 0, 0
9700, 133537, 0, 0, 0
9800, 122559, 0, 0, 0
9900, 133051, 0, 0, 0
10000, 135322, 0, 0, 0
10100, 159785, 0, 0, 0
10200, 158449, 0, 0, 0
10300, 137991, 0, 0, 0
10400, 125085, 0, 0, 0
10500, 145545, 0, 0, 0
10600, 159159, 0, 0, 0
10700, 131902, 0, 0, 0
10800, 139811, 0, 0, 0
10900, 143523, 0, 0, 0
11000, 143008, 0, 0, 0
11100, 170804, 0, 0, 0
11200, 169724, 0, 0, 0
11300, 151426, 0, 0, 0
11400, 136217, 0, 0, 0
11500, 132583, 0, 0, 0
11600, 171112, 0, 0, 0
11700, 187295, 0, 0, 0
11800, 137577, 0, 0, 0
11900, 126667, 0, 0, 0
12000, 128866, 0, 0, 0
12100, 133846, 0, 0, 0
12200, 143339, 0, 0, 0
12300, 145385, 0, 0, 0
12400, 146999, 0, 0, 0
12500, 128020, 0, 0, 0
12600, 126611, 0, 0, 0
12700, 131415, 0, 0, 0
12800, 132222, 0, 0, 0
12900, 135898, 0, 0, 0
13000, 137420, 0, 0, 0
13100, 156159, 0, 0, 0
13200, 134058, 0, 0, 0
13300, 122131, 0, 0, 0
13400, 127015, 0, 0, 0
13500, 127737, 0, 0, 0
13600, 144975, 0, 0, 0
13700, 162019, 0, 0, 0
13800, 141373, 0, 0, 0
13900, 136679, 0, 0, 0
14000, 198292, 0, 0, 0
14100, 185861, 0, 0, 0
14200, 136267, 0, 0, 0
14300, 128891, 0, 0, 0
14400, 142311, 0, 0, 0
14500, 167209, 0, 0, 0
14600, 154705, 0, 0, 0
14700, 137753, 0, 0, 0
14800, 132522, 0, 0, 0
14900, 147719, 0, 0, 0
15000, 139914, 0, 0, 0
15100, 130567, 0, 0, 0
15200, 133832, 0, 0, 0
15300, 136776, 0, 0, 0
15400, 139955, 0, 0, 0
15500, 152465, 0, 0, 0
15600, 138393, 0, 0, 0
15700, 130783, 0, 0, 0
15800, 161985, 0, 0, 0
15900, 167915, 0, 0, 0
16000, 151398, 0, 0, 0
16100, 149909, 0, 0, 0
16200, 152492, 0, 0, 0
16300, 144648, 0, 0, 0
16400, 137084, 0, 0, 0
16500, 138611, 0, 0, 0
16600, 188476, 0, 0, 0
16700, 166724, 0, 0, 0
16800, 156295, 0, 0, 0
16900, 147792, 0, 0, 0
17000, 139040, 0, 0, 0
17100, 129923, 0, 0, 0
17200, 132245, 0, 0, 0
17300, 130060, 0, 0, 0
17400, 129662, 0, 0, 0
17500, 133160, 0, 0, 0
17600, 165505, 0, 0, 0
17700, 157239, 0, 0, 0
17800, 140725, 0, 0, 0
17900, 139816, 0, 0, 0
18000, 130803, 0, 0, 0
18100, 154940, 0, 0, 0
18200, 134381, 0, 0, 0
18300, 127775, 0, 0, 0
18400, 165386, 0, 0, 0
18500, 147060, 0, 0, 0
18600, 132477, 0, 0, 0
18700, 211482, 0, 0, 0
18800, 201590, 0, 0, 0
18900, 141683, 0, 0, 0
19000, 147974, 0, 0, 0
19100, 182226, 0, 0, 0
19200, 149280, 0, 0, 0
19300, 133143, 0, 0, 0
19400, 140491, 0, 0, 0
19500, 166943, 0, 0, 0
19600, 186177, 0, 0, 0
19700, 176384, 0, 0, 0
19800, 146718, 0, 0, 0
19900, 196486, 0, 0, 0
20000, 197573, 0, 0, 0
20100, 131012, 0, 0, 0
20200, 130860, 0, 0, 0
20300, 143614, 0, 0, 0
20400, 153748, 0, 0, 0
20500, 137637, 0, 0, 0
20600, 134986, 0, 0, 0
20700, 151956, 0, 0, 0
20800, 146076, 0, 0, 0
20900, 152122, 0, 0, 0
21000, 153120, 0, 0, 0
21100, 175422, 0, 0, 0
21200, 207178, 0, 0, 0
21300, 187049, 0, 0, 0
21400, 124951, 0, 0, 0
21500, 137275, 0, 0, 0
21600, 159503, 0, 0, 0
21700, 154660, 0, 0, 0
21800, 150461, 0, 0, 0
21900, 135719, 0, 0, 0
22000, 181916, 0, 0, 0
22100, 170362, 0, 0, 0
22200, 140793, 0, 0, 0
22300, 167606, 0, 0, 0
22400, 132529, 0, 0, 0
22500, 123268, 0, 0, 0
22600, 141787, 0, 0, 0
22700, 159677, 0, 0, 0
22800, 135517, 0, 0, 0
22900, 153172, 0, 0, 0
23000, 147845, 0, 0, 0
23100, 135512, 0, 0, 0
23200, 140193, 0, 0, 0
23300, 147679, 0, 0, 0
23400, 144371, 0, 0, 0
23500, 143199, 0, 0, 0
23600, 147575, 0, 0, 0
23700, 137455, 0, 0, 0
23800, 151423, 0, 0, 0
23900, 172560, 0, 0, 0
24000, 194246, 0, 0, 0
24100, 182964, 0, 0, 0
24200, 134184, 0, 0, 0
24300, 137385, 0, 0, 0
24400, 134924, 0, 0, 0
24500, 162678, 0, 0, 0
24600, 129151, 0, 0, 0
24700, 124412, 0, 0, 0
24800, 124406, 0, 0, 0
24900, 128707, 0, 0, 0
25000, 129676, 0, 0, 0
25100, 130116, 0, 0, 0
25200, 131657, 0, 0, 0
25300, 172596, 0, 0, 0
25400, 169656, 0, 0, 0
25500, 136362, 0, 0, 0
25600, 140868, 0, 0, 0
25700, 131157, 0, 0, 0
25800, 126182, 0, 0, 0
25900, 127736, 0, 0, 0
26000, 136609, 0, 0, 0
26100, 134340, 0, 0, 0
26200, 132311, 0, 0, 0
26300, 140545, 0, 0, 0
26400, 131657, 0, 0, 0
26500, 129509, 0, 0, 0
26600, 130173, 0, 0, 0
26700, 126674, 0, 0, 0
26800, 138984, 0, 0, 0
26900, 158971, 0, 0, 0
27000, 144305, 0, 0, 0
27100, 132751, 0, 0, 0
27200, 134478, 0, 0, 0
27300, 137806, 0, 0, 0
27400, 138631, 0, 0, 0
27500, 127718, 0, 0, 0
27600, 116943, 0, 0, 0
27700, 141947, 0, 0, 0
27800, 156774, 0, 0, 0
27900, 145136, 0, 0, 0
28000, 134576, 0, 0, 0
28100, 132552, 0, 0, 0
28200, 176393, 0, 0, 0
28300, 166264, 0, 0, 0
28400, 204804, 0, 0, 0
28500, 193122, 0, 0, 0
28600, 121534, 0, 0, 0
28700, 125914, 0, 0, 0
28800, 142299, 0, 0, 0
28900, 162977, 0, 0, 0
29000, 144942, 0, 0, 0
29100, 137071, 0, 0, 0
29200, 135187, 0, 0, 0
29300, 152949, 0, 0, 0
29400, 148497, 0, 0, 0
29500, 164525, 0, 0, 0
29600, 161021, 0, 0, 0
29700, 146486, 0, 0, 0
29800, 124247, 0, 0, 0
29900, 132507, 0, 0, 0
30000, 138989, 0, 0, 0
30100, 174911, 0, 0, 0
30200, 170725, 0, 0, 0
30300, 123396, 0, 0, 0
30400, 145462, 0, 0, 0
30500, 139248, 0, 0, 0
30600, 128210, 0, 0, 0
30700, 137467, 0, 0, 0
30800, 145078, 0, 0, 0
30900, 149375, 0, 0, 0
31000, 131358, 0, 0, 0
31100, 123588, 0, 0, 0
31200, 131311, 0, 0, 0
31300, 150284, 0, 0, 0
31400, 140180, 0, 0, 0
31500, 138517, 0, 0, 0
31600, 130899, 0, 0, 0
31700, 135998, 0, 0, 0
31800, 130850, 0, 0, 0
31900, 140298, 0, 0, 0
32000, 137250, 0, 0, 0
32100, 174911, 0, 0, 0
32200, 150265, 0, 0, 0
32300, 124084, 0, 0, 0
32400, 138618, 0, 0, 0
32500, 145768, 0, 0, 0
32600, 122395, 0, 0, 0
32700, 143453, 0, 0, 0
32800, 132511, 0, 0, 0
32900, 135114, 0, 0, 0
33000, 150284, 0, 0, 0
33100, 157176, 0, 0, 0
33200, 133480, 0, 0, 0
33300, 131871, 0, 0, 0
33400, 137066, 0, 0, 0
33500, 157265, 0, 0, 0
33600, 139469, 0, 0, 0
33700, 138540, 0, 0, 0
33800, 129353, 0, 0, 0
33900, 128264, 0, 0, 0
34000, 140358, 0, 0, 0
34100, 154634, 0, 0, 0
34200, 132276, 0, 0, 0
34300, 139338, 0, 0, 0
34400, 150254, 0, 0, 0
34500, 149834, 0, 0, 0
34600, 152739, 0, 0, 0
34700, 148194, 0, 0, 0
34800, 176293, 0, 0, 0
34900, 189804, 0, 0, 0
35000, 190772, 0, 0, 0
35100, 147499, 0, 0, 0
35200, 133624, 0, 0, 0
35300, 130957, 0, 0, 0
35400, 130650, 0, 0, 0
35500, 128116, 0, 0, 0
35600, 143461, 0, 0, 0
35700, 166664, 0, 0, 0
35800, 193989, 0, 0, 0
35900, 160510, 0, 0, 0
36000, 139165, 0, 0, 0
36100, 154598, 0, 0, 0
36200, 147774, 0, 0, 0
36300, 136550, 0, 0, 0
36400, 128516, 0, 0, 0
36500, 130200, 0, 0, 0
36600, 132892, 0, 0, 0
36700, 129623, 0, 0, 0
36800, 138213, 0, 0, 0
36900, 145112, 0, 0, 0
37000, 132748, 0, 0, 0
37100, 136145, 0, 0, 0
37200, 146510, 0, 0, 0
37300, 188932, 0, 0, 0
37400, 199997, 0, 0, 0
37500, 202700, 0, 0, 0
37600, 188534, 0, 0, 0
37700, 154632, 0, 0, 0
37800, 161818, 0, 0, 0
37900, 151541, 0, 0, 0
38000, 141004, 0, 0, 0
38100, 147219, 0, 0, 0
38200, 148481, 0, 0, 0
38300, 146700, 0, 0, 0
38400, 142303, 0, 0, 0
38500, 147875, 0, 0, 0
38600, 150329, 0, 0, 0
38700, 149625, 0, 0, 0
38800, 135002, 0, 0, 0
38900, 134613, 0, 0, 0
39000, 125757, 0, 0, 0
39100, 131205, 0, 0, 0
39200, 134550, 0, 0, 0
39300, 164377, 0, 0, 0
39400, 192359, 0, 0, 0
39500, 153479, 0, 0, 0
39600, 149394, 0, 0, 0
39700, 144722, 0, 0, 0
39800, 136830, 0, 0, 0
39900, 136599, 0, 0, 0
40000, 134393, 0, 0, 0
40100, 131825, 0, 0, 0
40200, 152857, 0, 0, 0
40300, 201397, 0, 0, 0
40400, 182302, 0, 0, 0
40500, 142431, 0, 0, 0
40600, 138618, 0, 0, 0
40700, 132856, 0, 0, 0
40800, 123520, 0, 0, 0
40900, 122730, 0, 0, 0
41000, 125232, 0, 0, 0
41100, 127418, 0, 0, 0
41200, 124418, 0, 0, 0
41300, 130522, 0, 0, 0
41400, 130920, 0, 0, 0
41500, 160296, 0, 0, 0
41600, 131012, 0, 0, 0
41700, 128865, 0, 0, 0
41800, 122537, 0, 0, 0
41900, 125130, 0, 0, 0
42000, 126798, 0, 0, 0
42100, 129413, 0, 0, 0
42200, 136497, 0, 0, 0
42300, 149973, 0, 0, 0
42400, 136144, 0, 0, 0
42500, 138428, 0, 0, 0
42600, 155785, 0, 0, 0
42700, 140144, 0, 0, 0
42800, 148181, 0, 0, 0
42900, 154253, 0, 0, 0
43000, 137927, 0, 0, 0
43100, 127125, 0, 0, 0
43200, 137298, 0, 0, 0
43300, 152194, 0, 0, 0
43400, 169951, 0, 0, 0
43500, 217720, 0, 0, 0
43600, 187897, 0, 0, 0
43700, 119419, 0, 0, 0
43800, 134932, 0, 0, 0
43900, 142659, 0, 0, 0
44000, 130938, 0, 0, 0
44100, 138484, 0, 0, 0
44200, 134590, 0, 0, 0
44300, 129854, 0, 0, 0
44400, 135663, 0, 0, 0
44500, 137121, 0, 0, 0
44600, 160945, 0, 0, 0
44700, 150136, 0, 0, 0
44800, 178913, 0, 0, 0
44900, 202297, 0, 0, 0
45000, 181723, 0, 0, 0
45100, 147580, 0, 0, 0
45200, 132495, 0, 0, 0
45300, 134623, 0, 0, 0
45400, 157585, 0, 0, 0
45500, 146270, 0, 0, 0
45600, 136584, 0, 0, 0
45700, 152958, 0, 0, 0
45800, 185736, 0, 0, 0
45900, 181300, 0, 0, 0
46000, 183998, 0, 0, 0
46100, 186860, 0, 0, 0
46200, 166866, 0, 0, 0
46300, 173954, 0, 0, 0
46400, 152356, 0, 0, 0
46500, 236519, 0, 0, 0
46600, 233946, 0, 0, 0
46700, 233886, 0, 0, 0
46800, 235490, 0, 0, 0
46900, 234794, 0, 0, 0
47000, 245143, 0, 0, 0
47100, 246404, 0, 0, 0
47200, 239597, 0, 0, 0
47300, 243386, 0, 0, 0
47400, 239363, 0, 0, 0
47500, 246311, 0, 0, 0
47600, 236120, 0, 0, 0
47700, 232139, 0, 0, 0
47800, 248109, 0, 0, 0
47900, 266017, 0, 0, 0
48000, 251378, 0, 0, 0
48100, 241392, 0, 0, 0
48200, 251218, 0, 0, 0
48300, 235273, 0, 0, 0
48400, 232162, 0, 0, 0
48500, 247661, 0, 0, 0
48600, 245728, 0, 0, 0
48700, 225264, 0, 0, 0
48800, 233161, 0, 0, 0
48900, 235259, 0, 0, 0
49000, 229746, 0, 0, 0
49100, 241296, 0, 0, 0
49200, 237935, 0, 0, 0
49300, 242036, 0, 0, 0
49400, 229404, 0, 0, 0
49500, 236086, 0, 0, 0
49600, 234903, 0, 0, 0
49700, 237054, 0, 0, 0
49800, 249676, 0, 0, 0
49900, 250379, 0, 0, 0
50000, 259594, 0, 0, 0
50100, 227267, 0, 0, 0
50200, 234684, 0, 0, 0
50300, 236325, 0, 0, 0
50400, 223199, 0, 0, 0
50500, 232448, 0, 0, 0
50600, 229376, 0, 0, 0
50700, 229235, 0, 0, 0
50800, 240669, 0, 0, 0
50900, 240049, 0, 0, 0
51000, 235353, 0, 0, 0
51100, 247861, 0, 0, 0
51200, 287156, 0, 0, 0
51300, 249369, 0, 0, 0
51400, 236961, 0, 0, 0
51500, 241526, 0, 0, 0
51600, 249118, 0, 0, 0
51700, 253312, 0, 0, 0
51800, 238515, 0, 0, 0
51900, 245838, 0, 0, 0
52000, 250560, 0, 0, 0
52100, 240040, 0, 0, 0
52200, 226838, 0, 0, 0
52300, 242396, 0, 0, 0
52400, 253210, 0, 0, 0
52500, 233701, 0, 0, 0
52600, 231555, 0, 0, 0
52700, 232185, 0, 0, 0
52800, 233699, 0, 0, 0
52900, 239628, 0, 0, 0
53000, 244424, 0, 0, 0
53100, 247871, 0, 0, 0
53200, 234426, 0, 0, 0
53300, 236458, 0, 0, 0
53400, 246914, 0, 0, 0
53500, 252997, 0, 0, 0
53600, 245947, 0, 0, 0
53700, 229353, 0, 0, 0
53800, 248173, 0, 0, 0
53900, 234464, 0, 0, 0
54000, 229739, 0, 0, 0
54100, 231667, 0, 0, 0
54200, 244794, 0, 0, 0
54300, 242155, 0, 0, 0
54400, 248724, 0, 0, 0
54500, 259241, 0, 0, 0
54600, 246364, 0, 0, 0
54700, 259371, 0, 0, 0
54800, 253260, 0, 0, 0
54900, 239285, 0, 0, 0
55000, 242971, 0, 0, 0
55100, 237543, 0, 0, 0
55200, 235261, 0, 0, 0
55300, 238944, 0, 0, 0
55400, 234148, 0, 0, 0
55500, 238335, 0, 0, 0
55600, 242947, 0, 0, 0
55700, 234211, 0, 0, 0
55800, 244595, 0, 0, 0
55900, 241783, 0, 0, 0
56000, 235458, 0, 0, 0
56100, 229506, 0, 0, 0
56200, 249002, 0, 0, 0
56300, 235999, 0, 0, 0
56400, 228495, 0, 0, 0
56500, 231416, 0, 0, 0
56600, 237911, 0, 0, 0
56700, 230049, 0, 0, 0
56800, 224897, 0, 0, 0
56900, 228934, 0, 0, 0
57000, 231823, 0, 0, 0
57100, 239712, 0, 0, 0
57200, 225066, 0, 0, 0
57300, 228054, 0, 0, 0
57400, 246381, 0, 0, 0
57500, 241462, 0, 0, 0
57600, 240373, 0, 0, 0
57700, 256478, 0, 0, 0
57800, 254430, 0, 0, 0
57900, 229599, 0, 0, 0
58000, 233985, 0, 0, 0
58100, 233547, 0, 0, 0
58200, 249212, 0, 0, 0
58300, 254501, 0, 0, 0
58400, 251799, 0, 0, 0
58500, 246062, 0, 0, 0
58600, 253796, 0, 0, 0
58700, 243936, 0, 0, 0
58800, 247539, 0, 0, 0
58900, 237921, 0, 0, 0
59000, 236986, 0, 0, 0
59100, 244448, 0, 0, 0
59200, 239285, 0, 0, 0
59300, 236811, 0, 0, 0
59400, 231215, 0, 0, 0
59500, 236359, 0, 0, 0
59600, 233250, 0, 0, 0
59700, 229718, 0, 0, 0
59800, 241972, 0, 0, 0
59900, 272075, 0, 0, 0
60000, 250764, 0, 0, 0
60100, 247867, 0, 0, 0
60200, 243227, 0, 0, 0
60300, 221827, 0, 0, 0
60400, 230488, 0, 0, 0
60500, 246279, 0, 0, 0
60600, 235422, 0, 0, 0
60700, 246838, 0, 0, 0
60800, 243575, 0, 0, 0
60900, 245554, 0, 0, 0
61000, 237778, 0, 0, 0
61100, 245696, 0, 0, 0
61200, 235320, 0, 0, 0
61300, 247669, 0, 0, 0
61400, 253693, 0, 0, 0
61500, 241442, 0, 0, 0
61600, 235309, 0, 0, 0
61700, 240092, 0, 0, 0
61800, 237918, 0, 0, 0
61900, 222410, 0, 0, 0
62000, 233694, 0, 0, 0
62100, 227841, 0, 0, 0
62200, 224087, 0, 0, 0
62300, 252946, 0, 0, 0
62400, 235812, 0, 0, 0
62500, 238499, 0, 0, 0
62600, 242960, 0, 0, 0
62700, 231047, 0, 0, 0
62800, 225152, 0, 0, 0
62900, 247379, 0, 0, 0
63000, 238126, 0, 0, 0
63100, 239854, 0, 0, 0
63200, 263946, 0, 0, 0
63300, 245706, 0, 0, 0
63400, 228211, 0, 0, 0
63500, 233765, 0, 0, 0
63600, 232804, 0, 0, 0
63700, 221566, 0, 0, 0
63800, 236224, 0, 0, 0
63900, 242349, 0, 0, 0
64000, 241398, 0, 0, 0
64100, 233533, 0, 0, 0
64200, 260557, 0, 0, 0
64300, 250710, 0, 0, 0
64400, 243089, 0, 0, 0
64500, 240540, 0, 0, 0
64600, 228250, 0, 0, 0
64700, 234815, 0, 0, 0
64800, 238002, 0, 0, 0
64900, 236899, 0, 0, 0
65000, 232300, 0, 0, 0
65100, 230421, 0, 0, 0
65200, 236423, 0, 0, 0
65300, 235326, 0, 0, 0
65400, 226364, 0, 0, 0
65500, 248779, 0, 0, 0
65600, 230849, 0, 0, 0
65700, 242025, 0, 0, 0
65800, 237298, 0, 0, 0
65900, 236765, 0, 0, 0
66000, 232139, 0, 0, 0
66100, 234481, 0, 0, 0
66200, 234973, 0, 0, 0
66300, 228422, 0, 0, 0
66400, 236690, 0, 0, 0
66500, 241043, 0, 0, 0
66600, 246400, 0, 0, 0
66700, 270398, 0, 0, 0
66800, 234079, 0, 0, 0
66900, 245685, 0, 0, 0
67000, 251818, 0, 0, 0
67100, 234766, 0, 0, 0
67200, 239821, 0, 0, 0
67300, 236622, 0, 0, 0
67400, 226384, 0, 0, 0
67500, 238406, 0, 0, 0
67600, 240480, 0, 0, 0
67700, 229511, 0, 0, 0
67800, 241944, 0, 0, 0
67900, 234482, 0, 0, 0
68000, 234793, 0, 0, 0
68100, 230417, 0, 0, 0
68200, 224182, 0, 0, 0
68300, 232199, 0, 0, 0
68400, 237701, 0, 0, 0
68500, 247380, 0, 0, 0
68600, 229862, 0, 0, 0
68700, 242655, 0, 0, 0
68800, 246587, 0, 0, 0
68900, 232672, 0, 0, 0
69000, 239469, 0, 0, 0
69100, 250656, 0, 0, 0
69200, 241917, 0, 0, 0
69300, 237198, 0, 0, 0
69400, 248414, 0, 0, 0
69500, 242955, 0, 0, 0
69600, 225159, 0, 0, 0
69700, 223242, 0, 0, 0
69800, 253708, 0, 0, 0
69900, 239270, 0, 0, 0
70000, 235479, 0, 0, 0
70100, 247909, 0, 0, 0
70200, 249787, 0, 0, 0
70300, 236857, 0, 0, 0
70400, 237533, 0, 0, 0
70500, 235071, 0, 0, 0
70600, 226340, 0, 0, 0
70700, 230863, 0, 0, 0
70800, 221516, 0, 0, 0
70900, 218858, 0, 0, 0
71000, 233321, 0, 0, 0
71100, 238522, 0, 0, 0
71200, 242658, 0, 0, 0
71300, 231776, 0, 0, 0
71400, 234407, 0, 0, 0
71500, 237853, 0, 0, 0
71600, 255430, 0, 0, 0
71700, 234068, 0, 0, 0
71800, 248653, 0, 0, 0
71900, 246805, 0, 0, 0
72000, 236705, 0, 0, 0
72100, 237613, 0, 0, 0
72200, 229540, 0, 0, 0
72300, 225453, 0, 0, 0
72400, 226485, 0, 0, 0
72500, 236645, 0, 0, 0
72600, 227340, 0, 0, 0
72700, 224067, 0, 0, 0
72800, 253629, 0, 0, 0
72900, 259784, 0, 0, 0
73000, 237261, 0, 0, 0
73100, 235204, 0, 0, 0
73200, 250858, 0, 0, 0
73300, 232025, 0, 0, 0
73400, 231079, 0, 0, 0
73500, 256951, 0, 0, 0
73600, 251450, 0, 0, 0
73700, 228332, 0, 0, 0
73800, 241153, 0, 0, 0
73900, 252485, 0, 0, 0
74000, 238574, 0, 0, 0
74100, 242848, 0, 0, 0
74200, 246647, 0, 0, 0
74300, 244465, 0, 0, 0
74400, 232774, 0, 0, 0
74500, 249300, 0, 0, 0
74600, 229303, 0, 0, 0
74700, 228027, 0, 0, 0
74800, 236615, 0, 0, 0
74900, 233056, 0, 0, 0
75000, 229977, 0, 0, 0
75100, 239861, 0, 0, 0
75200, 244050, 0, 0, 0
75300, 258439, 0, 0, 0
75400, 232055, 0, 0, 0
75500, 228203, 0, 0, 0
75600, 224133, 0, 0, 0
75700, 225041, 0, 0, 0
75800, 224079, 0, 0, 0
75900, 228632, 0, 0, 0
76000, 227300, 0, 0, 0
76100, 235084, 0, 0, 0
76200, 243952, 0, 0, 0
76300, 240320, 0, 0, 0
76400, 244759, 0, 0, 0
76500, 238807, 0, 0, 0
76600, 231301, 0, 0, 0
76700, 241484, 0, 0, 0
76800, 231380, 0, 0, 0
76900, 237124, 0, 0, 0
77000, 229783, 0, 0, 0
77100, 224454, 0, 0, 0
77200, 238394, 0, 0, 0
77300, 240982, 0, 0, 0
77400, 245240, 0, 0, 0
77500, 232091, 0, 0, 0
77600, 230745, 0, 0, 0
77700, 239946, 0, 0, 0
77800, 220405, 0, 0, 0
77900, 233665, 0, 0, 0
78000, 231490, 0, 0, 0
78100, 235694, 0, 0, 0
78200, 239072, 0, 0, 0
78300, 252461, 0, 0, 0
78400, 253765, 0, 0, 0
78500, 247337, 0, 0, 0
78600, 241347, 0, 0, 0
78700, 245365, 0, 0, 0
78800, 245695, 0, 0, 0
78900, 246145, 0, 0, 0
79000, 234932, 0, 0, 0
79100, 258132, 0, 0, 0
79200, 247791, 0, 0, 0
79300, 234883, 0, 0, 0
79400, 238984, 0, 0, 0
79500, 237041, 0, 0, 0
79600, 248054, 0, 0, 0
79700, 239906, 0, 0, 0
79800, 237219, 0, 0, 0
79900, 250127, 0, 0, 0
80000, 251579, 0, 0, 0
80100, 232515, 0, 0, 0
80200, 239249, 0, 0, 0
80300, 235849, 0, 0, 0
80400, 235969, 0, 0, 0
80500, 243092, 0, 0, 0
80600, 224783, 0, 0, 0
80700, 240015, 0, 0, 0
80800, 237965, 0, 0, 0
80900, 235538, 0, 0, 0
81000, 223335, 0, 0, 0
81100, 226794, 0, 0, 0
81200, 238501, 0, 0, 0
81300, 231969, 0, 0, 0
81400, 233275, 0, 0, 0
81500, 240173, 0, 0, 0
81600, 235615, 0, 0, 0
81700, 237764, 0, 0, 0
81800, 223860, 0, 0, 0
81900, 237415, 0, 0, 0
82000, 232280, 0, 0, 0
82100, 238628, 0, 0, 0
82200, 241674, 0, 0, 0
82300, 240917, 0, 0, 0
82400, 250467, 0, 0, 0
82500, 246453, 0, 0, 0
82600, 246317, 0, 0, 0
82700, 240841, 0, 0, 0
82800, 243865, 0, 0, 0
82900, 242512, 0, 0, 0
83000, 234536, 0, 0, 0
83100, 250027, 0, 0, 0
83200, 246547, 0, 0, 0
83300, 247657, 0, 0, 0
83400, 245454, 0, 0, 0
83500, 254987, 0, 0, 0
83600, 251293, 0, 0, 0
83700, 233310, 0, 0, 0
83800, 232719, 0, 0, 0
83900, 234308, 0, 0, 0
84000, 227243, 0, 0, 0
84100, 235220, 0, 0, 0
84200, 229696, 0, 0, 0
84300, 237717, 0, 0, 0
84400, 246006, 0, 0, 0
84500, 234111, 0, 0, 0
84600, 236450, 0, 0, 0
84700, 229264, 0, 0, 0
84800, 238274, 0, 0, 0
84900, 251480, 0, 0, 0
85000, 244256, 0, 0, 0
85100, 236933, 0, 0, 0
85200, 232968, 0, 0, 0
85300, 220552, 0, 0, 0
85400, 226316, 0, 0, 0
85500, 237964, 0, 0, 0
85600, 228700, 0, 0, 0
85700, 234630, 0, 0, 0
85800, 246651, 0, 0, 0
85900, 246258, 0, 0, 0
86000, 231740, 0, 0, 0
86100, 237807, 0, 0, 0
86200, 235488, 0, 0, 0
86300, 234503, 0, 0, 0
86400, 235168, 0, 0, 0
86500, 229733, 0, 0, 0
86600, 236337, 0, 0, 0
86700, 252710, 0, 0, 0
86800, 238095, 0, 0, 0
86900, 230905, 0, 0, 0
87000, 234726, 0, 0, 0
87100, 235351, 0, 0, 0
87200, 234716, 0, 0, 0
87300, 236715, 0, 0, 0
87400, 236548, 0, 0, 0
87500, 237805, 0, 0, 0
87600, 236049, 0, 0, 0
87700, 233433, 0, 0, 0
87800, 219557, 0, 0, 0
87900, 243270, 0, 0, 0
88000, 236965, 0, 0, 0
88100, 236194, 0, 0, 0
88200, 227266, 0, 0, 0
88300, 234496, 0, 0, 0
88400, 234586, 0, 0, 0
88500, 246684, 0, 0, 0
88600, 230365, 0, 0, 0
88700, 227077, 0, 0, 0
88800, 242517, 0, 0, 0
88900, 238766, 0, 0, 0
89000, 233862, 0, 0, 0
89100, 235950, 0, 0, 0
89200, 226422, 0, 0, 0
89300, 235363, 0, 0, 0
89400, 219503, 0, 0, 0
89500, 228990, 0, 0, 0
89600, 229196, 0, 0, 0
89700, 248865, 0, 0, 0
89800, 240064, 0, 0, 0
89900, 233534, 0, 0, 0
90000, 231059, 0, 0, 0
