250, 36240, 1, 0, 0
350, 30560, 1, 0, 0
450, 45800, 1, 0, 0
550, 34200, 1, 0, 0
650, 44120, 1, 0, 0
749, 43717, 1, 0, 0
849, 38720, 1, 0, 0
949, 44640, 1, 0, 0
1050, 47280, 1, 0, 0
1150, 52480, 1, 0, 0
1249, 23838, 1, 0, 0
1349, 46240, 1, 0, 0
1449, 51160, 1, 0, 0
1549, 38080, 1, 0, 0
1649, 49880, 1, 0, 0
1749, 46760, 1, 0, 0
1849, 43720, 1, 0, 0
1950, 44840, 1, 0, 0
2050, 30000, 1, 0, 0
2150, 44520, 1, 0, 0
2249, 39393, 1, 0, 0
2349, 28000, 1, 0, 0
2449, 24680, 1, 0, 0
2549, 37560, 1, 0, 0
2649, 46760, 1, 0, 0
2749, 37760, 1, 0, 0
2849, 48840, 1, 0, 0
2949, 50080, 1, 0, 0
3050, 38800, 1, 0, 0
3150, 48800, 1, 0, 0
3249, 46262, 1, 0, 0
3349, 45200, 1, 0, 0
3449, 50720, 1, 0, 0
3549, 41400, 1, 0, 0
3649, 52160, 1, 0, 0
3749, 49280, 1, 0, 0
3849, 41800, 1, 0, 0
3949, 45520, 1, 0, 0
4050, 44720, 1, 0, 0
4150, 49440, 1, 0, 0
4249, 44363, 1, 0, 0
4349, 30680, 1, 0, 0
4449, 31040, 1, 0, 0
4549, 48920, 1, 0, 0
4649, 42120, 1, 0, 0
4749, 40800, 1, 0, 0
4849, 48840, 1, 0, 0
4949, 40440, 1, 0, 0
5050, 38280, 1, 0, 0
5150, 44400, 1, 0, 0
5249, 32484, 1, 0, 0
5349, 47000, 1, 0, 0
5449, 34960, 1, 0, 0
5549, 44240, 1, 0, 0
5649, 31760, 1, 0, 0
5749, 42240, 1, 0, 0
5849, 47240, 1, 0, 0
5949, 38040, 1, 0, 0
6050, 41160, 1, 0, 0
6150, 49160, 1, 0, 0
6249, 42141, 1, 0, 0
6349, 35680, 1, 0, 0
6449, 46440, 1, 0, 0
6549, 47200, 1, 0, 0
6649, 47600, 1, 0, 0
6749, 50600, 1, 0, 0
6849, 47080, 1, 0, 0
6949, 38000, 1, 0, 0
7050, 41680, 1, 0, 0
7150, 37720, 1, 0, 0
7249, 34060, 1, 0, 0
7349, 39640, 1, 0, 0
7449, 41760, 1, 0, 0
7549, 46440, 1, 0, 0
7649, 41720, 1, 0, 0
7749, 34880, 1, 0, 0
7849, 46040, 1, 0, 0
7949, 42440, 1, 0, 0
8050, 51000, 1, 0, 0
8150, 39560, 1, 0, 0
8249, 41818, 1, 0, 0
8349, 36040, 1, 0, 0
8449, 29480, 1, 0, 0
8549, 43520, 1, 0, 0
8649, 22520, 1, 0, 0
8749, 39000, 1, 0, 0
8849, 38080, 1, 0, 0
8949, 41040, 1, 0, 0
9050, 37120, 1, 0, 0
9150, 37440, 1, 0, 0
9249, 48040, 1, 0, 0
9349, 40000, 1, 0, 0
9449, 30560, 1, 0, 0
9549, 44440, 1, 0, 0
9649, 49400, 1, 0, 0
9749, 54120, 1, 0, 0
9849, 49560, 1, 0, 0
9949, 45480, 1, 0, 0
10050, 48040, 1, 0, 0
10150, 46160, 1, 0, 0
10249, 42181, 1, 0, 0
10349, 51480, 1, 0, 0
10449, 35760, 1, 0, 0
10549, 39280, 1, 0, 0
10649, 32280, 1, 0, 0
10749, 32960, 1, 0, 0
10849, 45080, 1, 0, 0
10949, 48640, 1, 0, 0
11050, 36760, 1, 0, 0
11150, 41360, 1, 0, 0
11249, 48161, 1, 0, 0
11349, 36160, 1, 0, 0
11449, 41000, 1, 0, 0
11549, 40120, 1, 0, 0
11649, 43760, 1, 0, 0
11749, 43280, 1, 0, 0
11849, 50480, 1, 0, 0
11949, 41120, 1, 0, 0
12050, 42360, 1, 0, 0
12150, 41480, 1, 0, 0
12249, 44969, 1, 0, 0
12349, 20320, 1, 0, 0
12449, 41880, 1, 0, 0
12549, 44640, 1, 0, 0
12649, 44720, 1, 0, 0
12749, 45280, 1, 0, 0
12849, 51600, 1, 0, 0
12949, 50360, 1, 0, 0
13050, 45560, 1, 0, 0
13150, 41360, 1, 0, 0
13249, 41454, 1, 0, 0
13349, 43360, 1, 0, 0
13449, 39040, 1, 0, 0
13549, 42880, 1, 0, 0
13649, 42840, 1, 0, 0
13749, 36240, 1, 0, 0
13849, 32960, 1, 0, 0
13949, 39520, 1, 0, 0
14050, 41320, 1, 0, 0
14150, 41440, 1, 0, 0
14249, 41050, 1, 0, 0
14349, 42520, 1, 0, 0
14449, 38000, 1, 0, 0
14549, 34280, 1, 0, 0
14649, 50320, 1, 0, 0
14749, 34120, 1, 0, 0
14849, 48640, 1, 0, 0
14949, 43840, 1, 0, 0
15050, 34680, 1, 0, 0
15150, 39240, 1, 0, 0
15249, 42707, 1, 0, 0
15349, 39040, 1, 0, 0
15449, 43320, 1, 0, 0
15549, 38800, 1, 0, 0
15649, 43200, 1, 0, 0
15749, 50400, 1, 0, 0
15849, 45000, 1, 0, 0
15949, 41960, 1, 0, 0
16050, 51840, 1, 0, 0
16150, 42040, 1, 0, 0
16249, 45171, 1, 0, 0
16349, 40480, 1, 0, 0
16449, 50480, 1, 0, 0
16549, 44120, 1, 0, 0
16649, 42640, 1, 0, 0
16749, 20440, 1, 0, 0
16849, 42200, 1, 0, 0
16950, 42600, 1, 0, 0
17050, 47240, 1, 0, 0
17150, 48560, 1, 0, 0
17249, 39515, 1, 0, 0
17349, 42920, 1, 0, 0
17449, 38800, 1, 0, 0
17549, 17480, 1, 0, 0
17649, 48960, 1, 0, 0
17749, 39680, 1, 0, 0
17849, 48680, 1, 0, 0
17949, 47960, 1, 0, 0
18050, 28960, 1, 0, 0
18150, 34680, 1, 0, 0
18249, 56282, 1, 0, 0
18349, 35320, 1, 0, 0
18449, 30520, 1, 0, 0
18549, 36120, 1, 0, 0
18649, 44480, 1, 0, 0
18749, 38080, 1, 0, 0
18849, 43720, 1, 0, 0
18950, 39360, 1, 0, 0
19050, 38480, 1, 0, 0
19150, 40320, 1, 0, 0
19249, 42626, 1, 0, 0
19349, 38520, 1, 0, 0
19449, 38880, 1, 0, 0
19549, 37080, 1, 0, 0
19649, 38000, 1, 0, 0
19749, 36320, 1, 0, 0
19850, 32160, 1, 0, 0
19950, 42440, 1, 0, 0
20050, 44560, 1, 0, 0
20150, 39640, 1, 0, 0
20249, 41333, 1, 0, 0
20349, 45920, 1, 0, 0
20449, 45760, 1, 0, 0
20549, 49760, 1, 0, 0
20649, 43840, 1, 0, 0
20749, 34480, 1, 0, 0
20850, 30520, 1, 0, 0
20950, 53200, 1, 0, 0
21050, 43800, 1, 0, 0
21150, 39400, 1, 0, 0
21249, 49454, 1, 0, 0
21349, 41040, 1, 0, 0
21449, 32520, 1, 0, 0
21549, 38840, 1, 0, 0
21649, 42840, 1, 0, 0
21749, 48080, 1, 0, 0
21850, 41520, 1, 0, 0
21950, 50160, 1, 0, 0
22050, 43800, 1, 0, 0
22150, 40960, 1, 0, 0
22249, 48242, 1, 0, 0
22349, 41040, 1, 0, 0
22449, 33040, 1, 0, 0
22549, 36720, 1, 0, 0
22649, 44840, 1, 0, 0
22750, 49160, 1, 0, 0
22850, 35520, 1, 0, 0
22950, 45840, 1, 0, 0
23050, 45960, 1, 0, 0
23150, 44080, 1, 0, 0
23249, 39676, 1, 0, 0
23349, 44680, 1, 0, 0
23449, 47760, 1, 0, 0
23549, 45720, 1, 0, 0
23649, 49560, 1, 0, 0
23750, 42520, 1, 0, 0
23850, 41400, 1, 0, 0
23950, 48240, 1, 0, 0
24050, 34520, 1, 0, 0
24150, 36160, 1, 0, 0
24249, 46383, 1, 0, 0
24349, 44720, 1, 0, 0
24449, 39400, 1, 0, 0
24550, 42120, 1, 0, 0
24650, 33160, 1, 0, 0
24749, 40121, 1, 0, 0
24849, 35920, 1, 0, 0
24949, 48240, 1, 0, 0
25049, 49960, 1, 0, 0
25149, 35680, 1, 0, 0
25249, 45320, 1, 0, 0
25349, 45160, 1, 0, 0
25449, 44200, 1, 0, 0
25550, 43160, 1, 0, 0
25650, 23520, 1, 0, 0
25749, 43878, 1, 0, 0
25849, 42680, 1, 0, 0
25949, 46200, 1, 0, 0
26049, 41120, 1, 0, 0
26149, 47240, 1, 0, 0
26249, 44120, 1, 0, 0
26349, 41920, 1, 0, 0
26449, 49080, 1, 0, 0
26549, 43480, 1, 0, 0
26649, 47680, 1, 0, 0
26750, 38040, 1, 0, 0
26850, 46680, 1, 0, 0
26950, 41520, 1, 0, 0
27050, 36040, 1, 0, 0
27150, 35760, 1, 0, 0
27249, 56444, 1, 0, 0
27349, 49680, 1, 0, 0
27449, 36320, 1, 0, 0
27549, 41760, 1, 0, 0
27649, 47800, 1, 0, 0
27750, 43760, 1, 0, 0
27850, 37120, 1, 0, 0
27950, 44280, 1, 0, 0
28050, 46240, 1, 0, 0
28150, 37200, 1, 0, 0
28249, 44202, 1, 0, 0
28349, 49600, 1, 0, 0
28449, 42360, 1, 0, 0
28549, 39440, 1, 0, 0
28650, 11680, 1, 0, 0
28749, 29939, 1, 0, 0
28849, 37920, 1, 0, 0
28949, 42840, 1, 0, 0
29049, 43760, 1, 0, 0
29149, 43400, 1, 0, 0
29249, 40760, 1, 0, 0
29349, 49400, 1, 0, 0
29449, 42080, 1, 0, 0
29550, 38920, 1, 0, 0
29650, 37800, 1, 0, 0
29749, 33979, 1, 0, 0
29849, 29440, 1, 0, 0
29949, 43280, 1, 0, 0
30049, 39320, 1, 0, 0
30149, 43200, 1, 0, 0
30249, 42120, 1, 0, 0
30349, 36400, 1, 0, 0
30449, 49840, 1, 0, 0
30549, 54400, 1, 0, 0
30650, 43000, 1, 0, 0
30749, 29535, 1, 0, 0
30849, 39160, 1, 0, 0
30949, 36960, 1, 0, 0
31049, 35360, 1, 0, 0
31149, 48640, 1, 0, 0
31249, 42960, 1, 0, 0
31349, 45720, 1, 0, 0
31449, 39600, 1, 0, 0
31550, 29680, 1, 0, 0
31650, 35080, 1, 0, 0
31749, 20242, 1, 0, 0
31849, 43200, 1, 0, 0
31949, 46560, 1, 0, 0
32049, 48240, 1, 0, 0
32149, 44960, 1, 0, 0
32249, 39200, 1, 0, 0
32349, 38680, 1, 0, 0
32449, 47680, 1, 0, 0
32550, 46680, 1, 0, 0
32650, 45200, 1, 0, 0
32749, 44323, 1, 0, 0
32849, 43800, 1, 0, 0
32949, 36960, 1, 0, 0
33049, 46840, 1, 0, 0
33149, 40160, 1, 0, 0
33249, 41280, 1, 0, 0
33349, 20280, 1, 0, 0
33449, 46280, 1, 0, 0
33550, 33880, 1, 0, 0
33650, 50400, 1, 0, 0
33749, 39272, 1, 0, 0
33849, 42920, 1, 0, 0
33949, 39320, 1, 0, 0
34049, 38840, 1, 0, 0
34149, 39120, 1, 0, 0
34249, 42800, 1, 0, 0
34349, 36360, 1, 0, 0
34449, 39440, 1, 0, 0
34550, 34040, 1, 0, 0
34650, 44600, 1, 0, 0
34749, 42181, 1, 0, 0
34849, 40960, 1, 0, 0
34949, 30120, 1, 0, 0
35049, 51160, 1, 0, 0
35149, 33280, 1, 0, 0
35249, 46640, 1, 0, 0
35349, 39360, 1, 0, 0
35449, 48040, 1, 0, 0
35550, 43920, 1, 0, 0
35650, 45960, 1, 0, 0
35749, 40121, 1, 0, 0
35849, 45840, 1, 0, 0
35949, 37120, 1, 0, 0
36049, 39560, 1, 0, 0
36149, 49840, 1, 0, 0
36249, 53320, 1, 0, 0
36349, 50480, 1, 0, 0
36449, 46040, 1, 0, 0
36549, 33840, 1, 0, 0
36650, 35200, 1, 0, 0
36750, 45360, 1, 0, 0
36850, 39800, 1, 0, 0
36950, 42680, 1, 0, 0
37050, 51040, 1, 0, 0
37150, 39480, 1, 0, 0
37249, 47111, 1, 0, 0
37349, 44920, 1, 0, 0
37449, 45800, 1, 0, 0
37550, 38040, 1, 0, 0
37650, 37520, 1, 0, 0
37749, 39595, 1, 0, 0
37849, 36000, 1, 0, 0
37949, 48240, 1, 0, 0
38049, 39960, 1, 0, 0
38149, 37040, 1, 0, 0
38249, 47600, 1, 0, 0
38349, 50160, 1, 0, 0
38449, 52040, 1, 0, 0
38550, 47360, 1, 0, 0
38650, 48640, 1, 0, 0
38749, 52161, 1, 0, 0
38849, 48640, 1, 0, 0
38949, 32320, 1, 0, 0
39049, 46680, 1, 0, 0
39149, 44720, 1, 0, 0
39249, 45720, 1, 0, 0
39349, 35800, 1, 0, 0
39449, 39520, 1, 0, 0
39550, 44080, 1, 0, 0
39650, 30080, 1, 0, 0
39749, 53616, 1, 0, 0
39849, 41160, 1, 0, 0
39949, 56120, 1, 0, 0
40049, 47000, 1, 0, 0
40149, 43640, 1, 0, 0
40249, 42920, 1, 0, 0
40349, 40200, 1, 0, 0
40449, 45880, 1, 0, 0
40550, 36680, 1, 0, 0
40650, 46480, 1, 0, 0
40749, 39434, 1, 0, 0
40849, 39000, 1, 0, 0
40949, 48080, 1, 0, 0
41049, 46600, 1, 0, 0
41149, 51640, 1, 0, 0
41249, 52120, 1, 0, 0
41349, 49440, 1, 0, 0
41449, 37160, 1, 0, 0
41550, 51720, 1, 0, 0
41650, 18760, 1, 0, 0
41749, 49818, 1, 0, 0
41849, 42920, 1, 0, 0
41949, 44160, 1, 0, 0
42049, 29000, 1, 0, 0
42149, 34600, 1, 0, 0
42249, 44240, 1, 0, 0
42349, 43400, 1, 0, 0
42449, 47640, 1, 0, 0
42550, 41040, 1, 0, 0
42650, 41160, 1, 0, 0
42749, 39232, 1, 0, 0
42849, 41480, 1, 0, 0
42949, 41920, 1, 0, 0
43049, 45600, 1, 0, 0
43149, 43440, 1, 0, 0
43249, 49480, 1, 0, 0
43349, 34840, 1, 0, 0
43449, 41440, 1, 0, 0
43550, 43880, 1, 0, 0
43650, 33000, 1, 0, 0
43749, 57131, 1, 0, 0
43849, 39240, 1, 0, 0
43949, 45400, 1, 0, 0
44049, 35640, 1, 0, 0
44149, 42400, 1, 0, 0
44249, 39120, 1, 0, 0
44349, 40800, 1, 0, 0
44449, 46080, 1, 0, 0
44550, 44800, 1, 0, 0
44650, 44040, 1, 0, 0
44749, 41979, 1, 0, 0
44849, 45560, 1, 0, 0
44949, 37120, 1, 0, 0
45049, 30680, 1, 0, 0
45149, 37560, 1, 0, 0
45249, 44720, 1, 0, 0
45349, 46640, 1, 0, 0
45449, 49000, 1, 0, 0
45550, 50080, 1, 0, 0
45650, 41200, 1, 0, 0
45749, 46464, 1, 0, 0
45849, 40080, 1, 0, 0
45949, 55000, 1, 0, 0
46049, 38760, 1, 0, 0
46149, 40240, 1, 0, 0
46249, 49000, 1, 0, 0
46349, 53080, 1, 0, 0
46449, 38680, 1, 0, 0
46550, 45200, 1, 0, 0
46650, 35800, 1, 0, 0
46749, 36040, 1, 0, 0
46849, 46600, 1, 0, 0
46949, 42600, 1, 0, 0
47049, 33880, 1, 0, 0
47149, 49280, 1, 0, 0
47249, 44920, 1, 0, 0
47349, 40880, 1, 0, 0
47449, 28120, 1, 0, 0
47550, 46720, 1, 0, 0
47650, 49960, 1, 0, 0
47749, 45939, 1, 0, 0
47849, 38320, 1, 0, 0
47949, 40520, 1, 0, 0
48049, 39440, 1, 0, 0
48149, 23440, 1, 0, 0
48249, 45400, 1, 0, 0
48349, 48440, 1, 0, 0
48449, 34680, 1, 0, 0
48550, 42240, 1, 0, 0
48650, 45800, 1, 0, 0
48749, 37979, 1, 0, 0
48849, 34720, 1, 0, 0
48949, 33240, 1, 0, 0
49049, 34680, 1, 0, 0
49149, 41200, 1, 0, 0
49249, 49920, 1, 0, 0
49349, 34120, 1, 0, 0
49449, 44600, 1, 0, 0
49550, 41680, 1, 0, 0
49650, 45360, 1, 0, 0
49749, 26989, 1, 0, 0
49849, 30040, 1, 0, 0
49949, 43480, 1, 0, 0
50049, 40320, 1, 0, 0
50149, 38040, 1, 0, 0
50249, 45440, 1, 0, 0
50349, 44680, 1, 0, 0
50449, 47600, 1, 0, 0
50550, 39800, 1, 0, 0
50650, 50400, 1, 0, 0
50749, 42828, 1, 0, 0
50849, 49640, 1, 0, 0
50949, 35280, 1, 0, 0
51049, 46160, 1, 0, 0
51149, 45960, 1, 0, 0
51249, 45000, 1, 0, 0
51349, 43640, 1, 0, 0
51449, 46240, 1, 0, 0
51550, 35000, 1, 0, 0
51650, 47320, 1, 0, 0
51749, 43878, 1, 0, 0
51849, 44040, 1, 0, 0
51949, 37400, 1, 0, 0
52049, 45200, 1, 0, 0
52149, 46200, 1, 0, 0
52249, 52640, 1, 0, 0
52349, 49200, 1, 0, 0
52449, 43960, 1, 0, 0
52550, 43360, 1, 0, 0
52650, 46120, 1, 0, 0
52749, 43434, 1, 0, 0
52849, 41200, 1, 0, 0
52949, 41840, 1, 0, 0
53049, 41800, 1, 0, 0
53149, 42680, 1, 0, 0
53249, 38800, 1, 0, 0
53349, 46040, 1, 0, 0
53449, 41680, 1, 0, 0
53549, 35360, 1, 0, 0
53650, 40600, 1, 0, 0
53749, 42707, 1, 0, 0
53849, 41600, 1, 0, 0
53949, 40360, 1, 0, 0
54049, 46480, 1, 0, 0
54149, 32840, 1, 0, 0
54249, 40680, 1, 0, 0
54349, 18840, 1, 0, 0
54449, 29000, 1, 0, 0
54549, 42840, 1, 0, 0
54649, 42840, 1, 0, 0
54750, 38320, 1, 0, 0
54850, 46120, 1, 0, 0
54950, 38360, 1, 0, 0
55050, 43880, 1, 0, 0
55150, 42360, 1, 0, 0
55249, 43434, 1, 0, 0
55349, 37560, 1, 0, 0
55449, 44360, 1, 0, 0
55549, 45760, 1, 0, 0
55650, 42800, 1, 0, 0
55749, 43717, 1, 0, 0
55849, 43600, 1, 0, 0
55949, 38000, 1, 0, 0
56049, 45760, 1, 0, 0
56149, 36360, 1, 0, 0
56249, 44640, 1, 0, 0
56349, 44320, 1, 0, 0
56449, 45200, 1, 0, 0
56549, 43880, 1, 0, 0
56650, 35120, 1, 0, 0
56750, 40480, 1, 0, 0
56850, 54280, 1, 0, 0
56950, 32040, 1, 0, 0
57050, 12120, 1, 0, 0
57150, 29920, 1, 0, 0
57249, 38343, 1, 0, 0
57349, 49000, 1, 0, 0
57449, 48840, 1, 0, 0
57549, 47000, 1, 0, 0
57649, 35200, 1, 0, 0
57750, 49680, 1, 0, 0
57850, 37800, 1, 0, 0
57950, 32480, 1, 0, 0
58050, 48840, 1, 0, 0
58150, 45480, 1, 0, 0
58249, 45171, 1, 0, 0
58349, 52480, 1, 0, 0
58449, 41720, 1, 0, 0
58549, 46040, 1, 0, 0
58649, 42840, 1, 0, 0
58750, 43800, 1, 0, 0
58850, 22800, 1, 0, 0
58950, 45720, 1, 0, 0
59050, 50360, 1, 0, 0
59150, 47800, 1, 0, 0
59249, 46545, 1, 0, 0
59349, 53720, 1, 0, 0
59449, 48760, 1, 0, 0
59549, 48680, 1, 0, 0
59649, 49320, 1, 0, 0
59750, 46200, 1, 0, 0
59850, 38680, 1, 0, 0
59950, 48240, 1, 0, 0
60050, 36400, 1, 0, 0
60150, 39080, 1, 0, 0
60249, 38747, 1, 0, 0
60349, 45720, 1, 0, 0
60449, 34080, 1, 0, 0
60549, 54560, 1, 0, 0
60649, 53080, 1, 0, 0
60750, 41320, 1, 0, 0
60850, 34880, 1, 0, 0
60950, 35040, 1, 0, 0
61050, 39840, 1, 0, 0
61150, 54760, 1, 0, 0
61249, 42585, 1, 0, 0
61349, 46640, 1, 0, 0
61449, 35440, 1, 0, 0
61549, 46240, 1, 0, 0
61649, 42040, 1, 0, 0
61749, 38280, 1, 0, 0
61850, 36320, 1, 0, 0
61950, 50080, 1, 0, 0
62050, 46760, 1, 0, 0
62150, 51080, 1, 0, 0
62249, 43353, 1, 0, 0
62349, 54880, 1, 0, 0
62449, 42080, 1, 0, 0
62549, 36080, 1, 0, 0
62649, 39960, 1, 0, 0
62749, 40280, 1, 0, 0
62850, 43120, 1, 0, 0
62950, 48320, 1, 0, 0
63050, 46240, 1, 0, 0
63150, 44080, 1, 0, 0
63249, 39232, 1, 0, 0
63349, 35400, 1, 0, 0
63449, 36640, 1, 0, 0
63549, 42200, 1, 0, 0
63649, 42880, 1, 0, 0
63749, 43280, 1, 0, 0
63849, 38160, 1, 0, 0
63950, 63320, 1, 0, 0
64050, 35760, 1, 0, 0
64150, 44200, 1, 0, 0
64249, 44646, 1, 0, 0
64349, 53680, 1, 0, 0
64449, 43080, 1, 0, 0
64549, 37480, 1, 0, 0
64649, 42680, 1, 0, 0
64749, 46720, 1, 0, 0
64850, 46400, 1, 0, 0
64950, 50720, 1, 0, 0
65050, 45240, 1, 0, 0
65150, 40960, 1, 0, 0
65249, 43070, 1, 0, 0
65349, 54640, 1, 0, 0
65449, 43800, 1, 0, 0
65549, 50120, 1, 0, 0
65649, 39280, 1, 0, 0
65749, 48000, 1, 0, 0
65849, 50360, 1, 0, 0
65950, 37880, 1, 0, 0
66050, 40960, 1, 0, 0
66150, 46240, 1, 0, 0
66249, 34383, 1, 0, 0
66349, 45160, 1, 0, 0
66449, 42600, 1, 0, 0
66549, 56000, 1, 0, 0
66649, 45840, 1, 0, 0
66749, 47400, 1, 0, 0
66849, 32880, 1, 0, 0
66950, 46320, 1, 0, 0
67050, 47520, 1, 0, 0
67150, 48560, 1, 0, 0
67249, 43272, 1, 0, 0
67349, 40320, 1, 0, 0
67449, 47960, 1, 0, 0
67549, 47080, 1, 0, 0
67649, 45840, 1, 0, 0
67749, 47640, 1, 0, 0
67850, 37080, 1, 0, 0
67950, 31200, 1, 0, 0
68050, 47680, 1, 0, 0
68150, 41480, 1, 0, 0
68249, 48282, 1, 0, 0
68349, 39520, 1, 0, 0
68449, 48600, 1, 0, 0
68549, 50280, 1, 0, 0
68649, 44160, 1, 0, 0
68749, 48520, 1, 0, 0
68850, 46000, 1, 0, 0
68950, 35720, 1, 0, 0
69050, 40000, 1, 0, 0
69150, 46400, 1, 0, 0
69249, 45656, 1, 0, 0
69349, 38600, 1, 0, 0
69449, 44200, 1, 0, 0
69549, 45440, 1, 0, 0
69649, 40480, 1, 0, 0
69749, 46160, 1, 0, 0
69849, 43640, 1, 0, 0
69950, 41520, 1, 0, 0
70050, 46160, 1, 0, 0
70150, 38560, 1, 0, 0
70249, 50828, 1, 0, 0
70349, 35560, 1, 0, 0
70449, 50400, 1, 0, 0
70549, 53720, 1, 0, 0
70649, 34360, 1, 0, 0
70749, 36760, 1, 0, 0
70849, 54200, 1, 0, 0
70950, 41040, 1, 0, 0
71050, 60720, 1, 0, 0
71150, 11560, 1, 0, 0
71249, 52444, 1, 0, 0
71349, 44760, 1, 0, 0
71449, 51720, 1, 0, 0
71549, 38400, 1, 0, 0
71649, 45480, 1, 0, 0
71749, 32800, 1, 0, 0
71850, 45120, 1, 0, 0
71950, 38800, 1, 0, 0
72050, 39960, 1, 0, 0
72150, 37320, 1, 0, 0
72249, 52282, 1, 0, 0
72349, 37000, 1, 0, 0
72449, 42360, 1, 0, 0
72549, 44080, 1, 0, 0
72649, 42440, 1, 0, 0
72749, 29080, 1, 0, 0
72850, 46280, 1, 0, 0
72950, 47400, 1, 0, 0
73050, 41600, 1, 0, 0
73150, 40800, 1, 0, 0
73249, 31797, 1, 0, 0
73349, 31640, 1, 0, 0
73449, 39440, 1, 0, 0
73549, 50120, 1, 0, 0
73649, 32280, 1, 0, 0
73749, 40160, 1, 0, 0
73850, 45400, 1, 0, 0
73950, 26280, 1, 0, 0
74050, 37120, 1, 0, 0
74150, 43120, 1, 0, 0
74249, 41616, 1, 0, 0
74349, 33320, 1, 0, 0
74449, 40640, 1, 0, 0
74549, 43000, 1, 0, 0
74649, 48480, 1, 0, 0
74749, 46760, 1, 0, 0
74850, 47440, 1, 0, 0
74950, 39600, 1, 0, 0
75050, 39520, 1, 0, 0
75150, 40000, 1, 0, 0
75249, 47111, 1, 0, 0
75349, 43880, 1, 0, 0
75449, 49600, 1, 0, 0
75549, 40040, 1, 0, 0
75649, 46440, 1, 0, 0
75750, 45160, 1, 0, 0
75850, 41080, 1, 0, 0
75950, 42560, 1, 0, 0
76050, 51520, 1, 0, 0
76150, 49760, 1, 0, 0
76249, 36161, 1, 0, 0
76349, 42080, 1, 0, 0
76449, 49440, 1, 0, 0
76549, 33160, 1, 0, 0
76649, 42760, 1, 0, 0
76750, 44880, 1, 0, 0
76850, 40800, 1, 0, 0
76950, 43200, 1, 0, 0
77050, 35120, 1, 0, 0
77150, 42280, 1, 0, 0
77249, 42747, 1, 0, 0
77349, 46760, 1, 0, 0
77449, 33440, 1, 0, 0
77549, 44840, 1, 0, 0
77649, 37760, 1, 0, 0
77750, 38120, 1, 0, 0
77850, 45960, 1, 0, 0
77950, 50240, 1, 0, 0
78050, 35520, 1, 0, 0
78150, 44760, 1, 0, 0
78249, 36767, 1, 0, 0
78349, 44760, 1, 0, 0
78449, 45280, 1, 0, 0
78549, 61240, 1, 0, 0
78649, 47600, 1, 0, 0
78749, 47440, 1, 0, 0
78850, 50440, 1, 0, 0
78950, 43080, 1, 0, 0
79050, 22760, 1, 0, 0
79150, 58960, 1, 0, 0
79249, 36363, 1, 0, 0
79349, 46520, 1, 0, 0
79449, 24040, 1, 0, 0
79549, 41360, 1, 0, 0
79649, 44800, 1, 0, 0
79749, 51920, 1, 0, 0
79849, 27280, 1, 0, 0
79949, 46920, 1, 0, 0
80050, 33760, 1, 0, 0
80150, 45280, 1, 0, 0
80249, 40040, 1, 0, 0
80349, 47200, 1, 0, 0
80449, 39280, 1, 0, 0
80549, 43680, 1, 0, 0
80649, 43320, 1, 0, 0
80749, 51160, 1, 0, 0
80849, 49560, 1, 0, 0
80949, 52880, 1, 0, 0
81050, 30400, 1, 0, 0
81150, 34200, 1, 0, 0
81249, 48282, 1, 0, 0
81349, 40840, 1, 0, 0
81449, 41640, 1, 0, 0
81549, 49440, 1, 0, 0
81649, 56040, 1, 0, 0
81749, 50600, 1, 0, 0
81849, 50240, 1, 0, 0
81949, 41160, 1, 0, 0
82050, 37160, 1, 0, 0
82150, 41560, 1, 0, 0
82249, 60848, 1, 0, 0
82349, 44000, 1, 0, 0
82449, 41560, 1, 0, 0
82549, 42440, 1, 0, 0
82649, 45720, 1, 0, 0
82749, 39280, 1, 0, 0
82849, 33200, 1, 0, 0
82949, 46360, 1, 0, 0
83049, 46680, 1, 0, 0
83150, 52680, 1, 0, 0
83249, 50545, 1, 0, 0
83349, 39400, 1, 0, 0
83449, 46960, 1, 0, 0
83549, 49000, 1, 0, 0
83649, 42320, 1, 0, 0
83749, 38360, 1, 0, 0
83849, 51840, 1, 0, 0
83949, 44960, 1, 0, 0
84050, 19520, 1, 0, 0
84150, 41440, 1, 0, 0
84249, 42303, 1, 0, 0
84349, 45400, 1, 0, 0
84449, 44800, 1, 0, 0
84549, 43640, 1, 0, 0
84649, 36560, 1, 0, 0
84749, 39440, 1, 0, 0
84849, 34600, 1, 0, 0
84949, 50000, 1, 0, 0
85050, 28920, 1, 0, 0
85150, 39720, 1, 0, 0
85249, 27757, 1, 0, 0
85349, 39880, 1, 0, 0
85449, 43800, 1, 0, 0
85549, 34200, 1, 0, 0
85649, 46400, 1, 0, 0
85749, 41360, 1, 0, 0
85849, 42240, 1, 0, 0
85949, 38680, 1, 0, 0
86050, 39880, 1, 0, 0
86150, 48840, 1, 0, 0
86249, 38545, 1, 0, 0
86349, 34640, 1, 0, 0
86449, 45120, 1, 0, 0
86549, 46800, 1, 0, 0
86649, 37040, 1, 0, 0
86749, 43120, 1, 0, 0
86849, 46600, 1, 0, 0
86949, 43800, 1, 0, 0
87049, 54800, 1, 0, 0
87150, 38280, 1, 0, 0
87250, 50560, 1, 0, 0
87350, 43840, 1, 0, 0
87450, 35040, 1, 0, 0
87550, 23440, 1, 0, 0
87650, 41000, 1, 0, 0
87749, 48484, 1, 0, 0
87849, 31600, 1, 0, 0
87949, 43280, 1, 0, 0
88049, 36760, 1, 0, 0
88150, 45800, 1, 0, 0
88250, 40400, 1, 0, 0
88350, 40640, 1, 0, 0
88450, 52080, 1, 0, 0
88550, 31080, 1, 0, 0
88650, 42640, 1, 0, 0
88749, 47838, 1, 0, 0
88849, 47560, 1, 0, 0
88949, 41200, 1, 0, 0
89049, 42520, 1, 0, 0
89149, 47920, 1, 0, 0
89250, 42760, 1, 0, 0
89350, 31360, 1, 0, 0
89450, 35440, 1, 0, 0
89550, 48480, 1, 0, 0
89650, 43680, 1, 0, 0
89749, 28929, 1, 0, 0
89849, 40920, 1, 0, 0
89949, 40560, 1, 0, 0
