100, 672214, 0, 0, 0
102, 1126083, 1, 0, 0
200, 625969, 0, 0, 0
200, 1071326, 1, 0, 0
300, 654420, 0, 0, 0
301, 1006167, 1, 0, 0
400, 627470, 0, 0, 0
402, 1057114, 1, 0, 0
500, 644618, 0, 0, 0
500, 1108515, 1, 0, 0
600, 646408, 0, 0, 0
603, 1006966, 1, 0, 0
700, 662051, 0, 0, 0
700, 1059574, 1, 0, 0
800, 1061306, 1, 0, 0
800, 650841, 0, 0, 0
900, 650670, 0, 0, 0
900, 1108707, 1, 0, 0
1000, 1027039, 1, 0, 0
1000, 637343, 0, 0, 0
1100, 627449, 0, 0, 0
1102, 1103496, 1, 0, 0
1200, 665382, 0, 0, 0
1202, 1078573, 1, 0, 0
1300, 644266, 0, 0, 0
1300, 1054145, 1, 0, 0
1400, 663145, 0, 0, 0
1400, 1060800, 1, 0, 0
1500, 647044, 0, 0, 0
1500, 1041319, 1, 0, 0
1600, 631898, 0, 0, 0
1600, 1028385, 1, 0, 0
1700, 629250, 0, 0, 0
1701, 1019846, 1, 0, 0
1800, 614528, 0, 0, 0
1800, 971689, 1, 0, 0
1900, 613776, 0, 0, 0
1900, 1035729, 1, 0, 0
2000, 647680, 0, 0, 0
2002, 1036460, 1, 0, 0
2100, 640156, 0, 0, 0
2100, 1052245, 1, 0, 0
2200, 669486, 0, 0, 0
2200, 1091432, 1, 0, 0
2300, 618003, 0, 0, 0
2300, 1041453, 1, 0, 0
2400, 628916, 0, 0, 0
2401, 1066254, 1, 0, 0
2500, 1045015, 1, 0, 0
2500, 648198, 0, 0, 0
2600, 1002561, 1, 0, 0
2600, 663244, 0, 0, 0
2700, 647320, 0, 0, 0
2701, 1029707, 1, 0, 0
2800, 693232, 0, 0, 0
2800, 1062933, 1, 0, 0
2900, 649508, 0, 0, 0
2902, 1012185, 1, 0, 0
3000, 656598, 0, 0, 0
3000, 979554, 1, 0, 0
3100, 1087148, 1, 0, 0
3101, 637140, 0, 0, 0
3200, 656533, 0, 0, 0
3200, 1069549, 1, 0, 0
3303, 1519194, 1, 0, 0
3304, 620214, 0, 0, 0
3400, 1369026, 1, 0, 0
3401, 656582, 0, 0, 0
3500, 1083963, 1, 0, 0
3501, 646084, 0, 0, 0
3600, 1007061, 1, 0, 0
3600, 665649, 0, 0, 0
3700, 637959, 0, 0, 0
3701, 993891, 1, 0, 0
3800, 639198, 0, 0, 0
3801, 1059055, 1, 0, 0
3900, 636919, 0, 0, 0
3901, 1030290, 1, 0, 0
4000, 646280, 0, 0, 0
4002, 1081646, 1, 0, 0
4100, 630909, 0, 0, 0
4104, 1006623, 1, 0, 0
4200, 1061827, 1, 0, 0
4200, 622613, 0, 0, 0
4300, 634229, 0, 0, 0
4300, 1071751, 1, 0, 0
4400, 1049261, 1, 0, 0
4401, 663254, 0, 0, 0
4500, 1083190, 1, 0, 0
4500, 663101, 0, 0, 0
4600, 1022413, 1, 0, 0
4601, 638419, 0, 0, 0
4700, 623936, 0, 0, 0
4700, 1109405, 1, 0, 0
4800, 630607, 0, 0, 0
4800, 1116129, 1, 0, 0
4900, 664092, 0, 0, 0
4901, 1038084, 1, 0, 0
5000, 613540, 0, 0, 0
5001, 1013488, 1, 0, 0
5100, 652268, 0, 0, 0
5100, 1055886, 1, 0, 0
5200, 618016, 0, 0, 0
5201, 1029253, 1, 0, 0
5300, 1051036, 1, 0, 0
5301, 669509, 0, 0, 0
5400, 623730, 0, 0, 0
5402, 1552104, 1, 0, 0
5500, 1047303, 1, 0, 0
5501, 613565, 0, 0, 0
5600, 626426, 0, 0, 0
5600, 1085621, 1, 0, 0
5700, 954274, 1, 0, 0
5700, 609309, 0, 0, 0
5800, 1082274, 1, 0, 0
5800, 646871, 0, 0, 0
5900, 629939, 0, 0, 0
5900, 1103462, 1, 0, 0
6000, 648278, 0, 0, 0
6000, 1048021, 1, 0, 0
6100, 1049121, 1, 0, 0
6100, 622790, 0, 0, 0
6200, 649400, 0, 0, 0
6200, 1023630, 1, 0, 0
6300, 671577, 0, 0, 0
6301, 1059059, 1, 0, 0
6400, 672958, 0, 0, 0
6400, 999767, 1, 0, 0
6500, 628052, 0, 0, 0
6500, 1056635, 1, 0, 0
6600, 647114, 0, 0, 0
6601, 1048783, 1, 0, 0
6700, 618059, 0, 0, 0
6700, 963356, 1, 0, 0
6800, 625315, 0, 0, 0
6800, 1035657, 1, 0, 0
6900, 635440, 0, 0, 0
6900, 1011288, 1, 0, 0
7000, 649728, 0, 0, 0
7000, 1033840, 1, 0, 0
7100, 978824, 1, 0, 0
7101, 634684, 0, 0, 0
7200, 650849, 0, 0, 0
7203, 1026714, 1, 0, 0
7300, 642399, 0, 0, 0
7300, 1018483, 1, 0, 0
7400, 1019319, 1, 0, 0
7400, 651587, 0, 0, 0
7500, 641186, 0, 0, 0
7501, 1057187, 1, 0, 0
7600, 649834, 0, 0, 0
7600, 1067463, 1, 0, 0
7700, 671395, 0, 0, 0
7700, 1064870, 1, 0, 0
7800, 634924, 0, 0, 0
7802, 1051051, 1, 0, 0
7900, 1104481, 1, 0, 0
7901, 675536, 0, 0, 0
8000, 1055560, 1, 0, 0
8000, 636541, 0, 0, 0
8100, 636587, 0, 0, 0
8101, 1000211, 1, 0, 0
8200, 1010341, 1, 0, 0
8201, 666078, 0, 0, 0
8300, 631242, 0, 0, 0
8301, 1007271, 1, 0, 0
8400, 660577, 0, 0, 0
8401, 961122, 1, 0, 0
8502, 1165523, 1, 0, 0
8503, 643085, 0, 0, 0
8600, 1133995, 1, 0, 0
8600, 651709, 0, 0, 0
8700, 654822, 0, 0, 0
8701, 1074905, 1, 0, 0
8800, 1126740, 1, 0, 0
8802, 668730, 0, 0, 0
8900, 1075290, 1, 0, 0
8900, 649600, 0, 0, 0
9000, 612370, 0, 0, 0
9001, 1066550, 1, 0, 0
9100, 679731, 0, 0, 0
9100, 1054255, 1, 0, 0
9200, 662565, 0, 0, 0
9201, 1048105, 1, 0, 0
9300, 642688, 0, 0, 0
9301, 1040513, 1, 0, 0
9400, 657939, 0, 0, 0
9401, 1053680, 1, 0, 0
9500, 630151, 0, 0, 0
9500, 1063887, 1, 0, 0
9600, 1053569, 1, 0, 0
9601, 652790, 0, 0, 0
9700, 646615, 0, 0, 0
9701, 1125824, 1, 0, 0
9800, 652042, 0, 0, 0
9800, 1041471, 1, 0, 0
9900, 627504, 0, 0, 0
9900, 976250, 1, 0, 0
10000, 650845, 0, 0, 0
10000, 1037182, 1, 0, 0
10100, 648443, 0, 0, 0
10101, 1014830, 1, 0, 0
10200, 628177, 0, 0, 0
10201, 1051068, 1, 0, 0
10300, 1042199, 1, 0, 0
10300, 646596, 0, 0, 0
10406, 797322, 0, 0, 0
10407, 1480736, 1, 0, 0
10500, 964509, 1, 0, 0
10500, 648113, 0, 0, 0
10600, 646972, 0, 0, 0
10600, 1035414, 1, 0, 0
10700, 1018901, 1, 0, 0
10700, 635232, 0, 0, 0
10800, 648925, 0, 0, 0
10802, 1082862, 1, 0, 0
10900, 694894, 0, 0, 0
10900, 1119256, 1, 0, 0
11000, 659999, 0, 0, 0
11000, 1002887, 1, 0, 0
11100, 632879, 0, 0, 0
11101, 1044061, 1, 0, 0
11200, 632842, 0, 0, 0
11200, 1013719, 1, 0, 0
11300, 626208, 0, 0, 0
11300, 1060076, 1, 0, 0
11400, 639492, 0, 0, 0
11402, 1090204, 1, 0, 0
11500, 1087360, 1, 0, 0
11500, 661691, 0, 0, 0
11600, 684323, 0, 0, 0
11601, 1027436, 1, 0, 0
11700, 642720, 0, 0, 0
11701, 1033916, 1, 0, 0
11800, 1060230, 1, 0, 0
11800, 653747, 0, 0, 0
11900, 639471, 0, 0, 0
11901, 1041729, 1, 0, 0
12000, 632938, 0, 0, 0
12001, 1067873, 1, 0, 0
12100, 1068780, 1, 0, 0
12100, 652362, 0, 0, 0
12200, 679640, 0, 0, 0
12202, 1051026, 1, 0, 0
12300, 1126983, 1, 0, 0
12301, 654535, 0, 0, 0
12400, 995142, 1, 0, 0
12400, 639244, 0, 0, 0
12500, 1142398, 1, 0, 0
12501, 630922, 0, 0, 0
12600, 634606, 0, 0, 0
12601, 1068889, 1, 0, 0
12700, 645095, 0, 0, 0
12701, 1086071, 1, 0, 0
12800, 1001302, 1, 0, 0
12801, 649619, 0, 0, 0
12900, 729981, 0, 0, 0
12901, 1018816, 1, 0, 0
13000, 1022458, 1, 0, 0
13001, 652359, 0, 0, 0
13100, 625342, 0, 0, 0
13101, 1274616, 1, 0, 0
13200, 632620, 0, 0, 0
13203, 1040834, 1, 0, 0
13300, 642472, 0, 0, 0
13300, 1048050, 1, 0, 0
13400, 1088736, 1, 0, 0
13400, 664430, 0, 0, 0
13500, 666056, 0, 0, 0
13500, 1072660, 1, 0, 0
13600, 1082187, 1, 0, 0
13600, 687648, 0, 0, 0
13700, 672975, 0, 0, 0
13701, 1129543, 1, 0, 0
13800, 649854, 0, 0, 0
13800, 1082137, 1, 0, 0
13900, 1021328, 1, 0, 0
13900, 662786, 0, 0, 0
14000, 664648, 0, 0, 0
14003, 1057302, 1, 0, 0
14100, 646789, 0, 0, 0
14101, 1048377, 1, 0, 0
14200, 659477, 0, 0, 0
14202, 1028417, 1, 0, 0
14300, 659001, 0, 0, 0
14301, 1026287, 1, 0, 0
14400, 667100, 0, 0, 0
14401, 1032657, 1, 0, 0
14500, 656832, 0, 0, 0
14501, 1266186, 1, 0, 0
14600, 1022970, 1, 0, 0
14600, 647553, 0, 0, 0
14700, 630871, 0, 0, 0
14700, 1100320, 1, 0, 0
14800, 1022826, 1, 0, 0
14800, 656301, 0, 0, 0
14900, 629034, 0, 0, 0
14901, 1046121, 1, 0, 0
15000, 654680, 0, 0, 0
15001, 1041569, 1, 0, 0
15100, 643081, 0, 0, 0
15100, 1054507, 1, 0, 0
15200, 651759, 0, 0, 0
15201, 1012003, 1, 0, 0
15300, 634746, 0, 0, 0
15300, 1046552, 1, 0, 0
15400, 1064822, 1, 0, 0
15401, 652206, 0, 0, 0
15500, 633474, 0, 0, 0
15501, 1042729, 1, 0, 0
15600, 656088, 0, 0, 0
15602, 1123855, 1, 0, 0
15700, 645954, 0, 0, 0
15701, 1008742, 1, 0, 0
15800, 667146, 0, 0, 0
15800, 1073899, 1, 0, 0
15900, 684802, 0, 0, 0
15900, 1086831, 1, 0, 0
16000, 1059908, 1, 0, 0
16001, 625845, 0, 0, 0
16100, 1186835, 1, 0, 0
16101, 628519, 0, 0, 0
16200, 1020312, 1, 0, 0
16200, 652914, 0, 0, 0
16300, 1079339, 1, 0, 0
16300, 635984, 0, 0, 0
16400, 1047060, 1, 0, 0
16400, 635837, 0, 0, 0
16500, 608256, 0, 0, 0
16508, 1100513, 1, 0, 0
16600, 642283, 0, 0, 0
16600, 1047481, 1, 0, 0
16700, 652491, 0, 0, 0
16701, 1031228, 1, 0, 0
16800, 657279, 0, 0, 0
16801, 1015633, 1, 0, 0
16900, 650261, 0, 0, 0
16901, 993824, 1, 0, 0
17000, 671259, 0, 0, 0
17000, 1056248, 1, 0, 0
17100, 654488, 0, 0, 0
17100, 1149032, 1, 0, 0
17200, 1032556, 1, 0, 0
17201, 644170, 0, 0, 0
17300, 675425, 0, 0, 0
17300, 1108290, 1, 0, 0
17400, 655368, 0, 0, 0
17400, 1095255, 1, 0, 0
17500, 657472, 0, 0, 0
17500, 1069514, 1, 0, 0
17600, 639133, 0, 0, 0
17601, 1051042, 1, 0, 0
17700, 638845, 0, 0, 0
17701, 971205, 1, 0, 0
17800, 677627, 0, 0, 0
17802, 1073366, 1, 0, 0
17900, 1083090, 1, 0, 0
17901, 659357, 0, 0, 0
18000, 1057970, 1, 0, 0
18000, 630469, 0, 0, 0
18123, 1411422, 1, 0, 0
18124, 629751, 0, 0, 0
18200, 671727, 0, 0, 0
18201, 1593129, 1, 0, 0
18300, 1073520, 1, 0, 0
18301, 667323, 0, 0, 0
18400, 655321, 0, 0, 0
18401, 1012694, 1, 0, 0
18500, 637161, 0, 0, 0
18501, 1051008, 1, 0, 0
18600, 666320, 0, 0, 0
18601, 1130328, 1, 0, 0
18700, 669483, 0, 0, 0
18701, 1057314, 1, 0, 0
18800, 687652, 0, 0, 0
18802, 1030376, 1, 0, 0
18900, 645155, 0, 0, 0
18905, 1112780, 1, 0, 0
19000, 676966, 0, 0, 0
19001, 1050320, 1, 0, 0
19100, 630945, 0, 0, 0
19100, 1092974, 1, 0, 0
19200, 636453, 0, 0, 0
19203, 1044528, 1, 0, 0
19300, 644407, 0, 0, 0
19301, 1091513, 1, 0, 0
19400, 639586, 0, 0, 0
19400, 1138879, 1, 0, 0
19500, 632426, 0, 0, 0
19503, 1008573, 1, 0, 0
19600, 654413, 0, 0, 0
19600, 1023997, 1, 0, 0
19700, 646584, 0, 0, 0
19702, 1073705, 1, 0, 0
19800, 650806, 0, 0, 0
19800, 1052946, 1, 0, 0
19900, 663811, 0, 0, 0
19900, 1118405, 1, 0, 0
20000, 672997, 0, 0, 0
20002, 1068754, 1, 0, 0
20100, 637574, 0, 0, 0
20101, 1164141, 1, 0, 0
20200, 631469, 0, 0, 0
20200, 1045089, 1, 0, 0
20300, 659053, 0, 0, 0
20301, 994270, 1, 0, 0
20400, 1125236, 1, 0, 0
20401, 650434, 0, 0, 0
20500, 637904, 0, 0, 0
20500, 1052551, 1, 0, 0
20600, 659350, 0, 0, 0
20600, 1012936, 1, 0, 0
20700, 661529, 0, 0, 0
20701, 1029930, 1, 0, 0
20800, 626928, 0, 0, 0
20801, 1095706, 1, 0, 0
20900, 639765, 0, 0, 0
20901, 1083446, 1, 0, 0
21000, 662748, 0, 0, 0
21001, 1066952, 1, 0, 0
21100, 1079060, 1, 0, 0
21100, 675976, 0, 0, 0
21200, 1100754, 1, 0, 0
21201, 669458, 0, 0, 0
21300, 1085998, 1, 0, 0
21300, 637541, 0, 0, 0
21400, 627093, 0, 0, 0
21402, 1147001, 1, 0, 0
21500, 638017, 0, 0, 0
21501, 1056883, 1, 0, 0
21600, 1141731, 1, 0, 0
21600, 645964, 0, 0, 0
21700, 1046410, 1, 0, 0
21700, 646563, 0, 0, 0
21800, 1040430, 1, 0, 0
21800, 656305, 0, 0, 0
21900, 1142473, 1, 0, 0
21901, 654569, 0, 0, 0
22000, 624554, 0, 0, 0
22002, 1065825, 1, 0, 0
22100, 1090156, 1, 0, 0
22100, 644441, 0, 0, 0
22200, 1101653, 1, 0, 0
22201, 665051, 0, 0, 0
22300, 1122133, 1, 0, 0
22300, 643352, 0, 0, 0
22400, 1018496, 1, 0, 0
22401, 633201, 0, 0, 0
22500, 655508, 0, 0, 0
22501, 1058879, 1, 0, 0
22600, 666707, 0, 0, 0
22601, 1009327, 1, 0, 0
22700, 651389, 0, 0, 0
22700, 1020150, 1, 0, 0
22800, 629456, 0, 0, 0
22800, 991868, 1, 0, 0
22900, 618740, 0, 0, 0
22900, 1065240, 1, 0, 0
23000, 1046076, 1, 0, 0
23000, 640356, 0, 0, 0
23100, 632290, 0, 0, 0
23101, 990998, 1, 0, 0
23200, 669214, 0, 0, 0
23204, 1045085, 1, 0, 0
23300, 652002, 0, 0, 0
23300, 1071492, 1, 0, 0
23400, 635889, 0, 0, 0
23400, 996265, 1, 0, 0
23500, 622916, 0, 0, 0
23500, 1126166, 1, 0, 0
23600, 1034764, 1, 0, 0
23600, 632654, 0, 0, 0
23700, 639315, 0, 0, 0
23700, 999252, 1, 0, 0
23800, 617907, 0, 0, 0
23800, 961569, 1, 0, 0
23900, 614885, 0, 0, 0
23902, 1092818, 1, 0, 0
24000, 626293, 0, 0, 0
24000, 1032893, 1, 0, 0
24100, 633315, 0, 0, 0
24103, 1059471, 1, 0, 0
24200, 1112749, 1, 0, 0
24201, 659428, 0, 0, 0
24300, 631404, 0, 0, 0
24300, 996964, 1, 0, 0
24400, 651888, 0, 0, 0
24401, 999122, 1, 0, 0
24500, 1071720, 1, 0, 0
24500, 681442, 0, 0, 0
24600, 641386, 0, 0, 0
24600, 1029241, 1, 0, 0
24700, 613811, 0, 0, 0
24701, 1029397, 1, 0, 0
24800, 634069, 0, 0, 0
24801, 981913, 1, 0, 0
24900, 1111516, 1, 0, 0
24901, 637545, 0, 0, 0
25000, 621148, 0, 0, 0
25003, 1052576, 1, 0, 0
25100, 1113550, 1, 0, 0
25100, 629871, 0, 0, 0
25200, 654429, 0, 0, 0
25201, 1075918, 1, 0, 0
25300, 639270, 0, 0, 0
25301, 1018463, 1, 0, 0
25400, 1041567, 1, 0, 0
25400, 631071, 0, 0, 0
25500, 604164, 0, 0, 0
25501, 1073699, 1, 0, 0
25600, 623376, 0, 0, 0
25603, 1043918, 1, 0, 0
25700, 1031275, 1, 0, 0
25700, 651777, 0, 0, 0
25800, 1043260, 1, 0, 0
25801, 639471, 0, 0, 0
25900, 1011002, 1, 0, 0
25900, 670435, 0, 0, 0
26000, 646648, 0, 0, 0
26002, 1016466, 1, 0, 0
26100, 659770, 0, 0, 0
26100, 1082403, 1, 0, 0
26200, 655039, 0, 0, 0
26201, 1027185, 1, 0, 0
26300, 1017024, 1, 0, 0
26300, 629782, 0, 0, 0
26400, 1066478, 1, 0, 0
26400, 640347, 0, 0, 0
26500, 1070541, 1, 0, 0
26500, 639449, 0, 0, 0
26600, 654933, 0, 0, 0
26601, 1030451, 1, 0, 0
26700, 658266, 0, 0, 0
26702, 999127, 1, 0, 0
26800, 1025720, 1, 0, 0
26801, 680870, 0, 0, 0
26900, 645790, 0, 0, 0
26900, 1022581, 1, 0, 0
27000, 653952, 0, 0, 0
27001, 1087813, 1, 0, 0
27100, 1064724, 1, 0, 0
27100, 663295, 0, 0, 0
27200, 640590, 0, 0, 0
27201, 1158676, 1, 0, 0
27300, 664956, 0, 0, 0
27302, 1084316, 1, 0, 0
27400, 642302, 0, 0, 0
27401, 1043508, 1, 0, 0
27500, 666940, 0, 0, 0
27501, 1064019, 1, 0, 0
27600, 631520, 0, 0, 0
27600, 1053679, 1, 0, 0
27700, 634245, 0, 0, 0
27700, 1005553, 1, 0, 0
27800, 1038935, 1, 0, 0
27801, 648691, 0, 0, 0
27900, 657387, 0, 0, 0
27903, 1041869, 1, 0, 0
28000, 1045759, 1, 0, 0
28000, 634845, 0, 0, 0
28100, 677350, 0, 0, 0
28101, 1106976, 1, 0, 0
28200, 663909, 0, 0, 0
28201, 1076684, 1, 0, 0
28300, 648915, 0, 0, 0
28301, 1102435, 1, 0, 0
28400, 657429, 0, 0, 0
28403, 1036580, 1, 0, 0
28500, 647177, 0, 0, 0
28501, 1102443, 1, 0, 0
28600, 648048, 0, 0, 0
28601, 1051896, 1, 0, 0
28700, 658369, 0, 0, 0
28700, 1087768, 1, 0, 0
28800, 660039, 0, 0, 0
28800, 1014330, 1, 0, 0
28900, 662237, 0, 0, 0
28900, 1050669, 1, 0, 0
29000, 1059406, 1, 0, 0
29000, 652971, 0, 0, 0
29100, 650112, 0, 0, 0
29100, 1082595, 1, 0, 0
29200, 671274, 0, 0, 0
29200, 1112082, 1, 0, 0
29300, 645370, 0, 0, 0
29301, 1056589, 1, 0, 0
29400, 674188, 0, 0, 0
29400, 1116426, 1, 0, 0
29500, 1040845, 1, 0, 0
29500, 629537, 0, 0, 0
29600, 655726, 0, 0, 0
29601, 1120807, 1, 0, 0
29700, 651686, 0, 0, 0
29701, 1071713, 1, 0, 0
29800, 1055905, 1, 0, 0
29801, 647449, 0, 0, 0
29900, 641956, 0, 0, 0
29900, 1081800, 1, 0, 0
30000, 652851, 0, 0, 0
30001, 1071317, 1, 0, 0
30100, 629543, 0, 0, 0
30101, 1000932, 1, 0, 0
30200, 632354, 0, 0, 0
30203, 1088860, 1, 0, 0
30300, 638290, 0, 0, 0
30300, 1147295, 1, 0, 0
30400, 1055977, 1, 0, 0
30400, 656431, 0, 0, 0
30500, 657757, 0, 0, 0
30503, 1108185, 1, 0, 0
30600, 635518, 0, 0, 0
30601, 1061394, 1, 0, 0
30700, 645289, 0, 0, 0
30700, 1090909, 1, 0, 0
30800, 634103, 0, 0, 0
30800, 1086445, 1, 0, 0
30900, 637850, 0, 0, 0
30900, 1120640, 1, 0, 0
31000, 1052276, 1, 0, 0
31000, 647253, 0, 0, 0
31100, 1033784, 1, 0, 0
31102, 651046, 0, 0, 0
31200, 666257, 0, 0, 0
31201, 1099348, 1, 0, 0
31300, 634785, 0, 0, 0
31301, 1103061, 1, 0, 0
31400, 1087855, 1, 0, 0
31401, 639849, 0, 0, 0
31500, 619790, 0, 0, 0
31500, 1016056, 1, 0, 0
31600, 999081, 1, 0, 0
31600, 632653, 0, 0, 0
31700, 1059741, 1, 0, 0
31700, 659038, 0, 0, 0
31800, 640019, 0, 0, 0
31801, 1078188, 1, 0, 0
31900, 678694, 0, 0, 0
31902, 1068466, 1, 0, 0
32000, 657469, 0, 0, 0
32001, 1077689, 1, 0, 0
32100, 666359, 0, 0, 0
32100, 1055322, 1, 0, 0
32200, 654038, 0, 0, 0
32201, 1003664, 1, 0, 0
32300, 685456, 0, 0, 0
32300, 997470, 1, 0, 0
32400, 637072, 0, 0, 0
32401, 1051342, 1, 0, 0
32500, 657351, 0, 0, 0
32501, 1012473, 1, 0, 0
32600, 650491, 0, 0, 0
32602, 1039575, 1, 0, 0
32700, 670077, 0, 0, 0
32701, 1064155, 1, 0, 0
32800, 1050047, 1, 0, 0
32801, 628533, 0, 0, 0
32900, 623506, 0, 0, 0
32901, 1072767, 1, 0, 0
33000, 642202, 0, 0, 0
33000, 1037992, 1, 0, 0
33100, 1030281, 1, 0, 0
33100, 671890, 0, 0, 0
33200, 1105207, 1, 0, 0
33200, 641201, 0, 0, 0
33300, 640286, 0, 0, 0
33302, 1028046, 1, 0, 0
33400, 657947, 0, 0, 0
33400, 1058522, 1, 0, 0
33500, 662676, 0, 0, 0
33503, 980654, 1, 0, 0
33600, 642129, 0, 0, 0
33602, 1048747, 1, 0, 0
33700, 641331, 0, 0, 0
33702, 1078934, 1, 0, 0
33800, 1073369, 1, 0, 0
33801, 674576, 0, 0, 0
33900, 1120376, 1, 0, 0
33900, 650003, 0, 0, 0
34000, 1135397, 1, 0, 0
34001, 654994, 0, 0, 0
34100, 1094368, 1, 0, 0
34100, 656524, 0, 0, 0
34200, 630744, 0, 0, 0
34200, 1022511, 1, 0, 0
34300, 675860, 0, 0, 0
34301, 1010939, 1, 0, 0
34400, 636277, 0, 0, 0
34400, 1094542, 1, 0, 0
34500, 661024, 0, 0, 0
34501, 1404891, 1, 0, 0
34600, 1076405, 1, 0, 0
34600, 647455, 0, 0, 0
34700, 665569, 0, 0, 0
34701, 1077962, 1, 0, 0
34800, 657820, 0, 0, 0
34800, 1072385, 1, 0, 0
34900, 666549, 0, 0, 0
34901, 1135061, 1, 0, 0
35000, 690684, 0, 0, 0
35000, 1187649, 1, 0, 0
35100, 677967, 0, 0, 0
35101, 1119514, 1, 0, 0
35200, 677338, 0, 0, 0
35201, 1063821, 1, 0, 0
35300, 669028, 0, 0, 0
35301, 1066041, 1, 0, 0
35400, 638521, 0, 0, 0
35401, 1160312, 1, 0, 0
35500, 1128836, 1, 0, 0
35501, 653879, 0, 0, 0
35600, 662545, 0, 0, 0
35600, 1113686, 1, 0, 0
35700, 1113788, 1, 0, 0
35701, 681941, 0, 0, 0
35800, 670588, 0, 0, 0
35802, 1098523, 1, 0, 0
35900, 650943, 0, 0, 0
35900, 1049620, 1, 0, 0
36000, 1090802, 1, 0, 0
36000, 657316, 0, 0, 0
36100, 661018, 0, 0, 0
36101, 1122886, 1, 0, 0
36201, 1130679, 1, 0, 0
36201, 667868, 0, 0, 0
36300, 1149497, 1, 0, 0
36300, 686587, 0, 0, 0
36400, 1070421, 1, 0, 0
36400, 661826, 0, 0, 0
36500, 657624, 0, 0, 0
36501, 1062680, 1, 0, 0
36600, 1097483, 1, 0, 0
36600, 657807, 0, 0, 0
36700, 646392, 0, 0, 0
36702, 1098116, 1, 0, 0
36800, 654569, 0, 0, 0
36800, 1079946, 1, 0, 0
36900, 1025683, 1, 0, 0
36900, 680707, 0, 0, 0
37000, 1202368, 1, 0, 0
37002, 669128, 0, 0, 0
37100, 1102383, 1, 0, 0
37100, 683319, 0, 0, 0
37200, 668421, 0, 0, 0
37201, 1090164, 1, 0, 0
37300, 1090821, 1, 0, 0
37301, 682594, 0, 0, 0
37400, 1048587, 1, 0, 0
37400, 678896, 0, 0, 0
37500, 625697, 0, 0, 0
37501, 1036230, 1, 0, 0
37600, 661922, 0, 0, 0
37600, 1088753, 1, 0, 0
37700, 1123611, 1, 0, 0
37700, 670995, 0, 0, 0
37800, 1074922, 1, 0, 0
37802, 662266, 0, 0, 0
37900, 1025363, 1, 0, 0
37900, 642918, 0, 0, 0
38000, 640124, 0, 0, 0
38001, 1002856, 1, 0, 0
38100, 637021, 0, 0, 0
38101, 1003285, 1, 0, 0
38200, 1103126, 1, 0, 0
38200, 683148, 0, 0, 0
38300, 1075230, 1, 0, 0
38301, 662040, 0, 0, 0
38400, 1130721, 1, 0, 0
38400, 638834, 0, 0, 0
38500, 1064417, 1, 0, 0
38501, 636762, 0, 0, 0
38600, 625090, 0, 0, 0
38601, 1089930, 1, 0, 0
38700, 653116, 0, 0, 0
38701, 1079450, 1, 0, 0
38800, 1032517, 1, 0, 0
38800, 662606, 0, 0, 0
38900, 1143830, 1, 0, 0
38900, 643213, 0, 0, 0
39000, 1177441, 1, 0, 0
39001, 692845, 0, 0, 0
39100, 632055, 0, 0, 0
39100, 1032284, 1, 0, 0
39200, 1036846, 1, 0, 0
39201, 652897, 0, 0, 0
39300, 685721, 0, 0, 0
39301, 1133530, 1, 0, 0
39400, 1010880, 1, 0, 0
39400, 630590, 0, 0, 0
39500, 658192, 0, 0, 0
39500, 1038648, 1, 0, 0
39600, 677268, 0, 0, 0
39601, 1083925, 1, 0, 0
39700, 677049, 0, 0, 0
39701, 1151020, 1, 0, 0
39800, 662177, 0, 0, 0
39801, 1117117, 1, 0, 0
39900, 661524, 0, 0, 0
39903, 1115406, 1, 0, 0
40000, 1110111, 1, 0, 0
40000, 644563, 0, 0, 0
40100, 686270, 0, 0, 0
40103, 1100109, 1, 0, 0
40200, 658670, 0, 0, 0
40201, 1073130, 1, 0, 0
40300, 1131295, 1, 0, 0
40300, 670582, 0, 0, 0
40400, 1077537, 1, 0, 0
40401, 679414, 0, 0, 0
40500, 1161528, 1, 0, 0
40500, 649712, 0, 0, 0
40600, 672593, 0, 0, 0
40600, 1089382, 1, 0, 0
40700, 1087129, 1, 0, 0
40701, 688094, 0, 0, 0
40800, 665626, 0, 0, 0
40800, 1119053, 1, 0, 0
40900, 1104197, 1, 0, 0
40900, 669386, 0, 0, 0
41000, 669395, 0, 0, 0
41003, 1185791, 1, 0, 0
41100, 858645, 0, 0, 0
41101, 1633242, 1, 0, 0
41200, 655936, 0, 0, 0
41204, 1098202, 1, 0, 0
41300, 662710, 0, 0, 0
41300, 1109554, 1, 0, 0
41400, 653437, 0, 0, 0
41405, 1091184, 1, 0, 0
41500, 666266, 0, 0, 0
41500, 1144066, 1, 0, 0
41600, 1094724, 1, 0, 0
41600, 672432, 0, 0, 0
41700, 1075760, 1, 0, 0
41700, 665474, 0, 0, 0
41800, 715537, 0, 0, 0
41802, 1143048, 1, 0, 0
41900, 691856, 0, 0, 0
41903, 1088703, 1, 0, 0
42000, 1111842, 1, 0, 0
42000, 632993, 0, 0, 0
42100, 1844357, 1, 0, 0
42100, 920292, 0, 0, 0
42200, 662169, 0, 0, 0
42201, 1076358, 1, 0, 0
42300, 640117, 0, 0, 0
42300, 1104549, 1, 0, 0
42400, 650822, 0, 0, 0
42400, 1118594, 1, 0, 0
42500, 675401, 0, 0, 0
42501, 1067210, 1, 0, 0
42600, 1262770, 1, 0, 0
42600, 730484, 0, 0, 0
42700, 699098, 0, 0, 0
42701, 1140035, 1, 0, 0
42800, 631592, 0, 0, 0
42801, 1044068, 1, 0, 0
42900, 1109617, 1, 0, 0
42900, 692371, 0, 0, 0
43000, 643487, 0, 0, 0
43000, 1030290, 1, 0, 0
43100, 1048574, 1, 0, 0
43100, 646298, 0, 0, 0
43200, 685237, 0, 0, 0
43200, 1089834, 1, 0, 0
43300, 1065533, 1, 0, 0
43301, 673140, 0, 0, 0
43400, 672772, 0, 0, 0
43401, 1036382, 1, 0, 0
43500, 639226, 0, 0, 0
43500, 1055409, 1, 0, 0
43600, 678739, 0, 0, 0
43601, 1061598, 1, 0, 0
43700, 1112820, 1, 0, 0
43700, 646689, 0, 0, 0
43800, 683014, 0, 0, 0
43800, 1093335, 1, 0, 0
43900, 1158166, 1, 0, 0
43900, 679309, 0, 0, 0
44000, 643366, 0, 0, 0
44001, 1117702, 1, 0, 0
44100, 649591, 0, 0, 0
44101, 1122224, 1, 0, 0
44200, 651256, 0, 0, 0
44201, 1084830, 1, 0, 0
44300, 662024, 0, 0, 0
44301, 1054234, 1, 0, 0
44400, 659784, 0, 0, 0
44400, 1105874, 1, 0, 0
44500, 653028, 0, 0, 0
44501, 1025824, 1, 0, 0
44600, 1076863, 1, 0, 0
44600, 642722, 0, 0, 0
44700, 655634, 0, 0, 0
44700, 1160833, 1, 0, 0
44800, 1087271, 1, 0, 0
44800, 646745, 0, 0, 0
44900, 1061530, 1, 0, 0
44900, 644728, 0, 0, 0
45000, 647380, 0, 0, 0
45001, 1113899, 1, 0, 0
45100, 639579, 0, 0, 0
45104, 1062028, 1, 0, 0
45200, 640256, 0, 0, 0
45200, 1026306, 1, 0, 0
45300, 1036552, 1, 0, 0
45300, 659454, 0, 0, 0
45400, 632203, 0, 0, 0
45401, 2022188, 1, 0, 0
45500, 1023193, 1, 0, 0
45501, 647684, 0, 0, 0
45600, 1074805, 1, 0, 0
45600, 656360, 0, 0, 0
45700, 672206, 0, 0, 0
45703, 1099099, 1, 0, 0
45800, 670854, 0, 0, 0
45801, 1061373, 1, 0, 0
45900, 668924, 0, 0, 0
45900, 1080221, 1, 0, 0
46000, 660727, 0, 0, 0
46000, 990110, 1, 0, 0
46100, 666923, 0, 0, 0
46100, 1005479, 1, 0, 0
46200, 650392, 0, 0, 0
46200, 1133007, 1, 0, 0
46300, 1094448, 1, 0, 0
46300, 654205, 0, 0, 0
46400, 656877, 0, 0, 0
46401, 1053379, 1, 0, 0
46500, 1063935, 1, 0, 0
46500, 646702, 0, 0, 0
46600, 647996, 0, 0, 0
46600, 1059504, 1, 0, 0
46700, 1072463, 1, 0, 0
46702, 670312, 0, 0, 0
46800, 647301, 0, 0, 0
46800, 1080792, 1, 0, 0
46900, 1124912, 1, 0, 0
46900, 693739, 0, 0, 0
47000, 1062085, 1, 0, 0
47000, 664122, 0, 0, 0
47100, 680273, 0, 0, 0
47100, 1083940, 1, 0, 0
47200, 664613, 0, 0, 0
47200, 1104257, 1, 0, 0
47300, 722290, 0, 0, 0
47301, 1173829, 1, 0, 0
47400, 679678, 0, 0, 0
47402, 1091024, 1, 0, 0
47500, 695229, 0, 0, 0
47501, 1165866, 1, 0, 0
47600, 957584, 0, 0, 0
47602, 2112728, 1, 0, 0
47700, 684109, 0, 0, 0
47701, 1165040, 1, 0, 0
47800, 647620, 0, 0, 0
47801, 1093109, 1, 0, 0
47900, 642960, 0, 0, 0
47900, 1050026, 1, 0, 0
48003, 662916, 0, 0, 0
48003, 1258716, 1, 0, 0
48100, 1103676, 1, 0, 0
48100, 623004, 0, 0, 0
48200, 655270, 0, 0, 0
48201, 1153704, 1, 0, 0
48300, 622194, 0, 0, 0
48300, 1032720, 1, 0, 0
48400, 1078273, 1, 0, 0
48401, 670061, 0, 0, 0
48500, 1070972, 1, 0, 0
48501, 634191, 0, 0, 0
48600, 687784, 0, 0, 0
48601, 1082102, 1, 0, 0
48700, 640973, 0, 0, 0
48700, 1063437, 1, 0, 0
48800, 673870, 0, 0, 0
48800, 1046822, 1, 0, 0
48900, 655830, 0, 0, 0
48901, 1080251, 1, 0, 0
49000, 655773, 0, 0, 0
49000, 1057479, 1, 0, 0
49100, 671037, 0, 0, 0
49102, 1048248, 1, 0, 0
49200, 664592, 0, 0, 0
49200, 1089909, 1, 0, 0
49300, 1106380, 1, 0, 0
49301, 649909, 0, 0, 0
49400, 657369, 0, 0, 0
49400, 1071900, 1, 0, 0
49500, 697595, 0, 0, 0
49501, 1171104, 1, 0, 0
49600, 1111712, 1, 0, 0
49600, 665342, 0, 0, 0
49700, 1120566, 1, 0, 0
49700, 696498, 0, 0, 0
49800, 642229, 0, 0, 0
49801, 1055738, 1, 0, 0
49900, 640781, 0, 0, 0
49900, 1101827, 1, 0, 0
50000, 1177022, 1, 0, 0
50000, 651157, 0, 0, 0
50100, 678467, 0, 0, 0
50100, 1063492, 1, 0, 0
50200, 653903, 0, 0, 0
50201, 1028904, 1, 0, 0
50300, 642823, 0, 0, 0
50300, 1072099, 1, 0, 0
50400, 665123, 0, 0, 0
50400, 1129534, 1, 0, 0
50500, 680269, 0, 0, 0
50501, 1183699, 1, 0, 0
50600, 678200, 0, 0, 0
50600, 1139218, 1, 0, 0
50700, 1202253, 1, 0, 0
50701, 673100, 0, 0, 0
50800, 655471, 0, 0, 0
50802, 1057512, 1, 0, 0
50900, 1105916, 1, 0, 0
50901, 672462, 0, 0, 0
51000, 655743, 0, 0, 0
51001, 1141876, 1, 0, 0
51100, 655421, 0, 0, 0
51100, 1136250, 1, 0, 0
51200, 662481, 0, 0, 0
51200, 1124716, 1, 0, 0
51300, 1166036, 1, 0, 0
51301, 687586, 0, 0, 0
51400, 668419, 0, 0, 0
51401, 1191806, 1, 0, 0
51500, 653363, 0, 0, 0
51500, 1157526, 1, 0, 0
51600, 655213, 0, 0, 0
51600, 1161519, 1, 0, 0
51700, 644894, 0, 0, 0
51701, 1112285, 1, 0, 0
51800, 653841, 0, 0, 0
51800, 1123538, 1, 0, 0
51900, 645179, 0, 0, 0
51900, 1111520, 1, 0, 0
52000, 643380, 0, 0, 0
52002, 1079202, 1, 0, 0
52100, 1143495, 1, 0, 0
52100, 656880, 0, 0, 0
52200, 662620, 0, 0, 0
52200, 1142284, 1, 0, 0
52300, 647699, 0, 0, 0
52300, 1109883, 1, 0, 0
52400, 671005, 0, 0, 0
52402, 1091999, 1, 0, 0
52500, 1060871, 1, 0, 0
52500, 676869, 0, 0, 0
52600, 656377, 0, 0, 0
52601, 1203209, 1, 0, 0
52700, 682327, 0, 0, 0
52701, 1123241, 1, 0, 0
52800, 652655, 0, 0, 0
52800, 1130829, 1, 0, 0
52900, 1180065, 1, 0, 0
52901, 669608, 0, 0, 0
53000, 1070785, 1, 0, 0
53001, 683864, 0, 0, 0
53100, 677841, 0, 0, 0
53101, 1074646, 1, 0, 0
53200, 663856, 0, 0, 0
53200, 1049322, 1, 0, 0
53300, 671132, 0, 0, 0
53300, 1122567, 1, 0, 0
53400, 1078093, 1, 0, 0
53401, 651061, 0, 0, 0
53500, 678822, 0, 0, 0
53501, 1082233, 1, 0, 0
53600, 679403, 0, 0, 0
53602, 1177587, 1, 0, 0
53700, 1098500, 1, 0, 0
53700, 691605, 0, 0, 0
53800, 669912, 0, 0, 0
53802, 1088016, 1, 0, 0
53900, 657503, 0, 0, 0
53906, 1122655, 1, 0, 0
54000, 680182, 0, 0, 0
54001, 1212988, 1, 0, 0
54100, 670016, 0, 0, 0
54100, 1101304, 1, 0, 0
54200, 1113326, 1, 0, 0
54200, 645864, 0, 0, 0
54300, 648113, 0, 0, 0
54300, 1132939, 1, 0, 0
54400, 654682, 0, 0, 0
54401, 1136976, 1, 0, 0
54500, 671892, 0, 0, 0
54500, 1102482, 1, 0, 0
54600, 672091, 0, 0, 0
54600, 1050797, 1, 0, 0
54700, 663197, 0, 0, 0
54700, 1123211, 1, 0, 0
54800, 657475, 0, 0, 0
54800, 986792, 1, 0, 0
54900, 665123, 0, 0, 0
54901, 1182837, 1, 0, 0
55000, 1133463, 1, 0, 0
55000, 664062, 0, 0, 0
55100, 646112, 0, 0, 0
55103, 1149691, 1, 0, 0
55200, 650583, 0, 0, 0
55201, 1144268, 1, 0, 0
55300, 662043, 0, 0, 0
55302, 1118555, 1, 0, 0
55400, 1089125, 1, 0, 0
55401, 658335, 0, 0, 0
55500, 1142710, 1, 0, 0
55501, 673353, 0, 0, 0
55600, 647609, 0, 0, 0
55600, 1109621, 1, 0, 0
55700, 669472, 0, 0, 0
55701, 1163567, 1, 0, 0
55800, 657976, 0, 0, 0
55800, 1162122, 1, 0, 0
55900, 666315, 0, 0, 0
55901, 1135034, 1, 0, 0
56000, 712426, 0, 0, 0
56001, 1139241, 1, 0, 0
56100, 665027, 0, 0, 0
56101, 1264446, 1, 0, 0
56200, 659157, 0, 0, 0
56201, 1092713, 1, 0, 0
56300, 688834, 0, 0, 0
56304, 1150069, 1, 0, 0
56400, 694252, 0, 0, 0
56400, 1070294, 1, 0, 0
56500, 673374, 0, 0, 0
56501, 1139383, 1, 0, 0
56600, 1042740, 1, 0, 0
56601, 660735, 0, 0, 0
56700, 662278, 0, 0, 0
56702, 1048936, 1, 0, 0
56800, 664455, 0, 0, 0
56800, 1077220, 1, 0, 0
56900, 673922, 0, 0, 0
56901, 1065114, 1, 0, 0
57000, 1124057, 1, 0, 0
57000, 666766, 0, 0, 0
57100, 661882, 0, 0, 0
57100, 1072306, 1, 0, 0
57200, 627735, 0, 0, 0
57201, 1106917, 1, 0, 0
57300, 641770, 0, 0, 0
57300, 1184554, 1, 0, 0
57400, 692038, 0, 0, 0
57401, 1142618, 1, 0, 0
57500, 640937, 0, 0, 0
57503, 1149361, 1, 0, 0
57600, 678787, 0, 0, 0
57600, 1103829, 1, 0, 0
57700, 673480, 0, 0, 0
57701, 1089533, 1, 0, 0
57800, 648119, 0, 0, 0
57801, 1067128, 1, 0, 0
57900, 1126432, 1, 0, 0
57900, 655890, 0, 0, 0
58000, 658330, 0, 0, 0
58001, 1098220, 1, 0, 0
58100, 1153963, 1, 0, 0
58100, 663379, 0, 0, 0
58200, 636525, 0, 0, 0
58200, 1110402, 1, 0, 0
58300, 658571, 0, 0, 0
58303, 1079940, 1, 0, 0
58400, 1076042, 1, 0, 0
58401, 665776, 0, 0, 0
58500, 629817, 0, 0, 0
58500, 1107414, 1, 0, 0
58600, 1041898, 1, 0, 0
58602, 666297, 0, 0, 0
58700, 689560, 0, 0, 0
58700, 1081314, 1, 0, 0
58800, 668405, 0, 0, 0
58800, 1055790, 1, 0, 0
58900, 673995, 0, 0, 0
58900, 1092560, 1, 0, 0
59000, 1029762, 1, 0, 0
59000, 649127, 0, 0, 0
59100, 1172019, 1, 0, 0
59101, 684232, 0, 0, 0
59200, 1130627, 1, 0, 0
59200, 682037, 0, 0, 0
59300, 700965, 0, 0, 0
59300, 1094246, 1, 0, 0
59400, 1042658, 1, 0, 0
59401, 683345, 0, 0, 0
59500, 659768, 0, 0, 0
59501, 1095424, 1, 0, 0
59600, 664011, 0, 0, 0
59600, 1133632, 1, 0, 0
59700, 1098473, 1, 0, 0
59700, 664098, 0, 0, 0
59800, 659744, 0, 0, 0
59801, 1133760, 1, 0, 0
59901, 1080997, 1, 0, 0
59904, 674133, 0, 0, 0
60000, 672597, 0, 0, 0
60000, 1101399, 1, 0, 0
60100, 671491, 0, 0, 0
60101, 1049709, 1, 0, 0
60201, 800570, 0, 0, 0
60202, 1399661, 1, 0, 0
60300, 1671806, 1, 0, 0
60300, 919590, 0, 0, 0
60400, 693322, 0, 0, 0
60401, 1119894, 1, 0, 0
60500, 665198, 0, 0, 0
60501, 1097714, 1, 0, 0
60600, 648900, 0, 0, 0
60600, 1095142, 1, 0, 0
60700, 666153, 0, 0, 0
60702, 1169423, 1, 0, 0
60800, 654018, 0, 0, 0
60801, 1076533, 1, 0, 0
60900, 665577, 0, 0, 0
60903, 1079877, 1, 0, 0
61000, 695601, 0, 0, 0
61003, 1142422, 1, 0, 0
61121, 1766777, 1, 0, 0
61121, 667853, 0, 0, 0
61200, 1711195, 1, 0, 0
61200, 681043, 0, 0, 0
61300, 632376, 0, 0, 0
61302, 1104306, 1, 0, 0
61400, 683809, 0, 0, 0
61400, 1035765, 1, 0, 0
61500, 708472, 0, 0, 0
61503, 1031846, 1, 0, 0
61600, 1074389, 1, 0, 0
61600, 624501, 0, 0, 0
61700, 1038242, 1, 0, 0
61700, 666877, 0, 0, 0
61800, 1053904, 1, 0, 0
61800, 700533, 0, 0, 0
61900, 1070709, 1, 0, 0
61900, 645538, 0, 0, 0
62000, 1065681, 1, 0, 0
62000, 670655, 0, 0, 0
62100, 1105148, 1, 0, 0
62100, 668660, 0, 0, 0
62200, 1091240, 1, 0, 0
62200, 673712, 0, 0, 0
62300, 1062342, 1, 0, 0
62301, 658684, 0, 0, 0
62400, 629660, 0, 0, 0
62400, 1049655, 1, 0, 0
62500, 1167283, 1, 0, 0
62500, 659264, 0, 0, 0
62600, 651070, 0, 0, 0
62600, 1167460, 1, 0, 0
62700, 660926, 0, 0, 0
62701, 1096873, 1, 0, 0
62800, 652202, 0, 0, 0
62800, 1058711, 1, 0, 0
62900, 671449, 0, 0, 0
62900, 1050156, 1, 0, 0
63000, 683008, 0, 0, 0
63000, 1077895, 1, 0, 0
63100, 664666, 0, 0, 0
63102, 1118912, 1, 0, 0
63200, 661544, 0, 0, 0
63200, 1101463, 1, 0, 0
63300, 643728, 0, 0, 0
63302, 1079216, 1, 0, 0
63400, 648818, 0, 0, 0
63401, 1086179, 1, 0, 0
63500, 1090313, 1, 0, 0
63500, 654613, 0, 0, 0
63600, 647542, 0, 0, 0
63600, 1059547, 1, 0, 0
63700, 1116337, 1, 0, 0
63700, 656562, 0, 0, 0
63800, 655492, 0, 0, 0
63803, 1101039, 1, 0, 0
63900, 1017603, 1, 0, 0
63900, 687259, 0, 0, 0
64000, 681413, 0, 0, 0
64001, 1145656, 1, 0, 0
64100, 689696, 0, 0, 0
64101, 1087728, 1, 0, 0
64200, 639281, 0, 0, 0
64200, 1067205, 1, 0, 0
64300, 648253, 0, 0, 0
64300, 1086065, 1, 0, 0
64400, 649980, 0, 0, 0
64403, 1075680, 1, 0, 0
64500, 677249, 0, 0, 0
64501, 1056712, 1, 0, 0
64600, 679435, 0, 0, 0
64601, 1063652, 1, 0, 0
64700, 685315, 0, 0, 0
64700, 1045971, 1, 0, 0
64800, 1074002, 1, 0, 0
64801, 650519, 0, 0, 0
64900, 672607, 0, 0, 0
64901, 1076404, 1, 0, 0
65000, 656889, 0, 0, 0
65001, 1103358, 1, 0, 0
65100, 672086, 0, 0, 0
65101, 1148764, 1, 0, 0
65200, 698763, 0, 0, 0
65200, 1124411, 1, 0, 0
65300, 663563, 0, 0, 0
65300, 1089773, 1, 0, 0
65400, 656032, 0, 0, 0
65402, 1039432, 1, 0, 0
65500, 664061, 0, 0, 0
65501, 1130528, 1, 0, 0
65600, 719357, 0, 0, 0
65602, 1065696, 1, 0, 0
65700, 666501, 0, 0, 0
65700, 1126331, 1, 0, 0
65800, 1077760, 1, 0, 0
65801, 663023, 0, 0, 0
65900, 676735, 0, 0, 0
65901, 1118168, 1, 0, 0
66000, 1096855, 1, 0, 0
66000, 695298, 0, 0, 0
66100, 656355, 0, 0, 0
66101, 1046205, 1, 0, 0
66200, 665997, 0, 0, 0
66202, 1038354, 1, 0, 0
66300, 644777, 0, 0, 0
66300, 1086685, 1, 0, 0
66400, 1073269, 1, 0, 0
66401, 650665, 0, 0, 0
66500, 1072537, 1, 0, 0
66500, 644810, 0, 0, 0
66600, 1112535, 1, 0, 0
66600, 660258, 0, 0, 0
66700, 645743, 0, 0, 0
66702, 1049468, 1, 0, 0
66800, 686866, 0, 0, 0
66800, 1092402, 1, 0, 0
66900, 1082372, 1, 0, 0
66900, 654872, 0, 0, 0
67000, 1049499, 1, 0, 0
67000, 661523, 0, 0, 0
67100, 644992, 0, 0, 0
67102, 1110132, 1, 0, 0
67200, 652298, 0, 0, 0
67200, 1068493, 1, 0, 0
67300, 666648, 0, 0, 0
67300, 1046338, 1, 0, 0
67400, 663660, 0, 0, 0
67400, 1066927, 1, 0, 0
67500, 1058496, 1, 0, 0
67500, 650809, 0, 0, 0
67600, 1061917, 1, 0, 0
67600, 663914, 0, 0, 0
67700, 1092584, 1, 0, 0
67701, 683017, 0, 0, 0
67800, 672277, 0, 0, 0
67801, 1050190, 1, 0, 0
67900, 657565, 0, 0, 0
67901, 1077137, 1, 0, 0
68000, 651685, 0, 0, 0
68000, 1007240, 1, 0, 0
68100, 1155182, 1, 0, 0
68100, 650297, 0, 0, 0
68200, 673057, 0, 0, 0
68200, 1072789, 1, 0, 0
68300, 652088, 0, 0, 0
68302, 1023077, 1, 0, 0
68400, 683667, 0, 0, 0
68402, 1130836, 1, 0, 0
68500, 652655, 0, 0, 0
68501, 1141412, 1, 0, 0
68600, 1132975, 1, 0, 0
68601, 676201, 0, 0, 0
68700, 1125009, 1, 0, 0
68701, 669854, 0, 0, 0
68800, 679686, 0, 0, 0
68800, 1061136, 1, 0, 0
68900, 680782, 0, 0, 0
68900, 1097433, 1, 0, 0
69000, 668498, 0, 0, 0
69000, 1064955, 1, 0, 0
69100, 670678, 0, 0, 0
69100, 1117516, 1, 0, 0
69200, 688652, 0, 0, 0
69200, 1087487, 1, 0, 0
69300, 1094438, 1, 0, 0
69301, 684420, 0, 0, 0
69400, 662434, 0, 0, 0
69401, 1042415, 1, 0, 0
69500, 655528, 0, 0, 0
69500, 1087574, 1, 0, 0
69600, 697829, 0, 0, 0
69600, 1100310, 1, 0, 0
69700, 732039, 0, 0, 0
69701, 1305533, 1, 0, 0
69800, 673235, 0, 0, 0
69800, 1091543, 1, 0, 0
69900, 644407, 0, 0, 0
69900, 1100314, 1, 0, 0
70000, 1041881, 1, 0, 0
70000, 673717, 0, 0, 0
70100, 646041, 0, 0, 0
70100, 1072055, 1, 0, 0
70200, 653683, 0, 0, 0
70200, 1013990, 1, 0, 0
70300, 1033586, 1, 0, 0
70301, 663703, 0, 0, 0
70400, 672633, 0, 0, 0
70401, 1056892, 1, 0, 0
70500, 1053265, 1, 0, 0
70500, 654098, 0, 0, 0
70600, 634044, 0, 0, 0
70600, 1075767, 1, 0, 0
70700, 1054271, 1, 0, 0
70701, 669947, 0, 0, 0
70800, 1022272, 1, 0, 0
70800, 669450, 0, 0, 0
70900, 1017529, 1, 0, 0
70901, 644479, 0, 0, 0
71000, 658975, 0, 0, 0
71000, 1064749, 1, 0, 0
71100, 643174, 0, 0, 0
71101, 991131, 1, 0, 0
71200, 653231, 0, 0, 0
71200, 1045122, 1, 0, 0
71300, 663705, 0, 0, 0
71300, 1046400, 1, 0, 0
71400, 1083018, 1, 0, 0
71400, 644396, 0, 0, 0
71500, 666911, 0, 0, 0
71501, 1072465, 1, 0, 0
71600, 1068960, 1, 0, 0
71601, 671094, 0, 0, 0
71700, 1117444, 1, 0, 0
71700, 635956, 0, 0, 0
71801, 1119722, 1, 0, 0
71801, 712230, 0, 0, 0
71900, 1144491, 1, 0, 0
71900, 696119, 0, 0, 0
72000, 674031, 0, 0, 0
72000, 1137088, 1, 0, 0
72100, 642762, 0, 0, 0
72100, 1027129, 1, 0, 0
72200, 1057163, 1, 0, 0
72200, 661438, 0, 0, 0
72300, 1086897, 1, 0, 0
72301, 664574, 0, 0, 0
72400, 667278, 0, 0, 0
72401, 1066483, 1, 0, 0
72500, 648855, 0, 0, 0
72501, 1036673, 1, 0, 0
72600, 1092646, 1, 0, 0
72601, 650511, 0, 0, 0
72700, 677601, 0, 0, 0
72702, 1100566, 1, 0, 0
72800, 1113468, 1, 0, 0
72800, 680451, 0, 0, 0
72900, 664239, 0, 0, 0
72901, 1111436, 1, 0, 0
73000, 1065700, 1, 0, 0
73000, 652524, 0, 0, 0
73100, 643125, 0, 0, 0
73102, 1096487, 1, 0, 0
73200, 1113129, 1, 0, 0
73201, 663098, 0, 0, 0
73300, 1272184, 1, 0, 0
73301, 743563, 0, 0, 0
73400, 693359, 0, 0, 0
73400, 1093040, 1, 0, 0
73500, 1075384, 1, 0, 0
73502, 671415, 0, 0, 0
73600, 661464, 0, 0, 0
73602, 1073728, 1, 0, 0
73700, 667345, 0, 0, 0
73703, 1026233, 1, 0, 0
73800, 676997, 0, 0, 0
73802, 986660, 1, 0, 0
73900, 1110004, 1, 0, 0
73900, 680229, 0, 0, 0
74000, 626886, 0, 0, 0
74000, 1018957, 1, 0, 0
74100, 1047606, 1, 0, 0
74100, 656335, 0, 0, 0
74200, 642882, 0, 0, 0
74200, 1027679, 1, 0, 0
74300, 1047764, 1, 0, 0
74301, 664931, 0, 0, 0
74400, 1040828, 1, 0, 0
74400, 656972, 0, 0, 0
74500, 678100, 0, 0, 0
74500, 1003362, 1, 0, 0
74600, 673139, 0, 0, 0
74600, 1080081, 1, 0, 0
74700, 639487, 0, 0, 0
74705, 1061522, 1, 0, 0
74800, 667885, 0, 0, 0
74800, 1168746, 1, 0, 0
74900, 667157, 0, 0, 0
74901, 1117681, 1, 0, 0
75000, 651547, 0, 0, 0
75000, 1083705, 1, 0, 0
75100, 1095512, 1, 0, 0
75100, 646101, 0, 0, 0
75200, 1128923, 1, 0, 0
75200, 639432, 0, 0, 0
75300, 668449, 0, 0, 0
75301, 1129833, 1, 0, 0
75400, 683558, 0, 0, 0
75402, 1146263, 1, 0, 0
75500, 663197, 0, 0, 0
75500, 1240224, 1, 0, 0
75600, 656208, 0, 0, 0
75605, 1043546, 1, 0, 0
75700, 650977, 0, 0, 0
75700, 1133651, 1, 0, 0
75800, 648007, 0, 0, 0
75800, 1176989, 1, 0, 0
75900, 662560, 0, 0, 0
75900, 1065591, 1, 0, 0
76000, 662929, 0, 0, 0
76000, 1104424, 1, 0, 0
76100, 684730, 0, 0, 0
76100, 1112021, 1, 0, 0
76200, 1073076, 1, 0, 0
76200, 667018, 0, 0, 0
76300, 659502, 0, 0, 0
76301, 1206809, 1, 0, 0
76400, 664913, 0, 0, 0
76400, 1052982, 1, 0, 0
76500, 675462, 0, 0, 0
76501, 1074234, 1, 0, 0
76600, 682761, 0, 0, 0
76601, 1127435, 1, 0, 0
76700, 1132008, 1, 0, 0
76700, 680432, 0, 0, 0
76800, 1043961, 1, 0, 0
76800, 656485, 0, 0, 0
76900, 656064, 0, 0, 0
76902, 1071546, 1, 0, 0
77000, 1057416, 1, 0, 0
77001, 645462, 0, 0, 0
77100, 630314, 0, 0, 0
77100, 1169300, 1, 0, 0
77200, 681314, 0, 0, 0
77201, 1083184, 1, 0, 0
77300, 667632, 0, 0, 0
77301, 1191067, 1, 0, 0
77400, 1172274, 1, 0, 0
77400, 704869, 0, 0, 0
77500, 666993, 0, 0, 0
77500, 1098451, 1, 0, 0
77600, 667010, 0, 0, 0
77600, 1155384, 1, 0, 0
77700, 636122, 0, 0, 0
77701, 1166966, 1, 0, 0
77800, 639697, 0, 0, 0
77801, 1142707, 1, 0, 0
77900, 1146226, 1, 0, 0
77900, 655825, 0, 0, 0
78000, 683687, 0, 0, 0
78001, 1064759, 1, 0, 0
78100, 1061584, 1, 0, 0
78100, 623896, 0, 0, 0
78200, 661601, 0, 0, 0
78201, 1053758, 1, 0, 0
78300, 642919, 0, 0, 0
78300, 1143191, 1, 0, 0
78400, 709162, 0, 0, 0
78400, 1128203, 1, 0, 0
78500, 665677, 0, 0, 0
78500, 1102217, 1, 0, 0
78600, 1075843, 1, 0, 0
78600, 668352, 0, 0, 0
78700, 658093, 0, 0, 0
78700, 1216401, 1, 0, 0
78800, 655070, 0, 0, 0
78801, 1188701, 1, 0, 0
78900, 1134529, 1, 0, 0
78900, 682107, 0, 0, 0
79001, 668990, 0, 0, 0
79002, 1060397, 1, 0, 0
79100, 680955, 0, 0, 0
79101, 1063367, 1, 0, 0
79200, 640731, 0, 0, 0
79200, 1042228, 1, 0, 0
79300, 679383, 0, 0, 0
79300, 1083041, 1, 0, 0
79400, 704376, 0, 0, 0
79400, 1115149, 1, 0, 0
79500, 664438, 0, 0, 0
79500, 1105321, 1, 0, 0
79600, 664618, 0, 0, 0
79600, 1111228, 1, 0, 0
79700, 1106064, 1, 0, 0
79700, 679548, 0, 0, 0
79800, 648571, 0, 0, 0
79800, 1125841, 1, 0, 0
79900, 646051, 0, 0, 0
79900, 1117823, 1, 0, 0
80000, 684587, 0, 0, 0
80001, 1110011, 1, 0, 0
80100, 670216, 0, 0, 0
80100, 1076968, 1, 0, 0
80200, 1096416, 1, 0, 0
80200, 670398, 0, 0, 0
80300, 727256, 0, 0, 0
80303, 1090301, 1, 0, 0
80400, 686149, 0, 0, 0
80400, 1275183, 1, 0, 0
80500, 675894, 0, 0, 0
80500, 1200997, 1, 0, 0
80600, 676148, 0, 0, 0
80602, 1131270, 1, 0, 0
80700, 649098, 0, 0, 0
80700, 1092442, 1, 0, 0
80800, 752989, 0, 0, 0
80800, 1105169, 1, 0, 0
80900, 693316, 0, 0, 0
80902, 1217511, 1, 0, 0
81000, 667833, 0, 0, 0
81001, 1080290, 1, 0, 0
81100, 680152, 0, 0, 0
81101, 1083346, 1, 0, 0
81200, 664391, 0, 0, 0
81200, 1097531, 1, 0, 0
81300, 704284, 0, 0, 0
81300, 1273248, 1, 0, 0
81400, 688756, 0, 0, 0
81401, 1269572, 1, 0, 0
81501, 1133728, 1, 0, 0
81502, 677876, 0, 0, 0
81600, 653105, 0, 0, 0
81600, 1172795, 1, 0, 0
81700, 647899, 0, 0, 0
81700, 1117950, 1, 0, 0
81800, 794263, 0, 0, 0
81801, 1462745, 1, 0, 0
81900, 1315862, 1, 0, 0
81900, 783440, 0, 0, 0
82000, 669081, 0, 0, 0
82000, 1166436, 1, 0, 0
82100, 1105147, 1, 0, 0
82101, 660591, 0, 0, 0
82200, 680400, 0, 0, 0
82202, 1122971, 1, 0, 0
82300, 662928, 0, 0, 0
82301, 1102783, 1, 0, 0
82400, 1121450, 1, 0, 0
82401, 651654, 0, 0, 0
82500, 1148386, 1, 0, 0
82501, 658967, 0, 0, 0
82600, 654113, 0, 0, 0
82601, 1142844, 1, 0, 0
82700, 1058727, 1, 0, 0
82700, 675667, 0, 0, 0
82800, 728025, 0, 0, 0
82801, 1134790, 1, 0, 0
82900, 1292797, 1, 0, 0
82901, 720037, 0, 0, 0
83000, 680916, 0, 0, 0
83002, 1150518, 1, 0, 0
83100, 704672, 0, 0, 0
83100, 1153481, 1, 0, 0
83200, 673906, 0, 0, 0
83201, 1167380, 1, 0, 0
83300, 833011, 0, 0, 0
83302, 1237209, 1, 0, 0
83400, 724200, 0, 0, 0
83401, 1195679, 1, 0, 0
83500, 1138780, 1, 0, 0
83500, 690523, 0, 0, 0
83600, 725331, 0, 0, 0
83601, 1086185, 1, 0, 0
83700, 1126808, 1, 0, 0
83701, 696324, 0, 0, 0
83800, 727149, 0, 0, 0
83801, 1168531, 1, 0, 0
83900, 1751044, 0, 0, 0
83900, 1099747, 1, 0, 0
84000, 1185949, 1, 0, 0
84000, 676776, 0, 0, 0
84100, 706840, 0, 0, 0
84100, 1152116, 1, 0, 0
84200, 688231, 0, 0, 0
84201, 1110224, 1, 0, 0
84300, 675075, 0, 0, 0
84300, 1156140, 1, 0, 0
84400, 667783, 0, 0, 0
84400, 1367124, 1, 0, 0
84500, 683862, 0, 0, 0
84501, 1123060, 1, 0, 0
84600, 1089856, 1, 0, 0
84600, 828494, 0, 0, 0
84700, 678929, 0, 0, 0
84704, 1066857, 1, 0, 0
84800, 1166781, 1, 0, 0
84801, 740823, 0, 0, 0
84900, 777620, 0, 0, 0
84903, 1148050, 1, 0, 0
85000, 742264, 0, 0, 0
85000, 1127995, 1, 0, 0
85100, 684812, 0, 0, 0
85102, 1147527, 1, 0, 0
85200, 690251, 0, 0, 0
85204, 1155036, 1, 0, 0
85302, 733054, 0, 0, 0
85302, 1211836, 1, 0, 0
85400, 1247496, 1, 0, 0
85401, 633321, 0, 0, 0
85500, 703496, 0, 0, 0
85501, 1181539, 1, 0, 0
85600, 693175, 0, 0, 0
85600, 1221382, 1, 0, 0
85700, 679542, 0, 0, 0
85700, 1109933, 1, 0, 0
85800, 680089, 0, 0, 0
85802, 1134743, 1, 0, 0
85900, 751030, 0, 0, 0
85900, 1215714, 1, 0, 0
86000, 790189, 0, 0, 0
86000, 1167975, 1, 0, 0
86100, 1207560, 1, 0, 0
86100, 679813, 0, 0, 0
86200, 1083670, 1, 0, 0
86201, 694639, 0, 0, 0
86300, 1137216, 1, 0, 0
86301, 724785, 0, 0, 0
86400, 776648, 0, 0, 0
86402, 1202317, 1, 0, 0
86500, 680665, 0, 0, 0
86501, 1137022, 1, 0, 0
86600, 1205449, 1, 0, 0
86600, 675144, 0, 0, 0
86700, 663925, 0, 0, 0
86700, 1112244, 1, 0, 0
86803, 1120650, 1, 0, 0
86803, 726665, 0, 0, 0
86900, 1042639, 1, 0, 0
86900, 680154, 0, 0, 0
87000, 736202, 0, 0, 0
87001, 1226158, 1, 0, 0
87100, 1147459, 1, 0, 0
87100, 689099, 0, 0, 0
87200, 682621, 0, 0, 0
87200, 1155831, 1, 0, 0
87300, 683165, 0, 0, 0
87300, 1198696, 1, 0, 0
87400, 1153260, 1, 0, 0
87401, 733004, 0, 0, 0
87500, 700725, 0, 0, 0
87501, 1173551, 1, 0, 0
87600, 702558, 0, 0, 0
87600, 1086207, 1, 0, 0
87700, 1139204, 1, 0, 0
87700, 699629, 0, 0, 0
87800, 1117053, 1, 0, 0
87801, 700739, 0, 0, 0
87900, 1351975, 1, 0, 0
87900, 730279, 0, 0, 0
88000, 1287300, 1, 0, 0
88001, 670329, 0, 0, 0
88100, 710333, 0, 0, 0
88102, 1073717, 1, 0, 0
88200, 703146, 0, 0, 0
88201, 1133465, 1, 0, 0
88300, 653940, 0, 0, 0
88302, 1081972, 1, 0, 0
88400, 690456, 0, 0, 0
88401, 1238935, 1, 0, 0
88500, 715151, 0, 0, 0
88500, 1130484, 1, 0, 0
88600, 1201317, 1, 0, 0
88601, 701802, 0, 0, 0
88700, 694677, 0, 0, 0
88702, 1135450, 1, 0, 0
88800, 664336, 0, 0, 0
88803, 1102293, 1, 0, 0
88900, 737103, 0, 0, 0
88902, 1111511, 1, 0, 0
89000, 676877, 0, 0, 0
89000, 1235160, 1, 0, 0
89100, 651695, 0, 0, 0
89100, 1090811, 1, 0, 0
89200, 1141443, 1, 0, 0
89200, 681065, 0, 0, 0
89300, 716556, 0, 0, 0
89300, 1036836, 1, 0, 0
89400, 664663, 0, 0, 0
89401, 1199303, 1, 0, 0
89500, 1300829, 1, 0, 0
89500, 661807, 0, 0, 0
89600, 676941, 0, 0, 0
89600, 1195336, 1, 0, 0
89700, 719647, 0, 0, 0
89700, 1145592, 1, 0, 0
89800, 662056, 0, 0, 0
89800, 1117839, 1, 0, 0
89900, 712956, 0, 0, 0
89900, 1357418, 1, 0, 0
90000, 1157362, 1, 0, 0
90000, 693272, 0, 0, 0
90000, 765541, 1, 0, 0
