100, 1447734, 0, 0, 0
201, 1420666, 0, 0, 0
301, 1472630, 0, 0, 0
400, 1397047, 0, 0, 0
500, 1429241, 0, 0, 0
600, 1420319, 0, 0, 0
700, 1484215, 0, 0, 0
800, 1426539, 0, 0, 0
900, 1589244, 0, 0, 0
1001, 1677563, 0, 0, 0
1101, 1492920, 0, 0, 0
1201, 1811378, 0, 0, 0
1300, 1634896, 0, 0, 0
1401, 1353200, 0, 0, 0
1510, 1796298, 0, 0, 0
1601, 1480624, 0, 0, 0
1701, 1537604, 0, 0, 0
1802, 1573597, 0, 0, 0
1900, 2230973, 0, 0, 0
2026, 2127181, 0, 0, 0
2100, 1475998, 0, 0, 0
2217, 1986952, 0, 0, 0
2301, 1496772, 0, 0, 0
2408, 2026030, 0, 0, 0
2500, 1470507, 0, 0, 0
2600, 1524500, 0, 0, 0
2700, 1553384, 0, 0, 0
2801, 1501858, 0, 0, 0
2919, 1898724, 0, 0, 0
3001, 1461462, 0, 0, 0
3100, 2207981, 0, 0, 0
3201, 1438109, 0, 0, 0
3300, 2158959, 0, 0, 0
3401, 1472855, 0, 0, 0
3500, 1979743, 0, 0, 0
3600, 2384100, 0, 0, 0
3700, 1328142, 0, 0, 0
3800, 1435801, 0, 0, 0
3900, 1503301, 0, 0, 0
4000, 2189887, 0, 0, 0
4102, 2420432, 0, 0, 0
4200, 1411578, 0, 0, 0
4300, 1648008, 0, 0, 0
4400, 1559014, 0, 0, 0
4501, 1373672, 0, 0, 0
4600, 1945569, 0, 0, 0
4700, 1988507, 0, 0, 0
4800, 1493954, 0, 0, 0
4900, 1477398, 0, 0, 0
5000, 2074525, 0, 0, 0
5100, 1551760, 0, 0, 0
5200, 2710377, 0, 0, 0
5328, 1903459, 0, 0, 0
5400, 1688462, 0, 0, 0
5501, 1858205, 0, 0, 0
5628, 1931275, 0, 0, 0
5705, 2555231, 0, 0, 0
5802, 1504500, 0, 0, 0
5901, 1479315, 0, 0, 0
6020, 2047867, 0, 0, 0
6101, 1495590, 0, 0, 0
6200, 1809527, 0, 0, 0
6300, 1486521, 0, 0, 0
6401, 2337878, 0, 0, 0
6500, 1487991, 0, 0, 0
6601, 2006450, 0, 0, 0
6701, 2079761, 0, 0, 0
6800, 2209653, 0, 0, 0
6900, 1420960, 0, 0, 0
7000, 1431341, 0, 0, 0
7101, 1432665, 0, 0, 0
7223, 2346737, 0, 0, 0
7300, 1533594, 0, 0, 0
7401, 1679873, 0, 0, 0
7501, 1409740, 0, 0, 0
7600, 1768246, 0, 0, 0
7700, 2134817, 0, 0, 0
7800, 2021532, 0, 0, 0
7900, 1397196, 0, 0, 0
8000, 1488187, 0, 0, 0
8100, 2114361, 0, 0, 0
8200, 1397720, 0, 0, 0
8300, 2359072, 0, 0, 0
8400, 1477840, 0, 0, 0
8500, 2272677, 0, 0, 0
8600, 1395217, 0, 0, 0
8712, 1968584, 0, 0, 0
8801, 2059915, 0, 0, 0
8901, 1612059, 0, 0, 0
9001, 1453968, 0, 0, 0
9119, 1997170, 0, 0, 0
9201, 1567157, 0, 0, 0
9304, 1920073, 0, 0, 0
9400, 1369054, 0, 0, 0
9500, 2220633, 0, 0, 0
9600, 1572588, 0, 0, 0
9700, 1517043, 0, 0, 0
9800, 2047168, 0, 0, 0
9900, 1690901, 0, 0, 0
10001, 1569168, 0, 0, 0
10101, 1386211, 0, 0, 0
10200, 1942179, 0, 0, 0
10300, 1584794, 0, 0, 0
10400, 2631842, 0, 0, 0
10512, 2043663, 0, 0, 0
10604, 1594555, 0, 0, 0
10700, 1411613, 0, 0, 0
10801, 1681568, 0, 0, 0
10900, 1603680, 0, 0, 0
11000, 1465783, 0, 0, 0
11100, 1613419, 0, 0, 0
11200, 1471698, 0, 0, 0
11300, 1434844, 0, 0, 0
11401, 2195507, 0, 0, 0
11500, 1394401, 0, 0, 0
11600, 2169757, 0, 0, 0
11701, 1553193, 0, 0, 0
11800, 1552446, 0, 0, 0
11902, 1659365, 0, 0, 0
12000, 1643374, 0, 0, 0
12101, 1538700, 0, 0, 0
12201, 1471097, 0, 0, 0
12301, 1513240, 0, 0, 0
12400, 1524279, 0, 0, 0
12500, 1558944, 0, 0, 0
12601, 2233632, 0, 0, 0
12700, 1530044, 0, 0, 0
12801, 1497357, 0, 0, 0
12901, 1666700, 0, 0, 0
13000, 1520656, 0, 0, 0
13100, 1519687, 0, 0, 0
13200, 1590960, 0, 0, 0
13301, 1450985, 0, 0, 0
13400, 1473774, 0, 0, 0
13500, 1522040, 0, 0, 0
13601, 1524143, 0, 0, 0
13700, 1349636, 0, 0, 0
13800, 1481553, 0, 0, 0
13900, 1477708, 0, 0, 0
14001, 1528085, 0, 0, 0
14101, 1587722, 0, 0, 0
14200, 1547354, 0, 0, 0
14301, 1556052, 0, 0, 0
14400, 1870394, 0, 0, 0
14500, 1444843, 0, 0, 0
14600, 1531209, 0, 0, 0
14700, 1814855, 0, 0, 0
14801, 1479027, 0, 0, 0
14901, 1562027, 0, 0, 0
15000, 1508066, 0, 0, 0
15101, 1615666, 0, 0, 0
15200, 1478178, 0, 0, 0
15301, 1436836, 0, 0, 0
15401, 1468678, 0, 0, 0
15500, 1433138, 0, 0, 0
15600, 1396467, 0, 0, 0
15700, 1553282, 0, 0, 0
15801, 1478127, 0, 0, 0
15901, 1540819, 0, 0, 0
16000, 1411862, 0, 0, 0
16100, 1488534, 0, 0, 0
16200, 1457491, 0, 0, 0
16300, 1386308, 0, 0, 0
16400, 1397156, 0, 0, 0
16500, 1428365, 0, 0, 0
16600, 1435224, 0, 0, 0
16700, 1508408, 0, 0, 0
16801, 1413082, 0, 0, 0
16901, 1818970, 0, 0, 0
17000, 1434201, 0, 0, 0
17101, 1502646, 0, 0, 0
17200, 1484286, 0, 0, 0
17300, 1444516, 0, 0, 0
17400, 1405582, 0, 0, 0
17501, 1373560, 0, 0, 0
17601, 1536852, 0, 0, 0
17700, 1440187, 0, 0, 0
17801, 1572989, 0, 0, 0
17900, 1598821, 0, 0, 0
18000, 1609592, 0, 0, 0
18100, 1534070, 0, 0, 0
18200, 1431771, 0, 0, 0
18300, 1488296, 0, 0, 0
18401, 1373526, 0, 0, 0
18500, 1497964, 0, 0, 0
18600, 1546443, 0, 0, 0
18701, 1394573, 0, 0, 0
18801, 1443538, 0, 0, 0
18901, 1432341, 0, 0, 0
19000, 1433901, 0, 0, 0
19100, 1493848, 0, 0, 0
19200, 1407015, 0, 0, 0
19300, 1399565, 0, 0, 0
19400, 1609045, 0, 0, 0
19500, 1383703, 0, 0, 0
19601, 1554049, 0, 0, 0
19700, 1460998, 0, 0, 0
19801, 1416931, 0, 0, 0
19902, 1479034, 0, 0, 0
20000, 1451024, 0, 0, 0
20101, 1452184, 0, 0, 0
20200, 1416012, 0, 0, 0
20300, 1503230, 0, 0, 0
20400, 1503907, 0, 0, 0
20501, 1429476, 0, 0, 0
20600, 1487802, 0, 0, 0
20700, 1443986, 0, 0, 0
20800, 1615131, 0, 0, 0
20900, 1509961, 0, 0, 0
21001, 1430393, 0, 0, 0
21100, 1511381, 0, 0, 0
21200, 1500280, 0, 0, 0
21301, 1418507, 0, 0, 0
21400, 1477878, 0, 0, 0
21501, 1443050, 0, 0, 0
21600, 1409068, 0, 0, 0
21700, 1501690, 0, 0, 0
21801, 1413539, 0, 0, 0
21901, 1401947, 0, 0, 0
22000, 1483132, 0, 0, 0
22100, 1517148, 0, 0, 0
22200, 1394857, 0, 0, 0
22301, 1402942, 0, 0, 0
22400, 1420289, 0, 0, 0
22500, 1502223, 0, 0, 0
22600, 1617396, 0, 0, 0
22701, 1418378, 0, 0, 0
22800, 1677178, 0, 0, 0
22900, 1487835, 0, 0, 0
23001, 1403215, 0, 0, 0
23100, 1408317, 0, 0, 0
23201, 1681842, 0, 0, 0
23300, 1422012, 0, 0, 0
23400, 1436886, 0, 0, 0
23501, 1463293, 0, 0, 0
23600, 1401609, 0, 0, 0
23700, 1446577, 0, 0, 0
23800, 1580859, 0, 0, 0
23900, 1447546, 0, 0, 0
24000, 1471316, 0, 0, 0
24101, 1496940, 0, 0, 0
24200, 1454286, 0, 0, 0
24300, 1581536, 0, 0, 0
24400, 1459124, 0, 0, 0
24501, 1518133, 0, 0, 0
24601, 1539407, 0, 0, 0
24700, 1390009, 0, 0, 0
24801, 1678929, 0, 0, 0
24900, 1681303, 0, 0, 0
25000, 1568344, 0, 0, 0
25100, 1501470, 0, 0, 0
25200, 1518481, 0, 0, 0
25300, 1538542, 0, 0, 0
25400, 1555684, 0, 0, 0
25501, 1417946, 0, 0, 0
25600, 1430649, 0, 0, 0
25700, 1447251, 0, 0, 0
25800, 1437821, 0, 0, 0
25901, 1431393, 0, 0, 0
26000, 1450843, 0, 0, 0
26100, 1412526, 0, 0, 0
26200, 1581021, 0, 0, 0
26300, 1437411, 0, 0, 0
26400, 1414938, 0, 0, 0
26501, 1446103, 0, 0, 0
26600, 1601275, 0, 0, 0
26700, 1438709, 0, 0, 0
26800, 1565858, 0, 0, 0
26900, 1464813, 0, 0, 0
27001, 1455543, 0, 0, 0
27101, 1476752, 0, 0, 0
27200, 1428626, 0, 0, 0
27300, 1487520, 0, 0, 0
27401, 1504750, 0, 0, 0
27500, 1595382, 0, 0, 0
27600, 1489806, 0, 0, 0
27701, 1422362, 0, 0, 0
27800, 1395257, 0, 0, 0
27900, 1434635, 0, 0, 0
28000, 1489176, 0, 0, 0
28101, 1429363, 0, 0, 0
28200, 1412720, 0, 0, 0
28301, 1463349, 0, 0, 0
28400, 1502654, 0, 0, 0
28500, 1423775, 0, 0, 0
28601, 1446883, 0, 0, 0
28700, 1469534, 0, 0, 0
28800, 1611453, 0, 0, 0
28901, 1477347, 0, 0, 0
29000, 1484790, 0, 0, 0
29100, 1615883, 0, 0, 0
29201, 1450715, 0, 0, 0
29300, 1482720, 0, 0, 0
29400, 1419697, 0, 0, 0
29501, 1530888, 0, 0, 0
29600, 1517140, 0, 0, 0
29701, 1484036, 0, 0, 0
29800, 1374631, 0, 0, 0
29901, 1420282, 0, 0, 0
30000, 1579070, 0, 0, 0
30100, 1422946, 0, 0, 0
30201, 1443270, 0, 0, 0
30300, 1444630, 0, 0, 0
30400, 1593357, 0, 0, 0
30501, 1374844, 0, 0, 0
30600, 1403012, 0, 0, 0
30700, 1425428, 0, 0, 0
30800, 1577349, 0, 0, 0
30900, 1471927, 0, 0, 0
31001, 1457465, 0, 0, 0
31100, 1630931, 0, 0, 0
31202, 1641746, 0, 0, 0
31300, 1578311, 0, 0, 0
31400, 1441800, 0, 0, 0
31501, 1504865, 0, 0, 0
31600, 1502030, 0, 0, 0
31701, 1392185, 0, 0, 0
31800, 1508361, 0, 0, 0
31901, 1454478, 0, 0, 0
32000, 1455007, 0, 0, 0
32100, 1580776, 0, 0, 0
32200, 1491654, 0, 0, 0
32301, 1380944, 0, 0, 0
32400, 1461027, 0, 0, 0
32500, 1460280, 0, 0, 0
32601, 1484256, 0, 0, 0
32700, 1421305, 0, 0, 0
32801, 1517917, 0, 0, 0
32901, 1470816, 0, 0, 0
33000, 1604587, 0, 0, 0
33100, 1653137, 0, 0, 0
33200, 1435922, 0, 0, 0
33300, 1407518, 0, 0, 0
33400, 1532659, 0, 0, 0
33500, 1445651, 0, 0, 0
33600, 1564114, 0, 0, 0
33700, 1526023, 0, 0, 0
33800, 1515961, 0, 0, 0
33901, 1629580, 0, 0, 0
34000, 1406004, 0, 0, 0
34101, 1382948, 0, 0, 0
34200, 1459212, 0, 0, 0
34300, 1506155, 0, 0, 0
34400, 1514923, 0, 0, 0
34500, 1468595, 0, 0, 0
34601, 1504230, 0, 0, 0
34701, 1519625, 0, 0, 0
34800, 1616990, 0, 0, 0
34900, 1609500, 0, 0, 0
35000, 1449608, 0, 0, 0
35100, 1440125, 0, 0, 0
35200, 1522573, 0, 0, 0
35300, 1441853, 0, 0, 0
35400, 1588866, 0, 0, 0
35500, 1489541, 0, 0, 0
35600, 1517498, 0, 0, 0
35700, 1396628, 0, 0, 0
35801, 1422977, 0, 0, 0
35900, 1397588, 0, 0, 0
36000, 1447719, 0, 0, 0
36101, 1451511, 0, 0, 0
36200, 1376410, 0, 0, 0
36300, 1518788, 0, 0, 0
36400, 1362363, 0, 0, 0
36501, 1398932, 0, 0, 0
36600, 1497810, 0, 0, 0
36700, 1449676, 0, 0, 0
36801, 1439831, 0, 0, 0
36900, 1455193, 0, 0, 0
37001, 1480682, 0, 0, 0
37100, 1567625, 0, 0, 0
37201, 1452256, 0, 0, 0
37300, 1522790, 0, 0, 0
37401, 1515830, 0, 0, 0
37500, 1401629, 0, 0, 0
37601, 1494380, 0, 0, 0
37700, 1465529, 0, 0, 0
37801, 1516986, 0, 0, 0
37900, 1487410, 0, 0, 0
38001, 1451524, 0, 0, 0
38100, 1501128, 0, 0, 0
38201, 1525479, 0, 0, 0
38301, 1428514, 0, 0, 0
38400, 1431274, 0, 0, 0
38500, 1456356, 0, 0, 0
38601, 1388547, 0, 0, 0
38701, 1429863, 0, 0, 0
38800, 1389657, 0, 0, 0
38901, 1401419, 0, 0, 0
39001, 1448495, 0, 0, 0
39101, 1560777, 0, 0, 0
39200, 1398590, 0, 0, 0
39301, 1437354, 0, 0, 0
39401, 1384928, 0, 0, 0
39501, 1467555, 0, 0, 0
39601, 1496655, 0, 0, 0
39700, 1432173, 0, 0, 0
39800, 1636673, 0, 0, 0
39901, 1436589, 0, 0, 0
40001, 1510703, 0, 0, 0
40100, 1423883, 0, 0, 0
40201, 1476727, 0, 0, 0
40300, 1396618, 0, 0, 0
40401, 1375297, 0, 0, 0
40500, 1526338, 0, 0, 0
40601, 1434524, 0, 0, 0
40701, 1452649, 0, 0, 0
40801, 1419414, 0, 0, 0
40900, 1422289, 0, 0, 0
41000, 1436661, 0, 0, 0
41100, 1428942, 0, 0, 0
41200, 1501623, 0, 0, 0
41301, 1414029, 0, 0, 0
41400, 1391996, 0, 0, 0
41500, 1383002, 0, 0, 0
41600, 1412781, 0, 0, 0
41701, 1570784, 0, 0, 0
41800, 1545467, 0, 0, 0
41900, 1510729, 0, 0, 0
42001, 1443617, 0, 0, 0
42100, 1448736, 0, 0, 0
42200, 1431164, 0, 0, 0
42300, 1385317, 0, 0, 0
42400, 1732807, 0, 0, 0
42500, 1462828, 0, 0, 0
42600, 1577009, 0, 0, 0
42700, 1379345, 0, 0, 0
42800, 1443981, 0, 0, 0
42900, 1508901, 0, 0, 0
43000, 1691360, 0, 0, 0
43100, 1510089, 0, 0, 0
43201, 1421198, 0, 0, 0
43300, 1441148, 0, 0, 0
43400, 1419328, 0, 0, 0
43500, 1457153, 0, 0, 0
43601, 1537404, 0, 0, 0
43700, 1426044, 0, 0, 0
43800, 1506902, 0, 0, 0
43900, 1538494, 0, 0, 0
44000, 1422417, 0, 0, 0
44101, 1436378, 0, 0, 0
44200, 1567290, 0, 0, 0
44300, 1376095, 0, 0, 0
44400, 1422877, 0, 0, 0
44500, 1510870, 0, 0, 0
44600, 1478385, 0, 0, 0
44700, 1483298, 0, 0, 0
44800, 1537506, 0, 0, 0
44900, 1482363, 0, 0, 0
45000, 1408638, 0, 0, 0
45100, 1488760, 0, 0, 0
45200, 1418730, 0, 0, 0
45300, 1467745, 0, 0, 0
45401, 1540342, 0, 0, 0
45501, 1366743, 0, 0, 0
45600, 1481574, 0, 0, 0
45701, 1505312, 0, 0, 0
45800, 1481490, 0, 0, 0
45901, 1471003, 0, 0, 0
46000, 1571364, 0, 0, 0
46100, 1436080, 0, 0, 0
46200, 1479195, 0, 0, 0
46300, 1496470, 0, 0, 0
46400, 1514335, 0, 0, 0
46501, 1479825, 0, 0, 0
46601, 1410180, 0, 0, 0
46701, 1489476, 0, 0, 0
46800, 1655650, 0, 0, 0
46901, 1517247, 0, 0, 0
47000, 1506685, 0, 0, 0
47100, 1500903, 0, 0, 0
47201, 1425895, 0, 0, 0
47300, 1379605, 0, 0, 0
47400, 1552743, 0, 0, 0
47500, 1442341, 0, 0, 0
47600, 1409784, 0, 0, 0
47700, 1432211, 0, 0, 0
47801, 1509608, 0, 0, 0
47900, 1536692, 0, 0, 0
48000, 1517104, 0, 0, 0
48100, 1505038, 0, 0, 0
48200, 1455167, 0, 0, 0
48300, 1468008, 0, 0, 0
48400, 1406017, 0, 0, 0
48500, 1536436, 0, 0, 0
48601, 1551675, 0, 0, 0
48700, 1546998, 0, 0, 0
48801, 1493027, 0, 0, 0
48900, 1393864, 0, 0, 0
49000, 1467991, 0, 0, 0
49101, 1404355, 0, 0, 0
49200, 1481997, 0, 0, 0
49300, 1424919, 0, 0, 0
49401, 1412462, 0, 0, 0
49500, 1548624, 0, 0, 0
49600, 1489289, 0, 0, 0
49700, 1416505, 0, 0, 0
49800, 1478882, 0, 0, 0
49900, 1457202, 0, 0, 0
50000, 1580314, 0, 0, 0
50100, 1439817, 0, 0, 0
50200, 1455092, 0, 0, 0
50301, 1435903, 0, 0, 0
50400, 1459667, 0, 0, 0
50500, 1467313, 0, 0, 0
50600, 1534713, 0, 0, 0
50701, 1479389, 0, 0, 0
50800, 1459336, 0, 0, 0
50901, 1500348, 0, 0, 0
51001, 1437033, 0, 0, 0
51101, 1455147, 0, 0, 0
51201, 1515194, 0, 0, 0
51300, 1408747, 0, 0, 0
51400, 1598639, 0, 0, 0
51500, 1489452, 0, 0, 0
51600, 1478777, 0, 0, 0
51700, 1520492, 0, 0, 0
51801, 1478219, 0, 0, 0
51901, 1410742, 0, 0, 0
52002, 1650885, 0, 0, 0
52100, 1563006, 0, 0, 0
52200, 1447540, 0, 0, 0
52301, 1449510, 0, 0, 0
52400, 1464669, 0, 0, 0
52501, 1455291, 0, 0, 0
52600, 1657046, 0, 0, 0
52700, 1461010, 0, 0, 0
52800, 1490815, 0, 0, 0
52900, 1470492, 0, 0, 0
53000, 1535476, 0, 0, 0
53100, 1466863, 0, 0, 0
53200, 1469858, 0, 0, 0
53300, 1425276, 0, 0, 0
53400, 1453023, 0, 0, 0
53500, 1402420, 0, 0, 0
53600, 1488054, 0, 0, 0
53701, 1399926, 0, 0, 0
53800, 1420209, 0, 0, 0
53901, 1516148, 0, 0, 0
54000, 1455301, 0, 0, 0
54100, 1424709, 0, 0, 0
54200, 1647742, 0, 0, 0
54301, 1437586, 0, 0, 0
54400, 1377234, 0, 0, 0
54500, 1436968, 0, 0, 0
54601, 1656307, 0, 0, 0
54700, 1391634, 0, 0, 0
54800, 1517158, 0, 0, 0
54900, 1510696, 0, 0, 0
55000, 1447937, 0, 0, 0
55101, 1399770, 0, 0, 0
55201, 1562580, 0, 0, 0
55300, 1440616, 0, 0, 0
55401, 1373424, 0, 0, 0
55501, 1403799, 0, 0, 0
55600, 1444182, 0, 0, 0
55700, 1532068, 0, 0, 0
55801, 1432795, 0, 0, 0
55901, 1409336, 0, 0, 0
56000, 1441749, 0, 0, 0
56100, 1476449, 0, 0, 0
56200, 1430933, 0, 0, 0
56300, 1423044, 0, 0, 0
56400, 1416084, 0, 0, 0
56500, 1383698, 0, 0, 0
56600, 1516271, 0, 0, 0
56700, 1400360, 0, 0, 0
56800, 1422981, 0, 0, 0
56900, 1447192, 0, 0, 0
57000, 1561989, 0, 0, 0
57100, 1394797, 0, 0, 0
57200, 1531951, 0, 0, 0
57300, 1473947, 0, 0, 0
57400, 1396548, 0, 0, 0
57501, 1440723, 0, 0, 0
57600, 1435792, 0, 0, 0
57701, 1459253, 0, 0, 0
57800, 1507341, 0, 0, 0
57900, 1437982, 0, 0, 0
58001, 1480793, 0, 0, 0
58100, 1487525, 0, 0, 0
58200, 1461101, 0, 0, 0
58301, 1705572, 0, 0, 0
58400, 1477644, 0, 0, 0
58500, 1474444, 0, 0, 0
58600, 1514708, 0, 0, 0
58701, 1413709, 0, 0, 0
58800, 1416437, 0, 0, 0
58901, 1455963, 0, 0, 0
59000, 1361305, 0, 0, 0
59101, 1451207, 0, 0, 0
59200, 1473049, 0, 0, 0
59301, 1601206, 0, 0, 0
59400, 1572132, 0, 0, 0
59500, 1469840, 0, 0, 0
59600, 1639715, 0, 0, 0
59701, 1501163, 0, 0, 0
59801, 1466505, 0, 0, 0
59900, 1501234, 0, 0, 0
60002, 1548788, 0, 0, 0
