113, 36338454, 1, 0, 0
216, 34177007, 1, 0, 0
330, 31233641, 1, 0, 0
406, 37230281, 1, 0, 0
513, 36976687, 1, 0, 0
602, 38247574, 1, 0, 0
705, 35929232, 1, 0, 0
809, 35524052, 1, 0, 0
921, 35498751, 1, 0, 0
1031, 35051946, 1, 0, 0
1104, 36056608, 1, 0, 0
1213, 36593106, 1, 0, 0
1320, 35122965, 1, 0, 0
1434, 36284764, 1, 0, 0
1506, 35583499, 1, 0, 0
1609, 34842300, 1, 0, 0
1729, 37859109, 1, 0, 0
1801, 36322997, 1, 0, 0
1906, 36284655, 1, 0, 0
2030, 33008264, 1, 0, 0
2103, 36123507, 1, 0, 0
2209, 35298751, 1, 0, 0
2307, 34507415, 1, 0, 0
2427, 32809708, 1, 0, 0
2500, 35316334, 1, 0, 0
2606, 35364546, 1, 0, 0
2723, 37012298, 1, 0, 0
2801, 37791876, 1, 0, 0
2906, 36384657, 1, 0, 0
3020, 36459970, 1, 0, 0
3127, 35592491, 1, 0, 0
3211, 39744848, 1, 0, 0
3335, 40203760, 1, 0, 0
3428, 47237019, 1, 0, 0
3504, 39455569, 1, 0, 0
3635, 41381585, 1, 0, 0
3714, 38766877, 1, 0, 0
3802, 43394728, 1, 0, 0
3922, 40069319, 1, 0, 0
4024, 34760467, 1, 0, 0
4116, 37826574, 1, 0, 0
4213, 35521470, 1, 0, 0
4319, 35639265, 1, 0, 0
4431, 35839804, 1, 0, 0
4501, 35521973, 1, 0, 0
4636, 42237351, 1, 0, 0
4713, 38600447, 1, 0, 0
4831, 40289385, 1, 0, 0
4917, 40381412, 1, 0, 0
5038, 39240538, 1, 0, 0
5108, 37850957, 1, 0, 0
5212, 33961138, 1, 0, 0
5311, 32126603, 1, 0, 0
5415, 34018808, 1, 0, 0
5518, 34208557, 1, 0, 0
5603, 32166635, 1, 0, 0
5714, 35800326, 1, 0, 0
5819, 36104053, 1, 0, 0
5937, 36912913, 1, 0, 0
6012, 37495180, 1, 0, 0
6119, 32226572, 1, 0, 0
6235, 36101759, 1, 0, 0
6303, 34690990, 1, 0, 0
6422, 37916180, 1, 0, 0
6528, 36367664, 1, 0, 0
6604, 36832435, 1, 0, 0
6709, 34448317, 1, 0, 0
6821, 35484721, 1, 0, 0
6926, 35697788, 1, 0, 0
7000, 35124950, 1, 0, 0
7117, 37812117, 1, 0, 0
7227, 37725889, 1, 0, 0
7302, 35753509, 1, 0, 0
7409, 30343384, 1, 0, 0
7516, 35043566, 1, 0, 0
7629, 36208214, 1, 0, 0
7736, 35352345, 1, 0, 0
7805, 34675979, 1, 0, 0
7920, 36007866, 1, 0, 0
8017, 34324844, 1, 0, 0
8124, 34455677, 1, 0, 0
8237, 35679756, 1, 0, 0
8301, 32977705, 1, 0, 0
8412, 36447599, 1, 0, 0
8519, 36196960, 1, 0, 0
8635, 36639777, 1, 0, 0
8712, 37384998, 1, 0, 0
8819, 37184592, 1, 0, 0
8936, 36871438, 1, 0, 0
9012, 37591306, 1, 0, 0
9109, 34037354, 1, 0, 0
9222, 35007256, 1, 0, 0
9330, 36958509, 1, 0, 0
9403, 35632756, 1, 0, 0
9509, 34556787, 1, 0, 0
9626, 37360833, 1, 0, 0
9734, 35858566, 1, 0, 0
9807, 36587350, 1, 0, 0
9920, 36342580, 1, 0, 0
10029, 36582129, 1, 0, 0
10106, 37289942, 1, 0, 0
10223, 37249876, 1, 0, 0
10329, 35150802, 1, 0, 0
10401, 35852182, 1, 0, 0
10504, 34984890, 1, 0, 0
10617, 35370869, 1, 0, 0
10725, 36720002, 1, 0, 0
10801, 37586019, 1, 0, 0
10915, 36460599, 1, 0, 0
11025, 37367531, 1, 0, 0
11139, 35880168, 1, 0, 0
11212, 35863038, 1, 0, 0
11319, 36447647, 1, 0, 0
11431, 35766791, 1, 0, 0
11507, 30573054, 1, 0, 0
11622, 38588198, 1, 0, 0
11732, 35257314, 1, 0, 0
11803, 35316939, 1, 0, 0
11918, 36385426, 1, 0, 0
12007, 34279706, 1, 0, 0
12128, 40052722, 1, 0, 0
12202, 37160567, 1, 0, 0
12324, 41189214, 1, 0, 0
12407, 39546539, 1, 0, 0
12526, 39612404, 1, 0, 0
12628, 33960557, 1, 0, 0
12705, 36538039, 1, 0, 0
12814, 36612430, 1, 0, 0
12916, 34278923, 1, 0, 0
13003, 31738053, 1, 0, 0
13116, 36957635, 1, 0, 0
13200, 41618994, 1, 0, 0
13321, 39203649, 1, 0, 0
13406, 42589755, 1, 0, 0
13526, 39369694, 1, 0, 0
13610, 41310558, 1, 0, 0
13733, 40260947, 1, 0, 0
13813, 41575652, 1, 0, 0
13926, 37854720, 1, 0, 0
14002, 35844595, 1, 0, 0
14115, 32095285, 1, 0, 0
14230, 37117961, 1, 0, 0
14337, 34759402, 1, 0, 0
14414, 37359477, 1, 0, 0
14534, 39456871, 1, 0, 0
14621, 45721953, 1, 0, 0
14707, 39192874, 1, 0, 0
14824, 38902414, 1, 0, 0
14910, 41303538, 1, 0, 0
15027, 38534239, 1, 0, 0
15102, 39236703, 1, 0, 0
15222, 39423213, 1, 0, 0
15307, 39845308, 1, 0, 0
15425, 40062493, 1, 0, 0
15515, 41536824, 1, 0, 0
15624, 36590386, 1, 0, 0
15742, 37584162, 1, 0, 0
15828, 44486767, 1, 0, 0
15905, 38189259, 1, 0, 0
16026, 39145584, 1, 0, 0
16110, 42235531, 1, 0, 0
16232, 40037432, 1, 0, 0
16316, 41789265, 1, 0, 0
16437, 39325256, 1, 0, 0
16504, 36182926, 1, 0, 0
16618, 36585755, 1, 0, 0
16729, 36595576, 1, 0, 0
16801, 36344342, 1, 0, 0
16909, 35110760, 1, 0, 0
17023, 35921863, 1, 0, 0
17127, 34274872, 1, 0, 0
17200, 36356953, 1, 0, 0
17306, 35927487, 1, 0, 0
17422, 36407794, 1, 0, 0
17526, 35505928, 1, 0, 0
17601, 36663081, 1, 0, 0
17720, 37684484, 1, 0, 0
17826, 35655925, 1, 0, 0
17936, 35517864, 1, 0, 0
18011, 37202595, 1, 0, 0
18121, 37342304, 1, 0, 0
18234, 36151781, 1, 0, 0
18309, 38258018, 1, 0, 0
18414, 35555711, 1, 0, 0
18536, 37714969, 1, 0, 0
18608, 35773341, 1, 0, 0
18717, 36914727, 1, 0, 0
18836, 37817531, 1, 0, 0
18915, 39424748, 1, 0, 0
19040, 40529637, 1, 0, 0
19128, 42842184, 1, 0, 0
19218, 45016546, 1, 0, 0
19301, 41235237, 1, 0, 0
19438, 44903953, 1, 0, 0
19521, 39866917, 1, 0, 0
19619, 46307716, 1, 0, 0
19711, 47787147, 1, 0, 0
19805, 46080302, 1, 0, 0
19948, 40134229, 1, 0, 0
20043, 47674315, 1, 0, 0
20138, 47333926, 1, 0, 0
20200, 53553740, 1, 0, 0
20312, 43742875, 1, 0, 0
20429, 42410688, 1, 0, 0
20503, 36726936, 1, 0, 0
20610, 35228237, 1, 0, 0
20724, 35640220, 1, 0, 0
20800, 37335153, 1, 0, 0
20910, 37113525, 1, 0, 0
21027, 37398194, 1, 0, 0
21108, 37869882, 1, 0, 0
21208, 35603961, 1, 0, 0
21320, 36208119, 1, 0, 0
21428, 36168545, 1, 0, 0
21505, 37541757, 1, 0, 0
21622, 37120800, 1, 0, 0
21700, 38657270, 1, 0, 0
21805, 35721261, 1, 0, 0
21928, 32821610, 1, 0, 0
22033, 35281694, 1, 0, 0
22108, 36674729, 1, 0, 0
22214, 36392584, 1, 0, 0
22332, 36761640, 1, 0, 0
22406, 36651137, 1, 0, 0
22513, 37031927, 1, 0, 0
22624, 34676634, 1, 0, 0
22735, 31953867, 1, 0, 0
22808, 36093939, 1, 0, 0
22915, 36040619, 1, 0, 0
23030, 36767311, 1, 0, 0
23103, 35477007, 1, 0, 0
23209, 34476068, 1, 0, 0
23315, 34669842, 1, 0, 0
23423, 37109898, 1, 0, 0
23502, 38590847, 1, 0, 0
23613, 36492428, 1, 0, 0
23731, 37020412, 1, 0, 0
23806, 36931340, 1, 0, 0
23912, 36758591, 1, 0, 0
24017, 33136670, 1, 0, 0
24124, 36263956, 1, 0, 0
24237, 35816311, 1, 0, 0
24311, 36268347, 1, 0, 0
24420, 36282883, 1, 0, 0
24533, 36088473, 1, 0, 0
24608, 36440462, 1, 0, 0
24717, 32019151, 1, 0, 0
24824, 35337749, 1, 0, 0
24900, 35729888, 1, 0, 0
25004, 26453245, 1, 0, 0
25124, 36499614, 1, 0, 0
25200, 37119284, 1, 0, 0
25315, 37947179, 1, 0, 0
25418, 35088295, 1, 0, 0
25518, 33656322, 1, 0, 0
25639, 32252992, 1, 0, 0
25715, 30165974, 1, 0, 0
25824, 37178965, 1, 0, 0
25936, 35365716, 1, 0, 0
26006, 36130209, 1, 0, 0
26116, 35432907, 1, 0, 0
26223, 36123053, 1, 0, 0
26300, 30155931, 1, 0, 0
26414, 35882467, 1, 0, 0
26527, 37388715, 1, 0, 0
26613, 42437321, 1, 0, 0
26741, 41445726, 1, 0, 0
26825, 42704633, 1, 0, 0
26928, 33983929, 1, 0, 0
27003, 29838658, 1, 0, 0
27109, 34993371, 1, 0, 0
27213, 34409867, 1, 0, 0
27317, 34485551, 1, 0, 0
27402, 31673517, 1, 0, 0
27506, 35571428, 1, 0, 0
27624, 36518660, 1, 0, 0
27731, 50276909, 1, 0, 0
27840, 54116652, 1, 0, 0
27959, 45330023, 1, 0, 0
28026, 64371180, 1, 0, 0
28113, 51167649, 1, 0, 0
28219, 34694630, 1, 0, 0
28320, 34744038, 1, 0, 0
28411, 32568483, 1, 0, 0
28516, 35815106, 1, 0, 0
28630, 36467343, 1, 0, 0
28703, 34320924, 1, 0, 0
28811, 31987272, 1, 0, 0
28920, 35442424, 1, 0, 0
29030, 31195590, 1, 0, 0
29107, 37491612, 1, 0, 0
29221, 36042164, 1, 0, 0
29325, 36088799, 1, 0, 0
29400, 35308840, 1, 0, 0
29505, 29449093, 1, 0, 0
29621, 36625857, 1, 0, 0
29729, 36736327, 1, 0, 0
29801, 33886460, 1, 0, 0
29909, 34887548, 1, 0, 0
30017, 36428741, 1, 0, 0
30133, 37602047, 1, 0, 0
30202, 33969847, 1, 0, 0
30314, 36689788, 1, 0, 0
30427, 36635249, 1, 0, 0
30537, 35859283, 1, 0, 0
30609, 35457864, 1, 0, 0
30715, 36071483, 1, 0, 0
30829, 35647207, 1, 0, 0
30906, 37673766, 1, 0, 0
31003, 33475147, 1, 0, 0
31110, 35444083, 1, 0, 0
31225, 35942814, 1, 0, 0
31329, 36037853, 1, 0, 0
31404, 36020005, 1, 0, 0
31514, 35573951, 1, 0, 0
31628, 36877419, 1, 0, 0
31736, 30636511, 1, 0, 0
31808, 35105024, 1, 0, 0
31918, 37031774, 1, 0, 0
32026, 35497164, 1, 0, 0
32102, 37243778, 1, 0, 0
32220, 37143119, 1, 0, 0
32327, 35727920, 1, 0, 0
32402, 36190092, 1, 0, 0
32510, 36928787, 1, 0, 0
32623, 35863847, 1, 0, 0
32711, 32692353, 1, 0, 0
32800, 32460987, 1, 0, 0
32915, 31524225, 1, 0, 0
33013, 35020828, 1, 0, 0
33102, 27179828, 1, 0, 0
33217, 36489817, 1, 0, 0
33323, 35973360, 1, 0, 0
33437, 36049021, 1, 0, 0
33511, 36713590, 1, 0, 0
33621, 31661576, 1, 0, 0
33743, 38384969, 1, 0, 0
33808, 36163728, 1, 0, 0
33920, 35513535, 1, 0, 0
34000, 38160087, 1, 0, 0
34109, 36884957, 1, 0, 0
34233, 38899458, 1, 0, 0
34309, 37382753, 1, 0, 0
34417, 32915696, 1, 0, 0
34526, 29371642, 1, 0, 0
34600, 35792912, 1, 0, 0
34710, 36086398, 1, 0, 0
34818, 35211071, 1, 0, 0
34929, 31915788, 1, 0, 0
35006, 37751613, 1, 0, 0
35113, 36329290, 1, 0, 0
35225, 35014213, 1, 0, 0
35334, 36852898, 1, 0, 0
35411, 38761156, 1, 0, 0
35527, 36942957, 1, 0, 0
35610, 39329695, 1, 0, 0
35744, 44127767, 1, 0, 0
35831, 44078580, 1, 0, 0
35915, 42239998, 1, 0, 0
36008, 43655602, 1, 0, 0
36108, 35239432, 1, 0, 0
36216, 35336215, 1, 0, 0
36327, 36166136, 1, 0, 0
36401, 29419375, 1, 0, 0
36509, 36004206, 1, 0, 0
36624, 36709126, 1, 0, 0
36733, 36526327, 1, 0, 0
36811, 37766950, 1, 0, 0
36917, 35942663, 1, 0, 0
37035, 37278109, 1, 0, 0
37111, 36957147, 1, 0, 0
37215, 36131935, 1, 0, 0
37322, 35336088, 1, 0, 0
37406, 31775605, 1, 0, 0
37515, 36306889, 1, 0, 0
37632, 37005215, 1, 0, 0
37705, 35776594, 1, 0, 0
37810, 34630048, 1, 0, 0
37915, 36037004, 1, 0, 0
38033, 31817827, 1, 0, 0
38109, 37216155, 1, 0, 0
38221, 38191660, 1, 0, 0
38330, 35511288, 1, 0, 0
38403, 35853364, 1, 0, 0
38513, 36484136, 1, 0, 0
38632, 32482619, 1, 0, 0
38706, 36238262, 1, 0, 0
38813, 37098583, 1, 0, 0
38931, 38305426, 1, 0, 0
39003, 33891957, 1, 0, 0
39106, 35500165, 1, 0, 0
39222, 31281470, 1, 0, 0
39301, 37725658, 1, 0, 0
39406, 36727093, 1, 0, 0
39521, 31098968, 1, 0, 0
39628, 36583143, 1, 0, 0
39701, 35877710, 1, 0, 0
39817, 31855611, 1, 0, 0
39932, 38003852, 1, 0, 0
40006, 35774757, 1, 0, 0
40115, 37491060, 1, 0, 0
40236, 37347701, 1, 0, 0
40304, 36583190, 1, 0, 0
40416, 36372948, 1, 0, 0
40526, 37069607, 1, 0, 0
40600, 36488163, 1, 0, 0
40713, 36463875, 1, 0, 0
40816, 35962367, 1, 0, 0
40935, 31826603, 1, 0, 0
41009, 36406176, 1, 0, 0
41114, 35887366, 1, 0, 0
41221, 35511148, 1, 0, 0
41335, 35438510, 1, 0, 0
41412, 37975611, 1, 0, 0
41523, 37832701, 1, 0, 0
41631, 35769773, 1, 0, 0
41710, 38930486, 1, 0, 0
41838, 39787849, 1, 0, 0
41917, 39985776, 1, 0, 0
42031, 39117190, 1, 0, 0
42107, 38300940, 1, 0, 0
42227, 37645639, 1, 0, 0
42301, 37286055, 1, 0, 0
42411, 32016119, 1, 0, 0
42529, 36614741, 1, 0, 0
42604, 37690599, 1, 0, 0
42711, 36900483, 1, 0, 0
42829, 36751397, 1, 0, 0
42928, 33278414, 1, 0, 0
43003, 36717475, 1, 0, 0
43109, 35910781, 1, 0, 0
43224, 36509975, 1, 0, 0
43300, 37910656, 1, 0, 0
43405, 34718985, 1, 0, 0
43508, 34015176, 1, 0, 0
43621, 36584566, 1, 0, 0
43700, 30484367, 1, 0, 0
43812, 37784579, 1, 0, 0
43921, 35569059, 1, 0, 0
44030, 36435461, 1, 0, 0
44102, 36019641, 1, 0, 0
44213, 35839867, 1, 0, 0
44326, 36654850, 1, 0, 0
44402, 37771042, 1, 0, 0
44515, 37239137, 1, 0, 0
44624, 36884997, 1, 0, 0
44707, 30984618, 1, 0, 0
44814, 36366372, 1, 0, 0
44931, 32658640, 1, 0, 0
45009, 38560315, 1, 0, 0
45112, 34496217, 1, 0, 0
45231, 37216866, 1, 0, 0
45304, 37048121, 1, 0, 0
45411, 36993613, 1, 0, 0
45515, 35439211, 1, 0, 0
45632, 35727729, 1, 0, 0
45706, 35788337, 1, 0, 0
45818, 37525472, 1, 0, 0
45925, 36327816, 1, 0, 0
46000, 36914655, 1, 0, 0
46116, 38338540, 1, 0, 0
46220, 34337932, 1, 0, 0
46336, 36612611, 1, 0, 0
46408, 35869046, 1, 0, 0
46516, 36784368, 1, 0, 0
46627, 36053133, 1, 0, 0
46700, 35464394, 1, 0, 0
46801, 33675016, 1, 0, 0
46913, 35638880, 1, 0, 0
47019, 36706550, 1, 0, 0
47135, 36358523, 1, 0, 0
47207, 35821578, 1, 0, 0
47317, 37040249, 1, 0, 0
47433, 36638993, 1, 0, 0
47505, 36102180, 1, 0, 0
47612, 36824536, 1, 0, 0
47723, 35541358, 1, 0, 0
47837, 37010215, 1, 0, 0
47912, 36470836, 1, 0, 0
48018, 35026328, 1, 0, 0
48124, 36295713, 1, 0, 0
48239, 36088002, 1, 0, 0
48315, 37703003, 1, 0, 0
48430, 38417785, 1, 0, 0
48503, 36118108, 1, 0, 0
48611, 34920773, 1, 0, 0
48724, 37996266, 1, 0, 0
48837, 36726338, 1, 0, 0
48910, 36849424, 1, 0, 0
49018, 36216726, 1, 0, 0
49136, 36529284, 1, 0, 0
49213, 39018617, 1, 0, 0
49311, 33275607, 1, 0, 0
49424, 32343485, 1, 0, 0
49541, 36349746, 1, 0, 0
49617, 37753474, 1, 0, 0
49723, 37044051, 1, 0, 0
49825, 33540845, 1, 0, 0
49900, 35176995, 1, 0, 0
50013, 36969740, 1, 0, 0
50121, 36880377, 1, 0, 0
50230, 35934066, 1, 0, 0
50305, 36903308, 1, 0, 0
50417, 36185847, 1, 0, 0
50523, 34882552, 1, 0, 0
50634, 36580666, 1, 0, 0
50707, 36213959, 1, 0, 0
50817, 35825174, 1, 0, 0
50928, 35761831, 1, 0, 0
51001, 36299119, 1, 0, 0
51108, 34889488, 1, 0, 0
51216, 37322894, 1, 0, 0
51332, 36673307, 1, 0, 0
51407, 38625729, 1, 0, 0
51522, 31551448, 1, 0, 0
51628, 35354795, 1, 0, 0
51703, 36955133, 1, 0, 0
51816, 36963028, 1, 0, 0
51925, 36702783, 1, 0, 0
52034, 35448620, 1, 0, 0
52105, 36023415, 1, 0, 0
52219, 37505684, 1, 0, 0
52334, 37081042, 1, 0, 0
52402, 35638240, 1, 0, 0
52510, 30464626, 1, 0, 0
52627, 36633147, 1, 0, 0
52702, 35667836, 1, 0, 0
52810, 31812532, 1, 0, 0
52931, 33868745, 1, 0, 0
53017, 40939545, 1, 0, 0
53136, 39053928, 1, 0, 0
53215, 41239311, 1, 0, 0
53302, 40732825, 1, 0, 0
53422, 39272799, 1, 0, 0
53508, 42806682, 1, 0, 0
53633, 40713536, 1, 0, 0
53719, 43488209, 1, 0, 0
53801, 43548170, 1, 0, 0
53933, 41761610, 1, 0, 0
54021, 43605719, 1, 0, 0
54138, 38600492, 1, 0, 0
54228, 43340603, 1, 0, 0
54303, 37832250, 1, 0, 0
54421, 38966383, 1, 0, 0
54507, 42066281, 1, 0, 0
54631, 40504457, 1, 0, 0
54706, 39871615, 1, 0, 0
54826, 39469441, 1, 0, 0
54907, 37504702, 1, 0, 0
55012, 35388778, 1, 0, 0
55127, 37137553, 1, 0, 0
55204, 37989153, 1, 0, 0
55325, 41386828, 1, 0, 0
55412, 40607494, 1, 0, 0
55533, 40194424, 1, 0, 0
55619, 42164362, 1, 0, 0
55744, 40447870, 1, 0, 0
55826, 43168744, 1, 0, 0
55905, 38477161, 1, 0, 0
56024, 39290293, 1, 0, 0
56105, 40933524, 1, 0, 0
56211, 35020982, 1, 0, 0
56323, 36447789, 1, 0, 0
56433, 36751846, 1, 0, 0
56511, 39015230, 1, 0, 0
56641, 41054375, 1, 0, 0
56716, 37231085, 1, 0, 0
56800, 41783893, 1, 0, 0
56936, 44566653, 1, 0, 0
57011, 37483779, 1, 0, 0
57130, 40398332, 1, 0, 0
57201, 36575803, 1, 0, 0
57345, 37968237, 1, 0, 0
57437, 45447889, 1, 0, 0
57509, 39223213, 1, 0, 0
57617, 35301526, 1, 0, 0
57735, 37601137, 1, 0, 0
57811, 37141166, 1, 0, 0
57915, 34569730, 1, 0, 0
58020, 35761103, 1, 0, 0
58136, 36582328, 1, 0, 0
58211, 37311243, 1, 0, 0
58326, 37655291, 1, 0, 0
58432, 34538805, 1, 0, 0
58506, 38156418, 1, 0, 0
58610, 33775548, 1, 0, 0
58719, 36451603, 1, 0, 0
58834, 36870185, 1, 0, 0
58907, 36359781, 1, 0, 0
59019, 36778518, 1, 0, 0
59125, 35952310, 1, 0, 0
59201, 29679786, 1, 0, 0
59315, 36861709, 1, 0, 0
59428, 37288317, 1, 0, 0
59500, 35898180, 1, 0, 0
59606, 35428738, 1, 0, 0
59724, 33937376, 1, 0, 0
59831, 29607413, 1, 0, 0
59909, 38930081, 1, 0, 0
60024, 36314637, 1, 0, 0
60024, 39480905, 1, 0, 0
