250, 540, 0, 0, 0
350, 540, 0, 0, 0
450, 530, 0, 0, 0
550, 530, 0, 0, 0
650, 590, 0, 0, 0
749, 606, 0, 0, 0
849, 520, 0, 0, 0
949, 550, 0, 0, 0
1049, 550, 0, 0, 0
1149, 560, 0, 0, 0
1249, 540, 0, 0, 0
1349, 480, 0, 0, 0
1449, 580, 0, 0, 0
1550, 520, 0, 0, 0
1650, 570, 0, 0, 0
1749, 575, 0, 0, 0
1849, 570, 0, 0, 0
1949, 540, 0, 0, 0
2049, 550, 0, 0, 0
2149, 530, 0, 0, 0
2249, 570, 0, 0, 0
2349, 550, 0, 0, 0
2449, 560, 0, 0, 0
2549, 560, 0, 0, 0
2649, 580, 0, 0, 0
2750, 550, 0, 0, 0
2850, 550, 0, 0, 0
2950, 510, 0, 0, 0
3050, 550, 0, 0, 0
3150, 550, 0, 0, 0
3249, 545, 0, 0, 0
3349, 520, 0, 0, 0
3449, 500, 0, 0, 0
3549, 630, 0, 0, 0
3649, 560, 0, 0, 0
3749, 590, 0, 0, 0
3849, 600, 0, 0, 0
3949, 590, 0, 0, 0
4050, 570, 0, 0, 0
4150, 600, 0, 0, 0
4249, 606, 0, 0, 0
4349, 510, 0, 0, 0
4449, 590, 0, 0, 0
4549, 540, 0, 0, 0
4649, 610, 0, 0, 0
4749, 570, 0, 0, 0
4849, 590, 0, 0, 0
4949, 570, 0, 0, 0
5049, 510, 0, 0, 0
5149, 540, 0, 0, 0
5250, 570, 0, 0, 0
5350, 580, 0, 0, 0
5450, 560, 0, 0, 0
5550, 560, 0, 0, 0
5650, 520, 0, 0, 0
5749, 545, 0, 0, 0
5849, 530, 0, 0, 0
5949, 610, 0, 0, 0
6049, 550, 0, 0, 0
6149, 510, 0, 0, 0
6249, 560, 0, 0, 0
6349, 550, 0, 0, 0
6449, 540, 0, 0, 0
6550, 560, 0, 0, 0
6650, 520, 0, 0, 0
6749, 575, 0, 0, 0
6849, 540, 0, 0, 0
6949, 590, 0, 0, 0
7049, 590, 0, 0, 0
7149, 480, 0, 0, 0
7249, 560, 0, 0, 0
7349, 570, 0, 0, 0
7449, 550, 0, 0, 0
7549, 560, 0, 0, 0
7649, 570, 0, 0, 0
7750, 550, 0, 0, 0
7850, 580, 0, 0, 0
7950, 570, 0, 0, 0
8050, 580, 0, 0, 0
8150, 560, 0, 0, 0
8249, 515, 0, 0, 0
8349, 540, 0, 0, 0
8449, 530, 0, 0, 0
8549, 600, 0, 0, 0
8649, 530, 0, 0, 0
8750, 560, 0, 0, 0
8850, 560, 0, 0, 0
8950, 580, 0, 0, 0
9050, 550, 0, 0, 0
9150, 590, 0, 0, 0
9249, 616, 0, 0, 0
9349, 530, 0, 0, 0
9449, 550, 0, 0, 0
9549, 540, 0, 0, 0
9649, 520, 0, 0, 0
9749, 510, 0, 0, 0
9849, 570, 0, 0, 0
9949, 550, 0, 0, 0
10050, 540, 0, 0, 0
10150, 480, 0, 0, 0
10249, 535, 0, 0, 0
10349, 560, 0, 0, 0
10449, 570, 0, 0, 0
10549, 540, 0, 0, 0
10649, 560, 0, 0, 0
10749, 540, 0, 0, 0
10849, 530, 0, 0, 0
10949, 520, 0, 0, 0
11049, 540, 0, 0, 0
11149, 470, 0, 0, 0
11249, 520, 0, 0, 0
11349, 530, 0, 0, 0
11449, 560, 0, 0, 0
11550, 580, 0, 0, 0
11650, 560, 0, 0, 0
11749, 525, 0, 0, 0
11849, 610, 0, 0, 0
11949, 540, 0, 0, 0
12049, 510, 0, 0, 0
12149, 500, 0, 0, 0
12249, 570, 0, 0, 0
12349, 540, 0, 0, 0
12449, 580, 0, 0, 0
12549, 570, 0, 0, 0
12649, 550, 0, 0, 0
12749, 570, 0, 0, 0
12850, 590, 0, 0, 0
12950, 570, 0, 0, 0
13050, 550, 0, 0, 0
13150, 520, 0, 0, 0
13249, 575, 0, 0, 0
13349, 550, 0, 0, 0
13449, 600, 0, 0, 0
13549, 570, 0, 0, 0
13649, 580, 0, 0, 0
13749, 560, 0, 0, 0
13849, 490, 0, 0, 0
13949, 570, 0, 0, 0
14049, 600, 0, 0, 0
14150, 590, 0, 0, 0
14249, 606, 0, 0, 0
14349, 540, 0, 0, 0
14449, 450, 0, 0, 0
14549, 530, 0, 0, 0
14649, 560, 0, 0, 0
14749, 560, 0, 0, 0
14849, 510, 0, 0, 0
14949, 590, 0, 0, 0
15049, 510, 0, 0, 0
15149, 510, 0, 0, 0
15249, 560, 0, 0, 0
15349, 500, 0, 0, 0
15449, 490, 0, 0, 0
15550, 500, 0, 0, 0
15650, 540, 0, 0, 0
15749, 575, 0, 0, 0
15849, 560, 0, 0, 0
15949, 560, 0, 0, 0
16049, 520, 0, 0, 0
16149, 500, 0, 0, 0
16249, 600, 0, 0, 0
16349, 570, 0, 0, 0
16449, 580, 0, 0, 0
16549, 540, 0, 0, 0
16649, 510, 0, 0, 0
16750, 510, 0, 0, 0
16850, 550, 0, 0, 0
16950, 550, 0, 0, 0
17050, 590, 0, 0, 0
17150, 530, 0, 0, 0
17249, 535, 0, 0, 0
17349, 540, 0, 0, 0
17449, 580, 0, 0, 0
17549, 530, 0, 0, 0
17649, 590, 0, 0, 0
17749, 590, 0, 0, 0
17849, 580, 0, 0, 0
17949, 540, 0, 0, 0
18050, 630, 0, 0, 0
18150, 610, 0, 0, 0
18249, 525, 0, 0, 0
18349, 530, 0, 0, 0
18449, 560, 0, 0, 0
18549, 600, 0, 0, 0
18649, 610, 0, 0, 0
18749, 560, 0, 0, 0
18849, 570, 0, 0, 0
18949, 560, 0, 0, 0
19049, 530, 0, 0, 0
19149, 520, 0, 0, 0
19249, 570, 0, 0, 0
19349, 580, 0, 0, 0
19450, 510, 0, 0, 0
19550, 550, 0, 0, 0
19650, 580, 0, 0, 0
19749, 565, 0, 0, 0
19849, 600, 0, 0, 0
19949, 550, 0, 0, 0
20049, 570, 0, 0, 0
20149, 560, 0, 0, 0
20249, 540, 0, 0, 0
20349, 550, 0, 0, 0
20449, 530, 0, 0, 0
20549, 580, 0, 0, 0
20649, 560, 0, 0, 0
20750, 560, 0, 0, 0
20850, 600, 0, 0, 0
20950, 560, 0, 0, 0
21050, 510, 0, 0, 0
21150, 540, 0, 0, 0
21249, 585, 0, 0, 0
21349, 560, 0, 0, 0
21449, 570, 0, 0, 0
21549, 540, 0, 0, 0
21649, 550, 0, 0, 0
21749, 560, 0, 0, 0
21849, 590, 0, 0, 0
21949, 510, 0, 0, 0
22050, 530, 0, 0, 0
22150, 530, 0, 0, 0
22249, 515, 0, 0, 0
22349, 530, 0, 0, 0
22449, 500, 0, 0, 0
22549, 570, 0, 0, 0
22649, 560, 0, 0, 0
22749, 510, 0, 0, 0
22849, 480, 0, 0, 0
22949, 580, 0, 0, 0
23049, 550, 0, 0, 0
23149, 570, 0, 0, 0
23250, 490, 0, 0, 0
23350, 580, 0, 0, 0
23450, 540, 0, 0, 0
23550, 590, 0, 0, 0
23650, 580, 0, 0, 0
23749, 505, 0, 0, 0
23849, 550, 0, 0, 0
23949, 590, 0, 0, 0
24049, 570, 0, 0, 0
24149, 530, 0, 0, 0
24249, 620, 0, 0, 0
24349, 610, 0, 0, 0
24449, 570, 0, 0, 0
24549, 530, 0, 0, 0
24649, 600, 0, 0, 0
24750, 600, 0, 0, 0
24850, 550, 0, 0, 0
24950, 560, 0, 0, 0
25050, 540, 0, 0, 0
25150, 570, 0, 0, 0
25249, 626, 0, 0, 0
25349, 570, 0, 0, 0
25449, 630, 0, 0, 0
25549, 540, 0, 0, 0
25649, 560, 0, 0, 0
25749, 600, 0, 0, 0
25849, 590, 0, 0, 0
25949, 570, 0, 0, 0
26050, 550, 0, 0, 0
26150, 540, 0, 0, 0
26249, 535, 0, 0, 0
26349, 580, 0, 0, 0
26449, 500, 0, 0, 0
26549, 480, 0, 0, 0
26649, 550, 0, 0, 0
26749, 550, 0, 0, 0
26849, 560, 0, 0, 0
26949, 530, 0, 0, 0
27049, 510, 0, 0, 0
27149, 500, 0, 0, 0
27250, 600, 0, 0, 0
27350, 550, 0, 0, 0
27450, 550, 0, 0, 0
27550, 570, 0, 0, 0
27650, 610, 0, 0, 0
27749, 585, 0, 0, 0
27849, 500, 0, 0, 0
27949, 540, 0, 0, 0
28049, 580, 0, 0, 0
28149, 580, 0, 0, 0
28249, 580, 0, 0, 0
28349, 590, 0, 0, 0
28449, 540, 0, 0, 0
28550, 500, 0, 0, 0
28650, 550, 0, 0, 0
28749, 525, 0, 0, 0
28849, 570, 0, 0, 0
28949, 550, 0, 0, 0
29049, 580, 0, 0, 0
29149, 550, 0, 0, 0
29249, 550, 0, 0, 0
29349, 600, 0, 0, 0
29449, 560, 0, 0, 0
29549, 510, 0, 0, 0
29649, 620, 0, 0, 0
29750, 570, 0, 0, 0
29850, 550, 0, 0, 0
29950, 570, 0, 0, 0
30050, 530, 0, 0, 0
30150, 540, 0, 0, 0
30249, 545, 0, 0, 0
30349, 510, 0, 0, 0
30449, 600, 0, 0, 0
30549, 550, 0, 0, 0
30649, 530, 0, 0, 0
30749, 580, 0, 0, 0
30849, 580, 0, 0, 0
30949, 530, 0, 0, 0
31050, 580, 0, 0, 0
31150, 550, 0, 0, 0
31249, 585, 0, 0, 0
31349, 570, 0, 0, 0
31449, 610, 0, 0, 0
31549, 500, 0, 0, 0
31649, 560, 0, 0, 0
31749, 580, 0, 0, 0
31849, 600, 0, 0, 0
31949, 540, 0, 0, 0
32049, 570, 0, 0, 0
32149, 560, 0, 0, 0
32250, 560, 0, 0, 0
32350, 570, 0, 0, 0
32450, 480, 0, 0, 0
32550, 600, 0, 0, 0
32650, 540, 0, 0, 0
32749, 575, 0, 0, 0
32849, 600, 0, 0, 0
32949, 560, 0, 0, 0
33049, 620, 0, 0, 0
33149, 580, 0, 0, 0
33249, 610, 0, 0, 0
33349, 600, 0, 0, 0
33449, 550, 0, 0, 0
33550, 540, 0, 0, 0
33650, 540, 0, 0, 0
33749, 525, 0, 0, 0
33849, 530, 0, 0, 0
33949, 530, 0, 0, 0
34049, 590, 0, 0, 0
34149, 560, 0, 0, 0
34249, 510, 0, 0, 0
34349, 600, 0, 0, 0
34449, 540, 0, 0, 0
34549, 510, 0, 0, 0
34649, 540, 0, 0, 0
34749, 570, 0, 0, 0
34850, 590, 0, 0, 0
34950, 650, 0, 0, 0
35050, 570, 0, 0, 0
35150, 570, 0, 0, 0
35249, 545, 0, 0, 0
35349, 510, 0, 0, 0
35449, 560, 0, 0, 0
35549, 580, 0, 0, 0
35649, 560, 0, 0, 0
35749, 560, 0, 0, 0
35849, 540, 0, 0, 0
35949, 570, 0, 0, 0
36049, 590, 0, 0, 0
36149, 570, 0, 0, 0
36250, 480, 0, 0, 0
36350, 570, 0, 0, 0
36450, 580, 0, 0, 0
36550, 570, 0, 0, 0
36650, 580, 0, 0, 0
36749, 565, 0, 0, 0
36849, 550, 0, 0, 0
36949, 500, 0, 0, 0
37049, 560, 0, 0, 0
37149, 560, 0, 0, 0
37249, 570, 0, 0, 0
37350, 540, 0, 0, 0
37450, 500, 0, 0, 0
37550, 560, 0, 0, 0
37650, 560, 0, 0, 0
37749, 515, 0, 0, 0
37849, 580, 0, 0, 0
37949, 600, 0, 0, 0
38049, 540, 0, 0, 0
38149, 520, 0, 0, 0
38249, 540, 0, 0, 0
38349, 540, 0, 0, 0
38449, 560, 0, 0, 0
38550, 590, 0, 0, 0
38650, 610, 0, 0, 0
38749, 626, 0, 0, 0
38849, 610, 0, 0, 0
38949, 630, 0, 0, 0
39049, 580, 0, 0, 0
39149, 580, 0, 0, 0
39249, 610, 0, 0, 0
39349, 590, 0, 0, 0
39449, 610, 0, 0, 0
39549, 570, 0, 0, 0
39649, 570, 0, 0, 0
39749, 620, 0, 0, 0
39849, 620, 0, 0, 0
39949, 560, 0, 0, 0
40050, 620, 0, 0, 0
40150, 590, 0, 0, 0
40249, 535, 0, 0, 0
40349, 630, 0, 0, 0
40449, 580, 0, 0, 0
40549, 600, 0, 0, 0
40649, 590, 0, 0, 0
40749, 630, 0, 0, 0
40849, 570, 0, 0, 0
40949, 580, 0, 0, 0
41049, 610, 0, 0, 0
41149, 590, 0, 0, 0
41249, 500, 0, 0, 0
41349, 540, 0, 0, 0
41450, 530, 0, 0, 0
41550, 530, 0, 0, 0
41650, 570, 0, 0, 0
41749, 565, 0, 0, 0
41849, 540, 0, 0, 0
41949, 590, 0, 0, 0
42049, 610, 0, 0, 0
42149, 520, 0, 0, 0
42249, 520, 0, 0, 0
42349, 550, 0, 0, 0
42449, 570, 0, 0, 0
42549, 600, 0, 0, 0
42649, 510, 0, 0, 0
42750, 540, 0, 0, 0
42850, 580, 0, 0, 0
42950, 620, 0, 0, 0
43050, 540, 0, 0, 0
43150, 550, 0, 0, 0
43249, 535, 0, 0, 0
43349, 520, 0, 0, 0
43449, 580, 0, 0, 0
43549, 540, 0, 0, 0
43649, 480, 0, 0, 0
43749, 510, 0, 0, 0
43849, 560, 0, 0, 0
43949, 550, 0, 0, 0
44050, 540, 0, 0, 0
44150, 570, 0, 0, 0
44249, 545, 0, 0, 0
44349, 520, 0, 0, 0
44449, 580, 0, 0, 0
44549, 600, 0, 0, 0
44649, 570, 0, 0, 0
44749, 500, 0, 0, 0
44849, 540, 0, 0, 0
44949, 570, 0, 0, 0
45049, 510, 0, 0, 0
45149, 550, 0, 0, 0
45250, 560, 0, 0, 0
45350, 550, 0, 0, 0
45450, 520, 0, 0, 0
45550, 600, 0, 0, 0
45650, 610, 0, 0, 0
45749, 505, 0, 0, 0
45849, 600, 0, 0, 0
45949, 570, 0, 0, 0
46049, 580, 0, 0, 0
46149, 560, 0, 0, 0
46249, 570, 0, 0, 0
46349, 620, 0, 0, 0
46449, 580, 0, 0, 0
46549, 560, 0, 0, 0
46650, 520, 0, 0, 0
46750, 530, 0, 0, 0
46850, 520, 0, 0, 0
46950, 540, 0, 0, 0
47050, 600, 0, 0, 0
47150, 590, 0, 0, 0
47249, 484, 0, 0, 0
47349, 560, 0, 0, 0
47449, 510, 0, 0, 0
47549, 510, 0, 0, 0
47649, 500, 0, 0, 0
47749, 540, 0, 0, 0
47849, 540, 0, 0, 0
47949, 540, 0, 0, 0
48050, 580, 0, 0, 0
48150, 580, 0, 0, 0
48249, 515, 0, 0, 0
48349, 570, 0, 0, 0
48449, 530, 0, 0, 0
48549, 490, 0, 0, 0
48649, 550, 0, 0, 0
48749, 530, 0, 0, 0
48849, 530, 0, 0, 0
48949, 570, 0, 0, 0
49049, 590, 0, 0, 0
49149, 580, 0, 0, 0
49250, 460, 0, 0, 0
49350, 550, 0, 0, 0
49450, 590, 0, 0, 0
49550, 570, 0, 0, 0
49650, 510, 0, 0, 0
49749, 535, 0, 0, 0
49849, 550, 0, 0, 0
49949, 600, 0, 0, 0
50049, 600, 0, 0, 0
50149, 520, 0, 0, 0
50249, 520, 0, 0, 0
50349, 550, 0, 0, 0
50449, 510, 0, 0, 0
50550, 500, 0, 0, 0
50650, 390, 0, 0, 0
50749, 494, 0, 0, 0
50849, 560, 0, 0, 0
50949, 610, 0, 0, 0
51049, 570, 0, 0, 0
51149, 600, 0, 0, 0
51249, 440, 0, 0, 0
51349, 510, 0, 0, 0
51449, 540, 0, 0, 0
51550, 580, 0, 0, 0
51650, 450, 0, 0, 0
51749, 434, 0, 0, 0
51849, 550, 0, 0, 0
51949, 560, 0, 0, 0
52049, 580, 0, 0, 0
52149, 470, 0, 0, 0
52249, 510, 0, 0, 0
52349, 460, 0, 0, 0
52449, 500, 0, 0, 0
52549, 430, 0, 0, 0
52649, 460, 0, 0, 0
52750, 410, 0, 0, 0
52850, 570, 0, 0, 0
52950, 580, 0, 0, 0
53050, 550, 0, 0, 0
53150, 520, 0, 0, 0
53249, 464, 0, 0, 0
53349, 400, 0, 0, 0
53449, 500, 0, 0, 0
53549, 520, 0, 0, 0
53649, 470, 0, 0, 0
53749, 530, 0, 0, 0
53849, 580, 0, 0, 0
53950, 600, 0, 0, 0
54050, 600, 0, 0, 0
54150, 540, 0, 0, 0
54249, 535, 0, 0, 0
54349, 440, 0, 0, 0
54449, 520, 0, 0, 0
54549, 510, 0, 0, 0
54649, 520, 0, 0, 0
54749, 440, 0, 0, 0
54849, 510, 0, 0, 0
54949, 510, 0, 0, 0
55049, 560, 0, 0, 0
55149, 500, 0, 0, 0
55250, 530, 0, 0, 0
55350, 460, 0, 0, 0
55450, 480, 0, 0, 0
55550, 570, 0, 0, 0
55650, 410, 0, 0, 0
55749, 333, 0, 0, 0
55849, 430, 0, 0, 0
55949, 560, 0, 0, 0
56049, 560, 0, 0, 0
56149, 550, 0, 0, 0
56249, 550, 0, 0, 0
56349, 470, 0, 0, 0
56449, 550, 0, 0, 0
56550, 430, 0, 0, 0
56650, 470, 0, 0, 0
56749, 424, 0, 0, 0
56849, 550, 0, 0, 0
56949, 560, 0, 0, 0
57049, 570, 0, 0, 0
57149, 590, 0, 0, 0
57249, 570, 0, 0, 0
57349, 450, 0, 0, 0
57449, 490, 0, 0, 0
57549, 470, 0, 0, 0
57649, 470, 0, 0, 0
57750, 460, 0, 0, 0
57850, 460, 0, 0, 0
57950, 560, 0, 0, 0
58050, 580, 0, 0, 0
58150, 600, 0, 0, 0
58249, 646, 0, 0, 0
58349, 500, 0, 0, 0
58449, 450, 0, 0, 0
58549, 590, 0, 0, 0
58649, 440, 0, 0, 0
58749, 540, 0, 0, 0
58849, 450, 0, 0, 0
58949, 550, 0, 0, 0
59050, 560, 0, 0, 0
59150, 600, 0, 0, 0
59249, 565, 0, 0, 0
59349, 550, 0, 0, 0
59449, 480, 0, 0, 0
59549, 600, 0, 0, 0
59649, 420, 0, 0, 0
59749, 540, 0, 0, 0
59849, 530, 0, 0, 0
59949, 580, 0, 0, 0
60049, 590, 0, 0, 0
60149, 620, 0, 0, 0
60250, 600, 0, 0, 0
60350, 550, 0, 0, 0
60450, 480, 0, 0, 0
60550, 580, 0, 0, 0
60650, 490, 0, 0, 0
60749, 515, 0, 0, 0
60849, 470, 0, 0, 0
60949, 480, 0, 0, 0
61049, 560, 0, 0, 0
61149, 600, 0, 0, 0
61249, 500, 0, 0, 0
61349, 550, 0, 0, 0
61449, 380, 0, 0, 0
61550, 540, 0, 0, 0
61650, 450, 0, 0, 0
61749, 545, 0, 0, 0
61849, 520, 0, 0, 0
61949, 480, 0, 0, 0
62049, 530, 0, 0, 0
62149, 590, 0, 0, 0
62249, 560, 0, 0, 0
62349, 600, 0, 0, 0
62449, 420, 0, 0, 0
62549, 510, 0, 0, 0
62649, 450, 0, 0, 0
62749, 420, 0, 0, 0
62849, 550, 0, 0, 0
62949, 500, 0, 0, 0
63050, 560, 0, 0, 0
63150, 600, 0, 0, 0
63249, 474, 0, 0, 0
63349, 550, 0, 0, 0
63449, 480, 0, 0, 0
63549, 520, 0, 0, 0
63649, 440, 0, 0, 0
63749, 620, 0, 0, 0
63849, 470, 0, 0, 0
64050, 490, 0, 0, 0
64150, 440, 0, 0, 0
64249, 696, 0, 0, 0
64349, 540, 0, 0, 0
64449, 370, 0, 0, 0
64549, 60, 0, 0, 0
64649, 680, 0, 0, 0
64749, 170, 0, 0, 0
64849, 160, 0, 0, 0
64949, 160, 0, 0, 0
65249, 171, 0, 0, 0
65349, 310, 0, 0, 0
65449, 200, 0, 0, 0
65549, 600, 0, 0, 0
65649, 60, 0, 0, 0
65749, 100, 0, 0, 0
65849, 180, 0, 0, 0
65949, 620, 0, 0, 0
66049, 690, 0, 0, 0
66149, 730, 0, 0, 0
66250, 310, 0, 0, 0
66550, 30, 0, 0, 0
66650, 570, 0, 0, 0
66749, 717, 0, 0, 0
66849, 440, 0, 0, 0
66949, 550, 0, 0, 0
67050, 590, 0, 0, 0
67150, 570, 0, 0, 0
67249, 535, 0, 0, 0
67349, 560, 0, 0, 0
67449, 480, 0, 0, 0
67549, 470, 0, 0, 0
67649, 250, 0, 0, 0
67749, 370, 0, 0, 0
67849, 430, 0, 0, 0
67949, 580, 0, 0, 0
68049, 470, 0, 0, 0
68149, 570, 0, 0, 0
68250, 500, 0, 0, 0
68350, 560, 0, 0, 0
68450, 510, 0, 0, 0
68550, 500, 0, 0, 0
68650, 530, 0, 0, 0
68749, 575, 0, 0, 0
68849, 260, 0, 0, 0
68949, 590, 0, 0, 0
69049, 600, 0, 0, 0
69149, 570, 0, 0, 0
69249, 570, 0, 0, 0
69349, 590, 0, 0, 0
69449, 570, 0, 0, 0
69550, 360, 0, 0, 0
69650, 530, 0, 0, 0
69749, 575, 0, 0, 0
69849, 560, 0, 0, 0
69949, 550, 0, 0, 0
70049, 600, 0, 0, 0
70149, 540, 0, 0, 0
70249, 600, 0, 0, 0
70349, 580, 0, 0, 0
70449, 600, 0, 0, 0
70549, 490, 0, 0, 0
70649, 530, 0, 0, 0
70750, 510, 0, 0, 0
70850, 570, 0, 0, 0
70950, 480, 0, 0, 0
71050, 550, 0, 0, 0
71150, 520, 0, 0, 0
71249, 454, 0, 0, 0
71349, 520, 0, 0, 0
71449, 570, 0, 0, 0
71549, 520, 0, 0, 0
71649, 570, 0, 0, 0
71749, 590, 0, 0, 0
71849, 580, 0, 0, 0
71949, 540, 0, 0, 0
72050, 560, 0, 0, 0
72150, 530, 0, 0, 0
72249, 484, 0, 0, 0
72349, 540, 0, 0, 0
72449, 560, 0, 0, 0
72549, 570, 0, 0, 0
72649, 530, 0, 0, 0
72749, 540, 0, 0, 0
72849, 560, 0, 0, 0
72949, 560, 0, 0, 0
73049, 570, 0, 0, 0
73149, 590, 0, 0, 0
73250, 550, 0, 0, 0
73350, 570, 0, 0, 0
73450, 570, 0, 0, 0
73550, 500, 0, 0, 0
73650, 600, 0, 0, 0
73749, 494, 0, 0, 0
73849, 530, 0, 0, 0
73949, 560, 0, 0, 0
74049, 540, 0, 0, 0
74149, 620, 0, 0, 0
74249, 610, 0, 0, 0
74349, 600, 0, 0, 0
74449, 560, 0, 0, 0
74549, 520, 0, 0, 0
74650, 490, 0, 0, 0
74749, 474, 0, 0, 0
74849, 580, 0, 0, 0
74949, 540, 0, 0, 0
75049, 550, 0, 0, 0
75149, 540, 0, 0, 0
75249, 580, 0, 0, 0
75349, 560, 0, 0, 0
75449, 550, 0, 0, 0
75549, 590, 0, 0, 0
75649, 590, 0, 0, 0
75749, 570, 0, 0, 0
75849, 560, 0, 0, 0
75949, 570, 0, 0, 0
76050, 530, 0, 0, 0
76150, 530, 0, 0, 0
76249, 535, 0, 0, 0
76349, 550, 0, 0, 0
76449, 590, 0, 0, 0
76549, 560, 0, 0, 0
76649, 560, 0, 0, 0
76749, 560, 0, 0, 0
76849, 600, 0, 0, 0
76949, 560, 0, 0, 0
77049, 570, 0, 0, 0
77149, 510, 0, 0, 0
77249, 570, 0, 0, 0
77349, 630, 0, 0, 0
77449, 640, 0, 0, 0
77550, 530, 0, 0, 0
77650, 510, 0, 0, 0
77749, 545, 0, 0, 0
77849, 550, 0, 0, 0
77949, 530, 0, 0, 0
78049, 610, 0, 0, 0
78149, 590, 0, 0, 0
78249, 540, 0, 0, 0
78349, 540, 0, 0, 0
78449, 590, 0, 0, 0
78549, 530, 0, 0, 0
78649, 450, 0, 0, 0
78749, 232, 0, 0, 0
78949, 170, 0, 0, 0
79049, 680, 0, 0, 0
79149, 440, 0, 0, 0
79349, 390, 0, 0, 0
79449, 610, 0, 0, 0
79549, 550, 0, 0, 0
79650, 530, 0, 0, 0
79750, 530, 0, 0, 0
79850, 560, 0, 0, 0
79950, 530, 0, 0, 0
80050, 530, 0, 0, 0
80150, 530, 0, 0, 0
80249, 494, 0, 0, 0
80349, 450, 0, 0, 0
80449, 610, 0, 0, 0
80549, 560, 0, 0, 0
80649, 550, 0, 0, 0
80749, 590, 0, 0, 0
80849, 580, 0, 0, 0
80949, 580, 0, 0, 0
81050, 470, 0, 0, 0
81150, 570, 0, 0, 0
81249, 595, 0, 0, 0
81349, 500, 0, 0, 0
81449, 560, 0, 0, 0
81549, 580, 0, 0, 0
81649, 540, 0, 0, 0
81749, 520, 0, 0, 0
81849, 560, 0, 0, 0
81949, 570, 0, 0, 0
82049, 550, 0, 0, 0
82149, 570, 0, 0, 0
82250, 550, 0, 0, 0
82350, 600, 0, 0, 0
82450, 560, 0, 0, 0
82550, 610, 0, 0, 0
82650, 540, 0, 0, 0
82749, 515, 0, 0, 0
82849, 600, 0, 0, 0
82949, 560, 0, 0, 0
83049, 440, 0, 0, 0
83149, 530, 0, 0, 0
83249, 580, 0, 0, 0
83349, 500, 0, 0, 0
83449, 540, 0, 0, 0
83550, 560, 0, 0, 0
83650, 550, 0, 0, 0
83749, 585, 0, 0, 0
83849, 560, 0, 0, 0
83949, 580, 0, 0, 0
84049, 550, 0, 0, 0
84149, 550, 0, 0, 0
84249, 580, 0, 0, 0
84349, 580, 0, 0, 0
84449, 480, 0, 0, 0
84549, 630, 0, 0, 0
84649, 550, 0, 0, 0
84750, 550, 0, 0, 0
84850, 500, 0, 0, 0
84950, 580, 0, 0, 0
85050, 540, 0, 0, 0
85150, 570, 0, 0, 0
85249, 575, 0, 0, 0
85349, 540, 0, 0, 0
85449, 500, 0, 0, 0
85549, 540, 0, 0, 0
85649, 510, 0, 0, 0
85749, 570, 0, 0, 0
85849, 570, 0, 0, 0
85949, 530, 0, 0, 0
86050, 510, 0, 0, 0
86150, 600, 0, 0, 0
86249, 606, 0, 0, 0
86349, 560, 0, 0, 0
86449, 590, 0, 0, 0
86549, 600, 0, 0, 0
86649, 560, 0, 0, 0
86749, 580, 0, 0, 0
86849, 600, 0, 0, 0
86949, 560, 0, 0, 0
87049, 600, 0, 0, 0
87149, 570, 0, 0, 0
87249, 540, 0, 0, 0
87350, 510, 0, 0, 0
87450, 530, 0, 0, 0
87550, 540, 0, 0, 0
87650, 560, 0, 0, 0
87749, 585, 0, 0, 0
87849, 520, 0, 0, 0
87949, 580, 0, 0, 0
88049, 510, 0, 0, 0
88149, 590, 0, 0, 0
88249, 590, 0, 0, 0
88349, 580, 0, 0, 0
88449, 540, 0, 0, 0
88550, 590, 0, 0, 0
88650, 540, 0, 0, 0
88749, 575, 0, 0, 0
88849, 480, 0, 0, 0
88949, 580, 0, 0, 0
89049, 620, 0, 0, 0
89149, 590, 0, 0, 0
89249, 570, 0, 0, 0
89349, 560, 0, 0, 0
89449, 560, 0, 0, 0
89549, 560, 0, 0, 0
89649, 560, 0, 0, 0
89750, 560, 0, 0, 0
89850, 560, 0, 0, 0
89950, 530, 0, 0, 0
