100, 82351087, 1, 0, 0
200, 30519468, 1, 0, 0
331, 29629127, 1, 0, 0
403, 45212996, 1, 0, 0
501, 35668234, 1, 0, 0
602, 31964165, 1, 0, 0
700, 71867433, 1, 0, 0
802, 66799307, 1, 0, 0
900, 32477462, 1, 0, 0
1001, 26378286, 1, 0, 0
1100, 37070055, 1, 0, 0
1202, 56432739, 1, 0, 0
1302, 73875845, 1, 0, 0
1403, 42539128, 1, 0, 0
1500, 79942454, 1, 0, 0
1601, 60811810, 1, 0, 0
1700, 22099276, 1, 0, 0
1800, 29443191, 1, 0, 0
1900, 28662428, 1, 0, 0
2000, 25135852, 1, 0, 0
2100, 20310080, 1, 0, 0
2200, 38661977, 1, 0, 0
2300, 34517331, 1, 0, 0
2400, 34633633, 1, 0, 0
2500, 37668359, 1, 0, 0
2602, 39180457, 1, 0, 0
2700, 36775962, 1, 0, 0
2800, 84195206, 1, 0, 0
2900, 53073250, 1, 0, 0
3000, 24022079, 1, 0, 0
3104, 40940231, 1, 0, 0
3201, 38670768, 1, 0, 0
3300, 32088743, 1, 0, 0
3401, 43323994, 1, 0, 0
3504, 55346248, 1, 0, 0
3602, 36769220, 1, 0, 0
3700, 80584763, 1, 0, 0
3802, 36721716, 1, 0, 0
3900, 19113507, 1, 0, 0
4030, 39107568, 1, 0, 0
4100, 87602569, 1, 0, 0
4200, 33001677, 1, 0, 0
4300, 21411633, 1, 0, 0
4410, 34152841, 1, 0, 0
4500, 42753695, 1, 0, 0
4600, 41053811, 1, 0, 0
4700, 31896533, 1, 0, 0
4803, 26016850, 1, 0, 0
4900, 44627627, 1, 0, 0
5002, 52453067, 1, 0, 0
5100, 62244872, 1, 0, 0
5205, 21392759, 1, 0, 0
5300, 123706966, 1, 0, 0
5400, 121356010, 1, 0, 0
5504, 72600851, 1, 0, 0
5604, 32234530, 1, 0, 0
5705, 235108930, 1, 0, 0
5801, 151675590, 1, 0, 0
5900, 18753938, 1, 0, 0
6000, 49404613, 1, 0, 0
6100, 21147769, 1, 0, 0
6200, 23764944, 1, 0, 0
6300, 19771381, 1, 0, 0
6400, 32637657, 1, 0, 0
6500, 35242039, 1, 0, 0
6600, 44699969, 1, 0, 0
6700, 22227560, 1, 0, 0
6800, 24140511, 1, 0, 0
6900, 25693279, 1, 0, 0
7000, 28705665, 1, 0, 0
7102, 26762258, 1, 0, 0
7200, 24019932, 1, 0, 0
7301, 33925051, 1, 0, 0
7401, 51986473, 1, 0, 0
7504, 41934583, 1, 0, 0
7606, 100697597, 1, 0, 0
7700, 129082275, 1, 0, 0
7800, 26040397, 1, 0, 0
7903, 19362090, 1, 0, 0
8000, 63996198, 1, 0, 0
8100, 37362431, 1, 0, 0
8202, 36650900, 1, 0, 0
8301, 27098659, 1, 0, 0
8401, 23544899, 1, 0, 0
8500, 46933876, 1, 0, 0
8602, 36842177, 1, 0, 0
8700, 26498725, 1, 0, 0
8800, 23850790, 1, 0, 0
8900, 33364148, 1, 0, 0
9000, 36197515, 1, 0, 0
9100, 30209773, 1, 0, 0
9201, 57637073, 1, 0, 0
9300, 26203559, 1, 0, 0
9402, 19344696, 1, 0, 0
9501, 24278418, 1, 0, 0
9600, 49417630, 1, 0, 0
9701, 30017229, 1, 0, 0
9802, 31683365, 1, 0, 0
9900, 57330165, 1, 0, 0
10000, 33126130, 1, 0, 0
10100, 26681549, 1, 0, 0
10200, 41596677, 1, 0, 0
10300, 37276482, 1, 0, 0
10401, 44954816, 1, 0, 0
10502, 23167031, 1, 0, 0
10600, 112052412, 1, 0, 0
10700, 79638638, 1, 0, 0
10800, 54456976, 1, 0, 0
10906, 50332908, 1, 0, 0
11002, 155756802, 1, 0, 0
11103, 67736643, 1, 0, 0
11201, 45391793, 1, 0, 0
11300, 50767749, 1, 0, 0
11402, 24087387, 1, 0, 0
11500, 43259826, 1, 0, 0
11600, 29323676, 1, 0, 0
11700, 38841521, 1, 0, 0
11800, 29376823, 1, 0, 0
11900, 49575400, 1, 0, 0
12001, 19065488, 1, 0, 0
12101, 27844470, 1, 0, 0
12202, 35915777, 1, 0, 0
12300, 43775779, 1, 0, 0
12400, 32265409, 1, 0, 0
12501, 56785066, 1, 0, 0
12601, 76350905, 1, 0, 0
12700, 19268730, 1, 0, 0
12800, 24379054, 1, 0, 0
12900, 31387875, 1, 0, 0
13001, 40044373, 1, 0, 0
13100, 42648144, 1, 0, 0
13200, 32250160, 1, 0, 0
13300, 29633289, 1, 0, 0
13400, 43200583, 1, 0, 0
13500, 16192251, 1, 0, 0
13600, 47908160, 1, 0, 0
13700, 46294267, 1, 0, 0
13800, 20197598, 1, 0, 0
13900, 47696989, 1, 0, 0
14001, 20858061, 1, 0, 0
14102, 23420554, 1, 0, 0
14203, 19817465, 1, 0, 0
14301, 56830483, 1, 0, 0
14400, 32935005, 1, 0, 0
14501, 24452885, 1, 0, 0
14601, 31158129, 1, 0, 0
14700, 28226676, 1, 0, 0
14802, 50869603, 1, 0, 0
14900, 44062216, 1, 0, 0
15000, 95434312, 1, 0, 0
15100, 56075847, 1, 0, 0
15200, 30960228, 1, 0, 0
15300, 39286089, 1, 0, 0
15400, 29236233, 1, 0, 0
15502, 34845835, 1, 0, 0
15600, 26002166, 1, 0, 0
15700, 31875867, 1, 0, 0
15800, 24985040, 1, 0, 0
15900, 21024702, 1, 0, 0
16000, 57241035, 1, 0, 0
16100, 32117264, 1, 0, 0
16200, 20520176, 1, 0, 0
16301, 27911401, 1, 0, 0
16400, 40331988, 1, 0, 0
16501, 31834226, 1, 0, 0
16600, 28872508, 1, 0, 0
16702, 40551700, 1, 0, 0
16800, 20033700, 1, 0, 0
16900, 26758473, 1, 0, 0
17000, 36639952, 1, 0, 0
17100, 41137757, 1, 0, 0
17200, 24016159, 1, 0, 0
17300, 23969473, 1, 0, 0
17400, 19563419, 1, 0, 0
17500, 21404484, 1, 0, 0
17601, 44322304, 1, 0, 0
17700, 26761099, 1, 0, 0
17801, 38109345, 1, 0, 0
17900, 36237960, 1, 0, 0
18000, 33323190, 1, 0, 0
18100, 27751177, 1, 0, 0
18200, 40185861, 1, 0, 0
18301, 46133135, 1, 0, 0
18400, 28053786, 1, 0, 0
18500, 32971102, 1, 0, 0
18601, 26275681, 1, 0, 0
18700, 31567425, 1, 0, 0
18800, 34487470, 1, 0, 0
18900, 29857539, 1, 0, 0
19000, 35970943, 1, 0, 0
19101, 35299853, 1, 0, 0
19200, 41740009, 1, 0, 0
19300, 30067552, 1, 0, 0
19400, 31105838, 1, 0, 0
19500, 22768426, 1, 0, 0
19600, 23695555, 1, 0, 0
19710, 63410711, 1, 0, 0
19800, 89087678, 1, 0, 0
19900, 22949981, 1, 0, 0
20000, 50043154, 1, 0, 0
20100, 41774250, 1, 0, 0
20205, 36469764, 1, 0, 0
20300, 37852325, 1, 0, 0
20405, 45796435, 1, 0, 0
20500, 70495237, 1, 0, 0
20600, 29191480, 1, 0, 0
20702, 33361877, 1, 0, 0
20800, 22030035, 1, 0, 0
20900, 36928525, 1, 0, 0
21000, 24345973, 1, 0, 0
21100, 30311819, 1, 0, 0
21201, 38145338, 1, 0, 0
21301, 63152108, 1, 0, 0
21410, 42425377, 1, 0, 0
21502, 95809527, 1, 0, 0
21600, 43440589, 1, 0, 0
21700, 30328145, 1, 0, 0
21800, 31501890, 1, 0, 0
21900, 47026449, 1, 0, 0
22000, 23920638, 1, 0, 0
22100, 25691726, 1, 0, 0
22200, 33994851, 1, 0, 0
22300, 25637223, 1, 0, 0
22401, 43949674, 1, 0, 0
22500, 27790591, 1, 0, 0
22601, 37475552, 1, 0, 0
22700, 25340651, 1, 0, 0
22801, 32383613, 1, 0, 0
22900, 25001143, 1, 0, 0
23001, 26741325, 1, 0, 0
23100, 23403632, 1, 0, 0
23200, 23088504, 1, 0, 0
23300, 44228983, 1, 0, 0
23403, 57289696, 1, 0, 0
23500, 48316978, 1, 0, 0
23601, 20585129, 1, 0, 0
23700, 41779849, 1, 0, 0
23800, 38656420, 1, 0, 0
23901, 34484099, 1, 0, 0
24000, 32013949, 1, 0, 0
24100, 36362024, 1, 0, 0
24200, 29552170, 1, 0, 0
24300, 31798445, 1, 0, 0
24402, 49294072, 1, 0, 0
24501, 25457963, 1, 0, 0
24600, 31676173, 1, 0, 0
24701, 31082688, 1, 0, 0
24801, 38973378, 1, 0, 0
24900, 30596013, 1, 0, 0
25001, 56900971, 1, 0, 0
25100, 63645718, 1, 0, 0
25200, 54218729, 1, 0, 0
25300, 26234508, 1, 0, 0
25400, 29095209, 1, 0, 0
25500, 27085426, 1, 0, 0
25600, 28783405, 1, 0, 0
25702, 44371049, 1, 0, 0
25800, 17346181, 1, 0, 0
25903, 40550467, 1, 0, 0
26000, 101532351, 1, 0, 0
26100, 93837818, 1, 0, 0
26200, 64282768, 1, 0, 0
26300, 39549181, 1, 0, 0
26401, 39360897, 1, 0, 0
26501, 24954760, 1, 0, 0
26600, 38057130, 1, 0, 0
26700, 50388485, 1, 0, 0
26800, 27868260, 1, 0, 0
26900, 17702741, 1, 0, 0
27000, 43336510, 1, 0, 0
27100, 23682683, 1, 0, 0
27201, 32160061, 1, 0, 0
27301, 33985536, 1, 0, 0
27400, 36311705, 1, 0, 0
27500, 35177009, 1, 0, 0
27602, 39037190, 1, 0, 0
27700, 36675902, 1, 0, 0
27800, 37684002, 1, 0, 0
27900, 29461541, 1, 0, 0
28000, 25418545, 1, 0, 0
28100, 22236459, 1, 0, 0
28200, 23107630, 1, 0, 0
28301, 16317038, 1, 0, 0
28400, 44907077, 1, 0, 0
28500, 45041217, 1, 0, 0
28601, 87491156, 1, 0, 0
28700, 31317067, 1, 0, 0
28800, 22822131, 1, 0, 0
28900, 27510750, 1, 0, 0
29000, 38553656, 1, 0, 0
29100, 24804717, 1, 0, 0
29200, 48668897, 1, 0, 0
29300, 47329661, 1, 0, 0
29400, 49893602, 1, 0, 0
29502, 65372863, 1, 0, 0
29600, 27029964, 1, 0, 0
29700, 30942738, 1, 0, 0
29800, 25270500, 1, 0, 0
29900, 29449358, 1, 0, 0
30000, 24141915, 1, 0, 0
30100, 18250499, 1, 0, 0
30201, 36141254, 1, 0, 0
30300, 87863768, 1, 0, 0
30400, 67953496, 1, 0, 0
30500, 26983819, 1, 0, 0
30600, 24269044, 1, 0, 0
30700, 31471942, 1, 0, 0
30800, 28575467, 1, 0, 0
30901, 35792186, 1, 0, 0
31000, 23970246, 1, 0, 0
31102, 29747275, 1, 0, 0
31201, 45732393, 1, 0, 0
31300, 70953523, 1, 0, 0
31400, 148025447, 1, 0, 0
31501, 36732301, 1, 0, 0
31601, 31900730, 1, 0, 0
31701, 30276550, 1, 0, 0
31800, 29219317, 1, 0, 0
31900, 17294138, 1, 0, 0
32000, 13892827, 1, 0, 0
32102, 19697381, 1, 0, 0
32200, 15145270, 1, 0, 0
32300, 29184085, 1, 0, 0
32400, 30995251, 1, 0, 0
32501, 70753978, 1, 0, 0
32600, 45568275, 1, 0, 0
32701, 46609375, 1, 0, 0
32800, 43545000, 1, 0, 0
32901, 18752626, 1, 0, 0
33000, 25727701, 1, 0, 0
33100, 47938031, 1, 0, 0
33201, 29377881, 1, 0, 0
33300, 28838818, 1, 0, 0
33401, 14548934, 1, 0, 0
33500, 122260402, 1, 0, 0
33600, 25296593, 1, 0, 0
33700, 26454135, 1, 0, 0
33800, 19263268, 1, 0, 0
33901, 19957968, 1, 0, 0
34000, 15876352, 1, 0, 0
34100, 30958234, 1, 0, 0
34200, 23718916, 1, 0, 0
34300, 44607466, 1, 0, 0
34400, 23365084, 1, 0, 0
34500, 31628912, 1, 0, 0
34600, 20848613, 1, 0, 0
34700, 27086185, 1, 0, 0
34800, 24850163, 1, 0, 0
34901, 18618917, 1, 0, 0
35000, 50629349, 1, 0, 0
35102, 48112037, 1, 0, 0
35200, 39935389, 1, 0, 0
35300, 35716346, 1, 0, 0
35400, 22242530, 1, 0, 0
35501, 25418820, 1, 0, 0
35601, 24703414, 1, 0, 0
35700, 19635836, 1, 0, 0
35801, 28590389, 1, 0, 0
35901, 17238366, 1, 0, 0
36000, 30121710, 1, 0, 0
36100, 36369829, 1, 0, 0
36200, 31552400, 1, 0, 0
36300, 22515544, 1, 0, 0
36401, 34067210, 1, 0, 0
36500, 38067564, 1, 0, 0
36600, 30474882, 1, 0, 0
36700, 18774223, 1, 0, 0
36800, 24612628, 1, 0, 0
36900, 14870026, 1, 0, 0
37000, 30761793, 1, 0, 0
37100, 23829324, 1, 0, 0
37200, 22141244, 1, 0, 0
37300, 35089844, 1, 0, 0
37400, 23882110, 1, 0, 0
37500, 18325123, 1, 0, 0
37600, 22131562, 1, 0, 0
37700, 14297625, 1, 0, 0
37802, 19597743, 1, 0, 0
37900, 16140222, 1, 0, 0
38000, 28704637, 1, 0, 0
38100, 18403473, 1, 0, 0
38200, 19452555, 1, 0, 0
38300, 26816181, 1, 0, 0
38400, 41503398, 1, 0, 0
38500, 25141615, 1, 0, 0
38600, 29102308, 1, 0, 0
38702, 30188765, 1, 0, 0
38802, 33994000, 1, 0, 0
38900, 18556201, 1, 0, 0
39001, 23405500, 1, 0, 0
39100, 47441308, 1, 0, 0
39200, 33009682, 1, 0, 0
39301, 31301615, 1, 0, 0
39401, 20543420, 1, 0, 0
39500, 42669312, 1, 0, 0
39601, 31700188, 1, 0, 0
39700, 26779785, 1, 0, 0
39800, 32354241, 1, 0, 0
39900, 32000873, 1, 0, 0
40001, 42484631, 1, 0, 0
40100, 46226808, 1, 0, 0
40200, 34085675, 1, 0, 0
40300, 16663198, 1, 0, 0
40400, 39311592, 1, 0, 0
40500, 57979447, 1, 0, 0
40600, 23798221, 1, 0, 0
40700, 27191392, 1, 0, 0
40800, 29846431, 1, 0, 0
40900, 35298490, 1, 0, 0
41000, 48945614, 1, 0, 0
41100, 51575831, 1, 0, 0
41203, 29179917, 1, 0, 0
41300, 41478095, 1, 0, 0
41400, 34268444, 1, 0, 0
41500, 32513924, 1, 0, 0
41600, 38125368, 1, 0, 0
41700, 26682346, 1, 0, 0
41800, 40986373, 1, 0, 0
41900, 33843522, 1, 0, 0
42000, 15383788, 1, 0, 0
42100, 28587230, 1, 0, 0
42200, 28057372, 1, 0, 0
42300, 28243551, 1, 0, 0
42400, 26767688, 1, 0, 0
42501, 29732229, 1, 0, 0
42600, 25092336, 1, 0, 0
42700, 44958733, 1, 0, 0
42800, 23402693, 1, 0, 0
42900, 27342588, 1, 0, 0
43000, 36588317, 1, 0, 0
43100, 39493357, 1, 0, 0
43202, 32916691, 1, 0, 0
43301, 25905036, 1, 0, 0
43400, 27348713, 1, 0, 0
43500, 21797368, 1, 0, 0
43600, 37441126, 1, 0, 0
43701, 32743092, 1, 0, 0
43801, 21362141, 1, 0, 0
43901, 40292457, 1, 0, 0
44000, 35576292, 1, 0, 0
44100, 27178110, 1, 0, 0
44200, 24062035, 1, 0, 0
44300, 24318375, 1, 0, 0
44400, 37673331, 1, 0, 0
44500, 35797225, 1, 0, 0
44600, 27139351, 1, 0, 0
44700, 41600679, 1, 0, 0
44800, 31268775, 1, 0, 0
44900, 46559019, 1, 0, 0
45000, 19671013, 1, 0, 0
45101, 26195277, 1, 0, 0
45205, 20652626, 1, 0, 0
45300, 58195189, 1, 0, 0
45401, 36046466, 1, 0, 0
45500, 35093673, 1, 0, 0
45601, 36943303, 1, 0, 0
45700, 24136245, 1, 0, 0
45803, 42029987, 1, 0, 0
45900, 33733380, 1, 0, 0
46000, 27576198, 1, 0, 0
46100, 33694577, 1, 0, 0
46200, 53232255, 1, 0, 0
46300, 24476236, 1, 0, 0
46400, 31793005, 1, 0, 0
46500, 29682300, 1, 0, 0
46600, 33814804, 1, 0, 0
46700, 36592868, 1, 0, 0
46801, 27950423, 1, 0, 0
46900, 23042663, 1, 0, 0
47002, 27269372, 1, 0, 0
47100, 38141638, 1, 0, 0
47200, 39095605, 1, 0, 0
47300, 29774429, 1, 0, 0
47401, 28644667, 1, 0, 0
47500, 33773009, 1, 0, 0
47604, 43149260, 1, 0, 0
47724, 46106955, 1, 0, 0
47800, 45073297, 1, 0, 0
47900, 21912363, 1, 0, 0
48000, 30129890, 1, 0, 0
48102, 20713606, 1, 0, 0
48200, 31854915, 1, 0, 0
48300, 28657684, 1, 0, 0
48400, 27902133, 1, 0, 0
48501, 47559701, 1, 0, 0
48638, 42742774, 1, 0, 0
48701, 102031353, 1, 0, 0
48801, 55944129, 1, 0, 0
48901, 31051835, 1, 0, 0
49001, 31313386, 1, 0, 0
49100, 35716577, 1, 0, 0
49204, 49460793, 1, 0, 0
49300, 85132897, 1, 0, 0
49402, 35085317, 1, 0, 0
49500, 48530914, 1, 0, 0
49600, 37644537, 1, 0, 0
49701, 46825730, 1, 0, 0
49802, 45918568, 1, 0, 0
49901, 116336893, 1, 0, 0
50000, 36854642, 1, 0, 0
50100, 45130883, 1, 0, 0
50200, 30311660, 1, 0, 0
50300, 28370677, 1, 0, 0
50400, 33404388, 1, 0, 0
50502, 54583744, 1, 0, 0
50602, 123095244, 1, 0, 0
50701, 86194890, 1, 0, 0
50801, 59693320, 1, 0, 0
50900, 30355206, 1, 0, 0
51000, 50747591, 1, 0, 0
51100, 33103633, 1, 0, 0
51202, 35137585, 1, 0, 0
51303, 49129495, 1, 0, 0
51401, 73912496, 1, 0, 0
51500, 94229693, 1, 0, 0
51627, 78551045, 1, 0, 0
51703, 230690496, 1, 0, 0
51800, 107391250, 1, 0, 0
51900, 28956018, 1, 0, 0
52001, 26351245, 1, 0, 0
52101, 50014871, 1, 0, 0
52201, 63134401, 1, 0, 0
52300, 25554147, 1, 0, 0
52400, 21338688, 1, 0, 0
52503, 30727276, 1, 0, 0
52600, 39687788, 1, 0, 0
52701, 27834189, 1, 0, 0
52801, 46799012, 1, 0, 0
52902, 71119535, 1, 0, 0
53001, 49280790, 1, 0, 0
53102, 47434710, 1, 0, 0
53200, 66838913, 1, 0, 0
53300, 20624129, 1, 0, 0
53400, 25097700, 1, 0, 0
53501, 35710555, 1, 0, 0
53601, 22621466, 1, 0, 0
53700, 42316976, 1, 0, 0
53802, 33996556, 1, 0, 0
53902, 78952774, 1, 0, 0
54003, 30870472, 1, 0, 0
54102, 35537510, 1, 0, 0
54201, 48847763, 1, 0, 0
54300, 73796914, 1, 0, 0
54401, 53851578, 1, 0, 0
54501, 53182864, 1, 0, 0
54600, 35385367, 1, 0, 0
54700, 27650220, 1, 0, 0
54801, 52571800, 1, 0, 0
54902, 55134138, 1, 0, 0
55002, 73861659, 1, 0, 0
55101, 117329011, 1, 0, 0
55201, 92375236, 1, 0, 0
55301, 50066119, 1, 0, 0
55401, 42539861, 1, 0, 0
55500, 67183448, 1, 0, 0
55600, 25761446, 1, 0, 0
55702, 41921241, 1, 0, 0
55800, 42276236, 1, 0, 0
55901, 21242849, 1, 0, 0
56000, 38411502, 1, 0, 0
56100, 16173024, 1, 0, 0
56200, 47505296, 1, 0, 0
56300, 56246099, 1, 0, 0
56400, 22738865, 1, 0, 0
56500, 46029636, 1, 0, 0
56600, 37730678, 1, 0, 0
56700, 44846255, 1, 0, 0
56800, 36093724, 1, 0, 0
56901, 25000573, 1, 0, 0
57000, 18839857, 1, 0, 0
57101, 24132089, 1, 0, 0
57201, 36615697, 1, 0, 0
57300, 25333047, 1, 0, 0
57400, 28468219, 1, 0, 0
57500, 12023046, 1, 0, 0
57600, 53992741, 1, 0, 0
57700, 63366657, 1, 0, 0
57800, 22628861, 1, 0, 0
57900, 13169163, 1, 0, 0
58000, 34219977, 1, 0, 0
58102, 28980430, 1, 0, 0
58200, 26404623, 1, 0, 0
58300, 20643492, 1, 0, 0
58401, 42911988, 1, 0, 0
58501, 32052843, 1, 0, 0
58602, 33876045, 1, 0, 0
58700, 40333700, 1, 0, 0
58800, 34415639, 1, 0, 0
58900, 21118669, 1, 0, 0
59000, 52057393, 1, 0, 0
59100, 23512359, 1, 0, 0
59201, 28956272, 1, 0, 0
59300, 33993504, 1, 0, 0
59400, 35367172, 1, 0, 0
59500, 28655814, 1, 0, 0
59601, 43656997, 1, 0, 0
59700, 35769027, 1, 0, 0
59800, 54210786, 1, 0, 0
59900, 55283550, 1, 0, 0
60001, 29311854, 1, 0, 0
60100, 31748618, 1, 0, 0
60200, 25286292, 1, 0, 0
60302, 29320153, 1, 0, 0
60401, 36518907, 1, 0, 0
60500, 40726099, 1, 0, 0
60601, 21998054, 1, 0, 0
60700, 33037161, 1, 0, 0
60800, 22960190, 1, 0, 0
60900, 42414630, 1, 0, 0
61001, 26594968, 1, 0, 0
61101, 26213588, 1, 0, 0
61200, 52511166, 1, 0, 0
61300, 36102925, 1, 0, 0
61400, 69889599, 1, 0, 0
61500, 22975477, 1, 0, 0
61601, 32047778, 1, 0, 0
61700, 24704918, 1, 0, 0
61801, 44479762, 1, 0, 0
61900, 51323371, 1, 0, 0
62000, 24128369, 1, 0, 0
62100, 23624764, 1, 0, 0
62203, 51646307, 1, 0, 0
62302, 48910204, 1, 0, 0
62400, 42765469, 1, 0, 0
62505, 95711912, 1, 0, 0
62600, 157022943, 1, 0, 0
62702, 104235852, 1, 0, 0
62800, 56706258, 1, 0, 0
62900, 80176849, 1, 0, 0
63001, 65900888, 1, 0, 0
63101, 24183649, 1, 0, 0
63200, 19387774, 1, 0, 0
63300, 28324605, 1, 0, 0
63400, 37100157, 1, 0, 0
63500, 21166641, 1, 0, 0
63600, 26467207, 1, 0, 0
63700, 57111215, 1, 0, 0
63800, 65479248, 1, 0, 0
63903, 50196622, 1, 0, 0
64000, 102170785, 1, 0, 0
64102, 54975272, 1, 0, 0
64200, 31222600, 1, 0, 0
64300, 15672323, 1, 0, 0
64401, 17407507, 1, 0, 0
64500, 26801021, 1, 0, 0
64601, 29233310, 1, 0, 0
64700, 41588417, 1, 0, 0
64800, 28253404, 1, 0, 0
64900, 28609909, 1, 0, 0
65000, 33504154, 1, 0, 0
65101, 45175408, 1, 0, 0
65200, 29341033, 1, 0, 0
65303, 31872660, 1, 0, 0
65400, 30192798, 1, 0, 0
65500, 25288894, 1, 0, 0
65600, 34656298, 1, 0, 0
65700, 46714699, 1, 0, 0
65803, 36448177, 1, 0, 0
65900, 24913076, 1, 0, 0
66000, 38867226, 1, 0, 0
66101, 59465702, 1, 0, 0
66201, 34065933, 1, 0, 0
66300, 23709938, 1, 0, 0
66400, 26170012, 1, 0, 0
66500, 58422913, 1, 0, 0
66600, 20028033, 1, 0, 0
66700, 30665820, 1, 0, 0
66801, 32696844, 1, 0, 0
66900, 38976770, 1, 0, 0
67000, 31829326, 1, 0, 0
67100, 43056760, 1, 0, 0
67202, 30824963, 1, 0, 0
67300, 31897591, 1, 0, 0
67402, 24448144, 1, 0, 0
67500, 41669373, 1, 0, 0
67601, 33486944, 1, 0, 0
67700, 29773034, 1, 0, 0
67800, 38956653, 1, 0, 0
67900, 56144715, 1, 0, 0
68000, 46108423, 1, 0, 0
68101, 31867839, 1, 0, 0
68204, 28457838, 1, 0, 0
68302, 64141183, 1, 0, 0
68401, 66265995, 1, 0, 0
68500, 55498820, 1, 0, 0
68600, 16381105, 1, 0, 0
68700, 31851313, 1, 0, 0
68800, 39867023, 1, 0, 0
68900, 23822165, 1, 0, 0
69000, 37227026, 1, 0, 0
69100, 20406960, 1, 0, 0
69201, 32209123, 1, 0, 0
69300, 27742488, 1, 0, 0
69400, 68571878, 1, 0, 0
69501, 44433292, 1, 0, 0
69601, 44264082, 1, 0, 0
69701, 63274169, 1, 0, 0
69800, 53096497, 1, 0, 0
69900, 28424981, 1, 0, 0
70000, 16803864, 1, 0, 0
70100, 25930756, 1, 0, 0
70200, 47200749, 1, 0, 0
70300, 43150392, 1, 0, 0
70400, 56473438, 1, 0, 0
70500, 22054356, 1, 0, 0
70601, 27001330, 1, 0, 0
70700, 22062092, 1, 0, 0
70800, 41979286, 1, 0, 0
70900, 57672873, 1, 0, 0
71000, 25818123, 1, 0, 0
71101, 44545196, 1, 0, 0
71200, 42257961, 1, 0, 0
71300, 31338677, 1, 0, 0
71400, 38378248, 1, 0, 0
71500, 31844104, 1, 0, 0
71603, 32901071, 1, 0, 0
71700, 29009883, 1, 0, 0
71800, 23447357, 1, 0, 0
71901, 34795250, 1, 0, 0
72000, 22917073, 1, 0, 0
72102, 49326690, 1, 0, 0
72200, 50198122, 1, 0, 0
72300, 29346239, 1, 0, 0
72400, 23198660, 1, 0, 0
72500, 27329706, 1, 0, 0
72600, 29389861, 1, 0, 0
72700, 22335197, 1, 0, 0
72802, 25047015, 1, 0, 0
72900, 32734973, 1, 0, 0
73000, 28319546, 1, 0, 0
73100, 41785765, 1, 0, 0
73201, 32452917, 1, 0, 0
73300, 28981551, 1, 0, 0
73400, 24990436, 1, 0, 0
73500, 46373881, 1, 0, 0
73600, 14754173, 1, 0, 0
73700, 26743921, 1, 0, 0
73800, 19650736, 1, 0, 0
73900, 60380889, 1, 0, 0
74001, 41761583, 1, 0, 0
74100, 27907872, 1, 0, 0
74200, 23582257, 1, 0, 0
74301, 39867821, 1, 0, 0
74400, 27746867, 1, 0, 0
74508, 20722305, 1, 0, 0
74602, 68964804, 1, 0, 0
74700, 26326615, 1, 0, 0
74800, 29968151, 1, 0, 0
74901, 24507698, 1, 0, 0
75003, 32027852, 1, 0, 0
75100, 55635004, 1, 0, 0
75200, 49527514, 1, 0, 0
75300, 20374083, 1, 0, 0
75400, 24800374, 1, 0, 0
75500, 34360754, 1, 0, 0
75600, 18779329, 1, 0, 0
75700, 24201476, 1, 0, 0
75802, 33024059, 1, 0, 0
75901, 25948045, 1, 0, 0
76000, 28835110, 1, 0, 0
76100, 48557109, 1, 0, 0
76200, 36816077, 1, 0, 0
76300, 27387132, 1, 0, 0
76400, 26432375, 1, 0, 0
76501, 26768206, 1, 0, 0
76601, 39459805, 1, 0, 0
76700, 45320769, 1, 0, 0
76800, 76800978, 1, 0, 0
76900, 51645133, 1, 0, 0
77000, 26142346, 1, 0, 0
77100, 33890347, 1, 0, 0
77200, 26294109, 1, 0, 0
77300, 97275016, 1, 0, 0
77404, 29069428, 1, 0, 0
77501, 30902737, 1, 0, 0
77600, 25424939, 1, 0, 0
77700, 33509744, 1, 0, 0
77800, 36406716, 1, 0, 0
77901, 46702676, 1, 0, 0
78000, 36541895, 1, 0, 0
78100, 24484131, 1, 0, 0
78200, 24808101, 1, 0, 0
78301, 35765705, 1, 0, 0
78400, 52648886, 1, 0, 0
78500, 42260189, 1, 0, 0
78602, 50230776, 1, 0, 0
78700, 90327122, 1, 0, 0
78803, 39804648, 1, 0, 0
78900, 18427991, 1, 0, 0
79000, 62713547, 1, 0, 0
79100, 37530076, 1, 0, 0
79200, 40322823, 1, 0, 0
79300, 23094834, 1, 0, 0
79400, 28270204, 1, 0, 0
79501, 37853104, 1, 0, 0
79600, 29443210, 1, 0, 0
79700, 51470821, 1, 0, 0
79801, 32719603, 1, 0, 0
79900, 24243936, 1, 0, 0
80000, 43841600, 1, 0, 0
80101, 26667277, 1, 0, 0
80200, 30925002, 1, 0, 0
80303, 37530161, 1, 0, 0
80400, 65675790, 1, 0, 0
80500, 61903457, 1, 0, 0
80603, 66204464, 1, 0, 0
80700, 48496576, 1, 0, 0
80800, 30208232, 1, 0, 0
80900, 37053482, 1, 0, 0
81008, 30494031, 1, 0, 0
81100, 59094055, 1, 0, 0
81200, 26961093, 1, 0, 0
81300, 27170425, 1, 0, 0
81400, 25315294, 1, 0, 0
81502, 47955203, 1, 0, 0
81601, 50096445, 1, 0, 0
81700, 45569233, 1, 0, 0
81801, 20984385, 1, 0, 0
81900, 29205491, 1, 0, 0
82001, 36112201, 1, 0, 0
82100, 20414697, 1, 0, 0
82200, 27632003, 1, 0, 0
82300, 41298818, 1, 0, 0
82400, 25998290, 1, 0, 0
82500, 27909941, 1, 0, 0
82600, 17804837, 1, 0, 0
82703, 21630293, 1, 0, 0
82800, 33735269, 1, 0, 0
82900, 39195743, 1, 0, 0
83000, 21489558, 1, 0, 0
83100, 35760796, 1, 0, 0
83200, 31002063, 1, 0, 0
83301, 33996188, 1, 0, 0
83400, 25738108, 1, 0, 0
83505, 62550782, 1, 0, 0
83600, 28436269, 1, 0, 0
83700, 21705175, 1, 0, 0
83800, 32679011, 1, 0, 0
83900, 27367722, 1, 0, 0
84000, 24325405, 1, 0, 0
84100, 26018733, 1, 0, 0
84204, 30965453, 1, 0, 0
84305, 49812676, 1, 0, 0
84400, 100725422, 1, 0, 0
84500, 61517234, 1, 0, 0
84600, 92325979, 1, 0, 0
84704, 42092190, 1, 0, 0
84801, 73636486, 1, 0, 0
84901, 21945220, 1, 0, 0
85000, 30461482, 1, 0, 0
85101, 36933862, 1, 0, 0
85200, 31889527, 1, 0, 0
85302, 34190023, 1, 0, 0
85401, 52517669, 1, 0, 0
85500, 44373608, 1, 0, 0
85602, 26236048, 1, 0, 0
85700, 33075311, 1, 0, 0
85803, 39511884, 1, 0, 0
85900, 52129375, 1, 0, 0
86000, 39817268, 1, 0, 0
86102, 34349763, 1, 0, 0
86204, 25883069, 1, 0, 0
86300, 46366475, 1, 0, 0
86400, 30485212, 1, 0, 0
86503, 41833248, 1, 0, 0
86600, 35663230, 1, 0, 0
86701, 41695144, 1, 0, 0
86800, 30157304, 1, 0, 0
86902, 57046859, 1, 0, 0
87000, 55073830, 1, 0, 0
87101, 32126486, 1, 0, 0
87200, 29753355, 1, 0, 0
87300, 47885016, 1, 0, 0
87402, 28206958, 1, 0, 0
87500, 28886986, 1, 0, 0
87601, 40787274, 1, 0, 0
87700, 26313879, 1, 0, 0
87800, 23776352, 1, 0, 0
87901, 34487858, 1, 0, 0
88001, 23819039, 1, 0, 0
88100, 26256804, 1, 0, 0
88200, 45902242, 1, 0, 0
88300, 32092191, 1, 0, 0
88400, 23606448, 1, 0, 0
88500, 36614658, 1, 0, 0
88601, 43108262, 1, 0, 0
88700, 69884338, 1, 0, 0
88800, 39392914, 1, 0, 0
88900, 68824624, 1, 0, 0
89001, 37614456, 1, 0, 0
89100, 54095583, 1, 0, 0
89218, 143220140, 1, 0, 0
89304, 93837077, 1, 0, 0
89400, 78168600, 1, 0, 0
89500, 27445259, 1, 0, 0
89600, 24094360, 1, 0, 0
89700, 28874884, 1, 0, 0
89800, 28797575, 1, 0, 0
89900, 38900444, 1, 0, 0
90000, 50872451, 1, 0, 0
90094, 158541319, 1, 0, 0
