250, 219648, 0, 0, 0
350, 221440, 0, 0, 0
450, 222720, 0, 0, 0
550, 218880, 0, 0, 0
650, 226560, 0, 0, 0
749, 219797, 0, 0, 0
849, 221440, 0, 0, 0
949, 227840, 0, 0, 0
1049, 229120, 0, 0, 0
1149, 216320, 0, 0, 0
1249, 217600, 0, 0, 0
1349, 222720, 0, 0, 0
1449, 220160, 0, 0, 0
1549, 221440, 0, 0, 0
1649, 231680, 0, 0, 0
1750, 225280, 0, 0, 0
1850, 225280, 0, 0, 0
1950, 220160, 0, 0, 0
2050, 226560, 0, 0, 0
2150, 207360, 0, 0, 0
2249, 212040, 0, 0, 0
2349, 224000, 0, 0, 0
2449, 216320, 0, 0, 0
2549, 216320, 0, 0, 0
2649, 222720, 0, 0, 0
2749, 221440, 0, 0, 0
2849, 224000, 0, 0, 0
2949, 225280, 0, 0, 0
3050, 216320, 0, 0, 0
3150, 215040, 0, 0, 0
3249, 212040, 0, 0, 0
3349, 220160, 0, 0, 0
3449, 221440, 0, 0, 0
3549, 231680, 0, 0, 0
3649, 218880, 0, 0, 0
3749, 220160, 0, 0, 0
3849, 218880, 0, 0, 0
3949, 236800, 0, 0, 0
4049, 218880, 0, 0, 0
4149, 224000, 0, 0, 0
4249, 224000, 0, 0, 0
4349, 225280, 0, 0, 0
4449, 225280, 0, 0, 0
4549, 226560, 0, 0, 0
4649, 222720, 0, 0, 0
4750, 221440, 0, 0, 0
4850, 218880, 0, 0, 0
4950, 220160, 0, 0, 0
5050, 226560, 0, 0, 0
5150, 229120, 0, 0, 0
5249, 218505, 0, 0, 0
5349, 215040, 0, 0, 0
5449, 217600, 0, 0, 0
5549, 224000, 0, 0, 0
5649, 225280, 0, 0, 0
5749, 224000, 0, 0, 0
5849, 218880, 0, 0, 0
5949, 220160, 0, 0, 0
6049, 216320, 0, 0, 0
6149, 217600, 0, 0, 0
6250, 217600, 0, 0, 0
6350, 215040, 0, 0, 0
6450, 206080, 0, 0, 0
6550, 222720, 0, 0, 0
6650, 211200, 0, 0, 0
6749, 212040, 0, 0, 0
6849, 220160, 0, 0, 0
6949, 202240, 0, 0, 0
7049, 220160, 0, 0, 0
7149, 229120, 0, 0, 0
7249, 215040, 0, 0, 0
7349, 216320, 0, 0, 0
7449, 235520, 0, 0, 0
7549, 226560, 0, 0, 0
7649, 215040, 0, 0, 0
7749, 227840, 0, 0, 0
7850, 226560, 0, 0, 0
7950, 236800, 0, 0, 0
8050, 234240, 0, 0, 0
8150, 207360, 0, 0, 0
8249, 209454, 0, 0, 0
8349, 215040, 0, 0, 0
8449, 207360, 0, 0, 0
8549, 207360, 0, 0, 0
8649, 215040, 0, 0, 0
8749, 212480, 0, 0, 0
8849, 216320, 0, 0, 0
8949, 218880, 0, 0, 0
9049, 211200, 0, 0, 0
9149, 213760, 0, 0, 0
9250, 225280, 0, 0, 0
9350, 224000, 0, 0, 0
9450, 222720, 0, 0, 0
9550, 222720, 0, 0, 0
9650, 225280, 0, 0, 0
9749, 230141, 0, 0, 0
9849, 229120, 0, 0, 0
9949, 220160, 0, 0, 0
10049, 220160, 0, 0, 0
10149, 221440, 0, 0, 0
10249, 220160, 0, 0, 0
10349, 220160, 0, 0, 0
10449, 221440, 0, 0, 0
10549, 224000, 0, 0, 0
10649, 217600, 0, 0, 0
10749, 222720, 0, 0, 0
10850, 226560, 0, 0, 0
10950, 221440, 0, 0, 0
11050, 224000, 0, 0, 0
11150, 218880, 0, 0, 0
11249, 217212, 0, 0, 0
11349, 215040, 0, 0, 0
11449, 222720, 0, 0, 0
11549, 218880, 0, 0, 0
11649, 220160, 0, 0, 0
11749, 227840, 0, 0, 0
11849, 215040, 0, 0, 0
11949, 220160, 0, 0, 0
12049, 227840, 0, 0, 0
12149, 221440, 0, 0, 0
12249, 204800, 0, 0, 0
12349, 224000, 0, 0, 0
12450, 218880, 0, 0, 0
12550, 213760, 0, 0, 0
12650, 217600, 0, 0, 0
12749, 206868, 0, 0, 0
12849, 221440, 0, 0, 0
12949, 213760, 0, 0, 0
13049, 216320, 0, 0, 0
13149, 213760, 0, 0, 0
13249, 208640, 0, 0, 0
13349, 216320, 0, 0, 0
13449, 209920, 0, 0, 0
13549, 203520, 0, 0, 0
13649, 208640, 0, 0, 0
13750, 203520, 0, 0, 0
13850, 212480, 0, 0, 0
13950, 208640, 0, 0, 0
14050, 212480, 0, 0, 0
14150, 209920, 0, 0, 0
14249, 205575, 0, 0, 0
14349, 209920, 0, 0, 0
14449, 215040, 0, 0, 0
14549, 216320, 0, 0, 0
14649, 212480, 0, 0, 0
14749, 204800, 0, 0, 0
14849, 208640, 0, 0, 0
14949, 208640, 0, 0, 0
15049, 206080, 0, 0, 0
15149, 213760, 0, 0, 0
15250, 207360, 0, 0, 0
15350, 211200, 0, 0, 0
15450, 209920, 0, 0, 0
15550, 212480, 0, 0, 0
15650, 217600, 0, 0, 0
15749, 235313, 0, 0, 0
15849, 213760, 0, 0, 0
15949, 218880, 0, 0, 0
16049, 224000, 0, 0, 0
16149, 217600, 0, 0, 0
16249, 225280, 0, 0, 0
16349, 220160, 0, 0, 0
16449, 220160, 0, 0, 0
16549, 218880, 0, 0, 0
16649, 212480, 0, 0, 0
16749, 211200, 0, 0, 0
16850, 215040, 0, 0, 0
16950, 217600, 0, 0, 0
17050, 212480, 0, 0, 0
17150, 212480, 0, 0, 0
17249, 212040, 0, 0, 0
17349, 217600, 0, 0, 0
17449, 216320, 0, 0, 0
17549, 204800, 0, 0, 0
17649, 212480, 0, 0, 0
17749, 211200, 0, 0, 0
17849, 213760, 0, 0, 0
17949, 213760, 0, 0, 0
18049, 213760, 0, 0, 0
18149, 218880, 0, 0, 0
18249, 208640, 0, 0, 0
18349, 208640, 0, 0, 0
18450, 213760, 0, 0, 0
18550, 209920, 0, 0, 0
18650, 208640, 0, 0, 0
18749, 222383, 0, 0, 0
18849, 216320, 0, 0, 0
18949, 209920, 0, 0, 0
19049, 206080, 0, 0, 0
19149, 222720, 0, 0, 0
19249, 215040, 0, 0, 0
19349, 213760, 0, 0, 0
19449, 202240, 0, 0, 0
19549, 211200, 0, 0, 0
19649, 215040, 0, 0, 0
19749, 207360, 0, 0, 0
19849, 221440, 0, 0, 0
19950, 216320, 0, 0, 0
20050, 212480, 0, 0, 0
20150, 202240, 0, 0, 0
20249, 213333, 0, 0, 0
20349, 234240, 0, 0, 0
20449, 224000, 0, 0, 0
20549, 213760, 0, 0, 0
20649, 215040, 0, 0, 0
20749, 225280, 0, 0, 0
20849, 226560, 0, 0, 0
20949, 215040, 0, 0, 0
21049, 232960, 0, 0, 0
21149, 218880, 0, 0, 0
21249, 225280, 0, 0, 0
21349, 202240, 0, 0, 0
21449, 221440, 0, 0, 0
21550, 229120, 0, 0, 0
21650, 227840, 0, 0, 0
21749, 223676, 0, 0, 0
21849, 227840, 0, 0, 0
21949, 232960, 0, 0, 0
22049, 225280, 0, 0, 0
22149, 226560, 0, 0, 0
22249, 216320, 0, 0, 0
22349, 226560, 0, 0, 0
22449, 216320, 0, 0, 0
22549, 135680, 0, 0, 0
22649, 230400, 0, 0, 0
22749, 218880, 0, 0, 0
22849, 232960, 0, 0, 0
22949, 229120, 0, 0, 0
23049, 217600, 0, 0, 0
23150, 217600, 0, 0, 0
23250, 215040, 0, 0, 0
23350, 220160, 0, 0, 0
23450, 218880, 0, 0, 0
23550, 216320, 0, 0, 0
23650, 224000, 0, 0, 0
23749, 221090, 0, 0, 0
23849, 216320, 0, 0, 0
23949, 217600, 0, 0, 0
24049, 222720, 0, 0, 0
24149, 221440, 0, 0, 0
24249, 222720, 0, 0, 0
24349, 222720, 0, 0, 0
24449, 227840, 0, 0, 0
24549, 222720, 0, 0, 0
24649, 224000, 0, 0, 0
24750, 212480, 0, 0, 0
24850, 217600, 0, 0, 0
24950, 224000, 0, 0, 0
25050, 212480, 0, 0, 0
25150, 220160, 0, 0, 0
25249, 224969, 0, 0, 0
25349, 234240, 0, 0, 0
25449, 232960, 0, 0, 0
25549, 224000, 0, 0, 0
25649, 220160, 0, 0, 0
25749, 217600, 0, 0, 0
25849, 227840, 0, 0, 0
25949, 226560, 0, 0, 0
26049, 229120, 0, 0, 0
26149, 218880, 0, 0, 0
26249, 218880, 0, 0, 0
26349, 215040, 0, 0, 0
26450, 213760, 0, 0, 0
26550, 220160, 0, 0, 0
26650, 215040, 0, 0, 0
26749, 212040, 0, 0, 0
26849, 212480, 0, 0, 0
26949, 216320, 0, 0, 0
27049, 224000, 0, 0, 0
27149, 217600, 0, 0, 0
27249, 216320, 0, 0, 0
27349, 211200, 0, 0, 0
27449, 207360, 0, 0, 0
27549, 225280, 0, 0, 0
27649, 227840, 0, 0, 0
27749, 217600, 0, 0, 0
27849, 225280, 0, 0, 0
27949, 217600, 0, 0, 0
28050, 222720, 0, 0, 0
28150, 220160, 0, 0, 0
28249, 212040, 0, 0, 0
28349, 212480, 0, 0, 0
28449, 220160, 0, 0, 0
28549, 236800, 0, 0, 0
28649, 225280, 0, 0, 0
28749, 221440, 0, 0, 0
28849, 215040, 0, 0, 0
28949, 204800, 0, 0, 0
29049, 208640, 0, 0, 0
29149, 206080, 0, 0, 0
29249, 221440, 0, 0, 0
29349, 218880, 0, 0, 0
29449, 216320, 0, 0, 0
29550, 225280, 0, 0, 0
29650, 216320, 0, 0, 0
29749, 227555, 0, 0, 0
29849, 216320, 0, 0, 0
29949, 226560, 0, 0, 0
30049, 211200, 0, 0, 0
30149, 212480, 0, 0, 0
30249, 212480, 0, 0, 0
30349, 207360, 0, 0, 0
30449, 212480, 0, 0, 0
30549, 215040, 0, 0, 0
30649, 202240, 0, 0, 0
30749, 212480, 0, 0, 0
30849, 203520, 0, 0, 0
30949, 206080, 0, 0, 0
31049, 213760, 0, 0, 0
31150, 213760, 0, 0, 0
31250, 208640, 0, 0, 0
31350, 208640, 0, 0, 0
31450, 209920, 0, 0, 0
31550, 197120, 0, 0, 0
31650, 211200, 0, 0, 0
31749, 219797, 0, 0, 0
31849, 218880, 0, 0, 0
31949, 227840, 0, 0, 0
32049, 232960, 0, 0, 0
32149, 224000, 0, 0, 0
32249, 224000, 0, 0, 0
32349, 213760, 0, 0, 0
32449, 227840, 0, 0, 0
32550, 216320, 0, 0, 0
32650, 211200, 0, 0, 0
32749, 226262, 0, 0, 0
32849, 215040, 0, 0, 0
32949, 222720, 0, 0, 0
33049, 230400, 0, 0, 0
33149, 229120, 0, 0, 0
33249, 215040, 0, 0, 0
33349, 215040, 0, 0, 0
33449, 218880, 0, 0, 0
33549, 212480, 0, 0, 0
33649, 224000, 0, 0, 0
33749, 222720, 0, 0, 0
33849, 218880, 0, 0, 0
33949, 225280, 0, 0, 0
34050, 213760, 0, 0, 0
34150, 230400, 0, 0, 0
34249, 228848, 0, 0, 0
34349, 227840, 0, 0, 0
34449, 224000, 0, 0, 0
34549, 212480, 0, 0, 0
34649, 221440, 0, 0, 0
34749, 215040, 0, 0, 0
34849, 220160, 0, 0, 0
34949, 230400, 0, 0, 0
35049, 227840, 0, 0, 0
35149, 222720, 0, 0, 0
35249, 227840, 0, 0, 0
35349, 222720, 0, 0, 0
35449, 212480, 0, 0, 0
35550, 216320, 0, 0, 0
35650, 216320, 0, 0, 0
35749, 212040, 0, 0, 0
35849, 206080, 0, 0, 0
35949, 216320, 0, 0, 0
36049, 206080, 0, 0, 0
36149, 207360, 0, 0, 0
36249, 204800, 0, 0, 0
36349, 199680, 0, 0, 0
36449, 207360, 0, 0, 0
36549, 206080, 0, 0, 0
36649, 212480, 0, 0, 0
36749, 207360, 0, 0, 0
36849, 218880, 0, 0, 0
36949, 215040, 0, 0, 0
37050, 211200, 0, 0, 0
37150, 211200, 0, 0, 0
37249, 230141, 0, 0, 0
37349, 193280, 0, 0, 0
37449, 212480, 0, 0, 0
37549, 216320, 0, 0, 0
37649, 215040, 0, 0, 0
37749, 209920, 0, 0, 0
37849, 226560, 0, 0, 0
37949, 225280, 0, 0, 0
38049, 211200, 0, 0, 0
38149, 218880, 0, 0, 0
38249, 231680, 0, 0, 0
38349, 221440, 0, 0, 0
38449, 221440, 0, 0, 0
38549, 224000, 0, 0, 0
38650, 224000, 0, 0, 0
38749, 222383, 0, 0, 0
38849, 216320, 0, 0, 0
38949, 225280, 0, 0, 0
39049, 226560, 0, 0, 0
39149, 226560, 0, 0, 0
39249, 216320, 0, 0, 0
39349, 220160, 0, 0, 0
39449, 217600, 0, 0, 0
39549, 224000, 0, 0, 0
39649, 218880, 0, 0, 0
39749, 209920, 0, 0, 0
39849, 215040, 0, 0, 0
39949, 211200, 0, 0, 0
40049, 217600, 0, 0, 0
40149, 215040, 0, 0, 0
40250, 221440, 0, 0, 0
40350, 216320, 0, 0, 0
40450, 213760, 0, 0, 0
40550, 218880, 0, 0, 0
40650, 221440, 0, 0, 0
40749, 224969, 0, 0, 0
40849, 226560, 0, 0, 0
40949, 229120, 0, 0, 0
41049, 217600, 0, 0, 0
41149, 198400, 0, 0, 0
41249, 211200, 0, 0, 0
41349, 199680, 0, 0, 0
41449, 212480, 0, 0, 0
41549, 207360, 0, 0, 0
41649, 212480, 0, 0, 0
41749, 225280, 0, 0, 0
41850, 221440, 0, 0, 0
41950, 229120, 0, 0, 0
42050, 224000, 0, 0, 0
42150, 225280, 0, 0, 0
42249, 217212, 0, 0, 0
42349, 230400, 0, 0, 0
42449, 235520, 0, 0, 0
42549, 221440, 0, 0, 0
42649, 224000, 0, 0, 0
42749, 235520, 0, 0, 0
42849, 222720, 0, 0, 0
42949, 218880, 0, 0, 0
43049, 217600, 0, 0, 0
43149, 217600, 0, 0, 0
43249, 221440, 0, 0, 0
43349, 215040, 0, 0, 0
43450, 215040, 0, 0, 0
43550, 207360, 0, 0, 0
43650, 211200, 0, 0, 0
43749, 217212, 0, 0, 0
43849, 217600, 0, 0, 0
43949, 218880, 0, 0, 0
44049, 217600, 0, 0, 0
44149, 218880, 0, 0, 0
44249, 215040, 0, 0, 0
44349, 206080, 0, 0, 0
44449, 207360, 0, 0, 0
44549, 207360, 0, 0, 0
44649, 213760, 0, 0, 0
44749, 209920, 0, 0, 0
44849, 211200, 0, 0, 0
44949, 202240, 0, 0, 0
45050, 207360, 0, 0, 0
45150, 209920, 0, 0, 0
45249, 209454, 0, 0, 0
45349, 218880, 0, 0, 0
45449, 222720, 0, 0, 0
45549, 221440, 0, 0, 0
45649, 212480, 0, 0, 0
45749, 221440, 0, 0, 0
45849, 218880, 0, 0, 0
45949, 220160, 0, 0, 0
46049, 212480, 0, 0, 0
46149, 226560, 0, 0, 0
46249, 218880, 0, 0, 0
46349, 231680, 0, 0, 0
46449, 217600, 0, 0, 0
46549, 234240, 0, 0, 0
46649, 211200, 0, 0, 0
46750, 225280, 0, 0, 0
46850, 224000, 0, 0, 0
46950, 227840, 0, 0, 0
47050, 227840, 0, 0, 0
47150, 215040, 0, 0, 0
47249, 223676, 0, 0, 0
47349, 218880, 0, 0, 0
47449, 225280, 0, 0, 0
47549, 216320, 0, 0, 0
47649, 217600, 0, 0, 0
47749, 218880, 0, 0, 0
47849, 224000, 0, 0, 0
47949, 216320, 0, 0, 0
48049, 226560, 0, 0, 0
48149, 213760, 0, 0, 0
48249, 212480, 0, 0, 0
48349, 200960, 0, 0, 0
48449, 195840, 0, 0, 0
48550, 209920, 0, 0, 0
48650, 213760, 0, 0, 0
48749, 214626, 0, 0, 0
48849, 218880, 0, 0, 0
48949, 209920, 0, 0, 0
49049, 213760, 0, 0, 0
49149, 226560, 0, 0, 0
49249, 231680, 0, 0, 0
49349, 220160, 0, 0, 0
49449, 206080, 0, 0, 0
49549, 224000, 0, 0, 0
49649, 212480, 0, 0, 0
49749, 221440, 0, 0, 0
49849, 224000, 0, 0, 0
49949, 213760, 0, 0, 0
50049, 222720, 0, 0, 0
50149, 220160, 0, 0, 0
50250, 222720, 0, 0, 0
50350, 215040, 0, 0, 0
50450, 226560, 0, 0, 0
50550, 212480, 0, 0, 0
50650, 231680, 0, 0, 0
50749, 223676, 0, 0, 0
50849, 229120, 0, 0, 0
50949, 225280, 0, 0, 0
51049, 224000, 0, 0, 0
51149, 230400, 0, 0, 0
51249, 229120, 0, 0, 0
51349, 227840, 0, 0, 0
51449, 215040, 0, 0, 0
51549, 217600, 0, 0, 0
51649, 215040, 0, 0, 0
51750, 203520, 0, 0, 0
51850, 202240, 0, 0, 0
51950, 206080, 0, 0, 0
52050, 211200, 0, 0, 0
52150, 218880, 0, 0, 0
52249, 213333, 0, 0, 0
52349, 218880, 0, 0, 0
52449, 215040, 0, 0, 0
52549, 215040, 0, 0, 0
52649, 217600, 0, 0, 0
52749, 208640, 0, 0, 0
52849, 190720, 0, 0, 0
52949, 184320, 0, 0, 0
53049, 194560, 0, 0, 0
53149, 180480, 0, 0, 0
53249, 190720, 0, 0, 0
53349, 188160, 0, 0, 0
53449, 180480, 0, 0, 0
53550, 189440, 0, 0, 0
53650, 189440, 0, 0, 0
53749, 196525, 0, 0, 0
53849, 192000, 0, 0, 0
53949, 192000, 0, 0, 0
54049, 197120, 0, 0, 0
54149, 199680, 0, 0, 0
54249, 192000, 0, 0, 0
54349, 199680, 0, 0, 0
54449, 195840, 0, 0, 0
54549, 197120, 0, 0, 0
54649, 189440, 0, 0, 0
54749, 190720, 0, 0, 0
54849, 194560, 0, 0, 0
54950, 192000, 0, 0, 0
55050, 195840, 0, 0, 0
55150, 197120, 0, 0, 0
55249, 192646, 0, 0, 0
55349, 192000, 0, 0, 0
55449, 197120, 0, 0, 0
55549, 193280, 0, 0, 0
55649, 190720, 0, 0, 0
55749, 188160, 0, 0, 0
55849, 188160, 0, 0, 0
55949, 186880, 0, 0, 0
56049, 185600, 0, 0, 0
56149, 188160, 0, 0, 0
56249, 192000, 0, 0, 0
56349, 190720, 0, 0, 0
56450, 184320, 0, 0, 0
56550, 188160, 0, 0, 0
56650, 184320, 0, 0, 0
56749, 187474, 0, 0, 0
56849, 193280, 0, 0, 0
56949, 197120, 0, 0, 0
57049, 189440, 0, 0, 0
57149, 186880, 0, 0, 0
57249, 181760, 0, 0, 0
57349, 185600, 0, 0, 0
57449, 190720, 0, 0, 0
57549, 185600, 0, 0, 0
57649, 190720, 0, 0, 0
57749, 186880, 0, 0, 0
57849, 189440, 0, 0, 0
57949, 194560, 0, 0, 0
58049, 193280, 0, 0, 0
58150, 188160, 0, 0, 0
58250, 193280, 0, 0, 0
58350, 192000, 0, 0, 0
58450, 185600, 0, 0, 0
58550, 190720, 0, 0, 0
58650, 192000, 0, 0, 0
58749, 195232, 0, 0, 0
58849, 192000, 0, 0, 0
58949, 188160, 0, 0, 0
59049, 188160, 0, 0, 0
59149, 193280, 0, 0, 0
59249, 184320, 0, 0, 0
59349, 183040, 0, 0, 0
59449, 188160, 0, 0, 0
59549, 199680, 0, 0, 0
59649, 195840, 0, 0, 0
59749, 197120, 0, 0, 0
59850, 193280, 0, 0, 0
59950, 193280, 0, 0, 0
