100, 754262, 0, 0, 0
200, 780799, 0, 0, 0
300, 768409, 0, 0, 0
400, 743439, 0, 0, 0
500, 783970, 0, 0, 0
600, 736199, 0, 0, 0
700, 740772, 0, 0, 0
800, 744666, 0, 0, 0
900, 851163, 0, 0, 0
1000, 850426, 0, 0, 0
1100, 836840, 0, 0, 0
1200, 841491, 0, 0, 0
1300, 827284, 0, 0, 0
1400, 746235, 0, 0, 0
1500, 763252, 0, 0, 0
1600, 791782, 0, 0, 0
1700, 767023, 0, 0, 0
1800, 785358, 0, 0, 0
1900, 760596, 0, 0, 0
2000, 723150, 0, 0, 0
2100, 773038, 0, 0, 0
2200, 896662, 0, 0, 0
2300, 765426, 0, 0, 0
2401, 784952, 0, 0, 0
2500, 771191, 0, 0, 0
2600, 800888, 0, 0, 0
2700, 718432, 0, 0, 0
2800, 730730, 0, 0, 0
2900, 862150, 0, 0, 0
3000, 832497, 0, 0, 0
3100, 730834, 0, 0, 0
3200, 831788, 0, 0, 0
3300, 743962, 0, 0, 0
3400, 909670, 0, 0, 0
3500, 734287, 0, 0, 0
3601, 905237, 0, 0, 0
3700, 843803, 0, 0, 0
3800, 739369, 0, 0, 0
3900, 790033, 0, 0, 0
4000, 807289, 0, 0, 0
4100, 819651, 0, 0, 0
4200, 798551, 0, 0, 0
4300, 697965, 0, 0, 0
4400, 803998, 0, 0, 0
4500, 780960, 0, 0, 0
4600, 781282, 0, 0, 0
4700, 864462, 0, 0, 0
4800, 840008, 0, 0, 0
4900, 804049, 0, 0, 0
5000, 759377, 0, 0, 0
5100, 854474, 0, 0, 0
5200, 723529, 0, 0, 0
5300, 734389, 0, 0, 0
5400, 778375, 0, 0, 0
5500, 755106, 0, 0, 0
5600, 746843, 0, 0, 0
5700, 805925, 0, 0, 0
5800, 663185, 0, 0, 0
5900, 755123, 0, 0, 0
6000, 798163, 0, 0, 0
6100, 704098, 0, 0, 0
6200, 761263, 0, 0, 0
6300, 884891, 0, 0, 0
6400, 745387, 0, 0, 0
6500, 791088, 0, 0, 0
6600, 728214, 0, 0, 0
6701, 750110, 0, 0, 0
6800, 772939, 0, 0, 0
6900, 718328, 0, 0, 0
7000, 772014, 0, 0, 0
7100, 787128, 0, 0, 0
7200, 803030, 0, 0, 0
7300, 735248, 0, 0, 0
7400, 904211, 0, 0, 0
7500, 791528, 0, 0, 0
7600, 800190, 0, 0, 0
7700, 712279, 0, 0, 0
7800, 830962, 0, 0, 0
7900, 799714, 0, 0, 0
8000, 785014, 0, 0, 0
8100, 783435, 0, 0, 0
8200, 740523, 0, 0, 0
8300, 784647, 0, 0, 0
8400, 737420, 0, 0, 0
8500, 782281, 0, 0, 0
8601, 810566, 0, 0, 0
8700, 844919, 0, 0, 0
8800, 879996, 0, 0, 0
8900, 759436, 0, 0, 0
9000, 841197, 0, 0, 0
9100, 737705, 0, 0, 0
9200, 781196, 0, 0, 0
9300, 787679, 0, 0, 0
9400, 725875, 0, 0, 0
9500, 746111, 0, 0, 0
9601, 870857, 0, 0, 0
9700, 850254, 0, 0, 0
9800, 760722, 0, 0, 0
9900, 883605, 0, 0, 0
10000, 804860, 0, 0, 0
10100, 759427, 0, 0, 0
10200, 804326, 0, 0, 0
10300, 743434, 0, 0, 0
10400, 776526, 0, 0, 0
10500, 754856, 0, 0, 0
10600, 724499, 0, 0, 0
10700, 769801, 0, 0, 0
10800, 832061, 0, 0, 0
10900, 879461, 0, 0, 0
11000, 866987, 0, 0, 0
11100, 734704, 0, 0, 0
11200, 706663, 0, 0, 0
11300, 786043, 0, 0, 0
11400, 793451, 0, 0, 0
11500, 775946, 0, 0, 0
11600, 737367, 0, 0, 0
11700, 806235, 0, 0, 0
11800, 745730, 0, 0, 0
11900, 877358, 0, 0, 0
12000, 869413, 0, 0, 0
12100, 782349, 0, 0, 0
12200, 743805, 0, 0, 0
12300, 714445, 0, 0, 0
12400, 700402, 0, 0, 0
12500, 796031, 0, 0, 0
12600, 827612, 0, 0, 0
12700, 736171, 0, 0, 0
12800, 748321, 0, 0, 0
12900, 791506, 0, 0, 0
13000, 747485, 0, 0, 0
13100, 802082, 0, 0, 0
13200, 824983, 0, 0, 0
13300, 736615, 0, 0, 0
13400, 770000, 0, 0, 0
13500, 787126, 0, 0, 0
13600, 753212, 0, 0, 0
13700, 707800, 0, 0, 0
13800, 790280, 0, 0, 0
13900, 713847, 0, 0, 0
14000, 739938, 0, 0, 0
14100, 790165, 0, 0, 0
14200, 798550, 0, 0, 0
14300, 737023, 0, 0, 0
14400, 745637, 0, 0, 0
14500, 804113, 0, 0, 0
14600, 793359, 0, 0, 0
14700, 739643, 0, 0, 0
14800, 917692, 0, 0, 0
14900, 924741, 0, 0, 0
15000, 816210, 0, 0, 0
15100, 762470, 0, 0, 0
15200, 778788, 0, 0, 0
15300, 780081, 0, 0, 0
15400, 867076, 0, 0, 0
15500, 696233, 0, 0, 0
15600, 726049, 0, 0, 0
15700, 693213, 0, 0, 0
15801, 919979, 0, 0, 0
15900, 782918, 0, 0, 0
16000, 804200, 0, 0, 0
16100, 820446, 0, 0, 0
16200, 789093, 0, 0, 0
16300, 741474, 0, 0, 0
16400, 772170, 0, 0, 0
16500, 704339, 0, 0, 0
16600, 764082, 0, 0, 0
16700, 798165, 0, 0, 0
16800, 777984, 0, 0, 0
16900, 819099, 0, 0, 0
17000, 789498, 0, 0, 0
17100, 829293, 0, 0, 0
17200, 801600, 0, 0, 0
17300, 836814, 0, 0, 0
17400, 800984, 0, 0, 0
17500, 710985, 0, 0, 0
17600, 807848, 0, 0, 0
17700, 824882, 0, 0, 0
17800, 794419, 0, 0, 0
17900, 909517, 0, 0, 0
18000, 747954, 0, 0, 0
18100, 806017, 0, 0, 0
18200, 700934, 0, 0, 0
18300, 717696, 0, 0, 0
18400, 716273, 0, 0, 0
18501, 785606, 0, 0, 0
18600, 775306, 0, 0, 0
18700, 768499, 0, 0, 0
18800, 786823, 0, 0, 0
18900, 845389, 0, 0, 0
19000, 765603, 0, 0, 0
19100, 766270, 0, 0, 0
19200, 732612, 0, 0, 0
19300, 737446, 0, 0, 0
19401, 733156, 0, 0, 0
19500, 819829, 0, 0, 0
19600, 777434, 0, 0, 0
19700, 790508, 0, 0, 0
19800, 843901, 0, 0, 0
19900, 776180, 0, 0, 0
20000, 820567, 0, 0, 0
20100, 799524, 0, 0, 0
20200, 777857, 0, 0, 0
20300, 971392, 0, 0, 0
20400, 820870, 0, 0, 0
20500, 715345, 0, 0, 0
20600, 769615, 0, 0, 0
20700, 778207, 0, 0, 0
20800, 730229, 0, 0, 0
20900, 717009, 0, 0, 0
21000, 756800, 0, 0, 0
21100, 789330, 0, 0, 0
21200, 775700, 0, 0, 0
21300, 736442, 0, 0, 0
21400, 808130, 0, 0, 0
21500, 719621, 0, 0, 0
21600, 730397, 0, 0, 0
21700, 722774, 0, 0, 0
21800, 791906, 0, 0, 0
21900, 805889, 0, 0, 0
22000, 798322, 0, 0, 0
22100, 771003, 0, 0, 0
22200, 763963, 0, 0, 0
22300, 828429, 0, 0, 0
22400, 702533, 0, 0, 0
22500, 763134, 0, 0, 0
22600, 711410, 0, 0, 0
22700, 728547, 0, 0, 0
22801, 800614, 0, 0, 0
22900, 754244, 0, 0, 0
23000, 847810, 0, 0, 0
23100, 826173, 0, 0, 0
23201, 866397, 0, 0, 0
23300, 852308, 0, 0, 0
23400, 822440, 0, 0, 0
23500, 812580, 0, 0, 0
23600, 805652, 0, 0, 0
23700, 886345, 0, 0, 0
23800, 708385, 0, 0, 0
23900, 795230, 0, 0, 0
24001, 887842, 0, 0, 0
24100, 750275, 0, 0, 0
24200, 816044, 0, 0, 0
24300, 777324, 0, 0, 0
24400, 800826, 0, 0, 0
24500, 779399, 0, 0, 0
24600, 778365, 0, 0, 0
24700, 800023, 0, 0, 0
24800, 789080, 0, 0, 0
24900, 842703, 0, 0, 0
25000, 876207, 0, 0, 0
25100, 822413, 0, 0, 0
25200, 722290, 0, 0, 0
25300, 763321, 0, 0, 0
25400, 763172, 0, 0, 0
25500, 776738, 0, 0, 0
25600, 704483, 0, 0, 0
25700, 813162, 0, 0, 0
25800, 806444, 0, 0, 0
25900, 876098, 0, 0, 0
26000, 776120, 0, 0, 0
26100, 740319, 0, 0, 0
26200, 769325, 0, 0, 0
26300, 804728, 0, 0, 0
26400, 748706, 0, 0, 0
26500, 773474, 0, 0, 0
26600, 852880, 0, 0, 0
26700, 724984, 0, 0, 0
26800, 861942, 0, 0, 0
26900, 803085, 0, 0, 0
27000, 750037, 0, 0, 0
27100, 703679, 0, 0, 0
27200, 789345, 0, 0, 0
27300, 724896, 0, 0, 0
27400, 733682, 0, 0, 0
27500, 797410, 0, 0, 0
27600, 752356, 0, 0, 0
27700, 839565, 0, 0, 0
27800, 736565, 0, 0, 0
27900, 827210, 0, 0, 0
28000, 828573, 0, 0, 0
28100, 761790, 0, 0, 0
28200, 805991, 0, 0, 0
28300, 864753, 0, 0, 0
28400, 782887, 0, 0, 0
28500, 828933, 0, 0, 0
28600, 754958, 0, 0, 0
28700, 742306, 0, 0, 0
28800, 894241, 0, 0, 0
28900, 721620, 0, 0, 0
29000, 797798, 0, 0, 0
29101, 726846, 0, 0, 0
29200, 792393, 0, 0, 0
29300, 840855, 0, 0, 0
29400, 846858, 0, 0, 0
29500, 803837, 0, 0, 0
29600, 767510, 0, 0, 0
29700, 748704, 0, 0, 0
29800, 848325, 0, 0, 0
29900, 745725, 0, 0, 0
30000, 760162, 0, 0, 0
30100, 688250, 0, 0, 0
30200, 783396, 0, 0, 0
30300, 836647, 0, 0, 0
30400, 902648, 0, 0, 0
30500, 723254, 0, 0, 0
30600, 786702, 0, 0, 0
30700, 811830, 0, 0, 0
30800, 787225, 0, 0, 0
30900, 816805, 0, 0, 0
31000, 856503, 0, 0, 0
31100, 796664, 0, 0, 0
31200, 807411, 0, 0, 0
31300, 757348, 0, 0, 0
31400, 1018761, 0, 0, 0
31500, 795568, 0, 0, 0
31600, 853461, 0, 0, 0
31700, 736603, 0, 0, 0
31800, 823912, 0, 0, 0
31900, 773732, 0, 0, 0
32000, 701615, 0, 0, 0
32100, 785359, 0, 0, 0
32200, 736816, 0, 0, 0
32300, 832637, 0, 0, 0
32400, 787184, 0, 0, 0
32500, 750039, 0, 0, 0
32600, 829104, 0, 0, 0
32700, 735816, 0, 0, 0
32800, 716592, 0, 0, 0
32900, 755796, 0, 0, 0
33000, 712155, 0, 0, 0
33100, 763564, 0, 0, 0
33200, 825165, 0, 0, 0
33301, 822380, 0, 0, 0
33400, 822838, 0, 0, 0
33500, 792224, 0, 0, 0
33600, 801030, 0, 0, 0
33700, 810282, 0, 0, 0
33800, 745261, 0, 0, 0
33900, 742272, 0, 0, 0
34000, 713658, 0, 0, 0
34100, 750904, 0, 0, 0
34200, 827020, 0, 0, 0
34300, 753660, 0, 0, 0
34400, 755898, 0, 0, 0
34500, 802507, 0, 0, 0
34600, 730572, 0, 0, 0
34700, 796793, 0, 0, 0
34800, 868642, 0, 0, 0
34900, 843789, 0, 0, 0
35000, 767263, 0, 0, 0
35100, 791250, 0, 0, 0
35200, 782461, 0, 0, 0
35300, 859770, 0, 0, 0
35400, 793566, 0, 0, 0
35500, 743072, 0, 0, 0
35600, 722144, 0, 0, 0
35700, 757499, 0, 0, 0
35800, 819369, 0, 0, 0
35900, 734354, 0, 0, 0
36000, 765615, 0, 0, 0
36100, 795423, 0, 0, 0
36200, 894133, 0, 0, 0
36300, 835766, 0, 0, 0
36400, 761817, 0, 0, 0
36500, 726404, 0, 0, 0
36600, 750584, 0, 0, 0
36700, 797878, 0, 0, 0
36800, 739539, 0, 0, 0
36900, 701717, 0, 0, 0
37000, 767167, 0, 0, 0
37100, 799954, 0, 0, 0
37200, 741706, 0, 0, 0
37300, 782708, 0, 0, 0
37400, 768675, 0, 0, 0
37500, 820644, 0, 0, 0
37600, 696872, 0, 0, 0
37700, 702795, 0, 0, 0
37800, 756315, 0, 0, 0
37900, 795815, 0, 0, 0
38000, 751488, 0, 0, 0
38100, 809196, 0, 0, 0
38200, 899920, 0, 0, 0
38301, 783126, 0, 0, 0
38400, 761794, 0, 0, 0
38500, 764745, 0, 0, 0
38600, 714972, 0, 0, 0
38700, 751803, 0, 0, 0
38800, 812438, 0, 0, 0
38900, 737646, 0, 0, 0
39000, 714270, 0, 0, 0
39100, 713133, 0, 0, 0
39200, 825705, 0, 0, 0
39300, 789741, 0, 0, 0
39400, 771659, 0, 0, 0
39500, 781370, 0, 0, 0
39600, 828688, 0, 0, 0
39700, 751853, 0, 0, 0
39800, 771992, 0, 0, 0
39900, 780305, 0, 0, 0
40000, 820048, 0, 0, 0
40100, 784138, 0, 0, 0
40200, 853719, 0, 0, 0
40300, 769149, 0, 0, 0
40400, 764359, 0, 0, 0
40500, 744066, 0, 0, 0
40600, 776151, 0, 0, 0
40700, 794932, 0, 0, 0
40800, 749674, 0, 0, 0
40900, 764922, 0, 0, 0
41000, 765206, 0, 0, 0
41101, 861932, 0, 0, 0
41200, 788479, 0, 0, 0
41300, 763511, 0, 0, 0
41400, 796665, 0, 0, 0
41500, 784137, 0, 0, 0
41600, 789592, 0, 0, 0
41700, 774430, 0, 0, 0
41800, 839503, 0, 0, 0
41900, 760894, 0, 0, 0
42000, 794860, 0, 0, 0
42100, 748151, 0, 0, 0
42200, 839828, 0, 0, 0
42300, 767963, 0, 0, 0
42400, 887641, 0, 0, 0
42500, 802933, 0, 0, 0
42600, 745414, 0, 0, 0
42700, 735996, 0, 0, 0
42800, 721542, 0, 0, 0
42900, 767791, 0, 0, 0
43000, 795540, 0, 0, 0
43100, 698426, 0, 0, 0
43200, 767342, 0, 0, 0
43300, 732756, 0, 0, 0
43400, 804209, 0, 0, 0
43500, 821419, 0, 0, 0
43600, 736035, 0, 0, 0
43700, 836632, 0, 0, 0
43800, 771497, 0, 0, 0
43900, 782096, 0, 0, 0
44000, 733548, 0, 0, 0
44101, 842970, 0, 0, 0
44200, 795813, 0, 0, 0
44300, 720530, 0, 0, 0
44400, 848476, 0, 0, 0
44500, 772728, 0, 0, 0
44600, 755719, 0, 0, 0
44700, 775590, 0, 0, 0
44800, 777139, 0, 0, 0
44900, 798403, 0, 0, 0
45000, 739694, 0, 0, 0
45100, 789921, 0, 0, 0
45200, 791355, 0, 0, 0
45300, 791501, 0, 0, 0
45400, 959838, 0, 0, 0
45500, 768831, 0, 0, 0
45601, 778181, 0, 0, 0
45700, 805421, 0, 0, 0
45800, 823756, 0, 0, 0
45900, 716156, 0, 0, 0
46000, 776901, 0, 0, 0
46100, 869386, 0, 0, 0
46200, 735539, 0, 0, 0
46300, 735746, 0, 0, 0
46400, 831421, 0, 0, 0
46500, 812599, 0, 0, 0
46600, 808214, 0, 0, 0
46700, 809394, 0, 0, 0
46800, 977863, 0, 0, 0
46900, 804916, 0, 0, 0
47000, 742299, 0, 0, 0
47100, 706505, 0, 0, 0
47200, 733588, 0, 0, 0
47300, 818256, 0, 0, 0
47400, 724978, 0, 0, 0
47500, 860303, 0, 0, 0
47600, 688852, 0, 0, 0
47700, 702104, 0, 0, 0
47800, 725139, 0, 0, 0
47900, 813204, 0, 0, 0
48000, 759305, 0, 0, 0
48100, 763798, 0, 0, 0
48200, 728651, 0, 0, 0
48300, 742719, 0, 0, 0
48401, 792994, 0, 0, 0
48500, 833591, 0, 0, 0
48600, 787197, 0, 0, 0
48700, 889505, 0, 0, 0
48800, 751027, 0, 0, 0
48900, 784269, 0, 0, 0
49000, 766100, 0, 0, 0
49100, 777210, 0, 0, 0
49200, 783388, 0, 0, 0
49300, 713302, 0, 0, 0
49400, 780287, 0, 0, 0
49500, 752308, 0, 0, 0
49600, 715154, 0, 0, 0
49700, 729469, 0, 0, 0
49800, 793157, 0, 0, 0
49900, 806622, 0, 0, 0
50000, 790860, 0, 0, 0
50100, 869036, 0, 0, 0
50200, 816071, 0, 0, 0
50300, 815153, 0, 0, 0
50400, 844397, 0, 0, 0
50500, 864179, 0, 0, 0
50600, 739865, 0, 0, 0
50700, 750200, 0, 0, 0
50800, 799197, 0, 0, 0
50900, 860383, 0, 0, 0
51000, 724093, 0, 0, 0
51100, 688512, 0, 0, 0
51200, 905506, 0, 0, 0
51300, 764431, 0, 0, 0
51400, 716303, 0, 0, 0
51500, 754355, 0, 0, 0
51600, 720066, 0, 0, 0
51700, 817839, 0, 0, 0
51800, 704349, 0, 0, 0
51900, 741720, 0, 0, 0
52000, 856541, 0, 0, 0
52100, 720814, 0, 0, 0
52200, 797621, 0, 0, 0
52300, 821183, 0, 0, 0
52400, 763060, 0, 0, 0
52500, 805195, 0, 0, 0
52600, 778575, 0, 0, 0
52700, 892349, 0, 0, 0
52800, 759329, 0, 0, 0
52900, 765046, 0, 0, 0
53000, 703138, 0, 0, 0
53100, 752809, 0, 0, 0
53200, 734846, 0, 0, 0
53300, 829828, 0, 0, 0
53400, 774529, 0, 0, 0
53500, 864453, 0, 0, 0
53600, 712256, 0, 0, 0
53700, 818323, 0, 0, 0
53800, 752391, 0, 0, 0
53900, 739504, 0, 0, 0
54000, 779035, 0, 0, 0
54100, 792184, 0, 0, 0
54200, 721283, 0, 0, 0
54300, 686949, 0, 0, 0
54400, 797043, 0, 0, 0
54500, 763566, 0, 0, 0
54600, 833443, 0, 0, 0
54701, 806103, 0, 0, 0
54801, 845687, 0, 0, 0
54900, 792328, 0, 0, 0
55000, 927837, 0, 0, 0
55100, 774884, 0, 0, 0
55200, 764349, 0, 0, 0
55300, 710066, 0, 0, 0
55400, 744446, 0, 0, 0
55500, 721192, 0, 0, 0
55600, 781759, 0, 0, 0
55700, 767978, 0, 0, 0
55800, 701251, 0, 0, 0
55900, 811108, 0, 0, 0
56000, 799816, 0, 0, 0
56100, 708800, 0, 0, 0
56200, 713054, 0, 0, 0
56300, 721282, 0, 0, 0
56400, 905179, 0, 0, 0
56500, 840376, 0, 0, 0
56600, 739079, 0, 0, 0
56700, 736149, 0, 0, 0
56800, 865739, 0, 0, 0
56900, 771759, 0, 0, 0
57000, 737381, 0, 0, 0
57100, 748604, 0, 0, 0
57200, 850801, 0, 0, 0
57300, 773209, 0, 0, 0
57400, 748860, 0, 0, 0
57500, 820342, 0, 0, 0
57600, 908438, 0, 0, 0
57700, 776928, 0, 0, 0
57800, 747487, 0, 0, 0
57900, 756252, 0, 0, 0
58000, 751125, 0, 0, 0
58100, 824097, 0, 0, 0
58200, 793804, 0, 0, 0
58300, 814191, 0, 0, 0
58400, 811042, 0, 0, 0
58500, 719630, 0, 0, 0
58600, 724622, 0, 0, 0
58700, 827361, 0, 0, 0
58800, 859749, 0, 0, 0
58900, 800509, 0, 0, 0
59000, 751046, 0, 0, 0
59100, 680243, 0, 0, 0
59200, 750450, 0, 0, 0
59300, 876020, 0, 0, 0
59400, 838059, 0, 0, 0
59500, 755223, 0, 0, 0
59600, 791871, 0, 0, 0
59700, 779965, 0, 0, 0
59801, 784239, 0, 0, 0
59900, 780231, 0, 0, 0
60000, 772916, 0, 0, 0
60100, 788078, 0, 0, 0
60200, 928605, 0, 0, 0
60300, 907942, 0, 0, 0
60400, 740295, 0, 0, 0
60500, 803736, 0, 0, 0
60600, 811759, 0, 0, 0
60700, 735308, 0, 0, 0
60800, 784611, 0, 0, 0
60900, 771551, 0, 0, 0
61000, 845083, 0, 0, 0
61100, 848169, 0, 0, 0
61200, 806573, 0, 0, 0
61300, 704591, 0, 0, 0
61400, 770744, 0, 0, 0
61500, 777431, 0, 0, 0
61600, 803925, 0, 0, 0
61700, 840095, 0, 0, 0
61800, 855420, 0, 0, 0
61900, 810346, 0, 0, 0
62000, 732777, 0, 0, 0
62100, 859474, 0, 0, 0
62200, 719419, 0, 0, 0
62300, 735900, 0, 0, 0
62400, 779783, 0, 0, 0
62500, 789928, 0, 0, 0
62600, 948082, 0, 0, 0
62700, 723052, 0, 0, 0
62800, 808866, 0, 0, 0
62900, 745697, 0, 0, 0
63000, 774459, 0, 0, 0
63100, 848176, 0, 0, 0
63200, 784118, 0, 0, 0
63300, 825768, 0, 0, 0
63400, 714443, 0, 0, 0
63500, 794426, 0, 0, 0
63600, 746241, 0, 0, 0
63700, 700155, 0, 0, 0
63800, 791162, 0, 0, 0
63900, 892143, 0, 0, 0
64000, 858939, 0, 0, 0
64100, 743911, 0, 0, 0
64200, 790227, 0, 0, 0
64301, 818430, 0, 0, 0
64400, 834874, 0, 0, 0
64500, 692249, 0, 0, 0
64600, 780127, 0, 0, 0
64700, 812586, 0, 0, 0
64800, 895540, 0, 0, 0
64900, 819641, 0, 0, 0
65000, 841354, 0, 0, 0
65100, 781367, 0, 0, 0
65200, 786923, 0, 0, 0
65300, 857421, 0, 0, 0
65400, 789458, 0, 0, 0
65500, 791919, 0, 0, 0
65600, 740080, 0, 0, 0
65700, 757302, 0, 0, 0
65800, 730779, 0, 0, 0
65900, 814842, 0, 0, 0
66000, 727996, 0, 0, 0
66100, 791901, 0, 0, 0
66200, 844410, 0, 0, 0
66300, 791348, 0, 0, 0
66400, 812707, 0, 0, 0
66500, 749174, 0, 0, 0
66600, 789725, 0, 0, 0
66700, 819127, 0, 0, 0
66800, 800664, 0, 0, 0
66900, 777926, 0, 0, 0
67000, 780146, 0, 0, 0
67100, 801241, 0, 0, 0
67200, 843847, 0, 0, 0
67300, 807539, 0, 0, 0
67400, 899231, 0, 0, 0
67500, 744978, 0, 0, 0
67600, 810603, 0, 0, 0
67700, 736429, 0, 0, 0
67800, 903172, 0, 0, 0
67900, 713025, 0, 0, 0
68000, 678855, 0, 0, 0
68100, 899301, 0, 0, 0
68200, 747241, 0, 0, 0
68300, 870415, 0, 0, 0
68400, 792654, 0, 0, 0
68500, 847235, 0, 0, 0
68601, 762954, 0, 0, 0
68700, 891201, 0, 0, 0
68800, 867837, 0, 0, 0
68901, 835751, 0, 0, 0
69000, 777761, 0, 0, 0
69100, 758077, 0, 0, 0
69200, 788820, 0, 0, 0
69300, 761451, 0, 0, 0
69400, 886486, 0, 0, 0
69500, 722768, 0, 0, 0
69600, 784115, 0, 0, 0
69700, 751644, 0, 0, 0
69800, 1008539, 0, 0, 0
69900, 671398, 0, 0, 0
70001, 936486, 0, 0, 0
70100, 736103, 0, 0, 0
70200, 871547, 0, 0, 0
70300, 1930601, 0, 0, 0
70400, 658555, 0, 0, 0
70501, 1036614, 0, 0, 0
70600, 724061, 0, 0, 0
70700, 805751, 0, 0, 0
70800, 705087, 0, 0, 0
70900, 1025884, 0, 0, 0
71000, 639466, 0, 0, 0
71100, 795656, 0, 0, 0
71200, 797403, 0, 0, 0
71300, 793886, 0, 0, 0
71400, 794403, 0, 0, 0
71500, 2868025, 0, 0, 0
71600, 738019, 0, 0, 0
71700, 727165, 0, 0, 0
71800, 739403, 0, 0, 0
71900, 729358, 0, 0, 0
72001, 738996, 0, 0, 0
72100, 813132, 0, 0, 0
72200, 748622, 0, 0, 0
72300, 834383, 0, 0, 0
72400, 809102, 0, 0, 0
72500, 780579, 0, 0, 0
72600, 853426, 0, 0, 0
72700, 741039, 0, 0, 0
72800, 730146, 0, 0, 0
72900, 723643, 0, 0, 0
73000, 811162, 0, 0, 0
73100, 766704, 0, 0, 0
73200, 775283, 0, 0, 0
73300, 721543, 0, 0, 0
73400, 845993, 0, 0, 0
73500, 739277, 0, 0, 0
73600, 750802, 0, 0, 0
73700, 744041, 0, 0, 0
73800, 803321, 0, 0, 0
73900, 736240, 0, 0, 0
74000, 743506, 0, 0, 0
74100, 784643, 0, 0, 0
74200, 734537, 0, 0, 0
74300, 756145, 0, 0, 0
74400, 912274, 0, 0, 0
74500, 778671, 0, 0, 0
74600, 860256, 0, 0, 0
74701, 787799, 0, 0, 0
74800, 768162, 0, 0, 0
74900, 762114, 0, 0, 0
75000, 753659, 0, 0, 0
75100, 705659, 0, 0, 0
75200, 761489, 0, 0, 0
75300, 879678, 0, 0, 0
75400, 765289, 0, 0, 0
75500, 779457, 0, 0, 0
75600, 755562, 0, 0, 0
75700, 787431, 0, 0, 0
75800, 780526, 0, 0, 0
75900, 802139, 0, 0, 0
76000, 753597, 0, 0, 0
76100, 734612, 0, 0, 0
76200, 777043, 0, 0, 0
76300, 895629, 0, 0, 0
76400, 704893, 0, 0, 0
76500, 750385, 0, 0, 0
76600, 792196, 0, 0, 0
76700, 748708, 0, 0, 0
76800, 891057, 0, 0, 0
76900, 832588, 0, 0, 0
77000, 839062, 0, 0, 0
77100, 763781, 0, 0, 0
77200, 778502, 0, 0, 0
77300, 758416, 0, 0, 0
77400, 753936, 0, 0, 0
77500, 965310, 0, 0, 0
77600, 919065, 0, 0, 0
77700, 784568, 0, 0, 0
77800, 749268, 0, 0, 0
77900, 697505, 0, 0, 0
78000, 823960, 0, 0, 0
78101, 758890, 0, 0, 0
78200, 911612, 0, 0, 0
78300, 796748, 0, 0, 0
78400, 855537, 0, 0, 0
78500, 751557, 0, 0, 0
78600, 789023, 0, 0, 0
78700, 759824, 0, 0, 0
78800, 817537, 0, 0, 0
78900, 854719, 0, 0, 0
79000, 763592, 0, 0, 0
79100, 860706, 0, 0, 0
79200, 706125, 0, 0, 0
79300, 757239, 0, 0, 0
79400, 793447, 0, 0, 0
79500, 789618, 0, 0, 0
79600, 772210, 0, 0, 0
79700, 764514, 0, 0, 0
79800, 816943, 0, 0, 0
79900, 741260, 0, 0, 0
80000, 867165, 0, 0, 0
80100, 766829, 0, 0, 0
80200, 821374, 0, 0, 0
80300, 814085, 0, 0, 0
80400, 801844, 0, 0, 0
80500, 815716, 0, 0, 0
80600, 780051, 0, 0, 0
80700, 926667, 0, 0, 0
80800, 763961, 0, 0, 0
80900, 791763, 0, 0, 0
81000, 831520, 0, 0, 0
81100, 763651, 0, 0, 0
81200, 861772, 0, 0, 0
81300, 776218, 0, 0, 0
81400, 743091, 0, 0, 0
81500, 788829, 0, 0, 0
81600, 757613, 0, 0, 0
81700, 865535, 0, 0, 0
81800, 764331, 0, 0, 0
81900, 707493, 0, 0, 0
82000, 814120, 0, 0, 0
82100, 821897, 0, 0, 0
82200, 688298, 0, 0, 0
82300, 768511, 0, 0, 0
82400, 773584, 0, 0, 0
82501, 774596, 0, 0, 0
82601, 795126, 0, 0, 0
82700, 729189, 0, 0, 0
82800, 765182, 0, 0, 0
82900, 701062, 0, 0, 0
83000, 793905, 0, 0, 0
83100, 795755, 0, 0, 0
83200, 800597, 0, 0, 0
83300, 748597, 0, 0, 0
83400, 813199, 0, 0, 0
83500, 761471, 0, 0, 0
83600, 823819, 0, 0, 0
83700, 783934, 0, 0, 0
83800, 690585, 0, 0, 0
83900, 844027, 0, 0, 0
84000, 790817, 0, 0, 0
84100, 830502, 0, 0, 0
84200, 807066, 0, 0, 0
84300, 792948, 0, 0, 0
84400, 803144, 0, 0, 0
84500, 812199, 0, 0, 0
84600, 889950, 0, 0, 0
84700, 809822, 0, 0, 0
84800, 823660, 0, 0, 0
84900, 744931, 0, 0, 0
85000, 794835, 0, 0, 0
85100, 720635, 0, 0, 0
85200, 771855, 0, 0, 0
85300, 730392, 0, 0, 0
85400, 746630, 0, 0, 0
85500, 781827, 0, 0, 0
85600, 937890, 0, 0, 0
85700, 835636, 0, 0, 0
85800, 808673, 0, 0, 0
85900, 702059, 0, 0, 0
86000, 665019, 0, 0, 0
86100, 825173, 0, 0, 0
86200, 771516, 0, 0, 0
86300, 761900, 0, 0, 0
86400, 770568, 0, 0, 0
86500, 804348, 0, 0, 0
86600, 801940, 0, 0, 0
86700, 760463, 0, 0, 0
86800, 838085, 0, 0, 0
86900, 717651, 0, 0, 0
87000, 764287, 0, 0, 0
87100, 751462, 0, 0, 0
87200, 818561, 0, 0, 0
87300, 800100, 0, 0, 0
87400, 849420, 0, 0, 0
87500, 750999, 0, 0, 0
87600, 812757, 0, 0, 0
87700, 788477, 0, 0, 0
87800, 892273, 0, 0, 0
87900, 784099, 0, 0, 0
88000, 801683, 0, 0, 0
88100, 730762, 0, 0, 0
88200, 846337, 0, 0, 0
88300, 761407, 0, 0, 0
88400, 830685, 0, 0, 0
88501, 794018, 0, 0, 0
88600, 821008, 0, 0, 0
88700, 848733, 0, 0, 0
88800, 785599, 0, 0, 0
88900, 730321, 0, 0, 0
89000, 784339, 0, 0, 0
89100, 841228, 0, 0, 0
89200, 760118, 0, 0, 0
89300, 782245, 0, 0, 0
89400, 813484, 0, 0, 0
89500, 764277, 0, 0, 0
89600, 853847, 0, 0, 0
89700, 736323, 0, 0, 0
89800, 768289, 0, 0, 0
89900, 843216, 0, 0, 0
90000, 683333, 0, 0, 0
