100, 6889517, 1, 0, 0
202, 6670903, 1, 0, 0
300, 7238987, 1, 0, 0
401, 7394730, 1, 0, 0
516, 8430677, 1, 0, 0
602, 12360679, 1, 0, 0
703, 6173970, 1, 0, 0
802, 6919136, 1, 0, 0
900, 7334406, 1, 0, 0
1002, 6542115, 1, 0, 0
1101, 6924685, 1, 0, 0
1200, 6176192, 1, 0, 0
1300, 6491536, 1, 0, 0
1401, 8108630, 1, 0, 0
1500, 6530370, 1, 0, 0
1604, 7469238, 1, 0, 0
1702, 6625332, 1, 0, 0
1803, 6508771, 1, 0, 0
1902, 6960766, 1, 0, 0
2004, 6846007, 1, 0, 0
2100, 6862087, 1, 0, 0
2202, 7084725, 1, 0, 0
2300, 6344479, 1, 0, 0
2401, 6470601, 1, 0, 0
2501, 6377369, 1, 0, 0
2600, 7296084, 1, 0, 0
2700, 6500162, 1, 0, 0
2801, 7039164, 1, 0, 0
2902, 6716817, 1, 0, 0
3000, 6683033, 1, 0, 0
3101, 6821698, 1, 0, 0
3201, 6768256, 1, 0, 0
3300, 7573300, 1, 0, 0
3402, 6985940, 1, 0, 0
3501, 7106417, 1, 0, 0
3601, 8983807, 1, 0, 0
3700, 5991396, 1, 0, 0
3801, 6648693, 1, 0, 0
3902, 6648449, 1, 0, 0
4001, 6644965, 1, 0, 0
4101, 6906803, 1, 0, 0
4200, 7151898, 1, 0, 0
4304, 6729736, 1, 0, 0
4400, 6988771, 1, 0, 0
4501, 6721237, 1, 0, 0
4603, 6662279, 1, 0, 0
4702, 6708867, 1, 0, 0
4800, 6983236, 1, 0, 0
4900, 6794551, 1, 0, 0
5000, 7032057, 1, 0, 0
5104, 6867837, 1, 0, 0
5200, 6868563, 1, 0, 0
5300, 6886080, 1, 0, 0
5400, 6379991, 1, 0, 0
5500, 6458751, 1, 0, 0
5601, 12454706, 1, 0, 0
5702, 5551170, 1, 0, 0
5800, 6447544, 1, 0, 0
5900, 6799299, 1, 0, 0
6000, 6576871, 1, 0, 0
6100, 6482592, 1, 0, 0
6201, 6723825, 1, 0, 0
6301, 7076836, 1, 0, 0
6400, 6299402, 1, 0, 0
6500, 7529005, 1, 0, 0
6600, 6461157, 1, 0, 0
6701, 7309375, 1, 0, 0
6801, 7034045, 1, 0, 0
6900, 6497795, 1, 0, 0
7001, 7224779, 1, 0, 0
7100, 7107321, 1, 0, 0
7200, 7524597, 1, 0, 0
7300, 6352953, 1, 0, 0
7400, 6763978, 1, 0, 0
7500, 6609626, 1, 0, 0
7602, 6475214, 1, 0, 0
7700, 6668041, 1, 0, 0
7800, 6996415, 1, 0, 0
7903, 6725947, 1, 0, 0
8001, 6845531, 1, 0, 0
8102, 7244377, 1, 0, 0
8200, 6566603, 1, 0, 0
8300, 7865861, 1, 0, 0
8400, 6578475, 1, 0, 0
8500, 6683253, 1, 0, 0
8604, 6450594, 1, 0, 0
8700, 8844117, 1, 0, 0
8801, 6337148, 1, 0, 0
8901, 7447927, 1, 0, 0
9000, 6661181, 1, 0, 0
9103, 6811369, 1, 0, 0
9201, 7200903, 1, 0, 0
9303, 6727470, 1, 0, 0
9400, 7227944, 1, 0, 0
9502, 7215536, 1, 0, 0
9601, 6870657, 1, 0, 0
9701, 6815188, 1, 0, 0
9800, 6468267, 1, 0, 0
9901, 6629231, 1, 0, 0
10004, 6752313, 1, 0, 0
10117, 7077952, 1, 0, 0
10200, 12396569, 1, 0, 0
10300, 5893286, 1, 0, 0
10403, 6045578, 1, 0, 0
10500, 6454942, 1, 0, 0
10602, 6474598, 1, 0, 0
10701, 7633667, 1, 0, 0
10800, 5734196, 1, 0, 0
10903, 6360223, 1, 0, 0
11000, 6260590, 1, 0, 0
11101, 6422063, 1, 0, 0
11201, 6039338, 1, 0, 0
11301, 6496513, 1, 0, 0
11402, 7100556, 1, 0, 0
11500, 6355198, 1, 0, 0
11600, 7168675, 1, 0, 0
11704, 6790874, 1, 0, 0
11801, 7031263, 1, 0, 0
11900, 6426728, 1, 0, 0
12000, 6112605, 1, 0, 0
12100, 6361006, 1, 0, 0
12201, 6368068, 1, 0, 0
12300, 6371071, 1, 0, 0
12400, 6481858, 1, 0, 0
12500, 6268464, 1, 0, 0
12600, 6952309, 1, 0, 0
12702, 8713695, 1, 0, 0
12802, 6242001, 1, 0, 0
12900, 6204398, 1, 0, 0
13000, 6573046, 1, 0, 0
13103, 6254251, 1, 0, 0
13228, 7396380, 1, 0, 0
13300, 9211009, 1, 0, 0
13400, 5554101, 1, 0, 0
13500, 6319800, 1, 0, 0
13603, 6249645, 1, 0, 0
13713, 7183944, 1, 0, 0
13801, 6311252, 1, 0, 0
13900, 6492256, 1, 0, 0
14000, 6057009, 1, 0, 0
14100, 6520475, 1, 0, 0
14202, 6028043, 1, 0, 0
14302, 6483923, 1, 0, 0
14403, 6038483, 1, 0, 0
14500, 6009345, 1, 0, 0
14600, 6059146, 1, 0, 0
14702, 6605689, 1, 0, 0
14803, 6447011, 1, 0, 0
14902, 6100648, 1, 0, 0
15001, 5976963, 1, 0, 0
15103, 5943695, 1, 0, 0
15200, 6198797, 1, 0, 0
15301, 6317073, 1, 0, 0
15408, 6433362, 1, 0, 0
15501, 6380558, 1, 0, 0
15601, 6391062, 1, 0, 0
15701, 6344969, 1, 0, 0
15804, 6145289, 1, 0, 0
15900, 5739484, 1, 0, 0
16001, 6318373, 1, 0, 0
16101, 6491575, 1, 0, 0
16202, 6410192, 1, 0, 0
16301, 6864700, 1, 0, 0
16400, 6565294, 1, 0, 0
16502, 6953586, 1, 0, 0
16639, 6629614, 1, 0, 0
16700, 9568633, 1, 0, 0
16800, 11239647, 1, 0, 0
16900, 5215107, 1, 0, 0
17000, 5667704, 1, 0, 0
17102, 5791891, 1, 0, 0
17200, 5782339, 1, 0, 0
17302, 6728186, 1, 0, 0
17401, 5630401, 1, 0, 0
17500, 6135110, 1, 0, 0
17600, 6232732, 1, 0, 0
17703, 6563208, 1, 0, 0
17800, 7785379, 1, 0, 0
17902, 5898303, 1, 0, 0
18000, 6015459, 1, 0, 0
18101, 6188681, 1, 0, 0
18200, 6693297, 1, 0, 0
18311, 6335778, 1, 0, 0
18400, 6654077, 1, 0, 0
18502, 5854866, 1, 0, 0
18600, 6610108, 1, 0, 0
18720, 7400865, 1, 0, 0
18801, 8314382, 1, 0, 0
18901, 7485415, 1, 0, 0
19000, 5704192, 1, 0, 0
19100, 6705379, 1, 0, 0
19200, 6533532, 1, 0, 0
19301, 7631381, 1, 0, 0
19400, 6217774, 1, 0, 0
19503, 6119734, 1, 0, 0
19600, 6137886, 1, 0, 0
19701, 6650864, 1, 0, 0
19800, 8591498, 1, 0, 0
19901, 5928208, 1, 0, 0
20000, 5528260, 1, 0, 0
20102, 5899672, 1, 0, 0
20202, 6171968, 1, 0, 0
20301, 6038434, 1, 0, 0
20400, 6600848, 1, 0, 0
20501, 6898837, 1, 0, 0
20601, 5772613, 1, 0, 0
20700, 6293229, 1, 0, 0
20800, 6534291, 1, 0, 0
20900, 6018080, 1, 0, 0
21000, 6195184, 1, 0, 0
21104, 6631057, 1, 0, 0
21200, 6080733, 1, 0, 0
21300, 6152189, 1, 0, 0
21400, 7693685, 1, 0, 0
21501, 6789302, 1, 0, 0
21602, 6224707, 1, 0, 0
21700, 6416711, 1, 0, 0
21800, 9702494, 1, 0, 0
21901, 6515448, 1, 0, 0
22000, 5806460, 1, 0, 0
22101, 6160643, 1, 0, 0
22200, 6550764, 1, 0, 0
22302, 6457529, 1, 0, 0
22400, 8616459, 1, 0, 0
22502, 5938682, 1, 0, 0
22601, 6532669, 1, 0, 0
22700, 6383518, 1, 0, 0
22808, 7827553, 1, 0, 0
22901, 7943366, 1, 0, 0
23002, 6337147, 1, 0, 0
23100, 6500266, 1, 0, 0
23201, 6682171, 1, 0, 0
23300, 7344613, 1, 0, 0
23400, 8254989, 1, 0, 0
23500, 6133271, 1, 0, 0
23600, 6305944, 1, 0, 0
23701, 6291646, 1, 0, 0
23810, 7156950, 1, 0, 0
23910, 9905982, 1, 0, 0
24002, 7216970, 1, 0, 0
24100, 6414073, 1, 0, 0
24200, 6988856, 1, 0, 0
24304, 6957261, 1, 0, 0
24402, 7181118, 1, 0, 0
24501, 7381892, 1, 0, 0
24602, 6642116, 1, 0, 0
24702, 6855954, 1, 0, 0
24800, 7073743, 1, 0, 0
24900, 7330514, 1, 0, 0
25003, 7121764, 1, 0, 0
25100, 6544929, 1, 0, 0
25200, 6495662, 1, 0, 0
25300, 6728601, 1, 0, 0
25400, 7226328, 1, 0, 0
25501, 7513481, 1, 0, 0
25600, 6713450, 1, 0, 0
25701, 7080237, 1, 0, 0
25817, 7721210, 1, 0, 0
25902, 7171787, 1, 0, 0
26000, 6726594, 1, 0, 0
26102, 7108017, 1, 0, 0
26200, 6603338, 1, 0, 0
26302, 7406373, 1, 0, 0
26400, 6368366, 1, 0, 0
26501, 7877005, 1, 0, 0
26600, 10713916, 1, 0, 0
26704, 5927322, 1, 0, 0
26804, 7296647, 1, 0, 0
26902, 14026498, 1, 0, 0
27000, 6259146, 1, 0, 0
27100, 6577402, 1, 0, 0
27201, 7042842, 1, 0, 0
27300, 6034097, 1, 0, 0
27400, 6396764, 1, 0, 0
27500, 12545050, 1, 0, 0
27600, 6357960, 1, 0, 0
27703, 6882844, 1, 0, 0
27800, 6988565, 1, 0, 0
27902, 11522196, 1, 0, 0
28004, 5655977, 1, 0, 0
28100, 6267969, 1, 0, 0
28202, 6321314, 1, 0, 0
28307, 7357608, 1, 0, 0
28400, 8421333, 1, 0, 0
28502, 6985296, 1, 0, 0
28600, 7007969, 1, 0, 0
28701, 6645316, 1, 0, 0
28802, 7060204, 1, 0, 0
28900, 8441955, 1, 0, 0
29000, 10253766, 1, 0, 0
29100, 6224537, 1, 0, 0
29202, 6026271, 1, 0, 0
29301, 6612044, 1, 0, 0
29401, 7664653, 1, 0, 0
29500, 7058411, 1, 0, 0
29600, 6113982, 1, 0, 0
29700, 6720703, 1, 0, 0
29802, 7177325, 1, 0, 0
29901, 7169499, 1, 0, 0
30000, 7074752, 1, 0, 0
30102, 7470763, 1, 0, 0
30202, 6377802, 1, 0, 0
30300, 6385278, 1, 0, 0
30402, 7093236, 1, 0, 0
30507, 6337524, 1, 0, 0
30600, 6994219, 1, 0, 0
30700, 6755770, 1, 0, 0
30800, 6723212, 1, 0, 0
30900, 7273918, 1, 0, 0
31000, 6383288, 1, 0, 0
31100, 6367831, 1, 0, 0
31200, 6930720, 1, 0, 0
31300, 6735811, 1, 0, 0
31401, 7028997, 1, 0, 0
31501, 8030527, 1, 0, 0
31601, 7831517, 1, 0, 0
31700, 6905609, 1, 0, 0
31803, 7187844, 1, 0, 0
31900, 7365482, 1, 0, 0
32002, 9648992, 1, 0, 0
32100, 6643094, 1, 0, 0
32200, 7551140, 1, 0, 0
32301, 6647333, 1, 0, 0
32401, 6636093, 1, 0, 0
32501, 7150822, 1, 0, 0
32600, 11007149, 1, 0, 0
32700, 6326796, 1, 0, 0
32802, 7447464, 1, 0, 0
32900, 7655806, 1, 0, 0
33000, 7849221, 1, 0, 0
33103, 7065233, 1, 0, 0
33200, 6528297, 1, 0, 0
33301, 6549662, 1, 0, 0
33408, 8698755, 1, 0, 0
33501, 9411669, 1, 0, 0
33603, 7033168, 1, 0, 0
33701, 7545226, 1, 0, 0
33800, 6613795, 1, 0, 0
33900, 7205269, 1, 0, 0
34001, 7653082, 1, 0, 0
34100, 9147851, 1, 0, 0
34201, 6038936, 1, 0, 0
34303, 6333594, 1, 0, 0
34407, 6689076, 1, 0, 0
34500, 6646565, 1, 0, 0
34600, 6644553, 1, 0, 0
34700, 6958739, 1, 0, 0
34800, 6993719, 1, 0, 0
34904, 6898369, 1, 0, 0
35000, 7508193, 1, 0, 0
35101, 7530033, 1, 0, 0
35200, 6117056, 1, 0, 0
35303, 6802628, 1, 0, 0
35402, 7530047, 1, 0, 0
35501, 7565742, 1, 0, 0
35600, 7095276, 1, 0, 0
35700, 7531624, 1, 0, 0
35801, 7335016, 1, 0, 0
35901, 6504914, 1, 0, 0
36000, 7962286, 1, 0, 0
36102, 6190989, 1, 0, 0
36204, 6686772, 1, 0, 0
36303, 6677574, 1, 0, 0
36400, 6782188, 1, 0, 0
36502, 9432059, 1, 0, 0
36600, 10296659, 1, 0, 0
36700, 7759268, 1, 0, 0
36800, 5852786, 1, 0, 0
36905, 6752675, 1, 0, 0
37014, 8456600, 1, 0, 0
37100, 10552359, 1, 0, 0
37200, 6705122, 1, 0, 0
37300, 6842501, 1, 0, 0
37400, 6516731, 1, 0, 0
37504, 6989385, 1, 0, 0
37600, 6632544, 1, 0, 0
37701, 7375354, 1, 0, 0
37800, 6461640, 1, 0, 0
37901, 6508624, 1, 0, 0
38000, 7169167, 1, 0, 0
38100, 7011777, 1, 0, 0
38204, 6668019, 1, 0, 0
38300, 6568223, 1, 0, 0
38400, 7519453, 1, 0, 0
38501, 9549041, 1, 0, 0
38600, 6614706, 1, 0, 0
38700, 7171621, 1, 0, 0
38801, 6799081, 1, 0, 0
38900, 6864604, 1, 0, 0
39002, 7477328, 1, 0, 0
39100, 8517893, 1, 0, 0
39200, 8124743, 1, 0, 0
39303, 6069283, 1, 0, 0
39402, 6898188, 1, 0, 0
39500, 6130916, 1, 0, 0
39602, 6907199, 1, 0, 0
39706, 6486706, 1, 0, 0
39803, 7081727, 1, 0, 0
39900, 6626981, 1, 0, 0
40000, 6987387, 1, 0, 0
40100, 7323755, 1, 0, 0
40209, 7098125, 1, 0, 0
40301, 7870775, 1, 0, 0
40400, 6347829, 1, 0, 0
40500, 6250106, 1, 0, 0
40604, 6967493, 1, 0, 0
40700, 6969909, 1, 0, 0
40802, 7129480, 1, 0, 0
40903, 6847702, 1, 0, 0
41002, 7042006, 1, 0, 0
41103, 6541940, 1, 0, 0
41200, 6489730, 1, 0, 0
41300, 6093651, 1, 0, 0
41401, 6907460, 1, 0, 0
41501, 6432939, 1, 0, 0
41600, 7981726, 1, 0, 0
41701, 6699281, 1, 0, 0
41800, 8444558, 1, 0, 0
41914, 6616891, 1, 0, 0
42001, 6857007, 1, 0, 0
42127, 8355627, 1, 0, 0
42200, 7647235, 1, 0, 0
42300, 6464773, 1, 0, 0
42401, 6661837, 1, 0, 0
42500, 7000499, 1, 0, 0
42600, 6623723, 1, 0, 0
42700, 6955616, 1, 0, 0
42800, 7301102, 1, 0, 0
42901, 6696952, 1, 0, 0
43001, 7615864, 1, 0, 0
43100, 7142319, 1, 0, 0
43201, 7269446, 1, 0, 0
43301, 7632298, 1, 0, 0
43401, 6812566, 1, 0, 0
43501, 7893862, 1, 0, 0
43600, 8256815, 1, 0, 0
43700, 6357477, 1, 0, 0
43802, 6683186, 1, 0, 0
43902, 6860929, 1, 0, 0
44000, 6758970, 1, 0, 0
44135, 9942992, 1, 0, 0
44202, 18579937, 1, 0, 0
44300, 7404857, 1, 0, 0
44400, 5966775, 1, 0, 0
44503, 6360355, 1, 0, 0
44600, 7065284, 1, 0, 0
44701, 6867246, 1, 0, 0
44807, 6374839, 1, 0, 0
44900, 6652683, 1, 0, 0
45002, 7045783, 1, 0, 0
45101, 7311442, 1, 0, 0
45201, 6720647, 1, 0, 0
45303, 6272645, 1, 0, 0
45400, 6062768, 1, 0, 0
45500, 6507460, 1, 0, 0
45604, 7045770, 1, 0, 0
45700, 6636589, 1, 0, 0
45800, 6150367, 1, 0, 0
45901, 7285981, 1, 0, 0
46005, 6622853, 1, 0, 0
46100, 7645706, 1, 0, 0
46202, 6627197, 1, 0, 0
46301, 6926849, 1, 0, 0
46400, 7548122, 1, 0, 0
46500, 6485163, 1, 0, 0
46601, 6484662, 1, 0, 0
46701, 6648451, 1, 0, 0
46800, 6469582, 1, 0, 0
46904, 8053424, 1, 0, 0
47002, 6777667, 1, 0, 0
47101, 6895745, 1, 0, 0
47200, 7600776, 1, 0, 0
47302, 7051445, 1, 0, 0
47404, 6745585, 1, 0, 0
47500, 7262801, 1, 0, 0
47600, 6517319, 1, 0, 0
47700, 5997631, 1, 0, 0
47800, 6877829, 1, 0, 0
47901, 7173531, 1, 0, 0
48000, 7028083, 1, 0, 0
48102, 6815642, 1, 0, 0
48200, 6393095, 1, 0, 0
48300, 6860879, 1, 0, 0
48403, 6856581, 1, 0, 0
48500, 7159397, 1, 0, 0
48601, 7232954, 1, 0, 0
48701, 6468108, 1, 0, 0
48803, 6421863, 1, 0, 0
48900, 6705646, 1, 0, 0
49001, 6624406, 1, 0, 0
49102, 6772456, 1, 0, 0
49200, 8698775, 1, 0, 0
49301, 6537961, 1, 0, 0
49400, 6748518, 1, 0, 0
49501, 7330975, 1, 0, 0
49600, 6295045, 1, 0, 0
49700, 6302482, 1, 0, 0
49805, 6368943, 1, 0, 0
49900, 6950242, 1, 0, 0
50001, 6531604, 1, 0, 0
50100, 6719502, 1, 0, 0
50200, 6958858, 1, 0, 0
50300, 7322699, 1, 0, 0
50402, 6169072, 1, 0, 0
50502, 6716365, 1, 0, 0
50600, 6765873, 1, 0, 0
50702, 7317034, 1, 0, 0
50802, 6707224, 1, 0, 0
50900, 6861378, 1, 0, 0
51002, 6745077, 1, 0, 0
51100, 6536929, 1, 0, 0
51200, 6629667, 1, 0, 0
51301, 6506624, 1, 0, 0
51401, 6840011, 1, 0, 0
51500, 6789446, 1, 0, 0
51601, 6669124, 1, 0, 0
51702, 6928222, 1, 0, 0
51800, 6824133, 1, 0, 0
51902, 6345743, 1, 0, 0
52000, 8114572, 1, 0, 0
52103, 6048216, 1, 0, 0
52205, 7335147, 1, 0, 0
52302, 8366897, 1, 0, 0
52403, 6353249, 1, 0, 0
52500, 6706008, 1, 0, 0
52600, 7020800, 1, 0, 0
52701, 6494626, 1, 0, 0
52802, 6679342, 1, 0, 0
52900, 6658125, 1, 0, 0
53001, 6661779, 1, 0, 0
53101, 8116633, 1, 0, 0
53202, 6179407, 1, 0, 0
53300, 7456925, 1, 0, 0
53403, 6682536, 1, 0, 0
53501, 8033980, 1, 0, 0
53600, 5901905, 1, 0, 0
53702, 8487951, 1, 0, 0
53803, 6652954, 1, 0, 0
53900, 6879167, 1, 0, 0
54003, 6500824, 1, 0, 0
54100, 6322234, 1, 0, 0
54200, 7102053, 1, 0, 0
54300, 8193988, 1, 0, 0
54435, 7001148, 1, 0, 0
54500, 8723984, 1, 0, 0
54602, 6048900, 1, 0, 0
54700, 6957555, 1, 0, 0
54803, 6742360, 1, 0, 0
54902, 6545017, 1, 0, 0
55001, 6517199, 1, 0, 0
55103, 7105047, 1, 0, 0
55203, 6712028, 1, 0, 0
55303, 6962475, 1, 0, 0
55401, 6656467, 1, 0, 0
55502, 7283106, 1, 0, 0
55600, 6675020, 1, 0, 0
55700, 6748381, 1, 0, 0
55800, 6483237, 1, 0, 0
55900, 6493426, 1, 0, 0
56002, 7180043, 1, 0, 0
56101, 6926827, 1, 0, 0
56203, 7045548, 1, 0, 0
56300, 8687323, 1, 0, 0
56400, 5825864, 1, 0, 0
56501, 6262109, 1, 0, 0
56601, 6362877, 1, 0, 0
56702, 8160947, 1, 0, 0
56802, 6242608, 1, 0, 0
56903, 6198871, 1, 0, 0
57004, 7515640, 1, 0, 0
57100, 7838629, 1, 0, 0
57200, 6380031, 1, 0, 0
57312, 7736377, 1, 0, 0
57402, 14601887, 1, 0, 0
57501, 5975520, 1, 0, 0
57600, 6680934, 1, 0, 0
57703, 6521828, 1, 0, 0
57803, 6152511, 1, 0, 0
57900, 6767884, 1, 0, 0
58003, 6381876, 1, 0, 0
58103, 7474099, 1, 0, 0
58201, 6444989, 1, 0, 0
58302, 6344672, 1, 0, 0
58400, 7320462, 1, 0, 0
58504, 6909022, 1, 0, 0
58603, 9007949, 1, 0, 0
58702, 8516888, 1, 0, 0
58801, 7207025, 1, 0, 0
58903, 6536170, 1, 0, 0
59001, 6838278, 1, 0, 0
59101, 6504253, 1, 0, 0
59202, 6851745, 1, 0, 0
59328, 6765744, 1, 0, 0
59400, 7365170, 1, 0, 0
59528, 7559862, 1, 0, 0
59600, 9104201, 1, 0, 0
59700, 6180963, 1, 0, 0
59801, 7182396, 1, 0, 0
59900, 6993239, 1, 0, 0
60001, 7369666, 1, 0, 0
60100, 7485019, 1, 0, 0
60201, 7792161, 1, 0, 0
60300, 7286032, 1, 0, 0
60401, 7652588, 1, 0, 0
60501, 6944003, 1, 0, 0
60601, 6775165, 1, 0, 0
60701, 7491451, 1, 0, 0
60800, 7814307, 1, 0, 0
60901, 6472894, 1, 0, 0
61005, 7100520, 1, 0, 0
61100, 7190064, 1, 0, 0
61202, 6818168, 1, 0, 0
61301, 7313801, 1, 0, 0
61406, 6524729, 1, 0, 0
61506, 7108128, 1, 0, 0
61600, 9142653, 1, 0, 0
61716, 7605380, 1, 0, 0
61800, 15842079, 1, 0, 0
61900, 6055538, 1, 0, 0
62000, 6633412, 1, 0, 0
62115, 11449552, 1, 0, 0
62203, 9610569, 1, 0, 0
62300, 6195540, 1, 0, 0
62402, 10207659, 1, 0, 0
62503, 11180167, 1, 0, 0
62602, 6530977, 1, 0, 0
62708, 6218112, 1, 0, 0
62802, 7210390, 1, 0, 0
62901, 6968365, 1, 0, 0
63001, 6409948, 1, 0, 0
63101, 7425498, 1, 0, 0
63200, 6643543, 1, 0, 0
63301, 6658495, 1, 0, 0
63406, 6780610, 1, 0, 0
63501, 7147731, 1, 0, 0
63628, 8893448, 1, 0, 0
63701, 7828729, 1, 0, 0
63820, 6922145, 1, 0, 0
63901, 6831746, 1, 0, 0
64003, 6411641, 1, 0, 0
64102, 7383550, 1, 0, 0
64200, 6549213, 1, 0, 0
64300, 6766954, 1, 0, 0
64400, 7241772, 1, 0, 0
64501, 6327779, 1, 0, 0
64600, 6178396, 1, 0, 0
64700, 7616371, 1, 0, 0
64800, 6898624, 1, 0, 0
64900, 6010764, 1, 0, 0
65000, 6565383, 1, 0, 0
65103, 6227568, 1, 0, 0
65200, 6787098, 1, 0, 0
65300, 6203922, 1, 0, 0
65400, 6591829, 1, 0, 0
65501, 6710557, 1, 0, 0
65600, 6786647, 1, 0, 0
65702, 7088433, 1, 0, 0
65800, 6781737, 1, 0, 0
65904, 6703719, 1, 0, 0
66001, 6869483, 1, 0, 0
66100, 6747237, 1, 0, 0
66200, 7118392, 1, 0, 0
66300, 8137507, 1, 0, 0
66402, 6134159, 1, 0, 0
66501, 6727642, 1, 0, 0
66601, 6963702, 1, 0, 0
66701, 6681683, 1, 0, 0
66800, 6948412, 1, 0, 0
66900, 6498538, 1, 0, 0
67003, 6852987, 1, 0, 0
67100, 7963678, 1, 0, 0
67200, 8643354, 1, 0, 0
67302, 6664780, 1, 0, 0
67412, 6861857, 1, 0, 0
67500, 8961644, 1, 0, 0
67602, 10160714, 1, 0, 0
67701, 6455746, 1, 0, 0
67803, 6086275, 1, 0, 0
67900, 7190339, 1, 0, 0
68002, 6195060, 1, 0, 0
68100, 8466558, 1, 0, 0
68203, 6457970, 1, 0, 0
68301, 6814923, 1, 0, 0
68400, 6387861, 1, 0, 0
68500, 6531821, 1, 0, 0
68601, 7179517, 1, 0, 0
68701, 7199906, 1, 0, 0
68800, 10330488, 1, 0, 0
68900, 7282761, 1, 0, 0
69001, 6002528, 1, 0, 0
69101, 6584163, 1, 0, 0
69208, 6176313, 1, 0, 0
69300, 6981344, 1, 0, 0
69400, 6545231, 1, 0, 0
69500, 7830132, 1, 0, 0
69601, 6329582, 1, 0, 0
69701, 6958743, 1, 0, 0
69800, 7080630, 1, 0, 0
69903, 6862468, 1, 0, 0
70001, 6847372, 1, 0, 0
70104, 6512998, 1, 0, 0
70202, 6399777, 1, 0, 0
70301, 6489753, 1, 0, 0
70400, 6647348, 1, 0, 0
70500, 6681842, 1, 0, 0
70606, 6495287, 1, 0, 0
70701, 7327356, 1, 0, 0
70802, 7188497, 1, 0, 0
70905, 6662743, 1, 0, 0
71000, 6558482, 1, 0, 0
71101, 6469081, 1, 0, 0
71201, 6915045, 1, 0, 0
71300, 6550416, 1, 0, 0
71401, 7943497, 1, 0, 0
71500, 6572393, 1, 0, 0
71600, 6146389, 1, 0, 0
71700, 6285699, 1, 0, 0
71801, 8597365, 1, 0, 0
71901, 7132752, 1, 0, 0
72000, 6797019, 1, 0, 0
72103, 7352464, 1, 0, 0
72201, 7117803, 1, 0, 0
72300, 7838971, 1, 0, 0
72400, 7189228, 1, 0, 0
72500, 6793100, 1, 0, 0
72600, 9017538, 1, 0, 0
72704, 9573114, 1, 0, 0
72800, 6839889, 1, 0, 0
72909, 8120989, 1, 0, 0
73000, 7139833, 1, 0, 0
73102, 8313425, 1, 0, 0
73200, 6863788, 1, 0, 0
73302, 7432639, 1, 0, 0
73403, 7802217, 1, 0, 0
73500, 7577680, 1, 0, 0
73600, 8811355, 1, 0, 0
73701, 8220323, 1, 0, 0
73802, 7744080, 1, 0, 0
73901, 11130393, 1, 0, 0
74000, 10312154, 1, 0, 0
74101, 6667547, 1, 0, 0
74202, 6698226, 1, 0, 0
74301, 7070565, 1, 0, 0
74418, 7746077, 1, 0, 0
74539, 10050609, 1, 0, 0
74600, 10243105, 1, 0, 0
74701, 7975910, 1, 0, 0
74803, 8315694, 1, 0, 0
74902, 6585758, 1, 0, 0
75001, 6770884, 1, 0, 0
75100, 6721550, 1, 0, 0
75200, 6629526, 1, 0, 0
75300, 6624659, 1, 0, 0
75400, 6690767, 1, 0, 0
75500, 7550605, 1, 0, 0
75600, 7280665, 1, 0, 0
75701, 7015876, 1, 0, 0
75801, 7646623, 1, 0, 0
75900, 7417244, 1, 0, 0
76000, 7255277, 1, 0, 0
76100, 6785446, 1, 0, 0
76203, 6835607, 1, 0, 0
76300, 7929429, 1, 0, 0
76401, 6810886, 1, 0, 0
76500, 8127926, 1, 0, 0
76600, 7035199, 1, 0, 0
76700, 6807677, 1, 0, 0
76800, 8158735, 1, 0, 0
76900, 6939761, 1, 0, 0
77000, 6910858, 1, 0, 0
77102, 7087605, 1, 0, 0
77200, 7355092, 1, 0, 0
77300, 6555025, 1, 0, 0
77400, 7298739, 1, 0, 0
77502, 7059737, 1, 0, 0
77612, 7283902, 1, 0, 0
77701, 7886653, 1, 0, 0
77801, 7947942, 1, 0, 0
77900, 7013780, 1, 0, 0
78001, 6801670, 1, 0, 0
78119, 7307782, 1, 0, 0
78200, 8473610, 1, 0, 0
78300, 6797451, 1, 0, 0
78403, 6690113, 1, 0, 0
78501, 7592924, 1, 0, 0
78600, 6976514, 1, 0, 0
78701, 7895194, 1, 0, 0
78801, 7231803, 1, 0, 0
78901, 6439865, 1, 0, 0
79001, 9744346, 1, 0, 0
79100, 10453970, 1, 0, 0
79202, 6619806, 1, 0, 0
79300, 7612289, 1, 0, 0
79400, 6997310, 1, 0, 0
79500, 7927244, 1, 0, 0
79600, 7236468, 1, 0, 0
79701, 6653518, 1, 0, 0
79800, 6814058, 1, 0, 0
79902, 7335016, 1, 0, 0
80000, 7656782, 1, 0, 0
80100, 6860321, 1, 0, 0
80200, 6601726, 1, 0, 0
80301, 6643998, 1, 0, 0
80402, 6680469, 1, 0, 0
80500, 7127331, 1, 0, 0
80600, 8038022, 1, 0, 0
80700, 7205653, 1, 0, 0
80801, 7910905, 1, 0, 0
80904, 6376856, 1, 0, 0
81000, 7153360, 1, 0, 0
81101, 6852010, 1, 0, 0
81200, 7009951, 1, 0, 0
81300, 6808725, 1, 0, 0
81400, 7156481, 1, 0, 0
81511, 6325064, 1, 0, 0
81602, 6918979, 1, 0, 0
81702, 7012592, 1, 0, 0
81809, 7243583, 1, 0, 0
81901, 7193984, 1, 0, 0
82000, 7067006, 1, 0, 0
82102, 6975508, 1, 0, 0
82200, 6642000, 1, 0, 0
82300, 7294009, 1, 0, 0
82400, 9069532, 1, 0, 0
82501, 6548036, 1, 0, 0
82601, 6982418, 1, 0, 0
82700, 9091180, 1, 0, 0
82800, 7306719, 1, 0, 0
82903, 6633216, 1, 0, 0
83001, 7335214, 1, 0, 0
83101, 7729903, 1, 0, 0
83201, 8267676, 1, 0, 0
83305, 7389095, 1, 0, 0
83402, 7093026, 1, 0, 0
83501, 6982971, 1, 0, 0
83608, 7868702, 1, 0, 0
83702, 7814880, 1, 0, 0
83800, 6744370, 1, 0, 0
83900, 6902339, 1, 0, 0
84003, 8275484, 1, 0, 0
84143, 7472484, 1, 0, 0
84202, 10545469, 1, 0, 0
84301, 6487242, 1, 0, 0
84400, 6798439, 1, 0, 0
84500, 6891334, 1, 0, 0
84601, 7159094, 1, 0, 0
84737, 9443522, 1, 0, 0
84801, 10680051, 1, 0, 0
84901, 6258129, 1, 0, 0
85001, 6733066, 1, 0, 0
85103, 6945573, 1, 0, 0
85204, 7070811, 1, 0, 0
85302, 6818162, 1, 0, 0
85407, 7431729, 1, 0, 0
85504, 7709727, 1, 0, 0
85603, 6756616, 1, 0, 0
85700, 7177558, 1, 0, 0
85800, 7175602, 1, 0, 0
85902, 7033254, 1, 0, 0
86001, 6799238, 1, 0, 0
86101, 7620282, 1, 0, 0
86201, 7291388, 1, 0, 0
86303, 6930314, 1, 0, 0
86400, 7096798, 1, 0, 0
86500, 7222218, 1, 0, 0
86600, 7730427, 1, 0, 0
86702, 6450360, 1, 0, 0
86800, 6838598, 1, 0, 0
86901, 7767059, 1, 0, 0
87002, 6712520, 1, 0, 0
87100, 7124224, 1, 0, 0
87203, 6533167, 1, 0, 0
87302, 6927437, 1, 0, 0
87400, 6874769, 1, 0, 0
87500, 8105582, 1, 0, 0
87604, 7048602, 1, 0, 0
87701, 7187651, 1, 0, 0
87802, 9053590, 1, 0, 0
87900, 7417227, 1, 0, 0
88001, 7504263, 1, 0, 0
88102, 7570521, 1, 0, 0
88201, 7507934, 1, 0, 0
88303, 7454314, 1, 0, 0
88401, 7242939, 1, 0, 0
88505, 6767382, 1, 0, 0
88604, 7068485, 1, 0, 0
88701, 7636648, 1, 0, 0
88801, 7973565, 1, 0, 0
88902, 7921817, 1, 0, 0
89000, 6939225, 1, 0, 0
89101, 7841217, 1, 0, 0
89234, 7766318, 1, 0, 0
89302, 10237073, 1, 0, 0
89400, 6459219, 1, 0, 0
89502, 10242984, 1, 0, 0
89601, 6403146, 1, 0, 0
89700, 7631805, 1, 0, 0
89801, 6699579, 1, 0, 0
89900, 7585920, 1, 0, 0
90003, 7002091, 1, 0, 0
90052, 54229859, 1, 0, 0
