250, 57344, 1, 0, 0
350, 10240, 1, 0, 0
450, 112640, 1, 0, 0
550, 51200, 1, 0, 0
650, 81920, 1, 0, 0
749, 10343, 1, 0, 0
849, 112640, 1, 0, 0
1050, 92160, 1, 0, 0
1150, 30720, 1, 0, 0
1249, 20686, 1, 0, 0
1349, 112640, 1, 0, 0
1449, 10240, 1, 0, 0
1549, 112640, 1, 0, 0
1749, 112640, 1, 0, 0
1949, 112640, 1, 0, 0
2150, 112640, 1, 0, 0
2349, 40960, 1, 0, 0
2449, 81920, 1, 0, 0
2649, 102400, 1, 0, 0
2749, 10240, 1, 0, 0
2849, 61440, 1, 0, 0
2949, 71680, 1, 0, 0
3150, 122880, 1, 0, 0
3249, 10343, 1, 0, 0
3349, 61440, 1, 0, 0
3449, 61440, 1, 0, 0
3549, 10240, 1, 0, 0
3649, 112640, 1, 0, 0
3849, 102400, 1, 0, 0
3950, 30720, 1, 0, 0
4050, 112640, 1, 0, 0
4249, 20686, 1, 0, 0
4349, 112640, 1, 0, 0
4549, 81920, 1, 0, 0
4649, 30720, 1, 0, 0
4750, 112640, 1, 0, 0
4850, 30720, 1, 0, 0
4950, 112640, 1, 0, 0
5150, 112640, 1, 0, 0
5349, 102400, 1, 0, 0
5449, 20480, 1, 0, 0
5549, 81920, 1, 0, 0
5650, 20480, 1, 0, 0
5749, 31030, 1, 0, 0
5849, 112640, 1, 0, 0
5949, 10240, 1, 0, 0
6049, 112640, 1, 0, 0
6249, 143360, 1, 0, 0
6349, 10240, 1, 0, 0
6449, 112640, 1, 0, 0
6650, 61440, 1, 0, 0
6749, 51717, 1, 0, 0
6849, 61440, 1, 0, 0
6949, 51200, 1, 0, 0
7049, 102400, 1, 0, 0
7149, 51200, 1, 0, 0
7249, 61440, 1, 0, 0
7350, 40960, 1, 0, 0
7450, 10240, 1, 0, 0
7550, 112640, 1, 0, 0
7650, 40960, 1, 0, 0
7749, 62060, 1, 0, 0
7849, 61440, 1, 0, 0
7949, 20480, 1, 0, 0
8049, 112640, 1, 0, 0
8149, 20480, 1, 0, 0
8250, 61440, 1, 0, 0
8350, 51200, 1, 0, 0
8450, 112640, 1, 0, 0
8650, 122880, 1, 0, 0
8849, 30720, 1, 0, 0
8949, 112640, 1, 0, 0
9149, 112640, 1, 0, 0
9250, 20480, 1, 0, 0
9350, 81920, 1, 0, 0
9450, 20480, 1, 0, 0
9550, 112640, 1, 0, 0
9650, 20480, 1, 0, 0
9749, 93090, 1, 0, 0
9849, 30720, 1, 0, 0
9949, 112640, 1, 0, 0
10149, 133120, 1, 0, 0
10350, 81920, 1, 0, 0
10450, 40960, 1, 0, 0
10550, 30720, 1, 0, 0
10650, 112640, 1, 0, 0
10849, 102400, 1, 0, 0
10949, 10240, 1, 0, 0
11049, 71680, 1, 0, 0
11149, 40960, 1, 0, 0
11250, 102400, 1, 0, 0
11350, 20480, 1, 0, 0
11450, 30720, 1, 0, 0
11550, 81920, 1, 0, 0
11650, 10240, 1, 0, 0
11749, 113777, 1, 0, 0
11949, 122880, 1, 0, 0
12150, 102400, 1, 0, 0
12249, 31030, 1, 0, 0
12349, 102400, 1, 0, 0
12449, 30720, 1, 0, 0
12649, 112640, 1, 0, 0
12749, 10240, 1, 0, 0
12849, 112640, 1, 0, 0
12949, 10240, 1, 0, 0
13049, 61440, 1, 0, 0
13150, 51200, 1, 0, 0
13249, 82747, 1, 0, 0
13349, 51200, 1, 0, 0
13449, 102400, 1, 0, 0
13549, 10240, 1, 0, 0
13649, 112640, 1, 0, 0
13849, 112640, 1, 0, 0
14049, 40960, 1, 0, 0
14150, 92160, 1, 0, 0
14249, 31030, 1, 0, 0
14349, 81920, 1, 0, 0
14549, 112640, 1, 0, 0
14649, 20480, 1, 0, 0
14749, 61440, 1, 0, 0
14850, 61440, 1, 0, 0
14950, 112640, 1, 0, 0
15150, 92160, 1, 0, 0
15249, 20686, 1, 0, 0
15349, 92160, 1, 0, 0
15449, 40960, 1, 0, 0
15550, 92160, 1, 0, 0
15650, 20480, 1, 0, 0
15749, 51717, 1, 0, 0
15849, 61440, 1, 0, 0
15949, 51200, 1, 0, 0
16049, 71680, 1, 0, 0
16249, 102400, 1, 0, 0
16349, 10240, 1, 0, 0
16449, 112640, 1, 0, 0
16650, 102400, 1, 0, 0
16749, 31030, 1, 0, 0
16849, 81920, 1, 0, 0
16949, 40960, 1, 0, 0
17049, 112640, 1, 0, 0
17149, 10240, 1, 0, 0
17249, 81920, 1, 0, 0
17349, 30720, 1, 0, 0
17450, 20480, 1, 0, 0
17550, 112640, 1, 0, 0
17749, 113777, 1, 0, 0
17849, 112640, 1, 0, 0
17949, 40960, 1, 0, 0
18049, 71680, 1, 0, 0
18149, 40960, 1, 0, 0
18249, 20480, 1, 0, 0
18349, 112640, 1, 0, 0
18550, 112640, 1, 0, 0
18749, 124121, 1, 0, 0
18949, 92160, 1, 0, 0
19049, 30720, 1, 0, 0
19149, 20480, 1, 0, 0
19249, 112640, 1, 0, 0
19349, 20480, 1, 0, 0
19450, 112640, 1, 0, 0
19550, 20480, 1, 0, 0
19650, 112640, 1, 0, 0
19849, 122880, 1, 0, 0
20049, 81920, 1, 0, 0
20149, 40960, 1, 0, 0
20250, 71680, 1, 0, 0
20350, 71680, 1, 0, 0
20550, 112640, 1, 0, 0
20650, 20480, 1, 0, 0
20749, 113777, 1, 0, 0
20949, 112640, 1, 0, 0
21049, 10240, 1, 0, 0
21149, 122880, 1, 0, 0
21350, 71680, 1, 0, 0
21450, 61440, 1, 0, 0
21650, 61440, 1, 0, 0
21749, 51717, 1, 0, 0
21849, 112640, 1, 0, 0
21949, 10240, 1, 0, 0
22049, 112640, 1, 0, 0
22149, 30720, 1, 0, 0
22249, 81920, 1, 0, 0
22350, 51200, 1, 0, 0
22450, 112640, 1, 0, 0
22650, 71680, 1, 0, 0
22751, 102400, 1, 0, 0
22851, 20480, 1, 0, 0
22951, 122880, 1, 0, 0
23151, 112640, 1, 0, 0
23351, 112640, 1, 0, 0
23551, 61440, 1, 0, 0
23652, 61440, 1, 0, 0
23752, 112640, 1, 0, 0
23852, 10240, 1, 0, 0
23952, 81920, 1, 0, 0
24052, 30720, 1, 0, 0
24152, 133120, 1, 0, 0
24252, 10240, 1, 0, 0
24352, 30720, 1, 0, 0
24452, 112640, 1, 0, 0
24653, 112640, 1, 0, 0
24853, 102400, 1, 0, 0
24953, 10240, 1, 0, 0
25053, 143360, 1, 0, 0
25153, 20480, 1, 0, 0
25254, 112640, 1, 0, 0
25354, 20480, 1, 0, 0
25454, 102400, 1, 0, 0
25554, 20480, 1, 0, 0
25654, 71680, 1, 0, 0
25754, 51200, 1, 0, 0
25854, 61440, 1, 0, 0
25954, 71680, 1, 0, 0
26054, 20480, 1, 0, 0
26154, 71680, 1, 0, 0
26255, 40960, 1, 0, 0
26355, 112640, 1, 0, 0
26555, 122880, 1, 0, 0
26655, 10240, 1, 0, 0
26755, 143360, 1, 0, 0
26955, 112640, 1, 0, 0
27055, 20480, 1, 0, 0
27155, 40960, 1, 0, 0
27256, 81920, 1, 0, 0
27356, 30720, 1, 0, 0
27456, 112640, 1, 0, 0
27656, 112640, 1, 0, 0
27756, 30720, 1, 0, 0
27856, 81920, 1, 0, 0
27956, 30720, 1, 0, 0
28057, 20480, 1, 0, 0
28157, 102400, 1, 0, 0
28257, 20480, 1, 0, 0
28357, 112640, 1, 0, 0
28557, 122880, 1, 0, 0
28657, 10240, 1, 0, 0
28758, 122880, 1, 0, 0
28958, 112640, 1, 0, 0
29158, 61440, 1, 0, 0
29258, 51200, 1, 0, 0
29358, 112640, 1, 0, 0
29558, 112640, 1, 0, 0
29658, 10240, 1, 0, 0
29759, 112640, 1, 0, 0
29959, 112640, 1, 0, 0
30159, 112640, 1, 0, 0
30359, 143360, 1, 0, 0
30559, 40960, 1, 0, 0
30659, 102400, 1, 0, 0
30759, 10240, 1, 0, 0
30860, 71680, 1, 0, 0
30960, 40960, 1, 0, 0
31060, 81920, 1, 0, 0
31160, 30720, 1, 0, 0
31260, 71680, 1, 0, 0
31360, 40960, 1, 0, 0
31460, 61440, 1, 0, 0
31560, 51200, 1, 0, 0
31660, 10240, 1, 0, 0
31761, 122880, 1, 0, 0
31961, 112640, 1, 0, 0
32161, 40960, 1, 0, 0
32261, 71680, 1, 0, 0
32361, 102400, 1, 0, 0
32461, 10240, 1, 0, 0
32561, 102400, 1, 0, 0
32661, 10240, 1, 0, 0
32761, 61440, 1, 0, 0
32862, 51200, 1, 0, 0
32962, 71680, 1, 0, 0
33062, 71680, 1, 0, 0
33162, 40960, 1, 0, 0
33262, 20480, 1, 0, 0
33362, 112640, 1, 0, 0
33462, 10240, 1, 0, 0
33562, 102400, 1, 0, 0
33662, 10240, 1, 0, 0
33763, 112640, 1, 0, 0
33963, 112640, 1, 0, 0
34163, 102400, 1, 0, 0
34263, 10240, 1, 0, 0
34363, 92160, 1, 0, 0
34463, 20480, 1, 0, 0
34564, 81920, 1, 0, 0
34664, 30720, 1, 0, 0
34764, 102400, 1, 0, 0
34864, 10240, 1, 0, 0
34964, 102400, 1, 0, 0
35064, 10240, 1, 0, 0
35164, 112640, 1, 0, 0
35365, 122880, 1, 0, 0
35465, 10240, 1, 0, 0
35565, 102400, 1, 0, 0
35665, 10240, 1, 0, 0
35766, 102400, 1, 0, 0
35866, 10240, 1, 0, 0
35966, 92160, 1, 0, 0
36066, 20480, 1, 0, 0
36166, 81920, 1, 0, 0
36266, 40960, 1, 0, 0
36366, 20480, 1, 0, 0
36466, 102400, 1, 0, 0
36566, 10240, 1, 0, 0
36666, 102400, 1, 0, 0
36767, 30720, 1, 0, 0
36867, 112640, 1, 0, 0
37067, 40960, 1, 0, 0
37167, 71680, 1, 0, 0
37268, 71680, 1, 0, 0
37368, 40960, 1, 0, 0
37468, 71680, 1, 0, 0
37568, 40960, 1, 0, 0
37668, 40960, 1, 0, 0
37768, 71680, 1, 0, 0
37868, 20480, 1, 0, 0
37968, 112640, 1, 0, 0
38168, 112640, 1, 0, 0
38368, 112640, 1, 0, 0
38569, 112640, 1, 0, 0
38769, 112640, 1, 0, 0
38869, 10240, 1, 0, 0
38969, 112640, 1, 0, 0
39069, 10240, 1, 0, 0
39169, 102400, 1, 0, 0
39269, 30720, 1, 0, 0
39369, 61440, 1, 0, 0
39469, 51200, 1, 0, 0
39569, 61440, 1, 0, 0
39669, 51200, 1, 0, 0
39770, 71680, 1, 0, 0
39870, 40960, 1, 0, 0
39970, 51200, 1, 0, 0
40070, 51200, 1, 0, 0
40170, 40960, 1, 0, 0
40270, 81920, 1, 0, 0
40370, 30720, 1, 0, 0
40470, 112640, 1, 0, 0
40670, 102400, 1, 0, 0
40771, 40960, 1, 0, 0
40871, 112640, 1, 0, 0
41071, 112640, 1, 0, 0
41171, 10240, 1, 0, 0
41271, 112640, 1, 0, 0
41371, 10240, 1, 0, 0
41471, 102400, 1, 0, 0
41571, 10240, 1, 0, 0
41672, 102400, 1, 0, 0
41772, 20480, 1, 0, 0
41872, 20480, 1, 0, 0
41972, 112640, 1, 0, 0
42173, 112640, 1, 0, 0
42373, 112640, 1, 0, 0
42473, 20480, 1, 0, 0
42573, 20480, 1, 0, 0
42674, 112640, 1, 0, 0
42874, 102400, 1, 0, 0
42974, 20480, 1, 0, 0
43074, 10240, 1, 0, 0
43175, 10240, 1, 0, 0
43275, 112640, 1, 0, 0
43475, 10240, 1, 0, 0
43575, 92160, 1, 0, 0
43675, 20480, 1, 0, 0
43776, 10240, 1, 0, 0
43876, 112640, 1, 0, 0
44076, 10240, 1, 0, 0
44176, 122880, 1, 0, 0
44376, 10240, 1, 0, 0
44476, 112640, 1, 0, 0
44677, 20480, 1, 0, 0
44777, 51200, 1, 0, 0
44877, 40960, 1, 0, 0
44977, 20480, 1, 0, 0
45077, 61440, 1, 0, 0
45177, 51200, 1, 0, 0
45378, 51200, 1, 0, 0
45578, 112640, 1, 0, 0
45779, 20480, 1, 0, 0
45879, 102400, 1, 0, 0
45979, 20480, 1, 0, 0
46179, 81920, 1, 0, 0
46379, 30720, 1, 0, 0
46580, 102400, 1, 0, 0
46680, 10240, 1, 0, 0
46780, 30720, 1, 0, 0
46880, 102400, 1, 0, 0
46980, 10240, 1, 0, 0
47080, 40960, 1, 0, 0
47281, 102400, 1, 0, 0
47381, 10240, 1, 0, 0
47581, 92160, 1, 0, 0
47681, 20480, 1, 0, 0
47882, 30720, 1, 0, 0
47982, 112640, 1, 0, 0
48182, 10240, 1, 0, 0
48282, 10240, 1, 0, 0
48383, 112640, 1, 0, 0
48583, 20480, 1, 0, 0
48683, 92160, 1, 0, 0
48783, 20480, 1, 0, 0
49084, 112640, 1, 0, 0
49284, 10240, 1, 0, 0
49384, 102400, 1, 0, 0
49484, 10240, 1, 0, 0
49684, 20480, 1, 0, 0
49785, 81920, 1, 0, 0
49885, 20480, 1, 0, 0
49985, 10240, 1, 0, 0
50085, 71680, 1, 0, 0
50185, 40960, 1, 0, 0
50385, 20480, 1, 0, 0
50485, 71680, 1, 0, 0
50586, 30720, 1, 0, 0
50686, 20480, 1, 0, 0
50786, 10240, 1, 0, 0
50886, 102400, 1, 0, 0
50986, 10240, 1, 0, 0
51186, 122880, 1, 0, 0
51387, 61440, 1, 0, 0
51487, 51200, 1, 0, 0
51587, 51200, 1, 0, 0
51687, 61440, 1, 0, 0
51787, 102400, 1, 0, 0
51887, 10240, 1, 0, 0
52088, 20480, 1, 0, 0
52188, 102400, 1, 0, 0
52288, 81920, 1, 0, 0
52488, 112640, 1, 0, 0
52688, 122880, 1, 0, 0
52888, 112640, 1, 0, 0
53089, 102400, 1, 0, 0
53189, 10240, 1, 0, 0
53289, 112640, 1, 0, 0
53489, 10240, 1, 0, 0
53590, 10240, 1, 0, 0
53690, 112640, 1, 0, 0
53990, 81920, 1, 0, 0
54090, 30720, 1, 0, 0
54291, 112640, 1, 0, 0
54391, 10240, 1, 0, 0
54491, 61440, 1, 0, 0
54592, 61440, 1, 0, 0
54792, 112640, 1, 0, 0
54892, 10240, 1, 0, 0
54992, 81920, 1, 0, 0
55092, 30720, 1, 0, 0
55192, 71680, 1, 0, 0
55292, 61440, 1, 0, 0
55392, 51200, 1, 0, 0
55492, 81920, 1, 0, 0
55593, 30720, 1, 0, 0
55793, 92160, 1, 0, 0
55893, 20480, 1, 0, 0
55993, 112640, 1, 0, 0
56093, 20480, 1, 0, 0
56193, 112640, 1, 0, 0
56393, 102400, 1, 0, 0
56493, 10240, 1, 0, 0
56594, 71680, 1, 0, 0
56694, 51200, 1, 0, 0
56794, 51200, 1, 0, 0
56895, 61440, 1, 0, 0
56995, 40960, 1, 0, 0
57095, 71680, 1, 0, 0
57196, 71680, 1, 0, 0
57296, 20480, 1, 0, 0
57396, 71680, 1, 0, 0
57496, 20480, 1, 0, 0
57596, 81920, 1, 0, 0
57696, 30720, 1, 0, 0
57797, 122880, 1, 0, 0
57997, 102400, 1, 0, 0
58097, 20480, 1, 0, 0
58197, 71680, 1, 0, 0
58297, 40960, 1, 0, 0
58397, 133120, 1, 0, 0
58497, 10240, 1, 0, 0
58597, 102400, 1, 0, 0
58698, 20480, 1, 0, 0
58798, 102400, 1, 0, 0
58898, 10240, 1, 0, 0
58998, 61440, 1, 0, 0
59098, 51200, 1, 0, 0
59198, 10240, 1, 0, 0
59298, 112640, 1, 0, 0
59398, 20480, 1, 0, 0
59499, 112640, 1, 0, 0
59699, 112640, 1, 0, 0
59899, 112640, 1, 0, 0
60099, 112640, 1, 0, 0
