100, 617299, 0, 0, 0
200, 922458, 0, 0, 0
300, 1600668, 0, 0, 0
400, 1011208, 0, 0, 0
500, 754461, 0, 0, 0
600, 647301, 0, 0, 0
700, 670934, 0, 0, 0
800, 1913111, 0, 0, 0
900, 970877, 0, 0, 0
1000, 599494, 0, 0, 0
1100, 638860, 0, 0, 0
1200, 717571, 0, 0, 0
1300, 570699, 0, 0, 0
1400, 690476, 0, 0, 0
1500, 505131, 0, 0, 0
1600, 1631353, 0, 0, 0
1700, 2398362, 0, 0, 0
1800, 1397174, 0, 0, 0
1900, 778211, 0, 0, 0
2000, 908553, 0, 0, 0
2100, 592012, 0, 0, 0
2200, 796051, 0, 0, 0
2300, 1074203, 0, 0, 0
2400, 668184, 0, 0, 0
2500, 624000, 0, 0, 0
2600, 763083, 0, 0, 0
2700, 663897, 0, 0, 0
2800, 773660, 0, 0, 0
2900, 700909, 0, 0, 0
3000, 767542, 0, 0, 0
3100, 572135, 0, 0, 0
3200, 751265, 0, 0, 0
3300, 772408, 0, 0, 0
3400, 603316, 0, 0, 0
3500, 1129814, 0, 0, 0
3600, 1330797, 0, 0, 0
3700, 904216, 0, 0, 0
3800, 783252, 0, 0, 0
3900, 708486, 0, 0, 0
4000, 629695, 0, 0, 0
4100, 1352249, 0, 0, 0
4200, 1743000, 0, 0, 0
4300, 667847, 0, 0, 0
4400, 623103, 0, 0, 0
4500, 650742, 0, 0, 0
4600, 1143292, 0, 0, 0
4700, 810748, 0, 0, 0
4800, 687677, 0, 0, 0
4900, 745205, 0, 0, 0
5000, 1689518, 0, 0, 0
5100, 737972, 0, 0, 0
5200, 977273, 0, 0, 0
5300, 842001, 0, 0, 0
5400, 703906, 0, 0, 0
5500, 861991, 0, 0, 0
5600, 603536, 0, 0, 0
5700, 930812, 0, 0, 0
5800, 849005, 0, 0, 0
5900, 950801, 0, 0, 0
6000, 774978, 0, 0, 0
6100, 632429, 0, 0, 0
6200, 587230, 0, 0, 0
6300, 751650, 0, 0, 0
6400, 760448, 0, 0, 0
6500, 776793, 0, 0, 0
6600, 774928, 0, 0, 0
6700, 843822, 0, 0, 0
6800, 704915, 0, 0, 0
6900, 728753, 0, 0, 0
7000, 736006, 0, 0, 0
7100, 905672, 0, 0, 0
7200, 912921, 0, 0, 0
7300, 629828, 0, 0, 0
7400, 720229, 0, 0, 0
7500, 1098187, 0, 0, 0
7600, 656545, 0, 0, 0
7700, 755146, 0, 0, 0
7800, 842180, 0, 0, 0
7900, 1168545, 0, 0, 0
8000, 749779, 0, 0, 0
8100, 1451407, 0, 0, 0
8200, 1226295, 0, 0, 0
8300, 713420, 0, 0, 0
8400, 759116, 0, 0, 0
8500, 649084, 0, 0, 0
8600, 593911, 0, 0, 0
8700, 719916, 0, 0, 0
8800, 1544181, 0, 0, 0
8900, 1818696, 0, 0, 0
9000, 682495, 0, 0, 0
9100, 721546, 0, 0, 0
9200, 577039, 0, 0, 0
9300, 682367, 0, 0, 0
9400, 953647, 0, 0, 0
9500, 826072, 0, 0, 0
9600, 693124, 0, 0, 0
9700, 509043, 0, 0, 0
9800, 671819, 0, 0, 0
9900, 742023, 0, 0, 0
10000, 587135, 0, 0, 0
10100, 868958, 0, 0, 0
10200, 1651326, 0, 0, 0
10300, 1186713, 0, 0, 0
10400, 1031568, 0, 0, 0
10500, 791754, 0, 0, 0
10600, 784029, 0, 0, 0
10700, 556397, 0, 0, 0
10800, 540595, 0, 0, 0
10900, 645344, 0, 0, 0
11000, 555659, 0, 0, 0
11100, 937254, 0, 0, 0
11200, 1024980, 0, 0, 0
11300, 1050818, 0, 0, 0
11400, 609591, 0, 0, 0
11500, 795100, 0, 0, 0
11600, 963793, 0, 0, 0
11700, 762032, 0, 0, 0
11800, 832831, 0, 0, 0
11900, 673020, 0, 0, 0
12000, 661771, 0, 0, 0
12100, 891229, 0, 0, 0
12200, 858007, 0, 0, 0
12300, 883570, 0, 0, 0
12400, 825963, 0, 0, 0
12500, 797245, 0, 0, 0
12600, 642657, 0, 0, 0
12700, 786972, 0, 0, 0
12800, 564368, 0, 0, 0
12900, 670112, 0, 0, 0
13000, 742619, 0, 0, 0
13100, 635874, 0, 0, 0
13200, 771974, 0, 0, 0
13300, 974810, 0, 0, 0
13400, 1435248, 0, 0, 0
13500, 916488, 0, 0, 0
13600, 1141552, 0, 0, 0
13700, 879535, 0, 0, 0
13800, 1011066, 0, 0, 0
13900, 684220, 0, 0, 0
14000, 649485, 0, 0, 0
14100, 783908, 0, 0, 0
14200, 770422, 0, 0, 0
14300, 773719, 0, 0, 0
14400, 821194, 0, 0, 0
14500, 937359, 0, 0, 0
14600, 589318, 0, 0, 0
14700, 740219, 0, 0, 0
14800, 1077294, 0, 0, 0
14900, 575277, 0, 0, 0
15000, 812869, 0, 0, 0
15100, 830786, 0, 0, 0
15200, 703437, 0, 0, 0
15300, 1097175, 0, 0, 0
15400, 1552261, 0, 0, 0
15500, 1113587, 0, 0, 0
15600, 1179232, 0, 0, 0
15700, 1231795, 0, 0, 0
15800, 1111568, 0, 0, 0
15900, 1199654, 0, 0, 0
16000, 1141897, 0, 0, 0
16100, 941737, 0, 0, 0
16200, 1028831, 0, 0, 0
16300, 746046, 0, 0, 0
16400, 679351, 0, 0, 0
16500, 704398, 0, 0, 0
16600, 1044276, 0, 0, 0
16700, 904097, 0, 0, 0
16800, 637972, 0, 0, 0
16900, 635422, 0, 0, 0
17000, 599280, 0, 0, 0
17100, 572880, 0, 0, 0
17200, 723951, 0, 0, 0
17300, 585328, 0, 0, 0
17400, 739936, 0, 0, 0
17500, 740870, 0, 0, 0
17600, 980894, 0, 0, 0
17700, 866953, 0, 0, 0
17800, 941278, 0, 0, 0
17900, 1382154, 0, 0, 0
18000, 588607, 0, 0, 0
18100, 843636, 0, 0, 0
18200, 676825, 0, 0, 0
18300, 1021783, 0, 0, 0
18400, 755917, 0, 0, 0
18500, 727832, 0, 0, 0
18600, 761961, 0, 0, 0
18700, 1043458, 0, 0, 0
18800, 786502, 0, 0, 0
18900, 890905, 0, 0, 0
19000, 813114, 0, 0, 0
19100, 626655, 0, 0, 0
19200, 704444, 0, 0, 0
19300, 890611, 0, 0, 0
19400, 659611, 0, 0, 0
19500, 1313102, 0, 0, 0
19600, 1145064, 0, 0, 0
19700, 951375, 0, 0, 0
19800, 742158, 0, 0, 0
19900, 591841, 0, 0, 0
20000, 1180562, 0, 0, 0
20100, 2424513, 0, 0, 0
20200, 1075216, 0, 0, 0
20300, 866619, 0, 0, 0
20400, 960814, 0, 0, 0
20500, 1150153, 0, 0, 0
20600, 718566, 0, 0, 0
20700, 870496, 0, 0, 0
20800, 822539, 0, 0, 0
20900, 720758, 0, 0, 0
21000, 759849, 0, 0, 0
21100, 961341, 0, 0, 0
21200, 900925, 0, 0, 0
21300, 727067, 0, 0, 0
21400, 904802, 0, 0, 0
21500, 809224, 0, 0, 0
21600, 854861, 0, 0, 0
21700, 1192230, 0, 0, 0
21800, 850260, 0, 0, 0
21900, 667254, 0, 0, 0
22000, 608612, 0, 0, 0
22100, 687742, 0, 0, 0
22200, 675120, 0, 0, 0
22300, 746571, 0, 0, 0
22400, 970510, 0, 0, 0
22500, 810065, 0, 0, 0
22600, 733121, 0, 0, 0
22700, 664779, 0, 0, 0
22800, 825763, 0, 0, 0
22900, 727315, 0, 0, 0
23000, 719283, 0, 0, 0
23100, 749822, 0, 0, 0
23200, 763781, 0, 0, 0
23300, 717017, 0, 0, 0
23400, 927163, 0, 0, 0
23500, 848119, 0, 0, 0
23600, 601868, 0, 0, 0
23700, 955730, 0, 0, 0
23800, 770953, 0, 0, 0
23900, 710545, 0, 0, 0
24000, 664345, 0, 0, 0
24100, 723222, 0, 0, 0
24200, 678750, 0, 0, 0
24300, 1262741, 0, 0, 0
24400, 991489, 0, 0, 0
24500, 639326, 0, 0, 0
24600, 779157, 0, 0, 0
24700, 671630, 0, 0, 0
24800, 746793, 0, 0, 0
24900, 807841, 0, 0, 0
25000, 704440, 0, 0, 0
25100, 745738, 0, 0, 0
25200, 772600, 0, 0, 0
25300, 879477, 0, 0, 0
25400, 946957, 0, 0, 0
25500, 748252, 0, 0, 0
25600, 985530, 0, 0, 0
25700, 1251274, 0, 0, 0
25800, 1437283, 0, 0, 0
25900, 881891, 0, 0, 0
26000, 674729, 0, 0, 0
26100, 708963, 0, 0, 0
26200, 956826, 0, 0, 0
26300, 863663, 0, 0, 0
26400, 675257, 0, 0, 0
26500, 815460, 0, 0, 0
26600, 1508072, 0, 0, 0
26700, 1687819, 0, 0, 0
26800, 887794, 0, 0, 0
26900, 773474, 0, 0, 0
27000, 647444, 0, 0, 0
27100, 1396997, 0, 0, 0
27200, 1174362, 0, 0, 0
27300, 1229594, 0, 0, 0
27400, 976991, 0, 0, 0
27500, 1149063, 0, 0, 0
27600, 722121, 0, 0, 0
27700, 853131, 0, 0, 0
27800, 718991, 0, 0, 0
27900, 717241, 0, 0, 0
28000, 808757, 0, 0, 0
28100, 705147, 0, 0, 0
28200, 644482, 0, 0, 0
28300, 703869, 0, 0, 0
28400, 864856, 0, 0, 0
28500, 989599, 0, 0, 0
28600, 872212, 0, 0, 0
28700, 866605, 0, 0, 0
28800, 711384, 0, 0, 0
28900, 899386, 0, 0, 0
29000, 1195932, 0, 0, 0
29100, 708707, 0, 0, 0
29200, 1247749, 0, 0, 0
29300, 679608, 0, 0, 0
29400, 666248, 0, 0, 0
29500, 667726, 0, 0, 0
29600, 746848, 0, 0, 0
29700, 1946362, 0, 0, 0
29800, 1092878, 0, 0, 0
29900, 808351, 0, 0, 0
30000, 905458, 0, 0, 0
30100, 815631, 0, 0, 0
30200, 766661, 0, 0, 0
30300, 735002, 0, 0, 0
30400, 708648, 0, 0, 0
30500, 729792, 0, 0, 0
30600, 777876, 0, 0, 0
30700, 629311, 0, 0, 0
30800, 789312, 0, 0, 0
30900, 790199, 0, 0, 0
31000, 668197, 0, 0, 0
31100, 689193, 0, 0, 0
31200, 644566, 0, 0, 0
31300, 767854, 0, 0, 0
31400, 1105545, 0, 0, 0
31500, 833134, 0, 0, 0
31600, 733570, 0, 0, 0
31700, 627832, 0, 0, 0
31800, 765504, 0, 0, 0
31900, 698285, 0, 0, 0
32000, 885789, 0, 0, 0
32100, 574619, 0, 0, 0
32200, 592262, 0, 0, 0
32300, 951917, 0, 0, 0
32400, 765138, 0, 0, 0
32500, 687728, 0, 0, 0
32600, 605236, 0, 0, 0
32700, 611765, 0, 0, 0
32800, 604914, 0, 0, 0
32900, 772872, 0, 0, 0
33000, 830093, 0, 0, 0
33100, 879915, 0, 0, 0
33200, 1498574, 0, 0, 0
33300, 988828, 0, 0, 0
33400, 607082, 0, 0, 0
33500, 544936, 0, 0, 0
33600, 818308, 0, 0, 0
33700, 689632, 0, 0, 0
33800, 626412, 0, 0, 0
33900, 781982, 0, 0, 0
34000, 532857, 0, 0, 0
34100, 665275, 0, 0, 0
34200, 846753, 0, 0, 0
34300, 600677, 0, 0, 0
34400, 925549, 0, 0, 0
34500, 1082079, 0, 0, 0
34600, 645557, 0, 0, 0
34700, 932691, 0, 0, 0
34800, 1946515, 0, 0, 0
34900, 1899829, 0, 0, 0
35000, 770966, 0, 0, 0
35100, 599062, 0, 0, 0
35200, 814191, 0, 0, 0
35300, 1231830, 0, 0, 0
35400, 665378, 0, 0, 0
35500, 649886, 0, 0, 0
35600, 589561, 0, 0, 0
35700, 777939, 0, 0, 0
35800, 940960, 0, 0, 0
35900, 726119, 0, 0, 0
36000, 796124, 0, 0, 0
36100, 576330, 0, 0, 0
36200, 1540745, 0, 0, 0
36300, 1639255, 0, 0, 0
36400, 765650, 0, 0, 0
36500, 715907, 0, 0, 0
36600, 581271, 0, 0, 0
36700, 575582, 0, 0, 0
36800, 640413, 0, 0, 0
36900, 683765, 0, 0, 0
37000, 620508, 0, 0, 0
37100, 709320, 0, 0, 0
37200, 1283729, 0, 0, 0
37300, 724453, 0, 0, 0
37400, 942695, 0, 0, 0
37500, 826361, 0, 0, 0
37600, 708870, 0, 0, 0
37700, 639469, 0, 0, 0
37800, 649361, 0, 0, 0
37900, 561388, 0, 0, 0
38000, 623283, 0, 0, 0
38100, 642506, 0, 0, 0
38200, 702183, 0, 0, 0
38300, 1067532, 0, 0, 0
38401, 2766828, 0, 0, 0
38500, 3005959, 0, 0, 0
38600, 2355835, 0, 0, 0
38700, 829739, 0, 0, 0
38800, 683694, 0, 0, 0
38900, 633051, 0, 0, 0
39000, 1678456, 0, 0, 0
39100, 1214029, 0, 0, 0
39200, 514632, 0, 0, 0
39300, 605603, 0, 0, 0
39400, 528266, 0, 0, 0
39500, 739859, 0, 0, 0
39600, 657907, 0, 0, 0
39700, 1146754, 0, 0, 0
39800, 834644, 0, 0, 0
39900, 871495, 0, 0, 0
40000, 766818, 0, 0, 0
40100, 806490, 0, 0, 0
40200, 605411, 0, 0, 0
40300, 537253, 0, 0, 0
40400, 600458, 0, 0, 0
40500, 967371, 0, 0, 0
40600, 1606907, 0, 0, 0
40700, 893543, 0, 0, 0
40800, 858862, 0, 0, 0
40900, 829836, 0, 0, 0
41000, 750531, 0, 0, 0
41100, 1160065, 0, 0, 0
41200, 645621, 0, 0, 0
41300, 637632, 0, 0, 0
41400, 802646, 0, 0, 0
41500, 1134998, 0, 0, 0
41600, 840833, 0, 0, 0
41700, 780279, 0, 0, 0
41800, 1526978, 0, 0, 0
41900, 1205237, 0, 0, 0
42000, 823828, 0, 0, 0
42100, 510688, 0, 0, 0
42200, 624256, 0, 0, 0
42300, 1066810, 0, 0, 0
42400, 751973, 0, 0, 0
42500, 1200392, 0, 0, 0
42600, 851217, 0, 0, 0
42700, 853913, 0, 0, 0
42800, 777986, 0, 0, 0
42900, 817524, 0, 0, 0
43000, 1114988, 0, 0, 0
43100, 710522, 0, 0, 0
43200, 707514, 0, 0, 0
43300, 774241, 0, 0, 0
43400, 705513, 0, 0, 0
43500, 729042, 0, 0, 0
43600, 1195212, 0, 0, 0
43700, 810772, 0, 0, 0
43800, 1009174, 0, 0, 0
43900, 780980, 0, 0, 0
44000, 697372, 0, 0, 0
44101, 645782, 0, 0, 0
44200, 1658690, 0, 0, 0
44300, 892385, 0, 0, 0
44400, 798512, 0, 0, 0
44500, 927041, 0, 0, 0
44600, 695899, 0, 0, 0
44700, 673671, 0, 0, 0
44800, 651610, 0, 0, 0
44900, 767688, 0, 0, 0
45000, 843363, 0, 0, 0
45100, 756903, 0, 0, 0
45200, 1075558, 0, 0, 0
45300, 1182869, 0, 0, 0
45400, 650046, 0, 0, 0
45500, 672884, 0, 0, 0
45600, 692376, 0, 0, 0
45700, 713597, 0, 0, 0
45800, 699797, 0, 0, 0
45900, 705552, 0, 0, 0
46000, 615633, 0, 0, 0
46100, 776746, 0, 0, 0
46200, 763515, 0, 0, 0
46300, 635294, 0, 0, 0
46400, 703959, 0, 0, 0
46500, 590287, 0, 0, 0
46600, 627087, 0, 0, 0
46700, 784701, 0, 0, 0
46800, 612140, 0, 0, 0
46900, 695054, 0, 0, 0
47000, 614194, 0, 0, 0
47100, 695937, 0, 0, 0
47200, 959134, 0, 0, 0
47300, 636499, 0, 0, 0
47400, 708166, 0, 0, 0
47500, 627104, 0, 0, 0
47600, 759532, 0, 0, 0
47700, 1156420, 0, 0, 0
47800, 677152, 0, 0, 0
47900, 1130439, 0, 0, 0
48000, 714046, 0, 0, 0
48100, 688340, 0, 0, 0
48200, 836079, 0, 0, 0
48300, 1248809, 0, 0, 0
48400, 965124, 0, 0, 0
48500, 753760, 0, 0, 0
48600, 853458, 0, 0, 0
48700, 708517, 0, 0, 0
48800, 832525, 0, 0, 0
48900, 644619, 0, 0, 0
49000, 965044, 0, 0, 0
49100, 1002954, 0, 0, 0
49200, 1233299, 0, 0, 0
49300, 1371770, 0, 0, 0
49400, 1069258, 0, 0, 0
49500, 768715, 0, 0, 0
49600, 1206863, 0, 0, 0
49700, 898065, 0, 0, 0
49800, 783431, 0, 0, 0
49900, 734077, 0, 0, 0
50000, 907194, 0, 0, 0
50100, 927649, 0, 0, 0
50200, 1060889, 0, 0, 0
50300, 990070, 0, 0, 0
50400, 737704, 0, 0, 0
50500, 703540, 0, 0, 0
50600, 570351, 0, 0, 0
50700, 680500, 0, 0, 0
50800, 817516, 0, 0, 0
50900, 1181227, 0, 0, 0
51001, 1757349, 0, 0, 0
51100, 1672928, 0, 0, 0
51200, 656930, 0, 0, 0
51300, 781179, 0, 0, 0
51400, 911998, 0, 0, 0
51500, 747630, 0, 0, 0
51600, 1257129, 0, 0, 0
51700, 696519, 0, 0, 0
51800, 879651, 0, 0, 0
51900, 1049623, 0, 0, 0
52000, 946071, 0, 0, 0
52100, 683998, 0, 0, 0
52200, 689526, 0, 0, 0
52300, 674397, 0, 0, 0
52400, 731518, 0, 0, 0
52500, 843166, 0, 0, 0
52600, 737043, 0, 0, 0
52700, 779905, 0, 0, 0
52800, 707551, 0, 0, 0
52900, 929725, 0, 0, 0
53000, 707196, 0, 0, 0
53100, 689687, 0, 0, 0
53200, 900681, 0, 0, 0
53300, 850846, 0, 0, 0
53400, 707978, 0, 0, 0
53500, 663813, 0, 0, 0
53601, 1234190, 0, 0, 0
53700, 1008547, 0, 0, 0
53800, 670635, 0, 0, 0
53900, 714391, 0, 0, 0
54000, 1197042, 0, 0, 0
54100, 1629723, 0, 0, 0
54200, 868206, 0, 0, 0
54300, 648623, 0, 0, 0
54400, 705536, 0, 0, 0
54500, 669545, 0, 0, 0
54600, 717158, 0, 0, 0
54700, 755798, 0, 0, 0
54800, 676450, 0, 0, 0
54900, 1747245, 0, 0, 0
55000, 787699, 0, 0, 0
55100, 811249, 0, 0, 0
55200, 634663, 0, 0, 0
55300, 1150035, 0, 0, 0
55400, 708714, 0, 0, 0
55500, 820798, 0, 0, 0
55600, 799091, 0, 0, 0
55700, 666209, 0, 0, 0
55800, 1201116, 0, 0, 0
55900, 1193213, 0, 0, 0
56000, 1609264, 0, 0, 0
56100, 824655, 0, 0, 0
56200, 762693, 0, 0, 0
56300, 677380, 0, 0, 0
56400, 1543909, 0, 0, 0
56500, 1310317, 0, 0, 0
56600, 714950, 0, 0, 0
56700, 620185, 0, 0, 0
56800, 685762, 0, 0, 0
56900, 665455, 0, 0, 0
57000, 590999, 0, 0, 0
57100, 2167239, 0, 0, 0
57200, 758620, 0, 0, 0
57300, 688407, 0, 0, 0
57400, 653492, 0, 0, 0
57500, 694588, 0, 0, 0
57600, 1143748, 0, 0, 0
57700, 835575, 0, 0, 0
57800, 682228, 0, 0, 0
57900, 779679, 0, 0, 0
58000, 834116, 0, 0, 0
58100, 846129, 0, 0, 0
58200, 679582, 0, 0, 0
58300, 924955, 0, 0, 0
58400, 754323, 0, 0, 0
58500, 777834, 0, 0, 0
58600, 723928, 0, 0, 0
58700, 992727, 0, 0, 0
58800, 1081408, 0, 0, 0
58900, 680027, 0, 0, 0
59000, 1313160, 0, 0, 0
59100, 754900, 0, 0, 0
59200, 758804, 0, 0, 0
59300, 694268, 0, 0, 0
59400, 1230327, 0, 0, 0
59500, 782692, 0, 0, 0
59600, 766276, 0, 0, 0
59700, 996528, 0, 0, 0
59800, 1172086, 0, 0, 0
59900, 1162393, 0, 0, 0
60000, 914229, 0, 0, 0
60100, 815817, 0, 0, 0
60200, 1152098, 0, 0, 0
60300, 1540508, 0, 0, 0
60400, 716050, 0, 0, 0
60500, 646652, 0, 0, 0
60600, 702243, 0, 0, 0
60700, 718876, 0, 0, 0
60800, 1425316, 0, 0, 0
60900, 693065, 0, 0, 0
61000, 612399, 0, 0, 0
61100, 674754, 0, 0, 0
61200, 840873, 0, 0, 0
61300, 1128221, 0, 0, 0
61400, 772234, 0, 0, 0
61500, 652266, 0, 0, 0
61600, 699688, 0, 0, 0
61700, 660509, 0, 0, 0
61800, 702063, 0, 0, 0
61900, 804584, 0, 0, 0
62000, 770831, 0, 0, 0
62100, 940469, 0, 0, 0
62200, 1077325, 0, 0, 0
62300, 820493, 0, 0, 0
62400, 1659809, 0, 0, 0
62500, 1710243, 0, 0, 0
62600, 716228, 0, 0, 0
62700, 706573, 0, 0, 0
62800, 698141, 0, 0, 0
62900, 862785, 0, 0, 0
63000, 786316, 0, 0, 0
63100, 601148, 0, 0, 0
63200, 609584, 0, 0, 0
63300, 1211660, 0, 0, 0
63400, 1378671, 0, 0, 0
63500, 1249939, 0, 0, 0
63600, 576108, 0, 0, 0
63700, 710050, 0, 0, 0
63800, 900098, 0, 0, 0
63900, 722484, 0, 0, 0
64000, 629045, 0, 0, 0
64100, 716170, 0, 0, 0
64200, 1127884, 0, 0, 0
64300, 1864856, 0, 0, 0
64400, 1152582, 0, 0, 0
64500, 884726, 0, 0, 0
64600, 656785, 0, 0, 0
64700, 767457, 0, 0, 0
64800, 701867, 0, 0, 0
64900, 773321, 0, 0, 0
65000, 742494, 0, 0, 0
65100, 663299, 0, 0, 0
65200, 814602, 0, 0, 0
65300, 778166, 0, 0, 0
65400, 912059, 0, 0, 0
65500, 788953, 0, 0, 0
65600, 846023, 0, 0, 0
65700, 866040, 0, 0, 0
65800, 820936, 0, 0, 0
65900, 717546, 0, 0, 0
66000, 737623, 0, 0, 0
66100, 675512, 0, 0, 0
66200, 699061, 0, 0, 0
66300, 731086, 0, 0, 0
66400, 660025, 0, 0, 0
66500, 1560500, 0, 0, 0
66600, 1396069, 0, 0, 0
66700, 617824, 0, 0, 0
66800, 854884, 0, 0, 0
66900, 780121, 0, 0, 0
67000, 708263, 0, 0, 0
67100, 1043519, 0, 0, 0
67200, 1108233, 0, 0, 0
67300, 910729, 0, 0, 0
67400, 1243914, 0, 0, 0
67500, 794814, 0, 0, 0
67600, 1794245, 0, 0, 0
67700, 1202282, 0, 0, 0
67800, 1066078, 0, 0, 0
67900, 829753, 0, 0, 0
68000, 645689, 0, 0, 0
68100, 801420, 0, 0, 0
68200, 1146232, 0, 0, 0
68300, 1187193, 0, 0, 0
68400, 885725, 0, 0, 0
68500, 672146, 0, 0, 0
68600, 760278, 0, 0, 0
68700, 681076, 0, 0, 0
68800, 914967, 0, 0, 0
68900, 1053258, 0, 0, 0
69000, 827005, 0, 0, 0
69100, 1654098, 0, 0, 0
69200, 896825, 0, 0, 0
69300, 740983, 0, 0, 0
69400, 917606, 0, 0, 0
69500, 1046549, 0, 0, 0
69600, 789812, 0, 0, 0
69701, 1155393, 0, 0, 0
69800, 1239872, 0, 0, 0
69900, 1066414, 0, 0, 0
70000, 638089, 0, 0, 0
70100, 580481, 0, 0, 0
70200, 571871, 0, 0, 0
70300, 963045, 0, 0, 0
70400, 1758183, 0, 0, 0
70500, 1847460, 0, 0, 0
70600, 1152643, 0, 0, 0
70700, 643120, 0, 0, 0
70800, 1098607, 0, 0, 0
70900, 1064438, 0, 0, 0
71000, 627452, 0, 0, 0
71100, 771904, 0, 0, 0
71200, 914070, 0, 0, 0
71300, 1844195, 0, 0, 0
71400, 1820162, 0, 0, 0
71500, 1120289, 0, 0, 0
71600, 708710, 0, 0, 0
71700, 849630, 0, 0, 0
71800, 647691, 0, 0, 0
71900, 716507, 0, 0, 0
72000, 723091, 0, 0, 0
72100, 742590, 0, 0, 0
72200, 760373, 0, 0, 0
72300, 919515, 0, 0, 0
72400, 1365348, 0, 0, 0
72500, 848179, 0, 0, 0
72600, 680125, 0, 0, 0
72700, 1095592, 0, 0, 0
72800, 959500, 0, 0, 0
72900, 704133, 0, 0, 0
73000, 856504, 0, 0, 0
73100, 637738, 0, 0, 0
73200, 699558, 0, 0, 0
73300, 823441, 0, 0, 0
73400, 943024, 0, 0, 0
73500, 760345, 0, 0, 0
73600, 739770, 0, 0, 0
73700, 705899, 0, 0, 0
73800, 1103832, 0, 0, 0
73900, 1624047, 0, 0, 0
74000, 887142, 0, 0, 0
74100, 876891, 0, 0, 0
74200, 833901, 0, 0, 0
74300, 697081, 0, 0, 0
74400, 1045643, 0, 0, 0
74500, 1144845, 0, 0, 0
74600, 895936, 0, 0, 0
74700, 686257, 0, 0, 0
74800, 1155964, 0, 0, 0
74900, 866261, 0, 0, 0
75000, 885440, 0, 0, 0
75100, 970533, 0, 0, 0
75200, 707770, 0, 0, 0
75300, 810625, 0, 0, 0
75400, 747987, 0, 0, 0
75500, 745062, 0, 0, 0
75600, 695190, 0, 0, 0
75700, 887151, 0, 0, 0
75800, 880620, 0, 0, 0
75900, 865260, 0, 0, 0
76000, 1011596, 0, 0, 0
76100, 860071, 0, 0, 0
76200, 625693, 0, 0, 0
76300, 707976, 0, 0, 0
76400, 636822, 0, 0, 0
76500, 664457, 0, 0, 0
76600, 651516, 0, 0, 0
76700, 679545, 0, 0, 0
76800, 632186, 0, 0, 0
76900, 847234, 0, 0, 0
77000, 1711031, 0, 0, 0
77100, 1067705, 0, 0, 0
77200, 1327415, 0, 0, 0
77300, 843802, 0, 0, 0
77400, 667060, 0, 0, 0
77500, 695702, 0, 0, 0
77600, 598093, 0, 0, 0
77700, 652226, 0, 0, 0
77800, 804069, 0, 0, 0
77900, 952335, 0, 0, 0
78000, 970620, 0, 0, 0
78100, 761350, 0, 0, 0
78200, 1128752, 0, 0, 0
78300, 765420, 0, 0, 0
78400, 772640, 0, 0, 0
78500, 902921, 0, 0, 0
78600, 719712, 0, 0, 0
78700, 670136, 0, 0, 0
78800, 641851, 0, 0, 0
78900, 784956, 0, 0, 0
79000, 1063920, 0, 0, 0
79100, 853255, 0, 0, 0
79200, 768951, 0, 0, 0
79300, 714087, 0, 0, 0
79400, 945277, 0, 0, 0
79500, 1654716, 0, 0, 0
79600, 1832455, 0, 0, 0
79700, 1234993, 0, 0, 0
79800, 886044, 0, 0, 0
79900, 1391309, 0, 0, 0
80000, 1261514, 0, 0, 0
80100, 1716932, 0, 0, 0
80200, 803980, 0, 0, 0
80300, 738637, 0, 0, 0
80400, 685439, 0, 0, 0
80500, 708176, 0, 0, 0
80600, 821622, 0, 0, 0
80700, 789573, 0, 0, 0
80800, 790761, 0, 0, 0
80900, 1734284, 0, 0, 0
81000, 897562, 0, 0, 0
81100, 756204, 0, 0, 0
81200, 871165, 0, 0, 0
81300, 702400, 0, 0, 0
81400, 1269076, 0, 0, 0
81500, 1240204, 0, 0, 0
81600, 825041, 0, 0, 0
81700, 741531, 0, 0, 0
81800, 691744, 0, 0, 0
81900, 898788, 0, 0, 0
82000, 923509, 0, 0, 0
82100, 1229900, 0, 0, 0
82200, 763219, 0, 0, 0
82300, 839991, 0, 0, 0
82400, 1018792, 0, 0, 0
82500, 699208, 0, 0, 0
82600, 1456533, 0, 0, 0
82700, 833288, 0, 0, 0
82800, 1197435, 0, 0, 0
82900, 1304628, 0, 0, 0
83000, 1286593, 0, 0, 0
83100, 1005108, 0, 0, 0
83200, 1203875, 0, 0, 0
83300, 1488803, 0, 0, 0
83400, 1235215, 0, 0, 0
83500, 940998, 0, 0, 0
83600, 808763, 0, 0, 0
83700, 727393, 0, 0, 0
83800, 1075021, 0, 0, 0
83900, 707177, 0, 0, 0
84000, 746584, 0, 0, 0
84100, 904869, 0, 0, 0
84200, 844462, 0, 0, 0
84300, 714361, 0, 0, 0
84400, 887799, 0, 0, 0
84500, 749162, 0, 0, 0
84600, 741988, 0, 0, 0
84700, 771271, 0, 0, 0
84800, 753775, 0, 0, 0
84900, 953115, 0, 0, 0
85000, 747682, 0, 0, 0
85100, 1216978, 0, 0, 0
85200, 1229205, 0, 0, 0
85300, 791292, 0, 0, 0
85400, 672436, 0, 0, 0
85500, 950137, 0, 0, 0
85600, 1054106, 0, 0, 0
85700, 646906, 0, 0, 0
85800, 705785, 0, 0, 0
85900, 647623, 0, 0, 0
86000, 705747, 0, 0, 0
86100, 1994454, 0, 0, 0
86200, 1636764, 0, 0, 0
86300, 1166282, 0, 0, 0
86400, 931482, 0, 0, 0
86500, 875861, 0, 0, 0
86600, 1164964, 0, 0, 0
86700, 718042, 0, 0, 0
86800, 911359, 0, 0, 0
86900, 768885, 0, 0, 0
87000, 707602, 0, 0, 0
87100, 745393, 0, 0, 0
87200, 836292, 0, 0, 0
87300, 747271, 0, 0, 0
87400, 1575980, 0, 0, 0
87500, 1022560, 0, 0, 0
87600, 1107290, 0, 0, 0
87700, 2147295, 0, 0, 0
87800, 1869627, 0, 0, 0
87900, 795616, 0, 0, 0
88000, 700157, 0, 0, 0
88100, 942028, 0, 0, 0
88200, 1015426, 0, 0, 0
88300, 804464, 0, 0, 0
88400, 824234, 0, 0, 0
88500, 695238, 0, 0, 0
88600, 1067264, 0, 0, 0
88700, 903415, 0, 0, 0
88800, 710837, 0, 0, 0
88900, 853386, 0, 0, 0
89000, 1026832, 0, 0, 0
89100, 912307, 0, 0, 0
89200, 851211, 0, 0, 0
89300, 907421, 0, 0, 0
89400, 775943, 0, 0, 0
89500, 728019, 0, 0, 0
89600, 739019, 0, 0, 0
89700, 972517, 0, 0, 0
89800, 1410119, 0, 0, 0
89900, 738726, 0, 0, 0
90000, 1293158, 0, 0, 0
90000, 1233817, 0, 0, 0
