250, 396800, 0, 0, 0
350, 345600, 0, 0, 0
450, 403200, 0, 0, 0
550, 332800, 0, 0, 0
650, 371200, 0, 0, 0
749, 407272, 0, 0, 0
849, 371200, 0, 0, 0
949, 403200, 0, 0, 0
1049, 358400, 0, 0, 0
1149, 422400, 0, 0, 0
1249, 435200, 0, 0, 0
1349, 403200, 0, 0, 0
1449, 403200, 0, 0, 0
1549, 403200, 0, 0, 0
1649, 416000, 0, 0, 0
1750, 428800, 0, 0, 0
1850, 416000, 0, 0, 0
1950, 403200, 0, 0, 0
2050, 409600, 0, 0, 0
2150, 435200, 0, 0, 0
2249, 374949, 0, 0, 0
2349, 441600, 0, 0, 0
2449, 384000, 0, 0, 0
2549, 396800, 0, 0, 0
2649, 403200, 0, 0, 0
2749, 390400, 0, 0, 0
2849, 390400, 0, 0, 0
2949, 454400, 0, 0, 0
3049, 441600, 0, 0, 0
3149, 435200, 0, 0, 0
3249, 403200, 0, 0, 0
3349, 396800, 0, 0, 0
3450, 403200, 0, 0, 0
3550, 441600, 0, 0, 0
3650, 422400, 0, 0, 0
3749, 374949, 0, 0, 0
3849, 435200, 0, 0, 0
3949, 384000, 0, 0, 0
4049, 396800, 0, 0, 0
4149, 390400, 0, 0, 0
4249, 403200, 0, 0, 0
4349, 403200, 0, 0, 0
4449, 364800, 0, 0, 0
4549, 377600, 0, 0, 0
4649, 396800, 0, 0, 0
4749, 345600, 0, 0, 0
4849, 428800, 0, 0, 0
4949, 364800, 0, 0, 0
5049, 390400, 0, 0, 0
5149, 403200, 0, 0, 0
5250, 403200, 0, 0, 0
5350, 396800, 0, 0, 0
5450, 396800, 0, 0, 0
5550, 390400, 0, 0, 0
5650, 358400, 0, 0, 0
5749, 362020, 0, 0, 0
5849, 428800, 0, 0, 0
5949, 384000, 0, 0, 0
6049, 377600, 0, 0, 0
6149, 358400, 0, 0, 0
6249, 358400, 0, 0, 0
6349, 384000, 0, 0, 0
6449, 409600, 0, 0, 0
6549, 390400, 0, 0, 0
6649, 377600, 0, 0, 0
6749, 371200, 0, 0, 0
6850, 416000, 0, 0, 0
6950, 409600, 0, 0, 0
7050, 428800, 0, 0, 0
7150, 377600, 0, 0, 0
7249, 362020, 0, 0, 0
7349, 403200, 0, 0, 0
7449, 384000, 0, 0, 0
7549, 428800, 0, 0, 0
7649, 377600, 0, 0, 0
7749, 384000, 0, 0, 0
7849, 396800, 0, 0, 0
7949, 403200, 0, 0, 0
8049, 403200, 0, 0, 0
8149, 403200, 0, 0, 0
8249, 390400, 0, 0, 0
8349, 435200, 0, 0, 0
8449, 409600, 0, 0, 0
8550, 390400, 0, 0, 0
8650, 384000, 0, 0, 0
8749, 433131, 0, 0, 0
8849, 396800, 0, 0, 0
8949, 428800, 0, 0, 0
9049, 396800, 0, 0, 0
9149, 403200, 0, 0, 0
9249, 339200, 0, 0, 0
9349, 416000, 0, 0, 0
9449, 416000, 0, 0, 0
9549, 416000, 0, 0, 0
9649, 403200, 0, 0, 0
9749, 448000, 0, 0, 0
9849, 428800, 0, 0, 0
9949, 390400, 0, 0, 0
10049, 396800, 0, 0, 0
10149, 422400, 0, 0, 0
10249, 384000, 0, 0, 0
10349, 422400, 0, 0, 0
10450, 403200, 0, 0, 0
10550, 448000, 0, 0, 0
10650, 396800, 0, 0, 0
10749, 439595, 0, 0, 0
10849, 467200, 0, 0, 0
10949, 390400, 0, 0, 0
11049, 384000, 0, 0, 0
11149, 460800, 0, 0, 0
11249, 416000, 0, 0, 0
11349, 428800, 0, 0, 0
11449, 435200, 0, 0, 0
11549, 435200, 0, 0, 0
11649, 396800, 0, 0, 0
11749, 390400, 0, 0, 0
11849, 384000, 0, 0, 0
11949, 416000, 0, 0, 0
12049, 377600, 0, 0, 0
12149, 403200, 0, 0, 0
12249, 358400, 0, 0, 0
12350, 428800, 0, 0, 0
12450, 422400, 0, 0, 0
12550, 403200, 0, 0, 0
12650, 396800, 0, 0, 0
12749, 452525, 0, 0, 0
12849, 416000, 0, 0, 0
12949, 435200, 0, 0, 0
13049, 403200, 0, 0, 0
13149, 377600, 0, 0, 0
13249, 435200, 0, 0, 0
13349, 364800, 0, 0, 0
13449, 364800, 0, 0, 0
13549, 390400, 0, 0, 0
13649, 422400, 0, 0, 0
13749, 403200, 0, 0, 0
13849, 396800, 0, 0, 0
13949, 377600, 0, 0, 0
14049, 403200, 0, 0, 0
14150, 428800, 0, 0, 0
14250, 416000, 0, 0, 0
14350, 377600, 0, 0, 0
14450, 396800, 0, 0, 0
14550, 390400, 0, 0, 0
14650, 364800, 0, 0, 0
14749, 439595, 0, 0, 0
14849, 409600, 0, 0, 0
14949, 409600, 0, 0, 0
15049, 435200, 0, 0, 0
15149, 441600, 0, 0, 0
15249, 396800, 0, 0, 0
15349, 441600, 0, 0, 0
15449, 390400, 0, 0, 0
15549, 403200, 0, 0, 0
15649, 409600, 0, 0, 0
15749, 390400, 0, 0, 0
15849, 435200, 0, 0, 0
15949, 416000, 0, 0, 0
16050, 428800, 0, 0, 0
16150, 364800, 0, 0, 0
16249, 381414, 0, 0, 0
16349, 428800, 0, 0, 0
16449, 422400, 0, 0, 0
16549, 384000, 0, 0, 0
16649, 428800, 0, 0, 0
16749, 384000, 0, 0, 0
16849, 345600, 0, 0, 0
16949, 416000, 0, 0, 0
17049, 403200, 0, 0, 0
17149, 403200, 0, 0, 0
17249, 409600, 0, 0, 0
17349, 435200, 0, 0, 0
17449, 448000, 0, 0, 0
17549, 409600, 0, 0, 0
17649, 403200, 0, 0, 0
17750, 460800, 0, 0, 0
17850, 422400, 0, 0, 0
17950, 384000, 0, 0, 0
18050, 409600, 0, 0, 0
18150, 409600, 0, 0, 0
18249, 394343, 0, 0, 0
18349, 422400, 0, 0, 0
18449, 396800, 0, 0, 0
18549, 390400, 0, 0, 0
18649, 390400, 0, 0, 0
18749, 409600, 0, 0, 0
18849, 371200, 0, 0, 0
18949, 409600, 0, 0, 0
19049, 454400, 0, 0, 0
19149, 377600, 0, 0, 0
19249, 396800, 0, 0, 0
19350, 396800, 0, 0, 0
19450, 352000, 0, 0, 0
19550, 396800, 0, 0, 0
19650, 396800, 0, 0, 0
19749, 452525, 0, 0, 0
19849, 416000, 0, 0, 0
19949, 364800, 0, 0, 0
20049, 377600, 0, 0, 0
20149, 428800, 0, 0, 0
20249, 396800, 0, 0, 0
20349, 403200, 0, 0, 0
20449, 428800, 0, 0, 0
20549, 416000, 0, 0, 0
20649, 384000, 0, 0, 0
20749, 409600, 0, 0, 0
20849, 377600, 0, 0, 0
20949, 403200, 0, 0, 0
21050, 371200, 0, 0, 0
21150, 390400, 0, 0, 0
21249, 394343, 0, 0, 0
21349, 384000, 0, 0, 0
21449, 428800, 0, 0, 0
21549, 358400, 0, 0, 0
21649, 403200, 0, 0, 0
21749, 377600, 0, 0, 0
21849, 396800, 0, 0, 0
21949, 371200, 0, 0, 0
22049, 422400, 0, 0, 0
22149, 371200, 0, 0, 0
22249, 409600, 0, 0, 0
22349, 403200, 0, 0, 0
22449, 384000, 0, 0, 0
22549, 339200, 0, 0, 0
22649, 454400, 0, 0, 0
22750, 448000, 0, 0, 0
22850, 345600, 0, 0, 0
22950, 416000, 0, 0, 0
23050, 377600, 0, 0, 0
23150, 409600, 0, 0, 0
23249, 374949, 0, 0, 0
23349, 422400, 0, 0, 0
23449, 422400, 0, 0, 0
23549, 460800, 0, 0, 0
23649, 390400, 0, 0, 0
23749, 396800, 0, 0, 0
23849, 416000, 0, 0, 0
23949, 390400, 0, 0, 0
24049, 403200, 0, 0, 0
24149, 403200, 0, 0, 0
24249, 460800, 0, 0, 0
24349, 384000, 0, 0, 0
24449, 390400, 0, 0, 0
24549, 409600, 0, 0, 0
24649, 384000, 0, 0, 0
24750, 377600, 0, 0, 0
24850, 358400, 0, 0, 0
24950, 332800, 0, 0, 0
25050, 428800, 0, 0, 0
25150, 364800, 0, 0, 0
25249, 420202, 0, 0, 0
25349, 377600, 0, 0, 0
25449, 364800, 0, 0, 0
25549, 358400, 0, 0, 0
25649, 371200, 0, 0, 0
25749, 384000, 0, 0, 0
25849, 371200, 0, 0, 0
25949, 384000, 0, 0, 0
26049, 409600, 0, 0, 0
26149, 377600, 0, 0, 0
26249, 396800, 0, 0, 0
26349, 396800, 0, 0, 0
26449, 390400, 0, 0, 0
26550, 396800, 0, 0, 0
26650, 371200, 0, 0, 0
26749, 420202, 0, 0, 0
26849, 364800, 0, 0, 0
26949, 403200, 0, 0, 0
27049, 428800, 0, 0, 0
27149, 409600, 0, 0, 0
27249, 428800, 0, 0, 0
27349, 371200, 0, 0, 0
27449, 371200, 0, 0, 0
27549, 377600, 0, 0, 0
27649, 409600, 0, 0, 0
27749, 384000, 0, 0, 0
27849, 422400, 0, 0, 0
27949, 409600, 0, 0, 0
28050, 377600, 0, 0, 0
28150, 435200, 0, 0, 0
28249, 329696, 0, 0, 0
28349, 435200, 0, 0, 0
28449, 409600, 0, 0, 0
28549, 428800, 0, 0, 0
28649, 396800, 0, 0, 0
28749, 422400, 0, 0, 0
28849, 390400, 0, 0, 0
28949, 467200, 0, 0, 0
29049, 448000, 0, 0, 0
29149, 390400, 0, 0, 0
29249, 435200, 0, 0, 0
29349, 390400, 0, 0, 0
29449, 396800, 0, 0, 0
29549, 403200, 0, 0, 0
29650, 403200, 0, 0, 0
29749, 355555, 0, 0, 0
29849, 364800, 0, 0, 0
29949, 384000, 0, 0, 0
30049, 358400, 0, 0, 0
30149, 384000, 0, 0, 0
30249, 390400, 0, 0, 0
30349, 409600, 0, 0, 0
30449, 409600, 0, 0, 0
30549, 396800, 0, 0, 0
30649, 358400, 0, 0, 0
30749, 384000, 0, 0, 0
30849, 396800, 0, 0, 0
30949, 409600, 0, 0, 0
31049, 428800, 0, 0, 0
31150, 422400, 0, 0, 0
31249, 362020, 0, 0, 0
31349, 396800, 0, 0, 0
31449, 390400, 0, 0, 0
31549, 422400, 0, 0, 0
31649, 409600, 0, 0, 0
31749, 396800, 0, 0, 0
31849, 384000, 0, 0, 0
31949, 454400, 0, 0, 0
32049, 409600, 0, 0, 0
32149, 377600, 0, 0, 0
32249, 396800, 0, 0, 0
32349, 390400, 0, 0, 0
32449, 384000, 0, 0, 0
32549, 396800, 0, 0, 0
32649, 403200, 0, 0, 0
32749, 396800, 0, 0, 0
32849, 396800, 0, 0, 0
32950, 390400, 0, 0, 0
33050, 396800, 0, 0, 0
33150, 403200, 0, 0, 0
33249, 362020, 0, 0, 0
33349, 371200, 0, 0, 0
33449, 422400, 0, 0, 0
33549, 454400, 0, 0, 0
33649, 390400, 0, 0, 0
33749, 396800, 0, 0, 0
33849, 505600, 0, 0, 0
33949, 435200, 0, 0, 0
34049, 396800, 0, 0, 0
34149, 448000, 0, 0, 0
34249, 384000, 0, 0, 0
34349, 435200, 0, 0, 0
34450, 448000, 0, 0, 0
34550, 409600, 0, 0, 0
34650, 428800, 0, 0, 0
34749, 407272, 0, 0, 0
34849, 403200, 0, 0, 0
34949, 384000, 0, 0, 0
35049, 422400, 0, 0, 0
35149, 384000, 0, 0, 0
35249, 390400, 0, 0, 0
35349, 352000, 0, 0, 0
35449, 441600, 0, 0, 0
35549, 409600, 0, 0, 0
35649, 339200, 0, 0, 0
35749, 409600, 0, 0, 0
35849, 384000, 0, 0, 0
35949, 390400, 0, 0, 0
36050, 390400, 0, 0, 0
36150, 416000, 0, 0, 0
36249, 374949, 0, 0, 0
36349, 377600, 0, 0, 0
36449, 396800, 0, 0, 0
36549, 339200, 0, 0, 0
36649, 416000, 0, 0, 0
36749, 371200, 0, 0, 0
36849, 384000, 0, 0, 0
36949, 352000, 0, 0, 0
37049, 403200, 0, 0, 0
37149, 345600, 0, 0, 0
37249, 428800, 0, 0, 0
37349, 441600, 0, 0, 0
37449, 454400, 0, 0, 0
37550, 409600, 0, 0, 0
37650, 364800, 0, 0, 0
37749, 381414, 0, 0, 0
37849, 390400, 0, 0, 0
37949, 435200, 0, 0, 0
38049, 416000, 0, 0, 0
38149, 371200, 0, 0, 0
38249, 403200, 0, 0, 0
38349, 435200, 0, 0, 0
38449, 441600, 0, 0, 0
38549, 416000, 0, 0, 0
38649, 358400, 0, 0, 0
38749, 377600, 0, 0, 0
38849, 339200, 0, 0, 0
38949, 403200, 0, 0, 0
39049, 441600, 0, 0, 0
39149, 409600, 0, 0, 0
39249, 364800, 0, 0, 0
39349, 352000, 0, 0, 0
39449, 403200, 0, 0, 0
39550, 384000, 0, 0, 0
39650, 364800, 0, 0, 0
39749, 400808, 0, 0, 0
39849, 409600, 0, 0, 0
39949, 409600, 0, 0, 0
40049, 409600, 0, 0, 0
40149, 409600, 0, 0, 0
40249, 358400, 0, 0, 0
40349, 384000, 0, 0, 0
40449, 448000, 0, 0, 0
40549, 422400, 0, 0, 0
40649, 428800, 0, 0, 0
40749, 390400, 0, 0, 0
40849, 448000, 0, 0, 0
40949, 384000, 0, 0, 0
41049, 422400, 0, 0, 0
41149, 441600, 0, 0, 0
41250, 473600, 0, 0, 0
41350, 422400, 0, 0, 0
41450, 422400, 0, 0, 0
41550, 448000, 0, 0, 0
41650, 435200, 0, 0, 0
41749, 387878, 0, 0, 0
41849, 390400, 0, 0, 0
41949, 409600, 0, 0, 0
42049, 396800, 0, 0, 0
42149, 448000, 0, 0, 0
42249, 364800, 0, 0, 0
42349, 409600, 0, 0, 0
42449, 409600, 0, 0, 0
42549, 422400, 0, 0, 0
42649, 390400, 0, 0, 0
42749, 358400, 0, 0, 0
42849, 409600, 0, 0, 0
42949, 345600, 0, 0, 0
43050, 377600, 0, 0, 0
43150, 358400, 0, 0, 0
43249, 387878, 0, 0, 0
43349, 396800, 0, 0, 0
43449, 422400, 0, 0, 0
43549, 396800, 0, 0, 0
43649, 345600, 0, 0, 0
43749, 396800, 0, 0, 0
43849, 409600, 0, 0, 0
43949, 448000, 0, 0, 0
44049, 403200, 0, 0, 0
44149, 416000, 0, 0, 0
44249, 384000, 0, 0, 0
44349, 377600, 0, 0, 0
44449, 403200, 0, 0, 0
44549, 409600, 0, 0, 0
44649, 409600, 0, 0, 0
44750, 435200, 0, 0, 0
44850, 352000, 0, 0, 0
44950, 377600, 0, 0, 0
45050, 422400, 0, 0, 0
45150, 377600, 0, 0, 0
45249, 458989, 0, 0, 0
45349, 364800, 0, 0, 0
45449, 384000, 0, 0, 0
45549, 364800, 0, 0, 0
45649, 428800, 0, 0, 0
45749, 428800, 0, 0, 0
45849, 396800, 0, 0, 0
45949, 435200, 0, 0, 0
46049, 390400, 0, 0, 0
46149, 352000, 0, 0, 0
46249, 384000, 0, 0, 0
46349, 416000, 0, 0, 0
46449, 396800, 0, 0, 0
46550, 377600, 0, 0, 0
46650, 403200, 0, 0, 0
46749, 420202, 0, 0, 0
46849, 480000, 0, 0, 0
46949, 409600, 0, 0, 0
47049, 364800, 0, 0, 0
47149, 409600, 0, 0, 0
47249, 390400, 0, 0, 0
47349, 492800, 0, 0, 0
47449, 396800, 0, 0, 0
47549, 377600, 0, 0, 0
47649, 409600, 0, 0, 0
47749, 384000, 0, 0, 0
47849, 390400, 0, 0, 0
47949, 409600, 0, 0, 0
48049, 416000, 0, 0, 0
48149, 416000, 0, 0, 0
48249, 428800, 0, 0, 0
48349, 403200, 0, 0, 0
48450, 467200, 0, 0, 0
48550, 422400, 0, 0, 0
48650, 377600, 0, 0, 0
48749, 374949, 0, 0, 0
48849, 364800, 0, 0, 0
48949, 435200, 0, 0, 0
49049, 409600, 0, 0, 0
49149, 409600, 0, 0, 0
49249, 441600, 0, 0, 0
49349, 403200, 0, 0, 0
49449, 396800, 0, 0, 0
49549, 403200, 0, 0, 0
49649, 403200, 0, 0, 0
49749, 364800, 0, 0, 0
49849, 403200, 0, 0, 0
49949, 403200, 0, 0, 0
50049, 428800, 0, 0, 0
50149, 403200, 0, 0, 0
50250, 422400, 0, 0, 0
50350, 364800, 0, 0, 0
50450, 371200, 0, 0, 0
50550, 416000, 0, 0, 0
50650, 377600, 0, 0, 0
50749, 387878, 0, 0, 0
50849, 409600, 0, 0, 0
50949, 396800, 0, 0, 0
51049, 396800, 0, 0, 0
51149, 435200, 0, 0, 0
51249, 454400, 0, 0, 0
51349, 435200, 0, 0, 0
51449, 371200, 0, 0, 0
51549, 441600, 0, 0, 0
51649, 384000, 0, 0, 0
51749, 396800, 0, 0, 0
51850, 364800, 0, 0, 0
51950, 377600, 0, 0, 0
52050, 390400, 0, 0, 0
52150, 396800, 0, 0, 0
52249, 400808, 0, 0, 0
52349, 390400, 0, 0, 0
52449, 416000, 0, 0, 0
52549, 403200, 0, 0, 0
52649, 371200, 0, 0, 0
52749, 390400, 0, 0, 0
52849, 403200, 0, 0, 0
52949, 390400, 0, 0, 0
53049, 377600, 0, 0, 0
53149, 384000, 0, 0, 0
53249, 396800, 0, 0, 0
53349, 403200, 0, 0, 0
53449, 416000, 0, 0, 0
53549, 409600, 0, 0, 0
53650, 416000, 0, 0, 0
53749, 362020, 0, 0, 0
53849, 396800, 0, 0, 0
53949, 384000, 0, 0, 0
54049, 428800, 0, 0, 0
54149, 409600, 0, 0, 0
54249, 358400, 0, 0, 0
54349, 358400, 0, 0, 0
54449, 384000, 0, 0, 0
54549, 390400, 0, 0, 0
54649, 403200, 0, 0, 0
54749, 409600, 0, 0, 0
54849, 416000, 0, 0, 0
54949, 390400, 0, 0, 0
55049, 416000, 0, 0, 0
55149, 422400, 0, 0, 0
55249, 403200, 0, 0, 0
55349, 371200, 0, 0, 0
55449, 416000, 0, 0, 0
55550, 403200, 0, 0, 0
55650, 409600, 0, 0, 0
55749, 407272, 0, 0, 0
55849, 441600, 0, 0, 0
55949, 384000, 0, 0, 0
56049, 364800, 0, 0, 0
56149, 441600, 0, 0, 0
56249, 403200, 0, 0, 0
56349, 403200, 0, 0, 0
56449, 358400, 0, 0, 0
56549, 422400, 0, 0, 0
56649, 460800, 0, 0, 0
56749, 428800, 0, 0, 0
56849, 384000, 0, 0, 0
56949, 371200, 0, 0, 0
57049, 428800, 0, 0, 0
57149, 416000, 0, 0, 0
57249, 377600, 0, 0, 0
57350, 364800, 0, 0, 0
57450, 441600, 0, 0, 0
57550, 403200, 0, 0, 0
57650, 364800, 0, 0, 0
57749, 400808, 0, 0, 0
57849, 390400, 0, 0, 0
57949, 409600, 0, 0, 0
58049, 409600, 0, 0, 0
58149, 441600, 0, 0, 0
58249, 358400, 0, 0, 0
58349, 422400, 0, 0, 0
58449, 416000, 0, 0, 0
58549, 403200, 0, 0, 0
58649, 377600, 0, 0, 0
58749, 428800, 0, 0, 0
58849, 441600, 0, 0, 0
58949, 396800, 0, 0, 0
59049, 441600, 0, 0, 0
59149, 364800, 0, 0, 0
59250, 396800, 0, 0, 0
59350, 454400, 0, 0, 0
59450, 441600, 0, 0, 0
59550, 422400, 0, 0, 0
59650, 364800, 0, 0, 0
59749, 387878, 0, 0, 0
59849, 352000, 0, 0, 0
59949, 435200, 0, 0, 0
