106, 92781, 1, 0, 0
206, 104834, 1, 0, 0
300, 132251, 1, 0, 0
401, 127222, 1, 0, 0
501, 115639, 1, 0, 0
601, 124636, 1, 0, 0
700, 122599, 1, 0, 0
802, 124550, 1, 0, 0
901, 123394, 1, 0, 0
1001, 125505, 1, 0, 0
1100, 127134, 1, 0, 0
1205, 129697, 1, 0, 0
1306, 119671, 1, 0, 0
1401, 119172, 1, 0, 0
1501, 128286, 1, 0, 0
1604, 120806, 1, 0, 0
1702, 125630, 1, 0, 0
1800, 122802, 1, 0, 0
1902, 125639, 1, 0, 0
2006, 121157, 1, 0, 0
2101, 124286, 1, 0, 0
2205, 116681, 1, 0, 0
2300, 138257, 1, 0, 0
2403, 119831, 1, 0, 0
2506, 129649, 1, 0, 0
2601, 130032, 1, 0, 0
2700, 128180, 1, 0, 0
2803, 121690, 1, 0, 0
2903, 114405, 1, 0, 0
3003, 124221, 1, 0, 0
3100, 107020, 1, 0, 0
3203, 101276, 1, 0, 0
3300, 98927, 1, 0, 0
3401, 100684, 1, 0, 0
3506, 96819, 1, 0, 0
3600, 102270, 1, 0, 0
3701, 91363, 1, 0, 0
3801, 106097, 1, 0, 0
3906, 104907, 1, 0, 0
4006, 101404, 1, 0, 0
4100, 104039, 1, 0, 0
4203, 100912, 1, 0, 0
4301, 93251, 1, 0, 0
4400, 87620, 1, 0, 0
4500, 102846, 1, 0, 0
4602, 95679, 1, 0, 0
4704, 103851, 1, 0, 0
4804, 111971, 1, 0, 0
4903, 115531, 1, 0, 0
5003, 116694, 1, 0, 0
5104, 118035, 1, 0, 0
5200, 123252, 1, 0, 0
5302, 125998, 1, 0, 0
5401, 114419, 1, 0, 0
5502, 122312, 1, 0, 0
5601, 126028, 1, 0, 0
5707, 127797, 1, 0, 0
5806, 122865, 1, 0, 0
5901, 129450, 1, 0, 0
6002, 95656, 1, 0, 0
6107, 119671, 1, 0, 0
6200, 121531, 1, 0, 0
6303, 119642, 1, 0, 0
6405, 125355, 1, 0, 0
6501, 116255, 1, 0, 0
6601, 117050, 1, 0, 0
6706, 124420, 1, 0, 0
6803, 107656, 1, 0, 0
6901, 125260, 1, 0, 0
7000, 116769, 1, 0, 0
7108, 94531, 1, 0, 0
7202, 118975, 1, 0, 0
7300, 101251, 1, 0, 0
7401, 113999, 1, 0, 0
7504, 122403, 1, 0, 0
7602, 121944, 1, 0, 0
7701, 126390, 1, 0, 0
7801, 120729, 1, 0, 0
7900, 126060, 1, 0, 0
8000, 127162, 1, 0, 0
8105, 113397, 1, 0, 0
8200, 86275, 1, 0, 0
8306, 92151, 1, 0, 0
8402, 95430, 1, 0, 0
8500, 91750, 1, 0, 0
8603, 99989, 1, 0, 0
8702, 93783, 1, 0, 0
8802, 112431, 1, 0, 0
8900, 93145, 1, 0, 0
9000, 90452, 1, 0, 0
9104, 96599, 1, 0, 0
9204, 104166, 1, 0, 0
9301, 92032, 1, 0, 0
9401, 95661, 1, 0, 0
9503, 90180, 1, 0, 0
9600, 90698, 1, 0, 0
9705, 99506, 1, 0, 0
9803, 100583, 1, 0, 0
9911, 99944, 1, 0, 0
10003, 88880, 1, 0, 0
10102, 92420, 1, 0, 0
10203, 92677, 1, 0, 0
10303, 92252, 1, 0, 0
10402, 99564, 1, 0, 0
10501, 100681, 1, 0, 0
10600, 90298, 1, 0, 0
10700, 95279, 1, 0, 0
10801, 108339, 1, 0, 0
10905, 111547, 1, 0, 0
11003, 88248, 1, 0, 0
11100, 89317, 1, 0, 0
11203, 116109, 1, 0, 0
11300, 95764, 1, 0, 0
11400, 96896, 1, 0, 0
11503, 100463, 1, 0, 0
11603, 90727, 1, 0, 0
11702, 101217, 1, 0, 0
11800, 86533, 1, 0, 0
11902, 88103, 1, 0, 0
12001, 88290, 1, 0, 0
12102, 92727, 1, 0, 0
12208, 88746, 1, 0, 0
12301, 90231, 1, 0, 0
12409, 108673, 1, 0, 0
12501, 128300, 1, 0, 0
12604, 115535, 1, 0, 0
12700, 123316, 1, 0, 0
12808, 125702, 1, 0, 0
12902, 129763, 1, 0, 0
13001, 126838, 1, 0, 0
13101, 128933, 1, 0, 0
13200, 125014, 1, 0, 0
13300, 124462, 1, 0, 0
13400, 119403, 1, 0, 0
13504, 123416, 1, 0, 0
13601, 121741, 1, 0, 0
13702, 121450, 1, 0, 0
13802, 125035, 1, 0, 0
13903, 120957, 1, 0, 0
14005, 119490, 1, 0, 0
14100, 125381, 1, 0, 0
14202, 120846, 1, 0, 0
14305, 137511, 1, 0, 0
14403, 117281, 1, 0, 0
14505, 126082, 1, 0, 0
14607, 132094, 1, 0, 0
14701, 126154, 1, 0, 0
14804, 126441, 1, 0, 0
14908, 128508, 1, 0, 0
15005, 117583, 1, 0, 0
15102, 124793, 1, 0, 0
15205, 117628, 1, 0, 0
15301, 94229, 1, 0, 0
15400, 100325, 1, 0, 0
15502, 124458, 1, 0, 0
15602, 124326, 1, 0, 0
15705, 123019, 1, 0, 0
15806, 124314, 1, 0, 0
15900, 125476, 1, 0, 0
16000, 127881, 1, 0, 0
16108, 121561, 1, 0, 0
16202, 124255, 1, 0, 0
16301, 123017, 1, 0, 0
16404, 121968, 1, 0, 0
16502, 126859, 1, 0, 0
16601, 126488, 1, 0, 0
16706, 127303, 1, 0, 0
16805, 99142, 1, 0, 0
16900, 94145, 1, 0, 0
17003, 97602, 1, 0, 0
17101, 90546, 1, 0, 0
17201, 87180, 1, 0, 0
17301, 114713, 1, 0, 0
17404, 122045, 1, 0, 0
17501, 120853, 1, 0, 0
17601, 123700, 1, 0, 0
17703, 104817, 1, 0, 0
17802, 96603, 1, 0, 0
17900, 95586, 1, 0, 0
18000, 87295, 1, 0, 0
18101, 90236, 1, 0, 0
18204, 86090, 1, 0, 0
18300, 92765, 1, 0, 0
18400, 90512, 1, 0, 0
18502, 93245, 1, 0, 0
18600, 93306, 1, 0, 0
18700, 89541, 1, 0, 0
18800, 94395, 1, 0, 0
18905, 95901, 1, 0, 0
19008, 93301, 1, 0, 0
19105, 84909, 1, 0, 0
19204, 97912, 1, 0, 0
19306, 117978, 1, 0, 0
19404, 127960, 1, 0, 0
19501, 104379, 1, 0, 0
19607, 101361, 1, 0, 0
19701, 96857, 1, 0, 0
19806, 98880, 1, 0, 0
19901, 92956, 1, 0, 0
20002, 95196, 1, 0, 0
20107, 102042, 1, 0, 0
20201, 94481, 1, 0, 0
20301, 86055, 1, 0, 0
20401, 93682, 1, 0, 0
20503, 96093, 1, 0, 0
20605, 90590, 1, 0, 0
20701, 83090, 1, 0, 0
20802, 94919, 1, 0, 0
20900, 91503, 1, 0, 0
21008, 94381, 1, 0, 0
21105, 91958, 1, 0, 0
21200, 94184, 1, 0, 0
21300, 93111, 1, 0, 0
21401, 97398, 1, 0, 0
21505, 98916, 1, 0, 0
21605, 95857, 1, 0, 0
21707, 94741, 1, 0, 0
21802, 92458, 1, 0, 0
21901, 92859, 1, 0, 0
22003, 96325, 1, 0, 0
22100, 98598, 1, 0, 0
22206, 97789, 1, 0, 0
22302, 96967, 1, 0, 0
22403, 89521, 1, 0, 0
22504, 98561, 1, 0, 0
22602, 109602, 1, 0, 0
22704, 129016, 1, 0, 0
22801, 117144, 1, 0, 0
22903, 95636, 1, 0, 0
23001, 110758, 1, 0, 0
23102, 123309, 1, 0, 0
23201, 120409, 1, 0, 0
23301, 117759, 1, 0, 0
23401, 126613, 1, 0, 0
23502, 126283, 1, 0, 0
23600, 127083, 1, 0, 0
23703, 124428, 1, 0, 0
23815, 127464, 1, 0, 0
23908, 118870, 1, 0, 0
24003, 124049, 1, 0, 0
24104, 119767, 1, 0, 0
24203, 99575, 1, 0, 0
24302, 96478, 1, 0, 0
24403, 93151, 1, 0, 0
24500, 102399, 1, 0, 0
24602, 119302, 1, 0, 0
24700, 121400, 1, 0, 0
24800, 118081, 1, 0, 0
24906, 93682, 1, 0, 0
25003, 89427, 1, 0, 0
25103, 94641, 1, 0, 0
25205, 127935, 1, 0, 0
25303, 120265, 1, 0, 0
25405, 124714, 1, 0, 0
25502, 110998, 1, 0, 0
25603, 97553, 1, 0, 0
25706, 94454, 1, 0, 0
25800, 122936, 1, 0, 0
25900, 124475, 1, 0, 0
26003, 122210, 1, 0, 0
26100, 120667, 1, 0, 0
26200, 125800, 1, 0, 0
26301, 117525, 1, 0, 0
26400, 122552, 1, 0, 0
26503, 126945, 1, 0, 0
26604, 118221, 1, 0, 0
26701, 115238, 1, 0, 0
26802, 117761, 1, 0, 0
26910, 127390, 1, 0, 0
27006, 127322, 1, 0, 0
27103, 120576, 1, 0, 0
27200, 124708, 1, 0, 0
27305, 125680, 1, 0, 0
27400, 121476, 1, 0, 0
27501, 122365, 1, 0, 0
27602, 123265, 1, 0, 0
27700, 117583, 1, 0, 0
27800, 124794, 1, 0, 0
27905, 117120, 1, 0, 0
28001, 100303, 1, 0, 0
28104, 97721, 1, 0, 0
28201, 96293, 1, 0, 0
28304, 90484, 1, 0, 0
28402, 90111, 1, 0, 0
28504, 87271, 1, 0, 0
28605, 90024, 1, 0, 0
28704, 92145, 1, 0, 0
28801, 105081, 1, 0, 0
28902, 84857, 1, 0, 0
29006, 97541, 1, 0, 0
29106, 110995, 1, 0, 0
29201, 91010, 1, 0, 0
29303, 90567, 1, 0, 0
29401, 88151, 1, 0, 0
29502, 91136, 1, 0, 0
29600, 97615, 1, 0, 0
29706, 92920, 1, 0, 0
29804, 93146, 1, 0, 0
29900, 119612, 1, 0, 0
30005, 128148, 1, 0, 0
30143, 120830, 1, 0, 0
30202, 99621, 1, 0, 0
30300, 87233, 1, 0, 0
30401, 89781, 1, 0, 0
30500, 89223, 1, 0, 0
30601, 91070, 1, 0, 0
30705, 100649, 1, 0, 0
30800, 135112, 1, 0, 0
30907, 125779, 1, 0, 0
31000, 127102, 1, 0, 0
31102, 129489, 1, 0, 0
31203, 92832, 1, 0, 0
31304, 95924, 1, 0, 0
31403, 94261, 1, 0, 0
31501, 102247, 1, 0, 0
31600, 97314, 1, 0, 0
31700, 96943, 1, 0, 0
31804, 95385, 1, 0, 0
31902, 95884, 1, 0, 0
32000, 93703, 1, 0, 0
32105, 92666, 1, 0, 0
32206, 93668, 1, 0, 0
32305, 86006, 1, 0, 0
32402, 96736, 1, 0, 0
32504, 111898, 1, 0, 0
32600, 122634, 1, 0, 0
32700, 135063, 1, 0, 0
32801, 119837, 1, 0, 0
32905, 120719, 1, 0, 0
33002, 119977, 1, 0, 0
33104, 117161, 1, 0, 0
33201, 123144, 1, 0, 0
33300, 123452, 1, 0, 0
33400, 121122, 1, 0, 0
33501, 119635, 1, 0, 0
33600, 120843, 1, 0, 0
33704, 125030, 1, 0, 0
33804, 123021, 1, 0, 0
33901, 121760, 1, 0, 0
34000, 123149, 1, 0, 0
34105, 122433, 1, 0, 0
34200, 126859, 1, 0, 0
34300, 92651, 1, 0, 0
34404, 87729, 1, 0, 0
34503, 117365, 1, 0, 0
34600, 123339, 1, 0, 0
34701, 112152, 1, 0, 0
34802, 120252, 1, 0, 0
34900, 115553, 1, 0, 0
35008, 93887, 1, 0, 0
35102, 84971, 1, 0, 0
35200, 94694, 1, 0, 0
35302, 91038, 1, 0, 0
35404, 94930, 1, 0, 0
35501, 100477, 1, 0, 0
35604, 123000, 1, 0, 0
35705, 118879, 1, 0, 0
35801, 128235, 1, 0, 0
35906, 117853, 1, 0, 0
36001, 121149, 1, 0, 0
36101, 128202, 1, 0, 0
36204, 122225, 1, 0, 0
36300, 123063, 1, 0, 0
36402, 119604, 1, 0, 0
36505, 120990, 1, 0, 0
36601, 118985, 1, 0, 0
36707, 112294, 1, 0, 0
36802, 123793, 1, 0, 0
36901, 122770, 1, 0, 0
37000, 122553, 1, 0, 0
37103, 120665, 1, 0, 0
37204, 110381, 1, 0, 0
37301, 123567, 1, 0, 0
37403, 120731, 1, 0, 0
37505, 127178, 1, 0, 0
37602, 115012, 1, 0, 0
37700, 98217, 1, 0, 0
37804, 89306, 1, 0, 0
37904, 95634, 1, 0, 0
38006, 94142, 1, 0, 0
38103, 98513, 1, 0, 0
38200, 123431, 1, 0, 0
38303, 122053, 1, 0, 0
38405, 126888, 1, 0, 0
38504, 118080, 1, 0, 0
38605, 119034, 1, 0, 0
38703, 120848, 1, 0, 0
38800, 97656, 1, 0, 0
38904, 97370, 1, 0, 0
39001, 111992, 1, 0, 0
39101, 112550, 1, 0, 0
39201, 91061, 1, 0, 0
39300, 98500, 1, 0, 0
39406, 122849, 1, 0, 0
39501, 114195, 1, 0, 0
39601, 125142, 1, 0, 0
39702, 120948, 1, 0, 0
39802, 120229, 1, 0, 0
39901, 119445, 1, 0, 0
40002, 126076, 1, 0, 0
40100, 122057, 1, 0, 0
40202, 114370, 1, 0, 0
40304, 125320, 1, 0, 0
40404, 103352, 1, 0, 0
40500, 100861, 1, 0, 0
40602, 112575, 1, 0, 0
40705, 121683, 1, 0, 0
40800, 124949, 1, 0, 0
40904, 116022, 1, 0, 0
41004, 121906, 1, 0, 0
41105, 118756, 1, 0, 0
41201, 119673, 1, 0, 0
41301, 108889, 1, 0, 0
41402, 104063, 1, 0, 0
41507, 97447, 1, 0, 0
41600, 119727, 1, 0, 0
41703, 102281, 1, 0, 0
41801, 92119, 1, 0, 0
41903, 110988, 1, 0, 0
42004, 106943, 1, 0, 0
42105, 123650, 1, 0, 0
42205, 115653, 1, 0, 0
42303, 123288, 1, 0, 0
42402, 124423, 1, 0, 0
42506, 122397, 1, 0, 0
42604, 116854, 1, 0, 0
42704, 122727, 1, 0, 0
42803, 124494, 1, 0, 0
42902, 124916, 1, 0, 0
43001, 117397, 1, 0, 0
43101, 124466, 1, 0, 0
43204, 117646, 1, 0, 0
43302, 124940, 1, 0, 0
43400, 120072, 1, 0, 0
43500, 128510, 1, 0, 0
43601, 122479, 1, 0, 0
43701, 120402, 1, 0, 0
43807, 132796, 1, 0, 0
43902, 119963, 1, 0, 0
44001, 122198, 1, 0, 0
44104, 119721, 1, 0, 0
44206, 118472, 1, 0, 0
44300, 94702, 1, 0, 0
44400, 119555, 1, 0, 0
44505, 106391, 1, 0, 0
44600, 111588, 1, 0, 0
44700, 123889, 1, 0, 0
44800, 122914, 1, 0, 0
44904, 126162, 1, 0, 0
45001, 122907, 1, 0, 0
45106, 126043, 1, 0, 0
45211, 114735, 1, 0, 0
45306, 120472, 1, 0, 0
45402, 119819, 1, 0, 0
45503, 118453, 1, 0, 0
45600, 128273, 1, 0, 0
45700, 122245, 1, 0, 0
45801, 116332, 1, 0, 0
45906, 123987, 1, 0, 0
46004, 122305, 1, 0, 0
46100, 125608, 1, 0, 0
46205, 126361, 1, 0, 0
46301, 115120, 1, 0, 0
46408, 112892, 1, 0, 0
46502, 95455, 1, 0, 0
46604, 118620, 1, 0, 0
46705, 124078, 1, 0, 0
46806, 114680, 1, 0, 0
46901, 126243, 1, 0, 0
47003, 125411, 1, 0, 0
47100, 128843, 1, 0, 0
47202, 98159, 1, 0, 0
47313, 113725, 1, 0, 0
47404, 119801, 1, 0, 0
47503, 117677, 1, 0, 0
47601, 120330, 1, 0, 0
47706, 127694, 1, 0, 0
47806, 113934, 1, 0, 0
47903, 102982, 1, 0, 0
48000, 98977, 1, 0, 0
48100, 122370, 1, 0, 0
48204, 127005, 1, 0, 0
48300, 121260, 1, 0, 0
48407, 122246, 1, 0, 0
48501, 122631, 1, 0, 0
48601, 115855, 1, 0, 0
48704, 114301, 1, 0, 0
48801, 121031, 1, 0, 0
48905, 123765, 1, 0, 0
49001, 127606, 1, 0, 0
49103, 112135, 1, 0, 0
49205, 122032, 1, 0, 0
49325, 125662, 1, 0, 0
49401, 119797, 1, 0, 0
49502, 125163, 1, 0, 0
49605, 122146, 1, 0, 0
49705, 114452, 1, 0, 0
49803, 123435, 1, 0, 0
49902, 114717, 1, 0, 0
50006, 106399, 1, 0, 0
50104, 97880, 1, 0, 0
50200, 87728, 1, 0, 0
50302, 90770, 1, 0, 0
50415, 83875, 1, 0, 0
50515, 105924, 1, 0, 0
50606, 121145, 1, 0, 0
50700, 115040, 1, 0, 0
50802, 116747, 1, 0, 0
50900, 122620, 1, 0, 0
51002, 120282, 1, 0, 0
51108, 118276, 1, 0, 0
51202, 120383, 1, 0, 0
51313, 114128, 1, 0, 0
51406, 121034, 1, 0, 0
51548, 124468, 1, 0, 0
51600, 124143, 1, 0, 0
51700, 121740, 1, 0, 0
51803, 122859, 1, 0, 0
51904, 116782, 1, 0, 0
52002, 115897, 1, 0, 0
52105, 105004, 1, 0, 0
52226, 89960, 1, 0, 0
52302, 90861, 1, 0, 0
52460, 87618, 1, 0, 0
52502, 93114, 1, 0, 0
52601, 90399, 1, 0, 0
52703, 86949, 1, 0, 0
52802, 89679, 1, 0, 0
52900, 92587, 1, 0, 0
53039, 95356, 1, 0, 0
53105, 87519, 1, 0, 0
53207, 88783, 1, 0, 0
53301, 84303, 1, 0, 0
53408, 86677, 1, 0, 0
53527, 91803, 1, 0, 0
53635, 95022, 1, 0, 0
53701, 92892, 1, 0, 0
53802, 93168, 1, 0, 0
53905, 122249, 1, 0, 0
54000, 120600, 1, 0, 0
54100, 125795, 1, 0, 0
54210, 123932, 1, 0, 0
54353, 117701, 1, 0, 0
54401, 124198, 1, 0, 0
54503, 115319, 1, 0, 0
54644, 123695, 1, 0, 0
54702, 139139, 1, 0, 0
54800, 118475, 1, 0, 0
54900, 118822, 1, 0, 0
55002, 115747, 1, 0, 0
55162, 94630, 1, 0, 0
55202, 116772, 1, 0, 0
55302, 133170, 1, 0, 0
55424, 123004, 1, 0, 0
55546, 120912, 1, 0, 0
55603, 121398, 1, 0, 0
55817, 122356, 1, 0, 0
55901, 96476, 1, 0, 0
56000, 117056, 1, 0, 0
56100, 120770, 1, 0, 0
56227, 124833, 1, 0, 0
56315, 118203, 1, 0, 0
56400, 115701, 1, 0, 0
56503, 119701, 1, 0, 0
56620, 129007, 1, 0, 0
56774, 114586, 1, 0, 0
56804, 114688, 1, 0, 0
56903, 124182, 1, 0, 0
57000, 117878, 1, 0, 0
57100, 123126, 1, 0, 0
57203, 117861, 1, 0, 0
57300, 116488, 1, 0, 0
57406, 121349, 1, 0, 0
57606, 124194, 1, 0, 0
57705, 118827, 1, 0, 0
57852, 117206, 1, 0, 0
57966, 132490, 1, 0, 0
58005, 122009, 1, 0, 0
58100, 106865, 1, 0, 0
58200, 107215, 1, 0, 0
58365, 115652, 1, 0, 0
58412, 116229, 1, 0, 0
58500, 125560, 1, 0, 0
58600, 119938, 1, 0, 0
58748, 128427, 1, 0, 0
58801, 123276, 1, 0, 0
58922, 118123, 1, 0, 0
59043, 131572, 1, 0, 0
59104, 113038, 1, 0, 0
59204, 117418, 1, 0, 0
59305, 119583, 1, 0, 0
59426, 120901, 1, 0, 0
59500, 124311, 1, 0, 0
59603, 120339, 1, 0, 0
59727, 117512, 1, 0, 0
59800, 112289, 1, 0, 0
59900, 114283, 1, 0, 0
60005, 88878, 1, 0, 0
60117, 93496, 1, 0, 0
60202, 91170, 1, 0, 0
60300, 113987, 1, 0, 0
60401, 115082, 1, 0, 0
60501, 123803, 1, 0, 0
60604, 116693, 1, 0, 0
60700, 112471, 1, 0, 0
60841, 123720, 1, 0, 0
60903, 115209, 1, 0, 0
61036, 120933, 1, 0, 0
61149, 120634, 1, 0, 0
61200, 116450, 1, 0, 0
61300, 116860, 1, 0, 0
61404, 118251, 1, 0, 0
61524, 113174, 1, 0, 0
61610, 114500, 1, 0, 0
61704, 122674, 1, 0, 0
61804, 128288, 1, 0, 0
61900, 121267, 1, 0, 0
62004, 119044, 1, 0, 0
62100, 122806, 1, 0, 0
62205, 95588, 1, 0, 0
62306, 107027, 1, 0, 0
62402, 94344, 1, 0, 0
62514, 102168, 1, 0, 0
62602, 124235, 1, 0, 0
62705, 115373, 1, 0, 0
62818, 125096, 1, 0, 0
62910, 119764, 1, 0, 0
63005, 121994, 1, 0, 0
63122, 117468, 1, 0, 0
63209, 116882, 1, 0, 0
63309, 112611, 1, 0, 0
63400, 120973, 1, 0, 0
63500, 121646, 1, 0, 0
63600, 123565, 1, 0, 0
63700, 118458, 1, 0, 0
63800, 115753, 1, 0, 0
63903, 118606, 1, 0, 0
64005, 112305, 1, 0, 0
64123, 118155, 1, 0, 0
64201, 123070, 1, 0, 0
64300, 125255, 1, 0, 0
64402, 118943, 1, 0, 0
64504, 123002, 1, 0, 0
64601, 123656, 1, 0, 0
64702, 118825, 1, 0, 0
64801, 92011, 1, 0, 0
64900, 113257, 1, 0, 0
65000, 95446, 1, 0, 0
65103, 130807, 1, 0, 0
65200, 114625, 1, 0, 0
65303, 121157, 1, 0, 0
65403, 119579, 1, 0, 0
65506, 103048, 1, 0, 0
65602, 91593, 1, 0, 0
65704, 90706, 1, 0, 0
65801, 109827, 1, 0, 0
65906, 90196, 1, 0, 0
66005, 87323, 1, 0, 0
66100, 108511, 1, 0, 0
66210, 106203, 1, 0, 0
66302, 120004, 1, 0, 0
66403, 110443, 1, 0, 0
66503, 97927, 1, 0, 0
66622, 119413, 1, 0, 0
66700, 118438, 1, 0, 0
66808, 119559, 1, 0, 0
66919, 87282, 1, 0, 0
67001, 104911, 1, 0, 0
67107, 108632, 1, 0, 0
67202, 122342, 1, 0, 0
67313, 126855, 1, 0, 0
67401, 119315, 1, 0, 0
67501, 115822, 1, 0, 0
67611, 115056, 1, 0, 0
67705, 125615, 1, 0, 0
67804, 95770, 1, 0, 0
67900, 107995, 1, 0, 0
68025, 95763, 1, 0, 0
68104, 95799, 1, 0, 0
68212, 87710, 1, 0, 0
68301, 96019, 1, 0, 0
68401, 89314, 1, 0, 0
68502, 94627, 1, 0, 0
68600, 119340, 1, 0, 0
68703, 119365, 1, 0, 0
68802, 109032, 1, 0, 0
68907, 125438, 1, 0, 0
69008, 129147, 1, 0, 0
69102, 119872, 1, 0, 0
69205, 117565, 1, 0, 0
69300, 96720, 1, 0, 0
69400, 94191, 1, 0, 0
69502, 93838, 1, 0, 0
69600, 96692, 1, 0, 0
69701, 101863, 1, 0, 0
69805, 95182, 1, 0, 0
69900, 89299, 1, 0, 0
70004, 119748, 1, 0, 0
70100, 113784, 1, 0, 0
70204, 118241, 1, 0, 0
70300, 111768, 1, 0, 0
70402, 106078, 1, 0, 0
70502, 99231, 1, 0, 0
70604, 130005, 1, 0, 0
70700, 108181, 1, 0, 0
70801, 94536, 1, 0, 0
70901, 99915, 1, 0, 0
71004, 111834, 1, 0, 0
71105, 120149, 1, 0, 0
71204, 111771, 1, 0, 0
71306, 87345, 1, 0, 0
71406, 93059, 1, 0, 0
71503, 102170, 1, 0, 0
71603, 91937, 1, 0, 0
71703, 109722, 1, 0, 0
71806, 123739, 1, 0, 0
71900, 124321, 1, 0, 0
72000, 112355, 1, 0, 0
72100, 101629, 1, 0, 0
72201, 90255, 1, 0, 0
72300, 102750, 1, 0, 0
72400, 117772, 1, 0, 0
72500, 121597, 1, 0, 0
72603, 125267, 1, 0, 0
72702, 107630, 1, 0, 0
72802, 118453, 1, 0, 0
72902, 97658, 1, 0, 0
73000, 95572, 1, 0, 0
73100, 98948, 1, 0, 0
73204, 110109, 1, 0, 0
73301, 103469, 1, 0, 0
73402, 90354, 1, 0, 0
73500, 92171, 1, 0, 0
73605, 89093, 1, 0, 0
73700, 88677, 1, 0, 0
73800, 97691, 1, 0, 0
73906, 100974, 1, 0, 0
74001, 90343, 1, 0, 0
74100, 95756, 1, 0, 0
74202, 96226, 1, 0, 0
74310, 95892, 1, 0, 0
74402, 89556, 1, 0, 0
74504, 111700, 1, 0, 0
74605, 92489, 1, 0, 0
74702, 90757, 1, 0, 0
74805, 91620, 1, 0, 0
74904, 84140, 1, 0, 0
75001, 92479, 1, 0, 0
75100, 125313, 1, 0, 0
75200, 123593, 1, 0, 0
75308, 124464, 1, 0, 0
75401, 117108, 1, 0, 0
75502, 120903, 1, 0, 0
75602, 125428, 1, 0, 0
75708, 121179, 1, 0, 0
75802, 118708, 1, 0, 0
75902, 128343, 1, 0, 0
76003, 119994, 1, 0, 0
76101, 116379, 1, 0, 0
76202, 112807, 1, 0, 0
76303, 119505, 1, 0, 0
76401, 91331, 1, 0, 0
76503, 121571, 1, 0, 0
76600, 120474, 1, 0, 0
76701, 115601, 1, 0, 0
76801, 98718, 1, 0, 0
76904, 125775, 1, 0, 0
77000, 104831, 1, 0, 0
77101, 120918, 1, 0, 0
77205, 123686, 1, 0, 0
77310, 123989, 1, 0, 0
77402, 122706, 1, 0, 0
77503, 117074, 1, 0, 0
77603, 121674, 1, 0, 0
77707, 126606, 1, 0, 0
77803, 130359, 1, 0, 0
77900, 119673, 1, 0, 0
78000, 125403, 1, 0, 0
78104, 121672, 1, 0, 0
78201, 120722, 1, 0, 0
78300, 123050, 1, 0, 0
78403, 93671, 1, 0, 0
78501, 99789, 1, 0, 0
78606, 93653, 1, 0, 0
78707, 88162, 1, 0, 0
78802, 96609, 1, 0, 0
78901, 96331, 1, 0, 0
79003, 95124, 1, 0, 0
79100, 95251, 1, 0, 0
79201, 124430, 1, 0, 0
79301, 129261, 1, 0, 0
79404, 123534, 1, 0, 0
79503, 125467, 1, 0, 0
79600, 117318, 1, 0, 0
79701, 129688, 1, 0, 0
79803, 112245, 1, 0, 0
79902, 125870, 1, 0, 0
80002, 123038, 1, 0, 0
80100, 130515, 1, 0, 0
80204, 128478, 1, 0, 0
80306, 119883, 1, 0, 0
80406, 103764, 1, 0, 0
80505, 94028, 1, 0, 0
80604, 90405, 1, 0, 0
80702, 111304, 1, 0, 0
80800, 124106, 1, 0, 0
80905, 119034, 1, 0, 0
81000, 127990, 1, 0, 0
81100, 116539, 1, 0, 0
81201, 120696, 1, 0, 0
81300, 127029, 1, 0, 0
81405, 113866, 1, 0, 0
81502, 116300, 1, 0, 0
81605, 123468, 1, 0, 0
81700, 122339, 1, 0, 0
81802, 99560, 1, 0, 0
81901, 97515, 1, 0, 0
82001, 97113, 1, 0, 0
82106, 123150, 1, 0, 0
82205, 123663, 1, 0, 0
82302, 126281, 1, 0, 0
82400, 125941, 1, 0, 0
82510, 115320, 1, 0, 0
82602, 114278, 1, 0, 0
82701, 125902, 1, 0, 0
82801, 125824, 1, 0, 0
82901, 121453, 1, 0, 0
83000, 125942, 1, 0, 0
83101, 103919, 1, 0, 0
83201, 87955, 1, 0, 0
83304, 104904, 1, 0, 0
83409, 104262, 1, 0, 0
83500, 88829, 1, 0, 0
83603, 93659, 1, 0, 0
83703, 90755, 1, 0, 0
83803, 95411, 1, 0, 0
83901, 101265, 1, 0, 0
84001, 89304, 1, 0, 0
84103, 95919, 1, 0, 0
84202, 88118, 1, 0, 0
84300, 93233, 1, 0, 0
84402, 111932, 1, 0, 0
84501, 122718, 1, 0, 0
84603, 93715, 1, 0, 0
84700, 96996, 1, 0, 0
84800, 99385, 1, 0, 0
84903, 100746, 1, 0, 0
85003, 92683, 1, 0, 0
85104, 92592, 1, 0, 0
85202, 93161, 1, 0, 0
85307, 89071, 1, 0, 0
85402, 124863, 1, 0, 0
85505, 126707, 1, 0, 0
85604, 123740, 1, 0, 0
85706, 124123, 1, 0, 0
85800, 123324, 1, 0, 0
85902, 125956, 1, 0, 0
86004, 129516, 1, 0, 0
86102, 125200, 1, 0, 0
86203, 102798, 1, 0, 0
86300, 123100, 1, 0, 0
86400, 125837, 1, 0, 0
86500, 116963, 1, 0, 0
86602, 123235, 1, 0, 0
86702, 122972, 1, 0, 0
86802, 119683, 1, 0, 0
86902, 132771, 1, 0, 0
87002, 132657, 1, 0, 0
87103, 126795, 1, 0, 0
87206, 110388, 1, 0, 0
87303, 99398, 1, 0, 0
87403, 112595, 1, 0, 0
87531, 107953, 1, 0, 0
87600, 119614, 1, 0, 0
87702, 100222, 1, 0, 0
87802, 92041, 1, 0, 0
87901, 116865, 1, 0, 0
88005, 114078, 1, 0, 0
88100, 128460, 1, 0, 0
88203, 123049, 1, 0, 0
88300, 122948, 1, 0, 0
88400, 119237, 1, 0, 0
88507, 116678, 1, 0, 0
88607, 119501, 1, 0, 0
88702, 117281, 1, 0, 0
88874, 119491, 1, 0, 0
88900, 117562, 1, 0, 0
89005, 117203, 1, 0, 0
89100, 114613, 1, 0, 0
89200, 119912, 1, 0, 0
89304, 122052, 1, 0, 0
89401, 127962, 1, 0, 0
89500, 112472, 1, 0, 0
89604, 97149, 1, 0, 0
89700, 95990, 1, 0, 0
89804, 88108, 1, 0, 0
89901, 96675, 1, 0, 0
90004, 96351, 1, 0, 0
