250, 211968, 0, 0, 0
350, 168960, 0, 0, 0
450, 194560, 0, 0, 0
550, 222720, 0, 0, 0
650, 284160, 0, 0, 0
749, 362020, 0, 0, 0
849, 360960, 0, 0, 0
949, 276480, 0, 0, 0
1049, 250880, 0, 0, 0
1149, 289280, 0, 0, 0
1249, 325120, 0, 0, 0
1349, 197120, 0, 0, 0
1449, 335360, 0, 0, 0
1549, 268800, 0, 0, 0
1649, 207360, 0, 0, 0
1750, 220160, 0, 0, 0
1850, 291840, 0, 0, 0
1950, 289280, 0, 0, 0
2050, 273920, 0, 0, 0
2150, 348160, 0, 0, 0
2249, 268929, 0, 0, 0
2349, 291840, 0, 0, 0
2449, 158720, 0, 0, 0
2549, 232960, 0, 0, 0
2649, 253440, 0, 0, 0
2749, 279040, 0, 0, 0
2849, 245760, 0, 0, 0
2949, 243200, 0, 0, 0
3050, 230400, 0, 0, 0
3150, 243200, 0, 0, 0
3249, 199111, 0, 0, 0
3349, 230400, 0, 0, 0
3449, 281600, 0, 0, 0
3549, 225280, 0, 0, 0
3649, 335360, 0, 0, 0
3749, 263680, 0, 0, 0
3849, 263680, 0, 0, 0
3949, 291840, 0, 0, 0
4049, 186880, 0, 0, 0
4149, 240640, 0, 0, 0
4249, 128000, 0, 0, 0
4350, 200237, 0, 0, 0
4450, 409600, 0, 0, 0
4550, 212480, 0, 0, 0
4650, 212480, 0, 0, 0
4750, 235313, 0, 0, 0
4850, 332800, 0, 0, 0
4950, 289280, 0, 0, 0
5050, 266240, 0, 0, 0
5150, 263680, 0, 0, 0
5249, 266343, 0, 0, 0
5349, 209920, 0, 0, 0
5449, 258560, 0, 0, 0
5549, 248320, 0, 0, 0
5649, 217600, 0, 0, 0
5749, 202240, 0, 0, 0
5849, 276480, 0, 0, 0
5949, 186880, 0, 0, 0
6049, 250880, 0, 0, 0
6149, 253440, 0, 0, 0
6249, 212480, 0, 0, 0
6349, 273920, 0, 0, 0
6450, 437760, 0, 0, 0
6550, 276480, 0, 0, 0
6650, 253440, 0, 0, 0
6749, 395636, 0, 0, 0
6849, 238080, 0, 0, 0
6949, 332800, 0, 0, 0
7049, 235520, 0, 0, 0
7149, 256000, 0, 0, 0
7249, 243200, 0, 0, 0
7349, 181760, 0, 0, 0
7449, 263680, 0, 0, 0
7549, 327680, 0, 0, 0
7649, 335360, 0, 0, 0
7749, 340480, 0, 0, 0
7849, 304640, 0, 0, 0
7949, 222720, 0, 0, 0
8050, 371200, 0, 0, 0
8150, 268800, 0, 0, 0
8249, 271515, 0, 0, 0
8349, 212480, 0, 0, 0
8449, 284160, 0, 0, 0
8549, 281600, 0, 0, 0
8649, 225280, 0, 0, 0
8749, 281600, 0, 0, 0
8849, 235520, 0, 0, 0
8949, 256000, 0, 0, 0
9049, 307200, 0, 0, 0
9149, 220160, 0, 0, 0
9249, 158720, 0, 0, 0
9349, 215040, 0, 0, 0
9449, 235520, 0, 0, 0
9549, 256000, 0, 0, 0
9649, 271360, 0, 0, 0
9750, 276480, 0, 0, 0
9850, 330240, 0, 0, 0
9950, 235520, 0, 0, 0
10050, 256000, 0, 0, 0
10150, 215040, 0, 0, 0
10249, 307717, 0, 0, 0
10349, 281600, 0, 0, 0
10449, 133120, 0, 0, 0
10549, 204800, 0, 0, 0
10649, 240640, 0, 0, 0
10749, 189440, 0, 0, 0
10849, 227840, 0, 0, 0
10949, 215040, 0, 0, 0
11049, 250880, 0, 0, 0
11149, 199680, 0, 0, 0
11249, 238080, 0, 0, 0
11350, 168960, 0, 0, 0
11450, 232960, 0, 0, 0
11550, 204800, 0, 0, 0
11650, 363520, 0, 0, 0
11749, 168080, 0, 0, 0
11849, 227840, 0, 0, 0
11949, 192000, 0, 0, 0
12049, 291840, 0, 0, 0
12149, 245760, 0, 0, 0
12249, 194560, 0, 0, 0
12349, 225280, 0, 0, 0
12449, 199680, 0, 0, 0
12549, 261120, 0, 0, 0
12649, 179200, 0, 0, 0
12749, 263680, 0, 0, 0
12849, 230400, 0, 0, 0
12950, 174080, 0, 0, 0
13050, 209920, 0, 0, 0
13150, 192000, 0, 0, 0
13249, 328404, 0, 0, 0
13349, 212480, 0, 0, 0
13449, 163840, 0, 0, 0
13549, 232960, 0, 0, 0
13649, 289280, 0, 0, 0
13749, 250880, 0, 0, 0
13849, 299520, 0, 0, 0
13949, 227840, 0, 0, 0
14049, 168960, 0, 0, 0
14149, 263680, 0, 0, 0
14249, 204800, 0, 0, 0
14349, 312320, 0, 0, 0
14449, 261120, 0, 0, 0
14550, 312320, 0, 0, 0
14650, 358400, 0, 0, 0
14749, 224969, 0, 0, 0
14849, 194560, 0, 0, 0
14949, 197120, 0, 0, 0
15049, 232960, 0, 0, 0
15149, 212480, 0, 0, 0
15249, 302080, 0, 0, 0
15349, 243200, 0, 0, 0
15449, 266240, 0, 0, 0
15549, 407040, 0, 0, 0
15649, 250880, 0, 0, 0
15749, 281600, 0, 0, 0
15849, 238080, 0, 0, 0
15949, 294400, 0, 0, 0
16049, 330240, 0, 0, 0
16149, 197120, 0, 0, 0
16250, 253440, 0, 0, 0
16350, 189440, 0, 0, 0
16450, 353280, 0, 0, 0
16550, 248320, 0, 0, 0
16650, 158720, 0, 0, 0
16749, 266343, 0, 0, 0
16849, 430080, 0, 0, 0
16949, 212480, 0, 0, 0
17049, 371200, 0, 0, 0
17149, 248320, 0, 0, 0
17249, 202240, 0, 0, 0
17349, 232960, 0, 0, 0
17449, 153600, 0, 0, 0
17549, 253440, 0, 0, 0
17649, 220160, 0, 0, 0
17749, 202240, 0, 0, 0
17849, 417280, 0, 0, 0
17949, 373760, 0, 0, 0
18050, 181760, 0, 0, 0
18150, 284160, 0, 0, 0
18249, 325818, 0, 0, 0
18349, 238080, 0, 0, 0
18449, 220160, 0, 0, 0
18549, 215040, 0, 0, 0
18649, 202240, 0, 0, 0
18749, 189440, 0, 0, 0
18849, 225280, 0, 0, 0
18949, 253440, 0, 0, 0
19049, 391680, 0, 0, 0
19149, 327680, 0, 0, 0
19249, 215040, 0, 0, 0
19349, 256000, 0, 0, 0
19449, 320000, 0, 0, 0
19549, 230400, 0, 0, 0
19649, 217600, 0, 0, 0
19750, 202240, 0, 0, 0
19850, 163840, 0, 0, 0
19950, 271360, 0, 0, 0
20050, 401920, 0, 0, 0
20150, 299520, 0, 0, 0
20249, 183595, 0, 0, 0
20349, 194560, 0, 0, 0
20449, 240640, 0, 0, 0
20549, 294400, 0, 0, 0
20649, 256000, 0, 0, 0
20749, 289280, 0, 0, 0
20849, 153600, 0, 0, 0
20949, 355840, 0, 0, 0
21049, 232960, 0, 0, 0
21149, 281600, 0, 0, 0
21249, 363520, 0, 0, 0
21349, 276480, 0, 0, 0
21449, 250880, 0, 0, 0
21550, 232960, 0, 0, 0
21650, 309760, 0, 0, 0
21749, 160323, 0, 0, 0
21849, 243200, 0, 0, 0
21949, 258560, 0, 0, 0
22049, 322560, 0, 0, 0
22149, 263680, 0, 0, 0
22249, 186880, 0, 0, 0
22349, 263680, 0, 0, 0
22449, 256000, 0, 0, 0
22549, 286720, 0, 0, 0
22649, 307200, 0, 0, 0
22749, 368640, 0, 0, 0
22849, 181760, 0, 0, 0
22949, 286720, 0, 0, 0
23049, 350720, 0, 0, 0
23149, 363520, 0, 0, 0
23250, 291840, 0, 0, 0
23350, 320000, 0, 0, 0
23450, 314880, 0, 0, 0
23550, 220160, 0, 0, 0
23650, 322560, 0, 0, 0
23749, 240484, 0, 0, 0
23849, 256000, 0, 0, 0
23949, 184320, 0, 0, 0
24049, 299520, 0, 0, 0
24149, 250880, 0, 0, 0
24249, 250880, 0, 0, 0
24349, 276480, 0, 0, 0
24449, 284160, 0, 0, 0
24549, 202240, 0, 0, 0
24649, 291840, 0, 0, 0
24750, 258560, 0, 0, 0
24850, 279040, 0, 0, 0
24950, 204800, 0, 0, 0
25050, 235520, 0, 0, 0
25150, 345600, 0, 0, 0
25249, 302545, 0, 0, 0
25349, 263680, 0, 0, 0
25449, 253440, 0, 0, 0
25549, 171520, 0, 0, 0
25649, 273920, 0, 0, 0
25749, 289280, 0, 0, 0
25849, 266240, 0, 0, 0
25949, 253440, 0, 0, 0
26049, 258560, 0, 0, 0
26149, 268800, 0, 0, 0
26249, 286720, 0, 0, 0
26349, 181760, 0, 0, 0
26449, 340480, 0, 0, 0
26550, 248320, 0, 0, 0
26650, 309760, 0, 0, 0
26749, 302545, 0, 0, 0
26849, 217600, 0, 0, 0
26949, 325120, 0, 0, 0
27049, 281600, 0, 0, 0
27149, 271360, 0, 0, 0
27249, 258560, 0, 0, 0
27349, 273920, 0, 0, 0
27449, 261120, 0, 0, 0
27549, 215040, 0, 0, 0
27649, 250880, 0, 0, 0
27749, 314880, 0, 0, 0
27849, 276480, 0, 0, 0
27949, 314880, 0, 0, 0
28050, 307200, 0, 0, 0
28150, 320000, 0, 0, 0
28249, 261171, 0, 0, 0
28349, 235520, 0, 0, 0
28449, 302080, 0, 0, 0
28549, 317440, 0, 0, 0
28649, 217600, 0, 0, 0
28749, 202240, 0, 0, 0
28849, 238080, 0, 0, 0
28949, 350720, 0, 0, 0
29049, 258560, 0, 0, 0
29149, 353280, 0, 0, 0
29249, 230400, 0, 0, 0
29349, 299520, 0, 0, 0
29450, 345600, 0, 0, 0
29550, 235520, 0, 0, 0
29650, 271360, 0, 0, 0
29749, 351676, 0, 0, 0
29849, 215040, 0, 0, 0
29949, 371200, 0, 0, 0
30049, 360960, 0, 0, 0
30149, 322560, 0, 0, 0
30249, 284160, 0, 0, 0
30349, 261120, 0, 0, 0
30449, 258560, 0, 0, 0
30549, 235520, 0, 0, 0
30649, 391680, 0, 0, 0
30749, 289280, 0, 0, 0
30849, 309760, 0, 0, 0
30949, 299520, 0, 0, 0
31050, 422400, 0, 0, 0
31150, 343040, 0, 0, 0
31249, 289616, 0, 0, 0
31349, 240640, 0, 0, 0
31449, 258560, 0, 0, 0
31549, 360960, 0, 0, 0
31649, 309760, 0, 0, 0
31749, 217600, 0, 0, 0
31849, 314880, 0, 0, 0
31949, 296960, 0, 0, 0
32049, 309760, 0, 0, 0
32149, 212480, 0, 0, 0
32249, 207360, 0, 0, 0
32349, 299520, 0, 0, 0
32449, 230400, 0, 0, 0
32550, 327680, 0, 0, 0
32650, 250880, 0, 0, 0
32749, 307717, 0, 0, 0
32849, 322560, 0, 0, 0
32949, 235520, 0, 0, 0
33049, 151040, 0, 0, 0
33149, 289280, 0, 0, 0
33249, 235520, 0, 0, 0
33349, 299520, 0, 0, 0
33449, 184320, 0, 0, 0
33549, 235520, 0, 0, 0
33649, 284160, 0, 0, 0
33749, 204800, 0, 0, 0
33849, 273920, 0, 0, 0
33949, 189440, 0, 0, 0
34049, 320000, 0, 0, 0
34149, 340480, 0, 0, 0
34249, 330240, 0, 0, 0
34349, 302080, 0, 0, 0
34450, 258560, 0, 0, 0
34550, 256000, 0, 0, 0
34650, 199680, 0, 0, 0
34749, 219797, 0, 0, 0
34849, 286720, 0, 0, 0
34949, 294400, 0, 0, 0
35049, 384000, 0, 0, 0
35149, 153600, 0, 0, 0
35249, 266240, 0, 0, 0
35349, 232960, 0, 0, 0
35449, 235520, 0, 0, 0
35549, 279040, 0, 0, 0
35649, 261120, 0, 0, 0
35749, 291840, 0, 0, 0
35849, 355840, 0, 0, 0
35950, 194560, 0, 0, 0
36050, 258560, 0, 0, 0
36150, 243200, 0, 0, 0
36249, 250828, 0, 0, 0
36349, 289280, 0, 0, 0
36449, 263680, 0, 0, 0
36549, 261120, 0, 0, 0
36649, 258560, 0, 0, 0
36749, 197120, 0, 0, 0
36849, 215040, 0, 0, 0
36949, 207360, 0, 0, 0
37049, 355840, 0, 0, 0
37149, 240640, 0, 0, 0
37249, 299520, 0, 0, 0
37349, 184320, 0, 0, 0
37450, 279040, 0, 0, 0
37550, 360960, 0, 0, 0
37650, 322560, 0, 0, 0
37749, 266343, 0, 0, 0
37849, 248320, 0, 0, 0
37949, 373760, 0, 0, 0
38049, 230400, 0, 0, 0
38149, 368640, 0, 0, 0
38249, 245760, 0, 0, 0
38349, 87040, 0, 0, 0
38449, 209920, 0, 0, 0
38549, 130560, 0, 0, 0
38649, 179200, 0, 0, 0
38749, 427520, 0, 0, 0
38849, 192000, 0, 0, 0
38949, 263680, 0, 0, 0
39050, 250880, 0, 0, 0
39150, 381440, 0, 0, 0
39249, 201696, 0, 0, 0
39349, 261120, 0, 0, 0
39449, 253440, 0, 0, 0
39549, 273920, 0, 0, 0
39649, 207360, 0, 0, 0
39749, 286720, 0, 0, 0
39849, 222720, 0, 0, 0
39949, 156160, 0, 0, 0
40049, 222720, 0, 0, 0
40149, 250880, 0, 0, 0
40249, 235520, 0, 0, 0
40349, 276480, 0, 0, 0
40449, 215040, 0, 0, 0
40549, 184320, 0, 0, 0
40649, 350720, 0, 0, 0
40750, 220160, 0, 0, 0
40850, 227840, 0, 0, 0
40950, 284160, 0, 0, 0
41050, 271360, 0, 0, 0
41150, 230400, 0, 0, 0
41249, 302545, 0, 0, 0
41349, 199680, 0, 0, 0
41449, 256000, 0, 0, 0
41549, 317440, 0, 0, 0
41649, 204800, 0, 0, 0
41749, 230400, 0, 0, 0
41849, 176640, 0, 0, 0
41949, 245760, 0, 0, 0
42049, 245760, 0, 0, 0
42149, 296960, 0, 0, 0
42249, 332800, 0, 0, 0
42349, 176640, 0, 0, 0
42450, 271360, 0, 0, 0
42550, 192000, 0, 0, 0
42650, 197120, 0, 0, 0
42749, 217212, 0, 0, 0
42849, 286720, 0, 0, 0
42949, 399360, 0, 0, 0
43049, 217600, 0, 0, 0
43149, 240640, 0, 0, 0
43249, 192000, 0, 0, 0
43349, 245760, 0, 0, 0
43449, 263680, 0, 0, 0
43549, 204800, 0, 0, 0
43649, 204800, 0, 0, 0
43749, 304640, 0, 0, 0
43849, 281600, 0, 0, 0
43949, 192000, 0, 0, 0
44050, 294400, 0, 0, 0
44150, 304640, 0, 0, 0
44249, 196525, 0, 0, 0
44349, 181760, 0, 0, 0
44449, 314880, 0, 0, 0
44549, 166400, 0, 0, 0
44649, 381440, 0, 0, 0
44749, 271360, 0, 0, 0
44849, 122880, 0, 0, 0
44949, 227840, 0, 0, 0
45049, 253440, 0, 0, 0
45149, 240640, 0, 0, 0
45249, 227840, 0, 0, 0
45349, 148480, 0, 0, 0
45449, 263680, 0, 0, 0
45549, 235520, 0, 0, 0
45649, 181760, 0, 0, 0
45750, 240640, 0, 0, 0
45850, 263680, 0, 0, 0
45950, 168960, 0, 0, 0
46050, 181760, 0, 0, 0
46150, 430080, 0, 0, 0
46249, 222383, 0, 0, 0
46349, 133120, 0, 0, 0
46449, 256000, 0, 0, 0
46549, 250880, 0, 0, 0
46649, 189440, 0, 0, 0
46749, 250880, 0, 0, 0
46849, 322560, 0, 0, 0
46949, 281600, 0, 0, 0
47049, 396800, 0, 0, 0
47149, 230400, 0, 0, 0
47250, 110080, 0, 0, 0
47350, 217600, 0, 0, 0
47450, 243200, 0, 0, 0
47550, 186880, 0, 0, 0
47650, 253440, 0, 0, 0
47749, 297373, 0, 0, 0
47849, 225280, 0, 0, 0
47949, 248320, 0, 0, 0
48049, 389120, 0, 0, 0
48149, 204800, 0, 0, 0
48249, 222720, 0, 0, 0
48349, 348160, 0, 0, 0
48449, 353280, 0, 0, 0
48549, 286720, 0, 0, 0
48649, 360960, 0, 0, 0
48750, 253440, 0, 0, 0
48850, 225280, 0, 0, 0
48950, 202240, 0, 0, 0
49050, 256000, 0, 0, 0
49150, 307200, 0, 0, 0
49249, 351676, 0, 0, 0
49349, 299520, 0, 0, 0
49449, 235520, 0, 0, 0
49549, 212480, 0, 0, 0
49649, 337920, 0, 0, 0
49749, 230400, 0, 0, 0
49849, 332800, 0, 0, 0
49949, 217600, 0, 0, 0
50049, 248320, 0, 0, 0
50149, 302080, 0, 0, 0
50249, 284160, 0, 0, 0
50349, 304640, 0, 0, 0
50450, 207360, 0, 0, 0
50550, 204800, 0, 0, 0
50650, 174080, 0, 0, 0
50749, 320646, 0, 0, 0
50849, 286720, 0, 0, 0
50949, 161280, 0, 0, 0
51049, 209920, 0, 0, 0
51149, 194560, 0, 0, 0
51249, 171520, 0, 0, 0
51349, 189440, 0, 0, 0
51449, 424960, 0, 0, 0
51549, 350720, 0, 0, 0
51649, 302080, 0, 0, 0
51749, 186880, 0, 0, 0
51849, 350720, 0, 0, 0
51949, 332800, 0, 0, 0
52050, 294400, 0, 0, 0
52150, 235520, 0, 0, 0
52249, 253414, 0, 0, 0
52349, 337920, 0, 0, 0
52449, 371200, 0, 0, 0
52549, 232960, 0, 0, 0
52649, 273920, 0, 0, 0
52749, 258560, 0, 0, 0
52849, 212480, 0, 0, 0
52949, 202240, 0, 0, 0
53049, 271360, 0, 0, 0
53149, 350720, 0, 0, 0
53249, 217600, 0, 0, 0
53349, 240640, 0, 0, 0
53449, 110080, 0, 0, 0
53549, 225280, 0, 0, 0
53649, 235520, 0, 0, 0
53750, 304640, 0, 0, 0
53850, 222720, 0, 0, 0
53950, 291840, 0, 0, 0
54050, 271360, 0, 0, 0
54150, 194560, 0, 0, 0
54249, 170666, 0, 0, 0
54349, 302080, 0, 0, 0
54449, 302080, 0, 0, 0
54549, 317440, 0, 0, 0
54649, 158720, 0, 0, 0
54749, 317440, 0, 0, 0
54849, 158720, 0, 0, 0
54949, 174080, 0, 0, 0
55049, 286720, 0, 0, 0
55150, 148480, 0, 0, 0
55250, 307200, 0, 0, 0
55350, 299520, 0, 0, 0
55450, 279040, 0, 0, 0
55550, 138240, 0, 0, 0
55650, 245760, 0, 0, 0
55749, 346505, 0, 0, 0
55849, 153600, 0, 0, 0
55949, 248320, 0, 0, 0
56049, 212480, 0, 0, 0
56149, 302080, 0, 0, 0
56249, 281600, 0, 0, 0
56349, 253440, 0, 0, 0
56449, 240640, 0, 0, 0
56549, 245760, 0, 0, 0
56649, 250880, 0, 0, 0
56750, 353280, 0, 0, 0
56850, 407040, 0, 0, 0
56950, 186880, 0, 0, 0
57050, 148480, 0, 0, 0
57150, 230400, 0, 0, 0
57249, 131878, 0, 0, 0
57349, 322560, 0, 0, 0
57449, 222720, 0, 0, 0
57549, 309760, 0, 0, 0
57649, 291840, 0, 0, 0
57749, 291840, 0, 0, 0
57849, 302080, 0, 0, 0
57949, 179200, 0, 0, 0
58049, 184320, 0, 0, 0
58149, 235520, 0, 0, 0
58250, 286720, 0, 0, 0
58350, 263680, 0, 0, 0
58450, 220160, 0, 0, 0
58550, 171520, 0, 0, 0
58650, 209920, 0, 0, 0
58749, 250828, 0, 0, 0
58849, 227840, 0, 0, 0
58949, 284160, 0, 0, 0
59049, 199680, 0, 0, 0
59149, 314880, 0, 0, 0
59249, 92160, 0, 0, 0
59349, 296960, 0, 0, 0
59449, 296960, 0, 0, 0
59549, 325120, 0, 0, 0
59649, 186880, 0, 0, 0
59750, 158720, 0, 0, 0
59850, 286720, 0, 0, 0
59950, 171520, 0, 0, 0
60050, 89600, 0, 0, 0
