250, 664, 1, 0, 0
350, 710, 1, 0, 0
450, 1140, 1, 0, 0
550, 900, 1, 0, 0
650, 900, 1, 0, 0
749, 1020, 1, 0, 0
849, 1150, 1, 0, 0
949, 880, 1, 0, 0
1049, 940, 1, 0, 0
1149, 710, 1, 0, 0
1250, 1000, 1, 0, 0
1350, 1090, 1, 0, 0
1450, 970, 1, 0, 0
1550, 930, 1, 0, 0
1650, 1000, 1, 0, 0
1749, 939, 1, 0, 0
1849, 1200, 1, 0, 0
1949, 1460, 1, 0, 0
2049, 1170, 1, 0, 0
2149, 1200, 1, 0, 0
2249, 1250, 1, 0, 0
2349, 800, 1, 0, 0
2449, 530, 1, 0, 0
2550, 680, 1, 0, 0
2650, 850, 1, 0, 0
2749, 939, 1, 0, 0
2849, 1210, 1, 0, 0
2949, 900, 1, 0, 0
3049, 1020, 1, 0, 0
3149, 1270, 1, 0, 0
3249, 970, 1, 0, 0
3349, 1120, 1, 0, 0
3449, 1120, 1, 0, 0
3549, 980, 1, 0, 0
3649, 1100, 1, 0, 0
3750, 950, 1, 0, 0
3850, 1000, 1, 0, 0
3950, 1010, 1, 0, 0
4050, 1040, 1, 0, 0
4150, 1260, 1, 0, 0
4249, 868, 1, 0, 0
4349, 1060, 1, 0, 0
4449, 1140, 1, 0, 0
4549, 1250, 1, 0, 0
4649, 1280, 1, 0, 0
4749, 1150, 1, 0, 0
4850, 890, 1, 0, 0
4950, 940, 1, 0, 0
5050, 950, 1, 0, 0
5150, 570, 1, 0, 0
5249, 757, 1, 0, 0
5349, 770, 1, 0, 0
5449, 720, 1, 0, 0
5549, 680, 1, 0, 0
5649, 640, 1, 0, 0
5749, 680, 1, 0, 0
5849, 770, 1, 0, 0
5949, 410, 1, 0, 0
6049, 680, 1, 0, 0
6149, 680, 1, 0, 0
6250, 640, 1, 0, 0
6350, 690, 1, 0, 0
6450, 510, 1, 0, 0
6550, 640, 1, 0, 0
6650, 630, 1, 0, 0
6749, 1030, 1, 0, 0
6849, 820, 1, 0, 0
6949, 1170, 1, 0, 0
7049, 1150, 1, 0, 0
7149, 990, 1, 0, 0
7249, 880, 1, 0, 0
7349, 950, 1, 0, 0
7449, 1070, 1, 0, 0
7550, 1190, 1, 0, 0
7650, 1250, 1, 0, 0
7749, 1191, 1, 0, 0
7849, 1230, 1, 0, 0
7949, 1260, 1, 0, 0
8049, 1240, 1, 0, 0
8149, 1230, 1, 0, 0
8249, 890, 1, 0, 0
8349, 1120, 1, 0, 0
8449, 1120, 1, 0, 0
8549, 1380, 1, 0, 0
8649, 1190, 1, 0, 0
8750, 1240, 1, 0, 0
8850, 1270, 1, 0, 0
8950, 1200, 1, 0, 0
9050, 1160, 1, 0, 0
9150, 680, 1, 0, 0
9249, 666, 1, 0, 0
9349, 670, 1, 0, 0
9449, 650, 1, 0, 0
9549, 700, 1, 0, 0
9649, 560, 1, 0, 0
9749, 770, 1, 0, 0
9849, 660, 1, 0, 0
9949, 700, 1, 0, 0
10050, 520, 1, 0, 0
10150, 780, 1, 0, 0
10249, 696, 1, 0, 0
10349, 700, 1, 0, 0
10449, 880, 1, 0, 0
10549, 740, 1, 0, 0
10649, 740, 1, 0, 0
10749, 760, 1, 0, 0
10849, 990, 1, 0, 0
10949, 1250, 1, 0, 0
11049, 1120, 1, 0, 0
11149, 1170, 1, 0, 0
11249, 1260, 1, 0, 0
11349, 1170, 1, 0, 0
11449, 860, 1, 0, 0
11550, 940, 1, 0, 0
11650, 860, 1, 0, 0
11749, 878, 1, 0, 0
11849, 930, 1, 0, 0
11949, 890, 1, 0, 0
12049, 840, 1, 0, 0
12149, 730, 1, 0, 0
12249, 780, 1, 0, 0
12349, 730, 1, 0, 0
12449, 750, 1, 0, 0
12549, 830, 1, 0, 0
12649, 850, 1, 0, 0
12750, 740, 1, 0, 0
12850, 870, 1, 0, 0
12950, 790, 1, 0, 0
13050, 690, 1, 0, 0
13150, 660, 1, 0, 0
13249, 777, 1, 0, 0
13349, 1040, 1, 0, 0
13449, 1020, 1, 0, 0
13549, 770, 1, 0, 0
13649, 700, 1, 0, 0
13749, 960, 1, 0, 0
13849, 1080, 1, 0, 0
13949, 940, 1, 0, 0
14049, 940, 1, 0, 0
14150, 950, 1, 0, 0
14249, 1111, 1, 0, 0
14349, 1120, 1, 0, 0
14449, 1180, 1, 0, 0
14549, 1010, 1, 0, 0
14649, 900, 1, 0, 0
14749, 1140, 1, 0, 0
14849, 1230, 1, 0, 0
14949, 830, 1, 0, 0
15049, 780, 1, 0, 0
15149, 750, 1, 0, 0
15249, 620, 1, 0, 0
15349, 700, 1, 0, 0
15450, 640, 1, 0, 0
15550, 700, 1, 0, 0
15650, 690, 1, 0, 0
15749, 676, 1, 0, 0
15849, 790, 1, 0, 0
15949, 730, 1, 0, 0
16049, 670, 1, 0, 0
16149, 700, 1, 0, 0
16249, 920, 1, 0, 0
16349, 920, 1, 0, 0
16449, 660, 1, 0, 0
16549, 680, 1, 0, 0
16649, 840, 1, 0, 0
16750, 630, 1, 0, 0
16850, 800, 1, 0, 0
16950, 910, 1, 0, 0
17050, 920, 1, 0, 0
17150, 680, 1, 0, 0
17249, 787, 1, 0, 0
17349, 670, 1, 0, 0
17449, 710, 1, 0, 0
17549, 720, 1, 0, 0
17649, 670, 1, 0, 0
17749, 650, 1, 0, 0
17849, 650, 1, 0, 0
17949, 1020, 1, 0, 0
18049, 1030, 1, 0, 0
18150, 1200, 1, 0, 0
18250, 1260, 1, 0, 0
18350, 1250, 1, 0, 0
18450, 1170, 1, 0, 0
18550, 1080, 1, 0, 0
18650, 910, 1, 0, 0
18749, 767, 1, 0, 0
18849, 760, 1, 0, 0
18949, 680, 1, 0, 0
19049, 770, 1, 0, 0
19149, 670, 1, 0, 0
19249, 540, 1, 0, 0
19349, 790, 1, 0, 0
19449, 770, 1, 0, 0
19550, 660, 1, 0, 0
19650, 700, 1, 0, 0
19749, 787, 1, 0, 0
19849, 760, 1, 0, 0
19949, 740, 1, 0, 0
20049, 540, 1, 0, 0
20149, 480, 1, 0, 0
20249, 590, 1, 0, 0
20349, 720, 1, 0, 0
20449, 1110, 1, 0, 0
20549, 970, 1, 0, 0
20649, 1030, 1, 0, 0
20749, 1270, 1, 0, 0
20849, 1260, 1, 0, 0
20950, 1320, 1, 0, 0
21050, 1290, 1, 0, 0
21150, 1090, 1, 0, 0
21249, 1070, 1, 0, 0
21349, 1290, 1, 0, 0
21449, 1110, 1, 0, 0
21549, 1200, 1, 0, 0
21649, 1140, 1, 0, 0
21749, 1270, 1, 0, 0
21849, 1020, 1, 0, 0
21949, 830, 1, 0, 0
22050, 1000, 1, 0, 0
22150, 1010, 1, 0, 0
22249, 1121, 1, 0, 0
22349, 920, 1, 0, 0
22449, 1030, 1, 0, 0
22549, 1000, 1, 0, 0
22649, 850, 1, 0, 0
22749, 1000, 1, 0, 0
22849, 640, 1, 0, 0
22949, 720, 1, 0, 0
23049, 640, 1, 0, 0
23149, 680, 1, 0, 0
23250, 640, 1, 0, 0
23350, 720, 1, 0, 0
23450, 760, 1, 0, 0
23550, 520, 1, 0, 0
23650, 790, 1, 0, 0
23749, 959, 1, 0, 0
23849, 1010, 1, 0, 0
23949, 1090, 1, 0, 0
24049, 1070, 1, 0, 0
24149, 1000, 1, 0, 0
24249, 1160, 1, 0, 0
24349, 1120, 1, 0, 0
24450, 790, 1, 0, 0
24550, 900, 1, 0, 0
24650, 1050, 1, 0, 0
24749, 1101, 1, 0, 0
24849, 1070, 1, 0, 0
24949, 1100, 1, 0, 0
25050, 1140, 1, 0, 0
25150, 1030, 1, 0, 0
25249, 727, 1, 0, 0
25349, 690, 1, 0, 0
25449, 760, 1, 0, 0
25549, 640, 1, 0, 0
25649, 730, 1, 0, 0
25749, 730, 1, 0, 0
25849, 670, 1, 0, 0
25949, 690, 1, 0, 0
26049, 600, 1, 0, 0
26149, 730, 1, 0, 0
26250, 720, 1, 0, 0
26350, 580, 1, 0, 0
26450, 620, 1, 0, 0
26550, 530, 1, 0, 0
26650, 780, 1, 0, 0
26749, 676, 1, 0, 0
26849, 630, 1, 0, 0
26949, 680, 1, 0, 0
27049, 750, 1, 0, 0
27149, 890, 1, 0, 0
27249, 1030, 1, 0, 0
27349, 990, 1, 0, 0
27449, 850, 1, 0, 0
27550, 880, 1, 0, 0
27650, 1190, 1, 0, 0
27749, 1272, 1, 0, 0
27849, 1280, 1, 0, 0
27949, 1380, 1, 0, 0
28049, 1260, 1, 0, 0
28149, 1130, 1, 0, 0
28249, 990, 1, 0, 0
28349, 690, 1, 0, 0
28449, 590, 1, 0, 0
28549, 740, 1, 0, 0
28649, 770, 1, 0, 0
28750, 610, 1, 0, 0
28850, 700, 1, 0, 0
28950, 620, 1, 0, 0
29050, 690, 1, 0, 0
29150, 710, 1, 0, 0
29249, 737, 1, 0, 0
29349, 610, 1, 0, 0
29449, 740, 1, 0, 0
29549, 680, 1, 0, 0
29649, 780, 1, 0, 0
29749, 680, 1, 0, 0
29849, 740, 1, 0, 0
29950, 740, 1, 0, 0
30050, 810, 1, 0, 0
30150, 820, 1, 0, 0
30249, 696, 1, 0, 0
30349, 800, 1, 0, 0
30449, 1030, 1, 0, 0
30549, 1330, 1, 0, 0
30649, 1390, 1, 0, 0
30749, 1310, 1, 0, 0
30849, 1310, 1, 0, 0
30949, 810, 1, 0, 0
31050, 900, 1, 0, 0
31150, 1180, 1, 0, 0
31249, 1141, 1, 0, 0
31349, 1110, 1, 0, 0
31449, 1160, 1, 0, 0
31549, 1270, 1, 0, 0
31649, 1330, 1, 0, 0
31749, 1100, 1, 0, 0
31849, 1170, 1, 0, 0
31949, 1230, 1, 0, 0
32050, 1130, 1, 0, 0
32150, 1140, 1, 0, 0
32249, 1222, 1, 0, 0
32349, 1240, 1, 0, 0
32449, 970, 1, 0, 0
32549, 1250, 1, 0, 0
32649, 1210, 1, 0, 0
32749, 1120, 1, 0, 0
32849, 1060, 1, 0, 0
32949, 1290, 1, 0, 0
33049, 1250, 1, 0, 0
33149, 1330, 1, 0, 0
33250, 1490, 1, 0, 0
33350, 1340, 1, 0, 0
33450, 1330, 1, 0, 0
33550, 1140, 1, 0, 0
33650, 1280, 1, 0, 0
33749, 1252, 1, 0, 0
33849, 1230, 1, 0, 0
33949, 1240, 1, 0, 0
34049, 810, 1, 0, 0
34149, 700, 1, 0, 0
34249, 670, 1, 0, 0
34349, 690, 1, 0, 0
34449, 910, 1, 0, 0
34550, 850, 1, 0, 0
34650, 820, 1, 0, 0
34749, 737, 1, 0, 0
34849, 940, 1, 0, 0
34949, 1140, 1, 0, 0
35049, 750, 1, 0, 0
35149, 620, 1, 0, 0
35249, 590, 1, 0, 0
35349, 640, 1, 0, 0
35449, 800, 1, 0, 0
35549, 330, 1, 0, 0
35649, 740, 1, 0, 0
35750, 680, 1, 0, 0
35850, 600, 1, 0, 0
35950, 720, 1, 0, 0
36050, 670, 1, 0, 0
36150, 730, 1, 0, 0
36249, 646, 1, 0, 0
36349, 930, 1, 0, 0
36449, 770, 1, 0, 0
36549, 650, 1, 0, 0
36649, 1220, 1, 0, 0
36750, 1230, 1, 0, 0
36850, 1120, 1, 0, 0
36950, 760, 1, 0, 0
37050, 740, 1, 0, 0
37150, 730, 1, 0, 0
37249, 777, 1, 0, 0
37349, 790, 1, 0, 0
37449, 780, 1, 0, 0
37549, 530, 1, 0, 0
37649, 680, 1, 0, 0
37749, 710, 1, 0, 0
37849, 790, 1, 0, 0
37949, 870, 1, 0, 0
38050, 1000, 1, 0, 0
38150, 1140, 1, 0, 0
38249, 1232, 1, 0, 0
38349, 1040, 1, 0, 0
38449, 1020, 1, 0, 0
38549, 1110, 1, 0, 0
38649, 1300, 1, 0, 0
38749, 1200, 1, 0, 0
38849, 1340, 1, 0, 0
38949, 1150, 1, 0, 0
39049, 930, 1, 0, 0
39149, 630, 1, 0, 0
39250, 1070, 1, 0, 0
39350, 1170, 1, 0, 0
39450, 1030, 1, 0, 0
39550, 570, 1, 0, 0
39650, 840, 1, 0, 0
39749, 777, 1, 0, 0
39849, 630, 1, 0, 0
39949, 690, 1, 0, 0
40049, 820, 1, 0, 0
40149, 700, 1, 0, 0
40250, 690, 1, 0, 0
40350, 610, 1, 0, 0
40450, 770, 1, 0, 0
40550, 700, 1, 0, 0
40650, 720, 1, 0, 0
40749, 727, 1, 0, 0
40849, 640, 1, 0, 0
40949, 750, 1, 0, 0
41049, 820, 1, 0, 0
41149, 710, 1, 0, 0
41249, 640, 1, 0, 0
41349, 670, 1, 0, 0
41449, 680, 1, 0, 0
41550, 460, 1, 0, 0
41650, 720, 1, 0, 0
41749, 616, 1, 0, 0
41849, 560, 1, 0, 0
41949, 540, 1, 0, 0
42049, 780, 1, 0, 0
42149, 660, 1, 0, 0
42249, 630, 1, 0, 0
42349, 720, 1, 0, 0
42449, 590, 1, 0, 0
42549, 760, 1, 0, 0
42649, 750, 1, 0, 0
42750, 580, 1, 0, 0
42850, 740, 1, 0, 0
42950, 750, 1, 0, 0
43050, 750, 1, 0, 0
43150, 700, 1, 0, 0
43249, 777, 1, 0, 0
43349, 650, 1, 0, 0
43449, 650, 1, 0, 0
43549, 720, 1, 0, 0
43649, 720, 1, 0, 0
43749, 740, 1, 0, 0
43849, 560, 1, 0, 0
43949, 380, 1, 0, 0
44050, 470, 1, 0, 0
44150, 430, 1, 0, 0
44249, 525, 1, 0, 0
44349, 790, 1, 0, 0
44449, 900, 1, 0, 0
44549, 1030, 1, 0, 0
44649, 1070, 1, 0, 0
44749, 1090, 1, 0, 0
44849, 1030, 1, 0, 0
44949, 1120, 1, 0, 0
45049, 1230, 1, 0, 0
45149, 1210, 1, 0, 0
45250, 1100, 1, 0, 0
45350, 1120, 1, 0, 0
45450, 1070, 1, 0, 0
45550, 1110, 1, 0, 0
45650, 920, 1, 0, 0
45749, 757, 1, 0, 0
45849, 840, 1, 0, 0
45949, 1040, 1, 0, 0
46049, 990, 1, 0, 0
46150, 980, 1, 0, 0
46249, 1151, 1, 0, 0
46349, 1010, 1, 0, 0
46449, 950, 1, 0, 0
46549, 890, 1, 0, 0
46650, 700, 1, 0, 0
46749, 686, 1, 0, 0
46849, 730, 1, 0, 0
46949, 520, 1, 0, 0
47049, 660, 1, 0, 0
47149, 750, 1, 0, 0
47249, 730, 1, 0, 0
47349, 870, 1, 0, 0
47449, 660, 1, 0, 0
47549, 700, 1, 0, 0
47649, 710, 1, 0, 0
47749, 520, 1, 0, 0
47849, 820, 1, 0, 0
47950, 730, 1, 0, 0
48050, 720, 1, 0, 0
48150, 720, 1, 0, 0
48249, 616, 1, 0, 0
48349, 740, 1, 0, 0
48449, 600, 1, 0, 0
48549, 790, 1, 0, 0
48649, 700, 1, 0, 0
48749, 870, 1, 0, 0
48849, 720, 1, 0, 0
48949, 620, 1, 0, 0
49050, 770, 1, 0, 0
49150, 720, 1, 0, 0
49249, 525, 1, 0, 0
49349, 660, 1, 0, 0
49449, 650, 1, 0, 0
49549, 860, 1, 0, 0
49649, 1100, 1, 0, 0
49749, 910, 1, 0, 0
49849, 1000, 1, 0, 0
49949, 940, 1, 0, 0
50049, 990, 1, 0, 0
50149, 1150, 1, 0, 0
50250, 1170, 1, 0, 0
50350, 1310, 1, 0, 0
50450, 1410, 1, 0, 0
50550, 1140, 1, 0, 0
50650, 1090, 1, 0, 0
50749, 1282, 1, 0, 0
50849, 1270, 1, 0, 0
50949, 1210, 1, 0, 0
51049, 1240, 1, 0, 0
51149, 1310, 1, 0, 0
51249, 1320, 1, 0, 0
51349, 1440, 1, 0, 0
51449, 1180, 1, 0, 0
51550, 1200, 1, 0, 0
51650, 900, 1, 0, 0
51749, 818, 1, 0, 0
51849, 740, 1, 0, 0
51949, 870, 1, 0, 0
52049, 690, 1, 0, 0
52149, 740, 1, 0, 0
52249, 560, 1, 0, 0
52349, 690, 1, 0, 0
52449, 720, 1, 0, 0
52549, 700, 1, 0, 0
52649, 770, 1, 0, 0
52750, 700, 1, 0, 0
52850, 650, 1, 0, 0
52950, 690, 1, 0, 0
53050, 760, 1, 0, 0
53150, 730, 1, 0, 0
53249, 727, 1, 0, 0
53349, 630, 1, 0, 0
53449, 610, 1, 0, 0
53549, 550, 1, 0, 0
53649, 740, 1, 0, 0
53749, 990, 1, 0, 0
53849, 1020, 1, 0, 0
53949, 850, 1, 0, 0
54050, 810, 1, 0, 0
54150, 920, 1, 0, 0
54249, 808, 1, 0, 0
54349, 970, 1, 0, 0
54449, 720, 1, 0, 0
54549, 980, 1, 0, 0
54649, 900, 1, 0, 0
54749, 850, 1, 0, 0
54849, 1130, 1, 0, 0
54949, 1070, 1, 0, 0
55049, 1000, 1, 0, 0
55149, 890, 1, 0, 0
55250, 730, 1, 0, 0
55350, 810, 1, 0, 0
55450, 670, 1, 0, 0
55550, 680, 1, 0, 0
55650, 520, 1, 0, 0
55749, 575, 1, 0, 0
55849, 500, 1, 0, 0
55949, 760, 1, 0, 0
56049, 800, 1, 0, 0
56149, 620, 1, 0, 0
56249, 650, 1, 0, 0
56349, 700, 1, 0, 0
56450, 600, 1, 0, 0
56550, 660, 1, 0, 0
56650, 640, 1, 0, 0
56749, 676, 1, 0, 0
56849, 890, 1, 0, 0
56949, 650, 1, 0, 0
57049, 810, 1, 0, 0
57149, 850, 1, 0, 0
57249, 1020, 1, 0, 0
57349, 1080, 1, 0, 0
57449, 1070, 1, 0, 0
57549, 910, 1, 0, 0
57649, 990, 1, 0, 0
57750, 1100, 1, 0, 0
57850, 840, 1, 0, 0
57950, 760, 1, 0, 0
58050, 640, 1, 0, 0
58150, 620, 1, 0, 0
58249, 939, 1, 0, 0
58349, 1030, 1, 0, 0
58449, 1010, 1, 0, 0
58549, 1190, 1, 0, 0
58649, 760, 1, 0, 0
58749, 700, 1, 0, 0
58849, 700, 1, 0, 0
58949, 720, 1, 0, 0
59050, 670, 1, 0, 0
59150, 710, 1, 0, 0
59249, 767, 1, 0, 0
59349, 720, 1, 0, 0
59449, 480, 1, 0, 0
59549, 770, 1, 0, 0
59649, 690, 1, 0, 0
59749, 630, 1, 0, 0
59849, 950, 1, 0, 0
59949, 1180, 1, 0, 0
