100, 621830, 0, 0, 0
200, 597730, 0, 0, 0
300, 590703, 0, 0, 0
400, 594176, 0, 0, 0
500, 595400, 0, 0, 0
600, 580038, 0, 0, 0
700, 587428, 0, 0, 0
800, 607712, 0, 0, 0
900, 584831, 0, 0, 0
1000, 619547, 0, 0, 0
1100, 617566, 0, 0, 0
1200, 586330, 0, 0, 0
1300, 592592, 0, 0, 0
1400, 585475, 0, 0, 0
1500, 590621, 0, 0, 0
1600, 573744, 0, 0, 0
1700, 601781, 0, 0, 0
1800, 592058, 0, 0, 0
1900, 589414, 0, 0, 0
2000, 589460, 0, 0, 0
2100, 588576, 0, 0, 0
2200, 609666, 0, 0, 0
2300, 603002, 0, 0, 0
2400, 593797, 0, 0, 0
2500, 597979, 0, 0, 0
2600, 581168, 0, 0, 0
2700, 569808, 0, 0, 0
2800, 586772, 0, 0, 0
2900, 584460, 0, 0, 0
3000, 578223, 0, 0, 0
3100, 593442, 0, 0, 0
3200, 573435, 0, 0, 0
3300, 584585, 0, 0, 0
3400, 596303, 0, 0, 0
3500, 585643, 0, 0, 0
3600, 558798, 0, 0, 0
3700, 584042, 0, 0, 0
3800, 582855, 0, 0, 0
3900, 584598, 0, 0, 0
4000, 599701, 0, 0, 0
4100, 597037, 0, 0, 0
4200, 563585, 0, 0, 0
4300, 577333, 0, 0, 0
4400, 581025, 0, 0, 0
4500, 575522, 0, 0, 0
4600, 607811, 0, 0, 0
4700, 593288, 0, 0, 0
4800, 588522, 0, 0, 0
4900, 591592, 0, 0, 0
5000, 599157, 0, 0, 0
5100, 585922, 0, 0, 0
5200, 576894, 0, 0, 0
5300, 592488, 0, 0, 0
5400, 590453, 0, 0, 0
5500, 590996, 0, 0, 0
5600, 590724, 0, 0, 0
5700, 609561, 0, 0, 0
5800, 591811, 0, 0, 0
5900, 589223, 0, 0, 0
6000, 583149, 0, 0, 0
6100, 598133, 0, 0, 0
6200, 579352, 0, 0, 0
6300, 589294, 0, 0, 0
6400, 601410, 0, 0, 0
6500, 610598, 0, 0, 0
6600, 583728, 0, 0, 0
6700, 579008, 0, 0, 0
6800, 566809, 0, 0, 0
6900, 590862, 0, 0, 0
7000, 582314, 0, 0, 0
7100, 589332, 0, 0, 0
7200, 585580, 0, 0, 0
7300, 579781, 0, 0, 0
7400, 598445, 0, 0, 0
7500, 594193, 0, 0, 0
7600, 572855, 0, 0, 0
7700, 599260, 0, 0, 0
7800, 589187, 0, 0, 0
7900, 601756, 0, 0, 0
8000, 600264, 0, 0, 0
8100, 604982, 0, 0, 0
8200, 565106, 0, 0, 0
8300, 586276, 0, 0, 0
8400, 592086, 0, 0, 0
8500, 625745, 0, 0, 0
8600, 594071, 0, 0, 0
8700, 594915, 0, 0, 0
8800, 601483, 0, 0, 0
8900, 579771, 0, 0, 0
9000, 583692, 0, 0, 0
9100, 591516, 0, 0, 0
9200, 587409, 0, 0, 0
9300, 598952, 0, 0, 0
9400, 606110, 0, 0, 0
9500, 573883, 0, 0, 0
9600, 584145, 0, 0, 0
9700, 572699, 0, 0, 0
9800, 591519, 0, 0, 0
9900, 594153, 0, 0, 0
10000, 594726, 0, 0, 0
10109, 757079, 0, 0, 0
10200, 1899499, 0, 0, 0
10300, 599238, 0, 0, 0
10400, 585021, 0, 0, 0
10500, 587188, 0, 0, 0
10600, 589678, 0, 0, 0
10700, 610176, 0, 0, 0
10800, 597471, 0, 0, 0
10900, 590610, 0, 0, 0
11000, 593535, 0, 0, 0
11100, 648215, 0, 0, 0
11200, 581047, 0, 0, 0
11300, 598952, 0, 0, 0
11400, 590310, 0, 0, 0
11500, 613324, 0, 0, 0
11600, 587855, 0, 0, 0
11700, 610247, 0, 0, 0
11800, 573860, 0, 0, 0
11900, 591086, 0, 0, 0
12000, 596137, 0, 0, 0
12100, 593306, 0, 0, 0
12200, 609656, 0, 0, 0
12300, 579142, 0, 0, 0
12400, 589675, 0, 0, 0
12500, 631719, 0, 0, 0
12600, 607403, 0, 0, 0
12700, 612298, 0, 0, 0
12800, 602433, 0, 0, 0
12900, 580062, 0, 0, 0
13000, 585512, 0, 0, 0
13100, 587525, 0, 0, 0
13200, 598112, 0, 0, 0
13300, 586513, 0, 0, 0
13400, 587333, 0, 0, 0
13500, 584247, 0, 0, 0
13600, 676332, 0, 0, 0
13700, 579662, 0, 0, 0
13800, 581630, 0, 0, 0
13900, 586290, 0, 0, 0
14000, 585976, 0, 0, 0
14100, 582935, 0, 0, 0
14200, 600691, 0, 0, 0
14300, 604005, 0, 0, 0
14400, 590514, 0, 0, 0
14500, 598153, 0, 0, 0
14600, 609881, 0, 0, 0
14700, 589944, 0, 0, 0
14800, 573993, 0, 0, 0
14900, 578130, 0, 0, 0
15000, 585753, 0, 0, 0
15119, 691478, 0, 0, 0
15200, 2991563, 0, 0, 0
15300, 678528, 0, 0, 0
15400, 600435, 0, 0, 0
15500, 597528, 0, 0, 0
15600, 642301, 0, 0, 0
15700, 575345, 0, 0, 0
15800, 601797, 0, 0, 0
15900, 603254, 0, 0, 0
16000, 603328, 0, 0, 0
16100, 590451, 0, 0, 0
16200, 586521, 0, 0, 0
16300, 597658, 0, 0, 0
16400, 589569, 0, 0, 0
16500, 595021, 0, 0, 0
16600, 579589, 0, 0, 0
16700, 625435, 0, 0, 0
16800, 575730, 0, 0, 0
16900, 567674, 0, 0, 0
17000, 563360, 0, 0, 0
17100, 618894, 0, 0, 0
17200, 599775, 0, 0, 0
17300, 600448, 0, 0, 0
17400, 580544, 0, 0, 0
17500, 575392, 0, 0, 0
17600, 609247, 0, 0, 0
17700, 592363, 0, 0, 0
17800, 582996, 0, 0, 0
17900, 588578, 0, 0, 0
18000, 588831, 0, 0, 0
18100, 580809, 0, 0, 0
18200, 594438, 0, 0, 0
18300, 585903, 0, 0, 0
18400, 580540, 0, 0, 0
18500, 574493, 0, 0, 0
18600, 579983, 0, 0, 0
18700, 575142, 0, 0, 0
18800, 578808, 0, 0, 0
18900, 577398, 0, 0, 0
19000, 571120, 0, 0, 0
19100, 597382, 0, 0, 0
19200, 575542, 0, 0, 0
19300, 576323, 0, 0, 0
19400, 581470, 0, 0, 0
19500, 579394, 0, 0, 0
19600, 604444, 0, 0, 0
19700, 597125, 0, 0, 0
19800, 575349, 0, 0, 0
19900, 588525, 0, 0, 0
20000, 588914, 0, 0, 0
20101, 573070, 0, 0, 0
20200, 1898584, 0, 0, 0
20300, 584658, 0, 0, 0
20400, 623602, 0, 0, 0
20500, 581907, 0, 0, 0
20600, 585561, 0, 0, 0
20700, 586655, 0, 0, 0
20800, 597632, 0, 0, 0
20900, 595048, 0, 0, 0
21000, 569242, 0, 0, 0
21100, 588319, 0, 0, 0
21200, 573947, 0, 0, 0
21300, 570488, 0, 0, 0
21400, 577582, 0, 0, 0
21500, 583424, 0, 0, 0
21600, 580839, 0, 0, 0
21700, 566582, 0, 0, 0
21800, 578617, 0, 0, 0
21900, 638404, 0, 0, 0
22000, 586916, 0, 0, 0
22100, 578108, 0, 0, 0
22200, 584369, 0, 0, 0
22300, 586699, 0, 0, 0
22400, 602709, 0, 0, 0
22500, 578202, 0, 0, 0
22600, 587164, 0, 0, 0
22700, 578402, 0, 0, 0
22800, 648855, 0, 0, 0
22900, 573197, 0, 0, 0
23000, 584278, 0, 0, 0
23100, 586633, 0, 0, 0
23200, 568686, 0, 0, 0
23300, 576323, 0, 0, 0
23400, 573236, 0, 0, 0
23500, 595691, 0, 0, 0
23600, 586730, 0, 0, 0
23700, 595629, 0, 0, 0
23800, 594897, 0, 0, 0
23900, 595606, 0, 0, 0
24000, 567791, 0, 0, 0
24100, 611100, 0, 0, 0
24200, 589086, 0, 0, 0
24300, 582824, 0, 0, 0
24400, 591783, 0, 0, 0
24500, 589170, 0, 0, 0
24600, 599591, 0, 0, 0
24700, 594699, 0, 0, 0
24800, 595314, 0, 0, 0
24900, 609941, 0, 0, 0
25000, 608369, 0, 0, 0
25100, 597616, 0, 0, 0
25200, 615059, 0, 0, 0
25300, 614701, 0, 0, 0
25400, 609730, 0, 0, 0
25500, 606303, 0, 0, 0
25600, 596707, 0, 0, 0
25700, 631176, 0, 0, 0
25800, 619091, 0, 0, 0
25900, 604092, 0, 0, 0
26000, 616330, 0, 0, 0
26100, 610093, 0, 0, 0
26200, 619248, 0, 0, 0
26300, 618786, 0, 0, 0
26400, 619145, 0, 0, 0
26500, 619983, 0, 0, 0
26600, 638527, 0, 0, 0
26700, 615473, 0, 0, 0
26800, 614460, 0, 0, 0
26900, 611927, 0, 0, 0
27000, 602059, 0, 0, 0
27100, 617692, 0, 0, 0
27200, 641585, 0, 0, 0
27300, 617042, 0, 0, 0
27400, 617691, 0, 0, 0
27500, 610914, 0, 0, 0
27600, 623997, 0, 0, 0
27700, 630552, 0, 0, 0
27800, 630448, 0, 0, 0
27900, 608386, 0, 0, 0
28000, 627146, 0, 0, 0
28100, 623525, 0, 0, 0
28200, 610167, 0, 0, 0
28300, 610467, 0, 0, 0
28400, 611392, 0, 0, 0
28500, 601784, 0, 0, 0
28600, 611825, 0, 0, 0
28700, 602281, 0, 0, 0
28800, 615694, 0, 0, 0
28900, 606431, 0, 0, 0
29000, 606274, 0, 0, 0
29100, 621853, 0, 0, 0
29200, 609790, 0, 0, 0
29300, 623186, 0, 0, 0
29400, 622551, 0, 0, 0
29500, 621716, 0, 0, 0
29600, 607884, 0, 0, 0
29700, 646342, 0, 0, 0
29800, 621672, 0, 0, 0
29900, 614194, 0, 0, 0
30000, 640659, 0, 0, 0
30100, 599770, 0, 0, 0
30201, 1341138, 0, 0, 0
30304, 5416900, 0, 0, 0
30417, 4905464, 0, 0, 0
30500, 893104, 0, 0, 0
30600, 623175, 0, 0, 0
30700, 613955, 0, 0, 0
30800, 610232, 0, 0, 0
30900, 636308, 0, 0, 0
31000, 614799, 0, 0, 0
31100, 606677, 0, 0, 0
31200, 617711, 0, 0, 0
31300, 614470, 0, 0, 0
31400, 598545, 0, 0, 0
31500, 620649, 0, 0, 0
31600, 612058, 0, 0, 0
31700, 619941, 0, 0, 0
31800, 600089, 0, 0, 0
31900, 614934, 0, 0, 0
32000, 613675, 0, 0, 0
32100, 603258, 0, 0, 0
32200, 632565, 0, 0, 0
32300, 613297, 0, 0, 0
32400, 616879, 0, 0, 0
32500, 604765, 0, 0, 0
32600, 660348, 0, 0, 0
32700, 605959, 0, 0, 0
32800, 625292, 0, 0, 0
32900, 601560, 0, 0, 0
33000, 595815, 0, 0, 0
33100, 614159, 0, 0, 0
33200, 618643, 0, 0, 0
33300, 601417, 0, 0, 0
33400, 611134, 0, 0, 0
33500, 624716, 0, 0, 0
33600, 606774, 0, 0, 0
33700, 612223, 0, 0, 0
33800, 606645, 0, 0, 0
33900, 603960, 0, 0, 0
34000, 608627, 0, 0, 0
34100, 623730, 0, 0, 0
34200, 613733, 0, 0, 0
34300, 605905, 0, 0, 0
34400, 610695, 0, 0, 0
34500, 613827, 0, 0, 0
34600, 629258, 0, 0, 0
34700, 605527, 0, 0, 0
34800, 606208, 0, 0, 0
34900, 617973, 0, 0, 0
35000, 607435, 0, 0, 0
35100, 618668, 0, 0, 0
35200, 603414, 0, 0, 0
35300, 607263, 0, 0, 0
35400, 611811, 0, 0, 0
35500, 613023, 0, 0, 0
35600, 600898, 0, 0, 0
35700, 605419, 0, 0, 0
35800, 605894, 0, 0, 0
35900, 617638, 0, 0, 0
36000, 616622, 0, 0, 0
36100, 631459, 0, 0, 0
36200, 624969, 0, 0, 0
36300, 618661, 0, 0, 0
36400, 602288, 0, 0, 0
36500, 612496, 0, 0, 0
36600, 603408, 0, 0, 0
36700, 592551, 0, 0, 0
36800, 602065, 0, 0, 0
36900, 618920, 0, 0, 0
37000, 627381, 0, 0, 0
37100, 618372, 0, 0, 0
37200, 614330, 0, 0, 0
37300, 609802, 0, 0, 0
37400, 617067, 0, 0, 0
37500, 622949, 0, 0, 0
37600, 627065, 0, 0, 0
37700, 607679, 0, 0, 0
37800, 611474, 0, 0, 0
37900, 602786, 0, 0, 0
38000, 610808, 0, 0, 0
38100, 618204, 0, 0, 0
38200, 612972, 0, 0, 0
38300, 630690, 0, 0, 0
38400, 624140, 0, 0, 0
38500, 611901, 0, 0, 0
38600, 612325, 0, 0, 0
38700, 612339, 0, 0, 0
38800, 619595, 0, 0, 0
38900, 618978, 0, 0, 0
39000, 610636, 0, 0, 0
39100, 611072, 0, 0, 0
39200, 616482, 0, 0, 0
39300, 626859, 0, 0, 0
39400, 609330, 0, 0, 0
39500, 625397, 0, 0, 0
39600, 618982, 0, 0, 0
39700, 618376, 0, 0, 0
39800, 619247, 0, 0, 0
39900, 621893, 0, 0, 0
40000, 605155, 0, 0, 0
40100, 618534, 0, 0, 0
40223, 1002650, 0, 0, 0
40320, 24343020, 0, 0, 0
40400, 4998465, 0, 0, 0
40500, 774816, 0, 0, 0
40600, 694679, 0, 0, 0
40700, 626345, 0, 0, 0
40800, 631025, 0, 0, 0
40900, 613314, 0, 0, 0
41000, 607189, 0, 0, 0
41100, 612336, 0, 0, 0
41200, 610138, 0, 0, 0
41300, 603583, 0, 0, 0
41400, 625228, 0, 0, 0
41500, 600961, 0, 0, 0
41600, 606888, 0, 0, 0
41700, 627463, 0, 0, 0
41800, 606309, 0, 0, 0
41900, 610483, 0, 0, 0
42000, 601292, 0, 0, 0
42100, 623328, 0, 0, 0
42200, 623287, 0, 0, 0
42300, 609429, 0, 0, 0
42400, 617857, 0, 0, 0
42500, 623767, 0, 0, 0
42600, 621214, 0, 0, 0
42700, 612243, 0, 0, 0
42800, 613953, 0, 0, 0
42900, 615688, 0, 0, 0
43000, 594677, 0, 0, 0
43100, 637371, 0, 0, 0
43200, 624000, 0, 0, 0
43300, 630112, 0, 0, 0
43400, 619325, 0, 0, 0
43500, 608599, 0, 0, 0
43600, 632085, 0, 0, 0
43700, 602231, 0, 0, 0
43800, 607155, 0, 0, 0
43900, 602831, 0, 0, 0
44000, 620698, 0, 0, 0
44100, 603678, 0, 0, 0
44200, 613852, 0, 0, 0
44300, 610138, 0, 0, 0
44400, 619836, 0, 0, 0
44500, 625668, 0, 0, 0
44600, 608908, 0, 0, 0
44703, 648409, 0, 0, 0
44800, 621670, 0, 0, 0
44900, 625823, 0, 0, 0
45000, 606260, 0, 0, 0
45100, 637671, 0, 0, 0
45200, 609138, 0, 0, 0
45324, 11290768, 0, 0, 0
45412, 2001962, 0, 0, 0
45500, 604999, 0, 0, 0
45600, 681635, 0, 0, 0
45700, 613933, 0, 0, 0
45800, 630288, 0, 0, 0
45900, 637332, 0, 0, 0
46000, 624435, 0, 0, 0
46100, 627413, 0, 0, 0
46200, 626855, 0, 0, 0
46300, 607977, 0, 0, 0
46400, 616417, 0, 0, 0
46500, 618159, 0, 0, 0
46600, 617640, 0, 0, 0
46700, 649012, 0, 0, 0
46800, 604789, 0, 0, 0
46900, 608166, 0, 0, 0
47000, 605076, 0, 0, 0
47100, 617691, 0, 0, 0
47200, 623235, 0, 0, 0
47300, 650460, 0, 0, 0
47400, 612626, 0, 0, 0
47500, 626596, 0, 0, 0
47600, 626542, 0, 0, 0
47700, 650599, 0, 0, 0
47800, 609229, 0, 0, 0
47900, 600977, 0, 0, 0
48000, 610516, 0, 0, 0
48100, 615753, 0, 0, 0
48200, 612276, 0, 0, 0
48300, 611019, 0, 0, 0
48400, 608575, 0, 0, 0
48500, 615975, 0, 0, 0
48600, 614313, 0, 0, 0
48700, 627951, 0, 0, 0
48800, 612637, 0, 0, 0
48900, 630675, 0, 0, 0
49000, 617230, 0, 0, 0
49100, 609431, 0, 0, 0
49200, 622715, 0, 0, 0
49300, 606951, 0, 0, 0
49400, 623197, 0, 0, 0
49500, 626435, 0, 0, 0
49600, 615249, 0, 0, 0
49700, 627499, 0, 0, 0
49800, 631198, 0, 0, 0
49900, 636194, 0, 0, 0
50000, 617579, 0, 0, 0
50100, 620145, 0, 0, 0
50200, 618465, 0, 0, 0
50315, 862189, 0, 0, 0
50418, 5376805, 0, 0, 0
50500, 1297475, 0, 0, 0
50600, 628116, 0, 0, 0
50700, 640729, 0, 0, 0
50800, 624684, 0, 0, 0
50900, 640086, 0, 0, 0
51000, 612688, 0, 0, 0
51100, 607254, 0, 0, 0
51200, 643513, 0, 0, 0
51300, 609593, 0, 0, 0
51400, 620644, 0, 0, 0
51500, 629421, 0, 0, 0
51600, 611071, 0, 0, 0
51700, 639858, 0, 0, 0
51800, 615501, 0, 0, 0
51900, 611474, 0, 0, 0
52000, 593267, 0, 0, 0
52100, 637274, 0, 0, 0
52200, 606702, 0, 0, 0
52300, 604230, 0, 0, 0
52400, 611028, 0, 0, 0
52500, 628435, 0, 0, 0
52600, 603001, 0, 0, 0
52700, 630412, 0, 0, 0
52800, 612545, 0, 0, 0
52900, 630409, 0, 0, 0
53000, 610162, 0, 0, 0
53100, 625603, 0, 0, 0
53200, 615075, 0, 0, 0
53300, 675862, 0, 0, 0
53400, 605852, 0, 0, 0
53500, 600852, 0, 0, 0
53600, 607701, 0, 0, 0
53700, 635719, 0, 0, 0
53800, 622662, 0, 0, 0
53900, 614053, 0, 0, 0
54000, 625347, 0, 0, 0
54100, 626993, 0, 0, 0
54200, 622404, 0, 0, 0
54300, 602960, 0, 0, 0
54400, 618568, 0, 0, 0
54500, 625023, 0, 0, 0
54600, 619458, 0, 0, 0
54700, 609050, 0, 0, 0
54800, 611556, 0, 0, 0
54900, 602284, 0, 0, 0
55000, 618274, 0, 0, 0
55100, 611919, 0, 0, 0
55200, 624514, 0, 0, 0
55300, 609632, 0, 0, 0
55424, 6207627, 0, 0, 0
55500, 1037967, 0, 0, 0
55600, 620992, 0, 0, 0
55700, 628747, 0, 0, 0
55800, 756128, 0, 0, 0
55900, 612243, 0, 0, 0
56000, 637382, 0, 0, 0
56100, 608557, 0, 0, 0
56200, 620198, 0, 0, 0
56300, 625717, 0, 0, 0
56400, 615745, 0, 0, 0
56500, 618048, 0, 0, 0
56600, 611990, 0, 0, 0
56700, 611141, 0, 0, 0
56800, 612542, 0, 0, 0
56900, 618310, 0, 0, 0
57000, 613631, 0, 0, 0
57100, 621588, 0, 0, 0
57200, 608380, 0, 0, 0
57300, 626433, 0, 0, 0
57400, 618621, 0, 0, 0
57500, 616093, 0, 0, 0
57600, 609260, 0, 0, 0
57700, 628557, 0, 0, 0
57800, 639907, 0, 0, 0
57900, 617419, 0, 0, 0
58000, 621067, 0, 0, 0
58100, 632237, 0, 0, 0
58200, 624413, 0, 0, 0
58300, 633945, 0, 0, 0
58400, 612654, 0, 0, 0
58500, 613747, 0, 0, 0
58600, 603865, 0, 0, 0
58700, 619884, 0, 0, 0
58800, 597714, 0, 0, 0
58900, 610001, 0, 0, 0
59000, 604722, 0, 0, 0
59100, 604933, 0, 0, 0
59200, 606116, 0, 0, 0
59300, 594925, 0, 0, 0
59400, 599519, 0, 0, 0
59500, 614235, 0, 0, 0
59600, 622284, 0, 0, 0
59700, 624231, 0, 0, 0
59800, 602225, 0, 0, 0
59900, 595758, 0, 0, 0
60000, 616144, 0, 0, 0
60100, 616313, 0, 0, 0
60200, 608264, 0, 0, 0
60300, 604091, 0, 0, 0
60408, 1317027, 0, 0, 0
60500, 688568, 0, 0, 0
60600, 618551, 0, 0, 0
60700, 611839, 0, 0, 0
60800, 613207, 0, 0, 0
60900, 625579, 0, 0, 0
61000, 611831, 0, 0, 0
61100, 647368, 0, 0, 0
61200, 629643, 0, 0, 0
61300, 638470, 0, 0, 0
61400, 615559, 0, 0, 0
61500, 620871, 0, 0, 0
61600, 621102, 0, 0, 0
61700, 623778, 0, 0, 0
61800, 614924, 0, 0, 0
61900, 619189, 0, 0, 0
62000, 621745, 0, 0, 0
62100, 612561, 0, 0, 0
62200, 612918, 0, 0, 0
62300, 610810, 0, 0, 0
62400, 593203, 0, 0, 0
62500, 611726, 0, 0, 0
62600, 611629, 0, 0, 0
62700, 615685, 0, 0, 0
62800, 706985, 0, 0, 0
62900, 597182, 0, 0, 0
63000, 601106, 0, 0, 0
63100, 611294, 0, 0, 0
63200, 623361, 0, 0, 0
63300, 624400, 0, 0, 0
63400, 654265, 0, 0, 0
63500, 614571, 0, 0, 0
63600, 602618, 0, 0, 0
63700, 621434, 0, 0, 0
63800, 693293, 0, 0, 0
63900, 607714, 0, 0, 0
64000, 604916, 0, 0, 0
64100, 621368, 0, 0, 0
64200, 616612, 0, 0, 0
64300, 617290, 0, 0, 0
64400, 616957, 0, 0, 0
64500, 617649, 0, 0, 0
64600, 639950, 0, 0, 0
64714, 771604, 0, 0, 0
64800, 639176, 0, 0, 0
64900, 612643, 0, 0, 0
65000, 618742, 0, 0, 0
65100, 625808, 0, 0, 0
65200, 625986, 0, 0, 0
65300, 626321, 0, 0, 0
65432, 838807, 0, 0, 0
65500, 1118626, 0, 0, 0
65600, 630054, 0, 0, 0
65700, 623669, 0, 0, 0
65800, 625676, 0, 0, 0
65900, 712104, 0, 0, 0
66000, 625056, 0, 0, 0
66100, 639228, 0, 0, 0
66200, 612349, 0, 0, 0
66300, 644464, 0, 0, 0
66400, 630870, 0, 0, 0
66500, 624487, 0, 0, 0
66600, 616119, 0, 0, 0
66700, 627439, 0, 0, 0
66800, 654561, 0, 0, 0
66900, 626044, 0, 0, 0
67000, 621889, 0, 0, 0
67100, 642208, 0, 0, 0
67200, 654558, 0, 0, 0
67300, 622435, 0, 0, 0
67400, 730376, 0, 0, 0
67500, 644200, 0, 0, 0
67600, 643481, 0, 0, 0
67700, 614953, 0, 0, 0
67800, 620302, 0, 0, 0
67900, 612705, 0, 0, 0
68000, 620473, 0, 0, 0
68100, 625062, 0, 0, 0
68200, 610196, 0, 0, 0
68300, 628023, 0, 0, 0
68400, 619424, 0, 0, 0
68500, 686013, 0, 0, 0
68600, 630675, 0, 0, 0
68700, 611665, 0, 0, 0
68800, 630925, 0, 0, 0
68900, 608293, 0, 0, 0
69000, 623118, 0, 0, 0
69100, 620100, 0, 0, 0
69200, 621058, 0, 0, 0
69300, 621049, 0, 0, 0
69400, 615463, 0, 0, 0
69500, 615991, 0, 0, 0
69600, 622533, 0, 0, 0
69700, 615824, 0, 0, 0
69800, 610224, 0, 0, 0
69900, 721431, 0, 0, 0
70000, 631866, 0, 0, 0
70100, 634157, 0, 0, 0
70200, 610352, 0, 0, 0
70300, 616768, 0, 0, 0
70400, 620116, 0, 0, 0
70501, 3371077, 0, 0, 0
70600, 1142205, 0, 0, 0
70700, 639429, 0, 0, 0
70800, 611743, 0, 0, 0
70900, 613929, 0, 0, 0
71000, 801176, 0, 0, 0
71100, 635904, 0, 0, 0
71200, 629617, 0, 0, 0
71300, 634453, 0, 0, 0
71400, 614522, 0, 0, 0
71500, 641676, 0, 0, 0
71600, 631995, 0, 0, 0
71700, 634640, 0, 0, 0
71800, 639312, 0, 0, 0
71900, 628515, 0, 0, 0
72000, 638881, 0, 0, 0
72100, 629040, 0, 0, 0
72200, 607722, 0, 0, 0
72300, 644858, 0, 0, 0
72400, 692997, 0, 0, 0
72500, 616720, 0, 0, 0
72600, 628970, 0, 0, 0
72700, 623716, 0, 0, 0
72800, 647022, 0, 0, 0
72902, 844357, 0, 0, 0
73000, 656597, 0, 0, 0
73100, 617781, 0, 0, 0
73200, 622333, 0, 0, 0
73300, 615939, 0, 0, 0
73400, 666946, 0, 0, 0
73500, 617850, 0, 0, 0
73600, 634446, 0, 0, 0
73700, 613506, 0, 0, 0
73800, 612478, 0, 0, 0
73900, 619283, 0, 0, 0
74000, 636297, 0, 0, 0
74100, 637243, 0, 0, 0
74200, 610738, 0, 0, 0
74300, 613991, 0, 0, 0
74400, 622637, 0, 0, 0
74500, 616972, 0, 0, 0
74600, 618039, 0, 0, 0
74700, 619069, 0, 0, 0
74800, 653903, 0, 0, 0
74900, 614030, 0, 0, 0
75000, 609712, 0, 0, 0
75100, 624146, 0, 0, 0
75200, 625516, 0, 0, 0
75300, 614233, 0, 0, 0
75400, 611148, 0, 0, 0
75512, 1219801, 0, 0, 0
75600, 619708, 0, 0, 0
75700, 619537, 0, 0, 0
75800, 639042, 0, 0, 0
75900, 608725, 0, 0, 0
76000, 725758, 0, 0, 0
76100, 655440, 0, 0, 0
76200, 645838, 0, 0, 0
76300, 636087, 0, 0, 0
76400, 628628, 0, 0, 0
76500, 653506, 0, 0, 0
76600, 631509, 0, 0, 0
76700, 649799, 0, 0, 0
76800, 620568, 0, 0, 0
76900, 622930, 0, 0, 0
77000, 627066, 0, 0, 0
77100, 611279, 0, 0, 0
77200, 608734, 0, 0, 0
77300, 618553, 0, 0, 0
77400, 605990, 0, 0, 0
77500, 648325, 0, 0, 0
77600, 636784, 0, 0, 0
77700, 617078, 0, 0, 0
77800, 649495, 0, 0, 0
77900, 603423, 0, 0, 0
78000, 618860, 0, 0, 0
78100, 630880, 0, 0, 0
78200, 610072, 0, 0, 0
78300, 624055, 0, 0, 0
78400, 619613, 0, 0, 0
78500, 800156, 0, 0, 0
78600, 612927, 0, 0, 0
78700, 624665, 0, 0, 0
78800, 727056, 0, 0, 0
78900, 652923, 0, 0, 0
79000, 624459, 0, 0, 0
79100, 633272, 0, 0, 0
79200, 627669, 0, 0, 0
79300, 619789, 0, 0, 0
79400, 636331, 0, 0, 0
79500, 617085, 0, 0, 0
79600, 629808, 0, 0, 0
79700, 627777, 0, 0, 0
79827, 777744, 0, 0, 0
79900, 640769, 0, 0, 0
80000, 629986, 0, 0, 0
80100, 605755, 0, 0, 0
80200, 618988, 0, 0, 0
80300, 623543, 0, 0, 0
80400, 629592, 0, 0, 0
80500, 617762, 0, 0, 0
80600, 658832, 0, 0, 0
80700, 619543, 0, 0, 0
80805, 642057, 0, 0, 0
80900, 671337, 0, 0, 0
81000, 629445, 0, 0, 0
81100, 669213, 0, 0, 0
81200, 627130, 0, 0, 0
81300, 626941, 0, 0, 0
81400, 630094, 0, 0, 0
81500, 629104, 0, 0, 0
81600, 648659, 0, 0, 0
81700, 621676, 0, 0, 0
81800, 622938, 0, 0, 0
81900, 630806, 0, 0, 0
82000, 610968, 0, 0, 0
82100, 648628, 0, 0, 0
82200, 611488, 0, 0, 0
82300, 613559, 0, 0, 0
82400, 627141, 0, 0, 0
82500, 602808, 0, 0, 0
82600, 628075, 0, 0, 0
82700, 605342, 0, 0, 0
82800, 633369, 0, 0, 0
82900, 652350, 0, 0, 0
83000, 613610, 0, 0, 0
83100, 703371, 0, 0, 0
83200, 623377, 0, 0, 0
83300, 623635, 0, 0, 0
83400, 610613, 0, 0, 0
83500, 669187, 0, 0, 0
83600, 601604, 0, 0, 0
83700, 627802, 0, 0, 0
83800, 612184, 0, 0, 0
83900, 620449, 0, 0, 0
84000, 609155, 0, 0, 0
84100, 636761, 0, 0, 0
84200, 621906, 0, 0, 0
84300, 629792, 0, 0, 0
84400, 600006, 0, 0, 0
84500, 629941, 0, 0, 0
84600, 619510, 0, 0, 0
84700, 669789, 0, 0, 0
84800, 624890, 0, 0, 0
84900, 612584, 0, 0, 0
85000, 626696, 0, 0, 0
85100, 640560, 0, 0, 0
85200, 630281, 0, 0, 0
85300, 614843, 0, 0, 0
85400, 626474, 0, 0, 0
85500, 641682, 0, 0, 0
85600, 619791, 0, 0, 0
85711, 681049, 0, 0, 0
85800, 628882, 0, 0, 0
85900, 599007, 0, 0, 0
86000, 618573, 0, 0, 0
86100, 612568, 0, 0, 0
86200, 620200, 0, 0, 0
86300, 620153, 0, 0, 0
86400, 645131, 0, 0, 0
86500, 628847, 0, 0, 0
86600, 622531, 0, 0, 0
86700, 630529, 0, 0, 0
86800, 609528, 0, 0, 0
86900, 630124, 0, 0, 0
87000, 621828, 0, 0, 0
87100, 612149, 0, 0, 0
87200, 618796, 0, 0, 0
87300, 615701, 0, 0, 0
87400, 613188, 0, 0, 0
87500, 613114, 0, 0, 0
87600, 617369, 0, 0, 0
87700, 623852, 0, 0, 0
87800, 613263, 0, 0, 0
87900, 649190, 0, 0, 0
88000, 616155, 0, 0, 0
88100, 896740, 0, 0, 0
88200, 610570, 0, 0, 0
88300, 604985, 0, 0, 0
88400, 624412, 0, 0, 0
88500, 617875, 0, 0, 0
88600, 615388, 0, 0, 0
88700, 619071, 0, 0, 0
88800, 636089, 0, 0, 0
88900, 627358, 0, 0, 0
89000, 608908, 0, 0, 0
89100, 610490, 0, 0, 0
89200, 624040, 0, 0, 0
89300, 615258, 0, 0, 0
89400, 597314, 0, 0, 0
89500, 609245, 0, 0, 0
89600, 608709, 0, 0, 0
89700, 612214, 0, 0, 0
89800, 606614, 0, 0, 0
89900, 600740, 0, 0, 0
90000, 601109, 0, 0, 0
