250, 796, 0, 0, 0
250, 316, 1, 0, 0
350, 780, 0, 0, 0
350, 360, 1, 0, 0
450, 880, 0, 0, 0
450, 290, 1, 0, 0
550, 840, 0, 0, 0
550, 320, 1, 0, 0
650, 680, 0, 0, 0
650, 390, 1, 0, 0
749, 666, 0, 0, 0
749, 303, 1, 0, 0
849, 610, 0, 0, 0
849, 430, 1, 0, 0
950, 770, 0, 0, 0
950, 330, 1, 0, 0
1050, 800, 0, 0, 0
1050, 320, 1, 0, 0
1150, 790, 0, 0, 0
1150, 330, 1, 0, 0
1249, 777, 0, 0, 0
1249, 303, 1, 0, 0
1349, 860, 0, 0, 0
1349, 340, 1, 0, 0
1449, 780, 0, 0, 0
1449, 330, 1, 0, 0
1549, 730, 0, 0, 0
1549, 280, 1, 0, 0
1649, 650, 0, 0, 0
1649, 380, 1, 0, 0
1750, 720, 0, 0, 0
1750, 320, 1, 0, 0
1850, 820, 0, 0, 0
1850, 350, 1, 0, 0
1950, 810, 0, 0, 0
1950, 300, 1, 0, 0
2050, 800, 0, 0, 0
2050, 390, 1, 0, 0
2150, 680, 0, 0, 0
2150, 310, 1, 0, 0
2249, 838, 0, 0, 0
2249, 252, 1, 0, 0
2349, 740, 0, 0, 0
2349, 310, 1, 0, 0
2449, 650, 0, 0, 0
2449, 330, 1, 0, 0
2549, 650, 0, 0, 0
2549, 250, 1, 0, 0
2650, 790, 0, 0, 0
2650, 270, 1, 0, 0
2749, 40, 0, 0, 0
2749, 10, 1, 0, 0
2849, 70, 0, 0, 0
2849, 120, 1, 0, 0
2949, 700, 0, 0, 0
2949, 280, 1, 0, 0
3049, 360, 0, 0, 0
3049, 150, 1, 0, 0
3149, 760, 0, 0, 0
3149, 360, 1, 0, 0
3249, 810, 0, 0, 0
3249, 360, 1, 0, 0
3349, 770, 0, 0, 0
3349, 390, 1, 0, 0
3449, 870, 0, 0, 0
3449, 350, 1, 0, 0
3550, 630, 0, 0, 0
3550, 390, 1, 0, 0
3650, 830, 0, 0, 0
3650, 310, 1, 0, 0
3749, 656, 0, 0, 0
3749, 343, 1, 0, 0
3849, 820, 0, 0, 0
3849, 260, 1, 0, 0
3949, 760, 0, 0, 0
3949, 340, 1, 0, 0
4049, 680, 0, 0, 0
4049, 300, 1, 0, 0
4149, 730, 0, 0, 0
4149, 350, 1, 0, 0
4250, 790, 0, 0, 0
4250, 330, 1, 0, 0
4350, 790, 0, 0, 0
4350, 310, 1, 0, 0
4450, 750, 0, 0, 0
4450, 310, 1, 0, 0
4550, 670, 0, 0, 0
4550, 330, 1, 0, 0
4650, 790, 0, 0, 0
4650, 300, 1, 0, 0
4749, 808, 0, 0, 0
4749, 292, 1, 0, 0
4849, 750, 0, 0, 0
4849, 320, 1, 0, 0
4949, 710, 0, 0, 0
4949, 350, 1, 0, 0
5049, 790, 0, 0, 0
5049, 300, 1, 0, 0
5150, 950, 0, 0, 0
5150, 290, 1, 0, 0
5250, 870, 0, 0, 0
5250, 340, 1, 0, 0
5350, 830, 0, 0, 0
5350, 350, 1, 0, 0
5450, 760, 0, 0, 0
5450, 370, 1, 0, 0
5550, 670, 0, 0, 0
5550, 240, 1, 0, 0
5650, 750, 0, 0, 0
5650, 380, 1, 0, 0
5749, 747, 0, 0, 0
5749, 313, 1, 0, 0
5850, 770, 0, 0, 0
5850, 300, 1, 0, 0
5950, 790, 0, 0, 0
5950, 250, 1, 0, 0
6050, 730, 0, 0, 0
6050, 370, 1, 0, 0
6150, 680, 0, 0, 0
6150, 330, 1, 0, 0
6249, 707, 0, 0, 0
6249, 373, 1, 0, 0
6349, 670, 0, 0, 0
6349, 350, 1, 0, 0
6449, 780, 0, 0, 0
6449, 390, 1, 0, 0
6549, 700, 0, 0, 0
6549, 300, 1, 0, 0
6651, 742, 0, 0, 0
6651, 306, 1, 0, 0
6751, 680, 0, 0, 0
6751, 280, 1, 0, 0
6851, 760, 0, 0, 0
6851, 380, 1, 0, 0
6952, 750, 0, 0, 0
6952, 370, 1, 0, 0
7052, 810, 0, 0, 0
7052, 290, 1, 0, 0
7152, 820, 0, 0, 0
7152, 310, 1, 0, 0
7252, 850, 0, 0, 0
7252, 290, 1, 0, 0
7352, 500, 0, 0, 0
7352, 200, 1, 0, 0
7452, 70, 0, 0, 0
7452, 30, 1, 0, 0
7552, 310, 0, 0, 0
7552, 160, 1, 0, 0
7652, 480, 0, 0, 0
7652, 290, 1, 0, 0
7752, 260, 0, 0, 0
7752, 120, 1, 0, 0
7853, 240, 0, 0, 0
7853, 70, 1, 0, 0
7953, 750, 0, 0, 0
7953, 310, 1, 0, 0
8053, 750, 0, 0, 0
8053, 370, 1, 0, 0
8153, 530, 0, 0, 0
8153, 350, 1, 0, 0
8253, 850, 0, 0, 0
8253, 330, 1, 0, 0
8353, 840, 0, 0, 0
8353, 290, 1, 0, 0
8453, 800, 0, 0, 0
8453, 340, 1, 0, 0
8553, 870, 0, 0, 0
8553, 340, 1, 0, 0
8653, 420, 0, 0, 0
8653, 190, 1, 0, 0
8754, 890, 0, 0, 0
8754, 320, 1, 0, 0
8854, 660, 0, 0, 0
8854, 370, 1, 0, 0
8954, 680, 0, 0, 0
8954, 360, 1, 0, 0
9054, 650, 0, 0, 0
9054, 360, 1, 0, 0
9154, 770, 0, 0, 0
9154, 260, 1, 0, 0
9254, 700, 0, 0, 0
9254, 250, 1, 0, 0
9354, 830, 0, 0, 0
9354, 340, 1, 0, 0
9455, 780, 0, 0, 0
9455, 320, 1, 0, 0
9555, 580, 0, 0, 0
9555, 370, 1, 0, 0
9655, 690, 0, 0, 0
9655, 260, 1, 0, 0
9755, 910, 0, 0, 0
9755, 340, 1, 0, 0
9855, 800, 0, 0, 0
9855, 290, 1, 0, 0
9956, 890, 0, 0, 0
9956, 290, 1, 0, 0
10056, 840, 0, 0, 0
10056, 270, 1, 0, 0
10156, 810, 0, 0, 0
10156, 330, 1, 0, 0
10256, 740, 0, 0, 0
10256, 300, 1, 0, 0
10356, 860, 0, 0, 0
10356, 290, 1, 0, 0
10457, 900, 0, 0, 0
10457, 320, 1, 0, 0
10557, 760, 0, 0, 0
10557, 400, 1, 0, 0
10657, 710, 0, 0, 0
10657, 310, 1, 0, 0
10757, 790, 0, 0, 0
10757, 370, 1, 0, 0
10857, 930, 0, 0, 0
10857, 250, 1, 0, 0
10957, 880, 0, 0, 0
10957, 290, 1, 0, 0
11057, 450, 0, 0, 0
11057, 170, 1, 0, 0
11157, 950, 0, 0, 0
11157, 310, 1, 0, 0
11258, 620, 0, 0, 0
11258, 400, 1, 0, 0
11358, 860, 0, 0, 0
11358, 320, 1, 0, 0
11458, 860, 0, 0, 0
11458, 320, 1, 0, 0
11558, 750, 0, 0, 0
11558, 320, 1, 0, 0
11658, 740, 0, 0, 0
11658, 360, 1, 0, 0
11759, 720, 0, 0, 0
11759, 360, 1, 0, 0
11859, 740, 0, 0, 0
11859, 310, 1, 0, 0
11959, 850, 0, 0, 0
11959, 340, 1, 0, 0
12059, 830, 0, 0, 0
12059, 270, 1, 0, 0
12159, 780, 0, 0, 0
12159, 340, 1, 0, 0
12259, 710, 0, 0, 0
12259, 350, 1, 0, 0
12359, 720, 0, 0, 0
12359, 350, 1, 0, 0
12459, 10, 0, 0, 0
12560, 70, 0, 0, 0
12560, 50, 1, 0, 0
12660, 460, 0, 0, 0
12660, 230, 1, 0, 0
12760, 180, 0, 0, 0
12760, 90, 1, 0, 0
12860, 740, 0, 0, 0
12860, 370, 1, 0, 0
12960, 830, 0, 0, 0
12960, 340, 1, 0, 0
13060, 920, 0, 0, 0
13060, 360, 1, 0, 0
13160, 870, 0, 0, 0
13160, 320, 1, 0, 0
13260, 520, 0, 0, 0
13260, 210, 1, 0, 0
13360, 750, 0, 0, 0
13360, 380, 1, 0, 0
13460, 890, 0, 0, 0
13460, 280, 1, 0, 0
13561, 880, 0, 0, 0
13561, 280, 1, 0, 0
13661, 720, 0, 0, 0
13661, 400, 1, 0, 0
13761, 780, 0, 0, 0
13761, 300, 1, 0, 0
13861, 910, 0, 0, 0
13861, 270, 1, 0, 0
13961, 810, 0, 0, 0
13961, 340, 1, 0, 0
14061, 630, 0, 0, 0
14061, 380, 1, 0, 0
14161, 740, 0, 0, 0
14161, 360, 1, 0, 0
14262, 630, 0, 0, 0
14262, 310, 1, 0, 0
14362, 620, 0, 0, 0
14362, 290, 1, 0, 0
14462, 760, 0, 0, 0
14462, 360, 1, 0, 0
14562, 840, 0, 0, 0
14562, 300, 1, 0, 0
14662, 730, 0, 0, 0
14662, 310, 1, 0, 0
14762, 610, 0, 0, 0
14762, 320, 1, 0, 0
14862, 720, 0, 0, 0
14862, 340, 1, 0, 0
14962, 690, 0, 0, 0
14962, 410, 1, 0, 0
15063, 780, 0, 0, 0
15063, 380, 1, 0, 0
15163, 730, 0, 0, 0
15163, 380, 1, 0, 0
15263, 730, 0, 0, 0
15263, 320, 1, 0, 0
15363, 660, 0, 0, 0
15363, 420, 1, 0, 0
15463, 790, 0, 0, 0
15463, 340, 1, 0, 0
15563, 660, 0, 0, 0
15563, 320, 1, 0, 0
15663, 790, 0, 0, 0
15663, 320, 1, 0, 0
15764, 660, 0, 0, 0
15764, 290, 1, 0, 0
15864, 680, 0, 0, 0
15864, 330, 1, 0, 0
15964, 700, 0, 0, 0
15964, 320, 1, 0, 0
16064, 830, 0, 0, 0
16064, 290, 1, 0, 0
16164, 20, 0, 0, 0
16164, 20, 1, 0, 0
16264, 810, 0, 0, 0
16264, 300, 1, 0, 0
16364, 770, 0, 0, 0
16364, 390, 1, 0, 0
16464, 760, 0, 0, 0
16464, 290, 1, 0, 0
16565, 700, 0, 0, 0
16565, 340, 1, 0, 0
16665, 580, 0, 0, 0
16665, 190, 1, 0, 0
16765, 540, 0, 0, 0
16765, 300, 1, 0, 0
16865, 900, 0, 0, 0
16865, 250, 1, 0, 0
16965, 820, 0, 0, 0
16965, 310, 1, 0, 0
17065, 760, 0, 0, 0
17065, 360, 1, 0, 0
17165, 750, 0, 0, 0
17165, 380, 1, 0, 0
17266, 750, 0, 0, 0
17266, 310, 1, 0, 0
17366, 390, 0, 0, 0
17366, 190, 1, 0, 0
17466, 280, 0, 0, 0
17466, 140, 1, 0, 0
17566, 10, 0, 0, 0
17566, 10, 1, 0, 0
17666, 40, 0, 0, 0
17666, 30, 1, 0, 0
17766, 50, 0, 0, 0
17766, 20, 1, 0, 0
17866, 250, 0, 0, 0
17866, 110, 1, 0, 0
17966, 670, 0, 0, 0
17966, 330, 1, 0, 0
18067, 790, 0, 0, 0
18067, 420, 1, 0, 0
18167, 830, 0, 0, 0
18167, 360, 1, 0, 0
18267, 830, 0, 0, 0
18267, 370, 1, 0, 0
18367, 700, 0, 0, 0
18367, 260, 1, 0, 0
18467, 820, 0, 0, 0
18467, 390, 1, 0, 0
18568, 900, 0, 0, 0
18568, 340, 1, 0, 0
18668, 810, 0, 0, 0
18668, 370, 1, 0, 0
18768, 810, 0, 0, 0
18768, 290, 1, 0, 0
18868, 830, 0, 0, 0
18868, 310, 1, 0, 0
18968, 670, 0, 0, 0
18968, 310, 1, 0, 0
19068, 800, 0, 0, 0
19068, 350, 1, 0, 0
19168, 830, 0, 0, 0
19168, 250, 1, 0, 0
19268, 900, 0, 0, 0
19268, 280, 1, 0, 0
19368, 740, 0, 0, 0
19368, 290, 1, 0, 0
19468, 770, 0, 0, 0
19468, 350, 1, 0, 0
19569, 790, 0, 0, 0
19569, 310, 1, 0, 0
19669, 660, 0, 0, 0
19669, 390, 1, 0, 0
19769, 670, 0, 0, 0
19769, 330, 1, 0, 0
19869, 720, 0, 0, 0
19869, 340, 1, 0, 0
19969, 750, 0, 0, 0
19969, 280, 1, 0, 0
20069, 830, 0, 0, 0
20069, 310, 1, 0, 0
20169, 700, 0, 0, 0
20169, 360, 1, 0, 0
20270, 780, 0, 0, 0
20270, 290, 1, 0, 0
20370, 690, 0, 0, 0
20370, 320, 1, 0, 0
20470, 710, 0, 0, 0
20470, 390, 1, 0, 0
20570, 740, 0, 0, 0
20570, 340, 1, 0, 0
20670, 700, 0, 0, 0
20670, 390, 1, 0, 0
20770, 830, 0, 0, 0
20770, 330, 1, 0, 0
20870, 780, 0, 0, 0
20870, 320, 1, 0, 0
20970, 740, 0, 0, 0
20970, 340, 1, 0, 0
21071, 830, 0, 0, 0
21071, 320, 1, 0, 0
21171, 940, 0, 0, 0
21171, 280, 1, 0, 0
21271, 700, 0, 0, 0
21271, 360, 1, 0, 0
21371, 840, 0, 0, 0
21371, 310, 1, 0, 0
21471, 790, 0, 0, 0
21471, 270, 1, 0, 0
21571, 850, 0, 0, 0
21571, 290, 1, 0, 0
21672, 800, 0, 0, 0
21672, 330, 1, 0, 0
21772, 790, 0, 0, 0
21772, 340, 1, 0, 0
21872, 650, 0, 0, 0
21872, 320, 1, 0, 0
21972, 580, 0, 0, 0
21972, 270, 1, 0, 0
22072, 450, 0, 0, 0
22072, 170, 1, 0, 0
22172, 970, 0, 0, 0
22172, 340, 1, 0, 0
22273, 760, 0, 0, 0
22273, 350, 1, 0, 0
22373, 870, 0, 0, 0
22373, 330, 1, 0, 0
22473, 710, 0, 0, 0
22473, 320, 1, 0, 0
22573, 690, 0, 0, 0
22573, 370, 1, 0, 0
22673, 740, 0, 0, 0
22673, 370, 1, 0, 0
22773, 910, 0, 0, 0
22773, 310, 1, 0, 0
22873, 910, 0, 0, 0
22873, 290, 1, 0, 0
22973, 750, 0, 0, 0
22973, 310, 1, 0, 0
23074, 800, 0, 0, 0
23074, 310, 1, 0, 0
23174, 710, 0, 0, 0
23174, 350, 1, 0, 0
23274, 800, 0, 0, 0
23274, 320, 1, 0, 0
23374, 650, 0, 0, 0
23374, 410, 1, 0, 0
23474, 800, 0, 0, 0
23474, 360, 1, 0, 0
23575, 660, 0, 0, 0
23575, 360, 1, 0, 0
23675, 740, 0, 0, 0
23675, 340, 1, 0, 0
23775, 880, 0, 0, 0
23775, 330, 1, 0, 0
23875, 710, 0, 0, 0
23875, 340, 1, 0, 0
23975, 810, 0, 0, 0
23975, 320, 1, 0, 0
24075, 660, 0, 0, 0
24075, 380, 1, 0, 0
24175, 750, 0, 0, 0
24175, 300, 1, 0, 0
24276, 810, 0, 0, 0
24276, 310, 1, 0, 0
24376, 840, 0, 0, 0
24376, 380, 1, 0, 0
24476, 650, 0, 0, 0
24476, 320, 1, 0, 0
24576, 910, 0, 0, 0
24576, 310, 1, 0, 0
24676, 870, 0, 0, 0
24676, 320, 1, 0, 0
24776, 840, 0, 0, 0
24776, 330, 1, 0, 0
24876, 590, 0, 0, 0
24876, 390, 1, 0, 0
24976, 820, 0, 0, 0
24976, 340, 1, 0, 0
25077, 730, 0, 0, 0
25077, 360, 1, 0, 0
25177, 810, 0, 0, 0
25177, 360, 1, 0, 0
25277, 850, 0, 0, 0
25277, 300, 1, 0, 0
25377, 880, 0, 0, 0
25377, 300, 1, 0, 0
25477, 860, 0, 0, 0
25477, 290, 1, 0, 0
25577, 880, 0, 0, 0
25577, 290, 1, 0, 0
25677, 690, 0, 0, 0
25677, 370, 1, 0, 0
25777, 840, 0, 0, 0
25777, 350, 1, 0, 0
25878, 900, 0, 0, 0
25878, 230, 1, 0, 0
25978, 780, 0, 0, 0
25978, 370, 1, 0, 0
26078, 760, 0, 0, 0
26078, 380, 1, 0, 0
26178, 780, 0, 0, 0
26178, 340, 1, 0, 0
26278, 730, 0, 0, 0
26278, 340, 1, 0, 0
26378, 900, 0, 0, 0
26378, 270, 1, 0, 0
26478, 770, 0, 0, 0
26478, 350, 1, 0, 0
26578, 880, 0, 0, 0
26578, 340, 1, 0, 0
26678, 850, 0, 0, 0
26678, 360, 1, 0, 0
26779, 820, 0, 0, 0
26779, 300, 1, 0, 0
26879, 750, 0, 0, 0
26879, 310, 1, 0, 0
26979, 900, 0, 0, 0
26979, 330, 1, 0, 0
27079, 810, 0, 0, 0
27079, 340, 1, 0, 0
27180, 801, 0, 0, 0
27180, 366, 1, 0, 0
27280, 720, 0, 0, 0
27280, 380, 1, 0, 0
27381, 800, 0, 0, 0
27381, 360, 1, 0, 0
27481, 740, 0, 0, 0
27481, 260, 1, 0, 0
27581, 860, 0, 0, 0
27581, 280, 1, 0, 0
27681, 780, 0, 0, 0
27681, 320, 1, 0, 0
27781, 680, 0, 0, 0
27781, 370, 1, 0, 0
27881, 860, 0, 0, 0
27881, 280, 1, 0, 0
27981, 750, 0, 0, 0
27981, 360, 1, 0, 0
28081, 670, 0, 0, 0
28081, 390, 1, 0, 0
28181, 840, 0, 0, 0
28181, 330, 1, 0, 0
28282, 740, 0, 0, 0
28282, 370, 1, 0, 0
28382, 800, 0, 0, 0
28382, 370, 1, 0, 0
28482, 930, 0, 0, 0
28482, 240, 1, 0, 0
28582, 810, 0, 0, 0
28582, 340, 1, 0, 0
28682, 840, 0, 0, 0
28682, 350, 1, 0, 0
28782, 760, 0, 0, 0
28782, 370, 1, 0, 0
28882, 900, 0, 0, 0
28882, 230, 1, 0, 0
28982, 860, 0, 0, 0
28982, 330, 1, 0, 0
29083, 840, 0, 0, 0
29083, 400, 1, 0, 0
29183, 830, 0, 0, 0
29183, 350, 1, 0, 0
29283, 860, 0, 0, 0
29283, 280, 1, 0, 0
29383, 970, 0, 0, 0
29383, 300, 1, 0, 0
29483, 730, 0, 0, 0
29483, 390, 1, 0, 0
29583, 800, 0, 0, 0
29583, 290, 1, 0, 0
29683, 890, 0, 0, 0
29683, 350, 1, 0, 0
29784, 720, 0, 0, 0
29784, 350, 1, 0, 0
29884, 720, 0, 0, 0
29884, 380, 1, 0, 0
29984, 810, 0, 0, 0
29984, 350, 1, 0, 0
30084, 770, 0, 0, 0
30084, 400, 1, 0, 0
30184, 790, 0, 0, 0
30184, 380, 1, 0, 0
30284, 910, 0, 0, 0
30284, 320, 1, 0, 0
30384, 650, 0, 0, 0
30384, 430, 1, 0, 0
30484, 680, 0, 0, 0
30484, 330, 1, 0, 0
30584, 880, 0, 0, 0
30584, 340, 1, 0, 0
30685, 850, 0, 0, 0
30685, 320, 1, 0, 0
30785, 830, 0, 0, 0
30785, 380, 1, 0, 0
30885, 700, 0, 0, 0
30885, 420, 1, 0, 0
30985, 680, 0, 0, 0
30985, 360, 1, 0, 0
31085, 690, 0, 0, 0
31085, 370, 1, 0, 0
31185, 890, 0, 0, 0
31185, 370, 1, 0, 0
31285, 980, 0, 0, 0
31285, 310, 1, 0, 0
31385, 710, 0, 0, 0
31385, 370, 1, 0, 0
31485, 810, 0, 0, 0
31485, 420, 1, 0, 0
31586, 910, 0, 0, 0
31586, 340, 1, 0, 0
31686, 810, 0, 0, 0
31686, 320, 1, 0, 0
31788, 705, 0, 0, 0
31788, 382, 1, 0, 0
31888, 710, 0, 0, 0
31888, 360, 1, 0, 0
31988, 840, 0, 0, 0
31988, 400, 1, 0, 0
32088, 830, 0, 0, 0
32088, 350, 1, 0, 0
32188, 940, 0, 0, 0
32188, 290, 1, 0, 0
32288, 880, 0, 0, 0
32288, 320, 1, 0, 0
32389, 750, 0, 0, 0
32389, 360, 1, 0, 0
32489, 790, 0, 0, 0
32489, 340, 1, 0, 0
32589, 950, 0, 0, 0
32589, 370, 1, 0, 0
32689, 750, 0, 0, 0
32689, 430, 1, 0, 0
32790, 910, 0, 0, 0
32790, 300, 1, 0, 0
32890, 810, 0, 0, 0
32890, 340, 1, 0, 0
32990, 880, 0, 0, 0
32990, 310, 1, 0, 0
33090, 540, 0, 0, 0
33090, 240, 1, 0, 0
33190, 920, 0, 0, 0
33190, 340, 1, 0, 0
33291, 750, 0, 0, 0
33291, 460, 1, 0, 0
33391, 790, 0, 0, 0
33391, 350, 1, 0, 0
33492, 840, 0, 0, 0
33492, 380, 1, 0, 0
33592, 760, 0, 0, 0
33592, 360, 1, 0, 0
33692, 790, 0, 0, 0
33692, 370, 1, 0, 0
33792, 860, 0, 0, 0
33792, 340, 1, 0, 0
33892, 850, 0, 0, 0
33892, 300, 1, 0, 0
33992, 760, 0, 0, 0
33992, 350, 1, 0, 0
34093, 630, 0, 0, 0
34093, 420, 1, 0, 0
34193, 760, 0, 0, 0
34193, 370, 1, 0, 0
34293, 800, 0, 0, 0
34293, 380, 1, 0, 0
34393, 810, 0, 0, 0
34393, 320, 1, 0, 0
34493, 950, 0, 0, 0
34493, 320, 1, 0, 0
34593, 910, 0, 0, 0
34593, 360, 1, 0, 0
34693, 850, 0, 0, 0
34693, 340, 1, 0, 0
34793, 730, 0, 0, 0
34793, 310, 1, 0, 0
34893, 720, 0, 0, 0
34893, 370, 1, 0, 0
34994, 860, 0, 0, 0
34994, 330, 1, 0, 0
35094, 800, 0, 0, 0
35094, 370, 1, 0, 0
35194, 930, 0, 0, 0
35194, 320, 1, 0, 0
35294, 730, 0, 0, 0
35294, 370, 1, 0, 0
35394, 990, 0, 0, 0
35394, 300, 1, 0, 0
35494, 740, 0, 0, 0
35494, 460, 1, 0, 0
35594, 870, 0, 0, 0
35594, 340, 1, 0, 0
35694, 820, 0, 0, 0
35694, 370, 1, 0, 0
35795, 850, 0, 0, 0
35795, 340, 1, 0, 0
35895, 720, 0, 0, 0
35895, 350, 1, 0, 0
35995, 670, 0, 0, 0
35995, 350, 1, 0, 0
36095, 810, 0, 0, 0
36095, 340, 1, 0, 0
36195, 960, 0, 0, 0
36195, 340, 1, 0, 0
36296, 850, 0, 0, 0
36296, 360, 1, 0, 0
36396, 840, 0, 0, 0
36396, 330, 1, 0, 0
36496, 920, 0, 0, 0
36496, 330, 1, 0, 0
36596, 680, 0, 0, 0
36596, 460, 1, 0, 0
36696, 880, 0, 0, 0
36696, 360, 1, 0, 0
36796, 810, 0, 0, 0
36796, 340, 1, 0, 0
36896, 450, 0, 0, 0
36896, 200, 1, 0, 0
36996, 780, 0, 0, 0
36996, 380, 1, 0, 0
37097, 790, 0, 0, 0
37097, 360, 1, 0, 0
37197, 700, 0, 0, 0
37197, 400, 1, 0, 0
37297, 770, 0, 0, 0
37297, 360, 1, 0, 0
37397, 910, 0, 0, 0
37397, 390, 1, 0, 0
37497, 840, 0, 0, 0
37497, 320, 1, 0, 0
37597, 570, 0, 0, 0
37597, 220, 1, 0, 0
37697, 780, 0, 0, 0
37697, 460, 1, 0, 0
37797, 930, 0, 0, 0
37797, 380, 1, 0, 0
37897, 320, 0, 0, 0
37897, 310, 1, 0, 0
37997, 520, 0, 0, 0
37997, 260, 1, 0, 0
38098, 860, 0, 0, 0
38098, 410, 1, 0, 0
38198, 890, 0, 0, 0
38198, 370, 1, 0, 0
38298, 680, 0, 0, 0
38298, 400, 1, 0, 0
38398, 770, 0, 0, 0
38398, 410, 1, 0, 0
38498, 870, 0, 0, 0
38498, 310, 1, 0, 0
38599, 800, 0, 0, 0
38599, 420, 1, 0, 0
38699, 920, 0, 0, 0
38699, 300, 1, 0, 0
38799, 810, 0, 0, 0
38799, 390, 1, 0, 0
38899, 1020, 0, 0, 0
38899, 240, 1, 0, 0
38999, 840, 0, 0, 0
38999, 310, 1, 0, 0
39099, 460, 0, 0, 0
39099, 220, 1, 0, 0
39199, 730, 0, 0, 0
39199, 350, 1, 0, 0
39299, 930, 0, 0, 0
39299, 330, 1, 0, 0
39400, 710, 0, 0, 0
39400, 440, 1, 0, 0
39500, 690, 0, 0, 0
39500, 380, 1, 0, 0
39600, 740, 0, 0, 0
39600, 320, 1, 0, 0
39700, 860, 0, 0, 0
39700, 360, 1, 0, 0
39800, 770, 0, 0, 0
39800, 360, 1, 0, 0
39900, 910, 0, 0, 0
39900, 310, 1, 0, 0
39999, 737, 0, 0, 0
39999, 404, 1, 0, 0
40099, 810, 0, 0, 0
40099, 360, 1, 0, 0
40199, 1060, 0, 0, 0
40199, 310, 1, 0, 0
40300, 1060, 0, 0, 0
40300, 310, 1, 0, 0
40400, 880, 0, 0, 0
40400, 340, 1, 0, 0
40499, 838, 0, 0, 0
40499, 424, 1, 0, 0
40599, 930, 0, 0, 0
40599, 280, 1, 0, 0
40699, 810, 0, 0, 0
40699, 410, 1, 0, 0
40799, 810, 0, 0, 0
40799, 380, 1, 0, 0
40899, 760, 0, 0, 0
40899, 350, 1, 0, 0
41000, 830, 0, 0, 0
41000, 340, 1, 0, 0
41100, 910, 0, 0, 0
41100, 340, 1, 0, 0
41200, 730, 0, 0, 0
41200, 370, 1, 0, 0
41300, 850, 0, 0, 0
41300, 390, 1, 0, 0
41400, 690, 0, 0, 0
41400, 330, 1, 0, 0
41499, 838, 0, 0, 0
41499, 353, 1, 0, 0
41599, 860, 0, 0, 0
41599, 330, 1, 0, 0
41699, 900, 0, 0, 0
41699, 380, 1, 0, 0
41799, 890, 0, 0, 0
41799, 300, 1, 0, 0
41899, 750, 0, 0, 0
41899, 350, 1, 0, 0
42000, 500, 0, 0, 0
42000, 260, 1, 0, 0
42100, 810, 0, 0, 0
42100, 360, 1, 0, 0
42200, 780, 0, 0, 0
42200, 360, 1, 0, 0
42300, 970, 0, 0, 0
42300, 340, 1, 0, 0
42400, 910, 0, 0, 0
42400, 310, 1, 0, 0
42499, 838, 0, 0, 0
42499, 353, 1, 0, 0
42599, 930, 0, 0, 0
42599, 270, 1, 0, 0
42699, 800, 0, 0, 0
42699, 390, 1, 0, 0
42800, 810, 0, 0, 0
42800, 390, 1, 0, 0
42900, 730, 0, 0, 0
42900, 420, 1, 0, 0
42999, 818, 0, 0, 0
42999, 373, 1, 0, 0
43099, 790, 0, 0, 0
43099, 350, 1, 0, 0
43199, 770, 0, 0, 0
43199, 340, 1, 0, 0
43299, 190, 0, 0, 0
43299, 110, 1, 0, 0
43399, 20, 0, 0, 0
43399, 10, 1, 0, 0
43499, 420, 0, 0, 0
43499, 180, 1, 0, 0
43599, 560, 0, 0, 0
43599, 270, 1, 0, 0
43700, 550, 0, 0, 0
43700, 260, 1, 0, 0
43800, 850, 0, 0, 0
43800, 390, 1, 0, 0
43900, 780, 0, 0, 0
43900, 460, 1, 0, 0
43999, 959, 0, 0, 0
43999, 363, 1, 0, 0
44099, 820, 0, 0, 0
44099, 300, 1, 0, 0
44199, 950, 0, 0, 0
44199, 340, 1, 0, 0
44299, 810, 0, 0, 0
44299, 300, 1, 0, 0
44399, 1030, 0, 0, 0
44399, 300, 1, 0, 0
44499, 940, 0, 0, 0
44499, 330, 1, 0, 0
44600, 770, 0, 0, 0
44600, 430, 1, 0, 0
44700, 910, 0, 0, 0
44700, 420, 1, 0, 0
44800, 850, 0, 0, 0
44800, 400, 1, 0, 0
44900, 830, 0, 0, 0
44900, 350, 1, 0, 0
44999, 808, 0, 0, 0
44999, 363, 1, 0, 0
45100, 810, 0, 0, 0
45100, 350, 1, 0, 0
45200, 980, 0, 0, 0
45200, 220, 1, 0, 0
45300, 790, 0, 0, 0
45300, 310, 1, 0, 0
45400, 910, 0, 0, 0
45400, 290, 1, 0, 0
45499, 828, 0, 0, 0
45499, 383, 1, 0, 0
45599, 920, 0, 0, 0
45599, 310, 1, 0, 0
45699, 700, 0, 0, 0
45699, 440, 1, 0, 0
45799, 900, 0, 0, 0
45799, 360, 1, 0, 0
45899, 830, 0, 0, 0
45899, 330, 1, 0, 0
46000, 790, 0, 0, 0
46000, 300, 1, 0, 0
46100, 870, 0, 0, 0
46100, 370, 1, 0, 0
46200, 920, 0, 0, 0
46200, 270, 1, 0, 0
46300, 830, 0, 0, 0
46300, 340, 1, 0, 0
46400, 740, 0, 0, 0
46400, 390, 1, 0, 0
46499, 757, 0, 0, 0
46499, 313, 1, 0, 0
46599, 940, 0, 0, 0
46599, 300, 1, 0, 0
46699, 880, 0, 0, 0
46699, 310, 1, 0, 0
46799, 750, 0, 0, 0
46799, 380, 1, 0, 0
46899, 870, 0, 0, 0
46899, 360, 1, 0, 0
47000, 940, 0, 0, 0
47000, 310, 1, 0, 0
47100, 610, 0, 0, 0
47100, 240, 1, 0, 0
47200, 720, 0, 0, 0
47200, 220, 1, 0, 0
47300, 990, 0, 0, 0
47300, 330, 1, 0, 0
47400, 920, 0, 0, 0
47400, 400, 1, 0, 0
47499, 808, 0, 0, 0
47499, 313, 1, 0, 0
47599, 840, 0, 0, 0
47599, 280, 1, 0, 0
47699, 800, 0, 0, 0
47699, 330, 1, 0, 0
47799, 830, 0, 0, 0
47799, 390, 1, 0, 0
47900, 700, 0, 0, 0
47900, 370, 1, 0, 0
48000, 920, 0, 0, 0
48000, 270, 1, 0, 0
48100, 580, 0, 0, 0
48100, 160, 1, 0, 0
48200, 360, 0, 0, 0
48200, 270, 1, 0, 0
48300, 370, 0, 0, 0
48300, 80, 1, 0, 0
48400, 30, 0, 0, 0
48499, 30, 0, 0, 0
48499, 60, 1, 0, 0
48599, 210, 0, 0, 0
48599, 70, 1, 0, 0
48699, 400, 0, 0, 0
48699, 120, 1, 0, 0
48799, 580, 0, 0, 0
48799, 170, 1, 0, 0
48900, 780, 0, 0, 0
48900, 350, 1, 0, 0
49000, 940, 0, 0, 0
49000, 280, 1, 0, 0
49100, 880, 0, 0, 0
49100, 300, 1, 0, 0
49200, 850, 0, 0, 0
49200, 240, 1, 0, 0
49300, 870, 0, 0, 0
49300, 420, 1, 0, 0
49400, 900, 0, 0, 0
49400, 290, 1, 0, 0
49499, 898, 0, 0, 0
49499, 333, 1, 0, 0
49599, 810, 0, 0, 0
49599, 380, 1, 0, 0
49699, 780, 0, 0, 0
49699, 400, 1, 0, 0
49800, 870, 0, 0, 0
49800, 350, 1, 0, 0
49900, 1040, 0, 0, 0
49900, 320, 1, 0, 0
49999, 767, 0, 0, 0
49999, 383, 1, 0, 0
50099, 660, 0, 0, 0
50099, 350, 1, 0, 0
50199, 860, 0, 0, 0
50199, 350, 1, 0, 0
50300, 830, 0, 0, 0
50300, 370, 1, 0, 0
50400, 850, 0, 0, 0
50400, 330, 1, 0, 0
50499, 818, 0, 0, 0
50499, 323, 1, 0, 0
50599, 790, 0, 0, 0
50599, 300, 1, 0, 0
50699, 890, 0, 0, 0
50699, 280, 1, 0, 0
50799, 940, 0, 0, 0
50799, 330, 1, 0, 0
50899, 880, 0, 0, 0
50899, 270, 1, 0, 0
51000, 710, 0, 0, 0
51000, 420, 1, 0, 0
51100, 670, 0, 0, 0
51100, 310, 1, 0, 0
51200, 680, 0, 0, 0
51200, 340, 1, 0, 0
51300, 940, 0, 0, 0
51300, 340, 1, 0, 0
51400, 870, 0, 0, 0
51400, 310, 1, 0, 0
51499, 818, 0, 0, 0
51499, 353, 1, 0, 0
51599, 900, 0, 0, 0
51599, 320, 1, 0, 0
51699, 760, 0, 0, 0
51699, 370, 1, 0, 0
51800, 790, 0, 0, 0
51800, 380, 1, 0, 0
51900, 620, 0, 0, 0
51900, 460, 1, 0, 0
51999, 797, 0, 0, 0
51999, 333, 1, 0, 0
52099, 800, 0, 0, 0
52099, 290, 1, 0, 0
52199, 780, 0, 0, 0
52199, 300, 1, 0, 0
52299, 860, 0, 0, 0
52299, 360, 1, 0, 0
52399, 780, 0, 0, 0
52399, 370, 1, 0, 0
52499, 810, 0, 0, 0
52499, 310, 1, 0, 0
52599, 870, 0, 0, 0
52599, 370, 1, 0, 0
52700, 890, 0, 0, 0
52700, 290, 1, 0, 0
52800, 890, 0, 0, 0
52800, 310, 1, 0, 0
52900, 980, 0, 0, 0
52900, 330, 1, 0, 0
52999, 797, 0, 0, 0
52999, 343, 1, 0, 0
53099, 490, 0, 0, 0
53099, 220, 1, 0, 0
53199, 50, 0, 0, 0
53199, 10, 1, 0, 0
53400, 50, 0, 0, 0
53400, 30, 1, 0, 0
53599, 20, 0, 0, 0
53599, 10, 1, 0, 0
53699, 60, 0, 0, 0
53699, 20, 1, 0, 0
53799, 160, 0, 0, 0
53799, 70, 1, 0, 0
53899, 150, 0, 0, 0
53899, 60, 1, 0, 0
53999, 750, 0, 0, 0
53999, 340, 1, 0, 0
54099, 930, 0, 0, 0
54099, 340, 1, 0, 0
54199, 890, 0, 0, 0
54199, 330, 1, 0, 0
54300, 700, 0, 0, 0
54300, 350, 1, 0, 0
54400, 720, 0, 0, 0
54400, 410, 1, 0, 0
54500, 740, 0, 0, 0
54500, 380, 1, 0, 0
54600, 910, 0, 0, 0
54600, 390, 1, 0, 0
54700, 770, 0, 0, 0
54700, 400, 1, 0, 0
54800, 920, 0, 0, 0
54800, 330, 1, 0, 0
54900, 640, 0, 0, 0
54900, 460, 1, 0, 0
54999, 838, 0, 0, 0
54999, 373, 1, 0, 0
55099, 980, 0, 0, 0
55099, 340, 1, 0, 0
55199, 760, 0, 0, 0
55199, 320, 1, 0, 0
55299, 810, 0, 0, 0
55299, 320, 1, 0, 0
55400, 910, 0, 0, 0
55400, 340, 1, 0, 0
55500, 970, 0, 0, 0
55500, 310, 1, 0, 0
55600, 770, 0, 0, 0
55600, 410, 1, 0, 0
55700, 850, 0, 0, 0
55700, 290, 1, 0, 0
55800, 820, 0, 0, 0
55800, 300, 1, 0, 0
55900, 750, 0, 0, 0
55900, 300, 1, 0, 0
55999, 747, 0, 0, 0
55999, 323, 1, 0, 0
56099, 780, 0, 0, 0
56099, 400, 1, 0, 0
56199, 840, 0, 0, 0
56199, 320, 1, 0, 0
56300, 480, 0, 0, 0
56300, 170, 1, 0, 0
56400, 870, 0, 0, 0
56400, 350, 1, 0, 0
56500, 840, 0, 0, 0
56500, 380, 1, 0, 0
56600, 280, 0, 0, 0
56600, 80, 1, 0, 0
56700, 570, 0, 0, 0
56700, 280, 1, 0, 0
56800, 840, 0, 0, 0
56800, 380, 1, 0, 0
56900, 860, 0, 0, 0
56900, 360, 1, 0, 0
56999, 797, 0, 0, 0
56999, 383, 1, 0, 0
57099, 840, 0, 0, 0
57099, 310, 1, 0, 0
57199, 680, 0, 0, 0
57199, 240, 1, 0, 0
57299, 860, 0, 0, 0
57299, 300, 1, 0, 0
57399, 760, 0, 0, 0
57399, 360, 1, 0, 0
57499, 1000, 0, 0, 0
57499, 282, 1, 0, 0
57599, 810, 0, 0, 0
57599, 310, 1, 0, 0
57699, 790, 0, 0, 0
57699, 260, 1, 0, 0
57799, 450, 0, 0, 0
57799, 240, 1, 0, 0
57899, 820, 0, 0, 0
57899, 380, 1, 0, 0
58000, 730, 0, 0, 0
58000, 310, 1, 0, 0
58100, 780, 0, 0, 0
58100, 350, 1, 0, 0
58200, 260, 0, 0, 0
58200, 90, 1, 0, 0
58300, 10, 1, 0, 0
58400, 20, 0, 0, 0
58499, 10, 1, 0, 0
58599, 20, 0, 0, 0
58699, 50, 0, 0, 0
58699, 20, 1, 0, 0
58800, 60, 0, 0, 0
58800, 40, 1, 0, 0
58900, 280, 0, 0, 0
58900, 80, 1, 0, 0
58999, 696, 0, 0, 0
58999, 181, 1, 0, 0
59099, 780, 0, 0, 0
59099, 390, 1, 0, 0
59199, 730, 0, 0, 0
59199, 300, 1, 0, 0
59299, 920, 0, 0, 0
59299, 310, 1, 0, 0
59399, 720, 0, 0, 0
59399, 360, 1, 0, 0
59499, 840, 0, 0, 0
59499, 320, 1, 0, 0
59599, 720, 0, 0, 0
59599, 420, 1, 0, 0
59700, 820, 0, 0, 0
59700, 330, 1, 0, 0
59800, 750, 0, 0, 0
59800, 300, 1, 0, 0
59900, 920, 0, 0, 0
59900, 330, 1, 0, 0
59999, 818, 0, 0, 0
59999, 353, 1, 0, 0
60099, 700, 0, 0, 0
60099, 350, 1, 0, 0
60199, 860, 0, 0, 0
60199, 230, 1, 0, 0
60299, 630, 0, 0, 0
60299, 360, 1, 0, 0
60399, 750, 0, 0, 0
60399, 340, 1, 0, 0
60500, 810, 0, 0, 0
60500, 420, 1, 0, 0
60600, 750, 0, 0, 0
60600, 370, 1, 0, 0
60700, 900, 0, 0, 0
60700, 330, 1, 0, 0
60800, 640, 0, 0, 0
60800, 370, 1, 0, 0
60900, 700, 0, 0, 0
60900, 370, 1, 0, 0
60999, 838, 0, 0, 0
60999, 262, 1, 0, 0
61099, 790, 0, 0, 0
61099, 350, 1, 0, 0
61199, 690, 0, 0, 0
61199, 330, 1, 0, 0
61300, 520, 0, 0, 0
61300, 160, 1, 0, 0
61400, 670, 0, 0, 0
61400, 410, 1, 0, 0
61499, 797, 0, 0, 0
61499, 343, 1, 0, 0
61599, 900, 0, 0, 0
61599, 300, 1, 0, 0
61699, 880, 0, 0, 0
61699, 300, 1, 0, 0
61799, 560, 0, 0, 0
61799, 370, 1, 0, 0
61899, 690, 0, 0, 0
61899, 380, 1, 0, 0
61999, 920, 0, 0, 0
61999, 270, 1, 0, 0
62100, 810, 0, 0, 0
62100, 340, 1, 0, 0
62200, 810, 0, 0, 0
62200, 390, 1, 0, 0
62300, 790, 0, 0, 0
62300, 350, 1, 0, 0
62400, 810, 0, 0, 0
62400, 280, 1, 0, 0
62499, 707, 0, 0, 0
62499, 424, 1, 0, 0
62599, 900, 0, 0, 0
62599, 360, 1, 0, 0
62699, 820, 0, 0, 0
62699, 330, 1, 0, 0
62799, 860, 0, 0, 0
62799, 340, 1, 0, 0
62899, 770, 0, 0, 0
62899, 310, 1, 0, 0
63000, 920, 0, 0, 0
63000, 300, 1, 0, 0
63100, 720, 0, 0, 0
63100, 310, 1, 0, 0
63200, 410, 0, 0, 0
63200, 120, 1, 0, 0
63300, 50, 0, 0, 0
63300, 50, 1, 0, 0
63400, 10, 1, 0, 0
63499, 20, 0, 0, 0
63499, 20, 1, 0, 0
63599, 40, 1, 0, 0
63699, 470, 0, 0, 0
63699, 200, 1, 0, 0
63799, 760, 0, 0, 0
63799, 340, 1, 0, 0
63899, 590, 0, 0, 0
63899, 270, 1, 0, 0
64000, 970, 0, 0, 0
64000, 320, 1, 0, 0
64100, 550, 0, 0, 0
64100, 290, 1, 0, 0
64200, 800, 0, 0, 0
64200, 400, 1, 0, 0
64300, 620, 0, 0, 0
64300, 390, 1, 0, 0
64400, 820, 0, 0, 0
64400, 310, 1, 0, 0
64499, 707, 0, 0, 0
64499, 424, 1, 0, 0
64599, 850, 0, 0, 0
64599, 380, 1, 0, 0
64699, 870, 0, 0, 0
64699, 390, 1, 0, 0
64799, 960, 0, 0, 0
64799, 320, 1, 0, 0
64899, 830, 0, 0, 0
64899, 320, 1, 0, 0
65000, 910, 0, 0, 0
65000, 310, 1, 0, 0
65100, 750, 0, 0, 0
65100, 370, 1, 0, 0
65200, 770, 0, 0, 0
65200, 270, 1, 0, 0
65300, 680, 0, 0, 0
65300, 370, 1, 0, 0
65400, 480, 0, 0, 0
65400, 260, 1, 0, 0
65499, 545, 0, 0, 0
65499, 292, 1, 0, 0
65599, 700, 0, 0, 0
65599, 430, 1, 0, 0
65699, 780, 0, 0, 0
65699, 350, 1, 0, 0
65799, 690, 0, 0, 0
65799, 340, 1, 0, 0
65900, 500, 0, 0, 0
65900, 280, 1, 0, 0
65999, 575, 0, 0, 0
65999, 232, 1, 0, 0
66099, 980, 0, 0, 0
66099, 270, 1, 0, 0
66199, 680, 0, 0, 0
66199, 320, 1, 0, 0
66299, 840, 0, 0, 0
66299, 320, 1, 0, 0
66399, 720, 0, 0, 0
66399, 330, 1, 0, 0
66499, 740, 0, 0, 0
66499, 300, 1, 0, 0
66599, 690, 0, 0, 0
66599, 360, 1, 0, 0
66700, 650, 0, 0, 0
66700, 430, 1, 0, 0
66800, 780, 0, 0, 0
66800, 330, 1, 0, 0
66900, 780, 0, 0, 0
66900, 330, 1, 0, 0
66999, 848, 0, 0, 0
66999, 282, 1, 0, 0
67099, 780, 0, 0, 0
67099, 340, 1, 0, 0
67199, 610, 0, 0, 0
67199, 370, 1, 0, 0
67299, 870, 0, 0, 0
67299, 310, 1, 0, 0
67399, 700, 0, 0, 0
67399, 410, 1, 0, 0
67499, 700, 0, 0, 0
67499, 360, 1, 0, 0
67600, 740, 0, 0, 0
67600, 370, 1, 0, 0
67700, 700, 0, 0, 0
67700, 390, 1, 0, 0
67800, 820, 0, 0, 0
67800, 310, 1, 0, 0
67900, 670, 0, 0, 0
67900, 380, 1, 0, 0
67999, 757, 0, 0, 0
67999, 333, 1, 0, 0
68099, 710, 0, 0, 0
68099, 380, 1, 0, 0
68199, 890, 0, 0, 0
68199, 240, 1, 0, 0
68299, 720, 0, 0, 0
68299, 270, 1, 0, 0
68399, 860, 0, 0, 0
68399, 340, 1, 0, 0
68500, 820, 0, 0, 0
68500, 300, 1, 0, 0
68600, 810, 0, 0, 0
68600, 380, 1, 0, 0
68700, 860, 0, 0, 0
68700, 280, 1, 0, 0
68800, 880, 0, 0, 0
68800, 330, 1, 0, 0
68900, 800, 0, 0, 0
68900, 350, 1, 0, 0
68999, 696, 0, 0, 0
68999, 393, 1, 0, 0
69099, 850, 0, 0, 0
69099, 280, 1, 0, 0
69199, 700, 0, 0, 0
69199, 290, 1, 0, 0
69300, 890, 0, 0, 0
69300, 330, 1, 0, 0
69400, 990, 0, 0, 0
69400, 290, 1, 0, 0
69500, 630, 0, 0, 0
69500, 340, 1, 0, 0
69600, 860, 0, 0, 0
69600, 360, 1, 0, 0
69700, 710, 0, 0, 0
69700, 340, 1, 0, 0
69800, 630, 0, 0, 0
69800, 390, 1, 0, 0
69900, 620, 0, 0, 0
69900, 410, 1, 0, 0
69999, 777, 0, 0, 0
69999, 323, 1, 0, 0
70099, 860, 0, 0, 0
70099, 310, 1, 0, 0
70199, 760, 0, 0, 0
70199, 440, 1, 0, 0
70300, 730, 0, 0, 0
70300, 280, 1, 0, 0
70400, 720, 0, 0, 0
70400, 370, 1, 0, 0
70499, 626, 0, 0, 0
70499, 333, 1, 0, 0
70699, 490, 0, 0, 0
70699, 230, 1, 0, 0
70799, 940, 0, 0, 0
70799, 400, 1, 0, 0
70899, 770, 0, 0, 0
70899, 420, 1, 0, 0
70999, 820, 0, 0, 0
70999, 290, 1, 0, 0
71099, 800, 0, 0, 0
71099, 350, 1, 0, 0
71199, 790, 0, 0, 0
71199, 350, 1, 0, 0
71300, 620, 0, 0, 0
71300, 270, 1, 0, 0
71400, 820, 0, 0, 0
71400, 340, 1, 0, 0
71499, 858, 0, 0, 0
71499, 303, 1, 0, 0
71599, 790, 0, 0, 0
71599, 380, 1, 0, 0
71699, 710, 0, 0, 0
71699, 330, 1, 0, 0
71799, 740, 0, 0, 0
71799, 360, 1, 0, 0
71899, 730, 0, 0, 0
71899, 350, 1, 0, 0
71999, 790, 0, 0, 0
71999, 280, 1, 0, 0
72099, 890, 0, 0, 0
72099, 310, 1, 0, 0
72199, 840, 0, 0, 0
72199, 380, 1, 0, 0
72300, 440, 0, 0, 0
72300, 220, 1, 0, 0
72400, 630, 0, 0, 0
72400, 340, 1, 0, 0
72499, 909, 0, 0, 0
72499, 353, 1, 0, 0
72599, 860, 0, 0, 0
72599, 350, 1, 0, 0
72699, 940, 0, 0, 0
72699, 260, 1, 0, 0
72799, 820, 0, 0, 0
72799, 350, 1, 0, 0
72899, 850, 0, 0, 0
72899, 320, 1, 0, 0
73000, 750, 0, 0, 0
73000, 270, 1, 0, 0
73100, 870, 0, 0, 0
73100, 290, 1, 0, 0
73200, 850, 0, 0, 0
73200, 390, 1, 0, 0
73300, 790, 0, 0, 0
73300, 270, 1, 0, 0
73400, 730, 0, 0, 0
73400, 290, 1, 0, 0
73499, 747, 0, 0, 0
73499, 323, 1, 0, 0
73599, 720, 0, 0, 0
73599, 390, 1, 0, 0
73699, 730, 0, 0, 0
73699, 300, 1, 0, 0
73800, 820, 0, 0, 0
73800, 370, 1, 0, 0
73900, 910, 0, 0, 0
73900, 310, 1, 0, 0
73999, 828, 0, 0, 0
73999, 292, 1, 0, 0
74099, 880, 0, 0, 0
74099, 340, 1, 0, 0
74199, 770, 0, 0, 0
74199, 370, 1, 0, 0
74300, 900, 0, 0, 0
74300, 320, 1, 0, 0
74400, 880, 0, 0, 0
74400, 260, 1, 0, 0
74499, 777, 0, 0, 0
74499, 353, 1, 0, 0
74599, 750, 0, 0, 0
74599, 390, 1, 0, 0
74699, 760, 0, 0, 0
74699, 320, 1, 0, 0
74799, 840, 0, 0, 0
74799, 360, 1, 0, 0
74899, 690, 0, 0, 0
74899, 360, 1, 0, 0
74999, 910, 0, 0, 0
74999, 270, 1, 0, 0
75099, 800, 0, 0, 0
75099, 350, 1, 0, 0
75200, 660, 0, 0, 0
75200, 400, 1, 0, 0
75300, 700, 0, 0, 0
75300, 390, 1, 0, 0
75400, 780, 0, 0, 0
75400, 250, 1, 0, 0
75499, 696, 0, 0, 0
75499, 333, 1, 0, 0
75599, 640, 0, 0, 0
75599, 280, 1, 0, 0
75699, 790, 0, 0, 0
75699, 320, 1, 0, 0
75799, 530, 0, 0, 0
75799, 200, 1, 0, 0
75899, 890, 0, 0, 0
75899, 280, 1, 0, 0
76000, 800, 0, 0, 0
76000, 260, 1, 0, 0
76100, 710, 0, 0, 0
76100, 340, 1, 0, 0
76200, 740, 0, 0, 0
76200, 310, 1, 0, 0
76300, 770, 0, 0, 0
76300, 320, 1, 0, 0
76400, 850, 0, 0, 0
76400, 250, 1, 0, 0
76499, 636, 0, 0, 0
76499, 292, 1, 0, 0
76599, 680, 0, 0, 0
76599, 320, 1, 0, 0
76699, 810, 0, 0, 0
76699, 260, 1, 0, 0
76800, 520, 0, 0, 0
76800, 280, 1, 0, 0
76900, 680, 0, 0, 0
76900, 370, 1, 0, 0
76999, 727, 0, 0, 0
76999, 333, 1, 0, 0
77099, 640, 0, 0, 0
77099, 340, 1, 0, 0
77199, 620, 0, 0, 0
77199, 380, 1, 0, 0
77300, 700, 0, 0, 0
77300, 340, 1, 0, 0
77400, 630, 0, 0, 0
77400, 360, 1, 0, 0
77499, 696, 0, 0, 0
77499, 292, 1, 0, 0
77599, 690, 0, 0, 0
77599, 370, 1, 0, 0
77699, 770, 0, 0, 0
77699, 310, 1, 0, 0
77799, 340, 0, 0, 0
77799, 170, 1, 0, 0
77899, 790, 0, 0, 0
77899, 370, 1, 0, 0
77999, 800, 0, 0, 0
77999, 320, 1, 0, 0
78100, 600, 0, 0, 0
78100, 390, 1, 0, 0
78200, 800, 0, 0, 0
78200, 310, 1, 0, 0
78300, 710, 0, 0, 0
78300, 290, 1, 0, 0
78400, 700, 0, 0, 0
78400, 320, 1, 0, 0
78499, 707, 0, 0, 0
78499, 343, 1, 0, 0
78599, 550, 0, 0, 0
78599, 390, 1, 0, 0
78699, 740, 0, 0, 0
78699, 330, 1, 0, 0
78799, 730, 0, 0, 0
78799, 340, 1, 0, 0
78899, 770, 0, 0, 0
78899, 270, 1, 0, 0
79000, 660, 0, 0, 0
79000, 340, 1, 0, 0
79100, 800, 0, 0, 0
79100, 310, 1, 0, 0
79200, 610, 0, 0, 0
79200, 310, 1, 0, 0
79300, 620, 0, 0, 0
79300, 380, 1, 0, 0
79400, 760, 0, 0, 0
79400, 300, 1, 0, 0
79499, 717, 0, 0, 0
79499, 333, 1, 0, 0
79599, 710, 0, 0, 0
79599, 300, 1, 0, 0
79699, 700, 0, 0, 0
79699, 350, 1, 0, 0
79799, 820, 0, 0, 0
79799, 340, 1, 0, 0
79900, 640, 0, 0, 0
79900, 380, 1, 0, 0
80000, 770, 0, 0, 0
80000, 340, 1, 0, 0
80100, 760, 0, 0, 0
80100, 290, 1, 0, 0
80200, 810, 0, 0, 0
80200, 280, 1, 0, 0
80300, 710, 0, 0, 0
80300, 320, 1, 0, 0
80400, 640, 0, 0, 0
80400, 300, 1, 0, 0
80499, 646, 0, 0, 0
80499, 343, 1, 0, 0
80599, 720, 0, 0, 0
80599, 310, 1, 0, 0
80699, 700, 0, 0, 0
80699, 330, 1, 0, 0
80800, 820, 0, 0, 0
80800, 300, 1, 0, 0
80900, 690, 0, 0, 0
80900, 310, 1, 0, 0
80999, 666, 0, 0, 0
80999, 373, 1, 0, 0
81099, 780, 0, 0, 0
81099, 300, 1, 0, 0
81199, 670, 0, 0, 0
81199, 320, 1, 0, 0
81299, 160, 0, 0, 0
81299, 70, 1, 0, 0
81399, 20, 0, 0, 0
81399, 10, 1, 0, 0
81499, 100, 0, 0, 0
81499, 10, 1, 0, 0
81599, 70, 0, 0, 0
81599, 30, 1, 0, 0
81699, 80, 0, 0, 0
81699, 50, 1, 0, 0
81800, 80, 0, 0, 0
81800, 30, 1, 0, 0
81900, 580, 0, 0, 0
81900, 190, 1, 0, 0
81999, 727, 0, 0, 0
81999, 252, 1, 0, 0
82099, 730, 0, 0, 0
82099, 360, 1, 0, 0
82199, 770, 0, 0, 0
82199, 300, 1, 0, 0
82299, 690, 0, 0, 0
82299, 310, 1, 0, 0
82399, 570, 0, 0, 0
82399, 310, 1, 0, 0
82499, 720, 0, 0, 0
82499, 350, 1, 0, 0
82599, 780, 0, 0, 0
82599, 340, 1, 0, 0
82699, 670, 0, 0, 0
82699, 350, 1, 0, 0
82800, 660, 0, 0, 0
82800, 390, 1, 0, 0
82900, 740, 0, 0, 0
82900, 340, 1, 0, 0
82999, 686, 0, 0, 0
82999, 333, 1, 0, 0
83099, 590, 0, 0, 0
83099, 260, 1, 0, 0
83199, 730, 0, 0, 0
83200, 290, 1, 0, 0
83300, 620, 0, 0, 0
83300, 400, 1, 0, 0
83400, 470, 0, 0, 0
83400, 160, 1, 0, 0
83499, 575, 0, 0, 0
83499, 292, 1, 0, 0
83599, 800, 0, 0, 0
83599, 330, 1, 0, 0
83699, 720, 0, 0, 0
83699, 310, 1, 0, 0
83799, 640, 0, 0, 0
83799, 370, 1, 0, 0
83899, 780, 0, 0, 0
83899, 270, 1, 0, 0
84000, 740, 0, 0, 0
84000, 270, 1, 0, 0
84100, 820, 0, 0, 0
84100, 280, 1, 0, 0
84200, 680, 0, 0, 0
84200, 290, 1, 0, 0
84300, 740, 0, 0, 0
84300, 300, 1, 0, 0
84402, 852, 0, 0, 0
84402, 235, 1, 0, 0
84502, 710, 0, 0, 0
84502, 300, 1, 0, 0
84602, 670, 0, 0, 0
84602, 330, 1, 0, 0
84702, 650, 0, 0, 0
84702, 310, 1, 0, 0
84803, 680, 0, 0, 0
84803, 310, 1, 0, 0
84903, 700, 0, 0, 0
84903, 300, 1, 0, 0
85003, 580, 0, 0, 0
85003, 350, 1, 0, 0
85103, 790, 0, 0, 0
85103, 280, 1, 0, 0
85203, 810, 0, 0, 0
85203, 270, 1, 0, 0
85303, 770, 0, 0, 0
85303, 280, 1, 0, 0
85403, 790, 0, 0, 0
85403, 240, 1, 0, 0
85504, 660, 0, 0, 0
85504, 290, 1, 0, 0
85604, 710, 0, 0, 0
85604, 330, 1, 0, 0
85704, 770, 0, 0, 0
85704, 260, 1, 0, 0
85804, 780, 0, 0, 0
85804, 300, 1, 0, 0
85905, 830, 0, 0, 0
85905, 280, 1, 0, 0
86005, 720, 0, 0, 0
86005, 340, 1, 0, 0
86105, 770, 0, 0, 0
86105, 290, 1, 0, 0
86205, 760, 0, 0, 0
86205, 290, 1, 0, 0
86306, 150, 0, 0, 0
86306, 60, 1, 0, 0
86406, 170, 0, 0, 0
86406, 60, 1, 0, 0
86506, 390, 0, 0, 0
86506, 200, 1, 0, 0
86606, 760, 0, 0, 0
86606, 270, 1, 0, 0
86706, 800, 0, 0, 0
86706, 300, 1, 0, 0
86806, 870, 0, 0, 0
86806, 250, 1, 0, 0
86906, 760, 0, 0, 0
86906, 310, 1, 0, 0
87006, 750, 0, 0, 0
87006, 320, 1, 0, 0
87107, 710, 0, 0, 0
87107, 290, 1, 0, 0
87207, 750, 0, 0, 0
87207, 370, 1, 0, 0
87307, 390, 0, 0, 0
87307, 170, 1, 0, 0
87407, 730, 0, 0, 0
87407, 330, 1, 0, 0
87507, 670, 0, 0, 0
87507, 310, 1, 0, 0
87607, 570, 0, 0, 0
87607, 310, 1, 0, 0
87707, 720, 0, 0, 0
87707, 330, 1, 0, 0
87808, 750, 0, 0, 0
87808, 330, 1, 0, 0
87908, 730, 0, 0, 0
87908, 280, 1, 0, 0
88008, 690, 0, 0, 0
88008, 340, 1, 0, 0
88108, 490, 0, 0, 0
88108, 330, 1, 0, 0
88208, 820, 0, 0, 0
88208, 270, 1, 0, 0
88308, 650, 0, 0, 0
88308, 290, 1, 0, 0
88408, 870, 0, 0, 0
88408, 270, 1, 0, 0
88509, 630, 0, 0, 0
88509, 280, 1, 0, 0
88609, 820, 0, 0, 0
88609, 260, 1, 0, 0
88709, 680, 0, 0, 0
88709, 310, 1, 0, 0
88809, 640, 0, 0, 0
88809, 290, 1, 0, 0
88909, 660, 0, 0, 0
88909, 330, 1, 0, 0
89010, 560, 0, 0, 0
89010, 290, 1, 0, 0
89110, 800, 0, 0, 0
89110, 270, 1, 0, 0
89210, 640, 0, 0, 0
89210, 280, 1, 0, 0
89310, 710, 0, 0, 0
89310, 320, 1, 0, 0
89410, 610, 0, 0, 0
89410, 240, 1, 0, 0
89510, 10, 1, 0, 0
89611, 20, 0, 0, 0
89611, 20, 1, 0, 0
89711, 480, 0, 0, 0
89711, 200, 1, 0, 0
89811, 30, 0, 0, 0
89911, 240, 0, 0, 0
89911, 80, 1, 0, 0
90011, 670, 0, 0, 0
90011, 250, 1, 0, 0
