100, 3406029, 0, 0, 0
200, 4021851, 0, 0, 0
300, 3805157, 0, 0, 0
400, 3820807, 0, 0, 0
500, 3598105, 0, 0, 0
600, 3528589, 0, 0, 0
700, 3769885, 0, 0, 0
800, 3528246, 0, 0, 0
900, 3598928, 0, 0, 0
1000, 3617882, 0, 0, 0
1100, 3893284, 0, 0, 0
1200, 3688885, 0, 0, 0
1300, 3832974, 0, 0, 0
1400, 3395321, 0, 0, 0
1500, 3498172, 0, 0, 0
1600, 3413595, 0, 0, 0
1700, 3568352, 0, 0, 0
1800, 3403360, 0, 0, 0
1900, 3563224, 0, 0, 0
2000, 5863813, 0, 0, 0
2109, 11936054, 0, 0, 0
2200, 7781248, 0, 0, 0
2300, 3805935, 0, 0, 0
2400, 3518927, 0, 0, 0
2500, 3193957, 0, 0, 0
2600, 4013543, 0, 0, 0
2700, 3791977, 0, 0, 0
2800, 4023829, 0, 0, 0
2900, 3883837, 0, 0, 0
3000, 3708696, 0, 0, 0
3100, 3801233, 0, 0, 0
3200, 4240123, 0, 0, 0
3300, 3595693, 0, 0, 0
3400, 3564398, 0, 0, 0
3500, 4374455, 0, 0, 0
3600, 4139031, 0, 0, 0
3700, 3240963, 0, 0, 0
3800, 3574664, 0, 0, 0
3900, 7935838, 0, 0, 0
4000, 4141019, 0, 0, 0
4100, 3618484, 0, 0, 0
4200, 4033783, 0, 0, 0
4300, 3640060, 0, 0, 0
4400, 3876561, 0, 0, 0
4500, 4147396, 0, 0, 0
4600, 3638757, 0, 0, 0
4700, 3510075, 0, 0, 0
4800, 3662868, 0, 0, 0
4900, 3723682, 0, 0, 0
5000, 3862248, 0, 0, 0
5100, 6107981, 0, 0, 0
5200, 3789043, 0, 0, 0
5300, 4218443, 0, 0, 0
5400, 3991903, 0, 0, 0
5500, 3927119, 0, 0, 0
5600, 3683696, 0, 0, 0
5700, 3986189, 0, 0, 0
5800, 4027768, 0, 0, 0
5900, 3918410, 0, 0, 0
6000, 3890354, 0, 0, 0
6101, 4194170, 0, 0, 0
6200, 3993728, 0, 0, 0
6300, 4212530, 0, 0, 0
6400, 4097921, 0, 0, 0
6500, 3950885, 0, 0, 0
6600, 3938464, 0, 0, 0
6700, 3710910, 0, 0, 0
6800, 3602892, 0, 0, 0
6900, 3959672, 0, 0, 0
7000, 3893575, 0, 0, 0
7100, 4148712, 0, 0, 0
7200, 3549018, 0, 0, 0
7300, 3747870, 0, 0, 0
7400, 3878217, 0, 0, 0
7500, 3796768, 0, 0, 0
7600, 3681038, 0, 0, 0
7700, 3695370, 0, 0, 0
7800, 4408845, 0, 0, 0
7900, 3966859, 0, 0, 0
8000, 4116948, 0, 0, 0
8100, 3797048, 0, 0, 0
8200, 3803147, 0, 0, 0
8300, 3892058, 0, 0, 0
8400, 3935933, 0, 0, 0
8500, 4382602, 0, 0, 0
8600, 3873446, 0, 0, 0
8700, 3611156, 0, 0, 0
8800, 3945810, 0, 0, 0
8900, 3732364, 0, 0, 0
9000, 4782488, 0, 0, 0
9100, 3695254, 0, 0, 0
9200, 4205731, 0, 0, 0
9300, 3872519, 0, 0, 0
9400, 3798748, 0, 0, 0
9500, 3807501, 0, 0, 0
9600, 3752478, 0, 0, 0
9700, 3796690, 0, 0, 0
9800, 3513998, 0, 0, 0
9900, 3816015, 0, 0, 0
10000, 3606159, 0, 0, 0
10100, 5687417, 0, 0, 0
10200, 4310027, 0, 0, 0
10300, 3670986, 0, 0, 0
10400, 4514750, 0, 0, 0
10500, 3888201, 0, 0, 0
10600, 3762158, 0, 0, 0
10700, 3947617, 0, 0, 0
10800, 3928888, 0, 0, 0
10900, 3771301, 0, 0, 0
11000, 3615047, 0, 0, 0
11100, 3883888, 0, 0, 0
11200, 3938202, 0, 0, 0
11300, 4001221, 0, 0, 0
11400, 3751944, 0, 0, 0
11500, 3767276, 0, 0, 0
11600, 3942180, 0, 0, 0
11700, 4151750, 0, 0, 0
11800, 3637927, 0, 0, 0
11900, 3852171, 0, 0, 0
12000, 4047539, 0, 0, 0
12100, 3612391, 0, 0, 0
12200, 4021049, 0, 0, 0
12300, 3896815, 0, 0, 0
12400, 3820681, 0, 0, 0
12500, 3882167, 0, 0, 0
12600, 4266462, 0, 0, 0
12700, 4118151, 0, 0, 0
12800, 3957915, 0, 0, 0
12900, 3629781, 0, 0, 0
13000, 3961659, 0, 0, 0
13100, 4098358, 0, 0, 0
13200, 4216145, 0, 0, 0
13300, 3868528, 0, 0, 0
13400, 3530717, 0, 0, 0
13500, 3976822, 0, 0, 0
13600, 3410457, 0, 0, 0
13700, 3817313, 0, 0, 0
13800, 4376833, 0, 0, 0
13903, 4064800, 0, 0, 0
14000, 6105274, 0, 0, 0
14100, 3234993, 0, 0, 0
14200, 3910236, 0, 0, 0
14300, 4029950, 0, 0, 0
14400, 3802370, 0, 0, 0
14500, 4098392, 0, 0, 0
14600, 6516510, 0, 0, 0
14700, 4428678, 0, 0, 0
14800, 3364081, 0, 0, 0
14900, 3629195, 0, 0, 0
15000, 4016468, 0, 0, 0
15100, 4739261, 0, 0, 0
15200, 3475617, 0, 0, 0
15302, 3555950, 0, 0, 0
15400, 4183501, 0, 0, 0
15500, 3790087, 0, 0, 0
15600, 4272410, 0, 0, 0
15703, 9324236, 0, 0, 0
15800, 9926104, 0, 0, 0
15900, 3258086, 0, 0, 0
16000, 3438230, 0, 0, 0
16100, 3325797, 0, 0, 0
16200, 3483681, 0, 0, 0
16300, 3963987, 0, 0, 0
16400, 3834353, 0, 0, 0
16500, 3637094, 0, 0, 0
16600, 4282176, 0, 0, 0
16700, 3963744, 0, 0, 0
16800, 4013474, 0, 0, 0
16900, 3609781, 0, 0, 0
17000, 4348115, 0, 0, 0
17100, 3688974, 0, 0, 0
17200, 4107939, 0, 0, 0
17300, 3627123, 0, 0, 0
17400, 3956162, 0, 0, 0
17500, 3925435, 0, 0, 0
17600, 3707625, 0, 0, 0
17700, 3822308, 0, 0, 0
17800, 3528881, 0, 0, 0
17900, 4397013, 0, 0, 0
18000, 3687312, 0, 0, 0
18100, 3666191, 0, 0, 0
18200, 4444748, 0, 0, 0
18300, 3149261, 0, 0, 0
18400, 3553500, 0, 0, 0
18500, 3591357, 0, 0, 0
18600, 4247506, 0, 0, 0
18700, 4489057, 0, 0, 0
18800, 3821373, 0, 0, 0
18932, 3531225, 0, 0, 0
19008, 23877123, 0, 0, 0
19100, 6379724, 0, 0, 0
19200, 3450780, 0, 0, 0
19300, 3481918, 0, 0, 0
19400, 3567555, 0, 0, 0
19500, 3518295, 0, 0, 0
19600, 5252607, 0, 0, 0
19700, 4209960, 0, 0, 0
19800, 3644078, 0, 0, 0
19900, 3569132, 0, 0, 0
20000, 4088667, 0, 0, 0
20106, 4270291, 0, 0, 0
20200, 4214361, 0, 0, 0
20300, 3717805, 0, 0, 0
20400, 3905548, 0, 0, 0
20500, 3611008, 0, 0, 0
20600, 3579358, 0, 0, 0
20700, 3474681, 0, 0, 0
20800, 3920266, 0, 0, 0
20900, 3811549, 0, 0, 0
21000, 3736999, 0, 0, 0
21100, 3772117, 0, 0, 0
21200, 3540339, 0, 0, 0
21300, 3667394, 0, 0, 0
21400, 3621135, 0, 0, 0
21500, 3921304, 0, 0, 0
21600, 4039553, 0, 0, 0
21700, 4029050, 0, 0, 0
21800, 4024020, 0, 0, 0
21900, 4181130, 0, 0, 0
22000, 3921475, 0, 0, 0
22100, 3818131, 0, 0, 0
22200, 3894796, 0, 0, 0
22300, 3770630, 0, 0, 0
22400, 3374602, 0, 0, 0
22500, 3846921, 0, 0, 0
22600, 3785838, 0, 0, 0
22700, 3718003, 0, 0, 0
22800, 4057357, 0, 0, 0
22900, 3694876, 0, 0, 0
23000, 3909026, 0, 0, 0
23100, 3652946, 0, 0, 0
23200, 3611514, 0, 0, 0
23300, 3589008, 0, 0, 0
23400, 3696746, 0, 0, 0
23500, 3656479, 0, 0, 0
23600, 4131471, 0, 0, 0
23700, 3587051, 0, 0, 0
23800, 3839668, 0, 0, 0
23900, 3778066, 0, 0, 0
24000, 7024929, 0, 0, 0
24100, 11681277, 0, 0, 0
24200, 3175243, 0, 0, 0
24300, 3849344, 0, 0, 0
24400, 3520877, 0, 0, 0
24500, 3587215, 0, 0, 0
24600, 4903052, 0, 0, 0
24700, 4257565, 0, 0, 0
24800, 4290966, 0, 0, 0
24900, 3368335, 0, 0, 0
25000, 3752470, 0, 0, 0
25100, 3692468, 0, 0, 0
25200, 5363454, 0, 0, 0
25300, 3371946, 0, 0, 0
25400, 3531864, 0, 0, 0
25500, 4166666, 0, 0, 0
25600, 3386259, 0, 0, 0
25700, 4192460, 0, 0, 0
25800, 3638088, 0, 0, 0
25900, 3697177, 0, 0, 0
26000, 3711626, 0, 0, 0
26100, 3728267, 0, 0, 0
26200, 3726979, 0, 0, 0
26300, 3697350, 0, 0, 0
26400, 3873048, 0, 0, 0
26500, 3701810, 0, 0, 0
26600, 3594916, 0, 0, 0
26700, 3633039, 0, 0, 0
26800, 4171142, 0, 0, 0
26900, 3575380, 0, 0, 0
27000, 4075612, 0, 0, 0
27100, 3743146, 0, 0, 0
27200, 3507224, 0, 0, 0
27300, 3590842, 0, 0, 0
27400, 3609614, 0, 0, 0
27500, 3642400, 0, 0, 0
27600, 4065855, 0, 0, 0
27700, 3795759, 0, 0, 0
27800, 3640791, 0, 0, 0
27900, 4311388, 0, 0, 0
28000, 3706972, 0, 0, 0
28100, 4043093, 0, 0, 0
28200, 3598190, 0, 0, 0
28300, 3961241, 0, 0, 0
28400, 3752115, 0, 0, 0
28500, 3914239, 0, 0, 0
28600, 3745687, 0, 0, 0
28700, 4170210, 0, 0, 0
28800, 3861751, 0, 0, 0
28900, 3818347, 0, 0, 0
29000, 3698897, 0, 0, 0
29100, 4989771, 0, 0, 0
29200, 3381176, 0, 0, 0
29300, 3469616, 0, 0, 0
29400, 3783972, 0, 0, 0
29500, 3754031, 0, 0, 0
29600, 3783457, 0, 0, 0
29700, 4103908, 0, 0, 0
29800, 4167548, 0, 0, 0
29906, 3647085, 0, 0, 0
30000, 8637851, 0, 0, 0
30100, 16693782, 0, 0, 0
30201, 3420532, 0, 0, 0
30300, 4310245, 0, 0, 0
30400, 3611939, 0, 0, 0
30500, 3657988, 0, 0, 0
30600, 3539866, 0, 0, 0
30700, 4043072, 0, 0, 0
30800, 3698488, 0, 0, 0
30900, 3738985, 0, 0, 0
31000, 3763650, 0, 0, 0
31100, 3647948, 0, 0, 0
31200, 4070487, 0, 0, 0
31300, 3732242, 0, 0, 0
31400, 3433279, 0, 0, 0
31500, 3616061, 0, 0, 0
31600, 4458258, 0, 0, 0
31700, 3856866, 0, 0, 0
31800, 3896708, 0, 0, 0
31900, 3754550, 0, 0, 0
32000, 3453340, 0, 0, 0
32100, 3911562, 0, 0, 0
32200, 4099884, 0, 0, 0
32300, 4287547, 0, 0, 0
32400, 4495285, 0, 0, 0
32500, 3267088, 0, 0, 0
32600, 3975925, 0, 0, 0
32700, 3840588, 0, 0, 0
32800, 3999992, 0, 0, 0
32900, 3756523, 0, 0, 0
33000, 3372476, 0, 0, 0
33100, 3683529, 0, 0, 0
33200, 3967448, 0, 0, 0
33300, 3831705, 0, 0, 0
33400, 3848821, 0, 0, 0
33500, 3982452, 0, 0, 0
33601, 3692047, 0, 0, 0
33700, 3801033, 0, 0, 0
33800, 3787216, 0, 0, 0
33900, 3777841, 0, 0, 0
34000, 3955899, 0, 0, 0
34100, 3761129, 0, 0, 0
34200, 3952762, 0, 0, 0
34300, 4406290, 0, 0, 0
34400, 3675532, 0, 0, 0
34500, 3759185, 0, 0, 0
34600, 3856894, 0, 0, 0
34700, 3773793, 0, 0, 0
34800, 3708637, 0, 0, 0
34900, 4067690, 0, 0, 0
35000, 3829714, 0, 0, 0
35100, 5326748, 0, 0, 0
35200, 3899631, 0, 0, 0
35300, 4679163, 0, 0, 0
35400, 3312346, 0, 0, 0
35500, 4505414, 0, 0, 0
35600, 3548542, 0, 0, 0
35700, 4473285, 0, 0, 0
35800, 3734474, 0, 0, 0
35900, 4175141, 0, 0, 0
36000, 3595705, 0, 0, 0
36100, 3678284, 0, 0, 0
36200, 3793886, 0, 0, 0
36300, 3316472, 0, 0, 0
36400, 4089136, 0, 0, 0
36500, 4077309, 0, 0, 0
36600, 3711316, 0, 0, 0
36700, 3716322, 0, 0, 0
36800, 3599184, 0, 0, 0
36900, 3947826, 0, 0, 0
37000, 3969978, 0, 0, 0
37100, 3703639, 0, 0, 0
37200, 3803515, 0, 0, 0
37300, 3751581, 0, 0, 0
37400, 3778265, 0, 0, 0
37500, 4003159, 0, 0, 0
37600, 3558876, 0, 0, 0
37700, 3770920, 0, 0, 0
37800, 3931286, 0, 0, 0
37900, 3550631, 0, 0, 0
38000, 4100082, 0, 0, 0
38100, 3334005, 0, 0, 0
38201, 3823416, 0, 0, 0
38300, 3475027, 0, 0, 0
38400, 3456425, 0, 0, 0
38500, 3860883, 0, 0, 0
38600, 3969985, 0, 0, 0
38700, 3960105, 0, 0, 0
38800, 3989849, 0, 0, 0
38900, 3756464, 0, 0, 0
39000, 4056354, 0, 0, 0
39100, 3539507, 0, 0, 0
39200, 4103783, 0, 0, 0
39300, 3615157, 0, 0, 0
39400, 4055433, 0, 0, 0
39500, 3971171, 0, 0, 0
39600, 4077338, 0, 0, 0
39700, 4090178, 0, 0, 0
39800, 4225690, 0, 0, 0
39900, 4692206, 0, 0, 0
40000, 3805153, 0, 0, 0
40100, 3751428, 0, 0, 0
40200, 4146803, 0, 0, 0
40300, 4491176, 0, 0, 0
40400, 6586452, 0, 0, 0
40500, 3773211, 0, 0, 0
40600, 3735850, 0, 0, 0
40700, 3961089, 0, 0, 0
40801, 3851153, 0, 0, 0
40900, 4114106, 0, 0, 0
41000, 3927415, 0, 0, 0
41100, 3512509, 0, 0, 0
41200, 4180295, 0, 0, 0
41300, 3663689, 0, 0, 0
41401, 3876556, 0, 0, 0
41500, 3682837, 0, 0, 0
41600, 3531941, 0, 0, 0
41700, 3745483, 0, 0, 0
41800, 3799569, 0, 0, 0
41900, 4218771, 0, 0, 0
42000, 3802451, 0, 0, 0
42100, 4029329, 0, 0, 0
42200, 4085874, 0, 0, 0
42300, 3588133, 0, 0, 0
42400, 4061188, 0, 0, 0
42500, 3638980, 0, 0, 0
42600, 4241250, 0, 0, 0
42700, 4106260, 0, 0, 0
42800, 3636660, 0, 0, 0
42900, 3941196, 0, 0, 0
43000, 3833763, 0, 0, 0
43100, 4193834, 0, 0, 0
43200, 3751601, 0, 0, 0
43300, 3729085, 0, 0, 0
43400, 4362345, 0, 0, 0
43500, 3973589, 0, 0, 0
43600, 4051491, 0, 0, 0
43700, 3550633, 0, 0, 0
43800, 3791605, 0, 0, 0
43900, 3765286, 0, 0, 0
44000, 3626413, 0, 0, 0
44100, 3657366, 0, 0, 0
44200, 3909762, 0, 0, 0
44300, 3773264, 0, 0, 0
44400, 3821322, 0, 0, 0
44500, 3975973, 0, 0, 0
44600, 4112010, 0, 0, 0
44700, 3835121, 0, 0, 0
44800, 4578768, 0, 0, 0
44900, 4434948, 0, 0, 0
45004, 3843674, 0, 0, 0
45103, 10149661, 0, 0, 0
45200, 14893493, 0, 0, 0
45300, 3248480, 0, 0, 0
45400, 4712560, 0, 0, 0
45500, 3317275, 0, 0, 0
45600, 5394469, 0, 0, 0
45700, 3700098, 0, 0, 0
45800, 3734782, 0, 0, 0
45900, 3538104, 0, 0, 0
46000, 3877103, 0, 0, 0
46100, 3812107, 0, 0, 0
46200, 3768494, 0, 0, 0
46300, 4055865, 0, 0, 0
46400, 3681282, 0, 0, 0
46500, 4105275, 0, 0, 0
46600, 3924696, 0, 0, 0
46700, 3944358, 0, 0, 0
46800, 3957381, 0, 0, 0
46900, 3901885, 0, 0, 0
47000, 3714274, 0, 0, 0
47100, 3803462, 0, 0, 0
47200, 4067169, 0, 0, 0
47300, 4365747, 0, 0, 0
47400, 4318873, 0, 0, 0
47500, 4004502, 0, 0, 0
47600, 4019099, 0, 0, 0
47700, 3769781, 0, 0, 0
47800, 4349700, 0, 0, 0
47900, 3722248, 0, 0, 0
48000, 4171423, 0, 0, 0
48100, 3687657, 0, 0, 0
48200, 3868232, 0, 0, 0
48300, 3826632, 0, 0, 0
48400, 3719010, 0, 0, 0
48500, 4119095, 0, 0, 0
48600, 3678605, 0, 0, 0
48700, 3741071, 0, 0, 0
48800, 3856665, 0, 0, 0
48900, 3808252, 0, 0, 0
49000, 4058142, 0, 0, 0
49100, 3609524, 0, 0, 0
49200, 3710149, 0, 0, 0
49300, 4022937, 0, 0, 0
49400, 3727536, 0, 0, 0
49500, 3872001, 0, 0, 0
49600, 4380944, 0, 0, 0
49700, 3651719, 0, 0, 0
49800, 3795565, 0, 0, 0
49900, 3668455, 0, 0, 0
50000, 4395967, 0, 0, 0
50100, 3703571, 0, 0, 0
50200, 3841980, 0, 0, 0
50300, 3937221, 0, 0, 0
50400, 4151850, 0, 0, 0
50500, 4491706, 0, 0, 0
50605, 3778848, 0, 0, 0
50700, 6040990, 0, 0, 0
50800, 3700782, 0, 0, 0
50900, 3716261, 0, 0, 0
51000, 3726185, 0, 0, 0
51100, 4358374, 0, 0, 0
51200, 3682636, 0, 0, 0
51300, 3935147, 0, 0, 0
51400, 4008509, 0, 0, 0
51500, 3822129, 0, 0, 0
51600, 3728986, 0, 0, 0
51700, 4523537, 0, 0, 0
51800, 3678767, 0, 0, 0
51900, 3400239, 0, 0, 0
52000, 4019090, 0, 0, 0
52100, 4063513, 0, 0, 0
52202, 4371682, 0, 0, 0
52300, 4001446, 0, 0, 0
52400, 4031679, 0, 0, 0
52500, 3877886, 0, 0, 0
52600, 3786071, 0, 0, 0
52700, 4667745, 0, 0, 0
52800, 3393496, 0, 0, 0
52932, 4166580, 0, 0, 0
53000, 17533768, 0, 0, 0
53100, 8973732, 0, 0, 0
53200, 3389952, 0, 0, 0
53300, 3408292, 0, 0, 0
53400, 3833091, 0, 0, 0
53500, 3676672, 0, 0, 0
53600, 3840370, 0, 0, 0
53701, 4001622, 0, 0, 0
53800, 3998732, 0, 0, 0
53900, 3812976, 0, 0, 0
54000, 3703386, 0, 0, 0
54101, 4005719, 0, 0, 0
54200, 4031138, 0, 0, 0
54300, 3873497, 0, 0, 0
54400, 3939191, 0, 0, 0
54500, 3942626, 0, 0, 0
54600, 4008594, 0, 0, 0
54700, 4334483, 0, 0, 0
54800, 3795972, 0, 0, 0
54900, 3718664, 0, 0, 0
55000, 3865101, 0, 0, 0
55100, 3703170, 0, 0, 0
55200, 3878632, 0, 0, 0
55300, 3715840, 0, 0, 0
55400, 3942580, 0, 0, 0
55503, 4221898, 0, 0, 0
55600, 3937502, 0, 0, 0
55700, 3894570, 0, 0, 0
55800, 5201122, 0, 0, 0
55900, 3372964, 0, 0, 0
56000, 3779164, 0, 0, 0
56100, 3641949, 0, 0, 0
56200, 3746796, 0, 0, 0
56300, 3643348, 0, 0, 0
56400, 3703585, 0, 0, 0
56500, 4060632, 0, 0, 0
56601, 4128159, 0, 0, 0
56700, 4220002, 0, 0, 0
56800, 3661774, 0, 0, 0
56900, 3614002, 0, 0, 0
57000, 3882225, 0, 0, 0
57100, 3837170, 0, 0, 0
57200, 4598627, 0, 0, 0
57300, 9381381, 0, 0, 0
57400, 3838157, 0, 0, 0
57500, 3763503, 0, 0, 0
57600, 3996185, 0, 0, 0
57700, 3875361, 0, 0, 0
57800, 3992816, 0, 0, 0
57900, 3724784, 0, 0, 0
58016, 5402897, 0, 0, 0
58100, 9248219, 0, 0, 0
58200, 4787660, 0, 0, 0
58300, 3199293, 0, 0, 0
58400, 3611255, 0, 0, 0
58500, 3844571, 0, 0, 0
58600, 3814940, 0, 0, 0
58700, 3828113, 0, 0, 0
58800, 3541278, 0, 0, 0
58900, 3992962, 0, 0, 0
59000, 3952036, 0, 0, 0
59100, 3652840, 0, 0, 0
59200, 3624561, 0, 0, 0
59300, 4165026, 0, 0, 0
59400, 3643836, 0, 0, 0
59500, 3852862, 0, 0, 0
59607, 5588433, 0, 0, 0
59705, 16052169, 0, 0, 0
59800, 7659662, 0, 0, 0
59900, 3099999, 0, 0, 0
60000, 3701832, 0, 0, 0
60100, 3514057, 0, 0, 0
60200, 3379199, 0, 0, 0
60300, 3035277, 0, 0, 0
60401, 3625628, 0, 0, 0
60500, 3727823, 0, 0, 0
60600, 4623214, 0, 0, 0
60700, 4090942, 0, 0, 0
60800, 4259568, 0, 0, 0
60900, 3759521, 0, 0, 0
61000, 3723080, 0, 0, 0
61100, 3955293, 0, 0, 0
61200, 3701097, 0, 0, 0
61300, 4318924, 0, 0, 0
61400, 3521714, 0, 0, 0
61500, 4101479, 0, 0, 0
61600, 3814370, 0, 0, 0
61700, 3916168, 0, 0, 0
61800, 4047597, 0, 0, 0
61900, 3849914, 0, 0, 0
62000, 3981866, 0, 0, 0
62100, 3899969, 0, 0, 0
62201, 3561182, 0, 0, 0
62300, 8319661, 0, 0, 0
62400, 3913791, 0, 0, 0
62500, 3529068, 0, 0, 0
62600, 3782021, 0, 0, 0
62700, 3991499, 0, 0, 0
62800, 4057769, 0, 0, 0
62900, 3694280, 0, 0, 0
63000, 4100723, 0, 0, 0
63100, 6954201, 0, 0, 0
63200, 4806776, 0, 0, 0
63300, 3744559, 0, 0, 0
63400, 3808859, 0, 0, 0
63500, 3515215, 0, 0, 0
63600, 3939207, 0, 0, 0
63700, 3855675, 0, 0, 0
63800, 3722016, 0, 0, 0
63900, 3734635, 0, 0, 0
64000, 3979978, 0, 0, 0
64100, 3753387, 0, 0, 0
64200, 3749174, 0, 0, 0
64300, 3929842, 0, 0, 0
64400, 3647445, 0, 0, 0
64500, 3501167, 0, 0, 0
64600, 3648221, 0, 0, 0
64700, 3957576, 0, 0, 0
64800, 3503705, 0, 0, 0
64900, 4014947, 0, 0, 0
65000, 3823155, 0, 0, 0
65100, 3800128, 0, 0, 0
65200, 3863811, 0, 0, 0
65300, 3769759, 0, 0, 0
65400, 3713467, 0, 0, 0
65500, 3902115, 0, 0, 0
65600, 3820207, 0, 0, 0
65700, 3805066, 0, 0, 0
65800, 4733234, 0, 0, 0
65900, 4432811, 0, 0, 0
66000, 3387613, 0, 0, 0
66100, 3622555, 0, 0, 0
66200, 3634282, 0, 0, 0
66300, 3698049, 0, 0, 0
66400, 3858411, 0, 0, 0
66500, 3984253, 0, 0, 0
66600, 3618501, 0, 0, 0
66700, 3881690, 0, 0, 0
66800, 3997911, 0, 0, 0
66900, 3855080, 0, 0, 0
67000, 3605700, 0, 0, 0
67100, 3811920, 0, 0, 0
67200, 3997088, 0, 0, 0
67321, 4099698, 0, 0, 0
67400, 22992519, 0, 0, 0
67500, 4576503, 0, 0, 0
67600, 3662581, 0, 0, 0
67700, 3678054, 0, 0, 0
67800, 3481229, 0, 0, 0
67900, 3999637, 0, 0, 0
68000, 3918012, 0, 0, 0
68100, 8891588, 0, 0, 0
68200, 31092795, 0, 0, 0
68300, 6350827, 0, 0, 0
68400, 3370772, 0, 0, 0
68500, 3652101, 0, 0, 0
68600, 3523342, 0, 0, 0
68700, 3240186, 0, 0, 0
68800, 4246211, 0, 0, 0
68900, 3667697, 0, 0, 0
69000, 4014533, 0, 0, 0
69100, 3992537, 0, 0, 0
69200, 3714871, 0, 0, 0
69300, 5463279, 0, 0, 0
69400, 3958347, 0, 0, 0
69500, 3608949, 0, 0, 0
69600, 3693335, 0, 0, 0
69700, 4052124, 0, 0, 0
69800, 3817768, 0, 0, 0
69900, 3890821, 0, 0, 0
70000, 4139949, 0, 0, 0
70100, 3857789, 0, 0, 0
70200, 4405179, 0, 0, 0
70300, 3581274, 0, 0, 0
70400, 3961862, 0, 0, 0
70500, 3850843, 0, 0, 0
70600, 3559727, 0, 0, 0
70700, 3993096, 0, 0, 0
70804, 4371121, 0, 0, 0
70900, 3974860, 0, 0, 0
71000, 4488863, 0, 0, 0
71100, 3486763, 0, 0, 0
71200, 3736580, 0, 0, 0
71300, 3766818, 0, 0, 0
71400, 3374865, 0, 0, 0
71500, 4049494, 0, 0, 0
71600, 3850387, 0, 0, 0
71700, 3720760, 0, 0, 0
71800, 3659549, 0, 0, 0
71900, 3952920, 0, 0, 0
72000, 3616885, 0, 0, 0
72100, 3801583, 0, 0, 0
72200, 4179666, 0, 0, 0
72370, 3772933, 0, 0, 0
72416, 51069686, 0, 0, 0
72530, 38629769, 0, 0, 0
72600, 9362363, 0, 0, 0
72700, 3398811, 0, 0, 0
72800, 3908614, 0, 0, 0
72900, 3748785, 0, 0, 0
73000, 4459970, 0, 0, 0
73140, 3824066, 0, 0, 0
73243, 36816517, 0, 0, 0
73349, 57156631, 0, 0, 0
73400, 14039780, 0, 0, 0
73500, 3156678, 0, 0, 0
73600, 3700112, 0, 0, 0
73700, 3443803, 0, 0, 0
73800, 3599968, 0, 0, 0
73900, 4766654, 0, 0, 0
74000, 3882455, 0, 0, 0
74100, 3407952, 0, 0, 0
74200, 3207324, 0, 0, 0
74300, 3960656, 0, 0, 0
74400, 11509624, 0, 0, 0
74500, 4758161, 0, 0, 0
74600, 3521691, 0, 0, 0
74700, 3877829, 0, 0, 0
74800, 4037381, 0, 0, 0
74900, 3842046, 0, 0, 0
75000, 4141001, 0, 0, 0
75100, 3858605, 0, 0, 0
75200, 3982941, 0, 0, 0
75300, 4358073, 0, 0, 0
75400, 4355702, 0, 0, 0
75500, 3824471, 0, 0, 0
75600, 3755473, 0, 0, 0
75700, 4001760, 0, 0, 0
75800, 3732714, 0, 0, 0
75900, 4504292, 0, 0, 0
76000, 3608411, 0, 0, 0
76100, 4100029, 0, 0, 0
76200, 3589060, 0, 0, 0
76300, 3870234, 0, 0, 0
76400, 3597417, 0, 0, 0
76500, 3719944, 0, 0, 0
76600, 3856165, 0, 0, 0
76700, 3810754, 0, 0, 0
76800, 3594062, 0, 0, 0
76900, 3614444, 0, 0, 0
77000, 3740214, 0, 0, 0
77100, 3742644, 0, 0, 0
77200, 3640119, 0, 0, 0
77361, 3877815, 0, 0, 0
77423, 56365244, 0, 0, 0
77502, 37676389, 0, 0, 0
77600, 28592840, 0, 0, 0
77700, 5607928, 0, 0, 0
77800, 3520792, 0, 0, 0
77900, 3702937, 0, 0, 0
78000, 3538704, 0, 0, 0
78144, 5816557, 0, 0, 0
78218, 57250861, 0, 0, 0
78336, 26992861, 0, 0, 0
78426, 9261461, 0, 0, 0
78500, 7673004, 0, 0, 0
78600, 3557098, 0, 0, 0
78700, 3221481, 0, 0, 0
78800, 3514820, 0, 0, 0
78907, 3396987, 0, 0, 0
79000, 4337151, 0, 0, 0
79100, 3761419, 0, 0, 0
79200, 3516203, 0, 0, 0
79300, 3582832, 0, 0, 0
79400, 3744212, 0, 0, 0
79500, 3451704, 0, 0, 0
79600, 3648613, 0, 0, 0
79700, 4074740, 0, 0, 0
79800, 3809103, 0, 0, 0
79900, 3756186, 0, 0, 0
80000, 3939238, 0, 0, 0
80100, 3931777, 0, 0, 0
80200, 3760532, 0, 0, 0
80300, 3816156, 0, 0, 0
80400, 3827896, 0, 0, 0
80500, 3619785, 0, 0, 0
80600, 3908136, 0, 0, 0
80700, 3912817, 0, 0, 0
80800, 3468451, 0, 0, 0
80900, 4862844, 0, 0, 0
81000, 3461841, 0, 0, 0
81100, 4201404, 0, 0, 0
81200, 3758297, 0, 0, 0
81300, 3313682, 0, 0, 0
81400, 3896346, 0, 0, 0
81500, 3553240, 0, 0, 0
81600, 3806103, 0, 0, 0
81700, 4157858, 0, 0, 0
81800, 3988858, 0, 0, 0
81900, 3688141, 0, 0, 0
82000, 3794610, 0, 0, 0
82100, 3478866, 0, 0, 0
82200, 3293215, 0, 0, 0
82300, 3700773, 0, 0, 0
82400, 18173781, 0, 0, 0
82500, 16188297, 0, 0, 0
82600, 6534778, 0, 0, 0
82700, 3734953, 0, 0, 0
82800, 3470971, 0, 0, 0
82900, 4143961, 0, 0, 0
83000, 3803465, 0, 0, 0
83100, 4392442, 0, 0, 0
83200, 6625983, 0, 0, 0
83306, 6074635, 0, 0, 0
83400, 5661151, 0, 0, 0
83500, 3284169, 0, 0, 0
83600, 3219976, 0, 0, 0
83700, 3834274, 0, 0, 0
83800, 3755490, 0, 0, 0
83900, 4036745, 0, 0, 0
84000, 4317151, 0, 0, 0
84100, 3385382, 0, 0, 0
84200, 3726748, 0, 0, 0
84300, 3805537, 0, 0, 0
84400, 4120534, 0, 0, 0
84500, 3857492, 0, 0, 0
84600, 3992122, 0, 0, 0
84700, 3836540, 0, 0, 0
84800, 3811169, 0, 0, 0
84900, 3830319, 0, 0, 0
85000, 4125143, 0, 0, 0
85100, 3956654, 0, 0, 0
85200, 4001057, 0, 0, 0
85300, 3295070, 0, 0, 0
85400, 3942443, 0, 0, 0
85500, 4003082, 0, 0, 0
85600, 3698697, 0, 0, 0
85700, 3724976, 0, 0, 0
85800, 3730394, 0, 0, 0
85900, 3784071, 0, 0, 0
86000, 4013582, 0, 0, 0
86100, 3500573, 0, 0, 0
86200, 4359991, 0, 0, 0
86300, 3942888, 0, 0, 0
86400, 3719895, 0, 0, 0
86500, 3873180, 0, 0, 0
86600, 3724672, 0, 0, 0
86700, 4007352, 0, 0, 0
86800, 3879666, 0, 0, 0
86900, 3756094, 0, 0, 0
87000, 4052258, 0, 0, 0
87100, 4363115, 0, 0, 0
87200, 3842742, 0, 0, 0
87300, 4351138, 0, 0, 0
87400, 4730721, 0, 0, 0
87500, 5983162, 0, 0, 0
87600, 3652440, 0, 0, 0
87700, 3843156, 0, 0, 0
87800, 3813316, 0, 0, 0
87900, 3849784, 0, 0, 0
88000, 3747160, 0, 0, 0
88100, 3737373, 0, 0, 0
88200, 6861578, 0, 0, 0
88300, 4660941, 0, 0, 0
88400, 3634313, 0, 0, 0
88500, 4242598, 0, 0, 0
88600, 3643574, 0, 0, 0
88700, 3915302, 0, 0, 0
88800, 3883983, 0, 0, 0
88900, 3761575, 0, 0, 0
89000, 3722669, 0, 0, 0
89100, 4579194, 0, 0, 0
89200, 3558502, 0, 0, 0
89300, 4261270, 0, 0, 0
89400, 3565694, 0, 0, 0
89500, 4072403, 0, 0, 0
89600, 4163597, 0, 0, 0
89700, 4625717, 0, 0, 0
89800, 4022465, 0, 0, 0
89900, 3731286, 0, 0, 0
90003, 3467176, 0, 0, 0
90003, 5337652, 0, 0, 0
