100, 719826, 0, 0, 0
200, 687701, 0, 0, 0
300, 693203, 0, 0, 0
400, 697199, 0, 0, 0
500, 693093, 0, 0, 0
600, 724753, 0, 0, 0
700, 693592, 0, 0, 0
800, 703056, 0, 0, 0
900, 695778, 0, 0, 0
1000, 699220, 0, 0, 0
1100, 686830, 0, 0, 0
1200, 702772, 0, 0, 0
1300, 688315, 0, 0, 0
1400, 697889, 0, 0, 0
1500, 697247, 0, 0, 0
1600, 694088, 0, 0, 0
1700, 697798, 0, 0, 0
1800, 694782, 0, 0, 0
1900, 690013, 0, 0, 0
2000, 705652, 0, 0, 0
2100, 684891, 0, 0, 0
2200, 684340, 0, 0, 0
2300, 694653, 0, 0, 0
2400, 699595, 0, 0, 0
2500, 691054, 0, 0, 0
2600, 691999, 0, 0, 0
2700, 690003, 0, 0, 0
2800, 688954, 0, 0, 0
2900, 693100, 0, 0, 0
3000, 689655, 0, 0, 0
3100, 716144, 0, 0, 0
3200, 689939, 0, 0, 0
3300, 688340, 0, 0, 0
3400, 691398, 0, 0, 0
3500, 683399, 0, 0, 0
3600, 690583, 0, 0, 0
3700, 688208, 0, 0, 0
3800, 696983, 0, 0, 0
3900, 690581, 0, 0, 0
4000, 699270, 0, 0, 0
4100, 686340, 0, 0, 0
4200, 696640, 0, 0, 0
4300, 697254, 0, 0, 0
4400, 687001, 0, 0, 0
4500, 676803, 0, 0, 0
4600, 686803, 0, 0, 0
4700, 702234, 0, 0, 0
4800, 701131, 0, 0, 0
4900, 703624, 0, 0, 0
5000, 694627, 0, 0, 0
5100, 709159, 0, 0, 0
5200, 709854, 0, 0, 0
5300, 702885, 0, 0, 0
5400, 690406, 0, 0, 0
5500, 690868, 0, 0, 0
5600, 688303, 0, 0, 0
5700, 685477, 0, 0, 0
5800, 697103, 0, 0, 0
5900, 695426, 0, 0, 0
6000, 693869, 0, 0, 0
6100, 692976, 0, 0, 0
6200, 703922, 0, 0, 0
6300, 697985, 0, 0, 0
6400, 697781, 0, 0, 0
6500, 686235, 0, 0, 0
6600, 687921, 0, 0, 0
6700, 690847, 0, 0, 0
6800, 697170, 0, 0, 0
6900, 690516, 0, 0, 0
7000, 697156, 0, 0, 0
7100, 698970, 0, 0, 0
7200, 691758, 0, 0, 0
7300, 688810, 0, 0, 0
7400, 695509, 0, 0, 0
7500, 691855, 0, 0, 0
7600, 687125, 0, 0, 0
7700, 698480, 0, 0, 0
7800, 708776, 0, 0, 0
7900, 690701, 0, 0, 0
8000, 692673, 0, 0, 0
8100, 715821, 0, 0, 0
8200, 736503, 0, 0, 0
8300, 695868, 0, 0, 0
8400, 689308, 0, 0, 0
8500, 701725, 0, 0, 0
8600, 697089, 0, 0, 0
8700, 692524, 0, 0, 0
8800, 690984, 0, 0, 0
8900, 699134, 0, 0, 0
9000, 700763, 0, 0, 0
9102, 757481, 0, 0, 0
9200, 696691, 0, 0, 0
9300, 709975, 0, 0, 0
9400, 687040, 0, 0, 0
9500, 689745, 0, 0, 0
9600, 691280, 0, 0, 0
9700, 698410, 0, 0, 0
9800, 695890, 0, 0, 0
9900, 692330, 0, 0, 0
10000, 735826, 0, 0, 0
10100, 696725, 0, 0, 0
10200, 699200, 0, 0, 0
10300, 709693, 0, 0, 0
10400, 719099, 0, 0, 0
10500, 692884, 0, 0, 0
10600, 725647, 0, 0, 0
10700, 683411, 0, 0, 0
10800, 695808, 0, 0, 0
10900, 693622, 0, 0, 0
11000, 697445, 0, 0, 0
11100, 695821, 0, 0, 0
11200, 694874, 0, 0, 0
11300, 690079, 0, 0, 0
11400, 703857, 0, 0, 0
11500, 687507, 0, 0, 0
11600, 690767, 0, 0, 0
11700, 686636, 0, 0, 0
11800, 697817, 0, 0, 0
11900, 692533, 0, 0, 0
12000, 702476, 0, 0, 0
12100, 694613, 0, 0, 0
12200, 691406, 0, 0, 0
12300, 694952, 0, 0, 0
12400, 693418, 0, 0, 0
12500, 690651, 0, 0, 0
12600, 696814, 0, 0, 0
12700, 689543, 0, 0, 0
12800, 699347, 0, 0, 0
12900, 707360, 0, 0, 0
13000, 692915, 0, 0, 0
13100, 699901, 0, 0, 0
13200, 682805, 0, 0, 0
13300, 701845, 0, 0, 0
13400, 738833, 0, 0, 0
13500, 692841, 0, 0, 0
13600, 691511, 0, 0, 0
13700, 699551, 0, 0, 0
13800, 693631, 0, 0, 0
13900, 692916, 0, 0, 0
14000, 708513, 0, 0, 0
14100, 710316, 0, 0, 0
14200, 688775, 0, 0, 0
14300, 697406, 0, 0, 0
14400, 693441, 0, 0, 0
14500, 688540, 0, 0, 0
14600, 699113, 0, 0, 0
14700, 690541, 0, 0, 0
14800, 703943, 0, 0, 0
14900, 691426, 0, 0, 0
15000, 751633, 0, 0, 0
15100, 708479, 0, 0, 0
15200, 707746, 0, 0, 0
15300, 704710, 0, 0, 0
15400, 688152, 0, 0, 0
15500, 708811, 0, 0, 0
15600, 723206, 0, 0, 0
15700, 732522, 0, 0, 0
15800, 694946, 0, 0, 0
15900, 696863, 0, 0, 0
16000, 697920, 0, 0, 0
16100, 700885, 0, 0, 0
16200, 697814, 0, 0, 0
16300, 692047, 0, 0, 0
16400, 695374, 0, 0, 0
16500, 691757, 0, 0, 0
16600, 696020, 0, 0, 0
16700, 693079, 0, 0, 0
16800, 695308, 0, 0, 0
16900, 690569, 0, 0, 0
17000, 686946, 0, 0, 0
17100, 691756, 0, 0, 0
17200, 688816, 0, 0, 0
17300, 699524, 0, 0, 0
17400, 703197, 0, 0, 0
17500, 686133, 0, 0, 0
17600, 701684, 0, 0, 0
17700, 686018, 0, 0, 0
17800, 702543, 0, 0, 0
17900, 695560, 0, 0, 0
18000, 705838, 0, 0, 0
18100, 711867, 0, 0, 0
18200, 707764, 0, 0, 0
18300, 696527, 0, 0, 0
18400, 689667, 0, 0, 0
18500, 688494, 0, 0, 0
18601, 699561, 0, 0, 0
18700, 699150, 0, 0, 0
18800, 694226, 0, 0, 0
18900, 693320, 0, 0, 0
19000, 691700, 0, 0, 0
19100, 694005, 0, 0, 0
19200, 702172, 0, 0, 0
19300, 689717, 0, 0, 0
19400, 688244, 0, 0, 0
19500, 690185, 0, 0, 0
19600, 698710, 0, 0, 0
19700, 693484, 0, 0, 0
19800, 699322, 0, 0, 0
19900, 703226, 0, 0, 0
20000, 709749, 0, 0, 0
20100, 805992, 0, 0, 0
20200, 697805, 0, 0, 0
20300, 697072, 0, 0, 0
20400, 700149, 0, 0, 0
20500, 693658, 0, 0, 0
20600, 694955, 0, 0, 0
20700, 691619, 0, 0, 0
20800, 702102, 0, 0, 0
20900, 731286, 0, 0, 0
21000, 700542, 0, 0, 0
21100, 714209, 0, 0, 0
21200, 698637, 0, 0, 0
21300, 694360, 0, 0, 0
21400, 694407, 0, 0, 0
21500, 685345, 0, 0, 0
21600, 699465, 0, 0, 0
21700, 706798, 0, 0, 0
21800, 682736, 0, 0, 0
21900, 698476, 0, 0, 0
22000, 688896, 0, 0, 0
22100, 700573, 0, 0, 0
22200, 736941, 0, 0, 0
22300, 698316, 0, 0, 0
22400, 698938, 0, 0, 0
22500, 694643, 0, 0, 0
22600, 702561, 0, 0, 0
22700, 698404, 0, 0, 0
22800, 692525, 0, 0, 0
22900, 701127, 0, 0, 0
23000, 689404, 0, 0, 0
23100, 740035, 0, 0, 0
23200, 696786, 0, 0, 0
23300, 693439, 0, 0, 0
23400, 685218, 0, 0, 0
23500, 683125, 0, 0, 0
23600, 685155, 0, 0, 0
23700, 692037, 0, 0, 0
23800, 759110, 0, 0, 0
23900, 704421, 0, 0, 0
24000, 703860, 0, 0, 0
24100, 702639, 0, 0, 0
24200, 687257, 0, 0, 0
24300, 680908, 0, 0, 0
24400, 689506, 0, 0, 0
24500, 689709, 0, 0, 0
24600, 700137, 0, 0, 0
24700, 703136, 0, 0, 0
24800, 698710, 0, 0, 0
24900, 700801, 0, 0, 0
25000, 698375, 0, 0, 0
25100, 696283, 0, 0, 0
25200, 692683, 0, 0, 0
25300, 697889, 0, 0, 0
25400, 700669, 0, 0, 0
25500, 692951, 0, 0, 0
25600, 701053, 0, 0, 0
25700, 703769, 0, 0, 0
25800, 724382, 0, 0, 0
25900, 705718, 0, 0, 0
26001, 729571, 0, 0, 0
26100, 711762, 0, 0, 0
26200, 697133, 0, 0, 0
26300, 696220, 0, 0, 0
26400, 697705, 0, 0, 0
26500, 697190, 0, 0, 0
26600, 686205, 0, 0, 0
26700, 692144, 0, 0, 0
26800, 692569, 0, 0, 0
26900, 706429, 0, 0, 0
27000, 705864, 0, 0, 0
27100, 700651, 0, 0, 0
27200, 694547, 0, 0, 0
27300, 706208, 0, 0, 0
27400, 694224, 0, 0, 0
27500, 697738, 0, 0, 0
27600, 707598, 0, 0, 0
27700, 696979, 0, 0, 0
27800, 690803, 0, 0, 0
27900, 731476, 0, 0, 0
28000, 694453, 0, 0, 0
28100, 701052, 0, 0, 0
28200, 696445, 0, 0, 0
28300, 689728, 0, 0, 0
28400, 685626, 0, 0, 0
28500, 688988, 0, 0, 0
28600, 691780, 0, 0, 0
28700, 680785, 0, 0, 0
28800, 693237, 0, 0, 0
28900, 690566, 0, 0, 0
29000, 685794, 0, 0, 0
29100, 700397, 0, 0, 0
29200, 689617, 0, 0, 0
29300, 691623, 0, 0, 0
29400, 696274, 0, 0, 0
29500, 695379, 0, 0, 0
29600, 689816, 0, 0, 0
29700, 701663, 0, 0, 0
29800, 696350, 0, 0, 0
29900, 698045, 0, 0, 0
30000, 703044, 0, 0, 0
30104, 758243, 0, 0, 0
30200, 733257, 0, 0, 0
30300, 696874, 0, 0, 0
30400, 693395, 0, 0, 0
30500, 701604, 0, 0, 0
30600, 711458, 0, 0, 0
30700, 691056, 0, 0, 0
30800, 692953, 0, 0, 0
30900, 687337, 0, 0, 0
31000, 695863, 0, 0, 0
31103, 791112, 0, 0, 0
31200, 696960, 0, 0, 0
31300, 693814, 0, 0, 0
31400, 694985, 0, 0, 0
31500, 714674, 0, 0, 0
31600, 694139, 0, 0, 0
31700, 730144, 0, 0, 0
31800, 748586, 0, 0, 0
31900, 742413, 0, 0, 0
32000, 739113, 0, 0, 0
32100, 731139, 0, 0, 0
32200, 738305, 0, 0, 0
32300, 740817, 0, 0, 0
32400, 727426, 0, 0, 0
32500, 745627, 0, 0, 0
32600, 729351, 0, 0, 0
32700, 693463, 0, 0, 0
32800, 690709, 0, 0, 0
32900, 701053, 0, 0, 0
33000, 697622, 0, 0, 0
33100, 692067, 0, 0, 0
33200, 695494, 0, 0, 0
33300, 682979, 0, 0, 0
33400, 682167, 0, 0, 0
33500, 695934, 0, 0, 0
33600, 694668, 0, 0, 0
33700, 686151, 0, 0, 0
33800, 701390, 0, 0, 0
33900, 693225, 0, 0, 0
34000, 692400, 0, 0, 0
34100, 696387, 0, 0, 0
34200, 688859, 0, 0, 0
34300, 697344, 0, 0, 0
34400, 704270, 0, 0, 0
34500, 692779, 0, 0, 0
34600, 702426, 0, 0, 0
34700, 688844, 0, 0, 0
34800, 691015, 0, 0, 0
34900, 700482, 0, 0, 0
35000, 688050, 0, 0, 0
35100, 705870, 0, 0, 0
35200, 696388, 0, 0, 0
35300, 686319, 0, 0, 0
35400, 682770, 0, 0, 0
35500, 688157, 0, 0, 0
35600, 723086, 0, 0, 0
35700, 688162, 0, 0, 0
35800, 691844, 0, 0, 0
35900, 684725, 0, 0, 0
36000, 698907, 0, 0, 0
36100, 697873, 0, 0, 0
36200, 692704, 0, 0, 0
36300, 709671, 0, 0, 0
36400, 742156, 0, 0, 0
36500, 701531, 0, 0, 0
36600, 686368, 0, 0, 0
36700, 699829, 0, 0, 0
36800, 707126, 0, 0, 0
36900, 685487, 0, 0, 0
37000, 699438, 0, 0, 0
37100, 690793, 0, 0, 0
37200, 684922, 0, 0, 0
37300, 700054, 0, 0, 0
37400, 718960, 0, 0, 0
37500, 689739, 0, 0, 0
37600, 689136, 0, 0, 0
37700, 688365, 0, 0, 0
37800, 697939, 0, 0, 0
37900, 698737, 0, 0, 0
38000, 691224, 0, 0, 0
38100, 704066, 0, 0, 0
38200, 699412, 0, 0, 0
38300, 689445, 0, 0, 0
38400, 692226, 0, 0, 0
38500, 688543, 0, 0, 0
38600, 690871, 0, 0, 0
38700, 681780, 0, 0, 0
38800, 690625, 0, 0, 0
38900, 696178, 0, 0, 0
39000, 698748, 0, 0, 0
39100, 704155, 0, 0, 0
39200, 684210, 0, 0, 0
39300, 683433, 0, 0, 0
39400, 692642, 0, 0, 0
39500, 685749, 0, 0, 0
39600, 735835, 0, 0, 0
39700, 697851, 0, 0, 0
39800, 691986, 0, 0, 0
39900, 692524, 0, 0, 0
40000, 690251, 0, 0, 0
40100, 688154, 0, 0, 0
40200, 708616, 0, 0, 0
40300, 685158, 0, 0, 0
40400, 692391, 0, 0, 0
40500, 687292, 0, 0, 0
40600, 714138, 0, 0, 0
40700, 700066, 0, 0, 0
40800, 688401, 0, 0, 0
40900, 687503, 0, 0, 0
41000, 710350, 0, 0, 0
41100, 695967, 0, 0, 0
41200, 692317, 0, 0, 0
41300, 680414, 0, 0, 0
41400, 697525, 0, 0, 0
41500, 719418, 0, 0, 0
41600, 708143, 0, 0, 0
41700, 715949, 0, 0, 0
41800, 685989, 0, 0, 0
41900, 700742, 0, 0, 0
42000, 706793, 0, 0, 0
42100, 699987, 0, 0, 0
42200, 687637, 0, 0, 0
42300, 713189, 0, 0, 0
42400, 690977, 0, 0, 0
42500, 738169, 0, 0, 0
42600, 696331, 0, 0, 0
42700, 681788, 0, 0, 0
42800, 697996, 0, 0, 0
42900, 681291, 0, 0, 0
43000, 701461, 0, 0, 0
43100, 714596, 0, 0, 0
43200, 691026, 0, 0, 0
43300, 694949, 0, 0, 0
43400, 681863, 0, 0, 0
43500, 689102, 0, 0, 0
43600, 690058, 0, 0, 0
43700, 679611, 0, 0, 0
43800, 702253, 0, 0, 0
43900, 700726, 0, 0, 0
44000, 694559, 0, 0, 0
44100, 716150, 0, 0, 0
44200, 692835, 0, 0, 0
44300, 704181, 0, 0, 0
44400, 694571, 0, 0, 0
44500, 684230, 0, 0, 0
44600, 689993, 0, 0, 0
44700, 699454, 0, 0, 0
44800, 693817, 0, 0, 0
44900, 704995, 0, 0, 0
45000, 702279, 0, 0, 0
45100, 689483, 0, 0, 0
45200, 699675, 0, 0, 0
45300, 685286, 0, 0, 0
45400, 689336, 0, 0, 0
45500, 692973, 0, 0, 0
45600, 689654, 0, 0, 0
45700, 684064, 0, 0, 0
45800, 689758, 0, 0, 0
45900, 705652, 0, 0, 0
46000, 686680, 0, 0, 0
46100, 712578, 0, 0, 0
46200, 697783, 0, 0, 0
46300, 689747, 0, 0, 0
46400, 693256, 0, 0, 0
46500, 692662, 0, 0, 0
46600, 685295, 0, 0, 0
46700, 744309, 0, 0, 0
46800, 695066, 0, 0, 0
46900, 693138, 0, 0, 0
47000, 685010, 0, 0, 0
47100, 684736, 0, 0, 0
47200, 689184, 0, 0, 0
47300, 703055, 0, 0, 0
47400, 693371, 0, 0, 0
47500, 698409, 0, 0, 0
47600, 707496, 0, 0, 0
47700, 694254, 0, 0, 0
47800, 702425, 0, 0, 0
47900, 693526, 0, 0, 0
48000, 687693, 0, 0, 0
48100, 724515, 0, 0, 0
48200, 738008, 0, 0, 0
48300, 686767, 0, 0, 0
48400, 694296, 0, 0, 0
48500, 692265, 0, 0, 0
48601, 699045, 0, 0, 0
48700, 693210, 0, 0, 0
48800, 688407, 0, 0, 0
48900, 699621, 0, 0, 0
49000, 686639, 0, 0, 0
49100, 706254, 0, 0, 0
49200, 693767, 0, 0, 0
49300, 689358, 0, 0, 0
49400, 693034, 0, 0, 0
49500, 708366, 0, 0, 0
49600, 687140, 0, 0, 0
49700, 694083, 0, 0, 0
49800, 690037, 0, 0, 0
49900, 703307, 0, 0, 0
50000, 710780, 0, 0, 0
50100, 715193, 0, 0, 0
50200, 685998, 0, 0, 0
50300, 693746, 0, 0, 0
50400, 687585, 0, 0, 0
50500, 690569, 0, 0, 0
50600, 690304, 0, 0, 0
50700, 695335, 0, 0, 0
50800, 726187, 0, 0, 0
50900, 721434, 0, 0, 0
51000, 688202, 0, 0, 0
51100, 698501, 0, 0, 0
51200, 690629, 0, 0, 0
51300, 681380, 0, 0, 0
51400, 692334, 0, 0, 0
51500, 688524, 0, 0, 0
51600, 703929, 0, 0, 0
51700, 699894, 0, 0, 0
51800, 702750, 0, 0, 0
51900, 706895, 0, 0, 0
52000, 716694, 0, 0, 0
52100, 702387, 0, 0, 0
52200, 688927, 0, 0, 0
52300, 696689, 0, 0, 0
52400, 720389, 0, 0, 0
52500, 693763, 0, 0, 0
52600, 687043, 0, 0, 0
52700, 706240, 0, 0, 0
52800, 691245, 0, 0, 0
52900, 694619, 0, 0, 0
53000, 687884, 0, 0, 0
53100, 697193, 0, 0, 0
53200, 699097, 0, 0, 0
53300, 676401, 0, 0, 0
53400, 692711, 0, 0, 0
53500, 699472, 0, 0, 0
53600, 699544, 0, 0, 0
53700, 701611, 0, 0, 0
53800, 693208, 0, 0, 0
53900, 695709, 0, 0, 0
54000, 700252, 0, 0, 0
54100, 697560, 0, 0, 0
54200, 704973, 0, 0, 0
54300, 695397, 0, 0, 0
54400, 702115, 0, 0, 0
54500, 696556, 0, 0, 0
54600, 714385, 0, 0, 0
54700, 688303, 0, 0, 0
54800, 692966, 0, 0, 0
54900, 710557, 0, 0, 0
55000, 691265, 0, 0, 0
55100, 696643, 0, 0, 0
55200, 692655, 0, 0, 0
55300, 692896, 0, 0, 0
55400, 684007, 0, 0, 0
55500, 692203, 0, 0, 0
55600, 694381, 0, 0, 0
55700, 705407, 0, 0, 0
55800, 732482, 0, 0, 0
55900, 694560, 0, 0, 0
56000, 688349, 0, 0, 0
56100, 717176, 0, 0, 0
56200, 694725, 0, 0, 0
56300, 693073, 0, 0, 0
56400, 691213, 0, 0, 0
56500, 684915, 0, 0, 0
56600, 701881, 0, 0, 0
56700, 712681, 0, 0, 0
56800, 699344, 0, 0, 0
56900, 695241, 0, 0, 0
57000, 700655, 0, 0, 0
57100, 708163, 0, 0, 0
57200, 700227, 0, 0, 0
57300, 712963, 0, 0, 0
57400, 695962, 0, 0, 0
57500, 704991, 0, 0, 0
57600, 702720, 0, 0, 0
57700, 697226, 0, 0, 0
57800, 689086, 0, 0, 0
57900, 701889, 0, 0, 0
58000, 715105, 0, 0, 0
58100, 712007, 0, 0, 0
58200, 715305, 0, 0, 0
58300, 706740, 0, 0, 0
58400, 677203, 0, 0, 0
58500, 701498, 0, 0, 0
58600, 688435, 0, 0, 0
58700, 692019, 0, 0, 0
58800, 724726, 0, 0, 0
58900, 690592, 0, 0, 0
59000, 681471, 0, 0, 0
59100, 703888, 0, 0, 0
59200, 714623, 0, 0, 0
59300, 704836, 0, 0, 0
59400, 698713, 0, 0, 0
59500, 690814, 0, 0, 0
59600, 701678, 0, 0, 0
59700, 691542, 0, 0, 0
59800, 693690, 0, 0, 0
59900, 693461, 0, 0, 0
60000, 715062, 0, 0, 0
60100, 719766, 0, 0, 0
60200, 717711, 0, 0, 0
60300, 712123, 0, 0, 0
60400, 709572, 0, 0, 0
60500, 715838, 0, 0, 0
60600, 738478, 0, 0, 0
60700, 765952, 0, 0, 0
60800, 710741, 0, 0, 0
60900, 710783, 0, 0, 0
61000, 714973, 0, 0, 0
61100, 714615, 0, 0, 0
61200, 704572, 0, 0, 0
61300, 700628, 0, 0, 0
61400, 696869, 0, 0, 0
61500, 694503, 0, 0, 0
61600, 691679, 0, 0, 0
61700, 708897, 0, 0, 0
61800, 698753, 0, 0, 0
61900, 707453, 0, 0, 0
62000, 697664, 0, 0, 0
62100, 702451, 0, 0, 0
62200, 714621, 0, 0, 0
62300, 740229, 0, 0, 0
62400, 709264, 0, 0, 0
62500, 698928, 0, 0, 0
62600, 691037, 0, 0, 0
62700, 693707, 0, 0, 0
62800, 701774, 0, 0, 0
62900, 696000, 0, 0, 0
63000, 710726, 0, 0, 0
63100, 697724, 0, 0, 0
63200, 691303, 0, 0, 0
63300, 694262, 0, 0, 0
63400, 695084, 0, 0, 0
63500, 698228, 0, 0, 0
63600, 689783, 0, 0, 0
63700, 694111, 0, 0, 0
63800, 692778, 0, 0, 0
63900, 703397, 0, 0, 0
64000, 697794, 0, 0, 0
64100, 695166, 0, 0, 0
64200, 688603, 0, 0, 0
64300, 695036, 0, 0, 0
64400, 703328, 0, 0, 0
64500, 694375, 0, 0, 0
64600, 696989, 0, 0, 0
64700, 702555, 0, 0, 0
64800, 726539, 0, 0, 0
64900, 690153, 0, 0, 0
65000, 693378, 0, 0, 0
65100, 702244, 0, 0, 0
65200, 702029, 0, 0, 0
65300, 690987, 0, 0, 0
65400, 687642, 0, 0, 0
65500, 695377, 0, 0, 0
65600, 694169, 0, 0, 0
65700, 704663, 0, 0, 0
65800, 692516, 0, 0, 0
65900, 693113, 0, 0, 0
66000, 705703, 0, 0, 0
66100, 706518, 0, 0, 0
66200, 718277, 0, 0, 0
66300, 706754, 0, 0, 0
66400, 684909, 0, 0, 0
66500, 689234, 0, 0, 0
66600, 684820, 0, 0, 0
66700, 693783, 0, 0, 0
66800, 694585, 0, 0, 0
66900, 702190, 0, 0, 0
67000, 702764, 0, 0, 0
67100, 689007, 0, 0, 0
67200, 699507, 0, 0, 0
67300, 707803, 0, 0, 0
67400, 709333, 0, 0, 0
67500, 736795, 0, 0, 0
67600, 713568, 0, 0, 0
67700, 695397, 0, 0, 0
67800, 692699, 0, 0, 0
67900, 709148, 0, 0, 0
68000, 695737, 0, 0, 0
68100, 711386, 0, 0, 0
68200, 700684, 0, 0, 0
68300, 692396, 0, 0, 0
68400, 689211, 0, 0, 0
68500, 710285, 0, 0, 0
68600, 696629, 0, 0, 0
68700, 691722, 0, 0, 0
68800, 694334, 0, 0, 0
68900, 701601, 0, 0, 0
69000, 691485, 0, 0, 0
69100, 712408, 0, 0, 0
69200, 698692, 0, 0, 0
69300, 703944, 0, 0, 0
69400, 702490, 0, 0, 0
69500, 683372, 0, 0, 0
69600, 702789, 0, 0, 0
69700, 699779, 0, 0, 0
69800, 688091, 0, 0, 0
69900, 699573, 0, 0, 0
70000, 706287, 0, 0, 0
70100, 692856, 0, 0, 0
70200, 730764, 0, 0, 0
70300, 748486, 0, 0, 0
70400, 708389, 0, 0, 0
70500, 681757, 0, 0, 0
70600, 683365, 0, 0, 0
70700, 700610, 0, 0, 0
70800, 688944, 0, 0, 0
70900, 701380, 0, 0, 0
71000, 701220, 0, 0, 0
71100, 701101, 0, 0, 0
71200, 702502, 0, 0, 0
71300, 685895, 0, 0, 0
71400, 695486, 0, 0, 0
71500, 676682, 0, 0, 0
71600, 692866, 0, 0, 0
71700, 697350, 0, 0, 0
71800, 695599, 0, 0, 0
71900, 699831, 0, 0, 0
72000, 702725, 0, 0, 0
72100, 697677, 0, 0, 0
72200, 701341, 0, 0, 0
72300, 682999, 0, 0, 0
72400, 691623, 0, 0, 0
72500, 739021, 0, 0, 0
72600, 712295, 0, 0, 0
72700, 706549, 0, 0, 0
72800, 710182, 0, 0, 0
72900, 698763, 0, 0, 0
73000, 697805, 0, 0, 0
73100, 705319, 0, 0, 0
73200, 690517, 0, 0, 0
73300, 697962, 0, 0, 0
73400, 698588, 0, 0, 0
73500, 689975, 0, 0, 0
73600, 696256, 0, 0, 0
73700, 697622, 0, 0, 0
73800, 697478, 0, 0, 0
73900, 694901, 0, 0, 0
74000, 700322, 0, 0, 0
74100, 706238, 0, 0, 0
74200, 703833, 0, 0, 0
74300, 692138, 0, 0, 0
74400, 690370, 0, 0, 0
74500, 696478, 0, 0, 0
74600, 700442, 0, 0, 0
74700, 751317, 0, 0, 0
74800, 684032, 0, 0, 0
74900, 686718, 0, 0, 0
75000, 696311, 0, 0, 0
75100, 698471, 0, 0, 0
75200, 703417, 0, 0, 0
75300, 695702, 0, 0, 0
75400, 686639, 0, 0, 0
75500, 695782, 0, 0, 0
75600, 700512, 0, 0, 0
75700, 689705, 0, 0, 0
75800, 694577, 0, 0, 0
75900, 692112, 0, 0, 0
76000, 697246, 0, 0, 0
76100, 703247, 0, 0, 0
76200, 698847, 0, 0, 0
76300, 693817, 0, 0, 0
76400, 693981, 0, 0, 0
76500, 688020, 0, 0, 0
76600, 718976, 0, 0, 0
76700, 686124, 0, 0, 0
76800, 692820, 0, 0, 0
76900, 692437, 0, 0, 0
77000, 695654, 0, 0, 0
77100, 699177, 0, 0, 0
77200, 698058, 0, 0, 0
77300, 706110, 0, 0, 0
77400, 696991, 0, 0, 0
77500, 683679, 0, 0, 0
77600, 687826, 0, 0, 0
77700, 690952, 0, 0, 0
77800, 710215, 0, 0, 0
77900, 706648, 0, 0, 0
78000, 698704, 0, 0, 0
78100, 709481, 0, 0, 0
78200, 707486, 0, 0, 0
78300, 697643, 0, 0, 0
78400, 691590, 0, 0, 0
78500, 698176, 0, 0, 0
78600, 701076, 0, 0, 0
78700, 698888, 0, 0, 0
78800, 698234, 0, 0, 0
78900, 694858, 0, 0, 0
79000, 685165, 0, 0, 0
79100, 706896, 0, 0, 0
79200, 691983, 0, 0, 0
79300, 688419, 0, 0, 0
79400, 691290, 0, 0, 0
79500, 705076, 0, 0, 0
79600, 696684, 0, 0, 0
79700, 697742, 0, 0, 0
79800, 686659, 0, 0, 0
79900, 701823, 0, 0, 0
80000, 697707, 0, 0, 0
80100, 700035, 0, 0, 0
80200, 697717, 0, 0, 0
80300, 713072, 0, 0, 0
80400, 699626, 0, 0, 0
80500, 701580, 0, 0, 0
80600, 696698, 0, 0, 0
80700, 706759, 0, 0, 0
80800, 703703, 0, 0, 0
80900, 702893, 0, 0, 0
81000, 704092, 0, 0, 0
81100, 702628, 0, 0, 0
81200, 703242, 0, 0, 0
81300, 696647, 0, 0, 0
81400, 691262, 0, 0, 0
81500, 683358, 0, 0, 0
81600, 701229, 0, 0, 0
81700, 701432, 0, 0, 0
81800, 699708, 0, 0, 0
81900, 697742, 0, 0, 0
82000, 708439, 0, 0, 0
82100, 700205, 0, 0, 0
82200, 692331, 0, 0, 0
82300, 740878, 0, 0, 0
82400, 714352, 0, 0, 0
82500, 687417, 0, 0, 0
82600, 698356, 0, 0, 0
82700, 702797, 0, 0, 0
82800, 687030, 0, 0, 0
82900, 697795, 0, 0, 0
83000, 719035, 0, 0, 0
83100, 714773, 0, 0, 0
83200, 707847, 0, 0, 0
83300, 692118, 0, 0, 0
83400, 698439, 0, 0, 0
83500, 690147, 0, 0, 0
83600, 703280, 0, 0, 0
83700, 696888, 0, 0, 0
83800, 728472, 0, 0, 0
83900, 707522, 0, 0, 0
84000, 702539, 0, 0, 0
84100, 695394, 0, 0, 0
84200, 702852, 0, 0, 0
84300, 695668, 0, 0, 0
84400, 710493, 0, 0, 0
84500, 700808, 0, 0, 0
84600, 696763, 0, 0, 0
84700, 690763, 0, 0, 0
84800, 703315, 0, 0, 0
84900, 694591, 0, 0, 0
85000, 697699, 0, 0, 0
85100, 697210, 0, 0, 0
85200, 699734, 0, 0, 0
85300, 703096, 0, 0, 0
85400, 703538, 0, 0, 0
85500, 743407, 0, 0, 0
85600, 690792, 0, 0, 0
85700, 697532, 0, 0, 0
85800, 700110, 0, 0, 0
85900, 695377, 0, 0, 0
86000, 695688, 0, 0, 0
86100, 715015, 0, 0, 0
86200, 701816, 0, 0, 0
86300, 712126, 0, 0, 0
86400, 689755, 0, 0, 0
86500, 702609, 0, 0, 0
86600, 704044, 0, 0, 0
86700, 701149, 0, 0, 0
86800, 677382, 0, 0, 0
86900, 708474, 0, 0, 0
87000, 692272, 0, 0, 0
87100, 689439, 0, 0, 0
87200, 699872, 0, 0, 0
87300, 703072, 0, 0, 0
87400, 693198, 0, 0, 0
87500, 725353, 0, 0, 0
87600, 677523, 0, 0, 0
87700, 691884, 0, 0, 0
87800, 683444, 0, 0, 0
87900, 686938, 0, 0, 0
88000, 717347, 0, 0, 0
88100, 705721, 0, 0, 0
88200, 716205, 0, 0, 0
88300, 720702, 0, 0, 0
88400, 693902, 0, 0, 0
88500, 687720, 0, 0, 0
88600, 706124, 0, 0, 0
88700, 690777, 0, 0, 0
88800, 695336, 0, 0, 0
88900, 697236, 0, 0, 0
89000, 712059, 0, 0, 0
89100, 699055, 0, 0, 0
89200, 698522, 0, 0, 0
89300, 694465, 0, 0, 0
89400, 690521, 0, 0, 0
89500, 697562, 0, 0, 0
89600, 692478, 0, 0, 0
89700, 692651, 0, 0, 0
89800, 701848, 0, 0, 0
89900, 692326, 0, 0, 0
90000, 709944, 0, 0, 0
