100, 21483432, 1, 0, 0
225, 22474857, 1, 0, 0
300, 24726420, 1, 0, 0
411, 18548448, 1, 0, 0
511, 23290538, 1, 0, 0
607, 15912325, 1, 0, 0
700, 14507064, 1, 0, 0
807, 14147808, 1, 0, 0
903, 14821928, 1, 0, 0
1007, 22878912, 1, 0, 0
1100, 22187031, 1, 0, 0
1218, 24301954, 1, 0, 0
1300, 29438868, 1, 0, 0
1416, 25565317, 1, 0, 0
1503, 28955044, 1, 0, 0
1611, 26007156, 1, 0, 0
1704, 26192691, 1, 0, 0
1811, 22296780, 1, 0, 0
1918, 20974887, 1, 0, 0
2008, 24137563, 1, 0, 0
2106, 23201674, 1, 0, 0
2202, 20993488, 1, 0, 0
2325, 22014263, 1, 0, 0
2414, 22816529, 1, 0, 0
2500, 22075121, 1, 0, 0
2600, 24033214, 1, 0, 0
2700, 21804304, 1, 0, 0
2803, 21737644, 1, 0, 0
2904, 23026595, 1, 0, 0
3000, 22528556, 1, 0, 0
3100, 19461117, 1, 0, 0
3208, 22796951, 1, 0, 0
3301, 22845301, 1, 0, 0
3400, 21886518, 1, 0, 0
3504, 22151043, 1, 0, 0
3619, 20845285, 1, 0, 0
3700, 21153321, 1, 0, 0
3802, 21967639, 1, 0, 0
3900, 24761710, 1, 0, 0
4007, 17640882, 1, 0, 0
4106, 16024976, 1, 0, 0
4200, 25682072, 1, 0, 0
4309, 21652603, 1, 0, 0
4404, 22697389, 1, 0, 0
4506, 23344782, 1, 0, 0
4600, 22252013, 1, 0, 0
4704, 22927158, 1, 0, 0
4801, 23588492, 1, 0, 0
4916, 20838910, 1, 0, 0
5018, 24921347, 1, 0, 0
5102, 18819560, 1, 0, 0
5204, 23414695, 1, 0, 0
5309, 22237625, 1, 0, 0
5402, 19349527, 1, 0, 0
5500, 23458953, 1, 0, 0
5600, 23609918, 1, 0, 0
5700, 24019649, 1, 0, 0
5806, 22734179, 1, 0, 0
5916, 24045994, 1, 0, 0
6001, 20008514, 1, 0, 0
6101, 22104258, 1, 0, 0
6200, 22736708, 1, 0, 0
6300, 25577703, 1, 0, 0
6410, 23402723, 1, 0, 0
6500, 23250718, 1, 0, 0
6601, 23468369, 1, 0, 0
6724, 21747917, 1, 0, 0
6802, 25202551, 1, 0, 0
6911, 21852022, 1, 0, 0
7002, 19642629, 1, 0, 0
7109, 19121652, 1, 0, 0
7211, 20477955, 1, 0, 0
7301, 21537003, 1, 0, 0
7403, 22843964, 1, 0, 0
7500, 20625794, 1, 0, 0
7617, 21936289, 1, 0, 0
7709, 19827278, 1, 0, 0
7804, 22414103, 1, 0, 0
7903, 20245578, 1, 0, 0
8001, 19889852, 1, 0, 0
8100, 22981706, 1, 0, 0
8203, 19556337, 1, 0, 0
8300, 21400434, 1, 0, 0
8400, 23074190, 1, 0, 0
8506, 23466664, 1, 0, 0
8612, 23315128, 1, 0, 0
8706, 25112230, 1, 0, 0
8820, 22721157, 1, 0, 0
8911, 27622901, 1, 0, 0
9002, 17316688, 1, 0, 0
9102, 20842958, 1, 0, 0
9202, 22979106, 1, 0, 0
9310, 21759787, 1, 0, 0
9406, 21444759, 1, 0, 0
9500, 21438315, 1, 0, 0
9621, 23068144, 1, 0, 0
9701, 23137714, 1, 0, 0
9806, 23430069, 1, 0, 0
9906, 22018533, 1, 0, 0
10001, 23490542, 1, 0, 0
10106, 19952994, 1, 0, 0
10206, 22948966, 1, 0, 0
10315, 21325792, 1, 0, 0
10405, 23864843, 1, 0, 0
10513, 21648752, 1, 0, 0
10608, 19491694, 1, 0, 0
10709, 17135987, 1, 0, 0
10800, 17897522, 1, 0, 0
10903, 14470795, 1, 0, 0
11009, 20041513, 1, 0, 0
11106, 21759027, 1, 0, 0
11216, 21092570, 1, 0, 0
11310, 20504307, 1, 0, 0
11401, 22573262, 1, 0, 0
11500, 22082418, 1, 0, 0
11600, 14465146, 1, 0, 0
11708, 17563001, 1, 0, 0
11802, 21875371, 1, 0, 0
11911, 21694485, 1, 0, 0
12002, 23461744, 1, 0, 0
12111, 23686015, 1, 0, 0
12212, 21553344, 1, 0, 0
12310, 14684853, 1, 0, 0
12403, 18152204, 1, 0, 0
12507, 23704600, 1, 0, 0
12601, 24168738, 1, 0, 0
12706, 22093550, 1, 0, 0
12815, 19522046, 1, 0, 0
12902, 22681427, 1, 0, 0
13016, 21697932, 1, 0, 0
13105, 20791272, 1, 0, 0
13208, 22109682, 1, 0, 0
13300, 20607832, 1, 0, 0
13400, 15743411, 1, 0, 0
13503, 21431038, 1, 0, 0
13610, 19988949, 1, 0, 0
13718, 17713048, 1, 0, 0
13800, 23299220, 1, 0, 0
13909, 21703603, 1, 0, 0
14008, 22980331, 1, 0, 0
14111, 23512325, 1, 0, 0
14210, 23831789, 1, 0, 0
14312, 31023553, 1, 0, 0
14400, 16058057, 1, 0, 0
14519, 21631436, 1, 0, 0
14603, 18535800, 1, 0, 0
14719, 22917345, 1, 0, 0
14812, 21734197, 1, 0, 0
14901, 22272483, 1, 0, 0
15007, 24647374, 1, 0, 0
15106, 15413494, 1, 0, 0
15201, 15541847, 1, 0, 0
15301, 16062993, 1, 0, 0
15402, 23097120, 1, 0, 0
15507, 27298344, 1, 0, 0
15601, 25337210, 1, 0, 0
15702, 22072851, 1, 0, 0
15813, 20465717, 1, 0, 0
15900, 15822760, 1, 0, 0
16009, 14785932, 1, 0, 0
16104, 14855458, 1, 0, 0
16209, 15033202, 1, 0, 0
16306, 19747437, 1, 0, 0
16400, 24446174, 1, 0, 0
16500, 24411840, 1, 0, 0
16614, 23521444, 1, 0, 0
16708, 25473040, 1, 0, 0
16804, 19101420, 1, 0, 0
16905, 22571993, 1, 0, 0
17022, 21699743, 1, 0, 0
17100, 19319444, 1, 0, 0
17200, 15845918, 1, 0, 0
17310, 19595105, 1, 0, 0
17423, 23618813, 1, 0, 0
17510, 23141100, 1, 0, 0
17601, 22011235, 1, 0, 0
17711, 22218546, 1, 0, 0
17807, 23369631, 1, 0, 0
17918, 25350628, 1, 0, 0
18020, 25187582, 1, 0, 0
18108, 22640495, 1, 0, 0
18207, 18048335, 1, 0, 0
18300, 18775977, 1, 0, 0
18401, 21613738, 1, 0, 0
18502, 21158667, 1, 0, 0
18604, 23834295, 1, 0, 0
18708, 20953577, 1, 0, 0
18806, 14090983, 1, 0, 0
18904, 14942977, 1, 0, 0
19000, 14514954, 1, 0, 0
19124, 15901054, 1, 0, 0
19200, 23232432, 1, 0, 0
19305, 21734598, 1, 0, 0
19407, 23127636, 1, 0, 0
19500, 22319754, 1, 0, 0
19607, 23801167, 1, 0, 0
19700, 19670227, 1, 0, 0
19808, 19196277, 1, 0, 0
19900, 21956411, 1, 0, 0
20000, 20947067, 1, 0, 0
20100, 22226353, 1, 0, 0
20207, 22346992, 1, 0, 0
20303, 20752231, 1, 0, 0
20402, 21755290, 1, 0, 0
20508, 22382632, 1, 0, 0
20610, 22097609, 1, 0, 0
20708, 22443900, 1, 0, 0
20804, 15819961, 1, 0, 0
20901, 14591322, 1, 0, 0
21022, 20824084, 1, 0, 0
21100, 22759554, 1, 0, 0
21200, 23210862, 1, 0, 0
21317, 21439106, 1, 0, 0
21404, 22844346, 1, 0, 0
21500, 22672652, 1, 0, 0
21607, 23275486, 1, 0, 0
21703, 21596312, 1, 0, 0
21804, 22257087, 1, 0, 0
21902, 21410678, 1, 0, 0
22000, 23004307, 1, 0, 0
22104, 18954149, 1, 0, 0
22211, 21339747, 1, 0, 0
22304, 14988189, 1, 0, 0
22400, 14652307, 1, 0, 0
22500, 14250425, 1, 0, 0
22601, 13996221, 1, 0, 0
22714, 20264831, 1, 0, 0
22803, 23025716, 1, 0, 0
22914, 21476482, 1, 0, 0
23004, 22756635, 1, 0, 0
23104, 14459177, 1, 0, 0
23204, 19880198, 1, 0, 0
23300, 23083742, 1, 0, 0
23414, 22507804, 1, 0, 0
23518, 23037629, 1, 0, 0
23600, 25995431, 1, 0, 0
23701, 24618007, 1, 0, 0
23805, 17503765, 1, 0, 0
23906, 21149722, 1, 0, 0
24003, 22230883, 1, 0, 0
24104, 21964494, 1, 0, 0
24212, 21178830, 1, 0, 0
24307, 25500679, 1, 0, 0
24403, 14480081, 1, 0, 0
24507, 14281938, 1, 0, 0
24600, 17820095, 1, 0, 0
24700, 22895188, 1, 0, 0
24804, 22262052, 1, 0, 0
24907, 22751751, 1, 0, 0
25003, 21758672, 1, 0, 0
25101, 24591042, 1, 0, 0
25203, 22958301, 1, 0, 0
25318, 20914363, 1, 0, 0
25422, 19295217, 1, 0, 0
25517, 23008432, 1, 0, 0
25615, 23395821, 1, 0, 0
25702, 23755360, 1, 0, 0
25811, 22319667, 1, 0, 0
25903, 20291180, 1, 0, 0
26010, 23378138, 1, 0, 0
26103, 17438894, 1, 0, 0
26201, 14718346, 1, 0, 0
26303, 14837968, 1, 0, 0
26400, 21911696, 1, 0, 0
26502, 23305813, 1, 0, 0
26605, 22016012, 1, 0, 0
26705, 20756326, 1, 0, 0
26800, 14112058, 1, 0, 0
26914, 15652118, 1, 0, 0
27006, 20362359, 1, 0, 0
27106, 19555874, 1, 0, 0
27200, 21875855, 1, 0, 0
27303, 23220729, 1, 0, 0
27400, 23695237, 1, 0, 0
27500, 21665367, 1, 0, 0
27605, 22840098, 1, 0, 0
27715, 21510140, 1, 0, 0
27800, 22543839, 1, 0, 0
27905, 22878254, 1, 0, 0
28005, 18817834, 1, 0, 0
28103, 14503689, 1, 0, 0
28205, 17173264, 1, 0, 0
28304, 20287816, 1, 0, 0
28418, 21358007, 1, 0, 0
28504, 22172103, 1, 0, 0
28604, 20809471, 1, 0, 0
28716, 21526615, 1, 0, 0
28804, 21567089, 1, 0, 0
28911, 17909243, 1, 0, 0
29014, 22280705, 1, 0, 0
29101, 22521010, 1, 0, 0
29209, 22984460, 1, 0, 0
29301, 21437771, 1, 0, 0
29402, 23169297, 1, 0, 0
29506, 22529518, 1, 0, 0
29600, 20689586, 1, 0, 0
29701, 21768069, 1, 0, 0
29803, 14474000, 1, 0, 0
29900, 18537811, 1, 0, 0
30019, 21152499, 1, 0, 0
30107, 23149036, 1, 0, 0
30200, 21948758, 1, 0, 0
30305, 23466784, 1, 0, 0
30412, 22986239, 1, 0, 0
30520, 23282380, 1, 0, 0
30600, 19047131, 1, 0, 0
30715, 17372401, 1, 0, 0
30800, 22471075, 1, 0, 0
30900, 21703329, 1, 0, 0
31004, 22022262, 1, 0, 0
31100, 22318273, 1, 0, 0
31217, 22307646, 1, 0, 0
31304, 25546895, 1, 0, 0
31413, 22154521, 1, 0, 0
31507, 22636541, 1, 0, 0
31604, 20526278, 1, 0, 0
31700, 23505401, 1, 0, 0
31800, 24865236, 1, 0, 0
31908, 21017543, 1, 0, 0
32011, 23040439, 1, 0, 0
32101, 21936839, 1, 0, 0
32203, 15469887, 1, 0, 0
32300, 14542714, 1, 0, 0
32405, 14580777, 1, 0, 0
32500, 18604098, 1, 0, 0
32602, 22542508, 1, 0, 0
32700, 22443954, 1, 0, 0
32800, 22108543, 1, 0, 0
32908, 23414561, 1, 0, 0
33000, 22749673, 1, 0, 0
33100, 23098452, 1, 0, 0
33201, 20911052, 1, 0, 0
33302, 22066396, 1, 0, 0
33402, 21733141, 1, 0, 0
33505, 22856823, 1, 0, 0
33600, 21191482, 1, 0, 0
33708, 22593150, 1, 0, 0
33815, 22652446, 1, 0, 0
33909, 22394231, 1, 0, 0
34012, 23726050, 1, 0, 0
34105, 23133234, 1, 0, 0
34214, 21875622, 1, 0, 0
34302, 23756287, 1, 0, 0
34409, 22531633, 1, 0, 0
34500, 23253508, 1, 0, 0
34601, 21551028, 1, 0, 0
34710, 20929097, 1, 0, 0
34803, 16995778, 1, 0, 0
34917, 20248851, 1, 0, 0
35000, 23327351, 1, 0, 0
35113, 24265063, 1, 0, 0
35206, 23169598, 1, 0, 0
35300, 21431341, 1, 0, 0
35400, 22337120, 1, 0, 0
35514, 22182384, 1, 0, 0
35600, 20320052, 1, 0, 0
35706, 18305550, 1, 0, 0
35800, 21459575, 1, 0, 0
35911, 16058777, 1, 0, 0
36009, 22884626, 1, 0, 0
36100, 24544879, 1, 0, 0
36203, 19722488, 1, 0, 0
36308, 22561272, 1, 0, 0
36407, 21282815, 1, 0, 0
36500, 21933702, 1, 0, 0
36600, 19136622, 1, 0, 0
36703, 23051181, 1, 0, 0
36809, 22058957, 1, 0, 0
36900, 23441044, 1, 0, 0
37022, 21593461, 1, 0, 0
37115, 21411340, 1, 0, 0
37201, 23475849, 1, 0, 0
37308, 19769150, 1, 0, 0
37403, 21769353, 1, 0, 0
37515, 23109228, 1, 0, 0
37607, 21951420, 1, 0, 0
37711, 22559980, 1, 0, 0
37800, 22999464, 1, 0, 0
37907, 22482748, 1, 0, 0
38008, 24940348, 1, 0, 0
38111, 25458292, 1, 0, 0
38203, 19788452, 1, 0, 0
38305, 23392116, 1, 0, 0
38401, 18530799, 1, 0, 0
38507, 21534574, 1, 0, 0
38610, 22874502, 1, 0, 0
38703, 23108785, 1, 0, 0
38805, 23105415, 1, 0, 0
38915, 21626618, 1, 0, 0
39006, 23703243, 1, 0, 0
39107, 23607191, 1, 0, 0
39213, 20907916, 1, 0, 0
39302, 24148329, 1, 0, 0
39424, 21163394, 1, 0, 0
39512, 23232356, 1, 0, 0
39619, 22698565, 1, 0, 0
39702, 23244408, 1, 0, 0
39803, 22425756, 1, 0, 0
39910, 21070611, 1, 0, 0
40000, 23367886, 1, 0, 0
40122, 21674596, 1, 0, 0
40201, 24584554, 1, 0, 0
40305, 23939788, 1, 0, 0
40404, 23976647, 1, 0, 0
40503, 21047652, 1, 0, 0
40605, 21840525, 1, 0, 0
40702, 22537380, 1, 0, 0
40808, 22586529, 1, 0, 0
40900, 21670500, 1, 0, 0
41007, 23217925, 1, 0, 0
41112, 22295498, 1, 0, 0
41204, 22328677, 1, 0, 0
41308, 23086712, 1, 0, 0
41403, 22594325, 1, 0, 0
41511, 21892061, 1, 0, 0
41600, 22493560, 1, 0, 0
41704, 21889369, 1, 0, 0
41810, 22415418, 1, 0, 0
41903, 23223832, 1, 0, 0
42009, 22542199, 1, 0, 0
42105, 21318471, 1, 0, 0
42207, 18707372, 1, 0, 0
42301, 22778485, 1, 0, 0
42400, 23660156, 1, 0, 0
42501, 21597866, 1, 0, 0
42602, 21574113, 1, 0, 0
42707, 23623580, 1, 0, 0
42818, 20777467, 1, 0, 0
42900, 23148882, 1, 0, 0
43004, 22749386, 1, 0, 0
43100, 23339682, 1, 0, 0
43202, 23804974, 1, 0, 0
43309, 21371512, 1, 0, 0
43401, 21738528, 1, 0, 0
43507, 23146835, 1, 0, 0
43608, 21291610, 1, 0, 0
43700, 18231421, 1, 0, 0
43807, 14068564, 1, 0, 0
43905, 14798477, 1, 0, 0
44005, 21639385, 1, 0, 0
44110, 21664867, 1, 0, 0
44212, 22837078, 1, 0, 0
44311, 21711647, 1, 0, 0
44422, 21163521, 1, 0, 0
44505, 17974706, 1, 0, 0
44620, 22734793, 1, 0, 0
44700, 23009552, 1, 0, 0
44803, 22328540, 1, 0, 0
44909, 23719125, 1, 0, 0
45017, 22703134, 1, 0, 0
45100, 24421269, 1, 0, 0
45205, 22665965, 1, 0, 0
45311, 22468078, 1, 0, 0
45400, 15870435, 1, 0, 0
45502, 14402194, 1, 0, 0
45611, 14697937, 1, 0, 0
45719, 18077375, 1, 0, 0
45806, 22343387, 1, 0, 0
45908, 21522915, 1, 0, 0
46003, 23719148, 1, 0, 0
46113, 21578537, 1, 0, 0
46203, 23100394, 1, 0, 0
46302, 22783887, 1, 0, 0
46417, 22144682, 1, 0, 0
46510, 23050539, 1, 0, 0
46600, 23044021, 1, 0, 0
46713, 21800942, 1, 0, 0
46804, 23309633, 1, 0, 0
46903, 23151661, 1, 0, 0
47008, 22146928, 1, 0, 0
47100, 22056703, 1, 0, 0
47219, 20923719, 1, 0, 0
47301, 23361221, 1, 0, 0
47403, 16942221, 1, 0, 0
47500, 14083134, 1, 0, 0
47607, 14876796, 1, 0, 0
47701, 17731844, 1, 0, 0
47807, 23235829, 1, 0, 0
47910, 21810040, 1, 0, 0
48010, 22331823, 1, 0, 0
48107, 22265828, 1, 0, 0
48205, 22620686, 1, 0, 0
48300, 21959882, 1, 0, 0
48404, 23713492, 1, 0, 0
48500, 18768665, 1, 0, 0
48600, 21658694, 1, 0, 0
48721, 21828788, 1, 0, 0
48800, 23160893, 1, 0, 0
48900, 22056131, 1, 0, 0
49000, 22919709, 1, 0, 0
49103, 15372595, 1, 0, 0
49201, 14380939, 1, 0, 0
49300, 14521135, 1, 0, 0
49407, 18790046, 1, 0, 0
49500, 22221878, 1, 0, 0
49600, 21662444, 1, 0, 0
49704, 22452544, 1, 0, 0
49821, 21983919, 1, 0, 0
49912, 20788707, 1, 0, 0
50016, 24033324, 1, 0, 0
50113, 22227652, 1, 0, 0
50202, 23234238, 1, 0, 0
50301, 23562570, 1, 0, 0
50400, 20902143, 1, 0, 0
50517, 15137336, 1, 0, 0
50608, 20790994, 1, 0, 0
50701, 23448742, 1, 0, 0
50803, 21977588, 1, 0, 0
50904, 22449491, 1, 0, 0
51000, 18965710, 1, 0, 0
51109, 14583338, 1, 0, 0
51206, 18051895, 1, 0, 0
51304, 16055537, 1, 0, 0
51411, 21252441, 1, 0, 0
51505, 20428617, 1, 0, 0
51613, 23510375, 1, 0, 0
51703, 20896572, 1, 0, 0
51804, 23499506, 1, 0, 0
51909, 22012757, 1, 0, 0
52000, 23163509, 1, 0, 0
52103, 22503727, 1, 0, 0
52203, 22177980, 1, 0, 0
52305, 16462027, 1, 0, 0
52406, 15693911, 1, 0, 0
52503, 23543359, 1, 0, 0
52601, 21700543, 1, 0, 0
52704, 21256355, 1, 0, 0
52802, 20481964, 1, 0, 0
52920, 21951416, 1, 0, 0
53000, 17929456, 1, 0, 0
53100, 20763349, 1, 0, 0
53200, 22677063, 1, 0, 0
53319, 21536312, 1, 0, 0
53400, 22723660, 1, 0, 0
53500, 23006346, 1, 0, 0
53604, 22253768, 1, 0, 0
53710, 22206398, 1, 0, 0
53808, 22151887, 1, 0, 0
53903, 23644817, 1, 0, 0
54002, 21495948, 1, 0, 0
54114, 22099474, 1, 0, 0
54204, 20346020, 1, 0, 0
54300, 16005261, 1, 0, 0
54402, 23642438, 1, 0, 0
54511, 21120383, 1, 0, 0
54600, 23278459, 1, 0, 0
54704, 20914774, 1, 0, 0
54806, 21790120, 1, 0, 0
54910, 21928807, 1, 0, 0
55000, 22160880, 1, 0, 0
55121, 22126564, 1, 0, 0
55200, 24692053, 1, 0, 0
55302, 22497740, 1, 0, 0
55400, 20849601, 1, 0, 0
55502, 24011959, 1, 0, 0
55620, 21444479, 1, 0, 0
55704, 21948012, 1, 0, 0
55810, 21413664, 1, 0, 0
55904, 21666578, 1, 0, 0
56005, 14679658, 1, 0, 0
56101, 14446739, 1, 0, 0
56209, 17947238, 1, 0, 0
56313, 20975487, 1, 0, 0
56400, 21924286, 1, 0, 0
56500, 22279262, 1, 0, 0
56616, 22545998, 1, 0, 0
56702, 21300154, 1, 0, 0
56822, 21374801, 1, 0, 0
56900, 22918156, 1, 0, 0
57000, 22207813, 1, 0, 0
57105, 22723522, 1, 0, 0
57200, 22415308, 1, 0, 0
57302, 22120911, 1, 0, 0
57408, 19079210, 1, 0, 0
57505, 21500329, 1, 0, 0
57605, 21467229, 1, 0, 0
57704, 22132859, 1, 0, 0
57808, 22352158, 1, 0, 0
57905, 23821717, 1, 0, 0
58006, 21231679, 1, 0, 0
58104, 18941141, 1, 0, 0
58222, 21035275, 1, 0, 0
58300, 22626346, 1, 0, 0
58400, 22400490, 1, 0, 0
58522, 22481083, 1, 0, 0
58600, 23365301, 1, 0, 0
58713, 21903066, 1, 0, 0
58800, 20206607, 1, 0, 0
58906, 23869948, 1, 0, 0
59009, 21553699, 1, 0, 0
59101, 24171069, 1, 0, 0
59202, 22092917, 1, 0, 0
59304, 22354176, 1, 0, 0
59406, 22092766, 1, 0, 0
59502, 22737471, 1, 0, 0
59621, 21388955, 1, 0, 0
59708, 22335612, 1, 0, 0
59802, 22204010, 1, 0, 0
59905, 22352867, 1, 0, 0
60008, 21647958, 1, 0, 0
60009, 27727901, 1, 0, 0
