250, 62208, 1, 0, 0
350, 64640, 1, 0, 0
450, 42240, 1, 0, 0
550, 40320, 1, 0, 0
650, 55680, 1, 0, 0
749, 59474, 1, 0, 0
849, 69120, 1, 0, 0
949, 69120, 1, 0, 0
1049, 66560, 1, 0, 0
1150, 58240, 1, 0, 0
1250, 71680, 1, 0, 0
1350, 62080, 1, 0, 0
1450, 63360, 1, 0, 0
1550, 58240, 1, 0, 0
1849, 12800, 1, 0, 0
1949, 84480, 1, 0, 0
2049, 42240, 1, 0, 0
2350, 51200, 1, 0, 0
2450, 17280, 1, 0, 0
2550, 58880, 1, 0, 0
2650, 73600, 1, 0, 0
2749, 85333, 1, 0, 0
2849, 71040, 1, 0, 0
2949, 69120, 1, 0, 0
3049, 71680, 1, 0, 0
3149, 64640, 1, 0, 0
3249, 64000, 1, 0, 0
3349, 67200, 1, 0, 0
3450, 74880, 1, 0, 0
3550, 58880, 1, 0, 0
3650, 58240, 1, 0, 0
3749, 79515, 1, 0, 0
3849, 77440, 1, 0, 0
3949, 74240, 1, 0, 0
4049, 73600, 1, 0, 0
4149, 78720, 1, 0, 0
4249, 56320, 1, 0, 0
4349, 72320, 1, 0, 0
4449, 50560, 1, 0, 0
4549, 20480, 1, 0, 0
4650, 74880, 1, 0, 0
4750, 66560, 1, 0, 0
4850, 66560, 1, 0, 0
4950, 69120, 1, 0, 0
5050, 69760, 1, 0, 0
5150, 47360, 1, 0, 0
5249, 60767, 1, 0, 0
5349, 62080, 1, 0, 0
5449, 65920, 1, 0, 0
5549, 59520, 1, 0, 0
5649, 82560, 1, 0, 0
5750, 65920, 1, 0, 0
5850, 53120, 1, 0, 0
5950, 78720, 1, 0, 0
6050, 48000, 1, 0, 0
6150, 69120, 1, 0, 0
6249, 65939, 1, 0, 0
6349, 58240, 1, 0, 0
6449, 80640, 1, 0, 0
6549, 48640, 1, 0, 0
6649, 71040, 1, 0, 0
6749, 70400, 1, 0, 0
6849, 73600, 1, 0, 0
6950, 63360, 1, 0, 0
7050, 76160, 1, 0, 0
7150, 81280, 1, 0, 0
7249, 55595, 1, 0, 0
7349, 58880, 1, 0, 0
7449, 39680, 1, 0, 0
7549, 44800, 1, 0, 0
7649, 73600, 1, 0, 0
7749, 64000, 1, 0, 0
7849, 45440, 1, 0, 0
7949, 65920, 1, 0, 0
8050, 76800, 1, 0, 0
8150, 53120, 1, 0, 0
8249, 74343, 1, 0, 0
8349, 59520, 1, 0, 0
8449, 64000, 1, 0, 0
8549, 75520, 1, 0, 0
8649, 57600, 1, 0, 0
8749, 69120, 1, 0, 0
8849, 83840, 1, 0, 0
8949, 86400, 1, 0, 0
9049, 56320, 1, 0, 0
9150, 51840, 1, 0, 0
9250, 60160, 1, 0, 0
9350, 77440, 1, 0, 0
9450, 64640, 1, 0, 0
9550, 73600, 1, 0, 0
9650, 47360, 1, 0, 0
9749, 53010, 1, 0, 0
9849, 69120, 1, 0, 0
9949, 65920, 1, 0, 0
10049, 67840, 1, 0, 0
10149, 69120, 1, 0, 0
10249, 63360, 1, 0, 0
10350, 77440, 1, 0, 0
10450, 77440, 1, 0, 0
10550, 70400, 1, 0, 0
10650, 65920, 1, 0, 0
10749, 53656, 1, 0, 0
10849, 74880, 1, 0, 0
10949, 66560, 1, 0, 0
11049, 60800, 1, 0, 0
11149, 49280, 1, 0, 0
11249, 68480, 1, 0, 0
11349, 53120, 1, 0, 0
11450, 70400, 1, 0, 0
11550, 37760, 1, 0, 0
11650, 55040, 1, 0, 0
11749, 74989, 1, 0, 0
11849, 69120, 1, 0, 0
11949, 64640, 1, 0, 0
12049, 77440, 1, 0, 0
12149, 40960, 1, 0, 0
12249, 21760, 1, 0, 0
12349, 44800, 1, 0, 0
12450, 19200, 1, 0, 0
12550, 17280, 1, 0, 0
12650, 44800, 1, 0, 0
12749, 64646, 1, 0, 0
12849, 33920, 1, 0, 0
12949, 66560, 1, 0, 0
13049, 69760, 1, 0, 0
13149, 74880, 1, 0, 0
13249, 84480, 1, 0, 0
13349, 48000, 1, 0, 0
13449, 80000, 1, 0, 0
13550, 53760, 1, 0, 0
13650, 76800, 1, 0, 0
13749, 65939, 1, 0, 0
13849, 83200, 1, 0, 0
13949, 66560, 1, 0, 0
14049, 63360, 1, 0, 0
14149, 75520, 1, 0, 0
14249, 80000, 1, 0, 0
14349, 67840, 1, 0, 0
14449, 61440, 1, 0, 0
14549, 53760, 1, 0, 0
14649, 65280, 1, 0, 0
14750, 67200, 1, 0, 0
14850, 70400, 1, 0, 0
14950, 69120, 1, 0, 0
15050, 59520, 1, 0, 0
15150, 34560, 1, 0, 0
15249, 83393, 1, 0, 0
15349, 58880, 1, 0, 0
15449, 69120, 1, 0, 0
15549, 76160, 1, 0, 0
15649, 66560, 1, 0, 0
15749, 80000, 1, 0, 0
15849, 71040, 1, 0, 0
15949, 64640, 1, 0, 0
16050, 62720, 1, 0, 0
16150, 57600, 1, 0, 0
16249, 50424, 1, 0, 0
16349, 73600, 1, 0, 0
16449, 53120, 1, 0, 0
16549, 87680, 1, 0, 0
16649, 59520, 1, 0, 0
16749, 40320, 1, 0, 0
16849, 56320, 1, 0, 0
16949, 65920, 1, 0, 0
17050, 72320, 1, 0, 0
17150, 73600, 1, 0, 0
17249, 54303, 1, 0, 0
17349, 74240, 1, 0, 0
17449, 46080, 1, 0, 0
17549, 48640, 1, 0, 0
17649, 37760, 1, 0, 0
17749, 40960, 1, 0, 0
17849, 72320, 1, 0, 0
17949, 61440, 1, 0, 0
18049, 62080, 1, 0, 0
18149, 62080, 1, 0, 0
18250, 56320, 1, 0, 0
18350, 28160, 1, 0, 0
18450, 56960, 1, 0, 0
18550, 67200, 1, 0, 0
18650, 76160, 1, 0, 0
18749, 60121, 1, 0, 0
18849, 55040, 1, 0, 0
18949, 49920, 1, 0, 0
19049, 56320, 1, 0, 0
19149, 69120, 1, 0, 0
19249, 39680, 1, 0, 0
19349, 70400, 1, 0, 0
19450, 60160, 1, 0, 0
19550, 75520, 1, 0, 0
19650, 81280, 1, 0, 0
19749, 76282, 1, 0, 0
19849, 67840, 1, 0, 0
19949, 70400, 1, 0, 0
20049, 76160, 1, 0, 0
20149, 74240, 1, 0, 0
20249, 56320, 1, 0, 0
20349, 52480, 1, 0, 0
20449, 60160, 1, 0, 0
20549, 46080, 1, 0, 0
20650, 60160, 1, 0, 0
20750, 67200, 1, 0, 0
20850, 45440, 1, 0, 0
20950, 74240, 1, 0, 0
21050, 78720, 1, 0, 0
21150, 71040, 1, 0, 0
21249, 65292, 1, 0, 0
21349, 67840, 1, 0, 0
21449, 60160, 1, 0, 0
21549, 59520, 1, 0, 0
21649, 50560, 1, 0, 0
21750, 72320, 1, 0, 0
21850, 55040, 1, 0, 0
21950, 65280, 1, 0, 0
22050, 61440, 1, 0, 0
22150, 78080, 1, 0, 0
22249, 67878, 1, 0, 0
22349, 81920, 1, 0, 0
22449, 54400, 1, 0, 0
22549, 78080, 1, 0, 0
22649, 64640, 1, 0, 0
22749, 60800, 1, 0, 0
22849, 75520, 1, 0, 0
22950, 120320, 1, 0, 0
23050, 64000, 1, 0, 0
23150, 8320, 1, 0, 0
23249, 24565, 1, 0, 0
23349, 67840, 1, 0, 0
23449, 61440, 1, 0, 0
23549, 68480, 1, 0, 0
23649, 74240, 1, 0, 0
23749, 76160, 1, 0, 0
23850, 51200, 1, 0, 0
23950, 61440, 1, 0, 0
24050, 42240, 1, 0, 0
24150, 81920, 1, 0, 0
24249, 43959, 1, 0, 0
24349, 58240, 1, 0, 0
24449, 61440, 1, 0, 0
24549, 37120, 1, 0, 0
24649, 51200, 1, 0, 0
24749, 59520, 1, 0, 0
24849, 56320, 1, 0, 0
24949, 57600, 1, 0, 0
25050, 70400, 1, 0, 0
25150, 62720, 1, 0, 0
25249, 65939, 1, 0, 0
25349, 47360, 1, 0, 0
25449, 53760, 1, 0, 0
25549, 67840, 1, 0, 0
25649, 65920, 1, 0, 0
25749, 46080, 1, 0, 0
25849, 78080, 1, 0, 0
25949, 52480, 1, 0, 0
26049, 88320, 1, 0, 0
26150, 86400, 1, 0, 0
26250, 50560, 1, 0, 0
26350, 62720, 1, 0, 0
26450, 62080, 1, 0, 0
26550, 60160, 1, 0, 0
26650, 51840, 1, 0, 0
26749, 62707, 1, 0, 0
26849, 53760, 1, 0, 0
26949, 67840, 1, 0, 0
27049, 67200, 1, 0, 0
27149, 71680, 1, 0, 0
27250, 67840, 1, 0, 0
27350, 71040, 1, 0, 0
27450, 64640, 1, 0, 0
27550, 65280, 1, 0, 0
27650, 61440, 1, 0, 0
27749, 73696, 1, 0, 0
27849, 68480, 1, 0, 0
27949, 71040, 1, 0, 0
28049, 71040, 1, 0, 0
28149, 78720, 1, 0, 0
28249, 77440, 1, 0, 0
28349, 58240, 1, 0, 0
28449, 75520, 1, 0, 0
28550, 80640, 1, 0, 0
28650, 57600, 1, 0, 0
28749, 62707, 1, 0, 0
28849, 74240, 1, 0, 0
28949, 67840, 1, 0, 0
29049, 72320, 1, 0, 0
29149, 60800, 1, 0, 0
29249, 67200, 1, 0, 0
29349, 74240, 1, 0, 0
29449, 49280, 1, 0, 0
29549, 52480, 1, 0, 0
29650, 70400, 1, 0, 0
29750, 77440, 1, 0, 0
29850, 70400, 1, 0, 0
29950, 51200, 1, 0, 0
30050, 70400, 1, 0, 0
30150, 83840, 1, 0, 0
30249, 58181, 1, 0, 0
30349, 65920, 1, 0, 0
30449, 69120, 1, 0, 0
30549, 67200, 1, 0, 0
30649, 60160, 1, 0, 0
30750, 74880, 1, 0, 0
30850, 53120, 1, 0, 0
30950, 62720, 1, 0, 0
31050, 60160, 1, 0, 0
31150, 55680, 1, 0, 0
31249, 66585, 1, 0, 0
31349, 72960, 1, 0, 0
31449, 60160, 1, 0, 0
31549, 69120, 1, 0, 0
31649, 66560, 1, 0, 0
31749, 58240, 1, 0, 0
31849, 52480, 1, 0, 0
31950, 65280, 1, 0, 0
32050, 76800, 1, 0, 0
32150, 74240, 1, 0, 0
32249, 60121, 1, 0, 0
32349, 67200, 1, 0, 0
32449, 54400, 1, 0, 0
32549, 65920, 1, 0, 0
32649, 69760, 1, 0, 0
32749, 62080, 1, 0, 0
32849, 48000, 1, 0, 0
32949, 71680, 1, 0, 0
33050, 67840, 1, 0, 0
33150, 57600, 1, 0, 0
33249, 73696, 1, 0, 0
33349, 62720, 1, 0, 0
33449, 43520, 1, 0, 0
33549, 73600, 1, 0, 0
33649, 77440, 1, 0, 0
33749, 57600, 1, 0, 0
33849, 80000, 1, 0, 0
33949, 48000, 1, 0, 0
34049, 51840, 1, 0, 0
34149, 78080, 1, 0, 0
34250, 60160, 1, 0, 0
34350, 58880, 1, 0, 0
34450, 61440, 1, 0, 0
34550, 70400, 1, 0, 0
34650, 60800, 1, 0, 0
34749, 42020, 1, 0, 0
34849, 62720, 1, 0, 0
34949, 60800, 1, 0, 0
35049, 64640, 1, 0, 0
35149, 74880, 1, 0, 0
35249, 67200, 1, 0, 0
35350, 76160, 1, 0, 0
35450, 81920, 1, 0, 0
35550, 56960, 1, 0, 0
35650, 67840, 1, 0, 0
35749, 80161, 1, 0, 0
35849, 68480, 1, 0, 0
35949, 50560, 1, 0, 0
36049, 62720, 1, 0, 0
36149, 72320, 1, 0, 0
36249, 75520, 1, 0, 0
36349, 57600, 1, 0, 0
36449, 40320, 1, 0, 0
36550, 64000, 1, 0, 0
36650, 77440, 1, 0, 0
36749, 74343, 1, 0, 0
36849, 40320, 1, 0, 0
36949, 42240, 1, 0, 0
37049, 77440, 1, 0, 0
37149, 74240, 1, 0, 0
37249, 53760, 1, 0, 0
37349, 67200, 1, 0, 0
37449, 56960, 1, 0, 0
37550, 58240, 1, 0, 0
37650, 77440, 1, 0, 0
37749, 72404, 1, 0, 0
37849, 68480, 1, 0, 0
37949, 58880, 1, 0, 0
38049, 77440, 1, 0, 0
38149, 62080, 1, 0, 0
38249, 42880, 1, 0, 0
38349, 51200, 1, 0, 0
38449, 64000, 1, 0, 0
38550, 60160, 1, 0, 0
38650, 67200, 1, 0, 0
38749, 64000, 1, 0, 0
38849, 55680, 1, 0, 0
38949, 53120, 1, 0, 0
39049, 55680, 1, 0, 0
39149, 80640, 1, 0, 0
39249, 55680, 1, 0, 0
39349, 69760, 1, 0, 0
39449, 68480, 1, 0, 0
39549, 71680, 1, 0, 0
39649, 78080, 1, 0, 0
39750, 69760, 1, 0, 0
39850, 63360, 1, 0, 0
39950, 60800, 1, 0, 0
40050, 66560, 1, 0, 0
40150, 63360, 1, 0, 0
40249, 67878, 1, 0, 0
40349, 69760, 1, 0, 0
40449, 60160, 1, 0, 0
40549, 52480, 1, 0, 0
40649, 53760, 1, 0, 0
40749, 72320, 1, 0, 0
40850, 56320, 1, 0, 0
40950, 69760, 1, 0, 0
41050, 74880, 1, 0, 0
41150, 87040, 1, 0, 0
41249, 74989, 1, 0, 0
41349, 71040, 1, 0, 0
41449, 83200, 1, 0, 0
41549, 55040, 1, 0, 0
41649, 78080, 1, 0, 0
41749, 90240, 1, 0, 0
41849, 62720, 1, 0, 0
41949, 66560, 1, 0, 0
42050, 71040, 1, 0, 0
42150, 70400, 1, 0, 0
42249, 56242, 1, 0, 0
42349, 78720, 1, 0, 0
42449, 69760, 1, 0, 0
42549, 58880, 1, 0, 0
42649, 72960, 1, 0, 0
42749, 80000, 1, 0, 0
42849, 65920, 1, 0, 0
42949, 69760, 1, 0, 0
43049, 70400, 1, 0, 0
43149, 71680, 1, 0, 0
43250, 54400, 1, 0, 0
43350, 53120, 1, 0, 0
43450, 81280, 1, 0, 0
43550, 63360, 1, 0, 0
43650, 33920, 1, 0, 0
43749, 66585, 1, 0, 0
43849, 67840, 1, 0, 0
43949, 67200, 1, 0, 0
44049, 60160, 1, 0, 0
44149, 68480, 1, 0, 0
44249, 75520, 1, 0, 0
44349, 74880, 1, 0, 0
44450, 71680, 1, 0, 0
44550, 58880, 1, 0, 0
44650, 78080, 1, 0, 0
44749, 76282, 1, 0, 0
44849, 72320, 1, 0, 0
44949, 68480, 1, 0, 0
45049, 65920, 1, 0, 0
45149, 76160, 1, 0, 0
45249, 66560, 1, 0, 0
45349, 62720, 1, 0, 0
45449, 74240, 1, 0, 0
45550, 60800, 1, 0, 0
45650, 36480, 1, 0, 0
45749, 80808, 1, 0, 0
45849, 77440, 1, 0, 0
45949, 74240, 1, 0, 0
46049, 72960, 1, 0, 0
46149, 78080, 1, 0, 0
46249, 78720, 1, 0, 0
46349, 67200, 1, 0, 0
46449, 80640, 1, 0, 0
46549, 38400, 1, 0, 0
46650, 35200, 1, 0, 0
46749, 66585, 1, 0, 0
46849, 51840, 1, 0, 0
46949, 77440, 1, 0, 0
47049, 51200, 1, 0, 0
47149, 75520, 1, 0, 0
47249, 80640, 1, 0, 0
47349, 77440, 1, 0, 0
47449, 80640, 1, 0, 0
47549, 84480, 1, 0, 0
47649, 48000, 1, 0, 0
47750, 53120, 1, 0, 0
47850, 76160, 1, 0, 0
47950, 62080, 1, 0, 0
48050, 63360, 1, 0, 0
48150, 72960, 1, 0, 0
48249, 81454, 1, 0, 0
48349, 74880, 1, 0, 0
48449, 64000, 1, 0, 0
48549, 63360, 1, 0, 0
48649, 38400, 1, 0, 0
48749, 52480, 1, 0, 0
48849, 79360, 1, 0, 0
48950, 74880, 1, 0, 0
49050, 56960, 1, 0, 0
49150, 60800, 1, 0, 0
49249, 65292, 1, 0, 0
49349, 65280, 1, 0, 0
49449, 45440, 1, 0, 0
49549, 70400, 1, 0, 0
49649, 64000, 1, 0, 0
49749, 68480, 1, 0, 0
49849, 66560, 1, 0, 0
49949, 73600, 1, 0, 0
50050, 61440, 1, 0, 0
50150, 59520, 1, 0, 0
50249, 65939, 1, 0, 0
50349, 60160, 1, 0, 0
50449, 67840, 1, 0, 0
50549, 73600, 1, 0, 0
50649, 71040, 1, 0, 0
50749, 55040, 1, 0, 0
50849, 67840, 1, 0, 0
50949, 60160, 1, 0, 0
51049, 62720, 1, 0, 0
51149, 71040, 1, 0, 0
51250, 68480, 1, 0, 0
51350, 67200, 1, 0, 0
51450, 60160, 1, 0, 0
51550, 69760, 1, 0, 0
51650, 64640, 1, 0, 0
51749, 52363, 1, 0, 0
51849, 46080, 1, 0, 0
51949, 68480, 1, 0, 0
52049, 80000, 1, 0, 0
52149, 55680, 1, 0, 0
52249, 44800, 1, 0, 0
52350, 60800, 1, 0, 0
52450, 42880, 1, 0, 0
52550, 60160, 1, 0, 0
52650, 47360, 1, 0, 0
52749, 57535, 1, 0, 0
52849, 26880, 1, 0, 0
52949, 50560, 1, 0, 0
53049, 58240, 1, 0, 0
53149, 65280, 1, 0, 0
53249, 60800, 1, 0, 0
53349, 64000, 1, 0, 0
53449, 60800, 1, 0, 0
53550, 83200, 1, 0, 0
53650, 53120, 1, 0, 0
53749, 67878, 1, 0, 0
53849, 42240, 1, 0, 0
53949, 49920, 1, 0, 0
54049, 68480, 1, 0, 0
54149, 53120, 1, 0, 0
54249, 40320, 1, 0, 0
54349, 59520, 1, 0, 0
54449, 72960, 1, 0, 0
54549, 71680, 1, 0, 0
54649, 60160, 1, 0, 0
54750, 45440, 1, 0, 0
54850, 80000, 1, 0, 0
54950, 54400, 1, 0, 0
55050, 50560, 1, 0, 0
55150, 69120, 1, 0, 0
55249, 41373, 1, 0, 0
55349, 75520, 1, 0, 0
55449, 78080, 1, 0, 0
55549, 64640, 1, 0, 0
55649, 75520, 1, 0, 0
55749, 59520, 1, 0, 0
55849, 60160, 1, 0, 0
55949, 62080, 1, 0, 0
56050, 55040, 1, 0, 0
56150, 69760, 1, 0, 0
56249, 73696, 1, 0, 0
56349, 46720, 1, 0, 0
56449, 58240, 1, 0, 0
56549, 71680, 1, 0, 0
56649, 62720, 1, 0, 0
56749, 53120, 1, 0, 0
56849, 48640, 1, 0, 0
56949, 69120, 1, 0, 0
57050, 65280, 1, 0, 0
57150, 58240, 1, 0, 0
57249, 64646, 1, 0, 0
57349, 65920, 1, 0, 0
57449, 58880, 1, 0, 0
57549, 74240, 1, 0, 0
57649, 74240, 1, 0, 0
57749, 69120, 1, 0, 0
57849, 53760, 1, 0, 0
57949, 54400, 1, 0, 0
58049, 49920, 1, 0, 0
58149, 67840, 1, 0, 0
58250, 60160, 1, 0, 0
58350, 71040, 1, 0, 0
58450, 56960, 1, 0, 0
58550, 63360, 1, 0, 0
58650, 70400, 1, 0, 0
58749, 65939, 1, 0, 0
58849, 57600, 1, 0, 0
58949, 58240, 1, 0, 0
59049, 62080, 1, 0, 0
59149, 3840, 1, 0, 0
59249, 23680, 1, 0, 0
59350, 17280, 1, 0, 0
59650, 22400, 1, 0, 0
59749, 50424, 1, 0, 0
59849, 69760, 1, 0, 0
59949, 80000, 1, 0, 0
60049, 77440, 1, 0, 0
60149, 48640, 1, 0, 0
60249, 72320, 1, 0, 0
60349, 75520, 1, 0, 0
60449, 51200, 1, 0, 0
60550, 63360, 1, 0, 0
60650, 58240, 1, 0, 0
60749, 49131, 1, 0, 0
60849, 71040, 1, 0, 0
60949, 69120, 1, 0, 0
61049, 74880, 1, 0, 0
61149, 53120, 1, 0, 0
61249, 68480, 1, 0, 0
61349, 55040, 1, 0, 0
61449, 62720, 1, 0, 0
61549, 71680, 1, 0, 0
61649, 78080, 1, 0, 0
61750, 60160, 1, 0, 0
61850, 61440, 1, 0, 0
61950, 58240, 1, 0, 0
62050, 14080, 1, 0, 0
62249, 646, 1, 0, 0
62349, 28160, 1, 0, 0
62449, 28160, 1, 0, 0
62549, 65920, 1, 0, 0
62649, 21120, 1, 0, 0
62749, 48640, 1, 0, 0
62849, 87040, 1, 0, 0
62949, 75520, 1, 0, 0
63050, 70400, 1, 0, 0
63150, 75520, 1, 0, 0
63249, 87919, 1, 0, 0
63349, 51200, 1, 0, 0
63449, 63360, 1, 0, 0
63549, 51200, 1, 0, 0
63649, 41600, 1, 0, 0
63749, 55040, 1, 0, 0
63849, 83840, 1, 0, 0
63949, 72960, 1, 0, 0
64049, 68480, 1, 0, 0
64149, 67840, 1, 0, 0
64250, 55040, 1, 0, 0
64350, 83840, 1, 0, 0
64450, 64640, 1, 0, 0
64550, 52480, 1, 0, 0
64650, 69760, 1, 0, 0
64749, 58828, 1, 0, 0
64849, 83200, 1, 0, 0
64949, 53760, 1, 0, 0
65049, 67840, 1, 0, 0
65149, 52480, 1, 0, 0
65249, 26880, 1, 0, 0
65349, 57600, 1, 0, 0
65450, 46080, 1, 0, 0
65550, 75520, 1, 0, 0
65650, 66560, 1, 0, 0
65749, 47838, 1, 0, 0
65849, 60800, 1, 0, 0
65949, 58240, 1, 0, 0
66049, 66560, 1, 0, 0
66149, 51200, 1, 0, 0
66249, 75520, 1, 0, 0
66349, 65280, 1, 0, 0
66449, 76800, 1, 0, 0
66549, 69760, 1, 0, 0
66650, 64640, 1, 0, 0
66750, 70400, 1, 0, 0
66850, 67840, 1, 0, 0
66950, 70400, 1, 0, 0
67050, 58240, 1, 0, 0
67150, 56320, 1, 0, 0
67249, 63353, 1, 0, 0
67349, 59520, 1, 0, 0
67449, 74240, 1, 0, 0
67549, 80000, 1, 0, 0
67649, 56960, 1, 0, 0
67749, 87040, 1, 0, 0
67850, 71040, 1, 0, 0
67950, 68480, 1, 0, 0
68050, 69760, 1, 0, 0
68150, 56320, 1, 0, 0
68249, 54949, 1, 0, 0
68349, 51840, 1, 0, 0
68449, 64000, 1, 0, 0
68549, 62080, 1, 0, 0
68649, 44160, 1, 0, 0
68749, 57600, 1, 0, 0
68849, 69760, 1, 0, 0
68949, 74880, 1, 0, 0
69050, 78720, 1, 0, 0
69150, 71680, 1, 0, 0
69249, 57535, 1, 0, 0
69349, 67840, 1, 0, 0
69449, 80640, 1, 0, 0
69549, 38400, 1, 0, 0
69649, 73600, 1, 0, 0
69749, 50560, 1, 0, 0
69849, 64000, 1, 0, 0
69949, 69760, 1, 0, 0
70049, 55680, 1, 0, 0
70149, 65280, 1, 0, 0
70249, 42880, 1, 0, 0
70349, 8960, 1, 0, 0
70450, 15360, 1, 0, 0
70550, 16000, 1, 0, 0
70650, 40960, 1, 0, 0
70749, 41373, 1, 0, 0
70849, 40320, 1, 0, 0
70949, 65280, 1, 0, 0
71049, 4480, 1, 0, 0
71149, 41600, 1, 0, 0
71249, 67200, 1, 0, 0
71349, 46720, 1, 0, 0
71449, 38400, 1, 0, 0
71550, 55680, 1, 0, 0
71650, 69120, 1, 0, 0
71749, 69818, 1, 0, 0
71849, 35840, 1, 0, 0
71949, 83200, 1, 0, 0
72049, 65920, 1, 0, 0
72149, 64640, 1, 0, 0
72249, 66560, 1, 0, 0
72349, 87040, 1, 0, 0
72449, 55680, 1, 0, 0
72549, 70400, 1, 0, 0
72649, 64000, 1, 0, 0
72750, 60160, 1, 0, 0
72850, 65280, 1, 0, 0
72950, 79360, 1, 0, 0
73050, 53120, 1, 0, 0
73150, 60160, 1, 0, 0
73249, 53656, 1, 0, 0
73349, 63360, 1, 0, 0
73449, 68480, 1, 0, 0
73549, 57600, 1, 0, 0
73649, 64640, 1, 0, 0
73749, 53760, 1, 0, 0
73849, 57600, 1, 0, 0
73950, 65920, 1, 0, 0
74050, 64000, 1, 0, 0
74150, 69760, 1, 0, 0
74249, 78222, 1, 0, 0
74349, 72320, 1, 0, 0
74449, 69120, 1, 0, 0
74549, 66560, 1, 0, 0
74649, 60800, 1, 0, 0
74749, 75520, 1, 0, 0
74849, 80640, 1, 0, 0
74949, 60160, 1, 0, 0
75050, 62080, 1, 0, 0
75150, 76160, 1, 0, 0
75249, 37494, 1, 0, 0
75449, 19840, 1, 0, 0
75549, 81920, 1, 0, 0
75749, 13440, 1, 0, 0
75849, 74880, 1, 0, 0
75949, 75520, 1, 0, 0
76049, 70400, 1, 0, 0
76149, 39680, 1, 0, 0
76250, 39680, 1, 0, 0
76350, 66560, 1, 0, 0
76450, 69760, 1, 0, 0
76550, 60800, 1, 0, 0
76650, 53760, 1, 0, 0
76749, 80161, 1, 0, 0
76849, 65920, 1, 0, 0
76949, 66560, 1, 0, 0
77049, 46720, 1, 0, 0
77149, 66560, 1, 0, 0
77249, 60800, 1, 0, 0
77349, 54400, 1, 0, 0
77450, 64640, 1, 0, 0
77550, 56960, 1, 0, 0
77650, 35840, 1, 0, 0
77749, 66585, 1, 0, 0
77849, 60800, 1, 0, 0
77949, 67840, 1, 0, 0
78049, 66560, 1, 0, 0
78149, 29440, 1, 0, 0
78249, 60800, 1, 0, 0
78349, 80000, 1, 0, 0
78449, 84480, 1, 0, 0
78550, 71680, 1, 0, 0
78650, 53760, 1, 0, 0
78749, 66585, 1, 0, 0
78849, 44800, 1, 0, 0
78949, 44800, 1, 0, 0
79049, 71040, 1, 0, 0
79149, 64640, 1, 0, 0
79249, 59520, 1, 0, 0
79349, 61440, 1, 0, 0
79449, 67840, 1, 0, 0
79549, 70400, 1, 0, 0
79650, 72960, 1, 0, 0
79750, 64640, 1, 0, 0
79850, 77440, 1, 0, 0
79950, 56960, 1, 0, 0
80050, 69760, 1, 0, 0
80150, 62720, 1, 0, 0
80249, 60767, 1, 0, 0
80349, 63360, 1, 0, 0
80449, 58240, 1, 0, 0
80549, 71040, 1, 0, 0
80649, 60800, 1, 0, 0
80750, 64640, 1, 0, 0
80850, 75520, 1, 0, 0
80950, 83840, 1, 0, 0
81050, 74240, 1, 0, 0
81150, 56960, 1, 0, 0
81249, 71757, 1, 0, 0
81349, 73600, 1, 0, 0
81449, 80000, 1, 0, 0
81549, 61440, 1, 0, 0
81649, 65280, 1, 0, 0
81749, 76160, 1, 0, 0
81850, 71680, 1, 0, 0
81950, 67200, 1, 0, 0
82050, 69120, 1, 0, 0
82150, 69120, 1, 0, 0
82249, 71757, 1, 0, 0
82349, 38400, 1, 0, 0
82449, 73600, 1, 0, 0
82549, 76160, 1, 0, 0
82649, 65280, 1, 0, 0
82749, 78080, 1, 0, 0
82850, 74880, 1, 0, 0
82950, 53120, 1, 0, 0
83050, 60160, 1, 0, 0
83150, 71680, 1, 0, 0
83249, 46545, 1, 0, 0
83349, 68480, 1, 0, 0
83449, 65280, 1, 0, 0
83549, 59520, 1, 0, 0
83649, 69120, 1, 0, 0
83749, 55680, 1, 0, 0
83849, 71040, 1, 0, 0
83949, 64640, 1, 0, 0
84050, 62080, 1, 0, 0
84150, 62080, 1, 0, 0
84249, 80808, 1, 0, 0
84349, 69760, 1, 0, 0
84449, 64640, 1, 0, 0
84549, 62080, 1, 0, 0
84649, 59520, 1, 0, 0
84749, 62080, 1, 0, 0
84849, 62080, 1, 0, 0
84949, 67200, 1, 0, 0
85049, 74240, 1, 0, 0
85149, 74240, 1, 0, 0
85250, 71680, 1, 0, 0
85350, 33280, 1, 0, 0
85450, 77440, 1, 0, 0
85550, 55680, 1, 0, 0
85650, 70400, 1, 0, 0
85749, 52363, 1, 0, 0
85849, 69760, 1, 0, 0
85949, 68480, 1, 0, 0
86049, 64640, 1, 0, 0
86149, 65920, 1, 0, 0
86249, 79360, 1, 0, 0
86350, 65280, 1, 0, 0
86450, 76160, 1, 0, 0
86550, 67840, 1, 0, 0
86650, 69760, 1, 0, 0
86749, 71111, 1, 0, 0
86849, 62720, 1, 0, 0
86949, 79360, 1, 0, 0
87049, 65280, 1, 0, 0
87149, 68480, 1, 0, 0
87249, 59520, 1, 0, 0
87349, 60160, 1, 0, 0
87449, 66560, 1, 0, 0
87550, 80640, 1, 0, 0
87650, 66560, 1, 0, 0
87749, 74343, 1, 0, 0
87849, 64000, 1, 0, 0
87949, 61440, 1, 0, 0
88049, 71680, 1, 0, 0
88149, 67840, 1, 0, 0
88249, 48640, 1, 0, 0
88349, 47360, 1, 0, 0
88449, 55040, 1, 0, 0
88550, 60800, 1, 0, 0
88650, 60160, 1, 0, 0
88749, 66585, 1, 0, 0
88849, 70400, 1, 0, 0
88949, 63360, 1, 0, 0
89049, 44800, 1, 0, 0
89149, 63360, 1, 0, 0
89249, 66560, 1, 0, 0
89349, 67840, 1, 0, 0
89449, 53760, 1, 0, 0
89549, 60160, 1, 0, 0
89649, 69120, 1, 0, 0
89750, 63360, 1, 0, 0
89850, 73600, 1, 0, 0
89950, 66560, 1, 0, 0
