250, 245760, 0, 0, 0
350, 215040, 0, 0, 0
450, 261120, 0, 0, 0
550, 230400, 0, 0, 0
650, 276480, 0, 0, 0
749, 232727, 0, 0, 0
849, 230400, 0, 0, 0
949, 245760, 0, 0, 0
1049, 245760, 0, 0, 0
1149, 276480, 0, 0, 0
1249, 322560, 0, 0, 0
1349, 307200, 0, 0, 0
1450, 261120, 0, 0, 0
1550, 245760, 0, 0, 0
1650, 230400, 0, 0, 0
1749, 310303, 0, 0, 0
1849, 245760, 0, 0, 0
1949, 322560, 0, 0, 0
2049, 215040, 0, 0, 0
2149, 261120, 0, 0, 0
2249, 322560, 0, 0, 0
2349, 261120, 0, 0, 0
2449, 261120, 0, 0, 0
2549, 230400, 0, 0, 0
2649, 230400, 0, 0, 0
2750, 261120, 0, 0, 0
2850, 230400, 0, 0, 0
2950, 245760, 0, 0, 0
3050, 168960, 0, 0, 0
3150, 230400, 0, 0, 0
3249, 279272, 0, 0, 0
3349, 291840, 0, 0, 0
3449, 261120, 0, 0, 0
3549, 230400, 0, 0, 0
3649, 245760, 0, 0, 0
3749, 261120, 0, 0, 0
3849, 230400, 0, 0, 0
3949, 245760, 0, 0, 0
4050, 291840, 0, 0, 0
4150, 230400, 0, 0, 0
4249, 217212, 0, 0, 0
4349, 291840, 0, 0, 0
4449, 245760, 0, 0, 0
4549, 230400, 0, 0, 0
4649, 307200, 0, 0, 0
4749, 245760, 0, 0, 0
4849, 261120, 0, 0, 0
4949, 230400, 0, 0, 0
5049, 230400, 0, 0, 0
5149, 245760, 0, 0, 0
5250, 261120, 0, 0, 0
5350, 276480, 0, 0, 0
5450, 215040, 0, 0, 0
5550, 184320, 0, 0, 0
5650, 245760, 0, 0, 0
5749, 232727, 0, 0, 0
5849, 215040, 0, 0, 0
5949, 291840, 0, 0, 0
6049, 230400, 0, 0, 0
6149, 230400, 0, 0, 0
6249, 261120, 0, 0, 0
6349, 245760, 0, 0, 0
6449, 215040, 0, 0, 0
6550, 261120, 0, 0, 0
6650, 245760, 0, 0, 0
6749, 248242, 0, 0, 0
6849, 276480, 0, 0, 0
6949, 245760, 0, 0, 0
7049, 199680, 0, 0, 0
7149, 230400, 0, 0, 0
7249, 215040, 0, 0, 0
7349, 276480, 0, 0, 0
7449, 307200, 0, 0, 0
7549, 261120, 0, 0, 0
7649, 261120, 0, 0, 0
7750, 245760, 0, 0, 0
7850, 245760, 0, 0, 0
7950, 291840, 0, 0, 0
8050, 199680, 0, 0, 0
8150, 276480, 0, 0, 0
8249, 248242, 0, 0, 0
8349, 245760, 0, 0, 0
8449, 261120, 0, 0, 0
8549, 215040, 0, 0, 0
8649, 230400, 0, 0, 0
8749, 307200, 0, 0, 0
8849, 245760, 0, 0, 0
8950, 261120, 0, 0, 0
9050, 245760, 0, 0, 0
9150, 245760, 0, 0, 0
9249, 232727, 0, 0, 0
9349, 291840, 0, 0, 0
9449, 276480, 0, 0, 0
9549, 307200, 0, 0, 0
9649, 230400, 0, 0, 0
9749, 261120, 0, 0, 0
9849, 245760, 0, 0, 0
9949, 276480, 0, 0, 0
10049, 230400, 0, 0, 0
10150, 230400, 0, 0, 0
10249, 248242, 0, 0, 0
10349, 230400, 0, 0, 0
10449, 276480, 0, 0, 0
10549, 261120, 0, 0, 0
10649, 276480, 0, 0, 0
10749, 245760, 0, 0, 0
10849, 245760, 0, 0, 0
10949, 230400, 0, 0, 0
11049, 245760, 0, 0, 0
11149, 261120, 0, 0, 0
11249, 276480, 0, 0, 0
11349, 261120, 0, 0, 0
11450, 261120, 0, 0, 0
11550, 245760, 0, 0, 0
11650, 215040, 0, 0, 0
11749, 263757, 0, 0, 0
11849, 261120, 0, 0, 0
11949, 245760, 0, 0, 0
12049, 261120, 0, 0, 0
12149, 245760, 0, 0, 0
12249, 245760, 0, 0, 0
12349, 245760, 0, 0, 0
12449, 245760, 0, 0, 0
12549, 322560, 0, 0, 0
12650, 261120, 0, 0, 0
12750, 245760, 0, 0, 0
12850, 245760, 0, 0, 0
12950, 261120, 0, 0, 0
13050, 215040, 0, 0, 0
13150, 199680, 0, 0, 0
13249, 263757, 0, 0, 0
13349, 307200, 0, 0, 0
13449, 291840, 0, 0, 0
13549, 261120, 0, 0, 0
13649, 276480, 0, 0, 0
13749, 245760, 0, 0, 0
13849, 215040, 0, 0, 0
13949, 245760, 0, 0, 0
14050, 261120, 0, 0, 0
14150, 291840, 0, 0, 0
14249, 232727, 0, 0, 0
14349, 230400, 0, 0, 0
14449, 261120, 0, 0, 0
14549, 307200, 0, 0, 0
14649, 245760, 0, 0, 0
14749, 245760, 0, 0, 0
14849, 230400, 0, 0, 0
14949, 245760, 0, 0, 0
15049, 230400, 0, 0, 0
15149, 276480, 0, 0, 0
15250, 261120, 0, 0, 0
15350, 245760, 0, 0, 0
15450, 245760, 0, 0, 0
15550, 245760, 0, 0, 0
15650, 245760, 0, 0, 0
15749, 217212, 0, 0, 0
15849, 261120, 0, 0, 0
15949, 215040, 0, 0, 0
16049, 245760, 0, 0, 0
16149, 245760, 0, 0, 0
16249, 199680, 0, 0, 0
16349, 276480, 0, 0, 0
16449, 261120, 0, 0, 0
16550, 276480, 0, 0, 0
16650, 276480, 0, 0, 0
16749, 263757, 0, 0, 0
16849, 261120, 0, 0, 0
16949, 199680, 0, 0, 0
17049, 199680, 0, 0, 0
17149, 230400, 0, 0, 0
17249, 261120, 0, 0, 0
17349, 291840, 0, 0, 0
17449, 245760, 0, 0, 0
17549, 261120, 0, 0, 0
17649, 245760, 0, 0, 0
17749, 245760, 0, 0, 0
17850, 245760, 0, 0, 0
17950, 245760, 0, 0, 0
18050, 276480, 0, 0, 0
18150, 322560, 0, 0, 0
18249, 263757, 0, 0, 0
18349, 230400, 0, 0, 0
18449, 215040, 0, 0, 0
18549, 230400, 0, 0, 0
18649, 261120, 0, 0, 0
18749, 184320, 0, 0, 0
18849, 245760, 0, 0, 0
18949, 291840, 0, 0, 0
19049, 215040, 0, 0, 0
19150, 245760, 0, 0, 0
19249, 263757, 0, 0, 0
19349, 230400, 0, 0, 0
19449, 184320, 0, 0, 0
19549, 199680, 0, 0, 0
19649, 230400, 0, 0, 0
19749, 245760, 0, 0, 0
19849, 261120, 0, 0, 0
19949, 245760, 0, 0, 0
20049, 230400, 0, 0, 0
20149, 215040, 0, 0, 0
20249, 307200, 0, 0, 0
20349, 307200, 0, 0, 0
20449, 261120, 0, 0, 0
20550, 215040, 0, 0, 0
20650, 261120, 0, 0, 0
20749, 263757, 0, 0, 0
20849, 261120, 0, 0, 0
20949, 245760, 0, 0, 0
21049, 291840, 0, 0, 0
21149, 215040, 0, 0, 0
21249, 276480, 0, 0, 0
21349, 245760, 0, 0, 0
21449, 230400, 0, 0, 0
21549, 230400, 0, 0, 0
21649, 291840, 0, 0, 0
21750, 245760, 0, 0, 0
21850, 261120, 0, 0, 0
21950, 245760, 0, 0, 0
22050, 215040, 0, 0, 0
22150, 215040, 0, 0, 0
22249, 232727, 0, 0, 0
22349, 230400, 0, 0, 0
22449, 215040, 0, 0, 0
22549, 230400, 0, 0, 0
22649, 230400, 0, 0, 0
22749, 215040, 0, 0, 0
22849, 261120, 0, 0, 0
22949, 199680, 0, 0, 0
23050, 230400, 0, 0, 0
23150, 215040, 0, 0, 0
23249, 232727, 0, 0, 0
23349, 276480, 0, 0, 0
23449, 322560, 0, 0, 0
23549, 215040, 0, 0, 0
23649, 245760, 0, 0, 0
23749, 230400, 0, 0, 0
23849, 230400, 0, 0, 0
23949, 230400, 0, 0, 0
24049, 215040, 0, 0, 0
24149, 230400, 0, 0, 0
24250, 230400, 0, 0, 0
24350, 199680, 0, 0, 0
24450, 230400, 0, 0, 0
24550, 245760, 0, 0, 0
24650, 230400, 0, 0, 0
24749, 248242, 0, 0, 0
24849, 245760, 0, 0, 0
24949, 230400, 0, 0, 0
25049, 230400, 0, 0, 0
25149, 307200, 0, 0, 0
25249, 230400, 0, 0, 0
25349, 261120, 0, 0, 0
25449, 276480, 0, 0, 0
25550, 261120, 0, 0, 0
25650, 307200, 0, 0, 0
25749, 248242, 0, 0, 0
25849, 307200, 0, 0, 0
25949, 261120, 0, 0, 0
26049, 199680, 0, 0, 0
26149, 276480, 0, 0, 0
26249, 230400, 0, 0, 0
26349, 261120, 0, 0, 0
26449, 261120, 0, 0, 0
26549, 245760, 0, 0, 0
26649, 245760, 0, 0, 0
26750, 184320, 0, 0, 0
26850, 261120, 0, 0, 0
26950, 261120, 0, 0, 0
27050, 337920, 0, 0, 0
27150, 261120, 0, 0, 0
27249, 279272, 0, 0, 0
27349, 245760, 0, 0, 0
27449, 245760, 0, 0, 0
27549, 199680, 0, 0, 0
27649, 276480, 0, 0, 0
27749, 291840, 0, 0, 0
27849, 276480, 0, 0, 0
27949, 245760, 0, 0, 0
28050, 245760, 0, 0, 0
28150, 230400, 0, 0, 0
28249, 294787, 0, 0, 0
28349, 245760, 0, 0, 0
28449, 215040, 0, 0, 0
28549, 291840, 0, 0, 0
28649, 230400, 0, 0, 0
28749, 230400, 0, 0, 0
28849, 215040, 0, 0, 0
28949, 230400, 0, 0, 0
29049, 245760, 0, 0, 0
29149, 261120, 0, 0, 0
29250, 261120, 0, 0, 0
29350, 230400, 0, 0, 0
29450, 245760, 0, 0, 0
29550, 230400, 0, 0, 0
29650, 245760, 0, 0, 0
29749, 279272, 0, 0, 0
29849, 276480, 0, 0, 0
29949, 276480, 0, 0, 0
30049, 199680, 0, 0, 0
30149, 230400, 0, 0, 0
30249, 261120, 0, 0, 0
30349, 245760, 0, 0, 0
30449, 199680, 0, 0, 0
30550, 276480, 0, 0, 0
30650, 230400, 0, 0, 0
30749, 248242, 0, 0, 0
30849, 291840, 0, 0, 0
30949, 261120, 0, 0, 0
31049, 276480, 0, 0, 0
31149, 261120, 0, 0, 0
31249, 276480, 0, 0, 0
31349, 245760, 0, 0, 0
31449, 245760, 0, 0, 0
31549, 307200, 0, 0, 0
31649, 215040, 0, 0, 0
31749, 276480, 0, 0, 0
31850, 276480, 0, 0, 0
31950, 199680, 0, 0, 0
32050, 230400, 0, 0, 0
32150, 245760, 0, 0, 0
32249, 294787, 0, 0, 0
32349, 276480, 0, 0, 0
32449, 276480, 0, 0, 0
32549, 245760, 0, 0, 0
32649, 245760, 0, 0, 0
32749, 261120, 0, 0, 0
32849, 261120, 0, 0, 0
32949, 261120, 0, 0, 0
33050, 245760, 0, 0, 0
33150, 215040, 0, 0, 0
33249, 232727, 0, 0, 0
33349, 307200, 0, 0, 0
33449, 230400, 0, 0, 0
33549, 215040, 0, 0, 0
33649, 245760, 0, 0, 0
33749, 230400, 0, 0, 0
33849, 291840, 0, 0, 0
33949, 245760, 0, 0, 0
34049, 276480, 0, 0, 0
34149, 215040, 0, 0, 0
34250, 230400, 0, 0, 0
34350, 261120, 0, 0, 0
34450, 291840, 0, 0, 0
34550, 245760, 0, 0, 0
34650, 261120, 0, 0, 0
34749, 279272, 0, 0, 0
34849, 230400, 0, 0, 0
34949, 261120, 0, 0, 0
35049, 245760, 0, 0, 0
35149, 261120, 0, 0, 0
35249, 245760, 0, 0, 0
35349, 215040, 0, 0, 0
35449, 261120, 0, 0, 0
35549, 184320, 0, 0, 0
35650, 245760, 0, 0, 0
35749, 248242, 0, 0, 0
35849, 230400, 0, 0, 0
35949, 276480, 0, 0, 0
36049, 276480, 0, 0, 0
36149, 230400, 0, 0, 0
36249, 230400, 0, 0, 0
36349, 245760, 0, 0, 0
36449, 261120, 0, 0, 0
36549, 215040, 0, 0, 0
36649, 322560, 0, 0, 0
36749, 230400, 0, 0, 0
36850, 245760, 0, 0, 0
36950, 245760, 0, 0, 0
37050, 261120, 0, 0, 0
37150, 276480, 0, 0, 0
37249, 232727, 0, 0, 0
37349, 261120, 0, 0, 0
37449, 230400, 0, 0, 0
37549, 261120, 0, 0, 0
37649, 261120, 0, 0, 0
37749, 276480, 0, 0, 0
37849, 245760, 0, 0, 0
37949, 230400, 0, 0, 0
38049, 199680, 0, 0, 0
38149, 230400, 0, 0, 0
38250, 230400, 0, 0, 0
38350, 276480, 0, 0, 0
38450, 230400, 0, 0, 0
38550, 261120, 0, 0, 0
38650, 261120, 0, 0, 0
38749, 248242, 0, 0, 0
38849, 276480, 0, 0, 0
38949, 230400, 0, 0, 0
39049, 245760, 0, 0, 0
39149, 230400, 0, 0, 0
39249, 199680, 0, 0, 0
39349, 230400, 0, 0, 0
39449, 245760, 0, 0, 0
39550, 230400, 0, 0, 0
39650, 291840, 0, 0, 0
39749, 263757, 0, 0, 0
39849, 199680, 0, 0, 0
39949, 291840, 0, 0, 0
40049, 261120, 0, 0, 0
40149, 261120, 0, 0, 0
40249, 291840, 0, 0, 0
40349, 230400, 0, 0, 0
40449, 261120, 0, 0, 0
40549, 230400, 0, 0, 0
40649, 230400, 0, 0, 0
40750, 245760, 0, 0, 0
40850, 276480, 0, 0, 0
40950, 276480, 0, 0, 0
41050, 215040, 0, 0, 0
41150, 230400, 0, 0, 0
41249, 279272, 0, 0, 0
41349, 230400, 0, 0, 0
41449, 261120, 0, 0, 0
41549, 230400, 0, 0, 0
41649, 199680, 0, 0, 0
41749, 291840, 0, 0, 0
41849, 199680, 0, 0, 0
41949, 245760, 0, 0, 0
42050, 245760, 0, 0, 0
42150, 261120, 0, 0, 0
42249, 279272, 0, 0, 0
42349, 245760, 0, 0, 0
42449, 261120, 0, 0, 0
42549, 276480, 0, 0, 0
42649, 276480, 0, 0, 0
42749, 276480, 0, 0, 0
42849, 230400, 0, 0, 0
42949, 276480, 0, 0, 0
43052, 240941, 0, 0, 0
43152, 261120, 0, 0, 0
43252, 261120, 0, 0, 0
43352, 261120, 0, 0, 0
43452, 291840, 0, 0, 0
43552, 230400, 0, 0, 0
43652, 276480, 0, 0, 0
43752, 245760, 0, 0, 0
43852, 245760, 0, 0, 0
43952, 337920, 0, 0, 0
44052, 261120, 0, 0, 0
44153, 261120, 0, 0, 0
44253, 215040, 0, 0, 0
44353, 261120, 0, 0, 0
44453, 261120, 0, 0, 0
44553, 230400, 0, 0, 0
44653, 215040, 0, 0, 0
44753, 245760, 0, 0, 0
44853, 245760, 0, 0, 0
44953, 276480, 0, 0, 0
45053, 245760, 0, 0, 0
45153, 261120, 0, 0, 0
45253, 307200, 0, 0, 0
45353, 215040, 0, 0, 0
45453, 276480, 0, 0, 0
45554, 337920, 0, 0, 0
45654, 276480, 0, 0, 0
45754, 261120, 0, 0, 0
45854, 291840, 0, 0, 0
45954, 230400, 0, 0, 0
46054, 322560, 0, 0, 0
46154, 215040, 0, 0, 0
46254, 230400, 0, 0, 0
46354, 276480, 0, 0, 0
46454, 230400, 0, 0, 0
46554, 245760, 0, 0, 0
46655, 261120, 0, 0, 0
46755, 199680, 0, 0, 0
46855, 215040, 0, 0, 0
46955, 230400, 0, 0, 0
47055, 276480, 0, 0, 0
47155, 230400, 0, 0, 0
47255, 215040, 0, 0, 0
47355, 307200, 0, 0, 0
47455, 276480, 0, 0, 0
47555, 230400, 0, 0, 0
47655, 245760, 0, 0, 0
47756, 307200, 0, 0, 0
47856, 215040, 0, 0, 0
47956, 215040, 0, 0, 0
48056, 261120, 0, 0, 0
48156, 245760, 0, 0, 0
48256, 245760, 0, 0, 0
48356, 276480, 0, 0, 0
48456, 230400, 0, 0, 0
48556, 276480, 0, 0, 0
48656, 276480, 0, 0, 0
48756, 276480, 0, 0, 0
48856, 261120, 0, 0, 0
48956, 261120, 0, 0, 0
49057, 261120, 0, 0, 0
49157, 245760, 0, 0, 0
49257, 291840, 0, 0, 0
49357, 230400, 0, 0, 0
49457, 230400, 0, 0, 0
49557, 276480, 0, 0, 0
49657, 215040, 0, 0, 0
49757, 261120, 0, 0, 0
49857, 230400, 0, 0, 0
49957, 291840, 0, 0, 0
50057, 291840, 0, 0, 0
50157, 261120, 0, 0, 0
50258, 230400, 0, 0, 0
50358, 245760, 0, 0, 0
50458, 276480, 0, 0, 0
50558, 245760, 0, 0, 0
50658, 199680, 0, 0, 0
50758, 322560, 0, 0, 0
50858, 245760, 0, 0, 0
50958, 261120, 0, 0, 0
51058, 215040, 0, 0, 0
51158, 261120, 0, 0, 0
51258, 307200, 0, 0, 0
51358, 245760, 0, 0, 0
51458, 291840, 0, 0, 0
51559, 230400, 0, 0, 0
51659, 245760, 0, 0, 0
51759, 261120, 0, 0, 0
51859, 261120, 0, 0, 0
51959, 230400, 0, 0, 0
52059, 245760, 0, 0, 0
52159, 245760, 0, 0, 0
52259, 245760, 0, 0, 0
52359, 245760, 0, 0, 0
52459, 291840, 0, 0, 0
52559, 261120, 0, 0, 0
52659, 245760, 0, 0, 0
52760, 261120, 0, 0, 0
52860, 276480, 0, 0, 0
52960, 245760, 0, 0, 0
53060, 261120, 0, 0, 0
53160, 230400, 0, 0, 0
53260, 276480, 0, 0, 0
53360, 261120, 0, 0, 0
53460, 245760, 0, 0, 0
53560, 261120, 0, 0, 0
53660, 245760, 0, 0, 0
53760, 230400, 0, 0, 0
53860, 230400, 0, 0, 0
53960, 215040, 0, 0, 0
54061, 230400, 0, 0, 0
54161, 245760, 0, 0, 0
54261, 291840, 0, 0, 0
54361, 322560, 0, 0, 0
54461, 276480, 0, 0, 0
54561, 261120, 0, 0, 0
54661, 261120, 0, 0, 0
54761, 261120, 0, 0, 0
54861, 276480, 0, 0, 0
54961, 261120, 0, 0, 0
55061, 245760, 0, 0, 0
55161, 276480, 0, 0, 0
55261, 199680, 0, 0, 0
55362, 245760, 0, 0, 0
55462, 261120, 0, 0, 0
55562, 184320, 0, 0, 0
55662, 276480, 0, 0, 0
55762, 261120, 0, 0, 0
55862, 230400, 0, 0, 0
55962, 245760, 0, 0, 0
56062, 230400, 0, 0, 0
56162, 245760, 0, 0, 0
56262, 245760, 0, 0, 0
56362, 261120, 0, 0, 0
56462, 291840, 0, 0, 0
56563, 230400, 0, 0, 0
56663, 215040, 0, 0, 0
56763, 261120, 0, 0, 0
56863, 245760, 0, 0, 0
56963, 245760, 0, 0, 0
57063, 230400, 0, 0, 0
57163, 168960, 0, 0, 0
57263, 230400, 0, 0, 0
57363, 230400, 0, 0, 0
57463, 199680, 0, 0, 0
57563, 230400, 0, 0, 0
57663, 276480, 0, 0, 0
57764, 307200, 0, 0, 0
57864, 261120, 0, 0, 0
57964, 230400, 0, 0, 0
58064, 245760, 0, 0, 0
58164, 215040, 0, 0, 0
58264, 245760, 0, 0, 0
58364, 230400, 0, 0, 0
58464, 245760, 0, 0, 0
58564, 276480, 0, 0, 0
58664, 276480, 0, 0, 0
58765, 276480, 0, 0, 0
58865, 230400, 0, 0, 0
58965, 230400, 0, 0, 0
59065, 230400, 0, 0, 0
59165, 230400, 0, 0, 0
59265, 245760, 0, 0, 0
59365, 199680, 0, 0, 0
59465, 245760, 0, 0, 0
59565, 261120, 0, 0, 0
59665, 230400, 0, 0, 0
59765, 261120, 0, 0, 0
59865, 230400, 0, 0, 0
59965, 230400, 0, 0, 0
