102, 28943029, 0, 0, 0
207, 46463363, 0, 0, 0
319, 55088974, 0, 0, 0
400, 40283868, 0, 0, 0
500, 22275626, 0, 0, 0
611, 18946725, 0, 0, 0
701, 27610654, 0, 0, 0
818, 20755604, 0, 0, 0
900, 30346338, 0, 0, 0
1005, 41297071, 0, 0, 0
1103, 29164745, 0, 0, 0
1227, 38451577, 0, 0, 0
1303, 40392699, 0, 0, 0
1403, 70145668, 0, 0, 0
1500, 19491019, 0, 0, 0
1600, 24614924, 0, 0, 0
1702, 23717408, 0, 0, 0
1800, 25585120, 0, 0, 0
1902, 21246918, 0, 0, 0
2001, 17229865, 0, 0, 0
2101, 15394486, 0, 0, 0
2201, 43065374, 0, 0, 0
2300, 22261057, 0, 0, 0
2420, 16240708, 0, 0, 0
2500, 40750195, 0, 0, 0
2605, 19275200, 0, 0, 0
2702, 25547833, 0, 0, 0
2800, 18529840, 0, 0, 0
2900, 26524617, 0, 0, 0
3000, 24505316, 0, 0, 0
3106, 19676077, 0, 0, 0
3201, 31597207, 0, 0, 0
3300, 28176879, 0, 0, 0
3400, 19830229, 0, 0, 0
3501, 67742453, 0, 0, 0
3600, 22159663, 0, 0, 0
3701, 26521533, 0, 0, 0
3801, 37532695, 0, 0, 0
3902, 18702441, 0, 0, 0
4002, 30234230, 0, 0, 0
4100, 28134562, 0, 0, 0
4202, 18106963, 0, 0, 0
4300, 32403468, 0, 0, 0
4400, 41805565, 0, 0, 0
4500, 21457869, 0, 0, 0
4600, 47387012, 0, 0, 0
4700, 57214627, 0, 0, 0
4801, 29978459, 0, 0, 0
4916, 26773282, 0, 0, 0
5001, 30602459, 0, 0, 0
5102, 24607719, 0, 0, 0
5200, 25849713, 0, 0, 0
5305, 23216117, 0, 0, 0
5401, 31260926, 0, 0, 0
5500, 16684743, 0, 0, 0
5600, 17106155, 0, 0, 0
5701, 30077066, 0, 0, 0
5800, 26045109, 0, 0, 0
5901, 25662680, 0, 0, 0
6005, 27509722, 0, 0, 0
6101, 25143583, 0, 0, 0
6201, 19316854, 0, 0, 0
6304, 43003270, 0, 0, 0
6400, 41825418, 0, 0, 0
6502, 26357482, 0, 0, 0
6600, 42453329, 0, 0, 0
6709, 36497440, 0, 0, 0
6802, 18811328, 0, 0, 0
6904, 22549300, 0, 0, 0
7005, 31599814, 0, 0, 0
7101, 26171017, 0, 0, 0
7200, 19555444, 0, 0, 0
7300, 39483292, 0, 0, 0
7403, 23161886, 0, 0, 0
7500, 30853110, 0, 0, 0
7600, 18056994, 0, 0, 0
7701, 15319665, 0, 0, 0
7801, 11479534, 0, 0, 0
7900, 14688952, 0, 0, 0
8000, 20886133, 0, 0, 0
8100, 16957019, 0, 0, 0
8200, 17912661, 0, 0, 0
8301, 23149695, 0, 0, 0
8400, 19361531, 0, 0, 0
8500, 23965861, 0, 0, 0
8603, 17924497, 0, 0, 0
8712, 52742367, 0, 0, 0
8801, 10114475, 0, 0, 0
8900, 75222466, 0, 0, 0
9001, 27606436, 0, 0, 0
9104, 18598683, 0, 0, 0
9200, 28940449, 0, 0, 0
9300, 17429916, 0, 0, 0
9402, 13610548, 0, 0, 0
9516, 36733586, 0, 0, 0
9602, 21620969, 0, 0, 0
9700, 39123599, 0, 0, 0
9826, 23566723, 0, 0, 0
9900, 56717981, 0, 0, 0
10000, 35738992, 0, 0, 0
10100, 35785883, 0, 0, 0
10203, 25030999, 0, 0, 0
10300, 25062918, 0, 0, 0
10435, 20122597, 0, 0, 0
10502, 71981156, 0, 0, 0
10602, 35403659, 0, 0, 0
10717, 13925439, 0, 0, 0
10803, 68485712, 0, 0, 0
10904, 50838061, 0, 0, 0
11000, 37008482, 0, 0, 0
11100, 20668397, 0, 0, 0
11202, 20563756, 0, 0, 0
11307, 49706856, 0, 0, 0
11404, 40113716, 0, 0, 0
11500, 18791927, 0, 0, 0
11600, 24333482, 0, 0, 0
11702, 29444624, 0, 0, 0
11806, 38131844, 0, 0, 0
11902, 23857946, 0, 0, 0
12000, 20285600, 0, 0, 0
12101, 35498002, 0, 0, 0
12203, 25825148, 0, 0, 0
12306, 103446437, 0, 0, 0
12401, 34407495, 0, 0, 0
12500, 46105555, 0, 0, 0
12601, 17763673, 0, 0, 0
12702, 24943601, 0, 0, 0
12800, 14489692, 0, 0, 0
12900, 14531109, 0, 0, 0
13000, 19431476, 0, 0, 0
13104, 20832783, 0, 0, 0
13216, 110052980, 0, 0, 0
13300, 47458049, 0, 0, 0
13402, 58594481, 0, 0, 0
13503, 10842917, 0, 0, 0
13600, 33559776, 0, 0, 0
13735, 22906906, 0, 0, 0
13802, 80401197, 0, 0, 0
13903, 18089732, 0, 0, 0
14001, 22186862, 0, 0, 0
14114, 37231104, 0, 0, 0
14200, 26291136, 0, 0, 0
14303, 30864623, 0, 0, 0
14407, 28781080, 0, 0, 0
14502, 42277955, 0, 0, 0
14600, 35705002, 0, 0, 0
14700, 26867564, 0, 0, 0
14801, 29561721, 0, 0, 0
14900, 19885532, 0, 0, 0
15001, 17516193, 0, 0, 0
15101, 33074812, 0, 0, 0
15201, 29410813, 0, 0, 0
15307, 19433509, 0, 0, 0
15402, 30005386, 0, 0, 0
15500, 23947221, 0, 0, 0
15603, 20312356, 0, 0, 0
15702, 31980453, 0, 0, 0
15803, 22656497, 0, 0, 0
15922, 49632512, 0, 0, 0
16005, 121719857, 0, 0, 0
16128, 53870565, 0, 0, 0
16200, 31319244, 0, 0, 0
16300, 20165497, 0, 0, 0
16421, 31942872, 0, 0, 0
16501, 37139058, 0, 0, 0
16601, 6802595, 0, 0, 0
16711, 13792731, 0, 0, 0
16800, 96715300, 0, 0, 0
16916, 37066079, 0, 0, 0
17000, 91701256, 0, 0, 0
17102, 21792582, 0, 0, 0
17204, 25584502, 0, 0, 0
17304, 22897959, 0, 0, 0
17401, 22009036, 0, 0, 0
17501, 39289958, 0, 0, 0
17601, 26800739, 0, 0, 0
17701, 13362581, 0, 0, 0
17805, 19177280, 0, 0, 0
17902, 26787960, 0, 0, 0
18004, 44169269, 0, 0, 0
18103, 35114093, 0, 0, 0
18201, 21396529, 0, 0, 0
18303, 27160130, 0, 0, 0
18401, 32875994, 0, 0, 0
18502, 15887331, 0, 0, 0
18600, 22254285, 0, 0, 0
18701, 17418970, 0, 0, 0
18800, 26445505, 0, 0, 0
18903, 22764500, 0, 0, 0
19000, 23937016, 0, 0, 0
19101, 14637389, 0, 0, 0
19202, 29893484, 0, 0, 0
19300, 28366976, 0, 0, 0
19411, 22089543, 0, 0, 0
19502, 28332691, 0, 0, 0
19600, 42864369, 0, 0, 0
19700, 21256294, 0, 0, 0
19801, 18276140, 0, 0, 0
19900, 27747645, 0, 0, 0
20000, 25564288, 0, 0, 0
20100, 24892812, 0, 0, 0
20200, 48866230, 0, 0, 0
20303, 23984388, 0, 0, 0
20400, 67122207, 0, 0, 0
20503, 22707493, 0, 0, 0
20601, 38641990, 0, 0, 0
20701, 22360633, 0, 0, 0
20854, 45279671, 0, 0, 0
20905, 179967402, 0, 0, 0
21002, 35890874, 0, 0, 0
21103, 21154259, 0, 0, 0
21201, 32632143, 0, 0, 0
21301, 23193201, 0, 0, 0
21403, 27151261, 0, 0, 0
21502, 31690089, 0, 0, 0
21602, 20736356, 0, 0, 0
21701, 40851244, 0, 0, 0
21809, 21395641, 0, 0, 0
21904, 24528969, 0, 0, 0
22005, 34947515, 0, 0, 0
22100, 30513666, 0, 0, 0
22204, 12420204, 0, 0, 0
22300, 36521898, 0, 0, 0
22405, 19884509, 0, 0, 0
22501, 35626816, 0, 0, 0
22601, 37346190, 0, 0, 0
22705, 39463215, 0, 0, 0
22800, 21162728, 0, 0, 0
22902, 17442230, 0, 0, 0
23012, 18057069, 0, 0, 0
23100, 42012484, 0, 0, 0
23203, 21227809, 0, 0, 0
23304, 19726618, 0, 0, 0
23405, 16848316, 0, 0, 0
23503, 24658654, 0, 0, 0
23601, 17318534, 0, 0, 0
23701, 26821264, 0, 0, 0
23803, 21871780, 0, 0, 0
23902, 26785554, 0, 0, 0
24003, 15108513, 0, 0, 0
24102, 57562822, 0, 0, 0
24200, 20706621, 0, 0, 0
24307, 26738298, 0, 0, 0
24404, 47111440, 0, 0, 0
24500, 21643655, 0, 0, 0
24601, 29481776, 0, 0, 0
24700, 27657973, 0, 0, 0
24802, 20226734, 0, 0, 0
24902, 22394458, 0, 0, 0
25001, 17539298, 0, 0, 0
25103, 22606452, 0, 0, 0
25200, 23927055, 0, 0, 0
25306, 19147660, 0, 0, 0
25400, 23494137, 0, 0, 0
25505, 13118830, 0, 0, 0
25601, 29443810, 0, 0, 0
25702, 28049205, 0, 0, 0
25807, 72955833, 0, 0, 0
25901, 31409463, 0, 0, 0
26000, 19626757, 0, 0, 0
26100, 21191051, 0, 0, 0
26200, 18685102, 0, 0, 0
26304, 23336194, 0, 0, 0
26400, 35493441, 0, 0, 0
26501, 32609899, 0, 0, 0
26623, 25302705, 0, 0, 0
26705, 77093493, 0, 0, 0
26800, 40426834, 0, 0, 0
26901, 30696316, 0, 0, 0
27000, 39811037, 0, 0, 0
27104, 73464746, 0, 0, 0
27232, 90655602, 0, 0, 0
27302, 39187470, 0, 0, 0
27404, 33538993, 0, 0, 0
27502, 26792431, 0, 0, 0
27600, 23508732, 0, 0, 0
27704, 34737176, 0, 0, 0
27801, 14633344, 0, 0, 0
27906, 39589527, 0, 0, 0
28000, 20090137, 0, 0, 0
28101, 17010041, 0, 0, 0
28202, 39461961, 0, 0, 0
28309, 26007728, 0, 0, 0
28405, 11477636, 0, 0, 0
28501, 111733804, 0, 0, 0
28600, 39536166, 0, 0, 0
28700, 28513584, 0, 0, 0
28801, 18502024, 0, 0, 0
28901, 36379223, 0, 0, 0
29002, 19549165, 0, 0, 0
29100, 19546761, 0, 0, 0
29200, 18550544, 0, 0, 0
29312, 27109103, 0, 0, 0
29403, 95906360, 0, 0, 0
29506, 61435797, 0, 0, 0
29604, 29744563, 0, 0, 0
29701, 25522920, 0, 0, 0
29804, 26911486, 0, 0, 0
29901, 26960646, 0, 0, 0
30001, 20343530, 0, 0, 0
30101, 44999295, 0, 0, 0
30200, 24304314, 0, 0, 0
30301, 20522386, 0, 0, 0
30401, 27791084, 0, 0, 0
30500, 20660931, 0, 0, 0
30621, 21163699, 0, 0, 0
30704, 38903695, 0, 0, 0
30810, 49294881, 0, 0, 0
30909, 27148489, 0, 0, 0
31001, 29461613, 0, 0, 0
31101, 27951461, 0, 0, 0
31200, 48508102, 0, 0, 0
31301, 25886647, 0, 0, 0
31402, 24909050, 0, 0, 0
31501, 18580437, 0, 0, 0
31600, 44667732, 0, 0, 0
31702, 26240629, 0, 0, 0
31800, 28817958, 0, 0, 0
31906, 34919735, 0, 0, 0
32006, 28219162, 0, 0, 0
32103, 28455445, 0, 0, 0
32200, 24096263, 0, 0, 0
32301, 25500011, 0, 0, 0
32400, 23134090, 0, 0, 0
32500, 21434689, 0, 0, 0
32601, 20130659, 0, 0, 0
32702, 24860889, 0, 0, 0
32801, 22210961, 0, 0, 0
32901, 36303532, 0, 0, 0
33002, 32070380, 0, 0, 0
33102, 28825506, 0, 0, 0
33206, 25513084, 0, 0, 0
33302, 20808466, 0, 0, 0
33400, 16605059, 0, 0, 0
33500, 56357638, 0, 0, 0
33600, 27496033, 0, 0, 0
33700, 26584436, 0, 0, 0
33800, 23011327, 0, 0, 0
33903, 24481285, 0, 0, 0
34000, 25227060, 0, 0, 0
34103, 18205994, 0, 0, 0
34205, 37538936, 0, 0, 0
34302, 19540963, 0, 0, 0
34442, 22574028, 0, 0, 0
34502, 57877803, 0, 0, 0
34601, 24726096, 0, 0, 0
34700, 28350834, 0, 0, 0
34802, 26214975, 0, 0, 0
34900, 27874500, 0, 0, 0
35000, 12652489, 0, 0, 0
35100, 55226561, 0, 0, 0
35200, 24751955, 0, 0, 0
35304, 25617190, 0, 0, 0
35415, 40221310, 0, 0, 0
35501, 54215186, 0, 0, 0
35603, 20983011, 0, 0, 0
35700, 34190424, 0, 0, 0
35801, 26121622, 0, 0, 0
35901, 27029236, 0, 0, 0
36001, 36994951, 0, 0, 0
36107, 19027023, 0, 0, 0
36200, 31013773, 0, 0, 0
36302, 40517166, 0, 0, 0
36400, 22922711, 0, 0, 0
36501, 24099793, 0, 0, 0
36601, 15513121, 0, 0, 0
36701, 9666356, 0, 0, 0
36816, 34006240, 0, 0, 0
36900, 41698144, 0, 0, 0
37000, 42823995, 0, 0, 0
37134, 17895694, 0, 0, 0
37200, 41257417, 0, 0, 0
37302, 16235514, 0, 0, 0
37420, 49151857, 0, 0, 0
37500, 46104061, 0, 0, 0
37601, 27305959, 0, 0, 0
37700, 43851099, 0, 0, 0
37802, 17389159, 0, 0, 0
37901, 22988367, 0, 0, 0
38000, 29673495, 0, 0, 0
38104, 23635481, 0, 0, 0
38200, 28673395, 0, 0, 0
38300, 25613888, 0, 0, 0
38401, 20955205, 0, 0, 0
38500, 21384181, 0, 0, 0
38600, 17758491, 0, 0, 0
38705, 25373152, 0, 0, 0
38801, 20515950, 0, 0, 0
38904, 19727662, 0, 0, 0
39008, 60958394, 0, 0, 0
39112, 53141188, 0, 0, 0
39200, 21942482, 0, 0, 0
39301, 17470758, 0, 0, 0
39402, 31401649, 0, 0, 0
39501, 14187677, 0, 0, 0
39616, 36329409, 0, 0, 0
39709, 16023374, 0, 0, 0
39805, 35595373, 0, 0, 0
39903, 45034977, 0, 0, 0
40000, 25776094, 0, 0, 0
40104, 19080864, 0, 0, 0
40275, 66808454, 0, 0, 0
40304, 107318700, 0, 0, 0
40400, 31735536, 0, 0, 0
40500, 14833380, 0, 0, 0
40601, 17869563, 0, 0, 0
40700, 18981740, 0, 0, 0
40801, 22032833, 0, 0, 0
40906, 20054419, 0, 0, 0
41005, 49502800, 0, 0, 0
41100, 33774950, 0, 0, 0
41201, 16724060, 0, 0, 0
41302, 20146457, 0, 0, 0
41401, 23865432, 0, 0, 0
41500, 19465906, 0, 0, 0
41604, 20564571, 0, 0, 0
41700, 33291471, 0, 0, 0
41837, 31930085, 0, 0, 0
41921, 36413705, 0, 0, 0
42003, 65156457, 0, 0, 0
42109, 25640497, 0, 0, 0
42204, 37666872, 0, 0, 0
42301, 20214652, 0, 0, 0
42400, 16690779, 0, 0, 0
42501, 33312648, 0, 0, 0
42600, 22916499, 0, 0, 0
42706, 19281347, 0, 0, 0
42801, 58873298, 0, 0, 0
42902, 24555130, 0, 0, 0
43017, 58133114, 0, 0, 0
43102, 97925279, 0, 0, 0
43200, 28563126, 0, 0, 0
43304, 24637163, 0, 0, 0
43401, 51111982, 0, 0, 0
43507, 37553296, 0, 0, 0
43600, 30266727, 0, 0, 0
43702, 18949882, 0, 0, 0
43800, 36319694, 0, 0, 0
43903, 22293370, 0, 0, 0
44003, 24870845, 0, 0, 0
44101, 43654057, 0, 0, 0
44200, 21254347, 0, 0, 0
44305, 33906680, 0, 0, 0
44401, 67870458, 0, 0, 0
44503, 27812854, 0, 0, 0
44601, 19351132, 0, 0, 0
44702, 15787758, 0, 0, 0
44810, 17999096, 0, 0, 0
44902, 39351006, 0, 0, 0
45000, 21284608, 0, 0, 0
45100, 22375359, 0, 0, 0
45200, 17373094, 0, 0, 0
45302, 25168009, 0, 0, 0
45401, 27013118, 0, 0, 0
45501, 25406117, 0, 0, 0
45600, 40471259, 0, 0, 0
45721, 26039747, 0, 0, 0
45800, 40206732, 0, 0, 0
45900, 55430671, 0, 0, 0
46001, 18232063, 0, 0, 0
46100, 15582998, 0, 0, 0
46200, 35592748, 0, 0, 0
46300, 16773596, 0, 0, 0
46403, 14913937, 0, 0, 0
46501, 28993508, 0, 0, 0
46609, 38932613, 0, 0, 0
46700, 28539885, 0, 0, 0
46809, 28878196, 0, 0, 0
46906, 25728137, 0, 0, 0
47000, 21686253, 0, 0, 0
47102, 19638508, 0, 0, 0
47205, 46649228, 0, 0, 0
47312, 25390348, 0, 0, 0
47401, 16928708, 0, 0, 0
47501, 21578219, 0, 0, 0
47602, 51459482, 0, 0, 0
47702, 38865731, 0, 0, 0
47800, 28984724, 0, 0, 0
47900, 23588858, 0, 0, 0
48005, 27809361, 0, 0, 0
48103, 19899119, 0, 0, 0
48203, 24132584, 0, 0, 0
48300, 19573660, 0, 0, 0
48403, 17128495, 0, 0, 0
48501, 31895950, 0, 0, 0
48600, 19872557, 0, 0, 0
48701, 42180507, 0, 0, 0
48808, 39556952, 0, 0, 0
48917, 51267060, 0, 0, 0
49002, 20902000, 0, 0, 0
49112, 24393457, 0, 0, 0
49200, 30324899, 0, 0, 0
49301, 24459617, 0, 0, 0
49403, 21685690, 0, 0, 0
49505, 56307007, 0, 0, 0
49600, 34584826, 0, 0, 0
49706, 18901596, 0, 0, 0
49803, 24108820, 0, 0, 0
49903, 27912157, 0, 0, 0
50001, 37168722, 0, 0, 0
50101, 22936665, 0, 0, 0
50201, 20611455, 0, 0, 0
50300, 31700770, 0, 0, 0
50401, 18189477, 0, 0, 0
50500, 22930161, 0, 0, 0
50602, 15964480, 0, 0, 0
50701, 30569606, 0, 0, 0
50801, 31249088, 0, 0, 0
50903, 28429400, 0, 0, 0
51002, 29532818, 0, 0, 0
51100, 20869608, 0, 0, 0
51202, 28776951, 0, 0, 0
51300, 23110535, 0, 0, 0
51400, 23316968, 0, 0, 0
51500, 29585572, 0, 0, 0
51602, 31449762, 0, 0, 0
51700, 27827603, 0, 0, 0
51801, 20728738, 0, 0, 0
51903, 39945591, 0, 0, 0
52017, 20976654, 0, 0, 0
52100, 24920938, 0, 0, 0
52200, 14492588, 0, 0, 0
52300, 27782754, 0, 0, 0
52400, 31345387, 0, 0, 0
52518, 19923485, 0, 0, 0
52604, 23763281, 0, 0, 0
52709, 17543399, 0, 0, 0
52806, 27066510, 0, 0, 0
52910, 24930930, 0, 0, 0
53000, 29410551, 0, 0, 0
53101, 28609083, 0, 0, 0
53204, 14820072, 0, 0, 0
53305, 40027872, 0, 0, 0
53402, 29186583, 0, 0, 0
53527, 48597388, 0, 0, 0
53602, 55557839, 0, 0, 0
53705, 25909180, 0, 0, 0
53821, 19720294, 0, 0, 0
53900, 38071600, 0, 0, 0
54008, 21936033, 0, 0, 0
54101, 27761154, 0, 0, 0
54207, 20984781, 0, 0, 0
54300, 27964059, 0, 0, 0
54400, 19023979, 0, 0, 0
54513, 18123840, 0, 0, 0
54603, 36648900, 0, 0, 0
54704, 16412376, 0, 0, 0
54812, 28345457, 0, 0, 0
54901, 32654476, 0, 0, 0
55002, 12188804, 0, 0, 0
55101, 70209658, 0, 0, 0
55200, 31942231, 0, 0, 0
55302, 20105338, 0, 0, 0
55405, 33196754, 0, 0, 0
55502, 28344836, 0, 0, 0
55605, 31738462, 0, 0, 0
55700, 21996244, 0, 0, 0
55806, 57342186, 0, 0, 0
55905, 35606599, 0, 0, 0
56001, 13279201, 0, 0, 0
56102, 52055487, 0, 0, 0
56203, 17757341, 0, 0, 0
56311, 25133661, 0, 0, 0
56406, 32943094, 0, 0, 0
56500, 27793114, 0, 0, 0
56600, 22101785, 0, 0, 0
56701, 72133962, 0, 0, 0
56801, 23140665, 0, 0, 0
56901, 10437305, 0, 0, 0
57004, 32545568, 0, 0, 0
57100, 18750729, 0, 0, 0
57207, 23946890, 0, 0, 0
57428, 41802446, 0, 0, 0
57501, 61959768, 0, 0, 0
57604, 86816359, 0, 0, 0
57700, 46333593, 0, 0, 0
57800, 24027093, 0, 0, 0
57900, 24716374, 0, 0, 0
58003, 27290909, 0, 0, 0
58102, 24099687, 0, 0, 0
58201, 22625335, 0, 0, 0
58312, 38993149, 0, 0, 0
58407, 62580081, 0, 0, 0
58500, 37652575, 0, 0, 0
58603, 17480849, 0, 0, 0
58702, 52477799, 0, 0, 0
58851, 45882940, 0, 0, 0
58901, 63992680, 0, 0, 0
59009, 29096670, 0, 0, 0
59101, 36967231, 0, 0, 0
59200, 36421037, 0, 0, 0
59306, 15716259, 0, 0, 0
59401, 23514993, 0, 0, 0
59500, 21799162, 0, 0, 0
59600, 16402166, 0, 0, 0
59812, 73239344, 0, 0, 0
59902, 80102295, 0, 0, 0
60000, 62238133, 0, 0, 0
60020, 28606731, 0, 0, 0
