100, 602943, 0, 0, 0
200, 602718, 0, 0, 0
300, 612399, 0, 0, 0
400, 626239, 0, 0, 0
500, 604067, 0, 0, 0
600, 623342, 0, 0, 0
700, 604209, 0, 0, 0
800, 609028, 0, 0, 0
900, 605803, 0, 0, 0
1000, 606428, 0, 0, 0
1100, 606919, 0, 0, 0
1200, 598929, 0, 0, 0
1300, 628423, 0, 0, 0
1400, 620521, 0, 0, 0
1500, 591768, 0, 0, 0
1600, 619770, 0, 0, 0
1700, 616230, 0, 0, 0
1800, 609136, 0, 0, 0
1900, 598499, 0, 0, 0
2000, 602988, 0, 0, 0
2100, 604664, 0, 0, 0
2200, 593173, 0, 0, 0
2300, 689455, 0, 0, 0
2400, 593225, 0, 0, 0
2500, 618123, 0, 0, 0
2600, 615013, 0, 0, 0
2700, 609649, 0, 0, 0
2800, 610009, 0, 0, 0
2900, 601475, 0, 0, 0
3000, 600307, 0, 0, 0
3100, 612601, 0, 0, 0
3200, 607727, 0, 0, 0
3300, 614829, 0, 0, 0
3400, 618999, 0, 0, 0
3500, 599500, 0, 0, 0
3600, 593605, 0, 0, 0
3700, 601352, 0, 0, 0
3800, 635810, 0, 0, 0
3900, 608827, 0, 0, 0
4000, 594986, 0, 0, 0
4100, 603986, 0, 0, 0
4200, 590910, 0, 0, 0
4300, 623118, 0, 0, 0
4400, 610483, 0, 0, 0
4500, 616550, 0, 0, 0
4600, 600204, 0, 0, 0
4700, 607409, 0, 0, 0
4800, 596883, 0, 0, 0
4900, 601329, 0, 0, 0
5000, 607661, 0, 0, 0
5100, 612108, 0, 0, 0
5200, 643528, 0, 0, 0
5300, 604098, 0, 0, 0
5400, 600426, 0, 0, 0
5500, 605933, 0, 0, 0
5600, 614388, 0, 0, 0
5700, 582567, 0, 0, 0
5800, 612748, 0, 0, 0
5900, 621683, 0, 0, 0
6000, 616257, 0, 0, 0
6100, 635966, 0, 0, 0
6200, 603016, 0, 0, 0
6300, 584666, 0, 0, 0
6400, 598196, 0, 0, 0
6500, 600698, 0, 0, 0
6600, 598041, 0, 0, 0
6700, 605276, 0, 0, 0
6800, 611529, 0, 0, 0
6900, 621400, 0, 0, 0
7000, 600267, 0, 0, 0
7100, 614161, 0, 0, 0
7200, 616483, 0, 0, 0
7300, 601343, 0, 0, 0
7400, 650276, 0, 0, 0
7500, 639350, 0, 0, 0
7600, 594619, 0, 0, 0
7700, 612493, 0, 0, 0
7804, 1321713, 0, 0, 0
7900, 756646, 0, 0, 0
8000, 614660, 0, 0, 0
8100, 611021, 0, 0, 0
8200, 631539, 0, 0, 0
8300, 634027, 0, 0, 0
8400, 618815, 0, 0, 0
8500, 621929, 0, 0, 0
8600, 603363, 0, 0, 0
8700, 603256, 0, 0, 0
8800, 599122, 0, 0, 0
8900, 615223, 0, 0, 0
9000, 619420, 0, 0, 0
9100, 620640, 0, 0, 0
9200, 588400, 0, 0, 0
9300, 625845, 0, 0, 0
9400, 590990, 0, 0, 0
9500, 603421, 0, 0, 0
9600, 622196, 0, 0, 0
9700, 620969, 0, 0, 0
9800, 614255, 0, 0, 0
9900, 631002, 0, 0, 0
10000, 622519, 0, 0, 0
10100, 603992, 0, 0, 0
10200, 626279, 0, 0, 0
10300, 625041, 0, 0, 0
10400, 588490, 0, 0, 0
10500, 610567, 0, 0, 0
10600, 614719, 0, 0, 0
10700, 587548, 0, 0, 0
10800, 611657, 0, 0, 0
10900, 600079, 0, 0, 0
11000, 597752, 0, 0, 0
11100, 593424, 0, 0, 0
11200, 602177, 0, 0, 0
11300, 625823, 0, 0, 0
11400, 610312, 0, 0, 0
11500, 608403, 0, 0, 0
11600, 612184, 0, 0, 0
11700, 617841, 0, 0, 0
11800, 619980, 0, 0, 0
11900, 654418, 0, 0, 0
12000, 615114, 0, 0, 0
12100, 621553, 0, 0, 0
12200, 624324, 0, 0, 0
12300, 615876, 0, 0, 0
12400, 613030, 0, 0, 0
12500, 760830, 0, 0, 0
12600, 655442, 0, 0, 0
12700, 627177, 0, 0, 0
12804, 679299, 0, 0, 0
12900, 615514, 0, 0, 0
13000, 587082, 0, 0, 0
13100, 638089, 0, 0, 0
13200, 635341, 0, 0, 0
13300, 607112, 0, 0, 0
13400, 660045, 0, 0, 0
13500, 616707, 0, 0, 0
13600, 604636, 0, 0, 0
13700, 621241, 0, 0, 0
13800, 675247, 0, 0, 0
13900, 621008, 0, 0, 0
14000, 602762, 0, 0, 0
14100, 635077, 0, 0, 0
14200, 645131, 0, 0, 0
14300, 624035, 0, 0, 0
14400, 646790, 0, 0, 0
14500, 640696, 0, 0, 0
14600, 644617, 0, 0, 0
14700, 603591, 0, 0, 0
14800, 618501, 0, 0, 0
14900, 633714, 0, 0, 0
15000, 635626, 0, 0, 0
15100, 630125, 0, 0, 0
15200, 615874, 0, 0, 0
15300, 615901, 0, 0, 0
15400, 633435, 0, 0, 0
15500, 601544, 0, 0, 0
15600, 646533, 0, 0, 0
15700, 661285, 0, 0, 0
15800, 629310, 0, 0, 0
15900, 621443, 0, 0, 0
16000, 614008, 0, 0, 0
16100, 650680, 0, 0, 0
16239, 882987, 0, 0, 0
16300, 622323, 0, 0, 0
16400, 643296, 0, 0, 0
16500, 600244, 0, 0, 0
16600, 607596, 0, 0, 0
16700, 594999, 0, 0, 0
16800, 621707, 0, 0, 0
16900, 610002, 0, 0, 0
17000, 622413, 0, 0, 0
17100, 622567, 0, 0, 0
17200, 641691, 0, 0, 0
17300, 708892, 0, 0, 0
17400, 604064, 0, 0, 0
17500, 610239, 0, 0, 0
17600, 621198, 0, 0, 0
17700, 633458, 0, 0, 0
17800, 605642, 0, 0, 0
17900, 622125, 0, 0, 0
18000, 625401, 0, 0, 0
18100, 628679, 0, 0, 0
18200, 591816, 0, 0, 0
18300, 641128, 0, 0, 0
18400, 610038, 0, 0, 0
18500, 642919, 0, 0, 0
18600, 608755, 0, 0, 0
18700, 625097, 0, 0, 0
18800, 617335, 0, 0, 0
18900, 630150, 0, 0, 0
19000, 645349, 0, 0, 0
19100, 608361, 0, 0, 0
19200, 627590, 0, 0, 0
19300, 621859, 0, 0, 0
19400, 607207, 0, 0, 0
19500, 606286, 0, 0, 0
19600, 610350, 0, 0, 0
19700, 599314, 0, 0, 0
19800, 588349, 0, 0, 0
19900, 623392, 0, 0, 0
20000, 615198, 0, 0, 0
20100, 600295, 0, 0, 0
20200, 602843, 0, 0, 0
20300, 598816, 0, 0, 0
20400, 616624, 0, 0, 0
20500, 633876, 0, 0, 0
20601, 619703, 0, 0, 0
20700, 615840, 0, 0, 0
20800, 602157, 0, 0, 0
20900, 624018, 0, 0, 0
21000, 605307, 0, 0, 0
21100, 631287, 0, 0, 0
21200, 593216, 0, 0, 0
21300, 602705, 0, 0, 0
21400, 616462, 0, 0, 0
21500, 608631, 0, 0, 0
21600, 608102, 0, 0, 0
21700, 611107, 0, 0, 0
21800, 620007, 0, 0, 0
21900, 621604, 0, 0, 0
22000, 593896, 0, 0, 0
22100, 601023, 0, 0, 0
22200, 615642, 0, 0, 0
22300, 603049, 0, 0, 0
22400, 623030, 0, 0, 0
22500, 592973, 0, 0, 0
22600, 612290, 0, 0, 0
22700, 627125, 0, 0, 0
22800, 605860, 0, 0, 0
22900, 631197, 0, 0, 0
23000, 601956, 0, 0, 0
23100, 724943, 0, 0, 0
23200, 612162, 0, 0, 0
23301, 657960, 0, 0, 0
23400, 621858, 0, 0, 0
23500, 653782, 0, 0, 0
23607, 945003, 0, 0, 0
23700, 612834, 0, 0, 0
23800, 596711, 0, 0, 0
23900, 613265, 0, 0, 0
24000, 609246, 0, 0, 0
24100, 612880, 0, 0, 0
24200, 629380, 0, 0, 0
24300, 602061, 0, 0, 0
24400, 601338, 0, 0, 0
24500, 594777, 0, 0, 0
24600, 613866, 0, 0, 0
24700, 606567, 0, 0, 0
24800, 608377, 0, 0, 0
24900, 625540, 0, 0, 0
25000, 634855, 0, 0, 0
25100, 607138, 0, 0, 0
25200, 602576, 0, 0, 0
25300, 620601, 0, 0, 0
25400, 595281, 0, 0, 0
25500, 618993, 0, 0, 0
25600, 606547, 0, 0, 0
25700, 596311, 0, 0, 0
25800, 605962, 0, 0, 0
25900, 623607, 0, 0, 0
26000, 612621, 0, 0, 0
26100, 599078, 0, 0, 0
26200, 614503, 0, 0, 0
26300, 610748, 0, 0, 0
26400, 618656, 0, 0, 0
26500, 617310, 0, 0, 0
26600, 614597, 0, 0, 0
26700, 582099, 0, 0, 0
26800, 593571, 0, 0, 0
26900, 619156, 0, 0, 0
27000, 613802, 0, 0, 0
27100, 616877, 0, 0, 0
27200, 615332, 0, 0, 0
27300, 620238, 0, 0, 0
27400, 594244, 0, 0, 0
27500, 622762, 0, 0, 0
27600, 619253, 0, 0, 0
27700, 634137, 0, 0, 0
27800, 593755, 0, 0, 0
27900, 637081, 0, 0, 0
28000, 636215, 0, 0, 0
28100, 615549, 0, 0, 0
28200, 609177, 0, 0, 0
28300, 597990, 0, 0, 0
28400, 610417, 0, 0, 0
28500, 622058, 0, 0, 0
28600, 611799, 0, 0, 0
28700, 621536, 0, 0, 0
28800, 623814, 0, 0, 0
28900, 701332, 0, 0, 0
29001, 609149, 0, 0, 0
29100, 613686, 0, 0, 0
29200, 614162, 0, 0, 0
29300, 598834, 0, 0, 0
29400, 598550, 0, 0, 0
29500, 608522, 0, 0, 0
29600, 590668, 0, 0, 0
29700, 606460, 0, 0, 0
29800, 600859, 0, 0, 0
29900, 611914, 0, 0, 0
30000, 609091, 0, 0, 0
30100, 598162, 0, 0, 0
30200, 598095, 0, 0, 0
30300, 604358, 0, 0, 0
30400, 609954, 0, 0, 0
30500, 600374, 0, 0, 0
30600, 602893, 0, 0, 0
30700, 595915, 0, 0, 0
30800, 622153, 0, 0, 0
30900, 606659, 0, 0, 0
31000, 601837, 0, 0, 0
31100, 626669, 0, 0, 0
31200, 613317, 0, 0, 0
31300, 614068, 0, 0, 0
31400, 610838, 0, 0, 0
31500, 715168, 0, 0, 0
31600, 617043, 0, 0, 0
31700, 610078, 0, 0, 0
31800, 602836, 0, 0, 0
31900, 598197, 0, 0, 0
32000, 602995, 0, 0, 0
32100, 574314, 0, 0, 0
32200, 604909, 0, 0, 0
32300, 620588, 0, 0, 0
32400, 611396, 0, 0, 0
32500, 612638, 0, 0, 0
32600, 674862, 0, 0, 0
32700, 627725, 0, 0, 0
32800, 612748, 0, 0, 0
32900, 619495, 0, 0, 0
33000, 613274, 0, 0, 0
33100, 657977, 0, 0, 0
33200, 616438, 0, 0, 0
33300, 614245, 0, 0, 0
33400, 610104, 0, 0, 0
33500, 594234, 0, 0, 0
33600, 603927, 0, 0, 0
33700, 596116, 0, 0, 0
33968, 2818274, 0, 0, 0
34000, 561869, 0, 0, 0
34242, 14262225, 0, 0, 0
34338, 9583528, 0, 0, 0
34400, 522053, 0, 0, 0
34501, 825307, 0, 0, 0
34600, 593868, 0, 0, 0
34700, 600963, 0, 0, 0
34800, 608919, 0, 0, 0
34900, 621470, 0, 0, 0
35000, 593909, 0, 0, 0
35100, 607040, 0, 0, 0
35200, 624788, 0, 0, 0
35300, 595431, 0, 0, 0
35400, 604363, 0, 0, 0
35500, 614242, 0, 0, 0
35600, 614150, 0, 0, 0
35700, 634378, 0, 0, 0
35800, 623478, 0, 0, 0
35900, 619607, 0, 0, 0
36000, 599934, 0, 0, 0
36100, 610995, 0, 0, 0
36200, 623218, 0, 0, 0
36300, 606083, 0, 0, 0
36400, 615304, 0, 0, 0
36500, 641898, 0, 0, 0
36600, 698326, 0, 0, 0
36700, 608649, 0, 0, 0
36800, 599349, 0, 0, 0
36900, 634242, 0, 0, 0
37000, 609637, 0, 0, 0
37100, 606940, 0, 0, 0
37200, 599659, 0, 0, 0
37300, 595657, 0, 0, 0
37400, 602298, 0, 0, 0
37500, 600808, 0, 0, 0
37600, 602226, 0, 0, 0
37700, 612302, 0, 0, 0
37800, 618499, 0, 0, 0
37900, 623233, 0, 0, 0
38000, 608455, 0, 0, 0
38100, 609359, 0, 0, 0
38200, 616569, 0, 0, 0
38300, 618496, 0, 0, 0
38400, 631215, 0, 0, 0
38500, 616605, 0, 0, 0
38600, 597665, 0, 0, 0
38700, 601576, 0, 0, 0
38800, 603541, 0, 0, 0
38900, 619006, 0, 0, 0
39000, 603684, 0, 0, 0
39100, 637205, 0, 0, 0
39200, 645438, 0, 0, 0
39300, 608406, 0, 0, 0
39412, 1019859, 0, 0, 0
39500, 645105, 0, 0, 0
39600, 629947, 0, 0, 0
39700, 626195, 0, 0, 0
39800, 620310, 0, 0, 0
39900, 626424, 0, 0, 0
40000, 633835, 0, 0, 0
40100, 626349, 0, 0, 0
40200, 629225, 0, 0, 0
40300, 629670, 0, 0, 0
40400, 620950, 0, 0, 0
40500, 619240, 0, 0, 0
40600, 638787, 0, 0, 0
40700, 612877, 0, 0, 0
40800, 624578, 0, 0, 0
40900, 662115, 0, 0, 0
41000, 646183, 0, 0, 0
41100, 626966, 0, 0, 0
41200, 688979, 0, 0, 0
41300, 667549, 0, 0, 0
41400, 668380, 0, 0, 0
41500, 638437, 0, 0, 0
41600, 645105, 0, 0, 0
41718, 1008897, 0, 0, 0
41800, 611535, 0, 0, 0
41900, 628283, 0, 0, 0
42000, 636526, 0, 0, 0
42100, 644146, 0, 0, 0
42200, 659588, 0, 0, 0
42300, 640525, 0, 0, 0
42400, 645164, 0, 0, 0
42500, 642203, 0, 0, 0
42600, 640454, 0, 0, 0
42700, 628341, 0, 0, 0
42800, 645306, 0, 0, 0
42900, 674696, 0, 0, 0
43000, 663645, 0, 0, 0
43100, 654055, 0, 0, 0
43200, 653583, 0, 0, 0
43300, 643432, 0, 0, 0
43400, 684773, 0, 0, 0
43500, 675096, 0, 0, 0
43600, 648593, 0, 0, 0
43700, 650335, 0, 0, 0
43800, 659595, 0, 0, 0
43900, 663845, 0, 0, 0
44000, 656003, 0, 0, 0
44100, 677821, 0, 0, 0
44200, 667813, 0, 0, 0
44300, 672273, 0, 0, 0
44400, 648802, 0, 0, 0
44500, 699789, 0, 0, 0
44600, 651898, 0, 0, 0
44700, 1303667, 0, 0, 0
44800, 648540, 0, 0, 0
44900, 670635, 0, 0, 0
45000, 664559, 0, 0, 0
45100, 660272, 0, 0, 0
45200, 656061, 0, 0, 0
45300, 656986, 0, 0, 0
45400, 671084, 0, 0, 0
45500, 622832, 0, 0, 0
45600, 653987, 0, 0, 0
45700, 670500, 0, 0, 0
45800, 643496, 0, 0, 0
45900, 683391, 0, 0, 0
46000, 639691, 0, 0, 0
46100, 663654, 0, 0, 0
46200, 653107, 0, 0, 0
46300, 662141, 0, 0, 0
46400, 663817, 0, 0, 0
46500, 645851, 0, 0, 0
46600, 656745, 0, 0, 0
46723, 828854, 0, 0, 0
46800, 661197, 0, 0, 0
46900, 665179, 0, 0, 0
47000, 665426, 0, 0, 0
47100, 670181, 0, 0, 0
47200, 656069, 0, 0, 0
47300, 663053, 0, 0, 0
47400, 702749, 0, 0, 0
47500, 642868, 0, 0, 0
47600, 683183, 0, 0, 0
47700, 640878, 0, 0, 0
47800, 681910, 0, 0, 0
47900, 663324, 0, 0, 0
48000, 650665, 0, 0, 0
48100, 667462, 0, 0, 0
48200, 674661, 0, 0, 0
48300, 670707, 0, 0, 0
48400, 648764, 0, 0, 0
48500, 661706, 0, 0, 0
48600, 673985, 0, 0, 0
48700, 667566, 0, 0, 0
48800, 656199, 0, 0, 0
48900, 641210, 0, 0, 0
49000, 690511, 0, 0, 0
49100, 660375, 0, 0, 0
49200, 662169, 0, 0, 0
49300, 676016, 0, 0, 0
49400, 666091, 0, 0, 0
49500, 670481, 0, 0, 0
49600, 657897, 0, 0, 0
49700, 673365, 0, 0, 0
49800, 704430, 0, 0, 0
49900, 787563, 0, 0, 0
50000, 675431, 0, 0, 0
50100, 679958, 0, 0, 0
50200, 647521, 0, 0, 0
50300, 652091, 0, 0, 0
50400, 659490, 0, 0, 0
50500, 676668, 0, 0, 0
50600, 668533, 0, 0, 0
50700, 659555, 0, 0, 0
50800, 653632, 0, 0, 0
50900, 677079, 0, 0, 0
51000, 678355, 0, 0, 0
51100, 674084, 0, 0, 0
51200, 630974, 0, 0, 0
51300, 659899, 0, 0, 0
51400, 655424, 0, 0, 0
51500, 630530, 0, 0, 0
51600, 615730, 0, 0, 0
51700, 615022, 0, 0, 0
51800, 736452, 0, 0, 0
51900, 638872, 0, 0, 0
52000, 624500, 0, 0, 0
52100, 632164, 0, 0, 0
52200, 619138, 0, 0, 0
52300, 616447, 0, 0, 0
52400, 609552, 0, 0, 0
52500, 627440, 0, 0, 0
52600, 627164, 0, 0, 0
52700, 643003, 0, 0, 0
52800, 639770, 0, 0, 0
52900, 618392, 0, 0, 0
53000, 626485, 0, 0, 0
53100, 633781, 0, 0, 0
53200, 638622, 0, 0, 0
53300, 633614, 0, 0, 0
53400, 622031, 0, 0, 0
53500, 631804, 0, 0, 0
53600, 621850, 0, 0, 0
53700, 615084, 0, 0, 0
53800, 640420, 0, 0, 0
53900, 619491, 0, 0, 0
54000, 640847, 0, 0, 0
54100, 623862, 0, 0, 0
54200, 617794, 0, 0, 0
54300, 616273, 0, 0, 0
54400, 601982, 0, 0, 0
54500, 639419, 0, 0, 0
54600, 624165, 0, 0, 0
54700, 638395, 0, 0, 0
54801, 627490, 0, 0, 0
54900, 627227, 0, 0, 0
55000, 626411, 0, 0, 0
55100, 615639, 0, 0, 0
55200, 648987, 0, 0, 0
55300, 629510, 0, 0, 0
55400, 601160, 0, 0, 0
55501, 639910, 0, 0, 0
55600, 639967, 0, 0, 0
55700, 623726, 0, 0, 0
55800, 629981, 0, 0, 0
55900, 625525, 0, 0, 0
56000, 645245, 0, 0, 0
56100, 614246, 0, 0, 0
56200, 628989, 0, 0, 0
56300, 641097, 0, 0, 0
56400, 630371, 0, 0, 0
56500, 617283, 0, 0, 0
56600, 646009, 0, 0, 0
56700, 639416, 0, 0, 0
56800, 755290, 0, 0, 0
56900, 634918, 0, 0, 0
57000, 635258, 0, 0, 0
57100, 617333, 0, 0, 0
57200, 638158, 0, 0, 0
57300, 632954, 0, 0, 0
57400, 629184, 0, 0, 0
57500, 648767, 0, 0, 0
57600, 668220, 0, 0, 0
57700, 646205, 0, 0, 0
57800, 651409, 0, 0, 0
57900, 640865, 0, 0, 0
58000, 636290, 0, 0, 0
58100, 638444, 0, 0, 0
58200, 627436, 0, 0, 0
58300, 648245, 0, 0, 0
58400, 642552, 0, 0, 0
58500, 650579, 0, 0, 0
58600, 662150, 0, 0, 0
58700, 661932, 0, 0, 0
58800, 633591, 0, 0, 0
58900, 634910, 0, 0, 0
59000, 644746, 0, 0, 0
59100, 622377, 0, 0, 0
59200, 646157, 0, 0, 0
59300, 635989, 0, 0, 0
59400, 643529, 0, 0, 0
59500, 663473, 0, 0, 0
59600, 640053, 0, 0, 0
59700, 644706, 0, 0, 0
59800, 646632, 0, 0, 0
59900, 633159, 0, 0, 0
60000, 649636, 0, 0, 0
60100, 661093, 0, 0, 0
60200, 613829, 0, 0, 0
60300, 626699, 0, 0, 0
60400, 651387, 0, 0, 0
60500, 632088, 0, 0, 0
60600, 635374, 0, 0, 0
60700, 647457, 0, 0, 0
60800, 622117, 0, 0, 0
60900, 660821, 0, 0, 0
61000, 635278, 0, 0, 0
61100, 626719, 0, 0, 0
61200, 667262, 0, 0, 0
61300, 638223, 0, 0, 0
61400, 641121, 0, 0, 0
61500, 656879, 0, 0, 0
61600, 608200, 0, 0, 0
61700, 628125, 0, 0, 0
61807, 916577, 0, 0, 0
61900, 634022, 0, 0, 0
62000, 632815, 0, 0, 0
62100, 632759, 0, 0, 0
62200, 632223, 0, 0, 0
62300, 652108, 0, 0, 0
62400, 640000, 0, 0, 0
62500, 636082, 0, 0, 0
62600, 632186, 0, 0, 0
62700, 656725, 0, 0, 0
62800, 648873, 0, 0, 0
62900, 658243, 0, 0, 0
63000, 641207, 0, 0, 0
63100, 660001, 0, 0, 0
63200, 645911, 0, 0, 0
63300, 620175, 0, 0, 0
63400, 634872, 0, 0, 0
63500, 629228, 0, 0, 0
63600, 625257, 0, 0, 0
63700, 646380, 0, 0, 0
63800, 645461, 0, 0, 0
63900, 638859, 0, 0, 0
64000, 623824, 0, 0, 0
64100, 623713, 0, 0, 0
64200, 633179, 0, 0, 0
64300, 646455, 0, 0, 0
64400, 634594, 0, 0, 0
64500, 635056, 0, 0, 0
64600, 639298, 0, 0, 0
64700, 630602, 0, 0, 0
64800, 615667, 0, 0, 0
64900, 637752, 0, 0, 0
65000, 646649, 0, 0, 0
65100, 638845, 0, 0, 0
65200, 721378, 0, 0, 0
65300, 653277, 0, 0, 0
65400, 631961, 0, 0, 0
65500, 649160, 0, 0, 0
65600, 627731, 0, 0, 0
65700, 627288, 0, 0, 0
65800, 634710, 0, 0, 0
65900, 642117, 0, 0, 0
66000, 634188, 0, 0, 0
66100, 654070, 0, 0, 0
66200, 653823, 0, 0, 0
66300, 636942, 0, 0, 0
66400, 620180, 0, 0, 0
66500, 620204, 0, 0, 0
66600, 641232, 0, 0, 0
66700, 640585, 0, 0, 0
66829, 1088164, 0, 0, 0
66900, 634693, 0, 0, 0
67000, 640436, 0, 0, 0
67100, 624133, 0, 0, 0
67200, 632174, 0, 0, 0
67300, 607817, 0, 0, 0
67400, 630234, 0, 0, 0
67500, 647639, 0, 0, 0
67600, 640704, 0, 0, 0
67700, 646600, 0, 0, 0
67800, 624530, 0, 0, 0
67900, 661954, 0, 0, 0
68000, 633342, 0, 0, 0
68100, 636297, 0, 0, 0
68200, 623069, 0, 0, 0
68300, 651184, 0, 0, 0
68400, 635930, 0, 0, 0
68500, 632687, 0, 0, 0
68600, 638491, 0, 0, 0
68700, 642210, 0, 0, 0
68800, 620554, 0, 0, 0
68900, 667605, 0, 0, 0
69000, 620517, 0, 0, 0
69100, 617450, 0, 0, 0
69200, 632276, 0, 0, 0
69300, 612932, 0, 0, 0
69400, 622349, 0, 0, 0
69500, 629667, 0, 0, 0
69600, 628464, 0, 0, 0
69700, 633115, 0, 0, 0
69800, 627638, 0, 0, 0
69900, 648229, 0, 0, 0
70000, 634862, 0, 0, 0
70100, 635674, 0, 0, 0
70200, 613812, 0, 0, 0
70300, 660721, 0, 0, 0
70400, 623200, 0, 0, 0
70500, 620705, 0, 0, 0
70600, 646832, 0, 0, 0
70700, 644834, 0, 0, 0
70800, 618323, 0, 0, 0
70900, 621690, 0, 0, 0
71000, 637578, 0, 0, 0
71100, 616013, 0, 0, 0
71201, 628478, 0, 0, 0
71300, 633913, 0, 0, 0
71400, 632399, 0, 0, 0
71500, 627600, 0, 0, 0
71600, 626503, 0, 0, 0
71700, 615333, 0, 0, 0
71800, 643037, 0, 0, 0
71900, 671889, 0, 0, 0
72000, 739597, 0, 0, 0
72100, 618191, 0, 0, 0
72200, 613250, 0, 0, 0
72300, 622802, 0, 0, 0
72400, 628194, 0, 0, 0
72500, 634022, 0, 0, 0
72600, 656171, 0, 0, 0
72700, 633555, 0, 0, 0
72800, 634695, 0, 0, 0
72900, 646317, 0, 0, 0
73000, 634289, 0, 0, 0
73100, 633682, 0, 0, 0
73200, 659568, 0, 0, 0
73300, 659795, 0, 0, 0
73400, 646565, 0, 0, 0
73500, 655760, 0, 0, 0
73600, 622010, 0, 0, 0
73700, 619581, 0, 0, 0
73800, 618558, 0, 0, 0
73900, 608130, 0, 0, 0
74000, 638955, 0, 0, 0
74100, 625978, 0, 0, 0
74200, 650880, 0, 0, 0
74301, 634228, 0, 0, 0
74400, 621774, 0, 0, 0
74500, 628085, 0, 0, 0
74600, 616141, 0, 0, 0
74700, 644249, 0, 0, 0
74800, 609540, 0, 0, 0
74900, 614509, 0, 0, 0
75000, 641694, 0, 0, 0
75100, 764410, 0, 0, 0
75200, 622106, 0, 0, 0
75300, 635766, 0, 0, 0
75400, 629395, 0, 0, 0
75500, 607231, 0, 0, 0
75600, 609939, 0, 0, 0
75700, 594042, 0, 0, 0
75801, 645053, 0, 0, 0
75900, 625998, 0, 0, 0
76000, 618441, 0, 0, 0
76100, 634053, 0, 0, 0
76200, 647696, 0, 0, 0
76300, 635615, 0, 0, 0
76400, 626576, 0, 0, 0
76500, 621005, 0, 0, 0
76600, 620500, 0, 0, 0
76700, 636368, 0, 0, 0
76800, 624811, 0, 0, 0
76900, 776422, 0, 0, 0
77000, 625006, 0, 0, 0
77100, 619826, 0, 0, 0
77200, 624581, 0, 0, 0
77300, 632884, 0, 0, 0
77400, 637248, 0, 0, 0
77500, 616034, 0, 0, 0
77600, 607124, 0, 0, 0
77700, 615189, 0, 0, 0
77800, 639507, 0, 0, 0
77900, 649193, 0, 0, 0
78000, 630090, 0, 0, 0
78100, 622618, 0, 0, 0
78200, 641195, 0, 0, 0
78300, 628968, 0, 0, 0
78400, 618226, 0, 0, 0
78500, 659864, 0, 0, 0
78600, 631721, 0, 0, 0
78700, 620633, 0, 0, 0
78800, 629152, 0, 0, 0
78900, 640594, 0, 0, 0
79000, 651318, 0, 0, 0
79100, 635896, 0, 0, 0
79200, 611267, 0, 0, 0
79300, 622468, 0, 0, 0
79400, 632928, 0, 0, 0
79500, 667675, 0, 0, 0
79600, 616440, 0, 0, 0
79700, 636951, 0, 0, 0
79800, 649246, 0, 0, 0
79900, 623417, 0, 0, 0
80000, 630926, 0, 0, 0
80100, 653832, 0, 0, 0
80200, 668869, 0, 0, 0
80300, 647535, 0, 0, 0
80404, 1160947, 0, 0, 0
80500, 650284, 0, 0, 0
80609, 693783, 0, 0, 0
80700, 622128, 0, 0, 0
80800, 618638, 0, 0, 0
80900, 623296, 0, 0, 0
81000, 633089, 0, 0, 0
81100, 653943, 0, 0, 0
81200, 638478, 0, 0, 0
81300, 634097, 0, 0, 0
81400, 636030, 0, 0, 0
81500, 625683, 0, 0, 0
81600, 617866, 0, 0, 0
81700, 639062, 0, 0, 0
81800, 642347, 0, 0, 0
81900, 619938, 0, 0, 0
82000, 887420, 0, 0, 0
82100, 632785, 0, 0, 0
82200, 657216, 0, 0, 0
82300, 627243, 0, 0, 0
82400, 652294, 0, 0, 0
82500, 641073, 0, 0, 0
82600, 615126, 0, 0, 0
82700, 622163, 0, 0, 0
82800, 645545, 0, 0, 0
82900, 643706, 0, 0, 0
83000, 630219, 0, 0, 0
83101, 647400, 0, 0, 0
83200, 640204, 0, 0, 0
83300, 627884, 0, 0, 0
83400, 663697, 0, 0, 0
83500, 642743, 0, 0, 0
83600, 630724, 0, 0, 0
83700, 638933, 0, 0, 0
83800, 631151, 0, 0, 0
83900, 634343, 0, 0, 0
84000, 657513, 0, 0, 0
84100, 621123, 0, 0, 0
84200, 641660, 0, 0, 0
84300, 623177, 0, 0, 0
84400, 613231, 0, 0, 0
84500, 625062, 0, 0, 0
84600, 668770, 0, 0, 0
84700, 622305, 0, 0, 0
84800, 638717, 0, 0, 0
84900, 677426, 0, 0, 0
85000, 645577, 0, 0, 0
85100, 647606, 0, 0, 0
85200, 626604, 0, 0, 0
85300, 641399, 0, 0, 0
85400, 633554, 0, 0, 0
85500, 652308, 0, 0, 0
85600, 736263, 0, 0, 0
85700, 651087, 0, 0, 0
85809, 807022, 0, 0, 0
85900, 724245, 0, 0, 0
86000, 722297, 0, 0, 0
86100, 720935, 0, 0, 0
86200, 707892, 0, 0, 0
86300, 692410, 0, 0, 0
86400, 717593, 0, 0, 0
86500, 711369, 0, 0, 0
86600, 710721, 0, 0, 0
86700, 720255, 0, 0, 0
86800, 706092, 0, 0, 0
86900, 700351, 0, 0, 0
87000, 695551, 0, 0, 0
87100, 744350, 0, 0, 0
87200, 699464, 0, 0, 0
87300, 747435, 0, 0, 0
87400, 703355, 0, 0, 0
87500, 710132, 0, 0, 0
87600, 707505, 0, 0, 0
87700, 722804, 0, 0, 0
87800, 731041, 0, 0, 0
87900, 693891, 0, 0, 0
88000, 715295, 0, 0, 0
88100, 713621, 0, 0, 0
88200, 731976, 0, 0, 0
88300, 705349, 0, 0, 0
88400, 722097, 0, 0, 0
88500, 753212, 0, 0, 0
88600, 718073, 0, 0, 0
88700, 747164, 0, 0, 0
88800, 699067, 0, 0, 0
88900, 774060, 0, 0, 0
89000, 718840, 0, 0, 0
89100, 741235, 0, 0, 0
89200, 718867, 0, 0, 0
89300, 699811, 0, 0, 0
89400, 702578, 0, 0, 0
89500, 679687, 0, 0, 0
89600, 734939, 0, 0, 0
89700, 719214, 0, 0, 0
89800, 762530, 0, 0, 0
89900, 717619, 0, 0, 0
90000, 719053, 0, 0, 0
