100, 22486, 1, 0, 0
200, 12747, 1, 0, 0
300, 12348, 1, 0, 0
400, 12047, 1, 0, 0
500, 11719, 1, 0, 0
607, 11547, 1, 0, 0
703, 11747, 1, 0, 0
800, 12152, 1, 0, 0
900, 12459, 1, 0, 0
1000, 12322, 1, 0, 0
1100, 12117, 1, 0, 0
1200, 12581, 1, 0, 0
1300, 11855, 1, 0, 0
1400, 11270, 1, 0, 0
1500, 12502, 1, 0, 0
1600, 12211, 1, 0, 0
1700, 12734, 1, 0, 0
1800, 12066, 1, 0, 0
1900, 13441, 1, 0, 0
2000, 12084, 1, 0, 0
2100, 11993, 1, 0, 0
2200, 12263, 1, 0, 0
2300, 11728, 1, 0, 0
2400, 12484, 1, 0, 0
2500, 12228, 1, 0, 0
2600, 11579, 1, 0, 0
2700, 12244, 1, 0, 0
2804, 12324, 1, 0, 0
2903, 11851, 1, 0, 0
3002, 11856, 1, 0, 0
3100, 10993, 1, 0, 0
3200, 11020, 1, 0, 0
3300, 12716, 1, 0, 0
3400, 12013, 1, 0, 0
3501, 11597, 1, 0, 0
3600, 12028, 1, 0, 0
3701, 10665, 1, 0, 0
3800, 11535, 1, 0, 0
3904, 12286, 1, 0, 0
4000, 12306, 1, 0, 0
4100, 11232, 1, 0, 0
4200, 12671, 1, 0, 0
4300, 11428, 1, 0, 0
4400, 11788, 1, 0, 0
4505, 11273, 1, 0, 0
4600, 11705, 1, 0, 0
4700, 12921, 1, 0, 0
4800, 12145, 1, 0, 0
4901, 12172, 1, 0, 0
5000, 11530, 1, 0, 0
5100, 12522, 1, 0, 0
5201, 12075, 1, 0, 0
5300, 11480, 1, 0, 0
5404, 11712, 1, 0, 0
5500, 11019, 1, 0, 0
5600, 12783, 1, 0, 0
5700, 11814, 1, 0, 0
5800, 12395, 1, 0, 0
5901, 12245, 1, 0, 0
6000, 11881, 1, 0, 0
6100, 11343, 1, 0, 0
6200, 13007, 1, 0, 0
6300, 12479, 1, 0, 0
6400, 11479, 1, 0, 0
6500, 11719, 1, 0, 0
6600, 12469, 1, 0, 0
6700, 11868, 1, 0, 0
6800, 12230, 1, 0, 0
6900, 12586, 1, 0, 0
7000, 12539, 1, 0, 0
7100, 13319, 1, 0, 0
7200, 11072, 1, 0, 0
7302, 11970, 1, 0, 0
7406, 11941, 1, 0, 0
7500, 12215, 1, 0, 0
7600, 12381, 1, 0, 0
7700, 12010, 1, 0, 0
7801, 11279, 1, 0, 0
7900, 12521, 1, 0, 0
8000, 11897, 1, 0, 0
8100, 12503, 1, 0, 0
8200, 11356, 1, 0, 0
8300, 12216, 1, 0, 0
8400, 12871, 1, 0, 0
8500, 11758, 1, 0, 0
8600, 11324, 1, 0, 0
8700, 12197, 1, 0, 0
8800, 12343, 1, 0, 0
8900, 12367, 1, 0, 0
9000, 12031, 1, 0, 0
9103, 10767, 1, 0, 0
9200, 10528, 1, 0, 0
9300, 11203, 1, 0, 0
9400, 11793, 1, 0, 0
9500, 12422, 1, 0, 0
9600, 12231, 1, 0, 0
9713, 12232, 1, 0, 0
9800, 12703, 1, 0, 0
9900, 12693, 1, 0, 0
10000, 12500, 1, 0, 0
10100, 12917, 1, 0, 0
10200, 11848, 1, 0, 0
10304, 12524, 1, 0, 0
10400, 12085, 1, 0, 0
10501, 11331, 1, 0, 0
10600, 12076, 1, 0, 0
10700, 12277, 1, 0, 0
10800, 11746, 1, 0, 0
10900, 12784, 1, 0, 0
11000, 11993, 1, 0, 0
11100, 11809, 1, 0, 0
11200, 10925, 1, 0, 0
11300, 11686, 1, 0, 0
11400, 11972, 1, 0, 0
11500, 11315, 1, 0, 0
11600, 12464, 1, 0, 0
11700, 11746, 1, 0, 0
11801, 11663, 1, 0, 0
11900, 14410, 1, 0, 0
12000, 15014, 1, 0, 0
12101, 12532, 1, 0, 0
12200, 11551, 1, 0, 0
12307, 13922, 1, 0, 0
12407, 12601, 1, 0, 0
12500, 11526, 1, 0, 0
12600, 13474, 1, 0, 0
12700, 15673, 1, 0, 0
12801, 13779, 1, 0, 0
12900, 12287, 1, 0, 0
13002, 14771, 1, 0, 0
13100, 12472, 1, 0, 0
13208, 14553, 1, 0, 0
13300, 17719, 1, 0, 0
13410, 18989, 1, 0, 0
13500, 13925, 1, 0, 0
13600, 13684, 1, 0, 0
13700, 13660, 1, 0, 0
13800, 14236, 1, 0, 0
13900, 13485, 1, 0, 0
14000, 13659, 1, 0, 0
14100, 12427, 1, 0, 0
14205, 12925, 1, 0, 0
14305, 12268, 1, 0, 0
14406, 12898, 1, 0, 0
14500, 11712, 1, 0, 0
14600, 11685, 1, 0, 0
14703, 11454, 1, 0, 0
14800, 11838, 1, 0, 0
14900, 12023, 1, 0, 0
15000, 12450, 1, 0, 0
15101, 12616, 1, 0, 0
15205, 12381, 1, 0, 0
15303, 13752, 1, 0, 0
15404, 12298, 1, 0, 0
15502, 11387, 1, 0, 0
15600, 12397, 1, 0, 0
15706, 11600, 1, 0, 0
15800, 11190, 1, 0, 0
15900, 12096, 1, 0, 0
16008, 10910, 1, 0, 0
16100, 11373, 1, 0, 0
16201, 11808, 1, 0, 0
16303, 11794, 1, 0, 0
16400, 12236, 1, 0, 0
16500, 10798, 1, 0, 0
16601, 11086, 1, 0, 0
16700, 12189, 1, 0, 0
16800, 12114, 1, 0, 0
16900, 12537, 1, 0, 0
17000, 12361, 1, 0, 0
17100, 12572, 1, 0, 0
17200, 11708, 1, 0, 0
17300, 12122, 1, 0, 0
17400, 12554, 1, 0, 0
17500, 12076, 1, 0, 0
17600, 12085, 1, 0, 0
17701, 11300, 1, 0, 0
17801, 12548, 1, 0, 0
17900, 12538, 1, 0, 0
18001, 11302, 1, 0, 0
18101, 12205, 1, 0, 0
18201, 11582, 1, 0, 0
18300, 13244, 1, 0, 0
18400, 12136, 1, 0, 0
18500, 11507, 1, 0, 0
18600, 11950, 1, 0, 0
18700, 11731, 1, 0, 0
18804, 12092, 1, 0, 0
18901, 12439, 1, 0, 0
19001, 12386, 1, 0, 0
19103, 11559, 1, 0, 0
19200, 12448, 1, 0, 0
19300, 12546, 1, 0, 0
19405, 12403, 1, 0, 0
19500, 12572, 1, 0, 0
19600, 11851, 1, 0, 0
19701, 12618, 1, 0, 0
19800, 11848, 1, 0, 0
19900, 11859, 1, 0, 0
20000, 11867, 1, 0, 0
20101, 11766, 1, 0, 0
20200, 11764, 1, 0, 0
20300, 11621, 1, 0, 0
20400, 12721, 1, 0, 0
20508, 11803, 1, 0, 0
20600, 12237, 1, 0, 0
20700, 12750, 1, 0, 0
20800, 12029, 1, 0, 0
20900, 12225, 1, 0, 0
21000, 12844, 1, 0, 0
21100, 11933, 1, 0, 0
21200, 11847, 1, 0, 0
21300, 11764, 1, 0, 0
21400, 11832, 1, 0, 0
21500, 12636, 1, 0, 0
21600, 12145, 1, 0, 0
21700, 11675, 1, 0, 0
21800, 12458, 1, 0, 0
21900, 12346, 1, 0, 0
22000, 12736, 1, 0, 0
22100, 11402, 1, 0, 0
22200, 12307, 1, 0, 0
22300, 11840, 1, 0, 0
22400, 11921, 1, 0, 0
22500, 12039, 1, 0, 0
22600, 12172, 1, 0, 0
22700, 13218, 1, 0, 0
22802, 11948, 1, 0, 0
22900, 12922, 1, 0, 0
23000, 11751, 1, 0, 0
23100, 12294, 1, 0, 0
23200, 11681, 1, 0, 0
23300, 12027, 1, 0, 0
23400, 11670, 1, 0, 0
23500, 13075, 1, 0, 0
23600, 12392, 1, 0, 0
23700, 11684, 1, 0, 0
23800, 12036, 1, 0, 0
23902, 11860, 1, 0, 0
24002, 11930, 1, 0, 0
24100, 12103, 1, 0, 0
24200, 11277, 1, 0, 0
24304, 11590, 1, 0, 0
24400, 10570, 1, 0, 0
24500, 12100, 1, 0, 0
24602, 11952, 1, 0, 0
24701, 11848, 1, 0, 0
24800, 12299, 1, 0, 0
24900, 12511, 1, 0, 0
25001, 13027, 1, 0, 0
25100, 12614, 1, 0, 0
25205, 12256, 1, 0, 0
25300, 11871, 1, 0, 0
25403, 10981, 1, 0, 0
25501, 11622, 1, 0, 0
25600, 11029, 1, 0, 0
25700, 12453, 1, 0, 0
25800, 12297, 1, 0, 0
25903, 12885, 1, 0, 0
26002, 12177, 1, 0, 0
26100, 12512, 1, 0, 0
26200, 12537, 1, 0, 0
26300, 12051, 1, 0, 0
26403, 12473, 1, 0, 0
26506, 11698, 1, 0, 0
26600, 11751, 1, 0, 0
26700, 11649, 1, 0, 0
26800, 11919, 1, 0, 0
26900, 12826, 1, 0, 0
27000, 12030, 1, 0, 0
27101, 11773, 1, 0, 0
27212, 12353, 1, 0, 0
27300, 11505, 1, 0, 0
27400, 12127, 1, 0, 0
27500, 12876, 1, 0, 0
27600, 12381, 1, 0, 0
27700, 12273, 1, 0, 0
27800, 12532, 1, 0, 0
27900, 12353, 1, 0, 0
28000, 12192, 1, 0, 0
28100, 11671, 1, 0, 0
28200, 11517, 1, 0, 0
28300, 12941, 1, 0, 0
28400, 12994, 1, 0, 0
28500, 12809, 1, 0, 0
28600, 12519, 1, 0, 0
28700, 11552, 1, 0, 0
28800, 11750, 1, 0, 0
28900, 12668, 1, 0, 0
29000, 12555, 1, 0, 0
29100, 13455, 1, 0, 0
29208, 12660, 1, 0, 0
29300, 12085, 1, 0, 0
29412, 11732, 1, 0, 0
29500, 11938, 1, 0, 0
29600, 13238, 1, 0, 0
29700, 12721, 1, 0, 0
29800, 12380, 1, 0, 0
29900, 12323, 1, 0, 0
30000, 12238, 1, 0, 0
30100, 12287, 1, 0, 0
30203, 11457, 1, 0, 0
30301, 9975, 1, 0, 0
30400, 12031, 1, 0, 0
30500, 12400, 1, 0, 0
30600, 11862, 1, 0, 0
30700, 12431, 1, 0, 0
30800, 12107, 1, 0, 0
30900, 12701, 1, 0, 0
31000, 12047, 1, 0, 0
31100, 11842, 1, 0, 0
31200, 11736, 1, 0, 0
31300, 12461, 1, 0, 0
31402, 12394, 1, 0, 0
31500, 12946, 1, 0, 0
31600, 12016, 1, 0, 0
31701, 12672, 1, 0, 0
31800, 11924, 1, 0, 0
31900, 11356, 1, 0, 0
32003, 11462, 1, 0, 0
32100, 11732, 1, 0, 0
32200, 12553, 1, 0, 0
32300, 12315, 1, 0, 0
32400, 12017, 1, 0, 0
32500, 12795, 1, 0, 0
32600, 12143, 1, 0, 0
32700, 11610, 1, 0, 0
32803, 12520, 1, 0, 0
32900, 11775, 1, 0, 0
33000, 12168, 1, 0, 0
33100, 11979, 1, 0, 0
33200, 12642, 1, 0, 0
33301, 12467, 1, 0, 0
33409, 12461, 1, 0, 0
33501, 10784, 1, 0, 0
33601, 10959, 1, 0, 0
33709, 11172, 1, 0, 0
33803, 12444, 1, 0, 0
33900, 11848, 1, 0, 0
34000, 12131, 1, 0, 0
34100, 12620, 1, 0, 0
34200, 11838, 1, 0, 0
34300, 11761, 1, 0, 0
34400, 12034, 1, 0, 0
34501, 11169, 1, 0, 0
34604, 11580, 1, 0, 0
34700, 11256, 1, 0, 0
34800, 12045, 1, 0, 0
34901, 12437, 1, 0, 0
35000, 11748, 1, 0, 0
35109, 12600, 1, 0, 0
35200, 13476, 1, 0, 0
35300, 12309, 1, 0, 0
35400, 11256, 1, 0, 0
35500, 11988, 1, 0, 0
35600, 12165, 1, 0, 0
35700, 11280, 1, 0, 0
35800, 12215, 1, 0, 0
35900, 11714, 1, 0, 0
36013, 11862, 1, 0, 0
36100, 12920, 1, 0, 0
36200, 12298, 1, 0, 0
36300, 12208, 1, 0, 0
36400, 12254, 1, 0, 0
36500, 12489, 1, 0, 0
36600, 12125, 1, 0, 0
36700, 11996, 1, 0, 0
36800, 13233, 1, 0, 0
36902, 11588, 1, 0, 0
37001, 12840, 1, 0, 0
37100, 11847, 1, 0, 0
37201, 11528, 1, 0, 0
37300, 12300, 1, 0, 0
37400, 12647, 1, 0, 0
37500, 12162, 1, 0, 0
37600, 12174, 1, 0, 0
37700, 11773, 1, 0, 0
37800, 11898, 1, 0, 0
37900, 12288, 1, 0, 0
38000, 12772, 1, 0, 0
38107, 11617, 1, 0, 0
38200, 11080, 1, 0, 0
38300, 11539, 1, 0, 0
38400, 11725, 1, 0, 0
38500, 12363, 1, 0, 0
38600, 12668, 1, 0, 0
38700, 11975, 1, 0, 0
38800, 12348, 1, 0, 0
38900, 11867, 1, 0, 0
39000, 12050, 1, 0, 0
39100, 13011, 1, 0, 0
39200, 11904, 1, 0, 0
39300, 12283, 1, 0, 0
39400, 11824, 1, 0, 0
39500, 12309, 1, 0, 0
39600, 11955, 1, 0, 0
39700, 12456, 1, 0, 0
39800, 13132, 1, 0, 0
39902, 11164, 1, 0, 0
40001, 12411, 1, 0, 0
40100, 12538, 1, 0, 0
40215, 12220, 1, 0, 0
40300, 12151, 1, 0, 0
40400, 12179, 1, 0, 0
40500, 12191, 1, 0, 0
40600, 12158, 1, 0, 0
40700, 12175, 1, 0, 0
40800, 12417, 1, 0, 0
40900, 12178, 1, 0, 0
41000, 12224, 1, 0, 0
41100, 11962, 1, 0, 0
41202, 12257, 1, 0, 0
41300, 11947, 1, 0, 0
41400, 12656, 1, 0, 0
41502, 11096, 1, 0, 0
41601, 12326, 1, 0, 0
41700, 11886, 1, 0, 0
41800, 12824, 1, 0, 0
41900, 12167, 1, 0, 0
42000, 11426, 1, 0, 0
42100, 11936, 1, 0, 0
42200, 11545, 1, 0, 0
42300, 12671, 1, 0, 0
42400, 12519, 1, 0, 0
42500, 12170, 1, 0, 0
42600, 12123, 1, 0, 0
42705, 11699, 1, 0, 0
42808, 11583, 1, 0, 0
42900, 12624, 1, 0, 0
43000, 11786, 1, 0, 0
43101, 12548, 1, 0, 0
43200, 12119, 1, 0, 0
43300, 11920, 1, 0, 0
43400, 12119, 1, 0, 0
43501, 12086, 1, 0, 0
43602, 12894, 1, 0, 0
43712, 10127, 1, 0, 0
43800, 11512, 1, 0, 0
43900, 12548, 1, 0, 0
44000, 12414, 1, 0, 0
44100, 11714, 1, 0, 0
44200, 12358, 1, 0, 0
44300, 11605, 1, 0, 0
44400, 12488, 1, 0, 0
44502, 12212, 1, 0, 0
44600, 12920, 1, 0, 0
44700, 12335, 1, 0, 0
44800, 11747, 1, 0, 0
44900, 11706, 1, 0, 0
45000, 11691, 1, 0, 0
45100, 12170, 1, 0, 0
45200, 12162, 1, 0, 0
45300, 11246, 1, 0, 0
45401, 12043, 1, 0, 0
45500, 12977, 1, 0, 0
45600, 11929, 1, 0, 0
45700, 13293, 1, 0, 0
45803, 11187, 1, 0, 0
45900, 13103, 1, 0, 0
46001, 12040, 1, 0, 0
46101, 11883, 1, 0, 0
46201, 12056, 1, 0, 0
46300, 12945, 1, 0, 0
46400, 11675, 1, 0, 0
46500, 12737, 1, 0, 0
46600, 12372, 1, 0, 0
46700, 11279, 1, 0, 0
46800, 12229, 1, 0, 0
46900, 11859, 1, 0, 0
47001, 12368, 1, 0, 0
47100, 11359, 1, 0, 0
47200, 11488, 1, 0, 0
47301, 11411, 1, 0, 0
47400, 11363, 1, 0, 0
47500, 11312, 1, 0, 0
47602, 11527, 1, 0, 0
47700, 12079, 1, 0, 0
47800, 11450, 1, 0, 0
47900, 12175, 1, 0, 0
48004, 11891, 1, 0, 0
48100, 10707, 1, 0, 0
48200, 11437, 1, 0, 0
48300, 12263, 1, 0, 0
48400, 12181, 1, 0, 0
48500, 12645, 1, 0, 0
48600, 11869, 1, 0, 0
48700, 11610, 1, 0, 0
48801, 11076, 1, 0, 0
48901, 11981, 1, 0, 0
49000, 12154, 1, 0, 0
49100, 12264, 1, 0, 0
49200, 12114, 1, 0, 0
49300, 12456, 1, 0, 0
49400, 12493, 1, 0, 0
49500, 12760, 1, 0, 0
49600, 12083, 1, 0, 0
49700, 13046, 1, 0, 0
49802, 12548, 1, 0, 0
49900, 12429, 1, 0, 0
50000, 12327, 1, 0, 0
50100, 12316, 1, 0, 0
50200, 11589, 1, 0, 0
50300, 12484, 1, 0, 0
50402, 12021, 1, 0, 0
50500, 11851, 1, 0, 0
50601, 12235, 1, 0, 0
50700, 11417, 1, 0, 0
50800, 12862, 1, 0, 0
50900, 12282, 1, 0, 0
51000, 12324, 1, 0, 0
51100, 12534, 1, 0, 0
51200, 11649, 1, 0, 0
51300, 12285, 1, 0, 0
51400, 12513, 1, 0, 0
51500, 13012, 1, 0, 0
51601, 12793, 1, 0, 0
51700, 12547, 1, 0, 0
51800, 11591, 1, 0, 0
51900, 12176, 1, 0, 0
52000, 12366, 1, 0, 0
52100, 12444, 1, 0, 0
52200, 12243, 1, 0, 0
52300, 11861, 1, 0, 0
52400, 12307, 1, 0, 0
52500, 12603, 1, 0, 0
52600, 12356, 1, 0, 0
52700, 12284, 1, 0, 0
52800, 11889, 1, 0, 0
52901, 12229, 1, 0, 0
53001, 11604, 1, 0, 0
53100, 11844, 1, 0, 0
53202, 12291, 1, 0, 0
53300, 12102, 1, 0, 0
53400, 12389, 1, 0, 0
53500, 11918, 1, 0, 0
53600, 12322, 1, 0, 0
53708, 9785, 1, 0, 0
53806, 11984, 1, 0, 0
53906, 11602, 1, 0, 0
54000, 13263, 1, 0, 0
54100, 11952, 1, 0, 0
54200, 12850, 1, 0, 0
54300, 12563, 1, 0, 0
54409, 12000, 1, 0, 0
54500, 11892, 1, 0, 0
54600, 11721, 1, 0, 0
54700, 11623, 1, 0, 0
54801, 10387, 1, 0, 0
54900, 11411, 1, 0, 0
55000, 12446, 1, 0, 0
55101, 12392, 1, 0, 0
55200, 11877, 1, 0, 0
55300, 11561, 1, 0, 0
55400, 12444, 1, 0, 0
55500, 12399, 1, 0, 0
55600, 12346, 1, 0, 0
55700, 11756, 1, 0, 0
55800, 12250, 1, 0, 0
55900, 12136, 1, 0, 0
56012, 11586, 1, 0, 0
56100, 12001, 1, 0, 0
56200, 12316, 1, 0, 0
56300, 12165, 1, 0, 0
56401, 12158, 1, 0, 0
56500, 11810, 1, 0, 0
56600, 10960, 1, 0, 0
56700, 11473, 1, 0, 0
56800, 10847, 1, 0, 0
56900, 10846, 1, 0, 0
57004, 11217, 1, 0, 0
57100, 11987, 1, 0, 0
57200, 12279, 1, 0, 0
57300, 10738, 1, 0, 0
57400, 11584, 1, 0, 0
57500, 11786, 1, 0, 0
57601, 11175, 1, 0, 0
57700, 11510, 1, 0, 0
57801, 12274, 1, 0, 0
57901, 13010, 1, 0, 0
58000, 12056, 1, 0, 0
58128, 11352, 1, 0, 0
58200, 11242, 1, 0, 0
58301, 11549, 1, 0, 0
58400, 12257, 1, 0, 0
58501, 11483, 1, 0, 0
58600, 10847, 1, 0, 0
58700, 13431, 1, 0, 0
58807, 10913, 1, 0, 0
58900, 13273, 1, 0, 0
59001, 12738, 1, 0, 0
59100, 11205, 1, 0, 0
59200, 12289, 1, 0, 0
59300, 12661, 1, 0, 0
59406, 11564, 1, 0, 0
59505, 12183, 1, 0, 0
59609, 11463, 1, 0, 0
59706, 11352, 1, 0, 0
59805, 11929, 1, 0, 0
59903, 12829, 1, 0, 0
60001, 11430, 1, 0, 0
