100, 2014683, 0, 0, 0
201, 1806618, 0, 0, 0
301, 2143063, 0, 0, 0
400, 2402305, 0, 0, 0
500, 2010738, 0, 0, 0
600, 1917575, 0, 0, 0
700, 1939094, 0, 0, 0
800, 1713175, 0, 0, 0
900, 2720996, 0, 0, 0
1000, 2309548, 0, 0, 0
1100, 2326718, 0, 0, 0
1202, 2913440, 0, 0, 0
1300, 1973820, 0, 0, 0
1400, 2189307, 0, 0, 0
1500, 1812576, 0, 0, 0
1600, 2403321, 0, 0, 0
1700, 3172022, 0, 0, 0
1800, 2170208, 0, 0, 0
1900, 2056642, 0, 0, 0
2000, 2038773, 0, 0, 0
2100, 1892270, 0, 0, 0
2201, 2302662, 0, 0, 0
2301, 1965192, 0, 0, 0
2400, 2125128, 0, 0, 0
2500, 1996384, 0, 0, 0
2600, 2177414, 0, 0, 0
2700, 1969000, 0, 0, 0
2800, 2227950, 0, 0, 0
2900, 2659718, 0, 0, 0
3000, 2456547, 0, 0, 0
3100, 2193427, 0, 0, 0
3200, 2117100, 0, 0, 0
3300, 1885297, 0, 0, 0
3400, 2041909, 0, 0, 0
3500, 2327962, 0, 0, 0
3600, 2837174, 0, 0, 0
3700, 1850858, 0, 0, 0
3800, 3276861, 0, 0, 0
3900, 1799968, 0, 0, 0
4000, 1890450, 0, 0, 0
4100, 1918942, 0, 0, 0
4200, 3483048, 0, 0, 0
4301, 2169913, 0, 0, 0
4402, 2161158, 0, 0, 0
4500, 2063415, 0, 0, 0
4600, 2125072, 0, 0, 0
4700, 2249645, 0, 0, 0
4800, 1786218, 0, 0, 0
4900, 1856862, 0, 0, 0
5000, 2491997, 0, 0, 0
5100, 2291470, 0, 0, 0
5200, 2313700, 0, 0, 0
5300, 1878281, 0, 0, 0
5400, 1841546, 0, 0, 0
5500, 1899747, 0, 0, 0
5600, 2007819, 0, 0, 0
5700, 2099694, 0, 0, 0
5801, 2007527, 0, 0, 0
5900, 2826458, 0, 0, 0
6000, 2102603, 0, 0, 0
6100, 2485876, 0, 0, 0
6200, 2198281, 0, 0, 0
6300, 2527472, 0, 0, 0
6400, 1977530, 0, 0, 0
6500, 2066353, 0, 0, 0
6600, 2481338, 0, 0, 0
6700, 2944157, 0, 0, 0
6800, 2616581, 0, 0, 0
6900, 1984668, 0, 0, 0
7000, 2489315, 0, 0, 0
7100, 1949521, 0, 0, 0
7200, 2016602, 0, 0, 0
7301, 2451702, 0, 0, 0
7400, 1922223, 0, 0, 0
7500, 2079354, 0, 0, 0
7601, 2271687, 0, 0, 0
7700, 1874203, 0, 0, 0
7800, 2085545, 0, 0, 0
7900, 1842256, 0, 0, 0
8000, 2842657, 0, 0, 0
8101, 2726987, 0, 0, 0
8200, 2532147, 0, 0, 0
8300, 1724524, 0, 0, 0
8400, 2218270, 0, 0, 0
8500, 2202591, 0, 0, 0
8600, 3162199, 0, 0, 0
8700, 3009556, 0, 0, 0
8800, 2169602, 0, 0, 0
8900, 1924364, 0, 0, 0
9000, 2099122, 0, 0, 0
9100, 1994410, 0, 0, 0
9203, 1813614, 0, 0, 0
9300, 1852584, 0, 0, 0
9400, 1891858, 0, 0, 0
9500, 1894671, 0, 0, 0
9600, 3774801, 0, 0, 0
9701, 2971242, 0, 0, 0
9800, 2395885, 0, 0, 0
9900, 2113361, 0, 0, 0
10000, 1833338, 0, 0, 0
10100, 2666910, 0, 0, 0
10200, 1852306, 0, 0, 0
10300, 1824482, 0, 0, 0
10400, 1810879, 0, 0, 0
10501, 4071731, 0, 0, 0
10600, 1911035, 0, 0, 0
10700, 2241345, 0, 0, 0
10800, 1808301, 0, 0, 0
10901, 2404420, 0, 0, 0
11000, 2332284, 0, 0, 0
11100, 2370707, 0, 0, 0
11201, 2091857, 0, 0, 0
11300, 2419785, 0, 0, 0
11400, 2038068, 0, 0, 0
11500, 1768248, 0, 0, 0
11600, 2296623, 0, 0, 0
11700, 2346944, 0, 0, 0
11800, 1961428, 0, 0, 0
11901, 2116268, 0, 0, 0
12000, 1811145, 0, 0, 0
12100, 2683501, 0, 0, 0
12200, 1742823, 0, 0, 0
12300, 1779115, 0, 0, 0
12400, 2324181, 0, 0, 0
12500, 2171116, 0, 0, 0
12600, 2099482, 0, 0, 0
12702, 2433399, 0, 0, 0
12800, 1956908, 0, 0, 0
12900, 3307461, 0, 0, 0
13001, 3213594, 0, 0, 0
13100, 2515026, 0, 0, 0
13200, 1972092, 0, 0, 0
13300, 2937690, 0, 0, 0
13400, 2109943, 0, 0, 0
13500, 2288991, 0, 0, 0
13600, 4068185, 0, 0, 0
13700, 2318232, 0, 0, 0
13800, 2699243, 0, 0, 0
13900, 2118944, 0, 0, 0
14000, 1859183, 0, 0, 0
14100, 2844127, 0, 0, 0
14200, 1991213, 0, 0, 0
14300, 1889883, 0, 0, 0
14400, 1806327, 0, 0, 0
14500, 1726162, 0, 0, 0
14604, 2310514, 0, 0, 0
14700, 2672907, 0, 0, 0
14800, 2561826, 0, 0, 0
14900, 1880013, 0, 0, 0
15000, 1883681, 0, 0, 0
15100, 2365056, 0, 0, 0
15200, 2078140, 0, 0, 0
15300, 2181061, 0, 0, 0
15400, 1936655, 0, 0, 0
15500, 1854305, 0, 0, 0
15601, 2647788, 0, 0, 0
15700, 2403462, 0, 0, 0
15800, 2072518, 0, 0, 0
15900, 1800445, 0, 0, 0
16000, 2239968, 0, 0, 0
16100, 1788944, 0, 0, 0
16200, 2569181, 0, 0, 0
16300, 2232983, 0, 0, 0
16400, 1973614, 0, 0, 0
16500, 1873966, 0, 0, 0
16600, 1863878, 0, 0, 0
16700, 1973212, 0, 0, 0
16800, 2200323, 0, 0, 0
16900, 1880280, 0, 0, 0
17000, 2380962, 0, 0, 0
17100, 1845389, 0, 0, 0
17201, 2973601, 0, 0, 0
17300, 1886103, 0, 0, 0
17400, 2041542, 0, 0, 0
17500, 2476537, 0, 0, 0
17600, 1930974, 0, 0, 0
17700, 1783355, 0, 0, 0
17800, 2083411, 0, 0, 0
17900, 1997457, 0, 0, 0
18000, 2761416, 0, 0, 0
18101, 2172450, 0, 0, 0
18200, 2191885, 0, 0, 0
18300, 1694041, 0, 0, 0
18400, 2162688, 0, 0, 0
18500, 1764080, 0, 0, 0
18600, 2060629, 0, 0, 0
18701, 2243239, 0, 0, 0
18800, 2196705, 0, 0, 0
18900, 1928475, 0, 0, 0
19000, 2621533, 0, 0, 0
19101, 1988820, 0, 0, 0
19200, 2099553, 0, 0, 0
19300, 1724399, 0, 0, 0
19400, 1876335, 0, 0, 0
19500, 1725145, 0, 0, 0
19600, 2239530, 0, 0, 0
19701, 1813908, 0, 0, 0
19800, 2527817, 0, 0, 0
19900, 1816916, 0, 0, 0
20001, 2067042, 0, 0, 0
20100, 1803842, 0, 0, 0
20200, 2138709, 0, 0, 0
20300, 2069809, 0, 0, 0
20401, 2618231, 0, 0, 0
20500, 2380629, 0, 0, 0
20600, 2298766, 0, 0, 0
20700, 1783119, 0, 0, 0
20800, 2665050, 0, 0, 0
20900, 1862409, 0, 0, 0
21001, 2291974, 0, 0, 0
21100, 4441344, 0, 0, 0
21200, 1967706, 0, 0, 0
21300, 2135425, 0, 0, 0
21400, 1946858, 0, 0, 0
21500, 2112865, 0, 0, 0
21600, 2551243, 0, 0, 0
21700, 2408303, 0, 0, 0
21801, 1909985, 0, 0, 0
21900, 2144229, 0, 0, 0
22000, 1957724, 0, 0, 0
22100, 2267523, 0, 0, 0
22200, 1804624, 0, 0, 0
22300, 2174913, 0, 0, 0
22403, 2628870, 0, 0, 0
22500, 1918810, 0, 0, 0
22600, 1966560, 0, 0, 0
22700, 2013691, 0, 0, 0
22801, 1920812, 0, 0, 0
22900, 2973769, 0, 0, 0
23001, 2222446, 0, 0, 0
23100, 2976116, 0, 0, 0
23200, 2440101, 0, 0, 0
23300, 1961610, 0, 0, 0
23400, 1819181, 0, 0, 0
23501, 2006060, 0, 0, 0
23600, 2583755, 0, 0, 0
23702, 2308949, 0, 0, 0
23800, 2124773, 0, 0, 0
23900, 1853051, 0, 0, 0
24000, 1948000, 0, 0, 0
24100, 2055312, 0, 0, 0
24200, 2145519, 0, 0, 0
24300, 2001185, 0, 0, 0
24400, 1752653, 0, 0, 0
24500, 2048025, 0, 0, 0
24601, 2191094, 0, 0, 0
24700, 2256122, 0, 0, 0
24800, 2983039, 0, 0, 0
24900, 2611118, 0, 0, 0
25000, 1862825, 0, 0, 0
25100, 2130881, 0, 0, 0
25200, 1810785, 0, 0, 0
25300, 2024744, 0, 0, 0
25400, 2180007, 0, 0, 0
25500, 2117707, 0, 0, 0
25600, 1825702, 0, 0, 0
25701, 2501769, 0, 0, 0
25800, 1835579, 0, 0, 0
25900, 2001918, 0, 0, 0
26001, 2163241, 0, 0, 0
26100, 2116370, 0, 0, 0
26200, 1761801, 0, 0, 0
26300, 1714922, 0, 0, 0
26400, 2398379, 0, 0, 0
26500, 2117477, 0, 0, 0
26600, 1931190, 0, 0, 0
26701, 1922723, 0, 0, 0
26800, 2062043, 0, 0, 0
26900, 2134361, 0, 0, 0
27000, 2791966, 0, 0, 0
27100, 1926312, 0, 0, 0
27200, 2039819, 0, 0, 0
27302, 2088504, 0, 0, 0
27400, 2897435, 0, 0, 0
27500, 2108749, 0, 0, 0
27600, 1782391, 0, 0, 0
27700, 2027519, 0, 0, 0
27800, 2484712, 0, 0, 0
27900, 2753359, 0, 0, 0
28000, 1756052, 0, 0, 0
28100, 2176185, 0, 0, 0
28200, 2021321, 0, 0, 0
28301, 1911527, 0, 0, 0
28401, 2205649, 0, 0, 0
28500, 1959097, 0, 0, 0
28600, 2016710, 0, 0, 0
28701, 1728106, 0, 0, 0
28800, 2512093, 0, 0, 0
28900, 2222092, 0, 0, 0
29000, 1854693, 0, 0, 0
29100, 2072916, 0, 0, 0
29200, 2106871, 0, 0, 0
29300, 1988830, 0, 0, 0
29400, 1989868, 0, 0, 0
29501, 1949505, 0, 0, 0
29600, 2612111, 0, 0, 0
29700, 2443582, 0, 0, 0
29800, 2161964, 0, 0, 0
29900, 1940343, 0, 0, 0
30000, 2450888, 0, 0, 0
30100, 3382656, 0, 0, 0
30200, 1804717, 0, 0, 0
30300, 1957415, 0, 0, 0
30400, 2394509, 0, 0, 0
30500, 2208105, 0, 0, 0
30600, 2568705, 0, 0, 0
30700, 1768034, 0, 0, 0
30800, 2290932, 0, 0, 0
30900, 1943400, 0, 0, 0
31000, 1996675, 0, 0, 0
31100, 1802223, 0, 0, 0
31200, 2563574, 0, 0, 0
31300, 1724059, 0, 0, 0
31400, 2291153, 0, 0, 0
31501, 2410312, 0, 0, 0
31600, 2045625, 0, 0, 0
31700, 1802770, 0, 0, 0
31800, 1877687, 0, 0, 0
31900, 1983833, 0, 0, 0
32001, 2069415, 0, 0, 0
32100, 1947267, 0, 0, 0
32200, 2081593, 0, 0, 0
32300, 2185051, 0, 0, 0
32400, 1709354, 0, 0, 0
32502, 2404137, 0, 0, 0
32600, 2727617, 0, 0, 0
32700, 2206163, 0, 0, 0
32801, 2866648, 0, 0, 0
32900, 2228940, 0, 0, 0
33000, 2435612, 0, 0, 0
33100, 1751527, 0, 0, 0
33200, 2536428, 0, 0, 0
33300, 2020955, 0, 0, 0
33400, 2073459, 0, 0, 0
33500, 1968795, 0, 0, 0
33600, 1799781, 0, 0, 0
33700, 1878078, 0, 0, 0
33800, 2072031, 0, 0, 0
33900, 1808077, 0, 0, 0
34000, 2537056, 0, 0, 0
34100, 2074725, 0, 0, 0
34200, 1819557, 0, 0, 0
34300, 1792402, 0, 0, 0
34400, 1730519, 0, 0, 0
34500, 1813561, 0, 0, 0
34610, 1914301, 0, 0, 0
34700, 1988862, 0, 0, 0
34800, 2181158, 0, 0, 0
34900, 1802838, 0, 0, 0
35000, 1790990, 0, 0, 0
35100, 1701599, 0, 0, 0
35200, 2395963, 0, 0, 0
35300, 1945051, 0, 0, 0
35400, 1882299, 0, 0, 0
35500, 1969706, 0, 0, 0
35600, 1804049, 0, 0, 0
35700, 2080453, 0, 0, 0
35800, 1829199, 0, 0, 0
35900, 2427615, 0, 0, 0
36000, 3354613, 0, 0, 0
36100, 2138853, 0, 0, 0
36200, 2135894, 0, 0, 0
36300, 2070545, 0, 0, 0
36400, 2479210, 0, 0, 0
36500, 2151468, 0, 0, 0
36601, 2438579, 0, 0, 0
36700, 1753553, 0, 0, 0
36800, 1845243, 0, 0, 0
36900, 1950925, 0, 0, 0
37000, 2308504, 0, 0, 0
37100, 2482847, 0, 0, 0
37201, 2868212, 0, 0, 0
37300, 2268140, 0, 0, 0
37400, 2044875, 0, 0, 0
37500, 2445668, 0, 0, 0
37600, 1892427, 0, 0, 0
37700, 1677888, 0, 0, 0
37800, 2069513, 0, 0, 0
37900, 1911567, 0, 0, 0
38000, 1885774, 0, 0, 0
38100, 2684526, 0, 0, 0
38200, 2042860, 0, 0, 0
38300, 2574266, 0, 0, 0
38400, 2115989, 0, 0, 0
38500, 1778745, 0, 0, 0
38600, 2012014, 0, 0, 0
38700, 2023487, 0, 0, 0
38800, 2552987, 0, 0, 0
38900, 1820506, 0, 0, 0
39000, 1992337, 0, 0, 0
39100, 2685888, 0, 0, 0
39200, 1714688, 0, 0, 0
39300, 2451642, 0, 0, 0
39400, 2505250, 0, 0, 0
39500, 1953618, 0, 0, 0
39600, 2181021, 0, 0, 0
39700, 2027867, 0, 0, 0
39800, 1770497, 0, 0, 0
39900, 1748914, 0, 0, 0
40000, 2000789, 0, 0, 0
40100, 2052267, 0, 0, 0
40200, 2075156, 0, 0, 0
40300, 3789710, 0, 0, 0
40400, 2102543, 0, 0, 0
40500, 2504143, 0, 0, 0
40601, 2001194, 0, 0, 0
40700, 2551962, 0, 0, 0
40800, 1968274, 0, 0, 0
40900, 2149903, 0, 0, 0
41000, 2103583, 0, 0, 0
41100, 1942028, 0, 0, 0
41200, 2157128, 0, 0, 0
41300, 2030544, 0, 0, 0
41400, 2268995, 0, 0, 0
41500, 2021075, 0, 0, 0
41600, 2724387, 0, 0, 0
41700, 1806458, 0, 0, 0
41800, 2327989, 0, 0, 0
41900, 1858476, 0, 0, 0
42000, 1848639, 0, 0, 0
42100, 1829033, 0, 0, 0
42200, 2283322, 0, 0, 0
42300, 1900913, 0, 0, 0
42400, 1937130, 0, 0, 0
42500, 2124292, 0, 0, 0
42600, 1940505, 0, 0, 0
42700, 1924448, 0, 0, 0
42800, 1890076, 0, 0, 0
42901, 3429761, 0, 0, 0
43001, 1966295, 0, 0, 0
43100, 2693479, 0, 0, 0
43200, 2954892, 0, 0, 0
43300, 2671358, 0, 0, 0
43400, 1881677, 0, 0, 0
43500, 2085047, 0, 0, 0
43600, 1906381, 0, 0, 0
43700, 2398509, 0, 0, 0
43800, 1725636, 0, 0, 0
43900, 2442549, 0, 0, 0
44000, 2026644, 0, 0, 0
44100, 1867904, 0, 0, 0
44200, 1981351, 0, 0, 0
44300, 1854968, 0, 0, 0
44400, 1647416, 0, 0, 0
44500, 2108351, 0, 0, 0
44600, 1902016, 0, 0, 0
44700, 2213064, 0, 0, 0
44800, 2686519, 0, 0, 0
44900, 3250104, 0, 0, 0
45000, 2022934, 0, 0, 0
45100, 1900395, 0, 0, 0
45200, 1875661, 0, 0, 0
45300, 1964416, 0, 0, 0
45400, 2093613, 0, 0, 0
45500, 2245097, 0, 0, 0
45600, 1727643, 0, 0, 0
45700, 2057453, 0, 0, 0
45800, 1775773, 0, 0, 0
45900, 1751398, 0, 0, 0
46000, 1986719, 0, 0, 0
46100, 1979325, 0, 0, 0
46200, 2686260, 0, 0, 0
46300, 2396644, 0, 0, 0
46400, 1980109, 0, 0, 0
46500, 2473510, 0, 0, 0
46600, 2005983, 0, 0, 0
46701, 2452768, 0, 0, 0
46800, 2182738, 0, 0, 0
46900, 2216441, 0, 0, 0
47000, 1866923, 0, 0, 0
47100, 1953763, 0, 0, 0
47200, 2147059, 0, 0, 0
47300, 2128139, 0, 0, 0
47400, 2495980, 0, 0, 0
47500, 1830694, 0, 0, 0
47600, 2062251, 0, 0, 0
47701, 2864350, 0, 0, 0
47800, 3008747, 0, 0, 0
47900, 2032809, 0, 0, 0
48000, 2115498, 0, 0, 0
48100, 2382690, 0, 0, 0
48200, 2067343, 0, 0, 0
48300, 1931090, 0, 0, 0
48400, 1923625, 0, 0, 0
48500, 2321033, 0, 0, 0
48601, 1916948, 0, 0, 0
48700, 2000933, 0, 0, 0
48800, 1853447, 0, 0, 0
48900, 2607572, 0, 0, 0
49000, 2011686, 0, 0, 0
49101, 1709040, 0, 0, 0
49200, 2115118, 0, 0, 0
49300, 2744007, 0, 0, 0
49401, 2210760, 0, 0, 0
49502, 1960391, 0, 0, 0
49600, 2246238, 0, 0, 0
49700, 2479077, 0, 0, 0
49800, 1774834, 0, 0, 0
49900, 2157924, 0, 0, 0
50000, 1919629, 0, 0, 0
50100, 2754918, 0, 0, 0
50201, 2424489, 0, 0, 0
50300, 2801862, 0, 0, 0
50400, 2031783, 0, 0, 0
50500, 2478752, 0, 0, 0
50600, 2319440, 0, 0, 0
50700, 1942893, 0, 0, 0
50800, 2114515, 0, 0, 0
50900, 2751389, 0, 0, 0
51000, 1796327, 0, 0, 0
51100, 2832964, 0, 0, 0
51201, 2470390, 0, 0, 0
51300, 1781249, 0, 0, 0
51401, 1836929, 0, 0, 0
51500, 2082923, 0, 0, 0
51601, 2121084, 0, 0, 0
51700, 2237374, 0, 0, 0
51800, 1897760, 0, 0, 0
51900, 1739932, 0, 0, 0
52000, 1727698, 0, 0, 0
52100, 1802689, 0, 0, 0
52202, 1885580, 0, 0, 0
52300, 2647862, 0, 0, 0
52400, 2596396, 0, 0, 0
52500, 2357573, 0, 0, 0
52600, 1831822, 0, 0, 0
52700, 1907612, 0, 0, 0
52800, 1789869, 0, 0, 0
52900, 2145431, 0, 0, 0
53000, 3222942, 0, 0, 0
53100, 2043929, 0, 0, 0
53200, 1796781, 0, 0, 0
53300, 2832910, 0, 0, 0
53400, 2524735, 0, 0, 0
53501, 2259517, 0, 0, 0
53600, 1868477, 0, 0, 0
53700, 1858254, 0, 0, 0
53800, 1995428, 0, 0, 0
53900, 2310587, 0, 0, 0
54000, 2106493, 0, 0, 0
54100, 2636088, 0, 0, 0
54200, 2079991, 0, 0, 0
54300, 1829061, 0, 0, 0
54400, 2312579, 0, 0, 0
54500, 2233528, 0, 0, 0
54600, 2089762, 0, 0, 0
54700, 2284250, 0, 0, 0
54800, 1747157, 0, 0, 0
54900, 2626355, 0, 0, 0
55000, 2467329, 0, 0, 0
55101, 2577030, 0, 0, 0
55200, 2292504, 0, 0, 0
55300, 1926002, 0, 0, 0
55400, 2810219, 0, 0, 0
55500, 2016833, 0, 0, 0
55600, 2300225, 0, 0, 0
55700, 1833536, 0, 0, 0
55800, 2580679, 0, 0, 0
55900, 3465858, 0, 0, 0
56000, 2085763, 0, 0, 0
56100, 1886688, 0, 0, 0
56200, 2338621, 0, 0, 0
56300, 1962710, 0, 0, 0
56401, 2221026, 0, 0, 0
56500, 2652990, 0, 0, 0
56600, 1915154, 0, 0, 0
56700, 1987432, 0, 0, 0
56800, 2375535, 0, 0, 0
56900, 2034561, 0, 0, 0
57000, 1838398, 0, 0, 0
57100, 1819956, 0, 0, 0
57200, 2706125, 0, 0, 0
57301, 2108552, 0, 0, 0
57400, 3742932, 0, 0, 0
57502, 2297690, 0, 0, 0
57600, 2822740, 0, 0, 0
57700, 1947491, 0, 0, 0
57800, 2109759, 0, 0, 0
57900, 2281888, 0, 0, 0
58000, 1580909, 0, 0, 0
58100, 2814189, 0, 0, 0
58200, 2517203, 0, 0, 0
58300, 2051199, 0, 0, 0
58400, 2225348, 0, 0, 0
58500, 2226304, 0, 0, 0
58600, 2213152, 0, 0, 0
58700, 1756270, 0, 0, 0
58800, 1924602, 0, 0, 0
58901, 2146428, 0, 0, 0
59000, 1897259, 0, 0, 0
59100, 1793701, 0, 0, 0
59200, 1738289, 0, 0, 0
59300, 1986468, 0, 0, 0
59400, 2011330, 0, 0, 0
59500, 1710489, 0, 0, 0
59600, 2486246, 0, 0, 0
59700, 2052672, 0, 0, 0
59800, 2107839, 0, 0, 0
59900, 2415025, 0, 0, 0
60001, 1859108, 0, 0, 0
60100, 2799071, 0, 0, 0
60200, 2468613, 0, 0, 0
60300, 2917166, 0, 0, 0
60400, 3264635, 0, 0, 0
60500, 2213762, 0, 0, 0
60600, 1965547, 0, 0, 0
60700, 2021621, 0, 0, 0
60800, 2814170, 0, 0, 0
60900, 1868744, 0, 0, 0
61000, 1965424, 0, 0, 0
61100, 2287760, 0, 0, 0
61205, 2128365, 0, 0, 0
61300, 2385518, 0, 0, 0
61400, 2186827, 0, 0, 0
61500, 3449359, 0, 0, 0
61600, 2207986, 0, 0, 0
61700, 2425227, 0, 0, 0
61800, 2031281, 0, 0, 0
61900, 1766610, 0, 0, 0
62000, 1773269, 0, 0, 0
62100, 2192114, 0, 0, 0
62200, 2223090, 0, 0, 0
62300, 1891717, 0, 0, 0
62400, 1824146, 0, 0, 0
62500, 2183822, 0, 0, 0
62600, 2582446, 0, 0, 0
62700, 1876206, 0, 0, 0
62800, 2748449, 0, 0, 0
62900, 1870167, 0, 0, 0
63000, 2218139, 0, 0, 0
63100, 2571534, 0, 0, 0
63200, 1831315, 0, 0, 0
63300, 1824214, 0, 0, 0
63400, 1947035, 0, 0, 0
63500, 2313031, 0, 0, 0
63600, 2257392, 0, 0, 0
63700, 2237451, 0, 0, 0
63800, 1960054, 0, 0, 0
63900, 1994327, 0, 0, 0
64000, 2540613, 0, 0, 0
64100, 3607113, 0, 0, 0
64200, 2000808, 0, 0, 0
64300, 2645921, 0, 0, 0
64400, 2669401, 0, 0, 0
64500, 2070172, 0, 0, 0
64600, 1826180, 0, 0, 0
64700, 1981180, 0, 0, 0
64800, 1980200, 0, 0, 0
64900, 2351496, 0, 0, 0
65000, 1834443, 0, 0, 0
65101, 2503108, 0, 0, 0
65200, 1810153, 0, 0, 0
65300, 2312222, 0, 0, 0
65400, 2181593, 0, 0, 0
65501, 1885489, 0, 0, 0
65600, 2314801, 0, 0, 0
65700, 2274832, 0, 0, 0
65800, 2936542, 0, 0, 0
65900, 1929679, 0, 0, 0
66000, 1932471, 0, 0, 0
66100, 1742464, 0, 0, 0
66200, 2017479, 0, 0, 0
66300, 2273372, 0, 0, 0
66400, 1682760, 0, 0, 0
66500, 1736304, 0, 0, 0
66600, 1968224, 0, 0, 0
66700, 1837417, 0, 0, 0
66800, 1710010, 0, 0, 0
66902, 2460504, 0, 0, 0
67000, 2420585, 0, 0, 0
67100, 2010106, 0, 0, 0
67204, 2436885, 0, 0, 0
67300, 2269340, 0, 0, 0
67400, 1823311, 0, 0, 0
67500, 1856286, 0, 0, 0
67600, 2499923, 0, 0, 0
67700, 2190011, 0, 0, 0
67800, 2109521, 0, 0, 0
67900, 2131202, 0, 0, 0
68000, 2037979, 0, 0, 0
68100, 1816055, 0, 0, 0
68200, 1789041, 0, 0, 0
68300, 2216355, 0, 0, 0
68400, 2114204, 0, 0, 0
68500, 1960405, 0, 0, 0
68600, 2398146, 0, 0, 0
68700, 2010729, 0, 0, 0
68800, 2011801, 0, 0, 0
68900, 2030955, 0, 0, 0
69000, 2636869, 0, 0, 0
69100, 2403544, 0, 0, 0
69200, 2756274, 0, 0, 0
69300, 2077192, 0, 0, 0
69401, 2122610, 0, 0, 0
69500, 2500004, 0, 0, 0
69600, 2033690, 0, 0, 0
69700, 1769136, 0, 0, 0
69800, 2086148, 0, 0, 0
69900, 2152645, 0, 0, 0
70000, 1888538, 0, 0, 0
70101, 2107233, 0, 0, 0
70200, 2217604, 0, 0, 0
70300, 1826176, 0, 0, 0
70400, 2041787, 0, 0, 0
70500, 1993197, 0, 0, 0
70600, 1964805, 0, 0, 0
70700, 1826137, 0, 0, 0
70800, 1901999, 0, 0, 0
70900, 1793526, 0, 0, 0
71000, 2149262, 0, 0, 0
71100, 2025091, 0, 0, 0
71200, 2461137, 0, 0, 0
71300, 2122119, 0, 0, 0
71400, 1781587, 0, 0, 0
71501, 3086557, 0, 0, 0
71600, 1843671, 0, 0, 0
71700, 2485219, 0, 0, 0
71800, 2000126, 0, 0, 0
71900, 1807012, 0, 0, 0
72000, 1896509, 0, 0, 0
72100, 2291993, 0, 0, 0
72200, 1861997, 0, 0, 0
72300, 2101432, 0, 0, 0
72400, 2813934, 0, 0, 0
72500, 2002148, 0, 0, 0
72600, 1929594, 0, 0, 0
72700, 2259550, 0, 0, 0
72800, 2064951, 0, 0, 0
72900, 1798648, 0, 0, 0
73001, 2397897, 0, 0, 0
73101, 2419387, 0, 0, 0
73200, 2245934, 0, 0, 0
73302, 1834433, 0, 0, 0
73400, 2489181, 0, 0, 0
73501, 2092928, 0, 0, 0
73600, 2261256, 0, 0, 0
73700, 2390489, 0, 0, 0
73800, 1850063, 0, 0, 0
73900, 2076188, 0, 0, 0
74000, 2424522, 0, 0, 0
74100, 1991046, 0, 0, 0
74200, 1861573, 0, 0, 0
74300, 1746685, 0, 0, 0
74400, 2540993, 0, 0, 0
74500, 2439711, 0, 0, 0
74600, 2401387, 0, 0, 0
74700, 1874649, 0, 0, 0
74800, 1692246, 0, 0, 0
74900, 1808419, 0, 0, 0
75000, 1738732, 0, 0, 0
75100, 1809910, 0, 0, 0
75200, 1592127, 0, 0, 0
75300, 1749324, 0, 0, 0
75400, 1833981, 0, 0, 0
75500, 1832295, 0, 0, 0
75600, 2122754, 0, 0, 0
75700, 2218583, 0, 0, 0
75800, 1684665, 0, 0, 0
75900, 2437738, 0, 0, 0
76000, 1836450, 0, 0, 0
76102, 1993254, 0, 0, 0
76200, 3146800, 0, 0, 0
76300, 2252714, 0, 0, 0
76401, 2355657, 0, 0, 0
76500, 2202198, 0, 0, 0
76600, 1733619, 0, 0, 0
76700, 1881689, 0, 0, 0
76800, 2163783, 0, 0, 0
76900, 1917440, 0, 0, 0
77000, 1743907, 0, 0, 0
77100, 1917952, 0, 0, 0
77200, 1901344, 0, 0, 0
77300, 1884534, 0, 0, 0
77400, 1823548, 0, 0, 0
77500, 1764641, 0, 0, 0
77600, 1893694, 0, 0, 0
77700, 2266045, 0, 0, 0
77800, 2206635, 0, 0, 0
77900, 1819779, 0, 0, 0
78000, 1679498, 0, 0, 0
78100, 2075747, 0, 0, 0
78200, 1894740, 0, 0, 0
78300, 1961137, 0, 0, 0
78400, 2192479, 0, 0, 0
78500, 2283229, 0, 0, 0
78600, 1727745, 0, 0, 0
78700, 1765345, 0, 0, 0
78800, 1798866, 0, 0, 0
78900, 1935352, 0, 0, 0
79000, 1897943, 0, 0, 0
79100, 1871918, 0, 0, 0
79200, 1905494, 0, 0, 0
79300, 2100891, 0, 0, 0
79400, 2222740, 0, 0, 0
79500, 2314798, 0, 0, 0
79601, 2418667, 0, 0, 0
79700, 1786723, 0, 0, 0
79800, 2029753, 0, 0, 0
79900, 2357736, 0, 0, 0
80000, 2229739, 0, 0, 0
80100, 1904315, 0, 0, 0
80200, 2216473, 0, 0, 0
80300, 2035896, 0, 0, 0
80400, 1945536, 0, 0, 0
80500, 1854732, 0, 0, 0
80600, 1804199, 0, 0, 0
80700, 2610919, 0, 0, 0
80800, 2402692, 0, 0, 0
80900, 2012251, 0, 0, 0
81000, 1881594, 0, 0, 0
81101, 2471010, 0, 0, 0
81204, 1899217, 0, 0, 0
81302, 3620949, 0, 0, 0
81400, 2483551, 0, 0, 0
81500, 1894146, 0, 0, 0
81600, 2411862, 0, 0, 0
81700, 3308503, 0, 0, 0
81800, 1850041, 0, 0, 0
81900, 2234833, 0, 0, 0
82000, 2319430, 0, 0, 0
82100, 2528400, 0, 0, 0
82200, 2207025, 0, 0, 0
82301, 2589614, 0, 0, 0
82400, 2091677, 0, 0, 0
82500, 2021570, 0, 0, 0
82600, 2330981, 0, 0, 0
82700, 1987404, 0, 0, 0
82800, 1729491, 0, 0, 0
82903, 2461638, 0, 0, 0
83000, 2671495, 0, 0, 0
83100, 1838384, 0, 0, 0
83200, 1876535, 0, 0, 0
83300, 2719941, 0, 0, 0
83400, 2634739, 0, 0, 0
83502, 1921052, 0, 0, 0
83600, 1944681, 0, 0, 0
83700, 1997613, 0, 0, 0
83800, 2595956, 0, 0, 0
83901, 2499982, 0, 0, 0
84000, 1842770, 0, 0, 0
84100, 1798756, 0, 0, 0
84200, 1864492, 0, 0, 0
84300, 2263041, 0, 0, 0
84400, 1704391, 0, 0, 0
84500, 1805624, 0, 0, 0
84601, 1997183, 0, 0, 0
84700, 2358917, 0, 0, 0
84801, 1642570, 0, 0, 0
84900, 2330133, 0, 0, 0
85000, 2294423, 0, 0, 0
85100, 2166231, 0, 0, 0
85200, 1861885, 0, 0, 0
85301, 2133956, 0, 0, 0
85400, 2138547, 0, 0, 0
85500, 1880219, 0, 0, 0
85600, 1716677, 0, 0, 0
85700, 2526831, 0, 0, 0
85800, 2256197, 0, 0, 0
85900, 1846396, 0, 0, 0
86000, 1681271, 0, 0, 0
86100, 2743189, 0, 0, 0
86282, 2031745, 0, 0, 0
86300, 8994713, 0, 0, 0
86400, 1733624, 0, 0, 0
86500, 1636558, 0, 0, 0
86600, 2040630, 0, 0, 0
86700, 2056172, 0, 0, 0
86800, 1870982, 0, 0, 0
86900, 1829736, 0, 0, 0
87000, 1978671, 0, 0, 0
87153, 3469230, 0, 0, 0
87200, 98831077, 0, 0, 0
87325, 3759361, 0, 0, 0
87449, 8916882, 0, 0, 0
87500, 4197187, 0, 0, 0
87609, 3090358, 0, 0, 0
87732, 3183716, 0, 0, 0
87800, 2457893, 0, 0, 0
87900, 1854149, 0, 0, 0
88000, 1570110, 0, 0, 0
88100, 1701135, 0, 0, 0
88200, 2832339, 0, 0, 0
88300, 2014393, 0, 0, 0
88400, 2480649, 0, 0, 0
88500, 2032973, 0, 0, 0
88600, 1847237, 0, 0, 0
88700, 3427673, 0, 0, 0
88800, 2492291, 0, 0, 0
88900, 2147322, 0, 0, 0
89000, 2141454, 0, 0, 0
89101, 1677017, 0, 0, 0
89200, 2387366, 0, 0, 0
89300, 2539256, 0, 0, 0
89401, 2738736, 0, 0, 0
89501, 2358087, 0, 0, 0
89600, 2349303, 0, 0, 0
89702, 2243942, 0, 0, 0
89800, 2075212, 0, 0, 0
89900, 3267547, 0, 0, 0
90000, 2512958, 0, 0, 0
90001, 3007514, 0, 0, 0
