102, 8986730, 0, 0, 0
106, 17780694, 1, 0, 0
201, 18366472, 1, 0, 0
203, 9105099, 0, 0, 0
300, 20735781, 1, 0, 0
306, 12666321, 0, 0, 0
400, 9552274, 0, 0, 0
403, 17482234, 1, 0, 0
501, 20138620, 1, 0, 0
501, 15282730, 0, 0, 0
601, 20230366, 1, 0, 0
604, 16144135, 0, 0, 0
700, 19971575, 1, 0, 0
701, 9621638, 0, 0, 0
800, 21605374, 1, 0, 0
801, 6760836, 0, 0, 0
901, 22225619, 1, 0, 0
921, 9938981, 0, 0, 0
1000, 23305821, 1, 0, 0
1000, 13494786, 0, 0, 0
1100, 21480217, 1, 0, 0
1103, 6189666, 0, 0, 0
1200, 13560938, 1, 0, 0
1203, 11806659, 0, 0, 0
1301, 15866201, 1, 0, 0
1302, 7413644, 0, 0, 0
1401, 18869517, 1, 0, 0
1402, 4974570, 0, 0, 0
1500, 11567237, 0, 0, 0
1500, 18191785, 1, 0, 0
1601, 23659406, 1, 0, 0
1601, 12711854, 0, 0, 0
1700, 21030180, 1, 0, 0
1700, 11970323, 0, 0, 0
1800, 18686190, 1, 0, 0
1800, 8948834, 0, 0, 0
1900, 18671224, 1, 0, 0
1915, 9714759, 0, 0, 0
2000, 19609724, 1, 0, 0
2006, 11547029, 0, 0, 0
2100, 20634729, 1, 0, 0
2102, 10393084, 0, 0, 0
2200, 12668214, 0, 0, 0
2204, 17657413, 1, 0, 0
2301, 20893887, 1, 0, 0
2302, 14697393, 0, 0, 0
2400, 7646263, 0, 0, 0
2402, 18758646, 1, 0, 0
2500, 18384980, 1, 0, 0
2502, 12828515, 0, 0, 0
2600, 20208063, 1, 0, 0
2602, 11239091, 0, 0, 0
2702, 21762928, 1, 0, 0
2705, 9368991, 0, 0, 0
2800, 24495104, 1, 0, 0
2807, 10798678, 0, 0, 0
2902, 14199553, 0, 0, 0
2903, 20575484, 1, 0, 0
3000, 19774036, 1, 0, 0
3008, 11788558, 0, 0, 0
3101, 20394470, 1, 0, 0
3110, 11523937, 0, 0, 0
3200, 15914552, 0, 0, 0
3202, 18842034, 1, 0, 0
3300, 19975784, 1, 0, 0
3310, 6949439, 0, 0, 0
3400, 6828550, 0, 0, 0
3403, 24710970, 1, 0, 0
3500, 9954993, 0, 0, 0
3502, 19519932, 1, 0, 0
3600, 18060158, 1, 0, 0
3610, 10706645, 0, 0, 0
3701, 12990294, 0, 0, 0
3706, 23201868, 1, 0, 0
3801, 24698325, 1, 0, 0
3802, 9011711, 0, 0, 0
3900, 17510909, 1, 0, 0
3901, 13164602, 0, 0, 0
4000, 17096165, 1, 0, 0
4006, 8246618, 0, 0, 0
4100, 20416124, 1, 0, 0
4101, 14347323, 0, 0, 0
4200, 12637754, 0, 0, 0
4202, 19365450, 1, 0, 0
4301, 20256053, 1, 0, 0
4304, 8152770, 0, 0, 0
4401, 19712564, 1, 0, 0
4402, 9596849, 0, 0, 0
4500, 19200185, 1, 0, 0
4500, 13695873, 0, 0, 0
4600, 19017184, 1, 0, 0
4605, 12023381, 0, 0, 0
4700, 17369377, 0, 0, 0
4701, 21985999, 1, 0, 0
4804, 20205325, 1, 0, 0
4805, 10012990, 0, 0, 0
4901, 21983331, 1, 0, 0
4907, 9202525, 0, 0, 0
5000, 9766578, 0, 0, 0
5000, 18645081, 1, 0, 0
5101, 10654087, 0, 0, 0
5105, 17870198, 1, 0, 0
5200, 22521921, 1, 0, 0
5203, 16392737, 0, 0, 0
5300, 15760209, 1, 0, 0
5313, 14654372, 0, 0, 0
5400, 11622317, 0, 0, 0
5402, 22350851, 1, 0, 0
5500, 20476338, 0, 0, 0
5500, 28163621, 1, 0, 0
5600, 21870657, 1, 0, 0
5600, 12063641, 0, 0, 0
5700, 19646089, 0, 0, 0
5704, 18529735, 1, 0, 0
5800, 19356918, 1, 0, 0
5802, 12432018, 0, 0, 0
5901, 20530547, 1, 0, 0
5904, 15098207, 0, 0, 0
6001, 24587759, 1, 0, 0
6002, 7940925, 0, 0, 0
6100, 17594193, 1, 0, 0
6104, 12560125, 0, 0, 0
6209, 20735751, 1, 0, 0
6209, 12280721, 0, 0, 0
6300, 20577884, 1, 0, 0
6309, 9789247, 0, 0, 0
6400, 21078029, 1, 0, 0
6401, 10372557, 0, 0, 0
6502, 9695666, 0, 0, 0
6513, 19823484, 1, 0, 0
6600, 21479710, 1, 0, 0
6601, 11637458, 0, 0, 0
6700, 18373401, 1, 0, 0
6704, 9366469, 0, 0, 0
6800, 21072718, 1, 0, 0
6805, 11355419, 0, 0, 0
6901, 18109523, 1, 0, 0
6905, 10449330, 0, 0, 0
7000, 25417193, 1, 0, 0
7002, 9271296, 0, 0, 0
7103, 19356837, 1, 0, 0
7117, 11968309, 0, 0, 0
7200, 18139493, 1, 0, 0
7202, 10702789, 0, 0, 0
7300, 10367420, 0, 0, 0
7306, 17001501, 1, 0, 0
7402, 12715447, 0, 0, 0
7404, 19422193, 1, 0, 0
7500, 10930289, 0, 0, 0
7500, 21658830, 1, 0, 0
7601, 18174279, 1, 0, 0
7608, 10484032, 0, 0, 0
7701, 19313508, 1, 0, 0
7702, 9859467, 0, 0, 0
7801, 18110206, 1, 0, 0
7803, 10560898, 0, 0, 0
7902, 19966197, 1, 0, 0
7903, 14607309, 0, 0, 0
8000, 23014594, 1, 0, 0
8000, 11072313, 0, 0, 0
8102, 22940112, 1, 0, 0
8105, 13268012, 0, 0, 0
8202, 10831876, 0, 0, 0
8202, 19138416, 1, 0, 0
8302, 26721467, 1, 0, 0
8302, 12371860, 0, 0, 0
8401, 9701342, 0, 0, 0
8402, 20427375, 1, 0, 0
8500, 9328026, 0, 0, 0
8502, 18162367, 1, 0, 0
8600, 9596027, 0, 0, 0
8601, 17863502, 1, 0, 0
8701, 21405625, 1, 0, 0
8714, 9159821, 0, 0, 0
8800, 18400586, 1, 0, 0
8800, 9799933, 0, 0, 0
8900, 19472659, 1, 0, 0
8908, 8044555, 0, 0, 0
9000, 21327777, 1, 0, 0
9000, 13162309, 0, 0, 0
9100, 9688630, 0, 0, 0
9102, 18523274, 1, 0, 0
9202, 22620041, 1, 0, 0
9205, 10820171, 0, 0, 0
9300, 21639967, 1, 0, 0
9304, 11803717, 0, 0, 0
9400, 20680081, 1, 0, 0
9403, 9553571, 0, 0, 0
9500, 9302350, 0, 0, 0
9502, 18297896, 1, 0, 0
9600, 19889622, 1, 0, 0
9604, 8675439, 0, 0, 0
9704, 20755374, 1, 0, 0
9705, 12264746, 0, 0, 0
9801, 20084535, 1, 0, 0
9804, 11297188, 0, 0, 0
9900, 21216125, 1, 0, 0
9900, 9275660, 0, 0, 0
10005, 20494726, 1, 0, 0
10014, 9034030, 0, 0, 0
10101, 21656073, 1, 0, 0
10106, 12071358, 0, 0, 0
10202, 19473424, 1, 0, 0
10202, 10374311, 0, 0, 0
10300, 18930482, 1, 0, 0
10303, 11513938, 0, 0, 0
10400, 11830685, 0, 0, 0
10402, 19354656, 1, 0, 0
10500, 18827444, 1, 0, 0
10500, 9818588, 0, 0, 0
10602, 18552712, 1, 0, 0
10613, 11861687, 0, 0, 0
10700, 18752044, 1, 0, 0
10701, 9884278, 0, 0, 0
10801, 14878994, 0, 0, 0
10803, 18753420, 1, 0, 0
10901, 12778795, 0, 0, 0
10904, 18120132, 1, 0, 0
11002, 9236521, 0, 0, 0
11004, 19468109, 1, 0, 0
11101, 10206288, 0, 0, 0
11102, 19196624, 1, 0, 0
11200, 18455163, 1, 0, 0
11203, 9992398, 0, 0, 0
11302, 26920172, 1, 0, 0
11302, 9472759, 0, 0, 0
11401, 15209138, 0, 0, 0
11403, 18252920, 1, 0, 0
11500, 24303046, 1, 0, 0
11502, 7958755, 0, 0, 0
11601, 12089139, 0, 0, 0
11601, 18364933, 1, 0, 0
11701, 21400661, 1, 0, 0
11706, 10124782, 0, 0, 0
11800, 18803959, 0, 0, 0
11803, 22316846, 1, 0, 0
11902, 19459564, 1, 0, 0
11902, 10392644, 0, 0, 0
12000, 19226237, 1, 0, 0
12005, 11554105, 0, 0, 0
12100, 15856968, 1, 0, 0
12101, 10942058, 0, 0, 0
12201, 19321437, 1, 0, 0
12206, 14632440, 0, 0, 0
12300, 18954405, 0, 0, 0
12303, 21647502, 1, 0, 0
12401, 17603530, 1, 0, 0
12407, 12965576, 0, 0, 0
12500, 21284192, 1, 0, 0
12502, 13413051, 0, 0, 0
12603, 21073831, 1, 0, 0
12615, 13053203, 0, 0, 0
12700, 18188778, 1, 0, 0
12700, 13202055, 0, 0, 0
12800, 18412233, 1, 0, 0
12805, 10544564, 0, 0, 0
12902, 12028316, 0, 0, 0
12904, 15945402, 1, 0, 0
13000, 20221713, 1, 0, 0
13001, 13543967, 0, 0, 0
13101, 13500940, 1, 0, 0
13109, 8712879, 0, 0, 0
13201, 23481759, 1, 0, 0
13210, 14851884, 0, 0, 0
13301, 18052505, 0, 0, 0
13306, 19108827, 1, 0, 0
13400, 26951013, 1, 0, 0
13402, 9834229, 0, 0, 0
13500, 16272358, 1, 0, 0
13507, 14432207, 0, 0, 0
13600, 22959526, 1, 0, 0
13600, 15959341, 0, 0, 0
13701, 21069403, 1, 0, 0
13706, 11849388, 0, 0, 0
13824, 10135337, 0, 0, 0
13841, 23795742, 1, 0, 0
13900, 65478665, 1, 0, 0
13915, 21262367, 0, 0, 0
14001, 21912953, 0, 0, 0
14011, 50889625, 1, 0, 0
14104, 11307824, 0, 0, 0
14107, 25826802, 1, 0, 0
14200, 9159561, 0, 0, 0
14201, 19109548, 1, 0, 0
14300, 19834076, 1, 0, 0
14301, 8794297, 0, 0, 0
14400, 18988628, 1, 0, 0
14401, 15911119, 0, 0, 0
14500, 13703303, 0, 0, 0
14500, 17593061, 1, 0, 0
14601, 19013512, 1, 0, 0
14608, 10697212, 0, 0, 0
14700, 22858926, 1, 0, 0
14704, 10770950, 0, 0, 0
14800, 8962752, 0, 0, 0
14801, 20680526, 1, 0, 0
14903, 18901282, 1, 0, 0
14905, 10488752, 0, 0, 0
15000, 22487034, 1, 0, 0
15008, 9821066, 0, 0, 0
15102, 19705571, 1, 0, 0
15104, 7532144, 0, 0, 0
15200, 13104040, 0, 0, 0
15202, 23092747, 1, 0, 0
15302, 12912041, 0, 0, 0
15308, 18004104, 1, 0, 0
15402, 20858180, 1, 0, 0
15402, 13916469, 0, 0, 0
15503, 16593096, 1, 0, 0
15503, 10434700, 0, 0, 0
15602, 11504817, 0, 0, 0
15604, 18552204, 1, 0, 0
15702, 18440994, 1, 0, 0
15704, 15654327, 0, 0, 0
15800, 11526314, 0, 0, 0
15802, 18075869, 1, 0, 0
15986, 25473418, 0, 0, 0
15999, 24956777, 1, 0, 0
16000, 158946989, 1, 0, 0
16019, 13935105, 0, 0, 0
16119, 17209261, 0, 0, 0
16144, 130259910, 1, 0, 0
16221, 164699962, 1, 0, 0
16224, 49225889, 0, 0, 0
16322, 156924620, 1, 0, 0
16330, 89586972, 0, 0, 0
16401, 56385488, 1, 0, 0
16404, 14962358, 0, 0, 0
16501, 36853127, 1, 0, 0
16512, 22683857, 0, 0, 0
16600, 17776620, 0, 0, 0
16600, 21918842, 1, 0, 0
16702, 8923959, 0, 0, 0
16704, 16849996, 1, 0, 0
16800, 18129417, 1, 0, 0
16801, 11719874, 0, 0, 0
16901, 18336104, 1, 0, 0
16906, 10301875, 0, 0, 0
17001, 14838748, 0, 0, 0
17001, 20812638, 1, 0, 0
17101, 23009862, 1, 0, 0
17101, 15445738, 0, 0, 0
17200, 18292807, 1, 0, 0
17205, 15048136, 0, 0, 0
17300, 18391494, 1, 0, 0
17308, 7628239, 0, 0, 0
17402, 23157398, 1, 0, 0
17403, 13796106, 0, 0, 0
17524, 14253172, 0, 0, 0
17525, 19868972, 1, 0, 0
17600, 21412704, 1, 0, 0
17601, 11479952, 0, 0, 0
17702, 21888050, 1, 0, 0
17714, 12182011, 0, 0, 0
17800, 21767202, 1, 0, 0
17802, 14160096, 0, 0, 0
17901, 18625327, 1, 0, 0
17902, 9040488, 0, 0, 0
18000, 14714826, 0, 0, 0
18002, 18750532, 1, 0, 0
18100, 19907986, 1, 0, 0
18103, 14165768, 0, 0, 0
18200, 20819358, 1, 0, 0
18201, 11635060, 0, 0, 0
18302, 18661324, 1, 0, 0
18313, 9694322, 0, 0, 0
18403, 13628347, 0, 0, 0
18403, 18521806, 1, 0, 0
18502, 20962845, 1, 0, 0
18502, 10237207, 0, 0, 0
18601, 17010181, 1, 0, 0
18602, 10056310, 0, 0, 0
18701, 27411506, 1, 0, 0
18703, 14890537, 0, 0, 0
18800, 8598717, 0, 0, 0
18803, 19376730, 1, 0, 0
18904, 29467045, 1, 0, 0
18905, 17743230, 0, 0, 0
19002, 11364244, 0, 0, 0
19003, 22364604, 1, 0, 0
19100, 22085003, 1, 0, 0
19103, 8111179, 0, 0, 0
19201, 18616925, 1, 0, 0
19202, 12184412, 0, 0, 0
19302, 10450966, 0, 0, 0
19305, 18708977, 1, 0, 0
19400, 13016196, 0, 0, 0
19401, 27080491, 1, 0, 0
19501, 23057884, 1, 0, 0
19504, 11671495, 0, 0, 0
19600, 22072571, 1, 0, 0
19600, 10367628, 0, 0, 0
19701, 20743937, 1, 0, 0
19708, 9874655, 0, 0, 0
19801, 17763666, 1, 0, 0
19804, 14351415, 0, 0, 0
19900, 30051125, 1, 0, 0
19900, 15215170, 0, 0, 0
20000, 21348065, 1, 0, 0
20003, 10526580, 0, 0, 0
20101, 11279040, 0, 0, 0
20103, 21866689, 1, 0, 0
20200, 20226821, 1, 0, 0
20204, 10227152, 0, 0, 0
20312, 21498339, 1, 0, 0
20315, 14284606, 0, 0, 0
20402, 23683230, 1, 0, 0
20405, 15919868, 0, 0, 0
20500, 20489919, 1, 0, 0
20502, 9881349, 0, 0, 0
20600, 18541328, 1, 0, 0
20600, 13072591, 0, 0, 0
20700, 23309083, 1, 0, 0
20701, 14123279, 0, 0, 0
20800, 56620399, 1, 0, 0
20805, 21314994, 0, 0, 0
20905, 21567020, 1, 0, 0
20908, 7886026, 0, 0, 0
21001, 26423477, 1, 0, 0
21024, 21400601, 0, 0, 0
21112, 48742301, 0, 0, 0
21113, 56464880, 1, 0, 0
21203, 48884004, 1, 0, 0
21204, 12497659, 0, 0, 0
21300, 28869748, 1, 0, 0
21307, 10493647, 0, 0, 0
21400, 23375479, 1, 0, 0
21406, 13249383, 0, 0, 0
21501, 12643355, 0, 0, 0
21502, 22322735, 1, 0, 0
21600, 18880588, 1, 0, 0
21603, 12485929, 0, 0, 0
21700, 11238781, 0, 0, 0
21700, 20264060, 1, 0, 0
21800, 21140456, 1, 0, 0
21802, 8615137, 0, 0, 0
21900, 19487458, 1, 0, 0
21901, 9925400, 0, 0, 0
22000, 9795145, 0, 0, 0
22000, 17462087, 1, 0, 0
22101, 20928685, 1, 0, 0
22101, 9281984, 0, 0, 0
22200, 18754945, 1, 0, 0
22200, 11563538, 0, 0, 0
22300, 15248788, 1, 0, 0
22301, 9521302, 0, 0, 0
22400, 17788963, 1, 0, 0
22400, 27251173, 0, 0, 0
22500, 23304093, 1, 0, 0
22504, 6444982, 0, 0, 0
22600, 21481084, 1, 0, 0
22605, 9604464, 0, 0, 0
22702, 20796449, 1, 0, 0
22702, 6413223, 0, 0, 0
22800, 20554391, 1, 0, 0
22805, 11602068, 0, 0, 0
22900, 10151066, 0, 0, 0
22900, 23457082, 1, 0, 0
23000, 20710717, 1, 0, 0
23001, 11071851, 0, 0, 0
23101, 20590512, 1, 0, 0
23102, 8768017, 0, 0, 0
23200, 12737432, 0, 0, 0
23202, 23920593, 1, 0, 0
23302, 17080656, 0, 0, 0
23304, 22538948, 1, 0, 0
23402, 25150777, 1, 0, 0
23405, 16466852, 0, 0, 0
23501, 30854034, 1, 0, 0
23501, 5281812, 0, 0, 0
23600, 23985521, 1, 0, 0
23604, 10570960, 0, 0, 0
23700, 12063172, 0, 0, 0
23700, 20213483, 1, 0, 0
23802, 20148263, 1, 0, 0
23805, 17202796, 0, 0, 0
23900, 24769353, 1, 0, 0
23900, 10941040, 0, 0, 0
24000, 20576378, 1, 0, 0
24001, 9217442, 0, 0, 0
24100, 21572461, 1, 0, 0
24109, 11493619, 0, 0, 0
24200, 8762882, 0, 0, 0
24203, 23377746, 1, 0, 0
24300, 22111591, 1, 0, 0
24300, 13503441, 0, 0, 0
24401, 20176383, 1, 0, 0
24404, 14155653, 0, 0, 0
24501, 24043076, 1, 0, 0
24501, 11289189, 0, 0, 0
24601, 22571165, 1, 0, 0
24603, 7190334, 0, 0, 0
24700, 23219715, 1, 0, 0
24704, 11611371, 0, 0, 0
24800, 19299247, 1, 0, 0
24805, 17766546, 0, 0, 0
24910, 17895862, 1, 0, 0
24911, 18359469, 0, 0, 0
25000, 7474589, 0, 0, 0
25001, 27268420, 1, 0, 0
25100, 26613905, 1, 0, 0
25115, 16623973, 0, 0, 0
25203, 20102264, 1, 0, 0
25223, 18415489, 0, 0, 0
25301, 26739300, 1, 0, 0
25313, 21292198, 0, 0, 0
25401, 10101449, 0, 0, 0
25401, 36811783, 1, 0, 0
25505, 11918309, 0, 0, 0
25507, 27099240, 1, 0, 0
25600, 22723249, 1, 0, 0
25600, 10693339, 0, 0, 0
25702, 19703923, 1, 0, 0
25707, 15877060, 0, 0, 0
25807, 12651535, 0, 0, 0
25808, 26032099, 1, 0, 0
25901, 12941639, 0, 0, 0
25901, 26835386, 1, 0, 0
26000, 17633982, 1, 0, 0
26001, 10826775, 0, 0, 0
26100, 36087898, 1, 0, 0
26103, 85382220, 0, 0, 0
26200, 23379811, 1, 0, 0
26201, 8597749, 0, 0, 0
26301, 21574110, 1, 0, 0
26303, 9873747, 0, 0, 0
26400, 23534878, 1, 0, 0
26403, 14846351, 0, 0, 0
26502, 10426683, 0, 0, 0
26503, 20509285, 1, 0, 0
26601, 8273961, 0, 0, 0
26602, 22541696, 1, 0, 0
26700, 18026151, 1, 0, 0
26714, 10276959, 0, 0, 0
26800, 17452603, 0, 0, 0
26801, 19100588, 1, 0, 0
26905, 22646270, 1, 0, 0
26909, 12146910, 0, 0, 0
27001, 11693461, 0, 0, 0
27003, 19844823, 1, 0, 0
27101, 10330691, 0, 0, 0
27105, 19603083, 1, 0, 0
27201, 17886642, 0, 0, 0
27203, 17516370, 1, 0, 0
27300, 19787280, 1, 0, 0
27303, 8853288, 0, 0, 0
27400, 19142357, 1, 0, 0
27412, 9508547, 0, 0, 0
27500, 20695382, 1, 0, 0
27503, 10863744, 0, 0, 0
27601, 19473485, 1, 0, 0
27610, 10198327, 0, 0, 0
27702, 19413784, 1, 0, 0
27706, 11214143, 0, 0, 0
27800, 18057637, 1, 0, 0
27803, 10148360, 0, 0, 0
27900, 12382639, 0, 0, 0
27900, 18501092, 1, 0, 0
28002, 17252098, 1, 0, 0
28014, 9489950, 0, 0, 0
28102, 19398728, 1, 0, 0
28108, 13171605, 0, 0, 0
28201, 13523309, 0, 0, 0
28201, 16273589, 1, 0, 0
28300, 17054872, 1, 0, 0
28303, 5771200, 0, 0, 0
28400, 17094384, 1, 0, 0
28401, 24994927, 0, 0, 0
28501, 24079592, 1, 0, 0
28504, 6848837, 0, 0, 0
28600, 21792080, 1, 0, 0
28608, 10130367, 0, 0, 0
28700, 19281838, 1, 0, 0
28711, 10855550, 0, 0, 0
28803, 12129042, 0, 0, 0
28811, 17081374, 1, 0, 0
28901, 10030130, 0, 0, 0
28905, 19670306, 1, 0, 0
29000, 21198965, 1, 0, 0
29004, 9985329, 0, 0, 0
29101, 20158408, 1, 0, 0
29104, 6714932, 0, 0, 0
29200, 23966972, 1, 0, 0
29207, 11972237, 0, 0, 0
29300, 30935368, 1, 0, 0
29306, 13099726, 0, 0, 0
29401, 10595420, 0, 0, 0
29402, 15451680, 1, 0, 0
29502, 18909314, 1, 0, 0
29503, 10111196, 0, 0, 0
29600, 20056860, 1, 0, 0
29602, 14239990, 0, 0, 0
29702, 19246601, 1, 0, 0
29708, 13920148, 0, 0, 0
29800, 14938945, 0, 0, 0
29802, 20118035, 1, 0, 0
29901, 10461766, 0, 0, 0
29902, 21305617, 1, 0, 0
30000, 22012070, 1, 0, 0
30001, 9718086, 0, 0, 0
30100, 16180290, 1, 0, 0
30101, 14320041, 0, 0, 0
30201, 17972640, 1, 0, 0
30202, 15462808, 0, 0, 0
30301, 19499961, 1, 0, 0
30302, 9151237, 0, 0, 0
30493, 24106633, 1, 0, 0
30504, 13871560, 0, 0, 0
30504, 129759254, 1, 0, 0
30610, 17430197, 0, 0, 0
30632, 46336162, 1, 0, 0
30700, 17807941, 0, 0, 0
30702, 78216078, 1, 0, 0
30800, 28970076, 1, 0, 0
30805, 15522909, 0, 0, 0
30901, 9401775, 0, 0, 0
30902, 21761966, 1, 0, 0
31002, 9559523, 0, 0, 0
31002, 17030833, 1, 0, 0
31100, 18095041, 1, 0, 0
31101, 11194182, 0, 0, 0
31200, 14960857, 1, 0, 0
31201, 12618054, 0, 0, 0
31301, 17596469, 1, 0, 0
31301, 15091666, 0, 0, 0
31400, 15347952, 1, 0, 0
31413, 19967460, 0, 0, 0
31500, 21425658, 1, 0, 0
31509, 7983698, 0, 0, 0
31600, 18560381, 1, 0, 0
31609, 13772656, 0, 0, 0
31701, 21905037, 0, 0, 0
31701, 16373858, 1, 0, 0
31800, 21030891, 1, 0, 0
31805, 7759867, 0, 0, 0
31900, 20363067, 1, 0, 0
31906, 11993388, 0, 0, 0
32001, 9564076, 0, 0, 0
32003, 18151434, 1, 0, 0
32100, 20850830, 1, 0, 0
32104, 12170878, 0, 0, 0
32200, 19476499, 1, 0, 0
32203, 9317025, 0, 0, 0
32300, 11366756, 0, 0, 0
32301, 19005866, 1, 0, 0
32400, 17077409, 1, 0, 0
32406, 9042767, 0, 0, 0
32500, 18563781, 1, 0, 0
32502, 14019767, 0, 0, 0
32600, 20085706, 1, 0, 0
32603, 10293072, 0, 0, 0
32704, 24808976, 1, 0, 0
32709, 13218317, 0, 0, 0
32800, 18312706, 1, 0, 0
32808, 7333281, 0, 0, 0
32913, 21092058, 1, 0, 0
32914, 13312799, 0, 0, 0
33000, 8703832, 0, 0, 0
33003, 26754949, 1, 0, 0
33100, 18727016, 1, 0, 0
33101, 10632425, 0, 0, 0
33200, 11463924, 0, 0, 0
33202, 18810065, 1, 0, 0
33300, 10806486, 0, 0, 0
33303, 22727480, 1, 0, 0
33401, 9180963, 0, 0, 0
33408, 18585056, 1, 0, 0
33500, 11433900, 0, 0, 0
33502, 20900331, 1, 0, 0
33600, 18814116, 1, 0, 0
33604, 9421239, 0, 0, 0
33702, 8801445, 0, 0, 0
33707, 22144461, 1, 0, 0
33801, 12825051, 0, 0, 0
33802, 17591599, 1, 0, 0
33902, 20039873, 1, 0, 0
33911, 8747694, 0, 0, 0
34001, 13894278, 0, 0, 0
34002, 23408736, 1, 0, 0
34101, 19917883, 1, 0, 0
34106, 10800886, 0, 0, 0
34203, 20789498, 1, 0, 0
34205, 10742581, 0, 0, 0
34300, 21227335, 1, 0, 0
34311, 11872234, 0, 0, 0
34400, 19350196, 1, 0, 0
34400, 11388098, 0, 0, 0
34502, 10182119, 0, 0, 0
34503, 18627072, 1, 0, 0
34600, 21862776, 1, 0, 0
34602, 11072397, 0, 0, 0
34700, 11255283, 0, 0, 0
34701, 18515101, 1, 0, 0
34800, 23130669, 1, 0, 0
34801, 9215883, 0, 0, 0
34902, 20556415, 1, 0, 0
34903, 9445904, 0, 0, 0
35000, 17757053, 1, 0, 0
35006, 14292362, 0, 0, 0
35100, 20489496, 1, 0, 0
35102, 9144725, 0, 0, 0
35201, 17822696, 0, 0, 0
35205, 19234412, 1, 0, 0
35300, 17431197, 1, 0, 0
35300, 11041805, 0, 0, 0
35402, 23685389, 1, 0, 0
35406, 14396478, 0, 0, 0
35500, 26053532, 1, 0, 0
35501, 11112253, 0, 0, 0
35600, 9056007, 0, 0, 0
35601, 17011959, 1, 0, 0
35703, 17726814, 1, 0, 0
35709, 13387036, 0, 0, 0
35802, 20747413, 0, 0, 0
35802, 20153562, 1, 0, 0
35901, 15261057, 0, 0, 0
35902, 22831655, 1, 0, 0
36000, 28854368, 1, 0, 0
36011, 18288860, 0, 0, 0
36100, 18610400, 1, 0, 0
36102, 14735782, 0, 0, 0
36200, 21041660, 1, 0, 0
36203, 12645921, 0, 0, 0
36300, 20716684, 1, 0, 0
36302, 8768969, 0, 0, 0
36400, 26404222, 1, 0, 0
36403, 7562018, 0, 0, 0
36500, 21016815, 1, 0, 0
36502, 15715300, 0, 0, 0
36601, 20425690, 1, 0, 0
36601, 6292256, 0, 0, 0
36710, 21684181, 1, 0, 0
36722, 9907022, 0, 0, 0
36800, 12627609, 0, 0, 0
36808, 23986686, 1, 0, 0
36900, 22194659, 1, 0, 0
36903, 12783427, 0, 0, 0
37002, 21517107, 1, 0, 0
37003, 13929716, 0, 0, 0
37100, 11522958, 0, 0, 0
37102, 21565260, 1, 0, 0
37200, 16694476, 1, 0, 0
37203, 12679126, 0, 0, 0
37301, 17968641, 1, 0, 0
37305, 16027571, 0, 0, 0
37400, 16675767, 1, 0, 0
37400, 16584068, 0, 0, 0
37502, 19802363, 1, 0, 0
37504, 16641383, 0, 0, 0
37600, 22303286, 1, 0, 0
37602, 10853898, 0, 0, 0
37700, 22358281, 1, 0, 0
37703, 14704474, 0, 0, 0
37800, 9448998, 0, 0, 0
37801, 17906321, 1, 0, 0
37900, 19299234, 1, 0, 0
37904, 14737550, 0, 0, 0
38000, 16619000, 0, 0, 0
38001, 18816814, 1, 0, 0
38101, 10886955, 0, 0, 0
38102, 17980104, 1, 0, 0
38200, 17692872, 1, 0, 0
38203, 12305560, 0, 0, 0
38300, 7490491, 0, 0, 0
38301, 20246168, 1, 0, 0
38402, 7826318, 0, 0, 0
38403, 20352697, 1, 0, 0
38502, 23727480, 1, 0, 0
38509, 9985844, 0, 0, 0
38600, 16885133, 1, 0, 0
38602, 9095296, 0, 0, 0
38700, 23006238, 1, 0, 0
38704, 12453835, 0, 0, 0
38800, 12132991, 0, 0, 0
38800, 18838506, 1, 0, 0
38900, 13899736, 0, 0, 0
38903, 19328945, 1, 0, 0
39000, 13937813, 0, 0, 0
39004, 23140672, 1, 0, 0
39101, 12845469, 0, 0, 0
39107, 22266291, 1, 0, 0
39200, 21602170, 1, 0, 0
39205, 9825835, 0, 0, 0
39301, 21074553, 1, 0, 0
39306, 11161050, 0, 0, 0
39400, 12410981, 0, 0, 0
39400, 17720807, 1, 0, 0
39501, 20082938, 1, 0, 0
39502, 11108328, 0, 0, 0
39602, 11162884, 0, 0, 0
39605, 20829054, 1, 0, 0
39700, 24229023, 1, 0, 0
39700, 26244168, 0, 0, 0
39801, 11148590, 0, 0, 0
39802, 17699046, 1, 0, 0
39902, 15080962, 0, 0, 0
39902, 19380808, 1, 0, 0
40001, 21487314, 1, 0, 0
40002, 14383165, 0, 0, 0
40101, 17349429, 1, 0, 0
40111, 13519751, 0, 0, 0
40202, 20091110, 1, 0, 0
40206, 16586531, 0, 0, 0
40300, 17311578, 1, 0, 0
40305, 9165636, 0, 0, 0
40400, 19234689, 1, 0, 0
40408, 12376331, 0, 0, 0
40500, 11820845, 0, 0, 0
40504, 21426620, 1, 0, 0
40602, 19453306, 1, 0, 0
40604, 13211068, 0, 0, 0
40700, 19592936, 1, 0, 0
40708, 10561707, 0, 0, 0
40800, 19582861, 1, 0, 0
40801, 11780017, 0, 0, 0
40900, 12548650, 0, 0, 0
40902, 17949728, 1, 0, 0
41000, 26145016, 1, 0, 0
41002, 11527551, 0, 0, 0
41100, 13114564, 0, 0, 0
41101, 17160636, 1, 0, 0
41200, 17587983, 0, 0, 0
41203, 17320760, 1, 0, 0
41319, 19973972, 1, 0, 0
41344, 17886143, 0, 0, 0
41400, 39561227, 1, 0, 0
41408, 30756613, 0, 0, 0
41500, 21108760, 0, 0, 0
41501, 24823354, 1, 0, 0
41601, 14118529, 0, 0, 0
41601, 22511791, 1, 0, 0
41701, 24031077, 1, 0, 0
41705, 12868531, 0, 0, 0
41804, 25854524, 1, 0, 0
41812, 18041291, 0, 0, 0
41900, 21100439, 1, 0, 0
41901, 10909927, 0, 0, 0
42001, 11776384, 0, 0, 0
42002, 17498659, 1, 0, 0
42100, 21387550, 1, 0, 0
42101, 8567279, 0, 0, 0
42200, 18647460, 1, 0, 0
42200, 10595413, 0, 0, 0
42300, 18876437, 1, 0, 0
42303, 17368499, 0, 0, 0
42400, 9081738, 0, 0, 0
42400, 18299767, 1, 0, 0
42503, 17673239, 1, 0, 0
42504, 10336385, 0, 0, 0
42601, 20262097, 1, 0, 0
42601, 11354943, 0, 0, 0
42700, 21507712, 1, 0, 0
42700, 18123091, 0, 0, 0
42801, 20564241, 1, 0, 0
42802, 7800004, 0, 0, 0
42900, 25835460, 1, 0, 0
42906, 19975868, 0, 0, 0
43000, 19336443, 1, 0, 0
43001, 13505562, 0, 0, 0
43102, 18873127, 1, 0, 0
43102, 10116992, 0, 0, 0
43205, 18265350, 1, 0, 0
43206, 13017728, 0, 0, 0
43300, 9432630, 0, 0, 0
43302, 20479308, 1, 0, 0
43412, 17621567, 1, 0, 0
43416, 23315650, 0, 0, 0
43500, 31570573, 1, 0, 0
43501, 19402810, 0, 0, 0
43601, 17148376, 1, 0, 0
43604, 11363288, 0, 0, 0
43700, 13235349, 0, 0, 0
43704, 19863389, 1, 0, 0
43801, 21077442, 1, 0, 0
43806, 10397470, 0, 0, 0
43901, 8769596, 0, 0, 0
43902, 19474409, 1, 0, 0
44021, 14338927, 0, 0, 0
44060, 20670561, 1, 0, 0
44108, 162739730, 1, 0, 0
44154, 34889119, 0, 0, 0
44242, 14850172, 0, 0, 0
44245, 121718997, 1, 0, 0
44302, 6406057, 0, 0, 0
44303, 94766586, 1, 0, 0
44400, 20589869, 1, 0, 0
44404, 8724161, 0, 0, 0
44501, 10764399, 0, 0, 0
44503, 27494523, 1, 0, 0
44601, 18994170, 1, 0, 0
44602, 12553798, 0, 0, 0
44703, 20209367, 1, 0, 0
44703, 8765466, 0, 0, 0
44803, 18989583, 1, 0, 0
44803, 11963295, 0, 0, 0
44900, 18768963, 1, 0, 0
44906, 10834477, 0, 0, 0
45000, 27579661, 1, 0, 0
45001, 17099516, 0, 0, 0
45101, 21330973, 1, 0, 0
45102, 12073050, 0, 0, 0
45200, 10959065, 0, 0, 0
45201, 18396707, 1, 0, 0
45304, 19138752, 1, 0, 0
45304, 10067350, 0, 0, 0
45402, 14227819, 0, 0, 0
45403, 20785396, 1, 0, 0
45500, 20985138, 1, 0, 0
45500, 6131664, 0, 0, 0
45600, 19482747, 1, 0, 0
45615, 10255187, 0, 0, 0
45700, 20480434, 1, 0, 0
45701, 14910576, 0, 0, 0
45801, 20817173, 1, 0, 0
45802, 11912253, 0, 0, 0
45902, 23450464, 1, 0, 0
45903, 12228103, 0, 0, 0
46111, 31496191, 1, 0, 0
46121, 12229459, 0, 0, 0
46200, 14844488, 0, 0, 0
46202, 44930070, 1, 0, 0
46300, 11140940, 0, 0, 0
46300, 19420395, 1, 0, 0
46411, 19010701, 1, 0, 0
46411, 17036980, 0, 0, 0
46501, 91623316, 1, 0, 0
46502, 68781073, 0, 0, 0
46600, 40514390, 1, 0, 0
46601, 12677707, 0, 0, 0
46701, 21740836, 1, 0, 0
46702, 14219041, 0, 0, 0
46800, 16819100, 1, 0, 0
46802, 22992418, 0, 0, 0
46900, 30003973, 1, 0, 0
46900, 20985945, 0, 0, 0
47000, 15553934, 0, 0, 0
47001, 18675755, 1, 0, 0
47100, 18131510, 1, 0, 0
47102, 10993404, 0, 0, 0
47200, 19970079, 1, 0, 0
47203, 13350062, 0, 0, 0
47301, 19310810, 1, 0, 0
47307, 10209759, 0, 0, 0
47400, 25273502, 1, 0, 0
47400, 14113265, 0, 0, 0
47500, 20570236, 1, 0, 0
47504, 10622031, 0, 0, 0
47600, 17823672, 1, 0, 0
47602, 12301531, 0, 0, 0
47700, 21366349, 1, 0, 0
47703, 9120585, 0, 0, 0
47800, 21293563, 1, 0, 0
47805, 12631680, 0, 0, 0
47901, 21287759, 1, 0, 0
47902, 9911041, 0, 0, 0
48001, 19841323, 1, 0, 0
48005, 13420548, 0, 0, 0
48101, 11784440, 0, 0, 0
48101, 24047758, 1, 0, 0
48203, 20899037, 1, 0, 0
48205, 14178070, 0, 0, 0
48318, 19987691, 1, 0, 0
48339, 17074622, 0, 0, 0
48400, 10341623, 0, 0, 0
48400, 27403012, 1, 0, 0
48503, 18093999, 1, 0, 0
48509, 11551601, 0, 0, 0
48600, 19761420, 1, 0, 0
48603, 15411824, 0, 0, 0
48701, 16124920, 0, 0, 0
48701, 20691115, 1, 0, 0
48800, 16262656, 0, 0, 0
48800, 26607416, 1, 0, 0
48900, 17000388, 1, 0, 0
48903, 9149849, 0, 0, 0
49000, 24574654, 1, 0, 0
49001, 12460003, 0, 0, 0
49100, 10519780, 0, 0, 0
49112, 22692775, 1, 0, 0
49200, 15742968, 0, 0, 0
49201, 24540235, 1, 0, 0
49301, 16754253, 1, 0, 0
49302, 8028599, 0, 0, 0
49400, 30900102, 1, 0, 0
49410, 14223973, 0, 0, 0
49502, 20445028, 1, 0, 0
49502, 7118838, 0, 0, 0
49601, 11603776, 0, 0, 0
49601, 19215301, 1, 0, 0
49700, 21421792, 1, 0, 0
49705, 9453461, 0, 0, 0
49801, 11859574, 0, 0, 0
49801, 20252304, 1, 0, 0
49900, 14479406, 0, 0, 0
49900, 22182830, 1, 0, 0
50000, 18171157, 1, 0, 0
50004, 14512940, 0, 0, 0
50100, 24793737, 1, 0, 0
50102, 14699548, 0, 0, 0
50200, 10487349, 0, 0, 0
50201, 21776759, 1, 0, 0
50302, 11503596, 0, 0, 0
50304, 17118580, 1, 0, 0
50403, 23514596, 1, 0, 0
50408, 11177589, 0, 0, 0
50501, 16053295, 0, 0, 0
50501, 25135458, 1, 0, 0
50601, 24200819, 1, 0, 0
50603, 13041397, 0, 0, 0
50700, 16277991, 1, 0, 0
50702, 7555351, 0, 0, 0
50800, 7291732, 0, 0, 0
50806, 21691538, 1, 0, 0
50900, 22038573, 1, 0, 0
50903, 9299292, 0, 0, 0
51000, 15167041, 0, 0, 0
51005, 22818319, 1, 0, 0
51100, 7930988, 0, 0, 0
51102, 17214987, 1, 0, 0
51201, 21870157, 1, 0, 0
51206, 10222553, 0, 0, 0
51303, 46773590, 1, 0, 0
51316, 16631886, 0, 0, 0
51402, 8984018, 0, 0, 0
51403, 24982750, 1, 0, 0
51500, 19577788, 1, 0, 0
51500, 11746301, 0, 0, 0
51600, 21521264, 1, 0, 0
51606, 14714907, 0, 0, 0
51700, 15377556, 0, 0, 0
51703, 20732061, 1, 0, 0
51801, 12188864, 0, 0, 0
51806, 20726464, 1, 0, 0
51901, 10684981, 0, 0, 0
51904, 18985797, 1, 0, 0
52000, 20572254, 1, 0, 0
52002, 11801682, 0, 0, 0
52100, 18961992, 1, 0, 0
52103, 10591814, 0, 0, 0
52200, 24493653, 1, 0, 0
52202, 13067156, 0, 0, 0
52300, 17838352, 1, 0, 0
52308, 9644777, 0, 0, 0
52402, 20284542, 1, 0, 0
52409, 15495348, 0, 0, 0
52501, 20923555, 1, 0, 0
52501, 9741464, 0, 0, 0
52602, 22241991, 1, 0, 0
52609, 10463538, 0, 0, 0
52701, 21628701, 1, 0, 0
52702, 10857561, 0, 0, 0
52800, 9936762, 0, 0, 0
52803, 19470562, 1, 0, 0
52900, 18984893, 1, 0, 0
52904, 12268465, 0, 0, 0
53000, 26453289, 1, 0, 0
53002, 11645077, 0, 0, 0
53101, 13437820, 0, 0, 0
53103, 18733840, 1, 0, 0
53201, 10346865, 0, 0, 0
53203, 19932300, 1, 0, 0
53300, 21703258, 1, 0, 0
53301, 12644196, 0, 0, 0
53401, 18621937, 0, 0, 0
53404, 21015587, 1, 0, 0
53503, 21435728, 1, 0, 0
53505, 11060826, 0, 0, 0
53600, 12116522, 0, 0, 0
53601, 20421054, 1, 0, 0
53704, 18025333, 1, 0, 0
53706, 5659487, 0, 0, 0
53800, 28768159, 1, 0, 0
53803, 18383668, 0, 0, 0
53900, 17045561, 1, 0, 0
53900, 12501443, 0, 0, 0
54000, 18117585, 1, 0, 0
54007, 16533673, 0, 0, 0
54100, 21631674, 1, 0, 0
54102, 15192101, 0, 0, 0
54200, 16827775, 0, 0, 0
54201, 24777681, 1, 0, 0
54330, 25935946, 1, 0, 0
54332, 30020886, 0, 0, 0
54401, 10491476, 0, 0, 0
54401, 36183901, 1, 0, 0
54502, 13087969, 0, 0, 0
54504, 22625562, 1, 0, 0
54601, 10688413, 0, 0, 0
54607, 17352895, 1, 0, 0
54700, 22446709, 1, 0, 0
54701, 12281054, 0, 0, 0
54800, 22286729, 1, 0, 0
54800, 13294877, 0, 0, 0
54900, 20205436, 1, 0, 0
54904, 11959614, 0, 0, 0
55002, 11466671, 0, 0, 0
55008, 19365981, 1, 0, 0
55100, 19238828, 1, 0, 0
55100, 18458940, 0, 0, 0
55201, 20243885, 1, 0, 0
55201, 14548268, 0, 0, 0
55300, 23991434, 1, 0, 0
55300, 13094147, 0, 0, 0
55401, 20315716, 1, 0, 0
55402, 15379755, 0, 0, 0
55503, 20862571, 1, 0, 0
55506, 12127675, 0, 0, 0
55601, 21269069, 1, 0, 0
55624, 14217205, 0, 0, 0
55701, 22188788, 1, 0, 0
55701, 21788018, 0, 0, 0
55800, 22103571, 1, 0, 0
55811, 10148142, 0, 0, 0
55902, 11271944, 0, 0, 0
55907, 20546932, 1, 0, 0
56000, 20721450, 1, 0, 0
56001, 14257908, 0, 0, 0
56102, 19381883, 1, 0, 0
56103, 15959112, 0, 0, 0
56201, 19740876, 1, 0, 0
56202, 17854677, 0, 0, 0
56300, 20194304, 1, 0, 0
56301, 5657932, 0, 0, 0
56401, 25004965, 1, 0, 0
56404, 11599498, 0, 0, 0
56500, 18563084, 1, 0, 0
56500, 8687291, 0, 0, 0
56601, 19464820, 1, 0, 0
56607, 7610514, 0, 0, 0
56701, 17127899, 1, 0, 0
56704, 10285260, 0, 0, 0
56800, 18037430, 1, 0, 0
56801, 12451996, 0, 0, 0
56900, 16281549, 1, 0, 0
56902, 10883299, 0, 0, 0
57001, 11875119, 0, 0, 0
57002, 20245395, 1, 0, 0
57100, 10841483, 0, 0, 0
57100, 19487322, 1, 0, 0
57200, 17975653, 1, 0, 0
57200, 10915072, 0, 0, 0
57300, 10618834, 0, 0, 0
57302, 20254070, 1, 0, 0
57400, 12499394, 0, 0, 0
57401, 18362771, 1, 0, 0
57501, 20813771, 1, 0, 0
57502, 9211167, 0, 0, 0
57600, 19361522, 1, 0, 0
57601, 18580035, 0, 0, 0
57702, 19328801, 1, 0, 0
57706, 11184661, 0, 0, 0
57800, 19345281, 1, 0, 0
57805, 12512608, 0, 0, 0
57900, 23831818, 1, 0, 0
57904, 13524031, 0, 0, 0
58000, 21216800, 1, 0, 0
58005, 8287868, 0, 0, 0
58100, 17511243, 1, 0, 0
58100, 10365298, 0, 0, 0
58201, 16578447, 1, 0, 0
58204, 12554007, 0, 0, 0
58302, 6719976, 0, 0, 0
58308, 18765706, 1, 0, 0
58400, 20603200, 1, 0, 0
58401, 11802862, 0, 0, 0
58500, 9276644, 0, 0, 0
58501, 15882841, 1, 0, 0
58601, 20561337, 1, 0, 0
58603, 11291205, 0, 0, 0
58701, 8773525, 0, 0, 0
58704, 15737061, 1, 0, 0
58800, 23732195, 1, 0, 0
58802, 9262710, 0, 0, 0
58900, 6320522, 0, 0, 0
58900, 20567774, 1, 0, 0
59001, 18614009, 1, 0, 0
59020, 13510821, 0, 0, 0
59100, 15140042, 0, 0, 0
59101, 18368606, 1, 0, 0
59200, 21489270, 1, 0, 0
59208, 15569841, 0, 0, 0
59300, 17616683, 1, 0, 0
59310, 17829992, 0, 0, 0
59405, 18495417, 0, 0, 0
59410, 19244003, 1, 0, 0
59500, 9565332, 0, 0, 0
59501, 23492519, 1, 0, 0
59600, 22473640, 1, 0, 0
59601, 10383137, 0, 0, 0
59700, 17046359, 1, 0, 0
59700, 13550887, 0, 0, 0
59805, 19111888, 1, 0, 0
59810, 15270540, 0, 0, 0
59904, 15925362, 0, 0, 0
59906, 21176539, 1, 0, 0
60003, 21303663, 1, 0, 0
60003, 13019411, 0, 0, 0
60100, 12820390, 0, 0, 0
60105, 26098987, 1, 0, 0
60200, 8981624, 0, 0, 0
60202, 19094075, 1, 0, 0
60300, 18235134, 1, 0, 0
60306, 10332927, 0, 0, 0
60400, 21838201, 1, 0, 0
60402, 9613205, 0, 0, 0
60500, 19325006, 1, 0, 0
60502, 7227417, 0, 0, 0
60600, 22234463, 0, 0, 0
60605, 16517530, 1, 0, 0
60701, 25218615, 1, 0, 0
60703, 9676742, 0, 0, 0
60801, 20271689, 1, 0, 0
60809, 12374065, 0, 0, 0
60900, 16400718, 1, 0, 0
60901, 12611695, 0, 0, 0
61003, 7729965, 0, 0, 0
61005, 18362149, 1, 0, 0
61100, 21050260, 1, 0, 0
61102, 12976594, 0, 0, 0
61200, 12354191, 0, 0, 0
61211, 23109648, 1, 0, 0
61302, 9739930, 0, 0, 0
61304, 19079998, 1, 0, 0
61400, 11529008, 0, 0, 0
61402, 28250940, 1, 0, 0
61500, 19515252, 1, 0, 0
61500, 10324232, 0, 0, 0
61601, 11167138, 0, 0, 0
61605, 20586347, 1, 0, 0
61700, 18520838, 1, 0, 0
61701, 9476593, 0, 0, 0
61800, 11384844, 0, 0, 0
61801, 17569702, 1, 0, 0
61900, 19033929, 1, 0, 0
61908, 7602361, 0, 0, 0
62000, 18322239, 1, 0, 0
62001, 13142228, 0, 0, 0
62101, 21664396, 1, 0, 0
62102, 10788376, 0, 0, 0
62206, 18763581, 1, 0, 0
62209, 9665923, 0, 0, 0
62300, 19716273, 1, 0, 0
62309, 10469099, 0, 0, 0
62401, 11564768, 0, 0, 0
62403, 19595783, 1, 0, 0
62501, 10720827, 0, 0, 0
62503, 18936596, 1, 0, 0
62600, 23155167, 1, 0, 0
62602, 11281341, 0, 0, 0
62700, 8113556, 0, 0, 0
62701, 21805174, 1, 0, 0
62801, 19555886, 1, 0, 0
62806, 9170795, 0, 0, 0
62900, 17707245, 1, 0, 0
62906, 9115770, 0, 0, 0
63002, 18241778, 1, 0, 0
63002, 13096520, 0, 0, 0
63100, 21862170, 1, 0, 0
63101, 13007013, 0, 0, 0
63200, 10462113, 0, 0, 0
63204, 22759125, 1, 0, 0
63300, 19229367, 1, 0, 0
63303, 10297406, 0, 0, 0
63400, 11300638, 0, 0, 0
63404, 19529806, 1, 0, 0
63504, 19788436, 1, 0, 0
63509, 7587148, 0, 0, 0
63600, 13855611, 0, 0, 0
63600, 20848190, 1, 0, 0
63701, 8479930, 0, 0, 0
63704, 16661632, 1, 0, 0
63801, 17433168, 1, 0, 0
63803, 6810132, 0, 0, 0
63900, 17445988, 1, 0, 0
63903, 10138294, 0, 0, 0
64000, 21625018, 1, 0, 0
64003, 11600985, 0, 0, 0
64100, 8694054, 0, 0, 0
64109, 18927582, 1, 0, 0
64200, 19482659, 1, 0, 0
64201, 7999548, 0, 0, 0
64300, 11516605, 0, 0, 0
64301, 17423090, 1, 0, 0
64401, 15459635, 0, 0, 0
64401, 18531672, 1, 0, 0
64500, 8869234, 0, 0, 0
64505, 18530642, 1, 0, 0
64601, 10736498, 0, 0, 0
64602, 20169283, 1, 0, 0
64700, 17481478, 1, 0, 0
64705, 11894880, 0, 0, 0
64800, 21626383, 1, 0, 0
64804, 13338958, 0, 0, 0
64900, 20464448, 1, 0, 0
64901, 15521732, 0, 0, 0
65001, 20962774, 1, 0, 0
65003, 7244387, 0, 0, 0
65100, 18846822, 1, 0, 0
65102, 8742549, 0, 0, 0
65200, 6812990, 0, 0, 0
65204, 19615145, 1, 0, 0
65301, 9430773, 0, 0, 0
65302, 17303865, 1, 0, 0
65401, 14866485, 1, 0, 0
65401, 21156286, 0, 0, 0
65503, 19843674, 1, 0, 0
65512, 10342166, 0, 0, 0
65600, 9918420, 0, 0, 0
65602, 25363760, 1, 0, 0
65703, 16460256, 1, 0, 0
65714, 15669743, 0, 0, 0
65802, 26167732, 1, 0, 0
65803, 13024051, 0, 0, 0
65901, 18049360, 1, 0, 0
65903, 8345173, 0, 0, 0
66000, 17360899, 1, 0, 0
66003, 9764310, 0, 0, 0
66101, 15649274, 1, 0, 0
66104, 11097483, 0, 0, 0
66202, 22352222, 1, 0, 0
66205, 12162079, 0, 0, 0
66300, 16950628, 1, 0, 0
66304, 9547959, 0, 0, 0
66401, 13113782, 0, 0, 0
66401, 20720542, 1, 0, 0
66501, 11940949, 0, 0, 0
66504, 19716699, 1, 0, 0
66600, 10379776, 0, 0, 0
66602, 20286140, 1, 0, 0
66700, 23180663, 1, 0, 0
66702, 22465817, 0, 0, 0
66801, 8303896, 0, 0, 0
66804, 16603613, 1, 0, 0
66900, 18149619, 1, 0, 0
66900, 15984903, 0, 0, 0
67000, 11932463, 0, 0, 0
67002, 18749227, 1, 0, 0
67101, 8721963, 0, 0, 0
67104, 19748832, 1, 0, 0
67201, 20407527, 1, 0, 0
67218, 12238543, 0, 0, 0
67306, 18455892, 1, 0, 0
67306, 14879519, 0, 0, 0
67403, 10380676, 0, 0, 0
67403, 18646654, 1, 0, 0
67500, 20627453, 1, 0, 0
67504, 11138322, 0, 0, 0
67600, 9891754, 0, 0, 0
67602, 17206507, 1, 0, 0
67701, 18156824, 1, 0, 0
67703, 14573595, 0, 0, 0
67801, 8769148, 0, 0, 0
67806, 17195620, 1, 0, 0
67904, 21240730, 1, 0, 0
67906, 10061478, 0, 0, 0
68000, 14180353, 0, 0, 0
68001, 20243684, 1, 0, 0
68101, 18296541, 1, 0, 0
68105, 8095969, 0, 0, 0
68200, 11588269, 0, 0, 0
68201, 20352726, 1, 0, 0
68300, 21712318, 1, 0, 0
68300, 11124457, 0, 0, 0
68403, 18332724, 1, 0, 0
68403, 10359611, 0, 0, 0
68500, 20561687, 1, 0, 0
68507, 12318697, 0, 0, 0
68600, 9721968, 0, 0, 0
68602, 17258814, 1, 0, 0
68700, 18609856, 1, 0, 0
68703, 10455304, 0, 0, 0
68800, 9964329, 0, 0, 0
68803, 19395772, 1, 0, 0
68904, 12206615, 0, 0, 0
68907, 16951608, 1, 0, 0
69003, 21183002, 1, 0, 0
69005, 12791792, 0, 0, 0
69101, 13381661, 0, 0, 0
69103, 19746336, 1, 0, 0
69203, 20115734, 1, 0, 0
69210, 6729382, 0, 0, 0
69300, 20079108, 1, 0, 0
69311, 15718466, 0, 0, 0
69400, 20474685, 1, 0, 0
69400, 10220944, 0, 0, 0
69500, 18944016, 1, 0, 0
69501, 9831501, 0, 0, 0
69601, 16656737, 1, 0, 0
69602, 8766804, 0, 0, 0
69700, 19813945, 1, 0, 0
69711, 12594786, 0, 0, 0
69802, 22002016, 1, 0, 0
69804, 31133801, 0, 0, 0
69900, 21014146, 1, 0, 0
69904, 10127887, 0, 0, 0
70002, 11029594, 0, 0, 0
70005, 20557359, 1, 0, 0
70100, 19694972, 1, 0, 0
70101, 9505184, 0, 0, 0
70200, 19738322, 1, 0, 0
70200, 9318603, 0, 0, 0
70300, 18149379, 1, 0, 0
70308, 12500251, 0, 0, 0
70402, 16416703, 1, 0, 0
70402, 12520684, 0, 0, 0
70500, 16706187, 1, 0, 0
70500, 11812466, 0, 0, 0
70600, 26955732, 1, 0, 0
70603, 13558609, 0, 0, 0
70700, 8793329, 0, 0, 0
70703, 19861764, 1, 0, 0
70803, 20581219, 1, 0, 0
70803, 9932244, 0, 0, 0
70901, 18738961, 1, 0, 0
70901, 6066455, 0, 0, 0
71000, 26307018, 1, 0, 0
71001, 11676440, 0, 0, 0
71103, 21166040, 1, 0, 0
71104, 17967745, 0, 0, 0
71201, 19313308, 1, 0, 0
71210, 8505215, 0, 0, 0
71301, 11538700, 0, 0, 0
71304, 20366170, 1, 0, 0
71402, 12305643, 0, 0, 0
71405, 21521464, 1, 0, 0
71511, 39592645, 1, 0, 0
71532, 28250731, 0, 0, 0
71600, 21994470, 1, 0, 0
71600, 24589055, 0, 0, 0
71701, 50258996, 1, 0, 0
71725, 12764348, 0, 0, 0
71800, 81392489, 0, 0, 0
71801, 77870310, 1, 0, 0
71900, 12229719, 0, 0, 0
71900, 24700002, 1, 0, 0
72000, 15723676, 1, 0, 0
72000, 17465668, 0, 0, 0
72105, 22027732, 1, 0, 0
72114, 14777554, 0, 0, 0
72200, 22551863, 1, 0, 0
72213, 28158202, 0, 0, 0
72300, 28266245, 1, 0, 0
72301, 14644404, 0, 0, 0
72401, 20176117, 1, 0, 0
72402, 9387957, 0, 0, 0
72500, 29678521, 1, 0, 0
72514, 17284419, 0, 0, 0
72602, 17822747, 1, 0, 0
72604, 9557445, 0, 0, 0
72701, 13376245, 0, 0, 0
72701, 20537694, 1, 0, 0
72800, 14051118, 0, 0, 0
72807, 16898232, 1, 0, 0
72900, 18188011, 1, 0, 0
72902, 12930483, 0, 0, 0
73003, 24497746, 1, 0, 0
73007, 8544029, 0, 0, 0
73100, 9482780, 0, 0, 0
73103, 19893170, 1, 0, 0
73200, 16390896, 1, 0, 0
73203, 15044246, 0, 0, 0
73300, 7096782, 0, 0, 0
73302, 19380419, 1, 0, 0
73400, 12584480, 0, 0, 0
73407, 29508195, 1, 0, 0
73500, 19374941, 1, 0, 0
73505, 10896408, 0, 0, 0
73602, 20622808, 1, 0, 0
73602, 7601677, 0, 0, 0
73703, 22288522, 1, 0, 0
73705, 14741240, 0, 0, 0
73800, 21901867, 1, 0, 0
73819, 9515150, 0, 0, 0
73903, 7037256, 0, 0, 0
73906, 21885005, 1, 0, 0
74000, 9137386, 0, 0, 0
74007, 22789560, 1, 0, 0
74100, 11719387, 0, 0, 0
74100, 19649665, 1, 0, 0
74200, 19936817, 1, 0, 0
74206, 12342551, 0, 0, 0
74300, 11549393, 0, 0, 0
74300, 19877897, 1, 0, 0
74401, 12443894, 0, 0, 0
74403, 22070871, 1, 0, 0
74503, 31512534, 1, 0, 0
74511, 12897867, 0, 0, 0
74600, 8607060, 0, 0, 0
74601, 23657942, 1, 0, 0
74700, 6957575, 0, 0, 0
74701, 21247050, 1, 0, 0
74800, 18828192, 1, 0, 0
74801, 10185446, 0, 0, 0
74901, 22700293, 1, 0, 0
74912, 15968772, 0, 0, 0
75001, 23202702, 1, 0, 0
75002, 13214697, 0, 0, 0
75100, 10061747, 0, 0, 0
75106, 19813340, 1, 0, 0
75202, 20573329, 1, 0, 0
75206, 13677168, 0, 0, 0
75300, 18904968, 1, 0, 0
75309, 10949497, 0, 0, 0
75402, 18586026, 1, 0, 0
75408, 12810450, 0, 0, 0
75504, 18044728, 1, 0, 0
75505, 12421375, 0, 0, 0
75604, 22069856, 1, 0, 0
75610, 12567147, 0, 0, 0
75702, 12608754, 0, 0, 0
75704, 18532696, 1, 0, 0
75800, 25828872, 1, 0, 0
75802, 12166146, 0, 0, 0
75900, 18851272, 1, 0, 0
75900, 10379563, 0, 0, 0
76000, 18285317, 1, 0, 0
76000, 11731879, 0, 0, 0
76100, 14772453, 1, 0, 0
76105, 9776789, 0, 0, 0
76202, 23713424, 1, 0, 0
76202, 22920372, 0, 0, 0
76300, 20119591, 1, 0, 0
76306, 7406458, 0, 0, 0
76403, 22964551, 1, 0, 0
76407, 24621770, 0, 0, 0
76501, 23097323, 1, 0, 0
76502, 14448105, 0, 0, 0
76600, 24810908, 1, 0, 0
76600, 15249215, 0, 0, 0
76702, 21799138, 1, 0, 0
76768, 15712602, 0, 0, 0
76800, 75886644, 1, 0, 0
76805, 43181717, 0, 0, 0
76900, 8923800, 0, 0, 0
76903, 26244444, 1, 0, 0
77001, 19397170, 1, 0, 0
77016, 9246662, 0, 0, 0
77100, 21954226, 1, 0, 0
77100, 23058143, 0, 0, 0
77201, 16991626, 1, 0, 0
77210, 15376989, 0, 0, 0
77300, 6101601, 0, 0, 0
77302, 26533542, 1, 0, 0
77400, 20756655, 1, 0, 0
77407, 9062224, 0, 0, 0
77500, 25454762, 1, 0, 0
77502, 10213172, 0, 0, 0
77601, 21047249, 1, 0, 0
77602, 10504561, 0, 0, 0
77701, 18914333, 1, 0, 0
77701, 10194420, 0, 0, 0
77800, 17998897, 1, 0, 0
77801, 12512690, 0, 0, 0
77903, 19415156, 1, 0, 0
77904, 12854421, 0, 0, 0
78000, 12956988, 0, 0, 0
78008, 17779698, 1, 0, 0
78101, 8546474, 0, 0, 0
78103, 21756565, 1, 0, 0
78203, 18718121, 1, 0, 0
78205, 12925505, 0, 0, 0
78301, 19318580, 1, 0, 0
78304, 11263769, 0, 0, 0
78401, 18234392, 1, 0, 0
78402, 9897298, 0, 0, 0
78504, 20838895, 1, 0, 0
78504, 15590965, 0, 0, 0
78601, 21251068, 1, 0, 0
78609, 14605349, 0, 0, 0
78703, 23661422, 1, 0, 0
78705, 10353941, 0, 0, 0
78800, 21429296, 1, 0, 0
78802, 13074718, 0, 0, 0
78900, 17816163, 1, 0, 0
78900, 8859588, 0, 0, 0
79000, 13074359, 0, 0, 0
79000, 20009376, 1, 0, 0
79101, 21342523, 1, 0, 0
79101, 17062815, 0, 0, 0
79200, 15360493, 0, 0, 0
79203, 20900879, 1, 0, 0
79300, 19853969, 1, 0, 0
79306, 13190679, 0, 0, 0
79402, 7960126, 0, 0, 0
79402, 25364589, 1, 0, 0
79500, 13112497, 0, 0, 0
79500, 20657237, 1, 0, 0
79600, 19710457, 0, 0, 0
79604, 20506584, 1, 0, 0
79701, 20021141, 1, 0, 0
79706, 14393032, 0, 0, 0
79802, 23988223, 1, 0, 0
79803, 8649421, 0, 0, 0
79900, 17480935, 0, 0, 0
79900, 20556466, 1, 0, 0
80000, 17720856, 1, 0, 0
80002, 18049046, 0, 0, 0
80103, 25059873, 1, 0, 0
80108, 9074536, 0, 0, 0
80202, 27255094, 1, 0, 0
80206, 10950005, 0, 0, 0
80300, 24236910, 1, 0, 0
80300, 12449686, 0, 0, 0
80400, 16497069, 1, 0, 0
80405, 5829910, 0, 0, 0
80500, 19332022, 1, 0, 0
80501, 12015362, 0, 0, 0
80600, 15463835, 1, 0, 0
80606, 22113810, 0, 0, 0
80702, 19215796, 1, 0, 0
80704, 21058573, 0, 0, 0
80801, 16454121, 0, 0, 0
80804, 20284281, 1, 0, 0
80901, 20411892, 1, 0, 0
80904, 10752934, 0, 0, 0
81001, 31307582, 1, 0, 0
81003, 12735275, 0, 0, 0
81112, 21812351, 1, 0, 0
81125, 7409248, 0, 0, 0
81200, 25243287, 1, 0, 0
81204, 16119702, 0, 0, 0
81300, 20039067, 1, 0, 0
81301, 16156800, 0, 0, 0
81402, 21748630, 1, 0, 0
81404, 18042107, 0, 0, 0
81502, 25293194, 1, 0, 0
81516, 13421715, 0, 0, 0
81601, 10559266, 0, 0, 0
81603, 25430274, 1, 0, 0
81700, 18954668, 1, 0, 0
81713, 13762428, 0, 0, 0
81800, 10864055, 0, 0, 0
81803, 21135408, 1, 0, 0
81900, 22422200, 1, 0, 0
81902, 11074235, 0, 0, 0
82003, 12791264, 0, 0, 0
82003, 23192848, 1, 0, 0
82100, 22193592, 1, 0, 0
82101, 15151644, 0, 0, 0
82200, 22250161, 1, 0, 0
82202, 11275465, 0, 0, 0
82301, 11834451, 0, 0, 0
82303, 19692005, 1, 0, 0
82401, 21029739, 1, 0, 0
82405, 10977204, 0, 0, 0
82501, 23487562, 1, 0, 0
82508, 10392241, 0, 0, 0
82600, 22200447, 1, 0, 0
82601, 12726072, 0, 0, 0
82702, 22082334, 1, 0, 0
82702, 11103409, 0, 0, 0
82800, 10431826, 0, 0, 0
82802, 22800378, 1, 0, 0
82900, 17804003, 0, 0, 0
82903, 21750968, 1, 0, 0
83000, 16552524, 0, 0, 0
83001, 22948029, 1, 0, 0
83102, 20118855, 1, 0, 0
83115, 11911291, 0, 0, 0
83202, 25378950, 1, 0, 0
83205, 7975551, 0, 0, 0
83300, 18656204, 0, 0, 0
83306, 20834385, 1, 0, 0
83402, 16431940, 0, 0, 0
83402, 24864193, 1, 0, 0
83500, 10743915, 0, 0, 0
83501, 22146379, 1, 0, 0
83602, 23438792, 1, 0, 0
83603, 12128697, 0, 0, 0
83701, 28153433, 1, 0, 0
83702, 16841015, 0, 0, 0
83800, 13831719, 0, 0, 0
83801, 24404034, 1, 0, 0
83900, 22835480, 1, 0, 0
83911, 10668633, 0, 0, 0
84002, 19467517, 1, 0, 0
84003, 14472463, 0, 0, 0
84102, 12279844, 0, 0, 0
84107, 23855601, 1, 0, 0
84203, 23998895, 1, 0, 0
84203, 13881566, 0, 0, 0
84305, 24074611, 1, 0, 0
84314, 12224617, 0, 0, 0
84401, 23001396, 1, 0, 0
84410, 14116178, 0, 0, 0
84500, 22021919, 1, 0, 0
84501, 15464594, 0, 0, 0
84601, 17096110, 0, 0, 0
84601, 21574187, 1, 0, 0
84700, 17580446, 0, 0, 0
84700, 20529271, 1, 0, 0
84801, 21246735, 1, 0, 0
84803, 14678008, 0, 0, 0
84901, 12841006, 0, 0, 0
84903, 25345263, 1, 0, 0
85002, 25839844, 1, 0, 0
85003, 17997470, 0, 0, 0
85102, 21044864, 1, 0, 0
85102, 12264744, 0, 0, 0
85200, 10724589, 0, 0, 0
85201, 19908441, 1, 0, 0
85300, 23241517, 1, 0, 0
85303, 12610867, 0, 0, 0
85401, 24585440, 1, 0, 0
85407, 8881742, 0, 0, 0
85501, 22527493, 1, 0, 0
85505, 13161271, 0, 0, 0
85601, 13262585, 0, 0, 0
85602, 23756292, 1, 0, 0
85700, 25470307, 1, 0, 0
85709, 19679040, 0, 0, 0
85804, 23222844, 1, 0, 0
85805, 8018684, 0, 0, 0
85901, 17459818, 0, 0, 0
85903, 22301777, 1, 0, 0
86000, 20505037, 1, 0, 0
86004, 11493338, 0, 0, 0
86100, 9899728, 0, 0, 0
86105, 24940860, 1, 0, 0
86201, 12311055, 0, 0, 0
86202, 24250586, 1, 0, 0
86300, 16387939, 0, 0, 0
86303, 21285038, 1, 0, 0
86406, 23551870, 1, 0, 0
86410, 12889969, 0, 0, 0
86507, 13943729, 0, 0, 0
86510, 24411053, 1, 0, 0
86600, 23151136, 1, 0, 0
86602, 14122865, 0, 0, 0
86700, 10210561, 0, 0, 0
86707, 23035378, 1, 0, 0
86801, 22465872, 1, 0, 0
86801, 13338244, 0, 0, 0
86901, 21644573, 1, 0, 0
86906, 11685514, 0, 0, 0
87000, 21204582, 1, 0, 0
87003, 9724942, 0, 0, 0
87102, 20659276, 1, 0, 0
87107, 17944266, 0, 0, 0
87201, 21140717, 1, 0, 0
87203, 13991691, 0, 0, 0
87302, 21767257, 1, 0, 0
87305, 14499020, 0, 0, 0
87400, 12490248, 0, 0, 0
87401, 20283056, 1, 0, 0
87500, 21463049, 1, 0, 0
87510, 10821995, 0, 0, 0
87600, 22830780, 1, 0, 0
87601, 11613981, 0, 0, 0
87701, 10701592, 0, 0, 0
87705, 21550080, 1, 0, 0
87800, 21932405, 1, 0, 0
87801, 11727276, 0, 0, 0
87906, 11498600, 0, 0, 0
87907, 18902556, 1, 0, 0
88000, 13550278, 0, 0, 0
88001, 24909423, 1, 0, 0
88101, 23017764, 1, 0, 0
88107, 12739721, 0, 0, 0
88201, 21394530, 1, 0, 0
88206, 13448053, 0, 0, 0
88300, 22835873, 1, 0, 0
88304, 12561856, 0, 0, 0
88400, 24443154, 1, 0, 0
88420, 11888964, 0, 0, 0
88500, 20411853, 1, 0, 0
88502, 15518116, 0, 0, 0
88600, 24667848, 1, 0, 0
88607, 11733138, 0, 0, 0
88700, 21755957, 1, 0, 0
88701, 14214361, 0, 0, 0
88800, 15890883, 0, 0, 0
88803, 22215450, 1, 0, 0
88902, 18913397, 1, 0, 0
88919, 8876900, 0, 0, 0
89000, 21946877, 1, 0, 0
89001, 11482339, 0, 0, 0
89100, 24404902, 1, 0, 0
89110, 11361153, 0, 0, 0
89200, 22893420, 1, 0, 0
89200, 7724561, 0, 0, 0
89301, 19807716, 1, 0, 0
89305, 17157280, 0, 0, 0
89401, 24349969, 1, 0, 0
89404, 16358225, 0, 0, 0
89502, 24015268, 1, 0, 0
89506, 13930425, 0, 0, 0
89601, 41062870, 1, 0, 0
89602, 2441480, 0, 0, 0
89707, 41335516, 1, 0, 0
89712, 33452930, 0, 0, 0
89801, 38134854, 1, 0, 0
89803, 36947395, 0, 0, 0
89900, 25678601, 1, 0, 0
89902, 8565331, 0, 0, 0
90002, 18838711, 1, 0, 0
90010, 7504928, 0, 0, 0
90010, 15442969, 1, 0, 0
