112, 21626922, 1, 0, 0
203, 22728836, 1, 0, 0
312, 21936618, 1, 0, 0
411, 21665105, 1, 0, 0
505, 22920942, 1, 0, 0
616, 22260704, 1, 0, 0
703, 21417526, 1, 0, 0
811, 19166296, 1, 0, 0
902, 22670929, 1, 0, 0
1001, 20615797, 1, 0, 0
1113, 22781770, 1, 0, 0
1203, 21925066, 1, 0, 0
1300, 23250172, 1, 0, 0
1419, 22791695, 1, 0, 0
1510, 22740402, 1, 0, 0
1618, 25288791, 1, 0, 0
1711, 31065806, 1, 0, 0
1804, 32450867, 1, 0, 0
1908, 19681918, 1, 0, 0
2001, 20704373, 1, 0, 0
2105, 21970434, 1, 0, 0
2205, 21527034, 1, 0, 0
2308, 21966756, 1, 0, 0
2406, 23633547, 1, 0, 0
2504, 24291501, 1, 0, 0
2602, 22604343, 1, 0, 0
2723, 23994392, 1, 0, 0
2818, 23738501, 1, 0, 0
2900, 26762576, 1, 0, 0
3011, 23620081, 1, 0, 0
3106, 23805662, 1, 0, 0
3201, 22110205, 1, 0, 0
3312, 23911157, 1, 0, 0
3400, 26487999, 1, 0, 0
3503, 20075043, 1, 0, 0
3624, 22197425, 1, 0, 0
3718, 24135114, 1, 0, 0
3812, 23939349, 1, 0, 0
3901, 21857520, 1, 0, 0
4001, 24052223, 1, 0, 0
4112, 21017110, 1, 0, 0
4206, 22478376, 1, 0, 0
4319, 22882003, 1, 0, 0
4414, 21803414, 1, 0, 0
4504, 23335934, 1, 0, 0
4605, 25065592, 1, 0, 0
4706, 21163526, 1, 0, 0
4817, 22221915, 1, 0, 0
4901, 26930828, 1, 0, 0
5012, 33339823, 1, 0, 0
5109, 21743575, 1, 0, 0
5204, 23552385, 1, 0, 0
5301, 24241155, 1, 0, 0
5406, 21768776, 1, 0, 0
5508, 20803257, 1, 0, 0
5622, 20746224, 1, 0, 0
5716, 21740144, 1, 0, 0
5812, 18513349, 1, 0, 0
5902, 15396208, 1, 0, 0
6003, 20980117, 1, 0, 0
6113, 24891778, 1, 0, 0
6219, 24380314, 1, 0, 0
6308, 28535931, 1, 0, 0
6409, 26309678, 1, 0, 0
6522, 27766526, 1, 0, 0
6607, 27348744, 1, 0, 0
6708, 25756416, 1, 0, 0
6820, 27086086, 1, 0, 0
6908, 24951863, 1, 0, 0
7020, 23090537, 1, 0, 0
7115, 23828237, 1, 0, 0
7200, 26974764, 1, 0, 0
7312, 28472209, 1, 0, 0
7423, 26971523, 1, 0, 0
7504, 28581408, 1, 0, 0
7614, 24862352, 1, 0, 0
7720, 25897589, 1, 0, 0
7807, 24617562, 1, 0, 0
7926, 26310368, 1, 0, 0
8011, 28961277, 1, 0, 0
8116, 23765124, 1, 0, 0
8218, 26338863, 1, 0, 0
8327, 25820059, 1, 0, 0
8414, 23423673, 1, 0, 0
8508, 21763732, 1, 0, 0
8609, 25885942, 1, 0, 0
8704, 22116638, 1, 0, 0
8801, 21977193, 1, 0, 0
8912, 23090533, 1, 0, 0
9014, 25758761, 1, 0, 0
9118, 23654575, 1, 0, 0
9228, 20874954, 1, 0, 0
9314, 26219955, 1, 0, 0
9402, 29056782, 1, 0, 0
9517, 28397512, 1, 0, 0
9619, 25781025, 1, 0, 0
9700, 24058586, 1, 0, 0
9806, 26842026, 1, 0, 0
9913, 26497279, 1, 0, 0
10023, 26756111, 1, 0, 0
10106, 25626692, 1, 0, 0
10208, 23256430, 1, 0, 0
10319, 23812688, 1, 0, 0
10400, 25422063, 1, 0, 0
10502, 26250289, 1, 0, 0
10618, 26121116, 1, 0, 0
10714, 31311808, 1, 0, 0
10802, 30336349, 1, 0, 0
10920, 26115608, 1, 0, 0
11007, 29355597, 1, 0, 0
11119, 24247320, 1, 0, 0
11213, 23963362, 1, 0, 0
11305, 22967213, 1, 0, 0
11401, 21608506, 1, 0, 0
11516, 23188587, 1, 0, 0
11600, 20669306, 1, 0, 0
11707, 24966993, 1, 0, 0
11814, 24041082, 1, 0, 0
11921, 26627851, 1, 0, 0
12002, 26367638, 1, 0, 0
12109, 27307744, 1, 0, 0
12216, 26590394, 1, 0, 0
12309, 28055295, 1, 0, 0
12422, 26763890, 1, 0, 0
12503, 27126663, 1, 0, 0
12605, 24047828, 1, 0, 0
12709, 25558662, 1, 0, 0
12806, 24969363, 1, 0, 0
12901, 23596953, 1, 0, 0
13015, 25584606, 1, 0, 0
13102, 27882449, 1, 0, 0
13221, 29778329, 1, 0, 0
13309, 28679996, 1, 0, 0
13418, 26095798, 1, 0, 0
13501, 25503079, 1, 0, 0
13612, 24294408, 1, 0, 0
13706, 30037576, 1, 0, 0
13824, 27256550, 1, 0, 0
13908, 28666337, 1, 0, 0
14023, 25743346, 1, 0, 0
14103, 24334069, 1, 0, 0
14212, 23232480, 1, 0, 0
14317, 26024740, 1, 0, 0
14414, 31454030, 1, 0, 0
14522, 27992571, 1, 0, 0
14601, 25481441, 1, 0, 0
14700, 22536147, 1, 0, 0
14810, 27861688, 1, 0, 0
14901, 25267055, 1, 0, 0
15001, 19511267, 1, 0, 0
15100, 21817718, 1, 0, 0
15201, 21312660, 1, 0, 0
15302, 24946351, 1, 0, 0
15401, 24822513, 1, 0, 0
15520, 23145198, 1, 0, 0
15613, 23361946, 1, 0, 0
15715, 19866321, 1, 0, 0
15809, 21614487, 1, 0, 0
15922, 23814460, 1, 0, 0
16013, 19764596, 1, 0, 0
16109, 23553683, 1, 0, 0
16202, 23191521, 1, 0, 0
16310, 25757998, 1, 0, 0
16421, 25690545, 1, 0, 0
16500, 26837869, 1, 0, 0
16603, 25879932, 1, 0, 0
16712, 26714505, 1, 0, 0
16801, 28629464, 1, 0, 0
16915, 24047485, 1, 0, 0
17002, 23682581, 1, 0, 0
17115, 27813286, 1, 0, 0
17203, 24586301, 1, 0, 0
17318, 27540222, 1, 0, 0
17413, 30184126, 1, 0, 0
17506, 28918048, 1, 0, 0
17600, 30830876, 1, 0, 0
17725, 30869001, 1, 0, 0
17805, 30053689, 1, 0, 0
17903, 26677650, 1, 0, 0
18017, 29295440, 1, 0, 0
18106, 26518548, 1, 0, 0
18219, 27710047, 1, 0, 0
18300, 26466684, 1, 0, 0
18414, 28082698, 1, 0, 0
18521, 27572309, 1, 0, 0
18621, 25123095, 1, 0, 0
18700, 21158939, 1, 0, 0
18828, 29981208, 1, 0, 0
18920, 28785158, 1, 0, 0
19012, 26205414, 1, 0, 0
19109, 21049528, 1, 0, 0
19206, 24161220, 1, 0, 0
19301, 23541896, 1, 0, 0
19422, 21579073, 1, 0, 0
19513, 28428682, 1, 0, 0
19618, 30548182, 1, 0, 0
19706, 30098321, 1, 0, 0
19808, 27800116, 1, 0, 0
19906, 21073110, 1, 0, 0
20017, 21233376, 1, 0, 0
20119, 25435045, 1, 0, 0
20201, 22600218, 1, 0, 0
20300, 23157613, 1, 0, 0
20406, 26201593, 1, 0, 0
20504, 19477486, 1, 0, 0
20627, 23129693, 1, 0, 0
20723, 21818830, 1, 0, 0
20806, 22557395, 1, 0, 0
20904, 24371004, 1, 0, 0
21028, 23020954, 1, 0, 0
21107, 22013385, 1, 0, 0
21221, 20418178, 1, 0, 0
21317, 22122446, 1, 0, 0
21417, 22808305, 1, 0, 0
21515, 24702731, 1, 0, 0
21620, 21753123, 1, 0, 0
21720, 24852395, 1, 0, 0
21814, 23989480, 1, 0, 0
21921, 23580324, 1, 0, 0
22009, 23358267, 1, 0, 0
22104, 23615205, 1, 0, 0
22200, 23579737, 1, 0, 0
22326, 23033321, 1, 0, 0
22410, 23100895, 1, 0, 0
22510, 14648336, 1, 0, 0
22614, 13678206, 1, 0, 0
22710, 18450321, 1, 0, 0
22800, 21734189, 1, 0, 0
22915, 22784762, 1, 0, 0
23010, 21541065, 1, 0, 0
23115, 21608259, 1, 0, 0
23205, 22159906, 1, 0, 0
23306, 24681020, 1, 0, 0
23401, 23424489, 1, 0, 0
23514, 21479286, 1, 0, 0
23623, 19758124, 1, 0, 0
23700, 25074078, 1, 0, 0
23824, 23164759, 1, 0, 0
23900, 25688580, 1, 0, 0
24015, 24264200, 1, 0, 0
24112, 24151594, 1, 0, 0
24209, 24304578, 1, 0, 0
24304, 23120410, 1, 0, 0
24410, 23768542, 1, 0, 0
24503, 27755517, 1, 0, 0
24612, 27800331, 1, 0, 0
24718, 25932382, 1, 0, 0
24813, 20461278, 1, 0, 0
24925, 23264806, 1, 0, 0
25021, 20620702, 1, 0, 0
25116, 23544403, 1, 0, 0
25213, 22159339, 1, 0, 0
25312, 21533314, 1, 0, 0
25410, 19456337, 1, 0, 0
25504, 23429135, 1, 0, 0
25602, 23992953, 1, 0, 0
25727, 23156327, 1, 0, 0
25820, 23067486, 1, 0, 0
25914, 23357615, 1, 0, 0
26011, 21869768, 1, 0, 0
26104, 24406558, 1, 0, 0
26227, 19542474, 1, 0, 0
26309, 22553557, 1, 0, 0
26404, 23802838, 1, 0, 0
26501, 24010569, 1, 0, 0
26600, 22994828, 1, 0, 0
26700, 13008065, 1, 0, 0
26810, 14226821, 1, 0, 0
26913, 14703386, 1, 0, 0
27010, 14523281, 1, 0, 0
27106, 13349390, 1, 0, 0
27200, 15289553, 1, 0, 0
27311, 13532886, 1, 0, 0
27407, 14810117, 1, 0, 0
27520, 14360351, 1, 0, 0
27623, 16242143, 1, 0, 0
27708, 21683802, 1, 0, 0
27810, 24069509, 1, 0, 0
27900, 22803905, 1, 0, 0
28011, 19470947, 1, 0, 0
28106, 23589428, 1, 0, 0
28200, 23432523, 1, 0, 0
28311, 20324476, 1, 0, 0
28407, 23503155, 1, 0, 0
28509, 25285287, 1, 0, 0
28607, 22628774, 1, 0, 0
28708, 25014571, 1, 0, 0
28804, 21749953, 1, 0, 0
28901, 24917539, 1, 0, 0
29015, 19401542, 1, 0, 0
29110, 23089226, 1, 0, 0
29204, 21883855, 1, 0, 0
29300, 23093836, 1, 0, 0
29420, 23410610, 1, 0, 0
29511, 23784001, 1, 0, 0
29617, 24608958, 1, 0, 0
29705, 23505962, 1, 0, 0
29802, 22070323, 1, 0, 0
29914, 21928967, 1, 0, 0
30012, 22255588, 1, 0, 0
30112, 24919126, 1, 0, 0
30214, 24635751, 1, 0, 0
30311, 22642584, 1, 0, 0
30408, 21989628, 1, 0, 0
30505, 22344868, 1, 0, 0
30601, 21812610, 1, 0, 0
30708, 24222114, 1, 0, 0
30825, 17586019, 1, 0, 0
30919, 23903800, 1, 0, 0
31014, 21771178, 1, 0, 0
31108, 22410825, 1, 0, 0
31204, 21325679, 1, 0, 0
31300, 23950454, 1, 0, 0
31424, 22895957, 1, 0, 0
31500, 23518567, 1, 0, 0
31612, 21815014, 1, 0, 0
31709, 22477321, 1, 0, 0
31820, 23233563, 1, 0, 0
31900, 21641243, 1, 0, 0
32013, 21245013, 1, 0, 0
32108, 23667116, 1, 0, 0
32221, 22132041, 1, 0, 0
32323, 25351568, 1, 0, 0
32425, 24908428, 1, 0, 0
32522, 24654349, 1, 0, 0
32622, 22858137, 1, 0, 0
32707, 23645048, 1, 0, 0
32819, 17817598, 1, 0, 0
32902, 17429679, 1, 0, 0
33004, 18604859, 1, 0, 0
33101, 19104249, 1, 0, 0
33228, 23422935, 1, 0, 0
33325, 22370120, 1, 0, 0
33422, 24104134, 1, 0, 0
33518, 23899816, 1, 0, 0
33616, 20816796, 1, 0, 0
33713, 23285294, 1, 0, 0
33813, 19472008, 1, 0, 0
33905, 18872480, 1, 0, 0
34006, 24911773, 1, 0, 0
34105, 25856823, 1, 0, 0
34214, 24031972, 1, 0, 0
34319, 24778427, 1, 0, 0
34412, 23456358, 1, 0, 0
34508, 21614848, 1, 0, 0
34603, 22151273, 1, 0, 0
34700, 23810103, 1, 0, 0
34827, 23658625, 1, 0, 0
34924, 24201990, 1, 0, 0
35027, 24990848, 1, 0, 0
35117, 23906732, 1, 0, 0
35207, 19601705, 1, 0, 0
35305, 22459565, 1, 0, 0
35417, 22551471, 1, 0, 0
35512, 23268814, 1, 0, 0
35600, 22565459, 1, 0, 0
35711, 19715474, 1, 0, 0
35807, 23848264, 1, 0, 0
35902, 23408928, 1, 0, 0
36013, 23815693, 1, 0, 0
36109, 20540136, 1, 0, 0
36210, 22275225, 1, 0, 0
36307, 21746179, 1, 0, 0
36401, 22848167, 1, 0, 0
36500, 23861751, 1, 0, 0
36606, 17610580, 1, 0, 0
36700, 13490542, 1, 0, 0
36810, 15296162, 1, 0, 0
36901, 20828807, 1, 0, 0
37001, 18883667, 1, 0, 0
37113, 21072480, 1, 0, 0
37213, 22899037, 1, 0, 0
37312, 19041036, 1, 0, 0
37405, 22838550, 1, 0, 0
37506, 16555250, 1, 0, 0
37604, 23429656, 1, 0, 0
37720, 20389338, 1, 0, 0
37815, 23824730, 1, 0, 0
37911, 23953518, 1, 0, 0
38009, 24257274, 1, 0, 0
38110, 23384196, 1, 0, 0
38200, 23169189, 1, 0, 0
38312, 20535416, 1, 0, 0
38417, 20810373, 1, 0, 0
38512, 22681470, 1, 0, 0
38605, 22993326, 1, 0, 0
38716, 23778655, 1, 0, 0
38824, 24620504, 1, 0, 0
38907, 26239036, 1, 0, 0
39004, 23176875, 1, 0, 0
39102, 26042037, 1, 0, 0
39204, 22834222, 1, 0, 0
39300, 22788601, 1, 0, 0
39426, 24790398, 1, 0, 0
39520, 23848815, 1, 0, 0
39604, 21319845, 1, 0, 0
39702, 23780420, 1, 0, 0
39826, 23037310, 1, 0, 0
39925, 20452262, 1, 0, 0
40017, 23700831, 1, 0, 0
40113, 21838677, 1, 0, 0
40206, 23239994, 1, 0, 0
40303, 20938600, 1, 0, 0
40430, 21703495, 1, 0, 0
40513, 23032600, 1, 0, 0
40606, 23183703, 1, 0, 0
40704, 20718618, 1, 0, 0
40800, 23775352, 1, 0, 0
40920, 21576631, 1, 0, 0
41004, 20925087, 1, 0, 0
41128, 23511884, 1, 0, 0
41225, 24130323, 1, 0, 0
41329, 23210745, 1, 0, 0
41425, 25034500, 1, 0, 0
41520, 23097837, 1, 0, 0
41616, 24085039, 1, 0, 0
41719, 24830387, 1, 0, 0
41819, 23243303, 1, 0, 0
41925, 25870943, 1, 0, 0
42004, 24053559, 1, 0, 0
42109, 20412386, 1, 0, 0
42210, 23219354, 1, 0, 0
42310, 24904226, 1, 0, 0
42410, 24922922, 1, 0, 0
42515, 25856372, 1, 0, 0
42600, 19633077, 1, 0, 0
42724, 22385003, 1, 0, 0
42820, 23682020, 1, 0, 0
42918, 20845237, 1, 0, 0
43014, 23959730, 1, 0, 0
43112, 24106850, 1, 0, 0
43212, 23977377, 1, 0, 0
43315, 26916550, 1, 0, 0
43412, 25273612, 1, 0, 0
43520, 22701205, 1, 0, 0
43604, 18218402, 1, 0, 0
43707, 18408207, 1, 0, 0
43802, 22175893, 1, 0, 0
43910, 22832490, 1, 0, 0
44000, 21392899, 1, 0, 0
44121, 21972393, 1, 0, 0
44202, 20729506, 1, 0, 0
44308, 21943051, 1, 0, 0
44402, 23294083, 1, 0, 0
44525, 20261701, 1, 0, 0
44620, 23278337, 1, 0, 0
44717, 24109757, 1, 0, 0
44809, 23125875, 1, 0, 0
44904, 20215646, 1, 0, 0
45000, 21245256, 1, 0, 0
45122, 23571905, 1, 0, 0
45216, 23365773, 1, 0, 0
45305, 21764804, 1, 0, 0
45428, 23099330, 1, 0, 0
45522, 20259219, 1, 0, 0
45619, 19123291, 1, 0, 0
45717, 23927703, 1, 0, 0
45814, 24320993, 1, 0, 0
45912, 24354784, 1, 0, 0
46007, 20093197, 1, 0, 0
46103, 22229098, 1, 0, 0
46227, 21517148, 1, 0, 0
46322, 23842982, 1, 0, 0
46416, 21796278, 1, 0, 0
46509, 23201992, 1, 0, 0
46603, 21536030, 1, 0, 0
46724, 23685954, 1, 0, 0
46817, 24502252, 1, 0, 0
46905, 21290224, 1, 0, 0
47015, 22724307, 1, 0, 0
47112, 23995771, 1, 0, 0
47208, 23947486, 1, 0, 0
47305, 22585719, 1, 0, 0
47401, 23672694, 1, 0, 0
47511, 22318834, 1, 0, 0
47612, 13650163, 1, 0, 0
47706, 14457112, 1, 0, 0
47802, 15367539, 1, 0, 0
47911, 15295036, 1, 0, 0
48008, 15958337, 1, 0, 0
48101, 21401302, 1, 0, 0
48223, 23863130, 1, 0, 0
48303, 25019543, 1, 0, 0
48408, 22439777, 1, 0, 0
48510, 21588076, 1, 0, 0
48605, 22144385, 1, 0, 0
48704, 22171693, 1, 0, 0
48806, 23024469, 1, 0, 0
48901, 23756436, 1, 0, 0
49020, 23779013, 1, 0, 0
49111, 22619590, 1, 0, 0
49216, 25286982, 1, 0, 0
49316, 25532189, 1, 0, 0
49411, 24004402, 1, 0, 0
49526, 24935264, 1, 0, 0
49601, 25765278, 1, 0, 0
49717, 23504931, 1, 0, 0
49814, 22372049, 1, 0, 0
49913, 22563419, 1, 0, 0
50004, 22653191, 1, 0, 0
50128, 22048371, 1, 0, 0
50213, 23247702, 1, 0, 0
50308, 24668878, 1, 0, 0
50422, 21626806, 1, 0, 0
50522, 25047561, 1, 0, 0
50621, 18487642, 1, 0, 0
50716, 20350422, 1, 0, 0
50801, 20086427, 1, 0, 0
50924, 22436832, 1, 0, 0
51005, 24108205, 1, 0, 0
51115, 23742342, 1, 0, 0
51209, 23510832, 1, 0, 0
51305, 15404375, 1, 0, 0
51409, 14764155, 1, 0, 0
51508, 15005885, 1, 0, 0
51604, 14957066, 1, 0, 0
51713, 14925170, 1, 0, 0
51803, 17138297, 1, 0, 0
51912, 21957425, 1, 0, 0
52008, 19457686, 1, 0, 0
52102, 22726610, 1, 0, 0
52203, 24774605, 1, 0, 0
52327, 21725403, 1, 0, 0
52421, 20092265, 1, 0, 0
52515, 23116862, 1, 0, 0
52612, 23872061, 1, 0, 0
52714, 21755328, 1, 0, 0
52811, 22508841, 1, 0, 0
52907, 21706886, 1, 0, 0
53009, 25367246, 1, 0, 0
53111, 20715188, 1, 0, 0
53205, 23066680, 1, 0, 0
53304, 23838481, 1, 0, 0
53404, 24015550, 1, 0, 0
53504, 24244548, 1, 0, 0
53610, 23269860, 1, 0, 0
53710, 24959800, 1, 0, 0
53810, 23852625, 1, 0, 0
53916, 23637138, 1, 0, 0
54003, 20074517, 1, 0, 0
54121, 21680266, 1, 0, 0
54200, 26146416, 1, 0, 0
54302, 21666586, 1, 0, 0
54415, 20913137, 1, 0, 0
54509, 23844428, 1, 0, 0
54603, 22906265, 1, 0, 0
54702, 22823751, 1, 0, 0
54802, 24187524, 1, 0, 0
54923, 23181580, 1, 0, 0
55018, 23273363, 1, 0, 0
55122, 25371344, 1, 0, 0
55207, 28123380, 1, 0, 0
55304, 32505412, 1, 0, 0
55402, 32482812, 1, 0, 0
55504, 31376807, 1, 0, 0
55602, 32136839, 1, 0, 0
55705, 29707679, 1, 0, 0
55803, 32972674, 1, 0, 0
55900, 27023175, 1, 0, 0
56017, 23347313, 1, 0, 0
56117, 33178261, 1, 0, 0
56216, 29433505, 1, 0, 0
56320, 35521083, 1, 0, 0
56414, 28937320, 1, 0, 0
56511, 32566546, 1, 0, 0
56605, 31520246, 1, 0, 0
56701, 25825383, 1, 0, 0
56808, 32689059, 1, 0, 0
56922, 29884520, 1, 0, 0
57017, 28418238, 1, 0, 0
57103, 31242900, 1, 0, 0
57213, 25924035, 1, 0, 0
57305, 22264001, 1, 0, 0
57405, 21133820, 1, 0, 0
57523, 23022704, 1, 0, 0
57624, 22947861, 1, 0, 0
57706, 24326578, 1, 0, 0
57807, 25693360, 1, 0, 0
57915, 26382725, 1, 0, 0
58024, 24945772, 1, 0, 0
58119, 24026483, 1, 0, 0
58217, 22634299, 1, 0, 0
58307, 22571877, 1, 0, 0
58400, 19776967, 1, 0, 0
58503, 21418470, 1, 0, 0
58608, 26248707, 1, 0, 0
58707, 24724393, 1, 0, 0
58813, 24240416, 1, 0, 0
58910, 23932970, 1, 0, 0
59011, 19469556, 1, 0, 0
59105, 23435579, 1, 0, 0
59200, 24619434, 1, 0, 0
59300, 22440808, 1, 0, 0
59409, 22268006, 1, 0, 0
59502, 21790808, 1, 0, 0
59600, 24712914, 1, 0, 0
59726, 21150085, 1, 0, 0
59819, 23212261, 1, 0, 0
59914, 23686614, 1, 0, 0
60010, 23419736, 1, 0, 0
60010, 31141869, 1, 0, 0
