250, 2696, 0, 0, 0
350, 2600, 0, 0, 0
450, 2580, 0, 0, 0
551, 2650, 0, 0, 0
651, 2340, 0, 0, 0
750, 2606, 0, 0, 0
850, 2690, 0, 0, 0
950, 2470, 0, 0, 0
1050, 2490, 0, 0, 0
1150, 2740, 0, 0, 0
1250, 2530, 0, 0, 0
1350, 2580, 0, 0, 0
1450, 2610, 0, 0, 0
1551, 2550, 0, 0, 0
1651, 2520, 0, 0, 0
1750, 2686, 0, 0, 0
1850, 2560, 0, 0, 0
1950, 2280, 0, 0, 0
2050, 2300, 0, 0, 0
2150, 2650, 0, 0, 0
2250, 2470, 0, 0, 0
2350, 2570, 0, 0, 0
2450, 2060, 0, 0, 0
2550, 1610, 0, 0, 0
2651, 2890, 0, 0, 0
2750, 2676, 0, 0, 0
2850, 2800, 0, 0, 0
2950, 2700, 0, 0, 0
3050, 2530, 0, 0, 0
3150, 2600, 0, 0, 0
3250, 2670, 0, 0, 0
3350, 2610, 0, 0, 0
3450, 1370, 0, 0, 0
3550, 1130, 0, 0, 0
3650, 2910, 0, 0, 0
3750, 3000, 0, 0, 0
3850, 2850, 0, 0, 0
3950, 2710, 0, 0, 0
4050, 2460, 0, 0, 0
4150, 2580, 0, 0, 0
4250, 2630, 0, 0, 0
4350, 2590, 0, 0, 0
4450, 2610, 0, 0, 0
4550, 2650, 0, 0, 0
4650, 2780, 0, 0, 0
4750, 2616, 0, 0, 0
4850, 2540, 0, 0, 0
4950, 2670, 0, 0, 0
5050, 2540, 0, 0, 0
5150, 2010, 0, 0, 0
5250, 1730, 0, 0, 0
5350, 2860, 0, 0, 0
5450, 3020, 0, 0, 0
5550, 2510, 0, 0, 0
5651, 2540, 0, 0, 0
5750, 2737, 0, 0, 0
5850, 2560, 0, 0, 0
5950, 2720, 0, 0, 0
6050, 2690, 0, 0, 0
6150, 2550, 0, 0, 0
6250, 2590, 0, 0, 0
6350, 2520, 0, 0, 0
6450, 2770, 0, 0, 0
6551, 2640, 0, 0, 0
6651, 2810, 0, 0, 0
6750, 2747, 0, 0, 0
6850, 2600, 0, 0, 0
6950, 2260, 0, 0, 0
7050, 2540, 0, 0, 0
7150, 2650, 0, 0, 0
7250, 2590, 0, 0, 0
7350, 2830, 0, 0, 0
7450, 2550, 0, 0, 0
7551, 950, 0, 0, 0
7651, 2710, 0, 0, 0
7750, 2888, 0, 0, 0
7850, 2790, 0, 0, 0
7950, 2610, 0, 0, 0
8050, 2780, 0, 0, 0
8150, 2520, 0, 0, 0
8250, 2760, 0, 0, 0
8350, 2610, 0, 0, 0
8450, 2600, 0, 0, 0
8551, 2050, 0, 0, 0
8651, 670, 0, 0, 0
8750, 3070, 0, 0, 0
8850, 2670, 0, 0, 0
8950, 2560, 0, 0, 0
9050, 2480, 0, 0, 0
9150, 2650, 0, 0, 0
9250, 2600, 0, 0, 0
9350, 2550, 0, 0, 0
9450, 2540, 0, 0, 0
9551, 2520, 0, 0, 0
9651, 2520, 0, 0, 0
9750, 2494, 0, 0, 0
9850, 2340, 0, 0, 0
9950, 2530, 0, 0, 0
10050, 2610, 0, 0, 0
10150, 2550, 0, 0, 0
10250, 2470, 0, 0, 0
10350, 2100, 0, 0, 0
10450, 1160, 0, 0, 0
10551, 2930, 0, 0, 0
10651, 2660, 0, 0, 0
10750, 2606, 0, 0, 0
10850, 2460, 0, 0, 0
10950, 2570, 0, 0, 0
11050, 2410, 0, 0, 0
11150, 2660, 0, 0, 0
11249, 2626, 0, 0, 0
11349, 2600, 0, 0, 0
11449, 2390, 0, 0, 0
11550, 2520, 0, 0, 0
11650, 2480, 0, 0, 0
11750, 2550, 0, 0, 0
11850, 2770, 0, 0, 0
11950, 2540, 0, 0, 0
12050, 2550, 0, 0, 0
12150, 2450, 0, 0, 0
12249, 2575, 0, 0, 0
12349, 2490, 0, 0, 0
12450, 2390, 0, 0, 0
12550, 330, 0, 0, 0
12650, 1290, 0, 0, 0
12750, 2820, 0, 0, 0
12850, 2780, 0, 0, 0
12950, 2830, 0, 0, 0
13050, 2600, 0, 0, 0
13150, 2700, 0, 0, 0
13250, 2370, 0, 0, 0
13350, 2570, 0, 0, 0
13450, 2480, 0, 0, 0
13551, 2500, 0, 0, 0
13651, 1810, 0, 0, 0
13750, 2585, 0, 0, 0
13850, 2700, 0, 0, 0
13950, 2510, 0, 0, 0
14050, 2490, 0, 0, 0
14150, 2510, 0, 0, 0
14250, 2500, 0, 0, 0
14350, 2500, 0, 0, 0
14450, 2360, 0, 0, 0
14551, 2630, 0, 0, 0
14651, 2650, 0, 0, 0
14750, 2676, 0, 0, 0
14850, 2570, 0, 0, 0
14950, 2580, 0, 0, 0
15050, 2650, 0, 0, 0
15150, 2700, 0, 0, 0
15250, 2490, 0, 0, 0
15350, 2370, 0, 0, 0
15450, 2680, 0, 0, 0
15550, 1470, 0, 0, 0
15651, 2790, 0, 0, 0
15750, 2414, 0, 0, 0
15850, 2390, 0, 0, 0
15950, 2440, 0, 0, 0
16050, 2490, 0, 0, 0
16150, 2620, 0, 0, 0
16250, 2580, 0, 0, 0
16350, 2440, 0, 0, 0
16450, 2540, 0, 0, 0
16550, 2540, 0, 0, 0
16650, 2500, 0, 0, 0
16750, 2373, 0, 0, 0
16850, 2700, 0, 0, 0
16950, 2560, 0, 0, 0
17050, 2670, 0, 0, 0
17150, 2530, 0, 0, 0
17250, 2510, 0, 0, 0
17350, 2540, 0, 0, 0
17450, 2520, 0, 0, 0
17550, 840, 0, 0, 0
17650, 2850, 0, 0, 0
17750, 2696, 0, 0, 0
17850, 2640, 0, 0, 0
17950, 2490, 0, 0, 0
18050, 2670, 0, 0, 0
18150, 2690, 0, 0, 0
18250, 2720, 0, 0, 0
18350, 2710, 0, 0, 0
18450, 2440, 0, 0, 0
18550, 2530, 0, 0, 0
18650, 1920, 0, 0, 0
18750, 2656, 0, 0, 0
18850, 2310, 0, 0, 0
18950, 2530, 0, 0, 0
19050, 2440, 0, 0, 0
19150, 2590, 0, 0, 0
19250, 2480, 0, 0, 0
19350, 2500, 0, 0, 0
19450, 2550, 0, 0, 0
19550, 2390, 0, 0, 0
19650, 2550, 0, 0, 0
19750, 2737, 0, 0, 0
19850, 2570, 0, 0, 0
19950, 2640, 0, 0, 0
20050, 2540, 0, 0, 0
20150, 2640, 0, 0, 0
20250, 2530, 0, 0, 0
20350, 2570, 0, 0, 0
20450, 2470, 0, 0, 0
20550, 1550, 0, 0, 0
20650, 2650, 0, 0, 0
20750, 2616, 0, 0, 0
20850, 2660, 0, 0, 0
20950, 2600, 0, 0, 0
21050, 2690, 0, 0, 0
21150, 2590, 0, 0, 0
21250, 2700, 0, 0, 0
21350, 2480, 0, 0, 0
21450, 2480, 0, 0, 0
21550, 2520, 0, 0, 0
21651, 2620, 0, 0, 0
21750, 2494, 0, 0, 0
21850, 2420, 0, 0, 0
21950, 2520, 0, 0, 0
22050, 2550, 0, 0, 0
22150, 2510, 0, 0, 0
22250, 2560, 0, 0, 0
22350, 2430, 0, 0, 0
22450, 2600, 0, 0, 0
22550, 2300, 0, 0, 0
22650, 2450, 0, 0, 0
22750, 2454, 0, 0, 0
22850, 750, 0, 0, 0
22950, 2380, 0, 0, 0
23050, 2620, 0, 0, 0
23150, 2580, 0, 0, 0
23250, 2510, 0, 0, 0
23350, 2450, 0, 0, 0
23450, 2400, 0, 0, 0
23550, 2420, 0, 0, 0
23650, 1540, 0, 0, 0
23750, 2727, 0, 0, 0
23850, 2430, 0, 0, 0
23950, 2510, 0, 0, 0
24050, 2560, 0, 0, 0
24150, 2500, 0, 0, 0
24250, 2520, 0, 0, 0
24350, 2460, 0, 0, 0
24450, 2460, 0, 0, 0
24550, 2500, 0, 0, 0
24650, 2540, 0, 0, 0
24750, 2494, 0, 0, 0
24850, 2470, 0, 0, 0
24950, 2380, 0, 0, 0
25050, 2520, 0, 0, 0
25150, 2300, 0, 0, 0
25250, 2530, 0, 0, 0
25350, 2720, 0, 0, 0
25450, 2330, 0, 0, 0
25550, 1810, 0, 0, 0
25650, 2160, 0, 0, 0
25750, 2818, 0, 0, 0
25850, 2480, 0, 0, 0
25950, 2340, 0, 0, 0
26050, 2440, 0, 0, 0
26150, 2570, 0, 0, 0
26250, 2680, 0, 0, 0
26350, 2500, 0, 0, 0
26450, 2320, 0, 0, 0
26551, 2650, 0, 0, 0
26651, 2490, 0, 0, 0
26750, 2424, 0, 0, 0
26850, 2400, 0, 0, 0
26950, 2430, 0, 0, 0
27050, 2100, 0, 0, 0
27150, 2200, 0, 0, 0
27250, 2430, 0, 0, 0
27350, 2640, 0, 0, 0
27450, 2360, 0, 0, 0
27550, 2420, 0, 0, 0
27651, 1280, 0, 0, 0
27750, 1939, 0, 0, 0
27850, 2430, 0, 0, 0
27950, 2480, 0, 0, 0
28050, 2360, 0, 0, 0
28150, 2470, 0, 0, 0
28250, 1890, 0, 0, 0
28350, 1290, 0, 0, 0
28450, 2850, 0, 0, 0
28551, 2590, 0, 0, 0
28651, 1940, 0, 0, 0
28750, 2494, 0, 0, 0
28850, 2610, 0, 0, 0
28950, 2500, 0, 0, 0
29050, 2420, 0, 0, 0
29150, 2570, 0, 0, 0
29250, 2370, 0, 0, 0
29350, 2440, 0, 0, 0
29450, 2390, 0, 0, 0
29550, 2620, 0, 0, 0
29651, 2400, 0, 0, 0
29750, 2434, 0, 0, 0
29850, 2520, 0, 0, 0
29950, 2560, 0, 0, 0
30050, 2550, 0, 0, 0
30150, 2400, 0, 0, 0
30250, 2480, 0, 0, 0
30350, 2490, 0, 0, 0
30450, 2430, 0, 0, 0
30550, 2410, 0, 0, 0
30650, 1510, 0, 0, 0
30750, 2595, 0, 0, 0
30850, 2620, 0, 0, 0
30950, 2650, 0, 0, 0
31050, 2530, 0, 0, 0
31150, 2440, 0, 0, 0
31250, 2660, 0, 0, 0
31350, 2450, 0, 0, 0
31450, 2450, 0, 0, 0
31550, 2560, 0, 0, 0
31650, 2520, 0, 0, 0
31750, 2555, 0, 0, 0
31850, 2360, 0, 0, 0
31950, 2350, 0, 0, 0
32050, 2540, 0, 0, 0
32150, 2050, 0, 0, 0
32250, 2580, 0, 0, 0
32350, 2430, 0, 0, 0
32450, 2640, 0, 0, 0
32550, 2620, 0, 0, 0
32650, 1650, 0, 0, 0
32750, 858, 0, 0, 0
32850, 2940, 0, 0, 0
32950, 2660, 0, 0, 0
33050, 2660, 0, 0, 0
33150, 2620, 0, 0, 0
33250, 2350, 0, 0, 0
33350, 2520, 0, 0, 0
33450, 2510, 0, 0, 0
33550, 1730, 0, 0, 0
33650, 1380, 0, 0, 0
33749, 1858, 0, 0, 0
33850, 2760, 0, 0, 0
33950, 2700, 0, 0, 0
34050, 2630, 0, 0, 0
34150, 2610, 0, 0, 0
34250, 2410, 0, 0, 0
34350, 2600, 0, 0, 0
34450, 2370, 0, 0, 0
34550, 2510, 0, 0, 0
34650, 2240, 0, 0, 0
34749, 2484, 0, 0, 0
34850, 2610, 0, 0, 0
34950, 2540, 0, 0, 0
35050, 2560, 0, 0, 0
35150, 2630, 0, 0, 0
35250, 2500, 0, 0, 0
35350, 2400, 0, 0, 0
35450, 2500, 0, 0, 0
35550, 2630, 0, 0, 0
35650, 2170, 0, 0, 0
35749, 1868, 0, 0, 0
35849, 2880, 0, 0, 0
35950, 2440, 0, 0, 0
36050, 2590, 0, 0, 0
36150, 2520, 0, 0, 0
36250, 2470, 0, 0, 0
36350, 2360, 0, 0, 0
36450, 2640, 0, 0, 0
36550, 2450, 0, 0, 0
36650, 2340, 0, 0, 0
36750, 2535, 0, 0, 0
36850, 2450, 0, 0, 0
36950, 2480, 0, 0, 0
37050, 2610, 0, 0, 0
37150, 2210, 0, 0, 0
37250, 2480, 0, 0, 0
37350, 2450, 0, 0, 0
37450, 2630, 0, 0, 0
37550, 2340, 0, 0, 0
37650, 2370, 0, 0, 0
37750, 2585, 0, 0, 0
37850, 2420, 0, 0, 0
37950, 2420, 0, 0, 0
38050, 2630, 0, 0, 0
38150, 2450, 0, 0, 0
38250, 2570, 0, 0, 0
38350, 2470, 0, 0, 0
38450, 2470, 0, 0, 0
38550, 2580, 0, 0, 0
38650, 2390, 0, 0, 0
38750, 1666, 0, 0, 0
38850, 2830, 0, 0, 0
38950, 2480, 0, 0, 0
39050, 2370, 0, 0, 0
39150, 2480, 0, 0, 0
39250, 2690, 0, 0, 0
39350, 2550, 0, 0, 0
39450, 2390, 0, 0, 0
39550, 2480, 0, 0, 0
39650, 2310, 0, 0, 0
39749, 2505, 0, 0, 0
39850, 2490, 0, 0, 0
39950, 2520, 0, 0, 0
40050, 2580, 0, 0, 0
40150, 2580, 0, 0, 0
40250, 2650, 0, 0, 0
40350, 2510, 0, 0, 0
40450, 2490, 0, 0, 0
40550, 2510, 0, 0, 0
40650, 2510, 0, 0, 0
40749, 1686, 0, 0, 0
40849, 2420, 0, 0, 0
40950, 2600, 0, 0, 0
41050, 2560, 0, 0, 0
41150, 2400, 0, 0, 0
41250, 2510, 0, 0, 0
41350, 2630, 0, 0, 0
41450, 2450, 0, 0, 0
41550, 2570, 0, 0, 0
41650, 2450, 0, 0, 0
41749, 2454, 0, 0, 0
41849, 2560, 0, 0, 0
41949, 2570, 0, 0, 0
42050, 2500, 0, 0, 0
42150, 2500, 0, 0, 0
42250, 2420, 0, 0, 0
42350, 2020, 0, 0, 0
42450, 2580, 0, 0, 0
42550, 2400, 0, 0, 0
42650, 2510, 0, 0, 0
42749, 1090, 0, 0, 0
42849, 1770, 0, 0, 0
42949, 2570, 0, 0, 0
43050, 2700, 0, 0, 0
43150, 2640, 0, 0, 0
43250, 2660, 0, 0, 0
43350, 2450, 0, 0, 0
43450, 2530, 0, 0, 0
43550, 2550, 0, 0, 0
43650, 2500, 0, 0, 0
43750, 2400, 0, 0, 0
43850, 1870, 0, 0, 0
43950, 2480, 0, 0, 0
44051, 2530, 0, 0, 0
44151, 2630, 0, 0, 0
44250, 2545, 0, 0, 0
44350, 2570, 0, 0, 0
44450, 2440, 0, 0, 0
44550, 2530, 0, 0, 0
44650, 2510, 0, 0, 0
44750, 2620, 0, 0, 0
44850, 2420, 0, 0, 0
44950, 2550, 0, 0, 0
45051, 2340, 0, 0, 0
45151, 2490, 0, 0, 0
45250, 2525, 0, 0, 0
45350, 2590, 0, 0, 0
45450, 2500, 0, 0, 0
45550, 2580, 0, 0, 0
45650, 2420, 0, 0, 0
45750, 1730, 0, 0, 0
45850, 2630, 0, 0, 0
45950, 2490, 0, 0, 0
46051, 2680, 0, 0, 0
46151, 2530, 0, 0, 0
46250, 2424, 0, 0, 0
46350, 2520, 0, 0, 0
46450, 2580, 0, 0, 0
46550, 2520, 0, 0, 0
46650, 2660, 0, 0, 0
46750, 2420, 0, 0, 0
46850, 2400, 0, 0, 0
46950, 2570, 0, 0, 0
47051, 2460, 0, 0, 0
47151, 2430, 0, 0, 0
47250, 2434, 0, 0, 0
47350, 2460, 0, 0, 0
47450, 2490, 0, 0, 0
47550, 2240, 0, 0, 0
47650, 1780, 0, 0, 0
47750, 2360, 0, 0, 0
47850, 2800, 0, 0, 0
47950, 2420, 0, 0, 0
48051, 2590, 0, 0, 0
48151, 2560, 0, 0, 0
48250, 2757, 0, 0, 0
48350, 2560, 0, 0, 0
48450, 2440, 0, 0, 0
48550, 2400, 0, 0, 0
48650, 2550, 0, 0, 0
48749, 2545, 0, 0, 0
48849, 1670, 0, 0, 0
48949, 2680, 0, 0, 0
49050, 2580, 0, 0, 0
49150, 2540, 0, 0, 0
49250, 2430, 0, 0, 0
49350, 2690, 0, 0, 0
49450, 2530, 0, 0, 0
49550, 2540, 0, 0, 0
49650, 2550, 0, 0, 0
49749, 2555, 0, 0, 0
49849, 2410, 0, 0, 0
49949, 2170, 0, 0, 0
50050, 2640, 0, 0, 0
50150, 2580, 0, 0, 0
50250, 2350, 0, 0, 0
50350, 2500, 0, 0, 0
50450, 2640, 0, 0, 0
50550, 2400, 0, 0, 0
50650, 2510, 0, 0, 0
50749, 2525, 0, 0, 0
50849, 2540, 0, 0, 0
50949, 2500, 0, 0, 0
51050, 2510, 0, 0, 0
51150, 2480, 0, 0, 0
51250, 2570, 0, 0, 0
51350, 2450, 0, 0, 0
51450, 2470, 0, 0, 0
51550, 2430, 0, 0, 0
51650, 2580, 0, 0, 0
51750, 2640, 0, 0, 0
51850, 2500, 0, 0, 0
51950, 2610, 0, 0, 0
52051, 2600, 0, 0, 0
52151, 2390, 0, 0, 0
52250, 2484, 0, 0, 0
52350, 2590, 0, 0, 0
52450, 2320, 0, 0, 0
52550, 2480, 0, 0, 0
52650, 2610, 0, 0, 0
52750, 2600, 0, 0, 0
52850, 2490, 0, 0, 0
52950, 1990, 0, 0, 0
53051, 2270, 0, 0, 0
53151, 2730, 0, 0, 0
53250, 2535, 0, 0, 0
53350, 2590, 0, 0, 0
53450, 2420, 0, 0, 0
53550, 2330, 0, 0, 0
53650, 2620, 0, 0, 0
53750, 2610, 0, 0, 0
53850, 1920, 0, 0, 0
53950, 2100, 0, 0, 0
54051, 2910, 0, 0, 0
54151, 2610, 0, 0, 0
54250, 2595, 0, 0, 0
54350, 2500, 0, 0, 0
54450, 2500, 0, 0, 0
54550, 2580, 0, 0, 0
54650, 2600, 0, 0, 0
54750, 1750, 0, 0, 0
54850, 2460, 0, 0, 0
54950, 2720, 0, 0, 0
55051, 2590, 0, 0, 0
55151, 2410, 0, 0, 0
55250, 2444, 0, 0, 0
55350, 2670, 0, 0, 0
55450, 2540, 0, 0, 0
55550, 2590, 0, 0, 0
55650, 2480, 0, 0, 0
55750, 2610, 0, 0, 0
55850, 2500, 0, 0, 0
55950, 2480, 0, 0, 0
56050, 2570, 0, 0, 0
56151, 2070, 0, 0, 0
56250, 2585, 0, 0, 0
56350, 2390, 0, 0, 0
56450, 2510, 0, 0, 0
56550, 2470, 0, 0, 0
56650, 2540, 0, 0, 0
56750, 2620, 0, 0, 0
56850, 2520, 0, 0, 0
56950, 2440, 0, 0, 0
57050, 2570, 0, 0, 0
57151, 2660, 0, 0, 0
57250, 2484, 0, 0, 0
57350, 2380, 0, 0, 0
57450, 2400, 0, 0, 0
57550, 2370, 0, 0, 0
57650, 2590, 0, 0, 0
57750, 2490, 0, 0, 0
57850, 1380, 0, 0, 0
57950, 2180, 0, 0, 0
58051, 2520, 0, 0, 0
58151, 2680, 0, 0, 0
58250, 1494, 0, 0, 0
58350, 2890, 0, 0, 0
58450, 2620, 0, 0, 0
58550, 2490, 0, 0, 0
58650, 2480, 0, 0, 0
58750, 2430, 0, 0, 0
58850, 2520, 0, 0, 0
58950, 1700, 0, 0, 0
59051, 3080, 0, 0, 0
59151, 2400, 0, 0, 0
59250, 2424, 0, 0, 0
59350, 2450, 0, 0, 0
59450, 2390, 0, 0, 0
59550, 2380, 0, 0, 0
59650, 2550, 0, 0, 0
59750, 2240, 0, 0, 0
59850, 1530, 0, 0, 0
59950, 2670, 0, 0, 0
60051, 2420, 0, 0, 0
60151, 2440, 0, 0, 0
60250, 2535, 0, 0, 0
60350, 2510, 0, 0, 0
60450, 2670, 0, 0, 0
60550, 2720, 0, 0, 0
60650, 2480, 0, 0, 0
60749, 2535, 0, 0, 0
60849, 2470, 0, 0, 0
60949, 2450, 0, 0, 0
61050, 2640, 0, 0, 0
61150, 2490, 0, 0, 0
61250, 2580, 0, 0, 0
61350, 2530, 0, 0, 0
61450, 2460, 0, 0, 0
61550, 2580, 0, 0, 0
61650, 2480, 0, 0, 0
61749, 2494, 0, 0, 0
61849, 2410, 0, 0, 0
61950, 2360, 0, 0, 0
62050, 2560, 0, 0, 0
62150, 2480, 0, 0, 0
62250, 2550, 0, 0, 0
62350, 2530, 0, 0, 0
62450, 2580, 0, 0, 0
62550, 2410, 0, 0, 0
62650, 2520, 0, 0, 0
62749, 2494, 0, 0, 0
62850, 2500, 0, 0, 0
62950, 2620, 0, 0, 0
63050, 2600, 0, 0, 0
63150, 2380, 0, 0, 0
63250, 2440, 0, 0, 0
63350, 1430, 0, 0, 0
63450, 2750, 0, 0, 0
63550, 2760, 0, 0, 0
63650, 2450, 0, 0, 0
63749, 2444, 0, 0, 0
63849, 2590, 0, 0, 0
63950, 1660, 0, 0, 0
64050, 2700, 0, 0, 0
64150, 2400, 0, 0, 0
64250, 2440, 0, 0, 0
64350, 2430, 0, 0, 0
64450, 2680, 0, 0, 0
64550, 2390, 0, 0, 0
64650, 2540, 0, 0, 0
64749, 2555, 0, 0, 0
64849, 2600, 0, 0, 0
64949, 2490, 0, 0, 0
65050, 2560, 0, 0, 0
65150, 2590, 0, 0, 0
65250, 2570, 0, 0, 0
65350, 2540, 0, 0, 0
65450, 2570, 0, 0, 0
65550, 2450, 0, 0, 0
65650, 2480, 0, 0, 0
65749, 2606, 0, 0, 0
65849, 2680, 0, 0, 0
65950, 2510, 0, 0, 0
66050, 2510, 0, 0, 0
66150, 2490, 0, 0, 0
66250, 2460, 0, 0, 0
66350, 2570, 0, 0, 0
66450, 2350, 0, 0, 0
66550, 2530, 0, 0, 0
66650, 2520, 0, 0, 0
66749, 2444, 0, 0, 0
66849, 2620, 0, 0, 0
66949, 2600, 0, 0, 0
67050, 2620, 0, 0, 0
67150, 2410, 0, 0, 0
67250, 2690, 0, 0, 0
67350, 2480, 0, 0, 0
67450, 2440, 0, 0, 0
67550, 2420, 0, 0, 0
67650, 2380, 0, 0, 0
67750, 2580, 0, 0, 0
67850, 2700, 0, 0, 0
67950, 2540, 0, 0, 0
68051, 2440, 0, 0, 0
68151, 2510, 0, 0, 0
68250, 2505, 0, 0, 0
68350, 2500, 0, 0, 0
68450, 1760, 0, 0, 0
68550, 2730, 0, 0, 0
68650, 2520, 0, 0, 0
68750, 2480, 0, 0, 0
68850, 2540, 0, 0, 0
68950, 2450, 0, 0, 0
69051, 2440, 0, 0, 0
69151, 1900, 0, 0, 0
69250, 2636, 0, 0, 0
69350, 2520, 0, 0, 0
69450, 2480, 0, 0, 0
69550, 2540, 0, 0, 0
69650, 2440, 0, 0, 0
69750, 2700, 0, 0, 0
69850, 2440, 0, 0, 0
69950, 2450, 0, 0, 0
70051, 2810, 0, 0, 0
70151, 2710, 0, 0, 0
70250, 2595, 0, 0, 0
70350, 2560, 0, 0, 0
70450, 2380, 0, 0, 0
70550, 2550, 0, 0, 0
70650, 2610, 0, 0, 0
70750, 2470, 0, 0, 0
70850, 2520, 0, 0, 0
70950, 2360, 0, 0, 0
71051, 2440, 0, 0, 0
71151, 2700, 0, 0, 0
71250, 2353, 0, 0, 0
71350, 2620, 0, 0, 0
71450, 2560, 0, 0, 0
71550, 2470, 0, 0, 0
71650, 2480, 0, 0, 0
71750, 2380, 0, 0, 0
71850, 2360, 0, 0, 0
71950, 2400, 0, 0, 0
72051, 2630, 0, 0, 0
72151, 2450, 0, 0, 0
72250, 2404, 0, 0, 0
72350, 2450, 0, 0, 0
72450, 2390, 0, 0, 0
72550, 2650, 0, 0, 0
72650, 2600, 0, 0, 0
72750, 2330, 0, 0, 0
72850, 2490, 0, 0, 0
72950, 2580, 0, 0, 0
73051, 2350, 0, 0, 0
73151, 2600, 0, 0, 0
73250, 2474, 0, 0, 0
73350, 2590, 0, 0, 0
73450, 1710, 0, 0, 0
73550, 2400, 0, 0, 0
73650, 2670, 0, 0, 0
73749, 2636, 0, 0, 0
73849, 2480, 0, 0, 0
73949, 2540, 0, 0, 0
74050, 2550, 0, 0, 0
74150, 2420, 0, 0, 0
74250, 2600, 0, 0, 0
74350, 2560, 0, 0, 0
74450, 1690, 0, 0, 0
74550, 2650, 0, 0, 0
74650, 2630, 0, 0, 0
74749, 2484, 0, 0, 0
74850, 2460, 0, 0, 0
74950, 2550, 0, 0, 0
75050, 2400, 0, 0, 0
75150, 2370, 0, 0, 0
75250, 2390, 0, 0, 0
75350, 2460, 0, 0, 0
75450, 2310, 0, 0, 0
75550, 2510, 0, 0, 0
75650, 2460, 0, 0, 0
75749, 2525, 0, 0, 0
75849, 2590, 0, 0, 0
75950, 2490, 0, 0, 0
76050, 2590, 0, 0, 0
76150, 2510, 0, 0, 0
76250, 2310, 0, 0, 0
76350, 2540, 0, 0, 0
76450, 2250, 0, 0, 0
76550, 2610, 0, 0, 0
76650, 2510, 0, 0, 0
76749, 2474, 0, 0, 0
76849, 2460, 0, 0, 0
76950, 2460, 0, 0, 0
77050, 2520, 0, 0, 0
77150, 2540, 0, 0, 0
77250, 2630, 0, 0, 0
77350, 2600, 0, 0, 0
77450, 2680, 0, 0, 0
77550, 2470, 0, 0, 0
77650, 2670, 0, 0, 0
77749, 2595, 0, 0, 0
77849, 2420, 0, 0, 0
77949, 2540, 0, 0, 0
78050, 500, 0, 0, 0
78150, 2870, 0, 0, 0
78250, 2550, 0, 0, 0
78350, 2650, 0, 0, 0
78450, 1890, 0, 0, 0
78550, 2680, 0, 0, 0
78650, 2470, 0, 0, 0
78749, 2353, 0, 0, 0
78849, 2510, 0, 0, 0
78949, 2550, 0, 0, 0
79050, 2430, 0, 0, 0
79150, 2700, 0, 0, 0
79250, 2460, 0, 0, 0
79350, 2490, 0, 0, 0
79450, 2520, 0, 0, 0
79550, 2460, 0, 0, 0
79650, 1500, 0, 0, 0
79749, 2737, 0, 0, 0
79849, 2420, 0, 0, 0
79950, 1100, 0, 0, 0
80050, 2830, 0, 0, 0
80150, 2740, 0, 0, 0
80250, 2730, 0, 0, 0
80350, 2470, 0, 0, 0
80450, 2500, 0, 0, 0
80550, 2220, 0, 0, 0
80650, 2560, 0, 0, 0
80749, 2636, 0, 0, 0
80849, 2540, 0, 0, 0
80950, 2380, 0, 0, 0
81050, 2370, 0, 0, 0
81150, 2420, 0, 0, 0
81250, 2410, 0, 0, 0
81350, 2340, 0, 0, 0
81450, 2480, 0, 0, 0
81550, 2390, 0, 0, 0
81650, 2450, 0, 0, 0
81749, 2010, 0, 0, 0
81849, 2580, 0, 0, 0
81949, 2570, 0, 0, 0
82050, 2500, 0, 0, 0
82150, 2430, 0, 0, 0
82250, 2510, 0, 0, 0
82350, 2520, 0, 0, 0
82450, 2540, 0, 0, 0
82550, 2630, 0, 0, 0
82650, 2320, 0, 0, 0
82749, 2414, 0, 0, 0
82849, 2550, 0, 0, 0
82949, 2480, 0, 0, 0
83050, 1240, 0, 0, 0
83150, 1990, 0, 0, 0
83250, 2570, 0, 0, 0
83350, 2840, 0, 0, 0
83450, 2650, 0, 0, 0
83550, 1950, 0, 0, 0
83650, 2520, 0, 0, 0
83749, 2444, 0, 0, 0
83849, 2450, 0, 0, 0
83949, 2450, 0, 0, 0
84050, 2600, 0, 0, 0
84150, 2510, 0, 0, 0
84250, 2240, 0, 0, 0
84350, 2490, 0, 0, 0
84450, 2230, 0, 0, 0
84550, 2550, 0, 0, 0
84650, 2510, 0, 0, 0
84750, 1525, 0, 0, 0
84850, 2450, 0, 0, 0
84950, 1770, 0, 0, 0
85050, 1490, 0, 0, 0
85150, 2880, 0, 0, 0
85250, 2680, 0, 0, 0
85350, 2500, 0, 0, 0
85450, 2400, 0, 0, 0
85550, 2120, 0, 0, 0
85650, 2570, 0, 0, 0
85750, 2232, 0, 0, 0
85850, 2450, 0, 0, 0
85950, 2460, 0, 0, 0
86050, 2340, 0, 0, 0
86150, 2370, 0, 0, 0
86250, 2600, 0, 0, 0
86350, 2610, 0, 0, 0
86450, 2480, 0, 0, 0
86550, 2470, 0, 0, 0
86650, 2600, 0, 0, 0
86750, 2444, 0, 0, 0
86850, 2430, 0, 0, 0
86950, 2170, 0, 0, 0
87050, 2330, 0, 0, 0
87150, 2270, 0, 0, 0
87250, 2470, 0, 0, 0
87350, 2470, 0, 0, 0
87450, 2520, 0, 0, 0
87550, 2560, 0, 0, 0
87650, 2610, 0, 0, 0
87749, 2404, 0, 0, 0
87850, 2560, 0, 0, 0
87950, 2530, 0, 0, 0
88050, 1820, 0, 0, 0
88150, 170, 0, 0, 0
88250, 1910, 0, 0, 0
88350, 2110, 0, 0, 0
88450, 2690, 0, 0, 0
88550, 2380, 0, 0, 0
88650, 2650, 0, 0, 0
88749, 2373, 0, 0, 0
88849, 2470, 0, 0, 0
88950, 2360, 0, 0, 0
89050, 2670, 0, 0, 0
89150, 2470, 0, 0, 0
89250, 2600, 0, 0, 0
89350, 2430, 0, 0, 0
89450, 2530, 0, 0, 0
89550, 2410, 0, 0, 0
89650, 2610, 0, 0, 0
89749, 2373, 0, 0, 0
89849, 2540, 0, 0, 0
89950, 1950, 0, 0, 0
