100, 473372, 0, 0, 0
200, 424435, 0, 0, 0
300, 452687, 0, 0, 0
400, 451538, 0, 0, 0
500, 461365, 0, 0, 0
600, 460227, 0, 0, 0
700, 448740, 0, 0, 0
800, 450284, 0, 0, 0
900, 443993, 0, 0, 0
1000, 418440, 0, 0, 0
1100, 445715, 0, 0, 0
1200, 448758, 0, 0, 0
1300, 455212, 0, 0, 0
1400, 451992, 0, 0, 0
1500, 440665, 0, 0, 0
1600, 449071, 0, 0, 0
1700, 451430, 0, 0, 0
1800, 441422, 0, 0, 0
1900, 455815, 0, 0, 0
2000, 449100, 0, 0, 0
2100, 416386, 0, 0, 0
2200, 444203, 0, 0, 0
2300, 456061, 0, 0, 0
2400, 467926, 0, 0, 0
2500, 436759, 0, 0, 0
2600, 445574, 0, 0, 0
2700, 439095, 0, 0, 0
2800, 416492, 0, 0, 0
2900, 441774, 0, 0, 0
3000, 454071, 0, 0, 0
3100, 443417, 0, 0, 0
3200, 440216, 0, 0, 0
3300, 455701, 0, 0, 0
3400, 454977, 0, 0, 0
3500, 453872, 0, 0, 0
3600, 445480, 0, 0, 0
3700, 436038, 0, 0, 0
3800, 457179, 0, 0, 0
3900, 449901, 0, 0, 0
4000, 440372, 0, 0, 0
4100, 441177, 0, 0, 0
4200, 450749, 0, 0, 0
4300, 457854, 0, 0, 0
4400, 456288, 0, 0, 0
4500, 461853, 0, 0, 0
4600, 445999, 0, 0, 0
4700, 448085, 0, 0, 0
4800, 432220, 0, 0, 0
4900, 442156, 0, 0, 0
5000, 482198, 0, 0, 0
5100, 430335, 0, 0, 0
5200, 455659, 0, 0, 0
5300, 459685, 0, 0, 0
5400, 446208, 0, 0, 0
5500, 461585, 0, 0, 0
5600, 472690, 0, 0, 0
5700, 520509, 0, 0, 0
5800, 477435, 0, 0, 0
5900, 475610, 0, 0, 0
6000, 440122, 0, 0, 0
6100, 433348, 0, 0, 0
6200, 446631, 0, 0, 0
6300, 447850, 0, 0, 0
6400, 457096, 0, 0, 0
6500, 456100, 0, 0, 0
6600, 434139, 0, 0, 0
6700, 434640, 0, 0, 0
6800, 432330, 0, 0, 0
6900, 483792, 0, 0, 0
7000, 440591, 0, 0, 0
7100, 452593, 0, 0, 0
7200, 426052, 0, 0, 0
7300, 429127, 0, 0, 0
7400, 459883, 0, 0, 0
7500, 446230, 0, 0, 0
7600, 454925, 0, 0, 0
7700, 464435, 0, 0, 0
7800, 472006, 0, 0, 0
7900, 463040, 0, 0, 0
8000, 466480, 0, 0, 0
8100, 418080, 0, 0, 0
8200, 462894, 0, 0, 0
8300, 463034, 0, 0, 0
8400, 472334, 0, 0, 0
8500, 508455, 0, 0, 0
8600, 468179, 0, 0, 0
8700, 477279, 0, 0, 0
8800, 427080, 0, 0, 0
8900, 449033, 0, 0, 0
9000, 460048, 0, 0, 0
9100, 439835, 0, 0, 0
9200, 468168, 0, 0, 0
9300, 454975, 0, 0, 0
9400, 436926, 0, 0, 0
9500, 436994, 0, 0, 0
9600, 443197, 0, 0, 0
9700, 443800, 0, 0, 0
9800, 446957, 0, 0, 0
9900, 453465, 0, 0, 0
10000, 446560, 0, 0, 0
10100, 484555, 0, 0, 0
10200, 451303, 0, 0, 0
10300, 485258, 0, 0, 0
10400, 465894, 0, 0, 0
10500, 456959, 0, 0, 0
10600, 438885, 0, 0, 0
10700, 461040, 0, 0, 0
10800, 454995, 0, 0, 0
10900, 451421, 0, 0, 0
11000, 467606, 0, 0, 0
11100, 445407, 0, 0, 0
11200, 446470, 0, 0, 0
11300, 444835, 0, 0, 0
11400, 481940, 0, 0, 0
11500, 422655, 0, 0, 0
11600, 439587, 0, 0, 0
11700, 463799, 0, 0, 0
11800, 447397, 0, 0, 0
11900, 430036, 0, 0, 0
12000, 465778, 0, 0, 0
12100, 457560, 0, 0, 0
12200, 447574, 0, 0, 0
12300, 448649, 0, 0, 0
12400, 479151, 0, 0, 0
12500, 462774, 0, 0, 0
12600, 464387, 0, 0, 0
12700, 445240, 0, 0, 0
12800, 452835, 0, 0, 0
12900, 451806, 0, 0, 0
13000, 437406, 0, 0, 0
13100, 445957, 0, 0, 0
13200, 447640, 0, 0, 0
13300, 424462, 0, 0, 0
13400, 452971, 0, 0, 0
13500, 462909, 0, 0, 0
13600, 446215, 0, 0, 0
13700, 446249, 0, 0, 0
13800, 481298, 0, 0, 0
13900, 440518, 0, 0, 0
14000, 447957, 0, 0, 0
14100, 480870, 0, 0, 0
14200, 461942, 0, 0, 0
14300, 463308, 0, 0, 0
14400, 458356, 0, 0, 0
14500, 460374, 0, 0, 0
14600, 473772, 0, 0, 0
14700, 478445, 0, 0, 0
14800, 518037, 0, 0, 0
14900, 440674, 0, 0, 0
15000, 453299, 0, 0, 0
15100, 448483, 0, 0, 0
15200, 452013, 0, 0, 0
15300, 457581, 0, 0, 0
15400, 446060, 0, 0, 0
15500, 454823, 0, 0, 0
15600, 455173, 0, 0, 0
15700, 452855, 0, 0, 0
15800, 457716, 0, 0, 0
15900, 443409, 0, 0, 0
16000, 450693, 0, 0, 0
16100, 463921, 0, 0, 0
16200, 449479, 0, 0, 0
16300, 436483, 0, 0, 0
16400, 437839, 0, 0, 0
16500, 442435, 0, 0, 0
16614, 537244, 0, 0, 0
16700, 453256, 0, 0, 0
16800, 479913, 0, 0, 0
16900, 455385, 0, 0, 0
17000, 437092, 0, 0, 0
17100, 462867, 0, 0, 0
17200, 436404, 0, 0, 0
17300, 429026, 0, 0, 0
17400, 473471, 0, 0, 0
17500, 511755, 0, 0, 0
17600, 455312, 0, 0, 0
17700, 460088, 0, 0, 0
17800, 487594, 0, 0, 0
17900, 466075, 0, 0, 0
18000, 458767, 0, 0, 0
18100, 419570, 0, 0, 0
18200, 463844, 0, 0, 0
18300, 455885, 0, 0, 0
18400, 478889, 0, 0, 0
18500, 472357, 0, 0, 0
18600, 442325, 0, 0, 0
18700, 472450, 0, 0, 0
18800, 448633, 0, 0, 0
18900, 424618, 0, 0, 0
19000, 462492, 0, 0, 0
19100, 432857, 0, 0, 0
19200, 441249, 0, 0, 0
19300, 451533, 0, 0, 0
19400, 442458, 0, 0, 0
19500, 455090, 0, 0, 0
19600, 445580, 0, 0, 0
19700, 453568, 0, 0, 0
19800, 485022, 0, 0, 0
19900, 466142, 0, 0, 0
20000, 466591, 0, 0, 0
20100, 434730, 0, 0, 0
20200, 456840, 0, 0, 0
20300, 436809, 0, 0, 0
20400, 457765, 0, 0, 0
20500, 466481, 0, 0, 0
20600, 486360, 0, 0, 0
20700, 454476, 0, 0, 0
20800, 439448, 0, 0, 0
20900, 473264, 0, 0, 0
21000, 460276, 0, 0, 0
21100, 453075, 0, 0, 0
21200, 420322, 0, 0, 0
21300, 453057, 0, 0, 0
21400, 452899, 0, 0, 0
21500, 459408, 0, 0, 0
21600, 487742, 0, 0, 0
21700, 463350, 0, 0, 0
21800, 462298, 0, 0, 0
21900, 477290, 0, 0, 0
22000, 493519, 0, 0, 0
22100, 448457, 0, 0, 0
22200, 548220, 0, 0, 0
22300, 482626, 0, 0, 0
22400, 482196, 0, 0, 0
22500, 456160, 0, 0, 0
22600, 461663, 0, 0, 0
22700, 462501, 0, 0, 0
22800, 463230, 0, 0, 0
22900, 454455, 0, 0, 0
23000, 473178, 0, 0, 0
23100, 442092, 0, 0, 0
23200, 437949, 0, 0, 0
23300, 457764, 0, 0, 0
23400, 453120, 0, 0, 0
23500, 463500, 0, 0, 0
23600, 444786, 0, 0, 0
23700, 451275, 0, 0, 0
23800, 411002, 0, 0, 0
23900, 426972, 0, 0, 0
24000, 460274, 0, 0, 0
24100, 482753, 0, 0, 0
24200, 449709, 0, 0, 0
24300, 445905, 0, 0, 0
24400, 433218, 0, 0, 0
24500, 482741, 0, 0, 0
24600, 433043, 0, 0, 0
24700, 448936, 0, 0, 0
24800, 481281, 0, 0, 0
24900, 471369, 0, 0, 0
25000, 460870, 0, 0, 0
25100, 461079, 0, 0, 0
25200, 461152, 0, 0, 0
25300, 432331, 0, 0, 0
25400, 442450, 0, 0, 0
25500, 448558, 0, 0, 0
25600, 449082, 0, 0, 0
25700, 416969, 0, 0, 0
25800, 456272, 0, 0, 0
25900, 459514, 0, 0, 0
26000, 421123, 0, 0, 0
26100, 464584, 0, 0, 0
26200, 445194, 0, 0, 0
26300, 450408, 0, 0, 0
26400, 473168, 0, 0, 0
26500, 436556, 0, 0, 0
26600, 440433, 0, 0, 0
26700, 445612, 0, 0, 0
26800, 449744, 0, 0, 0
26900, 430962, 0, 0, 0
27000, 458541, 0, 0, 0
27100, 445949, 0, 0, 0
27200, 440643, 0, 0, 0
27300, 436157, 0, 0, 0
27400, 454668, 0, 0, 0
27500, 419099, 0, 0, 0
27600, 433596, 0, 0, 0
27700, 445635, 0, 0, 0
27800, 446548, 0, 0, 0
27900, 460282, 0, 0, 0
28000, 486476, 0, 0, 0
28100, 457708, 0, 0, 0
28200, 460302, 0, 0, 0
28300, 444505, 0, 0, 0
28400, 457365, 0, 0, 0
28500, 474349, 0, 0, 0
28600, 473385, 0, 0, 0
28700, 475953, 0, 0, 0
28800, 432271, 0, 0, 0
28900, 458196, 0, 0, 0
29000, 429356, 0, 0, 0
29100, 425857, 0, 0, 0
29200, 484275, 0, 0, 0
29300, 495701, 0, 0, 0
29400, 494265, 0, 0, 0
29500, 433268, 0, 0, 0
29600, 448649, 0, 0, 0
29700, 474355, 0, 0, 0
29800, 453779, 0, 0, 0
29900, 443843, 0, 0, 0
30000, 436584, 0, 0, 0
30100, 444459, 0, 0, 0
30200, 437536, 0, 0, 0
30300, 504340, 0, 0, 0
30400, 451489, 0, 0, 0
30500, 458135, 0, 0, 0
30600, 436789, 0, 0, 0
30700, 432266, 0, 0, 0
30800, 446119, 0, 0, 0
30900, 459922, 0, 0, 0
31000, 432209, 0, 0, 0
31100, 449855, 0, 0, 0
31200, 435108, 0, 0, 0
31300, 448296, 0, 0, 0
31400, 421106, 0, 0, 0
31500, 444094, 0, 0, 0
31600, 459977, 0, 0, 0
31700, 448947, 0, 0, 0
31800, 478545, 0, 0, 0
31900, 452420, 0, 0, 0
32000, 515957, 0, 0, 0
32100, 443409, 0, 0, 0
32200, 432515, 0, 0, 0
32300, 451806, 0, 0, 0
32400, 456693, 0, 0, 0
32500, 462477, 0, 0, 0
32600, 441557, 0, 0, 0
32700, 441647, 0, 0, 0
32800, 411692, 0, 0, 0
32900, 458449, 0, 0, 0
33000, 477644, 0, 0, 0
33100, 460334, 0, 0, 0
33200, 444952, 0, 0, 0
33300, 472106, 0, 0, 0
33400, 484032, 0, 0, 0
33500, 464761, 0, 0, 0
33600, 442476, 0, 0, 0
33700, 432296, 0, 0, 0
33800, 452298, 0, 0, 0
33900, 449719, 0, 0, 0
34000, 441523, 0, 0, 0
34100, 470107, 0, 0, 0
34200, 492205, 0, 0, 0
34300, 455335, 0, 0, 0
34400, 477806, 0, 0, 0
34500, 472114, 0, 0, 0
34600, 426347, 0, 0, 0
34700, 477124, 0, 0, 0
34800, 440981, 0, 0, 0
34900, 441008, 0, 0, 0
35000, 444009, 0, 0, 0
35100, 456274, 0, 0, 0
35200, 454676, 0, 0, 0
35300, 456701, 0, 0, 0
35400, 449191, 0, 0, 0
35500, 448885, 0, 0, 0
35600, 487933, 0, 0, 0
35700, 456735, 0, 0, 0
35800, 434297, 0, 0, 0
35900, 454394, 0, 0, 0
36000, 458040, 0, 0, 0
36100, 453811, 0, 0, 0
36200, 473579, 0, 0, 0
36300, 432548, 0, 0, 0
36400, 446027, 0, 0, 0
36500, 446520, 0, 0, 0
36600, 465640, 0, 0, 0
36700, 438105, 0, 0, 0
36800, 439446, 0, 0, 0
36900, 470543, 0, 0, 0
37000, 458186, 0, 0, 0
37100, 460774, 0, 0, 0
37200, 455722, 0, 0, 0
37300, 453774, 0, 0, 0
37400, 462716, 0, 0, 0
37500, 440302, 0, 0, 0
37600, 441472, 0, 0, 0
37700, 424618, 0, 0, 0
37800, 457744, 0, 0, 0
37900, 450250, 0, 0, 0
38000, 453614, 0, 0, 0
38100, 444273, 0, 0, 0
38200, 469473, 0, 0, 0
38300, 455777, 0, 0, 0
38400, 485022, 0, 0, 0
38500, 447692, 0, 0, 0
38600, 463108, 0, 0, 0
38700, 431432, 0, 0, 0
38800, 448934, 0, 0, 0
38900, 471293, 0, 0, 0
39000, 480606, 0, 0, 0
39100, 451508, 0, 0, 0
39200, 447820, 0, 0, 0
39300, 460307, 0, 0, 0
39400, 442677, 0, 0, 0
39500, 459722, 0, 0, 0
39600, 453299, 0, 0, 0
39700, 467114, 0, 0, 0
39800, 467290, 0, 0, 0
39900, 462377, 0, 0, 0
40000, 464806, 0, 0, 0
40100, 458722, 0, 0, 0
40200, 453423, 0, 0, 0
40300, 465475, 0, 0, 0
40400, 478337, 0, 0, 0
40500, 446646, 0, 0, 0
40600, 477754, 0, 0, 0
40700, 444615, 0, 0, 0
40800, 459686, 0, 0, 0
40900, 436066, 0, 0, 0
41000, 444990, 0, 0, 0
41100, 441039, 0, 0, 0
41200, 431269, 0, 0, 0
41300, 440568, 0, 0, 0
41400, 454146, 0, 0, 0
41500, 456338, 0, 0, 0
41600, 468683, 0, 0, 0
41700, 463839, 0, 0, 0
41800, 481371, 0, 0, 0
41900, 476188, 0, 0, 0
42000, 488334, 0, 0, 0
42100, 443185, 0, 0, 0
42200, 489996, 0, 0, 0
42300, 460467, 0, 0, 0
42400, 450787, 0, 0, 0
42500, 441902, 0, 0, 0
42600, 438003, 0, 0, 0
42700, 469541, 0, 0, 0
42800, 446143, 0, 0, 0
42900, 451846, 0, 0, 0
43000, 496090, 0, 0, 0
43100, 442718, 0, 0, 0
43200, 442019, 0, 0, 0
43300, 448718, 0, 0, 0
43400, 434626, 0, 0, 0
43500, 430710, 0, 0, 0
43600, 450045, 0, 0, 0
43700, 447746, 0, 0, 0
43800, 422933, 0, 0, 0
43900, 494027, 0, 0, 0
44000, 468615, 0, 0, 0
44100, 445082, 0, 0, 0
44200, 453379, 0, 0, 0
44300, 456373, 0, 0, 0
44400, 466348, 0, 0, 0
44500, 482519, 0, 0, 0
44600, 454744, 0, 0, 0
44700, 476137, 0, 0, 0
44800, 465932, 0, 0, 0
44900, 433697, 0, 0, 0
45000, 461646, 0, 0, 0
45100, 442398, 0, 0, 0
45200, 466342, 0, 0, 0
45300, 455757, 0, 0, 0
45400, 440896, 0, 0, 0
45500, 462524, 0, 0, 0
45600, 432289, 0, 0, 0
45700, 453750, 0, 0, 0
45800, 437906, 0, 0, 0
45900, 437196, 0, 0, 0
46000, 464737, 0, 0, 0
46100, 474106, 0, 0, 0
46200, 480452, 0, 0, 0
46300, 456279, 0, 0, 0
46400, 445966, 0, 0, 0
46500, 487390, 0, 0, 0
46600, 473858, 0, 0, 0
46700, 446944, 0, 0, 0
46800, 437284, 0, 0, 0
46900, 462182, 0, 0, 0
47000, 446173, 0, 0, 0
47100, 450129, 0, 0, 0
47200, 445661, 0, 0, 0
47300, 454416, 0, 0, 0
47400, 433365, 0, 0, 0
47500, 478870, 0, 0, 0
47600, 459979, 0, 0, 0
47700, 443479, 0, 0, 0
47800, 440818, 0, 0, 0
47900, 483781, 0, 0, 0
48000, 448410, 0, 0, 0
48100, 419542, 0, 0, 0
48200, 444208, 0, 0, 0
48300, 456959, 0, 0, 0
48400, 466891, 0, 0, 0
48500, 452369, 0, 0, 0
48600, 460560, 0, 0, 0
48700, 493913, 0, 0, 0
48800, 461239, 0, 0, 0
48900, 450767, 0, 0, 0
49000, 457424, 0, 0, 0
49100, 479750, 0, 0, 0
49200, 479199, 0, 0, 0
49300, 469733, 0, 0, 0
49400, 451530, 0, 0, 0
49500, 448413, 0, 0, 0
49600, 476438, 0, 0, 0
49700, 439366, 0, 0, 0
49800, 427238, 0, 0, 0
49900, 440101, 0, 0, 0
50000, 434946, 0, 0, 0
50100, 426905, 0, 0, 0
50200, 446497, 0, 0, 0
50300, 470763, 0, 0, 0
50400, 456721, 0, 0, 0
50500, 446347, 0, 0, 0
50600, 445799, 0, 0, 0
50700, 445078, 0, 0, 0
50800, 459251, 0, 0, 0
50900, 458599, 0, 0, 0
51000, 451237, 0, 0, 0
51100, 450252, 0, 0, 0
51200, 454818, 0, 0, 0
51300, 454973, 0, 0, 0
51400, 449387, 0, 0, 0
51500, 425363, 0, 0, 0
51600, 461903, 0, 0, 0
51700, 446740, 0, 0, 0
51800, 454503, 0, 0, 0
51900, 462195, 0, 0, 0
52000, 469451, 0, 0, 0
52100, 478539, 0, 0, 0
52200, 433118, 0, 0, 0
52300, 452248, 0, 0, 0
52400, 447549, 0, 0, 0
52500, 451581, 0, 0, 0
52600, 442491, 0, 0, 0
52700, 436717, 0, 0, 0
52800, 468397, 0, 0, 0
52900, 439247, 0, 0, 0
53000, 456195, 0, 0, 0
53100, 478061, 0, 0, 0
53200, 452667, 0, 0, 0
53300, 475806, 0, 0, 0
53400, 479800, 0, 0, 0
53500, 460283, 0, 0, 0
53600, 448460, 0, 0, 0
53700, 459128, 0, 0, 0
53800, 441135, 0, 0, 0
53900, 432027, 0, 0, 0
54000, 446349, 0, 0, 0
54100, 465332, 0, 0, 0
54200, 455143, 0, 0, 0
54300, 447125, 0, 0, 0
54400, 440508, 0, 0, 0
54500, 436000, 0, 0, 0
54600, 457744, 0, 0, 0
54700, 451085, 0, 0, 0
54800, 483941, 0, 0, 0
54900, 439221, 0, 0, 0
55000, 447246, 0, 0, 0
55100, 450217, 0, 0, 0
55200, 438337, 0, 0, 0
55300, 502782, 0, 0, 0
55400, 469496, 0, 0, 0
55500, 430983, 0, 0, 0
55600, 465318, 0, 0, 0
55700, 617368, 0, 0, 0
55800, 432988, 0, 0, 0
55900, 507359, 0, 0, 0
56000, 471551, 0, 0, 0
56100, 458678, 0, 0, 0
56200, 457784, 0, 0, 0
56300, 475761, 0, 0, 0
56400, 457453, 0, 0, 0
56500, 454264, 0, 0, 0
56600, 437415, 0, 0, 0
56700, 459818, 0, 0, 0
56800, 442294, 0, 0, 0
56900, 453272, 0, 0, 0
57000, 452334, 0, 0, 0
57100, 453109, 0, 0, 0
57200, 449232, 0, 0, 0
57300, 462686, 0, 0, 0
57400, 489946, 0, 0, 0
57500, 438939, 0, 0, 0
57600, 476091, 0, 0, 0
57700, 457030, 0, 0, 0
57800, 454893, 0, 0, 0
57900, 458082, 0, 0, 0
58000, 435479, 0, 0, 0
58100, 468472, 0, 0, 0
58200, 438727, 0, 0, 0
58300, 442379, 0, 0, 0
58400, 443685, 0, 0, 0
58500, 456699, 0, 0, 0
58600, 440679, 0, 0, 0
58700, 476533, 0, 0, 0
58800, 452616, 0, 0, 0
58900, 458302, 0, 0, 0
59000, 444018, 0, 0, 0
59100, 448282, 0, 0, 0
59200, 455572, 0, 0, 0
59300, 427867, 0, 0, 0
59400, 445229, 0, 0, 0
59500, 464542, 0, 0, 0
59600, 443922, 0, 0, 0
59700, 477028, 0, 0, 0
59800, 444859, 0, 0, 0
59900, 443717, 0, 0, 0
60000, 450013, 0, 0, 0
60100, 431009, 0, 0, 0
60200, 468381, 0, 0, 0
60300, 444419, 0, 0, 0
60400, 461385, 0, 0, 0
60500, 458470, 0, 0, 0
60600, 450043, 0, 0, 0
60700, 456461, 0, 0, 0
60800, 445056, 0, 0, 0
60900, 441111, 0, 0, 0
61000, 453308, 0, 0, 0
61100, 447900, 0, 0, 0
61200, 431559, 0, 0, 0
61300, 456929, 0, 0, 0
61400, 449524, 0, 0, 0
61500, 477538, 0, 0, 0
61600, 442923, 0, 0, 0
61700, 451572, 0, 0, 0
61800, 437870, 0, 0, 0
61900, 456637, 0, 0, 0
62000, 446506, 0, 0, 0
62100, 468181, 0, 0, 0
62200, 473788, 0, 0, 0
62300, 459414, 0, 0, 0
62400, 441963, 0, 0, 0
62500, 440081, 0, 0, 0
62600, 442280, 0, 0, 0
62700, 436715, 0, 0, 0
62800, 463806, 0, 0, 0
62900, 484608, 0, 0, 0
63000, 442250, 0, 0, 0
63100, 432244, 0, 0, 0
63200, 430653, 0, 0, 0
63300, 466002, 0, 0, 0
63400, 473456, 0, 0, 0
63500, 450442, 0, 0, 0
63600, 448558, 0, 0, 0
63700, 431348, 0, 0, 0
63800, 447868, 0, 0, 0
63900, 456448, 0, 0, 0
64000, 451644, 0, 0, 0
64100, 449081, 0, 0, 0
64200, 467140, 0, 0, 0
64300, 506269, 0, 0, 0
64400, 472437, 0, 0, 0
64500, 459800, 0, 0, 0
64600, 475353, 0, 0, 0
64700, 419675, 0, 0, 0
64800, 424985, 0, 0, 0
64900, 438148, 0, 0, 0
65000, 443833, 0, 0, 0
65100, 455249, 0, 0, 0
65200, 467175, 0, 0, 0
65300, 440826, 0, 0, 0
65400, 456209, 0, 0, 0
65500, 458602, 0, 0, 0
65600, 461193, 0, 0, 0
65700, 451199, 0, 0, 0
65800, 436683, 0, 0, 0
65900, 449664, 0, 0, 0
66000, 452032, 0, 0, 0
66100, 459547, 0, 0, 0
66200, 444790, 0, 0, 0
66300, 441810, 0, 0, 0
66400, 446488, 0, 0, 0
66500, 478625, 0, 0, 0
66600, 451039, 0, 0, 0
66700, 449877, 0, 0, 0
66800, 457801, 0, 0, 0
66900, 433160, 0, 0, 0
67000, 448233, 0, 0, 0
67100, 454469, 0, 0, 0
67200, 478745, 0, 0, 0
67300, 449278, 0, 0, 0
67400, 443963, 0, 0, 0
67500, 478777, 0, 0, 0
67600, 438453, 0, 0, 0
67700, 488283, 0, 0, 0
67800, 453559, 0, 0, 0
67900, 454085, 0, 0, 0
68000, 454253, 0, 0, 0
68100, 456448, 0, 0, 0
68200, 462503, 0, 0, 0
68300, 471264, 0, 0, 0
68400, 441425, 0, 0, 0
68500, 473288, 0, 0, 0
68600, 481869, 0, 0, 0
68700, 456888, 0, 0, 0
68800, 469497, 0, 0, 0
68900, 460764, 0, 0, 0
69000, 447951, 0, 0, 0
69100, 487211, 0, 0, 0
69200, 453206, 0, 0, 0
69300, 439419, 0, 0, 0
69400, 467654, 0, 0, 0
69500, 441158, 0, 0, 0
69600, 442843, 0, 0, 0
69700, 457884, 0, 0, 0
69800, 446790, 0, 0, 0
69900, 440239, 0, 0, 0
70000, 447711, 0, 0, 0
70100, 441845, 0, 0, 0
70200, 469509, 0, 0, 0
70300, 476796, 0, 0, 0
70400, 463775, 0, 0, 0
70500, 457619, 0, 0, 0
70600, 476128, 0, 0, 0
70700, 456921, 0, 0, 0
70800, 436641, 0, 0, 0
70900, 449435, 0, 0, 0
71000, 486740, 0, 0, 0
71100, 450437, 0, 0, 0
71200, 463125, 0, 0, 0
71300, 446929, 0, 0, 0
71400, 467207, 0, 0, 0
71500, 489128, 0, 0, 0
71600, 474589, 0, 0, 0
71700, 460211, 0, 0, 0
71800, 519885, 0, 0, 0
71900, 476322, 0, 0, 0
72000, 475699, 0, 0, 0
72100, 481556, 0, 0, 0
72200, 443865, 0, 0, 0
72300, 555387, 0, 0, 0
72400, 468761, 0, 0, 0
72500, 443651, 0, 0, 0
72600, 465027, 0, 0, 0
72700, 451960, 0, 0, 0
72800, 473083, 0, 0, 0
72900, 460791, 0, 0, 0
73000, 459846, 0, 0, 0
73100, 459715, 0, 0, 0
73200, 477347, 0, 0, 0
73300, 459762, 0, 0, 0
73400, 457124, 0, 0, 0
73500, 446123, 0, 0, 0
73600, 428685, 0, 0, 0
73700, 433114, 0, 0, 0
73800, 449746, 0, 0, 0
73900, 457438, 0, 0, 0
74000, 461127, 0, 0, 0
74100, 455777, 0, 0, 0
74200, 444125, 0, 0, 0
74300, 439069, 0, 0, 0
74400, 465459, 0, 0, 0
74500, 451477, 0, 0, 0
74600, 461763, 0, 0, 0
74700, 467077, 0, 0, 0
74800, 462027, 0, 0, 0
74900, 449982, 0, 0, 0
75000, 436593, 0, 0, 0
75100, 468809, 0, 0, 0
75200, 447931, 0, 0, 0
75300, 419096, 0, 0, 0
75400, 455076, 0, 0, 0
75500, 441992, 0, 0, 0
75600, 459263, 0, 0, 0
75700, 455125, 0, 0, 0
75800, 431625, 0, 0, 0
75900, 438523, 0, 0, 0
76000, 453497, 0, 0, 0
76100, 471544, 0, 0, 0
76200, 469237, 0, 0, 0
76300, 435809, 0, 0, 0
76400, 473188, 0, 0, 0
76500, 468424, 0, 0, 0
76600, 453406, 0, 0, 0
76700, 470723, 0, 0, 0
76800, 451578, 0, 0, 0
76900, 465227, 0, 0, 0
77000, 448973, 0, 0, 0
77100, 453452, 0, 0, 0
77200, 470424, 0, 0, 0
77300, 470007, 0, 0, 0
77400, 455613, 0, 0, 0
77500, 437197, 0, 0, 0
77600, 458516, 0, 0, 0
77700, 458391, 0, 0, 0
77800, 459972, 0, 0, 0
77900, 479988, 0, 0, 0
78000, 434866, 0, 0, 0
78100, 433957, 0, 0, 0
78200, 445683, 0, 0, 0
78300, 436627, 0, 0, 0
78400, 450023, 0, 0, 0
78500, 459330, 0, 0, 0
78600, 445154, 0, 0, 0
78700, 450399, 0, 0, 0
78800, 456443, 0, 0, 0
78900, 443702, 0, 0, 0
79000, 451920, 0, 0, 0
79100, 467131, 0, 0, 0
79200, 448728, 0, 0, 0
79300, 433271, 0, 0, 0
79400, 438052, 0, 0, 0
79500, 444749, 0, 0, 0
79600, 523583, 0, 0, 0
79700, 413493, 0, 0, 0
79800, 491844, 0, 0, 0
79900, 490313, 0, 0, 0
80000, 467848, 0, 0, 0
80100, 467471, 0, 0, 0
80200, 483890, 0, 0, 0
80300, 421920, 0, 0, 0
80400, 439015, 0, 0, 0
80500, 447098, 0, 0, 0
80600, 473671, 0, 0, 0
80700, 453601, 0, 0, 0
80800, 421278, 0, 0, 0
80900, 492558, 0, 0, 0
81000, 445029, 0, 0, 0
81100, 444945, 0, 0, 0
81200, 460629, 0, 0, 0
81300, 474455, 0, 0, 0
81400, 437673, 0, 0, 0
81500, 457270, 0, 0, 0
81600, 485068, 0, 0, 0
81700, 439004, 0, 0, 0
81800, 445693, 0, 0, 0
81900, 429725, 0, 0, 0
82000, 447426, 0, 0, 0
82100, 446393, 0, 0, 0
82200, 445322, 0, 0, 0
82300, 453539, 0, 0, 0
82400, 428518, 0, 0, 0
82500, 459561, 0, 0, 0
82600, 446678, 0, 0, 0
82700, 481705, 0, 0, 0
82800, 451867, 0, 0, 0
82900, 427573, 0, 0, 0
83000, 471730, 0, 0, 0
83100, 476192, 0, 0, 0
83200, 453264, 0, 0, 0
83300, 444704, 0, 0, 0
83400, 440733, 0, 0, 0
83500, 472978, 0, 0, 0
83600, 461669, 0, 0, 0
83700, 469016, 0, 0, 0
83800, 477074, 0, 0, 0
83900, 460846, 0, 0, 0
84000, 435182, 0, 0, 0
84100, 456330, 0, 0, 0
84200, 465386, 0, 0, 0
84300, 500382, 0, 0, 0
84400, 435669, 0, 0, 0
84500, 477770, 0, 0, 0
84600, 457505, 0, 0, 0
84700, 470934, 0, 0, 0
84800, 423302, 0, 0, 0
84900, 425125, 0, 0, 0
85000, 467974, 0, 0, 0
85100, 466601, 0, 0, 0
85200, 432218, 0, 0, 0
85300, 469530, 0, 0, 0
85400, 460527, 0, 0, 0
85500, 457209, 0, 0, 0
85600, 458600, 0, 0, 0
85700, 494990, 0, 0, 0
85800, 462271, 0, 0, 0
85900, 450056, 0, 0, 0
86000, 451757, 0, 0, 0
86100, 450139, 0, 0, 0
86200, 460673, 0, 0, 0
86300, 461674, 0, 0, 0
86400, 473330, 0, 0, 0
86500, 465027, 0, 0, 0
86600, 466842, 0, 0, 0
86700, 471318, 0, 0, 0
86800, 450018, 0, 0, 0
86900, 438038, 0, 0, 0
87000, 457901, 0, 0, 0
87100, 467981, 0, 0, 0
87200, 473900, 0, 0, 0
87300, 467069, 0, 0, 0
87400, 443064, 0, 0, 0
87500, 459828, 0, 0, 0
87600, 477905, 0, 0, 0
87700, 438866, 0, 0, 0
87800, 454606, 0, 0, 0
87900, 447159, 0, 0, 0
88000, 454877, 0, 0, 0
88100, 453319, 0, 0, 0
88200, 468791, 0, 0, 0
88300, 460769, 0, 0, 0
88400, 456944, 0, 0, 0
88500, 459189, 0, 0, 0
88600, 456715, 0, 0, 0
88700, 465099, 0, 0, 0
88800, 478639, 0, 0, 0
88900, 472301, 0, 0, 0
89000, 467697, 0, 0, 0
89100, 428277, 0, 0, 0
89200, 425591, 0, 0, 0
89300, 454105, 0, 0, 0
89400, 468687, 0, 0, 0
89500, 452988, 0, 0, 0
89600, 440388, 0, 0, 0
89700, 451453, 0, 0, 0
89800, 459761, 0, 0, 0
89900, 446507, 0, 0, 0
90000, 486559, 0, 0, 0
