102, 48991014, 1, 0, 0
204, 50753377, 1, 0, 0
318, 49943998, 1, 0, 0
430, 48954990, 1, 0, 0
516, 54139676, 1, 0, 0
600, 42317753, 1, 0, 0
716, 49808790, 1, 0, 0
818, 48401278, 1, 0, 0
917, 47987298, 1, 0, 0
1031, 44421287, 1, 0, 0
1109, 42938223, 1, 0, 0
1210, 56345345, 1, 0, 0
1323, 45785813, 1, 0, 0
1414, 64974401, 1, 0, 0
1525, 68167040, 1, 0, 0
1650, 67101487, 1, 0, 0
1722, 119242129, 1, 0, 0
1800, 72219674, 1, 0, 0
1916, 61062335, 1, 0, 0
2025, 59858603, 1, 0, 0
2100, 69166190, 1, 0, 0
2221, 69837032, 1, 0, 0
2326, 64161059, 1, 0, 0
2402, 67456256, 1, 0, 0
2500, 79111122, 1, 0, 0
2600, 75856862, 1, 0, 0
2756, 70276051, 1, 0, 0
2812, 95731935, 1, 0, 0
2906, 43950225, 1, 0, 0
3016, 45171426, 1, 0, 0
3102, 49844141, 1, 0, 0
3201, 31006860, 1, 0, 0
3300, 32256093, 1, 0, 0
3401, 32876177, 1, 0, 0
3500, 33076164, 1, 0, 0
3601, 30201341, 1, 0, 0
3704, 31121093, 1, 0, 0
3802, 30590315, 1, 0, 0
3900, 29522774, 1, 0, 0
4001, 34552873, 1, 0, 0
4101, 31642624, 1, 0, 0
4200, 36681101, 1, 0, 0
4300, 30767871, 1, 0, 0
4401, 32582784, 1, 0, 0
4507, 28642930, 1, 0, 0
4600, 31749432, 1, 0, 0
4701, 29519440, 1, 0, 0
4804, 32996675, 1, 0, 0
4910, 30829200, 1, 0, 0
5006, 29451030, 1, 0, 0
5100, 30764963, 1, 0, 0
5205, 29703210, 1, 0, 0
5305, 30968362, 1, 0, 0
5407, 31426697, 1, 0, 0
5501, 32988165, 1, 0, 0
5602, 30041763, 1, 0, 0
5700, 36723174, 1, 0, 0
5803, 26233961, 1, 0, 0
5901, 30112359, 1, 0, 0
6009, 29256548, 1, 0, 0
6100, 31310366, 1, 0, 0
6209, 30858630, 1, 0, 0
6300, 29240254, 1, 0, 0
6414, 29274618, 1, 0, 0
6504, 32580729, 1, 0, 0
6618, 30192009, 1, 0, 0
6701, 32989089, 1, 0, 0
6808, 30768398, 1, 0, 0
6900, 31464829, 1, 0, 0
7016, 36437427, 1, 0, 0
7100, 51959947, 1, 0, 0
7209, 48284725, 1, 0, 0
7300, 51699724, 1, 0, 0
7411, 48592637, 1, 0, 0
7500, 46760077, 1, 0, 0
7607, 48613337, 1, 0, 0
7718, 48548177, 1, 0, 0
7807, 47987506, 1, 0, 0
7919, 49909808, 1, 0, 0
8008, 45292527, 1, 0, 0
8118, 42982741, 1, 0, 0
8200, 53047447, 1, 0, 0
8307, 43870851, 1, 0, 0
8430, 49586054, 1, 0, 0
8519, 53312895, 1, 0, 0
8600, 54304814, 1, 0, 0
8709, 48749339, 1, 0, 0
8821, 47328192, 1, 0, 0
8904, 46598571, 1, 0, 0
9023, 51004245, 1, 0, 0
9105, 48963275, 1, 0, 0
9200, 39456686, 1, 0, 0
9311, 32735268, 1, 0, 0
9411, 29748226, 1, 0, 0
9501, 31274551, 1, 0, 0
9603, 32088098, 1, 0, 0
9700, 29635687, 1, 0, 0
9805, 31849078, 1, 0, 0
9910, 30194724, 1, 0, 0
10000, 29136851, 1, 0, 0
10107, 26249264, 1, 0, 0
10203, 21733473, 1, 0, 0
10300, 22489894, 1, 0, 0
10401, 22573415, 1, 0, 0
10503, 30751000, 1, 0, 0
10606, 31297444, 1, 0, 0
10704, 30071030, 1, 0, 0
10807, 32251549, 1, 0, 0
10908, 30708814, 1, 0, 0
11000, 30070947, 1, 0, 0
11101, 31175949, 1, 0, 0
11200, 30956892, 1, 0, 0
11302, 34032923, 1, 0, 0
11405, 28820714, 1, 0, 0
11502, 29693231, 1, 0, 0
11605, 31803748, 1, 0, 0
11708, 30316145, 1, 0, 0
11800, 27211601, 1, 0, 0
11902, 30441516, 1, 0, 0
12002, 31633219, 1, 0, 0
12106, 31744310, 1, 0, 0
12205, 30224845, 1, 0, 0
12300, 31955394, 1, 0, 0
12403, 31688604, 1, 0, 0
12502, 29872695, 1, 0, 0
12602, 33518376, 1, 0, 0
12729, 35619062, 1, 0, 0
12801, 34386216, 1, 0, 0
12913, 35362449, 1, 0, 0
13017, 36183644, 1, 0, 0
13100, 31558401, 1, 0, 0
13223, 30074496, 1, 0, 0
13300, 39581002, 1, 0, 0
13415, 37662100, 1, 0, 0
13508, 36713503, 1, 0, 0
13605, 39400208, 1, 0, 0
13700, 32890064, 1, 0, 0
13810, 40481763, 1, 0, 0
13900, 44328528, 1, 0, 0
14010, 34331333, 1, 0, 0
14102, 29475505, 1, 0, 0
14221, 32741406, 1, 0, 0
14310, 37385439, 1, 0, 0
14421, 45212484, 1, 0, 0
14509, 46276701, 1, 0, 0
14600, 53736104, 1, 0, 0
14701, 39593490, 1, 0, 0
14814, 48881889, 1, 0, 0
14928, 46167495, 1, 0, 0
15008, 49347040, 1, 0, 0
15103, 46927990, 1, 0, 0
15217, 46770367, 1, 0, 0
15328, 50029948, 1, 0, 0
15427, 47700514, 1, 0, 0
15520, 52703779, 1, 0, 0
15606, 53201913, 1, 0, 0
15701, 55684675, 1, 0, 0
15840, 48606525, 1, 0, 0
15901, 54886323, 1, 0, 0
16010, 53004375, 1, 0, 0
16102, 44007232, 1, 0, 0
16202, 48114425, 1, 0, 0
16306, 43362363, 1, 0, 0
16401, 51204907, 1, 0, 0
16506, 29432530, 1, 0, 0
16600, 30180998, 1, 0, 0
16700, 33377511, 1, 0, 0
16811, 36895639, 1, 0, 0
16900, 34257094, 1, 0, 0
17000, 33855240, 1, 0, 0
17100, 38073213, 1, 0, 0
17210, 33089397, 1, 0, 0
17315, 33056757, 1, 0, 0
17403, 30872917, 1, 0, 0
17509, 30530369, 1, 0, 0
17600, 30659906, 1, 0, 0
17706, 29978490, 1, 0, 0
17802, 31319366, 1, 0, 0
17908, 32281981, 1, 0, 0
18005, 28104063, 1, 0, 0
18100, 29551369, 1, 0, 0
18201, 31799652, 1, 0, 0
18302, 41599421, 1, 0, 0
18412, 48655729, 1, 0, 0
18522, 52873160, 1, 0, 0
18611, 50640158, 1, 0, 0
18700, 47056626, 1, 0, 0
18801, 49949633, 1, 0, 0
18907, 47011662, 1, 0, 0
19021, 48594856, 1, 0, 0
19110, 53306147, 1, 0, 0
19201, 45410863, 1, 0, 0
19301, 44626742, 1, 0, 0
19402, 49613900, 1, 0, 0
19506, 54136727, 1, 0, 0
19621, 52924254, 1, 0, 0
19712, 49654957, 1, 0, 0
19801, 50371076, 1, 0, 0
19905, 44424606, 1, 0, 0
20014, 48537408, 1, 0, 0
20101, 47680934, 1, 0, 0
20207, 48918258, 1, 0, 0
20339, 39482355, 1, 0, 0
20407, 50976744, 1, 0, 0
20522, 51287493, 1, 0, 0
20609, 53148949, 1, 0, 0
20718, 48617159, 1, 0, 0
20807, 44164699, 1, 0, 0
20915, 49231882, 1, 0, 0
21003, 50220192, 1, 0, 0
21101, 43066740, 1, 0, 0
21200, 48012611, 1, 0, 0
21307, 47397372, 1, 0, 0
21418, 42522954, 1, 0, 0
21507, 53838955, 1, 0, 0
21636, 52886963, 1, 0, 0
21727, 43240303, 1, 0, 0
21820, 45048396, 1, 0, 0
21909, 47112098, 1, 0, 0
22019, 45101019, 1, 0, 0
22101, 44773202, 1, 0, 0
22200, 38066855, 1, 0, 0
22303, 45049817, 1, 0, 0
22414, 47487510, 1, 0, 0
22504, 39160080, 1, 0, 0
22604, 36032891, 1, 0, 0
22708, 29965372, 1, 0, 0
22800, 31755272, 1, 0, 0
22901, 30181677, 1, 0, 0
23003, 31100397, 1, 0, 0
23113, 29178845, 1, 0, 0
23201, 26933158, 1, 0, 0
23306, 27436639, 1, 0, 0
23401, 27645408, 1, 0, 0
23500, 27517340, 1, 0, 0
23608, 32184017, 1, 0, 0
23700, 33914840, 1, 0, 0
23808, 47145695, 1, 0, 0
23921, 51830843, 1, 0, 0
24035, 53528246, 1, 0, 0
24116, 49078362, 1, 0, 0
24200, 47913805, 1, 0, 0
24311, 42480071, 1, 0, 0
24426, 47092390, 1, 0, 0
24500, 34500652, 1, 0, 0
24609, 31363289, 1, 0, 0
24703, 32612671, 1, 0, 0
24802, 31099838, 1, 0, 0
24900, 30726215, 1, 0, 0
25002, 32660775, 1, 0, 0
25100, 31004193, 1, 0, 0
25208, 30041925, 1, 0, 0
25300, 32097681, 1, 0, 0
25400, 29957040, 1, 0, 0
25502, 29888159, 1, 0, 0
25600, 31645627, 1, 0, 0
25700, 31755033, 1, 0, 0
25804, 28886146, 1, 0, 0
25903, 30807764, 1, 0, 0
26003, 29180440, 1, 0, 0
26107, 28515952, 1, 0, 0
26200, 30465838, 1, 0, 0
26301, 30820407, 1, 0, 0
26413, 30024753, 1, 0, 0
26500, 30704995, 1, 0, 0
26602, 30677991, 1, 0, 0
26701, 29643497, 1, 0, 0
26803, 30969446, 1, 0, 0
26906, 30248779, 1, 0, 0
27000, 32896645, 1, 0, 0
27111, 31112966, 1, 0, 0
27207, 31763059, 1, 0, 0
27302, 31394607, 1, 0, 0
27411, 36047662, 1, 0, 0
27501, 30063347, 1, 0, 0
27615, 32227298, 1, 0, 0
27700, 34518723, 1, 0, 0
27824, 37074812, 1, 0, 0
27906, 35110281, 1, 0, 0
28002, 39132668, 1, 0, 0
28104, 35096935, 1, 0, 0
28216, 32246105, 1, 0, 0
28313, 33643448, 1, 0, 0
28405, 44433891, 1, 0, 0
28507, 44444606, 1, 0, 0
28612, 42341955, 1, 0, 0
28712, 46318661, 1, 0, 0
28817, 43924023, 1, 0, 0
28918, 51569858, 1, 0, 0
29008, 39962672, 1, 0, 0
29117, 34219920, 1, 0, 0
29202, 44157992, 1, 0, 0
29300, 36480046, 1, 0, 0
29400, 30592769, 1, 0, 0
29507, 33365205, 1, 0, 0
29617, 34454420, 1, 0, 0
29708, 32952656, 1, 0, 0
29806, 52139195, 1, 0, 0
29916, 46937838, 1, 0, 0
30024, 49499869, 1, 0, 0
30100, 50959440, 1, 0, 0
30210, 49558274, 1, 0, 0
30306, 52452623, 1, 0, 0
30403, 49241023, 1, 0, 0
30512, 48953103, 1, 0, 0
30600, 47910168, 1, 0, 0
30707, 47793199, 1, 0, 0
30816, 44879778, 1, 0, 0
30910, 41064573, 1, 0, 0
31000, 32566200, 1, 0, 0
31101, 33121134, 1, 0, 0
31203, 32307112, 1, 0, 0
31306, 29449465, 1, 0, 0
31401, 29948358, 1, 0, 0
31502, 32691609, 1, 0, 0
31606, 30599546, 1, 0, 0
31701, 33754382, 1, 0, 0
31800, 28126609, 1, 0, 0
31908, 31253015, 1, 0, 0
32007, 29709819, 1, 0, 0
32108, 29744017, 1, 0, 0
32200, 29261698, 1, 0, 0
32301, 26364437, 1, 0, 0
32403, 30009468, 1, 0, 0
32514, 30984463, 1, 0, 0
32604, 29846460, 1, 0, 0
32701, 30966642, 1, 0, 0
32806, 29228057, 1, 0, 0
32915, 32780189, 1, 0, 0
33001, 28490661, 1, 0, 0
33103, 29105094, 1, 0, 0
33204, 31252453, 1, 0, 0
33302, 28230012, 1, 0, 0
33401, 30714791, 1, 0, 0
33505, 30440690, 1, 0, 0
33602, 29370503, 1, 0, 0
33701, 29881202, 1, 0, 0
33800, 31503625, 1, 0, 0
33906, 28898343, 1, 0, 0
34000, 31585113, 1, 0, 0
34110, 31106488, 1, 0, 0
34200, 30578021, 1, 0, 0
34301, 31188057, 1, 0, 0
34400, 30796654, 1, 0, 0
34512, 30224914, 1, 0, 0
34604, 29870684, 1, 0, 0
34700, 30204183, 1, 0, 0
34800, 39688474, 1, 0, 0
34916, 47788185, 1, 0, 0
35033, 50038575, 1, 0, 0
35125, 51908421, 1, 0, 0
35200, 40800561, 1, 0, 0
35300, 28717436, 1, 0, 0
35420, 31945057, 1, 0, 0
35503, 35953472, 1, 0, 0
35601, 33584484, 1, 0, 0
35704, 30163796, 1, 0, 0
35800, 33142515, 1, 0, 0
35908, 30773685, 1, 0, 0
36005, 32800916, 1, 0, 0
36100, 37924807, 1, 0, 0
36208, 32283708, 1, 0, 0
36306, 33805632, 1, 0, 0
36416, 32364355, 1, 0, 0
36518, 30946933, 1, 0, 0
36601, 30983517, 1, 0, 0
36713, 29911567, 1, 0, 0
36808, 27981276, 1, 0, 0
36902, 32161336, 1, 0, 0
37001, 31304038, 1, 0, 0
37100, 30676084, 1, 0, 0
37200, 30139941, 1, 0, 0
37310, 33141234, 1, 0, 0
37402, 31201582, 1, 0, 0
37504, 31778716, 1, 0, 0
37610, 30413531, 1, 0, 0
37709, 29435856, 1, 0, 0
37801, 31381005, 1, 0, 0
37903, 28788700, 1, 0, 0
38004, 30678341, 1, 0, 0
38104, 32334855, 1, 0, 0
38204, 29763132, 1, 0, 0
38308, 26095384, 1, 0, 0
38401, 33023741, 1, 0, 0
38503, 31076887, 1, 0, 0
38616, 30488110, 1, 0, 0
38705, 29616921, 1, 0, 0
38800, 32077287, 1, 0, 0
38908, 29802378, 1, 0, 0
39000, 30587711, 1, 0, 0
39108, 30282976, 1, 0, 0
39203, 31264734, 1, 0, 0
39313, 30865620, 1, 0, 0
39402, 28377883, 1, 0, 0
39501, 31430662, 1, 0, 0
39614, 30074274, 1, 0, 0
39700, 32523218, 1, 0, 0
39814, 29471249, 1, 0, 0
39906, 31746705, 1, 0, 0
40009, 30189151, 1, 0, 0
40102, 31817849, 1, 0, 0
40200, 30008757, 1, 0, 0
40301, 29389443, 1, 0, 0
40401, 30822617, 1, 0, 0
40506, 31659173, 1, 0, 0
40602, 32819847, 1, 0, 0
40700, 33006934, 1, 0, 0
40801, 43601851, 1, 0, 0
40910, 45995994, 1, 0, 0
41024, 52677880, 1, 0, 0
41105, 45945186, 1, 0, 0
41204, 47838435, 1, 0, 0
41324, 44199703, 1, 0, 0
41418, 44965290, 1, 0, 0
41502, 41685754, 1, 0, 0
41639, 44975620, 1, 0, 0
41708, 48123468, 1, 0, 0
41802, 44843533, 1, 0, 0
41909, 50535424, 1, 0, 0
42003, 49613737, 1, 0, 0
42100, 47048249, 1, 0, 0
42202, 50952612, 1, 0, 0
42311, 48129389, 1, 0, 0
42422, 45418445, 1, 0, 0
42500, 47150906, 1, 0, 0
42600, 45491780, 1, 0, 0
42704, 44410045, 1, 0, 0
42816, 55715261, 1, 0, 0
42937, 56306346, 1, 0, 0
43000, 56326413, 1, 0, 0
43105, 51577356, 1, 0, 0
43218, 61910448, 1, 0, 0
43309, 50170168, 1, 0, 0
43411, 53841912, 1, 0, 0
43507, 55137914, 1, 0, 0
43600, 66357640, 1, 0, 0
43700, 49000999, 1, 0, 0
43801, 46950296, 1, 0, 0
43901, 39630569, 1, 0, 0
44014, 45624404, 1, 0, 0
44123, 53036549, 1, 0, 0
44213, 48689648, 1, 0, 0
44300, 47734325, 1, 0, 0
44413, 52271923, 1, 0, 0
44528, 53081487, 1, 0, 0
44620, 51219017, 1, 0, 0
44703, 50948640, 1, 0, 0
44816, 45528791, 1, 0, 0
44938, 61785475, 1, 0, 0
45000, 59356739, 1, 0, 0
45109, 50286036, 1, 0, 0
45234, 54512311, 1, 0, 0
45300, 52439321, 1, 0, 0
45404, 47598959, 1, 0, 0
45515, 53989817, 1, 0, 0
45636, 51143676, 1, 0, 0
45700, 52542657, 1, 0, 0
45800, 42738287, 1, 0, 0
45905, 35775149, 1, 0, 0
46000, 36584640, 1, 0, 0
46124, 33695959, 1, 0, 0
46200, 36790673, 1, 0, 0
46300, 33170416, 1, 0, 0
46410, 39431121, 1, 0, 0
46501, 34815934, 1, 0, 0
46612, 34844390, 1, 0, 0
46729, 47575506, 1, 0, 0
46807, 57247752, 1, 0, 0
46901, 49643404, 1, 0, 0
47008, 54252924, 1, 0, 0
47121, 52881869, 1, 0, 0
47204, 51669139, 1, 0, 0
47300, 49316176, 1, 0, 0
47410, 55908289, 1, 0, 0
47517, 48360784, 1, 0, 0
47605, 55046115, 1, 0, 0
47702, 49845389, 1, 0, 0
47801, 49485041, 1, 0, 0
47905, 46321834, 1, 0, 0
48016, 45953339, 1, 0, 0
48107, 45716338, 1, 0, 0
48203, 48733443, 1, 0, 0
48311, 42793537, 1, 0, 0
48422, 31895538, 1, 0, 0
48517, 32762576, 1, 0, 0
48600, 36243611, 1, 0, 0
48701, 31819984, 1, 0, 0
48803, 32632046, 1, 0, 0
48906, 32802587, 1, 0, 0
49004, 37091740, 1, 0, 0
49104, 36475439, 1, 0, 0
49212, 47225632, 1, 0, 0
49316, 47056867, 1, 0, 0
49404, 33135387, 1, 0, 0
49500, 37675877, 1, 0, 0
49602, 42713025, 1, 0, 0
49723, 46275481, 1, 0, 0
49806, 51618730, 1, 0, 0
49900, 66736265, 1, 0, 0
50000, 46298955, 1, 0, 0
50100, 44565045, 1, 0, 0
50219, 40590131, 1, 0, 0
50348, 62984322, 1, 0, 0
50419, 99578175, 1, 0, 0
50529, 71587093, 1, 0, 0
50613, 79115041, 1, 0, 0
50712, 75710307, 1, 0, 0
50810, 64545376, 1, 0, 0
50910, 65663414, 1, 0, 0
51001, 72687986, 1, 0, 0
51111, 81573311, 1, 0, 0
51201, 59057878, 1, 0, 0
51302, 59980401, 1, 0, 0
51400, 51290939, 1, 0, 0
51529, 71462698, 1, 0, 0
51600, 37122105, 1, 0, 0
51700, 28124589, 1, 0, 0
51810, 31402660, 1, 0, 0
51901, 31213672, 1, 0, 0
52000, 29936235, 1, 0, 0
52100, 32507548, 1, 0, 0
52203, 28929760, 1, 0, 0
52300, 29058330, 1, 0, 0
52403, 28774063, 1, 0, 0
52501, 30774481, 1, 0, 0
52600, 28985718, 1, 0, 0
52700, 30798059, 1, 0, 0
52801, 29975351, 1, 0, 0
52913, 38614863, 1, 0, 0
53002, 52709035, 1, 0, 0
53117, 48114237, 1, 0, 0
53205, 48700045, 1, 0, 0
53307, 47123325, 1, 0, 0
53418, 46624373, 1, 0, 0
53524, 46632217, 1, 0, 0
53602, 47822423, 1, 0, 0
53707, 48268757, 1, 0, 0
53803, 40510147, 1, 0, 0
53914, 49559355, 1, 0, 0
54014, 44711226, 1, 0, 0
54103, 41496368, 1, 0, 0
54216, 45194880, 1, 0, 0
54310, 47207139, 1, 0, 0
54400, 53148259, 1, 0, 0
54502, 44949078, 1, 0, 0
54611, 44440096, 1, 0, 0
54702, 45884870, 1, 0, 0
54806, 45487128, 1, 0, 0
54901, 43760315, 1, 0, 0
55004, 45000695, 1, 0, 0
55120, 46903852, 1, 0, 0
55207, 53591851, 1, 0, 0
55343, 47551084, 1, 0, 0
55400, 49510858, 1, 0, 0
55513, 51255677, 1, 0, 0
55626, 47884342, 1, 0, 0
55716, 49070055, 1, 0, 0
55800, 42542840, 1, 0, 0
55912, 50372818, 1, 0, 0
56001, 48507031, 1, 0, 0
56137, 45219472, 1, 0, 0
56204, 44272972, 1, 0, 0
56306, 45718709, 1, 0, 0
56400, 38727746, 1, 0, 0
56520, 36741667, 1, 0, 0
56612, 42979398, 1, 0, 0
56703, 41508107, 1, 0, 0
56803, 39459555, 1, 0, 0
56902, 40894345, 1, 0, 0
57003, 41967404, 1, 0, 0
57103, 44825690, 1, 0, 0
57214, 39140189, 1, 0, 0
57303, 51198461, 1, 0, 0
57405, 27430466, 1, 0, 0
57500, 27368694, 1, 0, 0
57613, 28257343, 1, 0, 0
57701, 31076900, 1, 0, 0
57801, 29574316, 1, 0, 0
57903, 27908298, 1, 0, 0
58017, 34943426, 1, 0, 0
58109, 45146107, 1, 0, 0
58200, 50038775, 1, 0, 0
58311, 39868995, 1, 0, 0
58409, 49320467, 1, 0, 0
58504, 34743792, 1, 0, 0
58606, 51965516, 1, 0, 0
58700, 43132026, 1, 0, 0
58813, 33611531, 1, 0, 0
58900, 32131379, 1, 0, 0
59000, 33294356, 1, 0, 0
59105, 33150970, 1, 0, 0
59203, 35325095, 1, 0, 0
59309, 32436792, 1, 0, 0
59413, 34323078, 1, 0, 0
59518, 37656105, 1, 0, 0
59609, 45877845, 1, 0, 0
59707, 49323969, 1, 0, 0
59824, 45423896, 1, 0, 0
59902, 43339609, 1, 0, 0
60014, 45986258, 1, 0, 0
60019, 52187340, 1, 0, 0
