101, 1147166, 0, 0, 0
201, 1200147, 0, 0, 0
300, 1358808, 0, 0, 0
400, 1191890, 0, 0, 0
500, 1013140, 0, 0, 0
600, 1290882, 0, 0, 0
700, 1049419, 0, 0, 0
800, 1093077, 0, 0, 0
900, 1120036, 0, 0, 0
1000, 1061928, 0, 0, 0
1100, 995538, 0, 0, 0
1200, 1010111, 0, 0, 0
1300, 1118495, 0, 0, 0
1401, 1186631, 0, 0, 0
1500, 1113615, 0, 0, 0
1601, 1209484, 0, 0, 0
1701, 1091749, 0, 0, 0
1800, 1113936, 0, 0, 0
1900, 1077715, 0, 0, 0
2000, 1024335, 0, 0, 0
2100, 1042952, 0, 0, 0
2201, 1028996, 0, 0, 0
2300, 948057, 0, 0, 0
2400, 954330, 0, 0, 0
2500, 1023656, 0, 0, 0
2601, 1074644, 0, 0, 0
2701, 1016336, 0, 0, 0
2800, 1031579, 0, 0, 0
2901, 1312389, 0, 0, 0
3000, 1159603, 0, 0, 0
3100, 1145453, 0, 0, 0
3200, 1144911, 0, 0, 0
3301, 1108704, 0, 0, 0
3400, 1146752, 0, 0, 0
3500, 1135575, 0, 0, 0
3600, 1166792, 0, 0, 0
3700, 1031744, 0, 0, 0
3800, 1045174, 0, 0, 0
3900, 1094581, 0, 0, 0
4000, 1205166, 0, 0, 0
4100, 1058443, 0, 0, 0
4200, 1069190, 0, 0, 0
4300, 1049756, 0, 0, 0
4400, 1180668, 0, 0, 0
4500, 1094605, 0, 0, 0
4600, 1073780, 0, 0, 0
4702, 1224777, 0, 0, 0
4801, 1054456, 0, 0, 0
4900, 1099468, 0, 0, 0
5000, 1115880, 0, 0, 0
5101, 1017047, 0, 0, 0
5200, 1088481, 0, 0, 0
5301, 1101496, 0, 0, 0
5400, 1111587, 0, 0, 0
5501, 1149012, 0, 0, 0
5601, 1072620, 0, 0, 0
5701, 1175133, 0, 0, 0
5801, 1081265, 0, 0, 0
5900, 1058984, 0, 0, 0
6000, 1167133, 0, 0, 0
6100, 1161390, 0, 0, 0
6200, 986097, 0, 0, 0
6301, 1077847, 0, 0, 0
6400, 1242583, 0, 0, 0
6500, 1148195, 0, 0, 0
6600, 1176820, 0, 0, 0
6700, 1170820, 0, 0, 0
6801, 1076571, 0, 0, 0
6901, 1181282, 0, 0, 0
7000, 1133063, 0, 0, 0
7101, 1157663, 0, 0, 0
7200, 1128155, 0, 0, 0
7300, 1116388, 0, 0, 0
7400, 1125687, 0, 0, 0
7501, 1163723, 0, 0, 0
7600, 1109646, 0, 0, 0
7701, 1091595, 0, 0, 0
7800, 1158758, 0, 0, 0
7900, 1198555, 0, 0, 0
8001, 1220664, 0, 0, 0
8101, 1230153, 0, 0, 0
8201, 1188891, 0, 0, 0
8301, 1442820, 0, 0, 0
8401, 1277510, 0, 0, 0
8500, 1315704, 0, 0, 0
8601, 1190891, 0, 0, 0
8700, 1356056, 0, 0, 0
8800, 1283109, 0, 0, 0
8900, 1246837, 0, 0, 0
9001, 1325640, 0, 0, 0
9100, 1346921, 0, 0, 0
9200, 1325738, 0, 0, 0
9301, 1229025, 0, 0, 0
9400, 1280457, 0, 0, 0
9500, 1471010, 0, 0, 0
9600, 1222943, 0, 0, 0
9700, 1293794, 0, 0, 0
9801, 1277422, 0, 0, 0
9900, 1417800, 0, 0, 0
10001, 1269595, 0, 0, 0
10100, 1287759, 0, 0, 0
10200, 1257814, 0, 0, 0
10300, 1227696, 0, 0, 0
10400, 1296285, 0, 0, 0
10500, 1286953, 0, 0, 0
10600, 1326442, 0, 0, 0
10700, 1250555, 0, 0, 0
10801, 1409799, 0, 0, 0
10901, 1351235, 0, 0, 0
11000, 1344882, 0, 0, 0
11101, 1399234, 0, 0, 0
11200, 1445915, 0, 0, 0
11300, 1454184, 0, 0, 0
11400, 1421358, 0, 0, 0
11500, 1243714, 0, 0, 0
11602, 1332909, 0, 0, 0
11700, 1253937, 0, 0, 0
11800, 1289720, 0, 0, 0
11901, 1275323, 0, 0, 0
12000, 1374395, 0, 0, 0
12100, 1387507, 0, 0, 0
12201, 1263219, 0, 0, 0
12301, 1491497, 0, 0, 0
12400, 1292325, 0, 0, 0
12502, 1287451, 0, 0, 0
12601, 1313022, 0, 0, 0
12700, 1224106, 0, 0, 0
12800, 1196483, 0, 0, 0
12900, 1271090, 0, 0, 0
13001, 1211993, 0, 0, 0
13100, 1239760, 0, 0, 0
13200, 1294099, 0, 0, 0
13300, 1231038, 0, 0, 0
13401, 1202832, 0, 0, 0
13500, 1340281, 0, 0, 0
13600, 1340646, 0, 0, 0
13700, 1297763, 0, 0, 0
13800, 1260339, 0, 0, 0
13901, 1353224, 0, 0, 0
14000, 1311537, 0, 0, 0
14101, 1308817, 0, 0, 0
14200, 1231462, 0, 0, 0
14301, 1375147, 0, 0, 0
14400, 1321853, 0, 0, 0
14500, 1254326, 0, 0, 0
14600, 1207421, 0, 0, 0
14703, 1243373, 0, 0, 0
14801, 1226117, 0, 0, 0
14901, 1210887, 0, 0, 0
15000, 1253309, 0, 0, 0
15100, 1169841, 0, 0, 0
15201, 1304556, 0, 0, 0
15300, 1241133, 0, 0, 0
15400, 1305325, 0, 0, 0
15501, 1344125, 0, 0, 0
15600, 1222863, 0, 0, 0
15700, 1179146, 0, 0, 0
15801, 1226149, 0, 0, 0
15900, 1152592, 0, 0, 0
16001, 1177187, 0, 0, 0
16100, 1161516, 0, 0, 0
16200, 1124630, 0, 0, 0
16300, 1287351, 0, 0, 0
16400, 1184499, 0, 0, 0
16501, 1246794, 0, 0, 0
16600, 1142271, 0, 0, 0
16700, 1195874, 0, 0, 0
16800, 1184071, 0, 0, 0
16902, 1217598, 0, 0, 0
17000, 1270467, 0, 0, 0
17100, 1281781, 0, 0, 0
17200, 1201197, 0, 0, 0
17301, 1188077, 0, 0, 0
17401, 1148894, 0, 0, 0
17500, 1130121, 0, 0, 0
17600, 1202106, 0, 0, 0
17700, 1173614, 0, 0, 0
17800, 1192680, 0, 0, 0
17900, 1156294, 0, 0, 0
18000, 1198046, 0, 0, 0
18100, 1177137, 0, 0, 0
18201, 1360853, 0, 0, 0
18300, 1261773, 0, 0, 0
18400, 1221263, 0, 0, 0
18500, 1205436, 0, 0, 0
18601, 1142658, 0, 0, 0
18701, 1294564, 0, 0, 0
18800, 1347989, 0, 0, 0
18900, 1263079, 0, 0, 0
19001, 1276623, 0, 0, 0
19100, 1187328, 0, 0, 0
19200, 1258496, 0, 0, 0
19300, 1183069, 0, 0, 0
19400, 1108148, 0, 0, 0
19500, 1234776, 0, 0, 0
19602, 1201623, 0, 0, 0
19700, 1108478, 0, 0, 0
19800, 1231036, 0, 0, 0
19901, 1129859, 0, 0, 0
20000, 1216713, 0, 0, 0
20100, 1211897, 0, 0, 0
20200, 1118764, 0, 0, 0
20300, 1166230, 0, 0, 0
20400, 1124714, 0, 0, 0
20501, 1311993, 0, 0, 0
20600, 1182298, 0, 0, 0
20701, 1140429, 0, 0, 0
20800, 1304501, 0, 0, 0
20901, 1205442, 0, 0, 0
21000, 1208984, 0, 0, 0
21100, 1205919, 0, 0, 0
21200, 1143204, 0, 0, 0
21301, 1122000, 0, 0, 0
21400, 1042125, 0, 0, 0
21500, 995165, 0, 0, 0
21600, 1149220, 0, 0, 0
21700, 1059600, 0, 0, 0
21800, 1216472, 0, 0, 0
21900, 1145253, 0, 0, 0
22000, 1100038, 0, 0, 0
22100, 1105805, 0, 0, 0
22200, 1047229, 0, 0, 0
22301, 1092893, 0, 0, 0
22400, 1071852, 0, 0, 0
22500, 1210493, 0, 0, 0
22600, 1204455, 0, 0, 0
22700, 1196755, 0, 0, 0
22801, 1208820, 0, 0, 0
22900, 1147983, 0, 0, 0
23001, 1144114, 0, 0, 0
23100, 1045055, 0, 0, 0
23201, 1132401, 0, 0, 0
23301, 1116594, 0, 0, 0
23400, 1187600, 0, 0, 0
23501, 1152507, 0, 0, 0
23600, 1169963, 0, 0, 0
23701, 1092166, 0, 0, 0
23800, 1201632, 0, 0, 0
23900, 1252645, 0, 0, 0
24000, 1110542, 0, 0, 0
24100, 1228165, 0, 0, 0
24200, 1229259, 0, 0, 0
24300, 1162016, 0, 0, 0
24400, 1143043, 0, 0, 0
24500, 1163375, 0, 0, 0
24600, 1064711, 0, 0, 0
24700, 1072891, 0, 0, 0
24800, 1086341, 0, 0, 0
24900, 1067201, 0, 0, 0
25000, 1154879, 0, 0, 0
25101, 1058139, 0, 0, 0
25200, 1095471, 0, 0, 0
25300, 1059434, 0, 0, 0
25400, 1119065, 0, 0, 0
25500, 1141111, 0, 0, 0
25600, 1274863, 0, 0, 0
25701, 1407681, 0, 0, 0
25800, 1099461, 0, 0, 0
25900, 1120323, 0, 0, 0
26000, 1226333, 0, 0, 0
26100, 1146224, 0, 0, 0
26200, 1196157, 0, 0, 0
26301, 1167954, 0, 0, 0
26400, 1025832, 0, 0, 0
26501, 1000285, 0, 0, 0
26600, 1043182, 0, 0, 0
26700, 1153646, 0, 0, 0
26800, 1221751, 0, 0, 0
26900, 1068781, 0, 0, 0
27000, 1062967, 0, 0, 0
27100, 987838, 0, 0, 0
27201, 1031814, 0, 0, 0
27300, 1017541, 0, 0, 0
27400, 1160452, 0, 0, 0
27502, 1001980, 0, 0, 0
27600, 1049696, 0, 0, 0
27701, 1135586, 0, 0, 0
27800, 1038484, 0, 0, 0
27900, 1052591, 0, 0, 0
28000, 953376, 0, 0, 0
28100, 965168, 0, 0, 0
28202, 1060323, 0, 0, 0
28300, 941572, 0, 0, 0
28401, 1034930, 0, 0, 0
28501, 1002885, 0, 0, 0
28600, 974507, 0, 0, 0
28700, 1085933, 0, 0, 0
28800, 1123061, 0, 0, 0
28900, 909014, 0, 0, 0
29000, 1013924, 0, 0, 0
29100, 973293, 0, 0, 0
29200, 906393, 0, 0, 0
29300, 948670, 0, 0, 0
29400, 938006, 0, 0, 0
29500, 926546, 0, 0, 0
29600, 887748, 0, 0, 0
29700, 942902, 0, 0, 0
29800, 909222, 0, 0, 0
29900, 1030454, 0, 0, 0
30001, 962143, 0, 0, 0
30100, 936061, 0, 0, 0
30200, 941647, 0, 0, 0
30301, 956867, 0, 0, 0
30400, 1066314, 0, 0, 0
30500, 905302, 0, 0, 0
30600, 891000, 0, 0, 0
30700, 940093, 0, 0, 0
30800, 877907, 0, 0, 0
30901, 938632, 0, 0, 0
31000, 942514, 0, 0, 0
31100, 824889, 0, 0, 0
31200, 904853, 0, 0, 0
31300, 859666, 0, 0, 0
31400, 905222, 0, 0, 0
31501, 865263, 0, 0, 0
31600, 1007859, 0, 0, 0
31700, 995440, 0, 0, 0
31800, 957476, 0, 0, 0
31900, 907006, 0, 0, 0
32001, 840926, 0, 0, 0
32100, 879984, 0, 0, 0
32200, 866655, 0, 0, 0
32302, 863526, 0, 0, 0
32400, 903633, 0, 0, 0
32501, 734200, 0, 0, 0
32600, 856530, 0, 0, 0
32701, 849311, 0, 0, 0
32800, 855571, 0, 0, 0
32901, 794659, 0, 0, 0
33000, 895065, 0, 0, 0
33101, 845755, 0, 0, 0
33200, 937862, 0, 0, 0
33300, 884091, 0, 0, 0
33400, 867805, 0, 0, 0
33500, 925440, 0, 0, 0
33600, 830885, 0, 0, 0
33700, 807952, 0, 0, 0
33800, 765729, 0, 0, 0
33900, 782931, 0, 0, 0
34000, 845789, 0, 0, 0
34100, 879294, 0, 0, 0
34200, 877908, 0, 0, 0
34300, 888340, 0, 0, 0
34401, 826480, 0, 0, 0
34500, 831581, 0, 0, 0
34600, 916491, 0, 0, 0
34700, 846591, 0, 0, 0
34801, 911920, 0, 0, 0
34901, 1040707, 0, 0, 0
35000, 930715, 0, 0, 0
35100, 887447, 0, 0, 0
35200, 848099, 0, 0, 0
35300, 941869, 0, 0, 0
35400, 928697, 0, 0, 0
35500, 904209, 0, 0, 0
35600, 920254, 0, 0, 0
35700, 955498, 0, 0, 0
35801, 904577, 0, 0, 0
35900, 788812, 0, 0, 0
36001, 787879, 0, 0, 0
36100, 942468, 0, 0, 0
36200, 874229, 0, 0, 0
36300, 967836, 0, 0, 0
36401, 989596, 0, 0, 0
36501, 970595, 0, 0, 0
36600, 921385, 0, 0, 0
36700, 889607, 0, 0, 0
36800, 901411, 0, 0, 0
36900, 932388, 0, 0, 0
37000, 952974, 0, 0, 0
37100, 1082493, 0, 0, 0
37200, 1157550, 0, 0, 0
37302, 846299, 0, 0, 0
37400, 961747, 0, 0, 0
37500, 905007, 0, 0, 0
37600, 886291, 0, 0, 0
37700, 898068, 0, 0, 0
37800, 963644, 0, 0, 0
37900, 939039, 0, 0, 0
38001, 844219, 0, 0, 0
38100, 899318, 0, 0, 0
38200, 844877, 0, 0, 0
38300, 911740, 0, 0, 0
38402, 928261, 0, 0, 0
38500, 956877, 0, 0, 0
38600, 888075, 0, 0, 0
38701, 973596, 0, 0, 0
38800, 947192, 0, 0, 0
38900, 1014561, 0, 0, 0
39001, 993664, 0, 0, 0
39100, 967435, 0, 0, 0
39200, 1058090, 0, 0, 0
39300, 1016970, 0, 0, 0
39401, 1180535, 0, 0, 0
39500, 1006363, 0, 0, 0
39600, 1074249, 0, 0, 0
39700, 1068209, 0, 0, 0
39800, 971649, 0, 0, 0
39900, 1014553, 0, 0, 0
40001, 1143760, 0, 0, 0
40101, 1077300, 0, 0, 0
40200, 1084106, 0, 0, 0
40300, 1166955, 0, 0, 0
40400, 1064863, 0, 0, 0
40501, 1006603, 0, 0, 0
40601, 1100040, 0, 0, 0
40700, 1120632, 0, 0, 0
40800, 1008151, 0, 0, 0
40900, 920255, 0, 0, 0
41001, 976331, 0, 0, 0
41101, 1042592, 0, 0, 0
41200, 1057585, 0, 0, 0
41300, 1040800, 0, 0, 0
41400, 960678, 0, 0, 0
41501, 1062495, 0, 0, 0
41600, 952045, 0, 0, 0
41700, 1081850, 0, 0, 0
41800, 970794, 0, 0, 0
41900, 1035206, 0, 0, 0
42001, 947614, 0, 0, 0
42100, 1000992, 0, 0, 0
42200, 991173, 0, 0, 0
42300, 1149530, 0, 0, 0
42400, 956119, 0, 0, 0
42500, 948078, 0, 0, 0
42600, 941359, 0, 0, 0
42700, 993932, 0, 0, 0
42800, 904285, 0, 0, 0
42901, 902283, 0, 0, 0
43000, 964011, 0, 0, 0
43100, 978612, 0, 0, 0
43200, 1018722, 0, 0, 0
43300, 1137173, 0, 0, 0
43400, 1025524, 0, 0, 0
43500, 1060467, 0, 0, 0
43601, 1085586, 0, 0, 0
43700, 1117031, 0, 0, 0
43800, 1152233, 0, 0, 0
43900, 1060818, 0, 0, 0
44000, 1091093, 0, 0, 0
44101, 1045589, 0, 0, 0
44201, 1097698, 0, 0, 0
44300, 992558, 0, 0, 0
44400, 1092689, 0, 0, 0
44501, 1083111, 0, 0, 0
44600, 1158157, 0, 0, 0
44701, 1159114, 0, 0, 0
44800, 1175061, 0, 0, 0
44900, 1050369, 0, 0, 0
45000, 1064286, 0, 0, 0
45100, 1206715, 0, 0, 0
45201, 1046782, 0, 0, 0
45300, 1034003, 0, 0, 0
45400, 1046446, 0, 0, 0
45500, 1125039, 0, 0, 0
45600, 1118089, 0, 0, 0
45700, 1036533, 0, 0, 0
45800, 1139279, 0, 0, 0
45900, 1012156, 0, 0, 0
46000, 1033276, 0, 0, 0
46100, 1106119, 0, 0, 0
46201, 1136768, 0, 0, 0
46300, 1018487, 0, 0, 0
46400, 1119577, 0, 0, 0
46500, 1114483, 0, 0, 0
46600, 1131923, 0, 0, 0
46700, 1169356, 0, 0, 0
46800, 1121539, 0, 0, 0
46900, 1289233, 0, 0, 0
47001, 1057222, 0, 0, 0
47100, 1174148, 0, 0, 0
47200, 1138265, 0, 0, 0
47300, 1084950, 0, 0, 0
47400, 1180001, 0, 0, 0
47501, 1055982, 0, 0, 0
47601, 1107339, 0, 0, 0
47700, 1060671, 0, 0, 0
47800, 1168293, 0, 0, 0
47900, 1098600, 0, 0, 0
48000, 978368, 0, 0, 0
48100, 1086534, 0, 0, 0
48201, 1194090, 0, 0, 0
48300, 1107356, 0, 0, 0
48400, 1092677, 0, 0, 0
48501, 1119553, 0, 0, 0
48600, 1125826, 0, 0, 0
48700, 1138901, 0, 0, 0
48800, 1123105, 0, 0, 0
48901, 1214395, 0, 0, 0
49001, 1159927, 0, 0, 0
49100, 1143333, 0, 0, 0
49201, 1107637, 0, 0, 0
49301, 1031563, 0, 0, 0
49400, 1153496, 0, 0, 0
49501, 1076350, 0, 0, 0
49600, 1246120, 0, 0, 0
49700, 1202969, 0, 0, 0
49800, 1243164, 0, 0, 0
49900, 1158273, 0, 0, 0
50000, 1226655, 0, 0, 0
50100, 1159590, 0, 0, 0
50200, 1186803, 0, 0, 0
50300, 1121938, 0, 0, 0
50400, 1075588, 0, 0, 0
50500, 1195825, 0, 0, 0
50600, 1183761, 0, 0, 0
50700, 1210494, 0, 0, 0
50801, 1191668, 0, 0, 0
50900, 1201153, 0, 0, 0
51001, 1383400, 0, 0, 0
51100, 1069538, 0, 0, 0
51200, 1091460, 0, 0, 0
51300, 1170838, 0, 0, 0
51401, 1219037, 0, 0, 0
51500, 1135488, 0, 0, 0
51601, 1148933, 0, 0, 0
51700, 1100876, 0, 0, 0
51800, 1254632, 0, 0, 0
51900, 1224606, 0, 0, 0
52000, 1115423, 0, 0, 0
52101, 1321737, 0, 0, 0
52201, 1105954, 0, 0, 0
52301, 1221782, 0, 0, 0
52400, 1073692, 0, 0, 0
52500, 1187973, 0, 0, 0
52600, 1204482, 0, 0, 0
52700, 1201686, 0, 0, 0
52800, 1093225, 0, 0, 0
52901, 1122123, 0, 0, 0
53000, 1122823, 0, 0, 0
53101, 1229014, 0, 0, 0
53201, 1220420, 0, 0, 0
53300, 1262523, 0, 0, 0
53400, 1088169, 0, 0, 0
53501, 1182227, 0, 0, 0
53600, 1314199, 0, 0, 0
53700, 1206183, 0, 0, 0
53801, 1245190, 0, 0, 0
53900, 1206762, 0, 0, 0
54000, 1157216, 0, 0, 0
54101, 1324574, 0, 0, 0
54200, 1233791, 0, 0, 0
54301, 1296536, 0, 0, 0
54400, 1245375, 0, 0, 0
54501, 1225758, 0, 0, 0
54601, 1200502, 0, 0, 0
54701, 1313540, 0, 0, 0
54800, 1415684, 0, 0, 0
54901, 1617912, 0, 0, 0
55000, 1671127, 0, 0, 0
55101, 1596220, 0, 0, 0
55200, 1724544, 0, 0, 0
55301, 1735772, 0, 0, 0
55401, 1657000, 0, 0, 0
55500, 1772778, 0, 0, 0
55601, 1726920, 0, 0, 0
55700, 1698406, 0, 0, 0
55800, 1695619, 0, 0, 0
55901, 1620453, 0, 0, 0
56001, 1674410, 0, 0, 0
56101, 1658640, 0, 0, 0
56200, 1498889, 0, 0, 0
56300, 1638678, 0, 0, 0
56401, 1509591, 0, 0, 0
56500, 1564465, 0, 0, 0
56601, 1559638, 0, 0, 0
56700, 1535121, 0, 0, 0
56800, 1482276, 0, 0, 0
56900, 1534555, 0, 0, 0
57000, 1550524, 0, 0, 0
57101, 1484838, 0, 0, 0
57202, 1498541, 0, 0, 0
57300, 1496641, 0, 0, 0
57400, 1568108, 0, 0, 0
57500, 1419396, 0, 0, 0
57600, 1513294, 0, 0, 0
57700, 1475119, 0, 0, 0
57800, 1387618, 0, 0, 0
57900, 1484826, 0, 0, 0
58001, 1464436, 0, 0, 0
58100, 1404950, 0, 0, 0
58200, 1463639, 0, 0, 0
58300, 1409424, 0, 0, 0
58401, 1424159, 0, 0, 0
58501, 1408016, 0, 0, 0
58600, 1371710, 0, 0, 0
58701, 1373478, 0, 0, 0
58800, 1412201, 0, 0, 0
58900, 1397486, 0, 0, 0
59002, 1469444, 0, 0, 0
59100, 1357053, 0, 0, 0
59200, 1381808, 0, 0, 0
59300, 1390812, 0, 0, 0
59400, 1319602, 0, 0, 0
59500, 1218550, 0, 0, 0
59600, 1292345, 0, 0, 0
59700, 1273710, 0, 0, 0
59801, 1306001, 0, 0, 0
59900, 1335695, 0, 0, 0
60001, 1351408, 0, 0, 0
