122, 304637, 1, 0, 0
256, 339097, 1, 0, 0
319, 268291, 1, 0, 0
453, 315225, 1, 0, 0
528, 362615, 1, 0, 0
617, 266170, 1, 0, 0
721, 255562, 1, 0, 0
855, 373857, 1, 0, 0
938, 313505, 1, 0, 0
1002, 357448, 1, 0, 0
1145, 322978, 1, 0, 0
1216, 231552, 1, 0, 0
1300, 331740, 1, 0, 0
1428, 271852, 1, 0, 0
1523, 236397, 1, 0, 0
1618, 487389, 1, 0, 0
1722, 363228, 1, 0, 0
1825, 371158, 1, 0, 0
1901, 346330, 1, 0, 0
2020, 233624, 1, 0, 0
2147, 308876, 1, 0, 0
2238, 309948, 1, 0, 0
2326, 341861, 1, 0, 0
2450, 296510, 1, 0, 0
2542, 363341, 1, 0, 0
2614, 280085, 1, 0, 0
2735, 304690, 1, 0, 0
2812, 293839, 1, 0, 0
2920, 260501, 1, 0, 0
3022, 431245, 1, 0, 0
3157, 333362, 1, 0, 0
3221, 411051, 1, 0, 0
3302, 229731, 1, 0, 0
3436, 287510, 1, 0, 0
3500, 416996, 1, 0, 0
3643, 310052, 1, 0, 0
3705, 218722, 1, 0, 0
3837, 246061, 1, 0, 0
3900, 306524, 1, 0, 0
4052, 351312, 1, 0, 0
4113, 391661, 1, 0, 0
4247, 337237, 1, 0, 0
4315, 424669, 1, 0, 0
4440, 270595, 1, 0, 0
4510, 287929, 1, 0, 0
4657, 335917, 1, 0, 0
4720, 319641, 1, 0, 0
4852, 260177, 1, 0, 0
4905, 234171, 1, 0, 0
5039, 387968, 1, 0, 0
5111, 274251, 1, 0, 0
5260, 417654, 1, 0, 0
5335, 344861, 1, 0, 0
5400, 321360, 1, 0, 0
5549, 347715, 1, 0, 0
5621, 258129, 1, 0, 0
5728, 470254, 1, 0, 0
5819, 282286, 1, 0, 0
5945, 314422, 1, 0, 0
6016, 333910, 1, 0, 0
6122, 301524, 1, 0, 0
6225, 332099, 1, 0, 0
6362, 409029, 1, 0, 0
6420, 359826, 1, 0, 0
6568, 321488, 1, 0, 0
6646, 297139, 1, 0, 0
6701, 254317, 1, 0, 0
6836, 233382, 1, 0, 0
6901, 256546, 1, 0, 0
7033, 317267, 1, 0, 0
7109, 270680, 1, 0, 0
7230, 278352, 1, 0, 0
7320, 306587, 1, 0, 0
7403, 253734, 1, 0, 0
7527, 294121, 1, 0, 0
7600, 300159, 1, 0, 0
7723, 382366, 1, 0, 0
7800, 241573, 1, 0, 0
7924, 264211, 1, 0, 0
8000, 279338, 1, 0, 0
8157, 292462, 1, 0, 0
8220, 277956, 1, 0, 0
8352, 299986, 1, 0, 0
8421, 291363, 1, 0, 0
8545, 279721, 1, 0, 0
8610, 337108, 1, 0, 0
8740, 275080, 1, 0, 0
8806, 296119, 1, 0, 0
8928, 279380, 1, 0, 0
9004, 287329, 1, 0, 0
9118, 286961, 1, 0, 0
9217, 311985, 1, 0, 0
9315, 322506, 1, 0, 0
9452, 310634, 1, 0, 0
9517, 284084, 1, 0, 0
9608, 280711, 1, 0, 0
9716, 279224, 1, 0, 0
9803, 281052, 1, 0, 0
9901, 267190, 1, 0, 0
10027, 396114, 1, 0, 0
10148, 322671, 1, 0, 0
10222, 270806, 1, 0, 0
10350, 283417, 1, 0, 0
10415, 311734, 1, 0, 0
10545, 301396, 1, 0, 0
10621, 286286, 1, 0, 0
10700, 374618, 1, 0, 0
10829, 249200, 1, 0, 0
10910, 287222, 1, 0, 0
11041, 264221, 1, 0, 0
11104, 241634, 1, 0, 0
11205, 309259, 1, 0, 0
11301, 251453, 1, 0, 0
11426, 239263, 1, 0, 0
11533, 276843, 1, 0, 0
11624, 260312, 1, 0, 0
11755, 276641, 1, 0, 0
11812, 252009, 1, 0, 0
11949, 281218, 1, 0, 0
12019, 287122, 1, 0, 0
12147, 364166, 1, 0, 0
12209, 292313, 1, 0, 0
12302, 357462, 1, 0, 0
12433, 299934, 1, 0, 0
12507, 248267, 1, 0, 0
12626, 344588, 1, 0, 0
12703, 323248, 1, 0, 0
12840, 316918, 1, 0, 0
12900, 256787, 1, 0, 0
13025, 314683, 1, 0, 0
13138, 261470, 1, 0, 0
13210, 276501, 1, 0, 0
13300, 250342, 1, 0, 0
13426, 239263, 1, 0, 0
13501, 288579, 1, 0, 0
13616, 326304, 1, 0, 0
13701, 249307, 1, 0, 0
13820, 242675, 1, 0, 0
13956, 285058, 1, 0, 0
14024, 332606, 1, 0, 0
14101, 327685, 1, 0, 0
14224, 248515, 1, 0, 0
14303, 211838, 1, 0, 0
14424, 294053, 1, 0, 0
14510, 325769, 1, 0, 0
14616, 294770, 1, 0, 0
14709, 330775, 1, 0, 0
14833, 240350, 1, 0, 0
14900, 260507, 1, 0, 0
15017, 278954, 1, 0, 0
15132, 342404, 1, 0, 0
15224, 312062, 1, 0, 0
15347, 276634, 1, 0, 0
15422, 206993, 1, 0, 0
15554, 293472, 1, 0, 0
15631, 291117, 1, 0, 0
15706, 337952, 1, 0, 0
15855, 284817, 1, 0, 0
15932, 385288, 1, 0, 0
16001, 256761, 1, 0, 0
16156, 237365, 1, 0, 0
16223, 334215, 1, 0, 0
16306, 271949, 1, 0, 0
16407, 332231, 1, 0, 0
16515, 263349, 1, 0, 0
16611, 339084, 1, 0, 0
16712, 287680, 1, 0, 0
16837, 300890, 1, 0, 0
16911, 285009, 1, 0, 0
17049, 257720, 1, 0, 0
17120, 394388, 1, 0, 0
17200, 275151, 1, 0, 0
17325, 422709, 1, 0, 0
17404, 398054, 1, 0, 0
17540, 266853, 1, 0, 0
17628, 338805, 1, 0, 0
17744, 305613, 1, 0, 0
17805, 275906, 1, 0, 0
17938, 375560, 1, 0, 0
18007, 298659, 1, 0, 0
18121, 242755, 1, 0, 0
18262, 278659, 1, 0, 0
18344, 217489, 1, 0, 0
18409, 282799, 1, 0, 0
18536, 283886, 1, 0, 0
18618, 288698, 1, 0, 0
18752, 277985, 1, 0, 0
18826, 245690, 1, 0, 0
18902, 265911, 1, 0, 0
19028, 350488, 1, 0, 0
19100, 235208, 1, 0, 0
19228, 261799, 1, 0, 0
19363, 335949, 1, 0, 0
19423, 320459, 1, 0, 0
19511, 338679, 1, 0, 0
19615, 268930, 1, 0, 0
19718, 303832, 1, 0, 0
19834, 292540, 1, 0, 0
19907, 300178, 1, 0, 0
20036, 270360, 1, 0, 0
20108, 336694, 1, 0, 0
20233, 260424, 1, 0, 0
20304, 281523, 1, 0, 0
20422, 287613, 1, 0, 0
20511, 264090, 1, 0, 0
20653, 225552, 1, 0, 0
20717, 220048, 1, 0, 0
20847, 235834, 1, 0, 0
20912, 284441, 1, 0, 0
21000, 225757, 1, 0, 0
21126, 226061, 1, 0, 0
21200, 256652, 1, 0, 0
21314, 296996, 1, 0, 0
21448, 267539, 1, 0, 0
21512, 370617, 1, 0, 0
21643, 269736, 1, 0, 0
21706, 380024, 1, 0, 0
21804, 349411, 1, 0, 0
21939, 295104, 1, 0, 0
22010, 256923, 1, 0, 0
22116, 234399, 1, 0, 0
22204, 313095, 1, 0, 0
22341, 273194, 1, 0, 0
22402, 224645, 1, 0, 0
22536, 255151, 1, 0, 0
22600, 353130, 1, 0, 0
22730, 275409, 1, 0, 0
22865, 323390, 1, 0, 0
22929, 376957, 1, 0, 0
23057, 329917, 1, 0, 0
23130, 304490, 1, 0, 0
23202, 284494, 1, 0, 0
23332, 223350, 1, 0, 0
23401, 267665, 1, 0, 0
23547, 261530, 1, 0, 0
23615, 335907, 1, 0, 0
23739, 359935, 1, 0, 0
23801, 266203, 1, 0, 0
23903, 269268, 1, 0, 0
24038, 330151, 1, 0, 0
24101, 271334, 1, 0, 0
24235, 281116, 1, 0, 0
24300, 263627, 1, 0, 0
24433, 396360, 1, 0, 0
24518, 304386, 1, 0, 0
24629, 290406, 1, 0, 0
24705, 242555, 1, 0, 0
24829, 256409, 1, 0, 0
24902, 235351, 1, 0, 0
25037, 295821, 1, 0, 0
25110, 340770, 1, 0, 0
25248, 360929, 1, 0, 0
25323, 307977, 1, 0, 0
25453, 328977, 1, 0, 0
25515, 326279, 1, 0, 0
25605, 307358, 1, 0, 0
25740, 315720, 1, 0, 0
25801, 306494, 1, 0, 0
25921, 310905, 1, 0, 0
26013, 369366, 1, 0, 0
26131, 264802, 1, 0, 0
26207, 249938, 1, 0, 0
26310, 255605, 1, 0, 0
26451, 287809, 1, 0, 0
26508, 364534, 1, 0, 0
26600, 284926, 1, 0, 0
26728, 412235, 1, 0, 0
26802, 298657, 1, 0, 0
26936, 267044, 1, 0, 0
27000, 317844, 1, 0, 0
27123, 325394, 1, 0, 0
27246, 247955, 1, 0, 0
27318, 220303, 1, 0, 0
27403, 337260, 1, 0, 0
27518, 267663, 1, 0, 0
27603, 302851, 1, 0, 0
27722, 313027, 1, 0, 0
27803, 321882, 1, 0, 0
27931, 238364, 1, 0, 0
28006, 217396, 1, 0, 0
28143, 303157, 1, 0, 0
28216, 210106, 1, 0, 0
28353, 295827, 1, 0, 0
28438, 230371, 1, 0, 0
28555, 299053, 1, 0, 0
28628, 438957, 1, 0, 0
28704, 342719, 1, 0, 0
28836, 277274, 1, 0, 0
28911, 270591, 1, 0, 0
29043, 288872, 1, 0, 0
29120, 372624, 1, 0, 0
29257, 283203, 1, 0, 0
29329, 271513, 1, 0, 0
29408, 342958, 1, 0, 0
29557, 295342, 1, 0, 0
29609, 449147, 1, 0, 0
29702, 235840, 1, 0, 0
29804, 319697, 1, 0, 0
29933, 277517, 1, 0, 0
30000, 238931, 1, 0, 0
30100, 287136, 1, 0, 0
30219, 383180, 1, 0, 0
30353, 262809, 1, 0, 0
30423, 302904, 1, 0, 0
30560, 319717, 1, 0, 0
30622, 238995, 1, 0, 0
30700, 299669, 1, 0, 0
30835, 289997, 1, 0, 0
30907, 351041, 1, 0, 0
31047, 301783, 1, 0, 0
31113, 288383, 1, 0, 0
31243, 301878, 1, 0, 0
31307, 328762, 1, 0, 0
31442, 292395, 1, 0, 0
31515, 258923, 1, 0, 0
31604, 271031, 1, 0, 0
31701, 390248, 1, 0, 0
31832, 304774, 1, 0, 0
31900, 408387, 1, 0, 0
32016, 369748, 1, 0, 0
32128, 253214, 1, 0, 0
32236, 304153, 1, 0, 0
32301, 254143, 1, 0, 0
32433, 323477, 1, 0, 0
32502, 373223, 1, 0, 0
32630, 369961, 1, 0, 0
32703, 230750, 1, 0, 0
32835, 284032, 1, 0, 0
32900, 356459, 1, 0, 0
33031, 299234, 1, 0, 0
33104, 215857, 1, 0, 0
33239, 381366, 1, 0, 0
33311, 322540, 1, 0, 0
33459, 392231, 1, 0, 0
33518, 273595, 1, 0, 0
33601, 330118, 1, 0, 0
33742, 383923, 1, 0, 0
33815, 456121, 1, 0, 0
33949, 323946, 1, 0, 0
34044, 260422, 1, 0, 0
34111, 320399, 1, 0, 0
34254, 304428, 1, 0, 0
34315, 261650, 1, 0, 0
34462, 294548, 1, 0, 0
34523, 291769, 1, 0, 0
34601, 327805, 1, 0, 0
34734, 397314, 1, 0, 0
34802, 287477, 1, 0, 0
34944, 337418, 1, 0, 0
35019, 308985, 1, 0, 0
35151, 339250, 1, 0, 0
35228, 455857, 1, 0, 0
35353, 372831, 1, 0, 0
35420, 212869, 1, 0, 0
35545, 261383, 1, 0, 0
35616, 395095, 1, 0, 0
35746, 390308, 1, 0, 0
35818, 389515, 1, 0, 0
35957, 356643, 1, 0, 0
36028, 293009, 1, 0, 0
36104, 272894, 1, 0, 0
36232, 449485, 1, 0, 0
36304, 382573, 1, 0, 0
36426, 257943, 1, 0, 0
36505, 315026, 1, 0, 0
36625, 343710, 1, 0, 0
36708, 277236, 1, 0, 0
36829, 359963, 1, 0, 0
36903, 284931, 1, 0, 0
37037, 360798, 1, 0, 0
37109, 360440, 1, 0, 0
37248, 446651, 1, 0, 0
37308, 270832, 1, 0, 0
37402, 322930, 1, 0, 0
37528, 350066, 1, 0, 0
37600, 354828, 1, 0, 0
37726, 328754, 1, 0, 0
37855, 281732, 1, 0, 0
37930, 261389, 1, 0, 0
38002, 252907, 1, 0, 0
38109, 265828, 1, 0, 0
38256, 274727, 1, 0, 0
38317, 335763, 1, 0, 0
38403, 296228, 1, 0, 0
38516, 291767, 1, 0, 0
38636, 369481, 1, 0, 0
38707, 252758, 1, 0, 0
38834, 350731, 1, 0, 0
38927, 266802, 1, 0, 0
39004, 256247, 1, 0, 0
39124, 282909, 1, 0, 0
39247, 320652, 1, 0, 0
39317, 260196, 1, 0, 0
39444, 278730, 1, 0, 0
39516, 316186, 1, 0, 0
39646, 297878, 1, 0, 0
39707, 257672, 1, 0, 0
39840, 394735, 1, 0, 0
39900, 306226, 1, 0, 0
40023, 311925, 1, 0, 0
40112, 243215, 1, 0, 0
40200, 271017, 1, 0, 0
40329, 304610, 1, 0, 0
40405, 364286, 1, 0, 0
40529, 322963, 1, 0, 0
40600, 233076, 1, 0, 0
40730, 247514, 1, 0, 0
40800, 281111, 1, 0, 0
40922, 332504, 1, 0, 0
41052, 342143, 1, 0, 0
41114, 286533, 1, 0, 0
41245, 256439, 1, 0, 0
41305, 244911, 1, 0, 0
41435, 275273, 1, 0, 0
41504, 349839, 1, 0, 0
41625, 257213, 1, 0, 0
41700, 327657, 1, 0, 0
41825, 266886, 1, 0, 0
41961, 321533, 1, 0, 0
42023, 264154, 1, 0, 0
42100, 299530, 1, 0, 0
42205, 391240, 1, 0, 0
42300, 271454, 1, 0, 0
42426, 299991, 1, 0, 0
42500, 305244, 1, 0, 0
42632, 290963, 1, 0, 0
42701, 368675, 1, 0, 0
42825, 269850, 1, 0, 0
42900, 326891, 1, 0, 0
43023, 285065, 1, 0, 0
43154, 295167, 1, 0, 0
43213, 257038, 1, 0, 0
43339, 244946, 1, 0, 0
43404, 325797, 1, 0, 0
43536, 264526, 1, 0, 0
43600, 255630, 1, 0, 0
43729, 336353, 1, 0, 0
43800, 403877, 1, 0, 0
43920, 297752, 1, 0, 0
44000, 261105, 1, 0, 0
44100, 304833, 1, 0, 0
44201, 412244, 1, 0, 0
44328, 296504, 1, 0, 0
44451, 335626, 1, 0, 0
44517, 376867, 1, 0, 0
44623, 431939, 1, 0, 0
44701, 311540, 1, 0, 0
44830, 270792, 1, 0, 0
44901, 245767, 1, 0, 0
45028, 252920, 1, 0, 0
45120, 246847, 1, 0, 0
45200, 293065, 1, 0, 0
45338, 266303, 1, 0, 0
45402, 265426, 1, 0, 0
45538, 301377, 1, 0, 0
45603, 288468, 1, 0, 0
45742, 279796, 1, 0, 0
45813, 230668, 1, 0, 0
45917, 252061, 1, 0, 0
46013, 320814, 1, 0, 0
46162, 280472, 1, 0, 0
46238, 261213, 1, 0, 0
46310, 274828, 1, 0, 0
46453, 256618, 1, 0, 0
46523, 277773, 1, 0, 0
46600, 259361, 1, 0, 0
46721, 212605, 1, 0, 0
46807, 388357, 1, 0, 0
46929, 317647, 1, 0, 0
47020, 263093, 1, 0, 0
47100, 258474, 1, 0, 0
47235, 277017, 1, 0, 0
47301, 363809, 1, 0, 0
47424, 263512, 1, 0, 0
47541, 282098, 1, 0, 0
47633, 302825, 1, 0, 0
47701, 337520, 1, 0, 0
47828, 320293, 1, 0, 0
47900, 279317, 1, 0, 0
48030, 297618, 1, 0, 0
48105, 344110, 1, 0, 0
48260, 350622, 1, 0, 0
48342, 250080, 1, 0, 0
48421, 376137, 1, 0, 0
48500, 335384, 1, 0, 0
48626, 356080, 1, 0, 0
48703, 337280, 1, 0, 0
48823, 249707, 1, 0, 0
48945, 291323, 1, 0, 0
49022, 215245, 1, 0, 0
49154, 373355, 1, 0, 0
49218, 278107, 1, 0, 0
49350, 246804, 1, 0, 0
49413, 241014, 1, 0, 0
49516, 295116, 1, 0, 0
49645, 308608, 1, 0, 0
49724, 282177, 1, 0, 0
49844, 248065, 1, 0, 0
49904, 255458, 1, 0, 0
50001, 274778, 1, 0, 0
50125, 277036, 1, 0, 0
50205, 234165, 1, 0, 0
50320, 277402, 1, 0, 0
50440, 250671, 1, 0, 0
50516, 259855, 1, 0, 0
50651, 345083, 1, 0, 0
50715, 212796, 1, 0, 0
50848, 283378, 1, 0, 0
50933, 254307, 1, 0, 0
51000, 300837, 1, 0, 0
51142, 280910, 1, 0, 0
51215, 260706, 1, 0, 0
51348, 334992, 1, 0, 0
51419, 265860, 1, 0, 0
51568, 345170, 1, 0, 0
51629, 437111, 1, 0, 0
51700, 267980, 1, 0, 0
51826, 258338, 1, 0, 0
51903, 339496, 1, 0, 0
52029, 276946, 1, 0, 0
52101, 267485, 1, 0, 0
52236, 307196, 1, 0, 0
52301, 242735, 1, 0, 0
52454, 356058, 1, 0, 0
52509, 232158, 1, 0, 0
52601, 323252, 1, 0, 0
52716, 255154, 1, 0, 0
52800, 312426, 1, 0, 0
52926, 228934, 1, 0, 0
53000, 258895, 1, 0, 0
53138, 275869, 1, 0, 0
53215, 246873, 1, 0, 0
53352, 317931, 1, 0, 0
53415, 355003, 1, 0, 0
53572, 281171, 1, 0, 0
53630, 237162, 1, 0, 0
53700, 201287, 1, 0, 0
53846, 297238, 1, 0, 0
53914, 304429, 1, 0, 0
54059, 263338, 1, 0, 0
54121, 214038, 1, 0, 0
54206, 283240, 1, 0, 0
54333, 273544, 1, 0, 0
54403, 420320, 1, 0, 0
54523, 307110, 1, 0, 0
54603, 317853, 1, 0, 0
54726, 378694, 1, 0, 0
54800, 342847, 1, 0, 0
54930, 369294, 1, 0, 0
55005, 389435, 1, 0, 0
55135, 265157, 1, 0, 0
55208, 220260, 1, 0, 0
55328, 317548, 1, 0, 0
55403, 207166, 1, 0, 0
55529, 231293, 1, 0, 0
55600, 322926, 1, 0, 0
55721, 258985, 1, 0, 0
55843, 322159, 1, 0, 0
55920, 293299, 1, 0, 0
56056, 260129, 1, 0, 0
56120, 311404, 1, 0, 0
56202, 233033, 1, 0, 0
56332, 378066, 1, 0, 0
56403, 249361, 1, 0, 0
56541, 278711, 1, 0, 0
56601, 258333, 1, 0, 0
56744, 285548, 1, 0, 0
56800, 311339, 1, 0, 0
56937, 256354, 1, 0, 0
57017, 259838, 1, 0, 0
57147, 273761, 1, 0, 0
57207, 292258, 1, 0, 0
57346, 217470, 1, 0, 0
57408, 320984, 1, 0, 0
57548, 301704, 1, 0, 0
57608, 302501, 1, 0, 0
57700, 312793, 1, 0, 0
57836, 251347, 1, 0, 0
57959, 319200, 1, 0, 0
58020, 230647, 1, 0, 0
58147, 311503, 1, 0, 0
58224, 251001, 1, 0, 0
58301, 283779, 1, 0, 0
58421, 260209, 1, 0, 0
58525, 356637, 1, 0, 0
58614, 305488, 1, 0, 0
58735, 257205, 1, 0, 0
58810, 292868, 1, 0, 0
58930, 264952, 1, 0, 0
59002, 282497, 1, 0, 0
59119, 254429, 1, 0, 0
59245, 351528, 1, 0, 0
59305, 357848, 1, 0, 0
59428, 289923, 1, 0, 0
59515, 319985, 1, 0, 0
59642, 258511, 1, 0, 0
59711, 270677, 1, 0, 0
59809, 250117, 1, 0, 0
59901, 240431, 1, 0, 0
60037, 282689, 1, 0, 0
