250, 620, 1, 0, 0
350, 600, 1, 0, 0
450, 550, 1, 0, 0
550, 560, 1, 0, 0
650, 580, 1, 0, 0
749, 626, 1, 0, 0
849, 550, 1, 0, 0
949, 520, 1, 0, 0
1049, 320, 1, 0, 0
1149, 600, 1, 0, 0
1250, 630, 1, 0, 0
1350, 560, 1, 0, 0
1450, 450, 1, 0, 0
1550, 550, 1, 0, 0
1650, 580, 1, 0, 0
1749, 595, 1, 0, 0
1849, 580, 1, 0, 0
1949, 560, 1, 0, 0
2049, 580, 1, 0, 0
2149, 590, 1, 0, 0
2249, 630, 1, 0, 0
2349, 620, 1, 0, 0
2450, 580, 1, 0, 0
2550, 590, 1, 0, 0
2650, 170, 1, 0, 0
2749, 616, 1, 0, 0
2849, 660, 1, 0, 0
2949, 590, 1, 0, 0
3049, 570, 1, 0, 0
3149, 640, 1, 0, 0
3249, 630, 1, 0, 0
3349, 490, 1, 0, 0
3449, 610, 1, 0, 0
3549, 580, 1, 0, 0
3650, 660, 1, 0, 0
3749, 616, 1, 0, 0
3849, 590, 1, 0, 0
3949, 570, 1, 0, 0
4049, 610, 1, 0, 0
4149, 550, 1, 0, 0
4249, 430, 1, 0, 0
4349, 560, 1, 0, 0
4449, 580, 1, 0, 0
4549, 540, 1, 0, 0
4649, 630, 1, 0, 0
4750, 610, 1, 0, 0
4850, 640, 1, 0, 0
4950, 660, 1, 0, 0
5050, 540, 1, 0, 0
5150, 610, 1, 0, 0
5249, 565, 1, 0, 0
5349, 580, 1, 0, 0
5449, 420, 1, 0, 0
5549, 610, 1, 0, 0
5649, 620, 1, 0, 0
5749, 620, 1, 0, 0
5850, 560, 1, 0, 0
5950, 600, 1, 0, 0
6050, 350, 1, 0, 0
6150, 170, 1, 0, 0
6249, 414, 1, 0, 0
6349, 680, 1, 0, 0
6449, 500, 1, 0, 0
6549, 130, 1, 0, 0
6649, 560, 1, 0, 0
6749, 650, 1, 0, 0
6849, 510, 1, 0, 0
6949, 720, 1, 0, 0
7050, 630, 1, 0, 0
7150, 640, 1, 0, 0
7249, 404, 1, 0, 0
7349, 330, 1, 0, 0
7449, 480, 1, 0, 0
7549, 550, 1, 0, 0
7649, 730, 1, 0, 0
7749, 410, 1, 0, 0
7849, 470, 1, 0, 0
7949, 660, 1, 0, 0
8049, 660, 1, 0, 0
8149, 620, 1, 0, 0
8250, 700, 1, 0, 0
8350, 600, 1, 0, 0
8450, 660, 1, 0, 0
8550, 650, 1, 0, 0
8650, 660, 1, 0, 0
8749, 696, 1, 0, 0
8849, 620, 1, 0, 0
8949, 680, 1, 0, 0
9049, 630, 1, 0, 0
9150, 640, 1, 0, 0
9249, 434, 1, 0, 0
9349, 510, 1, 0, 0
9449, 730, 1, 0, 0
9549, 660, 1, 0, 0
9649, 650, 1, 0, 0
9749, 650, 1, 0, 0
9849, 650, 1, 0, 0
9949, 610, 1, 0, 0
10050, 660, 1, 0, 0
10150, 630, 1, 0, 0
10249, 646, 1, 0, 0
10349, 590, 1, 0, 0
10449, 160, 1, 0, 0
10549, 620, 1, 0, 0
10649, 680, 1, 0, 0
10749, 640, 1, 0, 0
10849, 660, 1, 0, 0
10949, 590, 1, 0, 0
11049, 310, 1, 0, 0
11149, 420, 1, 0, 0
11250, 640, 1, 0, 0
11350, 720, 1, 0, 0
11450, 630, 1, 0, 0
11550, 610, 1, 0, 0
11650, 640, 1, 0, 0
11749, 666, 1, 0, 0
11849, 650, 1, 0, 0
11949, 640, 1, 0, 0
12049, 680, 1, 0, 0
12149, 650, 1, 0, 0
12249, 670, 1, 0, 0
12349, 650, 1, 0, 0
12450, 640, 1, 0, 0
12550, 620, 1, 0, 0
12650, 610, 1, 0, 0
12749, 70, 1, 0, 0
12849, 430, 1, 0, 0
12949, 640, 1, 0, 0
13049, 650, 1, 0, 0
13149, 560, 1, 0, 0
13249, 630, 1, 0, 0
13349, 630, 1, 0, 0
13449, 640, 1, 0, 0
13550, 620, 1, 0, 0
13650, 350, 1, 0, 0
13749, 585, 1, 0, 0
13849, 670, 1, 0, 0
13949, 550, 1, 0, 0
14049, 590, 1, 0, 0
14149, 440, 1, 0, 0
14249, 540, 1, 0, 0
14349, 480, 1, 0, 0
14449, 690, 1, 0, 0
14549, 620, 1, 0, 0
14650, 580, 1, 0, 0
14749, 555, 1, 0, 0
14849, 710, 1, 0, 0
14949, 620, 1, 0, 0
15049, 660, 1, 0, 0
15149, 630, 1, 0, 0
15249, 590, 1, 0, 0
15349, 670, 1, 0, 0
15449, 690, 1, 0, 0
15549, 620, 1, 0, 0
15649, 580, 1, 0, 0
15750, 600, 1, 0, 0
15850, 640, 1, 0, 0
15950, 660, 1, 0, 0
16050, 470, 1, 0, 0
16150, 310, 1, 0, 0
16249, 363, 1, 0, 0
16349, 670, 1, 0, 0
16449, 660, 1, 0, 0
16549, 390, 1, 0, 0
16649, 60, 1, 0, 0
16750, 530, 1, 0, 0
16850, 710, 1, 0, 0
16950, 660, 1, 0, 0
17050, 540, 1, 0, 0
17150, 620, 1, 0, 0
17249, 676, 1, 0, 0
17349, 430, 1, 0, 0
17449, 140, 1, 0, 0
17549, 490, 1, 0, 0
17649, 490, 1, 0, 0
17749, 680, 1, 0, 0
17850, 670, 1, 0, 0
17950, 470, 1, 0, 0
18050, 610, 1, 0, 0
18150, 590, 1, 0, 0
18249, 565, 1, 0, 0
18349, 640, 1, 0, 0
18449, 600, 1, 0, 0
18549, 590, 1, 0, 0
18649, 610, 1, 0, 0
18749, 620, 1, 0, 0
18849, 630, 1, 0, 0
18949, 600, 1, 0, 0
19050, 600, 1, 0, 0
19150, 620, 1, 0, 0
19249, 616, 1, 0, 0
19349, 580, 1, 0, 0
19449, 480, 1, 0, 0
19549, 610, 1, 0, 0
19649, 650, 1, 0, 0
19749, 610, 1, 0, 0
19849, 600, 1, 0, 0
19949, 630, 1, 0, 0
20049, 440, 1, 0, 0
20149, 670, 1, 0, 0
20250, 530, 1, 0, 0
20350, 610, 1, 0, 0
20450, 600, 1, 0, 0
20550, 660, 1, 0, 0
20650, 590, 1, 0, 0
20749, 606, 1, 0, 0
20849, 600, 1, 0, 0
20949, 580, 1, 0, 0
21049, 450, 1, 0, 0
21149, 330, 1, 0, 0
21250, 440, 1, 0, 0
21350, 580, 1, 0, 0
21450, 640, 1, 0, 0
21550, 620, 1, 0, 0
21650, 470, 1, 0, 0
21749, 636, 1, 0, 0
21849, 590, 1, 0, 0
21949, 610, 1, 0, 0
22049, 640, 1, 0, 0
22149, 590, 1, 0, 0
22249, 600, 1, 0, 0
22349, 600, 1, 0, 0
22449, 590, 1, 0, 0
22550, 610, 1, 0, 0
22650, 590, 1, 0, 0
22749, 484, 1, 0, 0
22849, 150, 1, 0, 0
22949, 360, 1, 0, 0
23049, 620, 1, 0, 0
23149, 680, 1, 0, 0
23249, 660, 1, 0, 0
23349, 500, 1, 0, 0
23449, 660, 1, 0, 0
23549, 660, 1, 0, 0
23650, 620, 1, 0, 0
23749, 646, 1, 0, 0
23849, 650, 1, 0, 0
23949, 580, 1, 0, 0
24049, 630, 1, 0, 0
24149, 500, 1, 0, 0
24249, 440, 1, 0, 0
24349, 490, 1, 0, 0
24449, 620, 1, 0, 0
24549, 300, 1, 0, 0
24649, 640, 1, 0, 0
24750, 620, 1, 0, 0
24850, 500, 1, 0, 0
24950, 600, 1, 0, 0
25050, 520, 1, 0, 0
25150, 600, 1, 0, 0
25249, 575, 1, 0, 0
25349, 540, 1, 0, 0
25449, 670, 1, 0, 0
25549, 610, 1, 0, 0
25649, 580, 1, 0, 0
25750, 580, 1, 0, 0
25850, 570, 1, 0, 0
25950, 600, 1, 0, 0
26050, 370, 1, 0, 0
26150, 430, 1, 0, 0
26249, 424, 1, 0, 0
26349, 540, 1, 0, 0
26449, 630, 1, 0, 0
26549, 590, 1, 0, 0
26649, 430, 1, 0, 0
26749, 140, 1, 0, 0
26849, 570, 1, 0, 0
26950, 640, 1, 0, 0
27050, 580, 1, 0, 0
27150, 500, 1, 0, 0
27249, 666, 1, 0, 0
27349, 620, 1, 0, 0
27449, 460, 1, 0, 0
27549, 110, 1, 0, 0
27649, 590, 1, 0, 0
27749, 530, 1, 0, 0
27850, 680, 1, 0, 0
27950, 580, 1, 0, 0
28050, 250, 1, 0, 0
28150, 580, 1, 0, 0
28249, 555, 1, 0, 0
28349, 590, 1, 0, 0
28449, 530, 1, 0, 0
28549, 620, 1, 0, 0
28649, 610, 1, 0, 0
28749, 560, 1, 0, 0
28849, 620, 1, 0, 0
28949, 600, 1, 0, 0
29050, 580, 1, 0, 0
29150, 590, 1, 0, 0
29249, 555, 1, 0, 0
29349, 640, 1, 0, 0
29449, 610, 1, 0, 0
29549, 520, 1, 0, 0
29649, 620, 1, 0, 0
29749, 410, 1, 0, 0
29849, 620, 1, 0, 0
29949, 630, 1, 0, 0
30050, 610, 1, 0, 0
30150, 550, 1, 0, 0
30249, 606, 1, 0, 0
30349, 550, 1, 0, 0
30449, 570, 1, 0, 0
30549, 600, 1, 0, 0
30649, 540, 1, 0, 0
30749, 520, 1, 0, 0
30849, 570, 1, 0, 0
30949, 600, 1, 0, 0
31049, 660, 1, 0, 0
31149, 340, 1, 0, 0
31250, 410, 1, 0, 0
31350, 390, 1, 0, 0
31450, 540, 1, 0, 0
31550, 640, 1, 0, 0
31650, 520, 1, 0, 0
31749, 131, 1, 0, 0
31849, 130, 1, 0, 0
31949, 550, 1, 0, 0
32049, 590, 1, 0, 0
32149, 620, 1, 0, 0
32249, 410, 1, 0, 0
32350, 630, 1, 0, 0
32450, 510, 1, 0, 0
32550, 530, 1, 0, 0
32650, 490, 1, 0, 0
32749, 646, 1, 0, 0
32849, 600, 1, 0, 0
32949, 50, 1, 0, 0
33049, 150, 1, 0, 0
33149, 380, 1, 0, 0
33249, 630, 1, 0, 0
33349, 700, 1, 0, 0
33450, 630, 1, 0, 0
33550, 560, 1, 0, 0
33650, 590, 1, 0, 0
33749, 585, 1, 0, 0
33849, 630, 1, 0, 0
33949, 580, 1, 0, 0
34049, 540, 1, 0, 0
34149, 610, 1, 0, 0
34249, 620, 1, 0, 0
34350, 590, 1, 0, 0
34450, 580, 1, 0, 0
34550, 570, 1, 0, 0
34650, 90, 1, 0, 0
34749, 494, 1, 0, 0
34849, 600, 1, 0, 0
34949, 530, 1, 0, 0
35049, 650, 1, 0, 0
35149, 560, 1, 0, 0
35249, 560, 1, 0, 0
35349, 600, 1, 0, 0
35449, 580, 1, 0, 0
35550, 560, 1, 0, 0
35650, 550, 1, 0, 0
35749, 595, 1, 0, 0
35849, 580, 1, 0, 0
35949, 540, 1, 0, 0
36049, 630, 1, 0, 0
36149, 210, 1, 0, 0
36249, 90, 1, 0, 0
36349, 260, 1, 0, 0
36449, 680, 1, 0, 0
36549, 540, 1, 0, 0
36650, 710, 1, 0, 0
36749, 353, 1, 0, 0
36849, 100, 1, 0, 0
36949, 530, 1, 0, 0
37049, 570, 1, 0, 0
37149, 610, 1, 0, 0
37249, 610, 1, 0, 0
37349, 540, 1, 0, 0
37449, 580, 1, 0, 0
37549, 660, 1, 0, 0
37649, 250, 1, 0, 0
37749, 180, 1, 0, 0
37850, 630, 1, 0, 0
37950, 400, 1, 0, 0
38050, 630, 1, 0, 0
38150, 170, 1, 0, 0
38249, 575, 1, 0, 0
38349, 540, 1, 0, 0
38449, 600, 1, 0, 0
38549, 580, 1, 0, 0
38649, 520, 1, 0, 0
38750, 590, 1, 0, 0
38850, 570, 1, 0, 0
38950, 540, 1, 0, 0
39050, 520, 1, 0, 0
39150, 570, 1, 0, 0
39249, 616, 1, 0, 0
39349, 600, 1, 0, 0
39449, 620, 1, 0, 0
39549, 580, 1, 0, 0
39649, 390, 1, 0, 0
39750, 580, 1, 0, 0
39850, 610, 1, 0, 0
39950, 580, 1, 0, 0
40050, 210, 1, 0, 0
40150, 700, 1, 0, 0
40249, 636, 1, 0, 0
40349, 590, 1, 0, 0
40449, 620, 1, 0, 0
40549, 610, 1, 0, 0
40649, 410, 1, 0, 0
40749, 700, 1, 0, 0
40850, 640, 1, 0, 0
40950, 590, 1, 0, 0
41050, 600, 1, 0, 0
41150, 450, 1, 0, 0
41249, 575, 1, 0, 0
41349, 630, 1, 0, 0
41449, 110, 1, 0, 0
41549, 250, 1, 0, 0
41649, 660, 1, 0, 0
41749, 590, 1, 0, 0
41849, 120, 1, 0, 0
41949, 440, 1, 0, 0
42050, 620, 1, 0, 0
42150, 540, 1, 0, 0
42249, 646, 1, 0, 0
42349, 570, 1, 0, 0
42449, 630, 1, 0, 0
42549, 630, 1, 0, 0
42649, 560, 1, 0, 0
42749, 580, 1, 0, 0
42849, 560, 1, 0, 0
42949, 560, 1, 0, 0
43049, 30, 1, 0, 0
43150, 190, 1, 0, 0
43249, 606, 1, 0, 0
43349, 620, 1, 0, 0
43449, 520, 1, 0, 0
43549, 650, 1, 0, 0
43649, 650, 1, 0, 0
43749, 630, 1, 0, 0
43849, 640, 1, 0, 0
43949, 620, 1, 0, 0
44049, 450, 1, 0, 0
44149, 640, 1, 0, 0
44249, 630, 1, 0, 0
44350, 670, 1, 0, 0
44450, 640, 1, 0, 0
44550, 620, 1, 0, 0
44650, 600, 1, 0, 0
44749, 60, 1, 0, 0
44849, 300, 1, 0, 0
44949, 690, 1, 0, 0
45049, 630, 1, 0, 0
45149, 590, 1, 0, 0
45249, 640, 1, 0, 0
45349, 640, 1, 0, 0
45449, 620, 1, 0, 0
45550, 600, 1, 0, 0
45650, 610, 1, 0, 0
45749, 555, 1, 0, 0
45849, 610, 1, 0, 0
45949, 610, 1, 0, 0
46049, 570, 1, 0, 0
46149, 610, 1, 0, 0
46249, 190, 1, 0, 0
46349, 480, 1, 0, 0
46449, 270, 1, 0, 0
46549, 640, 1, 0, 0
46649, 620, 1, 0, 0
46750, 580, 1, 0, 0
46850, 350, 1, 0, 0
46950, 270, 1, 0, 0
47050, 480, 1, 0, 0
47150, 480, 1, 0, 0
47249, 585, 1, 0, 0
47349, 670, 1, 0, 0
47449, 570, 1, 0, 0
47549, 630, 1, 0, 0
47649, 490, 1, 0, 0
47749, 80, 1, 0, 0
47850, 300, 1, 0, 0
47950, 600, 1, 0, 0
48050, 360, 1, 0, 0
48150, 510, 1, 0, 0
48249, 111, 1, 0, 0
48349, 400, 1, 0, 0
48449, 650, 1, 0, 0
48549, 650, 1, 0, 0
48649, 580, 1, 0, 0
48749, 550, 1, 0, 0
48849, 620, 1, 0, 0
48949, 630, 1, 0, 0
49049, 610, 1, 0, 0
49150, 600, 1, 0, 0
49249, 565, 1, 0, 0
49349, 640, 1, 0, 0
49449, 620, 1, 0, 0
49549, 620, 1, 0, 0
49649, 550, 1, 0, 0
49749, 590, 1, 0, 0
49849, 560, 1, 0, 0
49949, 600, 1, 0, 0
50049, 640, 1, 0, 0
50149, 520, 1, 0, 0
50250, 630, 1, 0, 0
50350, 610, 1, 0, 0
50450, 640, 1, 0, 0
50550, 550, 1, 0, 0
50650, 610, 1, 0, 0
50749, 585, 1, 0, 0
50849, 660, 1, 0, 0
50949, 640, 1, 0, 0
51049, 590, 1, 0, 0
51149, 530, 1, 0, 0
51249, 620, 1, 0, 0
51350, 560, 1, 0, 0
51450, 320, 1, 0, 0
51550, 260, 1, 0, 0
51650, 560, 1, 0, 0
51749, 636, 1, 0, 0
51849, 280, 1, 0, 0
51949, 180, 1, 0, 0
52049, 640, 1, 0, 0
52149, 540, 1, 0, 0
52250, 570, 1, 0, 0
52350, 540, 1, 0, 0
52450, 600, 1, 0, 0
52550, 560, 1, 0, 0
52650, 620, 1, 0, 0
52749, 535, 1, 0, 0
52850, 580, 1, 0, 0
52950, 640, 1, 0, 0
53050, 210, 1, 0, 0
53150, 370, 1, 0, 0
53249, 545, 1, 0, 0
53349, 630, 1, 0, 0
53449, 620, 1, 0, 0
53549, 590, 1, 0, 0
53649, 550, 1, 0, 0
53749, 570, 1, 0, 0
53849, 570, 1, 0, 0
53949, 570, 1, 0, 0
54050, 630, 1, 0, 0
54150, 590, 1, 0, 0
54249, 626, 1, 0, 0
54349, 620, 1, 0, 0
54449, 650, 1, 0, 0
54549, 610, 1, 0, 0
54649, 610, 1, 0, 0
54749, 570, 1, 0, 0
54849, 390, 1, 0, 0
54949, 390, 1, 0, 0
55050, 630, 1, 0, 0
55150, 570, 1, 0, 0
55249, 626, 1, 0, 0
55349, 580, 1, 0, 0
55449, 640, 1, 0, 0
55549, 580, 1, 0, 0
55649, 600, 1, 0, 0
55749, 580, 1, 0, 0
55849, 620, 1, 0, 0
55949, 610, 1, 0, 0
56049, 600, 1, 0, 0
56149, 590, 1, 0, 0
56250, 590, 1, 0, 0
56350, 230, 1, 0, 0
56450, 110, 1, 0, 0
56550, 110, 1, 0, 0
56650, 470, 1, 0, 0
56749, 646, 1, 0, 0
56849, 560, 1, 0, 0
56949, 210, 1, 0, 0
57049, 80, 1, 0, 0
57149, 440, 1, 0, 0
57249, 610, 1, 0, 0
57349, 640, 1, 0, 0
57450, 640, 1, 0, 0
57550, 560, 1, 0, 0
57650, 540, 1, 0, 0
57749, 626, 1, 0, 0
57849, 190, 1, 0, 0
57949, 60, 1, 0, 0
58049, 80, 1, 0, 0
58149, 180, 1, 0, 0
58249, 180, 1, 0, 0
58349, 370, 1, 0, 0
58449, 660, 1, 0, 0
58550, 650, 1, 0, 0
58650, 540, 1, 0, 0
58749, 606, 1, 0, 0
58849, 610, 1, 0, 0
58949, 640, 1, 0, 0
59049, 600, 1, 0, 0
59149, 660, 1, 0, 0
59249, 600, 1, 0, 0
59349, 640, 1, 0, 0
59449, 580, 1, 0, 0
59549, 630, 1, 0, 0
59650, 600, 1, 0, 0
59749, 555, 1, 0, 0
59849, 300, 1, 0, 0
59949, 80, 1, 0, 0
60049, 630, 1, 0, 0
60149, 680, 1, 0, 0
60249, 530, 1, 0, 0
60349, 600, 1, 0, 0
60449, 660, 1, 0, 0
60549, 620, 1, 0, 0
60649, 380, 1, 0, 0
60750, 660, 1, 0, 0
60850, 580, 1, 0, 0
60950, 550, 1, 0, 0
61050, 590, 1, 0, 0
61150, 590, 1, 0, 0
61249, 565, 1, 0, 0
61349, 580, 1, 0, 0
61449, 330, 1, 0, 0
61549, 500, 1, 0, 0
61650, 150, 1, 0, 0
61750, 510, 1, 0, 0
61850, 640, 1, 0, 0
61950, 250, 1, 0, 0
62050, 40, 1, 0, 0
62150, 420, 1, 0, 0
62249, 676, 1, 0, 0
62349, 260, 1, 0, 0
62449, 710, 1, 0, 0
62549, 630, 1, 0, 0
62649, 660, 1, 0, 0
62749, 640, 1, 0, 0
62850, 380, 1, 0, 0
62950, 590, 1, 0, 0
63050, 420, 1, 0, 0
63150, 10, 1, 0, 0
63249, 202, 1, 0, 0
63349, 90, 1, 0, 0
63449, 370, 1, 0, 0
63549, 650, 1, 0, 0
63649, 680, 1, 0, 0
63750, 560, 1, 0, 0
63850, 600, 1, 0, 0
63950, 550, 1, 0, 0
64050, 640, 1, 0, 0
64150, 620, 1, 0, 0
64249, 585, 1, 0, 0
64349, 570, 1, 0, 0
64449, 570, 1, 0, 0
64549, 630, 1, 0, 0
64649, 600, 1, 0, 0
64749, 630, 1, 0, 0
64849, 610, 1, 0, 0
64950, 270, 1, 0, 0
65050, 280, 1, 0, 0
65150, 640, 1, 0, 0
65249, 656, 1, 0, 0
65349, 560, 1, 0, 0
65449, 650, 1, 0, 0
65549, 610, 1, 0, 0
65649, 590, 1, 0, 0
65749, 630, 1, 0, 0
65849, 620, 1, 0, 0
65949, 580, 1, 0, 0
66049, 590, 1, 0, 0
66150, 610, 1, 0, 0
66249, 636, 1, 0, 0
66349, 560, 1, 0, 0
66449, 540, 1, 0, 0
66549, 30, 1, 0, 0
66649, 250, 1, 0, 0
66749, 280, 1, 0, 0
66849, 690, 1, 0, 0
66949, 510, 1, 0, 0
67049, 440, 1, 0, 0
67249, 80, 1, 0, 0
67349, 640, 1, 0, 0
67449, 480, 1, 0, 0
67549, 690, 1, 0, 0
67649, 640, 1, 0, 0
67749, 430, 1, 0, 0
67849, 560, 1, 0, 0
67949, 10, 1, 0, 0
68050, 140, 1, 0, 0
68150, 80, 1, 0, 0
68249, 535, 1, 0, 0
68349, 160, 1, 0, 0
68449, 330, 1, 0, 0
68549, 670, 1, 0, 0
68649, 560, 1, 0, 0
68749, 590, 1, 0, 0
68849, 600, 1, 0, 0
68949, 640, 1, 0, 0
69050, 550, 1, 0, 0
69150, 610, 1, 0, 0
69249, 555, 1, 0, 0
69349, 560, 1, 0, 0
69449, 340, 1, 0, 0
69549, 640, 1, 0, 0
69649, 610, 1, 0, 0
69749, 590, 1, 0, 0
69849, 570, 1, 0, 0
69949, 410, 1, 0, 0
70049, 140, 1, 0, 0
70149, 550, 1, 0, 0
70250, 640, 1, 0, 0
70350, 640, 1, 0, 0
70450, 530, 1, 0, 0
70550, 590, 1, 0, 0
70650, 610, 1, 0, 0
70749, 606, 1, 0, 0
70849, 630, 1, 0, 0
70949, 610, 1, 0, 0
71049, 590, 1, 0, 0
71149, 590, 1, 0, 0
71249, 620, 1, 0, 0
71350, 650, 1, 0, 0
71450, 600, 1, 0, 0
71550, 10, 1, 0, 0
71650, 50, 1, 0, 0
71749, 101, 1, 0, 0
71849, 600, 1, 0, 0
71949, 690, 1, 0, 0
72049, 60, 1, 0, 0
72149, 60, 1, 0, 0
72249, 330, 1, 0, 0
72349, 710, 1, 0, 0
72449, 670, 1, 0, 0
72550, 530, 1, 0, 0
72650, 590, 1, 0, 0
72749, 656, 1, 0, 0
72849, 650, 1, 0, 0
72949, 510, 1, 0, 0
73049, 40, 1, 0, 0
73149, 540, 1, 0, 0
73249, 10, 1, 0, 0
73349, 60, 1, 0, 0
73449, 310, 1, 0, 0
73549, 580, 1, 0, 0
73650, 650, 1, 0, 0
73749, 575, 1, 0, 0
73849, 610, 1, 0, 0
73949, 500, 1, 0, 0
74049, 570, 1, 0, 0
74149, 520, 1, 0, 0
74249, 610, 1, 0, 0
74349, 620, 1, 0, 0
74449, 620, 1, 0, 0
74549, 400, 1, 0, 0
74649, 640, 1, 0, 0
74750, 610, 1, 0, 0
74850, 610, 1, 0, 0
74950, 560, 1, 0, 0
75050, 270, 1, 0, 0
75150, 650, 1, 0, 0
75249, 565, 1, 0, 0
75349, 640, 1, 0, 0
75449, 580, 1, 0, 0
75549, 450, 1, 0, 0
75650, 670, 1, 0, 0
75749, 565, 1, 0, 0
75849, 610, 1, 0, 0
75949, 540, 1, 0, 0
76049, 610, 1, 0, 0
76149, 520, 1, 0, 0
76249, 650, 1, 0, 0
76349, 560, 1, 0, 0
76449, 610, 1, 0, 0
76549, 510, 1, 0, 0
76649, 270, 1, 0, 0
76749, 171, 1, 0, 0
76849, 250, 1, 0, 0
76949, 660, 1, 0, 0
77049, 400, 1, 0, 0
77149, 270, 1, 0, 0
77249, 130, 1, 0, 0
77349, 640, 1, 0, 0
77449, 630, 1, 0, 0
77549, 640, 1, 0, 0
77649, 560, 1, 0, 0
77750, 650, 1, 0, 0
77850, 660, 1, 0, 0
77950, 490, 1, 0, 0
78050, 260, 1, 0, 0
78150, 450, 1, 0, 0
78249, 585, 1, 0, 0
78349, 410, 1, 0, 0
78449, 380, 1, 0, 0
78549, 600, 1, 0, 0
78649, 620, 1, 0, 0
78749, 550, 1, 0, 0
78849, 580, 1, 0, 0
78949, 640, 1, 0, 0
79050, 500, 1, 0, 0
79150, 510, 1, 0, 0
79249, 575, 1, 0, 0
79349, 610, 1, 0, 0
79449, 550, 1, 0, 0
79549, 560, 1, 0, 0
79649, 540, 1, 0, 0
79749, 570, 1, 0, 0
79849, 600, 1, 0, 0
79949, 620, 1, 0, 0
80050, 480, 1, 0, 0
80150, 70, 1, 0, 0
80249, 484, 1, 0, 0
80349, 610, 1, 0, 0
80449, 610, 1, 0, 0
80549, 540, 1, 0, 0
80649, 420, 1, 0, 0
80749, 600, 1, 0, 0
80849, 530, 1, 0, 0
80949, 590, 1, 0, 0
81050, 560, 1, 0, 0
81150, 590, 1, 0, 0
81249, 626, 1, 0, 0
81349, 590, 1, 0, 0
81449, 580, 1, 0, 0
81549, 550, 1, 0, 0
81649, 260, 1, 0, 0
81749, 640, 1, 0, 0
81849, 540, 1, 0, 0
81949, 630, 1, 0, 0
82050, 340, 1, 0, 0
82150, 50, 1, 0, 0
82249, 333, 1, 0, 0
82349, 640, 1, 0, 0
82449, 620, 1, 0, 0
82549, 600, 1, 0, 0
82649, 580, 1, 0, 0
82749, 600, 1, 0, 0
82849, 580, 1, 0, 0
82949, 600, 1, 0, 0
83049, 320, 1, 0, 0
83149, 350, 1, 0, 0
83250, 530, 1, 0, 0
83350, 180, 1, 0, 0
83450, 610, 1, 0, 0
83550, 570, 1, 0, 0
83650, 520, 1, 0, 0
83749, 595, 1, 0, 0
83849, 540, 1, 0, 0
83949, 560, 1, 0, 0
84049, 580, 1, 0, 0
84149, 580, 1, 0, 0
84249, 570, 1, 0, 0
84350, 580, 1, 0, 0
84450, 580, 1, 0, 0
84550, 560, 1, 0, 0
84650, 580, 1, 0, 0
84749, 585, 1, 0, 0
84849, 560, 1, 0, 0
84949, 580, 1, 0, 0
85049, 610, 1, 0, 0
85149, 610, 1, 0, 0
85249, 600, 1, 0, 0
85350, 580, 1, 0, 0
85450, 560, 1, 0, 0
85550, 620, 1, 0, 0
85650, 550, 1, 0, 0
85749, 616, 1, 0, 0
85849, 570, 1, 0, 0
85949, 570, 1, 0, 0
86049, 590, 1, 0, 0
86149, 580, 1, 0, 0
86249, 530, 1, 0, 0
86349, 610, 1, 0, 0
86449, 620, 1, 0, 0
86550, 510, 1, 0, 0
86650, 600, 1, 0, 0
86749, 131, 1, 0, 0
86849, 670, 1, 0, 0
86949, 630, 1, 0, 0
87049, 550, 1, 0, 0
87149, 590, 1, 0, 0
87249, 540, 1, 0, 0
87349, 580, 1, 0, 0
87449, 580, 1, 0, 0
87549, 530, 1, 0, 0
87650, 560, 1, 0, 0
87749, 474, 1, 0, 0
87849, 610, 1, 0, 0
87949, 560, 1, 0, 0
88049, 570, 1, 0, 0
88149, 250, 1, 0, 0
88249, 570, 1, 0, 0
88349, 570, 1, 0, 0
88449, 410, 1, 0, 0
88549, 410, 1, 0, 0
88649, 330, 1, 0, 0
88750, 550, 1, 0, 0
88850, 490, 1, 0, 0
88950, 530, 1, 0, 0
89050, 560, 1, 0, 0
89150, 520, 1, 0, 0
89249, 575, 1, 0, 0
89349, 410, 1, 0, 0
89449, 580, 1, 0, 0
89549, 530, 1, 0, 0
89649, 520, 1, 0, 0
89750, 500, 1, 0, 0
89850, 510, 1, 0, 0
89950, 580, 1, 0, 0
