100, 12964368, 1, 0, 0
200, 13391918, 1, 0, 0
305, 12359220, 1, 0, 0
402, 12290651, 1, 0, 0
502, 14624672, 1, 0, 0
601, 14033870, 1, 0, 0
704, 15061427, 1, 0, 0
800, 13320922, 1, 0, 0
904, 14001637, 1, 0, 0
1000, 13904306, 1, 0, 0
1101, 12805296, 1, 0, 0
1200, 13095462, 1, 0, 0
1306, 14256778, 1, 0, 0
1400, 14234375, 1, 0, 0
1500, 12868096, 1, 0, 0
1601, 13316216, 1, 0, 0
1700, 14541892, 1, 0, 0
1800, 13229514, 1, 0, 0
1903, 12459028, 1, 0, 0
2004, 14382773, 1, 0, 0
2100, 14581380, 1, 0, 0
2201, 15119561, 1, 0, 0
2301, 12754546, 1, 0, 0
2404, 13910540, 1, 0, 0
2500, 18836194, 1, 0, 0
2603, 12864093, 1, 0, 0
2701, 14372370, 1, 0, 0
2803, 12680255, 1, 0, 0
2900, 14469608, 1, 0, 0
3002, 14367891, 1, 0, 0
3100, 14753469, 1, 0, 0
3203, 15360024, 1, 0, 0
3302, 15550902, 1, 0, 0
3401, 13027422, 1, 0, 0
3500, 15589908, 1, 0, 0
3600, 13276733, 1, 0, 0
3701, 13263716, 1, 0, 0
3800, 13211393, 1, 0, 0
3901, 14395427, 1, 0, 0
4007, 15357635, 1, 0, 0
4103, 15327044, 1, 0, 0
4200, 14054306, 1, 0, 0
4300, 14376473, 1, 0, 0
4404, 14786729, 1, 0, 0
4501, 15201389, 1, 0, 0
4603, 13415534, 1, 0, 0
4702, 11474100, 1, 0, 0
4805, 13962666, 1, 0, 0
4900, 14879715, 1, 0, 0
5002, 12924940, 1, 0, 0
5101, 15464131, 1, 0, 0
5203, 14037605, 1, 0, 0
5300, 12793435, 1, 0, 0
5401, 13380032, 1, 0, 0
5500, 12566484, 1, 0, 0
5600, 14729946, 1, 0, 0
5701, 13707253, 1, 0, 0
5801, 13492045, 1, 0, 0
5933, 14879952, 1, 0, 0
6003, 37665550, 1, 0, 0
6100, 11619964, 1, 0, 0
6202, 12709754, 1, 0, 0
6300, 14277309, 1, 0, 0
6400, 13505510, 1, 0, 0
6500, 12676964, 1, 0, 0
6600, 13145944, 1, 0, 0
6705, 13942888, 1, 0, 0
6800, 12382923, 1, 0, 0
6905, 12792230, 1, 0, 0
7000, 13657094, 1, 0, 0
7100, 15841162, 1, 0, 0
7200, 13058846, 1, 0, 0
7306, 12713224, 1, 0, 0
7401, 14663258, 1, 0, 0
7500, 13806166, 1, 0, 0
7601, 13678861, 1, 0, 0
7702, 12334935, 1, 0, 0
7801, 13572482, 1, 0, 0
7901, 13182770, 1, 0, 0
8001, 14891358, 1, 0, 0
8103, 15936086, 1, 0, 0
8201, 13603727, 1, 0, 0
8305, 12459551, 1, 0, 0
8409, 12009249, 1, 0, 0
8501, 15129071, 1, 0, 0
8601, 13381929, 1, 0, 0
8700, 13228108, 1, 0, 0
8800, 13323339, 1, 0, 0
8900, 12959973, 1, 0, 0
9000, 13172999, 1, 0, 0
9103, 14197635, 1, 0, 0
9201, 14006948, 1, 0, 0
9300, 12533012, 1, 0, 0
9400, 14385231, 1, 0, 0
9500, 14332516, 1, 0, 0
9600, 13766417, 1, 0, 0
9700, 14050145, 1, 0, 0
9802, 13054752, 1, 0, 0
9900, 14533610, 1, 0, 0
10000, 13098130, 1, 0, 0
10101, 14122216, 1, 0, 0
10200, 14821202, 1, 0, 0
10300, 14043572, 1, 0, 0
10402, 14734007, 1, 0, 0
10500, 12689871, 1, 0, 0
10600, 14486752, 1, 0, 0
10701, 11849191, 1, 0, 0
10801, 13740433, 1, 0, 0
10900, 13747622, 1, 0, 0
11004, 14482740, 1, 0, 0
11106, 12862795, 1, 0, 0
11201, 12506928, 1, 0, 0
11301, 14858109, 1, 0, 0
11400, 15471938, 1, 0, 0
11503, 12661420, 1, 0, 0
11606, 15051431, 1, 0, 0
11701, 13227909, 1, 0, 0
11801, 13025118, 1, 0, 0
11901, 14540235, 1, 0, 0
12003, 14532698, 1, 0, 0
12101, 16013048, 1, 0, 0
12202, 16026901, 1, 0, 0
12301, 13281128, 1, 0, 0
12400, 12589087, 1, 0, 0
12500, 13380876, 1, 0, 0
12600, 14941849, 1, 0, 0
12701, 13846188, 1, 0, 0
12802, 11977339, 1, 0, 0
12900, 15997502, 1, 0, 0
13000, 13137621, 1, 0, 0
13101, 14219371, 1, 0, 0
13204, 15610805, 1, 0, 0
13301, 12917391, 1, 0, 0
13400, 14290179, 1, 0, 0
13500, 14404618, 1, 0, 0
13605, 13341190, 1, 0, 0
13700, 14005395, 1, 0, 0
13800, 12838622, 1, 0, 0
13900, 13220604, 1, 0, 0
14000, 12412896, 1, 0, 0
14100, 14976933, 1, 0, 0
14201, 14704598, 1, 0, 0
14308, 16681096, 1, 0, 0
14406, 14252654, 1, 0, 0
14502, 12198579, 1, 0, 0
14603, 14085840, 1, 0, 0
14710, 14730056, 1, 0, 0
14801, 13835865, 1, 0, 0
14900, 14215721, 1, 0, 0
15001, 12010890, 1, 0, 0
15100, 12732157, 1, 0, 0
15200, 13410503, 1, 0, 0
15302, 14628664, 1, 0, 0
15400, 13305454, 1, 0, 0
15504, 13725397, 1, 0, 0
15600, 13473602, 1, 0, 0
15700, 13162164, 1, 0, 0
15800, 13833502, 1, 0, 0
15906, 14479460, 1, 0, 0
16000, 13798124, 1, 0, 0
16100, 15772894, 1, 0, 0
16201, 14868925, 1, 0, 0
16301, 14018939, 1, 0, 0
16404, 16303283, 1, 0, 0
16500, 13865425, 1, 0, 0
16600, 12446212, 1, 0, 0
16702, 13814814, 1, 0, 0
16802, 12885636, 1, 0, 0
16901, 13454027, 1, 0, 0
17002, 13769774, 1, 0, 0
17101, 14928686, 1, 0, 0
17200, 14303699, 1, 0, 0
17300, 13742304, 1, 0, 0
17434, 13251274, 1, 0, 0
17501, 17326474, 1, 0, 0
17602, 12701236, 1, 0, 0
17702, 12707366, 1, 0, 0
17804, 13708376, 1, 0, 0
17900, 14461479, 1, 0, 0
18000, 13099499, 1, 0, 0
18100, 12208928, 1, 0, 0
18200, 14942975, 1, 0, 0
18306, 14534628, 1, 0, 0
18400, 15070932, 1, 0, 0
18500, 15808454, 1, 0, 0
18601, 14880501, 1, 0, 0
18705, 13663678, 1, 0, 0
18800, 13963174, 1, 0, 0
18900, 13981858, 1, 0, 0
19000, 14312113, 1, 0, 0
19101, 13980286, 1, 0, 0
19202, 14896972, 1, 0, 0
19302, 13750000, 1, 0, 0
19402, 14187901, 1, 0, 0
19503, 14193029, 1, 0, 0
19600, 14492852, 1, 0, 0
19700, 13679542, 1, 0, 0
19801, 11913626, 1, 0, 0
19901, 13265508, 1, 0, 0
20000, 14712605, 1, 0, 0
20100, 14007079, 1, 0, 0
20209, 17618038, 1, 0, 0
20301, 19904414, 1, 0, 0
20400, 13547209, 1, 0, 0
20501, 13350479, 1, 0, 0
20602, 13713232, 1, 0, 0
20701, 14962758, 1, 0, 0
20801, 12861527, 1, 0, 0
20901, 12805749, 1, 0, 0
21001, 12365320, 1, 0, 0
21105, 13908944, 1, 0, 0
21200, 14422693, 1, 0, 0
21303, 15619627, 1, 0, 0
21400, 13829822, 1, 0, 0
21501, 13303410, 1, 0, 0
21604, 16044682, 1, 0, 0
21700, 12908056, 1, 0, 0
21802, 13901303, 1, 0, 0
21903, 13098561, 1, 0, 0
22000, 14292933, 1, 0, 0
22104, 15086639, 1, 0, 0
22204, 14235300, 1, 0, 0
22304, 14942786, 1, 0, 0
22400, 13860359, 1, 0, 0
22502, 13937394, 1, 0, 0
22601, 12820137, 1, 0, 0
22700, 13679601, 1, 0, 0
22800, 13449513, 1, 0, 0
22900, 13698352, 1, 0, 0
23000, 12978097, 1, 0, 0
23101, 12973272, 1, 0, 0
23200, 13112555, 1, 0, 0
23300, 14115567, 1, 0, 0
23400, 13767964, 1, 0, 0
23500, 14163145, 1, 0, 0
23600, 14756332, 1, 0, 0
23703, 12597057, 1, 0, 0
23800, 14550117, 1, 0, 0
23900, 12145402, 1, 0, 0
24001, 12706524, 1, 0, 0
24102, 12691128, 1, 0, 0
24201, 15367859, 1, 0, 0
24300, 14102139, 1, 0, 0
24401, 12703475, 1, 0, 0
24502, 14957834, 1, 0, 0
24604, 14285569, 1, 0, 0
24702, 15666462, 1, 0, 0
24801, 14405169, 1, 0, 0
24905, 12028898, 1, 0, 0
25003, 13190316, 1, 0, 0
25101, 14318166, 1, 0, 0
25200, 14872653, 1, 0, 0
25302, 14674783, 1, 0, 0
25401, 20412498, 1, 0, 0
25500, 12166295, 1, 0, 0
25600, 12890568, 1, 0, 0
25702, 14316943, 1, 0, 0
25801, 13572504, 1, 0, 0
25900, 13185868, 1, 0, 0
26000, 12866980, 1, 0, 0
26100, 12442897, 1, 0, 0
26201, 12976978, 1, 0, 0
26302, 12683922, 1, 0, 0
26404, 14096590, 1, 0, 0
26501, 12989304, 1, 0, 0
26602, 12815964, 1, 0, 0
26700, 14207193, 1, 0, 0
26801, 13828111, 1, 0, 0
26901, 13066257, 1, 0, 0
27003, 13363399, 1, 0, 0
27100, 13110189, 1, 0, 0
27200, 15289135, 1, 0, 0
27303, 12900231, 1, 0, 0
27401, 13522409, 1, 0, 0
27500, 12882610, 1, 0, 0
27602, 12782571, 1, 0, 0
27701, 12881406, 1, 0, 0
27801, 12180646, 1, 0, 0
27900, 13850811, 1, 0, 0
28000, 13991295, 1, 0, 0
28100, 13458577, 1, 0, 0
28200, 13258542, 1, 0, 0
28302, 12144978, 1, 0, 0
28401, 12376128, 1, 0, 0
28501, 13343297, 1, 0, 0
28600, 14027463, 1, 0, 0
28700, 12524377, 1, 0, 0
28801, 12332554, 1, 0, 0
28902, 13682919, 1, 0, 0
29003, 13479039, 1, 0, 0
29100, 12223761, 1, 0, 0
29203, 13255691, 1, 0, 0
29305, 12927501, 1, 0, 0
29401, 19609261, 1, 0, 0
29501, 14044121, 1, 0, 0
29603, 13364898, 1, 0, 0
29700, 12761323, 1, 0, 0
29801, 15443393, 1, 0, 0
29900, 13216368, 1, 0, 0
30000, 12021727, 1, 0, 0
30105, 13040143, 1, 0, 0
30203, 13809491, 1, 0, 0
30301, 13488711, 1, 0, 0
30406, 14186208, 1, 0, 0
30500, 13894107, 1, 0, 0
30600, 13292592, 1, 0, 0
30700, 13898411, 1, 0, 0
30800, 13194419, 1, 0, 0
30902, 14429583, 1, 0, 0
31006, 14348470, 1, 0, 0
31102, 15022444, 1, 0, 0
31202, 13202761, 1, 0, 0
31301, 12476551, 1, 0, 0
31403, 13341210, 1, 0, 0
31505, 13623882, 1, 0, 0
31601, 13982445, 1, 0, 0
31700, 12268926, 1, 0, 0
31801, 13989923, 1, 0, 0
31900, 12939963, 1, 0, 0
32001, 12499774, 1, 0, 0
32101, 11749557, 1, 0, 0
32200, 14402072, 1, 0, 0
32302, 13885554, 1, 0, 0
32400, 15672070, 1, 0, 0
32502, 14287230, 1, 0, 0
32601, 12861100, 1, 0, 0
32702, 16371985, 1, 0, 0
32800, 12428701, 1, 0, 0
32900, 12831280, 1, 0, 0
33000, 14091353, 1, 0, 0
33101, 14392471, 1, 0, 0
33202, 13617413, 1, 0, 0
33300, 13235558, 1, 0, 0
33403, 13573641, 1, 0, 0
33500, 15253984, 1, 0, 0
33603, 14800240, 1, 0, 0
33700, 15633906, 1, 0, 0
33802, 11513721, 1, 0, 0
33917, 15385332, 1, 0, 0
34002, 18755220, 1, 0, 0
34100, 12825787, 1, 0, 0
34200, 14405905, 1, 0, 0
34302, 13857834, 1, 0, 0
34400, 16199186, 1, 0, 0
34502, 14997829, 1, 0, 0
34607, 13758118, 1, 0, 0
34700, 14904069, 1, 0, 0
34800, 13764260, 1, 0, 0
34901, 14017670, 1, 0, 0
35001, 13152663, 1, 0, 0
35102, 14990241, 1, 0, 0
35202, 14573414, 1, 0, 0
35301, 14620328, 1, 0, 0
35401, 12698397, 1, 0, 0
35500, 13568171, 1, 0, 0
35601, 11665775, 1, 0, 0
35700, 15629799, 1, 0, 0
35801, 23365502, 1, 0, 0
35906, 13931610, 1, 0, 0
36001, 13822585, 1, 0, 0
36102, 14888183, 1, 0, 0
36201, 14866529, 1, 0, 0
36315, 27028331, 1, 0, 0
36400, 17528905, 1, 0, 0
36503, 14975718, 1, 0, 0
36617, 12340811, 1, 0, 0
36701, 15832825, 1, 0, 0
36801, 12921548, 1, 0, 0
36900, 14579294, 1, 0, 0
37002, 13186012, 1, 0, 0
37104, 13139256, 1, 0, 0
37200, 15069844, 1, 0, 0
37302, 14462132, 1, 0, 0
37401, 13879054, 1, 0, 0
37501, 13369534, 1, 0, 0
37600, 12968392, 1, 0, 0
37701, 12776572, 1, 0, 0
37803, 13374578, 1, 0, 0
37900, 15826488, 1, 0, 0
38000, 12802588, 1, 0, 0
38102, 12257971, 1, 0, 0
38203, 13397368, 1, 0, 0
38300, 13486540, 1, 0, 0
38400, 12393652, 1, 0, 0
38502, 13220262, 1, 0, 0
38602, 13181508, 1, 0, 0
38700, 14934668, 1, 0, 0
38800, 14034081, 1, 0, 0
38900, 12127259, 1, 0, 0
39003, 12680559, 1, 0, 0
39101, 14139049, 1, 0, 0
39200, 11874564, 1, 0, 0
39301, 14342009, 1, 0, 0
39400, 14370450, 1, 0, 0
39500, 13494605, 1, 0, 0
39600, 12573113, 1, 0, 0
39701, 12847595, 1, 0, 0
39802, 14113187, 1, 0, 0
39906, 14799442, 1, 0, 0
40005, 14666635, 1, 0, 0
40103, 13680896, 1, 0, 0
40202, 12641448, 1, 0, 0
40300, 13059168, 1, 0, 0
40400, 14311803, 1, 0, 0
40500, 13138166, 1, 0, 0
40600, 11974910, 1, 0, 0
40701, 12914169, 1, 0, 0
40802, 14541018, 1, 0, 0
40900, 13748890, 1, 0, 0
41000, 14105890, 1, 0, 0
41100, 12626861, 1, 0, 0
41203, 13801045, 1, 0, 0
41300, 12546116, 1, 0, 0
41401, 13080974, 1, 0, 0
41500, 15571340, 1, 0, 0
41600, 14006138, 1, 0, 0
41705, 12287245, 1, 0, 0
41802, 12942054, 1, 0, 0
41901, 12802450, 1, 0, 0
42006, 13915177, 1, 0, 0
42101, 12365040, 1, 0, 0
42200, 13990851, 1, 0, 0
42300, 14312688, 1, 0, 0
42402, 13960499, 1, 0, 0
42500, 13205878, 1, 0, 0
42600, 13749348, 1, 0, 0
42700, 14592736, 1, 0, 0
42801, 13884172, 1, 0, 0
42901, 14674155, 1, 0, 0
43000, 14518043, 1, 0, 0
43101, 12517423, 1, 0, 0
43200, 13192664, 1, 0, 0
43302, 14004955, 1, 0, 0
43401, 13747209, 1, 0, 0
43501, 15020346, 1, 0, 0
43600, 13855343, 1, 0, 0
43701, 14192962, 1, 0, 0
43801, 13639609, 1, 0, 0
43902, 14931362, 1, 0, 0
44003, 15167413, 1, 0, 0
44105, 14517147, 1, 0, 0
44206, 13341124, 1, 0, 0
44300, 14379658, 1, 0, 0
44401, 13407300, 1, 0, 0
44500, 13786162, 1, 0, 0
44600, 14205642, 1, 0, 0
44701, 13208688, 1, 0, 0
44800, 13784649, 1, 0, 0
44903, 14257763, 1, 0, 0
45000, 13950538, 1, 0, 0
45100, 13254914, 1, 0, 0
45202, 12314645, 1, 0, 0
45300, 12768357, 1, 0, 0
45402, 13936950, 1, 0, 0
45500, 14067113, 1, 0, 0
45601, 12899304, 1, 0, 0
45700, 13484313, 1, 0, 0
45801, 12341874, 1, 0, 0
45906, 13277556, 1, 0, 0
46002, 14449680, 1, 0, 0
46101, 12990884, 1, 0, 0
46200, 13482782, 1, 0, 0
46301, 14085734, 1, 0, 0
46401, 14075272, 1, 0, 0
46505, 13922030, 1, 0, 0
46600, 14547378, 1, 0, 0
46701, 14275805, 1, 0, 0
46800, 14169383, 1, 0, 0
46901, 15806431, 1, 0, 0
47001, 13784800, 1, 0, 0
47100, 13393993, 1, 0, 0
47200, 13402238, 1, 0, 0
47300, 14452118, 1, 0, 0
47400, 11901104, 1, 0, 0
47500, 13648390, 1, 0, 0
47601, 13846173, 1, 0, 0
47702, 12712201, 1, 0, 0
47801, 19089307, 1, 0, 0
47902, 12084646, 1, 0, 0
48003, 13653431, 1, 0, 0
48100, 13593901, 1, 0, 0
48202, 12635616, 1, 0, 0
48300, 14058516, 1, 0, 0
48403, 13792425, 1, 0, 0
48500, 13948750, 1, 0, 0
48601, 16842458, 1, 0, 0
48701, 14407284, 1, 0, 0
48800, 15736569, 1, 0, 0
48900, 14093009, 1, 0, 0
49000, 14476963, 1, 0, 0
49100, 14091811, 1, 0, 0
49201, 13535487, 1, 0, 0
49310, 15014146, 1, 0, 0
49406, 14222045, 1, 0, 0
49504, 14114949, 1, 0, 0
49602, 15346524, 1, 0, 0
49702, 12576196, 1, 0, 0
49800, 17261460, 1, 0, 0
49900, 14426828, 1, 0, 0
50000, 14002834, 1, 0, 0
50100, 13240710, 1, 0, 0
50200, 13087855, 1, 0, 0
50300, 13504777, 1, 0, 0
50409, 13688379, 1, 0, 0
50502, 13685362, 1, 0, 0
50600, 19710543, 1, 0, 0
50700, 13384703, 1, 0, 0
50802, 14320496, 1, 0, 0
50901, 13557716, 1, 0, 0
51004, 14606604, 1, 0, 0
51100, 13814697, 1, 0, 0
51200, 12817621, 1, 0, 0
51300, 12827574, 1, 0, 0
51400, 13821230, 1, 0, 0
51501, 13658433, 1, 0, 0
51604, 15854885, 1, 0, 0
51700, 14470367, 1, 0, 0
51802, 12614864, 1, 0, 0
51900, 13661376, 1, 0, 0
52000, 12377425, 1, 0, 0
52100, 14671688, 1, 0, 0
52202, 12745451, 1, 0, 0
52300, 14766818, 1, 0, 0
52401, 15013077, 1, 0, 0
52500, 13829832, 1, 0, 0
52602, 14479806, 1, 0, 0
52701, 14327342, 1, 0, 0
52800, 13094092, 1, 0, 0
52901, 12038048, 1, 0, 0
53001, 12814765, 1, 0, 0
53100, 15067118, 1, 0, 0
53201, 13685967, 1, 0, 0
53303, 12429630, 1, 0, 0
53400, 13609379, 1, 0, 0
53504, 13672847, 1, 0, 0
53602, 13671829, 1, 0, 0
53701, 12797601, 1, 0, 0
53801, 13895721, 1, 0, 0
53902, 14670522, 1, 0, 0
54000, 12195052, 1, 0, 0
54103, 12890668, 1, 0, 0
54201, 14538407, 1, 0, 0
54300, 14725155, 1, 0, 0
54401, 15529936, 1, 0, 0
54501, 14444375, 1, 0, 0
54606, 14451766, 1, 0, 0
54704, 16129621, 1, 0, 0
54800, 16515219, 1, 0, 0
54903, 14394306, 1, 0, 0
55002, 15318657, 1, 0, 0
55101, 15566468, 1, 0, 0
55201, 12029638, 1, 0, 0
55300, 13990216, 1, 0, 0
55401, 12145579, 1, 0, 0
55500, 12685804, 1, 0, 0
55600, 14675290, 1, 0, 0
55700, 12606611, 1, 0, 0
55801, 12870109, 1, 0, 0
55900, 13710006, 1, 0, 0
56001, 15325544, 1, 0, 0
56101, 11835407, 1, 0, 0
56200, 13966631, 1, 0, 0
56302, 13882836, 1, 0, 0
56400, 15601552, 1, 0, 0
56501, 15147951, 1, 0, 0
56604, 14146352, 1, 0, 0
56700, 16430700, 1, 0, 0
56801, 13471814, 1, 0, 0
56901, 13221774, 1, 0, 0
57005, 14320773, 1, 0, 0
57104, 14196950, 1, 0, 0
57204, 13923054, 1, 0, 0
57303, 14220628, 1, 0, 0
57401, 12761331, 1, 0, 0
57502, 14044638, 1, 0, 0
57601, 13962522, 1, 0, 0
57703, 14916514, 1, 0, 0
57801, 12375051, 1, 0, 0
57901, 13004100, 1, 0, 0
58002, 16494646, 1, 0, 0
58100, 13547488, 1, 0, 0
58202, 15311528, 1, 0, 0
58302, 16023135, 1, 0, 0
58401, 13645481, 1, 0, 0
58500, 15771714, 1, 0, 0
58603, 14504458, 1, 0, 0
58700, 15593607, 1, 0, 0
58801, 13917720, 1, 0, 0
58903, 14771023, 1, 0, 0
59003, 14765009, 1, 0, 0
59102, 14071285, 1, 0, 0
59200, 13994884, 1, 0, 0
59302, 11840718, 1, 0, 0
59404, 14138596, 1, 0, 0
59503, 14347175, 1, 0, 0
59600, 13823434, 1, 0, 0
59731, 14022515, 1, 0, 0
59801, 16051911, 1, 0, 0
59900, 13540562, 1, 0, 0
60002, 12905270, 1, 0, 0
60100, 12026381, 1, 0, 0
60203, 13928729, 1, 0, 0
60301, 14165821, 1, 0, 0
60400, 12613999, 1, 0, 0
60501, 12898381, 1, 0, 0
60600, 12473401, 1, 0, 0
60701, 14000918, 1, 0, 0
60801, 11873140, 1, 0, 0
60901, 14951545, 1, 0, 0
61003, 14581317, 1, 0, 0
61101, 13977946, 1, 0, 0
61200, 13953933, 1, 0, 0
61300, 12516896, 1, 0, 0
61405, 13288265, 1, 0, 0
61505, 12982734, 1, 0, 0
61600, 15203831, 1, 0, 0
61702, 14694340, 1, 0, 0
61800, 15711835, 1, 0, 0
61900, 13045118, 1, 0, 0
62000, 13188269, 1, 0, 0
62100, 14381933, 1, 0, 0
62200, 13271564, 1, 0, 0
62300, 15211406, 1, 0, 0
62401, 13095069, 1, 0, 0
62502, 13148046, 1, 0, 0
62600, 14539733, 1, 0, 0
62702, 14039522, 1, 0, 0
62801, 14148014, 1, 0, 0
62900, 12760567, 1, 0, 0
63000, 13619583, 1, 0, 0
63100, 14972562, 1, 0, 0
63212, 13431042, 1, 0, 0
63300, 15415240, 1, 0, 0
63400, 12624056, 1, 0, 0
63500, 13664916, 1, 0, 0
63603, 19851056, 1, 0, 0
63702, 11577036, 1, 0, 0
63801, 16374890, 1, 0, 0
63904, 13383503, 1, 0, 0
64005, 12454384, 1, 0, 0
64103, 15765941, 1, 0, 0
64200, 13426566, 1, 0, 0
64304, 14953166, 1, 0, 0
64401, 13320031, 1, 0, 0
64500, 13586608, 1, 0, 0
64600, 13619516, 1, 0, 0
64701, 14894795, 1, 0, 0
64800, 13993674, 1, 0, 0
64900, 14483135, 1, 0, 0
65005, 13915938, 1, 0, 0
65101, 13673366, 1, 0, 0
65201, 14373316, 1, 0, 0
65300, 13732049, 1, 0, 0
65400, 13282166, 1, 0, 0
65506, 14160624, 1, 0, 0
65600, 15717484, 1, 0, 0
65700, 18163776, 1, 0, 0
65802, 13594708, 1, 0, 0
65901, 15004607, 1, 0, 0
66003, 13798551, 1, 0, 0
66100, 12786568, 1, 0, 0
66202, 12863689, 1, 0, 0
66300, 14485994, 1, 0, 0
66401, 13648295, 1, 0, 0
66500, 14524098, 1, 0, 0
66600, 13186509, 1, 0, 0
66700, 15034445, 1, 0, 0
66801, 12406980, 1, 0, 0
66902, 15794651, 1, 0, 0
67001, 14085675, 1, 0, 0
67100, 13321169, 1, 0, 0
67202, 12319719, 1, 0, 0
67300, 13134575, 1, 0, 0
67403, 12487574, 1, 0, 0
67503, 12407563, 1, 0, 0
67600, 14495145, 1, 0, 0
67701, 12947238, 1, 0, 0
67801, 13494400, 1, 0, 0
67900, 13647341, 1, 0, 0
68006, 14763985, 1, 0, 0
68103, 15459656, 1, 0, 0
68203, 14290741, 1, 0, 0
68303, 12920418, 1, 0, 0
68401, 13707657, 1, 0, 0
68500, 14198946, 1, 0, 0
68601, 13444190, 1, 0, 0
68700, 13311579, 1, 0, 0
68800, 14794276, 1, 0, 0
68900, 13613129, 1, 0, 0
69002, 15242060, 1, 0, 0
69100, 15959117, 1, 0, 0
69200, 13150907, 1, 0, 0
69301, 13020277, 1, 0, 0
69400, 14316483, 1, 0, 0
69500, 14059270, 1, 0, 0
69601, 13072805, 1, 0, 0
69701, 13229669, 1, 0, 0
69800, 14628480, 1, 0, 0
69904, 13383980, 1, 0, 0
70005, 14011830, 1, 0, 0
70102, 14170124, 1, 0, 0
70203, 12849972, 1, 0, 0
70300, 16993282, 1, 0, 0
70403, 15709557, 1, 0, 0
70501, 15852780, 1, 0, 0
70600, 15667277, 1, 0, 0
70704, 14260978, 1, 0, 0
70800, 15937074, 1, 0, 0
70907, 13892223, 1, 0, 0
71001, 13935085, 1, 0, 0
71100, 14017794, 1, 0, 0
71200, 14301630, 1, 0, 0
71302, 13901496, 1, 0, 0
71402, 13219547, 1, 0, 0
71500, 15079427, 1, 0, 0
71600, 13714059, 1, 0, 0
71701, 15242908, 1, 0, 0
71802, 14109769, 1, 0, 0
71900, 14549413, 1, 0, 0
72001, 12675986, 1, 0, 0
72101, 15145923, 1, 0, 0
72201, 14163171, 1, 0, 0
72300, 13831582, 1, 0, 0
72401, 12353928, 1, 0, 0
72501, 13862373, 1, 0, 0
72602, 13110158, 1, 0, 0
72700, 14733899, 1, 0, 0
72805, 14160136, 1, 0, 0
72908, 16983910, 1, 0, 0
73002, 16665357, 1, 0, 0
73100, 12470791, 1, 0, 0
73200, 13772913, 1, 0, 0
73303, 13779458, 1, 0, 0
73402, 14874114, 1, 0, 0
73500, 14466394, 1, 0, 0
73600, 12908016, 1, 0, 0
73700, 12424355, 1, 0, 0
73800, 13456371, 1, 0, 0
73902, 14738439, 1, 0, 0
74000, 14089713, 1, 0, 0
74100, 12934019, 1, 0, 0
74207, 15343898, 1, 0, 0
74300, 14650330, 1, 0, 0
74404, 13721040, 1, 0, 0
74500, 12979508, 1, 0, 0
74600, 13981323, 1, 0, 0
74701, 14089122, 1, 0, 0
74801, 17128415, 1, 0, 0
74902, 12881634, 1, 0, 0
75003, 14541958, 1, 0, 0
75100, 13805340, 1, 0, 0
75202, 13227139, 1, 0, 0
75300, 13436875, 1, 0, 0
75400, 11806048, 1, 0, 0
75502, 14664555, 1, 0, 0
75602, 13428094, 1, 0, 0
75702, 15230303, 1, 0, 0
75801, 12955051, 1, 0, 0
75900, 13611710, 1, 0, 0
76000, 14807166, 1, 0, 0
76104, 13262484, 1, 0, 0
76200, 16195236, 1, 0, 0
76300, 12400677, 1, 0, 0
76400, 13480654, 1, 0, 0
76500, 13953098, 1, 0, 0
76600, 13546030, 1, 0, 0
76701, 13881763, 1, 0, 0
76802, 13978960, 1, 0, 0
76903, 14452792, 1, 0, 0
77001, 12739170, 1, 0, 0
77101, 18497640, 1, 0, 0
77200, 12817951, 1, 0, 0
77304, 13360069, 1, 0, 0
77401, 14841194, 1, 0, 0
77504, 13012553, 1, 0, 0
77602, 13635179, 1, 0, 0
77700, 14173164, 1, 0, 0
77802, 12776228, 1, 0, 0
77900, 13619147, 1, 0, 0
78000, 14213071, 1, 0, 0
78100, 14241424, 1, 0, 0
78200, 13145430, 1, 0, 0
78301, 13214477, 1, 0, 0
78400, 14506070, 1, 0, 0
78502, 14284783, 1, 0, 0
78600, 13740726, 1, 0, 0
78700, 13515746, 1, 0, 0
78800, 15604482, 1, 0, 0
78900, 13402360, 1, 0, 0
79003, 14950010, 1, 0, 0
79100, 12883960, 1, 0, 0
79200, 14597256, 1, 0, 0
79300, 13121107, 1, 0, 0
79400, 13354632, 1, 0, 0
79506, 12601031, 1, 0, 0
79600, 13875680, 1, 0, 0
79701, 13167642, 1, 0, 0
79800, 12400816, 1, 0, 0
79901, 15277759, 1, 0, 0
80001, 13019723, 1, 0, 0
80100, 14384254, 1, 0, 0
80204, 14086192, 1, 0, 0
80301, 13333865, 1, 0, 0
80401, 14306017, 1, 0, 0
80503, 14075145, 1, 0, 0
80601, 14123254, 1, 0, 0
80700, 12998310, 1, 0, 0
80802, 14746517, 1, 0, 0
80900, 19325812, 1, 0, 0
81001, 12963815, 1, 0, 0
81101, 13765139, 1, 0, 0
81203, 12548355, 1, 0, 0
81304, 14295528, 1, 0, 0
81400, 13327940, 1, 0, 0
81500, 13100800, 1, 0, 0
81601, 12598362, 1, 0, 0
81700, 13461920, 1, 0, 0
81800, 14219373, 1, 0, 0
81905, 13666257, 1, 0, 0
82003, 15486330, 1, 0, 0
82101, 13336793, 1, 0, 0
82201, 12845066, 1, 0, 0
82301, 12619729, 1, 0, 0
82400, 14139532, 1, 0, 0
82501, 12984636, 1, 0, 0
82600, 13706670, 1, 0, 0
82700, 14518894, 1, 0, 0
82800, 14367631, 1, 0, 0
82904, 13855243, 1, 0, 0
83005, 14483658, 1, 0, 0
83100, 13975830, 1, 0, 0
83201, 11620814, 1, 0, 0
83307, 13739410, 1, 0, 0
83400, 13703790, 1, 0, 0
83501, 13075609, 1, 0, 0
83601, 12989716, 1, 0, 0
83700, 14041637, 1, 0, 0
83802, 13084908, 1, 0, 0
83901, 14773868, 1, 0, 0
84000, 13316672, 1, 0, 0
84104, 14128210, 1, 0, 0
84200, 13391484, 1, 0, 0
84301, 14978915, 1, 0, 0
84401, 14652843, 1, 0, 0
84500, 14349730, 1, 0, 0
84604, 12357425, 1, 0, 0
84700, 14852984, 1, 0, 0
84803, 13950924, 1, 0, 0
84908, 12696572, 1, 0, 0
85000, 14221231, 1, 0, 0
85100, 13397158, 1, 0, 0
85203, 13024037, 1, 0, 0
85300, 14631830, 1, 0, 0
85402, 13132813, 1, 0, 0
85500, 12932477, 1, 0, 0
85601, 13211189, 1, 0, 0
85700, 13172202, 1, 0, 0
85800, 12632193, 1, 0, 0
85900, 14936276, 1, 0, 0
86012, 15134265, 1, 0, 0
86102, 20042927, 1, 0, 0
86200, 13308815, 1, 0, 0
86300, 16997897, 1, 0, 0
86401, 13220976, 1, 0, 0
86503, 13002061, 1, 0, 0
86601, 12626717, 1, 0, 0
86700, 12836489, 1, 0, 0
86802, 12191139, 1, 0, 0
86904, 12505143, 1, 0, 0
87001, 13513948, 1, 0, 0
87100, 14559626, 1, 0, 0
87200, 13231289, 1, 0, 0
87300, 13062012, 1, 0, 0
87400, 13496942, 1, 0, 0
87505, 12162923, 1, 0, 0
87600, 14468424, 1, 0, 0
87703, 12999260, 1, 0, 0
87800, 12769712, 1, 0, 0
87901, 15515806, 1, 0, 0
88000, 14109273, 1, 0, 0
88101, 13282707, 1, 0, 0
88200, 12135410, 1, 0, 0
88300, 12303914, 1, 0, 0
88400, 12059778, 1, 0, 0
88503, 11919275, 1, 0, 0
88600, 12995867, 1, 0, 0
88700, 12556412, 1, 0, 0
88801, 13805205, 1, 0, 0
88900, 13892331, 1, 0, 0
89000, 13267349, 1, 0, 0
89100, 13789417, 1, 0, 0
89200, 15361155, 1, 0, 0
89301, 15056419, 1, 0, 0
89402, 14173176, 1, 0, 0
89502, 13579038, 1, 0, 0
89606, 12338638, 1, 0, 0
89702, 14228574, 1, 0, 0
89800, 12572452, 1, 0, 0
89907, 13377070, 1, 0, 0
90001, 14522774, 1, 0, 0
90003, 10998218, 1, 0, 0
