250, 33792, 0, 0, 0
250, 87808, 1, 0, 0
350, 43520, 0, 0, 0
350, 84480, 1, 0, 0
450, 31360, 0, 0, 0
450, 90240, 1, 0, 0
550, 41600, 0, 0, 0
550, 83840, 1, 0, 0
650, 42880, 0, 0, 0
650, 88960, 1, 0, 0
749, 36848, 0, 0, 0
749, 89858, 1, 0, 0
849, 33280, 0, 0, 0
849, 91520, 1, 0, 0
949, 35840, 0, 0, 0
949, 90240, 1, 0, 0
1049, 38400, 0, 0, 0
1049, 89600, 1, 0, 0
1149, 39680, 0, 0, 0
1149, 86400, 1, 0, 0
1250, 25600, 0, 0, 0
1250, 94720, 1, 0, 0
1350, 35840, 0, 0, 0
1350, 90240, 1, 0, 0
1450, 42240, 0, 0, 0
1450, 83840, 1, 0, 0
1550, 42880, 0, 0, 0
1550, 87680, 1, 0, 0
1650, 42240, 0, 0, 0
1650, 83840, 1, 0, 0
1749, 38141, 0, 0, 0
1749, 88565, 1, 0, 0
1849, 33280, 0, 0, 0
1849, 95360, 1, 0, 0
1949, 37120, 0, 0, 0
1949, 87040, 1, 0, 0
2049, 39680, 0, 0, 0
2049, 83200, 1, 0, 0
2149, 37120, 0, 0, 0
2149, 87680, 1, 0, 0
2250, 42880, 0, 0, 0
2250, 87680, 1, 0, 0
2350, 38400, 0, 0, 0
2350, 92160, 1, 0, 0
2450, 36480, 0, 0, 0
2450, 90880, 1, 0, 0
2550, 32640, 0, 0, 0
2550, 91520, 1, 0, 0
2650, 30080, 0, 0, 0
2650, 89600, 1, 0, 0
2749, 37494, 0, 0, 0
2749, 87919, 1, 0, 0
2849, 40320, 0, 0, 0
2849, 86400, 1, 0, 0
2949, 35840, 0, 0, 0
2949, 90880, 1, 0, 0
3049, 44160, 0, 0, 0
3049, 86400, 1, 0, 0
3149, 44160, 0, 0, 0
3149, 81280, 1, 0, 0
3250, 30720, 0, 0, 0
3250, 88960, 1, 0, 0
3350, 35200, 0, 0, 0
3350, 81920, 1, 0, 0
3450, 33920, 0, 0, 0
3450, 87680, 1, 0, 0
3550, 39680, 0, 0, 0
3550, 83840, 1, 0, 0
3650, 36480, 0, 0, 0
3650, 85760, 1, 0, 0
3749, 43313, 0, 0, 0
3749, 80808, 1, 0, 0
3849, 29440, 0, 0, 0
3849, 81280, 1, 0, 0
3949, 37760, 0, 0, 0
3949, 87040, 1, 0, 0
4049, 30080, 0, 0, 0
4049, 87040, 1, 0, 0
4149, 33920, 0, 0, 0
4149, 89600, 1, 0, 0
4249, 39040, 0, 0, 0
4249, 76800, 1, 0, 0
4349, 33280, 0, 0, 0
4349, 88960, 1, 0, 0
4450, 40960, 0, 0, 0
4450, 82560, 1, 0, 0
4550, 33920, 0, 0, 0
4550, 87680, 1, 0, 0
4650, 37760, 0, 0, 0
4650, 85120, 1, 0, 0
4749, 51070, 0, 0, 0
4749, 77575, 1, 0, 0
4849, 28800, 0, 0, 0
4849, 94080, 1, 0, 0
4949, 38400, 0, 0, 0
4949, 90240, 1, 0, 0
5049, 38400, 0, 0, 0
5049, 86400, 1, 0, 0
5149, 33280, 0, 0, 0
5149, 92800, 1, 0, 0
5249, 30720, 0, 0, 0
5249, 87040, 1, 0, 0
5349, 35840, 0, 0, 0
5349, 88960, 1, 0, 0
5449, 35840, 0, 0, 0
5449, 90240, 1, 0, 0
5550, 34560, 0, 0, 0
5550, 89600, 1, 0, 0
5650, 46720, 0, 0, 0
5650, 83200, 1, 0, 0
5749, 29737, 0, 0, 0
5749, 80808, 1, 0, 0
5849, 42880, 0, 0, 0
5849, 90240, 1, 0, 0
5949, 35200, 0, 0, 0
5949, 85760, 1, 0, 0
6049, 33280, 0, 0, 0
6049, 87040, 1, 0, 0
6149, 47360, 0, 0, 0
6149, 81920, 1, 0, 0
6249, 31360, 0, 0, 0
6249, 86400, 1, 0, 0
6349, 39680, 0, 0, 0
6349, 85120, 1, 0, 0
6449, 46720, 0, 0, 0
6449, 84480, 1, 0, 0
6549, 42240, 0, 0, 0
6549, 87040, 1, 0, 0
6649, 36480, 0, 0, 0
6649, 88960, 1, 0, 0
6750, 41600, 0, 0, 0
6750, 88320, 1, 0, 0
6850, 40320, 0, 0, 0
6850, 85120, 1, 0, 0
6950, 37760, 0, 0, 0
6950, 86400, 1, 0, 0
7050, 34560, 0, 0, 0
7050, 94080, 1, 0, 0
7150, 34560, 0, 0, 0
7150, 88320, 1, 0, 0
7249, 36202, 0, 0, 0
7249, 83393, 1, 0, 0
7349, 30720, 0, 0, 0
7349, 88320, 1, 0, 0
7449, 33280, 0, 0, 0
7449, 83200, 1, 0, 0
7549, 37760, 0, 0, 0
7549, 85120, 1, 0, 0
7649, 39040, 0, 0, 0
7649, 88320, 1, 0, 0
7749, 39680, 0, 0, 0
7749, 85120, 1, 0, 0
7849, 35200, 0, 0, 0
7849, 85120, 1, 0, 0
7950, 39040, 0, 0, 0
7950, 90240, 1, 0, 0
8050, 32640, 0, 0, 0
8050, 85760, 1, 0, 0
8150, 33920, 0, 0, 0
8150, 87040, 1, 0, 0
8249, 37494, 0, 0, 0
8249, 87919, 1, 0, 0
8349, 34560, 0, 0, 0
8349, 85760, 1, 0, 0
8449, 35200, 0, 0, 0
8449, 85120, 1, 0, 0
8549, 43520, 0, 0, 0
8549, 80640, 1, 0, 0
8649, 28160, 0, 0, 0
8649, 92160, 1, 0, 0
8749, 35200, 0, 0, 0
8749, 83840, 1, 0, 0
8849, 31360, 0, 0, 0
8849, 87040, 1, 0, 0
8949, 33920, 0, 0, 0
8949, 85120, 1, 0, 0
9050, 39680, 0, 0, 0
9050, 83840, 1, 0, 0
9150, 37120, 0, 0, 0
9150, 83840, 1, 0, 0
9249, 45252, 0, 0, 0
9249, 82101, 1, 0, 0
9349, 44160, 0, 0, 0
9349, 80640, 1, 0, 0
9449, 39040, 0, 0, 0
9449, 79360, 1, 0, 0
9549, 37120, 0, 0, 0
9549, 84480, 1, 0, 0
9649, 32000, 0, 0, 0
9649, 76800, 1, 0, 0
9749, 38400, 0, 0, 0
9749, 92160, 1, 0, 0
9849, 37120, 0, 0, 0
9849, 81920, 1, 0, 0
9949, 37760, 0, 0, 0
9949, 83200, 1, 0, 0
10050, 34560, 0, 0, 0
10050, 86400, 1, 0, 0
10150, 33280, 0, 0, 0
10150, 82560, 1, 0, 0
10249, 38787, 0, 0, 0
10249, 80161, 1, 0, 0
10349, 36480, 0, 0, 0
10349, 81280, 1, 0, 0
10449, 28160, 0, 0, 0
10449, 81920, 1, 0, 0
10549, 40320, 0, 0, 0
10549, 88320, 1, 0, 0
10649, 37120, 0, 0, 0
10649, 91520, 1, 0, 0
10749, 37760, 0, 0, 0
10749, 82560, 1, 0, 0
10849, 32000, 0, 0, 0
10849, 71040, 1, 0, 0
10949, 40320, 0, 0, 0
10949, 87680, 1, 0, 0
11049, 40960, 0, 0, 0
11049, 83840, 1, 0, 0
11150, 30720, 0, 0, 0
11150, 83200, 1, 0, 0
11250, 35200, 0, 0, 0
11250, 80640, 1, 0, 0
11350, 30720, 0, 0, 0
11350, 88960, 1, 0, 0
11450, 40960, 0, 0, 0
11450, 82560, 1, 0, 0
11550, 41600, 0, 0, 0
11550, 80000, 1, 0, 0
11650, 40960, 0, 0, 0
11650, 81920, 1, 0, 0
11749, 36202, 0, 0, 0
11749, 80161, 1, 0, 0
11849, 32000, 0, 0, 0
11849, 84480, 1, 0, 0
11949, 33920, 0, 0, 0
11949, 84480, 1, 0, 0
12049, 40320, 0, 0, 0
12049, 87040, 1, 0, 0
12149, 46720, 0, 0, 0
12149, 81920, 1, 0, 0
12250, 35840, 0, 0, 0
12250, 87680, 1, 0, 0
12350, 35200, 0, 0, 0
12350, 88960, 1, 0, 0
12450, 32640, 0, 0, 0
12450, 85760, 1, 0, 0
12550, 39040, 0, 0, 0
12550, 86400, 1, 0, 0
12650, 43520, 0, 0, 0
12650, 84480, 1, 0, 0
12749, 40727, 0, 0, 0
12749, 84686, 1, 0, 0
12849, 39040, 0, 0, 0
12849, 78080, 1, 0, 0
12949, 46080, 0, 0, 0
12949, 78720, 1, 0, 0
13049, 39680, 0, 0, 0
13049, 83200, 1, 0, 0
13149, 37760, 0, 0, 0
13149, 87680, 1, 0, 0
13249, 44160, 0, 0, 0
13249, 84480, 1, 0, 0
13350, 40960, 0, 0, 0
13350, 85760, 1, 0, 0
13450, 42880, 0, 0, 0
13450, 83200, 1, 0, 0
13550, 34560, 0, 0, 0
13550, 88960, 1, 0, 0
13650, 39680, 0, 0, 0
13650, 85760, 1, 0, 0
13749, 51717, 0, 0, 0
13749, 79515, 1, 0, 0
13849, 40960, 0, 0, 0
13849, 79360, 1, 0, 0
13949, 39040, 0, 0, 0
13949, 83840, 1, 0, 0
14049, 43520, 0, 0, 0
14049, 80000, 1, 0, 0
14149, 38400, 0, 0, 0
14149, 87040, 1, 0, 0
14249, 32000, 0, 0, 0
14249, 93440, 1, 0, 0
14349, 30080, 0, 0, 0
14349, 91520, 1, 0, 0
14449, 34560, 0, 0, 0
14449, 88960, 1, 0, 0
14550, 42240, 0, 0, 0
14550, 83840, 1, 0, 0
14650, 41600, 0, 0, 0
14650, 81280, 1, 0, 0
14749, 37494, 0, 0, 0
14749, 83393, 1, 0, 0
14849, 33920, 0, 0, 0
14849, 87040, 1, 0, 0
14949, 29440, 0, 0, 0
14949, 72960, 1, 0, 0
15049, 36480, 0, 0, 0
15049, 83840, 1, 0, 0
15149, 39040, 0, 0, 0
15149, 81920, 1, 0, 0
15249, 33280, 0, 0, 0
15249, 90240, 1, 0, 0
15349, 33920, 0, 0, 0
15349, 80640, 1, 0, 0
15449, 32000, 0, 0, 0
15449, 83840, 1, 0, 0
15549, 45440, 0, 0, 0
15549, 78080, 1, 0, 0
15650, 36480, 0, 0, 0
15650, 83200, 1, 0, 0
15750, 31360, 0, 0, 0
15750, 90240, 1, 0, 0
15850, 40320, 0, 0, 0
15850, 81920, 1, 0, 0
15950, 34560, 0, 0, 0
15950, 81280, 1, 0, 0
16050, 38400, 0, 0, 0
16050, 83200, 1, 0, 0
16150, 39680, 0, 0, 0
16150, 84480, 1, 0, 0
16249, 38141, 0, 0, 0
16249, 87919, 1, 0, 0
16349, 30720, 0, 0, 0
16349, 90880, 1, 0, 0
16449, 28160, 0, 0, 0
16449, 88960, 1, 0, 0
16549, 33280, 0, 0, 0
16549, 87680, 1, 0, 0
16649, 30080, 0, 0, 0
16649, 88320, 1, 0, 0
16750, 33920, 0, 0, 0
16750, 86400, 1, 0, 0
16850, 33920, 0, 0, 0
16850, 64640, 1, 0, 0
16950, 36480, 0, 0, 0
16950, 77440, 1, 0, 0
17050, 39040, 0, 0, 0
17050, 89600, 1, 0, 0
17150, 42240, 0, 0, 0
17150, 84480, 1, 0, 0
17249, 40080, 0, 0, 0
17249, 83393, 1, 0, 0
17349, 33280, 0, 0, 0
17349, 95360, 1, 0, 0
17449, 39680, 0, 0, 0
17449, 84480, 1, 0, 0
17549, 34560, 0, 0, 0
17549, 85120, 1, 0, 0
17649, 34560, 0, 0, 0
17649, 83200, 1, 0, 0
17750, 43520, 0, 0, 0
17750, 80640, 1, 0, 0
17850, 35200, 0, 0, 0
17850, 88960, 1, 0, 0
17950, 35840, 0, 0, 0
17950, 85120, 1, 0, 0
18050, 32640, 0, 0, 0
18050, 83200, 1, 0, 0
18150, 40320, 0, 0, 0
18150, 85760, 1, 0, 0
18249, 36848, 0, 0, 0
18249, 85333, 1, 0, 0
18349, 30720, 0, 0, 0
18349, 85120, 1, 0, 0
18449, 32000, 0, 0, 0
18449, 87680, 1, 0, 0
18549, 40960, 0, 0, 0
18549, 81280, 1, 0, 0
18649, 33920, 0, 0, 0
18649, 89600, 1, 0, 0
18749, 40960, 0, 0, 0
18749, 79360, 1, 0, 0
18850, 35840, 0, 0, 0
18850, 94720, 1, 0, 0
18950, 34560, 0, 0, 0
18950, 83840, 1, 0, 0
19050, 32000, 0, 0, 0
19050, 88960, 1, 0, 0
19150, 39680, 0, 0, 0
19150, 87040, 1, 0, 0
19249, 45252, 0, 0, 0
19249, 80808, 1, 0, 0
19349, 36480, 0, 0, 0
19349, 89600, 1, 0, 0
19449, 37760, 0, 0, 0
19449, 87040, 1, 0, 0
19549, 42240, 0, 0, 0
19549, 85120, 1, 0, 0
19649, 28160, 0, 0, 0
19649, 93440, 1, 0, 0
19749, 42880, 0, 0, 0
19749, 84480, 1, 0, 0
19849, 42880, 0, 0, 0
19849, 83200, 1, 0, 0
19949, 33920, 0, 0, 0
19949, 83840, 1, 0, 0
20050, 45440, 0, 0, 0
20050, 82560, 1, 0, 0
20150, 28800, 0, 0, 0
20150, 88960, 1, 0, 0
20249, 34909, 0, 0, 0
20249, 85333, 1, 0, 0
20349, 39040, 0, 0, 0
20349, 78720, 1, 0, 0
20449, 38400, 0, 0, 0
20449, 83840, 1, 0, 0
20549, 38400, 0, 0, 0
20549, 80000, 1, 0, 0
20649, 35840, 0, 0, 0
20649, 83840, 1, 0, 0
20749, 33280, 0, 0, 0
20749, 85760, 1, 0, 0
20849, 40320, 0, 0, 0
20849, 83840, 1, 0, 0
20949, 29440, 0, 0, 0
20949, 80640, 1, 0, 0
21050, 26880, 0, 0, 0
21050, 90240, 1, 0, 0
21150, 40960, 0, 0, 0
21150, 83200, 1, 0, 0
21249, 41373, 0, 0, 0
21249, 86626, 1, 0, 0
21349, 17920, 0, 0, 0
21349, 65920, 1, 0, 0
21449, 35840, 0, 0, 0
21449, 85760, 1, 0, 0
21549, 30080, 0, 0, 0
21549, 71680, 1, 0, 0
21649, 33280, 0, 0, 0
21649, 96000, 1, 0, 0
21749, 41600, 0, 0, 0
21749, 86400, 1, 0, 0
21849, 46080, 0, 0, 0
21849, 83200, 1, 0, 0
21949, 40320, 0, 0, 0
21949, 85120, 1, 0, 0
22049, 31360, 0, 0, 0
22049, 88960, 1, 0, 0
22150, 33280, 0, 0, 0
22150, 88320, 1, 0, 0
22249, 29737, 0, 0, 0
22249, 86626, 1, 0, 0
22349, 35200, 0, 0, 0
22349, 83840, 1, 0, 0
22449, 40320, 0, 0, 0
22449, 86400, 1, 0, 0
22549, 26240, 0, 0, 0
22549, 78080, 1, 0, 0
22649, 33920, 0, 0, 0
22649, 87040, 1, 0, 0
22749, 28160, 0, 0, 0
22749, 90240, 1, 0, 0
22849, 30080, 0, 0, 0
22849, 91520, 1, 0, 0
22949, 40960, 0, 0, 0
22949, 81920, 1, 0, 0
23049, 40320, 0, 0, 0
23049, 85120, 1, 0, 0
23150, 35200, 0, 0, 0
23150, 87040, 1, 0, 0
23250, 39040, 0, 0, 0
23250, 87040, 1, 0, 0
23350, 44800, 0, 0, 0
23350, 86400, 1, 0, 0
23450, 33920, 0, 0, 0
23450, 89600, 1, 0, 0
23550, 32000, 0, 0, 0
23550, 94080, 1, 0, 0
23650, 52480, 0, 0, 0
23650, 76800, 1, 0, 0
23749, 36848, 0, 0, 0
23749, 84686, 1, 0, 0
23849, 44800, 0, 0, 0
23849, 82560, 1, 0, 0
23949, 35840, 0, 0, 0
23949, 84480, 1, 0, 0
24049, 36480, 0, 0, 0
24049, 87040, 1, 0, 0
24149, 52480, 0, 0, 0
24149, 83840, 1, 0, 0
24250, 39040, 0, 0, 0
24250, 87680, 1, 0, 0
24350, 39040, 0, 0, 0
24350, 88960, 1, 0, 0
24450, 30720, 0, 0, 0
24450, 92800, 1, 0, 0
24550, 35200, 0, 0, 0
24550, 89600, 1, 0, 0
24650, 34560, 0, 0, 0
24650, 92800, 1, 0, 0
24749, 40080, 0, 0, 0
24749, 87919, 1, 0, 0
24849, 37760, 0, 0, 0
24849, 87680, 1, 0, 0
24949, 30720, 0, 0, 0
24949, 76160, 1, 0, 0
25049, 39680, 0, 0, 0
25049, 87040, 1, 0, 0
25149, 30080, 0, 0, 0
25149, 92800, 1, 0, 0
25250, 35200, 0, 0, 0
25250, 86400, 1, 0, 0
25350, 37120, 0, 0, 0
25350, 85120, 1, 0, 0
25450, 37760, 0, 0, 0
25450, 88320, 1, 0, 0
25550, 53120, 0, 0, 0
25550, 80640, 1, 0, 0
25650, 35840, 0, 0, 0
25650, 88320, 1, 0, 0
25749, 38787, 0, 0, 0
25749, 87919, 1, 0, 0
25849, 34560, 0, 0, 0
25849, 83840, 1, 0, 0
25949, 37120, 0, 0, 0
25949, 96000, 1, 0, 0
26049, 41600, 0, 0, 0
26049, 81280, 1, 0, 0
26149, 39040, 0, 0, 0
26149, 84480, 1, 0, 0
26249, 40960, 0, 0, 0
26249, 82560, 1, 0, 0
26350, 40960, 0, 0, 0
26350, 88960, 1, 0, 0
26450, 42880, 0, 0, 0
26450, 85760, 1, 0, 0
26550, 30720, 0, 0, 0
26550, 89600, 1, 0, 0
26650, 37120, 0, 0, 0
26650, 87680, 1, 0, 0
26749, 35555, 0, 0, 0
26749, 85333, 1, 0, 0
26849, 33280, 0, 0, 0
26849, 85120, 1, 0, 0
26949, 36480, 0, 0, 0
26949, 83840, 1, 0, 0
27049, 36480, 0, 0, 0
27049, 87680, 1, 0, 0
27149, 45440, 0, 0, 0
27149, 82560, 1, 0, 0
27249, 32640, 0, 0, 0
27249, 92800, 1, 0, 0
27349, 31360, 0, 0, 0
27349, 86400, 1, 0, 0
27450, 47360, 0, 0, 0
27450, 77440, 1, 0, 0
27550, 43520, 0, 0, 0
27550, 84480, 1, 0, 0
27650, 30080, 0, 0, 0
27650, 92160, 1, 0, 0
27749, 36848, 0, 0, 0
27749, 87919, 1, 0, 0
27849, 37760, 0, 0, 0
27849, 79360, 1, 0, 0
27949, 34560, 0, 0, 0
27949, 90240, 1, 0, 0
28049, 36480, 0, 0, 0
28049, 90240, 1, 0, 0
28149, 43520, 0, 0, 0
28149, 83200, 1, 0, 0
28249, 39040, 0, 0, 0
28249, 87680, 1, 0, 0
28349, 35840, 0, 0, 0
28349, 88320, 1, 0, 0
28449, 35840, 0, 0, 0
28449, 88320, 1, 0, 0
28550, 42240, 0, 0, 0
28550, 86400, 1, 0, 0
28650, 32000, 0, 0, 0
28650, 89600, 1, 0, 0
28749, 34262, 0, 0, 0
28749, 90505, 1, 0, 0
28849, 42240, 0, 0, 0
28849, 80640, 1, 0, 0
28949, 33920, 0, 0, 0
28949, 86400, 1, 0, 0
29049, 37120, 0, 0, 0
29049, 82560, 1, 0, 0
29149, 39680, 0, 0, 0
29149, 83200, 1, 0, 0
29249, 39680, 0, 0, 0
29249, 84480, 1, 0, 0
29349, 33920, 0, 0, 0
29349, 87680, 1, 0, 0
29449, 40960, 0, 0, 0
29449, 82560, 1, 0, 0
29550, 37760, 0, 0, 0
29550, 82560, 1, 0, 0
29650, 41600, 0, 0, 0
29650, 83840, 1, 0, 0
29749, 32323, 0, 0, 0
29749, 79515, 1, 0, 0
29849, 38400, 0, 0, 0
29849, 83200, 1, 0, 0
29949, 37760, 0, 0, 0
29949, 82560, 1, 0, 0
30049, 33280, 0, 0, 0
30049, 91520, 1, 0, 0
30149, 46080, 0, 0, 0
30149, 82560, 1, 0, 0
30249, 37760, 0, 0, 0
30249, 85760, 1, 0, 0
30349, 35840, 0, 0, 0
30349, 88320, 1, 0, 0
30449, 27520, 0, 0, 0
30449, 85760, 1, 0, 0
30549, 35840, 0, 0, 0
30549, 86400, 1, 0, 0
30649, 33280, 0, 0, 0
30649, 88960, 1, 0, 0
30750, 39040, 0, 0, 0
30750, 85120, 1, 0, 0
30850, 29440, 0, 0, 0
30850, 88960, 1, 0, 0
30950, 28160, 0, 0, 0
30950, 92800, 1, 0, 0
31050, 35840, 0, 0, 0
31050, 82560, 1, 0, 0
31150, 32000, 0, 0, 0
31150, 87040, 1, 0, 0
31249, 29090, 0, 0, 0
31249, 91151, 1, 0, 0
31349, 40320, 0, 0, 0
31349, 81280, 1, 0, 0
31449, 37760, 0, 0, 0
31449, 83840, 1, 0, 0
31549, 42240, 0, 0, 0
31549, 87680, 1, 0, 0
31649, 28800, 0, 0, 0
31649, 83840, 1, 0, 0
31750, 35200, 0, 0, 0
31750, 88960, 1, 0, 0
31850, 35200, 0, 0, 0
31850, 83200, 1, 0, 0
31950, 34560, 0, 0, 0
31950, 92160, 1, 0, 0
32050, 46080, 0, 0, 0
32050, 80640, 1, 0, 0
32150, 32000, 0, 0, 0
32150, 88320, 1, 0, 0
32249, 29737, 0, 0, 0
32249, 89858, 1, 0, 0
32349, 40960, 0, 0, 0
32349, 82560, 1, 0, 0
32449, 35200, 0, 0, 0
32449, 90240, 1, 0, 0
32549, 38400, 0, 0, 0
32549, 83840, 1, 0, 0
32649, 38400, 0, 0, 0
32649, 83840, 1, 0, 0
32749, 39680, 0, 0, 0
32749, 81920, 1, 0, 0
32850, 35200, 0, 0, 0
32850, 85760, 1, 0, 0
32950, 37760, 0, 0, 0
32950, 83840, 1, 0, 0
33050, 35840, 0, 0, 0
33050, 87040, 1, 0, 0
33150, 33280, 0, 0, 0
33150, 88960, 1, 0, 0
33249, 44606, 0, 0, 0
33249, 87919, 1, 0, 0
33349, 35200, 0, 0, 0
33349, 84480, 1, 0, 0
33449, 37120, 0, 0, 0
33449, 84480, 1, 0, 0
33549, 36480, 0, 0, 0
33549, 84480, 1, 0, 0
33649, 33280, 0, 0, 0
33649, 86400, 1, 0, 0
33749, 47360, 0, 0, 0
33749, 80640, 1, 0, 0
33849, 33920, 0, 0, 0
33849, 87040, 1, 0, 0
33949, 44160, 0, 0, 0
33949, 78720, 1, 0, 0
34050, 26240, 0, 0, 0
34050, 83840, 1, 0, 0
34150, 40320, 0, 0, 0
34150, 83840, 1, 0, 0
34249, 33616, 0, 0, 0
34249, 87272, 1, 0, 0
34349, 43520, 0, 0, 0
34349, 79360, 1, 0, 0
34449, 35840, 0, 0, 0
34449, 88320, 1, 0, 0
34549, 32640, 0, 0, 0
34549, 88960, 1, 0, 0
34649, 40320, 0, 0, 0
34649, 85120, 1, 0, 0
34749, 38400, 0, 0, 0
34749, 80640, 1, 0, 0
34849, 36480, 0, 0, 0
34849, 88960, 1, 0, 0
34949, 37760, 0, 0, 0
34949, 81280, 1, 0, 0
35050, 37120, 0, 0, 0
35050, 85120, 1, 0, 0
35150, 34560, 0, 0, 0
35150, 91520, 1, 0, 0
35249, 31030, 0, 0, 0
35249, 85333, 1, 0, 0
35349, 31360, 0, 0, 0
35349, 85760, 1, 0, 0
35449, 44160, 0, 0, 0
35449, 80000, 1, 0, 0
35549, 41600, 0, 0, 0
35549, 85760, 1, 0, 0
35649, 37760, 0, 0, 0
35649, 85120, 1, 0, 0
35749, 39040, 0, 0, 0
35749, 85120, 1, 0, 0
35849, 35840, 0, 0, 0
35849, 87040, 1, 0, 0
35949, 27520, 0, 0, 0
35949, 95360, 1, 0, 0
36049, 36480, 0, 0, 0
36049, 89600, 1, 0, 0
36149, 46080, 0, 0, 0
36149, 80640, 1, 0, 0
36250, 48000, 0, 0, 0
36250, 83840, 1, 0, 0
36350, 37760, 0, 0, 0
36350, 92160, 1, 0, 0
36450, 44800, 0, 0, 0
36450, 83840, 1, 0, 0
36550, 37760, 0, 0, 0
36550, 87040, 1, 0, 0
36650, 43520, 0, 0, 0
36650, 85120, 1, 0, 0
36749, 36202, 0, 0, 0
36749, 88565, 1, 0, 0
36849, 39680, 0, 0, 0
36849, 85760, 1, 0, 0
36949, 40960, 0, 0, 0
36949, 84480, 1, 0, 0
37049, 47360, 0, 0, 0
37049, 80640, 1, 0, 0
37149, 36480, 0, 0, 0
37149, 84480, 1, 0, 0
37250, 32000, 0, 0, 0
37250, 90240, 1, 0, 0
37350, 46720, 0, 0, 0
37350, 84480, 1, 0, 0
37450, 39040, 0, 0, 0
37450, 78720, 1, 0, 0
37550, 33280, 0, 0, 0
37550, 89600, 1, 0, 0
37650, 38400, 0, 0, 0
37650, 84480, 1, 0, 0
37749, 40080, 0, 0, 0
37749, 85333, 1, 0, 0
37849, 40960, 0, 0, 0
37849, 84480, 1, 0, 0
37949, 39680, 0, 0, 0
37949, 85760, 1, 0, 0
38049, 35840, 0, 0, 0
38049, 87680, 1, 0, 0
38149, 38400, 0, 0, 0
38149, 87040, 1, 0, 0
38249, 37120, 0, 0, 0
38249, 89600, 1, 0, 0
38349, 39680, 0, 0, 0
38349, 82560, 1, 0, 0
38450, 37120, 0, 0, 0
38450, 85760, 1, 0, 0
38550, 42880, 0, 0, 0
38550, 84480, 1, 0, 0
38650, 33280, 0, 0, 0
38650, 88960, 1, 0, 0
38749, 29737, 0, 0, 0
38749, 91797, 1, 0, 0
38849, 31360, 0, 0, 0
38849, 94720, 1, 0, 0
38949, 32640, 0, 0, 0
38949, 80640, 1, 0, 0
39049, 35840, 0, 0, 0
39049, 79360, 1, 0, 0
39149, 40320, 0, 0, 0
39149, 79360, 1, 0, 0
39249, 38400, 0, 0, 0
39249, 87680, 1, 0, 0
39349, 32000, 0, 0, 0
39349, 88960, 1, 0, 0
39449, 35840, 0, 0, 0
39449, 88960, 1, 0, 0
39550, 38400, 0, 0, 0
39550, 87680, 1, 0, 0
39650, 39040, 0, 0, 0
39650, 88960, 1, 0, 0
39749, 47838, 0, 0, 0
39749, 84040, 1, 0, 0
39849, 32000, 0, 0, 0
39849, 84480, 1, 0, 0
39949, 41600, 0, 0, 0
39949, 83840, 1, 0, 0
40049, 39680, 0, 0, 0
40049, 84480, 1, 0, 0
40149, 42240, 0, 0, 0
40149, 81920, 1, 0, 0
40249, 42880, 0, 0, 0
40249, 87680, 1, 0, 0
40349, 48640, 0, 0, 0
40349, 78720, 1, 0, 0
40449, 39040, 0, 0, 0
40449, 86400, 1, 0, 0
40549, 23680, 0, 0, 0
40549, 77440, 1, 0, 0
40649, 42240, 0, 0, 0
40649, 90240, 1, 0, 0
40750, 37760, 0, 0, 0
40750, 89600, 1, 0, 0
40850, 32640, 0, 0, 0
40850, 88320, 1, 0, 0
40950, 42880, 0, 0, 0
40950, 87680, 1, 0, 0
41050, 40960, 0, 0, 0
41050, 76800, 1, 0, 0
41150, 34560, 0, 0, 0
41150, 88320, 1, 0, 0
41249, 36848, 0, 0, 0
41249, 85333, 1, 0, 0
41349, 36480, 0, 0, 0
41349, 83200, 1, 0, 0
41449, 37760, 0, 0, 0
41449, 88960, 1, 0, 0
41549, 41600, 0, 0, 0
41549, 81280, 1, 0, 0
41649, 35200, 0, 0, 0
41649, 78080, 1, 0, 0
41750, 37760, 0, 0, 0
41750, 83200, 1, 0, 0
41850, 32000, 0, 0, 0
41850, 90240, 1, 0, 0
41950, 39040, 0, 0, 0
41950, 96000, 1, 0, 0
42050, 31360, 0, 0, 0
42050, 88960, 1, 0, 0
42150, 44800, 0, 0, 0
42150, 88320, 1, 0, 0
42249, 42020, 0, 0, 0
42249, 84040, 1, 0, 0
42349, 43520, 0, 0, 0
42349, 85120, 1, 0, 0
42449, 35200, 0, 0, 0
42449, 92800, 1, 0, 0
42549, 37120, 0, 0, 0
42549, 92160, 1, 0, 0
42649, 42880, 0, 0, 0
42649, 88960, 1, 0, 0
42749, 44800, 0, 0, 0
42749, 90240, 1, 0, 0
42850, 39040, 0, 0, 0
42850, 91520, 1, 0, 0
42950, 32000, 0, 0, 0
42950, 96640, 1, 0, 0
43050, 35200, 0, 0, 0
43050, 93440, 1, 0, 0
43150, 40320, 0, 0, 0
43150, 89600, 1, 0, 0
43249, 40080, 0, 0, 0
43249, 85979, 1, 0, 0
43349, 35840, 0, 0, 0
43349, 88320, 1, 0, 0
43449, 42240, 0, 0, 0
43449, 81920, 1, 0, 0
43549, 40960, 0, 0, 0
43549, 82560, 1, 0, 0
43649, 47360, 0, 0, 0
43649, 83200, 1, 0, 0
43749, 30080, 0, 0, 0
43749, 96000, 1, 0, 0
43849, 43520, 0, 0, 0
43849, 83200, 1, 0, 0
43949, 42880, 0, 0, 0
43949, 79360, 1, 0, 0
44050, 42240, 0, 0, 0
44050, 80640, 1, 0, 0
44150, 35200, 0, 0, 0
44150, 84480, 1, 0, 0
44249, 34262, 0, 0, 0
44249, 89858, 1, 0, 0
44349, 37760, 0, 0, 0
44349, 85760, 1, 0, 0
44449, 40320, 0, 0, 0
44449, 90240, 1, 0, 0
44549, 33280, 0, 0, 0
44549, 85120, 1, 0, 0
44649, 35840, 0, 0, 0
44649, 89600, 1, 0, 0
44749, 40320, 0, 0, 0
44749, 88960, 1, 0, 0
44849, 30720, 0, 0, 0
44849, 78720, 1, 0, 0
44949, 39040, 0, 0, 0
44949, 92800, 1, 0, 0
45050, 33280, 0, 0, 0
45050, 98560, 1, 0, 0
45150, 42240, 0, 0, 0
45150, 87680, 1, 0, 0
45249, 34262, 0, 0, 0
45249, 83393, 1, 0, 0
45349, 40320, 0, 0, 0
45349, 87680, 1, 0, 0
45449, 37120, 0, 0, 0
45449, 81920, 1, 0, 0
45549, 35200, 0, 0, 0
45549, 83200, 1, 0, 0
45649, 39040, 0, 0, 0
45649, 81280, 1, 0, 0
45749, 35200, 0, 0, 0
45749, 86400, 1, 0, 0
45849, 33920, 0, 0, 0
45849, 90240, 1, 0, 0
45949, 31360, 0, 0, 0
45949, 86400, 1, 0, 0
46049, 49280, 0, 0, 0
46049, 83200, 1, 0, 0
46149, 32640, 0, 0, 0
46149, 80000, 1, 0, 0
46250, 35200, 0, 0, 0
46250, 89600, 1, 0, 0
46350, 42240, 0, 0, 0
46350, 78720, 1, 0, 0
46450, 36480, 0, 0, 0
46450, 90240, 1, 0, 0
46550, 41600, 0, 0, 0
46550, 83840, 1, 0, 0
46650, 34560, 0, 0, 0
46650, 85120, 1, 0, 0
46749, 36848, 0, 0, 0
46749, 84686, 1, 0, 0
46849, 38400, 0, 0, 0
46849, 87040, 1, 0, 0
46949, 39680, 0, 0, 0
46949, 82560, 1, 0, 0
47049, 25600, 0, 0, 0
47049, 92160, 1, 0, 0
47149, 33920, 0, 0, 0
47149, 85760, 1, 0, 0
47250, 40320, 0, 0, 0
47250, 83840, 1, 0, 0
47350, 35840, 0, 0, 0
47350, 83840, 1, 0, 0
47450, 42880, 0, 0, 0
47450, 87680, 1, 0, 0
47550, 35840, 0, 0, 0
47550, 88320, 1, 0, 0
47650, 31360, 0, 0, 0
47650, 94720, 1, 0, 0
47749, 30383, 0, 0, 0
47749, 89858, 1, 0, 0
47849, 37760, 0, 0, 0
47849, 92160, 1, 0, 0
47949, 44800, 0, 0, 0
47949, 88320, 1, 0, 0
48049, 34560, 0, 0, 0
48049, 88960, 1, 0, 0
48149, 32640, 0, 0, 0
48149, 85120, 1, 0, 0
48250, 26880, 0, 0, 0
48250, 89600, 1, 0, 0
48350, 43520, 0, 0, 0
48350, 78720, 1, 0, 0
48450, 40320, 0, 0, 0
48450, 80000, 1, 0, 0
48550, 35840, 0, 0, 0
48550, 83840, 1, 0, 0
48650, 33280, 0, 0, 0
48650, 88320, 1, 0, 0
48749, 30383, 0, 0, 0
48749, 86626, 1, 0, 0
48849, 40960, 0, 0, 0
48849, 81920, 1, 0, 0
48949, 35840, 0, 0, 0
48949, 80640, 1, 0, 0
49049, 38400, 0, 0, 0
49049, 85760, 1, 0, 0
49149, 39680, 0, 0, 0
49149, 83200, 1, 0, 0
49249, 40320, 0, 0, 0
49249, 83200, 1, 0, 0
49350, 37120, 0, 0, 0
49350, 87680, 1, 0, 0
49450, 33920, 0, 0, 0
49450, 82560, 1, 0, 0
49550, 31360, 0, 0, 0
49550, 80640, 1, 0, 0
49650, 36480, 0, 0, 0
49650, 85120, 1, 0, 0
49749, 38787, 0, 0, 0
49749, 75636, 1, 0, 0
49849, 26880, 0, 0, 0
49849, 87680, 1, 0, 0
49949, 32640, 0, 0, 0
49949, 84480, 1, 0, 0
50049, 26880, 0, 0, 0
50049, 90240, 1, 0, 0
50149, 40320, 0, 0, 0
50149, 76160, 1, 0, 0
50249, 39680, 0, 0, 0
50249, 83200, 1, 0, 0
50349, 37120, 0, 0, 0
50349, 85120, 1, 0, 0
50449, 40960, 0, 0, 0
50449, 85760, 1, 0, 0
50550, 33280, 0, 0, 0
50550, 83200, 1, 0, 0
50650, 38400, 0, 0, 0
50650, 84480, 1, 0, 0
50749, 35555, 0, 0, 0
50749, 84686, 1, 0, 0
50849, 42240, 0, 0, 0
50849, 81280, 1, 0, 0
50949, 34560, 0, 0, 0
50949, 89600, 1, 0, 0
51049, 40960, 0, 0, 0
51049, 83200, 1, 0, 0
51149, 31360, 0, 0, 0
51149, 88320, 1, 0, 0
51249, 32000, 0, 0, 0
51249, 86400, 1, 0, 0
51349, 35840, 0, 0, 0
51349, 85760, 1, 0, 0
51449, 33920, 0, 0, 0
51449, 85760, 1, 0, 0
51550, 33920, 0, 0, 0
51550, 88320, 1, 0, 0
51650, 32000, 0, 0, 0
51650, 88320, 1, 0, 0
51749, 31030, 0, 0, 0
51749, 85979, 1, 0, 0
51849, 33920, 0, 0, 0
51849, 88960, 1, 0, 0
51949, 35200, 0, 0, 0
51949, 85120, 1, 0, 0
52049, 43520, 0, 0, 0
52049, 78720, 1, 0, 0
52149, 33920, 0, 0, 0
52149, 86400, 1, 0, 0
52249, 40960, 0, 0, 0
52249, 81920, 1, 0, 0
52349, 42240, 0, 0, 0
52349, 78080, 1, 0, 0
52449, 42240, 0, 0, 0
52449, 78080, 1, 0, 0
52550, 33920, 0, 0, 0
52550, 81920, 1, 0, 0
52650, 39040, 0, 0, 0
52650, 85760, 1, 0, 0
52749, 37494, 0, 0, 0
52749, 84686, 1, 0, 0
52849, 32640, 0, 0, 0
52849, 87680, 1, 0, 0
52949, 37120, 0, 0, 0
52949, 82560, 1, 0, 0
53049, 35200, 0, 0, 0
53049, 82560, 1, 0, 0
53149, 37120, 0, 0, 0
53149, 83200, 1, 0, 0
53249, 45440, 0, 0, 0
53249, 78720, 1, 0, 0
53349, 32640, 0, 0, 0
53349, 84480, 1, 0, 0
53449, 33920, 0, 0, 0
53449, 78080, 1, 0, 0
53550, 39680, 0, 0, 0
53550, 83200, 1, 0, 0
53650, 26240, 0, 0, 0
53650, 88320, 1, 0, 0
53749, 36202, 0, 0, 0
53749, 82747, 1, 0, 0
53849, 41600, 0, 0, 0
53849, 71040, 1, 0, 0
53949, 26880, 0, 0, 0
53949, 91520, 1, 0, 0
54049, 38400, 0, 0, 0
54049, 82560, 1, 0, 0
54149, 29440, 0, 0, 0
54149, 78080, 1, 0, 0
54249, 42240, 0, 0, 0
54249, 81280, 1, 0, 0
54349, 47360, 0, 0, 0
54349, 78720, 1, 0, 0
54449, 35200, 0, 0, 0
54449, 81920, 1, 0, 0
54550, 28800, 0, 0, 0
54550, 87680, 1, 0, 0
54650, 42880, 0, 0, 0
54650, 76800, 1, 0, 0
54749, 34262, 0, 0, 0
54749, 80161, 1, 0, 0
54849, 33280, 0, 0, 0
54849, 84480, 1, 0, 0
54949, 36480, 0, 0, 0
54949, 81280, 1, 0, 0
55049, 39680, 0, 0, 0
55049, 74880, 1, 0, 0
55149, 35200, 0, 0, 0
55149, 83200, 1, 0, 0
55249, 37120, 0, 0, 0
55249, 80000, 1, 0, 0
55349, 34560, 0, 0, 0
55349, 87040, 1, 0, 0
55449, 46720, 0, 0, 0
55449, 74240, 1, 0, 0
55549, 32000, 0, 0, 0
55549, 83200, 1, 0, 0
55649, 35200, 0, 0, 0
55649, 78720, 1, 0, 0
55750, 23680, 0, 0, 0
55750, 59520, 1, 0, 0
55850, 37120, 0, 0, 0
55850, 74880, 1, 0, 0
55950, 31360, 0, 0, 0
55950, 86400, 1, 0, 0
56050, 28800, 0, 0, 0
56050, 86400, 1, 0, 0
56150, 36480, 0, 0, 0
56150, 80000, 1, 0, 0
56249, 40080, 0, 0, 0
56249, 78868, 1, 0, 0
56349, 34560, 0, 0, 0
56349, 86400, 1, 0, 0
56449, 41600, 0, 0, 0
56449, 81280, 1, 0, 0
56549, 41600, 0, 0, 0
56549, 81280, 1, 0, 0
56649, 30080, 0, 0, 0
56649, 88960, 1, 0, 0
56750, 35840, 0, 0, 0
56750, 84480, 1, 0, 0
56850, 36480, 0, 0, 0
56850, 79360, 1, 0, 0
56950, 32000, 0, 0, 0
56950, 89600, 1, 0, 0
57050, 39040, 0, 0, 0
57050, 79360, 1, 0, 0
57150, 32640, 0, 0, 0
57150, 87040, 1, 0, 0
57249, 35555, 0, 0, 0
57249, 80808, 1, 0, 0
57349, 30720, 0, 0, 0
57349, 83840, 1, 0, 0
57449, 35840, 0, 0, 0
57449, 81280, 1, 0, 0
57549, 40320, 0, 0, 0
57549, 81920, 1, 0, 0
57649, 32640, 0, 0, 0
57649, 80640, 1, 0, 0
57750, 38400, 0, 0, 0
57750, 83200, 1, 0, 0
57850, 35200, 0, 0, 0
57850, 83840, 1, 0, 0
57950, 37120, 0, 0, 0
57950, 80640, 1, 0, 0
58050, 35200, 0, 0, 0
58050, 83840, 1, 0, 0
58150, 46720, 0, 0, 0
58150, 77440, 1, 0, 0
58249, 36202, 0, 0, 0
58249, 86626, 1, 0, 0
58349, 40320, 0, 0, 0
58349, 82560, 1, 0, 0
58449, 40960, 0, 0, 0
58449, 81920, 1, 0, 0
58549, 37760, 0, 0, 0
58549, 82560, 1, 0, 0
58649, 42880, 0, 0, 0
58649, 75520, 1, 0, 0
58750, 35200, 0, 0, 0
58750, 87680, 1, 0, 0
58850, 35200, 0, 0, 0
58850, 83200, 1, 0, 0
58950, 33280, 0, 0, 0
58950, 84480, 1, 0, 0
59050, 28800, 0, 0, 0
59050, 85760, 1, 0, 0
59150, 31360, 0, 0, 0
59150, 89600, 1, 0, 0
59249, 36202, 0, 0, 0
59249, 85979, 1, 0, 0
59349, 37120, 0, 0, 0
59349, 84480, 1, 0, 0
59449, 34560, 0, 0, 0
59449, 83840, 1, 0, 0
59549, 38400, 0, 0, 0
59549, 78720, 1, 0, 0
59649, 31360, 0, 0, 0
59649, 81920, 1, 0, 0
59749, 34560, 0, 0, 0
59749, 81920, 1, 0, 0
59849, 38400, 0, 0, 0
59849, 80640, 1, 0, 0
59950, 33920, 0, 0, 0
59950, 84480, 1, 0, 0
60050, 29440, 0, 0, 0
60050, 88960, 1, 0, 0
60150, 39680, 0, 0, 0
60150, 81280, 1, 0, 0
60249, 27797, 0, 0, 0
60249, 85979, 1, 0, 0
60349, 35200, 0, 0, 0
60349, 83200, 1, 0, 0
60449, 24960, 0, 0, 0
60449, 88320, 1, 0, 0
60549, 30720, 0, 0, 0
60549, 88320, 1, 0, 0
60649, 40960, 0, 0, 0
60649, 78720, 1, 0, 0
60749, 30720, 0, 0, 0
60749, 84480, 1, 0, 0
60849, 35840, 0, 0, 0
60849, 86400, 1, 0, 0
60949, 34560, 0, 0, 0
60949, 83200, 1, 0, 0
61050, 33280, 0, 0, 0
61050, 81920, 1, 0, 0
61150, 35200, 0, 0, 0
61150, 81920, 1, 0, 0
61249, 33616, 0, 0, 0
61249, 80808, 1, 0, 0
61349, 37120, 0, 0, 0
61349, 83840, 1, 0, 0
61449, 33920, 0, 0, 0
61449, 81280, 1, 0, 0
61549, 46080, 0, 0, 0
61549, 78080, 1, 0, 0
61649, 29440, 0, 0, 0
61649, 62720, 1, 0, 0
61749, 44160, 0, 0, 0
61749, 81920, 1, 0, 0
61849, 32000, 0, 0, 0
61849, 93440, 1, 0, 0
61949, 39040, 0, 0, 0
61949, 88960, 1, 0, 0
62050, 32000, 0, 0, 0
62050, 88320, 1, 0, 0
62150, 37120, 0, 0, 0
62150, 84480, 1, 0, 0
62249, 35555, 0, 0, 0
62249, 78222, 1, 0, 0
62349, 46720, 0, 0, 0
62349, 74880, 1, 0, 0
62449, 35200, 0, 0, 0
62449, 81920, 1, 0, 0
62549, 42880, 0, 0, 0
62549, 78080, 1, 0, 0
62649, 33920, 0, 0, 0
62649, 84480, 1, 0, 0
62749, 30720, 0, 0, 0
62749, 85120, 1, 0, 0
62849, 33280, 0, 0, 0
62849, 83840, 1, 0, 0
62949, 34560, 0, 0, 0
62949, 85120, 1, 0, 0
63049, 32640, 0, 0, 0
63049, 81920, 1, 0, 0
63149, 42880, 0, 0, 0
63149, 76160, 1, 0, 0
63250, 28160, 0, 0, 0
63250, 84480, 1, 0, 0
63350, 33920, 0, 0, 0
63350, 84480, 1, 0, 0
63450, 32000, 0, 0, 0
63450, 85760, 1, 0, 0
63550, 33920, 0, 0, 0
63550, 86400, 1, 0, 0
63650, 35200, 0, 0, 0
63650, 88320, 1, 0, 0
63749, 38141, 0, 0, 0
63749, 87272, 1, 0, 0
63849, 33920, 0, 0, 0
63849, 81280, 1, 0, 0
63949, 35200, 0, 0, 0
63949, 88960, 1, 0, 0
64049, 33280, 0, 0, 0
64049, 80640, 1, 0, 0
64149, 42240, 0, 0, 0
64149, 84480, 1, 0, 0
64249, 40960, 0, 0, 0
64249, 69120, 1, 0, 0
64350, 40960, 0, 0, 0
64350, 85120, 1, 0, 0
64450, 39040, 0, 0, 0
64450, 83200, 1, 0, 0
64550, 38400, 0, 0, 0
64550, 88320, 1, 0, 0
64650, 40320, 0, 0, 0
64650, 82560, 1, 0, 0
64749, 34262, 0, 0, 0
64749, 89858, 1, 0, 0
64849, 32640, 0, 0, 0
64849, 88320, 1, 0, 0
64949, 33920, 0, 0, 0
64949, 88960, 1, 0, 0
65049, 36480, 0, 0, 0
65049, 88320, 1, 0, 0
65149, 37120, 0, 0, 0
65149, 90240, 1, 0, 0
65249, 36480, 0, 0, 0
65249, 81920, 1, 0, 0
65349, 37120, 0, 0, 0
65349, 86400, 1, 0, 0
65449, 38400, 0, 0, 0
65449, 82560, 1, 0, 0
65550, 44160, 0, 0, 0
65550, 78720, 1, 0, 0
65650, 36480, 0, 0, 0
65650, 85120, 1, 0, 0
65749, 42020, 0, 0, 0
65749, 80161, 1, 0, 0
65849, 33280, 0, 0, 0
65849, 87040, 1, 0, 0
65949, 39040, 0, 0, 0
65949, 86400, 1, 0, 0
66049, 38400, 0, 0, 0
66049, 83840, 1, 0, 0
66149, 38400, 0, 0, 0
66149, 81280, 1, 0, 0
66249, 30720, 0, 0, 0
66249, 86400, 1, 0, 0
66349, 40960, 0, 0, 0
66349, 82560, 1, 0, 0
66449, 39040, 0, 0, 0
66449, 78080, 1, 0, 0
66549, 32000, 0, 0, 0
66549, 83200, 1, 0, 0
66650, 34560, 0, 0, 0
66650, 83840, 1, 0, 0
66749, 36202, 0, 0, 0
66749, 84686, 1, 0, 0
66849, 35200, 0, 0, 0
66849, 87680, 1, 0, 0
66949, 37760, 0, 0, 0
66949, 84480, 1, 0, 0
67049, 39040, 0, 0, 0
67049, 81280, 1, 0, 0
67149, 35840, 0, 0, 0
67149, 83200, 1, 0, 0
67249, 35840, 0, 0, 0
67249, 82560, 1, 0, 0
67349, 38400, 0, 0, 0
67349, 83200, 1, 0, 0
67449, 38400, 0, 0, 0
67449, 83200, 1, 0, 0
67549, 40960, 0, 0, 0
67549, 77440, 1, 0, 0
67649, 36480, 0, 0, 0
67649, 81920, 1, 0, 0
67750, 37120, 0, 0, 0
67750, 90880, 1, 0, 0
67850, 38400, 0, 0, 0
67850, 82560, 1, 0, 0
67950, 18560, 0, 0, 0
67950, 61440, 1, 0, 0
68050, 37120, 0, 0, 0
68050, 86400, 1, 0, 0
68150, 41600, 0, 0, 0
68150, 84480, 1, 0, 0
68249, 40727, 0, 0, 0
68249, 85333, 1, 0, 0
68349, 35840, 0, 0, 0
68349, 85120, 1, 0, 0
68449, 36480, 0, 0, 0
68449, 87040, 1, 0, 0
68549, 38400, 0, 0, 0
68549, 88960, 1, 0, 0
68649, 40320, 0, 0, 0
68649, 81920, 1, 0, 0
68749, 32640, 0, 0, 0
68750, 81920, 1, 0, 0
68850, 35200, 0, 0, 0
68850, 84480, 1, 0, 0
68950, 30080, 0, 0, 0
68950, 89600, 1, 0, 0
69050, 37120, 0, 0, 0
69050, 81920, 1, 0, 0
69150, 29440, 0, 0, 0
69150, 81280, 1, 0, 0
69249, 42020, 0, 0, 0
69249, 83393, 1, 0, 0
69349, 32640, 0, 0, 0
69349, 93440, 1, 0, 0
69449, 36480, 0, 0, 0
69449, 87680, 1, 0, 0
69549, 35200, 0, 0, 0
69549, 88960, 1, 0, 0
69649, 42880, 0, 0, 0
69649, 78720, 1, 0, 0
69749, 32640, 0, 0, 0
69749, 88320, 1, 0, 0
69849, 38400, 0, 0, 0
69849, 75520, 1, 0, 0
69949, 33280, 0, 0, 0
69949, 86400, 1, 0, 0
70050, 35200, 0, 0, 0
70050, 88960, 1, 0, 0
70150, 35200, 0, 0, 0
70150, 88960, 1, 0, 0
70249, 33616, 0, 0, 0
70249, 88565, 1, 0, 0
70349, 35200, 0, 0, 0
70349, 80640, 1, 0, 0
70449, 38400, 0, 0, 0
70449, 80000, 1, 0, 0
70549, 28160, 0, 0, 0
70549, 90880, 1, 0, 0
70649, 33280, 0, 0, 0
70649, 86400, 1, 0, 0
70749, 44800, 0, 0, 0
70749, 78720, 1, 0, 0
70849, 38400, 0, 0, 0
70849, 80640, 1, 0, 0
70949, 39680, 0, 0, 0
70949, 81280, 1, 0, 0
71049, 41600, 0, 0, 0
71049, 81920, 1, 0, 0
71149, 39680, 0, 0, 0
71150, 76800, 1, 0, 0
71250, 28160, 0, 0, 0
71250, 82560, 1, 0, 0
71350, 25600, 0, 0, 0
71350, 55040, 1, 0, 0
71450, 35840, 0, 0, 0
71450, 83840, 1, 0, 0
71550, 44160, 0, 0, 0
71550, 85760, 1, 0, 0
71650, 39680, 0, 0, 0
71650, 86400, 1, 0, 0
71749, 30383, 0, 0, 0
71749, 80161, 1, 0, 0
71849, 32640, 0, 0, 0
71849, 91520, 1, 0, 0
71949, 39040, 0, 0, 0
71949, 83840, 1, 0, 0
72049, 27520, 0, 0, 0
72049, 91520, 1, 0, 0
72149, 35200, 0, 0, 0
72149, 80000, 1, 0, 0
72249, 36480, 0, 0, 0
72249, 81920, 1, 0, 0
72349, 43520, 0, 0, 0
72349, 82560, 1, 0, 0
72450, 43520, 0, 0, 0
72450, 83200, 1, 0, 0
72550, 33280, 0, 0, 0
72550, 89600, 1, 0, 0
72650, 37120, 0, 0, 0
72650, 87040, 1, 0, 0
72749, 34909, 0, 0, 0
72749, 89858, 1, 0, 0
72849, 33920, 0, 0, 0
72849, 91520, 1, 0, 0
72949, 42880, 0, 0, 0
72949, 83200, 1, 0, 0
73049, 32000, 0, 0, 0
73049, 84480, 1, 0, 0
73149, 35200, 0, 0, 0
73149, 85120, 1, 0, 0
73249, 33920, 0, 0, 0
73249, 87040, 1, 0, 0
73349, 32640, 0, 0, 0
73349, 87040, 1, 0, 0
73449, 35840, 0, 0, 0
73449, 83840, 1, 0, 0
73550, 28800, 0, 0, 0
73550, 83840, 1, 0, 0
73650, 41600, 0, 0, 0
73650, 83840, 1, 0, 0
73749, 31030, 0, 0, 0
73749, 86626, 1, 0, 0
73849, 35200, 0, 0, 0
73849, 85120, 1, 0, 0
73949, 25600, 0, 0, 0
73949, 80640, 1, 0, 0
74049, 26240, 0, 0, 0
74049, 96000, 1, 0, 0
74149, 35840, 0, 0, 0
74149, 80640, 1, 0, 0
74249, 44800, 0, 0, 0
74249, 78080, 1, 0, 0
74349, 40960, 0, 0, 0
74349, 80640, 1, 0, 0
74449, 33920, 0, 0, 0
74449, 82560, 1, 0, 0
74550, 35840, 0, 0, 0
74550, 79360, 1, 0, 0
74650, 33920, 0, 0, 0
74650, 80640, 1, 0, 0
74749, 34262, 0, 0, 0
74749, 75636, 1, 0, 0
74849, 37120, 0, 0, 0
74849, 76800, 1, 0, 0
74949, 29440, 0, 0, 0
74949, 83840, 1, 0, 0
75049, 32640, 0, 0, 0
75049, 78720, 1, 0, 0
75149, 33280, 0, 0, 0
75149, 80640, 1, 0, 0
75249, 32000, 0, 0, 0
75249, 84480, 1, 0, 0
75349, 39680, 0, 0, 0
75349, 80640, 1, 0, 0
75449, 27520, 0, 0, 0
75449, 75520, 1, 0, 0
75549, 43520, 0, 0, 0
75549, 74240, 1, 0, 0
75650, 28800, 0, 0, 0
75650, 77440, 1, 0, 0
75750, 35200, 0, 0, 0
75750, 82560, 1, 0, 0
75850, 32640, 0, 0, 0
75850, 84480, 1, 0, 0
75950, 31360, 0, 0, 0
75950, 86400, 1, 0, 0
76050, 40320, 0, 0, 0
76050, 79360, 1, 0, 0
76150, 35840, 0, 0, 0
76150, 78080, 1, 0, 0
76249, 38141, 0, 0, 0
76249, 82101, 1, 0, 0
76349, 30080, 0, 0, 0
76349, 83840, 1, 0, 0
76449, 30080, 0, 0, 0
76449, 83840, 1, 0, 0
76549, 42240, 0, 0, 0
76549, 75520, 1, 0, 0
76649, 29440, 0, 0, 0
76649, 86400, 1, 0, 0
76750, 36480, 0, 0, 0
76750, 80640, 1, 0, 0
76850, 26240, 0, 0, 0
76850, 83200, 1, 0, 0
76950, 38400, 0, 0, 0
76950, 79360, 1, 0, 0
77050, 33920, 0, 0, 0
77050, 69120, 1, 0, 0
77150, 35840, 0, 0, 0
77150, 88960, 1, 0, 0
77249, 42020, 0, 0, 0
77249, 82101, 1, 0, 0
77349, 32640, 0, 0, 0
77349, 78720, 1, 0, 0
77449, 30720, 0, 0, 0
77449, 85760, 1, 0, 0
77549, 32640, 0, 0, 0
77549, 85760, 1, 0, 0
77649, 28800, 0, 0, 0
77649, 85760, 1, 0, 0
77749, 34560, 0, 0, 0
77749, 78720, 1, 0, 0
77850, 33920, 0, 0, 0
77850, 80000, 1, 0, 0
77950, 35840, 0, 0, 0
77950, 80640, 1, 0, 0
78050, 43520, 0, 0, 0
78050, 77440, 1, 0, 0
78150, 33280, 0, 0, 0
78150, 78720, 1, 0, 0
78249, 33616, 0, 0, 0
78249, 83393, 1, 0, 0
78349, 34560, 0, 0, 0
78349, 80640, 1, 0, 0
78449, 37120, 0, 0, 0
78449, 75520, 1, 0, 0
78549, 35840, 0, 0, 0
78549, 83200, 1, 0, 0
78649, 43520, 0, 0, 0
78649, 81920, 1, 0, 0
78749, 31360, 0, 0, 0
78749, 78080, 1, 0, 0
78849, 33280, 0, 0, 0
78849, 84480, 1, 0, 0
78950, 32640, 0, 0, 0
78950, 83840, 1, 0, 0
79050, 39680, 0, 0, 0
79050, 80640, 1, 0, 0
79150, 34560, 0, 0, 0
79150, 84480, 1, 0, 0
79249, 25858, 0, 0, 0
79249, 53010, 1, 0, 0
79349, 40320, 0, 0, 0
79349, 83840, 1, 0, 0
79449, 37120, 0, 0, 0
79449, 83840, 1, 0, 0
79549, 28160, 0, 0, 0
79549, 94080, 1, 0, 0
79649, 35200, 0, 0, 0
79649, 81920, 1, 0, 0
79749, 33280, 0, 0, 0
79749, 83840, 1, 0, 0
79850, 38400, 0, 0, 0
79850, 77440, 1, 0, 0
79950, 45440, 0, 0, 0
79950, 77440, 1, 0, 0
80050, 35200, 0, 0, 0
80050, 87040, 1, 0, 0
80150, 41600, 0, 0, 0
80150, 80640, 1, 0, 0
80249, 39434, 0, 0, 0
80249, 82747, 1, 0, 0
80349, 33280, 0, 0, 0
80349, 83200, 1, 0, 0
80449, 32640, 0, 0, 0
80449, 85120, 1, 0, 0
80549, 31360, 0, 0, 0
80549, 86400, 1, 0, 0
80649, 35840, 0, 0, 0
80649, 88320, 1, 0, 0
80749, 35840, 0, 0, 0
80749, 82560, 1, 0, 0
80849, 33280, 0, 0, 0
80849, 88960, 1, 0, 0
80949, 38400, 0, 0, 0
80949, 82560, 1, 0, 0
81050, 35840, 0, 0, 0
81050, 83200, 1, 0, 0
81150, 37760, 0, 0, 0
81150, 80640, 1, 0, 0
81249, 47191, 0, 0, 0
81249, 82747, 1, 0, 0
81349, 41600, 0, 0, 0
81349, 80640, 1, 0, 0
81449, 48640, 0, 0, 0
81449, 76800, 1, 0, 0
81549, 41600, 0, 0, 0
81549, 83840, 1, 0, 0
81649, 38400, 0, 0, 0
81649, 80640, 1, 0, 0
81749, 31360, 0, 0, 0
81749, 83200, 1, 0, 0
81849, 34560, 0, 0, 0
81849, 89600, 1, 0, 0
81949, 38400, 0, 0, 0
81949, 78720, 1, 0, 0
82050, 46080, 0, 0, 0
82050, 78720, 1, 0, 0
82150, 37120, 0, 0, 0
82150, 77440, 1, 0, 0
82249, 32323, 0, 0, 0
82249, 83393, 1, 0, 0
82349, 32640, 0, 0, 0
82349, 81920, 1, 0, 0
82449, 39040, 0, 0, 0
82449, 76160, 1, 0, 0
82549, 40960, 0, 0, 0
82549, 80640, 1, 0, 0
82649, 38400, 0, 0, 0
82649, 80000, 1, 0, 0
82749, 32640, 0, 0, 0
82749, 84480, 1, 0, 0
82849, 36480, 0, 0, 0
82849, 83200, 1, 0, 0
82949, 33280, 0, 0, 0
82949, 85120, 1, 0, 0
83050, 35840, 0, 0, 0
83050, 88960, 1, 0, 0
83150, 42880, 0, 0, 0
83150, 77440, 1, 0, 0
83249, 29090, 0, 0, 0
83249, 83393, 1, 0, 0
83349, 36480, 0, 0, 0
83349, 80640, 1, 0, 0
83449, 29440, 0, 0, 0
83449, 70400, 1, 0, 0
83549, 39680, 0, 0, 0
83549, 76160, 1, 0, 0
83649, 35840, 0, 0, 0
83649, 85120, 1, 0, 0
83749, 23680, 0, 0, 0
83749, 86400, 1, 0, 0
83849, 35200, 0, 0, 0
83849, 83200, 1, 0, 0
83949, 35840, 0, 0, 0
83949, 83840, 1, 0, 0
84049, 37120, 0, 0, 0
84049, 80000, 1, 0, 0
84149, 42240, 0, 0, 0
84149, 80000, 1, 0, 0
84250, 45440, 0, 0, 0
84250, 78080, 1, 0, 0
84350, 33920, 0, 0, 0
84350, 82560, 1, 0, 0
84450, 37120, 0, 0, 0
84450, 80640, 1, 0, 0
84550, 32000, 0, 0, 0
84550, 85760, 1, 0, 0
84650, 40960, 0, 0, 0
84650, 83840, 1, 0, 0
84749, 32969, 0, 0, 0
84749, 85333, 1, 0, 0
84849, 40960, 0, 0, 0
84849, 81280, 1, 0, 0
84949, 37120, 0, 0, 0
84949, 88320, 1, 0, 0
85049, 30720, 0, 0, 0
85049, 85760, 1, 0, 0
85149, 35840, 0, 0, 0
85149, 88960, 1, 0, 0
85250, 39040, 0, 0, 0
85250, 76800, 1, 0, 0
85350, 38400, 0, 0, 0
85350, 83840, 1, 0, 0
85450, 44160, 0, 0, 0
85450, 72320, 1, 0, 0
85550, 34560, 0, 0, 0
85550, 92160, 1, 0, 0
85650, 34560, 0, 0, 0
85650, 83200, 1, 0, 0
85749, 38787, 0, 0, 0
85749, 82101, 1, 0, 0
85849, 33280, 0, 0, 0
85849, 87040, 1, 0, 0
85949, 35840, 0, 0, 0
85949, 85120, 1, 0, 0
86049, 28160, 0, 0, 0
86049, 81280, 1, 0, 0
86150, 35840, 0, 0, 0
86150, 85760, 1, 0, 0
86250, 35840, 0, 0, 0
86250, 87680, 1, 0, 0
86350, 30720, 0, 0, 0
86350, 88960, 1, 0, 0
86450, 26240, 0, 0, 0
86450, 85120, 1, 0, 0
86550, 33920, 0, 0, 0
86550, 90880, 1, 0, 0
86650, 37760, 0, 0, 0
86650, 80640, 1, 0, 0
86749, 25212, 0, 0, 0
86749, 86626, 1, 0, 0
86849, 43520, 0, 0, 0
86849, 81280, 1, 0, 0
86949, 25600, 0, 0, 0
86949, 82560, 1, 0, 0
87049, 30080, 0, 0, 0
87049, 83200, 1, 0, 0
87149, 35200, 0, 0, 0
87149, 86400, 1, 0, 0
87250, 39680, 0, 0, 0
87250, 82560, 1, 0, 0
87350, 43520, 0, 0, 0
87350, 80000, 1, 0, 0
87450, 37760, 0, 0, 0
87450, 82560, 1, 0, 0
87550, 44800, 0, 0, 0
87550, 77440, 1, 0, 0
87650, 37120, 0, 0, 0
87650, 84480, 1, 0, 0
87749, 31030, 0, 0, 0
87749, 87919, 1, 0, 0
87849, 35840, 0, 0, 0
87849, 85760, 1, 0, 0
87949, 29440, 0, 0, 0
87949, 90240, 1, 0, 0
88049, 38400, 0, 0, 0
88049, 81920, 1, 0, 0
88149, 35840, 0, 0, 0
88149, 88320, 1, 0, 0
88250, 37760, 0, 0, 0
88250, 86400, 1, 0, 0
88350, 40320, 0, 0, 0
88350, 79360, 1, 0, 0
88450, 34560, 0, 0, 0
88450, 85760, 1, 0, 0
88550, 33920, 0, 0, 0
88550, 87040, 1, 0, 0
88650, 35200, 0, 0, 0
88650, 83840, 1, 0, 0
88749, 31030, 0, 0, 0
88749, 91797, 1, 0, 0
88849, 40320, 0, 0, 0
88849, 80000, 1, 0, 0
88949, 29440, 0, 0, 0
88949, 88960, 1, 0, 0
89049, 36480, 0, 0, 0
89049, 85120, 1, 0, 0
89149, 32640, 0, 0, 0
89149, 90240, 1, 0, 0
89249, 39040, 0, 0, 0
89249, 86400, 1, 0, 0
89349, 37120, 0, 0, 0
89349, 82560, 1, 0, 0
89449, 23040, 0, 0, 0
89449, 62080, 1, 0, 0
89550, 33280, 0, 0, 0
89550, 94720, 1, 0, 0
89650, 36480, 0, 0, 0
89650, 88960, 1, 0, 0
89749, 35555, 0, 0, 0
89749, 91797, 1, 0, 0
89849, 27520, 0, 0, 0
89849, 87040, 1, 0, 0
89949, 43520, 0, 0, 0
89949, 81280, 1, 0, 0
