129, 82514329, 1, 0, 0
174, 11891302, 0, 0, 0
214, 82036234, 1, 0, 0
221, 13793761, 0, 0, 0
307, 81943819, 1, 0, 0
330, 17772760, 0, 0, 0
409, 10190923, 0, 0, 0
427, 81864959, 1, 0, 0
519, 73117510, 1, 0, 0
528, 13755423, 0, 0, 0
600, 82587089, 1, 0, 0
602, 1965409, 0, 0, 0
729, 85641120, 1, 0, 0
744, 16444908, 0, 0, 0
824, 82345907, 1, 0, 0
829, 12547141, 0, 0, 0
902, 83203970, 1, 0, 0
903, 10663917, 0, 0, 0
1015, 13700679, 0, 0, 0
1037, 81051083, 1, 0, 0
1112, 100896598, 1, 0, 0
1114, 2441704, 0, 0, 0
1200, 112516295, 1, 0, 0
1204, 13199177, 0, 0, 0
1302, 13294823, 0, 0, 0
1322, 75726234, 1, 0, 0
1413, 88971314, 1, 0, 0
1415, 4864895, 0, 0, 0
1536, 85275152, 1, 0, 0
1558, 12802984, 0, 0, 0
1604, 3401020, 0, 0, 0
1613, 70418780, 1, 0, 0
1715, 31196286, 1, 0, 0
1726, 6304067, 0, 0, 0
1803, 54378087, 1, 0, 0
1814, 12001778, 0, 0, 0
1908, 54315413, 1, 0, 0
1914, 5871177, 0, 0, 0
2000, 15829677, 0, 0, 0
2037, 42315476, 1, 0, 0
2115, 60875064, 1, 0, 0
2128, 14401931, 0, 0, 0
2204, 75683262, 1, 0, 0
2208, 3439016, 0, 0, 0
2306, 15615775, 0, 0, 0
2326, 83293635, 1, 0, 0
2402, 18701531, 0, 0, 0
2418, 88261113, 1, 0, 0
2500, 6124212, 0, 0, 0
2545, 82038006, 1, 0, 0
2624, 82639238, 1, 0, 0
2689, 11596135, 0, 0, 0
2719, 79797583, 1, 0, 0
2722, 2037835, 0, 0, 0
2840, 89370521, 1, 0, 0
2862, 19249164, 0, 0, 0
2908, 23052992, 0, 0, 0
2929, 79867308, 1, 0, 0
3017, 83133887, 1, 0, 0
3039, 16186478, 0, 0, 0
3105, 83926773, 1, 0, 0
3127, 21528701, 0, 0, 0
3223, 76850379, 1, 0, 0
3269, 11567917, 0, 0, 0
3312, 81370495, 1, 0, 0
3315, 4774200, 0, 0, 0
3421, 21255814, 0, 0, 0
3438, 81729210, 1, 0, 0
3512, 14446866, 0, 0, 0
3530, 88001900, 1, 0, 0
3614, 80805354, 1, 0, 0
3639, 15936327, 0, 0, 0
3708, 101591312, 1, 0, 0
3728, 19781082, 0, 0, 0
3805, 11512077, 0, 0, 0
3817, 55907598, 1, 0, 0
3908, 53509830, 1, 0, 0
3914, 6412754, 0, 0, 0
4017, 10089604, 0, 0, 0
4026, 54519306, 1, 0, 0
4112, 56840636, 1, 0, 0
4168, 26273630, 0, 0, 0
4200, 10866965, 0, 0, 0
4217, 75703580, 1, 0, 0
4309, 65818659, 1, 0, 0
4312, 10814426, 0, 0, 0
4400, 88996113, 1, 0, 0
4420, 19831353, 0, 0, 0
4506, 18818953, 0, 0, 0
4525, 82143185, 1, 0, 0
4648, 96691010, 1, 0, 0
4695, 2546188, 0, 0, 0
4716, 11830903, 0, 0, 0
4738, 113537060, 1, 0, 0
4830, 81970103, 1, 0, 0
4858, 26685705, 0, 0, 0
4917, 93125359, 1, 0, 0
4977, 12889308, 0, 0, 0
5021, 23628289, 0, 0, 0
5042, 78299177, 1, 0, 0
5130, 84489187, 1, 0, 0
5153, 23758655, 0, 0, 0
5213, 79802446, 1, 0, 0
5260, 10058918, 0, 0, 0
5316, 13379015, 0, 0, 0
5345, 78107100, 1, 0, 0
5427, 86562664, 1, 0, 0
5450, 15276624, 0, 0, 0
5511, 76748944, 1, 0, 0
5600, 4367646, 0, 0, 0
5612, 81750537, 1, 0, 0
5701, 33466032, 1, 0, 0
5704, 3532710, 0, 0, 0
5806, 28284595, 1, 0, 0
5808, 3174141, 0, 0, 0
5905, 3507195, 0, 0, 0
5913, 29662650, 1, 0, 0
6002, 29676901, 1, 0, 0
6008, 3448330, 0, 0, 0
6105, 4799138, 0, 0, 0
6115, 30598029, 1, 0, 0
6206, 9714926, 0, 0, 0
6217, 48234553, 1, 0, 0
6307, 8563200, 0, 0, 0
6335, 56439247, 1, 0, 0
6414, 55075522, 1, 0, 0
6417, 14770086, 0, 0, 0
6513, 10436784, 0, 0, 0
6513, 56110579, 1, 0, 0
6602, 60600616, 1, 0, 0
6605, 18308427, 0, 0, 0
6718, 56812636, 1, 0, 0
6749, 11315357, 0, 0, 0
6826, 68733786, 1, 0, 0
6861, 34061789, 0, 0, 0
6909, 93955694, 1, 0, 0
6935, 21791897, 0, 0, 0
7000, 82269486, 1, 0, 0
7001, 3879449, 0, 0, 0
7106, 14099895, 0, 0, 0
7123, 84252877, 1, 0, 0
7201, 8999318, 0, 0, 0
7209, 82534637, 1, 0, 0
7306, 19181472, 0, 0, 0
7341, 80945322, 1, 0, 0
7427, 85447497, 1, 0, 0
7470, 2878780, 0, 0, 0
7506, 82506533, 1, 0, 0
7601, 3721898, 0, 0, 0
7633, 82788416, 1, 0, 0
7717, 82003657, 1, 0, 0
7720, 14060974, 0, 0, 0
7809, 78492322, 1, 0, 0
7832, 13083187, 0, 0, 0
7935, 85765669, 1, 0, 0
8006, 21763116, 0, 0, 0
8025, 86967928, 1, 0, 0
8105, 19925230, 0, 0, 0
8109, 84334717, 1, 0, 0
8209, 16102771, 0, 0, 0
8229, 78056470, 1, 0, 0
8314, 79101378, 1, 0, 0
8337, 13422154, 0, 0, 0
8401, 9439584, 0, 0, 0
8410, 59004734, 1, 0, 0
8501, 29252479, 1, 0, 0
8521, 3916805, 0, 0, 0
8612, 30314519, 1, 0, 0
8616, 8524213, 0, 0, 0
8714, 50531641, 1, 0, 0
8746, 4803092, 0, 0, 0
8806, 15091543, 0, 0, 0
8827, 47005852, 1, 0, 0
8906, 66759624, 1, 0, 0
8957, 6703923, 0, 0, 0
9000, 8236576, 0, 0, 0
9046, 88026207, 1, 0, 0
9103, 11787870, 0, 0, 0
9130, 91297589, 1, 0, 0
9224, 84945779, 1, 0, 0
9227, 11601385, 0, 0, 0
9304, 92582851, 1, 0, 0
9306, 13250002, 0, 0, 0
9410, 15808066, 0, 0, 0
9430, 72517708, 1, 0, 0
9502, 28249445, 0, 0, 0
9521, 85011918, 1, 0, 0
9608, 86607050, 1, 0, 0
9651, 10491805, 0, 0, 0
9724, 78487937, 1, 0, 0
9768, 11901035, 0, 0, 0
9810, 76155179, 1, 0, 0
9822, 14715453, 0, 0, 0
9900, 85494220, 1, 0, 0
9923, 19794169, 0, 0, 0
10010, 21988514, 0, 0, 0
10026, 79431446, 1, 0, 0
10124, 86848910, 1, 0, 0
10167, 5205330, 0, 0, 0
10203, 85582858, 1, 0, 0
10207, 12500009, 0, 0, 0
10302, 4993757, 0, 0, 0
10331, 79852706, 1, 0, 0
10416, 78905040, 1, 0, 0
10419, 1863554, 0, 0, 0
10505, 88028588, 1, 0, 0
10512, 4084957, 0, 0, 0
10601, 3056428, 0, 0, 0
10612, 41111448, 1, 0, 0
10702, 28141193, 1, 0, 0
10705, 3647379, 0, 0, 0
10805, 4992208, 0, 0, 0
10808, 29556516, 1, 0, 0
10936, 31250063, 1, 0, 0
10938, 5850195, 0, 0, 0
11004, 6183478, 0, 0, 0
11026, 80426211, 1, 0, 0
11105, 84388907, 1, 0, 0
11128, 8496298, 0, 0, 0
11200, 82878838, 1, 0, 0
11203, 8098154, 0, 0, 0
11307, 10554845, 0, 0, 0
11324, 85072999, 1, 0, 0
11405, 77166946, 1, 0, 0
11410, 5056057, 0, 0, 0
11524, 76674970, 1, 0, 0
11527, 3462272, 0, 0, 0
11607, 80966276, 1, 0, 0
11610, 2170196, 0, 0, 0
11735, 75459785, 1, 0, 0
11777, 9401092, 0, 0, 0
11811, 86586469, 1, 0, 0
11873, 21488370, 0, 0, 0
11920, 12223961, 0, 0, 0
11945, 86626861, 1, 0, 0
12006, 22911134, 0, 0, 0
12026, 79854623, 1, 0, 0
12113, 80448023, 1, 0, 0
12117, 9781047, 0, 0, 0
12203, 87845774, 1, 0, 0
12268, 22667744, 0, 0, 0
12327, 84093632, 1, 0, 0
12424, 83086546, 1, 0, 0
12431, 2465919, 0, 0, 0
12500, 92349258, 1, 0, 0
12502, 2407608, 0, 0, 0
12612, 5671600, 0, 0, 0
12639, 47812455, 1, 0, 0
12715, 10150179, 0, 0, 0
12715, 51933136, 1, 0, 0
12819, 13035932, 0, 0, 0
12852, 45830033, 1, 0, 0
12901, 55852806, 1, 0, 0
12906, 3287563, 0, 0, 0
13005, 56828976, 1, 0, 0
13019, 10150721, 0, 0, 0
13123, 54510063, 1, 0, 0
13124, 6181393, 0, 0, 0
13207, 71123432, 1, 0, 0
13233, 23301373, 0, 0, 0
13302, 10018364, 0, 0, 0
13338, 82612881, 1, 0, 0
13420, 79642370, 1, 0, 0
13423, 9119640, 0, 0, 0
13505, 85573592, 1, 0, 0
13517, 14150751, 0, 0, 0
13609, 12549670, 0, 0, 0
13627, 84435075, 1, 0, 0
13715, 77349840, 1, 0, 0
13737, 13669033, 0, 0, 0
13819, 14666679, 0, 0, 0
13852, 81353631, 1, 0, 0
13932, 89779306, 1, 0, 0
13936, 11613893, 0, 0, 0
14013, 78821819, 1, 0, 0
14015, 8048647, 0, 0, 0
14146, 76488693, 1, 0, 0
14152, 11807076, 0, 0, 0
14213, 9747483, 0, 0, 0
14233, 87791789, 1, 0, 0
14310, 78412039, 1, 0, 0
14332, 15085727, 0, 0, 0
14438, 79234541, 1, 0, 0
14444, 9671185, 0, 0, 0
14519, 84610852, 1, 0, 0
14524, 7575801, 0, 0, 0
14605, 78250536, 1, 0, 0
14608, 7098051, 0, 0, 0
14716, 14895900, 0, 0, 0
14737, 84083056, 1, 0, 0
14813, 42824156, 1, 0, 0
14816, 3425226, 0, 0, 0
14901, 3247474, 0, 0, 0
14901, 28454798, 1, 0, 0
15001, 3050376, 0, 0, 0
15004, 27784154, 1, 0, 0
15107, 29751529, 1, 0, 0
15112, 3885968, 0, 0, 0
15202, 28576829, 1, 0, 0
15205, 3521182, 0, 0, 0
15320, 60915183, 1, 0, 0
15322, 4554951, 0, 0, 0
15410, 78804837, 1, 0, 0
15517, 22735789, 0, 0, 0
15540, 83894767, 1, 0, 0
15605, 8576399, 0, 0, 0
15620, 90377608, 1, 0, 0
15716, 77177535, 1, 0, 0
15720, 10045701, 0, 0, 0
15835, 85034726, 1, 0, 0
15886, 16180388, 0, 0, 0
15935, 83946275, 1, 0, 0
15958, 12405418, 0, 0, 0
16015, 90311274, 1, 0, 0
16019, 9332934, 0, 0, 0
16103, 76674209, 1, 0, 0
16146, 8596404, 0, 0, 0
16232, 84025512, 1, 0, 0
16235, 9980751, 0, 0, 0
16314, 84640651, 1, 0, 0
16318, 3225839, 0, 0, 0
16418, 13436642, 0, 0, 0
16448, 79404633, 1, 0, 0
16506, 5401563, 0, 0, 0
16523, 83893717, 1, 0, 0
16602, 75430551, 1, 0, 0
16624, 12211659, 0, 0, 0
16734, 83662630, 1, 0, 0
16804, 83052670, 1, 0, 0
16806, 12618778, 0, 0, 0
16909, 36881521, 1, 0, 0
16942, 4800907, 0, 0, 0
17001, 3816028, 0, 0, 0
17015, 29990241, 1, 0, 0
17101, 49139318, 1, 0, 0
17132, 12352870, 0, 0, 0
17223, 12187645, 0, 0, 0
17246, 52403485, 1, 0, 0
17302, 48462530, 1, 0, 0
17305, 16194141, 0, 0, 0
17429, 49959414, 1, 0, 0
17433, 8944192, 0, 0, 0
17513, 71030647, 1, 0, 0
17515, 8781921, 0, 0, 0
17604, 81023829, 1, 0, 0
17614, 8885996, 0, 0, 0
17736, 81115506, 1, 0, 0
17815, 82950794, 1, 0, 0
17837, 18826343, 0, 0, 0
17904, 79003092, 1, 0, 0
17948, 1254981, 0, 0, 0
18005, 17993453, 0, 0, 0
18022, 83772123, 1, 0, 0
18107, 78997772, 1, 0, 0
18127, 16367027, 0, 0, 0
18201, 79256431, 1, 0, 0
18245, 15413104, 0, 0, 0
18306, 11454183, 0, 0, 0
18329, 86805751, 1, 0, 0
18406, 78438729, 1, 0, 0
18447, 8600109, 0, 0, 0
18526, 10343565, 0, 0, 0
18533, 79993718, 1, 0, 0
18610, 78378936, 1, 0, 0
18632, 13547014, 0, 0, 0
18746, 76724098, 1, 0, 0
18768, 12117273, 0, 0, 0
18829, 91543138, 1, 0, 0
18831, 1638441, 0, 0, 0
18914, 23120899, 0, 0, 0
18918, 84916476, 1, 0, 0
19008, 14509666, 0, 0, 0
19008, 74351924, 1, 0, 0
19100, 12511489, 0, 0, 0
19122, 52646201, 1, 0, 0
19207, 54800338, 1, 0, 0
19208, 8025645, 0, 0, 0
19301, 61831010, 1, 0, 0
19302, 13770865, 0, 0, 0
19421, 57775780, 1, 0, 0
19451, 11336420, 0, 0, 0
19513, 59499235, 1, 0, 0
19518, 14062469, 0, 0, 0
19609, 20049949, 0, 0, 0
19630, 54994640, 1, 0, 0
19718, 84030358, 1, 0, 0
19740, 21467892, 0, 0, 0
19836, 22570346, 0, 0, 0
19842, 81234110, 1, 0, 0
19918, 17206818, 0, 0, 0
19931, 87469072, 1, 0, 0
20016, 84940631, 1, 0, 0
20040, 12092144, 0, 0, 0
20106, 85559894, 1, 0, 0
20130, 20982981, 0, 0, 0
20232, 84273888, 1, 0, 0
20281, 1815675, 0, 0, 0
20301, 22097008, 0, 0, 0
20320, 86356609, 1, 0, 0
20405, 9569082, 0, 0, 0
20408, 84609874, 1, 0, 0
20516, 8302688, 0, 0, 0
20544, 81813735, 1, 0, 0
20608, 14334062, 0, 0, 0
20625, 89664722, 1, 0, 0
20709, 78068666, 1, 0, 0
20733, 8688239, 0, 0, 0
20819, 22151350, 0, 0, 0
20838, 85473801, 1, 0, 0
20922, 79232039, 1, 0, 0
20925, 8092600, 0, 0, 0
21001, 77061345, 1, 0, 0
21018, 10369698, 0, 0, 0
21110, 83912572, 1, 0, 0
21134, 19186424, 0, 0, 0
21213, 52319650, 1, 0, 0
21213, 12900537, 0, 0, 0
21319, 45630865, 1, 0, 0
21352, 5587933, 0, 0, 0
21407, 44647648, 1, 0, 0
21411, 4845073, 0, 0, 0
21503, 40483525, 1, 0, 0
21507, 10863517, 0, 0, 0
21600, 5909282, 0, 0, 0
21605, 42349317, 1, 0, 0
21730, 42000438, 1, 0, 0
21738, 8724319, 0, 0, 0
21803, 10301393, 0, 0, 0
21833, 44644253, 1, 0, 0
21920, 70349279, 1, 0, 0
21965, 12488851, 0, 0, 0
22003, 86866217, 1, 0, 0
22007, 4740552, 0, 0, 0
22142, 83021278, 1, 0, 0
22146, 3558922, 0, 0, 0
22220, 93994583, 1, 0, 0
22314, 79509855, 1, 0, 0
22316, 9413239, 0, 0, 0
22414, 10918787, 0, 0, 0
22433, 83391327, 1, 0, 0
22524, 78197632, 1, 0, 0
22566, 16675135, 0, 0, 0
22605, 81262150, 1, 0, 0
22627, 12786913, 0, 0, 0
22727, 80906142, 1, 0, 0
22730, 9665248, 0, 0, 0
22809, 73173612, 1, 0, 0
22833, 9829630, 0, 0, 0
22900, 2493978, 0, 0, 0
22940, 83577214, 1, 0, 0
23014, 98777826, 1, 0, 0
23016, 8691937, 0, 0, 0
23117, 9195518, 0, 0, 0
23145, 95935197, 1, 0, 0
23209, 99917701, 1, 0, 0
23211, 12532589, 0, 0, 0
23340, 97633799, 1, 0, 0
23362, 12385560, 0, 0, 0
23428, 83864308, 1, 0, 0
23473, 7313169, 0, 0, 0
23500, 50730084, 1, 0, 0
23504, 4019634, 0, 0, 0
23604, 28978760, 1, 0, 0
23609, 5018386, 0, 0, 0
23701, 3422694, 0, 0, 0
23707, 29286874, 1, 0, 0
23803, 35010618, 1, 0, 0
23816, 7175469, 0, 0, 0
23910, 52170433, 1, 0, 0
23915, 18897242, 0, 0, 0
24021, 71372879, 1, 0, 0
24026, 21324267, 0, 0, 0
24107, 83832480, 1, 0, 0
24122, 9506991, 0, 0, 0
24203, 16770767, 0, 0, 0
24261, 79687319, 1, 0, 0
24301, 112813242, 1, 0, 0
24314, 24211688, 0, 0, 0
24401, 94231517, 1, 0, 0
24424, 15883642, 0, 0, 0
24526, 82191962, 1, 0, 0
24546, 12380182, 0, 0, 0
24617, 77546954, 1, 0, 0
24660, 8660521, 0, 0, 0
24717, 8005417, 0, 0, 0
24737, 84261050, 1, 0, 0
24822, 77209718, 1, 0, 0
24845, 15702701, 0, 0, 0
24908, 12823755, 0, 0, 0
24913, 84563034, 1, 0, 0
25003, 88504415, 1, 0, 0
25084, 13547916, 0, 0, 0
25114, 33944366, 0, 0, 0
25136, 81536073, 1, 0, 0
25218, 93853121, 1, 0, 0
25300, 82765156, 1, 0, 0
25303, 16339407, 0, 0, 0
25414, 8965811, 0, 0, 0
25434, 83709046, 1, 0, 0
25517, 29276351, 0, 0, 0
25522, 84989780, 1, 0, 0
25600, 40206876, 1, 0, 0
25601, 2608189, 0, 0, 0
25701, 31657742, 1, 0, 0
25730, 5274617, 0, 0, 0
25814, 41258916, 1, 0, 0
25830, 6646873, 0, 0, 0
25910, 48587212, 1, 0, 0
25915, 7309870, 0, 0, 0
26002, 14582747, 0, 0, 0
26013, 47926779, 1, 0, 0
26111, 45686614, 1, 0, 0
26116, 15457119, 0, 0, 0
26217, 60830177, 1, 0, 0
26219, 10577217, 0, 0, 0
26307, 89408296, 1, 0, 0
26308, 9231642, 0, 0, 0
26412, 23310902, 0, 0, 0
26429, 79313600, 1, 0, 0
26511, 77414748, 1, 0, 0
26536, 17016965, 0, 0, 0
26617, 13757691, 0, 0, 0
26639, 79313712, 1, 0, 0
26728, 84247158, 1, 0, 0
26753, 18902676, 0, 0, 0
26820, 85550924, 1, 0, 0
26822, 12667416, 0, 0, 0
26902, 81154216, 1, 0, 0
26905, 11507896, 0, 0, 0
27021, 75130621, 1, 0, 0
27027, 4902319, 0, 0, 0
27107, 82642202, 1, 0, 0
27192, 4915675, 0, 0, 0
27208, 22316472, 0, 0, 0
27235, 82420705, 1, 0, 0
27322, 86297491, 1, 0, 0
27343, 21701394, 0, 0, 0
27422, 15106487, 0, 0, 0
27453, 80422966, 1, 0, 0
27528, 86895910, 1, 0, 0
27550, 9352130, 0, 0, 0
27611, 15720087, 0, 0, 0
27618, 79969247, 1, 0, 0
27705, 87337955, 1, 0, 0
27728, 22698349, 0, 0, 0
27836, 78149422, 1, 0, 0
27838, 16492853, 0, 0, 0
27929, 55697807, 1, 0, 0
27930, 5682215, 0, 0, 0
28002, 54616075, 1, 0, 0
28013, 4466805, 0, 0, 0
28108, 61362064, 1, 0, 0
28121, 13034313, 0, 0, 0
28203, 14192033, 0, 0, 0
28214, 60701957, 1, 0, 0
28305, 18541784, 0, 0, 0
28349, 79456218, 1, 0, 0
28413, 21816566, 0, 0, 0
28430, 86546576, 1, 0, 0
28501, 17060966, 0, 0, 0
28518, 88282092, 1, 0, 0
28603, 72596235, 1, 0, 0
28608, 5829097, 0, 0, 0
28702, 82453687, 1, 0, 0
28779, 11007946, 0, 0, 0
28811, 28765934, 0, 0, 0
28815, 86590195, 1, 0, 0
28901, 78827253, 1, 0, 0
28904, 17340166, 0, 0, 0
29007, 7395516, 0, 0, 0
29007, 80320792, 1, 0, 0
29112, 15945660, 0, 0, 0
29118, 76584829, 1, 0, 0
29220, 14096525, 0, 0, 0
29237, 81187366, 1, 0, 0
29305, 7375419, 0, 0, 0
29326, 80281590, 1, 0, 0
29419, 86213420, 1, 0, 0
29443, 16665379, 0, 0, 0
29500, 18264358, 0, 0, 0
29506, 87443817, 1, 0, 0
29625, 81722426, 1, 0, 0
29647, 4440380, 0, 0, 0
29708, 76669469, 1, 0, 0
29710, 11823454, 0, 0, 0
29817, 7274377, 0, 0, 0
29835, 80344227, 1, 0, 0
29900, 3573160, 0, 0, 0
29907, 48367009, 1, 0, 0
30001, 3558389, 0, 0, 0
30015, 29931633, 1, 0, 0
30102, 28220912, 1, 0, 0
30105, 3506754, 0, 0, 0
30210, 29300091, 1, 0, 0
30227, 3316208, 0, 0, 0
30331, 6146340, 0, 0, 0
30334, 36559044, 1, 0, 0
30416, 73405733, 1, 0, 0
30440, 12960019, 0, 0, 0
30502, 81481998, 1, 0, 0
30508, 9497727, 0, 0, 0
30607, 5000451, 0, 0, 0
30639, 80524097, 1, 0, 0
30700, 7540150, 0, 0, 0
30717, 85402273, 1, 0, 0
30845, 77586875, 1, 0, 0
30848, 8697507, 0, 0, 0
30932, 86203151, 1, 0, 0
30937, 7393962, 0, 0, 0
31020, 83904834, 1, 0, 0
31022, 12637238, 0, 0, 0
31102, 77429308, 1, 0, 0
31108, 10190854, 0, 0, 0
31206, 22465286, 0, 0, 0
31262, 77325077, 1, 0, 0
31356, 78272707, 1, 0, 0
31358, 5881802, 0, 0, 0
31436, 85734041, 1, 0, 0
31439, 9949217, 0, 0, 0
31519, 76076913, 1, 0, 0
31543, 9667734, 0, 0, 0
31612, 82479851, 1, 0, 0
31638, 24459709, 0, 0, 0
31700, 86727998, 1, 0, 0
31704, 2761708, 0, 0, 0
31814, 10865840, 0, 0, 0
31868, 77395640, 1, 0, 0
31914, 17489494, 0, 0, 0
31918, 91591314, 1, 0, 0
32014, 48853562, 1, 0, 0
32034, 3703481, 0, 0, 0
32102, 29966570, 1, 0, 0
32107, 3242703, 0, 0, 0
32207, 30034870, 1, 0, 0
32209, 3769185, 0, 0, 0
32300, 28881792, 1, 0, 0
32303, 3226116, 0, 0, 0
32408, 33502256, 1, 0, 0
32411, 5935092, 0, 0, 0
32505, 74411714, 1, 0, 0
32510, 9603303, 0, 0, 0
32606, 20668474, 0, 0, 0
32622, 81576312, 1, 0, 0
32714, 12177369, 0, 0, 0
32742, 95370712, 1, 0, 0
32829, 103957100, 1, 0, 0
32832, 9615265, 0, 0, 0
32915, 84146871, 1, 0, 0
32957, 7198182, 0, 0, 0
33014, 8693364, 0, 0, 0
33033, 77501166, 1, 0, 0
33105, 15040718, 0, 0, 0
33122, 82185371, 1, 0, 0
33204, 81070630, 1, 0, 0
33226, 27183943, 0, 0, 0
33301, 15843551, 0, 0, 0
33341, 83391678, 1, 0, 0
33406, 20524077, 0, 0, 0
33429, 87539958, 1, 0, 0
33508, 14242486, 0, 0, 0
33511, 81941990, 1, 0, 0
33605, 79338901, 1, 0, 0
33606, 4122476, 0, 0, 0
33725, 93452760, 1, 0, 0
33735, 14415771, 0, 0, 0
33811, 81213177, 1, 0, 0
33900, 83225893, 1, 0, 0
33992, 11161930, 0, 0, 0
34026, 20646461, 0, 0, 0
34047, 91053703, 1, 0, 0
34140, 69625013, 1, 0, 0
34143, 14728718, 0, 0, 0
34202, 73505778, 1, 0, 0
34204, 9747350, 0, 0, 0
34309, 10601789, 0, 0, 0
34356, 64713865, 1, 0, 0
34408, 58551320, 1, 0, 0
34424, 21563271, 0, 0, 0
34506, 6827046, 0, 0, 0
34509, 57534908, 1, 0, 0
34605, 69299255, 1, 0, 0
34605, 18045451, 0, 0, 0
34718, 86840933, 1, 0, 0
34739, 14969474, 0, 0, 0
34800, 21594026, 0, 0, 0
34802, 75604004, 1, 0, 0
34927, 86679745, 1, 0, 0
34950, 12524222, 0, 0, 0
35023, 81432154, 1, 0, 0
35045, 16718837, 0, 0, 0
35101, 93599923, 1, 0, 0
35147, 9500486, 0, 0, 0
35231, 74732073, 1, 0, 0
35234, 1841022, 0, 0, 0
35306, 14651115, 0, 0, 0
35311, 87017584, 1, 0, 0
35401, 12248997, 0, 0, 0
35438, 80744321, 1, 0, 0
35535, 84285717, 1, 0, 0
35558, 10060227, 0, 0, 0
35601, 12051738, 0, 0, 0
35618, 95375685, 1, 0, 0
35700, 74590171, 1, 0, 0
35700, 8467838, 0, 0, 0
35822, 80847038, 1, 0, 0
35829, 6584523, 0, 0, 0
35918, 86983644, 1, 0, 0
35940, 8803831, 0, 0, 0
36016, 16639398, 0, 0, 0
36035, 81374448, 1, 0, 0
36101, 14848558, 0, 0, 0
36116, 81540960, 1, 0, 0
36248, 74128893, 1, 0, 0
36255, 9381072, 0, 0, 0
36311, 81565823, 1, 0, 0
36315, 5368170, 0, 0, 0
36400, 70481782, 1, 0, 0
36410, 19270067, 0, 0, 0
36503, 81868071, 1, 0, 0
36508, 7543615, 0, 0, 0
36621, 10348894, 0, 0, 0
36624, 76642129, 1, 0, 0
36707, 11687124, 0, 0, 0
36730, 72555390, 1, 0, 0
36819, 73768008, 1, 0, 0
36883, 15339679, 0, 0, 0
36905, 41011835, 0, 0, 0
36907, 86304789, 1, 0, 0
37033, 86039391, 1, 0, 0
37056, 11331479, 0, 0, 0
37127, 83063257, 1, 0, 0
37165, 17404328, 0, 0, 0
37213, 83930944, 1, 0, 0
37237, 29876218, 0, 0, 0
37335, 86492497, 1, 0, 0
37338, 8031691, 0, 0, 0
37430, 80296955, 1, 0, 0
37432, 8833414, 0, 0, 0
37508, 85924050, 1, 0, 0
37510, 10126173, 0, 0, 0
37633, 73443692, 1, 0, 0
37720, 89049664, 1, 0, 0
37767, 8897552, 0, 0, 0
37808, 85558891, 1, 0, 0
37879, 12881798, 0, 0, 0
37940, 89233408, 1, 0, 0
37982, 2544356, 0, 0, 0
38018, 80341021, 1, 0, 0
38040, 12935528, 0, 0, 0
38110, 78230507, 1, 0, 0
38113, 8918280, 0, 0, 0
38225, 80953013, 1, 0, 0
38229, 4560290, 0, 0, 0
38320, 80258781, 1, 0, 0
38396, 4763439, 0, 0, 0
38406, 83604437, 1, 0, 0
38409, 3804876, 0, 0, 0
38500, 32209862, 1, 0, 0
38503, 2171660, 0, 0, 0
38603, 28964797, 1, 0, 0
38621, 4199930, 0, 0, 0
38704, 28102662, 1, 0, 0
38707, 4771655, 0, 0, 0
38810, 33075497, 1, 0, 0
38854, 3715968, 0, 0, 0
38914, 7926716, 0, 0, 0
38941, 73708225, 1, 0, 0
39020, 86145134, 1, 0, 0
39024, 7726858, 0, 0, 0
39117, 88456972, 1, 0, 0
39127, 28727736, 0, 0, 0
39207, 94552370, 1, 0, 0
39242, 12744849, 0, 0, 0
39302, 12529265, 0, 0, 0
39321, 76771928, 1, 0, 0
39411, 79846467, 1, 0, 0
39416, 9174235, 0, 0, 0
39503, 87313475, 1, 0, 0
39620, 79951330, 1, 0, 0
39663, 12174722, 0, 0, 0
39703, 80920161, 1, 0, 0
39708, 4709510, 0, 0, 0
39838, 88391632, 1, 0, 0
39845, 3100899, 0, 0, 0
39902, 14945299, 0, 0, 0
39922, 85010824, 1, 0, 0
40003, 76804665, 1, 0, 0
40027, 18424881, 0, 0, 0
40113, 22858542, 0, 0, 0
40128, 79780441, 1, 0, 0
40217, 17349750, 0, 0, 0
40223, 78966426, 1, 0, 0
40300, 89693362, 1, 0, 0
40362, 10563085, 0, 0, 0
40406, 23753402, 0, 0, 0
40424, 75583581, 1, 0, 0
40504, 65767283, 1, 0, 0
40588, 9384011, 0, 0, 0
40600, 6805356, 0, 0, 0
40620, 70160969, 1, 0, 0
40706, 55124523, 1, 0, 0
40715, 11699294, 0, 0, 0
40807, 47214651, 1, 0, 0
40841, 24961559, 0, 0, 0
40934, 53246482, 1, 0, 0
40943, 9188722, 0, 0, 0
41004, 59515004, 1, 0, 0
41055, 21961092, 0, 0, 0
41127, 88754177, 1, 0, 0
41131, 5225768, 0, 0, 0
41213, 75818811, 1, 0, 0
41217, 9531042, 0, 0, 0
41305, 86123840, 1, 0, 0
41309, 14370684, 0, 0, 0
41415, 11971952, 0, 0, 0
41436, 84952060, 1, 0, 0
41504, 12283788, 0, 0, 0
41526, 85578428, 1, 0, 0
41617, 89697492, 1, 0, 0
41639, 17447800, 0, 0, 0
41720, 13119779, 0, 0, 0
41737, 82355446, 1, 0, 0
41823, 76445275, 1, 0, 0
41845, 17753204, 0, 0, 0
41900, 80368828, 1, 0, 0
41902, 2732585, 0, 0, 0
42037, 78462211, 1, 0, 0
42053, 9610978, 0, 0, 0
42102, 15013970, 0, 0, 0
42122, 87102887, 1, 0, 0
42210, 81707755, 1, 0, 0
42233, 17851143, 0, 0, 0
42319, 17903181, 0, 0, 0
42339, 79943456, 1, 0, 0
42401, 86725627, 1, 0, 0
42443, 22974659, 0, 0, 0
42500, 74812679, 1, 0, 0
42502, 8404873, 0, 0, 0
42610, 71703996, 1, 0, 0
42613, 9914208, 0, 0, 0
42712, 22659385, 0, 0, 0
42712, 53016304, 1, 0, 0
42814, 30256846, 1, 0, 0
42831, 4157117, 0, 0, 0
42900, 28837550, 1, 0, 0
42907, 3875188, 0, 0, 0
43007, 29196793, 1, 0, 0
43011, 3774339, 0, 0, 0
43109, 35770765, 1, 0, 0
43112, 3445429, 0, 0, 0
43222, 82649669, 1, 0, 0
43227, 4118198, 0, 0, 0
43314, 108664214, 1, 0, 0
43316, 2716086, 0, 0, 0
43401, 91763839, 1, 0, 0
43462, 9353738, 0, 0, 0
43531, 82839035, 1, 0, 0
43579, 4756359, 0, 0, 0
43617, 91053035, 1, 0, 0
43620, 9053649, 0, 0, 0
43710, 87228764, 1, 0, 0
43831, 84586373, 1, 0, 0
43854, 9429143, 0, 0, 0
43923, 79668253, 1, 0, 0
43926, 2340094, 0, 0, 0
44000, 83517050, 1, 0, 0
44001, 5707421, 0, 0, 0
44109, 19622434, 0, 0, 0
44129, 80680614, 1, 0, 0
44217, 87061954, 1, 0, 0
44220, 7897325, 0, 0, 0
44301, 86997070, 1, 0, 0
44304, 8266958, 0, 0, 0
44404, 8338616, 0, 0, 0
44424, 79403769, 1, 0, 0
44513, 81923009, 1, 0, 0
44517, 3630924, 0, 0, 0
44603, 83393432, 1, 0, 0
44604, 2166088, 0, 0, 0
44730, 89900647, 1, 0, 0
44735, 5571646, 0, 0, 0
44805, 40693790, 1, 0, 0
44839, 4811190, 0, 0, 0
44900, 30131405, 1, 0, 0
44904, 3325761, 0, 0, 0
45003, 29658269, 1, 0, 0
45008, 3834614, 0, 0, 0
45100, 29826741, 1, 0, 0
45104, 4585883, 0, 0, 0
45226, 39203969, 1, 0, 0
45317, 85347849, 1, 0, 0
45339, 7305903, 0, 0, 0
45407, 87366734, 1, 0, 0
45456, 9988902, 0, 0, 0
45536, 85695461, 1, 0, 0
45541, 3967986, 0, 0, 0
45618, 85468701, 1, 0, 0
45643, 18075740, 0, 0, 0
45710, 79203409, 1, 0, 0
45737, 19392909, 0, 0, 0
45802, 38184284, 0, 0, 0
45807, 88578746, 1, 0, 0
45917, 16579725, 0, 0, 0
45934, 83895781, 1, 0, 0
46017, 20752088, 0, 0, 0
46023, 90611607, 1, 0, 0
46114, 88919182, 1, 0, 0
46184, 16056464, 0, 0, 0
46208, 87183465, 1, 0, 0
46215, 11388140, 0, 0, 0
46311, 7292735, 0, 0, 0
46330, 84894851, 1, 0, 0
46419, 17185558, 0, 0, 0
46422, 86153108, 1, 0, 0
46507, 88383890, 1, 0, 0
46533, 16917706, 0, 0, 0
46638, 80704702, 1, 0, 0
46702, 21211478, 0, 0, 0
46732, 85468759, 1, 0, 0
46801, 87505960, 1, 0, 0
46806, 13747121, 0, 0, 0
46902, 17504288, 0, 0, 0
46910, 51960179, 1, 0, 0
47005, 30891854, 1, 0, 0
47011, 6966127, 0, 0, 0
47102, 31473347, 1, 0, 0
47126, 3834397, 0, 0, 0
47200, 4806341, 0, 0, 0
47213, 30270200, 1, 0, 0
47305, 30270282, 1, 0, 0
47311, 3893422, 0, 0, 0
47437, 35086140, 1, 0, 0
47459, 5754773, 0, 0, 0
47514, 15847526, 0, 0, 0
47520, 77888063, 1, 0, 0
47613, 87253376, 1, 0, 0
47615, 9394851, 0, 0, 0
47704, 27809239, 0, 0, 0
47710, 97480841, 1, 0, 0
47805, 17204668, 0, 0, 0
47836, 88023845, 1, 0, 0
47904, 18536815, 0, 0, 0
47926, 82373924, 1, 0, 0
48016, 92998052, 1, 0, 0
48101, 80019134, 1, 0, 0
48107, 13398850, 0, 0, 0
48204, 17116995, 0, 0, 0
48233, 86904366, 1, 0, 0
48316, 96488391, 1, 0, 0
48341, 14828007, 0, 0, 0
48408, 83076369, 1, 0, 0
48449, 19562525, 0, 0, 0
48542, 88132600, 1, 0, 0
48548, 8523311, 0, 0, 0
48622, 89388171, 1, 0, 0
48634, 24386542, 0, 0, 0
48706, 79808361, 1, 0, 0
48710, 4055200, 0, 0, 0
48826, 91072364, 1, 0, 0
48849, 18249577, 0, 0, 0
48911, 114590913, 1, 0, 0
48956, 11877276, 0, 0, 0
49026, 80013336, 1, 0, 0
49056, 15395563, 0, 0, 0
49119, 51850276, 1, 0, 0
49129, 9288305, 0, 0, 0
49208, 10764810, 0, 0, 0
49221, 51379849, 1, 0, 0
49314, 58667338, 1, 0, 0
49325, 11503935, 0, 0, 0
49408, 8089713, 0, 0, 0
49408, 42731804, 1, 0, 0
49506, 47266179, 1, 0, 0
49515, 11885184, 0, 0, 0
49613, 57191437, 1, 0, 0
49626, 20888476, 0, 0, 0
49708, 61987680, 1, 0, 0
49719, 11673719, 0, 0, 0
49826, 84306394, 1, 0, 0
49850, 28633691, 0, 0, 0
49919, 95602433, 1, 0, 0
49967, 15977472, 0, 0, 0
50011, 87959178, 1, 0, 0
50031, 19945025, 0, 0, 0
50106, 15023557, 0, 0, 0
50132, 79424177, 1, 0, 0
50202, 21843792, 0, 0, 0
50222, 83141679, 1, 0, 0
50300, 9487554, 0, 0, 0
50305, 87581365, 1, 0, 0
50416, 12529848, 0, 0, 0
50443, 86440263, 1, 0, 0
50507, 16106266, 0, 0, 0
50528, 95934265, 1, 0, 0
50608, 79198796, 1, 0, 0
50610, 20395273, 0, 0, 0
50700, 82383165, 1, 0, 0
50724, 16178644, 0, 0, 0
50805, 23563260, 0, 0, 0
50823, 83512296, 1, 0, 0
50914, 86788961, 1, 0, 0
50992, 16047620, 0, 0, 0
51018, 21733709, 0, 0, 0
51038, 79199145, 1, 0, 0
51107, 23914266, 0, 0, 0
51131, 90182418, 1, 0, 0
51223, 90919444, 1, 0, 0
51228, 14448132, 0, 0, 0
51315, 89180019, 1, 0, 0
51317, 13170882, 0, 0, 0
51404, 86715969, 1, 0, 0
51444, 19481817, 0, 0, 0
51502, 47169991, 1, 0, 0
51505, 3311020, 0, 0, 0
51604, 3878215, 0, 0, 0
51605, 29348870, 1, 0, 0
51701, 31174031, 1, 0, 0
51744, 4558729, 0, 0, 0
51804, 11873689, 0, 0, 0
51812, 33485488, 1, 0, 0
51907, 15879754, 0, 0, 0
51928, 58860005, 1, 0, 0
52018, 15644373, 0, 0, 0
52022, 93056403, 1, 0, 0
52103, 14261343, 0, 0, 0
52109, 89397078, 1, 0, 0
52218, 21214906, 0, 0, 0
52238, 86733289, 1, 0, 0
52305, 10555598, 0, 0, 0
52327, 80300522, 1, 0, 0
52419, 90069944, 1, 0, 0
52491, 19410138, 0, 0, 0
52512, 91096581, 1, 0, 0
52535, 22464106, 0, 0, 0
52600, 82942217, 1, 0, 0
52614, 22805871, 0, 0, 0
52703, 16593498, 0, 0, 0
52722, 78610584, 1, 0, 0
52804, 82224245, 1, 0, 0
52825, 21320726, 0, 0, 0
52912, 22371658, 0, 0, 0
52931, 81164978, 1, 0, 0
53018, 82194699, 1, 0, 0
53093, 16394208, 0, 0, 0
53109, 92144984, 1, 0, 0
53228, 29882705, 0, 0, 0
53236, 81064551, 1, 0, 0
53314, 16686985, 0, 0, 0
53317, 89165975, 1, 0, 0
53410, 84016697, 1, 0, 0
53459, 15626228, 0, 0, 0
53500, 98129683, 1, 0, 0
53533, 13507242, 0, 0, 0
53604, 39189898, 1, 0, 0
53610, 3973070, 0, 0, 0
53701, 4605729, 0, 0, 0
53708, 31112049, 1, 0, 0
53802, 29588557, 1, 0, 0
53806, 4042178, 0, 0, 0
53923, 30035110, 1, 0, 0
53926, 4502543, 0, 0, 0
54001, 32772283, 1, 0, 0
54005, 4540299, 0, 0, 0
54102, 10852503, 0, 0, 0
54105, 35300265, 1, 0, 0
54202, 78106565, 1, 0, 0
54204, 2883532, 0, 0, 0
54323, 88836657, 1, 0, 0
54347, 20480451, 0, 0, 0
54413, 87110503, 1, 0, 0
54437, 15089055, 0, 0, 0
54519, 79438307, 1, 0, 0
54571, 19444765, 0, 0, 0
54616, 22524440, 0, 0, 0
54635, 96700395, 1, 0, 0
54712, 76227558, 1, 0, 0
54779, 19566385, 0, 0, 0
54802, 22885441, 0, 0, 0
54806, 78479523, 1, 0, 0
54900, 93930287, 1, 0, 0
54915, 8677587, 0, 0, 0
55001, 17269673, 0, 0, 0
55015, 89286482, 1, 0, 0
55104, 94468818, 1, 0, 0
55110, 13256688, 0, 0, 0
55212, 17939001, 0, 0, 0
55229, 79158566, 1, 0, 0
55322, 84908845, 1, 0, 0
55324, 8619692, 0, 0, 0
55406, 88760525, 1, 0, 0
55429, 9697332, 0, 0, 0
55508, 79723493, 1, 0, 0
55535, 10978564, 0, 0, 0
55616, 84246803, 1, 0, 0
55674, 21522455, 0, 0, 0
55708, 83550510, 1, 0, 0
55713, 11535949, 0, 0, 0
55801, 80641275, 1, 0, 0
55812, 14760084, 0, 0, 0
55915, 61701601, 1, 0, 0
55933, 11433711, 0, 0, 0
56006, 22222348, 0, 0, 0
56006, 57913526, 1, 0, 0
56111, 18001272, 0, 0, 0
56123, 70441860, 1, 0, 0
56215, 65145298, 1, 0, 0
56244, 10511076, 0, 0, 0
56327, 69965518, 1, 0, 0
56332, 20806910, 0, 0, 0
56404, 85231972, 1, 0, 0
56426, 29263284, 0, 0, 0
56500, 78417384, 1, 0, 0
56560, 17337612, 0, 0, 0
56637, 95693329, 1, 0, 0
56654, 18054522, 0, 0, 0
56704, 13651676, 0, 0, 0
56725, 87806056, 1, 0, 0
56806, 78022492, 1, 0, 0
56829, 24959453, 0, 0, 0
56937, 79495659, 1, 0, 0
56941, 11226421, 0, 0, 0
57014, 15295213, 0, 0, 0
57018, 83896229, 1, 0, 0
57107, 82325089, 1, 0, 0
57109, 19915760, 0, 0, 0
57210, 14947514, 0, 0, 0
57231, 81342312, 1, 0, 0
57318, 84328022, 1, 0, 0
57321, 16539093, 0, 0, 0
57400, 78833745, 1, 0, 0
57445, 5080590, 0, 0, 0
57511, 12726993, 0, 0, 0
57536, 84397595, 1, 0, 0
57615, 87975095, 1, 0, 0
57664, 18239844, 0, 0, 0
57704, 74541398, 1, 0, 0
57706, 1570981, 0, 0, 0
57815, 15319469, 0, 0, 0
57835, 86308503, 1, 0, 0
57915, 81335333, 1, 0, 0
57920, 14878636, 0, 0, 0
58010, 57770619, 1, 0, 0
58032, 4133394, 0, 0, 0
58104, 30565245, 1, 0, 0
58124, 4730315, 0, 0, 0
58215, 8447997, 0, 0, 0
58219, 34528588, 1, 0, 0
58308, 64129166, 1, 0, 0
58309, 10841157, 0, 0, 0
58410, 13202229, 0, 0, 0
58411, 57861973, 1, 0, 0
58504, 20932353, 0, 0, 0
58527, 68618649, 1, 0, 0
58608, 80555842, 1, 0, 0
58663, 26589103, 0, 0, 0
58740, 81541749, 1, 0, 0
58762, 20853804, 0, 0, 0
58804, 18927576, 0, 0, 0
58821, 86170323, 1, 0, 0
58906, 81179460, 1, 0, 0
58932, 25321270, 0, 0, 0
59011, 14831892, 0, 0, 0
59038, 86009850, 1, 0, 0
59106, 22169197, 0, 0, 0
59130, 87913349, 1, 0, 0
59209, 82939844, 1, 0, 0
59269, 17018832, 0, 0, 0
59305, 79846810, 1, 0, 0
59308, 12423151, 0, 0, 0
59406, 18595435, 0, 0, 0
59430, 87720186, 1, 0, 0
59520, 89078461, 1, 0, 0
59522, 13467054, 0, 0, 0
59601, 85705511, 1, 0, 0
59621, 15919798, 0, 0, 0
59711, 15779941, 0, 0, 0
59734, 80073440, 1, 0, 0
59815, 93947093, 1, 0, 0
59821, 14134872, 0, 0, 0
59901, 81625418, 1, 0, 0
59968, 20151853, 0, 0, 0
60030, 84588031, 1, 0, 0
60033, 14247980, 0, 0, 0
60107, 19478382, 0, 0, 0
60120, 80861883, 1, 0, 0
60200, 57476483, 1, 0, 0
60200, 14732247, 0, 0, 0
60323, 57030731, 1, 0, 0
60400, 12532477, 0, 0, 0
60426, 68179347, 1, 0, 0
60519, 54364622, 1, 0, 0
60546, 14304310, 0, 0, 0
60612, 58893065, 1, 0, 0
60621, 22045215, 0, 0, 0
60700, 69787969, 1, 0, 0
60711, 16419844, 0, 0, 0
60825, 14942516, 0, 0, 0
60839, 78112651, 1, 0, 0
60900, 81986283, 1, 0, 0
60909, 9953141, 0, 0, 0
61038, 26272558, 0, 0, 0
61041, 84593904, 1, 0, 0
61105, 8537394, 0, 0, 0
61125, 94601975, 1, 0, 0
61216, 82808730, 1, 0, 0
61238, 13587842, 0, 0, 0
61321, 15339811, 0, 0, 0
61339, 82328918, 1, 0, 0
61400, 4475302, 0, 0, 0
61433, 88939347, 1, 0, 0
61510, 15789200, 0, 0, 0
61515, 92507229, 1, 0, 0
61601, 81445101, 1, 0, 0
61605, 3040253, 0, 0, 0
61723, 82671889, 1, 0, 0
61726, 10591580, 0, 0, 0
61800, 8551329, 0, 0, 0
61818, 94587911, 1, 0, 0
61901, 17807559, 0, 0, 0
61909, 77102509, 1, 0, 0
62027, 34770189, 0, 0, 0
62031, 77963251, 1, 0, 0
62112, 90841449, 1, 0, 0
62116, 4601137, 0, 0, 0
62213, 78440921, 1, 0, 0
62238, 17556060, 0, 0, 0
62302, 7284172, 0, 0, 0
62309, 82055002, 1, 0, 0
62401, 31591262, 1, 0, 0
62407, 3569972, 0, 0, 0
62531, 30857911, 1, 0, 0
62579, 4974155, 0, 0, 0
62606, 40784937, 1, 0, 0
62609, 9495670, 0, 0, 0
62700, 53056200, 1, 0, 0
62705, 6755482, 0, 0, 0
62813, 50889828, 1, 0, 0
62817, 12404340, 0, 0, 0
62901, 59317790, 1, 0, 0
62913, 10369243, 0, 0, 0
63004, 75809241, 1, 0, 0
63018, 14239877, 0, 0, 0
63111, 14523232, 0, 0, 0
63129, 81942942, 1, 0, 0
63219, 77116942, 1, 0, 0
63285, 21495057, 0, 0, 0
63303, 90702366, 1, 0, 0
63326, 31144468, 0, 0, 0
63411, 17946633, 0, 0, 0
63434, 82768883, 1, 0, 0
63513, 90273195, 1, 0, 0
63517, 4057880, 0, 0, 0
63600, 80817061, 1, 0, 0
63648, 13727658, 0, 0, 0
63710, 20871374, 0, 0, 0
63730, 89314332, 1, 0, 0
63815, 76724589, 1, 0, 0
63839, 17361183, 0, 0, 0
63905, 82081654, 1, 0, 0
63927, 17444277, 0, 0, 0
64002, 86647349, 1, 0, 0
64011, 32283442, 0, 0, 0
64110, 12230690, 0, 0, 0
64110, 92242817, 1, 0, 0
64216, 80495714, 1, 0, 0
64263, 8281007, 0, 0, 0
64300, 87533958, 1, 0, 0
64406, 9207954, 0, 0, 0
64455, 82322004, 1, 0, 0
64514, 70131024, 1, 0, 0
64516, 20086127, 0, 0, 0
64603, 29559822, 1, 0, 0
64606, 4056175, 0, 0, 0
64701, 4667480, 0, 0, 0
64712, 30521460, 1, 0, 0
64806, 30152655, 1, 0, 0
64810, 5445694, 0, 0, 0
64904, 5469914, 0, 0, 0
64920, 32679105, 1, 0, 0
65005, 16838832, 0, 0, 0
65018, 62136348, 1, 0, 0
65100, 59776412, 1, 0, 0
65118, 13124346, 0, 0, 0
65209, 19052524, 0, 0, 0
65209, 63614190, 1, 0, 0
65302, 21480089, 0, 0, 0
65335, 69904514, 1, 0, 0
65413, 85016231, 1, 0, 0
65440, 24077836, 0, 0, 0
65500, 77799907, 1, 0, 0
65598, 15980227, 0, 0, 0
65610, 20332483, 0, 0, 0
65627, 88113681, 1, 0, 0
65726, 90519324, 1, 0, 0
65773, 22341467, 0, 0, 0
65806, 13676044, 0, 0, 0
65808, 87618354, 1, 0, 0
65911, 21678444, 0, 0, 0
65933, 80361863, 1, 0, 0
66011, 18257455, 0, 0, 0
66016, 80078638, 1, 0, 0
66102, 12120491, 0, 0, 0
66142, 80500730, 1, 0, 0
66210, 19881381, 0, 0, 0
66227, 83492038, 1, 0, 0
66307, 72593215, 1, 0, 0
66335, 17883310, 0, 0, 0
66442, 83004207, 1, 0, 0
66447, 5211521, 0, 0, 0
66504, 11144072, 0, 0, 0
66522, 85311211, 1, 0, 0
66608, 78406289, 1, 0, 0
66613, 15290124, 0, 0, 0
66717, 11348667, 0, 0, 0
66735, 92101605, 1, 0, 0
66806, 89150048, 1, 0, 0
66853, 17905340, 0, 0, 0
66911, 94722042, 1, 0, 0
66953, 2612708, 0, 0, 0
67019, 78252945, 1, 0, 0
67023, 15719960, 0, 0, 0
67103, 6719901, 0, 0, 0
67108, 39917559, 1, 0, 0
67202, 28900688, 1, 0, 0
67207, 3867875, 0, 0, 0
67306, 29253956, 1, 0, 0
67314, 6501202, 0, 0, 0
67422, 36383545, 1, 0, 0
67427, 10668818, 0, 0, 0
67518, 80481457, 1, 0, 0
67541, 22558123, 0, 0, 0
67606, 93338986, 1, 0, 0
67610, 12969199, 0, 0, 0
67734, 79963638, 1, 0, 0
67737, 11771755, 0, 0, 0
67801, 12379537, 0, 0, 0
67828, 90737248, 1, 0, 0
67920, 88186461, 1, 0, 0
67931, 15909900, 0, 0, 0
68000, 96324657, 1, 0, 0
68005, 6268716, 0, 0, 0
68116, 20438461, 0, 0, 0
68138, 83938937, 1, 0, 0
68213, 19066333, 0, 0, 0
68217, 81920189, 1, 0, 0
68302, 22362586, 0, 0, 0
68307, 79162440, 1, 0, 0
68404, 14802798, 0, 0, 0
68440, 90325892, 1, 0, 0
68512, 23968631, 0, 0, 0
68528, 84859744, 1, 0, 0
68604, 35370476, 0, 0, 0
68609, 79552130, 1, 0, 0
68701, 92165181, 1, 0, 0
68724, 22270522, 0, 0, 0
68806, 11331444, 0, 0, 0
68825, 78821767, 1, 0, 0
68909, 83141696, 1, 0, 0
68913, 13171256, 0, 0, 0
69010, 15463849, 0, 0, 0
69027, 76795660, 1, 0, 0
69101, 66074689, 1, 0, 0
69104, 9450855, 0, 0, 0
69211, 30933291, 1, 0, 0
69213, 3676707, 0, 0, 0
69302, 29995381, 1, 0, 0
69305, 4422152, 0, 0, 0
69401, 3493200, 0, 0, 0
69410, 28787924, 1, 0, 0
69510, 31893297, 1, 0, 0
69518, 4848582, 0, 0, 0
69603, 69888009, 1, 0, 0
69615, 15283917, 0, 0, 0
69714, 19535060, 0, 0, 0
69732, 87605325, 1, 0, 0
69824, 84015785, 1, 0, 0
69827, 15569119, 0, 0, 0
69909, 86272161, 1, 0, 0
69974, 17830767, 0, 0, 0
70000, 6844826, 0, 0, 0
70039, 84943494, 1, 0, 0
70108, 24319504, 0, 0, 0
70134, 91466129, 1, 0, 0
70200, 14961628, 0, 0, 0
70222, 93606402, 1, 0, 0
70306, 81551186, 1, 0, 0
70309, 13246637, 0, 0, 0
70427, 12252780, 0, 0, 0
70432, 86311056, 1, 0, 0
70526, 90157273, 1, 0, 0
70574, 12548825, 0, 0, 0
70613, 89880207, 1, 0, 0
70618, 12172551, 0, 0, 0
70746, 76780805, 1, 0, 0
70768, 12842813, 0, 0, 0
70824, 93248567, 1, 0, 0
70828, 13002007, 0, 0, 0
70908, 73380624, 1, 0, 0
71000, 88181970, 1, 0, 0
71060, 13176114, 0, 0, 0
71107, 23270512, 0, 0, 0
71120, 82893062, 1, 0, 0
71202, 3737989, 0, 0, 0
71214, 37640439, 1, 0, 0
71300, 33384774, 1, 0, 0
71302, 4253664, 0, 0, 0
71408, 29257136, 1, 0, 0
71410, 4404030, 0, 0, 0
71500, 30811746, 1, 0, 0
71508, 4532720, 0, 0, 0
71612, 30949755, 1, 0, 0
71637, 5129314, 0, 0, 0
71700, 7846193, 0, 0, 0
71753, 60537895, 1, 0, 0
71801, 79524600, 1, 0, 0
71825, 21971614, 0, 0, 0
71925, 88091867, 1, 0, 0
71972, 3765973, 0, 0, 0
72017, 80596778, 1, 0, 0
72028, 10947961, 0, 0, 0
72100, 92105136, 1, 0, 0
72110, 33805818, 0, 0, 0
72217, 86266061, 1, 0, 0
72220, 13893034, 0, 0, 0
72309, 108156389, 1, 0, 0
72313, 15522223, 0, 0, 0
72400, 86977260, 1, 0, 0
72402, 14186173, 0, 0, 0
72500, 21470168, 0, 0, 0
72521, 80395082, 1, 0, 0
72606, 97050738, 1, 0, 0
72610, 19512047, 0, 0, 0
72714, 20874917, 0, 0, 0
72738, 85541702, 1, 0, 0
72814, 81941013, 1, 0, 0
72839, 27737183, 0, 0, 0
72904, 22399220, 0, 0, 0
72929, 85675997, 1, 0, 0
73001, 13042625, 0, 0, 0
73028, 96895044, 1, 0, 0
73116, 44903651, 0, 0, 0
73131, 95347692, 1, 0, 0
73214, 90499666, 1, 0, 0
73224, 20492317, 0, 0, 0
73337, 98070521, 1, 0, 0
73404, 9907969, 0, 0, 0
73413, 76059941, 1, 0, 0
73505, 30473084, 1, 0, 0
73509, 4910204, 0, 0, 0
73604, 31363300, 1, 0, 0
73609, 4482914, 0, 0, 0
73702, 4119304, 0, 0, 0
73714, 31541268, 1, 0, 0
73814, 30596538, 1, 0, 0
73830, 5974934, 0, 0, 0
73910, 16382744, 0, 0, 0
73927, 42456355, 1, 0, 0
74016, 78617740, 1, 0, 0
74019, 2110699, 0, 0, 0
74113, 88727892, 1, 0, 0
74160, 11072069, 0, 0, 0
74202, 94284567, 1, 0, 0
74226, 14081966, 0, 0, 0
74310, 15744974, 0, 0, 0
74325, 85938494, 1, 0, 0
74413, 69288971, 1, 0, 0
74436, 13619833, 0, 0, 0
74507, 83211121, 1, 0, 0
74508, 22495689, 0, 0, 0
74631, 88346109, 1, 0, 0
74694, 15077365, 0, 0, 0
74711, 16162625, 0, 0, 0
74716, 87653160, 1, 0, 0
74806, 86708202, 1, 0, 0
74808, 9360835, 0, 0, 0
74908, 16972146, 0, 0, 0
74925, 79202637, 1, 0, 0
75014, 85298339, 1, 0, 0
75019, 6361908, 0, 0, 0
75139, 77655640, 1, 0, 0
75162, 14533078, 0, 0, 0
75208, 25994409, 0, 0, 0
75224, 85511707, 1, 0, 0
75303, 20359325, 0, 0, 0
75308, 76540074, 1, 0, 0
75415, 87821536, 1, 0, 0
75419, 11410003, 0, 0, 0
75502, 66116226, 1, 0, 0
75506, 7779670, 0, 0, 0
75605, 4957310, 0, 0, 0
75613, 30160505, 1, 0, 0
75709, 30013278, 1, 0, 0
75713, 4784306, 0, 0, 0
75800, 5280087, 0, 0, 0
75812, 33785064, 1, 0, 0
75905, 35771553, 1, 0, 0
75933, 4056925, 0, 0, 0
76000, 36730864, 1, 0, 0
76001, 3600429, 0, 0, 0
76127, 45373386, 1, 0, 0
76232, 114753204, 1, 0, 0
76237, 4655125, 0, 0, 0
76309, 15638797, 0, 0, 0
76330, 98310764, 1, 0, 0
76438, 101043439, 1, 0, 0
76442, 15007311, 0, 0, 0
76547, 108551260, 1, 0, 0
76551, 11618634, 0, 0, 0
76618, 109533375, 1, 0, 0
76725, 41706649, 0, 0, 0
76725, 121821613, 1, 0, 0
76801, 119038227, 1, 0, 0
76821, 14391098, 0, 0, 0
76905, 17882717, 0, 0, 0
76950, 111950772, 1, 0, 0
77023, 146882404, 1, 0, 0
77031, 16338087, 0, 0, 0
77222, 169744958, 1, 0, 0
77225, 15884296, 0, 0, 0
77310, 234781867, 1, 0, 0
77354, 18629788, 0, 0, 0
77402, 12380992, 0, 0, 0
77417, 83258591, 1, 0, 0
77520, 86650834, 1, 0, 0
77555, 24035865, 0, 0, 0
77610, 56976067, 1, 0, 0
77612, 4793032, 0, 0, 0
77701, 28616965, 1, 0, 0
77705, 4197188, 0, 0, 0
77803, 4304857, 0, 0, 0
77809, 31301924, 1, 0, 0
77903, 5061282, 0, 0, 0
77906, 31775065, 1, 0, 0
78009, 32759814, 1, 0, 0
78035, 9208432, 0, 0, 0
78118, 16602992, 0, 0, 0
78143, 54659651, 1, 0, 0
78202, 50636981, 1, 0, 0
78205, 8204299, 0, 0, 0
78315, 54908791, 1, 0, 0
78322, 9243609, 0, 0, 0
78419, 57432935, 1, 0, 0
78431, 11068644, 0, 0, 0
78521, 70278241, 1, 0, 0
78540, 22668622, 0, 0, 0
78600, 85902639, 1, 0, 0
78636, 23277235, 0, 0, 0
78726, 26193932, 0, 0, 0
78737, 77450440, 1, 0, 0
78803, 12983720, 0, 0, 0
78822, 94276841, 1, 0, 0
78907, 81307260, 1, 0, 0
78931, 16889414, 0, 0, 0
79006, 83266108, 1, 0, 0
79020, 14588443, 0, 0, 0
79111, 11936254, 0, 0, 0
79128, 84361897, 1, 0, 0
79205, 87008416, 1, 0, 0
79208, 12608977, 0, 0, 0
79331, 74359203, 1, 0, 0
79352, 13091955, 0, 0, 0
79417, 81907045, 1, 0, 0
79424, 14757207, 0, 0, 0
79501, 14528304, 0, 0, 0
79506, 85902218, 1, 0, 0
79617, 31838360, 0, 0, 0
79633, 88041354, 1, 0, 0
79716, 75136318, 1, 0, 0
79725, 15504907, 0, 0, 0
79805, 87278161, 1, 0, 0
79826, 17210352, 0, 0, 0
79920, 79788913, 1, 0, 0
79922, 12908256, 0, 0, 0
80000, 19060499, 0, 0, 0
80006, 74349722, 1, 0, 0
80133, 87583789, 1, 0, 0
80138, 12126002, 0, 0, 0
80211, 26565469, 0, 0, 0
80216, 79489204, 1, 0, 0
80305, 81272414, 1, 0, 0
80324, 18689702, 0, 0, 0
80424, 77799821, 1, 0, 0
80428, 11372534, 0, 0, 0
80521, 84185101, 1, 0, 0
80580, 12510051, 0, 0, 0
80600, 86132842, 1, 0, 0
80622, 21678112, 0, 0, 0
80706, 16016133, 0, 0, 0
80723, 78375853, 1, 0, 0
80801, 29740786, 0, 0, 0
80823, 90344943, 1, 0, 0
80908, 86779043, 1, 0, 0
80912, 17323956, 0, 0, 0
81032, 76591910, 1, 0, 0
81056, 14933649, 0, 0, 0
81120, 20932658, 0, 0, 0
81125, 84742561, 1, 0, 0
81213, 89717978, 1, 0, 0
81253, 16251934, 0, 0, 0
81303, 13960050, 0, 0, 0
81334, 86140242, 1, 0, 0
81407, 11102076, 0, 0, 0
81428, 88588683, 1, 0, 0
81503, 12007360, 0, 0, 0
81506, 75868821, 1, 0, 0
81604, 18158032, 0, 0, 0
81639, 85310697, 1, 0, 0
81702, 22681307, 0, 0, 0
81721, 82998406, 1, 0, 0
81813, 13430899, 0, 0, 0
81815, 87910942, 1, 0, 0
81903, 79299562, 1, 0, 0
81909, 11096427, 0, 0, 0
82015, 28025067, 0, 0, 0
82015, 46431215, 1, 0, 0
82109, 66295223, 1, 0, 0
82134, 14394092, 0, 0, 0
82203, 40941618, 1, 0, 0
82266, 15100788, 0, 0, 0
82328, 51761126, 1, 0, 0
82333, 5424927, 0, 0, 0
82402, 4040371, 0, 0, 0
82402, 32262473, 1, 0, 0
82504, 29179831, 1, 0, 0
82512, 5320755, 0, 0, 0
82617, 30918491, 1, 0, 0
82661, 5218679, 0, 0, 0
82700, 2343892, 0, 0, 0
82741, 70210733, 1, 0, 0
82837, 83538410, 1, 0, 0
82842, 12589254, 0, 0, 0
82906, 14385694, 0, 0, 0
82930, 96640179, 1, 0, 0
83019, 87299738, 1, 0, 0
83107, 84624897, 1, 0, 0
83130, 24130954, 0, 0, 0
83200, 25779130, 0, 0, 0
83204, 89552211, 1, 0, 0
83328, 89584131, 1, 0, 0
83420, 86971225, 1, 0, 0
83485, 5705123, 0, 0, 0
83506, 90867243, 1, 0, 0
83552, 5649221, 0, 0, 0
83625, 78918509, 1, 0, 0
83669, 2571380, 0, 0, 0
83707, 21452564, 0, 0, 0
83711, 81347918, 1, 0, 0
83841, 76208943, 1, 0, 0
83885, 9837382, 0, 0, 0
83910, 25709161, 0, 0, 0
83927, 97461309, 1, 0, 0
84013, 75010034, 1, 0, 0
84061, 12082242, 0, 0, 0
84135, 85837065, 1, 0, 0
84204, 21224101, 0, 0, 0
84223, 82450868, 1, 0, 0
84311, 62072102, 1, 0, 0
84316, 7342432, 0, 0, 0
84407, 32730187, 1, 0, 0
84413, 5311589, 0, 0, 0
84500, 28221208, 1, 0, 0
84506, 4577746, 0, 0, 0
84610, 29835556, 1, 0, 0
84612, 5156003, 0, 0, 0
84706, 30283313, 1, 0, 0
84717, 4851973, 0, 0, 0
84805, 44692494, 1, 0, 0
84843, 12140520, 0, 0, 0
84912, 18208945, 0, 0, 0
84919, 70999756, 1, 0, 0
85004, 91450863, 1, 0, 0
85014, 16247511, 0, 0, 0
85131, 14073601, 0, 0, 0
85138, 81633099, 1, 0, 0
85217, 83875327, 1, 0, 0
85237, 9931045, 0, 0, 0
85312, 78505574, 1, 0, 0
85377, 24076926, 0, 0, 0
85401, 2881261, 0, 0, 0
85434, 86461758, 1, 0, 0
85519, 78164990, 1, 0, 0
85524, 13013104, 0, 0, 0
85615, 84433397, 1, 0, 0
85636, 18147407, 0, 0, 0
85704, 90398143, 1, 0, 0
85726, 19950714, 0, 0, 0
85804, 14473901, 0, 0, 0
85823, 81496820, 1, 0, 0
85907, 36822537, 0, 0, 0
85910, 77695924, 1, 0, 0
86021, 85419020, 1, 0, 0
86021, 10837091, 0, 0, 0
86109, 9438795, 0, 0, 0
86126, 88324629, 1, 0, 0
86207, 28216315, 0, 0, 0
86212, 92329358, 1, 0, 0
86309, 85104969, 1, 0, 0
86333, 13578011, 0, 0, 0
86401, 11354181, 0, 0, 0
86412, 88305683, 1, 0, 0
86505, 32400247, 1, 0, 0
86512, 4154201, 0, 0, 0
86600, 4205611, 0, 0, 0
86617, 29814374, 1, 0, 0
86701, 4259415, 0, 0, 0
86709, 30271923, 1, 0, 0
86804, 29851470, 1, 0, 0
86840, 4025599, 0, 0, 0
86908, 30100376, 1, 0, 0
86913, 4135540, 0, 0, 0
87007, 30674206, 1, 0, 0
87009, 4292866, 0, 0, 0
87132, 37299130, 1, 0, 0
87136, 3306105, 0, 0, 0
87221, 77019015, 1, 0, 0
87223, 7211552, 0, 0, 0
87306, 85676135, 1, 0, 0
87311, 3427917, 0, 0, 0
87434, 83151515, 1, 0, 0
87458, 11169012, 0, 0, 0
87524, 87277842, 1, 0, 0
87583, 20361209, 0, 0, 0
87602, 80087562, 1, 0, 0
87625, 18839594, 0, 0, 0
87710, 81586453, 1, 0, 0
87710, 6058562, 0, 0, 0
87811, 83097377, 1, 0, 0
87818, 18195340, 0, 0, 0
87904, 5588920, 0, 0, 0
87945, 81642841, 1, 0, 0
88011, 18408275, 0, 0, 0
88028, 86950806, 1, 0, 0
88108, 78523516, 1, 0, 0
88156, 12718132, 0, 0, 0
88200, 80582683, 1, 0, 0
88223, 15231075, 0, 0, 0
88315, 14329735, 0, 0, 0
88336, 92690864, 1, 0, 0
88406, 8591921, 0, 0, 0
88422, 87210175, 1, 0, 0
88504, 79897486, 1, 0, 0
88526, 12485913, 0, 0, 0
88609, 86951733, 1, 0, 0
88646, 14146227, 0, 0, 0
88710, 74538684, 1, 0, 0
88713, 7513502, 0, 0, 0
88812, 9689831, 0, 0, 0
88824, 68070758, 1, 0, 0
88922, 52131634, 1, 0, 0
88933, 11015710, 0, 0, 0
89011, 42935574, 1, 0, 0
89038, 11788019, 0, 0, 0
89126, 43119387, 1, 0, 0
89127, 12497418, 0, 0, 0
89202, 7138506, 0, 0, 0
89247, 60204610, 1, 0, 0
89317, 21676061, 0, 0, 0
89333, 56322538, 1, 0, 0
89424, 84071412, 1, 0, 0
89446, 19374401, 0, 0, 0
89503, 85202697, 1, 0, 0
89552, 16766661, 0, 0, 0
89617, 22335488, 0, 0, 0
89634, 86378029, 1, 0, 0
89714, 76261525, 1, 0, 0
89719, 9533513, 0, 0, 0
89805, 89148094, 1, 0, 0
89841, 16934034, 0, 0, 0
89911, 20542161, 0, 0, 0
89932, 82787891, 1, 0, 0
90014, 83002987, 1, 0, 0
90052, 14002344, 0, 0, 0
90052, 87645817, 1, 0, 0
