101, 8778, 0, 0, 0
203, 8702, 0, 0, 0
302, 6736, 0, 0, 0
402, 6891, 0, 0, 0
501, 8781, 0, 0, 0
604, 7365, 0, 0, 0
703, 7661, 0, 0, 0
804, 7927, 0, 0, 0
902, 8184, 0, 0, 0
1000, 9232, 0, 0, 0
1100, 7483, 0, 0, 0
1202, 7360, 0, 0, 0
1300, 7535, 0, 0, 0
1402, 9024, 0, 0, 0
1501, 8657, 0, 0, 0
1600, 8501, 0, 0, 0
1701, 9173, 0, 0, 0
1806, 8238, 0, 0, 0
1905, 7739, 0, 0, 0
2004, 8163, 0, 0, 0
2101, 9014, 0, 0, 0
2203, 8815, 0, 0, 0
2300, 7680, 0, 0, 0
2403, 8640, 0, 0, 0
2505, 8346, 0, 0, 0
2600, 7652, 0, 0, 0
2705, 9127, 0, 0, 0
2800, 7214, 0, 0, 0
2902, 7689, 0, 0, 0
3000, 7742, 0, 0, 0
3102, 7469, 0, 0, 0
3203, 9160, 0, 0, 0
3302, 8647, 0, 0, 0
3403, 7673, 0, 0, 0
3506, 7990, 0, 0, 0
3602, 8096, 0, 0, 0
3703, 9051, 0, 0, 0
3801, 7549, 0, 0, 0
3900, 7493, 0, 0, 0
4002, 7837, 0, 0, 0
4100, 7625, 0, 0, 0
4200, 8549, 0, 0, 0
4303, 8169, 0, 0, 0
4401, 7634, 0, 0, 0
4503, 7448, 0, 0, 0
4603, 7694, 0, 0, 0
4700, 7842, 0, 0, 0
4807, 9145, 0, 0, 0
4900, 7969, 0, 0, 0
5001, 9207, 0, 0, 0
5102, 8398, 0, 0, 0
5203, 8889, 0, 0, 0
5300, 7305, 0, 0, 0
5401, 8500, 0, 0, 0
5505, 7746, 0, 0, 0
5600, 8099, 0, 0, 0
5704, 8026, 0, 0, 0
5805, 8270, 0, 0, 0
5900, 8428, 0, 0, 0
6001, 8450, 0, 0, 0
6100, 8351, 0, 0, 0
6200, 8430, 0, 0, 0
6300, 7878, 0, 0, 0
6403, 8543, 0, 0, 0
6501, 8120, 0, 0, 0
6601, 8546, 0, 0, 0
6702, 8355, 0, 0, 0
6810, 8533, 0, 0, 0
6903, 8561, 0, 0, 0
7002, 7438, 0, 0, 0
7103, 8014, 0, 0, 0
7201, 8499, 0, 0, 0
7305, 9255, 0, 0, 0
7400, 10352, 0, 0, 0
7504, 8763, 0, 0, 0
7605, 6853, 0, 0, 0
7701, 7428, 0, 0, 0
7801, 7283, 0, 0, 0
7903, 7602, 0, 0, 0
8000, 6624, 0, 0, 0
8102, 8202, 0, 0, 0
8208, 8517, 0, 0, 0
8310, 8779, 0, 0, 0
8402, 8629, 0, 0, 0
8502, 7604, 0, 0, 0
8606, 7284, 0, 0, 0
8708, 7760, 0, 0, 0
8809, 7900, 0, 0, 0
8902, 8190, 0, 0, 0
9001, 8459, 0, 0, 0
9101, 7155, 0, 0, 0
9200, 7906, 0, 0, 0
9300, 7453, 0, 0, 0
9407, 8051, 0, 0, 0
9504, 7751, 0, 0, 0
9600, 7612, 0, 0, 0
9705, 8255, 0, 0, 0
9802, 8203, 0, 0, 0
9901, 8445, 0, 0, 0
10001, 8530, 0, 0, 0
10110, 9291, 0, 0, 0
10204, 7979, 0, 0, 0
10302, 9785, 0, 0, 0
10400, 8172, 0, 0, 0
10503, 8528, 0, 0, 0
10604, 8879, 0, 0, 0
10703, 7659, 0, 0, 0
10805, 7787, 0, 0, 0
10905, 8046, 0, 0, 0
11000, 8605, 0, 0, 0
11102, 8142, 0, 0, 0
11200, 8194, 0, 0, 0
11300, 9558, 0, 0, 0
11407, 9623, 0, 0, 0
11506, 8896, 0, 0, 0
11607, 8767, 0, 0, 0
11700, 10528, 0, 0, 0
11802, 9693, 0, 0, 0
11906, 8193, 0, 0, 0
12000, 9294, 0, 0, 0
12101, 9082, 0, 0, 0
12206, 9364, 0, 0, 0
12302, 8230, 0, 0, 0
12408, 8384, 0, 0, 0
12507, 7860, 0, 0, 0
12600, 7783, 0, 0, 0
12704, 7558, 0, 0, 0
12803, 7375, 0, 0, 0
12904, 7527, 0, 0, 0
13001, 7966, 0, 0, 0
13110, 7841, 0, 0, 0
13203, 6935, 0, 0, 0
13301, 7946, 0, 0, 0
13402, 6910, 0, 0, 0
13503, 7256, 0, 0, 0
13602, 6165, 0, 0, 0
13702, 6839, 0, 0, 0
13801, 7366, 0, 0, 0
13900, 8179, 0, 0, 0
14003, 8670, 0, 0, 0
14102, 7822, 0, 0, 0
14203, 7651, 0, 0, 0
14301, 8796, 0, 0, 0
14403, 9237, 0, 0, 0
14503, 8862, 0, 0, 0
14607, 8948, 0, 0, 0
14704, 7676, 0, 0, 0
14802, 8336, 0, 0, 0
14904, 7700, 0, 0, 0
15006, 7459, 0, 0, 0
15103, 8135, 0, 0, 0
15204, 7896, 0, 0, 0
15304, 9055, 0, 0, 0
15405, 9314, 0, 0, 0
15506, 8140, 0, 0, 0
15602, 8269, 0, 0, 0
15702, 7542, 0, 0, 0
15801, 7666, 0, 0, 0
15900, 7873, 0, 0, 0
16003, 7689, 0, 0, 0
16105, 7351, 0, 0, 0
16200, 6963, 0, 0, 0
16301, 8709, 0, 0, 0
16406, 8697, 0, 0, 0
16502, 10231, 0, 0, 0
16600, 8954, 0, 0, 0
16701, 8112, 0, 0, 0
16800, 7636, 0, 0, 0
16900, 7958, 0, 0, 0
17000, 8980, 0, 0, 0
17104, 8652, 0, 0, 0
17203, 8411, 0, 0, 0
17300, 7955, 0, 0, 0
17402, 7804, 0, 0, 0
17503, 7153, 0, 0, 0
17602, 7644, 0, 0, 0
17700, 8065, 0, 0, 0
17800, 7365, 0, 0, 0
17902, 7639, 0, 0, 0
18000, 8755, 0, 0, 0
18103, 8798, 0, 0, 0
18206, 7821, 0, 0, 0
18301, 7873, 0, 0, 0
18402, 7178, 0, 0, 0
18500, 8163, 0, 0, 0
18606, 9119, 0, 0, 0
18703, 9286, 0, 0, 0
18807, 8313, 0, 0, 0
18900, 8434, 0, 0, 0
19002, 7297, 0, 0, 0
19100, 7431, 0, 0, 0
19201, 8423, 0, 0, 0
19300, 8942, 0, 0, 0
19400, 8514, 0, 0, 0
19501, 9040, 0, 0, 0
19602, 7651, 0, 0, 0
19700, 8884, 0, 0, 0
19804, 8695, 0, 0, 0
19904, 8654, 0, 0, 0
20001, 7004, 0, 0, 0
20100, 7146, 0, 0, 0
20202, 7765, 0, 0, 0
20303, 8270, 0, 0, 0
20404, 9084, 0, 0, 0
20502, 7958, 0, 0, 0
20601, 8235, 0, 0, 0
20703, 7825, 0, 0, 0
20800, 8801, 0, 0, 0
20903, 8312, 0, 0, 0
21005, 8009, 0, 0, 0
21105, 8727, 0, 0, 0
21200, 9586, 0, 0, 0
21301, 8842, 0, 0, 0
21401, 7537, 0, 0, 0
21502, 8919, 0, 0, 0
21607, 8907, 0, 0, 0
21700, 7588, 0, 0, 0
21807, 7430, 0, 0, 0
21902, 7416, 0, 0, 0
22000, 7962, 0, 0, 0
22107, 8502, 0, 0, 0
22200, 7649, 0, 0, 0
22305, 8372, 0, 0, 0
22400, 7813, 0, 0, 0
22500, 7537, 0, 0, 0
22602, 7794, 0, 0, 0
22701, 7882, 0, 0, 0
22800, 8906, 0, 0, 0
22903, 8535, 0, 0, 0
23000, 8214, 0, 0, 0
23102, 8440, 0, 0, 0
23201, 8417, 0, 0, 0
23301, 8156, 0, 0, 0
23403, 7812, 0, 0, 0
23504, 7983, 0, 0, 0
23603, 7500, 0, 0, 0
23700, 8229, 0, 0, 0
23803, 7771, 0, 0, 0
23903, 8317, 0, 0, 0
24001, 8173, 0, 0, 0
24100, 8201, 0, 0, 0
24206, 7867, 0, 0, 0
24300, 8745, 0, 0, 0
24408, 7183, 0, 0, 0
24500, 8284, 0, 0, 0
24602, 8244, 0, 0, 0
24706, 8364, 0, 0, 0
24800, 7752, 0, 0, 0
24901, 8148, 0, 0, 0
25008, 8564, 0, 0, 0
25100, 7729, 0, 0, 0
25206, 7798, 0, 0, 0
25306, 7798, 0, 0, 0
25402, 7749, 0, 0, 0
25502, 7102, 0, 0, 0
25600, 7330, 0, 0, 0
25700, 8083, 0, 0, 0
25800, 7993, 0, 0, 0
25903, 7618, 0, 0, 0
26002, 7395, 0, 0, 0
26100, 7460, 0, 0, 0
26202, 7673, 0, 0, 0
26302, 7888, 0, 0, 0
26404, 7433, 0, 0, 0
26500, 8106, 0, 0, 0
26603, 7855, 0, 0, 0
26713, 7604, 0, 0, 0
26800, 7276, 0, 0, 0
26903, 7409, 0, 0, 0
27000, 8118, 0, 0, 0
27105, 7812, 0, 0, 0
27204, 8755, 0, 0, 0
27302, 7734, 0, 0, 0
27400, 7717, 0, 0, 0
27501, 7341, 0, 0, 0
27607, 7949, 0, 0, 0
27701, 6966, 0, 0, 0
27803, 7600, 0, 0, 0
27903, 8557, 0, 0, 0
28000, 7785, 0, 0, 0
28101, 7781, 0, 0, 0
28210, 7913, 0, 0, 0
28309, 7576, 0, 0, 0
28400, 8339, 0, 0, 0
28505, 7224, 0, 0, 0
28605, 7741, 0, 0, 0
28702, 8341, 0, 0, 0
28801, 7930, 0, 0, 0
28903, 7467, 0, 0, 0
29004, 8850, 0, 0, 0
29103, 8165, 0, 0, 0
29204, 8377, 0, 0, 0
29304, 7705, 0, 0, 0
29400, 8429, 0, 0, 0
29500, 8098, 0, 0, 0
29602, 8702, 0, 0, 0
29703, 8973, 0, 0, 0
29808, 6688, 0, 0, 0
29909, 7829, 0, 0, 0
30000, 7842, 0, 0, 0
30100, 8901, 0, 0, 0
30201, 7443, 0, 0, 0
30302, 8533, 0, 0, 0
30401, 7780, 0, 0, 0
30501, 7769, 0, 0, 0
30602, 7401, 0, 0, 0
30702, 7810, 0, 0, 0
30801, 7984, 0, 0, 0
30908, 8087, 0, 0, 0
31001, 7525, 0, 0, 0
31100, 7097, 0, 0, 0
31208, 7829, 0, 0, 0
31310, 8839, 0, 0, 0
31400, 8765, 0, 0, 0
31503, 8306, 0, 0, 0
31607, 6935, 0, 0, 0
31704, 7773, 0, 0, 0
31800, 8867, 0, 0, 0
31900, 9511, 0, 0, 0
32005, 9731, 0, 0, 0
32102, 9262, 0, 0, 0
32204, 8601, 0, 0, 0
32301, 8077, 0, 0, 0
32402, 8944, 0, 0, 0
32502, 9184, 0, 0, 0
32607, 9322, 0, 0, 0
32700, 8507, 0, 0, 0
32809, 9519, 0, 0, 0
32902, 7333, 0, 0, 0
33000, 7983, 0, 0, 0
33104, 8165, 0, 0, 0
33201, 8529, 0, 0, 0
33309, 8038, 0, 0, 0
33406, 7793, 0, 0, 0
33501, 6808, 0, 0, 0
33604, 7938, 0, 0, 0
33703, 6911, 0, 0, 0
33801, 7594, 0, 0, 0
33904, 8748, 0, 0, 0
34010, 8107, 0, 0, 0
34103, 7670, 0, 0, 0
34200, 7326, 0, 0, 0
34310, 8183, 0, 0, 0
34400, 7285, 0, 0, 0
34500, 7327, 0, 0, 0
34600, 7405, 0, 0, 0
34700, 7083, 0, 0, 0
34807, 7480, 0, 0, 0
34904, 9070, 0, 0, 0
35003, 7368, 0, 0, 0
35102, 7395, 0, 0, 0
35202, 7916, 0, 0, 0
35301, 8418, 0, 0, 0
35410, 7549, 0, 0, 0
35500, 7899, 0, 0, 0
35608, 7553, 0, 0, 0
35704, 7685, 0, 0, 0
35800, 8252, 0, 0, 0
35900, 6760, 0, 0, 0
36003, 6851, 0, 0, 0
36101, 8019, 0, 0, 0
36207, 8180, 0, 0, 0
36300, 8496, 0, 0, 0
36410, 7717, 0, 0, 0
36500, 7666, 0, 0, 0
36602, 8420, 0, 0, 0
36702, 9263, 0, 0, 0
36801, 8235, 0, 0, 0
36903, 7432, 0, 0, 0
37000, 8198, 0, 0, 0
37102, 7487, 0, 0, 0
37203, 8147, 0, 0, 0
37300, 7604, 0, 0, 0
37408, 9138, 0, 0, 0
37503, 7874, 0, 0, 0
37602, 8422, 0, 0, 0
37705, 7805, 0, 0, 0
37800, 7812, 0, 0, 0
37908, 7667, 0, 0, 0
38007, 7639, 0, 0, 0
38103, 7761, 0, 0, 0
38206, 7610, 0, 0, 0
38306, 7165, 0, 0, 0
38400, 8596, 0, 0, 0
38502, 8033, 0, 0, 0
38602, 7666, 0, 0, 0
38701, 9429, 0, 0, 0
38807, 8690, 0, 0, 0
38904, 8563, 0, 0, 0
39005, 8215, 0, 0, 0
39103, 8651, 0, 0, 0
39207, 9408, 0, 0, 0
39309, 9740, 0, 0, 0
39404, 8515, 0, 0, 0
39508, 8012, 0, 0, 0
39600, 8153, 0, 0, 0
39705, 8968, 0, 0, 0
39803, 8556, 0, 0, 0
39900, 7371, 0, 0, 0
40005, 7423, 0, 0, 0
40105, 7752, 0, 0, 0
40201, 8095, 0, 0, 0
40308, 8404, 0, 0, 0
40405, 8448, 0, 0, 0
40501, 8959, 0, 0, 0
40600, 7629, 0, 0, 0
40705, 8043, 0, 0, 0
40803, 7303, 0, 0, 0
40905, 8492, 0, 0, 0
41000, 7023, 0, 0, 0
41109, 8050, 0, 0, 0
41206, 8651, 0, 0, 0
41301, 7573, 0, 0, 0
41402, 8908, 0, 0, 0
41502, 9003, 0, 0, 0
41602, 8643, 0, 0, 0
41709, 8146, 0, 0, 0
41803, 7685, 0, 0, 0
41900, 7879, 0, 0, 0
42006, 7789, 0, 0, 0
42100, 7232, 0, 0, 0
42207, 7455, 0, 0, 0
42303, 7682, 0, 0, 0
42403, 7852, 0, 0, 0
42509, 8737, 0, 0, 0
42603, 7942, 0, 0, 0
42701, 7801, 0, 0, 0
42802, 7887, 0, 0, 0
42907, 8369, 0, 0, 0
43002, 7564, 0, 0, 0
43106, 8025, 0, 0, 0
43209, 7871, 0, 0, 0
43300, 7775, 0, 0, 0
43403, 7623, 0, 0, 0
43503, 7914, 0, 0, 0
43601, 7461, 0, 0, 0
43701, 7057, 0, 0, 0
43801, 7338, 0, 0, 0
43900, 7603, 0, 0, 0
44000, 8276, 0, 0, 0
44101, 7924, 0, 0, 0
44201, 7804, 0, 0, 0
44303, 7921, 0, 0, 0
44402, 7232, 0, 0, 0
44500, 7394, 0, 0, 0
44600, 8602, 0, 0, 0
44701, 7967, 0, 0, 0
44805, 8312, 0, 0, 0
44907, 8415, 0, 0, 0
45002, 8201, 0, 0, 0
45108, 8344, 0, 0, 0
45205, 7208, 0, 0, 0
45307, 7934, 0, 0, 0
45404, 8065, 0, 0, 0
45505, 7530, 0, 0, 0
45600, 8452, 0, 0, 0
45700, 6886, 0, 0, 0
45800, 8268, 0, 0, 0
45901, 9081, 0, 0, 0
46002, 8220, 0, 0, 0
46104, 8372, 0, 0, 0
46200, 7622, 0, 0, 0
46301, 8099, 0, 0, 0
46403, 7658, 0, 0, 0
46514, 7872, 0, 0, 0
46601, 8129, 0, 0, 0
46700, 7933, 0, 0, 0
46800, 7521, 0, 0, 0
46902, 8316, 0, 0, 0
47005, 8072, 0, 0, 0
47108, 8114, 0, 0, 0
47202, 7037, 0, 0, 0
47301, 7434, 0, 0, 0
47400, 7635, 0, 0, 0
47501, 8648, 0, 0, 0
47604, 8697, 0, 0, 0
47700, 9225, 0, 0, 0
47801, 6987, 0, 0, 0
47906, 7525, 0, 0, 0
48011, 7519, 0, 0, 0
48104, 7558, 0, 0, 0
48202, 7478, 0, 0, 0
48300, 7535, 0, 0, 0
48401, 8411, 0, 0, 0
48501, 8920, 0, 0, 0
48602, 8705, 0, 0, 0
48700, 6796, 0, 0, 0
48808, 8158, 0, 0, 0
48900, 8103, 0, 0, 0
49003, 7455, 0, 0, 0
49108, 8506, 0, 0, 0
49200, 8048, 0, 0, 0
49304, 8645, 0, 0, 0
49403, 8501, 0, 0, 0
49501, 8631, 0, 0, 0
49601, 11643, 0, 0, 0
49700, 8054, 0, 0, 0
49807, 8555, 0, 0, 0
49901, 9088, 0, 0, 0
50004, 7675, 0, 0, 0
50102, 8203, 0, 0, 0
50201, 8148, 0, 0, 0
50302, 9342, 0, 0, 0
50401, 7582, 0, 0, 0
50500, 8593, 0, 0, 0
50604, 8312, 0, 0, 0
50700, 7326, 0, 0, 0
50801, 7884, 0, 0, 0
50902, 8605, 0, 0, 0
51000, 7579, 0, 0, 0
51107, 7647, 0, 0, 0
51203, 8549, 0, 0, 0
51305, 8220, 0, 0, 0
51400, 6894, 0, 0, 0
51500, 7243, 0, 0, 0
51601, 8779, 0, 0, 0
51701, 7662, 0, 0, 0
51800, 7829, 0, 0, 0
51900, 7317, 0, 0, 0
52001, 6976, 0, 0, 0
52103, 8509, 0, 0, 0
52200, 7091, 0, 0, 0
52317, 8801, 0, 0, 0
52400, 7137, 0, 0, 0
52500, 7533, 0, 0, 0
52602, 7726, 0, 0, 0
52700, 6957, 0, 0, 0
52803, 7568, 0, 0, 0
52911, 7621, 0, 0, 0
53004, 8217, 0, 0, 0
53105, 9034, 0, 0, 0
53200, 9148, 0, 0, 0
53306, 9083, 0, 0, 0
53401, 10873, 0, 0, 0
53503, 10848, 0, 0, 0
53600, 10766, 0, 0, 0
53701, 7800, 0, 0, 0
53802, 8077, 0, 0, 0
53904, 7562, 0, 0, 0
54000, 7909, 0, 0, 0
54101, 7336, 0, 0, 0
54205, 7940, 0, 0, 0
54302, 7636, 0, 0, 0
54401, 7681, 0, 0, 0
54500, 8072, 0, 0, 0
54603, 8216, 0, 0, 0
54705, 8197, 0, 0, 0
54802, 7715, 0, 0, 0
54902, 8332, 0, 0, 0
55001, 9712, 0, 0, 0
55100, 7588, 0, 0, 0
55206, 8476, 0, 0, 0
55301, 7891, 0, 0, 0
55400, 8310, 0, 0, 0
55502, 8616, 0, 0, 0
55601, 9643, 0, 0, 0
55700, 8666, 0, 0, 0
55802, 7844, 0, 0, 0
55911, 7908, 0, 0, 0
56004, 8740, 0, 0, 0
56105, 7771, 0, 0, 0
56206, 6867, 0, 0, 0
56300, 7703, 0, 0, 0
56401, 7720, 0, 0, 0
56506, 8052, 0, 0, 0
56607, 9135, 0, 0, 0
56705, 7781, 0, 0, 0
56800, 8554, 0, 0, 0
56902, 8112, 0, 0, 0
57000, 7130, 0, 0, 0
57101, 8958, 0, 0, 0
57200, 8321, 0, 0, 0
57304, 7573, 0, 0, 0
57406, 8007, 0, 0, 0
57500, 7809, 0, 0, 0
57601, 8055, 0, 0, 0
57710, 9373, 0, 0, 0
57801, 7269, 0, 0, 0
57900, 8043, 0, 0, 0
58014, 7966, 0, 0, 0
58100, 8321, 0, 0, 0
58206, 7692, 0, 0, 0
58305, 7093, 0, 0, 0
58402, 7286, 0, 0, 0
58501, 7962, 0, 0, 0
58604, 7278, 0, 0, 0
58700, 7304, 0, 0, 0
58804, 8561, 0, 0, 0
58904, 7984, 0, 0, 0
59008, 7101, 0, 0, 0
59100, 6644, 0, 0, 0
59201, 6772, 0, 0, 0
59302, 7320, 0, 0, 0
59402, 7540, 0, 0, 0
59507, 8151, 0, 0, 0
59604, 7633, 0, 0, 0
59703, 8194, 0, 0, 0
59801, 7765, 0, 0, 0
59901, 7441, 0, 0, 0
60003, 7986, 0, 0, 0
