250, 403456, 0, 0, 0
350, 445440, 0, 0, 0
450, 455680, 0, 0, 0
550, 465920, 0, 0, 0
650, 496640, 0, 0, 0
749, 444767, 0, 0, 0
849, 465920, 0, 0, 0
949, 440320, 0, 0, 0
1050, 394240, 0, 0, 0
1150, 445440, 0, 0, 0
1249, 418909, 0, 0, 0
1349, 460800, 0, 0, 0
1449, 486400, 0, 0, 0
1549, 424960, 0, 0, 0
1649, 445440, 0, 0, 0
1749, 430080, 0, 0, 0
1849, 414720, 0, 0, 0
1950, 404480, 0, 0, 0
2050, 419840, 0, 0, 0
2150, 455680, 0, 0, 0
2249, 408565, 0, 0, 0
2349, 440320, 0, 0, 0
2449, 440320, 0, 0, 0
2549, 445440, 0, 0, 0
2649, 440320, 0, 0, 0
2749, 435200, 0, 0, 0
2849, 424960, 0, 0, 0
2950, 440320, 0, 0, 0
3050, 460800, 0, 0, 0
3150, 435200, 0, 0, 0
3249, 418909, 0, 0, 0
3349, 491520, 0, 0, 0
3449, 435200, 0, 0, 0
3549, 404480, 0, 0, 0
3649, 430080, 0, 0, 0
3749, 471040, 0, 0, 0
3849, 460800, 0, 0, 0
3950, 450560, 0, 0, 0
4050, 445440, 0, 0, 0
4150, 409600, 0, 0, 0
4249, 455111, 0, 0, 0
4349, 430080, 0, 0, 0
4449, 460800, 0, 0, 0
4549, 450560, 0, 0, 0
4649, 450560, 0, 0, 0
4749, 435200, 0, 0, 0
4849, 471040, 0, 0, 0
4950, 450560, 0, 0, 0
5050, 419840, 0, 0, 0
5150, 404480, 0, 0, 0
5249, 465454, 0, 0, 0
5349, 445440, 0, 0, 0
5449, 424960, 0, 0, 0
5549, 455680, 0, 0, 0
5649, 460800, 0, 0, 0
5749, 476160, 0, 0, 0
5849, 435200, 0, 0, 0
5950, 445440, 0, 0, 0
6050, 435200, 0, 0, 0
6150, 450560, 0, 0, 0
6249, 408565, 0, 0, 0
6349, 435200, 0, 0, 0
6449, 389120, 0, 0, 0
6549, 496640, 0, 0, 0
6649, 460800, 0, 0, 0
6749, 450560, 0, 0, 0
6850, 445440, 0, 0, 0
6950, 424960, 0, 0, 0
7050, 476160, 0, 0, 0
7150, 435200, 0, 0, 0
7249, 449939, 0, 0, 0
7349, 440320, 0, 0, 0
7449, 460800, 0, 0, 0
7549, 486400, 0, 0, 0
7649, 491520, 0, 0, 0
7750, 471040, 0, 0, 0
7850, 424960, 0, 0, 0
7950, 414720, 0, 0, 0
8050, 450560, 0, 0, 0
8150, 486400, 0, 0, 0
8249, 439595, 0, 0, 0
8349, 440320, 0, 0, 0
8449, 414720, 0, 0, 0
8549, 430080, 0, 0, 0
8650, 471040, 0, 0, 0
8749, 449939, 0, 0, 0
8849, 343040, 0, 0, 0
8949, 450560, 0, 0, 0
9049, 476160, 0, 0, 0
9149, 476160, 0, 0, 0
9249, 460800, 0, 0, 0
9349, 419840, 0, 0, 0
9449, 486400, 0, 0, 0
9550, 419840, 0, 0, 0
9650, 430080, 0, 0, 0
9749, 413737, 0, 0, 0
9849, 465920, 0, 0, 0
9949, 450560, 0, 0, 0
10049, 476160, 0, 0, 0
10149, 445440, 0, 0, 0
10249, 445440, 0, 0, 0
10349, 430080, 0, 0, 0
10449, 460800, 0, 0, 0
10550, 465920, 0, 0, 0
10650, 512000, 0, 0, 0
10749, 408565, 0, 0, 0
10849, 486400, 0, 0, 0
10949, 465920, 0, 0, 0
11049, 445440, 0, 0, 0
11149, 471040, 0, 0, 0
11249, 430080, 0, 0, 0
11349, 404480, 0, 0, 0
11450, 440320, 0, 0, 0
11550, 445440, 0, 0, 0
11650, 460800, 0, 0, 0
11749, 465454, 0, 0, 0
11849, 465920, 0, 0, 0
11949, 373760, 0, 0, 0
12049, 445440, 0, 0, 0
12149, 460800, 0, 0, 0
12249, 440320, 0, 0, 0
12349, 440320, 0, 0, 0
12450, 460800, 0, 0, 0
12550, 460800, 0, 0, 0
12650, 445440, 0, 0, 0
12749, 444767, 0, 0, 0
12849, 465920, 0, 0, 0
12949, 445440, 0, 0, 0
13049, 481280, 0, 0, 0
13149, 445440, 0, 0, 0
13249, 450560, 0, 0, 0
13350, 419840, 0, 0, 0
13450, 419840, 0, 0, 0
13550, 440320, 0, 0, 0
13650, 399360, 0, 0, 0
13749, 470626, 0, 0, 0
13849, 343040, 0, 0, 0
13949, 424960, 0, 0, 0
14049, 424960, 0, 0, 0
14149, 404480, 0, 0, 0
14250, 373760, 0, 0, 0
14350, 384000, 0, 0, 0
14450, 368640, 0, 0, 0
14550, 450560, 0, 0, 0
14650, 445440, 0, 0, 0
14749, 449939, 0, 0, 0
14849, 471040, 0, 0, 0
14949, 460800, 0, 0, 0
15049, 465920, 0, 0, 0
15150, 450560, 0, 0, 0
15250, 465920, 0, 0, 0
15350, 450560, 0, 0, 0
15450, 435200, 0, 0, 0
15550, 414720, 0, 0, 0
15650, 404480, 0, 0, 0
15749, 429252, 0, 0, 0
15849, 460800, 0, 0, 0
15949, 409600, 0, 0, 0
16050, 455680, 0, 0, 0
16150, 471040, 0, 0, 0
16249, 434424, 0, 0, 0
16349, 440320, 0, 0, 0
16449, 430080, 0, 0, 0
16549, 455680, 0, 0, 0
16649, 435200, 0, 0, 0
16749, 435200, 0, 0, 0
16849, 435200, 0, 0, 0
16949, 430080, 0, 0, 0
17050, 476160, 0, 0, 0
17150, 455680, 0, 0, 0
17249, 424080, 0, 0, 0
17349, 394240, 0, 0, 0
17449, 430080, 0, 0, 0
17549, 424960, 0, 0, 0
17649, 424960, 0, 0, 0
17749, 450560, 0, 0, 0
17850, 435200, 0, 0, 0
17950, 455680, 0, 0, 0
18050, 435200, 0, 0, 0
18150, 440320, 0, 0, 0
18249, 475797, 0, 0, 0
18349, 409600, 0, 0, 0
18449, 455680, 0, 0, 0
18549, 440320, 0, 0, 0
18649, 460800, 0, 0, 0
18750, 522240, 0, 0, 0
18850, 281600, 0, 0, 0
18950, 363520, 0, 0, 0
19050, 430080, 0, 0, 0
19150, 384000, 0, 0, 0
19249, 455111, 0, 0, 0
19349, 460800, 0, 0, 0
19449, 471040, 0, 0, 0
19550, 440320, 0, 0, 0
19650, 460800, 0, 0, 0
19749, 501656, 0, 0, 0
19849, 389120, 0, 0, 0
19949, 291840, 0, 0, 0
20049, 435200, 0, 0, 0
20149, 455680, 0, 0, 0
20249, 430080, 0, 0, 0
20349, 435200, 0, 0, 0
20449, 394240, 0, 0, 0
20550, 399360, 0, 0, 0
20650, 455680, 0, 0, 0
20749, 460282, 0, 0, 0
20849, 445440, 0, 0, 0
20949, 460800, 0, 0, 0
21049, 496640, 0, 0, 0
21149, 496640, 0, 0, 0
21249, 476160, 0, 0, 0
21349, 399360, 0, 0, 0
21449, 455680, 0, 0, 0
21550, 399360, 0, 0, 0
21650, 460800, 0, 0, 0
21749, 444767, 0, 0, 0
21849, 450560, 0, 0, 0
21949, 455680, 0, 0, 0
22049, 496640, 0, 0, 0
22149, 435200, 0, 0, 0
22249, 409600, 0, 0, 0
22349, 471040, 0, 0, 0
22449, 445440, 0, 0, 0
22550, 430080, 0, 0, 0
22650, 435200, 0, 0, 0
22749, 439595, 0, 0, 0
22849, 430080, 0, 0, 0
22949, 384000, 0, 0, 0
23049, 465920, 0, 0, 0
23149, 430080, 0, 0, 0
23249, 414720, 0, 0, 0
23349, 404480, 0, 0, 0
23449, 404480, 0, 0, 0
23550, 476160, 0, 0, 0
23650, 486400, 0, 0, 0
23749, 496484, 0, 0, 0
23849, 419840, 0, 0, 0
23949, 404480, 0, 0, 0
24049, 486400, 0, 0, 0
24149, 491520, 0, 0, 0
24249, 460800, 0, 0, 0
24349, 419840, 0, 0, 0
24450, 460800, 0, 0, 0
24550, 471040, 0, 0, 0
24650, 455680, 0, 0, 0
24749, 449939, 0, 0, 0
24849, 465920, 0, 0, 0
24949, 471040, 0, 0, 0
25049, 460800, 0, 0, 0
25149, 471040, 0, 0, 0
25249, 419840, 0, 0, 0
25350, 424960, 0, 0, 0
25450, 440320, 0, 0, 0
25550, 465920, 0, 0, 0
25650, 409600, 0, 0, 0
25749, 398222, 0, 0, 0
25849, 404480, 0, 0, 0
25949, 424960, 0, 0, 0
26049, 460800, 0, 0, 0
26149, 481280, 0, 0, 0
26250, 455680, 0, 0, 0
26350, 445440, 0, 0, 0
26450, 440320, 0, 0, 0
26550, 435200, 0, 0, 0
26650, 445440, 0, 0, 0
26749, 449939, 0, 0, 0
26849, 471040, 0, 0, 0
26949, 440320, 0, 0, 0
27050, 435200, 0, 0, 0
27150, 440320, 0, 0, 0
27249, 480969, 0, 0, 0
27349, 424960, 0, 0, 0
27449, 455680, 0, 0, 0
27549, 455680, 0, 0, 0
27649, 430080, 0, 0, 0
27749, 430080, 0, 0, 0
27849, 465920, 0, 0, 0
27949, 440320, 0, 0, 0
28050, 455680, 0, 0, 0
28150, 445440, 0, 0, 0
28249, 470626, 0, 0, 0
28349, 450560, 0, 0, 0
28449, 440320, 0, 0, 0
28549, 424960, 0, 0, 0
28649, 440320, 0, 0, 0
28749, 450560, 0, 0, 0
28850, 430080, 0, 0, 0
28950, 363520, 0, 0, 0
29050, 414720, 0, 0, 0
29150, 460800, 0, 0, 0
29249, 413737, 0, 0, 0
29349, 522240, 0, 0, 0
29449, 409600, 0, 0, 0
29549, 384000, 0, 0, 0
29649, 358400, 0, 0, 0
29750, 378880, 0, 0, 0
29850, 404480, 0, 0, 0
29950, 419840, 0, 0, 0
30050, 445440, 0, 0, 0
30150, 445440, 0, 0, 0
30249, 455111, 0, 0, 0
30349, 440320, 0, 0, 0
30449, 460800, 0, 0, 0
30549, 491520, 0, 0, 0
30649, 384000, 0, 0, 0
30750, 394240, 0, 0, 0
30850, 389120, 0, 0, 0
30950, 343040, 0, 0, 0
31050, 414720, 0, 0, 0
31150, 430080, 0, 0, 0
31249, 408565, 0, 0, 0
31349, 368640, 0, 0, 0
31449, 409600, 0, 0, 0
31549, 430080, 0, 0, 0
31649, 455680, 0, 0, 0
31750, 424960, 0, 0, 0
31850, 450560, 0, 0, 0
31950, 363520, 0, 0, 0
32050, 404480, 0, 0, 0
32150, 409600, 0, 0, 0
32249, 387878, 0, 0, 0
32349, 435200, 0, 0, 0
32449, 476160, 0, 0, 0
32549, 450560, 0, 0, 0
32650, 460800, 0, 0, 0
32750, 409600, 0, 0, 0
32850, 430080, 0, 0, 0
32950, 435200, 0, 0, 0
33050, 471040, 0, 0, 0
33150, 440320, 0, 0, 0
33249, 444767, 0, 0, 0
33349, 414720, 0, 0, 0
33449, 445440, 0, 0, 0
33550, 440320, 0, 0, 0
33650, 399360, 0, 0, 0
33749, 460282, 0, 0, 0
33849, 455680, 0, 0, 0
33949, 430080, 0, 0, 0
34049, 404480, 0, 0, 0
34149, 394240, 0, 0, 0
34249, 440320, 0, 0, 0
34349, 450560, 0, 0, 0
34450, 455680, 0, 0, 0
34550, 486400, 0, 0, 0
34650, 440320, 0, 0, 0
34749, 424080, 0, 0, 0
34849, 486400, 0, 0, 0
34949, 409600, 0, 0, 0
35049, 435200, 0, 0, 0
35149, 440320, 0, 0, 0
35249, 445440, 0, 0, 0
35350, 445440, 0, 0, 0
35450, 430080, 0, 0, 0
35550, 465920, 0, 0, 0
35650, 450560, 0, 0, 0
35749, 434424, 0, 0, 0
35849, 455680, 0, 0, 0
35949, 445440, 0, 0, 0
36049, 419840, 0, 0, 0
36149, 445440, 0, 0, 0
36250, 312320, 0, 0, 0
36350, 378880, 0, 0, 0
36450, 440320, 0, 0, 0
36550, 465920, 0, 0, 0
36650, 430080, 0, 0, 0
36749, 444767, 0, 0, 0
36849, 460800, 0, 0, 0
36949, 455680, 0, 0, 0
37049, 471040, 0, 0, 0
37149, 460800, 0, 0, 0
37250, 430080, 0, 0, 0
37350, 424960, 0, 0, 0
37450, 496640, 0, 0, 0
37550, 445440, 0, 0, 0
37650, 419840, 0, 0, 0
37749, 408565, 0, 0, 0
37849, 424960, 0, 0, 0
37949, 445440, 0, 0, 0
38049, 409600, 0, 0, 0
38149, 424960, 0, 0, 0
38250, 460800, 0, 0, 0
38350, 445440, 0, 0, 0
38450, 455680, 0, 0, 0
38550, 445440, 0, 0, 0
38650, 435200, 0, 0, 0
38749, 470626, 0, 0, 0
38849, 384000, 0, 0, 0
38949, 414720, 0, 0, 0
39049, 322560, 0, 0, 0
39150, 419840, 0, 0, 0
39250, 394240, 0, 0, 0
39350, 460800, 0, 0, 0
39450, 460800, 0, 0, 0
39550, 450560, 0, 0, 0
39650, 430080, 0, 0, 0
39749, 486141, 0, 0, 0
39849, 435200, 0, 0, 0
39949, 455680, 0, 0, 0
40049, 455680, 0, 0, 0
40150, 486400, 0, 0, 0
40250, 414720, 0, 0, 0
40350, 435200, 0, 0, 0
40450, 455680, 0, 0, 0
40550, 419840, 0, 0, 0
40650, 384000, 0, 0, 0
40749, 449939, 0, 0, 0
40849, 430080, 0, 0, 0
40949, 389120, 0, 0, 0
41049, 409600, 0, 0, 0
41150, 414720, 0, 0, 0
41249, 434424, 0, 0, 0
41349, 435200, 0, 0, 0
41449, 430080, 0, 0, 0
41549, 465920, 0, 0, 0
41649, 486400, 0, 0, 0
41749, 465920, 0, 0, 0
41849, 435200, 0, 0, 0
41949, 440320, 0, 0, 0
42050, 445440, 0, 0, 0
42150, 471040, 0, 0, 0
42249, 444767, 0, 0, 0
42349, 455680, 0, 0, 0
42449, 471040, 0, 0, 0
42549, 501760, 0, 0, 0
42649, 450560, 0, 0, 0
42749, 455680, 0, 0, 0
42849, 455680, 0, 0, 0
42949, 404480, 0, 0, 0
43050, 450560, 0, 0, 0
43150, 424960, 0, 0, 0
43249, 413737, 0, 0, 0
43349, 424960, 0, 0, 0
43449, 440320, 0, 0, 0
43549, 450560, 0, 0, 0
43649, 455680, 0, 0, 0
43749, 476160, 0, 0, 0
43850, 445440, 0, 0, 0
43950, 424960, 0, 0, 0
44050, 409600, 0, 0, 0
44150, 435200, 0, 0, 0
44249, 465454, 0, 0, 0
44349, 440320, 0, 0, 0
44449, 465920, 0, 0, 0
44549, 445440, 0, 0, 0
44649, 471040, 0, 0, 0
44749, 435200, 0, 0, 0
44850, 430080, 0, 0, 0
44950, 471040, 0, 0, 0
45050, 419840, 0, 0, 0
45150, 414720, 0, 0, 0
45249, 475797, 0, 0, 0
45349, 435200, 0, 0, 0
45449, 440320, 0, 0, 0
45549, 496640, 0, 0, 0
45649, 450560, 0, 0, 0
45750, 460800, 0, 0, 0
45850, 450560, 0, 0, 0
45950, 465920, 0, 0, 0
46050, 481280, 0, 0, 0
46150, 414720, 0, 0, 0
46249, 434424, 0, 0, 0
46349, 460800, 0, 0, 0
46449, 445440, 0, 0, 0
46549, 424960, 0, 0, 0
46650, 440320, 0, 0, 0
46750, 460800, 0, 0, 0
46850, 445440, 0, 0, 0
46950, 450560, 0, 0, 0
47050, 491520, 0, 0, 0
47150, 435200, 0, 0, 0
47249, 455111, 0, 0, 0
47349, 430080, 0, 0, 0
47449, 460800, 0, 0, 0
47550, 435200, 0, 0, 0
47650, 471040, 0, 0, 0
47749, 475797, 0, 0, 0
47849, 440320, 0, 0, 0
47949, 460800, 0, 0, 0
48049, 419840, 0, 0, 0
48149, 378880, 0, 0, 0
48249, 430080, 0, 0, 0
48349, 445440, 0, 0, 0
48449, 476160, 0, 0, 0
48550, 424960, 0, 0, 0
48650, 430080, 0, 0, 0
48749, 413737, 0, 0, 0
48849, 414720, 0, 0, 0
48949, 435200, 0, 0, 0
49049, 440320, 0, 0, 0
49149, 378880, 0, 0, 0
49249, 409600, 0, 0, 0
49349, 419840, 0, 0, 0
49450, 435200, 0, 0, 0
49550, 465920, 0, 0, 0
49650, 476160, 0, 0, 0
49749, 418909, 0, 0, 0
49849, 460800, 0, 0, 0
49949, 430080, 0, 0, 0
50049, 465920, 0, 0, 0
50149, 455680, 0, 0, 0
50250, 471040, 0, 0, 0
50350, 476160, 0, 0, 0
50450, 471040, 0, 0, 0
50550, 471040, 0, 0, 0
50650, 445440, 0, 0, 0
50749, 398222, 0, 0, 0
50849, 465920, 0, 0, 0
50949, 394240, 0, 0, 0
51049, 399360, 0, 0, 0
51149, 409600, 0, 0, 0
51250, 496640, 0, 0, 0
51350, 450560, 0, 0, 0
51450, 445440, 0, 0, 0
51550, 450560, 0, 0, 0
51650, 419840, 0, 0, 0
51749, 455111, 0, 0, 0
51849, 430080, 0, 0, 0
51949, 476160, 0, 0, 0
52049, 465920, 0, 0, 0
52150, 440320, 0, 0, 0
52250, 389120, 0, 0, 0
52350, 440320, 0, 0, 0
52450, 465920, 0, 0, 0
52550, 460800, 0, 0, 0
52650, 491520, 0, 0, 0
52749, 449939, 0, 0, 0
52849, 471040, 0, 0, 0
52949, 445440, 0, 0, 0
53049, 414720, 0, 0, 0
53149, 394240, 0, 0, 0
53250, 394240, 0, 0, 0
53350, 465920, 0, 0, 0
53450, 409600, 0, 0, 0
53550, 419840, 0, 0, 0
53650, 471040, 0, 0, 0
53749, 465454, 0, 0, 0
53849, 435200, 0, 0, 0
53949, 409600, 0, 0, 0
54049, 450560, 0, 0, 0
54150, 424960, 0, 0, 0
54249, 439595, 0, 0, 0
54349, 440320, 0, 0, 0
54449, 378880, 0, 0, 0
54549, 460800, 0, 0, 0
54649, 435200, 0, 0, 0
54749, 460800, 0, 0, 0
54849, 445440, 0, 0, 0
54949, 435200, 0, 0, 0
55050, 440320, 0, 0, 0
55150, 460800, 0, 0, 0
55249, 491313, 0, 0, 0
55349, 476160, 0, 0, 0
55449, 394240, 0, 0, 0
55549, 481280, 0, 0, 0
55649, 440320, 0, 0, 0
55749, 455680, 0, 0, 0
55849, 440320, 0, 0, 0
55950, 404480, 0, 0, 0
56050, 373760, 0, 0, 0
56150, 424960, 0, 0, 0
56249, 212040, 0, 0, 0
56349, 307200, 0, 0, 0
56449, 225280, 0, 0, 0
56549, 435200, 0, 0, 0
56649, 471040, 0, 0, 0
56750, 435200, 0, 0, 0
56850, 430080, 0, 0, 0
56950, 445440, 0, 0, 0
57050, 440320, 0, 0, 0
57150, 445440, 0, 0, 0
57249, 434424, 0, 0, 0
57349, 435200, 0, 0, 0
57449, 430080, 0, 0, 0
57550, 440320, 0, 0, 0
57650, 430080, 0, 0, 0
57749, 444767, 0, 0, 0
57849, 445440, 0, 0, 0
57949, 465920, 0, 0, 0
58049, 435200, 0, 0, 0
58149, 450560, 0, 0, 0
58249, 440320, 0, 0, 0
58349, 445440, 0, 0, 0
58449, 404480, 0, 0, 0
58550, 424960, 0, 0, 0
58650, 424960, 0, 0, 0
58749, 413737, 0, 0, 0
58849, 430080, 0, 0, 0
58949, 404480, 0, 0, 0
59049, 435200, 0, 0, 0
59149, 373760, 0, 0, 0
59249, 419840, 0, 0, 0
59349, 399360, 0, 0, 0
59449, 460800, 0, 0, 0
59550, 430080, 0, 0, 0
59650, 445440, 0, 0, 0
59749, 424080, 0, 0, 0
59849, 455680, 0, 0, 0
59949, 491520, 0, 0, 0
60049, 445440, 0, 0, 0
60149, 465920, 0, 0, 0
60249, 440320, 0, 0, 0
60349, 409600, 0, 0, 0
60450, 394240, 0, 0, 0
60550, 414720, 0, 0, 0
60650, 399360, 0, 0, 0
60749, 408565, 0, 0, 0
60849, 414720, 0, 0, 0
60949, 471040, 0, 0, 0
61049, 440320, 0, 0, 0
61149, 378880, 0, 0, 0
61250, 440320, 0, 0, 0
61350, 435200, 0, 0, 0
61450, 476160, 0, 0, 0
61550, 430080, 0, 0, 0
61650, 353280, 0, 0, 0
61749, 424080, 0, 0, 0
61849, 368640, 0, 0, 0
61949, 424960, 0, 0, 0
62049, 460800, 0, 0, 0
62149, 430080, 0, 0, 0
62250, 460800, 0, 0, 0
62350, 445440, 0, 0, 0
62450, 430080, 0, 0, 0
62550, 450560, 0, 0, 0
62650, 450560, 0, 0, 0
62749, 439595, 0, 0, 0
62849, 450560, 0, 0, 0
62949, 450560, 0, 0, 0
63049, 476160, 0, 0, 0
63149, 435200, 0, 0, 0
63250, 424960, 0, 0, 0
63350, 460800, 0, 0, 0
63450, 460800, 0, 0, 0
63550, 435200, 0, 0, 0
63650, 389120, 0, 0, 0
63749, 424080, 0, 0, 0
63849, 440320, 0, 0, 0
63949, 399360, 0, 0, 0
64050, 435200, 0, 0, 0
64150, 384000, 0, 0, 0
64249, 429252, 0, 0, 0
64349, 368640, 0, 0, 0
64449, 399360, 0, 0, 0
64549, 450560, 0, 0, 0
64649, 424960, 0, 0, 0
64749, 368640, 0, 0, 0
64849, 455680, 0, 0, 0
64949, 424960, 0, 0, 0
65050, 471040, 0, 0, 0
65150, 450560, 0, 0, 0
65249, 444767, 0, 0, 0
65349, 440320, 0, 0, 0
65449, 445440, 0, 0, 0
65549, 476160, 0, 0, 0
65649, 445440, 0, 0, 0
65749, 455680, 0, 0, 0
65849, 399360, 0, 0, 0
65949, 445440, 0, 0, 0
66050, 455680, 0, 0, 0
66150, 399360, 0, 0, 0
66249, 418909, 0, 0, 0
66349, 476160, 0, 0, 0
66449, 435200, 0, 0, 0
66549, 440320, 0, 0, 0
66649, 455680, 0, 0, 0
66750, 419840, 0, 0, 0
66850, 445440, 0, 0, 0
66950, 430080, 0, 0, 0
67050, 358400, 0, 0, 0
67150, 430080, 0, 0, 0
67249, 429252, 0, 0, 0
67349, 419840, 0, 0, 0
67449, 445440, 0, 0, 0
67549, 435200, 0, 0, 0
67649, 389120, 0, 0, 0
67750, 435200, 0, 0, 0
67850, 435200, 0, 0, 0
67950, 450560, 0, 0, 0
68050, 460800, 0, 0, 0
68150, 245760, 0, 0, 0
68249, 444767, 0, 0, 0
68349, 419840, 0, 0, 0
68449, 378880, 0, 0, 0
68549, 435200, 0, 0, 0
68649, 460800, 0, 0, 0
68750, 419840, 0, 0, 0
68850, 404480, 0, 0, 0
68950, 409600, 0, 0, 0
69050, 445440, 0, 0, 0
69150, 327680, 0, 0, 0
69249, 434424, 0, 0, 0
69349, 481280, 0, 0, 0
69449, 465920, 0, 0, 0
69550, 455680, 0, 0, 0
69650, 450560, 0, 0, 0
69749, 408565, 0, 0, 0
69849, 450560, 0, 0, 0
69949, 435200, 0, 0, 0
70049, 414720, 0, 0, 0
70149, 460800, 0, 0, 0
70249, 414720, 0, 0, 0
70349, 424960, 0, 0, 0
70449, 424960, 0, 0, 0
70550, 384000, 0, 0, 0
70650, 440320, 0, 0, 0
70749, 439595, 0, 0, 0
70849, 440320, 0, 0, 0
70949, 419840, 0, 0, 0
71049, 419840, 0, 0, 0
71149, 430080, 0, 0, 0
71249, 450560, 0, 0, 0
71350, 430080, 0, 0, 0
71450, 440320, 0, 0, 0
71550, 471040, 0, 0, 0
71650, 471040, 0, 0, 0
71749, 439595, 0, 0, 0
71849, 430080, 0, 0, 0
71949, 404480, 0, 0, 0
72049, 445440, 0, 0, 0
72149, 460800, 0, 0, 0
72249, 455680, 0, 0, 0
72350, 496640, 0, 0, 0
72450, 440320, 0, 0, 0
72550, 460800, 0, 0, 0
72650, 476160, 0, 0, 0
72749, 434424, 0, 0, 0
72849, 430080, 0, 0, 0
72949, 404480, 0, 0, 0
73049, 450560, 0, 0, 0
73149, 414720, 0, 0, 0
73250, 424960, 0, 0, 0
73350, 430080, 0, 0, 0
73450, 440320, 0, 0, 0
73550, 368640, 0, 0, 0
73650, 419840, 0, 0, 0
73749, 424080, 0, 0, 0
73849, 440320, 0, 0, 0
73949, 353280, 0, 0, 0
74049, 430080, 0, 0, 0
74149, 404480, 0, 0, 0
74250, 307200, 0, 0, 0
74350, 435200, 0, 0, 0
74450, 419840, 0, 0, 0
74550, 455680, 0, 0, 0
74650, 460800, 0, 0, 0
74749, 408565, 0, 0, 0
74849, 430080, 0, 0, 0
74949, 450560, 0, 0, 0
75050, 389120, 0, 0, 0
75150, 435200, 0, 0, 0
75249, 413737, 0, 0, 0
75349, 476160, 0, 0, 0
75449, 430080, 0, 0, 0
75549, 419840, 0, 0, 0
75649, 460800, 0, 0, 0
75749, 450560, 0, 0, 0
75849, 435200, 0, 0, 0
75949, 430080, 0, 0, 0
76050, 455680, 0, 0, 0
76150, 455680, 0, 0, 0
76249, 429252, 0, 0, 0
76349, 440320, 0, 0, 0
76449, 430080, 0, 0, 0
76549, 430080, 0, 0, 0
76649, 476160, 0, 0, 0
76749, 476160, 0, 0, 0
76849, 430080, 0, 0, 0
76950, 450560, 0, 0, 0
77050, 424960, 0, 0, 0
77150, 435200, 0, 0, 0
77249, 418909, 0, 0, 0
77349, 414720, 0, 0, 0
77449, 424960, 0, 0, 0
77549, 460800, 0, 0, 0
77649, 455680, 0, 0, 0
77750, 465920, 0, 0, 0
77850, 450560, 0, 0, 0
77950, 476160, 0, 0, 0
78050, 455680, 0, 0, 0
78150, 430080, 0, 0, 0
78249, 408565, 0, 0, 0
78349, 460800, 0, 0, 0
78449, 409600, 0, 0, 0
78549, 378880, 0, 0, 0
78650, 424960, 0, 0, 0
78750, 404480, 0, 0, 0
78850, 445440, 0, 0, 0
78950, 424960, 0, 0, 0
79050, 322560, 0, 0, 0
79150, 476160, 0, 0, 0
79249, 299959, 0, 0, 0
79349, 445440, 0, 0, 0
79449, 440320, 0, 0, 0
79549, 476160, 0, 0, 0
79650, 414720, 0, 0, 0
79750, 394240, 0, 0, 0
79850, 445440, 0, 0, 0
79950, 435200, 0, 0, 0
80050, 455680, 0, 0, 0
80150, 450560, 0, 0, 0
80249, 460282, 0, 0, 0
80349, 481280, 0, 0, 0
80449, 424960, 0, 0, 0
80550, 348160, 0, 0, 0
80650, 450560, 0, 0, 0
80749, 393050, 0, 0, 0
80849, 435200, 0, 0, 0
80949, 389120, 0, 0, 0
81049, 414720, 0, 0, 0
81149, 450560, 0, 0, 0
81249, 435200, 0, 0, 0
81349, 399360, 0, 0, 0
81449, 414720, 0, 0, 0
81550, 450560, 0, 0, 0
81650, 455680, 0, 0, 0
81749, 403393, 0, 0, 0
81849, 445440, 0, 0, 0
81949, 471040, 0, 0, 0
82049, 399360, 0, 0, 0
82149, 445440, 0, 0, 0
82249, 460800, 0, 0, 0
82349, 440320, 0, 0, 0
82449, 440320, 0, 0, 0
82550, 440320, 0, 0, 0
82650, 430080, 0, 0, 0
82749, 439595, 0, 0, 0
82849, 440320, 0, 0, 0
82949, 445440, 0, 0, 0
83049, 414720, 0, 0, 0
83149, 424960, 0, 0, 0
83249, 424960, 0, 0, 0
83349, 419840, 0, 0, 0
83450, 378880, 0, 0, 0
83550, 343040, 0, 0, 0
83650, 440320, 0, 0, 0
83749, 470626, 0, 0, 0
83849, 414720, 0, 0, 0
83949, 445440, 0, 0, 0
84049, 424960, 0, 0, 0
84149, 460800, 0, 0, 0
84249, 271360, 0, 0, 0
84349, 266240, 0, 0, 0
84449, 424960, 0, 0, 0
84550, 460800, 0, 0, 0
84650, 430080, 0, 0, 0
84749, 455111, 0, 0, 0
84849, 435200, 0, 0, 0
84949, 445440, 0, 0, 0
85049, 384000, 0, 0, 0
85149, 450560, 0, 0, 0
85250, 481280, 0, 0, 0
85350, 455680, 0, 0, 0
85450, 445440, 0, 0, 0
85550, 322560, 0, 0, 0
85650, 409600, 0, 0, 0
85749, 460282, 0, 0, 0
85849, 414720, 0, 0, 0
85949, 302080, 0, 0, 0
86049, 445440, 0, 0, 0
86150, 460800, 0, 0, 0
86250, 435200, 0, 0, 0
86350, 435200, 0, 0, 0
86450, 389120, 0, 0, 0
86550, 476160, 0, 0, 0
86650, 424960, 0, 0, 0
86749, 424080, 0, 0, 0
86849, 455680, 0, 0, 0
86949, 476160, 0, 0, 0
87050, 419840, 0, 0, 0
87150, 450560, 0, 0, 0
87249, 424080, 0, 0, 0
87349, 465920, 0, 0, 0
87449, 471040, 0, 0, 0
87549, 460800, 0, 0, 0
87649, 419840, 0, 0, 0
87749, 440320, 0, 0, 0
87849, 440320, 0, 0, 0
87949, 455680, 0, 0, 0
88050, 465920, 0, 0, 0
88150, 471040, 0, 0, 0
88249, 465454, 0, 0, 0
88349, 455680, 0, 0, 0
88449, 471040, 0, 0, 0
88549, 450560, 0, 0, 0
88649, 455680, 0, 0, 0
88749, 435200, 0, 0, 0
88850, 430080, 0, 0, 0
88950, 460800, 0, 0, 0
89050, 414720, 0, 0, 0
89150, 445440, 0, 0, 0
89249, 434424, 0, 0, 0
89349, 363520, 0, 0, 0
89449, 435200, 0, 0, 0
89549, 440320, 0, 0, 0
89649, 430080, 0, 0, 0
89750, 414720, 0, 0, 0
89850, 445440, 0, 0, 0
89950, 481280, 0, 0, 0
