100, 8589, 0, 0, 0
206, 8078, 0, 0, 0
300, 8195, 0, 0, 0
408, 6848, 0, 0, 0
502, 6840, 0, 0, 0
600, 5966, 0, 0, 0
702, 6055, 0, 0, 0
800, 6932, 0, 0, 0
909, 8591, 0, 0, 0
1001, 7952, 0, 0, 0
1100, 9245, 0, 0, 0
1204, 11797, 0, 0, 0
1302, 7772, 0, 0, 0
1401, 7350, 0, 0, 0
1500, 7566, 0, 0, 0
1602, 6040, 0, 0, 0
1702, 6590, 0, 0, 0
1807, 6983, 0, 0, 0
1903, 6925, 0, 0, 0
2007, 6370, 0, 0, 0
2113, 7548, 0, 0, 0
2206, 8339, 0, 0, 0
2301, 7156, 0, 0, 0
2413, 7883, 0, 0, 0
2503, 7759, 0, 0, 0
2606, 6950, 0, 0, 0
2703, 7029, 0, 0, 0
2802, 6953, 0, 0, 0
2904, 7086, 0, 0, 0
3001, 7927, 0, 0, 0
3104, 6591, 0, 0, 0
3202, 6607, 0, 0, 0
3300, 6698, 0, 0, 0
3400, 6150, 0, 0, 0
3504, 7171, 0, 0, 0
3607, 6082, 0, 0, 0
3704, 6497, 0, 0, 0
3806, 6282, 0, 0, 0
3901, 6277, 0, 0, 0
4004, 6449, 0, 0, 0
4101, 6522, 0, 0, 0
4202, 7392, 0, 0, 0
4313, 7653, 0, 0, 0
4406, 7152, 0, 0, 0
4502, 6650, 0, 0, 0
4606, 6376, 0, 0, 0
4700, 5728, 0, 0, 0
4805, 6136, 0, 0, 0
4909, 7185, 0, 0, 0
5003, 6363, 0, 0, 0
5101, 7027, 0, 0, 0
5201, 6431, 0, 0, 0
5304, 6441, 0, 0, 0
5402, 7139, 0, 0, 0
5508, 6041, 0, 0, 0
5605, 6272, 0, 0, 0
5702, 7652, 0, 0, 0
5801, 7393, 0, 0, 0
5900, 6990, 0, 0, 0
6003, 7013, 0, 0, 0
6100, 7082, 0, 0, 0
6207, 6504, 0, 0, 0
6311, 7013, 0, 0, 0
6406, 6951, 0, 0, 0
6505, 7147, 0, 0, 0
6606, 6898, 0, 0, 0
6709, 8305, 0, 0, 0
6801, 7871, 0, 0, 0
6902, 7155, 0, 0, 0
7003, 6932, 0, 0, 0
7101, 6569, 0, 0, 0
7209, 6269, 0, 0, 0
7307, 7302, 0, 0, 0
7408, 6880, 0, 0, 0
7504, 6385, 0, 0, 0
7612, 6901, 0, 0, 0
7700, 6279, 0, 0, 0
7800, 6946, 0, 0, 0
7903, 6492, 0, 0, 0
8002, 6544, 0, 0, 0
8106, 6465, 0, 0, 0
8202, 7890, 0, 0, 0
8300, 6780, 0, 0, 0
8403, 7874, 0, 0, 0
8500, 6118, 0, 0, 0
8609, 6917, 0, 0, 0
8711, 6131, 0, 0, 0
8802, 6883, 0, 0, 0
8907, 7239, 0, 0, 0
9006, 6888, 0, 0, 0
9104, 7971, 0, 0, 0
9203, 6995, 0, 0, 0
9305, 6740, 0, 0, 0
9400, 6312, 0, 0, 0
9504, 7050, 0, 0, 0
9607, 6545, 0, 0, 0
9700, 6802, 0, 0, 0
9800, 7173, 0, 0, 0
9902, 7502, 0, 0, 0
10004, 6737, 0, 0, 0
10103, 7644, 0, 0, 0
10200, 7039, 0, 0, 0
10304, 8331, 0, 0, 0
10405, 8180, 0, 0, 0
10507, 8380, 0, 0, 0
10600, 8618, 0, 0, 0
10701, 6516, 0, 0, 0
10801, 8324, 0, 0, 0
10902, 7841, 0, 0, 0
11003, 8720, 0, 0, 0
11101, 7760, 0, 0, 0
11206, 8058, 0, 0, 0
11300, 8560, 0, 0, 0
11404, 6945, 0, 0, 0
11507, 8418, 0, 0, 0
11608, 8205, 0, 0, 0
11702, 6353, 0, 0, 0
11801, 7367, 0, 0, 0
11902, 7080, 0, 0, 0
12006, 7936, 0, 0, 0
12100, 8824, 0, 0, 0
12206, 9557, 0, 0, 0
12300, 9135, 0, 0, 0
12405, 7573, 0, 0, 0
12501, 6648, 0, 0, 0
12602, 8083, 0, 0, 0
12703, 7751, 0, 0, 0
12800, 7724, 0, 0, 0
12901, 9782, 0, 0, 0
13002, 7529, 0, 0, 0
13105, 6918, 0, 0, 0
13201, 8714, 0, 0, 0
13311, 7543, 0, 0, 0
13402, 7544, 0, 0, 0
13502, 7411, 0, 0, 0
13605, 7996, 0, 0, 0
13701, 8486, 0, 0, 0
13802, 7190, 0, 0, 0
13904, 7010, 0, 0, 0
14003, 8162, 0, 0, 0
14106, 7362, 0, 0, 0
14201, 7583, 0, 0, 0
14301, 8778, 0, 0, 0
14401, 7537, 0, 0, 0
14510, 7875, 0, 0, 0
14605, 8273, 0, 0, 0
14701, 9187, 0, 0, 0
14807, 7578, 0, 0, 0
14900, 7826, 0, 0, 0
15006, 7559, 0, 0, 0
15109, 6712, 0, 0, 0
15201, 7454, 0, 0, 0
15305, 7060, 0, 0, 0
15404, 7023, 0, 0, 0
15504, 7414, 0, 0, 0
15605, 8227, 0, 0, 0
15711, 7646, 0, 0, 0
15800, 8846, 0, 0, 0
15906, 8699, 0, 0, 0
16002, 6931, 0, 0, 0
16110, 7110, 0, 0, 0
16201, 7266, 0, 0, 0
16300, 7412, 0, 0, 0
16410, 7049, 0, 0, 0
16501, 7768, 0, 0, 0
16605, 8348, 0, 0, 0
16707, 7062, 0, 0, 0
16801, 6773, 0, 0, 0
16904, 7279, 0, 0, 0
17001, 8917, 0, 0, 0
17104, 7532, 0, 0, 0
17202, 8509, 0, 0, 0
17303, 9066, 0, 0, 0
17403, 7502, 0, 0, 0
17500, 7936, 0, 0, 0
17607, 8150, 0, 0, 0
17700, 6813, 0, 0, 0
17804, 8029, 0, 0, 0
17907, 7886, 0, 0, 0
18009, 8150, 0, 0, 0
18111, 7143, 0, 0, 0
18201, 8652, 0, 0, 0
18310, 8688, 0, 0, 0
18403, 9292, 0, 0, 0
18503, 6786, 0, 0, 0
18603, 6525, 0, 0, 0
18707, 7699, 0, 0, 0
18800, 8425, 0, 0, 0
18900, 8330, 0, 0, 0
19000, 7010, 0, 0, 0
19106, 6653, 0, 0, 0
19201, 7303, 0, 0, 0
19301, 6877, 0, 0, 0
19403, 7227, 0, 0, 0
19507, 7143, 0, 0, 0
19606, 6370, 0, 0, 0
19709, 7328, 0, 0, 0
19800, 6622, 0, 0, 0
19907, 6603, 0, 0, 0
20001, 7119, 0, 0, 0
20104, 6812, 0, 0, 0
20201, 7424, 0, 0, 0
20300, 6634, 0, 0, 0
20402, 6815, 0, 0, 0
20502, 6713, 0, 0, 0
20601, 6205, 0, 0, 0
20701, 7179, 0, 0, 0
20801, 7041, 0, 0, 0
20902, 6981, 0, 0, 0
21005, 6622, 0, 0, 0
21102, 7048, 0, 0, 0
21204, 7050, 0, 0, 0
21302, 7070, 0, 0, 0
21402, 7755, 0, 0, 0
21504, 6916, 0, 0, 0
21605, 7017, 0, 0, 0
21704, 7022, 0, 0, 0
21807, 6673, 0, 0, 0
21902, 7573, 0, 0, 0
22001, 7183, 0, 0, 0
22101, 6525, 0, 0, 0
22203, 6919, 0, 0, 0
22301, 6451, 0, 0, 0
22402, 6796, 0, 0, 0
22503, 7001, 0, 0, 0
22605, 7026, 0, 0, 0
22708, 7060, 0, 0, 0
22801, 7078, 0, 0, 0
22907, 6327, 0, 0, 0
23002, 6216, 0, 0, 0
23110, 6510, 0, 0, 0
23201, 6686, 0, 0, 0
23302, 6311, 0, 0, 0
23406, 6559, 0, 0, 0
23508, 7078, 0, 0, 0
23601, 6994, 0, 0, 0
23701, 7402, 0, 0, 0
23802, 7858, 0, 0, 0
23903, 7237, 0, 0, 0
24010, 8435, 0, 0, 0
24101, 6707, 0, 0, 0
24206, 8517, 0, 0, 0
24303, 7806, 0, 0, 0
24405, 7224, 0, 0, 0
24501, 7154, 0, 0, 0
24606, 7572, 0, 0, 0
24700, 5830, 0, 0, 0
24800, 7087, 0, 0, 0
24903, 7455, 0, 0, 0
25003, 8362, 0, 0, 0
25105, 8480, 0, 0, 0
25205, 6644, 0, 0, 0
25306, 7505, 0, 0, 0
25405, 6525, 0, 0, 0
25500, 8700, 0, 0, 0
25603, 9925, 0, 0, 0
25701, 9752, 0, 0, 0
25807, 10450, 0, 0, 0
25906, 6549, 0, 0, 0
26000, 6700, 0, 0, 0
26104, 7396, 0, 0, 0
26207, 7903, 0, 0, 0
26300, 7027, 0, 0, 0
26401, 7547, 0, 0, 0
26500, 7205, 0, 0, 0
26609, 6974, 0, 0, 0
26706, 7796, 0, 0, 0
26808, 7686, 0, 0, 0
26903, 8083, 0, 0, 0
27006, 7121, 0, 0, 0
27101, 5639, 0, 0, 0
27201, 7144, 0, 0, 0
27302, 7367, 0, 0, 0
27402, 5686, 0, 0, 0
27504, 5982, 0, 0, 0
27604, 5568, 0, 0, 0
27704, 5435, 0, 0, 0
27801, 5486, 0, 0, 0
27902, 7262, 0, 0, 0
28001, 6088, 0, 0, 0
28100, 5595, 0, 0, 0
28210, 6450, 0, 0, 0
28312, 7356, 0, 0, 0
28403, 6557, 0, 0, 0
28502, 6876, 0, 0, 0
28602, 6590, 0, 0, 0
28708, 6216, 0, 0, 0
28803, 7001, 0, 0, 0
28903, 6730, 0, 0, 0
29001, 6879, 0, 0, 0
29102, 7184, 0, 0, 0
29204, 6328, 0, 0, 0
29300, 6558, 0, 0, 0
29401, 7232, 0, 0, 0
29500, 7132, 0, 0, 0
29602, 6688, 0, 0, 0
29707, 6462, 0, 0, 0
29802, 6653, 0, 0, 0
29907, 6601, 0, 0, 0
30002, 6856, 0, 0, 0
30103, 6821, 0, 0, 0
30204, 6705, 0, 0, 0
30301, 6530, 0, 0, 0
30402, 7553, 0, 0, 0
30501, 8658, 0, 0, 0
30601, 8594, 0, 0, 0
30706, 7709, 0, 0, 0
30805, 8103, 0, 0, 0
30906, 7183, 0, 0, 0
31006, 7262, 0, 0, 0
31103, 9216, 0, 0, 0
31201, 7295, 0, 0, 0
31309, 8099, 0, 0, 0
31401, 8324, 0, 0, 0
31502, 7931, 0, 0, 0
31603, 8392, 0, 0, 0
31704, 7821, 0, 0, 0
31803, 6827, 0, 0, 0
31903, 7502, 0, 0, 0
32015, 9128, 0, 0, 0
32107, 7234, 0, 0, 0
32200, 8282, 0, 0, 0
32308, 8500, 0, 0, 0
32401, 9568, 0, 0, 0
32500, 8136, 0, 0, 0
32608, 7973, 0, 0, 0
32703, 7305, 0, 0, 0
32805, 9270, 0, 0, 0
32902, 8456, 0, 0, 0
33002, 8371, 0, 0, 0
33102, 10095, 0, 0, 0
33202, 8730, 0, 0, 0
33304, 8534, 0, 0, 0
33400, 7788, 0, 0, 0
33505, 7912, 0, 0, 0
33606, 8655, 0, 0, 0
33705, 8338, 0, 0, 0
33805, 7319, 0, 0, 0
33900, 8741, 0, 0, 0
34000, 8901, 0, 0, 0
34101, 7250, 0, 0, 0
34201, 7413, 0, 0, 0
34307, 8536, 0, 0, 0
34405, 9263, 0, 0, 0
34509, 7239, 0, 0, 0
34600, 7762, 0, 0, 0
34702, 9315, 0, 0, 0
34804, 7575, 0, 0, 0
34907, 7279, 0, 0, 0
35006, 9324, 0, 0, 0
35106, 8282, 0, 0, 0
35201, 7745, 0, 0, 0
35301, 8243, 0, 0, 0
35400, 8603, 0, 0, 0
35502, 8206, 0, 0, 0
35606, 7922, 0, 0, 0
35706, 7228, 0, 0, 0
35800, 7166, 0, 0, 0
35912, 7681, 0, 0, 0
36000, 7422, 0, 0, 0
36107, 8039, 0, 0, 0
36203, 7926, 0, 0, 0
36302, 8759, 0, 0, 0
36404, 9306, 0, 0, 0
36507, 7366, 0, 0, 0
36602, 9361, 0, 0, 0
36703, 6783, 0, 0, 0
36816, 6654, 0, 0, 0
36903, 8922, 0, 0, 0
37006, 7479, 0, 0, 0
37100, 7280, 0, 0, 0
37200, 9371, 0, 0, 0
37300, 8674, 0, 0, 0
37413, 9259, 0, 0, 0
37505, 7670, 0, 0, 0
37606, 8583, 0, 0, 0
37704, 8255, 0, 0, 0
37800, 8342, 0, 0, 0
37906, 7278, 0, 0, 0
38006, 7505, 0, 0, 0
38100, 7210, 0, 0, 0
38202, 9249, 0, 0, 0
38306, 10161, 0, 0, 0
38401, 7990, 0, 0, 0
38501, 7711, 0, 0, 0
38604, 7857, 0, 0, 0
38701, 7118, 0, 0, 0
38807, 8573, 0, 0, 0
38902, 8436, 0, 0, 0
39006, 7285, 0, 0, 0
39102, 7038, 0, 0, 0
39205, 7385, 0, 0, 0
39318, 7720, 0, 0, 0
39406, 8536, 0, 0, 0
39501, 8252, 0, 0, 0
39603, 7758, 0, 0, 0
39703, 6624, 0, 0, 0
39800, 10032, 0, 0, 0
39909, 12438, 0, 0, 0
40017, 8000, 0, 0, 0
40100, 7140, 0, 0, 0
40200, 7797, 0, 0, 0
40300, 7495, 0, 0, 0
40401, 7071, 0, 0, 0
40504, 7117, 0, 0, 0
40607, 7159, 0, 0, 0
40701, 7152, 0, 0, 0
40801, 7536, 0, 0, 0
40905, 7324, 0, 0, 0
41002, 7898, 0, 0, 0
41102, 7126, 0, 0, 0
41201, 6596, 0, 0, 0
41307, 6197, 0, 0, 0
41402, 7193, 0, 0, 0
41504, 7137, 0, 0, 0
41604, 8191, 0, 0, 0
41708, 7986, 0, 0, 0
41808, 6742, 0, 0, 0
41906, 6691, 0, 0, 0
42007, 7583, 0, 0, 0
42100, 6989, 0, 0, 0
42202, 7590, 0, 0, 0
42309, 7340, 0, 0, 0
42407, 8031, 0, 0, 0
42505, 7442, 0, 0, 0
42605, 6685, 0, 0, 0
42700, 7739, 0, 0, 0
42802, 8078, 0, 0, 0
42909, 9106, 0, 0, 0
43007, 7683, 0, 0, 0
43100, 7791, 0, 0, 0
43203, 7564, 0, 0, 0
43307, 7576, 0, 0, 0
43404, 6584, 0, 0, 0
43506, 8283, 0, 0, 0
43607, 7788, 0, 0, 0
43702, 6760, 0, 0, 0
43804, 7101, 0, 0, 0
43906, 8209, 0, 0, 0
44002, 7329, 0, 0, 0
44100, 7195, 0, 0, 0
44200, 8246, 0, 0, 0
44303, 7610, 0, 0, 0
44407, 7166, 0, 0, 0
44512, 8426, 0, 0, 0
44607, 7880, 0, 0, 0
44700, 7300, 0, 0, 0
44814, 7176, 0, 0, 0
44901, 7284, 0, 0, 0
45002, 7641, 0, 0, 0
45100, 7908, 0, 0, 0
45201, 7592, 0, 0, 0
45302, 7336, 0, 0, 0
45408, 8209, 0, 0, 0
45506, 7965, 0, 0, 0
45600, 7403, 0, 0, 0
45706, 8494, 0, 0, 0
45804, 9654, 0, 0, 0
45905, 10693, 0, 0, 0
46010, 8630, 0, 0, 0
46100, 8269, 0, 0, 0
46200, 7326, 0, 0, 0
46300, 8278, 0, 0, 0
46400, 8342, 0, 0, 0
46500, 8425, 0, 0, 0
46600, 7229, 0, 0, 0
46701, 7792, 0, 0, 0
46808, 8339, 0, 0, 0
46900, 7882, 0, 0, 0
47005, 7900, 0, 0, 0
47104, 8052, 0, 0, 0
47208, 8224, 0, 0, 0
47304, 7782, 0, 0, 0
47407, 7049, 0, 0, 0
47505, 8740, 0, 0, 0
47606, 7584, 0, 0, 0
47702, 7629, 0, 0, 0
47804, 8530, 0, 0, 0
47900, 7137, 0, 0, 0
48000, 7615, 0, 0, 0
48100, 7703, 0, 0, 0
48209, 7645, 0, 0, 0
48305, 8999, 0, 0, 0
48401, 8212, 0, 0, 0
48506, 7244, 0, 0, 0
48600, 5897, 0, 0, 0
48703, 7154, 0, 0, 0
48804, 8814, 0, 0, 0
48900, 9789, 0, 0, 0
49004, 7562, 0, 0, 0
49109, 8290, 0, 0, 0
49201, 8269, 0, 0, 0
49310, 7798, 0, 0, 0
49401, 8522, 0, 0, 0
49508, 7568, 0, 0, 0
49601, 7394, 0, 0, 0
49702, 8385, 0, 0, 0
49802, 7083, 0, 0, 0
49902, 7174, 0, 0, 0
50001, 6788, 0, 0, 0
50105, 7146, 0, 0, 0
50210, 8071, 0, 0, 0
50306, 8220, 0, 0, 0
50400, 6841, 0, 0, 0
50503, 6533, 0, 0, 0
50601, 7325, 0, 0, 0
50709, 8083, 0, 0, 0
50811, 6591, 0, 0, 0
50909, 8406, 0, 0, 0
51004, 6400, 0, 0, 0
51110, 7493, 0, 0, 0
51202, 7334, 0, 0, 0
51312, 6610, 0, 0, 0
51400, 7067, 0, 0, 0
51503, 7713, 0, 0, 0
51600, 7619, 0, 0, 0
51705, 6970, 0, 0, 0
51805, 7259, 0, 0, 0
51900, 7262, 0, 0, 0
52005, 8810, 0, 0, 0
52106, 9134, 0, 0, 0
52206, 6674, 0, 0, 0
52300, 9146, 0, 0, 0
52402, 7719, 0, 0, 0
52500, 8168, 0, 0, 0
52605, 8484, 0, 0, 0
52706, 10434, 0, 0, 0
52803, 8386, 0, 0, 0
52909, 8059, 0, 0, 0
53013, 7294, 0, 0, 0
53100, 7436, 0, 0, 0
53206, 8168, 0, 0, 0
53301, 8198, 0, 0, 0
53401, 7711, 0, 0, 0
53501, 9216, 0, 0, 0
53605, 8532, 0, 0, 0
53714, 8287, 0, 0, 0
53804, 7674, 0, 0, 0
53907, 10047, 0, 0, 0
54000, 7650, 0, 0, 0
54100, 7646, 0, 0, 0
54206, 7071, 0, 0, 0
54304, 7069, 0, 0, 0
54407, 8084, 0, 0, 0
54506, 8193, 0, 0, 0
54600, 10144, 0, 0, 0
54705, 7476, 0, 0, 0
54800, 7798, 0, 0, 0
54905, 9036, 0, 0, 0
55010, 7873, 0, 0, 0
55113, 8886, 0, 0, 0
55201, 7394, 0, 0, 0
55301, 7791, 0, 0, 0
55402, 8805, 0, 0, 0
55504, 8411, 0, 0, 0
55605, 8581, 0, 0, 0
55702, 7348, 0, 0, 0
55804, 8448, 0, 0, 0
55903, 8692, 0, 0, 0
56007, 7359, 0, 0, 0
56101, 8681, 0, 0, 0
56202, 7001, 0, 0, 0
56301, 8346, 0, 0, 0
56403, 7527, 0, 0, 0
56501, 7775, 0, 0, 0
56603, 7733, 0, 0, 0
56701, 6483, 0, 0, 0
56803, 6355, 0, 0, 0
56901, 6593, 0, 0, 0
57006, 7403, 0, 0, 0
57104, 7163, 0, 0, 0
57202, 6752, 0, 0, 0
57301, 8087, 0, 0, 0
57400, 7678, 0, 0, 0
57502, 7003, 0, 0, 0
57604, 7723, 0, 0, 0
57702, 9370, 0, 0, 0
57805, 8179, 0, 0, 0
57902, 7743, 0, 0, 0
58001, 7556, 0, 0, 0
58105, 7013, 0, 0, 0
58202, 8584, 0, 0, 0
58307, 9877, 0, 0, 0
58400, 7429, 0, 0, 0
58503, 9334, 0, 0, 0
58600, 8930, 0, 0, 0
58705, 9024, 0, 0, 0
58804, 8356, 0, 0, 0
58908, 7039, 0, 0, 0
59005, 8650, 0, 0, 0
59100, 7708, 0, 0, 0
59200, 6187, 0, 0, 0
59306, 7202, 0, 0, 0
59406, 6917, 0, 0, 0
59505, 6765, 0, 0, 0
59605, 6377, 0, 0, 0
59708, 8198, 0, 0, 0
59805, 6565, 0, 0, 0
59901, 6584, 0, 0, 0
60003, 6168, 0, 0, 0
