100, 26981, 1, 0, 0
200, 40843, 1, 0, 0
306, 39611, 1, 0, 0
401, 37458, 1, 0, 0
501, 40930, 1, 0, 0
601, 37991, 1, 0, 0
700, 33681, 1, 0, 0
800, 27906, 1, 0, 0
900, 25393, 1, 0, 0
1000, 26675, 1, 0, 0
1102, 27066, 1, 0, 0
1200, 33688, 1, 0, 0
1301, 37077, 1, 0, 0
1402, 38323, 1, 0, 0
1500, 36249, 1, 0, 0
1601, 35301, 1, 0, 0
1701, 36819, 1, 0, 0
1800, 35477, 1, 0, 0
1901, 32166, 1, 0, 0
2001, 38311, 1, 0, 0
2100, 37006, 1, 0, 0
2201, 36078, 1, 0, 0
2301, 35985, 1, 0, 0
2400, 37910, 1, 0, 0
2502, 39800, 1, 0, 0
2602, 37943, 1, 0, 0
2703, 39570, 1, 0, 0
2801, 39212, 1, 0, 0
2900, 34847, 1, 0, 0
3001, 34615, 1, 0, 0
3100, 34957, 1, 0, 0
3200, 29265, 1, 0, 0
3301, 27563, 1, 0, 0
3400, 24799, 1, 0, 0
3502, 28308, 1, 0, 0
3601, 25631, 1, 0, 0
3700, 26503, 1, 0, 0
3801, 27275, 1, 0, 0
3901, 41206, 1, 0, 0
4000, 36510, 1, 0, 0
4100, 37139, 1, 0, 0
4200, 38395, 1, 0, 0
4300, 39288, 1, 0, 0
4400, 38937, 1, 0, 0
4500, 33728, 1, 0, 0
4601, 35309, 1, 0, 0
4703, 41497, 1, 0, 0
4801, 35988, 1, 0, 0
4902, 37055, 1, 0, 0
5000, 37287, 1, 0, 0
5102, 37026, 1, 0, 0
5202, 41526, 1, 0, 0
5300, 29474, 1, 0, 0
5400, 28181, 1, 0, 0
5501, 30724, 1, 0, 0
5601, 26177, 1, 0, 0
5702, 36159, 1, 0, 0
5802, 31146, 1, 0, 0
5900, 30785, 1, 0, 0
6002, 26826, 1, 0, 0
6100, 33213, 1, 0, 0
6200, 34733, 1, 0, 0
6300, 39431, 1, 0, 0
6402, 37969, 1, 0, 0
6500, 37279, 1, 0, 0
6602, 39443, 1, 0, 0
6700, 35634, 1, 0, 0
6800, 36024, 1, 0, 0
6902, 29844, 1, 0, 0
7000, 26102, 1, 0, 0
7100, 29095, 1, 0, 0
7200, 28667, 1, 0, 0
7302, 27771, 1, 0, 0
7400, 26596, 1, 0, 0
7500, 27404, 1, 0, 0
7601, 28489, 1, 0, 0
7700, 25432, 1, 0, 0
7800, 27193, 1, 0, 0
7902, 35024, 1, 0, 0
8001, 26523, 1, 0, 0
8100, 26059, 1, 0, 0
8201, 27325, 1, 0, 0
8300, 27454, 1, 0, 0
8400, 28234, 1, 0, 0
8500, 27787, 1, 0, 0
8600, 28437, 1, 0, 0
8701, 29737, 1, 0, 0
8801, 29480, 1, 0, 0
8903, 29806, 1, 0, 0
9000, 27958, 1, 0, 0
9101, 28580, 1, 0, 0
9201, 29572, 1, 0, 0
9300, 28499, 1, 0, 0
9400, 26649, 1, 0, 0
9500, 27155, 1, 0, 0
9600, 26756, 1, 0, 0
9703, 28418, 1, 0, 0
9802, 27602, 1, 0, 0
9901, 41782, 1, 0, 0
10000, 38907, 1, 0, 0
10101, 35091, 1, 0, 0
10201, 35036, 1, 0, 0
10301, 36929, 1, 0, 0
10400, 37697, 1, 0, 0
10500, 40722, 1, 0, 0
10601, 34782, 1, 0, 0
10700, 40727, 1, 0, 0
10800, 40460, 1, 0, 0
10901, 40067, 1, 0, 0
11000, 36577, 1, 0, 0
11101, 38126, 1, 0, 0
11201, 38119, 1, 0, 0
11301, 39576, 1, 0, 0
11401, 39360, 1, 0, 0
11500, 38784, 1, 0, 0
11602, 38563, 1, 0, 0
11701, 38553, 1, 0, 0
11800, 36711, 1, 0, 0
11903, 35787, 1, 0, 0
12023, 87582, 1, 0, 0
12101, 35661, 1, 0, 0
12201, 35959, 1, 0, 0
12300, 30643, 1, 0, 0
12402, 27237, 1, 0, 0
12501, 27607, 1, 0, 0
12600, 29578, 1, 0, 0
12701, 30373, 1, 0, 0
12801, 30236, 1, 0, 0
12907, 36304, 1, 0, 0
13001, 31840, 1, 0, 0
13102, 27370, 1, 0, 0
13202, 28757, 1, 0, 0
13303, 26925, 1, 0, 0
13401, 27993, 1, 0, 0
13502, 29240, 1, 0, 0
13601, 29686, 1, 0, 0
13700, 31327, 1, 0, 0
13800, 27281, 1, 0, 0
13900, 34114, 1, 0, 0
14000, 37560, 1, 0, 0
14100, 39164, 1, 0, 0
14200, 37033, 1, 0, 0
14300, 34595, 1, 0, 0
14402, 38044, 1, 0, 0
14500, 40205, 1, 0, 0
14600, 40181, 1, 0, 0
14700, 29147, 1, 0, 0
14800, 29241, 1, 0, 0
14900, 27877, 1, 0, 0
15002, 33155, 1, 0, 0
15102, 42107, 1, 0, 0
15202, 40887, 1, 0, 0
15300, 37268, 1, 0, 0
15401, 37960, 1, 0, 0
15501, 40081, 1, 0, 0
15600, 43122, 1, 0, 0
15702, 38377, 1, 0, 0
15801, 40525, 1, 0, 0
15901, 43128, 1, 0, 0
16000, 41338, 1, 0, 0
16102, 32308, 1, 0, 0
16201, 30237, 1, 0, 0
16300, 30692, 1, 0, 0
16403, 40178, 1, 0, 0
16500, 38469, 1, 0, 0
16634, 37834, 1, 0, 0
16701, 40011, 1, 0, 0
16801, 38774, 1, 0, 0
16900, 37672, 1, 0, 0
17000, 41146, 1, 0, 0
17101, 38817, 1, 0, 0
17200, 42065, 1, 0, 0
17300, 37436, 1, 0, 0
17401, 39441, 1, 0, 0
17503, 38858, 1, 0, 0
17600, 38791, 1, 0, 0
17702, 39166, 1, 0, 0
17800, 39006, 1, 0, 0
17900, 40046, 1, 0, 0
18004, 37599, 1, 0, 0
18100, 39281, 1, 0, 0
18200, 40584, 1, 0, 0
18301, 38027, 1, 0, 0
18401, 29334, 1, 0, 0
18501, 30434, 1, 0, 0
18600, 27745, 1, 0, 0
18702, 32179, 1, 0, 0
18800, 29080, 1, 0, 0
18901, 30279, 1, 0, 0
19000, 27644, 1, 0, 0
19100, 28541, 1, 0, 0
19200, 29177, 1, 0, 0
19302, 36413, 1, 0, 0
19401, 31714, 1, 0, 0
19500, 28033, 1, 0, 0
19600, 29550, 1, 0, 0
19700, 30436, 1, 0, 0
19802, 26105, 1, 0, 0
19900, 29526, 1, 0, 0
20002, 38757, 1, 0, 0
20101, 37086, 1, 0, 0
20200, 35633, 1, 0, 0
20300, 39973, 1, 0, 0
20400, 39271, 1, 0, 0
20500, 38980, 1, 0, 0
20601, 38448, 1, 0, 0
20700, 37964, 1, 0, 0
20801, 35227, 1, 0, 0
20901, 28610, 1, 0, 0
21000, 28430, 1, 0, 0
21100, 29810, 1, 0, 0
21201, 29262, 1, 0, 0
21300, 30088, 1, 0, 0
21401, 42996, 1, 0, 0
21501, 43284, 1, 0, 0
21601, 40387, 1, 0, 0
21703, 42457, 1, 0, 0
21802, 40392, 1, 0, 0
21901, 38297, 1, 0, 0
22002, 39769, 1, 0, 0
22100, 40723, 1, 0, 0
22200, 40966, 1, 0, 0
22300, 30082, 1, 0, 0
22400, 31035, 1, 0, 0
22500, 30365, 1, 0, 0
22603, 30089, 1, 0, 0
22700, 30535, 1, 0, 0
22800, 34620, 1, 0, 0
22900, 38208, 1, 0, 0
23000, 37262, 1, 0, 0
23103, 39670, 1, 0, 0
23201, 39988, 1, 0, 0
23301, 40189, 1, 0, 0
23400, 39079, 1, 0, 0
23500, 43531, 1, 0, 0
23603, 43735, 1, 0, 0
23700, 38537, 1, 0, 0
23803, 44581, 1, 0, 0
23900, 42712, 1, 0, 0
24000, 33311, 1, 0, 0
24102, 38897, 1, 0, 0
24201, 41339, 1, 0, 0
24301, 41584, 1, 0, 0
24400, 42356, 1, 0, 0
24500, 40119, 1, 0, 0
24600, 44254, 1, 0, 0
24700, 41071, 1, 0, 0
24800, 42010, 1, 0, 0
24903, 42733, 1, 0, 0
25001, 38771, 1, 0, 0
25109, 41695, 1, 0, 0
25200, 41284, 1, 0, 0
25301, 36613, 1, 0, 0
25400, 30596, 1, 0, 0
25502, 32080, 1, 0, 0
25600, 29191, 1, 0, 0
25703, 28738, 1, 0, 0
25800, 29506, 1, 0, 0
25900, 28907, 1, 0, 0
26001, 30575, 1, 0, 0
26100, 28603, 1, 0, 0
26202, 30529, 1, 0, 0
26301, 36838, 1, 0, 0
26401, 31483, 1, 0, 0
26501, 26828, 1, 0, 0
26601, 29702, 1, 0, 0
26706, 29777, 1, 0, 0
26801, 29708, 1, 0, 0
26901, 30954, 1, 0, 0
27002, 29978, 1, 0, 0
27101, 29716, 1, 0, 0
27200, 31690, 1, 0, 0
27302, 36197, 1, 0, 0
27400, 30666, 1, 0, 0
27500, 29169, 1, 0, 0
27600, 31057, 1, 0, 0
27703, 28695, 1, 0, 0
27801, 29422, 1, 0, 0
27901, 30567, 1, 0, 0
28000, 35148, 1, 0, 0
28100, 39677, 1, 0, 0
28200, 40723, 1, 0, 0
28304, 41471, 1, 0, 0
28400, 43737, 1, 0, 0
28501, 41633, 1, 0, 0
28600, 41145, 1, 0, 0
28703, 37271, 1, 0, 0
28800, 41666, 1, 0, 0
28901, 41261, 1, 0, 0
29000, 34653, 1, 0, 0
29103, 28381, 1, 0, 0
29200, 31971, 1, 0, 0
29301, 29621, 1, 0, 0
29402, 30941, 1, 0, 0
29501, 29834, 1, 0, 0
29601, 31648, 1, 0, 0
29701, 28027, 1, 0, 0
29800, 29043, 1, 0, 0
29900, 30275, 1, 0, 0
30001, 33922, 1, 0, 0
30100, 44161, 1, 0, 0
30200, 35348, 1, 0, 0
30302, 36341, 1, 0, 0
30403, 37627, 1, 0, 0
30502, 41516, 1, 0, 0
30600, 38836, 1, 0, 0
30701, 38453, 1, 0, 0
30800, 43164, 1, 0, 0
30900, 43023, 1, 0, 0
31001, 40845, 1, 0, 0
31100, 39537, 1, 0, 0
31203, 42033, 1, 0, 0
31302, 43445, 1, 0, 0
31400, 39039, 1, 0, 0
31501, 40645, 1, 0, 0
31600, 38310, 1, 0, 0
31703, 38087, 1, 0, 0
31800, 38506, 1, 0, 0
31902, 41624, 1, 0, 0
32001, 42575, 1, 0, 0
32100, 42286, 1, 0, 0
32202, 41061, 1, 0, 0
32301, 44480, 1, 0, 0
32401, 42507, 1, 0, 0
32501, 44690, 1, 0, 0
32601, 40664, 1, 0, 0
32701, 39962, 1, 0, 0
32801, 40970, 1, 0, 0
32904, 30323, 1, 0, 0
33000, 30256, 1, 0, 0
33100, 29251, 1, 0, 0
33201, 27143, 1, 0, 0
33301, 33790, 1, 0, 0
33400, 30779, 1, 0, 0
33500, 41634, 1, 0, 0
33602, 42249, 1, 0, 0
33701, 38001, 1, 0, 0
33801, 40653, 1, 0, 0
33900, 41837, 1, 0, 0
34001, 43951, 1, 0, 0
34100, 42676, 1, 0, 0
34202, 41964, 1, 0, 0
34302, 39728, 1, 0, 0
34400, 42829, 1, 0, 0
34503, 42613, 1, 0, 0
34601, 43819, 1, 0, 0
34700, 39097, 1, 0, 0
34800, 38461, 1, 0, 0
34900, 34945, 1, 0, 0
35001, 28761, 1, 0, 0
35101, 29697, 1, 0, 0
35200, 31114, 1, 0, 0
35302, 29663, 1, 0, 0
35402, 28967, 1, 0, 0
35500, 42410, 1, 0, 0
35602, 43084, 1, 0, 0
35701, 39156, 1, 0, 0
35804, 39651, 1, 0, 0
35901, 36896, 1, 0, 0
36000, 31894, 1, 0, 0
36101, 29268, 1, 0, 0
36200, 28213, 1, 0, 0
36300, 29365, 1, 0, 0
36403, 29159, 1, 0, 0
36501, 29849, 1, 0, 0
36600, 27732, 1, 0, 0
36701, 29660, 1, 0, 0
36800, 29510, 1, 0, 0
36900, 30859, 1, 0, 0
37002, 35725, 1, 0, 0
37102, 31323, 1, 0, 0
37201, 33863, 1, 0, 0
37301, 30774, 1, 0, 0
37400, 31086, 1, 0, 0
37500, 36099, 1, 0, 0
37602, 29524, 1, 0, 0
37700, 30250, 1, 0, 0
37800, 30186, 1, 0, 0
37903, 29536, 1, 0, 0
38001, 32686, 1, 0, 0
38101, 28042, 1, 0, 0
38202, 39534, 1, 0, 0
38302, 41131, 1, 0, 0
38400, 41905, 1, 0, 0
38504, 39970, 1, 0, 0
38602, 39116, 1, 0, 0
38702, 38123, 1, 0, 0
38800, 40219, 1, 0, 0
38901, 40577, 1, 0, 0
39005, 42242, 1, 0, 0
39143, 40138, 1, 0, 0
39200, 28483, 1, 0, 0
39300, 28005, 1, 0, 0
39403, 27929, 1, 0, 0
39503, 31180, 1, 0, 0
39601, 27624, 1, 0, 0
39700, 29831, 1, 0, 0
39800, 28206, 1, 0, 0
39902, 28787, 1, 0, 0
40000, 31845, 1, 0, 0
40100, 30000, 1, 0, 0
40202, 32116, 1, 0, 0
40300, 33271, 1, 0, 0
40400, 30112, 1, 0, 0
40501, 30271, 1, 0, 0
40601, 31167, 1, 0, 0
40704, 28916, 1, 0, 0
40802, 29865, 1, 0, 0
40901, 42913, 1, 0, 0
41000, 37093, 1, 0, 0
41102, 30300, 1, 0, 0
41200, 27257, 1, 0, 0
41310, 29712, 1, 0, 0
41400, 30865, 1, 0, 0
41503, 42485, 1, 0, 0
41600, 40666, 1, 0, 0
41700, 38949, 1, 0, 0
41801, 38284, 1, 0, 0
41901, 43588, 1, 0, 0
42004, 39767, 1, 0, 0
42102, 41081, 1, 0, 0
42200, 38705, 1, 0, 0
42301, 41005, 1, 0, 0
42400, 35937, 1, 0, 0
42501, 38852, 1, 0, 0
42601, 39925, 1, 0, 0
42700, 42335, 1, 0, 0
42801, 42089, 1, 0, 0
42900, 43630, 1, 0, 0
43001, 44701, 1, 0, 0
43101, 40849, 1, 0, 0
43202, 39308, 1, 0, 0
43301, 37604, 1, 0, 0
43403, 41527, 1, 0, 0
43501, 37777, 1, 0, 0
43601, 41145, 1, 0, 0
43701, 43233, 1, 0, 0
43800, 43151, 1, 0, 0
43901, 39650, 1, 0, 0
44000, 37071, 1, 0, 0
44101, 41212, 1, 0, 0
44202, 41747, 1, 0, 0
44301, 39695, 1, 0, 0
44400, 38186, 1, 0, 0
44501, 39249, 1, 0, 0
44600, 39679, 1, 0, 0
44700, 39925, 1, 0, 0
44800, 39204, 1, 0, 0
44900, 39761, 1, 0, 0
45001, 40383, 1, 0, 0
45100, 41552, 1, 0, 0
45222, 42926, 1, 0, 0
45309, 40126, 1, 0, 0
45403, 36907, 1, 0, 0
45501, 31529, 1, 0, 0
45601, 37841, 1, 0, 0
45700, 37119, 1, 0, 0
45800, 38134, 1, 0, 0
45900, 41504, 1, 0, 0
46001, 40408, 1, 0, 0
46101, 38491, 1, 0, 0
46201, 39617, 1, 0, 0
46302, 41376, 1, 0, 0
46401, 41188, 1, 0, 0
46502, 42915, 1, 0, 0
46601, 39809, 1, 0, 0
46700, 40203, 1, 0, 0
46800, 40261, 1, 0, 0
46902, 41602, 1, 0, 0
47001, 36157, 1, 0, 0
47100, 37356, 1, 0, 0
47203, 40647, 1, 0, 0
47300, 40464, 1, 0, 0
47400, 38477, 1, 0, 0
47501, 41776, 1, 0, 0
47600, 42951, 1, 0, 0
47700, 40309, 1, 0, 0
47801, 41704, 1, 0, 0
47907, 41981, 1, 0, 0
48001, 35903, 1, 0, 0
48122, 40938, 1, 0, 0
48201, 29803, 1, 0, 0
48302, 31567, 1, 0, 0
48401, 30784, 1, 0, 0
48500, 32853, 1, 0, 0
48600, 39661, 1, 0, 0
48701, 40828, 1, 0, 0
48801, 40316, 1, 0, 0
48900, 30478, 1, 0, 0
49002, 30484, 1, 0, 0
49101, 30405, 1, 0, 0
49200, 30416, 1, 0, 0
49302, 39877, 1, 0, 0
49400, 42679, 1, 0, 0
49500, 38965, 1, 0, 0
49601, 38732, 1, 0, 0
49701, 40278, 1, 0, 0
49803, 42135, 1, 0, 0
49901, 35486, 1, 0, 0
50001, 37983, 1, 0, 0
50101, 40517, 1, 0, 0
50202, 38587, 1, 0, 0
50302, 39132, 1, 0, 0
50401, 39445, 1, 0, 0
50502, 40952, 1, 0, 0
50601, 39378, 1, 0, 0
50701, 43177, 1, 0, 0
50800, 40962, 1, 0, 0
50900, 41677, 1, 0, 0
51001, 38761, 1, 0, 0
51107, 38528, 1, 0, 0
51202, 48665, 1, 0, 0
51302, 43154, 1, 0, 0
51401, 41996, 1, 0, 0
51500, 43299, 1, 0, 0
51601, 39150, 1, 0, 0
51701, 39824, 1, 0, 0
51803, 38189, 1, 0, 0
51902, 42155, 1, 0, 0
52001, 41082, 1, 0, 0
52102, 42050, 1, 0, 0
52202, 41324, 1, 0, 0
52300, 39694, 1, 0, 0
52402, 37299, 1, 0, 0
52502, 39248, 1, 0, 0
52601, 40657, 1, 0, 0
52700, 43964, 1, 0, 0
52803, 38287, 1, 0, 0
52900, 39826, 1, 0, 0
53002, 40726, 1, 0, 0
53100, 38786, 1, 0, 0
53200, 38764, 1, 0, 0
53303, 33407, 1, 0, 0
53402, 29021, 1, 0, 0
53500, 29540, 1, 0, 0
53601, 30520, 1, 0, 0
53700, 29584, 1, 0, 0
53801, 28198, 1, 0, 0
53901, 29220, 1, 0, 0
54001, 28164, 1, 0, 0
54101, 30016, 1, 0, 0
54202, 38754, 1, 0, 0
54301, 39414, 1, 0, 0
54402, 34302, 1, 0, 0
54500, 29477, 1, 0, 0
54601, 35860, 1, 0, 0
54702, 39536, 1, 0, 0
54804, 37767, 1, 0, 0
54901, 41716, 1, 0, 0
55000, 41529, 1, 0, 0
55100, 37932, 1, 0, 0
55200, 29560, 1, 0, 0
55300, 30735, 1, 0, 0
55401, 42404, 1, 0, 0
55500, 37419, 1, 0, 0
55600, 28608, 1, 0, 0
55700, 29176, 1, 0, 0
55800, 29836, 1, 0, 0
55902, 38121, 1, 0, 0
56001, 40780, 1, 0, 0
56100, 39451, 1, 0, 0
56200, 38490, 1, 0, 0
56300, 42484, 1, 0, 0
56405, 38337, 1, 0, 0
56501, 40491, 1, 0, 0
56601, 40597, 1, 0, 0
56700, 39984, 1, 0, 0
56802, 41124, 1, 0, 0
56902, 39671, 1, 0, 0
57000, 42382, 1, 0, 0
57102, 44747, 1, 0, 0
57201, 40468, 1, 0, 0
57302, 42351, 1, 0, 0
57403, 39904, 1, 0, 0
57500, 42883, 1, 0, 0
57600, 43611, 1, 0, 0
57700, 39098, 1, 0, 0
57800, 40110, 1, 0, 0
57902, 42582, 1, 0, 0
58001, 44350, 1, 0, 0
58100, 43405, 1, 0, 0
58202, 41055, 1, 0, 0
58305, 42988, 1, 0, 0
58406, 41560, 1, 0, 0
58502, 41531, 1, 0, 0
58602, 44439, 1, 0, 0
58702, 42017, 1, 0, 0
58801, 44453, 1, 0, 0
58900, 43118, 1, 0, 0
59001, 44118, 1, 0, 0
59100, 43213, 1, 0, 0
59201, 45126, 1, 0, 0
59300, 42688, 1, 0, 0
59400, 41628, 1, 0, 0
59500, 32243, 1, 0, 0
59600, 29792, 1, 0, 0
59702, 31225, 1, 0, 0
59800, 31132, 1, 0, 0
59902, 31174, 1, 0, 0
60004, 31073, 1, 0, 0
60100, 31922, 1, 0, 0
60201, 31869, 1, 0, 0
60304, 31152, 1, 0, 0
60400, 29779, 1, 0, 0
60501, 33047, 1, 0, 0
60602, 33718, 1, 0, 0
60700, 38678, 1, 0, 0
60802, 43032, 1, 0, 0
60903, 40808, 1, 0, 0
61003, 41926, 1, 0, 0
61102, 42383, 1, 0, 0
61200, 41743, 1, 0, 0
61305, 42051, 1, 0, 0
61401, 41945, 1, 0, 0
61503, 40098, 1, 0, 0
61601, 44051, 1, 0, 0
61702, 36188, 1, 0, 0
61801, 29965, 1, 0, 0
61900, 30508, 1, 0, 0
62001, 29827, 1, 0, 0
62102, 28442, 1, 0, 0
62200, 36319, 1, 0, 0
62302, 31355, 1, 0, 0
62400, 30225, 1, 0, 0
62500, 31380, 1, 0, 0
62604, 41015, 1, 0, 0
62701, 33403, 1, 0, 0
62800, 30791, 1, 0, 0
62900, 32310, 1, 0, 0
63000, 30021, 1, 0, 0
63102, 32360, 1, 0, 0
63200, 29492, 1, 0, 0
63301, 28847, 1, 0, 0
63400, 31324, 1, 0, 0
63501, 30679, 1, 0, 0
63601, 29892, 1, 0, 0
63700, 29209, 1, 0, 0
63800, 31981, 1, 0, 0
63900, 30120, 1, 0, 0
64000, 31015, 1, 0, 0
64104, 29073, 1, 0, 0
64200, 29951, 1, 0, 0
64301, 33206, 1, 0, 0
64402, 41385, 1, 0, 0
64500, 42416, 1, 0, 0
64601, 41570, 1, 0, 0
64700, 31296, 1, 0, 0
64800, 30544, 1, 0, 0
64901, 31723, 1, 0, 0
65001, 30395, 1, 0, 0
65100, 31441, 1, 0, 0
65200, 30438, 1, 0, 0
65300, 32737, 1, 0, 0
65401, 31657, 1, 0, 0
65502, 32861, 1, 0, 0
65600, 30716, 1, 0, 0
65700, 29640, 1, 0, 0
65801, 32951, 1, 0, 0
65902, 34413, 1, 0, 0
66001, 41546, 1, 0, 0
66102, 42203, 1, 0, 0
66200, 41674, 1, 0, 0
66303, 39031, 1, 0, 0
66401, 37215, 1, 0, 0
66500, 43948, 1, 0, 0
66602, 46547, 1, 0, 0
66700, 42764, 1, 0, 0
66802, 40835, 1, 0, 0
66901, 43597, 1, 0, 0
67002, 43470, 1, 0, 0
67100, 44193, 1, 0, 0
67200, 44016, 1, 0, 0
67306, 44537, 1, 0, 0
67400, 40602, 1, 0, 0
67501, 40346, 1, 0, 0
67601, 45499, 1, 0, 0
67700, 39836, 1, 0, 0
67800, 30799, 1, 0, 0
67901, 31368, 1, 0, 0
68000, 31113, 1, 0, 0
68100, 33113, 1, 0, 0
68201, 40764, 1, 0, 0
68300, 41917, 1, 0, 0
68404, 34250, 1, 0, 0
68504, 30595, 1, 0, 0
68600, 30284, 1, 0, 0
68700, 31091, 1, 0, 0
68802, 31261, 1, 0, 0
68901, 30330, 1, 0, 0
69000, 35188, 1, 0, 0
69101, 30582, 1, 0, 0
69200, 30382, 1, 0, 0
69300, 30299, 1, 0, 0
69402, 29683, 1, 0, 0
69503, 28615, 1, 0, 0
69601, 31748, 1, 0, 0
69700, 30786, 1, 0, 0
69803, 31010, 1, 0, 0
69901, 34890, 1, 0, 0
70002, 30273, 1, 0, 0
70102, 29615, 1, 0, 0
70201, 31745, 1, 0, 0
70300, 31362, 1, 0, 0
70400, 32697, 1, 0, 0
70501, 32671, 1, 0, 0
70600, 31330, 1, 0, 0
70703, 40278, 1, 0, 0
70802, 45181, 1, 0, 0
70901, 43604, 1, 0, 0
71001, 39872, 1, 0, 0
71100, 42747, 1, 0, 0
71203, 40022, 1, 0, 0
71303, 41725, 1, 0, 0
71402, 41204, 1, 0, 0
71502, 42075, 1, 0, 0
71602, 42272, 1, 0, 0
71700, 44557, 1, 0, 0
71803, 43638, 1, 0, 0
71902, 44525, 1, 0, 0
72003, 41449, 1, 0, 0
72101, 40071, 1, 0, 0
72200, 40784, 1, 0, 0
72301, 37404, 1, 0, 0
72400, 39581, 1, 0, 0
72501, 42917, 1, 0, 0
72601, 39655, 1, 0, 0
72701, 39507, 1, 0, 0
72800, 41787, 1, 0, 0
72901, 42119, 1, 0, 0
73001, 41977, 1, 0, 0
73100, 41435, 1, 0, 0
73202, 42972, 1, 0, 0
73300, 34769, 1, 0, 0
73401, 29803, 1, 0, 0
73503, 28112, 1, 0, 0
73602, 32448, 1, 0, 0
73702, 31470, 1, 0, 0
73801, 42962, 1, 0, 0
73901, 45059, 1, 0, 0
74001, 42505, 1, 0, 0
74101, 38493, 1, 0, 0
74201, 39888, 1, 0, 0
74301, 40772, 1, 0, 0
74401, 35755, 1, 0, 0
74500, 32358, 1, 0, 0
74601, 29942, 1, 0, 0
74701, 31405, 1, 0, 0
74800, 33441, 1, 0, 0
74900, 35006, 1, 0, 0
75002, 46785, 1, 0, 0
75100, 43903, 1, 0, 0
75200, 40720, 1, 0, 0
75300, 39417, 1, 0, 0
75401, 41590, 1, 0, 0
75511, 42892, 1, 0, 0
75601, 33807, 1, 0, 0
75702, 31158, 1, 0, 0
75800, 43929, 1, 0, 0
75904, 42468, 1, 0, 0
76002, 33870, 1, 0, 0
76102, 29362, 1, 0, 0
76201, 32044, 1, 0, 0
76301, 30651, 1, 0, 0
76400, 29497, 1, 0, 0
76501, 29839, 1, 0, 0
76601, 29672, 1, 0, 0
76701, 30505, 1, 0, 0
76800, 31624, 1, 0, 0
76900, 29699, 1, 0, 0
77001, 30263, 1, 0, 0
77100, 28933, 1, 0, 0
77200, 29595, 1, 0, 0
77300, 30505, 1, 0, 0
77400, 31201, 1, 0, 0
77500, 30096, 1, 0, 0
77630, 30020, 1, 0, 0
77702, 29330, 1, 0, 0
77800, 29706, 1, 0, 0
77902, 31280, 1, 0, 0
78002, 29768, 1, 0, 0
78100, 29737, 1, 0, 0
78203, 29942, 1, 0, 0
78300, 30251, 1, 0, 0
78402, 30292, 1, 0, 0
78501, 30460, 1, 0, 0
78600, 31257, 1, 0, 0
78701, 30199, 1, 0, 0
78802, 36559, 1, 0, 0
78903, 31270, 1, 0, 0
79001, 30980, 1, 0, 0
79101, 28819, 1, 0, 0
79202, 32124, 1, 0, 0
79301, 28606, 1, 0, 0
79402, 29964, 1, 0, 0
79500, 32967, 1, 0, 0
79600, 36224, 1, 0, 0
79702, 40312, 1, 0, 0
79800, 41076, 1, 0, 0
79900, 40762, 1, 0, 0
80002, 41841, 1, 0, 0
80103, 36495, 1, 0, 0
80201, 30629, 1, 0, 0
80303, 31525, 1, 0, 0
80401, 30422, 1, 0, 0
80501, 29145, 1, 0, 0
80600, 32005, 1, 0, 0
80700, 29865, 1, 0, 0
80803, 33444, 1, 0, 0
80900, 40755, 1, 0, 0
81002, 45504, 1, 0, 0
81100, 44906, 1, 0, 0
81200, 46630, 1, 0, 0
81301, 40159, 1, 0, 0
81401, 44154, 1, 0, 0
81500, 43540, 1, 0, 0
81602, 44945, 1, 0, 0
81700, 47101, 1, 0, 0
81801, 44670, 1, 0, 0
81901, 44130, 1, 0, 0
82003, 43700, 1, 0, 0
82102, 44769, 1, 0, 0
82201, 44559, 1, 0, 0
82306, 42473, 1, 0, 0
82400, 40608, 1, 0, 0
82501, 43230, 1, 0, 0
82600, 42354, 1, 0, 0
82701, 40902, 1, 0, 0
82801, 40397, 1, 0, 0
82900, 40961, 1, 0, 0
83001, 41753, 1, 0, 0
83100, 41550, 1, 0, 0
83203, 41224, 1, 0, 0
83302, 41562, 1, 0, 0
83402, 42119, 1, 0, 0
83500, 41547, 1, 0, 0
83600, 29842, 1, 0, 0
83700, 32879, 1, 0, 0
83801, 41753, 1, 0, 0
83902, 36609, 1, 0, 0
84004, 28883, 1, 0, 0
84112, 29268, 1, 0, 0
84201, 35171, 1, 0, 0
84301, 30088, 1, 0, 0
84402, 33024, 1, 0, 0
84501, 31933, 1, 0, 0
84600, 31141, 1, 0, 0
84700, 32544, 1, 0, 0
84801, 33165, 1, 0, 0
84902, 30678, 1, 0, 0
85000, 30307, 1, 0, 0
85102, 35128, 1, 0, 0
85200, 43273, 1, 0, 0
85325, 43810, 1, 0, 0
85401, 41323, 1, 0, 0
85500, 42950, 1, 0, 0
85600, 39199, 1, 0, 0
85706, 41103, 1, 0, 0
85804, 38352, 1, 0, 0
85900, 43628, 1, 0, 0
86003, 41959, 1, 0, 0
86103, 43853, 1, 0, 0
86200, 44014, 1, 0, 0
86301, 42820, 1, 0, 0
86400, 44684, 1, 0, 0
86501, 43697, 1, 0, 0
86600, 44905, 1, 0, 0
86700, 43798, 1, 0, 0
86800, 40407, 1, 0, 0
86901, 43537, 1, 0, 0
87002, 43962, 1, 0, 0
87100, 42439, 1, 0, 0
87200, 32231, 1, 0, 0
87303, 30372, 1, 0, 0
87403, 29392, 1, 0, 0
87502, 32516, 1, 0, 0
87600, 30928, 1, 0, 0
87700, 30540, 1, 0, 0
87804, 39183, 1, 0, 0
87901, 32885, 1, 0, 0
88002, 31501, 1, 0, 0
88100, 30515, 1, 0, 0
88201, 29614, 1, 0, 0
88300, 38951, 1, 0, 0
88400, 44828, 1, 0, 0
88510, 41876, 1, 0, 0
88602, 42158, 1, 0, 0
88700, 45186, 1, 0, 0
88800, 42274, 1, 0, 0
88900, 45089, 1, 0, 0
89002, 37865, 1, 0, 0
89105, 44005, 1, 0, 0
89202, 43648, 1, 0, 0
89300, 31314, 1, 0, 0
89400, 32536, 1, 0, 0
89501, 31584, 1, 0, 0
89603, 33689, 1, 0, 0
89700, 36118, 1, 0, 0
89802, 40662, 1, 0, 0
89901, 41818, 1, 0, 0
90001, 39612, 1, 0, 0
