250, 5660, 1, 0, 0
350, 4230, 1, 0, 0
450, 3330, 1, 0, 0
550, 3780, 1, 0, 0
650, 4140, 1, 0, 0
749, 3979, 1, 0, 0
849, 3370, 1, 0, 0
949, 4310, 1, 0, 0
1050, 4590, 1, 0, 0
1150, 4250, 1, 0, 0
1249, 5555, 1, 0, 0
1349, 5550, 1, 0, 0
1449, 5160, 1, 0, 0
1549, 4840, 1, 0, 0
1649, 3310, 1, 0, 0
1750, 2840, 1, 0, 0
1850, 3000, 1, 0, 0
1950, 2870, 1, 0, 0
2050, 3370, 1, 0, 0
2150, 1740, 1, 0, 0
2249, 2888, 1, 0, 0
2349, 2680, 1, 0, 0
2449, 3310, 1, 0, 0
2550, 3030, 1, 0, 0
2650, 3380, 1, 0, 0
2749, 4010, 1, 0, 0
2849, 4420, 1, 0, 0
2949, 4690, 1, 0, 0
3049, 4320, 1, 0, 0
3149, 4450, 1, 0, 0
3250, 3870, 1, 0, 0
3350, 3850, 1, 0, 0
3450, 4080, 1, 0, 0
3550, 4500, 1, 0, 0
3650, 3670, 1, 0, 0
3749, 4484, 1, 0, 0
3849, 4240, 1, 0, 0
3949, 4410, 1, 0, 0
4049, 3610, 1, 0, 0
4150, 3970, 1, 0, 0
4250, 3970, 1, 0, 0
4350, 3390, 1, 0, 0
4450, 4410, 1, 0, 0
4550, 3490, 1, 0, 0
4650, 4510, 1, 0, 0
4749, 3515, 1, 0, 0
4849, 4190, 1, 0, 0
4949, 3100, 1, 0, 0
5050, 4830, 1, 0, 0
5150, 4470, 1, 0, 0
5249, 3353, 1, 0, 0
5349, 3480, 1, 0, 0
5449, 4000, 1, 0, 0
5549, 3920, 1, 0, 0
5649, 3810, 1, 0, 0
5749, 3590, 1, 0, 0
5849, 3650, 1, 0, 0
5949, 3820, 1, 0, 0
6050, 4050, 1, 0, 0
6150, 3690, 1, 0, 0
6249, 4030, 1, 0, 0
6349, 2040, 1, 0, 0
6449, 4160, 1, 0, 0
6549, 2990, 1, 0, 0
6649, 4630, 1, 0, 0
6749, 4420, 1, 0, 0
6850, 3870, 1, 0, 0
6950, 3830, 1, 0, 0
7050, 3950, 1, 0, 0
7150, 3990, 1, 0, 0
7249, 4202, 1, 0, 0
7349, 5480, 1, 0, 0
7449, 5470, 1, 0, 0
7550, 5710, 1, 0, 0
7650, 5320, 1, 0, 0
7750, 5500, 1, 0, 0
7850, 5900, 1, 0, 0
7950, 5230, 1, 0, 0
8050, 5440, 1, 0, 0
8150, 5630, 1, 0, 0
8250, 5363, 1, 0, 0
8350, 5640, 1, 0, 0
8450, 5550, 1, 0, 0
8550, 5900, 1, 0, 0
8650, 5380, 1, 0, 0
8749, 5515, 1, 0, 0
8849, 5590, 1, 0, 0
8949, 6130, 1, 0, 0
9049, 5670, 1, 0, 0
9149, 5640, 1, 0, 0
9250, 5710, 1, 0, 0
9350, 5560, 1, 0, 0
9450, 6170, 1, 0, 0
9550, 5300, 1, 0, 0
9650, 4060, 1, 0, 0
9749, 3969, 1, 0, 0
9849, 4550, 1, 0, 0
9949, 3820, 1, 0, 0
10050, 4190, 1, 0, 0
10150, 3900, 1, 0, 0
10249, 3939, 1, 0, 0
10349, 5390, 1, 0, 0
10449, 5220, 1, 0, 0
10549, 5950, 1, 0, 0
10649, 4690, 1, 0, 0
10749, 4550, 1, 0, 0
10849, 4190, 1, 0, 0
10950, 3940, 1, 0, 0
11050, 3700, 1, 0, 0
11150, 3960, 1, 0, 0
11249, 3373, 1, 0, 0
11349, 3950, 1, 0, 0
11449, 3450, 1, 0, 0
11549, 5070, 1, 0, 0
11649, 5840, 1, 0, 0
11750, 5380, 1, 0, 0
11850, 3330, 1, 0, 0
11950, 4190, 1, 0, 0
12050, 3530, 1, 0, 0
12150, 4220, 1, 0, 0
12249, 3949, 1, 0, 0
12349, 3250, 1, 0, 0
12449, 3600, 1, 0, 0
12549, 3960, 1, 0, 0
12649, 6080, 1, 0, 0
12750, 5430, 1, 0, 0
12850, 5630, 1, 0, 0
12950, 5600, 1, 0, 0
13050, 5830, 1, 0, 0
13150, 5960, 1, 0, 0
13249, 5131, 1, 0, 0
13349, 5720, 1, 0, 0
13449, 3920, 1, 0, 0
13550, 3320, 1, 0, 0
13650, 4050, 1, 0, 0
13749, 3959, 1, 0, 0
13849, 4100, 1, 0, 0
13949, 3600, 1, 0, 0
14049, 4440, 1, 0, 0
14149, 4710, 1, 0, 0
14249, 5290, 1, 0, 0
14350, 6100, 1, 0, 0
14450, 5400, 1, 0, 0
14550, 5410, 1, 0, 0
14650, 3540, 1, 0, 0
14749, 3717, 1, 0, 0
14849, 3050, 1, 0, 0
14949, 3980, 1, 0, 0
15049, 4430, 1, 0, 0
15149, 3740, 1, 0, 0
15249, 3580, 1, 0, 0
15349, 4010, 1, 0, 0
15450, 6000, 1, 0, 0
15550, 3770, 1, 0, 0
15650, 3580, 1, 0, 0
15749, 4050, 1, 0, 0
15849, 3150, 1, 0, 0
15949, 2900, 1, 0, 0
16049, 4170, 1, 0, 0
16149, 4430, 1, 0, 0
16250, 3140, 1, 0, 0
16350, 5400, 1, 0, 0
16450, 5800, 1, 0, 0
16550, 3970, 1, 0, 0
16650, 3460, 1, 0, 0
16749, 3929, 1, 0, 0
16849, 4270, 1, 0, 0
16949, 3490, 1, 0, 0
17049, 3150, 1, 0, 0
17150, 3840, 1, 0, 0
17250, 3200, 1, 0, 0
17350, 3900, 1, 0, 0
17450, 3870, 1, 0, 0
17550, 3470, 1, 0, 0
17650, 4130, 1, 0, 0
17749, 4545, 1, 0, 0
17849, 3840, 1, 0, 0
17949, 4590, 1, 0, 0
18050, 3190, 1, 0, 0
18150, 6150, 1, 0, 0
18249, 5020, 1, 0, 0
18349, 5760, 1, 0, 0
18449, 6220, 1, 0, 0
18549, 5350, 1, 0, 0
18649, 5790, 1, 0, 0
18749, 6150, 1, 0, 0
18849, 5580, 1, 0, 0
18949, 5670, 1, 0, 0
19050, 5890, 1, 0, 0
19150, 5510, 1, 0, 0
19249, 5555, 1, 0, 0
19349, 5470, 1, 0, 0
19449, 5360, 1, 0, 0
19549, 5800, 1, 0, 0
19649, 5790, 1, 0, 0
19749, 5900, 1, 0, 0
19850, 5740, 1, 0, 0
19950, 5360, 1, 0, 0
20050, 5310, 1, 0, 0
20150, 4070, 1, 0, 0
20249, 3909, 1, 0, 0
20349, 4000, 1, 0, 0
20449, 3980, 1, 0, 0
20549, 3510, 1, 0, 0
20650, 3740, 1, 0, 0
20750, 3980, 1, 0, 0
20850, 4590, 1, 0, 0
20950, 4700, 1, 0, 0
21050, 5920, 1, 0, 0
21150, 5240, 1, 0, 0
21249, 4797, 1, 0, 0
21349, 4800, 1, 0, 0
21449, 4240, 1, 0, 0
21550, 5030, 1, 0, 0
21650, 4260, 1, 0, 0
21750, 4590, 1, 0, 0
21850, 3830, 1, 0, 0
21950, 5320, 1, 0, 0
22050, 4370, 1, 0, 0
22150, 4250, 1, 0, 0
22249, 4555, 1, 0, 0
22349, 4660, 1, 0, 0
22449, 4500, 1, 0, 0
22549, 4290, 1, 0, 0
22650, 5200, 1, 0, 0
22750, 3860, 1, 0, 0
22850, 4880, 1, 0, 0
22950, 4560, 1, 0, 0
23050, 3800, 1, 0, 0
23150, 4710, 1, 0, 0
23249, 4212, 1, 0, 0
23349, 3930, 1, 0, 0
23449, 3940, 1, 0, 0
23550, 4290, 1, 0, 0
23650, 1960, 1, 0, 0
23749, 3181, 1, 0, 0
23849, 2780, 1, 0, 0
23949, 1770, 1, 0, 0
24049, 3480, 1, 0, 0
24149, 2740, 1, 0, 0
24250, 1820, 1, 0, 0
24350, 2960, 1, 0, 0
24450, 1760, 1, 0, 0
24550, 2880, 1, 0, 0
24650, 3070, 1, 0, 0
24749, 2747, 1, 0, 0
24849, 4390, 1, 0, 0
24949, 1790, 1, 0, 0
25049, 2960, 1, 0, 0
25150, 2560, 1, 0, 0
25250, 2870, 1, 0, 0
25350, 2450, 1, 0, 0
25450, 4430, 1, 0, 0
25550, 4360, 1, 0, 0
25650, 4830, 1, 0, 0
25749, 6090, 1, 0, 0
25849, 5680, 1, 0, 0
25949, 5750, 1, 0, 0
26049, 5500, 1, 0, 0
26150, 5630, 1, 0, 0
26250, 5250, 1, 0, 0
26350, 5620, 1, 0, 0
26450, 5420, 1, 0, 0
26550, 6170, 1, 0, 0
26650, 5770, 1, 0, 0
26749, 5606, 1, 0, 0
26849, 5070, 1, 0, 0
26949, 5780, 1, 0, 0
27050, 5840, 1, 0, 0
27150, 5560, 1, 0, 0
27249, 5818, 1, 0, 0
27349, 5720, 1, 0, 0
27449, 5190, 1, 0, 0
27549, 6230, 1, 0, 0
27649, 5680, 1, 0, 0
27749, 5400, 1, 0, 0
27849, 3640, 1, 0, 0
27950, 4110, 1, 0, 0
28050, 3150, 1, 0, 0
28150, 4230, 1, 0, 0
28249, 4878, 1, 0, 0
28349, 3510, 1, 0, 0
28449, 4240, 1, 0, 0
28549, 2850, 1, 0, 0
28649, 4390, 1, 0, 0
28750, 6270, 1, 0, 0
28850, 4930, 1, 0, 0
28950, 6320, 1, 0, 0
29050, 5680, 1, 0, 0
29150, 5080, 1, 0, 0
29249, 6080, 1, 0, 0
29349, 5170, 1, 0, 0
29450, 5710, 1, 0, 0
29550, 6200, 1, 0, 0
29650, 5370, 1, 0, 0
29750, 5939, 1, 0, 0
29850, 5400, 1, 0, 0
29950, 5430, 1, 0, 0
30050, 5390, 1, 0, 0
30150, 5590, 1, 0, 0
30249, 5626, 1, 0, 0
30349, 5500, 1, 0, 0
30449, 5660, 1, 0, 0
30549, 5510, 1, 0, 0
30649, 5890, 1, 0, 0
30750, 4990, 1, 0, 0
30850, 6230, 1, 0, 0
30950, 5920, 1, 0, 0
31050, 5710, 1, 0, 0
31150, 5270, 1, 0, 0
31249, 5575, 1, 0, 0
31349, 5840, 1, 0, 0
31449, 5340, 1, 0, 0
31550, 4560, 1, 0, 0
31650, 4500, 1, 0, 0
31749, 3787, 1, 0, 0
31849, 4530, 1, 0, 0
31949, 4600, 1, 0, 0
32049, 4150, 1, 0, 0
32149, 4580, 1, 0, 0
32249, 4450, 1, 0, 0
32349, 3620, 1, 0, 0
32450, 3900, 1, 0, 0
32550, 4740, 1, 0, 0
32650, 5000, 1, 0, 0
32749, 4555, 1, 0, 0
32849, 3180, 1, 0, 0
32949, 4030, 1, 0, 0
33049, 4030, 1, 0, 0
33149, 3310, 1, 0, 0
33250, 4070, 1, 0, 0
33350, 4350, 1, 0, 0
33450, 4080, 1, 0, 0
33550, 4300, 1, 0, 0
33650, 5100, 1, 0, 0
33749, 5404, 1, 0, 0
33849, 5590, 1, 0, 0
33949, 3350, 1, 0, 0
34050, 5200, 1, 0, 0
34150, 3650, 1, 0, 0
34249, 4010, 1, 0, 0
34349, 4870, 1, 0, 0
34449, 3540, 1, 0, 0
34549, 3930, 1, 0, 0
34649, 3590, 1, 0, 0
34749, 4100, 1, 0, 0
34849, 5800, 1, 0, 0
34949, 5450, 1, 0, 0
35050, 5450, 1, 0, 0
35150, 5500, 1, 0, 0
35249, 6060, 1, 0, 0
35349, 5720, 1, 0, 0
35449, 5690, 1, 0, 0
35549, 5500, 1, 0, 0
35649, 3740, 1, 0, 0
35749, 3940, 1, 0, 0
35850, 4010, 1, 0, 0
35950, 5440, 1, 0, 0
36050, 6020, 1, 0, 0
36150, 5710, 1, 0, 0
36249, 6181, 1, 0, 0
36349, 4320, 1, 0, 0
36449, 4390, 1, 0, 0
36549, 3650, 1, 0, 0
36649, 3840, 1, 0, 0
36750, 3880, 1, 0, 0
36850, 3450, 1, 0, 0
36950, 4090, 1, 0, 0
37050, 3840, 1, 0, 0
37150, 4430, 1, 0, 0
37249, 4202, 1, 0, 0
37349, 3960, 1, 0, 0
37449, 3360, 1, 0, 0
37550, 4200, 1, 0, 0
37650, 3370, 1, 0, 0
37749, 3575, 1, 0, 0
37849, 3870, 1, 0, 0
37949, 3880, 1, 0, 0
38049, 4180, 1, 0, 0
38149, 3930, 1, 0, 0
38249, 5240, 1, 0, 0
38349, 5540, 1, 0, 0
38449, 5630, 1, 0, 0
38550, 5770, 1, 0, 0
38650, 5360, 1, 0, 0
38749, 4141, 1, 0, 0
38849, 4060, 1, 0, 0
38949, 3520, 1, 0, 0
39049, 2870, 1, 0, 0
39149, 4290, 1, 0, 0
39250, 3930, 1, 0, 0
39350, 2870, 1, 0, 0
39450, 3250, 1, 0, 0
39550, 4410, 1, 0, 0
39650, 3850, 1, 0, 0
39749, 3979, 1, 0, 0
39849, 4460, 1, 0, 0
39949, 4070, 1, 0, 0
40050, 5610, 1, 0, 0
40150, 5860, 1, 0, 0
40249, 6131, 1, 0, 0
40349, 5170, 1, 0, 0
40449, 5620, 1, 0, 0
40549, 5920, 1, 0, 0
40649, 5320, 1, 0, 0
40749, 5830, 1, 0, 0
40849, 5330, 1, 0, 0
40949, 5200, 1, 0, 0
41050, 5430, 1, 0, 0
41150, 5780, 1, 0, 0
41249, 5424, 1, 0, 0
41349, 3930, 1, 0, 0
41449, 4020, 1, 0, 0
41549, 4890, 1, 0, 0
41649, 4070, 1, 0, 0
41750, 4600, 1, 0, 0
41850, 4270, 1, 0, 0
41950, 3980, 1, 0, 0
42050, 5850, 1, 0, 0
42150, 4270, 1, 0, 0
42249, 3656, 1, 0, 0
42349, 4230, 1, 0, 0
42449, 3210, 1, 0, 0
42549, 3330, 1, 0, 0
42649, 4250, 1, 0, 0
42750, 3850, 1, 0, 0
42850, 4730, 1, 0, 0
42950, 4450, 1, 0, 0
43050, 5800, 1, 0, 0
43150, 5280, 1, 0, 0
43249, 5636, 1, 0, 0
43349, 5320, 1, 0, 0
43449, 5720, 1, 0, 0
43550, 5600, 1, 0, 0
43650, 5860, 1, 0, 0
43749, 5616, 1, 0, 0
43849, 5700, 1, 0, 0
43949, 5030, 1, 0, 0
44049, 6020, 1, 0, 0
44149, 5090, 1, 0, 0
44249, 5920, 1, 0, 0
44349, 5530, 1, 0, 0
44450, 6070, 1, 0, 0
44550, 5330, 1, 0, 0
44650, 4100, 1, 0, 0
44749, 3959, 1, 0, 0
44849, 3970, 1, 0, 0
44949, 3180, 1, 0, 0
45049, 4210, 1, 0, 0
45149, 3760, 1, 0, 0
45249, 4600, 1, 0, 0
45350, 3240, 1, 0, 0
45450, 6170, 1, 0, 0
45550, 5560, 1, 0, 0
45650, 5420, 1, 0, 0
45749, 5606, 1, 0, 0
45849, 4070, 1, 0, 0
45949, 4180, 1, 0, 0
46049, 3140, 1, 0, 0
46149, 3600, 1, 0, 0
46250, 3960, 1, 0, 0
46350, 3230, 1, 0, 0
46450, 3220, 1, 0, 0
46550, 4250, 1, 0, 0
46650, 3810, 1, 0, 0
46749, 3565, 1, 0, 0
46849, 5570, 1, 0, 0
46949, 5520, 1, 0, 0
47050, 5490, 1, 0, 0
47150, 6030, 1, 0, 0
47249, 5646, 1, 0, 0
47349, 5410, 1, 0, 0
47449, 5430, 1, 0, 0
47549, 5300, 1, 0, 0
47649, 5960, 1, 0, 0
47749, 5270, 1, 0, 0
47849, 5970, 1, 0, 0
47949, 5620, 1, 0, 0
48050, 5470, 1, 0, 0
48150, 5950, 1, 0, 0
48249, 5808, 1, 0, 0
48349, 5720, 1, 0, 0
48450, 6360, 1, 0, 0
48550, 6160, 1, 0, 0
48650, 6070, 1, 0, 0
48749, 6373, 1, 0, 0
48849, 6090, 1, 0, 0
48949, 5710, 1, 0, 0
49049, 5430, 1, 0, 0
49149, 3590, 1, 0, 0
49250, 5490, 1, 0, 0
49350, 3030, 1, 0, 0
49450, 5310, 1, 0, 0
49550, 3750, 1, 0, 0
49650, 4520, 1, 0, 0
49749, 4010, 1, 0, 0
49849, 3740, 1, 0, 0
49949, 5960, 1, 0, 0
50050, 5240, 1, 0, 0
50150, 5200, 1, 0, 0
50249, 5666, 1, 0, 0
50349, 5430, 1, 0, 0
50449, 5590, 1, 0, 0
50549, 5540, 1, 0, 0
50649, 5380, 1, 0, 0
50749, 5540, 1, 0, 0
50849, 5380, 1, 0, 0
50950, 5970, 1, 0, 0
51050, 5390, 1, 0, 0
51150, 5430, 1, 0, 0
51249, 5414, 1, 0, 0
51349, 5500, 1, 0, 0
51449, 5370, 1, 0, 0
51549, 5530, 1, 0, 0
51650, 5670, 1, 0, 0
51750, 5130, 1, 0, 0
51850, 5900, 1, 0, 0
51950, 5330, 1, 0, 0
52050, 5430, 1, 0, 0
52150, 6280, 1, 0, 0
52249, 5595, 1, 0, 0
52349, 5550, 1, 0, 0
52449, 5610, 1, 0, 0
52550, 5770, 1, 0, 0
52650, 5440, 1, 0, 0
52749, 4666, 1, 0, 0
52849, 3720, 1, 0, 0
52949, 3500, 1, 0, 0
53049, 5300, 1, 0, 0
53149, 4080, 1, 0, 0
53249, 4310, 1, 0, 0
53349, 3550, 1, 0, 0
53449, 4670, 1, 0, 0
53550, 5880, 1, 0, 0
53650, 5750, 1, 0, 0
53749, 5353, 1, 0, 0
53849, 4730, 1, 0, 0
53949, 3070, 1, 0, 0
54049, 4360, 1, 0, 0
54149, 4010, 1, 0, 0
54250, 3830, 1, 0, 0
54350, 3590, 1, 0, 0
54450, 4170, 1, 0, 0
54550, 2910, 1, 0, 0
54650, 4520, 1, 0, 0
54749, 4545, 1, 0, 0
54849, 5520, 1, 0, 0
54949, 5750, 1, 0, 0
55049, 5970, 1, 0, 0
55149, 4810, 1, 0, 0
55250, 4600, 1, 0, 0
55350, 3440, 1, 0, 0
55450, 3620, 1, 0, 0
55550, 4100, 1, 0, 0
55650, 2850, 1, 0, 0
55749, 4555, 1, 0, 0
55849, 3790, 1, 0, 0
55949, 3380, 1, 0, 0
56050, 4140, 1, 0, 0
56150, 4380, 1, 0, 0
56249, 4656, 1, 0, 0
56349, 2900, 1, 0, 0
56449, 4480, 1, 0, 0
56549, 3430, 1, 0, 0
56649, 3990, 1, 0, 0
56749, 4210, 1, 0, 0
56849, 3540, 1, 0, 0
56950, 3800, 1, 0, 0
57050, 4010, 1, 0, 0
57150, 4100, 1, 0, 0
57249, 3030, 1, 0, 0
57349, 2690, 1, 0, 0
57449, 2830, 1, 0, 0
57549, 2870, 1, 0, 0
57649, 1840, 1, 0, 0
57749, 2810, 1, 0, 0
57850, 2900, 1, 0, 0
57950, 2240, 1, 0, 0
58050, 2580, 1, 0, 0
58150, 2640, 1, 0, 0
58249, 3070, 1, 0, 0
58349, 3030, 1, 0, 0
58449, 3980, 1, 0, 0
58549, 2620, 1, 0, 0
58649, 1640, 1, 0, 0
58750, 3020, 1, 0, 0
58850, 2810, 1, 0, 0
58950, 2880, 1, 0, 0
59050, 1500, 1, 0, 0
59150, 3220, 1, 0, 0
59249, 3424, 1, 0, 0
59349, 3220, 1, 0, 0
59449, 3280, 1, 0, 0
59549, 3580, 1, 0, 0
59650, 4210, 1, 0, 0
59750, 3650, 1, 0, 0
59850, 3270, 1, 0, 0
59950, 2760, 1, 0, 0
60050, 2410, 1, 0, 0
