250, 3440, 1, 0, 0
350, 2400, 1, 0, 0
450, 3680, 1, 0, 0
550, 3760, 1, 0, 0
650, 3760, 1, 0, 0
749, 3717, 1, 0, 0
849, 3800, 1, 0, 0
949, 3840, 1, 0, 0
1049, 3680, 1, 0, 0
1149, 3800, 1, 0, 0
1250, 2080, 1, 0, 0
1350, 4040, 1, 0, 0
1450, 3760, 1, 0, 0
1550, 3400, 1, 0, 0
1650, 2440, 1, 0, 0
1749, 3919, 1, 0, 0
1849, 3880, 1, 0, 0
1949, 3640, 1, 0, 0
2049, 3800, 1, 0, 0
2149, 4000, 1, 0, 0
2249, 3760, 1, 0, 0
2349, 3360, 1, 0, 0
2449, 3760, 1, 0, 0
2550, 3160, 1, 0, 0
2650, 4000, 1, 0, 0
2749, 3838, 1, 0, 0
2849, 3720, 1, 0, 0
2949, 3640, 1, 0, 0
3049, 3720, 1, 0, 0
3149, 3880, 1, 0, 0
3249, 3760, 1, 0, 0
3349, 3800, 1, 0, 0
3449, 3400, 1, 0, 0
3549, 3800, 1, 0, 0
3649, 3840, 1, 0, 0
3750, 3680, 1, 0, 0
3850, 3680, 1, 0, 0
3950, 3840, 1, 0, 0
4050, 3800, 1, 0, 0
4150, 3560, 1, 0, 0
4249, 3717, 1, 0, 0
4349, 3280, 1, 0, 0
4449, 2360, 1, 0, 0
4549, 3520, 1, 0, 0
4649, 3640, 1, 0, 0
4749, 3720, 1, 0, 0
4849, 3800, 1, 0, 0
4950, 3840, 1, 0, 0
5050, 3800, 1, 0, 0
5150, 3760, 1, 0, 0
5249, 3797, 1, 0, 0
5349, 3680, 1, 0, 0
5449, 3760, 1, 0, 0
5549, 3960, 1, 0, 0
5649, 3480, 1, 0, 0
5749, 3880, 1, 0, 0
5849, 3800, 1, 0, 0
5949, 3920, 1, 0, 0
6050, 3760, 1, 0, 0
6150, 3640, 1, 0, 0
6249, 3636, 1, 0, 0
6349, 4000, 1, 0, 0
6449, 3840, 1, 0, 0
6549, 3800, 1, 0, 0
6649, 3680, 1, 0, 0
6749, 3640, 1, 0, 0
6849, 3760, 1, 0, 0
6949, 3560, 1, 0, 0
7049, 3840, 1, 0, 0
7149, 3720, 1, 0, 0
7250, 3760, 1, 0, 0
7350, 3720, 1, 0, 0
7450, 3720, 1, 0, 0
7550, 3680, 1, 0, 0
7650, 3560, 1, 0, 0
7749, 3636, 1, 0, 0
7849, 3880, 1, 0, 0
7949, 3800, 1, 0, 0
8049, 3720, 1, 0, 0
8149, 3720, 1, 0, 0
8249, 3680, 1, 0, 0
8349, 3600, 1, 0, 0
8449, 3760, 1, 0, 0
8550, 3520, 1, 0, 0
8650, 3720, 1, 0, 0
8749, 3393, 1, 0, 0
8849, 3680, 1, 0, 0
8949, 3680, 1, 0, 0
9049, 3520, 1, 0, 0
9149, 3520, 1, 0, 0
9249, 3760, 1, 0, 0
9349, 3720, 1, 0, 0
9449, 3840, 1, 0, 0
9549, 2200, 1, 0, 0
9649, 4040, 1, 0, 0
9750, 4000, 1, 0, 0
9850, 3880, 1, 0, 0
9950, 3680, 1, 0, 0
10050, 3720, 1, 0, 0
10150, 3600, 1, 0, 0
10249, 3797, 1, 0, 0
10349, 2720, 1, 0, 0
10449, 3360, 1, 0, 0
10549, 3920, 1, 0, 0
10649, 3720, 1, 0, 0
10749, 3800, 1, 0, 0
10850, 3720, 1, 0, 0
10950, 3960, 1, 0, 0
11050, 3640, 1, 0, 0
11150, 3720, 1, 0, 0
11249, 3757, 1, 0, 0
11349, 3800, 1, 0, 0
11449, 3560, 1, 0, 0
11549, 3640, 1, 0, 0
11649, 3760, 1, 0, 0
11749, 3840, 1, 0, 0
11849, 3640, 1, 0, 0
11949, 3800, 1, 0, 0
12050, 3880, 1, 0, 0
12150, 3480, 1, 0, 0
12249, 3636, 1, 0, 0
12349, 3280, 1, 0, 0
12449, 3520, 1, 0, 0
12549, 3720, 1, 0, 0
12649, 3360, 1, 0, 0
12749, 3720, 1, 0, 0
12849, 3880, 1, 0, 0
12949, 3760, 1, 0, 0
13049, 3760, 1, 0, 0
13149, 3800, 1, 0, 0
13250, 3640, 1, 0, 0
13350, 3680, 1, 0, 0
13450, 3480, 1, 0, 0
13550, 3800, 1, 0, 0
13650, 3640, 1, 0, 0
13749, 3797, 1, 0, 0
13849, 3760, 1, 0, 0
13949, 3760, 1, 0, 0
14049, 3920, 1, 0, 0
14149, 3680, 1, 0, 0
14249, 3840, 1, 0, 0
14350, 3800, 1, 0, 0
14450, 3640, 1, 0, 0
14550, 3760, 1, 0, 0
14650, 3560, 1, 0, 0
14749, 3717, 1, 0, 0
14849, 3880, 1, 0, 0
14949, 3840, 1, 0, 0
15049, 3920, 1, 0, 0
15149, 3760, 1, 0, 0
15249, 3640, 1, 0, 0
15349, 3800, 1, 0, 0
15449, 3360, 1, 0, 0
15550, 3720, 1, 0, 0
15650, 3800, 1, 0, 0
15749, 3757, 1, 0, 0
15849, 3800, 1, 0, 0
15949, 3800, 1, 0, 0
16049, 3800, 1, 0, 0
16149, 3840, 1, 0, 0
16249, 3320, 1, 0, 0
16349, 3840, 1, 0, 0
16449, 3400, 1, 0, 0
16549, 3920, 1, 0, 0
16649, 3560, 1, 0, 0
16750, 3680, 1, 0, 0
16850, 3680, 1, 0, 0
16950, 3720, 1, 0, 0
17050, 3760, 1, 0, 0
17150, 3760, 1, 0, 0
17249, 3797, 1, 0, 0
17349, 3880, 1, 0, 0
17449, 3560, 1, 0, 0
17549, 3520, 1, 0, 0
17649, 3240, 1, 0, 0
17749, 3840, 1, 0, 0
17849, 3600, 1, 0, 0
17950, 3720, 1, 0, 0
18050, 3520, 1, 0, 0
18150, 3600, 1, 0, 0
18249, 3636, 1, 0, 0
18349, 3760, 1, 0, 0
18449, 3480, 1, 0, 0
18549, 3600, 1, 0, 0
18649, 3840, 1, 0, 0
18749, 3720, 1, 0, 0
18849, 3560, 1, 0, 0
18949, 3920, 1, 0, 0
19050, 3720, 1, 0, 0
19150, 3760, 1, 0, 0
19249, 3676, 1, 0, 0
19349, 3640, 1, 0, 0
19449, 3760, 1, 0, 0
19549, 3680, 1, 0, 0
19649, 3800, 1, 0, 0
19749, 3680, 1, 0, 0
19849, 3760, 1, 0, 0
19949, 3800, 1, 0, 0
20049, 3720, 1, 0, 0
20149, 3760, 1, 0, 0
20250, 3640, 1, 0, 0
20350, 3480, 1, 0, 0
20450, 3720, 1, 0, 0
20550, 3720, 1, 0, 0
20650, 3640, 1, 0, 0
20749, 3595, 1, 0, 0
20849, 3600, 1, 0, 0
20949, 3840, 1, 0, 0
21049, 3760, 1, 0, 0
21149, 3720, 1, 0, 0
21249, 3640, 1, 0, 0
21349, 3600, 1, 0, 0
21449, 3880, 1, 0, 0
21550, 3760, 1, 0, 0
21650, 3560, 1, 0, 0
21749, 3797, 1, 0, 0
21849, 3840, 1, 0, 0
21949, 3760, 1, 0, 0
22049, 3840, 1, 0, 0
22149, 3680, 1, 0, 0
22249, 3680, 1, 0, 0
22349, 3800, 1, 0, 0
22449, 3480, 1, 0, 0
22549, 3840, 1, 0, 0
22650, 3760, 1, 0, 0
22749, 3515, 1, 0, 0
22849, 3640, 1, 0, 0
22949, 3840, 1, 0, 0
23049, 3640, 1, 0, 0
23149, 3760, 1, 0, 0
23249, 3600, 1, 0, 0
23349, 3920, 1, 0, 0
23449, 3640, 1, 0, 0
23549, 3640, 1, 0, 0
23649, 3280, 1, 0, 0
23750, 3920, 1, 0, 0
23850, 3640, 1, 0, 0
23950, 3920, 1, 0, 0
24050, 3880, 1, 0, 0
24150, 3720, 1, 0, 0
24249, 3959, 1, 0, 0
24349, 3680, 1, 0, 0
24449, 3800, 1, 0, 0
24549, 3240, 1, 0, 0
24649, 3920, 1, 0, 0
24749, 3880, 1, 0, 0
24849, 3840, 1, 0, 0
24950, 3840, 1, 0, 0
25050, 3520, 1, 0, 0
25150, 3760, 1, 0, 0
25249, 3878, 1, 0, 0
25349, 3760, 1, 0, 0
25449, 3880, 1, 0, 0
25549, 3680, 1, 0, 0
25649, 3440, 1, 0, 0
25749, 3800, 1, 0, 0
25849, 3800, 1, 0, 0
25949, 3760, 1, 0, 0
26049, 3800, 1, 0, 0
26149, 3840, 1, 0, 0
26250, 3960, 1, 0, 0
26350, 3520, 1, 0, 0
26450, 3800, 1, 0, 0
26550, 3560, 1, 0, 0
26650, 3920, 1, 0, 0
26749, 3878, 1, 0, 0
26849, 3840, 1, 0, 0
26949, 3840, 1, 0, 0
27049, 3760, 1, 0, 0
27149, 3800, 1, 0, 0
27249, 3880, 1, 0, 0
27349, 3720, 1, 0, 0
27450, 3720, 1, 0, 0
27550, 3800, 1, 0, 0
27650, 3760, 1, 0, 0
27749, 3878, 1, 0, 0
27849, 3600, 1, 0, 0
27949, 3800, 1, 0, 0
28049, 3720, 1, 0, 0
28149, 3880, 1, 0, 0
28249, 3760, 1, 0, 0
28349, 3400, 1, 0, 0
28449, 3680, 1, 0, 0
28549, 3680, 1, 0, 0
28650, 3520, 1, 0, 0
28749, 3757, 1, 0, 0
28849, 3120, 1, 0, 0
28949, 2760, 1, 0, 0
29049, 3800, 1, 0, 0
29149, 3880, 1, 0, 0
29249, 3640, 1, 0, 0
29349, 3600, 1, 0, 0
29449, 3840, 1, 0, 0
29549, 3680, 1, 0, 0
29649, 3760, 1, 0, 0
29750, 3440, 1, 0, 0
29850, 2080, 1, 0, 0
29950, 3920, 1, 0, 0
30050, 3680, 1, 0, 0
30150, 3800, 1, 0, 0
30249, 3717, 1, 0, 0
30349, 3360, 1, 0, 0
30449, 3480, 1, 0, 0
30549, 3320, 1, 0, 0
30649, 3400, 1, 0, 0
30750, 2760, 1, 0, 0
30850, 3160, 1, 0, 0
30950, 3680, 1, 0, 0
31050, 3720, 1, 0, 0
31150, 3600, 1, 0, 0
31249, 3434, 1, 0, 0
31349, 3240, 1, 0, 0
31449, 3000, 1, 0, 0
31549, 3040, 1, 0, 0
31649, 3160, 1, 0, 0
31749, 3760, 1, 0, 0
31849, 3200, 1, 0, 0
31950, 3960, 1, 0, 0
32050, 3840, 1, 0, 0
32150, 3800, 1, 0, 0
32249, 3717, 1, 0, 0
32349, 3680, 1, 0, 0
32449, 3680, 1, 0, 0
32549, 2320, 1, 0, 0
32650, 3320, 1, 0, 0
32750, 3720, 1, 0, 0
32850, 3760, 1, 0, 0
32950, 3760, 1, 0, 0
33050, 3840, 1, 0, 0
33150, 3760, 1, 0, 0
33249, 3717, 1, 0, 0
33349, 3600, 1, 0, 0
33449, 3760, 1, 0, 0
33549, 3640, 1, 0, 0
33649, 3280, 1, 0, 0
33750, 3760, 1, 0, 0
33850, 3400, 1, 0, 0
33950, 3720, 1, 0, 0
34050, 3760, 1, 0, 0
34150, 3720, 1, 0, 0
34249, 3676, 1, 0, 0
34349, 3840, 1, 0, 0
34449, 3720, 1, 0, 0
34549, 3800, 1, 0, 0
34649, 3560, 1, 0, 0
34749, 3680, 1, 0, 0
34849, 3560, 1, 0, 0
34949, 3640, 1, 0, 0
35050, 3680, 1, 0, 0
35150, 3640, 1, 0, 0
35249, 3797, 1, 0, 0
35349, 3760, 1, 0, 0
35449, 3640, 1, 0, 0
35549, 3600, 1, 0, 0
35649, 3480, 1, 0, 0
35749, 3840, 1, 0, 0
35849, 3760, 1, 0, 0
35949, 3560, 1, 0, 0
36049, 3800, 1, 0, 0
36150, 3720, 1, 0, 0
36249, 3878, 1, 0, 0
36349, 3480, 1, 0, 0
36449, 3200, 1, 0, 0
36549, 3880, 1, 0, 0
36649, 3760, 1, 0, 0
36749, 3480, 1, 0, 0
36849, 3720, 1, 0, 0
36949, 3640, 1, 0, 0
37049, 3720, 1, 0, 0
37149, 3800, 1, 0, 0
37250, 3920, 1, 0, 0
37350, 3680, 1, 0, 0
37450, 3600, 1, 0, 0
37550, 3800, 1, 0, 0
37650, 3600, 1, 0, 0
37749, 3959, 1, 0, 0
37849, 3800, 1, 0, 0
37949, 3720, 1, 0, 0
38049, 3880, 1, 0, 0
38149, 3640, 1, 0, 0
38249, 3480, 1, 0, 0
38349, 3640, 1, 0, 0
38449, 3680, 1, 0, 0
38550, 3720, 1, 0, 0
38650, 3640, 1, 0, 0
38749, 3838, 1, 0, 0
38849, 3720, 1, 0, 0
38949, 3640, 1, 0, 0
39049, 3640, 1, 0, 0
39149, 3760, 1, 0, 0
39249, 3640, 1, 0, 0
39349, 3480, 1, 0, 0
39449, 3520, 1, 0, 0
39549, 3600, 1, 0, 0
39649, 3520, 1, 0, 0
39750, 3720, 1, 0, 0
39850, 3440, 1, 0, 0
39950, 3400, 1, 0, 0
40050, 3720, 1, 0, 0
40150, 3640, 1, 0, 0
40249, 3555, 1, 0, 0
40349, 3480, 1, 0, 0
40449, 3560, 1, 0, 0
40549, 3400, 1, 0, 0
40649, 3600, 1, 0, 0
40749, 3480, 1, 0, 0
40849, 3760, 1, 0, 0
40949, 3320, 1, 0, 0
41050, 3400, 1, 0, 0
41150, 3440, 1, 0, 0
41249, 3636, 1, 0, 0
41349, 3600, 1, 0, 0
41449, 3680, 1, 0, 0
41549, 3600, 1, 0, 0
41649, 3480, 1, 0, 0
41749, 2880, 1, 0, 0
41849, 2840, 1, 0, 0
41949, 3440, 1, 0, 0
42049, 3760, 1, 0, 0
42149, 3800, 1, 0, 0
42250, 3800, 1, 0, 0
42350, 3720, 1, 0, 0
42450, 3560, 1, 0, 0
42550, 3800, 1, 0, 0
42650, 3480, 1, 0, 0
42749, 3676, 1, 0, 0
42849, 3080, 1, 0, 0
42949, 3640, 1, 0, 0
43049, 3440, 1, 0, 0
43149, 3760, 1, 0, 0
43249, 3520, 1, 0, 0
43349, 3800, 1, 0, 0
43449, 3800, 1, 0, 0
43550, 3520, 1, 0, 0
43650, 3560, 1, 0, 0
43749, 3757, 1, 0, 0
43849, 3320, 1, 0, 0
43949, 3520, 1, 0, 0
44049, 3640, 1, 0, 0
44149, 3640, 1, 0, 0
44249, 3960, 1, 0, 0
44349, 3480, 1, 0, 0
44449, 3400, 1, 0, 0
44550, 3240, 1, 0, 0
44650, 3560, 1, 0, 0
44749, 3797, 1, 0, 0
44849, 3720, 1, 0, 0
44949, 3440, 1, 0, 0
45049, 3520, 1, 0, 0
45149, 3760, 1, 0, 0
45249, 3520, 1, 0, 0
45349, 3680, 1, 0, 0
45449, 3560, 1, 0, 0
45549, 3600, 1, 0, 0
45649, 3640, 1, 0, 0
45750, 3360, 1, 0, 0
45850, 3640, 1, 0, 0
45950, 3840, 1, 0, 0
46050, 3680, 1, 0, 0
46150, 3600, 1, 0, 0
46249, 3595, 1, 0, 0
46349, 3520, 1, 0, 0
46449, 3800, 1, 0, 0
46549, 2880, 1, 0, 0
46649, 3760, 1, 0, 0
46749, 3680, 1, 0, 0
46849, 3440, 1, 0, 0
46949, 3240, 1, 0, 0
47050, 3720, 1, 0, 0
47150, 3680, 1, 0, 0
47249, 3555, 1, 0, 0
47349, 3680, 1, 0, 0
47449, 3840, 1, 0, 0
47549, 3480, 1, 0, 0
47649, 3880, 1, 0, 0
47749, 3520, 1, 0, 0
47849, 3600, 1, 0, 0
47949, 3720, 1, 0, 0
48049, 3640, 1, 0, 0
48150, 3760, 1, 0, 0
48250, 3600, 1, 0, 0
48350, 3600, 1, 0, 0
48450, 3520, 1, 0, 0
48550, 3600, 1, 0, 0
48650, 3760, 1, 0, 0
48749, 3151, 1, 0, 0
48849, 3920, 1, 0, 0
48949, 3600, 1, 0, 0
49049, 3920, 1, 0, 0
49149, 3800, 1, 0, 0
49249, 3760, 1, 0, 0
49350, 3720, 1, 0, 0
49450, 3800, 1, 0, 0
49550, 3600, 1, 0, 0
49650, 3720, 1, 0, 0
49749, 3272, 1, 0, 0
49849, 3600, 1, 0, 0
49949, 3480, 1, 0, 0
50049, 3680, 1, 0, 0
50149, 3840, 1, 0, 0
50249, 3760, 1, 0, 0
50349, 3880, 1, 0, 0
50449, 3720, 1, 0, 0
50550, 3560, 1, 0, 0
50650, 3680, 1, 0, 0
50749, 3474, 1, 0, 0
50849, 3560, 1, 0, 0
50949, 3920, 1, 0, 0
51049, 3360, 1, 0, 0
51149, 3760, 1, 0, 0
51249, 3560, 1, 0, 0
51349, 3600, 1, 0, 0
51449, 3560, 1, 0, 0
51549, 3800, 1, 0, 0
51650, 3080, 1, 0, 0
51750, 3400, 1, 0, 0
51850, 3840, 1, 0, 0
51950, 3280, 1, 0, 0
52050, 3840, 1, 0, 0
52150, 3760, 1, 0, 0
52249, 3838, 1, 0, 0
52349, 3760, 1, 0, 0
52449, 3640, 1, 0, 0
52549, 3680, 1, 0, 0
52650, 3680, 1, 0, 0
52750, 3720, 1, 0, 0
52850, 3880, 1, 0, 0
52950, 3720, 1, 0, 0
53050, 3800, 1, 0, 0
53150, 3840, 1, 0, 0
53249, 3676, 1, 0, 0
53349, 3480, 1, 0, 0
53449, 3880, 1, 0, 0
53549, 3640, 1, 0, 0
53649, 3760, 1, 0, 0
53749, 3640, 1, 0, 0
53849, 3600, 1, 0, 0
53950, 3720, 1, 0, 0
54050, 3880, 1, 0, 0
54150, 3640, 1, 0, 0
54249, 3757, 1, 0, 0
54349, 3440, 1, 0, 0
54449, 3560, 1, 0, 0
54549, 3520, 1, 0, 0
54649, 3760, 1, 0, 0
54749, 3200, 1, 0, 0
54849, 3800, 1, 0, 0
54949, 3880, 1, 0, 0
55049, 3560, 1, 0, 0
55149, 3240, 1, 0, 0
55250, 3720, 1, 0, 0
55350, 3560, 1, 0, 0
55450, 3680, 1, 0, 0
55550, 3640, 1, 0, 0
55650, 3720, 1, 0, 0
55749, 3757, 1, 0, 0
55849, 3760, 1, 0, 0
55949, 3560, 1, 0, 0
56049, 3160, 1, 0, 0
56149, 3760, 1, 0, 0
56250, 3680, 1, 0, 0
56350, 3800, 1, 0, 0
56450, 3680, 1, 0, 0
56550, 3680, 1, 0, 0
56650, 3320, 1, 0, 0
56749, 3878, 1, 0, 0
56849, 2280, 1, 0, 0
56949, 3960, 1, 0, 0
57049, 3360, 1, 0, 0
57149, 3680, 1, 0, 0
57249, 3600, 1, 0, 0
57349, 3640, 1, 0, 0
57449, 3640, 1, 0, 0
57550, 3760, 1, 0, 0
57650, 3640, 1, 0, 0
57749, 3717, 1, 0, 0
57849, 3680, 1, 0, 0
57949, 3720, 1, 0, 0
58049, 3560, 1, 0, 0
58149, 3760, 1, 0, 0
58249, 3600, 1, 0, 0
58349, 3840, 1, 0, 0
58449, 3520, 1, 0, 0
58549, 3800, 1, 0, 0
58649, 3560, 1, 0, 0
58750, 3520, 1, 0, 0
58850, 3480, 1, 0, 0
58950, 3360, 1, 0, 0
59050, 3880, 1, 0, 0
59150, 2560, 1, 0, 0
59249, 3838, 1, 0, 0
59349, 3920, 1, 0, 0
59449, 3840, 1, 0, 0
59549, 3760, 1, 0, 0
59649, 3760, 1, 0, 0
59749, 3760, 1, 0, 0
59849, 3400, 1, 0, 0
59950, 3840, 1, 0, 0
60050, 3600, 1, 0, 0
60150, 3800, 1, 0, 0
60249, 3272, 1, 0, 0
60349, 3800, 1, 0, 0
60449, 3800, 1, 0, 0
60549, 3640, 1, 0, 0
60649, 3840, 1, 0, 0
60749, 3680, 1, 0, 0
60849, 3640, 1, 0, 0
60949, 3760, 1, 0, 0
61049, 3160, 1, 0, 0
61150, 3760, 1, 0, 0
61250, 3920, 1, 0, 0
61350, 3640, 1, 0, 0
61450, 3680, 1, 0, 0
61550, 3840, 1, 0, 0
61650, 3720, 1, 0, 0
61749, 3515, 1, 0, 0
61849, 3520, 1, 0, 0
61949, 3760, 1, 0, 0
62049, 3040, 1, 0, 0
62149, 2520, 1, 0, 0
62250, 3960, 1, 0, 0
62350, 3880, 1, 0, 0
62450, 3880, 1, 0, 0
62550, 3600, 1, 0, 0
62650, 3680, 1, 0, 0
62749, 3434, 1, 0, 0
62849, 3600, 1, 0, 0
62949, 3600, 1, 0, 0
63049, 3880, 1, 0, 0
63149, 3520, 1, 0, 0
63249, 3440, 1, 0, 0
63349, 3600, 1, 0, 0
63449, 3640, 1, 0, 0
63550, 3640, 1, 0, 0
63650, 3680, 1, 0, 0
63749, 3474, 1, 0, 0
63849, 3400, 1, 0, 0
63949, 3800, 1, 0, 0
64049, 3760, 1, 0, 0
64149, 2120, 1, 0, 0
64249, 3880, 1, 0, 0
64349, 3680, 1, 0, 0
64449, 3560, 1, 0, 0
64549, 3440, 1, 0, 0
64649, 3720, 1, 0, 0
64750, 3680, 1, 0, 0
64850, 3320, 1, 0, 0
64950, 3360, 1, 0, 0
65050, 3760, 1, 0, 0
65150, 2200, 1, 0, 0
65249, 3474, 1, 0, 0
65349, 3920, 1, 0, 0
65449, 3600, 1, 0, 0
65549, 3720, 1, 0, 0
65649, 3760, 1, 0, 0
65749, 3440, 1, 0, 0
65850, 1600, 1, 0, 0
65950, 2840, 1, 0, 0
66050, 3920, 1, 0, 0
66150, 3560, 1, 0, 0
66249, 3838, 1, 0, 0
66349, 3840, 1, 0, 0
66449, 3800, 1, 0, 0
66549, 3640, 1, 0, 0
66649, 3720, 1, 0, 0
66749, 2360, 1, 0, 0
66849, 2800, 1, 0, 0
66950, 3920, 1, 0, 0
67050, 3760, 1, 0, 0
67150, 4000, 1, 0, 0
67249, 2666, 1, 0, 0
67349, 3960, 1, 0, 0
67449, 3760, 1, 0, 0
67549, 3840, 1, 0, 0
67649, 3800, 1, 0, 0
67749, 3800, 1, 0, 0
67849, 3640, 1, 0, 0
67949, 3560, 1, 0, 0
68050, 3480, 1, 0, 0
68150, 3640, 1, 0, 0
68249, 3717, 1, 0, 0
68349, 3760, 1, 0, 0
68449, 3720, 1, 0, 0
68549, 3680, 1, 0, 0
68649, 3800, 1, 0, 0
68749, 3760, 1, 0, 0
68849, 3680, 1, 0, 0
68949, 3520, 1, 0, 0
69049, 3720, 1, 0, 0
69150, 3560, 1, 0, 0
69250, 3680, 1, 0, 0
69350, 3720, 1, 0, 0
69450, 3880, 1, 0, 0
69550, 3720, 1, 0, 0
69650, 3760, 1, 0, 0
69749, 3595, 1, 0, 0
69849, 3720, 1, 0, 0
69949, 3680, 1, 0, 0
70049, 3760, 1, 0, 0
70149, 3720, 1, 0, 0
70249, 3160, 1, 0, 0
70350, 3880, 1, 0, 0
70450, 3480, 1, 0, 0
70550, 3720, 1, 0, 0
70650, 3640, 1, 0, 0
70749, 3797, 1, 0, 0
70849, 3760, 1, 0, 0
70949, 3320, 1, 0, 0
71049, 3800, 1, 0, 0
71149, 3680, 1, 0, 0
71249, 3600, 1, 0, 0
71349, 3760, 1, 0, 0
71449, 3880, 1, 0, 0
71550, 3760, 1, 0, 0
71650, 3800, 1, 0, 0
71749, 3838, 1, 0, 0
71849, 3320, 1, 0, 0
71949, 3480, 1, 0, 0
72049, 3800, 1, 0, 0
72149, 3800, 1, 0, 0
72249, 2920, 1, 0, 0
72349, 3200, 1, 0, 0
72449, 3880, 1, 0, 0
72549, 3840, 1, 0, 0
72649, 3720, 1, 0, 0
72750, 3760, 1, 0, 0
72850, 3560, 1, 0, 0
72950, 2960, 1, 0, 0
73050, 120, 1, 0, 0
73150, 1360, 1, 0, 0
73249, 606, 1, 0, 0
73349, 3440, 1, 0, 0
73449, 3920, 1, 0, 0
73549, 3960, 1, 0, 0
73649, 3720, 1, 0, 0
73749, 3880, 1, 0, 0
73849, 3400, 1, 0, 0
73949, 3560, 1, 0, 0
74050, 520, 1, 0, 0
74150, 3840, 1, 0, 0
74249, 3919, 1, 0, 0
74349, 4040, 1, 0, 0
74449, 3840, 1, 0, 0
74549, 3960, 1, 0, 0
74649, 3640, 1, 0, 0
74749, 3840, 1, 0, 0
74849, 3720, 1, 0, 0
74949, 3720, 1, 0, 0
75049, 3120, 1, 0, 0
75149, 3720, 1, 0, 0
75250, 3600, 1, 0, 0
75350, 3400, 1, 0, 0
75450, 3760, 1, 0, 0
75550, 3800, 1, 0, 0
75650, 3720, 1, 0, 0
75749, 3676, 1, 0, 0
75849, 3720, 1, 0, 0
75949, 3560, 1, 0, 0
76049, 3520, 1, 0, 0
76149, 3680, 1, 0, 0
76249, 3240, 1, 0, 0
76350, 3600, 1, 0, 0
76450, 3800, 1, 0, 0
76550, 3640, 1, 0, 0
76650, 3480, 1, 0, 0
76749, 3676, 1, 0, 0
76849, 3560, 1, 0, 0
76949, 3680, 1, 0, 0
77049, 3520, 1, 0, 0
77149, 2320, 1, 0, 0
77249, 3920, 1, 0, 0
77349, 3120, 1, 0, 0
77449, 3760, 1, 0, 0
77550, 3760, 1, 0, 0
77650, 3640, 1, 0, 0
77749, 3797, 1, 0, 0
77849, 3760, 1, 0, 0
77949, 3760, 1, 0, 0
78049, 3240, 1, 0, 0
78149, 1880, 1, 0, 0
78249, 3720, 1, 0, 0
78349, 3520, 1, 0, 0
78449, 3640, 1, 0, 0
78549, 3800, 1, 0, 0
78649, 3640, 1, 0, 0
78750, 3840, 1, 0, 0
78850, 3840, 1, 0, 0
78950, 2960, 1, 0, 0
79050, 3640, 1, 0, 0
79150, 3120, 1, 0, 0
79249, 3515, 1, 0, 0
79349, 3440, 1, 0, 0
79449, 3440, 1, 0, 0
79549, 3440, 1, 0, 0
79649, 3400, 1, 0, 0
79749, 3480, 1, 0, 0
79849, 3360, 1, 0, 0
79950, 3280, 1, 0, 0
80050, 3240, 1, 0, 0
80150, 3200, 1, 0, 0
80249, 3434, 1, 0, 0
80349, 3080, 1, 0, 0
80449, 3520, 1, 0, 0
80549, 3240, 1, 0, 0
80649, 3520, 1, 0, 0
80749, 3400, 1, 0, 0
80849, 3400, 1, 0, 0
80949, 3440, 1, 0, 0
81049, 3320, 1, 0, 0
81150, 3280, 1, 0, 0
81249, 3353, 1, 0, 0
81349, 3640, 1, 0, 0
81449, 3480, 1, 0, 0
81549, 3280, 1, 0, 0
81649, 3360, 1, 0, 0
81749, 3120, 1, 0, 0
81849, 3480, 1, 0, 0
81949, 3120, 1, 0, 0
82049, 3280, 1, 0, 0
82149, 3240, 1, 0, 0
82250, 3240, 1, 0, 0
82350, 3320, 1, 0, 0
82450, 3240, 1, 0, 0
82550, 3640, 1, 0, 0
82650, 3360, 1, 0, 0
82749, 3434, 1, 0, 0
82849, 3440, 1, 0, 0
82949, 3520, 1, 0, 0
83049, 3120, 1, 0, 0
83149, 3240, 1, 0, 0
83250, 1640, 1, 0, 0
83350, 1120, 1, 0, 0
83450, 520, 1, 0, 0
83550, 480, 1, 0, 0
83650, 2960, 1, 0, 0
83749, 3595, 1, 0, 0
83849, 3640, 1, 0, 0
83949, 3760, 1, 0, 0
84049, 1360, 1, 0, 0
84450, 480, 1, 0, 0
84550, 3600, 1, 0, 0
84650, 3560, 1, 0, 0
84749, 3555, 1, 0, 0
84849, 3640, 1, 0, 0
84949, 3720, 1, 0, 0
85049, 3000, 1, 0, 0
85149, 3560, 1, 0, 0
85250, 3480, 1, 0, 0
85350, 3520, 1, 0, 0
85450, 3080, 1, 0, 0
85550, 3560, 1, 0, 0
85650, 3520, 1, 0, 0
85749, 3353, 1, 0, 0
85849, 3720, 1, 0, 0
85949, 3480, 1, 0, 0
86049, 1760, 1, 0, 0
86149, 2960, 1, 0, 0
86249, 3360, 1, 0, 0
86350, 3160, 1, 0, 0
86450, 3200, 1, 0, 0
86550, 2920, 1, 0, 0
86650, 3200, 1, 0, 0
86749, 3393, 1, 0, 0
86849, 3400, 1, 0, 0
86949, 2560, 1, 0, 0
87049, 2680, 1, 0, 0
87149, 3680, 1, 0, 0
87249, 3560, 1, 0, 0
87349, 3320, 1, 0, 0
87449, 2560, 1, 0, 0
87549, 3520, 1, 0, 0
87650, 3560, 1, 0, 0
87750, 3440, 1, 0, 0
87850, 3120, 1, 0, 0
87950, 3360, 1, 0, 0
88050, 1840, 1, 0, 0
88150, 3240, 1, 0, 0
88249, 3636, 1, 0, 0
88349, 920, 1, 0, 0
88449, 2400, 1, 0, 0
88549, 1720, 1, 0, 0
88749, 606, 1, 0, 0
88849, 3600, 1, 0, 0
88949, 3800, 1, 0, 0
89049, 3280, 1, 0, 0
89149, 1920, 1, 0, 0
89249, 3440, 1, 0, 0
89349, 3520, 1, 0, 0
89449, 2920, 1, 0, 0
89550, 3400, 1, 0, 0
89650, 3720, 1, 0, 0
89749, 3676, 1, 0, 0
89849, 3440, 1, 0, 0
89949, 3480, 1, 0, 0
