101, 8818787, 0, 0, 0
209, 10338544, 0, 0, 0
303, 10297519, 0, 0, 0
407, 8913710, 0, 0, 0
509, 11721766, 0, 0, 0
618, 13394364, 0, 0, 0
705, 9789655, 0, 0, 0
803, 7797145, 0, 0, 0
904, 8758994, 0, 0, 0
1008, 8501452, 0, 0, 0
1103, 10792665, 0, 0, 0
1209, 9812121, 0, 0, 0
1306, 13012041, 0, 0, 0
1401, 11132224, 0, 0, 0
1505, 13222929, 0, 0, 0
1601, 12672547, 0, 0, 0
1707, 10675497, 0, 0, 0
1801, 10768353, 0, 0, 0
1905, 8791141, 0, 0, 0
2000, 11688852, 0, 0, 0
2104, 9983054, 0, 0, 0
2201, 13491274, 0, 0, 0
2301, 9984052, 0, 0, 0
2404, 9958791, 0, 0, 0
2506, 11154272, 0, 0, 0
2601, 9775887, 0, 0, 0
2704, 10417461, 0, 0, 0
2801, 11029246, 0, 0, 0
2904, 10872888, 0, 0, 0
3002, 11245594, 0, 0, 0
3102, 12782870, 0, 0, 0
3207, 11890355, 0, 0, 0
3300, 9816969, 0, 0, 0
3400, 16404085, 0, 0, 0
3511, 9189895, 0, 0, 0
3600, 10390959, 0, 0, 0
3710, 10084032, 0, 0, 0
3801, 10538779, 0, 0, 0
3909, 15408445, 0, 0, 0
4001, 13480392, 0, 0, 0
4100, 10855198, 0, 0, 0
4200, 13093265, 0, 0, 0
4307, 14367204, 0, 0, 0
4401, 9797655, 0, 0, 0
4500, 10459214, 0, 0, 0
4603, 10606272, 0, 0, 0
4710, 8631179, 0, 0, 0
4811, 15332650, 0, 0, 0
4909, 8352357, 0, 0, 0
5000, 9399758, 0, 0, 0
5103, 7316603, 0, 0, 0
5204, 10220219, 0, 0, 0
5303, 8267135, 0, 0, 0
5404, 12159514, 0, 0, 0
5500, 11338119, 0, 0, 0
5600, 9569318, 0, 0, 0
5700, 9935528, 0, 0, 0
5806, 11763616, 0, 0, 0
5904, 9333909, 0, 0, 0
6002, 12699999, 0, 0, 0
6100, 8173372, 0, 0, 0
6200, 9170108, 0, 0, 0
6304, 11123750, 0, 0, 0
6402, 7235359, 0, 0, 0
6500, 10153109, 0, 0, 0
6614, 11902492, 0, 0, 0
6700, 7642229, 0, 0, 0
6800, 9380880, 0, 0, 0
6905, 10433802, 0, 0, 0
7001, 11484258, 0, 0, 0
7103, 11890034, 0, 0, 0
7210, 10204803, 0, 0, 0
7307, 10127503, 0, 0, 0
7406, 12419615, 0, 0, 0
7500, 9920800, 0, 0, 0
7612, 10600962, 0, 0, 0
7706, 12184451, 0, 0, 0
7808, 12983507, 0, 0, 0
7906, 9110346, 0, 0, 0
8002, 9218467, 0, 0, 0
8100, 11658162, 0, 0, 0
8207, 9295523, 0, 0, 0
8308, 12597562, 0, 0, 0
8406, 9538891, 0, 0, 0
8504, 7260617, 0, 0, 0
8607, 7837424, 0, 0, 0
8701, 9166008, 0, 0, 0
8803, 9185652, 0, 0, 0
8904, 8050367, 0, 0, 0
9000, 9727129, 0, 0, 0
9102, 10253655, 0, 0, 0
9204, 13283368, 0, 0, 0
9304, 12238583, 0, 0, 0
9400, 7894788, 0, 0, 0
9508, 9988527, 0, 0, 0
9603, 11391851, 0, 0, 0
9704, 9531062, 0, 0, 0
9811, 11069304, 0, 0, 0
9900, 8712503, 0, 0, 0
10005, 10548078, 0, 0, 0
10101, 11672387, 0, 0, 0
10205, 8780563, 0, 0, 0
10300, 8925438, 0, 0, 0
10405, 9671084, 0, 0, 0
10500, 8963553, 0, 0, 0
10601, 9106011, 0, 0, 0
10703, 10010132, 0, 0, 0
10807, 9008886, 0, 0, 0
10901, 11710326, 0, 0, 0
11000, 11460552, 0, 0, 0
11104, 15828732, 0, 0, 0
11204, 8874207, 0, 0, 0
11305, 7220847, 0, 0, 0
11404, 7900636, 0, 0, 0
11500, 8517404, 0, 0, 0
11605, 10012567, 0, 0, 0
11700, 9898311, 0, 0, 0
11816, 8985097, 0, 0, 0
11902, 9841632, 0, 0, 0
12001, 10573872, 0, 0, 0
12100, 10866408, 0, 0, 0
12204, 9006078, 0, 0, 0
12308, 10122568, 0, 0, 0
12404, 9075165, 0, 0, 0
12507, 9519207, 0, 0, 0
12600, 8585091, 0, 0, 0
12701, 12061959, 0, 0, 0
12811, 11633104, 0, 0, 0
12911, 10707542, 0, 0, 0
13003, 11531696, 0, 0, 0
13103, 9379629, 0, 0, 0
13206, 11551992, 0, 0, 0
13316, 10911127, 0, 0, 0
13401, 10642462, 0, 0, 0
13502, 12000783, 0, 0, 0
13600, 9473018, 0, 0, 0
13706, 10509972, 0, 0, 0
13803, 12720223, 0, 0, 0
13902, 12928578, 0, 0, 0
14000, 9070157, 0, 0, 0
14101, 11701767, 0, 0, 0
14200, 12078220, 0, 0, 0
14306, 8423915, 0, 0, 0
14403, 10010225, 0, 0, 0
14504, 8074520, 0, 0, 0
14613, 10441351, 0, 0, 0
14702, 9313869, 0, 0, 0
14805, 9586950, 0, 0, 0
14903, 9475109, 0, 0, 0
15003, 7824062, 0, 0, 0
15102, 9404964, 0, 0, 0
15201, 10462607, 0, 0, 0
15300, 7708906, 0, 0, 0
15407, 10537594, 0, 0, 0
15508, 10105477, 0, 0, 0
15604, 11872142, 0, 0, 0
15709, 10597181, 0, 0, 0
15802, 10068958, 0, 0, 0
15901, 11937123, 0, 0, 0
16006, 8155697, 0, 0, 0
16110, 8450795, 0, 0, 0
16207, 7314162, 0, 0, 0
16301, 12225792, 0, 0, 0
16413, 10952035, 0, 0, 0
16500, 12034683, 0, 0, 0
16605, 11267349, 0, 0, 0
16704, 9048461, 0, 0, 0
16813, 12328540, 0, 0, 0
16907, 8683050, 0, 0, 0
17009, 8145551, 0, 0, 0
17101, 9137025, 0, 0, 0
17202, 8167721, 0, 0, 0
17303, 8801443, 0, 0, 0
17404, 8880207, 0, 0, 0
17501, 8851373, 0, 0, 0
17600, 10767293, 0, 0, 0
17704, 8801378, 0, 0, 0
17802, 8555248, 0, 0, 0
17900, 13242509, 0, 0, 0
18003, 8690301, 0, 0, 0
18105, 7658179, 0, 0, 0
18200, 6176372, 0, 0, 0
18300, 10799231, 0, 0, 0
18406, 10731038, 0, 0, 0
18509, 10050076, 0, 0, 0
18617, 8363691, 0, 0, 0
18706, 7837291, 0, 0, 0
18812, 10292095, 0, 0, 0
18901, 6590156, 0, 0, 0
19001, 9298407, 0, 0, 0
19101, 8562302, 0, 0, 0
19202, 6867940, 0, 0, 0
19302, 10313295, 0, 0, 0
19417, 7718062, 0, 0, 0
19505, 9024724, 0, 0, 0
19607, 9959500, 0, 0, 0
19705, 13614418, 0, 0, 0
19802, 8974810, 0, 0, 0
19901, 8353133, 0, 0, 0
20006, 8145095, 0, 0, 0
20108, 9570305, 0, 0, 0
20201, 12003075, 0, 0, 0
20301, 10451529, 0, 0, 0
20400, 8529395, 0, 0, 0
20505, 9694241, 0, 0, 0
20601, 10283624, 0, 0, 0
20701, 8062733, 0, 0, 0
20812, 12313985, 0, 0, 0
20905, 12906762, 0, 0, 0
21004, 8476558, 0, 0, 0
21100, 7152656, 0, 0, 0
21206, 12126362, 0, 0, 0
21308, 14125183, 0, 0, 0
21404, 11759298, 0, 0, 0
21506, 9791477, 0, 0, 0
21604, 8531064, 0, 0, 0
21701, 7898221, 0, 0, 0
21804, 9848745, 0, 0, 0
21906, 11290919, 0, 0, 0
22000, 8729180, 0, 0, 0
22102, 9272978, 0, 0, 0
22202, 6622908, 0, 0, 0
22306, 9453808, 0, 0, 0
22400, 11355266, 0, 0, 0
22506, 8400811, 0, 0, 0
22606, 10250591, 0, 0, 0
22700, 7156250, 0, 0, 0
22808, 10616756, 0, 0, 0
22903, 9102854, 0, 0, 0
23000, 7810855, 0, 0, 0
23105, 10386681, 0, 0, 0
23208, 9181441, 0, 0, 0
23307, 9966234, 0, 0, 0
23402, 11588066, 0, 0, 0
23508, 9669877, 0, 0, 0
23610, 10629514, 0, 0, 0
23703, 11450687, 0, 0, 0
23810, 9796114, 0, 0, 0
23907, 18011782, 0, 0, 0
24000, 8472573, 0, 0, 0
24100, 10129775, 0, 0, 0
24202, 13452861, 0, 0, 0
24303, 10456756, 0, 0, 0
24403, 13752252, 0, 0, 0
24511, 10246174, 0, 0, 0
24601, 12689509, 0, 0, 0
24701, 10454725, 0, 0, 0
24804, 9023646, 0, 0, 0
24901, 10662416, 0, 0, 0
25001, 9852518, 0, 0, 0
25104, 11225382, 0, 0, 0
25200, 11410748, 0, 0, 0
25304, 12301412, 0, 0, 0
25405, 11409699, 0, 0, 0
25511, 9209846, 0, 0, 0
25607, 8653385, 0, 0, 0
25700, 12154836, 0, 0, 0
25802, 14300883, 0, 0, 0
25901, 16735392, 0, 0, 0
26007, 12447150, 0, 0, 0
26105, 12215552, 0, 0, 0
26201, 9955264, 0, 0, 0
26307, 12128127, 0, 0, 0
26405, 10309325, 0, 0, 0
26510, 12864754, 0, 0, 0
26607, 12392246, 0, 0, 0
26702, 11218634, 0, 0, 0
26801, 11982625, 0, 0, 0
26907, 13513324, 0, 0, 0
27001, 8065338, 0, 0, 0
27100, 9913382, 0, 0, 0
27204, 10972267, 0, 0, 0
27303, 10413593, 0, 0, 0
27408, 10649565, 0, 0, 0
27501, 11072233, 0, 0, 0
27605, 8362053, 0, 0, 0
27716, 11468583, 0, 0, 0
27806, 12236790, 0, 0, 0
27916, 12286993, 0, 0, 0
28003, 12538221, 0, 0, 0
28104, 9568791, 0, 0, 0
28201, 12324912, 0, 0, 0
28306, 10624215, 0, 0, 0
28409, 10434398, 0, 0, 0
28502, 14142138, 0, 0, 0
28602, 11784292, 0, 0, 0
28702, 10256575, 0, 0, 0
28805, 11789108, 0, 0, 0
28909, 11503744, 0, 0, 0
29009, 11856325, 0, 0, 0
29108, 10456241, 0, 0, 0
29210, 11609146, 0, 0, 0
29302, 12753811, 0, 0, 0
29406, 9163860, 0, 0, 0
29500, 12405669, 0, 0, 0
29612, 12017573, 0, 0, 0
29719, 12098438, 0, 0, 0
29808, 9937504, 0, 0, 0
29902, 12497567, 0, 0, 0
30007, 18278172, 0, 0, 0
30101, 10291669, 0, 0, 0
30201, 13965219, 0, 0, 0
30300, 12238092, 0, 0, 0
30400, 11811728, 0, 0, 0
30503, 9956308, 0, 0, 0
30600, 11782264, 0, 0, 0
30700, 10913628, 0, 0, 0
30811, 9943085, 0, 0, 0
30910, 11130333, 0, 0, 0
31011, 10003059, 0, 0, 0
31102, 9611609, 0, 0, 0
31207, 10421488, 0, 0, 0
31304, 14450934, 0, 0, 0
31403, 10126945, 0, 0, 0
31501, 12462423, 0, 0, 0
31609, 11639622, 0, 0, 0
31709, 7446864, 0, 0, 0
31801, 14109068, 0, 0, 0
31906, 10139412, 0, 0, 0
32003, 10590872, 0, 0, 0
32101, 11496303, 0, 0, 0
32201, 10223200, 0, 0, 0
32303, 9460801, 0, 0, 0
32407, 10955160, 0, 0, 0
32509, 12200763, 0, 0, 0
32603, 10246265, 0, 0, 0
32705, 12158546, 0, 0, 0
32804, 11859573, 0, 0, 0
32903, 9899735, 0, 0, 0
33002, 11288194, 0, 0, 0
33100, 9504720, 0, 0, 0
33206, 8853753, 0, 0, 0
33300, 8774516, 0, 0, 0
33403, 9357842, 0, 0, 0
33500, 12362927, 0, 0, 0
33603, 9440307, 0, 0, 0
33707, 12851303, 0, 0, 0
33802, 10321693, 0, 0, 0
33901, 12062997, 0, 0, 0
34000, 10166316, 0, 0, 0
34107, 12232335, 0, 0, 0
34205, 11855767, 0, 0, 0
34300, 10651804, 0, 0, 0
34401, 12155522, 0, 0, 0
34501, 10680553, 0, 0, 0
34602, 11631766, 0, 0, 0
34701, 10205850, 0, 0, 0
34800, 11143491, 0, 0, 0
34911, 13306850, 0, 0, 0
35000, 10913557, 0, 0, 0
35103, 10467264, 0, 0, 0
35205, 13354278, 0, 0, 0
35301, 10501935, 0, 0, 0
35409, 13431841, 0, 0, 0
35501, 12387721, 0, 0, 0
35603, 13023142, 0, 0, 0
35704, 12312567, 0, 0, 0
35800, 10589547, 0, 0, 0
35906, 11194031, 0, 0, 0
36006, 10487134, 0, 0, 0
36104, 10560413, 0, 0, 0
36203, 10836283, 0, 0, 0
36312, 14484689, 0, 0, 0
36408, 11962230, 0, 0, 0
36507, 11033820, 0, 0, 0
36600, 14455810, 0, 0, 0
36707, 10519310, 0, 0, 0
36802, 16069935, 0, 0, 0
36901, 10065994, 0, 0, 0
37007, 10489700, 0, 0, 0
37102, 12017131, 0, 0, 0
37213, 13059229, 0, 0, 0
37303, 9438997, 0, 0, 0
37400, 11254186, 0, 0, 0
37505, 8635342, 0, 0, 0
37604, 12344539, 0, 0, 0
37700, 7911163, 0, 0, 0
37806, 13513081, 0, 0, 0
37901, 15292859, 0, 0, 0
38003, 9606368, 0, 0, 0
38102, 11808899, 0, 0, 0
38200, 8843658, 0, 0, 0
38306, 13250739, 0, 0, 0
38405, 10556334, 0, 0, 0
38511, 10368990, 0, 0, 0
38604, 9430499, 0, 0, 0
38700, 10367765, 0, 0, 0
38801, 16812847, 0, 0, 0
38903, 10212803, 0, 0, 0
39002, 11304111, 0, 0, 0
39101, 10747266, 0, 0, 0
39202, 10777316, 0, 0, 0
39311, 12185771, 0, 0, 0
39409, 12557729, 0, 0, 0
39500, 6737166, 0, 0, 0
39609, 11834143, 0, 0, 0
39700, 11239081, 0, 0, 0
39801, 9076346, 0, 0, 0
39900, 13872983, 0, 0, 0
40012, 17476396, 0, 0, 0
40104, 9559079, 0, 0, 0
40202, 12850530, 0, 0, 0
40312, 9667958, 0, 0, 0
40401, 12578048, 0, 0, 0
40506, 9992921, 0, 0, 0
40605, 9864411, 0, 0, 0
40705, 10849028, 0, 0, 0
40803, 10457833, 0, 0, 0
40902, 11264808, 0, 0, 0
41003, 11644171, 0, 0, 0
41106, 11756055, 0, 0, 0
41207, 15125291, 0, 0, 0
41302, 12233339, 0, 0, 0
41400, 10512452, 0, 0, 0
41500, 9645702, 0, 0, 0
41604, 11160128, 0, 0, 0
41709, 9058250, 0, 0, 0
41803, 11426943, 0, 0, 0
41903, 10232857, 0, 0, 0
42003, 14109961, 0, 0, 0
42114, 11401077, 0, 0, 0
42203, 10867208, 0, 0, 0
42309, 14769489, 0, 0, 0
42410, 11412607, 0, 0, 0
42503, 10376253, 0, 0, 0
42602, 11996392, 0, 0, 0
42706, 7538425, 0, 0, 0
42801, 9669798, 0, 0, 0
42901, 11004132, 0, 0, 0
43005, 9106442, 0, 0, 0
43104, 8675115, 0, 0, 0
43206, 12126333, 0, 0, 0
43303, 13596804, 0, 0, 0
43401, 8997530, 0, 0, 0
43502, 10476932, 0, 0, 0
43602, 14696609, 0, 0, 0
43711, 9160456, 0, 0, 0
43809, 12584414, 0, 0, 0
43902, 10365052, 0, 0, 0
44010, 12509937, 0, 0, 0
44109, 12131600, 0, 0, 0
44200, 10383060, 0, 0, 0
44311, 9936692, 0, 0, 0
44401, 12266802, 0, 0, 0
44505, 10625716, 0, 0, 0
44600, 10873910, 0, 0, 0
44704, 8892233, 0, 0, 0
44806, 11443984, 0, 0, 0
44905, 11166512, 0, 0, 0
45001, 15695432, 0, 0, 0
45100, 10022336, 0, 0, 0
45206, 12264825, 0, 0, 0
45300, 16098116, 0, 0, 0
45402, 15357801, 0, 0, 0
45507, 11408919, 0, 0, 0
45600, 8282956, 0, 0, 0
45703, 10521086, 0, 0, 0
45805, 10419716, 0, 0, 0
45901, 9950225, 0, 0, 0
46005, 11205166, 0, 0, 0
46101, 9428025, 0, 0, 0
46202, 11018794, 0, 0, 0
46305, 8428100, 0, 0, 0
46403, 12293337, 0, 0, 0
46501, 11346998, 0, 0, 0
46603, 9920790, 0, 0, 0
46704, 9993969, 0, 0, 0
46801, 10017761, 0, 0, 0
46901, 9508370, 0, 0, 0
47003, 9519695, 0, 0, 0
47115, 16754028, 0, 0, 0
47204, 11727408, 0, 0, 0
47307, 10036665, 0, 0, 0
47400, 9747651, 0, 0, 0
47507, 10760903, 0, 0, 0
47609, 12121037, 0, 0, 0
47700, 12322708, 0, 0, 0
47809, 11514355, 0, 0, 0
47907, 10215755, 0, 0, 0
48007, 8164979, 0, 0, 0
48100, 12082252, 0, 0, 0
48202, 12199168, 0, 0, 0
48307, 12442669, 0, 0, 0
48403, 12775807, 0, 0, 0
48511, 12763008, 0, 0, 0
48612, 13556656, 0, 0, 0
48708, 11112113, 0, 0, 0
48801, 10584484, 0, 0, 0
48902, 9809477, 0, 0, 0
49000, 13283263, 0, 0, 0
49110, 13337794, 0, 0, 0
49200, 11246581, 0, 0, 0
49300, 11053494, 0, 0, 0
49400, 9576910, 0, 0, 0
49508, 10983711, 0, 0, 0
49603, 13793137, 0, 0, 0
49705, 10191871, 0, 0, 0
49802, 9846997, 0, 0, 0
49906, 11423091, 0, 0, 0
50002, 10873988, 0, 0, 0
50105, 11900771, 0, 0, 0
50204, 11451647, 0, 0, 0
50304, 11092294, 0, 0, 0
50410, 11450597, 0, 0, 0
50506, 12878168, 0, 0, 0
50603, 11481853, 0, 0, 0
50704, 10287588, 0, 0, 0
50807, 12543221, 0, 0, 0
50903, 15022648, 0, 0, 0
51000, 9405523, 0, 0, 0
51100, 17013901, 0, 0, 0
51201, 8124313, 0, 0, 0
51308, 8304859, 0, 0, 0
51410, 10058848, 0, 0, 0
51502, 13455882, 0, 0, 0
51604, 10888258, 0, 0, 0
51711, 9325305, 0, 0, 0
51805, 11186583, 0, 0, 0
51908, 11701456, 0, 0, 0
52007, 7999414, 0, 0, 0
52105, 14442031, 0, 0, 0
52204, 9097187, 0, 0, 0
52300, 11159906, 0, 0, 0
52404, 11121928, 0, 0, 0
52518, 13875524, 0, 0, 0
52600, 10194155, 0, 0, 0
52703, 11852665, 0, 0, 0
52801, 13064136, 0, 0, 0
52904, 11338230, 0, 0, 0
53003, 14577298, 0, 0, 0
53106, 10277289, 0, 0, 0
53202, 11048695, 0, 0, 0
53305, 10680391, 0, 0, 0
53402, 9455605, 0, 0, 0
53502, 10149568, 0, 0, 0
53600, 12175052, 0, 0, 0
53711, 8765071, 0, 0, 0
53800, 8226327, 0, 0, 0
53902, 9397235, 0, 0, 0
54010, 11403873, 0, 0, 0
54103, 9591841, 0, 0, 0
54213, 9447529, 0, 0, 0
54305, 14019387, 0, 0, 0
54411, 11862025, 0, 0, 0
54508, 10036264, 0, 0, 0
54604, 9782729, 0, 0, 0
54701, 8824597, 0, 0, 0
54808, 13742172, 0, 0, 0
54903, 10810014, 0, 0, 0
55009, 13502318, 0, 0, 0
55106, 10194771, 0, 0, 0
55213, 13207668, 0, 0, 0
55302, 10847420, 0, 0, 0
55402, 11090142, 0, 0, 0
55510, 12491948, 0, 0, 0
55600, 7972932, 0, 0, 0
55705, 10938754, 0, 0, 0
55804, 13314689, 0, 0, 0
55906, 11979597, 0, 0, 0
56006, 11793825, 0, 0, 0
56108, 11386924, 0, 0, 0
56212, 7518455, 0, 0, 0
56308, 14068935, 0, 0, 0
56405, 11496811, 0, 0, 0
56502, 10778832, 0, 0, 0
56610, 8355536, 0, 0, 0
56700, 14644456, 0, 0, 0
56804, 15355122, 0, 0, 0
56909, 13882412, 0, 0, 0
57002, 13679424, 0, 0, 0
57104, 11006108, 0, 0, 0
57206, 13754992, 0, 0, 0
57302, 12215765, 0, 0, 0
57401, 9888467, 0, 0, 0
57507, 10786408, 0, 0, 0
57600, 12963376, 0, 0, 0
57700, 11635840, 0, 0, 0
57809, 12575693, 0, 0, 0
57906, 8038791, 0, 0, 0
58008, 10403244, 0, 0, 0
58101, 10998094, 0, 0, 0
58201, 13467934, 0, 0, 0
58301, 12863467, 0, 0, 0
58400, 11805726, 0, 0, 0
58503, 10938888, 0, 0, 0
58604, 9910073, 0, 0, 0
58705, 10791380, 0, 0, 0
58801, 11012015, 0, 0, 0
58903, 11168299, 0, 0, 0
59002, 10951817, 0, 0, 0
59110, 14760413, 0, 0, 0
59202, 14326171, 0, 0, 0
59303, 10112645, 0, 0, 0
59402, 12217225, 0, 0, 0
59505, 14527438, 0, 0, 0
59601, 11785581, 0, 0, 0
59714, 9792429, 0, 0, 0
59803, 11750966, 0, 0, 0
59902, 10812244, 0, 0, 0
60006, 11430680, 0, 0, 0
60014, 20827624, 0, 0, 0
