250, 976, 1, 0, 0
350, 960, 1, 0, 0
450, 1120, 1, 0, 0
550, 960, 1, 0, 0
650, 960, 1, 0, 0
749, 1292, 1, 0, 0
849, 2080, 1, 0, 0
949, 1960, 1, 0, 0
1049, 2240, 1, 0, 0
1149, 2040, 1, 0, 0
1250, 1680, 1, 0, 0
1350, 1920, 1, 0, 0
1450, 2000, 1, 0, 0
1550, 2120, 1, 0, 0
1650, 2360, 1, 0, 0
1749, 1979, 1, 0, 0
1849, 2040, 1, 0, 0
1949, 2520, 1, 0, 0
2049, 2040, 1, 0, 0
2149, 1720, 1, 0, 0
2249, 2360, 1, 0, 0
2349, 2280, 1, 0, 0
2449, 2200, 1, 0, 0
2549, 1880, 1, 0, 0
2650, 2280, 1, 0, 0
2750, 1560, 1, 0, 0
2850, 2280, 1, 0, 0
2950, 2760, 1, 0, 0
3050, 1520, 1, 0, 0
3150, 1560, 1, 0, 0
3249, 1939, 1, 0, 0
3349, 1520, 1, 0, 0
3449, 2160, 1, 0, 0
3549, 2200, 1, 0, 0
3649, 1880, 1, 0, 0
3749, 1280, 1, 0, 0
3849, 1800, 1, 0, 0
3950, 1640, 1, 0, 0
4050, 1760, 1, 0, 0
4150, 2200, 1, 0, 0
4249, 1656, 1, 0, 0
4349, 1520, 1, 0, 0
4449, 2120, 1, 0, 0
4549, 1720, 1, 0, 0
4649, 1360, 1, 0, 0
4749, 2120, 1, 0, 0
4849, 2040, 1, 0, 0
4949, 2080, 1, 0, 0
5050, 2080, 1, 0, 0
5150, 2040, 1, 0, 0
5249, 1656, 1, 0, 0
5349, 1720, 1, 0, 0
5449, 3360, 1, 0, 0
5549, 5480, 1, 0, 0
5649, 6320, 1, 0, 0
5749, 7320, 1, 0, 0
5849, 4760, 1, 0, 0
5949, 6840, 1, 0, 0
6049, 6120, 1, 0, 0
6149, 6560, 1, 0, 0
6250, 6520, 1, 0, 0
6350, 7680, 1, 0, 0
6450, 1800, 1, 0, 0
6550, 1280, 1, 0, 0
6650, 1680, 1, 0, 0
6749, 1777, 1, 0, 0
6849, 1920, 1, 0, 0
6949, 1360, 1, 0, 0
7049, 1520, 1, 0, 0
7149, 3400, 1, 0, 0
7249, 7200, 1, 0, 0
7349, 4160, 1, 0, 0
7449, 4800, 1, 0, 0
7550, 5160, 1, 0, 0
7650, 1760, 1, 0, 0
7749, 2383, 1, 0, 0
7849, 2200, 1, 0, 0
7949, 1960, 1, 0, 0
8049, 2080, 1, 0, 0
8149, 1480, 1, 0, 0
8249, 1920, 1, 0, 0
8349, 1560, 1, 0, 0
8449, 1480, 1, 0, 0
8549, 1960, 1, 0, 0
8649, 1960, 1, 0, 0
8750, 1440, 1, 0, 0
8850, 1680, 1, 0, 0
8950, 1680, 1, 0, 0
9050, 2360, 1, 0, 0
9150, 2120, 1, 0, 0
9249, 2101, 1, 0, 0
9349, 2280, 1, 0, 0
9449, 2760, 1, 0, 0
9549, 2520, 1, 0, 0
9649, 2040, 1, 0, 0
9749, 3120, 1, 0, 0
9849, 2320, 1, 0, 0
9949, 1640, 1, 0, 0
10050, 2600, 1, 0, 0
10150, 1440, 1, 0, 0
10249, 2141, 1, 0, 0
10349, 2240, 1, 0, 0
10449, 1680, 1, 0, 0
10549, 2120, 1, 0, 0
10649, 2800, 1, 0, 0
10749, 1600, 1, 0, 0
10849, 2800, 1, 0, 0
10949, 1680, 1, 0, 0
11049, 2640, 1, 0, 0
11150, 1160, 1, 0, 0
11249, 1414, 1, 0, 0
11349, 1560, 1, 0, 0
11449, 2040, 1, 0, 0
11549, 3000, 1, 0, 0
11649, 1800, 1, 0, 0
11749, 1320, 1, 0, 0
11849, 1320, 1, 0, 0
11949, 2320, 1, 0, 0
12049, 1680, 1, 0, 0
12149, 1440, 1, 0, 0
12249, 1760, 1, 0, 0
12350, 1760, 1, 0, 0
12450, 1240, 1, 0, 0
12550, 1240, 1, 0, 0
12650, 1720, 1, 0, 0
12749, 5737, 1, 0, 0
12849, 4080, 1, 0, 0
12949, 1720, 1, 0, 0
13049, 1880, 1, 0, 0
13149, 2080, 1, 0, 0
13249, 1720, 1, 0, 0
13349, 1440, 1, 0, 0
13449, 2160, 1, 0, 0
13550, 1800, 1, 0, 0
13650, 2320, 1, 0, 0
13749, 1939, 1, 0, 0
13849, 1920, 1, 0, 0
13949, 1640, 1, 0, 0
14049, 1480, 1, 0, 0
14149, 1800, 1, 0, 0
14249, 2000, 1, 0, 0
14349, 1160, 1, 0, 0
14449, 1720, 1, 0, 0
14549, 1960, 1, 0, 0
14649, 1400, 1, 0, 0
14750, 1320, 1, 0, 0
14850, 1840, 1, 0, 0
14950, 1960, 1, 0, 0
15050, 1600, 1, 0, 0
15150, 2640, 1, 0, 0
15249, 1292, 1, 0, 0
15349, 1840, 1, 0, 0
15449, 1320, 1, 0, 0
15549, 1560, 1, 0, 0
15649, 1280, 1, 0, 0
15749, 1360, 1, 0, 0
15849, 2120, 1, 0, 0
15949, 1640, 1, 0, 0
16050, 1360, 1, 0, 0
16150, 1520, 1, 0, 0
16249, 2060, 1, 0, 0
16349, 1880, 1, 0, 0
16449, 1600, 1, 0, 0
16549, 1360, 1, 0, 0
16649, 1360, 1, 0, 0
16749, 1360, 1, 0, 0
16849, 1440, 1, 0, 0
16949, 1320, 1, 0, 0
17049, 1280, 1, 0, 0
17149, 1600, 1, 0, 0
17250, 1280, 1, 0, 0
17350, 1240, 1, 0, 0
17450, 1840, 1, 0, 0
17550, 1280, 1, 0, 0
17650, 1520, 1, 0, 0
17749, 1535, 1, 0, 0
17849, 2040, 1, 0, 0
17949, 2320, 1, 0, 0
18049, 2520, 1, 0, 0
18149, 1400, 1, 0, 0
18249, 2200, 1, 0, 0
18349, 3200, 1, 0, 0
18449, 2320, 1, 0, 0
18550, 2480, 1, 0, 0
18650, 1440, 1, 0, 0
18749, 2383, 1, 0, 0
18849, 2360, 1, 0, 0
18949, 2360, 1, 0, 0
19049, 2040, 1, 0, 0
19149, 2080, 1, 0, 0
19249, 1720, 1, 0, 0
19349, 1360, 1, 0, 0
19449, 1680, 1, 0, 0
19549, 2720, 1, 0, 0
19649, 2080, 1, 0, 0
19750, 1840, 1, 0, 0
19850, 2840, 1, 0, 0
19950, 1400, 1, 0, 0
20050, 2280, 1, 0, 0
20150, 2040, 1, 0, 0
20249, 2141, 1, 0, 0
20349, 1560, 1, 0, 0
20449, 2240, 1, 0, 0
20549, 2720, 1, 0, 0
20649, 1880, 1, 0, 0
20749, 1880, 1, 0, 0
20849, 2080, 1, 0, 0
20950, 2240, 1, 0, 0
21050, 2200, 1, 0, 0
21150, 2320, 1, 0, 0
21249, 2707, 1, 0, 0
21349, 6160, 1, 0, 0
21449, 4960, 1, 0, 0
21549, 6360, 1, 0, 0
21649, 5280, 1, 0, 0
21749, 6240, 1, 0, 0
21849, 6600, 1, 0, 0
21949, 4560, 1, 0, 0
22049, 3760, 1, 0, 0
22149, 2600, 1, 0, 0
22250, 2040, 1, 0, 0
22350, 2200, 1, 0, 0
22450, 1960, 1, 0, 0
22550, 2240, 1, 0, 0
22650, 1800, 1, 0, 0
22749, 2343, 1, 0, 0
22849, 2320, 1, 0, 0
22949, 2480, 1, 0, 0
23049, 1600, 1, 0, 0
23149, 2280, 1, 0, 0
23249, 2720, 1, 0, 0
23350, 1640, 1, 0, 0
23450, 2880, 1, 0, 0
23550, 2640, 1, 0, 0
23650, 1920, 1, 0, 0
23749, 1656, 1, 0, 0
23849, 2760, 1, 0, 0
23949, 1840, 1, 0, 0
24049, 1800, 1, 0, 0
24149, 1440, 1, 0, 0
24249, 2240, 1, 0, 0
24349, 2000, 1, 0, 0
24449, 1880, 1, 0, 0
24550, 1520, 1, 0, 0
24650, 1760, 1, 0, 0
24749, 1696, 1, 0, 0
24849, 1640, 1, 0, 0
24949, 2040, 1, 0, 0
25049, 1520, 1, 0, 0
25149, 1480, 1, 0, 0
25249, 2120, 1, 0, 0
25349, 1800, 1, 0, 0
25449, 1640, 1, 0, 0
25549, 1840, 1, 0, 0
25649, 1680, 1, 0, 0
25750, 3560, 1, 0, 0
25850, 2920, 1, 0, 0
25950, 3200, 1, 0, 0
26050, 3960, 1, 0, 0
26150, 3800, 1, 0, 0
26249, 2343, 1, 0, 0
26349, 3040, 1, 0, 0
26449, 2840, 1, 0, 0
26549, 4240, 1, 0, 0
26649, 3280, 1, 0, 0
26749, 4760, 1, 0, 0
26849, 3600, 1, 0, 0
26949, 2640, 1, 0, 0
27050, 2560, 1, 0, 0
27150, 1600, 1, 0, 0
27249, 1616, 1, 0, 0
27349, 1560, 1, 0, 0
27449, 1720, 1, 0, 0
27549, 1280, 1, 0, 0
27649, 1800, 1, 0, 0
27749, 1320, 1, 0, 0
27849, 1520, 1, 0, 0
27949, 1640, 1, 0, 0
28049, 1840, 1, 0, 0
28149, 1800, 1, 0, 0
28250, 1480, 1, 0, 0
28350, 1680, 1, 0, 0
28450, 1560, 1, 0, 0
28550, 1160, 1, 0, 0
28650, 1000, 1, 0, 0
28749, 1454, 1, 0, 0
28849, 1200, 1, 0, 0
28949, 1120, 1, 0, 0
29049, 1120, 1, 0, 0
29149, 1360, 1, 0, 0
29249, 1200, 1, 0, 0
29350, 1360, 1, 0, 0
29450, 1800, 1, 0, 0
29550, 1920, 1, 0, 0
29650, 1960, 1, 0, 0
29749, 1535, 1, 0, 0
29849, 1400, 1, 0, 0
29949, 1480, 1, 0, 0
30049, 1480, 1, 0, 0
30149, 1440, 1, 0, 0
30249, 1520, 1, 0, 0
30349, 2240, 1, 0, 0
30449, 2200, 1, 0, 0
30550, 2880, 1, 0, 0
30650, 1760, 1, 0, 0
30749, 3717, 1, 0, 0
30849, 4480, 1, 0, 0
30949, 2720, 1, 0, 0
31049, 2520, 1, 0, 0
31149, 3640, 1, 0, 0
31249, 4360, 1, 0, 0
31349, 3200, 1, 0, 0
31449, 2240, 1, 0, 0
31549, 2120, 1, 0, 0
31649, 1760, 1, 0, 0
31750, 2720, 1, 0, 0
31850, 1720, 1, 0, 0
31950, 2520, 1, 0, 0
32050, 2320, 1, 0, 0
32150, 2120, 1, 0, 0
32249, 2585, 1, 0, 0
32349, 1960, 1, 0, 0
32449, 2200, 1, 0, 0
32549, 2120, 1, 0, 0
32649, 2160, 1, 0, 0
32749, 1640, 1, 0, 0
32849, 2200, 1, 0, 0
32949, 2320, 1, 0, 0
33050, 2160, 1, 0, 0
33150, 2000, 1, 0, 0
33249, 1979, 1, 0, 0
33349, 4640, 1, 0, 0
33449, 7040, 1, 0, 0
33549, 5800, 1, 0, 0
33649, 5600, 1, 0, 0
33749, 2160, 1, 0, 0
33849, 1400, 1, 0, 0
33949, 3400, 1, 0, 0
34049, 1440, 1, 0, 0
34149, 1920, 1, 0, 0
34250, 1840, 1, 0, 0
34350, 1600, 1, 0, 0
34450, 1760, 1, 0, 0
34550, 1520, 1, 0, 0
34650, 6160, 1, 0, 0
34749, 3555, 1, 0, 0
34849, 5200, 1, 0, 0
34949, 6360, 1, 0, 0
35049, 6080, 1, 0, 0
35149, 6680, 1, 0, 0
35249, 5600, 1, 0, 0
35349, 4320, 1, 0, 0
35449, 3440, 1, 0, 0
35550, 1600, 1, 0, 0
35650, 1440, 1, 0, 0
35749, 1656, 1, 0, 0
35849, 1560, 1, 0, 0
35949, 1360, 1, 0, 0
36049, 1520, 1, 0, 0
36149, 1440, 1, 0, 0
36249, 1240, 1, 0, 0
36349, 1480, 1, 0, 0
36449, 1360, 1, 0, 0
36549, 1320, 1, 0, 0
36649, 1480, 1, 0, 0
36750, 1200, 1, 0, 0
36850, 1480, 1, 0, 0
36950, 1920, 1, 0, 0
37050, 1520, 1, 0, 0
37150, 1760, 1, 0, 0
37249, 1454, 1, 0, 0
37349, 1720, 1, 0, 0
37449, 1880, 1, 0, 0
37549, 1160, 1, 0, 0
37649, 1240, 1, 0, 0
37749, 1440, 1, 0, 0
37850, 1240, 1, 0, 0
37950, 1000, 1, 0, 0
38050, 1080, 1, 0, 0
38150, 1200, 1, 0, 0
38249, 1292, 1, 0, 0
38349, 1040, 1, 0, 0
38449, 1120, 1, 0, 0
38549, 1280, 1, 0, 0
38649, 1120, 1, 0, 0
38749, 1120, 1, 0, 0
38849, 1200, 1, 0, 0
38949, 1200, 1, 0, 0
39049, 1160, 1, 0, 0
39149, 1240, 1, 0, 0
39250, 1040, 1, 0, 0
39350, 1040, 1, 0, 0
39450, 1200, 1, 0, 0
39550, 1080, 1, 0, 0
39650, 1160, 1, 0, 0
39749, 1454, 1, 0, 0
39849, 1520, 1, 0, 0
39949, 1360, 1, 0, 0
40049, 1360, 1, 0, 0
40149, 1400, 1, 0, 0
40249, 1240, 1, 0, 0
40349, 1320, 1, 0, 0
40449, 1080, 1, 0, 0
40550, 1320, 1, 0, 0
40650, 1440, 1, 0, 0
40749, 1171, 1, 0, 0
40849, 1360, 1, 0, 0
40949, 1280, 1, 0, 0
41049, 1040, 1, 0, 0
41149, 1320, 1, 0, 0
41249, 1800, 1, 0, 0
41349, 1800, 1, 0, 0
41449, 2120, 1, 0, 0
41549, 2080, 1, 0, 0
41649, 1760, 1, 0, 0
41750, 2480, 1, 0, 0
41850, 1840, 1, 0, 0
41950, 1440, 1, 0, 0
42050, 1480, 1, 0, 0
42150, 1760, 1, 0, 0
42249, 2060, 1, 0, 0
42349, 1960, 1, 0, 0
42449, 1320, 1, 0, 0
42549, 1760, 1, 0, 0
42649, 1920, 1, 0, 0
42750, 2560, 1, 0, 0
42850, 1840, 1, 0, 0
42950, 2080, 1, 0, 0
43050, 1840, 1, 0, 0
43150, 1680, 1, 0, 0
43249, 2585, 1, 0, 0
43349, 2400, 1, 0, 0
43449, 5720, 1, 0, 0
43549, 3360, 1, 0, 0
43649, 2280, 1, 0, 0
43749, 2080, 1, 0, 0
43849, 2600, 1, 0, 0
43949, 3560, 1, 0, 0
44050, 3600, 1, 0, 0
44150, 2840, 1, 0, 0
44249, 3070, 1, 0, 0
44349, 2360, 1, 0, 0
44449, 2760, 1, 0, 0
44549, 3360, 1, 0, 0
44649, 3120, 1, 0, 0
44749, 1680, 1, 0, 0
44849, 1320, 1, 0, 0
44949, 1880, 1, 0, 0
45049, 1960, 1, 0, 0
45149, 1840, 1, 0, 0
45250, 2120, 1, 0, 0
45350, 2040, 1, 0, 0
45450, 1720, 1, 0, 0
45550, 1520, 1, 0, 0
45650, 1680, 1, 0, 0
45749, 1858, 1, 0, 0
45849, 2240, 1, 0, 0
45949, 1520, 1, 0, 0
46049, 1880, 1, 0, 0
46149, 1800, 1, 0, 0
46249, 1680, 1, 0, 0
46349, 1920, 1, 0, 0
46449, 1520, 1, 0, 0
46550, 1760, 1, 0, 0
46650, 1760, 1, 0, 0
46749, 1858, 1, 0, 0
46849, 1360, 1, 0, 0
46949, 2240, 1, 0, 0
47049, 5640, 1, 0, 0
47149, 6800, 1, 0, 0
47249, 4640, 1, 0, 0
47349, 3360, 1, 0, 0
47449, 2280, 1, 0, 0
47549, 1680, 1, 0, 0
47649, 1960, 1, 0, 0
47749, 2440, 1, 0, 0
47850, 2720, 1, 0, 0
47950, 1720, 1, 0, 0
48050, 2040, 1, 0, 0
48150, 2560, 1, 0, 0
48249, 1656, 1, 0, 0
48349, 5160, 1, 0, 0
48449, 7440, 1, 0, 0
48549, 6320, 1, 0, 0
48649, 6520, 1, 0, 0
48749, 7080, 1, 0, 0
48849, 2480, 1, 0, 0
48949, 1360, 1, 0, 0
49050, 1280, 1, 0, 0
49150, 1400, 1, 0, 0
49249, 1616, 1, 0, 0
49349, 1720, 1, 0, 0
49449, 1280, 1, 0, 0
49549, 1600, 1, 0, 0
49649, 1440, 1, 0, 0
49749, 1640, 1, 0, 0
49849, 1760, 1, 0, 0
49949, 2160, 1, 0, 0
50049, 1840, 1, 0, 0
50149, 2160, 1, 0, 0
50250, 1640, 1, 0, 0
50350, 1440, 1, 0, 0
50450, 1440, 1, 0, 0
50550, 1440, 1, 0, 0
50650, 1360, 1, 0, 0
50749, 1494, 1, 0, 0
50849, 1800, 1, 0, 0
50949, 1600, 1, 0, 0
51049, 1440, 1, 0, 0
51149, 2840, 1, 0, 0
51249, 2520, 1, 0, 0
51349, 3200, 1, 0, 0
51449, 2480, 1, 0, 0
51550, 2960, 1, 0, 0
51650, 2120, 1, 0, 0
51749, 1858, 1, 0, 0
51849, 1840, 1, 0, 0
51949, 2400, 1, 0, 0
52049, 2200, 1, 0, 0
52149, 2080, 1, 0, 0
52249, 1720, 1, 0, 0
52349, 2600, 1, 0, 0
52449, 1920, 1, 0, 0
52549, 2240, 1, 0, 0
52649, 1760, 1, 0, 0
52750, 2360, 1, 0, 0
52850, 2200, 1, 0, 0
52950, 2280, 1, 0, 0
53050, 2840, 1, 0, 0
53150, 2560, 1, 0, 0
53249, 2262, 1, 0, 0
53349, 1640, 1, 0, 0
53449, 2120, 1, 0, 0
53549, 1440, 1, 0, 0
53649, 1360, 1, 0, 0
53749, 1280, 1, 0, 0
53849, 1280, 1, 0, 0
53950, 1480, 1, 0, 0
54050, 1120, 1, 0, 0
54150, 1160, 1, 0, 0
54249, 1212, 1, 0, 0
54349, 1200, 1, 0, 0
54449, 1120, 1, 0, 0
54549, 1080, 1, 0, 0
54649, 1120, 1, 0, 0
54749, 1200, 1, 0, 0
54849, 1160, 1, 0, 0
54949, 1320, 1, 0, 0
55049, 960, 1, 0, 0
55150, 1120, 1, 0, 0
55250, 1000, 1, 0, 0
55350, 880, 1, 0, 0
55450, 880, 1, 0, 0
55550, 1200, 1, 0, 0
55650, 880, 1, 0, 0
55749, 888, 1, 0, 0
55849, 960, 1, 0, 0
55949, 800, 1, 0, 0
56049, 880, 1, 0, 0
56150, 1120, 1, 0, 0
56250, 1360, 1, 0, 0
56350, 1200, 1, 0, 0
56450, 1280, 1, 0, 0
56550, 1560, 1, 0, 0
56650, 1000, 1, 0, 0
56749, 1292, 1, 0, 0
56849, 1040, 1, 0, 0
56949, 1080, 1, 0, 0
57049, 7680, 1, 0, 0
57149, 7520, 1, 0, 0
57250, 5520, 1, 0, 0
57350, 6680, 1, 0, 0
57450, 4960, 1, 0, 0
57550, 7240, 1, 0, 0
57650, 4520, 1, 0, 0
57749, 5818, 1, 0, 0
57849, 6480, 1, 0, 0
57949, 6160, 1, 0, 0
58049, 5640, 1, 0, 0
58149, 5120, 1, 0, 0
58249, 2040, 1, 0, 0
58349, 1480, 1, 0, 0
58450, 1640, 1, 0, 0
58550, 1480, 1, 0, 0
58650, 1440, 1, 0, 0
58749, 5171, 1, 0, 0
58849, 5320, 1, 0, 0
58949, 4080, 1, 0, 0
59049, 3280, 1, 0, 0
59149, 2840, 1, 0, 0
59249, 1760, 1, 0, 0
59349, 2120, 1, 0, 0
59449, 2000, 1, 0, 0
59550, 2440, 1, 0, 0
59650, 2280, 1, 0, 0
59749, 2707, 1, 0, 0
59849, 1440, 1, 0, 0
59949, 1800, 1, 0, 0
60049, 1920, 1, 0, 0
60149, 1880, 1, 0, 0
60249, 4200, 1, 0, 0
60349, 4760, 1, 0, 0
60449, 5480, 1, 0, 0
60549, 5880, 1, 0, 0
60649, 6600, 1, 0, 0
60750, 7320, 1, 0, 0
60850, 6000, 1, 0, 0
60950, 2800, 1, 0, 0
61050, 2440, 1, 0, 0
61150, 1760, 1, 0, 0
61249, 1616, 1, 0, 0
61349, 2080, 1, 0, 0
61449, 1560, 1, 0, 0
61549, 1600, 1, 0, 0
61649, 1960, 1, 0, 0
61749, 1280, 1, 0, 0
61849, 1520, 1, 0, 0
61949, 1840, 1, 0, 0
62050, 1680, 1, 0, 0
62150, 2600, 1, 0, 0
62249, 2707, 1, 0, 0
62349, 2080, 1, 0, 0
62449, 1720, 1, 0, 0
62549, 1960, 1, 0, 0
62649, 2000, 1, 0, 0
62749, 2160, 1, 0, 0
62849, 1960, 1, 0, 0
62949, 1960, 1, 0, 0
63049, 1240, 1, 0, 0
63149, 1280, 1, 0, 0
63250, 1000, 1, 0, 0
63350, 1080, 1, 0, 0
63450, 1040, 1, 0, 0
63550, 1080, 1, 0, 0
63650, 720, 1, 0, 0
63749, 1171, 1, 0, 0
63849, 1600, 1, 0, 0
63949, 1560, 1, 0, 0
64049, 1520, 1, 0, 0
64149, 1720, 1, 0, 0
64249, 1600, 1, 0, 0
64349, 1720, 1, 0, 0
64449, 1320, 1, 0, 0
64550, 1920, 1, 0, 0
64650, 1640, 1, 0, 0
64749, 1292, 1, 0, 0
64849, 2240, 1, 0, 0
64949, 2160, 1, 0, 0
65049, 2760, 1, 0, 0
65149, 2560, 1, 0, 0
65249, 3640, 1, 0, 0
65349, 4200, 1, 0, 0
65449, 1640, 1, 0, 0
65549, 1240, 1, 0, 0
65650, 1680, 1, 0, 0
65750, 1800, 1, 0, 0
65850, 1320, 1, 0, 0
65950, 1520, 1, 0, 0
66050, 1560, 1, 0, 0
66150, 1440, 1, 0, 0
66249, 1696, 1, 0, 0
66349, 2160, 1, 0, 0
66449, 1520, 1, 0, 0
66549, 2120, 1, 0, 0
66649, 1880, 1, 0, 0
66749, 1440, 1, 0, 0
66849, 1440, 1, 0, 0
66950, 2560, 1, 0, 0
67050, 2560, 1, 0, 0
67150, 4520, 1, 0, 0
67249, 1656, 1, 0, 0
67349, 1680, 1, 0, 0
67449, 1600, 1, 0, 0
67549, 1520, 1, 0, 0
67649, 2120, 1, 0, 0
67749, 1440, 1, 0, 0
67849, 2760, 1, 0, 0
67949, 4320, 1, 0, 0
68049, 3040, 1, 0, 0
68150, 4480, 1, 0, 0
68250, 3840, 1, 0, 0
68350, 3280, 1, 0, 0
68450, 3600, 1, 0, 0
68550, 2240, 1, 0, 0
68650, 3040, 1, 0, 0
68749, 4929, 1, 0, 0
68849, 4920, 1, 0, 0
68949, 5960, 1, 0, 0
69049, 5880, 1, 0, 0
69149, 4560, 1, 0, 0
69249, 5400, 1, 0, 0
69349, 6840, 1, 0, 0
69450, 4680, 1, 0, 0
69550, 4880, 1, 0, 0
69650, 1520, 1, 0, 0
69749, 1414, 1, 0, 0
69849, 1240, 1, 0, 0
69949, 1200, 1, 0, 0
70049, 1400, 1, 0, 0
70149, 1240, 1, 0, 0
70249, 1440, 1, 0, 0
70349, 1520, 1, 0, 0
70449, 1440, 1, 0, 0
70549, 1280, 1, 0, 0
70649, 1160, 1, 0, 0
70750, 1520, 1, 0, 0
70850, 1320, 1, 0, 0
70950, 1320, 1, 0, 0
71050, 1680, 1, 0, 0
71150, 1440, 1, 0, 0
71249, 1050, 1, 0, 0
71349, 1360, 1, 0, 0
71449, 1440, 1, 0, 0
71549, 1680, 1, 0, 0
71649, 1480, 1, 0, 0
71749, 1760, 1, 0, 0
71849, 4880, 1, 0, 0
71950, 2520, 1, 0, 0
72050, 2600, 1, 0, 0
72150, 2040, 1, 0, 0
72249, 1696, 1, 0, 0
72349, 1520, 1, 0, 0
72449, 1080, 1, 0, 0
72549, 1600, 1, 0, 0
72649, 1440, 1, 0, 0
72749, 1360, 1, 0, 0
72849, 1480, 1, 0, 0
72949, 1320, 1, 0, 0
73050, 1320, 1, 0, 0
73150, 1640, 1, 0, 0
73249, 1252, 1, 0, 0
73349, 1200, 1, 0, 0
73449, 1560, 1, 0, 0
73549, 1240, 1, 0, 0
73649, 1200, 1, 0, 0
73749, 1200, 1, 0, 0
73849, 1400, 1, 0, 0
73949, 1440, 1, 0, 0
74049, 1360, 1, 0, 0
74149, 1320, 1, 0, 0
74249, 1640, 1, 0, 0
74349, 1560, 1, 0, 0
74450, 1400, 1, 0, 0
74550, 1520, 1, 0, 0
74650, 1160, 1, 0, 0
74749, 1414, 1, 0, 0
74849, 1480, 1, 0, 0
74949, 1200, 1, 0, 0
75049, 960, 1, 0, 0
75149, 1040, 1, 0, 0
75249, 960, 1, 0, 0
75349, 880, 1, 0, 0
75449, 1120, 1, 0, 0
75549, 960, 1, 0, 0
75650, 1120, 1, 0, 0
75750, 1440, 1, 0, 0
75850, 1440, 1, 0, 0
75950, 1520, 1, 0, 0
76050, 1760, 1, 0, 0
76150, 1840, 1, 0, 0
76249, 7434, 1, 0, 0
76349, 6880, 1, 0, 0
76449, 6400, 1, 0, 0
76549, 5600, 1, 0, 0
76649, 1280, 1, 0, 0
76749, 1040, 1, 0, 0
76850, 1600, 1, 0, 0
76950, 1400, 1, 0, 0
77050, 1480, 1, 0, 0
77150, 1040, 1, 0, 0
77249, 1333, 1, 0, 0
77349, 1880, 1, 0, 0
77449, 1320, 1, 0, 0
77549, 1640, 1, 0, 0
77649, 1800, 1, 0, 0
77749, 1560, 1, 0, 0
77849, 1560, 1, 0, 0
77949, 1880, 1, 0, 0
78050, 1840, 1, 0, 0
78150, 1920, 1, 0, 0
78250, 1560, 1, 0, 0
78350, 1880, 1, 0, 0
78450, 1680, 1, 0, 0
78550, 1200, 1, 0, 0
78650, 1760, 1, 0, 0
78749, 1454, 1, 0, 0
78849, 1880, 1, 0, 0
78949, 1640, 1, 0, 0
79049, 1320, 1, 0, 0
79149, 1320, 1, 0, 0
79249, 1520, 1, 0, 0
79350, 2240, 1, 0, 0
79450, 1920, 1, 0, 0
79550, 2400, 1, 0, 0
79650, 2520, 1, 0, 0
79749, 2383, 1, 0, 0
79849, 2520, 1, 0, 0
79949, 2000, 1, 0, 0
80049, 2320, 1, 0, 0
80149, 1240, 1, 0, 0
80249, 1840, 1, 0, 0
80349, 2320, 1, 0, 0
80449, 1520, 1, 0, 0
80550, 1760, 1, 0, 0
80650, 1280, 1, 0, 0
80749, 2060, 1, 0, 0
80849, 2040, 1, 0, 0
80949, 1400, 1, 0, 0
81049, 1840, 1, 0, 0
81149, 2040, 1, 0, 0
81249, 1840, 1, 0, 0
81349, 1920, 1, 0, 0
81449, 1240, 1, 0, 0
81549, 1720, 1, 0, 0
81649, 1120, 1, 0, 0
81750, 1600, 1, 0, 0
81850, 1960, 1, 0, 0
81950, 1760, 1, 0, 0
82050, 1200, 1, 0, 0
82150, 1720, 1, 0, 0
82249, 1818, 1, 0, 0
82349, 1720, 1, 0, 0
82449, 1760, 1, 0, 0
82549, 1680, 1, 0, 0
82649, 1480, 1, 0, 0
82749, 1640, 1, 0, 0
82849, 1680, 1, 0, 0
82949, 2600, 1, 0, 0
83050, 1640, 1, 0, 0
83150, 1440, 1, 0, 0
83249, 2787, 1, 0, 0
83349, 4080, 1, 0, 0
83449, 2600, 1, 0, 0
83549, 5560, 1, 0, 0
83649, 5240, 1, 0, 0
83749, 6800, 1, 0, 0
83849, 7840, 1, 0, 0
83949, 6400, 1, 0, 0
84049, 6080, 1, 0, 0
84149, 6200, 1, 0, 0
84250, 7200, 1, 0, 0
84350, 6680, 1, 0, 0
84450, 6160, 1, 0, 0
84550, 5800, 1, 0, 0
84650, 5360, 1, 0, 0
84749, 1737, 1, 0, 0
84849, 2160, 1, 0, 0
84949, 1560, 1, 0, 0
85049, 1800, 1, 0, 0
85149, 1440, 1, 0, 0
85249, 1120, 1, 0, 0
85349, 1120, 1, 0, 0
85449, 1120, 1, 0, 0
85550, 1440, 1, 0, 0
85650, 1360, 1, 0, 0
85749, 1131, 1, 0, 0
85849, 1280, 1, 0, 0
85949, 1280, 1, 0, 0
86049, 1360, 1, 0, 0
86149, 1280, 1, 0, 0
86249, 1400, 1, 0, 0
86349, 1560, 1, 0, 0
86449, 1280, 1, 0, 0
86549, 1680, 1, 0, 0
86649, 1400, 1, 0, 0
86750, 1520, 1, 0, 0
86850, 1680, 1, 0, 0
86950, 1600, 1, 0, 0
87050, 1400, 1, 0, 0
87150, 1200, 1, 0, 0
87249, 1050, 1, 0, 0
87349, 1360, 1, 0, 0
87449, 1040, 1, 0, 0
87549, 960, 1, 0, 0
87649, 1120, 1, 0, 0
87749, 1040, 1, 0, 0
87849, 960, 1, 0, 0
87949, 1040, 1, 0, 0
88050, 880, 1, 0, 0
88150, 1120, 1, 0, 0
88249, 1010, 1, 0, 0
88349, 2640, 1, 0, 0
88449, 3680, 1, 0, 0
88549, 3440, 1, 0, 0
88649, 2880, 1, 0, 0
88749, 3160, 1, 0, 0
88849, 3440, 1, 0, 0
88949, 7840, 1, 0, 0
89049, 5800, 1, 0, 0
89149, 5960, 1, 0, 0
89250, 3720, 1, 0, 0
89350, 1880, 1, 0, 0
89450, 1360, 1, 0, 0
89550, 1680, 1, 0, 0
89650, 1720, 1, 0, 0
89749, 1656, 1, 0, 0
89849, 1840, 1, 0, 0
89949, 1600, 1, 0, 0
