115, 725997, 1, 0, 0
200, 659640, 1, 0, 0
306, 592410, 1, 0, 0
403, 689665, 1, 0, 0
510, 790716, 1, 0, 0
600, 640992, 1, 0, 0
704, 571265, 1, 0, 0
810, 616540, 1, 0, 0
907, 674418, 1, 0, 0
1000, 654140, 1, 0, 0
1108, 727134, 1, 0, 0
1208, 680112, 1, 0, 0
1304, 702766, 1, 0, 0
1402, 702795, 1, 0, 0
1500, 778769, 1, 0, 0
1600, 750740, 1, 0, 0
1707, 625560, 1, 0, 0
1801, 738610, 1, 0, 0
1901, 744335, 1, 0, 0
2013, 583488, 1, 0, 0
2112, 635977, 1, 0, 0
2216, 619581, 1, 0, 0
2303, 662808, 1, 0, 0
2400, 591492, 1, 0, 0
2505, 617426, 1, 0, 0
2600, 640069, 1, 0, 0
2704, 732987, 1, 0, 0
2806, 675210, 1, 0, 0
2916, 782937, 1, 0, 0
3023, 660129, 1, 0, 0
3100, 616587, 1, 0, 0
3202, 687782, 1, 0, 0
3300, 668110, 1, 0, 0
3400, 699878, 1, 0, 0
3502, 608102, 1, 0, 0
3603, 609703, 1, 0, 0
3700, 607185, 1, 0, 0
3802, 718677, 1, 0, 0
3900, 814671, 1, 0, 0
4001, 699956, 1, 0, 0
4101, 717045, 1, 0, 0
4203, 550458, 1, 0, 0
4308, 477964, 1, 0, 0
4404, 484911, 1, 0, 0
4503, 496661, 1, 0, 0
4600, 373776, 1, 0, 0
4700, 390425, 1, 0, 0
4806, 450778, 1, 0, 0
4905, 413108, 1, 0, 0
5003, 429034, 1, 0, 0
5108, 395040, 1, 0, 0
5203, 446022, 1, 0, 0
5305, 435198, 1, 0, 0
5403, 460037, 1, 0, 0
5504, 431980, 1, 0, 0
5620, 455126, 1, 0, 0
5700, 453089, 1, 0, 0
5800, 427792, 1, 0, 0
5913, 455038, 1, 0, 0
6002, 421992, 1, 0, 0
6108, 455468, 1, 0, 0
6200, 405755, 1, 0, 0
6300, 450311, 1, 0, 0
6409, 461271, 1, 0, 0
6512, 396466, 1, 0, 0
6609, 472852, 1, 0, 0
6701, 470340, 1, 0, 0
6813, 558544, 1, 0, 0
6913, 493517, 1, 0, 0
7000, 415863, 1, 0, 0
7105, 414745, 1, 0, 0
7202, 392691, 1, 0, 0
7303, 384589, 1, 0, 0
7422, 387104, 1, 0, 0
7502, 471571, 1, 0, 0
7604, 380267, 1, 0, 0
7712, 417196, 1, 0, 0
7818, 432423, 1, 0, 0
7900, 440168, 1, 0, 0
8016, 449513, 1, 0, 0
8109, 356116, 1, 0, 0
8211, 392725, 1, 0, 0
8311, 395019, 1, 0, 0
8402, 379761, 1, 0, 0
8502, 393149, 1, 0, 0
8607, 400548, 1, 0, 0
8703, 685455, 1, 0, 0
8800, 695428, 1, 0, 0
8911, 724155, 1, 0, 0
9001, 620977, 1, 0, 0
9102, 575957, 1, 0, 0
9208, 648123, 1, 0, 0
9310, 648867, 1, 0, 0
9415, 742419, 1, 0, 0
9506, 710040, 1, 0, 0
9602, 769166, 1, 0, 0
9706, 647653, 1, 0, 0
9804, 633261, 1, 0, 0
9905, 630866, 1, 0, 0
10005, 658572, 1, 0, 0
10100, 621014, 1, 0, 0
10202, 593233, 1, 0, 0
10305, 691180, 1, 0, 0
10406, 621240, 1, 0, 0
10502, 653392, 1, 0, 0
10604, 616750, 1, 0, 0
10724, 775833, 1, 0, 0
10810, 674940, 1, 0, 0
10906, 687733, 1, 0, 0
11000, 538344, 1, 0, 0
11108, 649839, 1, 0, 0
11203, 697235, 1, 0, 0
11321, 610791, 1, 0, 0
11400, 723435, 1, 0, 0
11500, 732970, 1, 0, 0
11605, 513823, 1, 0, 0
11711, 528351, 1, 0, 0
11804, 577834, 1, 0, 0
11903, 579841, 1, 0, 0
12005, 586851, 1, 0, 0
12101, 573452, 1, 0, 0
12208, 716822, 1, 0, 0
12303, 684868, 1, 0, 0
12408, 583045, 1, 0, 0
12504, 630863, 1, 0, 0
12600, 627921, 1, 0, 0
12700, 802812, 1, 0, 0
12808, 574968, 1, 0, 0
12903, 521286, 1, 0, 0
13001, 477006, 1, 0, 0
13101, 515747, 1, 0, 0
13205, 531669, 1, 0, 0
13301, 466897, 1, 0, 0
13416, 432311, 1, 0, 0
13500, 494236, 1, 0, 0
13603, 493700, 1, 0, 0
13707, 462102, 1, 0, 0
13812, 449078, 1, 0, 0
13904, 532450, 1, 0, 0
14006, 511071, 1, 0, 0
14106, 587325, 1, 0, 0
14202, 499231, 1, 0, 0
14300, 437670, 1, 0, 0
14407, 520357, 1, 0, 0
14500, 511208, 1, 0, 0
14605, 705699, 1, 0, 0
14711, 675665, 1, 0, 0
14804, 624092, 1, 0, 0
14921, 689024, 1, 0, 0
15000, 626687, 1, 0, 0
15111, 690840, 1, 0, 0
15204, 665394, 1, 0, 0
15306, 574016, 1, 0, 0
15408, 694955, 1, 0, 0
15501, 751762, 1, 0, 0
15601, 671257, 1, 0, 0
15706, 701540, 1, 0, 0
15804, 694951, 1, 0, 0
15916, 522883, 1, 0, 0
16004, 534457, 1, 0, 0
16106, 483945, 1, 0, 0
16210, 429861, 1, 0, 0
16300, 538610, 1, 0, 0
16411, 560547, 1, 0, 0
16507, 459946, 1, 0, 0
16604, 441971, 1, 0, 0
16709, 480046, 1, 0, 0
16800, 404644, 1, 0, 0
16900, 464471, 1, 0, 0
17000, 481321, 1, 0, 0
17105, 556994, 1, 0, 0
17205, 500177, 1, 0, 0
17305, 494386, 1, 0, 0
17401, 553685, 1, 0, 0
17503, 591469, 1, 0, 0
17602, 486541, 1, 0, 0
17707, 429288, 1, 0, 0
17806, 447369, 1, 0, 0
17905, 398987, 1, 0, 0
18000, 513844, 1, 0, 0
18102, 408470, 1, 0, 0
18213, 453931, 1, 0, 0
18305, 462039, 1, 0, 0
18423, 447138, 1, 0, 0
18504, 472431, 1, 0, 0
18606, 461069, 1, 0, 0
18705, 438727, 1, 0, 0
18801, 351491, 1, 0, 0
18902, 388075, 1, 0, 0
19000, 387427, 1, 0, 0
19107, 463286, 1, 0, 0
19208, 434518, 1, 0, 0
19307, 400901, 1, 0, 0
19413, 522527, 1, 0, 0
19503, 489491, 1, 0, 0
19603, 407403, 1, 0, 0
19703, 443060, 1, 0, 0
19800, 455288, 1, 0, 0
19901, 428761, 1, 0, 0
20018, 460156, 1, 0, 0
20103, 414162, 1, 0, 0
20210, 405282, 1, 0, 0
20314, 445500, 1, 0, 0
20400, 425183, 1, 0, 0
20508, 441188, 1, 0, 0
20609, 498760, 1, 0, 0
20706, 499889, 1, 0, 0
20803, 415495, 1, 0, 0
20920, 428562, 1, 0, 0
21005, 411401, 1, 0, 0
21100, 430091, 1, 0, 0
21207, 504485, 1, 0, 0
21300, 405451, 1, 0, 0
21406, 458293, 1, 0, 0
21510, 427919, 1, 0, 0
21605, 394123, 1, 0, 0
21703, 428162, 1, 0, 0
21802, 411554, 1, 0, 0
21901, 461573, 1, 0, 0
22002, 486339, 1, 0, 0
22109, 467836, 1, 0, 0
22209, 442082, 1, 0, 0
22304, 399498, 1, 0, 0
22403, 374502, 1, 0, 0
22504, 430155, 1, 0, 0
22602, 487975, 1, 0, 0
22700, 443763, 1, 0, 0
22800, 494257, 1, 0, 0
22909, 419329, 1, 0, 0
23018, 445903, 1, 0, 0
23107, 433755, 1, 0, 0
23200, 436220, 1, 0, 0
23305, 436933, 1, 0, 0
23413, 378770, 1, 0, 0
23500, 430797, 1, 0, 0
23603, 419745, 1, 0, 0
23700, 477998, 1, 0, 0
23800, 558402, 1, 0, 0
23903, 732193, 1, 0, 0
24009, 650492, 1, 0, 0
24108, 753760, 1, 0, 0
24204, 764124, 1, 0, 0
24301, 713700, 1, 0, 0
24406, 797131, 1, 0, 0
24517, 730383, 1, 0, 0
24606, 807167, 1, 0, 0
24709, 671007, 1, 0, 0
24801, 678601, 1, 0, 0
24905, 665595, 1, 0, 0
25001, 663660, 1, 0, 0
25115, 710012, 1, 0, 0
25204, 763616, 1, 0, 0
25301, 735514, 1, 0, 0
25415, 686431, 1, 0, 0
25501, 739087, 1, 0, 0
25606, 755279, 1, 0, 0
25712, 772286, 1, 0, 0
25808, 742632, 1, 0, 0
25900, 778147, 1, 0, 0
26001, 781986, 1, 0, 0
26114, 716183, 1, 0, 0
26200, 696983, 1, 0, 0
26311, 818644, 1, 0, 0
26410, 596844, 1, 0, 0
26508, 391978, 1, 0, 0
26601, 450379, 1, 0, 0
26700, 363118, 1, 0, 0
26803, 449996, 1, 0, 0
26901, 449459, 1, 0, 0
27005, 493388, 1, 0, 0
27103, 451364, 1, 0, 0
27213, 394644, 1, 0, 0
27302, 484459, 1, 0, 0
27402, 400470, 1, 0, 0
27507, 409615, 1, 0, 0
27604, 460652, 1, 0, 0
27700, 414588, 1, 0, 0
27819, 445384, 1, 0, 0
27904, 463864, 1, 0, 0
28004, 404072, 1, 0, 0
28105, 553431, 1, 0, 0
28201, 459839, 1, 0, 0
28302, 447796, 1, 0, 0
28401, 420944, 1, 0, 0
28520, 430189, 1, 0, 0
28612, 507689, 1, 0, 0
28712, 520887, 1, 0, 0
28811, 468544, 1, 0, 0
28900, 431965, 1, 0, 0
29004, 485362, 1, 0, 0
29104, 428115, 1, 0, 0
29200, 437919, 1, 0, 0
29302, 464335, 1, 0, 0
29400, 415502, 1, 0, 0
29502, 481809, 1, 0, 0
29603, 403758, 1, 0, 0
29700, 481145, 1, 0, 0
29805, 505913, 1, 0, 0
29900, 443708, 1, 0, 0
30004, 400015, 1, 0, 0
30109, 449175, 1, 0, 0
30208, 415781, 1, 0, 0
30308, 434916, 1, 0, 0
30405, 379464, 1, 0, 0
30500, 712894, 1, 0, 0
30600, 603172, 1, 0, 0
30711, 779956, 1, 0, 0
30807, 715343, 1, 0, 0
30902, 808911, 1, 0, 0
31002, 709348, 1, 0, 0
31100, 748127, 1, 0, 0
31200, 780730, 1, 0, 0
31303, 713686, 1, 0, 0
31411, 635692, 1, 0, 0
31501, 606154, 1, 0, 0
31601, 660197, 1, 0, 0
31701, 724797, 1, 0, 0
31814, 552985, 1, 0, 0
31900, 428575, 1, 0, 0
32003, 413950, 1, 0, 0
32100, 379029, 1, 0, 0
32212, 377729, 1, 0, 0
32304, 343221, 1, 0, 0
32408, 389908, 1, 0, 0
32500, 437854, 1, 0, 0
32606, 344479, 1, 0, 0
32709, 455550, 1, 0, 0
32801, 379645, 1, 0, 0
32901, 421675, 1, 0, 0
33000, 461090, 1, 0, 0
33101, 433198, 1, 0, 0
33210, 470007, 1, 0, 0
33312, 430104, 1, 0, 0
33413, 531877, 1, 0, 0
33502, 391279, 1, 0, 0
33601, 391352, 1, 0, 0
33705, 408551, 1, 0, 0
33810, 449408, 1, 0, 0
33900, 433736, 1, 0, 0
34000, 423023, 1, 0, 0
34101, 421466, 1, 0, 0
34208, 437182, 1, 0, 0
34305, 387558, 1, 0, 0
34400, 459098, 1, 0, 0
34509, 434055, 1, 0, 0
34611, 458424, 1, 0, 0
34706, 416743, 1, 0, 0
34800, 377753, 1, 0, 0
34900, 403875, 1, 0, 0
35025, 434812, 1, 0, 0
35100, 413290, 1, 0, 0
35203, 445051, 1, 0, 0
35306, 661461, 1, 0, 0
35408, 627091, 1, 0, 0
35501, 626722, 1, 0, 0
35600, 641310, 1, 0, 0
35702, 688097, 1, 0, 0
35801, 657571, 1, 0, 0
35900, 748320, 1, 0, 0
36004, 753479, 1, 0, 0
36104, 689004, 1, 0, 0
36206, 650489, 1, 0, 0
36303, 658201, 1, 0, 0
36402, 710761, 1, 0, 0
36505, 669313, 1, 0, 0
36606, 620097, 1, 0, 0
36705, 629388, 1, 0, 0
36807, 851481, 1, 0, 0
36900, 679606, 1, 0, 0
37000, 682037, 1, 0, 0
37101, 755374, 1, 0, 0
37200, 733312, 1, 0, 0
37306, 701757, 1, 0, 0
37408, 732358, 1, 0, 0
37500, 700971, 1, 0, 0
37603, 704773, 1, 0, 0
37702, 702325, 1, 0, 0
37810, 781155, 1, 0, 0
37901, 717282, 1, 0, 0
38010, 720317, 1, 0, 0
38119, 631539, 1, 0, 0
38200, 667953, 1, 0, 0
38302, 662073, 1, 0, 0
38401, 870229, 1, 0, 0
38508, 609615, 1, 0, 0
38602, 638809, 1, 0, 0
38709, 656908, 1, 0, 0
38803, 618606, 1, 0, 0
38903, 725071, 1, 0, 0
39001, 680025, 1, 0, 0
39101, 818284, 1, 0, 0
39200, 624680, 1, 0, 0
39307, 638019, 1, 0, 0
39407, 630877, 1, 0, 0
39503, 799872, 1, 0, 0
39600, 698480, 1, 0, 0
39705, 639495, 1, 0, 0
39800, 552290, 1, 0, 0
39902, 674583, 1, 0, 0
40015, 572630, 1, 0, 0
40105, 669208, 1, 0, 0
40204, 720732, 1, 0, 0
40311, 888453, 1, 0, 0
40406, 749862, 1, 0, 0
40508, 753771, 1, 0, 0
40608, 578379, 1, 0, 0
40709, 655142, 1, 0, 0
40802, 646642, 1, 0, 0
40903, 705621, 1, 0, 0
41004, 672090, 1, 0, 0
41100, 687738, 1, 0, 0
41201, 683923, 1, 0, 0
41300, 766142, 1, 0, 0
41412, 723731, 1, 0, 0
41500, 615429, 1, 0, 0
41601, 581552, 1, 0, 0
41700, 623285, 1, 0, 0
41814, 729921, 1, 0, 0
41900, 697625, 1, 0, 0
42001, 616566, 1, 0, 0
42101, 700717, 1, 0, 0
42205, 649505, 1, 0, 0
42307, 641427, 1, 0, 0
42406, 714799, 1, 0, 0
42503, 667373, 1, 0, 0
42600, 620695, 1, 0, 0
42701, 526491, 1, 0, 0
42802, 649882, 1, 0, 0
42900, 643708, 1, 0, 0
43018, 518407, 1, 0, 0
43107, 640641, 1, 0, 0
43200, 671033, 1, 0, 0
43302, 618126, 1, 0, 0
43403, 685352, 1, 0, 0
43501, 731471, 1, 0, 0
43608, 654499, 1, 0, 0
43700, 751294, 1, 0, 0
43802, 657765, 1, 0, 0
43908, 591803, 1, 0, 0
44006, 578399, 1, 0, 0
44101, 709604, 1, 0, 0
44211, 631339, 1, 0, 0
44305, 572645, 1, 0, 0
44403, 681310, 1, 0, 0
44503, 669326, 1, 0, 0
44603, 765646, 1, 0, 0
44700, 644977, 1, 0, 0
44806, 656758, 1, 0, 0
44905, 740130, 1, 0, 0
45001, 674184, 1, 0, 0
45101, 627474, 1, 0, 0
45202, 720847, 1, 0, 0
45300, 749153, 1, 0, 0
45404, 643683, 1, 0, 0
45500, 599651, 1, 0, 0
45610, 638959, 1, 0, 0
45700, 633862, 1, 0, 0
45821, 648850, 1, 0, 0
45900, 624289, 1, 0, 0
46004, 730483, 1, 0, 0
46100, 709863, 1, 0, 0
46207, 680584, 1, 0, 0
46313, 756998, 1, 0, 0
46402, 551253, 1, 0, 0
46500, 612239, 1, 0, 0
46615, 686006, 1, 0, 0
46715, 767685, 1, 0, 0
46812, 669129, 1, 0, 0
46905, 749243, 1, 0, 0
47006, 802287, 1, 0, 0
47116, 674824, 1, 0, 0
47207, 674084, 1, 0, 0
47324, 653611, 1, 0, 0
47404, 706145, 1, 0, 0
47503, 634263, 1, 0, 0
47601, 444261, 1, 0, 0
47700, 409613, 1, 0, 0
47813, 433462, 1, 0, 0
47906, 549935, 1, 0, 0
48002, 455521, 1, 0, 0
48106, 412428, 1, 0, 0
48206, 429190, 1, 0, 0
48309, 445921, 1, 0, 0
48406, 559141, 1, 0, 0
48502, 496435, 1, 0, 0
48601, 433363, 1, 0, 0
48701, 539301, 1, 0, 0
48814, 406750, 1, 0, 0
48912, 412206, 1, 0, 0
49000, 430611, 1, 0, 0
49103, 473178, 1, 0, 0
49211, 433273, 1, 0, 0
49301, 386042, 1, 0, 0
49404, 482662, 1, 0, 0
49512, 511368, 1, 0, 0
49603, 412684, 1, 0, 0
49700, 379591, 1, 0, 0
49805, 504087, 1, 0, 0
49900, 418770, 1, 0, 0
50004, 439003, 1, 0, 0
50100, 388249, 1, 0, 0
50210, 542483, 1, 0, 0
50304, 424083, 1, 0, 0
50405, 474723, 1, 0, 0
50504, 392469, 1, 0, 0
50608, 420054, 1, 0, 0
50700, 518930, 1, 0, 0
50800, 400615, 1, 0, 0
50902, 438524, 1, 0, 0
51001, 449982, 1, 0, 0
51108, 447937, 1, 0, 0
51205, 443675, 1, 0, 0
51301, 472618, 1, 0, 0
51404, 443061, 1, 0, 0
51503, 501798, 1, 0, 0
51610, 434747, 1, 0, 0
51704, 429216, 1, 0, 0
51800, 446926, 1, 0, 0
51909, 440687, 1, 0, 0
52005, 493870, 1, 0, 0
52102, 447945, 1, 0, 0
52205, 418761, 1, 0, 0
52307, 447356, 1, 0, 0
52402, 434442, 1, 0, 0
52507, 411722, 1, 0, 0
52600, 429571, 1, 0, 0
52705, 420472, 1, 0, 0
52809, 423136, 1, 0, 0
52902, 497101, 1, 0, 0
53000, 469168, 1, 0, 0
53102, 490861, 1, 0, 0
53209, 511725, 1, 0, 0
53303, 472744, 1, 0, 0
53407, 462512, 1, 0, 0
53500, 525556, 1, 0, 0
53600, 445520, 1, 0, 0
53705, 435399, 1, 0, 0
53808, 538379, 1, 0, 0
53900, 687408, 1, 0, 0
54001, 651171, 1, 0, 0
54100, 640177, 1, 0, 0
54209, 601982, 1, 0, 0
54301, 545305, 1, 0, 0
54400, 625655, 1, 0, 0
54517, 574370, 1, 0, 0
54600, 749970, 1, 0, 0
54718, 593908, 1, 0, 0
54802, 553618, 1, 0, 0
54906, 618146, 1, 0, 0
55008, 585009, 1, 0, 0
55111, 735702, 1, 0, 0
55208, 677925, 1, 0, 0
55305, 477402, 1, 0, 0
55408, 678050, 1, 0, 0
55507, 733093, 1, 0, 0
55609, 576296, 1, 0, 0
55704, 626057, 1, 0, 0
55810, 618704, 1, 0, 0
55900, 617147, 1, 0, 0
56012, 667276, 1, 0, 0
56106, 619085, 1, 0, 0
56219, 586307, 1, 0, 0
56303, 560777, 1, 0, 0
56403, 641999, 1, 0, 0
56509, 686822, 1, 0, 0
56606, 646918, 1, 0, 0
56700, 607414, 1, 0, 0
56803, 659049, 1, 0, 0
56900, 619270, 1, 0, 0
57003, 562829, 1, 0, 0
57110, 561116, 1, 0, 0
57207, 645195, 1, 0, 0
57308, 704260, 1, 0, 0
57418, 575992, 1, 0, 0
57500, 686856, 1, 0, 0
57600, 650209, 1, 0, 0
57718, 713958, 1, 0, 0
57804, 583162, 1, 0, 0
57906, 675039, 1, 0, 0
58001, 623904, 1, 0, 0
58104, 589104, 1, 0, 0
58212, 619675, 1, 0, 0
58302, 547424, 1, 0, 0
58401, 631709, 1, 0, 0
58509, 662679, 1, 0, 0
58602, 649703, 1, 0, 0
58709, 651517, 1, 0, 0
58800, 622759, 1, 0, 0
58902, 542575, 1, 0, 0
59001, 587309, 1, 0, 0
59106, 663649, 1, 0, 0
59203, 653839, 1, 0, 0
59317, 591304, 1, 0, 0
59405, 656572, 1, 0, 0
59504, 634571, 1, 0, 0
59600, 642821, 1, 0, 0
59709, 584578, 1, 0, 0
59801, 535576, 1, 0, 0
59912, 569952, 1, 0, 0
60000, 615339, 1, 0, 0
60100, 625066, 1, 0, 0
60201, 605835, 1, 0, 0
60301, 560948, 1, 0, 0
60405, 586950, 1, 0, 0
60506, 495568, 1, 0, 0
60631, 549017, 1, 0, 0
60700, 547664, 1, 0, 0
60805, 612532, 1, 0, 0
60906, 619232, 1, 0, 0
61003, 614042, 1, 0, 0
61115, 708457, 1, 0, 0
61204, 545181, 1, 0, 0
61302, 686894, 1, 0, 0
61401, 609589, 1, 0, 0
61501, 618753, 1, 0, 0
61605, 757534, 1, 0, 0
61715, 762347, 1, 0, 0
61805, 609545, 1, 0, 0
61903, 606038, 1, 0, 0
62002, 614115, 1, 0, 0
62100, 630684, 1, 0, 0
62204, 599463, 1, 0, 0
62308, 552988, 1, 0, 0
62412, 568047, 1, 0, 0
62501, 562667, 1, 0, 0
62602, 500261, 1, 0, 0
62706, 594738, 1, 0, 0
62800, 586609, 1, 0, 0
62900, 579727, 1, 0, 0
63002, 683465, 1, 0, 0
63108, 606144, 1, 0, 0
63200, 764957, 1, 0, 0
63304, 662571, 1, 0, 0
63405, 666737, 1, 0, 0
63511, 716436, 1, 0, 0
63600, 610805, 1, 0, 0
63700, 663310, 1, 0, 0
63804, 585016, 1, 0, 0
63916, 711324, 1, 0, 0
64005, 685765, 1, 0, 0
64103, 713668, 1, 0, 0
64200, 704277, 1, 0, 0
64302, 688958, 1, 0, 0
64403, 615124, 1, 0, 0
64509, 660184, 1, 0, 0
64604, 591401, 1, 0, 0
64700, 608593, 1, 0, 0
64803, 703791, 1, 0, 0
64906, 556035, 1, 0, 0
65004, 688196, 1, 0, 0
65102, 607398, 1, 0, 0
65200, 642465, 1, 0, 0
65310, 714276, 1, 0, 0
65405, 557945, 1, 0, 0
65500, 721018, 1, 0, 0
65604, 648330, 1, 0, 0
65710, 550461, 1, 0, 0
65808, 620068, 1, 0, 0
65908, 683327, 1, 0, 0
66000, 670243, 1, 0, 0
66101, 620139, 1, 0, 0
66200, 654016, 1, 0, 0
66301, 635709, 1, 0, 0
66409, 635941, 1, 0, 0
66505, 624980, 1, 0, 0
66600, 678284, 1, 0, 0
66709, 745623, 1, 0, 0
66803, 705179, 1, 0, 0
66910, 597682, 1, 0, 0
67002, 623781, 1, 0, 0
67101, 665997, 1, 0, 0
67209, 660038, 1, 0, 0
67311, 580210, 1, 0, 0
67401, 615943, 1, 0, 0
67508, 556856, 1, 0, 0
67600, 748971, 1, 0, 0
67709, 518270, 1, 0, 0
67800, 531409, 1, 0, 0
67903, 573851, 1, 0, 0
68000, 642390, 1, 0, 0
68113, 611298, 1, 0, 0
68208, 644514, 1, 0, 0
68311, 597095, 1, 0, 0
68400, 628325, 1, 0, 0
68502, 631307, 1, 0, 0
68603, 615046, 1, 0, 0
68700, 746977, 1, 0, 0
68802, 643738, 1, 0, 0
68903, 613553, 1, 0, 0
69003, 637941, 1, 0, 0
69100, 713545, 1, 0, 0
69208, 785208, 1, 0, 0
69302, 666565, 1, 0, 0
69405, 586435, 1, 0, 0
69500, 661157, 1, 0, 0
69600, 700787, 1, 0, 0
69701, 578196, 1, 0, 0
69800, 620044, 1, 0, 0
69908, 601063, 1, 0, 0
70003, 636229, 1, 0, 0
70101, 668134, 1, 0, 0
70201, 678519, 1, 0, 0
70306, 739583, 1, 0, 0
70410, 660849, 1, 0, 0
70510, 625696, 1, 0, 0
70602, 575576, 1, 0, 0
70700, 627216, 1, 0, 0
70805, 649183, 1, 0, 0
70900, 669896, 1, 0, 0
71007, 627714, 1, 0, 0
71102, 554846, 1, 0, 0
71204, 610068, 1, 0, 0
71302, 575732, 1, 0, 0
71404, 582439, 1, 0, 0
71506, 603064, 1, 0, 0
71605, 600071, 1, 0, 0
71701, 693262, 1, 0, 0
71801, 618445, 1, 0, 0
71903, 604579, 1, 0, 0
72001, 683677, 1, 0, 0
72106, 535283, 1, 0, 0
72200, 634966, 1, 0, 0
72302, 589658, 1, 0, 0
72407, 602060, 1, 0, 0
72507, 673273, 1, 0, 0
72608, 630919, 1, 0, 0
72702, 664801, 1, 0, 0
72800, 591397, 1, 0, 0
72900, 654838, 1, 0, 0
73002, 531427, 1, 0, 0
73102, 667924, 1, 0, 0
73202, 617863, 1, 0, 0
73305, 639541, 1, 0, 0
73402, 669391, 1, 0, 0
73505, 600786, 1, 0, 0
73600, 622107, 1, 0, 0
73700, 628866, 1, 0, 0
73806, 675324, 1, 0, 0
73905, 680887, 1, 0, 0
74000, 644579, 1, 0, 0
74101, 532809, 1, 0, 0
74200, 628198, 1, 0, 0
74305, 625238, 1, 0, 0
74403, 609261, 1, 0, 0
74502, 571944, 1, 0, 0
74600, 621542, 1, 0, 0
74716, 624158, 1, 0, 0
74803, 651100, 1, 0, 0
74903, 671735, 1, 0, 0
75004, 581426, 1, 0, 0
75105, 654213, 1, 0, 0
75203, 605732, 1, 0, 0
75300, 667786, 1, 0, 0
75409, 578936, 1, 0, 0
75505, 696367, 1, 0, 0
75606, 581607, 1, 0, 0
75702, 537715, 1, 0, 0
75801, 588694, 1, 0, 0
75900, 610309, 1, 0, 0
76008, 634796, 1, 0, 0
76108, 558929, 1, 0, 0
76205, 666218, 1, 0, 0
76300, 719500, 1, 0, 0
76413, 661108, 1, 0, 0
76509, 603755, 1, 0, 0
76604, 524738, 1, 0, 0
76701, 682880, 1, 0, 0
76802, 683943, 1, 0, 0
76900, 644017, 1, 0, 0
77000, 514016, 1, 0, 0
77101, 662114, 1, 0, 0
77209, 704807, 1, 0, 0
77310, 590175, 1, 0, 0
77400, 591242, 1, 0, 0
77516, 638608, 1, 0, 0
77600, 610701, 1, 0, 0
77706, 607735, 1, 0, 0
77804, 596974, 1, 0, 0
77902, 575244, 1, 0, 0
78001, 652315, 1, 0, 0
78104, 653139, 1, 0, 0
78201, 662910, 1, 0, 0
78303, 685973, 1, 0, 0
78405, 596416, 1, 0, 0
78502, 565530, 1, 0, 0
78605, 581714, 1, 0, 0
78704, 576411, 1, 0, 0
78800, 708506, 1, 0, 0
78905, 479425, 1, 0, 0
79005, 455256, 1, 0, 0
79100, 599916, 1, 0, 0
79206, 601341, 1, 0, 0
79315, 601603, 1, 0, 0
79405, 602137, 1, 0, 0
79501, 511281, 1, 0, 0
79610, 557723, 1, 0, 0
79700, 722247, 1, 0, 0
79803, 566789, 1, 0, 0
79900, 547026, 1, 0, 0
80009, 533294, 1, 0, 0
80105, 682658, 1, 0, 0
80206, 585600, 1, 0, 0
80311, 668468, 1, 0, 0
80400, 608938, 1, 0, 0
80510, 614210, 1, 0, 0
80601, 783636, 1, 0, 0
80705, 557504, 1, 0, 0
80805, 612832, 1, 0, 0
80903, 649926, 1, 0, 0
81003, 552558, 1, 0, 0
81100, 583900, 1, 0, 0
81227, 611376, 1, 0, 0
81312, 599750, 1, 0, 0
81406, 594278, 1, 0, 0
81507, 610976, 1, 0, 0
81606, 556782, 1, 0, 0
81702, 550836, 1, 0, 0
81803, 582578, 1, 0, 0
81907, 516317, 1, 0, 0
82001, 633527, 1, 0, 0
82105, 557298, 1, 0, 0
82204, 582484, 1, 0, 0
82300, 579314, 1, 0, 0
82400, 504257, 1, 0, 0
82501, 480793, 1, 0, 0
82607, 499999, 1, 0, 0
82700, 475908, 1, 0, 0
82801, 498557, 1, 0, 0
82907, 526700, 1, 0, 0
83003, 540331, 1, 0, 0
83117, 506226, 1, 0, 0
83203, 498707, 1, 0, 0
83323, 548631, 1, 0, 0
83400, 450327, 1, 0, 0
83502, 525713, 1, 0, 0
83604, 596979, 1, 0, 0
83714, 439887, 1, 0, 0
83802, 554712, 1, 0, 0
83904, 507806, 1, 0, 0
84004, 465186, 1, 0, 0
84100, 441248, 1, 0, 0
84202, 458695, 1, 0, 0
84312, 499875, 1, 0, 0
84402, 445809, 1, 0, 0
84500, 433580, 1, 0, 0
84608, 448221, 1, 0, 0
84706, 513878, 1, 0, 0
84800, 550290, 1, 0, 0
84902, 481996, 1, 0, 0
85007, 514464, 1, 0, 0
85115, 509219, 1, 0, 0
85201, 564962, 1, 0, 0
85307, 492386, 1, 0, 0
85408, 453124, 1, 0, 0
85504, 504851, 1, 0, 0
85609, 522508, 1, 0, 0
85701, 468154, 1, 0, 0
85806, 547239, 1, 0, 0
85900, 641694, 1, 0, 0
86001, 543782, 1, 0, 0
86106, 457799, 1, 0, 0
86201, 573604, 1, 0, 0
86323, 551786, 1, 0, 0
86400, 473649, 1, 0, 0
86505, 538082, 1, 0, 0
86600, 561909, 1, 0, 0
86705, 477185, 1, 0, 0
86808, 515600, 1, 0, 0
86902, 421558, 1, 0, 0
87002, 588437, 1, 0, 0
87100, 426484, 1, 0, 0
87204, 468662, 1, 0, 0
87305, 483254, 1, 0, 0
87404, 450567, 1, 0, 0
87503, 442700, 1, 0, 0
87602, 531411, 1, 0, 0
87701, 512196, 1, 0, 0
87800, 735397, 1, 0, 0
87909, 726835, 1, 0, 0
88000, 666620, 1, 0, 0
88104, 650999, 1, 0, 0
88207, 631853, 1, 0, 0
88300, 658037, 1, 0, 0
88408, 642413, 1, 0, 0
88501, 684908, 1, 0, 0
88603, 631397, 1, 0, 0
88700, 672089, 1, 0, 0
88804, 779117, 1, 0, 0
88904, 597586, 1, 0, 0
89007, 671391, 1, 0, 0
89107, 630988, 1, 0, 0
89201, 545006, 1, 0, 0
89302, 690850, 1, 0, 0
89400, 652817, 1, 0, 0
89501, 547447, 1, 0, 0
89610, 602498, 1, 0, 0
89705, 636288, 1, 0, 0
89800, 798350, 1, 0, 0
89906, 586502, 1, 0, 0
90000, 582238, 1, 0, 0
