250, 848, 0, 0, 0
350, 880, 0, 0, 0
450, 870, 0, 0, 0
550, 900, 0, 0, 0
650, 890, 0, 0, 0
749, 858, 0, 0, 0
849, 850, 0, 0, 0
949, 890, 0, 0, 0
1049, 870, 0, 0, 0
1149, 830, 0, 0, 0
1249, 890, 0, 0, 0
1349, 890, 0, 0, 0
1449, 890, 0, 0, 0
1550, 900, 0, 0, 0
1650, 850, 0, 0, 0
1749, 858, 0, 0, 0
1849, 900, 0, 0, 0
1949, 890, 0, 0, 0
2049, 860, 0, 0, 0
2149, 810, 0, 0, 0
2249, 830, 0, 0, 0
2349, 860, 0, 0, 0
2449, 860, 0, 0, 0
2549, 830, 0, 0, 0
2649, 830, 0, 0, 0
2749, 880, 0, 0, 0
2849, 850, 0, 0, 0
2949, 780, 0, 0, 0
3050, 840, 0, 0, 0
3150, 780, 0, 0, 0
3249, 717, 0, 0, 0
3349, 820, 0, 0, 0
3449, 860, 0, 0, 0
3549, 660, 0, 0, 0
3649, 830, 0, 0, 0
3749, 630, 0, 0, 0
3849, 650, 0, 0, 0
3949, 870, 0, 0, 0
4049, 670, 0, 0, 0
4149, 840, 0, 0, 0
4249, 710, 0, 0, 0
4349, 850, 0, 0, 0
4449, 820, 0, 0, 0
4550, 430, 0, 0, 0
4650, 830, 0, 0, 0
4749, 606, 0, 0, 0
4849, 560, 0, 0, 0
4949, 830, 0, 0, 0
5049, 770, 0, 0, 0
5149, 790, 0, 0, 0
5249, 800, 0, 0, 0
5349, 650, 0, 0, 0
5449, 870, 0, 0, 0
5549, 410, 0, 0, 0
5649, 830, 0, 0, 0
5749, 790, 0, 0, 0
5849, 590, 0, 0, 0
5949, 660, 0, 0, 0
6050, 810, 0, 0, 0
6150, 850, 0, 0, 0
6249, 808, 0, 0, 0
6349, 640, 0, 0, 0
6449, 840, 0, 0, 0
6549, 620, 0, 0, 0
6649, 660, 0, 0, 0
6749, 790, 0, 0, 0
6849, 590, 0, 0, 0
6949, 700, 0, 0, 0
7049, 850, 0, 0, 0
7149, 640, 0, 0, 0
7249, 870, 0, 0, 0
7349, 650, 0, 0, 0
7449, 820, 0, 0, 0
7550, 630, 0, 0, 0
7650, 760, 0, 0, 0
7749, 848, 0, 0, 0
7849, 660, 0, 0, 0
7949, 660, 0, 0, 0
8049, 830, 0, 0, 0
8149, 670, 0, 0, 0
8249, 860, 0, 0, 0
8349, 650, 0, 0, 0
8449, 820, 0, 0, 0
8549, 870, 0, 0, 0
8649, 660, 0, 0, 0
8749, 770, 0, 0, 0
8849, 790, 0, 0, 0
8949, 500, 0, 0, 0
9050, 870, 0, 0, 0
9150, 710, 0, 0, 0
9249, 787, 0, 0, 0
9349, 800, 0, 0, 0
9449, 670, 0, 0, 0
9549, 850, 0, 0, 0
9649, 490, 0, 0, 0
9749, 690, 0, 0, 0
9849, 830, 0, 0, 0
9949, 570, 0, 0, 0
10049, 840, 0, 0, 0
10149, 710, 0, 0, 0
10249, 860, 0, 0, 0
10349, 850, 0, 0, 0
10450, 870, 0, 0, 0
10550, 860, 0, 0, 0
10650, 620, 0, 0, 0
10749, 616, 0, 0, 0
10849, 850, 0, 0, 0
10949, 730, 0, 0, 0
11049, 630, 0, 0, 0
11149, 830, 0, 0, 0
11249, 690, 0, 0, 0
11349, 860, 0, 0, 0
11449, 790, 0, 0, 0
11549, 860, 0, 0, 0
11649, 740, 0, 0, 0
11749, 570, 0, 0, 0
11850, 830, 0, 0, 0
11950, 820, 0, 0, 0
12050, 690, 0, 0, 0
12150, 870, 0, 0, 0
12249, 757, 0, 0, 0
12349, 850, 0, 0, 0
12449, 670, 0, 0, 0
12549, 810, 0, 0, 0
12649, 830, 0, 0, 0
12749, 610, 0, 0, 0
12849, 820, 0, 0, 0
12949, 860, 0, 0, 0
13049, 460, 0, 0, 0
13149, 840, 0, 0, 0
13249, 870, 0, 0, 0
13350, 810, 0, 0, 0
13450, 780, 0, 0, 0
13550, 670, 0, 0, 0
13650, 840, 0, 0, 0
13749, 858, 0, 0, 0
13849, 740, 0, 0, 0
13949, 830, 0, 0, 0
14049, 670, 0, 0, 0
14149, 830, 0, 0, 0
14249, 880, 0, 0, 0
14349, 880, 0, 0, 0
14449, 880, 0, 0, 0
14549, 840, 0, 0, 0
14649, 840, 0, 0, 0
14749, 810, 0, 0, 0
14850, 830, 0, 0, 0
14950, 840, 0, 0, 0
15050, 830, 0, 0, 0
15150, 870, 0, 0, 0
15249, 767, 0, 0, 0
15349, 860, 0, 0, 0
15449, 840, 0, 0, 0
15549, 860, 0, 0, 0
15649, 890, 0, 0, 0
15749, 780, 0, 0, 0
15849, 830, 0, 0, 0
15949, 820, 0, 0, 0
16049, 820, 0, 0, 0
16149, 870, 0, 0, 0
16249, 850, 0, 0, 0
16349, 740, 0, 0, 0
16449, 850, 0, 0, 0
16550, 790, 0, 0, 0
16650, 830, 0, 0, 0
16749, 868, 0, 0, 0
16849, 810, 0, 0, 0
16949, 850, 0, 0, 0
17049, 820, 0, 0, 0
17149, 840, 0, 0, 0
17249, 820, 0, 0, 0
17349, 860, 0, 0, 0
17449, 860, 0, 0, 0
17549, 850, 0, 0, 0
17649, 870, 0, 0, 0
17749, 800, 0, 0, 0
17849, 840, 0, 0, 0
17949, 870, 0, 0, 0
18050, 890, 0, 0, 0
18150, 850, 0, 0, 0
18249, 868, 0, 0, 0
18349, 860, 0, 0, 0
18449, 870, 0, 0, 0
18549, 860, 0, 0, 0
18649, 850, 0, 0, 0
18749, 880, 0, 0, 0
18849, 800, 0, 0, 0
18949, 870, 0, 0, 0
19049, 870, 0, 0, 0
19149, 850, 0, 0, 0
19249, 850, 0, 0, 0
19349, 810, 0, 0, 0
19449, 820, 0, 0, 0
19549, 770, 0, 0, 0
19650, 870, 0, 0, 0
19750, 850, 0, 0, 0
19850, 850, 0, 0, 0
19950, 890, 0, 0, 0
20050, 870, 0, 0, 0
20150, 860, 0, 0, 0
20249, 878, 0, 0, 0
20349, 810, 0, 0, 0
20449, 870, 0, 0, 0
20549, 720, 0, 0, 0
20649, 880, 0, 0, 0
20749, 880, 0, 0, 0
20849, 810, 0, 0, 0
20949, 820, 0, 0, 0
21049, 840, 0, 0, 0
21149, 870, 0, 0, 0
21250, 850, 0, 0, 0
21350, 860, 0, 0, 0
21450, 850, 0, 0, 0
21550, 820, 0, 0, 0
21650, 840, 0, 0, 0
21749, 868, 0, 0, 0
21849, 830, 0, 0, 0
21949, 880, 0, 0, 0
22049, 780, 0, 0, 0
22149, 800, 0, 0, 0
22249, 870, 0, 0, 0
22349, 790, 0, 0, 0
22449, 840, 0, 0, 0
22549, 810, 0, 0, 0
22649, 810, 0, 0, 0
22750, 830, 0, 0, 0
22850, 860, 0, 0, 0
22950, 770, 0, 0, 0
23050, 890, 0, 0, 0
23150, 840, 0, 0, 0
23249, 868, 0, 0, 0
23349, 820, 0, 0, 0
23449, 870, 0, 0, 0
23549, 880, 0, 0, 0
23649, 880, 0, 0, 0
23749, 920, 0, 0, 0
23849, 830, 0, 0, 0
23949, 870, 0, 0, 0
24049, 870, 0, 0, 0
24149, 880, 0, 0, 0
24250, 840, 0, 0, 0
24350, 880, 0, 0, 0
24450, 860, 0, 0, 0
24550, 880, 0, 0, 0
24650, 880, 0, 0, 0
24749, 818, 0, 0, 0
24849, 880, 0, 0, 0
24949, 780, 0, 0, 0
25049, 800, 0, 0, 0
25149, 860, 0, 0, 0
25249, 870, 0, 0, 0
25350, 860, 0, 0, 0
25450, 860, 0, 0, 0
25550, 800, 0, 0, 0
25650, 830, 0, 0, 0
25749, 848, 0, 0, 0
25849, 860, 0, 0, 0
25949, 860, 0, 0, 0
26049, 840, 0, 0, 0
26149, 830, 0, 0, 0
26249, 850, 0, 0, 0
26349, 820, 0, 0, 0
26449, 850, 0, 0, 0
26550, 850, 0, 0, 0
26650, 850, 0, 0, 0
26749, 848, 0, 0, 0
26849, 760, 0, 0, 0
26949, 850, 0, 0, 0
27049, 750, 0, 0, 0
27149, 820, 0, 0, 0
27249, 880, 0, 0, 0
27349, 890, 0, 0, 0
27449, 810, 0, 0, 0
27549, 880, 0, 0, 0
27649, 870, 0, 0, 0
27749, 810, 0, 0, 0
27850, 850, 0, 0, 0
27950, 890, 0, 0, 0
28050, 860, 0, 0, 0
28150, 870, 0, 0, 0
28249, 868, 0, 0, 0
28349, 780, 0, 0, 0
28449, 830, 0, 0, 0
28549, 830, 0, 0, 0
28649, 840, 0, 0, 0
28749, 880, 0, 0, 0
28849, 870, 0, 0, 0
28949, 880, 0, 0, 0
29049, 870, 0, 0, 0
29150, 870, 0, 0, 0
29250, 850, 0, 0, 0
29350, 860, 0, 0, 0
29450, 880, 0, 0, 0
29550, 860, 0, 0, 0
29650, 870, 0, 0, 0
29749, 878, 0, 0, 0
29849, 790, 0, 0, 0
29949, 820, 0, 0, 0
30049, 840, 0, 0, 0
30149, 870, 0, 0, 0
30250, 860, 0, 0, 0
30350, 850, 0, 0, 0
30450, 830, 0, 0, 0
30550, 850, 0, 0, 0
30650, 860, 0, 0, 0
30749, 858, 0, 0, 0
30849, 850, 0, 0, 0
30949, 840, 0, 0, 0
31049, 810, 0, 0, 0
31149, 870, 0, 0, 0
31249, 870, 0, 0, 0
31349, 890, 0, 0, 0
31449, 780, 0, 0, 0
31550, 890, 0, 0, 0
31650, 780, 0, 0, 0
31749, 858, 0, 0, 0
31849, 830, 0, 0, 0
31949, 850, 0, 0, 0
32049, 880, 0, 0, 0
32149, 840, 0, 0, 0
32249, 840, 0, 0, 0
32349, 860, 0, 0, 0
32449, 860, 0, 0, 0
32549, 850, 0, 0, 0
32649, 870, 0, 0, 0
32750, 860, 0, 0, 0
32850, 880, 0, 0, 0
32950, 850, 0, 0, 0
33050, 880, 0, 0, 0
33150, 840, 0, 0, 0
33249, 858, 0, 0, 0
33349, 880, 0, 0, 0
33449, 860, 0, 0, 0
33549, 870, 0, 0, 0
33649, 840, 0, 0, 0
33749, 810, 0, 0, 0
33849, 860, 0, 0, 0
33950, 850, 0, 0, 0
34050, 870, 0, 0, 0
34150, 870, 0, 0, 0
34249, 888, 0, 0, 0
34349, 830, 0, 0, 0
34449, 850, 0, 0, 0
34549, 850, 0, 0, 0
34649, 860, 0, 0, 0
34749, 800, 0, 0, 0
34849, 860, 0, 0, 0
34949, 870, 0, 0, 0
35050, 880, 0, 0, 0
35150, 860, 0, 0, 0
35250, 870, 0, 0, 0
35350, 850, 0, 0, 0
35450, 850, 0, 0, 0
35550, 820, 0, 0, 0
35650, 880, 0, 0, 0
35749, 848, 0, 0, 0
35849, 870, 0, 0, 0
35949, 880, 0, 0, 0
36049, 870, 0, 0, 0
36149, 820, 0, 0, 0
36249, 860, 0, 0, 0
36350, 880, 0, 0, 0
36450, 890, 0, 0, 0
36550, 840, 0, 0, 0
36650, 870, 0, 0, 0
36749, 858, 0, 0, 0
36849, 830, 0, 0, 0
36949, 870, 0, 0, 0
37049, 810, 0, 0, 0
37149, 870, 0, 0, 0
37249, 800, 0, 0, 0
37349, 840, 0, 0, 0
37449, 880, 0, 0, 0
37550, 830, 0, 0, 0
37650, 800, 0, 0, 0
37749, 888, 0, 0, 0
37849, 870, 0, 0, 0
37949, 850, 0, 0, 0
38049, 880, 0, 0, 0
38149, 740, 0, 0, 0
38249, 830, 0, 0, 0
38349, 880, 0, 0, 0
38449, 890, 0, 0, 0
38549, 880, 0, 0, 0
38649, 860, 0, 0, 0
38750, 830, 0, 0, 0
38850, 880, 0, 0, 0
38950, 860, 0, 0, 0
39050, 860, 0, 0, 0
39150, 870, 0, 0, 0
39249, 818, 0, 0, 0
39349, 870, 0, 0, 0
39449, 870, 0, 0, 0
39549, 790, 0, 0, 0
39649, 790, 0, 0, 0
39749, 820, 0, 0, 0
39849, 860, 0, 0, 0
39949, 840, 0, 0, 0
40050, 860, 0, 0, 0
40150, 860, 0, 0, 0
40249, 848, 0, 0, 0
40349, 900, 0, 0, 0
40449, 840, 0, 0, 0
40549, 860, 0, 0, 0
40649, 850, 0, 0, 0
40749, 880, 0, 0, 0
40849, 870, 0, 0, 0
40949, 890, 0, 0, 0
41049, 850, 0, 0, 0
41149, 850, 0, 0, 0
41250, 760, 0, 0, 0
41350, 850, 0, 0, 0
41450, 880, 0, 0, 0
41550, 900, 0, 0, 0
41650, 850, 0, 0, 0
41749, 868, 0, 0, 0
41849, 880, 0, 0, 0
41949, 880, 0, 0, 0
42049, 870, 0, 0, 0
42149, 870, 0, 0, 0
42249, 890, 0, 0, 0
42349, 870, 0, 0, 0
42450, 860, 0, 0, 0
42550, 820, 0, 0, 0
42650, 860, 0, 0, 0
42749, 808, 0, 0, 0
42849, 890, 0, 0, 0
42949, 860, 0, 0, 0
43049, 860, 0, 0, 0
43149, 830, 0, 0, 0
43249, 830, 0, 0, 0
43349, 870, 0, 0, 0
43449, 830, 0, 0, 0
43549, 830, 0, 0, 0
43650, 790, 0, 0, 0
43750, 880, 0, 0, 0
43850, 860, 0, 0, 0
43950, 850, 0, 0, 0
44050, 840, 0, 0, 0
44150, 880, 0, 0, 0
44249, 878, 0, 0, 0
44349, 880, 0, 0, 0
44449, 860, 0, 0, 0
44549, 830, 0, 0, 0
44649, 830, 0, 0, 0
44749, 870, 0, 0, 0
44849, 890, 0, 0, 0
44950, 830, 0, 0, 0
45050, 860, 0, 0, 0
45150, 890, 0, 0, 0
45249, 838, 0, 0, 0
45349, 790, 0, 0, 0
45449, 800, 0, 0, 0
45549, 870, 0, 0, 0
45649, 860, 0, 0, 0
45749, 850, 0, 0, 0
45849, 850, 0, 0, 0
45949, 850, 0, 0, 0
46050, 850, 0, 0, 0
46150, 880, 0, 0, 0
46249, 858, 0, 0, 0
46349, 860, 0, 0, 0
46449, 840, 0, 0, 0
46549, 880, 0, 0, 0
46649, 850, 0, 0, 0
46749, 870, 0, 0, 0
46849, 910, 0, 0, 0
46949, 860, 0, 0, 0
47049, 890, 0, 0, 0
47149, 840, 0, 0, 0
47249, 820, 0, 0, 0
47349, 870, 0, 0, 0
47450, 860, 0, 0, 0
47550, 700, 0, 0, 0
47650, 820, 0, 0, 0
47749, 818, 0, 0, 0
47849, 860, 0, 0, 0
47949, 850, 0, 0, 0
48049, 830, 0, 0, 0
48149, 900, 0, 0, 0
48249, 860, 0, 0, 0
48349, 750, 0, 0, 0
48449, 900, 0, 0, 0
48549, 880, 0, 0, 0
48649, 850, 0, 0, 0
48750, 850, 0, 0, 0
48850, 830, 0, 0, 0
48950, 810, 0, 0, 0
49050, 800, 0, 0, 0
49150, 850, 0, 0, 0
49249, 888, 0, 0, 0
49349, 760, 0, 0, 0
49449, 820, 0, 0, 0
49549, 840, 0, 0, 0
49649, 730, 0, 0, 0
49749, 870, 0, 0, 0
49849, 870, 0, 0, 0
49950, 850, 0, 0, 0
50050, 860, 0, 0, 0
50150, 850, 0, 0, 0
50249, 818, 0, 0, 0
50349, 870, 0, 0, 0
50449, 850, 0, 0, 0
50549, 890, 0, 0, 0
50649, 870, 0, 0, 0
50749, 830, 0, 0, 0
50849, 840, 0, 0, 0
50949, 870, 0, 0, 0
51049, 850, 0, 0, 0
51150, 860, 0, 0, 0
51250, 850, 0, 0, 0
51350, 870, 0, 0, 0
51450, 830, 0, 0, 0
51550, 840, 0, 0, 0
51650, 880, 0, 0, 0
51749, 878, 0, 0, 0
51849, 840, 0, 0, 0
51949, 820, 0, 0, 0
52049, 870, 0, 0, 0
52149, 900, 0, 0, 0
52249, 890, 0, 0, 0
52349, 770, 0, 0, 0
52449, 860, 0, 0, 0
52549, 840, 0, 0, 0
52649, 860, 0, 0, 0
52750, 860, 0, 0, 0
52850, 850, 0, 0, 0
52950, 820, 0, 0, 0
53050, 840, 0, 0, 0
53150, 870, 0, 0, 0
53249, 858, 0, 0, 0
53349, 880, 0, 0, 0
53449, 860, 0, 0, 0
53549, 870, 0, 0, 0
53649, 810, 0, 0, 0
53749, 890, 0, 0, 0
53849, 850, 0, 0, 0
53949, 880, 0, 0, 0
54050, 870, 0, 0, 0
54150, 870, 0, 0, 0
54250, 850, 0, 0, 0
54350, 880, 0, 0, 0
54450, 880, 0, 0, 0
54550, 870, 0, 0, 0
54650, 840, 0, 0, 0
54749, 828, 0, 0, 0
54849, 850, 0, 0, 0
54949, 850, 0, 0, 0
55049, 850, 0, 0, 0
55149, 830, 0, 0, 0
55249, 820, 0, 0, 0
55349, 830, 0, 0, 0
55449, 810, 0, 0, 0
55550, 830, 0, 0, 0
55650, 840, 0, 0, 0
55749, 868, 0, 0, 0
55849, 850, 0, 0, 0
55949, 840, 0, 0, 0
56049, 810, 0, 0, 0
56149, 840, 0, 0, 0
56249, 850, 0, 0, 0
56349, 860, 0, 0, 0
56449, 890, 0, 0, 0
56549, 880, 0, 0, 0
56649, 820, 0, 0, 0
56749, 830, 0, 0, 0
56849, 840, 0, 0, 0
56949, 870, 0, 0, 0
57049, 850, 0, 0, 0
57149, 860, 0, 0, 0
57250, 880, 0, 0, 0
57350, 860, 0, 0, 0
57450, 880, 0, 0, 0
57550, 820, 0, 0, 0
57650, 880, 0, 0, 0
57749, 858, 0, 0, 0
57849, 820, 0, 0, 0
57949, 800, 0, 0, 0
58049, 890, 0, 0, 0
58149, 810, 0, 0, 0
58249, 830, 0, 0, 0
58349, 860, 0, 0, 0
58449, 840, 0, 0, 0
58549, 880, 0, 0, 0
58649, 860, 0, 0, 0
58750, 830, 0, 0, 0
58850, 850, 0, 0, 0
58950, 810, 0, 0, 0
59050, 900, 0, 0, 0
59150, 870, 0, 0, 0
59249, 858, 0, 0, 0
59349, 880, 0, 0, 0
59449, 880, 0, 0, 0
59549, 810, 0, 0, 0
59649, 820, 0, 0, 0
59749, 880, 0, 0, 0
59849, 800, 0, 0, 0
59949, 880, 0, 0, 0
60049, 880, 0, 0, 0
60149, 860, 0, 0, 0
60249, 850, 0, 0, 0
60349, 840, 0, 0, 0
60449, 860, 0, 0, 0
60550, 860, 0, 0, 0
60650, 890, 0, 0, 0
60749, 888, 0, 0, 0
60849, 880, 0, 0, 0
60949, 870, 0, 0, 0
61049, 880, 0, 0, 0
61149, 870, 0, 0, 0
61249, 880, 0, 0, 0
61349, 840, 0, 0, 0
61449, 860, 0, 0, 0
61549, 820, 0, 0, 0
61649, 880, 0, 0, 0
61749, 850, 0, 0, 0
61849, 850, 0, 0, 0
61949, 860, 0, 0, 0
62050, 810, 0, 0, 0
62150, 870, 0, 0, 0
62249, 858, 0, 0, 0
62349, 830, 0, 0, 0
62449, 880, 0, 0, 0
62549, 780, 0, 0, 0
62649, 860, 0, 0, 0
62749, 810, 0, 0, 0
62849, 830, 0, 0, 0
62949, 880, 0, 0, 0
63049, 880, 0, 0, 0
63149, 860, 0, 0, 0
63250, 870, 0, 0, 0
63350, 880, 0, 0, 0
63450, 860, 0, 0, 0
63550, 860, 0, 0, 0
63650, 810, 0, 0, 0
63749, 868, 0, 0, 0
63849, 790, 0, 0, 0
63949, 830, 0, 0, 0
64049, 860, 0, 0, 0
64149, 880, 0, 0, 0
64249, 890, 0, 0, 0
64349, 880, 0, 0, 0
64450, 830, 0, 0, 0
64550, 850, 0, 0, 0
64650, 850, 0, 0, 0
64749, 848, 0, 0, 0
64849, 840, 0, 0, 0
64949, 830, 0, 0, 0
65049, 840, 0, 0, 0
65149, 900, 0, 0, 0
65249, 850, 0, 0, 0
65349, 770, 0, 0, 0
65449, 870, 0, 0, 0
65549, 850, 0, 0, 0
65649, 880, 0, 0, 0
65750, 840, 0, 0, 0
65850, 860, 0, 0, 0
65950, 860, 0, 0, 0
66050, 880, 0, 0, 0
66150, 800, 0, 0, 0
66249, 797, 0, 0, 0
66349, 820, 0, 0, 0
66449, 870, 0, 0, 0
66549, 840, 0, 0, 0
66649, 860, 0, 0, 0
66749, 850, 0, 0, 0
66850, 840, 0, 0, 0
66950, 830, 0, 0, 0
67050, 880, 0, 0, 0
67150, 830, 0, 0, 0
67249, 818, 0, 0, 0
67349, 850, 0, 0, 0
67449, 870, 0, 0, 0
67549, 880, 0, 0, 0
67649, 860, 0, 0, 0
67749, 840, 0, 0, 0
67849, 830, 0, 0, 0
67949, 860, 0, 0, 0
68049, 840, 0, 0, 0
68150, 850, 0, 0, 0
68250, 840, 0, 0, 0
68350, 860, 0, 0, 0
68450, 880, 0, 0, 0
68550, 880, 0, 0, 0
68650, 860, 0, 0, 0
68749, 838, 0, 0, 0
68849, 880, 0, 0, 0
68949, 830, 0, 0, 0
69049, 830, 0, 0, 0
69149, 850, 0, 0, 0
69249, 870, 0, 0, 0
69349, 880, 0, 0, 0
69449, 880, 0, 0, 0
69549, 860, 0, 0, 0
69649, 840, 0, 0, 0
69750, 860, 0, 0, 0
69850, 870, 0, 0, 0
69950, 880, 0, 0, 0
70050, 910, 0, 0, 0
70150, 870, 0, 0, 0
70249, 878, 0, 0, 0
70349, 900, 0, 0, 0
70449, 850, 0, 0, 0
70549, 870, 0, 0, 0
70649, 850, 0, 0, 0
70749, 870, 0, 0, 0
70849, 850, 0, 0, 0
70949, 800, 0, 0, 0
71049, 870, 0, 0, 0
71149, 890, 0, 0, 0
71250, 830, 0, 0, 0
71350, 860, 0, 0, 0
71450, 850, 0, 0, 0
71550, 860, 0, 0, 0
71650, 840, 0, 0, 0
71749, 818, 0, 0, 0
71849, 880, 0, 0, 0
71949, 850, 0, 0, 0
72049, 880, 0, 0, 0
72149, 880, 0, 0, 0
72249, 870, 0, 0, 0
72349, 850, 0, 0, 0
72449, 870, 0, 0, 0
72549, 850, 0, 0, 0
72649, 870, 0, 0, 0
72750, 850, 0, 0, 0
72850, 890, 0, 0, 0
72950, 800, 0, 0, 0
73050, 870, 0, 0, 0
73150, 840, 0, 0, 0
73249, 868, 0, 0, 0
73349, 880, 0, 0, 0
73449, 860, 0, 0, 0
73549, 860, 0, 0, 0
73649, 860, 0, 0, 0
73749, 880, 0, 0, 0
73849, 820, 0, 0, 0
73949, 880, 0, 0, 0
74049, 870, 0, 0, 0
74149, 880, 0, 0, 0
74249, 880, 0, 0, 0
74350, 880, 0, 0, 0
74450, 880, 0, 0, 0
74550, 820, 0, 0, 0
74650, 850, 0, 0, 0
74749, 808, 0, 0, 0
74849, 870, 0, 0, 0
74949, 860, 0, 0, 0
75049, 810, 0, 0, 0
75149, 830, 0, 0, 0
75249, 830, 0, 0, 0
75349, 870, 0, 0, 0
75449, 800, 0, 0, 0
75549, 880, 0, 0, 0
75649, 850, 0, 0, 0
75750, 840, 0, 0, 0
75850, 840, 0, 0, 0
75950, 850, 0, 0, 0
76050, 850, 0, 0, 0
76150, 870, 0, 0, 0
76249, 838, 0, 0, 0
76349, 860, 0, 0, 0
76449, 840, 0, 0, 0
76549, 880, 0, 0, 0
76649, 820, 0, 0, 0
76749, 860, 0, 0, 0
76849, 820, 0, 0, 0
76949, 870, 0, 0, 0
77049, 850, 0, 0, 0
77149, 870, 0, 0, 0
77249, 870, 0, 0, 0
77349, 860, 0, 0, 0
77450, 890, 0, 0, 0
77550, 850, 0, 0, 0
77650, 790, 0, 0, 0
77749, 808, 0, 0, 0
77849, 870, 0, 0, 0
77949, 840, 0, 0, 0
78049, 830, 0, 0, 0
78149, 880, 0, 0, 0
78249, 850, 0, 0, 0
78349, 870, 0, 0, 0
78449, 860, 0, 0, 0
78549, 870, 0, 0, 0
78649, 880, 0, 0, 0
78749, 880, 0, 0, 0
78849, 810, 0, 0, 0
78949, 890, 0, 0, 0
79050, 820, 0, 0, 0
79150, 820, 0, 0, 0
79249, 818, 0, 0, 0
79349, 810, 0, 0, 0
79449, 780, 0, 0, 0
79549, 850, 0, 0, 0
79649, 790, 0, 0, 0
79749, 880, 0, 0, 0
79849, 870, 0, 0, 0
79949, 850, 0, 0, 0
80049, 880, 0, 0, 0
80149, 880, 0, 0, 0
80249, 890, 0, 0, 0
80349, 870, 0, 0, 0
80449, 810, 0, 0, 0
80549, 810, 0, 0, 0
80650, 870, 0, 0, 0
80750, 900, 0, 0, 0
80850, 900, 0, 0, 0
80950, 880, 0, 0, 0
81050, 850, 0, 0, 0
81150, 850, 0, 0, 0
81249, 808, 0, 0, 0
81349, 860, 0, 0, 0
81449, 870, 0, 0, 0
81549, 850, 0, 0, 0
81649, 870, 0, 0, 0
81749, 860, 0, 0, 0
81849, 880, 0, 0, 0
81949, 860, 0, 0, 0
82049, 870, 0, 0, 0
82149, 830, 0, 0, 0
82250, 890, 0, 0, 0
82350, 870, 0, 0, 0
82450, 880, 0, 0, 0
82550, 880, 0, 0, 0
82650, 870, 0, 0, 0
82749, 838, 0, 0, 0
82849, 880, 0, 0, 0
82949, 870, 0, 0, 0
83049, 860, 0, 0, 0
83149, 840, 0, 0, 0
83249, 860, 0, 0, 0
83349, 860, 0, 0, 0
83449, 810, 0, 0, 0
83549, 890, 0, 0, 0
83649, 870, 0, 0, 0
83750, 800, 0, 0, 0
83850, 860, 0, 0, 0
83950, 880, 0, 0, 0
84050, 860, 0, 0, 0
84150, 870, 0, 0, 0
84249, 818, 0, 0, 0
84349, 850, 0, 0, 0
84449, 780, 0, 0, 0
84549, 880, 0, 0, 0
84649, 830, 0, 0, 0
84749, 880, 0, 0, 0
84849, 830, 0, 0, 0
84949, 890, 0, 0, 0
85049, 890, 0, 0, 0
85149, 870, 0, 0, 0
85250, 880, 0, 0, 0
85350, 890, 0, 0, 0
85450, 860, 0, 0, 0
85550, 880, 0, 0, 0
85650, 870, 0, 0, 0
85749, 797, 0, 0, 0
85849, 860, 0, 0, 0
85949, 890, 0, 0, 0
86049, 880, 0, 0, 0
86149, 880, 0, 0, 0
86249, 840, 0, 0, 0
86349, 840, 0, 0, 0
86449, 880, 0, 0, 0
86549, 850, 0, 0, 0
86649, 830, 0, 0, 0
86750, 880, 0, 0, 0
86850, 850, 0, 0, 0
86950, 870, 0, 0, 0
87050, 870, 0, 0, 0
87150, 840, 0, 0, 0
87249, 858, 0, 0, 0
87349, 870, 0, 0, 0
87449, 900, 0, 0, 0
87549, 880, 0, 0, 0
87649, 860, 0, 0, 0
87749, 820, 0, 0, 0
87849, 850, 0, 0, 0
87949, 820, 0, 0, 0
88049, 880, 0, 0, 0
88149, 820, 0, 0, 0
88250, 820, 0, 0, 0
88350, 820, 0, 0, 0
88450, 860, 0, 0, 0
88550, 860, 0, 0, 0
88650, 890, 0, 0, 0
88749, 858, 0, 0, 0
88849, 890, 0, 0, 0
88949, 820, 0, 0, 0
89049, 870, 0, 0, 0
89149, 880, 0, 0, 0
89249, 820, 0, 0, 0
89350, 820, 0, 0, 0
89450, 870, 0, 0, 0
89550, 820, 0, 0, 0
89650, 840, 0, 0, 0
89749, 878, 0, 0, 0
89849, 840, 0, 0, 0
89949, 870, 0, 0, 0
