100, 4043, 0, 0, 0
200, 3899, 0, 0, 0
300, 3016, 0, 0, 0
400, 3666, 0, 0, 0
500, 2712, 0, 0, 0
600, 3357, 0, 0, 0
700, 3806, 0, 0, 0
800, 3401, 0, 0, 0
900, 3047, 0, 0, 0
1000, 3964, 0, 0, 0
1100, 3694, 0, 0, 0
1200, 3706, 0, 0, 0
1300, 3302, 0, 0, 0
1400, 3411, 0, 0, 0
1500, 3476, 0, 0, 0
1600, 3295, 0, 0, 0
1700, 3344, 0, 0, 0
1800, 3873, 0, 0, 0
1900, 3374, 0, 0, 0
2000, 4408, 0, 0, 0
2100, 3795, 0, 0, 0
2200, 3576, 0, 0, 0
2300, 3516, 0, 0, 0
2400, 3345, 0, 0, 0
2500, 3248, 0, 0, 0
2600, 3330, 0, 0, 0
2700, 3357, 0, 0, 0
2800, 3485, 0, 0, 0
2900, 2473, 0, 0, 0
3000, 2669, 0, 0, 0
3100, 3154, 0, 0, 0
3200, 3363, 0, 0, 0
3300, 2945, 0, 0, 0
3400, 2573, 0, 0, 0
3500, 3415, 0, 0, 0
3600, 3386, 0, 0, 0
3700, 3664, 0, 0, 0
3800, 2681, 0, 0, 0
3900, 3106, 0, 0, 0
4000, 3146, 0, 0, 0
4100, 3946, 0, 0, 0
4200, 4340, 0, 0, 0
4300, 3283, 0, 0, 0
4400, 4025, 0, 0, 0
4500, 3399, 0, 0, 0
4600, 3209, 0, 0, 0
4700, 2602, 0, 0, 0
4800, 2911, 0, 0, 0
4900, 3281, 0, 0, 0
5000, 3999, 0, 0, 0
5100, 3869, 0, 0, 0
5200, 4127, 0, 0, 0
5300, 3522, 0, 0, 0
5400, 3954, 0, 0, 0
5500, 4364, 0, 0, 0
5600, 3821, 0, 0, 0
5700, 3356, 0, 0, 0
5800, 3516, 0, 0, 0
5900, 3887, 0, 0, 0
6000, 3750, 0, 0, 0
6100, 2988, 0, 0, 0
6200, 3570, 0, 0, 0
6300, 4008, 0, 0, 0
6400, 3518, 0, 0, 0
6500, 3356, 0, 0, 0
6600, 3405, 0, 0, 0
6700, 3480, 0, 0, 0
6800, 3738, 0, 0, 0
6900, 3917, 0, 0, 0
7000, 4198, 0, 0, 0
7100, 3787, 0, 0, 0
7200, 3466, 0, 0, 0
7300, 4177, 0, 0, 0
7400, 3241, 0, 0, 0
7500, 3678, 0, 0, 0
7600, 3865, 0, 0, 0
7700, 4084, 0, 0, 0
7800, 3923, 0, 0, 0
7900, 3152, 0, 0, 0
8000, 3261, 0, 0, 0
8100, 3645, 0, 0, 0
8200, 3464, 0, 0, 0
8300, 3550, 0, 0, 0
8400, 3415, 0, 0, 0
8500, 3225, 0, 0, 0
8600, 3117, 0, 0, 0
8700, 3516, 0, 0, 0
8800, 3605, 0, 0, 0
8900, 3133, 0, 0, 0
9000, 3281, 0, 0, 0
9100, 3492, 0, 0, 0
9200, 3621, 0, 0, 0
9300, 4682, 0, 0, 0
9400, 3899, 0, 0, 0
9500, 4293, 0, 0, 0
9600, 4408, 0, 0, 0
9700, 4609, 0, 0, 0
9800, 3820, 0, 0, 0
9900, 3614, 0, 0, 0
10000, 3571, 0, 0, 0
10100, 4269, 0, 0, 0
10200, 3298, 0, 0, 0
10300, 3625, 0, 0, 0
10400, 3117, 0, 0, 0
10500, 3277, 0, 0, 0
10600, 3173, 0, 0, 0
10700, 3957, 0, 0, 0
10800, 3684, 0, 0, 0
10900, 3744, 0, 0, 0
11000, 3773, 0, 0, 0
11100, 3700, 0, 0, 0
11200, 3087, 0, 0, 0
11300, 2856, 0, 0, 0
11400, 2838, 0, 0, 0
11500, 3185, 0, 0, 0
11600, 3206, 0, 0, 0
11700, 3639, 0, 0, 0
11800, 3673, 0, 0, 0
11900, 4399, 0, 0, 0
12000, 4394, 0, 0, 0
12100, 4538, 0, 0, 0
12200, 4357, 0, 0, 0
12300, 3917, 0, 0, 0
12400, 2622, 0, 0, 0
12500, 3610, 0, 0, 0
12600, 3349, 0, 0, 0
12700, 3591, 0, 0, 0
12800, 3693, 0, 0, 0
12900, 3691, 0, 0, 0
13000, 4848, 0, 0, 0
13100, 5117, 0, 0, 0
13200, 4888, 0, 0, 0
13300, 3958, 0, 0, 0
13400, 3969, 0, 0, 0
13500, 3342, 0, 0, 0
13600, 3015, 0, 0, 0
13700, 2910, 0, 0, 0
13800, 3148, 0, 0, 0
13900, 4471, 0, 0, 0
14000, 3144, 0, 0, 0
14100, 3736, 0, 0, 0
14200, 4402, 0, 0, 0
14300, 4543, 0, 0, 0
14400, 4993, 0, 0, 0
14500, 3745, 0, 0, 0
14600, 2859, 0, 0, 0
14700, 3661, 0, 0, 0
14800, 3658, 0, 0, 0
14900, 3587, 0, 0, 0
15000, 3809, 0, 0, 0
15100, 4218, 0, 0, 0
15200, 4346, 0, 0, 0
15300, 2838, 0, 0, 0
15400, 3802, 0, 0, 0
15500, 3954, 0, 0, 0
15600, 2790, 0, 0, 0
15700, 3606, 0, 0, 0
15800, 2803, 0, 0, 0
15900, 2283, 0, 0, 0
16000, 2330, 0, 0, 0
16100, 3186, 0, 0, 0
16200, 3296, 0, 0, 0
16300, 3493, 0, 0, 0
16400, 3198, 0, 0, 0
16500, 2906, 0, 0, 0
16600, 3354, 0, 0, 0
16700, 3387, 0, 0, 0
16800, 3586, 0, 0, 0
16900, 2889, 0, 0, 0
17000, 2686, 0, 0, 0
17100, 2994, 0, 0, 0
17200, 3241, 0, 0, 0
17300, 3075, 0, 0, 0
17400, 3350, 0, 0, 0
17500, 3115, 0, 0, 0
17600, 3273, 0, 0, 0
17700, 3975, 0, 0, 0
17800, 3180, 0, 0, 0
17900, 2651, 0, 0, 0
18000, 3347, 0, 0, 0
18100, 4611, 0, 0, 0
18200, 3990, 0, 0, 0
18300, 3469, 0, 0, 0
18400, 3167, 0, 0, 0
18500, 3499, 0, 0, 0
18600, 3261, 0, 0, 0
18700, 3717, 0, 0, 0
18800, 3679, 0, 0, 0
18900, 3657, 0, 0, 0
19000, 3121, 0, 0, 0
19100, 3371, 0, 0, 0
19200, 3611, 0, 0, 0
19300, 2956, 0, 0, 0
19400, 3108, 0, 0, 0
19500, 3725, 0, 0, 0
19600, 3441, 0, 0, 0
19700, 2814, 0, 0, 0
19800, 2654, 0, 0, 0
19900, 2888, 0, 0, 0
20000, 3456, 0, 0, 0
20100, 3211, 0, 0, 0
20200, 3067, 0, 0, 0
20300, 3139, 0, 0, 0
20400, 2884, 0, 0, 0
20500, 2908, 0, 0, 0
20600, 3489, 0, 0, 0
20700, 3825, 0, 0, 0
20800, 3586, 0, 0, 0
20900, 3923, 0, 0, 0
21000, 3606, 0, 0, 0
21100, 3222, 0, 0, 0
21200, 3274, 0, 0, 0
21300, 3160, 0, 0, 0
21400, 3612, 0, 0, 0
21500, 2939, 0, 0, 0
21600, 2812, 0, 0, 0
21700, 3243, 0, 0, 0
21800, 3689, 0, 0, 0
21900, 3090, 0, 0, 0
22000, 3348, 0, 0, 0
22100, 3006, 0, 0, 0
22200, 2733, 0, 0, 0
22300, 2903, 0, 0, 0
22400, 4055, 0, 0, 0
22500, 3882, 0, 0, 0
22600, 3511, 0, 0, 0
22700, 3324, 0, 0, 0
22800, 3455, 0, 0, 0
22900, 3328, 0, 0, 0
23000, 3966, 0, 0, 0
23100, 5228, 0, 0, 0
23200, 4886, 0, 0, 0
23300, 3841, 0, 0, 0
23400, 3071, 0, 0, 0
23500, 3469, 0, 0, 0
23600, 3552, 0, 0, 0
23700, 4023, 0, 0, 0
23800, 5267, 0, 0, 0
23900, 5401, 0, 0, 0
24000, 4689, 0, 0, 0
24100, 3137, 0, 0, 0
24200, 3155, 0, 0, 0
24300, 3589, 0, 0, 0
24400, 3637, 0, 0, 0
24500, 3796, 0, 0, 0
24600, 3597, 0, 0, 0
24700, 2488, 0, 0, 0
24800, 3229, 0, 0, 0
24900, 3974, 0, 0, 0
25000, 3984, 0, 0, 0
25100, 2734, 0, 0, 0
25200, 2660, 0, 0, 0
25300, 2563, 0, 0, 0
25400, 4242, 0, 0, 0
25500, 5140, 0, 0, 0
25600, 3706, 0, 0, 0
25700, 2939, 0, 0, 0
25800, 3065, 0, 0, 0
25900, 3414, 0, 0, 0
26000, 3213, 0, 0, 0
26100, 3382, 0, 0, 0
26200, 3224, 0, 0, 0
26300, 3300, 0, 0, 0
26400, 3077, 0, 0, 0
26500, 3236, 0, 0, 0
26600, 3095, 0, 0, 0
26700, 3300, 0, 0, 0
26800, 3369, 0, 0, 0
26900, 3252, 0, 0, 0
27000, 3188, 0, 0, 0
27100, 3180, 0, 0, 0
27200, 3297, 0, 0, 0
27300, 3441, 0, 0, 0
27400, 3298, 0, 0, 0
27500, 3023, 0, 0, 0
27600, 3354, 0, 0, 0
27700, 3104, 0, 0, 0
27800, 2958, 0, 0, 0
27900, 3089, 0, 0, 0
28000, 2729, 0, 0, 0
28100, 3809, 0, 0, 0
28200, 3403, 0, 0, 0
28300, 3548, 0, 0, 0
28400, 3049, 0, 0, 0
28500, 2974, 0, 0, 0
28600, 3012, 0, 0, 0
28700, 3090, 0, 0, 0
28800, 3764, 0, 0, 0
28900, 4363, 0, 0, 0
29000, 4137, 0, 0, 0
29100, 4557, 0, 0, 0
29200, 5111, 0, 0, 0
29300, 4118, 0, 0, 0
29400, 3136, 0, 0, 0
29500, 3586, 0, 0, 0
29600, 3491, 0, 0, 0
29700, 3765, 0, 0, 0
29800, 3737, 0, 0, 0
29900, 3629, 0, 0, 0
30000, 3298, 0, 0, 0
30100, 3404, 0, 0, 0
30200, 3965, 0, 0, 0
30300, 3398, 0, 0, 0
30400, 3393, 0, 0, 0
30500, 3344, 0, 0, 0
30600, 3468, 0, 0, 0
30700, 3023, 0, 0, 0
30800, 3376, 0, 0, 0
30900, 2998, 0, 0, 0
31000, 3085, 0, 0, 0
31100, 2952, 0, 0, 0
31200, 3138, 0, 0, 0
31300, 3383, 0, 0, 0
31400, 3042, 0, 0, 0
31500, 3142, 0, 0, 0
31600, 2922, 0, 0, 0
31700, 2980, 0, 0, 0
31800, 2961, 0, 0, 0
31900, 2948, 0, 0, 0
32000, 2664, 0, 0, 0
32100, 2989, 0, 0, 0
32200, 3381, 0, 0, 0
32300, 3356, 0, 0, 0
32400, 3580, 0, 0, 0
32500, 3649, 0, 0, 0
32600, 3661, 0, 0, 0
32700, 2775, 0, 0, 0
32800, 3549, 0, 0, 0
32900, 4088, 0, 0, 0
33000, 4552, 0, 0, 0
33100, 4464, 0, 0, 0
33200, 4327, 0, 0, 0
33300, 3840, 0, 0, 0
33400, 4806, 0, 0, 0
33500, 4273, 0, 0, 0
33600, 3385, 0, 0, 0
33700, 3081, 0, 0, 0
33800, 3010, 0, 0, 0
33900, 3284, 0, 0, 0
34000, 2850, 0, 0, 0
34100, 3674, 0, 0, 0
34200, 2902, 0, 0, 0
34300, 2887, 0, 0, 0
34400, 2691, 0, 0, 0
34500, 3381, 0, 0, 0
34600, 3477, 0, 0, 0
34700, 3464, 0, 0, 0
34800, 3514, 0, 0, 0
34900, 2785, 0, 0, 0
35000, 2870, 0, 0, 0
35100, 2943, 0, 0, 0
35200, 3528, 0, 0, 0
35300, 3257, 0, 0, 0
35400, 3253, 0, 0, 0
35500, 2497, 0, 0, 0
35600, 2811, 0, 0, 0
35700, 2866, 0, 0, 0
35800, 2830, 0, 0, 0
35900, 3157, 0, 0, 0
36000, 3268, 0, 0, 0
36100, 3208, 0, 0, 0
36200, 2976, 0, 0, 0
36300, 3782, 0, 0, 0
36400, 3428, 0, 0, 0
36500, 2721, 0, 0, 0
36600, 3698, 0, 0, 0
36700, 4204, 0, 0, 0
36800, 3266, 0, 0, 0
36900, 3098, 0, 0, 0
37000, 2868, 0, 0, 0
37100, 3013, 0, 0, 0
37200, 3627, 0, 0, 0
37300, 3238, 0, 0, 0
37400, 3353, 0, 0, 0
37500, 3197, 0, 0, 0
37600, 3474, 0, 0, 0
37700, 3232, 0, 0, 0
37800, 3227, 0, 0, 0
37900, 3433, 0, 0, 0
38000, 3504, 0, 0, 0
38100, 3308, 0, 0, 0
38200, 3111, 0, 0, 0
38300, 2942, 0, 0, 0
38400, 3191, 0, 0, 0
38500, 3392, 0, 0, 0
38600, 3083, 0, 0, 0
38700, 2947, 0, 0, 0
38800, 3115, 0, 0, 0
38900, 3307, 0, 0, 0
39000, 3104, 0, 0, 0
39100, 3089, 0, 0, 0
39200, 4623, 0, 0, 0
39300, 3538, 0, 0, 0
39400, 3083, 0, 0, 0
39500, 3231, 0, 0, 0
39600, 3409, 0, 0, 0
39700, 3413, 0, 0, 0
39800, 3988, 0, 0, 0
39900, 2859, 0, 0, 0
40000, 2724, 0, 0, 0
40100, 3142, 0, 0, 0
40200, 3401, 0, 0, 0
40300, 3546, 0, 0, 0
40400, 3447, 0, 0, 0
40500, 2904, 0, 0, 0
40600, 2905, 0, 0, 0
40700, 3904, 0, 0, 0
40800, 3177, 0, 0, 0
40900, 3164, 0, 0, 0
41000, 3816, 0, 0, 0
41100, 3184, 0, 0, 0
41200, 3122, 0, 0, 0
41300, 3298, 0, 0, 0
41400, 3052, 0, 0, 0
41500, 3095, 0, 0, 0
41600, 3276, 0, 0, 0
41700, 3802, 0, 0, 0
41800, 4000, 0, 0, 0
41900, 3089, 0, 0, 0
42000, 3337, 0, 0, 0
42100, 3196, 0, 0, 0
42200, 3552, 0, 0, 0
42300, 3301, 0, 0, 0
42400, 4049, 0, 0, 0
42500, 4606, 0, 0, 0
42600, 4443, 0, 0, 0
42700, 3935, 0, 0, 0
42800, 3424, 0, 0, 0
42900, 3303, 0, 0, 0
43000, 3807, 0, 0, 0
43100, 3875, 0, 0, 0
43200, 4750, 0, 0, 0
43300, 4496, 0, 0, 0
43400, 4344, 0, 0, 0
43500, 3378, 0, 0, 0
43600, 2997, 0, 0, 0
43700, 3309, 0, 0, 0
43800, 3332, 0, 0, 0
43900, 3177, 0, 0, 0
44000, 3545, 0, 0, 0
44100, 4083, 0, 0, 0
44200, 3924, 0, 0, 0
44300, 3642, 0, 0, 0
44400, 3373, 0, 0, 0
44500, 3665, 0, 0, 0
44600, 4089, 0, 0, 0
44700, 3774, 0, 0, 0
44800, 3306, 0, 0, 0
44900, 3246, 0, 0, 0
45000, 3837, 0, 0, 0
45100, 3474, 0, 0, 0
45200, 2879, 0, 0, 0
45300, 3113, 0, 0, 0
45400, 3289, 0, 0, 0
45500, 3484, 0, 0, 0
45600, 3317, 0, 0, 0
45700, 3273, 0, 0, 0
45800, 3735, 0, 0, 0
45900, 3767, 0, 0, 0
46000, 3385, 0, 0, 0
46100, 4263, 0, 0, 0
46200, 3949, 0, 0, 0
46300, 4964, 0, 0, 0
46400, 3440, 0, 0, 0
46500, 3212, 0, 0, 0
46600, 3531, 0, 0, 0
46700, 3435, 0, 0, 0
46800, 3295, 0, 0, 0
46900, 2721, 0, 0, 0
47000, 3229, 0, 0, 0
47100, 3462, 0, 0, 0
47200, 3579, 0, 0, 0
47300, 2987, 0, 0, 0
47400, 3323, 0, 0, 0
47500, 2793, 0, 0, 0
47600, 2903, 0, 0, 0
47700, 3386, 0, 0, 0
47800, 3686, 0, 0, 0
47900, 3640, 0, 0, 0
48000, 3291, 0, 0, 0
48100, 2885, 0, 0, 0
48200, 2659, 0, 0, 0
48300, 2908, 0, 0, 0
48400, 4165, 0, 0, 0
48500, 3943, 0, 0, 0
48600, 3738, 0, 0, 0
48700, 3571, 0, 0, 0
48800, 2983, 0, 0, 0
48900, 3067, 0, 0, 0
49000, 3066, 0, 0, 0
49100, 2853, 0, 0, 0
49200, 3104, 0, 0, 0
49300, 3101, 0, 0, 0
49400, 3789, 0, 0, 0
49504, 4638, 0, 0, 0
49600, 4255, 0, 0, 0
49700, 3840, 0, 0, 0
49800, 3725, 0, 0, 0
49900, 3797, 0, 0, 0
50000, 3391, 0, 0, 0
50100, 3539, 0, 0, 0
50200, 2942, 0, 0, 0
50300, 3194, 0, 0, 0
50400, 3209, 0, 0, 0
50500, 3076, 0, 0, 0
50600, 3702, 0, 0, 0
50700, 3092, 0, 0, 0
50800, 3957, 0, 0, 0
50900, 4041, 0, 0, 0
51000, 2938, 0, 0, 0
51100, 3071, 0, 0, 0
51200, 3309, 0, 0, 0
51300, 3952, 0, 0, 0
51400, 2968, 0, 0, 0
51500, 4347, 0, 0, 0
51600, 3227, 0, 0, 0
51700, 3179, 0, 0, 0
51800, 3730, 0, 0, 0
51900, 3116, 0, 0, 0
52000, 3245, 0, 0, 0
52100, 3784, 0, 0, 0
52200, 3685, 0, 0, 0
52300, 3672, 0, 0, 0
52400, 3424, 0, 0, 0
52500, 3018, 0, 0, 0
52600, 2951, 0, 0, 0
52700, 2599, 0, 0, 0
52800, 4468, 0, 0, 0
52900, 4492, 0, 0, 0
53000, 3089, 0, 0, 0
53100, 3505, 0, 0, 0
53200, 3792, 0, 0, 0
53300, 4276, 0, 0, 0
53400, 4107, 0, 0, 0
53500, 4279, 0, 0, 0
53600, 3616, 0, 0, 0
53700, 3503, 0, 0, 0
53800, 3894, 0, 0, 0
53900, 3802, 0, 0, 0
54000, 3291, 0, 0, 0
54100, 2954, 0, 0, 0
54200, 3375, 0, 0, 0
54300, 4198, 0, 0, 0
54400, 4421, 0, 0, 0
54500, 4237, 0, 0, 0
54600, 4176, 0, 0, 0
54700, 3182, 0, 0, 0
54800, 3553, 0, 0, 0
54900, 3039, 0, 0, 0
55000, 3083, 0, 0, 0
55100, 3560, 0, 0, 0
55200, 3267, 0, 0, 0
55300, 3691, 0, 0, 0
55400, 4001, 0, 0, 0
55500, 3515, 0, 0, 0
55600, 3839, 0, 0, 0
55700, 4031, 0, 0, 0
55800, 3631, 0, 0, 0
55900, 3290, 0, 0, 0
56000, 2940, 0, 0, 0
56100, 2767, 0, 0, 0
56200, 3401, 0, 0, 0
56300, 3257, 0, 0, 0
56400, 3470, 0, 0, 0
56500, 4292, 0, 0, 0
56600, 4041, 0, 0, 0
56700, 3302, 0, 0, 0
56800, 3031, 0, 0, 0
56900, 3746, 0, 0, 0
57000, 4008, 0, 0, 0
57100, 4410, 0, 0, 0
57200, 3800, 0, 0, 0
57300, 3950, 0, 0, 0
57400, 3278, 0, 0, 0
57500, 3782, 0, 0, 0
57600, 3359, 0, 0, 0
57700, 3705, 0, 0, 0
57800, 3434, 0, 0, 0
57900, 3590, 0, 0, 0
58000, 3642, 0, 0, 0
58100, 3585, 0, 0, 0
58200, 4374, 0, 0, 0
58300, 4529, 0, 0, 0
58400, 2995, 0, 0, 0
58500, 2868, 0, 0, 0
58600, 3792, 0, 0, 0
58700, 3158, 0, 0, 0
58800, 3176, 0, 0, 0
58900, 3966, 0, 0, 0
59000, 4555, 0, 0, 0
59100, 4503, 0, 0, 0
59200, 2699, 0, 0, 0
59300, 2859, 0, 0, 0
59400, 2908, 0, 0, 0
59500, 3348, 0, 0, 0
59600, 4009, 0, 0, 0
59700, 4068, 0, 0, 0
59800, 3749, 0, 0, 0
59900, 3242, 0, 0, 0
60000, 2823, 0, 0, 0
60100, 3928, 0, 0, 0
60200, 3941, 0, 0, 0
60300, 4191, 0, 0, 0
60400, 3303, 0, 0, 0
60500, 2819, 0, 0, 0
60600, 2731, 0, 0, 0
60700, 3001, 0, 0, 0
60800, 3287, 0, 0, 0
60900, 3049, 0, 0, 0
61000, 3769, 0, 0, 0
61100, 3938, 0, 0, 0
61200, 3500, 0, 0, 0
61300, 3045, 0, 0, 0
61400, 2980, 0, 0, 0
61500, 2609, 0, 0, 0
61600, 3376, 0, 0, 0
61700, 3539, 0, 0, 0
61800, 3839, 0, 0, 0
61900, 3068, 0, 0, 0
62000, 3894, 0, 0, 0
62100, 3130, 0, 0, 0
62200, 2743, 0, 0, 0
62300, 2681, 0, 0, 0
62400, 3338, 0, 0, 0
62500, 4879, 0, 0, 0
62600, 3232, 0, 0, 0
62700, 3281, 0, 0, 0
62800, 3301, 0, 0, 0
62900, 3675, 0, 0, 0
63000, 3233, 0, 0, 0
63100, 4181, 0, 0, 0
63200, 5535, 0, 0, 0
63305, 5243, 0, 0, 0
63400, 4965, 0, 0, 0
63500, 4684, 0, 0, 0
63600, 3187, 0, 0, 0
63700, 3755, 0, 0, 0
63800, 4213, 0, 0, 0
63900, 3946, 0, 0, 0
64000, 4089, 0, 0, 0
64100, 3318, 0, 0, 0
64200, 3750, 0, 0, 0
64300, 3752, 0, 0, 0
64400, 3394, 0, 0, 0
64500, 3226, 0, 0, 0
64600, 3188, 0, 0, 0
64700, 3088, 0, 0, 0
64800, 4009, 0, 0, 0
64900, 3944, 0, 0, 0
65000, 3191, 0, 0, 0
65100, 3226, 0, 0, 0
65200, 2721, 0, 0, 0
65300, 3442, 0, 0, 0
65400, 4149, 0, 0, 0
65500, 3962, 0, 0, 0
65600, 3225, 0, 0, 0
65700, 2828, 0, 0, 0
65800, 3045, 0, 0, 0
65900, 3738, 0, 0, 0
66000, 3067, 0, 0, 0
66100, 3091, 0, 0, 0
66200, 2945, 0, 0, 0
66300, 3224, 0, 0, 0
66400, 3388, 0, 0, 0
66500, 3494, 0, 0, 0
66600, 3648, 0, 0, 0
66700, 3358, 0, 0, 0
66800, 3364, 0, 0, 0
66900, 3859, 0, 0, 0
67000, 4246, 0, 0, 0
67100, 3627, 0, 0, 0
67200, 3270, 0, 0, 0
67300, 3751, 0, 0, 0
67400, 4142, 0, 0, 0
67500, 4263, 0, 0, 0
67600, 4015, 0, 0, 0
67700, 3496, 0, 0, 0
67800, 2801, 0, 0, 0
67900, 2708, 0, 0, 0
68000, 2873, 0, 0, 0
68100, 2512, 0, 0, 0
68200, 3100, 0, 0, 0
68300, 3932, 0, 0, 0
68400, 2747, 0, 0, 0
68500, 3382, 0, 0, 0
68600, 2834, 0, 0, 0
68700, 3759, 0, 0, 0
68800, 3311, 0, 0, 0
68900, 3539, 0, 0, 0
69000, 3006, 0, 0, 0
69100, 3521, 0, 0, 0
69200, 4082, 0, 0, 0
69300, 3325, 0, 0, 0
69400, 2907, 0, 0, 0
69500, 3060, 0, 0, 0
69600, 2856, 0, 0, 0
69700, 3547, 0, 0, 0
69800, 3161, 0, 0, 0
69900, 2862, 0, 0, 0
70000, 3372, 0, 0, 0
70100, 3606, 0, 0, 0
70200, 3688, 0, 0, 0
70300, 3183, 0, 0, 0
70401, 3223, 0, 0, 0
70500, 3080, 0, 0, 0
70600, 2898, 0, 0, 0
70700, 3160, 0, 0, 0
70800, 3362, 0, 0, 0
70900, 3358, 0, 0, 0
71000, 3564, 0, 0, 0
71100, 3325, 0, 0, 0
71200, 3707, 0, 0, 0
71300, 3956, 0, 0, 0
71400, 3877, 0, 0, 0
71500, 3399, 0, 0, 0
71600, 3625, 0, 0, 0
71700, 2993, 0, 0, 0
71800, 3098, 0, 0, 0
71900, 2930, 0, 0, 0
72000, 3004, 0, 0, 0
72100, 3931, 0, 0, 0
72200, 4449, 0, 0, 0
72300, 4875, 0, 0, 0
72400, 5374, 0, 0, 0
72500, 3167, 0, 0, 0
72600, 2785, 0, 0, 0
72700, 2734, 0, 0, 0
72800, 3083, 0, 0, 0
72900, 3437, 0, 0, 0
73000, 3140, 0, 0, 0
73100, 2729, 0, 0, 0
73200, 3343, 0, 0, 0
73300, 3636, 0, 0, 0
73400, 2532, 0, 0, 0
73500, 2560, 0, 0, 0
73600, 3034, 0, 0, 0
73700, 3490, 0, 0, 0
73800, 3575, 0, 0, 0
73900, 3645, 0, 0, 0
74000, 2884, 0, 0, 0
74100, 3024, 0, 0, 0
74200, 2965, 0, 0, 0
74300, 3393, 0, 0, 0
74400, 2880, 0, 0, 0
74500, 3378, 0, 0, 0
74600, 2831, 0, 0, 0
74700, 2646, 0, 0, 0
74800, 3363, 0, 0, 0
74900, 2742, 0, 0, 0
75000, 3299, 0, 0, 0
75100, 3348, 0, 0, 0
75200, 3396, 0, 0, 0
75300, 3227, 0, 0, 0
75400, 4201, 0, 0, 0
75500, 3417, 0, 0, 0
75600, 4658, 0, 0, 0
75700, 4707, 0, 0, 0
75800, 4461, 0, 0, 0
75900, 3038, 0, 0, 0
76000, 2907, 0, 0, 0
76100, 3083, 0, 0, 0
76200, 3614, 0, 0, 0
76300, 2996, 0, 0, 0
76400, 2708, 0, 0, 0
76500, 2877, 0, 0, 0
76600, 3460, 0, 0, 0
76700, 2792, 0, 0, 0
76800, 2756, 0, 0, 0
76900, 3305, 0, 0, 0
77000, 3886, 0, 0, 0
77100, 3814, 0, 0, 0
77200, 3416, 0, 0, 0
77300, 3944, 0, 0, 0
77400, 3760, 0, 0, 0
77500, 2727, 0, 0, 0
77600, 3329, 0, 0, 0
77700, 4643, 0, 0, 0
77800, 3330, 0, 0, 0
77900, 2992, 0, 0, 0
78000, 3185, 0, 0, 0
78100, 3927, 0, 0, 0
78200, 3345, 0, 0, 0
78300, 3358, 0, 0, 0
78400, 3080, 0, 0, 0
78500, 3498, 0, 0, 0
78600, 3414, 0, 0, 0
78700, 3748, 0, 0, 0
78800, 3700, 0, 0, 0
78900, 4577, 0, 0, 0
79000, 3776, 0, 0, 0
79100, 4108, 0, 0, 0
79200, 3315, 0, 0, 0
79300, 2990, 0, 0, 0
79400, 3745, 0, 0, 0
79500, 3107, 0, 0, 0
79600, 3106, 0, 0, 0
79700, 2759, 0, 0, 0
79800, 3120, 0, 0, 0
79900, 2889, 0, 0, 0
80000, 3196, 0, 0, 0
80100, 3064, 0, 0, 0
80200, 3519, 0, 0, 0
80300, 2899, 0, 0, 0
80400, 3274, 0, 0, 0
80500, 2833, 0, 0, 0
80600, 2932, 0, 0, 0
80700, 3552, 0, 0, 0
80800, 2639, 0, 0, 0
80900, 3158, 0, 0, 0
81000, 3422, 0, 0, 0
81100, 3433, 0, 0, 0
81200, 3307, 0, 0, 0
81300, 3167, 0, 0, 0
81400, 3334, 0, 0, 0
81500, 3691, 0, 0, 0
81600, 3127, 0, 0, 0
81700, 3002, 0, 0, 0
81800, 3407, 0, 0, 0
81900, 3911, 0, 0, 0
82000, 3451, 0, 0, 0
82100, 3258, 0, 0, 0
82200, 3164, 0, 0, 0
82300, 3057, 0, 0, 0
82400, 2847, 0, 0, 0
82500, 3391, 0, 0, 0
82600, 3290, 0, 0, 0
82700, 3422, 0, 0, 0
82800, 3195, 0, 0, 0
82900, 3195, 0, 0, 0
83000, 3302, 0, 0, 0
83100, 3381, 0, 0, 0
83200, 3356, 0, 0, 0
83300, 3581, 0, 0, 0
83400, 3435, 0, 0, 0
83500, 3600, 0, 0, 0
83600, 3714, 0, 0, 0
83700, 3225, 0, 0, 0
83800, 3052, 0, 0, 0
83900, 3037, 0, 0, 0
84000, 2732, 0, 0, 0
84100, 2950, 0, 0, 0
84200, 2857, 0, 0, 0
84300, 3051, 0, 0, 0
84400, 3484, 0, 0, 0
84500, 3632, 0, 0, 0
84600, 3329, 0, 0, 0
84700, 3600, 0, 0, 0
84800, 3189, 0, 0, 0
84900, 3532, 0, 0, 0
85000, 3144, 0, 0, 0
85100, 3101, 0, 0, 0
85200, 3430, 0, 0, 0
85300, 2861, 0, 0, 0
85400, 3440, 0, 0, 0
85500, 3807, 0, 0, 0
85600, 3885, 0, 0, 0
85700, 3991, 0, 0, 0
85800, 3169, 0, 0, 0
85900, 3380, 0, 0, 0
86000, 3134, 0, 0, 0
86100, 3254, 0, 0, 0
86200, 3703, 0, 0, 0
86300, 2911, 0, 0, 0
86400, 2859, 0, 0, 0
86500, 2990, 0, 0, 0
86600, 2846, 0, 0, 0
86700, 3486, 0, 0, 0
86800, 3767, 0, 0, 0
86900, 3150, 0, 0, 0
87000, 3363, 0, 0, 0
87100, 3364, 0, 0, 0
87200, 3356, 0, 0, 0
87300, 3405, 0, 0, 0
87400, 2739, 0, 0, 0
87500, 3162, 0, 0, 0
87600, 3014, 0, 0, 0
87700, 3377, 0, 0, 0
87800, 3191, 0, 0, 0
87900, 3810, 0, 0, 0
88000, 2735, 0, 0, 0
88100, 3736, 0, 0, 0
88200, 3921, 0, 0, 0
88300, 3883, 0, 0, 0
88400, 4226, 0, 0, 0
88500, 3823, 0, 0, 0
88600, 4035, 0, 0, 0
88700, 3223, 0, 0, 0
88800, 3621, 0, 0, 0
88900, 3728, 0, 0, 0
89000, 3227, 0, 0, 0
89100, 3191, 0, 0, 0
89200, 3552, 0, 0, 0
89300, 3375, 0, 0, 0
89400, 3275, 0, 0, 0
89500, 3840, 0, 0, 0
89600, 2979, 0, 0, 0
89700, 3894, 0, 0, 0
89800, 3905, 0, 0, 0
89900, 3594, 0, 0, 0
90000, 3027, 0, 0, 0
