100, 451776, 0, 0, 0
200, 451041, 0, 0, 0
300, 447254, 0, 0, 0
400, 443941, 0, 0, 0
500, 431040, 0, 0, 0
600, 449541, 0, 0, 0
700, 448410, 0, 0, 0
800, 439221, 0, 0, 0
900, 441738, 0, 0, 0
1000, 437570, 0, 0, 0
1100, 438920, 0, 0, 0
1200, 432426, 0, 0, 0
1300, 426601, 0, 0, 0
1400, 428236, 0, 0, 0
1500, 448576, 0, 0, 0
1600, 430510, 0, 0, 0
1700, 438590, 0, 0, 0
1800, 439729, 0, 0, 0
1900, 445468, 0, 0, 0
2012, 516264, 0, 0, 0
2100, 1112167, 0, 0, 0
2200, 479399, 0, 0, 0
2300, 455327, 0, 0, 0
2400, 455882, 0, 0, 0
2500, 434216, 0, 0, 0
2600, 455777, 0, 0, 0
2700, 458772, 0, 0, 0
2800, 439454, 0, 0, 0
2900, 460791, 0, 0, 0
3000, 457426, 0, 0, 0
3100, 457498, 0, 0, 0
3200, 450637, 0, 0, 0
3300, 443661, 0, 0, 0
3400, 434719, 0, 0, 0
3500, 420557, 0, 0, 0
3600, 429927, 0, 0, 0
3700, 427649, 0, 0, 0
3800, 421003, 0, 0, 0
3900, 433726, 0, 0, 0
4000, 436977, 0, 0, 0
4100, 438960, 0, 0, 0
4200, 434998, 0, 0, 0
4300, 431426, 0, 0, 0
4400, 450282, 0, 0, 0
4500, 441518, 0, 0, 0
4600, 443315, 0, 0, 0
4700, 433990, 0, 0, 0
4800, 460718, 0, 0, 0
4900, 460152, 0, 0, 0
5000, 454367, 0, 0, 0
5100, 438829, 0, 0, 0
5200, 442743, 0, 0, 0
5300, 443242, 0, 0, 0
5400, 461154, 0, 0, 0
5500, 445550, 0, 0, 0
5601, 440807, 0, 0, 0
5700, 445041, 0, 0, 0
5800, 441054, 0, 0, 0
5900, 432606, 0, 0, 0
6000, 440284, 0, 0, 0
6100, 421765, 0, 0, 0
6200, 436077, 0, 0, 0
6300, 425125, 0, 0, 0
6400, 442742, 0, 0, 0
6500, 427571, 0, 0, 0
6600, 429594, 0, 0, 0
6700, 433247, 0, 0, 0
6800, 435773, 0, 0, 0
6900, 438937, 0, 0, 0
7000, 446250, 0, 0, 0
7100, 1606979, 0, 0, 0
7200, 601622, 0, 0, 0
7300, 442645, 0, 0, 0
7400, 431150, 0, 0, 0
7500, 445400, 0, 0, 0
7600, 438665, 0, 0, 0
7700, 437761, 0, 0, 0
7800, 444853, 0, 0, 0
7900, 450260, 0, 0, 0
8000, 439019, 0, 0, 0
8100, 440453, 0, 0, 0
8200, 431500, 0, 0, 0
8300, 432727, 0, 0, 0
8400, 437523, 0, 0, 0
8500, 456230, 0, 0, 0
8600, 442007, 0, 0, 0
8700, 745612, 0, 0, 0
8800, 455560, 0, 0, 0
8900, 458533, 0, 0, 0
9000, 438597, 0, 0, 0
9100, 450544, 0, 0, 0
9200, 426154, 0, 0, 0
9300, 438685, 0, 0, 0
9400, 444817, 0, 0, 0
9500, 427453, 0, 0, 0
9600, 426021, 0, 0, 0
9700, 420315, 0, 0, 0
9800, 425337, 0, 0, 0
9900, 432081, 0, 0, 0
10000, 438282, 0, 0, 0
10100, 445056, 0, 0, 0
10200, 453667, 0, 0, 0
10300, 439446, 0, 0, 0
10400, 430674, 0, 0, 0
10500, 423696, 0, 0, 0
10600, 426234, 0, 0, 0
10700, 430718, 0, 0, 0
10800, 431727, 0, 0, 0
10900, 439297, 0, 0, 0
11000, 443778, 0, 0, 0
11100, 448067, 0, 0, 0
11200, 450123, 0, 0, 0
11300, 439534, 0, 0, 0
11400, 431294, 0, 0, 0
11500, 455812, 0, 0, 0
11600, 436071, 0, 0, 0
11700, 448782, 0, 0, 0
11800, 450461, 0, 0, 0
11900, 443189, 0, 0, 0
12000, 443600, 0, 0, 0
12100, 449727, 0, 0, 0
12200, 430131, 0, 0, 0
12300, 432469, 0, 0, 0
12400, 432529, 0, 0, 0
12500, 437555, 0, 0, 0
12600, 437408, 0, 0, 0
12700, 442982, 0, 0, 0
12800, 444986, 0, 0, 0
12900, 737936, 0, 0, 0
13000, 452270, 0, 0, 0
13100, 428086, 0, 0, 0
13200, 425724, 0, 0, 0
13300, 434017, 0, 0, 0
13400, 421608, 0, 0, 0
13500, 425245, 0, 0, 0
13600, 442625, 0, 0, 0
13700, 439385, 0, 0, 0
13800, 440321, 0, 0, 0
13900, 431480, 0, 0, 0
14000, 431728, 0, 0, 0
14100, 431009, 0, 0, 0
14200, 431300, 0, 0, 0
14300, 428362, 0, 0, 0
14400, 440171, 0, 0, 0
14500, 449157, 0, 0, 0
14600, 438068, 0, 0, 0
14700, 435963, 0, 0, 0
14800, 448466, 0, 0, 0
14900, 442780, 0, 0, 0
15000, 432950, 0, 0, 0
15100, 432020, 0, 0, 0
15200, 433423, 0, 0, 0
15300, 435850, 0, 0, 0
15400, 413620, 0, 0, 0
15500, 432231, 0, 0, 0
15600, 436306, 0, 0, 0
15700, 422539, 0, 0, 0
15800, 429076, 0, 0, 0
15900, 442051, 0, 0, 0
16000, 435903, 0, 0, 0
16100, 433661, 0, 0, 0
16200, 424994, 0, 0, 0
16300, 429412, 0, 0, 0
16400, 433908, 0, 0, 0
16500, 428230, 0, 0, 0
16600, 428976, 0, 0, 0
16700, 431659, 0, 0, 0
16800, 437541, 0, 0, 0
16900, 433096, 0, 0, 0
17000, 447871, 0, 0, 0
17103, 1184683, 0, 0, 0
17200, 549158, 0, 0, 0
17300, 443671, 0, 0, 0
17400, 453183, 0, 0, 0
17500, 441570, 0, 0, 0
17600, 444268, 0, 0, 0
17700, 458621, 0, 0, 0
17800, 446019, 0, 0, 0
17900, 449240, 0, 0, 0
18000, 451538, 0, 0, 0
18100, 450422, 0, 0, 0
18200, 446476, 0, 0, 0
18300, 455034, 0, 0, 0
18400, 444216, 0, 0, 0
18500, 451152, 0, 0, 0
18600, 450651, 0, 0, 0
18708, 677757, 0, 0, 0
18800, 517055, 0, 0, 0
18900, 462688, 0, 0, 0
19000, 435133, 0, 0, 0
19100, 448096, 0, 0, 0
19200, 445686, 0, 0, 0
19300, 448877, 0, 0, 0
19400, 454282, 0, 0, 0
19500, 444233, 0, 0, 0
19600, 457010, 0, 0, 0
19700, 446043, 0, 0, 0
19800, 454691, 0, 0, 0
19900, 460836, 0, 0, 0
20000, 458260, 0, 0, 0
20100, 452641, 0, 0, 0
20200, 445068, 0, 0, 0
20300, 446402, 0, 0, 0
20400, 456533, 0, 0, 0
20500, 450580, 0, 0, 0
20600, 446526, 0, 0, 0
20700, 453950, 0, 0, 0
20800, 435764, 0, 0, 0
20900, 436494, 0, 0, 0
21000, 440415, 0, 0, 0
21100, 435417, 0, 0, 0
21200, 446026, 0, 0, 0
21300, 426932, 0, 0, 0
21400, 428098, 0, 0, 0
21500, 436498, 0, 0, 0
21600, 434751, 0, 0, 0
21700, 434169, 0, 0, 0
21800, 427559, 0, 0, 0
21900, 431789, 0, 0, 0
22000, 454844, 0, 0, 0
22100, 459776, 0, 0, 0
22200, 453060, 0, 0, 0
22300, 457004, 0, 0, 0
22400, 445909, 0, 0, 0
22500, 471735, 0, 0, 0
22600, 450991, 0, 0, 0
22700, 452161, 0, 0, 0
22800, 455997, 0, 0, 0
22900, 461576, 0, 0, 0
23000, 459673, 0, 0, 0
23100, 458765, 0, 0, 0
23200, 448043, 0, 0, 0
23300, 452394, 0, 0, 0
23400, 560363, 0, 0, 0
23500, 683220, 0, 0, 0
23600, 581366, 0, 0, 0
23700, 507894, 0, 0, 0
23800, 454242, 0, 0, 0
23900, 441469, 0, 0, 0
24000, 456433, 0, 0, 0
24100, 447979, 0, 0, 0
24200, 455670, 0, 0, 0
24300, 462114, 0, 0, 0
24400, 444168, 0, 0, 0
24500, 452682, 0, 0, 0
24600, 449831, 0, 0, 0
24700, 459954, 0, 0, 0
24800, 469046, 0, 0, 0
24900, 446499, 0, 0, 0
25000, 446069, 0, 0, 0
25100, 441698, 0, 0, 0
25200, 453829, 0, 0, 0
25300, 453282, 0, 0, 0
25400, 451358, 0, 0, 0
25500, 444124, 0, 0, 0
25600, 445845, 0, 0, 0
25700, 443005, 0, 0, 0
25800, 444733, 0, 0, 0
25900, 435260, 0, 0, 0
26000, 438250, 0, 0, 0
26100, 440397, 0, 0, 0
26200, 452533, 0, 0, 0
26300, 473581, 0, 0, 0
26400, 455001, 0, 0, 0
26500, 452189, 0, 0, 0
26600, 457587, 0, 0, 0
26700, 479340, 0, 0, 0
26800, 443058, 0, 0, 0
26900, 452862, 0, 0, 0
27000, 443994, 0, 0, 0
27100, 439364, 0, 0, 0
27200, 448837, 0, 0, 0
27300, 446268, 0, 0, 0
27400, 444253, 0, 0, 0
27500, 459055, 0, 0, 0
27600, 449681, 0, 0, 0
27700, 447699, 0, 0, 0
27800, 442501, 0, 0, 0
27900, 458668, 0, 0, 0
28000, 442708, 0, 0, 0
28100, 433284, 0, 0, 0
28200, 448414, 0, 0, 0
28300, 443511, 0, 0, 0
28400, 444406, 0, 0, 0
28500, 442251, 0, 0, 0
28600, 437386, 0, 0, 0
28700, 438021, 0, 0, 0
28800, 891599, 0, 0, 0
28900, 440101, 0, 0, 0
29000, 445580, 0, 0, 0
29100, 465585, 0, 0, 0
29200, 453683, 0, 0, 0
29300, 454768, 0, 0, 0
29400, 450504, 0, 0, 0
29500, 464901, 0, 0, 0
29600, 443642, 0, 0, 0
29700, 454022, 0, 0, 0
29800, 460593, 0, 0, 0
29900, 442019, 0, 0, 0
30000, 446084, 0, 0, 0
30100, 453002, 0, 0, 0
30200, 442765, 0, 0, 0
30300, 448380, 0, 0, 0
30400, 465472, 0, 0, 0
30500, 463040, 0, 0, 0
30600, 461293, 0, 0, 0
30700, 448416, 0, 0, 0
30800, 463470, 0, 0, 0
30900, 447081, 0, 0, 0
31000, 439326, 0, 0, 0
31100, 453911, 0, 0, 0
31200, 462588, 0, 0, 0
31300, 449826, 0, 0, 0
31400, 452790, 0, 0, 0
31500, 442822, 0, 0, 0
31600, 460665, 0, 0, 0
31700, 449780, 0, 0, 0
31800, 456843, 0, 0, 0
31900, 433359, 0, 0, 0
32000, 445113, 0, 0, 0
32100, 468628, 0, 0, 0
32200, 455545, 0, 0, 0
32300, 456747, 0, 0, 0
32400, 456527, 0, 0, 0
32500, 458199, 0, 0, 0
32600, 468824, 0, 0, 0
32700, 480382, 0, 0, 0
32800, 447550, 0, 0, 0
32909, 663490, 0, 0, 0
33000, 1085127, 0, 0, 0
33100, 699147, 0, 0, 0
33200, 529062, 0, 0, 0
33300, 470340, 0, 0, 0
33400, 456257, 0, 0, 0
33500, 464458, 0, 0, 0
33600, 486427, 0, 0, 0
33700, 474919, 0, 0, 0
33801, 820060, 0, 0, 0
33900, 455966, 0, 0, 0
34000, 439936, 0, 0, 0
34100, 449499, 0, 0, 0
34200, 438668, 0, 0, 0
34300, 446319, 0, 0, 0
34400, 455367, 0, 0, 0
34500, 467168, 0, 0, 0
34600, 448744, 0, 0, 0
34700, 459078, 0, 0, 0
34800, 458373, 0, 0, 0
34900, 438522, 0, 0, 0
35000, 460759, 0, 0, 0
35100, 459101, 0, 0, 0
35200, 455290, 0, 0, 0
35300, 455731, 0, 0, 0
35400, 459834, 0, 0, 0
35500, 442611, 0, 0, 0
35600, 480658, 0, 0, 0
35700, 458496, 0, 0, 0
35800, 459096, 0, 0, 0
35900, 467782, 0, 0, 0
36000, 447794, 0, 0, 0
36100, 451211, 0, 0, 0
36200, 447848, 0, 0, 0
36300, 438333, 0, 0, 0
36400, 431086, 0, 0, 0
36500, 443218, 0, 0, 0
36600, 434909, 0, 0, 0
36700, 427036, 0, 0, 0
36800, 443433, 0, 0, 0
36900, 436826, 0, 0, 0
37000, 437209, 0, 0, 0
37100, 471023, 0, 0, 0
37200, 473056, 0, 0, 0
37300, 455618, 0, 0, 0
37400, 442433, 0, 0, 0
37500, 462673, 0, 0, 0
37600, 453282, 0, 0, 0
37700, 455057, 0, 0, 0
37800, 464842, 0, 0, 0
37900, 431290, 0, 0, 0
38000, 447840, 0, 0, 0
38100, 468401, 0, 0, 0
38200, 446183, 0, 0, 0
38300, 440710, 0, 0, 0
38400, 447456, 0, 0, 0
38500, 455853, 0, 0, 0
38600, 479638, 0, 0, 0
38700, 460707, 0, 0, 0
38800, 448397, 0, 0, 0
38900, 441888, 0, 0, 0
39000, 440487, 0, 0, 0
39100, 450805, 0, 0, 0
39200, 456272, 0, 0, 0
39300, 440867, 0, 0, 0
39400, 461784, 0, 0, 0
39500, 468543, 0, 0, 0
39600, 445850, 0, 0, 0
39700, 448058, 0, 0, 0
39800, 437241, 0, 0, 0
39900, 424974, 0, 0, 0
40000, 451897, 0, 0, 0
40100, 476096, 0, 0, 0
40200, 458223, 0, 0, 0
40300, 448176, 0, 0, 0
40400, 462195, 0, 0, 0
40500, 463405, 0, 0, 0
40600, 434503, 0, 0, 0
40700, 439019, 0, 0, 0
40800, 453053, 0, 0, 0
40900, 450420, 0, 0, 0
41000, 446069, 0, 0, 0
41100, 461502, 0, 0, 0
41202, 470805, 0, 0, 0
41300, 463164, 0, 0, 0
41400, 461890, 0, 0, 0
41500, 470223, 0, 0, 0
41600, 467361, 0, 0, 0
41700, 476338, 0, 0, 0
41800, 438026, 0, 0, 0
41900, 457592, 0, 0, 0
42000, 454302, 0, 0, 0
42100, 455266, 0, 0, 0
42200, 452739, 0, 0, 0
42300, 454489, 0, 0, 0
42400, 436483, 0, 0, 0
42500, 444813, 0, 0, 0
42600, 460733, 0, 0, 0
42700, 437389, 0, 0, 0
42800, 461232, 0, 0, 0
42900, 462815, 0, 0, 0
43000, 468731, 0, 0, 0
43100, 448169, 0, 0, 0
43200, 475221, 0, 0, 0
43300, 433616, 0, 0, 0
43400, 460727, 0, 0, 0
43500, 438255, 0, 0, 0
43600, 471800, 0, 0, 0
43700, 451644, 0, 0, 0
43800, 453224, 0, 0, 0
43900, 449057, 0, 0, 0
44000, 443718, 0, 0, 0
44100, 443949, 0, 0, 0
44200, 440499, 0, 0, 0
44300, 449526, 0, 0, 0
44400, 443470, 0, 0, 0
44500, 460355, 0, 0, 0
44600, 465644, 0, 0, 0
44700, 443131, 0, 0, 0
44800, 462622, 0, 0, 0
44900, 445110, 0, 0, 0
45000, 455225, 0, 0, 0
45100, 451702, 0, 0, 0
45200, 460500, 0, 0, 0
45300, 459138, 0, 0, 0
45400, 441679, 0, 0, 0
45500, 438613, 0, 0, 0
45600, 457664, 0, 0, 0
45700, 498573, 0, 0, 0
45800, 462701, 0, 0, 0
45900, 480425, 0, 0, 0
46000, 442142, 0, 0, 0
46100, 454939, 0, 0, 0
46200, 463255, 0, 0, 0
46300, 442505, 0, 0, 0
46400, 441615, 0, 0, 0
46500, 438208, 0, 0, 0
46600, 430286, 0, 0, 0
46700, 440316, 0, 0, 0
46800, 450002, 0, 0, 0
46900, 453090, 0, 0, 0
47000, 457521, 0, 0, 0
47100, 465133, 0, 0, 0
47200, 460814, 0, 0, 0
47300, 460389, 0, 0, 0
47400, 460100, 0, 0, 0
47500, 471454, 0, 0, 0
47600, 456376, 0, 0, 0
47700, 450494, 0, 0, 0
47800, 472033, 0, 0, 0
47900, 478562, 0, 0, 0
48000, 1186506, 0, 0, 0
48100, 544320, 0, 0, 0
48200, 504978, 0, 0, 0
48300, 444815, 0, 0, 0
48400, 459647, 0, 0, 0
48500, 456548, 0, 0, 0
48600, 448659, 0, 0, 0
48700, 461708, 0, 0, 0
48800, 435761, 0, 0, 0
48900, 463685, 0, 0, 0
49000, 453113, 0, 0, 0
49100, 442819, 0, 0, 0
49200, 459191, 0, 0, 0
49300, 460007, 0, 0, 0
49400, 453868, 0, 0, 0
49500, 442722, 0, 0, 0
49600, 447920, 0, 0, 0
49700, 467758, 0, 0, 0
49800, 463767, 0, 0, 0
49900, 463216, 0, 0, 0
50000, 458651, 0, 0, 0
50100, 472285, 0, 0, 0
50200, 469895, 0, 0, 0
50300, 451335, 0, 0, 0
50400, 456965, 0, 0, 0
50500, 452685, 0, 0, 0
50600, 461590, 0, 0, 0
50700, 473926, 0, 0, 0
50800, 453792, 0, 0, 0
50900, 479442, 0, 0, 0
51000, 458821, 0, 0, 0
51100, 452266, 0, 0, 0
51200, 430973, 0, 0, 0
51300, 437327, 0, 0, 0
51400, 443373, 0, 0, 0
51500, 438625, 0, 0, 0
51600, 450396, 0, 0, 0
51700, 459708, 0, 0, 0
51800, 455286, 0, 0, 0
51900, 457439, 0, 0, 0
52000, 457623, 0, 0, 0
52100, 467758, 0, 0, 0
52200, 451545, 0, 0, 0
52300, 465802, 0, 0, 0
52400, 460151, 0, 0, 0
52500, 463751, 0, 0, 0
52600, 467188, 0, 0, 0
52700, 458998, 0, 0, 0
52800, 453861, 0, 0, 0
52900, 468999, 0, 0, 0
53000, 447953, 0, 0, 0
53100, 457506, 0, 0, 0
53200, 457718, 0, 0, 0
53300, 454460, 0, 0, 0
53400, 446589, 0, 0, 0
53500, 441389, 0, 0, 0
53600, 450732, 0, 0, 0
53700, 441792, 0, 0, 0
53800, 485652, 0, 0, 0
53900, 461584, 0, 0, 0
54000, 437432, 0, 0, 0
54100, 429831, 0, 0, 0
54200, 464263, 0, 0, 0
54300, 433037, 0, 0, 0
54400, 452081, 0, 0, 0
54500, 475482, 0, 0, 0
54600, 457548, 0, 0, 0
54700, 495252, 0, 0, 0
54800, 449680, 0, 0, 0
54900, 461819, 0, 0, 0
55000, 452568, 0, 0, 0
55100, 453506, 0, 0, 0
55200, 470456, 0, 0, 0
55300, 471163, 0, 0, 0
55400, 438853, 0, 0, 0
55500, 442976, 0, 0, 0
55600, 435154, 0, 0, 0
55700, 448075, 0, 0, 0
55800, 462780, 0, 0, 0
55916, 570407, 0, 0, 0
56000, 837757, 0, 0, 0
56100, 447624, 0, 0, 0
56200, 459761, 0, 0, 0
56300, 450506, 0, 0, 0
56400, 445747, 0, 0, 0
56500, 449544, 0, 0, 0
56600, 456701, 0, 0, 0
56700, 478304, 0, 0, 0
56800, 429042, 0, 0, 0
56900, 437672, 0, 0, 0
57000, 463694, 0, 0, 0
57100, 475363, 0, 0, 0
57200, 460387, 0, 0, 0
57300, 455526, 0, 0, 0
57400, 450461, 0, 0, 0
57500, 444990, 0, 0, 0
57600, 452367, 0, 0, 0
57700, 471483, 0, 0, 0
57800, 454842, 0, 0, 0
57900, 459280, 0, 0, 0
58000, 465909, 0, 0, 0
58100, 451867, 0, 0, 0
58200, 447930, 0, 0, 0
58300, 456303, 0, 0, 0
58400, 438510, 0, 0, 0
58500, 444633, 0, 0, 0
58600, 441576, 0, 0, 0
58700, 450512, 0, 0, 0
58800, 437834, 0, 0, 0
58900, 830256, 0, 0, 0
59000, 464319, 0, 0, 0
59100, 463893, 0, 0, 0
59200, 440214, 0, 0, 0
59300, 478148, 0, 0, 0
59400, 461571, 0, 0, 0
59500, 464474, 0, 0, 0
59600, 472576, 0, 0, 0
59700, 494918, 0, 0, 0
59800, 456431, 0, 0, 0
59900, 457487, 0, 0, 0
60000, 453080, 0, 0, 0
60100, 446942, 0, 0, 0
60200, 432683, 0, 0, 0
60300, 434133, 0, 0, 0
60400, 478164, 0, 0, 0
60500, 448913, 0, 0, 0
60600, 459418, 0, 0, 0
60700, 465009, 0, 0, 0
60800, 456428, 0, 0, 0
60900, 459166, 0, 0, 0
61000, 456600, 0, 0, 0
61100, 470169, 0, 0, 0
61200, 466367, 0, 0, 0
61300, 456954, 0, 0, 0
61400, 451730, 0, 0, 0
61500, 441967, 0, 0, 0
61600, 469691, 0, 0, 0
61700, 492822, 0, 0, 0
61800, 468022, 0, 0, 0
61900, 456898, 0, 0, 0
62000, 458535, 0, 0, 0
62100, 442921, 0, 0, 0
62200, 474241, 0, 0, 0
62300, 456128, 0, 0, 0
62400, 438424, 0, 0, 0
62500, 464135, 0, 0, 0
62600, 451525, 0, 0, 0
62700, 478818, 0, 0, 0
62800, 476363, 0, 0, 0
62900, 459296, 0, 0, 0
63000, 453649, 0, 0, 0
63100, 469630, 0, 0, 0
63200, 459537, 0, 0, 0
63300, 464533, 0, 0, 0
63400, 454744, 0, 0, 0
63500, 461770, 0, 0, 0
63600, 460593, 0, 0, 0
63700, 487147, 0, 0, 0
63800, 471902, 0, 0, 0
63901, 714042, 0, 0, 0
64000, 456934, 0, 0, 0
64100, 455297, 0, 0, 0
64200, 445212, 0, 0, 0
64300, 446130, 0, 0, 0
64400, 456325, 0, 0, 0
64500, 457168, 0, 0, 0
64600, 445573, 0, 0, 0
64700, 456034, 0, 0, 0
64800, 484921, 0, 0, 0
64900, 449165, 0, 0, 0
65000, 452407, 0, 0, 0
65100, 442115, 0, 0, 0
65200, 452381, 0, 0, 0
65300, 457621, 0, 0, 0
65400, 458084, 0, 0, 0
65500, 452962, 0, 0, 0
65600, 460610, 0, 0, 0
65700, 479919, 0, 0, 0
65800, 453555, 0, 0, 0
65900, 470364, 0, 0, 0
66000, 599401, 0, 0, 0
66100, 480004, 0, 0, 0
66200, 490339, 0, 0, 0
66300, 474714, 0, 0, 0
66400, 455488, 0, 0, 0
66500, 459168, 0, 0, 0
66600, 466203, 0, 0, 0
66700, 464315, 0, 0, 0
66800, 474668, 0, 0, 0
66900, 454541, 0, 0, 0
67000, 449425, 0, 0, 0
67100, 460634, 0, 0, 0
67200, 466818, 0, 0, 0
67300, 481078, 0, 0, 0
67400, 454862, 0, 0, 0
67500, 452171, 0, 0, 0
67600, 457565, 0, 0, 0
67700, 451494, 0, 0, 0
67800, 456153, 0, 0, 0
67900, 440081, 0, 0, 0
68000, 466399, 0, 0, 0
68100, 455143, 0, 0, 0
68200, 460968, 0, 0, 0
68300, 463755, 0, 0, 0
68400, 459317, 0, 0, 0
68500, 482288, 0, 0, 0
68600, 752387, 0, 0, 0
68700, 458615, 0, 0, 0
68800, 460780, 0, 0, 0
68902, 548538, 0, 0, 0
69000, 801018, 0, 0, 0
69100, 491241, 0, 0, 0
69200, 476494, 0, 0, 0
69300, 464578, 0, 0, 0
69400, 480094, 0, 0, 0
69500, 464004, 0, 0, 0
69600, 455832, 0, 0, 0
69700, 451289, 0, 0, 0
69800, 473280, 0, 0, 0
69900, 460446, 0, 0, 0
70000, 445956, 0, 0, 0
70100, 449799, 0, 0, 0
70200, 447177, 0, 0, 0
70300, 455646, 0, 0, 0
70400, 434270, 0, 0, 0
70500, 442122, 0, 0, 0
70600, 459428, 0, 0, 0
70700, 449662, 0, 0, 0
70800, 463519, 0, 0, 0
70900, 448545, 0, 0, 0
71004, 629027, 0, 0, 0
71105, 740822, 0, 0, 0
71200, 723942, 0, 0, 0
71300, 544287, 0, 0, 0
71400, 451621, 0, 0, 0
71500, 448419, 0, 0, 0
71600, 437132, 0, 0, 0
71700, 446930, 0, 0, 0
71800, 449554, 0, 0, 0
71900, 458734, 0, 0, 0
72000, 451059, 0, 0, 0
72100, 460723, 0, 0, 0
72200, 446918, 0, 0, 0
72300, 517950, 0, 0, 0
72400, 470357, 0, 0, 0
72500, 457030, 0, 0, 0
72600, 454752, 0, 0, 0
72700, 463679, 0, 0, 0
72801, 492039, 0, 0, 0
72900, 451981, 0, 0, 0
73000, 460509, 0, 0, 0
73100, 456262, 0, 0, 0
73200, 475718, 0, 0, 0
73300, 463890, 0, 0, 0
73400, 449204, 0, 0, 0
73500, 446672, 0, 0, 0
73600, 450350, 0, 0, 0
73700, 444288, 0, 0, 0
73800, 498069, 0, 0, 0
73900, 443909, 0, 0, 0
74000, 464072, 0, 0, 0
74100, 441018, 0, 0, 0
74200, 454284, 0, 0, 0
74300, 441469, 0, 0, 0
74400, 441924, 0, 0, 0
74500, 444595, 0, 0, 0
74600, 464878, 0, 0, 0
74700, 486511, 0, 0, 0
74800, 456931, 0, 0, 0
74900, 443218, 0, 0, 0
75000, 469104, 0, 0, 0
75101, 482585, 0, 0, 0
75200, 469612, 0, 0, 0
75300, 455752, 0, 0, 0
75400, 441143, 0, 0, 0
75500, 435849, 0, 0, 0
75600, 461349, 0, 0, 0
75700, 447543, 0, 0, 0
75800, 451096, 0, 0, 0
75900, 462627, 0, 0, 0
76000, 455449, 0, 0, 0
76101, 1112735, 0, 0, 0
76200, 617226, 0, 0, 0
76300, 635756, 0, 0, 0
76400, 550718, 0, 0, 0
76500, 459214, 0, 0, 0
76600, 456958, 0, 0, 0
76700, 463368, 0, 0, 0
76800, 454605, 0, 0, 0
76900, 484421, 0, 0, 0
77000, 470579, 0, 0, 0
77100, 463221, 0, 0, 0
77200, 464439, 0, 0, 0
77300, 501607, 0, 0, 0
77400, 456913, 0, 0, 0
77500, 467623, 0, 0, 0
77600, 441490, 0, 0, 0
77700, 450864, 0, 0, 0
77800, 449593, 0, 0, 0
77900, 458523, 0, 0, 0
78000, 459689, 0, 0, 0
78100, 461124, 0, 0, 0
78200, 466112, 0, 0, 0
78300, 476506, 0, 0, 0
78400, 469017, 0, 0, 0
78500, 470311, 0, 0, 0
78600, 444844, 0, 0, 0
78700, 461650, 0, 0, 0
78800, 455312, 0, 0, 0
78900, 485318, 0, 0, 0
79000, 463263, 0, 0, 0
79100, 462564, 0, 0, 0
79200, 451422, 0, 0, 0
79300, 462690, 0, 0, 0
79400, 449987, 0, 0, 0
79500, 442883, 0, 0, 0
79600, 455723, 0, 0, 0
79700, 460036, 0, 0, 0
79800, 450485, 0, 0, 0
79900, 453905, 0, 0, 0
80000, 458236, 0, 0, 0
80100, 467730, 0, 0, 0
80200, 479625, 0, 0, 0
80300, 457988, 0, 0, 0
80400, 450829, 0, 0, 0
80500, 458496, 0, 0, 0
80600, 460168, 0, 0, 0
80700, 450542, 0, 0, 0
80800, 463304, 0, 0, 0
80900, 442245, 0, 0, 0
81000, 457402, 0, 0, 0
81100, 932738, 0, 0, 0
81210, 1131738, 0, 0, 0
81300, 500551, 0, 0, 0
81400, 451013, 0, 0, 0
81500, 450864, 0, 0, 0
81600, 447358, 0, 0, 0
81700, 470267, 0, 0, 0
81800, 458746, 0, 0, 0
81900, 495752, 0, 0, 0
82000, 443869, 0, 0, 0
82100, 459214, 0, 0, 0
82200, 444913, 0, 0, 0
82300, 514235, 0, 0, 0
82400, 575691, 0, 0, 0
82500, 449864, 0, 0, 0
82600, 465926, 0, 0, 0
82700, 452016, 0, 0, 0
82800, 448578, 0, 0, 0
82900, 445034, 0, 0, 0
83000, 454448, 0, 0, 0
83100, 462268, 0, 0, 0
83200, 479911, 0, 0, 0
83300, 449608, 0, 0, 0
83400, 459193, 0, 0, 0
83500, 454383, 0, 0, 0
83600, 479668, 0, 0, 0
83700, 614304, 0, 0, 0
83800, 455202, 0, 0, 0
83900, 489418, 0, 0, 0
84000, 483112, 0, 0, 0
84100, 475878, 0, 0, 0
84200, 446479, 0, 0, 0
84300, 441158, 0, 0, 0
84400, 468687, 0, 0, 0
84500, 459186, 0, 0, 0
84600, 458133, 0, 0, 0
84700, 454046, 0, 0, 0
84800, 448904, 0, 0, 0
84900, 452607, 0, 0, 0
85000, 449237, 0, 0, 0
85100, 446017, 0, 0, 0
85200, 455281, 0, 0, 0
85300, 436926, 0, 0, 0
85400, 478077, 0, 0, 0
85500, 459691, 0, 0, 0
85600, 472036, 0, 0, 0
85700, 440453, 0, 0, 0
85800, 453937, 0, 0, 0
85900, 474121, 0, 0, 0
86000, 452807, 0, 0, 0
86100, 436365, 0, 0, 0
86200, 461802, 0, 0, 0
86300, 459086, 0, 0, 0
86400, 463520, 0, 0, 0
86500, 446657, 0, 0, 0
86600, 440630, 0, 0, 0
86700, 453738, 0, 0, 0
86800, 446352, 0, 0, 0
86900, 477072, 0, 0, 0
87000, 467309, 0, 0, 0
87100, 466366, 0, 0, 0
87200, 444449, 0, 0, 0
87300, 498924, 0, 0, 0
87400, 606983, 0, 0, 0
87500, 479637, 0, 0, 0
87600, 477827, 0, 0, 0
87700, 459986, 0, 0, 0
87800, 463897, 0, 0, 0
87900, 500231, 0, 0, 0
88000, 474119, 0, 0, 0
88100, 464307, 0, 0, 0
88200, 469634, 0, 0, 0
88300, 458239, 0, 0, 0
88400, 459856, 0, 0, 0
88500, 460122, 0, 0, 0
88600, 507728, 0, 0, 0
88703, 931509, 0, 0, 0
88800, 447949, 0, 0, 0
88900, 483375, 0, 0, 0
89000, 442340, 0, 0, 0
89100, 444372, 0, 0, 0
89200, 468465, 0, 0, 0
89300, 476852, 0, 0, 0
89400, 458523, 0, 0, 0
89500, 449441, 0, 0, 0
89600, 458501, 0, 0, 0
89700, 429911, 0, 0, 0
89800, 463510, 0, 0, 0
89900, 474649, 0, 0, 0
90000, 462672, 0, 0, 0
