101, 71345, 1, 0, 0
204, 64565, 1, 0, 0
304, 63197, 1, 0, 0
400, 64920, 1, 0, 0
501, 67772, 1, 0, 0
606, 77801, 1, 0, 0
703, 68056, 1, 0, 0
801, 80663, 1, 0, 0
903, 75194, 1, 0, 0
1000, 70733, 1, 0, 0
1100, 65351, 1, 0, 0
1202, 77496, 1, 0, 0
1300, 74193, 1, 0, 0
1403, 74838, 1, 0, 0
1506, 78471, 1, 0, 0
1602, 66582, 1, 0, 0
1700, 76738, 1, 0, 0
1803, 75298, 1, 0, 0
1908, 65643, 1, 0, 0
2004, 92932, 1, 0, 0
2101, 65749, 1, 0, 0
2204, 104265, 1, 0, 0
2300, 128335, 1, 0, 0
2402, 90065, 1, 0, 0
2500, 78828, 1, 0, 0
2601, 75046, 1, 0, 0
2701, 71459, 1, 0, 0
2800, 67249, 1, 0, 0
2903, 75353, 1, 0, 0
3001, 63931, 1, 0, 0
3103, 69854, 1, 0, 0
3202, 72603, 1, 0, 0
3301, 74741, 1, 0, 0
3400, 72706, 1, 0, 0
3500, 78125, 1, 0, 0
3600, 68706, 1, 0, 0
3704, 86251, 1, 0, 0
3803, 71844, 1, 0, 0
3902, 62245, 1, 0, 0
4002, 70485, 1, 0, 0
4100, 71762, 1, 0, 0
4202, 69059, 1, 0, 0
4303, 68559, 1, 0, 0
4407, 70212, 1, 0, 0
4503, 72298, 1, 0, 0
4603, 67480, 1, 0, 0
4702, 66655, 1, 0, 0
4801, 74879, 1, 0, 0
4901, 67653, 1, 0, 0
5000, 71121, 1, 0, 0
5103, 69975, 1, 0, 0
5200, 67356, 1, 0, 0
5300, 68410, 1, 0, 0
5401, 82754, 1, 0, 0
5500, 80649, 1, 0, 0
5603, 81391, 1, 0, 0
5704, 78573, 1, 0, 0
5802, 82881, 1, 0, 0
5903, 77179, 1, 0, 0
6002, 67213, 1, 0, 0
6104, 66309, 1, 0, 0
6200, 69658, 1, 0, 0
6302, 69824, 1, 0, 0
6400, 78591, 1, 0, 0
6503, 81700, 1, 0, 0
6600, 77591, 1, 0, 0
6700, 68120, 1, 0, 0
6802, 68613, 1, 0, 0
6903, 58005, 1, 0, 0
7000, 58416, 1, 0, 0
7100, 61237, 1, 0, 0
7204, 60275, 1, 0, 0
7300, 58139, 1, 0, 0
7403, 58271, 1, 0, 0
7500, 59011, 1, 0, 0
7600, 67200, 1, 0, 0
7703, 73039, 1, 0, 0
7800, 59792, 1, 0, 0
7903, 62532, 1, 0, 0
8000, 61408, 1, 0, 0
8100, 67525, 1, 0, 0
8201, 67927, 1, 0, 0
8304, 75790, 1, 0, 0
8402, 74037, 1, 0, 0
8506, 68811, 1, 0, 0
8601, 67084, 1, 0, 0
8705, 66842, 1, 0, 0
8804, 65230, 1, 0, 0
8902, 60774, 1, 0, 0
9001, 65072, 1, 0, 0
9100, 72083, 1, 0, 0
9200, 68831, 1, 0, 0
9301, 72199, 1, 0, 0
9403, 69801, 1, 0, 0
9504, 79668, 1, 0, 0
9602, 72801, 1, 0, 0
9700, 68583, 1, 0, 0
9803, 70506, 1, 0, 0
9902, 102693, 1, 0, 0
10004, 76387, 1, 0, 0
10100, 69713, 1, 0, 0
10204, 70563, 1, 0, 0
10301, 69997, 1, 0, 0
10403, 69797, 1, 0, 0
10505, 69092, 1, 0, 0
10600, 66161, 1, 0, 0
10700, 77682, 1, 0, 0
10802, 66552, 1, 0, 0
10908, 66266, 1, 0, 0
11002, 63207, 1, 0, 0
11105, 94045, 1, 0, 0
11203, 67126, 1, 0, 0
11303, 84389, 1, 0, 0
11401, 63881, 1, 0, 0
11500, 86394, 1, 0, 0
11601, 64249, 1, 0, 0
11702, 65300, 1, 0, 0
11803, 77578, 1, 0, 0
11904, 75354, 1, 0, 0
12000, 79434, 1, 0, 0
12104, 72924, 1, 0, 0
12205, 71672, 1, 0, 0
12300, 70845, 1, 0, 0
12403, 85980, 1, 0, 0
12500, 66514, 1, 0, 0
12600, 62478, 1, 0, 0
12704, 65391, 1, 0, 0
12800, 77517, 1, 0, 0
12903, 71482, 1, 0, 0
13000, 61573, 1, 0, 0
13101, 73286, 1, 0, 0
13202, 75920, 1, 0, 0
13300, 57578, 1, 0, 0
13400, 66477, 1, 0, 0
13503, 71884, 1, 0, 0
13600, 73697, 1, 0, 0
13702, 75598, 1, 0, 0
13806, 77836, 1, 0, 0
13902, 75119, 1, 0, 0
14004, 73650, 1, 0, 0
14108, 77990, 1, 0, 0
14201, 98268, 1, 0, 0
14303, 87820, 1, 0, 0
14401, 90350, 1, 0, 0
14502, 68321, 1, 0, 0
14604, 76722, 1, 0, 0
14704, 80042, 1, 0, 0
14800, 73968, 1, 0, 0
14905, 68004, 1, 0, 0
15007, 81468, 1, 0, 0
15100, 85803, 1, 0, 0
15206, 81851, 1, 0, 0
15302, 83531, 1, 0, 0
15400, 76478, 1, 0, 0
15502, 68612, 1, 0, 0
15604, 76832, 1, 0, 0
15704, 82255, 1, 0, 0
15800, 68432, 1, 0, 0
15903, 79089, 1, 0, 0
16002, 71801, 1, 0, 0
16102, 85572, 1, 0, 0
16200, 89553, 1, 0, 0
16303, 71782, 1, 0, 0
16408, 107923, 1, 0, 0
16501, 78827, 1, 0, 0
16601, 87958, 1, 0, 0
16700, 141686, 1, 0, 0
16801, 87040, 1, 0, 0
16900, 68363, 1, 0, 0
17006, 66424, 1, 0, 0
17101, 65428, 1, 0, 0
17203, 64559, 1, 0, 0
17302, 62445, 1, 0, 0
17400, 61244, 1, 0, 0
17504, 60741, 1, 0, 0
17601, 63657, 1, 0, 0
17704, 70586, 1, 0, 0
17801, 67815, 1, 0, 0
17901, 66960, 1, 0, 0
18001, 74768, 1, 0, 0
18101, 64579, 1, 0, 0
18201, 95987, 1, 0, 0
18301, 69285, 1, 0, 0
18404, 72525, 1, 0, 0
18500, 73823, 1, 0, 0
18604, 64676, 1, 0, 0
18701, 62069, 1, 0, 0
18808, 74248, 1, 0, 0
18900, 108779, 1, 0, 0
19000, 93503, 1, 0, 0
19100, 103421, 1, 0, 0
19204, 118054, 1, 0, 0
19301, 100191, 1, 0, 0
19402, 105740, 1, 0, 0
19502, 97896, 1, 0, 0
19604, 104239, 1, 0, 0
19701, 89125, 1, 0, 0
19800, 121278, 1, 0, 0
19900, 90152, 1, 0, 0
20000, 108720, 1, 0, 0
20104, 104810, 1, 0, 0
20204, 118891, 1, 0, 0
20304, 113724, 1, 0, 0
20402, 103494, 1, 0, 0
20501, 104722, 1, 0, 0
20600, 90427, 1, 0, 0
20700, 108229, 1, 0, 0
20803, 86925, 1, 0, 0
20901, 126448, 1, 0, 0
21000, 105953, 1, 0, 0
21102, 142982, 1, 0, 0
21204, 147410, 1, 0, 0
21301, 150725, 1, 0, 0
21402, 124097, 1, 0, 0
21500, 117290, 1, 0, 0
21601, 115429, 1, 0, 0
21700, 113217, 1, 0, 0
21804, 78947, 1, 0, 0
21902, 59040, 1, 0, 0
22001, 94933, 1, 0, 0
22100, 67847, 1, 0, 0
22201, 70583, 1, 0, 0
22301, 66988, 1, 0, 0
22403, 58715, 1, 0, 0
22502, 61887, 1, 0, 0
22603, 64619, 1, 0, 0
22701, 58169, 1, 0, 0
22800, 58898, 1, 0, 0
22905, 61240, 1, 0, 0
23001, 60859, 1, 0, 0
23101, 72770, 1, 0, 0
23204, 97340, 1, 0, 0
23305, 65745, 1, 0, 0
23403, 61031, 1, 0, 0
23502, 60741, 1, 0, 0
23604, 67236, 1, 0, 0
23700, 58279, 1, 0, 0
23802, 66757, 1, 0, 0
23904, 56466, 1, 0, 0
24003, 61252, 1, 0, 0
24109, 71924, 1, 0, 0
24204, 60950, 1, 0, 0
24302, 68529, 1, 0, 0
24401, 65263, 1, 0, 0
24503, 69831, 1, 0, 0
24601, 69176, 1, 0, 0
24701, 64166, 1, 0, 0
24800, 66162, 1, 0, 0
24900, 62277, 1, 0, 0
25006, 72749, 1, 0, 0
25104, 69188, 1, 0, 0
25200, 97257, 1, 0, 0
25300, 122870, 1, 0, 0
25403, 122676, 1, 0, 0
25504, 95341, 1, 0, 0
25603, 105730, 1, 0, 0
25701, 72713, 1, 0, 0
25802, 74627, 1, 0, 0
25902, 141767, 1, 0, 0
26000, 71194, 1, 0, 0
26107, 128112, 1, 0, 0
26202, 119744, 1, 0, 0
26301, 125949, 1, 0, 0
26402, 117539, 1, 0, 0
26502, 115330, 1, 0, 0
26602, 68647, 1, 0, 0
26700, 118121, 1, 0, 0
26804, 76991, 1, 0, 0
26904, 103028, 1, 0, 0
27005, 124584, 1, 0, 0
27104, 107305, 1, 0, 0
27202, 85769, 1, 0, 0
27301, 88285, 1, 0, 0
27405, 106124, 1, 0, 0
27500, 98320, 1, 0, 0
27602, 92582, 1, 0, 0
27702, 81539, 1, 0, 0
27803, 72128, 1, 0, 0
27900, 89651, 1, 0, 0
28001, 102048, 1, 0, 0
28102, 118354, 1, 0, 0
28203, 86445, 1, 0, 0
28300, 72754, 1, 0, 0
28403, 107571, 1, 0, 0
28504, 96256, 1, 0, 0
28600, 93616, 1, 0, 0
28702, 111534, 1, 0, 0
28802, 128249, 1, 0, 0
28902, 107031, 1, 0, 0
29000, 97477, 1, 0, 0
29106, 99007, 1, 0, 0
29200, 117258, 1, 0, 0
29302, 88330, 1, 0, 0
29402, 68022, 1, 0, 0
29502, 115586, 1, 0, 0
29602, 73680, 1, 0, 0
29704, 86594, 1, 0, 0
29803, 59709, 1, 0, 0
29904, 58595, 1, 0, 0
30005, 62229, 1, 0, 0
30101, 69262, 1, 0, 0
30202, 63478, 1, 0, 0
30301, 62158, 1, 0, 0
30401, 75682, 1, 0, 0
30502, 71523, 1, 0, 0
30601, 131531, 1, 0, 0
30705, 170027, 1, 0, 0
30801, 152222, 1, 0, 0
30901, 114959, 1, 0, 0
31003, 149225, 1, 0, 0
31101, 148026, 1, 0, 0
31203, 121567, 1, 0, 0
31302, 76260, 1, 0, 0
31402, 70327, 1, 0, 0
31502, 89597, 1, 0, 0
31604, 85319, 1, 0, 0
31705, 71362, 1, 0, 0
31804, 65710, 1, 0, 0
31902, 73064, 1, 0, 0
32000, 146060, 1, 0, 0
32101, 143383, 1, 0, 0
32206, 141513, 1, 0, 0
32301, 135440, 1, 0, 0
32401, 148370, 1, 0, 0
32503, 137230, 1, 0, 0
32602, 116882, 1, 0, 0
32701, 104799, 1, 0, 0
32803, 70353, 1, 0, 0
32900, 63315, 1, 0, 0
33001, 65145, 1, 0, 0
33101, 86800, 1, 0, 0
33201, 63180, 1, 0, 0
33301, 101919, 1, 0, 0
33406, 66325, 1, 0, 0
33504, 91590, 1, 0, 0
33605, 113885, 1, 0, 0
33705, 68044, 1, 0, 0
33800, 85324, 1, 0, 0
33900, 79739, 1, 0, 0
34001, 76602, 1, 0, 0
34103, 73289, 1, 0, 0
34202, 69750, 1, 0, 0
34302, 84197, 1, 0, 0
34404, 77597, 1, 0, 0
34504, 72132, 1, 0, 0
34601, 65988, 1, 0, 0
34705, 83829, 1, 0, 0
34800, 75930, 1, 0, 0
34901, 82589, 1, 0, 0
35002, 85909, 1, 0, 0
35100, 72423, 1, 0, 0
35200, 72932, 1, 0, 0
35304, 79527, 1, 0, 0
35400, 76342, 1, 0, 0
35500, 77405, 1, 0, 0
35604, 69773, 1, 0, 0
35704, 92656, 1, 0, 0
35805, 83558, 1, 0, 0
35901, 74052, 1, 0, 0
36006, 71282, 1, 0, 0
36100, 71156, 1, 0, 0
36200, 95703, 1, 0, 0
36301, 116273, 1, 0, 0
36401, 72695, 1, 0, 0
36502, 71958, 1, 0, 0
36605, 93350, 1, 0, 0
36706, 72361, 1, 0, 0
36800, 91216, 1, 0, 0
36905, 82417, 1, 0, 0
37002, 120509, 1, 0, 0
37102, 87183, 1, 0, 0
37200, 77086, 1, 0, 0
37300, 81514, 1, 0, 0
37402, 73927, 1, 0, 0
37507, 78129, 1, 0, 0
37604, 78471, 1, 0, 0
37700, 71965, 1, 0, 0
37800, 76388, 1, 0, 0
37904, 78677, 1, 0, 0
38000, 82668, 1, 0, 0
38102, 69348, 1, 0, 0
38202, 70664, 1, 0, 0
38305, 70748, 1, 0, 0
38403, 84759, 1, 0, 0
38500, 75050, 1, 0, 0
38602, 77975, 1, 0, 0
38703, 86601, 1, 0, 0
38804, 72631, 1, 0, 0
38901, 69297, 1, 0, 0
39002, 85210, 1, 0, 0
39103, 74197, 1, 0, 0
39200, 81000, 1, 0, 0
39300, 90298, 1, 0, 0
39404, 102869, 1, 0, 0
39503, 74367, 1, 0, 0
39602, 105917, 1, 0, 0
39704, 77877, 1, 0, 0
39801, 68949, 1, 0, 0
39901, 66597, 1, 0, 0
40004, 64106, 1, 0, 0
40100, 53110, 1, 0, 0
40200, 71342, 1, 0, 0
40302, 57897, 1, 0, 0
40404, 65165, 1, 0, 0
40502, 65631, 1, 0, 0
40601, 71241, 1, 0, 0
40703, 71507, 1, 0, 0
40802, 60355, 1, 0, 0
40901, 66766, 1, 0, 0
41004, 59632, 1, 0, 0
41101, 62929, 1, 0, 0
41206, 66995, 1, 0, 0
41303, 67637, 1, 0, 0
41400, 69446, 1, 0, 0
41502, 54790, 1, 0, 0
41602, 57706, 1, 0, 0
41703, 56337, 1, 0, 0
41803, 63313, 1, 0, 0
41905, 58828, 1, 0, 0
42002, 57937, 1, 0, 0
42102, 61648, 1, 0, 0
42200, 56399, 1, 0, 0
42301, 60553, 1, 0, 0
42404, 67380, 1, 0, 0
42500, 69813, 1, 0, 0
42637, 65308, 1, 0, 0
42700, 58108, 1, 0, 0
42805, 56598, 1, 0, 0
42901, 60580, 1, 0, 0
43000, 75092, 1, 0, 0
43103, 57017, 1, 0, 0
43201, 64845, 1, 0, 0
43301, 63102, 1, 0, 0
43401, 65197, 1, 0, 0
43504, 82480, 1, 0, 0
43603, 76102, 1, 0, 0
43701, 59946, 1, 0, 0
43804, 67077, 1, 0, 0
43906, 71063, 1, 0, 0
44001, 67093, 1, 0, 0
44104, 63330, 1, 0, 0
44200, 59142, 1, 0, 0
44308, 68070, 1, 0, 0
44400, 61305, 1, 0, 0
44503, 57225, 1, 0, 0
44600, 58988, 1, 0, 0
44702, 68002, 1, 0, 0
44803, 69668, 1, 0, 0
44903, 71113, 1, 0, 0
45004, 51674, 1, 0, 0
45102, 61339, 1, 0, 0
45202, 61409, 1, 0, 0
45300, 60221, 1, 0, 0
45403, 58647, 1, 0, 0
45503, 57334, 1, 0, 0
45600, 58560, 1, 0, 0
45704, 62099, 1, 0, 0
45804, 57611, 1, 0, 0
45901, 57833, 1, 0, 0
46004, 61506, 1, 0, 0
46101, 57730, 1, 0, 0
46201, 58685, 1, 0, 0
46300, 63465, 1, 0, 0
46401, 55362, 1, 0, 0
46502, 57311, 1, 0, 0
46602, 60668, 1, 0, 0
46702, 61622, 1, 0, 0
46800, 61134, 1, 0, 0
46900, 70464, 1, 0, 0
47003, 74558, 1, 0, 0
47100, 69251, 1, 0, 0
47200, 72125, 1, 0, 0
47302, 85023, 1, 0, 0
47404, 81725, 1, 0, 0
47504, 82469, 1, 0, 0
47600, 85993, 1, 0, 0
47702, 74972, 1, 0, 0
47804, 75790, 1, 0, 0
47901, 97358, 1, 0, 0
48002, 92177, 1, 0, 0
48101, 118766, 1, 0, 0
48204, 131483, 1, 0, 0
48300, 133769, 1, 0, 0
48400, 83920, 1, 0, 0
48500, 60871, 1, 0, 0
48603, 66184, 1, 0, 0
48701, 59559, 1, 0, 0
48803, 65280, 1, 0, 0
48901, 62424, 1, 0, 0
49002, 79994, 1, 0, 0
49101, 61531, 1, 0, 0
49207, 109075, 1, 0, 0
49302, 91311, 1, 0, 0
49400, 68159, 1, 0, 0
49501, 81154, 1, 0, 0
49605, 92186, 1, 0, 0
49701, 94044, 1, 0, 0
49802, 82442, 1, 0, 0
49903, 60075, 1, 0, 0
50005, 115993, 1, 0, 0
50100, 65916, 1, 0, 0
50201, 117902, 1, 0, 0
50300, 90739, 1, 0, 0
50403, 60037, 1, 0, 0
50504, 59724, 1, 0, 0
50602, 69810, 1, 0, 0
50704, 83216, 1, 0, 0
50804, 91695, 1, 0, 0
50906, 100243, 1, 0, 0
51000, 104196, 1, 0, 0
51100, 103922, 1, 0, 0
51203, 71377, 1, 0, 0
51304, 114661, 1, 0, 0
51400, 108129, 1, 0, 0
51501, 77367, 1, 0, 0
51601, 64413, 1, 0, 0
51702, 62992, 1, 0, 0
51801, 56209, 1, 0, 0
51903, 60112, 1, 0, 0
52001, 53430, 1, 0, 0
52102, 69173, 1, 0, 0
52201, 55762, 1, 0, 0
52301, 61050, 1, 0, 0
52404, 66034, 1, 0, 0
52504, 64378, 1, 0, 0
52604, 57321, 1, 0, 0
52701, 58783, 1, 0, 0
52804, 67883, 1, 0, 0
52903, 64600, 1, 0, 0
53003, 67253, 1, 0, 0
53101, 69673, 1, 0, 0
53202, 64367, 1, 0, 0
53303, 64112, 1, 0, 0
53404, 66702, 1, 0, 0
53505, 65695, 1, 0, 0
53600, 61036, 1, 0, 0
53700, 74332, 1, 0, 0
53801, 62821, 1, 0, 0
53900, 60890, 1, 0, 0
54005, 61898, 1, 0, 0
54104, 59540, 1, 0, 0
54200, 61780, 1, 0, 0
54306, 61720, 1, 0, 0
54405, 66199, 1, 0, 0
54500, 64607, 1, 0, 0
54603, 67719, 1, 0, 0
54704, 64790, 1, 0, 0
54803, 62029, 1, 0, 0
54905, 65971, 1, 0, 0
55004, 112808, 1, 0, 0
55105, 63624, 1, 0, 0
55203, 83020, 1, 0, 0
55302, 66186, 1, 0, 0
55403, 66499, 1, 0, 0
55503, 71666, 1, 0, 0
55600, 64660, 1, 0, 0
55700, 63590, 1, 0, 0
55802, 62405, 1, 0, 0
55904, 72613, 1, 0, 0
56003, 66733, 1, 0, 0
56101, 66659, 1, 0, 0
56200, 67222, 1, 0, 0
56300, 65752, 1, 0, 0
56403, 73671, 1, 0, 0
56502, 62546, 1, 0, 0
56601, 66192, 1, 0, 0
56700, 82059, 1, 0, 0
56800, 82207, 1, 0, 0
56901, 72717, 1, 0, 0
57001, 66319, 1, 0, 0
57100, 67270, 1, 0, 0
57202, 80990, 1, 0, 0
57304, 83648, 1, 0, 0
57403, 100858, 1, 0, 0
57504, 74228, 1, 0, 0
57603, 114431, 1, 0, 0
57707, 143686, 1, 0, 0
57802, 113195, 1, 0, 0
57903, 85585, 1, 0, 0
58002, 87254, 1, 0, 0
58100, 137262, 1, 0, 0
58202, 86625, 1, 0, 0
58301, 60748, 1, 0, 0
58401, 127939, 1, 0, 0
58500, 70399, 1, 0, 0
58604, 72675, 1, 0, 0
58700, 102910, 1, 0, 0
58805, 70058, 1, 0, 0
58905, 106743, 1, 0, 0
59003, 77827, 1, 0, 0
59104, 87505, 1, 0, 0
59204, 89181, 1, 0, 0
59301, 100822, 1, 0, 0
59400, 100285, 1, 0, 0
59501, 65607, 1, 0, 0
59602, 87604, 1, 0, 0
59703, 69639, 1, 0, 0
59806, 65969, 1, 0, 0
59900, 71508, 1, 0, 0
60005, 64514, 1, 0, 0
60107, 61438, 1, 0, 0
60200, 61345, 1, 0, 0
60303, 69852, 1, 0, 0
60402, 57389, 1, 0, 0
60501, 60559, 1, 0, 0
60604, 69729, 1, 0, 0
60705, 94091, 1, 0, 0
60802, 90789, 1, 0, 0
60947, 108448, 1, 0, 0
61002, 61440, 1, 0, 0
61104, 101381, 1, 0, 0
61204, 84743, 1, 0, 0
61304, 65851, 1, 0, 0
61400, 68408, 1, 0, 0
61502, 68016, 1, 0, 0
61601, 114911, 1, 0, 0
61708, 121979, 1, 0, 0
61803, 74235, 1, 0, 0
61901, 94976, 1, 0, 0
62003, 98733, 1, 0, 0
62102, 119433, 1, 0, 0
62201, 124013, 1, 0, 0
62303, 97157, 1, 0, 0
62402, 97744, 1, 0, 0
62504, 96528, 1, 0, 0
62608, 76243, 1, 0, 0
62704, 71005, 1, 0, 0
62802, 66795, 1, 0, 0
62906, 67401, 1, 0, 0
63001, 63310, 1, 0, 0
63104, 74238, 1, 0, 0
63204, 71089, 1, 0, 0
63302, 62357, 1, 0, 0
63403, 69540, 1, 0, 0
63500, 69473, 1, 0, 0
63606, 69689, 1, 0, 0
63707, 74279, 1, 0, 0
63803, 66867, 1, 0, 0
63902, 64939, 1, 0, 0
64004, 67829, 1, 0, 0
64102, 58724, 1, 0, 0
64204, 60318, 1, 0, 0
64300, 64672, 1, 0, 0
64405, 64455, 1, 0, 0
64503, 81430, 1, 0, 0
64600, 72738, 1, 0, 0
64700, 70593, 1, 0, 0
64803, 70965, 1, 0, 0
64902, 67887, 1, 0, 0
65002, 60512, 1, 0, 0
65103, 71794, 1, 0, 0
65208, 63370, 1, 0, 0
65300, 56612, 1, 0, 0
65400, 61966, 1, 0, 0
65504, 67882, 1, 0, 0
65601, 60687, 1, 0, 0
65700, 64284, 1, 0, 0
65806, 65204, 1, 0, 0
65904, 74912, 1, 0, 0
66002, 65637, 1, 0, 0
66102, 94964, 1, 0, 0
66206, 66554, 1, 0, 0
66301, 62118, 1, 0, 0
66404, 64666, 1, 0, 0
66500, 64817, 1, 0, 0
66606, 66857, 1, 0, 0
66703, 67511, 1, 0, 0
66802, 67727, 1, 0, 0
66904, 63663, 1, 0, 0
67004, 67110, 1, 0, 0
67101, 64549, 1, 0, 0
67201, 70900, 1, 0, 0
67301, 63654, 1, 0, 0
67402, 64678, 1, 0, 0
67506, 73394, 1, 0, 0
67603, 74019, 1, 0, 0
67701, 72773, 1, 0, 0
67800, 63552, 1, 0, 0
67900, 63300, 1, 0, 0
68001, 73578, 1, 0, 0
68103, 70074, 1, 0, 0
68204, 64372, 1, 0, 0
68303, 76284, 1, 0, 0
68400, 70492, 1, 0, 0
68501, 78779, 1, 0, 0
68603, 74244, 1, 0, 0
68705, 65239, 1, 0, 0
68803, 57042, 1, 0, 0
68902, 65126, 1, 0, 0
69004, 71690, 1, 0, 0
69106, 67360, 1, 0, 0
69209, 68291, 1, 0, 0
69301, 63668, 1, 0, 0
69403, 71697, 1, 0, 0
69502, 78959, 1, 0, 0
69602, 66536, 1, 0, 0
69700, 69634, 1, 0, 0
69803, 60027, 1, 0, 0
69905, 67714, 1, 0, 0
70001, 115427, 1, 0, 0
70107, 65645, 1, 0, 0
70201, 78009, 1, 0, 0
70304, 93994, 1, 0, 0
70402, 92860, 1, 0, 0
70502, 99070, 1, 0, 0
70604, 69434, 1, 0, 0
70702, 64949, 1, 0, 0
70802, 67056, 1, 0, 0
70902, 56859, 1, 0, 0
71000, 71072, 1, 0, 0
71103, 98953, 1, 0, 0
71209, 73068, 1, 0, 0
71302, 76125, 1, 0, 0
71403, 65581, 1, 0, 0
71502, 73639, 1, 0, 0
71602, 94705, 1, 0, 0
71703, 80513, 1, 0, 0
71800, 69298, 1, 0, 0
71900, 75089, 1, 0, 0
72001, 60306, 1, 0, 0
72102, 66623, 1, 0, 0
72205, 65666, 1, 0, 0
72301, 68416, 1, 0, 0
72400, 66665, 1, 0, 0
72503, 76282, 1, 0, 0
72600, 65945, 1, 0, 0
72702, 70227, 1, 0, 0
72803, 69290, 1, 0, 0
72902, 58345, 1, 0, 0
73004, 60177, 1, 0, 0
73101, 59184, 1, 0, 0
73201, 72617, 1, 0, 0
73300, 75519, 1, 0, 0
73401, 57581, 1, 0, 0
73501, 60913, 1, 0, 0
73606, 63237, 1, 0, 0
73704, 68779, 1, 0, 0
73801, 70340, 1, 0, 0
73902, 81724, 1, 0, 0
74004, 62107, 1, 0, 0
74100, 55200, 1, 0, 0
74203, 69489, 1, 0, 0
74301, 63479, 1, 0, 0
74400, 65136, 1, 0, 0
74500, 63327, 1, 0, 0
74601, 58320, 1, 0, 0
74705, 64105, 1, 0, 0
74802, 67970, 1, 0, 0
74903, 67719, 1, 0, 0
75004, 69234, 1, 0, 0
75104, 64384, 1, 0, 0
75207, 79199, 1, 0, 0
75301, 65117, 1, 0, 0
75403, 118051, 1, 0, 0
75500, 109534, 1, 0, 0
75602, 90127, 1, 0, 0
75701, 82167, 1, 0, 0
75800, 110390, 1, 0, 0
75901, 86469, 1, 0, 0
76002, 111006, 1, 0, 0
76100, 157670, 1, 0, 0
76204, 108407, 1, 0, 0
76302, 109867, 1, 0, 0
76401, 108069, 1, 0, 0
76502, 146754, 1, 0, 0
76604, 68703, 1, 0, 0
76704, 63327, 1, 0, 0
76801, 70978, 1, 0, 0
76900, 62898, 1, 0, 0
77000, 58557, 1, 0, 0
77102, 57204, 1, 0, 0
77201, 105948, 1, 0, 0
77300, 59161, 1, 0, 0
77402, 99641, 1, 0, 0
77502, 99930, 1, 0, 0
77602, 68709, 1, 0, 0
77701, 58028, 1, 0, 0
77802, 59267, 1, 0, 0
77902, 60330, 1, 0, 0
78001, 66699, 1, 0, 0
78106, 59778, 1, 0, 0
78200, 58760, 1, 0, 0
78303, 62273, 1, 0, 0
78405, 67920, 1, 0, 0
78501, 69596, 1, 0, 0
78607, 65170, 1, 0, 0
78704, 60618, 1, 0, 0
78800, 61706, 1, 0, 0
78900, 68995, 1, 0, 0
79004, 66739, 1, 0, 0
79103, 87154, 1, 0, 0
79206, 99122, 1, 0, 0
79300, 92574, 1, 0, 0
79403, 115562, 1, 0, 0
79504, 151622, 1, 0, 0
79600, 113974, 1, 0, 0
79701, 68207, 1, 0, 0
79803, 99544, 1, 0, 0
79900, 146734, 1, 0, 0
80001, 116840, 1, 0, 0
80101, 60484, 1, 0, 0
80200, 105730, 1, 0, 0
80302, 107348, 1, 0, 0
80403, 75063, 1, 0, 0
80504, 72607, 1, 0, 0
80601, 94258, 1, 0, 0
80700, 63528, 1, 0, 0
80807, 89445, 1, 0, 0
80906, 92303, 1, 0, 0
81004, 99273, 1, 0, 0
81103, 134421, 1, 0, 0
81202, 72863, 1, 0, 0
81303, 68365, 1, 0, 0
81400, 60755, 1, 0, 0
81501, 74015, 1, 0, 0
81601, 60594, 1, 0, 0
81701, 59727, 1, 0, 0
81800, 66074, 1, 0, 0
81901, 66679, 1, 0, 0
82001, 64940, 1, 0, 0
82104, 62828, 1, 0, 0
82205, 66854, 1, 0, 0
82300, 65338, 1, 0, 0
82400, 60657, 1, 0, 0
82502, 60386, 1, 0, 0
82608, 69247, 1, 0, 0
82706, 66339, 1, 0, 0
82802, 58205, 1, 0, 0
82904, 86374, 1, 0, 0
83001, 61023, 1, 0, 0
83105, 64788, 1, 0, 0
83205, 72229, 1, 0, 0
83300, 62693, 1, 0, 0
83404, 62763, 1, 0, 0
83503, 65163, 1, 0, 0
83602, 79313, 1, 0, 0
83703, 63770, 1, 0, 0
83801, 64945, 1, 0, 0
83903, 58066, 1, 0, 0
84001, 64281, 1, 0, 0
84103, 72577, 1, 0, 0
84201, 72211, 1, 0, 0
84305, 62141, 1, 0, 0
84400, 71729, 1, 0, 0
84506, 67979, 1, 0, 0
84600, 63586, 1, 0, 0
84706, 60570, 1, 0, 0
84803, 59936, 1, 0, 0
84901, 63636, 1, 0, 0
85002, 70543, 1, 0, 0
85102, 72880, 1, 0, 0
85206, 65722, 1, 0, 0
85302, 70119, 1, 0, 0
85403, 66312, 1, 0, 0
85500, 69398, 1, 0, 0
85602, 63237, 1, 0, 0
85705, 54000, 1, 0, 0
85800, 62441, 1, 0, 0
85900, 63843, 1, 0, 0
86001, 61791, 1, 0, 0
86101, 67473, 1, 0, 0
86202, 62978, 1, 0, 0
86301, 61729, 1, 0, 0
86400, 57322, 1, 0, 0
86504, 68939, 1, 0, 0
86600, 56979, 1, 0, 0
86703, 60067, 1, 0, 0
86802, 64736, 1, 0, 0
86901, 71501, 1, 0, 0
87002, 64916, 1, 0, 0
87100, 68326, 1, 0, 0
87204, 67737, 1, 0, 0
87302, 57591, 1, 0, 0
87401, 56151, 1, 0, 0
87500, 58772, 1, 0, 0
87600, 67667, 1, 0, 0
87700, 65917, 1, 0, 0
87803, 60143, 1, 0, 0
87900, 66817, 1, 0, 0
88003, 57847, 1, 0, 0
88104, 67004, 1, 0, 0
88201, 61018, 1, 0, 0
88308, 60426, 1, 0, 0
88403, 65131, 1, 0, 0
88500, 70179, 1, 0, 0
88602, 59548, 1, 0, 0
88701, 57274, 1, 0, 0
88801, 60821, 1, 0, 0
88901, 68557, 1, 0, 0
89000, 64247, 1, 0, 0
89100, 66877, 1, 0, 0
89201, 60273, 1, 0, 0
89301, 67935, 1, 0, 0
89402, 79815, 1, 0, 0
89501, 80963, 1, 0, 0
89602, 78987, 1, 0, 0
89703, 80548, 1, 0, 0
89803, 62599, 1, 0, 0
89901, 63699, 1, 0, 0
90004, 116660, 1, 0, 0
