100, 1065144, 0, 0, 0
200, 1044848, 0, 0, 0
300, 1015400, 0, 0, 0
400, 1028985, 0, 0, 0
500, 1028543, 0, 0, 0
600, 1017928, 0, 0, 0
700, 1037176, 0, 0, 0
800, 1034230, 0, 0, 0
900, 1018063, 0, 0, 0
1000, 1011211, 0, 0, 0
1100, 1001786, 0, 0, 0
1200, 995553, 0, 0, 0
1300, 1043032, 0, 0, 0
1400, 1034807, 0, 0, 0
1500, 1036019, 0, 0, 0
1600, 1049448, 0, 0, 0
1700, 1027155, 0, 0, 0
1800, 1024741, 0, 0, 0
1900, 1018744, 0, 0, 0
2000, 1005814, 0, 0, 0
2100, 1022087, 0, 0, 0
2200, 1022723, 0, 0, 0
2300, 1037744, 0, 0, 0
2400, 1027408, 0, 0, 0
2500, 1065722, 0, 0, 0
2600, 1060165, 0, 0, 0
2700, 1070619, 0, 0, 0
2800, 1033360, 0, 0, 0
2900, 1040093, 0, 0, 0
3000, 1039937, 0, 0, 0
3100, 1013120, 0, 0, 0
3200, 1060814, 0, 0, 0
3300, 1095838, 0, 0, 0
3400, 1061599, 0, 0, 0
3500, 1042335, 0, 0, 0
3600, 1071703, 0, 0, 0
3700, 1056857, 0, 0, 0
3800, 1019282, 0, 0, 0
3900, 1010454, 0, 0, 0
4000, 990565, 0, 0, 0
4100, 1015190, 0, 0, 0
4200, 1049506, 0, 0, 0
4300, 1066988, 0, 0, 0
4400, 1058180, 0, 0, 0
4500, 1007893, 0, 0, 0
4600, 1041357, 0, 0, 0
4700, 1031042, 0, 0, 0
4800, 1033227, 0, 0, 0
4900, 1018382, 0, 0, 0
5000, 1027243, 0, 0, 0
5100, 1043113, 0, 0, 0
5200, 1017525, 0, 0, 0
5300, 1033865, 0, 0, 0
5400, 1026305, 0, 0, 0
5500, 1053164, 0, 0, 0
5600, 1051349, 0, 0, 0
5700, 1036670, 0, 0, 0
5800, 1053037, 0, 0, 0
5900, 1050646, 0, 0, 0
6000, 1047121, 0, 0, 0
6100, 1011538, 0, 0, 0
6200, 1033296, 0, 0, 0
6300, 1036264, 0, 0, 0
6400, 1010597, 0, 0, 0
6500, 1032615, 0, 0, 0
6600, 1020256, 0, 0, 0
6700, 1052932, 0, 0, 0
6800, 1027122, 0, 0, 0
6900, 999837, 0, 0, 0
7000, 975431, 0, 0, 0
7100, 1015191, 0, 0, 0
7200, 1023846, 0, 0, 0
7300, 984877, 0, 0, 0
7400, 1018295, 0, 0, 0
7500, 1022807, 0, 0, 0
7600, 1035410, 0, 0, 0
7700, 1037555, 0, 0, 0
7800, 1075545, 0, 0, 0
7900, 1021351, 0, 0, 0
8000, 1044886, 0, 0, 0
8100, 1021333, 0, 0, 0
8200, 1032707, 0, 0, 0
8300, 1048185, 0, 0, 0
8400, 1064516, 0, 0, 0
8500, 1054369, 0, 0, 0
8600, 1033617, 0, 0, 0
8700, 1021076, 0, 0, 0
8800, 1042455, 0, 0, 0
8900, 1036517, 0, 0, 0
9000, 1027915, 0, 0, 0
9100, 1006635, 0, 0, 0
9200, 1034020, 0, 0, 0
9300, 1023072, 0, 0, 0
9400, 1025355, 0, 0, 0
9500, 1002719, 0, 0, 0
9600, 999156, 0, 0, 0
9700, 1009862, 0, 0, 0
9800, 1020041, 0, 0, 0
9900, 974396, 0, 0, 0
10000, 1003697, 0, 0, 0
10100, 1004751, 0, 0, 0
10200, 996337, 0, 0, 0
10300, 1006715, 0, 0, 0
10400, 1029910, 0, 0, 0
10500, 1037786, 0, 0, 0
10600, 1032371, 0, 0, 0
10700, 1012909, 0, 0, 0
10800, 1018816, 0, 0, 0
10900, 984077, 0, 0, 0
11000, 986398, 0, 0, 0
11100, 973732, 0, 0, 0
11200, 986594, 0, 0, 0
11300, 982302, 0, 0, 0
11400, 1043897, 0, 0, 0
11500, 1005016, 0, 0, 0
11600, 1002929, 0, 0, 0
11700, 1034449, 0, 0, 0
11800, 1032853, 0, 0, 0
11900, 995321, 0, 0, 0
12000, 995308, 0, 0, 0
12100, 1007866, 0, 0, 0
12200, 1001612, 0, 0, 0
12300, 1012229, 0, 0, 0
12400, 1082185, 0, 0, 0
12500, 1045750, 0, 0, 0
12600, 1032044, 0, 0, 0
12700, 1055316, 0, 0, 0
12800, 1045845, 0, 0, 0
12900, 1034135, 0, 0, 0
13000, 1063745, 0, 0, 0
13100, 1044968, 0, 0, 0
13200, 1061992, 0, 0, 0
13300, 1091402, 0, 0, 0
13400, 1070467, 0, 0, 0
13500, 1059527, 0, 0, 0
13600, 1048392, 0, 0, 0
13700, 1060800, 0, 0, 0
13800, 1034925, 0, 0, 0
13900, 999511, 0, 0, 0
14000, 984526, 0, 0, 0
14100, 1004330, 0, 0, 0
14200, 994434, 0, 0, 0
14300, 1023258, 0, 0, 0
14400, 1026006, 0, 0, 0
14500, 1046733, 0, 0, 0
14600, 1039504, 0, 0, 0
14700, 1013226, 0, 0, 0
14800, 1015286, 0, 0, 0
14900, 1005185, 0, 0, 0
15000, 987033, 0, 0, 0
15100, 1015522, 0, 0, 0
15200, 1001762, 0, 0, 0
15300, 1013695, 0, 0, 0
15400, 1045218, 0, 0, 0
15500, 1000350, 0, 0, 0
15600, 999095, 0, 0, 0
15700, 1006327, 0, 0, 0
15800, 1004541, 0, 0, 0
15900, 972270, 0, 0, 0
16000, 972725, 0, 0, 0
16100, 968045, 0, 0, 0
16200, 962085, 0, 0, 0
16300, 997853, 0, 0, 0
16400, 995704, 0, 0, 0
16500, 999769, 0, 0, 0
16600, 988654, 0, 0, 0
16700, 970731, 0, 0, 0
16800, 1005019, 0, 0, 0
16900, 987780, 0, 0, 0
17000, 1008255, 0, 0, 0
17100, 970063, 0, 0, 0
17200, 972397, 0, 0, 0
17300, 998632, 0, 0, 0
17400, 987513, 0, 0, 0
17500, 1005460, 0, 0, 0
17600, 991018, 0, 0, 0
17700, 976184, 0, 0, 0
17800, 981810, 0, 0, 0
17900, 1051586, 0, 0, 0
18000, 982590, 0, 0, 0
18100, 994077, 0, 0, 0
18200, 984137, 0, 0, 0
18300, 990303, 0, 0, 0
18400, 1044961, 0, 0, 0
18500, 982680, 0, 0, 0
18600, 1022359, 0, 0, 0
18700, 997572, 0, 0, 0
18800, 980216, 0, 0, 0
18900, 948324, 0, 0, 0
19000, 959136, 0, 0, 0
19100, 981636, 0, 0, 0
19200, 1011346, 0, 0, 0
19300, 1036422, 0, 0, 0
19400, 1074116, 0, 0, 0
19500, 1042074, 0, 0, 0
19600, 1033641, 0, 0, 0
19700, 1049679, 0, 0, 0
19800, 1053424, 0, 0, 0
19900, 1007228, 0, 0, 0
20000, 1021971, 0, 0, 0
20100, 1039524, 0, 0, 0
20200, 1062011, 0, 0, 0
20300, 1065129, 0, 0, 0
20400, 1120751, 0, 0, 0
20500, 1063698, 0, 0, 0
20600, 1054401, 0, 0, 0
20700, 1071494, 0, 0, 0
20800, 1044862, 0, 0, 0
20900, 1048556, 0, 0, 0
21000, 1024362, 0, 0, 0
21100, 1054404, 0, 0, 0
21200, 1073274, 0, 0, 0
21300, 1058904, 0, 0, 0
21400, 1042801, 0, 0, 0
21500, 1074202, 0, 0, 0
21600, 1046208, 0, 0, 0
21700, 1039927, 0, 0, 0
21800, 1031918, 0, 0, 0
21900, 988252, 0, 0, 0
22000, 1020592, 0, 0, 0
22100, 982948, 0, 0, 0
22200, 1020767, 0, 0, 0
22300, 1027665, 0, 0, 0
22400, 1071433, 0, 0, 0
22500, 1039105, 0, 0, 0
22600, 1038194, 0, 0, 0
22700, 1021050, 0, 0, 0
22800, 1041161, 0, 0, 0
22900, 1011730, 0, 0, 0
23000, 1001959, 0, 0, 0
23100, 996050, 0, 0, 0
23200, 1012140, 0, 0, 0
23300, 1094132, 0, 0, 0
23400, 1078857, 0, 0, 0
23500, 1100926, 0, 0, 0
23600, 1079898, 0, 0, 0
23700, 1093096, 0, 0, 0
23800, 1074067, 0, 0, 0
23900, 1033866, 0, 0, 0
24000, 1037297, 0, 0, 0
24100, 1028706, 0, 0, 0
24200, 1037811, 0, 0, 0
24300, 1059107, 0, 0, 0
24400, 1088941, 0, 0, 0
24500, 1068002, 0, 0, 0
24600, 1104699, 0, 0, 0
24700, 1058184, 0, 0, 0
24800, 1047292, 0, 0, 0
24900, 1060044, 0, 0, 0
25000, 1071314, 0, 0, 0
25100, 1050764, 0, 0, 0
25200, 1051615, 0, 0, 0
25300, 1091418, 0, 0, 0
25400, 1103864, 0, 0, 0
25500, 1042397, 0, 0, 0
25600, 1076209, 0, 0, 0
25700, 1067605, 0, 0, 0
25800, 1047916, 0, 0, 0
25900, 1072503, 0, 0, 0
26000, 1070746, 0, 0, 0
26100, 1089601, 0, 0, 0
26200, 1054524, 0, 0, 0
26300, 1078029, 0, 0, 0
26400, 1102577, 0, 0, 0
26500, 1081572, 0, 0, 0
26600, 1070605, 0, 0, 0
26700, 1077728, 0, 0, 0
26800, 1135750, 0, 0, 0
26900, 1073700, 0, 0, 0
27000, 1083265, 0, 0, 0
27100, 1036445, 0, 0, 0
27200, 1052983, 0, 0, 0
27300, 1073941, 0, 0, 0
27400, 1070896, 0, 0, 0
27500, 1086441, 0, 0, 0
27600, 1141388, 0, 0, 0
27700, 1107756, 0, 0, 0
27800, 1083382, 0, 0, 0
27900, 1070656, 0, 0, 0
28000, 1069661, 0, 0, 0
28100, 1062215, 0, 0, 0
28200, 1068858, 0, 0, 0
28300, 1094706, 0, 0, 0
28400, 1095121, 0, 0, 0
28500, 1096686, 0, 0, 0
28600, 1105923, 0, 0, 0
28700, 1115828, 0, 0, 0
28800, 1099038, 0, 0, 0
28900, 1076737, 0, 0, 0
29000, 1080987, 0, 0, 0
29100, 1068753, 0, 0, 0
29200, 1072449, 0, 0, 0
29300, 1083516, 0, 0, 0
29400, 1073697, 0, 0, 0
29500, 1066215, 0, 0, 0
29600, 1076371, 0, 0, 0
29700, 1081472, 0, 0, 0
29800, 1077378, 0, 0, 0
29900, 1072521, 0, 0, 0
30000, 1031720, 0, 0, 0
30100, 1094730, 0, 0, 0
30200, 1061885, 0, 0, 0
30300, 1095461, 0, 0, 0
30400, 1036729, 0, 0, 0
30500, 1055154, 0, 0, 0
30600, 1078237, 0, 0, 0
30700, 1094124, 0, 0, 0
30800, 1071199, 0, 0, 0
30900, 1046541, 0, 0, 0
31000, 1060163, 0, 0, 0
31100, 1052580, 0, 0, 0
31200, 1101852, 0, 0, 0
31300, 1076757, 0, 0, 0
31400, 1057505, 0, 0, 0
31500, 1067965, 0, 0, 0
31600, 1094845, 0, 0, 0
31700, 1065779, 0, 0, 0
31800, 1042291, 0, 0, 0
31900, 1067888, 0, 0, 0
32000, 1024100, 0, 0, 0
32100, 1061709, 0, 0, 0
32200, 1070516, 0, 0, 0
32300, 1080714, 0, 0, 0
32400, 1083148, 0, 0, 0
32500, 1059384, 0, 0, 0
32600, 1082737, 0, 0, 0
32700, 1077479, 0, 0, 0
32800, 1054290, 0, 0, 0
32900, 1043372, 0, 0, 0
33000, 1043248, 0, 0, 0
33100, 1070251, 0, 0, 0
33200, 1027650, 0, 0, 0
33300, 1101614, 0, 0, 0
33400, 2275716, 0, 0, 0
33500, 1047276, 0, 0, 0
33600, 1039318, 0, 0, 0
33700, 1063885, 0, 0, 0
33800, 1049575, 0, 0, 0
33900, 1048719, 0, 0, 0
34000, 1055839, 0, 0, 0
34100, 1073553, 0, 0, 0
34200, 1044546, 0, 0, 0
34300, 1063858, 0, 0, 0
34400, 1038964, 0, 0, 0
34500, 1053502, 0, 0, 0
34600, 1057142, 0, 0, 0
34700, 1042851, 0, 0, 0
34800, 1067230, 0, 0, 0
34900, 1064579, 0, 0, 0
35000, 1018887, 0, 0, 0
35100, 1015513, 0, 0, 0
35200, 1022900, 0, 0, 0
35300, 1003458, 0, 0, 0
35400, 1034392, 0, 0, 0
35500, 1027292, 0, 0, 0
35600, 1031120, 0, 0, 0
35700, 996713, 0, 0, 0
35800, 1019408, 0, 0, 0
35900, 1004744, 0, 0, 0
36000, 1005100, 0, 0, 0
36100, 1018070, 0, 0, 0
36200, 1005366, 0, 0, 0
36300, 1051812, 0, 0, 0
36400, 1014706, 0, 0, 0
36500, 1030194, 0, 0, 0
36600, 1068864, 0, 0, 0
36700, 1058451, 0, 0, 0
36800, 1067749, 0, 0, 0
36900, 1060324, 0, 0, 0
37000, 1062833, 0, 0, 0
37100, 1041181, 0, 0, 0
37200, 1002429, 0, 0, 0
37300, 1056864, 0, 0, 0
37400, 1072539, 0, 0, 0
37500, 1044946, 0, 0, 0
37600, 1058769, 0, 0, 0
37700, 1061726, 0, 0, 0
37800, 1060123, 0, 0, 0
37900, 1059319, 0, 0, 0
38000, 1044097, 0, 0, 0
38100, 1026394, 0, 0, 0
38200, 1028988, 0, 0, 0
38300, 1054556, 0, 0, 0
38400, 1039331, 0, 0, 0
38500, 1089520, 0, 0, 0
38600, 1058805, 0, 0, 0
38700, 1060976, 0, 0, 0
38800, 1047661, 0, 0, 0
38900, 1034243, 0, 0, 0
39000, 992418, 0, 0, 0
39100, 1001340, 0, 0, 0
39200, 1054595, 0, 0, 0
39300, 1063318, 0, 0, 0
39400, 1066924, 0, 0, 0
39500, 1060605, 0, 0, 0
39600, 1046188, 0, 0, 0
39700, 1039931, 0, 0, 0
39800, 1064102, 0, 0, 0
39900, 1049622, 0, 0, 0
40000, 1037208, 0, 0, 0
40100, 1052924, 0, 0, 0
40200, 1052223, 0, 0, 0
40300, 1027184, 0, 0, 0
40400, 1072841, 0, 0, 0
40500, 1089256, 0, 0, 0
40600, 1092568, 0, 0, 0
40700, 1063988, 0, 0, 0
40800, 1062871, 0, 0, 0
40900, 1034607, 0, 0, 0
41000, 1014567, 0, 0, 0
41100, 1035685, 0, 0, 0
41200, 1024466, 0, 0, 0
41300, 1046673, 0, 0, 0
41400, 1081273, 0, 0, 0
41500, 1083522, 0, 0, 0
41600, 1058453, 0, 0, 0
41700, 1050070, 0, 0, 0
41800, 1069301, 0, 0, 0
41900, 1068348, 0, 0, 0
42000, 1035106, 0, 0, 0
42100, 1040993, 0, 0, 0
42200, 1010013, 0, 0, 0
42300, 1018042, 0, 0, 0
42400, 1015754, 0, 0, 0
42500, 1055762, 0, 0, 0
42601, 1009529, 0, 0, 0
42700, 1019683, 0, 0, 0
42800, 1002823, 0, 0, 0
42900, 1010945, 0, 0, 0
43000, 1018410, 0, 0, 0
43100, 1019532, 0, 0, 0
43200, 1021809, 0, 0, 0
43300, 1044645, 0, 0, 0
43400, 1061292, 0, 0, 0
43500, 1044607, 0, 0, 0
43600, 986963, 0, 0, 0
43700, 1005876, 0, 0, 0
43800, 1053451, 0, 0, 0
43900, 1004117, 0, 0, 0
44000, 1003881, 0, 0, 0
44100, 983463, 0, 0, 0
44200, 980948, 0, 0, 0
44300, 989694, 0, 0, 0
44400, 1041856, 0, 0, 0
44501, 1060983, 0, 0, 0
44600, 1077435, 0, 0, 0
44700, 1026473, 0, 0, 0
44800, 1014339, 0, 0, 0
44900, 1016262, 0, 0, 0
45000, 1005866, 0, 0, 0
45100, 991979, 0, 0, 0
45200, 1010583, 0, 0, 0
45300, 1014326, 0, 0, 0
45400, 1052352, 0, 0, 0
45500, 1062550, 0, 0, 0
45600, 1073903, 0, 0, 0
45700, 1061010, 0, 0, 0
45800, 1025885, 0, 0, 0
45900, 1048264, 0, 0, 0
46000, 1007203, 0, 0, 0
46100, 1023982, 0, 0, 0
46200, 1001202, 0, 0, 0
46300, 1017699, 0, 0, 0
46400, 1021991, 0, 0, 0
46500, 1028454, 0, 0, 0
46600, 981681, 0, 0, 0
46700, 991979, 0, 0, 0
46800, 1005598, 0, 0, 0
46900, 1003687, 0, 0, 0
47000, 982845, 0, 0, 0
47100, 992921, 0, 0, 0
47200, 1009385, 0, 0, 0
47300, 1030786, 0, 0, 0
47400, 1020352, 0, 0, 0
47500, 1020944, 0, 0, 0
47600, 1019829, 0, 0, 0
47700, 1009184, 0, 0, 0
47800, 1010198, 0, 0, 0
47900, 998612, 0, 0, 0
48000, 999099, 0, 0, 0
48100, 1038107, 0, 0, 0
48200, 994373, 0, 0, 0
48300, 1040636, 0, 0, 0
48400, 1028852, 0, 0, 0
48500, 1049557, 0, 0, 0
48600, 1035478, 0, 0, 0
48700, 1014508, 0, 0, 0
48800, 1047443, 0, 0, 0
48900, 1015063, 0, 0, 0
49000, 1025001, 0, 0, 0
49100, 1005598, 0, 0, 0
49200, 979082, 0, 0, 0
49300, 1032423, 0, 0, 0
49400, 985794, 0, 0, 0
49500, 1012357, 0, 0, 0
49600, 1002235, 0, 0, 0
49700, 1022418, 0, 0, 0
49800, 1059751, 0, 0, 0
49900, 1060119, 0, 0, 0
50000, 1010674, 0, 0, 0
50100, 1060246, 0, 0, 0
50200, 1021300, 0, 0, 0
50300, 1018482, 0, 0, 0
50400, 1032871, 0, 0, 0
50500, 1025788, 0, 0, 0
50600, 1067136, 0, 0, 0
50700, 1024338, 0, 0, 0
50800, 1043892, 0, 0, 0
50900, 1036432, 0, 0, 0
51000, 989204, 0, 0, 0
51100, 1000081, 0, 0, 0
51200, 987522, 0, 0, 0
51300, 1002371, 0, 0, 0
51400, 990040, 0, 0, 0
51500, 1019415, 0, 0, 0
51600, 1058795, 0, 0, 0
51700, 1053142, 0, 0, 0
51800, 1053591, 0, 0, 0
51900, 1021366, 0, 0, 0
52000, 989511, 0, 0, 0
52100, 995280, 0, 0, 0
52200, 1022644, 0, 0, 0
52300, 1039722, 0, 0, 0
52400, 1060295, 0, 0, 0
52500, 1058847, 0, 0, 0
52600, 1034510, 0, 0, 0
52700, 1015955, 0, 0, 0
52800, 1014324, 0, 0, 0
52900, 1005125, 0, 0, 0
53000, 971372, 0, 0, 0
53100, 995688, 0, 0, 0
53200, 1015678, 0, 0, 0
53300, 1040778, 0, 0, 0
53400, 1011386, 0, 0, 0
53500, 1030663, 0, 0, 0
53600, 1029679, 0, 0, 0
53700, 1034059, 0, 0, 0
53800, 1011242, 0, 0, 0
53900, 1013155, 0, 0, 0
54000, 1008103, 0, 0, 0
54100, 1019873, 0, 0, 0
54200, 992928, 0, 0, 0
54300, 974878, 0, 0, 0
54400, 1008837, 0, 0, 0
54500, 1051213, 0, 0, 0
54600, 1034024, 0, 0, 0
54700, 999405, 0, 0, 0
54800, 1018181, 0, 0, 0
54900, 1029340, 0, 0, 0
55000, 1044575, 0, 0, 0
55100, 1010066, 0, 0, 0
55200, 998998, 0, 0, 0
55300, 1036357, 0, 0, 0
55400, 1029361, 0, 0, 0
55500, 1012187, 0, 0, 0
55600, 1053892, 0, 0, 0
55700, 1034061, 0, 0, 0
55800, 1020112, 0, 0, 0
55900, 993769, 0, 0, 0
56000, 1003085, 0, 0, 0
56100, 1034268, 0, 0, 0
56200, 981833, 0, 0, 0
56300, 1003807, 0, 0, 0
56400, 1001194, 0, 0, 0
56500, 1002112, 0, 0, 0
56600, 985366, 0, 0, 0
56700, 994094, 0, 0, 0
56800, 1011410, 0, 0, 0
56900, 984828, 0, 0, 0
57000, 989961, 0, 0, 0
57100, 992751, 0, 0, 0
57200, 1008019, 0, 0, 0
57300, 999918, 0, 0, 0
57400, 1004474, 0, 0, 0
57500, 1019389, 0, 0, 0
57600, 1043573, 0, 0, 0
57700, 1059933, 0, 0, 0
57800, 1027998, 0, 0, 0
57900, 1002802, 0, 0, 0
58000, 1026589, 0, 0, 0
58100, 1033241, 0, 0, 0
58200, 1009815, 0, 0, 0
58300, 1091639, 0, 0, 0
58400, 1048461, 0, 0, 0
58500, 1037889, 0, 0, 0
58600, 1019273, 0, 0, 0
58700, 1030826, 0, 0, 0
58800, 1017604, 0, 0, 0
58900, 1028431, 0, 0, 0
59000, 1017716, 0, 0, 0
59100, 1004978, 0, 0, 0
59200, 1003065, 0, 0, 0
59300, 1015230, 0, 0, 0
59400, 1036393, 0, 0, 0
59500, 1014090, 0, 0, 0
59600, 1022728, 0, 0, 0
59700, 1005309, 0, 0, 0
59800, 1023023, 0, 0, 0
59900, 1041446, 0, 0, 0
60000, 1018945, 0, 0, 0
60100, 1018855, 0, 0, 0
60200, 1017887, 0, 0, 0
60300, 1036718, 0, 0, 0
60400, 1057400, 0, 0, 0
60500, 998995, 0, 0, 0
60600, 1036435, 0, 0, 0
60700, 1016508, 0, 0, 0
60800, 1001997, 0, 0, 0
60900, 1026575, 0, 0, 0
61000, 1010793, 0, 0, 0
61100, 1004555, 0, 0, 0
61200, 1010637, 0, 0, 0
61300, 1004654, 0, 0, 0
61400, 996609, 0, 0, 0
61500, 984334, 0, 0, 0
61600, 1028983, 0, 0, 0
61700, 995021, 0, 0, 0
61800, 1025535, 0, 0, 0
61900, 1002222, 0, 0, 0
62000, 994147, 0, 0, 0
62100, 1012865, 0, 0, 0
62200, 991025, 0, 0, 0
62300, 987403, 0, 0, 0
62400, 986388, 0, 0, 0
62500, 1016151, 0, 0, 0
62600, 1000096, 0, 0, 0
62700, 1002428, 0, 0, 0
62800, 1050945, 0, 0, 0
62900, 1006773, 0, 0, 0
63000, 1040082, 0, 0, 0
63100, 996727, 0, 0, 0
63200, 990576, 0, 0, 0
63300, 1012776, 0, 0, 0
63400, 1027083, 0, 0, 0
63500, 1036822, 0, 0, 0
63600, 1030960, 0, 0, 0
63700, 1039059, 0, 0, 0
63800, 1033861, 0, 0, 0
63900, 1008736, 0, 0, 0
64000, 1011305, 0, 0, 0
64100, 1021270, 0, 0, 0
64200, 1029510, 0, 0, 0
64300, 1034262, 0, 0, 0
64400, 1077169, 0, 0, 0
64500, 1019955, 0, 0, 0
64600, 1065261, 0, 0, 0
64700, 1018175, 0, 0, 0
64800, 1013775, 0, 0, 0
64900, 1009299, 0, 0, 0
65000, 987323, 0, 0, 0
65100, 1002106, 0, 0, 0
65200, 1013267, 0, 0, 0
65300, 987523, 0, 0, 0
65400, 1023262, 0, 0, 0
65500, 1054234, 0, 0, 0
65600, 1050419, 0, 0, 0
65700, 1010645, 0, 0, 0
65800, 1009640, 0, 0, 0
65900, 1014291, 0, 0, 0
66000, 1024767, 0, 0, 0
66100, 999420, 0, 0, 0
66200, 1032392, 0, 0, 0
66300, 1028869, 0, 0, 0
66400, 1015487, 0, 0, 0
66500, 1013017, 0, 0, 0
66600, 1059585, 0, 0, 0
66700, 1030182, 0, 0, 0
66800, 1002534, 0, 0, 0
66900, 1030390, 0, 0, 0
67000, 994660, 0, 0, 0
67100, 1017983, 0, 0, 0
67200, 1004734, 0, 0, 0
67300, 1021774, 0, 0, 0
67400, 1036077, 0, 0, 0
67500, 1029670, 0, 0, 0
67600, 1012309, 0, 0, 0
67700, 981298, 0, 0, 0
67800, 1046923, 0, 0, 0
67900, 1033833, 0, 0, 0
68000, 1011150, 0, 0, 0
68100, 1046412, 0, 0, 0
68200, 1025392, 0, 0, 0
68300, 1052074, 0, 0, 0
68400, 1045597, 0, 0, 0
68500, 1033693, 0, 0, 0
68600, 1030493, 0, 0, 0
68700, 1009035, 0, 0, 0
68800, 1011535, 0, 0, 0
68900, 1024307, 0, 0, 0
69000, 1007014, 0, 0, 0
69100, 1018974, 0, 0, 0
69200, 1002226, 0, 0, 0
69300, 1023043, 0, 0, 0
69400, 1018680, 0, 0, 0
69500, 1028526, 0, 0, 0
69600, 1020135, 0, 0, 0
69700, 1016344, 0, 0, 0
69800, 1014405, 0, 0, 0
69900, 985151, 0, 0, 0
70000, 1001108, 0, 0, 0
70100, 1021384, 0, 0, 0
70200, 1040093, 0, 0, 0
70300, 1007764, 0, 0, 0
70400, 1031081, 0, 0, 0
70500, 1032557, 0, 0, 0
70600, 1048730, 0, 0, 0
70700, 1063077, 0, 0, 0
70800, 1072821, 0, 0, 0
70900, 1022151, 0, 0, 0
71000, 1017347, 0, 0, 0
71100, 1029262, 0, 0, 0
71200, 1009556, 0, 0, 0
71300, 1025344, 0, 0, 0
71400, 1039089, 0, 0, 0
71500, 1014169, 0, 0, 0
71600, 1004846, 0, 0, 0
71700, 1009611, 0, 0, 0
71800, 1002781, 0, 0, 0
71900, 1027254, 0, 0, 0
72000, 1006953, 0, 0, 0
72100, 1009456, 0, 0, 0
72200, 1025502, 0, 0, 0
72300, 1022104, 0, 0, 0
72400, 1047069, 0, 0, 0
72500, 1037864, 0, 0, 0
72600, 1049367, 0, 0, 0
72700, 1013824, 0, 0, 0
72800, 1028120, 0, 0, 0
72900, 1069540, 0, 0, 0
73000, 1012539, 0, 0, 0
73100, 1014854, 0, 0, 0
73200, 1004271, 0, 0, 0
73300, 1068452, 0, 0, 0
73400, 1035137, 0, 0, 0
73500, 1019321, 0, 0, 0
73600, 1018037, 0, 0, 0
73700, 1043048, 0, 0, 0
73800, 1053613, 0, 0, 0
73900, 1058404, 0, 0, 0
74000, 1022243, 0, 0, 0
74100, 1049487, 0, 0, 0
74200, 1038166, 0, 0, 0
74300, 1096667, 0, 0, 0
74400, 1131519, 0, 0, 0
74500, 1094437, 0, 0, 0
74600, 1099168, 0, 0, 0
74700, 1067556, 0, 0, 0
74800, 1122087, 0, 0, 0
74900, 1096702, 0, 0, 0
75000, 1050616, 0, 0, 0
75100, 1117665, 0, 0, 0
75200, 1129540, 0, 0, 0
75300, 1098382, 0, 0, 0
75400, 1069943, 0, 0, 0
75500, 1074622, 0, 0, 0
75600, 1125647, 0, 0, 0
75700, 1114848, 0, 0, 0
75800, 1113848, 0, 0, 0
75900, 1114016, 0, 0, 0
76000, 1125592, 0, 0, 0
76100, 1132067, 0, 0, 0
76200, 1052590, 0, 0, 0
76300, 1101998, 0, 0, 0
76400, 1113596, 0, 0, 0
76500, 1068859, 0, 0, 0
76600, 1108378, 0, 0, 0
76700, 1077361, 0, 0, 0
76800, 1069130, 0, 0, 0
76900, 1053097, 0, 0, 0
77000, 1077952, 0, 0, 0
77100, 1084164, 0, 0, 0
77200, 1043851, 0, 0, 0
77300, 1057547, 0, 0, 0
77400, 1083948, 0, 0, 0
77500, 1046410, 0, 0, 0
77600, 1053372, 0, 0, 0
77700, 1064987, 0, 0, 0
77800, 1065911, 0, 0, 0
77900, 1045485, 0, 0, 0
78000, 1044764, 0, 0, 0
78100, 1033737, 0, 0, 0
78200, 1037291, 0, 0, 0
78300, 1027660, 0, 0, 0
78400, 1006530, 0, 0, 0
78500, 1011202, 0, 0, 0
78600, 1024657, 0, 0, 0
78700, 1007108, 0, 0, 0
78800, 998484, 0, 0, 0
78900, 1041177, 0, 0, 0
79000, 1000074, 0, 0, 0
79100, 1043515, 0, 0, 0
79200, 1042956, 0, 0, 0
79300, 1037810, 0, 0, 0
79400, 1031803, 0, 0, 0
79500, 1052588, 0, 0, 0
79600, 1037832, 0, 0, 0
79700, 1025025, 0, 0, 0
79800, 1036772, 0, 0, 0
79900, 1048725, 0, 0, 0
80000, 1037841, 0, 0, 0
80100, 1031896, 0, 0, 0
80200, 1010076, 0, 0, 0
80300, 1026703, 0, 0, 0
80400, 1029809, 0, 0, 0
80500, 1021823, 0, 0, 0
80600, 1005460, 0, 0, 0
80700, 1015341, 0, 0, 0
80800, 1017108, 0, 0, 0
80900, 1016202, 0, 0, 0
81000, 1005952, 0, 0, 0
81100, 1019545, 0, 0, 0
81200, 1066207, 0, 0, 0
81300, 1053157, 0, 0, 0
81400, 1034400, 0, 0, 0
81500, 1046728, 0, 0, 0
81600, 1217010, 0, 0, 0
81700, 1004884, 0, 0, 0
81800, 1015407, 0, 0, 0
81900, 1018014, 0, 0, 0
82000, 1009437, 0, 0, 0
82100, 1010061, 0, 0, 0
82200, 1022347, 0, 0, 0
82300, 1010458, 0, 0, 0
82400, 1028889, 0, 0, 0
82500, 1029778, 0, 0, 0
82600, 998758, 0, 0, 0
82700, 1005141, 0, 0, 0
82800, 1046483, 0, 0, 0
82900, 993604, 0, 0, 0
83000, 998784, 0, 0, 0
83100, 1020900, 0, 0, 0
83200, 990000, 0, 0, 0
83300, 1041144, 0, 0, 0
83400, 1033824, 0, 0, 0
83500, 1013701, 0, 0, 0
83600, 1003738, 0, 0, 0
83700, 1027051, 0, 0, 0
83800, 1067269, 0, 0, 0
83900, 1083698, 0, 0, 0
84000, 1033875, 0, 0, 0
84100, 1012666, 0, 0, 0
84200, 1017637, 0, 0, 0
84300, 1036890, 0, 0, 0
84400, 1028607, 0, 0, 0
84500, 1012141, 0, 0, 0
84600, 1050836, 0, 0, 0
84700, 1069534, 0, 0, 0
84800, 1047836, 0, 0, 0
84900, 1037199, 0, 0, 0
85000, 1009486, 0, 0, 0
85100, 1012306, 0, 0, 0
85200, 1013901, 0, 0, 0
85300, 1000667, 0, 0, 0
85400, 1018247, 0, 0, 0
85500, 1010465, 0, 0, 0
85600, 1011057, 0, 0, 0
85700, 1023481, 0, 0, 0
85800, 1028113, 0, 0, 0
85900, 1023989, 0, 0, 0
86000, 996479, 0, 0, 0
86100, 1012145, 0, 0, 0
86200, 1008031, 0, 0, 0
86300, 1038523, 0, 0, 0
86400, 1027842, 0, 0, 0
86500, 1035726, 0, 0, 0
86600, 1031774, 0, 0, 0
86700, 1011173, 0, 0, 0
86800, 1024500, 0, 0, 0
86900, 1012696, 0, 0, 0
87000, 1006590, 0, 0, 0
87100, 1022733, 0, 0, 0
87200, 1035489, 0, 0, 0
87300, 1035737, 0, 0, 0
87400, 1031761, 0, 0, 0
87500, 1010701, 0, 0, 0
87600, 995962, 0, 0, 0
87700, 1004108, 0, 0, 0
87800, 1009427, 0, 0, 0
87900, 1000180, 0, 0, 0
88000, 992788, 0, 0, 0
88100, 1008053, 0, 0, 0
88200, 996160, 0, 0, 0
88300, 991956, 0, 0, 0
88400, 979312, 0, 0, 0
88500, 1013925, 0, 0, 0
88600, 986211, 0, 0, 0
88700, 998620, 0, 0, 0
88800, 1001737, 0, 0, 0
88900, 1012221, 0, 0, 0
89000, 1018744, 0, 0, 0
89100, 1004093, 0, 0, 0
89200, 1021683, 0, 0, 0
89300, 1033817, 0, 0, 0
89400, 1021222, 0, 0, 0
89500, 1007454, 0, 0, 0
89600, 1033036, 0, 0, 0
89700, 1027725, 0, 0, 0
89800, 1025892, 0, 0, 0
89900, 1023879, 0, 0, 0
90000, 1181919, 0, 0, 0
90000, 872000, 0, 0, 0
