101, 29758, 1, 0, 0
203, 32424, 1, 0, 0
300, 26719, 1, 0, 0
402, 24360, 1, 0, 0
502, 26307, 1, 0, 0
600, 26833, 1, 0, 0
702, 26865, 1, 0, 0
815, 27283, 1, 0, 0
902, 26140, 1, 0, 0
1001, 28408, 1, 0, 0
1100, 27766, 1, 0, 0
1202, 25239, 1, 0, 0
1301, 26964, 1, 0, 0
1400, 27476, 1, 0, 0
1500, 26135, 1, 0, 0
1600, 26663, 1, 0, 0
1701, 27166, 1, 0, 0
1801, 23600, 1, 0, 0
1910, 24843, 1, 0, 0
2002, 24479, 1, 0, 0
2101, 20624, 1, 0, 0
2200, 23054, 1, 0, 0
2300, 25345, 1, 0, 0
2400, 25162, 1, 0, 0
2500, 24452, 1, 0, 0
2600, 26010, 1, 0, 0
2700, 24796, 1, 0, 0
2803, 23959, 1, 0, 0
2907, 23520, 1, 0, 0
3000, 26638, 1, 0, 0
3101, 24228, 1, 0, 0
3201, 23789, 1, 0, 0
3301, 24956, 1, 0, 0
3402, 24718, 1, 0, 0
3502, 24807, 1, 0, 0
3602, 24345, 1, 0, 0
3700, 27581, 1, 0, 0
3805, 26240, 1, 0, 0
3901, 25942, 1, 0, 0
4008, 26869, 1, 0, 0
4100, 26363, 1, 0, 0
4204, 26691, 1, 0, 0
4301, 25197, 1, 0, 0
4404, 29166, 1, 0, 0
4501, 27552, 1, 0, 0
4602, 28894, 1, 0, 0
4700, 28428, 1, 0, 0
4805, 28868, 1, 0, 0
4905, 27908, 1, 0, 0
5005, 25973, 1, 0, 0
5103, 28828, 1, 0, 0
5201, 27830, 1, 0, 0
5306, 27583, 1, 0, 0
5401, 21511, 1, 0, 0
5512, 25596, 1, 0, 0
5606, 25974, 1, 0, 0
5709, 33232, 1, 0, 0
5801, 24700, 1, 0, 0
5911, 22151, 1, 0, 0
6000, 23556, 1, 0, 0
6100, 25952, 1, 0, 0
6202, 29099, 1, 0, 0
6302, 25869, 1, 0, 0
6400, 21708, 1, 0, 0
6503, 23825, 1, 0, 0
6603, 22425, 1, 0, 0
6702, 22965, 1, 0, 0
6801, 21191, 1, 0, 0
6900, 28357, 1, 0, 0
7000, 22359, 1, 0, 0
7100, 22935, 1, 0, 0
7200, 29640, 1, 0, 0
7305, 28094, 1, 0, 0
7400, 25631, 1, 0, 0
7500, 25354, 1, 0, 0
7600, 26114, 1, 0, 0
7700, 24873, 1, 0, 0
7803, 29049, 1, 0, 0
7912, 26333, 1, 0, 0
8000, 22572, 1, 0, 0
8101, 22955, 1, 0, 0
8200, 21937, 1, 0, 0
8303, 23422, 1, 0, 0
8402, 29138, 1, 0, 0
8507, 26168, 1, 0, 0
8601, 27463, 1, 0, 0
8700, 26364, 1, 0, 0
8808, 24191, 1, 0, 0
8902, 21651, 1, 0, 0
9000, 27267, 1, 0, 0
9100, 24548, 1, 0, 0
9200, 26587, 1, 0, 0
9300, 25072, 1, 0, 0
9402, 28409, 1, 0, 0
9500, 27596, 1, 0, 0
9602, 24161, 1, 0, 0
9702, 28652, 1, 0, 0
9801, 28595, 1, 0, 0
9910, 24746, 1, 0, 0
10001, 24999, 1, 0, 0
10100, 24050, 1, 0, 0
10202, 23893, 1, 0, 0
10303, 27176, 1, 0, 0
10401, 25629, 1, 0, 0
10500, 22806, 1, 0, 0
10600, 24731, 1, 0, 0
10701, 27596, 1, 0, 0
10802, 28956, 1, 0, 0
10910, 28094, 1, 0, 0
11000, 25842, 1, 0, 0
11101, 32934, 1, 0, 0
11209, 28085, 1, 0, 0
11304, 30461, 1, 0, 0
11410, 24082, 1, 0, 0
11506, 31532, 1, 0, 0
11603, 28008, 1, 0, 0
11702, 25299, 1, 0, 0
11806, 33584, 1, 0, 0
11901, 30525, 1, 0, 0
12001, 30145, 1, 0, 0
12102, 27862, 1, 0, 0
12201, 27301, 1, 0, 0
12308, 27846, 1, 0, 0
12404, 25542, 1, 0, 0
12500, 26946, 1, 0, 0
12606, 28696, 1, 0, 0
12703, 32188, 1, 0, 0
12801, 28308, 1, 0, 0
12903, 25256, 1, 0, 0
13001, 24068, 1, 0, 0
13102, 29304, 1, 0, 0
13202, 22328, 1, 0, 0
13300, 23006, 1, 0, 0
13401, 22180, 1, 0, 0
13500, 25011, 1, 0, 0
13616, 26560, 1, 0, 0
13702, 19860, 1, 0, 0
13805, 26508, 1, 0, 0
13902, 26778, 1, 0, 0
14001, 23852, 1, 0, 0
14100, 26425, 1, 0, 0
14202, 23227, 1, 0, 0
14303, 25887, 1, 0, 0
14400, 25602, 1, 0, 0
14503, 27824, 1, 0, 0
14601, 24828, 1, 0, 0
14701, 27943, 1, 0, 0
14807, 25287, 1, 0, 0
14900, 24628, 1, 0, 0
15001, 23273, 1, 0, 0
15100, 27778, 1, 0, 0
15200, 25007, 1, 0, 0
15300, 22525, 1, 0, 0
15400, 23945, 1, 0, 0
15505, 30041, 1, 0, 0
15606, 26741, 1, 0, 0
15703, 24998, 1, 0, 0
15804, 27582, 1, 0, 0
15907, 23643, 1, 0, 0
16000, 27839, 1, 0, 0
16100, 25875, 1, 0, 0
16200, 22883, 1, 0, 0
16302, 23669, 1, 0, 0
16400, 25752, 1, 0, 0
16501, 22855, 1, 0, 0
16601, 25824, 1, 0, 0
16700, 25682, 1, 0, 0
16800, 26456, 1, 0, 0
16901, 20473, 1, 0, 0
17003, 22753, 1, 0, 0
17105, 25717, 1, 0, 0
17201, 26711, 1, 0, 0
17301, 23711, 1, 0, 0
17414, 24545, 1, 0, 0
17503, 28179, 1, 0, 0
17601, 26573, 1, 0, 0
17700, 26531, 1, 0, 0
17802, 23192, 1, 0, 0
17900, 21352, 1, 0, 0
18000, 31484, 1, 0, 0
18100, 31903, 1, 0, 0
18212, 21845, 1, 0, 0
18309, 24683, 1, 0, 0
18408, 20921, 1, 0, 0
18504, 26427, 1, 0, 0
18601, 25869, 1, 0, 0
18701, 23154, 1, 0, 0
18800, 24476, 1, 0, 0
18904, 24321, 1, 0, 0
19002, 26810, 1, 0, 0
19102, 27836, 1, 0, 0
19201, 25071, 1, 0, 0
19300, 26364, 1, 0, 0
19402, 26006, 1, 0, 0
19501, 24967, 1, 0, 0
19600, 25097, 1, 0, 0
19701, 28898, 1, 0, 0
19801, 26540, 1, 0, 0
19901, 29104, 1, 0, 0
20000, 24904, 1, 0, 0
20101, 28126, 1, 0, 0
20201, 27743, 1, 0, 0
20317, 25039, 1, 0, 0
20400, 21098, 1, 0, 0
20501, 23462, 1, 0, 0
20600, 24595, 1, 0, 0
20705, 26496, 1, 0, 0
20801, 25608, 1, 0, 0
20900, 25295, 1, 0, 0
21001, 26599, 1, 0, 0
21101, 23714, 1, 0, 0
21202, 21174, 1, 0, 0
21300, 23773, 1, 0, 0
21403, 24333, 1, 0, 0
21502, 26024, 1, 0, 0
21600, 23355, 1, 0, 0
21703, 29431, 1, 0, 0
21800, 30483, 1, 0, 0
21906, 27944, 1, 0, 0
22001, 25034, 1, 0, 0
22100, 26475, 1, 0, 0
22204, 26552, 1, 0, 0
22303, 25945, 1, 0, 0
22401, 26858, 1, 0, 0
22500, 27198, 1, 0, 0
22604, 26046, 1, 0, 0
22702, 22582, 1, 0, 0
22802, 26142, 1, 0, 0
22904, 28494, 1, 0, 0
23002, 29354, 1, 0, 0
23101, 26304, 1, 0, 0
23200, 25370, 1, 0, 0
23300, 29314, 1, 0, 0
23400, 25059, 1, 0, 0
23503, 29191, 1, 0, 0
23606, 23811, 1, 0, 0
23702, 28847, 1, 0, 0
23802, 22681, 1, 0, 0
23900, 28542, 1, 0, 0
24000, 26852, 1, 0, 0
24106, 27030, 1, 0, 0
24201, 23852, 1, 0, 0
24300, 30497, 1, 0, 0
24403, 28714, 1, 0, 0
24500, 21939, 1, 0, 0
24600, 26706, 1, 0, 0
24700, 24316, 1, 0, 0
24802, 26142, 1, 0, 0
24902, 23046, 1, 0, 0
25000, 23035, 1, 0, 0
25101, 32983, 1, 0, 0
25201, 26982, 1, 0, 0
25307, 27748, 1, 0, 0
25405, 28023, 1, 0, 0
25500, 31554, 1, 0, 0
25610, 31046, 1, 0, 0
25707, 25482, 1, 0, 0
25803, 28820, 1, 0, 0
25901, 27524, 1, 0, 0
26000, 28973, 1, 0, 0
26110, 29892, 1, 0, 0
26206, 26477, 1, 0, 0
26301, 26394, 1, 0, 0
26433, 27244, 1, 0, 0
26510, 27293, 1, 0, 0
26606, 30737, 1, 0, 0
26707, 30012, 1, 0, 0
26801, 24170, 1, 0, 0
26900, 22955, 1, 0, 0
27000, 26739, 1, 0, 0
27108, 27894, 1, 0, 0
27202, 30899, 1, 0, 0
27304, 27574, 1, 0, 0
27401, 23942, 1, 0, 0
27500, 26968, 1, 0, 0
27607, 26234, 1, 0, 0
27702, 28835, 1, 0, 0
27803, 26800, 1, 0, 0
27901, 30923, 1, 0, 0
28002, 25533, 1, 0, 0
28100, 28314, 1, 0, 0
28202, 24636, 1, 0, 0
28301, 28526, 1, 0, 0
28401, 25222, 1, 0, 0
28502, 26310, 1, 0, 0
28600, 25958, 1, 0, 0
28707, 26929, 1, 0, 0
28800, 29524, 1, 0, 0
28900, 23817, 1, 0, 0
29003, 24005, 1, 0, 0
29102, 25436, 1, 0, 0
29202, 25462, 1, 0, 0
29301, 26928, 1, 0, 0
29402, 19467, 1, 0, 0
29502, 21285, 1, 0, 0
29600, 26221, 1, 0, 0
29700, 23409, 1, 0, 0
29801, 22579, 1, 0, 0
29902, 27274, 1, 0, 0
30016, 25949, 1, 0, 0
30101, 29198, 1, 0, 0
30208, 28667, 1, 0, 0
30310, 25927, 1, 0, 0
30409, 26720, 1, 0, 0
30504, 29538, 1, 0, 0
30601, 30218, 1, 0, 0
30702, 25970, 1, 0, 0
30800, 30928, 1, 0, 0
30901, 24527, 1, 0, 0
31001, 23907, 1, 0, 0
31100, 25841, 1, 0, 0
31201, 29507, 1, 0, 0
31303, 30250, 1, 0, 0
31402, 28928, 1, 0, 0
31501, 28033, 1, 0, 0
31602, 23663, 1, 0, 0
31700, 24630, 1, 0, 0
31801, 25288, 1, 0, 0
31901, 27569, 1, 0, 0
32002, 24254, 1, 0, 0
32100, 23588, 1, 0, 0
32210, 23311, 1, 0, 0
32300, 22469, 1, 0, 0
32408, 23894, 1, 0, 0
32501, 23132, 1, 0, 0
32606, 25840, 1, 0, 0
32702, 28634, 1, 0, 0
32806, 30604, 1, 0, 0
32900, 28300, 1, 0, 0
33002, 23341, 1, 0, 0
33100, 24678, 1, 0, 0
33201, 25884, 1, 0, 0
33307, 30144, 1, 0, 0
33400, 25553, 1, 0, 0
33500, 26496, 1, 0, 0
33600, 24338, 1, 0, 0
33700, 24246, 1, 0, 0
33800, 23766, 1, 0, 0
33906, 24552, 1, 0, 0
34001, 29030, 1, 0, 0
34102, 26494, 1, 0, 0
34202, 28257, 1, 0, 0
34301, 23922, 1, 0, 0
34409, 30369, 1, 0, 0
34506, 25025, 1, 0, 0
34602, 29468, 1, 0, 0
34706, 26817, 1, 0, 0
34801, 33529, 1, 0, 0
34908, 29430, 1, 0, 0
35006, 27853, 1, 0, 0
35106, 27326, 1, 0, 0
35206, 25655, 1, 0, 0
35306, 26235, 1, 0, 0
35404, 29302, 1, 0, 0
35501, 26106, 1, 0, 0
35608, 24872, 1, 0, 0
35700, 24069, 1, 0, 0
35804, 25176, 1, 0, 0
35911, 26775, 1, 0, 0
36001, 30272, 1, 0, 0
36103, 26966, 1, 0, 0
36204, 26448, 1, 0, 0
36301, 23701, 1, 0, 0
36401, 32087, 1, 0, 0
36501, 28156, 1, 0, 0
36608, 26659, 1, 0, 0
36704, 31385, 1, 0, 0
36803, 27766, 1, 0, 0
36902, 37127, 1, 0, 0
37000, 29404, 1, 0, 0
37101, 26426, 1, 0, 0
37202, 26874, 1, 0, 0
37301, 28682, 1, 0, 0
37409, 31167, 1, 0, 0
37508, 24973, 1, 0, 0
37604, 30786, 1, 0, 0
37703, 33740, 1, 0, 0
37811, 29341, 1, 0, 0
37902, 28497, 1, 0, 0
38000, 28302, 1, 0, 0
38100, 25072, 1, 0, 0
38201, 30561, 1, 0, 0
38309, 39296, 1, 0, 0
38400, 35956, 1, 0, 0
38501, 23753, 1, 0, 0
38601, 29590, 1, 0, 0
38700, 27483, 1, 0, 0
38800, 27291, 1, 0, 0
38907, 27739, 1, 0, 0
39001, 27992, 1, 0, 0
39101, 29941, 1, 0, 0
39200, 27751, 1, 0, 0
39302, 27398, 1, 0, 0
39400, 27428, 1, 0, 0
39501, 23404, 1, 0, 0
39600, 26157, 1, 0, 0
39700, 25012, 1, 0, 0
39801, 28039, 1, 0, 0
39904, 28121, 1, 0, 0
40012, 28518, 1, 0, 0
40101, 24116, 1, 0, 0
40200, 29184, 1, 0, 0
40309, 29216, 1, 0, 0
40405, 27449, 1, 0, 0
40500, 48999, 1, 0, 0
40601, 40121, 1, 0, 0
40700, 50132, 1, 0, 0
40809, 46566, 1, 0, 0
40904, 36333, 1, 0, 0
41000, 24240, 1, 0, 0
41101, 25717, 1, 0, 0
41207, 25406, 1, 0, 0
41300, 25468, 1, 0, 0
41407, 26396, 1, 0, 0
41500, 27475, 1, 0, 0
41604, 26558, 1, 0, 0
41701, 27892, 1, 0, 0
41811, 27344, 1, 0, 0
41908, 28700, 1, 0, 0
42000, 28852, 1, 0, 0
42101, 24761, 1, 0, 0
42211, 28782, 1, 0, 0
42300, 28154, 1, 0, 0
42400, 26028, 1, 0, 0
42500, 30380, 1, 0, 0
42601, 30819, 1, 0, 0
42700, 31848, 1, 0, 0
42800, 27893, 1, 0, 0
42916, 22477, 1, 0, 0
43000, 26682, 1, 0, 0
43101, 27460, 1, 0, 0
43204, 27824, 1, 0, 0
43300, 23001, 1, 0, 0
43402, 27201, 1, 0, 0
43503, 27466, 1, 0, 0
43603, 27710, 1, 0, 0
43701, 28198, 1, 0, 0
43802, 27880, 1, 0, 0
43901, 29693, 1, 0, 0
44004, 24168, 1, 0, 0
44101, 27537, 1, 0, 0
44202, 25534, 1, 0, 0
44301, 27185, 1, 0, 0
44401, 28376, 1, 0, 0
44500, 28337, 1, 0, 0
44616, 24772, 1, 0, 0
44706, 25959, 1, 0, 0
44802, 33121, 1, 0, 0
44901, 32495, 1, 0, 0
45002, 27458, 1, 0, 0
45106, 28967, 1, 0, 0
45200, 24340, 1, 0, 0
45312, 26833, 1, 0, 0
45401, 29520, 1, 0, 0
45501, 28611, 1, 0, 0
45601, 27812, 1, 0, 0
45700, 27509, 1, 0, 0
45801, 25580, 1, 0, 0
45900, 26935, 1, 0, 0
46002, 28529, 1, 0, 0
46100, 25949, 1, 0, 0
46203, 24445, 1, 0, 0
46300, 27044, 1, 0, 0
46400, 26373, 1, 0, 0
46500, 27293, 1, 0, 0
46602, 27642, 1, 0, 0
46700, 25277, 1, 0, 0
46802, 28455, 1, 0, 0
46900, 25477, 1, 0, 0
47001, 26231, 1, 0, 0
47100, 27758, 1, 0, 0
47202, 24803, 1, 0, 0
47300, 24983, 1, 0, 0
47401, 29319, 1, 0, 0
47501, 26282, 1, 0, 0
47602, 24009, 1, 0, 0
47701, 28891, 1, 0, 0
47804, 25332, 1, 0, 0
47902, 24060, 1, 0, 0
48000, 25456, 1, 0, 0
48100, 25758, 1, 0, 0
48204, 28374, 1, 0, 0
48303, 25973, 1, 0, 0
48400, 30089, 1, 0, 0
48501, 22371, 1, 0, 0
48608, 26342, 1, 0, 0
48702, 29840, 1, 0, 0
48805, 24194, 1, 0, 0
48904, 24349, 1, 0, 0
49001, 22136, 1, 0, 0
49100, 25979, 1, 0, 0
49201, 25139, 1, 0, 0
49302, 32014, 1, 0, 0
49409, 28201, 1, 0, 0
49506, 28195, 1, 0, 0
49604, 23868, 1, 0, 0
49703, 26760, 1, 0, 0
49810, 27600, 1, 0, 0
49901, 24750, 1, 0, 0
50001, 27841, 1, 0, 0
50101, 26204, 1, 0, 0
50200, 24814, 1, 0, 0
50302, 29365, 1, 0, 0
50401, 30116, 1, 0, 0
50501, 25072, 1, 0, 0
50611, 26207, 1, 0, 0
50709, 30380, 1, 0, 0
50811, 25975, 1, 0, 0
50904, 23164, 1, 0, 0
51010, 28698, 1, 0, 0
51112, 31329, 1, 0, 0
51200, 31084, 1, 0, 0
51302, 26165, 1, 0, 0
51404, 26661, 1, 0, 0
51502, 29201, 1, 0, 0
51600, 25062, 1, 0, 0
51701, 29015, 1, 0, 0
51808, 30729, 1, 0, 0
51928, 35802, 1, 0, 0
52009, 45636, 1, 0, 0
52104, 33475, 1, 0, 0
52202, 26907, 1, 0, 0
52303, 28716, 1, 0, 0
52402, 33044, 1, 0, 0
52502, 24509, 1, 0, 0
52601, 31393, 1, 0, 0
52700, 30544, 1, 0, 0
52801, 28907, 1, 0, 0
52901, 27432, 1, 0, 0
53009, 28073, 1, 0, 0
53105, 28026, 1, 0, 0
53208, 30860, 1, 0, 0
53301, 28022, 1, 0, 0
53400, 27704, 1, 0, 0
53500, 24617, 1, 0, 0
53611, 26413, 1, 0, 0
53700, 23779, 1, 0, 0
53800, 26952, 1, 0, 0
53900, 27285, 1, 0, 0
54000, 24146, 1, 0, 0
54100, 30615, 1, 0, 0
54203, 29351, 1, 0, 0
54308, 26180, 1, 0, 0
54400, 25656, 1, 0, 0
54505, 28067, 1, 0, 0
54600, 25907, 1, 0, 0
54700, 27510, 1, 0, 0
54800, 28516, 1, 0, 0
54900, 30487, 1, 0, 0
55001, 27185, 1, 0, 0
55103, 23928, 1, 0, 0
55201, 30424, 1, 0, 0
55302, 27085, 1, 0, 0
55401, 25793, 1, 0, 0
55504, 26241, 1, 0, 0
55601, 25110, 1, 0, 0
55706, 24853, 1, 0, 0
55803, 28274, 1, 0, 0
55901, 29005, 1, 0, 0
56005, 27818, 1, 0, 0
56100, 28159, 1, 0, 0
56206, 31080, 1, 0, 0
56309, 27685, 1, 0, 0
56401, 24913, 1, 0, 0
56503, 25459, 1, 0, 0
56601, 27274, 1, 0, 0
56701, 28535, 1, 0, 0
56803, 25672, 1, 0, 0
56900, 29967, 1, 0, 0
57003, 25697, 1, 0, 0
57101, 27954, 1, 0, 0
57210, 26846, 1, 0, 0
57300, 27113, 1, 0, 0
57405, 28026, 1, 0, 0
57508, 25381, 1, 0, 0
57600, 24795, 1, 0, 0
57702, 22766, 1, 0, 0
57801, 25517, 1, 0, 0
57903, 30705, 1, 0, 0
58000, 39592, 1, 0, 0
58102, 49106, 1, 0, 0
58201, 28959, 1, 0, 0
58310, 27974, 1, 0, 0
58403, 24998, 1, 0, 0
58501, 31843, 1, 0, 0
58611, 30843, 1, 0, 0
58706, 25179, 1, 0, 0
58800, 25671, 1, 0, 0
58937, 29546, 1, 0, 0
59002, 26032, 1, 0, 0
59100, 25856, 1, 0, 0
59205, 27329, 1, 0, 0
59302, 21749, 1, 0, 0
59406, 26773, 1, 0, 0
59500, 26289, 1, 0, 0
59608, 26515, 1, 0, 0
59707, 25269, 1, 0, 0
59809, 27677, 1, 0, 0
59901, 25483, 1, 0, 0
60000, 28444, 1, 0, 0
60109, 25497, 1, 0, 0
60206, 26164, 1, 0, 0
60301, 29047, 1, 0, 0
60401, 26157, 1, 0, 0
60511, 23545, 1, 0, 0
60600, 26381, 1, 0, 0
60700, 27772, 1, 0, 0
60800, 23639, 1, 0, 0
60905, 29300, 1, 0, 0
61006, 29743, 1, 0, 0
61101, 24732, 1, 0, 0
61200, 26487, 1, 0, 0
61305, 32734, 1, 0, 0
61401, 28241, 1, 0, 0
61500, 30662, 1, 0, 0
61600, 29026, 1, 0, 0
61707, 26464, 1, 0, 0
61805, 27980, 1, 0, 0
61903, 27228, 1, 0, 0
62001, 26566, 1, 0, 0
62100, 28549, 1, 0, 0
62202, 27414, 1, 0, 0
62301, 29984, 1, 0, 0
62401, 26694, 1, 0, 0
62500, 28983, 1, 0, 0
62601, 28742, 1, 0, 0
62706, 24427, 1, 0, 0
62806, 25330, 1, 0, 0
62901, 23686, 1, 0, 0
63000, 28153, 1, 0, 0
63100, 23457, 1, 0, 0
63201, 23652, 1, 0, 0
63305, 24664, 1, 0, 0
63401, 26459, 1, 0, 0
63512, 27777, 1, 0, 0
63606, 28311, 1, 0, 0
63703, 24059, 1, 0, 0
63802, 26868, 1, 0, 0
63911, 22216, 1, 0, 0
64001, 24009, 1, 0, 0
64104, 27631, 1, 0, 0
64200, 26526, 1, 0, 0
64300, 25211, 1, 0, 0
64401, 22797, 1, 0, 0
64503, 25446, 1, 0, 0
64600, 21017, 1, 0, 0
64700, 24109, 1, 0, 0
64801, 28029, 1, 0, 0
64900, 26435, 1, 0, 0
65014, 26343, 1, 0, 0
65104, 26033, 1, 0, 0
65202, 21859, 1, 0, 0
65302, 21944, 1, 0, 0
65401, 25125, 1, 0, 0
65504, 29430, 1, 0, 0
65602, 27466, 1, 0, 0
65701, 28852, 1, 0, 0
65801, 29441, 1, 0, 0
65900, 25921, 1, 0, 0
66001, 26934, 1, 0, 0
66100, 26193, 1, 0, 0
66200, 29032, 1, 0, 0
66301, 38139, 1, 0, 0
66401, 24968, 1, 0, 0
66502, 21830, 1, 0, 0
66605, 27909, 1, 0, 0
66702, 29868, 1, 0, 0
66800, 27606, 1, 0, 0
66900, 30319, 1, 0, 0
67001, 30258, 1, 0, 0
67102, 24176, 1, 0, 0
67201, 24408, 1, 0, 0
67302, 20601, 1, 0, 0
67401, 22696, 1, 0, 0
67500, 20195, 1, 0, 0
67600, 20371, 1, 0, 0
67714, 20134, 1, 0, 0
67801, 25880, 1, 0, 0
67902, 22413, 1, 0, 0
68000, 23054, 1, 0, 0
68101, 20311, 1, 0, 0
68201, 21651, 1, 0, 0
68301, 19441, 1, 0, 0
68400, 21855, 1, 0, 0
68506, 26287, 1, 0, 0
68603, 21356, 1, 0, 0
68700, 23203, 1, 0, 0
68801, 18705, 1, 0, 0
68902, 22254, 1, 0, 0
69001, 19431, 1, 0, 0
69102, 18711, 1, 0, 0
69202, 21273, 1, 0, 0
69301, 18910, 1, 0, 0
69400, 22059, 1, 0, 0
69500, 20436, 1, 0, 0
69600, 19819, 1, 0, 0
69702, 18514, 1, 0, 0
69801, 22749, 1, 0, 0
69903, 23674, 1, 0, 0
70003, 19879, 1, 0, 0
70107, 21045, 1, 0, 0
70200, 20817, 1, 0, 0
70301, 19739, 1, 0, 0
70402, 24308, 1, 0, 0
70503, 27989, 1, 0, 0
70600, 22165, 1, 0, 0
70704, 20930, 1, 0, 0
70806, 25054, 1, 0, 0
70901, 23821, 1, 0, 0
71002, 24238, 1, 0, 0
71102, 19677, 1, 0, 0
71200, 23241, 1, 0, 0
71302, 23436, 1, 0, 0
71400, 18380, 1, 0, 0
71500, 26540, 1, 0, 0
71601, 23773, 1, 0, 0
71700, 20730, 1, 0, 0
71801, 19319, 1, 0, 0
71902, 19918, 1, 0, 0
72011, 24513, 1, 0, 0
72100, 25718, 1, 0, 0
72201, 21495, 1, 0, 0
72301, 20511, 1, 0, 0
72404, 27644, 1, 0, 0
72501, 21507, 1, 0, 0
72608, 33446, 1, 0, 0
72700, 24836, 1, 0, 0
72811, 21603, 1, 0, 0
72910, 20358, 1, 0, 0
73008, 21252, 1, 0, 0
73100, 29923, 1, 0, 0
73204, 24253, 1, 0, 0
73300, 22268, 1, 0, 0
73402, 21532, 1, 0, 0
73503, 19950, 1, 0, 0
73600, 25157, 1, 0, 0
73701, 19824, 1, 0, 0
73800, 20928, 1, 0, 0
73901, 35790, 1, 0, 0
74000, 41273, 1, 0, 0
74101, 31354, 1, 0, 0
74200, 26805, 1, 0, 0
74301, 24387, 1, 0, 0
74408, 19719, 1, 0, 0
74500, 19445, 1, 0, 0
74602, 20446, 1, 0, 0
74700, 27505, 1, 0, 0
74803, 21328, 1, 0, 0
74904, 19340, 1, 0, 0
75002, 25249, 1, 0, 0
75104, 22627, 1, 0, 0
75205, 20927, 1, 0, 0
75304, 20685, 1, 0, 0
75403, 19638, 1, 0, 0
75500, 21143, 1, 0, 0
75603, 21363, 1, 0, 0
75700, 21757, 1, 0, 0
75809, 23059, 1, 0, 0
75900, 19514, 1, 0, 0
76008, 20809, 1, 0, 0
76101, 22715, 1, 0, 0
76200, 24608, 1, 0, 0
76300, 22595, 1, 0, 0
76401, 19132, 1, 0, 0
76500, 19488, 1, 0, 0
76606, 26789, 1, 0, 0
76702, 23717, 1, 0, 0
76803, 19024, 1, 0, 0
76901, 20137, 1, 0, 0
77004, 19503, 1, 0, 0
77102, 19104, 1, 0, 0
77200, 21980, 1, 0, 0
77300, 19934, 1, 0, 0
77400, 18978, 1, 0, 0
77500, 22061, 1, 0, 0
77607, 27485, 1, 0, 0
77702, 20965, 1, 0, 0
77800, 24119, 1, 0, 0
77911, 22484, 1, 0, 0
78008, 21180, 1, 0, 0
78106, 24454, 1, 0, 0
78204, 26234, 1, 0, 0
78302, 26169, 1, 0, 0
78400, 30228, 1, 0, 0
78501, 21516, 1, 0, 0
78600, 20131, 1, 0, 0
78702, 21767, 1, 0, 0
78801, 28510, 1, 0, 0
78908, 27644, 1, 0, 0
79008, 26733, 1, 0, 0
79103, 25065, 1, 0, 0
79202, 25719, 1, 0, 0
79300, 28290, 1, 0, 0
79402, 22411, 1, 0, 0
79501, 26706, 1, 0, 0
79610, 30929, 1, 0, 0
79708, 30784, 1, 0, 0
79807, 29025, 1, 0, 0
79906, 24596, 1, 0, 0
80005, 21725, 1, 0, 0
80105, 24951, 1, 0, 0
80201, 19392, 1, 0, 0
80300, 20478, 1, 0, 0
80401, 20290, 1, 0, 0
80500, 22659, 1, 0, 0
80608, 19164, 1, 0, 0
80700, 21044, 1, 0, 0
80800, 21202, 1, 0, 0
80900, 21125, 1, 0, 0
81001, 25961, 1, 0, 0
81100, 21906, 1, 0, 0
81202, 24718, 1, 0, 0
81301, 19759, 1, 0, 0
81401, 20667, 1, 0, 0
81500, 20575, 1, 0, 0
81602, 25573, 1, 0, 0
81700, 24012, 1, 0, 0
81800, 21706, 1, 0, 0
81901, 23769, 1, 0, 0
82002, 20525, 1, 0, 0
82112, 22225, 1, 0, 0
82200, 20201, 1, 0, 0
82302, 22317, 1, 0, 0
82401, 27752, 1, 0, 0
82502, 25815, 1, 0, 0
82600, 23990, 1, 0, 0
82701, 22453, 1, 0, 0
82805, 21516, 1, 0, 0
82901, 21321, 1, 0, 0
83005, 21872, 1, 0, 0
83102, 22079, 1, 0, 0
83203, 21467, 1, 0, 0
83302, 27297, 1, 0, 0
83400, 19189, 1, 0, 0
83501, 22206, 1, 0, 0
83602, 19941, 1, 0, 0
83702, 24797, 1, 0, 0
83802, 25264, 1, 0, 0
83901, 25358, 1, 0, 0
84000, 23926, 1, 0, 0
84102, 19473, 1, 0, 0
84200, 22551, 1, 0, 0
84301, 23573, 1, 0, 0
84401, 20118, 1, 0, 0
84501, 21411, 1, 0, 0
84612, 21451, 1, 0, 0
84700, 21927, 1, 0, 0
84800, 21511, 1, 0, 0
84907, 27683, 1, 0, 0
85002, 24908, 1, 0, 0
85104, 21871, 1, 0, 0
85204, 20645, 1, 0, 0
85301, 25735, 1, 0, 0
85400, 24131, 1, 0, 0
85501, 25480, 1, 0, 0
85606, 28956, 1, 0, 0
85701, 21673, 1, 0, 0
85802, 23809, 1, 0, 0
85900, 31229, 1, 0, 0
86001, 22180, 1, 0, 0
86100, 26638, 1, 0, 0
86201, 34798, 1, 0, 0
86300, 32207, 1, 0, 0
86405, 39260, 1, 0, 0
86501, 21606, 1, 0, 0
86602, 20246, 1, 0, 0
86700, 25459, 1, 0, 0
86803, 24066, 1, 0, 0
86900, 26141, 1, 0, 0
87005, 23019, 1, 0, 0
87101, 29431, 1, 0, 0
87200, 24955, 1, 0, 0
87301, 24289, 1, 0, 0
87400, 22557, 1, 0, 0
87501, 19905, 1, 0, 0
87600, 22979, 1, 0, 0
87701, 24393, 1, 0, 0
87802, 19647, 1, 0, 0
87900, 20127, 1, 0, 0
88003, 21366, 1, 0, 0
88107, 21532, 1, 0, 0
88201, 24052, 1, 0, 0
88302, 21650, 1, 0, 0
88400, 22867, 1, 0, 0
88500, 21873, 1, 0, 0
88614, 20993, 1, 0, 0
88707, 20659, 1, 0, 0
88807, 24375, 1, 0, 0
88901, 22043, 1, 0, 0
89004, 19427, 1, 0, 0
89101, 20846, 1, 0, 0
89204, 24779, 1, 0, 0
89303, 19689, 1, 0, 0
89402, 22737, 1, 0, 0
89501, 22463, 1, 0, 0
89611, 19664, 1, 0, 0
89707, 21423, 1, 0, 0
89802, 24144, 1, 0, 0
89900, 24673, 1, 0, 0
90010, 21168, 1, 0, 0
