250, 45056, 1, 0, 0
350, 43840, 1, 0, 0
450, 35520, 1, 0, 0
550, 42560, 1, 0, 0
650, 43520, 1, 0, 0
749, 36525, 1, 0, 0
849, 30720, 1, 0, 0
949, 10560, 1, 0, 0
1049, 19840, 1, 0, 0
1149, 50880, 1, 0, 0
1250, 38400, 1, 0, 0
1350, 40960, 1, 0, 0
1450, 39680, 1, 0, 0
1550, 38400, 1, 0, 0
1650, 46080, 1, 0, 0
1749, 44606, 1, 0, 0
1849, 20480, 1, 0, 0
1949, 40000, 1, 0, 0
2049, 29120, 1, 0, 0
2149, 38400, 1, 0, 0
2249, 36160, 1, 0, 0
2350, 36800, 1, 0, 0
2450, 45760, 1, 0, 0
2550, 38720, 1, 0, 0
2650, 32960, 1, 0, 0
2749, 46868, 1, 0, 0
2849, 39680, 1, 0, 0
2949, 31040, 1, 0, 0
3049, 39040, 1, 0, 0
3149, 35520, 1, 0, 0
3249, 36160, 1, 0, 0
3349, 35200, 1, 0, 0
3449, 36480, 1, 0, 0
3550, 44160, 1, 0, 0
3650, 36160, 1, 0, 0
3749, 32646, 1, 0, 0
3849, 32640, 1, 0, 0
3949, 42240, 1, 0, 0
4049, 43520, 1, 0, 0
4149, 39360, 1, 0, 0
4249, 35520, 1, 0, 0
4349, 40320, 1, 0, 0
4449, 44800, 1, 0, 0
4549, 42560, 1, 0, 0
4649, 45760, 1, 0, 0
4750, 32320, 1, 0, 0
4850, 21760, 1, 0, 0
4950, 6400, 1, 0, 0
5050, 40000, 1, 0, 0
5150, 38720, 1, 0, 0
5249, 31353, 1, 0, 0
5349, 47360, 1, 0, 0
5449, 49600, 1, 0, 0
5550, 45120, 1, 0, 0
5650, 36160, 1, 0, 0
5749, 46222, 1, 0, 0
5849, 23680, 1, 0, 0
5949, 33280, 1, 0, 0
6049, 18240, 1, 0, 0
6149, 40320, 1, 0, 0
6249, 41600, 1, 0, 0
6349, 37120, 1, 0, 0
6449, 35520, 1, 0, 0
6549, 40000, 1, 0, 0
6649, 44480, 1, 0, 0
6750, 39040, 1, 0, 0
6850, 36480, 1, 0, 0
6950, 27840, 1, 0, 0
7050, 23680, 1, 0, 0
7150, 30720, 1, 0, 0
7249, 42666, 1, 0, 0
7349, 28160, 1, 0, 0
7449, 42880, 1, 0, 0
7549, 38080, 1, 0, 0
7649, 38400, 1, 0, 0
7749, 36800, 1, 0, 0
7849, 40960, 1, 0, 0
7949, 33920, 1, 0, 0
8050, 39360, 1, 0, 0
8150, 43840, 1, 0, 0
8249, 42666, 1, 0, 0
8349, 46400, 1, 0, 0
8449, 41600, 1, 0, 0
8549, 40000, 1, 0, 0
8649, 41600, 1, 0, 0
8749, 44480, 1, 0, 0
8849, 40320, 1, 0, 0
8949, 37440, 1, 0, 0
9049, 32640, 1, 0, 0
9149, 42880, 1, 0, 0
9250, 40000, 1, 0, 0
9350, 48960, 1, 0, 0
9450, 40640, 1, 0, 0
9550, 30080, 1, 0, 0
9650, 32960, 1, 0, 0
9749, 42020, 1, 0, 0
9849, 23040, 1, 0, 0
9949, 31680, 1, 0, 0
10049, 1600, 1, 0, 0
10149, 31040, 1, 0, 0
10249, 37760, 1, 0, 0
10349, 35840, 1, 0, 0
10450, 45760, 1, 0, 0
10550, 40000, 1, 0, 0
10650, 32000, 1, 0, 0
10749, 37171, 1, 0, 0
10849, 42240, 1, 0, 0
10949, 39040, 1, 0, 0
11049, 11840, 1, 0, 0
11149, 16320, 1, 0, 0
11249, 47680, 1, 0, 0
11349, 37440, 1, 0, 0
11449, 45120, 1, 0, 0
11549, 35840, 1, 0, 0
11650, 36480, 1, 0, 0
11749, 39111, 1, 0, 0
11849, 35520, 1, 0, 0
11949, 32640, 1, 0, 0
12049, 26240, 1, 0, 0
12149, 36800, 1, 0, 0
12249, 40320, 1, 0, 0
12349, 40000, 1, 0, 0
12449, 37120, 1, 0, 0
12549, 40640, 1, 0, 0
12649, 43840, 1, 0, 0
12749, 37120, 1, 0, 0
12850, 40000, 1, 0, 0
12950, 39360, 1, 0, 0
13050, 42560, 1, 0, 0
13150, 42560, 1, 0, 0
13249, 41696, 1, 0, 0
13349, 37440, 1, 0, 0
13449, 37120, 1, 0, 0
13549, 40960, 1, 0, 0
13649, 31680, 1, 0, 0
13749, 41600, 1, 0, 0
13849, 45120, 1, 0, 0
13949, 50880, 1, 0, 0
14050, 30720, 1, 0, 0
14150, 31680, 1, 0, 0
14249, 30707, 1, 0, 0
14349, 29440, 1, 0, 0
14449, 43200, 1, 0, 0
14549, 40320, 1, 0, 0
14649, 47360, 1, 0, 0
14749, 38720, 1, 0, 0
14849, 19520, 1, 0, 0
14949, 15040, 1, 0, 0
15049, 12160, 1, 0, 0
15149, 36480, 1, 0, 0
15249, 51520, 1, 0, 0
15350, 39360, 1, 0, 0
15450, 48640, 1, 0, 0
15550, 41280, 1, 0, 0
15650, 37760, 1, 0, 0
15749, 36525, 1, 0, 0
15849, 32960, 1, 0, 0
15949, 23360, 1, 0, 0
16049, 18240, 1, 0, 0
16249, 28800, 1, 0, 0
16349, 21440, 1, 0, 0
16449, 38400, 1, 0, 0
16550, 40960, 1, 0, 0
16650, 42560, 1, 0, 0
16749, 45898, 1, 0, 0
16849, 41920, 1, 0, 0
16949, 28800, 1, 0, 0
17049, 33920, 1, 0, 0
17149, 35520, 1, 0, 0
17249, 36480, 1, 0, 0
17349, 40960, 1, 0, 0
17449, 40640, 1, 0, 0
17549, 34240, 1, 0, 0
17649, 39360, 1, 0, 0
17750, 37440, 1, 0, 0
17850, 40000, 1, 0, 0
17950, 40960, 1, 0, 0
18050, 33920, 1, 0, 0
18150, 39040, 1, 0, 0
18249, 29737, 1, 0, 0
18349, 44160, 1, 0, 0
18449, 42240, 1, 0, 0
18549, 42240, 1, 0, 0
18649, 38720, 1, 0, 0
18749, 36800, 1, 0, 0
18849, 30720, 1, 0, 0
18950, 39680, 1, 0, 0
19050, 30400, 1, 0, 0
19150, 38080, 1, 0, 0
19249, 42989, 1, 0, 0
19349, 39360, 1, 0, 0
19449, 39360, 1, 0, 0
19549, 47040, 1, 0, 0
19649, 48960, 1, 0, 0
19749, 39360, 1, 0, 0
19849, 28800, 1, 0, 0
19949, 28800, 1, 0, 0
20050, 16960, 1, 0, 0
20150, 28160, 1, 0, 0
20249, 40080, 1, 0, 0
20349, 32320, 1, 0, 0
20449, 34560, 1, 0, 0
20549, 49600, 1, 0, 0
20649, 39040, 1, 0, 0
20749, 28800, 1, 0, 0
20849, 42880, 1, 0, 0
20949, 44160, 1, 0, 0
21049, 35840, 1, 0, 0
21149, 11520, 1, 0, 0
21250, 320, 1, 0, 0
21350, 16000, 1, 0, 0
21450, 26880, 1, 0, 0
21550, 24000, 1, 0, 0
21650, 44160, 1, 0, 0
21749, 37171, 1, 0, 0
21849, 38720, 1, 0, 0
21949, 33280, 1, 0, 0
22049, 37120, 1, 0, 0
22149, 43520, 1, 0, 0
22249, 41600, 1, 0, 0
22350, 24320, 1, 0, 0
22450, 37440, 1, 0, 0
22550, 36480, 1, 0, 0
22650, 39360, 1, 0, 0
22749, 44929, 1, 0, 0
22849, 31040, 1, 0, 0
22949, 40320, 1, 0, 0
23049, 38400, 1, 0, 0
23149, 33920, 1, 0, 0
23249, 40320, 1, 0, 0
23349, 30400, 1, 0, 0
23449, 32960, 1, 0, 0
23550, 36480, 1, 0, 0
23650, 26560, 1, 0, 0
23749, 36525, 1, 0, 0
23849, 42240, 1, 0, 0
23949, 40640, 1, 0, 0
24049, 35840, 1, 0, 0
24149, 42560, 1, 0, 0
24249, 44800, 1, 0, 0
24349, 34560, 1, 0, 0
24449, 42880, 1, 0, 0
24549, 39680, 1, 0, 0
24649, 41280, 1, 0, 0
24750, 41280, 1, 0, 0
24850, 35520, 1, 0, 0
24950, 11840, 1, 0, 0
25050, 15360, 1, 0, 0
25150, 8000, 1, 0, 0
25249, 37171, 1, 0, 0
25349, 42880, 1, 0, 0
25449, 36800, 1, 0, 0
25549, 49600, 1, 0, 0
25650, 49600, 1, 0, 0
25749, 33939, 1, 0, 0
25849, 25920, 1, 0, 0
25949, 35520, 1, 0, 0
26049, 39040, 1, 0, 0
26149, 22400, 1, 0, 0
26249, 320, 1, 0, 0
26349, 30400, 1, 0, 0
26449, 46400, 1, 0, 0
26549, 44160, 1, 0, 0
26650, 37120, 1, 0, 0
26750, 26880, 1, 0, 0
26850, 43520, 1, 0, 0
26950, 20800, 1, 0, 0
27050, 35840, 1, 0, 0
27150, 18240, 1, 0, 0
27249, 28444, 1, 0, 0
27349, 43840, 1, 0, 0
27449, 35520, 1, 0, 0
27549, 40000, 1, 0, 0
27649, 39360, 1, 0, 0
27750, 39680, 1, 0, 0
27850, 45440, 1, 0, 0
27950, 48000, 1, 0, 0
28050, 36480, 1, 0, 0
28150, 36480, 1, 0, 0
28249, 31353, 1, 0, 0
28349, 39040, 1, 0, 0
28449, 32640, 1, 0, 0
28549, 41280, 1, 0, 0
28649, 40640, 1, 0, 0
28749, 38720, 1, 0, 0
28849, 41920, 1, 0, 0
28949, 39360, 1, 0, 0
29050, 32960, 1, 0, 0
29150, 35840, 1, 0, 0
29249, 41050, 1, 0, 0
29349, 29440, 1, 0, 0
29449, 33920, 1, 0, 0
29549, 48640, 1, 0, 0
29649, 40320, 1, 0, 0
29749, 42880, 1, 0, 0
29849, 42240, 1, 0, 0
29949, 34240, 1, 0, 0
30049, 33920, 1, 0, 0
30150, 10560, 1, 0, 0
30349, 5120, 1, 0, 0
30449, 16000, 1, 0, 0
30549, 26880, 1, 0, 0
30649, 35520, 1, 0, 0
30749, 38400, 1, 0, 0
30849, 37760, 1, 0, 0
30949, 34560, 1, 0, 0
31050, 33920, 1, 0, 0
31150, 39360, 1, 0, 0
31249, 44282, 1, 0, 0
31349, 41280, 1, 0, 0
31449, 38720, 1, 0, 0
31549, 37760, 1, 0, 0
31649, 38720, 1, 0, 0
31749, 40320, 1, 0, 0
31849, 36800, 1, 0, 0
31949, 31040, 1, 0, 0
32049, 25280, 1, 0, 0
32150, 14720, 1, 0, 0
32250, 39360, 1, 0, 0
32350, 40960, 1, 0, 0
32450, 41600, 1, 0, 0
32550, 32960, 1, 0, 0
32650, 41280, 1, 0, 0
32749, 38464, 1, 0, 0
32849, 34240, 1, 0, 0
32949, 38400, 1, 0, 0
33049, 44160, 1, 0, 0
33149, 41600, 1, 0, 0
33249, 35520, 1, 0, 0
33350, 35840, 1, 0, 0
33450, 34880, 1, 0, 0
33550, 40000, 1, 0, 0
33650, 37760, 1, 0, 0
33749, 42020, 1, 0, 0
33849, 39040, 1, 0, 0
33949, 37440, 1, 0, 0
34049, 44480, 1, 0, 0
34149, 19840, 1, 0, 0
34249, 43840, 1, 0, 0
34349, 35520, 1, 0, 0
34449, 36160, 1, 0, 0
34550, 35840, 1, 0, 0
34650, 39360, 1, 0, 0
34749, 36202, 1, 0, 0
34849, 41920, 1, 0, 0
34949, 34560, 1, 0, 0
35049, 17920, 1, 0, 0
35149, 13440, 1, 0, 0
35349, 640, 1, 0, 0
35449, 10240, 1, 0, 0
35550, 29440, 1, 0, 0
35650, 36480, 1, 0, 0
35749, 32969, 1, 0, 0
35849, 39040, 1, 0, 0
35949, 36480, 1, 0, 0
36049, 44480, 1, 0, 0
36149, 45440, 1, 0, 0
36249, 40000, 1, 0, 0
36349, 42560, 1, 0, 0
36449, 46400, 1, 0, 0
36549, 41600, 1, 0, 0
36649, 37440, 1, 0, 0
36750, 40640, 1, 0, 0
36850, 39680, 1, 0, 0
36950, 34880, 1, 0, 0
37050, 41280, 1, 0, 0
37150, 25280, 1, 0, 0
37249, 28444, 1, 0, 0
37349, 42880, 1, 0, 0
37449, 38400, 1, 0, 0
37549, 43520, 1, 0, 0
37649, 32320, 1, 0, 0
37749, 45120, 1, 0, 0
37849, 24320, 1, 0, 0
37950, 46720, 1, 0, 0
38050, 33280, 1, 0, 0
38150, 37120, 1, 0, 0
38249, 36525, 1, 0, 0
38349, 39360, 1, 0, 0
38449, 39040, 1, 0, 0
38549, 36160, 1, 0, 0
38649, 42240, 1, 0, 0
38749, 37440, 1, 0, 0
38849, 40960, 1, 0, 0
38949, 48320, 1, 0, 0
39049, 38080, 1, 0, 0
39149, 45440, 1, 0, 0
39250, 39040, 1, 0, 0
39350, 38400, 1, 0, 0
39450, 40960, 1, 0, 0
39550, 31360, 1, 0, 0
39650, 37440, 1, 0, 0
39749, 37494, 1, 0, 0
39849, 22400, 1, 0, 0
39949, 51200, 1, 0, 0
40049, 28800, 1, 0, 0
40149, 40640, 1, 0, 0
40249, 7360, 1, 0, 0
40450, 1600, 1, 0, 0
40550, 320, 1, 0, 0
40650, 15680, 1, 0, 0
40749, 9373, 1, 0, 0
40849, 39040, 1, 0, 0
40949, 22720, 1, 0, 0
41049, 44160, 1, 0, 0
41149, 41600, 1, 0, 0
41250, 42880, 1, 0, 0
41350, 42880, 1, 0, 0
41450, 47360, 1, 0, 0
41550, 42240, 1, 0, 0
41650, 44160, 1, 0, 0
41749, 44929, 1, 0, 0
41849, 36800, 1, 0, 0
41949, 35200, 1, 0, 0
42049, 34240, 1, 0, 0
42149, 35200, 1, 0, 0
42249, 18880, 1, 0, 0
42349, 39680, 1, 0, 0
42449, 35840, 1, 0, 0
42550, 37120, 1, 0, 0
42650, 38400, 1, 0, 0
42749, 32646, 1, 0, 0
42849, 38720, 1, 0, 0
42949, 33920, 1, 0, 0
43049, 37440, 1, 0, 0
43149, 42240, 1, 0, 0
43249, 39680, 1, 0, 0
43349, 24640, 1, 0, 0
43449, 43200, 1, 0, 0
43549, 41920, 1, 0, 0
43649, 36800, 1, 0, 0
43750, 35840, 1, 0, 0
43850, 42880, 1, 0, 0
43950, 40320, 1, 0, 0
44050, 42240, 1, 0, 0
44150, 36480, 1, 0, 0
44249, 38464, 1, 0, 0
44349, 39040, 1, 0, 0
44449, 38720, 1, 0, 0
44549, 31360, 1, 0, 0
44649, 34560, 1, 0, 0
44749, 37760, 1, 0, 0
44849, 42560, 1, 0, 0
44950, 33280, 1, 0, 0
45050, 29440, 1, 0, 0
45150, 38720, 1, 0, 0
45249, 17454, 1, 0, 0
45349, 1920, 1, 0, 0
45449, 8000, 1, 0, 0
45549, 37760, 1, 0, 0
45649, 36160, 1, 0, 0
45749, 43520, 1, 0, 0
45849, 47040, 1, 0, 0
45949, 42880, 1, 0, 0
46050, 37760, 1, 0, 0
46150, 38080, 1, 0, 0
46249, 37494, 1, 0, 0
46349, 15360, 1, 0, 0
46449, 45440, 1, 0, 0
46549, 41600, 1, 0, 0
46649, 35840, 1, 0, 0
46749, 21440, 1, 0, 0
46849, 40320, 1, 0, 0
46949, 40960, 1, 0, 0
47049, 24960, 1, 0, 0
47149, 32000, 1, 0, 0
47250, 14400, 1, 0, 0
47350, 40640, 1, 0, 0
47450, 39680, 1, 0, 0
47550, 39040, 1, 0, 0
47650, 37440, 1, 0, 0
47749, 40080, 1, 0, 0
47849, 39680, 1, 0, 0
47949, 42880, 1, 0, 0
48049, 39360, 1, 0, 0
48149, 40320, 1, 0, 0
48249, 35200, 1, 0, 0
48349, 41600, 1, 0, 0
48450, 39680, 1, 0, 0
48550, 36480, 1, 0, 0
48650, 41600, 1, 0, 0
48749, 27474, 1, 0, 0
48849, 41600, 1, 0, 0
48949, 26880, 1, 0, 0
49049, 40320, 1, 0, 0
49149, 30720, 1, 0, 0
49249, 39360, 1, 0, 0
49349, 44160, 1, 0, 0
49449, 36800, 1, 0, 0
49550, 42880, 1, 0, 0
49650, 41280, 1, 0, 0
49749, 38787, 1, 0, 0
49849, 32960, 1, 0, 0
49949, 38080, 1, 0, 0
50049, 33920, 1, 0, 0
50149, 5120, 1, 0, 0
50249, 37120, 1, 0, 0
50349, 3200, 1, 0, 0
50449, 8000, 1, 0, 0
50549, 38400, 1, 0, 0
50649, 28160, 1, 0, 0
50750, 36160, 1, 0, 0
50850, 28160, 1, 0, 0
50950, 44160, 1, 0, 0
51050, 37440, 1, 0, 0
51150, 40000, 1, 0, 0
51249, 31676, 1, 0, 0
51349, 24960, 1, 0, 0
51449, 30720, 1, 0, 0
51549, 38400, 1, 0, 0
51649, 33600, 1, 0, 0
51749, 34880, 1, 0, 0
51849, 34560, 1, 0, 0
51949, 45120, 1, 0, 0
52050, 27520, 1, 0, 0
52150, 43520, 1, 0, 0
52249, 20040, 1, 0, 0
52349, 35200, 1, 0, 0
52449, 42240, 1, 0, 0
52549, 32000, 1, 0, 0
52649, 39680, 1, 0, 0
52749, 42240, 1, 0, 0
52849, 34880, 1, 0, 0
52949, 36480, 1, 0, 0
53049, 37120, 1, 0, 0
53149, 37440, 1, 0, 0
53250, 38720, 1, 0, 0
53350, 32000, 1, 0, 0
53450, 44800, 1, 0, 0
53550, 35520, 1, 0, 0
53650, 31040, 1, 0, 0
53749, 37171, 1, 0, 0
53849, 38400, 1, 0, 0
53949, 26560, 1, 0, 0
54049, 30080, 1, 0, 0
54149, 26880, 1, 0, 0
54249, 30400, 1, 0, 0
54349, 31360, 1, 0, 0
54449, 37120, 1, 0, 0
54550, 40960, 1, 0, 0
54650, 42880, 1, 0, 0
54749, 40404, 1, 0, 0
54849, 45120, 1, 0, 0
54949, 34880, 1, 0, 0
55049, 36480, 1, 0, 0
55149, 24000, 1, 0, 0
55249, 36800, 1, 0, 0
55349, 24320, 1, 0, 0
55449, 16000, 1, 0, 0
55549, 11200, 1, 0, 0
55649, 47040, 1, 0, 0
55750, 39360, 1, 0, 0
55850, 37120, 1, 0, 0
55950, 38080, 1, 0, 0
56050, 40640, 1, 0, 0
56150, 40000, 1, 0, 0
56249, 37818, 1, 0, 0
56349, 38400, 1, 0, 0
56449, 37760, 1, 0, 0
56549, 40640, 1, 0, 0
56649, 39360, 1, 0, 0
56749, 31360, 1, 0, 0
56849, 32000, 1, 0, 0
56950, 31040, 1, 0, 0
57050, 32000, 1, 0, 0
57150, 32000, 1, 0, 0
57249, 33616, 1, 0, 0
57349, 9920, 1, 0, 0
57449, 46400, 1, 0, 0
57549, 42880, 1, 0, 0
57649, 40000, 1, 0, 0
57749, 38080, 1, 0, 0
57849, 31040, 1, 0, 0
57949, 41280, 1, 0, 0
58050, 35520, 1, 0, 0
58150, 41920, 1, 0, 0
58249, 35878, 1, 0, 0
58349, 36800, 1, 0, 0
58449, 36160, 1, 0, 0
58549, 38720, 1, 0, 0
58649, 32960, 1, 0, 0
58749, 40000, 1, 0, 0
58849, 41600, 1, 0, 0
58949, 33600, 1, 0, 0
59049, 37760, 1, 0, 0
59149, 38080, 1, 0, 0
59250, 40640, 1, 0, 0
59350, 41280, 1, 0, 0
59450, 23360, 1, 0, 0
59550, 41280, 1, 0, 0
59650, 36160, 1, 0, 0
59749, 35878, 1, 0, 0
59849, 33600, 1, 0, 0
59949, 36480, 1, 0, 0
60049, 31360, 1, 0, 0
60149, 33920, 1, 0, 0
60249, 33600, 1, 0, 0
60349, 36160, 1, 0, 0
60450, 3520, 1, 0, 0
60550, 35200, 1, 0, 0
60650, 30400, 1, 0, 0
60749, 43313, 1, 0, 0
60849, 37440, 1, 0, 0
60949, 40640, 1, 0, 0
61049, 39360, 1, 0, 0
61149, 32640, 1, 0, 0
61249, 39680, 1, 0, 0
61349, 35520, 1, 0, 0
61450, 30080, 1, 0, 0
61550, 36480, 1, 0, 0
61650, 43520, 1, 0, 0
61749, 34909, 1, 0, 0
61849, 32960, 1, 0, 0
61949, 40640, 1, 0, 0
62049, 38720, 1, 0, 0
62149, 24000, 1, 0, 0
62249, 36160, 1, 0, 0
62349, 30080, 1, 0, 0
62449, 40000, 1, 0, 0
62549, 30720, 1, 0, 0
62650, 40000, 1, 0, 0
62749, 31353, 1, 0, 0
62849, 41920, 1, 0, 0
62949, 25600, 1, 0, 0
63049, 19520, 1, 0, 0
63149, 34560, 1, 0, 0
63249, 34240, 1, 0, 0
63349, 39360, 1, 0, 0
63449, 37440, 1, 0, 0
63549, 33280, 1, 0, 0
63649, 46400, 1, 0, 0
63749, 36480, 1, 0, 0
63849, 39680, 1, 0, 0
63950, 39360, 1, 0, 0
64050, 40000, 1, 0, 0
64150, 39360, 1, 0, 0
64249, 37171, 1, 0, 0
64349, 32000, 1, 0, 0
64449, 34240, 1, 0, 0
64549, 40320, 1, 0, 0
64649, 47040, 1, 0, 0
64749, 36480, 1, 0, 0
64849, 33920, 1, 0, 0
64949, 37120, 1, 0, 0
65049, 33920, 1, 0, 0
65150, 40640, 1, 0, 0
65249, 26505, 1, 0, 0
65349, 39680, 1, 0, 0
65449, 25600, 1, 0, 0
65549, 35520, 1, 0, 0
65649, 26880, 1, 0, 0
65749, 34240, 1, 0, 0
65849, 36800, 1, 0, 0
65949, 31680, 1, 0, 0
66049, 31360, 1, 0, 0
66149, 34560, 1, 0, 0
66250, 38720, 1, 0, 0
66350, 22400, 1, 0, 0
66450, 16000, 1, 0, 0
66550, 16960, 1, 0, 0
66650, 37440, 1, 0, 0
66749, 34909, 1, 0, 0
66849, 41600, 1, 0, 0
66949, 26240, 1, 0, 0
67049, 43200, 1, 0, 0
67149, 36160, 1, 0, 0
67249, 32320, 1, 0, 0
67350, 21120, 1, 0, 0
67450, 21440, 1, 0, 0
67550, 44800, 1, 0, 0
67650, 43840, 1, 0, 0
67749, 42020, 1, 0, 0
67849, 37440, 1, 0, 0
67949, 38080, 1, 0, 0
68049, 38080, 1, 0, 0
68149, 36480, 1, 0, 0
68249, 37120, 1, 0, 0
68349, 40320, 1, 0, 0
68449, 41600, 1, 0, 0
68550, 38720, 1, 0, 0
68650, 32000, 1, 0, 0
68749, 29414, 1, 0, 0
68849, 42880, 1, 0, 0
68949, 41280, 1, 0, 0
69049, 38400, 1, 0, 0
69149, 41280, 1, 0, 0
69249, 33280, 1, 0, 0
69349, 35200, 1, 0, 0
69449, 40640, 1, 0, 0
69549, 47680, 1, 0, 0
69649, 40320, 1, 0, 0
69750, 35520, 1, 0, 0
69850, 29760, 1, 0, 0
69950, 39360, 1, 0, 0
70050, 36160, 1, 0, 0
70150, 40640, 1, 0, 0
70249, 28767, 1, 0, 0
70349, 38720, 1, 0, 0
70449, 29120, 1, 0, 0
70549, 32640, 1, 0, 0
70649, 40640, 1, 0, 0
70749, 40960, 1, 0, 0
70850, 36160, 1, 0, 0
70950, 38080, 1, 0, 0
71050, 42240, 1, 0, 0
71150, 39680, 1, 0, 0
71249, 32646, 1, 0, 0
71349, 35520, 1, 0, 0
71449, 24960, 1, 0, 0
71549, 640, 1, 0, 0
71649, 26880, 1, 0, 0
71749, 40960, 1, 0, 0
71850, 30400, 1, 0, 0
71950, 42560, 1, 0, 0
72050, 46080, 1, 0, 0
72150, 45760, 1, 0, 0
72249, 23272, 1, 0, 0
72349, 48640, 1, 0, 0
72449, 9280, 1, 0, 0
72549, 45440, 1, 0, 0
72649, 42240, 1, 0, 0
72749, 39360, 1, 0, 0
72849, 38400, 1, 0, 0
72949, 39360, 1, 0, 0
73050, 38080, 1, 0, 0
73150, 35200, 1, 0, 0
73249, 34585, 1, 0, 0
73349, 37120, 1, 0, 0
73449, 26880, 1, 0, 0
73549, 42560, 1, 0, 0
73649, 46400, 1, 0, 0
73749, 43200, 1, 0, 0
73849, 45760, 1, 0, 0
73949, 33920, 1, 0, 0
74049, 27200, 1, 0, 0
74149, 40320, 1, 0, 0
74250, 35840, 1, 0, 0
74350, 43840, 1, 0, 0
74450, 40960, 1, 0, 0
74550, 34880, 1, 0, 0
74650, 36480, 1, 0, 0
74749, 38787, 1, 0, 0
74849, 36160, 1, 0, 0
74949, 39360, 1, 0, 0
75049, 37760, 1, 0, 0
75149, 34560, 1, 0, 0
75249, 28800, 1, 0, 0
75349, 27840, 1, 0, 0
75449, 47360, 1, 0, 0
75550, 13760, 1, 0, 0
75650, 40000, 1, 0, 0
75749, 46222, 1, 0, 0
75849, 28160, 1, 0, 0
75949, 23680, 1, 0, 0
76049, 36160, 1, 0, 0
76149, 42560, 1, 0, 0
76249, 36480, 1, 0, 0
76349, 36800, 1, 0, 0
76449, 34560, 1, 0, 0
76549, 34560, 1, 0, 0
76649, 12160, 1, 0, 0
76750, 3840, 1, 0, 0
76850, 23360, 1, 0, 0
76950, 26560, 1, 0, 0
77050, 22720, 1, 0, 0
77150, 43520, 1, 0, 0
77249, 27797, 1, 0, 0
77349, 32960, 1, 0, 0
77449, 25920, 1, 0, 0
77549, 43520, 1, 0, 0
77649, 43840, 1, 0, 0
77749, 34240, 1, 0, 0
77849, 38400, 1, 0, 0
77949, 35840, 1, 0, 0
78050, 35200, 1, 0, 0
78150, 46400, 1, 0, 0
78249, 41373, 1, 0, 0
78349, 25920, 1, 0, 0
78449, 39040, 1, 0, 0
78549, 38400, 1, 0, 0
78649, 40640, 1, 0, 0
78749, 40960, 1, 0, 0
78849, 37440, 1, 0, 0
78949, 46720, 1, 0, 0
79049, 36800, 1, 0, 0
79149, 38720, 1, 0, 0
79250, 39040, 1, 0, 0
79350, 34240, 1, 0, 0
79450, 41600, 1, 0, 0
79550, 41280, 1, 0, 0
79650, 44160, 1, 0, 0
79749, 40404, 1, 0, 0
79849, 49920, 1, 0, 0
79949, 31040, 1, 0, 0
80049, 35520, 1, 0, 0
80149, 32320, 1, 0, 0
80249, 34240, 1, 0, 0
80349, 49280, 1, 0, 0
80450, 36160, 1, 0, 0
80550, 27520, 1, 0, 0
80650, 640, 1, 0, 0
80749, 11636, 1, 0, 0
80849, 21760, 1, 0, 0
80949, 34560, 1, 0, 0
81049, 27200, 1, 0, 0
81149, 34880, 1, 0, 0
81250, 28160, 1, 0, 0
81350, 38720, 1, 0, 0
81450, 38720, 1, 0, 0
81550, 45440, 1, 0, 0
81650, 26880, 1, 0, 0
81749, 27151, 1, 0, 0
81849, 35840, 1, 0, 0
81949, 41920, 1, 0, 0
82049, 38720, 1, 0, 0
82149, 27200, 1, 0, 0
82250, 27200, 1, 0, 0
82350, 53760, 1, 0, 0
82450, 33280, 1, 0, 0
82550, 25280, 1, 0, 0
82650, 44800, 1, 0, 0
82749, 46222, 1, 0, 0
82849, 38720, 1, 0, 0
82949, 45120, 1, 0, 0
83049, 40320, 1, 0, 0
83149, 46400, 1, 0, 0
83249, 42240, 1, 0, 0
83349, 37440, 1, 0, 0
83449, 41280, 1, 0, 0
83550, 38400, 1, 0, 0
83650, 43840, 1, 0, 0
83749, 31030, 1, 0, 0
83849, 38720, 1, 0, 0
83949, 31040, 1, 0, 0
84049, 35520, 1, 0, 0
84149, 35200, 1, 0, 0
84249, 39680, 1, 0, 0
84349, 39680, 1, 0, 0
84449, 24000, 1, 0, 0
84549, 32640, 1, 0, 0
84650, 29760, 1, 0, 0
84750, 45440, 1, 0, 0
84850, 32320, 1, 0, 0
84950, 36800, 1, 0, 0
85050, 35520, 1, 0, 0
85150, 29440, 1, 0, 0
85249, 30707, 1, 0, 0
85349, 22080, 1, 0, 0
85449, 32960, 1, 0, 0
85549, 36800, 1, 0, 0
85649, 7040, 1, 0, 0
85750, 320, 1, 0, 0
85850, 2880, 1, 0, 0
85950, 8960, 1, 0, 0
86050, 36480, 1, 0, 0
86150, 26560, 1, 0, 0
86249, 37494, 1, 0, 0
86349, 32960, 1, 0, 0
86449, 33920, 1, 0, 0
86550, 30720, 1, 0, 0
86650, 37760, 1, 0, 0
86749, 36848, 1, 0, 0
86849, 27840, 1, 0, 0
86949, 33600, 1, 0, 0
87049, 35840, 1, 0, 0
87149, 26240, 1, 0, 0
87249, 26880, 1, 0, 0
87349, 16640, 1, 0, 0
87449, 32000, 1, 0, 0
87549, 28800, 1, 0, 0
87649, 34560, 1, 0, 0
87750, 36480, 1, 0, 0
87850, 28160, 1, 0, 0
87950, 32320, 1, 0, 0
88050, 31680, 1, 0, 0
88150, 33920, 1, 0, 0
88249, 31676, 1, 0, 0
88349, 33600, 1, 0, 0
88449, 31360, 1, 0, 0
88549, 35840, 1, 0, 0
88649, 33920, 1, 0, 0
88749, 37440, 1, 0, 0
88849, 36480, 1, 0, 0
88949, 31360, 1, 0, 0
89050, 34880, 1, 0, 0
89150, 30400, 1, 0, 0
89249, 15515, 1, 0, 0
89349, 36480, 1, 0, 0
89449, 36480, 1, 0, 0
89549, 32960, 1, 0, 0
89649, 31680, 1, 0, 0
89749, 33920, 1, 0, 0
89849, 30720, 1, 0, 0
89949, 35520, 1, 0, 0
