250, 572, 0, 0, 0
350, 550, 0, 0, 0
450, 580, 0, 0, 0
550, 500, 0, 0, 0
650, 550, 0, 0, 0
749, 555, 0, 0, 0
849, 540, 0, 0, 0
949, 540, 0, 0, 0
1049, 520, 0, 0, 0
1150, 560, 0, 0, 0
1250, 530, 0, 0, 0
1350, 530, 0, 0, 0
1450, 520, 0, 0, 0
1550, 510, 0, 0, 0
1650, 550, 0, 0, 0
1749, 535, 0, 0, 0
1849, 490, 0, 0, 0
1949, 550, 0, 0, 0
2049, 560, 0, 0, 0
2149, 500, 0, 0, 0
2249, 540, 0, 0, 0
2350, 560, 0, 0, 0
2450, 540, 0, 0, 0
2550, 540, 0, 0, 0
2650, 580, 0, 0, 0
2749, 555, 0, 0, 0
2849, 580, 0, 0, 0
2949, 570, 0, 0, 0
3049, 580, 0, 0, 0
3149, 570, 0, 0, 0
3249, 560, 0, 0, 0
3349, 580, 0, 0, 0
3450, 570, 0, 0, 0
3550, 570, 0, 0, 0
3650, 540, 0, 0, 0
3749, 555, 0, 0, 0
3849, 600, 0, 0, 0
3949, 560, 0, 0, 0
4049, 550, 0, 0, 0
4149, 580, 0, 0, 0
4249, 560, 0, 0, 0
4349, 580, 0, 0, 0
4449, 560, 0, 0, 0
4549, 620, 0, 0, 0
4649, 500, 0, 0, 0
4750, 550, 0, 0, 0
4850, 560, 0, 0, 0
4950, 560, 0, 0, 0
5050, 580, 0, 0, 0
5150, 580, 0, 0, 0
5249, 535, 0, 0, 0
5349, 590, 0, 0, 0
5449, 560, 0, 0, 0
5549, 530, 0, 0, 0
5649, 550, 0, 0, 0
5749, 550, 0, 0, 0
5849, 580, 0, 0, 0
5949, 520, 0, 0, 0
6049, 520, 0, 0, 0
6150, 630, 0, 0, 0
6249, 525, 0, 0, 0
6349, 540, 0, 0, 0
6449, 550, 0, 0, 0
6549, 540, 0, 0, 0
6649, 510, 0, 0, 0
6749, 530, 0, 0, 0
6849, 540, 0, 0, 0
6949, 550, 0, 0, 0
7049, 560, 0, 0, 0
7149, 600, 0, 0, 0
7249, 550, 0, 0, 0
7349, 550, 0, 0, 0
7450, 510, 0, 0, 0
7550, 580, 0, 0, 0
7650, 540, 0, 0, 0
7749, 565, 0, 0, 0
7849, 560, 0, 0, 0
7949, 550, 0, 0, 0
8049, 590, 0, 0, 0
8149, 550, 0, 0, 0
8249, 570, 0, 0, 0
8349, 560, 0, 0, 0
8449, 560, 0, 0, 0
8550, 540, 0, 0, 0
8650, 540, 0, 0, 0
8749, 565, 0, 0, 0
8849, 540, 0, 0, 0
8949, 550, 0, 0, 0
9049, 570, 0, 0, 0
9149, 560, 0, 0, 0
9249, 580, 0, 0, 0
9349, 540, 0, 0, 0
9449, 550, 0, 0, 0
9549, 550, 0, 0, 0
9649, 510, 0, 0, 0
9750, 600, 0, 0, 0
9850, 550, 0, 0, 0
9950, 620, 0, 0, 0
10050, 590, 0, 0, 0
10150, 560, 0, 0, 0
10249, 545, 0, 0, 0
10349, 540, 0, 0, 0
10449, 590, 0, 0, 0
10549, 590, 0, 0, 0
10649, 580, 0, 0, 0
10749, 560, 0, 0, 0
10849, 590, 0, 0, 0
10950, 620, 0, 0, 0
11050, 620, 0, 0, 0
11150, 570, 0, 0, 0
11249, 484, 0, 0, 0
11349, 640, 0, 0, 0
11449, 590, 0, 0, 0
11549, 570, 0, 0, 0
11649, 610, 0, 0, 0
11749, 520, 0, 0, 0
11849, 560, 0, 0, 0
11949, 570, 0, 0, 0
12049, 580, 0, 0, 0
12149, 560, 0, 0, 0
12250, 590, 0, 0, 0
12350, 570, 0, 0, 0
12450, 520, 0, 0, 0
12550, 570, 0, 0, 0
12650, 520, 0, 0, 0
12749, 575, 0, 0, 0
12849, 540, 0, 0, 0
12949, 580, 0, 0, 0
13049, 550, 0, 0, 0
13149, 550, 0, 0, 0
13250, 540, 0, 0, 0
13350, 510, 0, 0, 0
13450, 530, 0, 0, 0
13550, 600, 0, 0, 0
13650, 580, 0, 0, 0
13749, 555, 0, 0, 0
13849, 590, 0, 0, 0
13949, 530, 0, 0, 0
14049, 590, 0, 0, 0
14149, 540, 0, 0, 0
14250, 530, 0, 0, 0
14350, 560, 0, 0, 0
14450, 600, 0, 0, 0
14550, 550, 0, 0, 0
14650, 570, 0, 0, 0
14749, 585, 0, 0, 0
14849, 570, 0, 0, 0
14949, 590, 0, 0, 0
15049, 530, 0, 0, 0
15149, 560, 0, 0, 0
15249, 590, 0, 0, 0
15350, 610, 0, 0, 0
15450, 590, 0, 0, 0
15550, 550, 0, 0, 0
15650, 590, 0, 0, 0
15749, 636, 0, 0, 0
15849, 570, 0, 0, 0
15949, 590, 0, 0, 0
16049, 590, 0, 0, 0
16149, 610, 0, 0, 0
16249, 590, 0, 0, 0
16349, 600, 0, 0, 0
16450, 590, 0, 0, 0
16550, 550, 0, 0, 0
16650, 560, 0, 0, 0
16749, 555, 0, 0, 0
16849, 630, 0, 0, 0
16949, 590, 0, 0, 0
17049, 530, 0, 0, 0
17149, 580, 0, 0, 0
17249, 580, 0, 0, 0
17349, 510, 0, 0, 0
17449, 550, 0, 0, 0
17549, 580, 0, 0, 0
17649, 580, 0, 0, 0
17750, 590, 0, 0, 0
17850, 540, 0, 0, 0
17950, 540, 0, 0, 0
18050, 540, 0, 0, 0
18150, 550, 0, 0, 0
18249, 616, 0, 0, 0
18349, 540, 0, 0, 0
18449, 540, 0, 0, 0
18549, 620, 0, 0, 0
18649, 550, 0, 0, 0
18749, 540, 0, 0, 0
18849, 580, 0, 0, 0
18949, 490, 0, 0, 0
19050, 520, 0, 0, 0
19150, 540, 0, 0, 0
19249, 525, 0, 0, 0
19349, 550, 0, 0, 0
19449, 560, 0, 0, 0
19549, 510, 0, 0, 0
19649, 560, 0, 0, 0
19749, 560, 0, 0, 0
19849, 560, 0, 0, 0
19949, 610, 0, 0, 0
20049, 550, 0, 0, 0
20149, 500, 0, 0, 0
20250, 530, 0, 0, 0
20350, 560, 0, 0, 0
20450, 540, 0, 0, 0
20550, 530, 0, 0, 0
20650, 510, 0, 0, 0
20749, 525, 0, 0, 0
20849, 560, 0, 0, 0
20949, 530, 0, 0, 0
21049, 520, 0, 0, 0
21149, 570, 0, 0, 0
21249, 540, 0, 0, 0
21349, 550, 0, 0, 0
21450, 590, 0, 0, 0
21550, 590, 0, 0, 0
21650, 530, 0, 0, 0
21749, 505, 0, 0, 0
21849, 520, 0, 0, 0
21949, 520, 0, 0, 0
22049, 540, 0, 0, 0
22149, 540, 0, 0, 0
22249, 540, 0, 0, 0
22349, 540, 0, 0, 0
22449, 600, 0, 0, 0
22549, 550, 0, 0, 0
22650, 580, 0, 0, 0
22749, 595, 0, 0, 0
22849, 520, 0, 0, 0
22949, 590, 0, 0, 0
23049, 540, 0, 0, 0
23149, 580, 0, 0, 0
23249, 560, 0, 0, 0
23349, 530, 0, 0, 0
23449, 490, 0, 0, 0
23549, 540, 0, 0, 0
23649, 550, 0, 0, 0
23749, 560, 0, 0, 0
23850, 580, 0, 0, 0
23950, 520, 0, 0, 0
24050, 560, 0, 0, 0
24150, 560, 0, 0, 0
24249, 575, 0, 0, 0
24349, 530, 0, 0, 0
24449, 500, 0, 0, 0
24549, 510, 0, 0, 0
24649, 520, 0, 0, 0
24749, 600, 0, 0, 0
24849, 540, 0, 0, 0
24949, 560, 0, 0, 0
25049, 550, 0, 0, 0
25149, 610, 0, 0, 0
25250, 570, 0, 0, 0
25350, 570, 0, 0, 0
25450, 540, 0, 0, 0
25550, 540, 0, 0, 0
25650, 580, 0, 0, 0
25749, 575, 0, 0, 0
25849, 570, 0, 0, 0
25949, 610, 0, 0, 0
26049, 650, 0, 0, 0
26149, 590, 0, 0, 0
26250, 560, 0, 0, 0
26350, 580, 0, 0, 0
26450, 640, 0, 0, 0
26550, 590, 0, 0, 0
26650, 550, 0, 0, 0
26749, 555, 0, 0, 0
26849, 580, 0, 0, 0
26949, 580, 0, 0, 0
27049, 630, 0, 0, 0
27149, 590, 0, 0, 0
27249, 630, 0, 0, 0
27349, 630, 0, 0, 0
27449, 580, 0, 0, 0
27550, 590, 0, 0, 0
27650, 560, 0, 0, 0
27749, 575, 0, 0, 0
27849, 610, 0, 0, 0
27949, 540, 0, 0, 0
28049, 530, 0, 0, 0
28149, 590, 0, 0, 0
28249, 630, 0, 0, 0
28349, 570, 0, 0, 0
28449, 570, 0, 0, 0
28549, 600, 0, 0, 0
28649, 560, 0, 0, 0
28749, 580, 0, 0, 0
28849, 530, 0, 0, 0
28950, 610, 0, 0, 0
29050, 550, 0, 0, 0
29150, 570, 0, 0, 0
29249, 595, 0, 0, 0
29349, 590, 0, 0, 0
29449, 560, 0, 0, 0
29549, 550, 0, 0, 0
29649, 550, 0, 0, 0
29749, 560, 0, 0, 0
29849, 580, 0, 0, 0
29949, 520, 0, 0, 0
30049, 580, 0, 0, 0
30149, 570, 0, 0, 0
30250, 610, 0, 0, 0
30350, 580, 0, 0, 0
30450, 540, 0, 0, 0
30550, 560, 0, 0, 0
30650, 530, 0, 0, 0
30749, 585, 0, 0, 0
30849, 550, 0, 0, 0
30949, 600, 0, 0, 0
31049, 530, 0, 0, 0
31149, 560, 0, 0, 0
31249, 520, 0, 0, 0
31349, 600, 0, 0, 0
31449, 530, 0, 0, 0
31550, 560, 0, 0, 0
31650, 550, 0, 0, 0
31749, 585, 0, 0, 0
31849, 550, 0, 0, 0
31949, 560, 0, 0, 0
32049, 570, 0, 0, 0
32149, 580, 0, 0, 0
32249, 590, 0, 0, 0
32349, 550, 0, 0, 0
32449, 590, 0, 0, 0
32549, 540, 0, 0, 0
32650, 570, 0, 0, 0
32750, 550, 0, 0, 0
32850, 530, 0, 0, 0
32950, 580, 0, 0, 0
33050, 610, 0, 0, 0
33150, 560, 0, 0, 0
33249, 595, 0, 0, 0
33349, 570, 0, 0, 0
33449, 580, 0, 0, 0
33549, 550, 0, 0, 0
33649, 610, 0, 0, 0
33750, 570, 0, 0, 0
33850, 570, 0, 0, 0
33950, 560, 0, 0, 0
34050, 570, 0, 0, 0
34150, 580, 0, 0, 0
34249, 575, 0, 0, 0
34349, 570, 0, 0, 0
34449, 560, 0, 0, 0
34549, 570, 0, 0, 0
34649, 560, 0, 0, 0
34749, 560, 0, 0, 0
34849, 530, 0, 0, 0
34949, 570, 0, 0, 0
35050, 590, 0, 0, 0
35150, 530, 0, 0, 0
35249, 575, 0, 0, 0
35349, 560, 0, 0, 0
35449, 570, 0, 0, 0
35549, 550, 0, 0, 0
35649, 540, 0, 0, 0
35749, 550, 0, 0, 0
35849, 540, 0, 0, 0
35949, 530, 0, 0, 0
36049, 540, 0, 0, 0
36149, 510, 0, 0, 0
36250, 520, 0, 0, 0
36350, 520, 0, 0, 0
36450, 520, 0, 0, 0
36550, 520, 0, 0, 0
36650, 500, 0, 0, 0
36749, 535, 0, 0, 0
36849, 520, 0, 0, 0
36949, 540, 0, 0, 0
37049, 590, 0, 0, 0
37149, 540, 0, 0, 0
37249, 540, 0, 0, 0
37349, 560, 0, 0, 0
37449, 540, 0, 0, 0
37550, 550, 0, 0, 0
37650, 540, 0, 0, 0
37749, 535, 0, 0, 0
37849, 560, 0, 0, 0
37949, 570, 0, 0, 0
38049, 600, 0, 0, 0
38149, 570, 0, 0, 0
38249, 560, 0, 0, 0
38349, 560, 0, 0, 0
38449, 540, 0, 0, 0
38549, 560, 0, 0, 0
38649, 580, 0, 0, 0
38749, 580, 0, 0, 0
38850, 510, 0, 0, 0
38950, 550, 0, 0, 0
39050, 540, 0, 0, 0
39150, 550, 0, 0, 0
39249, 595, 0, 0, 0
39349, 570, 0, 0, 0
39449, 580, 0, 0, 0
39549, 550, 0, 0, 0
39649, 570, 0, 0, 0
39749, 560, 0, 0, 0
39849, 570, 0, 0, 0
39949, 550, 0, 0, 0
40049, 560, 0, 0, 0
40150, 540, 0, 0, 0
40250, 540, 0, 0, 0
40350, 550, 0, 0, 0
40450, 560, 0, 0, 0
40550, 580, 0, 0, 0
40650, 520, 0, 0, 0
40749, 555, 0, 0, 0
40849, 570, 0, 0, 0
40949, 560, 0, 0, 0
41049, 600, 0, 0, 0
41149, 540, 0, 0, 0
41250, 490, 0, 0, 0
41350, 530, 0, 0, 0
41450, 550, 0, 0, 0
41550, 520, 0, 0, 0
41650, 520, 0, 0, 0
41749, 565, 0, 0, 0
41849, 510, 0, 0, 0
41949, 530, 0, 0, 0
42049, 520, 0, 0, 0
42149, 530, 0, 0, 0
42249, 540, 0, 0, 0
42349, 520, 0, 0, 0
42449, 520, 0, 0, 0
42549, 510, 0, 0, 0
42650, 520, 0, 0, 0
42750, 540, 0, 0, 0
42850, 540, 0, 0, 0
42950, 540, 0, 0, 0
43050, 530, 0, 0, 0
43150, 550, 0, 0, 0
43249, 525, 0, 0, 0
43349, 560, 0, 0, 0
43449, 520, 0, 0, 0
43549, 560, 0, 0, 0
43649, 570, 0, 0, 0
43749, 500, 0, 0, 0
43849, 560, 0, 0, 0
43950, 550, 0, 0, 0
44050, 520, 0, 0, 0
44150, 550, 0, 0, 0
44249, 535, 0, 0, 0
44349, 560, 0, 0, 0
44449, 540, 0, 0, 0
44549, 540, 0, 0, 0
44649, 570, 0, 0, 0
44749, 530, 0, 0, 0
44849, 540, 0, 0, 0
44949, 530, 0, 0, 0
45050, 530, 0, 0, 0
45150, 550, 0, 0, 0
45249, 545, 0, 0, 0
45349, 570, 0, 0, 0
45449, 570, 0, 0, 0
45549, 540, 0, 0, 0
45649, 580, 0, 0, 0
45749, 520, 0, 0, 0
45849, 550, 0, 0, 0
45949, 500, 0, 0, 0
46049, 540, 0, 0, 0
46149, 530, 0, 0, 0
46249, 540, 0, 0, 0
46350, 530, 0, 0, 0
46450, 520, 0, 0, 0
46550, 580, 0, 0, 0
46650, 570, 0, 0, 0
46749, 555, 0, 0, 0
46849, 570, 0, 0, 0
46949, 530, 0, 0, 0
47049, 560, 0, 0, 0
47149, 550, 0, 0, 0
47249, 510, 0, 0, 0
47349, 580, 0, 0, 0
47449, 530, 0, 0, 0
47550, 550, 0, 0, 0
47650, 520, 0, 0, 0
47749, 555, 0, 0, 0
47849, 550, 0, 0, 0
47949, 550, 0, 0, 0
48049, 550, 0, 0, 0
48149, 560, 0, 0, 0
48249, 570, 0, 0, 0
48349, 580, 0, 0, 0
48449, 500, 0, 0, 0
48549, 510, 0, 0, 0
48649, 530, 0, 0, 0
48749, 530, 0, 0, 0
48849, 520, 0, 0, 0
48950, 550, 0, 0, 0
49050, 560, 0, 0, 0
49150, 540, 0, 0, 0
49249, 515, 0, 0, 0
49349, 570, 0, 0, 0
49449, 500, 0, 0, 0
49549, 510, 0, 0, 0
49649, 510, 0, 0, 0
49749, 510, 0, 0, 0
49849, 530, 0, 0, 0
49949, 530, 0, 0, 0
50049, 530, 0, 0, 0
50149, 480, 0, 0, 0
50250, 500, 0, 0, 0
50350, 500, 0, 0, 0
50450, 480, 0, 0, 0
50550, 530, 0, 0, 0
50650, 510, 0, 0, 0
50749, 525, 0, 0, 0
50849, 510, 0, 0, 0
50949, 530, 0, 0, 0
51049, 530, 0, 0, 0
51149, 490, 0, 0, 0
51249, 550, 0, 0, 0
51349, 530, 0, 0, 0
51449, 530, 0, 0, 0
51550, 500, 0, 0, 0
51650, 510, 0, 0, 0
51749, 555, 0, 0, 0
51849, 550, 0, 0, 0
51949, 540, 0, 0, 0
52049, 600, 0, 0, 0
52149, 560, 0, 0, 0
52249, 540, 0, 0, 0
52349, 510, 0, 0, 0
52449, 510, 0, 0, 0
52549, 540, 0, 0, 0
52650, 540, 0, 0, 0
52750, 550, 0, 0, 0
52850, 560, 0, 0, 0
52950, 540, 0, 0, 0
53050, 560, 0, 0, 0
53150, 530, 0, 0, 0
53249, 545, 0, 0, 0
53349, 550, 0, 0, 0
53449, 510, 0, 0, 0
53549, 540, 0, 0, 0
53649, 540, 0, 0, 0
53750, 530, 0, 0, 0
53850, 520, 0, 0, 0
53950, 530, 0, 0, 0
54050, 560, 0, 0, 0
54150, 530, 0, 0, 0
54249, 505, 0, 0, 0
54349, 570, 0, 0, 0
54449, 540, 0, 0, 0
54549, 540, 0, 0, 0
54649, 530, 0, 0, 0
54749, 530, 0, 0, 0
54849, 530, 0, 0, 0
54949, 560, 0, 0, 0
55050, 520, 0, 0, 0
55150, 520, 0, 0, 0
55250, 520, 0, 0, 0
55350, 540, 0, 0, 0
55450, 530, 0, 0, 0
55550, 530, 0, 0, 0
55650, 520, 0, 0, 0
55749, 555, 0, 0, 0
55849, 530, 0, 0, 0
55949, 570, 0, 0, 0
56049, 550, 0, 0, 0
56149, 520, 0, 0, 0
56249, 590, 0, 0, 0
56349, 560, 0, 0, 0
56449, 540, 0, 0, 0
56550, 510, 0, 0, 0
56650, 550, 0, 0, 0
56749, 484, 0, 0, 0
56849, 540, 0, 0, 0
56949, 570, 0, 0, 0
57049, 550, 0, 0, 0
57149, 560, 0, 0, 0
57249, 530, 0, 0, 0
57349, 580, 0, 0, 0
57449, 570, 0, 0, 0
57549, 550, 0, 0, 0
57649, 530, 0, 0, 0
57750, 530, 0, 0, 0
57850, 580, 0, 0, 0
57950, 550, 0, 0, 0
58050, 620, 0, 0, 0
58150, 570, 0, 0, 0
58249, 545, 0, 0, 0
58349, 580, 0, 0, 0
58449, 520, 0, 0, 0
58549, 530, 0, 0, 0
58649, 540, 0, 0, 0
58749, 530, 0, 0, 0
58849, 510, 0, 0, 0
58950, 550, 0, 0, 0
59050, 530, 0, 0, 0
59150, 520, 0, 0, 0
59249, 555, 0, 0, 0
59349, 560, 0, 0, 0
59449, 500, 0, 0, 0
59549, 550, 0, 0, 0
59649, 510, 0, 0, 0
59749, 550, 0, 0, 0
59849, 560, 0, 0, 0
59949, 530, 0, 0, 0
