250, 392, 1, 0, 0
350, 430, 1, 0, 0
450, 260, 1, 0, 0
550, 400, 1, 0, 0
650, 370, 1, 0, 0
749, 373, 1, 0, 0
849, 380, 1, 0, 0
949, 390, 1, 0, 0
1049, 400, 1, 0, 0
1149, 370, 1, 0, 0
1250, 300, 1, 0, 0
1350, 360, 1, 0, 0
1450, 470, 1, 0, 0
1550, 340, 1, 0, 0
1650, 410, 1, 0, 0
1749, 393, 1, 0, 0
1849, 390, 1, 0, 0
1949, 390, 1, 0, 0
2049, 310, 1, 0, 0
2149, 360, 1, 0, 0
2250, 390, 1, 0, 0
2350, 450, 1, 0, 0
2450, 200, 1, 0, 0
2550, 380, 1, 0, 0
2650, 400, 1, 0, 0
2749, 444, 1, 0, 0
2849, 340, 1, 0, 0
2949, 360, 1, 0, 0
3049, 310, 1, 0, 0
3150, 370, 1, 0, 0
3250, 460, 1, 0, 0
3350, 300, 1, 0, 0
3450, 320, 1, 0, 0
3550, 460, 1, 0, 0
3650, 480, 1, 0, 0
3749, 323, 1, 0, 0
3849, 440, 1, 0, 0
3949, 440, 1, 0, 0
4049, 390, 1, 0, 0
4150, 360, 1, 0, 0
4249, 484, 1, 0, 0
4349, 370, 1, 0, 0
4449, 440, 1, 0, 0
4549, 510, 1, 0, 0
4649, 410, 1, 0, 0
4749, 440, 1, 0, 0
4849, 500, 1, 0, 0
4949, 360, 1, 0, 0
5050, 370, 1, 0, 0
5150, 320, 1, 0, 0
5249, 494, 1, 0, 0
5349, 420, 1, 0, 0
5449, 420, 1, 0, 0
5549, 430, 1, 0, 0
5649, 360, 1, 0, 0
5749, 330, 1, 0, 0
5849, 530, 1, 0, 0
5949, 380, 1, 0, 0
6050, 380, 1, 0, 0
6150, 470, 1, 0, 0
6249, 424, 1, 0, 0
6349, 410, 1, 0, 0
6449, 500, 1, 0, 0
6549, 400, 1, 0, 0
6649, 490, 1, 0, 0
6749, 470, 1, 0, 0
6849, 440, 1, 0, 0
6950, 530, 1, 0, 0
7050, 350, 1, 0, 0
7150, 250, 1, 0, 0
7249, 373, 1, 0, 0
7349, 350, 1, 0, 0
7449, 390, 1, 0, 0
7549, 460, 1, 0, 0
7649, 490, 1, 0, 0
7750, 350, 1, 0, 0
7850, 320, 1, 0, 0
7950, 260, 1, 0, 0
8050, 420, 1, 0, 0
8150, 440, 1, 0, 0
8249, 404, 1, 0, 0
8349, 480, 1, 0, 0
8449, 370, 1, 0, 0
8549, 320, 1, 0, 0
8649, 410, 1, 0, 0
8750, 420, 1, 0, 0
8850, 420, 1, 0, 0
8950, 300, 1, 0, 0
9050, 480, 1, 0, 0
9150, 370, 1, 0, 0
9249, 404, 1, 0, 0
9349, 420, 1, 0, 0
9449, 430, 1, 0, 0
9549, 420, 1, 0, 0
9649, 360, 1, 0, 0
9750, 430, 1, 0, 0
9850, 330, 1, 0, 0
9950, 310, 1, 0, 0
10050, 420, 1, 0, 0
10150, 420, 1, 0, 0
10249, 383, 1, 0, 0
10349, 270, 1, 0, 0
10449, 480, 1, 0, 0
10549, 450, 1, 0, 0
10649, 490, 1, 0, 0
10750, 470, 1, 0, 0
10850, 420, 1, 0, 0
10950, 470, 1, 0, 0
11050, 240, 1, 0, 0
11150, 440, 1, 0, 0
11249, 404, 1, 0, 0
11349, 270, 1, 0, 0
11449, 280, 1, 0, 0
11549, 380, 1, 0, 0
11649, 330, 1, 0, 0
11750, 450, 1, 0, 0
11850, 300, 1, 0, 0
11950, 460, 1, 0, 0
12050, 410, 1, 0, 0
12150, 350, 1, 0, 0
12249, 414, 1, 0, 0
12349, 370, 1, 0, 0
12449, 500, 1, 0, 0
12549, 460, 1, 0, 0
12649, 480, 1, 0, 0
12750, 370, 1, 0, 0
12850, 430, 1, 0, 0
12950, 450, 1, 0, 0
13050, 410, 1, 0, 0
13150, 400, 1, 0, 0
13249, 404, 1, 0, 0
13349, 310, 1, 0, 0
13449, 470, 1, 0, 0
13549, 440, 1, 0, 0
13649, 520, 1, 0, 0
13750, 410, 1, 0, 0
13850, 480, 1, 0, 0
13950, 430, 1, 0, 0
14050, 340, 1, 0, 0
14150, 390, 1, 0, 0
14249, 303, 1, 0, 0
14349, 430, 1, 0, 0
14449, 380, 1, 0, 0
14550, 420, 1, 0, 0
14650, 390, 1, 0, 0
14749, 484, 1, 0, 0
14849, 390, 1, 0, 0
14949, 310, 1, 0, 0
15049, 410, 1, 0, 0
15149, 460, 1, 0, 0
15249, 410, 1, 0, 0
15349, 330, 1, 0, 0
15449, 340, 1, 0, 0
15550, 430, 1, 0, 0
15650, 410, 1, 0, 0
15749, 424, 1, 0, 0
15849, 520, 1, 0, 0
15949, 330, 1, 0, 0
16049, 340, 1, 0, 0
16149, 460, 1, 0, 0
16249, 310, 1, 0, 0
16349, 370, 1, 0, 0
16449, 440, 1, 0, 0
16550, 480, 1, 0, 0
16650, 380, 1, 0, 0
16749, 404, 1, 0, 0
16849, 370, 1, 0, 0
16949, 330, 1, 0, 0
17049, 420, 1, 0, 0
17149, 420, 1, 0, 0
17249, 440, 1, 0, 0
17349, 440, 1, 0, 0
17450, 320, 1, 0, 0
17550, 320, 1, 0, 0
17650, 320, 1, 0, 0
17749, 393, 1, 0, 0
17849, 360, 1, 0, 0
17949, 400, 1, 0, 0
18049, 370, 1, 0, 0
18149, 420, 1, 0, 0
18249, 460, 1, 0, 0
18349, 420, 1, 0, 0
18449, 380, 1, 0, 0
18550, 370, 1, 0, 0
18650, 260, 1, 0, 0
18749, 373, 1, 0, 0
18849, 440, 1, 0, 0
18949, 470, 1, 0, 0
19049, 350, 1, 0, 0
19149, 460, 1, 0, 0
19249, 410, 1, 0, 0
19350, 380, 1, 0, 0
19450, 480, 1, 0, 0
19550, 250, 1, 0, 0
19650, 310, 1, 0, 0
19749, 424, 1, 0, 0
19849, 370, 1, 0, 0
19949, 420, 1, 0, 0
20049, 460, 1, 0, 0
20149, 440, 1, 0, 0
20249, 460, 1, 0, 0
20350, 500, 1, 0, 0
20450, 390, 1, 0, 0
20550, 330, 1, 0, 0
20650, 420, 1, 0, 0
20749, 545, 1, 0, 0
20849, 470, 1, 0, 0
20949, 390, 1, 0, 0
21049, 390, 1, 0, 0
21149, 400, 1, 0, 0
21249, 340, 1, 0, 0
21349, 430, 1, 0, 0
21449, 290, 1, 0, 0
21550, 460, 1, 0, 0
21650, 320, 1, 0, 0
21749, 414, 1, 0, 0
21849, 350, 1, 0, 0
21949, 370, 1, 0, 0
22049, 560, 1, 0, 0
22149, 360, 1, 0, 0
22249, 450, 1, 0, 0
22349, 400, 1, 0, 0
22450, 470, 1, 0, 0
22550, 300, 1, 0, 0
22650, 410, 1, 0, 0
22749, 313, 1, 0, 0
22849, 480, 1, 0, 0
22949, 430, 1, 0, 0
23049, 440, 1, 0, 0
23149, 390, 1, 0, 0
23249, 390, 1, 0, 0
23349, 420, 1, 0, 0
23450, 510, 1, 0, 0
23550, 340, 1, 0, 0
23650, 470, 1, 0, 0
23749, 424, 1, 0, 0
23849, 530, 1, 0, 0
23949, 350, 1, 0, 0
24049, 330, 1, 0, 0
24149, 280, 1, 0, 0
24249, 400, 1, 0, 0
24349, 440, 1, 0, 0
24450, 470, 1, 0, 0
24550, 410, 1, 0, 0
24650, 410, 1, 0, 0
24749, 404, 1, 0, 0
24849, 490, 1, 0, 0
24949, 350, 1, 0, 0
25049, 420, 1, 0, 0
25149, 450, 1, 0, 0
25249, 480, 1, 0, 0
25349, 350, 1, 0, 0
25450, 530, 1, 0, 0
25550, 500, 1, 0, 0
25650, 380, 1, 0, 0
25749, 414, 1, 0, 0
25849, 400, 1, 0, 0
25949, 320, 1, 0, 0
26049, 340, 1, 0, 0
26149, 400, 1, 0, 0
26249, 430, 1, 0, 0
26349, 360, 1, 0, 0
26450, 390, 1, 0, 0
26550, 390, 1, 0, 0
26650, 460, 1, 0, 0
26749, 272, 1, 0, 0
26849, 370, 1, 0, 0
26949, 420, 1, 0, 0
27049, 400, 1, 0, 0
27149, 410, 1, 0, 0
27249, 390, 1, 0, 0
27349, 410, 1, 0, 0
27450, 540, 1, 0, 0
27550, 430, 1, 0, 0
27650, 380, 1, 0, 0
27749, 383, 1, 0, 0
27849, 260, 1, 0, 0
27949, 340, 1, 0, 0
28049, 320, 1, 0, 0
28149, 460, 1, 0, 0
28249, 350, 1, 0, 0
28349, 430, 1, 0, 0
28449, 510, 1, 0, 0
28550, 560, 1, 0, 0
28650, 470, 1, 0, 0
28749, 424, 1, 0, 0
28849, 390, 1, 0, 0
28949, 470, 1, 0, 0
29049, 330, 1, 0, 0
29149, 470, 1, 0, 0
29249, 410, 1, 0, 0
29349, 430, 1, 0, 0
29449, 490, 1, 0, 0
29550, 390, 1, 0, 0
29650, 490, 1, 0, 0
29749, 424, 1, 0, 0
29849, 440, 1, 0, 0
29949, 330, 1, 0, 0
30049, 290, 1, 0, 0
30149, 450, 1, 0, 0
30249, 480, 1, 0, 0
30350, 510, 1, 0, 0
30450, 390, 1, 0, 0
30550, 480, 1, 0, 0
30650, 500, 1, 0, 0
30749, 383, 1, 0, 0
30849, 460, 1, 0, 0
30949, 350, 1, 0, 0
31049, 350, 1, 0, 0
31149, 440, 1, 0, 0
31249, 460, 1, 0, 0
31349, 440, 1, 0, 0
31450, 340, 1, 0, 0
31550, 200, 1, 0, 0
31650, 160, 1, 0, 0
31749, 212, 1, 0, 0
31849, 410, 1, 0, 0
31949, 350, 1, 0, 0
32049, 160, 1, 0, 0
32149, 430, 1, 0, 0
32249, 440, 1, 0, 0
32349, 450, 1, 0, 0
32449, 480, 1, 0, 0
32550, 360, 1, 0, 0
32650, 490, 1, 0, 0
32749, 383, 1, 0, 0
32849, 430, 1, 0, 0
32949, 330, 1, 0, 0
33049, 280, 1, 0, 0
33149, 440, 1, 0, 0
33249, 360, 1, 0, 0
33349, 340, 1, 0, 0
33450, 420, 1, 0, 0
33550, 530, 1, 0, 0
33650, 430, 1, 0, 0
33749, 323, 1, 0, 0
33849, 410, 1, 0, 0
33949, 360, 1, 0, 0
34049, 590, 1, 0, 0
34149, 420, 1, 0, 0
34249, 260, 1, 0, 0
34349, 340, 1, 0, 0
34450, 390, 1, 0, 0
34550, 330, 1, 0, 0
34650, 460, 1, 0, 0
34749, 363, 1, 0, 0
34849, 390, 1, 0, 0
34949, 450, 1, 0, 0
35049, 410, 1, 0, 0
35149, 340, 1, 0, 0
35249, 400, 1, 0, 0
35349, 260, 1, 0, 0
35450, 280, 1, 0, 0
35550, 230, 1, 0, 0
35650, 530, 1, 0, 0
35749, 434, 1, 0, 0
35849, 400, 1, 0, 0
35949, 280, 1, 0, 0
36049, 340, 1, 0, 0
36149, 450, 1, 0, 0
36249, 430, 1, 0, 0
36349, 270, 1, 0, 0
36449, 420, 1, 0, 0
36550, 300, 1, 0, 0
36650, 400, 1, 0, 0
36749, 383, 1, 0, 0
36849, 480, 1, 0, 0
36949, 330, 1, 0, 0
37049, 400, 1, 0, 0
37149, 410, 1, 0, 0
37249, 480, 1, 0, 0
37349, 400, 1, 0, 0
37449, 300, 1, 0, 0
37550, 270, 1, 0, 0
37650, 450, 1, 0, 0
37749, 353, 1, 0, 0
37849, 490, 1, 0, 0
37949, 300, 1, 0, 0
38049, 390, 1, 0, 0
38149, 400, 1, 0, 0
38249, 310, 1, 0, 0
38349, 430, 1, 0, 0
38449, 370, 1, 0, 0
38550, 410, 1, 0, 0
38650, 370, 1, 0, 0
38749, 272, 1, 0, 0
38849, 390, 1, 0, 0
38949, 410, 1, 0, 0
39049, 410, 1, 0, 0
39149, 390, 1, 0, 0
39250, 320, 1, 0, 0
39350, 400, 1, 0, 0
39450, 330, 1, 0, 0
39550, 230, 1, 0, 0
39650, 560, 1, 0, 0
39749, 444, 1, 0, 0
39849, 470, 1, 0, 0
39949, 370, 1, 0, 0
40049, 400, 1, 0, 0
40149, 490, 1, 0, 0
40250, 380, 1, 0, 0
40350, 350, 1, 0, 0
40450, 450, 1, 0, 0
40550, 440, 1, 0, 0
40650, 370, 1, 0, 0
40749, 404, 1, 0, 0
40849, 240, 1, 0, 0
40949, 400, 1, 0, 0
41049, 460, 1, 0, 0
41149, 470, 1, 0, 0
41250, 280, 1, 0, 0
41350, 410, 1, 0, 0
41450, 470, 1, 0, 0
41550, 340, 1, 0, 0
41650, 430, 1, 0, 0
41749, 424, 1, 0, 0
41849, 380, 1, 0, 0
41949, 380, 1, 0, 0
42050, 450, 1, 0, 0
42150, 410, 1, 0, 0
42249, 474, 1, 0, 0
42349, 390, 1, 0, 0
42449, 400, 1, 0, 0
42549, 450, 1, 0, 0
42649, 360, 1, 0, 0
42749, 460, 1, 0, 0
42849, 280, 1, 0, 0
42949, 290, 1, 0, 0
43050, 400, 1, 0, 0
43150, 390, 1, 0, 0
43249, 393, 1, 0, 0
43349, 530, 1, 0, 0
43449, 520, 1, 0, 0
43549, 250, 1, 0, 0
43649, 380, 1, 0, 0
43749, 310, 1, 0, 0
43849, 510, 1, 0, 0
43949, 500, 1, 0, 0
44050, 450, 1, 0, 0
44150, 500, 1, 0, 0
44249, 474, 1, 0, 0
44349, 390, 1, 0, 0
44449, 440, 1, 0, 0
44549, 350, 1, 0, 0
44649, 480, 1, 0, 0
44749, 440, 1, 0, 0
44849, 430, 1, 0, 0
44949, 350, 1, 0, 0
45050, 480, 1, 0, 0
45150, 440, 1, 0, 0
45249, 353, 1, 0, 0
45349, 410, 1, 0, 0
45449, 430, 1, 0, 0
45549, 390, 1, 0, 0
45649, 330, 1, 0, 0
45749, 470, 1, 0, 0
45849, 410, 1, 0, 0
45949, 420, 1, 0, 0
46050, 510, 1, 0, 0
46150, 440, 1, 0, 0
46249, 484, 1, 0, 0
46349, 450, 1, 0, 0
46449, 450, 1, 0, 0
46549, 360, 1, 0, 0
46649, 430, 1, 0, 0
46749, 340, 1, 0, 0
46849, 350, 1, 0, 0
46949, 400, 1, 0, 0
47049, 460, 1, 0, 0
47150, 410, 1, 0, 0
47250, 460, 1, 0, 0
47350, 420, 1, 0, 0
47450, 480, 1, 0, 0
47550, 480, 1, 0, 0
47650, 420, 1, 0, 0
47749, 444, 1, 0, 0
47849, 470, 1, 0, 0
47949, 270, 1, 0, 0
48049, 410, 1, 0, 0
48149, 420, 1, 0, 0
48250, 340, 1, 0, 0
48350, 420, 1, 0, 0
48450, 280, 1, 0, 0
48550, 450, 1, 0, 0
48650, 470, 1, 0, 0
48749, 363, 1, 0, 0
48849, 360, 1, 0, 0
48949, 320, 1, 0, 0
49049, 320, 1, 0, 0
49149, 380, 1, 0, 0
49249, 290, 1, 0, 0
49350, 270, 1, 0, 0
49450, 290, 1, 0, 0
49550, 470, 1, 0, 0
49650, 420, 1, 0, 0
49749, 363, 1, 0, 0
49849, 370, 1, 0, 0
49949, 410, 1, 0, 0
50049, 500, 1, 0, 0
50149, 490, 1, 0, 0
50249, 550, 1, 0, 0
50350, 480, 1, 0, 0
50450, 400, 1, 0, 0
50550, 450, 1, 0, 0
50650, 520, 1, 0, 0
50749, 565, 1, 0, 0
50849, 350, 1, 0, 0
50949, 420, 1, 0, 0
51049, 540, 1, 0, 0
51149, 280, 1, 0, 0
51250, 350, 1, 0, 0
51350, 310, 1, 0, 0
51450, 470, 1, 0, 0
51550, 410, 1, 0, 0
51650, 460, 1, 0, 0
51749, 484, 1, 0, 0
51849, 360, 1, 0, 0
51949, 440, 1, 0, 0
52049, 480, 1, 0, 0
52149, 340, 1, 0, 0
52250, 300, 1, 0, 0
52350, 400, 1, 0, 0
52450, 320, 1, 0, 0
52550, 560, 1, 0, 0
52650, 360, 1, 0, 0
52749, 292, 1, 0, 0
52849, 480, 1, 0, 0
52949, 430, 1, 0, 0
53049, 300, 1, 0, 0
53149, 400, 1, 0, 0
53250, 340, 1, 0, 0
53350, 530, 1, 0, 0
53450, 220, 1, 0, 0
53550, 200, 1, 0, 0
53650, 320, 1, 0, 0
53749, 454, 1, 0, 0
53849, 320, 1, 0, 0
53949, 330, 1, 0, 0
54049, 410, 1, 0, 0
54149, 430, 1, 0, 0
54249, 450, 1, 0, 0
54349, 340, 1, 0, 0
54450, 410, 1, 0, 0
54550, 440, 1, 0, 0
54650, 470, 1, 0, 0
54749, 383, 1, 0, 0
54849, 380, 1, 0, 0
54949, 370, 1, 0, 0
55049, 390, 1, 0, 0
55149, 260, 1, 0, 0
55249, 490, 1, 0, 0
55349, 270, 1, 0, 0
55450, 390, 1, 0, 0
55550, 360, 1, 0, 0
55650, 390, 1, 0, 0
55749, 313, 1, 0, 0
55849, 470, 1, 0, 0
55949, 380, 1, 0, 0
56049, 460, 1, 0, 0
56149, 410, 1, 0, 0
56249, 470, 1, 0, 0
56349, 430, 1, 0, 0
56449, 370, 1, 0, 0
56550, 430, 1, 0, 0
56650, 310, 1, 0, 0
56749, 393, 1, 0, 0
56849, 510, 1, 0, 0
56949, 390, 1, 0, 0
57049, 450, 1, 0, 0
57149, 320, 1, 0, 0
57249, 350, 1, 0, 0
57349, 360, 1, 0, 0
57449, 470, 1, 0, 0
57550, 220, 1, 0, 0
57650, 500, 1, 0, 0
57749, 373, 1, 0, 0
57849, 430, 1, 0, 0
57949, 290, 1, 0, 0
58049, 380, 1, 0, 0
58149, 450, 1, 0, 0
58249, 560, 1, 0, 0
58349, 430, 1, 0, 0
58449, 460, 1, 0, 0
58550, 400, 1, 0, 0
58650, 550, 1, 0, 0
58749, 363, 1, 0, 0
58849, 330, 1, 0, 0
58949, 280, 1, 0, 0
59049, 390, 1, 0, 0
59149, 410, 1, 0, 0
59249, 500, 1, 0, 0
59349, 370, 1, 0, 0
59449, 400, 1, 0, 0
59550, 360, 1, 0, 0
59650, 520, 1, 0, 0
59749, 434, 1, 0, 0
59849, 400, 1, 0, 0
59949, 300, 1, 0, 0
60049, 400, 1, 0, 0
60149, 340, 1, 0, 0
60249, 340, 1, 0, 0
60349, 410, 1, 0, 0
60449, 450, 1, 0, 0
60550, 510, 1, 0, 0
60650, 330, 1, 0, 0
60749, 323, 1, 0, 0
60849, 350, 1, 0, 0
60949, 460, 1, 0, 0
61049, 360, 1, 0, 0
61149, 280, 1, 0, 0
61249, 360, 1, 0, 0
61349, 540, 1, 0, 0
61449, 450, 1, 0, 0
61549, 510, 1, 0, 0
61649, 220, 1, 0, 0
61750, 250, 1, 0, 0
61850, 270, 1, 0, 0
61950, 320, 1, 0, 0
62050, 370, 1, 0, 0
62150, 220, 1, 0, 0
62249, 262, 1, 0, 0
62349, 470, 1, 0, 0
62449, 440, 1, 0, 0
62549, 400, 1, 0, 0
62649, 270, 1, 0, 0
62749, 290, 1, 0, 0
62850, 390, 1, 0, 0
62950, 390, 1, 0, 0
63050, 300, 1, 0, 0
63150, 450, 1, 0, 0
63249, 373, 1, 0, 0
63349, 380, 1, 0, 0
63449, 320, 1, 0, 0
63549, 360, 1, 0, 0
63649, 380, 1, 0, 0
63749, 380, 1, 0, 0
63849, 480, 1, 0, 0
63950, 400, 1, 0, 0
64050, 440, 1, 0, 0
64150, 440, 1, 0, 0
64249, 393, 1, 0, 0
64349, 530, 1, 0, 0
64449, 430, 1, 0, 0
64549, 460, 1, 0, 0
64649, 430, 1, 0, 0
64749, 430, 1, 0, 0
64849, 270, 1, 0, 0
64949, 400, 1, 0, 0
65050, 410, 1, 0, 0
65150, 330, 1, 0, 0
65249, 424, 1, 0, 0
65349, 480, 1, 0, 0
65449, 490, 1, 0, 0
65549, 330, 1, 0, 0
65649, 430, 1, 0, 0
65749, 390, 1, 0, 0
65849, 430, 1, 0, 0
65949, 320, 1, 0, 0
66050, 480, 1, 0, 0
66150, 400, 1, 0, 0
66249, 444, 1, 0, 0
66349, 350, 1, 0, 0
66449, 430, 1, 0, 0
66549, 440, 1, 0, 0
66649, 420, 1, 0, 0
66749, 540, 1, 0, 0
66849, 360, 1, 0, 0
66949, 370, 1, 0, 0
67050, 470, 1, 0, 0
67150, 480, 1, 0, 0
67249, 343, 1, 0, 0
67349, 510, 1, 0, 0
67449, 300, 1, 0, 0
67549, 420, 1, 0, 0
67649, 360, 1, 0, 0
67749, 350, 1, 0, 0
67849, 490, 1, 0, 0
67949, 400, 1, 0, 0
68050, 430, 1, 0, 0
68150, 370, 1, 0, 0
68249, 212, 1, 0, 0
68349, 430, 1, 0, 0
68449, 470, 1, 0, 0
68549, 560, 1, 0, 0
68649, 450, 1, 0, 0
68749, 380, 1, 0, 0
68849, 500, 1, 0, 0
68950, 360, 1, 0, 0
69050, 510, 1, 0, 0
69150, 400, 1, 0, 0
69249, 353, 1, 0, 0
69349, 340, 1, 0, 0
69449, 470, 1, 0, 0
69549, 410, 1, 0, 0
69649, 440, 1, 0, 0
69749, 330, 1, 0, 0
69849, 330, 1, 0, 0
69950, 420, 1, 0, 0
70050, 320, 1, 0, 0
70150, 450, 1, 0, 0
70249, 343, 1, 0, 0
70349, 380, 1, 0, 0
70449, 460, 1, 0, 0
70549, 340, 1, 0, 0
70649, 380, 1, 0, 0
70749, 310, 1, 0, 0
70849, 370, 1, 0, 0
70949, 400, 1, 0, 0
71050, 410, 1, 0, 0
71150, 460, 1, 0, 0
71249, 464, 1, 0, 0
71349, 250, 1, 0, 0
71449, 310, 1, 0, 0
71549, 370, 1, 0, 0
71649, 490, 1, 0, 0
71749, 180, 1, 0, 0
71849, 400, 1, 0, 0
71949, 380, 1, 0, 0
72050, 500, 1, 0, 0
72150, 390, 1, 0, 0
72249, 414, 1, 0, 0
72349, 330, 1, 0, 0
72449, 460, 1, 0, 0
72549, 580, 1, 0, 0
72649, 470, 1, 0, 0
72749, 490, 1, 0, 0
72849, 410, 1, 0, 0
72949, 480, 1, 0, 0
73049, 330, 1, 0, 0
73150, 420, 1, 0, 0
73249, 353, 1, 0, 0
73349, 390, 1, 0, 0
73449, 330, 1, 0, 0
73549, 320, 1, 0, 0
73649, 260, 1, 0, 0
73749, 430, 1, 0, 0
73849, 450, 1, 0, 0
73949, 340, 1, 0, 0
74049, 440, 1, 0, 0
74149, 400, 1, 0, 0
74250, 330, 1, 0, 0
74350, 380, 1, 0, 0
74450, 300, 1, 0, 0
74550, 350, 1, 0, 0
74650, 340, 1, 0, 0
74749, 494, 1, 0, 0
74849, 320, 1, 0, 0
74949, 380, 1, 0, 0
75049, 470, 1, 0, 0
75149, 530, 1, 0, 0
75250, 380, 1, 0, 0
75350, 340, 1, 0, 0
75450, 440, 1, 0, 0
75550, 430, 1, 0, 0
75650, 190, 1, 0, 0
75749, 484, 1, 0, 0
75849, 280, 1, 0, 0
75949, 490, 1, 0, 0
76049, 480, 1, 0, 0
76149, 490, 1, 0, 0
76250, 510, 1, 0, 0
76350, 430, 1, 0, 0
76450, 440, 1, 0, 0
76550, 380, 1, 0, 0
76650, 470, 1, 0, 0
76749, 434, 1, 0, 0
76849, 340, 1, 0, 0
76949, 390, 1, 0, 0
77049, 410, 1, 0, 0
77150, 410, 1, 0, 0
77250, 360, 1, 0, 0
77350, 330, 1, 0, 0
77450, 270, 1, 0, 0
77550, 420, 1, 0, 0
77650, 530, 1, 0, 0
77749, 454, 1, 0, 0
77849, 340, 1, 0, 0
77949, 450, 1, 0, 0
78049, 490, 1, 0, 0
78149, 400, 1, 0, 0
78250, 400, 1, 0, 0
78350, 380, 1, 0, 0
78450, 400, 1, 0, 0
78550, 340, 1, 0, 0
78650, 410, 1, 0, 0
78749, 383, 1, 0, 0
78849, 370, 1, 0, 0
78949, 390, 1, 0, 0
79049, 460, 1, 0, 0
79149, 470, 1, 0, 0
79250, 420, 1, 0, 0
79350, 400, 1, 0, 0
79450, 590, 1, 0, 0
79550, 370, 1, 0, 0
79650, 470, 1, 0, 0
79749, 414, 1, 0, 0
79849, 480, 1, 0, 0
79949, 360, 1, 0, 0
80049, 370, 1, 0, 0
80149, 260, 1, 0, 0
80250, 520, 1, 0, 0
80350, 280, 1, 0, 0
80450, 330, 1, 0, 0
80550, 370, 1, 0, 0
80650, 510, 1, 0, 0
80749, 252, 1, 0, 0
80849, 340, 1, 0, 0
80949, 400, 1, 0, 0
81049, 340, 1, 0, 0
81149, 430, 1, 0, 0
81250, 280, 1, 0, 0
81350, 330, 1, 0, 0
81450, 260, 1, 0, 0
81550, 450, 1, 0, 0
81650, 420, 1, 0, 0
81749, 404, 1, 0, 0
81849, 300, 1, 0, 0
81949, 440, 1, 0, 0
82049, 440, 1, 0, 0
82149, 470, 1, 0, 0
82250, 160, 1, 0, 0
82350, 270, 1, 0, 0
82450, 330, 1, 0, 0
82550, 450, 1, 0, 0
82650, 400, 1, 0, 0
82749, 333, 1, 0, 0
82849, 400, 1, 0, 0
82949, 470, 1, 0, 0
83050, 330, 1, 0, 0
83150, 490, 1, 0, 0
83249, 303, 1, 0, 0
83349, 390, 1, 0, 0
83449, 360, 1, 0, 0
83549, 410, 1, 0, 0
83649, 510, 1, 0, 0
83749, 380, 1, 0, 0
83849, 350, 1, 0, 0
83949, 400, 1, 0, 0
84050, 330, 1, 0, 0
84150, 480, 1, 0, 0
84249, 404, 1, 0, 0
84349, 390, 1, 0, 0
84449, 400, 1, 0, 0
84549, 370, 1, 0, 0
84649, 380, 1, 0, 0
84749, 380, 1, 0, 0
84849, 300, 1, 0, 0
84949, 370, 1, 0, 0
85050, 500, 1, 0, 0
85150, 380, 1, 0, 0
85249, 484, 1, 0, 0
85349, 320, 1, 0, 0
85449, 440, 1, 0, 0
85549, 370, 1, 0, 0
85649, 430, 1, 0, 0
85749, 410, 1, 0, 0
85849, 360, 1, 0, 0
85949, 400, 1, 0, 0
86050, 300, 1, 0, 0
86150, 560, 1, 0, 0
86249, 414, 1, 0, 0
86349, 430, 1, 0, 0
86449, 270, 1, 0, 0
86549, 440, 1, 0, 0
86649, 420, 1, 0, 0
86749, 610, 1, 0, 0
86849, 370, 1, 0, 0
86949, 380, 1, 0, 0
87050, 470, 1, 0, 0
87150, 390, 1, 0, 0
87249, 383, 1, 0, 0
87349, 430, 1, 0, 0
87449, 440, 1, 0, 0
87549, 480, 1, 0, 0
87649, 320, 1, 0, 0
87749, 380, 1, 0, 0
87849, 550, 1, 0, 0
87949, 340, 1, 0, 0
88050, 380, 1, 0, 0
88150, 400, 1, 0, 0
88249, 464, 1, 0, 0
88349, 480, 1, 0, 0
88449, 270, 1, 0, 0
88549, 480, 1, 0, 0
88649, 290, 1, 0, 0
88749, 440, 1, 0, 0
88849, 390, 1, 0, 0
88949, 330, 1, 0, 0
89050, 390, 1, 0, 0
89150, 330, 1, 0, 0
89249, 303, 1, 0, 0
89349, 450, 1, 0, 0
89449, 360, 1, 0, 0
89549, 450, 1, 0, 0
89649, 310, 1, 0, 0
89749, 310, 1, 0, 0
89849, 410, 1, 0, 0
89950, 390, 1, 0, 0
