100, 8102, 0, 0, 0
201, 8521, 0, 0, 0
300, 7470, 0, 0, 0
402, 7215, 0, 0, 0
504, 8191, 0, 0, 0
603, 7137, 0, 0, 0
702, 6987, 0, 0, 0
803, 7936, 0, 0, 0
900, 7505, 0, 0, 0
1008, 7038, 0, 0, 0
1101, 7139, 0, 0, 0
1206, 8000, 0, 0, 0
1302, 7128, 0, 0, 0
1407, 8493, 0, 0, 0
1500, 9443, 0, 0, 0
1600, 9341, 0, 0, 0
1700, 9468, 0, 0, 0
1801, 9272, 0, 0, 0
1909, 9068, 0, 0, 0
2000, 9591, 0, 0, 0
2102, 8896, 0, 0, 0
2201, 8566, 0, 0, 0
2302, 7681, 0, 0, 0
2404, 8631, 0, 0, 0
2501, 10126, 0, 0, 0
2600, 9264, 0, 0, 0
2700, 9435, 0, 0, 0
2804, 7994, 0, 0, 0
2903, 8152, 0, 0, 0
3000, 8447, 0, 0, 0
3101, 9618, 0, 0, 0
3201, 8627, 0, 0, 0
3300, 10423, 0, 0, 0
3401, 7767, 0, 0, 0
3503, 8736, 0, 0, 0
3605, 9061, 0, 0, 0
3701, 8580, 0, 0, 0
3801, 8582, 0, 0, 0
3900, 8274, 0, 0, 0
4003, 8901, 0, 0, 0
4101, 8397, 0, 0, 0
4204, 9300, 0, 0, 0
4301, 9532, 0, 0, 0
4403, 7774, 0, 0, 0
4502, 7632, 0, 0, 0
4606, 7706, 0, 0, 0
4701, 7169, 0, 0, 0
4800, 7548, 0, 0, 0
4902, 7495, 0, 0, 0
5001, 9190, 0, 0, 0
5100, 7612, 0, 0, 0
5201, 7652, 0, 0, 0
5300, 7731, 0, 0, 0
5400, 7712, 0, 0, 0
5504, 7437, 0, 0, 0
5602, 8158, 0, 0, 0
5701, 8855, 0, 0, 0
5803, 10061, 0, 0, 0
5900, 7568, 0, 0, 0
6001, 8342, 0, 0, 0
6105, 9900, 0, 0, 0
6201, 7993, 0, 0, 0
6300, 8387, 0, 0, 0
6402, 8263, 0, 0, 0
6503, 7341, 0, 0, 0
6601, 6744, 0, 0, 0
6705, 7591, 0, 0, 0
6803, 7403, 0, 0, 0
6904, 7867, 0, 0, 0
7003, 7587, 0, 0, 0
7105, 6839, 0, 0, 0
7207, 7651, 0, 0, 0
7300, 7379, 0, 0, 0
7407, 7986, 0, 0, 0
7500, 8645, 0, 0, 0
7610, 8150, 0, 0, 0
7702, 7840, 0, 0, 0
7801, 7415, 0, 0, 0
7901, 7718, 0, 0, 0
8003, 8067, 0, 0, 0
8100, 7515, 0, 0, 0
8202, 7193, 0, 0, 0
8304, 8272, 0, 0, 0
8401, 7332, 0, 0, 0
8507, 7531, 0, 0, 0
8601, 8326, 0, 0, 0
8705, 7468, 0, 0, 0
8800, 7205, 0, 0, 0
8901, 7393, 0, 0, 0
9003, 7783, 0, 0, 0
9100, 7078, 0, 0, 0
9202, 7297, 0, 0, 0
9300, 7956, 0, 0, 0
9404, 8688, 0, 0, 0
9501, 10819, 0, 0, 0
9602, 8918, 0, 0, 0
9700, 9538, 0, 0, 0
9803, 9058, 0, 0, 0
9906, 6978, 0, 0, 0
10000, 7285, 0, 0, 0
10100, 7138, 0, 0, 0
10203, 6432, 0, 0, 0
10301, 8057, 0, 0, 0
10401, 7183, 0, 0, 0
10503, 6648, 0, 0, 0
10604, 7417, 0, 0, 0
10700, 7806, 0, 0, 0
10809, 8067, 0, 0, 0
10900, 7938, 0, 0, 0
11007, 8577, 0, 0, 0
11100, 8550, 0, 0, 0
11200, 9209, 0, 0, 0
11300, 10503, 0, 0, 0
11404, 9064, 0, 0, 0
11500, 8253, 0, 0, 0
11606, 9811, 0, 0, 0
11700, 8809, 0, 0, 0
11805, 8607, 0, 0, 0
11900, 7469, 0, 0, 0
12003, 7737, 0, 0, 0
12101, 7086, 0, 0, 0
12203, 7552, 0, 0, 0
12302, 8139, 0, 0, 0
12402, 7630, 0, 0, 0
12500, 6800, 0, 0, 0
12601, 8787, 0, 0, 0
12701, 8432, 0, 0, 0
12800, 7732, 0, 0, 0
12901, 8292, 0, 0, 0
13000, 8727, 0, 0, 0
13101, 8335, 0, 0, 0
13203, 8170, 0, 0, 0
13301, 7846, 0, 0, 0
13403, 7624, 0, 0, 0
13502, 8198, 0, 0, 0
13602, 8536, 0, 0, 0
13700, 8845, 0, 0, 0
13803, 8803, 0, 0, 0
13909, 7346, 0, 0, 0
14001, 7935, 0, 0, 0
14105, 6690, 0, 0, 0
14205, 6974, 0, 0, 0
14303, 7609, 0, 0, 0
14404, 7898, 0, 0, 0
14503, 7770, 0, 0, 0
14604, 7141, 0, 0, 0
14701, 6399, 0, 0, 0
14802, 6058, 0, 0, 0
14901, 7237, 0, 0, 0
15007, 7564, 0, 0, 0
15102, 7409, 0, 0, 0
15204, 8505, 0, 0, 0
15301, 8145, 0, 0, 0
15410, 9018, 0, 0, 0
15507, 8779, 0, 0, 0
15601, 9067, 0, 0, 0
15705, 8511, 0, 0, 0
15800, 7750, 0, 0, 0
15904, 8574, 0, 0, 0
16001, 7826, 0, 0, 0
16104, 7985, 0, 0, 0
16201, 7418, 0, 0, 0
16302, 8436, 0, 0, 0
16402, 8261, 0, 0, 0
16502, 8267, 0, 0, 0
16600, 8323, 0, 0, 0
16701, 8700, 0, 0, 0
16800, 8802, 0, 0, 0
16904, 9742, 0, 0, 0
17000, 10170, 0, 0, 0
17100, 9341, 0, 0, 0
17200, 8238, 0, 0, 0
17301, 7926, 0, 0, 0
17407, 8594, 0, 0, 0
17503, 8666, 0, 0, 0
17600, 9433, 0, 0, 0
17701, 8577, 0, 0, 0
17804, 8539, 0, 0, 0
17903, 8068, 0, 0, 0
18001, 8326, 0, 0, 0
18106, 8056, 0, 0, 0
18201, 8054, 0, 0, 0
18300, 8238, 0, 0, 0
18401, 7267, 0, 0, 0
18502, 7858, 0, 0, 0
18602, 9401, 0, 0, 0
18703, 9284, 0, 0, 0
18802, 8764, 0, 0, 0
18904, 8428, 0, 0, 0
19002, 8785, 0, 0, 0
19103, 9040, 0, 0, 0
19204, 8908, 0, 0, 0
19303, 8300, 0, 0, 0
19400, 9220, 0, 0, 0
19501, 8669, 0, 0, 0
19601, 8916, 0, 0, 0
19701, 9236, 0, 0, 0
19800, 7166, 0, 0, 0
19902, 7110, 0, 0, 0
20001, 7671, 0, 0, 0
20103, 9454, 0, 0, 0
20205, 9549, 0, 0, 0
20300, 8130, 0, 0, 0
20401, 8226, 0, 0, 0
20502, 9598, 0, 0, 0
20601, 9432, 0, 0, 0
20705, 9655, 0, 0, 0
20800, 8718, 0, 0, 0
20902, 8413, 0, 0, 0
21000, 8624, 0, 0, 0
21100, 8263, 0, 0, 0
21206, 8596, 0, 0, 0
21305, 8269, 0, 0, 0
21404, 8495, 0, 0, 0
21501, 9099, 0, 0, 0
21603, 9179, 0, 0, 0
21702, 7561, 0, 0, 0
21804, 8346, 0, 0, 0
21902, 7373, 0, 0, 0
22001, 7343, 0, 0, 0
22100, 7755, 0, 0, 0
22201, 7751, 0, 0, 0
22304, 9620, 0, 0, 0
22401, 7414, 0, 0, 0
22500, 8252, 0, 0, 0
22602, 7862, 0, 0, 0
22707, 7785, 0, 0, 0
22804, 7747, 0, 0, 0
22902, 7957, 0, 0, 0
23007, 7696, 0, 0, 0
23100, 7627, 0, 0, 0
23211, 7362, 0, 0, 0
23301, 6817, 0, 0, 0
23403, 6516, 0, 0, 0
23504, 7841, 0, 0, 0
23602, 7833, 0, 0, 0
23700, 6815, 0, 0, 0
23801, 7486, 0, 0, 0
23905, 6911, 0, 0, 0
24001, 7666, 0, 0, 0
24107, 7544, 0, 0, 0
24205, 7024, 0, 0, 0
24303, 7458, 0, 0, 0
24403, 7805, 0, 0, 0
24501, 8360, 0, 0, 0
24603, 8327, 0, 0, 0
24700, 7920, 0, 0, 0
24802, 7839, 0, 0, 0
24902, 8158, 0, 0, 0
25001, 7632, 0, 0, 0
25102, 7201, 0, 0, 0
25201, 7840, 0, 0, 0
25301, 7512, 0, 0, 0
25403, 7668, 0, 0, 0
25505, 7264, 0, 0, 0
25602, 7484, 0, 0, 0
25701, 8448, 0, 0, 0
25801, 8039, 0, 0, 0
25903, 8537, 0, 0, 0
26001, 8383, 0, 0, 0
26103, 8533, 0, 0, 0
26201, 9230, 0, 0, 0
26300, 7585, 0, 0, 0
26401, 7896, 0, 0, 0
26500, 9627, 0, 0, 0
26601, 8610, 0, 0, 0
26704, 8273, 0, 0, 0
26807, 7908, 0, 0, 0
26902, 8578, 0, 0, 0
27003, 8083, 0, 0, 0
27102, 8684, 0, 0, 0
27202, 7654, 0, 0, 0
27300, 8253, 0, 0, 0
27402, 9098, 0, 0, 0
27504, 7769, 0, 0, 0
27603, 9316, 0, 0, 0
27700, 7530, 0, 0, 0
27804, 8010, 0, 0, 0
27904, 7856, 0, 0, 0
28000, 8707, 0, 0, 0
28103, 8357, 0, 0, 0
28203, 10101, 0, 0, 0
28300, 6454, 0, 0, 0
28406, 7059, 0, 0, 0
28504, 7764, 0, 0, 0
28601, 7083, 0, 0, 0
28701, 7771, 0, 0, 0
28804, 8524, 0, 0, 0
28904, 7862, 0, 0, 0
29001, 8056, 0, 0, 0
29103, 8347, 0, 0, 0
29200, 8845, 0, 0, 0
29300, 8497, 0, 0, 0
29400, 8277, 0, 0, 0
29511, 7571, 0, 0, 0
29604, 7975, 0, 0, 0
29704, 7976, 0, 0, 0
29803, 8876, 0, 0, 0
29900, 7931, 0, 0, 0
30002, 8177, 0, 0, 0
30103, 7998, 0, 0, 0
30201, 7624, 0, 0, 0
30302, 8126, 0, 0, 0
30403, 7621, 0, 0, 0
30502, 7956, 0, 0, 0
30601, 6935, 0, 0, 0
30700, 7804, 0, 0, 0
30800, 7712, 0, 0, 0
30903, 7791, 0, 0, 0
31001, 9686, 0, 0, 0
31105, 8540, 0, 0, 0
31203, 8851, 0, 0, 0
31302, 9629, 0, 0, 0
31402, 8679, 0, 0, 0
31500, 8867, 0, 0, 0
31611, 8140, 0, 0, 0
31701, 8029, 0, 0, 0
31805, 8152, 0, 0, 0
31900, 7086, 0, 0, 0
32009, 8726, 0, 0, 0
32100, 8004, 0, 0, 0
32202, 8109, 0, 0, 0
32302, 8382, 0, 0, 0
32400, 8997, 0, 0, 0
32501, 9502, 0, 0, 0
32601, 8550, 0, 0, 0
32712, 8476, 0, 0, 0
32802, 7764, 0, 0, 0
32900, 6941, 0, 0, 0
33004, 8334, 0, 0, 0
33104, 9632, 0, 0, 0
33204, 7441, 0, 0, 0
33302, 8827, 0, 0, 0
33401, 8599, 0, 0, 0
33502, 8342, 0, 0, 0
33601, 8097, 0, 0, 0
33700, 8608, 0, 0, 0
33802, 8887, 0, 0, 0
33903, 7773, 0, 0, 0
34003, 10136, 0, 0, 0
34101, 7908, 0, 0, 0
34202, 8794, 0, 0, 0
34300, 8534, 0, 0, 0
34403, 8308, 0, 0, 0
34501, 7740, 0, 0, 0
34601, 8785, 0, 0, 0
34704, 8788, 0, 0, 0
34801, 7970, 0, 0, 0
34901, 8243, 0, 0, 0
35003, 8466, 0, 0, 0
35102, 8722, 0, 0, 0
35202, 8625, 0, 0, 0
35302, 7503, 0, 0, 0
35401, 7735, 0, 0, 0
35500, 8787, 0, 0, 0
35601, 7501, 0, 0, 0
35708, 8253, 0, 0, 0
35804, 7365, 0, 0, 0
35901, 8173, 0, 0, 0
36003, 7533, 0, 0, 0
36101, 8793, 0, 0, 0
36201, 7980, 0, 0, 0
36300, 8020, 0, 0, 0
36402, 7897, 0, 0, 0
36503, 7881, 0, 0, 0
36608, 7694, 0, 0, 0
36702, 8819, 0, 0, 0
36801, 9715, 0, 0, 0
36904, 8007, 0, 0, 0
37000, 7252, 0, 0, 0
37107, 7839, 0, 0, 0
37204, 8675, 0, 0, 0
37300, 7892, 0, 0, 0
37403, 7683, 0, 0, 0
37505, 7291, 0, 0, 0
37605, 7420, 0, 0, 0
37706, 7022, 0, 0, 0
37813, 7574, 0, 0, 0
37901, 7461, 0, 0, 0
38002, 7852, 0, 0, 0
38105, 7960, 0, 0, 0
38203, 8546, 0, 0, 0
38300, 7541, 0, 0, 0
38413, 8026, 0, 0, 0
38509, 8585, 0, 0, 0
38603, 9457, 0, 0, 0
38700, 8029, 0, 0, 0
38800, 7470, 0, 0, 0
38900, 7444, 0, 0, 0
39001, 7323, 0, 0, 0
39100, 8349, 0, 0, 0
39201, 7496, 0, 0, 0
39301, 7236, 0, 0, 0
39400, 7494, 0, 0, 0
39506, 7632, 0, 0, 0
39600, 8157, 0, 0, 0
39702, 7821, 0, 0, 0
39806, 8727, 0, 0, 0
39903, 9701, 0, 0, 0
40004, 6861, 0, 0, 0
40110, 7912, 0, 0, 0
40205, 8110, 0, 0, 0
40304, 9167, 0, 0, 0
40400, 8810, 0, 0, 0
40500, 7960, 0, 0, 0
40601, 8945, 0, 0, 0
40701, 8771, 0, 0, 0
40800, 8057, 0, 0, 0
40906, 8785, 0, 0, 0
41005, 9879, 0, 0, 0
41102, 8234, 0, 0, 0
41203, 8631, 0, 0, 0
41303, 7983, 0, 0, 0
41401, 7191, 0, 0, 0
41500, 8844, 0, 0, 0
41601, 9200, 0, 0, 0
41703, 9843, 0, 0, 0
41801, 8140, 0, 0, 0
41904, 7685, 0, 0, 0
42003, 8950, 0, 0, 0
42103, 8257, 0, 0, 0
42200, 7353, 0, 0, 0
42301, 7683, 0, 0, 0
42404, 7944, 0, 0, 0
42502, 8586, 0, 0, 0
42604, 8204, 0, 0, 0
42701, 8319, 0, 0, 0
42807, 8569, 0, 0, 0
42903, 8783, 0, 0, 0
43002, 8505, 0, 0, 0
43105, 8811, 0, 0, 0
43200, 8288, 0, 0, 0
43305, 7894, 0, 0, 0
43401, 7451, 0, 0, 0
43506, 8984, 0, 0, 0
43601, 7903, 0, 0, 0
43700, 7760, 0, 0, 0
43803, 7961, 0, 0, 0
43907, 7103, 0, 0, 0
44006, 7495, 0, 0, 0
44106, 8156, 0, 0, 0
44202, 7941, 0, 0, 0
44304, 7501, 0, 0, 0
44403, 7358, 0, 0, 0
44505, 6977, 0, 0, 0
44600, 6731, 0, 0, 0
44704, 7359, 0, 0, 0
44801, 7897, 0, 0, 0
44902, 7050, 0, 0, 0
45004, 7326, 0, 0, 0
45105, 7558, 0, 0, 0
45202, 8300, 0, 0, 0
45301, 7161, 0, 0, 0
45403, 8229, 0, 0, 0
45500, 8147, 0, 0, 0
45602, 8231, 0, 0, 0
45707, 8790, 0, 0, 0
45804, 7985, 0, 0, 0
45901, 8748, 0, 0, 0
46001, 7959, 0, 0, 0
46102, 7902, 0, 0, 0
46204, 8335, 0, 0, 0
46301, 7350, 0, 0, 0
46405, 9035, 0, 0, 0
46501, 8416, 0, 0, 0
46608, 9556, 0, 0, 0
46701, 8214, 0, 0, 0
46801, 7965, 0, 0, 0
46900, 8055, 0, 0, 0
47000, 7993, 0, 0, 0
47101, 8679, 0, 0, 0
47200, 8262, 0, 0, 0
47302, 8530, 0, 0, 0
47403, 8385, 0, 0, 0
47503, 7723, 0, 0, 0
47606, 7934, 0, 0, 0
47707, 7032, 0, 0, 0
47800, 7190, 0, 0, 0
47905, 6973, 0, 0, 0
48003, 7690, 0, 0, 0
48103, 8481, 0, 0, 0
48202, 7919, 0, 0, 0
48305, 8887, 0, 0, 0
48400, 7390, 0, 0, 0
48500, 8823, 0, 0, 0
48601, 7315, 0, 0, 0
48702, 7486, 0, 0, 0
48800, 8257, 0, 0, 0
48901, 8076, 0, 0, 0
49001, 9737, 0, 0, 0
49100, 8678, 0, 0, 0
49201, 10253, 0, 0, 0
49303, 8656, 0, 0, 0
49402, 8480, 0, 0, 0
49506, 8498, 0, 0, 0
49602, 8106, 0, 0, 0
49703, 8051, 0, 0, 0
49806, 8141, 0, 0, 0
49901, 8222, 0, 0, 0
50005, 8190, 0, 0, 0
50101, 8413, 0, 0, 0
50200, 8714, 0, 0, 0
50300, 7702, 0, 0, 0
50401, 8584, 0, 0, 0
50501, 9063, 0, 0, 0
50603, 9282, 0, 0, 0
50700, 8290, 0, 0, 0
50800, 8237, 0, 0, 0
50900, 8656, 0, 0, 0
51005, 8150, 0, 0, 0
51106, 8342, 0, 0, 0
51205, 7689, 0, 0, 0
51301, 8225, 0, 0, 0
51403, 8037, 0, 0, 0
51503, 7378, 0, 0, 0
51600, 7895, 0, 0, 0
51701, 8955, 0, 0, 0
51801, 7974, 0, 0, 0
51906, 7696, 0, 0, 0
52001, 8099, 0, 0, 0
52105, 8742, 0, 0, 0
52201, 8242, 0, 0, 0
52301, 6950, 0, 0, 0
52401, 8119, 0, 0, 0
52503, 9088, 0, 0, 0
52608, 8245, 0, 0, 0
52701, 7877, 0, 0, 0
52803, 7869, 0, 0, 0
52902, 8213, 0, 0, 0
53003, 8878, 0, 0, 0
53102, 7757, 0, 0, 0
53202, 7898, 0, 0, 0
53300, 8070, 0, 0, 0
53402, 8562, 0, 0, 0
53503, 8479, 0, 0, 0
53600, 7867, 0, 0, 0
53702, 8435, 0, 0, 0
53800, 7160, 0, 0, 0
53908, 8259, 0, 0, 0
54002, 8795, 0, 0, 0
54104, 8004, 0, 0, 0
54200, 7441, 0, 0, 0
54302, 7979, 0, 0, 0
54401, 7056, 0, 0, 0
54503, 7246, 0, 0, 0
54600, 7598, 0, 0, 0
54703, 8654, 0, 0, 0
54805, 9462, 0, 0, 0
54900, 8084, 0, 0, 0
55007, 7938, 0, 0, 0
55100, 7231, 0, 0, 0
55201, 7188, 0, 0, 0
55305, 7949, 0, 0, 0
55402, 7671, 0, 0, 0
55502, 7704, 0, 0, 0
55601, 8125, 0, 0, 0
55703, 8311, 0, 0, 0
55801, 7923, 0, 0, 0
55906, 6782, 0, 0, 0
56002, 8214, 0, 0, 0
56102, 7494, 0, 0, 0
56204, 8425, 0, 0, 0
56312, 7374, 0, 0, 0
56402, 6951, 0, 0, 0
56502, 8178, 0, 0, 0
56602, 8225, 0, 0, 0
56701, 7196, 0, 0, 0
56805, 7718, 0, 0, 0
56902, 7840, 0, 0, 0
57002, 9011, 0, 0, 0
57102, 6925, 0, 0, 0
57203, 7342, 0, 0, 0
57301, 9740, 0, 0, 0
57405, 7661, 0, 0, 0
57502, 7219, 0, 0, 0
57601, 7913, 0, 0, 0
57703, 7615, 0, 0, 0
57803, 7779, 0, 0, 0
57902, 8684, 0, 0, 0
58002, 8951, 0, 0, 0
58106, 8041, 0, 0, 0
58201, 7637, 0, 0, 0
58301, 7819, 0, 0, 0
58400, 7899, 0, 0, 0
58500, 7599, 0, 0, 0
58600, 7771, 0, 0, 0
58703, 7651, 0, 0, 0
58800, 8243, 0, 0, 0
58904, 7379, 0, 0, 0
59003, 8283, 0, 0, 0
59101, 8465, 0, 0, 0
59202, 9686, 0, 0, 0
59301, 7680, 0, 0, 0
59408, 7181, 0, 0, 0
59503, 7517, 0, 0, 0
59602, 8154, 0, 0, 0
59700, 7245, 0, 0, 0
59802, 7542, 0, 0, 0
59905, 7130, 0, 0, 0
60002, 7268, 0, 0, 0
