100, 355116, 0, 0, 0
102, 887593, 1, 0, 0
200, 820579, 1, 0, 0
200, 334844, 0, 0, 0
300, 339019, 0, 0, 0
300, 842355, 1, 0, 0
400, 330423, 0, 0, 0
401, 828393, 1, 0, 0
500, 342033, 0, 0, 0
500, 856059, 1, 0, 0
600, 858839, 1, 0, 0
600, 355295, 0, 0, 0
700, 364641, 0, 0, 0
700, 869451, 1, 0, 0
800, 355115, 0, 0, 0
801, 848009, 1, 0, 0
900, 847147, 1, 0, 0
900, 346748, 0, 0, 0
1000, 350443, 0, 0, 0
1000, 852598, 1, 0, 0
1100, 335151, 0, 0, 0
1100, 817514, 1, 0, 0
1200, 847439, 1, 0, 0
1200, 338942, 0, 0, 0
1300, 346337, 0, 0, 0
1301, 845673, 1, 0, 0
1400, 448646, 0, 0, 0
1400, 936298, 1, 0, 0
1500, 332185, 0, 0, 0
1500, 823696, 1, 0, 0
1600, 835517, 1, 0, 0
1600, 334416, 0, 0, 0
1700, 346831, 0, 0, 0
1700, 840865, 1, 0, 0
1800, 356754, 0, 0, 0
1800, 844348, 1, 0, 0
1900, 339188, 0, 0, 0
1900, 842842, 1, 0, 0
2000, 852055, 1, 0, 0
2000, 335651, 0, 0, 0
2100, 334674, 0, 0, 0
2100, 830762, 1, 0, 0
2200, 834711, 1, 0, 0
2200, 343787, 0, 0, 0
2300, 349337, 0, 0, 0
2300, 809889, 1, 0, 0
2400, 332055, 0, 0, 0
2400, 832101, 1, 0, 0
2500, 336591, 0, 0, 0
2500, 839067, 1, 0, 0
2600, 849549, 1, 0, 0
2600, 330847, 0, 0, 0
2700, 836499, 1, 0, 0
2701, 356006, 0, 0, 0
2800, 331243, 0, 0, 0
2801, 924869, 1, 0, 0
2900, 342787, 0, 0, 0
2900, 804572, 1, 0, 0
3000, 347965, 0, 0, 0
3001, 828581, 1, 0, 0
3100, 341050, 0, 0, 0
3100, 819882, 1, 0, 0
3200, 866544, 1, 0, 0
3200, 333021, 0, 0, 0
3300, 340710, 0, 0, 0
3300, 803038, 1, 0, 0
3400, 838397, 1, 0, 0
3400, 350180, 0, 0, 0
3500, 845521, 1, 0, 0
3500, 345238, 0, 0, 0
3600, 862729, 1, 0, 0
3601, 364019, 0, 0, 0
3700, 818615, 1, 0, 0
3700, 327498, 0, 0, 0
3800, 343608, 0, 0, 0
3800, 855589, 1, 0, 0
3900, 337779, 0, 0, 0
3900, 832047, 1, 0, 0
4000, 840320, 1, 0, 0
4000, 325509, 0, 0, 0
4100, 347834, 0, 0, 0
4100, 891580, 1, 0, 0
4200, 343078, 0, 0, 0
4200, 836836, 1, 0, 0
4300, 846963, 1, 0, 0
4300, 341923, 0, 0, 0
4400, 860284, 1, 0, 0
4400, 342768, 0, 0, 0
4500, 818954, 1, 0, 0
4500, 353145, 0, 0, 0
4600, 829533, 1, 0, 0
4600, 342848, 0, 0, 0
4700, 836079, 1, 0, 0
4700, 347729, 0, 0, 0
4800, 846410, 1, 0, 0
4800, 352603, 0, 0, 0
4900, 874521, 1, 0, 0
4902, 347945, 0, 0, 0
5000, 338362, 0, 0, 0
5000, 835746, 1, 0, 0
5100, 342114, 0, 0, 0
5100, 882224, 1, 0, 0
5200, 352770, 0, 0, 0
5200, 874573, 1, 0, 0
5300, 353814, 0, 0, 0
5300, 849407, 1, 0, 0
5400, 343697, 0, 0, 0
5400, 861159, 1, 0, 0
5500, 867992, 1, 0, 0
5500, 352904, 0, 0, 0
5600, 856706, 1, 0, 0
5601, 349366, 0, 0, 0
5700, 868774, 1, 0, 0
5700, 342890, 0, 0, 0
5800, 346919, 0, 0, 0
5800, 896797, 1, 0, 0
5900, 335442, 0, 0, 0
5901, 841278, 1, 0, 0
6000, 345704, 0, 0, 0
6001, 881729, 1, 0, 0
6100, 345355, 0, 0, 0
6101, 868245, 1, 0, 0
6200, 859744, 1, 0, 0
6200, 352524, 0, 0, 0
6300, 339596, 0, 0, 0
6300, 815686, 1, 0, 0
6400, 342045, 0, 0, 0
6400, 812448, 1, 0, 0
6500, 335590, 0, 0, 0
6500, 857230, 1, 0, 0
6600, 473836, 0, 0, 0
6601, 1178617, 1, 0, 0
6700, 803402, 1, 0, 0
6701, 329532, 0, 0, 0
6800, 339871, 0, 0, 0
6800, 858159, 1, 0, 0
6900, 313122, 0, 0, 0
6900, 830605, 1, 0, 0
7000, 329635, 0, 0, 0
7000, 853927, 1, 0, 0
7100, 340268, 0, 0, 0
7100, 820729, 1, 0, 0
7200, 337540, 0, 0, 0
7200, 802443, 1, 0, 0
7300, 353228, 0, 0, 0
7300, 823390, 1, 0, 0
7400, 333677, 0, 0, 0
7400, 823181, 1, 0, 0
7500, 333311, 0, 0, 0
7500, 840012, 1, 0, 0
7600, 806606, 1, 0, 0
7600, 332313, 0, 0, 0
7700, 338065, 0, 0, 0
7700, 817441, 1, 0, 0
7800, 343503, 0, 0, 0
7800, 902180, 1, 0, 0
7900, 799072, 1, 0, 0
7901, 331555, 0, 0, 0
8000, 340420, 0, 0, 0
8000, 843280, 1, 0, 0
8100, 321824, 0, 0, 0
8100, 801760, 1, 0, 0
8200, 333748, 0, 0, 0
8200, 824425, 1, 0, 0
8300, 792651, 1, 0, 0
8300, 339633, 0, 0, 0
8400, 823503, 1, 0, 0
8400, 331671, 0, 0, 0
8500, 836371, 1, 0, 0
8500, 331933, 0, 0, 0
8600, 812603, 1, 0, 0
8600, 330745, 0, 0, 0
8700, 837246, 1, 0, 0
8700, 327761, 0, 0, 0
8800, 810573, 1, 0, 0
8800, 329017, 0, 0, 0
8900, 328565, 0, 0, 0
8901, 807682, 1, 0, 0
9000, 798756, 1, 0, 0
9000, 323269, 0, 0, 0
9100, 325146, 0, 0, 0
9100, 806159, 1, 0, 0
9200, 836733, 1, 0, 0
9200, 333769, 0, 0, 0
9300, 341899, 0, 0, 0
9300, 857034, 1, 0, 0
9400, 835376, 1, 0, 0
9400, 342961, 0, 0, 0
9500, 827242, 1, 0, 0
9500, 337269, 0, 0, 0
9600, 816762, 1, 0, 0
9600, 350735, 0, 0, 0
9700, 347866, 0, 0, 0
9700, 882412, 1, 0, 0
9800, 337230, 0, 0, 0
9800, 829613, 1, 0, 0
9900, 805887, 1, 0, 0
9900, 345660, 0, 0, 0
10000, 798701, 1, 0, 0
10000, 335265, 0, 0, 0
10100, 342368, 0, 0, 0
10100, 803229, 1, 0, 0
10200, 829417, 1, 0, 0
10200, 319398, 0, 0, 0
10300, 906617, 1, 0, 0
10301, 334980, 0, 0, 0
10400, 349346, 0, 0, 0
10400, 798777, 1, 0, 0
10500, 767189, 1, 0, 0
10500, 330823, 0, 0, 0
10600, 329137, 0, 0, 0
10600, 820443, 1, 0, 0
10700, 338121, 0, 0, 0
10702, 801566, 1, 0, 0
10800, 340939, 0, 0, 0
10800, 845267, 1, 0, 0
10900, 347649, 0, 0, 0
10901, 852500, 1, 0, 0
11000, 337975, 0, 0, 0
11000, 805629, 1, 0, 0
11100, 821412, 1, 0, 0
11100, 338304, 0, 0, 0
11200, 342111, 0, 0, 0
11201, 819283, 1, 0, 0
11300, 327392, 0, 0, 0
11300, 797101, 1, 0, 0
11400, 327246, 0, 0, 0
11401, 815659, 1, 0, 0
11500, 341571, 0, 0, 0
11500, 890019, 1, 0, 0
11600, 824801, 1, 0, 0
11600, 331025, 0, 0, 0
11700, 343390, 0, 0, 0
11700, 824754, 1, 0, 0
11800, 861278, 1, 0, 0
11801, 342995, 0, 0, 0
11900, 905128, 1, 0, 0
11900, 326076, 0, 0, 0
12000, 347703, 0, 0, 0
12001, 858167, 1, 0, 0
12100, 332893, 0, 0, 0
12101, 795658, 1, 0, 0
12200, 781830, 1, 0, 0
12201, 340412, 0, 0, 0
12300, 337169, 0, 0, 0
12302, 797294, 1, 0, 0
12400, 324139, 0, 0, 0
12400, 806331, 1, 0, 0
12500, 361871, 0, 0, 0
12500, 885509, 1, 0, 0
12600, 788116, 1, 0, 0
12600, 321750, 0, 0, 0
12700, 334454, 0, 0, 0
12700, 838017, 1, 0, 0
12800, 385594, 0, 0, 0
12800, 950961, 1, 0, 0
12900, 799658, 1, 0, 0
12900, 322473, 0, 0, 0
13000, 335481, 0, 0, 0
13002, 800112, 1, 0, 0
13100, 342253, 0, 0, 0
13100, 964216, 1, 0, 0
13200, 342662, 0, 0, 0
13200, 804749, 1, 0, 0
13300, 884201, 1, 0, 0
13300, 347096, 0, 0, 0
13400, 324301, 0, 0, 0
13400, 837922, 1, 0, 0
13500, 803695, 1, 0, 0
13500, 336191, 0, 0, 0
13600, 1067917, 1, 0, 0
13601, 382386, 0, 0, 0
13700, 846168, 1, 0, 0
13700, 335409, 0, 0, 0
13800, 344131, 0, 0, 0
13800, 792299, 1, 0, 0
13900, 812959, 1, 0, 0
13900, 322399, 0, 0, 0
14000, 320572, 0, 0, 0
14000, 817089, 1, 0, 0
14100, 334578, 0, 0, 0
14101, 807334, 1, 0, 0
14200, 799061, 1, 0, 0
14200, 329176, 0, 0, 0
14300, 365470, 0, 0, 0
14300, 903390, 1, 0, 0
14400, 331727, 0, 0, 0
14400, 800694, 1, 0, 0
14500, 335469, 0, 0, 0
14500, 803973, 1, 0, 0
14600, 342222, 0, 0, 0
14600, 829378, 1, 0, 0
14700, 797861, 1, 0, 0
14700, 346225, 0, 0, 0
14800, 334843, 0, 0, 0
14800, 849992, 1, 0, 0
14900, 343600, 0, 0, 0
14900, 827359, 1, 0, 0
15000, 910413, 1, 0, 0
15000, 334738, 0, 0, 0
15100, 786053, 1, 0, 0
15100, 325922, 0, 0, 0
15200, 336407, 0, 0, 0
15200, 801413, 1, 0, 0
15300, 336289, 0, 0, 0
15300, 794438, 1, 0, 0
15400, 810170, 1, 0, 0
15400, 351446, 0, 0, 0
15500, 334768, 0, 0, 0
15501, 839661, 1, 0, 0
15600, 815724, 1, 0, 0
15600, 350016, 0, 0, 0
15700, 842508, 1, 0, 0
15700, 338404, 0, 0, 0
15800, 332360, 0, 0, 0
15800, 817189, 1, 0, 0
15900, 808571, 1, 0, 0
15900, 339990, 0, 0, 0
16000, 856694, 1, 0, 0
16000, 327923, 0, 0, 0
16100, 332367, 0, 0, 0
16100, 811748, 1, 0, 0
16200, 346862, 0, 0, 0
16200, 823021, 1, 0, 0
16300, 337191, 0, 0, 0
16301, 828524, 1, 0, 0
16400, 332421, 0, 0, 0
16400, 834300, 1, 0, 0
16500, 863425, 1, 0, 0
16501, 365786, 0, 0, 0
16600, 322131, 0, 0, 0
16600, 777407, 1, 0, 0
16700, 814231, 1, 0, 0
16700, 330894, 0, 0, 0
16800, 329215, 0, 0, 0
16800, 805015, 1, 0, 0
16900, 340033, 0, 0, 0
16900, 796412, 1, 0, 0
17000, 313424, 0, 0, 0
17001, 762262, 1, 0, 0
17100, 876836, 1, 0, 0
17101, 341487, 0, 0, 0
17200, 325946, 0, 0, 0
17200, 811835, 1, 0, 0
17300, 852141, 1, 0, 0
17300, 325648, 0, 0, 0
17400, 329634, 0, 0, 0
17400, 839001, 1, 0, 0
17500, 332327, 0, 0, 0
17500, 838417, 1, 0, 0
17600, 792106, 1, 0, 0
17600, 335309, 0, 0, 0
17700, 818144, 1, 0, 0
17700, 340305, 0, 0, 0
17800, 342193, 0, 0, 0
17800, 871858, 1, 0, 0
17900, 871493, 1, 0, 0
17900, 361535, 0, 0, 0
18000, 324299, 0, 0, 0
18000, 783747, 1, 0, 0
18100, 330662, 0, 0, 0
18100, 781142, 1, 0, 0
18200, 330248, 0, 0, 0
18200, 826176, 1, 0, 0
18300, 327422, 0, 0, 0
18300, 831058, 1, 0, 0
18400, 323806, 0, 0, 0
18401, 829756, 1, 0, 0
18500, 852317, 1, 0, 0
18500, 333957, 0, 0, 0
18600, 333847, 0, 0, 0
18600, 814318, 1, 0, 0
18700, 327397, 0, 0, 0
18700, 824545, 1, 0, 0
18800, 814496, 1, 0, 0
18800, 317502, 0, 0, 0
18900, 337684, 0, 0, 0
18900, 797795, 1, 0, 0
19000, 320834, 0, 0, 0
19000, 793061, 1, 0, 0
19100, 797879, 1, 0, 0
19100, 322478, 0, 0, 0
19200, 829929, 1, 0, 0
19200, 331168, 0, 0, 0
19300, 324661, 0, 0, 0
19301, 815453, 1, 0, 0
19400, 337298, 0, 0, 0
19400, 806521, 1, 0, 0
19500, 808950, 1, 0, 0
19500, 335326, 0, 0, 0
19600, 851679, 1, 0, 0
19600, 329740, 0, 0, 0
19700, 331489, 0, 0, 0
19702, 850225, 1, 0, 0
19800, 816035, 1, 0, 0
19800, 340199, 0, 0, 0
19900, 837921, 1, 0, 0
19900, 347747, 0, 0, 0
20000, 322278, 0, 0, 0
20000, 842472, 1, 0, 0
20100, 323145, 0, 0, 0
20101, 805601, 1, 0, 0
20200, 817224, 1, 0, 0
20201, 339192, 0, 0, 0
20300, 800438, 1, 0, 0
20300, 338398, 0, 0, 0
20400, 888301, 1, 0, 0
20400, 321588, 0, 0, 0
20500, 330004, 0, 0, 0
20502, 815727, 1, 0, 0
20600, 799350, 1, 0, 0
20600, 323203, 0, 0, 0
20700, 327264, 0, 0, 0
20702, 862928, 1, 0, 0
20800, 827960, 1, 0, 0
20801, 333501, 0, 0, 0
20900, 328912, 0, 0, 0
20900, 812851, 1, 0, 0
21000, 838753, 1, 0, 0
21000, 321533, 0, 0, 0
21100, 333610, 0, 0, 0
21100, 833818, 1, 0, 0
21200, 331650, 0, 0, 0
21200, 828843, 1, 0, 0
21300, 858253, 1, 0, 0
21300, 338747, 0, 0, 0
21400, 337418, 0, 0, 0
21400, 819741, 1, 0, 0
21500, 892708, 1, 0, 0
21500, 323892, 0, 0, 0
21600, 343059, 0, 0, 0
21600, 780164, 1, 0, 0
21700, 811135, 1, 0, 0
21701, 332859, 0, 0, 0
21800, 345025, 0, 0, 0
21800, 871262, 1, 0, 0
21900, 334381, 0, 0, 0
21900, 836924, 1, 0, 0
22000, 333214, 0, 0, 0
22001, 842602, 1, 0, 0
22100, 334865, 0, 0, 0
22101, 821834, 1, 0, 0
22200, 831478, 1, 0, 0
22200, 325067, 0, 0, 0
22300, 810006, 1, 0, 0
22300, 353452, 0, 0, 0
22400, 335598, 0, 0, 0
22401, 850484, 1, 0, 0
22500, 329959, 0, 0, 0
22500, 804223, 1, 0, 0
22600, 338660, 0, 0, 0
22600, 842291, 1, 0, 0
22700, 335116, 0, 0, 0
22700, 834096, 1, 0, 0
22800, 349079, 0, 0, 0
22800, 843459, 1, 0, 0
22900, 831764, 1, 0, 0
22900, 327191, 0, 0, 0
23000, 828070, 1, 0, 0
23000, 361517, 0, 0, 0
23100, 329913, 0, 0, 0
23100, 830426, 1, 0, 0
23200, 331786, 0, 0, 0
23200, 818956, 1, 0, 0
23300, 332733, 0, 0, 0
23300, 823225, 1, 0, 0
23400, 853424, 1, 0, 0
23400, 346748, 0, 0, 0
23500, 338362, 0, 0, 0
23500, 836053, 1, 0, 0
23600, 337844, 0, 0, 0
23600, 846548, 1, 0, 0
23700, 867756, 1, 0, 0
23700, 340705, 0, 0, 0
23800, 869341, 1, 0, 0
23800, 330399, 0, 0, 0
23900, 883027, 1, 0, 0
23900, 339821, 0, 0, 0
24000, 873254, 1, 0, 0
24000, 338730, 0, 0, 0
24100, 349393, 0, 0, 0
24100, 903452, 1, 0, 0
24200, 338444, 0, 0, 0
24202, 866164, 1, 0, 0
24300, 348977, 0, 0, 0
24300, 879342, 1, 0, 0
24400, 335649, 0, 0, 0
24401, 829593, 1, 0, 0
24500, 354495, 0, 0, 0
24500, 846048, 1, 0, 0
24600, 336428, 0, 0, 0
24600, 817944, 1, 0, 0
24700, 333571, 0, 0, 0
24701, 806575, 1, 0, 0
24800, 805725, 1, 0, 0
24800, 331846, 0, 0, 0
24900, 315734, 0, 0, 0
24901, 794455, 1, 0, 0
25000, 329296, 0, 0, 0
25000, 793294, 1, 0, 0
25100, 342302, 0, 0, 0
25100, 847424, 1, 0, 0
25200, 815190, 1, 0, 0
25200, 338311, 0, 0, 0
25300, 356912, 0, 0, 0
25301, 859107, 1, 0, 0
25400, 361501, 0, 0, 0
25400, 870006, 1, 0, 0
25500, 880756, 1, 0, 0
25500, 361890, 0, 0, 0
25600, 812880, 1, 0, 0
25600, 337501, 0, 0, 0
25700, 334782, 0, 0, 0
25700, 804521, 1, 0, 0
25800, 336666, 0, 0, 0
25801, 810885, 1, 0, 0
25900, 338652, 0, 0, 0
25900, 822269, 1, 0, 0
26000, 331814, 0, 0, 0
26001, 783996, 1, 0, 0
26100, 339694, 0, 0, 0
26101, 925854, 1, 0, 0
26200, 340921, 0, 0, 0
26200, 840068, 1, 0, 0
26300, 335894, 0, 0, 0
26300, 845985, 1, 0, 0
26400, 349530, 0, 0, 0
26400, 880148, 1, 0, 0
26500, 827078, 1, 0, 0
26500, 319528, 0, 0, 0
26600, 333186, 0, 0, 0
26601, 845631, 1, 0, 0
26700, 964853, 1, 0, 0
26700, 358634, 0, 0, 0
26800, 845970, 1, 0, 0
26800, 332591, 0, 0, 0
26900, 854053, 1, 0, 0
26900, 366878, 0, 0, 0
27000, 913434, 1, 0, 0
27000, 395099, 0, 0, 0
27100, 332558, 0, 0, 0
27100, 848170, 1, 0, 0
27200, 895274, 1, 0, 0
27200, 344331, 0, 0, 0
27300, 857048, 1, 0, 0
27300, 336808, 0, 0, 0
27400, 336480, 0, 0, 0
27400, 836573, 1, 0, 0
27528, 1183909, 1, 0, 0
27529, 345112, 0, 0, 0
27600, 1250827, 1, 0, 0
27600, 335773, 0, 0, 0
27700, 823763, 1, 0, 0
27701, 333216, 0, 0, 0
27800, 333616, 0, 0, 0
27800, 847065, 1, 0, 0
27900, 317612, 0, 0, 0
27901, 859781, 1, 0, 0
28000, 343544, 0, 0, 0
28000, 901445, 1, 0, 0
28100, 918730, 1, 0, 0
28100, 347160, 0, 0, 0
28200, 860865, 1, 0, 0
28200, 331536, 0, 0, 0
28300, 894183, 1, 0, 0
28300, 339759, 0, 0, 0
28400, 353211, 0, 0, 0
28400, 849911, 1, 0, 0
28500, 328393, 0, 0, 0
28500, 879010, 1, 0, 0
28600, 390331, 0, 0, 0
28601, 831807, 1, 0, 0
28700, 851693, 1, 0, 0
28700, 333872, 0, 0, 0
28800, 836480, 1, 0, 0
28801, 335004, 0, 0, 0
28900, 836703, 1, 0, 0
28900, 326604, 0, 0, 0
29000, 345618, 0, 0, 0
29000, 844168, 1, 0, 0
29100, 332762, 0, 0, 0
29100, 834005, 1, 0, 0
29200, 849470, 1, 0, 0
29200, 332163, 0, 0, 0
29300, 888470, 1, 0, 0
29300, 337352, 0, 0, 0
29400, 337132, 0, 0, 0
29400, 1024353, 1, 0, 0
29500, 842857, 1, 0, 0
29500, 339466, 0, 0, 0
29600, 330604, 0, 0, 0
29601, 828251, 1, 0, 0
29700, 337393, 0, 0, 0
29701, 845064, 1, 0, 0
29800, 347488, 0, 0, 0
29801, 813476, 1, 0, 0
29900, 844209, 1, 0, 0
29900, 355190, 0, 0, 0
30000, 329300, 0, 0, 0
30000, 835809, 1, 0, 0
30100, 348842, 0, 0, 0
30100, 787752, 1, 0, 0
30200, 347895, 0, 0, 0
30200, 843829, 1, 0, 0
30300, 351310, 0, 0, 0
30301, 821649, 1, 0, 0
30400, 326921, 0, 0, 0
30400, 943764, 1, 0, 0
30500, 919779, 1, 0, 0
30500, 313684, 0, 0, 0
30600, 334727, 0, 0, 0
30600, 856071, 1, 0, 0
30700, 333697, 0, 0, 0
30700, 853133, 1, 0, 0
30800, 899956, 1, 0, 0
30800, 347237, 0, 0, 0
30900, 828532, 1, 0, 0
30900, 327698, 0, 0, 0
31000, 858974, 1, 0, 0
31001, 334174, 0, 0, 0
31100, 334914, 0, 0, 0
31101, 866069, 1, 0, 0
31200, 866159, 1, 0, 0
31200, 337297, 0, 0, 0
31300, 846766, 1, 0, 0
31300, 346067, 0, 0, 0
31400, 835763, 1, 0, 0
31400, 337049, 0, 0, 0
31500, 865815, 1, 0, 0
31500, 338559, 0, 0, 0
31600, 327138, 0, 0, 0
31600, 850163, 1, 0, 0
31700, 338485, 0, 0, 0
31700, 835761, 1, 0, 0
31800, 834206, 1, 0, 0
31800, 356688, 0, 0, 0
31900, 333355, 0, 0, 0
31900, 851459, 1, 0, 0
32000, 340433, 0, 0, 0
32000, 868075, 1, 0, 0
32100, 345116, 0, 0, 0
32101, 856765, 1, 0, 0
32200, 886647, 1, 0, 0
32200, 339122, 0, 0, 0
32300, 339339, 0, 0, 0
32301, 857097, 1, 0, 0
32400, 360449, 0, 0, 0
32400, 853204, 1, 0, 0
32500, 806406, 1, 0, 0
32500, 323080, 0, 0, 0
32600, 810693, 1, 0, 0
32600, 330662, 0, 0, 0
32700, 316690, 0, 0, 0
32700, 842025, 1, 0, 0
32800, 830881, 1, 0, 0
32800, 336409, 0, 0, 0
32900, 817251, 1, 0, 0
32900, 327257, 0, 0, 0
33000, 834904, 1, 0, 0
33001, 319374, 0, 0, 0
33100, 336330, 0, 0, 0
33100, 850277, 1, 0, 0
33200, 338325, 0, 0, 0
33200, 966540, 1, 0, 0
33300, 326704, 0, 0, 0
33300, 787373, 1, 0, 0
33400, 428820, 0, 0, 0
33400, 893077, 1, 0, 0
33500, 1002929, 1, 0, 0
33500, 458883, 0, 0, 0
33600, 446152, 0, 0, 0
33601, 928618, 1, 0, 0
33700, 456923, 0, 0, 0
33700, 908233, 1, 0, 0
33800, 926551, 1, 0, 0
33800, 464561, 0, 0, 0
33900, 455126, 0, 0, 0
33900, 951340, 1, 0, 0
34000, 450255, 0, 0, 0
34003, 954545, 1, 0, 0
34100, 925943, 1, 0, 0
34101, 457658, 0, 0, 0
34200, 935743, 1, 0, 0
34200, 465247, 0, 0, 0
34300, 458224, 0, 0, 0
34301, 912203, 1, 0, 0
34400, 449119, 0, 0, 0
34400, 902079, 1, 0, 0
34500, 457868, 0, 0, 0
34500, 911945, 1, 0, 0
34600, 450657, 0, 0, 0
34601, 950984, 1, 0, 0
34700, 460000, 0, 0, 0
34700, 895129, 1, 0, 0
34800, 465792, 0, 0, 0
34800, 935168, 1, 0, 0
34900, 922871, 1, 0, 0
34900, 448741, 0, 0, 0
35000, 975675, 1, 0, 0
35000, 453170, 0, 0, 0
35100, 470138, 0, 0, 0
35100, 946247, 1, 0, 0
35200, 470549, 0, 0, 0
35200, 983829, 1, 0, 0
35300, 957525, 1, 0, 0
35300, 480982, 0, 0, 0
35400, 928883, 1, 0, 0
35401, 462536, 0, 0, 0
35500, 953833, 1, 0, 0
35500, 464346, 0, 0, 0
35600, 456769, 0, 0, 0
35601, 958570, 1, 0, 0
35700, 453885, 0, 0, 0
35700, 922985, 1, 0, 0
35800, 469105, 0, 0, 0
35800, 920939, 1, 0, 0
35900, 984946, 1, 0, 0
35900, 450625, 0, 0, 0
36000, 448967, 0, 0, 0
36002, 950145, 1, 0, 0
36100, 460887, 0, 0, 0
36101, 949722, 1, 0, 0
36200, 466371, 0, 0, 0
36200, 932068, 1, 0, 0
36300, 449386, 0, 0, 0
36300, 914605, 1, 0, 0
36400, 440491, 0, 0, 0
36401, 893633, 1, 0, 0
36500, 438136, 0, 0, 0
36500, 897353, 1, 0, 0
36600, 453184, 0, 0, 0
36600, 1048900, 1, 0, 0
36700, 438180, 0, 0, 0
36701, 936775, 1, 0, 0
36800, 468649, 0, 0, 0
36800, 940806, 1, 0, 0
36900, 969586, 1, 0, 0
36900, 456191, 0, 0, 0
37000, 955370, 1, 0, 0
37000, 460854, 0, 0, 0
37100, 444642, 0, 0, 0
37100, 940743, 1, 0, 0
37200, 458761, 0, 0, 0
37200, 873518, 1, 0, 0
37300, 913710, 1, 0, 0
37300, 451084, 0, 0, 0
37400, 447976, 0, 0, 0
37403, 929763, 1, 0, 0
37500, 905158, 1, 0, 0
37501, 442286, 0, 0, 0
37600, 882035, 1, 0, 0
37600, 438864, 0, 0, 0
37700, 448070, 0, 0, 0
37701, 899232, 1, 0, 0
37800, 437740, 0, 0, 0
37800, 898671, 1, 0, 0
37900, 443201, 0, 0, 0
37901, 906705, 1, 0, 0
38000, 487282, 0, 0, 0
38000, 972495, 1, 0, 0
38100, 456477, 0, 0, 0
38101, 934539, 1, 0, 0
38200, 449634, 0, 0, 0
38201, 899974, 1, 0, 0
38300, 447549, 0, 0, 0
38301, 992929, 1, 0, 0
38432, 1265841, 1, 0, 0
38433, 447324, 0, 0, 0
38500, 435335, 0, 0, 0
38501, 1514617, 1, 0, 0
38600, 917071, 1, 0, 0
38601, 442019, 0, 0, 0
38700, 441202, 0, 0, 0
38700, 939708, 1, 0, 0
38800, 434785, 0, 0, 0
38800, 868262, 1, 0, 0
38900, 884274, 1, 0, 0
38900, 448053, 0, 0, 0
39000, 467030, 0, 0, 0
39001, 952866, 1, 0, 0
39100, 911025, 1, 0, 0
39100, 431825, 0, 0, 0
39200, 442869, 0, 0, 0
39200, 905702, 1, 0, 0
39300, 877677, 1, 0, 0
39300, 452964, 0, 0, 0
39400, 446162, 0, 0, 0
39400, 889981, 1, 0, 0
39500, 839478, 1, 0, 0
39500, 442319, 0, 0, 0
39600, 861978, 1, 0, 0
39601, 439855, 0, 0, 0
39700, 880490, 1, 0, 0
39700, 429911, 0, 0, 0
39800, 448870, 0, 0, 0
39800, 896254, 1, 0, 0
39900, 871174, 1, 0, 0
39900, 430436, 0, 0, 0
40000, 440896, 0, 0, 0
40000, 874234, 1, 0, 0
40100, 439843, 0, 0, 0
40103, 865811, 1, 0, 0
40200, 899693, 1, 0, 0
40200, 442632, 0, 0, 0
40300, 442135, 0, 0, 0
40301, 868263, 1, 0, 0
40400, 441266, 0, 0, 0
40400, 905463, 1, 0, 0
40500, 454601, 0, 0, 0
40500, 919223, 1, 0, 0
40600, 958468, 1, 0, 0
40600, 444380, 0, 0, 0
40700, 467589, 0, 0, 0
40700, 920350, 1, 0, 0
40800, 457611, 0, 0, 0
40800, 932304, 1, 0, 0
40900, 440850, 0, 0, 0
40900, 877966, 1, 0, 0
41000, 431883, 0, 0, 0
41000, 854591, 1, 0, 0
41100, 867392, 1, 0, 0
41100, 455071, 0, 0, 0
41200, 876929, 1, 0, 0
41200, 453728, 0, 0, 0
41300, 893388, 1, 0, 0
41300, 454746, 0, 0, 0
41400, 884972, 1, 0, 0
41400, 440768, 0, 0, 0
41500, 960082, 1, 0, 0
41500, 437415, 0, 0, 0
41600, 437372, 0, 0, 0
41602, 903132, 1, 0, 0
41700, 868593, 1, 0, 0
41701, 454425, 0, 0, 0
41800, 924469, 1, 0, 0
41801, 438172, 0, 0, 0
41900, 435026, 0, 0, 0
41901, 887705, 1, 0, 0
42000, 444432, 0, 0, 0
42000, 886566, 1, 0, 0
42100, 961178, 1, 0, 0
42101, 459245, 0, 0, 0
42200, 956729, 1, 0, 0
42200, 447596, 0, 0, 0
42300, 926825, 1, 0, 0
42300, 448552, 0, 0, 0
42400, 888661, 1, 0, 0
42400, 453832, 0, 0, 0
42500, 453258, 0, 0, 0
42500, 944968, 1, 0, 0
42600, 450629, 0, 0, 0
42602, 926012, 1, 0, 0
42700, 439600, 0, 0, 0
42701, 914794, 1, 0, 0
42800, 916324, 1, 0, 0
42800, 466462, 0, 0, 0
42900, 459481, 0, 0, 0
42901, 947192, 1, 0, 0
43000, 895987, 1, 0, 0
43001, 439330, 0, 0, 0
43100, 911327, 1, 0, 0
43100, 433307, 0, 0, 0
43200, 461995, 0, 0, 0
43200, 928492, 1, 0, 0
43300, 432239, 0, 0, 0
43300, 897007, 1, 0, 0
43400, 436807, 0, 0, 0
43400, 878121, 1, 0, 0
43510, 684915, 0, 0, 0
43512, 874103, 1, 0, 0
43600, 628523, 0, 0, 0
43601, 1141299, 1, 0, 0
43700, 944325, 1, 0, 0
43701, 429268, 0, 0, 0
43800, 443328, 0, 0, 0
43802, 866823, 1, 0, 0
43900, 432715, 0, 0, 0
43900, 890989, 1, 0, 0
44000, 432378, 0, 0, 0
44000, 895185, 1, 0, 0
44100, 880966, 1, 0, 0
44100, 422010, 0, 0, 0
44200, 436516, 0, 0, 0
44200, 876545, 1, 0, 0
44300, 436839, 0, 0, 0
44300, 912549, 1, 0, 0
44400, 435658, 0, 0, 0
44400, 868565, 1, 0, 0
44500, 450850, 0, 0, 0
44501, 894205, 1, 0, 0
44600, 453326, 0, 0, 0
44600, 926344, 1, 0, 0
44700, 877090, 1, 0, 0
44700, 429093, 0, 0, 0
44800, 444342, 0, 0, 0
44801, 906498, 1, 0, 0
44900, 448402, 0, 0, 0
44901, 886334, 1, 0, 0
45000, 438401, 0, 0, 0
45000, 871673, 1, 0, 0
45100, 438938, 0, 0, 0
45100, 872601, 1, 0, 0
45200, 868031, 1, 0, 0
45200, 432344, 0, 0, 0
45300, 872663, 1, 0, 0
45300, 440193, 0, 0, 0
45400, 448408, 0, 0, 0
45402, 884264, 1, 0, 0
45500, 432451, 0, 0, 0
45500, 846284, 1, 0, 0
45600, 433685, 0, 0, 0
45600, 910630, 1, 0, 0
45700, 425746, 0, 0, 0
45700, 865353, 1, 0, 0
45800, 449654, 0, 0, 0
45801, 897091, 1, 0, 0
45900, 441353, 0, 0, 0
45901, 891977, 1, 0, 0
46000, 878186, 1, 0, 0
46000, 431782, 0, 0, 0
46100, 440854, 0, 0, 0
46100, 921500, 1, 0, 0
46200, 440844, 0, 0, 0
46201, 883451, 1, 0, 0
46300, 437005, 0, 0, 0
46300, 884148, 1, 0, 0
46400, 453800, 0, 0, 0
46400, 896877, 1, 0, 0
46500, 442943, 0, 0, 0
46500, 849558, 1, 0, 0
46600, 950912, 1, 0, 0
46600, 454751, 0, 0, 0
46700, 439110, 0, 0, 0
46701, 922636, 1, 0, 0
46800, 899839, 1, 0, 0
46800, 432496, 0, 0, 0
46900, 907586, 1, 0, 0
46902, 456012, 0, 0, 0
47000, 433739, 0, 0, 0
47000, 881941, 1, 0, 0
47100, 863935, 1, 0, 0
47100, 440600, 0, 0, 0
47200, 438516, 0, 0, 0
47200, 883766, 1, 0, 0
47300, 833290, 1, 0, 0
47300, 431248, 0, 0, 0
47400, 445156, 0, 0, 0
47402, 860530, 1, 0, 0
47500, 866129, 1, 0, 0
47500, 437530, 0, 0, 0
47600, 860592, 1, 0, 0
47600, 436968, 0, 0, 0
47700, 443007, 0, 0, 0
47700, 991817, 1, 0, 0
47800, 432174, 0, 0, 0
47800, 847993, 1, 0, 0
47900, 438969, 0, 0, 0
47901, 850855, 1, 0, 0
48000, 443137, 0, 0, 0
48002, 878743, 1, 0, 0
48100, 432126, 0, 0, 0
48100, 873474, 1, 0, 0
48200, 888818, 1, 0, 0
48201, 435278, 0, 0, 0
48300, 451467, 0, 0, 0
48301, 872993, 1, 0, 0
48400, 431302, 0, 0, 0
48401, 847049, 1, 0, 0
48500, 870432, 1, 0, 0
48500, 441319, 0, 0, 0
48600, 884233, 1, 0, 0
48600, 438198, 0, 0, 0
48700, 440569, 0, 0, 0
48701, 891343, 1, 0, 0
48800, 901953, 1, 0, 0
48803, 439331, 0, 0, 0
48900, 439055, 0, 0, 0
48900, 873204, 1, 0, 0
49000, 443425, 0, 0, 0
49000, 855203, 1, 0, 0
49100, 440749, 0, 0, 0
49101, 879519, 1, 0, 0
49200, 845114, 1, 0, 0
49200, 451553, 0, 0, 0
49300, 445364, 0, 0, 0
49300, 911818, 1, 0, 0
49400, 956329, 1, 0, 0
49400, 441041, 0, 0, 0
49500, 441618, 0, 0, 0
49501, 876939, 1, 0, 0
49600, 427335, 0, 0, 0
49600, 879130, 1, 0, 0
49700, 443255, 0, 0, 0
49700, 880127, 1, 0, 0
49800, 431634, 0, 0, 0
49801, 908171, 1, 0, 0
49900, 448743, 0, 0, 0
49900, 890879, 1, 0, 0
50000, 433327, 0, 0, 0
50000, 860981, 1, 0, 0
50100, 440081, 0, 0, 0
50101, 888572, 1, 0, 0
50200, 889495, 1, 0, 0
50200, 435371, 0, 0, 0
50300, 448138, 0, 0, 0
50300, 909755, 1, 0, 0
50400, 448195, 0, 0, 0
50401, 887127, 1, 0, 0
50500, 443104, 0, 0, 0
50501, 878336, 1, 0, 0
50600, 444710, 0, 0, 0
50600, 898397, 1, 0, 0
50700, 439703, 0, 0, 0
50700, 875588, 1, 0, 0
50800, 426739, 0, 0, 0
50800, 875877, 1, 0, 0
50900, 448417, 0, 0, 0
50902, 876963, 1, 0, 0
51000, 439870, 0, 0, 0
51000, 890475, 1, 0, 0
51100, 449288, 0, 0, 0
51100, 908524, 1, 0, 0
51200, 442631, 0, 0, 0
51200, 915622, 1, 0, 0
51300, 879212, 1, 0, 0
51300, 442072, 0, 0, 0
51400, 440097, 0, 0, 0
51400, 920107, 1, 0, 0
51500, 901179, 1, 0, 0
51500, 457977, 0, 0, 0
51600, 448715, 0, 0, 0
51601, 1145690, 1, 0, 0
51700, 458513, 0, 0, 0
51700, 911469, 1, 0, 0
51800, 923841, 1, 0, 0
51800, 453930, 0, 0, 0
51900, 439492, 0, 0, 0
51900, 879296, 1, 0, 0
52000, 470474, 0, 0, 0
52000, 903561, 1, 0, 0
52100, 457166, 0, 0, 0
52102, 915610, 1, 0, 0
52200, 449765, 0, 0, 0
52200, 904534, 1, 0, 0
52300, 937003, 1, 0, 0
52300, 440655, 0, 0, 0
52400, 452293, 0, 0, 0
52400, 905855, 1, 0, 0
52500, 443013, 0, 0, 0
52500, 904313, 1, 0, 0
52600, 451499, 0, 0, 0
52601, 915674, 1, 0, 0
52700, 949788, 1, 0, 0
52700, 469871, 0, 0, 0
52800, 429439, 0, 0, 0
52801, 879148, 1, 0, 0
52900, 435377, 0, 0, 0
52902, 883435, 1, 0, 0
53000, 442597, 0, 0, 0
53001, 917274, 1, 0, 0
53100, 447687, 0, 0, 0
53100, 888695, 1, 0, 0
53200, 447860, 0, 0, 0
53200, 870946, 1, 0, 0
53300, 460666, 0, 0, 0
53300, 858514, 1, 0, 0
53400, 441750, 0, 0, 0
53402, 889096, 1, 0, 0
53500, 439929, 0, 0, 0
53500, 867022, 1, 0, 0
53600, 435417, 0, 0, 0
53601, 922688, 1, 0, 0
53700, 436392, 0, 0, 0
53701, 929462, 1, 0, 0
53800, 942345, 1, 0, 0
53800, 430226, 0, 0, 0
53900, 433139, 0, 0, 0
53900, 897517, 1, 0, 0
54000, 883416, 1, 0, 0
54000, 436329, 0, 0, 0
54100, 917655, 1, 0, 0
54100, 452806, 0, 0, 0
54200, 430878, 0, 0, 0
54202, 874671, 1, 0, 0
54300, 434094, 0, 0, 0
54300, 875708, 1, 0, 0
54400, 887805, 1, 0, 0
54400, 444490, 0, 0, 0
54500, 440457, 0, 0, 0
54500, 903967, 1, 0, 0
54600, 891755, 1, 0, 0
54600, 438098, 0, 0, 0
54700, 884861, 1, 0, 0
54700, 434980, 0, 0, 0
54800, 447340, 0, 0, 0
54801, 921034, 1, 0, 0
54900, 439256, 0, 0, 0
54901, 892569, 1, 0, 0
55000, 891864, 1, 0, 0
55000, 447909, 0, 0, 0
55100, 454636, 0, 0, 0
55102, 890632, 1, 0, 0
55200, 450859, 0, 0, 0
55200, 907364, 1, 0, 0
55300, 438296, 0, 0, 0
55300, 944230, 1, 0, 0
55400, 907815, 1, 0, 0
55400, 452713, 0, 0, 0
55500, 956559, 1, 0, 0
55500, 445874, 0, 0, 0
55600, 464120, 0, 0, 0
55600, 973160, 1, 0, 0
55700, 444386, 0, 0, 0
55700, 919660, 1, 0, 0
55800, 941638, 1, 0, 0
55800, 453305, 0, 0, 0
55900, 913031, 1, 0, 0
55900, 445786, 0, 0, 0
56000, 435938, 0, 0, 0
56000, 933785, 1, 0, 0
56100, 450680, 0, 0, 0
56102, 898971, 1, 0, 0
56200, 440009, 0, 0, 0
56200, 889748, 1, 0, 0
56300, 875880, 1, 0, 0
56300, 440098, 0, 0, 0
56400, 450884, 0, 0, 0
56401, 907526, 1, 0, 0
56500, 431570, 0, 0, 0
56500, 871833, 1, 0, 0
56600, 986512, 1, 0, 0
56601, 435297, 0, 0, 0
56700, 880155, 1, 0, 0
56700, 448674, 0, 0, 0
56800, 434545, 0, 0, 0
56801, 876715, 1, 0, 0
56900, 913993, 1, 0, 0
56900, 434430, 0, 0, 0
57000, 922849, 1, 0, 0
57000, 434828, 0, 0, 0
57100, 446967, 0, 0, 0
57101, 911725, 1, 0, 0
57200, 435516, 0, 0, 0
57200, 923583, 1, 0, 0
57300, 436089, 0, 0, 0
57301, 851317, 1, 0, 0
57400, 436250, 0, 0, 0
57401, 863213, 1, 0, 0
57500, 433299, 0, 0, 0
57501, 868751, 1, 0, 0
57600, 439701, 0, 0, 0
57600, 875176, 1, 0, 0
57700, 438086, 0, 0, 0
57701, 899736, 1, 0, 0
57800, 456083, 0, 0, 0
57800, 851995, 1, 0, 0
57900, 431570, 0, 0, 0
57900, 908080, 1, 0, 0
58000, 894904, 1, 0, 0
58000, 451116, 0, 0, 0
58100, 437733, 0, 0, 0
58100, 884847, 1, 0, 0
58200, 856205, 1, 0, 0
58200, 441720, 0, 0, 0
58300, 440270, 0, 0, 0
58300, 901960, 1, 0, 0
58400, 899016, 1, 0, 0
58400, 432640, 0, 0, 0
58500, 444246, 0, 0, 0
58500, 893875, 1, 0, 0
58600, 435644, 0, 0, 0
58601, 864437, 1, 0, 0
58700, 449793, 0, 0, 0
58700, 930650, 1, 0, 0
58800, 430967, 0, 0, 0
58800, 880873, 1, 0, 0
58900, 899316, 1, 0, 0
58900, 432598, 0, 0, 0
59000, 840841, 1, 0, 0
59000, 424941, 0, 0, 0
59100, 882683, 1, 0, 0
59101, 444564, 0, 0, 0
59200, 893956, 1, 0, 0
59200, 454819, 0, 0, 0
59300, 451061, 0, 0, 0
59300, 904819, 1, 0, 0
59400, 424111, 0, 0, 0
59401, 906529, 1, 0, 0
59500, 852704, 1, 0, 0
59500, 434276, 0, 0, 0
59600, 433006, 0, 0, 0
59602, 886276, 1, 0, 0
59700, 435836, 0, 0, 0
59702, 897691, 1, 0, 0
59800, 440105, 0, 0, 0
59800, 908062, 1, 0, 0
59900, 455263, 0, 0, 0
59901, 927681, 1, 0, 0
60000, 1071455, 1, 0, 0
60000, 471601, 0, 0, 0
60100, 439501, 0, 0, 0
60100, 900239, 1, 0, 0
60200, 437383, 0, 0, 0
60200, 908861, 1, 0, 0
60300, 876427, 1, 0, 0
60300, 432947, 0, 0, 0
60400, 448211, 0, 0, 0
60400, 879690, 1, 0, 0
60500, 432446, 0, 0, 0
60500, 909550, 1, 0, 0
60600, 428979, 0, 0, 0
60601, 908736, 1, 0, 0
60700, 447749, 0, 0, 0
60700, 891590, 1, 0, 0
60800, 439816, 0, 0, 0
60801, 901698, 1, 0, 0
60900, 439905, 0, 0, 0
60900, 863750, 1, 0, 0
61000, 444990, 0, 0, 0
61000, 878360, 1, 0, 0
61100, 439103, 0, 0, 0
61100, 908375, 1, 0, 0
61200, 895748, 1, 0, 0
61200, 433530, 0, 0, 0
61300, 449417, 0, 0, 0
61300, 878806, 1, 0, 0
61400, 448039, 0, 0, 0
61400, 881380, 1, 0, 0
61500, 434017, 0, 0, 0
61500, 918736, 1, 0, 0
61600, 446098, 0, 0, 0
61600, 893464, 1, 0, 0
61700, 918620, 1, 0, 0
61701, 449163, 0, 0, 0
61800, 438826, 0, 0, 0
61800, 874158, 1, 0, 0
61900, 443962, 0, 0, 0
61901, 881064, 1, 0, 0
62000, 465762, 0, 0, 0
62003, 936209, 1, 0, 0
62100, 459269, 0, 0, 0
62101, 975975, 1, 0, 0
62200, 452970, 0, 0, 0
62200, 943490, 1, 0, 0
62300, 873362, 1, 0, 0
62300, 447753, 0, 0, 0
62400, 445799, 0, 0, 0
62400, 919778, 1, 0, 0
62500, 451076, 0, 0, 0
62501, 871923, 1, 0, 0
62600, 912804, 1, 0, 0
62600, 439687, 0, 0, 0
62700, 978552, 1, 0, 0
62701, 445894, 0, 0, 0
62800, 428297, 0, 0, 0
62800, 872823, 1, 0, 0
62900, 425389, 0, 0, 0
62901, 915037, 1, 0, 0
63000, 862447, 1, 0, 0
63000, 425916, 0, 0, 0
63100, 437545, 0, 0, 0
63102, 852520, 1, 0, 0
63200, 891032, 1, 0, 0
63200, 421378, 0, 0, 0
63300, 413462, 0, 0, 0
63301, 849722, 1, 0, 0
63400, 421364, 0, 0, 0
63400, 891597, 1, 0, 0
63500, 887154, 1, 0, 0
63500, 442599, 0, 0, 0
63600, 439703, 0, 0, 0
63600, 918283, 1, 0, 0
63700, 438773, 0, 0, 0
63700, 866306, 1, 0, 0
63800, 447482, 0, 0, 0
63800, 936506, 1, 0, 0
63900, 440003, 0, 0, 0
63901, 901999, 1, 0, 0
64000, 446506, 0, 0, 0
64001, 886310, 1, 0, 0
64100, 449042, 0, 0, 0
64103, 958856, 1, 0, 0
64200, 440896, 0, 0, 0
64201, 855091, 1, 0, 0
64300, 426994, 0, 0, 0
64301, 885053, 1, 0, 0
64400, 888381, 1, 0, 0
64400, 431446, 0, 0, 0
64500, 899217, 1, 0, 0
64500, 433514, 0, 0, 0
64600, 447713, 0, 0, 0
64601, 898742, 1, 0, 0
64700, 441568, 0, 0, 0
64700, 891140, 1, 0, 0
64800, 436339, 0, 0, 0
64800, 897826, 1, 0, 0
64900, 845485, 1, 0, 0
64900, 440364, 0, 0, 0
65000, 427032, 0, 0, 0
65000, 894589, 1, 0, 0
65100, 863246, 1, 0, 0
65102, 437131, 0, 0, 0
65200, 433758, 0, 0, 0
65200, 889720, 1, 0, 0
65300, 902580, 1, 0, 0
65301, 431383, 0, 0, 0
65400, 859134, 1, 0, 0
65401, 428339, 0, 0, 0
65500, 872874, 1, 0, 0
65500, 431296, 0, 0, 0
65600, 424000, 0, 0, 0
65600, 824546, 1, 0, 0
65700, 1031790, 1, 0, 0
65701, 425976, 0, 0, 0
65800, 418800, 0, 0, 0
65800, 871758, 1, 0, 0
65900, 423457, 0, 0, 0
65900, 929109, 1, 0, 0
66000, 862546, 1, 0, 0
66000, 427510, 0, 0, 0
66100, 893699, 1, 0, 0
66100, 439081, 0, 0, 0
66200, 422787, 0, 0, 0
66200, 908019, 1, 0, 0
66300, 436418, 0, 0, 0
66301, 878272, 1, 0, 0
66400, 440930, 0, 0, 0
66400, 864391, 1, 0, 0
66500, 874684, 1, 0, 0
66500, 428689, 0, 0, 0
66600, 440489, 0, 0, 0
66601, 923157, 1, 0, 0
66700, 429858, 0, 0, 0
66701, 879564, 1, 0, 0
66800, 432766, 0, 0, 0
66800, 838872, 1, 0, 0
66900, 426820, 0, 0, 0
66900, 845387, 1, 0, 0
67000, 444300, 0, 0, 0
67002, 897020, 1, 0, 0
67100, 426718, 0, 0, 0
67100, 884374, 1, 0, 0
67200, 882825, 1, 0, 0
67200, 438323, 0, 0, 0
67300, 445319, 0, 0, 0
67300, 900493, 1, 0, 0
67400, 454687, 0, 0, 0
67401, 948753, 1, 0, 0
67500, 919981, 1, 0, 0
67500, 433776, 0, 0, 0
67600, 441350, 0, 0, 0
67600, 885812, 1, 0, 0
67700, 440339, 0, 0, 0
67702, 880401, 1, 0, 0
67800, 894521, 1, 0, 0
67801, 443774, 0, 0, 0
67900, 432927, 0, 0, 0
67903, 929150, 1, 0, 0
68000, 924684, 1, 0, 0
68001, 453779, 0, 0, 0
68100, 449164, 0, 0, 0
68100, 905825, 1, 0, 0
68200, 890131, 1, 0, 0
68200, 440994, 0, 0, 0
68300, 897683, 1, 0, 0
68301, 455693, 0, 0, 0
68400, 985063, 1, 0, 0
68400, 466588, 0, 0, 0
68500, 440944, 0, 0, 0
68500, 881584, 1, 0, 0
68600, 447725, 0, 0, 0
68600, 860473, 1, 0, 0
68700, 937803, 1, 0, 0
68701, 460989, 0, 0, 0
68800, 924576, 1, 0, 0
68800, 454890, 0, 0, 0
68900, 471163, 0, 0, 0
68901, 1189828, 1, 0, 0
69000, 956873, 1, 0, 0
69000, 434717, 0, 0, 0
69100, 437264, 0, 0, 0
69100, 922234, 1, 0, 0
69200, 431537, 0, 0, 0
69203, 944532, 1, 0, 0
69300, 903435, 1, 0, 0
69300, 445932, 0, 0, 0
69400, 1009624, 1, 0, 0
69400, 476210, 0, 0, 0
69500, 869949, 1, 0, 0
69500, 433293, 0, 0, 0
69600, 439182, 0, 0, 0
69600, 935400, 1, 0, 0
69700, 1086787, 1, 0, 0
69701, 433320, 0, 0, 0
69800, 431583, 0, 0, 0
69800, 870104, 1, 0, 0
69900, 438546, 0, 0, 0
69900, 875270, 1, 0, 0
70000, 445542, 0, 0, 0
70000, 880590, 1, 0, 0
70100, 449212, 0, 0, 0
70100, 900326, 1, 0, 0
70200, 902374, 1, 0, 0
70200, 420449, 0, 0, 0
70300, 442101, 0, 0, 0
70300, 894451, 1, 0, 0
70400, 436796, 0, 0, 0
70402, 897133, 1, 0, 0
70500, 441471, 0, 0, 0
70500, 912691, 1, 0, 0
70600, 850278, 1, 0, 0
70602, 429572, 0, 0, 0
70700, 899703, 1, 0, 0
70700, 436204, 0, 0, 0
70800, 447413, 0, 0, 0
70801, 876272, 1, 0, 0
70900, 449896, 0, 0, 0
70900, 915807, 1, 0, 0
71000, 458753, 0, 0, 0
71000, 901499, 1, 0, 0
71100, 871475, 1, 0, 0
71100, 438700, 0, 0, 0
71200, 442792, 0, 0, 0
71202, 899698, 1, 0, 0
71300, 875505, 1, 0, 0
71300, 429208, 0, 0, 0
71400, 449642, 0, 0, 0
71402, 885930, 1, 0, 0
71500, 430458, 0, 0, 0
71501, 886302, 1, 0, 0
71600, 439183, 0, 0, 0
71600, 885897, 1, 0, 0
71700, 447012, 0, 0, 0
71701, 934852, 1, 0, 0
71800, 964909, 1, 0, 0
71800, 441565, 0, 0, 0
71900, 459909, 0, 0, 0
71901, 878489, 1, 0, 0
72000, 451874, 0, 0, 0
72000, 903347, 1, 0, 0
72100, 456484, 0, 0, 0
72100, 875657, 1, 0, 0
72200, 491135, 0, 0, 0
72201, 952681, 1, 0, 0
72300, 942934, 1, 0, 0
72301, 454780, 0, 0, 0
72400, 477929, 0, 0, 0
72400, 947315, 1, 0, 0
72500, 904160, 1, 0, 0
72500, 473896, 0, 0, 0
72600, 474278, 0, 0, 0
72600, 888065, 1, 0, 0
72700, 1009414, 1, 0, 0
72700, 463408, 0, 0, 0
72800, 460985, 0, 0, 0
72800, 1230369, 1, 0, 0
72901, 906405, 1, 0, 0
72903, 452962, 0, 0, 0
73000, 881415, 1, 0, 0
73000, 471485, 0, 0, 0
73100, 466222, 0, 0, 0
73100, 865665, 1, 0, 0
73200, 447842, 0, 0, 0
73200, 1019689, 1, 0, 0
73300, 470933, 0, 0, 0
73301, 880774, 1, 0, 0
73400, 474426, 0, 0, 0
73400, 906314, 1, 0, 0
73500, 454315, 0, 0, 0
73500, 914452, 1, 0, 0
73600, 454242, 0, 0, 0
73603, 945231, 1, 0, 0
73709, 487167, 0, 0, 0
73709, 867913, 1, 0, 0
73800, 994954, 1, 0, 0
73800, 493585, 0, 0, 0
73900, 445793, 0, 0, 0
73900, 871143, 1, 0, 0
74000, 915955, 1, 0, 0
74001, 452307, 0, 0, 0
74100, 445403, 0, 0, 0
74101, 866675, 1, 0, 0
74200, 935898, 1, 0, 0
74201, 494886, 0, 0, 0
74300, 899233, 1, 0, 0
74300, 458864, 0, 0, 0
74400, 886565, 1, 0, 0
74400, 439361, 0, 0, 0
74500, 455234, 0, 0, 0
74502, 904613, 1, 0, 0
74600, 444273, 0, 0, 0
74601, 907257, 1, 0, 0
74700, 464790, 0, 0, 0
74700, 915722, 1, 0, 0
74800, 468197, 0, 0, 0
74802, 984141, 1, 0, 0
74900, 471852, 0, 0, 0
74900, 901679, 1, 0, 0
75000, 463971, 0, 0, 0
75001, 934587, 1, 0, 0
75100, 908760, 1, 0, 0
75101, 455940, 0, 0, 0
75200, 1123773, 1, 0, 0
75200, 474871, 0, 0, 0
75300, 868727, 1, 0, 0
75301, 451939, 0, 0, 0
75400, 462708, 0, 0, 0
75400, 940353, 1, 0, 0
75500, 459715, 0, 0, 0
75501, 931387, 1, 0, 0
75600, 924470, 1, 0, 0
75600, 466075, 0, 0, 0
75700, 962905, 1, 0, 0
75700, 468172, 0, 0, 0
75800, 1016261, 1, 0, 0
75800, 461092, 0, 0, 0
75900, 476420, 0, 0, 0
75900, 977082, 1, 0, 0
76000, 468524, 0, 0, 0
76001, 948329, 1, 0, 0
76100, 457975, 0, 0, 0
76100, 895064, 1, 0, 0
76200, 1159174, 1, 0, 0
76201, 544273, 0, 0, 0
76300, 919582, 1, 0, 0
76300, 469763, 0, 0, 0
76424, 1438873, 1, 0, 0
76426, 457326, 0, 0, 0
76500, 459516, 0, 0, 0
76500, 1505479, 1, 0, 0
76600, 450740, 0, 0, 0
76600, 894883, 1, 0, 0
76700, 465825, 0, 0, 0
76700, 942653, 1, 0, 0
76800, 460497, 0, 0, 0
76800, 1064883, 1, 0, 0
76900, 447712, 0, 0, 0
76900, 1042813, 1, 0, 0
77000, 884940, 1, 0, 0
77000, 454287, 0, 0, 0
77100, 886128, 1, 0, 0
77100, 450013, 0, 0, 0
77200, 504345, 0, 0, 0
77200, 1029456, 1, 0, 0
77300, 443151, 0, 0, 0
77300, 883657, 1, 0, 0
77400, 467791, 0, 0, 0
77402, 931105, 1, 0, 0
77500, 469853, 0, 0, 0
77500, 858901, 1, 0, 0
77600, 895239, 1, 0, 0
77600, 436526, 0, 0, 0
77700, 452363, 0, 0, 0
77700, 917310, 1, 0, 0
77800, 945162, 1, 0, 0
77801, 514781, 0, 0, 0
77900, 434595, 0, 0, 0
77900, 1089554, 1, 0, 0
78000, 919550, 1, 0, 0
78001, 475149, 0, 0, 0
78100, 461353, 0, 0, 0
78100, 943834, 1, 0, 0
78200, 473447, 0, 0, 0
78201, 1162710, 1, 0, 0
78300, 893496, 1, 0, 0
78300, 459146, 0, 0, 0
78400, 467575, 0, 0, 0
78400, 940670, 1, 0, 0
78500, 926415, 1, 0, 0
78501, 480323, 0, 0, 0
78600, 921259, 1, 0, 0
78600, 486540, 0, 0, 0
78700, 930010, 1, 0, 0
78701, 498472, 0, 0, 0
78800, 513065, 0, 0, 0
78800, 1012170, 1, 0, 0
78900, 494802, 0, 0, 0
78900, 985357, 1, 0, 0
79000, 467772, 0, 0, 0
79001, 1166140, 1, 0, 0
79100, 900062, 1, 0, 0
79100, 462564, 0, 0, 0
79216, 547508, 0, 0, 0
79217, 1084075, 1, 0, 0
79300, 467239, 0, 0, 0
79301, 884068, 1, 0, 0
79400, 453359, 0, 0, 0
79400, 926054, 1, 0, 0
79500, 941705, 1, 0, 0
79500, 475016, 0, 0, 0
79600, 464972, 0, 0, 0
79601, 886534, 1, 0, 0
79700, 461215, 0, 0, 0
79700, 884369, 1, 0, 0
79800, 524850, 0, 0, 0
79802, 1057521, 1, 0, 0
79900, 490941, 0, 0, 0
79901, 921466, 1, 0, 0
80000, 1002034, 1, 0, 0
80000, 461501, 0, 0, 0
80100, 890768, 1, 0, 0
80101, 463116, 0, 0, 0
80201, 978817, 1, 0, 0
80201, 475294, 0, 0, 0
80300, 511721, 0, 0, 0
80301, 1042691, 1, 0, 0
80400, 451064, 0, 0, 0
80400, 916159, 1, 0, 0
80500, 920309, 1, 0, 0
80501, 465116, 0, 0, 0
80600, 480038, 0, 0, 0
80602, 980120, 1, 0, 0
80700, 481877, 0, 0, 0
80700, 1000565, 1, 0, 0
80807, 507971, 0, 0, 0
80807, 1100875, 1, 0, 0
80900, 960984, 1, 0, 0
80900, 522286, 0, 0, 0
81000, 985296, 1, 0, 0
81000, 462678, 0, 0, 0
81100, 470972, 0, 0, 0
81100, 942206, 1, 0, 0
81200, 924434, 1, 0, 0
81202, 475731, 0, 0, 0
81300, 483147, 0, 0, 0
81300, 1042532, 1, 0, 0
81400, 878385, 1, 0, 0
81400, 460847, 0, 0, 0
81500, 484563, 0, 0, 0
81500, 967072, 1, 0, 0
81600, 472588, 0, 0, 0
81600, 907207, 1, 0, 0
81700, 484379, 0, 0, 0
81701, 998919, 1, 0, 0
81800, 466056, 0, 0, 0
81800, 937758, 1, 0, 0
81900, 597460, 0, 0, 0
81900, 1005051, 1, 0, 0
82000, 962259, 1, 0, 0
82000, 506897, 0, 0, 0
82100, 473970, 0, 0, 0
82101, 889135, 1, 0, 0
82200, 932525, 1, 0, 0
82201, 483153, 0, 0, 0
82300, 1848882, 1, 0, 0
82300, 758307, 0, 0, 0
82400, 465753, 0, 0, 0
82401, 908272, 1, 0, 0
82500, 477862, 0, 0, 0
82501, 892948, 1, 0, 0
82600, 463642, 0, 0, 0
82600, 916005, 1, 0, 0
82700, 454840, 0, 0, 0
82700, 857088, 1, 0, 0
82800, 898654, 1, 0, 0
82800, 462621, 0, 0, 0
82900, 536582, 0, 0, 0
82900, 1131743, 1, 0, 0
83000, 494843, 0, 0, 0
83000, 952625, 1, 0, 0
83100, 925189, 1, 0, 0
83101, 451574, 0, 0, 0
83200, 461284, 0, 0, 0
83202, 907165, 1, 0, 0
83318, 1443606, 1, 0, 0
83319, 468045, 0, 0, 0
83400, 466092, 0, 0, 0
83400, 1449317, 1, 0, 0
83500, 463981, 0, 0, 0
83501, 889990, 1, 0, 0
83600, 906261, 1, 0, 0
83600, 454711, 0, 0, 0
83700, 486307, 0, 0, 0
83700, 923161, 1, 0, 0
83800, 883797, 1, 0, 0
83800, 454045, 0, 0, 0
83900, 503416, 0, 0, 0
83900, 978819, 1, 0, 0
84000, 1129384, 1, 0, 0
84001, 512438, 0, 0, 0
84100, 897410, 1, 0, 0
84100, 454908, 0, 0, 0
84200, 463892, 0, 0, 0
84201, 925239, 1, 0, 0
84300, 964670, 1, 0, 0
84300, 462565, 0, 0, 0
84400, 983161, 1, 0, 0
84401, 491523, 0, 0, 0
84500, 500596, 0, 0, 0
84501, 932142, 1, 0, 0
84600, 468193, 0, 0, 0
84600, 943711, 1, 0, 0
84700, 472217, 0, 0, 0
84702, 955991, 1, 0, 0
84800, 483481, 0, 0, 0
84801, 917399, 1, 0, 0
84900, 459826, 0, 0, 0
84900, 1095684, 1, 0, 0
85000, 468254, 0, 0, 0
85004, 1302881, 1, 0, 0
85100, 451695, 0, 0, 0
85100, 880863, 1, 0, 0
85200, 469200, 0, 0, 0
85202, 870805, 1, 0, 0
85300, 991080, 1, 0, 0
85300, 487913, 0, 0, 0
85400, 988256, 1, 0, 0
85400, 621211, 0, 0, 0
85500, 902960, 1, 0, 0
85500, 457843, 0, 0, 0
85600, 895651, 1, 0, 0
85600, 461946, 0, 0, 0
85700, 1193216, 1, 0, 0
85702, 473854, 0, 0, 0
85800, 869477, 1, 0, 0
85800, 464288, 0, 0, 0
85900, 1027257, 1, 0, 0
85900, 491813, 0, 0, 0
86000, 461391, 0, 0, 0
86000, 1142457, 1, 0, 0
86100, 476322, 0, 0, 0
86101, 875940, 1, 0, 0
86200, 468243, 0, 0, 0
86200, 935081, 1, 0, 0
86300, 898053, 1, 0, 0
86301, 460172, 0, 0, 0
86400, 535439, 0, 0, 0
86400, 954849, 1, 0, 0
86500, 492361, 0, 0, 0
86500, 910270, 1, 0, 0
86600, 901238, 1, 0, 0
86601, 469854, 0, 0, 0
86700, 460869, 0, 0, 0
86700, 892744, 1, 0, 0
86800, 902455, 1, 0, 0
86800, 492964, 0, 0, 0
86900, 901063, 1, 0, 0
86900, 532110, 0, 0, 0
87000, 460134, 0, 0, 0
87001, 1103129, 1, 0, 0
87100, 485319, 0, 0, 0
87100, 953261, 1, 0, 0
87200, 441512, 0, 0, 0
87200, 894565, 1, 0, 0
87300, 467287, 0, 0, 0
87300, 877293, 1, 0, 0
87400, 487623, 0, 0, 0
87400, 912777, 1, 0, 0
87500, 933927, 1, 0, 0
87500, 457485, 0, 0, 0
87600, 880542, 1, 0, 0
87601, 456022, 0, 0, 0
87700, 461156, 0, 0, 0
87700, 921395, 1, 0, 0
87800, 905908, 1, 0, 0
87800, 464050, 0, 0, 0
87900, 456507, 0, 0, 0
87900, 901420, 1, 0, 0
88000, 492330, 0, 0, 0
88001, 1118431, 1, 0, 0
88100, 463424, 0, 0, 0
88101, 904552, 1, 0, 0
88200, 467338, 0, 0, 0
88200, 913632, 1, 0, 0
88300, 455332, 0, 0, 0
88300, 896327, 1, 0, 0
88400, 1129526, 1, 0, 0
88400, 482306, 0, 0, 0
88500, 466457, 0, 0, 0
88501, 892441, 1, 0, 0
88600, 454303, 0, 0, 0
88600, 896033, 1, 0, 0
88700, 885297, 1, 0, 0
88700, 474659, 0, 0, 0
88800, 467459, 0, 0, 0
88801, 934020, 1, 0, 0
88900, 467078, 0, 0, 0
88900, 907142, 1, 0, 0
89000, 1325385, 1, 0, 0
89000, 443114, 0, 0, 0
89100, 475102, 0, 0, 0
89101, 944353, 1, 0, 0
89200, 454610, 0, 0, 0
89200, 922127, 1, 0, 0
89300, 898514, 1, 0, 0
89300, 472744, 0, 0, 0
89400, 898128, 1, 0, 0
89409, 485361, 0, 0, 0
89500, 461989, 0, 0, 0
89501, 998460, 1, 0, 0
89600, 464994, 0, 0, 0
89602, 922926, 1, 0, 0
89700, 455990, 0, 0, 0
89700, 930526, 1, 0, 0
89800, 893232, 1, 0, 0
89800, 445585, 0, 0, 0
89900, 464826, 0, 0, 0
89901, 997654, 1, 0, 0
90000, 467386, 0, 0, 0
90000, 338448, 0, 0, 0
90000, 802116, 1, 0, 0
