250, 25024, 0, 0, 0
250, 11392, 1, 0, 0
350, 27520, 0, 0, 0
350, 11040, 1, 0, 0
450, 25440, 0, 0, 0
450, 11680, 1, 0, 0
550, 28160, 0, 0, 0
550, 10400, 1, 0, 0
650, 24960, 0, 0, 0
650, 12000, 1, 0, 0
749, 25050, 0, 0, 0
749, 11959, 1, 0, 0
849, 24800, 0, 0, 0
849, 12480, 1, 0, 0
949, 24000, 0, 0, 0
949, 10880, 1, 0, 0
1049, 27040, 0, 0, 0
1049, 10720, 1, 0, 0
1149, 23840, 0, 0, 0
1149, 11840, 1, 0, 0
1249, 23680, 0, 0, 0
1249, 12640, 1, 0, 0
1349, 24160, 0, 0, 0
1349, 11680, 1, 0, 0
1449, 21280, 0, 0, 0
1449, 12960, 1, 0, 0
1549, 27200, 0, 0, 0
1549, 10560, 1, 0, 0
1649, 26080, 0, 0, 0
1649, 10880, 1, 0, 0
1750, 28960, 0, 0, 0
1750, 8800, 1, 0, 0
1850, 25760, 0, 0, 0
1850, 11040, 1, 0, 0
1950, 24640, 0, 0, 0
1950, 12480, 1, 0, 0
2050, 25440, 0, 0, 0
2050, 12160, 1, 0, 0
2150, 26080, 0, 0, 0
2150, 10880, 1, 0, 0
2249, 24242, 0, 0, 0
2249, 11313, 1, 0, 0
2349, 26880, 0, 0, 0
2349, 9280, 1, 0, 0
2449, 27200, 0, 0, 0
2449, 8960, 1, 0, 0
2549, 25120, 0, 0, 0
2549, 10720, 1, 0, 0
2649, 25280, 0, 0, 0
2649, 11040, 1, 0, 0
2749, 24960, 0, 0, 0
2749, 11840, 1, 0, 0
2849, 28320, 0, 0, 0
2849, 10240, 1, 0, 0
2949, 24160, 0, 0, 0
2949, 12160, 1, 0, 0
3049, 24160, 0, 0, 0
3049, 11040, 1, 0, 0
3149, 27680, 0, 0, 0
3149, 10080, 1, 0, 0
3250, 25600, 0, 0, 0
3250, 10560, 1, 0, 0
3350, 23680, 0, 0, 0
3350, 11520, 1, 0, 0
3450, 27200, 0, 0, 0
3450, 10080, 1, 0, 0
3550, 25760, 0, 0, 0
3550, 9920, 1, 0, 0
3650, 27040, 0, 0, 0
3650, 10880, 1, 0, 0
3749, 23111, 0, 0, 0
3749, 11959, 1, 0, 0
3849, 25920, 0, 0, 0
3849, 11360, 1, 0, 0
3949, 24480, 0, 0, 0
3949, 11840, 1, 0, 0
4049, 25440, 0, 0, 0
4049, 10240, 1, 0, 0
4149, 21600, 0, 0, 0
4149, 12320, 1, 0, 0
4249, 27360, 0, 0, 0
4249, 10080, 1, 0, 0
4349, 27360, 0, 0, 0
4349, 9920, 1, 0, 0
4449, 26400, 0, 0, 0
4449, 8480, 1, 0, 0
4549, 22720, 0, 0, 0
4549, 11680, 1, 0, 0
4649, 25440, 0, 0, 0
4649, 10720, 1, 0, 0
4749, 24320, 0, 0, 0
4749, 11680, 1, 0, 0
4850, 28480, 0, 0, 0
4850, 8640, 1, 0, 0
4950, 22400, 0, 0, 0
4950, 7680, 1, 0, 0
5050, 26080, 0, 0, 0
5050, 10560, 1, 0, 0
5150, 23680, 0, 0, 0
5150, 11520, 1, 0, 0
5249, 27797, 0, 0, 0
5249, 10989, 1, 0, 0
5349, 28320, 0, 0, 0
5349, 10400, 1, 0, 0
5449, 25920, 0, 0, 0
5449, 11360, 1, 0, 0
5549, 28800, 0, 0, 0
5549, 11360, 1, 0, 0
5649, 26880, 0, 0, 0
5649, 10880, 1, 0, 0
5749, 26240, 0, 0, 0
5749, 9920, 1, 0, 0
5849, 26720, 0, 0, 0
5849, 9920, 1, 0, 0
5949, 27840, 0, 0, 0
5949, 9920, 1, 0, 0
6049, 26880, 0, 0, 0
6049, 9760, 1, 0, 0
6149, 24960, 0, 0, 0
6149, 11040, 1, 0, 0
6249, 25440, 0, 0, 0
6249, 10560, 1, 0, 0
6350, 26240, 0, 0, 0
6350, 10240, 1, 0, 0
6450, 27680, 0, 0, 0
6450, 10080, 1, 0, 0
6550, 28480, 0, 0, 0
6550, 9280, 1, 0, 0
6650, 26720, 0, 0, 0
6650, 10240, 1, 0, 0
6749, 28767, 0, 0, 0
6749, 9535, 1, 0, 0
6849, 23680, 0, 0, 0
6849, 11680, 1, 0, 0
6949, 26560, 0, 0, 0
6949, 10720, 1, 0, 0
7049, 26560, 0, 0, 0
7049, 11360, 1, 0, 0
7149, 24960, 0, 0, 0
7149, 11200, 1, 0, 0
7249, 26080, 0, 0, 0
7249, 10240, 1, 0, 0
7349, 28480, 0, 0, 0
7349, 9920, 1, 0, 0
7449, 29600, 0, 0, 0
7449, 9280, 1, 0, 0
7549, 23840, 0, 0, 0
7549, 12320, 1, 0, 0
7649, 25760, 0, 0, 0
7649, 11040, 1, 0, 0
7750, 26080, 0, 0, 0
7750, 11200, 1, 0, 0
7850, 26080, 0, 0, 0
7850, 10400, 1, 0, 0
7950, 23360, 0, 0, 0
7950, 11680, 1, 0, 0
8050, 25280, 0, 0, 0
8050, 11200, 1, 0, 0
8150, 24320, 0, 0, 0
8150, 10880, 1, 0, 0
8249, 26666, 0, 0, 0
8249, 10343, 1, 0, 0
8349, 27040, 0, 0, 0
8349, 10880, 1, 0, 0
8449, 28800, 0, 0, 0
8449, 9760, 1, 0, 0
8549, 25920, 0, 0, 0
8549, 11040, 1, 0, 0
8649, 26880, 0, 0, 0
8649, 10560, 1, 0, 0
8749, 26720, 0, 0, 0
8749, 10080, 1, 0, 0
8849, 22080, 0, 0, 0
8849, 12320, 1, 0, 0
8949, 24480, 0, 0, 0
8949, 11520, 1, 0, 0
9049, 25120, 0, 0, 0
9049, 11200, 1, 0, 0
9149, 23520, 0, 0, 0
9149, 12640, 1, 0, 0
9250, 24480, 0, 0, 0
9250, 9600, 1, 0, 0
9350, 27040, 0, 0, 0
9350, 9760, 1, 0, 0
9450, 26400, 0, 0, 0
9450, 10560, 1, 0, 0
9550, 27040, 0, 0, 0
9550, 9600, 1, 0, 0
9650, 24000, 0, 0, 0
9650, 11520, 1, 0, 0
9749, 25696, 0, 0, 0
9749, 10828, 1, 0, 0
9849, 27680, 0, 0, 0
9849, 10240, 1, 0, 0
9949, 24000, 0, 0, 0
9949, 11360, 1, 0, 0
10049, 25120, 0, 0, 0
10049, 10880, 1, 0, 0
10149, 25600, 0, 0, 0
10149, 10560, 1, 0, 0
10249, 27680, 0, 0, 0
10249, 10240, 1, 0, 0
10349, 27680, 0, 0, 0
10349, 10560, 1, 0, 0
10449, 25440, 0, 0, 0
10449, 8160, 1, 0, 0
10549, 23840, 0, 0, 0
10549, 11520, 1, 0, 0
10649, 24800, 0, 0, 0
10649, 11040, 1, 0, 0
10750, 28640, 0, 0, 0
10750, 9440, 1, 0, 0
10850, 26240, 0, 0, 0
10850, 11680, 1, 0, 0
10950, 28160, 0, 0, 0
10950, 11040, 1, 0, 0
11050, 25120, 0, 0, 0
11050, 12480, 1, 0, 0
11150, 28160, 0, 0, 0
11150, 10560, 1, 0, 0
11249, 25212, 0, 0, 0
11249, 11636, 1, 0, 0
11349, 26400, 0, 0, 0
11349, 10880, 1, 0, 0
11449, 24640, 0, 0, 0
11449, 11520, 1, 0, 0
11549, 25120, 0, 0, 0
11549, 11200, 1, 0, 0
11649, 25280, 0, 0, 0
11649, 12160, 1, 0, 0
11749, 26720, 0, 0, 0
11749, 11360, 1, 0, 0
11849, 26240, 0, 0, 0
11849, 12320, 1, 0, 0
11949, 27520, 0, 0, 0
11949, 10720, 1, 0, 0
12049, 24640, 0, 0, 0
12049, 12800, 1, 0, 0
12149, 30560, 0, 0, 0
12149, 10240, 1, 0, 0
12249, 25440, 0, 0, 0
12249, 12320, 1, 0, 0
12349, 25760, 0, 0, 0
12349, 11520, 1, 0, 0
12449, 27680, 0, 0, 0
12449, 10880, 1, 0, 0
12550, 27360, 0, 0, 0
12550, 10400, 1, 0, 0
12650, 26880, 0, 0, 0
12650, 11360, 1, 0, 0
12749, 24404, 0, 0, 0
12749, 11636, 1, 0, 0
12849, 28160, 0, 0, 0
12849, 10400, 1, 0, 0
12949, 23840, 0, 0, 0
12949, 12160, 1, 0, 0
13049, 25600, 0, 0, 0
13049, 11840, 1, 0, 0
13149, 24480, 0, 0, 0
13149, 12160, 1, 0, 0
13249, 27360, 0, 0, 0
13249, 11200, 1, 0, 0
13349, 29920, 0, 0, 0
13349, 10560, 1, 0, 0
13449, 24960, 0, 0, 0
13449, 12320, 1, 0, 0
13549, 23520, 0, 0, 0
13549, 12320, 1, 0, 0
13649, 24320, 0, 0, 0
13649, 12160, 1, 0, 0
13749, 23360, 0, 0, 0
13749, 12960, 1, 0, 0
13849, 30720, 0, 0, 0
13849, 9600, 1, 0, 0
13949, 27520, 0, 0, 0
13949, 11520, 1, 0, 0
14050, 24320, 0, 0, 0
14050, 12640, 1, 0, 0
14150, 24960, 0, 0, 0
14150, 11840, 1, 0, 0
14249, 27797, 0, 0, 0
14249, 10343, 1, 0, 0
14349, 23840, 0, 0, 0
14349, 12160, 1, 0, 0
14449, 24960, 0, 0, 0
14449, 12160, 1, 0, 0
14549, 23840, 0, 0, 0
14549, 12800, 1, 0, 0
14649, 25280, 0, 0, 0
14649, 11840, 1, 0, 0
14749, 24640, 0, 0, 0
14749, 12000, 1, 0, 0
14849, 29280, 0, 0, 0
14849, 8640, 1, 0, 0
14949, 24640, 0, 0, 0
14949, 11040, 1, 0, 0
15049, 28800, 0, 0, 0
15049, 10240, 1, 0, 0
15149, 23680, 0, 0, 0
15149, 11840, 1, 0, 0
15249, 29120, 0, 0, 0
15249, 9920, 1, 0, 0
15349, 29760, 0, 0, 0
15349, 10240, 1, 0, 0
15449, 22880, 0, 0, 0
15449, 11520, 1, 0, 0
15549, 25120, 0, 0, 0
15549, 11680, 1, 0, 0
15649, 22880, 0, 0, 0
15649, 12960, 1, 0, 0
15750, 25440, 0, 0, 0
15750, 11680, 1, 0, 0
15850, 26560, 0, 0, 0
15850, 11360, 1, 0, 0
15950, 22720, 0, 0, 0
15950, 12640, 1, 0, 0
16050, 24960, 0, 0, 0
16050, 10720, 1, 0, 0
16150, 25600, 0, 0, 0
16150, 11200, 1, 0, 0
16249, 26505, 0, 0, 0
16249, 10828, 1, 0, 0
16349, 25920, 0, 0, 0
16349, 11520, 1, 0, 0
16449, 25440, 0, 0, 0
16449, 10880, 1, 0, 0
16549, 27360, 0, 0, 0
16549, 10720, 1, 0, 0
16649, 24480, 0, 0, 0
16649, 11520, 1, 0, 0
16749, 25600, 0, 0, 0
16749, 10720, 1, 0, 0
16849, 27200, 0, 0, 0
16849, 11040, 1, 0, 0
16949, 27840, 0, 0, 0
16949, 9440, 1, 0, 0
17049, 27200, 0, 0, 0
17049, 10400, 1, 0, 0
17149, 25760, 0, 0, 0
17149, 10880, 1, 0, 0
17249, 28960, 0, 0, 0
17249, 10240, 1, 0, 0
17350, 24960, 0, 0, 0
17350, 11840, 1, 0, 0
17450, 25600, 0, 0, 0
17450, 10880, 1, 0, 0
17550, 27360, 0, 0, 0
17550, 10240, 1, 0, 0
17650, 26720, 0, 0, 0
17650, 11040, 1, 0, 0
17749, 27959, 0, 0, 0
17749, 10343, 1, 0, 0
17849, 25760, 0, 0, 0
17849, 11840, 1, 0, 0
17949, 25120, 0, 0, 0
17949, 11680, 1, 0, 0
18049, 27520, 0, 0, 0
18049, 9760, 1, 0, 0
18149, 22720, 0, 0, 0
18149, 13120, 1, 0, 0
18249, 27200, 0, 0, 0
18249, 10880, 1, 0, 0
18349, 27360, 0, 0, 0
18349, 11040, 1, 0, 0
18449, 29600, 0, 0, 0
18449, 9600, 1, 0, 0
18549, 26080, 0, 0, 0
18549, 12160, 1, 0, 0
18649, 28640, 0, 0, 0
18649, 9760, 1, 0, 0
18749, 27840, 0, 0, 0
18749, 11200, 1, 0, 0
18849, 23840, 0, 0, 0
18849, 12640, 1, 0, 0
18950, 23840, 0, 0, 0
18950, 13280, 1, 0, 0
19050, 23040, 0, 0, 0
19050, 12000, 1, 0, 0
19150, 24480, 0, 0, 0
19150, 11680, 1, 0, 0
19249, 26666, 0, 0, 0
19249, 11636, 1, 0, 0
19349, 24640, 0, 0, 0
19349, 12480, 1, 0, 0
19449, 26400, 0, 0, 0
19449, 10720, 1, 0, 0
19549, 22720, 0, 0, 0
19549, 12480, 1, 0, 0
19649, 23520, 0, 0, 0
19649, 11520, 1, 0, 0
19749, 26240, 0, 0, 0
19749, 10560, 1, 0, 0
19849, 24320, 0, 0, 0
19849, 11680, 1, 0, 0
19949, 21760, 0, 0, 0
19949, 10240, 1, 0, 0
20049, 25440, 0, 0, 0
20049, 11040, 1, 0, 0
20149, 23360, 0, 0, 0
20149, 11840, 1, 0, 0
20249, 24800, 0, 0, 0
20249, 11360, 1, 0, 0
20349, 27840, 0, 0, 0
20349, 10400, 1, 0, 0
20450, 22720, 0, 0, 0
20450, 11520, 1, 0, 0
20550, 25120, 0, 0, 0
20550, 11360, 1, 0, 0
20650, 26240, 0, 0, 0
20650, 10880, 1, 0, 0
20749, 25373, 0, 0, 0
20749, 11151, 1, 0, 0
20849, 27200, 0, 0, 0
20849, 11040, 1, 0, 0
20949, 26400, 0, 0, 0
20949, 10880, 1, 0, 0
21049, 24160, 0, 0, 0
21049, 11360, 1, 0, 0
21149, 24000, 0, 0, 0
21149, 11360, 1, 0, 0
21249, 23200, 0, 0, 0
21249, 12480, 1, 0, 0
21349, 25120, 0, 0, 0
21349, 11520, 1, 0, 0
21449, 25120, 0, 0, 0
21449, 11200, 1, 0, 0
21549, 22240, 0, 0, 0
21549, 11840, 1, 0, 0
21649, 24960, 0, 0, 0
21649, 10560, 1, 0, 0
21749, 24640, 0, 0, 0
21749, 11040, 1, 0, 0
21849, 28480, 0, 0, 0
21849, 9600, 1, 0, 0
21949, 28160, 0, 0, 0
21949, 9920, 1, 0, 0
22050, 23840, 0, 0, 0
22050, 11520, 1, 0, 0
22150, 24640, 0, 0, 0
22150, 10720, 1, 0, 0
22249, 25535, 0, 0, 0
22249, 10828, 1, 0, 0
22349, 28160, 0, 0, 0
22349, 10880, 1, 0, 0
22449, 26400, 0, 0, 0
22449, 10240, 1, 0, 0
22549, 26560, 0, 0, 0
22549, 10560, 1, 0, 0
22649, 27040, 0, 0, 0
22649, 10240, 1, 0, 0
22749, 26720, 0, 0, 0
22749, 10560, 1, 0, 0
22849, 26400, 0, 0, 0
22849, 10080, 1, 0, 0
22949, 27680, 0, 0, 0
22949, 9440, 1, 0, 0
23049, 27520, 0, 0, 0
23049, 10240, 1, 0, 0
23149, 23520, 0, 0, 0
23149, 11840, 1, 0, 0
23249, 25120, 0, 0, 0
23249, 11200, 1, 0, 0
23349, 24640, 0, 0, 0
23349, 11360, 1, 0, 0
23449, 25440, 0, 0, 0
23449, 11520, 1, 0, 0
23550, 24160, 0, 0, 0
23550, 11200, 1, 0, 0
23650, 25760, 0, 0, 0
23650, 9760, 1, 0, 0
23749, 25373, 0, 0, 0
23749, 10989, 1, 0, 0
23849, 26880, 0, 0, 0
23849, 11200, 1, 0, 0
23949, 26560, 0, 0, 0
23949, 10560, 1, 0, 0
24049, 24480, 0, 0, 0
24049, 11680, 1, 0, 0
24149, 27360, 0, 0, 0
24149, 10080, 1, 0, 0
24249, 24640, 0, 0, 0
24249, 11360, 1, 0, 0
24349, 26880, 0, 0, 0
24349, 10880, 1, 0, 0
24449, 25280, 0, 0, 0
24449, 10880, 1, 0, 0
24549, 23040, 0, 0, 0
24549, 10720, 1, 0, 0
24649, 23360, 0, 0, 0
24649, 11680, 1, 0, 0
24749, 28160, 0, 0, 0
24749, 10400, 1, 0, 0
24849, 25280, 0, 0, 0
24849, 11840, 1, 0, 0
24949, 24160, 0, 0, 0
24949, 11360, 1, 0, 0
25050, 22880, 0, 0, 0
25050, 12160, 1, 0, 0
25150, 24000, 0, 0, 0
25150, 11200, 1, 0, 0
25249, 23272, 0, 0, 0
25249, 11474, 1, 0, 0
25349, 27040, 0, 0, 0
25349, 9440, 1, 0, 0
25449, 26240, 0, 0, 0
25449, 10400, 1, 0, 0
25549, 27520, 0, 0, 0
25549, 10720, 1, 0, 0
25649, 27520, 0, 0, 0
25649, 11200, 1, 0, 0
25749, 27520, 0, 0, 0
25749, 11200, 1, 0, 0
25849, 29120, 0, 0, 0
25849, 10080, 1, 0, 0
25949, 24320, 0, 0, 0
25949, 11680, 1, 0, 0
26049, 27520, 0, 0, 0
26049, 9760, 1, 0, 0
26149, 25920, 0, 0, 0
26149, 10400, 1, 0, 0
26249, 21280, 0, 0, 0
26249, 12480, 1, 0, 0
26349, 24960, 0, 0, 0
26349, 10400, 1, 0, 0
26449, 25440, 0, 0, 0
26449, 10240, 1, 0, 0
26550, 24320, 0, 0, 0
26550, 11520, 1, 0, 0
26650, 28000, 0, 0, 0
26650, 8800, 1, 0, 0
26749, 25696, 0, 0, 0
26749, 10666, 1, 0, 0
26849, 22400, 0, 0, 0
26849, 11680, 1, 0, 0
26949, 25120, 0, 0, 0
26949, 9920, 1, 0, 0
27049, 23360, 0, 0, 0
27049, 11840, 1, 0, 0
27149, 25920, 0, 0, 0
27149, 10400, 1, 0, 0
27249, 27360, 0, 0, 0
27249, 9440, 1, 0, 0
27349, 26560, 0, 0, 0
27349, 10720, 1, 0, 0
27449, 24000, 0, 0, 0
27449, 11200, 1, 0, 0
27549, 21120, 0, 0, 0
27549, 12480, 1, 0, 0
27649, 22720, 0, 0, 0
27649, 11840, 1, 0, 0
27749, 27200, 0, 0, 0
27749, 10400, 1, 0, 0
27849, 28000, 0, 0, 0
27849, 9920, 1, 0, 0
27949, 28160, 0, 0, 0
27949, 9600, 1, 0, 0
28050, 23200, 0, 0, 0
28050, 12000, 1, 0, 0
28150, 24960, 0, 0, 0
28150, 11200, 1, 0, 0
28249, 24888, 0, 0, 0
28249, 11636, 1, 0, 0
28349, 26720, 0, 0, 0
28349, 11040, 1, 0, 0
28449, 27360, 0, 0, 0
28449, 10080, 1, 0, 0
28549, 27680, 0, 0, 0
28549, 9600, 1, 0, 0
28649, 26240, 0, 0, 0
28649, 11840, 1, 0, 0
28749, 25440, 0, 0, 0
28749, 11520, 1, 0, 0
28849, 25920, 0, 0, 0
28849, 11040, 1, 0, 0
28949, 23840, 0, 0, 0
28949, 11040, 1, 0, 0
29049, 26240, 0, 0, 0
29049, 11360, 1, 0, 0
29149, 24800, 0, 0, 0
29149, 12320, 1, 0, 0
29249, 25440, 0, 0, 0
29249, 11040, 1, 0, 0
29349, 24480, 0, 0, 0
29349, 11040, 1, 0, 0
29449, 27040, 0, 0, 0
29449, 11200, 1, 0, 0
29549, 27840, 0, 0, 0
29549, 10240, 1, 0, 0
29650, 28960, 0, 0, 0
29650, 10080, 1, 0, 0
29750, 26880, 0, 0, 0
29750, 11520, 1, 0, 0
29850, 25920, 0, 0, 0
29850, 10720, 1, 0, 0
29950, 23680, 0, 0, 0
29950, 13280, 1, 0, 0
30050, 26080, 0, 0, 0
30050, 12000, 1, 0, 0
30150, 25280, 0, 0, 0
30150, 12480, 1, 0, 0
30249, 25696, 0, 0, 0
30249, 11313, 1, 0, 0
30349, 30080, 0, 0, 0
30349, 9600, 1, 0, 0
30449, 25600, 0, 0, 0
30449, 9760, 1, 0, 0
30549, 28960, 0, 0, 0
30549, 8320, 1, 0, 0
30649, 28480, 0, 0, 0
30649, 9920, 1, 0, 0
30749, 25760, 0, 0, 0
30749, 11520, 1, 0, 0
30849, 30240, 0, 0, 0
30849, 9120, 1, 0, 0
30949, 26240, 0, 0, 0
30949, 11200, 1, 0, 0
31049, 26400, 0, 0, 0
31049, 11520, 1, 0, 0
31149, 25760, 0, 0, 0
31149, 11040, 1, 0, 0
31250, 26720, 0, 0, 0
31250, 11520, 1, 0, 0
31350, 25280, 0, 0, 0
31350, 12160, 1, 0, 0
31450, 26400, 0, 0, 0
31450, 10560, 1, 0, 0
31550, 29280, 0, 0, 0
31550, 9120, 1, 0, 0
31650, 29120, 0, 0, 0
31650, 10080, 1, 0, 0
31749, 24565, 0, 0, 0
31749, 12444, 1, 0, 0
31849, 28480, 0, 0, 0
31849, 9920, 1, 0, 0
31949, 26880, 0, 0, 0
31949, 11200, 1, 0, 0
32049, 25760, 0, 0, 0
32049, 10880, 1, 0, 0
32149, 24000, 0, 0, 0
32149, 12800, 1, 0, 0
32249, 25120, 0, 0, 0
32249, 11200, 1, 0, 0
32349, 29600, 0, 0, 0
32349, 10560, 1, 0, 0
32449, 26400, 0, 0, 0
32449, 10720, 1, 0, 0
32549, 26720, 0, 0, 0
32549, 10560, 1, 0, 0
32649, 25120, 0, 0, 0
32649, 11520, 1, 0, 0
32750, 23840, 0, 0, 0
32750, 12640, 1, 0, 0
32850, 22880, 0, 0, 0
32850, 12320, 1, 0, 0
32950, 29760, 0, 0, 0
32950, 8800, 1, 0, 0
33050, 24160, 0, 0, 0
33050, 10880, 1, 0, 0
33150, 24320, 0, 0, 0
33150, 11840, 1, 0, 0
33249, 24565, 0, 0, 0
33249, 11474, 1, 0, 0
33349, 27680, 0, 0, 0
33349, 10080, 1, 0, 0
33449, 25280, 0, 0, 0
33449, 12160, 1, 0, 0
33549, 25760, 0, 0, 0
33549, 11520, 1, 0, 0
33649, 28640, 0, 0, 0
33649, 10560, 1, 0, 0
33749, 26080, 0, 0, 0
33749, 11360, 1, 0, 0
33849, 23200, 0, 0, 0
33849, 11680, 1, 0, 0
33949, 23200, 0, 0, 0
33949, 12000, 1, 0, 0
34049, 26080, 0, 0, 0
34049, 10880, 1, 0, 0
34149, 26240, 0, 0, 0
34149, 11040, 1, 0, 0
34250, 28640, 0, 0, 0
34250, 10240, 1, 0, 0
34350, 28960, 0, 0, 0
34350, 10080, 1, 0, 0
34450, 22880, 0, 0, 0
34450, 13120, 1, 0, 0
34550, 26080, 0, 0, 0
34550, 12480, 1, 0, 0
34650, 25280, 0, 0, 0
34650, 10400, 1, 0, 0
34749, 26666, 0, 0, 0
34749, 10505, 1, 0, 0
34849, 24960, 0, 0, 0
34849, 10720, 1, 0, 0
34949, 21760, 0, 0, 0
34949, 13280, 1, 0, 0
35049, 22880, 0, 0, 0
35049, 12640, 1, 0, 0
35149, 24160, 0, 0, 0
35149, 12480, 1, 0, 0
35249, 25920, 0, 0, 0
35249, 11040, 1, 0, 0
35349, 22560, 0, 0, 0
35349, 13280, 1, 0, 0
35449, 26080, 0, 0, 0
35449, 11040, 1, 0, 0
35549, 25920, 0, 0, 0
35549, 12000, 1, 0, 0
35649, 26240, 0, 0, 0
35649, 10880, 1, 0, 0
35749, 25920, 0, 0, 0
35749, 11520, 1, 0, 0
35850, 25280, 0, 0, 0
35850, 11360, 1, 0, 0
35950, 22880, 0, 0, 0
35950, 11680, 1, 0, 0
36050, 28320, 0, 0, 0
36050, 9920, 1, 0, 0
36150, 24640, 0, 0, 0
36150, 11040, 1, 0, 0
36249, 28121, 0, 0, 0
36249, 10343, 1, 0, 0
36349, 24160, 0, 0, 0
36349, 11680, 1, 0, 0
36449, 24480, 0, 0, 0
36449, 11840, 1, 0, 0
36549, 23200, 0, 0, 0
36549, 12320, 1, 0, 0
36649, 27840, 0, 0, 0
36649, 10720, 1, 0, 0
36749, 25280, 0, 0, 0
36749, 12320, 1, 0, 0
36849, 23840, 0, 0, 0
36849, 12640, 1, 0, 0
36949, 24320, 0, 0, 0
36949, 11680, 1, 0, 0
37049, 25280, 0, 0, 0
37049, 11200, 1, 0, 0
37149, 30400, 0, 0, 0
37149, 9280, 1, 0, 0
37249, 27680, 0, 0, 0
37249, 11360, 1, 0, 0
37349, 25440, 0, 0, 0
37349, 12160, 1, 0, 0
37449, 26240, 0, 0, 0
37449, 11680, 1, 0, 0
37550, 27200, 0, 0, 0
37550, 11040, 1, 0, 0
37650, 24160, 0, 0, 0
37650, 11360, 1, 0, 0
37749, 29575, 0, 0, 0
37749, 9696, 1, 0, 0
37849, 24960, 0, 0, 0
37849, 11520, 1, 0, 0
37949, 28960, 0, 0, 0
37949, 10400, 1, 0, 0
38049, 28320, 0, 0, 0
38049, 10720, 1, 0, 0
38149, 26400, 0, 0, 0
38149, 10560, 1, 0, 0
38249, 22720, 0, 0, 0
38249, 12320, 1, 0, 0
38349, 24960, 0, 0, 0
38349, 12320, 1, 0, 0
38449, 28640, 0, 0, 0
38449, 9920, 1, 0, 0
38549, 28320, 0, 0, 0
38549, 10240, 1, 0, 0
38649, 25440, 0, 0, 0
38649, 11360, 1, 0, 0
38749, 25280, 0, 0, 0
38749, 11040, 1, 0, 0
38849, 25760, 0, 0, 0
38849, 11680, 1, 0, 0
38949, 25920, 0, 0, 0
38949, 10720, 1, 0, 0
39050, 26880, 0, 0, 0
39050, 10720, 1, 0, 0
39150, 26880, 0, 0, 0
39150, 11040, 1, 0, 0
39249, 27474, 0, 0, 0
39249, 11151, 1, 0, 0
39349, 24960, 0, 0, 0
39349, 10880, 1, 0, 0
39449, 23680, 0, 0, 0
39449, 12480, 1, 0, 0
39549, 25440, 0, 0, 0
39549, 10880, 1, 0, 0
39649, 24000, 0, 0, 0
39649, 12160, 1, 0, 0
39749, 24960, 0, 0, 0
39749, 11680, 1, 0, 0
39849, 26240, 0, 0, 0
39849, 11520, 1, 0, 0
39949, 25760, 0, 0, 0
39949, 10880, 1, 0, 0
40049, 24320, 0, 0, 0
40049, 11840, 1, 0, 0
40149, 27200, 0, 0, 0
40149, 10560, 1, 0, 0
40249, 28480, 0, 0, 0
40249, 9760, 1, 0, 0
40349, 29760, 0, 0, 0
40349, 9760, 1, 0, 0
40449, 25440, 0, 0, 0
40449, 11040, 1, 0, 0
40550, 27360, 0, 0, 0
40550, 10880, 1, 0, 0
40650, 28480, 0, 0, 0
40650, 10720, 1, 0, 0
40749, 22626, 0, 0, 0
40749, 13414, 1, 0, 0
40849, 27360, 0, 0, 0
40849, 11520, 1, 0, 0
40949, 27840, 0, 0, 0
40949, 10080, 1, 0, 0
41049, 28480, 0, 0, 0
41049, 10560, 1, 0, 0
41149, 27520, 0, 0, 0
41149, 10240, 1, 0, 0
41249, 29600, 0, 0, 0
41249, 10720, 1, 0, 0
41349, 30080, 0, 0, 0
41349, 11040, 1, 0, 0
41449, 28000, 0, 0, 0
41449, 10880, 1, 0, 0
41549, 26880, 0, 0, 0
41549, 11680, 1, 0, 0
41649, 26720, 0, 0, 0
41649, 11520, 1, 0, 0
41749, 29920, 0, 0, 0
41749, 10080, 1, 0, 0
41849, 26560, 0, 0, 0
41849, 12000, 1, 0, 0
41949, 24800, 0, 0, 0
41949, 12640, 1, 0, 0
42049, 29440, 0, 0, 0
42049, 10400, 1, 0, 0
42149, 24800, 0, 0, 0
42149, 11680, 1, 0, 0
42250, 26080, 0, 0, 0
42250, 11200, 1, 0, 0
42350, 26720, 0, 0, 0
42350, 12320, 1, 0, 0
42450, 23680, 0, 0, 0
42450, 11680, 1, 0, 0
42550, 26080, 0, 0, 0
42550, 11360, 1, 0, 0
42650, 25120, 0, 0, 0
42650, 12000, 1, 0, 0
42749, 28121, 0, 0, 0
42749, 10343, 1, 0, 0
42849, 23520, 0, 0, 0
42849, 11680, 1, 0, 0
42949, 25440, 0, 0, 0
42949, 11680, 1, 0, 0
43049, 24480, 0, 0, 0
43049, 12000, 1, 0, 0
43149, 25440, 0, 0, 0
43149, 11360, 1, 0, 0
43249, 25440, 0, 0, 0
43249, 11680, 1, 0, 0
43349, 27840, 0, 0, 0
43349, 10720, 1, 0, 0
43449, 27040, 0, 0, 0
43449, 11040, 1, 0, 0
43549, 26080, 0, 0, 0
43549, 11680, 1, 0, 0
43649, 28960, 0, 0, 0
43649, 9440, 1, 0, 0
43750, 24480, 0, 0, 0
43750, 12000, 1, 0, 0
43850, 27360, 0, 0, 0
43850, 10560, 1, 0, 0
43950, 29120, 0, 0, 0
43950, 10720, 1, 0, 0
44050, 25280, 0, 0, 0
44050, 11840, 1, 0, 0
44150, 24640, 0, 0, 0
44150, 11360, 1, 0, 0
44249, 25696, 0, 0, 0
44249, 11636, 1, 0, 0
44349, 23520, 0, 0, 0
44349, 11840, 1, 0, 0
44449, 25280, 0, 0, 0
44449, 11840, 1, 0, 0
44549, 26880, 0, 0, 0
44549, 10560, 1, 0, 0
44649, 25280, 0, 0, 0
44649, 11840, 1, 0, 0
44749, 27200, 0, 0, 0
44749, 10560, 1, 0, 0
44849, 26720, 0, 0, 0
44849, 11040, 1, 0, 0
44949, 25600, 0, 0, 0
44949, 11520, 1, 0, 0
45049, 25440, 0, 0, 0
45049, 11360, 1, 0, 0
45149, 22560, 0, 0, 0
45149, 12640, 1, 0, 0
45249, 21760, 0, 0, 0
45249, 13120, 1, 0, 0
45350, 25280, 0, 0, 0
45350, 10720, 1, 0, 0
45450, 25280, 0, 0, 0
45450, 11840, 1, 0, 0
45550, 24320, 0, 0, 0
45550, 11840, 1, 0, 0
45650, 24320, 0, 0, 0
45650, 11840, 1, 0, 0
45749, 26989, 0, 0, 0
45749, 11313, 1, 0, 0
45849, 27200, 0, 0, 0
45849, 11520, 1, 0, 0
45949, 28160, 0, 0, 0
45949, 10720, 1, 0, 0
46049, 31040, 0, 0, 0
46049, 10080, 1, 0, 0
46149, 24960, 0, 0, 0
46149, 11680, 1, 0, 0
46249, 25600, 0, 0, 0
46249, 11840, 1, 0, 0
46349, 23840, 0, 0, 0
46349, 12160, 1, 0, 0
46449, 22080, 0, 0, 0
46449, 13280, 1, 0, 0
46549, 27040, 0, 0, 0
46549, 10560, 1, 0, 0
46649, 28160, 0, 0, 0
46649, 10400, 1, 0, 0
46750, 28000, 0, 0, 0
46750, 10720, 1, 0, 0
46850, 28000, 0, 0, 0
46850, 10240, 1, 0, 0
46950, 25760, 0, 0, 0
46950, 12320, 1, 0, 0
47050, 26880, 0, 0, 0
47050, 11360, 1, 0, 0
47150, 25920, 0, 0, 0
47150, 12160, 1, 0, 0
47249, 26666, 0, 0, 0
47249, 12121, 1, 0, 0
47349, 29760, 0, 0, 0
47349, 10720, 1, 0, 0
47449, 25920, 0, 0, 0
47449, 11840, 1, 0, 0
47549, 26560, 0, 0, 0
47549, 10400, 1, 0, 0
47649, 27040, 0, 0, 0
47649, 10560, 1, 0, 0
47749, 24800, 0, 0, 0
47749, 10880, 1, 0, 0
47849, 25440, 0, 0, 0
47849, 11520, 1, 0, 0
47949, 21920, 0, 0, 0
47949, 11360, 1, 0, 0
48049, 28000, 0, 0, 0
48049, 10720, 1, 0, 0
48149, 28640, 0, 0, 0
48149, 9760, 1, 0, 0
48249, 25760, 0, 0, 0
48249, 10560, 1, 0, 0
48349, 24960, 0, 0, 0
48349, 10880, 1, 0, 0
48450, 26720, 0, 0, 0
48450, 11520, 1, 0, 0
48550, 29760, 0, 0, 0
48550, 9440, 1, 0, 0
48650, 26080, 0, 0, 0
48650, 10720, 1, 0, 0
48749, 23434, 0, 0, 0
48749, 12282, 1, 0, 0
48849, 26720, 0, 0, 0
48849, 10720, 1, 0, 0
48949, 27040, 0, 0, 0
48949, 11040, 1, 0, 0
49049, 21280, 0, 0, 0
49049, 11200, 1, 0, 0
49149, 27680, 0, 0, 0
49149, 9920, 1, 0, 0
49249, 28320, 0, 0, 0
49249, 10080, 1, 0, 0
49349, 24960, 0, 0, 0
49349, 11520, 1, 0, 0
49449, 27360, 0, 0, 0
49449, 10560, 1, 0, 0
49549, 27200, 0, 0, 0
49549, 11200, 1, 0, 0
49649, 28160, 0, 0, 0
49649, 9920, 1, 0, 0
49749, 27040, 0, 0, 0
49749, 11360, 1, 0, 0
49849, 24960, 0, 0, 0
49849, 12000, 1, 0, 0
49949, 25760, 0, 0, 0
49949, 11840, 1, 0, 0
50050, 24480, 0, 0, 0
50050, 12160, 1, 0, 0
50150, 25120, 0, 0, 0
50150, 11040, 1, 0, 0
50249, 25535, 0, 0, 0
50249, 11151, 1, 0, 0
50349, 27200, 0, 0, 0
50349, 9760, 1, 0, 0
50449, 27680, 0, 0, 0
50449, 10720, 1, 0, 0
50549, 27680, 0, 0, 0
50549, 10720, 1, 0, 0
50649, 29760, 0, 0, 0
50649, 10560, 1, 0, 0
50749, 28800, 0, 0, 0
50749, 10560, 1, 0, 0
50849, 26080, 0, 0, 0
50849, 9920, 1, 0, 0
50949, 25280, 0, 0, 0
50949, 11680, 1, 0, 0
51049, 25280, 0, 0, 0
51049, 12000, 1, 0, 0
51149, 26560, 0, 0, 0
51149, 11360, 1, 0, 0
51249, 27520, 0, 0, 0
51249, 10240, 1, 0, 0
51349, 26560, 0, 0, 0
51349, 10080, 1, 0, 0
51449, 24160, 0, 0, 0
51450, 11360, 1, 0, 0
51550, 27840, 0, 0, 0
51550, 10400, 1, 0, 0
51650, 24960, 0, 0, 0
51650, 11360, 1, 0, 0
51749, 26343, 0, 0, 0
51749, 10989, 1, 0, 0
51849, 20320, 0, 0, 0
51849, 13280, 1, 0, 0
51949, 26080, 0, 0, 0
51949, 11680, 1, 0, 0
52049, 27680, 0, 0, 0
52049, 11360, 1, 0, 0
52149, 25440, 0, 0, 0
52149, 12160, 1, 0, 0
52249, 24640, 0, 0, 0
52249, 11840, 1, 0, 0
52349, 25280, 0, 0, 0
52349, 11520, 1, 0, 0
52449, 24000, 0, 0, 0
52449, 11680, 1, 0, 0
52549, 24480, 0, 0, 0
52549, 10400, 1, 0, 0
52649, 23360, 0, 0, 0
52649, 12480, 1, 0, 0
52749, 29760, 0, 0, 0
52749, 10560, 1, 0, 0
52849, 25600, 0, 0, 0
52849, 12000, 1, 0, 0
52950, 27520, 0, 0, 0
52950, 10240, 1, 0, 0
53050, 25760, 0, 0, 0
53050, 11040, 1, 0, 0
53150, 24000, 0, 0, 0
53150, 11040, 1, 0, 0
53249, 25050, 0, 0, 0
53249, 11313, 1, 0, 0
53349, 23840, 0, 0, 0
53349, 12160, 1, 0, 0
53449, 27360, 0, 0, 0
53449, 11200, 1, 0, 0
53549, 25440, 0, 0, 0
53549, 10880, 1, 0, 0
53649, 30560, 0, 0, 0
53649, 9120, 1, 0, 0
53749, 29440, 0, 0, 0
53749, 10880, 1, 0, 0
53849, 27040, 0, 0, 0
53849, 11360, 1, 0, 0
53949, 27200, 0, 0, 0
53949, 11360, 1, 0, 0
54049, 27360, 0, 0, 0
54049, 9760, 1, 0, 0
54149, 23840, 0, 0, 0
54149, 12160, 1, 0, 0
54249, 24960, 0, 0, 0
54249, 10720, 1, 0, 0
54349, 25920, 0, 0, 0
54349, 12640, 1, 0, 0
54449, 24000, 0, 0, 0
54449, 12960, 1, 0, 0
54550, 27840, 0, 0, 0
54550, 10720, 1, 0, 0
54650, 26240, 0, 0, 0
54650, 11040, 1, 0, 0
54749, 28606, 0, 0, 0
54749, 10343, 1, 0, 0
54849, 24320, 0, 0, 0
54849, 12640, 1, 0, 0
54949, 26880, 0, 0, 0
54949, 11680, 1, 0, 0
55049, 22400, 0, 0, 0
55049, 13440, 1, 0, 0
55149, 28160, 0, 0, 0
55149, 10400, 1, 0, 0
55249, 25120, 0, 0, 0
55249, 11520, 1, 0, 0
55349, 28000, 0, 0, 0
55349, 9920, 1, 0, 0
55449, 25760, 0, 0, 0
55449, 11520, 1, 0, 0
55549, 28000, 0, 0, 0
55549, 10080, 1, 0, 0
55649, 23200, 0, 0, 0
55649, 12960, 1, 0, 0
55749, 25920, 0, 0, 0
55749, 11520, 1, 0, 0
55849, 21600, 0, 0, 0
55849, 14240, 1, 0, 0
55949, 26240, 0, 0, 0
55949, 11520, 1, 0, 0
56050, 22240, 0, 0, 0
56050, 13760, 1, 0, 0
56150, 23520, 0, 0, 0
56150, 13280, 1, 0, 0
56249, 28121, 0, 0, 0
56249, 10343, 1, 0, 0
56349, 29440, 0, 0, 0
56349, 9600, 1, 0, 0
56449, 28000, 0, 0, 0
56449, 10240, 1, 0, 0
56549, 28160, 0, 0, 0
56549, 10560, 1, 0, 0
56649, 25920, 0, 0, 0
56649, 11360, 1, 0, 0
56749, 26720, 0, 0, 0
56749, 11360, 1, 0, 0
56849, 26080, 0, 0, 0
56849, 11040, 1, 0, 0
56949, 24480, 0, 0, 0
56949, 11840, 1, 0, 0
57049, 27200, 0, 0, 0
57049, 10240, 1, 0, 0
57149, 27040, 0, 0, 0
57149, 10560, 1, 0, 0
57249, 27200, 0, 0, 0
57249, 10720, 1, 0, 0
57349, 25280, 0, 0, 0
57349, 11520, 1, 0, 0
57449, 26240, 0, 0, 0
57449, 11040, 1, 0, 0
57550, 26560, 0, 0, 0
57550, 11840, 1, 0, 0
57650, 29280, 0, 0, 0
57650, 10720, 1, 0, 0
57749, 25050, 0, 0, 0
57749, 11313, 1, 0, 0
57849, 24640, 0, 0, 0
57849, 12320, 1, 0, 0
57949, 27840, 0, 0, 0
57949, 10240, 1, 0, 0
58049, 29120, 0, 0, 0
58049, 9760, 1, 0, 0
58149, 27360, 0, 0, 0
58149, 9760, 1, 0, 0
58249, 25440, 0, 0, 0
58249, 11840, 1, 0, 0
58349, 26880, 0, 0, 0
58349, 12320, 1, 0, 0
58449, 27520, 0, 0, 0
58449, 11840, 1, 0, 0
58549, 24960, 0, 0, 0
58549, 12640, 1, 0, 0
58649, 24960, 0, 0, 0
58649, 11680, 1, 0, 0
58749, 24480, 0, 0, 0
58749, 12320, 1, 0, 0
58849, 24160, 0, 0, 0
58849, 10880, 1, 0, 0
58949, 27840, 0, 0, 0
58950, 11840, 1, 0, 0
59050, 27360, 0, 0, 0
59050, 12160, 1, 0, 0
59150, 31360, 0, 0, 0
59150, 9920, 1, 0, 0
59249, 27636, 0, 0, 0
59249, 10181, 1, 0, 0
59349, 25440, 0, 0, 0
59349, 11680, 1, 0, 0
59449, 27520, 0, 0, 0
59449, 10240, 1, 0, 0
59549, 26240, 0, 0, 0
59549, 11200, 1, 0, 0
59649, 29280, 0, 0, 0
59649, 11040, 1, 0, 0
59749, 28640, 0, 0, 0
59749, 11040, 1, 0, 0
59849, 27040, 0, 0, 0
59849, 11520, 1, 0, 0
59949, 24480, 0, 0, 0
59949, 12640, 1, 0, 0
60049, 28320, 0, 0, 0
60049, 9920, 1, 0, 0
60149, 27840, 0, 0, 0
60149, 10400, 1, 0, 0
60249, 26560, 0, 0, 0
60249, 11200, 1, 0, 0
60349, 23040, 0, 0, 0
60349, 12640, 1, 0, 0
60449, 24160, 0, 0, 0
60450, 11680, 1, 0, 0
60550, 31040, 0, 0, 0
60550, 9440, 1, 0, 0
60650, 26560, 0, 0, 0
60650, 12160, 1, 0, 0
60749, 27151, 0, 0, 0
60749, 11474, 1, 0, 0
60849, 28640, 0, 0, 0
60849, 10560, 1, 0, 0
60949, 26400, 0, 0, 0
60949, 11680, 1, 0, 0
61049, 29120, 0, 0, 0
61049, 10560, 1, 0, 0
61149, 28320, 0, 0, 0
61149, 11520, 1, 0, 0
61249, 26720, 0, 0, 0
61249, 12160, 1, 0, 0
61349, 27040, 0, 0, 0
61349, 12000, 1, 0, 0
61449, 28160, 0, 0, 0
61449, 11520, 1, 0, 0
61549, 27680, 0, 0, 0
61549, 10400, 1, 0, 0
61649, 25920, 0, 0, 0
61649, 12320, 1, 0, 0
61749, 28320, 0, 0, 0
61749, 11040, 1, 0, 0
61849, 26080, 0, 0, 0
61849, 11360, 1, 0, 0
61949, 27040, 0, 0, 0
61949, 9440, 1, 0, 0
62050, 24160, 0, 0, 0
62050, 13120, 1, 0, 0
62150, 26880, 0, 0, 0
62150, 10560, 1, 0, 0
62249, 28929, 0, 0, 0
62249, 10343, 1, 0, 0
62349, 21440, 0, 0, 0
62349, 12160, 1, 0, 0
62449, 23360, 0, 0, 0
62449, 12160, 1, 0, 0
62549, 24960, 0, 0, 0
62549, 11520, 1, 0, 0
62649, 26080, 0, 0, 0
62649, 11840, 1, 0, 0
62749, 23680, 0, 0, 0
62749, 12640, 1, 0, 0
62849, 28000, 0, 0, 0
62849, 10400, 1, 0, 0
62949, 25280, 0, 0, 0
62949, 11840, 1, 0, 0
63049, 27040, 0, 0, 0
63049, 12160, 1, 0, 0
63149, 32800, 0, 0, 0
63149, 9120, 1, 0, 0
63249, 28480, 0, 0, 0
63249, 10720, 1, 0, 0
63349, 25280, 0, 0, 0
63349, 11200, 1, 0, 0
63449, 26560, 0, 0, 0
63449, 10880, 1, 0, 0
63550, 23520, 0, 0, 0
63550, 12320, 1, 0, 0
63650, 27040, 0, 0, 0
63650, 10880, 1, 0, 0
63749, 25858, 0, 0, 0
63749, 10989, 1, 0, 0
63849, 30080, 0, 0, 0
63849, 9760, 1, 0, 0
63949, 28000, 0, 0, 0
63949, 10560, 1, 0, 0
64049, 21920, 0, 0, 0
64049, 12480, 1, 0, 0
64149, 24320, 0, 0, 0
64149, 12320, 1, 0, 0
64249, 21920, 0, 0, 0
64249, 12000, 1, 0, 0
64349, 28160, 0, 0, 0
64349, 11840, 1, 0, 0
64449, 27040, 0, 0, 0
64449, 10880, 1, 0, 0
64549, 25440, 0, 0, 0
64549, 12160, 1, 0, 0
64649, 26240, 0, 0, 0
64649, 12320, 1, 0, 0
64749, 25600, 0, 0, 0
64749, 12000, 1, 0, 0
64849, 24640, 0, 0, 0
64849, 11840, 1, 0, 0
64949, 25120, 0, 0, 0
64949, 12320, 1, 0, 0
65049, 24960, 0, 0, 0
65049, 11200, 1, 0, 0
65150, 25600, 0, 0, 0
65150, 10720, 1, 0, 0
65249, 27959, 0, 0, 0
65249, 10666, 1, 0, 0
65349, 25600, 0, 0, 0
65349, 11840, 1, 0, 0
65449, 24320, 0, 0, 0
65449, 11840, 1, 0, 0
65549, 29440, 0, 0, 0
65549, 10560, 1, 0, 0
65649, 25760, 0, 0, 0
65649, 12320, 1, 0, 0
65749, 27840, 0, 0, 0
65749, 11040, 1, 0, 0
65849, 24000, 0, 0, 0
65849, 12960, 1, 0, 0
65949, 26080, 0, 0, 0
65949, 11360, 1, 0, 0
66049, 26720, 0, 0, 0
66049, 11520, 1, 0, 0
66149, 22880, 0, 0, 0
66149, 12160, 1, 0, 0
66249, 25440, 0, 0, 0
66249, 12000, 1, 0, 0
66349, 25440, 0, 0, 0
66349, 12160, 1, 0, 0
66449, 27680, 0, 0, 0
66449, 10720, 1, 0, 0
66549, 30880, 0, 0, 0
66549, 8640, 1, 0, 0
66650, 26080, 0, 0, 0
66650, 11520, 1, 0, 0
66749, 25696, 0, 0, 0
66749, 11474, 1, 0, 0
66849, 25920, 0, 0, 0
66849, 12160, 1, 0, 0
66949, 27200, 0, 0, 0
66949, 11840, 1, 0, 0
67049, 26720, 0, 0, 0
67049, 10720, 1, 0, 0
67149, 28000, 0, 0, 0
67149, 10080, 1, 0, 0
67249, 25280, 0, 0, 0
67249, 12000, 1, 0, 0
67349, 25280, 0, 0, 0
67349, 11040, 1, 0, 0
67449, 25120, 0, 0, 0
67449, 11040, 1, 0, 0
67549, 24480, 0, 0, 0
67549, 11840, 1, 0, 0
67649, 26560, 0, 0, 0
67649, 10720, 1, 0, 0
67749, 28800, 0, 0, 0
67749, 9280, 1, 0, 0
67849, 23200, 0, 0, 0
67849, 12800, 1, 0, 0
67949, 29280, 0, 0, 0
67949, 9920, 1, 0, 0
68049, 27200, 0, 0, 0
68049, 11520, 1, 0, 0
68149, 25280, 0, 0, 0
68149, 12480, 1, 0, 0
68250, 22560, 0, 0, 0
68250, 12480, 1, 0, 0
68350, 26400, 0, 0, 0
68350, 11520, 1, 0, 0
68450, 26720, 0, 0, 0
68450, 11680, 1, 0, 0
68550, 29600, 0, 0, 0
68550, 10400, 1, 0, 0
68650, 25600, 0, 0, 0
68650, 11840, 1, 0, 0
68749, 26343, 0, 0, 0
68749, 11313, 1, 0, 0
68849, 26400, 0, 0, 0
68849, 10880, 1, 0, 0
68949, 26240, 0, 0, 0
68949, 10880, 1, 0, 0
69049, 26240, 0, 0, 0
69049, 10880, 1, 0, 0
69149, 27200, 0, 0, 0
69149, 10720, 1, 0, 0
69249, 23680, 0, 0, 0
69249, 12160, 1, 0, 0
69349, 24640, 0, 0, 0
69349, 11680, 1, 0, 0
69449, 23680, 0, 0, 0
69449, 12800, 1, 0, 0
69549, 25760, 0, 0, 0
69549, 12160, 1, 0, 0
69649, 25760, 0, 0, 0
69649, 12320, 1, 0, 0
69750, 25760, 0, 0, 0
69750, 11520, 1, 0, 0
69850, 25280, 0, 0, 0
69850, 11840, 1, 0, 0
69950, 27840, 0, 0, 0
69950, 11040, 1, 0, 0
70050, 24960, 0, 0, 0
70050, 11520, 1, 0, 0
70150, 26880, 0, 0, 0
70150, 11200, 1, 0, 0
70249, 26020, 0, 0, 0
70249, 12606, 1, 0, 0
70349, 25440, 0, 0, 0
70349, 11840, 1, 0, 0
70449, 25440, 0, 0, 0
70449, 10400, 1, 0, 0
70549, 27840, 0, 0, 0
70549, 10880, 1, 0, 0
70649, 25920, 0, 0, 0
70649, 12160, 1, 0, 0
70749, 28800, 0, 0, 0
70749, 10400, 1, 0, 0
70849, 27040, 0, 0, 0
70849, 11680, 1, 0, 0
70949, 28640, 0, 0, 0
70949, 11040, 1, 0, 0
71049, 27520, 0, 0, 0
71049, 11360, 1, 0, 0
71149, 24000, 0, 0, 0
71149, 12480, 1, 0, 0
71249, 24160, 0, 0, 0
71249, 12640, 1, 0, 0
71350, 32160, 0, 0, 0
71350, 10240, 1, 0, 0
71450, 26400, 0, 0, 0
71450, 11680, 1, 0, 0
71550, 28000, 0, 0, 0
71550, 10240, 1, 0, 0
71650, 24320, 0, 0, 0
71650, 11520, 1, 0, 0
71749, 26020, 0, 0, 0
71749, 10505, 1, 0, 0
71849, 28640, 0, 0, 0
71849, 10240, 1, 0, 0
71949, 26720, 0, 0, 0
71949, 11520, 1, 0, 0
72049, 22080, 0, 0, 0
72049, 12960, 1, 0, 0
72149, 25760, 0, 0, 0
72149, 11520, 1, 0, 0
72249, 24320, 0, 0, 0
72249, 11840, 1, 0, 0
72349, 23680, 0, 0, 0
72349, 12800, 1, 0, 0
72449, 26080, 0, 0, 0
72449, 11680, 1, 0, 0
72549, 24480, 0, 0, 0
72549, 11840, 1, 0, 0
72649, 27840, 0, 0, 0
72649, 11520, 1, 0, 0
72749, 28960, 0, 0, 0
72749, 10080, 1, 0, 0
72850, 27840, 0, 0, 0
72850, 11040, 1, 0, 0
72950, 30080, 0, 0, 0
72950, 9920, 1, 0, 0
73050, 24160, 0, 0, 0
73050, 11680, 1, 0, 0
73150, 27040, 0, 0, 0
73150, 11200, 1, 0, 0
73249, 26505, 0, 0, 0
73249, 11474, 1, 0, 0
73349, 27520, 0, 0, 0
73349, 11360, 1, 0, 0
73449, 25920, 0, 0, 0
73449, 12320, 1, 0, 0
73549, 24160, 0, 0, 0
73549, 12800, 1, 0, 0
73649, 28640, 0, 0, 0
73649, 10400, 1, 0, 0
73749, 22400, 0, 0, 0
73749, 12960, 1, 0, 0
73849, 22720, 0, 0, 0
73849, 12800, 1, 0, 0
73949, 26240, 0, 0, 0
73949, 11200, 1, 0, 0
74049, 27520, 0, 0, 0
74049, 10560, 1, 0, 0
74149, 25280, 0, 0, 0
74149, 11040, 1, 0, 0
74249, 22080, 0, 0, 0
74249, 10720, 1, 0, 0
74349, 25600, 0, 0, 0
74349, 10400, 1, 0, 0
74450, 25760, 0, 0, 0
74450, 10880, 1, 0, 0
74550, 26080, 0, 0, 0
74550, 10560, 1, 0, 0
74650, 27040, 0, 0, 0
74650, 11360, 1, 0, 0
74749, 26343, 0, 0, 0
74749, 12444, 1, 0, 0
74849, 26240, 0, 0, 0
74849, 11840, 1, 0, 0
74949, 21760, 0, 0, 0
74949, 13920, 1, 0, 0
75049, 24000, 0, 0, 0
75049, 11200, 1, 0, 0
75149, 28160, 0, 0, 0
75149, 11520, 1, 0, 0
75249, 27520, 0, 0, 0
75249, 11520, 1, 0, 0
75349, 26560, 0, 0, 0
75349, 12000, 1, 0, 0
75449, 26720, 0, 0, 0
75449, 11520, 1, 0, 0
75549, 26400, 0, 0, 0
75549, 11200, 1, 0, 0
75649, 24960, 0, 0, 0
75649, 12160, 1, 0, 0
75749, 24960, 0, 0, 0
75749, 11840, 1, 0, 0
75849, 26080, 0, 0, 0
75849, 11040, 1, 0, 0
75949, 28800, 0, 0, 0
75949, 9920, 1, 0, 0
76050, 26720, 0, 0, 0
76050, 10080, 1, 0, 0
76150, 29440, 0, 0, 0
76150, 9280, 1, 0, 0
76249, 22464, 0, 0, 0
76249, 12767, 1, 0, 0
76349, 26720, 0, 0, 0
76349, 10560, 1, 0, 0
76449, 28800, 0, 0, 0
76449, 8960, 1, 0, 0
76549, 27040, 0, 0, 0
76549, 11360, 1, 0, 0
76649, 28480, 0, 0, 0
76649, 10560, 1, 0, 0
76749, 26720, 0, 0, 0
76749, 11360, 1, 0, 0
76849, 28320, 0, 0, 0
76849, 11040, 1, 0, 0
76949, 26240, 0, 0, 0
76949, 11840, 1, 0, 0
77049, 22400, 0, 0, 0
77049, 12640, 1, 0, 0
77149, 28960, 0, 0, 0
77149, 9920, 1, 0, 0
77249, 23680, 0, 0, 0
77249, 12480, 1, 0, 0
77349, 25920, 0, 0, 0
77349, 11520, 1, 0, 0
77449, 23360, 0, 0, 0
77449, 12320, 1, 0, 0
77550, 24800, 0, 0, 0
77550, 12640, 1, 0, 0
77650, 23680, 0, 0, 0
77650, 12480, 1, 0, 0
77749, 26989, 0, 0, 0
77749, 10989, 1, 0, 0
77849, 25920, 0, 0, 0
77849, 10560, 1, 0, 0
77949, 24800, 0, 0, 0
77949, 10720, 1, 0, 0
78049, 24160, 0, 0, 0
78049, 11520, 1, 0, 0
78149, 24640, 0, 0, 0
78149, 11520, 1, 0, 0
78249, 22720, 0, 0, 0
78249, 12480, 1, 0, 0
78349, 29440, 0, 0, 0
78349, 10240, 1, 0, 0
78449, 23040, 0, 0, 0
78449, 13120, 1, 0, 0
78549, 23040, 0, 0, 0
78549, 12480, 1, 0, 0
78649, 26560, 0, 0, 0
78649, 12160, 1, 0, 0
78749, 29280, 0, 0, 0
78749, 10080, 1, 0, 0
78849, 26240, 0, 0, 0
78849, 11200, 1, 0, 0
78949, 29440, 0, 0, 0
78949, 10400, 1, 0, 0
79050, 26240, 0, 0, 0
79050, 12160, 1, 0, 0
79150, 26720, 0, 0, 0
79150, 11680, 1, 0, 0
79249, 25050, 0, 0, 0
79249, 12929, 1, 0, 0
79349, 22080, 0, 0, 0
79349, 12480, 1, 0, 0
79449, 24320, 0, 0, 0
79449, 12800, 1, 0, 0
79549, 26240, 0, 0, 0
79549, 12160, 1, 0, 0
79649, 27520, 0, 0, 0
79649, 11360, 1, 0, 0
79749, 28640, 0, 0, 0
79749, 10400, 1, 0, 0
79849, 26560, 0, 0, 0
79849, 11520, 1, 0, 0
79949, 29600, 0, 0, 0
79949, 9120, 1, 0, 0
80049, 25920, 0, 0, 0
80049, 11520, 1, 0, 0
80149, 23360, 0, 0, 0
80149, 12000, 1, 0, 0
80249, 28320, 0, 0, 0
80249, 11040, 1, 0, 0
80349, 25280, 0, 0, 0
80349, 11840, 1, 0, 0
80449, 27040, 0, 0, 0
80449, 12160, 1, 0, 0
80550, 29440, 0, 0, 0
80550, 11360, 1, 0, 0
80650, 27520, 0, 0, 0
80650, 10560, 1, 0, 0
80749, 24080, 0, 0, 0
80749, 12282, 1, 0, 0
80849, 26400, 0, 0, 0
80849, 10880, 1, 0, 0
80949, 26240, 0, 0, 0
80949, 11360, 1, 0, 0
81049, 26080, 0, 0, 0
81049, 11200, 1, 0, 0
81149, 24320, 0, 0, 0
81149, 12320, 1, 0, 0
81249, 25280, 0, 0, 0
81249, 11680, 1, 0, 0
81349, 28640, 0, 0, 0
81349, 10560, 1, 0, 0
81449, 31200, 0, 0, 0
81449, 10240, 1, 0, 0
81549, 25600, 0, 0, 0
81549, 12160, 1, 0, 0
81649, 23840, 0, 0, 0
81649, 12800, 1, 0, 0
81749, 26880, 0, 0, 0
81749, 11520, 1, 0, 0
81849, 28320, 0, 0, 0
81849, 11200, 1, 0, 0
81949, 26240, 0, 0, 0
81949, 12320, 1, 0, 0
82050, 26240, 0, 0, 0
82050, 12000, 1, 0, 0
82150, 27200, 0, 0, 0
82150, 11360, 1, 0, 0
82249, 30222, 0, 0, 0
82249, 10343, 1, 0, 0
82349, 27360, 0, 0, 0
82349, 11840, 1, 0, 0
82449, 26240, 0, 0, 0
82449, 12480, 1, 0, 0
82549, 28160, 0, 0, 0
82549, 10720, 1, 0, 0
82649, 27200, 0, 0, 0
82649, 11840, 1, 0, 0
82749, 26880, 0, 0, 0
82749, 10720, 1, 0, 0
82849, 28000, 0, 0, 0
82849, 11200, 1, 0, 0
82949, 21120, 0, 0, 0
82949, 12800, 1, 0, 0
83049, 20480, 0, 0, 0
83049, 14080, 1, 0, 0
83149, 23840, 0, 0, 0
83149, 11360, 1, 0, 0
83249, 26080, 0, 0, 0
83249, 10560, 1, 0, 0
83349, 25440, 0, 0, 0
83349, 10560, 1, 0, 0
83449, 24800, 0, 0, 0
83449, 12160, 1, 0, 0
83550, 24160, 0, 0, 0
83550, 11680, 1, 0, 0
83650, 25600, 0, 0, 0
83650, 10400, 1, 0, 0
83749, 24404, 0, 0, 0
83749, 10989, 1, 0, 0
83849, 27680, 0, 0, 0
83849, 9920, 1, 0, 0
83949, 27520, 0, 0, 0
83949, 9920, 1, 0, 0
84049, 22560, 0, 0, 0
84049, 12480, 1, 0, 0
84149, 24320, 0, 0, 0
84149, 11360, 1, 0, 0
84249, 24160, 0, 0, 0
84249, 12000, 1, 0, 0
84349, 25920, 0, 0, 0
84349, 11200, 1, 0, 0
84449, 28320, 0, 0, 0
84449, 9920, 1, 0, 0
84549, 22880, 0, 0, 0
84549, 12160, 1, 0, 0
84649, 27040, 0, 0, 0
84649, 10560, 1, 0, 0
84749, 26720, 0, 0, 0
84749, 10720, 1, 0, 0
84849, 24960, 0, 0, 0
84849, 12480, 1, 0, 0
84949, 27840, 0, 0, 0
84949, 10560, 1, 0, 0
85050, 27360, 0, 0, 0
85050, 10400, 1, 0, 0
85150, 26080, 0, 0, 0
85150, 10720, 1, 0, 0
85249, 26343, 0, 0, 0
85249, 10505, 1, 0, 0
85349, 25760, 0, 0, 0
85349, 11040, 1, 0, 0
85449, 25920, 0, 0, 0
85449, 10400, 1, 0, 0
85549, 28480, 0, 0, 0
85549, 10400, 1, 0, 0
85649, 29920, 0, 0, 0
85649, 9280, 1, 0, 0
85749, 26720, 0, 0, 0
85749, 10720, 1, 0, 0
85849, 25760, 0, 0, 0
85849, 11680, 1, 0, 0
85949, 25280, 0, 0, 0
85949, 12000, 1, 0, 0
86049, 27840, 0, 0, 0
86049, 10720, 1, 0, 0
86149, 28000, 0, 0, 0
86149, 10400, 1, 0, 0
86249, 25760, 0, 0, 0
86249, 11360, 1, 0, 0
86349, 24640, 0, 0, 0
86349, 12000, 1, 0, 0
86449, 26240, 0, 0, 0
86449, 11200, 1, 0, 0
86550, 31040, 0, 0, 0
86550, 9760, 1, 0, 0
86650, 28640, 0, 0, 0
86650, 9760, 1, 0, 0
86749, 23757, 0, 0, 0
86749, 11313, 1, 0, 0
86849, 24640, 0, 0, 0
86849, 11040, 1, 0, 0
86949, 29120, 0, 0, 0
86949, 9600, 1, 0, 0
87049, 28640, 0, 0, 0
87049, 10400, 1, 0, 0
87149, 30080, 0, 0, 0
87149, 10400, 1, 0, 0
87249, 24000, 0, 0, 0
87249, 12160, 1, 0, 0
87349, 29600, 0, 0, 0
87349, 10080, 1, 0, 0
87449, 27040, 0, 0, 0
87449, 11520, 1, 0, 0
87549, 28160, 0, 0, 0
87549, 11360, 1, 0, 0
87649, 26720, 0, 0, 0
87649, 10880, 1, 0, 0
87749, 24480, 0, 0, 0
87749, 11360, 1, 0, 0
87849, 24800, 0, 0, 0
87849, 11840, 1, 0, 0
87949, 25760, 0, 0, 0
87949, 10720, 1, 0, 0
88050, 24000, 0, 0, 0
88050, 11360, 1, 0, 0
88150, 26880, 0, 0, 0
88150, 11360, 1, 0, 0
88249, 25696, 0, 0, 0
88249, 11474, 1, 0, 0
88349, 26560, 0, 0, 0
88349, 10720, 1, 0, 0
88449, 23680, 0, 0, 0
88449, 12320, 1, 0, 0
88549, 26080, 0, 0, 0
88549, 11040, 1, 0, 0
88649, 21920, 0, 0, 0
88649, 12640, 1, 0, 0
88749, 23680, 0, 0, 0
88749, 11360, 1, 0, 0
88849, 23360, 0, 0, 0
88849, 12000, 1, 0, 0
88949, 21760, 0, 0, 0
88949, 12160, 1, 0, 0
89049, 26880, 0, 0, 0
89049, 10880, 1, 0, 0
89149, 23680, 0, 0, 0
89149, 11360, 1, 0, 0
89249, 24480, 0, 0, 0
89249, 11360, 1, 0, 0
89349, 26560, 0, 0, 0
89349, 11360, 1, 0, 0
89449, 27520, 0, 0, 0
89449, 9920, 1, 0, 0
89550, 25280, 0, 0, 0
89550, 11680, 1, 0, 0
89650, 25440, 0, 0, 0
89650, 11840, 1, 0, 0
89749, 24080, 0, 0, 0
89749, 11636, 1, 0, 0
89849, 25600, 0, 0, 0
89849, 11360, 1, 0, 0
89949, 28960, 0, 0, 0
89949, 10080, 1, 0, 0
