100, 685562, 0, 0, 0
200, 658135, 0, 0, 0
300, 820595, 0, 0, 0
400, 731171, 0, 0, 0
500, 717629, 0, 0, 0
600, 726156, 0, 0, 0
700, 711223, 0, 0, 0
800, 712427, 0, 0, 0
900, 692045, 0, 0, 0
1000, 668099, 0, 0, 0
1100, 755296, 0, 0, 0
1200, 691595, 0, 0, 0
1301, 900525, 0, 0, 0
1400, 899549, 0, 0, 0
1500, 594231, 0, 0, 0
1600, 611644, 0, 0, 0
1700, 714279, 0, 0, 0
1800, 734001, 0, 0, 0
1900, 747774, 0, 0, 0
2000, 677453, 0, 0, 0
2100, 650566, 0, 0, 0
2200, 736832, 0, 0, 0
2300, 680205, 0, 0, 0
2400, 752802, 0, 0, 0
2500, 645292, 0, 0, 0
2600, 630687, 0, 0, 0
2700, 652817, 0, 0, 0
2800, 680599, 0, 0, 0
2900, 720200, 0, 0, 0
3000, 631188, 0, 0, 0
3100, 661613, 0, 0, 0
3200, 740989, 0, 0, 0
3300, 825864, 0, 0, 0
3400, 665253, 0, 0, 0
3500, 684350, 0, 0, 0
3600, 678343, 0, 0, 0
3700, 655070, 0, 0, 0
3800, 658998, 0, 0, 0
3900, 698258, 0, 0, 0
4000, 693791, 0, 0, 0
4100, 756941, 0, 0, 0
4200, 769528, 0, 0, 0
4300, 717527, 0, 0, 0
4400, 720686, 0, 0, 0
4500, 632189, 0, 0, 0
4600, 674026, 0, 0, 0
4700, 726401, 0, 0, 0
4800, 684517, 0, 0, 0
4900, 633885, 0, 0, 0
5000, 702611, 0, 0, 0
5100, 730553, 0, 0, 0
5200, 637190, 0, 0, 0
5300, 644360, 0, 0, 0
5400, 706800, 0, 0, 0
5500, 702570, 0, 0, 0
5600, 638003, 0, 0, 0
5700, 684723, 0, 0, 0
5800, 658960, 0, 0, 0
5900, 625926, 0, 0, 0
6000, 656008, 0, 0, 0
6100, 669275, 0, 0, 0
6200, 776190, 0, 0, 0
6300, 703058, 0, 0, 0
6400, 650563, 0, 0, 0
6500, 674665, 0, 0, 0
6600, 706052, 0, 0, 0
6700, 780853, 0, 0, 0
6800, 684336, 0, 0, 0
6900, 628232, 0, 0, 0
7000, 692283, 0, 0, 0
7100, 705033, 0, 0, 0
7200, 692934, 0, 0, 0
7300, 672341, 0, 0, 0
7400, 676526, 0, 0, 0
7500, 715691, 0, 0, 0
7600, 658278, 0, 0, 0
7700, 623416, 0, 0, 0
7800, 666210, 0, 0, 0
7900, 677099, 0, 0, 0
8000, 694651, 0, 0, 0
8100, 619880, 0, 0, 0
8200, 683076, 0, 0, 0
8300, 699013, 0, 0, 0
8400, 778794, 0, 0, 0
8500, 723035, 0, 0, 0
8600, 710291, 0, 0, 0
8700, 695762, 0, 0, 0
8800, 809302, 0, 0, 0
8900, 719073, 0, 0, 0
9000, 797523, 0, 0, 0
9100, 672898, 0, 0, 0
9200, 698260, 0, 0, 0
9300, 610824, 0, 0, 0
9400, 722515, 0, 0, 0
9500, 646267, 0, 0, 0
9600, 640643, 0, 0, 0
9700, 615462, 0, 0, 0
9800, 652758, 0, 0, 0
9900, 653669, 0, 0, 0
10000, 694262, 0, 0, 0
10100, 662560, 0, 0, 0
10200, 779983, 0, 0, 0
10300, 732054, 0, 0, 0
10400, 719074, 0, 0, 0
10500, 637201, 0, 0, 0
10600, 670403, 0, 0, 0
10700, 786372, 0, 0, 0
10800, 648888, 0, 0, 0
10900, 661776, 0, 0, 0
11000, 675873, 0, 0, 0
11100, 638757, 0, 0, 0
11200, 696584, 0, 0, 0
11300, 654487, 0, 0, 0
11400, 717132, 0, 0, 0
11500, 694073, 0, 0, 0
11600, 688039, 0, 0, 0
11700, 623973, 0, 0, 0
11800, 662292, 0, 0, 0
11900, 729330, 0, 0, 0
12000, 619813, 0, 0, 0
12100, 772999, 0, 0, 0
12200, 738195, 0, 0, 0
12300, 752768, 0, 0, 0
12400, 643624, 0, 0, 0
12500, 778972, 0, 0, 0
12600, 659368, 0, 0, 0
12701, 969967, 0, 0, 0
12800, 831567, 0, 0, 0
12900, 658599, 0, 0, 0
13000, 725623, 0, 0, 0
13100, 713375, 0, 0, 0
13200, 708258, 0, 0, 0
13300, 722549, 0, 0, 0
13400, 724934, 0, 0, 0
13500, 819254, 0, 0, 0
13600, 685478, 0, 0, 0
13700, 708858, 0, 0, 0
13800, 726458, 0, 0, 0
13900, 668238, 0, 0, 0
14000, 766526, 0, 0, 0
14100, 673581, 0, 0, 0
14200, 687190, 0, 0, 0
14300, 658283, 0, 0, 0
14400, 618148, 0, 0, 0
14500, 667122, 0, 0, 0
14600, 703993, 0, 0, 0
14700, 658714, 0, 0, 0
14800, 709286, 0, 0, 0
14900, 722024, 0, 0, 0
15000, 821989, 0, 0, 0
15100, 747364, 0, 0, 0
15200, 697659, 0, 0, 0
15300, 738673, 0, 0, 0
15400, 625990, 0, 0, 0
15500, 693694, 0, 0, 0
15600, 767545, 0, 0, 0
15700, 734288, 0, 0, 0
15800, 918127, 0, 0, 0
15900, 780310, 0, 0, 0
16000, 685560, 0, 0, 0
16100, 654276, 0, 0, 0
16200, 736827, 0, 0, 0
16300, 678580, 0, 0, 0
16400, 762732, 0, 0, 0
16500, 670526, 0, 0, 0
16600, 658139, 0, 0, 0
16700, 670488, 0, 0, 0
16800, 644647, 0, 0, 0
16900, 657299, 0, 0, 0
17000, 811774, 0, 0, 0
17100, 880768, 0, 0, 0
17200, 722537, 0, 0, 0
17300, 808144, 0, 0, 0
17400, 745759, 0, 0, 0
17500, 835066, 0, 0, 0
17600, 685970, 0, 0, 0
17700, 684610, 0, 0, 0
17800, 702197, 0, 0, 0
17900, 659596, 0, 0, 0
18000, 701668, 0, 0, 0
18100, 792887, 0, 0, 0
18200, 672994, 0, 0, 0
18300, 753171, 0, 0, 0
18400, 639489, 0, 0, 0
18500, 669259, 0, 0, 0
18600, 656594, 0, 0, 0
18700, 705390, 0, 0, 0
18800, 709796, 0, 0, 0
18900, 765756, 0, 0, 0
19000, 646983, 0, 0, 0
19100, 684281, 0, 0, 0
19200, 627238, 0, 0, 0
19300, 1214690, 0, 0, 0
19400, 748100, 0, 0, 0
19500, 642399, 0, 0, 0
19600, 686374, 0, 0, 0
19700, 685156, 0, 0, 0
19800, 759412, 0, 0, 0
19900, 672337, 0, 0, 0
20000, 669001, 0, 0, 0
20100, 770447, 0, 0, 0
20200, 673800, 0, 0, 0
20300, 873870, 0, 0, 0
20400, 646532, 0, 0, 0
20500, 690167, 0, 0, 0
20600, 665867, 0, 0, 0
20700, 751543, 0, 0, 0
20800, 663177, 0, 0, 0
20900, 694151, 0, 0, 0
21000, 737791, 0, 0, 0
21100, 659551, 0, 0, 0
21200, 660129, 0, 0, 0
21300, 694582, 0, 0, 0
21400, 708995, 0, 0, 0
21500, 672336, 0, 0, 0
21600, 722158, 0, 0, 0
21700, 663959, 0, 0, 0
21800, 668529, 0, 0, 0
21900, 653195, 0, 0, 0
22000, 818683, 0, 0, 0
22100, 677483, 0, 0, 0
22200, 722933, 0, 0, 0
22300, 806198, 0, 0, 0
22400, 637358, 0, 0, 0
22500, 648493, 0, 0, 0
22600, 706590, 0, 0, 0
22700, 713983, 0, 0, 0
22800, 754336, 0, 0, 0
22900, 677482, 0, 0, 0
23000, 686089, 0, 0, 0
23100, 706781, 0, 0, 0
23200, 690952, 0, 0, 0
23300, 717615, 0, 0, 0
23400, 772105, 0, 0, 0
23500, 685931, 0, 0, 0
23600, 785438, 0, 0, 0
23700, 754247, 0, 0, 0
23800, 723799, 0, 0, 0
23900, 718723, 0, 0, 0
24000, 657314, 0, 0, 0
24100, 646186, 0, 0, 0
24200, 664344, 0, 0, 0
24300, 707691, 0, 0, 0
24400, 652328, 0, 0, 0
24500, 647655, 0, 0, 0
24600, 637535, 0, 0, 0
24700, 667769, 0, 0, 0
24800, 666010, 0, 0, 0
24900, 652471, 0, 0, 0
25000, 734538, 0, 0, 0
25100, 717772, 0, 0, 0
25200, 743457, 0, 0, 0
25300, 700065, 0, 0, 0
25400, 661531, 0, 0, 0
25500, 733625, 0, 0, 0
25600, 838840, 0, 0, 0
25700, 668458, 0, 0, 0
25800, 706652, 0, 0, 0
25900, 639990, 0, 0, 0
26000, 633031, 0, 0, 0
26100, 705742, 0, 0, 0
26200, 758293, 0, 0, 0
26300, 688519, 0, 0, 0
26400, 705701, 0, 0, 0
26500, 622705, 0, 0, 0
26600, 666925, 0, 0, 0
26700, 729630, 0, 0, 0
26800, 654962, 0, 0, 0
26900, 846878, 0, 0, 0
27000, 652709, 0, 0, 0
27100, 704658, 0, 0, 0
27200, 682295, 0, 0, 0
27300, 776745, 0, 0, 0
27400, 689200, 0, 0, 0
27500, 685121, 0, 0, 0
27600, 678058, 0, 0, 0
27700, 661254, 0, 0, 0
27800, 810606, 0, 0, 0
27900, 719508, 0, 0, 0
28000, 670684, 0, 0, 0
28100, 650115, 0, 0, 0
28200, 738683, 0, 0, 0
28300, 734964, 0, 0, 0
28400, 653870, 0, 0, 0
28500, 675208, 0, 0, 0
28600, 704280, 0, 0, 0
28700, 747427, 0, 0, 0
28800, 669251, 0, 0, 0
28900, 703632, 0, 0, 0
29000, 668048, 0, 0, 0
29100, 738386, 0, 0, 0
29200, 650971, 0, 0, 0
29300, 691659, 0, 0, 0
29400, 694722, 0, 0, 0
29500, 736924, 0, 0, 0
29600, 695801, 0, 0, 0
29700, 696373, 0, 0, 0
29800, 671763, 0, 0, 0
29900, 655354, 0, 0, 0
30000, 698140, 0, 0, 0
30100, 710687, 0, 0, 0
30200, 717051, 0, 0, 0
30300, 694361, 0, 0, 0
30400, 687752, 0, 0, 0
30500, 726042, 0, 0, 0
30600, 670618, 0, 0, 0
30700, 719555, 0, 0, 0
30800, 740737, 0, 0, 0
30900, 661880, 0, 0, 0
31000, 664389, 0, 0, 0
31100, 731843, 0, 0, 0
31200, 685899, 0, 0, 0
31300, 692835, 0, 0, 0
31400, 674011, 0, 0, 0
31500, 722943, 0, 0, 0
31600, 708979, 0, 0, 0
31700, 664689, 0, 0, 0
31800, 673643, 0, 0, 0
31900, 801233, 0, 0, 0
32000, 709868, 0, 0, 0
32100, 739873, 0, 0, 0
32200, 663863, 0, 0, 0
32300, 684217, 0, 0, 0
32400, 776210, 0, 0, 0
32500, 758664, 0, 0, 0
32600, 700028, 0, 0, 0
32700, 718028, 0, 0, 0
32800, 651715, 0, 0, 0
32900, 641988, 0, 0, 0
33000, 680573, 0, 0, 0
33100, 691110, 0, 0, 0
33200, 655755, 0, 0, 0
33300, 692798, 0, 0, 0
33400, 765858, 0, 0, 0
33500, 659714, 0, 0, 0
33600, 649357, 0, 0, 0
33700, 620173, 0, 0, 0
33800, 714104, 0, 0, 0
33900, 650358, 0, 0, 0
34000, 623887, 0, 0, 0
34100, 647942, 0, 0, 0
34200, 710384, 0, 0, 0
34300, 754762, 0, 0, 0
34400, 798805, 0, 0, 0
34500, 773501, 0, 0, 0
34600, 696993, 0, 0, 0
34700, 631443, 0, 0, 0
34800, 682805, 0, 0, 0
34900, 697236, 0, 0, 0
35000, 654237, 0, 0, 0
35100, 663376, 0, 0, 0
35200, 766395, 0, 0, 0
35300, 673516, 0, 0, 0
35400, 650561, 0, 0, 0
35500, 677344, 0, 0, 0
35600, 731125, 0, 0, 0
35700, 760675, 0, 0, 0
35800, 734973, 0, 0, 0
35900, 693622, 0, 0, 0
36000, 787333, 0, 0, 0
36100, 695205, 0, 0, 0
36200, 714360, 0, 0, 0
36300, 718453, 0, 0, 0
36400, 675670, 0, 0, 0
36500, 630315, 0, 0, 0
36600, 722043, 0, 0, 0
36700, 678234, 0, 0, 0
36800, 754320, 0, 0, 0
36900, 658095, 0, 0, 0
37000, 833606, 0, 0, 0
37100, 742808, 0, 0, 0
37200, 663897, 0, 0, 0
37300, 629205, 0, 0, 0
37400, 634927, 0, 0, 0
37500, 721051, 0, 0, 0
37600, 758354, 0, 0, 0
37700, 625209, 0, 0, 0
37800, 710000, 0, 0, 0
37900, 760089, 0, 0, 0
38000, 725680, 0, 0, 0
38100, 745672, 0, 0, 0
38200, 687723, 0, 0, 0
38300, 644404, 0, 0, 0
38400, 683492, 0, 0, 0
38501, 877003, 0, 0, 0
38600, 746504, 0, 0, 0
38700, 734135, 0, 0, 0
38800, 660946, 0, 0, 0
38900, 747856, 0, 0, 0
39000, 780085, 0, 0, 0
39100, 787836, 0, 0, 0
39200, 680772, 0, 0, 0
39300, 642143, 0, 0, 0
39400, 670743, 0, 0, 0
39500, 720382, 0, 0, 0
39600, 668392, 0, 0, 0
39700, 701675, 0, 0, 0
39800, 671752, 0, 0, 0
39900, 669222, 0, 0, 0
40000, 678074, 0, 0, 0
40100, 711549, 0, 0, 0
40200, 663042, 0, 0, 0
40300, 662123, 0, 0, 0
40400, 639548, 0, 0, 0
40500, 614809, 0, 0, 0
40600, 660338, 0, 0, 0
40700, 674797, 0, 0, 0
40800, 668809, 0, 0, 0
40900, 782720, 0, 0, 0
41000, 751517, 0, 0, 0
41100, 667227, 0, 0, 0
41200, 732436, 0, 0, 0
41300, 728848, 0, 0, 0
41400, 643515, 0, 0, 0
41500, 747501, 0, 0, 0
41600, 779779, 0, 0, 0
41700, 675279, 0, 0, 0
41800, 653544, 0, 0, 0
41900, 671162, 0, 0, 0
42000, 675058, 0, 0, 0
42100, 761480, 0, 0, 0
42200, 611711, 0, 0, 0
42300, 624574, 0, 0, 0
42400, 635141, 0, 0, 0
42500, 708631, 0, 0, 0
42600, 747050, 0, 0, 0
42700, 763184, 0, 0, 0
42800, 749223, 0, 0, 0
42900, 666658, 0, 0, 0
43000, 630635, 0, 0, 0
43100, 673890, 0, 0, 0
43200, 660572, 0, 0, 0
43300, 671675, 0, 0, 0
43400, 730141, 0, 0, 0
43500, 725561, 0, 0, 0
43600, 728946, 0, 0, 0
43700, 671180, 0, 0, 0
43800, 741365, 0, 0, 0
43900, 694794, 0, 0, 0
44000, 970502, 0, 0, 0
44100, 668455, 0, 0, 0
44200, 740013, 0, 0, 0
44300, 703123, 0, 0, 0
44400, 787239, 0, 0, 0
44500, 811893, 0, 0, 0
44600, 684372, 0, 0, 0
44700, 758355, 0, 0, 0
44800, 662545, 0, 0, 0
44900, 769982, 0, 0, 0
45000, 668729, 0, 0, 0
45100, 751265, 0, 0, 0
45200, 684672, 0, 0, 0
45300, 699649, 0, 0, 0
45400, 598626, 0, 0, 0
45500, 674604, 0, 0, 0
45600, 697082, 0, 0, 0
45700, 680423, 0, 0, 0
45800, 668211, 0, 0, 0
45900, 685755, 0, 0, 0
46000, 958452, 0, 0, 0
46100, 626234, 0, 0, 0
46200, 659593, 0, 0, 0
46300, 692299, 0, 0, 0
46400, 894972, 0, 0, 0
46500, 706280, 0, 0, 0
46600, 773560, 0, 0, 0
46700, 719731, 0, 0, 0
46800, 718724, 0, 0, 0
46900, 662357, 0, 0, 0
47000, 740460, 0, 0, 0
47100, 748343, 0, 0, 0
47200, 686735, 0, 0, 0
47300, 785761, 0, 0, 0
47400, 647915, 0, 0, 0
47500, 641802, 0, 0, 0
47600, 674491, 0, 0, 0
47700, 703370, 0, 0, 0
47800, 699007, 0, 0, 0
47900, 723394, 0, 0, 0
48000, 725330, 0, 0, 0
48100, 682534, 0, 0, 0
48200, 677072, 0, 0, 0
48300, 647444, 0, 0, 0
48400, 653033, 0, 0, 0
48500, 702577, 0, 0, 0
48600, 693928, 0, 0, 0
48700, 732332, 0, 0, 0
48800, 675004, 0, 0, 0
48900, 791680, 0, 0, 0
49000, 709557, 0, 0, 0
49100, 692155, 0, 0, 0
49200, 699108, 0, 0, 0
49300, 767891, 0, 0, 0
49400, 705187, 0, 0, 0
49500, 679098, 0, 0, 0
49600, 758147, 0, 0, 0
49700, 666612, 0, 0, 0
49800, 656044, 0, 0, 0
49900, 662523, 0, 0, 0
50000, 711941, 0, 0, 0
50100, 634267, 0, 0, 0
50200, 647244, 0, 0, 0
50300, 694848, 0, 0, 0
50400, 677430, 0, 0, 0
50500, 646422, 0, 0, 0
50600, 649650, 0, 0, 0
50700, 731554, 0, 0, 0
50800, 667185, 0, 0, 0
50900, 709343, 0, 0, 0
51000, 733808, 0, 0, 0
51100, 794581, 0, 0, 0
51200, 773923, 0, 0, 0
51300, 698137, 0, 0, 0
51400, 809019, 0, 0, 0
51500, 745114, 0, 0, 0
51600, 839960, 0, 0, 0
51700, 678423, 0, 0, 0
51800, 685243, 0, 0, 0
51900, 690148, 0, 0, 0
52000, 666660, 0, 0, 0
52100, 669266, 0, 0, 0
52200, 713490, 0, 0, 0
52300, 755231, 0, 0, 0
52400, 803131, 0, 0, 0
52500, 642036, 0, 0, 0
52600, 637911, 0, 0, 0
52700, 684752, 0, 0, 0
52800, 736206, 0, 0, 0
52900, 729664, 0, 0, 0
53000, 641677, 0, 0, 0
53100, 624096, 0, 0, 0
53200, 701705, 0, 0, 0
53300, 677738, 0, 0, 0
53400, 697685, 0, 0, 0
53500, 657818, 0, 0, 0
53600, 727700, 0, 0, 0
53700, 705711, 0, 0, 0
53800, 730416, 0, 0, 0
53900, 674790, 0, 0, 0
54000, 703838, 0, 0, 0
54100, 679463, 0, 0, 0
54200, 659347, 0, 0, 0
54300, 804844, 0, 0, 0
54400, 745622, 0, 0, 0
54500, 777421, 0, 0, 0
54600, 691791, 0, 0, 0
54700, 728326, 0, 0, 0
54800, 754432, 0, 0, 0
54900, 665921, 0, 0, 0
55000, 687061, 0, 0, 0
55100, 652706, 0, 0, 0
55200, 753973, 0, 0, 0
55300, 682105, 0, 0, 0
55400, 674736, 0, 0, 0
55500, 625409, 0, 0, 0
55600, 637310, 0, 0, 0
55700, 646871, 0, 0, 0
55800, 621722, 0, 0, 0
55900, 760662, 0, 0, 0
56000, 781335, 0, 0, 0
56100, 888200, 0, 0, 0
56200, 680443, 0, 0, 0
56300, 741038, 0, 0, 0
56400, 737041, 0, 0, 0
56500, 683947, 0, 0, 0
56600, 676710, 0, 0, 0
56700, 683095, 0, 0, 0
56800, 756428, 0, 0, 0
56900, 688368, 0, 0, 0
57000, 685810, 0, 0, 0
57100, 664114, 0, 0, 0
57200, 644865, 0, 0, 0
57300, 792621, 0, 0, 0
57400, 686423, 0, 0, 0
57500, 727188, 0, 0, 0
57600, 693743, 0, 0, 0
57700, 706561, 0, 0, 0
57800, 714566, 0, 0, 0
57900, 739011, 0, 0, 0
58000, 652835, 0, 0, 0
58100, 714945, 0, 0, 0
58200, 634959, 0, 0, 0
58300, 651994, 0, 0, 0
58400, 723268, 0, 0, 0
58500, 671716, 0, 0, 0
58600, 746577, 0, 0, 0
58700, 720743, 0, 0, 0
58800, 890898, 0, 0, 0
58900, 766916, 0, 0, 0
59000, 689245, 0, 0, 0
59100, 676613, 0, 0, 0
59200, 687087, 0, 0, 0
59300, 637223, 0, 0, 0
59400, 708866, 0, 0, 0
59500, 687442, 0, 0, 0
59600, 705478, 0, 0, 0
59700, 657418, 0, 0, 0
59800, 684874, 0, 0, 0
59900, 611191, 0, 0, 0
60000, 661766, 0, 0, 0
60100, 642949, 0, 0, 0
60200, 660427, 0, 0, 0
60300, 729889, 0, 0, 0
60400, 711490, 0, 0, 0
60500, 747018, 0, 0, 0
60600, 846048, 0, 0, 0
60700, 772928, 0, 0, 0
60800, 726363, 0, 0, 0
60900, 823057, 0, 0, 0
61000, 677656, 0, 0, 0
61100, 700535, 0, 0, 0
61200, 661342, 0, 0, 0
61300, 778991, 0, 0, 0
61400, 690885, 0, 0, 0
61500, 647305, 0, 0, 0
61600, 664552, 0, 0, 0
61700, 733787, 0, 0, 0
61800, 694658, 0, 0, 0
61900, 675269, 0, 0, 0
62000, 667767, 0, 0, 0
62100, 635474, 0, 0, 0
62200, 749048, 0, 0, 0
62300, 726566, 0, 0, 0
62400, 701005, 0, 0, 0
62500, 685176, 0, 0, 0
62600, 735613, 0, 0, 0
62700, 692397, 0, 0, 0
62800, 770673, 0, 0, 0
62900, 712240, 0, 0, 0
63000, 810122, 0, 0, 0
63100, 706045, 0, 0, 0
63200, 682889, 0, 0, 0
63300, 656983, 0, 0, 0
63400, 645776, 0, 0, 0
63500, 609003, 0, 0, 0
63600, 694136, 0, 0, 0
63700, 723008, 0, 0, 0
63800, 789977, 0, 0, 0
63900, 715312, 0, 0, 0
64000, 658284, 0, 0, 0
64100, 660578, 0, 0, 0
64200, 644795, 0, 0, 0
64300, 662623, 0, 0, 0
64400, 683795, 0, 0, 0
64500, 651137, 0, 0, 0
64600, 644063, 0, 0, 0
64700, 739257, 0, 0, 0
64800, 752726, 0, 0, 0
64900, 670511, 0, 0, 0
65000, 696424, 0, 0, 0
65100, 654669, 0, 0, 0
65200, 705681, 0, 0, 0
65300, 722057, 0, 0, 0
65400, 704826, 0, 0, 0
65500, 894382, 0, 0, 0
65600, 789556, 0, 0, 0
65700, 729297, 0, 0, 0
65800, 734671, 0, 0, 0
65900, 652226, 0, 0, 0
66000, 674025, 0, 0, 0
66100, 632004, 0, 0, 0
66200, 702219, 0, 0, 0
66300, 709466, 0, 0, 0
66400, 662054, 0, 0, 0
66500, 642239, 0, 0, 0
66600, 821828, 0, 0, 0
66700, 735970, 0, 0, 0
66800, 691325, 0, 0, 0
66900, 649901, 0, 0, 0
67000, 647717, 0, 0, 0
67100, 642540, 0, 0, 0
67200, 726764, 0, 0, 0
67300, 772315, 0, 0, 0
67400, 689884, 0, 0, 0
67500, 637615, 0, 0, 0
67600, 743599, 0, 0, 0
67700, 642353, 0, 0, 0
67800, 632920, 0, 0, 0
67900, 637326, 0, 0, 0
68000, 671936, 0, 0, 0
68100, 694560, 0, 0, 0
68200, 660451, 0, 0, 0
68300, 668222, 0, 0, 0
68401, 742718, 0, 0, 0
68500, 766924, 0, 0, 0
68600, 693497, 0, 0, 0
68700, 659283, 0, 0, 0
68800, 640264, 0, 0, 0
68900, 691873, 0, 0, 0
69000, 639619, 0, 0, 0
69100, 695578, 0, 0, 0
69200, 650507, 0, 0, 0
69300, 658334, 0, 0, 0
69400, 667154, 0, 0, 0
69500, 717405, 0, 0, 0
69600, 781584, 0, 0, 0
69700, 715750, 0, 0, 0
69800, 706625, 0, 0, 0
69900, 690969, 0, 0, 0
70000, 639186, 0, 0, 0
70100, 666621, 0, 0, 0
70200, 649595, 0, 0, 0
70300, 689444, 0, 0, 0
70400, 714580, 0, 0, 0
70500, 703790, 0, 0, 0
70600, 666641, 0, 0, 0
70700, 639111, 0, 0, 0
70800, 668661, 0, 0, 0
70900, 709842, 0, 0, 0
71000, 906400, 0, 0, 0
71100, 676463, 0, 0, 0
71200, 673712, 0, 0, 0
71300, 709941, 0, 0, 0
71400, 731252, 0, 0, 0
71500, 972326, 0, 0, 0
71600, 742529, 0, 0, 0
71700, 657743, 0, 0, 0
71800, 631525, 0, 0, 0
71900, 682898, 0, 0, 0
72000, 672824, 0, 0, 0
72100, 699738, 0, 0, 0
72200, 661546, 0, 0, 0
72300, 682400, 0, 0, 0
72400, 686317, 0, 0, 0
72500, 684705, 0, 0, 0
72600, 816872, 0, 0, 0
72700, 656191, 0, 0, 0
72800, 613755, 0, 0, 0
72900, 644115, 0, 0, 0
73000, 828475, 0, 0, 0
73100, 708888, 0, 0, 0
73200, 719473, 0, 0, 0
73300, 670398, 0, 0, 0
73400, 710198, 0, 0, 0
73500, 800128, 0, 0, 0
73600, 722893, 0, 0, 0
73700, 658179, 0, 0, 0
73800, 813950, 0, 0, 0
73900, 667403, 0, 0, 0
74000, 644664, 0, 0, 0
74100, 669550, 0, 0, 0
74200, 666815, 0, 0, 0
74300, 641463, 0, 0, 0
74400, 634918, 0, 0, 0
74500, 641935, 0, 0, 0
74600, 679929, 0, 0, 0
74700, 755419, 0, 0, 0
74800, 748686, 0, 0, 0
74900, 654079, 0, 0, 0
75000, 651154, 0, 0, 0
75100, 658265, 0, 0, 0
75200, 674186, 0, 0, 0
75300, 683810, 0, 0, 0
75400, 691867, 0, 0, 0
75500, 621168, 0, 0, 0
75600, 629211, 0, 0, 0
75700, 693467, 0, 0, 0
75800, 694225, 0, 0, 0
75900, 654859, 0, 0, 0
76000, 647148, 0, 0, 0
76100, 783060, 0, 0, 0
76200, 755228, 0, 0, 0
76300, 723212, 0, 0, 0
76400, 751370, 0, 0, 0
76500, 643745, 0, 0, 0
76600, 808850, 0, 0, 0
76700, 706750, 0, 0, 0
76800, 714220, 0, 0, 0
76900, 659188, 0, 0, 0
77000, 699135, 0, 0, 0
77100, 662823, 0, 0, 0
77200, 668424, 0, 0, 0
77300, 663672, 0, 0, 0
77400, 655111, 0, 0, 0
77500, 616307, 0, 0, 0
77600, 647268, 0, 0, 0
77700, 609899, 0, 0, 0
77800, 644397, 0, 0, 0
77900, 722844, 0, 0, 0
78000, 703896, 0, 0, 0
78100, 660852, 0, 0, 0
78200, 679467, 0, 0, 0
78300, 658075, 0, 0, 0
78400, 655031, 0, 0, 0
78500, 672381, 0, 0, 0
78600, 659444, 0, 0, 0
78700, 757622, 0, 0, 0
78800, 671300, 0, 0, 0
78900, 646015, 0, 0, 0
79000, 669282, 0, 0, 0
79100, 758706, 0, 0, 0
79200, 668689, 0, 0, 0
79300, 675151, 0, 0, 0
79400, 715805, 0, 0, 0
79500, 623511, 0, 0, 0
79600, 772485, 0, 0, 0
79700, 869191, 0, 0, 0
79800, 695774, 0, 0, 0
79900, 649396, 0, 0, 0
80000, 662633, 0, 0, 0
80100, 618944, 0, 0, 0
80200, 710214, 0, 0, 0
80300, 658415, 0, 0, 0
80400, 665443, 0, 0, 0
80500, 686755, 0, 0, 0
80600, 711775, 0, 0, 0
80700, 683161, 0, 0, 0
80800, 721036, 0, 0, 0
80900, 704222, 0, 0, 0
81000, 770396, 0, 0, 0
81100, 666267, 0, 0, 0
81200, 703833, 0, 0, 0
81300, 710826, 0, 0, 0
81400, 660962, 0, 0, 0
81500, 662184, 0, 0, 0
81600, 634426, 0, 0, 0
81700, 719525, 0, 0, 0
81800, 675512, 0, 0, 0
81900, 750360, 0, 0, 0
82000, 710072, 0, 0, 0
82100, 637233, 0, 0, 0
82200, 743733, 0, 0, 0
82300, 718527, 0, 0, 0
82400, 679174, 0, 0, 0
82500, 678156, 0, 0, 0
82600, 667026, 0, 0, 0
82700, 656947, 0, 0, 0
82800, 713211, 0, 0, 0
82900, 673034, 0, 0, 0
83000, 788658, 0, 0, 0
83100, 801788, 0, 0, 0
83200, 662726, 0, 0, 0
83300, 673035, 0, 0, 0
83400, 650181, 0, 0, 0
83500, 674598, 0, 0, 0
83600, 665970, 0, 0, 0
83700, 737707, 0, 0, 0
83800, 732174, 0, 0, 0
83900, 718242, 0, 0, 0
84000, 692867, 0, 0, 0
84100, 697172, 0, 0, 0
84200, 696645, 0, 0, 0
84300, 673488, 0, 0, 0
84400, 709801, 0, 0, 0
84500, 651450, 0, 0, 0
84600, 623027, 0, 0, 0
84700, 625625, 0, 0, 0
84800, 660736, 0, 0, 0
84900, 768862, 0, 0, 0
85000, 694117, 0, 0, 0
85100, 620366, 0, 0, 0
85200, 649405, 0, 0, 0
85300, 643343, 0, 0, 0
85400, 700404, 0, 0, 0
85500, 682580, 0, 0, 0
85600, 743110, 0, 0, 0
85700, 720665, 0, 0, 0
85800, 664345, 0, 0, 0
85900, 626160, 0, 0, 0
86000, 823801, 0, 0, 0
86100, 666178, 0, 0, 0
86200, 710601, 0, 0, 0
86300, 690474, 0, 0, 0
86400, 691129, 0, 0, 0
86500, 662859, 0, 0, 0
86600, 663864, 0, 0, 0
86700, 788627, 0, 0, 0
86800, 744950, 0, 0, 0
86900, 866467, 0, 0, 0
87000, 710332, 0, 0, 0
87101, 1017914, 0, 0, 0
87200, 684128, 0, 0, 0
87300, 702116, 0, 0, 0
87400, 687345, 0, 0, 0
87500, 762534, 0, 0, 0
87600, 738360, 0, 0, 0
87700, 682511, 0, 0, 0
87800, 781640, 0, 0, 0
87900, 654212, 0, 0, 0
88000, 689643, 0, 0, 0
88100, 669981, 0, 0, 0
88200, 627251, 0, 0, 0
88300, 655112, 0, 0, 0
88400, 689141, 0, 0, 0
88500, 734288, 0, 0, 0
88600, 728978, 0, 0, 0
88700, 666042, 0, 0, 0
88800, 693941, 0, 0, 0
88900, 674809, 0, 0, 0
89000, 647430, 0, 0, 0
89100, 691545, 0, 0, 0
89200, 621243, 0, 0, 0
89300, 671514, 0, 0, 0
89400, 741283, 0, 0, 0
89500, 663321, 0, 0, 0
89600, 738389, 0, 0, 0
89700, 694368, 0, 0, 0
89800, 612290, 0, 0, 0
89900, 861293, 0, 0, 0
90000, 687995, 0, 0, 0
