100, 722282, 0, 0, 0
103, 1943311, 1, 0, 0
200, 733662, 0, 0, 0
201, 2040866, 1, 0, 0
315, 3256800, 1, 0, 0
425, 79651042, 1, 0, 0
425, 737438, 0, 0, 0
531, 108827352, 1, 0, 0
532, 578265, 0, 0, 0
623, 51982136, 1, 0, 0
624, 515451, 0, 0, 0
701, 40212647, 1, 0, 0
701, 22423301, 0, 0, 0
804, 4585273, 0, 0, 0
818, 7724703, 1, 0, 0
900, 3278858, 1, 0, 0
900, 1158261, 0, 0, 0
1000, 1964523, 1, 0, 0
1000, 683906, 0, 0, 0
1100, 1888517, 1, 0, 0
1101, 724143, 0, 0, 0
1200, 676124, 0, 0, 0
1200, 1833144, 1, 0, 0
1300, 681325, 0, 0, 0
1300, 1947855, 1, 0, 0
1400, 1882976, 1, 0, 0
1400, 697606, 0, 0, 0
1500, 662110, 0, 0, 0
1500, 1836982, 1, 0, 0
1600, 1994906, 1, 0, 0
1600, 740526, 0, 0, 0
1700, 699863, 0, 0, 0
1701, 1951447, 1, 0, 0
1800, 682187, 0, 0, 0
1802, 2194241, 1, 0, 0
1900, 690989, 0, 0, 0
1903, 2009040, 1, 0, 0
2000, 698761, 0, 0, 0
2001, 1947462, 1, 0, 0
2100, 674586, 0, 0, 0
2101, 1850833, 1, 0, 0
2200, 675117, 0, 0, 0
2201, 1873266, 1, 0, 0
2300, 673272, 0, 0, 0
2301, 1982451, 1, 0, 0
2400, 1975953, 1, 0, 0
2401, 709039, 0, 0, 0
2500, 685900, 0, 0, 0
2501, 1956596, 1, 0, 0
2603, 15026331, 1, 0, 0
2604, 745649, 0, 0, 0
2704, 12995148, 0, 0, 0
2706, 24871804, 1, 0, 0
2804, 8925556, 0, 0, 0
2806, 2678614, 1, 0, 0
2904, 150598716, 1, 0, 0
2906, 5140100, 0, 0, 0
3046, 3168441, 0, 0, 0
3052, 6176826, 1, 0, 0
3148, 4234461, 0, 0, 0
3150, 15465462, 1, 0, 0
3200, 665456, 0, 0, 0
3200, 6711721, 1, 0, 0
3300, 675872, 0, 0, 0
3301, 1823335, 1, 0, 0
3400, 672293, 0, 0, 0
3400, 1936027, 1, 0, 0
3500, 707223, 0, 0, 0
3501, 1933034, 1, 0, 0
3601, 1874548, 1, 0, 0
3601, 652240, 0, 0, 0
3700, 1028228, 0, 0, 0
3702, 1907356, 1, 0, 0
3800, 1881307, 1, 0, 0
3801, 676346, 0, 0, 0
3900, 749618, 0, 0, 0
3901, 2122240, 1, 0, 0
4000, 730981, 0, 0, 0
4001, 1891395, 1, 0, 0
4100, 665445, 0, 0, 0
4102, 2042830, 1, 0, 0
4200, 1871028, 1, 0, 0
4200, 695211, 0, 0, 0
4300, 673311, 0, 0, 0
4300, 1953420, 1, 0, 0
4400, 689440, 0, 0, 0
4401, 1988824, 1, 0, 0
4500, 1901694, 1, 0, 0
4501, 688155, 0, 0, 0
4600, 718863, 0, 0, 0
4601, 1943150, 1, 0, 0
4719, 1092842, 0, 0, 0
4720, 2689169, 1, 0, 0
4800, 836657, 0, 0, 0
4800, 1921751, 1, 0, 0
4900, 1967878, 1, 0, 0
4902, 686217, 0, 0, 0
5000, 686651, 0, 0, 0
5002, 1824550, 1, 0, 0
5100, 643694, 0, 0, 0
5101, 1901497, 1, 0, 0
5200, 652533, 0, 0, 0
5200, 1919621, 1, 0, 0
5308, 2711159, 1, 0, 0
5309, 973512, 0, 0, 0
5400, 2296374, 1, 0, 0
5400, 682014, 0, 0, 0
5555, 5387263, 1, 0, 0
5556, 846760, 0, 0, 0
5628, 36265765, 1, 0, 0
5630, 12918930, 0, 0, 0
5750, 120659171, 1, 0, 0
5787, 630050, 0, 0, 0
5909, 124164878, 1, 0, 0
6036, 237548425, 1, 0, 0
6038, 792545, 0, 0, 0
6169, 24819056, 1, 0, 0
6170, 680282, 0, 0, 0
6289, 5702179, 0, 0, 0
6293, 10455140, 1, 0, 0
6388, 12555297, 0, 0, 0
6390, 1960555, 1, 0, 0
6400, 594989, 0, 0, 0
6401, 14577897, 1, 0, 0
6520, 9778396, 1, 0, 0
6521, 830150, 0, 0, 0
6630, 71990660, 1, 0, 0
6632, 845057, 0, 0, 0
6700, 4283496, 1, 0, 0
6700, 801614, 0, 0, 0
6800, 887422, 0, 0, 0
6802, 1856317, 1, 0, 0
6900, 672162, 0, 0, 0
6900, 1921404, 1, 0, 0
7000, 685920, 0, 0, 0
7000, 2054792, 1, 0, 0
7100, 1845878, 1, 0, 0
7100, 691241, 0, 0, 0
7200, 1895809, 1, 0, 0
7201, 681972, 0, 0, 0
7300, 1936163, 1, 0, 0
7302, 685559, 0, 0, 0
7400, 1859979, 1, 0, 0
7400, 689064, 0, 0, 0
7500, 723396, 0, 0, 0
7503, 1869158, 1, 0, 0
7623, 4538145, 1, 0, 0
7624, 839155, 0, 0, 0
7703, 18464863, 0, 0, 0
7704, 15038972, 1, 0, 0
7800, 585608, 0, 0, 0
7803, 28831714, 1, 0, 0
8004, 74495231, 1, 0, 0
8006, 467143, 0, 0, 0
8139, 13416638, 1, 0, 0
8140, 2936326, 0, 0, 0
8200, 662961, 0, 0, 0
8200, 1921059, 1, 0, 0
8300, 685732, 0, 0, 0
8300, 1925997, 1, 0, 0
8400, 699590, 0, 0, 0
8400, 1943337, 1, 0, 0
8500, 1870546, 1, 0, 0
8500, 678452, 0, 0, 0
8600, 1845990, 1, 0, 0
8601, 685292, 0, 0, 0
8700, 1950529, 1, 0, 0
8700, 674673, 0, 0, 0
8800, 687670, 0, 0, 0
8801, 1795466, 1, 0, 0
8912, 797431, 0, 0, 0
8915, 2458911, 1, 0, 0
9000, 824457, 0, 0, 0
9001, 1857256, 1, 0, 0
9100, 720525, 0, 0, 0
9104, 1883379, 1, 0, 0
9200, 1979084, 1, 0, 0
9201, 676487, 0, 0, 0
9300, 1851768, 1, 0, 0
9301, 668493, 0, 0, 0
9400, 1961533, 1, 0, 0
9400, 678922, 0, 0, 0
9500, 731356, 0, 0, 0
9502, 2014797, 1, 0, 0
9600, 704435, 0, 0, 0
9601, 1924157, 1, 0, 0
9700, 710197, 0, 0, 0
9702, 1944519, 1, 0, 0
9800, 1903310, 1, 0, 0
9800, 672860, 0, 0, 0
9900, 685893, 0, 0, 0
9900, 1969805, 1, 0, 0
10000, 743108, 0, 0, 0
10001, 2224058, 1, 0, 0
10100, 688995, 0, 0, 0
10101, 1970130, 1, 0, 0
10200, 816573, 0, 0, 0
10201, 2404849, 1, 0, 0
10322, 933459, 0, 0, 0
10323, 2710825, 1, 0, 0
10400, 810584, 0, 0, 0
10402, 2392457, 1, 0, 0
10507, 852543, 0, 0, 0
10512, 1867593, 1, 0, 0
10624, 2040659, 0, 0, 0
10626, 6672435, 1, 0, 0
10700, 18707994, 0, 0, 0
10702, 1613001, 1, 0, 0
10813, 38076540, 1, 0, 0
10814, 677401, 0, 0, 0
10900, 1594520, 0, 0, 0
10901, 1863433, 1, 0, 0
11000, 729690, 0, 0, 0
11000, 1744414, 1, 0, 0
11100, 2818420, 1, 0, 0
11101, 690342, 0, 0, 0
11202, 2170674, 1, 0, 0
11202, 704665, 0, 0, 0
11300, 656667, 0, 0, 0
11301, 1848392, 1, 0, 0
11400, 1709317, 1, 0, 0
11400, 677456, 0, 0, 0
11500, 1876262, 1, 0, 0
11501, 688023, 0, 0, 0
11600, 682307, 0, 0, 0
11602, 1892679, 1, 0, 0
11701, 1865010, 1, 0, 0
11702, 683134, 0, 0, 0
11800, 2248499, 1, 0, 0
11800, 805858, 0, 0, 0
11900, 1855035, 1, 0, 0
11902, 668423, 0, 0, 0
12000, 690965, 0, 0, 0
12001, 1805726, 1, 0, 0
12100, 1984467, 1, 0, 0
12101, 711447, 0, 0, 0
12201, 2060974, 1, 0, 0
12201, 710111, 0, 0, 0
12301, 1891472, 1, 0, 0
12301, 687052, 0, 0, 0
12400, 705981, 0, 0, 0
12401, 1871630, 1, 0, 0
12500, 755027, 0, 0, 0
12502, 2289337, 1, 0, 0
12601, 745978, 0, 0, 0
12659, 2916814, 1, 0, 0
12728, 8687650, 0, 0, 0
12735, 34928090, 1, 0, 0
12800, 9553396, 0, 0, 0
12801, 32502855, 1, 0, 0
12911, 8320395, 1, 0, 0
12993, 1709424, 0, 0, 0
13000, 51399553, 1, 0, 0
13004, 599716, 0, 0, 0
13100, 1964773, 1, 0, 0
13100, 717317, 0, 0, 0
13200, 1804118, 1, 0, 0
13200, 646266, 0, 0, 0
13300, 749117, 0, 0, 0
13301, 2096574, 1, 0, 0
13400, 680727, 0, 0, 0
13402, 1831268, 1, 0, 0
13500, 1853836, 1, 0, 0
13501, 684296, 0, 0, 0
13600, 678841, 0, 0, 0
13602, 1817857, 1, 0, 0
13701, 1836207, 1, 0, 0
13702, 676527, 0, 0, 0
13800, 688503, 0, 0, 0
13800, 1733956, 1, 0, 0
13900, 1862762, 1, 0, 0
13901, 683588, 0, 0, 0
14010, 2133022, 1, 0, 0
14010, 785293, 0, 0, 0
14101, 1914164, 1, 0, 0
14101, 669412, 0, 0, 0
14200, 705018, 0, 0, 0
14200, 1845881, 1, 0, 0
14300, 666610, 0, 0, 0
14302, 1880230, 1, 0, 0
14400, 699029, 0, 0, 0
14401, 1976224, 1, 0, 0
14500, 709495, 0, 0, 0
14500, 1972259, 1, 0, 0
14600, 1893202, 1, 0, 0
14603, 719893, 0, 0, 0
14700, 717911, 0, 0, 0
14701, 1905612, 1, 0, 0
14800, 717937, 0, 0, 0
14801, 1811746, 1, 0, 0
14900, 677076, 0, 0, 0
14900, 1955774, 1, 0, 0
15000, 685881, 0, 0, 0
15000, 1872111, 1, 0, 0
15105, 1539634, 0, 0, 0
15106, 2994164, 1, 0, 0
15201, 1794018, 1, 0, 0
15201, 654270, 0, 0, 0
15300, 702603, 0, 0, 0
15300, 1860265, 1, 0, 0
15400, 1880166, 1, 0, 0
15405, 706801, 0, 0, 0
15500, 1864284, 1, 0, 0
15501, 664070, 0, 0, 0
15659, 9551158, 1, 0, 0
15660, 602937, 0, 0, 0
15703, 5249927, 0, 0, 0
15709, 17674905, 1, 0, 0
15800, 2857957, 0, 0, 0
15829, 9020034, 1, 0, 0
15901, 9381992, 0, 0, 0
15904, 1464170, 1, 0, 0
16007, 24540507, 1, 0, 0
16009, 7947523, 0, 0, 0
16130, 5564081, 1, 0, 0
16131, 2444603, 0, 0, 0
16200, 8466185, 0, 0, 0
16214, 19825400, 1, 0, 0
16328, 43498354, 1, 0, 0
16329, 1343653, 0, 0, 0
16400, 2467868, 0, 0, 0
16406, 6981002, 1, 0, 0
16521, 4466347, 1, 0, 0
16521, 1667712, 0, 0, 0
16600, 694336, 0, 0, 0
16603, 2660295, 1, 0, 0
16700, 1797453, 1, 0, 0
16700, 709518, 0, 0, 0
16801, 4164546, 1, 0, 0
16801, 662614, 0, 0, 0
16900, 970415, 0, 0, 0
16902, 1733103, 1, 0, 0
17000, 777465, 0, 0, 0
17003, 1967072, 1, 0, 0
17100, 1775002, 1, 0, 0
17101, 807431, 0, 0, 0
17201, 1871559, 1, 0, 0
17201, 690030, 0, 0, 0
17300, 702803, 0, 0, 0
17300, 1792887, 1, 0, 0
17400, 698929, 0, 0, 0
17401, 1820623, 1, 0, 0
17500, 698781, 0, 0, 0
17503, 1877147, 1, 0, 0
17601, 1819559, 1, 0, 0
17602, 701855, 0, 0, 0
17700, 1948484, 0, 0, 0
17758, 4101435, 1, 0, 0
17804, 57304188, 1, 0, 0
17867, 2927583, 0, 0, 0
17900, 10386272, 1, 0, 0
17910, 978957, 0, 0, 0
18000, 5856077, 1, 0, 0
18000, 2004531, 0, 0, 0
18100, 692687, 0, 0, 0
18103, 2597918, 1, 0, 0
18200, 1863539, 1, 0, 0
18200, 698431, 0, 0, 0
18300, 677050, 0, 0, 0
18302, 1842870, 1, 0, 0
18400, 744781, 0, 0, 0
18401, 1841519, 1, 0, 0
18500, 669784, 0, 0, 0
18501, 1810319, 1, 0, 0
18600, 1866072, 1, 0, 0
18600, 691762, 0, 0, 0
18700, 679511, 0, 0, 0
18701, 1911137, 1, 0, 0
18800, 1876236, 1, 0, 0
18801, 658477, 0, 0, 0
18900, 694651, 0, 0, 0
18901, 1891753, 1, 0, 0
19000, 1865688, 1, 0, 0
19000, 693223, 0, 0, 0
19100, 685264, 0, 0, 0
19102, 1881552, 1, 0, 0
19200, 713864, 0, 0, 0
19201, 1894447, 1, 0, 0
19300, 677865, 0, 0, 0
19300, 1787633, 1, 0, 0
19400, 716825, 0, 0, 0
19401, 1791271, 1, 0, 0
19500, 1749457, 1, 0, 0
19501, 703173, 0, 0, 0
19600, 1826609, 1, 0, 0
19601, 678943, 0, 0, 0
19700, 712185, 0, 0, 0
19701, 1890434, 1, 0, 0
19800, 705373, 0, 0, 0
19800, 1871844, 1, 0, 0
19900, 714529, 0, 0, 0
19905, 1937826, 1, 0, 0
20000, 734508, 0, 0, 0
20002, 1866915, 1, 0, 0
20100, 1843432, 1, 0, 0
20100, 733417, 0, 0, 0
20200, 721145, 0, 0, 0
20201, 1813048, 1, 0, 0
20300, 1792354, 1, 0, 0
20301, 707135, 0, 0, 0
20400, 729139, 0, 0, 0
20401, 1879418, 1, 0, 0
20500, 1824343, 1, 0, 0
20500, 704277, 0, 0, 0
20626, 3670626, 1, 0, 0
20627, 679792, 0, 0, 0
20761, 12387024, 1, 0, 0
20762, 1044816, 0, 0, 0
20802, 15205247, 1, 0, 0
20872, 12046207, 0, 0, 0
20900, 5213385, 1, 0, 0
20901, 6745989, 0, 0, 0
21015, 15516554, 0, 0, 0
21018, 1707606, 1, 0, 0
21100, 4460434, 0, 0, 0
21101, 2452977, 1, 0, 0
21200, 7289816, 0, 0, 0
21203, 1609577, 1, 0, 0
21318, 10751303, 0, 0, 0
21334, 73349757, 1, 0, 0
21408, 8927551, 0, 0, 0
21411, 5931788, 1, 0, 0
21505, 2444713, 1, 0, 0
21505, 13464048, 0, 0, 0
21641, 5172139, 0, 0, 0
21643, 16766252, 1, 0, 0
21701, 1114626, 0, 0, 0
21703, 2376355, 1, 0, 0
21834, 5631813, 1, 0, 0
21835, 4754519, 0, 0, 0
21901, 7015697, 1, 0, 0
21901, 2336586, 0, 0, 0
22028, 2632529, 0, 0, 0
22029, 8373399, 1, 0, 0
22107, 1130598, 0, 0, 0
22107, 2907941, 1, 0, 0
22200, 1996086, 1, 0, 0
22201, 738883, 0, 0, 0
22301, 1820937, 1, 0, 0
22302, 703817, 0, 0, 0
22401, 1765525, 1, 0, 0
22402, 666619, 0, 0, 0
22500, 712122, 0, 0, 0
22500, 1821735, 1, 0, 0
22600, 741390, 0, 0, 0
22600, 1995338, 1, 0, 0
22748, 1213412, 0, 0, 0
22752, 1896936, 1, 0, 0
22819, 13250845, 1, 0, 0
22820, 6261171, 0, 0, 0
22907, 2676035, 0, 0, 0
22918, 8567975, 1, 0, 0
23006, 5713461, 0, 0, 0
23008, 8387075, 1, 0, 0
23100, 1033445, 0, 0, 0
23100, 1998594, 1, 0, 0
23200, 801686, 0, 0, 0
23201, 1883048, 1, 0, 0
23300, 1793183, 1, 0, 0
23301, 724640, 0, 0, 0
23400, 680478, 0, 0, 0
23401, 1849852, 1, 0, 0
23500, 1924161, 1, 0, 0
23501, 706978, 0, 0, 0
23600, 653629, 0, 0, 0
23602, 1981430, 1, 0, 0
23700, 700255, 0, 0, 0
23701, 1856714, 1, 0, 0
23800, 692008, 0, 0, 0
23800, 1829105, 1, 0, 0
23900, 1856047, 1, 0, 0
23900, 698868, 0, 0, 0
24000, 689862, 0, 0, 0
24003, 1819498, 1, 0, 0
24100, 1851501, 1, 0, 0
24101, 729757, 0, 0, 0
24200, 1361366, 0, 0, 0
24201, 3527917, 1, 0, 0
24300, 1864280, 1, 0, 0
24300, 685939, 0, 0, 0
24400, 709929, 0, 0, 0
24401, 1833234, 1, 0, 0
24500, 728237, 0, 0, 0
24502, 1837592, 1, 0, 0
24601, 1929465, 1, 0, 0
24601, 692489, 0, 0, 0
24700, 666790, 0, 0, 0
24705, 1894976, 1, 0, 0
24800, 712866, 0, 0, 0
24801, 1880211, 1, 0, 0
24900, 1839337, 1, 0, 0
24901, 717979, 0, 0, 0
25000, 712505, 0, 0, 0
25002, 1778112, 1, 0, 0
25100, 691489, 0, 0, 0
25101, 1851427, 1, 0, 0
25200, 800687, 0, 0, 0
25203, 1927199, 1, 0, 0
25300, 1805022, 1, 0, 0
25301, 843059, 0, 0, 0
25400, 1853750, 1, 0, 0
25400, 731592, 0, 0, 0
25500, 1981620, 1, 0, 0
25500, 725844, 0, 0, 0
25611, 879580, 0, 0, 0
25612, 2609887, 1, 0, 0
25700, 4220461, 0, 0, 0
25700, 6589173, 1, 0, 0
25806, 2375738, 1, 0, 0
25806, 1232339, 0, 0, 0
25901, 9530122, 1, 0, 0
25901, 1130991, 0, 0, 0
26000, 723578, 0, 0, 0
26002, 1931029, 1, 0, 0
26100, 1879384, 1, 0, 0
26100, 678376, 0, 0, 0
26201, 3323430, 1, 0, 0
26202, 1508119, 0, 0, 0
26333, 11932500, 1, 0, 0
26334, 5732095, 0, 0, 0
26408, 3040051, 0, 0, 0
26409, 10835183, 1, 0, 0
26500, 1890258, 1, 0, 0
26500, 669452, 0, 0, 0
26600, 730103, 0, 0, 0
26602, 1876108, 1, 0, 0
26700, 1956120, 1, 0, 0
26701, 705488, 0, 0, 0
26800, 712797, 0, 0, 0
26803, 1831063, 1, 0, 0
26900, 9356032, 1, 0, 0
26900, 2908163, 0, 0, 0
27000, 10766298, 0, 0, 0
27000, 3313297, 1, 0, 0
27100, 2479239, 1, 0, 0
27101, 759872, 0, 0, 0
27202, 786672, 0, 0, 0
27204, 2199847, 1, 0, 0
27300, 692631, 0, 0, 0
27301, 1796071, 1, 0, 0
27400, 1879084, 1, 0, 0
27401, 697826, 0, 0, 0
27500, 712751, 0, 0, 0
27502, 1781801, 1, 0, 0
27600, 734318, 0, 0, 0
27600, 1849752, 1, 0, 0
27700, 803687, 0, 0, 0
27700, 2009595, 1, 0, 0
27800, 1769874, 1, 0, 0
27800, 697027, 0, 0, 0
27900, 1833864, 1, 0, 0
27922, 846452, 0, 0, 0
28000, 695605, 0, 0, 0
28002, 2263240, 1, 0, 0
28100, 700104, 0, 0, 0
28100, 1820558, 1, 0, 0
28200, 693892, 0, 0, 0
28201, 1982655, 1, 0, 0
28300, 782177, 0, 0, 0
28300, 1936260, 1, 0, 0
28400, 673141, 0, 0, 0
28402, 1833278, 1, 0, 0
28500, 1840120, 1, 0, 0
28501, 698801, 0, 0, 0
28600, 713774, 0, 0, 0
28601, 1816243, 1, 0, 0
28700, 714006, 0, 0, 0
28702, 1857457, 1, 0, 0
28800, 1917565, 1, 0, 0
28800, 731697, 0, 0, 0
28900, 737838, 0, 0, 0
28900, 2296070, 1, 0, 0
29000, 1812061, 1, 0, 0
29001, 703441, 0, 0, 0
29100, 718850, 0, 0, 0
29103, 1888392, 1, 0, 0
29200, 1906780, 1, 0, 0
29200, 697158, 0, 0, 0
29300, 704784, 0, 0, 0
29301, 2039192, 1, 0, 0
29400, 718519, 0, 0, 0
29400, 1900401, 1, 0, 0
29500, 698910, 0, 0, 0
29500, 1937155, 1, 0, 0
29600, 714268, 0, 0, 0
29601, 1925071, 1, 0, 0
29700, 2241629, 1, 0, 0
29702, 726882, 0, 0, 0
29800, 1835525, 1, 0, 0
29801, 682110, 0, 0, 0
29900, 1834530, 1, 0, 0
29901, 712779, 0, 0, 0
30000, 1983773, 1, 0, 0
30000, 707411, 0, 0, 0
30101, 1916189, 1, 0, 0
30101, 739541, 0, 0, 0
30201, 1952386, 1, 0, 0
30203, 697003, 0, 0, 0
30300, 710567, 0, 0, 0
30303, 1994185, 1, 0, 0
30400, 1849817, 1, 0, 0
30401, 719290, 0, 0, 0
30500, 738796, 0, 0, 0
30500, 1844956, 1, 0, 0
30600, 1890938, 1, 0, 0
30600, 683897, 0, 0, 0
30700, 715751, 0, 0, 0
30703, 2032864, 1, 0, 0
30800, 1809890, 1, 0, 0
30803, 724971, 0, 0, 0
30900, 757451, 0, 0, 0
30900, 1957965, 1, 0, 0
31000, 700772, 0, 0, 0
31001, 1820203, 1, 0, 0
31100, 1941392, 1, 0, 0
31100, 722577, 0, 0, 0
31253, 1768673, 0, 0, 0
31256, 1858556, 1, 0, 0
31323, 161909956, 1, 0, 0
31324, 17083226, 0, 0, 0
31479, 9340047, 1, 0, 0
31481, 2319252, 0, 0, 0
31552, 23604737, 1, 0, 0
31553, 613564, 0, 0, 0
31630, 3095433, 0, 0, 0
31634, 8829699, 1, 0, 0
31711, 6400178, 1, 0, 0
31712, 4151802, 0, 0, 0
31800, 1196940, 0, 0, 0
31801, 5689138, 1, 0, 0
31959, 4952124, 1, 0, 0
31968, 790586, 0, 0, 0
32083, 57874168, 0, 0, 0
32093, 1341930, 1, 0, 0
32100, 12553103, 0, 0, 0
32100, 3051935, 1, 0, 0
32216, 23534779, 1, 0, 0
32216, 4068472, 0, 0, 0
32330, 9450679, 1, 0, 0
32332, 2325755, 0, 0, 0
32400, 1793868, 0, 0, 0
32402, 4345909, 1, 0, 0
32500, 704696, 0, 0, 0
32503, 1947864, 1, 0, 0
32600, 1825341, 1, 0, 0
32600, 720486, 0, 0, 0
32700, 658848, 0, 0, 0
32703, 2537937, 1, 0, 0
32800, 1876818, 1, 0, 0
32800, 727200, 0, 0, 0
32900, 1878589, 1, 0, 0
32901, 715597, 0, 0, 0
33000, 1835067, 1, 0, 0
33000, 678126, 0, 0, 0
33100, 670119, 0, 0, 0
33104, 1920930, 1, 0, 0
33200, 677764, 0, 0, 0
33202, 1791524, 1, 0, 0
33300, 1905628, 1, 0, 0
33301, 734478, 0, 0, 0
33400, 680447, 0, 0, 0
33402, 1833587, 1, 0, 0
33500, 688377, 0, 0, 0
33500, 1871502, 1, 0, 0
33600, 695631, 0, 0, 0
33601, 1810965, 1, 0, 0
33700, 745169, 0, 0, 0
33700, 1977672, 1, 0, 0
33800, 660023, 0, 0, 0
33804, 1832662, 1, 0, 0
33900, 700483, 0, 0, 0
33901, 1756133, 1, 0, 0
34000, 703380, 0, 0, 0
34000, 1824532, 1, 0, 0
34100, 706159, 0, 0, 0
34101, 1864609, 1, 0, 0
34200, 685132, 0, 0, 0
34200, 1886130, 1, 0, 0
34300, 720107, 0, 0, 0
34301, 1809495, 1, 0, 0
34400, 685588, 0, 0, 0
34402, 1840186, 1, 0, 0
34500, 1837889, 1, 0, 0
34500, 712669, 0, 0, 0
34600, 729301, 0, 0, 0
34603, 1899510, 1, 0, 0
34700, 701723, 0, 0, 0
34702, 1888229, 1, 0, 0
34800, 770161, 0, 0, 0
34803, 1952712, 1, 0, 0
34900, 1986374, 1, 0, 0
34900, 735508, 0, 0, 0
35000, 717233, 0, 0, 0
35001, 1983237, 1, 0, 0
35100, 739774, 0, 0, 0
35102, 1937808, 1, 0, 0
35200, 685687, 0, 0, 0
35205, 1903405, 1, 0, 0
35300, 739435, 0, 0, 0
35301, 1880415, 1, 0, 0
35400, 1945023, 1, 0, 0
35401, 731301, 0, 0, 0
35500, 809360, 0, 0, 0
35501, 1810998, 1, 0, 0
35600, 718945, 0, 0, 0
35601, 1884750, 1, 0, 0
35700, 713030, 0, 0, 0
35700, 1920674, 1, 0, 0
35801, 2083224, 1, 0, 0
35801, 680014, 0, 0, 0
35900, 766024, 0, 0, 0
35901, 1953943, 1, 0, 0
36000, 749132, 0, 0, 0
36002, 1920800, 1, 0, 0
36100, 1937026, 1, 0, 0
36101, 741784, 0, 0, 0
36202, 754481, 0, 0, 0
36203, 1850792, 1, 0, 0
36331, 13878240, 0, 0, 0
36333, 7702843, 1, 0, 0
36446, 9203822, 1, 0, 0
36447, 5642990, 0, 0, 0
36505, 33987363, 1, 0, 0
36505, 542790, 0, 0, 0
36600, 2302318, 0, 0, 0
36602, 5691889, 1, 0, 0
36700, 924780, 0, 0, 0
36701, 1912542, 1, 0, 0
36844, 1115150, 0, 0, 0
36844, 3140170, 1, 0, 0
36900, 1818370, 1, 0, 0
36901, 677148, 0, 0, 0
37005, 34402389, 0, 0, 0
37007, 1545192, 1, 0, 0
37120, 82845864, 1, 0, 0
37120, 2605493, 0, 0, 0
37267, 18527709, 0, 0, 0
37269, 1534808, 1, 0, 0
37303, 35834216, 1, 0, 0
37304, 602613, 0, 0, 0
37413, 54488931, 1, 0, 0
37413, 3242224, 0, 0, 0
37540, 11408911, 1, 0, 0
37542, 550713, 0, 0, 0
37698, 5115062, 0, 0, 0
37700, 59622450, 0, 0, 0
37701, 1655427, 1, 0, 0
37829, 6857132, 1, 0, 0
37830, 611463, 0, 0, 0
37900, 4300724, 0, 0, 0
37901, 3964612, 1, 0, 0
38000, 1875313, 1, 0, 0
38002, 685249, 0, 0, 0
38101, 1773671, 1, 0, 0
38102, 692876, 0, 0, 0
38200, 673071, 0, 0, 0
38203, 1779747, 1, 0, 0
38300, 1858389, 1, 0, 0
38301, 683083, 0, 0, 0
38400, 710881, 0, 0, 0
38401, 1856265, 1, 0, 0
38500, 1853070, 1, 0, 0
38502, 696743, 0, 0, 0
38600, 678027, 0, 0, 0
38601, 1773409, 1, 0, 0
38701, 1849825, 1, 0, 0
38701, 673319, 0, 0, 0
38800, 679094, 0, 0, 0
38802, 1860405, 1, 0, 0
38900, 1851808, 1, 0, 0
38901, 711265, 0, 0, 0
39000, 690129, 0, 0, 0
39002, 1913078, 1, 0, 0
39100, 704587, 0, 0, 0
39102, 1854467, 1, 0, 0
39200, 713122, 0, 0, 0
39204, 1788883, 1, 0, 0
39300, 727849, 0, 0, 0
39300, 1838094, 1, 0, 0
39400, 1785687, 1, 0, 0
39401, 691850, 0, 0, 0
39500, 1788020, 1, 0, 0
39500, 701417, 0, 0, 0
39600, 699768, 0, 0, 0
39603, 1746430, 1, 0, 0
39700, 1914172, 1, 0, 0
39701, 692594, 0, 0, 0
39800, 696125, 0, 0, 0
39802, 1771848, 1, 0, 0
39902, 787684, 0, 0, 0
39903, 2297636, 1, 0, 0
40000, 1933567, 1, 0, 0
40000, 693365, 0, 0, 0
40100, 1979158, 1, 0, 0
40100, 714673, 0, 0, 0
40200, 1824656, 1, 0, 0
40200, 725857, 0, 0, 0
40300, 2086645, 1, 0, 0
40301, 700809, 0, 0, 0
40401, 1851272, 1, 0, 0
40404, 720356, 0, 0, 0
40500, 1936810, 1, 0, 0
40501, 684343, 0, 0, 0
40601, 1799789, 1, 0, 0
40602, 728138, 0, 0, 0
40701, 1934831, 1, 0, 0
40701, 760547, 0, 0, 0
40800, 1854958, 1, 0, 0
40801, 720027, 0, 0, 0
40900, 1892754, 1, 0, 0
40900, 705702, 0, 0, 0
41000, 1936967, 1, 0, 0
41001, 748194, 0, 0, 0
41100, 683445, 0, 0, 0
41101, 1823555, 1, 0, 0
41200, 714227, 0, 0, 0
41200, 1844215, 1, 0, 0
41300, 716988, 0, 0, 0
41302, 1944527, 1, 0, 0
41400, 997653, 0, 0, 0
41401, 1848146, 1, 0, 0
41500, 677948, 0, 0, 0
41501, 1821687, 1, 0, 0
41600, 688307, 0, 0, 0
41601, 1950484, 1, 0, 0
41700, 1857833, 1, 0, 0
41700, 776734, 0, 0, 0
41800, 1919790, 1, 0, 0
41800, 706604, 0, 0, 0
41900, 731124, 0, 0, 0
41902, 1845955, 1, 0, 0
42019, 10588398, 1, 0, 0
42019, 655881, 0, 0, 0
42105, 14337892, 1, 0, 0
42149, 4079810, 0, 0, 0
42212, 3443432, 0, 0, 0
42214, 6934157, 1, 0, 0
42347, 5194396, 1, 0, 0
42348, 5527615, 0, 0, 0
42400, 680179, 0, 0, 0
42401, 3430740, 1, 0, 0
42500, 699833, 0, 0, 0
42500, 1847699, 1, 0, 0
42600, 684148, 0, 0, 0
42600, 1870912, 1, 0, 0
42700, 1827748, 1, 0, 0
42701, 691833, 0, 0, 0
42800, 1775240, 1, 0, 0
42802, 732915, 0, 0, 0
42900, 667535, 0, 0, 0
42901, 1852358, 1, 0, 0
43000, 993761, 0, 0, 0
43001, 2483165, 1, 0, 0
43100, 1888810, 1, 0, 0
43102, 690090, 0, 0, 0
43200, 663393, 0, 0, 0
43200, 1880531, 1, 0, 0
43300, 840923, 0, 0, 0
43301, 1835020, 1, 0, 0
43400, 675335, 0, 0, 0
43401, 1844779, 1, 0, 0
43501, 670410, 0, 0, 0
43501, 1874671, 1, 0, 0
43600, 677286, 0, 0, 0
43601, 1818407, 1, 0, 0
43700, 692945, 0, 0, 0
43701, 1868078, 1, 0, 0
43800, 707930, 0, 0, 0
43802, 1929900, 1, 0, 0
43901, 1950610, 1, 0, 0
43901, 710268, 0, 0, 0
44001, 1955479, 1, 0, 0
44001, 705804, 0, 0, 0
44100, 718562, 0, 0, 0
44102, 1854076, 1, 0, 0
44200, 705988, 0, 0, 0
44201, 1873401, 1, 0, 0
44301, 708921, 0, 0, 0
44301, 1877420, 1, 0, 0
44400, 713711, 0, 0, 0
44400, 1838340, 1, 0, 0
44500, 729265, 0, 0, 0
44501, 1857723, 1, 0, 0
44600, 681755, 0, 0, 0
44601, 1893268, 1, 0, 0
44700, 722297, 0, 0, 0
44701, 1916884, 1, 0, 0
44800, 1839148, 1, 0, 0
44800, 711281, 0, 0, 0
44900, 1870029, 1, 0, 0
44901, 675411, 0, 0, 0
45000, 1940687, 1, 0, 0
45000, 807821, 0, 0, 0
45100, 722555, 0, 0, 0
45103, 1895135, 1, 0, 0
45200, 699630, 0, 0, 0
45201, 1977372, 1, 0, 0
45300, 704571, 0, 0, 0
45301, 1898394, 1, 0, 0
45400, 696206, 0, 0, 0
45401, 1882694, 1, 0, 0
45500, 1916981, 1, 0, 0
45500, 721481, 0, 0, 0
45600, 696265, 0, 0, 0
45601, 1838076, 1, 0, 0
45700, 1843292, 1, 0, 0
45703, 718628, 0, 0, 0
45800, 742378, 0, 0, 0
45801, 1934868, 1, 0, 0
45900, 1876249, 1, 0, 0
45901, 725756, 0, 0, 0
46000, 690069, 0, 0, 0
46001, 1934340, 1, 0, 0
46100, 683469, 0, 0, 0
46100, 1803818, 1, 0, 0
46200, 732769, 0, 0, 0
46200, 1949615, 1, 0, 0
46300, 726018, 0, 0, 0
46301, 1851266, 1, 0, 0
46460, 8157297, 1, 0, 0
46461, 782571, 0, 0, 0
46500, 1013917, 0, 0, 0
46501, 5354866, 1, 0, 0
46600, 694348, 0, 0, 0
46603, 1956986, 1, 0, 0
46700, 711157, 0, 0, 0
46702, 1870917, 1, 0, 0
46800, 704298, 0, 0, 0
46802, 1798016, 1, 0, 0
46900, 678190, 0, 0, 0
46901, 1781421, 1, 0, 0
47026, 1474672, 0, 0, 0
47028, 1765044, 1, 0, 0
47100, 589848, 0, 0, 0
47101, 18454996, 1, 0, 0
47206, 20692856, 0, 0, 0
47208, 1377657, 1, 0, 0
47300, 1682378, 1, 0, 0
47300, 3515761, 0, 0, 0
47400, 723940, 0, 0, 0
47400, 1844679, 1, 0, 0
47500, 713749, 0, 0, 0
47505, 1855707, 1, 0, 0
47600, 761205, 0, 0, 0
47602, 1930194, 1, 0, 0
47700, 1795231, 1, 0, 0
47700, 701175, 0, 0, 0
47800, 680744, 0, 0, 0
47801, 1880774, 1, 0, 0
47900, 1901520, 1, 0, 0
47901, 710473, 0, 0, 0
48000, 677257, 0, 0, 0
48002, 1913462, 1, 0, 0
48100, 725552, 0, 0, 0
48102, 1890251, 1, 0, 0
48200, 1952492, 1, 0, 0
48200, 711139, 0, 0, 0
48300, 2123784, 1, 0, 0
48302, 779909, 0, 0, 0
48400, 765832, 0, 0, 0
48400, 1966177, 1, 0, 0
48500, 728102, 0, 0, 0
48502, 1979916, 1, 0, 0
48600, 692759, 0, 0, 0
48600, 1882915, 1, 0, 0
48700, 1976878, 1, 0, 0
48701, 718946, 0, 0, 0
48800, 706221, 0, 0, 0
48800, 1891570, 1, 0, 0
48900, 1888888, 1, 0, 0
48900, 667254, 0, 0, 0
49000, 737669, 0, 0, 0
49000, 1917354, 1, 0, 0
49100, 1937840, 1, 0, 0
49100, 707593, 0, 0, 0
49200, 764037, 0, 0, 0
49201, 1890242, 1, 0, 0
49309, 1533122, 0, 0, 0
49310, 4229472, 1, 0, 0
49400, 2104665, 1, 0, 0
49402, 785317, 0, 0, 0
49500, 1215047, 0, 0, 0
49505, 3249935, 1, 0, 0
49600, 719950, 0, 0, 0
49601, 2001761, 1, 0, 0
49700, 1793416, 1, 0, 0
49700, 691169, 0, 0, 0
49800, 1784283, 1, 0, 0
49800, 701792, 0, 0, 0
49901, 1840974, 1, 0, 0
49901, 695787, 0, 0, 0
50000, 707615, 0, 0, 0
50002, 2038628, 1, 0, 0
50100, 688021, 0, 0, 0
50102, 1866941, 1, 0, 0
50200, 710162, 0, 0, 0
50201, 1913907, 1, 0, 0
50300, 1952002, 1, 0, 0
50300, 706317, 0, 0, 0
50400, 828975, 0, 0, 0
50401, 1884553, 1, 0, 0
50500, 728978, 0, 0, 0
50502, 1926864, 1, 0, 0
50600, 713491, 0, 0, 0
50601, 1966881, 1, 0, 0
50701, 1911720, 1, 0, 0
50701, 751088, 0, 0, 0
50800, 701927, 0, 0, 0
50800, 1914953, 1, 0, 0
50900, 1884866, 1, 0, 0
50900, 755193, 0, 0, 0
51000, 708943, 0, 0, 0
51003, 1936862, 1, 0, 0
51100, 842942, 0, 0, 0
51101, 1828142, 1, 0, 0
51200, 691974, 0, 0, 0
51203, 1899374, 1, 0, 0
51300, 721527, 0, 0, 0
51300, 1961891, 1, 0, 0
51421, 1713365, 0, 0, 0
51463, 3827260, 1, 0, 0
51569, 8676393, 0, 0, 0
51571, 22074245, 1, 0, 0
51609, 40196336, 1, 0, 0
51609, 538939, 0, 0, 0
51736, 6649450, 0, 0, 0
51739, 10531944, 1, 0, 0
51806, 2279215, 0, 0, 0
51810, 9263841, 1, 0, 0
51959, 2973983, 0, 0, 0
51961, 2055935, 1, 0, 0
52000, 830769, 0, 0, 0
52000, 9356210, 1, 0, 0
52100, 1901350, 1, 0, 0
52101, 713310, 0, 0, 0
52200, 686916, 0, 0, 0
52201, 1819563, 1, 0, 0
52300, 1935061, 1, 0, 0
52300, 720357, 0, 0, 0
52400, 1914980, 1, 0, 0
52400, 704712, 0, 0, 0
52500, 703364, 0, 0, 0
52502, 1864039, 1, 0, 0
52601, 1851895, 1, 0, 0
52602, 723694, 0, 0, 0
52700, 726613, 0, 0, 0
52701, 1857559, 1, 0, 0
52801, 1890205, 1, 0, 0
52802, 669877, 0, 0, 0
52931, 5751411, 1, 0, 0
52932, 859826, 0, 0, 0
53000, 2032186, 1, 0, 0
53001, 1345866, 0, 0, 0
53100, 720968, 0, 0, 0
53101, 1848340, 1, 0, 0
53200, 713187, 0, 0, 0
53201, 1899294, 1, 0, 0
53300, 721474, 0, 0, 0
53300, 1871201, 1, 0, 0
53400, 879106, 0, 0, 0
53401, 1788213, 1, 0, 0
53500, 713699, 0, 0, 0
53503, 1808049, 1, 0, 0
53600, 705945, 0, 0, 0
53600, 1858481, 1, 0, 0
53700, 692691, 0, 0, 0
53701, 1827196, 1, 0, 0
53801, 1834875, 1, 0, 0
53802, 706784, 0, 0, 0
53900, 1894493, 1, 0, 0
53901, 714264, 0, 0, 0
54000, 699517, 0, 0, 0
54001, 1834237, 1, 0, 0
54100, 749219, 0, 0, 0
54100, 1839845, 1, 0, 0
54200, 717831, 0, 0, 0
54205, 1813619, 1, 0, 0
54300, 1891461, 1, 0, 0
54300, 709306, 0, 0, 0
54400, 829202, 0, 0, 0
54403, 1822928, 1, 0, 0
54529, 1226225, 0, 0, 0
54548, 1770308, 1, 0, 0
54606, 7099129, 0, 0, 0
54608, 12872717, 1, 0, 0
54700, 1902493, 0, 0, 0
54702, 1802298, 1, 0, 0
54800, 739664, 0, 0, 0
54800, 1877931, 1, 0, 0
54900, 696456, 0, 0, 0
54901, 1862971, 1, 0, 0
55000, 1844721, 1, 0, 0
55001, 699176, 0, 0, 0
55100, 2036502, 1, 0, 0
55100, 725266, 0, 0, 0
55200, 702032, 0, 0, 0
55201, 1906347, 1, 0, 0
55301, 1864780, 1, 0, 0
55301, 729440, 0, 0, 0
55400, 704701, 0, 0, 0
55402, 1879757, 1, 0, 0
55500, 715556, 0, 0, 0
55502, 1968607, 1, 0, 0
55600, 750192, 0, 0, 0
55601, 1906036, 1, 0, 0
55700, 1853365, 1, 0, 0
55701, 725455, 0, 0, 0
55800, 897722, 0, 0, 0
55802, 2453583, 1, 0, 0
55900, 1882887, 1, 0, 0
55901, 732154, 0, 0, 0
56000, 727723, 0, 0, 0
56002, 1951899, 1, 0, 0
56100, 1983182, 1, 0, 0
56100, 744331, 0, 0, 0
56200, 719381, 0, 0, 0
56202, 1982752, 1, 0, 0
56300, 1985815, 1, 0, 0
56301, 729360, 0, 0, 0
56429, 3933860, 1, 0, 0
56431, 1605180, 0, 0, 0
56514, 16801525, 0, 0, 0
56599, 39632646, 1, 0, 0
56600, 623828, 0, 0, 0
56604, 68439379, 1, 0, 0
56701, 2030142, 1, 0, 0
56704, 906242, 0, 0, 0
56800, 706872, 0, 0, 0
56806, 1847435, 1, 0, 0
56900, 2420402, 1, 0, 0
56901, 693510, 0, 0, 0
57000, 2206891, 1, 0, 0
57004, 703881, 0, 0, 0
57100, 1874372, 1, 0, 0
57100, 716112, 0, 0, 0
57200, 1847680, 1, 0, 0
57201, 715657, 0, 0, 0
57300, 694936, 0, 0, 0
57300, 1854208, 1, 0, 0
57400, 1857586, 1, 0, 0
57400, 678563, 0, 0, 0
57501, 1853907, 1, 0, 0
57502, 720728, 0, 0, 0
57600, 686631, 0, 0, 0
57602, 1839802, 1, 0, 0
57700, 720058, 0, 0, 0
57701, 1865336, 1, 0, 0
57800, 738080, 0, 0, 0
57800, 1880674, 1, 0, 0
57910, 1030131, 0, 0, 0
57931, 2468738, 1, 0, 0
58000, 1621293, 0, 0, 0
58003, 2699285, 1, 0, 0
58100, 730843, 0, 0, 0
58100, 2098235, 1, 0, 0
58200, 694669, 0, 0, 0
58200, 1885507, 1, 0, 0
58300, 721752, 0, 0, 0
58300, 1863824, 1, 0, 0
58400, 734825, 0, 0, 0
58402, 1853905, 1, 0, 0
58500, 736994, 0, 0, 0
58501, 1991926, 1, 0, 0
58600, 699248, 0, 0, 0
58601, 1840526, 1, 0, 0
58700, 714038, 0, 0, 0
58701, 1808911, 1, 0, 0
58800, 1869479, 1, 0, 0
58800, 720709, 0, 0, 0
58900, 718854, 0, 0, 0
58902, 1881024, 1, 0, 0
59000, 669576, 0, 0, 0
59000, 2010155, 1, 0, 0
59101, 1831133, 1, 0, 0
59101, 720372, 0, 0, 0
59200, 715041, 0, 0, 0
59200, 1848977, 1, 0, 0
59300, 703741, 0, 0, 0
59302, 1828786, 1, 0, 0
59400, 1843843, 1, 0, 0
59400, 681670, 0, 0, 0
59593, 3748650, 1, 0, 0
59626, 1610420, 0, 0, 0
59628, 1518392, 1, 0, 0
59709, 90040607, 1, 0, 0
59710, 626895, 0, 0, 0
59800, 1359421, 0, 0, 0
59803, 5015858, 1, 0, 0
59900, 706310, 0, 0, 0
59903, 1851695, 1, 0, 0
60000, 1911268, 1, 0, 0
60000, 693298, 0, 0, 0
60100, 1905622, 1, 0, 0
60104, 841241, 0, 0, 0
60200, 2082742, 1, 0, 0
60200, 803933, 0, 0, 0
60301, 1887418, 1, 0, 0
60301, 673947, 0, 0, 0
60400, 690737, 0, 0, 0
60400, 1874731, 1, 0, 0
60500, 712618, 0, 0, 0
60502, 1915775, 1, 0, 0
60600, 723040, 0, 0, 0
60603, 1841207, 1, 0, 0
60700, 731684, 0, 0, 0
60701, 1983055, 1, 0, 0
60803, 1065037, 0, 0, 0
60833, 2333099, 1, 0, 0
60917, 18930789, 0, 0, 0
60925, 3203924, 1, 0, 0
61072, 7784929, 0, 0, 0
61107, 25084159, 0, 0, 0
61115, 19422286, 1, 0, 0
61204, 11812533, 1, 0, 0
61205, 1752968, 0, 0, 0
61300, 1717487, 1, 0, 0
61301, 995401, 0, 0, 0
61420, 1234426, 0, 0, 0
61442, 2599788, 1, 0, 0
61515, 7092286, 0, 0, 0
61534, 8790122, 1, 0, 0
61633, 5426583, 1, 0, 0
61633, 3831701, 0, 0, 0
61700, 816268, 0, 0, 0
61703, 2048060, 1, 0, 0
61800, 736565, 0, 0, 0
61802, 1848635, 1, 0, 0
61900, 685969, 0, 0, 0
61901, 1951050, 1, 0, 0
62000, 2046751, 1, 0, 0
62002, 745147, 0, 0, 0
62100, 703684, 0, 0, 0
62101, 1881035, 1, 0, 0
62200, 738319, 0, 0, 0
62200, 2015533, 1, 0, 0
62300, 2004109, 1, 0, 0
62300, 717339, 0, 0, 0
62400, 696413, 0, 0, 0
62401, 1856322, 1, 0, 0
62500, 760640, 0, 0, 0
62500, 1880485, 1, 0, 0
62600, 1832083, 1, 0, 0
62601, 700760, 0, 0, 0
62700, 746853, 0, 0, 0
62701, 1899121, 1, 0, 0
62800, 736064, 0, 0, 0
62800, 1903551, 1, 0, 0
62930, 2565451, 1, 0, 0
63003, 1238153, 0, 0, 0
63005, 1764282, 1, 0, 0
63103, 70296364, 1, 0, 0
63104, 4798875, 0, 0, 0
63232, 3229948, 0, 0, 0
63235, 3021598, 1, 0, 0
63300, 1186679, 0, 0, 0
63300, 1995196, 1, 0, 0
63400, 1853149, 1, 0, 0
63400, 699365, 0, 0, 0
63500, 1072263, 0, 0, 0
63501, 1841067, 1, 0, 0
63600, 1807489, 1, 0, 0
63601, 696297, 0, 0, 0
63700, 1879477, 1, 0, 0
63703, 731143, 0, 0, 0
63800, 712107, 0, 0, 0
63802, 1833914, 1, 0, 0
63900, 1901028, 1, 0, 0
63902, 700767, 0, 0, 0
64000, 1855589, 1, 0, 0
64001, 759933, 0, 0, 0
64100, 1989949, 1, 0, 0
64100, 711153, 0, 0, 0
64200, 2001229, 1, 0, 0
64200, 755265, 0, 0, 0
64300, 732063, 0, 0, 0
64301, 1969066, 1, 0, 0
64400, 757467, 0, 0, 0
64403, 1915659, 1, 0, 0
64500, 706426, 0, 0, 0
64500, 1913420, 1, 0, 0
64606, 4711053, 1, 0, 0
64622, 803787, 0, 0, 0
64705, 43689170, 1, 0, 0
64708, 686442, 0, 0, 0
64800, 5434293, 1, 0, 0
64800, 1520248, 0, 0, 0
64900, 719147, 0, 0, 0
64900, 1907257, 1, 0, 0
65000, 2298172, 1, 0, 0
65000, 724221, 0, 0, 0
65100, 1959412, 1, 0, 0
65101, 751321, 0, 0, 0
65200, 702294, 0, 0, 0
65200, 1915974, 1, 0, 0
65300, 2295641, 1, 0, 0
65300, 718580, 0, 0, 0
65400, 2064102, 1, 0, 0
65400, 757908, 0, 0, 0
65501, 2429787, 1, 0, 0
65501, 912378, 0, 0, 0
65600, 1921030, 1, 0, 0
65600, 733672, 0, 0, 0
65700, 762645, 0, 0, 0
65700, 1905530, 1, 0, 0
65828, 2975196, 1, 0, 0
65915, 43455194, 1, 0, 0
65917, 765584, 0, 0, 0
66001, 26973933, 0, 0, 0
66003, 1536806, 1, 0, 0
66103, 30821539, 1, 0, 0
66168, 30033964, 0, 0, 0
66269, 74413254, 0, 0, 0
66317, 16567616, 1, 0, 0
66317, 17229387, 0, 0, 0
66401, 4288040, 0, 0, 0
66458, 11320514, 1, 0, 0
66519, 74127224, 1, 0, 0
66523, 6394946, 0, 0, 0
66605, 16568560, 1, 0, 0
66607, 4670861, 0, 0, 0
66700, 3438836, 0, 0, 0
66704, 8288774, 1, 0, 0
66800, 772178, 0, 0, 0
66800, 6530663, 1, 0, 0
66900, 775841, 0, 0, 0
66903, 1939657, 1, 0, 0
67000, 778013, 0, 0, 0
67019, 2160466, 1, 0, 0
67100, 849037, 0, 0, 0
67103, 1919232, 1, 0, 0
67200, 733790, 0, 0, 0
67201, 1897655, 1, 0, 0
67300, 746942, 0, 0, 0
67301, 1921556, 1, 0, 0
67400, 1884759, 1, 0, 0
67400, 703208, 0, 0, 0
67500, 781848, 0, 0, 0
67501, 1971731, 1, 0, 0
67600, 746626, 0, 0, 0
67600, 2018094, 1, 0, 0
67700, 1926809, 1, 0, 0
67700, 796585, 0, 0, 0
67800, 1897433, 1, 0, 0
67800, 734557, 0, 0, 0
67900, 710619, 0, 0, 0
67904, 1933077, 1, 0, 0
68029, 2575352, 0, 0, 0
68034, 1744841, 1, 0, 0
68129, 47068061, 1, 0, 0
68130, 13080959, 0, 0, 0
68261, 137417109, 0, 0, 0
68263, 1660447, 1, 0, 0
68382, 59795277, 1, 0, 0
68382, 7445948, 0, 0, 0
68400, 1685062, 1, 0, 0
68455, 14669990, 0, 0, 0
68608, 5269122, 0, 0, 0
68609, 9994237, 1, 0, 0
68700, 1922951, 1, 0, 0
68700, 787483, 0, 0, 0
68800, 780758, 0, 0, 0
68801, 1935768, 1, 0, 0
68900, 1908862, 1, 0, 0
68900, 759711, 0, 0, 0
69000, 1896349, 1, 0, 0
69000, 776576, 0, 0, 0
69100, 743921, 0, 0, 0
69102, 1973577, 1, 0, 0
69200, 767011, 0, 0, 0
69201, 1934539, 1, 0, 0
69300, 802363, 0, 0, 0
69302, 1967327, 1, 0, 0
69400, 2070708, 1, 0, 0
69402, 731952, 0, 0, 0
69500, 738713, 0, 0, 0
69500, 1964098, 1, 0, 0
69600, 825933, 0, 0, 0
69601, 2108682, 1, 0, 0
69700, 795255, 0, 0, 0
69701, 2037205, 1, 0, 0
69800, 1860449, 1, 0, 0
69800, 764547, 0, 0, 0
69900, 770502, 0, 0, 0
69901, 1934179, 1, 0, 0
70000, 766105, 0, 0, 0
70001, 1999252, 1, 0, 0
70100, 5203777, 1, 0, 0
70102, 717725, 0, 0, 0
70200, 805863, 0, 0, 0
70203, 1988227, 1, 0, 0
70300, 777010, 0, 0, 0
70301, 1994092, 1, 0, 0
70400, 761820, 0, 0, 0
70403, 1912845, 1, 0, 0
70500, 812356, 0, 0, 0
70501, 1965545, 1, 0, 0
70600, 762480, 0, 0, 0
70601, 1934735, 1, 0, 0
70700, 745484, 0, 0, 0
70701, 1928970, 1, 0, 0
70800, 799732, 0, 0, 0
70801, 1917596, 1, 0, 0
70920, 1839356, 0, 0, 0
70955, 2533546, 1, 0, 0
71034, 22708769, 0, 0, 0
71036, 1482130, 1, 0, 0
71100, 22974179, 1, 0, 0
71101, 5878072, 0, 0, 0
71206, 37911676, 0, 0, 0
71214, 1442265, 1, 0, 0
71332, 41773285, 0, 0, 0
71401, 264037970, 1, 0, 0
71402, 641647, 0, 0, 0
71513, 45550989, 1, 0, 0
71528, 10607209, 0, 0, 0
71632, 8488022, 0, 0, 0
71634, 17704343, 1, 0, 0
71701, 5121854, 0, 0, 0
71706, 3641939, 1, 0, 0
71801, 8408129, 1, 0, 0
71802, 2142766, 0, 0, 0
71945, 3284445, 0, 0, 0
71948, 2120796, 1, 0, 0
72000, 1842477, 1, 0, 0
72001, 1607243, 0, 0, 0
72100, 1935483, 1, 0, 0
72101, 1223773, 0, 0, 0
72200, 9896445, 1, 0, 0
72201, 7952727, 0, 0, 0
72300, 1338112, 0, 0, 0
72302, 2279492, 1, 0, 0
72400, 1954140, 1, 0, 0
72400, 786434, 0, 0, 0
72511, 2219795, 1, 0, 0
72511, 929660, 0, 0, 0
72600, 815565, 0, 0, 0
72600, 2047479, 1, 0, 0
72700, 2086208, 1, 0, 0
72701, 783375, 0, 0, 0
72800, 779309, 0, 0, 0
72801, 1854512, 1, 0, 0
72900, 786844, 0, 0, 0
72901, 1947300, 1, 0, 0
73040, 5736762, 1, 0, 0
73066, 3400576, 0, 0, 0
73100, 4505636, 0, 0, 0
73102, 1658634, 1, 0, 0
73200, 17702442, 0, 0, 0
73201, 8573438, 1, 0, 0
73300, 3962098, 1, 0, 0
73301, 5425265, 0, 0, 0
73400, 4602912, 0, 0, 0
73401, 7139754, 1, 0, 0
73504, 3604351, 1, 0, 0
73505, 1644323, 0, 0, 0
73600, 843617, 0, 0, 0
73601, 1998924, 1, 0, 0
73702, 1423770, 0, 0, 0
73702, 3395857, 1, 0, 0
73800, 749374, 0, 0, 0
73802, 1981268, 1, 0, 0
73900, 782496, 0, 0, 0
73901, 1905616, 1, 0, 0
74000, 1961741, 1, 0, 0
74001, 736366, 0, 0, 0
74100, 1892503, 1, 0, 0
74101, 795054, 0, 0, 0
74200, 2186210, 1, 0, 0
74201, 798075, 0, 0, 0
74300, 1925431, 1, 0, 0
74301, 764433, 0, 0, 0
74400, 2040306, 1, 0, 0
74401, 750530, 0, 0, 0
74500, 2053908, 1, 0, 0
74500, 768133, 0, 0, 0
74600, 773672, 0, 0, 0
74600, 1945864, 1, 0, 0
74700, 1968020, 1, 0, 0
74701, 766147, 0, 0, 0
74800, 2040173, 1, 0, 0
74800, 894506, 0, 0, 0
74901, 1929371, 1, 0, 0
74902, 776607, 0, 0, 0
75000, 763302, 0, 0, 0
75003, 1982613, 1, 0, 0
75100, 773153, 0, 0, 0
75102, 1923102, 1, 0, 0
75200, 747230, 0, 0, 0
75202, 1981470, 1, 0, 0
75300, 776898, 0, 0, 0
75301, 1929947, 1, 0, 0
75400, 1916824, 1, 0, 0
75402, 768711, 0, 0, 0
75500, 1986629, 1, 0, 0
75501, 803059, 0, 0, 0
75600, 797593, 0, 0, 0
75601, 1936049, 1, 0, 0
75700, 822307, 0, 0, 0
75700, 2016260, 1, 0, 0
75800, 769754, 0, 0, 0
75801, 1989456, 1, 0, 0
75946, 4078665, 1, 0, 0
75946, 1843915, 0, 0, 0
76018, 4452089, 0, 0, 0
76022, 2153926, 1, 0, 0
76100, 3453034, 0, 0, 0
76241, 51767898, 0, 0, 0
76289, 11193158, 1, 0, 0
76303, 46709996, 1, 0, 0
76304, 31098873, 0, 0, 0
76441, 44676547, 0, 0, 0
76445, 2076805, 1, 0, 0
76541, 15753740, 1, 0, 0
76542, 14797546, 0, 0, 0
76672, 14598054, 1, 0, 0
76672, 5179920, 0, 0, 0
76725, 17540039, 0, 0, 0
76727, 68290122, 1, 0, 0
76800, 1486417, 0, 0, 0
76808, 3224860, 1, 0, 0
76900, 2082054, 0, 0, 0
76900, 5143208, 1, 0, 0
77000, 776971, 0, 0, 0
77001, 1924670, 1, 0, 0
77100, 749421, 0, 0, 0
77104, 1942721, 1, 0, 0
77224, 2440535, 0, 0, 0
77247, 5720111, 1, 0, 0
77308, 11530315, 0, 0, 0
77311, 7663832, 1, 0, 0
77400, 955432, 0, 0, 0
77401, 2055797, 1, 0, 0
77500, 1908670, 1, 0, 0
77501, 757934, 0, 0, 0
77606, 815004, 0, 0, 0
77608, 1834578, 1, 0, 0
77700, 1962606, 1, 0, 0
77700, 850761, 0, 0, 0
77800, 723862, 0, 0, 0
77802, 1963670, 1, 0, 0
77900, 739117, 0, 0, 0
77900, 1936729, 1, 0, 0
78000, 738631, 0, 0, 0
78001, 1901610, 1, 0, 0
78100, 11614516, 0, 0, 0
78102, 1806555, 1, 0, 0
78200, 4932307, 0, 0, 0
78206, 7772901, 1, 0, 0
78300, 2816677, 1, 0, 0
78300, 836346, 0, 0, 0
78400, 720044, 0, 0, 0
78400, 1900360, 1, 0, 0
78500, 751360, 0, 0, 0
78503, 2019032, 1, 0, 0
78600, 736950, 0, 0, 0
78600, 1919379, 1, 0, 0
78700, 1959174, 1, 0, 0
78701, 763134, 0, 0, 0
78800, 2502290, 1, 0, 0
78802, 1089049, 0, 0, 0
78900, 746786, 0, 0, 0
78901, 1943395, 1, 0, 0
79000, 755419, 0, 0, 0
79001, 1924854, 1, 0, 0
79100, 764329, 0, 0, 0
79101, 1913757, 1, 0, 0
79200, 732126, 0, 0, 0
79200, 1970485, 1, 0, 0
79300, 1869568, 1, 0, 0
79300, 721007, 0, 0, 0
79400, 712942, 0, 0, 0
79402, 1899267, 1, 0, 0
79500, 743288, 0, 0, 0
79502, 1898131, 1, 0, 0
79600, 1986345, 1, 0, 0
79601, 766474, 0, 0, 0
79700, 2063840, 1, 0, 0
79700, 813166, 0, 0, 0
79800, 810896, 0, 0, 0
79802, 2004928, 1, 0, 0
79900, 1906162, 1, 0, 0
79901, 768318, 0, 0, 0
80000, 753798, 0, 0, 0
80001, 1947456, 1, 0, 0
80100, 753063, 0, 0, 0
80101, 2060689, 1, 0, 0
80200, 2020697, 1, 0, 0
80201, 756982, 0, 0, 0
80300, 753603, 0, 0, 0
80301, 1974773, 1, 0, 0
80400, 1901919, 1, 0, 0
80400, 762047, 0, 0, 0
80500, 794086, 0, 0, 0
80502, 2009358, 1, 0, 0
80600, 778481, 0, 0, 0
80600, 1962186, 1, 0, 0
80700, 755064, 0, 0, 0
80704, 1944001, 1, 0, 0
80800, 864550, 0, 0, 0
80802, 2035283, 1, 0, 0
80900, 2139563, 1, 0, 0
80900, 746458, 0, 0, 0
81108, 26552450, 1, 0, 0
81108, 5809566, 0, 0, 0
81234, 5232621, 0, 0, 0
81242, 159478437, 1, 0, 0
81308, 26183430, 1, 0, 0
81340, 31346025, 0, 0, 0
81468, 21543443, 0, 0, 0
81487, 42699848, 1, 0, 0
81559, 37860223, 0, 0, 0
81583, 23744414, 1, 0, 0
81609, 38042490, 1, 0, 0
81610, 573067, 0, 0, 0
81702, 1011990, 0, 0, 0
81726, 8733426, 1, 0, 0
81808, 3774391, 1, 0, 0
81809, 2515684, 0, 0, 0
81900, 755324, 0, 0, 0
81902, 2234353, 1, 0, 0
82000, 784674, 0, 0, 0
82000, 1920358, 1, 0, 0
82100, 762943, 0, 0, 0
82104, 1891804, 1, 0, 0
82200, 2187681, 1, 0, 0
82200, 753318, 0, 0, 0
82300, 1902399, 1, 0, 0
82301, 742434, 0, 0, 0
82400, 1918498, 1, 0, 0
82400, 749704, 0, 0, 0
82500, 747991, 0, 0, 0
82500, 1921120, 1, 0, 0
82601, 1868584, 1, 0, 0
82602, 771850, 0, 0, 0
82700, 1926299, 1, 0, 0
82703, 750115, 0, 0, 0
82800, 4588140, 1, 0, 0
82800, 763114, 0, 0, 0
82900, 752448, 0, 0, 0
82901, 1904023, 1, 0, 0
83000, 1895510, 1, 0, 0
83001, 761509, 0, 0, 0
83100, 1715103, 0, 0, 0
83100, 3553684, 1, 0, 0
83200, 742876, 0, 0, 0
83201, 2031052, 1, 0, 0
83300, 741799, 0, 0, 0
83302, 1952235, 1, 0, 0
83400, 738470, 0, 0, 0
83400, 1965177, 1, 0, 0
83500, 1910603, 1, 0, 0
83501, 769625, 0, 0, 0
83600, 774187, 0, 0, 0
83601, 1887611, 1, 0, 0
83700, 2207987, 1, 0, 0
83702, 757390, 0, 0, 0
83800, 746386, 0, 0, 0
83801, 2015561, 1, 0, 0
83900, 792282, 0, 0, 0
83901, 2365220, 1, 0, 0
84000, 800393, 0, 0, 0
84001, 1926437, 1, 0, 0
84100, 1892045, 1, 0, 0
84102, 769269, 0, 0, 0
84200, 746404, 0, 0, 0
84205, 1888710, 1, 0, 0
84300, 789180, 0, 0, 0
84300, 1910973, 1, 0, 0
84400, 773061, 0, 0, 0
84400, 1918223, 1, 0, 0
84500, 2065019, 1, 0, 0
84500, 796716, 0, 0, 0
84600, 1951373, 1, 0, 0
84600, 773636, 0, 0, 0
84700, 1895973, 1, 0, 0
84700, 742845, 0, 0, 0
84800, 786606, 0, 0, 0
84801, 1943321, 1, 0, 0
84900, 786821, 0, 0, 0
84902, 2345518, 1, 0, 0
85000, 1967694, 1, 0, 0
85001, 767429, 0, 0, 0
85100, 776408, 0, 0, 0
85101, 2032600, 1, 0, 0
85200, 784953, 0, 0, 0
85201, 2032913, 1, 0, 0
85300, 831008, 0, 0, 0
85302, 2008511, 1, 0, 0
85400, 808809, 0, 0, 0
85401, 2007269, 1, 0, 0
85500, 2021250, 1, 0, 0
85501, 785935, 0, 0, 0
85600, 801674, 0, 0, 0
85602, 1916911, 1, 0, 0
85700, 759511, 0, 0, 0
85700, 2075661, 1, 0, 0
85800, 769164, 0, 0, 0
85802, 1945093, 1, 0, 0
85900, 2366873, 1, 0, 0
85900, 768474, 0, 0, 0
86060, 6212177, 1, 0, 0
86064, 809007, 0, 0, 0
86137, 57434299, 0, 0, 0
86138, 53158491, 1, 0, 0
86233, 12134799, 0, 0, 0
86238, 62560214, 1, 0, 0
86337, 14355115, 0, 0, 0
86339, 1663106, 1, 0, 0
86419, 4940590, 0, 0, 0
86421, 2872634, 1, 0, 0
86515, 12457924, 0, 0, 0
86517, 4876708, 1, 0, 0
86658, 65853528, 1, 0, 0
86661, 17619281, 0, 0, 0
86752, 14805468, 1, 0, 0
86753, 16471134, 0, 0, 0
86815, 5812264, 0, 0, 0
86818, 2847572, 1, 0, 0
86910, 4116693, 0, 0, 0
86912, 6313446, 1, 0, 0
87000, 759475, 0, 0, 0
87001, 1946007, 1, 0, 0
87100, 752453, 0, 0, 0
87100, 1928854, 1, 0, 0
87201, 1963467, 1, 0, 0
87201, 761793, 0, 0, 0
87301, 2445462, 1, 0, 0
87302, 986395, 0, 0, 0
87400, 784246, 0, 0, 0
87404, 1912627, 1, 0, 0
87500, 755057, 0, 0, 0
87503, 1897346, 1, 0, 0
87600, 719031, 0, 0, 0
87601, 1986250, 1, 0, 0
87716, 1324873, 0, 0, 0
87717, 2887960, 1, 0, 0
87800, 712547, 0, 0, 0
87802, 1894953, 1, 0, 0
87905, 1358374, 0, 0, 0
87905, 3019164, 1, 0, 0
88000, 751689, 0, 0, 0
88001, 1986729, 1, 0, 0
88100, 1898001, 1, 0, 0
88103, 795498, 0, 0, 0
88200, 763782, 0, 0, 0
88200, 1962819, 1, 0, 0
88300, 1938562, 1, 0, 0
88300, 731769, 0, 0, 0
88400, 782652, 0, 0, 0
88400, 1916770, 1, 0, 0
88500, 738502, 0, 0, 0
88500, 2020732, 1, 0, 0
88600, 687668, 0, 0, 0
88600, 1944221, 1, 0, 0
88701, 1938139, 1, 0, 0
88702, 718839, 0, 0, 0
88800, 795890, 0, 0, 0
88800, 1919735, 1, 0, 0
88900, 773185, 0, 0, 0
88901, 2035866, 1, 0, 0
89000, 725273, 0, 0, 0
89002, 2181327, 1, 0, 0
89100, 746503, 0, 0, 0
89101, 1932293, 1, 0, 0
89200, 1957360, 1, 0, 0
89201, 725768, 0, 0, 0
89300, 1858163, 1, 0, 0
89304, 694146, 0, 0, 0
89400, 1931090, 1, 0, 0
89400, 706742, 0, 0, 0
89500, 723368, 0, 0, 0
89501, 2077708, 1, 0, 0
89600, 2010766, 1, 0, 0
89601, 738628, 0, 0, 0
89700, 753409, 0, 0, 0
89700, 2012869, 1, 0, 0
89800, 2094799, 1, 0, 0
89801, 755849, 0, 0, 0
89900, 1997250, 1, 0, 0
89901, 762906, 0, 0, 0
90000, 790794, 0, 0, 0
90000, 2032663, 1, 0, 0
