100, 390135, 0, 0, 0
200, 404302, 0, 0, 0
300, 392256, 0, 0, 0
400, 391654, 0, 0, 0
500, 393472, 0, 0, 0
600, 404817, 0, 0, 0
700, 396729, 0, 0, 0
800, 397507, 0, 0, 0
900, 407719, 0, 0, 0
1000, 397825, 0, 0, 0
1100, 402883, 0, 0, 0
1200, 396687, 0, 0, 0
1300, 407999, 0, 0, 0
1400, 407636, 0, 0, 0
1500, 397501, 0, 0, 0
1600, 396204, 0, 0, 0
1700, 400922, 0, 0, 0
1800, 403068, 0, 0, 0
1900, 419843, 0, 0, 0
2000, 408918, 0, 0, 0
2100, 414462, 0, 0, 0
2200, 411908, 0, 0, 0
2300, 414029, 0, 0, 0
2400, 408940, 0, 0, 0
2500, 418481, 0, 0, 0
2600, 408798, 0, 0, 0
2700, 402112, 0, 0, 0
2800, 414331, 0, 0, 0
2900, 404279, 0, 0, 0
3000, 413245, 0, 0, 0
3100, 408823, 0, 0, 0
3200, 413782, 0, 0, 0
3300, 404791, 0, 0, 0
3400, 404111, 0, 0, 0
3500, 404342, 0, 0, 0
3600, 413941, 0, 0, 0
3700, 417488, 0, 0, 0
3800, 409328, 0, 0, 0
3900, 400000, 0, 0, 0
4000, 410669, 0, 0, 0
4100, 415156, 0, 0, 0
4200, 417171, 0, 0, 0
4300, 413408, 0, 0, 0
4400, 421145, 0, 0, 0
4500, 419835, 0, 0, 0
4600, 420679, 0, 0, 0
4700, 429620, 0, 0, 0
4800, 444234, 0, 0, 0
4900, 429256, 0, 0, 0
5000, 433021, 0, 0, 0
5100, 425329, 0, 0, 0
5200, 437105, 0, 0, 0
5300, 432729, 0, 0, 0
5400, 438162, 0, 0, 0
5500, 435318, 0, 0, 0
5600, 428979, 0, 0, 0
5700, 433687, 0, 0, 0
5800, 423980, 0, 0, 0
5900, 440632, 0, 0, 0
6000, 443900, 0, 0, 0
6100, 439200, 0, 0, 0
6200, 403637, 0, 0, 0
6300, 394964, 0, 0, 0
6400, 395182, 0, 0, 0
6500, 400284, 0, 0, 0
6600, 404721, 0, 0, 0
6700, 403269, 0, 0, 0
6800, 401824, 0, 0, 0
6900, 394705, 0, 0, 0
7000, 405085, 0, 0, 0
7100, 401303, 0, 0, 0
7200, 392998, 0, 0, 0
7300, 397045, 0, 0, 0
7400, 395167, 0, 0, 0
7500, 401242, 0, 0, 0
7600, 386449, 0, 0, 0
7700, 398707, 0, 0, 0
7800, 395929, 0, 0, 0
7900, 405952, 0, 0, 0
8000, 407312, 0, 0, 0
8100, 392640, 0, 0, 0
8200, 387463, 0, 0, 0
8300, 402176, 0, 0, 0
8400, 404967, 0, 0, 0
8500, 396369, 0, 0, 0
8600, 386701, 0, 0, 0
8700, 394961, 0, 0, 0
8800, 399283, 0, 0, 0
8900, 390862, 0, 0, 0
9000, 402972, 0, 0, 0
9100, 400793, 0, 0, 0
9200, 402043, 0, 0, 0
9300, 399224, 0, 0, 0
9400, 405415, 0, 0, 0
9500, 407229, 0, 0, 0
9600, 401594, 0, 0, 0
9700, 402627, 0, 0, 0
9800, 399586, 0, 0, 0
9900, 403262, 0, 0, 0
10000, 408310, 0, 0, 0
10100, 398004, 0, 0, 0
10200, 392929, 0, 0, 0
10300, 402227, 0, 0, 0
10400, 396782, 0, 0, 0
10500, 394823, 0, 0, 0
10600, 400334, 0, 0, 0
10700, 397292, 0, 0, 0
10800, 395068, 0, 0, 0
10900, 396013, 0, 0, 0
11000, 390947, 0, 0, 0
11100, 397410, 0, 0, 0
11200, 394478, 0, 0, 0
11300, 407481, 0, 0, 0
11400, 389070, 0, 0, 0
11500, 411552, 0, 0, 0
11600, 402370, 0, 0, 0
11700, 415793, 0, 0, 0
11800, 401941, 0, 0, 0
11900, 403173, 0, 0, 0
12000, 403345, 0, 0, 0
12100, 396710, 0, 0, 0
12200, 400284, 0, 0, 0
12300, 397647, 0, 0, 0
12400, 399248, 0, 0, 0
12500, 394432, 0, 0, 0
12600, 401113, 0, 0, 0
12700, 409432, 0, 0, 0
12800, 398046, 0, 0, 0
12900, 411575, 0, 0, 0
13000, 394570, 0, 0, 0
13100, 407561, 0, 0, 0
13200, 391179, 0, 0, 0
13300, 404123, 0, 0, 0
13400, 401942, 0, 0, 0
13500, 395449, 0, 0, 0
13600, 405431, 0, 0, 0
13700, 395249, 0, 0, 0
13800, 395197, 0, 0, 0
13900, 398898, 0, 0, 0
14000, 408242, 0, 0, 0
14100, 410289, 0, 0, 0
14200, 395399, 0, 0, 0
14300, 412722, 0, 0, 0
14400, 399512, 0, 0, 0
14500, 398703, 0, 0, 0
14600, 408561, 0, 0, 0
14700, 399520, 0, 0, 0
14800, 402992, 0, 0, 0
14900, 399486, 0, 0, 0
15000, 402623, 0, 0, 0
15100, 400322, 0, 0, 0
15200, 402021, 0, 0, 0
15300, 391531, 0, 0, 0
15400, 396331, 0, 0, 0
15500, 399248, 0, 0, 0
15600, 408857, 0, 0, 0
15700, 398602, 0, 0, 0
15800, 406646, 0, 0, 0
15900, 395175, 0, 0, 0
16000, 395104, 0, 0, 0
16100, 411062, 0, 0, 0
16200, 399422, 0, 0, 0
16300, 396634, 0, 0, 0
16400, 400212, 0, 0, 0
16500, 400771, 0, 0, 0
16600, 399030, 0, 0, 0
16700, 412275, 0, 0, 0
16800, 395906, 0, 0, 0
16900, 403835, 0, 0, 0
17000, 411310, 0, 0, 0
17100, 405857, 0, 0, 0
17200, 405701, 0, 0, 0
17300, 395138, 0, 0, 0
17400, 398543, 0, 0, 0
17500, 403180, 0, 0, 0
17600, 413014, 0, 0, 0
17700, 403350, 0, 0, 0
17800, 397770, 0, 0, 0
17900, 394608, 0, 0, 0
18000, 405933, 0, 0, 0
18100, 392342, 0, 0, 0
18200, 403469, 0, 0, 0
18300, 395916, 0, 0, 0
18400, 404321, 0, 0, 0
18500, 395515, 0, 0, 0
18600, 395958, 0, 0, 0
18700, 398854, 0, 0, 0
18800, 399641, 0, 0, 0
18900, 400017, 0, 0, 0
19000, 406035, 0, 0, 0
19100, 405384, 0, 0, 0
19200, 409475, 0, 0, 0
19300, 405049, 0, 0, 0
19400, 402855, 0, 0, 0
19500, 412088, 0, 0, 0
19600, 401592, 0, 0, 0
19700, 397585, 0, 0, 0
19800, 399484, 0, 0, 0
19900, 399819, 0, 0, 0
20000, 409341, 0, 0, 0
20100, 409089, 0, 0, 0
20200, 399771, 0, 0, 0
20300, 403315, 0, 0, 0
20400, 408916, 0, 0, 0
20500, 403593, 0, 0, 0
20600, 413630, 0, 0, 0
20700, 399765, 0, 0, 0
20800, 399703, 0, 0, 0
20900, 407625, 0, 0, 0
21000, 392802, 0, 0, 0
21100, 398915, 0, 0, 0
21200, 402017, 0, 0, 0
21300, 398872, 0, 0, 0
21400, 411220, 0, 0, 0
21500, 403888, 0, 0, 0
21600, 411288, 0, 0, 0
21700, 406021, 0, 0, 0
21800, 412169, 0, 0, 0
21900, 403452, 0, 0, 0
22000, 412875, 0, 0, 0
22100, 409468, 0, 0, 0
22200, 409233, 0, 0, 0
22300, 422038, 0, 0, 0
22400, 410393, 0, 0, 0
22500, 404074, 0, 0, 0
22600, 407791, 0, 0, 0
22700, 396176, 0, 0, 0
22800, 407681, 0, 0, 0
22900, 406669, 0, 0, 0
23000, 414980, 0, 0, 0
23100, 399411, 0, 0, 0
23200, 403665, 0, 0, 0
23300, 405937, 0, 0, 0
23400, 411423, 0, 0, 0
23500, 399942, 0, 0, 0
23600, 417382, 0, 0, 0
23700, 399805, 0, 0, 0
23800, 402399, 0, 0, 0
23900, 410864, 0, 0, 0
24000, 414552, 0, 0, 0
24100, 412747, 0, 0, 0
24200, 416726, 0, 0, 0
24300, 411582, 0, 0, 0
24400, 408927, 0, 0, 0
24500, 402850, 0, 0, 0
24600, 408286, 0, 0, 0
24700, 407586, 0, 0, 0
24800, 430512, 0, 0, 0
24900, 402456, 0, 0, 0
25000, 405926, 0, 0, 0
25100, 409701, 0, 0, 0
25200, 409174, 0, 0, 0
25300, 410572, 0, 0, 0
25400, 411662, 0, 0, 0
25500, 396851, 0, 0, 0
25600, 411022, 0, 0, 0
25700, 409875, 0, 0, 0
25800, 408262, 0, 0, 0
25900, 404245, 0, 0, 0
26000, 401409, 0, 0, 0
26100, 406949, 0, 0, 0
26200, 413547, 0, 0, 0
26300, 409039, 0, 0, 0
26400, 404062, 0, 0, 0
26500, 421564, 0, 0, 0
26600, 415681, 0, 0, 0
26700, 409210, 0, 0, 0
26800, 416361, 0, 0, 0
26900, 409198, 0, 0, 0
27000, 416395, 0, 0, 0
27100, 415916, 0, 0, 0
27200, 399108, 0, 0, 0
27300, 408493, 0, 0, 0
27400, 415027, 0, 0, 0
27500, 424840, 0, 0, 0
27600, 417310, 0, 0, 0
27700, 414876, 0, 0, 0
27800, 409825, 0, 0, 0
27900, 414858, 0, 0, 0
28000, 407493, 0, 0, 0
28100, 414892, 0, 0, 0
28200, 413831, 0, 0, 0
28300, 421115, 0, 0, 0
28400, 413607, 0, 0, 0
28500, 401730, 0, 0, 0
28600, 406282, 0, 0, 0
28700, 410501, 0, 0, 0
28800, 412847, 0, 0, 0
28900, 415667, 0, 0, 0
29000, 410494, 0, 0, 0
29100, 409724, 0, 0, 0
29200, 402364, 0, 0, 0
29300, 407419, 0, 0, 0
29400, 432354, 0, 0, 0
29500, 417396, 0, 0, 0
29600, 409647, 0, 0, 0
29700, 410794, 0, 0, 0
29800, 418454, 0, 0, 0
29900, 406369, 0, 0, 0
30000, 404076, 0, 0, 0
30100, 420721, 0, 0, 0
30200, 403633, 0, 0, 0
30300, 419723, 0, 0, 0
30400, 417042, 0, 0, 0
30500, 412940, 0, 0, 0
30600, 406939, 0, 0, 0
30700, 414731, 0, 0, 0
30800, 417406, 0, 0, 0
30900, 404642, 0, 0, 0
31000, 420389, 0, 0, 0
31100, 404978, 0, 0, 0
31200, 402012, 0, 0, 0
31300, 409059, 0, 0, 0
31400, 399142, 0, 0, 0
31500, 406989, 0, 0, 0
31600, 394371, 0, 0, 0
31700, 395006, 0, 0, 0
31800, 407646, 0, 0, 0
31900, 387776, 0, 0, 0
32000, 405068, 0, 0, 0
32100, 405055, 0, 0, 0
32200, 401326, 0, 0, 0
32300, 407577, 0, 0, 0
32400, 417930, 0, 0, 0
32500, 405578, 0, 0, 0
32600, 402224, 0, 0, 0
32700, 407468, 0, 0, 0
32800, 419154, 0, 0, 0
32900, 395487, 0, 0, 0
33000, 409391, 0, 0, 0
33100, 401484, 0, 0, 0
33200, 400777, 0, 0, 0
33300, 406877, 0, 0, 0
33400, 396352, 0, 0, 0
33500, 403358, 0, 0, 0
33600, 398217, 0, 0, 0
33700, 403877, 0, 0, 0
33800, 400460, 0, 0, 0
33900, 399552, 0, 0, 0
34000, 398407, 0, 0, 0
34100, 395347, 0, 0, 0
34200, 406442, 0, 0, 0
34300, 398701, 0, 0, 0
34400, 401759, 0, 0, 0
34500, 406734, 0, 0, 0
34600, 400694, 0, 0, 0
34700, 404523, 0, 0, 0
34800, 403668, 0, 0, 0
34900, 405242, 0, 0, 0
35000, 408637, 0, 0, 0
35100, 397452, 0, 0, 0
35200, 402232, 0, 0, 0
35300, 408574, 0, 0, 0
35400, 399279, 0, 0, 0
35500, 412674, 0, 0, 0
35600, 393716, 0, 0, 0
35700, 407712, 0, 0, 0
35800, 403728, 0, 0, 0
35900, 396178, 0, 0, 0
36000, 401556, 0, 0, 0
36100, 391134, 0, 0, 0
36200, 400918, 0, 0, 0
36300, 405296, 0, 0, 0
36400, 397037, 0, 0, 0
36500, 399443, 0, 0, 0
36600, 403649, 0, 0, 0
36700, 404240, 0, 0, 0
36800, 396716, 0, 0, 0
36900, 402420, 0, 0, 0
37000, 398781, 0, 0, 0
37100, 406889, 0, 0, 0
37200, 395724, 0, 0, 0
37300, 412546, 0, 0, 0
37400, 405403, 0, 0, 0
37500, 395216, 0, 0, 0
37600, 411855, 0, 0, 0
37700, 403382, 0, 0, 0
37800, 406482, 0, 0, 0
37900, 410497, 0, 0, 0
38000, 411945, 0, 0, 0
38100, 397445, 0, 0, 0
38200, 404054, 0, 0, 0
38300, 398027, 0, 0, 0
38400, 399317, 0, 0, 0
38500, 401674, 0, 0, 0
38600, 401947, 0, 0, 0
38700, 418625, 0, 0, 0
38800, 402673, 0, 0, 0
38900, 412918, 0, 0, 0
39000, 409893, 0, 0, 0
39100, 407122, 0, 0, 0
39200, 406466, 0, 0, 0
39300, 405922, 0, 0, 0
39400, 399889, 0, 0, 0
39500, 405408, 0, 0, 0
39600, 407169, 0, 0, 0
39700, 398647, 0, 0, 0
39800, 391362, 0, 0, 0
39900, 401627, 0, 0, 0
40000, 402879, 0, 0, 0
40100, 397364, 0, 0, 0
40200, 409257, 0, 0, 0
40300, 404407, 0, 0, 0
40400, 404606, 0, 0, 0
40500, 395411, 0, 0, 0
40600, 401494, 0, 0, 0
40700, 397298, 0, 0, 0
40800, 397467, 0, 0, 0
40900, 401594, 0, 0, 0
41000, 400679, 0, 0, 0
41100, 406894, 0, 0, 0
41200, 403991, 0, 0, 0
41300, 400424, 0, 0, 0
41400, 400517, 0, 0, 0
41500, 408163, 0, 0, 0
41600, 401143, 0, 0, 0
41700, 405101, 0, 0, 0
41800, 388714, 0, 0, 0
41900, 399915, 0, 0, 0
42000, 403250, 0, 0, 0
42100, 404758, 0, 0, 0
42200, 414990, 0, 0, 0
42300, 408660, 0, 0, 0
42400, 401854, 0, 0, 0
42500, 395684, 0, 0, 0
42600, 394245, 0, 0, 0
42700, 404030, 0, 0, 0
42800, 390059, 0, 0, 0
42900, 400384, 0, 0, 0
43000, 417003, 0, 0, 0
43100, 405516, 0, 0, 0
43200, 411618, 0, 0, 0
43300, 402726, 0, 0, 0
43400, 401780, 0, 0, 0
43500, 402565, 0, 0, 0
43600, 398947, 0, 0, 0
43700, 395665, 0, 0, 0
43800, 408267, 0, 0, 0
43900, 405078, 0, 0, 0
44000, 405624, 0, 0, 0
44100, 401116, 0, 0, 0
44200, 405147, 0, 0, 0
44300, 399777, 0, 0, 0
44400, 416892, 0, 0, 0
44500, 401827, 0, 0, 0
44600, 407216, 0, 0, 0
44700, 398745, 0, 0, 0
44800, 402289, 0, 0, 0
44900, 405524, 0, 0, 0
45000, 396878, 0, 0, 0
45100, 408239, 0, 0, 0
45200, 403754, 0, 0, 0
45300, 397814, 0, 0, 0
45400, 401583, 0, 0, 0
45500, 398518, 0, 0, 0
45600, 393654, 0, 0, 0
45700, 398210, 0, 0, 0
45800, 398620, 0, 0, 0
45900, 402757, 0, 0, 0
46000, 408118, 0, 0, 0
46100, 410059, 0, 0, 0
46200, 401312, 0, 0, 0
46300, 396353, 0, 0, 0
46400, 416330, 0, 0, 0
46500, 403465, 0, 0, 0
46600, 402621, 0, 0, 0
46700, 415056, 0, 0, 0
46800, 409405, 0, 0, 0
46900, 389032, 0, 0, 0
47000, 397585, 0, 0, 0
47100, 407076, 0, 0, 0
47200, 402096, 0, 0, 0
47300, 392729, 0, 0, 0
47400, 411968, 0, 0, 0
47500, 397100, 0, 0, 0
47600, 401704, 0, 0, 0
47700, 406442, 0, 0, 0
47800, 407543, 0, 0, 0
47900, 394788, 0, 0, 0
48000, 404252, 0, 0, 0
48100, 403751, 0, 0, 0
48200, 405408, 0, 0, 0
48300, 414542, 0, 0, 0
48400, 398568, 0, 0, 0
48500, 418852, 0, 0, 0
48600, 400273, 0, 0, 0
48700, 398425, 0, 0, 0
48800, 397553, 0, 0, 0
48900, 397916, 0, 0, 0
49000, 401099, 0, 0, 0
49100, 397080, 0, 0, 0
49200, 401213, 0, 0, 0
49300, 413373, 0, 0, 0
49400, 408140, 0, 0, 0
49500, 404982, 0, 0, 0
49600, 407106, 0, 0, 0
49700, 410640, 0, 0, 0
49800, 405970, 0, 0, 0
49900, 405900, 0, 0, 0
50000, 403621, 0, 0, 0
50100, 404279, 0, 0, 0
50200, 399659, 0, 0, 0
50300, 394815, 0, 0, 0
50400, 409898, 0, 0, 0
50500, 399960, 0, 0, 0
50600, 398631, 0, 0, 0
50700, 406607, 0, 0, 0
50800, 404777, 0, 0, 0
50900, 392744, 0, 0, 0
51000, 394858, 0, 0, 0
51100, 401245, 0, 0, 0
51200, 403984, 0, 0, 0
51300, 410220, 0, 0, 0
51400, 410009, 0, 0, 0
51500, 403083, 0, 0, 0
51600, 396434, 0, 0, 0
51700, 404190, 0, 0, 0
51800, 406632, 0, 0, 0
51900, 408926, 0, 0, 0
52000, 412429, 0, 0, 0
52100, 397978, 0, 0, 0
52200, 405609, 0, 0, 0
52300, 411327, 0, 0, 0
52400, 408776, 0, 0, 0
52500, 410416, 0, 0, 0
52600, 414814, 0, 0, 0
52700, 402117, 0, 0, 0
52800, 392582, 0, 0, 0
52900, 408400, 0, 0, 0
53000, 411312, 0, 0, 0
53100, 397836, 0, 0, 0
53200, 400997, 0, 0, 0
53300, 402763, 0, 0, 0
53400, 412235, 0, 0, 0
53500, 417539, 0, 0, 0
53600, 408941, 0, 0, 0
53700, 409512, 0, 0, 0
53800, 409993, 0, 0, 0
53900, 397530, 0, 0, 0
54000, 397284, 0, 0, 0
54100, 405570, 0, 0, 0
54200, 397761, 0, 0, 0
54300, 412562, 0, 0, 0
54400, 409185, 0, 0, 0
54500, 400112, 0, 0, 0
54600, 406306, 0, 0, 0
54700, 405117, 0, 0, 0
54800, 394456, 0, 0, 0
54900, 399551, 0, 0, 0
55000, 406229, 0, 0, 0
55100, 406178, 0, 0, 0
55200, 403644, 0, 0, 0
55300, 401721, 0, 0, 0
55400, 411903, 0, 0, 0
55500, 413781, 0, 0, 0
55600, 400435, 0, 0, 0
55700, 403996, 0, 0, 0
55800, 402445, 0, 0, 0
55900, 413284, 0, 0, 0
56000, 397990, 0, 0, 0
56100, 415199, 0, 0, 0
56200, 393917, 0, 0, 0
56300, 406174, 0, 0, 0
56400, 405299, 0, 0, 0
56500, 400637, 0, 0, 0
56600, 398489, 0, 0, 0
56700, 397829, 0, 0, 0
56800, 399484, 0, 0, 0
56900, 394379, 0, 0, 0
57000, 404279, 0, 0, 0
57100, 401083, 0, 0, 0
57200, 403663, 0, 0, 0
57300, 406136, 0, 0, 0
57400, 395959, 0, 0, 0
57500, 404473, 0, 0, 0
57600, 399064, 0, 0, 0
57700, 414762, 0, 0, 0
57800, 406407, 0, 0, 0
57900, 405899, 0, 0, 0
58000, 408061, 0, 0, 0
58100, 404413, 0, 0, 0
58200, 416447, 0, 0, 0
58300, 404182, 0, 0, 0
58400, 402643, 0, 0, 0
58500, 403802, 0, 0, 0
58600, 410570, 0, 0, 0
58700, 411622, 0, 0, 0
58800, 410548, 0, 0, 0
58900, 404777, 0, 0, 0
59000, 396320, 0, 0, 0
59100, 402254, 0, 0, 0
59200, 406309, 0, 0, 0
59300, 401017, 0, 0, 0
59400, 400432, 0, 0, 0
59500, 402634, 0, 0, 0
59600, 414057, 0, 0, 0
59700, 403898, 0, 0, 0
59800, 402095, 0, 0, 0
59900, 414196, 0, 0, 0
60000, 412248, 0, 0, 0
60100, 401543, 0, 0, 0
60200, 397540, 0, 0, 0
60300, 400688, 0, 0, 0
60400, 411050, 0, 0, 0
60500, 398075, 0, 0, 0
60600, 401173, 0, 0, 0
60700, 400384, 0, 0, 0
60800, 407531, 0, 0, 0
60900, 407896, 0, 0, 0
61000, 392003, 0, 0, 0
61100, 395196, 0, 0, 0
61200, 403700, 0, 0, 0
61300, 399915, 0, 0, 0
61400, 411365, 0, 0, 0
61500, 405551, 0, 0, 0
61600, 402123, 0, 0, 0
61700, 401906, 0, 0, 0
61800, 409197, 0, 0, 0
61900, 397771, 0, 0, 0
62000, 411318, 0, 0, 0
62100, 401838, 0, 0, 0
62200, 401498, 0, 0, 0
62300, 414331, 0, 0, 0
62400, 401530, 0, 0, 0
62500, 415900, 0, 0, 0
62600, 410427, 0, 0, 0
62700, 420845, 0, 0, 0
62800, 441073, 0, 0, 0
62900, 438909, 0, 0, 0
63000, 443680, 0, 0, 0
63100, 454980, 0, 0, 0
63200, 436806, 0, 0, 0
63300, 469861, 0, 0, 0
63400, 438662, 0, 0, 0
63500, 437778, 0, 0, 0
63600, 449517, 0, 0, 0
63700, 437037, 0, 0, 0
63800, 450624, 0, 0, 0
63900, 439366, 0, 0, 0
64000, 439371, 0, 0, 0
64100, 436194, 0, 0, 0
64200, 444406, 0, 0, 0
64300, 429366, 0, 0, 0
64400, 444302, 0, 0, 0
64500, 452403, 0, 0, 0
64600, 451082, 0, 0, 0
64700, 452044, 0, 0, 0
64800, 443233, 0, 0, 0
64900, 444889, 0, 0, 0
65000, 451890, 0, 0, 0
65100, 442289, 0, 0, 0
65200, 442662, 0, 0, 0
65300, 445244, 0, 0, 0
65400, 449152, 0, 0, 0
65500, 435576, 0, 0, 0
65600, 436753, 0, 0, 0
65700, 443740, 0, 0, 0
65800, 436715, 0, 0, 0
65900, 436304, 0, 0, 0
66000, 451833, 0, 0, 0
66100, 436481, 0, 0, 0
66200, 451354, 0, 0, 0
66300, 447823, 0, 0, 0
66400, 445661, 0, 0, 0
66500, 437506, 0, 0, 0
66600, 441977, 0, 0, 0
66700, 442194, 0, 0, 0
66800, 441162, 0, 0, 0
66900, 437907, 0, 0, 0
67000, 431822, 0, 0, 0
67100, 448633, 0, 0, 0
67200, 446494, 0, 0, 0
67300, 435067, 0, 0, 0
67400, 453361, 0, 0, 0
67500, 432916, 0, 0, 0
67600, 429309, 0, 0, 0
67700, 431110, 0, 0, 0
67800, 438620, 0, 0, 0
67900, 442712, 0, 0, 0
68000, 438287, 0, 0, 0
68100, 434365, 0, 0, 0
68200, 425180, 0, 0, 0
68300, 428161, 0, 0, 0
68400, 443088, 0, 0, 0
68500, 443184, 0, 0, 0
68600, 468546, 0, 0, 0
68700, 429649, 0, 0, 0
68800, 436311, 0, 0, 0
68900, 440678, 0, 0, 0
69000, 454225, 0, 0, 0
69100, 434463, 0, 0, 0
69200, 434045, 0, 0, 0
69300, 445929, 0, 0, 0
69400, 442192, 0, 0, 0
69500, 433725, 0, 0, 0
69600, 445093, 0, 0, 0
69700, 435804, 0, 0, 0
69800, 439062, 0, 0, 0
69900, 457486, 0, 0, 0
70000, 448125, 0, 0, 0
70100, 437527, 0, 0, 0
70200, 428083, 0, 0, 0
70300, 434658, 0, 0, 0
70400, 435402, 0, 0, 0
70500, 435429, 0, 0, 0
70600, 432806, 0, 0, 0
70700, 430053, 0, 0, 0
70800, 435357, 0, 0, 0
70900, 437802, 0, 0, 0
71000, 437044, 0, 0, 0
71100, 426539, 0, 0, 0
71200, 441332, 0, 0, 0
71300, 450621, 0, 0, 0
71400, 449295, 0, 0, 0
71500, 435065, 0, 0, 0
71600, 442919, 0, 0, 0
71700, 433486, 0, 0, 0
71800, 443110, 0, 0, 0
71900, 432507, 0, 0, 0
72000, 432617, 0, 0, 0
72100, 435785, 0, 0, 0
72200, 433780, 0, 0, 0
72300, 450913, 0, 0, 0
72400, 434914, 0, 0, 0
72500, 443372, 0, 0, 0
72600, 429079, 0, 0, 0
72700, 439004, 0, 0, 0
72800, 446589, 0, 0, 0
72900, 438252, 0, 0, 0
73000, 435149, 0, 0, 0
73100, 443855, 0, 0, 0
73200, 434687, 0, 0, 0
73300, 436027, 0, 0, 0
73400, 432031, 0, 0, 0
73500, 465739, 0, 0, 0
73600, 431665, 0, 0, 0
73700, 442156, 0, 0, 0
73800, 438362, 0, 0, 0
73900, 426247, 0, 0, 0
74000, 430852, 0, 0, 0
74100, 432383, 0, 0, 0
74200, 454315, 0, 0, 0
74300, 429268, 0, 0, 0
74400, 426809, 0, 0, 0
74500, 441566, 0, 0, 0
74600, 442438, 0, 0, 0
74700, 438027, 0, 0, 0
74800, 439041, 0, 0, 0
74900, 433640, 0, 0, 0
75000, 516554, 0, 0, 0
75100, 478033, 0, 0, 0
75200, 430282, 0, 0, 0
75300, 426987, 0, 0, 0
75400, 424383, 0, 0, 0
75500, 433874, 0, 0, 0
75600, 428416, 0, 0, 0
75700, 440341, 0, 0, 0
75800, 436890, 0, 0, 0
75900, 447461, 0, 0, 0
76000, 433539, 0, 0, 0
76100, 445416, 0, 0, 0
76200, 437276, 0, 0, 0
76300, 442352, 0, 0, 0
76400, 430913, 0, 0, 0
76500, 429643, 0, 0, 0
76600, 482558, 0, 0, 0
76700, 421452, 0, 0, 0
76800, 436464, 0, 0, 0
76900, 439942, 0, 0, 0
77000, 427268, 0, 0, 0
77100, 434308, 0, 0, 0
77200, 434338, 0, 0, 0
77300, 440045, 0, 0, 0
77400, 435707, 0, 0, 0
77500, 457372, 0, 0, 0
77600, 428878, 0, 0, 0
77700, 435716, 0, 0, 0
77800, 458152, 0, 0, 0
77900, 428746, 0, 0, 0
78000, 434162, 0, 0, 0
78100, 445173, 0, 0, 0
78200, 424686, 0, 0, 0
78300, 453725, 0, 0, 0
78400, 433337, 0, 0, 0
78500, 430307, 0, 0, 0
78600, 436473, 0, 0, 0
78700, 442183, 0, 0, 0
78800, 441434, 0, 0, 0
78900, 435004, 0, 0, 0
79000, 436086, 0, 0, 0
79100, 429112, 0, 0, 0
79200, 438431, 0, 0, 0
79300, 486383, 0, 0, 0
79400, 424832, 0, 0, 0
79500, 442236, 0, 0, 0
79600, 429392, 0, 0, 0
79700, 440122, 0, 0, 0
79800, 439498, 0, 0, 0
79900, 432849, 0, 0, 0
80000, 443164, 0, 0, 0
80100, 439154, 0, 0, 0
80200, 452832, 0, 0, 0
80300, 435619, 0, 0, 0
80400, 436058, 0, 0, 0
80500, 441627, 0, 0, 0
80600, 423954, 0, 0, 0
80700, 435055, 0, 0, 0
80800, 425455, 0, 0, 0
80900, 421946, 0, 0, 0
81000, 444829, 0, 0, 0
81100, 430359, 0, 0, 0
81200, 439413, 0, 0, 0
81300, 455049, 0, 0, 0
81400, 441118, 0, 0, 0
81500, 433568, 0, 0, 0
81600, 431852, 0, 0, 0
81700, 426278, 0, 0, 0
81800, 437071, 0, 0, 0
81900, 420052, 0, 0, 0
82000, 434872, 0, 0, 0
82100, 429881, 0, 0, 0
82200, 432371, 0, 0, 0
82300, 434556, 0, 0, 0
82400, 434660, 0, 0, 0
82500, 437702, 0, 0, 0
82600, 435724, 0, 0, 0
82700, 430412, 0, 0, 0
82800, 431462, 0, 0, 0
82900, 425023, 0, 0, 0
83000, 437480, 0, 0, 0
83100, 438006, 0, 0, 0
83200, 438864, 0, 0, 0
83300, 436321, 0, 0, 0
83400, 456872, 0, 0, 0
83500, 444135, 0, 0, 0
83600, 424595, 0, 0, 0
83700, 426433, 0, 0, 0
83800, 435614, 0, 0, 0
83900, 423629, 0, 0, 0
84000, 435500, 0, 0, 0
84100, 426126, 0, 0, 0
84200, 429018, 0, 0, 0
84300, 444971, 0, 0, 0
84400, 434949, 0, 0, 0
84500, 431484, 0, 0, 0
84600, 436715, 0, 0, 0
84700, 442132, 0, 0, 0
84800, 424407, 0, 0, 0
84900, 425780, 0, 0, 0
85000, 448722, 0, 0, 0
85100, 437757, 0, 0, 0
85200, 432428, 0, 0, 0
85300, 437586, 0, 0, 0
85400, 435959, 0, 0, 0
85500, 431280, 0, 0, 0
85600, 439968, 0, 0, 0
85700, 436367, 0, 0, 0
85800, 426468, 0, 0, 0
85900, 440198, 0, 0, 0
86000, 432847, 0, 0, 0
86100, 428066, 0, 0, 0
86200, 430484, 0, 0, 0
86300, 440542, 0, 0, 0
86400, 434477, 0, 0, 0
86500, 445600, 0, 0, 0
86600, 434660, 0, 0, 0
86700, 438151, 0, 0, 0
86800, 427103, 0, 0, 0
86900, 427451, 0, 0, 0
87000, 429880, 0, 0, 0
87100, 440352, 0, 0, 0
87200, 433113, 0, 0, 0
87300, 426607, 0, 0, 0
87400, 433150, 0, 0, 0
87500, 432294, 0, 0, 0
87600, 426857, 0, 0, 0
87700, 438082, 0, 0, 0
87800, 424829, 0, 0, 0
87900, 430291, 0, 0, 0
88000, 419552, 0, 0, 0
88100, 434255, 0, 0, 0
88200, 421525, 0, 0, 0
88300, 420815, 0, 0, 0
88400, 432286, 0, 0, 0
88500, 435740, 0, 0, 0
88600, 432495, 0, 0, 0
88700, 433411, 0, 0, 0
88800, 433876, 0, 0, 0
88900, 432189, 0, 0, 0
89000, 435348, 0, 0, 0
89100, 433658, 0, 0, 0
89200, 432240, 0, 0, 0
89300, 445957, 0, 0, 0
89400, 422915, 0, 0, 0
89500, 427938, 0, 0, 0
89600, 431419, 0, 0, 0
89700, 430774, 0, 0, 0
89800, 430405, 0, 0, 0
89900, 425146, 0, 0, 0
90001, 424339, 0, 0, 0
90007, 12643643, 0, 0, 0
