101, 220035, 1, 0, 0
206, 225239, 1, 0, 0
303, 221361, 1, 0, 0
402, 216950, 1, 0, 0
501, 229137, 1, 0, 0
608, 212745, 1, 0, 0
702, 232984, 1, 0, 0
807, 215387, 1, 0, 0
911, 210760, 1, 0, 0
1006, 199479, 1, 0, 0
1104, 215813, 1, 0, 0
1203, 216153, 1, 0, 0
1300, 217326, 1, 0, 0
1401, 230121, 1, 0, 0
1501, 229603, 1, 0, 0
1602, 221791, 1, 0, 0
1700, 215610, 1, 0, 0
1803, 230660, 1, 0, 0
1902, 216109, 1, 0, 0
2000, 214742, 1, 0, 0
2103, 203752, 1, 0, 0
2200, 226463, 1, 0, 0
2303, 219683, 1, 0, 0
2401, 208592, 1, 0, 0
2500, 226301, 1, 0, 0
2605, 221166, 1, 0, 0
2702, 230376, 1, 0, 0
2807, 217764, 1, 0, 0
2903, 220065, 1, 0, 0
3000, 212733, 1, 0, 0
3102, 230439, 1, 0, 0
3202, 255718, 1, 0, 0
3301, 216158, 1, 0, 0
3412, 224611, 1, 0, 0
3503, 230868, 1, 0, 0
3600, 218515, 1, 0, 0
3709, 236561, 1, 0, 0
3800, 230008, 1, 0, 0
3901, 244364, 1, 0, 0
4007, 215132, 1, 0, 0
4104, 224175, 1, 0, 0
4206, 218449, 1, 0, 0
4306, 224390, 1, 0, 0
4401, 218846, 1, 0, 0
4500, 238015, 1, 0, 0
4601, 223440, 1, 0, 0
4700, 219250, 1, 0, 0
4802, 236574, 1, 0, 0
4900, 216333, 1, 0, 0
5000, 220037, 1, 0, 0
5101, 222052, 1, 0, 0
5201, 235369, 1, 0, 0
5304, 205670, 1, 0, 0
5401, 207432, 1, 0, 0
5501, 231734, 1, 0, 0
5608, 232461, 1, 0, 0
5706, 209315, 1, 0, 0
5802, 219363, 1, 0, 0
5910, 237400, 1, 0, 0
6001, 242795, 1, 0, 0
6100, 224775, 1, 0, 0
6204, 219218, 1, 0, 0
6301, 220332, 1, 0, 0
6400, 208554, 1, 0, 0
6501, 220444, 1, 0, 0
6600, 235469, 1, 0, 0
6708, 211522, 1, 0, 0
6800, 210721, 1, 0, 0
6901, 225553, 1, 0, 0
7001, 227527, 1, 0, 0
7104, 221506, 1, 0, 0
7211, 217859, 1, 0, 0
7305, 237797, 1, 0, 0
7407, 233809, 1, 0, 0
7501, 211393, 1, 0, 0
7602, 220237, 1, 0, 0
7700, 223287, 1, 0, 0
7811, 206501, 1, 0, 0
7903, 237374, 1, 0, 0
8000, 209372, 1, 0, 0
8100, 201367, 1, 0, 0
8204, 226562, 1, 0, 0
8301, 216621, 1, 0, 0
8404, 210518, 1, 0, 0
8500, 222102, 1, 0, 0
8611, 214935, 1, 0, 0
8701, 212539, 1, 0, 0
8810, 224144, 1, 0, 0
8906, 231316, 1, 0, 0
9002, 199337, 1, 0, 0
9104, 209813, 1, 0, 0
9204, 220886, 1, 0, 0
9303, 213060, 1, 0, 0
9410, 207070, 1, 0, 0
9500, 213019, 1, 0, 0
9609, 219155, 1, 0, 0
9705, 214533, 1, 0, 0
9801, 200809, 1, 0, 0
9906, 214964, 1, 0, 0
10002, 212432, 1, 0, 0
10102, 209467, 1, 0, 0
10207, 200120, 1, 0, 0
10306, 221758, 1, 0, 0
10404, 196696, 1, 0, 0
10505, 217108, 1, 0, 0
10604, 221464, 1, 0, 0
10702, 202419, 1, 0, 0
10800, 203536, 1, 0, 0
10903, 222715, 1, 0, 0
11002, 216343, 1, 0, 0
11101, 223209, 1, 0, 0
11205, 221289, 1, 0, 0
11300, 215699, 1, 0, 0
11402, 218163, 1, 0, 0
11507, 228837, 1, 0, 0
11600, 219826, 1, 0, 0
11700, 206458, 1, 0, 0
11803, 223706, 1, 0, 0
11906, 215653, 1, 0, 0
12002, 240847, 1, 0, 0
12101, 238938, 1, 0, 0
12200, 230405, 1, 0, 0
12300, 212204, 1, 0, 0
12402, 206115, 1, 0, 0
12501, 225216, 1, 0, 0
12606, 207346, 1, 0, 0
12701, 205184, 1, 0, 0
12804, 234923, 1, 0, 0
12906, 218642, 1, 0, 0
13004, 210966, 1, 0, 0
13103, 225253, 1, 0, 0
13203, 208804, 1, 0, 0
13300, 223097, 1, 0, 0
13408, 232855, 1, 0, 0
13500, 208756, 1, 0, 0
13600, 215697, 1, 0, 0
13701, 216811, 1, 0, 0
13801, 211824, 1, 0, 0
13903, 229805, 1, 0, 0
14001, 228249, 1, 0, 0
14100, 219812, 1, 0, 0
14203, 221605, 1, 0, 0
14308, 215463, 1, 0, 0
14401, 219351, 1, 0, 0
14500, 222777, 1, 0, 0
14600, 221497, 1, 0, 0
14702, 225625, 1, 0, 0
14800, 216182, 1, 0, 0
14902, 203321, 1, 0, 0
15001, 219778, 1, 0, 0
15102, 223362, 1, 0, 0
15200, 209490, 1, 0, 0
15303, 209817, 1, 0, 0
15404, 226147, 1, 0, 0
15501, 224653, 1, 0, 0
15602, 240431, 1, 0, 0
15702, 221567, 1, 0, 0
15812, 228630, 1, 0, 0
15900, 232135, 1, 0, 0
16001, 222367, 1, 0, 0
16103, 230629, 1, 0, 0
16202, 231388, 1, 0, 0
16300, 211101, 1, 0, 0
16404, 214918, 1, 0, 0
16503, 206818, 1, 0, 0
16607, 208380, 1, 0, 0
16702, 204916, 1, 0, 0
16802, 214289, 1, 0, 0
16900, 213130, 1, 0, 0
17006, 210807, 1, 0, 0
17100, 227662, 1, 0, 0
17205, 205364, 1, 0, 0
17302, 210151, 1, 0, 0
17403, 218661, 1, 0, 0
17505, 214874, 1, 0, 0
17604, 220718, 1, 0, 0
17700, 214711, 1, 0, 0
17802, 222995, 1, 0, 0
17900, 225105, 1, 0, 0
18005, 232656, 1, 0, 0
18102, 213728, 1, 0, 0
18201, 194534, 1, 0, 0
18307, 212713, 1, 0, 0
18401, 215536, 1, 0, 0
18501, 227209, 1, 0, 0
18603, 222767, 1, 0, 0
18701, 216916, 1, 0, 0
18801, 201845, 1, 0, 0
18901, 229487, 1, 0, 0
19001, 209021, 1, 0, 0
19100, 227108, 1, 0, 0
19210, 226368, 1, 0, 0
19302, 243079, 1, 0, 0
19400, 209430, 1, 0, 0
19510, 218514, 1, 0, 0
19600, 211032, 1, 0, 0
19700, 213396, 1, 0, 0
19806, 212941, 1, 0, 0
19900, 221481, 1, 0, 0
20001, 216243, 1, 0, 0
20100, 213839, 1, 0, 0
20201, 208717, 1, 0, 0
20303, 222558, 1, 0, 0
20403, 219233, 1, 0, 0
20500, 245811, 1, 0, 0
20605, 213044, 1, 0, 0
20735, 202204, 1, 0, 0
20803, 213066, 1, 0, 0
20900, 227061, 1, 0, 0
21015, 239518, 1, 0, 0
21100, 218559, 1, 0, 0
21202, 220832, 1, 0, 0
21305, 225560, 1, 0, 0
21402, 210768, 1, 0, 0
21502, 230256, 1, 0, 0
21600, 239905, 1, 0, 0
21700, 210813, 1, 0, 0
21803, 213815, 1, 0, 0
21903, 226119, 1, 0, 0
22002, 215353, 1, 0, 0
22102, 202540, 1, 0, 0
22207, 202116, 1, 0, 0
22301, 206795, 1, 0, 0
22403, 215986, 1, 0, 0
22508, 217951, 1, 0, 0
22600, 219938, 1, 0, 0
22703, 204872, 1, 0, 0
22800, 205881, 1, 0, 0
22903, 216170, 1, 0, 0
23013, 207294, 1, 0, 0
23100, 208055, 1, 0, 0
23200, 220757, 1, 0, 0
23302, 216594, 1, 0, 0
23400, 218853, 1, 0, 0
23503, 215732, 1, 0, 0
23600, 212843, 1, 0, 0
23700, 221174, 1, 0, 0
23807, 218533, 1, 0, 0
23902, 213356, 1, 0, 0
24000, 210738, 1, 0, 0
24104, 232331, 1, 0, 0
24200, 233193, 1, 0, 0
24307, 224280, 1, 0, 0
24401, 211285, 1, 0, 0
24513, 221636, 1, 0, 0
24605, 214664, 1, 0, 0
24705, 212107, 1, 0, 0
24805, 224000, 1, 0, 0
24900, 213795, 1, 0, 0
25000, 228310, 1, 0, 0
25106, 214238, 1, 0, 0
25205, 220604, 1, 0, 0
25305, 218496, 1, 0, 0
25400, 222537, 1, 0, 0
25509, 223592, 1, 0, 0
25607, 219028, 1, 0, 0
25705, 218122, 1, 0, 0
25800, 207927, 1, 0, 0
25900, 218961, 1, 0, 0
26006, 212998, 1, 0, 0
26109, 217298, 1, 0, 0
26200, 213875, 1, 0, 0
26301, 232335, 1, 0, 0
26400, 221953, 1, 0, 0
26504, 216481, 1, 0, 0
26606, 193315, 1, 0, 0
26704, 196506, 1, 0, 0
26809, 209540, 1, 0, 0
26904, 203884, 1, 0, 0
27001, 226971, 1, 0, 0
27103, 229506, 1, 0, 0
27201, 229630, 1, 0, 0
27302, 216931, 1, 0, 0
27400, 214215, 1, 0, 0
27500, 220107, 1, 0, 0
27604, 223426, 1, 0, 0
27703, 219207, 1, 0, 0
27801, 223228, 1, 0, 0
27900, 223672, 1, 0, 0
28005, 241677, 1, 0, 0
28102, 238117, 1, 0, 0
28205, 216039, 1, 0, 0
28302, 196234, 1, 0, 0
28404, 234934, 1, 0, 0
28506, 248710, 1, 0, 0
28601, 244840, 1, 0, 0
28704, 252898, 1, 0, 0
28801, 264418, 1, 0, 0
28900, 248863, 1, 0, 0
29005, 251877, 1, 0, 0
29100, 246442, 1, 0, 0
29202, 254306, 1, 0, 0
29303, 243609, 1, 0, 0
29400, 225770, 1, 0, 0
29502, 200109, 1, 0, 0
29603, 235791, 1, 0, 0
29700, 227722, 1, 0, 0
29806, 239144, 1, 0, 0
29903, 237297, 1, 0, 0
30000, 235276, 1, 0, 0
30103, 264038, 1, 0, 0
30200, 263593, 1, 0, 0
30305, 227026, 1, 0, 0
30400, 236343, 1, 0, 0
30500, 223104, 1, 0, 0
30600, 231420, 1, 0, 0
30705, 234413, 1, 0, 0
30803, 251097, 1, 0, 0
30902, 229866, 1, 0, 0
31001, 232631, 1, 0, 0
31100, 237177, 1, 0, 0
31205, 238838, 1, 0, 0
31300, 227623, 1, 0, 0
31402, 234263, 1, 0, 0
31502, 225439, 1, 0, 0
31600, 238659, 1, 0, 0
31703, 243679, 1, 0, 0
31800, 214450, 1, 0, 0
31921, 217167, 1, 0, 0
32005, 236387, 1, 0, 0
32105, 252819, 1, 0, 0
32200, 230093, 1, 0, 0
32302, 274356, 1, 0, 0
32409, 235238, 1, 0, 0
32504, 234106, 1, 0, 0
32604, 230545, 1, 0, 0
32702, 225754, 1, 0, 0
32804, 223017, 1, 0, 0
32901, 214749, 1, 0, 0
33000, 221025, 1, 0, 0
33100, 228361, 1, 0, 0
33212, 231225, 1, 0, 0
33303, 223169, 1, 0, 0
33401, 216715, 1, 0, 0
33500, 229965, 1, 0, 0
33600, 216746, 1, 0, 0
33708, 220250, 1, 0, 0
33800, 204884, 1, 0, 0
33903, 204149, 1, 0, 0
34003, 195598, 1, 0, 0
34104, 226102, 1, 0, 0
34203, 205788, 1, 0, 0
34303, 190680, 1, 0, 0
34402, 209904, 1, 0, 0
34500, 219566, 1, 0, 0
34600, 196216, 1, 0, 0
34702, 208260, 1, 0, 0
34808, 194560, 1, 0, 0
34907, 221976, 1, 0, 0
35001, 214156, 1, 0, 0
35105, 201548, 1, 0, 0
35200, 216838, 1, 0, 0
35303, 217814, 1, 0, 0
35400, 202962, 1, 0, 0
35505, 199085, 1, 0, 0
35600, 243690, 1, 0, 0
35701, 237660, 1, 0, 0
35801, 234280, 1, 0, 0
35902, 206193, 1, 0, 0
36006, 198986, 1, 0, 0
36109, 211809, 1, 0, 0
36206, 213771, 1, 0, 0
36301, 222397, 1, 0, 0
36406, 249444, 1, 0, 0
36501, 241451, 1, 0, 0
36602, 235126, 1, 0, 0
36700, 213474, 1, 0, 0
36805, 217924, 1, 0, 0
36905, 217495, 1, 0, 0
37004, 206692, 1, 0, 0
37102, 209456, 1, 0, 0
37207, 221440, 1, 0, 0
37303, 207087, 1, 0, 0
37409, 207212, 1, 0, 0
37501, 206278, 1, 0, 0
37600, 203617, 1, 0, 0
37706, 210128, 1, 0, 0
37804, 206725, 1, 0, 0
37908, 239330, 1, 0, 0
38006, 233286, 1, 0, 0
38100, 210410, 1, 0, 0
38204, 216771, 1, 0, 0
38309, 218473, 1, 0, 0
38406, 205583, 1, 0, 0
38515, 215043, 1, 0, 0
38616, 235764, 1, 0, 0
38703, 224871, 1, 0, 0
38802, 222729, 1, 0, 0
38909, 227887, 1, 0, 0
39006, 224926, 1, 0, 0
39102, 245173, 1, 0, 0
39200, 249355, 1, 0, 0
39307, 238434, 1, 0, 0
39402, 250387, 1, 0, 0
39505, 214613, 1, 0, 0
39604, 231256, 1, 0, 0
39710, 208618, 1, 0, 0
39803, 213203, 1, 0, 0
39902, 220018, 1, 0, 0
40001, 225094, 1, 0, 0
40103, 222393, 1, 0, 0
40202, 223637, 1, 0, 0
40316, 239642, 1, 0, 0
40404, 210801, 1, 0, 0
40501, 217031, 1, 0, 0
40600, 213917, 1, 0, 0
40703, 207268, 1, 0, 0
40810, 212839, 1, 0, 0
40900, 219004, 1, 0, 0
41002, 218603, 1, 0, 0
41100, 216314, 1, 0, 0
41205, 216761, 1, 0, 0
41306, 219113, 1, 0, 0
41402, 215485, 1, 0, 0
41502, 215116, 1, 0, 0
41602, 230765, 1, 0, 0
41705, 224737, 1, 0, 0
41800, 222807, 1, 0, 0
41900, 210809, 1, 0, 0
42000, 203881, 1, 0, 0
42101, 200547, 1, 0, 0
42212, 209213, 1, 0, 0
42301, 192152, 1, 0, 0
42406, 201868, 1, 0, 0
42502, 192897, 1, 0, 0
42600, 211482, 1, 0, 0
42701, 190271, 1, 0, 0
42802, 231977, 1, 0, 0
42900, 218460, 1, 0, 0
43000, 201569, 1, 0, 0
43100, 202433, 1, 0, 0
43205, 194547, 1, 0, 0
43303, 204993, 1, 0, 0
43400, 208308, 1, 0, 0
43502, 203724, 1, 0, 0
43602, 203668, 1, 0, 0
43706, 197011, 1, 0, 0
43801, 204761, 1, 0, 0
43900, 213334, 1, 0, 0
44004, 203614, 1, 0, 0
44103, 209354, 1, 0, 0
44201, 205644, 1, 0, 0
44300, 216687, 1, 0, 0
44404, 220566, 1, 0, 0
44500, 226217, 1, 0, 0
44601, 212821, 1, 0, 0
44703, 241039, 1, 0, 0
44803, 226376, 1, 0, 0
44900, 228047, 1, 0, 0
45006, 236252, 1, 0, 0
45101, 227162, 1, 0, 0
45205, 221050, 1, 0, 0
45303, 229882, 1, 0, 0
45400, 230852, 1, 0, 0
45503, 220461, 1, 0, 0
45600, 225904, 1, 0, 0
45702, 229072, 1, 0, 0
45801, 230102, 1, 0, 0
45905, 223341, 1, 0, 0
46004, 211237, 1, 0, 0
46101, 202906, 1, 0, 0
46211, 190563, 1, 0, 0
46301, 192499, 1, 0, 0
46400, 220766, 1, 0, 0
46501, 206065, 1, 0, 0
46607, 186804, 1, 0, 0
46701, 186829, 1, 0, 0
46806, 202517, 1, 0, 0
46905, 192331, 1, 0, 0
47001, 205443, 1, 0, 0
47100, 193646, 1, 0, 0
47207, 191914, 1, 0, 0
47306, 182758, 1, 0, 0
47403, 199857, 1, 0, 0
47514, 211536, 1, 0, 0
47601, 197524, 1, 0, 0
47700, 202433, 1, 0, 0
47812, 191423, 1, 0, 0
47900, 192779, 1, 0, 0
48005, 188584, 1, 0, 0
48106, 194068, 1, 0, 0
48202, 184041, 1, 0, 0
48303, 202001, 1, 0, 0
48407, 192840, 1, 0, 0
48510, 190849, 1, 0, 0
48600, 185678, 1, 0, 0
48701, 198909, 1, 0, 0
48800, 209959, 1, 0, 0
48902, 196502, 1, 0, 0
49001, 195523, 1, 0, 0
49105, 216687, 1, 0, 0
49201, 195148, 1, 0, 0
49309, 227613, 1, 0, 0
49400, 236289, 1, 0, 0
49502, 216091, 1, 0, 0
49601, 202239, 1, 0, 0
49706, 189179, 1, 0, 0
49800, 198586, 1, 0, 0
49902, 184614, 1, 0, 0
50000, 194023, 1, 0, 0
50103, 201855, 1, 0, 0
50206, 202661, 1, 0, 0
50304, 241831, 1, 0, 0
50402, 197710, 1, 0, 0
50502, 198876, 1, 0, 0
50602, 190321, 1, 0, 0
50700, 207549, 1, 0, 0
50808, 208003, 1, 0, 0
50900, 198460, 1, 0, 0
51000, 193379, 1, 0, 0
51104, 194759, 1, 0, 0
51200, 240950, 1, 0, 0
51300, 248689, 1, 0, 0
51405, 233254, 1, 0, 0
51502, 194595, 1, 0, 0
51607, 204179, 1, 0, 0
51705, 193568, 1, 0, 0
51800, 194531, 1, 0, 0
51900, 195654, 1, 0, 0
52000, 198299, 1, 0, 0
52111, 206768, 1, 0, 0
52202, 184078, 1, 0, 0
52303, 215444, 1, 0, 0
52402, 245812, 1, 0, 0
52500, 240665, 1, 0, 0
52601, 248700, 1, 0, 0
52703, 257728, 1, 0, 0
52802, 235711, 1, 0, 0
52902, 233788, 1, 0, 0
53011, 211568, 1, 0, 0
53108, 200056, 1, 0, 0
53202, 203628, 1, 0, 0
53300, 219097, 1, 0, 0
53403, 206278, 1, 0, 0
53504, 203806, 1, 0, 0
53605, 207740, 1, 0, 0
53700, 211253, 1, 0, 0
53805, 219175, 1, 0, 0
53900, 203181, 1, 0, 0
54000, 216450, 1, 0, 0
54102, 203605, 1, 0, 0
54211, 228138, 1, 0, 0
54302, 216744, 1, 0, 0
54401, 201856, 1, 0, 0
54500, 205430, 1, 0, 0
54601, 206276, 1, 0, 0
54701, 202219, 1, 0, 0
54801, 205205, 1, 0, 0
54903, 197233, 1, 0, 0
55001, 207004, 1, 0, 0
55100, 207097, 1, 0, 0
55201, 207990, 1, 0, 0
55300, 218070, 1, 0, 0
55402, 211536, 1, 0, 0
55508, 231820, 1, 0, 0
55610, 232919, 1, 0, 0
55711, 220206, 1, 0, 0
55800, 231798, 1, 0, 0
55902, 234748, 1, 0, 0
56004, 224126, 1, 0, 0
56100, 234350, 1, 0, 0
56205, 218398, 1, 0, 0
56301, 212245, 1, 0, 0
56400, 239568, 1, 0, 0
56500, 221942, 1, 0, 0
56606, 223072, 1, 0, 0
56708, 210295, 1, 0, 0
56801, 221660, 1, 0, 0
56902, 208284, 1, 0, 0
57009, 212127, 1, 0, 0
57110, 220104, 1, 0, 0
57201, 221980, 1, 0, 0
57301, 212214, 1, 0, 0
57402, 237659, 1, 0, 0
57500, 243734, 1, 0, 0
57602, 236565, 1, 0, 0
57706, 237271, 1, 0, 0
57801, 204777, 1, 0, 0
57906, 230265, 1, 0, 0
58000, 203277, 1, 0, 0
58105, 219126, 1, 0, 0
58204, 202619, 1, 0, 0
58310, 227447, 1, 0, 0
58402, 199997, 1, 0, 0
58502, 196374, 1, 0, 0
58602, 217477, 1, 0, 0
58707, 203937, 1, 0, 0
58804, 244516, 1, 0, 0
58912, 220582, 1, 0, 0
59010, 197690, 1, 0, 0
59102, 195815, 1, 0, 0
59206, 214066, 1, 0, 0
59303, 222599, 1, 0, 0
59404, 223828, 1, 0, 0
59500, 215587, 1, 0, 0
59600, 225782, 1, 0, 0
59709, 233316, 1, 0, 0
59808, 224355, 1, 0, 0
59910, 216212, 1, 0, 0
60001, 216435, 1, 0, 0
60101, 220796, 1, 0, 0
60207, 202302, 1, 0, 0
60302, 207319, 1, 0, 0
60407, 201427, 1, 0, 0
60501, 214276, 1, 0, 0
60601, 201077, 1, 0, 0
60711, 205586, 1, 0, 0
60806, 200404, 1, 0, 0
60907, 216072, 1, 0, 0
61000, 219162, 1, 0, 0
61102, 218109, 1, 0, 0
61200, 205294, 1, 0, 0
61327, 204980, 1, 0, 0
61403, 204321, 1, 0, 0
61502, 210373, 1, 0, 0
61605, 224522, 1, 0, 0
61700, 209073, 1, 0, 0
61810, 219582, 1, 0, 0
61904, 220961, 1, 0, 0
62002, 203322, 1, 0, 0
62106, 224224, 1, 0, 0
62208, 210802, 1, 0, 0
62305, 207420, 1, 0, 0
62400, 219184, 1, 0, 0
62503, 196338, 1, 0, 0
62601, 199353, 1, 0, 0
62706, 215048, 1, 0, 0
62800, 213490, 1, 0, 0
62900, 200577, 1, 0, 0
63004, 205213, 1, 0, 0
63106, 220741, 1, 0, 0
63207, 232423, 1, 0, 0
63310, 216610, 1, 0, 0
63400, 221330, 1, 0, 0
63500, 225869, 1, 0, 0
63610, 231162, 1, 0, 0
63702, 240890, 1, 0, 0
63802, 234307, 1, 0, 0
63901, 232057, 1, 0, 0
64000, 207095, 1, 0, 0
64101, 209602, 1, 0, 0
64200, 216145, 1, 0, 0
64302, 199775, 1, 0, 0
64406, 232219, 1, 0, 0
64501, 236108, 1, 0, 0
64600, 254349, 1, 0, 0
64703, 253401, 1, 0, 0
64800, 228947, 1, 0, 0
64919, 222514, 1, 0, 0
65009, 221964, 1, 0, 0
65101, 229119, 1, 0, 0
65200, 239446, 1, 0, 0
65306, 208912, 1, 0, 0
65404, 231749, 1, 0, 0
65503, 239028, 1, 0, 0
65624, 227892, 1, 0, 0
65700, 224230, 1, 0, 0
65802, 217498, 1, 0, 0
65900, 226448, 1, 0, 0
66002, 228810, 1, 0, 0
66104, 228726, 1, 0, 0
66207, 223886, 1, 0, 0
66306, 220078, 1, 0, 0
66404, 226397, 1, 0, 0
66501, 216235, 1, 0, 0
66600, 226380, 1, 0, 0
66700, 228033, 1, 0, 0
66804, 218628, 1, 0, 0
66902, 221273, 1, 0, 0
67000, 244812, 1, 0, 0
67103, 216647, 1, 0, 0
67200, 222315, 1, 0, 0
67300, 222241, 1, 0, 0
67402, 219180, 1, 0, 0
67501, 215599, 1, 0, 0
67602, 229103, 1, 0, 0
67700, 224452, 1, 0, 0
67805, 222841, 1, 0, 0
67900, 205732, 1, 0, 0
68000, 214106, 1, 0, 0
68101, 225271, 1, 0, 0
68203, 223337, 1, 0, 0
68302, 228385, 1, 0, 0
68400, 222818, 1, 0, 0
68501, 211016, 1, 0, 0
68600, 207885, 1, 0, 0
68705, 215173, 1, 0, 0
68801, 208225, 1, 0, 0
68901, 208069, 1, 0, 0
69000, 198672, 1, 0, 0
69100, 194183, 1, 0, 0
69200, 189445, 1, 0, 0
69301, 192838, 1, 0, 0
69404, 197576, 1, 0, 0
69504, 197754, 1, 0, 0
69610, 187307, 1, 0, 0
69700, 188230, 1, 0, 0
69800, 189726, 1, 0, 0
69900, 185963, 1, 0, 0
70004, 209942, 1, 0, 0
70103, 190359, 1, 0, 0
70200, 194789, 1, 0, 0
70303, 198137, 1, 0, 0
70406, 231202, 1, 0, 0
70501, 239670, 1, 0, 0
70602, 234595, 1, 0, 0
70707, 229945, 1, 0, 0
70806, 247065, 1, 0, 0
70902, 230089, 1, 0, 0
71008, 252752, 1, 0, 0
71105, 231508, 1, 0, 0
71202, 230202, 1, 0, 0
71301, 234071, 1, 0, 0
71402, 219573, 1, 0, 0
71505, 235136, 1, 0, 0
71602, 240196, 1, 0, 0
71701, 227579, 1, 0, 0
71802, 252908, 1, 0, 0
71900, 245261, 1, 0, 0
72002, 217914, 1, 0, 0
72101, 255780, 1, 0, 0
72200, 256179, 1, 0, 0
72300, 233727, 1, 0, 0
72409, 252461, 1, 0, 0
72502, 246671, 1, 0, 0
72607, 260899, 1, 0, 0
72702, 268721, 1, 0, 0
72804, 233485, 1, 0, 0
72909, 230130, 1, 0, 0
73001, 251201, 1, 0, 0
73101, 241356, 1, 0, 0
73200, 245003, 1, 0, 0
73301, 221814, 1, 0, 0
73400, 246944, 1, 0, 0
73500, 243120, 1, 0, 0
73603, 231599, 1, 0, 0
73709, 238438, 1, 0, 0
73807, 237781, 1, 0, 0
73902, 222736, 1, 0, 0
74003, 239564, 1, 0, 0
74101, 226248, 1, 0, 0
74200, 238603, 1, 0, 0
74302, 243956, 1, 0, 0
74408, 251271, 1, 0, 0
74500, 233775, 1, 0, 0
74603, 249460, 1, 0, 0
74700, 257505, 1, 0, 0
74812, 230158, 1, 0, 0
74902, 230873, 1, 0, 0
75002, 238754, 1, 0, 0
75100, 247283, 1, 0, 0
75205, 234359, 1, 0, 0
75300, 239187, 1, 0, 0
75402, 227286, 1, 0, 0
75509, 216052, 1, 0, 0
75600, 221131, 1, 0, 0
75702, 232537, 1, 0, 0
75808, 204031, 1, 0, 0
75907, 209688, 1, 0, 0
76003, 203372, 1, 0, 0
76101, 211277, 1, 0, 0
76204, 203455, 1, 0, 0
76301, 198184, 1, 0, 0
76404, 216051, 1, 0, 0
76502, 224619, 1, 0, 0
76601, 219673, 1, 0, 0
76704, 222068, 1, 0, 0
76806, 222233, 1, 0, 0
76901, 230155, 1, 0, 0
77002, 219877, 1, 0, 0
77102, 244080, 1, 0, 0
77205, 240427, 1, 0, 0
77312, 214695, 1, 0, 0
77401, 229523, 1, 0, 0
77504, 223811, 1, 0, 0
77603, 235145, 1, 0, 0
77703, 211186, 1, 0, 0
77800, 240576, 1, 0, 0
77909, 227262, 1, 0, 0
78010, 239631, 1, 0, 0
78100, 213334, 1, 0, 0
78200, 217193, 1, 0, 0
78307, 213151, 1, 0, 0
78400, 199081, 1, 0, 0
78501, 206128, 1, 0, 0
78602, 205790, 1, 0, 0
78700, 208710, 1, 0, 0
78801, 210841, 1, 0, 0
78904, 201314, 1, 0, 0
79000, 201151, 1, 0, 0
79104, 205041, 1, 0, 0
79200, 236603, 1, 0, 0
79308, 228483, 1, 0, 0
79401, 222552, 1, 0, 0
79503, 234958, 1, 0, 0
79605, 236447, 1, 0, 0
79700, 228922, 1, 0, 0
79805, 209573, 1, 0, 0
79902, 213202, 1, 0, 0
80001, 214014, 1, 0, 0
80101, 201263, 1, 0, 0
80208, 234291, 1, 0, 0
80302, 223724, 1, 0, 0
80401, 228635, 1, 0, 0
80500, 233017, 1, 0, 0
80608, 222191, 1, 0, 0
80700, 207129, 1, 0, 0
80805, 207477, 1, 0, 0
80908, 223131, 1, 0, 0
81005, 211820, 1, 0, 0
81104, 235600, 1, 0, 0
81206, 218226, 1, 0, 0
81303, 211636, 1, 0, 0
81406, 206532, 1, 0, 0
81502, 222117, 1, 0, 0
81603, 207915, 1, 0, 0
81703, 231719, 1, 0, 0
81805, 224627, 1, 0, 0
81901, 230758, 1, 0, 0
82001, 213931, 1, 0, 0
82103, 216365, 1, 0, 0
82205, 208790, 1, 0, 0
82309, 227404, 1, 0, 0
82401, 202151, 1, 0, 0
82504, 206054, 1, 0, 0
82604, 202478, 1, 0, 0
82705, 223599, 1, 0, 0
82802, 207720, 1, 0, 0
82902, 214162, 1, 0, 0
83005, 199063, 1, 0, 0
83106, 217061, 1, 0, 0
83202, 210176, 1, 0, 0
83302, 227748, 1, 0, 0
83408, 211756, 1, 0, 0
83501, 242869, 1, 0, 0
83611, 216627, 1, 0, 0
83700, 222642, 1, 0, 0
83801, 227515, 1, 0, 0
83900, 231390, 1, 0, 0
84000, 234391, 1, 0, 0
84100, 230023, 1, 0, 0
84204, 226347, 1, 0, 0
84303, 238266, 1, 0, 0
84401, 242772, 1, 0, 0
84504, 224664, 1, 0, 0
84603, 209085, 1, 0, 0
84701, 209528, 1, 0, 0
84806, 219099, 1, 0, 0
84904, 216222, 1, 0, 0
85000, 219320, 1, 0, 0
85106, 217997, 1, 0, 0
85201, 225600, 1, 0, 0
85305, 223657, 1, 0, 0
85400, 236308, 1, 0, 0
85500, 206534, 1, 0, 0
85606, 228385, 1, 0, 0
85700, 228330, 1, 0, 0
85801, 224203, 1, 0, 0
85903, 223613, 1, 0, 0
86005, 205455, 1, 0, 0
86103, 215346, 1, 0, 0
86203, 226531, 1, 0, 0
86304, 213158, 1, 0, 0
86401, 229610, 1, 0, 0
86507, 227476, 1, 0, 0
86608, 209681, 1, 0, 0
86707, 226659, 1, 0, 0
86800, 224995, 1, 0, 0
86912, 243912, 1, 0, 0
87006, 220441, 1, 0, 0
87102, 219574, 1, 0, 0
87200, 225254, 1, 0, 0
87303, 222830, 1, 0, 0
87409, 226335, 1, 0, 0
87502, 224682, 1, 0, 0
87604, 208404, 1, 0, 0
87705, 229787, 1, 0, 0
87807, 207394, 1, 0, 0
87901, 209299, 1, 0, 0
88000, 238682, 1, 0, 0
88107, 212218, 1, 0, 0
88207, 219370, 1, 0, 0
88307, 211281, 1, 0, 0
88403, 219157, 1, 0, 0
88509, 199365, 1, 0, 0
88602, 195491, 1, 0, 0
88700, 201402, 1, 0, 0
88802, 229966, 1, 0, 0
88904, 211408, 1, 0, 0
89000, 215681, 1, 0, 0
89102, 204705, 1, 0, 0
89201, 198574, 1, 0, 0
89303, 196701, 1, 0, 0
89400, 200132, 1, 0, 0
89500, 193463, 1, 0, 0
89601, 203526, 1, 0, 0
89701, 200805, 1, 0, 0
89807, 199097, 1, 0, 0
89903, 199318, 1, 0, 0
90010, 227923, 1, 0, 0
