250, 264192, 0, 0, 0
350, 384000, 0, 0, 0
450, 153600, 0, 0, 0
550, 291840, 0, 0, 0
650, 230400, 0, 0, 0
750, 341333, 0, 0, 0
850, 215040, 0, 0, 0
950, 261120, 0, 0, 0
1050, 291840, 0, 0, 0
1150, 215040, 0, 0, 0
1249, 263757, 0, 0, 0
1349, 307200, 0, 0, 0
1449, 291840, 0, 0, 0
1549, 291840, 0, 0, 0
1649, 322560, 0, 0, 0
1750, 215040, 0, 0, 0
1850, 215040, 0, 0, 0
1950, 307200, 0, 0, 0
2050, 261120, 0, 0, 0
2150, 107520, 0, 0, 0
2249, 294787, 0, 0, 0
2349, 276480, 0, 0, 0
2449, 245760, 0, 0, 0
2549, 230400, 0, 0, 0
2649, 276480, 0, 0, 0
2749, 245760, 0, 0, 0
2849, 199680, 0, 0, 0
2950, 230400, 0, 0, 0
3050, 276480, 0, 0, 0
3150, 215040, 0, 0, 0
3249, 372363, 0, 0, 0
3349, 291840, 0, 0, 0
3449, 276480, 0, 0, 0
3549, 337920, 0, 0, 0
3649, 230400, 0, 0, 0
3749, 245760, 0, 0, 0
3849, 276480, 0, 0, 0
3949, 261120, 0, 0, 0
4050, 291840, 0, 0, 0
4150, 261120, 0, 0, 0
4249, 217212, 0, 0, 0
4349, 245760, 0, 0, 0
4449, 245760, 0, 0, 0
4549, 261120, 0, 0, 0
4649, 215040, 0, 0, 0
4749, 138240, 0, 0, 0
4849, 261120, 0, 0, 0
4949, 215040, 0, 0, 0
5049, 245760, 0, 0, 0
5149, 245760, 0, 0, 0
5250, 307200, 0, 0, 0
5350, 261120, 0, 0, 0
5450, 399360, 0, 0, 0
5550, 230400, 0, 0, 0
5650, 322560, 0, 0, 0
5749, 248242, 0, 0, 0
5849, 168960, 0, 0, 0
5949, 353280, 0, 0, 0
6049, 291840, 0, 0, 0
6149, 261120, 0, 0, 0
6250, 199680, 0, 0, 0
6350, 261120, 0, 0, 0
6450, 384000, 0, 0, 0
6550, 322560, 0, 0, 0
6650, 230400, 0, 0, 0
6749, 294787, 0, 0, 0
6849, 168960, 0, 0, 0
6949, 230400, 0, 0, 0
7049, 215040, 0, 0, 0
7149, 291840, 0, 0, 0
7249, 276480, 0, 0, 0
7349, 230400, 0, 0, 0
7450, 230400, 0, 0, 0
7550, 291840, 0, 0, 0
7650, 168960, 0, 0, 0
7749, 248242, 0, 0, 0
7849, 384000, 0, 0, 0
7949, 230400, 0, 0, 0
8049, 215040, 0, 0, 0
8149, 215040, 0, 0, 0
8249, 215040, 0, 0, 0
8349, 337920, 0, 0, 0
8449, 245760, 0, 0, 0
8550, 322560, 0, 0, 0
8650, 291840, 0, 0, 0
8749, 248242, 0, 0, 0
8849, 107520, 0, 0, 0
8949, 414720, 0, 0, 0
9049, 215040, 0, 0, 0
9149, 230400, 0, 0, 0
9249, 122880, 0, 0, 0
9349, 199680, 0, 0, 0
9449, 230400, 0, 0, 0
9549, 153600, 0, 0, 0
9649, 230400, 0, 0, 0
9750, 245760, 0, 0, 0
9850, 230400, 0, 0, 0
9950, 215040, 0, 0, 0
10050, 230400, 0, 0, 0
10150, 307200, 0, 0, 0
10249, 294787, 0, 0, 0
10349, 230400, 0, 0, 0
10449, 322560, 0, 0, 0
10549, 230400, 0, 0, 0
10649, 184320, 0, 0, 0
10750, 215040, 0, 0, 0
10850, 215040, 0, 0, 0
10950, 322560, 0, 0, 0
11050, 307200, 0, 0, 0
11150, 322560, 0, 0, 0
11249, 263757, 0, 0, 0
11349, 215040, 0, 0, 0
11449, 276480, 0, 0, 0
11549, 215040, 0, 0, 0
11649, 261120, 0, 0, 0
11749, 261120, 0, 0, 0
11849, 276480, 0, 0, 0
11949, 245760, 0, 0, 0
12050, 184320, 0, 0, 0
12150, 245760, 0, 0, 0
12249, 201696, 0, 0, 0
12349, 153600, 0, 0, 0
12449, 276480, 0, 0, 0
12549, 276480, 0, 0, 0
12649, 307200, 0, 0, 0
12749, 337920, 0, 0, 0
12849, 199680, 0, 0, 0
12949, 276480, 0, 0, 0
13049, 307200, 0, 0, 0
13149, 261120, 0, 0, 0
13250, 261120, 0, 0, 0
13350, 307200, 0, 0, 0
13450, 261120, 0, 0, 0
13550, 322560, 0, 0, 0
13650, 276480, 0, 0, 0
13749, 263757, 0, 0, 0
13849, 353280, 0, 0, 0
13949, 276480, 0, 0, 0
14049, 153600, 0, 0, 0
14149, 199680, 0, 0, 0
14249, 307200, 0, 0, 0
14349, 230400, 0, 0, 0
14450, 230400, 0, 0, 0
14550, 368640, 0, 0, 0
14650, 184320, 0, 0, 0
14749, 310303, 0, 0, 0
14849, 276480, 0, 0, 0
14949, 291840, 0, 0, 0
15049, 307200, 0, 0, 0
15149, 276480, 0, 0, 0
15249, 307200, 0, 0, 0
15349, 199680, 0, 0, 0
15449, 384000, 0, 0, 0
15549, 215040, 0, 0, 0
15649, 261120, 0, 0, 0
15750, 430080, 0, 0, 0
15850, 168960, 0, 0, 0
15950, 215040, 0, 0, 0
16050, 322560, 0, 0, 0
16150, 291840, 0, 0, 0
16249, 155151, 0, 0, 0
16349, 261120, 0, 0, 0
16449, 276480, 0, 0, 0
16549, 384000, 0, 0, 0
16649, 245760, 0, 0, 0
16749, 215040, 0, 0, 0
16850, 245760, 0, 0, 0
16950, 368640, 0, 0, 0
17050, 168960, 0, 0, 0
17150, 276480, 0, 0, 0
17249, 124121, 0, 0, 0
17349, 245760, 0, 0, 0
17449, 184320, 0, 0, 0
17549, 215040, 0, 0, 0
17649, 199680, 0, 0, 0
17749, 276480, 0, 0, 0
17849, 291840, 0, 0, 0
17949, 245760, 0, 0, 0
18050, 245760, 0, 0, 0
18150, 276480, 0, 0, 0
18249, 232727, 0, 0, 0
18349, 230400, 0, 0, 0
18449, 230400, 0, 0, 0
18549, 215040, 0, 0, 0
18649, 199680, 0, 0, 0
18749, 276480, 0, 0, 0
18849, 168960, 0, 0, 0
18949, 184320, 0, 0, 0
19050, 276480, 0, 0, 0
19150, 230400, 0, 0, 0
19249, 248242, 0, 0, 0
19349, 245760, 0, 0, 0
19449, 199680, 0, 0, 0
19549, 291840, 0, 0, 0
19649, 184320, 0, 0, 0
19749, 245760, 0, 0, 0
19849, 261120, 0, 0, 0
19949, 353280, 0, 0, 0
20049, 199680, 0, 0, 0
20149, 291840, 0, 0, 0
20250, 184320, 0, 0, 0
20350, 184320, 0, 0, 0
20450, 245760, 0, 0, 0
20550, 261120, 0, 0, 0
20650, 322560, 0, 0, 0
20749, 294787, 0, 0, 0
20849, 245760, 0, 0, 0
20949, 291840, 0, 0, 0
21049, 307200, 0, 0, 0
21149, 230400, 0, 0, 0
21249, 291840, 0, 0, 0
21350, 199680, 0, 0, 0
21450, 184320, 0, 0, 0
21550, 261120, 0, 0, 0
21650, 245760, 0, 0, 0
21749, 201696, 0, 0, 0
21849, 215040, 0, 0, 0
21949, 322560, 0, 0, 0
22049, 245760, 0, 0, 0
22149, 276480, 0, 0, 0
22249, 184320, 0, 0, 0
22349, 353280, 0, 0, 0
22449, 337920, 0, 0, 0
22550, 215040, 0, 0, 0
22650, 276480, 0, 0, 0
22749, 279272, 0, 0, 0
22849, 230400, 0, 0, 0
22949, 337920, 0, 0, 0
23049, 307200, 0, 0, 0
23149, 199680, 0, 0, 0
23249, 184320, 0, 0, 0
23349, 245760, 0, 0, 0
23449, 245760, 0, 0, 0
23549, 276480, 0, 0, 0
23649, 245760, 0, 0, 0
23750, 230400, 0, 0, 0
23850, 368640, 0, 0, 0
23950, 245760, 0, 0, 0
24050, 307200, 0, 0, 0
24150, 384000, 0, 0, 0
24249, 403393, 0, 0, 0
24349, 384000, 0, 0, 0
24449, 261120, 0, 0, 0
24549, 230400, 0, 0, 0
24649, 399360, 0, 0, 0
24749, 261120, 0, 0, 0
24850, 245760, 0, 0, 0
24950, 215040, 0, 0, 0
25050, 353280, 0, 0, 0
25150, 261120, 0, 0, 0
25249, 170666, 0, 0, 0
25349, 230400, 0, 0, 0
25449, 353280, 0, 0, 0
25549, 368640, 0, 0, 0
25649, 153600, 0, 0, 0
25750, 307200, 0, 0, 0
25850, 307200, 0, 0, 0
25950, 153600, 0, 0, 0
26050, 307200, 0, 0, 0
26150, 261120, 0, 0, 0
26249, 279272, 0, 0, 0
26349, 276480, 0, 0, 0
26449, 138240, 0, 0, 0
26549, 199680, 0, 0, 0
26649, 322560, 0, 0, 0
26750, 384000, 0, 0, 0
26850, 215040, 0, 0, 0
26950, 215040, 0, 0, 0
27050, 445440, 0, 0, 0
27150, 245760, 0, 0, 0
27249, 201696, 0, 0, 0
27349, 399360, 0, 0, 0
27449, 307200, 0, 0, 0
27549, 245760, 0, 0, 0
27649, 153600, 0, 0, 0
27750, 291840, 0, 0, 0
27850, 276480, 0, 0, 0
27950, 291840, 0, 0, 0
28050, 384000, 0, 0, 0
28150, 291840, 0, 0, 0
28249, 248242, 0, 0, 0
28349, 261120, 0, 0, 0
28449, 215040, 0, 0, 0
28549, 291840, 0, 0, 0
28649, 215040, 0, 0, 0
28749, 337920, 0, 0, 0
28849, 337920, 0, 0, 0
28950, 261120, 0, 0, 0
29050, 337920, 0, 0, 0
29150, 322560, 0, 0, 0
29249, 232727, 0, 0, 0
29349, 230400, 0, 0, 0
29449, 215040, 0, 0, 0
29549, 384000, 0, 0, 0
29649, 307200, 0, 0, 0
29749, 291840, 0, 0, 0
29849, 276480, 0, 0, 0
29949, 199680, 0, 0, 0
30050, 399360, 0, 0, 0
30150, 337920, 0, 0, 0
30249, 217212, 0, 0, 0
30349, 261120, 0, 0, 0
30449, 307200, 0, 0, 0
30549, 307200, 0, 0, 0
30649, 261120, 0, 0, 0
30749, 276480, 0, 0, 0
30849, 245760, 0, 0, 0
30949, 215040, 0, 0, 0
31049, 215040, 0, 0, 0
31149, 291840, 0, 0, 0
31250, 337920, 0, 0, 0
31350, 322560, 0, 0, 0
31450, 215040, 0, 0, 0
31550, 168960, 0, 0, 0
31650, 291840, 0, 0, 0
31749, 279272, 0, 0, 0
31849, 245760, 0, 0, 0
31949, 245760, 0, 0, 0
32049, 291840, 0, 0, 0
32149, 384000, 0, 0, 0
32249, 353280, 0, 0, 0
32349, 276480, 0, 0, 0
32450, 261120, 0, 0, 0
32550, 245760, 0, 0, 0
32650, 276480, 0, 0, 0
32749, 248242, 0, 0, 0
32849, 230400, 0, 0, 0
32949, 199680, 0, 0, 0
33049, 307200, 0, 0, 0
33149, 261120, 0, 0, 0
33249, 199680, 0, 0, 0
33349, 291840, 0, 0, 0
33449, 230400, 0, 0, 0
33550, 276480, 0, 0, 0
33650, 353280, 0, 0, 0
33749, 201696, 0, 0, 0
33849, 230400, 0, 0, 0
33949, 168960, 0, 0, 0
34049, 384000, 0, 0, 0
34149, 199680, 0, 0, 0
34249, 215040, 0, 0, 0
34349, 322560, 0, 0, 0
34449, 276480, 0, 0, 0
34549, 245760, 0, 0, 0
34649, 230400, 0, 0, 0
34750, 168960, 0, 0, 0
34850, 245760, 0, 0, 0
34950, 230400, 0, 0, 0
35050, 215040, 0, 0, 0
35150, 245760, 0, 0, 0
35249, 279272, 0, 0, 0
35349, 230400, 0, 0, 0
35449, 307200, 0, 0, 0
35549, 184320, 0, 0, 0
35649, 230400, 0, 0, 0
35750, 199680, 0, 0, 0
35850, 199680, 0, 0, 0
35950, 261120, 0, 0, 0
36050, 291840, 0, 0, 0
36150, 307200, 0, 0, 0
36249, 310303, 0, 0, 0
36349, 353280, 0, 0, 0
36449, 307200, 0, 0, 0
36550, 261120, 0, 0, 0
36650, 230400, 0, 0, 0
36749, 201696, 0, 0, 0
36849, 199680, 0, 0, 0
36949, 276480, 0, 0, 0
37049, 414720, 0, 0, 0
37149, 261120, 0, 0, 0
37249, 276480, 0, 0, 0
37349, 215040, 0, 0, 0
37449, 245760, 0, 0, 0
37550, 276480, 0, 0, 0
37650, 291840, 0, 0, 0
37749, 325818, 0, 0, 0
37849, 215040, 0, 0, 0
37949, 276480, 0, 0, 0
38049, 245760, 0, 0, 0
38149, 291840, 0, 0, 0
38249, 184320, 0, 0, 0
38349, 122880, 0, 0, 0
38449, 337920, 0, 0, 0
38549, 291840, 0, 0, 0
38649, 215040, 0, 0, 0
38750, 230400, 0, 0, 0
38850, 291840, 0, 0, 0
38950, 276480, 0, 0, 0
39050, 276480, 0, 0, 0
39150, 276480, 0, 0, 0
39249, 263757, 0, 0, 0
39349, 230400, 0, 0, 0
39449, 261120, 0, 0, 0
39549, 245760, 0, 0, 0
39649, 138240, 0, 0, 0
39749, 322560, 0, 0, 0
39849, 230400, 0, 0, 0
39949, 184320, 0, 0, 0
40050, 245760, 0, 0, 0
40150, 184320, 0, 0, 0
40249, 310303, 0, 0, 0
40349, 384000, 0, 0, 0
40449, 291840, 0, 0, 0
40549, 215040, 0, 0, 0
40649, 291840, 0, 0, 0
40749, 384000, 0, 0, 0
40849, 261120, 0, 0, 0
40949, 261120, 0, 0, 0
41050, 245760, 0, 0, 0
41150, 261120, 0, 0, 0
41249, 232727, 0, 0, 0
41349, 353280, 0, 0, 0
41449, 230400, 0, 0, 0
41549, 215040, 0, 0, 0
41649, 230400, 0, 0, 0
41749, 153600, 0, 0, 0
41849, 307200, 0, 0, 0
41949, 153600, 0, 0, 0
42049, 353280, 0, 0, 0
42150, 368640, 0, 0, 0
42249, 263757, 0, 0, 0
42349, 168960, 0, 0, 0
42449, 337920, 0, 0, 0
42549, 230400, 0, 0, 0
42649, 322560, 0, 0, 0
42749, 276480, 0, 0, 0
42849, 261120, 0, 0, 0
42949, 276480, 0, 0, 0
43049, 307200, 0, 0, 0
43149, 276480, 0, 0, 0
43250, 215040, 0, 0, 0
43350, 337920, 0, 0, 0
43450, 322560, 0, 0, 0
43550, 245760, 0, 0, 0
43650, 337920, 0, 0, 0
43749, 294787, 0, 0, 0
43849, 261120, 0, 0, 0
43949, 291840, 0, 0, 0
44049, 168960, 0, 0, 0
44149, 199680, 0, 0, 0
44249, 168960, 0, 0, 0
44350, 153600, 0, 0, 0
44450, 168960, 0, 0, 0
44550, 215040, 0, 0, 0
44650, 337920, 0, 0, 0
44749, 294787, 0, 0, 0
44849, 245760, 0, 0, 0
44949, 353280, 0, 0, 0
45049, 322560, 0, 0, 0
45149, 291840, 0, 0, 0
45249, 168960, 0, 0, 0
45349, 184320, 0, 0, 0
45450, 184320, 0, 0, 0
45550, 307200, 0, 0, 0
45650, 230400, 0, 0, 0
45749, 294787, 0, 0, 0
45849, 276480, 0, 0, 0
45949, 353280, 0, 0, 0
46049, 261120, 0, 0, 0
46149, 199680, 0, 0, 0
46249, 384000, 0, 0, 0
46349, 322560, 0, 0, 0
46449, 276480, 0, 0, 0
46550, 245760, 0, 0, 0
46650, 245760, 0, 0, 0
46749, 248242, 0, 0, 0
46849, 215040, 0, 0, 0
46949, 276480, 0, 0, 0
47049, 384000, 0, 0, 0
47149, 291840, 0, 0, 0
47249, 122880, 0, 0, 0
47349, 399360, 0, 0, 0
47449, 445440, 0, 0, 0
47549, 245760, 0, 0, 0
47649, 384000, 0, 0, 0
47750, 153600, 0, 0, 0
47850, 307200, 0, 0, 0
47950, 384000, 0, 0, 0
48050, 261120, 0, 0, 0
48150, 261120, 0, 0, 0
48249, 418909, 0, 0, 0
48349, 307200, 0, 0, 0
48449, 276480, 0, 0, 0
48549, 276480, 0, 0, 0
48649, 122880, 0, 0, 0
48750, 215040, 0, 0, 0
48850, 230400, 0, 0, 0
48950, 353280, 0, 0, 0
49050, 184320, 0, 0, 0
49150, 245760, 0, 0, 0
49249, 170666, 0, 0, 0
49349, 307200, 0, 0, 0
49449, 261120, 0, 0, 0
49549, 230400, 0, 0, 0
49649, 261120, 0, 0, 0
49749, 153600, 0, 0, 0
49850, 261120, 0, 0, 0
49950, 322560, 0, 0, 0
50050, 261120, 0, 0, 0
50150, 368640, 0, 0, 0
50249, 248242, 0, 0, 0
50349, 153600, 0, 0, 0
50449, 184320, 0, 0, 0
50549, 261120, 0, 0, 0
50649, 368640, 0, 0, 0
50749, 261120, 0, 0, 0
50849, 230400, 0, 0, 0
50949, 245760, 0, 0, 0
51050, 261120, 0, 0, 0
51150, 230400, 0, 0, 0
51249, 201696, 0, 0, 0
51349, 168960, 0, 0, 0
51449, 153600, 0, 0, 0
51549, 337920, 0, 0, 0
51649, 184320, 0, 0, 0
51749, 476160, 0, 0, 0
51849, 491520, 0, 0, 0
51949, 199680, 0, 0, 0
52049, 230400, 0, 0, 0
52149, 291840, 0, 0, 0
52249, 245760, 0, 0, 0
52350, 199680, 0, 0, 0
52450, 245760, 0, 0, 0
52550, 215040, 0, 0, 0
52650, 291840, 0, 0, 0
52749, 263757, 0, 0, 0
52849, 291840, 0, 0, 0
52949, 322560, 0, 0, 0
53049, 245760, 0, 0, 0
53149, 261120, 0, 0, 0
53249, 307200, 0, 0, 0
53349, 276480, 0, 0, 0
53449, 230400, 0, 0, 0
53550, 230400, 0, 0, 0
53650, 261120, 0, 0, 0
53749, 279272, 0, 0, 0
53849, 199680, 0, 0, 0
53949, 368640, 0, 0, 0
54049, 245760, 0, 0, 0
54149, 245760, 0, 0, 0
54249, 215040, 0, 0, 0
54349, 245760, 0, 0, 0
54449, 261120, 0, 0, 0
54549, 291840, 0, 0, 0
54650, 307200, 0, 0, 0
54749, 139636, 0, 0, 0
54849, 107520, 0, 0, 0
54949, 276480, 0, 0, 0
55049, 245760, 0, 0, 0
55149, 276480, 0, 0, 0
55249, 261120, 0, 0, 0
55349, 230400, 0, 0, 0
55449, 261120, 0, 0, 0
55549, 291840, 0, 0, 0
55649, 322560, 0, 0, 0
55749, 291840, 0, 0, 0
55849, 291840, 0, 0, 0
55949, 322560, 0, 0, 0
56050, 245760, 0, 0, 0
56150, 215040, 0, 0, 0
56249, 341333, 0, 0, 0
56349, 245760, 0, 0, 0
56449, 215040, 0, 0, 0
56549, 307200, 0, 0, 0
56649, 107520, 0, 0, 0
56749, 261120, 0, 0, 0
56849, 168960, 0, 0, 0
56949, 245760, 0, 0, 0
57049, 168960, 0, 0, 0
57150, 215040, 0, 0, 0
57249, 310303, 0, 0, 0
57349, 353280, 0, 0, 0
57449, 291840, 0, 0, 0
57549, 261120, 0, 0, 0
57649, 215040, 0, 0, 0
57749, 322560, 0, 0, 0
57849, 138240, 0, 0, 0
57949, 168960, 0, 0, 0
58049, 199680, 0, 0, 0
58149, 353280, 0, 0, 0
58250, 199680, 0, 0, 0
58350, 322560, 0, 0, 0
58450, 230400, 0, 0, 0
58550, 261120, 0, 0, 0
58650, 199680, 0, 0, 0
58749, 294787, 0, 0, 0
58849, 276480, 0, 0, 0
58949, 199680, 0, 0, 0
59049, 399360, 0, 0, 0
59149, 215040, 0, 0, 0
59250, 230400, 0, 0, 0
59350, 215040, 0, 0, 0
59450, 261120, 0, 0, 0
59550, 261120, 0, 0, 0
59650, 276480, 0, 0, 0
59749, 217212, 0, 0, 0
59849, 199680, 0, 0, 0
59949, 230400, 0, 0, 0
