100, 1092649, 1, 0, 0
200, 1057786, 1, 0, 0
300, 1119171, 1, 0, 0
400, 985375, 1, 0, 0
501, 1206346, 1, 0, 0
600, 961487, 1, 0, 0
700, 919179, 1, 0, 0
800, 955784, 1, 0, 0
900, 1140209, 1, 0, 0
1000, 1188594, 1, 0, 0
1100, 1004001, 1, 0, 0
1200, 1060400, 1, 0, 0
1300, 973977, 1, 0, 0
1400, 971756, 1, 0, 0
1500, 1077795, 1, 0, 0
1600, 1189787, 1, 0, 0
1700, 926628, 1, 0, 0
1800, 1058699, 1, 0, 0
1901, 1114333, 1, 0, 0
2000, 1057174, 1, 0, 0
2100, 1163906, 1, 0, 0
2200, 1073638, 1, 0, 0
2300, 1057039, 1, 0, 0
2400, 1314314, 1, 0, 0
2500, 1123106, 1, 0, 0
2600, 1299046, 1, 0, 0
2700, 1008868, 1, 0, 0
2800, 1061724, 1, 0, 0
2900, 1010079, 1, 0, 0
3000, 1035790, 1, 0, 0
3100, 1120894, 1, 0, 0
3200, 1248935, 1, 0, 0
3300, 1187892, 1, 0, 0
3400, 975066, 1, 0, 0
3500, 1021592, 1, 0, 0
3600, 1141436, 1, 0, 0
3700, 975820, 1, 0, 0
3800, 1283850, 1, 0, 0
3900, 1074148, 1, 0, 0
4000, 1137972, 1, 0, 0
4100, 1077342, 1, 0, 0
4200, 1053363, 1, 0, 0
4300, 1123512, 1, 0, 0
4400, 1291559, 1, 0, 0
4500, 1098145, 1, 0, 0
4600, 1097725, 1, 0, 0
4701, 1125177, 1, 0, 0
4800, 1123768, 1, 0, 0
4900, 1103356, 1, 0, 0
5000, 1136735, 1, 0, 0
5100, 1236290, 1, 0, 0
5200, 1108942, 1, 0, 0
5300, 1141014, 1, 0, 0
5400, 1130609, 1, 0, 0
5500, 1140578, 1, 0, 0
5600, 1168193, 1, 0, 0
5700, 871364, 1, 0, 0
5800, 1185999, 1, 0, 0
5900, 1022218, 1, 0, 0
6000, 1145432, 1, 0, 0
6132, 1150417, 1, 0, 0
6200, 1926776, 1, 0, 0
6300, 1172679, 1, 0, 0
6400, 1147179, 1, 0, 0
6500, 1019943, 1, 0, 0
6600, 1038093, 1, 0, 0
6700, 988672, 1, 0, 0
6800, 996824, 1, 0, 0
6900, 1092665, 1, 0, 0
7000, 1088613, 1, 0, 0
7100, 1085292, 1, 0, 0
7200, 1026675, 1, 0, 0
7300, 1087675, 1, 0, 0
7400, 1095973, 1, 0, 0
7500, 1175565, 1, 0, 0
7600, 1049236, 1, 0, 0
7700, 1145039, 1, 0, 0
7800, 1110639, 1, 0, 0
7900, 1128000, 1, 0, 0
8000, 1079296, 1, 0, 0
8100, 1099790, 1, 0, 0
8200, 1046197, 1, 0, 0
8300, 1064540, 1, 0, 0
8400, 1039075, 1, 0, 0
8500, 994589, 1, 0, 0
8600, 1097056, 1, 0, 0
8733, 1253854, 1, 0, 0
8800, 1572330, 1, 0, 0
8900, 1144072, 1, 0, 0
9000, 1102013, 1, 0, 0
9100, 1240225, 1, 0, 0
9200, 917170, 1, 0, 0
9300, 1052700, 1, 0, 0
9400, 1036636, 1, 0, 0
9500, 930777, 1, 0, 0
9600, 1065338, 1, 0, 0
9700, 1098083, 1, 0, 0
9800, 1096555, 1, 0, 0
9900, 1056962, 1, 0, 0
10000, 1180561, 1, 0, 0
10100, 1310435, 1, 0, 0
10200, 1238212, 1, 0, 0
10300, 1116180, 1, 0, 0
10400, 1085933, 1, 0, 0
10500, 1039034, 1, 0, 0
10601, 1325117, 1, 0, 0
10700, 1110047, 1, 0, 0
10800, 1246092, 1, 0, 0
10900, 942253, 1, 0, 0
11000, 1070325, 1, 0, 0
11100, 972077, 1, 0, 0
11200, 1166305, 1, 0, 0
11300, 1074892, 1, 0, 0
11400, 1146420, 1, 0, 0
11500, 1002412, 1, 0, 0
11600, 1059049, 1, 0, 0
11700, 975345, 1, 0, 0
11800, 1178240, 1, 0, 0
11900, 1069931, 1, 0, 0
12000, 1046758, 1, 0, 0
12100, 1030822, 1, 0, 0
12200, 1085472, 1, 0, 0
12300, 1022122, 1, 0, 0
12400, 1025634, 1, 0, 0
12500, 971048, 1, 0, 0
12600, 1127589, 1, 0, 0
12700, 1102478, 1, 0, 0
12800, 966932, 1, 0, 0
12900, 1210547, 1, 0, 0
13000, 1048605, 1, 0, 0
13100, 1131078, 1, 0, 0
13200, 1016751, 1, 0, 0
13300, 1096833, 1, 0, 0
13400, 1011232, 1, 0, 0
13500, 1172823, 1, 0, 0
13600, 1055990, 1, 0, 0
13700, 826774, 1, 0, 0
13800, 1035866, 1, 0, 0
13900, 1011605, 1, 0, 0
14000, 1201394, 1, 0, 0
14100, 990716, 1, 0, 0
14200, 1061724, 1, 0, 0
14300, 980537, 1, 0, 0
14400, 1066301, 1, 0, 0
14500, 1060140, 1, 0, 0
14600, 1248920, 1, 0, 0
14700, 1347603, 1, 0, 0
14800, 1089725, 1, 0, 0
14900, 1054076, 1, 0, 0
15000, 1005978, 1, 0, 0
15100, 1050747, 1, 0, 0
15200, 1059078, 1, 0, 0
15300, 1178063, 1, 0, 0
15400, 1014431, 1, 0, 0
15500, 1094727, 1, 0, 0
15600, 999258, 1, 0, 0
15700, 1136846, 1, 0, 0
15801, 1282832, 1, 0, 0
15900, 1013878, 1, 0, 0
16000, 1139482, 1, 0, 0
16100, 1060050, 1, 0, 0
16200, 1098708, 1, 0, 0
16300, 1165627, 1, 0, 0
16400, 1100602, 1, 0, 0
16500, 1011458, 1, 0, 0
16600, 1012653, 1, 0, 0
16700, 1036741, 1, 0, 0
16800, 1152285, 1, 0, 0
16900, 1216413, 1, 0, 0
17000, 1247005, 1, 0, 0
17100, 1988412, 1, 0, 0
17200, 1422535, 1, 0, 0
17300, 975645, 1, 0, 0
17400, 1082508, 1, 0, 0
17500, 1112376, 1, 0, 0
17600, 1171695, 1, 0, 0
17700, 1024468, 1, 0, 0
17800, 1089983, 1, 0, 0
17900, 1170661, 1, 0, 0
18000, 1125518, 1, 0, 0
18101, 1213157, 1, 0, 0
18200, 1082061, 1, 0, 0
18300, 1076077, 1, 0, 0
18400, 1053728, 1, 0, 0
18500, 1048535, 1, 0, 0
18600, 1181287, 1, 0, 0
18700, 1179992, 1, 0, 0
18800, 1190540, 1, 0, 0
18900, 1085371, 1, 0, 0
19000, 1250130, 1, 0, 0
19100, 1107501, 1, 0, 0
19200, 1099681, 1, 0, 0
19300, 1243750, 1, 0, 0
19400, 1148153, 1, 0, 0
19501, 1136614, 1, 0, 0
19600, 1213235, 1, 0, 0
19700, 1069553, 1, 0, 0
19800, 1197559, 1, 0, 0
19900, 1076822, 1, 0, 0
20000, 1241228, 1, 0, 0
20100, 1252276, 1, 0, 0
20200, 1167991, 1, 0, 0
20300, 1055443, 1, 0, 0
20400, 1007700, 1, 0, 0
20500, 1039947, 1, 0, 0
20600, 1029496, 1, 0, 0
20700, 1268210, 1, 0, 0
20800, 1144414, 1, 0, 0
20900, 1153361, 1, 0, 0
21000, 1156033, 1, 0, 0
21100, 1217153, 1, 0, 0
21200, 1243688, 1, 0, 0
21300, 1046203, 1, 0, 0
21400, 1224614, 1, 0, 0
21500, 1211967, 1, 0, 0
21600, 1360940, 1, 0, 0
21700, 1325290, 1, 0, 0
21800, 997258, 1, 0, 0
21900, 1270910, 1, 0, 0
22000, 1097809, 1, 0, 0
22100, 1238078, 1, 0, 0
22200, 1199223, 1, 0, 0
22300, 1198012, 1, 0, 0
22400, 1201464, 1, 0, 0
22500, 1133373, 1, 0, 0
22600, 1114957, 1, 0, 0
22700, 1086008, 1, 0, 0
22800, 1252573, 1, 0, 0
22900, 1198940, 1, 0, 0
23000, 1140305, 1, 0, 0
23100, 1073237, 1, 0, 0
23200, 1147164, 1, 0, 0
23300, 1131510, 1, 0, 0
23400, 1075293, 1, 0, 0
23500, 1134320, 1, 0, 0
23600, 1125969, 1, 0, 0
23700, 1113699, 1, 0, 0
23800, 1141851, 1, 0, 0
23900, 1244093, 1, 0, 0
24009, 1171677, 1, 0, 0
24100, 1307601, 1, 0, 0
24200, 1364426, 1, 0, 0
24300, 1113761, 1, 0, 0
24400, 1158797, 1, 0, 0
24500, 1140001, 1, 0, 0
24600, 1166341, 1, 0, 0
24700, 1245790, 1, 0, 0
24807, 1151565, 1, 0, 0
24900, 1351794, 1, 0, 0
25000, 1160927, 1, 0, 0
25100, 1075935, 1, 0, 0
25200, 1188248, 1, 0, 0
25300, 1230711, 1, 0, 0
25400, 1224985, 1, 0, 0
25501, 1238705, 1, 0, 0
25600, 1166070, 1, 0, 0
25700, 1103754, 1, 0, 0
25800, 1071757, 1, 0, 0
25900, 1095231, 1, 0, 0
26001, 1115413, 1, 0, 0
26100, 1172869, 1, 0, 0
26200, 1028389, 1, 0, 0
26300, 1262236, 1, 0, 0
26400, 1326295, 1, 0, 0
26500, 1244029, 1, 0, 0
26600, 1167023, 1, 0, 0
26700, 1258998, 1, 0, 0
26800, 1180882, 1, 0, 0
26900, 1389378, 1, 0, 0
27000, 1128350, 1, 0, 0
27100, 1307273, 1, 0, 0
27200, 1226236, 1, 0, 0
27300, 1152752, 1, 0, 0
27400, 1145866, 1, 0, 0
27500, 1149194, 1, 0, 0
27600, 1125230, 1, 0, 0
27700, 1063852, 1, 0, 0
27815, 1290642, 1, 0, 0
27900, 1731754, 1, 0, 0
28000, 1319953, 1, 0, 0
28100, 1162199, 1, 0, 0
28200, 1064622, 1, 0, 0
28300, 1138631, 1, 0, 0
28400, 1252288, 1, 0, 0
28500, 1181106, 1, 0, 0
28600, 1163798, 1, 0, 0
28700, 1097573, 1, 0, 0
28800, 1014085, 1, 0, 0
28901, 1180710, 1, 0, 0
29000, 1057190, 1, 0, 0
29100, 1280691, 1, 0, 0
29200, 1042829, 1, 0, 0
29300, 1090848, 1, 0, 0
29400, 1428090, 1, 0, 0
29500, 949342, 1, 0, 0
29600, 1109659, 1, 0, 0
29700, 1094656, 1, 0, 0
29800, 1347388, 1, 0, 0
29900, 1200632, 1, 0, 0
30000, 1033128, 1, 0, 0
30100, 1170147, 1, 0, 0
30200, 1052587, 1, 0, 0
30300, 934112, 1, 0, 0
30400, 1118535, 1, 0, 0
30500, 1105024, 1, 0, 0
30600, 1141224, 1, 0, 0
30700, 1047945, 1, 0, 0
30800, 1145010, 1, 0, 0
30900, 1051138, 1, 0, 0
31000, 1158300, 1, 0, 0
31100, 1042583, 1, 0, 0
31200, 1009291, 1, 0, 0
31300, 1152525, 1, 0, 0
31400, 1017991, 1, 0, 0
31500, 1117907, 1, 0, 0
31600, 1213349, 1, 0, 0
31700, 1148838, 1, 0, 0
31800, 1131120, 1, 0, 0
31900, 1034070, 1, 0, 0
32000, 1069039, 1, 0, 0
32100, 1101405, 1, 0, 0
32200, 1074525, 1, 0, 0
32300, 1102126, 1, 0, 0
32400, 1010470, 1, 0, 0
32500, 1148403, 1, 0, 0
32600, 1131453, 1, 0, 0
32700, 1189337, 1, 0, 0
32800, 1149213, 1, 0, 0
32900, 1260814, 1, 0, 0
33000, 1260277, 1, 0, 0
33100, 1236884, 1, 0, 0
33200, 992106, 1, 0, 0
33300, 1011830, 1, 0, 0
33402, 1292658, 1, 0, 0
33500, 1278370, 1, 0, 0
33600, 1027529, 1, 0, 0
33700, 1063078, 1, 0, 0
33800, 1214648, 1, 0, 0
33901, 1208266, 1, 0, 0
34000, 1080640, 1, 0, 0
34100, 1283828, 1, 0, 0
34200, 1235750, 1, 0, 0
34300, 1119071, 1, 0, 0
34400, 1137372, 1, 0, 0
34500, 985395, 1, 0, 0
34600, 1106072, 1, 0, 0
34700, 1101674, 1, 0, 0
34800, 1100068, 1, 0, 0
34900, 1063262, 1, 0, 0
35000, 978928, 1, 0, 0
35100, 1170819, 1, 0, 0
35200, 1117120, 1, 0, 0
35300, 1105944, 1, 0, 0
35400, 1033774, 1, 0, 0
35500, 993947, 1, 0, 0
35600, 1231680, 1, 0, 0
35700, 1041464, 1, 0, 0
35800, 1168031, 1, 0, 0
35901, 1133989, 1, 0, 0
36000, 1153770, 1, 0, 0
36100, 1038412, 1, 0, 0
36200, 1298589, 1, 0, 0
36300, 1194930, 1, 0, 0
36400, 1237017, 1, 0, 0
36500, 1433628, 1, 0, 0
36600, 1049415, 1, 0, 0
36700, 953246, 1, 0, 0
36800, 1154957, 1, 0, 0
36900, 1207544, 1, 0, 0
37000, 1044032, 1, 0, 0
37100, 1252781, 1, 0, 0
37200, 1274999, 1, 0, 0
37300, 1302293, 1, 0, 0
37400, 1080786, 1, 0, 0
37500, 1353640, 1, 0, 0
37600, 1174284, 1, 0, 0
37700, 1115894, 1, 0, 0
37800, 1212009, 1, 0, 0
37900, 1039057, 1, 0, 0
38000, 1004441, 1, 0, 0
38100, 1117009, 1, 0, 0
38201, 1188328, 1, 0, 0
38300, 1187970, 1, 0, 0
38400, 1218044, 1, 0, 0
38500, 1124246, 1, 0, 0
38600, 1262978, 1, 0, 0
38700, 1346126, 1, 0, 0
38800, 1028901, 1, 0, 0
38900, 1073643, 1, 0, 0
39003, 1117351, 1, 0, 0
39100, 1159769, 1, 0, 0
39200, 1054891, 1, 0, 0
39300, 1194686, 1, 0, 0
39400, 1202200, 1, 0, 0
39500, 1097250, 1, 0, 0
39600, 996862, 1, 0, 0
39700, 1278574, 1, 0, 0
39800, 1089695, 1, 0, 0
39900, 1107227, 1, 0, 0
40000, 1471586, 1, 0, 0
40100, 981890, 1, 0, 0
40200, 1195658, 1, 0, 0
40300, 1119366, 1, 0, 0
40400, 1168790, 1, 0, 0
40500, 1167548, 1, 0, 0
40600, 1054933, 1, 0, 0
40700, 946071, 1, 0, 0
40800, 1048135, 1, 0, 0
40900, 1007512, 1, 0, 0
41000, 1153793, 1, 0, 0
41100, 965656, 1, 0, 0
41200, 1189348, 1, 0, 0
41300, 974291, 1, 0, 0
41400, 1078938, 1, 0, 0
41500, 1026270, 1, 0, 0
41600, 1259137, 1, 0, 0
41700, 1070032, 1, 0, 0
41800, 1076100, 1, 0, 0
41900, 1118528, 1, 0, 0
42000, 1084993, 1, 0, 0
42100, 1029905, 1, 0, 0
42200, 999365, 1, 0, 0
42300, 927475, 1, 0, 0
42400, 993707, 1, 0, 0
42500, 1237758, 1, 0, 0
42600, 1178421, 1, 0, 0
42700, 924831, 1, 0, 0
42800, 916302, 1, 0, 0
42900, 1178214, 1, 0, 0
43000, 1097617, 1, 0, 0
43100, 926315, 1, 0, 0
43200, 1112316, 1, 0, 0
43300, 995939, 1, 0, 0
43400, 1046950, 1, 0, 0
43504, 1048454, 1, 0, 0
43600, 1066137, 1, 0, 0
43700, 1013031, 1, 0, 0
43800, 1153192, 1, 0, 0
43900, 977092, 1, 0, 0
44000, 912856, 1, 0, 0
44100, 1218316, 1, 0, 0
44200, 949103, 1, 0, 0
44300, 1008772, 1, 0, 0
44400, 1019566, 1, 0, 0
44500, 918695, 1, 0, 0
44600, 1091274, 1, 0, 0
44700, 943890, 1, 0, 0
44800, 1004826, 1, 0, 0
44900, 1126222, 1, 0, 0
45000, 943419, 1, 0, 0
45100, 1052695, 1, 0, 0
45200, 932429, 1, 0, 0
45300, 1229547, 1, 0, 0
45400, 1029348, 1, 0, 0
45500, 1091042, 1, 0, 0
45600, 978680, 1, 0, 0
45700, 980116, 1, 0, 0
45800, 995623, 1, 0, 0
45900, 1052136, 1, 0, 0
46000, 1024680, 1, 0, 0
46100, 983897, 1, 0, 0
46200, 1070932, 1, 0, 0
46300, 1039085, 1, 0, 0
46400, 1002293, 1, 0, 0
46500, 1045720, 1, 0, 0
46600, 963691, 1, 0, 0
46700, 982806, 1, 0, 0
46800, 1046072, 1, 0, 0
46900, 1066420, 1, 0, 0
47000, 962086, 1, 0, 0
47100, 904993, 1, 0, 0
47200, 1166178, 1, 0, 0
47300, 978748, 1, 0, 0
47400, 1029697, 1, 0, 0
47500, 989028, 1, 0, 0
47600, 1169452, 1, 0, 0
47700, 982101, 1, 0, 0
47800, 961596, 1, 0, 0
47900, 966261, 1, 0, 0
48000, 934833, 1, 0, 0
48100, 956802, 1, 0, 0
48200, 1101831, 1, 0, 0
48300, 1079641, 1, 0, 0
48400, 938416, 1, 0, 0
48500, 942266, 1, 0, 0
48600, 1059734, 1, 0, 0
48700, 1130295, 1, 0, 0
48800, 1034992, 1, 0, 0
48900, 1107559, 1, 0, 0
49000, 1127900, 1, 0, 0
49100, 1085294, 1, 0, 0
49200, 1089425, 1, 0, 0
49300, 1124022, 1, 0, 0
49400, 1355077, 1, 0, 0
49500, 1107343, 1, 0, 0
49600, 1026454, 1, 0, 0
49700, 1060427, 1, 0, 0
49800, 1080506, 1, 0, 0
49900, 1030913, 1, 0, 0
50000, 1190806, 1, 0, 0
50100, 1143967, 1, 0, 0
50200, 1106037, 1, 0, 0
50300, 1066155, 1, 0, 0
50400, 1059902, 1, 0, 0
50500, 1034432, 1, 0, 0
50600, 1156639, 1, 0, 0
50700, 2322716, 1, 0, 0
50800, 1117761, 1, 0, 0
50900, 1208565, 1, 0, 0
51000, 1022981, 1, 0, 0
51100, 1074862, 1, 0, 0
51200, 1025025, 1, 0, 0
51300, 899827, 1, 0, 0
51400, 1216951, 1, 0, 0
51500, 1093413, 1, 0, 0
51600, 1059253, 1, 0, 0
51700, 967280, 1, 0, 0
51800, 1083382, 1, 0, 0
51900, 1058288, 1, 0, 0
52000, 955679, 1, 0, 0
52100, 1127130, 1, 0, 0
52200, 1132336, 1, 0, 0
52300, 975714, 1, 0, 0
52400, 1168153, 1, 0, 0
52500, 1512931, 1, 0, 0
52600, 1229167, 1, 0, 0
52700, 1348154, 1, 0, 0
52800, 1129928, 1, 0, 0
52900, 1158260, 1, 0, 0
53000, 1196817, 1, 0, 0
53100, 1147843, 1, 0, 0
53200, 1179614, 1, 0, 0
53300, 969911, 1, 0, 0
53400, 918489, 1, 0, 0
53500, 1018775, 1, 0, 0
53600, 1213580, 1, 0, 0
53700, 1051949, 1, 0, 0
53800, 982335, 1, 0, 0
53900, 1081244, 1, 0, 0
54000, 1059546, 1, 0, 0
54100, 1447259, 1, 0, 0
54200, 1060053, 1, 0, 0
54300, 1117370, 1, 0, 0
54400, 1096406, 1, 0, 0
54500, 944326, 1, 0, 0
54600, 1118615, 1, 0, 0
54700, 1129330, 1, 0, 0
54800, 1253683, 1, 0, 0
54901, 1125296, 1, 0, 0
55000, 1038226, 1, 0, 0
55100, 1095276, 1, 0, 0
55200, 1016421, 1, 0, 0
55300, 1051811, 1, 0, 0
55400, 971208, 1, 0, 0
55500, 1195368, 1, 0, 0
55600, 1057148, 1, 0, 0
55700, 1116443, 1, 0, 0
55800, 1174144, 1, 0, 0
55900, 1256965, 1, 0, 0
56000, 1031175, 1, 0, 0
56100, 1089317, 1, 0, 0
56200, 914619, 1, 0, 0
56300, 1055345, 1, 0, 0
56400, 1169054, 1, 0, 0
56500, 1278556, 1, 0, 0
56600, 937657, 1, 0, 0
56700, 1049888, 1, 0, 0
56800, 1074607, 1, 0, 0
56900, 1171678, 1, 0, 0
57000, 1154830, 1, 0, 0
57100, 1100740, 1, 0, 0
57200, 1222437, 1, 0, 0
57300, 1099526, 1, 0, 0
57400, 1490983, 1, 0, 0
57500, 1003549, 1, 0, 0
57600, 1107193, 1, 0, 0
57700, 1146447, 1, 0, 0
57800, 1200398, 1, 0, 0
57900, 1077339, 1, 0, 0
58000, 914661, 1, 0, 0
58100, 1253427, 1, 0, 0
58200, 1208522, 1, 0, 0
58300, 1089768, 1, 0, 0
58400, 1120214, 1, 0, 0
58500, 1282978, 1, 0, 0
58600, 1066540, 1, 0, 0
58700, 1006892, 1, 0, 0
58800, 1044494, 1, 0, 0
58900, 1129640, 1, 0, 0
59000, 1103924, 1, 0, 0
59100, 1171551, 1, 0, 0
59200, 1211353, 1, 0, 0
59300, 1090827, 1, 0, 0
59400, 1085547, 1, 0, 0
59500, 1029795, 1, 0, 0
59600, 1059221, 1, 0, 0
59700, 1385260, 1, 0, 0
59800, 1108881, 1, 0, 0
59900, 1160968, 1, 0, 0
60000, 979356, 1, 0, 0
60100, 1178525, 1, 0, 0
60200, 1186516, 1, 0, 0
60300, 1045093, 1, 0, 0
60400, 1079781, 1, 0, 0
60500, 1128913, 1, 0, 0
60600, 1282063, 1, 0, 0
60700, 1096926, 1, 0, 0
60800, 1263066, 1, 0, 0
60900, 1032316, 1, 0, 0
61000, 1095692, 1, 0, 0
61100, 1042372, 1, 0, 0
61200, 1021299, 1, 0, 0
61300, 1129594, 1, 0, 0
61400, 992207, 1, 0, 0
61500, 1084961, 1, 0, 0
61600, 1184180, 1, 0, 0
61700, 1013798, 1, 0, 0
61800, 1118561, 1, 0, 0
61900, 943099, 1, 0, 0
62000, 1282232, 1, 0, 0
62100, 1219880, 1, 0, 0
62200, 1149354, 1, 0, 0
62300, 1262832, 1, 0, 0
62400, 1136410, 1, 0, 0
62500, 1123859, 1, 0, 0
62600, 1327674, 1, 0, 0
62700, 1169673, 1, 0, 0
62800, 1164734, 1, 0, 0
62900, 925219, 1, 0, 0
63000, 1226914, 1, 0, 0
63100, 1220301, 1, 0, 0
63201, 1158955, 1, 0, 0
63300, 1134181, 1, 0, 0
63400, 1111719, 1, 0, 0
63500, 1271466, 1, 0, 0
63600, 1942792, 1, 0, 0
63700, 1124440, 1, 0, 0
63800, 1094282, 1, 0, 0
63900, 1018475, 1, 0, 0
64000, 1065843, 1, 0, 0
64100, 1042304, 1, 0, 0
64208, 1183129, 1, 0, 0
64300, 1070656, 1, 0, 0
64400, 1121857, 1, 0, 0
64500, 1220625, 1, 0, 0
64600, 1127766, 1, 0, 0
64700, 1074753, 1, 0, 0
64800, 1065179, 1, 0, 0
64900, 1072023, 1, 0, 0
65000, 1118313, 1, 0, 0
65100, 1177742, 1, 0, 0
65200, 1222737, 1, 0, 0
65300, 1189061, 1, 0, 0
65400, 1120181, 1, 0, 0
65500, 1280387, 1, 0, 0
65600, 1094587, 1, 0, 0
65700, 1078885, 1, 0, 0
65802, 814333, 1, 0, 0
65900, 1038943, 1, 0, 0
66000, 1181132, 1, 0, 0
66100, 1030399, 1, 0, 0
66200, 1058237, 1, 0, 0
66300, 1046255, 1, 0, 0
66400, 1030928, 1, 0, 0
66500, 1032283, 1, 0, 0
66600, 1047551, 1, 0, 0
66700, 1230013, 1, 0, 0
66800, 1210083, 1, 0, 0
66900, 1156374, 1, 0, 0
67000, 923817, 1, 0, 0
67100, 1159499, 1, 0, 0
67200, 1277702, 1, 0, 0
67300, 1068323, 1, 0, 0
67400, 1166758, 1, 0, 0
67500, 1121798, 1, 0, 0
67600, 1071348, 1, 0, 0
67700, 1164221, 1, 0, 0
67800, 1236450, 1, 0, 0
67900, 1028316, 1, 0, 0
68000, 1075387, 1, 0, 0
68100, 1074071, 1, 0, 0
68200, 902368, 1, 0, 0
68300, 1003143, 1, 0, 0
68400, 1165274, 1, 0, 0
68500, 966442, 1, 0, 0
68600, 1165905, 1, 0, 0
68700, 1332061, 1, 0, 0
68800, 1346212, 1, 0, 0
68900, 901970, 1, 0, 0
69000, 1029748, 1, 0, 0
69101, 1134376, 1, 0, 0
69200, 1304129, 1, 0, 0
69300, 1131512, 1, 0, 0
69400, 956337, 1, 0, 0
69500, 1134842, 1, 0, 0
69600, 970694, 1, 0, 0
69700, 988082, 1, 0, 0
69800, 1104200, 1, 0, 0
69900, 1167525, 1, 0, 0
70001, 1211744, 1, 0, 0
70100, 1079111, 1, 0, 0
70200, 1077473, 1, 0, 0
70302, 1008415, 1, 0, 0
70400, 1239897, 1, 0, 0
70500, 1217398, 1, 0, 0
70600, 1233521, 1, 0, 0
70700, 986514, 1, 0, 0
70800, 990993, 1, 0, 0
70900, 1205995, 1, 0, 0
71000, 1029224, 1, 0, 0
71100, 1106197, 1, 0, 0
71200, 1109427, 1, 0, 0
71300, 1023253, 1, 0, 0
71400, 1105231, 1, 0, 0
71500, 927629, 1, 0, 0
71600, 972158, 1, 0, 0
71700, 1077091, 1, 0, 0
71800, 1027235, 1, 0, 0
71900, 1145036, 1, 0, 0
72000, 1023702, 1, 0, 0
72100, 1218027, 1, 0, 0
72202, 1151032, 1, 0, 0
72300, 1122604, 1, 0, 0
72400, 1080183, 1, 0, 0
72500, 1065414, 1, 0, 0
72600, 1140539, 1, 0, 0
72700, 994569, 1, 0, 0
72800, 993311, 1, 0, 0
72900, 1014316, 1, 0, 0
73000, 1185838, 1, 0, 0
73100, 1404610, 1, 0, 0
73200, 1382240, 1, 0, 0
73300, 1203480, 1, 0, 0
73400, 967434, 1, 0, 0
73500, 1102652, 1, 0, 0
73600, 1129946, 1, 0, 0
73700, 1088729, 1, 0, 0
73801, 1167837, 1, 0, 0
73900, 1132096, 1, 0, 0
74000, 1114914, 1, 0, 0
74100, 1011966, 1, 0, 0
74200, 2083612, 1, 0, 0
74301, 1012973, 1, 0, 0
74400, 969426, 1, 0, 0
74500, 1059094, 1, 0, 0
74600, 1015806, 1, 0, 0
74700, 1084620, 1, 0, 0
74800, 1213450, 1, 0, 0
74900, 945051, 1, 0, 0
75000, 1064273, 1, 0, 0
75100, 989232, 1, 0, 0
75200, 1087717, 1, 0, 0
75300, 1073766, 1, 0, 0
75400, 1029424, 1, 0, 0
75500, 1274365, 1, 0, 0
75600, 1060131, 1, 0, 0
75700, 1049232, 1, 0, 0
75800, 1199485, 1, 0, 0
75900, 1204400, 1, 0, 0
76000, 1078783, 1, 0, 0
76100, 1061689, 1, 0, 0
76200, 968654, 1, 0, 0
76300, 1123424, 1, 0, 0
76400, 1237742, 1, 0, 0
76500, 1158236, 1, 0, 0
76600, 985651, 1, 0, 0
76700, 1058854, 1, 0, 0
76800, 1051910, 1, 0, 0
76900, 1020567, 1, 0, 0
77000, 1003033, 1, 0, 0
77100, 979571, 1, 0, 0
77200, 998094, 1, 0, 0
77300, 1121226, 1, 0, 0
77400, 1274216, 1, 0, 0
77547, 1278834, 1, 0, 0
77600, 2148581, 1, 0, 0
77700, 1079029, 1, 0, 0
77800, 939917, 1, 0, 0
77900, 1183133, 1, 0, 0
78000, 946695, 1, 0, 0
78100, 1076861, 1, 0, 0
78201, 1154898, 1, 0, 0
78300, 1139818, 1, 0, 0
78400, 941741, 1, 0, 0
78500, 937326, 1, 0, 0
78600, 1051494, 1, 0, 0
78700, 1034244, 1, 0, 0
78800, 1049383, 1, 0, 0
78900, 1153622, 1, 0, 0
79000, 1120537, 1, 0, 0
79100, 1059737, 1, 0, 0
79201, 1049263, 1, 0, 0
79300, 1014909, 1, 0, 0
79400, 1306981, 1, 0, 0
79500, 1087882, 1, 0, 0
79600, 1257264, 1, 0, 0
79700, 935312, 1, 0, 0
79800, 1099528, 1, 0, 0
79900, 1019350, 1, 0, 0
80000, 1099630, 1, 0, 0
80100, 1126833, 1, 0, 0
80200, 1163831, 1, 0, 0
80300, 1136730, 1, 0, 0
80400, 1068487, 1, 0, 0
80500, 1101159, 1, 0, 0
80600, 1129950, 1, 0, 0
80700, 1052273, 1, 0, 0
80800, 1053606, 1, 0, 0
80900, 1032847, 1, 0, 0
81001, 993252, 1, 0, 0
81100, 970587, 1, 0, 0
81201, 1139913, 1, 0, 0
81300, 1188426, 1, 0, 0
81400, 1040096, 1, 0, 0
81500, 1229351, 1, 0, 0
81600, 1171454, 1, 0, 0
81700, 1075159, 1, 0, 0
81800, 1100551, 1, 0, 0
81900, 1087477, 1, 0, 0
82000, 1065437, 1, 0, 0
82100, 1190151, 1, 0, 0
82200, 1137105, 1, 0, 0
82300, 1052952, 1, 0, 0
82400, 1348598, 1, 0, 0
82500, 971265, 1, 0, 0
82600, 1093923, 1, 0, 0
82700, 983726, 1, 0, 0
82800, 1009509, 1, 0, 0
82900, 1144871, 1, 0, 0
83000, 1005575, 1, 0, 0
83101, 990038, 1, 0, 0
83200, 1034023, 1, 0, 0
83300, 1170550, 1, 0, 0
83400, 1055250, 1, 0, 0
83500, 1076135, 1, 0, 0
83600, 1057598, 1, 0, 0
83700, 1213578, 1, 0, 0
83800, 1149056, 1, 0, 0
83900, 1139454, 1, 0, 0
84000, 978589, 1, 0, 0
84100, 1025621, 1, 0, 0
84200, 998260, 1, 0, 0
84300, 978340, 1, 0, 0
84400, 945359, 1, 0, 0
84500, 1156832, 1, 0, 0
84600, 995887, 1, 0, 0
84700, 1029842, 1, 0, 0
84800, 945786, 1, 0, 0
84900, 992921, 1, 0, 0
85000, 1006517, 1, 0, 0
85100, 948981, 1, 0, 0
85200, 1019627, 1, 0, 0
85300, 1008949, 1, 0, 0
85400, 1034048, 1, 0, 0
85500, 1087558, 1, 0, 0
85600, 1056739, 1, 0, 0
85700, 1107303, 1, 0, 0
85800, 974292, 1, 0, 0
85900, 1090194, 1, 0, 0
86000, 1186490, 1, 0, 0
86100, 1085620, 1, 0, 0
86200, 948845, 1, 0, 0
86300, 1147286, 1, 0, 0
86400, 1267393, 1, 0, 0
86500, 1113490, 1, 0, 0
86600, 1028475, 1, 0, 0
86700, 1206301, 1, 0, 0
86800, 1104021, 1, 0, 0
86900, 956459, 1, 0, 0
87001, 1002541, 1, 0, 0
87100, 1072893, 1, 0, 0
87200, 1075104, 1, 0, 0
87300, 949114, 1, 0, 0
87400, 1092973, 1, 0, 0
87500, 998551, 1, 0, 0
87600, 1090227, 1, 0, 0
87700, 996604, 1, 0, 0
87800, 1027977, 1, 0, 0
87900, 936173, 1, 0, 0
88000, 1078975, 1, 0, 0
88100, 1037187, 1, 0, 0
88200, 985699, 1, 0, 0
88300, 999435, 1, 0, 0
88400, 1228401, 1, 0, 0
88500, 971628, 1, 0, 0
88600, 1085367, 1, 0, 0
88700, 972369, 1, 0, 0
88800, 1032562, 1, 0, 0
88900, 925317, 1, 0, 0
89000, 1049395, 1, 0, 0
89100, 1073193, 1, 0, 0
89200, 1028210, 1, 0, 0
89300, 1036246, 1, 0, 0
89402, 1064086, 1, 0, 0
89500, 1182609, 1, 0, 0
89600, 1073906, 1, 0, 0
89700, 1105599, 1, 0, 0
89800, 1176131, 1, 0, 0
89900, 1097625, 1, 0, 0
90000, 1003143, 1, 0, 0
90000, 784889, 1, 0, 0
