100, 440543, 0, 0, 0
200, 413921, 0, 0, 0
300, 409863, 0, 0, 0
400, 409101, 0, 0, 0
500, 406306, 0, 0, 0
600, 400314, 0, 0, 0
700, 403699, 0, 0, 0
800, 400242, 0, 0, 0
900, 406012, 0, 0, 0
1005, 468278, 0, 0, 0
1100, 439372, 0, 0, 0
1200, 403409, 0, 0, 0
1300, 406718, 0, 0, 0
1400, 412876, 0, 0, 0
1500, 403064, 0, 0, 0
1600, 413915, 0, 0, 0
1700, 415217, 0, 0, 0
1800, 401449, 0, 0, 0
1900, 411114, 0, 0, 0
2000, 416556, 0, 0, 0
2100, 421357, 0, 0, 0
2200, 414823, 0, 0, 0
2300, 407893, 0, 0, 0
2400, 417036, 0, 0, 0
2500, 421541, 0, 0, 0
2600, 414114, 0, 0, 0
2700, 406861, 0, 0, 0
2800, 425296, 0, 0, 0
2900, 401677, 0, 0, 0
3000, 407400, 0, 0, 0
3100, 426980, 0, 0, 0
3200, 417432, 0, 0, 0
3300, 409860, 0, 0, 0
3400, 410796, 0, 0, 0
3500, 425811, 0, 0, 0
3600, 399212, 0, 0, 0
3700, 416671, 0, 0, 0
3800, 407595, 0, 0, 0
3900, 412108, 0, 0, 0
4000, 385390, 0, 0, 0
4100, 441700, 0, 0, 0
4200, 376263, 0, 0, 0
4359, 1265894, 0, 0, 0
4400, 1020301, 0, 0, 0
4500, 378309, 0, 0, 0
4600, 464184, 0, 0, 0
4700, 403407, 0, 0, 0
4800, 398877, 0, 0, 0
4900, 397869, 0, 0, 0
5003, 7356440, 0, 0, 0
5100, 935793, 0, 0, 0
5211, 449432, 0, 0, 0
5402, 3407998, 0, 0, 0
5500, 1173056, 0, 0, 0
5608, 407465, 0, 0, 0
5700, 418958, 0, 0, 0
5800, 406226, 0, 0, 0
5900, 377734, 0, 0, 0
6000, 449324, 0, 0, 0
6100, 491671, 0, 0, 0
6200, 477278, 0, 0, 0
6300, 472646, 0, 0, 0
6400, 885686, 0, 0, 0
6500, 402915, 0, 0, 0
6600, 402061, 0, 0, 0
6700, 466484, 0, 0, 0
6800, 389768, 0, 0, 0
6997, 720521, 0, 0, 0
7000, 11492589, 0, 0, 0
7100, 584160, 0, 0, 0
7210, 424943, 0, 0, 0
7300, 546812, 0, 0, 0
7400, 377514, 0, 0, 0
7500, 430484, 0, 0, 0
7600, 382507, 0, 0, 0
7700, 499680, 0, 0, 0
7800, 387138, 0, 0, 0
7900, 399277, 0, 0, 0
8007, 413756, 0, 0, 0
8102, 474499, 0, 0, 0
8200, 544208, 0, 0, 0
8300, 669854, 0, 0, 0
8400, 399259, 0, 0, 0
8500, 481246, 0, 0, 0
8600, 404460, 0, 0, 0
8701, 458310, 0, 0, 0
8800, 436727, 0, 0, 0
8900, 393686, 0, 0, 0
9000, 391577, 0, 0, 0
9100, 469406, 0, 0, 0
9200, 876445, 0, 0, 0
9300, 509526, 0, 0, 0
9400, 498541, 0, 0, 0
9500, 401179, 0, 0, 0
9600, 468860, 0, 0, 0
9700, 410326, 0, 0, 0
9800, 524537, 0, 0, 0
9900, 389716, 0, 0, 0
10000, 409640, 0, 0, 0
10100, 486946, 0, 0, 0
10200, 682405, 0, 0, 0
10300, 482626, 0, 0, 0
10400, 483315, 0, 0, 0
10500, 409425, 0, 0, 0
10600, 426296, 0, 0, 0
10700, 404996, 0, 0, 0
10800, 512867, 0, 0, 0
10900, 397374, 0, 0, 0
11000, 410812, 0, 0, 0
11100, 536339, 0, 0, 0
11201, 632693, 0, 0, 0
11300, 451690, 0, 0, 0
11400, 463863, 0, 0, 0
11500, 398329, 0, 0, 0
11600, 474120, 0, 0, 0
11700, 394840, 0, 0, 0
11800, 482652, 0, 0, 0
11900, 382977, 0, 0, 0
12000, 381661, 0, 0, 0
12113, 427377, 0, 0, 0
12208, 509390, 0, 0, 0
12300, 494478, 0, 0, 0
12400, 638675, 0, 0, 0
12500, 411724, 0, 0, 0
12600, 1212391, 0, 0, 0
12800, 1429680, 0, 0, 0
12900, 736531, 0, 0, 0
13090, 779086, 0, 0, 0
13100, 2836984, 0, 0, 0
13200, 441502, 0, 0, 0
13300, 571673, 0, 0, 0
13400, 411667, 0, 0, 0
13500, 449434, 0, 0, 0
13600, 431097, 0, 0, 0
13700, 388697, 0, 0, 0
13800, 388243, 0, 0, 0
13900, 451655, 0, 0, 0
14000, 386747, 0, 0, 0
14100, 390330, 0, 0, 0
14200, 433855, 0, 0, 0
14300, 985755, 0, 0, 0
14400, 446649, 0, 0, 0
14500, 448918, 0, 0, 0
14600, 387692, 0, 0, 0
14700, 438785, 0, 0, 0
14828, 699301, 0, 0, 0
14900, 789690, 0, 0, 0
15000, 390344, 0, 0, 0
15100, 362012, 0, 0, 0
15200, 455650, 0, 0, 0
15300, 580605, 0, 0, 0
15400, 499016, 0, 0, 0
15500, 477895, 0, 0, 0
15600, 390122, 0, 0, 0
15700, 399565, 0, 0, 0
15800, 377740, 0, 0, 0
15900, 444793, 0, 0, 0
16000, 396610, 0, 0, 0
16100, 377174, 0, 0, 0
16200, 421145, 0, 0, 0
16300, 414462, 0, 0, 0
16400, 555038, 0, 0, 0
16500, 377658, 0, 0, 0
16600, 460849, 0, 0, 0
16700, 435082, 0, 0, 0
16800, 371577, 0, 0, 0
16900, 378194, 0, 0, 0
17000, 385167, 0, 0, 0
17100, 394540, 0, 0, 0
17200, 379550, 0, 0, 0
17300, 403623, 0, 0, 0
17400, 466048, 0, 0, 0
17500, 383037, 0, 0, 0
17600, 457926, 0, 0, 0
17700, 438835, 0, 0, 0
17800, 373151, 0, 0, 0
17900, 373528, 0, 0, 0
18000, 361122, 0, 0, 0
18100, 385250, 0, 0, 0
18200, 368660, 0, 0, 0
18300, 389991, 0, 0, 0
18400, 492196, 0, 0, 0
18500, 387843, 0, 0, 0
18600, 400152, 0, 0, 0
18700, 399396, 0, 0, 0
18800, 393065, 0, 0, 0
18900, 383175, 0, 0, 0
19000, 388548, 0, 0, 0
19100, 383567, 0, 0, 0
19200, 385801, 0, 0, 0
19300, 386906, 0, 0, 0
19400, 461147, 0, 0, 0
19500, 378497, 0, 0, 0
19600, 377482, 0, 0, 0
19700, 382114, 0, 0, 0
19987, 872474, 0, 0, 0
20000, 3673670, 0, 0, 0
20100, 403106, 0, 0, 0
20200, 382726, 0, 0, 0
20370, 1611119, 0, 0, 0
20400, 1573796, 0, 0, 0
20500, 390850, 0, 0, 0
20600, 514634, 0, 0, 0
20700, 364900, 0, 0, 0
20800, 376812, 0, 0, 0
20900, 378686, 0, 0, 0
21000, 408199, 0, 0, 0
21180, 831495, 0, 0, 0
21200, 1771619, 0, 0, 0
21300, 408837, 0, 0, 0
21400, 386097, 0, 0, 0
21500, 444586, 0, 0, 0
21600, 382085, 0, 0, 0
21700, 395703, 0, 0, 0
21800, 404005, 0, 0, 0
21900, 394537, 0, 0, 0
22000, 398253, 0, 0, 0
22100, 403817, 0, 0, 0
22200, 406919, 0, 0, 0
22300, 408716, 0, 0, 0
22400, 397967, 0, 0, 0
22500, 496144, 0, 0, 0
22600, 413865, 0, 0, 0
22700, 401568, 0, 0, 0
22800, 406703, 0, 0, 0
22900, 407286, 0, 0, 0
23000, 404095, 0, 0, 0
23100, 396957, 0, 0, 0
23200, 405545, 0, 0, 0
23300, 430107, 0, 0, 0
23400, 391871, 0, 0, 0
23500, 488092, 0, 0, 0
23600, 404598, 0, 0, 0
23700, 405736, 0, 0, 0
23800, 405464, 0, 0, 0
23900, 404201, 0, 0, 0
24000, 416367, 0, 0, 0
24100, 389757, 0, 0, 0
24200, 399684, 0, 0, 0
24300, 416761, 0, 0, 0
24400, 394845, 0, 0, 0
24500, 432525, 0, 0, 0
24600, 402229, 0, 0, 0
24700, 410514, 0, 0, 0
24800, 403930, 0, 0, 0
24900, 388154, 0, 0, 0
25000, 411001, 0, 0, 0
25100, 403381, 0, 0, 0
25200, 387099, 0, 0, 0
25300, 398758, 0, 0, 0
25400, 395513, 0, 0, 0
25500, 395459, 0, 0, 0
25600, 412524, 0, 0, 0
25700, 418908, 0, 0, 0
25800, 394851, 0, 0, 0
25900, 382592, 0, 0, 0
26000, 378729, 0, 0, 0
26100, 400346, 0, 0, 0
26200, 397824, 0, 0, 0
26384, 1043241, 0, 0, 0
26400, 3321361, 0, 0, 0
26538, 4932657, 0, 0, 0
26600, 857252, 0, 0, 0
26734, 5424277, 0, 0, 0
26800, 833265, 0, 0, 0
26900, 420546, 0, 0, 0
27000, 405337, 0, 0, 0
27100, 411454, 0, 0, 0
27200, 417078, 0, 0, 0
27300, 403860, 0, 0, 0
27400, 416582, 0, 0, 0
27501, 464472, 0, 0, 0
27600, 441032, 0, 0, 0
27700, 509747, 0, 0, 0
27800, 447885, 0, 0, 0
27900, 430512, 0, 0, 0
28000, 427717, 0, 0, 0
28100, 433256, 0, 0, 0
28200, 434341, 0, 0, 0
28300, 418971, 0, 0, 0
28400, 439570, 0, 0, 0
28500, 418794, 0, 0, 0
28600, 476014, 0, 0, 0
28700, 416676, 0, 0, 0
28816, 953154, 0, 0, 0
28900, 607481, 0, 0, 0
29000, 424942, 0, 0, 0
29100, 456222, 0, 0, 0
29200, 426865, 0, 0, 0
29300, 428257, 0, 0, 0
29400, 509374, 0, 0, 0
29500, 466941, 0, 0, 0
29600, 463318, 0, 0, 0
29700, 413820, 0, 0, 0
29800, 438049, 0, 0, 0
29900, 414214, 0, 0, 0
30000, 410599, 0, 0, 0
30100, 419814, 0, 0, 0
30200, 555769, 0, 0, 0
30300, 406411, 0, 0, 0
30400, 412599, 0, 0, 0
30500, 416415, 0, 0, 0
30600, 453598, 0, 0, 0
30700, 408397, 0, 0, 0
30800, 444299, 0, 0, 0
30900, 436597, 0, 0, 0
31000, 434184, 0, 0, 0
31100, 432250, 0, 0, 0
31200, 430440, 0, 0, 0
31300, 432159, 0, 0, 0
31400, 416380, 0, 0, 0
31500, 430535, 0, 0, 0
31600, 426953, 0, 0, 0
31700, 447007, 0, 0, 0
31800, 440390, 0, 0, 0
31900, 419196, 0, 0, 0
32000, 549389, 0, 0, 0
32100, 440203, 0, 0, 0
32200, 417067, 0, 0, 0
32300, 438649, 0, 0, 0
32400, 438591, 0, 0, 0
32500, 437970, 0, 0, 0
32600, 448033, 0, 0, 0
32700, 423722, 0, 0, 0
32800, 433344, 0, 0, 0
32900, 431500, 0, 0, 0
33000, 444749, 0, 0, 0
33100, 424980, 0, 0, 0
33200, 432472, 0, 0, 0
33300, 431894, 0, 0, 0
33400, 454441, 0, 0, 0
33500, 422071, 0, 0, 0
33600, 432647, 0, 0, 0
33700, 447244, 0, 0, 0
33800, 436951, 0, 0, 0
33900, 430194, 0, 0, 0
34000, 439893, 0, 0, 0
34100, 433874, 0, 0, 0
34200, 416038, 0, 0, 0
34300, 426654, 0, 0, 0
34400, 468475, 0, 0, 0
34500, 429450, 0, 0, 0
34600, 423054, 0, 0, 0
34700, 472426, 0, 0, 0
34800, 435241, 0, 0, 0
34900, 418480, 0, 0, 0
35000, 428194, 0, 0, 0
35100, 430445, 0, 0, 0
35200, 429462, 0, 0, 0
35300, 426361, 0, 0, 0
35400, 462514, 0, 0, 0
35500, 424194, 0, 0, 0
35600, 413733, 0, 0, 0
35700, 529308, 0, 0, 0
35800, 410920, 0, 0, 0
35900, 419232, 0, 0, 0
36000, 424686, 0, 0, 0
36100, 425265, 0, 0, 0
36200, 437619, 0, 0, 0
36300, 427842, 0, 0, 0
36400, 430588, 0, 0, 0
36500, 427796, 0, 0, 0
36600, 428213, 0, 0, 0
36700, 459287, 0, 0, 0
36800, 434690, 0, 0, 0
36900, 432877, 0, 0, 0
37000, 437742, 0, 0, 0
37100, 427632, 0, 0, 0
37200, 475713, 0, 0, 0
37307, 1654306, 0, 0, 0
37440, 3210391, 0, 0, 0
37517, 1708056, 0, 0, 0
37703, 2061674, 0, 0, 0
37800, 1910982, 0, 0, 0
37901, 1305564, 0, 0, 0
38088, 3200113, 0, 0, 0
38100, 2106559, 0, 0, 0
38204, 1327615, 0, 0, 0
38326, 1671849, 0, 0, 0
38497, 2386169, 0, 0, 0
38500, 9376003, 0, 0, 0
38691, 1258085, 0, 0, 0
38700, 4110573, 0, 0, 0
38844, 24596874, 0, 0, 0
38970, 4283105, 0, 0, 0
39000, 659226, 0, 0, 0
39100, 1716914, 0, 0, 0
39200, 753057, 0, 0, 0
39300, 1133075, 0, 0, 0
39416, 1759804, 0, 0, 0
39503, 4096440, 0, 0, 0
39666, 2672645, 0, 0, 0
39700, 1358709, 0, 0, 0
39874, 4596453, 0, 0, 0
39901, 2182537, 0, 0, 0
40055, 1154978, 0, 0, 0
40177, 2730225, 0, 0, 0
40225, 1900273, 0, 0, 0
40373, 1749282, 0, 0, 0
40402, 3416989, 0, 0, 0
40500, 684027, 0, 0, 0
40695, 1049489, 0, 0, 0
40700, 7959626, 0, 0, 0
40800, 444067, 0, 0, 0
40900, 493880, 0, 0, 0
41000, 500318, 0, 0, 0
41100, 497446, 0, 0, 0
41200, 492065, 0, 0, 0
41300, 490180, 0, 0, 0
41400, 487263, 0, 0, 0
41500, 503171, 0, 0, 0
41600, 502156, 0, 0, 0
41700, 500187, 0, 0, 0
41800, 494385, 0, 0, 0
41900, 492246, 0, 0, 0
42000, 529345, 0, 0, 0
42100, 498398, 0, 0, 0
42200, 500457, 0, 0, 0
42300, 489918, 0, 0, 0
42400, 484352, 0, 0, 0
42500, 494546, 0, 0, 0
42600, 498074, 0, 0, 0
42700, 493635, 0, 0, 0
42800, 521866, 0, 0, 0
42900, 493838, 0, 0, 0
43000, 504229, 0, 0, 0
43100, 492604, 0, 0, 0
43200, 503639, 0, 0, 0
43300, 489034, 0, 0, 0
43400, 486747, 0, 0, 0
43500, 487701, 0, 0, 0
43600, 493194, 0, 0, 0
43700, 493082, 0, 0, 0
43800, 499258, 0, 0, 0
43900, 487489, 0, 0, 0
44000, 496898, 0, 0, 0
44100, 501296, 0, 0, 0
44200, 493932, 0, 0, 0
44300, 496186, 0, 0, 0
44400, 485493, 0, 0, 0
44500, 490545, 0, 0, 0
44600, 476527, 0, 0, 0
44700, 468590, 0, 0, 0
44800, 495855, 0, 0, 0
44900, 485091, 0, 0, 0
45000, 490366, 0, 0, 0
45100, 490207, 0, 0, 0
45200, 481571, 0, 0, 0
45300, 477084, 0, 0, 0
45400, 479023, 0, 0, 0
45500, 494763, 0, 0, 0
45600, 519248, 0, 0, 0
45700, 473532, 0, 0, 0
45800, 495135, 0, 0, 0
45900, 479200, 0, 0, 0
46000, 549805, 0, 0, 0
46100, 479140, 0, 0, 0
46200, 477932, 0, 0, 0
46300, 539463, 0, 0, 0
46400, 488130, 0, 0, 0
46500, 475656, 0, 0, 0
46600, 511228, 0, 0, 0
46700, 525181, 0, 0, 0
46800, 502379, 0, 0, 0
46900, 495746, 0, 0, 0
47000, 525231, 0, 0, 0
47100, 482881, 0, 0, 0
47200, 482308, 0, 0, 0
47300, 519507, 0, 0, 0
47400, 467117, 0, 0, 0
47500, 483406, 0, 0, 0
47602, 504455, 0, 0, 0
47700, 501048, 0, 0, 0
47800, 483485, 0, 0, 0
47900, 477368, 0, 0, 0
48000, 537644, 0, 0, 0
48100, 493220, 0, 0, 0
48200, 480444, 0, 0, 0
48300, 546446, 0, 0, 0
48400, 495432, 0, 0, 0
48500, 486309, 0, 0, 0
48600, 519747, 0, 0, 0
48700, 540254, 0, 0, 0
48800, 520977, 0, 0, 0
48900, 495543, 0, 0, 0
49000, 543016, 0, 0, 0
49100, 481059, 0, 0, 0
49200, 480434, 0, 0, 0
49307, 517879, 0, 0, 0
49400, 520504, 0, 0, 0
49500, 465932, 0, 0, 0
49600, 534159, 0, 0, 0
49700, 527553, 0, 0, 0
49804, 537592, 0, 0, 0
49900, 513729, 0, 0, 0
50000, 499076, 0, 0, 0
50100, 488648, 0, 0, 0
50200, 474932, 0, 0, 0
50300, 487696, 0, 0, 0
50400, 466399, 0, 0, 0
50500, 471239, 0, 0, 0
50600, 469612, 0, 0, 0
50700, 547725, 0, 0, 0
50800, 465898, 0, 0, 0
50900, 622403, 0, 0, 0
51000, 501233, 0, 0, 0
51100, 528894, 0, 0, 0
51200, 468966, 0, 0, 0
51300, 482310, 0, 0, 0
51400, 544193, 0, 0, 0
51500, 484081, 0, 0, 0
51600, 482058, 0, 0, 0
51700, 572909, 0, 0, 0
51800, 475002, 0, 0, 0
51900, 533183, 0, 0, 0
52000, 484696, 0, 0, 0
52100, 520827, 0, 0, 0
52200, 485676, 0, 0, 0
52300, 484259, 0, 0, 0
52400, 539568, 0, 0, 0
52500, 487756, 0, 0, 0
52600, 497723, 0, 0, 0
52700, 501679, 0, 0, 0
52800, 510167, 0, 0, 0
52900, 498921, 0, 0, 0
53000, 497113, 0, 0, 0
53100, 524915, 0, 0, 0
53200, 494158, 0, 0, 0
53300, 504087, 0, 0, 0
53400, 580148, 0, 0, 0
53500, 493794, 0, 0, 0
53600, 486496, 0, 0, 0
53700, 540487, 0, 0, 0
53800, 502156, 0, 0, 0
53900, 562722, 0, 0, 0
54000, 482212, 0, 0, 0
54100, 505353, 0, 0, 0
54200, 473434, 0, 0, 0
54300, 487168, 0, 0, 0
54400, 588183, 0, 0, 0
54500, 467068, 0, 0, 0
54600, 475286, 0, 0, 0
54704, 511693, 0, 0, 0
54800, 519370, 0, 0, 0
54906, 505297, 0, 0, 0
55000, 512890, 0, 0, 0
55100, 507548, 0, 0, 0
55200, 479391, 0, 0, 0
55300, 471713, 0, 0, 0
55400, 479776, 0, 0, 0
55500, 480480, 0, 0, 0
55600, 492079, 0, 0, 0
55700, 485730, 0, 0, 0
55800, 507498, 0, 0, 0
55900, 478590, 0, 0, 0
56000, 496933, 0, 0, 0
56100, 500904, 0, 0, 0
56200, 487170, 0, 0, 0
56300, 474591, 0, 0, 0
56400, 542767, 0, 0, 0
56500, 480901, 0, 0, 0
56600, 473947, 0, 0, 0
56700, 461889, 0, 0, 0
56800, 469119, 0, 0, 0
57281, 1449507, 0, 0, 0
57300, 6674151, 0, 0, 0
57726, 3160691, 0, 0, 0
57848, 11524327, 0, 0, 0
58261, 7177098, 0, 0, 0
58300, 20090509, 0, 0, 0
58777, 128712490, 0, 0, 0
58800, 55523367, 0, 0, 0
59199, 14893969, 0, 0, 0
59200, 610392, 0, 0, 0
59611, 5005016, 0, 0, 0
60109, 19343901, 0, 0, 0
60493, 7327555, 0, 0, 0
60500, 14133030, 0, 0, 0
60912, 4008356, 0, 0, 0
61522, 7482151, 0, 0, 0
61603, 5438225, 0, 0, 0
61954, 390652867, 0, 0, 0
62118, 22601681, 0, 0, 0
62378, 9024830, 0, 0, 0
62400, 604598, 0, 0, 0
62807, 7352637, 0, 0, 0
63274, 25040669, 0, 0, 0
63337, 51900172, 0, 0, 0
63853, 5440701, 0, 0, 0
64368, 6761423, 0, 0, 0
64400, 8442373, 0, 0, 0
64504, 2193609, 0, 0, 0
64771, 22403015, 0, 0, 0
64828, 11957937, 0, 0, 0
65245, 4538428, 0, 0, 0
65623, 6320481, 0, 0, 0
65825, 91870488, 0, 0, 0
66057, 21396169, 0, 0, 0
66237, 7016247, 0, 0, 0
66690, 6705849, 0, 0, 0
66701, 15583320, 0, 0, 0
67131, 15912276, 0, 0, 0
67267, 44300959, 0, 0, 0
67300, 3751163, 0, 0, 0
67557, 22685689, 0, 0, 0
67727, 7740012, 0, 0, 0
68157, 27803706, 0, 0, 0
69175, 180649270, 0, 0, 0
69200, 16123824, 0, 0, 0
69530, 55000263, 0, 0, 0
69649, 78010127, 0, 0, 0
69700, 3551780, 0, 0, 0
70033, 8053976, 0, 0, 0
70118, 19745975, 0, 0, 0
70487, 4364729, 0, 0, 0
70525, 36027399, 0, 0, 0
70600, 2568513, 0, 0, 0
70852, 22776678, 0, 0, 0
70985, 11289683, 0, 0, 0
71260, 50792912, 0, 0, 0
71964, 19469285, 0, 0, 0
72019, 17567555, 0, 0, 0
72286, 4841657, 0, 0, 0
72300, 493588, 0, 0, 0
72401, 22717128, 0, 0, 0
72703, 7663677, 0, 0, 0
72813, 10085660, 0, 0, 0
73161, 8341618, 0, 0, 0
73317, 17539313, 0, 0, 0
73445, 27490760, 0, 0, 0
73509, 14406490, 0, 0, 0
73625, 3939907, 0, 0, 0
74383, 63455320, 0, 0, 0
74424, 10326339, 0, 0, 0
74769, 16415011, 0, 0, 0
74949, 60150653, 0, 0, 0
75061, 710840121, 0, 0, 0
75100, 2308336, 0, 0, 0
75293, 6729690, 0, 0, 0
75300, 588834, 0, 0, 0
75659, 12436089, 0, 0, 0
75746, 13424158, 0, 0, 0
76334, 10687790, 0, 0, 0
76411, 4995011, 0, 0, 0
76500, 639978, 0, 0, 0
76600, 507729, 0, 0, 0
76715, 2097951, 0, 0, 0
76800, 889927, 0, 0, 0
76900, 552896, 0, 0, 0
77000, 539554, 0, 0, 0
77100, 553238, 0, 0, 0
77200, 514142, 0, 0, 0
77300, 534939, 0, 0, 0
77400, 524182, 0, 0, 0
77500, 507799, 0, 0, 0
77600, 519224, 0, 0, 0
77700, 535322, 0, 0, 0
77800, 524407, 0, 0, 0
77900, 521391, 0, 0, 0
78000, 526036, 0, 0, 0
78100, 533127, 0, 0, 0
78200, 512785, 0, 0, 0
78300, 513978, 0, 0, 0
78400, 534454, 0, 0, 0
78500, 534882, 0, 0, 0
78600, 523238, 0, 0, 0
78700, 512592, 0, 0, 0
78800, 518714, 0, 0, 0
78900, 524483, 0, 0, 0
79000, 508829, 0, 0, 0
79100, 565388, 0, 0, 0
79200, 517699, 0, 0, 0
79300, 537220, 0, 0, 0
79400, 516777, 0, 0, 0
79500, 510533, 0, 0, 0
79600, 608277, 0, 0, 0
79700, 710249, 0, 0, 0
79800, 518471, 0, 0, 0
79900, 530144, 0, 0, 0
80000, 511070, 0, 0, 0
80100, 601628, 0, 0, 0
80200, 519755, 0, 0, 0
80300, 507013, 0, 0, 0
80400, 523109, 0, 0, 0
80500, 517625, 0, 0, 0
80600, 619946, 0, 0, 0
80700, 501094, 0, 0, 0
80800, 543471, 0, 0, 0
80900, 552144, 0, 0, 0
81000, 547563, 0, 0, 0
81105, 596559, 0, 0, 0
81200, 602045, 0, 0, 0
81300, 544990, 0, 0, 0
81400, 525587, 0, 0, 0
81500, 533225, 0, 0, 0
81600, 531198, 0, 0, 0
81700, 547441, 0, 0, 0
81800, 553553, 0, 0, 0
81900, 540975, 0, 0, 0
82000, 542071, 0, 0, 0
82100, 546899, 0, 0, 0
82200, 528710, 0, 0, 0
82300, 519067, 0, 0, 0
82400, 547913, 0, 0, 0
82500, 539652, 0, 0, 0
82600, 534343, 0, 0, 0
82700, 600128, 0, 0, 0
82800, 534797, 0, 0, 0
82900, 537751, 0, 0, 0
83000, 526138, 0, 0, 0
83100, 548767, 0, 0, 0
83200, 585455, 0, 0, 0
83300, 550731, 0, 0, 0
83400, 548894, 0, 0, 0
83500, 544674, 0, 0, 0
83600, 554872, 0, 0, 0
83700, 598430, 0, 0, 0
83800, 541532, 0, 0, 0
83900, 543157, 0, 0, 0
84000, 524729, 0, 0, 0
84100, 580474, 0, 0, 0
84200, 579477, 0, 0, 0
84300, 537412, 0, 0, 0
84400, 533279, 0, 0, 0
84500, 541039, 0, 0, 0
84650, 732795, 0, 0, 0
84725, 4040809, 0, 0, 0
84800, 672899, 0, 0, 0
84900, 528591, 0, 0, 0
85000, 546690, 0, 0, 0
85100, 550943, 0, 0, 0
85200, 561662, 0, 0, 0
85300, 549334, 0, 0, 0
85400, 564790, 0, 0, 0
85500, 516466, 0, 0, 0
85600, 528097, 0, 0, 0
85700, 554849, 0, 0, 0
85800, 577185, 0, 0, 0
85900, 535236, 0, 0, 0
86000, 538102, 0, 0, 0
86100, 591169, 0, 0, 0
86200, 527065, 0, 0, 0
86300, 544160, 0, 0, 0
86400, 535914, 0, 0, 0
86500, 555594, 0, 0, 0
86600, 533595, 0, 0, 0
86700, 538840, 0, 0, 0
86800, 664484, 0, 0, 0
86900, 542355, 0, 0, 0
87000, 526421, 0, 0, 0
87100, 560241, 0, 0, 0
87200, 548057, 0, 0, 0
87300, 533044, 0, 0, 0
87400, 532743, 0, 0, 0
87500, 592547, 0, 0, 0
87600, 549254, 0, 0, 0
87700, 543585, 0, 0, 0
87800, 577463, 0, 0, 0
87900, 541081, 0, 0, 0
88000, 544279, 0, 0, 0
88100, 515337, 0, 0, 0
88200, 568263, 0, 0, 0
88300, 549753, 0, 0, 0
88400, 540547, 0, 0, 0
88500, 574320, 0, 0, 0
88600, 544793, 0, 0, 0
88700, 533706, 0, 0, 0
88800, 560600, 0, 0, 0
88900, 529507, 0, 0, 0
89000, 543215, 0, 0, 0
89100, 561928, 0, 0, 0
89200, 550690, 0, 0, 0
89300, 536678, 0, 0, 0
89400, 535538, 0, 0, 0
89500, 574163, 0, 0, 0
89600, 526592, 0, 0, 0
89700, 1231932, 0, 0, 0
89826, 1126832, 0, 0, 0
89900, 733316, 0, 0, 0
90000, 538924, 0, 0, 0
90000, 553478, 0, 0, 0
