100, 16770568, 1, 0, 0
202, 15530728, 1, 0, 0
306, 14565953, 1, 0, 0
404, 15077842, 1, 0, 0
500, 13821577, 1, 0, 0
600, 14503511, 1, 0, 0
706, 17367591, 1, 0, 0
808, 15337050, 1, 0, 0
903, 16547694, 1, 0, 0
1002, 15908731, 1, 0, 0
1102, 13816759, 1, 0, 0
1204, 16386855, 1, 0, 0
1303, 14093803, 1, 0, 0
1406, 15073033, 1, 0, 0
1501, 16553137, 1, 0, 0
1611, 13391556, 1, 0, 0
1711, 15048930, 1, 0, 0
1800, 14852044, 1, 0, 0
1901, 14111949, 1, 0, 0
2013, 16837147, 1, 0, 0
2105, 16318172, 1, 0, 0
2202, 15097896, 1, 0, 0
2308, 14117366, 1, 0, 0
2407, 13549275, 1, 0, 0
2506, 14212551, 1, 0, 0
2600, 18892273, 1, 0, 0
2706, 15097071, 1, 0, 0
2807, 20719173, 1, 0, 0
2904, 14344014, 1, 0, 0
3003, 12831345, 1, 0, 0
3112, 15404966, 1, 0, 0
3204, 19496251, 1, 0, 0
3308, 14081753, 1, 0, 0
3406, 13714106, 1, 0, 0
3503, 12223607, 1, 0, 0
3616, 14409537, 1, 0, 0
3700, 16409807, 1, 0, 0
3810, 16517129, 1, 0, 0
3901, 14457768, 1, 0, 0
4002, 13583516, 1, 0, 0
4102, 15062918, 1, 0, 0
4209, 12873409, 1, 0, 0
4311, 17640505, 1, 0, 0
4403, 12523673, 1, 0, 0
4502, 17386388, 1, 0, 0
4606, 14469927, 1, 0, 0
4704, 15386792, 1, 0, 0
4800, 17400683, 1, 0, 0
4906, 16208993, 1, 0, 0
5000, 14052662, 1, 0, 0
5103, 20538935, 1, 0, 0
5209, 18879412, 1, 0, 0
5302, 14616796, 1, 0, 0
5406, 12828814, 1, 0, 0
5503, 14759185, 1, 0, 0
5604, 17657652, 1, 0, 0
5707, 17551994, 1, 0, 0
5806, 17247896, 1, 0, 0
5902, 15917473, 1, 0, 0
6001, 13162924, 1, 0, 0
6101, 17394236, 1, 0, 0
6204, 14515717, 1, 0, 0
6307, 33797893, 1, 0, 0
6406, 16526289, 1, 0, 0
6507, 13969573, 1, 0, 0
6606, 12268381, 1, 0, 0
6700, 12870700, 1, 0, 0
6806, 18089388, 1, 0, 0
6901, 20976133, 1, 0, 0
7011, 15550960, 1, 0, 0
7102, 19476762, 1, 0, 0
7201, 11892670, 1, 0, 0
7305, 12428148, 1, 0, 0
7407, 19230164, 1, 0, 0
7502, 16408874, 1, 0, 0
7604, 15441930, 1, 0, 0
7706, 15513358, 1, 0, 0
7801, 15274381, 1, 0, 0
7903, 15536595, 1, 0, 0
8014, 14289589, 1, 0, 0
8100, 15541835, 1, 0, 0
8207, 14663661, 1, 0, 0
8308, 14642425, 1, 0, 0
8405, 16478883, 1, 0, 0
8507, 18171775, 1, 0, 0
8609, 14231733, 1, 0, 0
8710, 16008023, 1, 0, 0
8803, 13891031, 1, 0, 0
8904, 14173844, 1, 0, 0
9008, 12885185, 1, 0, 0
9110, 12682520, 1, 0, 0
9201, 15291144, 1, 0, 0
9304, 15748261, 1, 0, 0
9405, 18807906, 1, 0, 0
9501, 12921174, 1, 0, 0
9603, 15548438, 1, 0, 0
9700, 14489558, 1, 0, 0
9811, 15855765, 1, 0, 0
9902, 15939069, 1, 0, 0
10009, 16252439, 1, 0, 0
10105, 17601742, 1, 0, 0
10200, 15234054, 1, 0, 0
10305, 14422245, 1, 0, 0
10400, 13585125, 1, 0, 0
10501, 14968094, 1, 0, 0
10618, 13751747, 1, 0, 0
10707, 14578974, 1, 0, 0
10809, 12233682, 1, 0, 0
10903, 14859997, 1, 0, 0
11001, 12938638, 1, 0, 0
11106, 16792233, 1, 0, 0
11209, 16626702, 1, 0, 0
11307, 17506702, 1, 0, 0
11407, 15408712, 1, 0, 0
11502, 15800573, 1, 0, 0
11605, 14462337, 1, 0, 0
11701, 12566592, 1, 0, 0
11800, 15624173, 1, 0, 0
11909, 14006862, 1, 0, 0
12002, 17032612, 1, 0, 0
12100, 17942869, 1, 0, 0
12203, 15656261, 1, 0, 0
12303, 13361539, 1, 0, 0
12411, 15178777, 1, 0, 0
12505, 15649140, 1, 0, 0
12609, 14159807, 1, 0, 0
12702, 11584548, 1, 0, 0
12804, 15854495, 1, 0, 0
12904, 14636275, 1, 0, 0
13004, 11795764, 1, 0, 0
13105, 13340741, 1, 0, 0
13203, 15321094, 1, 0, 0
13303, 15071500, 1, 0, 0
13402, 14046896, 1, 0, 0
13504, 15909558, 1, 0, 0
13600, 14562175, 1, 0, 0
13715, 16328236, 1, 0, 0
13803, 17315016, 1, 0, 0
13902, 16945209, 1, 0, 0
14000, 14876292, 1, 0, 0
14100, 14698983, 1, 0, 0
14201, 16185324, 1, 0, 0
14308, 13775541, 1, 0, 0
14407, 15505358, 1, 0, 0
14503, 13255325, 1, 0, 0
14601, 13561778, 1, 0, 0
14707, 14789649, 1, 0, 0
14801, 21292729, 1, 0, 0
14903, 12157939, 1, 0, 0
15006, 15722677, 1, 0, 0
15100, 25964711, 1, 0, 0
15204, 12868503, 1, 0, 0
15309, 13041699, 1, 0, 0
15408, 14868615, 1, 0, 0
15500, 17403407, 1, 0, 0
15609, 14441044, 1, 0, 0
15709, 22544139, 1, 0, 0
15800, 13653446, 1, 0, 0
15905, 14136472, 1, 0, 0
16006, 15163104, 1, 0, 0
16100, 15269937, 1, 0, 0
16202, 15320046, 1, 0, 0
16302, 13072575, 1, 0, 0
16405, 14653576, 1, 0, 0
16505, 14281164, 1, 0, 0
16605, 14677012, 1, 0, 0
16712, 14576266, 1, 0, 0
16805, 17955387, 1, 0, 0
16900, 13156410, 1, 0, 0
17006, 13070204, 1, 0, 0
17108, 13748144, 1, 0, 0
17203, 13397230, 1, 0, 0
17301, 13414872, 1, 0, 0
17403, 10888018, 1, 0, 0
17504, 14507376, 1, 0, 0
17607, 15537877, 1, 0, 0
17703, 18374082, 1, 0, 0
17803, 13836148, 1, 0, 0
17901, 12339676, 1, 0, 0
18008, 14381659, 1, 0, 0
18100, 14858423, 1, 0, 0
18210, 15315850, 1, 0, 0
18305, 14075489, 1, 0, 0
18409, 16252667, 1, 0, 0
18500, 16862642, 1, 0, 0
18607, 13361739, 1, 0, 0
18706, 18184665, 1, 0, 0
18807, 14638727, 1, 0, 0
18901, 14417524, 1, 0, 0
19002, 13636754, 1, 0, 0
19106, 15492278, 1, 0, 0
19210, 17540867, 1, 0, 0
19309, 17859250, 1, 0, 0
19408, 15870156, 1, 0, 0
19502, 16978525, 1, 0, 0
19609, 20062963, 1, 0, 0
19700, 19913556, 1, 0, 0
19804, 13857787, 1, 0, 0
19907, 13626541, 1, 0, 0
20007, 17513014, 1, 0, 0
20101, 14704887, 1, 0, 0
20202, 14499389, 1, 0, 0
20306, 16247675, 1, 0, 0
20409, 14645917, 1, 0, 0
20508, 17852343, 1, 0, 0
20604, 14019447, 1, 0, 0
20706, 13806406, 1, 0, 0
20800, 15509892, 1, 0, 0
20907, 15037416, 1, 0, 0
21008, 15767887, 1, 0, 0
21106, 16643832, 1, 0, 0
21205, 15316477, 1, 0, 0
21309, 14532712, 1, 0, 0
21410, 14860724, 1, 0, 0
21500, 17721648, 1, 0, 0
21608, 16362135, 1, 0, 0
21700, 12832774, 1, 0, 0
21800, 14910379, 1, 0, 0
21900, 13759297, 1, 0, 0
22006, 15877430, 1, 0, 0
22102, 14173268, 1, 0, 0
22200, 16631823, 1, 0, 0
22303, 19841405, 1, 0, 0
22400, 15258336, 1, 0, 0
22504, 12166123, 1, 0, 0
22607, 17422288, 1, 0, 0
22701, 15538846, 1, 0, 0
22801, 17712105, 1, 0, 0
22910, 15240981, 1, 0, 0
23005, 17590229, 1, 0, 0
23109, 15750718, 1, 0, 0
23212, 18923551, 1, 0, 0
23302, 14977325, 1, 0, 0
23406, 12621262, 1, 0, 0
23511, 19222439, 1, 0, 0
23608, 11920283, 1, 0, 0
23700, 16738944, 1, 0, 0
23806, 16371497, 1, 0, 0
23907, 14724210, 1, 0, 0
24003, 15935754, 1, 0, 0
24103, 15447246, 1, 0, 0
24209, 14241326, 1, 0, 0
24306, 13073079, 1, 0, 0
24406, 14103466, 1, 0, 0
24500, 14234703, 1, 0, 0
24600, 12062987, 1, 0, 0
24705, 16048022, 1, 0, 0
24803, 14005776, 1, 0, 0
24905, 14213523, 1, 0, 0
25000, 14681117, 1, 0, 0
25105, 13914323, 1, 0, 0
25205, 14556968, 1, 0, 0
25304, 12652049, 1, 0, 0
25403, 12714666, 1, 0, 0
25503, 14290211, 1, 0, 0
25608, 17545674, 1, 0, 0
25701, 16116126, 1, 0, 0
25804, 14129937, 1, 0, 0
25902, 13415968, 1, 0, 0
26002, 13433324, 1, 0, 0
26106, 14027546, 1, 0, 0
26201, 14368529, 1, 0, 0
26307, 13197603, 1, 0, 0
26415, 15800684, 1, 0, 0
26505, 16861333, 1, 0, 0
26609, 15919014, 1, 0, 0
26700, 17214611, 1, 0, 0
26803, 13585921, 1, 0, 0
26900, 16685413, 1, 0, 0
27005, 13215634, 1, 0, 0
27104, 17713368, 1, 0, 0
27204, 13494477, 1, 0, 0
27303, 15740712, 1, 0, 0
27402, 20783397, 1, 0, 0
27505, 15086240, 1, 0, 0
27603, 15247773, 1, 0, 0
27702, 14421545, 1, 0, 0
27807, 13402976, 1, 0, 0
27907, 15606663, 1, 0, 0
28007, 14790647, 1, 0, 0
28105, 14821845, 1, 0, 0
28202, 16865460, 1, 0, 0
28305, 14810248, 1, 0, 0
28407, 13874776, 1, 0, 0
28512, 14733644, 1, 0, 0
28600, 14180496, 1, 0, 0
28707, 13462919, 1, 0, 0
28812, 14798803, 1, 0, 0
28906, 17693139, 1, 0, 0
29005, 13165829, 1, 0, 0
29102, 14410554, 1, 0, 0
29203, 15131707, 1, 0, 0
29302, 13304990, 1, 0, 0
29401, 16839215, 1, 0, 0
29507, 15777379, 1, 0, 0
29609, 14965508, 1, 0, 0
29707, 16169777, 1, 0, 0
29802, 16638172, 1, 0, 0
29900, 13915468, 1, 0, 0
30000, 11927447, 1, 0, 0
30107, 12609109, 1, 0, 0
30206, 15111515, 1, 0, 0
30303, 15331798, 1, 0, 0
30405, 13838630, 1, 0, 0
30503, 13490303, 1, 0, 0
30627, 18251304, 1, 0, 0
30700, 17432516, 1, 0, 0
30803, 12453770, 1, 0, 0
30900, 16799609, 1, 0, 0
31010, 13887458, 1, 0, 0
31100, 11628902, 1, 0, 0
31203, 14853941, 1, 0, 0
31301, 12238047, 1, 0, 0
31402, 12004965, 1, 0, 0
31500, 14833614, 1, 0, 0
31610, 14299596, 1, 0, 0
31712, 13873505, 1, 0, 0
31807, 14676934, 1, 0, 0
31906, 14021768, 1, 0, 0
32011, 15155665, 1, 0, 0
32102, 15441893, 1, 0, 0
32204, 15075320, 1, 0, 0
32307, 13542311, 1, 0, 0
32402, 15294502, 1, 0, 0
32514, 19692408, 1, 0, 0
32602, 12255583, 1, 0, 0
32700, 16767585, 1, 0, 0
32814, 14217934, 1, 0, 0
32906, 15783478, 1, 0, 0
33001, 14373063, 1, 0, 0
33103, 12295009, 1, 0, 0
33209, 17549612, 1, 0, 0
33305, 13045226, 1, 0, 0
33409, 14959899, 1, 0, 0
33501, 13314048, 1, 0, 0
33604, 14962251, 1, 0, 0
33704, 16120329, 1, 0, 0
33801, 13109305, 1, 0, 0
33902, 15198814, 1, 0, 0
34000, 15012548, 1, 0, 0
34101, 19797965, 1, 0, 0
34204, 16426670, 1, 0, 0
34300, 13110426, 1, 0, 0
34403, 14854800, 1, 0, 0
34508, 18431886, 1, 0, 0
34603, 14188420, 1, 0, 0
34704, 14806376, 1, 0, 0
34800, 15558241, 1, 0, 0
34906, 13902605, 1, 0, 0
35002, 12673251, 1, 0, 0
35105, 12699311, 1, 0, 0
35205, 13268973, 1, 0, 0
35305, 14708637, 1, 0, 0
35404, 16273388, 1, 0, 0
35507, 14088806, 1, 0, 0
35601, 13818283, 1, 0, 0
35709, 13460893, 1, 0, 0
35805, 12075069, 1, 0, 0
35900, 13158701, 1, 0, 0
36002, 14066165, 1, 0, 0
36104, 14414589, 1, 0, 0
36203, 13327760, 1, 0, 0
36304, 13070521, 1, 0, 0
36403, 12138028, 1, 0, 0
36504, 13946944, 1, 0, 0
36602, 12679147, 1, 0, 0
36703, 12484008, 1, 0, 0
36805, 14270606, 1, 0, 0
36905, 12050441, 1, 0, 0
37006, 13572175, 1, 0, 0
37112, 15786516, 1, 0, 0
37211, 12611711, 1, 0, 0
37302, 14210200, 1, 0, 0
37405, 13706810, 1, 0, 0
37502, 15914766, 1, 0, 0
37605, 13324574, 1, 0, 0
37700, 13111599, 1, 0, 0
37801, 13992692, 1, 0, 0
37901, 14975998, 1, 0, 0
38000, 15723597, 1, 0, 0
38106, 15292936, 1, 0, 0
38200, 16415870, 1, 0, 0
38302, 16718103, 1, 0, 0
38401, 12710391, 1, 0, 0
38501, 16511052, 1, 0, 0
38605, 14082120, 1, 0, 0
38700, 16190394, 1, 0, 0
38807, 18163983, 1, 0, 0
38906, 15506576, 1, 0, 0
39002, 15373501, 1, 0, 0
39109, 15205347, 1, 0, 0
39201, 17280238, 1, 0, 0
39300, 13642733, 1, 0, 0
39401, 14142018, 1, 0, 0
39516, 16429013, 1, 0, 0
39603, 16323702, 1, 0, 0
39704, 15605098, 1, 0, 0
39802, 17554343, 1, 0, 0
39916, 14300560, 1, 0, 0
40004, 14894119, 1, 0, 0
40103, 14463723, 1, 0, 0
40203, 13149566, 1, 0, 0
40310, 13509884, 1, 0, 0
40410, 17002104, 1, 0, 0
40500, 19537372, 1, 0, 0
40602, 20268542, 1, 0, 0
40702, 13809588, 1, 0, 0
40800, 15388812, 1, 0, 0
40910, 14257130, 1, 0, 0
41004, 20532635, 1, 0, 0
41106, 16312733, 1, 0, 0
41209, 14711158, 1, 0, 0
41300, 14049142, 1, 0, 0
41406, 13766264, 1, 0, 0
41506, 12492324, 1, 0, 0
41606, 17496499, 1, 0, 0
41702, 13451024, 1, 0, 0
41804, 16205931, 1, 0, 0
41909, 15649627, 1, 0, 0
42014, 16361803, 1, 0, 0
42101, 15041269, 1, 0, 0
42207, 15295988, 1, 0, 0
42300, 15132503, 1, 0, 0
42401, 16185160, 1, 0, 0
42502, 14638730, 1, 0, 0
42608, 14131913, 1, 0, 0
42704, 15853204, 1, 0, 0
42810, 14454629, 1, 0, 0
42909, 16366893, 1, 0, 0
43008, 15138540, 1, 0, 0
43104, 16269866, 1, 0, 0
43201, 14733954, 1, 0, 0
43310, 14714637, 1, 0, 0
43404, 17041537, 1, 0, 0
43500, 12630958, 1, 0, 0
43605, 14004190, 1, 0, 0
43712, 13808861, 1, 0, 0
43815, 16037429, 1, 0, 0
43901, 14880617, 1, 0, 0
44001, 13629919, 1, 0, 0
44107, 15343412, 1, 0, 0
44212, 15185082, 1, 0, 0
44303, 18578222, 1, 0, 0
44405, 13765129, 1, 0, 0
44509, 17541807, 1, 0, 0
44609, 14818949, 1, 0, 0
44705, 14819702, 1, 0, 0
44801, 13082804, 1, 0, 0
44903, 14011610, 1, 0, 0
45001, 14348049, 1, 0, 0
45102, 14720149, 1, 0, 0
45205, 16073551, 1, 0, 0
45302, 18609308, 1, 0, 0
45404, 15159962, 1, 0, 0
45515, 13053438, 1, 0, 0
45601, 13431616, 1, 0, 0
45701, 11996769, 1, 0, 0
45804, 13507975, 1, 0, 0
45901, 15341073, 1, 0, 0
46003, 13274695, 1, 0, 0
46102, 12292379, 1, 0, 0
46202, 14394819, 1, 0, 0
46305, 11993662, 1, 0, 0
46410, 13236482, 1, 0, 0
46507, 11440760, 1, 0, 0
46602, 12304700, 1, 0, 0
46706, 16248721, 1, 0, 0
46801, 15650604, 1, 0, 0
46900, 16356216, 1, 0, 0
47005, 15620639, 1, 0, 0
47100, 16177714, 1, 0, 0
47207, 13780817, 1, 0, 0
47308, 15994663, 1, 0, 0
47403, 13435045, 1, 0, 0
47508, 14069964, 1, 0, 0
47601, 14638631, 1, 0, 0
47702, 15470223, 1, 0, 0
47805, 14285955, 1, 0, 0
47906, 13853173, 1, 0, 0
48003, 12406908, 1, 0, 0
48113, 12216014, 1, 0, 0
48205, 15285539, 1, 0, 0
48310, 17033972, 1, 0, 0
48401, 16112007, 1, 0, 0
48502, 13371868, 1, 0, 0
48603, 15510871, 1, 0, 0
48706, 15371479, 1, 0, 0
48806, 14844713, 1, 0, 0
48913, 15808011, 1, 0, 0
49007, 17271651, 1, 0, 0
49101, 15436317, 1, 0, 0
49205, 11827499, 1, 0, 0
49302, 14077763, 1, 0, 0
49401, 12625200, 1, 0, 0
49502, 11757381, 1, 0, 0
49600, 13953145, 1, 0, 0
49712, 15411051, 1, 0, 0
49800, 18278205, 1, 0, 0
49901, 14133096, 1, 0, 0
50003, 13834452, 1, 0, 0
50102, 14228262, 1, 0, 0
50212, 14510023, 1, 0, 0
50316, 17854022, 1, 0, 0
50407, 14008270, 1, 0, 0
50501, 14139636, 1, 0, 0
50601, 12747017, 1, 0, 0
50703, 12356850, 1, 0, 0
50800, 14652412, 1, 0, 0
50913, 15995011, 1, 0, 0
51011, 14733470, 1, 0, 0
51102, 13579296, 1, 0, 0
51207, 12489155, 1, 0, 0
51311, 19419290, 1, 0, 0
51402, 17944808, 1, 0, 0
51511, 14688990, 1, 0, 0
51603, 16892093, 1, 0, 0
51704, 15388701, 1, 0, 0
51806, 15196576, 1, 0, 0
51901, 13438569, 1, 0, 0
52003, 15380673, 1, 0, 0
52119, 14770931, 1, 0, 0
52204, 16714800, 1, 0, 0
52301, 13024875, 1, 0, 0
52405, 15289303, 1, 0, 0
52501, 19261524, 1, 0, 0
52608, 14432672, 1, 0, 0
52702, 14953399, 1, 0, 0
52807, 12738843, 1, 0, 0
52901, 14282851, 1, 0, 0
53001, 12998889, 1, 0, 0
53107, 15790458, 1, 0, 0
53205, 14920282, 1, 0, 0
53311, 14292048, 1, 0, 0
53404, 15326252, 1, 0, 0
53509, 15034533, 1, 0, 0
53600, 15238037, 1, 0, 0
53710, 12606220, 1, 0, 0
53800, 18611933, 1, 0, 0
53905, 15199125, 1, 0, 0
54006, 15037545, 1, 0, 0
54106, 12421946, 1, 0, 0
54203, 18534954, 1, 0, 0
54304, 13535900, 1, 0, 0
54401, 13768242, 1, 0, 0
54509, 14049987, 1, 0, 0
54603, 16262004, 1, 0, 0
54719, 18348398, 1, 0, 0
54811, 14371780, 1, 0, 0
54900, 17688356, 1, 0, 0
55009, 13550128, 1, 0, 0
55101, 15290796, 1, 0, 0
55206, 14236542, 1, 0, 0
55321, 15903308, 1, 0, 0
55400, 15895930, 1, 0, 0
55504, 14951801, 1, 0, 0
55602, 17398697, 1, 0, 0
55706, 14508522, 1, 0, 0
55807, 15044106, 1, 0, 0
55905, 14626648, 1, 0, 0
56005, 12947594, 1, 0, 0
56102, 18945175, 1, 0, 0
56209, 14402191, 1, 0, 0
56300, 13707656, 1, 0, 0
56405, 15670865, 1, 0, 0
56501, 13523937, 1, 0, 0
56603, 17071916, 1, 0, 0
56700, 14427510, 1, 0, 0
56803, 14069277, 1, 0, 0
56900, 15710559, 1, 0, 0
57004, 14650446, 1, 0, 0
57104, 17971572, 1, 0, 0
57208, 17538821, 1, 0, 0
57301, 12216301, 1, 0, 0
57403, 13709528, 1, 0, 0
57502, 12454134, 1, 0, 0
57604, 10906130, 1, 0, 0
57716, 15184973, 1, 0, 0
57800, 20193999, 1, 0, 0
57904, 12983823, 1, 0, 0
58005, 12423773, 1, 0, 0
58107, 12427674, 1, 0, 0
58209, 13911720, 1, 0, 0
58302, 14511778, 1, 0, 0
58410, 14677961, 1, 0, 0
58503, 14483018, 1, 0, 0
58607, 12640216, 1, 0, 0
58714, 19434480, 1, 0, 0
58805, 15474451, 1, 0, 0
58900, 14698048, 1, 0, 0
59008, 12549995, 1, 0, 0
59103, 13205437, 1, 0, 0
59203, 13983700, 1, 0, 0
59318, 12767746, 1, 0, 0
59414, 15765307, 1, 0, 0
59509, 16175013, 1, 0, 0
59601, 14671744, 1, 0, 0
59707, 14973003, 1, 0, 0
59800, 15099584, 1, 0, 0
59907, 13963164, 1, 0, 0
60006, 17370697, 1, 0, 0
60104, 14745075, 1, 0, 0
60212, 15604480, 1, 0, 0
60300, 12430618, 1, 0, 0
60406, 16561971, 1, 0, 0
60500, 20549179, 1, 0, 0
60604, 15507096, 1, 0, 0
60721, 24488671, 1, 0, 0
60803, 14779831, 1, 0, 0
60902, 16609800, 1, 0, 0
61001, 13454270, 1, 0, 0
61104, 15673397, 1, 0, 0
61200, 14663450, 1, 0, 0
61302, 18999572, 1, 0, 0
61400, 16232811, 1, 0, 0
61508, 13568503, 1, 0, 0
61607, 14845129, 1, 0, 0
61706, 15260183, 1, 0, 0
61801, 13103232, 1, 0, 0
61904, 14913290, 1, 0, 0
62003, 16515889, 1, 0, 0
62108, 12990513, 1, 0, 0
62202, 15596964, 1, 0, 0
62300, 16747576, 1, 0, 0
62400, 17739768, 1, 0, 0
62500, 11772761, 1, 0, 0
62602, 13098296, 1, 0, 0
62714, 22080424, 1, 0, 0
62808, 18866738, 1, 0, 0
62908, 15176729, 1, 0, 0
63012, 12833014, 1, 0, 0
63117, 18738158, 1, 0, 0
63208, 18987772, 1, 0, 0
63309, 14737713, 1, 0, 0
63400, 16438921, 1, 0, 0
63500, 15239296, 1, 0, 0
63605, 12570907, 1, 0, 0
63700, 15039929, 1, 0, 0
63808, 14318446, 1, 0, 0
63905, 17129913, 1, 0, 0
64011, 15892371, 1, 0, 0
64103, 13464442, 1, 0, 0
64202, 14014246, 1, 0, 0
64308, 14170200, 1, 0, 0
64401, 14347354, 1, 0, 0
64502, 14914885, 1, 0, 0
64601, 14420727, 1, 0, 0
64700, 14849681, 1, 0, 0
64802, 15390501, 1, 0, 0
64901, 14089255, 1, 0, 0
65000, 12355043, 1, 0, 0
65108, 13898121, 1, 0, 0
65205, 19587843, 1, 0, 0
65303, 13001730, 1, 0, 0
65401, 24656682, 1, 0, 0
65502, 13235081, 1, 0, 0
65602, 14620558, 1, 0, 0
65707, 18699588, 1, 0, 0
65802, 11038110, 1, 0, 0
65905, 14141999, 1, 0, 0
66002, 15000606, 1, 0, 0
66100, 14990965, 1, 0, 0
66208, 15345257, 1, 0, 0
66306, 15047611, 1, 0, 0
66406, 14924697, 1, 0, 0
66502, 12983819, 1, 0, 0
66607, 10845609, 1, 0, 0
66708, 14216795, 1, 0, 0
66805, 15961448, 1, 0, 0
66901, 12665880, 1, 0, 0
67007, 15769415, 1, 0, 0
67103, 15095170, 1, 0, 0
67205, 14980096, 1, 0, 0
67304, 15317761, 1, 0, 0
67409, 15397653, 1, 0, 0
67501, 15512473, 1, 0, 0
67612, 11907239, 1, 0, 0
67708, 16692223, 1, 0, 0
67807, 16895089, 1, 0, 0
67903, 22245002, 1, 0, 0
68000, 19500815, 1, 0, 0
68101, 15123049, 1, 0, 0
68205, 14280041, 1, 0, 0
68305, 15982228, 1, 0, 0
68404, 15806361, 1, 0, 0
68507, 15643634, 1, 0, 0
68610, 18522481, 1, 0, 0
68701, 13439350, 1, 0, 0
68810, 16459644, 1, 0, 0
68902, 12486558, 1, 0, 0
69000, 16806247, 1, 0, 0
69103, 14174564, 1, 0, 0
69202, 14886556, 1, 0, 0
69306, 14397094, 1, 0, 0
69409, 18828622, 1, 0, 0
69505, 14431070, 1, 0, 0
69601, 16109141, 1, 0, 0
69702, 14854049, 1, 0, 0
69802, 16259141, 1, 0, 0
69900, 15590557, 1, 0, 0
70007, 15778531, 1, 0, 0
70116, 18747499, 1, 0, 0
70212, 23473878, 1, 0, 0
70301, 14973468, 1, 0, 0
70406, 14003838, 1, 0, 0
70508, 15115245, 1, 0, 0
70609, 14308795, 1, 0, 0
70700, 17148578, 1, 0, 0
70808, 15416978, 1, 0, 0
70913, 14069545, 1, 0, 0
71001, 15663102, 1, 0, 0
71110, 15089111, 1, 0, 0
71210, 20239744, 1, 0, 0
71306, 17587256, 1, 0, 0
71406, 15151756, 1, 0, 0
71512, 16061152, 1, 0, 0
71601, 15357255, 1, 0, 0
71706, 12033788, 1, 0, 0
71811, 15055471, 1, 0, 0
71901, 13053361, 1, 0, 0
72014, 14075738, 1, 0, 0
72102, 16042719, 1, 0, 0
72200, 13458249, 1, 0, 0
72311, 16220913, 1, 0, 0
72402, 11152810, 1, 0, 0
72500, 15188702, 1, 0, 0
72602, 14903740, 1, 0, 0
72704, 11900082, 1, 0, 0
72808, 16343176, 1, 0, 0
72901, 13939213, 1, 0, 0
73000, 11010930, 1, 0, 0
73105, 13728549, 1, 0, 0
73206, 16112550, 1, 0, 0
73300, 14198373, 1, 0, 0
73407, 19730201, 1, 0, 0
73507, 17468585, 1, 0, 0
73601, 11565110, 1, 0, 0
73703, 11919402, 1, 0, 0
73803, 13326681, 1, 0, 0
73900, 16840055, 1, 0, 0
74001, 15265465, 1, 0, 0
74106, 12288876, 1, 0, 0
74210, 14708513, 1, 0, 0
74306, 15751887, 1, 0, 0
74403, 16748519, 1, 0, 0
74508, 15353170, 1, 0, 0
74604, 13392416, 1, 0, 0
74700, 16855588, 1, 0, 0
74804, 13272288, 1, 0, 0
74902, 17545991, 1, 0, 0
75010, 15772624, 1, 0, 0
75100, 14083572, 1, 0, 0
75203, 15245599, 1, 0, 0
75301, 13821313, 1, 0, 0
75414, 18107680, 1, 0, 0
75506, 15044283, 1, 0, 0
75617, 14473427, 1, 0, 0
75708, 17215414, 1, 0, 0
75801, 15071099, 1, 0, 0
75902, 15966988, 1, 0, 0
76001, 15413905, 1, 0, 0
76110, 19325855, 1, 0, 0
76207, 13697982, 1, 0, 0
76311, 15235127, 1, 0, 0
76402, 14897999, 1, 0, 0
76505, 15108448, 1, 0, 0
76601, 12850602, 1, 0, 0
76710, 14658875, 1, 0, 0
76801, 17406074, 1, 0, 0
76908, 13570565, 1, 0, 0
77003, 15446241, 1, 0, 0
77104, 13687054, 1, 0, 0
77207, 13016310, 1, 0, 0
77306, 17441610, 1, 0, 0
77405, 13857689, 1, 0, 0
77505, 16819787, 1, 0, 0
77601, 16280841, 1, 0, 0
77701, 12205702, 1, 0, 0
77802, 15268714, 1, 0, 0
77900, 15842097, 1, 0, 0
78000, 16425337, 1, 0, 0
78102, 13798484, 1, 0, 0
78206, 16563217, 1, 0, 0
78302, 14211846, 1, 0, 0
78407, 15732543, 1, 0, 0
78508, 14831151, 1, 0, 0
78605, 15468429, 1, 0, 0
78705, 12706953, 1, 0, 0
78800, 16200930, 1, 0, 0
78901, 15739677, 1, 0, 0
79007, 15641940, 1, 0, 0
79105, 14840584, 1, 0, 0
79205, 14444059, 1, 0, 0
79300, 13828015, 1, 0, 0
79408, 13930106, 1, 0, 0
79515, 15255930, 1, 0, 0
79607, 16041294, 1, 0, 0
79714, 17803667, 1, 0, 0
79821, 17528151, 1, 0, 0
79908, 19339034, 1, 0, 0
80001, 19260456, 1, 0, 0
80100, 15374840, 1, 0, 0
80208, 14578414, 1, 0, 0
80300, 14908216, 1, 0, 0
80410, 14855404, 1, 0, 0
80503, 14599167, 1, 0, 0
80602, 15790008, 1, 0, 0
80705, 17401507, 1, 0, 0
80804, 19246879, 1, 0, 0
80903, 16361807, 1, 0, 0
81004, 14895999, 1, 0, 0
81104, 12423716, 1, 0, 0
81209, 19203445, 1, 0, 0
81310, 15072051, 1, 0, 0
81410, 14248526, 1, 0, 0
81507, 18175381, 1, 0, 0
81602, 13180582, 1, 0, 0
81702, 13372621, 1, 0, 0
81801, 14914520, 1, 0, 0
81915, 15940811, 1, 0, 0
82004, 18076838, 1, 0, 0
82102, 11549604, 1, 0, 0
82209, 13944400, 1, 0, 0
82307, 25022852, 1, 0, 0
82401, 14741768, 1, 0, 0
82505, 16017614, 1, 0, 0
82603, 22387532, 1, 0, 0
82702, 16676828, 1, 0, 0
82811, 18120053, 1, 0, 0
82910, 12400188, 1, 0, 0
83000, 17791355, 1, 0, 0
83101, 16219644, 1, 0, 0
83200, 16631030, 1, 0, 0
83305, 15313820, 1, 0, 0
83403, 15733386, 1, 0, 0
83503, 17556313, 1, 0, 0
83600, 16429259, 1, 0, 0
83705, 14115098, 1, 0, 0
83805, 15161045, 1, 0, 0
83901, 14710862, 1, 0, 0
84010, 15353119, 1, 0, 0
84109, 13400556, 1, 0, 0
84214, 14671954, 1, 0, 0
84301, 16453252, 1, 0, 0
84418, 16041757, 1, 0, 0
84501, 19901347, 1, 0, 0
84611, 14276234, 1, 0, 0
84703, 15980192, 1, 0, 0
84801, 16711818, 1, 0, 0
84902, 14698537, 1, 0, 0
85006, 14273048, 1, 0, 0
85100, 17695250, 1, 0, 0
85201, 15551117, 1, 0, 0
85313, 14471647, 1, 0, 0
85409, 12595847, 1, 0, 0
85500, 16074223, 1, 0, 0
85610, 12434605, 1, 0, 0
85712, 14245583, 1, 0, 0
85801, 14021254, 1, 0, 0
85902, 20062143, 1, 0, 0
86000, 17104928, 1, 0, 0
86105, 19542964, 1, 0, 0
86201, 15867724, 1, 0, 0
86308, 13185015, 1, 0, 0
86400, 13176302, 1, 0, 0
86502, 13775855, 1, 0, 0
86602, 15568436, 1, 0, 0
86701, 18756345, 1, 0, 0
86806, 14810897, 1, 0, 0
86905, 13392216, 1, 0, 0
87000, 13988445, 1, 0, 0
87103, 15334487, 1, 0, 0
87209, 17679017, 1, 0, 0
87303, 16129417, 1, 0, 0
87411, 16085216, 1, 0, 0
87500, 12491102, 1, 0, 0
87608, 17836364, 1, 0, 0
87705, 14715635, 1, 0, 0
87801, 20426109, 1, 0, 0
87902, 15198552, 1, 0, 0
88001, 13100669, 1, 0, 0
88104, 14265275, 1, 0, 0
88203, 17125998, 1, 0, 0
88309, 13372489, 1, 0, 0
88400, 12510988, 1, 0, 0
88501, 14205528, 1, 0, 0
88605, 14506059, 1, 0, 0
88703, 12634661, 1, 0, 0
88804, 13454667, 1, 0, 0
88907, 11652056, 1, 0, 0
89005, 16224071, 1, 0, 0
89104, 16143139, 1, 0, 0
89200, 16459933, 1, 0, 0
89300, 17142501, 1, 0, 0
89413, 13555822, 1, 0, 0
89509, 15982808, 1, 0, 0
89600, 15373622, 1, 0, 0
89716, 17134159, 1, 0, 0
89803, 17306260, 1, 0, 0
89908, 14018307, 1, 0, 0
90004, 13630873, 1, 0, 0
90005, 12194212, 1, 0, 0
