100, 10167, 0, 0, 0
200, 11370, 0, 0, 0
300, 11406, 0, 0, 0
400, 8671, 0, 0, 0
500, 8171, 0, 0, 0
600, 8446, 0, 0, 0
700, 10284, 0, 0, 0
800, 11624, 0, 0, 0
900, 12061, 0, 0, 0
1000, 16383, 0, 0, 0
1100, 12059, 0, 0, 0
1200, 10581, 0, 0, 0
1300, 7632, 0, 0, 0
1400, 8891, 0, 0, 0
1500, 9314, 0, 0, 0
1600, 8914, 0, 0, 0
1700, 10179, 0, 0, 0
1800, 10856, 0, 0, 0
1900, 12055, 0, 0, 0
2000, 14697, 0, 0, 0
2100, 9244, 0, 0, 0
2200, 12097, 0, 0, 0
2300, 11446, 0, 0, 0
2400, 9160, 0, 0, 0
2500, 11419, 0, 0, 0
2600, 17284, 0, 0, 0
2700, 13292, 0, 0, 0
2800, 13118, 0, 0, 0
2900, 11369, 0, 0, 0
3000, 9960, 0, 0, 0
3100, 10220, 0, 0, 0
3200, 12385, 0, 0, 0
3300, 9106, 0, 0, 0
3400, 11848, 0, 0, 0
3500, 13883, 0, 0, 0
3600, 8638, 0, 0, 0
3700, 12778, 0, 0, 0
3800, 8613, 0, 0, 0
3900, 15305, 0, 0, 0
4000, 10277, 0, 0, 0
4100, 11770, 0, 0, 0
4200, 11546, 0, 0, 0
4300, 16274, 0, 0, 0
4400, 10442, 0, 0, 0
4500, 10530, 0, 0, 0
4600, 12543, 0, 0, 0
4700, 12070, 0, 0, 0
4800, 8166, 0, 0, 0
4900, 8958, 0, 0, 0
5000, 9718, 0, 0, 0
5100, 8499, 0, 0, 0
5200, 10810, 0, 0, 0
5300, 12151, 0, 0, 0
5400, 11371, 0, 0, 0
5500, 9929, 0, 0, 0
5600, 11570, 0, 0, 0
5701, 12627, 0, 0, 0
5800, 11523, 0, 0, 0
5900, 10619, 0, 0, 0
6000, 9397, 0, 0, 0
6100, 13397, 0, 0, 0
6200, 10532, 0, 0, 0
6300, 9254, 0, 0, 0
6400, 12897, 0, 0, 0
6500, 16979, 0, 0, 0
6600, 10922, 0, 0, 0
6700, 9356, 0, 0, 0
6800, 12329, 0, 0, 0
6900, 9498, 0, 0, 0
7000, 10886, 0, 0, 0
7100, 12529, 0, 0, 0
7200, 13384, 0, 0, 0
7300, 11071, 0, 0, 0
7400, 8685, 0, 0, 0
7500, 12255, 0, 0, 0
7600, 11845, 0, 0, 0
7701, 10214, 0, 0, 0
7800, 13572, 0, 0, 0
7900, 14840, 0, 0, 0
8000, 12917, 0, 0, 0
8100, 15861, 0, 0, 0
8200, 12112, 0, 0, 0
8300, 8653, 0, 0, 0
8400, 14370, 0, 0, 0
8500, 10796, 0, 0, 0
8600, 10154, 0, 0, 0
8700, 14566, 0, 0, 0
8800, 10708, 0, 0, 0
8900, 12692, 0, 0, 0
9000, 14303, 0, 0, 0
9100, 11067, 0, 0, 0
9200, 6690, 0, 0, 0
9300, 12648, 0, 0, 0
9400, 10256, 0, 0, 0
9500, 8129, 0, 0, 0
9600, 12402, 0, 0, 0
9700, 12729, 0, 0, 0
9800, 10315, 0, 0, 0
9900, 13783, 0, 0, 0
10000, 14366, 0, 0, 0
10100, 12698, 0, 0, 0
10200, 9345, 0, 0, 0
10300, 10318, 0, 0, 0
10400, 11370, 0, 0, 0
10500, 12265, 0, 0, 0
10600, 9263, 0, 0, 0
10700, 12991, 0, 0, 0
10800, 10925, 0, 0, 0
10900, 10209, 0, 0, 0
11001, 16235, 0, 0, 0
11100, 17438, 0, 0, 0
11200, 10729, 0, 0, 0
11300, 11168, 0, 0, 0
11400, 15712, 0, 0, 0
11500, 9208, 0, 0, 0
11600, 11560, 0, 0, 0
11700, 10314, 0, 0, 0
11800, 14096, 0, 0, 0
11900, 11292, 0, 0, 0
12000, 11470, 0, 0, 0
12100, 14722, 0, 0, 0
12200, 13227, 0, 0, 0
12300, 12397, 0, 0, 0
12400, 11412, 0, 0, 0
12500, 11713, 0, 0, 0
12600, 13065, 0, 0, 0
12700, 12770, 0, 0, 0
12800, 17186, 0, 0, 0
12900, 10552, 0, 0, 0
13000, 10485, 0, 0, 0
13100, 11506, 0, 0, 0
13200, 8906, 0, 0, 0
13300, 14730, 0, 0, 0
13400, 8452, 0, 0, 0
13500, 14180, 0, 0, 0
13600, 6926, 0, 0, 0
13700, 9345, 0, 0, 0
13800, 11226, 0, 0, 0
13900, 11496, 0, 0, 0
14000, 7853, 0, 0, 0
14100, 12252, 0, 0, 0
14200, 12394, 0, 0, 0
14300, 10001, 0, 0, 0
14400, 14595, 0, 0, 0
14500, 8109, 0, 0, 0
14600, 12177, 0, 0, 0
14700, 11927, 0, 0, 0
14800, 10936, 0, 0, 0
14900, 11103, 0, 0, 0
15000, 9244, 0, 0, 0
15100, 8349, 0, 0, 0
15200, 12137, 0, 0, 0
15300, 12586, 0, 0, 0
15400, 14007, 0, 0, 0
15500, 9599, 0, 0, 0
15600, 11103, 0, 0, 0
15700, 9475, 0, 0, 0
15800, 15324, 0, 0, 0
15900, 20524, 0, 0, 0
16000, 10778, 0, 0, 0
16100, 11427, 0, 0, 0
16200, 15121, 0, 0, 0
16300, 13795, 0, 0, 0
16400, 12277, 0, 0, 0
16500, 10669, 0, 0, 0
16600, 13302, 0, 0, 0
16700, 8626, 0, 0, 0
16800, 10495, 0, 0, 0
16901, 14421, 0, 0, 0
17000, 8969, 0, 0, 0
17100, 12790, 0, 0, 0
17200, 8744, 0, 0, 0
17300, 10009, 0, 0, 0
17400, 9990, 0, 0, 0
17500, 19183, 0, 0, 0
17600, 12391, 0, 0, 0
17700, 13033, 0, 0, 0
17800, 12679, 0, 0, 0
17900, 12096, 0, 0, 0
18000, 11207, 0, 0, 0
18100, 7910, 0, 0, 0
18200, 12885, 0, 0, 0
18300, 11832, 0, 0, 0
18400, 12403, 0, 0, 0
18500, 12435, 0, 0, 0
18600, 12808, 0, 0, 0
18700, 9168, 0, 0, 0
18800, 11460, 0, 0, 0
18900, 11003, 0, 0, 0
19000, 8244, 0, 0, 0
19100, 10619, 0, 0, 0
19200, 12474, 0, 0, 0
19300, 14147, 0, 0, 0
19400, 13768, 0, 0, 0
19500, 10998, 0, 0, 0
19601, 14167, 0, 0, 0
19700, 16818, 0, 0, 0
19800, 11228, 0, 0, 0
19900, 12609, 0, 0, 0
20000, 8670, 0, 0, 0
20100, 8779, 0, 0, 0
20200, 12577, 0, 0, 0
20300, 16785, 0, 0, 0
20400, 9046, 0, 0, 0
20500, 14207, 0, 0, 0
20600, 8135, 0, 0, 0
20700, 10466, 0, 0, 0
20800, 8451, 0, 0, 0
20900, 9143, 0, 0, 0
21000, 11918, 0, 0, 0
21100, 12579, 0, 0, 0
21200, 8951, 0, 0, 0
21300, 13781, 0, 0, 0
21400, 8603, 0, 0, 0
21501, 11199, 0, 0, 0
21600, 8599, 0, 0, 0
21700, 10234, 0, 0, 0
21800, 9808, 0, 0, 0
21900, 8601, 0, 0, 0
22000, 10457, 0, 0, 0
22100, 16083, 0, 0, 0
22200, 9626, 0, 0, 0
22300, 12684, 0, 0, 0
22400, 10814, 0, 0, 0
22500, 17224, 0, 0, 0
22600, 15079, 0, 0, 0
22700, 10345, 0, 0, 0
22800, 14517, 0, 0, 0
22900, 10057, 0, 0, 0
23000, 11170, 0, 0, 0
23100, 11988, 0, 0, 0
23200, 13881, 0, 0, 0
23300, 12486, 0, 0, 0
23400, 15184, 0, 0, 0
23500, 11759, 0, 0, 0
23600, 13651, 0, 0, 0
23700, 10404, 0, 0, 0
23800, 9860, 0, 0, 0
23900, 14910, 0, 0, 0
24000, 11998, 0, 0, 0
24100, 11855, 0, 0, 0
24200, 12868, 0, 0, 0
24300, 7339, 0, 0, 0
24400, 10992, 0, 0, 0
24500, 8852, 0, 0, 0
24602, 9680, 0, 0, 0
24700, 11682, 0, 0, 0
24800, 10869, 0, 0, 0
24900, 13777, 0, 0, 0
25000, 11892, 0, 0, 0
25100, 8658, 0, 0, 0
25200, 9094, 0, 0, 0
25300, 11335, 0, 0, 0
25400, 14666, 0, 0, 0
25500, 11565, 0, 0, 0
25600, 9444, 0, 0, 0
25700, 9481, 0, 0, 0
25800, 14045, 0, 0, 0
25900, 8337, 0, 0, 0
26000, 8432, 0, 0, 0
26100, 9479, 0, 0, 0
26200, 10371, 0, 0, 0
26300, 10960, 0, 0, 0
26400, 10007, 0, 0, 0
26500, 11917, 0, 0, 0
26600, 11872, 0, 0, 0
26700, 10475, 0, 0, 0
26800, 11308, 0, 0, 0
26900, 13889, 0, 0, 0
27000, 10689, 0, 0, 0
27100, 11945, 0, 0, 0
27200, 9471, 0, 0, 0
27300, 9061, 0, 0, 0
27400, 8926, 0, 0, 0
27500, 9182, 0, 0, 0
27600, 10909, 0, 0, 0
27700, 11391, 0, 0, 0
27800, 8595, 0, 0, 0
27900, 12610, 0, 0, 0
28000, 11066, 0, 0, 0
28101, 9595, 0, 0, 0
28200, 10075, 0, 0, 0
28300, 13510, 0, 0, 0
28400, 12019, 0, 0, 0
28500, 7343, 0, 0, 0
28600, 10666, 0, 0, 0
28700, 9416, 0, 0, 0
28800, 10095, 0, 0, 0
28900, 9329, 0, 0, 0
29001, 10078, 0, 0, 0
29100, 10102, 0, 0, 0
29200, 8799, 0, 0, 0
29300, 10967, 0, 0, 0
29400, 9651, 0, 0, 0
29500, 10693, 0, 0, 0
29600, 16225, 0, 0, 0
29700, 11846, 0, 0, 0
29800, 11280, 0, 0, 0
29900, 8191, 0, 0, 0
30000, 16436, 0, 0, 0
30100, 7954, 0, 0, 0
30200, 13291, 0, 0, 0
30300, 7942, 0, 0, 0
30400, 12649, 0, 0, 0
30500, 13193, 0, 0, 0
30600, 12506, 0, 0, 0
30700, 11366, 0, 0, 0
30800, 13299, 0, 0, 0
30900, 10868, 0, 0, 0
31000, 14403, 0, 0, 0
31100, 14624, 0, 0, 0
31200, 11278, 0, 0, 0
31300, 12291, 0, 0, 0
31400, 12911, 0, 0, 0
31500, 12744, 0, 0, 0
31600, 13760, 0, 0, 0
31700, 11017, 0, 0, 0
31800, 11800, 0, 0, 0
31900, 18923, 0, 0, 0
32000, 12745, 0, 0, 0
32100, 20724, 0, 0, 0
32200, 19072, 0, 0, 0
32300, 26468, 0, 0, 0
32400, 11876, 0, 0, 0
32500, 13063, 0, 0, 0
32600, 21627, 0, 0, 0
32700, 13308, 0, 0, 0
32800, 13722, 0, 0, 0
32900, 13024, 0, 0, 0
33000, 8381, 0, 0, 0
33100, 11366, 0, 0, 0
33200, 10392, 0, 0, 0
33300, 18554, 0, 0, 0
33402, 13889, 0, 0, 0
33500, 9851, 0, 0, 0
33600, 12284, 0, 0, 0
33700, 14052, 0, 0, 0
33800, 13469, 0, 0, 0
33900, 11876, 0, 0, 0
34000, 7384, 0, 0, 0
34100, 11967, 0, 0, 0
34200, 10067, 0, 0, 0
34300, 13784, 0, 0, 0
34400, 8988, 0, 0, 0
34500, 9973, 0, 0, 0
34600, 10716, 0, 0, 0
34700, 12149, 0, 0, 0
34800, 11099, 0, 0, 0
34900, 11141, 0, 0, 0
35000, 13780, 0, 0, 0
35101, 13532, 0, 0, 0
35200, 13145, 0, 0, 0
35300, 15865, 0, 0, 0
35400, 14274, 0, 0, 0
35500, 8176, 0, 0, 0
35600, 10329, 0, 0, 0
35700, 11285, 0, 0, 0
35800, 7859, 0, 0, 0
35900, 8635, 0, 0, 0
36000, 7544, 0, 0, 0
36100, 8186, 0, 0, 0
36200, 8849, 0, 0, 0
36300, 14939, 0, 0, 0
36400, 13475, 0, 0, 0
36500, 8587, 0, 0, 0
36600, 9208, 0, 0, 0
36700, 12834, 0, 0, 0
36800, 14237, 0, 0, 0
36900, 9157, 0, 0, 0
37000, 13180, 0, 0, 0
37100, 9000, 0, 0, 0
37200, 10269, 0, 0, 0
37300, 11596, 0, 0, 0
37400, 13002, 0, 0, 0
37500, 11971, 0, 0, 0
37600, 11267, 0, 0, 0
37700, 15510, 0, 0, 0
37800, 14488, 0, 0, 0
37900, 9873, 0, 0, 0
38000, 14714, 0, 0, 0
38100, 18552, 0, 0, 0
38200, 14624, 0, 0, 0
38300, 10120, 0, 0, 0
38400, 15697, 0, 0, 0
38500, 10042, 0, 0, 0
38600, 13622, 0, 0, 0
38700, 16614, 0, 0, 0
38800, 13279, 0, 0, 0
38900, 10473, 0, 0, 0
39000, 12764, 0, 0, 0
39100, 9125, 0, 0, 0
39200, 9917, 0, 0, 0
39300, 10927, 0, 0, 0
39400, 7328, 0, 0, 0
39500, 10611, 0, 0, 0
39600, 13932, 0, 0, 0
39700, 9250, 0, 0, 0
39800, 8528, 0, 0, 0
39900, 10598, 0, 0, 0
40000, 11480, 0, 0, 0
40100, 9743, 0, 0, 0
40200, 11070, 0, 0, 0
40300, 13101, 0, 0, 0
40400, 12681, 0, 0, 0
40500, 11420, 0, 0, 0
40600, 12754, 0, 0, 0
40700, 12237, 0, 0, 0
40800, 7287, 0, 0, 0
40900, 11085, 0, 0, 0
41000, 13444, 0, 0, 0
41100, 18357, 0, 0, 0
41200, 9648, 0, 0, 0
41300, 11344, 0, 0, 0
41400, 10473, 0, 0, 0
41500, 9775, 0, 0, 0
41601, 9105, 0, 0, 0
41700, 14336, 0, 0, 0
41800, 8691, 0, 0, 0
41900, 9654, 0, 0, 0
42000, 9666, 0, 0, 0
42100, 17802, 0, 0, 0
42200, 9408, 0, 0, 0
42300, 12333, 0, 0, 0
42400, 10412, 0, 0, 0
42500, 8107, 0, 0, 0
42600, 8396, 0, 0, 0
42700, 13027, 0, 0, 0
42800, 9551, 0, 0, 0
42900, 14968, 0, 0, 0
43001, 10445, 0, 0, 0
43100, 12605, 0, 0, 0
43200, 10567, 0, 0, 0
43300, 10209, 0, 0, 0
43400, 9058, 0, 0, 0
43500, 9778, 0, 0, 0
43600, 9415, 0, 0, 0
43700, 12394, 0, 0, 0
43800, 11319, 0, 0, 0
43900, 9448, 0, 0, 0
44000, 11485, 0, 0, 0
44100, 11656, 0, 0, 0
44200, 12298, 0, 0, 0
44300, 10106, 0, 0, 0
44400, 14523, 0, 0, 0
44500, 10798, 0, 0, 0
44600, 9763, 0, 0, 0
44700, 9349, 0, 0, 0
44800, 11971, 0, 0, 0
44900, 12921, 0, 0, 0
45000, 7992, 0, 0, 0
45100, 15491, 0, 0, 0
45200, 11371, 0, 0, 0
45300, 10980, 0, 0, 0
45400, 12678, 0, 0, 0
45500, 8368, 0, 0, 0
45600, 14559, 0, 0, 0
45700, 8951, 0, 0, 0
45800, 10937, 0, 0, 0
45900, 9861, 0, 0, 0
46000, 9382, 0, 0, 0
46100, 9029, 0, 0, 0
46200, 10906, 0, 0, 0
46301, 12122, 0, 0, 0
46401, 9053, 0, 0, 0
46500, 16339, 0, 0, 0
46600, 10445, 0, 0, 0
46700, 13416, 0, 0, 0
46800, 11108, 0, 0, 0
46900, 15753, 0, 0, 0
47000, 10624, 0, 0, 0
47100, 9838, 0, 0, 0
47200, 11520, 0, 0, 0
47300, 11759, 0, 0, 0
47400, 8140, 0, 0, 0
47500, 9446, 0, 0, 0
47600, 12715, 0, 0, 0
47700, 12048, 0, 0, 0
47800, 12164, 0, 0, 0
47900, 15782, 0, 0, 0
48001, 9544, 0, 0, 0
48100, 13250, 0, 0, 0
48200, 12635, 0, 0, 0
48300, 10049, 0, 0, 0
48400, 8663, 0, 0, 0
48500, 9359, 0, 0, 0
48600, 11552, 0, 0, 0
48700, 12798, 0, 0, 0
48800, 14144, 0, 0, 0
48900, 8880, 0, 0, 0
49000, 12868, 0, 0, 0
49100, 10391, 0, 0, 0
49200, 12015, 0, 0, 0
49300, 9444, 0, 0, 0
49400, 10076, 0, 0, 0
49500, 9312, 0, 0, 0
49600, 11097, 0, 0, 0
49700, 13535, 0, 0, 0
49800, 9538, 0, 0, 0
49900, 12075, 0, 0, 0
50000, 13169, 0, 0, 0
50100, 10936, 0, 0, 0
50200, 9291, 0, 0, 0
50301, 11552, 0, 0, 0
50400, 12375, 0, 0, 0
50500, 15545, 0, 0, 0
50600, 8843, 0, 0, 0
50700, 11637, 0, 0, 0
50800, 10411, 0, 0, 0
50900, 9992, 0, 0, 0
51001, 14522, 0, 0, 0
51100, 10348, 0, 0, 0
51200, 9751, 0, 0, 0
51300, 8854, 0, 0, 0
51400, 7715, 0, 0, 0
51500, 9577, 0, 0, 0
51600, 8049, 0, 0, 0
51700, 14310, 0, 0, 0
51800, 10515, 0, 0, 0
51900, 10952, 0, 0, 0
52000, 12287, 0, 0, 0
52100, 12114, 0, 0, 0
52200, 11653, 0, 0, 0
52300, 17956, 0, 0, 0
52400, 7971, 0, 0, 0
52500, 8624, 0, 0, 0
52600, 11168, 0, 0, 0
52700, 16727, 0, 0, 0
52800, 14120, 0, 0, 0
52900, 9744, 0, 0, 0
53000, 16709, 0, 0, 0
53100, 11225, 0, 0, 0
53200, 10710, 0, 0, 0
53300, 12727, 0, 0, 0
53400, 13491, 0, 0, 0
53500, 11167, 0, 0, 0
53600, 18093, 0, 0, 0
53700, 12332, 0, 0, 0
53800, 14100, 0, 0, 0
53900, 8927, 0, 0, 0
54000, 10223, 0, 0, 0
54100, 12910, 0, 0, 0
54200, 8841, 0, 0, 0
54300, 11571, 0, 0, 0
54400, 9278, 0, 0, 0
54501, 10337, 0, 0, 0
54600, 13260, 0, 0, 0
54700, 11471, 0, 0, 0
54800, 12204, 0, 0, 0
54900, 15136, 0, 0, 0
55000, 10061, 0, 0, 0
55100, 11025, 0, 0, 0
55200, 12695, 0, 0, 0
55300, 11996, 0, 0, 0
55400, 12738, 0, 0, 0
55500, 9824, 0, 0, 0
55600, 10662, 0, 0, 0
55700, 11524, 0, 0, 0
55800, 11872, 0, 0, 0
55901, 12259, 0, 0, 0
56000, 9437, 0, 0, 0
56100, 13639, 0, 0, 0
56200, 10099, 0, 0, 0
56300, 10664, 0, 0, 0
56400, 12618, 0, 0, 0
56500, 14612, 0, 0, 0
56600, 9676, 0, 0, 0
56700, 15637, 0, 0, 0
56800, 8787, 0, 0, 0
56900, 8683, 0, 0, 0
57000, 14890, 0, 0, 0
57100, 12396, 0, 0, 0
57200, 11136, 0, 0, 0
57300, 18149, 0, 0, 0
57400, 12151, 0, 0, 0
57500, 14360, 0, 0, 0
57600, 9120, 0, 0, 0
57700, 8503, 0, 0, 0
57800, 7892, 0, 0, 0
57900, 15076, 0, 0, 0
58000, 11767, 0, 0, 0
58100, 12152, 0, 0, 0
58200, 11315, 0, 0, 0
58300, 10303, 0, 0, 0
58400, 7698, 0, 0, 0
58500, 8648, 0, 0, 0
58600, 11638, 0, 0, 0
58700, 10408, 0, 0, 0
58800, 13074, 0, 0, 0
58900, 10903, 0, 0, 0
59000, 11873, 0, 0, 0
59100, 7731, 0, 0, 0
59200, 11692, 0, 0, 0
59300, 11015, 0, 0, 0
59400, 9337, 0, 0, 0
59500, 7977, 0, 0, 0
59600, 8667, 0, 0, 0
59700, 8727, 0, 0, 0
59800, 12361, 0, 0, 0
59900, 10183, 0, 0, 0
60000, 12594, 0, 0, 0
60100, 10204, 0, 0, 0
60200, 12952, 0, 0, 0
60300, 8852, 0, 0, 0
60401, 12120, 0, 0, 0
60500, 9595, 0, 0, 0
60600, 11205, 0, 0, 0
60700, 11854, 0, 0, 0
60800, 9281, 0, 0, 0
60900, 9550, 0, 0, 0
61000, 12680, 0, 0, 0
61100, 10698, 0, 0, 0
61200, 11796, 0, 0, 0
61300, 11138, 0, 0, 0
61400, 15476, 0, 0, 0
61500, 11795, 0, 0, 0
61600, 10861, 0, 0, 0
61700, 15471, 0, 0, 0
61800, 9220, 0, 0, 0
61900, 17508, 0, 0, 0
62000, 10081, 0, 0, 0
62100, 10906, 0, 0, 0
62200, 10407, 0, 0, 0
62301, 12648, 0, 0, 0
62400, 13559, 0, 0, 0
62500, 11813, 0, 0, 0
62600, 13723, 0, 0, 0
62700, 10711, 0, 0, 0
62800, 12557, 0, 0, 0
62900, 9718, 0, 0, 0
63000, 11848, 0, 0, 0
63100, 12519, 0, 0, 0
63200, 9710, 0, 0, 0
63300, 10800, 0, 0, 0
63400, 10825, 0, 0, 0
63500, 16102, 0, 0, 0
63600, 11482, 0, 0, 0
63700, 11092, 0, 0, 0
63800, 9987, 0, 0, 0
63900, 11286, 0, 0, 0
64000, 10265, 0, 0, 0
64100, 13627, 0, 0, 0
64200, 13560, 0, 0, 0
64300, 10406, 0, 0, 0
64400, 10170, 0, 0, 0
64500, 10998, 0, 0, 0
64600, 13265, 0, 0, 0
64700, 12319, 0, 0, 0
64800, 9764, 0, 0, 0
64900, 7787, 0, 0, 0
65000, 9408, 0, 0, 0
65100, 13217, 0, 0, 0
65200, 8502, 0, 0, 0
65300, 9655, 0, 0, 0
65400, 13669, 0, 0, 0
65500, 7749, 0, 0, 0
65600, 13835, 0, 0, 0
65700, 13217, 0, 0, 0
65800, 9344, 0, 0, 0
65900, 13426, 0, 0, 0
66000, 9034, 0, 0, 0
66100, 8951, 0, 0, 0
66200, 9528, 0, 0, 0
66300, 11612, 0, 0, 0
66400, 10560, 0, 0, 0
66500, 11545, 0, 0, 0
66600, 10633, 0, 0, 0
66700, 11303, 0, 0, 0
66800, 10320, 0, 0, 0
66900, 14158, 0, 0, 0
67000, 17631, 0, 0, 0
67100, 11473, 0, 0, 0
67200, 10214, 0, 0, 0
67300, 9846, 0, 0, 0
67400, 14589, 0, 0, 0
67500, 11101, 0, 0, 0
67600, 8845, 0, 0, 0
67700, 9848, 0, 0, 0
67800, 8398, 0, 0, 0
67900, 11358, 0, 0, 0
68000, 8323, 0, 0, 0
68100, 7169, 0, 0, 0
68200, 9635, 0, 0, 0
68300, 9966, 0, 0, 0
68400, 13010, 0, 0, 0
68500, 12164, 0, 0, 0
68600, 8352, 0, 0, 0
68700, 9336, 0, 0, 0
68800, 11357, 0, 0, 0
68900, 16272, 0, 0, 0
69000, 12821, 0, 0, 0
69100, 9584, 0, 0, 0
69200, 10680, 0, 0, 0
69300, 12305, 0, 0, 0
69400, 10711, 0, 0, 0
69500, 8990, 0, 0, 0
69600, 13670, 0, 0, 0
69700, 11106, 0, 0, 0
69800, 9766, 0, 0, 0
69900, 16279, 0, 0, 0
70000, 12767, 0, 0, 0
70101, 12444, 0, 0, 0
70200, 10286, 0, 0, 0
70300, 11182, 0, 0, 0
70400, 12238, 0, 0, 0
70500, 11833, 0, 0, 0
70600, 10783, 0, 0, 0
70700, 10574, 0, 0, 0
70800, 8656, 0, 0, 0
70900, 8655, 0, 0, 0
71000, 10710, 0, 0, 0
71100, 13953, 0, 0, 0
71200, 9719, 0, 0, 0
71300, 9976, 0, 0, 0
71400, 9521, 0, 0, 0
71500, 11835, 0, 0, 0
71600, 7170, 0, 0, 0
71700, 15148, 0, 0, 0
71800, 15424, 0, 0, 0
71900, 9416, 0, 0, 0
72000, 9503, 0, 0, 0
72100, 15187, 0, 0, 0
72200, 9529, 0, 0, 0
72300, 9982, 0, 0, 0
72400, 10231, 0, 0, 0
72500, 12598, 0, 0, 0
72600, 10929, 0, 0, 0
72700, 10144, 0, 0, 0
72800, 12998, 0, 0, 0
72900, 9799, 0, 0, 0
73000, 7239, 0, 0, 0
73100, 10937, 0, 0, 0
73201, 10182, 0, 0, 0
73300, 10417, 0, 0, 0
73400, 11703, 0, 0, 0
73501, 12585, 0, 0, 0
73600, 13014, 0, 0, 0
73700, 9230, 0, 0, 0
73800, 9779, 0, 0, 0
73900, 13750, 0, 0, 0
74000, 9069, 0, 0, 0
74100, 9796, 0, 0, 0
74200, 8631, 0, 0, 0
74300, 10574, 0, 0, 0
74400, 17306, 0, 0, 0
74500, 7806, 0, 0, 0
74600, 13255, 0, 0, 0
74700, 9834, 0, 0, 0
74800, 9161, 0, 0, 0
74900, 11116, 0, 0, 0
75000, 14198, 0, 0, 0
75100, 13550, 0, 0, 0
75200, 16771, 0, 0, 0
75300, 12010, 0, 0, 0
75400, 18589, 0, 0, 0
75500, 10946, 0, 0, 0
75600, 12908, 0, 0, 0
75700, 12824, 0, 0, 0
75800, 10270, 0, 0, 0
75900, 9035, 0, 0, 0
76000, 14428, 0, 0, 0
76100, 10783, 0, 0, 0
76200, 13542, 0, 0, 0
76300, 11194, 0, 0, 0
76400, 8386, 0, 0, 0
76500, 9185, 0, 0, 0
76600, 8156, 0, 0, 0
76700, 9118, 0, 0, 0
76800, 10589, 0, 0, 0
76900, 10929, 0, 0, 0
77000, 15398, 0, 0, 0
77100, 9136, 0, 0, 0
77200, 9518, 0, 0, 0
77300, 12726, 0, 0, 0
77400, 11572, 0, 0, 0
77500, 16352, 0, 0, 0
77600, 11084, 0, 0, 0
77700, 10129, 0, 0, 0
77800, 12545, 0, 0, 0
77900, 15490, 0, 0, 0
78000, 12701, 0, 0, 0
78100, 13650, 0, 0, 0
78200, 13237, 0, 0, 0
78300, 13028, 0, 0, 0
78400, 12380, 0, 0, 0
78500, 12850, 0, 0, 0
78600, 12960, 0, 0, 0
78700, 8513, 0, 0, 0
78800, 11429, 0, 0, 0
78900, 10122, 0, 0, 0
79000, 12691, 0, 0, 0
79100, 11262, 0, 0, 0
79200, 13586, 0, 0, 0
79300, 16605, 0, 0, 0
79400, 7688, 0, 0, 0
79500, 7115, 0, 0, 0
79600, 13155, 0, 0, 0
79700, 11725, 0, 0, 0
79800, 13697, 0, 0, 0
79900, 8989, 0, 0, 0
80000, 11271, 0, 0, 0
80100, 15057, 0, 0, 0
80200, 12928, 0, 0, 0
80301, 10740, 0, 0, 0
80400, 10827, 0, 0, 0
80500, 9603, 0, 0, 0
80600, 12239, 0, 0, 0
80700, 12813, 0, 0, 0
80800, 9268, 0, 0, 0
80900, 10385, 0, 0, 0
81000, 13791, 0, 0, 0
81100, 14024, 0, 0, 0
81200, 12458, 0, 0, 0
81300, 11621, 0, 0, 0
81400, 8116, 0, 0, 0
81500, 11999, 0, 0, 0
81600, 8118, 0, 0, 0
81700, 10821, 0, 0, 0
81800, 8777, 0, 0, 0
81900, 13335, 0, 0, 0
82000, 9143, 0, 0, 0
82100, 10780, 0, 0, 0
82200, 13597, 0, 0, 0
82300, 11201, 0, 0, 0
82400, 9757, 0, 0, 0
82500, 10060, 0, 0, 0
82600, 11498, 0, 0, 0
82700, 11237, 0, 0, 0
82800, 9694, 0, 0, 0
82900, 11348, 0, 0, 0
83000, 10296, 0, 0, 0
83100, 9265, 0, 0, 0
83200, 12009, 0, 0, 0
83300, 9058, 0, 0, 0
83401, 13224, 0, 0, 0
83500, 9878, 0, 0, 0
83600, 12021, 0, 0, 0
83700, 11878, 0, 0, 0
83800, 10283, 0, 0, 0
83900, 11814, 0, 0, 0
84000, 10115, 0, 0, 0
84100, 11630, 0, 0, 0
84200, 9936, 0, 0, 0
84300, 15734, 0, 0, 0
84400, 14088, 0, 0, 0
84500, 11057, 0, 0, 0
84600, 11015, 0, 0, 0
84700, 9112, 0, 0, 0
84800, 16515, 0, 0, 0
84900, 10181, 0, 0, 0
85000, 9200, 0, 0, 0
85100, 10119, 0, 0, 0
85200, 14951, 0, 0, 0
85300, 13256, 0, 0, 0
85400, 13764, 0, 0, 0
85500, 13118, 0, 0, 0
85600, 8578, 0, 0, 0
85700, 12005, 0, 0, 0
85800, 13298, 0, 0, 0
85900, 10857, 0, 0, 0
86000, 11144, 0, 0, 0
86100, 14649, 0, 0, 0
86200, 16262, 0, 0, 0
86300, 11539, 0, 0, 0
86400, 11618, 0, 0, 0
86500, 10082, 0, 0, 0
86600, 11410, 0, 0, 0
86700, 10427, 0, 0, 0
86800, 8399, 0, 0, 0
86900, 10638, 0, 0, 0
87000, 8619, 0, 0, 0
87100, 11480, 0, 0, 0
87200, 10689, 0, 0, 0
87300, 12347, 0, 0, 0
87400, 12398, 0, 0, 0
87500, 9949, 0, 0, 0
87600, 13617, 0, 0, 0
87701, 10658, 0, 0, 0
87800, 10485, 0, 0, 0
87900, 9687, 0, 0, 0
88000, 9532, 0, 0, 0
88100, 11149, 0, 0, 0
88200, 10210, 0, 0, 0
88300, 8174, 0, 0, 0
88400, 12955, 0, 0, 0
88500, 16961, 0, 0, 0
88600, 8656, 0, 0, 0
88700, 12342, 0, 0, 0
88800, 6711, 0, 0, 0
88900, 9900, 0, 0, 0
89000, 12847, 0, 0, 0
89100, 14359, 0, 0, 0
89200, 10695, 0, 0, 0
89300, 12307, 0, 0, 0
89400, 16597, 0, 0, 0
89500, 10478, 0, 0, 0
89600, 10836, 0, 0, 0
89700, 7257, 0, 0, 0
89800, 19037, 0, 0, 0
89900, 10154, 0, 0, 0
90004, 17332, 0, 0, 0
