250, 54528, 0, 0, 0
250, 19712, 1, 0, 0
350, 46720, 0, 0, 0
350, 24320, 1, 0, 0
450, 57600, 0, 0, 0
450, 17920, 1, 0, 0
550, 48000, 0, 0, 0
550, 21120, 1, 0, 0
650, 55680, 0, 0, 0
650, 18560, 1, 0, 0
749, 48484, 0, 0, 0
749, 24565, 1, 0, 0
849, 10240, 0, 0, 0
849, 5760, 1, 0, 0
949, 14080, 0, 0, 0
949, 7680, 1, 0, 0
1049, 33280, 0, 0, 0
1049, 7040, 1, 0, 0
1149, 47360, 0, 0, 0
1149, 16000, 1, 0, 0
1250, 40960, 0, 0, 0
1250, 26880, 1, 0, 0
1350, 48640, 0, 0, 0
1350, 21120, 1, 0, 0
1450, 40960, 0, 0, 0
1450, 25600, 1, 0, 0
1550, 46080, 0, 0, 0
1550, 21120, 1, 0, 0
1650, 46720, 0, 0, 0
1650, 22400, 1, 0, 0
1749, 53656, 0, 0, 0
1749, 16808, 1, 0, 0
1849, 55040, 0, 0, 0
1849, 19840, 1, 0, 0
1949, 51840, 0, 0, 0
1949, 21760, 1, 0, 0
2049, 44800, 0, 0, 0
2049, 25600, 1, 0, 0
2149, 33280, 0, 0, 0
2149, 10240, 1, 0, 0
2249, 28160, 0, 0, 0
2249, 12800, 1, 0, 0
2349, 43520, 0, 0, 0
2349, 26240, 1, 0, 0
2449, 51840, 0, 0, 0
2449, 20480, 1, 0, 0
2549, 51200, 0, 0, 0
2549, 21760, 1, 0, 0
2650, 53760, 0, 0, 0
2650, 19200, 1, 0, 0
2749, 50424, 0, 0, 0
2749, 21979, 1, 0, 0
2849, 49280, 0, 0, 0
2849, 21120, 1, 0, 0
2949, 46080, 0, 0, 0
2949, 20480, 1, 0, 0
3049, 54400, 0, 0, 0
3049, 19200, 1, 0, 0
3149, 48000, 0, 0, 0
3149, 23040, 1, 0, 0
3249, 51840, 0, 0, 0
3249, 18560, 1, 0, 0
3349, 48000, 0, 0, 0
3349, 23680, 1, 0, 0
3449, 53120, 0, 0, 0
3449, 19840, 1, 0, 0
3550, 45440, 0, 0, 0
3550, 23040, 1, 0, 0
3650, 46080, 0, 0, 0
3650, 21120, 1, 0, 0
3749, 25858, 0, 0, 0
3749, 12282, 1, 0, 0
3849, 19200, 0, 0, 0
3849, 7040, 1, 0, 0
3949, 17920, 0, 0, 0
3949, 12800, 1, 0, 0
4049, 49920, 0, 0, 0
4049, 17280, 1, 0, 0
4149, 39680, 0, 0, 0
4149, 26240, 1, 0, 0
4249, 54400, 0, 0, 0
4249, 18560, 1, 0, 0
4349, 49280, 0, 0, 0
4349, 21760, 1, 0, 0
4449, 34560, 0, 0, 0
4449, 12800, 1, 0, 0
4549, 26880, 0, 0, 0
4549, 14720, 1, 0, 0
4650, 50560, 0, 0, 0
4650, 16000, 1, 0, 0
4749, 47838, 0, 0, 0
4749, 25212, 1, 0, 0
4849, 46720, 0, 0, 0
4849, 23040, 1, 0, 0
4949, 51840, 0, 0, 0
4949, 20480, 1, 0, 0
5049, 50560, 0, 0, 0
5049, 22400, 1, 0, 0
5149, 47360, 0, 0, 0
5149, 20480, 1, 0, 0
5249, 50560, 0, 0, 0
5249, 17920, 1, 0, 0
5449, 44800, 0, 0, 0
5449, 16640, 1, 0, 0
5550, 46080, 0, 0, 0
5550, 22400, 1, 0, 0
5650, 48640, 0, 0, 0
5650, 19840, 1, 0, 0
5749, 51717, 0, 0, 0
5749, 20686, 1, 0, 0
5849, 23040, 0, 0, 0
5849, 10880, 1, 0, 0
5949, 11520, 0, 0, 0
5949, 3840, 1, 0, 0
6049, 37120, 0, 0, 0
6049, 9600, 1, 0, 0
6149, 51200, 0, 0, 0
6149, 19840, 1, 0, 0
6249, 53760, 0, 0, 0
6249, 19840, 1, 0, 0
6349, 48000, 0, 0, 0
6349, 21120, 1, 0, 0
6449, 47360, 0, 0, 0
6449, 21120, 1, 0, 0
6549, 43520, 0, 0, 0
6549, 24320, 1, 0, 0
6650, 51840, 0, 0, 0
6650, 21760, 1, 0, 0
6750, 51840, 0, 0, 0
6750, 18560, 1, 0, 0
6850, 55680, 0, 0, 0
6850, 19200, 1, 0, 0
6950, 46720, 0, 0, 0
6950, 23040, 1, 0, 0
7050, 43520, 0, 0, 0
7050, 23680, 1, 0, 0
7150, 46720, 0, 0, 0
7150, 23040, 1, 0, 0
7249, 49777, 0, 0, 0
7249, 22626, 1, 0, 0
7349, 46080, 0, 0, 0
7349, 24320, 1, 0, 0
7449, 47360, 0, 0, 0
7449, 21120, 1, 0, 0
7549, 51200, 0, 0, 0
7549, 22400, 1, 0, 0
7649, 51840, 0, 0, 0
7649, 17920, 1, 0, 0
7749, 45898, 0, 0, 0
7749, 23272, 1, 0, 0
7849, 43520, 0, 0, 0
7849, 27520, 1, 0, 0
7949, 58240, 0, 0, 0
7949, 16640, 1, 0, 0
8049, 55680, 0, 0, 0
8049, 19840, 1, 0, 0
8149, 54400, 0, 0, 0
8149, 21120, 1, 0, 0
8249, 42240, 0, 0, 0
8249, 22400, 1, 0, 0
8349, 51200, 0, 0, 0
8349, 22400, 1, 0, 0
8449, 42880, 0, 0, 0
8449, 15360, 1, 0, 0
8550, 39040, 0, 0, 0
8550, 22400, 1, 0, 0
8650, 43520, 0, 0, 0
8650, 23680, 1, 0, 0
8749, 28444, 0, 0, 0
8749, 12929, 1, 0, 0
8849, 12160, 0, 0, 0
8849, 7680, 1, 0, 0
8949, 32640, 0, 0, 0
8949, 10880, 1, 0, 0
9049, 55040, 0, 0, 0
9049, 17920, 1, 0, 0
9149, 37760, 0, 0, 0
9149, 17280, 1, 0, 0
9249, 51840, 0, 0, 0
9249, 21120, 1, 0, 0
9349, 49280, 0, 0, 0
9349, 20480, 1, 0, 0
9449, 40960, 0, 0, 0
9449, 12800, 1, 0, 0
9549, 19840, 0, 0, 0
9549, 11520, 1, 0, 0
9650, 32000, 0, 0, 0
9650, 19840, 1, 0, 0
9749, 43313, 0, 0, 0
9749, 23272, 1, 0, 0
9849, 42880, 0, 0, 0
9849, 21120, 1, 0, 0
9949, 55040, 0, 0, 0
9949, 17280, 1, 0, 0
10049, 53760, 0, 0, 0
10049, 21120, 1, 0, 0
10149, 53120, 0, 0, 0
10149, 22400, 1, 0, 0
10249, 49920, 0, 0, 0
10249, 23680, 1, 0, 0
10350, 48640, 0, 0, 0
10350, 20480, 1, 0, 0
10450, 53120, 0, 0, 0
10450, 19840, 1, 0, 0
10550, 48000, 0, 0, 0
10550, 23680, 1, 0, 0
10650, 56320, 0, 0, 0
10650, 17280, 1, 0, 0
10749, 55595, 0, 0, 0
10749, 14868, 1, 0, 0
10849, 48000, 0, 0, 0
10849, 17920, 1, 0, 0
10949, 13440, 0, 0, 0
10949, 8320, 1, 0, 0
11049, 21760, 0, 0, 0
11049, 5120, 1, 0, 0
11149, 40960, 0, 0, 0
11149, 16000, 1, 0, 0
11250, 53120, 0, 0, 0
11250, 20480, 1, 0, 0
11350, 53120, 0, 0, 0
11350, 19200, 1, 0, 0
11450, 45440, 0, 0, 0
11450, 24320, 1, 0, 0
11550, 47360, 0, 0, 0
11550, 20480, 1, 0, 0
11650, 46720, 0, 0, 0
11650, 21760, 1, 0, 0
11749, 54303, 0, 0, 0
11749, 14222, 1, 0, 0
11849, 51840, 0, 0, 0
11849, 19200, 1, 0, 0
11949, 57600, 0, 0, 0
11949, 16640, 1, 0, 0
12049, 51840, 0, 0, 0
12049, 20480, 1, 0, 0
12149, 40960, 0, 0, 0
12149, 25600, 1, 0, 0
12250, 48000, 0, 0, 0
12250, 16640, 1, 0, 0
12350, 53760, 0, 0, 0
12350, 19200, 1, 0, 0
12450, 50560, 0, 0, 0
12450, 22400, 1, 0, 0
12550, 48640, 0, 0, 0
12550, 24320, 1, 0, 0
12650, 44800, 0, 0, 0
12650, 23680, 1, 0, 0
12749, 52363, 0, 0, 0
12749, 20040, 1, 0, 0
12849, 52480, 0, 0, 0
12849, 19200, 1, 0, 0
12949, 53760, 0, 0, 0
12949, 19200, 1, 0, 0
13049, 51200, 0, 0, 0
13049, 21760, 1, 0, 0
13149, 47360, 0, 0, 0
13149, 22400, 1, 0, 0
13249, 44160, 0, 0, 0
13249, 24320, 1, 0, 0
13349, 44800, 0, 0, 0
13349, 23680, 1, 0, 0
13450, 42240, 0, 0, 0
13450, 19200, 1, 0, 0
13550, 34560, 0, 0, 0
13550, 15360, 1, 0, 0
13650, 46080, 0, 0, 0
13650, 21120, 1, 0, 0
13749, 31030, 0, 0, 0
13749, 8404, 1, 0, 0
13849, 9600, 0, 0, 0
13849, 2560, 1, 0, 0
13949, 10240, 0, 0, 0
13949, 4480, 1, 0, 0
14049, 12160, 0, 0, 0
14049, 6400, 1, 0, 0
14149, 44800, 0, 0, 0
14149, 13440, 1, 0, 0
14250, 39680, 0, 0, 0
14250, 19840, 1, 0, 0
14350, 36480, 0, 0, 0
14350, 16640, 1, 0, 0
14450, 51840, 0, 0, 0
14450, 16640, 1, 0, 0
14550, 32640, 0, 0, 0
14550, 9600, 1, 0, 0
14650, 32000, 0, 0, 0
14650, 16640, 1, 0, 0
14749, 50424, 0, 0, 0
14749, 18747, 1, 0, 0
14849, 53120, 0, 0, 0
14849, 19840, 1, 0, 0
14949, 51200, 0, 0, 0
14949, 21120, 1, 0, 0
15049, 49920, 0, 0, 0
15049, 23040, 1, 0, 0
15149, 42880, 0, 0, 0
15149, 24960, 1, 0, 0
15249, 50560, 0, 0, 0
15249, 23680, 1, 0, 0
15349, 46080, 0, 0, 0
15349, 23040, 1, 0, 0
15450, 49280, 0, 0, 0
15450, 21760, 1, 0, 0
15550, 48640, 0, 0, 0
15550, 19840, 1, 0, 0
15650, 52480, 0, 0, 0
15650, 21760, 1, 0, 0
15749, 47838, 0, 0, 0
15749, 22626, 1, 0, 0
15849, 47360, 0, 0, 0
15849, 22400, 1, 0, 0
15949, 17920, 0, 0, 0
15949, 10880, 1, 0, 0
16049, 10240, 0, 0, 0
16049, 10880, 1, 0, 0
16149, 16640, 0, 0, 0
16149, 7040, 1, 0, 0
16250, 39680, 0, 0, 0
16250, 17920, 1, 0, 0
16350, 24960, 0, 0, 0
16350, 14080, 1, 0, 0
16450, 44800, 0, 0, 0
16450, 23040, 1, 0, 0
16550, 49280, 0, 0, 0
16550, 19840, 1, 0, 0
16650, 44160, 0, 0, 0
16650, 25600, 1, 0, 0
16749, 50424, 0, 0, 0
16749, 23272, 1, 0, 0
16849, 47360, 0, 0, 0
16849, 22400, 1, 0, 0
16949, 49920, 0, 0, 0
16949, 17920, 1, 0, 0
17049, 44160, 0, 0, 0
17049, 24960, 1, 0, 0
17149, 51200, 0, 0, 0
17149, 17280, 1, 0, 0
17249, 48000, 0, 0, 0
17249, 23040, 1, 0, 0
17349, 54400, 0, 0, 0
17349, 18560, 1, 0, 0
17449, 48000, 0, 0, 0
17449, 21120, 1, 0, 0
17550, 40960, 0, 0, 0
17550, 21760, 1, 0, 0
17650, 52480, 0, 0, 0
17650, 19200, 1, 0, 0
17749, 51717, 0, 0, 0
17749, 20040, 1, 0, 0
17849, 44800, 0, 0, 0
17849, 23680, 1, 0, 0
17949, 56960, 0, 0, 0
17949, 17920, 1, 0, 0
18049, 53120, 0, 0, 0
18049, 16640, 1, 0, 0
18149, 45440, 0, 0, 0
18149, 23680, 1, 0, 0
18249, 44800, 0, 0, 0
18249, 23040, 1, 0, 0
18349, 48640, 0, 0, 0
18349, 20480, 1, 0, 0
18449, 46720, 0, 0, 0
18449, 23680, 1, 0, 0
18549, 21120, 0, 0, 0
18549, 8320, 1, 0, 0
18649, 42880, 0, 0, 0
18649, 21760, 1, 0, 0
18750, 24960, 0, 0, 0
18750, 17280, 1, 0, 0
18850, 15360, 0, 0, 0
18850, 5760, 1, 0, 0
18950, 18560, 0, 0, 0
18950, 8320, 1, 0, 0
19050, 44800, 0, 0, 0
19050, 20480, 1, 0, 0
19150, 50560, 0, 0, 0
19150, 20480, 1, 0, 0
19249, 47838, 0, 0, 0
19249, 21333, 1, 0, 0
19349, 49920, 0, 0, 0
19349, 20480, 1, 0, 0
19449, 51840, 0, 0, 0
19449, 21120, 1, 0, 0
19550, 24320, 0, 0, 0
19550, 6400, 1, 0, 0
19650, 17280, 0, 0, 0
19650, 6400, 1, 0, 0
19749, 23272, 0, 0, 0
19749, 14222, 1, 0, 0
19849, 35200, 0, 0, 0
19849, 10880, 1, 0, 0
19949, 6400, 0, 0, 0
19949, 3840, 1, 0, 0
20049, 51200, 0, 0, 0
20049, 18560, 1, 0, 0
20149, 44160, 0, 0, 0
20149, 21760, 1, 0, 0
20250, 50560, 0, 0, 0
20250, 19840, 1, 0, 0
20350, 54400, 0, 0, 0
20350, 17920, 1, 0, 0
20450, 53760, 0, 0, 0
20450, 16000, 1, 0, 0
20550, 51200, 0, 0, 0
20550, 19840, 1, 0, 0
20650, 46080, 0, 0, 0
20650, 22400, 1, 0, 0
20749, 51070, 0, 0, 0
20749, 19393, 1, 0, 0
20849, 42240, 0, 0, 0
20849, 24960, 1, 0, 0
20949, 23040, 0, 0, 0
20949, 9600, 1, 0, 0
21049, 1920, 0, 0, 0
21049, 1280, 1, 0, 0
21149, 7680, 0, 0, 0
21149, 4480, 1, 0, 0
21249, 14222, 0, 0, 0
21249, 5818, 1, 0, 0
21349, 21120, 0, 0, 0
21349, 9600, 1, 0, 0
21449, 36480, 0, 0, 0
21449, 17920, 1, 0, 0
21549, 46720, 0, 0, 0
21549, 19200, 1, 0, 0
21649, 52480, 0, 0, 0
21649, 16000, 1, 0, 0
21749, 39680, 0, 0, 0
21749, 24960, 1, 0, 0
21849, 53760, 0, 0, 0
21849, 19200, 1, 0, 0
21949, 46080, 0, 0, 0
21949, 24320, 1, 0, 0
22049, 50560, 0, 0, 0
22049, 22400, 1, 0, 0
22150, 44160, 0, 0, 0
22150, 24960, 1, 0, 0
22249, 45898, 0, 0, 0
22249, 24565, 1, 0, 0
22349, 57600, 0, 0, 0
22349, 17920, 1, 0, 0
22449, 45440, 0, 0, 0
22449, 21760, 1, 0, 0
22549, 49920, 0, 0, 0
22549, 21760, 1, 0, 0
22649, 53120, 0, 0, 0
22649, 20480, 1, 0, 0
22749, 57600, 0, 0, 0
22749, 17280, 1, 0, 0
22849, 45440, 0, 0, 0
22849, 24960, 1, 0, 0
22949, 54400, 0, 0, 0
22949, 19840, 1, 0, 0
23049, 54400, 0, 0, 0
23049, 16000, 1, 0, 0
23149, 49920, 0, 0, 0
23149, 20480, 1, 0, 0
23250, 54400, 0, 0, 0
23250, 19840, 1, 0, 0
23350, 48640, 0, 0, 0
23350, 21760, 1, 0, 0
23450, 47360, 0, 0, 0
23450, 21120, 1, 0, 0
23550, 35200, 0, 0, 0
23550, 14080, 1, 0, 0
23650, 37120, 0, 0, 0
23650, 20480, 1, 0, 0
23749, 51717, 0, 0, 0
23749, 18101, 1, 0, 0
23849, 11520, 0, 0, 0
23849, 5120, 1, 0, 0
23949, 39680, 0, 0, 0
23949, 12160, 1, 0, 0
24049, 29440, 0, 0, 0
24049, 13440, 1, 0, 0
24149, 40320, 0, 0, 0
24149, 17280, 1, 0, 0
24249, 44160, 0, 0, 0
24249, 22400, 1, 0, 0
24349, 46720, 0, 0, 0
24349, 23040, 1, 0, 0
24449, 48640, 0, 0, 0
24449, 19200, 1, 0, 0
24550, 38400, 0, 0, 0
24550, 12800, 1, 0, 0
24650, 30080, 0, 0, 0
24650, 10880, 1, 0, 0
24749, 51717, 0, 0, 0
24749, 18747, 1, 0, 0
24849, 48640, 0, 0, 0
24849, 21120, 1, 0, 0
24949, 49280, 0, 0, 0
24949, 21760, 1, 0, 0
25049, 48000, 0, 0, 0
25049, 20480, 1, 0, 0
25149, 46080, 0, 0, 0
25149, 23040, 1, 0, 0
25249, 46080, 0, 0, 0
25249, 24320, 1, 0, 0
25350, 46720, 0, 0, 0
25350, 23040, 1, 0, 0
25450, 45440, 0, 0, 0
25450, 23680, 1, 0, 0
25550, 53120, 0, 0, 0
25550, 21120, 1, 0, 0
25650, 49920, 0, 0, 0
25650, 23680, 1, 0, 0
25749, 53010, 0, 0, 0
25749, 22626, 1, 0, 0
25849, 48000, 0, 0, 0
25849, 24320, 1, 0, 0
25949, 46720, 0, 0, 0
25949, 17920, 1, 0, 0
26049, 21760, 0, 0, 0
26049, 8960, 1, 0, 0
26149, 20480, 0, 0, 0
26149, 8960, 1, 0, 0
26249, 30383, 0, 0, 0
26249, 13575, 1, 0, 0
26349, 46720, 0, 0, 0
26349, 20480, 1, 0, 0
26449, 53120, 0, 0, 0
26449, 19840, 1, 0, 0
26549, 52480, 0, 0, 0
26549, 19840, 1, 0, 0
26649, 50560, 0, 0, 0
26649, 20480, 1, 0, 0
26749, 52480, 0, 0, 0
26749, 21120, 1, 0, 0
26849, 45440, 0, 0, 0
26849, 24320, 1, 0, 0
26950, 46080, 0, 0, 0
26950, 22400, 1, 0, 0
27050, 44160, 0, 0, 0
27050, 22400, 1, 0, 0
27150, 51840, 0, 0, 0
27150, 21120, 1, 0, 0
27249, 52363, 0, 0, 0
27249, 20040, 1, 0, 0
27349, 55040, 0, 0, 0
27349, 17920, 1, 0, 0
27449, 51840, 0, 0, 0
27449, 17920, 1, 0, 0
27549, 54400, 0, 0, 0
27549, 17280, 1, 0, 0
27649, 43520, 0, 0, 0
27649, 23680, 1, 0, 0
27750, 46080, 0, 0, 0
27750, 19840, 1, 0, 0
27850, 58880, 0, 0, 0
27850, 15360, 1, 0, 0
27950, 45440, 0, 0, 0
27950, 21120, 1, 0, 0
28050, 46720, 0, 0, 0
28050, 22400, 1, 0, 0
28150, 50560, 0, 0, 0
28150, 19840, 1, 0, 0
28249, 42666, 0, 0, 0
28249, 23272, 1, 0, 0
28349, 53760, 0, 0, 0
28349, 17920, 1, 0, 0
28449, 53120, 0, 0, 0
28449, 19840, 1, 0, 0
28550, 48000, 0, 0, 0
28550, 17280, 1, 0, 0
28650, 39040, 0, 0, 0
28650, 19840, 1, 0, 0
28749, 51717, 0, 0, 0
28749, 18747, 1, 0, 0
28849, 29440, 0, 0, 0
28849, 9600, 1, 0, 0
28949, 18560, 0, 0, 0
28949, 8960, 1, 0, 0
29049, 33280, 0, 0, 0
29049, 14720, 1, 0, 0
29149, 55040, 0, 0, 0
29149, 16000, 1, 0, 0
29250, 46080, 0, 0, 0
29250, 24320, 1, 0, 0
29350, 47360, 0, 0, 0
29350, 21120, 1, 0, 0
29450, 47360, 0, 0, 0
29450, 24320, 1, 0, 0
29550, 35200, 0, 0, 0
29550, 15360, 1, 0, 0
29650, 23040, 0, 0, 0
29650, 6400, 1, 0, 0
29749, 22626, 0, 0, 0
29749, 12929, 1, 0, 0
29849, 48000, 0, 0, 0
29849, 17280, 1, 0, 0
29949, 53760, 0, 0, 0
29949, 17920, 1, 0, 0
30049, 50560, 0, 0, 0
30049, 19840, 1, 0, 0
30150, 46720, 0, 0, 0
30150, 23680, 1, 0, 0
30249, 53010, 0, 0, 0
30249, 21333, 1, 0, 0
30349, 49920, 0, 0, 0
30349, 21760, 1, 0, 0
30449, 44160, 0, 0, 0
30449, 23040, 1, 0, 0
30549, 48000, 0, 0, 0
30549, 23040, 1, 0, 0
30649, 23040, 0, 0, 0
30649, 13440, 1, 0, 0
30749, 30080, 0, 0, 0
30749, 10880, 1, 0, 0
30849, 45440, 0, 0, 0
30849, 20480, 1, 0, 0
30949, 61440, 0, 0, 0
30949, 16000, 1, 0, 0
31050, 24320, 0, 0, 0
31050, 12160, 1, 0, 0
31150, 15360, 0, 0, 0
31150, 4480, 1, 0, 0
31249, 31030, 0, 0, 0
31249, 14868, 1, 0, 0
31349, 47360, 0, 0, 0
31349, 18560, 1, 0, 0
31449, 51840, 0, 0, 0
31449, 21760, 1, 0, 0
31549, 59520, 0, 0, 0
31549, 15360, 1, 0, 0
31649, 42880, 0, 0, 0
31649, 21760, 1, 0, 0
31749, 50560, 0, 0, 0
31749, 22400, 1, 0, 0
31849, 46080, 0, 0, 0
31849, 19200, 1, 0, 0
31949, 55040, 0, 0, 0
31949, 17920, 1, 0, 0
32049, 59520, 0, 0, 0
32049, 17280, 1, 0, 0
32149, 45440, 0, 0, 0
32149, 24320, 1, 0, 0
32250, 53120, 0, 0, 0
32250, 20480, 1, 0, 0
32350, 53120, 0, 0, 0
32350, 19200, 1, 0, 0
32450, 47360, 0, 0, 0
32450, 22400, 1, 0, 0
32550, 45440, 0, 0, 0
32550, 24320, 1, 0, 0
32650, 44160, 0, 0, 0
32650, 22400, 1, 0, 0
32749, 50424, 0, 0, 0
32749, 20686, 1, 0, 0
32849, 38400, 0, 0, 0
32849, 24960, 1, 0, 0
32949, 55040, 0, 0, 0
32949, 17280, 1, 0, 0
33049, 46720, 0, 0, 0
33049, 23040, 1, 0, 0
33149, 37120, 0, 0, 0
33149, 26240, 1, 0, 0
33249, 49920, 0, 0, 0
33249, 19200, 1, 0, 0
33349, 51840, 0, 0, 0
33349, 18560, 1, 0, 0
33450, 44160, 0, 0, 0
33450, 21760, 1, 0, 0
33550, 39040, 0, 0, 0
33550, 16640, 1, 0, 0
33650, 21760, 0, 0, 0
33650, 10880, 1, 0, 0
33749, 40727, 0, 0, 0
33749, 21333, 1, 0, 0
33849, 31360, 0, 0, 0
33849, 17920, 1, 0, 0
33949, 5120, 0, 0, 0
33949, 3840, 1, 0, 0
34050, 8960, 0, 0, 0
34050, 7680, 1, 0, 0
34150, 16000, 0, 0, 0
34150, 5760, 1, 0, 0
34249, 16161, 0, 0, 0
34249, 7111, 1, 0, 0
34349, 26880, 0, 0, 0
34349, 15360, 1, 0, 0
34449, 51840, 0, 0, 0
34449, 17280, 1, 0, 0
34549, 52480, 0, 0, 0
34549, 16640, 1, 0, 0
34649, 21120, 0, 0, 0
34649, 10240, 1, 0, 0
34749, 12800, 0, 0, 0
34749, 7040, 1, 0, 0
34849, 10240, 0, 0, 0
34849, 8960, 1, 0, 0
34949, 27520, 0, 0, 0
34949, 14080, 1, 0, 0
35050, 49920, 0, 0, 0
35050, 16640, 1, 0, 0
35150, 49920, 0, 0, 0
35150, 20480, 1, 0, 0
35249, 44606, 0, 0, 0
35249, 21333, 1, 0, 0
35349, 47360, 0, 0, 0
35349, 23680, 1, 0, 0
35449, 42240, 0, 0, 0
35449, 25600, 1, 0, 0
35549, 52480, 0, 0, 0
35549, 18560, 1, 0, 0
35649, 51840, 0, 0, 0
35649, 19200, 1, 0, 0
35749, 53120, 0, 0, 0
35749, 18560, 1, 0, 0
35850, 51840, 0, 0, 0
35850, 20480, 1, 0, 0
35950, 46080, 0, 0, 0
35950, 21120, 1, 0, 0
36050, 35200, 0, 0, 0
36050, 18560, 1, 0, 0
36150, 11520, 0, 0, 0
36150, 1920, 1, 0, 0
36249, 25858, 0, 0, 0
36249, 10989, 1, 0, 0
36349, 17280, 0, 0, 0
36349, 7040, 1, 0, 0
36449, 44800, 0, 0, 0
36449, 21120, 1, 0, 0
36549, 50560, 0, 0, 0
36549, 18560, 1, 0, 0
36649, 45440, 0, 0, 0
36649, 24320, 1, 0, 0
36749, 54303, 0, 0, 0
36749, 18747, 1, 0, 0
36849, 51200, 0, 0, 0
36849, 17280, 1, 0, 0
36949, 49920, 0, 0, 0
36949, 20480, 1, 0, 0
37049, 51840, 0, 0, 0
37049, 22400, 1, 0, 0
37149, 44800, 0, 0, 0
37149, 26880, 1, 0, 0
37249, 49920, 0, 0, 0
37249, 22400, 1, 0, 0
37349, 46080, 0, 0, 0
37349, 23680, 1, 0, 0
37449, 53120, 0, 0, 0
37449, 18560, 1, 0, 0
37550, 41600, 0, 0, 0
37550, 24320, 1, 0, 0
37650, 49280, 0, 0, 0
37650, 17920, 1, 0, 0
37749, 53656, 0, 0, 0
37749, 15515, 1, 0, 0
37849, 48640, 0, 0, 0
37849, 22400, 1, 0, 0
37949, 32640, 0, 0, 0
37949, 28800, 1, 0, 0
38049, 48000, 0, 0, 0
38049, 19200, 1, 0, 0
38149, 40320, 0, 0, 0
38149, 24960, 1, 0, 0
38250, 51200, 0, 0, 0
38250, 14720, 1, 0, 0
38350, 48640, 0, 0, 0
38350, 20480, 1, 0, 0
38450, 48000, 0, 0, 0
38450, 21120, 1, 0, 0
38550, 53120, 0, 0, 0
38550, 17920, 1, 0, 0
38650, 14080, 0, 0, 0
38650, 6400, 1, 0, 0
38749, 28444, 0, 0, 0
38749, 9696, 1, 0, 0
38849, 27520, 0, 0, 0
38849, 12800, 1, 0, 0
38949, 2560, 0, 0, 0
38949, 640, 1, 0, 0
39050, 12160, 0, 0, 0
39050, 4480, 1, 0, 0
39150, 12160, 0, 0, 0
39150, 4480, 1, 0, 0
39249, 16808, 0, 0, 0
39249, 8404, 1, 0, 0
39349, 33920, 0, 0, 0
39349, 18560, 1, 0, 0
39449, 51840, 0, 0, 0
39449, 17280, 1, 0, 0
39549, 45440, 0, 0, 0
39549, 23040, 1, 0, 0
39649, 24320, 0, 0, 0
39649, 8320, 1, 0, 0
39750, 26880, 0, 0, 0
39750, 6400, 1, 0, 0
39850, 36480, 0, 0, 0
39850, 20480, 1, 0, 0
39950, 46080, 0, 0, 0
39950, 19840, 1, 0, 0
40050, 48640, 0, 0, 0
40050, 17920, 1, 0, 0
40150, 44800, 0, 0, 0
40150, 23040, 1, 0, 0
40249, 51070, 0, 0, 0
40249, 20040, 1, 0, 0
40349, 47360, 0, 0, 0
40349, 22400, 1, 0, 0
40449, 48640, 0, 0, 0
40449, 18560, 1, 0, 0
40549, 49280, 0, 0, 0
40549, 20480, 1, 0, 0
40649, 44800, 0, 0, 0
40649, 24960, 1, 0, 0
40749, 46720, 0, 0, 0
40749, 20480, 1, 0, 0
40849, 51200, 0, 0, 0
40849, 18560, 1, 0, 0
40949, 48000, 0, 0, 0
40949, 19200, 1, 0, 0
41050, 42880, 0, 0, 0
41050, 23040, 1, 0, 0
41150, 13440, 0, 0, 0
41150, 5760, 1, 0, 0
41249, 42020, 0, 0, 0
41249, 10343, 1, 0, 0
41349, 46080, 0, 0, 0
41349, 20480, 1, 0, 0
41449, 39680, 0, 0, 0
41449, 24960, 1, 0, 0
41549, 47360, 0, 0, 0
41549, 19840, 1, 0, 0
41649, 53120, 0, 0, 0
41649, 20480, 1, 0, 0
41749, 46080, 0, 0, 0
41749, 23040, 1, 0, 0
41849, 46080, 0, 0, 0
41849, 21120, 1, 0, 0
41949, 46720, 0, 0, 0
41949, 22400, 1, 0, 0
42050, 49920, 0, 0, 0
42050, 24960, 1, 0, 0
42150, 46080, 0, 0, 0
42150, 24320, 1, 0, 0
42249, 49131, 0, 0, 0
42249, 20686, 1, 0, 0
42349, 50560, 0, 0, 0
42349, 18560, 1, 0, 0
42449, 53120, 0, 0, 0
42449, 18560, 1, 0, 0
42549, 39680, 0, 0, 0
42549, 26880, 1, 0, 0
42649, 46720, 0, 0, 0
42649, 21120, 1, 0, 0
42749, 37760, 0, 0, 0
42749, 27520, 1, 0, 0
42849, 47360, 0, 0, 0
42849, 21120, 1, 0, 0
42949, 33920, 0, 0, 0
42949, 15360, 1, 0, 0
43049, 40960, 0, 0, 0
43049, 19840, 1, 0, 0
43149, 44160, 0, 0, 0
43149, 23040, 1, 0, 0
43250, 42240, 0, 0, 0
43250, 26880, 1, 0, 0
43350, 53120, 0, 0, 0
43350, 17920, 1, 0, 0
43450, 47360, 0, 0, 0
43450, 20480, 1, 0, 0
43550, 48000, 0, 0, 0
43550, 20480, 1, 0, 0
43650, 28800, 0, 0, 0
43650, 10880, 1, 0, 0
43749, 31676, 0, 0, 0
43749, 15515, 1, 0, 0
43849, 47360, 0, 0, 0
43849, 16000, 1, 0, 0
43949, 56320, 0, 0, 0
43949, 14720, 1, 0, 0
44050, 45440, 0, 0, 0
44050, 16640, 1, 0, 0
44150, 47360, 0, 0, 0
44150, 21760, 1, 0, 0
44249, 51717, 0, 0, 0
44249, 21333, 1, 0, 0
44349, 51840, 0, 0, 0
44349, 23040, 1, 0, 0
44449, 42240, 0, 0, 0
44449, 26880, 1, 0, 0
44549, 44800, 0, 0, 0
44549, 23680, 1, 0, 0
44649, 40960, 0, 0, 0
44649, 17280, 1, 0, 0
44750, 22400, 0, 0, 0
44750, 10880, 1, 0, 0
44850, 36480, 0, 0, 0
44850, 13440, 1, 0, 0
44950, 46080, 0, 0, 0
44950, 20480, 1, 0, 0
45050, 53760, 0, 0, 0
45050, 19200, 1, 0, 0
45150, 45440, 0, 0, 0
45150, 24960, 1, 0, 0
45249, 47838, 0, 0, 0
45249, 22626, 1, 0, 0
45349, 56320, 0, 0, 0
45349, 14080, 1, 0, 0
45449, 53760, 0, 0, 0
45449, 20480, 1, 0, 0
45549, 60160, 0, 0, 0
45549, 16640, 1, 0, 0
45649, 51200, 0, 0, 0
45649, 19840, 1, 0, 0
45749, 40320, 0, 0, 0
45749, 23040, 1, 0, 0
45849, 53760, 0, 0, 0
45849, 17920, 1, 0, 0
45950, 49280, 0, 0, 0
45950, 23040, 1, 0, 0
46050, 46720, 0, 0, 0
46050, 21760, 1, 0, 0
46150, 30080, 0, 0, 0
46150, 14720, 1, 0, 0
46249, 32969, 0, 0, 0
46249, 16161, 1, 0, 0
46349, 41600, 0, 0, 0
46349, 14080, 1, 0, 0
46449, 42240, 0, 0, 0
46449, 19200, 1, 0, 0
46549, 51840, 0, 0, 0
46549, 21760, 1, 0, 0
46649, 48640, 0, 0, 0
46649, 24960, 1, 0, 0
46749, 49920, 0, 0, 0
46749, 23040, 1, 0, 0
46849, 51840, 0, 0, 0
46849, 24320, 1, 0, 0
46949, 56320, 0, 0, 0
46949, 18560, 1, 0, 0
47050, 48000, 0, 0, 0
47050, 19200, 1, 0, 0
47150, 56320, 0, 0, 0
47150, 18560, 1, 0, 0
47249, 47191, 0, 0, 0
47249, 23272, 1, 0, 0
47349, 47360, 0, 0, 0
47349, 23680, 1, 0, 0
47449, 49920, 0, 0, 0
47449, 21760, 1, 0, 0
47549, 49920, 0, 0, 0
47549, 22400, 1, 0, 0
47649, 53760, 0, 0, 0
47649, 18560, 1, 0, 0
47750, 56960, 0, 0, 0
47750, 17920, 1, 0, 0
47850, 46720, 0, 0, 0
47850, 26240, 1, 0, 0
47950, 62080, 0, 0, 0
47950, 14720, 1, 0, 0
48050, 48640, 0, 0, 0
48050, 21120, 1, 0, 0
48150, 46080, 0, 0, 0
48150, 22400, 1, 0, 0
48249, 45252, 0, 0, 0
48249, 25212, 1, 0, 0
48349, 49280, 0, 0, 0
48349, 22400, 1, 0, 0
48449, 47360, 0, 0, 0
48449, 21760, 1, 0, 0
48549, 46720, 0, 0, 0
48549, 22400, 1, 0, 0
48649, 37760, 0, 0, 0
48649, 16000, 1, 0, 0
48749, 17920, 0, 0, 0
48749, 10880, 1, 0, 0
48849, 28800, 0, 0, 0
48849, 12800, 1, 0, 0
48950, 8960, 0, 0, 0
48950, 5760, 1, 0, 0
49050, 25600, 0, 0, 0
49050, 10240, 1, 0, 0
49150, 21120, 0, 0, 0
49150, 10880, 1, 0, 0
49249, 51717, 0, 0, 0
49249, 16161, 1, 0, 0
49349, 41600, 0, 0, 0
49349, 28800, 1, 0, 0
49449, 50560, 0, 0, 0
49449, 23040, 1, 0, 0
49549, 59520, 0, 0, 0
49549, 19200, 1, 0, 0
49649, 32640, 0, 0, 0
49649, 15360, 1, 0, 0
49750, 14080, 0, 0, 0
49750, 3200, 1, 0, 0
49850, 36480, 0, 0, 0
49850, 14720, 1, 0, 0
49950, 25600, 0, 0, 0
49950, 12160, 1, 0, 0
50050, 51200, 0, 0, 0
50050, 13440, 1, 0, 0
50150, 57600, 0, 0, 0
50150, 17920, 1, 0, 0
50249, 54303, 0, 0, 0
50249, 19393, 1, 0, 0
50349, 44160, 0, 0, 0
50349, 25600, 1, 0, 0
50449, 52480, 0, 0, 0
50449, 24320, 1, 0, 0
50549, 49280, 0, 0, 0
50549, 23680, 1, 0, 0
50649, 51840, 0, 0, 0
50649, 21760, 1, 0, 0
50749, 49920, 0, 0, 0
50749, 23680, 1, 0, 0
50849, 46720, 0, 0, 0
50849, 24320, 1, 0, 0
50950, 64640, 0, 0, 0
50950, 12800, 1, 0, 0
51050, 55040, 0, 0, 0
51050, 17920, 1, 0, 0
51150, 19200, 0, 0, 0
51150, 7680, 1, 0, 0
51249, 7111, 0, 0, 0
51249, 3232, 1, 0, 0
51349, 30080, 0, 0, 0
51349, 10240, 1, 0, 0
51449, 40960, 0, 0, 0
51449, 16000, 1, 0, 0
51549, 49280, 0, 0, 0
51550, 18560, 1, 0, 0
51650, 51200, 0, 0, 0
51650, 20480, 1, 0, 0
51749, 42020, 0, 0, 0
51749, 28444, 1, 0, 0
51849, 55040, 0, 0, 0
51849, 17920, 1, 0, 0
51949, 46720, 0, 0, 0
51949, 23040, 1, 0, 0
52049, 58240, 0, 0, 0
52049, 20480, 1, 0, 0
52149, 52480, 0, 0, 0
52149, 22400, 1, 0, 0
52249, 57600, 0, 0, 0
52249, 16000, 1, 0, 0
52349, 52480, 0, 0, 0
52349, 22400, 1, 0, 0
52449, 46080, 0, 0, 0
52449, 25600, 1, 0, 0
52549, 54400, 0, 0, 0
52549, 21120, 1, 0, 0
52649, 54400, 0, 0, 0
52649, 16640, 1, 0, 0
52750, 51840, 0, 0, 0
52750, 18560, 1, 0, 0
52850, 43520, 0, 0, 0
52850, 21760, 1, 0, 0
52950, 49920, 0, 0, 0
52950, 20480, 1, 0, 0
53050, 55040, 0, 0, 0
53050, 19200, 1, 0, 0
53150, 50560, 0, 0, 0
53150, 19200, 1, 0, 0
53249, 53656, 0, 0, 0
53249, 17454, 1, 0, 0
53349, 53760, 0, 0, 0
53349, 18560, 1, 0, 0
53449, 48640, 0, 0, 0
53449, 22400, 1, 0, 0
53549, 55040, 0, 0, 0
53549, 19840, 1, 0, 0
53649, 53760, 0, 0, 0
53649, 19200, 1, 0, 0
53750, 35840, 0, 0, 0
53750, 15360, 1, 0, 0
53850, 23680, 0, 0, 0
53850, 7040, 1, 0, 0
53950, 37760, 0, 0, 0
53950, 16000, 1, 0, 0
54050, 38400, 0, 0, 0
54050, 18560, 1, 0, 0
54150, 44800, 0, 0, 0
54150, 21760, 1, 0, 0
54249, 60767, 0, 0, 0
54249, 17454, 1, 0, 0
54349, 46720, 0, 0, 0
54349, 21760, 1, 0, 0
54449, 52480, 0, 0, 0
54449, 19200, 1, 0, 0
54549, 56320, 0, 0, 0
54549, 15360, 1, 0, 0
54649, 44800, 0, 0, 0
54649, 21760, 1, 0, 0
54749, 56960, 0, 0, 0
54749, 16640, 1, 0, 0
54849, 44160, 0, 0, 0
54849, 15360, 1, 0, 0
54949, 26880, 0, 0, 0
54949, 7680, 1, 0, 0
55050, 35840, 0, 0, 0
55050, 10240, 1, 0, 0
55150, 40960, 0, 0, 0
55150, 18560, 1, 0, 0
55249, 49131, 0, 0, 0
55249, 20686, 1, 0, 0
55349, 58240, 0, 0, 0
55349, 17280, 1, 0, 0
55449, 52480, 0, 0, 0
55449, 21760, 1, 0, 0
55549, 43520, 0, 0, 0
55549, 23680, 1, 0, 0
55649, 43520, 0, 0, 0
55649, 26880, 1, 0, 0
55749, 59520, 0, 0, 0
55749, 16000, 1, 0, 0
55849, 55680, 0, 0, 0
55849, 19200, 1, 0, 0
55949, 44800, 0, 0, 0
55949, 23680, 1, 0, 0
56050, 46720, 0, 0, 0
56050, 22400, 1, 0, 0
56150, 50560, 0, 0, 0
56150, 21760, 1, 0, 0
56249, 23919, 0, 0, 0
56249, 12282, 1, 0, 0
56349, 37760, 0, 0, 0
56349, 14720, 1, 0, 0
56449, 51840, 0, 0, 0
56449, 18560, 1, 0, 0
56549, 53760, 0, 0, 0
56549, 21120, 1, 0, 0
56649, 56320, 0, 0, 0
56649, 19200, 1, 0, 0
56749, 57600, 0, 0, 0
56749, 17280, 1, 0, 0
56850, 54400, 0, 0, 0
56850, 18560, 1, 0, 0
56950, 53120, 0, 0, 0
56950, 21120, 1, 0, 0
57050, 42240, 0, 0, 0
57050, 26880, 1, 0, 0
57150, 43520, 0, 0, 0
57150, 21760, 1, 0, 0
57249, 50424, 0, 0, 0
57249, 20686, 1, 0, 0
57349, 53760, 0, 0, 0
57349, 19200, 1, 0, 0
57449, 51200, 0, 0, 0
57449, 17920, 1, 0, 0
57549, 49280, 0, 0, 0
57549, 20480, 1, 0, 0
57649, 53120, 0, 0, 0
57649, 18560, 1, 0, 0
57749, 42880, 0, 0, 0
57749, 21760, 1, 0, 0
57849, 46720, 0, 0, 0
57849, 22400, 1, 0, 0
57949, 42880, 0, 0, 0
57949, 24320, 1, 0, 0
58050, 42880, 0, 0, 0
58050, 23040, 1, 0, 0
58150, 51200, 0, 0, 0
58150, 19200, 1, 0, 0
58249, 48484, 0, 0, 0
58249, 21333, 1, 0, 0
58349, 49280, 0, 0, 0
58349, 21120, 1, 0, 0
58449, 55040, 0, 0, 0
58449, 18560, 1, 0, 0
58549, 45440, 0, 0, 0
58549, 23040, 1, 0, 0
58649, 48000, 0, 0, 0
58649, 21120, 1, 0, 0
58749, 49920, 0, 0, 0
58749, 18560, 1, 0, 0
58849, 39040, 0, 0, 0
58849, 10880, 1, 0, 0
58949, 18560, 0, 0, 0
58949, 8960, 1, 0, 0
59049, 16000, 0, 0, 0
59049, 4480, 1, 0, 0
59149, 27520, 0, 0, 0
59149, 10880, 1, 0, 0
59250, 49920, 0, 0, 0
59250, 17280, 1, 0, 0
59350, 49920, 0, 0, 0
59350, 17920, 1, 0, 0
59450, 46080, 0, 0, 0
59450, 21120, 1, 0, 0
59550, 48000, 0, 0, 0
59550, 19840, 1, 0, 0
59650, 50560, 0, 0, 0
59650, 19200, 1, 0, 0
59749, 50424, 0, 0, 0
59749, 20686, 1, 0, 0
59849, 54400, 0, 0, 0
59849, 19200, 1, 0, 0
59949, 17280, 0, 0, 0
59949, 10880, 1, 0, 0
60050, 22400, 0, 0, 0
60050, 10880, 1, 0, 0
60150, 37120, 0, 0, 0
60150, 22400, 1, 0, 0
60249, 45252, 0, 0, 0
60249, 24565, 1, 0, 0
60349, 50560, 0, 0, 0
60349, 20480, 1, 0, 0
60449, 40960, 0, 0, 0
60449, 21760, 1, 0, 0
60549, 51200, 0, 0, 0
60549, 19840, 1, 0, 0
60649, 43520, 0, 0, 0
60649, 20480, 1, 0, 0
60749, 38400, 0, 0, 0
60749, 26240, 1, 0, 0
60849, 52480, 0, 0, 0
60849, 20480, 1, 0, 0
60949, 51200, 0, 0, 0
60949, 19200, 1, 0, 0
61049, 48000, 0, 0, 0
61049, 19840, 1, 0, 0
61149, 47360, 0, 0, 0
61149, 19200, 1, 0, 0
61249, 16000, 0, 0, 0
61249, 4480, 1, 0, 0
61350, 26880, 0, 0, 0
61350, 7680, 1, 0, 0
61450, 28160, 0, 0, 0
61450, 14080, 1, 0, 0
61550, 53120, 0, 0, 0
61550, 17280, 1, 0, 0
61650, 48000, 0, 0, 0
61650, 21760, 1, 0, 0
61749, 50424, 0, 0, 0
61749, 21333, 1, 0, 0
61849, 55040, 0, 0, 0
61849, 18560, 1, 0, 0
61949, 51200, 0, 0, 0
61949, 19840, 1, 0, 0
62049, 48640, 0, 0, 0
62049, 22400, 1, 0, 0
62149, 48640, 0, 0, 0
62149, 23040, 1, 0, 0
62250, 51200, 0, 0, 0
62250, 21120, 1, 0, 0
62350, 55680, 0, 0, 0
62350, 19840, 1, 0, 0
62450, 48000, 0, 0, 0
62450, 23680, 1, 0, 0
62550, 53120, 0, 0, 0
62550, 18560, 1, 0, 0
62650, 42240, 0, 0, 0
62650, 20480, 1, 0, 0
62749, 41373, 0, 0, 0
62749, 19393, 1, 0, 0
62849, 50560, 0, 0, 0
62849, 21760, 1, 0, 0
62949, 53760, 0, 0, 0
62949, 21120, 1, 0, 0
63049, 50560, 0, 0, 0
63049, 21760, 1, 0, 0
63149, 51200, 0, 0, 0
63149, 18560, 1, 0, 0
63249, 51840, 0, 0, 0
63249, 19840, 1, 0, 0
63349, 49280, 0, 0, 0
63349, 18560, 1, 0, 0
63450, 48000, 0, 0, 0
63450, 19200, 1, 0, 0
63550, 58240, 0, 0, 0
63550, 16640, 1, 0, 0
63650, 54400, 0, 0, 0
63650, 19200, 1, 0, 0
63749, 44606, 0, 0, 0
63749, 21979, 1, 0, 0
63849, 47360, 0, 0, 0
63849, 23040, 1, 0, 0
63949, 50560, 0, 0, 0
63949, 19840, 1, 0, 0
64049, 39040, 0, 0, 0
64049, 19840, 1, 0, 0
64149, 53120, 0, 0, 0
64149, 17280, 1, 0, 0
64250, 53760, 0, 0, 0
64250, 17280, 1, 0, 0
64350, 12160, 0, 0, 0
64350, 7040, 1, 0, 0
64450, 23040, 0, 0, 0
64450, 8320, 1, 0, 0
64550, 44800, 0, 0, 0
64550, 19200, 1, 0, 0
64650, 45440, 0, 0, 0
64650, 20480, 1, 0, 0
64749, 51717, 0, 0, 0
64749, 17454, 1, 0, 0
64849, 49920, 0, 0, 0
64849, 19840, 1, 0, 0
64949, 23680, 0, 0, 0
64949, 12160, 1, 0, 0
65050, 38400, 0, 0, 0
65050, 19840, 1, 0, 0
65150, 39040, 0, 0, 0
65150, 19840, 1, 0, 0
65249, 47838, 0, 0, 0
65249, 19393, 1, 0, 0
65349, 47360, 0, 0, 0
65349, 21120, 1, 0, 0
65449, 48640, 0, 0, 0
65449, 19840, 1, 0, 0
65549, 53120, 0, 0, 0
65549, 19200, 1, 0, 0
65649, 47360, 0, 0, 0
65649, 21120, 1, 0, 0
65749, 56320, 0, 0, 0
65749, 16640, 1, 0, 0
65849, 40960, 0, 0, 0
65849, 25600, 1, 0, 0
65949, 43520, 0, 0, 0
65949, 23040, 1, 0, 0
66049, 49920, 0, 0, 0
66049, 21120, 1, 0, 0
66149, 48000, 0, 0, 0
66149, 21760, 1, 0, 0
66250, 19200, 0, 0, 0
66250, 7680, 1, 0, 0
66350, 14720, 0, 0, 0
66350, 7040, 1, 0, 0
66450, 33280, 0, 0, 0
66450, 12160, 1, 0, 0
66550, 41600, 0, 0, 0
66550, 27520, 1, 0, 0
66650, 51200, 0, 0, 0
66650, 21120, 1, 0, 0
66749, 51070, 0, 0, 0
66749, 21333, 1, 0, 0
66849, 49920, 0, 0, 0
66849, 21120, 1, 0, 0
66949, 53120, 0, 0, 0
66949, 19200, 1, 0, 0
67049, 46080, 0, 0, 0
67049, 25600, 1, 0, 0
67149, 46720, 0, 0, 0
67149, 22400, 1, 0, 0
67250, 56960, 0, 0, 0
67250, 18560, 1, 0, 0
67350, 53760, 0, 0, 0
67350, 17920, 1, 0, 0
67450, 40960, 0, 0, 0
67450, 26240, 1, 0, 0
67550, 48640, 0, 0, 0
67550, 23680, 1, 0, 0
67650, 54400, 0, 0, 0
67650, 17280, 1, 0, 0
67749, 47838, 0, 0, 0
67749, 21333, 1, 0, 0
67849, 47360, 0, 0, 0
67849, 22400, 1, 0, 0
67949, 52480, 0, 0, 0
67949, 20480, 1, 0, 0
68050, 49920, 0, 0, 0
68050, 19840, 1, 0, 0
68150, 38400, 0, 0, 0
68150, 25600, 1, 0, 0
68249, 56242, 0, 0, 0
68249, 20686, 1, 0, 0
68349, 55040, 0, 0, 0
68349, 20480, 1, 0, 0
68449, 46720, 0, 0, 0
68449, 22400, 1, 0, 0
68549, 59520, 0, 0, 0
68549, 16640, 1, 0, 0
68649, 54400, 0, 0, 0
68649, 19840, 1, 0, 0
68749, 47360, 0, 0, 0
68749, 21760, 1, 0, 0
68849, 46720, 0, 0, 0
68849, 24320, 1, 0, 0
68949, 28800, 0, 0, 0
68949, 10880, 1, 0, 0
69050, 26880, 0, 0, 0
69050, 14080, 1, 0, 0
69150, 36480, 0, 0, 0
69150, 16000, 1, 0, 0
69249, 49131, 0, 0, 0
69249, 21333, 1, 0, 0
69349, 54400, 0, 0, 0
69349, 19200, 1, 0, 0
69449, 47360, 0, 0, 0
69449, 19840, 1, 0, 0
69549, 40320, 0, 0, 0
69549, 27520, 1, 0, 0
69649, 48000, 0, 0, 0
69649, 21120, 1, 0, 0
69749, 47360, 0, 0, 0
69749, 23040, 1, 0, 0
69849, 46080, 0, 0, 0
69849, 24320, 1, 0, 0
69949, 30720, 0, 0, 0
69949, 12800, 1, 0, 0
70050, 37120, 0, 0, 0
70050, 12160, 1, 0, 0
70150, 32640, 0, 0, 0
70150, 16640, 1, 0, 0
70249, 50424, 0, 0, 0
70249, 18101, 1, 0, 0
70349, 52480, 0, 0, 0
70349, 19840, 1, 0, 0
70449, 55680, 0, 0, 0
70449, 19840, 1, 0, 0
70549, 48640, 0, 0, 0
70549, 22400, 1, 0, 0
70649, 51200, 0, 0, 0
70649, 21120, 1, 0, 0
70749, 48000, 0, 0, 0
70749, 23040, 1, 0, 0
70849, 44800, 0, 0, 0
70849, 24320, 1, 0, 0
70949, 41600, 0, 0, 0
70949, 25600, 1, 0, 0
71049, 45440, 0, 0, 0
71049, 23040, 1, 0, 0
71149, 46720, 0, 0, 0
71149, 23040, 1, 0, 0
71250, 37120, 0, 0, 0
71250, 17920, 1, 0, 0
71350, 21120, 0, 0, 0
71350, 13440, 1, 0, 0
71450, 44160, 0, 0, 0
71450, 14080, 1, 0, 0
71550, 56320, 0, 0, 0
71550, 16000, 1, 0, 0
71650, 49280, 0, 0, 0
71650, 23040, 1, 0, 0
71749, 47191, 0, 0, 0
71749, 20686, 1, 0, 0
71849, 52480, 0, 0, 0
71849, 19840, 1, 0, 0
71949, 48640, 0, 0, 0
71949, 22400, 1, 0, 0
72049, 39040, 0, 0, 0
72049, 25600, 1, 0, 0
72149, 47360, 0, 0, 0
72149, 23040, 1, 0, 0
72250, 46720, 0, 0, 0
72250, 21760, 1, 0, 0
72350, 56960, 0, 0, 0
72350, 16640, 1, 0, 0
72450, 47360, 0, 0, 0
72450, 23040, 1, 0, 0
72550, 49280, 0, 0, 0
72550, 20480, 1, 0, 0
72650, 39680, 0, 0, 0
72650, 24960, 1, 0, 0
72749, 50424, 0, 0, 0
72749, 20686, 1, 0, 0
72849, 42880, 0, 0, 0
72849, 23040, 1, 0, 0
72949, 46080, 0, 0, 0
72949, 22400, 1, 0, 0
73050, 45440, 0, 0, 0
73050, 22400, 1, 0, 0
73150, 37120, 0, 0, 0
73150, 23680, 1, 0, 0
73249, 51070, 0, 0, 0
73249, 16808, 1, 0, 0
73349, 45440, 0, 0, 0
73349, 25600, 1, 0, 0
73449, 47360, 0, 0, 0
73449, 21120, 1, 0, 0
73549, 42880, 0, 0, 0
73549, 23680, 1, 0, 0
73649, 59520, 0, 0, 0
73649, 16000, 1, 0, 0
73749, 51200, 0, 0, 0
73749, 17920, 1, 0, 0
73850, 49920, 0, 0, 0
73850, 20480, 1, 0, 0
73950, 49280, 0, 0, 0
73950, 17280, 1, 0, 0
74050, 48000, 0, 0, 0
74050, 22400, 1, 0, 0
74150, 46080, 0, 0, 0
74150, 16000, 1, 0, 0
74249, 49777, 0, 0, 0
74249, 18747, 1, 0, 0
74349, 54400, 0, 0, 0
74349, 21760, 1, 0, 0
74449, 42880, 0, 0, 0
74449, 25600, 1, 0, 0
74549, 57600, 0, 0, 0
74549, 17920, 1, 0, 0
74649, 48640, 0, 0, 0
74649, 20480, 1, 0, 0
74749, 50560, 0, 0, 0
74749, 20480, 1, 0, 0
74850, 56960, 0, 0, 0
74850, 15360, 1, 0, 0
74950, 49280, 0, 0, 0
74950, 20480, 1, 0, 0
75050, 44160, 0, 0, 0
75050, 22400, 1, 0, 0
75150, 49280, 0, 0, 0
75150, 21120, 1, 0, 0
75249, 38787, 0, 0, 0
75249, 20040, 1, 0, 0
75349, 36480, 0, 0, 0
75349, 26880, 1, 0, 0
75449, 46720, 0, 0, 0
75449, 23680, 1, 0, 0
75550, 47360, 0, 0, 0
75550, 19840, 1, 0, 0
75650, 51840, 0, 0, 0
75650, 19840, 1, 0, 0
75749, 43313, 0, 0, 0
75749, 23272, 1, 0, 0
75849, 43520, 0, 0, 0
75849, 17920, 1, 0, 0
75949, 8960, 0, 0, 0
75949, 5760, 1, 0, 0
76049, 42240, 0, 0, 0
76049, 18560, 1, 0, 0
76149, 38400, 0, 0, 0
76149, 23680, 1, 0, 0
76249, 42240, 0, 0, 0
76249, 21760, 1, 0, 0
76350, 12160, 0, 0, 0
76350, 7040, 1, 0, 0
76450, 33280, 0, 0, 0
76450, 8960, 1, 0, 0
76550, 32640, 0, 0, 0
76550, 17280, 1, 0, 0
76650, 41600, 0, 0, 0
76650, 17920, 1, 0, 0
76749, 46545, 0, 0, 0
76749, 20040, 1, 0, 0
76849, 45440, 0, 0, 0
76849, 21120, 1, 0, 0
76949, 51840, 0, 0, 0
76949, 20480, 1, 0, 0
77049, 44800, 0, 0, 0
77049, 17920, 1, 0, 0
77149, 46080, 0, 0, 0
77149, 19200, 1, 0, 0
77250, 46080, 0, 0, 0
77250, 19200, 1, 0, 0
77350, 45440, 0, 0, 0
77350, 22400, 1, 0, 0
77450, 50560, 0, 0, 0
77450, 19200, 1, 0, 0
77550, 43520, 0, 0, 0
77550, 21760, 1, 0, 0
77650, 46080, 0, 0, 0
77650, 23040, 1, 0, 0
77749, 56242, 0, 0, 0
77749, 18101, 1, 0, 0
77849, 49920, 0, 0, 0
77849, 19840, 1, 0, 0
77949, 42240, 0, 0, 0
77949, 21120, 1, 0, 0
78049, 46720, 0, 0, 0
78049, 19840, 1, 0, 0
78149, 45440, 0, 0, 0
78149, 21760, 1, 0, 0
78249, 47360, 0, 0, 0
78249, 21120, 1, 0, 0
78350, 51200, 0, 0, 0
78350, 19200, 1, 0, 0
78450, 58240, 0, 0, 0
78450, 17280, 1, 0, 0
78550, 50560, 0, 0, 0
78550, 20480, 1, 0, 0
78650, 54400, 0, 0, 0
78650, 18560, 1, 0, 0
78749, 51717, 0, 0, 0
78749, 21333, 1, 0, 0
78849, 56320, 0, 0, 0
78849, 17920, 1, 0, 0
78949, 42240, 0, 0, 0
78949, 21760, 1, 0, 0
79049, 53120, 0, 0, 0
79049, 18560, 1, 0, 0
79149, 51200, 0, 0, 0
79149, 18560, 1, 0, 0
79249, 46720, 0, 0, 0
79249, 18560, 1, 0, 0
79349, 22400, 0, 0, 0
79349, 16640, 1, 0, 0
79450, 12800, 0, 0, 0
79450, 7040, 1, 0, 0
79550, 50560, 0, 0, 0
79550, 17920, 1, 0, 0
79650, 47360, 0, 0, 0
79650, 21760, 1, 0, 0
79749, 47191, 0, 0, 0
79749, 22626, 1, 0, 0
79849, 56960, 0, 0, 0
79849, 16000, 1, 0, 0
79949, 51200, 0, 0, 0
79949, 17920, 1, 0, 0
80049, 13440, 0, 0, 0
80049, 7040, 1, 0, 0
80150, 31360, 0, 0, 0
80150, 18560, 1, 0, 0
80249, 37494, 0, 0, 0
80249, 12282, 1, 0, 0
80349, 53120, 0, 0, 0
80349, 19200, 1, 0, 0
80449, 57600, 0, 0, 0
80449, 16000, 1, 0, 0
80549, 46080, 0, 0, 0
80549, 23040, 1, 0, 0
80649, 45440, 0, 0, 0
80649, 17920, 1, 0, 0
80750, 42880, 0, 0, 0
80750, 23680, 1, 0, 0
80850, 53760, 0, 0, 0
80850, 20480, 1, 0, 0
80950, 49280, 0, 0, 0
80950, 23040, 1, 0, 0
81050, 55040, 0, 0, 0
81050, 19200, 1, 0, 0
81150, 49920, 0, 0, 0
81150, 23680, 1, 0, 0
81249, 43313, 0, 0, 0
81249, 21333, 1, 0, 0
81349, 30720, 0, 0, 0
81349, 20480, 1, 0, 0
81450, 16640, 0, 0, 0
81450, 6400, 1, 0, 0
81550, 24320, 0, 0, 0
81550, 10880, 1, 0, 0
81650, 49280, 0, 0, 0
81650, 17280, 1, 0, 0
81749, 45252, 0, 0, 0
81749, 21333, 1, 0, 0
81849, 47360, 0, 0, 0
81849, 22400, 1, 0, 0
81949, 53120, 0, 0, 0
81949, 17280, 1, 0, 0
82049, 54400, 0, 0, 0
82049, 20480, 1, 0, 0
82149, 53760, 0, 0, 0
82149, 17280, 1, 0, 0
82250, 46720, 0, 0, 0
82250, 20480, 1, 0, 0
82350, 51840, 0, 0, 0
82350, 21120, 1, 0, 0
82450, 49280, 0, 0, 0
82450, 20480, 1, 0, 0
82550, 57600, 0, 0, 0
82550, 16640, 1, 0, 0
82650, 48000, 0, 0, 0
82650, 21760, 1, 0, 0
82749, 44606, 0, 0, 0
82749, 22626, 1, 0, 0
82849, 54400, 0, 0, 0
82849, 16640, 1, 0, 0
82949, 46080, 0, 0, 0
82949, 24960, 1, 0, 0
83049, 46720, 0, 0, 0
83049, 23680, 1, 0, 0
83149, 44160, 0, 0, 0
83149, 24320, 1, 0, 0
83250, 47360, 0, 0, 0
83250, 23040, 1, 0, 0
83350, 44160, 0, 0, 0
83350, 26240, 1, 0, 0
83450, 46080, 0, 0, 0
83450, 24320, 1, 0, 0
83550, 49280, 0, 0, 0
83550, 23680, 1, 0, 0
83650, 46720, 0, 0, 0
83650, 23680, 1, 0, 0
83749, 50424, 0, 0, 0
83749, 21333, 1, 0, 0
83849, 50560, 0, 0, 0
83849, 23040, 1, 0, 0
83949, 48000, 0, 0, 0
83949, 23040, 1, 0, 0
84049, 49920, 0, 0, 0
84049, 22400, 1, 0, 0
84149, 50560, 0, 0, 0
84149, 23040, 1, 0, 0
84250, 44160, 0, 0, 0
84250, 21120, 1, 0, 0
84350, 49920, 0, 0, 0
84350, 19840, 1, 0, 0
84450, 47360, 0, 0, 0
84450, 21760, 1, 0, 0
84550, 37760, 0, 0, 0
84550, 27520, 1, 0, 0
84650, 46720, 0, 0, 0
84650, 21760, 1, 0, 0
84749, 50424, 0, 0, 0
84749, 23919, 1, 0, 0
84849, 51840, 0, 0, 0
84849, 20480, 1, 0, 0
84949, 48640, 0, 0, 0
84949, 22400, 1, 0, 0
85049, 34560, 0, 0, 0
85049, 12800, 1, 0, 0
85149, 28800, 0, 0, 0
85149, 16640, 1, 0, 0
85249, 36480, 0, 0, 0
85249, 17920, 1, 0, 0
85349, 39040, 0, 0, 0
85349, 19840, 1, 0, 0
85449, 51200, 0, 0, 0
85449, 20480, 1, 0, 0
85550, 51840, 0, 0, 0
85550, 22400, 1, 0, 0
85650, 43520, 0, 0, 0
85650, 23040, 1, 0, 0
85749, 49777, 0, 0, 0
85749, 20040, 1, 0, 0
85849, 46080, 0, 0, 0
85849, 24320, 1, 0, 0
85949, 44800, 0, 0, 0
85949, 21120, 1, 0, 0
86049, 50560, 0, 0, 0
86049, 23040, 1, 0, 0
86149, 54400, 0, 0, 0
86149, 17920, 1, 0, 0
86249, 49920, 0, 0, 0
86249, 21120, 1, 0, 0
86349, 45440, 0, 0, 0
86349, 21760, 1, 0, 0
86450, 12160, 0, 0, 0
86450, 5120, 1, 0, 0
86550, 23680, 0, 0, 0
86550, 12800, 1, 0, 0
86650, 43520, 0, 0, 0
86650, 20480, 1, 0, 0
86749, 47838, 0, 0, 0
86749, 21979, 1, 0, 0
86849, 54400, 0, 0, 0
86849, 18560, 1, 0, 0
86949, 46720, 0, 0, 0
86949, 21760, 1, 0, 0
87049, 42880, 0, 0, 0
87049, 23040, 1, 0, 0
87149, 45440, 0, 0, 0
87149, 17280, 1, 0, 0
87250, 46720, 0, 0, 0
87250, 19840, 1, 0, 0
87350, 45440, 0, 0, 0
87350, 21760, 1, 0, 0
87450, 58880, 0, 0, 0
87450, 17920, 1, 0, 0
87550, 49920, 0, 0, 0
87550, 21760, 1, 0, 0
87650, 48000, 0, 0, 0
87650, 21120, 1, 0, 0
87749, 47191, 0, 0, 0
87749, 21333, 1, 0, 0
87849, 45440, 0, 0, 0
87849, 22400, 1, 0, 0
87949, 45440, 0, 0, 0
87949, 24320, 1, 0, 0
88049, 48000, 0, 0, 0
88049, 19200, 1, 0, 0
88149, 45440, 0, 0, 0
88149, 24320, 1, 0, 0
88250, 44160, 0, 0, 0
88250, 22400, 1, 0, 0
88350, 39680, 0, 0, 0
88350, 21760, 1, 0, 0
88450, 49280, 0, 0, 0
88450, 22400, 1, 0, 0
88550, 44800, 0, 0, 0
88550, 19840, 1, 0, 0
88650, 49280, 0, 0, 0
88650, 19200, 1, 0, 0
88749, 40080, 0, 0, 0
88749, 26505, 1, 0, 0
88849, 46080, 0, 0, 0
88849, 21120, 1, 0, 0
88949, 46720, 0, 0, 0
88949, 22400, 1, 0, 0
89049, 51200, 0, 0, 0
89049, 18560, 1, 0, 0
89149, 44160, 0, 0, 0
89149, 24320, 1, 0, 0
89249, 52480, 0, 0, 0
89249, 20480, 1, 0, 0
89349, 52480, 0, 0, 0
89349, 18560, 1, 0, 0
89450, 52480, 0, 0, 0
89450, 19200, 1, 0, 0
89550, 51840, 0, 0, 0
89550, 20480, 1, 0, 0
89650, 55680, 0, 0, 0
89650, 19200, 1, 0, 0
89749, 55595, 0, 0, 0
89749, 17454, 1, 0, 0
89849, 48640, 0, 0, 0
89849, 21760, 1, 0, 0
89949, 40960, 0, 0, 0
89949, 25600, 1, 0, 0
