128, 10752, 0, 0, 0
207, 35991, 1, 0, 0
208, 8348, 0, 0, 0
305, 42651, 1, 0, 0
325, 9067, 0, 0, 0
404, 41367, 1, 0, 0
408, 7577, 0, 0, 0
505, 33050, 1, 0, 0
542, 8799, 0, 0, 0
611, 9463, 0, 0, 0
615, 30940, 1, 0, 0
700, 10142, 0, 0, 0
702, 39822, 1, 0, 0
800, 37991, 1, 0, 0
801, 9827, 0, 0, 0
900, 10795, 0, 0, 0
906, 35756, 1, 0, 0
1001, 9541, 0, 0, 0
1003, 35654, 1, 0, 0
1100, 10147, 0, 0, 0
1103, 36133, 1, 0, 0
1200, 9169, 0, 0, 0
1201, 37997, 1, 0, 0
1301, 10371, 0, 0, 0
1302, 35941, 1, 0, 0
1400, 9030, 0, 0, 0
1406, 34790, 1, 0, 0
1500, 37509, 1, 0, 0
1500, 9424, 0, 0, 0
1600, 39976, 1, 0, 0
1600, 9295, 0, 0, 0
1700, 37805, 1, 0, 0
1701, 10849, 0, 0, 0
1801, 9679, 0, 0, 0
1804, 45456, 1, 0, 0
1901, 10902, 0, 0, 0
1902, 40068, 1, 0, 0
2008, 8645, 0, 0, 0
2009, 35277, 1, 0, 0
2100, 9566, 0, 0, 0
2101, 38787, 1, 0, 0
2200, 9888, 0, 0, 0
2201, 41820, 1, 0, 0
2300, 40327, 1, 0, 0
2302, 9612, 0, 0, 0
2402, 9248, 0, 0, 0
2402, 36251, 1, 0, 0
2500, 40406, 1, 0, 0
2501, 10376, 0, 0, 0
2600, 10887, 0, 0, 0
2604, 40613, 1, 0, 0
2701, 10392, 0, 0, 0
2701, 35880, 1, 0, 0
2800, 9760, 0, 0, 0
2801, 40660, 1, 0, 0
2900, 37222, 1, 0, 0
2900, 9559, 0, 0, 0
3002, 10535, 0, 0, 0
3002, 41092, 1, 0, 0
3100, 11106, 0, 0, 0
3102, 44881, 1, 0, 0
3200, 10909, 0, 0, 0
3200, 41232, 1, 0, 0
3300, 10580, 0, 0, 0
3300, 40457, 1, 0, 0
3400, 10286, 0, 0, 0
3404, 37537, 1, 0, 0
3500, 37886, 1, 0, 0
3502, 10178, 0, 0, 0
3601, 9639, 0, 0, 0
3602, 37169, 1, 0, 0
3700, 9446, 0, 0, 0
3702, 36655, 1, 0, 0
3806, 9481, 0, 0, 0
3807, 38353, 1, 0, 0
3900, 38415, 1, 0, 0
3901, 9819, 0, 0, 0
4000, 41091, 1, 0, 0
4000, 10073, 0, 0, 0
4101, 10142, 0, 0, 0
4102, 36595, 1, 0, 0
4200, 11175, 0, 0, 0
4202, 43221, 1, 0, 0
4300, 9880, 0, 0, 0
4300, 37068, 1, 0, 0
4400, 9114, 0, 0, 0
4403, 33407, 1, 0, 0
4500, 40440, 1, 0, 0
4500, 10300, 0, 0, 0
4600, 10853, 0, 0, 0
4601, 38855, 1, 0, 0
4700, 9234, 0, 0, 0
4701, 40047, 1, 0, 0
4915, 11528, 0, 0, 0
4924, 40692, 1, 0, 0
5008, 14561, 0, 0, 0
5123, 10070, 0, 0, 0
5164, 45672, 1, 0, 0
5200, 44168, 1, 0, 0
5200, 11386, 0, 0, 0
5301, 31615, 1, 0, 0
5301, 9314, 0, 0, 0
5401, 33286, 1, 0, 0
5401, 9357, 0, 0, 0
5501, 9331, 0, 0, 0
5507, 36509, 1, 0, 0
5601, 9207, 0, 0, 0
5611, 34739, 1, 0, 0
5700, 11000, 0, 0, 0
5708, 38066, 1, 0, 0
5800, 8691, 0, 0, 0
5808, 36793, 1, 0, 0
5900, 35737, 1, 0, 0
5900, 9330, 0, 0, 0
6002, 10828, 0, 0, 0
6005, 39324, 1, 0, 0
6104, 8151, 0, 0, 0
6106, 34819, 1, 0, 0
6201, 9517, 0, 0, 0
6202, 38566, 1, 0, 0
6302, 10486, 0, 0, 0
6310, 37498, 1, 0, 0
6401, 9424, 0, 0, 0
6408, 36302, 1, 0, 0
6500, 37752, 1, 0, 0
6500, 9771, 0, 0, 0
6601, 10703, 0, 0, 0
6602, 41686, 1, 0, 0
6700, 44611, 1, 0, 0
6700, 10243, 0, 0, 0
6801, 10629, 0, 0, 0
6808, 39717, 1, 0, 0
6901, 10629, 0, 0, 0
6906, 38335, 1, 0, 0
7000, 10125, 0, 0, 0
7003, 39397, 1, 0, 0
7103, 40096, 1, 0, 0
7104, 10029, 0, 0, 0
7201, 10298, 0, 0, 0
7204, 40263, 1, 0, 0
7301, 39702, 1, 0, 0
7303, 8946, 0, 0, 0
7402, 41654, 1, 0, 0
7408, 10322, 0, 0, 0
7500, 37328, 1, 0, 0
7502, 10619, 0, 0, 0
7601, 9304, 0, 0, 0
7603, 32875, 1, 0, 0
7700, 9368, 0, 0, 0
7701, 41306, 1, 0, 0
7801, 9477, 0, 0, 0
7802, 37656, 1, 0, 0
7900, 10549, 0, 0, 0
7903, 40590, 1, 0, 0
8000, 10241, 0, 0, 0
8006, 41055, 1, 0, 0
8100, 37969, 1, 0, 0
8101, 10268, 0, 0, 0
8201, 38422, 1, 0, 0
8202, 10241, 0, 0, 0
8300, 9825, 0, 0, 0
8300, 41425, 1, 0, 0
8401, 9167, 0, 0, 0
8407, 39472, 1, 0, 0
8500, 9953, 0, 0, 0
8502, 43267, 1, 0, 0
8635, 9252, 0, 0, 0
8635, 39019, 1, 0, 0
8725, 41471, 1, 0, 0
8732, 8896, 0, 0, 0
8819, 11291, 0, 0, 0
8827, 35758, 1, 0, 0
8909, 10538, 0, 0, 0
8910, 37285, 1, 0, 0
9000, 35121, 1, 0, 0
9002, 10017, 0, 0, 0
9101, 9379, 0, 0, 0
9104, 37779, 1, 0, 0
9200, 8518, 0, 0, 0
9203, 33850, 1, 0, 0
9300, 8863, 0, 0, 0
9301, 36482, 1, 0, 0
9400, 8777, 0, 0, 0
9403, 37947, 1, 0, 0
9500, 9774, 0, 0, 0
9501, 39843, 1, 0, 0
9600, 41780, 1, 0, 0
9600, 9934, 0, 0, 0
9701, 9696, 0, 0, 0
9703, 37694, 1, 0, 0
9800, 9777, 0, 0, 0
9800, 38301, 1, 0, 0
9943, 9251, 0, 0, 0
9949, 39147, 1, 0, 0
10007, 7942, 0, 0, 0
10008, 28519, 1, 0, 0
10100, 10190, 0, 0, 0
10103, 36285, 1, 0, 0
10203, 10048, 0, 0, 0
10205, 39508, 1, 0, 0
10300, 35726, 1, 0, 0
10300, 8612, 0, 0, 0
10402, 9404, 0, 0, 0
10402, 39038, 1, 0, 0
10500, 9098, 0, 0, 0
10501, 40857, 1, 0, 0
10600, 38620, 1, 0, 0
10601, 10187, 0, 0, 0
10700, 10113, 0, 0, 0
10701, 38216, 1, 0, 0
10800, 9669, 0, 0, 0
10802, 39973, 1, 0, 0
10900, 9078, 0, 0, 0
10905, 36968, 1, 0, 0
11000, 9543, 0, 0, 0
11001, 40864, 1, 0, 0
11100, 40624, 1, 0, 0
11100, 10582, 0, 0, 0
11200, 10439, 0, 0, 0
11203, 38514, 1, 0, 0
11300, 10462, 0, 0, 0
11303, 40340, 1, 0, 0
11400, 41033, 1, 0, 0
11400, 9600, 0, 0, 0
11500, 10686, 0, 0, 0
11501, 36723, 1, 0, 0
11600, 8991, 0, 0, 0
11605, 38396, 1, 0, 0
11703, 37861, 1, 0, 0
11704, 9607, 0, 0, 0
11800, 10330, 0, 0, 0
11803, 42673, 1, 0, 0
11900, 41381, 1, 0, 0
11901, 9589, 0, 0, 0
12000, 9096, 0, 0, 0
12000, 38710, 1, 0, 0
12100, 9811, 0, 0, 0
12102, 39011, 1, 0, 0
12201, 9087, 0, 0, 0
12202, 34463, 1, 0, 0
12300, 38695, 1, 0, 0
12302, 9872, 0, 0, 0
12400, 43550, 1, 0, 0
12400, 9636, 0, 0, 0
12500, 9150, 0, 0, 0
12505, 37102, 1, 0, 0
12600, 11201, 0, 0, 0
12601, 38331, 1, 0, 0
12701, 40187, 1, 0, 0
12702, 10069, 0, 0, 0
12811, 9911, 0, 0, 0
12811, 37756, 1, 0, 0
12900, 9915, 0, 0, 0
12905, 41141, 1, 0, 0
13000, 9479, 0, 0, 0
13003, 36585, 1, 0, 0
13103, 9682, 0, 0, 0
13108, 42459, 1, 0, 0
13200, 10808, 0, 0, 0
13203, 36784, 1, 0, 0
13300, 8876, 0, 0, 0
13300, 37156, 1, 0, 0
13401, 9587, 0, 0, 0
13402, 38969, 1, 0, 0
13500, 9858, 0, 0, 0
13502, 35712, 1, 0, 0
13646, 9755, 0, 0, 0
13674, 37794, 1, 0, 0
13712, 9911, 0, 0, 0
13713, 37688, 1, 0, 0
13808, 9344, 0, 0, 0
13816, 34033, 1, 0, 0
13900, 8429, 0, 0, 0
13900, 34735, 1, 0, 0
14000, 41391, 1, 0, 0
14002, 9147, 0, 0, 0
14100, 36617, 1, 0, 0
14101, 10226, 0, 0, 0
14200, 38803, 1, 0, 0
14202, 9429, 0, 0, 0
14300, 9413, 0, 0, 0
14302, 36131, 1, 0, 0
14400, 9994, 0, 0, 0
14400, 41550, 1, 0, 0
14500, 37950, 1, 0, 0
14501, 8776, 0, 0, 0
14600, 10378, 0, 0, 0
14603, 43148, 1, 0, 0
14700, 40060, 1, 0, 0
14703, 9540, 0, 0, 0
14800, 9569, 0, 0, 0
14802, 37370, 1, 0, 0
14900, 9551, 0, 0, 0
14900, 42185, 1, 0, 0
15001, 9263, 0, 0, 0
15003, 34582, 1, 0, 0
15101, 9542, 0, 0, 0
15101, 39948, 1, 0, 0
15200, 10495, 0, 0, 0
15203, 42788, 1, 0, 0
15300, 39430, 1, 0, 0
15303, 9497, 0, 0, 0
15400, 9450, 0, 0, 0
15404, 34594, 1, 0, 0
15500, 9876, 0, 0, 0
15501, 39264, 1, 0, 0
15600, 10038, 0, 0, 0
15602, 37433, 1, 0, 0
15700, 10270, 0, 0, 0
15704, 39574, 1, 0, 0
15801, 10410, 0, 0, 0
15803, 40500, 1, 0, 0
15900, 10103, 0, 0, 0
15900, 38849, 1, 0, 0
16000, 41130, 1, 0, 0
16001, 11058, 0, 0, 0
16101, 10902, 0, 0, 0
16102, 38266, 1, 0, 0
16200, 10222, 0, 0, 0
16201, 39650, 1, 0, 0
16302, 10363, 0, 0, 0
16302, 41730, 1, 0, 0
16400, 9955, 0, 0, 0
16400, 40717, 1, 0, 0
16500, 41167, 1, 0, 0
16500, 9514, 0, 0, 0
16600, 33114, 1, 0, 0
16600, 8730, 0, 0, 0
16700, 37743, 1, 0, 0
16700, 9879, 0, 0, 0
16801, 44950, 1, 0, 0
16801, 9908, 0, 0, 0
16900, 39773, 1, 0, 0
16902, 9431, 0, 0, 0
17000, 10187, 0, 0, 0
17001, 42539, 1, 0, 0
17100, 8950, 0, 0, 0
17102, 40608, 1, 0, 0
17200, 8634, 0, 0, 0
17202, 40676, 1, 0, 0
17300, 40154, 1, 0, 0
17301, 9296, 0, 0, 0
17400, 9675, 0, 0, 0
17403, 40810, 1, 0, 0
17500, 9616, 0, 0, 0
17501, 36598, 1, 0, 0
17601, 9621, 0, 0, 0
17602, 42475, 1, 0, 0
17700, 37365, 1, 0, 0
17700, 10039, 0, 0, 0
17801, 10620, 0, 0, 0
17806, 39355, 1, 0, 0
17900, 10153, 0, 0, 0
17901, 41889, 1, 0, 0
18000, 11071, 0, 0, 0
18002, 41945, 1, 0, 0
18100, 10323, 0, 0, 0
18101, 40449, 1, 0, 0
18200, 44481, 1, 0, 0
18200, 10408, 0, 0, 0
18301, 9310, 0, 0, 0
18302, 36144, 1, 0, 0
18400, 9188, 0, 0, 0
18400, 40889, 1, 0, 0
18501, 41965, 1, 0, 0
18501, 10448, 0, 0, 0
18600, 10064, 0, 0, 0
18604, 40534, 1, 0, 0
18728, 8073, 0, 0, 0
18729, 40541, 1, 0, 0
18802, 9585, 0, 0, 0
18813, 37634, 1, 0, 0
18904, 8197, 0, 0, 0
18905, 35257, 1, 0, 0
19000, 10317, 0, 0, 0
19004, 33450, 1, 0, 0
19137, 37269, 1, 0, 0
19137, 9393, 0, 0, 0
19200, 8837, 0, 0, 0
19201, 38679, 1, 0, 0
19300, 9316, 0, 0, 0
19303, 35592, 1, 0, 0
19401, 9350, 0, 0, 0
19405, 34373, 1, 0, 0
19500, 9337, 0, 0, 0
19500, 36773, 1, 0, 0
19600, 35822, 1, 0, 0
19600, 9230, 0, 0, 0
19700, 30470, 1, 0, 0
19702, 9268, 0, 0, 0
19800, 10251, 0, 0, 0
19802, 45597, 1, 0, 0
19900, 9837, 0, 0, 0
19907, 41355, 1, 0, 0
20000, 10401, 0, 0, 0
20004, 41251, 1, 0, 0
20109, 9840, 0, 0, 0
20110, 41360, 1, 0, 0
20200, 10422, 0, 0, 0
20200, 34408, 1, 0, 0
20300, 9616, 0, 0, 0
20302, 42013, 1, 0, 0
20401, 10120, 0, 0, 0
20404, 36772, 1, 0, 0
20501, 38906, 1, 0, 0
20501, 10867, 0, 0, 0
20601, 35463, 1, 0, 0
20602, 10500, 0, 0, 0
20701, 9742, 0, 0, 0
20704, 40784, 1, 0, 0
20800, 10979, 0, 0, 0
20802, 41054, 1, 0, 0
20901, 9545, 0, 0, 0
20902, 39416, 1, 0, 0
21002, 9895, 0, 0, 0
21002, 44507, 1, 0, 0
21100, 11016, 0, 0, 0
21103, 42314, 1, 0, 0
21201, 11250, 0, 0, 0
21201, 42478, 1, 0, 0
21300, 10560, 0, 0, 0
21300, 38164, 1, 0, 0
21400, 38635, 1, 0, 0
21401, 10006, 0, 0, 0
21502, 36700, 1, 0, 0
21502, 8920, 0, 0, 0
21600, 38487, 1, 0, 0
21600, 9884, 0, 0, 0
21700, 10423, 0, 0, 0
21701, 38458, 1, 0, 0
21800, 10920, 0, 0, 0
21800, 38100, 1, 0, 0
21902, 42614, 1, 0, 0
21902, 10077, 0, 0, 0
22003, 10135, 0, 0, 0
22008, 40825, 1, 0, 0
22100, 42856, 1, 0, 0
22102, 9889, 0, 0, 0
22200, 10773, 0, 0, 0
22205, 43581, 1, 0, 0
22398, 10355, 0, 0, 0
22399, 40559, 1, 0, 0
22400, 9409, 0, 0, 0
22400, 44251, 1, 0, 0
22500, 9659, 0, 0, 0
22503, 34953, 1, 0, 0
22600, 9715, 0, 0, 0
22602, 36849, 1, 0, 0
22700, 9083, 0, 0, 0
22703, 33744, 1, 0, 0
22800, 36700, 1, 0, 0
22800, 9722, 0, 0, 0
22900, 9787, 0, 0, 0
22901, 38895, 1, 0, 0
23000, 9548, 0, 0, 0
23007, 38108, 1, 0, 0
23100, 38885, 1, 0, 0
23100, 10260, 0, 0, 0
23200, 9998, 0, 0, 0
23201, 37257, 1, 0, 0
23300, 39708, 1, 0, 0
23302, 9859, 0, 0, 0
23401, 9522, 0, 0, 0
23402, 41218, 1, 0, 0
23500, 9334, 0, 0, 0
23513, 39379, 1, 0, 0
23600, 9671, 0, 0, 0
23601, 41128, 1, 0, 0
23746, 9829, 0, 0, 0
23749, 37165, 1, 0, 0
23801, 7870, 0, 0, 0
23811, 41386, 1, 0, 0
23901, 11153, 0, 0, 0
23902, 38816, 1, 0, 0
24000, 9445, 0, 0, 0
24000, 35566, 1, 0, 0
24100, 34364, 1, 0, 0
24102, 8822, 0, 0, 0
24201, 9376, 0, 0, 0
24202, 34745, 1, 0, 0
24300, 37233, 1, 0, 0
24302, 10249, 0, 0, 0
24401, 9025, 0, 0, 0
24402, 36799, 1, 0, 0
24500, 37012, 1, 0, 0
24501, 10006, 0, 0, 0
24600, 9895, 0, 0, 0
24602, 40581, 1, 0, 0
24700, 40990, 1, 0, 0
24701, 10869, 0, 0, 0
24800, 9978, 0, 0, 0
24801, 36128, 1, 0, 0
24901, 37187, 1, 0, 0
24901, 10080, 0, 0, 0
25001, 40233, 1, 0, 0
25002, 9890, 0, 0, 0
25100, 9772, 0, 0, 0
25103, 39595, 1, 0, 0
25200, 8749, 0, 0, 0
25202, 36757, 1, 0, 0
25300, 39791, 1, 0, 0
25300, 9527, 0, 0, 0
25406, 10351, 0, 0, 0
25408, 41503, 1, 0, 0
25500, 9840, 0, 0, 0
25501, 36931, 1, 0, 0
25600, 10772, 0, 0, 0
25601, 42378, 1, 0, 0
25700, 9932, 0, 0, 0
25702, 38193, 1, 0, 0
25801, 9798, 0, 0, 0
25807, 35797, 1, 0, 0
25900, 41164, 1, 0, 0
25900, 9456, 0, 0, 0
26000, 38947, 1, 0, 0
26001, 9413, 0, 0, 0
26100, 8807, 0, 0, 0
26103, 34049, 1, 0, 0
26237, 10324, 0, 0, 0
26244, 40209, 1, 0, 0
26301, 39045, 1, 0, 0
26302, 9994, 0, 0, 0
26402, 8972, 0, 0, 0
26404, 37082, 1, 0, 0
26501, 9754, 0, 0, 0
26505, 40787, 1, 0, 0
26600, 9022, 0, 0, 0
26601, 39845, 1, 0, 0
26700, 10240, 0, 0, 0
26701, 39491, 1, 0, 0
26800, 9498, 0, 0, 0
26801, 41319, 1, 0, 0
26900, 10528, 0, 0, 0
26903, 43652, 1, 0, 0
27001, 10468, 0, 0, 0
27002, 41347, 1, 0, 0
27100, 9509, 0, 0, 0
27107, 37602, 1, 0, 0
27200, 9614, 0, 0, 0
27201, 39227, 1, 0, 0
27300, 41890, 1, 0, 0
27302, 10000, 0, 0, 0
27401, 10469, 0, 0, 0
27402, 37239, 1, 0, 0
27500, 37589, 1, 0, 0
27502, 9586, 0, 0, 0
27601, 37944, 1, 0, 0
27601, 9786, 0, 0, 0
27700, 9210, 0, 0, 0
27703, 37112, 1, 0, 0
27800, 38628, 1, 0, 0
27807, 9191, 0, 0, 0
27901, 9612, 0, 0, 0
27901, 43275, 1, 0, 0
28002, 10062, 0, 0, 0
28002, 37307, 1, 0, 0
28100, 39383, 1, 0, 0
28102, 9221, 0, 0, 0
28206, 10340, 0, 0, 0
28207, 40344, 1, 0, 0
28300, 9119, 0, 0, 0
28304, 37043, 1, 0, 0
28400, 8891, 0, 0, 0
28402, 37778, 1, 0, 0
28500, 8614, 0, 0, 0
28504, 36068, 1, 0, 0
28600, 35625, 1, 0, 0
28601, 10010, 0, 0, 0
28700, 40418, 1, 0, 0
28701, 9192, 0, 0, 0
28801, 42205, 1, 0, 0
28802, 8852, 0, 0, 0
28900, 10588, 0, 0, 0
28901, 42443, 1, 0, 0
29002, 10013, 0, 0, 0
29002, 40135, 1, 0, 0
29101, 9698, 0, 0, 0
29104, 40085, 1, 0, 0
29200, 9683, 0, 0, 0
29201, 38041, 1, 0, 0
29300, 8524, 0, 0, 0
29305, 39490, 1, 0, 0
29400, 39851, 1, 0, 0
29400, 8917, 0, 0, 0
29500, 37997, 1, 0, 0
29500, 9319, 0, 0, 0
29600, 9195, 0, 0, 0
29601, 37476, 1, 0, 0
29700, 9977, 0, 0, 0
29704, 40384, 1, 0, 0
29802, 9116, 0, 0, 0
29802, 36610, 1, 0, 0
29901, 38071, 1, 0, 0
29903, 9260, 0, 0, 0
30001, 10215, 0, 0, 0
30001, 42451, 1, 0, 0
30100, 9504, 0, 0, 0
30103, 40883, 1, 0, 0
30200, 10515, 0, 0, 0
30202, 40364, 1, 0, 0
30301, 9486, 0, 0, 0
30302, 41970, 1, 0, 0
30400, 9700, 0, 0, 0
30401, 39112, 1, 0, 0
30504, 9549, 0, 0, 0
30514, 38862, 1, 0, 0
30600, 36261, 1, 0, 0
30601, 9094, 0, 0, 0
30700, 10303, 0, 0, 0
30700, 35374, 1, 0, 0
30800, 9392, 0, 0, 0
30802, 39680, 1, 0, 0
30900, 9997, 0, 0, 0
30900, 35755, 1, 0, 0
31000, 36443, 1, 0, 0
31000, 9030, 0, 0, 0
31100, 9545, 0, 0, 0
31101, 37167, 1, 0, 0
31200, 9274, 0, 0, 0
31204, 39604, 1, 0, 0
31301, 9783, 0, 0, 0
31305, 34401, 1, 0, 0
31400, 38761, 1, 0, 0
31400, 9081, 0, 0, 0
31501, 9013, 0, 0, 0
31502, 35273, 1, 0, 0
31600, 32260, 1, 0, 0
31603, 9404, 0, 0, 0
31700, 10266, 0, 0, 0
31701, 36846, 1, 0, 0
31800, 9836, 0, 0, 0
31802, 45330, 1, 0, 0
31900, 9601, 0, 0, 0
31901, 39565, 1, 0, 0
32009, 10765, 0, 0, 0
32014, 39813, 1, 0, 0
32100, 9374, 0, 0, 0
32103, 40781, 1, 0, 0
32200, 9068, 0, 0, 0
32200, 39636, 1, 0, 0
32300, 9962, 0, 0, 0
32301, 44630, 1, 0, 0
32400, 9679, 0, 0, 0
32404, 35527, 1, 0, 0
32501, 10605, 0, 0, 0
32503, 41504, 1, 0, 0
32600, 10449, 0, 0, 0
32605, 36314, 1, 0, 0
32700, 43675, 1, 0, 0
32701, 10730, 0, 0, 0
32800, 41701, 1, 0, 0
32802, 10473, 0, 0, 0
32900, 9663, 0, 0, 0
32901, 39000, 1, 0, 0
33000, 39247, 1, 0, 0
33000, 9216, 0, 0, 0
33100, 43932, 1, 0, 0
33102, 9410, 0, 0, 0
33203, 8325, 0, 0, 0
33206, 38938, 1, 0, 0
33300, 36556, 1, 0, 0
33300, 9373, 0, 0, 0
33401, 39839, 1, 0, 0
33401, 10794, 0, 0, 0
33500, 10306, 0, 0, 0
33505, 40915, 1, 0, 0
33600, 41349, 1, 0, 0
33603, 9332, 0, 0, 0
33701, 9429, 0, 0, 0
33703, 41053, 1, 0, 0
33800, 8675, 0, 0, 0
33804, 38029, 1, 0, 0
33900, 10464, 0, 0, 0
33902, 39441, 1, 0, 0
34000, 9127, 0, 0, 0
34001, 35140, 1, 0, 0
34101, 36047, 1, 0, 0
34101, 8691, 0, 0, 0
34201, 10816, 0, 0, 0
34201, 37486, 1, 0, 0
34300, 10615, 0, 0, 0
34305, 37554, 1, 0, 0
34402, 9033, 0, 0, 0
34402, 38844, 1, 0, 0
34502, 9097, 0, 0, 0
34504, 41648, 1, 0, 0
34600, 10435, 0, 0, 0
34600, 40921, 1, 0, 0
34700, 10524, 0, 0, 0
34700, 40018, 1, 0, 0
34801, 9853, 0, 0, 0
34806, 39065, 1, 0, 0
34900, 37818, 1, 0, 0
34900, 10430, 0, 0, 0
35002, 9597, 0, 0, 0
35009, 38750, 1, 0, 0
35100, 9287, 0, 0, 0
35100, 40429, 1, 0, 0
35202, 9755, 0, 0, 0
35202, 41101, 1, 0, 0
35300, 9038, 0, 0, 0
35300, 39602, 1, 0, 0
35403, 9428, 0, 0, 0
35407, 39521, 1, 0, 0
35501, 33262, 1, 0, 0
35503, 9705, 0, 0, 0
35600, 10038, 0, 0, 0
35601, 43337, 1, 0, 0
35700, 9398, 0, 0, 0
35702, 42068, 1, 0, 0
35800, 9439, 0, 0, 0
35801, 38036, 1, 0, 0
35901, 33692, 1, 0, 0
35903, 8483, 0, 0, 0
36000, 10363, 0, 0, 0
36006, 36305, 1, 0, 0
36100, 36390, 1, 0, 0
36102, 8601, 0, 0, 0
36201, 36030, 1, 0, 0
36201, 11219, 0, 0, 0
36301, 9731, 0, 0, 0
36301, 39627, 1, 0, 0
36401, 40684, 1, 0, 0
36402, 10422, 0, 0, 0
36500, 10077, 0, 0, 0
36500, 41838, 1, 0, 0
36600, 10127, 0, 0, 0
36601, 40669, 1, 0, 0
36700, 11122, 0, 0, 0
36705, 39191, 1, 0, 0
36801, 38882, 1, 0, 0
36801, 11288, 0, 0, 0
36900, 9887, 0, 0, 0
36901, 34967, 1, 0, 0
37000, 9626, 0, 0, 0
37004, 38356, 1, 0, 0
37100, 36437, 1, 0, 0
37102, 11750, 0, 0, 0
37201, 41814, 1, 0, 0
37201, 9982, 0, 0, 0
37301, 9804, 0, 0, 0
37303, 37837, 1, 0, 0
37401, 9834, 0, 0, 0
37407, 40508, 1, 0, 0
37500, 9901, 0, 0, 0
37500, 41774, 1, 0, 0
37600, 39268, 1, 0, 0
37601, 9374, 0, 0, 0
37700, 10782, 0, 0, 0
37703, 40089, 1, 0, 0
37800, 10955, 0, 0, 0
37800, 44382, 1, 0, 0
37900, 37722, 1, 0, 0
37903, 9311, 0, 0, 0
38000, 38562, 1, 0, 0
38002, 8660, 0, 0, 0
38100, 10275, 0, 0, 0
38101, 47240, 1, 0, 0
38200, 10520, 0, 0, 0
38200, 42336, 1, 0, 0
38300, 9704, 0, 0, 0
38301, 38835, 1, 0, 0
38400, 9600, 0, 0, 0
38404, 35960, 1, 0, 0
38503, 11253, 0, 0, 0
38503, 40041, 1, 0, 0
38600, 10175, 0, 0, 0
38604, 39484, 1, 0, 0
38700, 9326, 0, 0, 0
38705, 38242, 1, 0, 0
38800, 9439, 0, 0, 0
38805, 38995, 1, 0, 0
38900, 9520, 0, 0, 0
38904, 40215, 1, 0, 0
39001, 9800, 0, 0, 0
39005, 37188, 1, 0, 0
39100, 10360, 0, 0, 0
39100, 41621, 1, 0, 0
39200, 34882, 1, 0, 0
39200, 9202, 0, 0, 0
39300, 38866, 1, 0, 0
39300, 12532, 0, 0, 0
39400, 10628, 0, 0, 0
39400, 43431, 1, 0, 0
39503, 9615, 0, 0, 0
39508, 41889, 1, 0, 0
39601, 8603, 0, 0, 0
39603, 31324, 1, 0, 0
39700, 43344, 1, 0, 0
39701, 9747, 0, 0, 0
39800, 10297, 0, 0, 0
39802, 39898, 1, 0, 0
39900, 10485, 0, 0, 0
39901, 43094, 1, 0, 0
40000, 11058, 0, 0, 0
40011, 43351, 1, 0, 0
40100, 34523, 1, 0, 0
40100, 9746, 0, 0, 0
40200, 9524, 0, 0, 0
40204, 32581, 1, 0, 0
40300, 39922, 1, 0, 0
40301, 9495, 0, 0, 0
40400, 10008, 0, 0, 0
40400, 34912, 1, 0, 0
40500, 10499, 0, 0, 0
40500, 41235, 1, 0, 0
40627, 9073, 0, 0, 0
40627, 38269, 1, 0, 0
40700, 9111, 0, 0, 0
40703, 36768, 1, 0, 0
40800, 9701, 0, 0, 0
40804, 40079, 1, 0, 0
40901, 42190, 1, 0, 0
40901, 10711, 0, 0, 0
41000, 9893, 0, 0, 0
41003, 39981, 1, 0, 0
41100, 41257, 1, 0, 0
41101, 10418, 0, 0, 0
41200, 8957, 0, 0, 0
41200, 33908, 1, 0, 0
41300, 9575, 0, 0, 0
41300, 39606, 1, 0, 0
41401, 9404, 0, 0, 0
41401, 41264, 1, 0, 0
41500, 8806, 0, 0, 0
41505, 42507, 1, 0, 0
41600, 8209, 0, 0, 0
41609, 37116, 1, 0, 0
41700, 9914, 0, 0, 0
41701, 41408, 1, 0, 0
41800, 39216, 1, 0, 0
41801, 10019, 0, 0, 0
41900, 10087, 0, 0, 0
41903, 38740, 1, 0, 0
42000, 9993, 0, 0, 0
42003, 37160, 1, 0, 0
42101, 36855, 1, 0, 0
42101, 9262, 0, 0, 0
42200, 8996, 0, 0, 0
42204, 38560, 1, 0, 0
42300, 10805, 0, 0, 0
42301, 43524, 1, 0, 0
42400, 35505, 1, 0, 0
42401, 8227, 0, 0, 0
42502, 40344, 1, 0, 0
42503, 10619, 0, 0, 0
42600, 38609, 1, 0, 0
42600, 9899, 0, 0, 0
42701, 9601, 0, 0, 0
42705, 36338, 1, 0, 0
42800, 34593, 1, 0, 0
42800, 8690, 0, 0, 0
42900, 11159, 0, 0, 0
42901, 41359, 1, 0, 0
43001, 11041, 0, 0, 0
43006, 38967, 1, 0, 0
43101, 9261, 0, 0, 0
43102, 41296, 1, 0, 0
43200, 9181, 0, 0, 0
43202, 42040, 1, 0, 0
43301, 9515, 0, 0, 0
43304, 39366, 1, 0, 0
43408, 9781, 0, 0, 0
43410, 38915, 1, 0, 0
43501, 9643, 0, 0, 0
43508, 43969, 1, 0, 0
43600, 9811, 0, 0, 0
43601, 40046, 1, 0, 0
43701, 9480, 0, 0, 0
43704, 38415, 1, 0, 0
43801, 10434, 0, 0, 0
43802, 34784, 1, 0, 0
43900, 9616, 0, 0, 0
43904, 39164, 1, 0, 0
44000, 39821, 1, 0, 0
44001, 10734, 0, 0, 0
44100, 9243, 0, 0, 0
44102, 40132, 1, 0, 0
44200, 8966, 0, 0, 0
44203, 39208, 1, 0, 0
44300, 9913, 0, 0, 0
44300, 40738, 1, 0, 0
44401, 9289, 0, 0, 0
44403, 40508, 1, 0, 0
44501, 9215, 0, 0, 0
44501, 36714, 1, 0, 0
44600, 36190, 1, 0, 0
44601, 9696, 0, 0, 0
44700, 9151, 0, 0, 0
44706, 39554, 1, 0, 0
44800, 41653, 1, 0, 0
44802, 9606, 0, 0, 0
44901, 10202, 0, 0, 0
44905, 39998, 1, 0, 0
45000, 9753, 0, 0, 0
45003, 38838, 1, 0, 0
45101, 9739, 0, 0, 0
45107, 38349, 1, 0, 0
45200, 10124, 0, 0, 0
45202, 40376, 1, 0, 0
45300, 9366, 0, 0, 0
45301, 42587, 1, 0, 0
45400, 9133, 0, 0, 0
45402, 33775, 1, 0, 0
45504, 10110, 0, 0, 0
45505, 39753, 1, 0, 0
45728, 9914, 0, 0, 0
45834, 9008, 0, 0, 0
45910, 6468, 0, 0, 0
45910, 37074, 1, 0, 0
46000, 30809, 1, 0, 0
46003, 8002, 0, 0, 0
46112, 10220, 0, 0, 0
46114, 26463, 1, 0, 0
46201, 37797, 1, 0, 0
46204, 8939, 0, 0, 0
46300, 10175, 0, 0, 0
46300, 37855, 1, 0, 0
46400, 9440, 0, 0, 0
46401, 36516, 1, 0, 0
46500, 9368, 0, 0, 0
46500, 38194, 1, 0, 0
46600, 8942, 0, 0, 0
46607, 35860, 1, 0, 0
46701, 38642, 1, 0, 0
46701, 8862, 0, 0, 0
46801, 35640, 1, 0, 0
46801, 7602, 0, 0, 0
46900, 8461, 0, 0, 0
46900, 39628, 1, 0, 0
47000, 9411, 0, 0, 0
47006, 39167, 1, 0, 0
47101, 9635, 0, 0, 0
47115, 45384, 1, 0, 0
47200, 9298, 0, 0, 0
47200, 44671, 1, 0, 0
47300, 35266, 1, 0, 0
47301, 9106, 0, 0, 0
47400, 10750, 0, 0, 0
47406, 35614, 1, 0, 0
47503, 10498, 0, 0, 0
47509, 38760, 1, 0, 0
47600, 38174, 1, 0, 0
47601, 10784, 0, 0, 0
47700, 9100, 0, 0, 0
47701, 34521, 1, 0, 0
47800, 10649, 0, 0, 0
47801, 43759, 1, 0, 0
47900, 29476, 1, 0, 0
47901, 8838, 0, 0, 0
48000, 10317, 0, 0, 0
48001, 40819, 1, 0, 0
48100, 10683, 0, 0, 0
48107, 35335, 1, 0, 0
48200, 9901, 0, 0, 0
48206, 39546, 1, 0, 0
48301, 8057, 0, 0, 0
48319, 38822, 1, 0, 0
48400, 9506, 0, 0, 0
48400, 41421, 1, 0, 0
48500, 40551, 1, 0, 0
48500, 10847, 0, 0, 0
48600, 10556, 0, 0, 0
48604, 35457, 1, 0, 0
48700, 9322, 0, 0, 0
48702, 35548, 1, 0, 0
48801, 40713, 1, 0, 0
48802, 8935, 0, 0, 0
48900, 40762, 1, 0, 0
48901, 10509, 0, 0, 0
49000, 10360, 0, 0, 0
49000, 39020, 1, 0, 0
49100, 10444, 0, 0, 0
49100, 42126, 1, 0, 0
49200, 10136, 0, 0, 0
49200, 40671, 1, 0, 0
49300, 10436, 0, 0, 0
49300, 38519, 1, 0, 0
49400, 38833, 1, 0, 0
49401, 10071, 0, 0, 0
49500, 10694, 0, 0, 0
49501, 37185, 1, 0, 0
49600, 9125, 0, 0, 0
49600, 41783, 1, 0, 0
49700, 10144, 0, 0, 0
49706, 38371, 1, 0, 0
49800, 10284, 0, 0, 0
49800, 38406, 1, 0, 0
49900, 9850, 0, 0, 0
49900, 37799, 1, 0, 0
50001, 35825, 1, 0, 0
50005, 9915, 0, 0, 0
50100, 10360, 0, 0, 0
50101, 32288, 1, 0, 0
50200, 10583, 0, 0, 0
50203, 40531, 1, 0, 0
50300, 9802, 0, 0, 0
50303, 36067, 1, 0, 0
50400, 9631, 0, 0, 0
50404, 40136, 1, 0, 0
50501, 10079, 0, 0, 0
50503, 38280, 1, 0, 0
50715, 9761, 0, 0, 0
50783, 39572, 1, 0, 0
50820, 8181, 0, 0, 0
50901, 33227, 1, 0, 0
50903, 13180, 0, 0, 0
51000, 10841, 0, 0, 0
51001, 34820, 1, 0, 0
51100, 9698, 0, 0, 0
51103, 38338, 1, 0, 0
51201, 8873, 0, 0, 0
51209, 37690, 1, 0, 0
51300, 38532, 1, 0, 0
51300, 9033, 0, 0, 0
51402, 8893, 0, 0, 0
51403, 37662, 1, 0, 0
51500, 10087, 0, 0, 0
51502, 38981, 1, 0, 0
51601, 32447, 1, 0, 0
51601, 8299, 0, 0, 0
51701, 9972, 0, 0, 0
51702, 37336, 1, 0, 0
51800, 9710, 0, 0, 0
51808, 41705, 1, 0, 0
51900, 9727, 0, 0, 0
51900, 37713, 1, 0, 0
52002, 38213, 1, 0, 0
52004, 11007, 0, 0, 0
52102, 10407, 0, 0, 0
52102, 41482, 1, 0, 0
52200, 39660, 1, 0, 0
52202, 10331, 0, 0, 0
52301, 41149, 1, 0, 0
52304, 9660, 0, 0, 0
52400, 39976, 1, 0, 0
52400, 9191, 0, 0, 0
52500, 10527, 0, 0, 0
52502, 39800, 1, 0, 0
52600, 9333, 0, 0, 0
52603, 33776, 1, 0, 0
52700, 10385, 0, 0, 0
52708, 42701, 1, 0, 0
52800, 10142, 0, 0, 0
52800, 40874, 1, 0, 0
52900, 10221, 0, 0, 0
52906, 39953, 1, 0, 0
53000, 8614, 0, 0, 0
53002, 36087, 1, 0, 0
53100, 10233, 0, 0, 0
53106, 43715, 1, 0, 0
53200, 9299, 0, 0, 0
53200, 38456, 1, 0, 0
53300, 9897, 0, 0, 0
53301, 38313, 1, 0, 0
53458, 8546, 0, 0, 0
53539, 6697, 0, 0, 0
53554, 33764, 1, 0, 0
53600, 7863, 0, 0, 0
53601, 30266, 1, 0, 0
53700, 9796, 0, 0, 0
53701, 37997, 1, 0, 0
53802, 37869, 1, 0, 0
53803, 9771, 0, 0, 0
53900, 9435, 0, 0, 0
53903, 35867, 1, 0, 0
54000, 9836, 0, 0, 0
54000, 35860, 1, 0, 0
54101, 8806, 0, 0, 0
54115, 33546, 1, 0, 0
54200, 9332, 0, 0, 0
54200, 36959, 1, 0, 0
54356, 40676, 1, 0, 0
54360, 10005, 0, 0, 0
54423, 9929, 0, 0, 0
54431, 35407, 1, 0, 0
54503, 33612, 1, 0, 0
54505, 8189, 0, 0, 0
54601, 35291, 1, 0, 0
54601, 9197, 0, 0, 0
54702, 7577, 0, 0, 0
54716, 30844, 1, 0, 0
54800, 9878, 0, 0, 0
54801, 33799, 1, 0, 0
54900, 9918, 0, 0, 0
54900, 35184, 1, 0, 0
55000, 9569, 0, 0, 0
55000, 34995, 1, 0, 0
55100, 8938, 0, 0, 0
55101, 36764, 1, 0, 0
55201, 10018, 0, 0, 0
55203, 35281, 1, 0, 0
55300, 11337, 0, 0, 0
55301, 44074, 1, 0, 0
55400, 9141, 0, 0, 0
55404, 38113, 1, 0, 0
55500, 9385, 0, 0, 0
55501, 35816, 1, 0, 0
55600, 9409, 0, 0, 0
55603, 34315, 1, 0, 0
55707, 11044, 0, 0, 0
55772, 41917, 1, 0, 0
55808, 8815, 0, 0, 0
55826, 35913, 1, 0, 0
55904, 30787, 1, 0, 0
55906, 10075, 0, 0, 0
56000, 10403, 0, 0, 0
56000, 39174, 1, 0, 0
56100, 9198, 0, 0, 0
56102, 40626, 1, 0, 0
56200, 8656, 0, 0, 0
56202, 36913, 1, 0, 0
56300, 8656, 0, 0, 0
56300, 31558, 1, 0, 0
56400, 36217, 1, 0, 0
56400, 10707, 0, 0, 0
56500, 10005, 0, 0, 0
56500, 41012, 1, 0, 0
56601, 9499, 0, 0, 0
56605, 37232, 1, 0, 0
56700, 36711, 1, 0, 0
56704, 9545, 0, 0, 0
56800, 39956, 1, 0, 0
56802, 9503, 0, 0, 0
56901, 42238, 1, 0, 0
56901, 10316, 0, 0, 0
57001, 10176, 0, 0, 0
57001, 36369, 1, 0, 0
57100, 9362, 0, 0, 0
57104, 38623, 1, 0, 0
57200, 9401, 0, 0, 0
57200, 35505, 1, 0, 0
57300, 9746, 0, 0, 0
57312, 37999, 1, 0, 0
57401, 9819, 0, 0, 0
57403, 40927, 1, 0, 0
57500, 45357, 1, 0, 0
57501, 10587, 0, 0, 0
57600, 11549, 0, 0, 0
57601, 39287, 1, 0, 0
57701, 9370, 0, 0, 0
57704, 33710, 1, 0, 0
57801, 9998, 0, 0, 0
57803, 41282, 1, 0, 0
57900, 9680, 0, 0, 0
57906, 39833, 1, 0, 0
58000, 40365, 1, 0, 0
58000, 9791, 0, 0, 0
58100, 39729, 1, 0, 0
58100, 10326, 0, 0, 0
58200, 9265, 0, 0, 0
58202, 36974, 1, 0, 0
58302, 9429, 0, 0, 0
58303, 39210, 1, 0, 0
58424, 35680, 1, 0, 0
58472, 10005, 0, 0, 0
58502, 13406, 0, 0, 0
58529, 23618, 1, 0, 0
58600, 8753, 0, 0, 0
58600, 32581, 1, 0, 0
58700, 8491, 0, 0, 0
58703, 34963, 1, 0, 0
58800, 38055, 1, 0, 0
58801, 9653, 0, 0, 0
58902, 37001, 1, 0, 0
58902, 9932, 0, 0, 0
59003, 7216, 0, 0, 0
59004, 25752, 1, 0, 0
59100, 9295, 0, 0, 0
59112, 34805, 1, 0, 0
59200, 10102, 0, 0, 0
59201, 33692, 1, 0, 0
59410, 10301, 0, 0, 0
59414, 38642, 1, 0, 0
59598, 20215, 0, 0, 0
59601, 11550, 0, 0, 0
59604, 27797, 1, 0, 0
59701, 8931, 0, 0, 0
59702, 35244, 1, 0, 0
59800, 8209, 0, 0, 0
59803, 31876, 1, 0, 0
59900, 11054, 0, 0, 0
59902, 36393, 1, 0, 0
60000, 39876, 1, 0, 0
60000, 9906, 0, 0, 0
60100, 11016, 0, 0, 0
60105, 37000, 1, 0, 0
60200, 9728, 0, 0, 0
60201, 36306, 1, 0, 0
60300, 10920, 0, 0, 0
60303, 39518, 1, 0, 0
60400, 8427, 0, 0, 0
60402, 37598, 1, 0, 0
60500, 9278, 0, 0, 0
60500, 34539, 1, 0, 0
60600, 8570, 0, 0, 0
60601, 35991, 1, 0, 0
60700, 9285, 0, 0, 0
60701, 38526, 1, 0, 0
60800, 10648, 0, 0, 0
60801, 40362, 1, 0, 0
60902, 10360, 0, 0, 0
60905, 39685, 1, 0, 0
61006, 9037, 0, 0, 0
61007, 35132, 1, 0, 0
61100, 10469, 0, 0, 0
61100, 39868, 1, 0, 0
61200, 10311, 0, 0, 0
61203, 41606, 1, 0, 0
61300, 11743, 0, 0, 0
61301, 41988, 1, 0, 0
61401, 10117, 0, 0, 0
61404, 38628, 1, 0, 0
61500, 42478, 1, 0, 0
61504, 10852, 0, 0, 0
61600, 9535, 0, 0, 0
61601, 43678, 1, 0, 0
61705, 10437, 0, 0, 0
61705, 40911, 1, 0, 0
61800, 9861, 0, 0, 0
61801, 38616, 1, 0, 0
61900, 9555, 0, 0, 0
61901, 39461, 1, 0, 0
62000, 10494, 0, 0, 0
62001, 40898, 1, 0, 0
62100, 9836, 0, 0, 0
62104, 39624, 1, 0, 0
62201, 10822, 0, 0, 0
62203, 37119, 1, 0, 0
62301, 9851, 0, 0, 0
62302, 38779, 1, 0, 0
62400, 9644, 0, 0, 0
62400, 38409, 1, 0, 0
62500, 9345, 0, 0, 0
62500, 41672, 1, 0, 0
62600, 9806, 0, 0, 0
62605, 35575, 1, 0, 0
62701, 10731, 0, 0, 0
62708, 38374, 1, 0, 0
62800, 43983, 1, 0, 0
62800, 9729, 0, 0, 0
62902, 38730, 1, 0, 0
62904, 9471, 0, 0, 0
63000, 10417, 0, 0, 0
63002, 39453, 1, 0, 0
63100, 9879, 0, 0, 0
63101, 41943, 1, 0, 0
63201, 10064, 0, 0, 0
63203, 38923, 1, 0, 0
63300, 11383, 0, 0, 0
63303, 38684, 1, 0, 0
63402, 10093, 0, 0, 0
63407, 41695, 1, 0, 0
63501, 10130, 0, 0, 0
63502, 38256, 1, 0, 0
63600, 38897, 1, 0, 0
63600, 11225, 0, 0, 0
63703, 9634, 0, 0, 0
63703, 38087, 1, 0, 0
63800, 9872, 0, 0, 0
63800, 40183, 1, 0, 0
63900, 9483, 0, 0, 0
63901, 39351, 1, 0, 0
64000, 9752, 0, 0, 0
64000, 37083, 1, 0, 0
64100, 41512, 1, 0, 0
64101, 10154, 0, 0, 0
64200, 10070, 0, 0, 0
64201, 37991, 1, 0, 0
64300, 10077, 0, 0, 0
64301, 40526, 1, 0, 0
64413, 11181, 0, 0, 0
64414, 33957, 1, 0, 0
64500, 10657, 0, 0, 0
64501, 34551, 1, 0, 0
64600, 9312, 0, 0, 0
64601, 36452, 1, 0, 0
64701, 38556, 1, 0, 0
64702, 8720, 0, 0, 0
64800, 37616, 1, 0, 0
64801, 9755, 0, 0, 0
64901, 9980, 0, 0, 0
64901, 40353, 1, 0, 0
65000, 38047, 1, 0, 0
65002, 10126, 0, 0, 0
65100, 39807, 1, 0, 0
65100, 10648, 0, 0, 0
65200, 10801, 0, 0, 0
65201, 40901, 1, 0, 0
65300, 39648, 1, 0, 0
65301, 9866, 0, 0, 0
65400, 39417, 1, 0, 0
65401, 9666, 0, 0, 0
65500, 34401, 1, 0, 0
65501, 10286, 0, 0, 0
65600, 46106, 1, 0, 0
65600, 10962, 0, 0, 0
65701, 9814, 0, 0, 0
65704, 36065, 1, 0, 0
65800, 38317, 1, 0, 0
65800, 9726, 0, 0, 0
65900, 36900, 1, 0, 0
65900, 9559, 0, 0, 0
66000, 9958, 0, 0, 0
66003, 39446, 1, 0, 0
66101, 10952, 0, 0, 0
66105, 39376, 1, 0, 0
66200, 9751, 0, 0, 0
66205, 39554, 1, 0, 0
66300, 8731, 0, 0, 0
66301, 34837, 1, 0, 0
66401, 11323, 0, 0, 0
66403, 43255, 1, 0, 0
66500, 10179, 0, 0, 0
66508, 39481, 1, 0, 0
66601, 9844, 0, 0, 0
66609, 36942, 1, 0, 0
66700, 10476, 0, 0, 0
66701, 40245, 1, 0, 0
66800, 40138, 1, 0, 0
66803, 10415, 0, 0, 0
66902, 37991, 1, 0, 0
66904, 10156, 0, 0, 0
67001, 9665, 0, 0, 0
67001, 35236, 1, 0, 0
67100, 33014, 1, 0, 0
67104, 9966, 0, 0, 0
67201, 38448, 1, 0, 0
67201, 8076, 0, 0, 0
67300, 9419, 0, 0, 0
67307, 36443, 1, 0, 0
67400, 10448, 0, 0, 0
67401, 39928, 1, 0, 0
67501, 10557, 0, 0, 0
67503, 37281, 1, 0, 0
67600, 9882, 0, 0, 0
67603, 41723, 1, 0, 0
67700, 9574, 0, 0, 0
67708, 33167, 1, 0, 0
67800, 9736, 0, 0, 0
67805, 35620, 1, 0, 0
67900, 9519, 0, 0, 0
67905, 40825, 1, 0, 0
68000, 9992, 0, 0, 0
68004, 40133, 1, 0, 0
68100, 38360, 1, 0, 0
68100, 8908, 0, 0, 0
68200, 40556, 1, 0, 0
68201, 9775, 0, 0, 0
68301, 39153, 1, 0, 0
68302, 9275, 0, 0, 0
68400, 9526, 0, 0, 0
68404, 37648, 1, 0, 0
68500, 10362, 0, 0, 0
68503, 34019, 1, 0, 0
68600, 10715, 0, 0, 0
68600, 39566, 1, 0, 0
68700, 9915, 0, 0, 0
68708, 40324, 1, 0, 0
68800, 9929, 0, 0, 0
68806, 38160, 1, 0, 0
68901, 40441, 1, 0, 0
68902, 10314, 0, 0, 0
69000, 36057, 1, 0, 0
69000, 8741, 0, 0, 0
69101, 8944, 0, 0, 0
69102, 35673, 1, 0, 0
69200, 10282, 0, 0, 0
69207, 40278, 1, 0, 0
69300, 9202, 0, 0, 0
69302, 36595, 1, 0, 0
69400, 9407, 0, 0, 0
69403, 38595, 1, 0, 0
69501, 9693, 0, 0, 0
69512, 41064, 1, 0, 0
69601, 10759, 0, 0, 0
69602, 40051, 1, 0, 0
69701, 9705, 0, 0, 0
69702, 39937, 1, 0, 0
69800, 10963, 0, 0, 0
69802, 41027, 1, 0, 0
69901, 9711, 0, 0, 0
69903, 36278, 1, 0, 0
70002, 10580, 0, 0, 0
70006, 41102, 1, 0, 0
70101, 8336, 0, 0, 0
70101, 39685, 1, 0, 0
70200, 9112, 0, 0, 0
70201, 35609, 1, 0, 0
70301, 9369, 0, 0, 0
70301, 37440, 1, 0, 0
70400, 38133, 1, 0, 0
70400, 8924, 0, 0, 0
70501, 8652, 0, 0, 0
70501, 37723, 1, 0, 0
70600, 9743, 0, 0, 0
70605, 37052, 1, 0, 0
70700, 9983, 0, 0, 0
70700, 38781, 1, 0, 0
70800, 9584, 0, 0, 0
70802, 34974, 1, 0, 0
70901, 9856, 0, 0, 0
70902, 35653, 1, 0, 0
71000, 37502, 1, 0, 0
71003, 10460, 0, 0, 0
71100, 9424, 0, 0, 0
71103, 39892, 1, 0, 0
71206, 8739, 0, 0, 0
71208, 39084, 1, 0, 0
71300, 9278, 0, 0, 0
71302, 42592, 1, 0, 0
71400, 9867, 0, 0, 0
71404, 41565, 1, 0, 0
71500, 12487, 0, 0, 0
71501, 45028, 1, 0, 0
71600, 42330, 1, 0, 0
71600, 10389, 0, 0, 0
71700, 41844, 1, 0, 0
71700, 9462, 0, 0, 0
71800, 9685, 0, 0, 0
71804, 39300, 1, 0, 0
71900, 10243, 0, 0, 0
71903, 40562, 1, 0, 0
72001, 36888, 1, 0, 0
72002, 9164, 0, 0, 0
72101, 39158, 1, 0, 0
72102, 10019, 0, 0, 0
72200, 10501, 0, 0, 0
72201, 38660, 1, 0, 0
72300, 8561, 0, 0, 0
72300, 34040, 1, 0, 0
72400, 9351, 0, 0, 0
72403, 38321, 1, 0, 0
72500, 10818, 0, 0, 0
72500, 40651, 1, 0, 0
72600, 9072, 0, 0, 0
72601, 38974, 1, 0, 0
72700, 9173, 0, 0, 0
72704, 41441, 1, 0, 0
72800, 38397, 1, 0, 0
72801, 9636, 0, 0, 0
72902, 10349, 0, 0, 0
72902, 37724, 1, 0, 0
73000, 38772, 1, 0, 0
73000, 9124, 0, 0, 0
73100, 39722, 1, 0, 0
73100, 10233, 0, 0, 0
73200, 9889, 0, 0, 0
73200, 39794, 1, 0, 0
73301, 9307, 0, 0, 0
73304, 38990, 1, 0, 0
73400, 10185, 0, 0, 0
73400, 42600, 1, 0, 0
73500, 8910, 0, 0, 0
73502, 37115, 1, 0, 0
73600, 9641, 0, 0, 0
73604, 38202, 1, 0, 0
73700, 10283, 0, 0, 0
73701, 36556, 1, 0, 0
73800, 38708, 1, 0, 0
73803, 9557, 0, 0, 0
73900, 39164, 1, 0, 0
73900, 9180, 0, 0, 0
74006, 10639, 0, 0, 0
74012, 42524, 1, 0, 0
74102, 41067, 1, 0, 0
74102, 9866, 0, 0, 0
74200, 39886, 1, 0, 0
74204, 9837, 0, 0, 0
74300, 10262, 0, 0, 0
74304, 39498, 1, 0, 0
74400, 9475, 0, 0, 0
74401, 39091, 1, 0, 0
74500, 38019, 1, 0, 0
74500, 9987, 0, 0, 0
74600, 8546, 0, 0, 0
74604, 40036, 1, 0, 0
74700, 10507, 0, 0, 0
74701, 39397, 1, 0, 0
74802, 9340, 0, 0, 0
74804, 43641, 1, 0, 0
74900, 10219, 0, 0, 0
74901, 43329, 1, 0, 0
75000, 9184, 0, 0, 0
75003, 34677, 1, 0, 0
75100, 9571, 0, 0, 0
75102, 39731, 1, 0, 0
75200, 9781, 0, 0, 0
75201, 37965, 1, 0, 0
75300, 35464, 1, 0, 0
75302, 9786, 0, 0, 0
75400, 8938, 0, 0, 0
75403, 37990, 1, 0, 0
75500, 35657, 1, 0, 0
75501, 9631, 0, 0, 0
75601, 9587, 0, 0, 0
75601, 38385, 1, 0, 0
75700, 10178, 0, 0, 0
75701, 45191, 1, 0, 0
75801, 9869, 0, 0, 0
75806, 38774, 1, 0, 0
75901, 38713, 1, 0, 0
75903, 10072, 0, 0, 0
76001, 39616, 1, 0, 0
76005, 10212, 0, 0, 0
76101, 10751, 0, 0, 0
76105, 36449, 1, 0, 0
76202, 9561, 0, 0, 0
76203, 41441, 1, 0, 0
76300, 9939, 0, 0, 0
76302, 39681, 1, 0, 0
76400, 40602, 1, 0, 0
76402, 10123, 0, 0, 0
76500, 42391, 1, 0, 0
76500, 10138, 0, 0, 0
76600, 12182, 0, 0, 0
76605, 41448, 1, 0, 0
76702, 35020, 1, 0, 0
76704, 9454, 0, 0, 0
76801, 9943, 0, 0, 0
76801, 41231, 1, 0, 0
76902, 38464, 1, 0, 0
76902, 9565, 0, 0, 0
77001, 9504, 0, 0, 0
77002, 40965, 1, 0, 0
77100, 10186, 0, 0, 0
77104, 42691, 1, 0, 0
77200, 43756, 1, 0, 0
77201, 10490, 0, 0, 0
77300, 9937, 0, 0, 0
77304, 38197, 1, 0, 0
77400, 9607, 0, 0, 0
77403, 39224, 1, 0, 0
77501, 10008, 0, 0, 0
77504, 36754, 1, 0, 0
77602, 9460, 0, 0, 0
77605, 38067, 1, 0, 0
77700, 10932, 0, 0, 0
77702, 38753, 1, 0, 0
77800, 9061, 0, 0, 0
77803, 33118, 1, 0, 0
77902, 9531, 0, 0, 0
77902, 34635, 1, 0, 0
78000, 10698, 0, 0, 0
78006, 40458, 1, 0, 0
78100, 9527, 0, 0, 0
78102, 38057, 1, 0, 0
78201, 9438, 0, 0, 0
78201, 42414, 1, 0, 0
78300, 9866, 0, 0, 0
78300, 40175, 1, 0, 0
78401, 10148, 0, 0, 0
78405, 34274, 1, 0, 0
78500, 38413, 1, 0, 0
78501, 10200, 0, 0, 0
78601, 10624, 0, 0, 0
78603, 36346, 1, 0, 0
78700, 11324, 0, 0, 0
78706, 40295, 1, 0, 0
78800, 42708, 1, 0, 0
78803, 9987, 0, 0, 0
78900, 10445, 0, 0, 0
78900, 40537, 1, 0, 0
79000, 9354, 0, 0, 0
79002, 39539, 1, 0, 0
79100, 9927, 0, 0, 0
79101, 38465, 1, 0, 0
79200, 10709, 0, 0, 0
79202, 41474, 1, 0, 0
79303, 40755, 1, 0, 0
79304, 9764, 0, 0, 0
79400, 9988, 0, 0, 0
79402, 39044, 1, 0, 0
79500, 40735, 1, 0, 0
79502, 9960, 0, 0, 0
79601, 41031, 1, 0, 0
79602, 9333, 0, 0, 0
79705, 41794, 1, 0, 0
79706, 9354, 0, 0, 0
79800, 8996, 0, 0, 0
79803, 42560, 1, 0, 0
79900, 9760, 0, 0, 0
79909, 35492, 1, 0, 0
80000, 10061, 0, 0, 0
80000, 35462, 1, 0, 0
80101, 42195, 1, 0, 0
80101, 9876, 0, 0, 0
80200, 10585, 0, 0, 0
80201, 37172, 1, 0, 0
80300, 39622, 1, 0, 0
80300, 9795, 0, 0, 0
80400, 9227, 0, 0, 0
80401, 37685, 1, 0, 0
80501, 10244, 0, 0, 0
80505, 39891, 1, 0, 0
80600, 9212, 0, 0, 0
80601, 36823, 1, 0, 0
80700, 35082, 1, 0, 0
80700, 9878, 0, 0, 0
80802, 10403, 0, 0, 0
80807, 37371, 1, 0, 0
80900, 9542, 0, 0, 0
80903, 40511, 1, 0, 0
81001, 35112, 1, 0, 0
81002, 9256, 0, 0, 0
81100, 9201, 0, 0, 0
81106, 38488, 1, 0, 0
81200, 36554, 1, 0, 0
81200, 9496, 0, 0, 0
81301, 9399, 0, 0, 0
81302, 40299, 1, 0, 0
81400, 10848, 0, 0, 0
81401, 41951, 1, 0, 0
81501, 39482, 1, 0, 0
81501, 10281, 0, 0, 0
81601, 10115, 0, 0, 0
81604, 43299, 1, 0, 0
81701, 40877, 1, 0, 0
81701, 10466, 0, 0, 0
81800, 10809, 0, 0, 0
81800, 37531, 1, 0, 0
81901, 10635, 0, 0, 0
81901, 38595, 1, 0, 0
82000, 9090, 0, 0, 0
82000, 36463, 1, 0, 0
82101, 38891, 1, 0, 0
82102, 9861, 0, 0, 0
82200, 9707, 0, 0, 0
82201, 37925, 1, 0, 0
82300, 11722, 0, 0, 0
82300, 38934, 1, 0, 0
82400, 9308, 0, 0, 0
82404, 37047, 1, 0, 0
82500, 39402, 1, 0, 0
82501, 10998, 0, 0, 0
82600, 9523, 0, 0, 0
82601, 41729, 1, 0, 0
82700, 9996, 0, 0, 0
82701, 39682, 1, 0, 0
82802, 9965, 0, 0, 0
82803, 38140, 1, 0, 0
82900, 40154, 1, 0, 0
82903, 10045, 0, 0, 0
83000, 10228, 0, 0, 0
83004, 37473, 1, 0, 0
83101, 40227, 1, 0, 0
83104, 10326, 0, 0, 0
83202, 10072, 0, 0, 0
83203, 43422, 1, 0, 0
83300, 10177, 0, 0, 0
83301, 39521, 1, 0, 0
83400, 10302, 0, 0, 0
83407, 39150, 1, 0, 0
83500, 40278, 1, 0, 0
83501, 9028, 0, 0, 0
83600, 44292, 1, 0, 0
83603, 9503, 0, 0, 0
83701, 44215, 1, 0, 0
83701, 9893, 0, 0, 0
83800, 9284, 0, 0, 0
83802, 38174, 1, 0, 0
83900, 10716, 0, 0, 0
83902, 40539, 1, 0, 0
84001, 10635, 0, 0, 0
84010, 39956, 1, 0, 0
84100, 10762, 0, 0, 0
84103, 39738, 1, 0, 0
84202, 40924, 1, 0, 0
84204, 10766, 0, 0, 0
84300, 9791, 0, 0, 0
84304, 40469, 1, 0, 0
84400, 12568, 0, 0, 0
84403, 40731, 1, 0, 0
84500, 8737, 0, 0, 0
84502, 42328, 1, 0, 0
84602, 10113, 0, 0, 0
84610, 34320, 1, 0, 0
84701, 10838, 0, 0, 0
84709, 41817, 1, 0, 0
84801, 37553, 1, 0, 0
84802, 10935, 0, 0, 0
84900, 11169, 0, 0, 0
84901, 38561, 1, 0, 0
85000, 11446, 0, 0, 0
85005, 43044, 1, 0, 0
85100, 9195, 0, 0, 0
85100, 43049, 1, 0, 0
85202, 9891, 0, 0, 0
85203, 37048, 1, 0, 0
85300, 40720, 1, 0, 0
85303, 11208, 0, 0, 0
85400, 8958, 0, 0, 0
85401, 37909, 1, 0, 0
85500, 47645, 1, 0, 0
85503, 10910, 0, 0, 0
85600, 41439, 1, 0, 0
85600, 10310, 0, 0, 0
85700, 9851, 0, 0, 0
85702, 43669, 1, 0, 0
85800, 10199, 0, 0, 0
85801, 40662, 1, 0, 0
85900, 10570, 0, 0, 0
85900, 42516, 1, 0, 0
86000, 37322, 1, 0, 0
86001, 9500, 0, 0, 0
86100, 10640, 0, 0, 0
86101, 39318, 1, 0, 0
86200, 10147, 0, 0, 0
86201, 40420, 1, 0, 0
86300, 9673, 0, 0, 0
86301, 36684, 1, 0, 0
86401, 39792, 1, 0, 0
86402, 9635, 0, 0, 0
86500, 41985, 1, 0, 0
86501, 9776, 0, 0, 0
86602, 10620, 0, 0, 0
86606, 39098, 1, 0, 0
86700, 43123, 1, 0, 0
86701, 10386, 0, 0, 0
86800, 9849, 0, 0, 0
86802, 35077, 1, 0, 0
86900, 11412, 0, 0, 0
86902, 46912, 1, 0, 0
87001, 43337, 1, 0, 0
87004, 10157, 0, 0, 0
87100, 40857, 1, 0, 0
87101, 10028, 0, 0, 0
87200, 9708, 0, 0, 0
87201, 37915, 1, 0, 0
87300, 10078, 0, 0, 0
87300, 40732, 1, 0, 0
87400, 10368, 0, 0, 0
87403, 43026, 1, 0, 0
87500, 11048, 0, 0, 0
87503, 44699, 1, 0, 0
87600, 10764, 0, 0, 0
87603, 40861, 1, 0, 0
87700, 9660, 0, 0, 0
87701, 37197, 1, 0, 0
87800, 9663, 0, 0, 0
87804, 41846, 1, 0, 0
87900, 11014, 0, 0, 0
87901, 40932, 1, 0, 0
88002, 41817, 1, 0, 0
88002, 10768, 0, 0, 0
88103, 40937, 1, 0, 0
88104, 11709, 0, 0, 0
88200, 11111, 0, 0, 0
88208, 42627, 1, 0, 0
88305, 10556, 0, 0, 0
88307, 42484, 1, 0, 0
88402, 40474, 1, 0, 0
88403, 10828, 0, 0, 0
88503, 40124, 1, 0, 0
88505, 11527, 0, 0, 0
88601, 9128, 0, 0, 0
88609, 35808, 1, 0, 0
88700, 37640, 1, 0, 0
88700, 9603, 0, 0, 0
88801, 10051, 0, 0, 0
88801, 40237, 1, 0, 0
88901, 10067, 0, 0, 0
88906, 41124, 1, 0, 0
89000, 47893, 1, 0, 0
89002, 10212, 0, 0, 0
89112, 10006, 0, 0, 0
89124, 35388, 1, 0, 0
89217, 11119, 0, 0, 0
89218, 39836, 1, 0, 0
89300, 10891, 0, 0, 0
89300, 40030, 1, 0, 0
89403, 43332, 1, 0, 0
89403, 9693, 0, 0, 0
89500, 9273, 0, 0, 0
89503, 40428, 1, 0, 0
89601, 10122, 0, 0, 0
89602, 38165, 1, 0, 0
89700, 9036, 0, 0, 0
89701, 38212, 1, 0, 0
89801, 9513, 0, 0, 0
89801, 43408, 1, 0, 0
89900, 36858, 1, 0, 0
89900, 9286, 0, 0, 0
90011, 10370, 0, 0, 0
90011, 34771, 1, 0, 0
