100, 4548, 0, 0, 0
200, 4399, 0, 0, 0
300, 4826, 0, 0, 0
400, 4743, 0, 0, 0
500, 4856, 0, 0, 0
600, 4595, 0, 0, 0
700, 4595, 0, 0, 0
800, 4731, 0, 0, 0
900, 4696, 0, 0, 0
1000, 4561, 0, 0, 0
1100, 4589, 0, 0, 0
1200, 4830, 0, 0, 0
1300, 4640, 0, 0, 0
1400, 4809, 0, 0, 0
1500, 4767, 0, 0, 0
1600, 5089, 0, 0, 0
1700, 4951, 0, 0, 0
1800, 5021, 0, 0, 0
1900, 4718, 0, 0, 0
2000, 4707, 0, 0, 0
2100, 4630, 0, 0, 0
2200, 4859, 0, 0, 0
2300, 4625, 0, 0, 0
2400, 4712, 0, 0, 0
2500, 4641, 0, 0, 0
2600, 4587, 0, 0, 0
2700, 4689, 0, 0, 0
2800, 4541, 0, 0, 0
2900, 4571, 0, 0, 0
3000, 4654, 0, 0, 0
3100, 4596, 0, 0, 0
3200, 4665, 0, 0, 0
3300, 4710, 0, 0, 0
3400, 4340, 0, 0, 0
3500, 4768, 0, 0, 0
3600, 4730, 0, 0, 0
3700, 5025, 0, 0, 0
3800, 4717, 0, 0, 0
3900, 4492, 0, 0, 0
4000, 4842, 0, 0, 0
4100, 4662, 0, 0, 0
4200, 4832, 0, 0, 0
4300, 4595, 0, 0, 0
4400, 4901, 0, 0, 0
4500, 4515, 0, 0, 0
4600, 4710, 0, 0, 0
4700, 4811, 0, 0, 0
4800, 4891, 0, 0, 0
4900, 4783, 0, 0, 0
5000, 4612, 0, 0, 0
5100, 4879, 0, 0, 0
5200, 4768, 0, 0, 0
5300, 4576, 0, 0, 0
5400, 4284, 0, 0, 0
5500, 4410, 0, 0, 0
5600, 4411, 0, 0, 0
5700, 4530, 0, 0, 0
5800, 4603, 0, 0, 0
5900, 4680, 0, 0, 0
6000, 4831, 0, 0, 0
6100, 4741, 0, 0, 0
6200, 4821, 0, 0, 0
6300, 4739, 0, 0, 0
6429, 5253, 0, 0, 0
6500, 3633, 0, 0, 0
6605, 4266, 0, 0, 0
6700, 4528, 0, 0, 0
6800, 4685, 0, 0, 0
6900, 4493, 0, 0, 0
7000, 4429, 0, 0, 0
7100, 4608, 0, 0, 0
7200, 4668, 0, 0, 0
7300, 4791, 0, 0, 0
7400, 4747, 0, 0, 0
7500, 4957, 0, 0, 0
7600, 4612, 0, 0, 0
7700, 4649, 0, 0, 0
7800, 4956, 0, 0, 0
7900, 4790, 0, 0, 0
8000, 4477, 0, 0, 0
8100, 4821, 0, 0, 0
8200, 4669, 0, 0, 0
8300, 4527, 0, 0, 0
8400, 4927, 0, 0, 0
8500, 4824, 0, 0, 0
8600, 4773, 0, 0, 0
8700, 5005, 0, 0, 0
8800, 4631, 0, 0, 0
8900, 4711, 0, 0, 0
9000, 4720, 0, 0, 0
9100, 4802, 0, 0, 0
9200, 4932, 0, 0, 0
9300, 4614, 0, 0, 0
9400, 4736, 0, 0, 0
9500, 4944, 0, 0, 0
9600, 4815, 0, 0, 0
9700, 4981, 0, 0, 0
9800, 4779, 0, 0, 0
9900, 4803, 0, 0, 0
10000, 4727, 0, 0, 0
10100, 4817, 0, 0, 0
10200, 4581, 0, 0, 0
10300, 4649, 0, 0, 0
10400, 4884, 0, 0, 0
10500, 4644, 0, 0, 0
10600, 4777, 0, 0, 0
10700, 4597, 0, 0, 0
10800, 4606, 0, 0, 0
10900, 4951, 0, 0, 0
11000, 4629, 0, 0, 0
11100, 4792, 0, 0, 0
11200, 4229, 0, 0, 0
11300, 4664, 0, 0, 0
11400, 4608, 0, 0, 0
11500, 4804, 0, 0, 0
11600, 4887, 0, 0, 0
11700, 4539, 0, 0, 0
11800, 4529, 0, 0, 0
11900, 4743, 0, 0, 0
12000, 4606, 0, 0, 0
12100, 4607, 0, 0, 0
12200, 4776, 0, 0, 0
12300, 4761, 0, 0, 0
12400, 4690, 0, 0, 0
12500, 4831, 0, 0, 0
12600, 5009, 0, 0, 0
12700, 4773, 0, 0, 0
12800, 5053, 0, 0, 0
12900, 4712, 0, 0, 0
13000, 4898, 0, 0, 0
13100, 4626, 0, 0, 0
13200, 4870, 0, 0, 0
13300, 4539, 0, 0, 0
13400, 4533, 0, 0, 0
13500, 4992, 0, 0, 0
13600, 4571, 0, 0, 0
13700, 4670, 0, 0, 0
13800, 4661, 0, 0, 0
13900, 4665, 0, 0, 0
14000, 4879, 0, 0, 0
14100, 4446, 0, 0, 0
14200, 4408, 0, 0, 0
14300, 4452, 0, 0, 0
14405, 4064, 0, 0, 0
14500, 3302, 0, 0, 0
14600, 4343, 0, 0, 0
14700, 4525, 0, 0, 0
14800, 4696, 0, 0, 0
14900, 4781, 0, 0, 0
15000, 4631, 0, 0, 0
15100, 4642, 0, 0, 0
15200, 4636, 0, 0, 0
15300, 4516, 0, 0, 0
15400, 4768, 0, 0, 0
15500, 4406, 0, 0, 0
15600, 4550, 0, 0, 0
15700, 4666, 0, 0, 0
15800, 4659, 0, 0, 0
15900, 4804, 0, 0, 0
16000, 4905, 0, 0, 0
16100, 4903, 0, 0, 0
16200, 4771, 0, 0, 0
16300, 4666, 0, 0, 0
16400, 4565, 0, 0, 0
16500, 4501, 0, 0, 0
16600, 4593, 0, 0, 0
16700, 4770, 0, 0, 0
16800, 4798, 0, 0, 0
16900, 4777, 0, 0, 0
17000, 4929, 0, 0, 0
17100, 5233, 0, 0, 0
17200, 4758, 0, 0, 0
17300, 4465, 0, 0, 0
17400, 4818, 0, 0, 0
17500, 4828, 0, 0, 0
17600, 4826, 0, 0, 0
17700, 4584, 0, 0, 0
17800, 4797, 0, 0, 0
17900, 4655, 0, 0, 0
18000, 4794, 0, 0, 0
18100, 4766, 0, 0, 0
18200, 4742, 0, 0, 0
18300, 4650, 0, 0, 0
18400, 4685, 0, 0, 0
18500, 4694, 0, 0, 0
18600, 4697, 0, 0, 0
18700, 5117, 0, 0, 0
18800, 4828, 0, 0, 0
18900, 4469, 0, 0, 0
19000, 4568, 0, 0, 0
19100, 4567, 0, 0, 0
19200, 4673, 0, 0, 0
19300, 5054, 0, 0, 0
19400, 4542, 0, 0, 0
19500, 4754, 0, 0, 0
19600, 4657, 0, 0, 0
19700, 4628, 0, 0, 0
19800, 4711, 0, 0, 0
19900, 4417, 0, 0, 0
20000, 4707, 0, 0, 0
20100, 4718, 0, 0, 0
20200, 4675, 0, 0, 0
20300, 4630, 0, 0, 0
20400, 4603, 0, 0, 0
20500, 4681, 0, 0, 0
20600, 4573, 0, 0, 0
20700, 4667, 0, 0, 0
20800, 4594, 0, 0, 0
20900, 4574, 0, 0, 0
21000, 4653, 0, 0, 0
21100, 4561, 0, 0, 0
21200, 4863, 0, 0, 0
21300, 4759, 0, 0, 0
21400, 4945, 0, 0, 0
21501, 4002, 0, 0, 0
21600, 4753, 0, 0, 0
21700, 4677, 0, 0, 0
21800, 4662, 0, 0, 0
21900, 4629, 0, 0, 0
22000, 4765, 0, 0, 0
22100, 4861, 0, 0, 0
22200, 5040, 0, 0, 0
22300, 4755, 0, 0, 0
22425, 4516, 0, 0, 0
22510, 4142, 0, 0, 0
22600, 3695, 0, 0, 0
22700, 4479, 0, 0, 0
22800, 4541, 0, 0, 0
22900, 4642, 0, 0, 0
23000, 4668, 0, 0, 0
23100, 4566, 0, 0, 0
23200, 4613, 0, 0, 0
23300, 4946, 0, 0, 0
23400, 4873, 0, 0, 0
23500, 4939, 0, 0, 0
23600, 4752, 0, 0, 0
23700, 4534, 0, 0, 0
23800, 4598, 0, 0, 0
23900, 4570, 0, 0, 0
24000, 4479, 0, 0, 0
24100, 4725, 0, 0, 0
24200, 4839, 0, 0, 0
24300, 4418, 0, 0, 0
24400, 4527, 0, 0, 0
24500, 4663, 0, 0, 0
24600, 4763, 0, 0, 0
24700, 4555, 0, 0, 0
24800, 4826, 0, 0, 0
24900, 4509, 0, 0, 0
25000, 4691, 0, 0, 0
25100, 4741, 0, 0, 0
25200, 4616, 0, 0, 0
25300, 4689, 0, 0, 0
25400, 4612, 0, 0, 0
25500, 4691, 0, 0, 0
25600, 4849, 0, 0, 0
25700, 4607, 0, 0, 0
25800, 4605, 0, 0, 0
25900, 4715, 0, 0, 0
26000, 4643, 0, 0, 0
26100, 4942, 0, 0, 0
26200, 4807, 0, 0, 0
26300, 4846, 0, 0, 0
26400, 4968, 0, 0, 0
26500, 4872, 0, 0, 0
26600, 4722, 0, 0, 0
26700, 4958, 0, 0, 0
26800, 4642, 0, 0, 0
26900, 4838, 0, 0, 0
27000, 4925, 0, 0, 0
27100, 4528, 0, 0, 0
27200, 4511, 0, 0, 0
27300, 4744, 0, 0, 0
27400, 4702, 0, 0, 0
27500, 4942, 0, 0, 0
27600, 4925, 0, 0, 0
27700, 4779, 0, 0, 0
27800, 4970, 0, 0, 0
27900, 4705, 0, 0, 0
28000, 4666, 0, 0, 0
28100, 4637, 0, 0, 0
28200, 4959, 0, 0, 0
28300, 4675, 0, 0, 0
28400, 4784, 0, 0, 0
28500, 4817, 0, 0, 0
28600, 4703, 0, 0, 0
28700, 4910, 0, 0, 0
28800, 4802, 0, 0, 0
28900, 4564, 0, 0, 0
29000, 4672, 0, 0, 0
29100, 4775, 0, 0, 0
29200, 4949, 0, 0, 0
29300, 4899, 0, 0, 0
29400, 4949, 0, 0, 0
29500, 4323, 0, 0, 0
29600, 4329, 0, 0, 0
29700, 4720, 0, 0, 0
29800, 4719, 0, 0, 0
29900, 4698, 0, 0, 0
30000, 4645, 0, 0, 0
30100, 4830, 0, 0, 0
30200, 4423, 0, 0, 0
30300, 4756, 0, 0, 0
30400, 4646, 0, 0, 0
30505, 4030, 0, 0, 0
30608, 4808, 0, 0, 0
30700, 4628, 0, 0, 0
30800, 4671, 0, 0, 0
30900, 4779, 0, 0, 0
31000, 4645, 0, 0, 0
31100, 4859, 0, 0, 0
31200, 5088, 0, 0, 0
31300, 4788, 0, 0, 0
31400, 5072, 0, 0, 0
31500, 4797, 0, 0, 0
31600, 4614, 0, 0, 0
31700, 4809, 0, 0, 0
31800, 5106, 0, 0, 0
32029, 4390, 0, 0, 0
32113, 3121, 0, 0, 0
32216, 3406, 0, 0, 0
32398, 4000, 0, 0, 0
32400, 3697, 0, 0, 0
32578, 3571, 0, 0, 0
32674, 6931, 0, 0, 0
32731, 3653, 0, 0, 0
32843, 3329, 0, 0, 0
32904, 3208, 0, 0, 0
33180, 3396, 0, 0, 0
33231, 4036, 0, 0, 0
33321, 3243, 0, 0, 0
33424, 4109, 0, 0, 0
33502, 2628, 0, 0, 0
33690, 3633, 0, 0, 0
33700, 2869, 0, 0, 0
33861, 3382, 0, 0, 0
33933, 3544, 0, 0, 0
34000, 3979, 0, 0, 0
34100, 6084, 0, 0, 0
34224, 6140, 0, 0, 0
34335, 3796, 0, 0, 0
34510, 3863, 0, 0, 0
34684, 3192, 0, 0, 0
34731, 3971, 0, 0, 0
34801, 3556, 0, 0, 0
34978, 3479, 0, 0, 0
35043, 4031, 0, 0, 0
35147, 3469, 0, 0, 0
35206, 5247, 0, 0, 0
35326, 3659, 0, 0, 0
35401, 4369, 0, 0, 0
35570, 4183, 0, 0, 0
35668, 4368, 0, 0, 0
35708, 3006, 0, 0, 0
35800, 3331, 0, 0, 0
35905, 4070, 0, 0, 0
36064, 3669, 0, 0, 0
36101, 4138, 0, 0, 0
36209, 3394, 0, 0, 0
36337, 3412, 0, 0, 0
36455, 4200, 0, 0, 0
36564, 3364, 0, 0, 0
36608, 3434, 0, 0, 0
36727, 3355, 0, 0, 0
36860, 6319, 0, 0, 0
36983, 3638, 0, 0, 0
37076, 3385, 0, 0, 0
37102, 3262, 0, 0, 0
37200, 3078, 0, 0, 0
37309, 2907, 0, 0, 0
37497, 3971, 0, 0, 0
37500, 3180, 0, 0, 0
37600, 3732, 0, 0, 0
37700, 4861, 0, 0, 0
37800, 4659, 0, 0, 0
37900, 4534, 0, 0, 0
38000, 4718, 0, 0, 0
38100, 5066, 0, 0, 0
38200, 4800, 0, 0, 0
38300, 4666, 0, 0, 0
38400, 4746, 0, 0, 0
38500, 4954, 0, 0, 0
38600, 4851, 0, 0, 0
38700, 4704, 0, 0, 0
38800, 4573, 0, 0, 0
38900, 4779, 0, 0, 0
39000, 4587, 0, 0, 0
39100, 4756, 0, 0, 0
39200, 4827, 0, 0, 0
39300, 4596, 0, 0, 0
39400, 4732, 0, 0, 0
39500, 4700, 0, 0, 0
39600, 4527, 0, 0, 0
39700, 4592, 0, 0, 0
39800, 4760, 0, 0, 0
39900, 4576, 0, 0, 0
40000, 4675, 0, 0, 0
40100, 4743, 0, 0, 0
40200, 4874, 0, 0, 0
40364, 4173, 0, 0, 0
40485, 4757, 0, 0, 0
40500, 2773, 0, 0, 0
40600, 3689, 0, 0, 0
40700, 3485, 0, 0, 0
40800, 4592, 0, 0, 0
40900, 4346, 0, 0, 0
41000, 4652, 0, 0, 0
41100, 4933, 0, 0, 0
41240, 4848, 0, 0, 0
41300, 4832, 0, 0, 0
41400, 4413, 0, 0, 0
41500, 4504, 0, 0, 0
41600, 4478, 0, 0, 0
41700, 4690, 0, 0, 0
41900, 4511, 0, 0, 0
42008, 3058, 0, 0, 0
42100, 3727, 0, 0, 0
42209, 4538, 0, 0, 0
42300, 4358, 0, 0, 0
42400, 4736, 0, 0, 0
42500, 4720, 0, 0, 0
42600, 4546, 0, 0, 0
42700, 4677, 0, 0, 0
42800, 4750, 0, 0, 0
42900, 4990, 0, 0, 0
43000, 5224, 0, 0, 0
43100, 4813, 0, 0, 0
43200, 5072, 0, 0, 0
43300, 5089, 0, 0, 0
43400, 4989, 0, 0, 0
43500, 5051, 0, 0, 0
43600, 5124, 0, 0, 0
43700, 4913, 0, 0, 0
43800, 4929, 0, 0, 0
43900, 5027, 0, 0, 0
44000, 4960, 0, 0, 0
44100, 4997, 0, 0, 0
44200, 4215, 0, 0, 0
44300, 4816, 0, 0, 0
44400, 4959, 0, 0, 0
44500, 5001, 0, 0, 0
44600, 4914, 0, 0, 0
44700, 4870, 0, 0, 0
44800, 5350, 0, 0, 0
44900, 4742, 0, 0, 0
45000, 4859, 0, 0, 0
45100, 5258, 0, 0, 0
45200, 4940, 0, 0, 0
45304, 4913, 0, 0, 0
45400, 4863, 0, 0, 0
45500, 5017, 0, 0, 0
45600, 5048, 0, 0, 0
45700, 4979, 0, 0, 0
45800, 4963, 0, 0, 0
45900, 4971, 0, 0, 0
46000, 5042, 0, 0, 0
46100, 4899, 0, 0, 0
46200, 4777, 0, 0, 0
46300, 5079, 0, 0, 0
46400, 5355, 0, 0, 0
46500, 5133, 0, 0, 0
46600, 4964, 0, 0, 0
46700, 5039, 0, 0, 0
46800, 4789, 0, 0, 0
46900, 4932, 0, 0, 0
47000, 4808, 0, 0, 0
47100, 4869, 0, 0, 0
47200, 4999, 0, 0, 0
47300, 4908, 0, 0, 0
47400, 4835, 0, 0, 0
47500, 4915, 0, 0, 0
47600, 4899, 0, 0, 0
47700, 5187, 0, 0, 0
47800, 5198, 0, 0, 0
47900, 4749, 0, 0, 0
48000, 4954, 0, 0, 0
48100, 4758, 0, 0, 0
48200, 5184, 0, 0, 0
48300, 4640, 0, 0, 0
48400, 4920, 0, 0, 0
48500, 4968, 0, 0, 0
48600, 5026, 0, 0, 0
48700, 4916, 0, 0, 0
48800, 4944, 0, 0, 0
48900, 4870, 0, 0, 0
49000, 4775, 0, 0, 0
49100, 5155, 0, 0, 0
49200, 4857, 0, 0, 0
49300, 5168, 0, 0, 0
49400, 4680, 0, 0, 0
49500, 4860, 0, 0, 0
49600, 5188, 0, 0, 0
49700, 4691, 0, 0, 0
49800, 4993, 0, 0, 0
49900, 4738, 0, 0, 0
50000, 4944, 0, 0, 0
50100, 4921, 0, 0, 0
50200, 4796, 0, 0, 0
50300, 4867, 0, 0, 0
50400, 5155, 0, 0, 0
50500, 5046, 0, 0, 0
50600, 4719, 0, 0, 0
50700, 4771, 0, 0, 0
50800, 4816, 0, 0, 0
50900, 4842, 0, 0, 0
51000, 4707, 0, 0, 0
51100, 5124, 0, 0, 0
51200, 4854, 0, 0, 0
51300, 4885, 0, 0, 0
51400, 4719, 0, 0, 0
51500, 4729, 0, 0, 0
51600, 4892, 0, 0, 0
51700, 4784, 0, 0, 0
51800, 4888, 0, 0, 0
51900, 5032, 0, 0, 0
52000, 5083, 0, 0, 0
52100, 5213, 0, 0, 0
52200, 4710, 0, 0, 0
52300, 4843, 0, 0, 0
52400, 4879, 0, 0, 0
52500, 4992, 0, 0, 0
52600, 5000, 0, 0, 0
52700, 4717, 0, 0, 0
52800, 5078, 0, 0, 0
52900, 4791, 0, 0, 0
53000, 4818, 0, 0, 0
53100, 4911, 0, 0, 0
53200, 4569, 0, 0, 0
53300, 4966, 0, 0, 0
53400, 4893, 0, 0, 0
53500, 5054, 0, 0, 0
53600, 5027, 0, 0, 0
53700, 5007, 0, 0, 0
53800, 4829, 0, 0, 0
53900, 4765, 0, 0, 0
54000, 4963, 0, 0, 0
54100, 5010, 0, 0, 0
54247, 4854, 0, 0, 0
54305, 3779, 0, 0, 0
54445, 3865, 0, 0, 0
54500, 5010, 0, 0, 0
54600, 4459, 0, 0, 0
54700, 4897, 0, 0, 0
54800, 5022, 0, 0, 0
54900, 4842, 0, 0, 0
55000, 4815, 0, 0, 0
55100, 4540, 0, 0, 0
55200, 5005, 0, 0, 0
55300, 5057, 0, 0, 0
55411, 3535, 0, 0, 0
55500, 4718, 0, 0, 0
55600, 4806, 0, 0, 0
55700, 5016, 0, 0, 0
55800, 4787, 0, 0, 0
55900, 5003, 0, 0, 0
56000, 4990, 0, 0, 0
56100, 4485, 0, 0, 0
56200, 4941, 0, 0, 0
56300, 4942, 0, 0, 0
56473, 4727, 0, 0, 0
56509, 3146, 0, 0, 0
56600, 3288, 0, 0, 0
56700, 4278, 0, 0, 0
56800, 4855, 0, 0, 0
56900, 4682, 0, 0, 0
57000, 4874, 0, 0, 0
57100, 4743, 0, 0, 0
57200, 4718, 0, 0, 0
57300, 4759, 0, 0, 0
57400, 4872, 0, 0, 0
57500, 4861, 0, 0, 0
57600, 4912, 0, 0, 0
57700, 4849, 0, 0, 0
57800, 4980, 0, 0, 0
57900, 4654, 0, 0, 0
58000, 5199, 0, 0, 0
58100, 5013, 0, 0, 0
58200, 5003, 0, 0, 0
58300, 5004, 0, 0, 0
58400, 4860, 0, 0, 0
58500, 5226, 0, 0, 0
58600, 5088, 0, 0, 0
58700, 4916, 0, 0, 0
58800, 4961, 0, 0, 0
58900, 4871, 0, 0, 0
59000, 5050, 0, 0, 0
59100, 4716, 0, 0, 0
59282, 4722, 0, 0, 0
59351, 10256, 0, 0, 0
59423, 3372, 0, 0, 0
59623, 5540, 0, 0, 0
59700, 4456, 0, 0, 0
59811, 4653, 0, 0, 0
59900, 5193, 0, 0, 0
60000, 4803, 0, 0, 0
60100, 4810, 0, 0, 0
60200, 4754, 0, 0, 0
60315, 4714, 0, 0, 0
60483, 5196, 0, 0, 0
60537, 3832, 0, 0, 0
60600, 3296, 0, 0, 0
60700, 4496, 0, 0, 0
60800, 5058, 0, 0, 0
60900, 4586, 0, 0, 0
61000, 4730, 0, 0, 0
61100, 4926, 0, 0, 0
61200, 4979, 0, 0, 0
61300, 4791, 0, 0, 0
61577, 4742, 0, 0, 0
61622, 8459, 0, 0, 0
61757, 4314, 0, 0, 0
61800, 4307, 0, 0, 0
61900, 4689, 0, 0, 0
62000, 4949, 0, 0, 0
62100, 5122, 0, 0, 0
62200, 4851, 0, 0, 0
62300, 4905, 0, 0, 0
62415, 4680, 0, 0, 0
62500, 5020, 0, 0, 0
62600, 5101, 0, 0, 0
62700, 4997, 0, 0, 0
62800, 4841, 0, 0, 0
62900, 5026, 0, 0, 0
63000, 4846, 0, 0, 0
63100, 5033, 0, 0, 0
63200, 5254, 0, 0, 0
63300, 4876, 0, 0, 0
63400, 4982, 0, 0, 0
63500, 4997, 0, 0, 0
63600, 4925, 0, 0, 0
63700, 4960, 0, 0, 0
63800, 4605, 0, 0, 0
63900, 5092, 0, 0, 0
64000, 5199, 0, 0, 0
64100, 4809, 0, 0, 0
64200, 4792, 0, 0, 0
64529, 2939, 0, 0, 0
64603, 4055, 0, 0, 0
64787, 2954, 0, 0, 0
64809, 10151, 0, 0, 0
64904, 3634, 0, 0, 0
65000, 4701, 0, 0, 0
65100, 4895, 0, 0, 0
65200, 4530, 0, 0, 0
65466, 4526, 0, 0, 0
65530, 10945, 0, 0, 0
65649, 3617, 0, 0, 0
65728, 2923, 0, 0, 0
65800, 4655, 0, 0, 0
65900, 4604, 0, 0, 0
66000, 4564, 0, 0, 0
66100, 4725, 0, 0, 0
66200, 4660, 0, 0, 0
66300, 4721, 0, 0, 0
66400, 4678, 0, 0, 0
66551, 4827, 0, 0, 0
66633, 4086, 0, 0, 0
66717, 4131, 0, 0, 0
66800, 4537, 0, 0, 0
66900, 4980, 0, 0, 0
67000, 4759, 0, 0, 0
67100, 4924, 0, 0, 0
67200, 5007, 0, 0, 0
67300, 4938, 0, 0, 0
67400, 4880, 0, 0, 0
67531, 5127, 0, 0, 0
67600, 5179, 0, 0, 0
67700, 5129, 0, 0, 0
67800, 4959, 0, 0, 0
67900, 4974, 0, 0, 0
68000, 4918, 0, 0, 0
68100, 5015, 0, 0, 0
68200, 4828, 0, 0, 0
68300, 5105, 0, 0, 0
68400, 5066, 0, 0, 0
68500, 4987, 0, 0, 0
68600, 4574, 0, 0, 0
68700, 5140, 0, 0, 0
68800, 4728, 0, 0, 0
68900, 4897, 0, 0, 0
69000, 4711, 0, 0, 0
69100, 4986, 0, 0, 0
69200, 4899, 0, 0, 0
69360, 5580, 0, 0, 0
69421, 3782, 0, 0, 0
69500, 3544, 0, 0, 0
69636, 4357, 0, 0, 0
69743, 4889, 0, 0, 0
69825, 3619, 0, 0, 0
69900, 3239, 0, 0, 0
70003, 4099, 0, 0, 0
70120, 4518, 0, 0, 0
70200, 5455, 0, 0, 0
70355, 4934, 0, 0, 0
70410, 11265, 0, 0, 0
70528, 5220, 0, 0, 0
70624, 4374, 0, 0, 0
70700, 4100, 0, 0, 0
70800, 4717, 0, 0, 0
70900, 4998, 0, 0, 0
71000, 4834, 0, 0, 0
71100, 4657, 0, 0, 0
71245, 4986, 0, 0, 0
71300, 4663, 0, 0, 0
71400, 4674, 0, 0, 0
71516, 4863, 0, 0, 0
71628, 3365, 0, 0, 0
71720, 4674, 0, 0, 0
71800, 4929, 0, 0, 0
71900, 5009, 0, 0, 0
72000, 5192, 0, 0, 0
72100, 4609, 0, 0, 0
72200, 4796, 0, 0, 0
72300, 4839, 0, 0, 0
72400, 4820, 0, 0, 0
72500, 5336, 0, 0, 0
72600, 4957, 0, 0, 0
72700, 4790, 0, 0, 0
72800, 4854, 0, 0, 0
72900, 5118, 0, 0, 0
73000, 4893, 0, 0, 0
73100, 4903, 0, 0, 0
73200, 5027, 0, 0, 0
73300, 4769, 0, 0, 0
73400, 4769, 0, 0, 0
73500, 4806, 0, 0, 0
73600, 4961, 0, 0, 0
73700, 4762, 0, 0, 0
73800, 4805, 0, 0, 0
73900, 4866, 0, 0, 0
74008, 4880, 0, 0, 0
74100, 4210, 0, 0, 0
74200, 4766, 0, 0, 0
74438, 5007, 0, 0, 0
74518, 14826, 0, 0, 0
74600, 4567, 0, 0, 0
74700, 5073, 0, 0, 0
74800, 4860, 0, 0, 0
74900, 4989, 0, 0, 0
75000, 4931, 0, 0, 0
75100, 4793, 0, 0, 0
75200, 4138, 0, 0, 0
75300, 4866, 0, 0, 0
75401, 3956, 0, 0, 0
75500, 3328, 0, 0, 0
75600, 4727, 0, 0, 0
75700, 5012, 0, 0, 0
75800, 4777, 0, 0, 0
75900, 4621, 0, 0, 0
76000, 4949, 0, 0, 0
76100, 4771, 0, 0, 0
76200, 4964, 0, 0, 0
76300, 5014, 0, 0, 0
76400, 4816, 0, 0, 0
76502, 4852, 0, 0, 0
76600, 4145, 0, 0, 0
76700, 4937, 0, 0, 0
76800, 5166, 0, 0, 0
76900, 5046, 0, 0, 0
77039, 4844, 0, 0, 0
77139, 3659, 0, 0, 0
77253, 3684, 0, 0, 0
77300, 5096, 0, 0, 0
77400, 4972, 0, 0, 0
77500, 5113, 0, 0, 0
77600, 4853, 0, 0, 0
77700, 4874, 0, 0, 0
77800, 4690, 0, 0, 0
77900, 4939, 0, 0, 0
78000, 4812, 0, 0, 0
78100, 4859, 0, 0, 0
78200, 4826, 0, 0, 0
78300, 5139, 0, 0, 0
78400, 5017, 0, 0, 0
78500, 5039, 0, 0, 0
78600, 4924, 0, 0, 0
78700, 4876, 0, 0, 0
78800, 4945, 0, 0, 0
78900, 5092, 0, 0, 0
79000, 4317, 0, 0, 0
79100, 3973, 0, 0, 0
79200, 4746, 0, 0, 0
79300, 5092, 0, 0, 0
79403, 4980, 0, 0, 0
79500, 5178, 0, 0, 0
79600, 4652, 0, 0, 0
79700, 4737, 0, 0, 0
79843, 5133, 0, 0, 0
79900, 3780, 0, 0, 0
80000, 3969, 0, 0, 0
80100, 4697, 0, 0, 0
80200, 4663, 0, 0, 0
80300, 5105, 0, 0, 0
80400, 4515, 0, 0, 0
80560, 3955, 0, 0, 0
80632, 3899, 0, 0, 0
80700, 4502, 0, 0, 0
80800, 4894, 0, 0, 0
80900, 4817, 0, 0, 0
81000, 4822, 0, 0, 0
81100, 4698, 0, 0, 0
81200, 4644, 0, 0, 0
81300, 4628, 0, 0, 0
81412, 5123, 0, 0, 0
81509, 4849, 0, 0, 0
81600, 5079, 0, 0, 0
81700, 3607, 0, 0, 0
81800, 4938, 0, 0, 0
81900, 4999, 0, 0, 0
82102, 5025, 0, 0, 0
82200, 3504, 0, 0, 0
82308, 4395, 0, 0, 0
82400, 5078, 0, 0, 0
82500, 4931, 0, 0, 0
82600, 4804, 0, 0, 0
82700, 4959, 0, 0, 0
82800, 5161, 0, 0, 0
82900, 5093, 0, 0, 0
83000, 4693, 0, 0, 0
83100, 4621, 0, 0, 0
83200, 4706, 0, 0, 0
83300, 4986, 0, 0, 0
83400, 4964, 0, 0, 0
83500, 4697, 0, 0, 0
83600, 5062, 0, 0, 0
83700, 4860, 0, 0, 0
83800, 4757, 0, 0, 0
83900, 4863, 0, 0, 0
84000, 4747, 0, 0, 0
84108, 3551, 0, 0, 0
84200, 4762, 0, 0, 0
84300, 4676, 0, 0, 0
84406, 4726, 0, 0, 0
84500, 4236, 0, 0, 0
84600, 4794, 0, 0, 0
84700, 5029, 0, 0, 0
84800, 5183, 0, 0, 0
84916, 4594, 0, 0, 0
85010, 3900, 0, 0, 0
85100, 4434, 0, 0, 0
85200, 4738, 0, 0, 0
85308, 4759, 0, 0, 0
85470, 4875, 0, 0, 0
85527, 4330, 0, 0, 0
85601, 6164, 0, 0, 0
85713, 4107, 0, 0, 0
85800, 4327, 0, 0, 0
85900, 4630, 0, 0, 0
86000, 4860, 0, 0, 0
86100, 4960, 0, 0, 0
86200, 4828, 0, 0, 0
86300, 4769, 0, 0, 0
86400, 5134, 0, 0, 0
86500, 4996, 0, 0, 0
86625, 5003, 0, 0, 0
86700, 3917, 0, 0, 0
86800, 4416, 0, 0, 0
86900, 4756, 0, 0, 0
87000, 4771, 0, 0, 0
87126, 4074, 0, 0, 0
87212, 3546, 0, 0, 0
87300, 3930, 0, 0, 0
87400, 5144, 0, 0, 0
87500, 4906, 0, 0, 0
87600, 4899, 0, 0, 0
87700, 5091, 0, 0, 0
87800, 5081, 0, 0, 0
87900, 4807, 0, 0, 0
88000, 4814, 0, 0, 0
88100, 4893, 0, 0, 0
88200, 5084, 0, 0, 0
88300, 5038, 0, 0, 0
88400, 4807, 0, 0, 0
88500, 4821, 0, 0, 0
88600, 4939, 0, 0, 0
88700, 4742, 0, 0, 0
88800, 4607, 0, 0, 0
88900, 5018, 0, 0, 0
89047, 4780, 0, 0, 0
89100, 5190, 0, 0, 0
89200, 4875, 0, 0, 0
89300, 5148, 0, 0, 0
89435, 4948, 0, 0, 0
89509, 4076, 0, 0, 0
89600, 4727, 0, 0, 0
89700, 4923, 0, 0, 0
89800, 4845, 0, 0, 0
89900, 5760, 0, 0, 0
90000, 4968, 0, 0, 0
