120, 39849544, 1, 0, 0
216, 39961681, 1, 0, 0
303, 43323564, 1, 0, 0
404, 41676418, 1, 0, 0
524, 39293389, 1, 0, 0
602, 40716808, 1, 0, 0
700, 37573523, 1, 0, 0
802, 41645024, 1, 0, 0
907, 39457256, 1, 0, 0
1004, 42263171, 1, 0, 0
1161, 64804033, 1, 0, 0
1204, 122078491, 1, 0, 0
1329, 128248786, 1, 0, 0
1455, 167705407, 1, 0, 0
1508, 97412224, 1, 0, 0
1606, 40952417, 1, 0, 0
1713, 41658996, 1, 0, 0
1814, 41433229, 1, 0, 0
1916, 40595469, 1, 0, 0
2012, 39978923, 1, 0, 0
2118, 40127176, 1, 0, 0
2201, 42530369, 1, 0, 0
2320, 39611861, 1, 0, 0
2402, 40909780, 1, 0, 0
2503, 40876693, 1, 0, 0
2606, 40654636, 1, 0, 0
2704, 39233508, 1, 0, 0
2807, 40263655, 1, 0, 0
2914, 45356414, 1, 0, 0
3019, 41365368, 1, 0, 0
3116, 37887688, 1, 0, 0
3206, 41776773, 1, 0, 0
3330, 104289334, 1, 0, 0
3457, 124873180, 1, 0, 0
3510, 131122204, 1, 0, 0
3609, 127535877, 1, 0, 0
3712, 55732421, 1, 0, 0
3812, 39456074, 1, 0, 0
3914, 40029507, 1, 0, 0
4011, 41422020, 1, 0, 0
4107, 41091176, 1, 0, 0
4200, 49031410, 1, 0, 0
4305, 39738164, 1, 0, 0
4400, 39895225, 1, 0, 0
4504, 40397344, 1, 0, 0
4600, 38752562, 1, 0, 0
4704, 40494761, 1, 0, 0
4809, 39881801, 1, 0, 0
4914, 43720298, 1, 0, 0
5016, 42181862, 1, 0, 0
5100, 43479840, 1, 0, 0
5204, 46343331, 1, 0, 0
5424, 64320275, 1, 0, 0
5698, 315097112, 1, 0, 0
5731, 415889639, 1, 0, 0
5840, 85690312, 1, 0, 0
5924, 61448537, 1, 0, 0
6006, 42712930, 1, 0, 0
6103, 41805133, 1, 0, 0
6208, 40075311, 1, 0, 0
6309, 41680074, 1, 0, 0
6413, 41292827, 1, 0, 0
6512, 39343069, 1, 0, 0
6618, 41160953, 1, 0, 0
6700, 39674908, 1, 0, 0
6830, 40112022, 1, 0, 0
6918, 41466340, 1, 0, 0
7005, 46073924, 1, 0, 0
7133, 41277571, 1, 0, 0
7212, 42716368, 1, 0, 0
7336, 39407533, 1, 0, 0
7414, 40943627, 1, 0, 0
7572, 41721118, 1, 0, 0
7701, 83362862, 1, 0, 0
7821, 127495954, 1, 0, 0
7948, 120385830, 1, 0, 0
8001, 117066556, 1, 0, 0
8121, 45284280, 1, 0, 0
8205, 40241247, 1, 0, 0
8328, 41691178, 1, 0, 0
8408, 39836836, 1, 0, 0
8530, 40012238, 1, 0, 0
8609, 40505234, 1, 0, 0
8734, 40537112, 1, 0, 0
8814, 40278809, 1, 0, 0
8934, 39907115, 1, 0, 0
9016, 40104808, 1, 0, 0
9137, 40794953, 1, 0, 0
9219, 40232450, 1, 0, 0
9301, 42499761, 1, 0, 0
9424, 40395539, 1, 0, 0
9506, 40722241, 1, 0, 0
9600, 44382273, 1, 0, 0
9762, 81900219, 1, 0, 0
9810, 125676636, 1, 0, 0
9936, 126627097, 1, 0, 0
10017, 126546998, 1, 0, 0
10104, 105349872, 1, 0, 0
10227, 42608323, 1, 0, 0
10309, 42385917, 1, 0, 0
10431, 40319481, 1, 0, 0
10513, 39404400, 1, 0, 0
10634, 41098901, 1, 0, 0
10714, 39904748, 1, 0, 0
10837, 40528666, 1, 0, 0
10920, 40699284, 1, 0, 0
11000, 39723992, 1, 0, 0
11121, 40017226, 1, 0, 0
11201, 40997235, 1, 0, 0
11320, 39950011, 1, 0, 0
11401, 39182316, 1, 0, 0
11522, 40158592, 1, 0, 0
11600, 42872020, 1, 0, 0
11718, 38625351, 1, 0, 0
11887, 53225723, 1, 0, 0
12011, 111853328, 1, 0, 0
12146, 125668431, 1, 0, 0
12236, 86846013, 1, 0, 0
12321, 41600800, 1, 0, 0
12403, 41420991, 1, 0, 0
12525, 39744298, 1, 0, 0
12605, 40981075, 1, 0, 0
12728, 41185779, 1, 0, 0
12807, 38870211, 1, 0, 0
12905, 47700774, 1, 0, 0
13025, 41436162, 1, 0, 0
13105, 39184900, 1, 0, 0
13227, 39041417, 1, 0, 0
13305, 41436868, 1, 0, 0
13424, 42554550, 1, 0, 0
13505, 39870082, 1, 0, 0
13600, 40512766, 1, 0, 0
13703, 39779320, 1, 0, 0
13801, 40443713, 1, 0, 0
13958, 43711749, 1, 0, 0
14006, 102983067, 1, 0, 0
14127, 122958317, 1, 0, 0
14244, 118303319, 1, 0, 0
14325, 118468441, 1, 0, 0
14408, 69948130, 1, 0, 0
14501, 40527641, 1, 0, 0
14610, 39974903, 1, 0, 0
14705, 40454880, 1, 0, 0
14819, 42595938, 1, 0, 0
14902, 41757176, 1, 0, 0
15022, 39923927, 1, 0, 0
15105, 40422493, 1, 0, 0
15200, 40832150, 1, 0, 0
15302, 39794751, 1, 0, 0
15424, 40067417, 1, 0, 0
15502, 39995592, 1, 0, 0
15601, 41348124, 1, 0, 0
15708, 40325134, 1, 0, 0
15802, 41216889, 1, 0, 0
15943, 40681486, 1, 0, 0
16041, 45128025, 1, 0, 0
16169, 66130077, 1, 0, 0
16294, 126954064, 1, 0, 0
16420, 125299381, 1, 0, 0
16513, 82714266, 1, 0, 0
16634, 41236884, 1, 0, 0
16716, 39713985, 1, 0, 0
16840, 41253275, 1, 0, 0
16917, 39356943, 1, 0, 0
17036, 39786320, 1, 0, 0
17117, 40074971, 1, 0, 0
17237, 39943116, 1, 0, 0
17317, 41369789, 1, 0, 0
17400, 40538097, 1, 0, 0
17518, 40610452, 1, 0, 0
17600, 39416511, 1, 0, 0
17721, 40347511, 1, 0, 0
17803, 40110104, 1, 0, 0
17923, 41095152, 1, 0, 0
18002, 39695736, 1, 0, 0
18118, 38538252, 1, 0, 0
18304, 62536107, 1, 0, 0
18428, 111494199, 1, 0, 0
18546, 122826134, 1, 0, 0
18636, 78560051, 1, 0, 0
18715, 39007371, 1, 0, 0
18813, 41003604, 1, 0, 0
18919, 42455657, 1, 0, 0
19004, 43216645, 1, 0, 0
19106, 40807260, 1, 0, 0
19211, 42136476, 1, 0, 0
19300, 42005896, 1, 0, 0
19403, 41668962, 1, 0, 0
19505, 42039313, 1, 0, 0
19620, 40786822, 1, 0, 0
19701, 39777969, 1, 0, 0
19801, 41191057, 1, 0, 0
19903, 39168112, 1, 0, 0
20020, 39140767, 1, 0, 0
20101, 39808161, 1, 0, 0
20219, 39910282, 1, 0, 0
20329, 49257072, 1, 0, 0
20411, 104596798, 1, 0, 0
20536, 124671604, 1, 0, 0
20664, 130593977, 1, 0, 0
20715, 100099694, 1, 0, 0
20813, 41919704, 1, 0, 0
20918, 40156164, 1, 0, 0
21003, 42208345, 1, 0, 0
21121, 39685405, 1, 0, 0
21206, 41297233, 1, 0, 0
21319, 38263937, 1, 0, 0
21401, 40213798, 1, 0, 0
21524, 41226148, 1, 0, 0
21602, 38666471, 1, 0, 0
21721, 39474964, 1, 0, 0
21800, 39901979, 1, 0, 0
21920, 39998990, 1, 0, 0
22012, 39104988, 1, 0, 0
22136, 40494677, 1, 0, 0
22237, 51484537, 1, 0, 0
22323, 42591757, 1, 0, 0
22471, 48757375, 1, 0, 0
22584, 106621005, 1, 0, 0
22703, 113025442, 1, 0, 0
22824, 88311893, 1, 0, 0
22907, 46270480, 1, 0, 0
23029, 41666815, 1, 0, 0
23114, 41020637, 1, 0, 0
23234, 41031395, 1, 0, 0
23318, 40425713, 1, 0, 0
23400, 41148039, 1, 0, 0
23527, 42517239, 1, 0, 0
23607, 40228490, 1, 0, 0
23700, 44339869, 1, 0, 0
23803, 42710097, 1, 0, 0
23901, 39933726, 1, 0, 0
24009, 40848455, 1, 0, 0
24103, 40396396, 1, 0, 0
24211, 41908959, 1, 0, 0
24307, 43795615, 1, 0, 0
24408, 39448639, 1, 0, 0
24510, 40585765, 1, 0, 0
24621, 80474086, 1, 0, 0
24731, 108511152, 1, 0, 0
24803, 112473354, 1, 0, 0
24926, 105393865, 1, 0, 0
25017, 71449422, 1, 0, 0
25110, 39438883, 1, 0, 0
25214, 39774848, 1, 0, 0
25307, 38475563, 1, 0, 0
25430, 38360984, 1, 0, 0
25511, 45927269, 1, 0, 0
25606, 41145282, 1, 0, 0
25709, 40106344, 1, 0, 0
25806, 38675604, 1, 0, 0
25910, 47951207, 1, 0, 0
26029, 40102837, 1, 0, 0
26108, 38812551, 1, 0, 0
26228, 39524871, 1, 0, 0
26311, 39029937, 1, 0, 0
26431, 41499400, 1, 0, 0
26516, 40118775, 1, 0, 0
26600, 41905646, 1, 0, 0
26779, 52184513, 1, 0, 0
26851, 80314173, 1, 0, 0
26963, 77645870, 1, 0, 0
27066, 110347511, 1, 0, 0
27107, 95566496, 1, 0, 0
27228, 41429253, 1, 0, 0
27311, 39459820, 1, 0, 0
27430, 40703567, 1, 0, 0
27512, 40334241, 1, 0, 0
27622, 46668676, 1, 0, 0
27704, 39556837, 1, 0, 0
27800, 40672755, 1, 0, 0
27906, 40334564, 1, 0, 0
28000, 41057714, 1, 0, 0
28107, 38928473, 1, 0, 0
28200, 40033097, 1, 0, 0
28306, 40225484, 1, 0, 0
28424, 39570064, 1, 0, 0
28531, 39921546, 1, 0, 0
28614, 39964796, 1, 0, 0
28733, 40406002, 1, 0, 0
28904, 53583244, 1, 0, 0
29000, 110797746, 1, 0, 0
29160, 79971606, 1, 0, 0
29226, 89123787, 1, 0, 0
29305, 50318469, 1, 0, 0
29428, 40307470, 1, 0, 0
29508, 42308826, 1, 0, 0
29628, 39082399, 1, 0, 0
29707, 42554736, 1, 0, 0
29827, 39292329, 1, 0, 0
29904, 39048662, 1, 0, 0
30022, 39223984, 1, 0, 0
30104, 39753027, 1, 0, 0
30222, 39519184, 1, 0, 0
30302, 38982966, 1, 0, 0
30421, 39849901, 1, 0, 0
30500, 38939822, 1, 0, 0
30617, 39366272, 1, 0, 0
30736, 40016511, 1, 0, 0
30814, 38127122, 1, 0, 0
30959, 41736565, 1, 0, 0
31030, 65635901, 1, 0, 0
31145, 76415418, 1, 0, 0
31262, 114485594, 1, 0, 0
31348, 113596970, 1, 0, 0
31428, 59351506, 1, 0, 0
31505, 40339957, 1, 0, 0
31628, 40094689, 1, 0, 0
31708, 45621110, 1, 0, 0
31803, 39394480, 1, 0, 0
31907, 40295666, 1, 0, 0
32018, 43507388, 1, 0, 0
32100, 41214541, 1, 0, 0
32218, 39250776, 1, 0, 0
32339, 39986136, 1, 0, 0
32426, 41902626, 1, 0, 0
32507, 43024943, 1, 0, 0
32636, 42992684, 1, 0, 0
32717, 39724699, 1, 0, 0
32838, 40820795, 1, 0, 0
32918, 40511990, 1, 0, 0
33050, 40226198, 1, 0, 0
33158, 60371049, 1, 0, 0
33247, 104354188, 1, 0, 0
33329, 88503454, 1, 0, 0
33413, 83073132, 1, 0, 0
33508, 84801980, 1, 0, 0
33600, 63505396, 1, 0, 0
33805, 51225901, 1, 0, 0
33942, 64877554, 1, 0, 0
34033, 45122650, 1, 0, 0
34125, 46523139, 1, 0, 0
34212, 43616215, 1, 0, 0
34341, 42640351, 1, 0, 0
34428, 43865718, 1, 0, 0
34523, 45669363, 1, 0, 0
34614, 45943866, 1, 0, 0
34705, 45960847, 1, 0, 0
34842, 46056377, 1, 0, 0
34929, 44283097, 1, 0, 0
35028, 44959280, 1, 0, 0
35100, 61898229, 1, 0, 0
35292, 84183551, 1, 0, 0
35411, 114752965, 1, 0, 0
35538, 96558892, 1, 0, 0
35631, 44800502, 1, 0, 0
35734, 48353844, 1, 0, 0
35819, 49976866, 1, 0, 0
35900, 39370707, 1, 0, 0
36016, 39778828, 1, 0, 0
36100, 39630749, 1, 0, 0
36222, 40275593, 1, 0, 0
36303, 41797221, 1, 0, 0
36425, 40478556, 1, 0, 0
36505, 40311404, 1, 0, 0
36624, 40495396, 1, 0, 0
36702, 37149874, 1, 0, 0
36825, 40920896, 1, 0, 0
36904, 39295663, 1, 0, 0
37023, 39922758, 1, 0, 0
37102, 40576445, 1, 0, 0
37257, 53848461, 1, 0, 0
37369, 95961984, 1, 0, 0
37454, 108424993, 1, 0, 0
37553, 86810136, 1, 0, 0
37616, 94102242, 1, 0, 0
37738, 46940887, 1, 0, 0
37821, 41009785, 1, 0, 0
37901, 41443341, 1, 0, 0
38020, 39016296, 1, 0, 0
38100, 41266300, 1, 0, 0
38200, 45198518, 1, 0, 0
38305, 42440929, 1, 0, 0
38405, 41962929, 1, 0, 0
38500, 42940284, 1, 0, 0
38610, 42778413, 1, 0, 0
38718, 42511362, 1, 0, 0
38821, 41585442, 1, 0, 0
38903, 42217317, 1, 0, 0
39008, 42749775, 1, 0, 0
39114, 40903375, 1, 0, 0
39218, 42204412, 1, 0, 0
39320, 44744453, 1, 0, 0
39442, 80224525, 1, 0, 0
39516, 111854162, 1, 0, 0
39621, 78025153, 1, 0, 0
39730, 82843038, 1, 0, 0
39816, 52777573, 1, 0, 0
39917, 40570016, 1, 0, 0
40000, 41965176, 1, 0, 0
40105, 41979430, 1, 0, 0
40209, 41596465, 1, 0, 0
40312, 41059869, 1, 0, 0
40417, 42184906, 1, 0, 0
40522, 42083631, 1, 0, 0
40605, 41227705, 1, 0, 0
40726, 43857744, 1, 0, 0
40808, 43250574, 1, 0, 0
40930, 40779705, 1, 0, 0
41010, 41935497, 1, 0, 0
41133, 40132960, 1, 0, 0
41217, 44830331, 1, 0, 0
41310, 40814855, 1, 0, 0
41415, 40438070, 1, 0, 0
41530, 55296007, 1, 0, 0
41608, 92090246, 1, 0, 0
41700, 88856021, 1, 0, 0
41854, 84458749, 1, 0, 0
41920, 103629840, 1, 0, 0
42000, 42769559, 1, 0, 0
42103, 44162028, 1, 0, 0
42213, 41290142, 1, 0, 0
42306, 40397212, 1, 0, 0
42412, 40085451, 1, 0, 0
42506, 40117965, 1, 0, 0
42616, 41530274, 1, 0, 0
42707, 39048692, 1, 0, 0
42812, 39082998, 1, 0, 0
42910, 41782240, 1, 0, 0
43016, 39868604, 1, 0, 0
43110, 39637656, 1, 0, 0
43215, 39905847, 1, 0, 0
43327, 40045075, 1, 0, 0
43413, 44871546, 1, 0, 0
43533, 41510075, 1, 0, 0
43649, 46498958, 1, 0, 0
43752, 71365113, 1, 0, 0
43838, 99746376, 1, 0, 0
43950, 89167482, 1, 0, 0
44051, 113127668, 1, 0, 0
44136, 65786429, 1, 0, 0
44216, 41173838, 1, 0, 0
44338, 40248801, 1, 0, 0
44420, 42506650, 1, 0, 0
44501, 40292207, 1, 0, 0
44621, 40144836, 1, 0, 0
44705, 41497359, 1, 0, 0
44826, 41025640, 1, 0, 0
44912, 42160080, 1, 0, 0
45031, 39916761, 1, 0, 0
45113, 39221685, 1, 0, 0
45234, 41303557, 1, 0, 0
45314, 38911407, 1, 0, 0
45438, 41128325, 1, 0, 0
45519, 41197544, 1, 0, 0
45640, 39854077, 1, 0, 0
45763, 42530951, 1, 0, 0
45827, 86460609, 1, 0, 0
45932, 67982647, 1, 0, 0
46034, 103505331, 1, 0, 0
46133, 75165016, 1, 0, 0
46214, 41579481, 1, 0, 0
46301, 41860790, 1, 0, 0
46419, 41893400, 1, 0, 0
46505, 40292031, 1, 0, 0
46627, 41731920, 1, 0, 0
46709, 40788711, 1, 0, 0
46831, 41152275, 1, 0, 0
46916, 41361598, 1, 0, 0
47038, 40101328, 1, 0, 0
47122, 41476865, 1, 0, 0
47201, 40867082, 1, 0, 0
47325, 40029502, 1, 0, 0
47405, 42120391, 1, 0, 0
47525, 39202327, 1, 0, 0
47606, 41777189, 1, 0, 0
47729, 39894436, 1, 0, 0
47825, 42540562, 1, 0, 0
47952, 48610256, 1, 0, 0
48055, 91100020, 1, 0, 0
48117, 97892900, 1, 0, 0
48227, 67921403, 1, 0, 0
48322, 108627783, 1, 0, 0
48414, 68253927, 1, 0, 0
48531, 40846815, 1, 0, 0
48612, 38056936, 1, 0, 0
48731, 40709678, 1, 0, 0
48809, 39417954, 1, 0, 0
48930, 39241657, 1, 0, 0
49009, 41811144, 1, 0, 0
49132, 40741205, 1, 0, 0
49213, 40616674, 1, 0, 0
49301, 41640437, 1, 0, 0
49420, 38890155, 1, 0, 0
49507, 42578867, 1, 0, 0
49631, 43219052, 1, 0, 0
49716, 41871244, 1, 0, 0
49833, 39734342, 1, 0, 0
49911, 38061999, 1, 0, 0
50003, 41133771, 1, 0, 0
50145, 55942285, 1, 0, 0
50256, 90358708, 1, 0, 0
50334, 106032503, 1, 0, 0
50401, 77205756, 1, 0, 0
50521, 47891522, 1, 0, 0
50604, 40881269, 1, 0, 0
50721, 43585002, 1, 0, 0
50812, 45519779, 1, 0, 0
50911, 41335428, 1, 0, 0
51013, 39646251, 1, 0, 0
51120, 43467519, 1, 0, 0
51201, 40412319, 1, 0, 0
51328, 41659623, 1, 0, 0
51408, 40840095, 1, 0, 0
51535, 41546755, 1, 0, 0
51616, 40934123, 1, 0, 0
51700, 41811218, 1, 0, 0
51822, 40486646, 1, 0, 0
51902, 41810011, 1, 0, 0
52031, 42082076, 1, 0, 0
52111, 42753027, 1, 0, 0
52273, 51029569, 1, 0, 0
52351, 102167098, 1, 0, 0
52414, 75676802, 1, 0, 0
52515, 67547160, 1, 0, 0
52633, 84112115, 1, 0, 0
52712, 42000378, 1, 0, 0
52834, 39344254, 1, 0, 0
52914, 39907181, 1, 0, 0
53037, 41097319, 1, 0, 0
53117, 39523915, 1, 0, 0
53206, 44395922, 1, 0, 0
53300, 44927660, 1, 0, 0
53402, 49022992, 1, 0, 0
53528, 66576409, 1, 0, 0
53614, 44046021, 1, 0, 0
53703, 45030013, 1, 0, 0
53832, 43444409, 1, 0, 0
53919, 43598461, 1, 0, 0
54004, 41879594, 1, 0, 0
54141, 45140144, 1, 0, 0
54264, 50596476, 1, 0, 0
54361, 73145136, 1, 0, 0
54482, 100103637, 1, 0, 0
54541, 112209181, 1, 0, 0
54635, 51953299, 1, 0, 0
54725, 50807303, 1, 0, 0
54820, 45419052, 1, 0, 0
54911, 49107329, 1, 0, 0
55017, 43957305, 1, 0, 0
55104, 43392424, 1, 0, 0
55217, 43990028, 1, 0, 0
55318, 46244118, 1, 0, 0
55406, 48483467, 1, 0, 0
55500, 40440117, 1, 0, 0
55608, 40337956, 1, 0, 0
55704, 40634052, 1, 0, 0
55810, 40806190, 1, 0, 0
55907, 40827703, 1, 0, 0
56017, 40883188, 1, 0, 0
56116, 43776325, 1, 0, 0
56223, 39696504, 1, 0, 0
56332, 59496585, 1, 0, 0
56401, 85069954, 1, 0, 0
56533, 107203451, 1, 0, 0
56601, 76965035, 1, 0, 0
56700, 63172301, 1, 0, 0
56818, 65678518, 1, 0, 0
56923, 43413826, 1, 0, 0
57005, 39919869, 1, 0, 0
57124, 40062365, 1, 0, 0
57209, 41036400, 1, 0, 0
57327, 40026966, 1, 0, 0
57408, 39877492, 1, 0, 0
57500, 43512866, 1, 0, 0
57605, 40178173, 1, 0, 0
57700, 40305163, 1, 0, 0
57804, 39142616, 1, 0, 0
57923, 39721206, 1, 0, 0
58002, 39577858, 1, 0, 0
58123, 40198384, 1, 0, 0
58201, 39403378, 1, 0, 0
58321, 40185210, 1, 0, 0
58412, 38739918, 1, 0, 0
58517, 53402743, 1, 0, 0
58604, 65233351, 1, 0, 0
58704, 67948358, 1, 0, 0
58821, 39004450, 1, 0, 0
58927, 45360047, 1, 0, 0
59009, 46590558, 1, 0, 0
59113, 40644412, 1, 0, 0
59202, 43250399, 1, 0, 0
59306, 47256745, 1, 0, 0
59416, 41582697, 1, 0, 0
59506, 38630681, 1, 0, 0
59611, 39421694, 1, 0, 0
59718, 40998727, 1, 0, 0
59800, 45138301, 1, 0, 0
59904, 41409941, 1, 0, 0
60002, 41079077, 1, 0, 0
60108, 40546370, 1, 0, 0
60205, 42265671, 1, 0, 0
60310, 40469925, 1, 0, 0
60409, 40790901, 1, 0, 0
60511, 40461632, 1, 0, 0
60600, 44470097, 1, 0, 0
60724, 42539958, 1, 0, 0
60812, 57726189, 1, 0, 0
60908, 64342195, 1, 0, 0
61007, 64428249, 1, 0, 0
61108, 49318624, 1, 0, 0
61213, 40281698, 1, 0, 0
61300, 42254883, 1, 0, 0
61406, 42132240, 1, 0, 0
61508, 41117684, 1, 0, 0
61611, 40241250, 1, 0, 0
61717, 42317689, 1, 0, 0
61814, 39380410, 1, 0, 0
61915, 39814733, 1, 0, 0
62017, 41907467, 1, 0, 0
62107, 43892706, 1, 0, 0
62236, 42556014, 1, 0, 0
62315, 40265457, 1, 0, 0
62400, 40550162, 1, 0, 0
62524, 42732200, 1, 0, 0
62603, 40689129, 1, 0, 0
62700, 44394392, 1, 0, 0
62821, 41768478, 1, 0, 0
62900, 38995932, 1, 0, 0
63056, 46641311, 1, 0, 0
63114, 60283054, 1, 0, 0
63204, 61482019, 1, 0, 0
63326, 54921530, 1, 0, 0
63403, 41598973, 1, 0, 0
63502, 41652839, 1, 0, 0
63608, 41157226, 1, 0, 0
63707, 40015765, 1, 0, 0
63810, 41356921, 1, 0, 0
63906, 39111742, 1, 0, 0
64009, 40306328, 1, 0, 0
64108, 40085695, 1, 0, 0
64213, 40432551, 1, 0, 0
64314, 41437316, 1, 0, 0
64417, 40239857, 1, 0, 0
64517, 40846364, 1, 0, 0
64623, 41056137, 1, 0, 0
64718, 39358255, 1, 0, 0
64816, 39682654, 1, 0, 0
64918, 40143505, 1, 0, 0
65004, 42423161, 1, 0, 0
65107, 44829490, 1, 0, 0
65223, 49627840, 1, 0, 0
65324, 67550990, 1, 0, 0
65419, 61727100, 1, 0, 0
65501, 66017273, 1, 0, 0
65604, 51786042, 1, 0, 0
65708, 41437127, 1, 0, 0
65809, 40776279, 1, 0, 0
65911, 43069118, 1, 0, 0
66017, 41427896, 1, 0, 0
66104, 43897921, 1, 0, 0
66209, 42620054, 1, 0, 0
66314, 40895288, 1, 0, 0
66420, 41410251, 1, 0, 0
66502, 40689857, 1, 0, 0
66606, 41761034, 1, 0, 0
66707, 42529553, 1, 0, 0
66811, 40979092, 1, 0, 0
66900, 44472762, 1, 0, 0
67007, 42880565, 1, 0, 0
67111, 42141484, 1, 0, 0
67217, 41538393, 1, 0, 0
67300, 39476055, 1, 0, 0
67400, 41217317, 1, 0, 0
67517, 43209277, 1, 0, 0
67605, 57117127, 1, 0, 0
67731, 68069956, 1, 0, 0
67819, 96205929, 1, 0, 0
67900, 52904198, 1, 0, 0
68003, 41669166, 1, 0, 0
68109, 44382534, 1, 0, 0
68216, 42190419, 1, 0, 0
68303, 42744926, 1, 0, 0
68408, 40999627, 1, 0, 0
68500, 42813714, 1, 0, 0
68602, 44373552, 1, 0, 0
68704, 38181462, 1, 0, 0
68809, 42132336, 1, 0, 0
68912, 40922709, 1, 0, 0
69016, 41940913, 1, 0, 0
69128, 45499938, 1, 0, 0
69209, 44160279, 1, 0, 0
69314, 39695400, 1, 0, 0
69407, 39321675, 1, 0, 0
69516, 40746683, 1, 0, 0
69609, 40091513, 1, 0, 0
69719, 41432471, 1, 0, 0
69802, 59380744, 1, 0, 0
69909, 42299321, 1, 0, 0
70006, 40271175, 1, 0, 0
70109, 39865551, 1, 0, 0
70204, 39987142, 1, 0, 0
70301, 41062214, 1, 0, 0
70416, 39054929, 1, 0, 0
70501, 41273912, 1, 0, 0
70601, 44870670, 1, 0, 0
70722, 40072498, 1, 0, 0
70805, 42296214, 1, 0, 0
70921, 38437873, 1, 0, 0
71005, 41102103, 1, 0, 0
71100, 40712638, 1, 0, 0
71206, 39511600, 1, 0, 0
71304, 40825727, 1, 0, 0
71404, 40554699, 1, 0, 0
71510, 40098194, 1, 0, 0
71612, 40354843, 1, 0, 0
71713, 40780920, 1, 0, 0
71822, 42190150, 1, 0, 0
71921, 44081212, 1, 0, 0
72016, 66589156, 1, 0, 0
72131, 64922750, 1, 0, 0
72216, 55816782, 1, 0, 0
72313, 40699324, 1, 0, 0
72419, 40606408, 1, 0, 0
72521, 44852254, 1, 0, 0
72640, 49268840, 1, 0, 0
72723, 42695159, 1, 0, 0
72809, 43025445, 1, 0, 0
72931, 41362037, 1, 0, 0
73013, 37715745, 1, 0, 0
73134, 41634256, 1, 0, 0
73220, 40632557, 1, 0, 0
73340, 40325174, 1, 0, 0
73422, 41544660, 1, 0, 0
73503, 42677471, 1, 0, 0
73621, 39598481, 1, 0, 0
73705, 41676496, 1, 0, 0
73830, 41715925, 1, 0, 0
73916, 43010181, 1, 0, 0
74033, 39834658, 1, 0, 0
74117, 38879053, 1, 0, 0
74223, 42477380, 1, 0, 0
74352, 65592311, 1, 0, 0
74421, 64752015, 1, 0, 0
74509, 54718223, 1, 0, 0
74634, 43432619, 1, 0, 0
74718, 38265093, 1, 0, 0
74843, 42332007, 1, 0, 0
74928, 42085685, 1, 0, 0
75005, 41968100, 1, 0, 0
75133, 40783995, 1, 0, 0
75214, 42856831, 1, 0, 0
75300, 42780902, 1, 0, 0
75421, 40990708, 1, 0, 0
75507, 40655368, 1, 0, 0
75633, 43128420, 1, 0, 0
75713, 38796184, 1, 0, 0
75837, 40980612, 1, 0, 0
75923, 41060918, 1, 0, 0
76001, 42958437, 1, 0, 0
76128, 40269465, 1, 0, 0
76209, 43374363, 1, 0, 0
76332, 41095227, 1, 0, 0
76423, 44638339, 1, 0, 0
76589, 55058071, 1, 0, 0
76698, 104211410, 1, 0, 0
76766, 104087959, 1, 0, 0
76832, 67367157, 1, 0, 0
76914, 68636980, 1, 0, 0
77004, 64236817, 1, 0, 0
77131, 40455069, 1, 0, 0
77213, 43230119, 1, 0, 0
77300, 41761418, 1, 0, 0
77423, 42817586, 1, 0, 0
77509, 41029765, 1, 0, 0
77631, 42085859, 1, 0, 0
77715, 38224121, 1, 0, 0
77836, 41192476, 1, 0, 0
77924, 42098978, 1, 0, 0
78000, 41785943, 1, 0, 0
78126, 40544252, 1, 0, 0
78207, 42639698, 1, 0, 0
78331, 41047294, 1, 0, 0
78412, 41978893, 1, 0, 0
78534, 40132414, 1, 0, 0
78620, 42848369, 1, 0, 0
78706, 38917569, 1, 0, 0
78844, 62718850, 1, 0, 0
78908, 61780637, 1, 0, 0
79018, 66361373, 1, 0, 0
79102, 38755847, 1, 0, 0
79212, 38714289, 1, 0, 0
79301, 41135129, 1, 0, 0
79418, 41147637, 1, 0, 0
79504, 39655133, 1, 0, 0
79600, 48661038, 1, 0, 0
79720, 42190087, 1, 0, 0
79804, 41456371, 1, 0, 0
79924, 39230944, 1, 0, 0
80003, 39917472, 1, 0, 0
80125, 40422478, 1, 0, 0
80205, 40947720, 1, 0, 0
80326, 39387198, 1, 0, 0
80404, 40239150, 1, 0, 0
80524, 39452419, 1, 0, 0
80606, 43019463, 1, 0, 0
80728, 40244915, 1, 0, 0
80807, 40900153, 1, 0, 0
80925, 39006031, 1, 0, 0
81051, 52003132, 1, 0, 0
81122, 63903086, 1, 0, 0
81238, 70581266, 1, 0, 0
81320, 40014565, 1, 0, 0
81400, 42803258, 1, 0, 0
81522, 39476128, 1, 0, 0
81600, 41974853, 1, 0, 0
81720, 39095764, 1, 0, 0
81801, 40254073, 1, 0, 0
81921, 40402248, 1, 0, 0
82006, 39521861, 1, 0, 0
82135, 43152010, 1, 0, 0
82219, 41500753, 1, 0, 0
82300, 44689915, 1, 0, 0
82409, 41251910, 1, 0, 0
82545, 40881991, 1, 0, 0
82629, 45407286, 1, 0, 0
82707, 40973514, 1, 0, 0
82834, 41542253, 1, 0, 0
82911, 40097749, 1, 0, 0
83038, 40346815, 1, 0, 0
83120, 43483255, 1, 0, 0
83204, 41495254, 1, 0, 0
83336, 53969957, 1, 0, 0
83400, 68051420, 1, 0, 0
83532, 68070575, 1, 0, 0
83626, 50992096, 1, 0, 0
83731, 50423581, 1, 0, 0
83852, 53225197, 1, 0, 0
83904, 66927220, 1, 0, 0
84036, 46320109, 1, 0, 0
84131, 47785711, 1, 0, 0
84227, 44880867, 1, 0, 0
84319, 46583336, 1, 0, 0
84416, 51026962, 1, 0, 0
84503, 43887703, 1, 0, 0
84644, 45131229, 1, 0, 0
84740, 49721108, 1, 0, 0
84835, 44343722, 1, 0, 0
84921, 47937310, 1, 0, 0
85012, 43156639, 1, 0, 0
85104, 46065585, 1, 0, 0
85202, 46663030, 1, 0, 0
85352, 47861791, 1, 0, 0
85425, 61871004, 1, 0, 0
85504, 73548074, 1, 0, 0
85647, 83152748, 1, 0, 0
85740, 49212551, 1, 0, 0
85825, 43458643, 1, 0, 0
85914, 43183108, 1, 0, 0
86017, 40203586, 1, 0, 0
86101, 42752031, 1, 0, 0
86219, 39694157, 1, 0, 0
86314, 40004740, 1, 0, 0
86400, 40072054, 1, 0, 0
86506, 41722636, 1, 0, 0
86605, 39663323, 1, 0, 0
86709, 41701423, 1, 0, 0
86808, 39595590, 1, 0, 0
86909, 39052980, 1, 0, 0
87006, 41836532, 1, 0, 0
87111, 39705848, 1, 0, 0
87207, 41676491, 1, 0, 0
87312, 39896582, 1, 0, 0
87408, 41091842, 1, 0, 0
87514, 40257375, 1, 0, 0
87607, 49901757, 1, 0, 0
87705, 65258969, 1, 0, 0
87800, 66895954, 1, 0, 0
87905, 45939418, 1, 0, 0
88004, 41579182, 1, 0, 0
88109, 40897544, 1, 0, 0
88215, 42088786, 1, 0, 0
88313, 39745124, 1, 0, 0
88406, 43207450, 1, 0, 0
88542, 40665563, 1, 0, 0
88622, 41781703, 1, 0, 0
88700, 40649356, 1, 0, 0
88824, 38541400, 1, 0, 0
88902, 43336122, 1, 0, 0
89029, 40953495, 1, 0, 0
89108, 42425333, 1, 0, 0
89232, 40086408, 1, 0, 0
89316, 42194606, 1, 0, 0
89405, 40508361, 1, 0, 0
89521, 39957200, 1, 0, 0
89605, 40365291, 1, 0, 0
89728, 41634088, 1, 0, 0
89808, 40228071, 1, 0, 0
89944, 59760055, 1, 0, 0
90000, 61453699, 1, 0, 0
90000, 54965404, 1, 0, 0
