116, 23297622, 1, 0, 0
265, 40382048, 1, 0, 0
341, 75499775, 1, 0, 0
417, 75936243, 1, 0, 0
571, 76665740, 1, 0, 0
646, 75744467, 1, 0, 0
720, 74854332, 1, 0, 0
875, 76201996, 1, 0, 0
950, 76828483, 1, 0, 0
1026, 75482550, 1, 0, 0
1101, 75486177, 1, 0, 0
1253, 75921026, 1, 0, 0
1328, 75057582, 1, 0, 0
1403, 75141003, 1, 0, 0
1554, 75234470, 1, 0, 0
1632, 77008346, 1, 0, 0
1750, 65651903, 1, 0, 0
1821, 28208427, 1, 0, 0
1915, 23631494, 1, 0, 0
2009, 23235456, 1, 0, 0
2103, 23806971, 1, 0, 0
2221, 23265366, 1, 0, 0
2311, 23034492, 1, 0, 0
2406, 23347727, 1, 0, 0
2524, 23136550, 1, 0, 0
2620, 27205405, 1, 0, 0
2771, 70813350, 1, 0, 0
2847, 76004725, 1, 0, 0
2923, 76169882, 1, 0, 0
3001, 76970286, 1, 0, 0
3154, 77063726, 1, 0, 0
3229, 75525951, 1, 0, 0
3323, 84340013, 1, 0, 0
3409, 89235943, 1, 0, 0
3500, 88823215, 1, 0, 0
3658, 82170878, 1, 0, 0
3749, 84485148, 1, 0, 0
3836, 89127074, 1, 0, 0
3916, 83615868, 1, 0, 0
4089, 83262082, 1, 0, 0
4171, 86863482, 1, 0, 0
4221, 66083968, 1, 0, 0
4322, 28308877, 1, 0, 0
4401, 26649795, 1, 0, 0
4514, 27674588, 1, 0, 0
4676, 33003268, 1, 0, 0
4801, 106653482, 1, 0, 0
4911, 117257443, 1, 0, 0
5022, 110488203, 1, 0, 0
5141, 115171884, 1, 0, 0
5247, 112531150, 1, 0, 0
5371, 114779215, 1, 0, 0
5474, 113480793, 1, 0, 0
5611, 120160533, 1, 0, 0
5855, 190412814, 1, 0, 0
6127, 257934079, 1, 0, 0
6240, 192728379, 1, 0, 0
6356, 114186405, 1, 0, 0
6431, 95521272, 1, 0, 0
6522, 83035774, 1, 0, 0
6613, 90634556, 1, 0, 0
6706, 92179680, 1, 0, 0
6884, 89665135, 1, 0, 0
6969, 87765090, 1, 0, 0
7056, 86136672, 1, 0, 0
7153, 91932271, 1, 0, 0
7270, 106593659, 1, 0, 0
7351, 98729346, 1, 0, 0
7446, 88308793, 1, 0, 0
7537, 92938319, 1, 0, 0
7624, 88912835, 1, 0, 0
7707, 85410346, 1, 0, 0
7880, 85507891, 1, 0, 0
7964, 85639063, 1, 0, 0
8042, 81287669, 1, 0, 0
8111, 45622291, 1, 0, 0
8205, 24792088, 1, 0, 0
8323, 23287007, 1, 0, 0
8412, 22381938, 1, 0, 0
8525, 30930157, 1, 0, 0
8605, 71786391, 1, 0, 0
8758, 77159100, 1, 0, 0
8834, 76462054, 1, 0, 0
8911, 76708054, 1, 0, 0
9064, 76695820, 1, 0, 0
9139, 75603897, 1, 0, 0
9217, 76303163, 1, 0, 0
9369, 76563650, 1, 0, 0
9449, 77644711, 1, 0, 0
9526, 78587167, 1, 0, 0
9603, 77026949, 1, 0, 0
9754, 76334290, 1, 0, 0
9831, 75634728, 1, 0, 0
9907, 76089818, 1, 0, 0
10015, 64625915, 1, 0, 0
10109, 24435345, 1, 0, 0
10200, 23481566, 1, 0, 0
10319, 23342364, 1, 0, 0
10410, 22869584, 1, 0, 0
10504, 23412386, 1, 0, 0
10621, 23177368, 1, 0, 0
10709, 22755611, 1, 0, 0
10806, 23351206, 1, 0, 0
10917, 22609893, 1, 0, 0
11032, 44410014, 1, 0, 0
11108, 75597565, 1, 0, 0
11266, 78483971, 1, 0, 0
11341, 75983398, 1, 0, 0
11415, 74569742, 1, 0, 0
11564, 74467159, 1, 0, 0
11640, 75664062, 1, 0, 0
11715, 75385360, 1, 0, 0
11867, 75813146, 1, 0, 0
11942, 75296356, 1, 0, 0
12020, 76289291, 1, 0, 0
12168, 74808154, 1, 0, 0
12244, 75309019, 1, 0, 0
12319, 75572297, 1, 0, 0
12471, 75621866, 1, 0, 0
12514, 35438730, 1, 0, 0
12611, 23512325, 1, 0, 0
12700, 22856959, 1, 0, 0
12815, 23292776, 1, 0, 0
12914, 23498704, 1, 0, 0
13001, 22912114, 1, 0, 0
13100, 23484897, 1, 0, 0
13214, 22867275, 1, 0, 0
13304, 23460425, 1, 0, 0
13447, 25286029, 1, 0, 0
13523, 63975671, 1, 0, 0
13675, 76135146, 1, 0, 0
13756, 78255295, 1, 0, 0
13831, 78096517, 1, 0, 0
13907, 75641888, 1, 0, 0
14055, 74255292, 1, 0, 0
14131, 75228487, 1, 0, 0
14206, 75813565, 1, 0, 0
14358, 75523861, 1, 0, 0
14434, 76072113, 1, 0, 0
14510, 75849043, 1, 0, 0
14661, 75853544, 1, 0, 0
14736, 74903195, 1, 0, 0
14811, 74999690, 1, 0, 0
14947, 71534811, 1, 0, 0
15004, 37870025, 1, 0, 0
15119, 23182800, 1, 0, 0
15215, 23612857, 1, 0, 0
15304, 22810825, 1, 0, 0
15400, 23321537, 1, 0, 0
15514, 22838822, 1, 0, 0
15602, 22693539, 1, 0, 0
15718, 23069445, 1, 0, 0
15814, 23223435, 1, 0, 0
15928, 30499809, 1, 0, 0
16004, 73786847, 1, 0, 0
16156, 75501419, 1, 0, 0
16230, 75654496, 1, 0, 0
16309, 76865337, 1, 0, 0
16461, 76382293, 1, 0, 0
16537, 76001019, 1, 0, 0
16612, 75507814, 1, 0, 0
16761, 74561883, 1, 0, 0
16836, 75221190, 1, 0, 0
16911, 74964512, 1, 0, 0
17062, 75250050, 1, 0, 0
17141, 77355929, 1, 0, 0
17216, 77405318, 1, 0, 0
17374, 76496632, 1, 0, 0
17438, 74029722, 1, 0, 0
17507, 29609155, 1, 0, 0
17624, 23123616, 1, 0, 0
17712, 23069161, 1, 0, 0
17810, 23404376, 1, 0, 0
17925, 22913935, 1, 0, 0
18016, 23750049, 1, 0, 0
18113, 23096705, 1, 0, 0
18203, 23592728, 1, 0, 0
18347, 25374813, 1, 0, 0
18422, 64287649, 1, 0, 0
18500, 76340398, 1, 0, 0
18642, 71153696, 1, 0, 0
18717, 76338428, 1, 0, 0
18871, 75836283, 1, 0, 0
18946, 77160994, 1, 0, 0
19047, 87869105, 1, 0, 0
19122, 88017097, 1, 0, 0
19273, 75340584, 1, 0, 0
19349, 75714466, 1, 0, 0
19426, 76297554, 1, 0, 0
19501, 76153097, 1, 0, 0
19656, 76273646, 1, 0, 0
19731, 77145002, 1, 0, 0
19806, 75109752, 1, 0, 0
19917, 45694347, 1, 0, 0
20011, 23527172, 1, 0, 0
20103, 22789335, 1, 0, 0
20219, 23467691, 1, 0, 0
20315, 23468386, 1, 0, 0
20404, 22852231, 1, 0, 0
20501, 23608912, 1, 0, 0
20617, 22970404, 1, 0, 0
20705, 23038221, 1, 0, 0
20844, 28525061, 1, 0, 0
20919, 71964231, 1, 0, 0
21070, 75339173, 1, 0, 0
21147, 76575116, 1, 0, 0
21223, 76014991, 1, 0, 0
21363, 73137944, 1, 0, 0
21441, 70835512, 1, 0, 0
21517, 77034948, 1, 0, 0
21668, 75400746, 1, 0, 0
21744, 75817779, 1, 0, 0
21822, 76738384, 1, 0, 0
21974, 76869440, 1, 0, 0
22049, 75376007, 1, 0, 0
22127, 76271266, 1, 0, 0
22206, 78506588, 1, 0, 0
22353, 75744708, 1, 0, 0
22403, 36390426, 1, 0, 0
22520, 23158311, 1, 0, 0
22609, 23069420, 1, 0, 0
22707, 23795159, 1, 0, 0
22824, 23055753, 1, 0, 0
22914, 23671220, 1, 0, 0
23010, 22911744, 1, 0, 0
23125, 23119873, 1, 0, 0
23235, 25457791, 1, 0, 0
23312, 59630043, 1, 0, 0
23467, 77501324, 1, 0, 0
23544, 76786508, 1, 0, 0
23617, 75459959, 1, 0, 0
23768, 74592284, 1, 0, 0
23845, 76108152, 1, 0, 0
23924, 77958879, 1, 0, 0
24001, 78342297, 1, 0, 0
24140, 73049346, 1, 0, 0
24216, 69586523, 1, 0, 0
24368, 76160546, 1, 0, 0
24444, 75787730, 1, 0, 0
24522, 76869701, 1, 0, 0
24625, 90180630, 1, 0, 0
24706, 91856237, 1, 0, 0
24822, 48231428, 1, 0, 0
24915, 23413195, 1, 0, 0
25008, 23026377, 1, 0, 0
25102, 23696480, 1, 0, 0
25220, 23306935, 1, 0, 0
25310, 22892994, 1, 0, 0
25406, 23593842, 1, 0, 0
25522, 23014943, 1, 0, 0
25610, 22971918, 1, 0, 0
25763, 41396353, 1, 0, 0
25839, 76133129, 1, 0, 0
25915, 75760404, 1, 0, 0
26068, 76554355, 1, 0, 0
26143, 75709370, 1, 0, 0
26218, 75379331, 1, 0, 0
26369, 75290071, 1, 0, 0
26447, 76556038, 1, 0, 0
26522, 76655335, 1, 0, 0
26675, 75760797, 1, 0, 0
26750, 75999473, 1, 0, 0
26824, 74912902, 1, 0, 0
26900, 74996857, 1, 0, 0
27051, 75501084, 1, 0, 0
27127, 75392009, 1, 0, 0
27209, 78943768, 1, 0, 0
27315, 33579661, 1, 0, 0
27407, 23531209, 1, 0, 0
27502, 23065509, 1, 0, 0
27617, 23438024, 1, 0, 0
27712, 23560711, 1, 0, 0
27804, 23029253, 1, 0, 0
27917, 22988031, 1, 0, 0
28015, 23398891, 1, 0, 0
28105, 26125506, 1, 0, 0
28254, 68348420, 1, 0, 0
28331, 76602694, 1, 0, 0
28408, 76831893, 1, 0, 0
28558, 75482609, 1, 0, 0
28633, 74589411, 1, 0, 0
28708, 75151126, 1, 0, 0
28849, 73426572, 1, 0, 0
28929, 71767056, 1, 0, 0
29004, 77258532, 1, 0, 0
29155, 75006187, 1, 0, 0
29230, 75732364, 1, 0, 0
29305, 74720816, 1, 0, 0
29456, 75441667, 1, 0, 0
29532, 75793951, 1, 0, 0
29603, 73379428, 1, 0, 0
29719, 35391535, 1, 0, 0
29819, 25029795, 1, 0, 0
29918, 23910280, 1, 0, 0
30006, 22755229, 1, 0, 0
30103, 23548699, 1, 0, 0
30219, 23029005, 1, 0, 0
30307, 22922935, 1, 0, 0
30403, 23048866, 1, 0, 0
30503, 25092471, 1, 0, 0
30619, 72194884, 1, 0, 0
30733, 76982365, 1, 0, 0
30808, 75436592, 1, 0, 0
30922, 75411671, 1, 0, 0
31033, 75307511, 1, 0, 0
31109, 75363232, 1, 0, 0
31223, 75658400, 1, 0, 0
31337, 75418838, 1, 0, 0
31410, 74192470, 1, 0, 0
31527, 77440678, 1, 0, 0
31604, 76000558, 1, 0, 0
31715, 75850516, 1, 0, 0
31829, 75398112, 1, 0, 0
31905, 76038396, 1, 0, 0
32019, 76061908, 1, 0, 0
32104, 64291762, 1, 0, 0
32210, 23379164, 1, 0, 0
32301, 23498724, 1, 0, 0
32409, 23823804, 1, 0, 0
32502, 22602568, 1, 0, 0
32604, 23195296, 1, 0, 0
32700, 23570949, 1, 0, 0
32803, 22674195, 1, 0, 0
32923, 25007672, 1, 0, 0
33040, 74172196, 1, 0, 0
33120, 79720031, 1, 0, 0
33237, 78342879, 1, 0, 0
33313, 76728454, 1, 0, 0
33430, 77679144, 1, 0, 0
33508, 78067548, 1, 0, 0
33624, 78569032, 1, 0, 0
33700, 75650348, 1, 0, 0
33815, 76100018, 1, 0, 0
33937, 79680539, 1, 0, 0
34012, 77391388, 1, 0, 0
34127, 76699249, 1, 0, 0
34205, 76422726, 1, 0, 0
34320, 77739666, 1, 0, 0
34432, 75471287, 1, 0, 0
34521, 63796409, 1, 0, 0
34600, 27123947, 1, 0, 0
34707, 24881073, 1, 0, 0
34805, 23668904, 1, 0, 0
34908, 22859331, 1, 0, 0
35002, 27688050, 1, 0, 0
35100, 23696237, 1, 0, 0
35206, 25208653, 1, 0, 0
35318, 22656650, 1, 0, 0
35440, 46476410, 1, 0, 0
35517, 78681656, 1, 0, 0
35676, 79285094, 1, 0, 0
35751, 76381971, 1, 0, 0
35826, 74908260, 1, 0, 0
35903, 75711393, 1, 0, 0
36058, 76818418, 1, 0, 0
36135, 78653717, 1, 0, 0
36215, 78759115, 1, 0, 0
36369, 77373774, 1, 0, 0
36447, 77989163, 1, 0, 0
36523, 76899052, 1, 0, 0
36677, 76363681, 1, 0, 0
36754, 78044953, 1, 0, 0
36834, 78478108, 1, 0, 0
36908, 76953519, 1, 0, 0
37021, 45589921, 1, 0, 0
37110, 22928018, 1, 0, 0
37210, 23995733, 1, 0, 0
37313, 24183049, 1, 0, 0
37404, 23670506, 1, 0, 0
37510, 23311517, 1, 0, 0
37600, 22420248, 1, 0, 0
37702, 23041648, 1, 0, 0
37806, 25961704, 1, 0, 0
37925, 77002898, 1, 0, 0
38000, 76254661, 1, 0, 0
38124, 81519937, 1, 0, 0
38203, 78663494, 1, 0, 0
38318, 78006857, 1, 0, 0
38434, 77417171, 1, 0, 0
38513, 79850001, 1, 0, 0
38629, 76646529, 1, 0, 0
38707, 77736851, 1, 0, 0
38825, 77534790, 1, 0, 0
38904, 79370378, 1, 0, 0
39023, 80220603, 1, 0, 0
39101, 76654982, 1, 0, 0
39215, 77133700, 1, 0, 0
39333, 78235569, 1, 0, 0
39407, 77309753, 1, 0, 0
39501, 25655218, 1, 0, 0
39604, 23302042, 1, 0, 0
39707, 23251533, 1, 0, 0
39804, 23313992, 1, 0, 0
39907, 22897860, 1, 0, 0
40008, 23043794, 1, 0, 0
40104, 23569719, 1, 0, 0
40208, 22994536, 1, 0, 0
40308, 42908135, 1, 0, 0
40423, 78372908, 1, 0, 0
40503, 78077461, 1, 0, 0
40622, 79416296, 1, 0, 0
40700, 79807103, 1, 0, 0
40813, 75299549, 1, 0, 0
40929, 76652067, 1, 0, 0
41006, 76474276, 1, 0, 0
41121, 76347796, 1, 0, 0
41234, 76677144, 1, 0, 0
41312, 77856443, 1, 0, 0
41434, 79351967, 1, 0, 0
41510, 78321691, 1, 0, 0
41628, 77813816, 1, 0, 0
41703, 76914010, 1, 0, 0
41811, 73568178, 1, 0, 0
41903, 40158071, 1, 0, 0
42006, 23027858, 1, 0, 0
42100, 23875753, 1, 0, 0
42207, 23240911, 1, 0, 0
42310, 22699897, 1, 0, 0
42401, 23688542, 1, 0, 0
42505, 22896902, 1, 0, 0
42610, 22933041, 1, 0, 0
42700, 26950911, 1, 0, 0
42822, 78188609, 1, 0, 0
42938, 78213570, 1, 0, 0
43015, 77214570, 1, 0, 0
43134, 80119318, 1, 0, 0
43211, 75925592, 1, 0, 0
43324, 76161769, 1, 0, 0
43401, 77147689, 1, 0, 0
43519, 76913645, 1, 0, 0
43635, 77613060, 1, 0, 0
43713, 77090908, 1, 0, 0
43828, 77641851, 1, 0, 0
43905, 76220315, 1, 0, 0
44022, 79067807, 1, 0, 0
44138, 76296787, 1, 0, 0
44234, 98485396, 1, 0, 0
44304, 39658272, 1, 0, 0
44405, 23049249, 1, 0, 0
44501, 23762181, 1, 0, 0
44606, 23060118, 1, 0, 0
44709, 22838528, 1, 0, 0
44801, 23572203, 1, 0, 0
44906, 23003654, 1, 0, 0
45008, 22461900, 1, 0, 0
45110, 22877739, 1, 0, 0
45205, 40199797, 1, 0, 0
45322, 79615995, 1, 0, 0
45400, 76966484, 1, 0, 0
45516, 77726046, 1, 0, 0
45632, 76915965, 1, 0, 0
45713, 80668820, 1, 0, 0
45831, 77492094, 1, 0, 0
45908, 78209891, 1, 0, 0
46026, 79065450, 1, 0, 0
46106, 79224254, 1, 0, 0
46224, 79517319, 1, 0, 0
46302, 78427375, 1, 0, 0
46418, 77624212, 1, 0, 0
46503, 83251554, 1, 0, 0
46620, 78578290, 1, 0, 0
46740, 78620495, 1, 0, 0
46807, 41571508, 1, 0, 0
46904, 23891931, 1, 0, 0
47010, 23289466, 1, 0, 0
47112, 22858488, 1, 0, 0
47205, 23485935, 1, 0, 0
47312, 23354500, 1, 0, 0
47414, 22439521, 1, 0, 0
47504, 23443438, 1, 0, 0
47627, 26825132, 1, 0, 0
47707, 81207375, 1, 0, 0
47824, 77620507, 1, 0, 0
47903, 78080781, 1, 0, 0
48019, 77588748, 1, 0, 0
48132, 76413514, 1, 0, 0
48215, 81981562, 1, 0, 0
48329, 76701421, 1, 0, 0
48407, 77863749, 1, 0, 0
48520, 75461116, 1, 0, 0
48639, 77310048, 1, 0, 0
48717, 78832884, 1, 0, 0
48832, 76764772, 1, 0, 0
48909, 76892906, 1, 0, 0
49027, 79028308, 1, 0, 0
49106, 79187226, 1, 0, 0
49205, 44857718, 1, 0, 0
49309, 22823907, 1, 0, 0
49411, 22840360, 1, 0, 0
49505, 23892292, 1, 0, 0
49611, 23014602, 1, 0, 0
49714, 22605306, 1, 0, 0
49804, 23647288, 1, 0, 0
49909, 22917968, 1, 0, 0
50013, 22677281, 1, 0, 0
50104, 22699452, 1, 0, 0
50213, 65704322, 1, 0, 0
50334, 79393226, 1, 0, 0
50412, 77357444, 1, 0, 0
50537, 83048852, 1, 0, 0
50621, 82946420, 1, 0, 0
50737, 79010889, 1, 0, 0
50819, 79616866, 1, 0, 0
50932, 77435595, 1, 0, 0
51006, 74940363, 1, 0, 0
51124, 77714252, 1, 0, 0
51200, 76612273, 1, 0, 0
51318, 77354221, 1, 0, 0
51434, 77566643, 1, 0, 0
51512, 76981743, 1, 0, 0
51626, 77400367, 1, 0, 0
51700, 75080356, 1, 0, 0
51807, 26243756, 1, 0, 0
51911, 22816220, 1, 0, 0
52003, 23894292, 1, 0, 0
52109, 23201938, 1, 0, 0
52214, 22978792, 1, 0, 0
52303, 23093143, 1, 0, 0
52409, 23341053, 1, 0, 0
52502, 22558563, 1, 0, 0
52617, 24147538, 1, 0, 0
52732, 73145143, 1, 0, 0
52811, 79626768, 1, 0, 0
52932, 80094961, 1, 0, 0
53009, 77279160, 1, 0, 0
53129, 78276669, 1, 0, 0
53206, 78309776, 1, 0, 0
53324, 78833109, 1, 0, 0
53403, 78149951, 1, 0, 0
53523, 81555429, 1, 0, 0
53602, 78009570, 1, 0, 0
53718, 78301120, 1, 0, 0
53838, 78359543, 1, 0, 0
53916, 77483103, 1, 0, 0
54033, 78659284, 1, 0, 0
54112, 77529128, 1, 0, 0
54217, 70626342, 1, 0, 0
54314, 27499236, 1, 0, 0
54403, 23093814, 1, 0, 0
54503, 24016358, 1, 0, 0
54607, 23049449, 1, 0, 0
54709, 23319989, 1, 0, 0
54807, 24035359, 1, 0, 0
54912, 23008274, 1, 0, 0
55002, 23520684, 1, 0, 0
55105, 22852252, 1, 0, 0
55202, 52004438, 1, 0, 0
55317, 79477863, 1, 0, 0
55434, 77979440, 1, 0, 0
55513, 79004590, 1, 0, 0
55630, 77687506, 1, 0, 0
55707, 76830778, 1, 0, 0
55824, 77547714, 1, 0, 0
55902, 77146726, 1, 0, 0
56022, 79821482, 1, 0, 0
56135, 77412682, 1, 0, 0
56214, 78300746, 1, 0, 0
56328, 75728011, 1, 0, 0
56404, 76677462, 1, 0, 0
56521, 77128438, 1, 0, 0
56637, 77563983, 1, 0, 0
56700, 69793428, 1, 0, 0
56802, 30889826, 1, 0, 0
56907, 22955803, 1, 0, 0
57010, 23048964, 1, 0, 0
57102, 23575818, 1, 0, 0
57209, 23588229, 1, 0, 0
57300, 22802851, 1, 0, 0
57419, 25111988, 1, 0, 0
57509, 22465427, 1, 0, 0
57653, 34221166, 1, 0, 0
57733, 75516987, 1, 0, 0
57809, 78092844, 1, 0, 0
57966, 77459522, 1, 0, 0
58041, 77197239, 1, 0, 0
58119, 76449448, 1, 0, 0
58273, 77542127, 1, 0, 0
58348, 75281839, 1, 0, 0
58425, 75911670, 1, 0, 0
58502, 76942357, 1, 0, 0
58662, 79999757, 1, 0, 0
58740, 77653767, 1, 0, 0
58818, 78041751, 1, 0, 0
58971, 77005193, 1, 0, 0
59046, 75195127, 1, 0, 0
59122, 75747400, 1, 0, 0
59233, 62460050, 1, 0, 0
59305, 28225387, 1, 0, 0
59403, 24032547, 1, 0, 0
59519, 23141830, 1, 0, 0
59608, 23226931, 1, 0, 0
59706, 23413718, 1, 0, 0
59821, 22973779, 1, 0, 0
59912, 23515018, 1, 0, 0
60001, 22268350, 1, 0, 0
60133, 51445473, 1, 0, 0
60213, 79773187, 1, 0, 0
60370, 78889077, 1, 0, 0
60447, 77333533, 1, 0, 0
60522, 75856693, 1, 0, 0
60674, 76117192, 1, 0, 0
60752, 76664468, 1, 0, 0
60830, 77714422, 1, 0, 0
60907, 77374903, 1, 0, 0
61063, 77131929, 1, 0, 0
61138, 77524504, 1, 0, 0
61213, 74878562, 1, 0, 0
61368, 76942996, 1, 0, 0
61445, 77617108, 1, 0, 0
61524, 77738799, 1, 0, 0
61639, 64816313, 1, 0, 0
61709, 27332679, 1, 0, 0
61825, 22961121, 1, 0, 0
61913, 23236816, 1, 0, 0
62010, 23172577, 1, 0, 0
62100, 23239355, 1, 0, 0
62218, 23436232, 1, 0, 0
62302, 24935641, 1, 0, 0
62405, 22951035, 1, 0, 0
62530, 32309109, 1, 0, 0
62603, 72651598, 1, 0, 0
62722, 78178287, 1, 0, 0
62803, 81291985, 1, 0, 0
62919, 79021678, 1, 0, 0
63037, 77642207, 1, 0, 0
63103, 104938266, 1, 0, 0
63220, 86812590, 1, 0, 0
63339, 78423406, 1, 0, 0
63416, 78234239, 1, 0, 0
63536, 79137447, 1, 0, 0
63614, 79716330, 1, 0, 0
63729, 77515157, 1, 0, 0
63807, 77578800, 1, 0, 0
63922, 76740697, 1, 0, 0
64037, 76439464, 1, 0, 0
64108, 33339656, 1, 0, 0
64201, 23531011, 1, 0, 0
64307, 23171814, 1, 0, 0
64411, 22932840, 1, 0, 0
64502, 23697194, 1, 0, 0
64609, 23398307, 1, 0, 0
64701, 22880442, 1, 0, 0
64803, 23065408, 1, 0, 0
64909, 23385123, 1, 0, 0
65028, 26472349, 1, 0, 0
65105, 76634722, 1, 0, 0
65225, 79330031, 1, 0, 0
65304, 78275601, 1, 0, 0
65426, 80772392, 1, 0, 0
65503, 78183471, 1, 0, 0
65619, 76929294, 1, 0, 0
65735, 78668867, 1, 0, 0
65813, 78364079, 1, 0, 0
65927, 75074924, 1, 0, 0
66002, 75804878, 1, 0, 0
66123, 79137047, 1, 0, 0
66203, 80967588, 1, 0, 0
66323, 78974649, 1, 0, 0
66404, 80256366, 1, 0, 0
66526, 80929797, 1, 0, 0
66603, 62246758, 1, 0, 0
66700, 24541824, 1, 0, 0
66807, 23226775, 1, 0, 0
66913, 24960363, 1, 0, 0
67000, 22679601, 1, 0, 0
67105, 24338836, 1, 0, 0
67212, 23274821, 1, 0, 0
67303, 23272818, 1, 0, 0
67408, 23491551, 1, 0, 0
67506, 25249779, 1, 0, 0
67617, 70290799, 1, 0, 0
67734, 77936776, 1, 0, 0
67838, 103767994, 1, 0, 0
67915, 77041546, 1, 0, 0
68000, 82187830, 1, 0, 0
68156, 92690047, 1, 0, 0
68233, 77417181, 1, 0, 0
68309, 96262311, 1, 0, 0
68425, 77182143, 1, 0, 0
68500, 75560825, 1, 0, 0
68617, 76998892, 1, 0, 0
68733, 77569139, 1, 0, 0
68815, 80708826, 1, 0, 0
68928, 76982532, 1, 0, 0
69006, 76506256, 1, 0, 0
69115, 73856378, 1, 0, 0
69202, 25163534, 1, 0, 0
69301, 23982877, 1, 0, 0
69419, 24636540, 1, 0, 0
69503, 26443949, 1, 0, 0
69601, 25699738, 1, 0, 0
69715, 23152608, 1, 0, 0
69810, 23573128, 1, 0, 0
69901, 22935183, 1, 0, 0
70050, 61293895, 1, 0, 0
70125, 75602573, 1, 0, 0
70203, 76233503, 1, 0, 0
70356, 76660100, 1, 0, 0
70438, 79565681, 1, 0, 0
70503, 73823835, 1, 0, 0
70656, 73716886, 1, 0, 0
70734, 76792921, 1, 0, 0
70811, 77212887, 1, 0, 0
70967, 77561643, 1, 0, 0
71044, 78028687, 1, 0, 0
71117, 74952427, 1, 0, 0
71273, 76612203, 1, 0, 0
71353, 79157610, 1, 0, 0
71429, 77577392, 1, 0, 0
71549, 66441273, 1, 0, 0
71620, 27875865, 1, 0, 0
71701, 25682216, 1, 0, 0
71809, 24499862, 1, 0, 0
71901, 23778498, 1, 0, 0
72003, 23963063, 1, 0, 0
72100, 23758289, 1, 0, 0
72203, 22580259, 1, 0, 0
72306, 23080215, 1, 0, 0
72433, 46528085, 1, 0, 0
72510, 75427993, 1, 0, 0
72624, 76297988, 1, 0, 0
72704, 80242333, 1, 0, 0
72820, 76432069, 1, 0, 0
72903, 80875207, 1, 0, 0
73024, 81094102, 1, 0, 0
73100, 78307779, 1, 0, 0
73216, 76719330, 1, 0, 0
73332, 78442081, 1, 0, 0
73410, 77446177, 1, 0, 0
73526, 77093916, 1, 0, 0
73603, 77815392, 1, 0, 0
73724, 78484939, 1, 0, 0
73801, 78713271, 1, 0, 0
73900, 70025255, 1, 0, 0
74002, 24024359, 1, 0, 0
74105, 23171127, 1, 0, 0
74207, 23159468, 1, 0, 0
74305, 23620282, 1, 0, 0
74407, 22717570, 1, 0, 0
74508, 22977400, 1, 0, 0
74605, 23892295, 1, 0, 0
74709, 22631784, 1, 0, 0
74811, 22986392, 1, 0, 0
74933, 31100260, 1, 0, 0
75013, 79622660, 1, 0, 0
75132, 78682277, 1, 0, 0
75209, 78128595, 1, 0, 0
75325, 77199697, 1, 0, 0
75402, 76634190, 1, 0, 0
75516, 77454735, 1, 0, 0
75636, 79215750, 1, 0, 0
75714, 78865024, 1, 0, 0
75831, 76486859, 1, 0, 0
75908, 78014234, 1, 0, 0
76026, 78234618, 1, 0, 0
76103, 77162527, 1, 0, 0
76219, 77895827, 1, 0, 0
76332, 76177299, 1, 0, 0
76416, 81248860, 1, 0, 0
76506, 70042912, 1, 0, 0
76612, 23168813, 1, 0, 0
76700, 22750391, 1, 0, 0
76807, 23671352, 1, 0, 0
76905, 26998126, 1, 0, 0
77009, 23301261, 1, 0, 0
77102, 23693104, 1, 0, 0
77208, 23023331, 1, 0, 0
77309, 22525376, 1, 0, 0
77414, 46347234, 1, 0, 0
77532, 79039496, 1, 0, 0
77610, 77950488, 1, 0, 0
77728, 78801377, 1, 0, 0
77804, 76451826, 1, 0, 0
77921, 76518532, 1, 0, 0
78038, 77914800, 1, 0, 0
78116, 77334086, 1, 0, 0
78233, 79360131, 1, 0, 0
78313, 78741024, 1, 0, 0
78430, 78867310, 1, 0, 0
78508, 78939228, 1, 0, 0
78623, 76130209, 1, 0, 0
78742, 77538319, 1, 0, 0
78819, 77660900, 1, 0, 0
78933, 77231058, 1, 0, 0
79013, 45845545, 1, 0, 0
79105, 23648704, 1, 0, 0
79212, 23388863, 1, 0, 0
79301, 22565016, 1, 0, 0
79406, 23517490, 1, 0, 0
79503, 23358039, 1, 0, 0
79605, 22890767, 1, 0, 0
79705, 25449193, 1, 0, 0
79810, 26382342, 1, 0, 0
79934, 80373796, 1, 0, 0
80010, 77322006, 1, 0, 0
80128, 78131197, 1, 0, 0
80204, 76202455, 1, 0, 0
80319, 77147236, 1, 0, 0
80432, 75980608, 1, 0, 0
80510, 78246044, 1, 0, 0
80631, 78142996, 1, 0, 0
80707, 79009417, 1, 0, 0
80823, 76289884, 1, 0, 0
80900, 76925561, 1, 0, 0
81014, 75958580, 1, 0, 0
81129, 77853321, 1, 0, 0
81206, 76346651, 1, 0, 0
81331, 82778421, 1, 0, 0
81408, 45346742, 1, 0, 0
81502, 23567971, 1, 0, 0
81608, 23206842, 1, 0, 0
81711, 22941108, 1, 0, 0
81804, 23633455, 1, 0, 0
81910, 23189337, 1, 0, 0
82013, 22788015, 1, 0, 0
82102, 23043539, 1, 0, 0
82207, 24187891, 1, 0, 0
82314, 33611123, 1, 0, 0
82426, 74629495, 1, 0, 0
82506, 77056253, 1, 0, 0
82659, 91168029, 1, 0, 0
82736, 75778626, 1, 0, 0
82811, 75693478, 1, 0, 0
82966, 77322499, 1, 0, 0
83046, 78483462, 1, 0, 0
83127, 80205843, 1, 0, 0
83206, 80138627, 1, 0, 0
83362, 78159271, 1, 0, 0
83437, 76438831, 1, 0, 0
83515, 76507577, 1, 0, 0
83670, 77881260, 1, 0, 0
83748, 77335859, 1, 0, 0
83825, 77353389, 1, 0, 0
83920, 30335190, 1, 0, 0
84009, 22745530, 1, 0, 0
84105, 23440612, 1, 0, 0
84222, 23059257, 1, 0, 0
84308, 22809781, 1, 0, 0
84407, 23348591, 1, 0, 0
84521, 22858524, 1, 0, 0
84611, 23453608, 1, 0, 0
84706, 22785239, 1, 0, 0
84824, 31325910, 1, 0, 0
84902, 76876028, 1, 0, 0
85059, 77886674, 1, 0, 0
85138, 79298064, 1, 0, 0
85213, 77165830, 1, 0, 0
85372, 78251116, 1, 0, 0
85448, 78057696, 1, 0, 0
85524, 76087179, 1, 0, 0
85601, 76415096, 1, 0, 0
85757, 77089028, 1, 0, 0
85840, 81415379, 1, 0, 0
85916, 79128321, 1, 0, 0
86068, 76497819, 1, 0, 0
86143, 75123486, 1, 0, 0
86223, 77620000, 1, 0, 0
86302, 79396885, 1, 0, 0
86417, 35402459, 1, 0, 0
86510, 23451609, 1, 0, 0
86602, 22995925, 1, 0, 0
86717, 23168915, 1, 0, 0
86812, 23358979, 1, 0, 0
86902, 22924643, 1, 0, 0
87016, 23003344, 1, 0, 0
87113, 23222227, 1, 0, 0
87201, 22982896, 1, 0, 0
87356, 41993506, 1, 0, 0
87436, 78647872, 1, 0, 0
87513, 78304680, 1, 0, 0
87672, 79458099, 1, 0, 0
87751, 77609117, 1, 0, 0
87826, 77230409, 1, 0, 0
87903, 75850781, 1, 0, 0
88057, 76876378, 1, 0, 0
88134, 77374411, 1, 0, 0
88213, 78136896, 1, 0, 0
88371, 78872936, 1, 0, 0
88451, 79730413, 1, 0, 0
88530, 79425688, 1, 0, 0
88606, 77439335, 1, 0, 0
88762, 77682990, 1, 0, 0
88835, 75288076, 1, 0, 0
88913, 51927351, 1, 0, 0
89009, 23411558, 1, 0, 0
89126, 23206402, 1, 0, 0
89215, 23314228, 1, 0, 0
89312, 23093475, 1, 0, 0
89402, 23530557, 1, 0, 0
89518, 23092812, 1, 0, 0
89611, 22539246, 1, 0, 0
89720, 25185147, 1, 0, 0
89800, 61234842, 1, 0, 0
89918, 92419840, 1, 0, 0
90036, 78423534, 1, 0, 0
90072, 75259275, 1, 0, 0
