101, 2471392, 0, 0, 0
200, 2592069, 0, 0, 0
302, 2167341, 0, 0, 0
400, 2053596, 0, 0, 0
502, 2113071, 0, 0, 0
600, 2394350, 0, 0, 0
700, 2441942, 0, 0, 0
801, 2590931, 0, 0, 0
900, 2590294, 0, 0, 0
1001, 2234276, 0, 0, 0
1102, 2402970, 0, 0, 0
1201, 2311498, 0, 0, 0
1301, 2859362, 0, 0, 0
1400, 2394768, 0, 0, 0
1501, 2293358, 0, 0, 0
1602, 2245589, 0, 0, 0
1702, 2380936, 0, 0, 0
1800, 2328401, 0, 0, 0
1900, 2184060, 0, 0, 0
2001, 2007077, 0, 0, 0
2100, 2262228, 0, 0, 0
2201, 2581806, 0, 0, 0
2302, 2281769, 0, 0, 0
2402, 2387457, 0, 0, 0
2500, 2339810, 0, 0, 0
2602, 2161363, 0, 0, 0
2701, 2412572, 0, 0, 0
2800, 2018152, 0, 0, 0
2900, 2325478, 0, 0, 0
3001, 2189200, 0, 0, 0
3102, 2299162, 0, 0, 0
3200, 2322202, 0, 0, 0
3302, 2166076, 0, 0, 0
3400, 2455295, 0, 0, 0
3501, 2661126, 0, 0, 0
3601, 2687520, 0, 0, 0
3700, 2113004, 0, 0, 0
3802, 2157978, 0, 0, 0
3901, 2258251, 0, 0, 0
4000, 2138327, 0, 0, 0
4100, 1929080, 0, 0, 0
4200, 2003619, 0, 0, 0
4300, 2113856, 0, 0, 0
4400, 2442457, 0, 0, 0
4500, 2035174, 0, 0, 0
4600, 1936292, 0, 0, 0
4700, 2076029, 0, 0, 0
4801, 2183621, 0, 0, 0
4900, 2154229, 0, 0, 0
5001, 2336635, 0, 0, 0
5102, 1981295, 0, 0, 0
5200, 2241091, 0, 0, 0
5301, 2180240, 0, 0, 0
5402, 2656736, 0, 0, 0
5501, 2359664, 0, 0, 0
5602, 1907209, 0, 0, 0
5700, 2114792, 0, 0, 0
5802, 2434535, 0, 0, 0
5902, 2625556, 0, 0, 0
6001, 2263192, 0, 0, 0
6102, 2395683, 0, 0, 0
6200, 2180487, 0, 0, 0
6300, 2377949, 0, 0, 0
6401, 2329830, 0, 0, 0
6500, 2679967, 0, 0, 0
6602, 2552396, 0, 0, 0
6701, 2355425, 0, 0, 0
6800, 2404006, 0, 0, 0
6900, 2436463, 0, 0, 0
7000, 2634487, 0, 0, 0
7100, 2114931, 0, 0, 0
7201, 2405440, 0, 0, 0
7302, 2246031, 0, 0, 0
7400, 2327494, 0, 0, 0
7501, 2195712, 0, 0, 0
7601, 2437547, 0, 0, 0
7700, 2059695, 0, 0, 0
7801, 2393676, 0, 0, 0
7901, 2181634, 0, 0, 0
8002, 2238356, 0, 0, 0
8102, 2372987, 0, 0, 0
8202, 2501379, 0, 0, 0
8301, 2154662, 0, 0, 0
8401, 2075617, 0, 0, 0
8502, 2673249, 0, 0, 0
8600, 2431348, 0, 0, 0
8701, 2398448, 0, 0, 0
8801, 2268880, 0, 0, 0
8901, 2272778, 0, 0, 0
9001, 2288109, 0, 0, 0
9101, 2320703, 0, 0, 0
9202, 2801076, 0, 0, 0
9300, 2132503, 0, 0, 0
9402, 2303133, 0, 0, 0
9501, 2209951, 0, 0, 0
9600, 2356679, 0, 0, 0
9701, 2181527, 0, 0, 0
9801, 2494771, 0, 0, 0
9901, 2333669, 0, 0, 0
10001, 2328401, 0, 0, 0
10101, 2694559, 0, 0, 0
10201, 2369336, 0, 0, 0
10303, 2484465, 0, 0, 0
10400, 2213996, 0, 0, 0
10501, 2390356, 0, 0, 0
10600, 2353749, 0, 0, 0
10701, 2402003, 0, 0, 0
10801, 1930191, 0, 0, 0
10902, 2515149, 0, 0, 0
11001, 2421694, 0, 0, 0
11102, 2282318, 0, 0, 0
11200, 2645840, 0, 0, 0
11300, 2505427, 0, 0, 0
11402, 2271165, 0, 0, 0
11501, 2457159, 0, 0, 0
11600, 2263082, 0, 0, 0
11701, 2191406, 0, 0, 0
11802, 2291409, 0, 0, 0
11900, 2274830, 0, 0, 0
12000, 2174255, 0, 0, 0
12100, 2208836, 0, 0, 0
12200, 2284882, 0, 0, 0
12300, 2228188, 0, 0, 0
12401, 2241274, 0, 0, 0
12500, 2396180, 0, 0, 0
12600, 2506925, 0, 0, 0
12700, 2487957, 0, 0, 0
12801, 2144710, 0, 0, 0
12901, 2223418, 0, 0, 0
13001, 2050749, 0, 0, 0
13100, 2093612, 0, 0, 0
13201, 2579484, 0, 0, 0
13300, 2539349, 0, 0, 0
13402, 2316655, 0, 0, 0
13500, 2036973, 0, 0, 0
13600, 2396740, 0, 0, 0
13701, 2464099, 0, 0, 0
13801, 2420886, 0, 0, 0
13902, 2199630, 0, 0, 0
14000, 2389851, 0, 0, 0
14103, 2498042, 0, 0, 0
14202, 2602867, 0, 0, 0
14301, 2412759, 0, 0, 0
14401, 2716891, 0, 0, 0
14501, 2548850, 0, 0, 0
14600, 2416152, 0, 0, 0
14700, 2485996, 0, 0, 0
14802, 2486075, 0, 0, 0
14902, 2698963, 0, 0, 0
15002, 2277916, 0, 0, 0
15100, 2569795, 0, 0, 0
15201, 2526906, 0, 0, 0
15302, 2588449, 0, 0, 0
15402, 2331967, 0, 0, 0
15503, 2190040, 0, 0, 0
15600, 2193076, 0, 0, 0
15702, 2683702, 0, 0, 0
15800, 2597596, 0, 0, 0
15900, 2362931, 0, 0, 0
16001, 2305711, 0, 0, 0
16102, 2189346, 0, 0, 0
16200, 2316963, 0, 0, 0
16301, 2591004, 0, 0, 0
16402, 2653712, 0, 0, 0
16500, 2335528, 0, 0, 0
16602, 2309532, 0, 0, 0
16700, 2086412, 0, 0, 0
16801, 2192239, 0, 0, 0
16900, 2062952, 0, 0, 0
17003, 2506296, 0, 0, 0
17102, 2306652, 0, 0, 0
17202, 2315601, 0, 0, 0
17302, 2231234, 0, 0, 0
17401, 2340451, 0, 0, 0
17500, 2202233, 0, 0, 0
17602, 2125674, 0, 0, 0
17701, 2299666, 0, 0, 0
17801, 2386055, 0, 0, 0
17900, 2396746, 0, 0, 0
18002, 2271166, 0, 0, 0
18102, 2322334, 0, 0, 0
18200, 2138870, 0, 0, 0
18300, 2560257, 0, 0, 0
18401, 2384920, 0, 0, 0
18503, 2700877, 0, 0, 0
18600, 2189480, 0, 0, 0
18700, 2269261, 0, 0, 0
18801, 2527177, 0, 0, 0
18900, 2292248, 0, 0, 0
19001, 2143691, 0, 0, 0
19100, 1878434, 0, 0, 0
19200, 1997220, 0, 0, 0
19301, 2288734, 0, 0, 0
19401, 2316589, 0, 0, 0
19500, 2361281, 0, 0, 0
19600, 2485543, 0, 0, 0
19700, 2101933, 0, 0, 0
19800, 2067195, 0, 0, 0
19901, 2352679, 0, 0, 0
20001, 2129795, 0, 0, 0
20101, 2253708, 0, 0, 0
20201, 2272089, 0, 0, 0
20302, 2251500, 0, 0, 0
20401, 1865066, 0, 0, 0
20502, 2402434, 0, 0, 0
20600, 2280484, 0, 0, 0
20700, 2111945, 0, 0, 0
20801, 2195409, 0, 0, 0
20900, 2120275, 0, 0, 0
21001, 2291350, 0, 0, 0
21100, 2400626, 0, 0, 0
21200, 2494302, 0, 0, 0
21301, 2074777, 0, 0, 0
21400, 2525390, 0, 0, 0
21500, 2272551, 0, 0, 0
21602, 2359853, 0, 0, 0
21701, 2493414, 0, 0, 0
21800, 2408088, 0, 0, 0
21901, 2445600, 0, 0, 0
22001, 2573187, 0, 0, 0
22102, 2646336, 0, 0, 0
22200, 2236385, 0, 0, 0
22300, 1994556, 0, 0, 0
22400, 2623911, 0, 0, 0
22500, 2227598, 0, 0, 0
22600, 2490248, 0, 0, 0
22702, 2418436, 0, 0, 0
22800, 2228039, 0, 0, 0
22900, 2379625, 0, 0, 0
23002, 2175541, 0, 0, 0
23101, 2418630, 0, 0, 0
23202, 2045261, 0, 0, 0
23301, 2113109, 0, 0, 0
23400, 2406204, 0, 0, 0
23500, 2164294, 0, 0, 0
23600, 2440574, 0, 0, 0
23701, 2300542, 0, 0, 0
23801, 2561246, 0, 0, 0
23900, 2292240, 0, 0, 0
24000, 2337341, 0, 0, 0
24101, 2009757, 0, 0, 0
24201, 2214358, 0, 0, 0
24301, 2140270, 0, 0, 0
24400, 2234837, 0, 0, 0
24500, 2332550, 0, 0, 0
24601, 2390222, 0, 0, 0
24700, 2300294, 0, 0, 0
24800, 2444435, 0, 0, 0
24902, 2361178, 0, 0, 0
25001, 2371028, 0, 0, 0
25100, 2279706, 0, 0, 0
25201, 2255328, 0, 0, 0
25300, 2358808, 0, 0, 0
25402, 2527941, 0, 0, 0
25500, 2090905, 0, 0, 0
25602, 2160991, 0, 0, 0
25701, 2430540, 0, 0, 0
25800, 2139346, 0, 0, 0
25900, 2500764, 0, 0, 0
26001, 2534147, 0, 0, 0
26100, 2516067, 0, 0, 0
26202, 2375652, 0, 0, 0
26300, 2450032, 0, 0, 0
26402, 2431288, 0, 0, 0
26500, 2173007, 0, 0, 0
26602, 2364922, 0, 0, 0
26700, 2273853, 0, 0, 0
26802, 2559746, 0, 0, 0
26901, 2303945, 0, 0, 0
27002, 2388037, 0, 0, 0
27100, 2587768, 0, 0, 0
27201, 2280263, 0, 0, 0
27300, 2419074, 0, 0, 0
27401, 2455450, 0, 0, 0
27501, 2500079, 0, 0, 0
27601, 2181840, 0, 0, 0
27700, 2521492, 0, 0, 0
27800, 2278101, 0, 0, 0
27900, 2277565, 0, 0, 0
28001, 2341187, 0, 0, 0
28102, 2236298, 0, 0, 0
28201, 2469999, 0, 0, 0
28303, 2311656, 0, 0, 0
28400, 2548959, 0, 0, 0
28501, 2247212, 0, 0, 0
28602, 2355651, 0, 0, 0
28700, 2496520, 0, 0, 0
28802, 2322398, 0, 0, 0
28902, 2503542, 0, 0, 0
29002, 2620779, 0, 0, 0
29101, 2299257, 0, 0, 0
29201, 2267672, 0, 0, 0
29300, 2302827, 0, 0, 0
29402, 2489107, 0, 0, 0
29500, 2453965, 0, 0, 0
29601, 2091272, 0, 0, 0
29700, 2432137, 0, 0, 0
29800, 2687257, 0, 0, 0
29901, 2468039, 0, 0, 0
30000, 2341704, 0, 0, 0
30100, 2518283, 0, 0, 0
30202, 2479115, 0, 0, 0
30302, 2381808, 0, 0, 0
30402, 2376679, 0, 0, 0
30500, 2222581, 0, 0, 0
30600, 2314338, 0, 0, 0
30700, 2495168, 0, 0, 0
30802, 2548422, 0, 0, 0
30900, 2587654, 0, 0, 0
31000, 2633918, 0, 0, 0
31102, 2481264, 0, 0, 0
31200, 2636491, 0, 0, 0
31300, 2267040, 0, 0, 0
31400, 2396599, 0, 0, 0
31500, 2501064, 0, 0, 0
31601, 2239728, 0, 0, 0
31702, 1888522, 0, 0, 0
31800, 2337457, 0, 0, 0
31901, 2198310, 0, 0, 0
32001, 2488074, 0, 0, 0
32100, 2208840, 0, 0, 0
32200, 2212232, 0, 0, 0
32300, 2391977, 0, 0, 0
32400, 2209068, 0, 0, 0
32500, 2693326, 0, 0, 0
32601, 2478686, 0, 0, 0
32701, 2437267, 0, 0, 0
32802, 2707065, 0, 0, 0
32902, 2571376, 0, 0, 0
33000, 2394371, 0, 0, 0
33100, 2566756, 0, 0, 0
33202, 2472642, 0, 0, 0
33300, 2321404, 0, 0, 0
33400, 2580659, 0, 0, 0
33501, 2513666, 0, 0, 0
33602, 2654681, 0, 0, 0
33701, 2480673, 0, 0, 0
33801, 2691373, 0, 0, 0
33902, 2660899, 0, 0, 0
34001, 2614892, 0, 0, 0
34102, 2574095, 0, 0, 0
34200, 2437670, 0, 0, 0
34301, 2728941, 0, 0, 0
34401, 2563221, 0, 0, 0
34502, 2468559, 0, 0, 0
34601, 2423124, 0, 0, 0
34701, 2689856, 0, 0, 0
34803, 2748687, 0, 0, 0
34900, 2496393, 0, 0, 0
35000, 2223294, 0, 0, 0
35100, 2691998, 0, 0, 0
35201, 2468847, 0, 0, 0
35301, 2555318, 0, 0, 0
35401, 2268164, 0, 0, 0
35502, 2530717, 0, 0, 0
35602, 2313896, 0, 0, 0
35701, 2263546, 0, 0, 0
35802, 2458653, 0, 0, 0
35901, 2672177, 0, 0, 0
36002, 2571387, 0, 0, 0
36100, 2727314, 0, 0, 0
36200, 2501774, 0, 0, 0
36300, 2438354, 0, 0, 0
36401, 2642721, 0, 0, 0
36501, 2318257, 0, 0, 0
36601, 2701918, 0, 0, 0
36701, 2565870, 0, 0, 0
36800, 2766004, 0, 0, 0
36901, 2441960, 0, 0, 0
37001, 2649165, 0, 0, 0
37101, 2680836, 0, 0, 0
37202, 2399393, 0, 0, 0
37300, 2668624, 0, 0, 0
37401, 2877797, 0, 0, 0
37500, 2249879, 0, 0, 0
37601, 2334324, 0, 0, 0
37700, 2251616, 0, 0, 0
37801, 2404416, 0, 0, 0
37900, 2594042, 0, 0, 0
38000, 2188028, 0, 0, 0
38102, 2365295, 0, 0, 0
38201, 2192105, 0, 0, 0
38301, 2699485, 0, 0, 0
38400, 2422464, 0, 0, 0
38500, 2632710, 0, 0, 0
38600, 2549826, 0, 0, 0
38701, 2519012, 0, 0, 0
38802, 2477942, 0, 0, 0
38902, 3117401, 0, 0, 0
39002, 2687003, 0, 0, 0
39102, 3131205, 0, 0, 0
39202, 2500185, 0, 0, 0
39302, 2840651, 0, 0, 0
39401, 2690794, 0, 0, 0
39500, 2816754, 0, 0, 0
39602, 2618543, 0, 0, 0
39704, 2670691, 0, 0, 0
39801, 2790672, 0, 0, 0
39901, 2561404, 0, 0, 0
40002, 2943696, 0, 0, 0
40102, 2628621, 0, 0, 0
40202, 2699525, 0, 0, 0
40300, 2646570, 0, 0, 0
40402, 2559038, 0, 0, 0
40501, 3084911, 0, 0, 0
40600, 2303619, 0, 0, 0
40702, 2379829, 0, 0, 0
40800, 2871807, 0, 0, 0
40900, 2501418, 0, 0, 0
41001, 2337238, 0, 0, 0
41100, 2667168, 0, 0, 0
41200, 2651192, 0, 0, 0
41302, 2465530, 0, 0, 0
41400, 2722043, 0, 0, 0
41502, 2121330, 0, 0, 0
41600, 2660439, 0, 0, 0
41700, 2546652, 0, 0, 0
41800, 2499521, 0, 0, 0
41901, 2600164, 0, 0, 0
42001, 2482300, 0, 0, 0
42100, 2493643, 0, 0, 0
42202, 2120379, 0, 0, 0
42303, 2181625, 0, 0, 0
42402, 2118752, 0, 0, 0
42500, 2505442, 0, 0, 0
42602, 2364392, 0, 0, 0
42702, 2707762, 0, 0, 0
42802, 2488808, 0, 0, 0
42900, 2222721, 0, 0, 0
43001, 2354436, 0, 0, 0
43100, 2667802, 0, 0, 0
43201, 2353567, 0, 0, 0
43301, 2563933, 0, 0, 0
43401, 2313229, 0, 0, 0
43502, 2672575, 0, 0, 0
43602, 2841667, 0, 0, 0
43703, 2729466, 0, 0, 0
43800, 2430206, 0, 0, 0
43903, 2319067, 0, 0, 0
44000, 2644623, 0, 0, 0
44100, 2763246, 0, 0, 0
44200, 2570190, 0, 0, 0
44302, 2528123, 0, 0, 0
44400, 2405644, 0, 0, 0
44500, 2624320, 0, 0, 0
44600, 2856161, 0, 0, 0
44700, 2766710, 0, 0, 0
44800, 2223060, 0, 0, 0
44902, 2683111, 0, 0, 0
45002, 2760963, 0, 0, 0
45102, 2507782, 0, 0, 0
45202, 2496521, 0, 0, 0
45300, 2660567, 0, 0, 0
45400, 2377829, 0, 0, 0
45500, 2552217, 0, 0, 0
45600, 2548683, 0, 0, 0
45701, 2727987, 0, 0, 0
45800, 2609338, 0, 0, 0
45900, 2719795, 0, 0, 0
46000, 2305305, 0, 0, 0
46100, 2278150, 0, 0, 0
46200, 2689230, 0, 0, 0
46300, 2723582, 0, 0, 0
46402, 2466782, 0, 0, 0
46500, 2591864, 0, 0, 0
46601, 2393055, 0, 0, 0
46701, 2700288, 0, 0, 0
46801, 2439225, 0, 0, 0
46902, 2813209, 0, 0, 0
47001, 2537438, 0, 0, 0
47100, 2400338, 0, 0, 0
47202, 2485291, 0, 0, 0
47300, 2327401, 0, 0, 0
47400, 2789317, 0, 0, 0
47500, 2503787, 0, 0, 0
47601, 2883533, 0, 0, 0
47703, 2731353, 0, 0, 0
47800, 2706024, 0, 0, 0
47901, 2713363, 0, 0, 0
48000, 2260863, 0, 0, 0
48101, 2450820, 0, 0, 0
48200, 2312214, 0, 0, 0
48302, 2596544, 0, 0, 0
48401, 2550133, 0, 0, 0
48502, 2457621, 0, 0, 0
48603, 2578571, 0, 0, 0
48701, 2445182, 0, 0, 0
48800, 2480290, 0, 0, 0
48900, 2329455, 0, 0, 0
49002, 2171432, 0, 0, 0
49102, 2617114, 0, 0, 0
49201, 2600587, 0, 0, 0
49302, 2797707, 0, 0, 0
49401, 2428053, 0, 0, 0
49500, 2680880, 0, 0, 0
49600, 2487315, 0, 0, 0
49702, 2822360, 0, 0, 0
49801, 2482993, 0, 0, 0
49902, 2232108, 0, 0, 0
50002, 3234438, 0, 0, 0
50127, 3117131, 0, 0, 0
50200, 2940449, 0, 0, 0
50301, 2564954, 0, 0, 0
50401, 2630581, 0, 0, 0
50501, 2864973, 0, 0, 0
50602, 2098423, 0, 0, 0
50700, 2579231, 0, 0, 0
50802, 3280860, 0, 0, 0
50902, 2434435, 0, 0, 0
51108, 5436083, 0, 0, 0
51202, 2530815, 0, 0, 0
51300, 2569308, 0, 0, 0
51400, 2712363, 0, 0, 0
51500, 2568053, 0, 0, 0
51600, 2429442, 0, 0, 0
51719, 10839522, 0, 0, 0
51800, 2773574, 0, 0, 0
51965, 5893546, 0, 0, 0
52000, 2191435, 0, 0, 0
52101, 2638357, 0, 0, 0
52200, 2747073, 0, 0, 0
52300, 2450772, 0, 0, 0
52400, 2179173, 0, 0, 0
52500, 4330882, 0, 0, 0
52600, 2386688, 0, 0, 0
52701, 2583866, 0, 0, 0
52801, 2490506, 0, 0, 0
52980, 7155369, 0, 0, 0
53000, 2180093, 0, 0, 0
53100, 2636166, 0, 0, 0
53201, 2652747, 0, 0, 0
53302, 2238321, 0, 0, 0
53403, 2457690, 0, 0, 0
53501, 2579579, 0, 0, 0
53600, 2767677, 0, 0, 0
53702, 2816700, 0, 0, 0
53801, 2758223, 0, 0, 0
53901, 2477200, 0, 0, 0
54001, 2641542, 0, 0, 0
54101, 2687114, 0, 0, 0
54201, 2636545, 0, 0, 0
54300, 2551910, 0, 0, 0
54403, 2763945, 0, 0, 0
54501, 2726823, 0, 0, 0
54601, 2779424, 0, 0, 0
54702, 2580865, 0, 0, 0
54803, 2460665, 0, 0, 0
54901, 2563683, 0, 0, 0
55001, 2713348, 0, 0, 0
55100, 2604088, 0, 0, 0
55201, 2642203, 0, 0, 0
55301, 2940391, 0, 0, 0
55401, 2632066, 0, 0, 0
55504, 2389655, 0, 0, 0
55601, 2558552, 0, 0, 0
55700, 2661759, 0, 0, 0
55800, 3048775, 0, 0, 0
55901, 2728061, 0, 0, 0
56001, 2832491, 0, 0, 0
56100, 2555991, 0, 0, 0
56202, 2907144, 0, 0, 0
56300, 2721658, 0, 0, 0
56400, 2685344, 0, 0, 0
56501, 2746776, 0, 0, 0
56603, 2892355, 0, 0, 0
56700, 2938657, 0, 0, 0
56800, 2954396, 0, 0, 0
56902, 2897797, 0, 0, 0
57002, 2694360, 0, 0, 0
57100, 2577855, 0, 0, 0
57201, 2724451, 0, 0, 0
57302, 2721726, 0, 0, 0
57400, 2294971, 0, 0, 0
57500, 2487461, 0, 0, 0
57600, 2692410, 0, 0, 0
57700, 2580586, 0, 0, 0
57801, 2397579, 0, 0, 0
57901, 2782988, 0, 0, 0
58002, 3047737, 0, 0, 0
58100, 2891498, 0, 0, 0
58200, 2610476, 0, 0, 0
58301, 2735430, 0, 0, 0
58401, 2862220, 0, 0, 0
58500, 2746700, 0, 0, 0
58602, 2546695, 0, 0, 0
58704, 2738178, 0, 0, 0
58801, 2946202, 0, 0, 0
58903, 2746469, 0, 0, 0
59000, 2624551, 0, 0, 0
59102, 2749074, 0, 0, 0
59202, 2650996, 0, 0, 0
59301, 2578829, 0, 0, 0
59402, 2658637, 0, 0, 0
59500, 2587908, 0, 0, 0
59600, 2559899, 0, 0, 0
59702, 2598808, 0, 0, 0
59801, 2748108, 0, 0, 0
59900, 2369909, 0, 0, 0
60001, 2390533, 0, 0, 0
60101, 2450926, 0, 0, 0
60201, 2861868, 0, 0, 0
60300, 2664498, 0, 0, 0
60406, 3192477, 0, 0, 0
60503, 2766986, 0, 0, 0
60602, 2616593, 0, 0, 0
60702, 2331359, 0, 0, 0
60801, 2524322, 0, 0, 0
60902, 2590009, 0, 0, 0
61001, 2602252, 0, 0, 0
61101, 2427519, 0, 0, 0
61201, 2646971, 0, 0, 0
61300, 2538557, 0, 0, 0
61401, 2283828, 0, 0, 0
61502, 2714521, 0, 0, 0
61601, 2425956, 0, 0, 0
61700, 2467173, 0, 0, 0
61801, 2743055, 0, 0, 0
61902, 2576439, 0, 0, 0
62000, 2634053, 0, 0, 0
62102, 2376330, 0, 0, 0
62201, 2544626, 0, 0, 0
62301, 2481259, 0, 0, 0
62400, 2481976, 0, 0, 0
62501, 2730570, 0, 0, 0
62601, 2423445, 0, 0, 0
62700, 2676934, 0, 0, 0
62802, 2444459, 0, 0, 0
62900, 2388836, 0, 0, 0
63002, 2355118, 0, 0, 0
63101, 2619840, 0, 0, 0
63200, 2579448, 0, 0, 0
63300, 2401357, 0, 0, 0
63402, 2363437, 0, 0, 0
63500, 2503522, 0, 0, 0
63601, 2587419, 0, 0, 0
63700, 2300440, 0, 0, 0
63800, 2567207, 0, 0, 0
63901, 2720761, 0, 0, 0
64001, 2382474, 0, 0, 0
64100, 2613067, 0, 0, 0
64201, 2339068, 0, 0, 0
64302, 2512706, 0, 0, 0
64402, 2374137, 0, 0, 0
64500, 2348136, 0, 0, 0
64600, 2499750, 0, 0, 0
64700, 2684731, 0, 0, 0
64800, 2447445, 0, 0, 0
64900, 2704155, 0, 0, 0
65002, 2671952, 0, 0, 0
65100, 2570830, 0, 0, 0
65202, 2693089, 0, 0, 0
65301, 2464309, 0, 0, 0
65400, 2544258, 0, 0, 0
65502, 2417467, 0, 0, 0
65602, 2436322, 0, 0, 0
65702, 2496490, 0, 0, 0
65800, 2665368, 0, 0, 0
65902, 2610831, 0, 0, 0
66001, 2601250, 0, 0, 0
66102, 2402658, 0, 0, 0
66201, 2677402, 0, 0, 0
66302, 2392176, 0, 0, 0
66401, 2413319, 0, 0, 0
66502, 2518613, 0, 0, 0
66601, 2301886, 0, 0, 0
66700, 2755491, 0, 0, 0
66803, 2384165, 0, 0, 0
66900, 2614052, 0, 0, 0
67001, 2669404, 0, 0, 0
67102, 2452024, 0, 0, 0
67202, 2431921, 0, 0, 0
67302, 2630019, 0, 0, 0
67400, 2525915, 0, 0, 0
67500, 2612229, 0, 0, 0
67600, 2701809, 0, 0, 0
67700, 2514242, 0, 0, 0
67802, 2903113, 0, 0, 0
67902, 2695415, 0, 0, 0
68000, 2894095, 0, 0, 0
68100, 2770458, 0, 0, 0
68200, 2560197, 0, 0, 0
68300, 2548957, 0, 0, 0
68402, 2832544, 0, 0, 0
68501, 2624565, 0, 0, 0
68601, 3216748, 0, 0, 0
68701, 3123701, 0, 0, 0
68801, 2758582, 0, 0, 0
68901, 2631300, 0, 0, 0
69000, 2928690, 0, 0, 0
69102, 2594376, 0, 0, 0
69200, 2892835, 0, 0, 0
69303, 2945318, 0, 0, 0
69404, 2713886, 0, 0, 0
69501, 2777932, 0, 0, 0
69600, 2608489, 0, 0, 0
69700, 2770489, 0, 0, 0
69802, 2753682, 0, 0, 0
69901, 2662276, 0, 0, 0
70001, 2643561, 0, 0, 0
70100, 2675866, 0, 0, 0
70200, 2679099, 0, 0, 0
70302, 2759337, 0, 0, 0
70403, 2812035, 0, 0, 0
70500, 2617266, 0, 0, 0
70602, 2825588, 0, 0, 0
70700, 2636832, 0, 0, 0
70801, 2907887, 0, 0, 0
70903, 2735378, 0, 0, 0
71004, 2985574, 0, 0, 0
71102, 2644190, 0, 0, 0
71201, 2890144, 0, 0, 0
71302, 2820310, 0, 0, 0
71400, 2792882, 0, 0, 0
71500, 2933468, 0, 0, 0
71600, 2697432, 0, 0, 0
71700, 2700643, 0, 0, 0
71802, 2904009, 0, 0, 0
71901, 3021617, 0, 0, 0
72000, 2908059, 0, 0, 0
72101, 2781679, 0, 0, 0
72201, 2869824, 0, 0, 0
72301, 3117375, 0, 0, 0
72403, 3272903, 0, 0, 0
72501, 2799571, 0, 0, 0
72600, 3009899, 0, 0, 0
72702, 3002844, 0, 0, 0
72802, 2934139, 0, 0, 0
72904, 2825298, 0, 0, 0
73003, 2920833, 0, 0, 0
73102, 2677272, 0, 0, 0
73200, 3033851, 0, 0, 0
73301, 2745121, 0, 0, 0
73400, 2990523, 0, 0, 0
73501, 2872308, 0, 0, 0
73602, 3057077, 0, 0, 0
73701, 2686957, 0, 0, 0
73801, 2494061, 0, 0, 0
73904, 3012759, 0, 0, 0
74001, 2878806, 0, 0, 0
74100, 2600888, 0, 0, 0
74202, 2819730, 0, 0, 0
74300, 2808673, 0, 0, 0
74403, 2927047, 0, 0, 0
74501, 2877547, 0, 0, 0
74602, 2456610, 0, 0, 0
74701, 2484593, 0, 0, 0
74800, 2659111, 0, 0, 0
74901, 2531215, 0, 0, 0
75001, 2630057, 0, 0, 0
75102, 2735391, 0, 0, 0
75201, 2651173, 0, 0, 0
75302, 2673307, 0, 0, 0
75402, 2553599, 0, 0, 0
75500, 3066737, 0, 0, 0
75602, 2995224, 0, 0, 0
75701, 2912303, 0, 0, 0
75802, 2585941, 0, 0, 0
75902, 2691806, 0, 0, 0
76002, 2870400, 0, 0, 0
76100, 2855917, 0, 0, 0
76201, 3086511, 0, 0, 0
76300, 2988059, 0, 0, 0
76401, 2873400, 0, 0, 0
76504, 2781325, 0, 0, 0
76601, 3115616, 0, 0, 0
76700, 2909827, 0, 0, 0
76801, 2661702, 0, 0, 0
76900, 2670492, 0, 0, 0
77002, 2618420, 0, 0, 0
77100, 2637351, 0, 0, 0
77203, 3037361, 0, 0, 0
77301, 2728992, 0, 0, 0
77401, 2845236, 0, 0, 0
77500, 3206392, 0, 0, 0
77600, 2540276, 0, 0, 0
77700, 2784845, 0, 0, 0
77801, 3254129, 0, 0, 0
77901, 2374486, 0, 0, 0
78001, 2697922, 0, 0, 0
78101, 2871313, 0, 0, 0
78201, 2491479, 0, 0, 0
78301, 2560548, 0, 0, 0
78400, 2665627, 0, 0, 0
78503, 2702176, 0, 0, 0
78601, 2731267, 0, 0, 0
78704, 2776550, 0, 0, 0
78800, 2679009, 0, 0, 0
78900, 2934255, 0, 0, 0
79000, 2698684, 0, 0, 0
79100, 2367729, 0, 0, 0
79200, 2695809, 0, 0, 0
79301, 2589746, 0, 0, 0
79400, 2752260, 0, 0, 0
79502, 2607594, 0, 0, 0
79601, 2908872, 0, 0, 0
79702, 2966502, 0, 0, 0
79800, 2452934, 0, 0, 0
79900, 2790947, 0, 0, 0
80000, 2682376, 0, 0, 0
80101, 2471591, 0, 0, 0
80200, 2987771, 0, 0, 0
80302, 2748866, 0, 0, 0
80402, 2770369, 0, 0, 0
80500, 2878758, 0, 0, 0
80602, 2910610, 0, 0, 0
80700, 3070909, 0, 0, 0
80802, 2682213, 0, 0, 0
80901, 2548733, 0, 0, 0
81002, 2955782, 0, 0, 0
81101, 2812627, 0, 0, 0
81201, 2638867, 0, 0, 0
81301, 2493153, 0, 0, 0
81401, 2871962, 0, 0, 0
81501, 2552694, 0, 0, 0
81601, 2762974, 0, 0, 0
81700, 2768557, 0, 0, 0
81802, 2817051, 0, 0, 0
81900, 2889623, 0, 0, 0
82002, 2981110, 0, 0, 0
82102, 3026117, 0, 0, 0
82202, 3033243, 0, 0, 0
82300, 2735017, 0, 0, 0
82401, 2861813, 0, 0, 0
82500, 2936627, 0, 0, 0
82600, 2923314, 0, 0, 0
82704, 3142715, 0, 0, 0
82800, 2995348, 0, 0, 0
82901, 2988321, 0, 0, 0
83002, 2651443, 0, 0, 0
83101, 2729212, 0, 0, 0
83201, 2501449, 0, 0, 0
83301, 3034207, 0, 0, 0
83403, 2905225, 0, 0, 0
83500, 2710822, 0, 0, 0
83600, 2920464, 0, 0, 0
83702, 3510534, 0, 0, 0
83800, 2889832, 0, 0, 0
83902, 2476266, 0, 0, 0
84002, 2780875, 0, 0, 0
84100, 2982731, 0, 0, 0
84200, 2779438, 0, 0, 0
84300, 2679117, 0, 0, 0
84402, 2827893, 0, 0, 0
84501, 2825806, 0, 0, 0
84601, 3124802, 0, 0, 0
84701, 3144183, 0, 0, 0
84801, 2849939, 0, 0, 0
84902, 2949584, 0, 0, 0
85001, 2749897, 0, 0, 0
85101, 3239288, 0, 0, 0
85200, 2976643, 0, 0, 0
85301, 2887822, 0, 0, 0
85401, 2789410, 0, 0, 0
85502, 2710997, 0, 0, 0
85600, 2645730, 0, 0, 0
85700, 2964544, 0, 0, 0
85800, 2761134, 0, 0, 0
85904, 2669463, 0, 0, 0
86000, 3186975, 0, 0, 0
86101, 2735371, 0, 0, 0
86200, 2988590, 0, 0, 0
86300, 3112358, 0, 0, 0
86400, 2774797, 0, 0, 0
86500, 2866710, 0, 0, 0
86600, 2941505, 0, 0, 0
86700, 2941149, 0, 0, 0
86801, 2649894, 0, 0, 0
86901, 2847604, 0, 0, 0
87001, 2956240, 0, 0, 0
87100, 2589183, 0, 0, 0
87201, 2979510, 0, 0, 0
87300, 2661927, 0, 0, 0
87402, 2685014, 0, 0, 0
87500, 2961728, 0, 0, 0
87600, 2949737, 0, 0, 0
87703, 3100728, 0, 0, 0
87802, 2750411, 0, 0, 0
87900, 3258109, 0, 0, 0
88000, 2871538, 0, 0, 0
88100, 2753556, 0, 0, 0
88201, 3178751, 0, 0, 0
88302, 2713173, 0, 0, 0
88400, 2725430, 0, 0, 0
88502, 2667650, 0, 0, 0
88600, 2975505, 0, 0, 0
88700, 2769297, 0, 0, 0
88801, 2735390, 0, 0, 0
88900, 3404256, 0, 0, 0
89001, 2524239, 0, 0, 0
89101, 2769949, 0, 0, 0
89200, 3005479, 0, 0, 0
89302, 2822300, 0, 0, 0
89401, 2670364, 0, 0, 0
89502, 3065769, 0, 0, 0
89602, 2568270, 0, 0, 0
89700, 2709779, 0, 0, 0
89801, 2592202, 0, 0, 0
89900, 2821378, 0, 0, 0
90003, 3226708, 0, 0, 0
