250, 179200, 0, 0, 0
350, 182400, 0, 0, 0
450, 183040, 0, 0, 0
550, 186240, 0, 0, 0
650, 183040, 0, 0, 0
749, 186181, 0, 0, 0
849, 183680, 0, 0, 0
949, 185600, 0, 0, 0
1049, 181760, 0, 0, 0
1149, 181120, 0, 0, 0
1250, 184960, 0, 0, 0
1350, 185600, 0, 0, 0
1450, 190080, 0, 0, 0
1550, 186240, 0, 0, 0
1650, 188160, 0, 0, 0
1749, 179717, 0, 0, 0
1849, 184320, 0, 0, 0
1949, 181760, 0, 0, 0
2049, 185600, 0, 0, 0
2149, 179200, 0, 0, 0
2249, 188160, 0, 0, 0
2349, 182400, 0, 0, 0
2449, 181760, 0, 0, 0
2550, 180480, 0, 0, 0
2650, 183680, 0, 0, 0
2749, 181656, 0, 0, 0
2849, 185600, 0, 0, 0
2949, 187520, 0, 0, 0
3049, 185600, 0, 0, 0
3149, 183680, 0, 0, 0
3249, 167040, 0, 0, 0
3349, 183680, 0, 0, 0
3449, 184960, 0, 0, 0
3549, 184960, 0, 0, 0
3649, 182400, 0, 0, 0
3749, 183680, 0, 0, 0
3849, 184960, 0, 0, 0
3950, 183040, 0, 0, 0
4050, 180480, 0, 0, 0
4150, 183680, 0, 0, 0
4249, 184242, 0, 0, 0
4349, 184320, 0, 0, 0
4449, 184960, 0, 0, 0
4549, 183680, 0, 0, 0
4649, 183040, 0, 0, 0
4749, 185600, 0, 0, 0
4849, 182400, 0, 0, 0
4949, 179840, 0, 0, 0
5049, 182400, 0, 0, 0
5149, 186880, 0, 0, 0
5250, 182400, 0, 0, 0
5350, 179200, 0, 0, 0
5450, 181760, 0, 0, 0
5550, 179840, 0, 0, 0
5650, 179200, 0, 0, 0
5749, 181010, 0, 0, 0
5849, 179840, 0, 0, 0
5949, 183040, 0, 0, 0
6049, 183040, 0, 0, 0
6149, 171520, 0, 0, 0
6249, 181760, 0, 0, 0
6349, 180480, 0, 0, 0
6449, 179200, 0, 0, 0
6550, 181760, 0, 0, 0
6650, 183680, 0, 0, 0
6749, 182949, 0, 0, 0
6849, 185600, 0, 0, 0
6949, 185600, 0, 0, 0
7049, 184960, 0, 0, 0
7149, 184320, 0, 0, 0
7249, 179200, 0, 0, 0
7349, 181760, 0, 0, 0
7449, 185600, 0, 0, 0
7549, 183040, 0, 0, 0
7649, 182400, 0, 0, 0
7750, 180480, 0, 0, 0
7850, 181760, 0, 0, 0
7950, 185600, 0, 0, 0
8050, 185600, 0, 0, 0
8150, 183680, 0, 0, 0
8249, 181010, 0, 0, 0
8349, 180480, 0, 0, 0
8449, 178560, 0, 0, 0
8549, 184320, 0, 0, 0
8649, 181760, 0, 0, 0
8749, 171520, 0, 0, 0
8849, 184960, 0, 0, 0
8949, 183040, 0, 0, 0
9050, 174720, 0, 0, 0
9150, 178560, 0, 0, 0
9249, 185535, 0, 0, 0
9349, 181760, 0, 0, 0
9449, 174720, 0, 0, 0
9549, 184960, 0, 0, 0
9649, 183040, 0, 0, 0
9749, 172160, 0, 0, 0
9849, 183040, 0, 0, 0
9949, 179840, 0, 0, 0
10049, 182400, 0, 0, 0
10149, 182400, 0, 0, 0
10249, 179840, 0, 0, 0
10350, 182400, 0, 0, 0
10450, 184960, 0, 0, 0
10550, 183680, 0, 0, 0
10650, 183680, 0, 0, 0
10749, 177777, 0, 0, 0
10849, 184320, 0, 0, 0
10949, 180480, 0, 0, 0
11049, 176640, 0, 0, 0
11149, 186880, 0, 0, 0
11249, 184320, 0, 0, 0
11349, 184320, 0, 0, 0
11449, 179200, 0, 0, 0
11549, 177920, 0, 0, 0
11650, 183040, 0, 0, 0
11750, 184320, 0, 0, 0
11850, 179840, 0, 0, 0
11950, 183040, 0, 0, 0
12050, 185600, 0, 0, 0
12150, 186240, 0, 0, 0
12249, 178424, 0, 0, 0
12349, 179840, 0, 0, 0
12449, 182400, 0, 0, 0
12549, 181120, 0, 0, 0
12649, 182400, 0, 0, 0
12750, 188160, 0, 0, 0
12850, 183680, 0, 0, 0
12950, 180480, 0, 0, 0
13050, 181120, 0, 0, 0
13150, 183040, 0, 0, 0
13249, 184888, 0, 0, 0
13349, 184960, 0, 0, 0
13449, 184960, 0, 0, 0
13549, 185600, 0, 0, 0
13649, 184960, 0, 0, 0
13749, 188160, 0, 0, 0
13849, 183040, 0, 0, 0
13949, 182400, 0, 0, 0
14050, 181760, 0, 0, 0
14150, 184960, 0, 0, 0
14249, 184888, 0, 0, 0
14349, 188800, 0, 0, 0
14449, 179840, 0, 0, 0
14549, 181120, 0, 0, 0
14649, 181120, 0, 0, 0
14749, 176640, 0, 0, 0
14849, 181120, 0, 0, 0
14949, 184320, 0, 0, 0
15049, 181760, 0, 0, 0
15149, 177920, 0, 0, 0
15249, 184320, 0, 0, 0
15350, 183680, 0, 0, 0
15450, 185600, 0, 0, 0
15550, 183680, 0, 0, 0
15650, 183040, 0, 0, 0
15749, 181656, 0, 0, 0
15849, 184960, 0, 0, 0
15949, 185600, 0, 0, 0
16049, 185600, 0, 0, 0
16149, 183680, 0, 0, 0
16249, 183680, 0, 0, 0
16349, 180480, 0, 0, 0
16449, 181120, 0, 0, 0
16549, 170880, 0, 0, 0
16649, 184320, 0, 0, 0
16750, 183680, 0, 0, 0
16850, 182400, 0, 0, 0
16950, 183040, 0, 0, 0
17050, 186880, 0, 0, 0
17150, 187520, 0, 0, 0
17249, 182949, 0, 0, 0
17349, 186880, 0, 0, 0
17449, 183680, 0, 0, 0
17549, 179840, 0, 0, 0
17649, 182400, 0, 0, 0
17749, 188160, 0, 0, 0
17849, 184960, 0, 0, 0
17949, 185600, 0, 0, 0
18050, 188160, 0, 0, 0
18150, 188160, 0, 0, 0
18249, 181010, 0, 0, 0
18349, 185600, 0, 0, 0
18449, 183680, 0, 0, 0
18549, 181120, 0, 0, 0
18649, 181760, 0, 0, 0
18749, 176640, 0, 0, 0
18849, 184320, 0, 0, 0
18949, 185600, 0, 0, 0
19049, 177280, 0, 0, 0
19149, 184960, 0, 0, 0
19250, 183680, 0, 0, 0
19350, 186880, 0, 0, 0
19450, 186240, 0, 0, 0
19550, 186240, 0, 0, 0
19650, 188160, 0, 0, 0
19749, 184888, 0, 0, 0
19849, 185600, 0, 0, 0
19949, 184320, 0, 0, 0
20049, 186240, 0, 0, 0
20149, 183680, 0, 0, 0
20249, 174080, 0, 0, 0
20349, 181120, 0, 0, 0
20449, 184960, 0, 0, 0
20550, 180480, 0, 0, 0
20650, 181760, 0, 0, 0
20750, 182400, 0, 0, 0
20850, 177920, 0, 0, 0
20950, 184960, 0, 0, 0
21050, 181120, 0, 0, 0
21150, 180480, 0, 0, 0
21249, 179717, 0, 0, 0
21349, 182400, 0, 0, 0
21449, 185600, 0, 0, 0
21549, 181120, 0, 0, 0
21649, 173440, 0, 0, 0
21750, 180480, 0, 0, 0
21850, 184320, 0, 0, 0
21950, 185600, 0, 0, 0
22050, 187520, 0, 0, 0
22150, 185600, 0, 0, 0
22249, 188121, 0, 0, 0
22349, 184320, 0, 0, 0
22449, 188800, 0, 0, 0
22549, 186240, 0, 0, 0
22649, 181760, 0, 0, 0
22749, 183680, 0, 0, 0
22849, 189440, 0, 0, 0
22949, 183040, 0, 0, 0
23050, 186240, 0, 0, 0
23150, 183040, 0, 0, 0
23249, 187474, 0, 0, 0
23349, 174720, 0, 0, 0
23449, 183680, 0, 0, 0
23549, 185600, 0, 0, 0
23649, 182400, 0, 0, 0
23749, 176640, 0, 0, 0
23849, 177920, 0, 0, 0
23949, 185600, 0, 0, 0
24049, 185600, 0, 0, 0
24149, 187520, 0, 0, 0
24250, 184960, 0, 0, 0
24350, 184960, 0, 0, 0
24450, 186240, 0, 0, 0
24550, 187520, 0, 0, 0
24650, 172160, 0, 0, 0
24749, 171959, 0, 0, 0
24849, 184960, 0, 0, 0
24949, 180480, 0, 0, 0
25049, 179200, 0, 0, 0
25149, 181760, 0, 0, 0
25249, 181120, 0, 0, 0
25349, 185600, 0, 0, 0
25449, 186880, 0, 0, 0
25550, 180480, 0, 0, 0
25650, 186880, 0, 0, 0
25749, 186828, 0, 0, 0
25849, 186240, 0, 0, 0
25949, 188160, 0, 0, 0
26049, 185600, 0, 0, 0
26149, 185600, 0, 0, 0
26249, 185600, 0, 0, 0
26349, 181760, 0, 0, 0
26449, 181760, 0, 0, 0
26549, 179200, 0, 0, 0
26649, 186240, 0, 0, 0
26749, 186240, 0, 0, 0
26849, 183680, 0, 0, 0
26950, 183680, 0, 0, 0
27050, 186240, 0, 0, 0
27150, 181120, 0, 0, 0
27249, 182949, 0, 0, 0
27349, 180480, 0, 0, 0
27449, 183680, 0, 0, 0
27549, 183680, 0, 0, 0
27649, 186880, 0, 0, 0
27749, 187520, 0, 0, 0
27849, 185600, 0, 0, 0
27949, 185600, 0, 0, 0
28049, 184960, 0, 0, 0
28149, 189440, 0, 0, 0
28250, 184960, 0, 0, 0
28350, 188800, 0, 0, 0
28450, 186240, 0, 0, 0
28550, 176000, 0, 0, 0
28650, 184320, 0, 0, 0
28749, 186828, 0, 0, 0
28849, 186240, 0, 0, 0
28949, 181760, 0, 0, 0
29049, 184320, 0, 0, 0
29149, 177920, 0, 0, 0
29249, 183680, 0, 0, 0
29349, 190080, 0, 0, 0
29449, 188800, 0, 0, 0
29549, 186240, 0, 0, 0
29649, 184960, 0, 0, 0
29750, 173440, 0, 0, 0
29850, 186240, 0, 0, 0
29950, 183680, 0, 0, 0
30050, 182400, 0, 0, 0
30150, 184320, 0, 0, 0
30249, 179717, 0, 0, 0
30349, 174080, 0, 0, 0
30449, 185600, 0, 0, 0
30549, 180480, 0, 0, 0
30649, 174720, 0, 0, 0
30749, 183040, 0, 0, 0
30849, 183040, 0, 0, 0
30949, 180480, 0, 0, 0
31049, 177920, 0, 0, 0
31149, 183040, 0, 0, 0
31250, 183680, 0, 0, 0
31350, 183680, 0, 0, 0
31450, 184960, 0, 0, 0
31550, 183040, 0, 0, 0
31650, 185600, 0, 0, 0
31749, 182303, 0, 0, 0
31849, 180480, 0, 0, 0
31949, 176640, 0, 0, 0
32049, 183040, 0, 0, 0
32149, 180480, 0, 0, 0
32249, 182400, 0, 0, 0
32349, 183680, 0, 0, 0
32449, 186880, 0, 0, 0
32550, 184320, 0, 0, 0
32650, 186880, 0, 0, 0
32750, 181120, 0, 0, 0
32850, 184320, 0, 0, 0
32950, 181120, 0, 0, 0
33050, 186880, 0, 0, 0
33150, 182400, 0, 0, 0
33249, 175838, 0, 0, 0
33349, 181120, 0, 0, 0
33449, 183680, 0, 0, 0
33549, 185600, 0, 0, 0
33649, 177280, 0, 0, 0
33749, 183040, 0, 0, 0
33849, 181760, 0, 0, 0
33949, 186240, 0, 0, 0
34050, 181760, 0, 0, 0
34150, 184320, 0, 0, 0
34250, 181760, 0, 0, 0
34350, 183680, 0, 0, 0
34450, 183680, 0, 0, 0
34550, 186240, 0, 0, 0
34650, 185600, 0, 0, 0
34749, 184888, 0, 0, 0
34849, 185600, 0, 0, 0
34949, 185600, 0, 0, 0
35049, 188800, 0, 0, 0
35149, 188160, 0, 0, 0
35249, 187520, 0, 0, 0
35349, 168960, 0, 0, 0
35449, 186240, 0, 0, 0
35550, 182400, 0, 0, 0
35650, 184320, 0, 0, 0
35750, 186240, 0, 0, 0
35850, 181120, 0, 0, 0
35950, 181120, 0, 0, 0
36050, 182400, 0, 0, 0
36150, 186240, 0, 0, 0
36249, 179717, 0, 0, 0
36349, 184320, 0, 0, 0
36449, 184960, 0, 0, 0
36549, 182400, 0, 0, 0
36649, 184960, 0, 0, 0
36749, 186880, 0, 0, 0
36849, 179840, 0, 0, 0
36949, 183040, 0, 0, 0
37050, 179840, 0, 0, 0
37150, 186880, 0, 0, 0
37249, 190707, 0, 0, 0
37349, 183680, 0, 0, 0
37449, 184320, 0, 0, 0
37549, 186240, 0, 0, 0
37649, 179840, 0, 0, 0
37749, 181760, 0, 0, 0
37849, 186880, 0, 0, 0
37949, 185600, 0, 0, 0
38049, 179840, 0, 0, 0
38149, 183680, 0, 0, 0
38249, 174720, 0, 0, 0
38349, 182400, 0, 0, 0
38449, 181760, 0, 0, 0
38550, 188160, 0, 0, 0
38650, 183040, 0, 0, 0
38749, 181656, 0, 0, 0
38849, 183040, 0, 0, 0
38949, 181760, 0, 0, 0
39049, 187520, 0, 0, 0
39149, 174720, 0, 0, 0
39249, 171520, 0, 0, 0
39349, 178560, 0, 0, 0
39449, 184320, 0, 0, 0
39549, 184320, 0, 0, 0
39649, 178560, 0, 0, 0
39749, 180480, 0, 0, 0
39849, 183680, 0, 0, 0
39949, 180480, 0, 0, 0
40050, 186240, 0, 0, 0
40150, 186240, 0, 0, 0
40250, 186240, 0, 0, 0
40350, 183040, 0, 0, 0
40450, 187520, 0, 0, 0
40550, 186880, 0, 0, 0
40650, 185600, 0, 0, 0
40749, 184242, 0, 0, 0
40849, 185600, 0, 0, 0
40949, 190080, 0, 0, 0
41049, 186880, 0, 0, 0
41149, 182400, 0, 0, 0
41249, 184320, 0, 0, 0
41350, 184320, 0, 0, 0
41450, 186880, 0, 0, 0
41550, 187520, 0, 0, 0
41650, 190720, 0, 0, 0
41749, 188767, 0, 0, 0
41849, 178560, 0, 0, 0
41949, 169600, 0, 0, 0
42049, 186880, 0, 0, 0
42149, 184320, 0, 0, 0
42249, 188160, 0, 0, 0
42349, 188800, 0, 0, 0
42449, 188160, 0, 0, 0
42549, 181760, 0, 0, 0
42649, 185600, 0, 0, 0
42750, 184960, 0, 0, 0
42850, 183680, 0, 0, 0
42950, 181760, 0, 0, 0
43050, 184960, 0, 0, 0
43150, 188800, 0, 0, 0
43249, 186181, 0, 0, 0
43349, 185600, 0, 0, 0
43449, 185600, 0, 0, 0
43549, 187520, 0, 0, 0
43649, 174720, 0, 0, 0
43749, 184960, 0, 0, 0
43849, 180480, 0, 0, 0
43949, 182400, 0, 0, 0
44049, 183040, 0, 0, 0
44149, 183680, 0, 0, 0
44250, 183680, 0, 0, 0
44350, 186240, 0, 0, 0
44450, 185600, 0, 0, 0
44550, 183680, 0, 0, 0
44650, 186880, 0, 0, 0
44749, 178424, 0, 0, 0
44849, 184320, 0, 0, 0
44949, 181120, 0, 0, 0
45049, 184960, 0, 0, 0
45149, 183040, 0, 0, 0
45249, 187520, 0, 0, 0
45349, 184320, 0, 0, 0
45449, 183040, 0, 0, 0
45549, 183680, 0, 0, 0
45650, 186240, 0, 0, 0
45750, 183680, 0, 0, 0
45850, 186240, 0, 0, 0
45950, 183040, 0, 0, 0
46050, 181760, 0, 0, 0
46150, 180480, 0, 0, 0
46249, 179070, 0, 0, 0
46349, 183680, 0, 0, 0
46449, 184320, 0, 0, 0
46549, 184320, 0, 0, 0
46649, 184960, 0, 0, 0
46749, 186240, 0, 0, 0
46849, 186880, 0, 0, 0
46949, 188160, 0, 0, 0
47049, 187520, 0, 0, 0
47149, 182400, 0, 0, 0
47250, 183680, 0, 0, 0
47350, 177920, 0, 0, 0
47450, 179840, 0, 0, 0
47550, 189440, 0, 0, 0
47650, 184320, 0, 0, 0
47749, 190060, 0, 0, 0
47849, 186880, 0, 0, 0
47949, 188800, 0, 0, 0
48049, 186240, 0, 0, 0
48149, 184960, 0, 0, 0
48249, 183680, 0, 0, 0
48349, 183040, 0, 0, 0
48449, 190080, 0, 0, 0
48549, 189440, 0, 0, 0
48650, 186880, 0, 0, 0
48750, 188160, 0, 0, 0
48850, 184320, 0, 0, 0
48950, 188160, 0, 0, 0
49050, 186880, 0, 0, 0
49150, 188800, 0, 0, 0
49249, 186828, 0, 0, 0
49349, 181760, 0, 0, 0
49449, 185600, 0, 0, 0
49549, 186880, 0, 0, 0
49649, 184960, 0, 0, 0
49749, 187520, 0, 0, 0
49849, 184320, 0, 0, 0
49949, 181760, 0, 0, 0
50049, 186240, 0, 0, 0
50149, 174080, 0, 0, 0
50250, 184960, 0, 0, 0
50350, 190080, 0, 0, 0
50450, 185600, 0, 0, 0
50550, 184960, 0, 0, 0
50650, 184320, 0, 0, 0
50749, 190707, 0, 0, 0
50849, 189440, 0, 0, 0
50949, 186240, 0, 0, 0
51049, 184960, 0, 0, 0
51149, 186240, 0, 0, 0
51249, 186880, 0, 0, 0
51349, 187520, 0, 0, 0
51449, 189440, 0, 0, 0
51549, 181120, 0, 0, 0
51650, 183680, 0, 0, 0
51750, 181120, 0, 0, 0
51850, 183680, 0, 0, 0
51950, 184960, 0, 0, 0
52050, 181760, 0, 0, 0
52150, 188800, 0, 0, 0
52249, 186181, 0, 0, 0
52349, 188800, 0, 0, 0
52449, 186880, 0, 0, 0
52549, 184960, 0, 0, 0
52649, 184960, 0, 0, 0
52749, 188800, 0, 0, 0
52849, 184960, 0, 0, 0
52949, 187520, 0, 0, 0
53050, 186240, 0, 0, 0
53150, 184320, 0, 0, 0
53250, 180480, 0, 0, 0
53350, 185600, 0, 0, 0
53450, 188800, 0, 0, 0
53550, 189440, 0, 0, 0
53650, 186240, 0, 0, 0
53749, 184242, 0, 0, 0
53849, 182400, 0, 0, 0
53949, 180480, 0, 0, 0
54049, 185600, 0, 0, 0
54149, 190080, 0, 0, 0
54249, 183040, 0, 0, 0
54349, 175360, 0, 0, 0
54449, 190720, 0, 0, 0
54550, 186240, 0, 0, 0
54650, 192000, 0, 0, 0
54750, 186240, 0, 0, 0
54850, 184960, 0, 0, 0
54950, 182400, 0, 0, 0
55050, 183680, 0, 0, 0
55150, 190720, 0, 0, 0
55249, 188767, 0, 0, 0
55349, 181120, 0, 0, 0
55449, 186240, 0, 0, 0
55549, 190720, 0, 0, 0
55649, 186880, 0, 0, 0
55749, 192000, 0, 0, 0
55849, 186880, 0, 0, 0
55949, 190080, 0, 0, 0
56050, 190080, 0, 0, 0
56150, 192640, 0, 0, 0
56250, 184960, 0, 0, 0
56350, 181760, 0, 0, 0
56450, 190720, 0, 0, 0
56550, 187520, 0, 0, 0
56650, 179840, 0, 0, 0
56749, 186828, 0, 0, 0
56849, 186240, 0, 0, 0
56949, 181760, 0, 0, 0
57049, 186880, 0, 0, 0
57149, 184320, 0, 0, 0
57249, 177920, 0, 0, 0
57349, 184960, 0, 0, 0
57449, 186880, 0, 0, 0
57550, 182400, 0, 0, 0
57650, 183680, 0, 0, 0
57750, 184320, 0, 0, 0
57850, 189440, 0, 0, 0
57951, 184320, 0, 0, 0
58051, 184960, 0, 0, 0
58151, 181760, 0, 0, 0
58251, 184960, 0, 0, 0
58351, 185600, 0, 0, 0
58451, 183680, 0, 0, 0
58551, 187520, 0, 0, 0
58651, 184960, 0, 0, 0
58751, 183040, 0, 0, 0
58851, 184960, 0, 0, 0
58951, 186880, 0, 0, 0
59051, 186240, 0, 0, 0
59151, 178560, 0, 0, 0
59251, 186880, 0, 0, 0
59351, 183040, 0, 0, 0
59452, 180480, 0, 0, 0
59552, 186240, 0, 0, 0
59652, 180480, 0, 0, 0
59752, 186240, 0, 0, 0
59852, 181760, 0, 0, 0
59952, 183680, 0, 0, 0
