103, 20784, 1, 0, 0
201, 20847, 1, 0, 0
300, 21753, 1, 0, 0
400, 24352, 1, 0, 0
501, 20819, 1, 0, 0
600, 22884, 1, 0, 0
701, 21229, 1, 0, 0
800, 20064, 1, 0, 0
901, 19948, 1, 0, 0
1000, 24111, 1, 0, 0
1100, 20576, 1, 0, 0
1202, 23397, 1, 0, 0
1303, 23021, 1, 0, 0
1400, 20925, 1, 0, 0
1505, 19892, 1, 0, 0
1600, 22306, 1, 0, 0
1700, 22646, 1, 0, 0
1801, 20334, 1, 0, 0
1905, 18912, 1, 0, 0
2000, 22488, 1, 0, 0
2112, 19701, 1, 0, 0
2200, 17262, 1, 0, 0
2300, 19310, 1, 0, 0
2411, 21209, 1, 0, 0
2501, 20986, 1, 0, 0
2601, 25175, 1, 0, 0
2701, 29283, 1, 0, 0
2801, 27171, 1, 0, 0
2900, 21573, 1, 0, 0
3003, 22435, 1, 0, 0
3100, 21859, 1, 0, 0
3201, 22352, 1, 0, 0
3301, 21299, 1, 0, 0
3400, 20027, 1, 0, 0
3501, 20236, 1, 0, 0
3601, 22183, 1, 0, 0
3700, 23521, 1, 0, 0
3809, 23682, 1, 0, 0
3901, 22618, 1, 0, 0
4000, 20112, 1, 0, 0
4101, 37320, 1, 0, 0
4200, 20705, 1, 0, 0
4302, 23652, 1, 0, 0
4401, 24144, 1, 0, 0
4501, 20272, 1, 0, 0
4600, 21065, 1, 0, 0
4701, 23014, 1, 0, 0
4800, 20893, 1, 0, 0
4900, 24416, 1, 0, 0
5001, 19879, 1, 0, 0
5100, 18314, 1, 0, 0
5200, 21560, 1, 0, 0
5307, 22901, 1, 0, 0
5400, 19114, 1, 0, 0
5500, 19706, 1, 0, 0
5606, 23750, 1, 0, 0
5701, 19612, 1, 0, 0
5801, 20566, 1, 0, 0
5901, 22690, 1, 0, 0
6002, 23116, 1, 0, 0
6102, 21707, 1, 0, 0
6210, 19128, 1, 0, 0
6300, 20927, 1, 0, 0
6400, 19301, 1, 0, 0
6500, 22524, 1, 0, 0
6601, 24533, 1, 0, 0
6706, 18314, 1, 0, 0
6801, 25942, 1, 0, 0
6901, 21368, 1, 0, 0
7003, 23020, 1, 0, 0
7102, 21911, 1, 0, 0
7205, 20915, 1, 0, 0
7302, 22245, 1, 0, 0
7401, 20368, 1, 0, 0
7504, 20721, 1, 0, 0
7600, 24770, 1, 0, 0
7701, 23901, 1, 0, 0
7800, 22290, 1, 0, 0
7902, 20825, 1, 0, 0
8000, 21951, 1, 0, 0
8101, 20238, 1, 0, 0
8200, 22872, 1, 0, 0
8302, 21894, 1, 0, 0
8400, 20041, 1, 0, 0
8503, 21886, 1, 0, 0
8604, 21833, 1, 0, 0
8700, 21533, 1, 0, 0
8803, 25397, 1, 0, 0
8900, 19341, 1, 0, 0
9003, 20918, 1, 0, 0
9101, 19709, 1, 0, 0
9206, 16836, 1, 0, 0
9300, 17588, 1, 0, 0
9404, 18162, 1, 0, 0
9500, 19354, 1, 0, 0
9600, 16746, 1, 0, 0
9700, 19705, 1, 0, 0
9800, 16079, 1, 0, 0
9900, 20522, 1, 0, 0
10000, 24770, 1, 0, 0
10101, 35789, 1, 0, 0
10200, 17649, 1, 0, 0
10301, 18598, 1, 0, 0
10400, 17407, 1, 0, 0
10500, 16183, 1, 0, 0
10602, 17237, 1, 0, 0
10701, 18860, 1, 0, 0
10800, 17684, 1, 0, 0
10900, 17443, 1, 0, 0
11000, 19974, 1, 0, 0
11101, 18142, 1, 0, 0
11202, 20945, 1, 0, 0
11301, 20390, 1, 0, 0
11401, 16468, 1, 0, 0
11502, 16439, 1, 0, 0
11600, 16030, 1, 0, 0
11701, 19519, 1, 0, 0
11800, 17031, 1, 0, 0
11901, 15076, 1, 0, 0
12000, 17030, 1, 0, 0
12101, 19961, 1, 0, 0
12201, 18853, 1, 0, 0
12301, 18433, 1, 0, 0
12400, 18651, 1, 0, 0
12501, 19296, 1, 0, 0
12600, 18834, 1, 0, 0
12700, 17572, 1, 0, 0
12807, 20608, 1, 0, 0
12902, 20561, 1, 0, 0
13001, 18361, 1, 0, 0
13101, 19937, 1, 0, 0
13203, 17438, 1, 0, 0
13300, 16853, 1, 0, 0
13400, 16577, 1, 0, 0
13500, 18338, 1, 0, 0
13600, 18798, 1, 0, 0
13707, 20667, 1, 0, 0
13801, 34545, 1, 0, 0
13901, 34843, 1, 0, 0
14000, 34714, 1, 0, 0
14102, 40481, 1, 0, 0
14200, 55802, 1, 0, 0
14300, 35976, 1, 0, 0
14400, 28314, 1, 0, 0
14504, 26942, 1, 0, 0
14601, 28749, 1, 0, 0
14702, 31686, 1, 0, 0
14802, 27708, 1, 0, 0
14939, 24590, 1, 0, 0
15000, 28411, 1, 0, 0
15100, 30463, 1, 0, 0
15202, 28240, 1, 0, 0
15302, 18532, 1, 0, 0
15401, 17380, 1, 0, 0
15500, 17589, 1, 0, 0
15600, 18145, 1, 0, 0
15700, 18333, 1, 0, 0
15801, 17434, 1, 0, 0
15901, 17269, 1, 0, 0
16003, 19223, 1, 0, 0
16100, 25047, 1, 0, 0
16202, 19718, 1, 0, 0
16300, 21781, 1, 0, 0
16400, 21628, 1, 0, 0
16500, 19996, 1, 0, 0
16611, 19115, 1, 0, 0
16700, 20041, 1, 0, 0
16801, 17072, 1, 0, 0
16900, 19696, 1, 0, 0
17002, 19017, 1, 0, 0
17101, 18965, 1, 0, 0
17200, 19359, 1, 0, 0
17300, 20826, 1, 0, 0
17403, 21549, 1, 0, 0
17500, 21724, 1, 0, 0
17601, 21603, 1, 0, 0
17701, 20272, 1, 0, 0
17800, 26076, 1, 0, 0
17900, 31580, 1, 0, 0
18001, 17948, 1, 0, 0
18100, 16674, 1, 0, 0
18207, 18725, 1, 0, 0
18300, 28564, 1, 0, 0
18400, 30414, 1, 0, 0
18501, 21836, 1, 0, 0
18605, 20210, 1, 0, 0
18701, 20240, 1, 0, 0
18800, 17887, 1, 0, 0
18901, 17827, 1, 0, 0
19001, 21478, 1, 0, 0
19101, 22412, 1, 0, 0
19200, 24239, 1, 0, 0
19300, 22140, 1, 0, 0
19405, 17572, 1, 0, 0
19500, 22571, 1, 0, 0
19600, 22146, 1, 0, 0
19705, 24229, 1, 0, 0
19802, 19825, 1, 0, 0
19900, 18362, 1, 0, 0
20002, 22817, 1, 0, 0
20100, 25326, 1, 0, 0
20204, 25326, 1, 0, 0
20301, 22745, 1, 0, 0
20400, 24535, 1, 0, 0
20501, 24206, 1, 0, 0
20600, 24714, 1, 0, 0
20707, 21617, 1, 0, 0
20801, 26155, 1, 0, 0
20900, 22655, 1, 0, 0
21000, 25688, 1, 0, 0
21100, 25202, 1, 0, 0
21203, 17139, 1, 0, 0
21300, 24113, 1, 0, 0
21400, 20373, 1, 0, 0
21502, 28339, 1, 0, 0
21600, 17011, 1, 0, 0
21701, 22334, 1, 0, 0
21801, 19879, 1, 0, 0
21900, 25284, 1, 0, 0
22000, 19175, 1, 0, 0
22100, 24373, 1, 0, 0
22200, 22564, 1, 0, 0
22300, 17849, 1, 0, 0
22400, 19395, 1, 0, 0
22500, 20288, 1, 0, 0
22600, 17335, 1, 0, 0
22701, 19295, 1, 0, 0
22800, 18354, 1, 0, 0
22900, 19757, 1, 0, 0
23001, 21082, 1, 0, 0
23102, 18777, 1, 0, 0
23201, 22908, 1, 0, 0
23300, 20064, 1, 0, 0
23400, 23995, 1, 0, 0
23500, 17273, 1, 0, 0
23600, 19038, 1, 0, 0
23700, 19944, 1, 0, 0
23800, 20208, 1, 0, 0
23907, 17701, 1, 0, 0
24003, 18428, 1, 0, 0
24100, 17763, 1, 0, 0
24201, 19812, 1, 0, 0
24300, 17500, 1, 0, 0
24400, 15979, 1, 0, 0
24500, 16663, 1, 0, 0
24601, 17276, 1, 0, 0
24700, 18079, 1, 0, 0
24800, 17238, 1, 0, 0
24900, 17335, 1, 0, 0
25001, 17217, 1, 0, 0
25100, 19349, 1, 0, 0
25201, 20485, 1, 0, 0
25300, 18231, 1, 0, 0
25401, 16408, 1, 0, 0
25502, 18822, 1, 0, 0
25600, 15411, 1, 0, 0
25700, 19323, 1, 0, 0
25800, 16211, 1, 0, 0
25901, 17853, 1, 0, 0
26002, 16178, 1, 0, 0
26101, 21643, 1, 0, 0
26213, 22220, 1, 0, 0
26301, 17181, 1, 0, 0
26402, 23218, 1, 0, 0
26502, 21994, 1, 0, 0
26601, 16882, 1, 0, 0
26700, 19726, 1, 0, 0
26801, 27529, 1, 0, 0
26902, 49213, 1, 0, 0
27002, 34224, 1, 0, 0
27101, 46189, 1, 0, 0
27201, 36202, 1, 0, 0
27306, 43897, 1, 0, 0
27407, 37196, 1, 0, 0
27504, 39360, 1, 0, 0
27600, 44008, 1, 0, 0
27703, 36888, 1, 0, 0
27800, 38451, 1, 0, 0
27901, 35349, 1, 0, 0
28002, 37710, 1, 0, 0
28102, 51137, 1, 0, 0
28200, 48903, 1, 0, 0
28301, 45923, 1, 0, 0
28403, 52000, 1, 0, 0
28505, 49195, 1, 0, 0
28603, 59896, 1, 0, 0
28701, 59471, 1, 0, 0
28801, 47178, 1, 0, 0
28900, 36198, 1, 0, 0
29001, 36406, 1, 0, 0
29100, 29679, 1, 0, 0
29200, 46459, 1, 0, 0
29302, 53717, 1, 0, 0
29400, 42257, 1, 0, 0
29500, 46871, 1, 0, 0
29602, 45315, 1, 0, 0
29701, 58382, 1, 0, 0
29800, 37828, 1, 0, 0
29901, 52690, 1, 0, 0
30001, 41473, 1, 0, 0
30100, 41073, 1, 0, 0
30200, 42162, 1, 0, 0
30302, 41767, 1, 0, 0
30409, 50756, 1, 0, 0
30500, 36586, 1, 0, 0
30601, 32348, 1, 0, 0
30700, 35700, 1, 0, 0
30802, 45518, 1, 0, 0
30901, 32002, 1, 0, 0
31000, 36984, 1, 0, 0
31101, 33945, 1, 0, 0
31200, 42616, 1, 0, 0
31303, 48325, 1, 0, 0
31402, 30009, 1, 0, 0
31506, 36472, 1, 0, 0
31600, 31270, 1, 0, 0
31701, 42957, 1, 0, 0
31800, 27091, 1, 0, 0
31901, 28897, 1, 0, 0
32000, 29578, 1, 0, 0
32101, 31186, 1, 0, 0
32203, 33348, 1, 0, 0
32306, 21575, 1, 0, 0
32400, 22593, 1, 0, 0
32500, 20494, 1, 0, 0
32600, 14781, 1, 0, 0
32700, 18570, 1, 0, 0
32800, 17295, 1, 0, 0
32903, 16582, 1, 0, 0
33003, 17164, 1, 0, 0
33103, 17287, 1, 0, 0
33200, 17708, 1, 0, 0
33300, 19163, 1, 0, 0
33400, 20911, 1, 0, 0
33500, 18971, 1, 0, 0
33601, 17729, 1, 0, 0
33702, 16845, 1, 0, 0
33801, 19870, 1, 0, 0
33900, 23896, 1, 0, 0
34002, 20605, 1, 0, 0
34100, 18677, 1, 0, 0
34203, 19033, 1, 0, 0
34300, 16682, 1, 0, 0
34411, 18806, 1, 0, 0
34502, 21466, 1, 0, 0
34601, 19667, 1, 0, 0
34701, 16924, 1, 0, 0
34800, 18255, 1, 0, 0
34900, 23267, 1, 0, 0
35002, 21238, 1, 0, 0
35109, 17787, 1, 0, 0
35212, 18683, 1, 0, 0
35300, 18151, 1, 0, 0
35402, 19699, 1, 0, 0
35501, 23293, 1, 0, 0
35600, 18960, 1, 0, 0
35700, 15930, 1, 0, 0
35805, 18354, 1, 0, 0
35901, 16030, 1, 0, 0
36005, 19747, 1, 0, 0
36103, 17181, 1, 0, 0
36201, 16162, 1, 0, 0
36301, 17046, 1, 0, 0
36400, 18453, 1, 0, 0
36500, 18889, 1, 0, 0
36605, 21694, 1, 0, 0
36701, 22056, 1, 0, 0
36800, 21801, 1, 0, 0
36902, 18437, 1, 0, 0
37000, 18335, 1, 0, 0
37101, 19452, 1, 0, 0
37200, 16134, 1, 0, 0
37302, 17602, 1, 0, 0
37400, 17587, 1, 0, 0
37500, 19589, 1, 0, 0
37600, 18026, 1, 0, 0
37701, 18080, 1, 0, 0
37800, 18100, 1, 0, 0
37903, 17401, 1, 0, 0
38000, 19754, 1, 0, 0
38100, 26448, 1, 0, 0
38200, 22263, 1, 0, 0
38300, 26297, 1, 0, 0
38401, 23573, 1, 0, 0
38500, 22513, 1, 0, 0
38602, 24467, 1, 0, 0
38700, 18373, 1, 0, 0
38800, 16072, 1, 0, 0
38902, 18386, 1, 0, 0
39001, 20506, 1, 0, 0
39103, 19467, 1, 0, 0
39200, 18674, 1, 0, 0
39302, 21076, 1, 0, 0
39400, 18856, 1, 0, 0
39501, 23422, 1, 0, 0
39602, 17534, 1, 0, 0
39704, 18342, 1, 0, 0
39800, 17657, 1, 0, 0
39900, 19716, 1, 0, 0
40000, 25950, 1, 0, 0
40100, 17631, 1, 0, 0
40200, 20336, 1, 0, 0
40301, 23815, 1, 0, 0
40401, 28705, 1, 0, 0
40501, 21916, 1, 0, 0
40601, 26064, 1, 0, 0
40703, 21955, 1, 0, 0
40800, 22800, 1, 0, 0
40902, 23850, 1, 0, 0
41005, 22913, 1, 0, 0
41108, 23682, 1, 0, 0
41202, 24251, 1, 0, 0
41300, 21815, 1, 0, 0
41401, 17956, 1, 0, 0
41500, 22314, 1, 0, 0
41601, 21222, 1, 0, 0
41700, 19527, 1, 0, 0
41801, 21899, 1, 0, 0
41900, 20098, 1, 0, 0
42006, 21132, 1, 0, 0
42106, 20483, 1, 0, 0
42200, 21208, 1, 0, 0
42301, 18877, 1, 0, 0
42401, 17074, 1, 0, 0
42501, 22803, 1, 0, 0
42602, 27336, 1, 0, 0
42701, 22067, 1, 0, 0
42804, 23343, 1, 0, 0
42906, 22651, 1, 0, 0
43001, 23604, 1, 0, 0
43105, 20989, 1, 0, 0
43200, 23973, 1, 0, 0
43300, 20343, 1, 0, 0
43412, 21413, 1, 0, 0
43502, 22450, 1, 0, 0
43602, 21907, 1, 0, 0
43702, 23349, 1, 0, 0
43800, 16920, 1, 0, 0
43901, 19704, 1, 0, 0
44000, 22067, 1, 0, 0
44101, 20646, 1, 0, 0
44200, 30753, 1, 0, 0
44300, 20551, 1, 0, 0
44402, 20358, 1, 0, 0
44500, 22301, 1, 0, 0
44601, 28711, 1, 0, 0
44700, 20858, 1, 0, 0
44801, 21833, 1, 0, 0
44901, 20361, 1, 0, 0
45001, 17623, 1, 0, 0
45101, 22847, 1, 0, 0
45200, 21005, 1, 0, 0
45300, 17388, 1, 0, 0
45400, 19108, 1, 0, 0
45502, 21724, 1, 0, 0
45600, 20645, 1, 0, 0
45701, 18658, 1, 0, 0
45802, 23077, 1, 0, 0
45900, 20687, 1, 0, 0
46000, 20938, 1, 0, 0
46100, 22999, 1, 0, 0
46201, 22665, 1, 0, 0
46305, 25282, 1, 0, 0
46400, 22285, 1, 0, 0
46500, 17127, 1, 0, 0
46602, 18580, 1, 0, 0
46701, 20423, 1, 0, 0
46803, 21618, 1, 0, 0
46900, 20293, 1, 0, 0
47000, 20851, 1, 0, 0
47100, 20326, 1, 0, 0
47200, 19146, 1, 0, 0
47302, 21883, 1, 0, 0
47400, 18543, 1, 0, 0
47500, 18086, 1, 0, 0
47600, 19343, 1, 0, 0
47702, 20519, 1, 0, 0
47800, 19465, 1, 0, 0
47901, 22684, 1, 0, 0
48002, 18885, 1, 0, 0
48100, 16739, 1, 0, 0
48201, 22347, 1, 0, 0
48300, 17190, 1, 0, 0
48400, 21526, 1, 0, 0
48502, 20561, 1, 0, 0
48608, 21359, 1, 0, 0
48700, 25373, 1, 0, 0
48801, 32008, 1, 0, 0
48900, 26778, 1, 0, 0
49002, 18386, 1, 0, 0
49100, 20010, 1, 0, 0
49201, 20265, 1, 0, 0
49300, 20943, 1, 0, 0
49400, 23269, 1, 0, 0
49501, 23989, 1, 0, 0
49606, 18933, 1, 0, 0
49700, 17676, 1, 0, 0
49800, 17826, 1, 0, 0
49905, 20583, 1, 0, 0
50003, 22093, 1, 0, 0
50103, 21126, 1, 0, 0
50201, 19184, 1, 0, 0
50300, 16808, 1, 0, 0
50403, 20456, 1, 0, 0
50500, 19659, 1, 0, 0
50601, 17434, 1, 0, 0
50706, 16659, 1, 0, 0
50808, 21131, 1, 0, 0
50902, 17066, 1, 0, 0
51000, 16531, 1, 0, 0
51102, 23666, 1, 0, 0
51200, 28460, 1, 0, 0
51308, 22776, 1, 0, 0
51400, 26146, 1, 0, 0
51500, 23817, 1, 0, 0
51601, 18353, 1, 0, 0
51700, 18141, 1, 0, 0
51800, 20412, 1, 0, 0
51900, 22851, 1, 0, 0
52000, 16244, 1, 0, 0
52101, 15391, 1, 0, 0
52200, 23787, 1, 0, 0
52300, 25426, 1, 0, 0
52401, 20280, 1, 0, 0
52500, 17281, 1, 0, 0
52603, 19100, 1, 0, 0
52701, 19691, 1, 0, 0
52802, 16130, 1, 0, 0
52900, 19821, 1, 0, 0
53002, 19635, 1, 0, 0
53102, 21265, 1, 0, 0
53201, 21639, 1, 0, 0
53300, 24247, 1, 0, 0
53400, 20939, 1, 0, 0
53501, 18842, 1, 0, 0
53600, 18287, 1, 0, 0
53702, 19993, 1, 0, 0
53802, 19177, 1, 0, 0
53901, 20754, 1, 0, 0
54002, 19455, 1, 0, 0
54100, 21929, 1, 0, 0
54201, 21643, 1, 0, 0
54300, 22914, 1, 0, 0
54401, 19698, 1, 0, 0
54500, 23676, 1, 0, 0
54601, 20720, 1, 0, 0
54702, 19831, 1, 0, 0
54802, 17404, 1, 0, 0
54903, 18081, 1, 0, 0
55001, 20564, 1, 0, 0
55100, 17383, 1, 0, 0
55201, 19335, 1, 0, 0
55306, 19453, 1, 0, 0
55404, 16128, 1, 0, 0
55501, 18232, 1, 0, 0
55600, 17456, 1, 0, 0
55704, 20892, 1, 0, 0
55802, 21420, 1, 0, 0
55900, 18533, 1, 0, 0
56000, 25174, 1, 0, 0
56100, 17427, 1, 0, 0
56203, 18409, 1, 0, 0
56300, 31006, 1, 0, 0
56401, 24963, 1, 0, 0
56500, 34188, 1, 0, 0
56600, 20273, 1, 0, 0
56702, 23010, 1, 0, 0
56801, 29845, 1, 0, 0
56901, 26041, 1, 0, 0
57016, 19889, 1, 0, 0
57102, 19110, 1, 0, 0
57203, 28610, 1, 0, 0
57300, 20029, 1, 0, 0
57400, 31010, 1, 0, 0
57500, 37565, 1, 0, 0
57602, 24273, 1, 0, 0
57700, 24126, 1, 0, 0
57801, 49196, 1, 0, 0
57900, 20043, 1, 0, 0
58000, 20898, 1, 0, 0
58100, 18033, 1, 0, 0
58200, 20585, 1, 0, 0
58300, 18120, 1, 0, 0
58406, 24091, 1, 0, 0
58500, 24084, 1, 0, 0
58604, 22954, 1, 0, 0
58701, 17934, 1, 0, 0
58802, 18374, 1, 0, 0
58903, 17254, 1, 0, 0
59004, 19673, 1, 0, 0
59102, 20459, 1, 0, 0
59201, 23231, 1, 0, 0
59300, 19055, 1, 0, 0
59400, 19669, 1, 0, 0
59501, 20109, 1, 0, 0
59601, 21621, 1, 0, 0
59703, 21734, 1, 0, 0
59803, 19691, 1, 0, 0
59903, 21347, 1, 0, 0
60004, 21858, 1, 0, 0
