100, 4639789, 0, 0, 0
200, 11119704, 0, 0, 0
300, 6728754, 0, 0, 0
400, 5523060, 0, 0, 0
500, 4898658, 0, 0, 0
601, 4399852, 0, 0, 0
700, 8801620, 0, 0, 0
800, 11583919, 0, 0, 0
900, 4236348, 0, 0, 0
1000, 4170448, 0, 0, 0
1100, 5257210, 0, 0, 0
1200, 7028364, 0, 0, 0
1300, 4778853, 0, 0, 0
1400, 5223195, 0, 0, 0
1500, 17052641, 0, 0, 0
1600, 6506278, 0, 0, 0
1700, 4644871, 0, 0, 0
1800, 4733022, 0, 0, 0
1900, 4494937, 0, 0, 0
2000, 7538354, 0, 0, 0
2100, 4598300, 0, 0, 0
2200, 6244479, 0, 0, 0
2300, 6494385, 0, 0, 0
2400, 5438929, 0, 0, 0
2500, 6308528, 0, 0, 0
2600, 6109144, 0, 0, 0
2700, 4858393, 0, 0, 0
2800, 4542098, 0, 0, 0
2901, 6173714, 0, 0, 0
3000, 6601595, 0, 0, 0
3100, 4300076, 0, 0, 0
3201, 7105044, 0, 0, 0
3300, 5579030, 0, 0, 0
3400, 5354860, 0, 0, 0
3500, 4522098, 0, 0, 0
3600, 4702940, 0, 0, 0
3700, 4563707, 0, 0, 0
3800, 4673267, 0, 0, 0
3900, 4399170, 0, 0, 0
4000, 4890286, 0, 0, 0
4100, 4598516, 0, 0, 0
4200, 4676224, 0, 0, 0
4300, 4786224, 0, 0, 0
4400, 4435852, 0, 0, 0
4500, 6139896, 0, 0, 0
4600, 4621697, 0, 0, 0
4700, 6658127, 0, 0, 0
4800, 4872261, 0, 0, 0
4900, 6967278, 0, 0, 0
5000, 8074735, 0, 0, 0
5101, 6334306, 0, 0, 0
5200, 7017996, 0, 0, 0
5300, 4226121, 0, 0, 0
5400, 4410423, 0, 0, 0
5504, 6953673, 0, 0, 0
5600, 11004911, 0, 0, 0
5700, 4095143, 0, 0, 0
5801, 6325201, 0, 0, 0
5900, 5882898, 0, 0, 0
6000, 5075384, 0, 0, 0
6100, 4219262, 0, 0, 0
6200, 4192170, 0, 0, 0
6300, 4688204, 0, 0, 0
6400, 5059845, 0, 0, 0
6500, 4951899, 0, 0, 0
6600, 4403118, 0, 0, 0
6700, 4361883, 0, 0, 0
6800, 9393729, 0, 0, 0
6900, 5938552, 0, 0, 0
7000, 5034477, 0, 0, 0
7100, 4755017, 0, 0, 0
7200, 4892716, 0, 0, 0
7300, 5117230, 0, 0, 0
7400, 4991123, 0, 0, 0
7500, 4979182, 0, 0, 0
7600, 5144172, 0, 0, 0
7705, 7931503, 0, 0, 0
7800, 8246586, 0, 0, 0
7900, 7975020, 0, 0, 0
8000, 4567138, 0, 0, 0
8100, 6206801, 0, 0, 0
8200, 4855429, 0, 0, 0
8300, 4980253, 0, 0, 0
8401, 4708078, 0, 0, 0
8501, 6805867, 0, 0, 0
8600, 5737051, 0, 0, 0
8700, 6873572, 0, 0, 0
8800, 4596919, 0, 0, 0
8900, 4437657, 0, 0, 0
9003, 4272638, 0, 0, 0
9100, 7331578, 0, 0, 0
9200, 7795198, 0, 0, 0
9300, 4756704, 0, 0, 0
9400, 5029050, 0, 0, 0
9500, 7193534, 0, 0, 0
9600, 5944438, 0, 0, 0
9703, 5577613, 0, 0, 0
9800, 4663008, 0, 0, 0
9900, 4326830, 0, 0, 0
10000, 4230774, 0, 0, 0
10100, 6875098, 0, 0, 0
10200, 9020124, 0, 0, 0
10300, 5192097, 0, 0, 0
10401, 9418433, 0, 0, 0
10500, 7686066, 0, 0, 0
10600, 9130936, 0, 0, 0
10700, 6173392, 0, 0, 0
10800, 6812558, 0, 0, 0
10900, 4978033, 0, 0, 0
11000, 4258766, 0, 0, 0
11100, 5075192, 0, 0, 0
11201, 8342106, 0, 0, 0
11300, 6196271, 0, 0, 0
11400, 9912312, 0, 0, 0
11500, 4017430, 0, 0, 0
11600, 5497819, 0, 0, 0
11700, 4393196, 0, 0, 0
11800, 5345139, 0, 0, 0
11900, 4975555, 0, 0, 0
12000, 4866199, 0, 0, 0
12100, 4965440, 0, 0, 0
12200, 7825457, 0, 0, 0
12300, 5960037, 0, 0, 0
12400, 4917834, 0, 0, 0
12500, 4946370, 0, 0, 0
12600, 4268990, 0, 0, 0
12700, 5198196, 0, 0, 0
12800, 8601608, 0, 0, 0
12900, 5847900, 0, 0, 0
13000, 5996906, 0, 0, 0
13100, 4211252, 0, 0, 0
13200, 5232555, 0, 0, 0
13300, 4608824, 0, 0, 0
13400, 4225542, 0, 0, 0
13500, 4225715, 0, 0, 0
13600, 4325357, 0, 0, 0
13700, 4536172, 0, 0, 0
13800, 4588312, 0, 0, 0
13903, 5010608, 0, 0, 0
14000, 7488342, 0, 0, 0
14100, 4636562, 0, 0, 0
14200, 4810110, 0, 0, 0
14300, 5230391, 0, 0, 0
14400, 6043601, 0, 0, 0
14500, 4539446, 0, 0, 0
14600, 4406814, 0, 0, 0
14700, 4332389, 0, 0, 0
14800, 6244748, 0, 0, 0
14900, 5051133, 0, 0, 0
15000, 4805290, 0, 0, 0
15100, 4601923, 0, 0, 0
15200, 6660925, 0, 0, 0
15300, 4127283, 0, 0, 0
15400, 4698568, 0, 0, 0
15500, 4109311, 0, 0, 0
15600, 4786372, 0, 0, 0
15701, 8281842, 0, 0, 0
15800, 6896004, 0, 0, 0
15900, 4142295, 0, 0, 0
16000, 5286748, 0, 0, 0
16100, 5165541, 0, 0, 0
16201, 5050899, 0, 0, 0
16300, 6760734, 0, 0, 0
16400, 5178469, 0, 0, 0
16500, 4195823, 0, 0, 0
16601, 11201578, 0, 0, 0
16703, 5881600, 0, 0, 0
16800, 4916967, 0, 0, 0
16900, 4417135, 0, 0, 0
17000, 6314715, 0, 0, 0
17100, 4472097, 0, 0, 0
17200, 3881188, 0, 0, 0
17300, 4890224, 0, 0, 0
17400, 4512099, 0, 0, 0
17500, 4973059, 0, 0, 0
17600, 5592171, 0, 0, 0
17700, 4853609, 0, 0, 0
17800, 7388312, 0, 0, 0
17901, 5017429, 0, 0, 0
18000, 4210923, 0, 0, 0
18100, 6123660, 0, 0, 0
18200, 4550241, 0, 0, 0
18300, 5728958, 0, 0, 0
18400, 5177847, 0, 0, 0
18500, 6182598, 0, 0, 0
18600, 10475211, 0, 0, 0
18700, 6911191, 0, 0, 0
18800, 4226981, 0, 0, 0
18900, 4380736, 0, 0, 0
19001, 4748430, 0, 0, 0
19100, 4772415, 0, 0, 0
19200, 5671861, 0, 0, 0
19300, 4378745, 0, 0, 0
19400, 5748632, 0, 0, 0
19500, 4420590, 0, 0, 0
19600, 4682665, 0, 0, 0
19700, 5216867, 0, 0, 0
19838, 5860865, 0, 0, 0
19900, 6834286, 0, 0, 0
20000, 4219167, 0, 0, 0
20100, 5034884, 0, 0, 0
20203, 8317527, 0, 0, 0
20300, 7609666, 0, 0, 0
20400, 4803105, 0, 0, 0
20502, 5978944, 0, 0, 0
20600, 5998924, 0, 0, 0
20700, 7006178, 0, 0, 0
20800, 5033252, 0, 0, 0
20900, 4387302, 0, 0, 0
21000, 6043386, 0, 0, 0
21100, 5536366, 0, 0, 0
21200, 4233195, 0, 0, 0
21300, 3924039, 0, 0, 0
21401, 9474085, 0, 0, 0
21500, 4526846, 0, 0, 0
21600, 4542288, 0, 0, 0
21700, 8581150, 0, 0, 0
21800, 4899080, 0, 0, 0
21901, 5636168, 0, 0, 0
22000, 5713458, 0, 0, 0
22100, 6214096, 0, 0, 0
22200, 6606772, 0, 0, 0
22300, 12017663, 0, 0, 0
22400, 5771255, 0, 0, 0
22500, 4018288, 0, 0, 0
22600, 4335175, 0, 0, 0
22701, 4612699, 0, 0, 0
22801, 5827360, 0, 0, 0
22901, 5530208, 0, 0, 0
23000, 5347648, 0, 0, 0
23100, 4690735, 0, 0, 0
23200, 4989230, 0, 0, 0
23300, 7661581, 0, 0, 0
23400, 4476134, 0, 0, 0
23500, 4495198, 0, 0, 0
23600, 6163400, 0, 0, 0
23700, 4267792, 0, 0, 0
23801, 5144083, 0, 0, 0
23901, 6251222, 0, 0, 0
24000, 7571754, 0, 0, 0
24100, 4884709, 0, 0, 0
24200, 5107998, 0, 0, 0
24300, 5976323, 0, 0, 0
24400, 4588041, 0, 0, 0
24500, 4211743, 0, 0, 0
24601, 7045462, 0, 0, 0
24700, 4714487, 0, 0, 0
24800, 4427053, 0, 0, 0
24900, 5741716, 0, 0, 0
25000, 5570294, 0, 0, 0
25100, 5013172, 0, 0, 0
25200, 4608648, 0, 0, 0
25300, 4247956, 0, 0, 0
25400, 6648972, 0, 0, 0
25500, 4749453, 0, 0, 0
25600, 4623300, 0, 0, 0
25700, 8128781, 0, 0, 0
25800, 4192977, 0, 0, 0
25900, 5610397, 0, 0, 0
26000, 4365172, 0, 0, 0
26100, 6347126, 0, 0, 0
26200, 4506627, 0, 0, 0
26300, 7326928, 0, 0, 0
26400, 4847219, 0, 0, 0
26500, 4255358, 0, 0, 0
26600, 4327711, 0, 0, 0
26700, 4377055, 0, 0, 0
26801, 5284456, 0, 0, 0
26901, 6459354, 0, 0, 0
27000, 6744140, 0, 0, 0
27101, 10001423, 0, 0, 0
27200, 6339679, 0, 0, 0
27300, 4697885, 0, 0, 0
27401, 9493476, 0, 0, 0
27500, 4163656, 0, 0, 0
27600, 4806855, 0, 0, 0
27700, 5045335, 0, 0, 0
27800, 9160572, 0, 0, 0
27901, 4729694, 0, 0, 0
28000, 17192961, 0, 0, 0
28101, 6217477, 0, 0, 0
28200, 6933452, 0, 0, 0
28300, 6824174, 0, 0, 0
28400, 5874760, 0, 0, 0
28500, 5825320, 0, 0, 0
28600, 10404030, 0, 0, 0
28700, 4970739, 0, 0, 0
28800, 4884374, 0, 0, 0
28900, 5439118, 0, 0, 0
29000, 4243126, 0, 0, 0
29100, 4797636, 0, 0, 0
29200, 5388159, 0, 0, 0
29300, 9054069, 0, 0, 0
29400, 5391906, 0, 0, 0
29500, 4508726, 0, 0, 0
29600, 5734500, 0, 0, 0
29700, 5172698, 0, 0, 0
29800, 4971537, 0, 0, 0
29900, 4443765, 0, 0, 0
30000, 4504633, 0, 0, 0
30100, 4773011, 0, 0, 0
30200, 5158703, 0, 0, 0
30300, 7845817, 0, 0, 0
30400, 4581702, 0, 0, 0
30500, 4581768, 0, 0, 0
30600, 4239655, 0, 0, 0
30700, 3928912, 0, 0, 0
30801, 5377367, 0, 0, 0
30900, 6724597, 0, 0, 0
31000, 4516171, 0, 0, 0
31100, 4894020, 0, 0, 0
31200, 5605800, 0, 0, 0
31301, 6367487, 0, 0, 0
31400, 7036566, 0, 0, 0
31500, 4700780, 0, 0, 0
31602, 6131030, 0, 0, 0
31700, 5801327, 0, 0, 0
31800, 4725578, 0, 0, 0
31900, 5738340, 0, 0, 0
32000, 5138753, 0, 0, 0
32100, 5227236, 0, 0, 0
32200, 4607678, 0, 0, 0
32300, 6182294, 0, 0, 0
32402, 5705924, 0, 0, 0
32500, 6817394, 0, 0, 0
32600, 4663353, 0, 0, 0
32700, 5126615, 0, 0, 0
32800, 4884805, 0, 0, 0
32900, 6202284, 0, 0, 0
33000, 4339604, 0, 0, 0
33100, 4450525, 0, 0, 0
33200, 4124308, 0, 0, 0
33300, 4198505, 0, 0, 0
33400, 5069546, 0, 0, 0
33500, 4704746, 0, 0, 0
33600, 5374425, 0, 0, 0
33700, 8092706, 0, 0, 0
33800, 5230050, 0, 0, 0
33900, 3780880, 0, 0, 0
34000, 5594342, 0, 0, 0
34100, 4284422, 0, 0, 0
34201, 7030163, 0, 0, 0
34300, 7696445, 0, 0, 0
34400, 5057744, 0, 0, 0
34500, 3967879, 0, 0, 0
34600, 4339748, 0, 0, 0
34700, 4181700, 0, 0, 0
34800, 4223307, 0, 0, 0
34900, 4770296, 0, 0, 0
35002, 7347143, 0, 0, 0
35100, 5123655, 0, 0, 0
35201, 4811911, 0, 0, 0
35300, 7792470, 0, 0, 0
35400, 5030336, 0, 0, 0
35500, 6220879, 0, 0, 0
35600, 6207645, 0, 0, 0
35700, 4333604, 0, 0, 0
35805, 4421240, 0, 0, 0
35900, 5332368, 0, 0, 0
36002, 7388437, 0, 0, 0
36100, 6416105, 0, 0, 0
36200, 4094335, 0, 0, 0
36300, 5347177, 0, 0, 0
36400, 4387454, 0, 0, 0
36500, 5034458, 0, 0, 0
36600, 5545292, 0, 0, 0
36700, 4261192, 0, 0, 0
36800, 5984647, 0, 0, 0
36900, 5420634, 0, 0, 0
37000, 4240852, 0, 0, 0
37100, 4542283, 0, 0, 0
37200, 4708166, 0, 0, 0
37300, 5380667, 0, 0, 0
37400, 6428172, 0, 0, 0
37500, 4870986, 0, 0, 0
37600, 4160832, 0, 0, 0
37700, 4789810, 0, 0, 0
37800, 4731014, 0, 0, 0
37900, 4991842, 0, 0, 0
38000, 4448081, 0, 0, 0
38101, 5134883, 0, 0, 0
38200, 4752948, 0, 0, 0
38302, 8916374, 0, 0, 0
38400, 5597985, 0, 0, 0
38500, 4671543, 0, 0, 0
38600, 4423747, 0, 0, 0
38700, 4289857, 0, 0, 0
38800, 5550000, 0, 0, 0
38900, 6557476, 0, 0, 0
39000, 5392759, 0, 0, 0
39100, 4308192, 0, 0, 0
39200, 4197234, 0, 0, 0
39300, 5883100, 0, 0, 0
39400, 4160122, 0, 0, 0
39500, 4346348, 0, 0, 0
39600, 4005500, 0, 0, 0
39700, 6947559, 0, 0, 0
39800, 4588038, 0, 0, 0
39900, 6551359, 0, 0, 0
40000, 6877638, 0, 0, 0
40100, 7578800, 0, 0, 0
40202, 12378811, 0, 0, 0
40300, 6875508, 0, 0, 0
40401, 6056815, 0, 0, 0
40500, 5939601, 0, 0, 0
40600, 7946219, 0, 0, 0
40702, 6205742, 0, 0, 0
40800, 9492144, 0, 0, 0
40900, 6254366, 0, 0, 0
41000, 3966646, 0, 0, 0
41100, 4495606, 0, 0, 0
41200, 7939099, 0, 0, 0
41300, 6409604, 0, 0, 0
41400, 4833950, 0, 0, 0
41500, 4007280, 0, 0, 0
41600, 4733957, 0, 0, 0
41700, 4252212, 0, 0, 0
41800, 4492238, 0, 0, 0
41900, 5478644, 0, 0, 0
42000, 7056433, 0, 0, 0
42100, 7980007, 0, 0, 0
42200, 4573745, 0, 0, 0
42300, 5756725, 0, 0, 0
42400, 5206727, 0, 0, 0
42500, 4936420, 0, 0, 0
42600, 5508579, 0, 0, 0
42700, 5130670, 0, 0, 0
42800, 5057825, 0, 0, 0
42900, 5405991, 0, 0, 0
43000, 4411075, 0, 0, 0
43100, 5717653, 0, 0, 0
43200, 6868119, 0, 0, 0
43300, 4254410, 0, 0, 0
43400, 6395673, 0, 0, 0
43500, 4198834, 0, 0, 0
43600, 4315622, 0, 0, 0
43700, 4268597, 0, 0, 0
43800, 4697485, 0, 0, 0
43902, 4288959, 0, 0, 0
44000, 4968477, 0, 0, 0
44100, 4338591, 0, 0, 0
44201, 5998339, 0, 0, 0
44300, 4975347, 0, 0, 0
44400, 4438771, 0, 0, 0
44501, 5142171, 0, 0, 0
44600, 8444245, 0, 0, 0
44706, 4654928, 0, 0, 0
44800, 12529447, 0, 0, 0
44900, 6136911, 0, 0, 0
45000, 7137453, 0, 0, 0
45100, 5290742, 0, 0, 0
45200, 4356895, 0, 0, 0
45300, 4267425, 0, 0, 0
45400, 4800006, 0, 0, 0
45500, 4609092, 0, 0, 0
45601, 4654432, 0, 0, 0
45700, 4957630, 0, 0, 0
45800, 6095985, 0, 0, 0
45900, 7696666, 0, 0, 0
46000, 5551774, 0, 0, 0
46100, 6113286, 0, 0, 0
46205, 6065003, 0, 0, 0
46300, 4627034, 0, 0, 0
46400, 4775300, 0, 0, 0
46500, 9006137, 0, 0, 0
46603, 7151621, 0, 0, 0
46700, 7351084, 0, 0, 0
46800, 4762224, 0, 0, 0
46900, 4888265, 0, 0, 0
47000, 5805388, 0, 0, 0
47100, 4612293, 0, 0, 0
47200, 4395920, 0, 0, 0
47300, 4613010, 0, 0, 0
47400, 7179901, 0, 0, 0
47500, 4633920, 0, 0, 0
47600, 4611515, 0, 0, 0
47700, 4584999, 0, 0, 0
47800, 5206332, 0, 0, 0
47900, 8457150, 0, 0, 0
48000, 4746558, 0, 0, 0
48101, 4762917, 0, 0, 0
48200, 7869483, 0, 0, 0
48300, 4975256, 0, 0, 0
48401, 4351175, 0, 0, 0
48500, 5691488, 0, 0, 0
48601, 9031055, 0, 0, 0
48700, 6977179, 0, 0, 0
48800, 4496570, 0, 0, 0
48900, 4945837, 0, 0, 0
49000, 5051261, 0, 0, 0
49100, 4061261, 0, 0, 0
49200, 6633274, 0, 0, 0
49302, 5214834, 0, 0, 0
49400, 7317739, 0, 0, 0
49500, 4919692, 0, 0, 0
49600, 5198820, 0, 0, 0
49700, 5691254, 0, 0, 0
49800, 7600814, 0, 0, 0
49900, 4497672, 0, 0, 0
50000, 6131024, 0, 0, 0
50100, 5427309, 0, 0, 0
50200, 6394490, 0, 0, 0
50300, 5958867, 0, 0, 0
50400, 4316193, 0, 0, 0
50500, 4499047, 0, 0, 0
50600, 4029683, 0, 0, 0
50700, 4361676, 0, 0, 0
50800, 4501664, 0, 0, 0
50900, 5218051, 0, 0, 0
51000, 8099346, 0, 0, 0
51100, 4747527, 0, 0, 0
51200, 5926820, 0, 0, 0
51300, 4429240, 0, 0, 0
51401, 4224068, 0, 0, 0
51500, 7894564, 0, 0, 0
51600, 4803368, 0, 0, 0
51700, 4232295, 0, 0, 0
51800, 5237992, 0, 0, 0
51900, 7733859, 0, 0, 0
52000, 7733610, 0, 0, 0
52100, 5638589, 0, 0, 0
52200, 7076101, 0, 0, 0
52300, 4870345, 0, 0, 0
52400, 5719307, 0, 0, 0
52500, 4445471, 0, 0, 0
52600, 5789625, 0, 0, 0
52700, 5014634, 0, 0, 0
52800, 4066496, 0, 0, 0
52900, 4324423, 0, 0, 0
53000, 4598321, 0, 0, 0
53100, 4772990, 0, 0, 0
53200, 5859752, 0, 0, 0
53300, 4644761, 0, 0, 0
53400, 4132326, 0, 0, 0
53500, 4793399, 0, 0, 0
53600, 4277321, 0, 0, 0
53700, 4408906, 0, 0, 0
53800, 4670992, 0, 0, 0
53900, 4831701, 0, 0, 0
54000, 4732369, 0, 0, 0
54100, 4588992, 0, 0, 0
54200, 5570504, 0, 0, 0
54300, 7123337, 0, 0, 0
54400, 7151681, 0, 0, 0
54500, 4925402, 0, 0, 0
54600, 4485681, 0, 0, 0
54700, 4200263, 0, 0, 0
54800, 5172214, 0, 0, 0
54900, 4167410, 0, 0, 0
55001, 5549822, 0, 0, 0
55100, 5477297, 0, 0, 0
55200, 7196814, 0, 0, 0
55300, 4632915, 0, 0, 0
55400, 5376825, 0, 0, 0
55500, 6840657, 0, 0, 0
55600, 4443098, 0, 0, 0
55700, 3996981, 0, 0, 0
55800, 4739242, 0, 0, 0
55900, 6281818, 0, 0, 0
56000, 4486190, 0, 0, 0
56100, 4943042, 0, 0, 0
56200, 4353016, 0, 0, 0
56300, 4825497, 0, 0, 0
56400, 5338454, 0, 0, 0
56500, 7240510, 0, 0, 0
56605, 4699424, 0, 0, 0
56700, 4999355, 0, 0, 0
56800, 5526231, 0, 0, 0
56900, 5066614, 0, 0, 0
57000, 4251198, 0, 0, 0
57100, 4593048, 0, 0, 0
57200, 3624510, 0, 0, 0
57300, 3689368, 0, 0, 0
57457, 4414908, 0, 0, 0
57641, 82475719, 0, 0, 0
57700, 18421283, 0, 0, 0
57919, 5312034, 0, 0, 0
58000, 32878516, 0, 0, 0
58104, 6147702, 0, 0, 0
58309, 40850136, 0, 0, 0
58400, 24542661, 0, 0, 0
58535, 11948965, 0, 0, 0
58600, 7614001, 0, 0, 0
58700, 4178706, 0, 0, 0
58868, 17218945, 0, 0, 0
58900, 18780173, 0, 0, 0
59171, 15304999, 0, 0, 0
59200, 31604915, 0, 0, 0
59383, 8414297, 0, 0, 0
59400, 38066646, 0, 0, 0
59584, 6440849, 0, 0, 0
59650, 152386694, 0, 0, 0
59720, 19587597, 0, 0, 0
59896, 16271866, 0, 0, 0
59908, 146943869, 0, 0, 0
60000, 25960429, 0, 0, 0
60005, 7217323, 0, 0, 0
