108, 1200865, 1, 0, 0
200, 2548402, 1, 0, 0
426, 8054302, 1, 0, 0
501, 2213304, 1, 0, 0
601, 1688320, 1, 0, 0
701, 1917142, 1, 0, 0
800, 1832441, 1, 0, 0
900, 1564445, 1, 0, 0
1000, 1530033, 1, 0, 0
1100, 1570917, 1, 0, 0
1200, 1554257, 1, 0, 0
1300, 1874566, 1, 0, 0
1401, 1603387, 1, 0, 0
1501, 1466391, 1, 0, 0
1601, 1749911, 1, 0, 0
1701, 1614495, 1, 0, 0
1800, 1762008, 1, 0, 0
1900, 1665516, 1, 0, 0
2001, 1655918, 1, 0, 0
2100, 1704296, 1, 0, 0
2206, 3532385, 1, 0, 0
2301, 1797553, 1, 0, 0
2401, 1869809, 1, 0, 0
2500, 1545043, 1, 0, 0
2600, 1455405, 1, 0, 0
2700, 1838714, 1, 0, 0
2800, 1715424, 1, 0, 0
2901, 1511587, 1, 0, 0
3000, 1893292, 1, 0, 0
3136, 11370923, 1, 0, 0
3200, 1471816, 1, 0, 0
3586, 5294070, 1, 0, 0
3600, 1541623, 1, 0, 0
3719, 4763087, 1, 0, 0
3827, 107839466, 1, 0, 0
3927, 14314138, 1, 0, 0
4001, 1445206, 1, 0, 0
4157, 2259594, 1, 0, 0
4283, 15743069, 1, 0, 0
4334, 50970826, 1, 0, 0
4400, 2254893, 1, 0, 0
4500, 1640578, 1, 0, 0
4600, 1590452, 1, 0, 0
4701, 1461071, 1, 0, 0
4809, 3250150, 1, 0, 0
4900, 1712794, 1, 0, 0
5104, 4003257, 1, 0, 0
5201, 1558025, 1, 0, 0
5322, 4667259, 1, 0, 0
5421, 2403330, 1, 0, 0
5597, 7673940, 1, 0, 0
5600, 1277699, 1, 0, 0
5700, 1426329, 1, 0, 0
5800, 1731190, 1, 0, 0
5900, 1500201, 1, 0, 0
6000, 1353752, 1, 0, 0
6101, 1374877, 1, 0, 0
6200, 1595289, 1, 0, 0
6300, 1665035, 1, 0, 0
6400, 1617191, 1, 0, 0
6500, 1804164, 1, 0, 0
6601, 1741931, 1, 0, 0
6700, 1808665, 1, 0, 0
6800, 1627946, 1, 0, 0
6900, 1664291, 1, 0, 0
7000, 1688718, 1, 0, 0
7100, 1701604, 1, 0, 0
7310, 8059222, 1, 0, 0
7467, 157398871, 1, 0, 0
7500, 33040285, 1, 0, 0
7601, 1566628, 1, 0, 0
7836, 3794239, 1, 0, 0
7900, 1457692, 1, 0, 0
8001, 1495439, 1, 0, 0
8154, 4488450, 1, 0, 0
8203, 9912953, 1, 0, 0
8422, 5209566, 1, 0, 0
8500, 1418479, 1, 0, 0
8601, 1335033, 1, 0, 0
8786, 4223188, 1, 0, 0
8800, 1746002, 1, 0, 0
8900, 1485346, 1, 0, 0
9001, 1674927, 1, 0, 0
9100, 1644184, 1, 0, 0
9200, 1791967, 1, 0, 0
9300, 1888299, 1, 0, 0
9400, 1648028, 1, 0, 0
9500, 1517320, 1, 0, 0
9601, 1503213, 1, 0, 0
9709, 1662423, 1, 0, 0
9800, 1571464, 1, 0, 0
9900, 1547483, 1, 0, 0
10001, 1491796, 1, 0, 0
10100, 1558672, 1, 0, 0
10200, 1336064, 1, 0, 0
10341, 3122720, 1, 0, 0
10400, 1520168, 1, 0, 0
10500, 1606650, 1, 0, 0
10601, 1798143, 1, 0, 0
10700, 1708988, 1, 0, 0
10801, 1596740, 1, 0, 0
10901, 1611801, 1, 0, 0
11000, 1461130, 1, 0, 0
11101, 1699115, 1, 0, 0
11200, 1578824, 1, 0, 0
11301, 1536908, 1, 0, 0
11401, 1728301, 1, 0, 0
11500, 1622618, 1, 0, 0
11600, 1558279, 1, 0, 0
11700, 1695571, 1, 0, 0
11800, 1742510, 1, 0, 0
11901, 1578681, 1, 0, 0
12000, 1537329, 1, 0, 0
12101, 1609689, 1, 0, 0
12259, 3417613, 1, 0, 0
12300, 1657584, 1, 0, 0
12400, 1716886, 1, 0, 0
12501, 2143599, 1, 0, 0
12600, 1625062, 1, 0, 0
12700, 1606003, 1, 0, 0
12801, 1574803, 1, 0, 0
12900, 1530859, 1, 0, 0
13001, 1793221, 1, 0, 0
13283, 4866027, 1, 0, 0
13317, 33875093, 1, 0, 0
13400, 1418189, 1, 0, 0
13500, 1584531, 1, 0, 0
13602, 1564692, 1, 0, 0
13701, 1528012, 1, 0, 0
13802, 1793059, 1, 0, 0
13900, 1895214, 1, 0, 0
14001, 1644918, 1, 0, 0
14101, 1884481, 1, 0, 0
14201, 1604533, 1, 0, 0
14301, 1583214, 1, 0, 0
14402, 1907916, 1, 0, 0
14546, 8007813, 1, 0, 0
14601, 1717638, 1, 0, 0
14700, 1408055, 1, 0, 0
14801, 1602063, 1, 0, 0
14900, 1649212, 1, 0, 0
15000, 1718127, 1, 0, 0
15100, 1610708, 1, 0, 0
15200, 1825817, 1, 0, 0
15300, 1581049, 1, 0, 0
15400, 1554654, 1, 0, 0
15502, 1894168, 1, 0, 0
15600, 1733702, 1, 0, 0
15700, 1475544, 1, 0, 0
15800, 1776646, 1, 0, 0
15901, 1738284, 1, 0, 0
16000, 1653708, 1, 0, 0
16101, 1474270, 1, 0, 0
16201, 1636089, 1, 0, 0
16300, 1519796, 1, 0, 0
16401, 1471388, 1, 0, 0
16501, 1533355, 1, 0, 0
16600, 1725150, 1, 0, 0
16700, 1560916, 1, 0, 0
16813, 1855154, 1, 0, 0
16900, 1473162, 1, 0, 0
17001, 1432562, 1, 0, 0
17101, 1532570, 1, 0, 0
17201, 1823324, 1, 0, 0
17300, 1798160, 1, 0, 0
17401, 1674815, 1, 0, 0
17500, 1704587, 1, 0, 0
17601, 1832392, 1, 0, 0
17700, 1542524, 1, 0, 0
17801, 1378746, 1, 0, 0
17900, 1780736, 1, 0, 0
18001, 1615419, 1, 0, 0
18101, 1585164, 1, 0, 0
18318, 10873255, 1, 0, 0
18474, 7060249, 1, 0, 0
18501, 1497407, 1, 0, 0
18600, 1808321, 1, 0, 0
18700, 1532947, 1, 0, 0
18800, 1509886, 1, 0, 0
18901, 1968332, 1, 0, 0
19000, 1528332, 1, 0, 0
19100, 1561770, 1, 0, 0
19208, 1926587, 1, 0, 0
19300, 2965877, 1, 0, 0
19405, 1859915, 1, 0, 0
19611, 4218041, 1, 0, 0
19818, 3226364, 1, 0, 0
19900, 2052761, 1, 0, 0
20000, 1464096, 1, 0, 0
20236, 11803331, 1, 0, 0
20300, 1865726, 1, 0, 0
20400, 1831190, 1, 0, 0
20501, 2443426, 1, 0, 0
20600, 1554221, 1, 0, 0
20701, 1566052, 1, 0, 0
20800, 1373944, 1, 0, 0
20900, 1581439, 1, 0, 0
21001, 1481724, 1, 0, 0
21100, 1762332, 1, 0, 0
21200, 2052278, 1, 0, 0
21300, 1677897, 1, 0, 0
21400, 1480755, 1, 0, 0
21501, 1761040, 1, 0, 0
21605, 1969637, 1, 0, 0
21700, 1658071, 1, 0, 0
21801, 1543650, 1, 0, 0
21901, 1427445, 1, 0, 0
22001, 1729250, 1, 0, 0
22100, 1512228, 1, 0, 0
22200, 1491859, 1, 0, 0
22301, 1395039, 1, 0, 0
22402, 1749076, 1, 0, 0
22502, 1836264, 1, 0, 0
22600, 2010753, 1, 0, 0
22700, 1639420, 1, 0, 0
22800, 1620891, 1, 0, 0
22902, 1788279, 1, 0, 0
23000, 1196449, 1, 0, 0
23100, 1643923, 1, 0, 0
23341, 4149596, 1, 0, 0
23400, 1940705, 1, 0, 0
23500, 1357401, 1, 0, 0
23637, 2729584, 1, 0, 0
23701, 1767324, 1, 0, 0
23800, 1552463, 1, 0, 0
23900, 1712714, 1, 0, 0
24000, 1368372, 1, 0, 0
24101, 1526352, 1, 0, 0
24341, 13340946, 1, 0, 0
24400, 1178055, 1, 0, 0
24643, 4766713, 1, 0, 0
24700, 1186989, 1, 0, 0
24800, 1362242, 1, 0, 0
24910, 15692523, 1, 0, 0
25001, 1423604, 1, 0, 0
25101, 1815799, 1, 0, 0
25200, 1573524, 1, 0, 0
25301, 1648316, 1, 0, 0
25400, 1769088, 1, 0, 0
25501, 1647828, 1, 0, 0
25601, 1688658, 1, 0, 0
25701, 1587660, 1, 0, 0
25801, 1609180, 1, 0, 0
25900, 1774008, 1, 0, 0
26000, 1659451, 1, 0, 0
26100, 1716392, 1, 0, 0
26200, 1537070, 1, 0, 0
26300, 1541574, 1, 0, 0
26401, 1802799, 1, 0, 0
26501, 1771405, 1, 0, 0
26600, 2017732, 1, 0, 0
26700, 2048563, 1, 0, 0
26801, 2047783, 1, 0, 0
26900, 2243805, 1, 0, 0
27000, 2125307, 1, 0, 0
27100, 1670095, 1, 0, 0
27202, 1475291, 1, 0, 0
27300, 1582307, 1, 0, 0
27401, 1833559, 1, 0, 0
27500, 1233452, 1, 0, 0
27602, 1617251, 1, 0, 0
27701, 1560634, 1, 0, 0
27800, 1701017, 1, 0, 0
27900, 1543739, 1, 0, 0
28000, 1639724, 1, 0, 0
28100, 1552213, 1, 0, 0
28205, 1660690, 1, 0, 0
28300, 1439649, 1, 0, 0
28401, 1655968, 1, 0, 0
28500, 1946237, 1, 0, 0
28600, 1751057, 1, 0, 0
28701, 1568026, 1, 0, 0
28801, 1630780, 1, 0, 0
28900, 1568106, 1, 0, 0
29001, 1868613, 1, 0, 0
29100, 1532314, 1, 0, 0
29288, 4467361, 1, 0, 0
29389, 14389167, 1, 0, 0
29405, 2023708, 1, 0, 0
29500, 1507024, 1, 0, 0
29601, 14363214, 1, 0, 0
29700, 2919650, 1, 0, 0
29800, 2313299, 1, 0, 0
29900, 1665258, 1, 0, 0
30000, 1488485, 1, 0, 0
30101, 1628516, 1, 0, 0
30200, 1617018, 1, 0, 0
30300, 1458227, 1, 0, 0
30401, 1490672, 1, 0, 0
30500, 1358823, 1, 0, 0
30601, 2291625, 1, 0, 0
30701, 1719351, 1, 0, 0
30801, 1607441, 1, 0, 0
30900, 1485685, 1, 0, 0
31000, 1514988, 1, 0, 0
31100, 1662359, 1, 0, 0
31201, 1569355, 1, 0, 0
31300, 1590272, 1, 0, 0
31401, 2143030, 1, 0, 0
31501, 1749735, 1, 0, 0
31602, 1876008, 1, 0, 0
31700, 1725305, 1, 0, 0
31804, 2159763, 1, 0, 0
31901, 1604524, 1, 0, 0
32000, 1543215, 1, 0, 0
32100, 1490532, 1, 0, 0
32200, 1402184, 1, 0, 0
32300, 1547198, 1, 0, 0
32401, 1620393, 1, 0, 0
32500, 1947744, 1, 0, 0
32601, 1894573, 1, 0, 0
32700, 1471295, 1, 0, 0
32801, 1555374, 1, 0, 0
32900, 1821533, 1, 0, 0
33000, 1702674, 1, 0, 0
33101, 1767168, 1, 0, 0
33200, 1730433, 1, 0, 0
33301, 1602176, 1, 0, 0
33400, 1543403, 1, 0, 0
33500, 1714045, 1, 0, 0
33601, 1348755, 1, 0, 0
33700, 1647438, 1, 0, 0
33800, 1686425, 1, 0, 0
34081, 5026576, 1, 0, 0
34100, 1718176, 1, 0, 0
34201, 1338860, 1, 0, 0
34694, 61709837, 1, 0, 0
34779, 21003991, 1, 0, 0
34894, 7715615, 1, 0, 0
34900, 1000119, 1, 0, 0
35005, 1811040, 1, 0, 0
35100, 1101150, 1, 0, 0
35200, 1168297, 1, 0, 0
35446, 12940137, 1, 0, 0
35543, 48692163, 1, 0, 0
35600, 1452846, 1, 0, 0
35700, 1135982, 1, 0, 0
35800, 994947, 1, 0, 0
36020, 7610428, 1, 0, 0
36101, 1541513, 1, 0, 0
36200, 1552101, 1, 0, 0
36308, 1423705, 1, 0, 0
36401, 1752213, 1, 0, 0
36533, 11934615, 1, 0, 0
36601, 1613673, 1, 0, 0
36700, 1595134, 1, 0, 0
36800, 1518078, 1, 0, 0
36900, 1578198, 1, 0, 0
37001, 1738811, 1, 0, 0
37101, 1589456, 1, 0, 0
37200, 1565363, 1, 0, 0
37300, 1519897, 1, 0, 0
37400, 2109739, 1, 0, 0
37500, 1542794, 1, 0, 0
37600, 1753666, 1, 0, 0
37700, 1840509, 1, 0, 0
37801, 1634290, 1, 0, 0
37900, 1587171, 1, 0, 0
38000, 1727360, 1, 0, 0
38101, 1791924, 1, 0, 0
38200, 1905876, 1, 0, 0
38301, 2011127, 1, 0, 0
38400, 1914674, 1, 0, 0
38501, 1611463, 1, 0, 0
38600, 1901966, 1, 0, 0
38712, 3744056, 1, 0, 0
38801, 1843437, 1, 0, 0
38970, 3132902, 1, 0, 0
39157, 186898750, 1, 0, 0
39200, 1375957, 1, 0, 0
39537, 10558640, 1, 0, 0
39601, 1932213, 1, 0, 0
39700, 1591644, 1, 0, 0
39800, 1386424, 1, 0, 0
39900, 1265355, 1, 0, 0
40031, 2178928, 1, 0, 0
40101, 1876944, 1, 0, 0
40200, 1910032, 1, 0, 0
40337, 4866132, 1, 0, 0
40401, 1784324, 1, 0, 0
40500, 1896327, 1, 0, 0
40600, 1546265, 1, 0, 0
40700, 1805309, 1, 0, 0
40801, 1548992, 1, 0, 0
40900, 1624968, 1, 0, 0
41000, 1850055, 1, 0, 0
41100, 1718936, 1, 0, 0
41201, 1680050, 1, 0, 0
41302, 1742543, 1, 0, 0
41400, 1724611, 1, 0, 0
41501, 1520004, 1, 0, 0
41600, 1623965, 1, 0, 0
41701, 1545452, 1, 0, 0
41801, 1509787, 1, 0, 0
41900, 1402281, 1, 0, 0
42000, 1380618, 1, 0, 0
42100, 1336846, 1, 0, 0
42200, 1581684, 1, 0, 0
42300, 1868883, 1, 0, 0
42400, 1515901, 1, 0, 0
42667, 10279545, 1, 0, 0
42700, 1515935, 1, 0, 0
42800, 1574143, 1, 0, 0
42900, 1216627, 1, 0, 0
43151, 2824518, 1, 0, 0
43200, 2099151, 1, 0, 0
43300, 1935596, 1, 0, 0
43400, 2249678, 1, 0, 0
43500, 1899160, 1, 0, 0
43600, 1603566, 1, 0, 0
43737, 34126024, 1, 0, 0
43824, 87937510, 1, 0, 0
43956, 7709349, 1, 0, 0
44000, 2465463, 1, 0, 0
44135, 2695363, 1, 0, 0
44200, 1859662, 1, 0, 0
44300, 1849038, 1, 0, 0
44400, 1482943, 1, 0, 0
44500, 1352989, 1, 0, 0
44600, 1467066, 1, 0, 0
44701, 1732089, 1, 0, 0
44801, 1589835, 1, 0, 0
44900, 1837883, 1, 0, 0
45001, 1786724, 1, 0, 0
45101, 1517357, 1, 0, 0
45201, 1892218, 1, 0, 0
45300, 1862099, 1, 0, 0
45400, 1612487, 1, 0, 0
45500, 1506128, 1, 0, 0
45600, 1337646, 1, 0, 0
45700, 1525282, 1, 0, 0
45800, 1520216, 1, 0, 0
45900, 1749243, 1, 0, 0
46000, 1579589, 1, 0, 0
46100, 1454939, 1, 0, 0
46200, 1677824, 1, 0, 0
46300, 1365873, 1, 0, 0
46400, 1701274, 1, 0, 0
46501, 1599946, 1, 0, 0
46600, 1648601, 1, 0, 0
46700, 1641693, 1, 0, 0
46802, 2163130, 1, 0, 0
46901, 1755534, 1, 0, 0
47000, 1576877, 1, 0, 0
47101, 1697941, 1, 0, 0
47200, 1529886, 1, 0, 0
47300, 1512839, 1, 0, 0
47538, 4392678, 1, 0, 0
47600, 1164400, 1, 0, 0
47775, 3817827, 1, 0, 0
47801, 1420705, 1, 0, 0
47950, 3243336, 1, 0, 0
48000, 1516100, 1, 0, 0
48100, 1416197, 1, 0, 0
48201, 1464998, 1, 0, 0
48300, 1496361, 1, 0, 0
48401, 1807326, 1, 0, 0
48500, 3939789, 1, 0, 0
48601, 1621983, 1, 0, 0
48700, 1713205, 1, 0, 0
48801, 1897301, 1, 0, 0
48903, 1795058, 1, 0, 0
49000, 1645040, 1, 0, 0
49100, 1420833, 1, 0, 0
49201, 1759920, 1, 0, 0
49300, 1439302, 1, 0, 0
49400, 1601514, 1, 0, 0
49500, 1937385, 1, 0, 0
49601, 1637792, 1, 0, 0
49700, 1834274, 1, 0, 0
49800, 1701550, 1, 0, 0
49900, 1576967, 1, 0, 0
50001, 1704392, 1, 0, 0
50100, 1416877, 1, 0, 0
50200, 1584273, 1, 0, 0
50301, 1633987, 1, 0, 0
50400, 1607496, 1, 0, 0
50501, 1740820, 1, 0, 0
50600, 1429794, 1, 0, 0
50700, 1668499, 1, 0, 0
50800, 1430429, 1, 0, 0
50900, 1505456, 1, 0, 0
51000, 1826887, 1, 0, 0
51100, 1799553, 1, 0, 0
51200, 1619384, 1, 0, 0
51300, 1655060, 1, 0, 0
51400, 1525113, 1, 0, 0
51500, 1649024, 1, 0, 0
51601, 1601476, 1, 0, 0
51703, 1731254, 1, 0, 0
51800, 1610181, 1, 0, 0
51901, 1660846, 1, 0, 0
52001, 1778781, 1, 0, 0
52100, 2053376, 1, 0, 0
52201, 1508911, 1, 0, 0
52300, 1800544, 1, 0, 0
52400, 1514538, 1, 0, 0
52501, 1925107, 1, 0, 0
52601, 2002719, 1, 0, 0
52700, 1761591, 1, 0, 0
52800, 1312660, 1, 0, 0
52901, 1553010, 1, 0, 0
53000, 1646671, 1, 0, 0
53101, 1911504, 1, 0, 0
53200, 1790281, 1, 0, 0
53301, 1731713, 1, 0, 0
53400, 1744666, 1, 0, 0
53500, 1804270, 1, 0, 0
53601, 1535408, 1, 0, 0
53701, 1482680, 1, 0, 0
53800, 1602256, 1, 0, 0
53900, 1559264, 1, 0, 0
54001, 1600494, 1, 0, 0
54100, 1944000, 1, 0, 0
54200, 1636387, 1, 0, 0
54301, 1648995, 1, 0, 0
54400, 1564735, 1, 0, 0
54500, 1961743, 1, 0, 0
54601, 1891109, 1, 0, 0
54700, 1555175, 1, 0, 0
54800, 1359945, 1, 0, 0
54901, 1632760, 1, 0, 0
55001, 1746158, 1, 0, 0
55100, 1737240, 1, 0, 0
55201, 1617928, 1, 0, 0
55300, 1625119, 1, 0, 0
55400, 1408564, 1, 0, 0
55500, 1529403, 1, 0, 0
55600, 1788995, 1, 0, 0
55700, 1382926, 1, 0, 0
55800, 1633513, 1, 0, 0
55902, 1854164, 1, 0, 0
56000, 1466350, 1, 0, 0
56101, 1549205, 1, 0, 0
56200, 1726640, 1, 0, 0
56300, 1634550, 1, 0, 0
56400, 1406994, 1, 0, 0
56500, 1569357, 1, 0, 0
56602, 1811054, 1, 0, 0
56700, 1723134, 1, 0, 0
56800, 1770787, 1, 0, 0
56900, 1489535, 1, 0, 0
57001, 1867607, 1, 0, 0
57100, 1873628, 1, 0, 0
57200, 1511348, 1, 0, 0
57300, 1633414, 1, 0, 0
57400, 1819859, 1, 0, 0
57502, 1886227, 1, 0, 0
57600, 1919776, 1, 0, 0
57701, 1793577, 1, 0, 0
57804, 1868628, 1, 0, 0
57900, 1405667, 1, 0, 0
58000, 1731887, 1, 0, 0
58100, 1716050, 1, 0, 0
58201, 1677292, 1, 0, 0
58300, 1618019, 1, 0, 0
58400, 1938046, 1, 0, 0
58500, 1405570, 1, 0, 0
58600, 1526313, 1, 0, 0
58700, 1489084, 1, 0, 0
58801, 1528248, 1, 0, 0
58900, 1807625, 1, 0, 0
59000, 1946349, 1, 0, 0
59100, 1685510, 1, 0, 0
59200, 1617210, 1, 0, 0
59301, 1503656, 1, 0, 0
59400, 1938852, 1, 0, 0
59500, 1636278, 1, 0, 0
59600, 1191663, 1, 0, 0
59701, 1732808, 1, 0, 0
59901, 8697792, 1, 0, 0
60001, 1780674, 1, 0, 0
60101, 1783293, 1, 0, 0
60209, 2002306, 1, 0, 0
60300, 1643922, 1, 0, 0
60400, 2575299, 1, 0, 0
60500, 1628818, 1, 0, 0
60604, 1616847, 1, 0, 0
60703, 1774428, 1, 0, 0
60802, 1755688, 1, 0, 0
60900, 1567813, 1, 0, 0
61004, 1595553, 1, 0, 0
61100, 1487164, 1, 0, 0
61202, 1697218, 1, 0, 0
61301, 1570413, 1, 0, 0
61401, 1913566, 1, 0, 0
61500, 1705439, 1, 0, 0
61601, 1600882, 1, 0, 0
61700, 1688388, 1, 0, 0
61800, 1657672, 1, 0, 0
61901, 1833644, 1, 0, 0
62000, 1564355, 1, 0, 0
62100, 1666568, 1, 0, 0
62200, 1669130, 1, 0, 0
62301, 1544955, 1, 0, 0
62400, 1602245, 1, 0, 0
62501, 1799073, 1, 0, 0
62600, 1279297, 1, 0, 0
62700, 1611941, 1, 0, 0
62800, 1661550, 1, 0, 0
62901, 3237846, 1, 0, 0
63000, 1651117, 1, 0, 0
63100, 1724173, 1, 0, 0
63200, 1746986, 1, 0, 0
63300, 1781018, 1, 0, 0
63400, 1668526, 1, 0, 0
63500, 2075039, 1, 0, 0
63601, 1344005, 1, 0, 0
63708, 2101459, 1, 0, 0
63801, 1624571, 1, 0, 0
63900, 1900279, 1, 0, 0
64000, 1499000, 1, 0, 0
64102, 1802999, 1, 0, 0
64200, 1693267, 1, 0, 0
64300, 2773544, 1, 0, 0
64400, 1955221, 1, 0, 0
64501, 2106933, 1, 0, 0
64895, 17143921, 1, 0, 0
65063, 167799831, 1, 0, 0
65100, 1822950, 1, 0, 0
65262, 3768759, 1, 0, 0
65300, 1462229, 1, 0, 0
65401, 11255425, 1, 0, 0
65515, 3349315, 1, 0, 0
65602, 1520932, 1, 0, 0
65700, 1496943, 1, 0, 0
65800, 1474073, 1, 0, 0
65900, 1714924, 1, 0, 0
66048, 3607828, 1, 0, 0
66100, 4699531, 1, 0, 0
66200, 1827409, 1, 0, 0
66301, 1926384, 1, 0, 0
66401, 1664971, 1, 0, 0
66500, 1441300, 1, 0, 0
66600, 1530759, 1, 0, 0
66700, 1922012, 1, 0, 0
66801, 1599201, 1, 0, 0
66900, 1866855, 1, 0, 0
67000, 1742587, 1, 0, 0
67100, 1924004, 1, 0, 0
67200, 1493672, 1, 0, 0
67300, 1429831, 1, 0, 0
67403, 1732365, 1, 0, 0
67500, 1486595, 1, 0, 0
67600, 1934003, 1, 0, 0
67700, 1753051, 1, 0, 0
67800, 1529237, 1, 0, 0
67901, 1416700, 1, 0, 0
68001, 1388691, 1, 0, 0
68101, 1534395, 1, 0, 0
68201, 1635866, 1, 0, 0
68300, 1553140, 1, 0, 0
68401, 1697660, 1, 0, 0
68500, 1552213, 1, 0, 0
68600, 1547864, 1, 0, 0
68701, 2251654, 1, 0, 0
68801, 2079424, 1, 0, 0
68900, 1413400, 1, 0, 0
69000, 1805980, 1, 0, 0
69100, 1596271, 1, 0, 0
69200, 1751791, 1, 0, 0
69300, 1554935, 1, 0, 0
69400, 1441649, 1, 0, 0
69500, 1606560, 1, 0, 0
69800, 5881661, 1, 0, 0
69972, 17252935, 1, 0, 0
70001, 1786928, 1, 0, 0
70161, 3344767, 1, 0, 0
70200, 1542660, 1, 0, 0
70301, 1650685, 1, 0, 0
70401, 1513869, 1, 0, 0
70501, 1557426, 1, 0, 0
70697, 15100450, 1, 0, 0
70700, 1545470, 1, 0, 0
70800, 1489952, 1, 0, 0
70900, 1312227, 1, 0, 0
71000, 1997863, 1, 0, 0
71135, 4212344, 1, 0, 0
71204, 68502409, 1, 0, 0
71300, 1635148, 1, 0, 0
71401, 1251207, 1, 0, 0
71500, 1736458, 1, 0, 0
71600, 1579735, 1, 0, 0
71702, 2041833, 1, 0, 0
71800, 1446148, 1, 0, 0
71900, 1717227, 1, 0, 0
72000, 1958660, 1, 0, 0
72101, 1474112, 1, 0, 0
72201, 1297920, 1, 0, 0
72300, 1575774, 1, 0, 0
72400, 1539062, 1, 0, 0
72500, 1654993, 1, 0, 0
72600, 1617781, 1, 0, 0
72700, 1635552, 1, 0, 0
72800, 1880658, 1, 0, 0
72900, 1556738, 1, 0, 0
73001, 1414164, 1, 0, 0
73100, 1719508, 1, 0, 0
73200, 1713006, 1, 0, 0
73301, 1653840, 1, 0, 0
73401, 1720146, 1, 0, 0
73501, 1400602, 1, 0, 0
73600, 1603465, 1, 0, 0
73724, 3024559, 1, 0, 0
73800, 1710962, 1, 0, 0
73900, 1416845, 1, 0, 0
74001, 2220585, 1, 0, 0
74100, 1415367, 1, 0, 0
74201, 1650802, 1, 0, 0
74300, 1289246, 1, 0, 0
74461, 2364584, 1, 0, 0
74500, 2171796, 1, 0, 0
74600, 1587451, 1, 0, 0
74774, 9147489, 1, 0, 0
74800, 1829127, 1, 0, 0
74926, 25128867, 1, 0, 0
75037, 18529687, 1, 0, 0
75100, 1764116, 1, 0, 0
75200, 1368174, 1, 0, 0
75347, 7316584, 1, 0, 0
75400, 1339857, 1, 0, 0
75529, 4933038, 1, 0, 0
75600, 1476722, 1, 0, 0
75701, 1290592, 1, 0, 0
75800, 1802362, 1, 0, 0
75900, 1555821, 1, 0, 0
76007, 1730197, 1, 0, 0
76100, 2072304, 1, 0, 0
76200, 1838545, 1, 0, 0
76300, 1555859, 1, 0, 0
76400, 1694522, 1, 0, 0
76500, 1817047, 1, 0, 0
76601, 1701318, 1, 0, 0
76700, 1955663, 1, 0, 0
76801, 4012464, 1, 0, 0
76901, 1675508, 1, 0, 0
77001, 2368062, 1, 0, 0
77101, 1635517, 1, 0, 0
77200, 1334247, 1, 0, 0
77301, 1260290, 1, 0, 0
77400, 1596947, 1, 0, 0
77501, 1617096, 1, 0, 0
77600, 1936394, 1, 0, 0
77714, 19053288, 1, 0, 0
77838, 4149919, 1, 0, 0
77901, 1409210, 1, 0, 0
78000, 1557035, 1, 0, 0
78100, 2264058, 1, 0, 0
78200, 1777052, 1, 0, 0
78320, 2137740, 1, 0, 0
78400, 1519332, 1, 0, 0
78500, 1578144, 1, 0, 0
78605, 3753666, 1, 0, 0
78700, 1687300, 1, 0, 0
78801, 1626335, 1, 0, 0
78973, 7159292, 1, 0, 0
79000, 1591334, 1, 0, 0
79100, 1673718, 1, 0, 0
79200, 1286299, 1, 0, 0
79305, 3188135, 1, 0, 0
79714, 6393231, 1, 0, 0
79800, 1405250, 1, 0, 0
79900, 1406554, 1, 0, 0
80000, 896644, 1, 0, 0
80101, 1290083, 1, 0, 0
80201, 1387579, 1, 0, 0
80300, 1356908, 1, 0, 0
80400, 1278752, 1, 0, 0
80500, 1112405, 1, 0, 0
80600, 1511994, 1, 0, 0
80702, 1878378, 1, 0, 0
80800, 1601381, 1, 0, 0
80901, 1688118, 1, 0, 0
81001, 1632248, 1, 0, 0
81100, 1478733, 1, 0, 0
81201, 1629873, 1, 0, 0
81300, 1764359, 1, 0, 0
81400, 1744815, 1, 0, 0
81500, 1924887, 1, 0, 0
81601, 1456569, 1, 0, 0
81701, 1563002, 1, 0, 0
81800, 1704306, 1, 0, 0
81901, 1862095, 1, 0, 0
82000, 1479980, 1, 0, 0
82104, 1952383, 1, 0, 0
82201, 1409142, 1, 0, 0
82300, 1787285, 1, 0, 0
82401, 1659264, 1, 0, 0
82500, 1675226, 1, 0, 0
82601, 1624179, 1, 0, 0
82840, 6823934, 1, 0, 0
82900, 9945943, 1, 0, 0
83000, 1174963, 1, 0, 0
83233, 2743962, 1, 0, 0
83300, 1268790, 1, 0, 0
83400, 1280757, 1, 0, 0
83658, 4214904, 1, 0, 0
83700, 2010170, 1, 0, 0
83800, 1668498, 1, 0, 0
83900, 1485178, 1, 0, 0
84000, 1511452, 1, 0, 0
84101, 1733015, 1, 0, 0
84200, 1653995, 1, 0, 0
84300, 1470411, 1, 0, 0
84400, 1443042, 1, 0, 0
84500, 1556088, 1, 0, 0
84600, 1660556, 1, 0, 0
84700, 3350387, 1, 0, 0
84804, 1465329, 1, 0, 0
84900, 2163914, 1, 0, 0
85001, 1801355, 1, 0, 0
85100, 1899362, 1, 0, 0
85200, 1667472, 1, 0, 0
85301, 1531013, 1, 0, 0
85400, 2095299, 1, 0, 0
85501, 1708313, 1, 0, 0
85600, 1476966, 1, 0, 0
85700, 1521558, 1, 0, 0
85800, 1690804, 1, 0, 0
85901, 1696703, 1, 0, 0
86001, 1493897, 1, 0, 0
86101, 1694776, 1, 0, 0
86201, 1423210, 1, 0, 0
86300, 1650303, 1, 0, 0
86401, 1790760, 1, 0, 0
86500, 1739372, 1, 0, 0
86601, 1827199, 1, 0, 0
86700, 1876979, 1, 0, 0
86802, 1475450, 1, 0, 0
86900, 1746853, 1, 0, 0
87000, 1579526, 1, 0, 0
87101, 1576448, 1, 0, 0
87200, 1617125, 1, 0, 0
87301, 1528427, 1, 0, 0
87401, 1812654, 1, 0, 0
87500, 1507673, 1, 0, 0
87601, 1858639, 1, 0, 0
87700, 1764669, 1, 0, 0
87800, 1491647, 1, 0, 0
87900, 1635742, 1, 0, 0
88000, 1591490, 1, 0, 0
88104, 1661857, 1, 0, 0
88201, 1618684, 1, 0, 0
88301, 1529596, 1, 0, 0
88401, 1407527, 1, 0, 0
88501, 1759707, 1, 0, 0
88600, 1709599, 1, 0, 0
88705, 1734463, 1, 0, 0
88800, 1563428, 1, 0, 0
88901, 1615024, 1, 0, 0
89000, 1602112, 1, 0, 0
89101, 1620820, 1, 0, 0
89200, 1839138, 1, 0, 0
89300, 1653781, 1, 0, 0
89400, 1812714, 1, 0, 0
89500, 2082596, 1, 0, 0
89601, 1439309, 1, 0, 0
89700, 1464204, 1, 0, 0
89801, 1792629, 1, 0, 0
89911, 1924659, 1, 0, 0
90001, 1578465, 1, 0, 0
