100, 3267959, 1, 0, 0
200, 3531525, 1, 0, 0
300, 3333780, 1, 0, 0
400, 3622740, 1, 0, 0
501, 3956952, 1, 0, 0
601, 4091890, 1, 0, 0
702, 4408649, 1, 0, 0
800, 4316986, 1, 0, 0
902, 3956694, 1, 0, 0
1001, 3836717, 1, 0, 0
1101, 3503559, 1, 0, 0
1200, 3467060, 1, 0, 0
1300, 3858293, 1, 0, 0
1400, 4068235, 1, 0, 0
1501, 3574888, 1, 0, 0
1600, 3850546, 1, 0, 0
1700, 3933310, 1, 0, 0
1800, 4119859, 1, 0, 0
1901, 3188893, 1, 0, 0
2001, 4187610, 1, 0, 0
2100, 3401105, 1, 0, 0
2207, 3552563, 1, 0, 0
2302, 4530288, 1, 0, 0
2400, 3961693, 1, 0, 0
2500, 3616062, 1, 0, 0
2600, 3703023, 1, 0, 0
2700, 4030646, 1, 0, 0
2800, 3476698, 1, 0, 0
2900, 2693470, 1, 0, 0
3000, 4877547, 1, 0, 0
3100, 3635759, 1, 0, 0
3201, 3215313, 1, 0, 0
3300, 3772174, 1, 0, 0
3400, 3338144, 1, 0, 0
3500, 4472741, 1, 0, 0
3600, 4623588, 1, 0, 0
3700, 3223393, 1, 0, 0
3801, 4489427, 1, 0, 0
3901, 3676027, 1, 0, 0
4001, 3612899, 1, 0, 0
4100, 3289276, 1, 0, 0
4201, 3477596, 1, 0, 0
4300, 3771509, 1, 0, 0
4400, 2892092, 1, 0, 0
4501, 4128204, 1, 0, 0
4600, 3552650, 1, 0, 0
4701, 6289087, 1, 0, 0
4800, 3381837, 1, 0, 0
4901, 3257186, 1, 0, 0
5000, 2989706, 1, 0, 0
5100, 3922669, 1, 0, 0
5200, 4087386, 1, 0, 0
5300, 3683118, 1, 0, 0
5400, 3312477, 1, 0, 0
5500, 3593378, 1, 0, 0
5601, 3417826, 1, 0, 0
5701, 3100067, 1, 0, 0
5800, 3216892, 1, 0, 0
5900, 5239120, 1, 0, 0
6000, 3343168, 1, 0, 0
6100, 3156529, 1, 0, 0
6201, 3804865, 1, 0, 0
6300, 3538395, 1, 0, 0
6402, 3200292, 1, 0, 0
6500, 3131379, 1, 0, 0
6600, 5393940, 1, 0, 0
6700, 3689263, 1, 0, 0
6800, 3489322, 1, 0, 0
6902, 4331772, 1, 0, 0
7000, 3978468, 1, 0, 0
7100, 3816775, 1, 0, 0
7200, 3867034, 1, 0, 0
7300, 3199091, 1, 0, 0
7400, 3340196, 1, 0, 0
7500, 3277559, 1, 0, 0
7600, 3454397, 1, 0, 0
7700, 3425655, 1, 0, 0
7800, 4265059, 1, 0, 0
7901, 3799077, 1, 0, 0
8000, 2678484, 1, 0, 0
8101, 3152167, 1, 0, 0
8200, 3684478, 1, 0, 0
8300, 4033436, 1, 0, 0
8400, 3102263, 1, 0, 0
8501, 3687363, 1, 0, 0
8600, 4787789, 1, 0, 0
8700, 3242325, 1, 0, 0
8801, 3262916, 1, 0, 0
8901, 4396345, 1, 0, 0
9001, 4151638, 1, 0, 0
9100, 3396599, 1, 0, 0
9200, 3377336, 1, 0, 0
9301, 4403264, 1, 0, 0
9400, 4082441, 1, 0, 0
9501, 3419258, 1, 0, 0
9600, 3542950, 1, 0, 0
9702, 3928201, 1, 0, 0
9801, 3794145, 1, 0, 0
9900, 3837781, 1, 0, 0
10000, 3879923, 1, 0, 0
10100, 3262293, 1, 0, 0
10200, 4098916, 1, 0, 0
10301, 4056486, 1, 0, 0
10402, 4318554, 1, 0, 0
10501, 4421710, 1, 0, 0
10600, 3584422, 1, 0, 0
10701, 3971152, 1, 0, 0
10800, 4845610, 1, 0, 0
10900, 3390250, 1, 0, 0
11004, 3708662, 1, 0, 0
11100, 3694179, 1, 0, 0
11200, 6660295, 1, 0, 0
11323, 3327611, 1, 0, 0
11401, 5389052, 1, 0, 0
11500, 3126796, 1, 0, 0
11600, 3437866, 1, 0, 0
11700, 3601779, 1, 0, 0
11800, 3160936, 1, 0, 0
11900, 3762240, 1, 0, 0
12000, 3175190, 1, 0, 0
12100, 2867559, 1, 0, 0
12201, 2635156, 1, 0, 0
12301, 3119436, 1, 0, 0
12401, 3223272, 1, 0, 0
12500, 3252329, 1, 0, 0
12600, 3905715, 1, 0, 0
12701, 3377689, 1, 0, 0
12800, 3193162, 1, 0, 0
12900, 3538282, 1, 0, 0
13000, 3453672, 1, 0, 0
13100, 3866916, 1, 0, 0
13200, 3561253, 1, 0, 0
13300, 3093870, 1, 0, 0
13401, 3903327, 1, 0, 0
13500, 3328844, 1, 0, 0
13600, 3275439, 1, 0, 0
13700, 3142785, 1, 0, 0
13801, 3252824, 1, 0, 0
13900, 3147230, 1, 0, 0
14001, 3780299, 1, 0, 0
14100, 3761198, 1, 0, 0
14200, 3718295, 1, 0, 0
14300, 3264427, 1, 0, 0
14400, 4234265, 1, 0, 0
14501, 3492612, 1, 0, 0
14600, 3529210, 1, 0, 0
14700, 4145684, 1, 0, 0
14801, 3490078, 1, 0, 0
14900, 3554714, 1, 0, 0
15001, 3477685, 1, 0, 0
15100, 3007109, 1, 0, 0
15201, 4119388, 1, 0, 0
15302, 4079370, 1, 0, 0
15401, 3569423, 1, 0, 0
15501, 4000484, 1, 0, 0
15600, 2820119, 1, 0, 0
15700, 3256029, 1, 0, 0
15800, 3636903, 1, 0, 0
15900, 3367829, 1, 0, 0
16001, 3497364, 1, 0, 0
16100, 3703227, 1, 0, 0
16200, 3895255, 1, 0, 0
16300, 3892967, 1, 0, 0
16401, 3441765, 1, 0, 0
16500, 3140480, 1, 0, 0
16600, 3572877, 1, 0, 0
16700, 3570407, 1, 0, 0
16800, 3703062, 1, 0, 0
16900, 4403495, 1, 0, 0
17000, 3975948, 1, 0, 0
17100, 4337806, 1, 0, 0
17201, 3127924, 1, 0, 0
17301, 3167543, 1, 0, 0
17401, 3249919, 1, 0, 0
17501, 3353451, 1, 0, 0
17600, 2997278, 1, 0, 0
17702, 3518042, 1, 0, 0
17800, 3350630, 1, 0, 0
17900, 3022432, 1, 0, 0
18001, 3460972, 1, 0, 0
18100, 3905395, 1, 0, 0
18200, 3594699, 1, 0, 0
18300, 3876767, 1, 0, 0
18400, 3530047, 1, 0, 0
18500, 3240982, 1, 0, 0
18601, 3725797, 1, 0, 0
18700, 3468183, 1, 0, 0
18800, 5463966, 1, 0, 0
18901, 3318380, 1, 0, 0
19000, 3412238, 1, 0, 0
19101, 3507750, 1, 0, 0
19200, 3747744, 1, 0, 0
19300, 3508911, 1, 0, 0
19400, 4150669, 1, 0, 0
19500, 3782406, 1, 0, 0
19600, 3424974, 1, 0, 0
19700, 3663198, 1, 0, 0
19828, 3595120, 1, 0, 0
19900, 6416645, 1, 0, 0
20001, 3312670, 1, 0, 0
20101, 3348330, 1, 0, 0
20201, 3426882, 1, 0, 0
20300, 3191603, 1, 0, 0
20401, 3614710, 1, 0, 0
20500, 3322228, 1, 0, 0
20601, 3461938, 1, 0, 0
20700, 4210849, 1, 0, 0
20801, 3890662, 1, 0, 0
20900, 3494920, 1, 0, 0
21001, 3777294, 1, 0, 0
21100, 3113125, 1, 0, 0
21203, 2836592, 1, 0, 0
21302, 3514268, 1, 0, 0
21403, 4520722, 1, 0, 0
21501, 3548534, 1, 0, 0
21600, 3537301, 1, 0, 0
21700, 3534325, 1, 0, 0
21801, 3233070, 1, 0, 0
21901, 3567202, 1, 0, 0
22000, 4139292, 1, 0, 0
22100, 4136984, 1, 0, 0
22202, 3765281, 1, 0, 0
22300, 4191098, 1, 0, 0
22400, 3229413, 1, 0, 0
22501, 3475274, 1, 0, 0
22600, 3789797, 1, 0, 0
22701, 3569077, 1, 0, 0
22800, 3614458, 1, 0, 0
22901, 4476449, 1, 0, 0
23000, 3677080, 1, 0, 0
23101, 3054864, 1, 0, 0
23200, 3430120, 1, 0, 0
23300, 3578502, 1, 0, 0
23401, 3192737, 1, 0, 0
23501, 3561390, 1, 0, 0
23600, 4016870, 1, 0, 0
23701, 3421781, 1, 0, 0
23801, 3440699, 1, 0, 0
23901, 3156868, 1, 0, 0
24000, 2628332, 1, 0, 0
24100, 3300580, 1, 0, 0
24201, 3649874, 1, 0, 0
24300, 3268434, 1, 0, 0
24401, 3790152, 1, 0, 0
24502, 3520774, 1, 0, 0
24600, 3003769, 1, 0, 0
24702, 3707004, 1, 0, 0
24801, 4633196, 1, 0, 0
24901, 3508979, 1, 0, 0
25000, 4684577, 1, 0, 0
25100, 3508148, 1, 0, 0
25200, 3756466, 1, 0, 0
25301, 3418082, 1, 0, 0
25402, 3569433, 1, 0, 0
25500, 3875337, 1, 0, 0
25600, 3658430, 1, 0, 0
25700, 3226050, 1, 0, 0
25800, 3180550, 1, 0, 0
25901, 3541950, 1, 0, 0
26000, 3495930, 1, 0, 0
26101, 4565991, 1, 0, 0
26200, 3805236, 1, 0, 0
26301, 4322982, 1, 0, 0
26400, 3712312, 1, 0, 0
26500, 3100005, 1, 0, 0
26601, 2950495, 1, 0, 0
26702, 3778154, 1, 0, 0
26800, 3877972, 1, 0, 0
26901, 3314562, 1, 0, 0
27054, 3532541, 1, 0, 0
27100, 6023745, 1, 0, 0
27200, 3111669, 1, 0, 0
27300, 3488365, 1, 0, 0
27400, 3374256, 1, 0, 0
27501, 3623516, 1, 0, 0
27602, 3538955, 1, 0, 0
27700, 3756155, 1, 0, 0
27801, 4473810, 1, 0, 0
27901, 3704881, 1, 0, 0
28001, 4019280, 1, 0, 0
28100, 3736666, 1, 0, 0
28201, 3847502, 1, 0, 0
28302, 3533602, 1, 0, 0
28400, 3995299, 1, 0, 0
28500, 2980754, 1, 0, 0
28604, 3518934, 1, 0, 0
28700, 4199819, 1, 0, 0
28800, 3545260, 1, 0, 0
28900, 4469064, 1, 0, 0
29000, 3553253, 1, 0, 0
29100, 3534963, 1, 0, 0
29200, 3388239, 1, 0, 0
29300, 3233028, 1, 0, 0
29401, 3068952, 1, 0, 0
29500, 3127418, 1, 0, 0
29600, 3194859, 1, 0, 0
29700, 3167785, 1, 0, 0
29800, 3752080, 1, 0, 0
29901, 3236693, 1, 0, 0
30000, 3985575, 1, 0, 0
30100, 3615105, 1, 0, 0
30200, 3257287, 1, 0, 0
30300, 3500358, 1, 0, 0
30400, 3747953, 1, 0, 0
30500, 3350963, 1, 0, 0
30601, 3624112, 1, 0, 0
30701, 4083188, 1, 0, 0
30800, 3300773, 1, 0, 0
30900, 3129475, 1, 0, 0
31001, 3529222, 1, 0, 0
31100, 4082345, 1, 0, 0
31200, 3457187, 1, 0, 0
31300, 4059319, 1, 0, 0
31400, 3729836, 1, 0, 0
31501, 3401249, 1, 0, 0
31601, 3303333, 1, 0, 0
31700, 3470591, 1, 0, 0
31800, 3311300, 1, 0, 0
31901, 4153798, 1, 0, 0
32000, 3567291, 1, 0, 0
32100, 3871095, 1, 0, 0
32200, 3620702, 1, 0, 0
32300, 3724573, 1, 0, 0
32400, 3717580, 1, 0, 0
32501, 3917724, 1, 0, 0
32601, 3649852, 1, 0, 0
32702, 4353298, 1, 0, 0
32800, 3136169, 1, 0, 0
32900, 3884535, 1, 0, 0
33001, 2650962, 1, 0, 0
33100, 4230375, 1, 0, 0
33202, 3778781, 1, 0, 0
33300, 3373454, 1, 0, 0
33400, 3777677, 1, 0, 0
33500, 3241254, 1, 0, 0
33601, 4641733, 1, 0, 0
33700, 4607347, 1, 0, 0
33801, 4203209, 1, 0, 0
33924, 2822683, 1, 0, 0
34001, 5226867, 1, 0, 0
34100, 3243945, 1, 0, 0
34201, 3015641, 1, 0, 0
34302, 3663825, 1, 0, 0
34400, 3567032, 1, 0, 0
34500, 3574063, 1, 0, 0
34600, 4046223, 1, 0, 0
34702, 3625633, 1, 0, 0
34812, 4509304, 1, 0, 0
34902, 4755295, 1, 0, 0
35001, 4615862, 1, 0, 0
35100, 3544775, 1, 0, 0
35202, 2884240, 1, 0, 0
35300, 2997289, 1, 0, 0
35400, 3174456, 1, 0, 0
35503, 3232080, 1, 0, 0
35600, 4275063, 1, 0, 0
35701, 3949177, 1, 0, 0
35800, 3271061, 1, 0, 0
35900, 3222194, 1, 0, 0
36001, 3152827, 1, 0, 0
36100, 4155630, 1, 0, 0
36200, 3160302, 1, 0, 0
36300, 3744442, 1, 0, 0
36401, 3526084, 1, 0, 0
36500, 3347275, 1, 0, 0
36600, 3455657, 1, 0, 0
36700, 2967267, 1, 0, 0
36800, 4016353, 1, 0, 0
36900, 3443803, 1, 0, 0
37001, 3011887, 1, 0, 0
37100, 3328338, 1, 0, 0
37200, 4328444, 1, 0, 0
37301, 3067659, 1, 0, 0
37401, 3945681, 1, 0, 0
37501, 3351279, 1, 0, 0
37600, 3717518, 1, 0, 0
37700, 3098864, 1, 0, 0
37803, 3383260, 1, 0, 0
37900, 5355554, 1, 0, 0
38001, 4655187, 1, 0, 0
38101, 3368237, 1, 0, 0
38200, 3907737, 1, 0, 0
38300, 3673640, 1, 0, 0
38400, 3345124, 1, 0, 0
38501, 3905694, 1, 0, 0
38601, 5222302, 1, 0, 0
38700, 3636464, 1, 0, 0
38800, 3565278, 1, 0, 0
38900, 2703624, 1, 0, 0
39000, 3418402, 1, 0, 0
39100, 3180603, 1, 0, 0
39200, 3022916, 1, 0, 0
39301, 3332702, 1, 0, 0
39400, 3706835, 1, 0, 0
39500, 2948008, 1, 0, 0
39601, 3581367, 1, 0, 0
39700, 3449860, 1, 0, 0
39801, 3353398, 1, 0, 0
39901, 3697554, 1, 0, 0
40001, 4030301, 1, 0, 0
40101, 3419943, 1, 0, 0
40200, 3360680, 1, 0, 0
40301, 3151377, 1, 0, 0
40400, 3481271, 1, 0, 0
40500, 3252413, 1, 0, 0
40600, 3375696, 1, 0, 0
40701, 4388511, 1, 0, 0
40800, 4003386, 1, 0, 0
40900, 4026982, 1, 0, 0
41000, 3374280, 1, 0, 0
41100, 3530552, 1, 0, 0
41200, 3541463, 1, 0, 0
41300, 3733888, 1, 0, 0
41400, 4415704, 1, 0, 0
41501, 3488814, 1, 0, 0
41600, 4145121, 1, 0, 0
41700, 3210650, 1, 0, 0
41803, 3416736, 1, 0, 0
41900, 4030539, 1, 0, 0
42002, 3177245, 1, 0, 0
42103, 4536145, 1, 0, 0
42200, 4218923, 1, 0, 0
42300, 3738892, 1, 0, 0
42400, 3908315, 1, 0, 0
42500, 5676768, 1, 0, 0
42601, 3284232, 1, 0, 0
42700, 3358963, 1, 0, 0
42800, 3473108, 1, 0, 0
42901, 3669335, 1, 0, 0
43000, 3221340, 1, 0, 0
43100, 3812824, 1, 0, 0
43200, 3079488, 1, 0, 0
43300, 3754492, 1, 0, 0
43400, 3077748, 1, 0, 0
43501, 3699209, 1, 0, 0
43608, 3996080, 1, 0, 0
43700, 3882595, 1, 0, 0
43800, 4045515, 1, 0, 0
43901, 3928073, 1, 0, 0
44001, 3448605, 1, 0, 0
44100, 3767688, 1, 0, 0
44201, 2982790, 1, 0, 0
44300, 3516428, 1, 0, 0
44401, 3306089, 1, 0, 0
44502, 3261327, 1, 0, 0
44600, 2975429, 1, 0, 0
44700, 2630666, 1, 0, 0
44801, 3955709, 1, 0, 0
44902, 3951982, 1, 0, 0
45001, 3347270, 1, 0, 0
45100, 3728814, 1, 0, 0
45201, 3401961, 1, 0, 0
45301, 3739456, 1, 0, 0
45400, 3668822, 1, 0, 0
45500, 3378038, 1, 0, 0
45600, 3381295, 1, 0, 0
45700, 3467036, 1, 0, 0
45801, 4242958, 1, 0, 0
45900, 3296447, 1, 0, 0
46000, 3133042, 1, 0, 0
46100, 3798165, 1, 0, 0
46200, 3607636, 1, 0, 0
46301, 4189715, 1, 0, 0
46401, 4506103, 1, 0, 0
46500, 3679130, 1, 0, 0
46600, 3717774, 1, 0, 0
46701, 3941412, 1, 0, 0
46800, 3172832, 1, 0, 0
46900, 3704603, 1, 0, 0
47001, 3648927, 1, 0, 0
47100, 3974219, 1, 0, 0
47200, 3708582, 1, 0, 0
47302, 3800325, 1, 0, 0
47400, 3993738, 1, 0, 0
47500, 3535711, 1, 0, 0
47602, 4020023, 1, 0, 0
47700, 3655465, 1, 0, 0
47801, 3450989, 1, 0, 0
47900, 4083778, 1, 0, 0
48000, 3213558, 1, 0, 0
48101, 5555721, 1, 0, 0
48202, 3965054, 1, 0, 0
48300, 4213994, 1, 0, 0
48400, 3521240, 1, 0, 0
48500, 3265161, 1, 0, 0
48600, 3179327, 1, 0, 0
48700, 2868004, 1, 0, 0
48802, 3369154, 1, 0, 0
48900, 4185922, 1, 0, 0
49001, 3475075, 1, 0, 0
49100, 4078390, 1, 0, 0
49200, 3554110, 1, 0, 0
49300, 3595869, 1, 0, 0
49400, 3964247, 1, 0, 0
49501, 3567395, 1, 0, 0
49600, 4297965, 1, 0, 0
49701, 3456281, 1, 0, 0
49800, 3085127, 1, 0, 0
49901, 3246714, 1, 0, 0
50000, 3341514, 1, 0, 0
50100, 3414022, 1, 0, 0
50200, 3179655, 1, 0, 0
50301, 4464238, 1, 0, 0
50400, 3966480, 1, 0, 0
50500, 3361657, 1, 0, 0
50602, 4258358, 1, 0, 0
50700, 3799662, 1, 0, 0
50801, 3239034, 1, 0, 0
50901, 3340926, 1, 0, 0
51000, 3321907, 1, 0, 0
51100, 3355016, 1, 0, 0
51201, 3873984, 1, 0, 0
51300, 5070971, 1, 0, 0
51400, 2928353, 1, 0, 0
51501, 3859354, 1, 0, 0
51601, 4982128, 1, 0, 0
51700, 3803160, 1, 0, 0
51801, 3257563, 1, 0, 0
51900, 3945159, 1, 0, 0
52000, 3945839, 1, 0, 0
52102, 2952965, 1, 0, 0
52201, 2968673, 1, 0, 0
52300, 3203269, 1, 0, 0
52400, 3429984, 1, 0, 0
52500, 3160210, 1, 0, 0
52602, 3642547, 1, 0, 0
52701, 3860670, 1, 0, 0
52801, 3305725, 1, 0, 0
52901, 3893284, 1, 0, 0
53000, 4845987, 1, 0, 0
53101, 3471477, 1, 0, 0
53218, 3503287, 1, 0, 0
53301, 4907484, 1, 0, 0
53400, 3128305, 1, 0, 0
53501, 3426404, 1, 0, 0
53601, 3270444, 1, 0, 0
53701, 3295257, 1, 0, 0
53801, 3189452, 1, 0, 0
53900, 5258585, 1, 0, 0
54002, 4049351, 1, 0, 0
54102, 3665348, 1, 0, 0
54200, 3628391, 1, 0, 0
54301, 3145172, 1, 0, 0
54401, 3554269, 1, 0, 0
54501, 3338070, 1, 0, 0
54600, 2976738, 1, 0, 0
54703, 3925855, 1, 0, 0
54801, 3553694, 1, 0, 0
54900, 4873903, 1, 0, 0
55000, 3620112, 1, 0, 0
55100, 3738757, 1, 0, 0
55200, 3492765, 1, 0, 0
55301, 3495217, 1, 0, 0
55400, 3688873, 1, 0, 0
55501, 3357318, 1, 0, 0
55600, 3777172, 1, 0, 0
55700, 3718881, 1, 0, 0
55800, 3605589, 1, 0, 0
55900, 3461345, 1, 0, 0
56001, 3224063, 1, 0, 0
56103, 3685477, 1, 0, 0
56200, 4413760, 1, 0, 0
56300, 4182245, 1, 0, 0
56400, 4095744, 1, 0, 0
56501, 4203944, 1, 0, 0
56601, 3451124, 1, 0, 0
56701, 3364991, 1, 0, 0
56801, 3923434, 1, 0, 0
56902, 3405343, 1, 0, 0
57001, 3631602, 1, 0, 0
57101, 3341908, 1, 0, 0
57200, 3345617, 1, 0, 0
57300, 3030750, 1, 0, 0
57401, 2905681, 1, 0, 0
57501, 3099223, 1, 0, 0
57600, 3619024, 1, 0, 0
57700, 3582814, 1, 0, 0
57800, 3663853, 1, 0, 0
57900, 3981603, 1, 0, 0
58003, 3826129, 1, 0, 0
58100, 3354185, 1, 0, 0
58202, 4751744, 1, 0, 0
58301, 3490849, 1, 0, 0
58400, 3585737, 1, 0, 0
58500, 3189423, 1, 0, 0
58601, 3530345, 1, 0, 0
58700, 4189644, 1, 0, 0
58801, 6701383, 1, 0, 0
58900, 2854540, 1, 0, 0
59000, 3882889, 1, 0, 0
59101, 3391929, 1, 0, 0
59203, 3808638, 1, 0, 0
59301, 4486979, 1, 0, 0
59400, 3642298, 1, 0, 0
59501, 3275903, 1, 0, 0
59602, 3765402, 1, 0, 0
59702, 4326124, 1, 0, 0
59800, 3228308, 1, 0, 0
59902, 3542291, 1, 0, 0
60000, 3500891, 1, 0, 0
60102, 3307235, 1, 0, 0
60201, 3493743, 1, 0, 0
60300, 3633678, 1, 0, 0
60400, 3306090, 1, 0, 0
60500, 3566817, 1, 0, 0
60600, 3264569, 1, 0, 0
60700, 3697816, 1, 0, 0
60801, 3952098, 1, 0, 0
60900, 3749914, 1, 0, 0
61001, 2843334, 1, 0, 0
61101, 3842396, 1, 0, 0
61200, 4648429, 1, 0, 0
61300, 3364545, 1, 0, 0
61400, 3686404, 1, 0, 0
61501, 3768114, 1, 0, 0
61601, 3333399, 1, 0, 0
61700, 3754320, 1, 0, 0
61800, 3697479, 1, 0, 0
61900, 3884975, 1, 0, 0
62001, 4415244, 1, 0, 0
62100, 3316001, 1, 0, 0
62200, 3268075, 1, 0, 0
62301, 3404177, 1, 0, 0
62400, 3769328, 1, 0, 0
62500, 3209370, 1, 0, 0
62601, 3242413, 1, 0, 0
62700, 3255414, 1, 0, 0
62800, 3368928, 1, 0, 0
62900, 3472098, 1, 0, 0
63001, 3094241, 1, 0, 0
63100, 6140398, 1, 0, 0
63200, 3015591, 1, 0, 0
63304, 7775241, 1, 0, 0
63400, 4473862, 1, 0, 0
63502, 4279001, 1, 0, 0
63600, 3180648, 1, 0, 0
63701, 3614395, 1, 0, 0
63800, 4010641, 1, 0, 0
63900, 3359694, 1, 0, 0
64000, 3884164, 1, 0, 0
64100, 3488976, 1, 0, 0
64201, 9503685, 1, 0, 0
64302, 4302805, 1, 0, 0
64400, 4155972, 1, 0, 0
64500, 3380779, 1, 0, 0
64601, 3673457, 1, 0, 0
64700, 3809341, 1, 0, 0
64801, 2806102, 1, 0, 0
64905, 3123400, 1, 0, 0
65000, 3797735, 1, 0, 0
65100, 3782322, 1, 0, 0
65203, 3617226, 1, 0, 0
65300, 3635373, 1, 0, 0
65400, 3660180, 1, 0, 0
65500, 3291174, 1, 0, 0
65600, 3867879, 1, 0, 0
65700, 3754651, 1, 0, 0
65800, 3542641, 1, 0, 0
65900, 3226932, 1, 0, 0
66000, 3595548, 1, 0, 0
66100, 3798468, 1, 0, 0
66201, 4055637, 1, 0, 0
66300, 3631899, 1, 0, 0
66400, 3342079, 1, 0, 0
66500, 3162301, 1, 0, 0
66600, 4115567, 1, 0, 0
66717, 3542583, 1, 0, 0
66800, 4930798, 1, 0, 0
66900, 3544479, 1, 0, 0
67000, 3603041, 1, 0, 0
67100, 4011744, 1, 0, 0
67200, 3955670, 1, 0, 0
67301, 3389456, 1, 0, 0
67401, 3149207, 1, 0, 0
67501, 2971598, 1, 0, 0
67601, 4296461, 1, 0, 0
67700, 4012240, 1, 0, 0
67801, 3571031, 1, 0, 0
67900, 3286506, 1, 0, 0
68000, 2944617, 1, 0, 0
68100, 4745905, 1, 0, 0
68200, 4092630, 1, 0, 0
68300, 4113781, 1, 0, 0
68400, 3371212, 1, 0, 0
68500, 3831460, 1, 0, 0
68601, 3523819, 1, 0, 0
68700, 3542376, 1, 0, 0
68800, 3362017, 1, 0, 0
68900, 4006810, 1, 0, 0
69000, 5127886, 1, 0, 0
69100, 3985630, 1, 0, 0
69201, 3531105, 1, 0, 0
69300, 3731441, 1, 0, 0
69400, 3687246, 1, 0, 0
69502, 3488091, 1, 0, 0
69600, 3587832, 1, 0, 0
69700, 3901131, 1, 0, 0
69800, 3800341, 1, 0, 0
69901, 3215080, 1, 0, 0
70001, 5275675, 1, 0, 0
70100, 3343744, 1, 0, 0
70201, 3423392, 1, 0, 0
70300, 3305623, 1, 0, 0
70400, 3533991, 1, 0, 0
70500, 3454046, 1, 0, 0
70601, 3786640, 1, 0, 0
70701, 3645941, 1, 0, 0
70802, 3453090, 1, 0, 0
70900, 3487160, 1, 0, 0
71000, 3661041, 1, 0, 0
71101, 3317426, 1, 0, 0
71201, 3401066, 1, 0, 0
71301, 3838450, 1, 0, 0
71401, 3319511, 1, 0, 0
71500, 3037805, 1, 0, 0
71600, 3268887, 1, 0, 0
71702, 3741927, 1, 0, 0
71807, 3707659, 1, 0, 0
71900, 5117686, 1, 0, 0
72001, 3097494, 1, 0, 0
72100, 3474007, 1, 0, 0
72200, 3492344, 1, 0, 0
72300, 3494375, 1, 0, 0
72400, 3975578, 1, 0, 0
72501, 3813120, 1, 0, 0
72600, 3116320, 1, 0, 0
72701, 3425247, 1, 0, 0
72800, 3025336, 1, 0, 0
72900, 2801799, 1, 0, 0
73001, 3047769, 1, 0, 0
73102, 3518693, 1, 0, 0
73202, 3327317, 1, 0, 0
73302, 5743034, 1, 0, 0
73401, 3320088, 1, 0, 0
73500, 4061084, 1, 0, 0
73600, 3153374, 1, 0, 0
73700, 4408035, 1, 0, 0
73800, 3547744, 1, 0, 0
73900, 3555017, 1, 0, 0
74000, 3364554, 1, 0, 0
74100, 3695643, 1, 0, 0
74201, 3772573, 1, 0, 0
74300, 3326447, 1, 0, 0
74401, 3985931, 1, 0, 0
74500, 3357186, 1, 0, 0
74600, 3806503, 1, 0, 0
74700, 2910827, 1, 0, 0
74800, 3988825, 1, 0, 0
74900, 3616736, 1, 0, 0
75001, 3879213, 1, 0, 0
75102, 3708300, 1, 0, 0
75200, 3209523, 1, 0, 0
75300, 3478378, 1, 0, 0
75401, 3876921, 1, 0, 0
75501, 2900235, 1, 0, 0
75600, 3764217, 1, 0, 0
75702, 3699196, 1, 0, 0
75800, 4571064, 1, 0, 0
75900, 3473770, 1, 0, 0
76001, 3835271, 1, 0, 0
76102, 3624944, 1, 0, 0
76200, 3094143, 1, 0, 0
76301, 3683190, 1, 0, 0
76402, 4684439, 1, 0, 0
76501, 4053197, 1, 0, 0
76600, 4560505, 1, 0, 0
76700, 4411144, 1, 0, 0
76800, 2903928, 1, 0, 0
76900, 3689737, 1, 0, 0
77000, 3873389, 1, 0, 0
77103, 4118038, 1, 0, 0
77200, 3970892, 1, 0, 0
77300, 3113484, 1, 0, 0
77400, 9123915, 1, 0, 0
77501, 3124368, 1, 0, 0
77600, 4153518, 1, 0, 0
77701, 3406113, 1, 0, 0
77801, 3492523, 1, 0, 0
77900, 3323129, 1, 0, 0
78001, 4008893, 1, 0, 0
78102, 4092194, 1, 0, 0
78200, 3960367, 1, 0, 0
78301, 3850938, 1, 0, 0
78401, 4065657, 1, 0, 0
78500, 3136383, 1, 0, 0
78600, 5544876, 1, 0, 0
78700, 3476450, 1, 0, 0
78800, 3271664, 1, 0, 0
78900, 3793831, 1, 0, 0
79000, 3935616, 1, 0, 0
79100, 3627851, 1, 0, 0
79200, 3279658, 1, 0, 0
79300, 3005558, 1, 0, 0
79402, 3447584, 1, 0, 0
79500, 4036005, 1, 0, 0
79600, 3931574, 1, 0, 0
79700, 3306012, 1, 0, 0
79801, 3318792, 1, 0, 0
79900, 3454969, 1, 0, 0
80001, 3618244, 1, 0, 0
80100, 3559983, 1, 0, 0
80200, 3441393, 1, 0, 0
80301, 3598969, 1, 0, 0
80402, 3405380, 1, 0, 0
80500, 4338563, 1, 0, 0
80600, 3727536, 1, 0, 0
80701, 3485819, 1, 0, 0
80800, 3809204, 1, 0, 0
80900, 3519131, 1, 0, 0
81001, 2953415, 1, 0, 0
81101, 3727555, 1, 0, 0
81200, 3779409, 1, 0, 0
81300, 3280385, 1, 0, 0
81400, 3240808, 1, 0, 0
81500, 3984834, 1, 0, 0
81600, 4637363, 1, 0, 0
81700, 3984193, 1, 0, 0
81800, 2873763, 1, 0, 0
81900, 3296516, 1, 0, 0
82000, 3793976, 1, 0, 0
82100, 3513006, 1, 0, 0
82201, 3373432, 1, 0, 0
82300, 3602204, 1, 0, 0
82401, 3800995, 1, 0, 0
82500, 2412496, 1, 0, 0
82601, 3306119, 1, 0, 0
82701, 3240632, 1, 0, 0
82801, 3331011, 1, 0, 0
82901, 3811884, 1, 0, 0
83000, 4024860, 1, 0, 0
83101, 4461956, 1, 0, 0
83200, 3494525, 1, 0, 0
83300, 3250756, 1, 0, 0
83401, 3447201, 1, 0, 0
83500, 3948202, 1, 0, 0
83601, 3319439, 1, 0, 0
83701, 3457089, 1, 0, 0
83801, 3791462, 1, 0, 0
83900, 4877800, 1, 0, 0
84000, 3582354, 1, 0, 0
84100, 3614695, 1, 0, 0
84201, 3486476, 1, 0, 0
84301, 3350231, 1, 0, 0
84401, 3683387, 1, 0, 0
84500, 2906301, 1, 0, 0
84600, 3100985, 1, 0, 0
84701, 3514454, 1, 0, 0
84801, 3887657, 1, 0, 0
84900, 3382146, 1, 0, 0
85001, 3508940, 1, 0, 0
85100, 3881774, 1, 0, 0
85200, 3758111, 1, 0, 0
85300, 3718632, 1, 0, 0
85404, 3923612, 1, 0, 0
85500, 3778311, 1, 0, 0
85600, 3052111, 1, 0, 0
85700, 4064762, 1, 0, 0
85801, 4098112, 1, 0, 0
85900, 3301534, 1, 0, 0
86000, 3553064, 1, 0, 0
86101, 3044100, 1, 0, 0
86201, 2882249, 1, 0, 0
86302, 4273174, 1, 0, 0
86400, 3737552, 1, 0, 0
86501, 4112881, 1, 0, 0
86600, 3986605, 1, 0, 0
86700, 4164272, 1, 0, 0
86801, 3572692, 1, 0, 0
86900, 3304832, 1, 0, 0
87000, 3779679, 1, 0, 0
87100, 3517166, 1, 0, 0
87201, 3372640, 1, 0, 0
87300, 3993360, 1, 0, 0
87401, 3271044, 1, 0, 0
87500, 3895335, 1, 0, 0
87600, 3649112, 1, 0, 0
87700, 4073283, 1, 0, 0
87801, 4005534, 1, 0, 0
87900, 3937958, 1, 0, 0
88042, 4060702, 1, 0, 0
88101, 7378477, 1, 0, 0
88200, 2978561, 1, 0, 0
88301, 3533840, 1, 0, 0
88401, 3298290, 1, 0, 0
88501, 3485501, 1, 0, 0
88601, 3016691, 1, 0, 0
88701, 3322975, 1, 0, 0
88801, 2818307, 1, 0, 0
88900, 3294343, 1, 0, 0
89000, 3525340, 1, 0, 0
89100, 3509926, 1, 0, 0
89200, 3522638, 1, 0, 0
89300, 3208587, 1, 0, 0
89400, 4285122, 1, 0, 0
89500, 3331630, 1, 0, 0
89602, 3654028, 1, 0, 0
89700, 4997393, 1, 0, 0
89800, 3307476, 1, 0, 0
89900, 4233664, 1, 0, 0
90000, 3927309, 1, 0, 0
90003, 3906933, 1, 0, 0
