102, 2321301, 0, 0, 0
200, 2232917, 0, 0, 0
300, 2362313, 0, 0, 0
401, 2355293, 0, 0, 0
502, 2215556, 0, 0, 0
600, 2342429, 0, 0, 0
701, 2337197, 0, 0, 0
801, 2213450, 0, 0, 0
901, 2424933, 0, 0, 0
1000, 2351003, 0, 0, 0
1102, 2206449, 0, 0, 0
1202, 2363132, 0, 0, 0
1302, 2090984, 0, 0, 0
1400, 2267143, 0, 0, 0
1502, 2358905, 0, 0, 0
1601, 2401605, 0, 0, 0
1700, 2239442, 0, 0, 0
1800, 2268186, 0, 0, 0
1902, 2207178, 0, 0, 0
2000, 2232529, 0, 0, 0
2102, 2238005, 0, 0, 0
2200, 2273924, 0, 0, 0
2300, 2085042, 0, 0, 0
2400, 2215365, 0, 0, 0
2500, 2310172, 0, 0, 0
2600, 2327093, 0, 0, 0
2700, 2316350, 0, 0, 0
2801, 2222274, 0, 0, 0
2901, 2213077, 0, 0, 0
3000, 2191129, 0, 0, 0
3101, 2181617, 0, 0, 0
3200, 2312417, 0, 0, 0
3301, 2334162, 0, 0, 0
3400, 2286412, 0, 0, 0
3500, 2505779, 0, 0, 0
3600, 2430501, 0, 0, 0
3702, 2300408, 0, 0, 0
3802, 2315827, 0, 0, 0
3900, 2223528, 0, 0, 0
4001, 2186447, 0, 0, 0
4100, 2411190, 0, 0, 0
4202, 2357407, 0, 0, 0
4301, 2203245, 0, 0, 0
4400, 2274546, 0, 0, 0
4500, 1999522, 0, 0, 0
4601, 2235106, 0, 0, 0
4700, 2195998, 0, 0, 0
4801, 2294647, 0, 0, 0
4900, 2142935, 0, 0, 0
5001, 2184061, 0, 0, 0
5101, 2357270, 0, 0, 0
5201, 2231425, 0, 0, 0
5301, 2252693, 0, 0, 0
5400, 2234499, 0, 0, 0
5500, 2379603, 0, 0, 0
5601, 2293833, 0, 0, 0
5701, 2359003, 0, 0, 0
5801, 2317101, 0, 0, 0
5900, 2306711, 0, 0, 0
6001, 2506248, 0, 0, 0
6100, 2291954, 0, 0, 0
6200, 2311861, 0, 0, 0
6300, 2176676, 0, 0, 0
6401, 2281712, 0, 0, 0
6501, 2255096, 0, 0, 0
6601, 2275330, 0, 0, 0
6701, 2323170, 0, 0, 0
6800, 2240002, 0, 0, 0
6900, 2212582, 0, 0, 0
7003, 2324172, 0, 0, 0
7101, 2172068, 0, 0, 0
7200, 2182311, 0, 0, 0
7300, 2175821, 0, 0, 0
7401, 2224253, 0, 0, 0
7500, 2409891, 0, 0, 0
7601, 2251180, 0, 0, 0
7700, 2182568, 0, 0, 0
7801, 2188730, 0, 0, 0
7900, 2350182, 0, 0, 0
8001, 2386017, 0, 0, 0
8100, 2486136, 0, 0, 0
8200, 2258739, 0, 0, 0
8300, 2160178, 0, 0, 0
8402, 2300195, 0, 0, 0
8500, 2090674, 0, 0, 0
8600, 2316889, 0, 0, 0
8701, 2082141, 0, 0, 0
8800, 2146366, 0, 0, 0
8900, 2428646, 0, 0, 0
9000, 2273389, 0, 0, 0
9101, 2100095, 0, 0, 0
9201, 2484426, 0, 0, 0
9301, 2497058, 0, 0, 0
9401, 2305137, 0, 0, 0
9502, 1975816, 0, 0, 0
9602, 2258868, 0, 0, 0
9701, 2103657, 0, 0, 0
9802, 2456843, 0, 0, 0
9901, 2151069, 0, 0, 0
10000, 2247920, 0, 0, 0
10100, 2413635, 0, 0, 0
10201, 2526817, 0, 0, 0
10300, 2240347, 0, 0, 0
10401, 2146568, 0, 0, 0
10500, 2241339, 0, 0, 0
10600, 2361631, 0, 0, 0
10701, 2333993, 0, 0, 0
10801, 2230067, 0, 0, 0
10901, 2209655, 0, 0, 0
11002, 2129201, 0, 0, 0
11102, 2370732, 0, 0, 0
11201, 2241767, 0, 0, 0
11300, 2310251, 0, 0, 0
11400, 2366861, 0, 0, 0
11501, 2191592, 0, 0, 0
11601, 2475921, 0, 0, 0
11700, 2242778, 0, 0, 0
11802, 2359465, 0, 0, 0
11901, 2163939, 0, 0, 0
12001, 2117822, 0, 0, 0
12100, 2287872, 0, 0, 0
12201, 2134702, 0, 0, 0
12300, 2292418, 0, 0, 0
12401, 2289364, 0, 0, 0
12502, 2396213, 0, 0, 0
12600, 2209348, 0, 0, 0
12700, 2281442, 0, 0, 0
12801, 2135101, 0, 0, 0
12901, 2162419, 0, 0, 0
13002, 2280417, 0, 0, 0
13101, 2477520, 0, 0, 0
13200, 2180422, 0, 0, 0
13301, 2250429, 0, 0, 0
13400, 2453925, 0, 0, 0
13501, 2330915, 0, 0, 0
13600, 2155310, 0, 0, 0
13702, 2198933, 0, 0, 0
13800, 2277197, 0, 0, 0
13901, 2244430, 0, 0, 0
14001, 2103822, 0, 0, 0
14100, 2210368, 0, 0, 0
14201, 2266890, 0, 0, 0
14303, 2267501, 0, 0, 0
14402, 2189241, 0, 0, 0
14501, 2135199, 0, 0, 0
14601, 2384153, 0, 0, 0
14702, 2275465, 0, 0, 0
14803, 2399249, 0, 0, 0
14900, 2153954, 0, 0, 0
15002, 2242087, 0, 0, 0
15100, 2168804, 0, 0, 0
15200, 2270058, 0, 0, 0
15300, 2266824, 0, 0, 0
15401, 2190759, 0, 0, 0
15502, 2092166, 0, 0, 0
15601, 2395625, 0, 0, 0
15700, 2298802, 0, 0, 0
15800, 2373921, 0, 0, 0
15901, 2237140, 0, 0, 0
16000, 2239994, 0, 0, 0
16101, 2149680, 0, 0, 0
16201, 2267914, 0, 0, 0
16300, 2182852, 0, 0, 0
16400, 2207135, 0, 0, 0
16501, 2138661, 0, 0, 0
16600, 2244989, 0, 0, 0
16700, 2312407, 0, 0, 0
16800, 2161041, 0, 0, 0
16900, 2130024, 0, 0, 0
17000, 2264727, 0, 0, 0
17102, 2199402, 0, 0, 0
17201, 2304291, 0, 0, 0
17300, 2132685, 0, 0, 0
17400, 2438742, 0, 0, 0
17500, 2276781, 0, 0, 0
17602, 2355338, 0, 0, 0
17700, 2331015, 0, 0, 0
17800, 2257662, 0, 0, 0
17900, 2379748, 0, 0, 0
18001, 2334141, 0, 0, 0
18101, 2319646, 0, 0, 0
18201, 2264586, 0, 0, 0
18301, 2484740, 0, 0, 0
18402, 2335196, 0, 0, 0
18500, 2281103, 0, 0, 0
18600, 2307618, 0, 0, 0
18701, 2148846, 0, 0, 0
18802, 2135117, 0, 0, 0
18902, 2213669, 0, 0, 0
19001, 2159113, 0, 0, 0
19102, 2380731, 0, 0, 0
19201, 2202289, 0, 0, 0
19300, 2406001, 0, 0, 0
19401, 2282048, 0, 0, 0
19501, 2217787, 0, 0, 0
19600, 2142365, 0, 0, 0
19701, 2391657, 0, 0, 0
19800, 2185317, 0, 0, 0
19900, 2318973, 0, 0, 0
20001, 2389804, 0, 0, 0
20101, 2386472, 0, 0, 0
20200, 2294656, 0, 0, 0
20302, 2311528, 0, 0, 0
20401, 2281869, 0, 0, 0
20500, 2160201, 0, 0, 0
20600, 2061142, 0, 0, 0
20701, 2204940, 0, 0, 0
20800, 2240292, 0, 0, 0
20901, 2437113, 0, 0, 0
21000, 2099655, 0, 0, 0
21102, 2207602, 0, 0, 0
21201, 1972781, 0, 0, 0
21301, 2314300, 0, 0, 0
21402, 2454698, 0, 0, 0
21500, 2140314, 0, 0, 0
21600, 2159967, 0, 0, 0
21700, 2036871, 0, 0, 0
21801, 2182003, 0, 0, 0
21900, 2145286, 0, 0, 0
22000, 2172102, 0, 0, 0
22101, 2234616, 0, 0, 0
22201, 2248637, 0, 0, 0
22301, 2389090, 0, 0, 0
22400, 2341772, 0, 0, 0
22501, 2228006, 0, 0, 0
22601, 2382052, 0, 0, 0
22701, 2153054, 0, 0, 0
22800, 2248691, 0, 0, 0
22901, 2282241, 0, 0, 0
23000, 2160470, 0, 0, 0
23101, 2174866, 0, 0, 0
23202, 2280012, 0, 0, 0
23300, 2274117, 0, 0, 0
23400, 2078236, 0, 0, 0
23502, 2433138, 0, 0, 0
23600, 2122884, 0, 0, 0
23700, 1979692, 0, 0, 0
23800, 2260234, 0, 0, 0
23901, 2249152, 0, 0, 0
24001, 2264527, 0, 0, 0
24103, 2403978, 0, 0, 0
24200, 2250386, 0, 0, 0
24300, 2274083, 0, 0, 0
24400, 2318732, 0, 0, 0
24500, 2473467, 0, 0, 0
24601, 2287503, 0, 0, 0
24700, 2250487, 0, 0, 0
24801, 2289338, 0, 0, 0
24902, 2178870, 0, 0, 0
25001, 2236466, 0, 0, 0
25101, 2171126, 0, 0, 0
25201, 2172829, 0, 0, 0
25300, 2342923, 0, 0, 0
25400, 2313956, 0, 0, 0
25500, 2271407, 0, 0, 0
25601, 2046549, 0, 0, 0
25700, 2137999, 0, 0, 0
25800, 2269877, 0, 0, 0
25902, 1963857, 0, 0, 0
26001, 2099806, 0, 0, 0
26100, 2005342, 0, 0, 0
26200, 2169915, 0, 0, 0
26301, 2230278, 0, 0, 0
26401, 2115986, 0, 0, 0
26501, 2175371, 0, 0, 0
26600, 2234136, 0, 0, 0
26702, 2119382, 0, 0, 0
26800, 1997647, 0, 0, 0
26901, 2377178, 0, 0, 0
27000, 2103235, 0, 0, 0
27100, 2090394, 0, 0, 0
27201, 2042188, 0, 0, 0
27301, 2002507, 0, 0, 0
27402, 2321499, 0, 0, 0
27501, 2240107, 0, 0, 0
27602, 2296028, 0, 0, 0
27700, 2167006, 0, 0, 0
27801, 2107272, 0, 0, 0
27902, 2128304, 0, 0, 0
28001, 2188276, 0, 0, 0
28100, 2066698, 0, 0, 0
28201, 2236651, 0, 0, 0
28300, 2143460, 0, 0, 0
28400, 2208839, 0, 0, 0
28500, 2363559, 0, 0, 0
28601, 2148439, 0, 0, 0
28701, 2155705, 0, 0, 0
28800, 2409312, 0, 0, 0
28900, 2227078, 0, 0, 0
29002, 2199134, 0, 0, 0
29101, 1927690, 0, 0, 0
29200, 2352983, 0, 0, 0
29300, 2220278, 0, 0, 0
29401, 2392077, 0, 0, 0
29500, 2197834, 0, 0, 0
29602, 2302182, 0, 0, 0
29702, 2208374, 0, 0, 0
29801, 2141422, 0, 0, 0
29900, 2011974, 0, 0, 0
30001, 2141353, 0, 0, 0
30101, 2177896, 0, 0, 0
30200, 2233373, 0, 0, 0
30300, 2214048, 0, 0, 0
30401, 2057744, 0, 0, 0
30502, 2239509, 0, 0, 0
30601, 2096591, 0, 0, 0
30700, 2345218, 0, 0, 0
30800, 2123119, 0, 0, 0
30901, 2336402, 0, 0, 0
31002, 2274643, 0, 0, 0
31100, 2217592, 0, 0, 0
31201, 2237514, 0, 0, 0
31300, 2198542, 0, 0, 0
31400, 2214359, 0, 0, 0
31501, 2141124, 0, 0, 0
31602, 2176573, 0, 0, 0
31700, 2218142, 0, 0, 0
31800, 2319430, 0, 0, 0
31900, 2120872, 0, 0, 0
32000, 2491534, 0, 0, 0
32100, 2124059, 0, 0, 0
32201, 2182034, 0, 0, 0
32301, 2125282, 0, 0, 0
32402, 2283834, 0, 0, 0
32503, 2224370, 0, 0, 0
32601, 2269529, 0, 0, 0
32701, 2331633, 0, 0, 0
32800, 2233250, 0, 0, 0
32901, 2390864, 0, 0, 0
33001, 2130973, 0, 0, 0
33100, 2250521, 0, 0, 0
33201, 2317544, 0, 0, 0
33302, 2141093, 0, 0, 0
33401, 2314418, 0, 0, 0
33500, 2330795, 0, 0, 0
33601, 2357015, 0, 0, 0
33700, 2144148, 0, 0, 0
33800, 2265342, 0, 0, 0
33900, 2263295, 0, 0, 0
34000, 2060203, 0, 0, 0
34100, 2277715, 0, 0, 0
34201, 2173605, 0, 0, 0
34300, 1972112, 0, 0, 0
34400, 2220375, 0, 0, 0
34501, 2190540, 0, 0, 0
34602, 2197988, 0, 0, 0
34702, 1935284, 0, 0, 0
34802, 2075478, 0, 0, 0
34901, 2250105, 0, 0, 0
35001, 2117175, 0, 0, 0
35101, 2162622, 0, 0, 0
35201, 2431717, 0, 0, 0
35301, 2124030, 0, 0, 0
35400, 2197962, 0, 0, 0
35500, 2109306, 0, 0, 0
35601, 2242278, 0, 0, 0
35703, 2114970, 0, 0, 0
35801, 2073664, 0, 0, 0
35900, 2137675, 0, 0, 0
36000, 2171265, 0, 0, 0
36101, 2053782, 0, 0, 0
36201, 2490930, 0, 0, 0
36300, 2151398, 0, 0, 0
36400, 1993468, 0, 0, 0
36501, 1997537, 0, 0, 0
36602, 2256618, 0, 0, 0
36701, 2171497, 0, 0, 0
36800, 2195691, 0, 0, 0
36901, 2288903, 0, 0, 0
37001, 2123177, 0, 0, 0
37103, 2201374, 0, 0, 0
37201, 2277578, 0, 0, 0
37301, 2217682, 0, 0, 0
37402, 2086135, 0, 0, 0
37500, 2225488, 0, 0, 0
37600, 2031382, 0, 0, 0
37701, 2091409, 0, 0, 0
37800, 2307551, 0, 0, 0
37902, 2196512, 0, 0, 0
38001, 2209802, 0, 0, 0
38100, 2274467, 0, 0, 0
38200, 2170103, 0, 0, 0
38300, 2176049, 0, 0, 0
38400, 2201726, 0, 0, 0
38501, 2149157, 0, 0, 0
38601, 2377140, 0, 0, 0
38701, 2318569, 0, 0, 0
38801, 2431253, 0, 0, 0
38901, 2254948, 0, 0, 0
39002, 2279775, 0, 0, 0
39100, 2121692, 0, 0, 0
39201, 2141877, 0, 0, 0
39301, 2161735, 0, 0, 0
39401, 2335975, 0, 0, 0
39501, 1980025, 0, 0, 0
39600, 2065013, 0, 0, 0
39701, 2172791, 0, 0, 0
39800, 2142863, 0, 0, 0
39902, 2161328, 0, 0, 0
40001, 2109797, 0, 0, 0
40100, 2413983, 0, 0, 0
40200, 2105532, 0, 0, 0
40301, 2290826, 0, 0, 0
40400, 2356259, 0, 0, 0
40500, 2303224, 0, 0, 0
40601, 2346633, 0, 0, 0
40700, 2356545, 0, 0, 0
40801, 2046724, 0, 0, 0
40901, 2255538, 0, 0, 0
41000, 2311527, 0, 0, 0
41100, 2154043, 0, 0, 0
41200, 2230139, 0, 0, 0
41301, 2269568, 0, 0, 0
41400, 2361525, 0, 0, 0
41500, 2219097, 0, 0, 0
41600, 2249269, 0, 0, 0
41701, 2334832, 0, 0, 0
41801, 2133850, 0, 0, 0
41900, 2297796, 0, 0, 0
42001, 2232659, 0, 0, 0
42101, 2321185, 0, 0, 0
42200, 2223124, 0, 0, 0
42300, 2265475, 0, 0, 0
42400, 2274967, 0, 0, 0
42501, 2274731, 0, 0, 0
42600, 2210499, 0, 0, 0
42701, 2187274, 0, 0, 0
42801, 2209947, 0, 0, 0
42901, 2319177, 0, 0, 0
43000, 2332784, 0, 0, 0
43102, 2267628, 0, 0, 0
43200, 2216453, 0, 0, 0
43301, 2282170, 0, 0, 0
43402, 2090000, 0, 0, 0
43502, 2328252, 0, 0, 0
43601, 2240851, 0, 0, 0
43700, 2236923, 0, 0, 0
43800, 2162363, 0, 0, 0
43900, 2335921, 0, 0, 0
44001, 2341574, 0, 0, 0
44101, 2065089, 0, 0, 0
44201, 2328406, 0, 0, 0
44300, 2236912, 0, 0, 0
44402, 2206088, 0, 0, 0
44500, 2219327, 0, 0, 0
44602, 2490713, 0, 0, 0
44701, 2345464, 0, 0, 0
44800, 2343420, 0, 0, 0
44900, 2207161, 0, 0, 0
45000, 2426336, 0, 0, 0
45100, 2318901, 0, 0, 0
45200, 2162883, 0, 0, 0
45302, 2087504, 0, 0, 0
45400, 2110794, 0, 0, 0
45500, 2177805, 0, 0, 0
45600, 2196074, 0, 0, 0
45701, 2299179, 0, 0, 0
45803, 2305092, 0, 0, 0
45902, 2235583, 0, 0, 0
46000, 2174228, 0, 0, 0
46101, 2283333, 0, 0, 0
46200, 2308390, 0, 0, 0
46300, 2114347, 0, 0, 0
46401, 2401832, 0, 0, 0
46500, 2227329, 0, 0, 0
46601, 2251074, 0, 0, 0
46701, 2151418, 0, 0, 0
46802, 2340124, 0, 0, 0
46900, 2337867, 0, 0, 0
47002, 2152077, 0, 0, 0
47101, 2248051, 0, 0, 0
47200, 2233220, 0, 0, 0
47300, 2164663, 0, 0, 0
47400, 2042554, 0, 0, 0
47501, 2287176, 0, 0, 0
47601, 2165808, 0, 0, 0
47701, 2122111, 0, 0, 0
47801, 2216450, 0, 0, 0
47902, 2320725, 0, 0, 0
48000, 2141876, 0, 0, 0
48101, 2215790, 0, 0, 0
48202, 2235053, 0, 0, 0
48300, 2400985, 0, 0, 0
48400, 2366821, 0, 0, 0
48501, 2333180, 0, 0, 0
48601, 2267244, 0, 0, 0
48700, 2186421, 0, 0, 0
48800, 2077039, 0, 0, 0
48900, 2377447, 0, 0, 0
49000, 2210097, 0, 0, 0
49100, 2276978, 0, 0, 0
49201, 2319192, 0, 0, 0
49300, 2156635, 0, 0, 0
49402, 2246896, 0, 0, 0
49502, 2000911, 0, 0, 0
49600, 2313257, 0, 0, 0
49701, 2284262, 0, 0, 0
49802, 2151871, 0, 0, 0
49901, 2247306, 0, 0, 0
50001, 2266179, 0, 0, 0
50101, 2160695, 0, 0, 0
50202, 2338659, 0, 0, 0
50301, 2285696, 0, 0, 0
50401, 2081871, 0, 0, 0
50501, 2163550, 0, 0, 0
50600, 2289568, 0, 0, 0
50701, 2235614, 0, 0, 0
50802, 2191228, 0, 0, 0
50900, 2179866, 0, 0, 0
51000, 2376188, 0, 0, 0
51100, 2160988, 0, 0, 0
51200, 2304679, 0, 0, 0
51302, 2177953, 0, 0, 0
51400, 2253754, 0, 0, 0
51500, 2333262, 0, 0, 0
51600, 2151931, 0, 0, 0
51701, 2294503, 0, 0, 0
51801, 2268801, 0, 0, 0
51901, 2209772, 0, 0, 0
52001, 2262620, 0, 0, 0
52100, 2184204, 0, 0, 0
52202, 2164046, 0, 0, 0
52301, 2141319, 0, 0, 0
52401, 2160178, 0, 0, 0
52501, 2216517, 0, 0, 0
52601, 2227800, 0, 0, 0
52700, 2224821, 0, 0, 0
52800, 2168675, 0, 0, 0
52900, 2215990, 0, 0, 0
53000, 2317296, 0, 0, 0
53100, 2381192, 0, 0, 0
53202, 2191223, 0, 0, 0
53301, 2292799, 0, 0, 0
53400, 2251723, 0, 0, 0
53502, 2311958, 0, 0, 0
53601, 2242750, 0, 0, 0
53702, 2341835, 0, 0, 0
53800, 2373115, 0, 0, 0
53900, 2087981, 0, 0, 0
54001, 1999286, 0, 0, 0
54101, 1997745, 0, 0, 0
54201, 2312901, 0, 0, 0
54301, 2167191, 0, 0, 0
54401, 2322818, 0, 0, 0
54500, 2129388, 0, 0, 0
54602, 2206776, 0, 0, 0
54700, 2223296, 0, 0, 0
54800, 2209672, 0, 0, 0
54900, 2326877, 0, 0, 0
55000, 2175303, 0, 0, 0
55101, 2448895, 0, 0, 0
55200, 2393101, 0, 0, 0
55301, 2106981, 0, 0, 0
55402, 2331929, 0, 0, 0
55502, 2215784, 0, 0, 0
55602, 2174752, 0, 0, 0
55700, 2252306, 0, 0, 0
55800, 2217465, 0, 0, 0
55900, 2225976, 0, 0, 0
56000, 2356612, 0, 0, 0
56101, 2142391, 0, 0, 0
56200, 2060642, 0, 0, 0
56300, 2306708, 0, 0, 0
56401, 2356988, 0, 0, 0
56500, 2350718, 0, 0, 0
56600, 2207458, 0, 0, 0
56700, 2124443, 0, 0, 0
56800, 2166553, 0, 0, 0
56900, 2201140, 0, 0, 0
57001, 2152570, 0, 0, 0
57102, 2271678, 0, 0, 0
57200, 2135008, 0, 0, 0
57300, 2033926, 0, 0, 0
57400, 2415381, 0, 0, 0
57500, 2120489, 0, 0, 0
57600, 2171559, 0, 0, 0
57701, 2139937, 0, 0, 0
57801, 2117907, 0, 0, 0
57901, 2121405, 0, 0, 0
58000, 2088420, 0, 0, 0
58100, 1926525, 0, 0, 0
58201, 2271955, 0, 0, 0
58301, 2090118, 0, 0, 0
58401, 2205859, 0, 0, 0
58502, 2089668, 0, 0, 0
58602, 2125994, 0, 0, 0
58702, 2368460, 0, 0, 0
58801, 2146429, 0, 0, 0
58901, 2312909, 0, 0, 0
59000, 2242803, 0, 0, 0
59100, 2265886, 0, 0, 0
59200, 2437003, 0, 0, 0
59301, 2355313, 0, 0, 0
59400, 2232113, 0, 0, 0
59501, 2350356, 0, 0, 0
59602, 2334832, 0, 0, 0
59700, 2321220, 0, 0, 0
59802, 2298609, 0, 0, 0
59900, 2340918, 0, 0, 0
60001, 2088081, 0, 0, 0
