100, 1562992, 0, 0, 0
200, 1519383, 0, 0, 0
300, 1478203, 0, 0, 0
400, 1517291, 0, 0, 0
500, 1458874, 0, 0, 0
602, 1628610, 0, 0, 0
700, 1512849, 0, 0, 0
800, 1448716, 0, 0, 0
900, 1450675, 0, 0, 0
1000, 1503352, 0, 0, 0
1100, 1362155, 0, 0, 0
1200, 1934934, 0, 0, 0
1300, 1371568, 0, 0, 0
1400, 1434453, 0, 0, 0
1500, 1509901, 0, 0, 0
1623, 2248742, 0, 0, 0
1700, 1897340, 0, 0, 0
1800, 1481165, 0, 0, 0
1900, 1483628, 0, 0, 0
2002, 2646506, 0, 0, 0
2100, 1755133, 0, 0, 0
2201, 2017560, 0, 0, 0
2300, 1537713, 0, 0, 0
2401, 1510247, 0, 0, 0
2500, 1521143, 0, 0, 0
2600, 2044770, 0, 0, 0
2700, 1499097, 0, 0, 0
2801, 1588615, 0, 0, 0
2900, 1581663, 0, 0, 0
3001, 1638177, 0, 0, 0
3100, 1558063, 0, 0, 0
3201, 1502267, 0, 0, 0
3300, 1478261, 0, 0, 0
3400, 1454110, 0, 0, 0
3501, 1559530, 0, 0, 0
3600, 1497114, 0, 0, 0
3700, 1441295, 0, 0, 0
3800, 1627792, 0, 0, 0
3900, 1478139, 0, 0, 0
4000, 1542416, 0, 0, 0
4100, 1415464, 0, 0, 0
4200, 1482032, 0, 0, 0
4301, 1646852, 0, 0, 0
4400, 1546925, 0, 0, 0
4501, 1454212, 0, 0, 0
4600, 1427166, 0, 0, 0
4701, 1394301, 0, 0, 0
4800, 2242089, 0, 0, 0
4900, 1507198, 0, 0, 0
5000, 1436513, 0, 0, 0
5100, 1443748, 0, 0, 0
5200, 1734058, 0, 0, 0
5300, 1548796, 0, 0, 0
5400, 1482118, 0, 0, 0
5501, 1827708, 0, 0, 0
5600, 1427825, 0, 0, 0
5700, 1507999, 0, 0, 0
5800, 1529515, 0, 0, 0
5901, 1459882, 0, 0, 0
6000, 1465138, 0, 0, 0
6100, 1534005, 0, 0, 0
6200, 1443202, 0, 0, 0
6300, 1478702, 0, 0, 0
6400, 1388114, 0, 0, 0
6500, 1401907, 0, 0, 0
6600, 1533569, 0, 0, 0
6700, 1402209, 0, 0, 0
6800, 1361486, 0, 0, 0
6901, 2122986, 0, 0, 0
7000, 1664076, 0, 0, 0
7100, 1612409, 0, 0, 0
7200, 1569503, 0, 0, 0
7355, 2152183, 0, 0, 0
7400, 2656098, 0, 0, 0
7500, 1636987, 0, 0, 0
7600, 1597262, 0, 0, 0
7700, 1575994, 0, 0, 0
7800, 1529587, 0, 0, 0
7901, 1438273, 0, 0, 0
8000, 1576941, 0, 0, 0
8100, 1467850, 0, 0, 0
8201, 2247521, 0, 0, 0
8300, 1718060, 0, 0, 0
8400, 1469707, 0, 0, 0
8501, 1599729, 0, 0, 0
8600, 1487055, 0, 0, 0
8701, 1496808, 0, 0, 0
8801, 1435277, 0, 0, 0
8900, 1439888, 0, 0, 0
9000, 1420041, 0, 0, 0
9100, 1483303, 0, 0, 0
9200, 1406170, 0, 0, 0
9300, 1523054, 0, 0, 0
9401, 1561910, 0, 0, 0
9500, 1465563, 0, 0, 0
9600, 1462722, 0, 0, 0
9700, 1486874, 0, 0, 0
9800, 1425694, 0, 0, 0
9901, 1473138, 0, 0, 0
10001, 1344442, 0, 0, 0
10100, 1467622, 0, 0, 0
10201, 1438153, 0, 0, 0
10300, 1497469, 0, 0, 0
10400, 2956066, 0, 0, 0
10500, 1572784, 0, 0, 0
10600, 1458594, 0, 0, 0
10700, 1519404, 0, 0, 0
10801, 1494076, 0, 0, 0
10900, 1489975, 0, 0, 0
11000, 1416485, 0, 0, 0
11100, 1477376, 0, 0, 0
11200, 1470161, 0, 0, 0
11300, 1402719, 0, 0, 0
11400, 1458487, 0, 0, 0
11500, 1577053, 0, 0, 0
11600, 1550907, 0, 0, 0
11700, 1483560, 0, 0, 0
11800, 1383852, 0, 0, 0
11900, 1480234, 0, 0, 0
12000, 1431930, 0, 0, 0
12100, 1468133, 0, 0, 0
12200, 1495627, 0, 0, 0
12300, 1462725, 0, 0, 0
12400, 1449381, 0, 0, 0
12500, 1565354, 0, 0, 0
12600, 1563652, 0, 0, 0
12700, 1825395, 0, 0, 0
12800, 1500278, 0, 0, 0
12900, 1264242, 0, 0, 0
13000, 2254595, 0, 0, 0
13100, 1518066, 0, 0, 0
13200, 1543550, 0, 0, 0
13300, 1503336, 0, 0, 0
13400, 1448467, 0, 0, 0
13500, 1449520, 0, 0, 0
13600, 1824000, 0, 0, 0
13700, 1565663, 0, 0, 0
13800, 1587712, 0, 0, 0
13901, 1456048, 0, 0, 0
14001, 1503770, 0, 0, 0
14100, 1485184, 0, 0, 0
14200, 1905696, 0, 0, 0
14300, 1415124, 0, 0, 0
14400, 1454788, 0, 0, 0
14500, 1504051, 0, 0, 0
14600, 1996691, 0, 0, 0
14701, 1479121, 0, 0, 0
14801, 1476896, 0, 0, 0
14901, 1481427, 0, 0, 0
15000, 1467199, 0, 0, 0
15100, 1466668, 0, 0, 0
15226, 4465960, 0, 0, 0
15342, 3970895, 0, 0, 0
15400, 2310276, 0, 0, 0
15580, 3123694, 0, 0, 0
15600, 5705857, 0, 0, 0
15701, 1545762, 0, 0, 0
15800, 1616417, 0, 0, 0
15900, 1525858, 0, 0, 0
16000, 1518266, 0, 0, 0
16134, 2211985, 0, 0, 0
16200, 2125892, 0, 0, 0
16300, 1630085, 0, 0, 0
16400, 1576430, 0, 0, 0
16500, 1516544, 0, 0, 0
16600, 1573383, 0, 0, 0
16700, 1523898, 0, 0, 0
16801, 1543424, 0, 0, 0
16900, 1615192, 0, 0, 0
17001, 1615724, 0, 0, 0
17100, 1676606, 0, 0, 0
17200, 1598981, 0, 0, 0
17300, 1650958, 0, 0, 0
17400, 1583921, 0, 0, 0
17500, 1547457, 0, 0, 0
17600, 1663030, 0, 0, 0
17701, 1642246, 0, 0, 0
17800, 1524522, 0, 0, 0
17900, 1656944, 0, 0, 0
18000, 1488817, 0, 0, 0
18100, 2096223, 0, 0, 0
18200, 1500467, 0, 0, 0
18301, 1460381, 0, 0, 0
18400, 1661960, 0, 0, 0
18500, 1518673, 0, 0, 0
18600, 1517633, 0, 0, 0
18700, 1557755, 0, 0, 0
18801, 1460856, 0, 0, 0
18901, 1530285, 0, 0, 0
19009, 1896709, 0, 0, 0
19100, 1731609, 0, 0, 0
19200, 1409165, 0, 0, 0
19300, 1541488, 0, 0, 0
19401, 1550920, 0, 0, 0
19500, 1485092, 0, 0, 0
19601, 1575383, 0, 0, 0
19701, 1509161, 0, 0, 0
19801, 1478486, 0, 0, 0
19901, 1555011, 0, 0, 0
20000, 3242750, 0, 0, 0
20100, 1589223, 0, 0, 0
20200, 1679122, 0, 0, 0
20301, 1709362, 0, 0, 0
20400, 1616289, 0, 0, 0
20500, 1415533, 0, 0, 0
20600, 2261227, 0, 0, 0
20700, 1622107, 0, 0, 0
20800, 1523444, 0, 0, 0
20901, 1588246, 0, 0, 0
21001, 1583062, 0, 0, 0
21100, 1563164, 0, 0, 0
21201, 1640950, 0, 0, 0
21300, 1571320, 0, 0, 0
21400, 1631753, 0, 0, 0
21500, 1614070, 0, 0, 0
21601, 1644218, 0, 0, 0
21700, 1609172, 0, 0, 0
21800, 1592415, 0, 0, 0
21901, 1643816, 0, 0, 0
22000, 1623447, 0, 0, 0
22100, 1677884, 0, 0, 0
22200, 1720740, 0, 0, 0
22300, 1687515, 0, 0, 0
22400, 1688926, 0, 0, 0
22500, 1666774, 0, 0, 0
22600, 1575625, 0, 0, 0
22700, 1660052, 0, 0, 0
22801, 1658477, 0, 0, 0
22900, 1898031, 0, 0, 0
23000, 1623584, 0, 0, 0
23168, 5255147, 0, 0, 0
23200, 4990070, 0, 0, 0
23300, 1554073, 0, 0, 0
23402, 6302409, 0, 0, 0
23500, 2317686, 0, 0, 0
23601, 1565248, 0, 0, 0
23700, 1607846, 0, 0, 0
23800, 1516621, 0, 0, 0
23900, 1471116, 0, 0, 0
24000, 1546783, 0, 0, 0
24101, 1536081, 0, 0, 0
24200, 1527910, 0, 0, 0
24333, 4488091, 0, 0, 0
24400, 2835581, 0, 0, 0
24500, 1593658, 0, 0, 0
24600, 1531776, 0, 0, 0
24728, 3333774, 0, 0, 0
24801, 2455452, 0, 0, 0
24900, 1721646, 0, 0, 0
25000, 1610894, 0, 0, 0
25100, 1560630, 0, 0, 0
25200, 1551294, 0, 0, 0
25300, 1477030, 0, 0, 0
25400, 2244369, 0, 0, 0
25500, 1943490, 0, 0, 0
25600, 1773370, 0, 0, 0
25701, 1619882, 0, 0, 0
25800, 1658617, 0, 0, 0
25900, 1547410, 0, 0, 0
26001, 1525217, 0, 0, 0
26101, 1558674, 0, 0, 0
26200, 1400245, 0, 0, 0
26300, 1600121, 0, 0, 0
26400, 1670614, 0, 0, 0
26500, 1557792, 0, 0, 0
26601, 1534492, 0, 0, 0
26700, 2031872, 0, 0, 0
26800, 1612932, 0, 0, 0
26900, 1610815, 0, 0, 0
27001, 1661222, 0, 0, 0
27100, 2001950, 0, 0, 0
27201, 1677892, 0, 0, 0
27300, 1510470, 0, 0, 0
27400, 1655574, 0, 0, 0
27500, 1480978, 0, 0, 0
27601, 1502614, 0, 0, 0
27705, 1733131, 0, 0, 0
27800, 1764409, 0, 0, 0
27900, 1490048, 0, 0, 0
28000, 1436966, 0, 0, 0
28100, 1453592, 0, 0, 0
28218, 1650688, 0, 0, 0
28301, 1655099, 0, 0, 0
28400, 1456830, 0, 0, 0
28500, 1492913, 0, 0, 0
28600, 1582686, 0, 0, 0
28700, 1560292, 0, 0, 0
28800, 1548403, 0, 0, 0
28900, 1537436, 0, 0, 0
29000, 1564268, 0, 0, 0
29183, 1959672, 0, 0, 0
29200, 6505421, 0, 0, 0
29300, 1467691, 0, 0, 0
29400, 1715054, 0, 0, 0
29500, 1626167, 0, 0, 0
29600, 1683558, 0, 0, 0
29711, 3727119, 0, 0, 0
29800, 2302741, 0, 0, 0
29900, 1519081, 0, 0, 0
30090, 4485476, 0, 0, 0
30101, 15863495, 0, 0, 0
30201, 1628055, 0, 0, 0
30300, 1509475, 0, 0, 0
30400, 1502853, 0, 0, 0
30500, 1521447, 0, 0, 0
30600, 1511025, 0, 0, 0
30700, 1529353, 0, 0, 0
30800, 1478470, 0, 0, 0
30900, 1523958, 0, 0, 0
31000, 1457263, 0, 0, 0
31100, 1593805, 0, 0, 0
31201, 1487868, 0, 0, 0
31300, 2102083, 0, 0, 0
31400, 1610174, 0, 0, 0
31500, 2756839, 0, 0, 0
31600, 1601390, 0, 0, 0
31701, 1495089, 0, 0, 0
31800, 1489217, 0, 0, 0
31900, 1557133, 0, 0, 0
32065, 9192861, 0, 0, 0
32100, 11338837, 0, 0, 0
32200, 1405751, 0, 0, 0
32333, 8812853, 0, 0, 0
32404, 3861387, 0, 0, 0
32553, 5592411, 0, 0, 0
32600, 2876068, 0, 0, 0
32778, 5770478, 0, 0, 0
32804, 9514966, 0, 0, 0
32900, 7558175, 0, 0, 0
33000, 4113842, 0, 0, 0
33100, 2072672, 0, 0, 0
33200, 1440881, 0, 0, 0
33300, 1580895, 0, 0, 0
33400, 1597443, 0, 0, 0
33500, 1501098, 0, 0, 0
33600, 1549205, 0, 0, 0
33700, 1590695, 0, 0, 0
33800, 1518575, 0, 0, 0
33901, 1578810, 0, 0, 0
34001, 1518769, 0, 0, 0
34100, 1551091, 0, 0, 0
34200, 1538244, 0, 0, 0
34300, 1497294, 0, 0, 0
34400, 1463714, 0, 0, 0
34501, 1584968, 0, 0, 0
34600, 1460118, 0, 0, 0
34700, 1479482, 0, 0, 0
34800, 1557323, 0, 0, 0
34900, 1532330, 0, 0, 0
35000, 1547571, 0, 0, 0
35101, 1623981, 0, 0, 0
35200, 1717462, 0, 0, 0
35300, 1617803, 0, 0, 0
35400, 1659428, 0, 0, 0
35500, 1571539, 0, 0, 0
35600, 1466773, 0, 0, 0
35700, 1557034, 0, 0, 0
35800, 1561473, 0, 0, 0
35901, 1534916, 0, 0, 0
36000, 1540678, 0, 0, 0
36100, 1611034, 0, 0, 0
36200, 1590568, 0, 0, 0
36300, 1660543, 0, 0, 0
36400, 1663679, 0, 0, 0
36501, 1695674, 0, 0, 0
36600, 1569861, 0, 0, 0
36700, 1712097, 0, 0, 0
36800, 1550528, 0, 0, 0
36900, 1585297, 0, 0, 0
37000, 1687195, 0, 0, 0
37100, 1585514, 0, 0, 0
37200, 1653172, 0, 0, 0
37300, 1542233, 0, 0, 0
37400, 1602543, 0, 0, 0
37500, 1676396, 0, 0, 0
37600, 1569411, 0, 0, 0
37700, 1630446, 0, 0, 0
37801, 1573792, 0, 0, 0
37901, 1701478, 0, 0, 0
38000, 1579412, 0, 0, 0
38100, 1603118, 0, 0, 0
38200, 1664999, 0, 0, 0
38300, 1601052, 0, 0, 0
38400, 1677953, 0, 0, 0
38500, 1632852, 0, 0, 0
38600, 1684732, 0, 0, 0
38701, 1570646, 0, 0, 0
38800, 1611859, 0, 0, 0
38900, 1659164, 0, 0, 0
39000, 1582479, 0, 0, 0
39100, 1644519, 0, 0, 0
39200, 1591476, 0, 0, 0
39301, 1588862, 0, 0, 0
39401, 1595008, 0, 0, 0
39500, 1607432, 0, 0, 0
39601, 1534505, 0, 0, 0
39700, 1623979, 0, 0, 0
39800, 1691022, 0, 0, 0
39900, 1537611, 0, 0, 0
40000, 1644599, 0, 0, 0
40108, 2913268, 0, 0, 0
40212, 3788849, 0, 0, 0
40300, 4176078, 0, 0, 0
40400, 2101474, 0, 0, 0
40501, 1699112, 0, 0, 0
40601, 1580332, 0, 0, 0
40700, 1605467, 0, 0, 0
40800, 1620549, 0, 0, 0
40900, 1701700, 0, 0, 0
41000, 1580343, 0, 0, 0
41100, 1748019, 0, 0, 0
41200, 1626796, 0, 0, 0
41300, 1554154, 0, 0, 0
41401, 1651163, 0, 0, 0
41500, 1604878, 0, 0, 0
41600, 1602708, 0, 0, 0
41700, 1590434, 0, 0, 0
41800, 1543508, 0, 0, 0
41901, 1586808, 0, 0, 0
42000, 1597276, 0, 0, 0
42100, 1663966, 0, 0, 0
42201, 1647884, 0, 0, 0
42300, 1532519, 0, 0, 0
42400, 1634412, 0, 0, 0
42500, 1594681, 0, 0, 0
42600, 1653333, 0, 0, 0
42701, 1702611, 0, 0, 0
42800, 1617755, 0, 0, 0
42900, 1642642, 0, 0, 0
43000, 1647831, 0, 0, 0
43101, 1676470, 0, 0, 0
43200, 1695107, 0, 0, 0
43300, 1701878, 0, 0, 0
43400, 1675087, 0, 0, 0
43500, 1553892, 0, 0, 0
43600, 1595364, 0, 0, 0
43701, 1627342, 0, 0, 0
43801, 1662558, 0, 0, 0
43900, 1619578, 0, 0, 0
44000, 1663839, 0, 0, 0
44100, 1648230, 0, 0, 0
44200, 1612133, 0, 0, 0
44300, 1566650, 0, 0, 0
44400, 1626454, 0, 0, 0
44501, 1601771, 0, 0, 0
44600, 1610835, 0, 0, 0
44700, 1763813, 0, 0, 0
44800, 1623671, 0, 0, 0
44900, 1673385, 0, 0, 0
45000, 1647901, 0, 0, 0
45119, 2501336, 0, 0, 0
45202, 2019222, 0, 0, 0
45300, 2683659, 0, 0, 0
45400, 1987529, 0, 0, 0
45500, 1693309, 0, 0, 0
45600, 1731422, 0, 0, 0
45700, 1777369, 0, 0, 0
45800, 1614049, 0, 0, 0
45900, 1674591, 0, 0, 0
46000, 1620642, 0, 0, 0
46100, 1683207, 0, 0, 0
46201, 1665612, 0, 0, 0
46300, 1688739, 0, 0, 0
46400, 1589784, 0, 0, 0
46500, 1511640, 0, 0, 0
46600, 1545816, 0, 0, 0
46700, 1660225, 0, 0, 0
46800, 1679795, 0, 0, 0
46900, 1610581, 0, 0, 0
47000, 1595650, 0, 0, 0
47100, 1579385, 0, 0, 0
47200, 1748839, 0, 0, 0
47300, 1648173, 0, 0, 0
47401, 1670772, 0, 0, 0
47500, 1690750, 0, 0, 0
47600, 1704900, 0, 0, 0
47700, 1669535, 0, 0, 0
47800, 1729643, 0, 0, 0
47900, 1593453, 0, 0, 0
48000, 1649480, 0, 0, 0
48100, 1571495, 0, 0, 0
48200, 1704259, 0, 0, 0
48300, 1562245, 0, 0, 0
48400, 1568695, 0, 0, 0
48500, 1529520, 0, 0, 0
48600, 1649505, 0, 0, 0
48700, 1629626, 0, 0, 0
48800, 1521361, 0, 0, 0
48900, 1606697, 0, 0, 0
49000, 1548668, 0, 0, 0
49100, 1614191, 0, 0, 0
49200, 1535896, 0, 0, 0
49300, 1635651, 0, 0, 0
49400, 1684212, 0, 0, 0
49501, 1617692, 0, 0, 0
49600, 1537370, 0, 0, 0
49700, 1571932, 0, 0, 0
49800, 1687298, 0, 0, 0
49900, 1687087, 0, 0, 0
50001, 1587035, 0, 0, 0
50100, 1642991, 0, 0, 0
50227, 3212149, 0, 0, 0
50301, 3639792, 0, 0, 0
50400, 3730665, 0, 0, 0
50501, 1889082, 0, 0, 0
50600, 1817118, 0, 0, 0
50701, 1669223, 0, 0, 0
50800, 1620899, 0, 0, 0
50900, 1568018, 0, 0, 0
51000, 1559278, 0, 0, 0
51100, 1554172, 0, 0, 0
51200, 1659753, 0, 0, 0
51300, 1617505, 0, 0, 0
51400, 1568899, 0, 0, 0
51500, 1567450, 0, 0, 0
51600, 1623282, 0, 0, 0
51700, 1525211, 0, 0, 0
51800, 1573815, 0, 0, 0
51900, 1546260, 0, 0, 0
52000, 1556385, 0, 0, 0
52100, 1619916, 0, 0, 0
52200, 1637594, 0, 0, 0
52300, 1516369, 0, 0, 0
52400, 1584595, 0, 0, 0
52500, 1569777, 0, 0, 0
52600, 1481186, 0, 0, 0
52700, 1498696, 0, 0, 0
52801, 1571415, 0, 0, 0
52900, 1553963, 0, 0, 0
53000, 1551757, 0, 0, 0
53100, 1634221, 0, 0, 0
53200, 1567405, 0, 0, 0
53301, 1591800, 0, 0, 0
53400, 1529132, 0, 0, 0
53500, 1587157, 0, 0, 0
53600, 1572773, 0, 0, 0
53700, 1587417, 0, 0, 0
53800, 1571935, 0, 0, 0
53900, 1487367, 0, 0, 0
54000, 1528531, 0, 0, 0
54100, 1527792, 0, 0, 0
54200, 1603111, 0, 0, 0
54300, 1564926, 0, 0, 0
54401, 1575823, 0, 0, 0
54501, 1628695, 0, 0, 0
54600, 1494565, 0, 0, 0
54700, 1605849, 0, 0, 0
54800, 1564946, 0, 0, 0
54900, 1555036, 0, 0, 0
55000, 1691096, 0, 0, 0
55100, 1581046, 0, 0, 0
55200, 1575586, 0, 0, 0
55300, 1601950, 0, 0, 0
55400, 1678621, 0, 0, 0
55500, 1624925, 0, 0, 0
55600, 1580066, 0, 0, 0
55700, 1639759, 0, 0, 0
55800, 1590309, 0, 0, 0
55900, 1620627, 0, 0, 0
56000, 1509377, 0, 0, 0
56100, 1660682, 0, 0, 0
56200, 1653736, 0, 0, 0
56300, 1659818, 0, 0, 0
56400, 1626719, 0, 0, 0
56500, 1503138, 0, 0, 0
56601, 1561853, 0, 0, 0
56700, 1529679, 0, 0, 0
56800, 1695118, 0, 0, 0
56900, 1584441, 0, 0, 0
57001, 1574194, 0, 0, 0
57100, 1592239, 0, 0, 0
57200, 1690782, 0, 0, 0
57300, 1674660, 0, 0, 0
57400, 1701802, 0, 0, 0
57501, 1589690, 0, 0, 0
57600, 1621475, 0, 0, 0
57700, 1537926, 0, 0, 0
57801, 1642323, 0, 0, 0
57900, 1641460, 0, 0, 0
58001, 1684162, 0, 0, 0
58100, 1616304, 0, 0, 0
58200, 1652042, 0, 0, 0
58300, 1723657, 0, 0, 0
58400, 1642186, 0, 0, 0
58501, 1606797, 0, 0, 0
58600, 1634547, 0, 0, 0
58700, 1722925, 0, 0, 0
58800, 1573877, 0, 0, 0
58900, 1566315, 0, 0, 0
59000, 1656329, 0, 0, 0
59100, 1627575, 0, 0, 0
59200, 1632106, 0, 0, 0
59300, 1678002, 0, 0, 0
59400, 1714842, 0, 0, 0
59501, 1722783, 0, 0, 0
59600, 1762299, 0, 0, 0
59700, 1602091, 0, 0, 0
59800, 1670396, 0, 0, 0
59901, 1662970, 0, 0, 0
60000, 1498976, 0, 0, 0
60000, 1188678, 0, 0, 0
