100, 3330798, 1, 0, 0
200, 1500119, 1, 0, 0
301, 1413234, 1, 0, 0
400, 1462909, 1, 0, 0
500, 1479505, 1, 0, 0
600, 1468477, 1, 0, 0
700, 1479348, 1, 0, 0
800, 1527359, 1, 0, 0
901, 1421423, 1, 0, 0
1000, 1515826, 1, 0, 0
1100, 1504716, 1, 0, 0
1201, 1410187, 1, 0, 0
1301, 1423979, 1, 0, 0
1400, 1445334, 1, 0, 0
1500, 1421422, 1, 0, 0
1600, 1507961, 1, 0, 0
1701, 1443031, 1, 0, 0
1800, 1453754, 1, 0, 0
1900, 1486642, 1, 0, 0
2001, 1492951, 1, 0, 0
2100, 1641872, 1, 0, 0
2201, 1468914, 1, 0, 0
2301, 1508715, 1, 0, 0
2400, 1447798, 1, 0, 0
2500, 1479998, 1, 0, 0
2600, 1650354, 1, 0, 0
2701, 1441235, 1, 0, 0
2800, 1443765, 1, 0, 0
2900, 1469208, 1, 0, 0
3000, 1457938, 1, 0, 0
3100, 1476489, 1, 0, 0
3201, 1476097, 1, 0, 0
3301, 1537212, 1, 0, 0
3400, 1548220, 1, 0, 0
3500, 1582455, 1, 0, 0
3600, 1780112, 1, 0, 0
3701, 1574514, 1, 0, 0
3800, 1606336, 1, 0, 0
3900, 1562337, 1, 0, 0
4001, 1407461, 1, 0, 0
4101, 2704378, 1, 0, 0
4201, 1488799, 1, 0, 0
4300, 1478810, 1, 0, 0
4400, 1493770, 1, 0, 0
4501, 1480031, 1, 0, 0
4600, 1569082, 1, 0, 0
4700, 1466025, 1, 0, 0
4801, 1465454, 1, 0, 0
4900, 1522224, 1, 0, 0
5002, 1650238, 1, 0, 0
5101, 1584865, 1, 0, 0
5200, 1772463, 1, 0, 0
5300, 1507742, 1, 0, 0
5400, 1499055, 1, 0, 0
5500, 1480736, 1, 0, 0
5601, 1529954, 1, 0, 0
5700, 1603914, 1, 0, 0
5800, 1483757, 1, 0, 0
5901, 1437282, 1, 0, 0
6031, 2166337, 1, 0, 0
6101, 1713902, 1, 0, 0
6201, 1575877, 1, 0, 0
6300, 1485879, 1, 0, 0
6400, 1485607, 1, 0, 0
6501, 1502021, 1, 0, 0
6600, 1568212, 1, 0, 0
6700, 1511986, 1, 0, 0
6800, 1477653, 1, 0, 0
6900, 1444219, 1, 0, 0
7000, 1403734, 1, 0, 0
7100, 1499293, 1, 0, 0
7201, 1515277, 1, 0, 0
7301, 1433252, 1, 0, 0
7400, 1446865, 1, 0, 0
7500, 1458667, 1, 0, 0
7600, 2779636, 1, 0, 0
7700, 1502021, 1, 0, 0
7801, 1463876, 1, 0, 0
7900, 1452208, 1, 0, 0
8000, 1449623, 1, 0, 0
8101, 1480147, 1, 0, 0
8200, 1451643, 1, 0, 0
8300, 1451369, 1, 0, 0
8400, 1445955, 1, 0, 0
8500, 1454127, 1, 0, 0
8600, 1598231, 1, 0, 0
8700, 1536690, 1, 0, 0
8800, 1522505, 1, 0, 0
8900, 1526888, 1, 0, 0
9000, 1452290, 1, 0, 0
9100, 2939163, 1, 0, 0
9215, 3478801, 1, 0, 0
9301, 1532681, 1, 0, 0
9400, 1456576, 1, 0, 0
9500, 1429462, 1, 0, 0
9600, 1585582, 1, 0, 0
9700, 1492341, 1, 0, 0
9800, 1479168, 1, 0, 0
9900, 1476661, 1, 0, 0
10000, 1575555, 1, 0, 0
10101, 1601577, 1, 0, 0
10200, 1658582, 1, 0, 0
10301, 1476019, 1, 0, 0
10401, 1471844, 1, 0, 0
10500, 1499708, 1, 0, 0
10600, 1561314, 1, 0, 0
10700, 1561002, 1, 0, 0
10800, 1465292, 1, 0, 0
10900, 1537803, 1, 0, 0
11000, 1474861, 1, 0, 0
11101, 1592629, 1, 0, 0
11200, 1628216, 1, 0, 0
11300, 1504813, 1, 0, 0
11400, 1448440, 1, 0, 0
11500, 1541924, 1, 0, 0
11605, 1715961, 1, 0, 0
11701, 1616712, 1, 0, 0
11800, 1496765, 1, 0, 0
11901, 1461663, 1, 0, 0
12000, 1523739, 1, 0, 0
12103, 1628657, 1, 0, 0
12200, 1655240, 1, 0, 0
12301, 1568053, 1, 0, 0
12400, 1521258, 1, 0, 0
12500, 1565072, 1, 0, 0
12600, 1604347, 1, 0, 0
12700, 2635028, 1, 0, 0
12800, 1472713, 1, 0, 0
12900, 1485809, 1, 0, 0
13000, 1562160, 1, 0, 0
13100, 1423552, 1, 0, 0
13200, 1473205, 1, 0, 0
13300, 1474576, 1, 0, 0
13400, 1447480, 1, 0, 0
13500, 1436991, 1, 0, 0
13600, 1521149, 1, 0, 0
13701, 1620836, 1, 0, 0
13801, 1514195, 1, 0, 0
13900, 1546671, 1, 0, 0
14001, 1526514, 1, 0, 0
14100, 1612139, 1, 0, 0
14200, 1625706, 1, 0, 0
14301, 1427016, 1, 0, 0
14401, 1426289, 1, 0, 0
14500, 1465801, 1, 0, 0
14600, 1460542, 1, 0, 0
14700, 1762257, 1, 0, 0
14800, 1444530, 1, 0, 0
14900, 1449090, 1, 0, 0
15000, 1403949, 1, 0, 0
15100, 1447029, 1, 0, 0
15200, 1555528, 1, 0, 0
15300, 1825035, 1, 0, 0
15400, 1459334, 1, 0, 0
15500, 1471269, 1, 0, 0
15600, 1515138, 1, 0, 0
15700, 1612483, 1, 0, 0
15800, 1515990, 1, 0, 0
15900, 1485512, 1, 0, 0
16000, 1405938, 1, 0, 0
16101, 1523205, 1, 0, 0
16201, 1533866, 1, 0, 0
16300, 1456475, 1, 0, 0
16400, 1466788, 1, 0, 0
16501, 1484966, 1, 0, 0
16601, 1445272, 1, 0, 0
16701, 1637736, 1, 0, 0
16800, 1452578, 1, 0, 0
16900, 1431449, 1, 0, 0
17000, 1477716, 1, 0, 0
17100, 1580738, 1, 0, 0
17200, 1536217, 1, 0, 0
17300, 1574415, 1, 0, 0
17400, 1515048, 1, 0, 0
17500, 1522686, 1, 0, 0
17601, 1397034, 1, 0, 0
17700, 1739387, 1, 0, 0
17800, 1457982, 1, 0, 0
17900, 1432998, 1, 0, 0
18001, 1482432, 1, 0, 0
18100, 1448535, 1, 0, 0
18200, 1503269, 1, 0, 0
18300, 1546782, 1, 0, 0
18400, 1479280, 1, 0, 0
18500, 1464096, 1, 0, 0
18600, 1449061, 1, 0, 0
18701, 1544656, 1, 0, 0
18800, 1582551, 1, 0, 0
18900, 1508329, 1, 0, 0
19000, 1600824, 1, 0, 0
19100, 2051765, 1, 0, 0
19201, 5926961, 1, 0, 0
19302, 3146100, 1, 0, 0
19400, 1576734, 1, 0, 0
19500, 1426426, 1, 0, 0
19600, 1414416, 1, 0, 0
19701, 1455285, 1, 0, 0
19800, 1455268, 1, 0, 0
19900, 1395056, 1, 0, 0
20000, 1478103, 1, 0, 0
20100, 1477261, 1, 0, 0
20201, 1521330, 1, 0, 0
20300, 1708927, 1, 0, 0
20403, 2018099, 1, 0, 0
20501, 1497650, 1, 0, 0
20600, 1527245, 1, 0, 0
20700, 1496047, 1, 0, 0
20800, 1600314, 1, 0, 0
20901, 1505161, 1, 0, 0
21000, 1480326, 1, 0, 0
21100, 1505707, 1, 0, 0
21200, 1439218, 1, 0, 0
21300, 1459146, 1, 0, 0
21400, 1495899, 1, 0, 0
21500, 1449469, 1, 0, 0
21600, 1482771, 1, 0, 0
21706, 1567016, 1, 0, 0
21800, 1458787, 1, 0, 0
21900, 1385044, 1, 0, 0
22000, 1404081, 1, 0, 0
22100, 1375557, 1, 0, 0
22200, 1397022, 1, 0, 0
22300, 1569953, 1, 0, 0
22400, 1458792, 1, 0, 0
22500, 1449366, 1, 0, 0
22600, 1466148, 1, 0, 0
22700, 1474637, 1, 0, 0
22801, 1503195, 1, 0, 0
22901, 1424261, 1, 0, 0
23000, 1372020, 1, 0, 0
23100, 1412913, 1, 0, 0
23200, 1422891, 1, 0, 0
23300, 1467147, 1, 0, 0
23400, 1455147, 1, 0, 0
23501, 1518521, 1, 0, 0
23601, 1448173, 1, 0, 0
23701, 1470472, 1, 0, 0
23800, 1579761, 1, 0, 0
23900, 1443871, 1, 0, 0
24001, 1433053, 1, 0, 0
24100, 1465820, 1, 0, 0
24200, 1500840, 1, 0, 0
24300, 1454926, 1, 0, 0
24400, 1450786, 1, 0, 0
24500, 1480034, 1, 0, 0
24600, 1411474, 1, 0, 0
24701, 1392385, 1, 0, 0
24800, 1527241, 1, 0, 0
24900, 1389883, 1, 0, 0
25000, 1402429, 1, 0, 0
25100, 1366119, 1, 0, 0
25200, 1405574, 1, 0, 0
25300, 1477185, 1, 0, 0
25400, 1396382, 1, 0, 0
25500, 1652261, 1, 0, 0
25600, 1662549, 1, 0, 0
25700, 1439658, 1, 0, 0
25800, 1474778, 1, 0, 0
25900, 1462150, 1, 0, 0
26001, 1505616, 1, 0, 0
26100, 1475403, 1, 0, 0
26200, 1456686, 1, 0, 0
26301, 1436659, 1, 0, 0
26401, 1417230, 1, 0, 0
26500, 1522663, 1, 0, 0
26600, 1491334, 1, 0, 0
26701, 1506612, 1, 0, 0
26800, 1542586, 1, 0, 0
26900, 1458375, 1, 0, 0
27000, 1423161, 1, 0, 0
27100, 1407877, 1, 0, 0
27200, 1469836, 1, 0, 0
27300, 1484908, 1, 0, 0
27400, 1406314, 1, 0, 0
27500, 1449357, 1, 0, 0
27600, 1409567, 1, 0, 0
27700, 1444757, 1, 0, 0
27800, 1486750, 1, 0, 0
27901, 1419501, 1, 0, 0
28000, 1355209, 1, 0, 0
28101, 1357082, 1, 0, 0
28200, 1402903, 1, 0, 0
28300, 1468415, 1, 0, 0
28400, 1376175, 1, 0, 0
28500, 1492045, 1, 0, 0
28601, 1440208, 1, 0, 0
28700, 1465745, 1, 0, 0
28804, 1585438, 1, 0, 0
28900, 1437167, 1, 0, 0
29001, 1462192, 1, 0, 0
29100, 1467149, 1, 0, 0
29200, 1547985, 1, 0, 0
29301, 1456160, 1, 0, 0
29400, 1439870, 1, 0, 0
29501, 1516487, 1, 0, 0
29600, 1452627, 1, 0, 0
29701, 1421786, 1, 0, 0
29800, 1380937, 1, 0, 0
29900, 1538900, 1, 0, 0
30000, 1462320, 1, 0, 0
30101, 1435690, 1, 0, 0
30200, 1438876, 1, 0, 0
30301, 1478366, 1, 0, 0
30400, 1508363, 1, 0, 0
30500, 1508296, 1, 0, 0
30609, 1914184, 1, 0, 0
30701, 1570837, 1, 0, 0
30801, 1569485, 1, 0, 0
30900, 1598910, 1, 0, 0
31000, 1464700, 1, 0, 0
31101, 1477495, 1, 0, 0
31200, 1480707, 1, 0, 0
31301, 1416485, 1, 0, 0
31401, 1471306, 1, 0, 0
31501, 1505731, 1, 0, 0
31600, 1549193, 1, 0, 0
31701, 1504264, 1, 0, 0
31800, 1507354, 1, 0, 0
31900, 1531431, 1, 0, 0
32000, 1390113, 1, 0, 0
32100, 1368495, 1, 0, 0
32200, 1463117, 1, 0, 0
32300, 1476235, 1, 0, 0
32400, 1402377, 1, 0, 0
32500, 1422634, 1, 0, 0
32601, 1419252, 1, 0, 0
32700, 1541214, 1, 0, 0
32806, 1633498, 1, 0, 0
32900, 1586486, 1, 0, 0
33000, 1536268, 1, 0, 0
33101, 1486856, 1, 0, 0
33200, 1454511, 1, 0, 0
33301, 1503109, 1, 0, 0
33400, 1437440, 1, 0, 0
33501, 1502456, 1, 0, 0
33600, 1564426, 1, 0, 0
33700, 1585756, 1, 0, 0
33800, 1727469, 1, 0, 0
33901, 1457922, 1, 0, 0
34000, 1399088, 1, 0, 0
34101, 1432857, 1, 0, 0
34200, 3221548, 1, 0, 0
34307, 2310921, 1, 0, 0
34401, 1438690, 1, 0, 0
34501, 1426330, 1, 0, 0
34600, 1400033, 1, 0, 0
34700, 1668110, 1, 0, 0
34800, 1511618, 1, 0, 0
34900, 1577286, 1, 0, 0
35000, 1359132, 1, 0, 0
35101, 1451037, 1, 0, 0
35200, 1487505, 1, 0, 0
35300, 1422843, 1, 0, 0
35400, 1484293, 1, 0, 0
35500, 1464820, 1, 0, 0
35600, 1450079, 1, 0, 0
35700, 1760425, 1, 0, 0
35800, 1599484, 1, 0, 0
35900, 1526851, 1, 0, 0
36000, 1483260, 1, 0, 0
36100, 1420789, 1, 0, 0
36200, 1397416, 1, 0, 0
36301, 1476366, 1, 0, 0
36400, 1439106, 1, 0, 0
36500, 1396552, 1, 0, 0
36601, 1365443, 1, 0, 0
36700, 1458535, 1, 0, 0
36801, 1439015, 1, 0, 0
36900, 1742408, 1, 0, 0
37000, 1459553, 1, 0, 0
37101, 1441046, 1, 0, 0
37200, 1441129, 1, 0, 0
37300, 1447021, 1, 0, 0
37400, 1442001, 1, 0, 0
37501, 1500104, 1, 0, 0
37601, 1398479, 1, 0, 0
37700, 1490114, 1, 0, 0
37800, 1511926, 1, 0, 0
37900, 1590859, 1, 0, 0
38000, 1604883, 1, 0, 0
38100, 1435430, 1, 0, 0
38200, 1414362, 1, 0, 0
38300, 1424265, 1, 0, 0
38400, 1669441, 1, 0, 0
38500, 1477664, 1, 0, 0
38600, 1405346, 1, 0, 0
38700, 1381477, 1, 0, 0
38800, 1489119, 1, 0, 0
38900, 1538807, 1, 0, 0
39000, 1579523, 1, 0, 0
39100, 1374201, 1, 0, 0
39201, 1393955, 1, 0, 0
39300, 1460849, 1, 0, 0
39400, 1467256, 1, 0, 0
39501, 1413400, 1, 0, 0
39600, 1378404, 1, 0, 0
39700, 1466106, 1, 0, 0
39800, 1409576, 1, 0, 0
39900, 1528343, 1, 0, 0
40001, 1577293, 1, 0, 0
40100, 1459709, 1, 0, 0
40200, 1440298, 1, 0, 0
40301, 1466928, 1, 0, 0
40401, 1532740, 1, 0, 0
40500, 1436710, 1, 0, 0
40600, 1471734, 1, 0, 0
40701, 1478066, 1, 0, 0
40801, 1953832, 1, 0, 0
40901, 1513062, 1, 0, 0
41000, 1524074, 1, 0, 0
41100, 1467727, 1, 0, 0
41200, 1468322, 1, 0, 0
41300, 1452983, 1, 0, 0
41401, 1449606, 1, 0, 0
41500, 1443068, 1, 0, 0
41600, 1404255, 1, 0, 0
41700, 1451826, 1, 0, 0
41800, 1685452, 1, 0, 0
41900, 1451340, 1, 0, 0
42000, 1461557, 1, 0, 0
42100, 1431444, 1, 0, 0
42201, 1401222, 1, 0, 0
42300, 1450470, 1, 0, 0
42400, 1445260, 1, 0, 0
42500, 1365853, 1, 0, 0
42600, 1433368, 1, 0, 0
42701, 1398547, 1, 0, 0
42800, 1548171, 1, 0, 0
42900, 1487698, 1, 0, 0
43000, 1496631, 1, 0, 0
43100, 1532807, 1, 0, 0
43200, 1471035, 1, 0, 0
43301, 1674928, 1, 0, 0
43400, 1613664, 1, 0, 0
43500, 1561276, 1, 0, 0
43600, 1521236, 1, 0, 0
43700, 1513387, 1, 0, 0
43802, 1607273, 1, 0, 0
43900, 1567026, 1, 0, 0
44002, 1771182, 1, 0, 0
44100, 1439939, 1, 0, 0
44204, 1555991, 1, 0, 0
44311, 2815187, 1, 0, 0
44401, 1831598, 1, 0, 0
44500, 1543334, 1, 0, 0
44601, 1460538, 1, 0, 0
44701, 1475241, 1, 0, 0
44801, 1537440, 1, 0, 0
44902, 1620534, 1, 0, 0
45000, 1550672, 1, 0, 0
45101, 1532375, 1, 0, 0
45200, 1730133, 1, 0, 0
45301, 1576492, 1, 0, 0
45400, 1497855, 1, 0, 0
45500, 1474446, 1, 0, 0
45601, 1498027, 1, 0, 0
45701, 1449549, 1, 0, 0
45801, 1450089, 1, 0, 0
45901, 1605556, 1, 0, 0
46000, 1528633, 1, 0, 0
46100, 1495297, 1, 0, 0
46200, 1443231, 1, 0, 0
46301, 1499917, 1, 0, 0
46400, 1470539, 1, 0, 0
46500, 1499151, 1, 0, 0
46600, 1553254, 1, 0, 0
46700, 1498747, 1, 0, 0
46800, 1515864, 1, 0, 0
46900, 1547291, 1, 0, 0
47000, 1474273, 1, 0, 0
47100, 4178408, 1, 0, 0
47200, 1535048, 1, 0, 0
47300, 1564811, 1, 0, 0
47400, 1480133, 1, 0, 0
47500, 1425820, 1, 0, 0
47600, 1415202, 1, 0, 0
47701, 1409019, 1, 0, 0
47801, 1489700, 1, 0, 0
47900, 1570465, 1, 0, 0
48000, 1467096, 1, 0, 0
48100, 1535725, 1, 0, 0
48200, 1705879, 1, 0, 0
48300, 1536848, 1, 0, 0
48400, 1466650, 1, 0, 0
48500, 1468659, 1, 0, 0
48600, 1448937, 1, 0, 0
48701, 1450213, 1, 0, 0
48800, 1439209, 1, 0, 0
48902, 1513382, 1, 0, 0
49001, 1457870, 1, 0, 0
49100, 1575184, 1, 0, 0
49200, 1486943, 1, 0, 0
49301, 1396741, 1, 0, 0
49400, 1456122, 1, 0, 0
49501, 1481555, 1, 0, 0
49600, 1428960, 1, 0, 0
49700, 1451604, 1, 0, 0
49800, 1454630, 1, 0, 0
49900, 1533998, 1, 0, 0
50001, 1479092, 1, 0, 0
50100, 1497487, 1, 0, 0
50201, 1524560, 1, 0, 0
50300, 1483732, 1, 0, 0
50400, 1746033, 1, 0, 0
50500, 1449713, 1, 0, 0
50600, 1378527, 1, 0, 0
50701, 1420761, 1, 0, 0
50800, 1414489, 1, 0, 0
50901, 1562277, 1, 0, 0
51000, 1388897, 1, 0, 0
51100, 1402854, 1, 0, 0
51200, 1474448, 1, 0, 0
51301, 1393465, 1, 0, 0
51401, 1472026, 1, 0, 0
51501, 1442300, 1, 0, 0
51600, 1416730, 1, 0, 0
51700, 1412739, 1, 0, 0
51800, 1365015, 1, 0, 0
51900, 1538491, 1, 0, 0
52001, 1431963, 1, 0, 0
52100, 1413060, 1, 0, 0
52200, 1490842, 1, 0, 0
52301, 1480264, 1, 0, 0
52401, 1559518, 1, 0, 0
52500, 1506848, 1, 0, 0
52601, 1463199, 1, 0, 0
52700, 1407398, 1, 0, 0
52801, 1455920, 1, 0, 0
52900, 1629665, 1, 0, 0
53000, 1481189, 1, 0, 0
53100, 1499826, 1, 0, 0
53200, 1492930, 1, 0, 0
53300, 1716477, 1, 0, 0
53400, 1562638, 1, 0, 0
53501, 1531250, 1, 0, 0
53600, 1421931, 1, 0, 0
53700, 1417587, 1, 0, 0
53801, 1392856, 1, 0, 0
53901, 1531498, 1, 0, 0
54000, 1531548, 1, 0, 0
54101, 1496751, 1, 0, 0
54200, 1593026, 1, 0, 0
54300, 1849788, 1, 0, 0
54401, 1624846, 1, 0, 0
54500, 1783302, 1, 0, 0
54601, 1594208, 1, 0, 0
54700, 1549480, 1, 0, 0
54801, 1551294, 1, 0, 0
54900, 1561172, 1, 0, 0
55000, 1454613, 1, 0, 0
55100, 1398824, 1, 0, 0
55201, 1479735, 1, 0, 0
55300, 1529377, 1, 0, 0
55401, 1441557, 1, 0, 0
55501, 1464369, 1, 0, 0
55601, 1444765, 1, 0, 0
55700, 1411914, 1, 0, 0
55801, 1438795, 1, 0, 0
55900, 1549355, 1, 0, 0
56001, 1508630, 1, 0, 0
56100, 1423558, 1, 0, 0
56200, 1493255, 1, 0, 0
56300, 1412842, 1, 0, 0
56401, 1432286, 1, 0, 0
56501, 1407005, 1, 0, 0
56601, 1407108, 1, 0, 0
56701, 1424891, 1, 0, 0
56800, 1348202, 1, 0, 0
56900, 1446420, 1, 0, 0
57000, 1489161, 1, 0, 0
57101, 1455461, 1, 0, 0
57200, 1494848, 1, 0, 0
57300, 1437397, 1, 0, 0
57401, 1429828, 1, 0, 0
57500, 1629980, 1, 0, 0
57600, 1552718, 1, 0, 0
57700, 1455383, 1, 0, 0
57800, 1467818, 1, 0, 0
57900, 1511140, 1, 0, 0
58000, 1443643, 1, 0, 0
58101, 1416549, 1, 0, 0
58200, 1549490, 1, 0, 0
58300, 1452873, 1, 0, 0
58400, 1665466, 1, 0, 0
58500, 1523029, 1, 0, 0
58600, 1371061, 1, 0, 0
58701, 1440834, 1, 0, 0
58800, 1460692, 1, 0, 0
58900, 1504111, 1, 0, 0
59000, 1426495, 1, 0, 0
59101, 1529781, 1, 0, 0
59200, 1550753, 1, 0, 0
59300, 1578536, 1, 0, 0
59400, 1491442, 1, 0, 0
59500, 1512048, 1, 0, 0
59600, 1454350, 1, 0, 0
59700, 1526460, 1, 0, 0
59800, 1435682, 1, 0, 0
59900, 1506586, 1, 0, 0
60001, 1525976, 1, 0, 0
60100, 1432765, 1, 0, 0
60200, 1390510, 1, 0, 0
60300, 1444231, 1, 0, 0
60400, 1436690, 1, 0, 0
60500, 1461199, 1, 0, 0
60601, 1417007, 1, 0, 0
60700, 1412857, 1, 0, 0
60802, 1488462, 1, 0, 0
60900, 1499479, 1, 0, 0
61001, 1547448, 1, 0, 0
61101, 1537328, 1, 0, 0
61200, 1570839, 1, 0, 0
61301, 1502558, 1, 0, 0
61400, 1516907, 1, 0, 0
61501, 1603113, 1, 0, 0
61600, 1462433, 1, 0, 0
61701, 1419503, 1, 0, 0
61801, 1438474, 1, 0, 0
61901, 1368726, 1, 0, 0
62001, 1520302, 1, 0, 0
62100, 1521804, 1, 0, 0
62200, 1468856, 1, 0, 0
62300, 1481737, 1, 0, 0
62400, 1598019, 1, 0, 0
62500, 3202464, 1, 0, 0
62601, 1523780, 1, 0, 0
62700, 1496727, 1, 0, 0
62801, 1504633, 1, 0, 0
62900, 1605125, 1, 0, 0
63000, 1510149, 1, 0, 0
63100, 1446647, 1, 0, 0
63200, 1423600, 1, 0, 0
63300, 1456651, 1, 0, 0
63400, 1460855, 1, 0, 0
63501, 1766414, 1, 0, 0
63601, 1446999, 1, 0, 0
63701, 1427343, 1, 0, 0
63800, 1457570, 1, 0, 0
63900, 1448204, 1, 0, 0
64000, 1509527, 1, 0, 0
64100, 1510993, 1, 0, 0
64201, 1554578, 1, 0, 0
64300, 1476956, 1, 0, 0
64400, 2161193, 1, 0, 0
64500, 1920534, 1, 0, 0
64600, 1610128, 1, 0, 0
64700, 1503927, 1, 0, 0
64800, 1557600, 1, 0, 0
64900, 1534694, 1, 0, 0
65001, 1546319, 1, 0, 0
65100, 1368718, 1, 0, 0
65200, 1406057, 1, 0, 0
65301, 1404708, 1, 0, 0
65400, 1374781, 1, 0, 0
65500, 1618596, 1, 0, 0
65600, 1358562, 1, 0, 0
65701, 1361384, 1, 0, 0
65800, 1392967, 1, 0, 0
65900, 1409483, 1, 0, 0
66001, 1456603, 1, 0, 0
66101, 1453002, 1, 0, 0
66203, 1430398, 1, 0, 0
66300, 1708443, 1, 0, 0
66400, 1398026, 1, 0, 0
66500, 1503790, 1, 0, 0
66600, 1441227, 1, 0, 0
66700, 1400492, 1, 0, 0
66801, 1403187, 1, 0, 0
66901, 1488746, 1, 0, 0
67000, 1498562, 1, 0, 0
67100, 1436327, 1, 0, 0
67201, 1372607, 1, 0, 0
67300, 1544383, 1, 0, 0
67400, 1498202, 1, 0, 0
67500, 1531774, 1, 0, 0
67601, 1570263, 1, 0, 0
67700, 1380520, 1, 0, 0
67800, 1364684, 1, 0, 0
67901, 1458246, 1, 0, 0
68000, 1526493, 1, 0, 0
68101, 1461784, 1, 0, 0
68200, 1519976, 1, 0, 0
68300, 1534661, 1, 0, 0
68400, 1536964, 1, 0, 0
68501, 1479101, 1, 0, 0
68601, 1755438, 1, 0, 0
68700, 1461434, 1, 0, 0
68800, 1537468, 1, 0, 0
68900, 1425655, 1, 0, 0
69000, 1488193, 1, 0, 0
69100, 1431222, 1, 0, 0
69200, 1457482, 1, 0, 0
69300, 1495588, 1, 0, 0
69400, 1493368, 1, 0, 0
69770, 7116376, 1, 0, 0
69800, 1425569, 1, 0, 0
69900, 1435139, 1, 0, 0
70000, 1450369, 1, 0, 0
70100, 1374182, 1, 0, 0
70200, 1486628, 1, 0, 0
70300, 1486230, 1, 0, 0
70400, 1566655, 1, 0, 0
70500, 1472961, 1, 0, 0
70600, 1499914, 1, 0, 0
70701, 1485373, 1, 0, 0
70801, 1406750, 1, 0, 0
70900, 1431516, 1, 0, 0
71000, 1431342, 1, 0, 0
71100, 1384008, 1, 0, 0
71200, 1388087, 1, 0, 0
71300, 1405062, 1, 0, 0
71400, 1512161, 1, 0, 0
71511, 1543834, 1, 0, 0
71600, 1487950, 1, 0, 0
71701, 1455134, 1, 0, 0
71800, 1393867, 1, 0, 0
71900, 1444123, 1, 0, 0
72001, 1378776, 1, 0, 0
72100, 1460652, 1, 0, 0
72201, 1381029, 1, 0, 0
72300, 1639297, 1, 0, 0
72401, 1420022, 1, 0, 0
72500, 1434883, 1, 0, 0
72601, 1711235, 1, 0, 0
72700, 1398061, 1, 0, 0
72800, 1462000, 1, 0, 0
72900, 1490354, 1, 0, 0
73000, 1468712, 1, 0, 0
73100, 1455889, 1, 0, 0
73201, 1450111, 1, 0, 0
73300, 1511591, 1, 0, 0
73400, 1552714, 1, 0, 0
73500, 1445688, 1, 0, 0
73600, 1486796, 1, 0, 0
73700, 1586457, 1, 0, 0
73800, 1384741, 1, 0, 0
73900, 1377636, 1, 0, 0
74000, 1489219, 1, 0, 0
74100, 1447430, 1, 0, 0
74200, 1366439, 1, 0, 0
74300, 1379525, 1, 0, 0
74400, 1492704, 1, 0, 0
74500, 1498799, 1, 0, 0
74602, 1608298, 1, 0, 0
74700, 1515374, 1, 0, 0
74801, 1428639, 1, 0, 0
74900, 1413485, 1, 0, 0
75001, 1461372, 1, 0, 0
75101, 1488320, 1, 0, 0
75200, 1462442, 1, 0, 0
75301, 1478526, 1, 0, 0
75400, 1458477, 1, 0, 0
75509, 1603071, 1, 0, 0
75600, 1487736, 1, 0, 0
75700, 1511116, 1, 0, 0
75801, 1489587, 1, 0, 0
75901, 1482991, 1, 0, 0
76001, 1531407, 1, 0, 0
76100, 1466744, 1, 0, 0
76201, 1392614, 1, 0, 0
76300, 1450412, 1, 0, 0
76400, 1497867, 1, 0, 0
76501, 1457820, 1, 0, 0
76600, 1502671, 1, 0, 0
76700, 1508465, 1, 0, 0
76801, 1502147, 1, 0, 0
76900, 1506847, 1, 0, 0
77001, 1519579, 1, 0, 0
77100, 1457636, 1, 0, 0
77201, 1456123, 1, 0, 0
77300, 1418613, 1, 0, 0
77400, 1538422, 1, 0, 0
77500, 1409923, 1, 0, 0
77600, 1394112, 1, 0, 0
77700, 1502224, 1, 0, 0
77800, 1478708, 1, 0, 0
77900, 1392846, 1, 0, 0
78000, 1487927, 1, 0, 0
78100, 1430096, 1, 0, 0
78201, 1415829, 1, 0, 0
78300, 1351331, 1, 0, 0
78400, 1408565, 1, 0, 0
78500, 1355267, 1, 0, 0
78600, 1470784, 1, 0, 0
78700, 1471996, 1, 0, 0
78801, 1396302, 1, 0, 0
78901, 1480564, 1, 0, 0
79000, 1479248, 1, 0, 0
79100, 1472238, 1, 0, 0
79200, 1497012, 1, 0, 0
79302, 1493843, 1, 0, 0
79405, 1483451, 1, 0, 0
79500, 1582112, 1, 0, 0
79600, 2218615, 1, 0, 0
79700, 1892015, 1, 0, 0
79800, 1586477, 1, 0, 0
79900, 1483877, 1, 0, 0
80000, 1474977, 1, 0, 0
80100, 1481448, 1, 0, 0
80200, 1474333, 1, 0, 0
80302, 1563528, 1, 0, 0
80401, 1451407, 1, 0, 0
80501, 1535810, 1, 0, 0
80600, 1458525, 1, 0, 0
80700, 1411087, 1, 0, 0
80800, 1379800, 1, 0, 0
80900, 1415404, 1, 0, 0
81000, 1444065, 1, 0, 0
81100, 1389120, 1, 0, 0
81200, 1394989, 1, 0, 0
81300, 1389152, 1, 0, 0
81400, 1408989, 1, 0, 0
81500, 1466745, 1, 0, 0
81600, 1456140, 1, 0, 0
81701, 1429577, 1, 0, 0
81801, 1477604, 1, 0, 0
81901, 1437208, 1, 0, 0
82000, 1442238, 1, 0, 0
82100, 1447312, 1, 0, 0
82200, 1398266, 1, 0, 0
82300, 1364082, 1, 0, 0
82400, 1399185, 1, 0, 0
82500, 1439299, 1, 0, 0
82600, 1424620, 1, 0, 0
82700, 1510296, 1, 0, 0
82800, 1571537, 1, 0, 0
82900, 1363016, 1, 0, 0
83001, 1398673, 1, 0, 0
83100, 1498284, 1, 0, 0
83200, 1489475, 1, 0, 0
83301, 1504058, 1, 0, 0
83401, 1425553, 1, 0, 0
83501, 1564242, 1, 0, 0
83600, 1469487, 1, 0, 0
83894, 294521229, 1, 0, 0
83901, 1616970, 1, 0, 0
84001, 1538691, 1, 0, 0
84101, 1447561, 1, 0, 0
84200, 1416797, 1, 0, 0
84301, 1433856, 1, 0, 0
84401, 1449195, 1, 0, 0
84500, 1479419, 1, 0, 0
84601, 1458744, 1, 0, 0
84701, 1633666, 1, 0, 0
84800, 1395639, 1, 0, 0
84900, 1367507, 1, 0, 0
85000, 1454748, 1, 0, 0
85101, 1436053, 1, 0, 0
85201, 1409224, 1, 0, 0
85300, 1477088, 1, 0, 0
85400, 1447020, 1, 0, 0
85500, 1493346, 1, 0, 0
85600, 1508105, 1, 0, 0
85701, 1463490, 1, 0, 0
85800, 1456988, 1, 0, 0
85900, 1513903, 1, 0, 0
86000, 1445827, 1, 0, 0
86101, 1453795, 1, 0, 0
86200, 1434788, 1, 0, 0
86380, 2646833, 1, 0, 0
86462, 27125987, 1, 0, 0
86542, 80897811, 1, 0, 0
86628, 8563937, 1, 0, 0
86747, 39763649, 1, 0, 0
86826, 26312890, 1, 0, 0
86907, 16216843, 1, 0, 0
87000, 2426562, 1, 0, 0
87100, 1447581, 1, 0, 0
87201, 1417624, 1, 0, 0
87300, 1417798, 1, 0, 0
87400, 1440292, 1, 0, 0
87500, 1544010, 1, 0, 0
87600, 1373668, 1, 0, 0
87701, 1438549, 1, 0, 0
87800, 1499300, 1, 0, 0
87900, 1482951, 1, 0, 0
88002, 1735366, 1, 0, 0
88101, 1587268, 1, 0, 0
88200, 1529668, 1, 0, 0
88301, 1406800, 1, 0, 0
88400, 1490015, 1, 0, 0
88501, 1471914, 1, 0, 0
88601, 1407551, 1, 0, 0
88700, 1457468, 1, 0, 0
88800, 1497394, 1, 0, 0
88901, 1504206, 1, 0, 0
89000, 1512261, 1, 0, 0
89100, 1688059, 1, 0, 0
89200, 1473881, 1, 0, 0
89300, 1462561, 1, 0, 0
89400, 2333551, 1, 0, 0
89500, 1537907, 1, 0, 0
89600, 1419006, 1, 0, 0
89706, 1638380, 1, 0, 0
89800, 2678885, 1, 0, 0
89900, 1420970, 1, 0, 0
90000, 1371345, 1, 0, 0
