107, 6941481, 1, 0, 0
205, 6800821, 1, 0, 0
302, 6687342, 1, 0, 0
407, 7100500, 1, 0, 0
501, 8923003, 1, 0, 0
602, 6340830, 1, 0, 0
721, 63675112, 1, 0, 0
800, 12853913, 1, 0, 0
936, 6705461, 1, 0, 0
1000, 10502036, 1, 0, 0
1101, 7358963, 1, 0, 0
1200, 7801715, 1, 0, 0
1306, 8748491, 1, 0, 0
1403, 9555656, 1, 0, 0
1506, 9972581, 1, 0, 0
1606, 9896320, 1, 0, 0
1703, 7761269, 1, 0, 0
1803, 7643355, 1, 0, 0
1909, 7743435, 1, 0, 0
2005, 9208774, 1, 0, 0
2109, 10746992, 1, 0, 0
2201, 10284932, 1, 0, 0
2308, 8847209, 1, 0, 0
2400, 11342022, 1, 0, 0
2501, 11171844, 1, 0, 0
2600, 10808518, 1, 0, 0
2708, 7457841, 1, 0, 0
2800, 7859233, 1, 0, 0
2915, 29462010, 1, 0, 0
3008, 12487698, 1, 0, 0
3101, 9101172, 1, 0, 0
3202, 7820816, 1, 0, 0
3304, 7088504, 1, 0, 0
3406, 7508074, 1, 0, 0
3504, 7250834, 1, 0, 0
3604, 9327163, 1, 0, 0
3703, 11199095, 1, 0, 0
3800, 6677156, 1, 0, 0
3902, 8185622, 1, 0, 0
4002, 10232295, 1, 0, 0
4106, 7776434, 1, 0, 0
4201, 8028104, 1, 0, 0
4301, 8060403, 1, 0, 0
4403, 6965582, 1, 0, 0
4503, 6483652, 1, 0, 0
4614, 7426515, 1, 0, 0
4704, 8212543, 1, 0, 0
4806, 6483048, 1, 0, 0
4903, 7791366, 1, 0, 0
5002, 7611256, 1, 0, 0
5100, 6555041, 1, 0, 0
5200, 7021636, 1, 0, 0
5302, 6949834, 1, 0, 0
5400, 7379906, 1, 0, 0
5501, 7768883, 1, 0, 0
5601, 6771276, 1, 0, 0
5706, 8371956, 1, 0, 0
5800, 7516074, 1, 0, 0
5903, 7292071, 1, 0, 0
6003, 6481052, 1, 0, 0
6104, 7159815, 1, 0, 0
6200, 7270067, 1, 0, 0
6307, 8559605, 1, 0, 0
6402, 8015695, 1, 0, 0
6501, 8298508, 1, 0, 0
6601, 9854635, 1, 0, 0
6700, 8140394, 1, 0, 0
6805, 6924587, 1, 0, 0
6904, 7074774, 1, 0, 0
7005, 7495011, 1, 0, 0
7102, 6854075, 1, 0, 0
7202, 6941061, 1, 0, 0
7302, 11224978, 1, 0, 0
7406, 10148797, 1, 0, 0
7502, 7407103, 1, 0, 0
7603, 7023436, 1, 0, 0
7701, 7052984, 1, 0, 0
7803, 5258320, 1, 0, 0
7900, 4349007, 1, 0, 0
8000, 4639334, 1, 0, 0
8100, 6514530, 1, 0, 0
8208, 6815754, 1, 0, 0
8306, 6961384, 1, 0, 0
8404, 7071653, 1, 0, 0
8501, 7001782, 1, 0, 0
8604, 5786456, 1, 0, 0
8700, 5976873, 1, 0, 0
8800, 6603728, 1, 0, 0
8901, 7436838, 1, 0, 0
9002, 6352141, 1, 0, 0
9101, 6098305, 1, 0, 0
9203, 4974243, 1, 0, 0
9304, 7292274, 1, 0, 0
9402, 5666901, 1, 0, 0
9504, 7183196, 1, 0, 0
9601, 9619031, 1, 0, 0
9700, 8636387, 1, 0, 0
9800, 6765421, 1, 0, 0
9900, 9801706, 1, 0, 0
10006, 8352449, 1, 0, 0
10103, 7875752, 1, 0, 0
10202, 5165240, 1, 0, 0
10303, 6528170, 1, 0, 0
10407, 7679093, 1, 0, 0
10502, 8086268, 1, 0, 0
10602, 7190502, 1, 0, 0
10705, 8575892, 1, 0, 0
10801, 8376460, 1, 0, 0
10902, 7288000, 1, 0, 0
11006, 8850875, 1, 0, 0
11102, 7210723, 1, 0, 0
11203, 7139609, 1, 0, 0
11300, 9866883, 1, 0, 0
11400, 7865557, 1, 0, 0
11500, 6064900, 1, 0, 0
11602, 6181023, 1, 0, 0
11703, 6590427, 1, 0, 0
11800, 5673222, 1, 0, 0
11909, 8171973, 1, 0, 0
12000, 8149821, 1, 0, 0
12106, 7224871, 1, 0, 0
12204, 7226075, 1, 0, 0
12300, 9730201, 1, 0, 0
12402, 4901121, 1, 0, 0
12505, 5485995, 1, 0, 0
12600, 7234701, 1, 0, 0
12701, 7011292, 1, 0, 0
12802, 7778986, 1, 0, 0
12901, 7526863, 1, 0, 0
13003, 7505872, 1, 0, 0
13106, 8497317, 1, 0, 0
13205, 8977199, 1, 0, 0
13301, 8686706, 1, 0, 0
13404, 8623556, 1, 0, 0
13501, 5553612, 1, 0, 0
13603, 7681528, 1, 0, 0
13708, 7954466, 1, 0, 0
13801, 5472704, 1, 0, 0
14047, 13266876, 1, 0, 0
14102, 26078134, 1, 0, 0
14206, 6991245, 1, 0, 0
14301, 7282438, 1, 0, 0
14400, 5209413, 1, 0, 0
14501, 6245664, 1, 0, 0
14604, 6891576, 1, 0, 0
14702, 6757957, 1, 0, 0
14800, 7591156, 1, 0, 0
14900, 5297425, 1, 0, 0
15005, 10306240, 1, 0, 0
15103, 9734793, 1, 0, 0
15200, 8652251, 1, 0, 0
15307, 11520583, 1, 0, 0
15401, 6930201, 1, 0, 0
15504, 6633257, 1, 0, 0
15601, 8965054, 1, 0, 0
15703, 6398264, 1, 0, 0
15803, 6306260, 1, 0, 0
15902, 5982666, 1, 0, 0
16000, 7679834, 1, 0, 0
16100, 9286333, 1, 0, 0
16200, 6194950, 1, 0, 0
16300, 7797090, 1, 0, 0
16404, 7541951, 1, 0, 0
16509, 10851683, 1, 0, 0
16604, 18157029, 1, 0, 0
16702, 6442004, 1, 0, 0
16800, 4620585, 1, 0, 0
16901, 5867749, 1, 0, 0
17003, 5372190, 1, 0, 0
17102, 6825805, 1, 0, 0
17202, 7681238, 1, 0, 0
17483, 22996734, 1, 0, 0
17509, 37376613, 1, 0, 0
17605, 15154445, 1, 0, 0
17703, 4635841, 1, 0, 0
17802, 6467378, 1, 0, 0
17903, 6209892, 1, 0, 0
18001, 4870772, 1, 0, 0
18100, 4879361, 1, 0, 0
18202, 6031742, 1, 0, 0
18300, 8333960, 1, 0, 0
18405, 4858484, 1, 0, 0
18501, 5071243, 1, 0, 0
18600, 6448358, 1, 0, 0
18702, 7045094, 1, 0, 0
18890, 12828378, 1, 0, 0
18902, 38026623, 1, 0, 0
19194, 53469794, 1, 0, 0
19203, 94230963, 1, 0, 0
19305, 7234690, 1, 0, 0
19404, 9980965, 1, 0, 0
19505, 10378442, 1, 0, 0
19601, 10099268, 1, 0, 0
19704, 8988741, 1, 0, 0
19804, 8681418, 1, 0, 0
20067, 19872294, 1, 0, 0
20104, 37331786, 1, 0, 0
20201, 8458024, 1, 0, 0
20301, 8973214, 1, 0, 0
20401, 7695024, 1, 0, 0
20505, 10798396, 1, 0, 0
20603, 8314700, 1, 0, 0
20734, 16537198, 1, 0, 0
20811, 12682203, 1, 0, 0
20909, 16404650, 1, 0, 0
21005, 10249917, 1, 0, 0
21101, 9572032, 1, 0, 0
21202, 11058465, 1, 0, 0
21302, 8244699, 1, 0, 0
21407, 7234585, 1, 0, 0
21503, 8137058, 1, 0, 0
21604, 4993671, 1, 0, 0
21704, 6410235, 1, 0, 0
21801, 8757656, 1, 0, 0
21901, 6917158, 1, 0, 0
22002, 8164868, 1, 0, 0
22104, 7568175, 1, 0, 0
22205, 9096092, 1, 0, 0
22434, 10347461, 1, 0, 0
22502, 10248557, 1, 0, 0
22600, 5605557, 1, 0, 0
22700, 7479747, 1, 0, 0
22800, 8280033, 1, 0, 0
22905, 9546645, 1, 0, 0
23009, 7981817, 1, 0, 0
23107, 8545598, 1, 0, 0
23210, 11059374, 1, 0, 0
23305, 10769942, 1, 0, 0
23402, 8191910, 1, 0, 0
23503, 8667804, 1, 0, 0
23618, 9909987, 1, 0, 0
23700, 8962700, 1, 0, 0
23801, 7104105, 1, 0, 0
23902, 11988485, 1, 0, 0
24025, 8887712, 1, 0, 0
24101, 33601673, 1, 0, 0
24201, 5740141, 1, 0, 0
24319, 6616620, 1, 0, 0
24400, 7399229, 1, 0, 0
24572, 8287939, 1, 0, 0
24606, 17297186, 1, 0, 0
24706, 10976340, 1, 0, 0
24805, 9593725, 1, 0, 0
24946, 12990172, 1, 0, 0
25114, 229284377, 1, 0, 0
25201, 12979246, 1, 0, 0
25316, 9468078, 1, 0, 0
25402, 9556370, 1, 0, 0
25503, 7685060, 1, 0, 0
25603, 8190693, 1, 0, 0
25700, 7519030, 1, 0, 0
25800, 6748428, 1, 0, 0
25918, 10173635, 1, 0, 0
26005, 10031581, 1, 0, 0
26105, 8063245, 1, 0, 0
26201, 7663202, 1, 0, 0
26305, 7414372, 1, 0, 0
26405, 8215669, 1, 0, 0
26500, 5155993, 1, 0, 0
26606, 5634938, 1, 0, 0
26700, 7784692, 1, 0, 0
26808, 5932206, 1, 0, 0
26905, 8916302, 1, 0, 0
27000, 8541833, 1, 0, 0
27105, 7759371, 1, 0, 0
27203, 8303751, 1, 0, 0
27300, 8908158, 1, 0, 0
27403, 22827443, 1, 0, 0
27503, 9514620, 1, 0, 0
27600, 7621778, 1, 0, 0
27703, 6692993, 1, 0, 0
27801, 5627947, 1, 0, 0
27901, 10676339, 1, 0, 0
28007, 7039112, 1, 0, 0
28101, 7839827, 1, 0, 0
28205, 8632632, 1, 0, 0
28304, 9395199, 1, 0, 0
28402, 9796456, 1, 0, 0
28501, 7846268, 1, 0, 0
28611, 8390628, 1, 0, 0
28705, 6861250, 1, 0, 0
28803, 11501220, 1, 0, 0
28902, 6884109, 1, 0, 0
29024, 12650433, 1, 0, 0
29104, 9914539, 1, 0, 0
29280, 7033902, 1, 0, 0
29304, 14559028, 1, 0, 0
29402, 18514575, 1, 0, 0
29503, 9135800, 1, 0, 0
29601, 9325306, 1, 0, 0
29709, 8071570, 1, 0, 0
29836, 13122359, 1, 0, 0
29902, 13131406, 1, 0, 0
30040, 13824882, 1, 0, 0
30102, 11273731, 1, 0, 0
30203, 4784915, 1, 0, 0
30302, 9439739, 1, 0, 0
30403, 6053967, 1, 0, 0
30505, 6259383, 1, 0, 0
30602, 6722133, 1, 0, 0
30707, 10332074, 1, 0, 0
30806, 8466517, 1, 0, 0
30902, 10775362, 1, 0, 0
31000, 8797348, 1, 0, 0
31102, 9515168, 1, 0, 0
31201, 8474767, 1, 0, 0
31302, 7229383, 1, 0, 0
31402, 7367348, 1, 0, 0
31501, 6986486, 1, 0, 0
31601, 6927820, 1, 0, 0
31702, 5887010, 1, 0, 0
31801, 8282943, 1, 0, 0
31902, 5480217, 1, 0, 0
32000, 5740849, 1, 0, 0
32102, 6932078, 1, 0, 0
32204, 5952989, 1, 0, 0
32304, 5544174, 1, 0, 0
32433, 12642293, 1, 0, 0
32537, 13327450, 1, 0, 0
32603, 8403231, 1, 0, 0
32704, 9559977, 1, 0, 0
32811, 9750688, 1, 0, 0
32900, 10001786, 1, 0, 0
33000, 5912210, 1, 0, 0
33105, 5033210, 1, 0, 0
33202, 8381999, 1, 0, 0
33303, 7212408, 1, 0, 0
33404, 6744762, 1, 0, 0
33505, 5141501, 1, 0, 0
33602, 4408513, 1, 0, 0
33700, 5527029, 1, 0, 0
33807, 9639049, 1, 0, 0
33903, 8379757, 1, 0, 0
34005, 9247915, 1, 0, 0
34105, 9212252, 1, 0, 0
34203, 11631044, 1, 0, 0
34302, 8428834, 1, 0, 0
34403, 8240315, 1, 0, 0
34508, 11481773, 1, 0, 0
34604, 9261888, 1, 0, 0
34700, 8983035, 1, 0, 0
34802, 9364198, 1, 0, 0
34903, 8436540, 1, 0, 0
35037, 10501017, 1, 0, 0
35100, 10281353, 1, 0, 0
35204, 8470077, 1, 0, 0
35305, 8080605, 1, 0, 0
35400, 8768741, 1, 0, 0
35501, 14190851, 1, 0, 0
35608, 8719929, 1, 0, 0
35700, 8664768, 1, 0, 0
35820, 7073373, 1, 0, 0
35905, 8952165, 1, 0, 0
36005, 6412257, 1, 0, 0
36100, 5215248, 1, 0, 0
36203, 5528108, 1, 0, 0
36304, 6041735, 1, 0, 0
36407, 7269328, 1, 0, 0
36505, 8519781, 1, 0, 0
36601, 7109060, 1, 0, 0
36700, 6642829, 1, 0, 0
36804, 5372679, 1, 0, 0
36904, 4983317, 1, 0, 0
37001, 6202195, 1, 0, 0
37100, 7491421, 1, 0, 0
37202, 7310741, 1, 0, 0
37301, 6236612, 1, 0, 0
37439, 9937357, 1, 0, 0
37515, 10986325, 1, 0, 0
37604, 8004045, 1, 0, 0
37711, 9357676, 1, 0, 0
37800, 8462426, 1, 0, 0
37906, 8679888, 1, 0, 0
38001, 10042191, 1, 0, 0
38101, 5019452, 1, 0, 0
38205, 5596246, 1, 0, 0
38302, 7098951, 1, 0, 0
38409, 7630807, 1, 0, 0
38505, 7455205, 1, 0, 0
38601, 4541812, 1, 0, 0
38700, 4876155, 1, 0, 0
38805, 7087466, 1, 0, 0
38906, 8389319, 1, 0, 0
39004, 6527674, 1, 0, 0
39102, 8404875, 1, 0, 0
39200, 8452823, 1, 0, 0
39302, 9109344, 1, 0, 0
39403, 11109706, 1, 0, 0
39500, 5487249, 1, 0, 0
39602, 9231521, 1, 0, 0
39707, 7114405, 1, 0, 0
39800, 7013371, 1, 0, 0
39904, 6557782, 1, 0, 0
40002, 7550670, 1, 0, 0
40133, 54895099, 1, 0, 0
40201, 6692313, 1, 0, 0
40301, 8923807, 1, 0, 0
40406, 7909487, 1, 0, 0
40500, 8052126, 1, 0, 0
40644, 8957562, 1, 0, 0
40706, 15569210, 1, 0, 0
40802, 9643632, 1, 0, 0
40938, 12771862, 1, 0, 0
41000, 10472452, 1, 0, 0
41100, 6635098, 1, 0, 0
41201, 6361095, 1, 0, 0
41303, 5580187, 1, 0, 0
41405, 5389645, 1, 0, 0
41503, 7225697, 1, 0, 0
41601, 6992024, 1, 0, 0
41701, 9172943, 1, 0, 0
41805, 9241573, 1, 0, 0
41900, 10380296, 1, 0, 0
42007, 8576904, 1, 0, 0
42101, 6847444, 1, 0, 0
42203, 6099361, 1, 0, 0
42302, 5990591, 1, 0, 0
42401, 4819844, 1, 0, 0
42504, 5401046, 1, 0, 0
42601, 7297164, 1, 0, 0
42705, 8829194, 1, 0, 0
42800, 15833972, 1, 0, 0
42900, 7643038, 1, 0, 0
43004, 9325180, 1, 0, 0
43105, 7126641, 1, 0, 0
43203, 6101381, 1, 0, 0
43304, 10342528, 1, 0, 0
43402, 7058625, 1, 0, 0
43504, 6853491, 1, 0, 0
43605, 6254246, 1, 0, 0
43700, 7220869, 1, 0, 0
43804, 6499531, 1, 0, 0
43901, 6973355, 1, 0, 0
44005, 8486008, 1, 0, 0
44102, 8204353, 1, 0, 0
44203, 9054049, 1, 0, 0
44301, 5814663, 1, 0, 0
44404, 5962549, 1, 0, 0
44502, 7395877, 1, 0, 0
44606, 6291399, 1, 0, 0
44706, 8005516, 1, 0, 0
44805, 8249538, 1, 0, 0
44900, 8222887, 1, 0, 0
45027, 9323692, 1, 0, 0
45159, 11479408, 1, 0, 0
45200, 8539847, 1, 0, 0
45302, 5533196, 1, 0, 0
45407, 4992444, 1, 0, 0
45504, 12111180, 1, 0, 0
45600, 6582361, 1, 0, 0
45701, 7052357, 1, 0, 0
45803, 8127193, 1, 0, 0
45905, 6694367, 1, 0, 0
46003, 7436863, 1, 0, 0
46102, 8395788, 1, 0, 0
46201, 7678725, 1, 0, 0
46300, 8408167, 1, 0, 0
46400, 6707231, 1, 0, 0
46500, 6173032, 1, 0, 0
46607, 5935439, 1, 0, 0
46701, 7332637, 1, 0, 0
46800, 7472782, 1, 0, 0
46903, 6082950, 1, 0, 0
47004, 8296397, 1, 0, 0
47101, 6742597, 1, 0, 0
47205, 7054264, 1, 0, 0
47300, 8131118, 1, 0, 0
47400, 8475675, 1, 0, 0
47503, 8090996, 1, 0, 0
47600, 7663865, 1, 0, 0
47700, 10072103, 1, 0, 0
47800, 7481884, 1, 0, 0
47901, 9990362, 1, 0, 0
48005, 11774559, 1, 0, 0
48100, 12541392, 1, 0, 0
48200, 8226567, 1, 0, 0
48308, 7449205, 1, 0, 0
48406, 10402805, 1, 0, 0
48502, 7262874, 1, 0, 0
48604, 7431466, 1, 0, 0
48703, 7508441, 1, 0, 0
48800, 8899745, 1, 0, 0
48904, 8647544, 1, 0, 0
49004, 6762240, 1, 0, 0
49101, 6914534, 1, 0, 0
49204, 7093435, 1, 0, 0
49307, 7987820, 1, 0, 0
49402, 7550386, 1, 0, 0
49504, 6974748, 1, 0, 0
49604, 5620206, 1, 0, 0
49703, 8316970, 1, 0, 0
49800, 7161586, 1, 0, 0
49900, 7950024, 1, 0, 0
50001, 6238477, 1, 0, 0
50104, 5426574, 1, 0, 0
50200, 5470719, 1, 0, 0
50302, 8438435, 1, 0, 0
50404, 6169249, 1, 0, 0
50500, 5315842, 1, 0, 0
50603, 5504208, 1, 0, 0
50702, 6126869, 1, 0, 0
50803, 7406387, 1, 0, 0
50900, 5537264, 1, 0, 0
51004, 9253869, 1, 0, 0
51101, 8898235, 1, 0, 0
51201, 7649967, 1, 0, 0
51300, 7643559, 1, 0, 0
51400, 6697002, 1, 0, 0
51500, 6270746, 1, 0, 0
51605, 6179485, 1, 0, 0
51706, 6649360, 1, 0, 0
51804, 7858776, 1, 0, 0
51903, 5687481, 1, 0, 0
52017, 5496683, 1, 0, 0
52104, 5087141, 1, 0, 0
52206, 9660694, 1, 0, 0
52300, 8188354, 1, 0, 0
52408, 7190196, 1, 0, 0
52502, 7441730, 1, 0, 0
52601, 8193067, 1, 0, 0
52702, 9622518, 1, 0, 0
52802, 8878754, 1, 0, 0
52904, 10365148, 1, 0, 0
53008, 8383228, 1, 0, 0
53102, 11071376, 1, 0, 0
53203, 7988788, 1, 0, 0
53302, 5656449, 1, 0, 0
53403, 5377233, 1, 0, 0
53502, 7825189, 1, 0, 0
53600, 7254934, 1, 0, 0
53707, 8167144, 1, 0, 0
53803, 9594765, 1, 0, 0
53900, 9356383, 1, 0, 0
54003, 7475590, 1, 0, 0
54100, 7959985, 1, 0, 0
54206, 7896754, 1, 0, 0
54301, 7747104, 1, 0, 0
54403, 7979173, 1, 0, 0
54507, 8518063, 1, 0, 0
54604, 5993356, 1, 0, 0
54701, 5055262, 1, 0, 0
54807, 5276880, 1, 0, 0
54904, 8092130, 1, 0, 0
55005, 7208258, 1, 0, 0
55103, 6335086, 1, 0, 0
55202, 7843323, 1, 0, 0
55303, 8365248, 1, 0, 0
55403, 9836744, 1, 0, 0
55512, 10216075, 1, 0, 0
55606, 9159835, 1, 0, 0
55702, 7385169, 1, 0, 0
55802, 8111541, 1, 0, 0
55906, 6962629, 1, 0, 0
56038, 9284731, 1, 0, 0
56105, 37725262, 1, 0, 0
56241, 13929439, 1, 0, 0
56300, 10564301, 1, 0, 0
56400, 10359105, 1, 0, 0
56501, 7698322, 1, 0, 0
56600, 6581989, 1, 0, 0
56705, 5121308, 1, 0, 0
56801, 15098410, 1, 0, 0
56900, 8169956, 1, 0, 0
57033, 12592701, 1, 0, 0
57107, 16169856, 1, 0, 0
57202, 9596676, 1, 0, 0
57303, 8436518, 1, 0, 0
57406, 7856584, 1, 0, 0
57500, 8185334, 1, 0, 0
57604, 8128005, 1, 0, 0
57703, 7383972, 1, 0, 0
57803, 7781514, 1, 0, 0
57900, 7885491, 1, 0, 0
58000, 9393601, 1, 0, 0
58105, 10598250, 1, 0, 0
58225, 12045792, 1, 0, 0
58306, 9770002, 1, 0, 0
58401, 7782312, 1, 0, 0
58500, 6829162, 1, 0, 0
58602, 22354563, 1, 0, 0
58705, 8126936, 1, 0, 0
58800, 6957451, 1, 0, 0
58903, 7319646, 1, 0, 0
59002, 7079824, 1, 0, 0
59106, 6482685, 1, 0, 0
59205, 7787446, 1, 0, 0
59300, 8145105, 1, 0, 0
59403, 8065625, 1, 0, 0
59502, 6298851, 1, 0, 0
59604, 7063502, 1, 0, 0
59700, 7143104, 1, 0, 0
59800, 5998944, 1, 0, 0
59903, 10200630, 1, 0, 0
60004, 4592355, 1, 0, 0
60102, 9277187, 1, 0, 0
60207, 7797005, 1, 0, 0
60301, 11244147, 1, 0, 0
60401, 9707158, 1, 0, 0
60504, 6000669, 1, 0, 0
60601, 4817351, 1, 0, 0
60703, 4807778, 1, 0, 0
60800, 6532508, 1, 0, 0
60905, 8488434, 1, 0, 0
61082, 11133947, 1, 0, 0
61107, 20545524, 1, 0, 0
61205, 9413186, 1, 0, 0
61300, 7971501, 1, 0, 0
61401, 7408387, 1, 0, 0
61501, 7667431, 1, 0, 0
61601, 8049497, 1, 0, 0
61703, 5132640, 1, 0, 0
61800, 5469572, 1, 0, 0
61904, 5525212, 1, 0, 0
62001, 5646973, 1, 0, 0
62102, 8413437, 1, 0, 0
62201, 6739670, 1, 0, 0
62306, 7944541, 1, 0, 0
62405, 6656073, 1, 0, 0
62502, 6273690, 1, 0, 0
62602, 5840913, 1, 0, 0
62705, 7519453, 1, 0, 0
62804, 9048524, 1, 0, 0
62904, 9025689, 1, 0, 0
63003, 8481504, 1, 0, 0
63104, 7210897, 1, 0, 0
63203, 7595842, 1, 0, 0
63301, 14642381, 1, 0, 0
63404, 7712487, 1, 0, 0
63501, 6096297, 1, 0, 0
63602, 6772396, 1, 0, 0
63702, 7305708, 1, 0, 0
63803, 6527338, 1, 0, 0
63902, 7711427, 1, 0, 0
64001, 7792468, 1, 0, 0
64104, 7123915, 1, 0, 0
64208, 9710000, 1, 0, 0
64305, 9597768, 1, 0, 0
64404, 11155167, 1, 0, 0
64501, 7748703, 1, 0, 0
64608, 9517925, 1, 0, 0
64702, 7956040, 1, 0, 0
64800, 8386279, 1, 0, 0
64907, 7857723, 1, 0, 0
65004, 8131251, 1, 0, 0
65100, 8230177, 1, 0, 0
65201, 10114632, 1, 0, 0
65305, 7346664, 1, 0, 0
65407, 8676095, 1, 0, 0
65500, 10808244, 1, 0, 0
65603, 8886665, 1, 0, 0
65704, 9539575, 1, 0, 0
65800, 7346386, 1, 0, 0
65902, 6357302, 1, 0, 0
66004, 4410928, 1, 0, 0
66113, 24378908, 1, 0, 0
66205, 15451408, 1, 0, 0
66300, 7511985, 1, 0, 0
66408, 10209783, 1, 0, 0
66509, 7383140, 1, 0, 0
66600, 6659498, 1, 0, 0
66700, 4920839, 1, 0, 0
66804, 6495758, 1, 0, 0
66904, 8913061, 1, 0, 0
67001, 7920938, 1, 0, 0
67101, 4593840, 1, 0, 0
67200, 4753088, 1, 0, 0
67305, 4707806, 1, 0, 0
67404, 4667539, 1, 0, 0
67503, 7234919, 1, 0, 0
67604, 7003718, 1, 0, 0
67700, 7380606, 1, 0, 0
67800, 7023638, 1, 0, 0
67902, 5265911, 1, 0, 0
68006, 7306648, 1, 0, 0
68104, 7843326, 1, 0, 0
68201, 6562547, 1, 0, 0
68301, 6910128, 1, 0, 0
68403, 7866495, 1, 0, 0
68500, 7714714, 1, 0, 0
68604, 7740729, 1, 0, 0
68703, 7781492, 1, 0, 0
68800, 9889249, 1, 0, 0
68900, 7540694, 1, 0, 0
69000, 5055155, 1, 0, 0
69102, 7603789, 1, 0, 0
69204, 5632508, 1, 0, 0
69305, 7606713, 1, 0, 0
69400, 8572867, 1, 0, 0
69504, 9174880, 1, 0, 0
69600, 6846430, 1, 0, 0
69702, 8900948, 1, 0, 0
69805, 8371133, 1, 0, 0
69900, 6498649, 1, 0, 0
70001, 7547858, 1, 0, 0
70104, 6719729, 1, 0, 0
70202, 5720240, 1, 0, 0
70305, 12063369, 1, 0, 0
70400, 6887263, 1, 0, 0
70501, 7756059, 1, 0, 0
70600, 8434202, 1, 0, 0
70705, 5773519, 1, 0, 0
70801, 5719105, 1, 0, 0
70900, 4803699, 1, 0, 0
71004, 5739227, 1, 0, 0
71105, 6024873, 1, 0, 0
71201, 7720053, 1, 0, 0
71300, 7697070, 1, 0, 0
71403, 12478701, 1, 0, 0
71501, 9363245, 1, 0, 0
71602, 9594624, 1, 0, 0
71702, 8045406, 1, 0, 0
71804, 7128524, 1, 0, 0
71904, 6150818, 1, 0, 0
72001, 4809038, 1, 0, 0
72100, 6288222, 1, 0, 0
72200, 5996844, 1, 0, 0
72301, 4389274, 1, 0, 0
72401, 5411996, 1, 0, 0
72504, 7385241, 1, 0, 0
72603, 7342022, 1, 0, 0
72704, 7450663, 1, 0, 0
72801, 5553428, 1, 0, 0
72904, 7512832, 1, 0, 0
73004, 9541794, 1, 0, 0
73107, 7440098, 1, 0, 0
73200, 6940230, 1, 0, 0
73302, 6214688, 1, 0, 0
73400, 7460869, 1, 0, 0
73503, 7919042, 1, 0, 0
73601, 6516670, 1, 0, 0
73701, 7576743, 1, 0, 0
73803, 5679695, 1, 0, 0
73902, 5025175, 1, 0, 0
74003, 5365550, 1, 0, 0
74103, 6565081, 1, 0, 0
74201, 7030727, 1, 0, 0
74300, 5775574, 1, 0, 0
74473, 61929485, 1, 0, 0
74504, 22112311, 1, 0, 0
74604, 7577870, 1, 0, 0
74700, 9824027, 1, 0, 0
74802, 9599055, 1, 0, 0
74902, 7565674, 1, 0, 0
75001, 6571140, 1, 0, 0
75104, 5540658, 1, 0, 0
75205, 6721664, 1, 0, 0
75301, 9957654, 1, 0, 0
75406, 6959969, 1, 0, 0
75500, 6925350, 1, 0, 0
75606, 7291736, 1, 0, 0
75701, 8644982, 1, 0, 0
75800, 6937937, 1, 0, 0
75904, 6707417, 1, 0, 0
76001, 7654787, 1, 0, 0
76104, 7681532, 1, 0, 0
76203, 7912249, 1, 0, 0
76306, 7072518, 1, 0, 0
76400, 6965189, 1, 0, 0
76500, 7041208, 1, 0, 0
76602, 6231174, 1, 0, 0
76704, 8375311, 1, 0, 0
76800, 8665115, 1, 0, 0
76905, 7463109, 1, 0, 0
77006, 6466774, 1, 0, 0
77105, 6626852, 1, 0, 0
77203, 4690866, 1, 0, 0
77302, 7092125, 1, 0, 0
77400, 6523325, 1, 0, 0
77501, 5647006, 1, 0, 0
77605, 4539089, 1, 0, 0
77736, 7261640, 1, 0, 0
77801, 8861604, 1, 0, 0
77900, 6154274, 1, 0, 0
78002, 5235734, 1, 0, 0
78103, 7354470, 1, 0, 0
78204, 6710343, 1, 0, 0
78303, 5838319, 1, 0, 0
78400, 4516984, 1, 0, 0
78501, 7106766, 1, 0, 0
78629, 8559795, 1, 0, 0
78706, 9179125, 1, 0, 0
78809, 8078631, 1, 0, 0
78902, 8684134, 1, 0, 0
79000, 7271534, 1, 0, 0
79101, 5132897, 1, 0, 0
79206, 11227991, 1, 0, 0
79301, 9838472, 1, 0, 0
79475, 14154290, 1, 0, 0
79517, 152902392, 1, 0, 0
79602, 10301888, 1, 0, 0
79703, 4688877, 1, 0, 0
79800, 5647812, 1, 0, 0
79907, 4640506, 1, 0, 0
80004, 7233752, 1, 0, 0
80100, 6679906, 1, 0, 0
80202, 6850868, 1, 0, 0
80300, 6308533, 1, 0, 0
80401, 7132822, 1, 0, 0
80502, 7387554, 1, 0, 0
80605, 6431808, 1, 0, 0
80700, 7644074, 1, 0, 0
80800, 8961599, 1, 0, 0
80903, 7434056, 1, 0, 0
81005, 6060639, 1, 0, 0
81102, 8021871, 1, 0, 0
81201, 7140575, 1, 0, 0
81305, 7315223, 1, 0, 0
81400, 11014376, 1, 0, 0
81502, 8029525, 1, 0, 0
81600, 7530010, 1, 0, 0
81702, 6313360, 1, 0, 0
81804, 6932028, 1, 0, 0
81902, 7523991, 1, 0, 0
82004, 7175021, 1, 0, 0
82100, 6509138, 1, 0, 0
82202, 8960203, 1, 0, 0
82300, 8420855, 1, 0, 0
82402, 7953539, 1, 0, 0
82503, 11119313, 1, 0, 0
82604, 8536132, 1, 0, 0
82701, 7441514, 1, 0, 0
82801, 27620884, 1, 0, 0
82903, 13289387, 1, 0, 0
83000, 7197815, 1, 0, 0
83105, 9355178, 1, 0, 0
83201, 7663769, 1, 0, 0
83300, 7755993, 1, 0, 0
83405, 7307668, 1, 0, 0
83507, 11894269, 1, 0, 0
83600, 8253644, 1, 0, 0
83703, 6646311, 1, 0, 0
83801, 6813920, 1, 0, 0
83901, 6469968, 1, 0, 0
84004, 6267286, 1, 0, 0
84102, 7231922, 1, 0, 0
84208, 7146808, 1, 0, 0
84305, 8329346, 1, 0, 0
84401, 7718405, 1, 0, 0
84501, 8235547, 1, 0, 0
84663, 13389515, 1, 0, 0
84708, 17733294, 1, 0, 0
84808, 8032792, 1, 0, 0
84905, 9891473, 1, 0, 0
85004, 8937437, 1, 0, 0
85106, 7029870, 1, 0, 0
85203, 7240180, 1, 0, 0
85300, 5431170, 1, 0, 0
85400, 5094193, 1, 0, 0
85507, 7100289, 1, 0, 0
85601, 6564557, 1, 0, 0
85706, 11140240, 1, 0, 0
85801, 7102911, 1, 0, 0
85900, 5917509, 1, 0, 0
86000, 9059230, 1, 0, 0
86100, 7898319, 1, 0, 0
86200, 5474410, 1, 0, 0
86304, 4638167, 1, 0, 0
86400, 4437557, 1, 0, 0
86504, 6888284, 1, 0, 0
86601, 6995966, 1, 0, 0
86700, 6257558, 1, 0, 0
86803, 6292981, 1, 0, 0
86900, 6743514, 1, 0, 0
87000, 8462761, 1, 0, 0
87106, 7204068, 1, 0, 0
87200, 6420354, 1, 0, 0
87302, 5497971, 1, 0, 0
87404, 7717884, 1, 0, 0
87504, 8109034, 1, 0, 0
87601, 7674780, 1, 0, 0
87707, 7765624, 1, 0, 0
87802, 7641857, 1, 0, 0
87900, 4985230, 1, 0, 0
88002, 13436036, 1, 0, 0
88100, 5885402, 1, 0, 0
88203, 5490725, 1, 0, 0
88303, 7223106, 1, 0, 0
88401, 6766334, 1, 0, 0
88501, 5941158, 1, 0, 0
88603, 7436756, 1, 0, 0
88704, 5342661, 1, 0, 0
88801, 5575969, 1, 0, 0
88901, 6918778, 1, 0, 0
89006, 5524753, 1, 0, 0
89104, 7473474, 1, 0, 0
89206, 7556500, 1, 0, 0
89305, 6321837, 1, 0, 0
89400, 7616731, 1, 0, 0
89504, 6289787, 1, 0, 0
89600, 5011064, 1, 0, 0
89725, 7229775, 1, 0, 0
89803, 7323407, 1, 0, 0
89900, 21394992, 1, 0, 0
90001, 16956739, 1, 0, 0
90006, 9251654, 1, 0, 0
