105, 7405, 0, 0, 0
202, 6300, 0, 0, 0
300, 6116, 0, 0, 0
401, 7360, 0, 0, 0
500, 6794, 0, 0, 0
600, 6455, 0, 0, 0
701, 6426, 0, 0, 0
801, 6644, 0, 0, 0
900, 7271, 0, 0, 0
1000, 7718, 0, 0, 0
1103, 6624, 0, 0, 0
1201, 6843, 0, 0, 0
1303, 7617, 0, 0, 0
1421, 6889, 0, 0, 0
1500, 7054, 0, 0, 0
1601, 6120, 0, 0, 0
1700, 6560, 0, 0, 0
1809, 6542, 0, 0, 0
1900, 6298, 0, 0, 0
2000, 7217, 0, 0, 0
2100, 6506, 0, 0, 0
2200, 6183, 0, 0, 0
2300, 6734, 0, 0, 0
2401, 6341, 0, 0, 0
2500, 6882, 0, 0, 0
2601, 8376, 0, 0, 0
2703, 6612, 0, 0, 0
2801, 6989, 0, 0, 0
2903, 6718, 0, 0, 0
3001, 7031, 0, 0, 0
3103, 7187, 0, 0, 0
3202, 7330, 0, 0, 0
3300, 6929, 0, 0, 0
3401, 7947, 0, 0, 0
3518, 6541, 0, 0, 0
3600, 6889, 0, 0, 0
3702, 6764, 0, 0, 0
3800, 6276, 0, 0, 0
3901, 7800, 0, 0, 0
4001, 7402, 0, 0, 0
4113, 6321, 0, 0, 0
4202, 6697, 0, 0, 0
4302, 7962, 0, 0, 0
4400, 7922, 0, 0, 0
4502, 7041, 0, 0, 0
4601, 7522, 0, 0, 0
4701, 8823, 0, 0, 0
4802, 7671, 0, 0, 0
4901, 8537, 0, 0, 0
5000, 8791, 0, 0, 0
5102, 7458, 0, 0, 0
5203, 7031, 0, 0, 0
5303, 7133, 0, 0, 0
5401, 8224, 0, 0, 0
5501, 10199, 0, 0, 0
5610, 10738, 0, 0, 0
5701, 8519, 0, 0, 0
5801, 9395, 0, 0, 0
5909, 8216, 0, 0, 0
6001, 8233, 0, 0, 0
6100, 7980, 0, 0, 0
6238, 6735, 0, 0, 0
6300, 7651, 0, 0, 0
6400, 7202, 0, 0, 0
6502, 7853, 0, 0, 0
6601, 9030, 0, 0, 0
6705, 7086, 0, 0, 0
6803, 7409, 0, 0, 0
6900, 7667, 0, 0, 0
7000, 8746, 0, 0, 0
7102, 7549, 0, 0, 0
7228, 7731, 0, 0, 0
7302, 7107, 0, 0, 0
7400, 7701, 0, 0, 0
7530, 7324, 0, 0, 0
7602, 7157, 0, 0, 0
7711, 8051, 0, 0, 0
7807, 7324, 0, 0, 0
7901, 7724, 0, 0, 0
8000, 8051, 0, 0, 0
8105, 8632, 0, 0, 0
8201, 7700, 0, 0, 0
8315, 7178, 0, 0, 0
8403, 7228, 0, 0, 0
8501, 7010, 0, 0, 0
8600, 7488, 0, 0, 0
8707, 8934, 0, 0, 0
8801, 7310, 0, 0, 0
8900, 7580, 0, 0, 0
9000, 8631, 0, 0, 0
9105, 7525, 0, 0, 0
9200, 8339, 0, 0, 0
9302, 7665, 0, 0, 0
9401, 7380, 0, 0, 0
9501, 7213, 0, 0, 0
9619, 7696, 0, 0, 0
9703, 7133, 0, 0, 0
9806, 8625, 0, 0, 0
9901, 7479, 0, 0, 0
10010, 8571, 0, 0, 0
10100, 7264, 0, 0, 0
10200, 9998, 0, 0, 0
10312, 7928, 0, 0, 0
10406, 7767, 0, 0, 0
10501, 7602, 0, 0, 0
10600, 9168, 0, 0, 0
10703, 7794, 0, 0, 0
10800, 7980, 0, 0, 0
10901, 6842, 0, 0, 0
11020, 7367, 0, 0, 0
11102, 9200, 0, 0, 0
11204, 8656, 0, 0, 0
11303, 8021, 0, 0, 0
11424, 8171, 0, 0, 0
11505, 6823, 0, 0, 0
11607, 7897, 0, 0, 0
11701, 6773, 0, 0, 0
11808, 7818, 0, 0, 0
11902, 6364, 0, 0, 0
12002, 8288, 0, 0, 0
12103, 8291, 0, 0, 0
12200, 6602, 0, 0, 0
12300, 7364, 0, 0, 0
12405, 7766, 0, 0, 0
12501, 7219, 0, 0, 0
12600, 7910, 0, 0, 0
12700, 7067, 0, 0, 0
12802, 7892, 0, 0, 0
12900, 6897, 0, 0, 0
13001, 7576, 0, 0, 0
13101, 7431, 0, 0, 0
13201, 6683, 0, 0, 0
13323, 7141, 0, 0, 0
13401, 6354, 0, 0, 0
13500, 7147, 0, 0, 0
13602, 7456, 0, 0, 0
13703, 7253, 0, 0, 0
13810, 8128, 0, 0, 0
13903, 8022, 0, 0, 0
14001, 7173, 0, 0, 0
14100, 8469, 0, 0, 0
14204, 8264, 0, 0, 0
14300, 8387, 0, 0, 0
14401, 7999, 0, 0, 0
14501, 8381, 0, 0, 0
14601, 6722, 0, 0, 0
14718, 7121, 0, 0, 0
14801, 7321, 0, 0, 0
14900, 7420, 0, 0, 0
15001, 7466, 0, 0, 0
15100, 6650, 0, 0, 0
15205, 6758, 0, 0, 0
15302, 7469, 0, 0, 0
15403, 6923, 0, 0, 0
15500, 6615, 0, 0, 0
15604, 8727, 0, 0, 0
15703, 11046, 0, 0, 0
15801, 7529, 0, 0, 0
15900, 7345, 0, 0, 0
16000, 7140, 0, 0, 0
16110, 7806, 0, 0, 0
16204, 8124, 0, 0, 0
16301, 7806, 0, 0, 0
16400, 7543, 0, 0, 0
16500, 6999, 0, 0, 0
16603, 6667, 0, 0, 0
16700, 7571, 0, 0, 0
16801, 11301, 0, 0, 0
16901, 7130, 0, 0, 0
17000, 7027, 0, 0, 0
17122, 6782, 0, 0, 0
17203, 7346, 0, 0, 0
17300, 7576, 0, 0, 0
17401, 6657, 0, 0, 0
17505, 7710, 0, 0, 0
17600, 7486, 0, 0, 0
17702, 7345, 0, 0, 0
17800, 7335, 0, 0, 0
17904, 7295, 0, 0, 0
18001, 7641, 0, 0, 0
18100, 7213, 0, 0, 0
18204, 7748, 0, 0, 0
18301, 7928, 0, 0, 0
18400, 6825, 0, 0, 0
18501, 6631, 0, 0, 0
18600, 7299, 0, 0, 0
18712, 7954, 0, 0, 0
18801, 7876, 0, 0, 0
18903, 7136, 0, 0, 0
19002, 6646, 0, 0, 0
19100, 7310, 0, 0, 0
19201, 7693, 0, 0, 0
19312, 8722, 0, 0, 0
19400, 7227, 0, 0, 0
19532, 7611, 0, 0, 0
19610, 7866, 0, 0, 0
19701, 7316, 0, 0, 0
19800, 7350, 0, 0, 0
19902, 8385, 0, 0, 0
20000, 8231, 0, 0, 0
20102, 7127, 0, 0, 0
20213, 8372, 0, 0, 0
20300, 7581, 0, 0, 0
20405, 7490, 0, 0, 0
20500, 9659, 0, 0, 0
20602, 6577, 0, 0, 0
20729, 7290, 0, 0, 0
20804, 7488, 0, 0, 0
20901, 9829, 0, 0, 0
21003, 7201, 0, 0, 0
21100, 7725, 0, 0, 0
21202, 7129, 0, 0, 0
21302, 7303, 0, 0, 0
21400, 8133, 0, 0, 0
21502, 7904, 0, 0, 0
21601, 7578, 0, 0, 0
21705, 9661, 0, 0, 0
21801, 8671, 0, 0, 0
21902, 8534, 0, 0, 0
22002, 7419, 0, 0, 0
22102, 7620, 0, 0, 0
22200, 7985, 0, 0, 0
22300, 6897, 0, 0, 0
22400, 9254, 0, 0, 0
22500, 7316, 0, 0, 0
22601, 7490, 0, 0, 0
22701, 8664, 0, 0, 0
22801, 7236, 0, 0, 0
22900, 7200, 0, 0, 0
23001, 7659, 0, 0, 0
23104, 8295, 0, 0, 0
23200, 7349, 0, 0, 0
23304, 7582, 0, 0, 0
23400, 7531, 0, 0, 0
23500, 7003, 0, 0, 0
23600, 7805, 0, 0, 0
23700, 6745, 0, 0, 0
23800, 7242, 0, 0, 0
23905, 7496, 0, 0, 0
24000, 8710, 0, 0, 0
24100, 7680, 0, 0, 0
24200, 7714, 0, 0, 0
24305, 8035, 0, 0, 0
24401, 8246, 0, 0, 0
24501, 7330, 0, 0, 0
24600, 6921, 0, 0, 0
24706, 6950, 0, 0, 0
24801, 7654, 0, 0, 0
24901, 6882, 0, 0, 0
25004, 7061, 0, 0, 0
25102, 7844, 0, 0, 0
25200, 7706, 0, 0, 0
25302, 7866, 0, 0, 0
25400, 9625, 0, 0, 0
25500, 7155, 0, 0, 0
25600, 7389, 0, 0, 0
25701, 6805, 0, 0, 0
25800, 7838, 0, 0, 0
25901, 8083, 0, 0, 0
26001, 9159, 0, 0, 0
26100, 7265, 0, 0, 0
26201, 7006, 0, 0, 0
26306, 8045, 0, 0, 0
26409, 7821, 0, 0, 0
26506, 7503, 0, 0, 0
26601, 6738, 0, 0, 0
26701, 7709, 0, 0, 0
26801, 8388, 0, 0, 0
26900, 7130, 0, 0, 0
27002, 8783, 0, 0, 0
27108, 7740, 0, 0, 0
27200, 7451, 0, 0, 0
27300, 8299, 0, 0, 0
27400, 7347, 0, 0, 0
27500, 6667, 0, 0, 0
27601, 7587, 0, 0, 0
27701, 6826, 0, 0, 0
27801, 8220, 0, 0, 0
27903, 7371, 0, 0, 0
28015, 7937, 0, 0, 0
28103, 8659, 0, 0, 0
28204, 7462, 0, 0, 0
28301, 7523, 0, 0, 0
28400, 6545, 0, 0, 0
28510, 7438, 0, 0, 0
28602, 7137, 0, 0, 0
28700, 7961, 0, 0, 0
28800, 6906, 0, 0, 0
28901, 6898, 0, 0, 0
29000, 7195, 0, 0, 0
29120, 6839, 0, 0, 0
29204, 6353, 0, 0, 0
29309, 7638, 0, 0, 0
29412, 6857, 0, 0, 0
29502, 8359, 0, 0, 0
29603, 8053, 0, 0, 0
29702, 6901, 0, 0, 0
29801, 8056, 0, 0, 0
29902, 7615, 0, 0, 0
30008, 7536, 0, 0, 0
30119, 6667, 0, 0, 0
30211, 9891, 0, 0, 0
30301, 7737, 0, 0, 0
30417, 8032, 0, 0, 0
30501, 7746, 0, 0, 0
30600, 7817, 0, 0, 0
30704, 7481, 0, 0, 0
30800, 9538, 0, 0, 0
30903, 7819, 0, 0, 0
31000, 7063, 0, 0, 0
31103, 8535, 0, 0, 0
31204, 7641, 0, 0, 0
31300, 7402, 0, 0, 0
31400, 6885, 0, 0, 0
31503, 7689, 0, 0, 0
31600, 7333, 0, 0, 0
31701, 7868, 0, 0, 0
31819, 7654, 0, 0, 0
31902, 7254, 0, 0, 0
32004, 7633, 0, 0, 0
32104, 7532, 0, 0, 0
32201, 7753, 0, 0, 0
32300, 7742, 0, 0, 0
32403, 9629, 0, 0, 0
32500, 8478, 0, 0, 0
32600, 6565, 0, 0, 0
32704, 6394, 0, 0, 0
32808, 6948, 0, 0, 0
32906, 8709, 0, 0, 0
33003, 7618, 0, 0, 0
33101, 7876, 0, 0, 0
33210, 9211, 0, 0, 0
33304, 8213, 0, 0, 0
33401, 7675, 0, 0, 0
33500, 7863, 0, 0, 0
33604, 7171, 0, 0, 0
33700, 7941, 0, 0, 0
33802, 7976, 0, 0, 0
33900, 7532, 0, 0, 0
34010, 7526, 0, 0, 0
34100, 6257, 0, 0, 0
34201, 7134, 0, 0, 0
34302, 8367, 0, 0, 0
34401, 6590, 0, 0, 0
34503, 6701, 0, 0, 0
34601, 7715, 0, 0, 0
34706, 8039, 0, 0, 0
34801, 9408, 0, 0, 0
34901, 7530, 0, 0, 0
35003, 6493, 0, 0, 0
35100, 7607, 0, 0, 0
35203, 7589, 0, 0, 0
35301, 10193, 0, 0, 0
35402, 6772, 0, 0, 0
35501, 8000, 0, 0, 0
35623, 8682, 0, 0, 0
35702, 8743, 0, 0, 0
35800, 7181, 0, 0, 0
35901, 7627, 0, 0, 0
36002, 7720, 0, 0, 0
36102, 8767, 0, 0, 0
36206, 7046, 0, 0, 0
36302, 7818, 0, 0, 0
36401, 7656, 0, 0, 0
36503, 7045, 0, 0, 0
36603, 7380, 0, 0, 0
36701, 7117, 0, 0, 0
36801, 8248, 0, 0, 0
36901, 7577, 0, 0, 0
37001, 7114, 0, 0, 0
37101, 7541, 0, 0, 0
37201, 7876, 0, 0, 0
37302, 7894, 0, 0, 0
37404, 7515, 0, 0, 0
37503, 7684, 0, 0, 0
37600, 7745, 0, 0, 0
37700, 7419, 0, 0, 0
37802, 7951, 0, 0, 0
37900, 7992, 0, 0, 0
38001, 7033, 0, 0, 0
38120, 6665, 0, 0, 0
38200, 10011, 0, 0, 0
38330, 8352, 0, 0, 0
38402, 9113, 0, 0, 0
38502, 7222, 0, 0, 0
38600, 7438, 0, 0, 0
38701, 7340, 0, 0, 0
38804, 7208, 0, 0, 0
38901, 9031, 0, 0, 0
39000, 10099, 0, 0, 0
39101, 7072, 0, 0, 0
39200, 8475, 0, 0, 0
39300, 8798, 0, 0, 0
39429, 7471, 0, 0, 0
39504, 7912, 0, 0, 0
39600, 6465, 0, 0, 0
39700, 8921, 0, 0, 0
39800, 6704, 0, 0, 0
39901, 6347, 0, 0, 0
40000, 9149, 0, 0, 0
40102, 8935, 0, 0, 0
40203, 6806, 0, 0, 0
40304, 7504, 0, 0, 0
40400, 6805, 0, 0, 0
40502, 6285, 0, 0, 0
40601, 7356, 0, 0, 0
40700, 6868, 0, 0, 0
40810, 7424, 0, 0, 0
40902, 8284, 0, 0, 0
41001, 8353, 0, 0, 0
41101, 8891, 0, 0, 0
41201, 8415, 0, 0, 0
41300, 7976, 0, 0, 0
41402, 7841, 0, 0, 0
41502, 8307, 0, 0, 0
41600, 8340, 0, 0, 0
41700, 6768, 0, 0, 0
41800, 6498, 0, 0, 0
41903, 9712, 0, 0, 0
42004, 8297, 0, 0, 0
42100, 7550, 0, 0, 0
42201, 7520, 0, 0, 0
42321, 10858, 0, 0, 0
42400, 7930, 0, 0, 0
42503, 8843, 0, 0, 0
42600, 7049, 0, 0, 0
42704, 7476, 0, 0, 0
42800, 7688, 0, 0, 0
42901, 6973, 0, 0, 0
43005, 10794, 0, 0, 0
43125, 7409, 0, 0, 0
43212, 6687, 0, 0, 0
43302, 7471, 0, 0, 0
43404, 8249, 0, 0, 0
43501, 6775, 0, 0, 0
43602, 7069, 0, 0, 0
43700, 6581, 0, 0, 0
43803, 10540, 0, 0, 0
43915, 7672, 0, 0, 0
44001, 8341, 0, 0, 0
44102, 7120, 0, 0, 0
44200, 7522, 0, 0, 0
44301, 7405, 0, 0, 0
44402, 6939, 0, 0, 0
44503, 8525, 0, 0, 0
44601, 7051, 0, 0, 0
44712, 7087, 0, 0, 0
44804, 6551, 0, 0, 0
44902, 9514, 0, 0, 0
45001, 7912, 0, 0, 0
45100, 7432, 0, 0, 0
45200, 7500, 0, 0, 0
45300, 6940, 0, 0, 0
45401, 6096, 0, 0, 0
45502, 6715, 0, 0, 0
45600, 7282, 0, 0, 0
45701, 7788, 0, 0, 0
45800, 7413, 0, 0, 0
45904, 7839, 0, 0, 0
46003, 8004, 0, 0, 0
46101, 7347, 0, 0, 0
46201, 8690, 0, 0, 0
46308, 8961, 0, 0, 0
46401, 6661, 0, 0, 0
46514, 8253, 0, 0, 0
46606, 6216, 0, 0, 0
46702, 6970, 0, 0, 0
46802, 6648, 0, 0, 0
46900, 8418, 0, 0, 0
47000, 6867, 0, 0, 0
47100, 7020, 0, 0, 0
47202, 8493, 0, 0, 0
47301, 7647, 0, 0, 0
47401, 7337, 0, 0, 0
47500, 7159, 0, 0, 0
47601, 7338, 0, 0, 0
47701, 7875, 0, 0, 0
47821, 6931, 0, 0, 0
47902, 7886, 0, 0, 0
48001, 6400, 0, 0, 0
48101, 7749, 0, 0, 0
48200, 7617, 0, 0, 0
48300, 7848, 0, 0, 0
48401, 8328, 0, 0, 0
48501, 9138, 0, 0, 0
48603, 7767, 0, 0, 0
48700, 8709, 0, 0, 0
48801, 6819, 0, 0, 0
48925, 8383, 0, 0, 0
49001, 6876, 0, 0, 0
49101, 7462, 0, 0, 0
49203, 9165, 0, 0, 0
49300, 7843, 0, 0, 0
49400, 7443, 0, 0, 0
49501, 7220, 0, 0, 0
49601, 6452, 0, 0, 0
49701, 7440, 0, 0, 0
49801, 8915, 0, 0, 0
49911, 12413, 0, 0, 0
50000, 7168, 0, 0, 0
50101, 8329, 0, 0, 0
50201, 7527, 0, 0, 0
50308, 8024, 0, 0, 0
50400, 10840, 0, 0, 0
50501, 6944, 0, 0, 0
50610, 6914, 0, 0, 0
50735, 7331, 0, 0, 0
50804, 8044, 0, 0, 0
50904, 9066, 0, 0, 0
51002, 8422, 0, 0, 0
51100, 8122, 0, 0, 0
51202, 6604, 0, 0, 0
51301, 7567, 0, 0, 0
51400, 7920, 0, 0, 0
51510, 8493, 0, 0, 0
51600, 6617, 0, 0, 0
51702, 7399, 0, 0, 0
51800, 7353, 0, 0, 0
51902, 7774, 0, 0, 0
52000, 7498, 0, 0, 0
52102, 7186, 0, 0, 0
52201, 6787, 0, 0, 0
52301, 7763, 0, 0, 0
52400, 7257, 0, 0, 0
52500, 7151, 0, 0, 0
52601, 7650, 0, 0, 0
52703, 8326, 0, 0, 0
52801, 6528, 0, 0, 0
52901, 9231, 0, 0, 0
53000, 6584, 0, 0, 0
53100, 7339, 0, 0, 0
53200, 6824, 0, 0, 0
53300, 6418, 0, 0, 0
53402, 7613, 0, 0, 0
53501, 8440, 0, 0, 0
53600, 8072, 0, 0, 0
53700, 7670, 0, 0, 0
53801, 6635, 0, 0, 0
53900, 7433, 0, 0, 0
54001, 6877, 0, 0, 0
54102, 7782, 0, 0, 0
54201, 7662, 0, 0, 0
54309, 7851, 0, 0, 0
54401, 7041, 0, 0, 0
54501, 7583, 0, 0, 0
54604, 7786, 0, 0, 0
54700, 7313, 0, 0, 0
54802, 6975, 0, 0, 0
54901, 7639, 0, 0, 0
55000, 6833, 0, 0, 0
55101, 7685, 0, 0, 0
55214, 7293, 0, 0, 0
55301, 6842, 0, 0, 0
55405, 7822, 0, 0, 0
55501, 6919, 0, 0, 0
55603, 7260, 0, 0, 0
55700, 6891, 0, 0, 0
55802, 8186, 0, 0, 0
55904, 8377, 0, 0, 0
56002, 8074, 0, 0, 0
56102, 7454, 0, 0, 0
56202, 7223, 0, 0, 0
56301, 7714, 0, 0, 0
56400, 9568, 0, 0, 0
56501, 7265, 0, 0, 0
56600, 8065, 0, 0, 0
56701, 7859, 0, 0, 0
56812, 7013, 0, 0, 0
56903, 7563, 0, 0, 0
57002, 7472, 0, 0, 0
57100, 7120, 0, 0, 0
57202, 6955, 0, 0, 0
57300, 9893, 0, 0, 0
57402, 6971, 0, 0, 0
57500, 6901, 0, 0, 0
57601, 8612, 0, 0, 0
57700, 7312, 0, 0, 0
57802, 7451, 0, 0, 0
57901, 8155, 0, 0, 0
58012, 8210, 0, 0, 0
58100, 8449, 0, 0, 0
58201, 7391, 0, 0, 0
58300, 7563, 0, 0, 0
58401, 8383, 0, 0, 0
58500, 7507, 0, 0, 0
58602, 6733, 0, 0, 0
58758, 8174, 0, 0, 0
58802, 8379, 0, 0, 0
58901, 7165, 0, 0, 0
59002, 7393, 0, 0, 0
59103, 8418, 0, 0, 0
59201, 7547, 0, 0, 0
59304, 7688, 0, 0, 0
59403, 7540, 0, 0, 0
59500, 6994, 0, 0, 0
59621, 8216, 0, 0, 0
59703, 7807, 0, 0, 0
59802, 8282, 0, 0, 0
59900, 8396, 0, 0, 0
60003, 7600, 0, 0, 0
