250, 144, 0, 0, 0
350, 210, 0, 0, 0
450, 250, 0, 0, 0
550, 220, 0, 0, 0
650, 170, 0, 0, 0
749, 232, 0, 0, 0
849, 180, 0, 0, 0
950, 210, 0, 0, 0
1050, 160, 0, 0, 0
1150, 230, 0, 0, 0
1249, 181, 0, 0, 0
1349, 200, 0, 0, 0
1449, 260, 0, 0, 0
1549, 210, 0, 0, 0
1649, 270, 0, 0, 0
1749, 180, 0, 0, 0
1849, 280, 0, 0, 0
1949, 160, 0, 0, 0
2050, 230, 0, 0, 0
2150, 170, 0, 0, 0
2249, 191, 0, 0, 0
2349, 210, 0, 0, 0
2449, 240, 0, 0, 0
2549, 310, 0, 0, 0
2649, 220, 0, 0, 0
2749, 210, 0, 0, 0
2849, 260, 0, 0, 0
2949, 190, 0, 0, 0
3050, 220, 0, 0, 0
3150, 100, 0, 0, 0
3250, 150, 0, 0, 0
3350, 210, 0, 0, 0
3450, 170, 0, 0, 0
3550, 200, 0, 0, 0
3650, 150, 0, 0, 0
3749, 232, 0, 0, 0
3849, 230, 0, 0, 0
3949, 130, 0, 0, 0
4049, 230, 0, 0, 0
4149, 180, 0, 0, 0
4250, 260, 0, 0, 0
4350, 170, 0, 0, 0
4450, 140, 0, 0, 0
4550, 160, 0, 0, 0
4650, 170, 0, 0, 0
4749, 242, 0, 0, 0
4849, 170, 0, 0, 0
4949, 170, 0, 0, 0
5049, 170, 0, 0, 0
5149, 180, 0, 0, 0
5250, 190, 0, 0, 0
5350, 210, 0, 0, 0
5450, 170, 0, 0, 0
5550, 200, 0, 0, 0
5650, 190, 0, 0, 0
5749, 232, 0, 0, 0
5849, 200, 0, 0, 0
5949, 210, 0, 0, 0
6049, 280, 0, 0, 0
6149, 250, 0, 0, 0
6249, 280, 0, 0, 0
6350, 230, 0, 0, 0
6450, 130, 0, 0, 0
6550, 140, 0, 0, 0
6650, 250, 0, 0, 0
6749, 151, 0, 0, 0
6849, 210, 0, 0, 0
6949, 170, 0, 0, 0
7049, 270, 0, 0, 0
7149, 240, 0, 0, 0
7249, 240, 0, 0, 0
7349, 240, 0, 0, 0
7449, 160, 0, 0, 0
7550, 230, 0, 0, 0
7650, 270, 0, 0, 0
7749, 242, 0, 0, 0
7849, 220, 0, 0, 0
7949, 270, 0, 0, 0
8049, 330, 0, 0, 0
8149, 220, 0, 0, 0
8249, 160, 0, 0, 0
8349, 190, 0, 0, 0
8449, 200, 0, 0, 0
8550, 150, 0, 0, 0
8650, 220, 0, 0, 0
8749, 181, 0, 0, 0
8849, 190, 0, 0, 0
8949, 220, 0, 0, 0
9049, 270, 0, 0, 0
9149, 180, 0, 0, 0
9249, 240, 0, 0, 0
9349, 180, 0, 0, 0
9449, 210, 0, 0, 0
9550, 140, 0, 0, 0
9650, 240, 0, 0, 0
9749, 161, 0, 0, 0
9849, 260, 0, 0, 0
9949, 150, 0, 0, 0
10049, 260, 0, 0, 0
10149, 250, 0, 0, 0
10249, 190, 0, 0, 0
10349, 210, 0, 0, 0
10449, 230, 0, 0, 0
10550, 200, 0, 0, 0
10650, 210, 0, 0, 0
10750, 230, 0, 0, 0
10850, 240, 0, 0, 0
10950, 170, 0, 0, 0
11050, 200, 0, 0, 0
11150, 180, 0, 0, 0
11249, 232, 0, 0, 0
11349, 200, 0, 0, 0
11449, 210, 0, 0, 0
11550, 200, 0, 0, 0
11650, 160, 0, 0, 0
11749, 242, 0, 0, 0
11849, 220, 0, 0, 0
11949, 200, 0, 0, 0
12049, 120, 0, 0, 0
12149, 230, 0, 0, 0
12249, 190, 0, 0, 0
12349, 230, 0, 0, 0
12449, 230, 0, 0, 0
12549, 210, 0, 0, 0
12649, 190, 0, 0, 0
12750, 260, 0, 0, 0
12850, 190, 0, 0, 0
12950, 130, 0, 0, 0
13050, 210, 0, 0, 0
13150, 260, 0, 0, 0
13249, 222, 0, 0, 0
13349, 240, 0, 0, 0
13449, 200, 0, 0, 0
13549, 190, 0, 0, 0
13649, 210, 0, 0, 0
13750, 110, 0, 0, 0
13850, 270, 0, 0, 0
13950, 230, 0, 0, 0
14050, 180, 0, 0, 0
14150, 260, 0, 0, 0
14249, 181, 0, 0, 0
14349, 190, 0, 0, 0
14449, 220, 0, 0, 0
14549, 250, 0, 0, 0
14649, 180, 0, 0, 0
14749, 180, 0, 0, 0
14850, 170, 0, 0, 0
14950, 190, 0, 0, 0
15050, 180, 0, 0, 0
15150, 240, 0, 0, 0
15249, 202, 0, 0, 0
15349, 210, 0, 0, 0
15449, 190, 0, 0, 0
15549, 200, 0, 0, 0
15649, 240, 0, 0, 0
15749, 260, 0, 0, 0
15849, 190, 0, 0, 0
15949, 200, 0, 0, 0
16050, 180, 0, 0, 0
16150, 190, 0, 0, 0
16249, 161, 0, 0, 0
16349, 140, 0, 0, 0
16449, 220, 0, 0, 0
16549, 250, 0, 0, 0
16649, 260, 0, 0, 0
16749, 230, 0, 0, 0
16849, 170, 0, 0, 0
16949, 210, 0, 0, 0
17049, 220, 0, 0, 0
17149, 210, 0, 0, 0
17250, 190, 0, 0, 0
17350, 160, 0, 0, 0
17450, 140, 0, 0, 0
17550, 190, 0, 0, 0
17650, 230, 0, 0, 0
17749, 252, 0, 0, 0
17849, 210, 0, 0, 0
17949, 330, 0, 0, 0
18049, 340, 0, 0, 0
18149, 170, 0, 0, 0
18250, 170, 0, 0, 0
18350, 300, 0, 0, 0
18450, 160, 0, 0, 0
18550, 220, 0, 0, 0
18650, 170, 0, 0, 0
18749, 252, 0, 0, 0
18849, 210, 0, 0, 0
18949, 210, 0, 0, 0
19049, 240, 0, 0, 0
19149, 240, 0, 0, 0
19249, 260, 0, 0, 0
19349, 200, 0, 0, 0
19450, 230, 0, 0, 0
19550, 130, 0, 0, 0
19650, 140, 0, 0, 0
19749, 141, 0, 0, 0
19849, 190, 0, 0, 0
19949, 180, 0, 0, 0
20049, 160, 0, 0, 0
20149, 250, 0, 0, 0
20249, 230, 0, 0, 0
20349, 210, 0, 0, 0
20450, 270, 0, 0, 0
20550, 240, 0, 0, 0
20650, 160, 0, 0, 0
20749, 272, 0, 0, 0
20849, 240, 0, 0, 0
20949, 170, 0, 0, 0
21049, 110, 0, 0, 0
21149, 230, 0, 0, 0
21249, 170, 0, 0, 0
21349, 230, 0, 0, 0
21450, 170, 0, 0, 0
21550, 100, 0, 0, 0
21650, 210, 0, 0, 0
21749, 191, 0, 0, 0
21849, 210, 0, 0, 0
21949, 210, 0, 0, 0
22049, 230, 0, 0, 0
22149, 180, 0, 0, 0
22250, 150, 0, 0, 0
22350, 160, 0, 0, 0
22450, 190, 0, 0, 0
22550, 230, 0, 0, 0
22650, 300, 0, 0, 0
22749, 242, 0, 0, 0
22849, 190, 0, 0, 0
22949, 220, 0, 0, 0
23049, 160, 0, 0, 0
23149, 230, 0, 0, 0
23250, 200, 0, 0, 0
23350, 220, 0, 0, 0
23450, 210, 0, 0, 0
23550, 150, 0, 0, 0
23650, 220, 0, 0, 0
23749, 161, 0, 0, 0
23849, 170, 0, 0, 0
23949, 240, 0, 0, 0
24049, 200, 0, 0, 0
24149, 220, 0, 0, 0
24249, 220, 0, 0, 0
24349, 170, 0, 0, 0
24449, 190, 0, 0, 0
24550, 260, 0, 0, 0
24650, 180, 0, 0, 0
24749, 232, 0, 0, 0
24849, 220, 0, 0, 0
24949, 200, 0, 0, 0
25049, 230, 0, 0, 0
25149, 180, 0, 0, 0
25249, 170, 0, 0, 0
25349, 210, 0, 0, 0
25449, 140, 0, 0, 0
25550, 190, 0, 0, 0
25650, 250, 0, 0, 0
25749, 212, 0, 0, 0
25849, 200, 0, 0, 0
25949, 230, 0, 0, 0
26049, 140, 0, 0, 0
26149, 250, 0, 0, 0
26249, 180, 0, 0, 0
26349, 190, 0, 0, 0
26449, 230, 0, 0, 0
26550, 230, 0, 0, 0
26650, 180, 0, 0, 0
26750, 170, 0, 0, 0
26850, 160, 0, 0, 0
26950, 190, 0, 0, 0
27050, 270, 0, 0, 0
27150, 240, 0, 0, 0
27249, 212, 0, 0, 0
27349, 170, 0, 0, 0
27449, 160, 0, 0, 0
27549, 190, 0, 0, 0
27649, 170, 0, 0, 0
27750, 260, 0, 0, 0
27850, 220, 0, 0, 0
27950, 210, 0, 0, 0
28050, 170, 0, 0, 0
28150, 160, 0, 0, 0
28249, 181, 0, 0, 0
28349, 160, 0, 0, 0
28449, 240, 0, 0, 0
28549, 230, 0, 0, 0
28649, 150, 0, 0, 0
28750, 230, 0, 0, 0
28850, 130, 0, 0, 0
28950, 230, 0, 0, 0
29050, 220, 0, 0, 0
29150, 300, 0, 0, 0
29249, 232, 0, 0, 0
29349, 160, 0, 0, 0
29449, 210, 0, 0, 0
29549, 200, 0, 0, 0
29649, 150, 0, 0, 0
29750, 220, 0, 0, 0
29850, 200, 0, 0, 0
29950, 170, 0, 0, 0
30050, 200, 0, 0, 0
30150, 240, 0, 0, 0
30249, 252, 0, 0, 0
30349, 220, 0, 0, 0
30449, 170, 0, 0, 0
30549, 170, 0, 0, 0
30649, 150, 0, 0, 0
30749, 150, 0, 0, 0
30850, 270, 0, 0, 0
30950, 230, 0, 0, 0
31050, 200, 0, 0, 0
31150, 210, 0, 0, 0
31249, 181, 0, 0, 0
31349, 200, 0, 0, 0
31449, 260, 0, 0, 0
31549, 240, 0, 0, 0
31649, 220, 0, 0, 0
31749, 190, 0, 0, 0
31850, 180, 0, 0, 0
31950, 230, 0, 0, 0
32050, 250, 0, 0, 0
32150, 190, 0, 0, 0
32249, 242, 0, 0, 0
32349, 240, 0, 0, 0
32449, 240, 0, 0, 0
32549, 210, 0, 0, 0
32649, 160, 0, 0, 0
32750, 270, 0, 0, 0
32850, 210, 0, 0, 0
32950, 240, 0, 0, 0
33050, 220, 0, 0, 0
33150, 260, 0, 0, 0
33249, 141, 0, 0, 0
33349, 160, 0, 0, 0
33449, 140, 0, 0, 0
33549, 200, 0, 0, 0
33649, 210, 0, 0, 0
33750, 170, 0, 0, 0
33850, 130, 0, 0, 0
33950, 220, 0, 0, 0
34050, 210, 0, 0, 0
34150, 260, 0, 0, 0
34249, 282, 0, 0, 0
34349, 220, 0, 0, 0
34449, 140, 0, 0, 0
34549, 160, 0, 0, 0
34649, 180, 0, 0, 0
34750, 240, 0, 0, 0
34850, 330, 0, 0, 0
34950, 240, 0, 0, 0
35050, 200, 0, 0, 0
35150, 210, 0, 0, 0
35249, 282, 0, 0, 0
35349, 220, 0, 0, 0
35449, 190, 0, 0, 0
35549, 200, 0, 0, 0
35649, 190, 0, 0, 0
35749, 180, 0, 0, 0
35850, 130, 0, 0, 0
35950, 220, 0, 0, 0
36050, 240, 0, 0, 0
36150, 210, 0, 0, 0
36249, 222, 0, 0, 0
36349, 200, 0, 0, 0
36449, 220, 0, 0, 0
36549, 180, 0, 0, 0
36649, 190, 0, 0, 0
36750, 220, 0, 0, 0
36850, 260, 0, 0, 0
36950, 150, 0, 0, 0
37050, 160, 0, 0, 0
37150, 170, 0, 0, 0
37249, 181, 0, 0, 0
37349, 240, 0, 0, 0
37449, 200, 0, 0, 0
37549, 230, 0, 0, 0
37649, 190, 0, 0, 0
37750, 220, 0, 0, 0
37850, 180, 0, 0, 0
37950, 230, 0, 0, 0
38050, 280, 0, 0, 0
38150, 210, 0, 0, 0
38249, 181, 0, 0, 0
38349, 180, 0, 0, 0
38449, 180, 0, 0, 0
38549, 240, 0, 0, 0
38649, 260, 0, 0, 0
38749, 200, 0, 0, 0
38849, 200, 0, 0, 0
38950, 180, 0, 0, 0
39050, 190, 0, 0, 0
39150, 340, 0, 0, 0
39249, 202, 0, 0, 0
39349, 220, 0, 0, 0
39449, 200, 0, 0, 0
39549, 210, 0, 0, 0
39649, 180, 0, 0, 0
39749, 170, 0, 0, 0
39849, 210, 0, 0, 0
39949, 220, 0, 0, 0
40050, 190, 0, 0, 0
40150, 270, 0, 0, 0
40249, 252, 0, 0, 0
40349, 280, 0, 0, 0
40449, 230, 0, 0, 0
40549, 110, 0, 0, 0
40649, 180, 0, 0, 0
40749, 170, 0, 0, 0
40849, 100, 0, 0, 0
40949, 100, 0, 0, 0
41050, 230, 0, 0, 0
41150, 200, 0, 0, 0
41249, 232, 0, 0, 0
41349, 170, 0, 0, 0
41449, 150, 0, 0, 0
41549, 240, 0, 0, 0
41649, 130, 0, 0, 0
41749, 210, 0, 0, 0
41849, 160, 0, 0, 0
41949, 230, 0, 0, 0
42050, 270, 0, 0, 0
42150, 170, 0, 0, 0
42249, 222, 0, 0, 0
42349, 210, 0, 0, 0
42449, 190, 0, 0, 0
42549, 240, 0, 0, 0
42649, 220, 0, 0, 0
42750, 200, 0, 0, 0
42850, 180, 0, 0, 0
42950, 180, 0, 0, 0
43050, 200, 0, 0, 0
43150, 240, 0, 0, 0
43249, 232, 0, 0, 0
43349, 220, 0, 0, 0
43449, 150, 0, 0, 0
43549, 260, 0, 0, 0
43649, 210, 0, 0, 0
43749, 210, 0, 0, 0
43849, 100, 0, 0, 0
43950, 90, 0, 0, 0
44050, 190, 0, 0, 0
44150, 220, 0, 0, 0
44249, 161, 0, 0, 0
44349, 200, 0, 0, 0
44449, 200, 0, 0, 0
44549, 300, 0, 0, 0
44649, 200, 0, 0, 0
44749, 260, 0, 0, 0
44849, 200, 0, 0, 0
44950, 250, 0, 0, 0
45050, 150, 0, 0, 0
45150, 180, 0, 0, 0
45249, 181, 0, 0, 0
45349, 210, 0, 0, 0
45449, 250, 0, 0, 0
45549, 250, 0, 0, 0
45649, 230, 0, 0, 0
45749, 210, 0, 0, 0
45849, 250, 0, 0, 0
45949, 220, 0, 0, 0
46050, 240, 0, 0, 0
46150, 310, 0, 0, 0
46250, 170, 0, 0, 0
46350, 210, 0, 0, 0
46450, 190, 0, 0, 0
46550, 190, 0, 0, 0
46650, 170, 0, 0, 0
46749, 242, 0, 0, 0
46849, 260, 0, 0, 0
46949, 200, 0, 0, 0
47049, 140, 0, 0, 0
47149, 140, 0, 0, 0
47250, 280, 0, 0, 0
47350, 260, 0, 0, 0
47450, 170, 0, 0, 0
47550, 160, 0, 0, 0
47650, 190, 0, 0, 0
47749, 131, 0, 0, 0
47849, 190, 0, 0, 0
47949, 160, 0, 0, 0
48049, 210, 0, 0, 0
48149, 220, 0, 0, 0
48250, 230, 0, 0, 0
48350, 170, 0, 0, 0
48450, 190, 0, 0, 0
48550, 240, 0, 0, 0
48650, 220, 0, 0, 0
48749, 262, 0, 0, 0
48849, 200, 0, 0, 0
48949, 240, 0, 0, 0
49049, 200, 0, 0, 0
49149, 220, 0, 0, 0
49249, 240, 0, 0, 0
49350, 210, 0, 0, 0
49450, 270, 0, 0, 0
49550, 190, 0, 0, 0
49650, 240, 0, 0, 0
49749, 292, 0, 0, 0
49849, 150, 0, 0, 0
49949, 110, 0, 0, 0
50049, 160, 0, 0, 0
50149, 170, 0, 0, 0
50249, 170, 0, 0, 0
50349, 160, 0, 0, 0
50449, 150, 0, 0, 0
50550, 210, 0, 0, 0
50650, 230, 0, 0, 0
50749, 242, 0, 0, 0
50849, 190, 0, 0, 0
50949, 210, 0, 0, 0
51049, 220, 0, 0, 0
51149, 240, 0, 0, 0
51249, 230, 0, 0, 0
51349, 250, 0, 0, 0
51449, 220, 0, 0, 0
51550, 290, 0, 0, 0
51650, 230, 0, 0, 0
51750, 190, 0, 0, 0
51850, 160, 0, 0, 0
51950, 250, 0, 0, 0
52050, 200, 0, 0, 0
52150, 200, 0, 0, 0
52249, 161, 0, 0, 0
52349, 190, 0, 0, 0
52449, 180, 0, 0, 0
52549, 190, 0, 0, 0
52649, 220, 0, 0, 0
52750, 260, 0, 0, 0
52850, 190, 0, 0, 0
52950, 260, 0, 0, 0
53050, 140, 0, 0, 0
53150, 320, 0, 0, 0
53249, 323, 0, 0, 0
53349, 150, 0, 0, 0
53449, 200, 0, 0, 0
53549, 290, 0, 0, 0
53649, 160, 0, 0, 0
53750, 150, 0, 0, 0
53850, 210, 0, 0, 0
53950, 250, 0, 0, 0
54050, 270, 0, 0, 0
54150, 210, 0, 0, 0
54249, 202, 0, 0, 0
54349, 220, 0, 0, 0
54449, 120, 0, 0, 0
54549, 180, 0, 0, 0
54649, 200, 0, 0, 0
54750, 220, 0, 0, 0
54850, 220, 0, 0, 0
54950, 160, 0, 0, 0
55050, 210, 0, 0, 0
55150, 270, 0, 0, 0
55249, 232, 0, 0, 0
55349, 160, 0, 0, 0
55449, 190, 0, 0, 0
55549, 170, 0, 0, 0
55649, 230, 0, 0, 0
55749, 180, 0, 0, 0
55850, 230, 0, 0, 0
55950, 250, 0, 0, 0
56050, 260, 0, 0, 0
56150, 250, 0, 0, 0
56249, 202, 0, 0, 0
56349, 120, 0, 0, 0
56449, 220, 0, 0, 0
56549, 340, 0, 0, 0
56649, 160, 0, 0, 0
56749, 220, 0, 0, 0
56849, 180, 0, 0, 0
56949, 250, 0, 0, 0
57050, 140, 0, 0, 0
57150, 170, 0, 0, 0
57249, 202, 0, 0, 0
57349, 240, 0, 0, 0
57449, 250, 0, 0, 0
57549, 240, 0, 0, 0
57649, 180, 0, 0, 0
57749, 200, 0, 0, 0
57849, 220, 0, 0, 0
57949, 210, 0, 0, 0
58050, 230, 0, 0, 0
58150, 200, 0, 0, 0
58249, 191, 0, 0, 0
58349, 210, 0, 0, 0
58449, 210, 0, 0, 0
58549, 230, 0, 0, 0
58649, 180, 0, 0, 0
58749, 170, 0, 0, 0
58849, 180, 0, 0, 0
58949, 200, 0, 0, 0
59049, 300, 0, 0, 0
59149, 220, 0, 0, 0
59250, 270, 0, 0, 0
59350, 240, 0, 0, 0
59450, 220, 0, 0, 0
59550, 160, 0, 0, 0
59650, 300, 0, 0, 0
59749, 181, 0, 0, 0
59849, 240, 0, 0, 0
59949, 220, 0, 0, 0
