100, 4316807, 0, 0, 0
200, 6598579, 0, 0, 0
300, 7897211, 0, 0, 0
400, 16388268, 0, 0, 0
500, 12236536, 0, 0, 0
600, 7443050, 0, 0, 0
700, 4772711, 0, 0, 0
800, 4470027, 0, 0, 0
900, 4980560, 0, 0, 0
1000, 3878009, 0, 0, 0
1100, 4051036, 0, 0, 0
1200, 5946166, 0, 0, 0
1300, 4250796, 0, 0, 0
1400, 5022393, 0, 0, 0
1500, 4842854, 0, 0, 0
1600, 9991768, 0, 0, 0
1700, 5154275, 0, 0, 0
1800, 5243593, 0, 0, 0
1900, 7250370, 0, 0, 0
2000, 6917347, 0, 0, 0
2100, 5270900, 0, 0, 0
2200, 4601189, 0, 0, 0
2300, 4021088, 0, 0, 0
2400, 3609475, 0, 0, 0
2500, 5011647, 0, 0, 0
2600, 5791374, 0, 0, 0
2700, 5907384, 0, 0, 0
2800, 4517387, 0, 0, 0
2900, 5629332, 0, 0, 0
3000, 3969505, 0, 0, 0
3100, 4312562, 0, 0, 0
3200, 5093116, 0, 0, 0
3300, 4677957, 0, 0, 0
3400, 9649503, 0, 0, 0
3500, 5910761, 0, 0, 0
3600, 8494444, 0, 0, 0
3701, 7174445, 0, 0, 0
3800, 6784513, 0, 0, 0
3900, 4719879, 0, 0, 0
4000, 4031951, 0, 0, 0
4100, 3745009, 0, 0, 0
4200, 4122978, 0, 0, 0
4300, 4788205, 0, 0, 0
4400, 6092161, 0, 0, 0
4517, 28850271, 0, 0, 0
4600, 54966988, 0, 0, 0
4714, 72798564, 0, 0, 0
4800, 35800439, 0, 0, 0
4900, 5250310, 0, 0, 0
5000, 6856900, 0, 0, 0
5100, 6181430, 0, 0, 0
5200, 5830778, 0, 0, 0
5300, 4785303, 0, 0, 0
5400, 6669777, 0, 0, 0
5501, 7933993, 0, 0, 0
5600, 10228250, 0, 0, 0
5700, 4667527, 0, 0, 0
5800, 5234853, 0, 0, 0
5900, 6893128, 0, 0, 0
6000, 8169611, 0, 0, 0
6100, 6397310, 0, 0, 0
6200, 5364134, 0, 0, 0
6300, 4780872, 0, 0, 0
6400, 4370491, 0, 0, 0
6500, 4656263, 0, 0, 0
6600, 5250886, 0, 0, 0
6700, 8119475, 0, 0, 0
6800, 5083986, 0, 0, 0
6900, 5265774, 0, 0, 0
7000, 3801696, 0, 0, 0
7100, 3392047, 0, 0, 0
7200, 4364435, 0, 0, 0
7300, 4543260, 0, 0, 0
7400, 7209935, 0, 0, 0
7500, 5954764, 0, 0, 0
7600, 5263672, 0, 0, 0
7700, 6730780, 0, 0, 0
7800, 6405261, 0, 0, 0
7900, 6031933, 0, 0, 0
8000, 4667117, 0, 0, 0
8100, 8893288, 0, 0, 0
8200, 15155134, 0, 0, 0
8300, 6239276, 0, 0, 0
8400, 13145013, 0, 0, 0
8505, 14512189, 0, 0, 0
8600, 9850849, 0, 0, 0
8700, 4432564, 0, 0, 0
8800, 5001453, 0, 0, 0
8900, 4925378, 0, 0, 0
9000, 4817696, 0, 0, 0
9100, 5081408, 0, 0, 0
9201, 5596654, 0, 0, 0
9300, 4503339, 0, 0, 0
9400, 5070482, 0, 0, 0
9500, 4931642, 0, 0, 0
9600, 7230695, 0, 0, 0
9700, 4219136, 0, 0, 0
9801, 4930206, 0, 0, 0
9900, 7745453, 0, 0, 0
10000, 5372620, 0, 0, 0
10100, 7297698, 0, 0, 0
10200, 8152673, 0, 0, 0
10300, 5307827, 0, 0, 0
10400, 12911861, 0, 0, 0
10500, 7383844, 0, 0, 0
10600, 6734721, 0, 0, 0
10700, 4940241, 0, 0, 0
10800, 4669722, 0, 0, 0
10900, 5244302, 0, 0, 0
11000, 4144971, 0, 0, 0
11100, 4668395, 0, 0, 0
11200, 6916030, 0, 0, 0
11300, 8169775, 0, 0, 0
11400, 6841532, 0, 0, 0
11504, 19106005, 0, 0, 0
11600, 13733631, 0, 0, 0
11700, 5002653, 0, 0, 0
11800, 6197314, 0, 0, 0
11900, 3901815, 0, 0, 0
12000, 4289707, 0, 0, 0
12100, 4233250, 0, 0, 0
12200, 5362020, 0, 0, 0
12300, 5717132, 0, 0, 0
12400, 4193367, 0, 0, 0
12500, 7735538, 0, 0, 0
12600, 4363449, 0, 0, 0
12700, 4554575, 0, 0, 0
12800, 4571933, 0, 0, 0
12900, 4720788, 0, 0, 0
13000, 5358888, 0, 0, 0
13100, 6473778, 0, 0, 0
13200, 4593750, 0, 0, 0
13300, 4175528, 0, 0, 0
13400, 4571783, 0, 0, 0
13500, 6908177, 0, 0, 0
13600, 5056586, 0, 0, 0
13700, 5026127, 0, 0, 0
13800, 8608154, 0, 0, 0
13900, 5096130, 0, 0, 0
14000, 6514811, 0, 0, 0
14100, 6054561, 0, 0, 0
14200, 3995186, 0, 0, 0
14300, 3507705, 0, 0, 0
14400, 4400421, 0, 0, 0
14500, 4918276, 0, 0, 0
14600, 4285754, 0, 0, 0
14700, 8665040, 0, 0, 0
14817, 6162693, 0, 0, 0
14900, 7201202, 0, 0, 0
15000, 5218852, 0, 0, 0
15100, 5020218, 0, 0, 0
15227, 4279556, 0, 0, 0
15326, 21084191, 0, 0, 0
15400, 14669752, 0, 0, 0
15500, 5243952, 0, 0, 0
15600, 6393652, 0, 0, 0
15700, 4459478, 0, 0, 0
15800, 5775343, 0, 0, 0
15900, 3678527, 0, 0, 0
16000, 4928641, 0, 0, 0
16100, 4286761, 0, 0, 0
16200, 4013173, 0, 0, 0
16300, 4358215, 0, 0, 0
16400, 4005373, 0, 0, 0
16504, 11443745, 0, 0, 0
16600, 40407315, 0, 0, 0
16700, 7522222, 0, 0, 0
16800, 4590984, 0, 0, 0
16900, 4428852, 0, 0, 0
17000, 4203293, 0, 0, 0
17100, 4149303, 0, 0, 0
17200, 4300292, 0, 0, 0
17300, 4710016, 0, 0, 0
17400, 4672708, 0, 0, 0
17500, 4423920, 0, 0, 0
17600, 4327974, 0, 0, 0
17700, 5003221, 0, 0, 0
17800, 3726078, 0, 0, 0
17900, 4265595, 0, 0, 0
18000, 4313516, 0, 0, 0
18100, 3742454, 0, 0, 0
18200, 5644515, 0, 0, 0
18300, 4823791, 0, 0, 0
18400, 4284301, 0, 0, 0
18500, 4579869, 0, 0, 0
18600, 20590999, 0, 0, 0
18700, 5750603, 0, 0, 0
18800, 5030240, 0, 0, 0
18900, 9442635, 0, 0, 0
19000, 6378777, 0, 0, 0
19100, 3796145, 0, 0, 0
19200, 4380241, 0, 0, 0
19300, 7209091, 0, 0, 0
19400, 8786805, 0, 0, 0
19500, 4010547, 0, 0, 0
19600, 4674346, 0, 0, 0
19700, 4149230, 0, 0, 0
19818, 8660971, 0, 0, 0
19900, 18843877, 0, 0, 0
20052, 18990611, 0, 0, 0
20100, 77493781, 0, 0, 0
20200, 29649980, 0, 0, 0
20300, 6889763, 0, 0, 0
20400, 6058393, 0, 0, 0
20500, 3852307, 0, 0, 0
20600, 5087898, 0, 0, 0
20700, 5782221, 0, 0, 0
20800, 4785102, 0, 0, 0
20900, 3947886, 0, 0, 0
21000, 4223798, 0, 0, 0
21100, 7610125, 0, 0, 0
21200, 4681612, 0, 0, 0
21300, 4490675, 0, 0, 0
21400, 4710197, 0, 0, 0
21500, 9816772, 0, 0, 0
21603, 5915477, 0, 0, 0
21700, 22047968, 0, 0, 0
21800, 7403711, 0, 0, 0
21900, 5402048, 0, 0, 0
22000, 4780548, 0, 0, 0
22100, 7607512, 0, 0, 0
22200, 5934166, 0, 0, 0
22300, 5184832, 0, 0, 0
22400, 4480035, 0, 0, 0
22500, 4259643, 0, 0, 0
22600, 3876057, 0, 0, 0
22700, 4468666, 0, 0, 0
22800, 5020382, 0, 0, 0
22900, 6346675, 0, 0, 0
23000, 15079706, 0, 0, 0
23100, 10086877, 0, 0, 0
23200, 4991141, 0, 0, 0
23300, 4362701, 0, 0, 0
23400, 5111838, 0, 0, 0
23500, 4848490, 0, 0, 0
23600, 8481477, 0, 0, 0
23700, 4378944, 0, 0, 0
23800, 5208517, 0, 0, 0
23900, 7091947, 0, 0, 0
24000, 9702435, 0, 0, 0
24100, 13559175, 0, 0, 0
24200, 5839256, 0, 0, 0
24300, 5310949, 0, 0, 0
24400, 4979191, 0, 0, 0
24500, 4279247, 0, 0, 0
24600, 4395748, 0, 0, 0
24700, 7810907, 0, 0, 0
24800, 5549152, 0, 0, 0
24900, 3643042, 0, 0, 0
25000, 6035595, 0, 0, 0
25100, 3721342, 0, 0, 0
25200, 4409966, 0, 0, 0
25300, 5880727, 0, 0, 0
25400, 3743437, 0, 0, 0
25500, 4286226, 0, 0, 0
25600, 4244139, 0, 0, 0
25700, 6985221, 0, 0, 0
25800, 4760135, 0, 0, 0
25900, 5324360, 0, 0, 0
26000, 4534759, 0, 0, 0
26100, 3813989, 0, 0, 0
26200, 5915570, 0, 0, 0
26300, 4401754, 0, 0, 0
26400, 6703991, 0, 0, 0
26500, 4541510, 0, 0, 0
26600, 5676389, 0, 0, 0
26700, 5503768, 0, 0, 0
26800, 10791437, 0, 0, 0
26902, 10605883, 0, 0, 0
27000, 16605852, 0, 0, 0
27100, 10674055, 0, 0, 0
27201, 8751034, 0, 0, 0
27300, 8078795, 0, 0, 0
27400, 6283436, 0, 0, 0
27500, 4852351, 0, 0, 0
27600, 3846095, 0, 0, 0
27706, 8382127, 0, 0, 0
27800, 16788974, 0, 0, 0
27900, 14308984, 0, 0, 0
28000, 5411809, 0, 0, 0
28100, 3945924, 0, 0, 0
28200, 4270747, 0, 0, 0
28300, 7284425, 0, 0, 0
28400, 5429122, 0, 0, 0
28500, 4046638, 0, 0, 0
28600, 5853031, 0, 0, 0
28700, 4585047, 0, 0, 0
28800, 5968940, 0, 0, 0
28900, 8676927, 0, 0, 0
29000, 5646067, 0, 0, 0
29100, 4719679, 0, 0, 0
29200, 4607220, 0, 0, 0
29300, 5553782, 0, 0, 0
29400, 4339817, 0, 0, 0
29500, 4434215, 0, 0, 0
29600, 4224289, 0, 0, 0
29700, 6413836, 0, 0, 0
29800, 7945899, 0, 0, 0
29900, 4380306, 0, 0, 0
30002, 5343357, 0, 0, 0
30100, 17661904, 0, 0, 0
30200, 10579965, 0, 0, 0
30300, 5908193, 0, 0, 0
30400, 14701341, 0, 0, 0
30500, 5805327, 0, 0, 0
30600, 5649236, 0, 0, 0
30700, 11294124, 0, 0, 0
30800, 4587334, 0, 0, 0
30900, 4965162, 0, 0, 0
31000, 3764147, 0, 0, 0
31100, 4074633, 0, 0, 0
31200, 5763980, 0, 0, 0
31300, 4383071, 0, 0, 0
31400, 3772918, 0, 0, 0
31500, 4219348, 0, 0, 0
31600, 5044980, 0, 0, 0
31700, 4836294, 0, 0, 0
31800, 4854588, 0, 0, 0
31900, 4680052, 0, 0, 0
32000, 5595753, 0, 0, 0
32100, 5148722, 0, 0, 0
32200, 4364358, 0, 0, 0
32300, 5700752, 0, 0, 0
32400, 11204818, 0, 0, 0
32500, 5481687, 0, 0, 0
32600, 7210575, 0, 0, 0
32700, 5187036, 0, 0, 0
32800, 6829522, 0, 0, 0
32900, 7408336, 0, 0, 0
33000, 6327024, 0, 0, 0
33100, 3650578, 0, 0, 0
33200, 4909649, 0, 0, 0
33300, 4438630, 0, 0, 0
33400, 4741715, 0, 0, 0
33500, 4734865, 0, 0, 0
33605, 4900416, 0, 0, 0
33700, 8077096, 0, 0, 0
33800, 4993087, 0, 0, 0
33900, 4231343, 0, 0, 0
34000, 8188238, 0, 0, 0
34100, 5997686, 0, 0, 0
34200, 5731811, 0, 0, 0
34300, 5932025, 0, 0, 0
34400, 3888441, 0, 0, 0
34500, 9130559, 0, 0, 0
34600, 15922748, 0, 0, 0
34700, 6670257, 0, 0, 0
34800, 4569906, 0, 0, 0
34900, 5829461, 0, 0, 0
35000, 4523803, 0, 0, 0
35100, 4112721, 0, 0, 0
35200, 4628626, 0, 0, 0
35300, 5145827, 0, 0, 0
35400, 16559195, 0, 0, 0
35500, 6181969, 0, 0, 0
35600, 5091107, 0, 0, 0
35700, 9671358, 0, 0, 0
35800, 6735842, 0, 0, 0
35900, 4981035, 0, 0, 0
36000, 5131902, 0, 0, 0
36100, 5182315, 0, 0, 0
36200, 4911167, 0, 0, 0
36300, 6683117, 0, 0, 0
36400, 7260862, 0, 0, 0
36500, 4379612, 0, 0, 0
36600, 3898817, 0, 0, 0
36700, 5979141, 0, 0, 0
36800, 4750965, 0, 0, 0
36900, 4401819, 0, 0, 0
37000, 4072398, 0, 0, 0
37100, 4545480, 0, 0, 0
37200, 4496055, 0, 0, 0
37300, 5104625, 0, 0, 0
37400, 4076034, 0, 0, 0
37500, 4797323, 0, 0, 0
37600, 5079983, 0, 0, 0
37700, 7993479, 0, 0, 0
37800, 4666428, 0, 0, 0
37900, 5863961, 0, 0, 0
38000, 5615855, 0, 0, 0
38100, 6508794, 0, 0, 0
38200, 4004645, 0, 0, 0
38300, 4692096, 0, 0, 0
38400, 4279829, 0, 0, 0
38500, 4277655, 0, 0, 0
38600, 4218224, 0, 0, 0
38700, 7019770, 0, 0, 0
38800, 5254059, 0, 0, 0
38900, 5345897, 0, 0, 0
39000, 4525526, 0, 0, 0
39100, 5386632, 0, 0, 0
39200, 7953639, 0, 0, 0
39329, 14710149, 0, 0, 0
39403, 97829212, 0, 0, 0
39500, 44790059, 0, 0, 0
39601, 12013282, 0, 0, 0
39708, 11063764, 0, 0, 0
39800, 13033328, 0, 0, 0
39900, 4735025, 0, 0, 0
40000, 5068884, 0, 0, 0
40100, 5150888, 0, 0, 0
40200, 5347432, 0, 0, 0
40300, 4906310, 0, 0, 0
40400, 8697607, 0, 0, 0
40500, 3433494, 0, 0, 0
40600, 4552184, 0, 0, 0
40700, 3814501, 0, 0, 0
40800, 6489249, 0, 0, 0
40900, 5278627, 0, 0, 0
41000, 5129277, 0, 0, 0
41100, 11210190, 0, 0, 0
41200, 6116942, 0, 0, 0
41300, 7183107, 0, 0, 0
41400, 5859400, 0, 0, 0
41500, 4631629, 0, 0, 0
41600, 4160161, 0, 0, 0
41700, 4697700, 0, 0, 0
41800, 4241261, 0, 0, 0
41900, 4961284, 0, 0, 0
42000, 4184603, 0, 0, 0
42100, 4324722, 0, 0, 0
42200, 3776593, 0, 0, 0
42300, 5228153, 0, 0, 0
42400, 9470501, 0, 0, 0
42500, 4728721, 0, 0, 0
42600, 5300693, 0, 0, 0
42701, 9901549, 0, 0, 0
42800, 56664989, 0, 0, 0
42902, 10635461, 0, 0, 0
43000, 7328709, 0, 0, 0
43100, 4801773, 0, 0, 0
43200, 5160994, 0, 0, 0
43300, 4898541, 0, 0, 0
43400, 4572159, 0, 0, 0
43500, 4423267, 0, 0, 0
43600, 6285977, 0, 0, 0
43716, 25005297, 0, 0, 0
43800, 36128479, 0, 0, 0
43900, 14068979, 0, 0, 0
44000, 4673870, 0, 0, 0
44101, 5818935, 0, 0, 0
44200, 7951557, 0, 0, 0
44300, 5529694, 0, 0, 0
44400, 4967896, 0, 0, 0
44500, 12271469, 0, 0, 0
44600, 9983382, 0, 0, 0
44700, 4981653, 0, 0, 0
44800, 4559838, 0, 0, 0
44900, 11277673, 0, 0, 0
45000, 9562101, 0, 0, 0
45100, 8328751, 0, 0, 0
45200, 8322317, 0, 0, 0
45300, 4260626, 0, 0, 0
45400, 4376527, 0, 0, 0
45500, 5030306, 0, 0, 0
45600, 4178864, 0, 0, 0
45700, 5655775, 0, 0, 0
45800, 7536810, 0, 0, 0
45900, 6756046, 0, 0, 0
46000, 5114376, 0, 0, 0
46100, 4292892, 0, 0, 0
46200, 3886184, 0, 0, 0
46300, 4410021, 0, 0, 0
46400, 4476313, 0, 0, 0
46500, 5241895, 0, 0, 0
46600, 4333670, 0, 0, 0
46700, 4756749, 0, 0, 0
46800, 9898394, 0, 0, 0
46900, 7584264, 0, 0, 0
47000, 6887607, 0, 0, 0
47100, 4205297, 0, 0, 0
47200, 6079055, 0, 0, 0
47300, 5623262, 0, 0, 0
47400, 5691406, 0, 0, 0
47500, 4293657, 0, 0, 0
47600, 8813630, 0, 0, 0
47769, 17285005, 0, 0, 0
47800, 70944241, 0, 0, 0
47900, 35749013, 0, 0, 0
48000, 11321888, 0, 0, 0
48100, 4221727, 0, 0, 0
48200, 4666326, 0, 0, 0
48300, 4776800, 0, 0, 0
48400, 3962995, 0, 0, 0
48500, 3622304, 0, 0, 0
48600, 4343591, 0, 0, 0
48706, 11589869, 0, 0, 0
48800, 9715641, 0, 0, 0
48900, 4508492, 0, 0, 0
49000, 5040358, 0, 0, 0
49100, 5892265, 0, 0, 0
49200, 5298056, 0, 0, 0
49312, 9467608, 0, 0, 0
49430, 36004812, 0, 0, 0
49636, 37679969, 0, 0, 0
49700, 53806645, 0, 0, 0
49800, 7744016, 0, 0, 0
49900, 6013905, 0, 0, 0
50000, 4220371, 0, 0, 0
50100, 3783709, 0, 0, 0
50200, 3899954, 0, 0, 0
50300, 4749055, 0, 0, 0
50400, 8250126, 0, 0, 0
50500, 11876055, 0, 0, 0
50600, 5422223, 0, 0, 0
50700, 11940092, 0, 0, 0
50800, 5824768, 0, 0, 0
50900, 3597320, 0, 0, 0
51000, 4431892, 0, 0, 0
51100, 10268012, 0, 0, 0
51204, 16735296, 0, 0, 0
51300, 7064118, 0, 0, 0
51400, 4057526, 0, 0, 0
51500, 5193480, 0, 0, 0
51600, 4702660, 0, 0, 0
51700, 4446970, 0, 0, 0
51800, 4703915, 0, 0, 0
51900, 8759754, 0, 0, 0
52000, 8842044, 0, 0, 0
52100, 4661205, 0, 0, 0
52200, 5474264, 0, 0, 0
52300, 4241034, 0, 0, 0
52400, 7717924, 0, 0, 0
52500, 14159212, 0, 0, 0
52600, 6074170, 0, 0, 0
52700, 5903394, 0, 0, 0
52800, 3815618, 0, 0, 0
52900, 4570263, 0, 0, 0
53000, 4540621, 0, 0, 0
53100, 3915392, 0, 0, 0
53200, 3865475, 0, 0, 0
53300, 3865556, 0, 0, 0
53400, 4547940, 0, 0, 0
53500, 4487360, 0, 0, 0
53600, 5182596, 0, 0, 0
53700, 11029869, 0, 0, 0
53800, 6630058, 0, 0, 0
53900, 4855282, 0, 0, 0
54000, 4973770, 0, 0, 0
54100, 4917687, 0, 0, 0
54200, 6718221, 0, 0, 0
54300, 5126063, 0, 0, 0
54400, 5114460, 0, 0, 0
54500, 14850836, 0, 0, 0
54606, 11157509, 0, 0, 0
54700, 12850624, 0, 0, 0
54800, 7521539, 0, 0, 0
54900, 4115232, 0, 0, 0
55000, 3616346, 0, 0, 0
55100, 4142305, 0, 0, 0
55200, 4387987, 0, 0, 0
55300, 3975636, 0, 0, 0
55400, 5034502, 0, 0, 0
55500, 7927825, 0, 0, 0
55600, 12930932, 0, 0, 0
55700, 5242781, 0, 0, 0
55800, 6364973, 0, 0, 0
55900, 5884643, 0, 0, 0
56000, 5128797, 0, 0, 0
56100, 3746872, 0, 0, 0
56200, 4379246, 0, 0, 0
56300, 4319240, 0, 0, 0
56400, 6895577, 0, 0, 0
56581, 17381056, 0, 0, 0
56600, 32882414, 0, 0, 0
56700, 9949420, 0, 0, 0
56800, 4101752, 0, 0, 0
56900, 3632878, 0, 0, 0
57000, 4119490, 0, 0, 0
57100, 4424629, 0, 0, 0
57200, 3705474, 0, 0, 0
57300, 3816648, 0, 0, 0
57400, 4333488, 0, 0, 0
57500, 4057667, 0, 0, 0
57600, 3877753, 0, 0, 0
57700, 6735975, 0, 0, 0
57800, 7741356, 0, 0, 0
57900, 6084806, 0, 0, 0
58000, 3968126, 0, 0, 0
58100, 7148515, 0, 0, 0
58200, 4995826, 0, 0, 0
58300, 5374836, 0, 0, 0
58400, 6014985, 0, 0, 0
58500, 5341040, 0, 0, 0
58600, 4419774, 0, 0, 0
58700, 4580983, 0, 0, 0
58802, 9477379, 0, 0, 0
58900, 7520994, 0, 0, 0
59000, 4686895, 0, 0, 0
59100, 4625777, 0, 0, 0
59200, 5706449, 0, 0, 0
59300, 4927492, 0, 0, 0
59400, 4074092, 0, 0, 0
59500, 4302706, 0, 0, 0
59600, 5316929, 0, 0, 0
59700, 5367085, 0, 0, 0
59800, 4681038, 0, 0, 0
59900, 4443491, 0, 0, 0
60000, 4535054, 0, 0, 0
60100, 6361790, 0, 0, 0
60200, 4688006, 0, 0, 0
60300, 6712520, 0, 0, 0
60400, 4725829, 0, 0, 0
60500, 3981805, 0, 0, 0
60600, 3897648, 0, 0, 0
60700, 6025650, 0, 0, 0
60800, 5613736, 0, 0, 0
60900, 4494722, 0, 0, 0
61000, 4122871, 0, 0, 0
61100, 3599804, 0, 0, 0
61200, 5842941, 0, 0, 0
61300, 8849896, 0, 0, 0
61400, 14316979, 0, 0, 0
61500, 6091210, 0, 0, 0
61600, 5325541, 0, 0, 0
61700, 4555550, 0, 0, 0
61800, 7765046, 0, 0, 0
61900, 11978689, 0, 0, 0
62000, 17468141, 0, 0, 0
62100, 4658914, 0, 0, 0
62200, 3812242, 0, 0, 0
62300, 3608448, 0, 0, 0
62400, 4734098, 0, 0, 0
62500, 4784501, 0, 0, 0
62600, 5188071, 0, 0, 0
62700, 5448731, 0, 0, 0
62800, 3702397, 0, 0, 0
62900, 4466041, 0, 0, 0
63000, 5088750, 0, 0, 0
63100, 8320397, 0, 0, 0
63200, 4397730, 0, 0, 0
63300, 5503286, 0, 0, 0
63400, 4960707, 0, 0, 0
63500, 4669917, 0, 0, 0
63600, 4986842, 0, 0, 0
63700, 4623111, 0, 0, 0
63800, 6889403, 0, 0, 0
63900, 22430995, 0, 0, 0
64000, 13500832, 0, 0, 0
64100, 4341407, 0, 0, 0
64200, 4022038, 0, 0, 0
64300, 4684214, 0, 0, 0
64400, 4084675, 0, 0, 0
64500, 3821585, 0, 0, 0
64600, 4253970, 0, 0, 0
64700, 6213651, 0, 0, 0
64800, 10632516, 0, 0, 0
64910, 54301565, 0, 0, 0
65000, 51713033, 0, 0, 0
65102, 51766674, 0, 0, 0
65200, 52306559, 0, 0, 0
65306, 13836216, 0, 0, 0
65400, 22965339, 0, 0, 0
65500, 17476535, 0, 0, 0
65600, 4692573, 0, 0, 0
65700, 5148184, 0, 0, 0
65800, 4139715, 0, 0, 0
65900, 5025696, 0, 0, 0
66000, 6096761, 0, 0, 0
66100, 8230214, 0, 0, 0
66200, 13506778, 0, 0, 0
66300, 7642757, 0, 0, 0
66400, 3855517, 0, 0, 0
66500, 5633987, 0, 0, 0
66600, 6250867, 0, 0, 0
66700, 6305589, 0, 0, 0
66800, 4371013, 0, 0, 0
66900, 4384371, 0, 0, 0
67000, 6530903, 0, 0, 0
67100, 4583062, 0, 0, 0
67200, 4468448, 0, 0, 0
67300, 7612763, 0, 0, 0
67458, 36861444, 0, 0, 0
67500, 63003067, 0, 0, 0
67600, 41325463, 0, 0, 0
67700, 12074913, 0, 0, 0
67800, 16721059, 0, 0, 0
67900, 7845977, 0, 0, 0
68000, 4123511, 0, 0, 0
68100, 5940683, 0, 0, 0
68216, 11107376, 0, 0, 0
68300, 15366454, 0, 0, 0
68400, 5694302, 0, 0, 0
68500, 4025563, 0, 0, 0
68600, 4020808, 0, 0, 0
68700, 4320601, 0, 0, 0
68800, 5213872, 0, 0, 0
68900, 4665037, 0, 0, 0
69000, 7222620, 0, 0, 0
69100, 6081222, 0, 0, 0
69200, 3689445, 0, 0, 0
69300, 4754632, 0, 0, 0
69408, 14192007, 0, 0, 0
69500, 34800662, 0, 0, 0
69600, 9950247, 0, 0, 0
69700, 5015561, 0, 0, 0
69800, 4427643, 0, 0, 0
69900, 5251592, 0, 0, 0
70000, 5961554, 0, 0, 0
70100, 3707245, 0, 0, 0
70200, 5217178, 0, 0, 0
70300, 9172527, 0, 0, 0
70410, 14965867, 0, 0, 0
70500, 7504021, 0, 0, 0
70600, 4833722, 0, 0, 0
70700, 4798429, 0, 0, 0
70800, 4937442, 0, 0, 0
70900, 4777955, 0, 0, 0
71000, 10781652, 0, 0, 0
71100, 13707316, 0, 0, 0
71200, 4682610, 0, 0, 0
71302, 6611879, 0, 0, 0
71400, 9710411, 0, 0, 0
71500, 5565606, 0, 0, 0
71600, 4926667, 0, 0, 0
71700, 4524053, 0, 0, 0
71802, 8929870, 0, 0, 0
71900, 6617982, 0, 0, 0
72000, 4143506, 0, 0, 0
72100, 5432827, 0, 0, 0
72200, 4236820, 0, 0, 0
72300, 3798352, 0, 0, 0
72400, 4568338, 0, 0, 0
72500, 5381246, 0, 0, 0
72600, 4112476, 0, 0, 0
72700, 5085514, 0, 0, 0
72800, 6561059, 0, 0, 0
72900, 4785516, 0, 0, 0
73000, 5725433, 0, 0, 0
73100, 3758822, 0, 0, 0
73200, 3956186, 0, 0, 0
73300, 7091820, 0, 0, 0
73400, 7393087, 0, 0, 0
73500, 4965832, 0, 0, 0
73600, 8099804, 0, 0, 0
73700, 6071737, 0, 0, 0
73800, 6055558, 0, 0, 0
73900, 13883480, 0, 0, 0
74000, 16209815, 0, 0, 0
74100, 4641948, 0, 0, 0
74200, 4934709, 0, 0, 0
74300, 4188638, 0, 0, 0
74400, 3913859, 0, 0, 0
74500, 4515024, 0, 0, 0
74600, 10360417, 0, 0, 0
74700, 14664939, 0, 0, 0
74800, 5430098, 0, 0, 0
74900, 4134044, 0, 0, 0
75000, 6395497, 0, 0, 0
75100, 4547138, 0, 0, 0
75200, 9056092, 0, 0, 0
75300, 11154247, 0, 0, 0
75400, 5050300, 0, 0, 0
75500, 3811844, 0, 0, 0
75600, 4554355, 0, 0, 0
75700, 6080577, 0, 0, 0
75800, 10366790, 0, 0, 0
75900, 20903475, 0, 0, 0
76000, 32567484, 0, 0, 0
76100, 10055915, 0, 0, 0
76200, 4818291, 0, 0, 0
76300, 4097336, 0, 0, 0
76400, 3588301, 0, 0, 0
76500, 3782968, 0, 0, 0
76600, 3836435, 0, 0, 0
76700, 4494337, 0, 0, 0
76800, 4601549, 0, 0, 0
76900, 5943092, 0, 0, 0
77000, 4600800, 0, 0, 0
77101, 4700187, 0, 0, 0
77200, 8856143, 0, 0, 0
77300, 4324343, 0, 0, 0
77400, 4359534, 0, 0, 0
77500, 5772951, 0, 0, 0
77600, 7234233, 0, 0, 0
77700, 4210824, 0, 0, 0
77800, 4173794, 0, 0, 0
77900, 4312948, 0, 0, 0
78000, 3819587, 0, 0, 0
78100, 4366122, 0, 0, 0
78200, 5629218, 0, 0, 0
78300, 5121411, 0, 0, 0
78400, 5315080, 0, 0, 0
78500, 6852172, 0, 0, 0
78600, 5076761, 0, 0, 0
78700, 4456979, 0, 0, 0
78800, 5069545, 0, 0, 0
78900, 5610683, 0, 0, 0
79000, 4886166, 0, 0, 0
79100, 6974590, 0, 0, 0
79200, 6741642, 0, 0, 0
79300, 5598296, 0, 0, 0
79400, 8851129, 0, 0, 0
79500, 7099023, 0, 0, 0
79600, 4429254, 0, 0, 0
79700, 4137807, 0, 0, 0
79800, 4007341, 0, 0, 0
79900, 4253672, 0, 0, 0
80000, 5355753, 0, 0, 0
80100, 5252425, 0, 0, 0
80200, 6203555, 0, 0, 0
80300, 6686732, 0, 0, 0
80400, 8044037, 0, 0, 0
80500, 5159355, 0, 0, 0
80600, 4910260, 0, 0, 0
80700, 3420728, 0, 0, 0
80800, 4830753, 0, 0, 0
80900, 4643772, 0, 0, 0
81000, 5529959, 0, 0, 0
81100, 4790866, 0, 0, 0
81200, 5116458, 0, 0, 0
81300, 5598208, 0, 0, 0
81400, 13970950, 0, 0, 0
81500, 8101851, 0, 0, 0
81600, 5674359, 0, 0, 0
81700, 20962940, 0, 0, 0
81800, 8499133, 0, 0, 0
81900, 4882821, 0, 0, 0
82000, 11992677, 0, 0, 0
82100, 9679507, 0, 0, 0
82200, 5165253, 0, 0, 0
82300, 4074242, 0, 0, 0
82400, 4890394, 0, 0, 0
82513, 5853078, 0, 0, 0
82600, 18043615, 0, 0, 0
82700, 14500171, 0, 0, 0
82800, 9355759, 0, 0, 0
82900, 7071395, 0, 0, 0
83000, 10439853, 0, 0, 0
83100, 5205117, 0, 0, 0
83200, 3832216, 0, 0, 0
83300, 4724602, 0, 0, 0
83400, 3497227, 0, 0, 0
83500, 10739070, 0, 0, 0
83600, 8441333, 0, 0, 0
83700, 7696106, 0, 0, 0
83800, 9637536, 0, 0, 0
83900, 4448163, 0, 0, 0
84000, 4835782, 0, 0, 0
84100, 3695339, 0, 0, 0
84200, 4281000, 0, 0, 0
84300, 4698544, 0, 0, 0
84400, 6544313, 0, 0, 0
84500, 4920589, 0, 0, 0
84600, 4839943, 0, 0, 0
84700, 4385510, 0, 0, 0
84800, 5154373, 0, 0, 0
84900, 6313010, 0, 0, 0
85000, 4079639, 0, 0, 0
85100, 4392100, 0, 0, 0
85200, 6635552, 0, 0, 0
85300, 4323763, 0, 0, 0
85400, 3982447, 0, 0, 0
85500, 4378522, 0, 0, 0
85600, 5127091, 0, 0, 0
85700, 4446925, 0, 0, 0
85800, 3917434, 0, 0, 0
85900, 8374983, 0, 0, 0
86000, 10022612, 0, 0, 0
86100, 8763764, 0, 0, 0
86200, 5117829, 0, 0, 0
86300, 4632428, 0, 0, 0
86400, 4834443, 0, 0, 0
86500, 4705727, 0, 0, 0
86600, 5572379, 0, 0, 0
86700, 4839329, 0, 0, 0
86800, 3979970, 0, 0, 0
86900, 3212779, 0, 0, 0
87000, 4691515, 0, 0, 0
87100, 4444093, 0, 0, 0
87200, 6219098, 0, 0, 0
87300, 6465592, 0, 0, 0
87400, 5065703, 0, 0, 0
87500, 7277202, 0, 0, 0
87600, 4585436, 0, 0, 0
87700, 3295582, 0, 0, 0
87800, 5273566, 0, 0, 0
87900, 4612426, 0, 0, 0
88000, 4215298, 0, 0, 0
88100, 4374861, 0, 0, 0
88200, 3952053, 0, 0, 0
88300, 9671142, 0, 0, 0
88400, 4084776, 0, 0, 0
88500, 5051591, 0, 0, 0
88600, 9787462, 0, 0, 0
88700, 6639319, 0, 0, 0
88800, 4797560, 0, 0, 0
88900, 4441766, 0, 0, 0
89000, 5254536, 0, 0, 0
89100, 6586214, 0, 0, 0
89200, 4254189, 0, 0, 0
89300, 4141449, 0, 0, 0
89400, 4039408, 0, 0, 0
89500, 7387601, 0, 0, 0
89601, 19339791, 0, 0, 0
89700, 6704291, 0, 0, 0
89800, 5397645, 0, 0, 0
89900, 5546672, 0, 0, 0
90000, 3643813, 0, 0, 0
90017, 29476660, 0, 0, 0
