107, 514, 1, 0, 0
207, 540, 1, 0, 0
307, 480, 1, 0, 0
407, 560, 1, 0, 0
507, 575, 1, 0, 0
607, 400, 1, 0, 0
707, 620, 1, 0, 0
807, 540, 1, 0, 0
907, 590, 1, 0, 0
1006, 525, 1, 0, 0
1106, 500, 1, 0, 0
1206, 540, 1, 0, 0
1306, 540, 1, 0, 0
1406, 600, 1, 0, 0
1507, 550, 1, 0, 0
1607, 500, 1, 0, 0
1707, 540, 1, 0, 0
1807, 540, 1, 0, 0
1907, 560, 1, 0, 0
2006, 505, 1, 0, 0
2106, 550, 1, 0, 0
2206, 570, 1, 0, 0
2307, 570, 1, 0, 0
2407, 550, 1, 0, 0
2507, 540, 1, 0, 0
2607, 530, 1, 0, 0
2707, 540, 1, 0, 0
2807, 510, 1, 0, 0
2907, 540, 1, 0, 0
3006, 555, 1, 0, 0
3106, 520, 1, 0, 0
3206, 510, 1, 0, 0
3307, 540, 1, 0, 0
3407, 550, 1, 0, 0
3507, 580, 1, 0, 0
3607, 570, 1, 0, 0
3707, 620, 1, 0, 0
3807, 600, 1, 0, 0
3907, 560, 1, 0, 0
4006, 575, 1, 0, 0
4106, 490, 1, 0, 0
4207, 570, 1, 0, 0
4307, 570, 1, 0, 0
4407, 520, 1, 0, 0
4506, 575, 1, 0, 0
4606, 530, 1, 0, 0
4706, 590, 1, 0, 0
4806, 590, 1, 0, 0
4906, 520, 1, 0, 0
5007, 550, 1, 0, 0
5107, 550, 1, 0, 0
5207, 580, 1, 0, 0
5307, 580, 1, 0, 0
5407, 610, 1, 0, 0
5506, 565, 1, 0, 0
5606, 570, 1, 0, 0
5706, 620, 1, 0, 0
5807, 560, 1, 0, 0
5907, 550, 1, 0, 0
6007, 550, 1, 0, 0
6107, 530, 1, 0, 0
6207, 500, 1, 0, 0
6307, 540, 1, 0, 0
6407, 540, 1, 0, 0
6506, 545, 1, 0, 0
6607, 500, 1, 0, 0
6707, 570, 1, 0, 0
6807, 540, 1, 0, 0
6907, 540, 1, 0, 0
7007, 530, 1, 0, 0
7107, 520, 1, 0, 0
7207, 510, 1, 0, 0
7307, 590, 1, 0, 0
7407, 580, 1, 0, 0
7507, 525, 1, 0, 0
7607, 530, 1, 0, 0
7707, 540, 1, 0, 0
7807, 610, 1, 0, 0
7907, 540, 1, 0, 0
8006, 515, 1, 0, 0
8106, 580, 1, 0, 0
8206, 440, 1, 0, 0
8307, 520, 1, 0, 0
8407, 590, 1, 0, 0
8507, 550, 1, 0, 0
8607, 560, 1, 0, 0
8707, 620, 1, 0, 0
8807, 560, 1, 0, 0
8907, 530, 1, 0, 0
9006, 595, 1, 0, 0
9106, 560, 1, 0, 0
9207, 580, 1, 0, 0
9307, 610, 1, 0, 0
9407, 570, 1, 0, 0
9506, 505, 1, 0, 0
9606, 500, 1, 0, 0
9706, 540, 1, 0, 0
9806, 580, 1, 0, 0
9906, 520, 1, 0, 0
10007, 540, 1, 0, 0
10107, 570, 1, 0, 0
10207, 540, 1, 0, 0
10307, 540, 1, 0, 0
10407, 540, 1, 0, 0
10506, 575, 1, 0, 0
10606, 530, 1, 0, 0
10706, 570, 1, 0, 0
10807, 570, 1, 0, 0
10907, 630, 1, 0, 0
11007, 570, 1, 0, 0
11107, 590, 1, 0, 0
11207, 540, 1, 0, 0
11307, 570, 1, 0, 0
11407, 580, 1, 0, 0
11506, 545, 1, 0, 0
11606, 540, 1, 0, 0
11706, 510, 1, 0, 0
11807, 570, 1, 0, 0
11907, 540, 1, 0, 0
12007, 540, 1, 0, 0
12107, 530, 1, 0, 0
12207, 530, 1, 0, 0
12307, 540, 1, 0, 0
12407, 480, 1, 0, 0
12507, 444, 1, 0, 0
12607, 510, 1, 0, 0
12707, 450, 1, 0, 0
12807, 560, 1, 0, 0
12907, 530, 1, 0, 0
13006, 545, 1, 0, 0
13106, 570, 1, 0, 0
13206, 580, 1, 0, 0
13306, 590, 1, 0, 0
13407, 560, 1, 0, 0
13507, 550, 1, 0, 0
13607, 430, 1, 0, 0
13707, 530, 1, 0, 0
13807, 600, 1, 0, 0
13907, 600, 1, 0, 0
14006, 606, 1, 0, 0
14106, 450, 1, 0, 0
14206, 590, 1, 0, 0
14307, 570, 1, 0, 0
14407, 540, 1, 0, 0
14507, 500, 1, 0, 0
14607, 540, 1, 0, 0
14707, 560, 1, 0, 0
14807, 490, 1, 0, 0
14907, 490, 1, 0, 0
15006, 575, 1, 0, 0
15106, 600, 1, 0, 0
15207, 510, 1, 0, 0
15307, 550, 1, 0, 0
15407, 510, 1, 0, 0
15506, 565, 1, 0, 0
15606, 510, 1, 0, 0
15706, 470, 1, 0, 0
15806, 570, 1, 0, 0
15906, 560, 1, 0, 0
16007, 560, 1, 0, 0
16107, 550, 1, 0, 0
16207, 590, 1, 0, 0
16307, 590, 1, 0, 0
16407, 550, 1, 0, 0
16506, 555, 1, 0, 0
16606, 540, 1, 0, 0
16706, 550, 1, 0, 0
16806, 520, 1, 0, 0
16906, 590, 1, 0, 0
17007, 540, 1, 0, 0
17107, 590, 1, 0, 0
17207, 550, 1, 0, 0
17307, 560, 1, 0, 0
17407, 550, 1, 0, 0
17506, 626, 1, 0, 0
17606, 580, 1, 0, 0
17706, 500, 1, 0, 0
17806, 530, 1, 0, 0
17907, 580, 1, 0, 0
18007, 460, 1, 0, 0
18107, 560, 1, 0, 0
18207, 550, 1, 0, 0
18307, 580, 1, 0, 0
18407, 570, 1, 0, 0
18506, 505, 1, 0, 0
18606, 540, 1, 0, 0
18706, 510, 1, 0, 0
18807, 510, 1, 0, 0
18907, 510, 1, 0, 0
19007, 580, 1, 0, 0
19107, 650, 1, 0, 0
19207, 510, 1, 0, 0
19307, 530, 1, 0, 0
19407, 580, 1, 0, 0
19506, 585, 1, 0, 0
19607, 580, 1, 0, 0
19707, 540, 1, 0, 0
19807, 540, 1, 0, 0
19907, 530, 1, 0, 0
20006, 525, 1, 0, 0
20106, 540, 1, 0, 0
20206, 580, 1, 0, 0
20307, 370, 1, 0, 0
20407, 580, 1, 0, 0
20507, 540, 1, 0, 0
20607, 500, 1, 0, 0
20707, 590, 1, 0, 0
20807, 530, 1, 0, 0
20907, 540, 1, 0, 0
21006, 565, 1, 0, 0
21107, 540, 1, 0, 0
21207, 550, 1, 0, 0
21307, 530, 1, 0, 0
21407, 520, 1, 0, 0
21506, 565, 1, 0, 0
21606, 550, 1, 0, 0
21706, 530, 1, 0, 0
21807, 520, 1, 0, 0
21907, 530, 1, 0, 0
22007, 560, 1, 0, 0
22107, 550, 1, 0, 0
22207, 620, 1, 0, 0
22307, 550, 1, 0, 0
22407, 600, 1, 0, 0
22507, 565, 1, 0, 0
22607, 510, 1, 0, 0
22707, 520, 1, 0, 0
22807, 490, 1, 0, 0
22907, 600, 1, 0, 0
23006, 585, 1, 0, 0
23106, 530, 1, 0, 0
23206, 550, 1, 0, 0
23307, 530, 1, 0, 0
23407, 510, 1, 0, 0
23507, 570, 1, 0, 0
23607, 500, 1, 0, 0
23707, 500, 1, 0, 0
23807, 510, 1, 0, 0
23907, 560, 1, 0, 0
24006, 505, 1, 0, 0
24107, 530, 1, 0, 0
24207, 560, 1, 0, 0
24307, 590, 1, 0, 0
24407, 530, 1, 0, 0
24507, 500, 1, 0, 0
24607, 530, 1, 0, 0
24707, 610, 1, 0, 0
24807, 480, 1, 0, 0
24907, 530, 1, 0, 0
25007, 515, 1, 0, 0
25107, 510, 1, 0, 0
25207, 540, 1, 0, 0
25307, 520, 1, 0, 0
25407, 470, 1, 0, 0
25506, 525, 1, 0, 0
25606, 500, 1, 0, 0
25706, 560, 1, 0, 0
25806, 520, 1, 0, 0
25907, 600, 1, 0, 0
26007, 600, 1, 0, 0
26107, 560, 1, 0, 0
26207, 570, 1, 0, 0
26307, 530, 1, 0, 0
26407, 510, 1, 0, 0
26506, 515, 1, 0, 0
26606, 500, 1, 0, 0
26706, 510, 1, 0, 0
26807, 530, 1, 0, 0
26907, 590, 1, 0, 0
27007, 490, 1, 0, 0
27107, 490, 1, 0, 0
27207, 510, 1, 0, 0
27307, 570, 1, 0, 0
27407, 640, 1, 0, 0
27507, 535, 1, 0, 0
27607, 500, 1, 0, 0
27707, 600, 1, 0, 0
27807, 530, 1, 0, 0
27907, 600, 1, 0, 0
28006, 505, 1, 0, 0
28106, 520, 1, 0, 0
28206, 610, 1, 0, 0
28306, 560, 1, 0, 0
28406, 590, 1, 0, 0
28507, 560, 1, 0, 0
28607, 500, 1, 0, 0
28707, 520, 1, 0, 0
28807, 400, 1, 0, 0
28907, 610, 1, 0, 0
29006, 545, 1, 0, 0
29106, 580, 1, 0, 0
29206, 590, 1, 0, 0
29306, 540, 1, 0, 0
29406, 620, 1, 0, 0
29507, 530, 1, 0, 0
29607, 570, 1, 0, 0
29707, 530, 1, 0, 0
29807, 510, 1, 0, 0
29907, 570, 1, 0, 0
30006, 575, 1, 0, 0
30106, 510, 1, 0, 0
30206, 510, 1, 0, 0
30307, 480, 1, 0, 0
30407, 560, 1, 0, 0
30507, 530, 1, 0, 0
30607, 550, 1, 0, 0
30707, 560, 1, 0, 0
30807, 580, 1, 0, 0
30907, 570, 1, 0, 0
31006, 515, 1, 0, 0
31106, 520, 1, 0, 0
31206, 550, 1, 0, 0
31307, 410, 1, 0, 0
31407, 560, 1, 0, 0
31507, 540, 1, 0, 0
31607, 520, 1, 0, 0
31707, 620, 1, 0, 0
31807, 470, 1, 0, 0
31907, 550, 1, 0, 0
32006, 535, 1, 0, 0
32106, 450, 1, 0, 0
32207, 580, 1, 0, 0
32307, 560, 1, 0, 0
32407, 550, 1, 0, 0
32507, 550, 1, 0, 0
32607, 500, 1, 0, 0
32707, 540, 1, 0, 0
32807, 560, 1, 0, 0
32907, 600, 1, 0, 0
33007, 575, 1, 0, 0
33107, 580, 1, 0, 0
33207, 500, 1, 0, 0
33307, 540, 1, 0, 0
33407, 560, 1, 0, 0
33506, 555, 1, 0, 0
33606, 530, 1, 0, 0
33706, 510, 1, 0, 0
33806, 610, 1, 0, 0
33907, 540, 1, 0, 0
34007, 560, 1, 0, 0
34107, 590, 1, 0, 0
34207, 510, 1, 0, 0
34307, 490, 1, 0, 0
34407, 560, 1, 0, 0
34506, 555, 1, 0, 0
34606, 560, 1, 0, 0
34706, 520, 1, 0, 0
34807, 530, 1, 0, 0
34907, 520, 1, 0, 0
35007, 520, 1, 0, 0
35107, 550, 1, 0, 0
35207, 600, 1, 0, 0
35307, 560, 1, 0, 0
35407, 560, 1, 0, 0
35506, 575, 1, 0, 0
35607, 460, 1, 0, 0
35707, 520, 1, 0, 0
35807, 550, 1, 0, 0
35907, 570, 1, 0, 0
36006, 515, 1, 0, 0
36106, 500, 1, 0, 0
36206, 570, 1, 0, 0
36306, 490, 1, 0, 0
36407, 460, 1, 0, 0
36507, 550, 1, 0, 0
36607, 570, 1, 0, 0
36707, 540, 1, 0, 0
36807, 530, 1, 0, 0
36907, 550, 1, 0, 0
37006, 575, 1, 0, 0
37106, 590, 1, 0, 0
37206, 610, 1, 0, 0
37307, 540, 1, 0, 0
37407, 500, 1, 0, 0
37507, 620, 1, 0, 0
37607, 540, 1, 0, 0
37707, 510, 1, 0, 0
37807, 520, 1, 0, 0
37907, 480, 1, 0, 0
38006, 575, 1, 0, 0
38106, 550, 1, 0, 0
38206, 620, 1, 0, 0
38307, 550, 1, 0, 0
38407, 560, 1, 0, 0
38507, 560, 1, 0, 0
38607, 570, 1, 0, 0
38707, 530, 1, 0, 0
38807, 490, 1, 0, 0
38907, 570, 1, 0, 0
39006, 505, 1, 0, 0
39106, 560, 1, 0, 0
39207, 570, 1, 0, 0
39307, 520, 1, 0, 0
39407, 550, 1, 0, 0
39507, 600, 1, 0, 0
39607, 600, 1, 0, 0
39707, 540, 1, 0, 0
39807, 590, 1, 0, 0
39907, 540, 1, 0, 0
40007, 555, 1, 0, 0
40107, 630, 1, 0, 0
40207, 550, 1, 0, 0
40307, 500, 1, 0, 0
40407, 600, 1, 0, 0
40506, 505, 1, 0, 0
40606, 530, 1, 0, 0
40706, 510, 1, 0, 0
40806, 570, 1, 0, 0
40906, 570, 1, 0, 0
41007, 510, 1, 0, 0
41107, 610, 1, 0, 0
41207, 520, 1, 0, 0
41307, 520, 1, 0, 0
41407, 530, 1, 0, 0
41506, 525, 1, 0, 0
41606, 570, 1, 0, 0
41706, 560, 1, 0, 0
41807, 490, 1, 0, 0
41907, 500, 1, 0, 0
42007, 570, 1, 0, 0
42107, 550, 1, 0, 0
42207, 520, 1, 0, 0
42307, 580, 1, 0, 0
42407, 380, 1, 0, 0
42507, 545, 1, 0, 0
42607, 580, 1, 0, 0
42707, 520, 1, 0, 0
42807, 590, 1, 0, 0
42907, 580, 1, 0, 0
43006, 545, 1, 0, 0
43106, 530, 1, 0, 0
43206, 560, 1, 0, 0
43306, 570, 1, 0, 0
43406, 530, 1, 0, 0
43507, 500, 1, 0, 0
43607, 460, 1, 0, 0
43707, 520, 1, 0, 0
43807, 590, 1, 0, 0
43907, 490, 1, 0, 0
44006, 525, 1, 0, 0
44106, 510, 1, 0, 0
44206, 590, 1, 0, 0
44307, 590, 1, 0, 0
44407, 550, 1, 0, 0
44507, 510, 1, 0, 0
44607, 500, 1, 0, 0
44707, 530, 1, 0, 0
44807, 550, 1, 0, 0
44907, 560, 1, 0, 0
45006, 424, 1, 0, 0
45106, 530, 1, 0, 0
45206, 480, 1, 0, 0
45307, 440, 1, 0, 0
45407, 540, 1, 0, 0
45507, 600, 1, 0, 0
45607, 560, 1, 0, 0
45707, 600, 1, 0, 0
45807, 580, 1, 0, 0
45907, 510, 1, 0, 0
46006, 616, 1, 0, 0
46106, 610, 1, 0, 0
46207, 590, 1, 0, 0
46307, 580, 1, 0, 0
46407, 570, 1, 0, 0
46507, 530, 1, 0, 0
46607, 550, 1, 0, 0
46707, 520, 1, 0, 0
46807, 560, 1, 0, 0
46907, 520, 1, 0, 0
47007, 585, 1, 0, 0
47107, 540, 1, 0, 0
47207, 580, 1, 0, 0
47307, 530, 1, 0, 0
47407, 520, 1, 0, 0
47506, 515, 1, 0, 0
47606, 520, 1, 0, 0
47706, 570, 1, 0, 0
47806, 530, 1, 0, 0
47907, 490, 1, 0, 0
48007, 570, 1, 0, 0
48107, 460, 1, 0, 0
48207, 610, 1, 0, 0
48307, 580, 1, 0, 0
48407, 540, 1, 0, 0
48506, 575, 1, 0, 0
48606, 560, 1, 0, 0
48706, 560, 1, 0, 0
48807, 560, 1, 0, 0
48907, 550, 1, 0, 0
49007, 550, 1, 0, 0
49107, 490, 1, 0, 0
49207, 570, 1, 0, 0
49307, 550, 1, 0, 0
49407, 470, 1, 0, 0
49506, 464, 1, 0, 0
49607, 560, 1, 0, 0
49707, 500, 1, 0, 0
49807, 560, 1, 0, 0
49907, 520, 1, 0, 0
50007, 390, 1, 0, 0
50107, 530, 1, 0, 0
50207, 540, 1, 0, 0
50307, 530, 1, 0, 0
50407, 530, 1, 0, 0
50507, 494, 1, 0, 0
50607, 460, 1, 0, 0
50707, 500, 1, 0, 0
50807, 510, 1, 0, 0
50907, 450, 1, 0, 0
51006, 505, 1, 0, 0
51106, 510, 1, 0, 0
51206, 550, 1, 0, 0
51306, 520, 1, 0, 0
51406, 500, 1, 0, 0
51507, 430, 1, 0, 0
51607, 550, 1, 0, 0
51707, 520, 1, 0, 0
51807, 490, 1, 0, 0
51907, 560, 1, 0, 0
52006, 575, 1, 0, 0
52106, 540, 1, 0, 0
52206, 520, 1, 0, 0
52307, 590, 1, 0, 0
52407, 450, 1, 0, 0
52507, 560, 1, 0, 0
52607, 610, 1, 0, 0
52707, 560, 1, 0, 0
52807, 550, 1, 0, 0
52907, 520, 1, 0, 0
53006, 545, 1, 0, 0
53106, 590, 1, 0, 0
53207, 550, 1, 0, 0
53307, 510, 1, 0, 0
53407, 560, 1, 0, 0
53507, 520, 1, 0, 0
53607, 540, 1, 0, 0
53707, 600, 1, 0, 0
53807, 560, 1, 0, 0
53907, 580, 1, 0, 0
54006, 535, 1, 0, 0
54107, 570, 1, 0, 0
54207, 510, 1, 0, 0
54307, 530, 1, 0, 0
54407, 590, 1, 0, 0
54507, 560, 1, 0, 0
54607, 560, 1, 0, 0
54707, 570, 1, 0, 0
54807, 490, 1, 0, 0
54907, 500, 1, 0, 0
55007, 545, 1, 0, 0
55107, 550, 1, 0, 0
55207, 500, 1, 0, 0
55307, 520, 1, 0, 0
55407, 470, 1, 0, 0
55506, 474, 1, 0, 0
55606, 570, 1, 0, 0
55706, 580, 1, 0, 0
55807, 590, 1, 0, 0
55907, 600, 1, 0, 0
56007, 550, 1, 0, 0
56107, 540, 1, 0, 0
56207, 550, 1, 0, 0
56307, 470, 1, 0, 0
56407, 590, 1, 0, 0
56506, 525, 1, 0, 0
56606, 590, 1, 0, 0
56707, 550, 1, 0, 0
56807, 590, 1, 0, 0
56907, 560, 1, 0, 0
57006, 525, 1, 0, 0
57106, 530, 1, 0, 0
57206, 540, 1, 0, 0
57306, 530, 1, 0, 0
57407, 590, 1, 0, 0
57507, 560, 1, 0, 0
57607, 590, 1, 0, 0
57707, 620, 1, 0, 0
57807, 540, 1, 0, 0
57907, 560, 1, 0, 0
58006, 464, 1, 0, 0
58106, 530, 1, 0, 0
58207, 560, 1, 0, 0
58307, 550, 1, 0, 0
58407, 590, 1, 0, 0
58507, 560, 1, 0, 0
58607, 580, 1, 0, 0
58707, 530, 1, 0, 0
58807, 600, 1, 0, 0
58907, 550, 1, 0, 0
59006, 585, 1, 0, 0
59107, 560, 1, 0, 0
59207, 540, 1, 0, 0
59307, 510, 1, 0, 0
59407, 440, 1, 0, 0
59507, 500, 1, 0, 0
59607, 540, 1, 0, 0
59707, 520, 1, 0, 0
59807, 570, 1, 0, 0
59907, 600, 1, 0, 0
60006, 585, 1, 0, 0
60107, 600, 1, 0, 0
60207, 540, 1, 0, 0
60307, 540, 1, 0, 0
60407, 580, 1, 0, 0
60506, 525, 1, 0, 0
60606, 540, 1, 0, 0
60706, 570, 1, 0, 0
60806, 580, 1, 0, 0
60907, 580, 1, 0, 0
61007, 590, 1, 0, 0
61107, 540, 1, 0, 0
61207, 590, 1, 0, 0
61307, 480, 1, 0, 0
61407, 550, 1, 0, 0
61506, 555, 1, 0, 0
61606, 550, 1, 0, 0
61706, 540, 1, 0, 0
61807, 460, 1, 0, 0
61907, 600, 1, 0, 0
62007, 590, 1, 0, 0
62107, 580, 1, 0, 0
62207, 610, 1, 0, 0
62307, 620, 1, 0, 0
62407, 570, 1, 0, 0
62507, 505, 1, 0, 0
62607, 520, 1, 0, 0
62707, 580, 1, 0, 0
62807, 510, 1, 0, 0
62907, 480, 1, 0, 0
63006, 515, 1, 0, 0
63106, 470, 1, 0, 0
63206, 570, 1, 0, 0
63306, 520, 1, 0, 0
63407, 540, 1, 0, 0
63507, 520, 1, 0, 0
63607, 500, 1, 0, 0
63707, 540, 1, 0, 0
63807, 540, 1, 0, 0
63907, 500, 1, 0, 0
64007, 515, 1, 0, 0
64107, 590, 1, 0, 0
64207, 510, 1, 0, 0
64307, 600, 1, 0, 0
64407, 600, 1, 0, 0
64506, 585, 1, 0, 0
64606, 550, 1, 0, 0
64706, 530, 1, 0, 0
64806, 580, 1, 0, 0
64907, 550, 1, 0, 0
65007, 580, 1, 0, 0
65107, 540, 1, 0, 0
65207, 580, 1, 0, 0
65307, 550, 1, 0, 0
65407, 570, 1, 0, 0
65506, 515, 1, 0, 0
65607, 510, 1, 0, 0
65707, 510, 1, 0, 0
65807, 570, 1, 0, 0
65907, 550, 1, 0, 0
66006, 555, 1, 0, 0
66106, 590, 1, 0, 0
66206, 580, 1, 0, 0
66306, 600, 1, 0, 0
66406, 530, 1, 0, 0
66507, 530, 1, 0, 0
66607, 430, 1, 0, 0
66707, 540, 1, 0, 0
66807, 560, 1, 0, 0
66907, 480, 1, 0, 0
67006, 545, 1, 0, 0
67106, 560, 1, 0, 0
67206, 540, 1, 0, 0
67307, 600, 1, 0, 0
67407, 550, 1, 0, 0
67507, 570, 1, 0, 0
67607, 540, 1, 0, 0
67707, 600, 1, 0, 0
67807, 490, 1, 0, 0
67907, 430, 1, 0, 0
68006, 484, 1, 0, 0
68107, 570, 1, 0, 0
68207, 480, 1, 0, 0
68307, 530, 1, 0, 0
68407, 490, 1, 0, 0
68507, 580, 1, 0, 0
68607, 540, 1, 0, 0
68707, 520, 1, 0, 0
68807, 570, 1, 0, 0
68907, 580, 1, 0, 0
69007, 494, 1, 0, 0
69107, 500, 1, 0, 0
69207, 500, 1, 0, 0
69307, 590, 1, 0, 0
69407, 600, 1, 0, 0
69506, 575, 1, 0, 0
69606, 550, 1, 0, 0
69706, 580, 1, 0, 0
69807, 540, 1, 0, 0
69907, 510, 1, 0, 0
70007, 470, 1, 0, 0
70107, 570, 1, 0, 0
70207, 610, 1, 0, 0
70307, 510, 1, 0, 0
70407, 410, 1, 0, 0
70506, 474, 1, 0, 0
70607, 510, 1, 0, 0
70707, 510, 1, 0, 0
70807, 310, 1, 0, 0
70907, 420, 1, 0, 0
71006, 484, 1, 0, 0
71106, 600, 1, 0, 0
71206, 560, 1, 0, 0
71306, 590, 1, 0, 0
71407, 550, 1, 0, 0
71507, 580, 1, 0, 0
71607, 470, 1, 0, 0
71707, 550, 1, 0, 0
71807, 550, 1, 0, 0
71907, 540, 1, 0, 0
72006, 555, 1, 0, 0
72106, 510, 1, 0, 0
72206, 590, 1, 0, 0
72307, 580, 1, 0, 0
72407, 530, 1, 0, 0
72507, 550, 1, 0, 0
72607, 550, 1, 0, 0
72707, 600, 1, 0, 0
72807, 580, 1, 0, 0
72907, 580, 1, 0, 0
73007, 575, 1, 0, 0
73107, 520, 1, 0, 0
73207, 430, 1, 0, 0
73307, 570, 1, 0, 0
73407, 560, 1, 0, 0
73506, 555, 1, 0, 0
73606, 450, 1, 0, 0
73706, 510, 1, 0, 0
73806, 540, 1, 0, 0
73907, 490, 1, 0, 0
74007, 540, 1, 0, 0
74107, 530, 1, 0, 0
74207, 590, 1, 0, 0
74307, 570, 1, 0, 0
74407, 500, 1, 0, 0
74506, 565, 1, 0, 0
74606, 570, 1, 0, 0
74706, 510, 1, 0, 0
74807, 550, 1, 0, 0
74907, 500, 1, 0, 0
75007, 560, 1, 0, 0
75107, 570, 1, 0, 0
75207, 550, 1, 0, 0
75307, 520, 1, 0, 0
75407, 490, 1, 0, 0
75506, 555, 1, 0, 0
75607, 560, 1, 0, 0
75707, 540, 1, 0, 0
75807, 510, 1, 0, 0
75907, 470, 1, 0, 0
76007, 540, 1, 0, 0
76107, 390, 1, 0, 0
76207, 480, 1, 0, 0
76307, 600, 1, 0, 0
76407, 520, 1, 0, 0
76507, 515, 1, 0, 0
76607, 610, 1, 0, 0
76707, 580, 1, 0, 0
76807, 500, 1, 0, 0
76907, 590, 1, 0, 0
77006, 505, 1, 0, 0
77106, 520, 1, 0, 0
77206, 520, 1, 0, 0
77307, 560, 1, 0, 0
77407, 540, 1, 0, 0
77507, 520, 1, 0, 0
77607, 560, 1, 0, 0
77707, 580, 1, 0, 0
77807, 580, 1, 0, 0
77907, 540, 1, 0, 0
78006, 424, 1, 0, 0
78106, 570, 1, 0, 0
78206, 560, 1, 0, 0
78307, 560, 1, 0, 0
78407, 600, 1, 0, 0
78507, 590, 1, 0, 0
78607, 580, 1, 0, 0
78707, 510, 1, 0, 0
78807, 540, 1, 0, 0
78907, 570, 1, 0, 0
79007, 515, 1, 0, 0
79107, 580, 1, 0, 0
79207, 540, 1, 0, 0
79307, 560, 1, 0, 0
79407, 520, 1, 0, 0
79506, 545, 1, 0, 0
79606, 610, 1, 0, 0
79706, 600, 1, 0, 0
79806, 560, 1, 0, 0
79907, 560, 1, 0, 0
80007, 550, 1, 0, 0
80107, 580, 1, 0, 0
80207, 560, 1, 0, 0
80307, 500, 1, 0, 0
80407, 560, 1, 0, 0
80506, 606, 1, 0, 0
80606, 540, 1, 0, 0
80706, 520, 1, 0, 0
80807, 560, 1, 0, 0
80907, 550, 1, 0, 0
81007, 510, 1, 0, 0
81107, 510, 1, 0, 0
81207, 480, 1, 0, 0
81307, 570, 1, 0, 0
81407, 560, 1, 0, 0
81507, 525, 1, 0, 0
81607, 530, 1, 0, 0
81707, 510, 1, 0, 0
81807, 560, 1, 0, 0
81907, 600, 1, 0, 0
82006, 494, 1, 0, 0
82106, 380, 1, 0, 0
82206, 490, 1, 0, 0
82306, 480, 1, 0, 0
82407, 490, 1, 0, 0
82507, 550, 1, 0, 0
82607, 520, 1, 0, 0
82707, 560, 1, 0, 0
82807, 530, 1, 0, 0
82907, 510, 1, 0, 0
83006, 525, 1, 0, 0
83106, 510, 1, 0, 0
83206, 540, 1, 0, 0
83307, 460, 1, 0, 0
83407, 560, 1, 0, 0
83507, 530, 1, 0, 0
83607, 470, 1, 0, 0
83707, 510, 1, 0, 0
83807, 560, 1, 0, 0
83907, 560, 1, 0, 0
84006, 595, 1, 0, 0
84107, 530, 1, 0, 0
84207, 480, 1, 0, 0
84307, 630, 1, 0, 0
84407, 550, 1, 0, 0
84506, 585, 1, 0, 0
84606, 550, 1, 0, 0
84706, 470, 1, 0, 0
84806, 540, 1, 0, 0
84906, 540, 1, 0, 0
85007, 530, 1, 0, 0
85107, 540, 1, 0, 0
85207, 480, 1, 0, 0
85307, 590, 1, 0, 0
85407, 580, 1, 0, 0
85506, 575, 1, 0, 0
85606, 520, 1, 0, 0
85706, 510, 1, 0, 0
85806, 450, 1, 0, 0
85907, 460, 1, 0, 0
86007, 470, 1, 0, 0
86107, 480, 1, 0, 0
86207, 530, 1, 0, 0
86307, 570, 1, 0, 0
86407, 580, 1, 0, 0
86506, 575, 1, 0, 0
86606, 540, 1, 0, 0
86706, 510, 1, 0, 0
86807, 480, 1, 0, 0
86907, 500, 1, 0, 0
87007, 490, 1, 0, 0
87107, 430, 1, 0, 0
87207, 520, 1, 0, 0
87307, 490, 1, 0, 0
87407, 560, 1, 0, 0
87506, 545, 1, 0, 0
87607, 470, 1, 0, 0
87707, 470, 1, 0, 0
87807, 520, 1, 0, 0
87907, 500, 1, 0, 0
88007, 470, 1, 0, 0
88107, 500, 1, 0, 0
88207, 500, 1, 0, 0
88307, 520, 1, 0, 0
88407, 530, 1, 0, 0
88506, 515, 1, 0, 0
88607, 530, 1, 0, 0
88707, 530, 1, 0, 0
88807, 540, 1, 0, 0
88907, 510, 1, 0, 0
89006, 525, 1, 0, 0
89106, 570, 1, 0, 0
89206, 490, 1, 0, 0
89307, 580, 1, 0, 0
89407, 530, 1, 0, 0
89507, 530, 1, 0, 0
89607, 540, 1, 0, 0
89707, 530, 1, 0, 0
89807, 500, 1, 0, 0
89907, 510, 1, 0, 0
90006, 535, 1, 0, 0
