105, 517442, 1, 0, 0
201, 464030, 1, 0, 0
301, 449291, 1, 0, 0
401, 415492, 1, 0, 0
500, 408415, 1, 0, 0
606, 467347, 1, 0, 0
709, 484454, 1, 0, 0
801, 492823, 1, 0, 0
908, 609148, 1, 0, 0
1001, 463167, 1, 0, 0
1101, 415773, 1, 0, 0
1202, 486174, 1, 0, 0
1305, 512805, 1, 0, 0
1403, 494653, 1, 0, 0
1507, 491600, 1, 0, 0
1605, 539793, 1, 0, 0
1701, 417490, 1, 0, 0
1805, 409821, 1, 0, 0
1902, 595644, 1, 0, 0
2011, 870502, 1, 0, 0
2111, 754245, 1, 0, 0
2213, 417689, 1, 0, 0
2303, 395138, 1, 0, 0
2418, 419993, 1, 0, 0
2503, 399063, 1, 0, 0
2600, 386513, 1, 0, 0
2700, 378635, 1, 0, 0
2805, 361670, 1, 0, 0
2907, 421494, 1, 0, 0
3005, 448317, 1, 0, 0
3102, 468684, 1, 0, 0
3202, 442115, 1, 0, 0
3300, 399070, 1, 0, 0
3403, 397803, 1, 0, 0
3503, 406790, 1, 0, 0
3607, 408243, 1, 0, 0
3700, 431995, 1, 0, 0
3807, 467815, 1, 0, 0
3901, 441241, 1, 0, 0
4000, 474257, 1, 0, 0
4105, 434439, 1, 0, 0
4202, 424060, 1, 0, 0
4302, 390590, 1, 0, 0
4411, 459617, 1, 0, 0
4508, 430544, 1, 0, 0
4600, 455636, 1, 0, 0
4704, 428503, 1, 0, 0
4804, 440304, 1, 0, 0
4900, 442663, 1, 0, 0
5005, 448013, 1, 0, 0
5107, 444692, 1, 0, 0
5207, 472380, 1, 0, 0
5300, 487143, 1, 0, 0
5403, 473783, 1, 0, 0
5507, 447997, 1, 0, 0
5610, 380503, 1, 0, 0
5700, 455486, 1, 0, 0
5801, 392873, 1, 0, 0
5903, 659714, 1, 0, 0
6003, 734588, 1, 0, 0
6105, 622852, 1, 0, 0
6212, 701984, 1, 0, 0
6310, 656660, 1, 0, 0
6402, 725884, 1, 0, 0
6514, 614844, 1, 0, 0
6614, 760008, 1, 0, 0
6702, 670412, 1, 0, 0
6804, 804749, 1, 0, 0
6900, 699634, 1, 0, 0
7005, 763436, 1, 0, 0
7103, 858896, 1, 0, 0
7200, 623755, 1, 0, 0
7300, 649868, 1, 0, 0
7407, 674118, 1, 0, 0
7503, 729429, 1, 0, 0
7612, 626688, 1, 0, 0
7701, 650336, 1, 0, 0
7806, 553640, 1, 0, 0
7906, 647129, 1, 0, 0
8001, 721004, 1, 0, 0
8103, 674178, 1, 0, 0
8200, 689741, 1, 0, 0
8301, 626486, 1, 0, 0
8404, 504415, 1, 0, 0
8507, 664993, 1, 0, 0
8600, 706041, 1, 0, 0
8714, 666729, 1, 0, 0
8812, 628150, 1, 0, 0
8901, 594388, 1, 0, 0
9012, 714282, 1, 0, 0
9101, 580237, 1, 0, 0
9204, 546197, 1, 0, 0
9302, 521446, 1, 0, 0
9400, 589621, 1, 0, 0
9504, 547838, 1, 0, 0
9602, 413614, 1, 0, 0
9709, 504624, 1, 0, 0
9809, 458280, 1, 0, 0
9900, 571814, 1, 0, 0
10000, 594395, 1, 0, 0
10110, 587996, 1, 0, 0
10207, 718098, 1, 0, 0
10305, 632975, 1, 0, 0
10400, 792510, 1, 0, 0
10508, 626949, 1, 0, 0
10604, 630883, 1, 0, 0
10702, 404775, 1, 0, 0
10800, 442358, 1, 0, 0
10904, 522095, 1, 0, 0
11002, 562370, 1, 0, 0
11106, 603777, 1, 0, 0
11200, 482763, 1, 0, 0
11305, 531499, 1, 0, 0
11400, 552354, 1, 0, 0
11502, 465343, 1, 0, 0
11604, 585817, 1, 0, 0
11705, 537898, 1, 0, 0
11803, 470840, 1, 0, 0
11903, 529370, 1, 0, 0
12004, 541409, 1, 0, 0
12103, 610821, 1, 0, 0
12202, 533004, 1, 0, 0
12301, 498383, 1, 0, 0
12408, 406810, 1, 0, 0
12502, 425255, 1, 0, 0
12617, 518933, 1, 0, 0
12703, 551041, 1, 0, 0
12808, 412670, 1, 0, 0
12913, 437046, 1, 0, 0
13003, 662795, 1, 0, 0
13100, 501817, 1, 0, 0
13204, 517885, 1, 0, 0
13303, 583040, 1, 0, 0
13403, 483521, 1, 0, 0
13514, 431572, 1, 0, 0
13602, 446411, 1, 0, 0
13708, 397297, 1, 0, 0
13811, 488121, 1, 0, 0
13901, 588118, 1, 0, 0
14000, 452016, 1, 0, 0
14100, 592555, 1, 0, 0
14200, 555243, 1, 0, 0
14300, 533463, 1, 0, 0
14409, 615448, 1, 0, 0
14501, 585388, 1, 0, 0
14603, 681775, 1, 0, 0
14700, 590739, 1, 0, 0
14800, 748601, 1, 0, 0
14900, 619888, 1, 0, 0
15000, 627769, 1, 0, 0
15106, 524383, 1, 0, 0
15202, 470635, 1, 0, 0
15302, 416390, 1, 0, 0
15418, 497015, 1, 0, 0
15510, 479735, 1, 0, 0
15604, 567355, 1, 0, 0
15702, 535537, 1, 0, 0
15801, 486108, 1, 0, 0
15905, 441093, 1, 0, 0
16001, 646947, 1, 0, 0
16100, 471460, 1, 0, 0
16206, 426072, 1, 0, 0
16304, 489293, 1, 0, 0
16410, 521367, 1, 0, 0
16507, 548154, 1, 0, 0
16603, 515536, 1, 0, 0
16705, 479112, 1, 0, 0
16803, 421573, 1, 0, 0
16900, 449995, 1, 0, 0
17006, 586785, 1, 0, 0
17100, 450388, 1, 0, 0
17207, 565097, 1, 0, 0
17307, 519343, 1, 0, 0
17402, 511994, 1, 0, 0
17509, 509343, 1, 0, 0
17600, 586977, 1, 0, 0
17700, 466013, 1, 0, 0
17809, 532032, 1, 0, 0
17902, 471940, 1, 0, 0
18001, 472647, 1, 0, 0
18103, 523454, 1, 0, 0
18206, 575275, 1, 0, 0
18309, 566663, 1, 0, 0
18401, 648464, 1, 0, 0
18508, 703076, 1, 0, 0
18603, 630112, 1, 0, 0
18700, 624223, 1, 0, 0
18800, 606805, 1, 0, 0
18904, 872175, 1, 0, 0
19003, 993960, 1, 0, 0
19110, 938768, 1, 0, 0
19200, 681502, 1, 0, 0
19304, 741163, 1, 0, 0
19424, 771842, 1, 0, 0
19503, 580928, 1, 0, 0
19604, 588907, 1, 0, 0
19700, 624004, 1, 0, 0
19802, 521450, 1, 0, 0
19901, 585692, 1, 0, 0
20001, 614420, 1, 0, 0
20117, 676954, 1, 0, 0
20202, 622979, 1, 0, 0
20300, 685048, 1, 0, 0
20400, 652143, 1, 0, 0
20500, 578387, 1, 0, 0
20604, 684297, 1, 0, 0
20702, 667688, 1, 0, 0
20812, 641833, 1, 0, 0
20909, 521871, 1, 0, 0
21001, 507076, 1, 0, 0
21101, 545205, 1, 0, 0
21204, 569149, 1, 0, 0
21304, 551251, 1, 0, 0
21405, 505912, 1, 0, 0
21507, 498618, 1, 0, 0
21602, 514692, 1, 0, 0
21705, 571224, 1, 0, 0
21801, 468932, 1, 0, 0
21912, 525700, 1, 0, 0
22001, 524647, 1, 0, 0
22104, 604892, 1, 0, 0
22201, 656763, 1, 0, 0
22303, 606623, 1, 0, 0
22400, 716325, 1, 0, 0
22502, 655447, 1, 0, 0
22601, 568045, 1, 0, 0
22708, 469448, 1, 0, 0
22802, 516187, 1, 0, 0
22902, 586953, 1, 0, 0
23006, 663230, 1, 0, 0
23100, 558219, 1, 0, 0
23201, 545706, 1, 0, 0
23302, 560139, 1, 0, 0
23406, 581546, 1, 0, 0
23502, 677959, 1, 0, 0
23604, 571049, 1, 0, 0
23713, 656848, 1, 0, 0
23802, 569026, 1, 0, 0
23903, 538063, 1, 0, 0
24000, 574750, 1, 0, 0
24100, 616395, 1, 0, 0
24207, 656175, 1, 0, 0
24303, 679961, 1, 0, 0
24400, 626614, 1, 0, 0
24508, 684933, 1, 0, 0
24603, 599417, 1, 0, 0
24701, 620576, 1, 0, 0
24801, 743218, 1, 0, 0
24901, 641841, 1, 0, 0
25003, 643329, 1, 0, 0
25102, 608065, 1, 0, 0
25200, 723065, 1, 0, 0
25309, 693224, 1, 0, 0
25402, 575853, 1, 0, 0
25505, 645126, 1, 0, 0
25604, 482191, 1, 0, 0
25700, 460422, 1, 0, 0
25802, 419237, 1, 0, 0
25911, 450554, 1, 0, 0
26001, 466840, 1, 0, 0
26104, 472141, 1, 0, 0
26206, 522514, 1, 0, 0
26307, 590290, 1, 0, 0
26403, 504459, 1, 0, 0
26502, 584927, 1, 0, 0
26601, 554055, 1, 0, 0
26707, 497495, 1, 0, 0
26803, 428808, 1, 0, 0
26906, 499140, 1, 0, 0
27000, 589190, 1, 0, 0
27100, 640408, 1, 0, 0
27202, 621750, 1, 0, 0
27322, 630109, 1, 0, 0
27407, 548796, 1, 0, 0
27505, 494655, 1, 0, 0
27602, 636515, 1, 0, 0
27707, 990750, 1, 0, 0
27803, 681727, 1, 0, 0
27900, 705750, 1, 0, 0
28005, 646626, 1, 0, 0
28115, 636099, 1, 0, 0
28204, 632981, 1, 0, 0
28303, 646196, 1, 0, 0
28413, 706889, 1, 0, 0
28500, 737754, 1, 0, 0
28601, 704307, 1, 0, 0
28700, 653590, 1, 0, 0
28803, 707495, 1, 0, 0
28907, 730134, 1, 0, 0
29006, 608713, 1, 0, 0
29107, 708546, 1, 0, 0
29217, 645787, 1, 0, 0
29318, 624494, 1, 0, 0
29408, 547057, 1, 0, 0
29500, 518492, 1, 0, 0
29606, 465716, 1, 0, 0
29711, 442610, 1, 0, 0
29806, 468662, 1, 0, 0
29904, 488721, 1, 0, 0
30003, 454608, 1, 0, 0
30104, 483227, 1, 0, 0
30202, 575093, 1, 0, 0
30307, 516494, 1, 0, 0
30402, 694755, 1, 0, 0
30501, 705214, 1, 0, 0
30602, 591683, 1, 0, 0
30701, 632814, 1, 0, 0
30800, 744591, 1, 0, 0
30901, 665294, 1, 0, 0
31007, 629639, 1, 0, 0
31101, 625296, 1, 0, 0
31202, 554944, 1, 0, 0
31303, 590652, 1, 0, 0
31400, 593214, 1, 0, 0
31505, 599145, 1, 0, 0
31600, 491392, 1, 0, 0
31709, 758491, 1, 0, 0
31804, 664395, 1, 0, 0
31910, 655665, 1, 0, 0
32011, 769735, 1, 0, 0
32101, 715424, 1, 0, 0
32204, 625445, 1, 0, 0
32310, 589719, 1, 0, 0
32418, 590898, 1, 0, 0
32502, 466003, 1, 0, 0
32602, 513338, 1, 0, 0
32703, 433502, 1, 0, 0
32800, 489122, 1, 0, 0
32910, 522752, 1, 0, 0
33000, 472604, 1, 0, 0
33107, 507047, 1, 0, 0
33201, 420427, 1, 0, 0
33306, 458525, 1, 0, 0
33401, 486644, 1, 0, 0
33504, 477029, 1, 0, 0
33600, 554963, 1, 0, 0
33706, 455655, 1, 0, 0
33800, 470755, 1, 0, 0
33900, 470471, 1, 0, 0
34005, 466446, 1, 0, 0
34104, 479010, 1, 0, 0
34200, 466376, 1, 0, 0
34301, 453376, 1, 0, 0
34400, 536416, 1, 0, 0
34500, 574757, 1, 0, 0
34613, 466656, 1, 0, 0
34703, 597308, 1, 0, 0
34804, 573504, 1, 0, 0
34910, 535046, 1, 0, 0
35006, 418084, 1, 0, 0
35101, 491500, 1, 0, 0
35212, 475960, 1, 0, 0
35311, 501989, 1, 0, 0
35409, 568906, 1, 0, 0
35503, 550782, 1, 0, 0
35619, 453410, 1, 0, 0
35701, 452382, 1, 0, 0
35802, 508859, 1, 0, 0
35900, 532778, 1, 0, 0
36010, 429485, 1, 0, 0
36100, 475459, 1, 0, 0
36203, 481144, 1, 0, 0
36301, 497187, 1, 0, 0
36405, 467927, 1, 0, 0
36510, 430044, 1, 0, 0
36602, 445968, 1, 0, 0
36703, 571192, 1, 0, 0
36804, 470359, 1, 0, 0
36906, 479843, 1, 0, 0
37007, 457644, 1, 0, 0
37106, 444116, 1, 0, 0
37202, 455808, 1, 0, 0
37309, 461639, 1, 0, 0
37404, 480413, 1, 0, 0
37502, 542299, 1, 0, 0
37600, 527880, 1, 0, 0
37700, 469533, 1, 0, 0
37800, 519428, 1, 0, 0
37910, 491840, 1, 0, 0
38003, 515715, 1, 0, 0
38102, 413024, 1, 0, 0
38205, 483395, 1, 0, 0
38305, 622708, 1, 0, 0
38400, 515018, 1, 0, 0
38506, 551680, 1, 0, 0
38604, 644966, 1, 0, 0
38701, 670651, 1, 0, 0
38804, 830830, 1, 0, 0
38907, 639741, 1, 0, 0
39004, 619483, 1, 0, 0
39104, 488519, 1, 0, 0
39205, 767115, 1, 0, 0
39307, 683241, 1, 0, 0
39402, 525863, 1, 0, 0
39505, 530214, 1, 0, 0
39606, 459255, 1, 0, 0
39702, 494546, 1, 0, 0
39803, 517211, 1, 0, 0
39909, 508795, 1, 0, 0
40000, 482870, 1, 0, 0
40107, 424386, 1, 0, 0
40205, 416951, 1, 0, 0
40317, 433256, 1, 0, 0
40401, 465680, 1, 0, 0
40502, 381818, 1, 0, 0
40601, 454498, 1, 0, 0
40700, 499049, 1, 0, 0
40810, 470269, 1, 0, 0
40904, 482387, 1, 0, 0
41004, 678084, 1, 0, 0
41106, 690427, 1, 0, 0
41220, 645925, 1, 0, 0
41301, 697866, 1, 0, 0
41408, 730182, 1, 0, 0
41503, 854988, 1, 0, 0
41601, 683052, 1, 0, 0
41701, 597785, 1, 0, 0
41804, 641116, 1, 0, 0
41901, 709981, 1, 0, 0
42002, 472182, 1, 0, 0
42105, 560295, 1, 0, 0
42200, 472472, 1, 0, 0
42308, 446037, 1, 0, 0
42405, 462978, 1, 0, 0
42512, 443143, 1, 0, 0
42610, 443577, 1, 0, 0
42702, 395869, 1, 0, 0
42803, 416940, 1, 0, 0
42900, 397675, 1, 0, 0
43005, 547683, 1, 0, 0
43107, 393755, 1, 0, 0
43210, 385998, 1, 0, 0
43302, 417928, 1, 0, 0
43409, 453280, 1, 0, 0
43506, 431199, 1, 0, 0
43617, 488199, 1, 0, 0
43708, 407889, 1, 0, 0
43809, 501990, 1, 0, 0
43900, 446308, 1, 0, 0
44002, 509632, 1, 0, 0
44100, 429938, 1, 0, 0
44201, 412536, 1, 0, 0
44300, 436537, 1, 0, 0
44405, 544622, 1, 0, 0
44506, 765517, 1, 0, 0
44600, 642380, 1, 0, 0
44713, 663545, 1, 0, 0
44801, 644073, 1, 0, 0
44900, 674951, 1, 0, 0
45003, 650497, 1, 0, 0
45105, 599986, 1, 0, 0
45200, 583440, 1, 0, 0
45305, 630516, 1, 0, 0
45400, 737669, 1, 0, 0
45500, 668830, 1, 0, 0
45604, 631601, 1, 0, 0
45702, 628177, 1, 0, 0
45806, 687015, 1, 0, 0
45900, 597839, 1, 0, 0
46004, 696572, 1, 0, 0
46107, 593161, 1, 0, 0
46208, 713694, 1, 0, 0
46302, 690263, 1, 0, 0
46402, 693839, 1, 0, 0
46503, 614595, 1, 0, 0
46600, 720845, 1, 0, 0
46705, 620259, 1, 0, 0
46804, 570589, 1, 0, 0
46902, 610870, 1, 0, 0
47004, 656649, 1, 0, 0
47109, 612666, 1, 0, 0
47212, 669018, 1, 0, 0
47311, 662105, 1, 0, 0
47400, 715427, 1, 0, 0
47502, 754614, 1, 0, 0
47602, 779483, 1, 0, 0
47709, 572236, 1, 0, 0
47800, 609335, 1, 0, 0
47910, 629949, 1, 0, 0
48006, 673132, 1, 0, 0
48109, 758907, 1, 0, 0
48202, 482557, 1, 0, 0
48302, 621647, 1, 0, 0
48404, 686343, 1, 0, 0
48504, 673112, 1, 0, 0
48607, 609540, 1, 0, 0
48708, 653106, 1, 0, 0
48800, 697681, 1, 0, 0
48904, 553435, 1, 0, 0
49026, 644451, 1, 0, 0
49102, 567575, 1, 0, 0
49206, 559759, 1, 0, 0
49303, 549206, 1, 0, 0
49407, 495339, 1, 0, 0
49507, 611225, 1, 0, 0
49604, 703173, 1, 0, 0
49705, 569328, 1, 0, 0
49806, 591199, 1, 0, 0
49904, 652003, 1, 0, 0
50011, 839045, 1, 0, 0
50102, 693821, 1, 0, 0
50202, 613304, 1, 0, 0
50301, 707992, 1, 0, 0
50407, 652564, 1, 0, 0
50503, 693624, 1, 0, 0
50600, 782955, 1, 0, 0
50701, 635563, 1, 0, 0
50813, 681232, 1, 0, 0
50905, 699946, 1, 0, 0
51000, 671530, 1, 0, 0
51102, 595845, 1, 0, 0
51201, 625304, 1, 0, 0
51301, 724815, 1, 0, 0
51404, 578389, 1, 0, 0
51501, 604006, 1, 0, 0
51611, 454516, 1, 0, 0
51711, 444893, 1, 0, 0
51806, 427727, 1, 0, 0
51901, 403868, 1, 0, 0
52012, 390951, 1, 0, 0
52103, 461714, 1, 0, 0
52200, 432178, 1, 0, 0
52302, 380384, 1, 0, 0
52406, 461212, 1, 0, 0
52508, 464147, 1, 0, 0
52608, 438575, 1, 0, 0
52700, 440645, 1, 0, 0
52800, 407181, 1, 0, 0
52900, 418866, 1, 0, 0
53002, 422135, 1, 0, 0
53100, 588785, 1, 0, 0
53204, 428580, 1, 0, 0
53301, 498627, 1, 0, 0
53400, 709116, 1, 0, 0
53507, 618336, 1, 0, 0
53609, 689596, 1, 0, 0
53700, 682446, 1, 0, 0
53800, 737252, 1, 0, 0
53908, 730983, 1, 0, 0
54010, 691130, 1, 0, 0
54127, 669850, 1, 0, 0
54207, 780781, 1, 0, 0
54300, 627093, 1, 0, 0
54406, 664968, 1, 0, 0
54505, 693840, 1, 0, 0
54600, 707143, 1, 0, 0
54713, 727865, 1, 0, 0
54803, 561449, 1, 0, 0
54906, 579204, 1, 0, 0
55007, 669475, 1, 0, 0
55105, 571364, 1, 0, 0
55204, 544647, 1, 0, 0
55306, 421537, 1, 0, 0
55400, 702020, 1, 0, 0
55500, 477344, 1, 0, 0
55607, 664282, 1, 0, 0
55705, 618005, 1, 0, 0
55800, 546032, 1, 0, 0
55900, 579210, 1, 0, 0
56000, 597977, 1, 0, 0
56102, 583610, 1, 0, 0
56202, 559936, 1, 0, 0
56307, 551609, 1, 0, 0
56401, 626719, 1, 0, 0
56508, 592721, 1, 0, 0
56616, 638826, 1, 0, 0
56700, 609524, 1, 0, 0
56814, 505409, 1, 0, 0
56900, 495500, 1, 0, 0
57000, 639977, 1, 0, 0
57101, 674603, 1, 0, 0
57205, 581935, 1, 0, 0
57300, 709047, 1, 0, 0
57400, 619232, 1, 0, 0
57506, 671681, 1, 0, 0
57600, 460758, 1, 0, 0
57703, 543817, 1, 0, 0
57801, 582320, 1, 0, 0
57901, 801913, 1, 0, 0
58001, 597543, 1, 0, 0
58104, 540891, 1, 0, 0
58201, 617899, 1, 0, 0
58300, 596016, 1, 0, 0
58404, 643616, 1, 0, 0
58501, 650917, 1, 0, 0
58603, 532381, 1, 0, 0
58702, 534817, 1, 0, 0
58802, 545661, 1, 0, 0
58902, 608428, 1, 0, 0
59002, 720801, 1, 0, 0
59100, 672894, 1, 0, 0
59205, 561340, 1, 0, 0
59307, 660128, 1, 0, 0
59410, 598241, 1, 0, 0
59507, 596484, 1, 0, 0
59637, 497911, 1, 0, 0
59704, 534139, 1, 0, 0
59807, 570968, 1, 0, 0
59904, 585880, 1, 0, 0
60000, 564772, 1, 0, 0
60101, 464792, 1, 0, 0
60205, 507669, 1, 0, 0
60306, 547063, 1, 0, 0
60404, 454611, 1, 0, 0
60500, 626104, 1, 0, 0
60604, 560601, 1, 0, 0
60700, 481932, 1, 0, 0
60807, 454343, 1, 0, 0
60901, 559781, 1, 0, 0
61002, 611183, 1, 0, 0
61115, 548637, 1, 0, 0
61203, 536855, 1, 0, 0
61300, 570862, 1, 0, 0
61400, 471193, 1, 0, 0
61500, 471745, 1, 0, 0
61605, 586632, 1, 0, 0
61701, 530615, 1, 0, 0
61808, 424239, 1, 0, 0
61903, 472935, 1, 0, 0
62000, 530286, 1, 0, 0
62101, 570853, 1, 0, 0
62203, 614667, 1, 0, 0
62305, 476328, 1, 0, 0
62400, 544331, 1, 0, 0
62507, 486178, 1, 0, 0
62602, 473996, 1, 0, 0
62702, 585823, 1, 0, 0
62802, 522037, 1, 0, 0
62902, 591789, 1, 0, 0
63010, 508071, 1, 0, 0
63100, 600175, 1, 0, 0
63210, 644086, 1, 0, 0
63304, 652952, 1, 0, 0
63405, 555903, 1, 0, 0
63502, 733154, 1, 0, 0
63607, 683582, 1, 0, 0
63707, 681140, 1, 0, 0
63803, 651132, 1, 0, 0
63908, 531429, 1, 0, 0
64004, 519126, 1, 0, 0
64114, 508270, 1, 0, 0
64206, 577042, 1, 0, 0
64306, 579055, 1, 0, 0
64400, 505519, 1, 0, 0
64500, 556680, 1, 0, 0
64602, 517780, 1, 0, 0
64704, 515944, 1, 0, 0
64803, 633220, 1, 0, 0
64933, 668195, 1, 0, 0
65007, 469967, 1, 0, 0
65102, 573059, 1, 0, 0
65206, 520638, 1, 0, 0
65302, 593515, 1, 0, 0
65401, 423565, 1, 0, 0
65500, 527269, 1, 0, 0
65605, 505096, 1, 0, 0
65708, 672311, 1, 0, 0
65803, 675122, 1, 0, 0
65908, 653927, 1, 0, 0
66000, 502979, 1, 0, 0
66115, 404930, 1, 0, 0
66208, 488044, 1, 0, 0
66305, 458542, 1, 0, 0
66405, 458011, 1, 0, 0
66500, 463447, 1, 0, 0
66607, 523602, 1, 0, 0
66700, 493445, 1, 0, 0
66801, 453349, 1, 0, 0
66900, 470675, 1, 0, 0
67005, 402481, 1, 0, 0
67102, 485629, 1, 0, 0
67201, 458163, 1, 0, 0
67300, 513448, 1, 0, 0
67400, 493641, 1, 0, 0
67504, 493400, 1, 0, 0
67610, 471608, 1, 0, 0
67700, 466105, 1, 0, 0
67800, 577000, 1, 0, 0
67906, 579534, 1, 0, 0
68010, 514953, 1, 0, 0
68113, 543150, 1, 0, 0
68205, 564372, 1, 0, 0
68311, 487684, 1, 0, 0
68402, 563821, 1, 0, 0
68502, 554186, 1, 0, 0
68605, 384345, 1, 0, 0
68702, 619208, 1, 0, 0
68800, 529372, 1, 0, 0
68902, 517724, 1, 0, 0
69005, 588877, 1, 0, 0
69104, 438390, 1, 0, 0
69200, 405939, 1, 0, 0
69321, 388558, 1, 0, 0
69401, 490824, 1, 0, 0
69507, 552956, 1, 0, 0
69601, 412581, 1, 0, 0
69703, 365056, 1, 0, 0
69814, 472907, 1, 0, 0
69900, 431445, 1, 0, 0
70011, 362592, 1, 0, 0
70106, 428326, 1, 0, 0
70202, 421877, 1, 0, 0
70302, 435663, 1, 0, 0
70402, 454815, 1, 0, 0
70504, 474578, 1, 0, 0
70620, 437608, 1, 0, 0
70700, 439884, 1, 0, 0
70806, 518469, 1, 0, 0
70901, 476653, 1, 0, 0
71000, 454140, 1, 0, 0
71106, 496934, 1, 0, 0
71211, 452199, 1, 0, 0
71304, 457729, 1, 0, 0
71400, 454550, 1, 0, 0
71504, 433736, 1, 0, 0
71600, 496952, 1, 0, 0
71713, 607558, 1, 0, 0
71800, 550822, 1, 0, 0
71901, 615843, 1, 0, 0
72004, 540642, 1, 0, 0
72100, 561569, 1, 0, 0
72228, 509228, 1, 0, 0
72304, 613173, 1, 0, 0
72400, 597512, 1, 0, 0
72501, 494890, 1, 0, 0
72602, 515515, 1, 0, 0
72708, 490734, 1, 0, 0
72801, 446240, 1, 0, 0
72908, 453311, 1, 0, 0
73022, 500324, 1, 0, 0
73115, 429613, 1, 0, 0
73203, 486110, 1, 0, 0
73306, 448229, 1, 0, 0
73403, 599552, 1, 0, 0
73509, 573334, 1, 0, 0
73603, 556772, 1, 0, 0
73704, 481268, 1, 0, 0
73814, 470428, 1, 0, 0
73904, 533512, 1, 0, 0
74009, 498129, 1, 0, 0
74100, 479613, 1, 0, 0
74202, 485835, 1, 0, 0
74300, 457777, 1, 0, 0
74402, 464038, 1, 0, 0
74502, 408401, 1, 0, 0
74600, 439592, 1, 0, 0
74702, 447308, 1, 0, 0
74804, 482441, 1, 0, 0
74903, 470816, 1, 0, 0
75024, 501098, 1, 0, 0
75101, 414669, 1, 0, 0
75218, 456353, 1, 0, 0
75308, 436715, 1, 0, 0
75404, 466157, 1, 0, 0
75517, 400388, 1, 0, 0
75612, 402670, 1, 0, 0
75703, 411307, 1, 0, 0
75802, 508634, 1, 0, 0
75901, 426304, 1, 0, 0
76007, 361088, 1, 0, 0
76101, 445887, 1, 0, 0
76209, 476276, 1, 0, 0
76307, 480301, 1, 0, 0
76400, 495154, 1, 0, 0
76502, 434394, 1, 0, 0
76604, 481629, 1, 0, 0
76707, 452900, 1, 0, 0
76804, 498077, 1, 0, 0
76910, 425267, 1, 0, 0
77001, 450801, 1, 0, 0
77105, 384395, 1, 0, 0
77205, 442803, 1, 0, 0
77312, 406093, 1, 0, 0
77410, 446889, 1, 0, 0
77508, 443605, 1, 0, 0
77602, 461756, 1, 0, 0
77712, 460623, 1, 0, 0
77804, 508988, 1, 0, 0
77900, 442068, 1, 0, 0
78003, 401627, 1, 0, 0
78102, 371845, 1, 0, 0
78203, 356089, 1, 0, 0
78312, 399158, 1, 0, 0
78407, 354184, 1, 0, 0
78503, 402483, 1, 0, 0
78625, 362481, 1, 0, 0
78703, 416186, 1, 0, 0
78809, 501335, 1, 0, 0
78901, 505914, 1, 0, 0
79005, 407008, 1, 0, 0
79104, 407956, 1, 0, 0
79203, 419552, 1, 0, 0
79310, 377578, 1, 0, 0
79407, 387809, 1, 0, 0
79500, 399225, 1, 0, 0
79608, 409765, 1, 0, 0
79700, 459445, 1, 0, 0
79803, 453673, 1, 0, 0
79901, 433906, 1, 0, 0
80003, 452114, 1, 0, 0
80102, 413682, 1, 0, 0
80202, 428129, 1, 0, 0
80303, 405718, 1, 0, 0
80403, 441904, 1, 0, 0
80500, 371866, 1, 0, 0
80611, 444167, 1, 0, 0
80700, 487414, 1, 0, 0
80807, 553456, 1, 0, 0
80907, 432832, 1, 0, 0
81000, 569937, 1, 0, 0
81104, 478832, 1, 0, 0
81200, 427292, 1, 0, 0
81301, 430423, 1, 0, 0
81402, 441349, 1, 0, 0
81509, 410816, 1, 0, 0
81600, 443928, 1, 0, 0
81701, 844102, 1, 0, 0
81801, 588917, 1, 0, 0
81900, 550045, 1, 0, 0
82001, 448073, 1, 0, 0
82114, 487790, 1, 0, 0
82204, 448974, 1, 0, 0
82304, 517896, 1, 0, 0
82408, 542927, 1, 0, 0
82505, 505764, 1, 0, 0
82602, 697355, 1, 0, 0
82718, 530844, 1, 0, 0
82800, 429371, 1, 0, 0
82904, 502739, 1, 0, 0
83008, 496299, 1, 0, 0
83102, 530285, 1, 0, 0
83205, 525114, 1, 0, 0
83309, 462096, 1, 0, 0
83402, 481899, 1, 0, 0
83516, 474466, 1, 0, 0
83601, 529083, 1, 0, 0
83702, 524569, 1, 0, 0
83800, 472635, 1, 0, 0
83903, 513461, 1, 0, 0
84006, 559031, 1, 0, 0
84101, 539842, 1, 0, 0
84203, 545126, 1, 0, 0
84313, 545051, 1, 0, 0
84402, 511213, 1, 0, 0
84503, 592528, 1, 0, 0
84600, 645671, 1, 0, 0
84707, 574976, 1, 0, 0
84801, 637039, 1, 0, 0
84900, 750100, 1, 0, 0
85001, 657923, 1, 0, 0
85102, 690851, 1, 0, 0
85202, 622234, 1, 0, 0
85303, 655578, 1, 0, 0
85404, 594075, 1, 0, 0
85504, 642590, 1, 0, 0
85603, 504315, 1, 0, 0
85729, 489679, 1, 0, 0
85805, 560137, 1, 0, 0
85903, 572103, 1, 0, 0
86001, 489294, 1, 0, 0
86105, 586586, 1, 0, 0
86201, 530219, 1, 0, 0
86302, 576436, 1, 0, 0
86402, 527739, 1, 0, 0
86505, 510282, 1, 0, 0
86604, 519301, 1, 0, 0
86702, 773932, 1, 0, 0
86809, 659271, 1, 0, 0
86907, 546691, 1, 0, 0
87012, 533158, 1, 0, 0
87100, 603939, 1, 0, 0
87210, 530611, 1, 0, 0
87300, 502743, 1, 0, 0
87418, 578881, 1, 0, 0
87501, 559686, 1, 0, 0
87601, 486305, 1, 0, 0
87703, 511412, 1, 0, 0
87800, 529982, 1, 0, 0
87904, 520808, 1, 0, 0
88001, 480035, 1, 0, 0
88102, 610236, 1, 0, 0
88211, 487974, 1, 0, 0
88309, 495456, 1, 0, 0
88403, 516619, 1, 0, 0
88500, 486170, 1, 0, 0
88615, 549926, 1, 0, 0
88701, 564354, 1, 0, 0
88800, 558370, 1, 0, 0
88904, 398805, 1, 0, 0
89002, 587026, 1, 0, 0
89102, 503872, 1, 0, 0
89205, 473137, 1, 0, 0
89307, 471770, 1, 0, 0
89408, 587099, 1, 0, 0
89506, 451940, 1, 0, 0
89603, 565126, 1, 0, 0
89701, 510381, 1, 0, 0
89803, 444270, 1, 0, 0
89907, 493813, 1, 0, 0
90019, 595185, 1, 0, 0
