100, 656893, 0, 0, 0
200, 661643, 0, 0, 0
300, 644221, 0, 0, 0
400, 643219, 0, 0, 0
500, 651356, 0, 0, 0
600, 658366, 0, 0, 0
700, 644404, 0, 0, 0
800, 648750, 0, 0, 0
900, 652587, 0, 0, 0
1000, 651362, 0, 0, 0
1100, 644323, 0, 0, 0
1200, 658775, 0, 0, 0
1300, 661669, 0, 0, 0
1400, 642930, 0, 0, 0
1500, 635580, 0, 0, 0
1600, 658135, 0, 0, 0
1700, 650777, 0, 0, 0
1800, 657093, 0, 0, 0
1900, 649099, 0, 0, 0
2000, 656754, 0, 0, 0
2100, 648492, 0, 0, 0
2200, 649627, 0, 0, 0
2300, 652992, 0, 0, 0
2400, 643157, 0, 0, 0
2500, 650141, 0, 0, 0
2600, 648679, 0, 0, 0
2700, 645170, 0, 0, 0
2800, 656789, 0, 0, 0
2900, 645989, 0, 0, 0
3000, 656835, 0, 0, 0
3100, 659114, 0, 0, 0
3200, 650290, 0, 0, 0
3300, 644320, 0, 0, 0
3400, 648643, 0, 0, 0
3500, 651320, 0, 0, 0
3600, 664306, 0, 0, 0
3700, 646098, 0, 0, 0
3800, 646937, 0, 0, 0
3900, 653656, 0, 0, 0
4000, 647184, 0, 0, 0
4100, 662859, 0, 0, 0
4200, 636507, 0, 0, 0
4300, 632571, 0, 0, 0
4400, 647412, 0, 0, 0
4500, 651569, 0, 0, 0
4600, 637060, 0, 0, 0
4700, 637894, 0, 0, 0
4800, 646780, 0, 0, 0
4900, 646532, 0, 0, 0
5000, 656277, 0, 0, 0
5100, 693377, 0, 0, 0
5200, 645858, 0, 0, 0
5300, 662356, 0, 0, 0
5400, 651921, 0, 0, 0
5500, 659639, 0, 0, 0
5600, 646156, 0, 0, 0
5700, 645693, 0, 0, 0
5800, 660575, 0, 0, 0
5900, 647718, 0, 0, 0
6000, 662689, 0, 0, 0
6100, 651684, 0, 0, 0
6200, 646705, 0, 0, 0
6300, 649254, 0, 0, 0
6400, 680290, 0, 0, 0
6500, 644729, 0, 0, 0
6600, 654444, 0, 0, 0
6700, 652979, 0, 0, 0
6800, 661073, 0, 0, 0
6900, 654203, 0, 0, 0
7000, 650657, 0, 0, 0
7100, 659110, 0, 0, 0
7200, 647651, 0, 0, 0
7300, 637777, 0, 0, 0
7400, 650623, 0, 0, 0
7500, 639096, 0, 0, 0
7600, 646571, 0, 0, 0
7700, 644079, 0, 0, 0
7800, 654108, 0, 0, 0
7900, 641431, 0, 0, 0
8000, 638219, 0, 0, 0
8100, 648300, 0, 0, 0
8200, 651901, 0, 0, 0
8300, 650474, 0, 0, 0
8400, 647521, 0, 0, 0
8500, 644670, 0, 0, 0
8600, 643059, 0, 0, 0
8700, 642176, 0, 0, 0
8800, 674442, 0, 0, 0
8900, 662025, 0, 0, 0
9000, 666601, 0, 0, 0
9100, 648002, 0, 0, 0
9200, 636290, 0, 0, 0
9300, 639250, 0, 0, 0
9400, 656433, 0, 0, 0
9500, 657165, 0, 0, 0
9600, 664435, 0, 0, 0
9700, 688441, 0, 0, 0
9800, 668646, 0, 0, 0
9900, 668759, 0, 0, 0
10000, 660138, 0, 0, 0
10100, 658939, 0, 0, 0
10200, 662975, 0, 0, 0
10300, 660332, 0, 0, 0
10400, 652710, 0, 0, 0
10500, 660662, 0, 0, 0
10600, 664837, 0, 0, 0
10700, 651966, 0, 0, 0
10800, 673609, 0, 0, 0
10900, 667877, 0, 0, 0
11000, 650119, 0, 0, 0
11100, 660048, 0, 0, 0
11200, 665556, 0, 0, 0
11300, 655904, 0, 0, 0
11400, 662940, 0, 0, 0
11500, 683586, 0, 0, 0
11600, 666476, 0, 0, 0
11700, 675857, 0, 0, 0
11800, 671548, 0, 0, 0
11900, 689264, 0, 0, 0
12000, 677797, 0, 0, 0
12100, 692538, 0, 0, 0
12200, 681937, 0, 0, 0
12300, 669316, 0, 0, 0
12400, 670116, 0, 0, 0
12500, 673922, 0, 0, 0
12600, 690828, 0, 0, 0
12700, 668038, 0, 0, 0
12800, 678098, 0, 0, 0
12900, 710508, 0, 0, 0
13000, 664343, 0, 0, 0
13100, 657052, 0, 0, 0
13200, 667487, 0, 0, 0
13300, 655264, 0, 0, 0
13400, 680407, 0, 0, 0
13500, 670130, 0, 0, 0
13600, 661958, 0, 0, 0
13700, 663119, 0, 0, 0
13800, 658767, 0, 0, 0
13900, 677093, 0, 0, 0
14000, 668090, 0, 0, 0
14100, 675006, 0, 0, 0
14200, 660877, 0, 0, 0
14300, 660949, 0, 0, 0
14400, 662304, 0, 0, 0
14500, 664680, 0, 0, 0
14600, 666986, 0, 0, 0
14700, 661151, 0, 0, 0
14800, 670184, 0, 0, 0
14900, 669941, 0, 0, 0
15000, 681870, 0, 0, 0
15100, 668275, 0, 0, 0
15200, 684004, 0, 0, 0
15300, 680052, 0, 0, 0
15400, 655688, 0, 0, 0
15500, 722170, 0, 0, 0
15600, 664529, 0, 0, 0
15700, 659736, 0, 0, 0
15800, 691453, 0, 0, 0
15900, 673458, 0, 0, 0
16000, 659032, 0, 0, 0
16100, 675327, 0, 0, 0
16200, 680492, 0, 0, 0
16300, 689526, 0, 0, 0
16400, 657226, 0, 0, 0
16500, 658623, 0, 0, 0
16600, 659992, 0, 0, 0
16700, 654037, 0, 0, 0
16800, 663821, 0, 0, 0
16900, 672146, 0, 0, 0
17000, 661375, 0, 0, 0
17100, 663364, 0, 0, 0
17200, 671376, 0, 0, 0
17300, 666228, 0, 0, 0
17400, 649217, 0, 0, 0
17500, 652336, 0, 0, 0
17600, 651683, 0, 0, 0
17700, 654606, 0, 0, 0
17800, 660875, 0, 0, 0
17900, 653974, 0, 0, 0
18000, 668683, 0, 0, 0
18100, 660766, 0, 0, 0
18200, 650514, 0, 0, 0
18300, 644882, 0, 0, 0
18400, 644537, 0, 0, 0
18500, 643314, 0, 0, 0
18600, 649665, 0, 0, 0
18700, 638703, 0, 0, 0
18800, 655567, 0, 0, 0
18900, 646957, 0, 0, 0
19000, 656412, 0, 0, 0
19100, 652345, 0, 0, 0
19200, 655750, 0, 0, 0
19300, 643017, 0, 0, 0
19400, 649610, 0, 0, 0
19500, 640195, 0, 0, 0
19600, 647762, 0, 0, 0
19700, 645557, 0, 0, 0
19800, 661486, 0, 0, 0
19900, 652198, 0, 0, 0
20000, 642322, 0, 0, 0
20100, 646681, 0, 0, 0
20200, 654214, 0, 0, 0
20300, 645109, 0, 0, 0
20400, 649884, 0, 0, 0
20500, 639448, 0, 0, 0
20600, 640243, 0, 0, 0
20700, 657489, 0, 0, 0
20800, 638289, 0, 0, 0
20900, 647161, 0, 0, 0
21000, 659921, 0, 0, 0
21100, 649063, 0, 0, 0
21200, 654858, 0, 0, 0
21300, 647882, 0, 0, 0
21400, 629063, 0, 0, 0
21500, 641041, 0, 0, 0
21600, 638022, 0, 0, 0
21700, 644408, 0, 0, 0
21800, 649700, 0, 0, 0
21900, 644038, 0, 0, 0
22000, 655792, 0, 0, 0
22100, 652497, 0, 0, 0
22200, 646959, 0, 0, 0
22300, 648859, 0, 0, 0
22401, 653985, 0, 0, 0
22500, 644400, 0, 0, 0
22600, 649865, 0, 0, 0
22700, 636242, 0, 0, 0
22800, 658978, 0, 0, 0
22900, 648643, 0, 0, 0
23000, 653485, 0, 0, 0
23100, 638168, 0, 0, 0
23200, 640209, 0, 0, 0
23300, 658737, 0, 0, 0
23400, 628882, 0, 0, 0
23500, 648209, 0, 0, 0
23600, 639853, 0, 0, 0
23700, 658175, 0, 0, 0
23800, 646866, 0, 0, 0
23900, 658522, 0, 0, 0
24000, 664128, 0, 0, 0
24100, 652047, 0, 0, 0
24200, 659932, 0, 0, 0
24300, 655703, 0, 0, 0
24400, 658784, 0, 0, 0
24500, 662246, 0, 0, 0
24600, 643773, 0, 0, 0
24700, 648747, 0, 0, 0
24800, 653804, 0, 0, 0
24900, 646322, 0, 0, 0
25000, 659590, 0, 0, 0
25100, 629813, 0, 0, 0
25200, 640518, 0, 0, 0
25300, 639587, 0, 0, 0
25400, 645233, 0, 0, 0
25500, 655452, 0, 0, 0
25600, 655757, 0, 0, 0
25700, 651701, 0, 0, 0
25800, 660157, 0, 0, 0
25900, 651143, 0, 0, 0
26000, 639418, 0, 0, 0
26100, 636148, 0, 0, 0
26200, 651073, 0, 0, 0
26300, 651888, 0, 0, 0
26400, 649961, 0, 0, 0
26500, 639116, 0, 0, 0
26600, 647244, 0, 0, 0
26700, 641299, 0, 0, 0
26800, 637241, 0, 0, 0
26900, 655216, 0, 0, 0
27000, 660483, 0, 0, 0
27100, 644650, 0, 0, 0
27200, 653601, 0, 0, 0
27300, 648136, 0, 0, 0
27400, 664969, 0, 0, 0
27500, 665799, 0, 0, 0
27600, 648464, 0, 0, 0
27700, 653799, 0, 0, 0
27800, 649421, 0, 0, 0
27900, 650983, 0, 0, 0
28000, 652143, 0, 0, 0
28100, 645195, 0, 0, 0
28200, 643615, 0, 0, 0
28300, 641892, 0, 0, 0
28400, 642668, 0, 0, 0
28500, 644087, 0, 0, 0
28600, 641045, 0, 0, 0
28700, 634016, 0, 0, 0
28800, 647281, 0, 0, 0
28900, 634034, 0, 0, 0
29000, 650036, 0, 0, 0
29100, 650912, 0, 0, 0
29200, 635945, 0, 0, 0
29300, 640312, 0, 0, 0
29400, 637701, 0, 0, 0
29500, 650085, 0, 0, 0
29600, 641800, 0, 0, 0
29700, 640037, 0, 0, 0
29800, 654451, 0, 0, 0
29900, 652138, 0, 0, 0
30000, 641423, 0, 0, 0
30100, 649185, 0, 0, 0
30200, 648054, 0, 0, 0
30300, 682431, 0, 0, 0
30400, 640711, 0, 0, 0
30500, 637213, 0, 0, 0
30600, 633266, 0, 0, 0
30700, 651006, 0, 0, 0
30800, 636785, 0, 0, 0
30900, 646740, 0, 0, 0
31000, 648048, 0, 0, 0
31100, 638636, 0, 0, 0
31200, 642589, 0, 0, 0
31300, 662311, 0, 0, 0
31400, 637954, 0, 0, 0
31500, 643833, 0, 0, 0
31600, 642490, 0, 0, 0
31700, 645300, 0, 0, 0
31800, 649617, 0, 0, 0
31900, 641635, 0, 0, 0
32000, 650988, 0, 0, 0
32100, 642122, 0, 0, 0
32200, 638952, 0, 0, 0
32300, 637650, 0, 0, 0
32400, 651414, 0, 0, 0
32500, 639407, 0, 0, 0
32600, 642973, 0, 0, 0
32700, 642054, 0, 0, 0
32800, 670588, 0, 0, 0
32900, 649678, 0, 0, 0
33000, 645838, 0, 0, 0
33100, 643355, 0, 0, 0
33200, 644780, 0, 0, 0
33300, 642643, 0, 0, 0
33400, 643916, 0, 0, 0
33500, 650377, 0, 0, 0
33600, 643456, 0, 0, 0
33700, 636147, 0, 0, 0
33800, 647247, 0, 0, 0
33900, 640671, 0, 0, 0
34000, 647149, 0, 0, 0
34100, 650629, 0, 0, 0
34200, 645599, 0, 0, 0
34300, 647010, 0, 0, 0
34400, 645604, 0, 0, 0
34500, 651364, 0, 0, 0
34600, 640570, 0, 0, 0
34700, 637881, 0, 0, 0
34800, 657015, 0, 0, 0
34900, 652138, 0, 0, 0
35000, 641404, 0, 0, 0
35100, 654660, 0, 0, 0
35200, 645614, 0, 0, 0
35300, 645892, 0, 0, 0
35400, 642609, 0, 0, 0
35500, 631556, 0, 0, 0
35600, 640530, 0, 0, 0
35700, 647972, 0, 0, 0
35800, 654919, 0, 0, 0
35900, 650671, 0, 0, 0
36000, 652598, 0, 0, 0
36100, 649614, 0, 0, 0
36200, 644725, 0, 0, 0
36300, 640869, 0, 0, 0
36400, 647481, 0, 0, 0
36500, 644235, 0, 0, 0
36600, 653232, 0, 0, 0
36700, 647491, 0, 0, 0
36800, 648874, 0, 0, 0
36900, 657138, 0, 0, 0
37000, 653634, 0, 0, 0
37100, 656748, 0, 0, 0
37200, 657901, 0, 0, 0
37300, 651439, 0, 0, 0
37400, 644991, 0, 0, 0
37500, 640253, 0, 0, 0
37600, 637932, 0, 0, 0
37700, 642071, 0, 0, 0
37800, 653101, 0, 0, 0
37900, 676116, 0, 0, 0
38000, 668270, 0, 0, 0
38100, 650113, 0, 0, 0
38200, 646085, 0, 0, 0
38300, 662361, 0, 0, 0
38400, 651422, 0, 0, 0
38500, 644206, 0, 0, 0
38600, 651272, 0, 0, 0
38700, 649269, 0, 0, 0
38800, 644372, 0, 0, 0
38900, 660484, 0, 0, 0
39000, 669640, 0, 0, 0
39100, 652234, 0, 0, 0
39200, 677839, 0, 0, 0
39300, 646576, 0, 0, 0
39400, 646150, 0, 0, 0
39500, 642293, 0, 0, 0
39600, 651348, 0, 0, 0
39700, 642098, 0, 0, 0
39800, 649747, 0, 0, 0
39900, 655179, 0, 0, 0
40000, 636667, 0, 0, 0
40100, 641929, 0, 0, 0
40200, 655484, 0, 0, 0
40300, 649090, 0, 0, 0
40400, 643681, 0, 0, 0
40500, 646760, 0, 0, 0
40600, 644275, 0, 0, 0
40700, 659018, 0, 0, 0
40800, 639880, 0, 0, 0
40900, 654819, 0, 0, 0
41000, 648408, 0, 0, 0
41100, 632618, 0, 0, 0
41200, 643191, 0, 0, 0
41300, 632132, 0, 0, 0
41400, 675918, 0, 0, 0
41500, 635111, 0, 0, 0
41600, 638551, 0, 0, 0
41700, 651671, 0, 0, 0
41800, 653473, 0, 0, 0
41900, 650124, 0, 0, 0
42000, 647631, 0, 0, 0
42100, 648081, 0, 0, 0
42200, 647923, 0, 0, 0
42300, 631914, 0, 0, 0
42400, 646198, 0, 0, 0
42500, 638329, 0, 0, 0
42600, 643290, 0, 0, 0
42700, 640225, 0, 0, 0
42800, 640191, 0, 0, 0
42900, 644430, 0, 0, 0
43000, 649043, 0, 0, 0
43100, 661897, 0, 0, 0
43200, 646699, 0, 0, 0
43300, 639026, 0, 0, 0
43400, 650449, 0, 0, 0
43500, 644654, 0, 0, 0
43600, 667910, 0, 0, 0
43700, 644700, 0, 0, 0
43800, 638810, 0, 0, 0
43900, 647533, 0, 0, 0
44000, 648876, 0, 0, 0
44100, 655355, 0, 0, 0
44201, 695715, 0, 0, 0
44300, 655085, 0, 0, 0
44400, 649055, 0, 0, 0
44500, 642907, 0, 0, 0
44600, 642057, 0, 0, 0
44700, 646836, 0, 0, 0
44800, 660267, 0, 0, 0
44900, 654110, 0, 0, 0
45000, 654004, 0, 0, 0
45100, 643501, 0, 0, 0
45200, 648074, 0, 0, 0
45300, 647553, 0, 0, 0
45400, 648906, 0, 0, 0
45500, 646711, 0, 0, 0
45600, 648026, 0, 0, 0
45700, 651267, 0, 0, 0
45800, 667595, 0, 0, 0
45900, 647905, 0, 0, 0
46003, 696017, 0, 0, 0
46100, 664021, 0, 0, 0
46200, 650436, 0, 0, 0
46300, 662624, 0, 0, 0
46400, 651891, 0, 0, 0
46500, 655427, 0, 0, 0
46600, 645290, 0, 0, 0
46700, 656535, 0, 0, 0
46800, 633476, 0, 0, 0
46900, 652286, 0, 0, 0
47000, 645740, 0, 0, 0
47100, 654233, 0, 0, 0
47200, 655544, 0, 0, 0
47300, 645249, 0, 0, 0
47400, 639850, 0, 0, 0
47500, 648344, 0, 0, 0
47600, 652451, 0, 0, 0
47700, 648580, 0, 0, 0
47800, 649662, 0, 0, 0
47900, 653728, 0, 0, 0
48000, 664947, 0, 0, 0
48100, 656599, 0, 0, 0
48200, 653508, 0, 0, 0
48300, 671585, 0, 0, 0
48400, 663022, 0, 0, 0
48500, 647692, 0, 0, 0
48600, 641211, 0, 0, 0
48700, 642270, 0, 0, 0
48800, 646346, 0, 0, 0
48900, 644030, 0, 0, 0
49000, 643134, 0, 0, 0
49100, 643886, 0, 0, 0
49200, 650293, 0, 0, 0
49300, 644810, 0, 0, 0
49400, 644390, 0, 0, 0
49500, 646023, 0, 0, 0
49600, 644974, 0, 0, 0
49700, 644265, 0, 0, 0
49800, 656003, 0, 0, 0
49900, 651170, 0, 0, 0
50000, 642434, 0, 0, 0
50100, 655866, 0, 0, 0
50200, 656232, 0, 0, 0
50300, 651303, 0, 0, 0
50400, 639701, 0, 0, 0
50500, 647419, 0, 0, 0
50600, 643265, 0, 0, 0
50700, 643844, 0, 0, 0
50800, 656948, 0, 0, 0
50900, 655438, 0, 0, 0
51000, 667774, 0, 0, 0
51100, 649347, 0, 0, 0
51200, 639881, 0, 0, 0
51300, 697420, 0, 0, 0
51400, 651760, 0, 0, 0
51500, 651125, 0, 0, 0
51600, 644869, 0, 0, 0
51700, 656781, 0, 0, 0
51800, 642534, 0, 0, 0
51900, 641502, 0, 0, 0
52000, 657099, 0, 0, 0
52100, 648395, 0, 0, 0
52200, 648918, 0, 0, 0
52300, 646514, 0, 0, 0
52400, 642088, 0, 0, 0
52500, 648009, 0, 0, 0
52600, 644261, 0, 0, 0
52700, 638368, 0, 0, 0
52800, 648274, 0, 0, 0
52900, 644419, 0, 0, 0
53000, 646730, 0, 0, 0
53100, 644471, 0, 0, 0
53200, 647470, 0, 0, 0
53300, 643336, 0, 0, 0
53400, 649519, 0, 0, 0
53500, 697568, 0, 0, 0
53600, 652837, 0, 0, 0
53700, 653583, 0, 0, 0
53800, 645853, 0, 0, 0
53900, 647536, 0, 0, 0
54000, 652057, 0, 0, 0
54100, 652156, 0, 0, 0
54200, 659120, 0, 0, 0
54300, 645904, 0, 0, 0
54400, 651957, 0, 0, 0
54500, 650977, 0, 0, 0
54600, 645756, 0, 0, 0
54700, 647190, 0, 0, 0
54800, 661720, 0, 0, 0
54900, 645749, 0, 0, 0
55000, 645570, 0, 0, 0
55100, 655288, 0, 0, 0
55200, 649876, 0, 0, 0
55300, 650530, 0, 0, 0
55400, 646988, 0, 0, 0
55500, 649301, 0, 0, 0
55600, 646533, 0, 0, 0
55700, 639014, 0, 0, 0
55800, 683023, 0, 0, 0
55900, 646099, 0, 0, 0
56000, 654140, 0, 0, 0
56100, 651558, 0, 0, 0
56200, 656730, 0, 0, 0
56300, 643540, 0, 0, 0
56400, 648752, 0, 0, 0
56500, 649702, 0, 0, 0
56600, 644356, 0, 0, 0
56700, 642872, 0, 0, 0
56800, 643714, 0, 0, 0
56900, 652326, 0, 0, 0
57000, 659724, 0, 0, 0
57100, 653534, 0, 0, 0
57200, 656522, 0, 0, 0
57300, 659139, 0, 0, 0
57400, 644329, 0, 0, 0
57500, 648766, 0, 0, 0
57600, 660596, 0, 0, 0
57700, 642406, 0, 0, 0
57800, 648507, 0, 0, 0
57900, 645092, 0, 0, 0
58000, 657496, 0, 0, 0
58100, 657853, 0, 0, 0
58200, 652417, 0, 0, 0
58300, 642635, 0, 0, 0
58400, 652099, 0, 0, 0
58500, 653306, 0, 0, 0
58600, 670585, 0, 0, 0
58700, 673538, 0, 0, 0
58800, 689859, 0, 0, 0
58900, 666465, 0, 0, 0
59000, 684253, 0, 0, 0
59100, 667809, 0, 0, 0
59200, 682517, 0, 0, 0
59300, 669926, 0, 0, 0
59400, 658507, 0, 0, 0
59500, 668454, 0, 0, 0
59600, 661521, 0, 0, 0
59700, 652569, 0, 0, 0
59800, 646697, 0, 0, 0
59900, 654087, 0, 0, 0
60000, 654418, 0, 0, 0
60100, 656173, 0, 0, 0
60200, 639701, 0, 0, 0
60300, 646330, 0, 0, 0
60400, 657497, 0, 0, 0
60500, 643849, 0, 0, 0
60600, 659944, 0, 0, 0
60700, 655487, 0, 0, 0
60800, 670770, 0, 0, 0
60900, 657736, 0, 0, 0
61000, 652802, 0, 0, 0
61100, 660789, 0, 0, 0
61200, 652959, 0, 0, 0
61300, 651677, 0, 0, 0
61400, 647325, 0, 0, 0
61500, 651145, 0, 0, 0
61600, 639911, 0, 0, 0
61700, 663591, 0, 0, 0
61800, 651658, 0, 0, 0
61900, 641467, 0, 0, 0
62000, 633083, 0, 0, 0
62100, 666209, 0, 0, 0
62200, 658433, 0, 0, 0
62300, 647684, 0, 0, 0
62400, 645979, 0, 0, 0
62500, 645089, 0, 0, 0
62600, 659893, 0, 0, 0
62700, 640957, 0, 0, 0
62800, 643402, 0, 0, 0
62900, 653886, 0, 0, 0
63000, 659434, 0, 0, 0
63100, 652081, 0, 0, 0
63200, 664574, 0, 0, 0
63300, 645917, 0, 0, 0
63400, 662387, 0, 0, 0
63500, 655840, 0, 0, 0
63600, 659392, 0, 0, 0
63700, 652749, 0, 0, 0
63800, 658507, 0, 0, 0
63900, 670676, 0, 0, 0
64000, 666210, 0, 0, 0
64100, 663374, 0, 0, 0
64200, 663913, 0, 0, 0
64300, 664781, 0, 0, 0
64400, 649989, 0, 0, 0
64500, 658681, 0, 0, 0
64600, 649262, 0, 0, 0
64700, 659488, 0, 0, 0
64800, 659854, 0, 0, 0
64900, 651361, 0, 0, 0
65000, 657792, 0, 0, 0
65100, 652990, 0, 0, 0
65200, 655495, 0, 0, 0
65300, 647935, 0, 0, 0
65400, 669987, 0, 0, 0
65500, 652218, 0, 0, 0
65600, 659363, 0, 0, 0
65700, 661984, 0, 0, 0
65800, 671210, 0, 0, 0
65900, 655810, 0, 0, 0
66000, 667489, 0, 0, 0
66100, 658458, 0, 0, 0
66200, 656983, 0, 0, 0
66300, 654857, 0, 0, 0
66400, 659658, 0, 0, 0
66500, 655463, 0, 0, 0
66600, 639807, 0, 0, 0
66700, 648269, 0, 0, 0
66800, 648055, 0, 0, 0
66900, 661090, 0, 0, 0
67000, 647494, 0, 0, 0
67100, 650467, 0, 0, 0
67200, 656671, 0, 0, 0
67300, 651559, 0, 0, 0
67400, 664786, 0, 0, 0
67500, 663271, 0, 0, 0
67600, 656062, 0, 0, 0
67700, 652134, 0, 0, 0
67800, 652490, 0, 0, 0
67900, 661560, 0, 0, 0
68000, 655548, 0, 0, 0
68100, 653950, 0, 0, 0
68200, 689055, 0, 0, 0
68300, 645237, 0, 0, 0
68400, 634882, 0, 0, 0
68500, 649529, 0, 0, 0
68600, 647855, 0, 0, 0
68700, 641951, 0, 0, 0
68800, 655881, 0, 0, 0
68900, 649323, 0, 0, 0
69000, 672899, 0, 0, 0
69100, 676125, 0, 0, 0
69200, 659112, 0, 0, 0
69300, 648621, 0, 0, 0
69400, 665240, 0, 0, 0
69500, 648563, 0, 0, 0
69600, 639579, 0, 0, 0
69700, 655189, 0, 0, 0
69800, 698576, 0, 0, 0
69900, 649608, 0, 0, 0
70000, 660268, 0, 0, 0
70100, 649462, 0, 0, 0
70200, 657598, 0, 0, 0
70300, 642722, 0, 0, 0
70400, 650169, 0, 0, 0
70500, 651112, 0, 0, 0
70600, 653251, 0, 0, 0
70700, 650329, 0, 0, 0
70800, 643862, 0, 0, 0
70900, 656893, 0, 0, 0
71000, 641676, 0, 0, 0
71100, 641540, 0, 0, 0
71200, 674182, 0, 0, 0
71300, 648923, 0, 0, 0
71400, 656506, 0, 0, 0
71500, 645389, 0, 0, 0
71600, 640017, 0, 0, 0
71700, 648415, 0, 0, 0
71800, 639437, 0, 0, 0
71900, 650229, 0, 0, 0
72000, 649040, 0, 0, 0
72100, 653408, 0, 0, 0
72200, 673458, 0, 0, 0
72300, 651181, 0, 0, 0
72400, 647327, 0, 0, 0
72500, 641040, 0, 0, 0
72600, 646134, 0, 0, 0
72700, 648132, 0, 0, 0
72800, 657259, 0, 0, 0
72900, 652243, 0, 0, 0
73000, 646016, 0, 0, 0
73100, 653403, 0, 0, 0
73200, 659386, 0, 0, 0
73300, 654319, 0, 0, 0
73400, 642334, 0, 0, 0
73500, 644552, 0, 0, 0
73600, 644732, 0, 0, 0
73700, 639546, 0, 0, 0
73800, 643312, 0, 0, 0
73900, 649802, 0, 0, 0
74000, 659336, 0, 0, 0
74100, 650200, 0, 0, 0
74200, 674209, 0, 0, 0
74300, 673224, 0, 0, 0
74400, 638997, 0, 0, 0
74500, 653062, 0, 0, 0
74600, 638155, 0, 0, 0
74700, 645198, 0, 0, 0
74800, 647220, 0, 0, 0
74900, 655086, 0, 0, 0
75000, 651833, 0, 0, 0
75100, 657384, 0, 0, 0
75200, 656234, 0, 0, 0
75300, 640543, 0, 0, 0
75400, 652567, 0, 0, 0
75500, 660438, 0, 0, 0
75600, 647109, 0, 0, 0
75700, 647221, 0, 0, 0
75800, 665270, 0, 0, 0
75900, 652776, 0, 0, 0
76000, 662355, 0, 0, 0
76100, 648586, 0, 0, 0
76200, 659976, 0, 0, 0
76300, 650464, 0, 0, 0
76400, 641523, 0, 0, 0
76500, 639238, 0, 0, 0
76600, 670032, 0, 0, 0
76700, 650889, 0, 0, 0
76800, 650952, 0, 0, 0
76900, 650210, 0, 0, 0
77000, 640295, 0, 0, 0
77100, 635728, 0, 0, 0
77200, 640469, 0, 0, 0
77300, 645207, 0, 0, 0
77400, 645808, 0, 0, 0
77500, 649129, 0, 0, 0
77600, 662476, 0, 0, 0
77700, 652531, 0, 0, 0
77800, 648695, 0, 0, 0
77900, 653601, 0, 0, 0
78000, 654973, 0, 0, 0
78100, 647821, 0, 0, 0
78200, 651450, 0, 0, 0
78300, 655083, 0, 0, 0
78400, 643321, 0, 0, 0
78500, 652933, 0, 0, 0
78600, 649068, 0, 0, 0
78700, 652751, 0, 0, 0
78800, 639489, 0, 0, 0
78900, 650292, 0, 0, 0
79000, 642661, 0, 0, 0
79100, 645668, 0, 0, 0
79200, 642900, 0, 0, 0
79300, 648271, 0, 0, 0
79400, 655468, 0, 0, 0
79500, 700482, 0, 0, 0
79600, 667818, 0, 0, 0
79700, 655349, 0, 0, 0
79800, 631965, 0, 0, 0
79900, 642269, 0, 0, 0
80000, 645202, 0, 0, 0
80100, 650262, 0, 0, 0
80200, 645949, 0, 0, 0
80300, 642250, 0, 0, 0
80400, 651575, 0, 0, 0
80500, 642241, 0, 0, 0
80600, 643149, 0, 0, 0
80700, 648508, 0, 0, 0
80800, 640519, 0, 0, 0
80900, 647586, 0, 0, 0
81000, 667522, 0, 0, 0
81100, 648608, 0, 0, 0
81200, 647871, 0, 0, 0
81300, 646084, 0, 0, 0
81400, 645475, 0, 0, 0
81500, 649196, 0, 0, 0
81600, 648170, 0, 0, 0
81700, 656228, 0, 0, 0
81800, 647438, 0, 0, 0
81900, 639537, 0, 0, 0
82000, 634807, 0, 0, 0
82100, 648809, 0, 0, 0
82200, 650750, 0, 0, 0
82300, 644048, 0, 0, 0
82400, 642492, 0, 0, 0
82500, 647727, 0, 0, 0
82600, 680765, 0, 0, 0
82700, 651563, 0, 0, 0
82800, 651000, 0, 0, 0
82900, 654659, 0, 0, 0
83000, 649356, 0, 0, 0
83100, 651286, 0, 0, 0
83200, 654103, 0, 0, 0
83300, 671196, 0, 0, 0
83400, 654868, 0, 0, 0
83500, 637101, 0, 0, 0
83600, 638513, 0, 0, 0
83700, 632972, 0, 0, 0
83800, 638798, 0, 0, 0
83900, 653272, 0, 0, 0
84000, 644589, 0, 0, 0
84100, 646219, 0, 0, 0
84200, 644743, 0, 0, 0
84300, 644668, 0, 0, 0
84400, 646239, 0, 0, 0
84500, 644524, 0, 0, 0
84600, 661792, 0, 0, 0
84700, 663789, 0, 0, 0
84800, 642283, 0, 0, 0
84900, 654894, 0, 0, 0
85000, 650994, 0, 0, 0
85100, 652815, 0, 0, 0
85200, 649232, 0, 0, 0
85300, 651407, 0, 0, 0
85400, 650626, 0, 0, 0
85500, 650718, 0, 0, 0
85600, 652663, 0, 0, 0
85700, 654041, 0, 0, 0
85800, 661948, 0, 0, 0
85900, 641927, 0, 0, 0
86000, 651198, 0, 0, 0
86100, 653267, 0, 0, 0
86200, 652444, 0, 0, 0
86300, 661512, 0, 0, 0
86400, 672151, 0, 0, 0
86500, 640178, 0, 0, 0
86600, 642107, 0, 0, 0
86700, 649976, 0, 0, 0
86800, 649688, 0, 0, 0
86900, 636731, 0, 0, 0
87000, 660743, 0, 0, 0
87100, 642829, 0, 0, 0
87200, 654250, 0, 0, 0
87300, 651800, 0, 0, 0
87400, 646564, 0, 0, 0
87500, 627636, 0, 0, 0
87600, 655034, 0, 0, 0
87700, 644508, 0, 0, 0
87800, 638880, 0, 0, 0
87900, 643127, 0, 0, 0
88000, 651793, 0, 0, 0
88100, 657134, 0, 0, 0
88200, 641624, 0, 0, 0
88300, 648898, 0, 0, 0
88400, 650259, 0, 0, 0
88500, 641118, 0, 0, 0
88600, 643994, 0, 0, 0
88700, 663236, 0, 0, 0
88800, 643437, 0, 0, 0
88900, 656564, 0, 0, 0
89000, 658807, 0, 0, 0
89100, 652147, 0, 0, 0
89200, 685304, 0, 0, 0
89300, 646437, 0, 0, 0
89400, 641452, 0, 0, 0
89500, 642851, 0, 0, 0
89600, 657562, 0, 0, 0
89700, 654657, 0, 0, 0
89800, 666066, 0, 0, 0
89900, 645578, 0, 0, 0
90003, 675730, 0, 0, 0
