114, 14257340, 1, 0, 0
202, 14678717, 1, 0, 0
304, 14538200, 1, 0, 0
406, 14663227, 1, 0, 0
503, 12141291, 1, 0, 0
604, 14420882, 1, 0, 0
709, 14994157, 1, 0, 0
805, 13581621, 1, 0, 0
903, 14070381, 1, 0, 0
1013, 12216001, 1, 0, 0
1101, 14597031, 1, 0, 0
1207, 15136147, 1, 0, 0
1309, 14674373, 1, 0, 0
1412, 14646946, 1, 0, 0
1513, 12619280, 1, 0, 0
1602, 14895679, 1, 0, 0
1706, 17323313, 1, 0, 0
1800, 18663196, 1, 0, 0
1902, 17051251, 1, 0, 0
2010, 15441646, 1, 0, 0
2112, 14575858, 1, 0, 0
2202, 12729826, 1, 0, 0
2314, 16018236, 1, 0, 0
2400, 17203002, 1, 0, 0
2501, 16874782, 1, 0, 0
2623, 20316238, 1, 0, 0
2713, 18012332, 1, 0, 0
2804, 18131529, 1, 0, 0
2917, 14204866, 1, 0, 0
3008, 15075017, 1, 0, 0
3102, 10449600, 1, 0, 0
3203, 11187531, 1, 0, 0
3310, 15286949, 1, 0, 0
3404, 11787618, 1, 0, 0
3500, 10640848, 1, 0, 0
3602, 11346602, 1, 0, 0
3707, 13059100, 1, 0, 0
3804, 16247364, 1, 0, 0
3907, 20619209, 1, 0, 0
4016, 18030479, 1, 0, 0
4110, 18814901, 1, 0, 0
4210, 20109030, 1, 0, 0
4300, 17908331, 1, 0, 0
4413, 18766584, 1, 0, 0
4504, 13035518, 1, 0, 0
4600, 13708653, 1, 0, 0
4711, 13861074, 1, 0, 0
4805, 15727203, 1, 0, 0
4902, 12039405, 1, 0, 0
5005, 10311550, 1, 0, 0
5104, 14127469, 1, 0, 0
5206, 17084468, 1, 0, 0
5314, 26990920, 1, 0, 0
5411, 19297432, 1, 0, 0
5505, 13481939, 1, 0, 0
5606, 20127751, 1, 0, 0
5718, 18681629, 1, 0, 0
5821, 20536111, 1, 0, 0
5910, 14903888, 1, 0, 0
6006, 11959450, 1, 0, 0
6109, 12947303, 1, 0, 0
6200, 15089350, 1, 0, 0
6303, 14754657, 1, 0, 0
6401, 14008397, 1, 0, 0
6510, 15553256, 1, 0, 0
6604, 11727915, 1, 0, 0
6708, 12911474, 1, 0, 0
6809, 14540443, 1, 0, 0
6909, 12409989, 1, 0, 0
7013, 10407211, 1, 0, 0
7106, 13270185, 1, 0, 0
7219, 14102823, 1, 0, 0
7304, 12195370, 1, 0, 0
7401, 13786160, 1, 0, 0
7507, 15181417, 1, 0, 0
7607, 12524484, 1, 0, 0
7713, 13198891, 1, 0, 0
7801, 12597287, 1, 0, 0
7912, 13834644, 1, 0, 0
8013, 14417129, 1, 0, 0
8100, 14598102, 1, 0, 0
8200, 14239635, 1, 0, 0
8308, 13450647, 1, 0, 0
8404, 13764002, 1, 0, 0
8503, 14068285, 1, 0, 0
8608, 14981387, 1, 0, 0
8714, 15207662, 1, 0, 0
8805, 15115142, 1, 0, 0
8907, 14573668, 1, 0, 0
9000, 13369567, 1, 0, 0
9105, 17404316, 1, 0, 0
9212, 13335619, 1, 0, 0
9310, 12249563, 1, 0, 0
9400, 14992369, 1, 0, 0
9504, 14881247, 1, 0, 0
9613, 15624996, 1, 0, 0
9707, 11643713, 1, 0, 0
9808, 12726362, 1, 0, 0
9908, 11110185, 1, 0, 0
10008, 12494059, 1, 0, 0
10102, 11719242, 1, 0, 0
10203, 14351623, 1, 0, 0
10313, 13725895, 1, 0, 0
10401, 14675595, 1, 0, 0
10506, 14976837, 1, 0, 0
10612, 11850636, 1, 0, 0
10707, 15776417, 1, 0, 0
10809, 14613813, 1, 0, 0
10905, 15948828, 1, 0, 0
11010, 10500231, 1, 0, 0
11112, 14593441, 1, 0, 0
11202, 14891726, 1, 0, 0
11300, 14010939, 1, 0, 0
11400, 14266190, 1, 0, 0
11510, 13815519, 1, 0, 0
11612, 14522158, 1, 0, 0
11704, 10252510, 1, 0, 0
11802, 12202961, 1, 0, 0
11903, 14505132, 1, 0, 0
12005, 12668642, 1, 0, 0
12106, 14372228, 1, 0, 0
12214, 13581321, 1, 0, 0
12304, 14979003, 1, 0, 0
12402, 13931221, 1, 0, 0
12502, 14287163, 1, 0, 0
12603, 14530134, 1, 0, 0
12700, 12065016, 1, 0, 0
12812, 12464295, 1, 0, 0
12902, 12846497, 1, 0, 0
13007, 14996282, 1, 0, 0
13113, 15083047, 1, 0, 0
13219, 13286366, 1, 0, 0
13311, 13149258, 1, 0, 0
13413, 14465281, 1, 0, 0
13504, 15261921, 1, 0, 0
13608, 14887536, 1, 0, 0
13712, 12888092, 1, 0, 0
13804, 13126656, 1, 0, 0
13911, 11912790, 1, 0, 0
14008, 13830369, 1, 0, 0
14112, 11636032, 1, 0, 0
14202, 14845236, 1, 0, 0
14301, 14161817, 1, 0, 0
14400, 14136413, 1, 0, 0
14500, 12546737, 1, 0, 0
14602, 11360848, 1, 0, 0
14707, 13100385, 1, 0, 0
14806, 14071131, 1, 0, 0
14912, 13268970, 1, 0, 0
15011, 14064881, 1, 0, 0
15110, 12438078, 1, 0, 0
15209, 14187879, 1, 0, 0
15307, 12214340, 1, 0, 0
15405, 12221195, 1, 0, 0
15509, 12984559, 1, 0, 0
15613, 14893562, 1, 0, 0
15713, 14181088, 1, 0, 0
15807, 13447715, 1, 0, 0
15902, 13614511, 1, 0, 0
16003, 12568989, 1, 0, 0
16104, 12651476, 1, 0, 0
16209, 13066641, 1, 0, 0
16300, 13072789, 1, 0, 0
16413, 12554701, 1, 0, 0
16506, 15425254, 1, 0, 0
16617, 18601497, 1, 0, 0
16709, 13044084, 1, 0, 0
16802, 13386840, 1, 0, 0
16906, 14738706, 1, 0, 0
17010, 14948227, 1, 0, 0
17117, 15280906, 1, 0, 0
17205, 10938248, 1, 0, 0
17304, 12413732, 1, 0, 0
17403, 14141937, 1, 0, 0
17504, 14443579, 1, 0, 0
17604, 14190610, 1, 0, 0
17706, 12798129, 1, 0, 0
17808, 14477706, 1, 0, 0
17910, 12813558, 1, 0, 0
18010, 14283122, 1, 0, 0
18111, 14436437, 1, 0, 0
18202, 15067611, 1, 0, 0
18304, 14648032, 1, 0, 0
18405, 14415910, 1, 0, 0
18511, 13159297, 1, 0, 0
18600, 14830028, 1, 0, 0
18705, 13117157, 1, 0, 0
18806, 12684321, 1, 0, 0
18901, 13494892, 1, 0, 0
19008, 13363267, 1, 0, 0
19108, 14393971, 1, 0, 0
19200, 13030013, 1, 0, 0
19302, 14608126, 1, 0, 0
19408, 15174696, 1, 0, 0
19502, 13403215, 1, 0, 0
19608, 13190746, 1, 0, 0
19706, 12264957, 1, 0, 0
19810, 12968517, 1, 0, 0
19904, 15709196, 1, 0, 0
20005, 14478579, 1, 0, 0
20103, 14001918, 1, 0, 0
20211, 11970888, 1, 0, 0
20300, 14732891, 1, 0, 0
20405, 17563077, 1, 0, 0
20507, 11354676, 1, 0, 0
20603, 9617492, 1, 0, 0
20706, 11376588, 1, 0, 0
20811, 14958370, 1, 0, 0
20903, 11499863, 1, 0, 0
21005, 14644124, 1, 0, 0
21138, 18978178, 1, 0, 0
21200, 12330630, 1, 0, 0
21310, 13716093, 1, 0, 0
21410, 14327085, 1, 0, 0
21500, 14991339, 1, 0, 0
21613, 14176587, 1, 0, 0
21703, 14948123, 1, 0, 0
21809, 13265575, 1, 0, 0
21900, 12956400, 1, 0, 0
22003, 12931871, 1, 0, 0
22114, 13799579, 1, 0, 0
22207, 11691051, 1, 0, 0
22300, 13266814, 1, 0, 0
22400, 14202581, 1, 0, 0
22506, 13293033, 1, 0, 0
22601, 10552175, 1, 0, 0
22701, 14306869, 1, 0, 0
22801, 14168418, 1, 0, 0
22906, 14999623, 1, 0, 0
23004, 14060612, 1, 0, 0
23101, 13866176, 1, 0, 0
23205, 12998535, 1, 0, 0
23307, 14572467, 1, 0, 0
23418, 15841229, 1, 0, 0
23502, 10435611, 1, 0, 0
23603, 14458947, 1, 0, 0
23702, 14093508, 1, 0, 0
23805, 14675561, 1, 0, 0
23906, 16942577, 1, 0, 0
24014, 17942405, 1, 0, 0
24104, 11304385, 1, 0, 0
24203, 12340538, 1, 0, 0
24300, 13762176, 1, 0, 0
24400, 14313578, 1, 0, 0
24503, 12858814, 1, 0, 0
24612, 13599622, 1, 0, 0
24701, 12828659, 1, 0, 0
24801, 12468605, 1, 0, 0
24912, 13818034, 1, 0, 0
25006, 15692737, 1, 0, 0
25111, 13191342, 1, 0, 0
25207, 13582472, 1, 0, 0
25312, 11694057, 1, 0, 0
25408, 16037241, 1, 0, 0
25513, 11659833, 1, 0, 0
25603, 14970054, 1, 0, 0
25708, 14975134, 1, 0, 0
25811, 14755304, 1, 0, 0
25904, 13309497, 1, 0, 0
26015, 13826703, 1, 0, 0
26101, 14283525, 1, 0, 0
26204, 12932004, 1, 0, 0
26303, 14084538, 1, 0, 0
26401, 13996468, 1, 0, 0
26506, 13158144, 1, 0, 0
26600, 11643768, 1, 0, 0
26709, 15678412, 1, 0, 0
26819, 12229436, 1, 0, 0
26902, 13794429, 1, 0, 0
27000, 13994347, 1, 0, 0
27103, 14643469, 1, 0, 0
27208, 14985743, 1, 0, 0
27302, 13394850, 1, 0, 0
27406, 13037598, 1, 0, 0
27511, 14984255, 1, 0, 0
27601, 14999087, 1, 0, 0
27703, 14520527, 1, 0, 0
27804, 14492414, 1, 0, 0
27908, 13028546, 1, 0, 0
28012, 14797696, 1, 0, 0
28101, 12728238, 1, 0, 0
28204, 14767428, 1, 0, 0
28307, 14699530, 1, 0, 0
28414, 11799017, 1, 0, 0
28501, 14633378, 1, 0, 0
28607, 15018043, 1, 0, 0
28710, 14760333, 1, 0, 0
28804, 15595223, 1, 0, 0
28901, 13958373, 1, 0, 0
29001, 12498506, 1, 0, 0
29101, 14183945, 1, 0, 0
29201, 14303950, 1, 0, 0
29307, 15198596, 1, 0, 0
29421, 22780314, 1, 0, 0
29514, 23087480, 1, 0, 0
29607, 23444761, 1, 0, 0
29722, 22932961, 1, 0, 0
29814, 22985660, 1, 0, 0
29906, 22884347, 1, 0, 0
30002, 19242760, 1, 0, 0
30118, 23199655, 1, 0, 0
30215, 24186871, 1, 0, 0
30311, 24058052, 1, 0, 0
30410, 24697740, 1, 0, 0
30504, 18922531, 1, 0, 0
30622, 23513143, 1, 0, 0
30713, 12960715, 1, 0, 0
30804, 15120506, 1, 0, 0
30905, 14547133, 1, 0, 0
31007, 14469463, 1, 0, 0
31100, 13387530, 1, 0, 0
31207, 15166327, 1, 0, 0
31310, 14752130, 1, 0, 0
31403, 15442062, 1, 0, 0
31511, 15402647, 1, 0, 0
31601, 15040245, 1, 0, 0
31706, 13164283, 1, 0, 0
31807, 14334338, 1, 0, 0
31907, 12573684, 1, 0, 0
32000, 15546911, 1, 0, 0
32100, 14250180, 1, 0, 0
32202, 14586692, 1, 0, 0
32321, 14821732, 1, 0, 0
32410, 17864157, 1, 0, 0
32512, 14547717, 1, 0, 0
32603, 12894269, 1, 0, 0
32707, 13115767, 1, 0, 0
32809, 14443716, 1, 0, 0
32915, 17671825, 1, 0, 0
33000, 21202878, 1, 0, 0
33104, 17463762, 1, 0, 0
33203, 19723661, 1, 0, 0
33308, 17475542, 1, 0, 0
33425, 19449154, 1, 0, 0
33503, 19605746, 1, 0, 0
33614, 18471390, 1, 0, 0
33715, 20257534, 1, 0, 0
33807, 18361651, 1, 0, 0
33902, 19077239, 1, 0, 0
34022, 19911487, 1, 0, 0
34100, 19518416, 1, 0, 0
34218, 19682273, 1, 0, 0
34309, 22766095, 1, 0, 0
34402, 23291935, 1, 0, 0
34521, 23669017, 1, 0, 0
34614, 23339877, 1, 0, 0
34706, 23039709, 1, 0, 0
34800, 23465093, 1, 0, 0
34920, 23852672, 1, 0, 0
35013, 23411334, 1, 0, 0
35107, 15632090, 1, 0, 0
35201, 15731205, 1, 0, 0
35311, 18279178, 1, 0, 0
35404, 13255949, 1, 0, 0
35511, 15316401, 1, 0, 0
35603, 15211759, 1, 0, 0
35702, 14241228, 1, 0, 0
35804, 14551252, 1, 0, 0
35910, 11734742, 1, 0, 0
36009, 16565060, 1, 0, 0
36103, 13408977, 1, 0, 0
36209, 15102280, 1, 0, 0
36316, 15262558, 1, 0, 0
36402, 14378387, 1, 0, 0
36504, 12765659, 1, 0, 0
36612, 11931691, 1, 0, 0
36703, 11398470, 1, 0, 0
36810, 15216879, 1, 0, 0
36900, 15105057, 1, 0, 0
37015, 16367111, 1, 0, 0
37110, 11862821, 1, 0, 0
37200, 15015138, 1, 0, 0
37309, 13683597, 1, 0, 0
37405, 15964337, 1, 0, 0
37501, 13651466, 1, 0, 0
37610, 12140030, 1, 0, 0
37706, 13699280, 1, 0, 0
37807, 12569623, 1, 0, 0
37909, 14635148, 1, 0, 0
38008, 14137914, 1, 0, 0
38111, 14734302, 1, 0, 0
38200, 14779054, 1, 0, 0
38312, 12438323, 1, 0, 0
38401, 14819357, 1, 0, 0
38505, 12996980, 1, 0, 0
38609, 14866533, 1, 0, 0
38705, 13645952, 1, 0, 0
38808, 14754036, 1, 0, 0
38906, 16304559, 1, 0, 0
39002, 16039333, 1, 0, 0
39105, 14754822, 1, 0, 0
39206, 14300026, 1, 0, 0
39306, 12521931, 1, 0, 0
39408, 14611069, 1, 0, 0
39514, 15135896, 1, 0, 0
39602, 14688635, 1, 0, 0
39712, 12219224, 1, 0, 0
39801, 14749762, 1, 0, 0
39904, 14689255, 1, 0, 0
40010, 13265725, 1, 0, 0
40113, 14720754, 1, 0, 0
40204, 15224562, 1, 0, 0
40303, 14026368, 1, 0, 0
40401, 14075934, 1, 0, 0
40501, 14212790, 1, 0, 0
40601, 14354424, 1, 0, 0
40704, 14681289, 1, 0, 0
40810, 13302458, 1, 0, 0
40912, 14463759, 1, 0, 0
41011, 14223902, 1, 0, 0
41112, 12528592, 1, 0, 0
41214, 14564087, 1, 0, 0
41300, 14376546, 1, 0, 0
41412, 11170267, 1, 0, 0
41511, 12440490, 1, 0, 0
41614, 14649917, 1, 0, 0
41700, 14385835, 1, 0, 0
41809, 12069265, 1, 0, 0
41915, 15099602, 1, 0, 0
42004, 14839765, 1, 0, 0
42109, 13195278, 1, 0, 0
42212, 12870283, 1, 0, 0
42303, 11302842, 1, 0, 0
42417, 16318112, 1, 0, 0
42508, 13063759, 1, 0, 0
42614, 15052674, 1, 0, 0
42705, 13040599, 1, 0, 0
42808, 14661740, 1, 0, 0
42909, 12596969, 1, 0, 0
43000, 13034733, 1, 0, 0
43103, 14706032, 1, 0, 0
43206, 12921253, 1, 0, 0
43308, 14520222, 1, 0, 0
43410, 14585926, 1, 0, 0
43501, 15069696, 1, 0, 0
43601, 14297329, 1, 0, 0
43707, 15201161, 1, 0, 0
43813, 13266991, 1, 0, 0
43902, 14765352, 1, 0, 0
44012, 13695961, 1, 0, 0
44112, 14304769, 1, 0, 0
44211, 14088988, 1, 0, 0
44300, 14932588, 1, 0, 0
44408, 15439607, 1, 0, 0
44511, 14636018, 1, 0, 0
44605, 13502949, 1, 0, 0
44718, 14141017, 1, 0, 0
44802, 11888314, 1, 0, 0
44905, 14768233, 1, 0, 0
45016, 13884595, 1, 0, 0
45108, 13030058, 1, 0, 0
45202, 13418145, 1, 0, 0
45309, 15359120, 1, 0, 0
45413, 13027738, 1, 0, 0
45503, 15013099, 1, 0, 0
45610, 11791672, 1, 0, 0
45714, 13016862, 1, 0, 0
45812, 13988791, 1, 0, 0
45914, 14533849, 1, 0, 0
46003, 14819331, 1, 0, 0
46111, 13554155, 1, 0, 0
46200, 12778383, 1, 0, 0
46301, 14318940, 1, 0, 0
46406, 15092364, 1, 0, 0
46516, 15653373, 1, 0, 0
46605, 14854705, 1, 0, 0
46707, 12659232, 1, 0, 0
46801, 13441624, 1, 0, 0
46904, 14731920, 1, 0, 0
47006, 14583312, 1, 0, 0
47105, 16469584, 1, 0, 0
47212, 13436704, 1, 0, 0
47303, 12880206, 1, 0, 0
47410, 15279685, 1, 0, 0
47512, 14624484, 1, 0, 0
47608, 13702860, 1, 0, 0
47720, 15947227, 1, 0, 0
47811, 11390286, 1, 0, 0
47915, 14895001, 1, 0, 0
48015, 14218172, 1, 0, 0
48107, 11523022, 1, 0, 0
48201, 13419232, 1, 0, 0
48308, 15249016, 1, 0, 0
48402, 15646062, 1, 0, 0
48505, 11509142, 1, 0, 0
48605, 14242855, 1, 0, 0
48705, 14355894, 1, 0, 0
48804, 14112773, 1, 0, 0
48908, 12914873, 1, 0, 0
49009, 12679469, 1, 0, 0
49113, 14862745, 1, 0, 0
49201, 14647205, 1, 0, 0
49306, 14941719, 1, 0, 0
49413, 15342094, 1, 0, 0
49503, 12836159, 1, 0, 0
49605, 12704642, 1, 0, 0
49710, 13157299, 1, 0, 0
49800, 15057538, 1, 0, 0
49915, 16390092, 1, 0, 0
50008, 11642760, 1, 0, 0
50100, 22924126, 1, 0, 0
50217, 23330294, 1, 0, 0
50311, 23427227, 1, 0, 0
50408, 19511659, 1, 0, 0
50502, 23450036, 1, 0, 0
50600, 24444632, 1, 0, 0
50722, 24519013, 1, 0, 0
50817, 23718533, 1, 0, 0
50911, 23419843, 1, 0, 0
51005, 18725897, 1, 0, 0
51120, 19246565, 1, 0, 0
51214, 23509103, 1, 0, 0
51308, 23512708, 1, 0, 0
51404, 11907940, 1, 0, 0
51505, 14467600, 1, 0, 0
51609, 14937063, 1, 0, 0
51707, 12220255, 1, 0, 0
51801, 15609902, 1, 0, 0
51907, 15129038, 1, 0, 0
52004, 13912747, 1, 0, 0
52105, 14423412, 1, 0, 0
52213, 13420670, 1, 0, 0
52301, 14656409, 1, 0, 0
52404, 14693840, 1, 0, 0
52504, 14340723, 1, 0, 0
52615, 13817022, 1, 0, 0
52702, 12534244, 1, 0, 0
52808, 15047223, 1, 0, 0
52905, 13846322, 1, 0, 0
53011, 13246004, 1, 0, 0
53104, 15537138, 1, 0, 0
53210, 15135717, 1, 0, 0
53302, 15326681, 1, 0, 0
53401, 16558288, 1, 0, 0
53500, 14039489, 1, 0, 0
53609, 13648363, 1, 0, 0
53706, 13820533, 1, 0, 0
53810, 12981617, 1, 0, 0
53914, 13061918, 1, 0, 0
54010, 13734666, 1, 0, 0
54113, 14660703, 1, 0, 0
54203, 12914207, 1, 0, 0
54306, 14659789, 1, 0, 0
54411, 15006306, 1, 0, 0
54506, 13574216, 1, 0, 0
54606, 19876281, 1, 0, 0
54723, 16784693, 1, 0, 0
54814, 18133893, 1, 0, 0
54905, 18170548, 1, 0, 0
55008, 17175432, 1, 0, 0
55108, 16761140, 1, 0, 0
55204, 19111242, 1, 0, 0
55305, 16822914, 1, 0, 0
55416, 18473160, 1, 0, 0
55515, 19808211, 1, 0, 0
55602, 17422085, 1, 0, 0
55708, 17698771, 1, 0, 0
55811, 17080568, 1, 0, 0
55903, 18365504, 1, 0, 0
56000, 19433774, 1, 0, 0
56108, 18076668, 1, 0, 0
56204, 13713113, 1, 0, 0
56308, 14773890, 1, 0, 0
56403, 15773389, 1, 0, 0
56502, 14194064, 1, 0, 0
56606, 14808978, 1, 0, 0
56711, 13176868, 1, 0, 0
56823, 14009968, 1, 0, 0
56901, 12900891, 1, 0, 0
57005, 14896170, 1, 0, 0
57112, 15248986, 1, 0, 0
57213, 16876242, 1, 0, 0
57302, 12656901, 1, 0, 0
57403, 14447046, 1, 0, 0
57513, 15774156, 1, 0, 0
57609, 11923221, 1, 0, 0
57708, 14173667, 1, 0, 0
57812, 14841200, 1, 0, 0
57908, 15991838, 1, 0, 0
58013, 13064517, 1, 0, 0
58101, 14740129, 1, 0, 0
58207, 15169286, 1, 0, 0
58310, 14675217, 1, 0, 0
58413, 12878845, 1, 0, 0
58511, 14005039, 1, 0, 0
58603, 15255655, 1, 0, 0
58713, 13765554, 1, 0, 0
58806, 15457140, 1, 0, 0
58909, 12923882, 1, 0, 0
59010, 14462411, 1, 0, 0
59110, 14246470, 1, 0, 0
59202, 13136742, 1, 0, 0
59308, 15063133, 1, 0, 0
59414, 15185195, 1, 0, 0
59516, 14505153, 1, 0, 0
59605, 12820447, 1, 0, 0
59709, 12942994, 1, 0, 0
59805, 10652480, 1, 0, 0
59905, 12472190, 1, 0, 0
60009, 13066877, 1, 0, 0
60106, 13806506, 1, 0, 0
60205, 12350537, 1, 0, 0
60306, 16764558, 1, 0, 0
60411, 13144963, 1, 0, 0
60503, 13124750, 1, 0, 0
60609, 15194712, 1, 0, 0
60712, 14694198, 1, 0, 0
60804, 13204256, 1, 0, 0
60909, 14964355, 1, 0, 0
61000, 15099437, 1, 0, 0
61109, 13642884, 1, 0, 0
61212, 14644932, 1, 0, 0
61300, 12632456, 1, 0, 0
61404, 12999924, 1, 0, 0
61502, 16299170, 1, 0, 0
61608, 13212491, 1, 0, 0
61712, 14929551, 1, 0, 0
61818, 15087766, 1, 0, 0
61901, 16610937, 1, 0, 0
62003, 20374768, 1, 0, 0
62110, 17926462, 1, 0, 0
62200, 17994309, 1, 0, 0
62300, 19913373, 1, 0, 0
62411, 18489862, 1, 0, 0
62514, 20659898, 1, 0, 0
62611, 19271957, 1, 0, 0
62705, 13514823, 1, 0, 0
62821, 14402377, 1, 0, 0
62909, 10994015, 1, 0, 0
63011, 12754685, 1, 0, 0
63101, 15001937, 1, 0, 0
63204, 14812961, 1, 0, 0
63308, 14769803, 1, 0, 0
63400, 13173266, 1, 0, 0
63502, 14597149, 1, 0, 0
63608, 15039846, 1, 0, 0
63711, 14707706, 1, 0, 0
63813, 14580012, 1, 0, 0
63901, 14709969, 1, 0, 0
64015, 14181763, 1, 0, 0
64105, 15019334, 1, 0, 0
64212, 15375645, 1, 0, 0
64305, 13150092, 1, 0, 0
64409, 14944372, 1, 0, 0
64502, 15501015, 1, 0, 0
64606, 14831545, 1, 0, 0
64710, 11580001, 1, 0, 0
64813, 14590871, 1, 0, 0
64908, 13612693, 1, 0, 0
65002, 15618683, 1, 0, 0
65110, 13565212, 1, 0, 0
65202, 15286379, 1, 0, 0
65306, 14903486, 1, 0, 0
65410, 14810495, 1, 0, 0
65501, 13035453, 1, 0, 0
65600, 14032910, 1, 0, 0
65708, 13554639, 1, 0, 0
65813, 15046228, 1, 0, 0
65903, 12865188, 1, 0, 0
66010, 13337085, 1, 0, 0
66100, 14956431, 1, 0, 0
66201, 14456511, 1, 0, 0
66313, 13981427, 1, 0, 0
66400, 14411863, 1, 0, 0
66519, 19845376, 1, 0, 0
66613, 18815303, 1, 0, 0
66705, 18360588, 1, 0, 0
66812, 17868812, 1, 0, 0
66913, 20239048, 1, 0, 0
67004, 18177369, 1, 0, 0
67111, 17800858, 1, 0, 0
67210, 19756977, 1, 0, 0
67304, 18870952, 1, 0, 0
67443, 23210705, 1, 0, 0
67510, 13389869, 1, 0, 0
67613, 14671735, 1, 0, 0
67703, 12765794, 1, 0, 0
67803, 14286998, 1, 0, 0
67906, 14787643, 1, 0, 0
68010, 13027994, 1, 0, 0
68104, 13344625, 1, 0, 0
68208, 14872474, 1, 0, 0
68314, 15106431, 1, 0, 0
68404, 14992588, 1, 0, 0
68502, 14041430, 1, 0, 0
68613, 13817610, 1, 0, 0
68703, 15045873, 1, 0, 0
68808, 15033970, 1, 0, 0
68912, 14839217, 1, 0, 0
69000, 10998604, 1, 0, 0
69108, 13528409, 1, 0, 0
69212, 12908683, 1, 0, 0
69320, 17942780, 1, 0, 0
69413, 13390588, 1, 0, 0
69503, 14875454, 1, 0, 0
69603, 11166698, 1, 0, 0
69704, 12566301, 1, 0, 0
69807, 14702087, 1, 0, 0
69909, 14659709, 1, 0, 0
70000, 12936468, 1, 0, 0
70108, 12045095, 1, 0, 0
70210, 14544360, 1, 0, 0
70308, 16336353, 1, 0, 0
70407, 10937388, 1, 0, 0
70501, 13455202, 1, 0, 0
70607, 15194153, 1, 0, 0
70712, 15006115, 1, 0, 0
70801, 14774017, 1, 0, 0
70910, 13540079, 1, 0, 0
71005, 13685617, 1, 0, 0
71114, 13570032, 1, 0, 0
71213, 14096696, 1, 0, 0
71305, 13231503, 1, 0, 0
71406, 14405631, 1, 0, 0
71516, 15744483, 1, 0, 0
71608, 15194356, 1, 0, 0
71703, 9526219, 1, 0, 0
71813, 12254792, 1, 0, 0
71902, 12603094, 1, 0, 0
72005, 14792815, 1, 0, 0
72111, 11694588, 1, 0, 0
72201, 12883227, 1, 0, 0
72302, 14412935, 1, 0, 0
72405, 14768223, 1, 0, 0
72507, 14544686, 1, 0, 0
72608, 12686847, 1, 0, 0
72715, 15212058, 1, 0, 0
72801, 14296793, 1, 0, 0
72907, 13245825, 1, 0, 0
73007, 14276893, 1, 0, 0
73113, 13281819, 1, 0, 0
73206, 15397336, 1, 0, 0
73302, 16075010, 1, 0, 0
73410, 15407954, 1, 0, 0
73515, 14979797, 1, 0, 0
73600, 14118499, 1, 0, 0
73700, 14348497, 1, 0, 0
73808, 13535827, 1, 0, 0
73908, 14278121, 1, 0, 0
74009, 14445481, 1, 0, 0
74113, 12983118, 1, 0, 0
74201, 14519126, 1, 0, 0
74303, 14676556, 1, 0, 0
74403, 14217718, 1, 0, 0
74515, 16016571, 1, 0, 0
74612, 12135945, 1, 0, 0
74712, 14300771, 1, 0, 0
74813, 14401512, 1, 0, 0
74908, 13487387, 1, 0, 0
75013, 15020804, 1, 0, 0
75107, 15647129, 1, 0, 0
75209, 14656380, 1, 0, 0
75300, 15064989, 1, 0, 0
75403, 14782291, 1, 0, 0
75500, 13870845, 1, 0, 0
75602, 12649265, 1, 0, 0
75703, 14472557, 1, 0, 0
75805, 12692679, 1, 0, 0
75900, 13610087, 1, 0, 0
76009, 13566174, 1, 0, 0
76109, 14403518, 1, 0, 0
76210, 14339649, 1, 0, 0
76309, 14229277, 1, 0, 0
76403, 11730834, 1, 0, 0
76513, 13700848, 1, 0, 0
76603, 15017654, 1, 0, 0
76701, 12255628, 1, 0, 0
76812, 13783773, 1, 0, 0
76901, 12722408, 1, 0, 0
77008, 13420291, 1, 0, 0
77101, 11664030, 1, 0, 0
77208, 13264353, 1, 0, 0
77313, 15124246, 1, 0, 0
77414, 14309717, 1, 0, 0
77501, 10922394, 1, 0, 0
77603, 14588969, 1, 0, 0
77705, 14552632, 1, 0, 0
77804, 14181765, 1, 0, 0
77912, 13441224, 1, 0, 0
78000, 14587045, 1, 0, 0
78102, 14608660, 1, 0, 0
78205, 14667644, 1, 0, 0
78303, 14071673, 1, 0, 0
78410, 15236624, 1, 0, 0
78502, 15284088, 1, 0, 0
78615, 14132256, 1, 0, 0
78704, 14894444, 1, 0, 0
78801, 16101625, 1, 0, 0
78907, 13223006, 1, 0, 0
79012, 15037267, 1, 0, 0
79103, 11394312, 1, 0, 0
79212, 15494447, 1, 0, 0
79309, 13842208, 1, 0, 0
79404, 13571291, 1, 0, 0
79512, 11990484, 1, 0, 0
79613, 14530390, 1, 0, 0
79721, 15345341, 1, 0, 0
79808, 9641297, 1, 0, 0
79903, 9515039, 1, 0, 0
80005, 12731637, 1, 0, 0
80110, 13202911, 1, 0, 0
80206, 13618976, 1, 0, 0
80303, 12156544, 1, 0, 0
80407, 14813890, 1, 0, 0
80510, 14789871, 1, 0, 0
80601, 15071306, 1, 0, 0
80707, 15186040, 1, 0, 0
80801, 13417845, 1, 0, 0
80904, 14739615, 1, 0, 0
81007, 14665585, 1, 0, 0
81104, 12060684, 1, 0, 0
81200, 13844063, 1, 0, 0
81306, 9595704, 1, 0, 0
81401, 9414011, 1, 0, 0
81509, 12058112, 1, 0, 0
81601, 15311277, 1, 0, 0
81704, 14767071, 1, 0, 0
81810, 13129410, 1, 0, 0
81909, 14135657, 1, 0, 0
82014, 14999335, 1, 0, 0
82101, 14490664, 1, 0, 0
82203, 14579712, 1, 0, 0
82310, 13430209, 1, 0, 0
82403, 11610430, 1, 0, 0
82509, 15175589, 1, 0, 0
82600, 15086606, 1, 0, 0
82710, 13710366, 1, 0, 0
82814, 14939183, 1, 0, 0
82906, 13149984, 1, 0, 0
83012, 15056616, 1, 0, 0
83102, 12897903, 1, 0, 0
83201, 12328885, 1, 0, 0
83307, 10661006, 1, 0, 0
83411, 14806268, 1, 0, 0
83512, 14337823, 1, 0, 0
83609, 13943886, 1, 0, 0
83712, 12879205, 1, 0, 0
83801, 14719099, 1, 0, 0
83905, 13063330, 1, 0, 0
84011, 11774102, 1, 0, 0
84100, 12714022, 1, 0, 0
84207, 13382134, 1, 0, 0
84305, 14022972, 1, 0, 0
84408, 14629996, 1, 0, 0
84503, 9469287, 1, 0, 0
84607, 9491757, 1, 0, 0
84703, 9605546, 1, 0, 0
84813, 12187226, 1, 0, 0
84902, 14858830, 1, 0, 0
85011, 12087285, 1, 0, 0
85108, 13798929, 1, 0, 0
85212, 14850162, 1, 0, 0
85301, 14898856, 1, 0, 0
85403, 14479821, 1, 0, 0
85502, 14208719, 1, 0, 0
85604, 16958711, 1, 0, 0
85701, 13932552, 1, 0, 0
85805, 14759836, 1, 0, 0
85908, 14760972, 1, 0, 0
86006, 10830604, 1, 0, 0
86102, 9602012, 1, 0, 0
86208, 9627133, 1, 0, 0
86303, 9543433, 1, 0, 0
86405, 14483307, 1, 0, 0
86508, 14835342, 1, 0, 0
86610, 12733360, 1, 0, 0
86701, 15077358, 1, 0, 0
86801, 14271739, 1, 0, 0
86904, 11479455, 1, 0, 0
87003, 14085880, 1, 0, 0
87105, 14615206, 1, 0, 0
87202, 13772468, 1, 0, 0
87307, 15095525, 1, 0, 0
87409, 16967501, 1, 0, 0
87511, 12693477, 1, 0, 0
87608, 13896667, 1, 0, 0
87708, 11152676, 1, 0, 0
87804, 9557620, 1, 0, 0
87911, 10648581, 1, 0, 0
88012, 14483407, 1, 0, 0
88107, 13504206, 1, 0, 0
88209, 14551270, 1, 0, 0
88308, 14164990, 1, 0, 0
88410, 14553599, 1, 0, 0
88523, 18828267, 1, 0, 0
88613, 22665253, 1, 0, 0
88705, 22877480, 1, 0, 0
88819, 22808990, 1, 0, 0
88914, 23683461, 1, 0, 0
89007, 18711768, 1, 0, 0
89100, 23206796, 1, 0, 0
89221, 20063391, 1, 0, 0
89312, 22810296, 1, 0, 0
89404, 22918751, 1, 0, 0
89500, 19217751, 1, 0, 0
89612, 18696356, 1, 0, 0
89706, 18728871, 1, 0, 0
89803, 13980477, 1, 0, 0
89914, 13751956, 1, 0, 0
90002, 11028109, 1, 0, 0
