106, 11308668, 1, 0, 0
208, 13331567, 1, 0, 0
301, 12196479, 1, 0, 0
410, 13663742, 1, 0, 0
504, 15145889, 1, 0, 0
602, 16430197, 1, 0, 0
709, 15790779, 1, 0, 0
806, 11032082, 1, 0, 0
901, 12348613, 1, 0, 0
1000, 13928533, 1, 0, 0
1109, 13632295, 1, 0, 0
1205, 14281648, 1, 0, 0
1300, 12648472, 1, 0, 0
1400, 12299151, 1, 0, 0
1500, 12930106, 1, 0, 0
1600, 12274859, 1, 0, 0
1701, 12010778, 1, 0, 0
1800, 11213219, 1, 0, 0
1901, 8504292, 1, 0, 0
2001, 7082455, 1, 0, 0
2111, 10123246, 1, 0, 0
2201, 13943743, 1, 0, 0
2302, 12702864, 1, 0, 0
2401, 13271617, 1, 0, 0
2502, 13193693, 1, 0, 0
2600, 11219896, 1, 0, 0
2704, 13146195, 1, 0, 0
2801, 11459149, 1, 0, 0
2904, 13342529, 1, 0, 0
3000, 12102884, 1, 0, 0
3105, 10700351, 1, 0, 0
3203, 11230872, 1, 0, 0
3302, 9879357, 1, 0, 0
3404, 11677629, 1, 0, 0
3504, 12967656, 1, 0, 0
3600, 11217947, 1, 0, 0
3700, 11380568, 1, 0, 0
3800, 11841510, 1, 0, 0
3902, 14035169, 1, 0, 0
4003, 6726911, 1, 0, 0
4100, 6907962, 1, 0, 0
4200, 6928407, 1, 0, 0
4306, 6666602, 1, 0, 0
4404, 7510524, 1, 0, 0
4500, 7534190, 1, 0, 0
4600, 6852322, 1, 0, 0
4711, 7345216, 1, 0, 0
4801, 7948172, 1, 0, 0
4900, 8047095, 1, 0, 0
5000, 8198597, 1, 0, 0
5100, 7224379, 1, 0, 0
5201, 7588416, 1, 0, 0
5300, 7755146, 1, 0, 0
5413, 8050221, 1, 0, 0
5501, 8468372, 1, 0, 0
5600, 7454076, 1, 0, 0
5700, 7267203, 1, 0, 0
5803, 7168248, 1, 0, 0
5900, 5980654, 1, 0, 0
6000, 5501256, 1, 0, 0
6102, 5970708, 1, 0, 0
6203, 6898150, 1, 0, 0
6302, 7622485, 1, 0, 0
6408, 7670784, 1, 0, 0
6502, 11596261, 1, 0, 0
6602, 8372105, 1, 0, 0
6700, 8078225, 1, 0, 0
6800, 8965656, 1, 0, 0
6902, 9513491, 1, 0, 0
7000, 9361437, 1, 0, 0
7100, 9694110, 1, 0, 0
7205, 9532490, 1, 0, 0
7305, 10410215, 1, 0, 0
7402, 11303198, 1, 0, 0
7504, 16827241, 1, 0, 0
7601, 14453188, 1, 0, 0
7700, 11643970, 1, 0, 0
7800, 12811954, 1, 0, 0
7905, 12351845, 1, 0, 0
8006, 7680240, 1, 0, 0
8115, 10686547, 1, 0, 0
8206, 12803022, 1, 0, 0
8302, 12832030, 1, 0, 0
8402, 7944190, 1, 0, 0
8501, 7235612, 1, 0, 0
8603, 8101424, 1, 0, 0
8700, 7274543, 1, 0, 0
8800, 7245430, 1, 0, 0
8900, 7339883, 1, 0, 0
9002, 6433462, 1, 0, 0
9102, 6969861, 1, 0, 0
9200, 7462021, 1, 0, 0
9300, 7337946, 1, 0, 0
9413, 7426005, 1, 0, 0
9502, 7286989, 1, 0, 0
9600, 6424247, 1, 0, 0
9700, 5985416, 1, 0, 0
9800, 6760392, 1, 0, 0
9900, 7568578, 1, 0, 0
10000, 6928334, 1, 0, 0
10101, 6584878, 1, 0, 0
10200, 6205689, 1, 0, 0
10300, 7686325, 1, 0, 0
10401, 12030502, 1, 0, 0
10510, 14413788, 1, 0, 0
10604, 14549446, 1, 0, 0
10707, 11382057, 1, 0, 0
10803, 12778489, 1, 0, 0
10901, 13822011, 1, 0, 0
11005, 12574474, 1, 0, 0
11102, 12490961, 1, 0, 0
11200, 11983238, 1, 0, 0
11310, 11442114, 1, 0, 0
11411, 10082368, 1, 0, 0
11506, 10737829, 1, 0, 0
11602, 11971971, 1, 0, 0
11701, 14563621, 1, 0, 0
11805, 11962099, 1, 0, 0
11911, 14517433, 1, 0, 0
12000, 14083322, 1, 0, 0
12101, 11235382, 1, 0, 0
12203, 12251193, 1, 0, 0
12305, 11954493, 1, 0, 0
12404, 11953558, 1, 0, 0
12504, 12269527, 1, 0, 0
12601, 12686049, 1, 0, 0
12701, 13664650, 1, 0, 0
12808, 12518096, 1, 0, 0
12907, 10934718, 1, 0, 0
13009, 13934166, 1, 0, 0
13106, 13483678, 1, 0, 0
13208, 14428119, 1, 0, 0
13305, 14620553, 1, 0, 0
13400, 16838141, 1, 0, 0
13506, 16205308, 1, 0, 0
13604, 14281738, 1, 0, 0
13703, 13262517, 1, 0, 0
13804, 12292494, 1, 0, 0
13901, 13009085, 1, 0, 0
14000, 13906185, 1, 0, 0
14100, 12306370, 1, 0, 0
14202, 12560996, 1, 0, 0
14307, 12619172, 1, 0, 0
14406, 12027718, 1, 0, 0
14509, 13214701, 1, 0, 0
14607, 13360475, 1, 0, 0
14705, 14079369, 1, 0, 0
14800, 15196058, 1, 0, 0
14909, 12358744, 1, 0, 0
15009, 8987954, 1, 0, 0
15100, 9719283, 1, 0, 0
15201, 8371213, 1, 0, 0
15301, 7996822, 1, 0, 0
15402, 9494894, 1, 0, 0
15507, 9767092, 1, 0, 0
15600, 11903650, 1, 0, 0
15700, 12092632, 1, 0, 0
15800, 9755114, 1, 0, 0
15900, 7691522, 1, 0, 0
16000, 8233224, 1, 0, 0
16100, 10127705, 1, 0, 0
16200, 7108605, 1, 0, 0
16300, 6907511, 1, 0, 0
16402, 6492860, 1, 0, 0
16503, 6859213, 1, 0, 0
16603, 7516820, 1, 0, 0
16700, 6502287, 1, 0, 0
16803, 7224898, 1, 0, 0
16907, 8972839, 1, 0, 0
17001, 9072187, 1, 0, 0
17111, 9762841, 1, 0, 0
17204, 8936805, 1, 0, 0
17306, 9882623, 1, 0, 0
17402, 9828717, 1, 0, 0
17507, 8502459, 1, 0, 0
17602, 8203345, 1, 0, 0
17723, 10869192, 1, 0, 0
17806, 13130992, 1, 0, 0
17902, 8034321, 1, 0, 0
18001, 7477569, 1, 0, 0
18102, 7465880, 1, 0, 0
18200, 11493744, 1, 0, 0
18304, 12376974, 1, 0, 0
18400, 9521727, 1, 0, 0
18500, 9778599, 1, 0, 0
18601, 12370205, 1, 0, 0
18701, 9092549, 1, 0, 0
18800, 9173494, 1, 0, 0
18900, 10797088, 1, 0, 0
19001, 10682976, 1, 0, 0
19101, 8609381, 1, 0, 0
19202, 11772584, 1, 0, 0
19306, 9934942, 1, 0, 0
19405, 11144120, 1, 0, 0
19500, 12212002, 1, 0, 0
19606, 12676502, 1, 0, 0
19700, 12920899, 1, 0, 0
19806, 14173649, 1, 0, 0
19915, 13753212, 1, 0, 0
20004, 17451350, 1, 0, 0
20100, 14372292, 1, 0, 0
20206, 12944085, 1, 0, 0
20302, 12257271, 1, 0, 0
20403, 11630115, 1, 0, 0
20500, 12095720, 1, 0, 0
20600, 12760481, 1, 0, 0
20706, 12554469, 1, 0, 0
20805, 14826508, 1, 0, 0
20900, 11921011, 1, 0, 0
21001, 7829995, 1, 0, 0
21104, 8077671, 1, 0, 0
21200, 8477829, 1, 0, 0
21300, 7477674, 1, 0, 0
21400, 7554994, 1, 0, 0
21500, 6934704, 1, 0, 0
21600, 7787640, 1, 0, 0
21700, 7005795, 1, 0, 0
21800, 7076955, 1, 0, 0
21901, 7018883, 1, 0, 0
22000, 7225985, 1, 0, 0
22100, 6553083, 1, 0, 0
22200, 6512149, 1, 0, 0
22304, 6658907, 1, 0, 0
22403, 6591206, 1, 0, 0
22500, 6710493, 1, 0, 0
22608, 7529065, 1, 0, 0
22703, 9034286, 1, 0, 0
22800, 9123743, 1, 0, 0
22901, 8854774, 1, 0, 0
23000, 9394138, 1, 0, 0
23101, 7276624, 1, 0, 0
23200, 6972618, 1, 0, 0
23304, 6590176, 1, 0, 0
23401, 6238193, 1, 0, 0
23501, 6043809, 1, 0, 0
23602, 6071871, 1, 0, 0
23700, 10084887, 1, 0, 0
23800, 7263886, 1, 0, 0
23913, 6439596, 1, 0, 0
24000, 9058296, 1, 0, 0
24100, 8269780, 1, 0, 0
24201, 7477557, 1, 0, 0
24302, 7318357, 1, 0, 0
24400, 8904272, 1, 0, 0
24503, 10352160, 1, 0, 0
24601, 12390504, 1, 0, 0
24700, 11919421, 1, 0, 0
24801, 11545505, 1, 0, 0
24909, 8964218, 1, 0, 0
25009, 10763786, 1, 0, 0
25100, 11140756, 1, 0, 0
25207, 12216422, 1, 0, 0
25304, 10882528, 1, 0, 0
25402, 12584524, 1, 0, 0
25501, 12544285, 1, 0, 0
25600, 10837303, 1, 0, 0
25700, 11809204, 1, 0, 0
25807, 9633894, 1, 0, 0
25908, 11141063, 1, 0, 0
26006, 12886813, 1, 0, 0
26103, 11641687, 1, 0, 0
26201, 9581021, 1, 0, 0
26300, 9249409, 1, 0, 0
26400, 6785355, 1, 0, 0
26500, 6753577, 1, 0, 0
26600, 7206497, 1, 0, 0
26700, 7657664, 1, 0, 0
26800, 6628970, 1, 0, 0
26900, 7585251, 1, 0, 0
27002, 7011547, 1, 0, 0
27100, 7435475, 1, 0, 0
27200, 7241715, 1, 0, 0
27302, 7453801, 1, 0, 0
27400, 7031986, 1, 0, 0
27501, 8590509, 1, 0, 0
27600, 7688630, 1, 0, 0
27700, 7629599, 1, 0, 0
27800, 10857965, 1, 0, 0
27900, 11686037, 1, 0, 0
28012, 13814178, 1, 0, 0
28100, 11686865, 1, 0, 0
28210, 12422058, 1, 0, 0
28301, 11940613, 1, 0, 0
28404, 12010993, 1, 0, 0
28500, 11713647, 1, 0, 0
28602, 13279771, 1, 0, 0
28700, 12504182, 1, 0, 0
28800, 11081836, 1, 0, 0
28902, 10991595, 1, 0, 0
29002, 11271622, 1, 0, 0
29107, 9590048, 1, 0, 0
29209, 11618901, 1, 0, 0
29301, 10034280, 1, 0, 0
29401, 8094811, 1, 0, 0
29500, 12110821, 1, 0, 0
29600, 13060609, 1, 0, 0
29710, 11781578, 1, 0, 0
29820, 15037505, 1, 0, 0
29907, 17083337, 1, 0, 0
30005, 12405740, 1, 0, 0
30103, 11456899, 1, 0, 0
30204, 11038578, 1, 0, 0
30301, 14060817, 1, 0, 0
30403, 11352151, 1, 0, 0
30507, 12803494, 1, 0, 0
30609, 15288108, 1, 0, 0
30700, 11800065, 1, 0, 0
30800, 7839237, 1, 0, 0
30903, 8890707, 1, 0, 0
31001, 9040550, 1, 0, 0
31100, 10227463, 1, 0, 0
31201, 8873623, 1, 0, 0
31302, 9547286, 1, 0, 0
31405, 9043594, 1, 0, 0
31500, 8301191, 1, 0, 0
31600, 6417135, 1, 0, 0
31710, 9534741, 1, 0, 0
31813, 8858084, 1, 0, 0
31900, 8969912, 1, 0, 0
32000, 8141967, 1, 0, 0
32101, 6781432, 1, 0, 0
32201, 6560690, 1, 0, 0
32301, 6338286, 1, 0, 0
32406, 6766165, 1, 0, 0
32502, 6998501, 1, 0, 0
32601, 6841238, 1, 0, 0
32700, 7470193, 1, 0, 0
32803, 10890811, 1, 0, 0
32902, 6611446, 1, 0, 0
33000, 6085765, 1, 0, 0
33101, 7403384, 1, 0, 0
33202, 6512979, 1, 0, 0
33301, 6756707, 1, 0, 0
33404, 6744309, 1, 0, 0
33501, 7383919, 1, 0, 0
33601, 6953331, 1, 0, 0
33700, 8240687, 1, 0, 0
33801, 8610665, 1, 0, 0
33912, 12526216, 1, 0, 0
34007, 8996416, 1, 0, 0
34102, 10155426, 1, 0, 0
34201, 10244830, 1, 0, 0
34301, 11789887, 1, 0, 0
34411, 11733433, 1, 0, 0
34500, 12413716, 1, 0, 0
34609, 14248435, 1, 0, 0
34702, 12015706, 1, 0, 0
34802, 10442882, 1, 0, 0
34909, 10988589, 1, 0, 0
35004, 10088895, 1, 0, 0
35101, 7153648, 1, 0, 0
35202, 7303257, 1, 0, 0
35302, 7796733, 1, 0, 0
35401, 7220459, 1, 0, 0
35500, 6668494, 1, 0, 0
35600, 13260532, 1, 0, 0
35700, 8354457, 1, 0, 0
35801, 6983582, 1, 0, 0
35900, 7251815, 1, 0, 0
36000, 6743696, 1, 0, 0
36102, 8463011, 1, 0, 0
36200, 6571523, 1, 0, 0
36300, 6319976, 1, 0, 0
36408, 7145691, 1, 0, 0
36502, 7456859, 1, 0, 0
36603, 7061141, 1, 0, 0
36701, 7224736, 1, 0, 0
36806, 6817661, 1, 0, 0
36900, 6576677, 1, 0, 0
37000, 7284968, 1, 0, 0
37102, 6516851, 1, 0, 0
37200, 6729876, 1, 0, 0
37304, 6683606, 1, 0, 0
37402, 7652960, 1, 0, 0
37500, 8770335, 1, 0, 0
37600, 8283437, 1, 0, 0
37704, 10948513, 1, 0, 0
37802, 10600381, 1, 0, 0
37908, 11128954, 1, 0, 0
38003, 11696124, 1, 0, 0
38102, 10745451, 1, 0, 0
38204, 10078897, 1, 0, 0
38307, 10772902, 1, 0, 0
38405, 11636667, 1, 0, 0
38507, 11012852, 1, 0, 0
38603, 13940093, 1, 0, 0
38700, 11017362, 1, 0, 0
38800, 8936969, 1, 0, 0
38901, 10558042, 1, 0, 0
39000, 9641609, 1, 0, 0
39105, 9111469, 1, 0, 0
39202, 9062880, 1, 0, 0
39302, 10684224, 1, 0, 0
39401, 12051227, 1, 0, 0
39509, 12962076, 1, 0, 0
39606, 14204915, 1, 0, 0
39701, 13392214, 1, 0, 0
39839, 19104923, 1, 0, 0
39901, 20863154, 1, 0, 0
40010, 12264093, 1, 0, 0
40105, 15853293, 1, 0, 0
40201, 14127289, 1, 0, 0
40307, 12811680, 1, 0, 0
40407, 12229735, 1, 0, 0
40502, 15684348, 1, 0, 0
40604, 13424259, 1, 0, 0
40704, 13103186, 1, 0, 0
40801, 12339422, 1, 0, 0
40903, 12409125, 1, 0, 0
41006, 11355672, 1, 0, 0
41106, 11179292, 1, 0, 0
41200, 8240398, 1, 0, 0
41300, 7658843, 1, 0, 0
41400, 7013159, 1, 0, 0
41501, 7470497, 1, 0, 0
41601, 8746400, 1, 0, 0
41702, 10047768, 1, 0, 0
41805, 11020475, 1, 0, 0
41906, 9900567, 1, 0, 0
42001, 12928789, 1, 0, 0
42105, 10764729, 1, 0, 0
42205, 10703940, 1, 0, 0
42304, 13563367, 1, 0, 0
42403, 12535657, 1, 0, 0
42514, 12593137, 1, 0, 0
42602, 14886048, 1, 0, 0
42706, 12477872, 1, 0, 0
42801, 11466560, 1, 0, 0
42905, 11209460, 1, 0, 0
43020, 10901134, 1, 0, 0
43103, 12738346, 1, 0, 0
43204, 13690282, 1, 0, 0
43301, 11409633, 1, 0, 0
43400, 11210532, 1, 0, 0
43508, 12083131, 1, 0, 0
43606, 11198550, 1, 0, 0
43700, 8117031, 1, 0, 0
43801, 7532543, 1, 0, 0
43900, 7479962, 1, 0, 0
44000, 7871986, 1, 0, 0
44105, 10561110, 1, 0, 0
44200, 12515112, 1, 0, 0
44308, 12114486, 1, 0, 0
44400, 13960404, 1, 0, 0
44510, 13690853, 1, 0, 0
44607, 13737617, 1, 0, 0
44705, 13658687, 1, 0, 0
44807, 9988497, 1, 0, 0
44902, 10371390, 1, 0, 0
45002, 10491329, 1, 0, 0
45108, 11359861, 1, 0, 0
45207, 10931636, 1, 0, 0
45304, 12191375, 1, 0, 0
45400, 11516115, 1, 0, 0
45500, 10606806, 1, 0, 0
45601, 11007921, 1, 0, 0
45702, 11827001, 1, 0, 0
45807, 12066949, 1, 0, 0
45904, 12745346, 1, 0, 0
46001, 9043057, 1, 0, 0
46100, 8308391, 1, 0, 0
46201, 10747043, 1, 0, 0
46303, 10826714, 1, 0, 0
46405, 12271308, 1, 0, 0
46507, 10722098, 1, 0, 0
46610, 11320356, 1, 0, 0
46709, 11588809, 1, 0, 0
46802, 12701600, 1, 0, 0
46901, 7171424, 1, 0, 0
47003, 7313770, 1, 0, 0
47100, 7905008, 1, 0, 0
47201, 8058761, 1, 0, 0
47300, 7360497, 1, 0, 0
47402, 6971015, 1, 0, 0
47501, 9314384, 1, 0, 0
47600, 11334283, 1, 0, 0
47704, 11375951, 1, 0, 0
47800, 10491886, 1, 0, 0
47900, 8268683, 1, 0, 0
48001, 6303747, 1, 0, 0
48101, 7530364, 1, 0, 0
48203, 9253318, 1, 0, 0
48300, 7845670, 1, 0, 0
48401, 7474959, 1, 0, 0
48501, 8003802, 1, 0, 0
48600, 6937333, 1, 0, 0
48702, 6952555, 1, 0, 0
48801, 6802978, 1, 0, 0
48902, 6944044, 1, 0, 0
49000, 7682301, 1, 0, 0
49102, 9178343, 1, 0, 0
49203, 11871241, 1, 0, 0
49304, 10937855, 1, 0, 0
49402, 10605628, 1, 0, 0
49500, 11468355, 1, 0, 0
49604, 11068634, 1, 0, 0
49703, 10614987, 1, 0, 0
49800, 14027425, 1, 0, 0
49911, 12154748, 1, 0, 0
50013, 11243486, 1, 0, 0
50107, 12362143, 1, 0, 0
50206, 13488415, 1, 0, 0
50303, 12952389, 1, 0, 0
50400, 12448501, 1, 0, 0
50502, 11425473, 1, 0, 0
50602, 13364048, 1, 0, 0
50708, 15115915, 1, 0, 0
50803, 10409811, 1, 0, 0
50904, 8898501, 1, 0, 0
51000, 8529892, 1, 0, 0
51103, 8992500, 1, 0, 0
51201, 9590424, 1, 0, 0
51301, 8765590, 1, 0, 0
51400, 8298050, 1, 0, 0
51500, 7918748, 1, 0, 0
51600, 7874307, 1, 0, 0
51700, 9238591, 1, 0, 0
51801, 11249713, 1, 0, 0
51900, 7883523, 1, 0, 0
52002, 7291981, 1, 0, 0
52101, 7159425, 1, 0, 0
52202, 7506451, 1, 0, 0
52300, 7408201, 1, 0, 0
52404, 8557535, 1, 0, 0
52503, 8383561, 1, 0, 0
52602, 7883043, 1, 0, 0
52701, 7549771, 1, 0, 0
52800, 7646736, 1, 0, 0
52901, 7062882, 1, 0, 0
53004, 6849497, 1, 0, 0
53103, 7097678, 1, 0, 0
53200, 7561420, 1, 0, 0
53303, 7244191, 1, 0, 0
53403, 8377808, 1, 0, 0
53501, 8461752, 1, 0, 0
53600, 8372079, 1, 0, 0
53700, 8624928, 1, 0, 0
53801, 7751169, 1, 0, 0
53903, 7904460, 1, 0, 0
54000, 10005327, 1, 0, 0
54100, 12612052, 1, 0, 0
54201, 11828200, 1, 0, 0
54305, 10984147, 1, 0, 0
54402, 11293885, 1, 0, 0
54500, 11797125, 1, 0, 0
54600, 12095786, 1, 0, 0
54706, 12207886, 1, 0, 0
54804, 12867107, 1, 0, 0
54900, 13757007, 1, 0, 0
55003, 11025010, 1, 0, 0
55105, 11210022, 1, 0, 0
55201, 11411219, 1, 0, 0
55303, 10257046, 1, 0, 0
55402, 10783992, 1, 0, 0
55500, 10381256, 1, 0, 0
55603, 11420348, 1, 0, 0
55704, 12372676, 1, 0, 0
55805, 13132853, 1, 0, 0
55905, 13756663, 1, 0, 0
56004, 14348257, 1, 0, 0
56100, 12472775, 1, 0, 0
56202, 8562727, 1, 0, 0
56300, 8905100, 1, 0, 0
56400, 9712989, 1, 0, 0
56502, 11350853, 1, 0, 0
56600, 9698846, 1, 0, 0
56707, 11849575, 1, 0, 0
56803, 9263823, 1, 0, 0
56901, 7388738, 1, 0, 0
57004, 7566318, 1, 0, 0
57104, 8077297, 1, 0, 0
57202, 9310239, 1, 0, 0
57300, 8233398, 1, 0, 0
57412, 10216282, 1, 0, 0
57500, 10492860, 1, 0, 0
57600, 9870321, 1, 0, 0
57707, 9941435, 1, 0, 0
57804, 14739097, 1, 0, 0
57903, 12927176, 1, 0, 0
58000, 13765954, 1, 0, 0
58103, 12723749, 1, 0, 0
58200, 13196228, 1, 0, 0
58300, 12141818, 1, 0, 0
58403, 11783166, 1, 0, 0
58500, 12806811, 1, 0, 0
58612, 12135713, 1, 0, 0
58700, 11211441, 1, 0, 0
58802, 10104056, 1, 0, 0
58906, 12733908, 1, 0, 0
59006, 13550563, 1, 0, 0
59106, 13890007, 1, 0, 0
59209, 11708631, 1, 0, 0
59302, 13579216, 1, 0, 0
59401, 12434023, 1, 0, 0
59500, 12980209, 1, 0, 0
59600, 12735662, 1, 0, 0
59707, 11616978, 1, 0, 0
59801, 10711059, 1, 0, 0
59915, 11189632, 1, 0, 0
60000, 7253485, 1, 0, 0
60002, 5690096, 1, 0, 0
