100, 6652, 0, 0, 0
200, 6485, 0, 0, 0
300, 6493, 0, 0, 0
400, 6164, 0, 0, 0
500, 6484, 0, 0, 0
600, 6522, 0, 0, 0
700, 6454, 0, 0, 0
800, 6318, 0, 0, 0
900, 6278, 0, 0, 0
1000, 6383, 0, 0, 0
1100, 6313, 0, 0, 0
1200, 6240, 0, 0, 0
1300, 6294, 0, 0, 0
1400, 6408, 0, 0, 0
1500, 6198, 0, 0, 0
1601, 6480, 0, 0, 0
1700, 6329, 0, 0, 0
1800, 6235, 0, 0, 0
1900, 6196, 0, 0, 0
2000, 6389, 0, 0, 0
2100, 6246, 0, 0, 0
2200, 6508, 0, 0, 0
2300, 6615, 0, 0, 0
2400, 6252, 0, 0, 0
2500, 6184, 0, 0, 0
2600, 6222, 0, 0, 0
2700, 6243, 0, 0, 0
2800, 6305, 0, 0, 0
2900, 6346, 0, 0, 0
3000, 6190, 0, 0, 0
3100, 6346, 0, 0, 0
3200, 6308, 0, 0, 0
3300, 6309, 0, 0, 0
3401, 6168, 0, 0, 0
3500, 6464, 0, 0, 0
3601, 6200, 0, 0, 0
3700, 6351, 0, 0, 0
3800, 6241, 0, 0, 0
3900, 6736, 0, 0, 0
4000, 6669, 0, 0, 0
4100, 6724, 0, 0, 0
4200, 6415, 0, 0, 0
4301, 6193, 0, 0, 0
4400, 6081, 0, 0, 0
4500, 6158, 0, 0, 0
4600, 6129, 0, 0, 0
4700, 6248, 0, 0, 0
4800, 6179, 0, 0, 0
4900, 6389, 0, 0, 0
5000, 6878, 0, 0, 0
5100, 7156, 0, 0, 0
5200, 6780, 0, 0, 0
5300, 7324, 0, 0, 0
5400, 6933, 0, 0, 0
5501, 6970, 0, 0, 0
5600, 7005, 0, 0, 0
5700, 6763, 0, 0, 0
5800, 7057, 0, 0, 0
5900, 7110, 0, 0, 0
6001, 7196, 0, 0, 0
6100, 6985, 0, 0, 0
6201, 6008, 0, 0, 0
6300, 6129, 0, 0, 0
6401, 6810, 0, 0, 0
6500, 6304, 0, 0, 0
6600, 6818, 0, 0, 0
6700, 6656, 0, 0, 0
6800, 6996, 0, 0, 0
6900, 7010, 0, 0, 0
7000, 6883, 0, 0, 0
7100, 7267, 0, 0, 0
7200, 7236, 0, 0, 0
7300, 6490, 0, 0, 0
7400, 7094, 0, 0, 0
7500, 6606, 0, 0, 0
7600, 6495, 0, 0, 0
7700, 6386, 0, 0, 0
7800, 6685, 0, 0, 0
7900, 6324, 0, 0, 0
8000, 6500, 0, 0, 0
8100, 6501, 0, 0, 0
8200, 6277, 0, 0, 0
8301, 6324, 0, 0, 0
8400, 6607, 0, 0, 0
8500, 6336, 0, 0, 0
8600, 6852, 0, 0, 0
8700, 6986, 0, 0, 0
8800, 6814, 0, 0, 0
8900, 7188, 0, 0, 0
9000, 7086, 0, 0, 0
9100, 6654, 0, 0, 0
9200, 6531, 0, 0, 0
9300, 6405, 0, 0, 0
9400, 6292, 0, 0, 0
9500, 5919, 0, 0, 0
9600, 5820, 0, 0, 0
9701, 5178, 0, 0, 0
9800, 6062, 0, 0, 0
9900, 5937, 0, 0, 0
10000, 6346, 0, 0, 0
10100, 6863, 0, 0, 0
10200, 7034, 0, 0, 0
10300, 6930, 0, 0, 0
10400, 6834, 0, 0, 0
10500, 6893, 0, 0, 0
10600, 6823, 0, 0, 0
10701, 6794, 0, 0, 0
10800, 6852, 0, 0, 0
10900, 6833, 0, 0, 0
11000, 7087, 0, 0, 0
11100, 6962, 0, 0, 0
11200, 6978, 0, 0, 0
11300, 6916, 0, 0, 0
11400, 6964, 0, 0, 0
11500, 7025, 0, 0, 0
11600, 7083, 0, 0, 0
11700, 6946, 0, 0, 0
11800, 6753, 0, 0, 0
11900, 6880, 0, 0, 0
12001, 6890, 0, 0, 0
12100, 6865, 0, 0, 0
12200, 6906, 0, 0, 0
12300, 6837, 0, 0, 0
12400, 6945, 0, 0, 0
12500, 6907, 0, 0, 0
12600, 6905, 0, 0, 0
12700, 6860, 0, 0, 0
12800, 7075, 0, 0, 0
12900, 6957, 0, 0, 0
13000, 7170, 0, 0, 0
13100, 6888, 0, 0, 0
13200, 6818, 0, 0, 0
13300, 6902, 0, 0, 0
13400, 7088, 0, 0, 0
13500, 6986, 0, 0, 0
13600, 6710, 0, 0, 0
13701, 7084, 0, 0, 0
13800, 7032, 0, 0, 0
13900, 6866, 0, 0, 0
14000, 6303, 0, 0, 0
14100, 6282, 0, 0, 0
14200, 6559, 0, 0, 0
14300, 6324, 0, 0, 0
14401, 4596, 0, 0, 0
14500, 5090, 0, 0, 0
14600, 6378, 0, 0, 0
14700, 6512, 0, 0, 0
14800, 6282, 0, 0, 0
14900, 6099, 0, 0, 0
15000, 6670, 0, 0, 0
15100, 5937, 0, 0, 0
15200, 5777, 0, 0, 0
15300, 5106, 0, 0, 0
15400, 6468, 0, 0, 0
15500, 6199, 0, 0, 0
15600, 5837, 0, 0, 0
15700, 4853, 0, 0, 0
15800, 6503, 0, 0, 0
15900, 6446, 0, 0, 0
16000, 6637, 0, 0, 0
16100, 6760, 0, 0, 0
16200, 7146, 0, 0, 0
16300, 6999, 0, 0, 0
16400, 6614, 0, 0, 0
16500, 7029, 0, 0, 0
16600, 6693, 0, 0, 0
16700, 6784, 0, 0, 0
16800, 6829, 0, 0, 0
16900, 6798, 0, 0, 0
17000, 6771, 0, 0, 0
17100, 7142, 0, 0, 0
17200, 7291, 0, 0, 0
17300, 7103, 0, 0, 0
17400, 7028, 0, 0, 0
17500, 7074, 0, 0, 0
17601, 6931, 0, 0, 0
17700, 6505, 0, 0, 0
17800, 6230, 0, 0, 0
17900, 6811, 0, 0, 0
18000, 6457, 0, 0, 0
18100, 7191, 0, 0, 0
18200, 7217, 0, 0, 0
18300, 7139, 0, 0, 0
18401, 6505, 0, 0, 0
18500, 6509, 0, 0, 0
18600, 6623, 0, 0, 0
18700, 6912, 0, 0, 0
18800, 6408, 0, 0, 0
18900, 6336, 0, 0, 0
19001, 6307, 0, 0, 0
19100, 6498, 0, 0, 0
19200, 6321, 0, 0, 0
19300, 6466, 0, 0, 0
19401, 6674, 0, 0, 0
19500, 6433, 0, 0, 0
19600, 6533, 0, 0, 0
19700, 6811, 0, 0, 0
19800, 6670, 0, 0, 0
19900, 6995, 0, 0, 0
20000, 6555, 0, 0, 0
20100, 6101, 0, 0, 0
20200, 6434, 0, 0, 0
20300, 6609, 0, 0, 0
20400, 6068, 0, 0, 0
20500, 6036, 0, 0, 0
20600, 6254, 0, 0, 0
20701, 6646, 0, 0, 0
20800, 6802, 0, 0, 0
20901, 6877, 0, 0, 0
21000, 7036, 0, 0, 0
21100, 6666, 0, 0, 0
21201, 6998, 0, 0, 0
21300, 6770, 0, 0, 0
21400, 7113, 0, 0, 0
21501, 7029, 0, 0, 0
21600, 7123, 0, 0, 0
21700, 6692, 0, 0, 0
21800, 6843, 0, 0, 0
21900, 6157, 0, 0, 0
22000, 6831, 0, 0, 0
22100, 6640, 0, 0, 0
22200, 6358, 0, 0, 0
22300, 6383, 0, 0, 0
22400, 5802, 0, 0, 0
22500, 6295, 0, 0, 0
22600, 6221, 0, 0, 0
22700, 6000, 0, 0, 0
22800, 6375, 0, 0, 0
22900, 6446, 0, 0, 0
23000, 5814, 0, 0, 0
23100, 6139, 0, 0, 0
23200, 6320, 0, 0, 0
23301, 6145, 0, 0, 0
23400, 6260, 0, 0, 0
23500, 6454, 0, 0, 0
23600, 5987, 0, 0, 0
23700, 6483, 0, 0, 0
23800, 6554, 0, 0, 0
23900, 6113, 0, 0, 0
24000, 6318, 0, 0, 0
24100, 6202, 0, 0, 0
24200, 7025, 0, 0, 0
24300, 6998, 0, 0, 0
24400, 6839, 0, 0, 0
24500, 7292, 0, 0, 0
24600, 7086, 0, 0, 0
24700, 7126, 0, 0, 0
24800, 6980, 0, 0, 0
24900, 7203, 0, 0, 0
25000, 7301, 0, 0, 0
25100, 7287, 0, 0, 0
25200, 7136, 0, 0, 0
25300, 7247, 0, 0, 0
25401, 7153, 0, 0, 0
25500, 7734, 0, 0, 0
25600, 6658, 0, 0, 0
25700, 7447, 0, 0, 0
25800, 6816, 0, 0, 0
25900, 7034, 0, 0, 0
26001, 7040, 0, 0, 0
26100, 7085, 0, 0, 0
26200, 7160, 0, 0, 0
26300, 6403, 0, 0, 0
26400, 6721, 0, 0, 0
26500, 6602, 0, 0, 0
26600, 6625, 0, 0, 0
26700, 6280, 0, 0, 0
26800, 7004, 0, 0, 0
26900, 6998, 0, 0, 0
27000, 6801, 0, 0, 0
27100, 7034, 0, 0, 0
27200, 6849, 0, 0, 0
27300, 6893, 0, 0, 0
27400, 6830, 0, 0, 0
27500, 6935, 0, 0, 0
27600, 6922, 0, 0, 0
27700, 6982, 0, 0, 0
27800, 7128, 0, 0, 0
27900, 7103, 0, 0, 0
28001, 7048, 0, 0, 0
28100, 7090, 0, 0, 0
28200, 7230, 0, 0, 0
28300, 6902, 0, 0, 0
28400, 7003, 0, 0, 0
28500, 6743, 0, 0, 0
28600, 6956, 0, 0, 0
28700, 6914, 0, 0, 0
28800, 6913, 0, 0, 0
28900, 6917, 0, 0, 0
29000, 6865, 0, 0, 0
29100, 6941, 0, 0, 0
29201, 7032, 0, 0, 0
29300, 6655, 0, 0, 0
29400, 7063, 0, 0, 0
29500, 6071, 0, 0, 0
29600, 6240, 0, 0, 0
29700, 6575, 0, 0, 0
29800, 6253, 0, 0, 0
29900, 6198, 0, 0, 0
30000, 5554, 0, 0, 0
30100, 5198, 0, 0, 0
30200, 5421, 0, 0, 0
30300, 6053, 0, 0, 0
30400, 6357, 0, 0, 0
30500, 6317, 0, 0, 0
30600, 6439, 0, 0, 0
30700, 6281, 0, 0, 0
30800, 6416, 0, 0, 0
30900, 6364, 0, 0, 0
31001, 6489, 0, 0, 0
31100, 6350, 0, 0, 0
31200, 6366, 0, 0, 0
31300, 6246, 0, 0, 0
31400, 6369, 0, 0, 0
31500, 6412, 0, 0, 0
31600, 6289, 0, 0, 0
31700, 6476, 0, 0, 0
31800, 6632, 0, 0, 0
31900, 6570, 0, 0, 0
32000, 6804, 0, 0, 0
32100, 6336, 0, 0, 0
32200, 6632, 0, 0, 0
32301, 6864, 0, 0, 0
32400, 7083, 0, 0, 0
32500, 7146, 0, 0, 0
32600, 6911, 0, 0, 0
32700, 6969, 0, 0, 0
32800, 6915, 0, 0, 0
32900, 6867, 0, 0, 0
33000, 7024, 0, 0, 0
33100, 6984, 0, 0, 0
33200, 6840, 0, 0, 0
33300, 7181, 0, 0, 0
33400, 6791, 0, 0, 0
33500, 6871, 0, 0, 0
33600, 7026, 0, 0, 0
33700, 6846, 0, 0, 0
33800, 7093, 0, 0, 0
33900, 7390, 0, 0, 0
34001, 6992, 0, 0, 0
34100, 6973, 0, 0, 0
34200, 6786, 0, 0, 0
34300, 6541, 0, 0, 0
34400, 6432, 0, 0, 0
34500, 6166, 0, 0, 0
34600, 6472, 0, 0, 0
34700, 6826, 0, 0, 0
34800, 6917, 0, 0, 0
34900, 7093, 0, 0, 0
35000, 6930, 0, 0, 0
35100, 6871, 0, 0, 0
35200, 7131, 0, 0, 0
35300, 7073, 0, 0, 0
35400, 7091, 0, 0, 0
35500, 7322, 0, 0, 0
35600, 7133, 0, 0, 0
35700, 6591, 0, 0, 0
35800, 6289, 0, 0, 0
35900, 6718, 0, 0, 0
36000, 6443, 0, 0, 0
36100, 6441, 0, 0, 0
36200, 6450, 0, 0, 0
36300, 6283, 0, 0, 0
36401, 6298, 0, 0, 0
36500, 5650, 0, 0, 0
36601, 6151, 0, 0, 0
36700, 6444, 0, 0, 0
36801, 6526, 0, 0, 0
36900, 6536, 0, 0, 0
37000, 6309, 0, 0, 0
37100, 5906, 0, 0, 0
37200, 6564, 0, 0, 0
37300, 6307, 0, 0, 0
37401, 6294, 0, 0, 0
37500, 6246, 0, 0, 0
37600, 6416, 0, 0, 0
37701, 6384, 0, 0, 0
37800, 6230, 0, 0, 0
37900, 6361, 0, 0, 0
38000, 6296, 0, 0, 0
38100, 6351, 0, 0, 0
38200, 6268, 0, 0, 0
38300, 6421, 0, 0, 0
38400, 6438, 0, 0, 0
38500, 6523, 0, 0, 0
38600, 6382, 0, 0, 0
38701, 6493, 0, 0, 0
38800, 6432, 0, 0, 0
38900, 6187, 0, 0, 0
39000, 6070, 0, 0, 0
39100, 6131, 0, 0, 0
39200, 6071, 0, 0, 0
39300, 6312, 0, 0, 0
39400, 6496, 0, 0, 0
39500, 6524, 0, 0, 0
39600, 6492, 0, 0, 0
39700, 6316, 0, 0, 0
39800, 6146, 0, 0, 0
39900, 6671, 0, 0, 0
40000, 6465, 0, 0, 0
40100, 6423, 0, 0, 0
40201, 6011, 0, 0, 0
40300, 6508, 0, 0, 0
40401, 6175, 0, 0, 0
40500, 6188, 0, 0, 0
40600, 6377, 0, 0, 0
40700, 6483, 0, 0, 0
40800, 6392, 0, 0, 0
40900, 6532, 0, 0, 0
41001, 6625, 0, 0, 0
41100, 6249, 0, 0, 0
41200, 6456, 0, 0, 0
41300, 6625, 0, 0, 0
41400, 6575, 0, 0, 0
41501, 6659, 0, 0, 0
41600, 6482, 0, 0, 0
41700, 6866, 0, 0, 0
41800, 6436, 0, 0, 0
41900, 6437, 0, 0, 0
42000, 6469, 0, 0, 0
42100, 6563, 0, 0, 0
42200, 6497, 0, 0, 0
42300, 6445, 0, 0, 0
42400, 6384, 0, 0, 0
42501, 6125, 0, 0, 0
42600, 6557, 0, 0, 0
42700, 6479, 0, 0, 0
42800, 6250, 0, 0, 0
42900, 6303, 0, 0, 0
43000, 6940, 0, 0, 0
43100, 6767, 0, 0, 0
43200, 6997, 0, 0, 0
43300, 7010, 0, 0, 0
43400, 6945, 0, 0, 0
43500, 6880, 0, 0, 0
43600, 7166, 0, 0, 0
43700, 6825, 0, 0, 0
43800, 7173, 0, 0, 0
43900, 7535, 0, 0, 0
44000, 6499, 0, 0, 0
44100, 6312, 0, 0, 0
44200, 6461, 0, 0, 0
44300, 6542, 0, 0, 0
44400, 6364, 0, 0, 0
44500, 6601, 0, 0, 0
44600, 6307, 0, 0, 0
44700, 6114, 0, 0, 0
44800, 6253, 0, 0, 0
44900, 6228, 0, 0, 0
45000, 6342, 0, 0, 0
45100, 6534, 0, 0, 0
45200, 6557, 0, 0, 0
45300, 6237, 0, 0, 0
45400, 5847, 0, 0, 0
45500, 6165, 0, 0, 0
45600, 6460, 0, 0, 0
45700, 6426, 0, 0, 0
45800, 6467, 0, 0, 0
45901, 6110, 0, 0, 0
46000, 6238, 0, 0, 0
46100, 6376, 0, 0, 0
46200, 6464, 0, 0, 0
46300, 6394, 0, 0, 0
46400, 6514, 0, 0, 0
46500, 6244, 0, 0, 0
46600, 6324, 0, 0, 0
46700, 6421, 0, 0, 0
46800, 6274, 0, 0, 0
46900, 6411, 0, 0, 0
47000, 6698, 0, 0, 0
47101, 6252, 0, 0, 0
47200, 6252, 0, 0, 0
47300, 6360, 0, 0, 0
47400, 6134, 0, 0, 0
47500, 6694, 0, 0, 0
47601, 6473, 0, 0, 0
47700, 6141, 0, 0, 0
47800, 6164, 0, 0, 0
47900, 6394, 0, 0, 0
48000, 6507, 0, 0, 0
48100, 6295, 0, 0, 0
48200, 6238, 0, 0, 0
48300, 6420, 0, 0, 0
48400, 6617, 0, 0, 0
48501, 6430, 0, 0, 0
48601, 6430, 0, 0, 0
48700, 6608, 0, 0, 0
48800, 6511, 0, 0, 0
48900, 6498, 0, 0, 0
49000, 6317, 0, 0, 0
49100, 6501, 0, 0, 0
49200, 6403, 0, 0, 0
49300, 6338, 0, 0, 0
49400, 6609, 0, 0, 0
49500, 6266, 0, 0, 0
49600, 6251, 0, 0, 0
49700, 6125, 0, 0, 0
49800, 6161, 0, 0, 0
49901, 5801, 0, 0, 0
50000, 6292, 0, 0, 0
50100, 7031, 0, 0, 0
50200, 6920, 0, 0, 0
50300, 7306, 0, 0, 0
50400, 7067, 0, 0, 0
50500, 6686, 0, 0, 0
50600, 6392, 0, 0, 0
50700, 6078, 0, 0, 0
50800, 6455, 0, 0, 0
50900, 6450, 0, 0, 0
51000, 6418, 0, 0, 0
51100, 6095, 0, 0, 0
51200, 6587, 0, 0, 0
51300, 6336, 0, 0, 0
51400, 6456, 0, 0, 0
51500, 6295, 0, 0, 0
51600, 6250, 0, 0, 0
51700, 6600, 0, 0, 0
51800, 6395, 0, 0, 0
51900, 6383, 0, 0, 0
52000, 6499, 0, 0, 0
52100, 6575, 0, 0, 0
52200, 6602, 0, 0, 0
52300, 6696, 0, 0, 0
52400, 6536, 0, 0, 0
52500, 6213, 0, 0, 0
52600, 6387, 0, 0, 0
52700, 6469, 0, 0, 0
52801, 6293, 0, 0, 0
52900, 6274, 0, 0, 0
53000, 6204, 0, 0, 0
53100, 6002, 0, 0, 0
53200, 6205, 0, 0, 0
53300, 6303, 0, 0, 0
53400, 6424, 0, 0, 0
53500, 6423, 0, 0, 0
53601, 6563, 0, 0, 0
53701, 6418, 0, 0, 0
53801, 6555, 0, 0, 0
53900, 6637, 0, 0, 0
54000, 6662, 0, 0, 0
54100, 6299, 0, 0, 0
54200, 5667, 0, 0, 0
54300, 6289, 0, 0, 0
54400, 6335, 0, 0, 0
54500, 6492, 0, 0, 0
54600, 6516, 0, 0, 0
54700, 6268, 0, 0, 0
54800, 6544, 0, 0, 0
54901, 6707, 0, 0, 0
55000, 7204, 0, 0, 0
55100, 6529, 0, 0, 0
55200, 6919, 0, 0, 0
55300, 6543, 0, 0, 0
55400, 6658, 0, 0, 0
55500, 6377, 0, 0, 0
55601, 6558, 0, 0, 0
55700, 6326, 0, 0, 0
55800, 6215, 0, 0, 0
55901, 6252, 0, 0, 0
56000, 6445, 0, 0, 0
56100, 6515, 0, 0, 0
56200, 6411, 0, 0, 0
56300, 6993, 0, 0, 0
56400, 6952, 0, 0, 0
56500, 6993, 0, 0, 0
56600, 7070, 0, 0, 0
56700, 7101, 0, 0, 0
56800, 6966, 0, 0, 0
56900, 6878, 0, 0, 0
57000, 6990, 0, 0, 0
57100, 6837, 0, 0, 0
57200, 6934, 0, 0, 0
57300, 7182, 0, 0, 0
57400, 6813, 0, 0, 0
57500, 6798, 0, 0, 0
57600, 6841, 0, 0, 0
57700, 7157, 0, 0, 0
57800, 6684, 0, 0, 0
57900, 6586, 0, 0, 0
58000, 6434, 0, 0, 0
58100, 6676, 0, 0, 0
58200, 6821, 0, 0, 0
58301, 6452, 0, 0, 0
58400, 6791, 0, 0, 0
58500, 6475, 0, 0, 0
58600, 6678, 0, 0, 0
58700, 6380, 0, 0, 0
58800, 6934, 0, 0, 0
58900, 6850, 0, 0, 0
59000, 6520, 0, 0, 0
59100, 6722, 0, 0, 0
59200, 6588, 0, 0, 0
59300, 6589, 0, 0, 0
59400, 6747, 0, 0, 0
59501, 6780, 0, 0, 0
59600, 6220, 0, 0, 0
59700, 6047, 0, 0, 0
59800, 5782, 0, 0, 0
59900, 6248, 0, 0, 0
60000, 6604, 0, 0, 0
