100, 9826, 1, 0, 0
201, 10570, 1, 0, 0
300, 11540, 1, 0, 0
401, 11181, 1, 0, 0
504, 9479, 1, 0, 0
602, 9666, 1, 0, 0
703, 9053, 1, 0, 0
802, 9935, 1, 0, 0
900, 9191, 1, 0, 0
1000, 10224, 1, 0, 0
1101, 9605, 1, 0, 0
1202, 11077, 1, 0, 0
1301, 11294, 1, 0, 0
1401, 12918, 1, 0, 0
1503, 14047, 1, 0, 0
1600, 12650, 1, 0, 0
1703, 10813, 1, 0, 0
1808, 9391, 1, 0, 0
1902, 10572, 1, 0, 0
2003, 8505, 1, 0, 0
2101, 7875, 1, 0, 0
2200, 10202, 1, 0, 0
2301, 10639, 1, 0, 0
2400, 9964, 1, 0, 0
2501, 8547, 1, 0, 0
2600, 9414, 1, 0, 0
2700, 11412, 1, 0, 0
2800, 12110, 1, 0, 0
2905, 11124, 1, 0, 0
3000, 10732, 1, 0, 0
3108, 9424, 1, 0, 0
3201, 8245, 1, 0, 0
3302, 9540, 1, 0, 0
3400, 10117, 1, 0, 0
3500, 10628, 1, 0, 0
3603, 10282, 1, 0, 0
3701, 10680, 1, 0, 0
3802, 10134, 1, 0, 0
3900, 11726, 1, 0, 0
4003, 11120, 1, 0, 0
4101, 7868, 1, 0, 0
4200, 8155, 1, 0, 0
4302, 10952, 1, 0, 0
4401, 8007, 1, 0, 0
4500, 9685, 1, 0, 0
4600, 8788, 1, 0, 0
4701, 9444, 1, 0, 0
4800, 8475, 1, 0, 0
4900, 8808, 1, 0, 0
5000, 8602, 1, 0, 0
5101, 8951, 1, 0, 0
5201, 8530, 1, 0, 0
5301, 8785, 1, 0, 0
5401, 8903, 1, 0, 0
5501, 8755, 1, 0, 0
5600, 8110, 1, 0, 0
5701, 8442, 1, 0, 0
5800, 10308, 1, 0, 0
5900, 10001, 1, 0, 0
6001, 8706, 1, 0, 0
6103, 9163, 1, 0, 0
6201, 8665, 1, 0, 0
6300, 9775, 1, 0, 0
6402, 9865, 1, 0, 0
6501, 8413, 1, 0, 0
6600, 8068, 1, 0, 0
6700, 9167, 1, 0, 0
6800, 10424, 1, 0, 0
6905, 9293, 1, 0, 0
7000, 10392, 1, 0, 0
7101, 10201, 1, 0, 0
7200, 11393, 1, 0, 0
7302, 12844, 1, 0, 0
7405, 12206, 1, 0, 0
7501, 9261, 1, 0, 0
7600, 8477, 1, 0, 0
7701, 9334, 1, 0, 0
7801, 9076, 1, 0, 0
7903, 8215, 1, 0, 0
8000, 8927, 1, 0, 0
8101, 9565, 1, 0, 0
8200, 10314, 1, 0, 0
8303, 9828, 1, 0, 0
8400, 8290, 1, 0, 0
8500, 8383, 1, 0, 0
8600, 8796, 1, 0, 0
8702, 9424, 1, 0, 0
8812, 9198, 1, 0, 0
8900, 9325, 1, 0, 0
9000, 9004, 1, 0, 0
9102, 10318, 1, 0, 0
9200, 9099, 1, 0, 0
9303, 9539, 1, 0, 0
9402, 9946, 1, 0, 0
9500, 10257, 1, 0, 0
9600, 8307, 1, 0, 0
9704, 8107, 1, 0, 0
9800, 7701, 1, 0, 0
9900, 9336, 1, 0, 0
10001, 10882, 1, 0, 0
10100, 10057, 1, 0, 0
10206, 12432, 1, 0, 0
10304, 11362, 1, 0, 0
10400, 9730, 1, 0, 0
10502, 9787, 1, 0, 0
10600, 9788, 1, 0, 0
10701, 12199, 1, 0, 0
10800, 12496, 1, 0, 0
10900, 9603, 1, 0, 0
11004, 9176, 1, 0, 0
11100, 9632, 1, 0, 0
11203, 11639, 1, 0, 0
11302, 8545, 1, 0, 0
11400, 9537, 1, 0, 0
11505, 12334, 1, 0, 0
11600, 11550, 1, 0, 0
11701, 11744, 1, 0, 0
11800, 9374, 1, 0, 0
11902, 9775, 1, 0, 0
12001, 8525, 1, 0, 0
12101, 10896, 1, 0, 0
12200, 11221, 1, 0, 0
12302, 9553, 1, 0, 0
12401, 7954, 1, 0, 0
12500, 7052, 1, 0, 0
12600, 8197, 1, 0, 0
12700, 10047, 1, 0, 0
12803, 10225, 1, 0, 0
12900, 7391, 1, 0, 0
13000, 8991, 1, 0, 0
13101, 8527, 1, 0, 0
13201, 8743, 1, 0, 0
13302, 8881, 1, 0, 0
13404, 8976, 1, 0, 0
13500, 9413, 1, 0, 0
13602, 9239, 1, 0, 0
13700, 8629, 1, 0, 0
13803, 8093, 1, 0, 0
13900, 8915, 1, 0, 0
14003, 10081, 1, 0, 0
14100, 10957, 1, 0, 0
14203, 10753, 1, 0, 0
14301, 8976, 1, 0, 0
14400, 8299, 1, 0, 0
14501, 8148, 1, 0, 0
14600, 10029, 1, 0, 0
14700, 10273, 1, 0, 0
14800, 9348, 1, 0, 0
14900, 7860, 1, 0, 0
15000, 7718, 1, 0, 0
15100, 8380, 1, 0, 0
15200, 8089, 1, 0, 0
15303, 8092, 1, 0, 0
15400, 8565, 1, 0, 0
15504, 9517, 1, 0, 0
15600, 7887, 1, 0, 0
15701, 7749, 1, 0, 0
15800, 9523, 1, 0, 0
15903, 9658, 1, 0, 0
16000, 12448, 1, 0, 0
16102, 12266, 1, 0, 0
16200, 12879, 1, 0, 0
16300, 11098, 1, 0, 0
16400, 11627, 1, 0, 0
16500, 12108, 1, 0, 0
16600, 9695, 1, 0, 0
16701, 9774, 1, 0, 0
16804, 10045, 1, 0, 0
16900, 7610, 1, 0, 0
17000, 9240, 1, 0, 0
17102, 10615, 1, 0, 0
17200, 10931, 1, 0, 0
17302, 9204, 1, 0, 0
17401, 9804, 1, 0, 0
17500, 9658, 1, 0, 0
17600, 7451, 1, 0, 0
17701, 9210, 1, 0, 0
17803, 7640, 1, 0, 0
17903, 9297, 1, 0, 0
18000, 8372, 1, 0, 0
18100, 8851, 1, 0, 0
18202, 10567, 1, 0, 0
18300, 9581, 1, 0, 0
18400, 8365, 1, 0, 0
18500, 10298, 1, 0, 0
18601, 10982, 1, 0, 0
18700, 11590, 1, 0, 0
18801, 10644, 1, 0, 0
18900, 9872, 1, 0, 0
19000, 9558, 1, 0, 0
19102, 10746, 1, 0, 0
19201, 8895, 1, 0, 0
19302, 9504, 1, 0, 0
19403, 9441, 1, 0, 0
19500, 8892, 1, 0, 0
19600, 9733, 1, 0, 0
19701, 12637, 1, 0, 0
19800, 10955, 1, 0, 0
19902, 12190, 1, 0, 0
20000, 10962, 1, 0, 0
20105, 10697, 1, 0, 0
20200, 11657, 1, 0, 0
20301, 11644, 1, 0, 0
20401, 7733, 1, 0, 0
20500, 9230, 1, 0, 0
20602, 8932, 1, 0, 0
20702, 8572, 1, 0, 0
20800, 7565, 1, 0, 0
20902, 8511, 1, 0, 0
21003, 7929, 1, 0, 0
21103, 8538, 1, 0, 0
21203, 9520, 1, 0, 0
21304, 10095, 1, 0, 0
21402, 8723, 1, 0, 0
21500, 10635, 1, 0, 0
21602, 10782, 1, 0, 0
21701, 10112, 1, 0, 0
21801, 11198, 1, 0, 0
21910, 9283, 1, 0, 0
22000, 9886, 1, 0, 0
22101, 7853, 1, 0, 0
22200, 8032, 1, 0, 0
22302, 9296, 1, 0, 0
22400, 8966, 1, 0, 0
22500, 8601, 1, 0, 0
22600, 8227, 1, 0, 0
22701, 9658, 1, 0, 0
22801, 9548, 1, 0, 0
22901, 10147, 1, 0, 0
23000, 9621, 1, 0, 0
23100, 8403, 1, 0, 0
23200, 8780, 1, 0, 0
23300, 9353, 1, 0, 0
23402, 11288, 1, 0, 0
23500, 8451, 1, 0, 0
23600, 9017, 1, 0, 0
23700, 9152, 1, 0, 0
23800, 8300, 1, 0, 0
23900, 8652, 1, 0, 0
24002, 9007, 1, 0, 0
24100, 8419, 1, 0, 0
24200, 9632, 1, 0, 0
24300, 11050, 1, 0, 0
24402, 10599, 1, 0, 0
24500, 10072, 1, 0, 0
24601, 9778, 1, 0, 0
24700, 9585, 1, 0, 0
24802, 10190, 1, 0, 0
24900, 8116, 1, 0, 0
25002, 8378, 1, 0, 0
25101, 8087, 1, 0, 0
25201, 8617, 1, 0, 0
25302, 8805, 1, 0, 0
25400, 8866, 1, 0, 0
25502, 9362, 1, 0, 0
25600, 9377, 1, 0, 0
25700, 9478, 1, 0, 0
25801, 9648, 1, 0, 0
25900, 8558, 1, 0, 0
26000, 9342, 1, 0, 0
26100, 10770, 1, 0, 0
26200, 9901, 1, 0, 0
26301, 10425, 1, 0, 0
26401, 9415, 1, 0, 0
26500, 9911, 1, 0, 0
26600, 9802, 1, 0, 0
26700, 10656, 1, 0, 0
26800, 10401, 1, 0, 0
26900, 10407, 1, 0, 0
27000, 12099, 1, 0, 0
27100, 9530, 1, 0, 0
27201, 9521, 1, 0, 0
27300, 11683, 1, 0, 0
27400, 10494, 1, 0, 0
27502, 10283, 1, 0, 0
27601, 10722, 1, 0, 0
27700, 10447, 1, 0, 0
27800, 12644, 1, 0, 0
27900, 11632, 1, 0, 0
28002, 10915, 1, 0, 0
28100, 9714, 1, 0, 0
28202, 10640, 1, 0, 0
28300, 10003, 1, 0, 0
28400, 10124, 1, 0, 0
28500, 9996, 1, 0, 0
28600, 10769, 1, 0, 0
28700, 9673, 1, 0, 0
28800, 10667, 1, 0, 0
28900, 11065, 1, 0, 0
29000, 10820, 1, 0, 0
29100, 10914, 1, 0, 0
29200, 12588, 1, 0, 0
29300, 11944, 1, 0, 0
29401, 9459, 1, 0, 0
29505, 9125, 1, 0, 0
29601, 8847, 1, 0, 0
29701, 10724, 1, 0, 0
29802, 10551, 1, 0, 0
29902, 12379, 1, 0, 0
30002, 10152, 1, 0, 0
30100, 9398, 1, 0, 0
30200, 10040, 1, 0, 0
30302, 10010, 1, 0, 0
30401, 12440, 1, 0, 0
30500, 10745, 1, 0, 0
30601, 11353, 1, 0, 0
30701, 11481, 1, 0, 0
30800, 10090, 1, 0, 0
30903, 9015, 1, 0, 0
31003, 9399, 1, 0, 0
31100, 9592, 1, 0, 0
31200, 10427, 1, 0, 0
31301, 11567, 1, 0, 0
31401, 9310, 1, 0, 0
31500, 11290, 1, 0, 0
31600, 9553, 1, 0, 0
31702, 9714, 1, 0, 0
31801, 9149, 1, 0, 0
31903, 11696, 1, 0, 0
32004, 9051, 1, 0, 0
32103, 9518, 1, 0, 0
32200, 8345, 1, 0, 0
32300, 7463, 1, 0, 0
32400, 9143, 1, 0, 0
32501, 8675, 1, 0, 0
32601, 8821, 1, 0, 0
32700, 9131, 1, 0, 0
32800, 7561, 1, 0, 0
32901, 10134, 1, 0, 0
33001, 8030, 1, 0, 0
33101, 10100, 1, 0, 0
33202, 9907, 1, 0, 0
33300, 9741, 1, 0, 0
33402, 9407, 1, 0, 0
33507, 10600, 1, 0, 0
33600, 9965, 1, 0, 0
33701, 8665, 1, 0, 0
33802, 8193, 1, 0, 0
33900, 8042, 1, 0, 0
34001, 11214, 1, 0, 0
34100, 11532, 1, 0, 0
34200, 11331, 1, 0, 0
34302, 11855, 1, 0, 0
34400, 12722, 1, 0, 0
34500, 11172, 1, 0, 0
34601, 10941, 1, 0, 0
34700, 10757, 1, 0, 0
34800, 8549, 1, 0, 0
34900, 9115, 1, 0, 0
35000, 11062, 1, 0, 0
35100, 11718, 1, 0, 0
35207, 11959, 1, 0, 0
35301, 10260, 1, 0, 0
35400, 8103, 1, 0, 0
35500, 8611, 1, 0, 0
35601, 9058, 1, 0, 0
35700, 9223, 1, 0, 0
35800, 9534, 1, 0, 0
35904, 7934, 1, 0, 0
36000, 8165, 1, 0, 0
36102, 8759, 1, 0, 0
36200, 8260, 1, 0, 0
36301, 8313, 1, 0, 0
36402, 8611, 1, 0, 0
36500, 8994, 1, 0, 0
36601, 9270, 1, 0, 0
36702, 10109, 1, 0, 0
36861, 10951, 1, 0, 0
36900, 9573, 1, 0, 0
37000, 11376, 1, 0, 0
37101, 11138, 1, 0, 0
37203, 10306, 1, 0, 0
37300, 10290, 1, 0, 0
37400, 10999, 1, 0, 0
37500, 11698, 1, 0, 0
37600, 11492, 1, 0, 0
37700, 11432, 1, 0, 0
37803, 10060, 1, 0, 0
37901, 10928, 1, 0, 0
38002, 10868, 1, 0, 0
38103, 12416, 1, 0, 0
38201, 11562, 1, 0, 0
38304, 12695, 1, 0, 0
38400, 11035, 1, 0, 0
38500, 12187, 1, 0, 0
38601, 11294, 1, 0, 0
38700, 10674, 1, 0, 0
38800, 10859, 1, 0, 0
38902, 11345, 1, 0, 0
39000, 12214, 1, 0, 0
39100, 10585, 1, 0, 0
39200, 11657, 1, 0, 0
39300, 10776, 1, 0, 0
39400, 11474, 1, 0, 0
39501, 11152, 1, 0, 0
39607, 12800, 1, 0, 0
39700, 10963, 1, 0, 0
39801, 9430, 1, 0, 0
39901, 11929, 1, 0, 0
40002, 12429, 1, 0, 0
40100, 11300, 1, 0, 0
40200, 11233, 1, 0, 0
40300, 9977, 1, 0, 0
40401, 11550, 1, 0, 0
40501, 10339, 1, 0, 0
40601, 11517, 1, 0, 0
40703, 9322, 1, 0, 0
40800, 10245, 1, 0, 0
40900, 9248, 1, 0, 0
41001, 7967, 1, 0, 0
41100, 9270, 1, 0, 0
41200, 9663, 1, 0, 0
41300, 9943, 1, 0, 0
41402, 10479, 1, 0, 0
41500, 11945, 1, 0, 0
41600, 9960, 1, 0, 0
41700, 9470, 1, 0, 0
41801, 9941, 1, 0, 0
41900, 9775, 1, 0, 0
42000, 8519, 1, 0, 0
42102, 8885, 1, 0, 0
42200, 9581, 1, 0, 0
42301, 10086, 1, 0, 0
42400, 8040, 1, 0, 0
42500, 9834, 1, 0, 0
42602, 10264, 1, 0, 0
42700, 8865, 1, 0, 0
42800, 9889, 1, 0, 0
42903, 9969, 1, 0, 0
43003, 11327, 1, 0, 0
43110, 11583, 1, 0, 0
43200, 12436, 1, 0, 0
43301, 11500, 1, 0, 0
43400, 12898, 1, 0, 0
43501, 10554, 1, 0, 0
43600, 9713, 1, 0, 0
43700, 9102, 1, 0, 0
43802, 9777, 1, 0, 0
43900, 9526, 1, 0, 0
44000, 8112, 1, 0, 0
44100, 9088, 1, 0, 0
44200, 7386, 1, 0, 0
44302, 7846, 1, 0, 0
44402, 8009, 1, 0, 0
44500, 8573, 1, 0, 0
44601, 9306, 1, 0, 0
44700, 8689, 1, 0, 0
44802, 8694, 1, 0, 0
44900, 7715, 1, 0, 0
45002, 7916, 1, 0, 0
45101, 7536, 1, 0, 0
45200, 8293, 1, 0, 0
45302, 7809, 1, 0, 0
45400, 8111, 1, 0, 0
45501, 8202, 1, 0, 0
45604, 8306, 1, 0, 0
45702, 7799, 1, 0, 0
45801, 8924, 1, 0, 0
45902, 9363, 1, 0, 0
46000, 9563, 1, 0, 0
46100, 8598, 1, 0, 0
46200, 9716, 1, 0, 0
46300, 9031, 1, 0, 0
46400, 10521, 1, 0, 0
46500, 11644, 1, 0, 0
46601, 11633, 1, 0, 0
46707, 10889, 1, 0, 0
46801, 10613, 1, 0, 0
46901, 9950, 1, 0, 0
47000, 11548, 1, 0, 0
47100, 10248, 1, 0, 0
47200, 10254, 1, 0, 0
47301, 11564, 1, 0, 0
47400, 10064, 1, 0, 0
47502, 11163, 1, 0, 0
47600, 10100, 1, 0, 0
47700, 10704, 1, 0, 0
47801, 10808, 1, 0, 0
47900, 10966, 1, 0, 0
48000, 10186, 1, 0, 0
48100, 10033, 1, 0, 0
48200, 9354, 1, 0, 0
48302, 10759, 1, 0, 0
48400, 10510, 1, 0, 0
48500, 10245, 1, 0, 0
48600, 11306, 1, 0, 0
48704, 10110, 1, 0, 0
48801, 10038, 1, 0, 0
48901, 11615, 1, 0, 0
49001, 11264, 1, 0, 0
49101, 10690, 1, 0, 0
49200, 11854, 1, 0, 0
49300, 11981, 1, 0, 0
49400, 10319, 1, 0, 0
49502, 11336, 1, 0, 0
49600, 11316, 1, 0, 0
49701, 9259, 1, 0, 0
49800, 8962, 1, 0, 0
49900, 9676, 1, 0, 0
50000, 10505, 1, 0, 0
50101, 10941, 1, 0, 0
50201, 9776, 1, 0, 0
50300, 8722, 1, 0, 0
50400, 9815, 1, 0, 0
50500, 11747, 1, 0, 0
50600, 11611, 1, 0, 0
50700, 11521, 1, 0, 0
50801, 11076, 1, 0, 0
50902, 12110, 1, 0, 0
51001, 10398, 1, 0, 0
51102, 10205, 1, 0, 0
51246, 11512, 1, 0, 0
51300, 10599, 1, 0, 0
51401, 10842, 1, 0, 0
51504, 9385, 1, 0, 0
51601, 12867, 1, 0, 0
51701, 12447, 1, 0, 0
51800, 14822, 1, 0, 0
51900, 13905, 1, 0, 0
52000, 11882, 1, 0, 0
52100, 10919, 1, 0, 0
52201, 12695, 1, 0, 0
52301, 11642, 1, 0, 0
52400, 10561, 1, 0, 0
52501, 10564, 1, 0, 0
52601, 10077, 1, 0, 0
52702, 9905, 1, 0, 0
52802, 8691, 1, 0, 0
52903, 9624, 1, 0, 0
53000, 9498, 1, 0, 0
53100, 10204, 1, 0, 0
53200, 8407, 1, 0, 0
53300, 7804, 1, 0, 0
53402, 9158, 1, 0, 0
53502, 9075, 1, 0, 0
53600, 10592, 1, 0, 0
53701, 9772, 1, 0, 0
53814, 10115, 1, 0, 0
53900, 8763, 1, 0, 0
54000, 9518, 1, 0, 0
54103, 8236, 1, 0, 0
54204, 8917, 1, 0, 0
54303, 7835, 1, 0, 0
54400, 7698, 1, 0, 0
54502, 7923, 1, 0, 0
54603, 8098, 1, 0, 0
54700, 8165, 1, 0, 0
54800, 8149, 1, 0, 0
54900, 8233, 1, 0, 0
55001, 9541, 1, 0, 0
55101, 10677, 1, 0, 0
55202, 9841, 1, 0, 0
55301, 9874, 1, 0, 0
55402, 9441, 1, 0, 0
55504, 9947, 1, 0, 0
55600, 9098, 1, 0, 0
55700, 9750, 1, 0, 0
55800, 9777, 1, 0, 0
55901, 10084, 1, 0, 0
56001, 11244, 1, 0, 0
56103, 9843, 1, 0, 0
56200, 10725, 1, 0, 0
56300, 9931, 1, 0, 0
56404, 10073, 1, 0, 0
56500, 10881, 1, 0, 0
56603, 11065, 1, 0, 0
56700, 11549, 1, 0, 0
56801, 10862, 1, 0, 0
56901, 11159, 1, 0, 0
57000, 9871, 1, 0, 0
57100, 9978, 1, 0, 0
57202, 9686, 1, 0, 0
57300, 8799, 1, 0, 0
57401, 9237, 1, 0, 0
57503, 10102, 1, 0, 0
57601, 9576, 1, 0, 0
57700, 10005, 1, 0, 0
57815, 10589, 1, 0, 0
57900, 10930, 1, 0, 0
58000, 9744, 1, 0, 0
58100, 11388, 1, 0, 0
58202, 12007, 1, 0, 0
58301, 12220, 1, 0, 0
58400, 12319, 1, 0, 0
58500, 11953, 1, 0, 0
58600, 12385, 1, 0, 0
58700, 11599, 1, 0, 0
58800, 9705, 1, 0, 0
58902, 8574, 1, 0, 0
59006, 10153, 1, 0, 0
59100, 9432, 1, 0, 0
59203, 10827, 1, 0, 0
59300, 10870, 1, 0, 0
59404, 12800, 1, 0, 0
59501, 12287, 1, 0, 0
59600, 13092, 1, 0, 0
59701, 12319, 1, 0, 0
59801, 12251, 1, 0, 0
59900, 11083, 1, 0, 0
60000, 11103, 1, 0, 0
60103, 11496, 1, 0, 0
60200, 11419, 1, 0, 0
60301, 10481, 1, 0, 0
60400, 10356, 1, 0, 0
60500, 9231, 1, 0, 0
60603, 9187, 1, 0, 0
60700, 11004, 1, 0, 0
60801, 11501, 1, 0, 0
60901, 9670, 1, 0, 0
61002, 9589, 1, 0, 0
61100, 9167, 1, 0, 0
61201, 12386, 1, 0, 0
61301, 11545, 1, 0, 0
61400, 10131, 1, 0, 0
61502, 9966, 1, 0, 0
61600, 9460, 1, 0, 0
61700, 10750, 1, 0, 0
61800, 9419, 1, 0, 0
61900, 9268, 1, 0, 0
62002, 9410, 1, 0, 0
62100, 9019, 1, 0, 0
62201, 10041, 1, 0, 0
62300, 9898, 1, 0, 0
62401, 8657, 1, 0, 0
62500, 8338, 1, 0, 0
62600, 9077, 1, 0, 0
62700, 9582, 1, 0, 0
62800, 10308, 1, 0, 0
62901, 9677, 1, 0, 0
63001, 8624, 1, 0, 0
63100, 10238, 1, 0, 0
63202, 11831, 1, 0, 0
63300, 11116, 1, 0, 0
63402, 12388, 1, 0, 0
63502, 12021, 1, 0, 0
63600, 11087, 1, 0, 0
63701, 12063, 1, 0, 0
63800, 10294, 1, 0, 0
63903, 12357, 1, 0, 0
64000, 12548, 1, 0, 0
64100, 11204, 1, 0, 0
64203, 10178, 1, 0, 0
64304, 8373, 1, 0, 0
64403, 7901, 1, 0, 0
64501, 9602, 1, 0, 0
64600, 9592, 1, 0, 0
64700, 10266, 1, 0, 0
64800, 10966, 1, 0, 0
64900, 12597, 1, 0, 0
65000, 11596, 1, 0, 0
65101, 9380, 1, 0, 0
65200, 7503, 1, 0, 0
65302, 8708, 1, 0, 0
65400, 8320, 1, 0, 0
65500, 8180, 1, 0, 0
65600, 8629, 1, 0, 0
65700, 7432, 1, 0, 0
65800, 8776, 1, 0, 0
65902, 8492, 1, 0, 0
66000, 10288, 1, 0, 0
66100, 10440, 1, 0, 0
66200, 9776, 1, 0, 0
66301, 9664, 1, 0, 0
66400, 9497, 1, 0, 0
66500, 10098, 1, 0, 0
66600, 9574, 1, 0, 0
66701, 10348, 1, 0, 0
66800, 8500, 1, 0, 0
66900, 9718, 1, 0, 0
67000, 9219, 1, 0, 0
67100, 10091, 1, 0, 0
67201, 9966, 1, 0, 0
67301, 9848, 1, 0, 0
67400, 9284, 1, 0, 0
67501, 9528, 1, 0, 0
67600, 9257, 1, 0, 0
67705, 8034, 1, 0, 0
67801, 9545, 1, 0, 0
67903, 9819, 1, 0, 0
68003, 8451, 1, 0, 0
68106, 7493, 1, 0, 0
68201, 7979, 1, 0, 0
68301, 8324, 1, 0, 0
68400, 8699, 1, 0, 0
68501, 9900, 1, 0, 0
68601, 8871, 1, 0, 0
68701, 8679, 1, 0, 0
68802, 9829, 1, 0, 0
68901, 9078, 1, 0, 0
69001, 9671, 1, 0, 0
69100, 10082, 1, 0, 0
69201, 10270, 1, 0, 0
69300, 10899, 1, 0, 0
69400, 9639, 1, 0, 0
69501, 13231, 1, 0, 0
69600, 12221, 1, 0, 0
69700, 11912, 1, 0, 0
69801, 13230, 1, 0, 0
69900, 12370, 1, 0, 0
70000, 11455, 1, 0, 0
70100, 9949, 1, 0, 0
70201, 10327, 1, 0, 0
70303, 9227, 1, 0, 0
70401, 7514, 1, 0, 0
70500, 8962, 1, 0, 0
70602, 8063, 1, 0, 0
70702, 9451, 1, 0, 0
70800, 9050, 1, 0, 0
70900, 9466, 1, 0, 0
71001, 8560, 1, 0, 0
71100, 10914, 1, 0, 0
71201, 11740, 1, 0, 0
71300, 12484, 1, 0, 0
71400, 8726, 1, 0, 0
71502, 7362, 1, 0, 0
71600, 8304, 1, 0, 0
71700, 8751, 1, 0, 0
71800, 7482, 1, 0, 0
71901, 7685, 1, 0, 0
72000, 7418, 1, 0, 0
72100, 8691, 1, 0, 0
72203, 9144, 1, 0, 0
72300, 9209, 1, 0, 0
72401, 9506, 1, 0, 0
72500, 9090, 1, 0, 0
72615, 10459, 1, 0, 0
72702, 10015, 1, 0, 0
72800, 7482, 1, 0, 0
72900, 8099, 1, 0, 0
73000, 8985, 1, 0, 0
73100, 7522, 1, 0, 0
73201, 8663, 1, 0, 0
73300, 9238, 1, 0, 0
73400, 8062, 1, 0, 0
73500, 7649, 1, 0, 0
73600, 8327, 1, 0, 0
73700, 9438, 1, 0, 0
73801, 8996, 1, 0, 0
73901, 9298, 1, 0, 0
74000, 9752, 1, 0, 0
74100, 10615, 1, 0, 0
74200, 9149, 1, 0, 0
74300, 8682, 1, 0, 0
74402, 9495, 1, 0, 0
74500, 9924, 1, 0, 0
74601, 12115, 1, 0, 0
74702, 10414, 1, 0, 0
74800, 11154, 1, 0, 0
74902, 12182, 1, 0, 0
75000, 10827, 1, 0, 0
75100, 9671, 1, 0, 0
75200, 8217, 1, 0, 0
75300, 8754, 1, 0, 0
75401, 10932, 1, 0, 0
75500, 11188, 1, 0, 0
75600, 8851, 1, 0, 0
75703, 9503, 1, 0, 0
75800, 11471, 1, 0, 0
75901, 11321, 1, 0, 0
76000, 11221, 1, 0, 0
76102, 10065, 1, 0, 0
76200, 8537, 1, 0, 0
76303, 8151, 1, 0, 0
76400, 9013, 1, 0, 0
76501, 11390, 1, 0, 0
76601, 12505, 1, 0, 0
76700, 11515, 1, 0, 0
76800, 12152, 1, 0, 0
76900, 11334, 1, 0, 0
77003, 8654, 1, 0, 0
77100, 9823, 1, 0, 0
77202, 10705, 1, 0, 0
77301, 10211, 1, 0, 0
77400, 10518, 1, 0, 0
77501, 10765, 1, 0, 0
77603, 11298, 1, 0, 0
77701, 11515, 1, 0, 0
77800, 11297, 1, 0, 0
77905, 11368, 1, 0, 0
78001, 10854, 1, 0, 0
78100, 9971, 1, 0, 0
78201, 9725, 1, 0, 0
78302, 11559, 1, 0, 0
78402, 10044, 1, 0, 0
78501, 10255, 1, 0, 0
78601, 9917, 1, 0, 0
78700, 11080, 1, 0, 0
78800, 9887, 1, 0, 0
78903, 10136, 1, 0, 0
79000, 9432, 1, 0, 0
79102, 11545, 1, 0, 0
79200, 11120, 1, 0, 0
79303, 11218, 1, 0, 0
79402, 9214, 1, 0, 0
79500, 8766, 1, 0, 0
79602, 10359, 1, 0, 0
79702, 9934, 1, 0, 0
79803, 9443, 1, 0, 0
79900, 11253, 1, 0, 0
80000, 9634, 1, 0, 0
80101, 9718, 1, 0, 0
80200, 9232, 1, 0, 0
80300, 11442, 1, 0, 0
80401, 7172, 1, 0, 0
80501, 8145, 1, 0, 0
80601, 9206, 1, 0, 0
80704, 10322, 1, 0, 0
80800, 11745, 1, 0, 0
80900, 8888, 1, 0, 0
81000, 8993, 1, 0, 0
81104, 9257, 1, 0, 0
81207, 7260, 1, 0, 0
81300, 8920, 1, 0, 0
81401, 10480, 1, 0, 0
81506, 11172, 1, 0, 0
81600, 11196, 1, 0, 0
81700, 9701, 1, 0, 0
81801, 9541, 1, 0, 0
81900, 8559, 1, 0, 0
82003, 8849, 1, 0, 0
82101, 7902, 1, 0, 0
82200, 7764, 1, 0, 0
82301, 8782, 1, 0, 0
82401, 8343, 1, 0, 0
82500, 10528, 1, 0, 0
82601, 9138, 1, 0, 0
82700, 8919, 1, 0, 0
82801, 9513, 1, 0, 0
82900, 10589, 1, 0, 0
83000, 10611, 1, 0, 0
83102, 10169, 1, 0, 0
83200, 12064, 1, 0, 0
83300, 11258, 1, 0, 0
83400, 11107, 1, 0, 0
83500, 11013, 1, 0, 0
83600, 12271, 1, 0, 0
83700, 13232, 1, 0, 0
83800, 11901, 1, 0, 0
83900, 12822, 1, 0, 0
84001, 13041, 1, 0, 0
84100, 13198, 1, 0, 0
84202, 12000, 1, 0, 0
84300, 11516, 1, 0, 0
84400, 11713, 1, 0, 0
84500, 13622, 1, 0, 0
84600, 12579, 1, 0, 0
84701, 12053, 1, 0, 0
84804, 7853, 1, 0, 0
84900, 7269, 1, 0, 0
85001, 10368, 1, 0, 0
85101, 11017, 1, 0, 0
85202, 9027, 1, 0, 0
85302, 10233, 1, 0, 0
85400, 11027, 1, 0, 0
85500, 12314, 1, 0, 0
85601, 10921, 1, 0, 0
85700, 10504, 1, 0, 0
85800, 10465, 1, 0, 0
85900, 10347, 1, 0, 0
86001, 9527, 1, 0, 0
86100, 11357, 1, 0, 0
86202, 11816, 1, 0, 0
86300, 13296, 1, 0, 0
86402, 12726, 1, 0, 0
86501, 14175, 1, 0, 0
86600, 11032, 1, 0, 0
86703, 11190, 1, 0, 0
86800, 12630, 1, 0, 0
86900, 12187, 1, 0, 0
87000, 12186, 1, 0, 0
87102, 10193, 1, 0, 0
87200, 9953, 1, 0, 0
87301, 9902, 1, 0, 0
87400, 11779, 1, 0, 0
87501, 9702, 1, 0, 0
87600, 10737, 1, 0, 0
87701, 13108, 1, 0, 0
87803, 11587, 1, 0, 0
87901, 10975, 1, 0, 0
88001, 9595, 1, 0, 0
88100, 8550, 1, 0, 0
88200, 7410, 1, 0, 0
88300, 8461, 1, 0, 0
88401, 7467, 1, 0, 0
88500, 8370, 1, 0, 0
88600, 7697, 1, 0, 0
88701, 8347, 1, 0, 0
88809, 7776, 1, 0, 0
88900, 8663, 1, 0, 0
89000, 9656, 1, 0, 0
89101, 7419, 1, 0, 0
89200, 7549, 1, 0, 0
89316, 10086, 1, 0, 0
89400, 10422, 1, 0, 0
89503, 11651, 1, 0, 0
89600, 9216, 1, 0, 0
89702, 10677, 1, 0, 0
89801, 12846, 1, 0, 0
89904, 11081, 1, 0, 0
90002, 9641, 1, 0, 0
