100, 2677457, 0, 0, 0
100, 5727327, 1, 0, 0
200, 2855732, 0, 0, 0
200, 6098339, 1, 0, 0
300, 3111153, 0, 0, 0
300, 3480870, 1, 0, 0
400, 2894414, 0, 0, 0
400, 3952848, 1, 0, 0
500, 2896652, 0, 0, 0
500, 3837012, 1, 0, 0
600, 3236901, 0, 0, 0
600, 4276053, 1, 0, 0
700, 3850420, 1, 0, 0
700, 2727732, 0, 0, 0
800, 2872577, 0, 0, 0
801, 4389729, 1, 0, 0
900, 3866451, 0, 0, 0
901, 3480096, 1, 0, 0
1000, 3605003, 0, 0, 0
1001, 4193369, 1, 0, 0
1100, 4343468, 1, 0, 0
1100, 2615331, 0, 0, 0
1200, 3463243, 1, 0, 0
1200, 3451115, 0, 0, 0
1300, 2785750, 0, 0, 0
1300, 3642507, 1, 0, 0
1400, 2507640, 0, 0, 0
1400, 4306303, 1, 0, 0
1500, 2901323, 1, 0, 0
1500, 4234799, 0, 0, 0
1600, 2737843, 0, 0, 0
1601, 3815431, 1, 0, 0
1700, 2922955, 0, 0, 0
1701, 4170808, 1, 0, 0
1800, 3627050, 0, 0, 0
1800, 3819355, 1, 0, 0
1900, 2944644, 0, 0, 0
1900, 4352078, 1, 0, 0
2000, 2590841, 0, 0, 0
2000, 3673663, 1, 0, 0
2100, 3287019, 0, 0, 0
2100, 4692069, 1, 0, 0
2200, 3361975, 0, 0, 0
2200, 4807605, 1, 0, 0
2300, 3532430, 1, 0, 0
2300, 3575390, 0, 0, 0
2400, 4281724, 0, 0, 0
2400, 4232188, 1, 0, 0
2500, 3651409, 0, 0, 0
2500, 4070606, 1, 0, 0
2600, 3570877, 1, 0, 0
2600, 2934089, 0, 0, 0
2700, 3083777, 0, 0, 0
2700, 3843446, 1, 0, 0
2800, 4210007, 1, 0, 0
2800, 3127024, 0, 0, 0
2900, 3233885, 0, 0, 0
2900, 4903052, 1, 0, 0
3000, 3192682, 0, 0, 0
3000, 4216664, 1, 0, 0
3100, 2855933, 0, 0, 0
3100, 4471704, 1, 0, 0
3200, 2973532, 0, 0, 0
3202, 5761673, 1, 0, 0
3301, 3698370, 1, 0, 0
3301, 3403638, 0, 0, 0
3400, 4207001, 1, 0, 0
3400, 3269724, 0, 0, 0
3500, 4144370, 1, 0, 0
3500, 3064312, 0, 0, 0
3600, 3252334, 0, 0, 0
3601, 3872963, 1, 0, 0
3700, 2340179, 0, 0, 0
3700, 4126703, 1, 0, 0
3800, 3648573, 1, 0, 0
3800, 3263002, 0, 0, 0
3900, 4540739, 1, 0, 0
3900, 4065506, 0, 0, 0
4000, 2575058, 0, 0, 0
4000, 4201571, 1, 0, 0
4100, 3396252, 0, 0, 0
4102, 3548019, 1, 0, 0
4200, 3181241, 0, 0, 0
4200, 4420033, 1, 0, 0
4300, 4054676, 1, 0, 0
4301, 2431494, 0, 0, 0
4400, 3233442, 1, 0, 0
4400, 3055730, 0, 0, 0
4500, 4071624, 0, 0, 0
4503, 4387840, 1, 0, 0
4600, 3547363, 0, 0, 0
4601, 4907659, 1, 0, 0
4700, 2870364, 0, 0, 0
4700, 3852177, 1, 0, 0
4800, 3215012, 0, 0, 0
4800, 4422057, 1, 0, 0
4900, 3138053, 0, 0, 0
4900, 3493132, 1, 0, 0
5000, 3157415, 0, 0, 0
5001, 4381502, 1, 0, 0
5100, 3356702, 0, 0, 0
5100, 4286950, 1, 0, 0
5200, 3050706, 0, 0, 0
5200, 3528438, 1, 0, 0
5300, 3927970, 1, 0, 0
5301, 3541171, 0, 0, 0
5400, 3774104, 0, 0, 0
5400, 3478511, 1, 0, 0
5500, 3213577, 1, 0, 0
5501, 3918323, 0, 0, 0
5600, 2894135, 0, 0, 0
5600, 4704319, 1, 0, 0
5700, 3828716, 0, 0, 0
5701, 5245460, 1, 0, 0
5800, 3680714, 0, 0, 0
5800, 4551782, 1, 0, 0
5900, 5215790, 1, 0, 0
5900, 2975631, 0, 0, 0
6000, 3335182, 1, 0, 0
6000, 3198605, 0, 0, 0
6100, 4721688, 1, 0, 0
6100, 2866310, 0, 0, 0
6200, 4370631, 1, 0, 0
6201, 2352615, 0, 0, 0
6300, 3218508, 1, 0, 0
6300, 3923961, 0, 0, 0
6400, 3174853, 1, 0, 0
6400, 3677206, 0, 0, 0
6500, 3388434, 0, 0, 0
6500, 4951511, 1, 0, 0
6600, 4464479, 1, 0, 0
6600, 2753309, 0, 0, 0
6700, 2690146, 0, 0, 0
6700, 3755038, 1, 0, 0
6801, 3870196, 1, 0, 0
6801, 3269661, 0, 0, 0
6900, 3151456, 0, 0, 0
6900, 4359451, 1, 0, 0
7000, 4060756, 0, 0, 0
7003, 5092005, 1, 0, 0
7100, 4506177, 0, 0, 0
7101, 3961693, 1, 0, 0
7200, 2735850, 0, 0, 0
7202, 3820656, 1, 0, 0
7300, 3138236, 0, 0, 0
7300, 3854536, 1, 0, 0
7400, 4176370, 1, 0, 0
7400, 2982292, 0, 0, 0
7500, 4066815, 1, 0, 0
7501, 3824438, 0, 0, 0
7600, 3370927, 0, 0, 0
7600, 4984040, 1, 0, 0
7700, 3326249, 0, 0, 0
7700, 4404205, 1, 0, 0
7800, 5051318, 1, 0, 0
7800, 2560778, 0, 0, 0
7900, 2917042, 0, 0, 0
7900, 4242548, 1, 0, 0
8000, 2847816, 0, 0, 0
8000, 3835090, 1, 0, 0
8100, 2890710, 0, 0, 0
8101, 3924852, 1, 0, 0
8200, 4325571, 1, 0, 0
8200, 4077232, 0, 0, 0
8300, 3348325, 0, 0, 0
8300, 4223235, 1, 0, 0
8400, 2706654, 0, 0, 0
8400, 4458038, 1, 0, 0
8500, 3263941, 1, 0, 0
8500, 3673418, 0, 0, 0
8600, 3519678, 0, 0, 0
8600, 3728776, 1, 0, 0
8700, 4648528, 1, 0, 0
8700, 3517386, 0, 0, 0
8800, 3409377, 0, 0, 0
8800, 4671972, 1, 0, 0
8900, 3416717, 0, 0, 0
8900, 4120363, 1, 0, 0
9000, 3700436, 1, 0, 0
9000, 3375257, 0, 0, 0
9100, 4962735, 1, 0, 0
9100, 2947680, 0, 0, 0
9200, 3048994, 0, 0, 0
9200, 3733078, 1, 0, 0
9300, 4170202, 1, 0, 0
9300, 3128019, 0, 0, 0
9400, 3391548, 1, 0, 0
9400, 3155527, 0, 0, 0
9500, 3712896, 1, 0, 0
9500, 3226265, 0, 0, 0
9600, 3852982, 1, 0, 0
9600, 3208535, 0, 0, 0
9700, 2974674, 0, 0, 0
9700, 3946436, 1, 0, 0
9800, 3220883, 0, 0, 0
9800, 5674160, 1, 0, 0
9900, 3569693, 1, 0, 0
9901, 2865559, 0, 0, 0
10000, 3734332, 0, 0, 0
10001, 3886367, 1, 0, 0
10100, 4320146, 1, 0, 0
10100, 3229985, 0, 0, 0
10200, 2790801, 0, 0, 0
10201, 3292579, 1, 0, 0
10300, 4472727, 1, 0, 0
10300, 3582080, 0, 0, 0
10400, 3811402, 0, 0, 0
10401, 5250482, 1, 0, 0
10500, 3366558, 0, 0, 0
10500, 4333724, 1, 0, 0
10600, 2918549, 0, 0, 0
10600, 3956492, 1, 0, 0
10700, 2505801, 0, 0, 0
10700, 4627767, 1, 0, 0
10800, 4238831, 1, 0, 0
10800, 2433494, 0, 0, 0
10900, 2866875, 0, 0, 0
10900, 3496359, 1, 0, 0
11000, 4521350, 1, 0, 0
11000, 3170188, 0, 0, 0
11100, 3505529, 1, 0, 0
11100, 2843561, 0, 0, 0
11200, 3650275, 0, 0, 0
11200, 3493748, 1, 0, 0
11300, 2647360, 0, 0, 0
11300, 4006769, 1, 0, 0
11400, 2911820, 0, 0, 0
11400, 4073453, 1, 0, 0
11500, 4762834, 1, 0, 0
11501, 3153310, 0, 0, 0
11600, 2829254, 0, 0, 0
11600, 4483473, 1, 0, 0
11700, 4572259, 0, 0, 0
11702, 4027290, 1, 0, 0
11800, 3310409, 0, 0, 0
11801, 4720297, 1, 0, 0
11900, 3383453, 0, 0, 0
11900, 3794082, 1, 0, 0
12000, 3856195, 0, 0, 0
12000, 3944617, 1, 0, 0
12100, 2912091, 0, 0, 0
12100, 4027003, 1, 0, 0
12200, 4123162, 1, 0, 0
12200, 3021095, 0, 0, 0
12300, 2962967, 0, 0, 0
12300, 4461227, 1, 0, 0
12400, 2841186, 0, 0, 0
12400, 4532676, 1, 0, 0
12500, 3092208, 1, 0, 0
12500, 3215782, 0, 0, 0
12600, 3691635, 1, 0, 0
12600, 3630050, 0, 0, 0
12700, 4246607, 1, 0, 0
12700, 3258583, 0, 0, 0
12800, 3986151, 0, 0, 0
12801, 4281490, 1, 0, 0
12900, 2540863, 0, 0, 0
12900, 3888570, 1, 0, 0
13000, 5048916, 1, 0, 0
13000, 3169603, 0, 0, 0
13100, 3534084, 0, 0, 0
13100, 3594300, 1, 0, 0
13200, 2804939, 0, 0, 0
13201, 4033944, 1, 0, 0
13300, 2730311, 0, 0, 0
13300, 4058367, 1, 0, 0
13400, 3139835, 0, 0, 0
13400, 4352538, 1, 0, 0
13500, 3280932, 0, 0, 0
13501, 4646696, 1, 0, 0
13600, 4181958, 1, 0, 0
13600, 2627499, 0, 0, 0
13700, 3550007, 0, 0, 0
13700, 4273550, 1, 0, 0
13800, 3096943, 0, 0, 0
13800, 4121901, 1, 0, 0
13900, 3145950, 0, 0, 0
13901, 4647028, 1, 0, 0
14000, 2788753, 0, 0, 0
14000, 3879017, 1, 0, 0
14100, 4372396, 1, 0, 0
14100, 3749456, 0, 0, 0
14200, 3326510, 0, 0, 0
14200, 4608473, 1, 0, 0
14300, 4455396, 1, 0, 0
14301, 2693487, 0, 0, 0
14400, 3656224, 1, 0, 0
14400, 4229137, 0, 0, 0
14500, 3424113, 0, 0, 0
14501, 3566401, 1, 0, 0
14600, 3023178, 0, 0, 0
14602, 4020102, 1, 0, 0
14700, 4585831, 1, 0, 0
14700, 3428400, 0, 0, 0
14800, 3379938, 0, 0, 0
14800, 5095863, 1, 0, 0
14900, 3014682, 0, 0, 0
14900, 4216342, 1, 0, 0
15000, 4110493, 1, 0, 0
15000, 2901232, 0, 0, 0
15100, 3110062, 0, 0, 0
15101, 3822369, 1, 0, 0
15200, 3461540, 1, 0, 0
15200, 3786317, 0, 0, 0
15300, 3642283, 0, 0, 0
15301, 4340679, 1, 0, 0
15400, 2733257, 0, 0, 0
15401, 4296010, 1, 0, 0
15500, 3347101, 0, 0, 0
15500, 4847829, 1, 0, 0
15600, 4088611, 1, 0, 0
15600, 3447639, 0, 0, 0
15700, 3130806, 0, 0, 0
15700, 4696375, 1, 0, 0
15801, 4133190, 1, 0, 0
15802, 3013893, 0, 0, 0
15900, 2983536, 0, 0, 0
15900, 4505850, 1, 0, 0
16000, 4210197, 1, 0, 0
16000, 3021052, 0, 0, 0
16100, 3942058, 1, 0, 0
16100, 3075222, 0, 0, 0
16200, 2623343, 0, 0, 0
16202, 3894562, 1, 0, 0
16300, 3306112, 0, 0, 0
16300, 4193616, 1, 0, 0
16400, 3305107, 0, 0, 0
16400, 3681798, 1, 0, 0
16500, 3167833, 0, 0, 0
16502, 4416575, 1, 0, 0
16600, 3138033, 0, 0, 0
16600, 4586847, 1, 0, 0
16700, 3979629, 1, 0, 0
16700, 3476692, 0, 0, 0
16800, 3895877, 1, 0, 0
16800, 3159699, 0, 0, 0
16900, 3374362, 0, 0, 0
16901, 3920896, 1, 0, 0
17000, 3278347, 0, 0, 0
17001, 3957100, 1, 0, 0
17100, 3424453, 0, 0, 0
17100, 4908006, 1, 0, 0
17200, 3160256, 0, 0, 0
17200, 3818619, 1, 0, 0
17300, 3094110, 0, 0, 0
17301, 4119460, 1, 0, 0
17400, 3928426, 0, 0, 0
17401, 4317291, 1, 0, 0
17500, 4458750, 1, 0, 0
17500, 2732571, 0, 0, 0
17600, 4451403, 1, 0, 0
17600, 3176316, 0, 0, 0
17700, 3838667, 1, 0, 0
17700, 3371636, 0, 0, 0
17800, 4003123, 1, 0, 0
17801, 3300964, 0, 0, 0
17900, 4160415, 1, 0, 0
17900, 3309496, 0, 0, 0
18000, 5141538, 1, 0, 0
18000, 2383216, 0, 0, 0
18100, 4182150, 1, 0, 0
18100, 3356004, 0, 0, 0
18200, 3401020, 0, 0, 0
18200, 4688303, 1, 0, 0
18300, 3555179, 0, 0, 0
18300, 4266152, 1, 0, 0
18400, 2583186, 0, 0, 0
18402, 3291171, 1, 0, 0
18500, 3259286, 0, 0, 0
18500, 3252486, 1, 0, 0
18600, 3498898, 0, 0, 0
18600, 4573658, 1, 0, 0
18700, 2731643, 0, 0, 0
18701, 5144946, 1, 0, 0
18800, 3017726, 0, 0, 0
18801, 4390359, 1, 0, 0
18900, 2673962, 0, 0, 0
18900, 3998667, 1, 0, 0
19000, 2576406, 0, 0, 0
19000, 6168611, 1, 0, 0
19100, 4230259, 1, 0, 0
19100, 3878622, 0, 0, 0
19200, 2909301, 0, 0, 0
19200, 4029909, 1, 0, 0
19300, 3414744, 0, 0, 0
19300, 3904988, 1, 0, 0
19400, 3523130, 1, 0, 0
19400, 3105478, 0, 0, 0
19500, 2816272, 0, 0, 0
19500, 4097083, 1, 0, 0
19600, 3889931, 1, 0, 0
19600, 3241455, 0, 0, 0
19700, 3134566, 0, 0, 0
19700, 3774706, 1, 0, 0
19800, 3023966, 0, 0, 0
19800, 4509395, 1, 0, 0
19900, 2834520, 0, 0, 0
19900, 4313937, 1, 0, 0
20000, 3109511, 0, 0, 0
20000, 4434499, 1, 0, 0
20100, 3749908, 0, 0, 0
20100, 4052874, 1, 0, 0
20200, 2901732, 0, 0, 0
20200, 4310806, 1, 0, 0
20300, 4654917, 1, 0, 0
20300, 3579913, 0, 0, 0
20400, 3087879, 0, 0, 0
20400, 3632525, 1, 0, 0
20500, 3186599, 0, 0, 0
20501, 4604221, 1, 0, 0
20600, 4030682, 1, 0, 0
20600, 4946077, 0, 0, 0
20700, 3295361, 1, 0, 0
20700, 3853483, 0, 0, 0
20800, 3699113, 0, 0, 0
20802, 4351621, 1, 0, 0
20900, 3474152, 0, 0, 0
20900, 5298261, 1, 0, 0
21000, 3921302, 0, 0, 0
21000, 4456606, 1, 0, 0
21100, 3451105, 0, 0, 0
21100, 4790592, 1, 0, 0
21200, 4082094, 1, 0, 0
21201, 3848817, 0, 0, 0
21300, 3612194, 0, 0, 0
21303, 5063504, 1, 0, 0
21400, 2647994, 0, 0, 0
21401, 4800200, 1, 0, 0
21500, 3029860, 0, 0, 0
21500, 4723422, 1, 0, 0
21600, 2699728, 0, 0, 0
21600, 3907426, 1, 0, 0
21700, 3112160, 0, 0, 0
21700, 3573706, 1, 0, 0
21800, 3214939, 0, 0, 0
21800, 3706489, 1, 0, 0
21900, 3455631, 0, 0, 0
21900, 3405906, 1, 0, 0
22000, 3046258, 0, 0, 0
22001, 2898307, 1, 0, 0
22100, 4726616, 1, 0, 0
22100, 2718041, 0, 0, 0
22200, 3866516, 1, 0, 0
22201, 3235006, 0, 0, 0
22300, 3320442, 0, 0, 0
22301, 4363838, 1, 0, 0
22400, 3565402, 0, 0, 0
22400, 5435886, 1, 0, 0
22501, 4296577, 1, 0, 0
22501, 3237459, 0, 0, 0
22600, 3015328, 0, 0, 0
22600, 4336981, 1, 0, 0
22700, 4905168, 1, 0, 0
22700, 4215066, 0, 0, 0
22800, 2973665, 0, 0, 0
22802, 4788535, 1, 0, 0
22900, 3122655, 0, 0, 0
22900, 3697705, 1, 0, 0
23000, 3513533, 0, 0, 0
23001, 4339370, 1, 0, 0
23100, 3664058, 0, 0, 0
23101, 5856638, 1, 0, 0
23200, 2769102, 0, 0, 0
23200, 3978534, 1, 0, 0
23300, 2855961, 0, 0, 0
23303, 3474876, 1, 0, 0
23400, 3488059, 0, 0, 0
23400, 3934273, 1, 0, 0
23500, 4575709, 1, 0, 0
23500, 3183347, 0, 0, 0
23600, 2564709, 0, 0, 0
23601, 4221273, 1, 0, 0
23700, 3439296, 0, 0, 0
23700, 4703794, 1, 0, 0
23800, 2417160, 0, 0, 0
23801, 4853084, 1, 0, 0
23900, 3424481, 0, 0, 0
23900, 3736267, 1, 0, 0
24000, 4381112, 1, 0, 0
24000, 3291372, 0, 0, 0
24100, 2888766, 0, 0, 0
24100, 3972563, 1, 0, 0
24200, 4059365, 1, 0, 0
24200, 3320905, 0, 0, 0
24300, 2917896, 0, 0, 0
24301, 3808224, 1, 0, 0
24400, 4213829, 1, 0, 0
24400, 4341897, 0, 0, 0
24500, 3567097, 0, 0, 0
24500, 3646363, 1, 0, 0
24600, 3456486, 0, 0, 0
24600, 4275591, 1, 0, 0
24700, 2868266, 0, 0, 0
24700, 4251868, 1, 0, 0
24800, 3660019, 0, 0, 0
24800, 4891095, 1, 0, 0
24900, 4104448, 1, 0, 0
24900, 2584078, 0, 0, 0
25001, 3069094, 0, 0, 0
25001, 4429873, 1, 0, 0
25100, 3586974, 0, 0, 0
25100, 3956137, 1, 0, 0
25200, 3661178, 0, 0, 0
25200, 4121084, 1, 0, 0
25300, 3715925, 1, 0, 0
25300, 2775681, 0, 0, 0
25400, 3071813, 0, 0, 0
25400, 4201533, 1, 0, 0
25500, 3707228, 0, 0, 0
25501, 4448308, 1, 0, 0
25600, 3422655, 1, 0, 0
25601, 3632009, 0, 0, 0
25700, 2877209, 0, 0, 0
25700, 4483869, 1, 0, 0
25801, 4919784, 1, 0, 0
25801, 3014654, 0, 0, 0
25900, 3465205, 0, 0, 0
25900, 4837752, 1, 0, 0
26000, 3102384, 0, 0, 0
26000, 4458719, 1, 0, 0
26100, 3935891, 1, 0, 0
26100, 3676965, 0, 0, 0
26200, 3789725, 0, 0, 0
26202, 4927945, 1, 0, 0
26300, 3585245, 0, 0, 0
26300, 4543400, 1, 0, 0
26400, 3136507, 0, 0, 0
26402, 4311536, 1, 0, 0
26500, 3975461, 0, 0, 0
26501, 5633492, 1, 0, 0
26600, 3782554, 0, 0, 0
26603, 4478610, 1, 0, 0
26700, 4152640, 1, 0, 0
26700, 3908833, 0, 0, 0
26800, 3038247, 0, 0, 0
26800, 4501383, 1, 0, 0
26900, 4318822, 1, 0, 0
26900, 2622634, 0, 0, 0
27000, 3447514, 0, 0, 0
27000, 4254648, 1, 0, 0
27100, 4210588, 1, 0, 0
27100, 3438812, 0, 0, 0
27200, 4900681, 1, 0, 0
27200, 2760852, 0, 0, 0
27300, 3144103, 0, 0, 0
27300, 4143234, 1, 0, 0
27400, 2905652, 0, 0, 0
27400, 4303566, 1, 0, 0
27500, 4558707, 1, 0, 0
27500, 3345480, 0, 0, 0
27600, 2982593, 0, 0, 0
27602, 5420574, 1, 0, 0
27700, 2848692, 0, 0, 0
27700, 4331968, 1, 0, 0
27800, 3839427, 0, 0, 0
27800, 3974765, 1, 0, 0
27900, 3810449, 0, 0, 0
27900, 4580270, 1, 0, 0
28000, 2959749, 0, 0, 0
28001, 4083297, 1, 0, 0
28100, 2475178, 0, 0, 0
28100, 4339915, 1, 0, 0
28200, 3367699, 0, 0, 0
28200, 3808758, 1, 0, 0
28300, 4340234, 1, 0, 0
28300, 3540360, 0, 0, 0
28400, 2592440, 0, 0, 0
28400, 4066886, 1, 0, 0
28500, 3606485, 0, 0, 0
28500, 4412131, 1, 0, 0
28600, 3262872, 0, 0, 0
28600, 4010748, 1, 0, 0
28700, 2788380, 0, 0, 0
28700, 4681766, 1, 0, 0
28800, 2961432, 0, 0, 0
28800, 4001275, 1, 0, 0
28900, 5219186, 1, 0, 0
28900, 3554581, 0, 0, 0
29000, 3432681, 0, 0, 0
29000, 4916791, 1, 0, 0
29100, 4596955, 1, 0, 0
29100, 3429477, 0, 0, 0
29201, 3890024, 1, 0, 0
29201, 4157647, 0, 0, 0
29300, 2905881, 0, 0, 0
29300, 4538605, 1, 0, 0
29400, 3087577, 0, 0, 0
29400, 4622995, 1, 0, 0
29500, 4115944, 1, 0, 0
29500, 2921763, 0, 0, 0
29600, 4264258, 0, 0, 0
29600, 4573890, 1, 0, 0
29700, 3050277, 0, 0, 0
29701, 3609169, 1, 0, 0
29800, 2903644, 0, 0, 0
29800, 4179478, 1, 0, 0
29900, 3600345, 0, 0, 0
29901, 3913993, 1, 0, 0
30000, 2504675, 0, 0, 0
30000, 3987623, 1, 0, 0
30100, 3550690, 0, 0, 0
30100, 3177688, 1, 0, 0
30200, 3300901, 0, 0, 0
30200, 4398997, 1, 0, 0
30300, 2590774, 0, 0, 0
30300, 4484083, 1, 0, 0
30400, 2962498, 0, 0, 0
30401, 4093907, 1, 0, 0
30500, 4901192, 1, 0, 0
30500, 2687784, 0, 0, 0
30600, 3175505, 0, 0, 0
30600, 4180490, 1, 0, 0
30700, 3795786, 0, 0, 0
30700, 5051395, 1, 0, 0
30800, 2957991, 0, 0, 0
30800, 4046209, 1, 0, 0
30900, 3708185, 0, 0, 0
30903, 4467421, 1, 0, 0
31000, 2973889, 0, 0, 0
31000, 4697906, 1, 0, 0
31100, 3868382, 1, 0, 0
31100, 3819958, 0, 0, 0
31200, 3614432, 0, 0, 0
31200, 4493270, 1, 0, 0
31300, 4123586, 1, 0, 0
31300, 4454376, 0, 0, 0
31400, 3140075, 0, 0, 0
31401, 4751237, 1, 0, 0
31500, 5078599, 1, 0, 0
31500, 3048915, 0, 0, 0
31600, 3355850, 0, 0, 0
31600, 3378164, 1, 0, 0
31700, 3971895, 1, 0, 0
31700, 3619974, 0, 0, 0
31801, 4761519, 1, 0, 0
31802, 3942018, 0, 0, 0
31900, 3208935, 0, 0, 0
31900, 5172707, 1, 0, 0
32000, 7743464, 1, 0, 0
32000, 3033959, 0, 0, 0
32100, 2712283, 0, 0, 0
32100, 4021501, 1, 0, 0
32200, 3276275, 0, 0, 0
32200, 4474538, 1, 0, 0
32300, 3012115, 0, 0, 0
32300, 3567854, 1, 0, 0
32400, 2454121, 0, 0, 0
32400, 4918607, 1, 0, 0
32500, 4786086, 1, 0, 0
32501, 2509013, 0, 0, 0
32600, 4665499, 1, 0, 0
32600, 2971767, 0, 0, 0
32700, 2944982, 0, 0, 0
32700, 4201057, 1, 0, 0
32800, 3050010, 0, 0, 0
32800, 3688795, 1, 0, 0
32900, 2743449, 0, 0, 0
32900, 3954351, 1, 0, 0
33000, 4433196, 1, 0, 0
33000, 2818109, 0, 0, 0
33100, 4871744, 1, 0, 0
33100, 2866070, 0, 0, 0
33200, 4162343, 1, 0, 0
33200, 3392476, 0, 0, 0
33300, 2982702, 0, 0, 0
33300, 4017959, 1, 0, 0
33400, 4554246, 1, 0, 0
33400, 3380697, 0, 0, 0
33500, 3757940, 0, 0, 0
33500, 3979475, 1, 0, 0
33600, 4068432, 0, 0, 0
33602, 4429652, 1, 0, 0
33700, 2796077, 0, 0, 0
33700, 4383480, 1, 0, 0
33800, 4742160, 1, 0, 0
33800, 2993670, 0, 0, 0
33900, 3840483, 1, 0, 0
33900, 3632213, 0, 0, 0
34000, 3277027, 0, 0, 0
34000, 4403995, 1, 0, 0
34100, 3282819, 0, 0, 0
34100, 4178373, 1, 0, 0
34200, 4740656, 1, 0, 0
34200, 2938160, 0, 0, 0
34300, 3626293, 0, 0, 0
34301, 4045731, 1, 0, 0
34400, 4111177, 1, 0, 0
34400, 3312219, 0, 0, 0
34500, 3035510, 0, 0, 0
34501, 5042641, 1, 0, 0
34600, 3243288, 0, 0, 0
34600, 4876016, 1, 0, 0
34700, 3549790, 0, 0, 0
34701, 4134474, 1, 0, 0
34800, 4823007, 1, 0, 0
34800, 2752827, 0, 0, 0
34900, 4943002, 1, 0, 0
34900, 3075113, 0, 0, 0
35000, 3286014, 0, 0, 0
35000, 4348425, 1, 0, 0
35100, 2868913, 0, 0, 0
35101, 4238560, 1, 0, 0
35200, 2694033, 0, 0, 0
35200, 4331149, 1, 0, 0
35300, 2799653, 0, 0, 0
35300, 4698384, 1, 0, 0
35400, 5194332, 1, 0, 0
35401, 2758403, 0, 0, 0
35500, 6925061, 1, 0, 0
35500, 5718162, 0, 0, 0
35600, 4125612, 1, 0, 0
35600, 3394721, 0, 0, 0
35700, 3137011, 0, 0, 0
35700, 5302911, 1, 0, 0
35800, 3012133, 0, 0, 0
35800, 4377458, 1, 0, 0
35900, 4426083, 1, 0, 0
35900, 2567525, 0, 0, 0
36000, 3429397, 0, 0, 0
36000, 4247725, 1, 0, 0
36100, 3203685, 0, 0, 0
36100, 4445648, 1, 0, 0
36200, 3969440, 1, 0, 0
36200, 3187117, 0, 0, 0
36300, 2480781, 0, 0, 0
36300, 4196680, 1, 0, 0
36401, 2167997, 0, 0, 0
36402, 4525567, 1, 0, 0
36500, 3234858, 0, 0, 0
36502, 4912645, 1, 0, 0
36600, 3123664, 0, 0, 0
36601, 3984752, 1, 0, 0
36700, 2715361, 0, 0, 0
36700, 3980158, 1, 0, 0
36801, 3683966, 1, 0, 0
36802, 3739652, 0, 0, 0
36900, 4736041, 1, 0, 0
36900, 4263582, 0, 0, 0
37000, 3956866, 1, 0, 0
37000, 2969057, 0, 0, 0
37100, 3384741, 0, 0, 0
37100, 3994286, 1, 0, 0
37200, 2715119, 0, 0, 0
37200, 4864906, 1, 0, 0
37300, 4519281, 0, 0, 0
37300, 4521483, 1, 0, 0
37400, 4611356, 1, 0, 0
37400, 3342525, 0, 0, 0
37500, 2962861, 0, 0, 0
37500, 5071491, 1, 0, 0
37600, 3007865, 0, 0, 0
37600, 4311889, 1, 0, 0
37700, 4064482, 1, 0, 0
37701, 2601387, 0, 0, 0
37800, 4084460, 0, 0, 0
37802, 3623794, 1, 0, 0
37900, 3550872, 0, 0, 0
37900, 5039078, 1, 0, 0
38000, 3877118, 1, 0, 0
38000, 3192913, 0, 0, 0
38100, 3395779, 0, 0, 0
38100, 3963082, 1, 0, 0
38200, 4109792, 1, 0, 0
38200, 3311872, 0, 0, 0
38300, 3606946, 0, 0, 0
38301, 3602450, 1, 0, 0
38400, 3072915, 0, 0, 0
38400, 3675690, 1, 0, 0
38500, 4308742, 1, 0, 0
38500, 3783603, 0, 0, 0
38600, 3993437, 0, 0, 0
38600, 3666011, 1, 0, 0
38700, 3066109, 0, 0, 0
38700, 3834389, 1, 0, 0
38800, 2940668, 0, 0, 0
38800, 4301711, 1, 0, 0
38900, 3048090, 0, 0, 0
38901, 4483582, 1, 0, 0
39000, 3575796, 0, 0, 0
39000, 4470546, 1, 0, 0
39100, 4479712, 1, 0, 0
39100, 3720961, 0, 0, 0
39200, 2808082, 0, 0, 0
39200, 3646012, 1, 0, 0
39300, 2981463, 0, 0, 0
39300, 4237074, 1, 0, 0
39400, 3332147, 0, 0, 0
39400, 4480670, 1, 0, 0
39500, 3869034, 1, 0, 0
39500, 3766399, 0, 0, 0
39600, 3217751, 0, 0, 0
39601, 4449126, 1, 0, 0
39700, 2598316, 0, 0, 0
39701, 3743116, 1, 0, 0
39800, 5314718, 0, 0, 0
39801, 3408491, 1, 0, 0
39900, 5711260, 1, 0, 0
39900, 3416218, 0, 0, 0
40000, 3178832, 0, 0, 0
40002, 4524228, 1, 0, 0
40100, 3134367, 0, 0, 0
40100, 4457742, 1, 0, 0
40200, 4165990, 1, 0, 0
40200, 3407962, 0, 0, 0
40300, 3992771, 0, 0, 0
40300, 3562175, 1, 0, 0
40400, 2881950, 0, 0, 0
40400, 4059440, 1, 0, 0
40500, 3073444, 0, 0, 0
40500, 4648092, 1, 0, 0
40600, 4059273, 0, 0, 0
40601, 3921116, 1, 0, 0
40700, 4963627, 1, 0, 0
40700, 3668241, 0, 0, 0
40800, 2601431, 0, 0, 0
40800, 4409546, 1, 0, 0
40900, 3179907, 0, 0, 0
40900, 4252875, 1, 0, 0
41000, 4161461, 1, 0, 0
41000, 3592555, 0, 0, 0
41100, 3706383, 1, 0, 0
41100, 2305082, 0, 0, 0
41200, 3884390, 0, 0, 0
41200, 3282915, 1, 0, 0
41300, 2883055, 0, 0, 0
41300, 3978374, 1, 0, 0
41400, 3316968, 0, 0, 0
41401, 4138773, 1, 0, 0
41500, 4065390, 0, 0, 0
41500, 4373658, 1, 0, 0
41600, 3325178, 0, 0, 0
41601, 4062847, 1, 0, 0
41700, 3246916, 1, 0, 0
41700, 3959071, 0, 0, 0
41800, 4390995, 0, 0, 0
41800, 3654092, 1, 0, 0
41900, 3652597, 0, 0, 0
41901, 4107491, 1, 0, 0
42000, 3543439, 0, 0, 0
42000, 3883444, 1, 0, 0
42100, 3301385, 0, 0, 0
42100, 4008856, 1, 0, 0
42200, 3033322, 0, 0, 0
42200, 4027878, 1, 0, 0
42300, 4252574, 1, 0, 0
42300, 3417906, 0, 0, 0
42400, 3467679, 0, 0, 0
42400, 4542742, 1, 0, 0
42500, 2971350, 0, 0, 0
42501, 4050144, 1, 0, 0
42600, 5037793, 1, 0, 0
42600, 3052403, 0, 0, 0
42700, 4228305, 0, 0, 0
42701, 4468651, 1, 0, 0
42800, 3010039, 0, 0, 0
42800, 4596715, 1, 0, 0
42900, 2822414, 0, 0, 0
42900, 3733783, 1, 0, 0
43000, 2766827, 0, 0, 0
43000, 3976501, 1, 0, 0
43100, 3475698, 0, 0, 0
43100, 3630610, 1, 0, 0
43200, 3640946, 1, 0, 0
43201, 2954918, 0, 0, 0
43300, 3536637, 0, 0, 0
43300, 3331944, 1, 0, 0
43400, 3140444, 0, 0, 0
43401, 3400805, 1, 0, 0
43500, 3171975, 0, 0, 0
43500, 3886096, 1, 0, 0
43600, 3294702, 0, 0, 0
43600, 3999793, 1, 0, 0
43700, 3023281, 0, 0, 0
43700, 4361597, 1, 0, 0
43800, 3366955, 0, 0, 0
43802, 3998980, 1, 0, 0
43900, 2973095, 0, 0, 0
43900, 4381376, 1, 0, 0
44000, 3976976, 1, 0, 0
44000, 2704912, 0, 0, 0
44100, 3268138, 0, 0, 0
44100, 4806407, 1, 0, 0
44200, 3612901, 0, 0, 0
44200, 4043459, 1, 0, 0
44300, 2772295, 0, 0, 0
44300, 4330571, 1, 0, 0
44400, 4006813, 1, 0, 0
44400, 3136249, 0, 0, 0
44500, 3729814, 1, 0, 0
44500, 3220061, 0, 0, 0
44600, 2475874, 0, 0, 0
44601, 4198066, 1, 0, 0
44700, 4168079, 0, 0, 0
44700, 3500448, 1, 0, 0
44800, 3036450, 0, 0, 0
44800, 4308007, 1, 0, 0
44900, 2737706, 0, 0, 0
44905, 4319238, 1, 0, 0
45000, 3669203, 0, 0, 0
45000, 4392787, 1, 0, 0
45100, 3172940, 0, 0, 0
45100, 3323639, 1, 0, 0
45200, 3385565, 0, 0, 0
45202, 3277270, 1, 0, 0
45300, 4652795, 1, 0, 0
45300, 3518432, 0, 0, 0
45400, 3076604, 0, 0, 0
45400, 4072315, 1, 0, 0
45500, 3441604, 1, 0, 0
45500, 3901220, 0, 0, 0
45600, 3986833, 0, 0, 0
45600, 5065077, 1, 0, 0
45700, 3098127, 0, 0, 0
45700, 4120921, 1, 0, 0
45800, 3324072, 1, 0, 0
45800, 3112567, 0, 0, 0
45900, 4031857, 1, 0, 0
45900, 3902566, 0, 0, 0
46000, 3960712, 0, 0, 0
46001, 5498742, 1, 0, 0
46100, 3029152, 0, 0, 0
46100, 4448517, 1, 0, 0
46200, 4621676, 1, 0, 0
46200, 2541120, 0, 0, 0
46301, 4316429, 1, 0, 0
46301, 2847048, 0, 0, 0
46400, 3282627, 0, 0, 0
46402, 3282465, 1, 0, 0
46500, 3519221, 0, 0, 0
46500, 3796750, 1, 0, 0
46600, 2927524, 0, 0, 0
46600, 4511008, 1, 0, 0
46700, 3235946, 0, 0, 0
46700, 3839130, 1, 0, 0
46800, 2377250, 0, 0, 0
46801, 3718632, 1, 0, 0
46900, 2691840, 0, 0, 0
46900, 4175518, 1, 0, 0
47000, 3385039, 0, 0, 0
47001, 3639893, 1, 0, 0
47100, 3845679, 0, 0, 0
47100, 3971264, 1, 0, 0
47200, 3982219, 1, 0, 0
47200, 3176055, 0, 0, 0
47300, 3386012, 0, 0, 0
47300, 3507787, 1, 0, 0
47400, 4463486, 1, 0, 0
47400, 3478211, 0, 0, 0
47500, 3941299, 1, 0, 0
47500, 3145768, 0, 0, 0
47600, 4170386, 0, 0, 0
47601, 4544441, 1, 0, 0
47700, 4159507, 1, 0, 0
47700, 3581319, 0, 0, 0
47800, 3148484, 0, 0, 0
47800, 5873717, 1, 0, 0
47900, 2980537, 0, 0, 0
47902, 4841996, 1, 0, 0
48000, 3292678, 0, 0, 0
48000, 4826929, 1, 0, 0
48100, 3770776, 1, 0, 0
48100, 3369813, 0, 0, 0
48200, 4157824, 1, 0, 0
48200, 3113660, 0, 0, 0
48300, 3321208, 0, 0, 0
48300, 3684035, 1, 0, 0
48400, 3162179, 0, 0, 0
48402, 4050327, 1, 0, 0
48500, 2772232, 0, 0, 0
48501, 4859969, 1, 0, 0
48600, 3856354, 0, 0, 0
48601, 3700508, 1, 0, 0
48700, 3592282, 0, 0, 0
48700, 4068475, 1, 0, 0
48800, 3071425, 0, 0, 0
48800, 5691773, 1, 0, 0
48900, 3272854, 0, 0, 0
48901, 4470156, 1, 0, 0
49000, 3966486, 0, 0, 0
49001, 4536226, 1, 0, 0
49101, 3396946, 0, 0, 0
49104, 4951413, 1, 0, 0
49200, 3080796, 0, 0, 0
49200, 4829543, 1, 0, 0
49300, 3368866, 0, 0, 0
49300, 4047741, 1, 0, 0
49400, 3168309, 0, 0, 0
49400, 4279126, 1, 0, 0
49500, 2994446, 0, 0, 0
49501, 3524252, 1, 0, 0
49600, 3024310, 0, 0, 0
49600, 4696280, 1, 0, 0
49700, 3082911, 0, 0, 0
49700, 4266076, 1, 0, 0
49800, 3134553, 0, 0, 0
49800, 4260794, 1, 0, 0
49900, 3025821, 0, 0, 0
49900, 4342366, 1, 0, 0
50000, 3332971, 0, 0, 0
50000, 4184062, 1, 0, 0
50100, 3102608, 0, 0, 0
50101, 4536797, 1, 0, 0
50200, 3479270, 1, 0, 0
50201, 2319180, 0, 0, 0
50300, 3315270, 0, 0, 0
50301, 3930354, 1, 0, 0
50400, 4582422, 0, 0, 0
50400, 6785184, 1, 0, 0
50500, 2676968, 0, 0, 0
50500, 4211958, 1, 0, 0
50600, 3530819, 0, 0, 0
50601, 5051004, 1, 0, 0
50700, 3639596, 0, 0, 0
50700, 3855406, 1, 0, 0
50800, 3124151, 0, 0, 0
50800, 4409230, 1, 0, 0
50900, 2822522, 0, 0, 0
50901, 4558205, 1, 0, 0
51000, 2547256, 0, 0, 0
51000, 4396721, 1, 0, 0
51100, 3821039, 1, 0, 0
51100, 2718789, 0, 0, 0
51200, 3351044, 0, 0, 0
51201, 3312461, 1, 0, 0
51300, 3482630, 0, 0, 0
51300, 3721906, 1, 0, 0
51400, 2607243, 0, 0, 0
51401, 4554486, 1, 0, 0
51500, 3658024, 0, 0, 0
51500, 6546325, 1, 0, 0
51600, 2873394, 0, 0, 0
51600, 3596150, 1, 0, 0
51700, 3142099, 0, 0, 0
51700, 4238127, 1, 0, 0
51800, 2848399, 0, 0, 0
51801, 4243731, 1, 0, 0
51900, 3487078, 0, 0, 0
51900, 4505659, 1, 0, 0
52000, 3664211, 0, 0, 0
52000, 3732774, 1, 0, 0
52100, 4610067, 1, 0, 0
52100, 3341812, 0, 0, 0
52200, 4555334, 1, 0, 0
52200, 3078410, 0, 0, 0
52300, 3128053, 0, 0, 0
52300, 4157112, 1, 0, 0
52400, 3137925, 0, 0, 0
52401, 4452774, 1, 0, 0
52500, 3059549, 0, 0, 0
52500, 4927647, 1, 0, 0
52600, 2445765, 0, 0, 0
52600, 4427391, 1, 0, 0
52700, 3254110, 0, 0, 0
52700, 3993300, 1, 0, 0
52800, 2649637, 0, 0, 0
52802, 4705975, 1, 0, 0
52900, 3005838, 0, 0, 0
52901, 4368390, 1, 0, 0
53000, 4645770, 1, 0, 0
53000, 3478756, 0, 0, 0
53100, 2742990, 0, 0, 0
53100, 4660474, 1, 0, 0
53200, 3679479, 1, 0, 0
53200, 3813565, 0, 0, 0
53300, 3861105, 0, 0, 0
53300, 4851844, 1, 0, 0
53400, 4760957, 1, 0, 0
53400, 3127855, 0, 0, 0
53500, 3404747, 0, 0, 0
53500, 4733406, 1, 0, 0
53600, 2480018, 0, 0, 0
53600, 4514528, 1, 0, 0
53700, 4094135, 1, 0, 0
53700, 3192611, 0, 0, 0
53800, 3039361, 0, 0, 0
53800, 4459417, 1, 0, 0
53900, 3811891, 0, 0, 0
53900, 4611184, 1, 0, 0
54000, 3492854, 1, 0, 0
54000, 3134726, 0, 0, 0
54100, 3626791, 0, 0, 0
54100, 3899688, 1, 0, 0
54200, 2746897, 0, 0, 0
54204, 4241925, 1, 0, 0
54300, 3623274, 0, 0, 0
54303, 4041188, 1, 0, 0
54400, 3873919, 1, 0, 0
54400, 3171904, 0, 0, 0
54500, 3917229, 0, 0, 0
54501, 4121423, 1, 0, 0
54600, 3553652, 0, 0, 0
54600, 5230302, 1, 0, 0
54704, 4642872, 0, 0, 0
54705, 8825736, 1, 0, 0
54800, 4956300, 1, 0, 0
54800, 3002628, 0, 0, 0
54900, 2867717, 0, 0, 0
54900, 4152800, 1, 0, 0
55000, 5431156, 1, 0, 0
55001, 2869617, 0, 0, 0
55100, 3089690, 0, 0, 0
55100, 4507187, 1, 0, 0
55200, 4100960, 1, 0, 0
55200, 2910628, 0, 0, 0
55300, 2652425, 0, 0, 0
55300, 4237175, 1, 0, 0
55400, 5268726, 1, 0, 0
55401, 2946850, 0, 0, 0
55500, 3081984, 0, 0, 0
55500, 4598382, 1, 0, 0
55600, 3221789, 0, 0, 0
55600, 5256219, 1, 0, 0
55700, 2773525, 0, 0, 0
55700, 3837484, 1, 0, 0
55800, 2758275, 0, 0, 0
55802, 4586733, 1, 0, 0
55900, 3695620, 0, 0, 0
55901, 4433884, 1, 0, 0
56000, 2931624, 0, 0, 0
56001, 4229240, 1, 0, 0
56100, 3263195, 0, 0, 0
56101, 5272982, 1, 0, 0
56200, 2805334, 0, 0, 0
56200, 3651692, 1, 0, 0
56300, 3146506, 0, 0, 0
56303, 4539437, 1, 0, 0
56400, 2493482, 0, 0, 0
56402, 4585775, 1, 0, 0
56500, 3417187, 0, 0, 0
56500, 3430172, 1, 0, 0
56600, 2894402, 0, 0, 0
56600, 4644993, 1, 0, 0
56700, 3001188, 0, 0, 0
56700, 4288801, 1, 0, 0
56800, 2866180, 0, 0, 0
56801, 4992108, 1, 0, 0
56900, 3193528, 0, 0, 0
56901, 4545973, 1, 0, 0
57000, 3293168, 0, 0, 0
57000, 4250479, 1, 0, 0
57100, 3409200, 0, 0, 0
57100, 5101583, 1, 0, 0
57200, 3372501, 0, 0, 0
57203, 5245255, 1, 0, 0
57300, 2825439, 0, 0, 0
57300, 4773226, 1, 0, 0
57400, 3541661, 0, 0, 0
57400, 4084189, 1, 0, 0
57500, 3297442, 0, 0, 0
57500, 4025362, 1, 0, 0
57600, 4559043, 1, 0, 0
57600, 2763276, 0, 0, 0
57700, 3221489, 0, 0, 0
57700, 5617028, 1, 0, 0
57800, 4058698, 1, 0, 0
57800, 3057159, 0, 0, 0
57900, 3053701, 0, 0, 0
57902, 4377286, 1, 0, 0
58000, 3209336, 0, 0, 0
58002, 5263504, 1, 0, 0
58100, 3725850, 0, 0, 0
58101, 4376688, 1, 0, 0
58200, 3551179, 0, 0, 0
58200, 4906440, 1, 0, 0
58300, 2669283, 0, 0, 0
58300, 4290154, 1, 0, 0
58400, 3073021, 0, 0, 0
58401, 4748098, 1, 0, 0
58500, 2650507, 0, 0, 0
58500, 4354465, 1, 0, 0
58600, 2759029, 0, 0, 0
58600, 4077480, 1, 0, 0
58700, 3622179, 0, 0, 0
58701, 3858195, 1, 0, 0
58800, 3984150, 0, 0, 0
58800, 3801122, 1, 0, 0
58900, 3024662, 0, 0, 0
58900, 5479542, 1, 0, 0
59000, 2314143, 0, 0, 0
59001, 4285102, 1, 0, 0
59100, 3057039, 0, 0, 0
59101, 4231903, 1, 0, 0
59200, 4039496, 0, 0, 0
59201, 4330529, 1, 0, 0
59300, 3812721, 1, 0, 0
59300, 3769918, 0, 0, 0
59400, 2658696, 0, 0, 0
59402, 4750367, 1, 0, 0
59500, 3887656, 0, 0, 0
59500, 3787913, 1, 0, 0
59600, 2899469, 0, 0, 0
59601, 5050026, 1, 0, 0
59700, 3004590, 0, 0, 0
59700, 3226178, 1, 0, 0
59800, 3281999, 0, 0, 0
59800, 4006609, 1, 0, 0
59900, 3986028, 0, 0, 0
59900, 4442659, 1, 0, 0
60000, 4061718, 1, 0, 0
60000, 2938955, 0, 0, 0
60100, 3436356, 0, 0, 0
60100, 3756144, 1, 0, 0
60200, 2986755, 0, 0, 0
60200, 4379340, 1, 0, 0
60300, 3345892, 0, 0, 0
60300, 3528355, 1, 0, 0
60400, 3090968, 0, 0, 0
60400, 6672805, 1, 0, 0
60500, 3239463, 0, 0, 0
60501, 4883291, 1, 0, 0
60600, 4767242, 1, 0, 0
60600, 3036934, 0, 0, 0
60700, 3261372, 0, 0, 0
60701, 4731543, 1, 0, 0
60800, 4120465, 1, 0, 0
60800, 3241286, 0, 0, 0
60900, 3027953, 0, 0, 0
60900, 5197346, 1, 0, 0
61000, 3252111, 0, 0, 0
61000, 3777454, 1, 0, 0
61100, 4547603, 1, 0, 0
61100, 3950207, 0, 0, 0
61200, 4664726, 1, 0, 0
61200, 3091307, 0, 0, 0
61300, 3311187, 0, 0, 0
61300, 4718310, 1, 0, 0
61400, 2908941, 0, 0, 0
61401, 3869454, 1, 0, 0
61500, 4036028, 1, 0, 0
61500, 3695278, 0, 0, 0
61600, 2976500, 0, 0, 0
61600, 4640156, 1, 0, 0
61700, 3547134, 0, 0, 0
61700, 5373287, 1, 0, 0
61801, 4092817, 0, 0, 0
61801, 5925399, 1, 0, 0
61900, 3355108, 0, 0, 0
61900, 4059218, 1, 0, 0
62000, 3837543, 1, 0, 0
62000, 3400123, 0, 0, 0
62100, 3724317, 0, 0, 0
62100, 4191274, 1, 0, 0
62200, 3009845, 0, 0, 0
62200, 4356486, 1, 0, 0
62300, 3383842, 0, 0, 0
62300, 4285248, 1, 0, 0
62400, 3588608, 0, 0, 0
62400, 3778750, 1, 0, 0
62500, 4869371, 1, 0, 0
62502, 2906710, 0, 0, 0
62600, 3640076, 0, 0, 0
62600, 3862220, 1, 0, 0
62700, 3384733, 0, 0, 0
62701, 4890714, 1, 0, 0
62800, 4022794, 1, 0, 0
62800, 3391253, 0, 0, 0
62900, 3237006, 0, 0, 0
62900, 4321950, 1, 0, 0
63000, 3014241, 0, 0, 0
63000, 4493387, 1, 0, 0
63100, 2915551, 0, 0, 0
63101, 5092278, 1, 0, 0
63200, 3299869, 0, 0, 0
63200, 3951759, 1, 0, 0
63300, 2604182, 0, 0, 0
63300, 3875432, 1, 0, 0
63400, 2607896, 0, 0, 0
63400, 3186760, 1, 0, 0
63500, 3278862, 0, 0, 0
63500, 4001280, 1, 0, 0
63600, 2591259, 0, 0, 0
63600, 4433589, 1, 0, 0
63700, 3136187, 0, 0, 0
63700, 3671726, 1, 0, 0
63800, 3136882, 0, 0, 0
63801, 5016139, 1, 0, 0
63900, 2977123, 0, 0, 0
63902, 3500363, 1, 0, 0
64000, 4058012, 1, 0, 0
64001, 3187628, 0, 0, 0
64100, 4997359, 1, 0, 0
64102, 3215421, 0, 0, 0
64200, 4336960, 0, 0, 0
64201, 3837233, 1, 0, 0
64300, 3348250, 0, 0, 0
64300, 4151446, 1, 0, 0
64400, 3366713, 0, 0, 0
64401, 5389975, 1, 0, 0
64500, 3784755, 0, 0, 0
64500, 4845396, 1, 0, 0
64600, 3509518, 0, 0, 0
64600, 3222275, 1, 0, 0
64700, 4280307, 1, 0, 0
64700, 2491563, 0, 0, 0
64800, 3255805, 0, 0, 0
64800, 3783571, 1, 0, 0
64900, 4018513, 1, 0, 0
64900, 3284176, 0, 0, 0
65001, 4370855, 1, 0, 0
65001, 3480256, 0, 0, 0
65100, 3452465, 0, 0, 0
65101, 5161309, 1, 0, 0
65200, 2757661, 0, 0, 0
65201, 4197287, 1, 0, 0
65300, 4799712, 1, 0, 0
65300, 2785405, 0, 0, 0
65400, 3061451, 0, 0, 0
65402, 4646148, 1, 0, 0
65500, 4957765, 1, 0, 0
65500, 2853268, 0, 0, 0
65601, 3276634, 0, 0, 0
65602, 5325200, 1, 0, 0
65708, 7801417, 0, 0, 0
65711, 9961246, 1, 0, 0
65800, 5910457, 0, 0, 0
65800, 7353754, 1, 0, 0
65904, 13760857, 0, 0, 0
65905, 3954469, 1, 0, 0
66000, 11371158, 0, 0, 0
66000, 9969686, 1, 0, 0
66100, 3636983, 1, 0, 0
66100, 2877883, 0, 0, 0
66200, 3919781, 1, 0, 0
66200, 2800017, 0, 0, 0
66300, 3948394, 1, 0, 0
66300, 2851772, 0, 0, 0
66400, 2809372, 0, 0, 0
66401, 4184163, 1, 0, 0
66500, 3008445, 0, 0, 0
66500, 4565743, 1, 0, 0
66600, 3249003, 0, 0, 0
66601, 4247157, 1, 0, 0
66700, 4081572, 0, 0, 0
66701, 7954751, 1, 0, 0
66800, 2536014, 0, 0, 0
66801, 4724795, 1, 0, 0
66900, 4970493, 1, 0, 0
66900, 3141427, 0, 0, 0
67000, 3537140, 0, 0, 0
67000, 4300597, 1, 0, 0
67100, 3629634, 0, 0, 0
67101, 4777206, 1, 0, 0
67200, 2899300, 0, 0, 0
67200, 4092934, 1, 0, 0
67300, 3865487, 1, 0, 0
67300, 3052678, 0, 0, 0
67400, 2968324, 0, 0, 0
67402, 4635293, 1, 0, 0
67500, 2714451, 0, 0, 0
67500, 4199983, 1, 0, 0
67600, 2745315, 0, 0, 0
67600, 4995770, 1, 0, 0
67700, 3773016, 1, 0, 0
67700, 2644346, 0, 0, 0
67800, 4253297, 0, 0, 0
67800, 3972912, 1, 0, 0
67900, 3940907, 1, 0, 0
67900, 2922335, 0, 0, 0
68000, 2779281, 0, 0, 0
68000, 4468300, 1, 0, 0
68100, 3008515, 0, 0, 0
68101, 5070605, 1, 0, 0
68200, 3091155, 0, 0, 0
68201, 5105083, 1, 0, 0
68300, 3364561, 0, 0, 0
68300, 5281043, 1, 0, 0
68400, 3446947, 0, 0, 0
68401, 4340065, 1, 0, 0
68500, 2870486, 0, 0, 0
68500, 4615033, 1, 0, 0
68600, 3476472, 0, 0, 0
68600, 4013737, 1, 0, 0
68700, 3972196, 1, 0, 0
68700, 3640983, 0, 0, 0
68800, 2630893, 0, 0, 0
68800, 4181196, 1, 0, 0
68900, 4600115, 1, 0, 0
68900, 2498341, 0, 0, 0
69000, 4011487, 1, 0, 0
69000, 3644799, 0, 0, 0
69100, 2481215, 0, 0, 0
69100, 4550307, 1, 0, 0
69200, 2792768, 0, 0, 0
69201, 3695859, 1, 0, 0
69300, 3402177, 0, 0, 0
69300, 5264374, 1, 0, 0
69400, 4186319, 1, 0, 0
69400, 3629835, 0, 0, 0
69500, 4345661, 0, 0, 0
69501, 5545617, 1, 0, 0
69600, 3255060, 0, 0, 0
69600, 3985562, 1, 0, 0
69700, 4442601, 1, 0, 0
69700, 2909892, 0, 0, 0
69800, 3285947, 0, 0, 0
69801, 3881862, 1, 0, 0
69900, 3220760, 0, 0, 0
69900, 4729502, 1, 0, 0
70000, 4044419, 1, 0, 0
70000, 2922163, 0, 0, 0
70100, 3625056, 0, 0, 0
70101, 3765190, 1, 0, 0
70200, 3246012, 0, 0, 0
70200, 4981033, 1, 0, 0
70300, 2627469, 0, 0, 0
70300, 4224305, 1, 0, 0
70400, 4017066, 0, 0, 0
70401, 3873325, 1, 0, 0
70500, 2674038, 0, 0, 0
70500, 6554955, 1, 0, 0
70600, 4190739, 1, 0, 0
70600, 2881806, 0, 0, 0
70700, 3996238, 1, 0, 0
70700, 3053718, 0, 0, 0
70800, 3870017, 0, 0, 0
70800, 5140054, 1, 0, 0
70900, 3146511, 0, 0, 0
70901, 5529419, 1, 0, 0
71000, 3176046, 0, 0, 0
71001, 4070864, 1, 0, 0
71100, 4246204, 0, 0, 0
71101, 6203763, 1, 0, 0
71200, 3398960, 0, 0, 0
71201, 4006691, 1, 0, 0
71300, 4353881, 1, 0, 0
71300, 3392093, 0, 0, 0
71400, 4579095, 1, 0, 0
71400, 3309918, 0, 0, 0
71500, 2936161, 0, 0, 0
71501, 4375328, 1, 0, 0
71600, 3242352, 0, 0, 0
71601, 3704676, 1, 0, 0
71700, 2555315, 0, 0, 0
71700, 4397763, 1, 0, 0
71800, 3886718, 1, 0, 0
71800, 2893796, 0, 0, 0
71900, 2929533, 0, 0, 0
71902, 3710991, 1, 0, 0
72000, 3566769, 0, 0, 0
72001, 3449860, 1, 0, 0
72100, 3566313, 1, 0, 0
72101, 4267401, 0, 0, 0
72200, 3286249, 0, 0, 0
72202, 3845815, 1, 0, 0
72300, 4805396, 1, 0, 0
72300, 3462115, 0, 0, 0
72400, 4723258, 1, 0, 0
72400, 4191724, 0, 0, 0
72500, 5114676, 1, 0, 0
72500, 2817190, 0, 0, 0
72600, 3041083, 0, 0, 0
72600, 4617311, 1, 0, 0
72700, 4384352, 1, 0, 0
72700, 3243429, 0, 0, 0
72800, 4606314, 0, 0, 0
72801, 4397185, 1, 0, 0
72900, 3770650, 0, 0, 0
72901, 4383953, 1, 0, 0
73000, 3318296, 0, 0, 0
73001, 4229177, 1, 0, 0
73100, 5451006, 1, 0, 0
73100, 3698599, 0, 0, 0
73200, 4539881, 1, 0, 0
73200, 2853488, 0, 0, 0
73300, 3471600, 1, 0, 0
73300, 3031884, 0, 0, 0
73400, 3944764, 0, 0, 0
73400, 3093949, 1, 0, 0
73500, 4351311, 1, 0, 0
73500, 2959063, 0, 0, 0
73600, 4386971, 1, 0, 0
73600, 3787475, 0, 0, 0
73700, 3557136, 0, 0, 0
73701, 2884408, 1, 0, 0
73800, 2994066, 0, 0, 0
73800, 4865164, 1, 0, 0
73900, 2900099, 0, 0, 0
73900, 4224236, 1, 0, 0
74002, 5281575, 0, 0, 0
74002, 5913966, 1, 0, 0
74104, 20632810, 1, 0, 0
74105, 7027203, 0, 0, 0
74208, 25331927, 0, 0, 0
74209, 18993837, 1, 0, 0
74300, 7229737, 0, 0, 0
74300, 7555235, 1, 0, 0
74400, 3877737, 1, 0, 0
74401, 4254207, 0, 0, 0
74500, 3167221, 0, 0, 0
74500, 3870187, 1, 0, 0
74600, 2696282, 0, 0, 0
74600, 3940455, 1, 0, 0
74700, 3017059, 0, 0, 0
74703, 4076517, 1, 0, 0
74800, 2644866, 0, 0, 0
74800, 4344967, 1, 0, 0
74900, 3325285, 1, 0, 0
74900, 3649208, 0, 0, 0
75000, 2559667, 0, 0, 0
75001, 5060318, 1, 0, 0
75100, 4421728, 1, 0, 0
75100, 2607687, 0, 0, 0
75200, 3671709, 0, 0, 0
75200, 4142357, 1, 0, 0
75300, 3615284, 1, 0, 0
75300, 3604411, 0, 0, 0
75400, 3667179, 0, 0, 0
75400, 5431376, 1, 0, 0
75500, 3337154, 0, 0, 0
75500, 3600966, 1, 0, 0
75600, 2794316, 0, 0, 0
75600, 4593173, 1, 0, 0
75700, 4437324, 1, 0, 0
75700, 3290222, 0, 0, 0
75800, 3100316, 0, 0, 0
75800, 4337970, 1, 0, 0
75900, 4203654, 0, 0, 0
75900, 5735713, 1, 0, 0
76000, 3394235, 0, 0, 0
76001, 4487678, 1, 0, 0
76100, 3777393, 0, 0, 0
76100, 4303637, 1, 0, 0
76200, 3853128, 1, 0, 0
76200, 4768112, 0, 0, 0
76300, 3582445, 0, 0, 0
76300, 3655078, 1, 0, 0
76400, 3202981, 0, 0, 0
76400, 3644341, 1, 0, 0
76500, 2645864, 0, 0, 0
76500, 3175416, 1, 0, 0
76600, 3494078, 0, 0, 0
76601, 4697777, 1, 0, 0
76700, 3779330, 0, 0, 0
76700, 4419506, 1, 0, 0
76800, 2920906, 0, 0, 0
76801, 4246641, 1, 0, 0
76900, 3700237, 0, 0, 0
76900, 4248312, 1, 0, 0
77000, 3418477, 0, 0, 0
77001, 4505237, 1, 0, 0
77101, 3763431, 0, 0, 0
77102, 5085681, 1, 0, 0
77200, 4392275, 1, 0, 0
77200, 4199545, 0, 0, 0
77300, 3055773, 0, 0, 0
77300, 4112732, 1, 0, 0
77400, 3623885, 0, 0, 0
77401, 4915024, 1, 0, 0
77500, 2966820, 0, 0, 0
77500, 4446360, 1, 0, 0
77600, 4613685, 1, 0, 0
77601, 3885096, 0, 0, 0
77700, 2939026, 0, 0, 0
77700, 5194801, 1, 0, 0
77800, 3125650, 0, 0, 0
77801, 4456552, 1, 0, 0
77900, 3176675, 0, 0, 0
77900, 4922134, 1, 0, 0
78000, 2966671, 0, 0, 0
78001, 4646733, 1, 0, 0
78100, 3640757, 0, 0, 0
78101, 4814548, 1, 0, 0
78200, 2879065, 0, 0, 0
78200, 6124355, 1, 0, 0
78300, 4506066, 1, 0, 0
78300, 2988436, 0, 0, 0
78401, 4929184, 1, 0, 0
78401, 2912239, 0, 0, 0
78500, 2887012, 0, 0, 0
78500, 4560026, 1, 0, 0
78600, 4080266, 1, 0, 0
78600, 2770548, 0, 0, 0
78700, 3744808, 1, 0, 0
78700, 3037338, 0, 0, 0
78800, 4527821, 1, 0, 0
78800, 3852338, 0, 0, 0
78900, 5006840, 1, 0, 0
78900, 2772731, 0, 0, 0
79000, 3269853, 0, 0, 0
79000, 4534834, 1, 0, 0
79100, 3367120, 0, 0, 0
79101, 4232087, 1, 0, 0
79201, 4012758, 0, 0, 0
79202, 3878564, 1, 0, 0
79300, 2942456, 0, 0, 0
79300, 6723991, 1, 0, 0
79400, 3082607, 0, 0, 0
79400, 4578808, 1, 0, 0
79500, 3069611, 0, 0, 0
79500, 3938277, 1, 0, 0
79600, 3807879, 0, 0, 0
79600, 3322256, 1, 0, 0
79700, 3116992, 0, 0, 0
79700, 4340482, 1, 0, 0
79800, 2914544, 0, 0, 0
79800, 4576121, 1, 0, 0
79900, 4075500, 1, 0, 0
79901, 4841930, 0, 0, 0
80000, 3663713, 0, 0, 0
80000, 4568226, 1, 0, 0
80100, 3360274, 0, 0, 0
80101, 4425754, 1, 0, 0
80200, 2729602, 0, 0, 0
80201, 4628521, 1, 0, 0
80300, 3794602, 0, 0, 0
80300, 4492819, 1, 0, 0
80400, 3407278, 1, 0, 0
80400, 2907003, 0, 0, 0
80500, 3292744, 0, 0, 0
80500, 4951921, 1, 0, 0
80600, 3816203, 1, 0, 0
80600, 3128066, 0, 0, 0
80700, 2842121, 0, 0, 0
80700, 4308590, 1, 0, 0
80800, 4200202, 1, 0, 0
80800, 3822776, 0, 0, 0
80900, 2805812, 0, 0, 0
80902, 4934387, 1, 0, 0
81000, 2934968, 0, 0, 0
81001, 2752060, 1, 0, 0
81100, 3424952, 0, 0, 0
81100, 4138314, 1, 0, 0
81200, 3177593, 0, 0, 0
81200, 4593140, 1, 0, 0
81300, 5406884, 1, 0, 0
81300, 2909388, 0, 0, 0
81400, 3019635, 0, 0, 0
81405, 4943497, 1, 0, 0
81500, 2908211, 0, 0, 0
81502, 5557778, 1, 0, 0
81600, 2785302, 0, 0, 0
81600, 4372559, 1, 0, 0
81700, 2758336, 0, 0, 0
81702, 4114985, 1, 0, 0
81800, 5307477, 1, 0, 0
81800, 3570965, 0, 0, 0
81903, 10650260, 1, 0, 0
81903, 3608238, 0, 0, 0
82000, 10087625, 1, 0, 0
82000, 5699874, 0, 0, 0
82100, 6809673, 0, 0, 0
82100, 4137413, 1, 0, 0
82200, 3085666, 0, 0, 0
82201, 3126141, 1, 0, 0
82300, 3444527, 1, 0, 0
82300, 3140082, 0, 0, 0
82400, 3131520, 0, 0, 0
82400, 3077631, 1, 0, 0
82500, 2741806, 0, 0, 0
82502, 3440667, 1, 0, 0
82600, 3325381, 0, 0, 0
82600, 4381096, 1, 0, 0
82700, 3961303, 0, 0, 0
82700, 4877675, 1, 0, 0
82800, 3772065, 0, 0, 0
82800, 4307541, 1, 0, 0
82900, 3118516, 0, 0, 0
82901, 3525151, 1, 0, 0
83000, 2570562, 0, 0, 0
83001, 4682884, 1, 0, 0
83100, 3241822, 0, 0, 0
83100, 4369212, 1, 0, 0
83200, 3364666, 0, 0, 0
83201, 4047672, 1, 0, 0
83300, 3821052, 0, 0, 0
83302, 4140572, 1, 0, 0
83400, 4367169, 1, 0, 0
83400, 2891390, 0, 0, 0
83500, 3857636, 0, 0, 0
83500, 5048876, 1, 0, 0
83600, 2997112, 0, 0, 0
83600, 3559755, 1, 0, 0
83700, 6228618, 1, 0, 0
83700, 3186509, 0, 0, 0
83800, 3614774, 0, 0, 0
83801, 4899732, 1, 0, 0
83900, 5673644, 1, 0, 0
83900, 3617416, 0, 0, 0
84000, 3275641, 0, 0, 0
84000, 4211269, 1, 0, 0
84100, 3909009, 1, 0, 0
84100, 2986725, 0, 0, 0
84200, 3624739, 0, 0, 0
84201, 4763198, 1, 0, 0
84300, 3295836, 0, 0, 0
84300, 4177150, 1, 0, 0
84400, 3715998, 0, 0, 0
84402, 3878748, 1, 0, 0
84500, 3286699, 0, 0, 0
84501, 4432488, 1, 0, 0
84600, 4595046, 1, 0, 0
84600, 3831427, 0, 0, 0
84700, 2902523, 0, 0, 0
84700, 4801316, 1, 0, 0
84800, 3934136, 0, 0, 0
84800, 5099774, 1, 0, 0
84900, 2534483, 0, 0, 0
84900, 4514590, 1, 0, 0
85000, 2709819, 0, 0, 0
85001, 3891321, 1, 0, 0
85100, 4412718, 1, 0, 0
85101, 3474713, 0, 0, 0
85200, 3721795, 0, 0, 0
85202, 4853482, 1, 0, 0
85300, 4952844, 1, 0, 0
85300, 3462204, 0, 0, 0
85400, 4054863, 1, 0, 0
85400, 2668382, 0, 0, 0
85500, 2863107, 0, 0, 0
85500, 4284011, 1, 0, 0
85600, 4840166, 1, 0, 0
85600, 3805135, 0, 0, 0
85700, 2820346, 0, 0, 0
85703, 4719610, 1, 0, 0
85800, 2880478, 0, 0, 0
85801, 4513178, 1, 0, 0
85900, 3101752, 0, 0, 0
85900, 3781074, 1, 0, 0
86000, 3036990, 0, 0, 0
86001, 4356098, 1, 0, 0
86100, 2917852, 0, 0, 0
86101, 4488826, 1, 0, 0
86200, 3002467, 0, 0, 0
86200, 4820604, 1, 0, 0
86300, 5110308, 1, 0, 0
86300, 3150340, 0, 0, 0
86400, 4354897, 1, 0, 0
86400, 3440787, 0, 0, 0
86500, 2901218, 0, 0, 0
86501, 4703388, 1, 0, 0
86600, 4367649, 0, 0, 0
86600, 5887733, 1, 0, 0
86700, 3621630, 0, 0, 0
86702, 4964868, 1, 0, 0
86800, 4599769, 0, 0, 0
86800, 4547705, 1, 0, 0
86900, 3347994, 0, 0, 0
86900, 5487737, 1, 0, 0
87000, 4558211, 1, 0, 0
87000, 3025480, 0, 0, 0
87100, 3980718, 1, 0, 0
87100, 3267756, 0, 0, 0
87200, 3888271, 0, 0, 0
87200, 4588970, 1, 0, 0
87300, 4633231, 1, 0, 0
87300, 3872066, 0, 0, 0
87400, 3325468, 0, 0, 0
87400, 4499104, 1, 0, 0
87500, 4746101, 1, 0, 0
87500, 2581497, 0, 0, 0
87600, 4758356, 1, 0, 0
87600, 3395381, 0, 0, 0
87700, 2733641, 0, 0, 0
87700, 4768996, 1, 0, 0
87800, 3461632, 0, 0, 0
87801, 4431332, 1, 0, 0
87900, 4865294, 1, 0, 0
87900, 3108598, 0, 0, 0
88000, 3514593, 0, 0, 0
88000, 5267501, 1, 0, 0
88100, 4600037, 0, 0, 0
88100, 4708760, 1, 0, 0
88200, 3431743, 0, 0, 0
88200, 5407747, 1, 0, 0
88300, 3187877, 0, 0, 0
88300, 4895420, 1, 0, 0
88400, 3218866, 0, 0, 0
88400, 4296963, 1, 0, 0
88500, 4161382, 0, 0, 0
88500, 4197203, 1, 0, 0
88600, 3219158, 0, 0, 0
88601, 4476873, 1, 0, 0
88700, 3563971, 0, 0, 0
88700, 4772345, 1, 0, 0
88800, 5285874, 1, 0, 0
88800, 3334862, 0, 0, 0
88900, 2752123, 0, 0, 0
88900, 4576428, 1, 0, 0
89000, 3225223, 0, 0, 0
89001, 6081846, 1, 0, 0
89100, 3248408, 0, 0, 0
89102, 4146792, 1, 0, 0
89200, 3273513, 0, 0, 0
89201, 3983233, 1, 0, 0
89300, 3702850, 0, 0, 0
89301, 5080803, 1, 0, 0
89400, 3280002, 0, 0, 0
89400, 3504785, 1, 0, 0
89500, 4234728, 1, 0, 0
89500, 3120684, 0, 0, 0
89600, 3280977, 0, 0, 0
89601, 3846069, 1, 0, 0
89700, 3277106, 0, 0, 0
89700, 5375170, 1, 0, 0
89800, 2886545, 0, 0, 0
89800, 4209884, 1, 0, 0
89900, 2943382, 0, 0, 0
89901, 4396917, 1, 0, 0
90000, 3663866, 0, 0, 0
90014, 4495673, 1, 0, 0
90014, 20988565, 0, 0, 0
90014, 18776512, 1, 0, 0
