100, 2489408, 0, 0, 0
200, 2497141, 0, 0, 0
300, 2489053, 0, 0, 0
400, 2354806, 0, 0, 0
500, 2512540, 0, 0, 0
600, 2546754, 0, 0, 0
700, 2413378, 0, 0, 0
800, 2406091, 0, 0, 0
900, 2414014, 0, 0, 0
1000, 2381741, 0, 0, 0
1100, 2380898, 0, 0, 0
1200, 2487686, 0, 0, 0
1300, 2512444, 0, 0, 0
1400, 2387116, 0, 0, 0
1500, 2490580, 0, 0, 0
1600, 2515931, 0, 0, 0
1700, 2345886, 0, 0, 0
1800, 2478329, 0, 0, 0
1900, 2340582, 0, 0, 0
2000, 2580418, 0, 0, 0
2100, 2410637, 0, 0, 0
2200, 2329657, 0, 0, 0
2300, 2288969, 0, 0, 0
2400, 2394196, 0, 0, 0
2500, 2441408, 0, 0, 0
2600, 2433515, 0, 0, 0
2700, 2450093, 0, 0, 0
2800, 2434063, 0, 0, 0
2900, 2358932, 0, 0, 0
3000, 2460390, 0, 0, 0
3100, 2345936, 0, 0, 0
3200, 2541238, 0, 0, 0
3300, 2661835, 0, 0, 0
3400, 2515904, 0, 0, 0
3500, 2494933, 0, 0, 0
3600, 2297752, 0, 0, 0
3700, 2397435, 0, 0, 0
3800, 2372511, 0, 0, 0
3900, 2422340, 0, 0, 0
4000, 2330872, 0, 0, 0
4100, 2455120, 0, 0, 0
4200, 2467261, 0, 0, 0
4300, 2445169, 0, 0, 0
4400, 2288067, 0, 0, 0
4500, 2442221, 0, 0, 0
4600, 2446000, 0, 0, 0
4700, 2417122, 0, 0, 0
4800, 2413424, 0, 0, 0
4900, 2398365, 0, 0, 0
5000, 2417309, 0, 0, 0
5100, 2359069, 0, 0, 0
5200, 2377083, 0, 0, 0
5300, 2415486, 0, 0, 0
5400, 2367632, 0, 0, 0
5500, 2511598, 0, 0, 0
5600, 2236965, 0, 0, 0
5700, 2364261, 0, 0, 0
5800, 2331621, 0, 0, 0
5900, 2308198, 0, 0, 0
6000, 2363801, 0, 0, 0
6100, 2260508, 0, 0, 0
6200, 2389795, 0, 0, 0
6300, 2517540, 0, 0, 0
6400, 2355582, 0, 0, 0
6500, 2457251, 0, 0, 0
6600, 2308108, 0, 0, 0
6700, 2360420, 0, 0, 0
6800, 2282503, 0, 0, 0
6900, 2288648, 0, 0, 0
7000, 2337682, 0, 0, 0
7100, 2225330, 0, 0, 0
7200, 2268593, 0, 0, 0
7300, 2392020, 0, 0, 0
7400, 2300593, 0, 0, 0
7500, 2403105, 0, 0, 0
7600, 2365493, 0, 0, 0
7700, 2288106, 0, 0, 0
7800, 2263133, 0, 0, 0
7900, 2372722, 0, 0, 0
8000, 2278402, 0, 0, 0
8100, 2302712, 0, 0, 0
8200, 2330988, 0, 0, 0
8300, 2281606, 0, 0, 0
8400, 2383684, 0, 0, 0
8500, 2410667, 0, 0, 0
8600, 2485267, 0, 0, 0
8700, 2335952, 0, 0, 0
8800, 2368667, 0, 0, 0
8900, 2285931, 0, 0, 0
9000, 2382023, 0, 0, 0
9100, 2265454, 0, 0, 0
9200, 2238416, 0, 0, 0
9300, 2304103, 0, 0, 0
9400, 2303400, 0, 0, 0
9500, 2333095, 0, 0, 0
9600, 2575022, 0, 0, 0
9700, 2261385, 0, 0, 0
9800, 2292286, 0, 0, 0
9900, 2201387, 0, 0, 0
10000, 2260090, 0, 0, 0
10100, 2320942, 0, 0, 0
10200, 2289745, 0, 0, 0
10300, 2296752, 0, 0, 0
10400, 2220093, 0, 0, 0
10500, 2214660, 0, 0, 0
10600, 2514979, 0, 0, 0
10700, 2184194, 0, 0, 0
10800, 2294324, 0, 0, 0
10900, 2166555, 0, 0, 0
11000, 2309531, 0, 0, 0
11100, 2238991, 0, 0, 0
11200, 2275069, 0, 0, 0
11300, 2408326, 0, 0, 0
11400, 2218227, 0, 0, 0
11500, 2220245, 0, 0, 0
11600, 2479481, 0, 0, 0
11700, 2283503, 0, 0, 0
11800, 2290643, 0, 0, 0
11901, 2198535, 0, 0, 0
12000, 2265136, 0, 0, 0
12100, 2188753, 0, 0, 0
12200, 2325853, 0, 0, 0
12300, 2653462, 0, 0, 0
12400, 2205125, 0, 0, 0
12500, 2123879, 0, 0, 0
12600, 2758253, 0, 0, 0
12700, 2179883, 0, 0, 0
12801, 2207913, 0, 0, 0
12900, 2310736, 0, 0, 0
13000, 2211474, 0, 0, 0
13100, 2305759, 0, 0, 0
13200, 2192893, 0, 0, 0
13300, 2484390, 0, 0, 0
13400, 2194213, 0, 0, 0
13500, 2208814, 0, 0, 0
13600, 2545938, 0, 0, 0
13700, 2338053, 0, 0, 0
13800, 2349311, 0, 0, 0
13900, 2389062, 0, 0, 0
14000, 2319942, 0, 0, 0
14100, 2281786, 0, 0, 0
14200, 2198433, 0, 0, 0
14300, 2530323, 0, 0, 0
14400, 2178656, 0, 0, 0
14500, 2163459, 0, 0, 0
14600, 2502029, 0, 0, 0
14700, 2285496, 0, 0, 0
14800, 2172193, 0, 0, 0
14900, 2374594, 0, 0, 0
15000, 2207770, 0, 0, 0
15100, 2239615, 0, 0, 0
15200, 2166205, 0, 0, 0
15300, 2408741, 0, 0, 0
15400, 2297281, 0, 0, 0
15500, 2239446, 0, 0, 0
15600, 2626409, 0, 0, 0
15700, 2122925, 0, 0, 0
15800, 2154618, 0, 0, 0
15900, 2309668, 0, 0, 0
16000, 2205226, 0, 0, 0
16100, 2198023, 0, 0, 0
16200, 2159385, 0, 0, 0
16300, 2188939, 0, 0, 0
16400, 2269378, 0, 0, 0
16500, 2128969, 0, 0, 0
16600, 2450669, 0, 0, 0
16700, 2230271, 0, 0, 0
16800, 2236573, 0, 0, 0
16900, 2266011, 0, 0, 0
17000, 2234236, 0, 0, 0
17100, 2147761, 0, 0, 0
17200, 2184586, 0, 0, 0
17300, 2344115, 0, 0, 0
17400, 2276703, 0, 0, 0
17500, 2187636, 0, 0, 0
17600, 2306980, 0, 0, 0
17700, 2340115, 0, 0, 0
17800, 2167150, 0, 0, 0
17900, 2256039, 0, 0, 0
18000, 2196303, 0, 0, 0
18100, 2271860, 0, 0, 0
18200, 2203087, 0, 0, 0
18300, 2142476, 0, 0, 0
18400, 2287132, 0, 0, 0
18500, 2141356, 0, 0, 0
18600, 2249912, 0, 0, 0
18700, 2249635, 0, 0, 0
18800, 2184733, 0, 0, 0
18900, 2236798, 0, 0, 0
19000, 2359443, 0, 0, 0
19100, 2213905, 0, 0, 0
19200, 2203110, 0, 0, 0
19300, 2226362, 0, 0, 0
19400, 2322786, 0, 0, 0
19500, 2173379, 0, 0, 0
19600, 2237706, 0, 0, 0
19700, 2302079, 0, 0, 0
19800, 2179878, 0, 0, 0
19900, 2138738, 0, 0, 0
20000, 2227062, 0, 0, 0
20100, 2120809, 0, 0, 0
20200, 2219548, 0, 0, 0
20300, 2195382, 0, 0, 0
20400, 2113567, 0, 0, 0
20500, 2185595, 0, 0, 0
20600, 2167271, 0, 0, 0
20700, 2341993, 0, 0, 0
20800, 2273987, 0, 0, 0
20900, 2215976, 0, 0, 0
21000, 2214743, 0, 0, 0
21100, 2229389, 0, 0, 0
21200, 2160568, 0, 0, 0
21300, 2184043, 0, 0, 0
21400, 2217228, 0, 0, 0
21500, 2287136, 0, 0, 0
21600, 2183606, 0, 0, 0
21700, 2299026, 0, 0, 0
21800, 2224421, 0, 0, 0
21900, 2180251, 0, 0, 0
22000, 2191941, 0, 0, 0
22100, 2230743, 0, 0, 0
22200, 2267216, 0, 0, 0
22300, 2199111, 0, 0, 0
22400, 2209912, 0, 0, 0
22500, 2121327, 0, 0, 0
22600, 2150982, 0, 0, 0
22701, 2200600, 0, 0, 0
22800, 2315745, 0, 0, 0
22900, 2276110, 0, 0, 0
23000, 2202204, 0, 0, 0
23100, 2142518, 0, 0, 0
23200, 2162112, 0, 0, 0
23300, 2158043, 0, 0, 0
23400, 2135599, 0, 0, 0
23500, 2181997, 0, 0, 0
23600, 2263207, 0, 0, 0
23700, 2302283, 0, 0, 0
23800, 2266709, 0, 0, 0
23900, 2141821, 0, 0, 0
24000, 2271188, 0, 0, 0
24101, 2196999, 0, 0, 0
24200, 2233398, 0, 0, 0
24300, 2272426, 0, 0, 0
24400, 2308157, 0, 0, 0
24500, 2262126, 0, 0, 0
24600, 2110388, 0, 0, 0
24700, 2180758, 0, 0, 0
24800, 2292546, 0, 0, 0
24900, 2205007, 0, 0, 0
25000, 2181652, 0, 0, 0
25100, 2290865, 0, 0, 0
25200, 2126872, 0, 0, 0
25300, 2189839, 0, 0, 0
25400, 2190163, 0, 0, 0
25500, 2120225, 0, 0, 0
25600, 2207977, 0, 0, 0
25700, 2165269, 0, 0, 0
25800, 2349285, 0, 0, 0
25900, 2176064, 0, 0, 0
26000, 2207096, 0, 0, 0
26100, 2233750, 0, 0, 0
26200, 2231631, 0, 0, 0
26300, 2194215, 0, 0, 0
26400, 2193656, 0, 0, 0
26500, 2126779, 0, 0, 0
26600, 2223837, 0, 0, 0
26700, 2163008, 0, 0, 0
26800, 2253029, 0, 0, 0
26900, 2201171, 0, 0, 0
27000, 2212318, 0, 0, 0
27101, 2207555, 0, 0, 0
27200, 2219680, 0, 0, 0
27300, 2244767, 0, 0, 0
27400, 2167773, 0, 0, 0
27500, 2255268, 0, 0, 0
27600, 2160686, 0, 0, 0
27700, 2259690, 0, 0, 0
27800, 2163044, 0, 0, 0
27900, 2253482, 0, 0, 0
28001, 2256217, 0, 0, 0
28100, 2296603, 0, 0, 0
28200, 2166738, 0, 0, 0
28300, 2162368, 0, 0, 0
28400, 2242912, 0, 0, 0
28500, 2217146, 0, 0, 0
28600, 2195165, 0, 0, 0
28700, 2191711, 0, 0, 0
28800, 2193450, 0, 0, 0
28900, 2248046, 0, 0, 0
29000, 2344699, 0, 0, 0
29100, 2193826, 0, 0, 0
29200, 2174419, 0, 0, 0
29300, 2199056, 0, 0, 0
29400, 2155186, 0, 0, 0
29500, 2225296, 0, 0, 0
29600, 2279145, 0, 0, 0
29700, 2268548, 0, 0, 0
29800, 2245221, 0, 0, 0
29900, 2225919, 0, 0, 0
30000, 2183488, 0, 0, 0
30100, 2198253, 0, 0, 0
30200, 2198444, 0, 0, 0
30300, 2141187, 0, 0, 0
30400, 2241671, 0, 0, 0
30500, 2199239, 0, 0, 0
30600, 2227142, 0, 0, 0
30700, 2093297, 0, 0, 0
30800, 2217732, 0, 0, 0
30900, 2224255, 0, 0, 0
31000, 2160885, 0, 0, 0
31101, 2217807, 0, 0, 0
31200, 2189820, 0, 0, 0
31300, 2210045, 0, 0, 0
31400, 2214305, 0, 0, 0
31500, 2179994, 0, 0, 0
31600, 2293741, 0, 0, 0
31700, 2338113, 0, 0, 0
31800, 2203423, 0, 0, 0
31900, 2148675, 0, 0, 0
32000, 2204884, 0, 0, 0
32100, 2209670, 0, 0, 0
32200, 2216611, 0, 0, 0
32300, 2185484, 0, 0, 0
32400, 2157559, 0, 0, 0
32500, 2243020, 0, 0, 0
32600, 2195043, 0, 0, 0
32700, 2217002, 0, 0, 0
32800, 2144873, 0, 0, 0
32900, 2237817, 0, 0, 0
33000, 2182110, 0, 0, 0
33101, 2221458, 0, 0, 0
33200, 2213253, 0, 0, 0
33300, 2180989, 0, 0, 0
33400, 2158432, 0, 0, 0
33500, 2238907, 0, 0, 0
33600, 2332534, 0, 0, 0
33700, 2244488, 0, 0, 0
33800, 2224137, 0, 0, 0
33900, 2240132, 0, 0, 0
34000, 2329341, 0, 0, 0
34100, 2297469, 0, 0, 0
34200, 2215786, 0, 0, 0
34300, 2244614, 0, 0, 0
34400, 2142929, 0, 0, 0
34500, 2232708, 0, 0, 0
34601, 2191729, 0, 0, 0
34700, 2369646, 0, 0, 0
34800, 2240866, 0, 0, 0
34901, 2235829, 0, 0, 0
35000, 2370281, 0, 0, 0
35100, 2122698, 0, 0, 0
35200, 2196971, 0, 0, 0
35300, 2190688, 0, 0, 0
35401, 2188446, 0, 0, 0
35500, 2274341, 0, 0, 0
35600, 2296588, 0, 0, 0
35700, 2305219, 0, 0, 0
35800, 2278349, 0, 0, 0
35900, 2268734, 0, 0, 0
36000, 2277868, 0, 0, 0
36100, 2357936, 0, 0, 0
36200, 2305762, 0, 0, 0
36300, 2317703, 0, 0, 0
36400, 2368655, 0, 0, 0
36500, 2279956, 0, 0, 0
36600, 2288861, 0, 0, 0
36700, 2327633, 0, 0, 0
36800, 2317294, 0, 0, 0
36900, 2240406, 0, 0, 0
37000, 2450053, 0, 0, 0
37100, 2505648, 0, 0, 0
37200, 2342159, 0, 0, 0
37300, 2311689, 0, 0, 0
37400, 2618407, 0, 0, 0
37500, 2387887, 0, 0, 0
37600, 2351286, 0, 0, 0
37700, 2406982, 0, 0, 0
37800, 2389747, 0, 0, 0
37900, 2327484, 0, 0, 0
38000, 2449831, 0, 0, 0
38101, 2268593, 0, 0, 0
38200, 2373093, 0, 0, 0
38300, 2315380, 0, 0, 0
38400, 2328723, 0, 0, 0
38500, 2310674, 0, 0, 0
38600, 2329629, 0, 0, 0
38700, 2447661, 0, 0, 0
38800, 2510030, 0, 0, 0
38900, 2375733, 0, 0, 0
39000, 2344696, 0, 0, 0
39100, 2453361, 0, 0, 0
39200, 2391269, 0, 0, 0
39300, 2275691, 0, 0, 0
39400, 2268421, 0, 0, 0
39500, 2259625, 0, 0, 0
39600, 2315739, 0, 0, 0
39700, 2298872, 0, 0, 0
39800, 2385579, 0, 0, 0
39900, 2275696, 0, 0, 0
40000, 2310756, 0, 0, 0
40100, 2337481, 0, 0, 0
40200, 2283723, 0, 0, 0
40300, 2179970, 0, 0, 0
40400, 2252993, 0, 0, 0
40500, 2258265, 0, 0, 0
40600, 2175581, 0, 0, 0
40700, 2146795, 0, 0, 0
40800, 2238270, 0, 0, 0
40900, 2250325, 0, 0, 0
41000, 2145034, 0, 0, 0
41100, 2212335, 0, 0, 0
41201, 2236250, 0, 0, 0
41300, 2404329, 0, 0, 0
41400, 2153825, 0, 0, 0
41500, 2274878, 0, 0, 0
41600, 2219900, 0, 0, 0
41700, 2138983, 0, 0, 0
41800, 2150119, 0, 0, 0
41900, 2231782, 0, 0, 0
42000, 2183072, 0, 0, 0
42100, 2183910, 0, 0, 0
42200, 2168780, 0, 0, 0
42300, 2239328, 0, 0, 0
42400, 2126245, 0, 0, 0
42500, 2149262, 0, 0, 0
42600, 2079963, 0, 0, 0
42700, 2227038, 0, 0, 0
42800, 2135901, 0, 0, 0
42900, 2200932, 0, 0, 0
43000, 2223612, 0, 0, 0
43100, 2257254, 0, 0, 0
43200, 2199542, 0, 0, 0
43300, 2197304, 0, 0, 0
43400, 2167876, 0, 0, 0
43500, 2151786, 0, 0, 0
43600, 2212212, 0, 0, 0
43700, 2237094, 0, 0, 0
43800, 2292543, 0, 0, 0
43900, 2242037, 0, 0, 0
44000, 2233353, 0, 0, 0
44100, 2257101, 0, 0, 0
44200, 2293193, 0, 0, 0
44300, 2191741, 0, 0, 0
44400, 2243427, 0, 0, 0
44500, 2239283, 0, 0, 0
44600, 2122369, 0, 0, 0
44700, 2176073, 0, 0, 0
44800, 2268216, 0, 0, 0
44900, 2185635, 0, 0, 0
45000, 2206318, 0, 0, 0
45100, 2262183, 0, 0, 0
45200, 2235601, 0, 0, 0
45301, 2228429, 0, 0, 0
45400, 2362601, 0, 0, 0
45500, 2220486, 0, 0, 0
45600, 2213763, 0, 0, 0
45700, 2347725, 0, 0, 0
45800, 2201582, 0, 0, 0
45900, 2214205, 0, 0, 0
46000, 2095769, 0, 0, 0
46100, 2204258, 0, 0, 0
46200, 2154781, 0, 0, 0
46300, 2278026, 0, 0, 0
46400, 2200721, 0, 0, 0
46500, 2144213, 0, 0, 0
46600, 2173295, 0, 0, 0
46700, 2243340, 0, 0, 0
46800, 2183200, 0, 0, 0
46900, 2215308, 0, 0, 0
47000, 2254579, 0, 0, 0
47100, 2262352, 0, 0, 0
47200, 2214428, 0, 0, 0
47300, 2142985, 0, 0, 0
47400, 2234354, 0, 0, 0
47500, 2190200, 0, 0, 0
47600, 2190172, 0, 0, 0
47700, 2262001, 0, 0, 0
47800, 2229176, 0, 0, 0
47900, 2217589, 0, 0, 0
48000, 2337768, 0, 0, 0
48101, 2280455, 0, 0, 0
48200, 2177852, 0, 0, 0
48300, 2219180, 0, 0, 0
48400, 2267441, 0, 0, 0
48500, 2263040, 0, 0, 0
48600, 2258728, 0, 0, 0
48700, 2271449, 0, 0, 0
48800, 2198339, 0, 0, 0
48900, 2164197, 0, 0, 0
49000, 2176128, 0, 0, 0
49100, 2316099, 0, 0, 0
49200, 2209067, 0, 0, 0
49300, 2137612, 0, 0, 0
49400, 2250381, 0, 0, 0
49500, 2171149, 0, 0, 0
49600, 2243794, 0, 0, 0
49700, 2280580, 0, 0, 0
49800, 2244049, 0, 0, 0
49900, 2152810, 0, 0, 0
50000, 2243059, 0, 0, 0
50100, 2180789, 0, 0, 0
50200, 2260517, 0, 0, 0
50300, 2263411, 0, 0, 0
50400, 2190731, 0, 0, 0
50500, 2309102, 0, 0, 0
50600, 2198878, 0, 0, 0
50700, 2257947, 0, 0, 0
50800, 2245345, 0, 0, 0
50900, 2211751, 0, 0, 0
51000, 2217239, 0, 0, 0
51100, 2293434, 0, 0, 0
51200, 2254761, 0, 0, 0
51300, 2216961, 0, 0, 0
51400, 2233716, 0, 0, 0
51500, 2252948, 0, 0, 0
51600, 2172265, 0, 0, 0
51700, 2229413, 0, 0, 0
51800, 2249219, 0, 0, 0
51900, 2485751, 0, 0, 0
52000, 2304652, 0, 0, 0
52100, 2178853, 0, 0, 0
52200, 2269548, 0, 0, 0
52300, 2281498, 0, 0, 0
52400, 2242432, 0, 0, 0
52500, 2180121, 0, 0, 0
52600, 2316795, 0, 0, 0
52700, 2223598, 0, 0, 0
52800, 2215345, 0, 0, 0
52900, 2335541, 0, 0, 0
53000, 2260440, 0, 0, 0
53100, 2287584, 0, 0, 0
53200, 2237699, 0, 0, 0
53300, 2182466, 0, 0, 0
53400, 2249561, 0, 0, 0
53500, 2235953, 0, 0, 0
53600, 2290014, 0, 0, 0
53700, 2346701, 0, 0, 0
53800, 2211376, 0, 0, 0
53900, 2245981, 0, 0, 0
54000, 2291963, 0, 0, 0
54100, 2363275, 0, 0, 0
54200, 2222213, 0, 0, 0
54300, 2227262, 0, 0, 0
54400, 2224760, 0, 0, 0
54500, 2303453, 0, 0, 0
54600, 2258833, 0, 0, 0
54700, 2245367, 0, 0, 0
54800, 2264850, 0, 0, 0
54900, 2224545, 0, 0, 0
55001, 2230992, 0, 0, 0
55100, 2269804, 0, 0, 0
55200, 2210429, 0, 0, 0
55300, 2286071, 0, 0, 0
55400, 2269706, 0, 0, 0
55500, 2275053, 0, 0, 0
55600, 2298672, 0, 0, 0
55700, 2262531, 0, 0, 0
55800, 2313753, 0, 0, 0
55900, 2319297, 0, 0, 0
56000, 2286893, 0, 0, 0
56100, 2260861, 0, 0, 0
56200, 2289676, 0, 0, 0
56300, 2247401, 0, 0, 0
56400, 2232367, 0, 0, 0
56500, 2299737, 0, 0, 0
56600, 2253840, 0, 0, 0
56700, 2347951, 0, 0, 0
56800, 2244486, 0, 0, 0
56900, 2322094, 0, 0, 0
57000, 2361599, 0, 0, 0
57100, 2336651, 0, 0, 0
57200, 2170922, 0, 0, 0
57300, 2250337, 0, 0, 0
57400, 2247451, 0, 0, 0
57500, 2743773, 0, 0, 0
57600, 2281972, 0, 0, 0
57700, 2288536, 0, 0, 0
57800, 2325644, 0, 0, 0
57900, 2235614, 0, 0, 0
58000, 2194160, 0, 0, 0
58100, 2289401, 0, 0, 0
58200, 2320813, 0, 0, 0
58300, 2263656, 0, 0, 0
58400, 2252661, 0, 0, 0
58500, 2234781, 0, 0, 0
58600, 2226529, 0, 0, 0
58700, 2326661, 0, 0, 0
58800, 2252875, 0, 0, 0
58900, 2278591, 0, 0, 0
59000, 2221492, 0, 0, 0
59100, 2285209, 0, 0, 0
59201, 2196869, 0, 0, 0
59300, 2233099, 0, 0, 0
59400, 2175691, 0, 0, 0
59500, 2301504, 0, 0, 0
59600, 2269003, 0, 0, 0
59700, 2263517, 0, 0, 0
59801, 2303313, 0, 0, 0
59900, 2240999, 0, 0, 0
60000, 2269913, 0, 0, 0
60001, 2502434, 0, 0, 0
