250, 35584, 1, 0, 0
350, 37120, 1, 0, 0
450, 26240, 1, 0, 0
550, 38400, 1, 0, 0
650, 35200, 1, 0, 0
749, 41373, 1, 0, 0
849, 35200, 1, 0, 0
949, 45440, 1, 0, 0
1049, 36480, 1, 0, 0
1149, 38400, 1, 0, 0
1250, 39680, 1, 0, 0
1350, 43520, 1, 0, 0
1450, 43520, 1, 0, 0
1550, 39680, 1, 0, 0
1650, 41600, 1, 0, 0
1749, 43313, 1, 0, 0
1849, 32000, 1, 0, 0
1949, 23040, 1, 0, 0
2049, 42880, 1, 0, 0
2149, 35200, 1, 0, 0
2250, 39040, 1, 0, 0
2350, 39040, 1, 0, 0
2450, 39040, 1, 0, 0
2550, 38400, 1, 0, 0
2650, 40320, 1, 0, 0
2749, 40080, 1, 0, 0
2849, 40960, 1, 0, 0
2949, 43520, 1, 0, 0
3049, 42880, 1, 0, 0
3149, 42880, 1, 0, 0
3249, 44160, 1, 0, 0
3349, 32000, 1, 0, 0
3449, 27520, 1, 0, 0
3550, 24960, 1, 0, 0
3749, 646, 1, 0, 0
3849, 34560, 1, 0, 0
3949, 42880, 1, 0, 0
4049, 35840, 1, 0, 0
4149, 44160, 1, 0, 0
4249, 37120, 1, 0, 0
4349, 19200, 1, 0, 0
4550, 21120, 1, 0, 0
4650, 15360, 1, 0, 0
4749, 646, 1, 0, 0
4849, 24320, 1, 0, 0
4949, 34560, 1, 0, 0
5049, 40320, 1, 0, 0
5149, 55040, 1, 0, 0
5249, 35840, 1, 0, 0
5349, 37760, 1, 0, 0
5449, 39040, 1, 0, 0
5549, 40960, 1, 0, 0
5649, 39680, 1, 0, 0
5750, 35840, 1, 0, 0
5850, 36480, 1, 0, 0
5950, 23680, 1, 0, 0
6050, 33280, 1, 0, 0
6150, 40960, 1, 0, 0
6249, 43959, 1, 0, 0
6349, 35200, 1, 0, 0
6449, 42240, 1, 0, 0
6549, 37120, 1, 0, 0
6649, 42240, 1, 0, 0
6749, 36480, 1, 0, 0
6849, 36480, 1, 0, 0
6949, 39680, 1, 0, 0
7050, 23680, 1, 0, 0
7150, 38400, 1, 0, 0
7249, 38787, 1, 0, 0
7349, 46080, 1, 0, 0
7449, 38400, 1, 0, 0
7549, 40320, 1, 0, 0
7649, 30720, 1, 0, 0
7749, 39680, 1, 0, 0
7849, 43520, 1, 0, 0
7949, 39040, 1, 0, 0
8049, 35200, 1, 0, 0
8149, 34560, 1, 0, 0
8249, 26880, 1, 0, 0
8350, 21120, 1, 0, 0
8450, 53120, 1, 0, 0
8550, 24320, 1, 0, 0
8650, 24320, 1, 0, 0
8749, 22626, 1, 0, 0
8849, 42240, 1, 0, 0
8949, 17280, 1, 0, 0
9049, 42880, 1, 0, 0
9149, 39040, 1, 0, 0
9249, 11520, 1, 0, 0
9349, 35840, 1, 0, 0
9449, 67840, 1, 0, 0
9549, 78720, 1, 0, 0
9649, 58240, 1, 0, 0
9749, 34909, 1, 0, 0
9849, 7680, 1, 0, 0
9949, 33280, 1, 0, 0
10049, 8320, 1, 0, 0
10149, 26240, 1, 0, 0
10249, 25600, 1, 0, 0
10349, 42240, 1, 0, 0
10449, 20480, 1, 0, 0
10549, 28160, 1, 0, 0
10649, 42880, 1, 0, 0
10750, 21120, 1, 0, 0
10850, 44160, 1, 0, 0
10950, 40960, 1, 0, 0
11050, 25600, 1, 0, 0
11150, 42880, 1, 0, 0
11249, 15515, 1, 0, 0
11349, 26240, 1, 0, 0
11449, 32000, 1, 0, 0
11549, 30720, 1, 0, 0
11649, 38400, 1, 0, 0
11749, 30720, 1, 0, 0
11849, 26240, 1, 0, 0
11949, 37760, 1, 0, 0
12050, 39680, 1, 0, 0
12150, 37760, 1, 0, 0
12249, 25858, 1, 0, 0
12349, 34560, 1, 0, 0
12449, 19200, 1, 0, 0
12549, 35200, 1, 0, 0
12649, 44160, 1, 0, 0
12749, 36480, 1, 0, 0
12849, 36480, 1, 0, 0
12949, 44800, 1, 0, 0
13049, 41600, 1, 0, 0
13149, 44800, 1, 0, 0
13249, 7680, 1, 0, 0
13349, 640, 1, 0, 0
13450, 26240, 1, 0, 0
13749, 25212, 1, 0, 0
13949, 25600, 1, 0, 0
14049, 15360, 1, 0, 0
14149, 29440, 1, 0, 0
14249, 16640, 1, 0, 0
14349, 19200, 1, 0, 0
14449, 40960, 1, 0, 0
14550, 40960, 1, 0, 0
14650, 42880, 1, 0, 0
14749, 56242, 1, 0, 0
14849, 38400, 1, 0, 0
14949, 30080, 1, 0, 0
15049, 44160, 1, 0, 0
15149, 40960, 1, 0, 0
15249, 17280, 1, 0, 0
15349, 26240, 1, 0, 0
15449, 40320, 1, 0, 0
15549, 21760, 1, 0, 0
15649, 37120, 1, 0, 0
15749, 39040, 1, 0, 0
15849, 45440, 1, 0, 0
15950, 37760, 1, 0, 0
16050, 37120, 1, 0, 0
16150, 39680, 1, 0, 0
16249, 41373, 1, 0, 0
16349, 29440, 1, 0, 0
16449, 12160, 1, 0, 0
16549, 26880, 1, 0, 0
16649, 44160, 1, 0, 0
16749, 42240, 1, 0, 0
16849, 35840, 1, 0, 0
16949, 46720, 1, 0, 0
17050, 14080, 1, 0, 0
17150, 41600, 1, 0, 0
17249, 43959, 1, 0, 0
17349, 37120, 1, 0, 0
17449, 19840, 1, 0, 0
17549, 40960, 1, 0, 0
17649, 42240, 1, 0, 0
17749, 40320, 1, 0, 0
17849, 34560, 1, 0, 0
17949, 39680, 1, 0, 0
18049, 36480, 1, 0, 0
18149, 40320, 1, 0, 0
18250, 40960, 1, 0, 0
18350, 35840, 1, 0, 0
18450, 31360, 1, 0, 0
18550, 44160, 1, 0, 0
18650, 42240, 1, 0, 0
18749, 43313, 1, 0, 0
18849, 43520, 1, 0, 0
18949, 41600, 1, 0, 0
19049, 36480, 1, 0, 0
19149, 32000, 1, 0, 0
19249, 42240, 1, 0, 0
19349, 39040, 1, 0, 0
19450, 43520, 1, 0, 0
19550, 34560, 1, 0, 0
19650, 33280, 1, 0, 0
19749, 49131, 1, 0, 0
19849, 33280, 1, 0, 0
19949, 17280, 1, 0, 0
20049, 33280, 1, 0, 0
20149, 37760, 1, 0, 0
20249, 36480, 1, 0, 0
20349, 40320, 1, 0, 0
20449, 35200, 1, 0, 0
20550, 34560, 1, 0, 0
20650, 37120, 1, 0, 0
20749, 45898, 1, 0, 0
20849, 28160, 1, 0, 0
20949, 42240, 1, 0, 0
21049, 45440, 1, 0, 0
21149, 37120, 1, 0, 0
21249, 36480, 1, 0, 0
21349, 37120, 1, 0, 0
21449, 39040, 1, 0, 0
21549, 54400, 1, 0, 0
21649, 42240, 1, 0, 0
21750, 40320, 1, 0, 0
21850, 37760, 1, 0, 0
21950, 35840, 1, 0, 0
22050, 42240, 1, 0, 0
22150, 45440, 1, 0, 0
22249, 42020, 1, 0, 0
22349, 40960, 1, 0, 0
22449, 40320, 1, 0, 0
22549, 34560, 1, 0, 0
22649, 42240, 1, 0, 0
22749, 41600, 1, 0, 0
22849, 46080, 1, 0, 0
22949, 33920, 1, 0, 0
23050, 46720, 1, 0, 0
23150, 35840, 1, 0, 0
23249, 36202, 1, 0, 0
23349, 36480, 1, 0, 0
23449, 37760, 1, 0, 0
23549, 40960, 1, 0, 0
23649, 38400, 1, 0, 0
23749, 46720, 1, 0, 0
23849, 44160, 1, 0, 0
23949, 28800, 1, 0, 0
24050, 35200, 1, 0, 0
24150, 41600, 1, 0, 0
24249, 38141, 1, 0, 0
24349, 42880, 1, 0, 0
24449, 39680, 1, 0, 0
24549, 35840, 1, 0, 0
24649, 16000, 1, 0, 0
24749, 19840, 1, 0, 0
24849, 22400, 1, 0, 0
24949, 57600, 1, 0, 0
25049, 41600, 1, 0, 0
25149, 36480, 1, 0, 0
25250, 19840, 1, 0, 0
25350, 37760, 1, 0, 0
25450, 22400, 1, 0, 0
25550, 42880, 1, 0, 0
25650, 42880, 1, 0, 0
25749, 23919, 1, 0, 0
25849, 33280, 1, 0, 0
25949, 36480, 1, 0, 0
26049, 37120, 1, 0, 0
26149, 44160, 1, 0, 0
26250, 39040, 1, 0, 0
26350, 44160, 1, 0, 0
26450, 44160, 1, 0, 0
26550, 39040, 1, 0, 0
26650, 37760, 1, 0, 0
26749, 34909, 1, 0, 0
26849, 31360, 1, 0, 0
26949, 37760, 1, 0, 0
27049, 37760, 1, 0, 0
27149, 36480, 1, 0, 0
27249, 35200, 1, 0, 0
27349, 39040, 1, 0, 0
27449, 39680, 1, 0, 0
27550, 43520, 1, 0, 0
27650, 38400, 1, 0, 0
27749, 32323, 1, 0, 0
27849, 38400, 1, 0, 0
27949, 41600, 1, 0, 0
28049, 42880, 1, 0, 0
28149, 46080, 1, 0, 0
28249, 39040, 1, 0, 0
28349, 30720, 1, 0, 0
28449, 50560, 1, 0, 0
28549, 40320, 1, 0, 0
28650, 44160, 1, 0, 0
28750, 37120, 1, 0, 0
28850, 17920, 1, 0, 0
28950, 13440, 1, 0, 0
29050, 33920, 1, 0, 0
29150, 39680, 1, 0, 0
29249, 42666, 1, 0, 0
29349, 40960, 1, 0, 0
29449, 39680, 1, 0, 0
29549, 32000, 1, 0, 0
29649, 34560, 1, 0, 0
29749, 44160, 1, 0, 0
29850, 64640, 1, 0, 0
29950, 28800, 1, 0, 0
30050, 43520, 1, 0, 0
30150, 23040, 1, 0, 0
30249, 39434, 1, 0, 0
30349, 36480, 1, 0, 0
30449, 39040, 1, 0, 0
30549, 36480, 1, 0, 0
30649, 39680, 1, 0, 0
30749, 27520, 1, 0, 0
30849, 35840, 1, 0, 0
30949, 34560, 1, 0, 0
31050, 37120, 1, 0, 0
31150, 37120, 1, 0, 0
31249, 40080, 1, 0, 0
31349, 39040, 1, 0, 0
31449, 42240, 1, 0, 0
31549, 40320, 1, 0, 0
31649, 41600, 1, 0, 0
31749, 41600, 1, 0, 0
31849, 41600, 1, 0, 0
31949, 37760, 1, 0, 0
32049, 33920, 1, 0, 0
32149, 44800, 1, 0, 0
32250, 41600, 1, 0, 0
32350, 32640, 1, 0, 0
32450, 42240, 1, 0, 0
32550, 40320, 1, 0, 0
32650, 30080, 1, 0, 0
32749, 43313, 1, 0, 0
32849, 34560, 1, 0, 0
32949, 37120, 1, 0, 0
33049, 42240, 1, 0, 0
33149, 37760, 1, 0, 0
33249, 38400, 1, 0, 0
33350, 37760, 1, 0, 0
33450, 39040, 1, 0, 0
33550, 35840, 1, 0, 0
33650, 32640, 1, 0, 0
33749, 36202, 1, 0, 0
33849, 33920, 1, 0, 0
33949, 31360, 1, 0, 0
34049, 44160, 1, 0, 0
34149, 42240, 1, 0, 0
34249, 39680, 1, 0, 0
34349, 39040, 1, 0, 0
34449, 39040, 1, 0, 0
34549, 37760, 1, 0, 0
34650, 37760, 1, 0, 0
34750, 39040, 1, 0, 0
34850, 30720, 1, 0, 0
34950, 30080, 1, 0, 0
35050, 35200, 1, 0, 0
35150, 41600, 1, 0, 0
35249, 47191, 1, 0, 0
35349, 39040, 1, 0, 0
35449, 33920, 1, 0, 0
35549, 41600, 1, 0, 0
35649, 40320, 1, 0, 0
35750, 39040, 1, 0, 0
35850, 35840, 1, 0, 0
35950, 33280, 1, 0, 0
36050, 42880, 1, 0, 0
36150, 33920, 1, 0, 0
36249, 47191, 1, 0, 0
36349, 44160, 1, 0, 0
36449, 41600, 1, 0, 0
36549, 35200, 1, 0, 0
36649, 39040, 1, 0, 0
36749, 40960, 1, 0, 0
36849, 28800, 1, 0, 0
36949, 32640, 1, 0, 0
37050, 36480, 1, 0, 0
37150, 42880, 1, 0, 0
37249, 40080, 1, 0, 0
37349, 41600, 1, 0, 0
37449, 45440, 1, 0, 0
37549, 39680, 1, 0, 0
37649, 33920, 1, 0, 0
37749, 42880, 1, 0, 0
37849, 39680, 1, 0, 0
37949, 39040, 1, 0, 0
38049, 32640, 1, 0, 0
38149, 46080, 1, 0, 0
38250, 43520, 1, 0, 0
38350, 39680, 1, 0, 0
38450, 35840, 1, 0, 0
38550, 40960, 1, 0, 0
38650, 36480, 1, 0, 0
38749, 38141, 1, 0, 0
38849, 40960, 1, 0, 0
38949, 38400, 1, 0, 0
39049, 36480, 1, 0, 0
39149, 43520, 1, 0, 0
39249, 41600, 1, 0, 0
39349, 39680, 1, 0, 0
39450, 35200, 1, 0, 0
39550, 39680, 1, 0, 0
39650, 41600, 1, 0, 0
39749, 31030, 1, 0, 0
39849, 37120, 1, 0, 0
39949, 41600, 1, 0, 0
40049, 41600, 1, 0, 0
40149, 42880, 1, 0, 0
40249, 45440, 1, 0, 0
40349, 41600, 1, 0, 0
40449, 42880, 1, 0, 0
40549, 44160, 1, 0, 0
40649, 38400, 1, 0, 0
40750, 42240, 1, 0, 0
40850, 33920, 1, 0, 0
40950, 38400, 1, 0, 0
41050, 40960, 1, 0, 0
41150, 22400, 1, 0, 0
41249, 43313, 1, 0, 0
41349, 26880, 1, 0, 0
41449, 24960, 1, 0, 0
41549, 33280, 1, 0, 0
41649, 37760, 1, 0, 0
41750, 40320, 1, 0, 0
41850, 41600, 1, 0, 0
41950, 41600, 1, 0, 0
42050, 33280, 1, 0, 0
42150, 34560, 1, 0, 0
42249, 48484, 1, 0, 0
42349, 43520, 1, 0, 0
42449, 40960, 1, 0, 0
42549, 42880, 1, 0, 0
42649, 46080, 1, 0, 0
42749, 42880, 1, 0, 0
42849, 40320, 1, 0, 0
42949, 44800, 1, 0, 0
43050, 38400, 1, 0, 0
43150, 37760, 1, 0, 0
43249, 40727, 1, 0, 0
43349, 44160, 1, 0, 0
43449, 31360, 1, 0, 0
43549, 39040, 1, 0, 0
43649, 44800, 1, 0, 0
43749, 47360, 1, 0, 0
43849, 37760, 1, 0, 0
43949, 39680, 1, 0, 0
44049, 44160, 1, 0, 0
44150, 36480, 1, 0, 0
44250, 42880, 1, 0, 0
44350, 46720, 1, 0, 0
44450, 48640, 1, 0, 0
44550, 46080, 1, 0, 0
44650, 39040, 1, 0, 0
44749, 34909, 1, 0, 0
44849, 36480, 1, 0, 0
44949, 42240, 1, 0, 0
45049, 35840, 1, 0, 0
45149, 17920, 1, 0, 0
45249, 38400, 1, 0, 0
45350, 32640, 1, 0, 0
45450, 35200, 1, 0, 0
45550, 37120, 1, 0, 0
45650, 40960, 1, 0, 0
45749, 44606, 1, 0, 0
45849, 43520, 1, 0, 0
45949, 38400, 1, 0, 0
46049, 40320, 1, 0, 0
46149, 40960, 1, 0, 0
46249, 41600, 1, 0, 0
46349, 38400, 1, 0, 0
46449, 35840, 1, 0, 0
46550, 42240, 1, 0, 0
46650, 37120, 1, 0, 0
46749, 38787, 1, 0, 0
46849, 38400, 1, 0, 0
46949, 21120, 1, 0, 0
47049, 26880, 1, 0, 0
47149, 40320, 1, 0, 0
47249, 38400, 1, 0, 0
47349, 42240, 1, 0, 0
47449, 44160, 1, 0, 0
47549, 35200, 1, 0, 0
47649, 38400, 1, 0, 0
47750, 33280, 1, 0, 0
47850, 24960, 1, 0, 0
47950, 32640, 1, 0, 0
48050, 38400, 1, 0, 0
48150, 37120, 1, 0, 0
48249, 32969, 1, 0, 0
48349, 37120, 1, 0, 0
48449, 37120, 1, 0, 0
48549, 42240, 1, 0, 0
48649, 40960, 1, 0, 0
48749, 38400, 1, 0, 0
48849, 40960, 1, 0, 0
48949, 39040, 1, 0, 0
49050, 36480, 1, 0, 0
49150, 31360, 1, 0, 0
49249, 38141, 1, 0, 0
49349, 40960, 1, 0, 0
49449, 40960, 1, 0, 0
49549, 39680, 1, 0, 0
49649, 40320, 1, 0, 0
49749, 38400, 1, 0, 0
49849, 35200, 1, 0, 0
49949, 30080, 1, 0, 0
50049, 39680, 1, 0, 0
50149, 34560, 1, 0, 0
50250, 33920, 1, 0, 0
50350, 31360, 1, 0, 0
50450, 41600, 1, 0, 0
50550, 44160, 1, 0, 0
50650, 35200, 1, 0, 0
50749, 38141, 1, 0, 0
50849, 47360, 1, 0, 0
50949, 48640, 1, 0, 0
51049, 43520, 1, 0, 0
51149, 20480, 1, 0, 0
51249, 34560, 1, 0, 0
51349, 39680, 1, 0, 0
51450, 44800, 1, 0, 0
51550, 40960, 1, 0, 0
51650, 40320, 1, 0, 0
51749, 43959, 1, 0, 0
51849, 35840, 1, 0, 0
51949, 40960, 1, 0, 0
52049, 40960, 1, 0, 0
52149, 40320, 1, 0, 0
52249, 40960, 1, 0, 0
52349, 40960, 1, 0, 0
52449, 42240, 1, 0, 0
52549, 42240, 1, 0, 0
52650, 38400, 1, 0, 0
52750, 40320, 1, 0, 0
52850, 21760, 1, 0, 0
52950, 30080, 1, 0, 0
53050, 37120, 1, 0, 0
53150, 43520, 1, 0, 0
53249, 32323, 1, 0, 0
53349, 38400, 1, 0, 0
53449, 37760, 1, 0, 0
53549, 42880, 1, 0, 0
53649, 42240, 1, 0, 0
53750, 39040, 1, 0, 0
53850, 43520, 1, 0, 0
53950, 44160, 1, 0, 0
54050, 40320, 1, 0, 0
54150, 38400, 1, 0, 0
54249, 34262, 1, 0, 0
54349, 42240, 1, 0, 0
54449, 39040, 1, 0, 0
54549, 44160, 1, 0, 0
54649, 36480, 1, 0, 0
54749, 25600, 1, 0, 0
54849, 35840, 1, 0, 0
54949, 35840, 1, 0, 0
55050, 40960, 1, 0, 0
55150, 40320, 1, 0, 0
55249, 32323, 1, 0, 0
55349, 35840, 1, 0, 0
55449, 41600, 1, 0, 0
55549, 42880, 1, 0, 0
55649, 41600, 1, 0, 0
55749, 39680, 1, 0, 0
55849, 29440, 1, 0, 0
55949, 37760, 1, 0, 0
56049, 42240, 1, 0, 0
56150, 34560, 1, 0, 0
56250, 39040, 1, 0, 0
56350, 41600, 1, 0, 0
56450, 37760, 1, 0, 0
56550, 38400, 1, 0, 0
56650, 39040, 1, 0, 0
56749, 43959, 1, 0, 0
56849, 38400, 1, 0, 0
56949, 42880, 1, 0, 0
57049, 44160, 1, 0, 0
57149, 30720, 1, 0, 0
57250, 33920, 1, 0, 0
57350, 37760, 1, 0, 0
57450, 31360, 1, 0, 0
57550, 31360, 1, 0, 0
57650, 36480, 1, 0, 0
57749, 42666, 1, 0, 0
57849, 37760, 1, 0, 0
57949, 39040, 1, 0, 0
58049, 41600, 1, 0, 0
58149, 35200, 1, 0, 0
58249, 39680, 1, 0, 0
58349, 39040, 1, 0, 0
58449, 41600, 1, 0, 0
58550, 42240, 1, 0, 0
58650, 46080, 1, 0, 0
58749, 46545, 1, 0, 0
58849, 45440, 1, 0, 0
58949, 39040, 1, 0, 0
59049, 39040, 1, 0, 0
59149, 38400, 1, 0, 0
59249, 39680, 1, 0, 0
59349, 35200, 1, 0, 0
59449, 41600, 1, 0, 0
59549, 42880, 1, 0, 0
59649, 35840, 1, 0, 0
59750, 27520, 1, 0, 0
59850, 5120, 1, 0, 0
59950, 35200, 1, 0, 0
60050, 40960, 1, 0, 0
60150, 40960, 1, 0, 0
60249, 39434, 1, 0, 0
60349, 39040, 1, 0, 0
60449, 26880, 1, 0, 0
60549, 40320, 1, 0, 0
60650, 32640, 1, 0, 0
60750, 42240, 1, 0, 0
60850, 42240, 1, 0, 0
60950, 32640, 1, 0, 0
61050, 54400, 1, 0, 0
61150, 39680, 1, 0, 0
61249, 45252, 1, 0, 0
61349, 40320, 1, 0, 0
61449, 37120, 1, 0, 0
61549, 36480, 1, 0, 0
61649, 40320, 1, 0, 0
61749, 40960, 1, 0, 0
61850, 33920, 1, 0, 0
61950, 33920, 1, 0, 0
62050, 35200, 1, 0, 0
62150, 42880, 1, 0, 0
62249, 43313, 1, 0, 0
62349, 46080, 1, 0, 0
62449, 37760, 1, 0, 0
62549, 44800, 1, 0, 0
62649, 43520, 1, 0, 0
62749, 45440, 1, 0, 0
62849, 43520, 1, 0, 0
62949, 29440, 1, 0, 0
63050, 45440, 1, 0, 0
63150, 36480, 1, 0, 0
63249, 40080, 1, 0, 0
63349, 37120, 1, 0, 0
63449, 39680, 1, 0, 0
63549, 40320, 1, 0, 0
63649, 41600, 1, 0, 0
63749, 44160, 1, 0, 0
63849, 37760, 1, 0, 0
63949, 39040, 1, 0, 0
64049, 28160, 1, 0, 0
64149, 35840, 1, 0, 0
64250, 22400, 1, 0, 0
64350, 42880, 1, 0, 0
64450, 37120, 1, 0, 0
64550, 23680, 1, 0, 0
64650, 37120, 1, 0, 0
64749, 36202, 1, 0, 0
64949, 8960, 1, 0, 0
65049, 28160, 1, 0, 0
65149, 24960, 1, 0, 0
65249, 46720, 1, 0, 0
65349, 46720, 1, 0, 0
65449, 46080, 1, 0, 0
65550, 41600, 1, 0, 0
65650, 49280, 1, 0, 0
65749, 49777, 1, 0, 0
65849, 40320, 1, 0, 0
65949, 37120, 1, 0, 0
66049, 37120, 1, 0, 0
66149, 37120, 1, 0, 0
66249, 42240, 1, 0, 0
66349, 30720, 1, 0, 0
66449, 42240, 1, 0, 0
66549, 46720, 1, 0, 0
66649, 40960, 1, 0, 0
66750, 35840, 1, 0, 0
66850, 37120, 1, 0, 0
66950, 40320, 1, 0, 0
67050, 40960, 1, 0, 0
67150, 44160, 1, 0, 0
67249, 42020, 1, 0, 0
67349, 40960, 1, 0, 0
67449, 36480, 1, 0, 0
67549, 42240, 1, 0, 0
67649, 40320, 1, 0, 0
67749, 44160, 1, 0, 0
67849, 44160, 1, 0, 0
67949, 39680, 1, 0, 0
68050, 39040, 1, 0, 0
68150, 37120, 1, 0, 0
68249, 39434, 1, 0, 0
68349, 39680, 1, 0, 0
68449, 33920, 1, 0, 0
68549, 38400, 1, 0, 0
68649, 36480, 1, 0, 0
68749, 39680, 1, 0, 0
68849, 40320, 1, 0, 0
68949, 25600, 1, 0, 0
69049, 16000, 1, 0, 0
69150, 24960, 1, 0, 0
69250, 15360, 1, 0, 0
69350, 25600, 1, 0, 0
69450, 40960, 1, 0, 0
69550, 40960, 1, 0, 0
69650, 37760, 1, 0, 0
69749, 42020, 1, 0, 0
69849, 39040, 1, 0, 0
69949, 41600, 1, 0, 0
70049, 33280, 1, 0, 0
70149, 39680, 1, 0, 0
70250, 41600, 1, 0, 0
70350, 42240, 1, 0, 0
70450, 33920, 1, 0, 0
70550, 33920, 1, 0, 0
70650, 32640, 1, 0, 0
70749, 35555, 1, 0, 0
70849, 46720, 1, 0, 0
70949, 44160, 1, 0, 0
71049, 31360, 1, 0, 0
71149, 34560, 1, 0, 0
71249, 31360, 1, 0, 0
71350, 44160, 1, 0, 0
71450, 19840, 1, 0, 0
71550, 41600, 1, 0, 0
71650, 28160, 1, 0, 0
71749, 38787, 1, 0, 0
71849, 43520, 1, 0, 0
71949, 40960, 1, 0, 0
72049, 40960, 1, 0, 0
72149, 38400, 1, 0, 0
72249, 42880, 1, 0, 0
72349, 35200, 1, 0, 0
72449, 41600, 1, 0, 0
72549, 35840, 1, 0, 0
72650, 37120, 1, 0, 0
72750, 42880, 1, 0, 0
72850, 42240, 1, 0, 0
72950, 42240, 1, 0, 0
73050, 39040, 1, 0, 0
73150, 45440, 1, 0, 0
73249, 34909, 1, 0, 0
73349, 41600, 1, 0, 0
73449, 41600, 1, 0, 0
73549, 36480, 1, 0, 0
73649, 37760, 1, 0, 0
73749, 47360, 1, 0, 0
73849, 42880, 1, 0, 0
73950, 51200, 1, 0, 0
74050, 16000, 1, 0, 0
74150, 40960, 1, 0, 0
74249, 31030, 1, 0, 0
74349, 41600, 1, 0, 0
74649, 7680, 1, 0, 0
74749, 29440, 1, 0, 0
74849, 3840, 1, 0, 0
74949, 14720, 1, 0, 0
75049, 32000, 1, 0, 0
75149, 34560, 1, 0, 0
75250, 29440, 1, 0, 0
75350, 13440, 1, 0, 0
75450, 39680, 1, 0, 0
75550, 37760, 1, 0, 0
75650, 39680, 1, 0, 0
75749, 38141, 1, 0, 0
75849, 43520, 1, 0, 0
75949, 41600, 1, 0, 0
76049, 10880, 1, 0, 0
76149, 39680, 1, 0, 0
76249, 39680, 1, 0, 0
76349, 32640, 1, 0, 0
76450, 38400, 1, 0, 0
76550, 43520, 1, 0, 0
76650, 10880, 1, 0, 0
76749, 38141, 1, 0, 0
76849, 44800, 1, 0, 0
76949, 43520, 1, 0, 0
77049, 35200, 1, 0, 0
77149, 31360, 1, 0, 0
77249, 42240, 1, 0, 0
77349, 36480, 1, 0, 0
77449, 38400, 1, 0, 0
77549, 40320, 1, 0, 0
77649, 40320, 1, 0, 0
77750, 26880, 1, 0, 0
77850, 53760, 1, 0, 0
77950, 48640, 1, 0, 0
78050, 40320, 1, 0, 0
78150, 40960, 1, 0, 0
78249, 38141, 1, 0, 0
78349, 37120, 1, 0, 0
78449, 40320, 1, 0, 0
78549, 35200, 1, 0, 0
78649, 39040, 1, 0, 0
78749, 21120, 1, 0, 0
78849, 39680, 1, 0, 0
78949, 39040, 1, 0, 0
79050, 3840, 1, 0, 0
79150, 640, 1, 0, 0
79249, 9050, 1, 0, 0
79349, 12160, 1, 0, 0
79450, 14080, 1, 0, 0
79550, 5120, 1, 0, 0
79650, 28160, 1, 0, 0
79749, 39434, 1, 0, 0
79849, 43520, 1, 0, 0
79949, 12160, 1, 0, 0
80049, 28800, 1, 0, 0
80149, 44800, 1, 0, 0
80249, 48640, 1, 0, 0
80349, 47360, 1, 0, 0
80449, 28800, 1, 0, 0
80650, 31360, 1, 0, 0
80749, 41373, 1, 0, 0
80849, 33920, 1, 0, 0
80949, 35840, 1, 0, 0
81049, 24960, 1, 0, 0
81149, 34560, 1, 0, 0
81249, 35200, 1, 0, 0
81349, 36480, 1, 0, 0
81449, 39040, 1, 0, 0
81549, 40320, 1, 0, 0
81649, 38400, 1, 0, 0
81750, 37120, 1, 0, 0
81850, 21120, 1, 0, 0
81950, 10880, 1, 0, 0
82050, 40960, 1, 0, 0
82150, 40960, 1, 0, 0
82249, 40080, 1, 0, 0
82349, 38400, 1, 0, 0
82449, 28160, 1, 0, 0
82549, 37120, 1, 0, 0
82649, 42880, 1, 0, 0
82749, 42240, 1, 0, 0
82850, 40960, 1, 0, 0
82950, 53760, 1, 0, 0
83050, 39040, 1, 0, 0
83150, 35200, 1, 0, 0
83249, 41373, 1, 0, 0
83349, 38400, 1, 0, 0
83449, 38400, 1, 0, 0
83549, 39040, 1, 0, 0
83649, 44160, 1, 0, 0
83749, 31360, 1, 0, 0
83849, 39040, 1, 0, 0
83949, 43520, 1, 0, 0
84050, 35200, 1, 0, 0
84150, 33920, 1, 0, 0
84249, 36202, 1, 0, 0
84349, 39680, 1, 0, 0
84449, 41600, 1, 0, 0
84549, 37760, 1, 0, 0
84649, 35200, 1, 0, 0
84749, 35200, 1, 0, 0
84849, 39680, 1, 0, 0
84949, 22400, 1, 0, 0
85050, 32640, 1, 0, 0
85150, 41600, 1, 0, 0
85249, 18747, 1, 0, 0
85349, 40960, 1, 0, 0
85449, 44160, 1, 0, 0
85549, 39680, 1, 0, 0
85649, 42880, 1, 0, 0
85749, 42240, 1, 0, 0
85849, 44800, 1, 0, 0
85949, 40320, 1, 0, 0
86049, 43520, 1, 0, 0
86149, 40960, 1, 0, 0
86250, 39680, 1, 0, 0
86350, 44800, 1, 0, 0
86450, 45440, 1, 0, 0
86550, 40320, 1, 0, 0
86650, 40320, 1, 0, 0
86749, 40727, 1, 0, 0
86849, 40320, 1, 0, 0
86949, 41600, 1, 0, 0
87049, 25600, 1, 0, 0
87149, 33920, 1, 0, 0
87249, 32000, 1, 0, 0
87349, 41600, 1, 0, 0
87450, 44160, 1, 0, 0
87550, 37120, 1, 0, 0
87650, 33280, 1, 0, 0
87749, 38787, 1, 0, 0
87849, 42880, 1, 0, 0
87949, 38400, 1, 0, 0
88049, 44800, 1, 0, 0
88149, 41600, 1, 0, 0
88249, 40960, 1, 0, 0
88349, 44160, 1, 0, 0
88449, 45440, 1, 0, 0
88550, 42880, 1, 0, 0
88650, 39680, 1, 0, 0
88749, 35555, 1, 0, 0
88849, 37120, 1, 0, 0
88949, 40960, 1, 0, 0
89049, 33920, 1, 0, 0
89149, 41600, 1, 0, 0
89249, 40320, 1, 0, 0
89349, 38400, 1, 0, 0
89449, 44800, 1, 0, 0
89549, 41600, 1, 0, 0
89649, 42880, 1, 0, 0
89749, 26880, 1, 0, 0
89849, 41600, 1, 0, 0
89950, 42240, 1, 0, 0
