100, 18480, 0, 0, 0
200, 53200, 0, 0, 0
300, 48480, 0, 0, 0
400, 20080, 0, 0, 0
499, 65696, 0, 0, 0
599, 35120, 0, 0, 0
699, 34240, 0, 0, 0
799, 56560, 0, 0, 0
899, 64160, 0, 0, 0
999, 62160, 0, 0, 0
1099, 60800, 0, 0, 0
1200, 65680, 0, 0, 0
1300, 58720, 0, 0, 0
1400, 56480, 0, 0, 0
1499, 62222, 0, 0, 0
1599, 60960, 0, 0, 0
1699, 61840, 0, 0, 0
1799, 81920, 0, 0, 0
1899, 62240, 0, 0, 0
1999, 53600, 0, 0, 0
2099, 66560, 0, 0, 0
2200, 66560, 0, 0, 0
2300, 67520, 0, 0, 0
2400, 49600, 0, 0, 0
2499, 60525, 0, 0, 0
2599, 58960, 0, 0, 0
2699, 63920, 0, 0, 0
2799, 51680, 0, 0, 0
2899, 74080, 0, 0, 0
2999, 71200, 0, 0, 0
3099, 64240, 0, 0, 0
3199, 43200, 0, 0, 0
3300, 25520, 0, 0, 0
3400, 49520, 0, 0, 0
3499, 56404, 0, 0, 0
3599, 60320, 0, 0, 0
3699, 55760, 0, 0, 0
3799, 60880, 0, 0, 0
3899, 53360, 0, 0, 0
3999, 65360, 0, 0, 0
4099, 66720, 0, 0, 0
4199, 66800, 0, 0, 0
4300, 53360, 0, 0, 0
4400, 57840, 0, 0, 0
4499, 62303, 0, 0, 0
4599, 61440, 0, 0, 0
4699, 48720, 0, 0, 0
4799, 50080, 0, 0, 0
4899, 60640, 0, 0, 0
4999, 51920, 0, 0, 0
5099, 49680, 0, 0, 0
5199, 53760, 0, 0, 0
5300, 63760, 0, 0, 0
5400, 64480, 0, 0, 0
5499, 62060, 0, 0, 0
5599, 51920, 0, 0, 0
5699, 61520, 0, 0, 0
5799, 63520, 0, 0, 0
5899, 60720, 0, 0, 0
5999, 58160, 0, 0, 0
6099, 55840, 0, 0, 0
6199, 51120, 0, 0, 0
6300, 60160, 0, 0, 0
6400, 67600, 0, 0, 0
6500, 46560, 0, 0, 0
6600, 78160, 0, 0, 0
6700, 33680, 0, 0, 0
6800, 76720, 0, 0, 0
6900, 55200, 0, 0, 0
6999, 59717, 0, 0, 0
7099, 46080, 0, 0, 0
7199, 42960, 0, 0, 0
7299, 68400, 0, 0, 0
7400, 55600, 0, 0, 0
7500, 68880, 0, 0, 0
7600, 66720, 0, 0, 0
7700, 52560, 0, 0, 0
7800, 73520, 0, 0, 0
7900, 81760, 0, 0, 0
7999, 56888, 0, 0, 0
8099, 67200, 0, 0, 0
8199, 64320, 0, 0, 0
8299, 55600, 0, 0, 0
8399, 65360, 0, 0, 0
8500, 58640, 0, 0, 0
8600, 60880, 0, 0, 0
8700, 56480, 0, 0, 0
8800, 65840, 0, 0, 0
8900, 55200, 0, 0, 0
8999, 54949, 0, 0, 0
9099, 69520, 0, 0, 0
9199, 78560, 0, 0, 0
9299, 76160, 0, 0, 0
9399, 72560, 0, 0, 0
9499, 80880, 0, 0, 0
9599, 74480, 0, 0, 0
9699, 74320, 0, 0, 0
9800, 54080, 0, 0, 0
9900, 69440, 0, 0, 0
9999, 63111, 0, 0, 0
10099, 60720, 0, 0, 0
10199, 59120, 0, 0, 0
10299, 56640, 0, 0, 0
10399, 62080, 0, 0, 0
10499, 73840, 0, 0, 0
10599, 57920, 0, 0, 0
10699, 60560, 0, 0, 0
10800, 60480, 0, 0, 0
10900, 66400, 0, 0, 0
10999, 71191, 0, 0, 0
11099, 72880, 0, 0, 0
11199, 61440, 0, 0, 0
11299, 56720, 0, 0, 0
11399, 56560, 0, 0, 0
11499, 62400, 0, 0, 0
11599, 66240, 0, 0, 0
11699, 18880, 0, 0, 0
11800, 41440, 0, 0, 0
11900, 70000, 0, 0, 0
11999, 64969, 0, 0, 0
12099, 52640, 0, 0, 0
12199, 58240, 0, 0, 0
12299, 58720, 0, 0, 0
12399, 60560, 0, 0, 0
12499, 60560, 0, 0, 0
12599, 69600, 0, 0, 0
12699, 65280, 0, 0, 0
12800, 75200, 0, 0, 0
12900, 88480, 0, 0, 0
13000, 62480, 0, 0, 0
13100, 75600, 0, 0, 0
13200, 62640, 0, 0, 0
13300, 68480, 0, 0, 0
13400, 72640, 0, 0, 0
13499, 58909, 0, 0, 0
13599, 64720, 0, 0, 0
13699, 55680, 0, 0, 0
13799, 35840, 0, 0, 0
13899, 22480, 0, 0, 0
14000, 17760, 0, 0, 0
14100, 61360, 0, 0, 0
14200, 60560, 0, 0, 0
14300, 59760, 0, 0, 0
14400, 62800, 0, 0, 0
14499, 58989, 0, 0, 0
14599, 65760, 0, 0, 0
14699, 70080, 0, 0, 0
14799, 62560, 0, 0, 0
14899, 59440, 0, 0, 0
15000, 57680, 0, 0, 0
15100, 71520, 0, 0, 0
15200, 61360, 0, 0, 0
15300, 57520, 0, 0, 0
15400, 70160, 0, 0, 0
15499, 65858, 0, 0, 0
15599, 42480, 0, 0, 0
15699, 50400, 0, 0, 0
15799, 70640, 0, 0, 0
15899, 55120, 0, 0, 0
15999, 71200, 0, 0, 0
16099, 35600, 0, 0, 0
16200, 21920, 0, 0, 0
16300, 46720, 0, 0, 0
16400, 60000, 0, 0, 0
16499, 67393, 0, 0, 0
16599, 70160, 0, 0, 0
16699, 42480, 0, 0, 0
16799, 57040, 0, 0, 0
16899, 70160, 0, 0, 0
16999, 64400, 0, 0, 0
17099, 55040, 0, 0, 0
17199, 70160, 0, 0, 0
17300, 66480, 0, 0, 0
17400, 66560, 0, 0, 0
17499, 61737, 0, 0, 0
17599, 63760, 0, 0, 0
17699, 68960, 0, 0, 0
17799, 50240, 0, 0, 0
17899, 56560, 0, 0, 0
17999, 67360, 0, 0, 0
18099, 62320, 0, 0, 0
18199, 72480, 0, 0, 0
18300, 56160, 0, 0, 0
18400, 56480, 0, 0, 0
18500, 64560, 0, 0, 0
18600, 61600, 0, 0, 0
18700, 62960, 0, 0, 0
18800, 58880, 0, 0, 0
18900, 61840, 0, 0, 0
18999, 53414, 0, 0, 0
19099, 70480, 0, 0, 0
19199, 78240, 0, 0, 0
19299, 50880, 0, 0, 0
19399, 12000, 0, 0, 0
19500, 45680, 0, 0, 0
19600, 66240, 0, 0, 0
19700, 52800, 0, 0, 0
19800, 63200, 0, 0, 0
19900, 78320, 0, 0, 0
19999, 59151, 0, 0, 0
20099, 69520, 0, 0, 0
20199, 73440, 0, 0, 0
20299, 59760, 0, 0, 0
20399, 64640, 0, 0, 0
20499, 49440, 0, 0, 0
20600, 60160, 0, 0, 0
20700, 52480, 0, 0, 0
20800, 55680, 0, 0, 0
20900, 57200, 0, 0, 0
20999, 58181, 0, 0, 0
21099, 60560, 0, 0, 0
21199, 64800, 0, 0, 0
21299, 52800, 0, 0, 0
21399, 84000, 0, 0, 0
21499, 67120, 0, 0, 0
21599, 56000, 0, 0, 0
21699, 54720, 0, 0, 0
21800, 7760, 0, 0, 0
21900, 6960, 0, 0, 0
21999, 34828, 0, 0, 0
22099, 61680, 0, 0, 0
22199, 63520, 0, 0, 0
22299, 63840, 0, 0, 0
22399, 51520, 0, 0, 0
22499, 66080, 0, 0, 0
22599, 65600, 0, 0, 0
22700, 68800, 0, 0, 0
22800, 60080, 0, 0, 0
22900, 58720, 0, 0, 0
22999, 19393, 0, 0, 0
23099, 63760, 0, 0, 0
23199, 72480, 0, 0, 0
23299, 73840, 0, 0, 0
23399, 64880, 0, 0, 0
23499, 45920, 0, 0, 0
23599, 42880, 0, 0, 0
23699, 66080, 0, 0, 0
23800, 72960, 0, 0, 0
23900, 66480, 0, 0, 0
23999, 57212, 0, 0, 0
24099, 48800, 0, 0, 0
24199, 63360, 0, 0, 0
24299, 65600, 0, 0, 0
24399, 54960, 0, 0, 0
24499, 58000, 0, 0, 0
24599, 65680, 0, 0, 0
24699, 66960, 0, 0, 0
24800, 62480, 0, 0, 0
24900, 54640, 0, 0, 0
24999, 60686, 0, 0, 0
25099, 65280, 0, 0, 0
25199, 57840, 0, 0, 0
25299, 67520, 0, 0, 0
25399, 59200, 0, 0, 0
25499, 21360, 0, 0, 0
25599, 48160, 0, 0, 0
25699, 69920, 0, 0, 0
25800, 66000, 0, 0, 0
25900, 64400, 0, 0, 0
25999, 61818, 0, 0, 0
26099, 51680, 0, 0, 0
26199, 56400, 0, 0, 0
26299, 64240, 0, 0, 0
26399, 64160, 0, 0, 0
26499, 58640, 0, 0, 0
26599, 61200, 0, 0, 0
26699, 62240, 0, 0, 0
26799, 24320, 0, 0, 0
26899, 13440, 0, 0, 0
27000, 49520, 0, 0, 0
27100, 67520, 0, 0, 0
27200, 60160, 0, 0, 0
27300, 61760, 0, 0, 0
27400, 57920, 0, 0, 0
27499, 63676, 0, 0, 0
27599, 63680, 0, 0, 0
27699, 58640, 0, 0, 0
27799, 43120, 0, 0, 0
27899, 64160, 0, 0, 0
28000, 19440, 0, 0, 0
28100, 34960, 0, 0, 0
28200, 69600, 0, 0, 0
28300, 71760, 0, 0, 0
28400, 76640, 0, 0, 0
28499, 40242, 0, 0, 0
28599, 75520, 0, 0, 0
28699, 76480, 0, 0, 0
28799, 62160, 0, 0, 0
28899, 59520, 0, 0, 0
28999, 63920, 0, 0, 0
29099, 64560, 0, 0, 0
29199, 18480, 0, 0, 0
29300, 65600, 0, 0, 0
29400, 67440, 0, 0, 0
29499, 60525, 0, 0, 0
29599, 63600, 0, 0, 0
29699, 56960, 0, 0, 0
29799, 56160, 0, 0, 0
29899, 76160, 0, 0, 0
29999, 66640, 0, 0, 0
30099, 65600, 0, 0, 0
30199, 52080, 0, 0, 0
30300, 44240, 0, 0, 0
30400, 64080, 0, 0, 0
30499, 30464, 0, 0, 0
30599, 35680, 0, 0, 0
30699, 49600, 0, 0, 0
30799, 64400, 0, 0, 0
30899, 68560, 0, 0, 0
30999, 64640, 0, 0, 0
31099, 68560, 0, 0, 0
31199, 70160, 0, 0, 0
31300, 60720, 0, 0, 0
31400, 60800, 0, 0, 0
31500, 62160, 0, 0, 0
31600, 57360, 0, 0, 0
31700, 60080, 0, 0, 0
31800, 41120, 0, 0, 0
31900, 5760, 0, 0, 0
31999, 34505, 0, 0, 0
32099, 66320, 0, 0, 0
32199, 61920, 0, 0, 0
32299, 62160, 0, 0, 0
32399, 73680, 0, 0, 0
32500, 80880, 0, 0, 0
32600, 80080, 0, 0, 0
32700, 70320, 0, 0, 0
32800, 61600, 0, 0, 0
32900, 60880, 0, 0, 0
32999, 28686, 0, 0, 0
33099, 1760, 0, 0, 0
33199, 40560, 0, 0, 0
33299, 50640, 0, 0, 0
33399, 88080, 0, 0, 0
33499, 84960, 0, 0, 0
33599, 19120, 0, 0, 0
33700, 34320, 0, 0, 0
33800, 72880, 0, 0, 0
33900, 60080, 0, 0, 0
33999, 63191, 0, 0, 0
34099, 77760, 0, 0, 0
34199, 29120, 0, 0, 0
34299, 55360, 0, 0, 0
34399, 61680, 0, 0, 0
34499, 55120, 0, 0, 0
34599, 52720, 0, 0, 0
34699, 58400, 0, 0, 0
34800, 63200, 0, 0, 0
34900, 54320, 0, 0, 0
34999, 54464, 0, 0, 0
35099, 56240, 0, 0, 0
35199, 66800, 0, 0, 0
35299, 60960, 0, 0, 0
35399, 75920, 0, 0, 0
35499, 54560, 0, 0, 0
35599, 6800, 0, 0, 0
35699, 43360, 0, 0, 0
35800, 65440, 0, 0, 0
35900, 68240, 0, 0, 0
36000, 77840, 0, 0, 0
36100, 56400, 0, 0, 0
36200, 62320, 0, 0, 0
36300, 64960, 0, 0, 0
36400, 57360, 0, 0, 0
36499, 62868, 0, 0, 0
36599, 59600, 0, 0, 0
36699, 68160, 0, 0, 0
36799, 54880, 0, 0, 0
36899, 40240, 0, 0, 0
36999, 71200, 0, 0, 0
37100, 69360, 0, 0, 0
37200, 62320, 0, 0, 0
37300, 64000, 0, 0, 0
37400, 60880, 0, 0, 0
37499, 67393, 0, 0, 0
37599, 67440, 0, 0, 0
37699, 66160, 0, 0, 0
37799, 67760, 0, 0, 0
37899, 57600, 0, 0, 0
37999, 58720, 0, 0, 0
38099, 10960, 0, 0, 0
38200, 23840, 0, 0, 0
38300, 21840, 0, 0, 0
38400, 43760, 0, 0, 0
38499, 81050, 0, 0, 0
38599, 70720, 0, 0, 0
38699, 63200, 0, 0, 0
38799, 73680, 0, 0, 0
38899, 44560, 0, 0, 0
38999, 52480, 0, 0, 0
39099, 35360, 0, 0, 0
39199, 22160, 0, 0, 0
39300, 74160, 0, 0, 0
39400, 62960, 0, 0, 0
39499, 57131, 0, 0, 0
39599, 53440, 0, 0, 0
39699, 63280, 0, 0, 0
39799, 61360, 0, 0, 0
39899, 57440, 0, 0, 0
39999, 59600, 0, 0, 0
40099, 65680, 0, 0, 0
40199, 78000, 0, 0, 0
40299, 76480, 0, 0, 0
40400, 76000, 0, 0, 0
40500, 82160, 0, 0, 0
40600, 8240, 0, 0, 0
40700, 57360, 0, 0, 0
40800, 74480, 0, 0, 0
40900, 61520, 0, 0, 0
40999, 59636, 0, 0, 0
41099, 52640, 0, 0, 0
41199, 62160, 0, 0, 0
41299, 62960, 0, 0, 0
41399, 65040, 0, 0, 0
41499, 50800, 0, 0, 0
41599, 65840, 0, 0, 0
41700, 61920, 0, 0, 0
41800, 57840, 0, 0, 0
41900, 47600, 0, 0, 0
41999, 62626, 0, 0, 0
42099, 65760, 0, 0, 0
42199, 63040, 0, 0, 0
42299, 60320, 0, 0, 0
42399, 59200, 0, 0, 0
42499, 61280, 0, 0, 0
42599, 72640, 0, 0, 0
42699, 43200, 0, 0, 0
42800, 38400, 0, 0, 0
42900, 61280, 0, 0, 0
42999, 37010, 0, 0, 0
43099, 5040, 0, 0, 0
43199, 67280, 0, 0, 0
43299, 78800, 0, 0, 0
43399, 61680, 0, 0, 0
43499, 64880, 0, 0, 0
43599, 57120, 0, 0, 0
43699, 66720, 0, 0, 0
43799, 62640, 0, 0, 0
43900, 64240, 0, 0, 0
44000, 52400, 0, 0, 0
44100, 66720, 0, 0, 0
44200, 22000, 0, 0, 0
44300, 56720, 0, 0, 0
44400, 62720, 0, 0, 0
44499, 68444, 0, 0, 0
44599, 62640, 0, 0, 0
44699, 61680, 0, 0, 0
44799, 56960, 0, 0, 0
44899, 61920, 0, 0, 0
45000, 61200, 0, 0, 0
45100, 59280, 0, 0, 0
45200, 62400, 0, 0, 0
45300, 59760, 0, 0, 0
45400, 63440, 0, 0, 0
45499, 58989, 0, 0, 0
45599, 15280, 0, 0, 0
45699, 32480, 0, 0, 0
45799, 63920, 0, 0, 0
45899, 59920, 0, 0, 0
46000, 61760, 0, 0, 0
46100, 64080, 0, 0, 0
46200, 62320, 0, 0, 0
46300, 60160, 0, 0, 0
46400, 74800, 0, 0, 0
46499, 56080, 0, 0, 0
46599, 39520, 0, 0, 0
46699, 70320, 0, 0, 0
46799, 78080, 0, 0, 0
46899, 76320, 0, 0, 0
46999, 69120, 0, 0, 0
47099, 58400, 0, 0, 0
47200, 59280, 0, 0, 0
47300, 29920, 0, 0, 0
47400, 52000, 0, 0, 0
47499, 50828, 0, 0, 0
47599, 68320, 0, 0, 0
47699, 71600, 0, 0, 0
47799, 43840, 0, 0, 0
47899, 48560, 0, 0, 0
47999, 46880, 0, 0, 0
48099, 35840, 0, 0, 0
48199, 46720, 0, 0, 0
48300, 73040, 0, 0, 0
48400, 63520, 0, 0, 0
48499, 41454, 0, 0, 0
48599, 40640, 0, 0, 0
48699, 72000, 0, 0, 0
48799, 72240, 0, 0, 0
48899, 66240, 0, 0, 0
48999, 61680, 0, 0, 0
49099, 78880, 0, 0, 0
49199, 33440, 0, 0, 0
49300, 45360, 0, 0, 0
49400, 63680, 0, 0, 0
49499, 67393, 0, 0, 0
49599, 60560, 0, 0, 0
49699, 73440, 0, 0, 0
49799, 67520, 0, 0, 0
49899, 60640, 0, 0, 0
49999, 66320, 0, 0, 0
50099, 49600, 0, 0, 0
50199, 49680, 0, 0, 0
50299, 37920, 0, 0, 0
50400, 62400, 0, 0, 0
50500, 53280, 0, 0, 0
50600, 29920, 0, 0, 0
50700, 13520, 0, 0, 0
50800, 38960, 0, 0, 0
50900, 64240, 0, 0, 0
50999, 63353, 0, 0, 0
51099, 63440, 0, 0, 0
51199, 71040, 0, 0, 0
51299, 57600, 0, 0, 0
51399, 71440, 0, 0, 0
51500, 62640, 0, 0, 0
51600, 65680, 0, 0, 0
51700, 52640, 0, 0, 0
51800, 79120, 0, 0, 0
51900, 69200, 0, 0, 0
51999, 77171, 0, 0, 0
52099, 79760, 0, 0, 0
52199, 78480, 0, 0, 0
52299, 70240, 0, 0, 0
52399, 78000, 0, 0, 0
52499, 72960, 0, 0, 0
52600, 77760, 0, 0, 0
52700, 60160, 0, 0, 0
52800, 81040, 0, 0, 0
52900, 75360, 0, 0, 0
52999, 70141, 0, 0, 0
53099, 54960, 0, 0, 0
53199, 8400, 0, 0, 0
53299, 58160, 0, 0, 0
53399, 84800, 0, 0, 0
53499, 63360, 0, 0, 0
53599, 55920, 0, 0, 0
53700, 38800, 0, 0, 0
53800, 54080, 0, 0, 0
53900, 73760, 0, 0, 0
53999, 65454, 0, 0, 0
54099, 71520, 0, 0, 0
54199, 60640, 0, 0, 0
54299, 67760, 0, 0, 0
54399, 64720, 0, 0, 0
54499, 73760, 0, 0, 0
54599, 58320, 0, 0, 0
54700, 61840, 0, 0, 0
54800, 46480, 0, 0, 0
54900, 69200, 0, 0, 0
54999, 90828, 0, 0, 0
55099, 78720, 0, 0, 0
55199, 56080, 0, 0, 0
55299, 51600, 0, 0, 0
55399, 83840, 0, 0, 0
55499, 62640, 0, 0, 0
55599, 46880, 0, 0, 0
55699, 10240, 0, 0, 0
55800, 69120, 0, 0, 0
55900, 61040, 0, 0, 0
56000, 65840, 0, 0, 0
56100, 74480, 0, 0, 0
56200, 53920, 0, 0, 0
56300, 83680, 0, 0, 0
56400, 70240, 0, 0, 0
56499, 63191, 0, 0, 0
56599, 13360, 0, 0, 0
56699, 32000, 0, 0, 0
56799, 59440, 0, 0, 0
56899, 49360, 0, 0, 0
57000, 71840, 0, 0, 0
57100, 51520, 0, 0, 0
57200, 65520, 0, 0, 0
57300, 63360, 0, 0, 0
57400, 53280, 0, 0, 0
57499, 64000, 0, 0, 0
57599, 63600, 0, 0, 0
57699, 68400, 0, 0, 0
57799, 71600, 0, 0, 0
57899, 65600, 0, 0, 0
57999, 61360, 0, 0, 0
58099, 36240, 0, 0, 0
58200, 6400, 0, 0, 0
58300, 53680, 0, 0, 0
58400, 73200, 0, 0, 0
58499, 56808, 0, 0, 0
58599, 66320, 0, 0, 0
58699, 59280, 0, 0, 0
58799, 48400, 0, 0, 0
58899, 42880, 0, 0, 0
58999, 61440, 0, 0, 0
59099, 59840, 0, 0, 0
59199, 70800, 0, 0, 0
59300, 27680, 0, 0, 0
59400, 68160, 0, 0, 0
59499, 62949, 0, 0, 0
59599, 34960, 0, 0, 0
59699, 40800, 0, 0, 0
59799, 73680, 0, 0, 0
59899, 69760, 0, 0, 0
59999, 58640, 0, 0, 0
60099, 46160, 0, 0, 0
60199, 65680, 0, 0, 0
60300, 86560, 0, 0, 0
60400, 14480, 0, 0, 0
60500, 11120, 0, 0, 0
60600, 31440, 0, 0, 0
60700, 37200, 0, 0, 0
60800, 50720, 0, 0, 0
60900, 68320, 0, 0, 0
60999, 64080, 0, 0, 0
61099, 64240, 0, 0, 0
61199, 57920, 0, 0, 0
61299, 63200, 0, 0, 0
61399, 72400, 0, 0, 0
61500, 63840, 0, 0, 0
61600, 73920, 0, 0, 0
61700, 69280, 0, 0, 0
61800, 54720, 0, 0, 0
61900, 65840, 0, 0, 0
61999, 61414, 0, 0, 0
62099, 77280, 0, 0, 0
62199, 63120, 0, 0, 0
62299, 48400, 0, 0, 0
62399, 25280, 0, 0, 0
62500, 58160, 0, 0, 0
62600, 68080, 0, 0, 0
62700, 59520, 0, 0, 0
62800, 72240, 0, 0, 0
62900, 69760, 0, 0, 0
62999, 65858, 0, 0, 0
63099, 61440, 0, 0, 0
63199, 30320, 0, 0, 0
63299, 86960, 0, 0, 0
63399, 82400, 0, 0, 0
63499, 63920, 0, 0, 0
63600, 64880, 0, 0, 0
63700, 60960, 0, 0, 0
63800, 57840, 0, 0, 0
63900, 61200, 0, 0, 0
63999, 43636, 0, 0, 0
64099, 33680, 0, 0, 0
64199, 32240, 0, 0, 0
64299, 53040, 0, 0, 0
64399, 59440, 0, 0, 0
64499, 57520, 0, 0, 0
64599, 62000, 0, 0, 0
64699, 73440, 0, 0, 0
64800, 79680, 0, 0, 0
64900, 85040, 0, 0, 0
64999, 71111, 0, 0, 0
65099, 54320, 0, 0, 0
65199, 74480, 0, 0, 0
65299, 46000, 0, 0, 0
65399, 67760, 0, 0, 0
65499, 56480, 0, 0, 0
65599, 64960, 0, 0, 0
65699, 61440, 0, 0, 0
65800, 62080, 0, 0, 0
65900, 63280, 0, 0, 0
66000, 58720, 0, 0, 0
66100, 60480, 0, 0, 0
66200, 71120, 0, 0, 0
66300, 73920, 0, 0, 0
66400, 72640, 0, 0, 0
66499, 62141, 0, 0, 0
66599, 80240, 0, 0, 0
66699, 67760, 0, 0, 0
66799, 63520, 0, 0, 0
66899, 41760, 0, 0, 0
67000, 45920, 0, 0, 0
67100, 58800, 0, 0, 0
67200, 70080, 0, 0, 0
67300, 66080, 0, 0, 0
67400, 71680, 0, 0, 0
67499, 65212, 0, 0, 0
67599, 64480, 0, 0, 0
67699, 61120, 0, 0, 0
67799, 83840, 0, 0, 0
67899, 58320, 0, 0, 0
68000, 64480, 0, 0, 0
68100, 62400, 0, 0, 0
68200, 61040, 0, 0, 0
68300, 13760, 0, 0, 0
68400, 73520, 0, 0, 0
68499, 75717, 0, 0, 0
68599, 70160, 0, 0, 0
68699, 63200, 0, 0, 0
68799, 67040, 0, 0, 0
68899, 26800, 0, 0, 0
68999, 1760, 0, 0, 0
69100, 800, 0, 0, 0
69200, 5040, 0, 0, 0
69300, 4000, 0, 0, 0
69400, 61840, 0, 0, 0
69499, 71515, 0, 0, 0
69599, 61280, 0, 0, 0
69699, 66560, 0, 0, 0
69799, 74720, 0, 0, 0
69899, 34000, 0, 0, 0
69999, 5920, 0, 0, 0
70099, 32240, 0, 0, 0
70199, 75920, 0, 0, 0
70300, 80080, 0, 0, 0
70400, 69760, 0, 0, 0
70499, 68848, 0, 0, 0
70599, 78320, 0, 0, 0
70699, 37280, 0, 0, 0
70799, 27280, 0, 0, 0
70899, 63520, 0, 0, 0
70999, 68480, 0, 0, 0
71099, 67760, 0, 0, 0
71199, 74880, 0, 0, 0
71300, 72320, 0, 0, 0
71400, 43280, 0, 0, 0
71499, 80080, 0, 0, 0
71599, 63360, 0, 0, 0
71699, 59920, 0, 0, 0
71799, 63280, 0, 0, 0
71899, 42160, 0, 0, 0
71999, 66480, 0, 0, 0
72099, 58400, 0, 0, 0
72199, 68800, 0, 0, 0
72300, 70800, 0, 0, 0
72400, 56320, 0, 0, 0
72500, 48560, 0, 0, 0
72600, 49440, 0, 0, 0
72700, 73600, 0, 0, 0
72800, 58800, 0, 0, 0
72900, 33920, 0, 0, 0
72999, 41616, 0, 0, 0
73099, 71120, 0, 0, 0
73199, 63600, 0, 0, 0
73299, 26480, 0, 0, 0
73399, 82560, 0, 0, 0
73500, 78640, 0, 0, 0
73600, 68080, 0, 0, 0
73700, 77840, 0, 0, 0
73800, 80240, 0, 0, 0
73900, 75760, 0, 0, 0
73999, 56323, 0, 0, 0
74099, 78640, 0, 0, 0
74199, 64960, 0, 0, 0
74299, 26960, 0, 0, 0
74399, 40160, 0, 0, 0
74499, 70320, 0, 0, 0
74599, 69040, 0, 0, 0
74700, 14640, 0, 0, 0
74800, 18160, 0, 0, 0
74900, 44000, 0, 0, 0
74999, 54303, 0, 0, 0
75099, 60880, 0, 0, 0
75199, 80720, 0, 0, 0
75299, 57920, 0, 0, 0
75399, 70240, 0, 0, 0
75499, 70560, 0, 0, 0
75599, 76640, 0, 0, 0
75699, 51760, 0, 0, 0
75800, 52240, 0, 0, 0
75900, 43200, 0, 0, 0
75999, 64727, 0, 0, 0
76099, 58560, 0, 0, 0
76199, 56160, 0, 0, 0
76299, 63360, 0, 0, 0
76399, 60640, 0, 0, 0
76499, 64560, 0, 0, 0
76599, 57360, 0, 0, 0
76699, 58640, 0, 0, 0
76800, 82640, 0, 0, 0
76900, 50560, 0, 0, 0
76999, 76929, 0, 0, 0
77099, 65360, 0, 0, 0
77199, 73200, 0, 0, 0
77299, 82240, 0, 0, 0
77399, 66960, 0, 0, 0
77499, 67200, 0, 0, 0
77599, 23680, 0, 0, 0
77699, 67360, 0, 0, 0
77800, 63120, 0, 0, 0
77900, 62320, 0, 0, 0
78000, 81840, 0, 0, 0
78100, 67360, 0, 0, 0
78200, 61040, 0, 0, 0
78300, 32240, 0, 0, 0
78400, 16240, 0, 0, 0
78499, 86303, 0, 0, 0
78599, 53840, 0, 0, 0
78699, 71920, 0, 0, 0
78799, 70400, 0, 0, 0
78899, 63280, 0, 0, 0
78999, 64000, 0, 0, 0
79100, 34560, 0, 0, 0
79200, 60800, 0, 0, 0
79300, 71040, 0, 0, 0
79400, 69280, 0, 0, 0
79499, 52848, 0, 0, 0
79599, 67760, 0, 0, 0
79699, 60720, 0, 0, 0
79799, 62080, 0, 0, 0
79899, 28720, 0, 0, 0
79999, 22160, 0, 0, 0
80099, 58160, 0, 0, 0
80199, 65280, 0, 0, 0
80300, 72400, 0, 0, 0
80400, 66240, 0, 0, 0
80499, 87757, 0, 0, 0
80599, 76320, 0, 0, 0
80699, 73280, 0, 0, 0
80799, 87520, 0, 0, 0
80899, 60800, 0, 0, 0
80999, 64000, 0, 0, 0
81099, 83360, 0, 0, 0
81199, 65360, 0, 0, 0
81300, 60640, 0, 0, 0
81400, 54800, 0, 0, 0
81500, 75360, 0, 0, 0
81600, 76880, 0, 0, 0
81700, 67920, 0, 0, 0
81800, 68720, 0, 0, 0
81900, 69600, 0, 0, 0
81999, 71272, 0, 0, 0
82099, 62640, 0, 0, 0
82199, 77840, 0, 0, 0
82299, 80400, 0, 0, 0
82399, 75040, 0, 0, 0
82500, 57040, 0, 0, 0
82600, 68640, 0, 0, 0
82700, 44960, 0, 0, 0
82800, 65600, 0, 0, 0
82900, 78160, 0, 0, 0
82999, 45898, 0, 0, 0
83099, 56960, 0, 0, 0
83199, 63680, 0, 0, 0
83299, 23280, 0, 0, 0
83399, 14480, 0, 0, 0
83499, 46240, 0, 0, 0
83600, 79920, 0, 0, 0
83700, 69840, 0, 0, 0
83800, 78160, 0, 0, 0
83900, 82640, 0, 0, 0
83999, 40565, 0, 0, 0
84099, 4240, 0, 0, 0
84199, 9920, 0, 0, 0
84299, 6000, 0, 0, 0
84399, 1600, 0, 0, 0
84499, 7440, 0, 0, 0
84599, 10160, 0, 0, 0
84699, 10720, 0, 0, 0
84799, 25680, 0, 0, 0
85000, 27760, 0, 0, 0
85100, 13520, 0, 0, 0
85200, 37520, 0, 0, 0
85300, 56880, 0, 0, 0
85400, 3520, 0, 0, 0
85499, 54868, 0, 0, 0
85599, 68080, 0, 0, 0
85699, 61520, 0, 0, 0
85799, 64080, 0, 0, 0
85900, 67680, 0, 0, 0
86000, 53280, 0, 0, 0
86100, 62000, 0, 0, 0
86200, 85840, 0, 0, 0
86300, 79840, 0, 0, 0
86400, 70800, 0, 0, 0
86499, 69414, 0, 0, 0
86599, 90400, 0, 0, 0
86699, 70880, 0, 0, 0
86799, 59040, 0, 0, 0
86899, 79280, 0, 0, 0
87000, 52640, 0, 0, 0
87100, 67760, 0, 0, 0
87200, 68720, 0, 0, 0
87300, 76160, 0, 0, 0
87400, 76240, 0, 0, 0
87499, 75717, 0, 0, 0
87599, 48000, 0, 0, 0
87699, 1840, 0, 0, 0
87799, 4960, 0, 0, 0
87899, 32000, 0, 0, 0
88000, 28960, 0, 0, 0
88100, 64080, 0, 0, 0
88200, 61520, 0, 0, 0
88300, 59760, 0, 0, 0
88400, 37840, 0, 0, 0
88499, 66181, 0, 0, 0
88599, 57840, 0, 0, 0
88699, 64880, 0, 0, 0
88799, 49840, 0, 0, 0
88899, 74240, 0, 0, 0
88999, 50480, 0, 0, 0
89099, 60720, 0, 0, 0
89199, 52800, 0, 0, 0
89300, 67840, 0, 0, 0
89400, 60320, 0, 0, 0
89499, 59959, 0, 0, 0
89599, 55840, 0, 0, 0
89699, 41120, 0, 0, 0
89799, 47120, 0, 0, 0
89899, 62080, 0, 0, 0
89999, 61680, 0, 0, 0
