250, 184, 1, 0, 0
350, 180, 1, 0, 0
450, 150, 1, 0, 0
550, 190, 1, 0, 0
650, 200, 1, 0, 0
749, 202, 1, 0, 0
849, 180, 1, 0, 0
949, 190, 1, 0, 0
1050, 170, 1, 0, 0
1150, 190, 1, 0, 0
1249, 181, 1, 0, 0
1349, 190, 1, 0, 0
1449, 170, 1, 0, 0
1549, 160, 1, 0, 0
1649, 130, 1, 0, 0
1749, 190, 1, 0, 0
1849, 170, 1, 0, 0
1949, 180, 1, 0, 0
2050, 190, 1, 0, 0
2150, 190, 1, 0, 0
2249, 181, 1, 0, 0
2349, 190, 1, 0, 0
2449, 160, 1, 0, 0
2549, 190, 1, 0, 0
2649, 170, 1, 0, 0
2749, 180, 1, 0, 0
2849, 190, 1, 0, 0
2949, 180, 1, 0, 0
3050, 160, 1, 0, 0
3150, 220, 1, 0, 0
3249, 202, 1, 0, 0
3349, 180, 1, 0, 0
3449, 170, 1, 0, 0
3549, 180, 1, 0, 0
3649, 180, 1, 0, 0
3749, 190, 1, 0, 0
3849, 160, 1, 0, 0
3949, 190, 1, 0, 0
4050, 180, 1, 0, 0
4150, 200, 1, 0, 0
4249, 212, 1, 0, 0
4349, 170, 1, 0, 0
4449, 190, 1, 0, 0
4549, 160, 1, 0, 0
4649, 180, 1, 0, 0
4749, 180, 1, 0, 0
4849, 200, 1, 0, 0
4949, 190, 1, 0, 0
5050, 170, 1, 0, 0
5150, 190, 1, 0, 0
5249, 181, 1, 0, 0
5349, 170, 1, 0, 0
5449, 170, 1, 0, 0
5549, 180, 1, 0, 0
5649, 180, 1, 0, 0
5749, 170, 1, 0, 0
5849, 180, 1, 0, 0
5949, 170, 1, 0, 0
6050, 130, 1, 0, 0
6150, 200, 1, 0, 0
6249, 141, 1, 0, 0
6349, 190, 1, 0, 0
6449, 190, 1, 0, 0
6549, 170, 1, 0, 0
6649, 180, 1, 0, 0
6749, 160, 1, 0, 0
6849, 180, 1, 0, 0
6949, 180, 1, 0, 0
7050, 200, 1, 0, 0
7150, 190, 1, 0, 0
7249, 171, 1, 0, 0
7349, 170, 1, 0, 0
7449, 200, 1, 0, 0
7549, 170, 1, 0, 0
7649, 180, 1, 0, 0
7749, 170, 1, 0, 0
7849, 200, 1, 0, 0
7949, 190, 1, 0, 0
8050, 180, 1, 0, 0
8150, 180, 1, 0, 0
8249, 202, 1, 0, 0
8349, 200, 1, 0, 0
8449, 200, 1, 0, 0
8549, 170, 1, 0, 0
8649, 180, 1, 0, 0
8749, 170, 1, 0, 0
8849, 190, 1, 0, 0
8949, 190, 1, 0, 0
9050, 200, 1, 0, 0
9150, 190, 1, 0, 0
9249, 181, 1, 0, 0
9349, 160, 1, 0, 0
9449, 200, 1, 0, 0
9549, 200, 1, 0, 0
9649, 180, 1, 0, 0
9749, 210, 1, 0, 0
9849, 210, 1, 0, 0
9949, 180, 1, 0, 0
10050, 180, 1, 0, 0
10150, 180, 1, 0, 0
10249, 191, 1, 0, 0
10349, 160, 1, 0, 0
10449, 190, 1, 0, 0
10549, 170, 1, 0, 0
10649, 190, 1, 0, 0
10749, 210, 1, 0, 0
10849, 190, 1, 0, 0
10949, 210, 1, 0, 0
11050, 170, 1, 0, 0
11150, 190, 1, 0, 0
11249, 171, 1, 0, 0
11349, 170, 1, 0, 0
11449, 180, 1, 0, 0
11549, 180, 1, 0, 0
11649, 180, 1, 0, 0
11749, 160, 1, 0, 0
11849, 180, 1, 0, 0
11949, 190, 1, 0, 0
12050, 190, 1, 0, 0
12150, 200, 1, 0, 0
12249, 161, 1, 0, 0
12349, 160, 1, 0, 0
12449, 160, 1, 0, 0
12549, 170, 1, 0, 0
12649, 180, 1, 0, 0
12749, 170, 1, 0, 0
12849, 200, 1, 0, 0
12949, 190, 1, 0, 0
13050, 190, 1, 0, 0
13150, 160, 1, 0, 0
13249, 202, 1, 0, 0
13349, 180, 1, 0, 0
13449, 160, 1, 0, 0
13549, 180, 1, 0, 0
13649, 190, 1, 0, 0
13749, 200, 1, 0, 0
13849, 220, 1, 0, 0
13949, 180, 1, 0, 0
14050, 190, 1, 0, 0
14150, 200, 1, 0, 0
14249, 171, 1, 0, 0
14349, 180, 1, 0, 0
14449, 190, 1, 0, 0
14549, 180, 1, 0, 0
14649, 180, 1, 0, 0
14749, 180, 1, 0, 0
14849, 170, 1, 0, 0
14949, 160, 1, 0, 0
15050, 180, 1, 0, 0
15150, 180, 1, 0, 0
15249, 191, 1, 0, 0
15349, 190, 1, 0, 0
15449, 170, 1, 0, 0
15549, 200, 1, 0, 0
15649, 210, 1, 0, 0
15749, 180, 1, 0, 0
15850, 170, 1, 0, 0
15950, 190, 1, 0, 0
16050, 190, 1, 0, 0
16150, 180, 1, 0, 0
16249, 191, 1, 0, 0
16349, 200, 1, 0, 0
16449, 180, 1, 0, 0
16549, 160, 1, 0, 0
16649, 160, 1, 0, 0
16750, 180, 1, 0, 0
16850, 180, 1, 0, 0
16950, 170, 1, 0, 0
17050, 170, 1, 0, 0
17150, 170, 1, 0, 0
17249, 181, 1, 0, 0
17349, 170, 1, 0, 0
17449, 140, 1, 0, 0
17549, 160, 1, 0, 0
17649, 160, 1, 0, 0
17750, 200, 1, 0, 0
17850, 170, 1, 0, 0
17950, 180, 1, 0, 0
18050, 180, 1, 0, 0
18150, 170, 1, 0, 0
18249, 181, 1, 0, 0
18349, 190, 1, 0, 0
18449, 210, 1, 0, 0
18549, 190, 1, 0, 0
18650, 170, 1, 0, 0
18750, 170, 1, 0, 0
18850, 150, 1, 0, 0
18950, 200, 1, 0, 0
19050, 190, 1, 0, 0
19150, 180, 1, 0, 0
19249, 202, 1, 0, 0
19349, 160, 1, 0, 0
19449, 190, 1, 0, 0
19550, 200, 1, 0, 0
19650, 190, 1, 0, 0
19749, 181, 1, 0, 0
19849, 190, 1, 0, 0
19949, 190, 1, 0, 0
20049, 170, 1, 0, 0
20149, 160, 1, 0, 0
20249, 180, 1, 0, 0
20349, 180, 1, 0, 0
20450, 190, 1, 0, 0
20550, 180, 1, 0, 0
20650, 180, 1, 0, 0
20749, 181, 1, 0, 0
20849, 160, 1, 0, 0
20949, 180, 1, 0, 0
21049, 200, 1, 0, 0
21149, 160, 1, 0, 0
21249, 200, 1, 0, 0
21349, 190, 1, 0, 0
21450, 170, 1, 0, 0
21550, 160, 1, 0, 0
21650, 200, 1, 0, 0
21749, 181, 1, 0, 0
21849, 160, 1, 0, 0
21949, 190, 1, 0, 0
22049, 190, 1, 0, 0
22149, 200, 1, 0, 0
22250, 200, 1, 0, 0
22350, 180, 1, 0, 0
22450, 180, 1, 0, 0
22550, 190, 1, 0, 0
22650, 180, 1, 0, 0
22749, 191, 1, 0, 0
22849, 150, 1, 0, 0
22949, 180, 1, 0, 0
23049, 170, 1, 0, 0
23149, 180, 1, 0, 0
23250, 190, 1, 0, 0
23350, 170, 1, 0, 0
23450, 140, 1, 0, 0
23550, 180, 1, 0, 0
23650, 190, 1, 0, 0
23749, 181, 1, 0, 0
23849, 170, 1, 0, 0
23949, 180, 1, 0, 0
24049, 180, 1, 0, 0
24150, 150, 1, 0, 0
24250, 180, 1, 0, 0
24350, 170, 1, 0, 0
24450, 180, 1, 0, 0
24550, 180, 1, 0, 0
24650, 180, 1, 0, 0
24749, 202, 1, 0, 0
24849, 170, 1, 0, 0
24949, 180, 1, 0, 0
25050, 170, 1, 0, 0
25150, 170, 1, 0, 0
25249, 181, 1, 0, 0
25349, 170, 1, 0, 0
25449, 170, 1, 0, 0
25549, 180, 1, 0, 0
25649, 180, 1, 0, 0
25749, 200, 1, 0, 0
25849, 190, 1, 0, 0
25949, 200, 1, 0, 0
26050, 150, 1, 0, 0
26150, 190, 1, 0, 0
26249, 171, 1, 0, 0
26349, 200, 1, 0, 0
26449, 180, 1, 0, 0
26549, 190, 1, 0, 0
26649, 160, 1, 0, 0
26749, 160, 1, 0, 0
26849, 180, 1, 0, 0
26949, 170, 1, 0, 0
27050, 170, 1, 0, 0
27150, 190, 1, 0, 0
27249, 181, 1, 0, 0
27349, 180, 1, 0, 0
27449, 170, 1, 0, 0
27549, 160, 1, 0, 0
27649, 180, 1, 0, 0
27749, 160, 1, 0, 0
27849, 160, 1, 0, 0
27949, 200, 1, 0, 0
28050, 200, 1, 0, 0
28150, 200, 1, 0, 0
28249, 202, 1, 0, 0
28349, 210, 1, 0, 0
28449, 190, 1, 0, 0
28549, 150, 1, 0, 0
28649, 180, 1, 0, 0
28749, 190, 1, 0, 0
28849, 180, 1, 0, 0
28949, 170, 1, 0, 0
29050, 180, 1, 0, 0
29150, 140, 1, 0, 0
29249, 181, 1, 0, 0
29349, 190, 1, 0, 0
29449, 180, 1, 0, 0
29549, 180, 1, 0, 0
29649, 170, 1, 0, 0
29749, 200, 1, 0, 0
29850, 180, 1, 0, 0
29950, 160, 1, 0, 0
30050, 180, 1, 0, 0
30150, 160, 1, 0, 0
30249, 181, 1, 0, 0
30349, 200, 1, 0, 0
30449, 190, 1, 0, 0
30549, 190, 1, 0, 0
30649, 170, 1, 0, 0
30749, 190, 1, 0, 0
30850, 190, 1, 0, 0
30950, 190, 1, 0, 0
31050, 180, 1, 0, 0
31150, 170, 1, 0, 0
31249, 171, 1, 0, 0
31349, 200, 1, 0, 0
31449, 190, 1, 0, 0
31549, 190, 1, 0, 0
31649, 160, 1, 0, 0
31750, 120, 1, 0, 0
31850, 210, 1, 0, 0
31950, 200, 1, 0, 0
32050, 190, 1, 0, 0
32150, 190, 1, 0, 0
32249, 161, 1, 0, 0
32349, 180, 1, 0, 0
32449, 200, 1, 0, 0
32549, 200, 1, 0, 0
32649, 180, 1, 0, 0
32750, 190, 1, 0, 0
32850, 190, 1, 0, 0
32950, 200, 1, 0, 0
33050, 190, 1, 0, 0
33150, 200, 1, 0, 0
33249, 161, 1, 0, 0
33349, 170, 1, 0, 0
33449, 160, 1, 0, 0
33549, 150, 1, 0, 0
33649, 180, 1, 0, 0
33750, 190, 1, 0, 0
33850, 200, 1, 0, 0
33950, 210, 1, 0, 0
34050, 130, 1, 0, 0
34150, 10, 1, 0, 0
34249, 30, 1, 0, 0
34349, 100, 1, 0, 0
34449, 180, 1, 0, 0
34549, 150, 1, 0, 0
34649, 190, 1, 0, 0
34750, 170, 1, 0, 0
34850, 200, 1, 0, 0
34950, 190, 1, 0, 0
35050, 150, 1, 0, 0
35150, 160, 1, 0, 0
35249, 191, 1, 0, 0
35349, 180, 1, 0, 0
35449, 180, 1, 0, 0
35549, 200, 1, 0, 0
35650, 200, 1, 0, 0
35750, 190, 1, 0, 0
35850, 170, 1, 0, 0
35950, 180, 1, 0, 0
36050, 180, 1, 0, 0
36150, 180, 1, 0, 0
36249, 181, 1, 0, 0
36349, 180, 1, 0, 0
36449, 200, 1, 0, 0
36549, 180, 1, 0, 0
36650, 160, 1, 0, 0
36750, 150, 1, 0, 0
36850, 200, 1, 0, 0
36950, 180, 1, 0, 0
37050, 200, 1, 0, 0
37150, 200, 1, 0, 0
37249, 202, 1, 0, 0
37349, 190, 1, 0, 0
37449, 170, 1, 0, 0
37549, 170, 1, 0, 0
37649, 200, 1, 0, 0
37750, 180, 1, 0, 0
37850, 180, 1, 0, 0
37950, 180, 1, 0, 0
38050, 210, 1, 0, 0
38150, 180, 1, 0, 0
38249, 202, 1, 0, 0
38349, 180, 1, 0, 0
38449, 190, 1, 0, 0
38550, 210, 1, 0, 0
38650, 170, 1, 0, 0
38749, 191, 1, 0, 0
38849, 180, 1, 0, 0
38949, 200, 1, 0, 0
39049, 190, 1, 0, 0
39149, 190, 1, 0, 0
39249, 170, 1, 0, 0
39349, 180, 1, 0, 0
39449, 150, 1, 0, 0
39550, 160, 1, 0, 0
39650, 170, 1, 0, 0
39749, 161, 1, 0, 0
39849, 170, 1, 0, 0
39949, 180, 1, 0, 0
40049, 190, 1, 0, 0
40149, 190, 1, 0, 0
40249, 200, 1, 0, 0
40349, 170, 1, 0, 0
40449, 190, 1, 0, 0
40550, 180, 1, 0, 0
40650, 190, 1, 0, 0
40749, 101, 1, 0, 0
40849, 170, 1, 0, 0
40949, 200, 1, 0, 0
41049, 200, 1, 0, 0
41149, 160, 1, 0, 0
41249, 190, 1, 0, 0
41349, 190, 1, 0, 0
41449, 180, 1, 0, 0
41550, 170, 1, 0, 0
41650, 180, 1, 0, 0
41749, 171, 1, 0, 0
41849, 170, 1, 0, 0
41949, 190, 1, 0, 0
42049, 180, 1, 0, 0
42149, 190, 1, 0, 0
42249, 190, 1, 0, 0
42349, 190, 1, 0, 0
42449, 170, 1, 0, 0
42550, 160, 1, 0, 0
42650, 190, 1, 0, 0
42749, 171, 1, 0, 0
42849, 180, 1, 0, 0
42949, 180, 1, 0, 0
43049, 190, 1, 0, 0
43149, 190, 1, 0, 0
43249, 170, 1, 0, 0
43349, 180, 1, 0, 0
43449, 170, 1, 0, 0
43550, 190, 1, 0, 0
43650, 190, 1, 0, 0
43749, 191, 1, 0, 0
43849, 180, 1, 0, 0
43949, 190, 1, 0, 0
44049, 170, 1, 0, 0
44149, 190, 1, 0, 0
44249, 190, 1, 0, 0
44349, 170, 1, 0, 0
44449, 170, 1, 0, 0
44550, 170, 1, 0, 0
44650, 180, 1, 0, 0
44749, 191, 1, 0, 0
44849, 170, 1, 0, 0
44949, 180, 1, 0, 0
45049, 180, 1, 0, 0
45149, 180, 1, 0, 0
45249, 160, 1, 0, 0
45350, 190, 1, 0, 0
45450, 190, 1, 0, 0
45550, 180, 1, 0, 0
45650, 190, 1, 0, 0
45749, 191, 1, 0, 0
45849, 160, 1, 0, 0
45949, 180, 1, 0, 0
46049, 200, 1, 0, 0
46149, 200, 1, 0, 0
46249, 170, 1, 0, 0
46349, 210, 1, 0, 0
46450, 160, 1, 0, 0
46550, 200, 1, 0, 0
46650, 200, 1, 0, 0
46749, 181, 1, 0, 0
46849, 180, 1, 0, 0
46949, 170, 1, 0, 0
47049, 160, 1, 0, 0
47149, 210, 1, 0, 0
47249, 210, 1, 0, 0
47349, 190, 1, 0, 0
47450, 200, 1, 0, 0
47550, 170, 1, 0, 0
47650, 170, 1, 0, 0
47749, 181, 1, 0, 0
47849, 180, 1, 0, 0
47949, 190, 1, 0, 0
48049, 210, 1, 0, 0
48149, 150, 1, 0, 0
48249, 170, 1, 0, 0
48350, 190, 1, 0, 0
48450, 210, 1, 0, 0
48550, 150, 1, 0, 0
48650, 190, 1, 0, 0
48749, 171, 1, 0, 0
48849, 170, 1, 0, 0
48949, 190, 1, 0, 0
49049, 180, 1, 0, 0
49149, 100, 1, 0, 0
49249, 130, 1, 0, 0
49349, 150, 1, 0, 0
49450, 180, 1, 0, 0
49550, 170, 1, 0, 0
49650, 180, 1, 0, 0
49749, 171, 1, 0, 0
49849, 170, 1, 0, 0
49949, 150, 1, 0, 0
50049, 170, 1, 0, 0
50149, 180, 1, 0, 0
50250, 180, 1, 0, 0
50350, 190, 1, 0, 0
50450, 180, 1, 0, 0
50550, 110, 1, 0, 0
50650, 180, 1, 0, 0
50749, 191, 1, 0, 0
50849, 90, 1, 0, 0
50949, 150, 1, 0, 0
51049, 180, 1, 0, 0
51149, 180, 1, 0, 0
51250, 200, 1, 0, 0
51350, 180, 1, 0, 0
51450, 160, 1, 0, 0
51550, 160, 1, 0, 0
51650, 150, 1, 0, 0
51749, 202, 1, 0, 0
51849, 160, 1, 0, 0
51949, 180, 1, 0, 0
52049, 210, 1, 0, 0
52149, 160, 1, 0, 0
52249, 190, 1, 0, 0
52350, 180, 1, 0, 0
52450, 180, 1, 0, 0
52550, 180, 1, 0, 0
52650, 180, 1, 0, 0
52749, 212, 1, 0, 0
52849, 190, 1, 0, 0
52949, 180, 1, 0, 0
53049, 200, 1, 0, 0
53149, 170, 1, 0, 0
53250, 180, 1, 0, 0
53350, 190, 1, 0, 0
53450, 180, 1, 0, 0
53550, 180, 1, 0, 0
53650, 160, 1, 0, 0
53749, 181, 1, 0, 0
53849, 180, 1, 0, 0
53949, 180, 1, 0, 0
54049, 180, 1, 0, 0
54149, 210, 1, 0, 0
54250, 170, 1, 0, 0
54350, 160, 1, 0, 0
54450, 180, 1, 0, 0
54550, 180, 1, 0, 0
54650, 190, 1, 0, 0
54749, 181, 1, 0, 0
54849, 220, 1, 0, 0
54949, 180, 1, 0, 0
55049, 190, 1, 0, 0
55149, 190, 1, 0, 0
55250, 200, 1, 0, 0
55350, 180, 1, 0, 0
55450, 190, 1, 0, 0
55550, 190, 1, 0, 0
55650, 190, 1, 0, 0
55749, 181, 1, 0, 0
55849, 200, 1, 0, 0
55949, 190, 1, 0, 0
56049, 160, 1, 0, 0
56150, 180, 1, 0, 0
56250, 180, 1, 0, 0
56350, 200, 1, 0, 0
56450, 180, 1, 0, 0
56550, 180, 1, 0, 0
56650, 180, 1, 0, 0
56749, 181, 1, 0, 0
56849, 170, 1, 0, 0
56949, 150, 1, 0, 0
57050, 190, 1, 0, 0
57150, 180, 1, 0, 0
57249, 171, 1, 0, 0
57349, 190, 1, 0, 0
57449, 180, 1, 0, 0
57549, 180, 1, 0, 0
57649, 170, 1, 0, 0
57749, 170, 1, 0, 0
57850, 180, 1, 0, 0
57950, 180, 1, 0, 0
58050, 180, 1, 0, 0
58150, 170, 1, 0, 0
58249, 171, 1, 0, 0
58349, 180, 1, 0, 0
58449, 170, 1, 0, 0
58549, 190, 1, 0, 0
58649, 170, 1, 0, 0
58750, 190, 1, 0, 0
58850, 200, 1, 0, 0
58950, 190, 1, 0, 0
59050, 210, 1, 0, 0
59150, 200, 1, 0, 0
59249, 171, 1, 0, 0
59349, 180, 1, 0, 0
59449, 180, 1, 0, 0
59549, 180, 1, 0, 0
59649, 180, 1, 0, 0
59750, 180, 1, 0, 0
59850, 160, 1, 0, 0
59950, 160, 1, 0, 0
60050, 170, 1, 0, 0
60150, 200, 1, 0, 0
60249, 181, 1, 0, 0
60349, 180, 1, 0, 0
60449, 170, 1, 0, 0
60549, 200, 1, 0, 0
60649, 180, 1, 0, 0
60750, 180, 1, 0, 0
60850, 180, 1, 0, 0
60950, 170, 1, 0, 0
61050, 180, 1, 0, 0
61150, 170, 1, 0, 0
61249, 191, 1, 0, 0
61349, 210, 1, 0, 0
61449, 190, 1, 0, 0
61549, 190, 1, 0, 0
61649, 180, 1, 0, 0
61750, 160, 1, 0, 0
61850, 200, 1, 0, 0
61950, 180, 1, 0, 0
62050, 180, 1, 0, 0
62150, 190, 1, 0, 0
62249, 191, 1, 0, 0
62349, 180, 1, 0, 0
62449, 200, 1, 0, 0
62550, 180, 1, 0, 0
62650, 170, 1, 0, 0
62749, 161, 1, 0, 0
62849, 180, 1, 0, 0
62949, 160, 1, 0, 0
63049, 190, 1, 0, 0
63149, 180, 1, 0, 0
63249, 180, 1, 0, 0
63349, 190, 1, 0, 0
63449, 170, 1, 0, 0
63550, 190, 1, 0, 0
63650, 170, 1, 0, 0
63749, 171, 1, 0, 0
63849, 180, 1, 0, 0
63949, 180, 1, 0, 0
64049, 200, 1, 0, 0
64149, 170, 1, 0, 0
64249, 180, 1, 0, 0
64350, 170, 1, 0, 0
64450, 200, 1, 0, 0
64550, 190, 1, 0, 0
64650, 170, 1, 0, 0
64749, 181, 1, 0, 0
64849, 170, 1, 0, 0
64949, 180, 1, 0, 0
65049, 180, 1, 0, 0
65149, 190, 1, 0, 0
65250, 190, 1, 0, 0
65350, 180, 1, 0, 0
65450, 170, 1, 0, 0
65550, 200, 1, 0, 0
65650, 200, 1, 0, 0
65749, 191, 1, 0, 0
65849, 180, 1, 0, 0
65949, 190, 1, 0, 0
66049, 180, 1, 0, 0
66149, 130, 1, 0, 0
66250, 200, 1, 0, 0
66350, 160, 1, 0, 0
66450, 190, 1, 0, 0
66550, 190, 1, 0, 0
66650, 190, 1, 0, 0
66749, 171, 1, 0, 0
66849, 200, 1, 0, 0
66949, 190, 1, 0, 0
67049, 190, 1, 0, 0
67150, 170, 1, 0, 0
67250, 220, 1, 0, 0
67350, 180, 1, 0, 0
67450, 190, 1, 0, 0
67550, 160, 1, 0, 0
67650, 170, 1, 0, 0
67749, 181, 1, 0, 0
67849, 180, 1, 0, 0
67949, 190, 1, 0, 0
68049, 160, 1, 0, 0
68150, 190, 1, 0, 0
68250, 200, 1, 0, 0
68350, 170, 1, 0, 0
68450, 200, 1, 0, 0
68550, 200, 1, 0, 0
68650, 190, 1, 0, 0
68749, 171, 1, 0, 0
68849, 170, 1, 0, 0
68949, 180, 1, 0, 0
69050, 170, 1, 0, 0
69150, 190, 1, 0, 0
69249, 181, 1, 0, 0
69349, 190, 1, 0, 0
69449, 180, 1, 0, 0
69549, 180, 1, 0, 0
69649, 160, 1, 0, 0
69749, 180, 1, 0, 0
69849, 190, 1, 0, 0
69949, 160, 1, 0, 0
70050, 170, 1, 0, 0
70150, 160, 1, 0, 0
70249, 181, 1, 0, 0
70349, 180, 1, 0, 0
70449, 180, 1, 0, 0
70549, 170, 1, 0, 0
70649, 170, 1, 0, 0
70749, 170, 1, 0, 0
70849, 170, 1, 0, 0
70949, 210, 1, 0, 0
71050, 190, 1, 0, 0
71150, 200, 1, 0, 0
71249, 181, 1, 0, 0
71349, 190, 1, 0, 0
71449, 160, 1, 0, 0
71549, 190, 1, 0, 0
71649, 200, 1, 0, 0
71749, 190, 1, 0, 0
71849, 200, 1, 0, 0
71949, 170, 1, 0, 0
72050, 170, 1, 0, 0
72150, 170, 1, 0, 0
72249, 181, 1, 0, 0
72349, 160, 1, 0, 0
72449, 150, 1, 0, 0
72549, 200, 1, 0, 0
72649, 180, 1, 0, 0
72749, 170, 1, 0, 0
72849, 180, 1, 0, 0
72949, 160, 1, 0, 0
73050, 190, 1, 0, 0
73150, 180, 1, 0, 0
73249, 191, 1, 0, 0
73349, 200, 1, 0, 0
73449, 180, 1, 0, 0
73549, 180, 1, 0, 0
73649, 170, 1, 0, 0
73749, 180, 1, 0, 0
73849, 200, 1, 0, 0
73950, 180, 1, 0, 0
74050, 210, 1, 0, 0
74150, 190, 1, 0, 0
74249, 131, 1, 0, 0
74349, 100, 1, 0, 0
74449, 130, 1, 0, 0
74549, 170, 1, 0, 0
74649, 210, 1, 0, 0
74749, 180, 1, 0, 0
74849, 190, 1, 0, 0
74950, 180, 1, 0, 0
75050, 160, 1, 0, 0
75150, 190, 1, 0, 0
75249, 191, 1, 0, 0
75349, 180, 1, 0, 0
75449, 190, 1, 0, 0
75549, 160, 1, 0, 0
75649, 10, 1, 0, 0
75950, 20, 1, 0, 0
76150, 120, 1, 0, 0
76249, 181, 1, 0, 0
76349, 180, 1, 0, 0
76449, 170, 1, 0, 0
76549, 200, 1, 0, 0
76649, 190, 1, 0, 0
76750, 170, 1, 0, 0
76850, 170, 1, 0, 0
76950, 180, 1, 0, 0
77050, 190, 1, 0, 0
77150, 190, 1, 0, 0
77249, 191, 1, 0, 0
77349, 190, 1, 0, 0
77449, 200, 1, 0, 0
77549, 190, 1, 0, 0
77650, 180, 1, 0, 0
77750, 170, 1, 0, 0
77850, 170, 1, 0, 0
77950, 190, 1, 0, 0
78050, 200, 1, 0, 0
78150, 200, 1, 0, 0
78249, 161, 1, 0, 0
78349, 210, 1, 0, 0
78449, 190, 1, 0, 0
78549, 200, 1, 0, 0
78650, 160, 1, 0, 0
78750, 190, 1, 0, 0
78850, 170, 1, 0, 0
78950, 180, 1, 0, 0
79050, 180, 1, 0, 0
79150, 180, 1, 0, 0
79249, 161, 1, 0, 0
79349, 130, 1, 0, 0
79449, 190, 1, 0, 0
79550, 180, 1, 0, 0
79650, 190, 1, 0, 0
79749, 171, 1, 0, 0
79849, 170, 1, 0, 0
79949, 190, 1, 0, 0
80049, 150, 1, 0, 0
80149, 190, 1, 0, 0
80249, 200, 1, 0, 0
80349, 190, 1, 0, 0
80449, 190, 1, 0, 0
80550, 170, 1, 0, 0
80650, 30, 1, 0, 0
80749, 10, 1, 0, 0
80849, 10, 1, 0, 0
81049, 80, 1, 0, 0
81149, 80, 1, 0, 0
81249, 20, 1, 0, 0
81349, 60, 1, 0, 0
81449, 30, 1, 0, 0
81550, 180, 1, 0, 0
81650, 190, 1, 0, 0
81749, 202, 1, 0, 0
81849, 190, 1, 0, 0
81949, 190, 1, 0, 0
82049, 150, 1, 0, 0
82149, 170, 1, 0, 0
82249, 170, 1, 0, 0
82349, 180, 1, 0, 0
82449, 140, 1, 0, 0
82550, 190, 1, 0, 0
82650, 200, 1, 0, 0
82749, 212, 1, 0, 0
82849, 150, 1, 0, 0
82949, 200, 1, 0, 0
83049, 160, 1, 0, 0
83149, 190, 1, 0, 0
83249, 170, 1, 0, 0
83349, 190, 1, 0, 0
83449, 170, 1, 0, 0
83550, 160, 1, 0, 0
83650, 180, 1, 0, 0
83749, 171, 1, 0, 0
83849, 190, 1, 0, 0
83949, 200, 1, 0, 0
84049, 170, 1, 0, 0
84149, 190, 1, 0, 0
84249, 200, 1, 0, 0
84349, 190, 1, 0, 0
84449, 170, 1, 0, 0
84550, 100, 1, 0, 0
84650, 200, 1, 0, 0
84750, 170, 1, 0, 0
84850, 170, 1, 0, 0
84950, 190, 1, 0, 0
85050, 150, 1, 0, 0
85150, 210, 1, 0, 0
85249, 212, 1, 0, 0
85349, 190, 1, 0, 0
85449, 170, 1, 0, 0
85549, 190, 1, 0, 0
85650, 150, 1, 0, 0
85749, 50, 1, 0, 0
85849, 10, 1, 0, 0
85949, 40, 1, 0, 0
86049, 140, 1, 0, 0
86149, 180, 1, 0, 0
86249, 190, 1, 0, 0
86349, 190, 1, 0, 0
86449, 190, 1, 0, 0
86549, 160, 1, 0, 0
86650, 190, 1, 0, 0
86750, 200, 1, 0, 0
86850, 170, 1, 0, 0
86950, 190, 1, 0, 0
87050, 170, 1, 0, 0
87150, 200, 1, 0, 0
87249, 161, 1, 0, 0
87349, 180, 1, 0, 0
87449, 180, 1, 0, 0
87549, 180, 1, 0, 0
87650, 170, 1, 0, 0
87750, 190, 1, 0, 0
87850, 170, 1, 0, 0
87950, 180, 1, 0, 0
88050, 180, 1, 0, 0
88150, 180, 1, 0, 0
88249, 202, 1, 0, 0
88349, 190, 1, 0, 0
88449, 160, 1, 0, 0
88549, 190, 1, 0, 0
88650, 90, 1, 0, 0
88750, 200, 1, 0, 0
88850, 170, 1, 0, 0
88950, 180, 1, 0, 0
89050, 110, 1, 0, 0
89150, 170, 1, 0, 0
89249, 181, 1, 0, 0
89349, 180, 1, 0, 0
89449, 200, 1, 0, 0
89549, 170, 1, 0, 0
89649, 180, 1, 0, 0
89750, 180, 1, 0, 0
89850, 170, 1, 0, 0
89950, 180, 1, 0, 0
