100, 9690, 0, 0, 0
101, 13642, 1, 0, 0
200, 9303, 0, 0, 0
200, 12371, 1, 0, 0
300, 9405, 0, 0, 0
300, 14158, 1, 0, 0
400, 9624, 0, 0, 0
400, 13705, 1, 0, 0
500, 9362, 0, 0, 0
501, 13359, 1, 0, 0
600, 9054, 0, 0, 0
603, 21012, 1, 0, 0
700, 10676, 0, 0, 0
700, 14645, 1, 0, 0
800, 9374, 0, 0, 0
801, 12987, 1, 0, 0
900, 10103, 0, 0, 0
902, 19189, 1, 0, 0
1000, 8282, 0, 0, 0
1000, 14224, 1, 0, 0
1100, 14175, 1, 0, 0
1100, 9064, 0, 0, 0
1200, 12172, 1, 0, 0
1200, 8440, 0, 0, 0
1300, 9881, 0, 0, 0
1302, 12074, 1, 0, 0
1400, 14627, 0, 0, 0
1400, 14240, 1, 0, 0
1500, 12679, 0, 0, 0
1503, 16937, 1, 0, 0
1600, 10327, 0, 0, 0
1600, 12698, 1, 0, 0
1700, 13065, 0, 0, 0
1701, 12733, 1, 0, 0
1800, 10152, 0, 0, 0
1801, 14747, 1, 0, 0
1901, 10509, 0, 0, 0
1903, 13087, 1, 0, 0
2000, 8958, 0, 0, 0
2000, 13773, 1, 0, 0
2100, 12552, 1, 0, 0
2100, 8845, 0, 0, 0
2200, 9005, 0, 0, 0
2201, 12938, 1, 0, 0
2300, 12702, 1, 0, 0
2303, 12621, 0, 0, 0
2400, 9530, 0, 0, 0
2402, 14032, 1, 0, 0
2500, 8280, 0, 0, 0
2501, 13472, 1, 0, 0
2600, 12090, 1, 0, 0
2600, 10528, 0, 0, 0
2700, 8549, 0, 0, 0
2700, 13918, 1, 0, 0
2800, 16394, 1, 0, 0
2801, 13329, 0, 0, 0
2900, 9170, 0, 0, 0
2900, 14900, 1, 0, 0
3000, 10310, 0, 0, 0
3001, 12401, 1, 0, 0
3100, 9689, 0, 0, 0
3100, 12925, 1, 0, 0
3219, 10899, 0, 0, 0
3220, 13074, 1, 0, 0
3301, 13427, 1, 0, 0
3302, 6864, 0, 0, 0
3429, 13035, 1, 0, 0
3429, 7448, 0, 0, 0
3500, 9679, 0, 0, 0
3500, 12483, 1, 0, 0
3600, 9031, 0, 0, 0
3601, 12939, 1, 0, 0
3700, 8918, 0, 0, 0
3701, 14773, 1, 0, 0
3800, 8843, 0, 0, 0
3801, 12017, 1, 0, 0
3900, 9844, 0, 0, 0
3943, 13266, 1, 0, 0
4000, 12457, 1, 0, 0
4000, 9120, 0, 0, 0
4102, 9244, 0, 0, 0
4104, 14088, 1, 0, 0
4200, 13996, 1, 0, 0
4200, 9059, 0, 0, 0
4326, 12926, 1, 0, 0
4332, 7618, 0, 0, 0
4465, 5971, 0, 0, 0
4466, 9323, 1, 0, 0
4513, 8242, 0, 0, 0
4514, 10760, 1, 0, 0
4600, 8874, 1, 0, 0
4601, 5776, 0, 0, 0
4706, 9323, 0, 0, 0
4706, 12650, 1, 0, 0
4800, 12324, 1, 0, 0
4801, 8124, 0, 0, 0
4911, 12288, 1, 0, 0
4914, 8888, 0, 0, 0
5001, 7011, 0, 0, 0
5001, 11047, 1, 0, 0
5100, 9200, 0, 0, 0
5100, 14079, 1, 0, 0
5200, 9003, 0, 0, 0
5201, 12019, 1, 0, 0
5300, 9801, 0, 0, 0
5301, 13177, 1, 0, 0
5400, 9291, 0, 0, 0
5401, 14059, 1, 0, 0
5500, 12572, 1, 0, 0
5500, 9871, 0, 0, 0
5600, 10286, 0, 0, 0
5603, 16013, 1, 0, 0
5700, 8617, 0, 0, 0
5700, 13294, 1, 0, 0
5800, 8815, 0, 0, 0
5800, 13469, 1, 0, 0
5900, 9227, 0, 0, 0
5900, 12731, 1, 0, 0
6000, 8880, 0, 0, 0
6001, 13381, 1, 0, 0
6100, 10673, 0, 0, 0
6101, 13613, 1, 0, 0
6200, 17442, 1, 0, 0
6202, 9072, 0, 0, 0
6300, 10795, 0, 0, 0
6300, 14397, 1, 0, 0
6401, 9338, 0, 0, 0
6401, 17102, 1, 0, 0
6500, 10565, 0, 0, 0
6502, 17954, 1, 0, 0
6600, 13167, 1, 0, 0
6600, 9591, 0, 0, 0
6700, 14018, 1, 0, 0
6700, 10657, 0, 0, 0
6801, 10152, 0, 0, 0
6801, 18046, 1, 0, 0
6900, 10788, 0, 0, 0
6902, 15201, 1, 0, 0
7000, 12540, 1, 0, 0
7000, 9119, 0, 0, 0
7100, 9037, 0, 0, 0
7101, 12754, 1, 0, 0
7247, 14014, 1, 0, 0
7248, 11633, 0, 0, 0
7300, 9788, 0, 0, 0
7300, 13034, 1, 0, 0
7400, 9401, 0, 0, 0
7401, 16181, 1, 0, 0
7500, 9763, 0, 0, 0
7500, 12797, 1, 0, 0
7600, 9939, 0, 0, 0
7601, 13173, 1, 0, 0
7700, 11529, 0, 0, 0
7700, 14694, 1, 0, 0
7800, 9566, 0, 0, 0
7801, 13068, 1, 0, 0
7900, 9608, 0, 0, 0
7901, 15217, 1, 0, 0
8000, 12790, 1, 0, 0
8000, 10543, 0, 0, 0
8100, 9399, 0, 0, 0
8100, 21125, 1, 0, 0
8209, 9090, 0, 0, 0
8213, 12849, 1, 0, 0
8300, 7139, 0, 0, 0
8303, 12021, 1, 0, 0
8401, 8391, 0, 0, 0
8401, 13698, 1, 0, 0
8500, 10326, 0, 0, 0
8501, 13223, 1, 0, 0
8600, 9146, 0, 0, 0
8600, 23500, 1, 0, 0
8700, 9819, 0, 0, 0
8702, 15999, 1, 0, 0
8800, 10977, 0, 0, 0
8801, 14008, 1, 0, 0
8901, 12596, 1, 0, 0
8901, 9354, 0, 0, 0
9000, 8693, 0, 0, 0
9005, 15959, 1, 0, 0
9101, 12632, 1, 0, 0
9102, 8312, 0, 0, 0
9200, 8670, 0, 0, 0
9200, 17090, 1, 0, 0
9301, 7871, 0, 0, 0
9306, 12136, 1, 0, 0
9400, 9258, 0, 0, 0
9400, 13508, 1, 0, 0
9500, 11149, 0, 0, 0
9501, 13067, 1, 0, 0
9600, 9933, 0, 0, 0
9606, 16712, 1, 0, 0
9700, 13895, 1, 0, 0
9700, 10000, 0, 0, 0
9800, 10074, 0, 0, 0
9800, 12830, 1, 0, 0
9900, 15348, 1, 0, 0
9902, 9110, 0, 0, 0
10000, 8948, 0, 0, 0
10000, 20168, 1, 0, 0
10100, 13649, 1, 0, 0
10101, 13632, 0, 0, 0
10200, 9820, 0, 0, 0
10200, 13475, 1, 0, 0
10300, 9491, 0, 0, 0
10301, 14628, 1, 0, 0
10400, 15261, 1, 0, 0
10400, 9591, 0, 0, 0
10500, 12904, 1, 0, 0
10501, 9143, 0, 0, 0
10600, 10768, 0, 0, 0
10603, 13810, 1, 0, 0
10700, 8966, 0, 0, 0
10701, 13053, 1, 0, 0
10800, 9105, 0, 0, 0
10800, 14939, 1, 0, 0
10900, 9400, 0, 0, 0
10902, 12820, 1, 0, 0
11000, 9766, 0, 0, 0
11002, 13075, 1, 0, 0
11100, 9174, 0, 0, 0
11100, 13021, 1, 0, 0
11200, 9531, 0, 0, 0
11201, 13289, 1, 0, 0
11300, 8726, 0, 0, 0
11300, 13047, 1, 0, 0
11400, 8754, 0, 0, 0
11403, 13532, 1, 0, 0
11500, 12477, 1, 0, 0
11500, 9132, 0, 0, 0
11600, 9300, 0, 0, 0
11601, 12836, 1, 0, 0
11700, 10134, 0, 0, 0
11701, 12372, 1, 0, 0
11800, 9434, 0, 0, 0
11802, 12371, 1, 0, 0
11900, 9874, 0, 0, 0
11900, 13404, 1, 0, 0
12000, 11837, 0, 0, 0
12001, 12905, 1, 0, 0
12100, 10777, 0, 0, 0
12100, 13495, 1, 0, 0
12200, 11016, 0, 0, 0
12204, 16607, 1, 0, 0
12300, 11757, 0, 0, 0
12301, 14073, 1, 0, 0
12400, 8780, 0, 0, 0
12400, 13574, 1, 0, 0
12500, 9467, 0, 0, 0
12504, 15987, 1, 0, 0
12600, 13848, 1, 0, 0
12600, 10838, 0, 0, 0
12700, 10905, 0, 0, 0
12701, 13343, 1, 0, 0
12800, 8874, 0, 0, 0
12801, 15532, 1, 0, 0
12900, 9941, 0, 0, 0
12902, 14961, 1, 0, 0
13000, 12874, 1, 0, 0
13001, 9634, 0, 0, 0
13100, 13740, 1, 0, 0
13101, 9248, 0, 0, 0
13200, 13149, 1, 0, 0
13200, 9742, 0, 0, 0
13302, 9778, 0, 0, 0
13302, 13934, 1, 0, 0
13401, 7655, 0, 0, 0
13413, 11488, 1, 0, 0
13500, 10297, 0, 0, 0
13502, 13281, 1, 0, 0
13600, 9435, 0, 0, 0
13600, 12978, 1, 0, 0
13700, 10525, 0, 0, 0
13701, 19596, 1, 0, 0
13800, 11605, 0, 0, 0
13800, 14608, 1, 0, 0
13900, 9685, 0, 0, 0
13901, 13366, 1, 0, 0
14000, 12230, 0, 0, 0
14002, 16085, 1, 0, 0
14100, 10627, 0, 0, 0
14100, 12904, 1, 0, 0
14201, 8705, 0, 0, 0
14201, 12884, 1, 0, 0
14300, 9965, 0, 0, 0
14300, 13501, 1, 0, 0
14400, 8952, 0, 0, 0
14401, 13534, 1, 0, 0
14501, 9241, 0, 0, 0
14503, 14871, 1, 0, 0
14600, 9114, 0, 0, 0
14602, 12961, 1, 0, 0
14700, 9572, 0, 0, 0
14700, 13129, 1, 0, 0
14800, 9131, 0, 0, 0
14800, 23841, 1, 0, 0
14900, 9674, 0, 0, 0
14902, 13137, 1, 0, 0
15000, 9690, 0, 0, 0
15001, 13170, 1, 0, 0
15100, 13118, 1, 0, 0
15100, 10298, 0, 0, 0
15200, 13790, 1, 0, 0
15202, 11749, 0, 0, 0
15300, 11461, 0, 0, 0
15301, 14500, 1, 0, 0
15400, 13346, 1, 0, 0
15400, 9432, 0, 0, 0
15500, 11332, 0, 0, 0
15501, 16872, 1, 0, 0
15600, 14248, 1, 0, 0
15600, 8895, 0, 0, 0
15700, 9116, 0, 0, 0
15700, 12962, 1, 0, 0
15800, 9170, 0, 0, 0
15800, 16088, 1, 0, 0
15900, 13424, 1, 0, 0
15900, 11265, 0, 0, 0
16003, 13035, 1, 0, 0
16003, 8956, 0, 0, 0
16101, 8820, 0, 0, 0
16102, 13569, 1, 0, 0
16200, 10510, 0, 0, 0
16202, 15167, 1, 0, 0
16300, 13222, 1, 0, 0
16301, 8844, 0, 0, 0
16400, 13982, 1, 0, 0
16401, 9922, 0, 0, 0
16500, 12672, 1, 0, 0
16500, 9368, 0, 0, 0
16600, 9989, 0, 0, 0
16600, 15460, 1, 0, 0
16700, 10460, 0, 0, 0
16702, 12154, 1, 0, 0
16800, 9782, 0, 0, 0
16801, 13734, 1, 0, 0
16901, 35369, 0, 0, 0
16901, 18609, 1, 0, 0
17000, 9885, 0, 0, 0
17000, 15950, 1, 0, 0
17100, 9452, 0, 0, 0
17102, 13223, 1, 0, 0
17200, 12828, 1, 0, 0
17201, 8842, 0, 0, 0
17300, 8638, 0, 0, 0
17300, 15765, 1, 0, 0
17400, 9225, 0, 0, 0
17400, 13536, 1, 0, 0
17500, 17582, 1, 0, 0
17500, 10804, 0, 0, 0
17600, 9444, 0, 0, 0
17601, 13968, 1, 0, 0
17700, 10799, 0, 0, 0
17700, 13464, 1, 0, 0
17800, 9713, 0, 0, 0
17801, 12334, 1, 0, 0
17900, 13618, 1, 0, 0
17900, 8909, 0, 0, 0
18000, 10350, 0, 0, 0
18001, 12452, 1, 0, 0
18100, 9097, 0, 0, 0
18103, 12216, 1, 0, 0
18200, 9428, 0, 0, 0
18200, 15482, 1, 0, 0
18300, 12905, 1, 0, 0
18301, 9159, 0, 0, 0
18400, 11123, 0, 0, 0
18400, 12914, 1, 0, 0
18500, 12707, 1, 0, 0
18500, 9100, 0, 0, 0
18600, 9834, 0, 0, 0
18601, 13718, 1, 0, 0
18716, 8324, 0, 0, 0
18718, 14631, 1, 0, 0
18800, 13441, 1, 0, 0
18801, 12009, 0, 0, 0
18900, 10306, 0, 0, 0
18902, 13040, 1, 0, 0
19000, 13751, 1, 0, 0
19000, 11452, 0, 0, 0
19100, 9486, 0, 0, 0
19105, 13687, 1, 0, 0
19200, 8946, 0, 0, 0
19201, 17259, 1, 0, 0
19302, 12798, 1, 0, 0
19304, 8993, 0, 0, 0
19400, 9912, 0, 0, 0
19400, 12212, 1, 0, 0
19500, 12569, 1, 0, 0
19500, 9277, 0, 0, 0
19600, 9585, 0, 0, 0
19600, 14912, 1, 0, 0
19700, 11837, 0, 0, 0
19701, 18818, 1, 0, 0
19800, 13925, 1, 0, 0
19801, 10274, 0, 0, 0
19900, 10108, 0, 0, 0
19901, 12510, 1, 0, 0
20000, 8129, 0, 0, 0
20000, 17145, 1, 0, 0
20100, 9836, 0, 0, 0
20101, 12725, 1, 0, 0
20200, 9421, 0, 0, 0
20200, 14634, 1, 0, 0
20300, 13675, 1, 0, 0
20300, 9502, 0, 0, 0
20400, 14047, 1, 0, 0
20402, 10081, 0, 0, 0
20500, 14448, 1, 0, 0
20500, 9414, 0, 0, 0
20600, 9179, 0, 0, 0
20601, 12402, 1, 0, 0
20700, 10289, 0, 0, 0
20703, 19676, 1, 0, 0
20800, 8819, 0, 0, 0
20800, 12979, 1, 0, 0
20900, 9210, 0, 0, 0
20901, 13064, 1, 0, 0
21000, 9702, 0, 0, 0
21003, 13574, 1, 0, 0
21100, 13049, 0, 0, 0
21100, 12561, 1, 0, 0
21200, 9396, 0, 0, 0
21200, 15066, 1, 0, 0
21300, 9149, 0, 0, 0
21301, 13676, 1, 0, 0
21400, 9419, 0, 0, 0
21400, 16805, 1, 0, 0
21500, 12772, 0, 0, 0
21501, 12528, 1, 0, 0
21600, 17659, 1, 0, 0
21600, 11646, 0, 0, 0
21700, 9176, 0, 0, 0
21700, 12740, 1, 0, 0
21800, 9652, 0, 0, 0
21801, 12862, 1, 0, 0
21900, 11602, 0, 0, 0
21901, 15375, 1, 0, 0
22000, 9442, 0, 0, 0
22001, 14940, 1, 0, 0
22100, 11006, 0, 0, 0
22100, 15686, 1, 0, 0
22200, 10622, 0, 0, 0
22201, 13866, 1, 0, 0
22301, 14107, 1, 0, 0
22301, 8871, 0, 0, 0
22400, 14542, 1, 0, 0
22401, 10546, 0, 0, 0
22500, 9170, 0, 0, 0
22502, 15211, 1, 0, 0
22600, 10442, 0, 0, 0
22601, 14275, 1, 0, 0
22700, 9757, 0, 0, 0
22701, 11731, 1, 0, 0
22800, 10938, 0, 0, 0
22802, 12353, 1, 0, 0
22900, 12956, 1, 0, 0
22901, 11190, 0, 0, 0
23000, 9806, 0, 0, 0
23003, 12932, 1, 0, 0
23100, 9455, 0, 0, 0
23102, 13261, 1, 0, 0
23200, 13844, 1, 0, 0
23200, 9746, 0, 0, 0
23300, 10568, 0, 0, 0
23301, 16184, 1, 0, 0
23400, 9239, 0, 0, 0
23402, 12357, 1, 0, 0
23501, 8904, 0, 0, 0
23503, 11955, 1, 0, 0
23610, 9597, 0, 0, 0
23611, 12649, 1, 0, 0
23700, 9555, 0, 0, 0
23702, 14330, 1, 0, 0
23800, 17603, 1, 0, 0
23800, 9072, 0, 0, 0
23900, 9125, 0, 0, 0
23900, 16955, 1, 0, 0
24000, 8906, 0, 0, 0
24001, 13107, 1, 0, 0
24100, 15306, 1, 0, 0
24100, 9779, 0, 0, 0
24200, 28645, 1, 0, 0
24201, 14607, 0, 0, 0
24300, 10680, 0, 0, 0
24301, 13175, 1, 0, 0
24400, 9510, 0, 0, 0
24401, 13287, 1, 0, 0
24500, 16772, 1, 0, 0
24500, 9433, 0, 0, 0
24600, 16265, 1, 0, 0
24600, 11966, 0, 0, 0
24700, 11417, 0, 0, 0
24700, 12533, 1, 0, 0
24800, 9336, 0, 0, 0
24801, 14963, 1, 0, 0
24900, 13481, 1, 0, 0
24901, 9315, 0, 0, 0
25000, 8256, 0, 0, 0
25001, 13751, 1, 0, 0
25100, 12070, 0, 0, 0
25102, 13716, 1, 0, 0
25200, 12837, 1, 0, 0
25200, 9621, 0, 0, 0
25300, 8405, 0, 0, 0
25302, 16560, 1, 0, 0
25400, 9373, 0, 0, 0
25401, 13012, 1, 0, 0
25500, 10240, 0, 0, 0
25501, 12640, 1, 0, 0
25600, 16465, 1, 0, 0
25600, 9678, 0, 0, 0
25700, 9403, 0, 0, 0
25703, 14074, 1, 0, 0
25800, 8440, 0, 0, 0
25800, 12322, 1, 0, 0
25900, 10279, 0, 0, 0
25900, 16266, 1, 0, 0
26000, 11306, 0, 0, 0
26005, 16374, 1, 0, 0
26101, 22363, 1, 0, 0
26103, 8420, 0, 0, 0
26200, 10157, 0, 0, 0
26201, 16728, 1, 0, 0
26300, 9310, 0, 0, 0
26300, 19728, 1, 0, 0
26400, 12863, 1, 0, 0
26400, 11062, 0, 0, 0
26501, 8792, 0, 0, 0
26502, 13857, 1, 0, 0
26600, 15581, 1, 0, 0
26600, 11512, 0, 0, 0
26700, 10231, 0, 0, 0
26701, 14551, 1, 0, 0
26802, 9362, 0, 0, 0
26802, 12498, 1, 0, 0
26900, 9360, 0, 0, 0
26900, 12879, 1, 0, 0
27000, 9803, 0, 0, 0
27000, 12778, 1, 0, 0
27100, 15032, 1, 0, 0
27101, 10880, 0, 0, 0
27200, 12485, 0, 0, 0
27200, 14299, 1, 0, 0
27300, 13596, 1, 0, 0
27302, 11043, 0, 0, 0
27400, 13303, 1, 0, 0
27400, 9829, 0, 0, 0
27500, 13938, 1, 0, 0
27500, 9388, 0, 0, 0
27600, 11652, 0, 0, 0
27601, 47368, 1, 0, 0
27700, 12903, 1, 0, 0
27701, 10809, 0, 0, 0
27800, 13879, 1, 0, 0
27804, 11759, 0, 0, 0
27900, 12628, 1, 0, 0
27900, 15233, 0, 0, 0
28000, 8698, 0, 0, 0
28002, 20379, 1, 0, 0
28100, 10941, 0, 0, 0
28101, 13152, 1, 0, 0
28200, 10738, 0, 0, 0
28201, 13537, 1, 0, 0
28300, 9656, 0, 0, 0
28301, 12404, 1, 0, 0
28400, 14279, 1, 0, 0
28401, 8700, 0, 0, 0
28500, 13574, 1, 0, 0
28500, 9543, 0, 0, 0
28600, 14676, 1, 0, 0
28600, 9729, 0, 0, 0
28700, 9226, 0, 0, 0
28701, 12818, 1, 0, 0
28800, 14223, 1, 0, 0
28800, 11386, 0, 0, 0
28901, 9144, 0, 0, 0
28901, 14227, 1, 0, 0
29000, 12165, 0, 0, 0
29000, 13305, 1, 0, 0
29100, 17520, 1, 0, 0
29100, 11985, 0, 0, 0
29200, 9105, 0, 0, 0
29201, 12157, 1, 0, 0
29300, 10988, 0, 0, 0
29300, 12645, 1, 0, 0
29400, 11804, 0, 0, 0
29401, 15678, 1, 0, 0
29500, 38061, 0, 0, 0
29501, 12270, 1, 0, 0
29600, 9063, 0, 0, 0
29602, 14495, 1, 0, 0
29700, 15758, 1, 0, 0
29700, 10507, 0, 0, 0
29800, 9301, 0, 0, 0
29801, 16957, 1, 0, 0
29900, 10439, 0, 0, 0
29904, 17089, 1, 0, 0
30000, 22280, 1, 0, 0
30000, 9362, 0, 0, 0
30100, 9221, 0, 0, 0
30100, 13101, 1, 0, 0
30206, 9693, 0, 0, 0
30207, 13803, 1, 0, 0
30300, 8721, 0, 0, 0
30300, 13293, 1, 0, 0
30400, 10777, 0, 0, 0
30401, 14375, 1, 0, 0
30500, 13130, 1, 0, 0
30502, 9723, 0, 0, 0
30600, 10753, 0, 0, 0
30601, 13149, 1, 0, 0
30700, 10797, 0, 0, 0
30702, 13059, 1, 0, 0
30807, 8568, 0, 0, 0
30808, 11863, 1, 0, 0
30900, 13984, 1, 0, 0
30901, 10932, 0, 0, 0
31000, 9577, 0, 0, 0
31003, 13703, 1, 0, 0
31100, 11421, 0, 0, 0
31101, 13801, 1, 0, 0
31200, 8970, 0, 0, 0
31201, 13483, 1, 0, 0
31300, 12497, 1, 0, 0
31300, 9148, 0, 0, 0
31400, 9386, 0, 0, 0
31402, 13756, 1, 0, 0
31500, 15217, 1, 0, 0
31500, 9442, 0, 0, 0
31600, 8980, 0, 0, 0
31601, 64146, 1, 0, 0
31700, 10421, 0, 0, 0
31701, 13373, 1, 0, 0
31800, 8860, 0, 0, 0
31801, 13052, 1, 0, 0
31900, 12478, 1, 0, 0
31901, 8549, 0, 0, 0
32000, 18817, 0, 0, 0
32000, 13669, 1, 0, 0
32100, 11452, 0, 0, 0
32103, 12794, 1, 0, 0
32200, 9068, 0, 0, 0
32200, 14108, 1, 0, 0
32300, 10778, 0, 0, 0
32301, 13509, 1, 0, 0
32400, 9348, 0, 0, 0
32401, 12683, 1, 0, 0
32500, 10550, 0, 0, 0
32501, 13349, 1, 0, 0
32600, 8821, 0, 0, 0
32601, 13133, 1, 0, 0
32700, 9671, 0, 0, 0
32701, 13084, 1, 0, 0
32800, 9384, 0, 0, 0
32801, 12507, 1, 0, 0
32900, 11443, 0, 0, 0
32900, 15726, 1, 0, 0
33000, 9433, 0, 0, 0
33002, 15288, 1, 0, 0
33100, 9990, 0, 0, 0
33100, 12656, 1, 0, 0
33200, 9771, 0, 0, 0
33202, 13217, 1, 0, 0
33300, 8870, 0, 0, 0
33302, 13195, 1, 0, 0
33400, 9184, 0, 0, 0
33400, 13612, 1, 0, 0
33500, 8934, 0, 0, 0
33501, 12710, 1, 0, 0
33602, 14283, 1, 0, 0
33602, 10611, 0, 0, 0
33700, 8499, 0, 0, 0
33700, 13052, 1, 0, 0
33800, 13060, 1, 0, 0
33802, 10108, 0, 0, 0
33900, 9800, 0, 0, 0
33901, 13990, 1, 0, 0
34000, 12874, 1, 0, 0
34001, 9207, 0, 0, 0
34100, 9200, 0, 0, 0
34101, 12894, 1, 0, 0
34201, 12818, 0, 0, 0
34201, 13953, 1, 0, 0
34300, 9582, 0, 0, 0
34300, 14380, 1, 0, 0
34400, 15083, 1, 0, 0
34401, 9228, 0, 0, 0
34500, 8129, 0, 0, 0
34501, 13645, 1, 0, 0
34600, 9824, 0, 0, 0
34600, 12911, 1, 0, 0
34700, 9104, 0, 0, 0
34700, 12345, 1, 0, 0
34800, 9002, 0, 0, 0
34801, 13937, 1, 0, 0
34900, 9212, 0, 0, 0
34901, 13935, 1, 0, 0
35001, 8763, 0, 0, 0
35002, 13403, 1, 0, 0
35100, 15638, 1, 0, 0
35102, 9748, 0, 0, 0
35200, 8572, 0, 0, 0
35200, 13809, 1, 0, 0
35300, 12491, 1, 0, 0
35304, 12639, 0, 0, 0
35400, 17056, 1, 0, 0
35401, 9042, 0, 0, 0
35500, 12495, 1, 0, 0
35501, 10424, 0, 0, 0
35600, 13652, 0, 0, 0
35600, 13518, 1, 0, 0
35700, 9477, 0, 0, 0
35700, 13200, 1, 0, 0
35800, 8711, 0, 0, 0
35800, 11887, 1, 0, 0
35900, 10988, 0, 0, 0
35900, 13101, 1, 0, 0
36000, 9521, 0, 0, 0
36002, 14403, 1, 0, 0
36100, 12538, 0, 0, 0
36100, 13321, 1, 0, 0
36200, 9826, 0, 0, 0
36201, 16105, 1, 0, 0
36303, 12796, 1, 0, 0
36303, 8213, 0, 0, 0
36400, 21854, 0, 0, 0
36402, 13920, 1, 0, 0
36500, 9445, 0, 0, 0
36500, 17045, 1, 0, 0
36600, 9276, 0, 0, 0
36600, 14750, 1, 0, 0
36700, 9471, 0, 0, 0
36700, 12761, 1, 0, 0
36800, 10349, 0, 0, 0
36805, 13780, 1, 0, 0
36900, 9692, 0, 0, 0
36900, 13709, 1, 0, 0
37000, 10430, 0, 0, 0
37001, 13485, 1, 0, 0
37100, 8611, 0, 0, 0
37100, 16007, 1, 0, 0
37200, 9192, 0, 0, 0
37200, 13920, 1, 0, 0
37300, 9641, 0, 0, 0
37300, 13059, 1, 0, 0
37400, 14607, 1, 0, 0
37400, 10636, 0, 0, 0
37500, 9831, 0, 0, 0
37500, 14242, 1, 0, 0
37600, 14933, 1, 0, 0
37600, 10529, 0, 0, 0
37700, 15665, 1, 0, 0
37700, 9807, 0, 0, 0
37800, 9874, 0, 0, 0
37800, 14209, 1, 0, 0
37900, 9637, 0, 0, 0
37900, 14690, 1, 0, 0
38000, 9512, 0, 0, 0
38000, 13080, 1, 0, 0
38100, 9900, 0, 0, 0
38103, 13884, 1, 0, 0
38200, 8769, 0, 0, 0
38201, 12807, 1, 0, 0
38300, 13905, 1, 0, 0
38300, 8648, 0, 0, 0
38400, 11306, 0, 0, 0
38400, 12944, 1, 0, 0
38500, 15038, 1, 0, 0
38500, 14026, 0, 0, 0
38600, 9019, 0, 0, 0
38601, 13931, 1, 0, 0
38700, 9442, 0, 0, 0
38702, 13218, 1, 0, 0
38800, 12632, 1, 0, 0
38801, 9532, 0, 0, 0
38901, 9856, 0, 0, 0
38901, 13138, 1, 0, 0
39000, 9707, 0, 0, 0
39000, 13969, 1, 0, 0
39100, 10065, 0, 0, 0
39102, 17314, 1, 0, 0
39200, 9178, 0, 0, 0
39201, 13195, 1, 0, 0
39300, 8308, 0, 0, 0
39301, 11771, 1, 0, 0
39400, 10408, 0, 0, 0
39402, 13411, 1, 0, 0
39500, 13683, 1, 0, 0
39500, 8910, 0, 0, 0
39600, 9380, 0, 0, 0
39601, 13945, 1, 0, 0
39701, 9537, 0, 0, 0
39702, 13897, 1, 0, 0
39800, 13235, 1, 0, 0
39803, 10613, 0, 0, 0
39900, 10321, 0, 0, 0
39901, 12570, 1, 0, 0
40000, 8466, 0, 0, 0
40001, 12554, 1, 0, 0
40100, 9498, 0, 0, 0
40100, 13068, 1, 0, 0
40234, 8569, 0, 0, 0
40234, 12471, 1, 0, 0
40300, 9757, 1, 0, 0
40300, 5234, 0, 0, 0
40400, 9603, 0, 0, 0
40401, 13247, 1, 0, 0
40500, 8651, 0, 0, 0
40501, 13184, 1, 0, 0
40600, 9351, 0, 0, 0
40600, 12554, 1, 0, 0
40700, 10731, 0, 0, 0
40700, 13809, 1, 0, 0
40800, 10016, 0, 0, 0
40802, 15994, 1, 0, 0
40900, 9626, 0, 0, 0
40900, 13736, 1, 0, 0
41000, 9537, 0, 0, 0
41000, 13140, 1, 0, 0
41100, 12240, 1, 0, 0
41100, 9156, 0, 0, 0
41200, 12574, 1, 0, 0
41201, 8913, 0, 0, 0
41300, 13541, 1, 0, 0
41302, 9169, 0, 0, 0
41400, 14117, 1, 0, 0
41403, 9385, 0, 0, 0
41500, 10075, 0, 0, 0
41502, 14989, 1, 0, 0
41600, 8999, 0, 0, 0
41602, 14584, 1, 0, 0
41700, 14517, 1, 0, 0
41700, 11644, 0, 0, 0
41800, 13006, 1, 0, 0
41800, 9051, 0, 0, 0
41900, 10765, 0, 0, 0
41900, 13803, 1, 0, 0
42000, 27017, 1, 0, 0
42000, 9900, 0, 0, 0
42100, 10007, 0, 0, 0
42100, 12997, 1, 0, 0
42200, 8265, 0, 0, 0
42200, 12629, 1, 0, 0
42300, 9962, 0, 0, 0
42301, 12959, 1, 0, 0
42400, 19168, 1, 0, 0
42400, 10784, 0, 0, 0
42500, 9072, 0, 0, 0
42500, 13751, 1, 0, 0
42600, 13555, 1, 0, 0
42603, 11934, 0, 0, 0
42700, 13452, 1, 0, 0
42702, 10075, 0, 0, 0
42800, 18981, 1, 0, 0
42800, 9563, 0, 0, 0
42900, 13948, 1, 0, 0
42900, 13115, 0, 0, 0
43000, 9464, 0, 0, 0
43000, 16129, 1, 0, 0
43100, 13164, 0, 0, 0
43101, 13085, 1, 0, 0
43200, 13918, 1, 0, 0
43200, 9980, 0, 0, 0
43300, 11693, 0, 0, 0
43300, 14396, 1, 0, 0
43400, 9502, 0, 0, 0
43401, 13566, 1, 0, 0
43500, 14029, 1, 0, 0
43500, 9729, 0, 0, 0
43600, 9919, 0, 0, 0
43601, 15280, 1, 0, 0
43700, 10037, 0, 0, 0
43700, 12750, 1, 0, 0
43800, 13671, 1, 0, 0
43800, 9788, 0, 0, 0
43900, 10039, 0, 0, 0
43901, 15648, 1, 0, 0
44000, 13695, 1, 0, 0
44001, 11762, 0, 0, 0
44100, 13601, 1, 0, 0
44102, 10186, 0, 0, 0
44200, 13152, 0, 0, 0
44201, 17826, 1, 0, 0
44300, 13203, 1, 0, 0
44300, 10123, 0, 0, 0
44400, 9369, 0, 0, 0
44402, 14241, 1, 0, 0
44500, 13162, 1, 0, 0
44501, 9518, 0, 0, 0
44600, 20122, 1, 0, 0
44600, 9672, 0, 0, 0
44700, 8811, 0, 0, 0
44701, 13697, 1, 0, 0
44800, 13545, 1, 0, 0
44801, 8996, 0, 0, 0
44900, 9279, 0, 0, 0
44900, 14894, 1, 0, 0
45000, 12956, 1, 0, 0
45000, 10062, 0, 0, 0
45100, 13453, 1, 0, 0
45101, 9082, 0, 0, 0
45200, 9042, 0, 0, 0
45201, 12444, 1, 0, 0
45303, 21014, 1, 0, 0
45308, 8488, 0, 0, 0
45407, 6918, 0, 0, 0
45442, 14829, 1, 0, 0
45500, 8020, 0, 0, 0
45500, 12246, 1, 0, 0
45600, 9143, 0, 0, 0
45600, 12931, 1, 0, 0
45700, 9238, 0, 0, 0
45701, 13397, 1, 0, 0
45800, 8038, 0, 0, 0
45800, 11662, 1, 0, 0
45900, 8570, 0, 0, 0
45901, 17886, 1, 0, 0
46000, 8712, 0, 0, 0
46002, 12260, 1, 0, 0
46100, 11005, 0, 0, 0
46101, 13148, 1, 0, 0
46200, 9775, 0, 0, 0
46201, 13940, 1, 0, 0
46300, 13991, 1, 0, 0
46300, 10582, 0, 0, 0
46400, 9338, 0, 0, 0
46400, 12980, 1, 0, 0
46500, 12738, 1, 0, 0
46500, 10369, 0, 0, 0
46600, 13114, 0, 0, 0
46600, 12690, 1, 0, 0
46700, 9403, 0, 0, 0
46700, 14372, 1, 0, 0
46800, 8653, 0, 0, 0
46801, 12276, 1, 0, 0
46900, 9595, 0, 0, 0
46901, 13730, 1, 0, 0
47000, 9242, 0, 0, 0
47002, 14988, 1, 0, 0
47100, 10409, 0, 0, 0
47100, 12118, 1, 0, 0
47200, 10188, 0, 0, 0
47200, 14096, 1, 0, 0
47300, 12392, 0, 0, 0
47301, 13055, 1, 0, 0
47400, 12582, 1, 0, 0
47400, 9456, 0, 0, 0
47500, 10074, 0, 0, 0
47501, 12889, 1, 0, 0
47600, 12408, 1, 0, 0
47601, 9277, 0, 0, 0
47700, 13501, 1, 0, 0
47700, 9178, 0, 0, 0
47800, 9984, 0, 0, 0
47801, 14004, 1, 0, 0
47900, 8696, 0, 0, 0
47900, 18056, 1, 0, 0
48000, 9642, 0, 0, 0
48004, 16558, 1, 0, 0
48100, 11288, 0, 0, 0
48101, 13082, 1, 0, 0
48200, 9672, 0, 0, 0
48200, 12735, 1, 0, 0
48300, 13489, 1, 0, 0
48300, 13521, 0, 0, 0
48400, 10128, 0, 0, 0
48402, 15267, 1, 0, 0
48500, 10614, 0, 0, 0
48502, 19797, 1, 0, 0
48600, 10443, 0, 0, 0
48602, 12943, 1, 0, 0
48701, 9584, 0, 0, 0
48701, 12111, 1, 0, 0
48800, 8880, 0, 0, 0
48800, 12587, 1, 0, 0
48900, 11649, 0, 0, 0
48902, 13917, 1, 0, 0
49000, 9142, 0, 0, 0
49001, 13276, 1, 0, 0
49100, 13449, 1, 0, 0
49101, 8792, 0, 0, 0
49200, 10029, 0, 0, 0
49200, 15215, 1, 0, 0
49300, 9138, 0, 0, 0
49301, 13860, 1, 0, 0
49400, 12445, 0, 0, 0
49400, 13734, 1, 0, 0
49500, 10608, 0, 0, 0
49501, 12478, 1, 0, 0
49600, 8887, 0, 0, 0
49602, 13316, 1, 0, 0
49700, 12816, 1, 0, 0
49700, 9156, 0, 0, 0
49800, 9872, 0, 0, 0
49800, 15038, 1, 0, 0
49900, 9920, 0, 0, 0
49900, 14492, 1, 0, 0
50000, 11444, 0, 0, 0
50001, 13202, 1, 0, 0
50100, 12166, 0, 0, 0
50103, 13979, 1, 0, 0
50200, 8993, 0, 0, 0
50200, 12319, 1, 0, 0
50357, 12536, 1, 0, 0
50358, 9701, 0, 0, 0
50455, 12752, 1, 0, 0
50508, 8179, 0, 0, 0
50510, 13699, 1, 0, 0
50600, 10369, 0, 0, 0
50601, 11228, 1, 0, 0
50700, 13228, 1, 0, 0
50701, 9331, 0, 0, 0
50800, 12954, 1, 0, 0
50801, 10888, 0, 0, 0
50900, 8731, 0, 0, 0
50901, 17079, 1, 0, 0
51000, 8735, 0, 0, 0
51003, 12775, 1, 0, 0
51100, 14008, 1, 0, 0
51100, 8626, 0, 0, 0
51200, 9305, 0, 0, 0
51200, 14134, 1, 0, 0
51300, 11788, 0, 0, 0
51304, 13382, 1, 0, 0
51400, 22398, 1, 0, 0
51400, 11299, 0, 0, 0
51500, 15116, 1, 0, 0
51500, 9625, 0, 0, 0
51600, 10966, 0, 0, 0
51601, 12734, 1, 0, 0
51700, 10902, 0, 0, 0
51701, 12651, 1, 0, 0
51800, 10535, 1, 0, 0
51800, 8462, 0, 0, 0
51900, 12282, 1, 0, 0
51900, 9675, 0, 0, 0
52000, 9548, 0, 0, 0
52002, 15535, 1, 0, 0
52100, 10389, 0, 0, 0
52102, 12348, 1, 0, 0
52200, 12335, 1, 0, 0
52200, 9398, 0, 0, 0
52300, 8293, 0, 0, 0
52300, 12768, 1, 0, 0
52400, 12323, 1, 0, 0
52400, 8899, 0, 0, 0
52500, 15502, 1, 0, 0
52500, 12285, 0, 0, 0
52600, 8840, 0, 0, 0
52603, 13733, 1, 0, 0
52700, 8797, 0, 0, 0
52700, 12264, 1, 0, 0
52800, 10611, 0, 0, 0
52801, 13020, 1, 0, 0
52900, 9271, 0, 0, 0
52901, 13967, 1, 0, 0
53001, 13043, 1, 0, 0
53001, 9258, 0, 0, 0
53100, 8589, 0, 0, 0
53101, 11821, 1, 0, 0
53200, 9768, 0, 0, 0
53200, 13849, 1, 0, 0
53300, 9701, 0, 0, 0
53301, 15332, 1, 0, 0
53400, 10085, 0, 0, 0
53400, 15966, 1, 0, 0
53500, 18312, 1, 0, 0
53500, 9262, 0, 0, 0
53600, 12831, 1, 0, 0
53600, 9038, 0, 0, 0
53701, 14063, 1, 0, 0
53701, 13330, 0, 0, 0
53800, 8786, 0, 0, 0
53804, 12742, 1, 0, 0
53900, 9273, 0, 0, 0
53900, 13583, 1, 0, 0
54000, 9164, 0, 0, 0
54001, 13627, 1, 0, 0
54100, 11067, 0, 0, 0
54100, 12928, 1, 0, 0
54200, 10104, 0, 0, 0
54203, 15408, 1, 0, 0
54300, 12935, 1, 0, 0
54300, 9968, 0, 0, 0
54400, 9884, 0, 0, 0
54401, 13705, 1, 0, 0
54500, 9938, 0, 0, 0
54501, 13416, 1, 0, 0
54600, 12555, 1, 0, 0
54601, 10267, 0, 0, 0
54700, 9054, 0, 0, 0
54700, 11746, 1, 0, 0
54800, 9980, 0, 0, 0
54800, 13071, 1, 0, 0
54900, 10522, 0, 0, 0
54901, 15940, 1, 0, 0
55000, 9758, 0, 0, 0
55000, 13387, 1, 0, 0
55100, 11954, 0, 0, 0
55103, 14106, 1, 0, 0
55200, 12755, 1, 0, 0
55200, 9528, 0, 0, 0
55300, 12164, 1, 0, 0
55310, 9860, 0, 0, 0
55400, 13400, 1, 0, 0
55400, 8737, 0, 0, 0
55500, 13570, 1, 0, 0
55500, 9326, 0, 0, 0
55600, 9110, 0, 0, 0
55600, 12580, 1, 0, 0
55700, 13465, 1, 0, 0
55700, 10005, 0, 0, 0
55838, 8977, 0, 0, 0
55845, 13535, 1, 0, 0
55900, 7309, 0, 0, 0
55902, 12631, 1, 0, 0
56000, 8970, 0, 0, 0
56000, 14003, 1, 0, 0
56101, 10700, 0, 0, 0
56101, 13688, 1, 0, 0
56201, 9298, 0, 0, 0
56203, 17484, 1, 0, 0
56300, 9314, 0, 0, 0
56300, 13533, 1, 0, 0
56400, 10671, 0, 0, 0
56403, 13303, 1, 0, 0
56500, 8863, 0, 0, 0
56500, 13830, 1, 0, 0
56600, 8561, 0, 0, 0
56601, 12668, 1, 0, 0
56700, 9207, 0, 0, 0
56702, 13496, 1, 0, 0
56800, 20164, 1, 0, 0
56801, 12004, 0, 0, 0
56914, 10855, 0, 0, 0
56915, 12439, 1, 0, 0
57000, 14276, 1, 0, 0
57000, 9513, 0, 0, 0
57100, 9653, 0, 0, 0
57101, 13451, 1, 0, 0
57200, 9888, 0, 0, 0
57201, 13476, 1, 0, 0
57300, 13795, 1, 0, 0
57300, 9640, 0, 0, 0
57400, 14291, 1, 0, 0
57401, 9301, 0, 0, 0
57500, 10238, 0, 0, 0
57501, 13926, 1, 0, 0
57601, 9157, 0, 0, 0
57601, 14860, 1, 0, 0
57700, 12357, 0, 0, 0
57703, 13703, 1, 0, 0
57800, 8978, 0, 0, 0
57800, 14057, 1, 0, 0
57900, 9742, 0, 0, 0
57901, 13361, 1, 0, 0
58001, 12636, 1, 0, 0
58002, 10914, 0, 0, 0
58100, 8730, 0, 0, 0
58101, 20088, 1, 0, 0
58201, 13563, 1, 0, 0
58201, 9100, 0, 0, 0
58300, 8724, 0, 0, 0
58301, 12841, 1, 0, 0
58400, 13997, 1, 0, 0
58400, 10234, 0, 0, 0
58500, 12970, 1, 0, 0
58500, 8895, 0, 0, 0
58600, 10717, 0, 0, 0
58600, 12376, 1, 0, 0
58700, 8620, 0, 0, 0
58701, 12067, 1, 0, 0
58800, 9160, 0, 0, 0
58801, 12951, 1, 0, 0
58900, 9013, 0, 0, 0
58902, 15234, 1, 0, 0
59000, 9040, 0, 0, 0
59001, 13517, 1, 0, 0
59100, 9394, 0, 0, 0
59102, 13209, 1, 0, 0
59200, 9086, 0, 0, 0
59200, 13012, 1, 0, 0
59302, 10911, 0, 0, 0
59325, 13229, 1, 0, 0
59400, 12965, 1, 0, 0
59400, 8828, 0, 0, 0
59500, 13526, 1, 0, 0
59500, 9434, 0, 0, 0
59600, 9673, 0, 0, 0
59602, 21270, 1, 0, 0
59702, 13732, 1, 0, 0
59703, 9662, 0, 0, 0
59800, 10461, 0, 0, 0
59801, 13777, 1, 0, 0
59900, 10169, 0, 0, 0
59903, 12140, 1, 0, 0
60000, 12340, 1, 0, 0
60000, 15128, 0, 0, 0
60100, 9084, 0, 0, 0
60101, 13069, 1, 0, 0
60200, 10201, 0, 0, 0
60200, 13424, 1, 0, 0
60300, 11426, 0, 0, 0
60301, 14829, 1, 0, 0
60400, 8384, 0, 0, 0
60498, 12536, 1, 0, 0
60500, 7325, 0, 0, 0
60549, 15150, 1, 0, 0
60670, 7813, 0, 0, 0
60672, 13319, 1, 0, 0
60700, 6943, 0, 0, 0
60700, 12432, 1, 0, 0
60800, 9217, 0, 0, 0
60801, 12814, 1, 0, 0
60900, 8628, 0, 0, 0
60900, 12157, 1, 0, 0
61000, 9284, 0, 0, 0
61002, 11749, 1, 0, 0
61100, 9100, 0, 0, 0
61103, 12750, 1, 0, 0
61200, 12869, 1, 0, 0
61200, 9529, 0, 0, 0
61300, 10833, 0, 0, 0
61301, 14154, 1, 0, 0
61400, 10833, 0, 0, 0
61401, 13493, 1, 0, 0
61500, 13246, 1, 0, 0
61501, 10586, 0, 0, 0
61600, 12484, 1, 0, 0
61600, 8988, 0, 0, 0
61700, 12731, 1, 0, 0
61701, 10803, 0, 0, 0
61800, 13672, 1, 0, 0
61800, 11640, 0, 0, 0
61900, 10332, 0, 0, 0
61901, 20019, 1, 0, 0
62000, 9777, 0, 0, 0
62000, 14528, 1, 0, 0
62100, 12785, 1, 0, 0
62100, 9971, 0, 0, 0
62200, 10008, 0, 0, 0
62201, 12613, 1, 0, 0
62300, 13448, 1, 0, 0
62300, 9597, 0, 0, 0
62400, 10570, 0, 0, 0
62403, 14325, 1, 0, 0
62500, 12610, 1, 0, 0
62500, 10991, 0, 0, 0
62600, 8988, 0, 0, 0
62601, 13464, 1, 0, 0
62700, 9085, 0, 0, 0
62701, 17030, 1, 0, 0
62800, 13618, 1, 0, 0
62801, 8532, 0, 0, 0
62900, 14489, 1, 0, 0
62900, 8935, 0, 0, 0
63000, 12162, 1, 0, 0
63000, 10227, 0, 0, 0
63101, 9826, 0, 0, 0
63103, 12547, 1, 0, 0
63200, 13986, 1, 0, 0
63201, 9307, 0, 0, 0
63300, 9677, 0, 0, 0
63300, 13142, 1, 0, 0
63400, 9056, 0, 0, 0
63400, 13327, 1, 0, 0
63500, 11546, 0, 0, 0
63500, 19485, 1, 0, 0
63600, 14457, 1, 0, 0
63600, 10475, 0, 0, 0
63700, 14400, 1, 0, 0
63701, 8961, 0, 0, 0
63800, 13423, 1, 0, 0
63800, 9800, 0, 0, 0
63900, 14448, 1, 0, 0
63903, 9211, 0, 0, 0
64000, 9161, 0, 0, 0
64002, 20469, 1, 0, 0
64100, 8917, 0, 0, 0
64101, 14430, 1, 0, 0
64201, 9629, 0, 0, 0
64201, 12778, 1, 0, 0
64300, 10112, 0, 0, 0
64300, 12958, 1, 0, 0
64411, 9295, 0, 0, 0
64413, 12615, 1, 0, 0
64500, 8933, 0, 0, 0
64502, 14261, 1, 0, 0
64600, 9023, 0, 0, 0
64601, 12738, 1, 0, 0
64701, 12685, 1, 0, 0
64738, 9661, 0, 0, 0
64800, 12294, 1, 0, 0
64800, 10096, 0, 0, 0
64900, 9839, 0, 0, 0
64901, 13866, 1, 0, 0
65000, 10598, 0, 0, 0
65000, 14285, 1, 0, 0
65100, 13730, 0, 0, 0
65102, 14243, 1, 0, 0
65201, 10211, 0, 0, 0
65201, 12746, 1, 0, 0
65300, 15581, 1, 0, 0
65300, 10962, 0, 0, 0
65444, 13472, 1, 0, 0
65445, 10516, 0, 0, 0
65514, 12300, 1, 0, 0
65527, 11963, 0, 0, 0
65645, 10602, 0, 0, 0
65645, 16027, 1, 0, 0
65700, 11293, 1, 0, 0
65701, 7550, 0, 0, 0
65800, 13735, 1, 0, 0
65801, 9826, 0, 0, 0
65900, 9278, 0, 0, 0
65901, 12375, 1, 0, 0
66000, 12069, 1, 0, 0
66000, 9011, 0, 0, 0
66100, 10308, 0, 0, 0
66101, 12363, 1, 0, 0
66200, 9579, 0, 0, 0
66201, 13440, 1, 0, 0
66300, 8779, 0, 0, 0
66300, 16752, 1, 0, 0
66400, 13285, 1, 0, 0
66400, 10861, 0, 0, 0
66500, 12906, 0, 0, 0
66500, 13025, 1, 0, 0
66600, 9707, 0, 0, 0
66600, 14501, 1, 0, 0
66700, 13151, 1, 0, 0
66700, 11789, 0, 0, 0
66800, 14097, 1, 0, 0
66800, 11576, 0, 0, 0
66900, 9007, 0, 0, 0
66900, 13463, 1, 0, 0
67000, 10739, 0, 0, 0
67002, 16756, 1, 0, 0
67100, 9870, 0, 0, 0
67101, 21333, 1, 0, 0
67200, 12240, 0, 0, 0
67200, 13839, 1, 0, 0
67300, 9010, 0, 0, 0
67302, 13369, 1, 0, 0
67400, 7927, 0, 0, 0
67401, 13214, 1, 0, 0
67500, 9578, 0, 0, 0
67500, 14431, 1, 0, 0
67600, 9271, 0, 0, 0
67600, 13352, 1, 0, 0
67700, 12076, 1, 0, 0
67703, 10101, 0, 0, 0
67800, 15724, 1, 0, 0
67801, 9003, 0, 0, 0
67900, 9604, 0, 0, 0
67901, 13108, 1, 0, 0
68000, 13594, 1, 0, 0
68000, 10771, 0, 0, 0
68100, 13504, 1, 0, 0
68100, 9683, 0, 0, 0
68200, 9012, 0, 0, 0
68200, 15579, 1, 0, 0
68300, 9583, 0, 0, 0
68301, 13149, 1, 0, 0
68400, 8210, 0, 0, 0
68401, 12789, 1, 0, 0
68500, 14524, 1, 0, 0
68501, 9246, 0, 0, 0
68600, 10317, 0, 0, 0
68601, 16878, 1, 0, 0
68700, 11570, 0, 0, 0
68701, 13199, 1, 0, 0
68809, 9399, 0, 0, 0
68809, 14939, 1, 0, 0
68901, 9032, 0, 0, 0
68901, 12573, 1, 0, 0
69011, 9744, 0, 0, 0
69012, 12894, 1, 0, 0
69100, 9654, 0, 0, 0
69102, 13586, 1, 0, 0
69200, 9653, 0, 0, 0
69202, 15379, 1, 0, 0
69300, 10827, 0, 0, 0
69300, 12974, 1, 0, 0
69400, 8913, 0, 0, 0
69403, 14971, 1, 0, 0
69500, 9931, 0, 0, 0
69500, 13635, 1, 0, 0
69600, 11872, 1, 0, 0
69601, 9034, 0, 0, 0
69700, 8909, 0, 0, 0
69700, 12725, 1, 0, 0
69800, 13215, 1, 0, 0
69801, 10087, 0, 0, 0
69900, 9788, 0, 0, 0
69901, 14743, 1, 0, 0
70000, 9401, 0, 0, 0
70001, 12586, 1, 0, 0
70100, 10192, 0, 0, 0
70100, 14876, 1, 0, 0
70200, 14052, 1, 0, 0
70200, 10226, 0, 0, 0
70300, 9699, 0, 0, 0
70301, 12398, 1, 0, 0
70410, 8964, 0, 0, 0
70424, 17665, 1, 0, 0
70500, 11626, 1, 0, 0
70501, 7769, 0, 0, 0
70600, 11146, 0, 0, 0
70600, 13659, 1, 0, 0
70700, 12105, 0, 0, 0
70700, 14233, 1, 0, 0
70801, 21441, 1, 0, 0
70801, 11632, 0, 0, 0
70900, 9867, 0, 0, 0
70900, 13195, 1, 0, 0
71043, 14041, 1, 0, 0
71044, 9481, 0, 0, 0
71100, 10243, 0, 0, 0
71100, 14060, 1, 0, 0
71200, 9637, 0, 0, 0
71200, 15966, 1, 0, 0
71300, 9288, 0, 0, 0
71300, 12871, 1, 0, 0
71400, 9043, 0, 0, 0
71400, 12262, 1, 0, 0
71500, 10586, 0, 0, 0
71500, 12511, 1, 0, 0
71600, 13438, 1, 0, 0
71600, 8438, 0, 0, 0
71700, 8090, 0, 0, 0
71701, 13567, 1, 0, 0
71800, 9464, 0, 0, 0
71800, 12627, 1, 0, 0
71900, 9109, 0, 0, 0
71902, 13409, 1, 0, 0
72000, 10749, 0, 0, 0
72001, 15179, 1, 0, 0
72100, 13369, 1, 0, 0
72101, 8722, 0, 0, 0
72200, 9694, 0, 0, 0
72200, 13672, 1, 0, 0
72300, 10222, 0, 0, 0
72301, 13788, 1, 0, 0
72400, 13091, 1, 0, 0
72401, 9421, 0, 0, 0
72500, 9751, 0, 0, 0
72501, 12792, 1, 0, 0
72600, 13765, 1, 0, 0
72600, 10410, 0, 0, 0
72700, 10345, 0, 0, 0
72701, 12579, 1, 0, 0
72800, 10947, 0, 0, 0
72800, 13319, 1, 0, 0
72900, 10073, 0, 0, 0
72901, 13502, 1, 0, 0
73000, 9786, 0, 0, 0
73000, 12644, 1, 0, 0
73100, 11299, 0, 0, 0
73100, 12918, 1, 0, 0
73200, 8819, 0, 0, 0
73201, 17204, 1, 0, 0
73300, 12573, 1, 0, 0
73300, 9844, 0, 0, 0
73400, 8773, 0, 0, 0
73400, 13218, 1, 0, 0
73500, 11883, 0, 0, 0
73501, 14282, 1, 0, 0
73600, 20000, 1, 0, 0
73600, 9227, 0, 0, 0
73700, 8347, 0, 0, 0
73700, 12555, 1, 0, 0
73800, 10333, 0, 0, 0
73801, 12660, 1, 0, 0
73920, 11341, 0, 0, 0
73922, 12436, 1, 0, 0
74000, 8874, 0, 0, 0
74000, 13191, 1, 0, 0
74100, 12634, 1, 0, 0
74100, 10227, 0, 0, 0
74200, 9887, 0, 0, 0
74201, 14702, 1, 0, 0
74300, 9988, 0, 0, 0
74303, 15613, 1, 0, 0
74400, 15238, 0, 0, 0
74402, 14003, 1, 0, 0
74500, 9302, 0, 0, 0
74500, 13367, 1, 0, 0
74600, 9947, 0, 0, 0
74601, 12774, 1, 0, 0
74700, 11246, 0, 0, 0
74701, 12420, 1, 0, 0
74800, 9648, 0, 0, 0
74802, 13414, 1, 0, 0
74900, 13513, 1, 0, 0
74902, 8454, 0, 0, 0
75028, 9317, 0, 0, 0
75029, 14242, 1, 0, 0
75100, 14065, 1, 0, 0
75100, 10661, 0, 0, 0
75200, 13237, 1, 0, 0
75201, 9957, 0, 0, 0
75300, 10754, 0, 0, 0
75302, 16181, 1, 0, 0
75400, 8979, 0, 0, 0
75401, 12403, 1, 0, 0
75501, 8910, 0, 0, 0
75502, 14180, 1, 0, 0
75601, 10409, 0, 0, 0
75601, 13518, 1, 0, 0
75700, 9320, 0, 0, 0
75701, 51753, 1, 0, 0
75800, 9899, 0, 0, 0
75801, 14540, 1, 0, 0
75900, 12828, 1, 0, 0
75900, 10323, 0, 0, 0
76000, 9851, 0, 0, 0
76000, 14472, 1, 0, 0
76100, 9010, 0, 0, 0
76100, 12691, 1, 0, 0
76200, 12630, 1, 0, 0
76201, 24881, 0, 0, 0
76300, 9650, 0, 0, 0
76302, 16085, 1, 0, 0
76400, 9731, 0, 0, 0
76400, 12885, 1, 0, 0
76500, 9797, 0, 0, 0
76502, 13589, 1, 0, 0
76600, 10056, 0, 0, 0
76601, 16958, 1, 0, 0
76700, 8865, 0, 0, 0
76700, 13779, 1, 0, 0
76800, 28817, 1, 0, 0
76801, 9242, 0, 0, 0
76900, 9574, 0, 0, 0
76902, 17357, 1, 0, 0
77000, 14167, 1, 0, 0
77002, 11910, 0, 0, 0
77100, 9495, 0, 0, 0
77100, 13481, 1, 0, 0
77200, 13469, 1, 0, 0
77201, 9764, 0, 0, 0
77300, 16177, 0, 0, 0
77302, 11960, 1, 0, 0
77400, 11451, 0, 0, 0
77402, 13330, 1, 0, 0
77501, 10998, 0, 0, 0
77503, 12881, 1, 0, 0
77600, 9345, 0, 0, 0
77601, 16192, 1, 0, 0
77700, 12637, 1, 0, 0
77700, 10736, 0, 0, 0
77800, 9335, 0, 0, 0
77801, 13185, 1, 0, 0
77900, 12525, 1, 0, 0
77901, 10176, 0, 0, 0
78000, 10056, 0, 0, 0
78000, 14971, 1, 0, 0
78100, 10536, 0, 0, 0
78101, 13787, 1, 0, 0
78200, 9470, 0, 0, 0
78201, 14243, 1, 0, 0
78300, 13287, 0, 0, 0
78302, 17092, 1, 0, 0
78400, 13070, 1, 0, 0
78402, 9339, 0, 0, 0
78500, 8614, 0, 0, 0
78501, 13375, 1, 0, 0
78600, 9905, 0, 0, 0
78602, 13285, 1, 0, 0
78700, 9590, 0, 0, 0
78700, 13391, 1, 0, 0
78800, 12719, 1, 0, 0
78800, 11042, 0, 0, 0
78939, 13113, 1, 0, 0
78939, 9649, 0, 0, 0
79000, 12597, 1, 0, 0
79001, 9285, 0, 0, 0
79100, 12870, 1, 0, 0
79100, 9562, 0, 0, 0
79200, 13728, 1, 0, 0
79200, 26410, 0, 0, 0
79300, 10597, 0, 0, 0
79301, 15587, 1, 0, 0
79400, 15424, 1, 0, 0
79400, 9912, 0, 0, 0
79500, 9520, 0, 0, 0
79501, 12220, 1, 0, 0
79600, 9440, 0, 0, 0
79600, 12859, 1, 0, 0
79700, 8774, 0, 0, 0
79701, 13616, 1, 0, 0
79800, 13499, 1, 0, 0
79800, 9084, 0, 0, 0
79900, 8874, 0, 0, 0
79901, 17288, 1, 0, 0
80000, 19088, 0, 0, 0
80001, 13566, 1, 0, 0
80101, 9682, 0, 0, 0
80102, 13991, 1, 0, 0
80200, 10230, 0, 0, 0
80215, 13583, 1, 0, 0
80300, 9891, 0, 0, 0
80301, 14262, 1, 0, 0
80409, 9471, 0, 0, 0
80413, 12441, 1, 0, 0
80517, 12326, 0, 0, 0
80568, 12951, 1, 0, 0
80602, 6649, 0, 0, 0
80603, 8269, 1, 0, 0
80701, 7145, 0, 0, 0
80703, 7554, 1, 0, 0
80800, 13302, 1, 0, 0
80800, 8690, 0, 0, 0
80900, 9410, 0, 0, 0
80901, 12765, 1, 0, 0
81000, 9105, 0, 0, 0
81001, 13760, 1, 0, 0
81100, 8625, 0, 0, 0
81100, 12541, 1, 0, 0
81200, 9165, 0, 0, 0
81202, 12825, 1, 0, 0
81300, 13271, 1, 0, 0
81300, 9525, 0, 0, 0
81400, 12017, 0, 0, 0
81400, 14637, 1, 0, 0
81500, 13508, 1, 0, 0
81500, 12502, 0, 0, 0
81600, 9448, 0, 0, 0
81602, 12978, 1, 0, 0
81700, 9670, 0, 0, 0
81701, 12393, 1, 0, 0
81800, 9952, 0, 0, 0
81801, 12292, 1, 0, 0
81900, 11031, 0, 0, 0
81902, 15792, 1, 0, 0
82000, 9682, 0, 0, 0
82001, 12584, 1, 0, 0
82100, 8692, 0, 0, 0
82100, 15444, 1, 0, 0
82200, 9406, 0, 0, 0
82201, 13733, 1, 0, 0
82300, 9738, 0, 0, 0
82301, 14681, 1, 0, 0
82400, 9953, 0, 0, 0
82401, 13051, 1, 0, 0
82500, 10426, 0, 0, 0
82501, 12987, 1, 0, 0
82600, 9661, 0, 0, 0
82604, 12732, 1, 0, 0
82700, 9665, 0, 0, 0
82700, 13519, 1, 0, 0
82800, 9796, 0, 0, 0
82800, 16186, 1, 0, 0
82900, 9243, 0, 0, 0
82901, 13773, 1, 0, 0
83000, 9183, 0, 0, 0
83002, 13579, 1, 0, 0
83100, 12613, 1, 0, 0
83100, 9358, 0, 0, 0
83200, 13405, 0, 0, 0
83200, 14249, 1, 0, 0
83301, 12816, 1, 0, 0
83303, 9696, 0, 0, 0
83400, 14228, 1, 0, 0
83400, 9606, 0, 0, 0
83500, 9863, 0, 0, 0
83502, 14024, 1, 0, 0
83603, 8961, 0, 0, 0
83605, 13114, 1, 0, 0
83700, 11065, 0, 0, 0
83701, 15075, 1, 0, 0
83800, 10887, 0, 0, 0
83801, 14306, 1, 0, 0
83900, 12907, 1, 0, 0
83901, 9002, 0, 0, 0
84000, 10896, 0, 0, 0
84000, 16764, 1, 0, 0
84100, 12956, 1, 0, 0
84100, 10096, 0, 0, 0
84200, 11192, 0, 0, 0
84200, 12945, 1, 0, 0
84300, 10611, 0, 0, 0
84301, 13541, 1, 0, 0
84400, 12730, 1, 0, 0
84403, 9386, 0, 0, 0
84501, 9621, 0, 0, 0
84502, 12765, 1, 0, 0
84600, 14236, 1, 0, 0
84600, 11640, 0, 0, 0
84700, 11898, 0, 0, 0
84701, 14762, 1, 0, 0
84800, 12602, 0, 0, 0
84801, 13955, 1, 0, 0
84900, 9283, 0, 0, 0
84904, 18367, 1, 0, 0
85000, 9254, 0, 0, 0
85000, 12715, 1, 0, 0
85100, 9487, 0, 0, 0
85100, 14690, 1, 0, 0
85200, 9577, 0, 0, 0
85200, 13832, 1, 0, 0
85300, 12344, 1, 0, 0
85300, 9148, 0, 0, 0
85400, 12141, 0, 0, 0
85400, 13046, 1, 0, 0
85500, 9904, 0, 0, 0
85500, 13470, 1, 0, 0
85600, 8761, 0, 0, 0
85603, 12678, 1, 0, 0
85700, 9240, 0, 0, 0
85701, 13131, 1, 0, 0
85800, 9817, 0, 0, 0
85801, 12739, 1, 0, 0
85901, 9013, 0, 0, 0
85902, 14319, 1, 0, 0
86046, 14375, 1, 0, 0
86057, 8306, 0, 0, 0
86100, 8356, 0, 0, 0
86100, 9884, 1, 0, 0
86200, 8988, 0, 0, 0
86200, 13502, 1, 0, 0
86300, 9158, 0, 0, 0
86301, 12676, 1, 0, 0
86400, 8824, 0, 0, 0
86401, 12283, 1, 0, 0
86500, 9436, 0, 0, 0
86502, 12647, 1, 0, 0
86600, 9551, 0, 0, 0
86602, 12564, 1, 0, 0
86700, 12095, 1, 0, 0
86700, 10064, 0, 0, 0
86800, 13549, 1, 0, 0
86801, 9350, 0, 0, 0
86900, 9326, 0, 0, 0
86900, 14230, 1, 0, 0
87001, 9846, 0, 0, 0
87001, 23324, 1, 0, 0
87100, 9367, 0, 0, 0
87100, 14465, 1, 0, 0
87200, 12894, 1, 0, 0
87201, 9723, 0, 0, 0
87300, 13086, 1, 0, 0
87301, 11017, 0, 0, 0
87400, 10666, 0, 0, 0
87401, 13599, 1, 0, 0
87501, 12771, 1, 0, 0
87501, 13689, 0, 0, 0
87600, 13533, 1, 0, 0
87600, 10612, 0, 0, 0
87700, 9475, 0, 0, 0
87702, 12747, 1, 0, 0
87800, 9511, 0, 0, 0
87800, 13587, 1, 0, 0
87900, 10403, 0, 0, 0
87902, 14965, 1, 0, 0
88000, 10053, 0, 0, 0
88001, 13533, 1, 0, 0
88100, 9076, 0, 0, 0
88101, 13576, 1, 0, 0
88200, 8675, 0, 0, 0
88201, 14133, 1, 0, 0
88301, 10416, 0, 0, 0
88301, 17443, 1, 0, 0
88400, 10685, 0, 0, 0
88400, 14472, 1, 0, 0
88500, 9275, 0, 0, 0
88501, 12841, 1, 0, 0
88600, 9542, 0, 0, 0
88600, 12951, 1, 0, 0
88700, 13316, 1, 0, 0
88700, 9200, 0, 0, 0
88800, 11245, 0, 0, 0
88803, 15264, 1, 0, 0
88900, 13873, 1, 0, 0
88901, 11399, 0, 0, 0
89000, 12891, 1, 0, 0
89001, 8797, 0, 0, 0
89100, 8859, 0, 0, 0
89100, 11968, 1, 0, 0
89200, 9936, 0, 0, 0
89200, 13541, 1, 0, 0
89300, 13198, 0, 0, 0
89301, 14051, 1, 0, 0
89401, 9445, 0, 0, 0
89402, 12850, 1, 0, 0
89500, 10479, 0, 0, 0
89502, 16010, 1, 0, 0
89600, 12981, 1, 0, 0
89601, 8607, 0, 0, 0
89700, 14453, 1, 0, 0
89703, 9917, 0, 0, 0
89800, 10141, 0, 0, 0
89801, 13772, 1, 0, 0
89900, 18169, 1, 0, 0
89900, 9820, 0, 0, 0
90003, 9075, 0, 0, 0
90003, 14442, 1, 0, 0
