250, 45104, 0, 0, 0
350, 45120, 0, 0, 0
450, 42240, 0, 0, 0
550, 43680, 0, 0, 0
650, 45560, 0, 0, 0
749, 45656, 0, 0, 0
849, 44560, 0, 0, 0
949, 45800, 0, 0, 0
1049, 43640, 0, 0, 0
1149, 46240, 0, 0, 0
1249, 46720, 0, 0, 0
1349, 43880, 0, 0, 0
1449, 44640, 0, 0, 0
1550, 41840, 0, 0, 0
1650, 43280, 0, 0, 0
1749, 43757, 0, 0, 0
1849, 47920, 0, 0, 0
1949, 46080, 0, 0, 0
2049, 45160, 0, 0, 0
2149, 47400, 0, 0, 0
2249, 47280, 0, 0, 0
2349, 46640, 0, 0, 0
2449, 47000, 0, 0, 0
2549, 42840, 0, 0, 0
2649, 46360, 0, 0, 0
2749, 45800, 0, 0, 0
2850, 46400, 0, 0, 0
2950, 45960, 0, 0, 0
3050, 46720, 0, 0, 0
3150, 44440, 0, 0, 0
3249, 40282, 0, 0, 0
3349, 44120, 0, 0, 0
3449, 47440, 0, 0, 0
3549, 44360, 0, 0, 0
3649, 44120, 0, 0, 0
3749, 42320, 0, 0, 0
3849, 47120, 0, 0, 0
3949, 47080, 0, 0, 0
4049, 46920, 0, 0, 0
4149, 48560, 0, 0, 0
4250, 47720, 0, 0, 0
4350, 44280, 0, 0, 0
4450, 45160, 0, 0, 0
4550, 45840, 0, 0, 0
4650, 44920, 0, 0, 0
4749, 45131, 0, 0, 0
4849, 47680, 0, 0, 0
4949, 46480, 0, 0, 0
5049, 45560, 0, 0, 0
5149, 44280, 0, 0, 0
5249, 44600, 0, 0, 0
5349, 45120, 0, 0, 0
5449, 45040, 0, 0, 0
5550, 47840, 0, 0, 0
5650, 47040, 0, 0, 0
5749, 44969, 0, 0, 0
5849, 46760, 0, 0, 0
5949, 46880, 0, 0, 0
6049, 40480, 0, 0, 0
6149, 45960, 0, 0, 0
6249, 43680, 0, 0, 0
6349, 45120, 0, 0, 0
6449, 44920, 0, 0, 0
6549, 44640, 0, 0, 0
6649, 45680, 0, 0, 0
6749, 47840, 0, 0, 0
6849, 41560, 0, 0, 0
6949, 45160, 0, 0, 0
7050, 45880, 0, 0, 0
7150, 48800, 0, 0, 0
7249, 45252, 0, 0, 0
7349, 45000, 0, 0, 0
7449, 48080, 0, 0, 0
7549, 44720, 0, 0, 0
7649, 41800, 0, 0, 0
7749, 47800, 0, 0, 0
7849, 45760, 0, 0, 0
7949, 47440, 0, 0, 0
8049, 48440, 0, 0, 0
8149, 46880, 0, 0, 0
8250, 43760, 0, 0, 0
8350, 47720, 0, 0, 0
8450, 43400, 0, 0, 0
8550, 47960, 0, 0, 0
8650, 45400, 0, 0, 0
8749, 47272, 0, 0, 0
8849, 46000, 0, 0, 0
8949, 42000, 0, 0, 0
9049, 45400, 0, 0, 0
9149, 44600, 0, 0, 0
9249, 46600, 0, 0, 0
9349, 41840, 0, 0, 0
9449, 45120, 0, 0, 0
9550, 46480, 0, 0, 0
9650, 48240, 0, 0, 0
9749, 44282, 0, 0, 0
9849, 46160, 0, 0, 0
9949, 41760, 0, 0, 0
10049, 44600, 0, 0, 0
10149, 47760, 0, 0, 0
10249, 48760, 0, 0, 0
10349, 46960, 0, 0, 0
10449, 45200, 0, 0, 0
10549, 45360, 0, 0, 0
10649, 46760, 0, 0, 0
10749, 45560, 0, 0, 0
10849, 44200, 0, 0, 0
10949, 45720, 0, 0, 0
11050, 42040, 0, 0, 0
11150, 48840, 0, 0, 0
11249, 43191, 0, 0, 0
11349, 47680, 0, 0, 0
11449, 45800, 0, 0, 0
11549, 47640, 0, 0, 0
11649, 46400, 0, 0, 0
11749, 46400, 0, 0, 0
11849, 45160, 0, 0, 0
11949, 45280, 0, 0, 0
12049, 46440, 0, 0, 0
12149, 49560, 0, 0, 0
12249, 44680, 0, 0, 0
12350, 45840, 0, 0, 0
12450, 44760, 0, 0, 0
12550, 44160, 0, 0, 0
12650, 46240, 0, 0, 0
12749, 46949, 0, 0, 0
12849, 47720, 0, 0, 0
12949, 48760, 0, 0, 0
13049, 47760, 0, 0, 0
13149, 46880, 0, 0, 0
13249, 43880, 0, 0, 0
13349, 46560, 0, 0, 0
13449, 46800, 0, 0, 0
13549, 44920, 0, 0, 0
13649, 47320, 0, 0, 0
13750, 46880, 0, 0, 0
13850, 47960, 0, 0, 0
13950, 46080, 0, 0, 0
14050, 48600, 0, 0, 0
14150, 43840, 0, 0, 0
14249, 46666, 0, 0, 0
14349, 46440, 0, 0, 0
14449, 44880, 0, 0, 0
14549, 45720, 0, 0, 0
14649, 46240, 0, 0, 0
14749, 43640, 0, 0, 0
14849, 47280, 0, 0, 0
14949, 45640, 0, 0, 0
15050, 45880, 0, 0, 0
15150, 47880, 0, 0, 0
15249, 45090, 0, 0, 0
15349, 48000, 0, 0, 0
15449, 43560, 0, 0, 0
15549, 44720, 0, 0, 0
15649, 45960, 0, 0, 0
15749, 45080, 0, 0, 0
15849, 44840, 0, 0, 0
15949, 46120, 0, 0, 0
16049, 47520, 0, 0, 0
16149, 42640, 0, 0, 0
16249, 45840, 0, 0, 0
16349, 48840, 0, 0, 0
16450, 46080, 0, 0, 0
16550, 42800, 0, 0, 0
16650, 46360, 0, 0, 0
16749, 45252, 0, 0, 0
16849, 47120, 0, 0, 0
16949, 47600, 0, 0, 0
17049, 47520, 0, 0, 0
17149, 46960, 0, 0, 0
17249, 48440, 0, 0, 0
17349, 43960, 0, 0, 0
17449, 43360, 0, 0, 0
17549, 47880, 0, 0, 0
17649, 46760, 0, 0, 0
17749, 48120, 0, 0, 0
17850, 44200, 0, 0, 0
17950, 46840, 0, 0, 0
18050, 45920, 0, 0, 0
18150, 44200, 0, 0, 0
18249, 46545, 0, 0, 0
18349, 44880, 0, 0, 0
18449, 48080, 0, 0, 0
18549, 46040, 0, 0, 0
18649, 45920, 0, 0, 0
18749, 46480, 0, 0, 0
18849, 46400, 0, 0, 0
18949, 44880, 0, 0, 0
19049, 44480, 0, 0, 0
19150, 44520, 0, 0, 0
19250, 46160, 0, 0, 0
19350, 44760, 0, 0, 0
19450, 45000, 0, 0, 0
19550, 43280, 0, 0, 0
19650, 41600, 0, 0, 0
19749, 43030, 0, 0, 0
19849, 46040, 0, 0, 0
19949, 45440, 0, 0, 0
20049, 47040, 0, 0, 0
20149, 50080, 0, 0, 0
20249, 46080, 0, 0, 0
20349, 43880, 0, 0, 0
20449, 45120, 0, 0, 0
20550, 45120, 0, 0, 0
20650, 44120, 0, 0, 0
20749, 50060, 0, 0, 0
20849, 44520, 0, 0, 0
20949, 46840, 0, 0, 0
21049, 43760, 0, 0, 0
21149, 45840, 0, 0, 0
21249, 42600, 0, 0, 0
21349, 46520, 0, 0, 0
21449, 45880, 0, 0, 0
21549, 48120, 0, 0, 0
21649, 47000, 0, 0, 0
21749, 45680, 0, 0, 0
21849, 45880, 0, 0, 0
21950, 46840, 0, 0, 0
22050, 46520, 0, 0, 0
22150, 47080, 0, 0, 0
22249, 46626, 0, 0, 0
22349, 47040, 0, 0, 0
22449, 47920, 0, 0, 0
22549, 47560, 0, 0, 0
22649, 45040, 0, 0, 0
22749, 43160, 0, 0, 0
22849, 46240, 0, 0, 0
22949, 44240, 0, 0, 0
23049, 46480, 0, 0, 0
23149, 45960, 0, 0, 0
23250, 43000, 0, 0, 0
23350, 49400, 0, 0, 0
23450, 42800, 0, 0, 0
23550, 44240, 0, 0, 0
23650, 47040, 0, 0, 0
23749, 48202, 0, 0, 0
23849, 48040, 0, 0, 0
23949, 46560, 0, 0, 0
24049, 47960, 0, 0, 0
24149, 44080, 0, 0, 0
24249, 45640, 0, 0, 0
24349, 44880, 0, 0, 0
24449, 45080, 0, 0, 0
24549, 43640, 0, 0, 0
24650, 43680, 0, 0, 0
24750, 47360, 0, 0, 0
24850, 45000, 0, 0, 0
24950, 45880, 0, 0, 0
25050, 46040, 0, 0, 0
25150, 40040, 0, 0, 0
25249, 45373, 0, 0, 0
25349, 46400, 0, 0, 0
25449, 46600, 0, 0, 0
25549, 48200, 0, 0, 0
25649, 49240, 0, 0, 0
25749, 48440, 0, 0, 0
25849, 40640, 0, 0, 0
25949, 45920, 0, 0, 0
26050, 45760, 0, 0, 0
26150, 45720, 0, 0, 0
26249, 47070, 0, 0, 0
26349, 46560, 0, 0, 0
26449, 46040, 0, 0, 0
26549, 44200, 0, 0, 0
26649, 49400, 0, 0, 0
26749, 44400, 0, 0, 0
26849, 45160, 0, 0, 0
26949, 45520, 0, 0, 0
27049, 46120, 0, 0, 0
27149, 46720, 0, 0, 0
27249, 42480, 0, 0, 0
27349, 43800, 0, 0, 0
27450, 45080, 0, 0, 0
27550, 44920, 0, 0, 0
27650, 47920, 0, 0, 0
27749, 43070, 0, 0, 0
27849, 43040, 0, 0, 0
27949, 46200, 0, 0, 0
28049, 47480, 0, 0, 0
28149, 46720, 0, 0, 0
28249, 47680, 0, 0, 0
28349, 46960, 0, 0, 0
28449, 44760, 0, 0, 0
28549, 47040, 0, 0, 0
28649, 45720, 0, 0, 0
28750, 47840, 0, 0, 0
28850, 43600, 0, 0, 0
28950, 46080, 0, 0, 0
29050, 48480, 0, 0, 0
29150, 45080, 0, 0, 0
29249, 48727, 0, 0, 0
29349, 45880, 0, 0, 0
29449, 43920, 0, 0, 0
29549, 47040, 0, 0, 0
29649, 44760, 0, 0, 0
29749, 45920, 0, 0, 0
29849, 45680, 0, 0, 0
29949, 45160, 0, 0, 0
30050, 44320, 0, 0, 0
30150, 46520, 0, 0, 0
30249, 46424, 0, 0, 0
30349, 48280, 0, 0, 0
30449, 43000, 0, 0, 0
30549, 48840, 0, 0, 0
30649, 46080, 0, 0, 0
30749, 47680, 0, 0, 0
30849, 46440, 0, 0, 0
30949, 47280, 0, 0, 0
31049, 44840, 0, 0, 0
31149, 45520, 0, 0, 0
31249, 46000, 0, 0, 0
31349, 47960, 0, 0, 0
31450, 45440, 0, 0, 0
31550, 45880, 0, 0, 0
31650, 44880, 0, 0, 0
31749, 44404, 0, 0, 0
31849, 43800, 0, 0, 0
31949, 45560, 0, 0, 0
32049, 46840, 0, 0, 0
32149, 45200, 0, 0, 0
32249, 45240, 0, 0, 0
32349, 46720, 0, 0, 0
32449, 45920, 0, 0, 0
32549, 45600, 0, 0, 0
32649, 45640, 0, 0, 0
32750, 46480, 0, 0, 0
32850, 46520, 0, 0, 0
32950, 45800, 0, 0, 0
33050, 45240, 0, 0, 0
33150, 46040, 0, 0, 0
33249, 48484, 0, 0, 0
33349, 43680, 0, 0, 0
33449, 42760, 0, 0, 0
33549, 49840, 0, 0, 0
33649, 45120, 0, 0, 0
33749, 45920, 0, 0, 0
33849, 46560, 0, 0, 0
33949, 48120, 0, 0, 0
34050, 47160, 0, 0, 0
34150, 41400, 0, 0, 0
34249, 47636, 0, 0, 0
34349, 47200, 0, 0, 0
34449, 45320, 0, 0, 0
34549, 47920, 0, 0, 0
34649, 46240, 0, 0, 0
34749, 48560, 0, 0, 0
34849, 48640, 0, 0, 0
34949, 46000, 0, 0, 0
35049, 43240, 0, 0, 0
35149, 48600, 0, 0, 0
35249, 45640, 0, 0, 0
35350, 46040, 0, 0, 0
35450, 46880, 0, 0, 0
35550, 43600, 0, 0, 0
35650, 45560, 0, 0, 0
35749, 47434, 0, 0, 0
35849, 46320, 0, 0, 0
35949, 45800, 0, 0, 0
36049, 47280, 0, 0, 0
36149, 40440, 0, 0, 0
36249, 47840, 0, 0, 0
36349, 44560, 0, 0, 0
36449, 47000, 0, 0, 0
36549, 47000, 0, 0, 0
36650, 46320, 0, 0, 0
36750, 44280, 0, 0, 0
36850, 45800, 0, 0, 0
36950, 48320, 0, 0, 0
37050, 47280, 0, 0, 0
37150, 46960, 0, 0, 0
37249, 50303, 0, 0, 0
37349, 48040, 0, 0, 0
37449, 47600, 0, 0, 0
37549, 46240, 0, 0, 0
37649, 45480, 0, 0, 0
37749, 48280, 0, 0, 0
37849, 44040, 0, 0, 0
37949, 43680, 0, 0, 0
38050, 49920, 0, 0, 0
38150, 45880, 0, 0, 0
38249, 47515, 0, 0, 0
38349, 46720, 0, 0, 0
38449, 45200, 0, 0, 0
38549, 50120, 0, 0, 0
38649, 45480, 0, 0, 0
38749, 46720, 0, 0, 0
38849, 40840, 0, 0, 0
38949, 45960, 0, 0, 0
39049, 46600, 0, 0, 0
39149, 44360, 0, 0, 0
39249, 46480, 0, 0, 0
39350, 45320, 0, 0, 0
39450, 48040, 0, 0, 0
39550, 47560, 0, 0, 0
39650, 48720, 0, 0, 0
39749, 44646, 0, 0, 0
39849, 46680, 0, 0, 0
39949, 44440, 0, 0, 0
40049, 47200, 0, 0, 0
40149, 46520, 0, 0, 0
40249, 44080, 0, 0, 0
40349, 46200, 0, 0, 0
40449, 45880, 0, 0, 0
40549, 46600, 0, 0, 0
40650, 45560, 0, 0, 0
40749, 46060, 0, 0, 0
40849, 44480, 0, 0, 0
40949, 45040, 0, 0, 0
41049, 46960, 0, 0, 0
41149, 45880, 0, 0, 0
41249, 46240, 0, 0, 0
41349, 47320, 0, 0, 0
41449, 46640, 0, 0, 0
41549, 44160, 0, 0, 0
41649, 41800, 0, 0, 0
41749, 45120, 0, 0, 0
41849, 45720, 0, 0, 0
41950, 48640, 0, 0, 0
42050, 48040, 0, 0, 0
42150, 46120, 0, 0, 0
42249, 47070, 0, 0, 0
42349, 46120, 0, 0, 0
42449, 45320, 0, 0, 0
42549, 46320, 0, 0, 0
42649, 46520, 0, 0, 0
42749, 45960, 0, 0, 0
42849, 45960, 0, 0, 0
42949, 46360, 0, 0, 0
43049, 45120, 0, 0, 0
43149, 43480, 0, 0, 0
43250, 44280, 0, 0, 0
43350, 46040, 0, 0, 0
43450, 47960, 0, 0, 0
43550, 48080, 0, 0, 0
43650, 48920, 0, 0, 0
43749, 45737, 0, 0, 0
43849, 46800, 0, 0, 0
43949, 43360, 0, 0, 0
44049, 43880, 0, 0, 0
44149, 45600, 0, 0, 0
44249, 46480, 0, 0, 0
44349, 43080, 0, 0, 0
44449, 41000, 0, 0, 0
44549, 40120, 0, 0, 0
44650, 47600, 0, 0, 0
44750, 44200, 0, 0, 0
44850, 46040, 0, 0, 0
44950, 46520, 0, 0, 0
45050, 47240, 0, 0, 0
45150, 44920, 0, 0, 0
45249, 46303, 0, 0, 0
45349, 43880, 0, 0, 0
45449, 46520, 0, 0, 0
45549, 47440, 0, 0, 0
45649, 45960, 0, 0, 0
45749, 44000, 0, 0, 0
45849, 47160, 0, 0, 0
45949, 45600, 0, 0, 0
46050, 45560, 0, 0, 0
46150, 45000, 0, 0, 0
46249, 44444, 0, 0, 0
46349, 46360, 0, 0, 0
46449, 44160, 0, 0, 0
46549, 47080, 0, 0, 0
46649, 48000, 0, 0, 0
46749, 47120, 0, 0, 0
46849, 45760, 0, 0, 0
46949, 46360, 0, 0, 0
47049, 45360, 0, 0, 0
47149, 43760, 0, 0, 0
47249, 46520, 0, 0, 0
47350, 45320, 0, 0, 0
47450, 42440, 0, 0, 0
47550, 48200, 0, 0, 0
47650, 44840, 0, 0, 0
47749, 48040, 0, 0, 0
47849, 45960, 0, 0, 0
47949, 45800, 0, 0, 0
48049, 46440, 0, 0, 0
48149, 46400, 0, 0, 0
48249, 46360, 0, 0, 0
48349, 44680, 0, 0, 0
48449, 45480, 0, 0, 0
48549, 43560, 0, 0, 0
48649, 47920, 0, 0, 0
48750, 48480, 0, 0, 0
48850, 47680, 0, 0, 0
48950, 44720, 0, 0, 0
49050, 45280, 0, 0, 0
49150, 47440, 0, 0, 0
49249, 49090, 0, 0, 0
49349, 46480, 0, 0, 0
49449, 47480, 0, 0, 0
49549, 47760, 0, 0, 0
49649, 45880, 0, 0, 0
49749, 49200, 0, 0, 0
49849, 44560, 0, 0, 0
49949, 43480, 0, 0, 0
50050, 46600, 0, 0, 0
50150, 44000, 0, 0, 0
50249, 46383, 0, 0, 0
50349, 47480, 0, 0, 0
50449, 46920, 0, 0, 0
50549, 45640, 0, 0, 0
50649, 44840, 0, 0, 0
50749, 45680, 0, 0, 0
50849, 47720, 0, 0, 0
50949, 48440, 0, 0, 0
51049, 44560, 0, 0, 0
51149, 41600, 0, 0, 0
51249, 42840, 0, 0, 0
51349, 46200, 0, 0, 0
51450, 46480, 0, 0, 0
51550, 46040, 0, 0, 0
51650, 47960, 0, 0, 0
51749, 47878, 0, 0, 0
51849, 46440, 0, 0, 0
51949, 41040, 0, 0, 0
52049, 46760, 0, 0, 0
52149, 47240, 0, 0, 0
52249, 45360, 0, 0, 0
52349, 44480, 0, 0, 0
52449, 48160, 0, 0, 0
52549, 46480, 0, 0, 0
52649, 44280, 0, 0, 0
52750, 45680, 0, 0, 0
52850, 46920, 0, 0, 0
52950, 44000, 0, 0, 0
53050, 43480, 0, 0, 0
53150, 47520, 0, 0, 0
53249, 45212, 0, 0, 0
53349, 42720, 0, 0, 0
53449, 44360, 0, 0, 0
53549, 46680, 0, 0, 0
53649, 44760, 0, 0, 0
53749, 47040, 0, 0, 0
53849, 45600, 0, 0, 0
53949, 47840, 0, 0, 0
54049, 48000, 0, 0, 0
54149, 46680, 0, 0, 0
54250, 46480, 0, 0, 0
54350, 44520, 0, 0, 0
54450, 45440, 0, 0, 0
54550, 44920, 0, 0, 0
54650, 42560, 0, 0, 0
54749, 47838, 0, 0, 0
54849, 45200, 0, 0, 0
54949, 47600, 0, 0, 0
55049, 44760, 0, 0, 0
55149, 45040, 0, 0, 0
55249, 46040, 0, 0, 0
55349, 45480, 0, 0, 0
55449, 46640, 0, 0, 0
55550, 46240, 0, 0, 0
55650, 49120, 0, 0, 0
55749, 44646, 0, 0, 0
55849, 47840, 0, 0, 0
55949, 47240, 0, 0, 0
56049, 46240, 0, 0, 0
56149, 45840, 0, 0, 0
56249, 44880, 0, 0, 0
56349, 48120, 0, 0, 0
56449, 46200, 0, 0, 0
56549, 46760, 0, 0, 0
56649, 46920, 0, 0, 0
56749, 45920, 0, 0, 0
56849, 47520, 0, 0, 0
56949, 46280, 0, 0, 0
57050, 43400, 0, 0, 0
57150, 43240, 0, 0, 0
57249, 46626, 0, 0, 0
57349, 46240, 0, 0, 0
57449, 46320, 0, 0, 0
57549, 46320, 0, 0, 0
57649, 48200, 0, 0, 0
57749, 47280, 0, 0, 0
57849, 46720, 0, 0, 0
57949, 45080, 0, 0, 0
58049, 45960, 0, 0, 0
58149, 48360, 0, 0, 0
58250, 45880, 0, 0, 0
58350, 46600, 0, 0, 0
58450, 47200, 0, 0, 0
58550, 45120, 0, 0, 0
58650, 47640, 0, 0, 0
58749, 48727, 0, 0, 0
58849, 47040, 0, 0, 0
58949, 45240, 0, 0, 0
59049, 47160, 0, 0, 0
59149, 43040, 0, 0, 0
59249, 40440, 0, 0, 0
59349, 45840, 0, 0, 0
59449, 43640, 0, 0, 0
59549, 43560, 0, 0, 0
59650, 47280, 0, 0, 0
59749, 43393, 0, 0, 0
59849, 45640, 0, 0, 0
59949, 46360, 0, 0, 0
60049, 42640, 0, 0, 0
60149, 44520, 0, 0, 0
60249, 47800, 0, 0, 0
60349, 46600, 0, 0, 0
60449, 40480, 0, 0, 0
60549, 44080, 0, 0, 0
60649, 46240, 0, 0, 0
60749, 44240, 0, 0, 0
60849, 44320, 0, 0, 0
60949, 46440, 0, 0, 0
61050, 45520, 0, 0, 0
61150, 44440, 0, 0, 0
61249, 48686, 0, 0, 0
61349, 44640, 0, 0, 0
61449, 48960, 0, 0, 0
61549, 44120, 0, 0, 0
61649, 46480, 0, 0, 0
61749, 44000, 0, 0, 0
61849, 44920, 0, 0, 0
61949, 43800, 0, 0, 0
62049, 44520, 0, 0, 0
62149, 47400, 0, 0, 0
62250, 45560, 0, 0, 0
62350, 46880, 0, 0, 0
62450, 47400, 0, 0, 0
62550, 46240, 0, 0, 0
62650, 45400, 0, 0, 0
62749, 45696, 0, 0, 0
62849, 45200, 0, 0, 0
62949, 46200, 0, 0, 0
63049, 47320, 0, 0, 0
63149, 43360, 0, 0, 0
63249, 46480, 0, 0, 0
63349, 45720, 0, 0, 0
63449, 47440, 0, 0, 0
63549, 46120, 0, 0, 0
63650, 45960, 0, 0, 0
63749, 46464, 0, 0, 0
63849, 46640, 0, 0, 0
63949, 44280, 0, 0, 0
64049, 44760, 0, 0, 0
64149, 46120, 0, 0, 0
64249, 47720, 0, 0, 0
64349, 44560, 0, 0, 0
64449, 43240, 0, 0, 0
64549, 46880, 0, 0, 0
64649, 46560, 0, 0, 0
64749, 45720, 0, 0, 0
64849, 45680, 0, 0, 0
64950, 46920, 0, 0, 0
65050, 47840, 0, 0, 0
65150, 47040, 0, 0, 0
65249, 48606, 0, 0, 0
65349, 45800, 0, 0, 0
65449, 45000, 0, 0, 0
65549, 43640, 0, 0, 0
65649, 45280, 0, 0, 0
65749, 47320, 0, 0, 0
65849, 43400, 0, 0, 0
65949, 41200, 0, 0, 0
66049, 44760, 0, 0, 0
66149, 46120, 0, 0, 0
66250, 48920, 0, 0, 0
66350, 43520, 0, 0, 0
66450, 46400, 0, 0, 0
66550, 48160, 0, 0, 0
66650, 47800, 0, 0, 0
66749, 45939, 0, 0, 0
66849, 44440, 0, 0, 0
66949, 45320, 0, 0, 0
67049, 44960, 0, 0, 0
67149, 45960, 0, 0, 0
67249, 44880, 0, 0, 0
67349, 47440, 0, 0, 0
67449, 45440, 0, 0, 0
67549, 42760, 0, 0, 0
67650, 49040, 0, 0, 0
67749, 45575, 0, 0, 0
67849, 48120, 0, 0, 0
67949, 47640, 0, 0, 0
68049, 45920, 0, 0, 0
68149, 47960, 0, 0, 0
68249, 48480, 0, 0, 0
68349, 44400, 0, 0, 0
68449, 45200, 0, 0, 0
68549, 42920, 0, 0, 0
68649, 46120, 0, 0, 0
68749, 44960, 0, 0, 0
68849, 44240, 0, 0, 0
68949, 44840, 0, 0, 0
69050, 50000, 0, 0, 0
69150, 43680, 0, 0, 0
69249, 45414, 0, 0, 0
69349, 46680, 0, 0, 0
69449, 45680, 0, 0, 0
69549, 43880, 0, 0, 0
69649, 46360, 0, 0, 0
69749, 45880, 0, 0, 0
69849, 40920, 0, 0, 0
69949, 46600, 0, 0, 0
70049, 46240, 0, 0, 0
70149, 42960, 0, 0, 0
70250, 42760, 0, 0, 0
70350, 43440, 0, 0, 0
70450, 43240, 0, 0, 0
70550, 45120, 0, 0, 0
70650, 42040, 0, 0, 0
70749, 45616, 0, 0, 0
70849, 45440, 0, 0, 0
70949, 44880, 0, 0, 0
71049, 44360, 0, 0, 0
71149, 43280, 0, 0, 0
71249, 43760, 0, 0, 0
71349, 42840, 0, 0, 0
71449, 41160, 0, 0, 0
71549, 47480, 0, 0, 0
71650, 44920, 0, 0, 0
71749, 43393, 0, 0, 0
71849, 43880, 0, 0, 0
71949, 44520, 0, 0, 0
72049, 36840, 0, 0, 0
72149, 44760, 0, 0, 0
72249, 43800, 0, 0, 0
72349, 39400, 0, 0, 0
72449, 42600, 0, 0, 0
72549, 39640, 0, 0, 0
72649, 44280, 0, 0, 0
72749, 42480, 0, 0, 0
72849, 42240, 0, 0, 0
72949, 44880, 0, 0, 0
73050, 42040, 0, 0, 0
73150, 44960, 0, 0, 0
73249, 44727, 0, 0, 0
73349, 43720, 0, 0, 0
73449, 42240, 0, 0, 0
73549, 42840, 0, 0, 0
73649, 42240, 0, 0, 0
73749, 41600, 0, 0, 0
73849, 44120, 0, 0, 0
73949, 41880, 0, 0, 0
74049, 45240, 0, 0, 0
74149, 43720, 0, 0, 0
74250, 47880, 0, 0, 0
74350, 44160, 0, 0, 0
74450, 42680, 0, 0, 0
74550, 45440, 0, 0, 0
74650, 44920, 0, 0, 0
74749, 44808, 0, 0, 0
74849, 44120, 0, 0, 0
74949, 44880, 0, 0, 0
75049, 41680, 0, 0, 0
75149, 44440, 0, 0, 0
75249, 43760, 0, 0, 0
75349, 39720, 0, 0, 0
75449, 40680, 0, 0, 0
75550, 43160, 0, 0, 0
75650, 42720, 0, 0, 0
75749, 44242, 0, 0, 0
75849, 42200, 0, 0, 0
75949, 42160, 0, 0, 0
76049, 43960, 0, 0, 0
76149, 46040, 0, 0, 0
76249, 40120, 0, 0, 0
76349, 43960, 0, 0, 0
76449, 43600, 0, 0, 0
76549, 39640, 0, 0, 0
76649, 44880, 0, 0, 0
76749, 43160, 0, 0, 0
76849, 44360, 0, 0, 0
76950, 47920, 0, 0, 0
77050, 44880, 0, 0, 0
77150, 43200, 0, 0, 0
77249, 44242, 0, 0, 0
77349, 42720, 0, 0, 0
77449, 42600, 0, 0, 0
77549, 43480, 0, 0, 0
77649, 42480, 0, 0, 0
77749, 41600, 0, 0, 0
77849, 43240, 0, 0, 0
77949, 44080, 0, 0, 0
78049, 42920, 0, 0, 0
78149, 43000, 0, 0, 0
78250, 44600, 0, 0, 0
78350, 44120, 0, 0, 0
78450, 46240, 0, 0, 0
78550, 44120, 0, 0, 0
78650, 45040, 0, 0, 0
78749, 42020, 0, 0, 0
78849, 43280, 0, 0, 0
78949, 46800, 0, 0, 0
79049, 44560, 0, 0, 0
79149, 43160, 0, 0, 0
79249, 39840, 0, 0, 0
79349, 39080, 0, 0, 0
79449, 41800, 0, 0, 0
79550, 44920, 0, 0, 0
79650, 44120, 0, 0, 0
79749, 42303, 0, 0, 0
79849, 40720, 0, 0, 0
79949, 44320, 0, 0, 0
80049, 44320, 0, 0, 0
80149, 46040, 0, 0, 0
80249, 40960, 0, 0, 0
80349, 43080, 0, 0, 0
80449, 45120, 0, 0, 0
80549, 30920, 0, 0, 0
80649, 45080, 0, 0, 0
80749, 41800, 0, 0, 0
80849, 42760, 0, 0, 0
80950, 42200, 0, 0, 0
81050, 44640, 0, 0, 0
81150, 43120, 0, 0, 0
81249, 39595, 0, 0, 0
81349, 46080, 0, 0, 0
81449, 40080, 0, 0, 0
81549, 44760, 0, 0, 0
81649, 43680, 0, 0, 0
81749, 43480, 0, 0, 0
81849, 43960, 0, 0, 0
81949, 45160, 0, 0, 0
82049, 44360, 0, 0, 0
82149, 43440, 0, 0, 0
82250, 37720, 0, 0, 0
82350, 43320, 0, 0, 0
82450, 45040, 0, 0, 0
82550, 42040, 0, 0, 0
82650, 44000, 0, 0, 0
82749, 42383, 0, 0, 0
82849, 41120, 0, 0, 0
82949, 43120, 0, 0, 0
83049, 44320, 0, 0, 0
83149, 45200, 0, 0, 0
83249, 44880, 0, 0, 0
83349, 44720, 0, 0, 0
83449, 42360, 0, 0, 0
83549, 43920, 0, 0, 0
83650, 44800, 0, 0, 0
83749, 44686, 0, 0, 0
83849, 41960, 0, 0, 0
83949, 43360, 0, 0, 0
84049, 43760, 0, 0, 0
84149, 41800, 0, 0, 0
84249, 41040, 0, 0, 0
84349, 44720, 0, 0, 0
84449, 44960, 0, 0, 0
84549, 44560, 0, 0, 0
84649, 41080, 0, 0, 0
84749, 43480, 0, 0, 0
84849, 43320, 0, 0, 0
84949, 42160, 0, 0, 0
85050, 42920, 0, 0, 0
85150, 43800, 0, 0, 0
85249, 44888, 0, 0, 0
85349, 43480, 0, 0, 0
85449, 45520, 0, 0, 0
85549, 43960, 0, 0, 0
85649, 45400, 0, 0, 0
85749, 45120, 0, 0, 0
85849, 44160, 0, 0, 0
85949, 43040, 0, 0, 0
86049, 44960, 0, 0, 0
86149, 44080, 0, 0, 0
86249, 44400, 0, 0, 0
86350, 47920, 0, 0, 0
86450, 43600, 0, 0, 0
86550, 45000, 0, 0, 0
86650, 43200, 0, 0, 0
86749, 42545, 0, 0, 0
86849, 44000, 0, 0, 0
86949, 43040, 0, 0, 0
87049, 44960, 0, 0, 0
87149, 43040, 0, 0, 0
87249, 42440, 0, 0, 0
87349, 44480, 0, 0, 0
87449, 43960, 0, 0, 0
87549, 43720, 0, 0, 0
87649, 43680, 0, 0, 0
87750, 43160, 0, 0, 0
87850, 42880, 0, 0, 0
87950, 42400, 0, 0, 0
88050, 43720, 0, 0, 0
88150, 43200, 0, 0, 0
88249, 41696, 0, 0, 0
88349, 43200, 0, 0, 0
88449, 42800, 0, 0, 0
88549, 44320, 0, 0, 0
88649, 44160, 0, 0, 0
88749, 44160, 0, 0, 0
88849, 42440, 0, 0, 0
88949, 44920, 0, 0, 0
89050, 48360, 0, 0, 0
89150, 39400, 0, 0, 0
89249, 44646, 0, 0, 0
89349, 39840, 0, 0, 0
89449, 45360, 0, 0, 0
89549, 43320, 0, 0, 0
89649, 44960, 0, 0, 0
89749, 45360, 0, 0, 0
89849, 45240, 0, 0, 0
89949, 49680, 0, 0, 0
