100, 568705, 0, 0, 0
200, 628287, 0, 0, 0
300, 592832, 0, 0, 0
400, 583766, 0, 0, 0
500, 571141, 0, 0, 0
600, 524265, 0, 0, 0
700, 561808, 0, 0, 0
800, 607164, 0, 0, 0
900, 568899, 0, 0, 0
1000, 627223, 0, 0, 0
1100, 592681, 0, 0, 0
1200, 596703, 0, 0, 0
1300, 620331, 0, 0, 0
1400, 563463, 0, 0, 0
1500, 570924, 0, 0, 0
1600, 598646, 0, 0, 0
1700, 603268, 0, 0, 0
1800, 619087, 0, 0, 0
1900, 572351, 0, 0, 0
2000, 557429, 0, 0, 0
2100, 572218, 0, 0, 0
2200, 544679, 0, 0, 0
2300, 575478, 0, 0, 0
2400, 549490, 0, 0, 0
2500, 537248, 0, 0, 0
2600, 551429, 0, 0, 0
2700, 575534, 0, 0, 0
2800, 533495, 0, 0, 0
2900, 526322, 0, 0, 0
3000, 548703, 0, 0, 0
3100, 574069, 0, 0, 0
3200, 537989, 0, 0, 0
3300, 551698, 0, 0, 0
3400, 581460, 0, 0, 0
3500, 566057, 0, 0, 0
3600, 522304, 0, 0, 0
3700, 563158, 0, 0, 0
3800, 544351, 0, 0, 0
3900, 526454, 0, 0, 0
4000, 513859, 0, 0, 0
4100, 567715, 0, 0, 0
4200, 522802, 0, 0, 0
4300, 561097, 0, 0, 0
4400, 574953, 0, 0, 0
4500, 578492, 0, 0, 0
4600, 600550, 0, 0, 0
4700, 552985, 0, 0, 0
4800, 563841, 0, 0, 0
4900, 633870, 0, 0, 0
5000, 569375, 0, 0, 0
5100, 566501, 0, 0, 0
5200, 546143, 0, 0, 0
5300, 547181, 0, 0, 0
5400, 559392, 0, 0, 0
5500, 564757, 0, 0, 0
5600, 548118, 0, 0, 0
5700, 586414, 0, 0, 0
5800, 543897, 0, 0, 0
5900, 567790, 0, 0, 0
6000, 611086, 0, 0, 0
6100, 591814, 0, 0, 0
6200, 587071, 0, 0, 0
6300, 545820, 0, 0, 0
6400, 663573, 0, 0, 0
6500, 569822, 0, 0, 0
6600, 578302, 0, 0, 0
6700, 612697, 0, 0, 0
6800, 552396, 0, 0, 0
6900, 547365, 0, 0, 0
7000, 548092, 0, 0, 0
7100, 546202, 0, 0, 0
7200, 525363, 0, 0, 0
7300, 600977, 0, 0, 0
7400, 622772, 0, 0, 0
7500, 548675, 0, 0, 0
7600, 591252, 0, 0, 0
7700, 553719, 0, 0, 0
7800, 583212, 0, 0, 0
7900, 552416, 0, 0, 0
8000, 552005, 0, 0, 0
8100, 594833, 0, 0, 0
8200, 598051, 0, 0, 0
8300, 590586, 0, 0, 0
8400, 620347, 0, 0, 0
8500, 562155, 0, 0, 0
8600, 537344, 0, 0, 0
8700, 545444, 0, 0, 0
8800, 578236, 0, 0, 0
8900, 574943, 0, 0, 0
9000, 540871, 0, 0, 0
9100, 630884, 0, 0, 0
9200, 573623, 0, 0, 0
9300, 591054, 0, 0, 0
9400, 542270, 0, 0, 0
9500, 519495, 0, 0, 0
9600, 566022, 0, 0, 0
9700, 591859, 0, 0, 0
9800, 575921, 0, 0, 0
9900, 575818, 0, 0, 0
10000, 580370, 0, 0, 0
10100, 574367, 0, 0, 0
10200, 594106, 0, 0, 0
10300, 596184, 0, 0, 0
10400, 570022, 0, 0, 0
10500, 576022, 0, 0, 0
10600, 656564, 0, 0, 0
10700, 589229, 0, 0, 0
10800, 564474, 0, 0, 0
10900, 559723, 0, 0, 0
11000, 551505, 0, 0, 0
11100, 557103, 0, 0, 0
11200, 539333, 0, 0, 0
11300, 578264, 0, 0, 0
11400, 548273, 0, 0, 0
11500, 548082, 0, 0, 0
11600, 533980, 0, 0, 0
11700, 575168, 0, 0, 0
11800, 573837, 0, 0, 0
11900, 563617, 0, 0, 0
12000, 629166, 0, 0, 0
12100, 619521, 0, 0, 0
12200, 530521, 0, 0, 0
12300, 563807, 0, 0, 0
12401, 626933, 0, 0, 0
12500, 582640, 0, 0, 0
12600, 588612, 0, 0, 0
12700, 588723, 0, 0, 0
12800, 607199, 0, 0, 0
12900, 582294, 0, 0, 0
13000, 584605, 0, 0, 0
13100, 605361, 0, 0, 0
13200, 598539, 0, 0, 0
13300, 563741, 0, 0, 0
13400, 570863, 0, 0, 0
13500, 584555, 0, 0, 0
13600, 577160, 0, 0, 0
13700, 551038, 0, 0, 0
13800, 586725, 0, 0, 0
13900, 556376, 0, 0, 0
14000, 559380, 0, 0, 0
14100, 556498, 0, 0, 0
14200, 556487, 0, 0, 0
14300, 592372, 0, 0, 0
14400, 585115, 0, 0, 0
14500, 560749, 0, 0, 0
14600, 585210, 0, 0, 0
14700, 567528, 0, 0, 0
14800, 573584, 0, 0, 0
14900, 551749, 0, 0, 0
15000, 566614, 0, 0, 0
15100, 554206, 0, 0, 0
15200, 569934, 0, 0, 0
15300, 585983, 0, 0, 0
15400, 535536, 0, 0, 0
15500, 547415, 0, 0, 0
15600, 534765, 0, 0, 0
15700, 557891, 0, 0, 0
15800, 609346, 0, 0, 0
15900, 607035, 0, 0, 0
16000, 557020, 0, 0, 0
16100, 590635, 0, 0, 0
16200, 587983, 0, 0, 0
16300, 551426, 0, 0, 0
16400, 549299, 0, 0, 0
16500, 609341, 0, 0, 0
16600, 573585, 0, 0, 0
16700, 570413, 0, 0, 0
16800, 597419, 0, 0, 0
16900, 557898, 0, 0, 0
17000, 542713, 0, 0, 0
17100, 626425, 0, 0, 0
17200, 566984, 0, 0, 0
17300, 559287, 0, 0, 0
17400, 567473, 0, 0, 0
17500, 596305, 0, 0, 0
17600, 522215, 0, 0, 0
17700, 553153, 0, 0, 0
17800, 624972, 0, 0, 0
17900, 555840, 0, 0, 0
18000, 527507, 0, 0, 0
18100, 631090, 0, 0, 0
18200, 580006, 0, 0, 0
18300, 568223, 0, 0, 0
18400, 572115, 0, 0, 0
18500, 578034, 0, 0, 0
18600, 592243, 0, 0, 0
18700, 604071, 0, 0, 0
18800, 567228, 0, 0, 0
18900, 565188, 0, 0, 0
19000, 538357, 0, 0, 0
19100, 578855, 0, 0, 0
19200, 617068, 0, 0, 0
19300, 583461, 0, 0, 0
19400, 555224, 0, 0, 0
19500, 572146, 0, 0, 0
19600, 623026, 0, 0, 0
19700, 554044, 0, 0, 0
19800, 637224, 0, 0, 0
19900, 528169, 0, 0, 0
20000, 603229, 0, 0, 0
20100, 543167, 0, 0, 0
20200, 573806, 0, 0, 0
20300, 566760, 0, 0, 0
20400, 569556, 0, 0, 0
20500, 576201, 0, 0, 0
20600, 571977, 0, 0, 0
20700, 515183, 0, 0, 0
20800, 547885, 0, 0, 0
20900, 579347, 0, 0, 0
21000, 538348, 0, 0, 0
21100, 614695, 0, 0, 0
21200, 568303, 0, 0, 0
21300, 566656, 0, 0, 0
21400, 551378, 0, 0, 0
21500, 565712, 0, 0, 0
21600, 576825, 0, 0, 0
21700, 551236, 0, 0, 0
21800, 556851, 0, 0, 0
21900, 592227, 0, 0, 0
22000, 548279, 0, 0, 0
22100, 548339, 0, 0, 0
22200, 578039, 0, 0, 0
22300, 592835, 0, 0, 0
22400, 555271, 0, 0, 0
22500, 525018, 0, 0, 0
22600, 570162, 0, 0, 0
22700, 575577, 0, 0, 0
22800, 570491, 0, 0, 0
22900, 528095, 0, 0, 0
23000, 517003, 0, 0, 0
23100, 526962, 0, 0, 0
23200, 598617, 0, 0, 0
23300, 567984, 0, 0, 0
23400, 571885, 0, 0, 0
23500, 604530, 0, 0, 0
23600, 562840, 0, 0, 0
23700, 564453, 0, 0, 0
23800, 558101, 0, 0, 0
23900, 541296, 0, 0, 0
24000, 535067, 0, 0, 0
24100, 529245, 0, 0, 0
24200, 603751, 0, 0, 0
24300, 524544, 0, 0, 0
24400, 550183, 0, 0, 0
24500, 603463, 0, 0, 0
24600, 527288, 0, 0, 0
24700, 529237, 0, 0, 0
24800, 550535, 0, 0, 0
24900, 596064, 0, 0, 0
25000, 611032, 0, 0, 0
25100, 538065, 0, 0, 0
25200, 601302, 0, 0, 0
25300, 527279, 0, 0, 0
25400, 542760, 0, 0, 0
25500, 537779, 0, 0, 0
25600, 593318, 0, 0, 0
25700, 543959, 0, 0, 0
25800, 511518, 0, 0, 0
25900, 528827, 0, 0, 0
26000, 557082, 0, 0, 0
26100, 546878, 0, 0, 0
26200, 587243, 0, 0, 0
26300, 585350, 0, 0, 0
26400, 552983, 0, 0, 0
26500, 548903, 0, 0, 0
26600, 556768, 0, 0, 0
26700, 555062, 0, 0, 0
26800, 635928, 0, 0, 0
26900, 569447, 0, 0, 0
27000, 586972, 0, 0, 0
27100, 573188, 0, 0, 0
27200, 581569, 0, 0, 0
27300, 582390, 0, 0, 0
27400, 577878, 0, 0, 0
27500, 653599, 0, 0, 0
27600, 637443, 0, 0, 0
27700, 579558, 0, 0, 0
27800, 570210, 0, 0, 0
27900, 560544, 0, 0, 0
28000, 564958, 0, 0, 0
28100, 563050, 0, 0, 0
28200, 552545, 0, 0, 0
28300, 580550, 0, 0, 0
28400, 550424, 0, 0, 0
28500, 586381, 0, 0, 0
28600, 597775, 0, 0, 0
28700, 555172, 0, 0, 0
28800, 584011, 0, 0, 0
28900, 562646, 0, 0, 0
29000, 534348, 0, 0, 0
29100, 533515, 0, 0, 0
29200, 582946, 0, 0, 0
29300, 577157, 0, 0, 0
29400, 590036, 0, 0, 0
29500, 569829, 0, 0, 0
29600, 570319, 0, 0, 0
29700, 566040, 0, 0, 0
29800, 568579, 0, 0, 0
29900, 603450, 0, 0, 0
30000, 553329, 0, 0, 0
30100, 559872, 0, 0, 0
30200, 564397, 0, 0, 0
30300, 553357, 0, 0, 0
30400, 579648, 0, 0, 0
30500, 602448, 0, 0, 0
30600, 588173, 0, 0, 0
30700, 574045, 0, 0, 0
30800, 543951, 0, 0, 0
30900, 573428, 0, 0, 0
31000, 563610, 0, 0, 0
31100, 556088, 0, 0, 0
31200, 608704, 0, 0, 0
31300, 557797, 0, 0, 0
31400, 572946, 0, 0, 0
31500, 540971, 0, 0, 0
31600, 567159, 0, 0, 0
31700, 530300, 0, 0, 0
31800, 593274, 0, 0, 0
31900, 576099, 0, 0, 0
32000, 531411, 0, 0, 0
32100, 545666, 0, 0, 0
32200, 557267, 0, 0, 0
32300, 591238, 0, 0, 0
32400, 577794, 0, 0, 0
32500, 565970, 0, 0, 0
32600, 550997, 0, 0, 0
32700, 516047, 0, 0, 0
32800, 516023, 0, 0, 0
32900, 529071, 0, 0, 0
33000, 578055, 0, 0, 0
33100, 562161, 0, 0, 0
33200, 519893, 0, 0, 0
33300, 526264, 0, 0, 0
33400, 587370, 0, 0, 0
33500, 561459, 0, 0, 0
33600, 571955, 0, 0, 0
33700, 540771, 0, 0, 0
33800, 596950, 0, 0, 0
33900, 531484, 0, 0, 0
34000, 563664, 0, 0, 0
34100, 536257, 0, 0, 0
34200, 569492, 0, 0, 0
34300, 539585, 0, 0, 0
34400, 588324, 0, 0, 0
34500, 552243, 0, 0, 0
34600, 584939, 0, 0, 0
34700, 566327, 0, 0, 0
34800, 567436, 0, 0, 0
34900, 551695, 0, 0, 0
35000, 551075, 0, 0, 0
35100, 566670, 0, 0, 0
35200, 604702, 0, 0, 0
35300, 531699, 0, 0, 0
35400, 537049, 0, 0, 0
35500, 548049, 0, 0, 0
35600, 554055, 0, 0, 0
35700, 542885, 0, 0, 0
35800, 538745, 0, 0, 0
35900, 560297, 0, 0, 0
36000, 540409, 0, 0, 0
36100, 575509, 0, 0, 0
36200, 576681, 0, 0, 0
36300, 616258, 0, 0, 0
36400, 514848, 0, 0, 0
36500, 523857, 0, 0, 0
36600, 573064, 0, 0, 0
36700, 560873, 0, 0, 0
36800, 572799, 0, 0, 0
36900, 578983, 0, 0, 0
37000, 607104, 0, 0, 0
37100, 570682, 0, 0, 0
37200, 594354, 0, 0, 0
37300, 580976, 0, 0, 0
37400, 580039, 0, 0, 0
37500, 618926, 0, 0, 0
37600, 593467, 0, 0, 0
37700, 544884, 0, 0, 0
37800, 571987, 0, 0, 0
37900, 531745, 0, 0, 0
38000, 558747, 0, 0, 0
38100, 535849, 0, 0, 0
38200, 578070, 0, 0, 0
38300, 542679, 0, 0, 0
38400, 543636, 0, 0, 0
38500, 562080, 0, 0, 0
38600, 526002, 0, 0, 0
38700, 571754, 0, 0, 0
38800, 551944, 0, 0, 0
38900, 557085, 0, 0, 0
39000, 544970, 0, 0, 0
39100, 530987, 0, 0, 0
39200, 575868, 0, 0, 0
39300, 546720, 0, 0, 0
39400, 575042, 0, 0, 0
39500, 511899, 0, 0, 0
39600, 554102, 0, 0, 0
39700, 542134, 0, 0, 0
39800, 538434, 0, 0, 0
39900, 585055, 0, 0, 0
40000, 595771, 0, 0, 0
40100, 590161, 0, 0, 0
40200, 610252, 0, 0, 0
40300, 614131, 0, 0, 0
40400, 558231, 0, 0, 0
40500, 597408, 0, 0, 0
40600, 611007, 0, 0, 0
40700, 558522, 0, 0, 0
40800, 612738, 0, 0, 0
40900, 604932, 0, 0, 0
41000, 574972, 0, 0, 0
41100, 577868, 0, 0, 0
41200, 613016, 0, 0, 0
41300, 561073, 0, 0, 0
41400, 570994, 0, 0, 0
41500, 562547, 0, 0, 0
41600, 575953, 0, 0, 0
41700, 559868, 0, 0, 0
41800, 550029, 0, 0, 0
41900, 562476, 0, 0, 0
42000, 593452, 0, 0, 0
42100, 580254, 0, 0, 0
42200, 580444, 0, 0, 0
42300, 643366, 0, 0, 0
42400, 565875, 0, 0, 0
42500, 565418, 0, 0, 0
42600, 575291, 0, 0, 0
42700, 572959, 0, 0, 0
42800, 583806, 0, 0, 0
42900, 612722, 0, 0, 0
43000, 600375, 0, 0, 0
43100, 550606, 0, 0, 0
43200, 555457, 0, 0, 0
43300, 651109, 0, 0, 0
43400, 590170, 0, 0, 0
43500, 558534, 0, 0, 0
43600, 561069, 0, 0, 0
43700, 619983, 0, 0, 0
43800, 561298, 0, 0, 0
43900, 554554, 0, 0, 0
44000, 524448, 0, 0, 0
44100, 560440, 0, 0, 0
44200, 523501, 0, 0, 0
44300, 539480, 0, 0, 0
44400, 576635, 0, 0, 0
44500, 540096, 0, 0, 0
44600, 535931, 0, 0, 0
44700, 571730, 0, 0, 0
44800, 559635, 0, 0, 0
44900, 542852, 0, 0, 0
45000, 594627, 0, 0, 0
45100, 560923, 0, 0, 0
45200, 571820, 0, 0, 0
45300, 579039, 0, 0, 0
45400, 575161, 0, 0, 0
45500, 516539, 0, 0, 0
45600, 569044, 0, 0, 0
45700, 563328, 0, 0, 0
45800, 561257, 0, 0, 0
45900, 557008, 0, 0, 0
46000, 593833, 0, 0, 0
46100, 570409, 0, 0, 0
46200, 562452, 0, 0, 0
46300, 590457, 0, 0, 0
46400, 557039, 0, 0, 0
46500, 590339, 0, 0, 0
46600, 559920, 0, 0, 0
46700, 544241, 0, 0, 0
46800, 608180, 0, 0, 0
46900, 591426, 0, 0, 0
47000, 555703, 0, 0, 0
47100, 566791, 0, 0, 0
47200, 523249, 0, 0, 0
47300, 563199, 0, 0, 0
47400, 536579, 0, 0, 0
47500, 586213, 0, 0, 0
47600, 602159, 0, 0, 0
47700, 607656, 0, 0, 0
47800, 605315, 0, 0, 0
47900, 592682, 0, 0, 0
48000, 679264, 0, 0, 0
48100, 588570, 0, 0, 0
48200, 591425, 0, 0, 0
48300, 564380, 0, 0, 0
48400, 615813, 0, 0, 0
48500, 572407, 0, 0, 0
48600, 589291, 0, 0, 0
48700, 569921, 0, 0, 0
48800, 566296, 0, 0, 0
48900, 565285, 0, 0, 0
49000, 545032, 0, 0, 0
49100, 556427, 0, 0, 0
49200, 555894, 0, 0, 0
49300, 566769, 0, 0, 0
49400, 545493, 0, 0, 0
49500, 545554, 0, 0, 0
49600, 570318, 0, 0, 0
49700, 534454, 0, 0, 0
49800, 587471, 0, 0, 0
49900, 568241, 0, 0, 0
50000, 573503, 0, 0, 0
50100, 555361, 0, 0, 0
50200, 570294, 0, 0, 0
50300, 582415, 0, 0, 0
50400, 628818, 0, 0, 0
50500, 559913, 0, 0, 0
50600, 562816, 0, 0, 0
50700, 532340, 0, 0, 0
50800, 584782, 0, 0, 0
50900, 582428, 0, 0, 0
51000, 569698, 0, 0, 0
51100, 571030, 0, 0, 0
51200, 555660, 0, 0, 0
51300, 555081, 0, 0, 0
51400, 558469, 0, 0, 0
51500, 542497, 0, 0, 0
51600, 547001, 0, 0, 0
51700, 560375, 0, 0, 0
51800, 576137, 0, 0, 0
51900, 569563, 0, 0, 0
52000, 570865, 0, 0, 0
52100, 589130, 0, 0, 0
52200, 572301, 0, 0, 0
52300, 520834, 0, 0, 0
52400, 557006, 0, 0, 0
52500, 643504, 0, 0, 0
52600, 659278, 0, 0, 0
52700, 520126, 0, 0, 0
52800, 573698, 0, 0, 0
52900, 552693, 0, 0, 0
53000, 541638, 0, 0, 0
53100, 570021, 0, 0, 0
53200, 532713, 0, 0, 0
53300, 565452, 0, 0, 0
53400, 597494, 0, 0, 0
53500, 550618, 0, 0, 0
53600, 564598, 0, 0, 0
53700, 553776, 0, 0, 0
53800, 538120, 0, 0, 0
53900, 553352, 0, 0, 0
54000, 575441, 0, 0, 0
54100, 544941, 0, 0, 0
54200, 557864, 0, 0, 0
54300, 571048, 0, 0, 0
54400, 571590, 0, 0, 0
54500, 580868, 0, 0, 0
54600, 604720, 0, 0, 0
54700, 613093, 0, 0, 0
54800, 580253, 0, 0, 0
54900, 537072, 0, 0, 0
55000, 522849, 0, 0, 0
55100, 561273, 0, 0, 0
55200, 541379, 0, 0, 0
55300, 569894, 0, 0, 0
55400, 566921, 0, 0, 0
55500, 587576, 0, 0, 0
55600, 573321, 0, 0, 0
55700, 546587, 0, 0, 0
55800, 550879, 0, 0, 0
55900, 570267, 0, 0, 0
56000, 602099, 0, 0, 0
56100, 552364, 0, 0, 0
56200, 543639, 0, 0, 0
56300, 559747, 0, 0, 0
56400, 531466, 0, 0, 0
56500, 629361, 0, 0, 0
56600, 565475, 0, 0, 0
56700, 590427, 0, 0, 0
56800, 537533, 0, 0, 0
56900, 545540, 0, 0, 0
57000, 568114, 0, 0, 0
57100, 561394, 0, 0, 0
57200, 537940, 0, 0, 0
57300, 597562, 0, 0, 0
57400, 557623, 0, 0, 0
57500, 543242, 0, 0, 0
57600, 536756, 0, 0, 0
57700, 553309, 0, 0, 0
57800, 556380, 0, 0, 0
57900, 524412, 0, 0, 0
58000, 560494, 0, 0, 0
58100, 528055, 0, 0, 0
58200, 552527, 0, 0, 0
58300, 538173, 0, 0, 0
58400, 549435, 0, 0, 0
58500, 539352, 0, 0, 0
58600, 652401, 0, 0, 0
58700, 538738, 0, 0, 0
58800, 564799, 0, 0, 0
58900, 579199, 0, 0, 0
59000, 539365, 0, 0, 0
59100, 567247, 0, 0, 0
59200, 616463, 0, 0, 0
59300, 516404, 0, 0, 0
59400, 567703, 0, 0, 0
59500, 554942, 0, 0, 0
59600, 503778, 0, 0, 0
59700, 541953, 0, 0, 0
59800, 591634, 0, 0, 0
59900, 590248, 0, 0, 0
60000, 574728, 0, 0, 0
60100, 543026, 0, 0, 0
60200, 580340, 0, 0, 0
60300, 543294, 0, 0, 0
60400, 582881, 0, 0, 0
60500, 585019, 0, 0, 0
60600, 526435, 0, 0, 0
60700, 614603, 0, 0, 0
60800, 554007, 0, 0, 0
60900, 560512, 0, 0, 0
61000, 654428, 0, 0, 0
61100, 570647, 0, 0, 0
61200, 549631, 0, 0, 0
61300, 616311, 0, 0, 0
61400, 569817, 0, 0, 0
61500, 558761, 0, 0, 0
61600, 675877, 0, 0, 0
61700, 549549, 0, 0, 0
61800, 549150, 0, 0, 0
61900, 593301, 0, 0, 0
62000, 587522, 0, 0, 0
62100, 527978, 0, 0, 0
62200, 523642, 0, 0, 0
62300, 555877, 0, 0, 0
62400, 578815, 0, 0, 0
62500, 600137, 0, 0, 0
62600, 553006, 0, 0, 0
62700, 545898, 0, 0, 0
62800, 612431, 0, 0, 0
62900, 580907, 0, 0, 0
63000, 586852, 0, 0, 0
63100, 548215, 0, 0, 0
63200, 535373, 0, 0, 0
63300, 575690, 0, 0, 0
63400, 603638, 0, 0, 0
63501, 557224, 0, 0, 0
63600, 562575, 0, 0, 0
63700, 566666, 0, 0, 0
63800, 570993, 0, 0, 0
63900, 550954, 0, 0, 0
64000, 579588, 0, 0, 0
64100, 587871, 0, 0, 0
64200, 537072, 0, 0, 0
64300, 552465, 0, 0, 0
64401, 565332, 0, 0, 0
64500, 560603, 0, 0, 0
64600, 582386, 0, 0, 0
64702, 607320, 0, 0, 0
64800, 619702, 0, 0, 0
64900, 574207, 0, 0, 0
65000, 559535, 0, 0, 0
65100, 541815, 0, 0, 0
65200, 568586, 0, 0, 0
65300, 570084, 0, 0, 0
65400, 580997, 0, 0, 0
65500, 561614, 0, 0, 0
65600, 575984, 0, 0, 0
65700, 554190, 0, 0, 0
65800, 562721, 0, 0, 0
65900, 559459, 0, 0, 0
66000, 556512, 0, 0, 0
66100, 525513, 0, 0, 0
66200, 627904, 0, 0, 0
66300, 562484, 0, 0, 0
66400, 521057, 0, 0, 0
66500, 617417, 0, 0, 0
66600, 589576, 0, 0, 0
66700, 561683, 0, 0, 0
66800, 606866, 0, 0, 0
66900, 542339, 0, 0, 0
67000, 558188, 0, 0, 0
67100, 617560, 0, 0, 0
67200, 559058, 0, 0, 0
67300, 632136, 0, 0, 0
67400, 560195, 0, 0, 0
67500, 607539, 0, 0, 0
67600, 523207, 0, 0, 0
67700, 520093, 0, 0, 0
67800, 569901, 0, 0, 0
67900, 554483, 0, 0, 0
68000, 541373, 0, 0, 0
68100, 614099, 0, 0, 0
68200, 548350, 0, 0, 0
68300, 554625, 0, 0, 0
68400, 595319, 0, 0, 0
68500, 577923, 0, 0, 0
68600, 555600, 0, 0, 0
68700, 584877, 0, 0, 0
68800, 572914, 0, 0, 0
68900, 551637, 0, 0, 0
69000, 563289, 0, 0, 0
69100, 535966, 0, 0, 0
69200, 564890, 0, 0, 0
69300, 604918, 0, 0, 0
69400, 547253, 0, 0, 0
69500, 531890, 0, 0, 0
69600, 570285, 0, 0, 0
69700, 524360, 0, 0, 0
69800, 558568, 0, 0, 0
69900, 643306, 0, 0, 0
70000, 559379, 0, 0, 0
70100, 607569, 0, 0, 0
70200, 556702, 0, 0, 0
70300, 553926, 0, 0, 0
70400, 601569, 0, 0, 0
70500, 570842, 0, 0, 0
70600, 571493, 0, 0, 0
70700, 559234, 0, 0, 0
70800, 574038, 0, 0, 0
70900, 557792, 0, 0, 0
71000, 529636, 0, 0, 0
71100, 523427, 0, 0, 0
71200, 573752, 0, 0, 0
71300, 572007, 0, 0, 0
71400, 575950, 0, 0, 0
71500, 743274, 0, 0, 0
71600, 593368, 0, 0, 0
71700, 573014, 0, 0, 0
71800, 586396, 0, 0, 0
71900, 558042, 0, 0, 0
72000, 576519, 0, 0, 0
72100, 613368, 0, 0, 0
72200, 544463, 0, 0, 0
72300, 568026, 0, 0, 0
72400, 613603, 0, 0, 0
72500, 562677, 0, 0, 0
72600, 544061, 0, 0, 0
72700, 531067, 0, 0, 0
72800, 590801, 0, 0, 0
72900, 586547, 0, 0, 0
73000, 603071, 0, 0, 0
73100, 561633, 0, 0, 0
73200, 572463, 0, 0, 0
73300, 560940, 0, 0, 0
73400, 602920, 0, 0, 0
73500, 659602, 0, 0, 0
73600, 573523, 0, 0, 0
73700, 562774, 0, 0, 0
73800, 564930, 0, 0, 0
73900, 571454, 0, 0, 0
74000, 542879, 0, 0, 0
74100, 611053, 0, 0, 0
74200, 552860, 0, 0, 0
74300, 555725, 0, 0, 0
74400, 541907, 0, 0, 0
74500, 584328, 0, 0, 0
74600, 615184, 0, 0, 0
74700, 593059, 0, 0, 0
74800, 554911, 0, 0, 0
74900, 586400, 0, 0, 0
75000, 564364, 0, 0, 0
75100, 550873, 0, 0, 0
75200, 597450, 0, 0, 0
75300, 549730, 0, 0, 0
75400, 567728, 0, 0, 0
75500, 568068, 0, 0, 0
75600, 616891, 0, 0, 0
75700, 601995, 0, 0, 0
75800, 626554, 0, 0, 0
75900, 539223, 0, 0, 0
76000, 614209, 0, 0, 0
76100, 596916, 0, 0, 0
76200, 551248, 0, 0, 0
76300, 601813, 0, 0, 0
76400, 578051, 0, 0, 0
76501, 578851, 0, 0, 0
76600, 682262, 0, 0, 0
76700, 555692, 0, 0, 0
76800, 550647, 0, 0, 0
76900, 565233, 0, 0, 0
77000, 600850, 0, 0, 0
77103, 652799, 0, 0, 0
77200, 616606, 0, 0, 0
77300, 604933, 0, 0, 0
77400, 601344, 0, 0, 0
77500, 622383, 0, 0, 0
77600, 585438, 0, 0, 0
77700, 560074, 0, 0, 0
77800, 584391, 0, 0, 0
77900, 568915, 0, 0, 0
78000, 574538, 0, 0, 0
78100, 569615, 0, 0, 0
78200, 546972, 0, 0, 0
78300, 568891, 0, 0, 0
78400, 542270, 0, 0, 0
78500, 621116, 0, 0, 0
78600, 546124, 0, 0, 0
78700, 641101, 0, 0, 0
78800, 637460, 0, 0, 0
78900, 554636, 0, 0, 0
79000, 579033, 0, 0, 0
79100, 598583, 0, 0, 0
79200, 618890, 0, 0, 0
79300, 634940, 0, 0, 0
79400, 556422, 0, 0, 0
79500, 602048, 0, 0, 0
79600, 604093, 0, 0, 0
79700, 584156, 0, 0, 0
79800, 554109, 0, 0, 0
79900, 568481, 0, 0, 0
80000, 581857, 0, 0, 0
80100, 637489, 0, 0, 0
80200, 641406, 0, 0, 0
80300, 558827, 0, 0, 0
80400, 587630, 0, 0, 0
80500, 530102, 0, 0, 0
80600, 547465, 0, 0, 0
80700, 537369, 0, 0, 0
80800, 572508, 0, 0, 0
80900, 579954, 0, 0, 0
81000, 579324, 0, 0, 0
81100, 590839, 0, 0, 0
81200, 571752, 0, 0, 0
81300, 574796, 0, 0, 0
81400, 580699, 0, 0, 0
81500, 575622, 0, 0, 0
81605, 641345, 0, 0, 0
81700, 592456, 0, 0, 0
81800, 598920, 0, 0, 0
81900, 603085, 0, 0, 0
82000, 619983, 0, 0, 0
82100, 570129, 0, 0, 0
82200, 621721, 0, 0, 0
82300, 550120, 0, 0, 0
82400, 552933, 0, 0, 0
82500, 557697, 0, 0, 0
82600, 557702, 0, 0, 0
82700, 543289, 0, 0, 0
82800, 554937, 0, 0, 0
82900, 555748, 0, 0, 0
83000, 577226, 0, 0, 0
83100, 556774, 0, 0, 0
83200, 655538, 0, 0, 0
83300, 590341, 0, 0, 0
83400, 642376, 0, 0, 0
83500, 565589, 0, 0, 0
83600, 594550, 0, 0, 0
83700, 555912, 0, 0, 0
83800, 586135, 0, 0, 0
83900, 561989, 0, 0, 0
84000, 547126, 0, 0, 0
84100, 609142, 0, 0, 0
84200, 560863, 0, 0, 0
84300, 550312, 0, 0, 0
84400, 569230, 0, 0, 0
84500, 560388, 0, 0, 0
84600, 562532, 0, 0, 0
84700, 575093, 0, 0, 0
84800, 539194, 0, 0, 0
84900, 628154, 0, 0, 0
85000, 597879, 0, 0, 0
85100, 574366, 0, 0, 0
85200, 600494, 0, 0, 0
85300, 580241, 0, 0, 0
85400, 561762, 0, 0, 0
85500, 752610, 0, 0, 0
85600, 652414, 0, 0, 0
85700, 676934, 0, 0, 0
85800, 605730, 0, 0, 0
85900, 626686, 0, 0, 0
86000, 578838, 0, 0, 0
86100, 574732, 0, 0, 0
86200, 625309, 0, 0, 0
86300, 602077, 0, 0, 0
86400, 603422, 0, 0, 0
86500, 583248, 0, 0, 0
86600, 551542, 0, 0, 0
86700, 742329, 0, 0, 0
86800, 566117, 0, 0, 0
86900, 573296, 0, 0, 0
87000, 584265, 0, 0, 0
87100, 574475, 0, 0, 0
87200, 660428, 0, 0, 0
87300, 589327, 0, 0, 0
87400, 570153, 0, 0, 0
87500, 568407, 0, 0, 0
87600, 568718, 0, 0, 0
87700, 618339, 0, 0, 0
87800, 542723, 0, 0, 0
87900, 599673, 0, 0, 0
88000, 585866, 0, 0, 0
88100, 597276, 0, 0, 0
88206, 697730, 0, 0, 0
88300, 612735, 0, 0, 0
88400, 586197, 0, 0, 0
88505, 619241, 0, 0, 0
88600, 596996, 0, 0, 0
88700, 585141, 0, 0, 0
88801, 602095, 0, 0, 0
88900, 585501, 0, 0, 0
89000, 602460, 0, 0, 0
89100, 621471, 0, 0, 0
89200, 548279, 0, 0, 0
89300, 563693, 0, 0, 0
89400, 637132, 0, 0, 0
89500, 571061, 0, 0, 0
89600, 586601, 0, 0, 0
89700, 562499, 0, 0, 0
89800, 643804, 0, 0, 0
89900, 599966, 0, 0, 0
90000, 566028, 0, 0, 0
