250, 38912, 1, 0, 0
350, 20480, 1, 0, 0
450, 30720, 1, 0, 0
550, 10240, 1, 0, 0
650, 30720, 1, 0, 0
750, 31030, 1, 0, 0
850, 20480, 1, 0, 0
950, 30720, 1, 0, 0
1050, 10240, 1, 0, 0
1150, 30720, 1, 0, 0
1249, 20686, 1, 0, 0
1349, 30720, 1, 0, 0
1449, 10240, 1, 0, 0
1549, 30720, 1, 0, 0
1649, 30720, 1, 0, 0
1750, 30720, 1, 0, 0
1850, 30720, 1, 0, 0
1950, 30720, 1, 0, 0
2050, 30720, 1, 0, 0
2150, 30720, 1, 0, 0
2249, 5171, 1, 0, 0
2349, 30720, 1, 0, 0
2449, 25600, 1, 0, 0
2550, 30720, 1, 0, 0
2650, 30720, 1, 0, 0
2749, 5171, 1, 0, 0
2849, 25600, 1, 0, 0
2949, 30720, 1, 0, 0
3049, 30720, 1, 0, 0
3149, 5120, 1, 0, 0
3250, 30720, 1, 0, 0
3350, 25600, 1, 0, 0
3450, 35840, 1, 0, 0
3550, 30720, 1, 0, 0
3650, 30720, 1, 0, 0
3749, 31030, 1, 0, 0
3849, 25600, 1, 0, 0
3949, 30720, 1, 0, 0
4049, 30720, 1, 0, 0
4150, 5120, 1, 0, 0
4249, 31030, 1, 0, 0
4349, 25600, 1, 0, 0
4449, 30720, 1, 0, 0
4549, 5120, 1, 0, 0
4649, 30720, 1, 0, 0
4749, 25600, 1, 0, 0
4849, 30720, 1, 0, 0
4949, 30720, 1, 0, 0
5050, 5120, 1, 0, 0
5150, 30720, 1, 0, 0
5249, 56888, 1, 0, 0
5349, 30720, 1, 0, 0
5449, 10240, 1, 0, 0
5549, 20480, 1, 0, 0
5649, 30720, 1, 0, 0
5749, 20480, 1, 0, 0
5849, 20480, 1, 0, 0
5950, 20480, 1, 0, 0
6050, 30720, 1, 0, 0
6150, 30720, 1, 0, 0
6249, 10343, 1, 0, 0
6349, 30720, 1, 0, 0
6449, 20480, 1, 0, 0
6549, 30720, 1, 0, 0
6649, 15360, 1, 0, 0
6750, 56320, 1, 0, 0
6850, 30720, 1, 0, 0
6950, 30720, 1, 0, 0
7050, 35840, 1, 0, 0
7150, 30720, 1, 0, 0
7249, 31030, 1, 0, 0
7349, 30720, 1, 0, 0
7449, 30720, 1, 0, 0
7549, 30720, 1, 0, 0
7650, 30720, 1, 0, 0
7749, 31030, 1, 0, 0
7949, 30720, 1, 0, 0
8049, 30720, 1, 0, 0
8149, 30720, 1, 0, 0
8249, 30720, 1, 0, 0
8349, 30720, 1, 0, 0
8449, 30720, 1, 0, 0
8549, 30720, 1, 0, 0
8650, 30720, 1, 0, 0
8749, 31030, 1, 0, 0
8849, 30720, 1, 0, 0
9049, 30720, 1, 0, 0
9149, 30720, 1, 0, 0
9249, 30720, 1, 0, 0
9449, 30720, 1, 0, 0
9550, 30720, 1, 0, 0
9650, 30720, 1, 0, 0
9849, 30720, 1, 0, 0
9949, 30720, 1, 0, 0
10049, 30720, 1, 0, 0
10149, 30720, 1, 0, 0
10350, 30720, 1, 0, 0
10450, 30720, 1, 0, 0
10550, 30720, 1, 0, 0
10749, 31030, 1, 0, 0
10849, 30720, 1, 0, 0
10949, 30720, 1, 0, 0
11050, 30720, 1, 0, 0
11150, 20480, 1, 0, 0
11249, 10343, 1, 0, 0
11349, 30720, 1, 0, 0
11449, 30720, 1, 0, 0
11549, 30720, 1, 0, 0
11649, 30720, 1, 0, 0
11850, 30720, 1, 0, 0
11950, 30720, 1, 0, 0
12050, 30720, 1, 0, 0
12150, 40960, 1, 0, 0
12249, 20686, 1, 0, 0
12349, 30720, 1, 0, 0
12449, 30720, 1, 0, 0
12549, 10240, 1, 0, 0
12649, 30720, 1, 0, 0
12749, 20480, 1, 0, 0
12850, 30720, 1, 0, 0
12950, 30720, 1, 0, 0
13050, 30720, 1, 0, 0
13150, 10240, 1, 0, 0
13249, 31030, 1, 0, 0
13349, 20480, 1, 0, 0
13449, 30720, 1, 0, 0
13549, 30720, 1, 0, 0
13650, 10240, 1, 0, 0
13750, 30720, 1, 0, 0
13850, 20480, 1, 0, 0
13950, 30720, 1, 0, 0
14050, 30720, 1, 0, 0
14150, 10240, 1, 0, 0
14249, 31030, 1, 0, 0
14349, 20480, 1, 0, 0
14449, 30720, 1, 0, 0
14549, 30720, 1, 0, 0
14650, 10240, 1, 0, 0
14749, 31030, 1, 0, 0
14849, 20480, 1, 0, 0
14949, 30720, 1, 0, 0
15049, 10240, 1, 0, 0
15149, 30720, 1, 0, 0
15249, 30720, 1, 0, 0
15350, 20480, 1, 0, 0
15450, 30720, 1, 0, 0
15550, 30720, 1, 0, 0
15650, 10240, 1, 0, 0
15749, 20686, 1, 0, 0
15849, 30720, 1, 0, 0
15949, 30720, 1, 0, 0
16050, 10240, 1, 0, 0
16150, 30720, 1, 0, 0
16249, 20686, 1, 0, 0
16349, 30720, 1, 0, 0
16449, 30720, 1, 0, 0
16549, 10240, 1, 0, 0
16649, 20480, 1, 0, 0
16750, 30720, 1, 0, 0
16850, 30720, 1, 0, 0
16950, 10240, 1, 0, 0
17050, 30720, 1, 0, 0
17150, 20480, 1, 0, 0
17249, 31030, 1, 0, 0
17349, 10240, 1, 0, 0
17449, 20480, 1, 0, 0
17549, 30720, 1, 0, 0
17650, 10240, 1, 0, 0
17749, 31030, 1, 0, 0
17849, 20480, 1, 0, 0
17949, 10240, 1, 0, 0
18049, 20480, 1, 0, 0
18149, 30720, 1, 0, 0
18249, 10240, 1, 0, 0
18349, 30720, 1, 0, 0
18450, 30720, 1, 0, 0
18550, 30720, 1, 0, 0
18650, 30720, 1, 0, 0
18749, 31030, 1, 0, 0
18849, 30720, 1, 0, 0
18949, 30720, 1, 0, 0
19149, 30720, 1, 0, 0
19249, 30720, 1, 0, 0
19349, 30720, 1, 0, 0
19550, 30720, 1, 0, 0
19650, 30720, 1, 0, 0
19849, 30720, 1, 0, 0
19949, 30720, 1, 0, 0
20049, 5120, 1, 0, 0
20149, 25600, 1, 0, 0
20249, 30720, 1, 0, 0
20350, 30720, 1, 0, 0
20550, 30720, 1, 0, 0
20650, 30720, 1, 0, 0
20849, 30720, 1, 0, 0
20949, 30720, 1, 0, 0
21050, 30720, 1, 0, 0
21249, 31030, 1, 0, 0
21449, 30720, 1, 0, 0
21549, 30720, 1, 0, 0
21649, 30720, 1, 0, 0
21849, 30720, 1, 0, 0
21949, 30720, 1, 0, 0
22050, 30720, 1, 0, 0
22150, 5120, 1, 0, 0
22249, 25858, 1, 0, 0
22349, 30720, 1, 0, 0
22449, 30720, 1, 0, 0
22549, 30720, 1, 0, 0
22649, 25600, 1, 0, 0
22750, 5120, 1, 0, 0
22850, 30720, 1, 0, 0
22950, 30720, 1, 0, 0
23050, 30720, 1, 0, 0
23150, 30720, 1, 0, 0
23249, 31030, 1, 0, 0
23349, 61440, 1, 0, 0
23449, 30720, 1, 0, 0
23550, 30720, 1, 0, 0
23749, 31030, 1, 0, 0
23849, 30720, 1, 0, 0
23949, 30720, 1, 0, 0
24049, 30720, 1, 0, 0
24249, 30720, 1, 0, 0
24349, 30720, 1, 0, 0
24450, 30720, 1, 0, 0
24550, 30720, 1, 0, 0
24749, 31030, 1, 0, 0
24849, 30720, 1, 0, 0
24949, 30720, 1, 0, 0
25049, 30720, 1, 0, 0
25150, 30720, 1, 0, 0
25249, 5171, 1, 0, 0
25349, 25600, 1, 0, 0
25449, 30720, 1, 0, 0
25549, 30720, 1, 0, 0
25649, 30720, 1, 0, 0
25749, 5120, 1, 0, 0
25849, 25600, 1, 0, 0
25949, 30720, 1, 0, 0
26050, 30720, 1, 0, 0
26150, 30720, 1, 0, 0
26249, 5171, 1, 0, 0
26349, 25600, 1, 0, 0
26449, 30720, 1, 0, 0
26549, 5120, 1, 0, 0
26649, 30720, 1, 0, 0
26749, 30720, 1, 0, 0
26849, 30720, 1, 0, 0
26949, 30720, 1, 0, 0
27049, 30720, 1, 0, 0
27149, 5120, 1, 0, 0
27250, 30720, 1, 0, 0
27350, 25600, 1, 0, 0
27450, 30720, 1, 0, 0
27550, 30720, 1, 0, 0
27650, 5120, 1, 0, 0
27749, 31030, 1, 0, 0
27849, 30720, 1, 0, 0
27949, 25600, 1, 0, 0
28049, 30720, 1, 0, 0
28150, 30720, 1, 0, 0
28249, 31030, 1, 0, 0
28349, 35840, 1, 0, 0
28449, 30720, 1, 0, 0
28549, 30720, 1, 0, 0
28649, 30720, 1, 0, 0
28749, 30720, 1, 0, 0
28849, 30720, 1, 0, 0
28949, 30720, 1, 0, 0
29050, 30720, 1, 0, 0
29249, 31030, 1, 0, 0
29349, 30720, 1, 0, 0
29449, 30720, 1, 0, 0
29549, 30720, 1, 0, 0
29649, 30720, 1, 0, 0
29749, 30720, 1, 0, 0
29949, 30720, 1, 0, 0
30049, 30720, 1, 0, 0
30149, 30720, 1, 0, 0
30250, 30720, 1, 0, 0
30350, 30720, 1, 0, 0
30450, 30720, 1, 0, 0
30550, 30720, 1, 0, 0
30650, 30720, 1, 0, 0
30749, 31030, 1, 0, 0
30849, 25600, 1, 0, 0
30949, 10240, 1, 0, 0
31050, 25600, 1, 0, 0
31150, 30720, 1, 0, 0
31249, 31030, 1, 0, 0
31349, 30720, 1, 0, 0
31449, 30720, 1, 0, 0
31549, 30720, 1, 0, 0
31649, 30720, 1, 0, 0
31749, 30720, 1, 0, 0
31849, 30720, 1, 0, 0
31949, 30720, 1, 0, 0
32050, 30720, 1, 0, 0
32150, 30720, 1, 0, 0
32249, 31030, 1, 0, 0
32449, 30720, 1, 0, 0
32550, 30720, 1, 0, 0
32650, 30720, 1, 0, 0
32749, 31030, 1, 0, 0
32949, 30720, 1, 0, 0
33049, 30720, 1, 0, 0
33149, 30720, 1, 0, 0
33249, 30720, 1, 0, 0
33449, 30720, 1, 0, 0
33549, 61440, 1, 0, 0
33649, 30720, 1, 0, 0
33750, 30720, 1, 0, 0
33950, 30720, 1, 0, 0
34050, 30720, 1, 0, 0
34150, 30720, 1, 0, 0
34349, 30720, 1, 0, 0
34450, 30720, 1, 0, 0
34550, 30720, 1, 0, 0
34650, 30720, 1, 0, 0
34849, 30720, 1, 0, 0
34949, 30720, 1, 0, 0
35049, 30720, 1, 0, 0
35150, 35840, 1, 0, 0
35250, 30720, 1, 0, 0
35350, 30720, 1, 0, 0
35450, 30720, 1, 0, 0
35550, 30720, 1, 0, 0
35749, 31030, 1, 0, 0
35849, 30720, 1, 0, 0
35949, 30720, 1, 0, 0
36049, 30720, 1, 0, 0
36150, 20480, 1, 0, 0
36249, 10343, 1, 0, 0
36349, 30720, 1, 0, 0
36449, 30720, 1, 0, 0
36549, 30720, 1, 0, 0
36749, 30720, 1, 0, 0
36849, 30720, 1, 0, 0
36949, 30720, 1, 0, 0
37050, 30720, 1, 0, 0
37150, 30720, 1, 0, 0
37249, 31030, 1, 0, 0
37349, 35840, 1, 0, 0
37449, 25600, 1, 0, 0
37549, 30720, 1, 0, 0
37649, 30720, 1, 0, 0
37750, 5120, 1, 0, 0
37850, 30720, 1, 0, 0
37950, 25600, 1, 0, 0
38050, 30720, 1, 0, 0
38150, 30720, 1, 0, 0
38249, 5171, 1, 0, 0
38349, 30720, 1, 0, 0
38449, 25600, 1, 0, 0
38550, 30720, 1, 0, 0
38650, 30720, 1, 0, 0
38749, 36202, 1, 0, 0
38849, 30720, 1, 0, 0
38949, 30720, 1, 0, 0
39049, 30720, 1, 0, 0
39149, 30720, 1, 0, 0
39249, 30720, 1, 0, 0
39350, 30720, 1, 0, 0
39450, 5120, 1, 0, 0
39550, 25600, 1, 0, 0
39650, 30720, 1, 0, 0
39749, 31030, 1, 0, 0
39849, 5120, 1, 0, 0
39949, 30720, 1, 0, 0
40049, 25600, 1, 0, 0
40149, 30720, 1, 0, 0
40250, 30720, 1, 0, 0
40350, 10240, 1, 0, 0
40450, 25600, 1, 0, 0
40550, 25600, 1, 0, 0
40650, 35840, 1, 0, 0
40749, 31030, 1, 0, 0
40849, 25600, 1, 0, 0
40949, 30720, 1, 0, 0
41049, 30720, 1, 0, 0
41150, 5120, 1, 0, 0
41249, 31030, 1, 0, 0
41349, 25600, 1, 0, 0
41449, 30720, 1, 0, 0
41549, 5120, 1, 0, 0
41649, 30720, 1, 0, 0
41749, 25600, 1, 0, 0
41849, 30720, 1, 0, 0
41950, 5120, 1, 0, 0
42050, 25600, 1, 0, 0
42150, 30720, 1, 0, 0
42249, 5171, 1, 0, 0
42349, 25600, 1, 0, 0
42449, 35840, 1, 0, 0
42550, 30720, 1, 0, 0
42650, 30720, 1, 0, 0
42749, 5171, 1, 0, 0
42849, 25600, 1, 0, 0
42949, 30720, 1, 0, 0
43049, 30720, 1, 0, 0
43149, 5120, 1, 0, 0
43249, 25600, 1, 0, 0
43349, 30720, 1, 0, 0
43450, 5120, 1, 0, 0
43550, 25600, 1, 0, 0
43650, 30720, 1, 0, 0
43749, 5171, 1, 0, 0
43849, 30720, 1, 0, 0
43949, 25600, 1, 0, 0
44049, 5120, 1, 0, 0
44149, 30720, 1, 0, 0
44250, 30720, 1, 0, 0
44350, 20480, 1, 0, 0
44450, 30720, 1, 0, 0
44550, 10240, 1, 0, 0
44650, 30720, 1, 0, 0
44749, 20686, 1, 0, 0
44849, 30720, 1, 0, 0
44950, 10240, 1, 0, 0
45050, 20480, 1, 0, 0
45150, 30720, 1, 0, 0
45249, 10343, 1, 0, 0
45349, 30720, 1, 0, 0
45449, 20480, 1, 0, 0
45549, 10240, 1, 0, 0
45650, 30720, 1, 0, 0
45749, 31030, 1, 0, 0
45849, 30720, 1, 0, 0
45949, 30720, 1, 0, 0
46149, 30720, 1, 0, 0
46249, 30720, 1, 0, 0
46350, 30720, 1, 0, 0
46450, 30720, 1, 0, 0
46550, 30720, 1, 0, 0
46650, 25600, 1, 0, 0
46749, 5171, 1, 0, 0
46849, 30720, 1, 0, 0
46949, 30720, 1, 0, 0
47049, 30720, 1, 0, 0
47150, 25600, 1, 0, 0
47249, 20686, 1, 0, 0
47349, 30720, 1, 0, 0
47449, 30720, 1, 0, 0
47549, 30720, 1, 0, 0
47649, 30720, 1, 0, 0
47749, 30720, 1, 0, 0
47950, 30720, 1, 0, 0
48050, 30720, 1, 0, 0
48150, 30720, 1, 0, 0
48249, 31030, 1, 0, 0
48449, 30720, 1, 0, 0
48549, 30720, 1, 0, 0
48649, 30720, 1, 0, 0
48850, 30720, 1, 0, 0
48950, 61440, 1, 0, 0
49050, 30720, 1, 0, 0
49150, 30720, 1, 0, 0
49249, 62060, 1, 0, 0
49449, 30720, 1, 0, 0
49550, 30720, 1, 0, 0
49650, 30720, 1, 0, 0
49749, 31030, 1, 0, 0
49849, 30720, 1, 0, 0
49949, 30720, 1, 0, 0
50149, 30720, 1, 0, 0
50249, 30720, 1, 0, 0
50349, 30720, 1, 0, 0
50450, 30720, 1, 0, 0
50550, 30720, 1, 0, 0
50650, 30720, 1, 0, 0
50749, 31030, 1, 0, 0
50849, 30720, 1, 0, 0
50949, 30720, 1, 0, 0
51049, 30720, 1, 0, 0
51149, 5120, 1, 0, 0
51249, 30720, 1, 0, 0
51349, 25600, 1, 0, 0
51449, 30720, 1, 0, 0
51550, 5120, 1, 0, 0
51650, 30720, 1, 0, 0
51749, 25858, 1, 0, 0
51849, 30720, 1, 0, 0
51949, 30720, 1, 0, 0
52049, 5120, 1, 0, 0
52149, 30720, 1, 0, 0
52249, 25600, 1, 0, 0
52349, 30720, 1, 0, 0
52450, 35840, 1, 0, 0
52550, 30720, 1, 0, 0
52650, 30720, 1, 0, 0
52749, 5171, 1, 0, 0
52849, 30720, 1, 0, 0
52949, 25600, 1, 0, 0
53049, 30720, 1, 0, 0
53149, 30720, 1, 0, 0
53249, 5120, 1, 0, 0
53349, 30720, 1, 0, 0
53450, 25600, 1, 0, 0
53550, 30720, 1, 0, 0
53650, 5120, 1, 0, 0
53749, 31030, 1, 0, 0
53849, 25600, 1, 0, 0
53949, 30720, 1, 0, 0
54049, 30720, 1, 0, 0
54149, 46080, 1, 0, 0
54250, 51200, 1, 0, 0
54350, 30720, 1, 0, 0
54450, 30720, 1, 0, 0
54650, 30720, 1, 0, 0
54749, 31030, 1, 0, 0
54850, 30720, 1, 0, 0
54950, 30720, 1, 0, 0
55050, 30720, 1, 0, 0
55150, 30720, 1, 0, 0
55349, 30720, 1, 0, 0
55449, 30720, 1, 0, 0
55549, 30720, 1, 0, 0
55649, 30720, 1, 0, 0
55749, 30720, 1, 0, 0
55849, 30720, 1, 0, 0
55950, 51200, 1, 0, 0
56050, 71680, 1, 0, 0
56150, 30720, 1, 0, 0
56249, 31030, 1, 0, 0
56349, 20480, 1, 0, 0
56449, 10240, 1, 0, 0
56549, 30720, 1, 0, 0
56649, 30720, 1, 0, 0
56749, 30720, 1, 0, 0
56950, 30720, 1, 0, 0
57050, 30720, 1, 0, 0
57150, 30720, 1, 0, 0
57249, 31030, 1, 0, 0
57449, 30720, 1, 0, 0
57549, 30720, 1, 0, 0
57649, 30720, 1, 0, 0
57749, 30720, 1, 0, 0
57850, 30720, 1, 0, 0
57950, 30720, 1, 0, 0
58050, 30720, 1, 0, 0
58249, 31030, 1, 0, 0
58349, 30720, 1, 0, 0
58449, 30720, 1, 0, 0
58549, 30720, 1, 0, 0
58750, 30720, 1, 0, 0
58850, 30720, 1, 0, 0
58950, 30720, 1, 0, 0
59150, 30720, 1, 0, 0
59249, 36202, 1, 0, 0
59349, 30720, 1, 0, 0
59449, 30720, 1, 0, 0
59549, 30720, 1, 0, 0
59649, 30720, 1, 0, 0
59750, 30720, 1, 0, 0
59850, 30720, 1, 0, 0
59950, 30720, 1, 0, 0
60050, 30720, 1, 0, 0
60150, 30720, 1, 0, 0
60249, 31030, 1, 0, 0
60449, 30720, 1, 0, 0
60550, 30720, 1, 0, 0
60650, 30720, 1, 0, 0
60749, 31030, 1, 0, 0
60849, 30720, 1, 0, 0
60949, 30720, 1, 0, 0
61049, 30720, 1, 0, 0
61249, 30720, 1, 0, 0
61349, 30720, 1, 0, 0
61449, 30720, 1, 0, 0
61549, 30720, 1, 0, 0
61649, 30720, 1, 0, 0
61750, 30720, 1, 0, 0
61850, 10240, 1, 0, 0
61950, 30720, 1, 0, 0
62050, 30720, 1, 0, 0
62150, 20480, 1, 0, 0
62249, 31030, 1, 0, 0
62349, 10240, 1, 0, 0
62449, 30720, 1, 0, 0
62549, 30720, 1, 0, 0
62650, 25600, 1, 0, 0
62750, 25600, 1, 0, 0
62850, 30720, 1, 0, 0
62950, 40960, 1, 0, 0
63050, 51200, 1, 0, 0
63150, 10240, 1, 0, 0
63249, 31030, 1, 0, 0
63349, 20480, 1, 0, 0
63449, 30720, 1, 0, 0
63550, 10240, 1, 0, 0
63650, 30720, 1, 0, 0
63749, 31030, 1, 0, 0
63849, 20480, 1, 0, 0
63949, 30720, 1, 0, 0
64049, 10240, 1, 0, 0
64149, 30720, 1, 0, 0
64249, 20480, 1, 0, 0
64350, 30720, 1, 0, 0
64450, 30720, 1, 0, 0
64550, 30720, 1, 0, 0
64650, 30720, 1, 0, 0
64749, 31030, 1, 0, 0
64849, 30720, 1, 0, 0
64949, 30720, 1, 0, 0
65049, 30720, 1, 0, 0
65149, 15360, 1, 0, 0
65250, 15360, 1, 0, 0
65350, 30720, 1, 0, 0
65450, 30720, 1, 0, 0
65550, 30720, 1, 0, 0
65650, 30720, 1, 0, 0
65849, 30720, 1, 0, 0
65949, 30720, 1, 0, 0
66150, 30720, 1, 0, 0
66250, 30720, 1, 0, 0
66350, 56320, 1, 0, 0
66450, 35840, 1, 0, 0
66550, 30720, 1, 0, 0
66650, 30720, 1, 0, 0
66849, 30720, 1, 0, 0
66949, 30720, 1, 0, 0
67050, 30720, 1, 0, 0
67150, 30720, 1, 0, 0
67249, 31030, 1, 0, 0
67349, 30720, 1, 0, 0
67549, 30720, 1, 0, 0
67649, 30720, 1, 0, 0
67749, 30720, 1, 0, 0
67850, 30720, 1, 0, 0
67950, 30720, 1, 0, 0
68050, 30720, 1, 0, 0
68150, 30720, 1, 0, 0
68249, 31030, 1, 0, 0
68349, 30720, 1, 0, 0
68449, 30720, 1, 0, 0
68549, 15360, 1, 0, 0
68649, 20480, 1, 0, 0
68749, 25600, 1, 0, 0
68850, 30720, 1, 0, 0
68950, 30720, 1, 0, 0
69050, 5120, 1, 0, 0
69150, 30720, 1, 0, 0
69249, 25858, 1, 0, 0
69349, 30720, 1, 0, 0
69449, 5120, 1, 0, 0
69549, 46080, 1, 0, 0
69649, 46080, 1, 0, 0
69750, 66560, 1, 0, 0
69850, 61440, 1, 0, 0
69950, 30720, 1, 0, 0
70050, 30720, 1, 0, 0
70150, 30720, 1, 0, 0
70249, 31030, 1, 0, 0
70349, 30720, 1, 0, 0
70549, 30720, 1, 0, 0
70649, 30720, 1, 0, 0
70750, 30720, 1, 0, 0
70850, 30720, 1, 0, 0
70950, 30720, 1, 0, 0
71050, 30720, 1, 0, 0
71150, 30720, 1, 0, 0
71349, 30720, 1, 0, 0
71449, 30720, 1, 0, 0
71549, 61440, 1, 0, 0
71649, 30720, 1, 0, 0
71749, 30720, 1, 0, 0
71850, 30720, 1, 0, 0
71950, 25600, 1, 0, 0
72050, 5120, 1, 0, 0
72150, 30720, 1, 0, 0
72249, 31030, 1, 0, 0
72349, 30720, 1, 0, 0
72449, 30720, 1, 0, 0
72649, 30720, 1, 0, 0
72750, 30720, 1, 0, 0
72850, 30720, 1, 0, 0
72950, 30720, 1, 0, 0
73150, 30720, 1, 0, 0
73249, 31030, 1, 0, 0
73349, 30720, 1, 0, 0
73449, 30720, 1, 0, 0
73549, 30720, 1, 0, 0
73649, 30720, 1, 0, 0
73750, 25600, 1, 0, 0
73850, 5120, 1, 0, 0
73950, 30720, 1, 0, 0
74050, 30720, 1, 0, 0
74150, 30720, 1, 0, 0
74249, 31030, 1, 0, 0
74350, 30720, 1, 0, 0
74450, 30720, 1, 0, 0
74650, 30720, 1, 0, 0
74749, 31030, 1, 0, 0
74849, 30720, 1, 0, 0
74949, 30720, 1, 0, 0
75050, 30720, 1, 0, 0
75150, 30720, 1, 0, 0
75249, 15515, 1, 0, 0
75349, 15360, 1, 0, 0
75449, 30720, 1, 0, 0
75549, 30720, 1, 0, 0
75649, 30720, 1, 0, 0
75750, 30720, 1, 0, 0
75850, 30720, 1, 0, 0
75950, 15360, 1, 0, 0
76050, 15360, 1, 0, 0
76150, 30720, 1, 0, 0
76249, 31030, 1, 0, 0
76349, 30720, 1, 0, 0
76449, 61440, 1, 0, 0
76550, 30720, 1, 0, 0
76749, 31030, 1, 0, 0
76849, 30720, 1, 0, 0
76949, 30720, 1, 0, 0
77149, 30720, 1, 0, 0
77250, 30720, 1, 0, 0
77350, 30720, 1, 0, 0
77450, 25600, 1, 0, 0
77550, 5120, 1, 0, 0
77650, 30720, 1, 0, 0
77749, 31030, 1, 0, 0
77849, 30720, 1, 0, 0
77949, 30720, 1, 0, 0
78049, 30720, 1, 0, 0
78150, 30720, 1, 0, 0
78250, 30720, 1, 0, 0
78350, 30720, 1, 0, 0
78450, 30720, 1, 0, 0
78550, 30720, 1, 0, 0
78749, 31030, 1, 0, 0
78849, 30720, 1, 0, 0
78950, 30720, 1, 0, 0
79050, 30720, 1, 0, 0
79249, 31030, 1, 0, 0
79349, 30720, 1, 0, 0
79449, 30720, 1, 0, 0
79550, 30720, 1, 0, 0
79650, 30720, 1, 0, 0
79749, 31030, 1, 0, 0
79849, 30720, 1, 0, 0
79949, 46080, 1, 0, 0
80049, 46080, 1, 0, 0
80149, 30720, 1, 0, 0
80350, 30720, 1, 0, 0
80450, 30720, 1, 0, 0
80550, 30720, 1, 0, 0
80650, 30720, 1, 0, 0
80750, 31030, 1, 0, 0
80850, 30720, 1, 0, 0
80950, 30720, 1, 0, 0
81150, 30720, 1, 0, 0
81249, 31030, 1, 0, 0
81349, 30720, 1, 0, 0
81449, 30720, 1, 0, 0
81549, 30720, 1, 0, 0
81649, 30720, 1, 0, 0
81750, 30720, 1, 0, 0
81850, 30720, 1, 0, 0
81950, 30720, 1, 0, 0
82150, 30720, 1, 0, 0
82249, 31030, 1, 0, 0
82349, 30720, 1, 0, 0
82449, 30720, 1, 0, 0
82650, 30720, 1, 0, 0
82749, 31030, 1, 0, 0
82849, 30720, 1, 0, 0
83049, 30720, 1, 0, 0
83149, 61440, 1, 0, 0
83250, 30720, 1, 0, 0
83350, 35840, 1, 0, 0
83450, 30720, 1, 0, 0
83550, 30720, 1, 0, 0
83650, 30720, 1, 0, 0
83849, 30720, 1, 0, 0
83949, 30720, 1, 0, 0
84049, 30720, 1, 0, 0
84250, 30720, 1, 0, 0
84350, 30720, 1, 0, 0
84450, 30720, 1, 0, 0
84550, 30720, 1, 0, 0
84749, 31030, 1, 0, 0
84849, 30720, 1, 0, 0
84949, 30720, 1, 0, 0
85149, 30720, 1, 0, 0
85250, 30720, 1, 0, 0
85350, 30720, 1, 0, 0
85450, 30720, 1, 0, 0
85650, 30720, 1, 0, 0
85749, 31030, 1, 0, 0
85849, 30720, 1, 0, 0
85949, 30720, 1, 0, 0
86150, 30720, 1, 0, 0
86250, 30720, 1, 0, 0
86350, 30720, 1, 0, 0
86450, 30720, 1, 0, 0
86550, 30720, 1, 0, 0
86650, 30720, 1, 0, 0
86749, 31030, 1, 0, 0
86849, 30720, 1, 0, 0
86949, 30720, 1, 0, 0
87150, 30720, 1, 0, 0
87250, 30720, 1, 0, 0
87350, 30720, 1, 0, 0
87450, 30720, 1, 0, 0
87550, 30720, 1, 0, 0
87650, 30720, 1, 0, 0
87850, 30720, 1, 0, 0
87950, 30720, 1, 0, 0
88050, 30720, 1, 0, 0
88150, 30720, 1, 0, 0
88249, 31030, 1, 0, 0
88349, 30720, 1, 0, 0
88449, 30720, 1, 0, 0
88549, 30720, 1, 0, 0
88649, 56320, 1, 0, 0
88749, 10240, 1, 0, 0
88850, 25600, 1, 0, 0
88950, 30720, 1, 0, 0
89050, 5120, 1, 0, 0
89150, 30720, 1, 0, 0
89249, 25858, 1, 0, 0
89349, 30720, 1, 0, 0
89449, 30720, 1, 0, 0
89549, 5120, 1, 0, 0
89650, 25600, 1, 0, 0
89750, 30720, 1, 0, 0
89850, 30720, 1, 0, 0
89950, 5120, 1, 0, 0
90050, 30720, 1, 0, 0
