100, 23947952, 0, 0, 0
202, 26676745, 0, 0, 0
303, 19325017, 0, 0, 0
413, 15636960, 0, 0, 0
507, 20928841, 0, 0, 0
602, 26512849, 0, 0, 0
715, 21126640, 0, 0, 0
801, 26032708, 0, 0, 0
900, 21588854, 0, 0, 0
1004, 24685963, 0, 0, 0
1100, 18795148, 0, 0, 0
1202, 20701512, 0, 0, 0
1312, 19553556, 0, 0, 0
1404, 16600123, 0, 0, 0
1509, 16523952, 0, 0, 0
1605, 23742407, 0, 0, 0
1703, 16091680, 0, 0, 0
1809, 16981839, 0, 0, 0
1900, 17710477, 0, 0, 0
2000, 19984237, 0, 0, 0
2105, 23007219, 0, 0, 0
2206, 38787328, 0, 0, 0
2300, 26340393, 0, 0, 0
2402, 13601367, 0, 0, 0
2511, 19688077, 0, 0, 0
2600, 17054315, 0, 0, 0
2708, 12934531, 0, 0, 0
2800, 19007729, 0, 0, 0
2906, 22967832, 0, 0, 0
3007, 20462819, 0, 0, 0
3101, 22598436, 0, 0, 0
3204, 18798490, 0, 0, 0
3304, 21815151, 0, 0, 0
3403, 14938649, 0, 0, 0
3506, 22495430, 0, 0, 0
3602, 26907077, 0, 0, 0
3710, 25009760, 0, 0, 0
3805, 21803256, 0, 0, 0
3908, 19737380, 0, 0, 0
4001, 18778034, 0, 0, 0
4108, 19890818, 0, 0, 0
4204, 17422610, 0, 0, 0
4300, 23859800, 0, 0, 0
4406, 15814223, 0, 0, 0
4514, 20871981, 0, 0, 0
4618, 16222712, 0, 0, 0
4709, 21657951, 0, 0, 0
4801, 25080987, 0, 0, 0
4910, 23195445, 0, 0, 0
5000, 18210301, 0, 0, 0
5105, 14237258, 0, 0, 0
5202, 18866758, 0, 0, 0
5306, 28941685, 0, 0, 0
5407, 26805530, 0, 0, 0
5500, 23502580, 0, 0, 0
5602, 18664502, 0, 0, 0
5700, 22399640, 0, 0, 0
5801, 17812351, 0, 0, 0
5900, 17778525, 0, 0, 0
6001, 21183258, 0, 0, 0
6107, 23154679, 0, 0, 0
6202, 21118596, 0, 0, 0
6306, 17727017, 0, 0, 0
6401, 24680833, 0, 0, 0
6501, 20526411, 0, 0, 0
6604, 20478816, 0, 0, 0
6702, 25204895, 0, 0, 0
6815, 24054616, 0, 0, 0
6905, 22916853, 0, 0, 0
7005, 26748993, 0, 0, 0
7101, 16464047, 0, 0, 0
7207, 16711557, 0, 0, 0
7303, 15831132, 0, 0, 0
7405, 14242536, 0, 0, 0
7501, 19105369, 0, 0, 0
7618, 27196791, 0, 0, 0
7709, 27363019, 0, 0, 0
7804, 14099918, 0, 0, 0
7908, 28348007, 0, 0, 0
8026, 24431534, 0, 0, 0
8103, 30910422, 0, 0, 0
8200, 17289284, 0, 0, 0
8300, 14123390, 0, 0, 0
8401, 18830041, 0, 0, 0
8503, 16210170, 0, 0, 0
8602, 18413307, 0, 0, 0
8700, 21445406, 0, 0, 0
8801, 26410074, 0, 0, 0
8900, 19686274, 0, 0, 0
9013, 19288527, 0, 0, 0
9109, 21561189, 0, 0, 0
9203, 17632439, 0, 0, 0
9306, 19705293, 0, 0, 0
9404, 16796006, 0, 0, 0
9508, 19079618, 0, 0, 0
9603, 18396453, 0, 0, 0
9704, 16523091, 0, 0, 0
9801, 22760047, 0, 0, 0
9901, 18594372, 0, 0, 0
10003, 20268312, 0, 0, 0
10113, 20222779, 0, 0, 0
10206, 23495291, 0, 0, 0
10305, 14828352, 0, 0, 0
10404, 19251281, 0, 0, 0
10508, 15307736, 0, 0, 0
10605, 18594150, 0, 0, 0
10700, 15546514, 0, 0, 0
10801, 24539596, 0, 0, 0
10900, 17006392, 0, 0, 0
11011, 27032897, 0, 0, 0
11101, 27920128, 0, 0, 0
11204, 23255728, 0, 0, 0
11304, 22119029, 0, 0, 0
11411, 14629285, 0, 0, 0
11518, 21939141, 0, 0, 0
11602, 34877423, 0, 0, 0
11705, 17212198, 0, 0, 0
11804, 18147060, 0, 0, 0
11901, 22106441, 0, 0, 0
12002, 15155710, 0, 0, 0
12107, 20918486, 0, 0, 0
12202, 18415435, 0, 0, 0
12303, 17158771, 0, 0, 0
12410, 13295097, 0, 0, 0
12504, 20650855, 0, 0, 0
12605, 21898462, 0, 0, 0
12704, 14464441, 0, 0, 0
12800, 17591211, 0, 0, 0
12901, 17404063, 0, 0, 0
13000, 19953402, 0, 0, 0
13103, 22155724, 0, 0, 0
13202, 18039660, 0, 0, 0
13301, 16793613, 0, 0, 0
13400, 19422291, 0, 0, 0
13501, 20045976, 0, 0, 0
13608, 24498206, 0, 0, 0
13702, 19183085, 0, 0, 0
13806, 18723934, 0, 0, 0
13900, 23239165, 0, 0, 0
14011, 23547939, 0, 0, 0
14100, 23884843, 0, 0, 0
14205, 14292492, 0, 0, 0
14302, 14930485, 0, 0, 0
14403, 17948102, 0, 0, 0
14507, 17452380, 0, 0, 0
14602, 23432201, 0, 0, 0
14701, 21561687, 0, 0, 0
14804, 26239788, 0, 0, 0
14911, 17962619, 0, 0, 0
15002, 18980142, 0, 0, 0
15106, 18431026, 0, 0, 0
15205, 19278204, 0, 0, 0
15305, 16744328, 0, 0, 0
15403, 15201089, 0, 0, 0
15505, 13418446, 0, 0, 0
15601, 16736340, 0, 0, 0
15704, 18022921, 0, 0, 0
15816, 17789250, 0, 0, 0
15907, 18595061, 0, 0, 0
16001, 21476193, 0, 0, 0
16100, 16501211, 0, 0, 0
16203, 17134639, 0, 0, 0
16307, 16379658, 0, 0, 0
16400, 15186448, 0, 0, 0
16504, 18375046, 0, 0, 0
16609, 20508234, 0, 0, 0
16710, 15903476, 0, 0, 0
16806, 16401301, 0, 0, 0
16901, 22318429, 0, 0, 0
17006, 14010758, 0, 0, 0
17107, 23062958, 0, 0, 0
17204, 16796289, 0, 0, 0
17302, 18524569, 0, 0, 0
17404, 20544332, 0, 0, 0
17508, 18827987, 0, 0, 0
17600, 18350877, 0, 0, 0
17700, 20754023, 0, 0, 0
17820, 26593932, 0, 0, 0
17902, 26015771, 0, 0, 0
18001, 12683377, 0, 0, 0
18103, 16225090, 0, 0, 0
18211, 16663405, 0, 0, 0
18300, 36891308, 0, 0, 0
18405, 16171031, 0, 0, 0
18510, 15279059, 0, 0, 0
18616, 23114398, 0, 0, 0
18710, 20198966, 0, 0, 0
18800, 16534710, 0, 0, 0
18910, 26849985, 0, 0, 0
19003, 13813115, 0, 0, 0
19101, 18897785, 0, 0, 0
19201, 14570506, 0, 0, 0
19303, 17447892, 0, 0, 0
19405, 14457395, 0, 0, 0
19510, 16749713, 0, 0, 0
19608, 13937612, 0, 0, 0
19702, 26038019, 0, 0, 0
19809, 17946432, 0, 0, 0
19910, 19713944, 0, 0, 0
20000, 22858696, 0, 0, 0
20105, 16169974, 0, 0, 0
20209, 23594282, 0, 0, 0
20301, 25499855, 0, 0, 0
20402, 16420835, 0, 0, 0
20512, 16949882, 0, 0, 0
20603, 22260958, 0, 0, 0
20711, 17370958, 0, 0, 0
20805, 21690977, 0, 0, 0
20902, 25078672, 0, 0, 0
21015, 21859974, 0, 0, 0
21104, 14191195, 0, 0, 0
21202, 28067667, 0, 0, 0
21301, 26782897, 0, 0, 0
21400, 17076695, 0, 0, 0
21515, 17061300, 0, 0, 0
21604, 27083517, 0, 0, 0
21704, 21856029, 0, 0, 0
21801, 30613140, 0, 0, 0
21910, 15051923, 0, 0, 0
22005, 19237823, 0, 0, 0
22106, 21180147, 0, 0, 0
22201, 19000860, 0, 0, 0
22313, 15920370, 0, 0, 0
22402, 30912958, 0, 0, 0
22505, 16362448, 0, 0, 0
22618, 19255694, 0, 0, 0
22700, 16371445, 0, 0, 0
22804, 15458099, 0, 0, 0
22908, 14160195, 0, 0, 0
23000, 18533297, 0, 0, 0
23109, 14336392, 0, 0, 0
23201, 14619622, 0, 0, 0
23326, 12010268, 0, 0, 0
23406, 30036995, 0, 0, 0
23504, 18887464, 0, 0, 0
23607, 16395108, 0, 0, 0
23703, 19081786, 0, 0, 0
23804, 12540205, 0, 0, 0
23905, 20740797, 0, 0, 0
24002, 15098618, 0, 0, 0
24110, 16589045, 0, 0, 0
24203, 25911787, 0, 0, 0
24300, 15976959, 0, 0, 0
24400, 24437348, 0, 0, 0
24502, 22979476, 0, 0, 0
24603, 27830582, 0, 0, 0
24710, 15455035, 0, 0, 0
24809, 20622766, 0, 0, 0
24931, 15510924, 0, 0, 0
25003, 43053122, 0, 0, 0
25100, 16869611, 0, 0, 0
25214, 14040389, 0, 0, 0
25303, 19963424, 0, 0, 0
25402, 18117470, 0, 0, 0
25507, 19657277, 0, 0, 0
25605, 26850731, 0, 0, 0
25709, 18919603, 0, 0, 0
25800, 15709735, 0, 0, 0
25901, 18883534, 0, 0, 0
26003, 18011730, 0, 0, 0
26103, 25730919, 0, 0, 0
26201, 14754981, 0, 0, 0
26310, 14175724, 0, 0, 0
26401, 12855689, 0, 0, 0
26509, 17043895, 0, 0, 0
26606, 20407739, 0, 0, 0
26703, 17813297, 0, 0, 0
26804, 14232602, 0, 0, 0
26901, 17417858, 0, 0, 0
27000, 32790020, 0, 0, 0
27100, 16636511, 0, 0, 0
27201, 20700007, 0, 0, 0
27308, 14388337, 0, 0, 0
27402, 15678706, 0, 0, 0
27502, 12801287, 0, 0, 0
27600, 18710241, 0, 0, 0
27710, 16513806, 0, 0, 0
27803, 18461049, 0, 0, 0
27930, 22092958, 0, 0, 0
28002, 26799483, 0, 0, 0
28101, 18148436, 0, 0, 0
28210, 16930670, 0, 0, 0
28319, 20379426, 0, 0, 0
28400, 20775981, 0, 0, 0
28506, 17640986, 0, 0, 0
28603, 12319781, 0, 0, 0
28707, 16145423, 0, 0, 0
28812, 18617877, 0, 0, 0
28902, 20001566, 0, 0, 0
29004, 25072838, 0, 0, 0
29104, 16070279, 0, 0, 0
29205, 22426242, 0, 0, 0
29300, 16595179, 0, 0, 0
29404, 15687747, 0, 0, 0
29503, 25510322, 0, 0, 0
29609, 18037559, 0, 0, 0
29704, 19407232, 0, 0, 0
29803, 12748442, 0, 0, 0
29900, 25776791, 0, 0, 0
30003, 21579037, 0, 0, 0
30105, 11748897, 0, 0, 0
30202, 14330596, 0, 0, 0
30300, 16079884, 0, 0, 0
30401, 14880868, 0, 0, 0
30501, 19398119, 0, 0, 0
30602, 16719629, 0, 0, 0
30702, 20726188, 0, 0, 0
30800, 13502522, 0, 0, 0
30904, 25119380, 0, 0, 0
31004, 20543081, 0, 0, 0
31101, 15841458, 0, 0, 0
31206, 15700707, 0, 0, 0
31301, 19243185, 0, 0, 0
31400, 18106704, 0, 0, 0
31504, 14139619, 0, 0, 0
31610, 19097104, 0, 0, 0
31702, 21322312, 0, 0, 0
31805, 12403912, 0, 0, 0
31902, 15044869, 0, 0, 0
32009, 15068468, 0, 0, 0
32105, 24327597, 0, 0, 0
32206, 16209502, 0, 0, 0
32301, 15954116, 0, 0, 0
32402, 18132507, 0, 0, 0
32518, 20551052, 0, 0, 0
32606, 14706598, 0, 0, 0
32700, 16289423, 0, 0, 0
32801, 26092835, 0, 0, 0
32904, 21551404, 0, 0, 0
33001, 13502073, 0, 0, 0
33111, 25715534, 0, 0, 0
33205, 14896161, 0, 0, 0
33302, 17154580, 0, 0, 0
33404, 22616535, 0, 0, 0
33503, 14825100, 0, 0, 0
33601, 22587100, 0, 0, 0
33702, 22522327, 0, 0, 0
33804, 20133233, 0, 0, 0
33911, 23104362, 0, 0, 0
34002, 22729177, 0, 0, 0
34102, 17784556, 0, 0, 0
34203, 26870054, 0, 0, 0
34322, 27579080, 0, 0, 0
34400, 15516782, 0, 0, 0
34501, 17958968, 0, 0, 0
34601, 21571036, 0, 0, 0
34703, 26821680, 0, 0, 0
34800, 13980892, 0, 0, 0
34914, 24604194, 0, 0, 0
35005, 24485223, 0, 0, 0
35105, 20584813, 0, 0, 0
35211, 21116975, 0, 0, 0
35302, 16547147, 0, 0, 0
35404, 16375132, 0, 0, 0
35502, 19630564, 0, 0, 0
35606, 16632114, 0, 0, 0
35727, 16594640, 0, 0, 0
35801, 14545735, 0, 0, 0
35900, 13452813, 0, 0, 0
36002, 15927142, 0, 0, 0
36100, 15844428, 0, 0, 0
36203, 11415173, 0, 0, 0
36305, 17169175, 0, 0, 0
36401, 20925206, 0, 0, 0
36505, 14953405, 0, 0, 0
36604, 11599433, 0, 0, 0
36707, 21076783, 0, 0, 0
36800, 22629006, 0, 0, 0
36906, 11398775, 0, 0, 0
37000, 18055992, 0, 0, 0
37100, 13612578, 0, 0, 0
37204, 19377670, 0, 0, 0
37300, 21934979, 0, 0, 0
37407, 18107105, 0, 0, 0
37500, 21084350, 0, 0, 0
37601, 21949689, 0, 0, 0
37707, 13195664, 0, 0, 0
37817, 17775511, 0, 0, 0
37904, 31871948, 0, 0, 0
38005, 24739936, 0, 0, 0
38107, 20878576, 0, 0, 0
38206, 16857137, 0, 0, 0
38301, 13879624, 0, 0, 0
38400, 21837383, 0, 0, 0
38500, 29818227, 0, 0, 0
38613, 21093069, 0, 0, 0
38700, 20433867, 0, 0, 0
38801, 24611208, 0, 0, 0
38904, 22390996, 0, 0, 0
39005, 15537049, 0, 0, 0
39105, 15152456, 0, 0, 0
39200, 21819244, 0, 0, 0
39301, 15520871, 0, 0, 0
39405, 13486316, 0, 0, 0
39501, 14330877, 0, 0, 0
39603, 16071653, 0, 0, 0
39702, 17493783, 0, 0, 0
39806, 18273052, 0, 0, 0
39907, 26587328, 0, 0, 0
40002, 17923440, 0, 0, 0
40105, 29470643, 0, 0, 0
40204, 43784506, 0, 0, 0
40301, 25204358, 0, 0, 0
40404, 17591051, 0, 0, 0
40510, 19298981, 0, 0, 0
40604, 18731930, 0, 0, 0
40702, 20732869, 0, 0, 0
40801, 13141120, 0, 0, 0
40900, 16102566, 0, 0, 0
41017, 20417071, 0, 0, 0
41110, 22358848, 0, 0, 0
41202, 31433055, 0, 0, 0
41303, 20090514, 0, 0, 0
41401, 20111054, 0, 0, 0
41500, 18240372, 0, 0, 0
41612, 12588848, 0, 0, 0
41707, 21532220, 0, 0, 0
41804, 14986651, 0, 0, 0
41910, 17953049, 0, 0, 0
42032, 21170128, 0, 0, 0
42101, 27365677, 0, 0, 0
42205, 17738402, 0, 0, 0
42308, 17851151, 0, 0, 0
42402, 14847200, 0, 0, 0
42508, 12583274, 0, 0, 0
42610, 16909900, 0, 0, 0
42700, 22126522, 0, 0, 0
42807, 19542025, 0, 0, 0
42903, 17708505, 0, 0, 0
43007, 22510373, 0, 0, 0
43109, 16136453, 0, 0, 0
43201, 18224208, 0, 0, 0
43306, 22579485, 0, 0, 0
43402, 17103664, 0, 0, 0
43503, 19754287, 0, 0, 0
43605, 14092955, 0, 0, 0
43702, 15872329, 0, 0, 0
43809, 21608556, 0, 0, 0
43902, 22444264, 0, 0, 0
44000, 23867066, 0, 0, 0
44101, 21986378, 0, 0, 0
44212, 21629439, 0, 0, 0
44300, 22311918, 0, 0, 0
44406, 22374356, 0, 0, 0
44505, 16745106, 0, 0, 0
44604, 14203457, 0, 0, 0
44712, 16376356, 0, 0, 0
44811, 22510715, 0, 0, 0
44919, 22162465, 0, 0, 0
45040, 18491524, 0, 0, 0
45101, 34782359, 0, 0, 0
45208, 19196533, 0, 0, 0
45300, 16654715, 0, 0, 0
45400, 16807272, 0, 0, 0
45506, 18924178, 0, 0, 0
45603, 17050999, 0, 0, 0
45700, 27885215, 0, 0, 0
45800, 19926202, 0, 0, 0
45903, 17466356, 0, 0, 0
46000, 13566099, 0, 0, 0
46108, 15319312, 0, 0, 0
46201, 21597589, 0, 0, 0
46301, 16499100, 0, 0, 0
46404, 17651418, 0, 0, 0
46505, 13340722, 0, 0, 0
46601, 18928860, 0, 0, 0
46704, 16367139, 0, 0, 0
46801, 17509159, 0, 0, 0
46909, 23103235, 0, 0, 0
47006, 19426542, 0, 0, 0
47106, 25841109, 0, 0, 0
47200, 30086583, 0, 0, 0
47300, 16726727, 0, 0, 0
47401, 25447849, 0, 0, 0
47503, 16369160, 0, 0, 0
47601, 20005606, 0, 0, 0
47701, 25130533, 0, 0, 0
47800, 22744446, 0, 0, 0
47900, 28054116, 0, 0, 0
48000, 17824843, 0, 0, 0
48110, 21129072, 0, 0, 0
48207, 20684323, 0, 0, 0
48310, 28017992, 0, 0, 0
48402, 19443356, 0, 0, 0
48505, 18255030, 0, 0, 0
48602, 21703983, 0, 0, 0
48717, 20669462, 0, 0, 0
48800, 30252175, 0, 0, 0
48902, 26222257, 0, 0, 0
49004, 15629293, 0, 0, 0
49101, 15110401, 0, 0, 0
49200, 20275121, 0, 0, 0
49312, 21288404, 0, 0, 0
49414, 34316290, 0, 0, 0
49501, 22638759, 0, 0, 0
49607, 28432690, 0, 0, 0
49702, 22846301, 0, 0, 0
49800, 27868370, 0, 0, 0
49900, 28065628, 0, 0, 0
50013, 28382291, 0, 0, 0
50101, 26338430, 0, 0, 0
50209, 26323200, 0, 0, 0
50312, 19436557, 0, 0, 0
50401, 26053523, 0, 0, 0
50504, 17864475, 0, 0, 0
50600, 22102591, 0, 0, 0
50701, 25743712, 0, 0, 0
50804, 23669718, 0, 0, 0
50900, 19921477, 0, 0, 0
51001, 25308210, 0, 0, 0
51110, 27738914, 0, 0, 0
51209, 18033399, 0, 0, 0
51302, 22839853, 0, 0, 0
51406, 22061445, 0, 0, 0
51500, 27651941, 0, 0, 0
51608, 17165867, 0, 0, 0
51701, 16799269, 0, 0, 0
51802, 20497966, 0, 0, 0
51908, 26031896, 0, 0, 0
52003, 22176116, 0, 0, 0
52102, 24901365, 0, 0, 0
52203, 15798007, 0, 0, 0
52309, 24506773, 0, 0, 0
52412, 27878946, 0, 0, 0
52500, 19361189, 0, 0, 0
52601, 16146141, 0, 0, 0
52700, 17192205, 0, 0, 0
52801, 23500059, 0, 0, 0
52901, 17811948, 0, 0, 0
53016, 20723092, 0, 0, 0
53110, 22326973, 0, 0, 0
53208, 20472317, 0, 0, 0
53305, 19581669, 0, 0, 0
53405, 17521958, 0, 0, 0
53513, 23312462, 0, 0, 0
53603, 19214683, 0, 0, 0
53712, 27169074, 0, 0, 0
53801, 23804430, 0, 0, 0
53902, 29391230, 0, 0, 0
54002, 17192246, 0, 0, 0
54103, 19660653, 0, 0, 0
54202, 26231675, 0, 0, 0
54301, 12925640, 0, 0, 0
54409, 25358024, 0, 0, 0
54503, 22563436, 0, 0, 0
54601, 22365024, 0, 0, 0
54700, 27985968, 0, 0, 0
54808, 22509646, 0, 0, 0
54901, 20038177, 0, 0, 0
55000, 16788105, 0, 0, 0
55109, 21576523, 0, 0, 0
55202, 20877838, 0, 0, 0
55300, 23285460, 0, 0, 0
55400, 24901531, 0, 0, 0
55502, 17714964, 0, 0, 0
55600, 23480865, 0, 0, 0
55716, 22905510, 0, 0, 0
55802, 54390409, 0, 0, 0
55905, 29609537, 0, 0, 0
56006, 21148381, 0, 0, 0
56102, 21040166, 0, 0, 0
56209, 29887511, 0, 0, 0
56300, 17769234, 0, 0, 0
56404, 24587850, 0, 0, 0
56503, 17787782, 0, 0, 0
56603, 16117654, 0, 0, 0
56701, 26256203, 0, 0, 0
56803, 22271626, 0, 0, 0
56903, 19625139, 0, 0, 0
57013, 19854517, 0, 0, 0
57102, 26808754, 0, 0, 0
57200, 27349959, 0, 0, 0
57300, 18363560, 0, 0, 0
57404, 18465383, 0, 0, 0
57527, 21156399, 0, 0, 0
57601, 27940021, 0, 0, 0
57709, 20529375, 0, 0, 0
57806, 29810608, 0, 0, 0
57906, 25558435, 0, 0, 0
58002, 14130143, 0, 0, 0
58107, 23823100, 0, 0, 0
58205, 28810114, 0, 0, 0
58316, 24858964, 0, 0, 0
58406, 23406261, 0, 0, 0
58503, 25757904, 0, 0, 0
58607, 17250798, 0, 0, 0
58704, 32337233, 0, 0, 0
58813, 30684281, 0, 0, 0
58903, 23946577, 0, 0, 0
59002, 15887061, 0, 0, 0
59108, 22040017, 0, 0, 0
59213, 29776984, 0, 0, 0
59300, 21062017, 0, 0, 0
59410, 26764953, 0, 0, 0
59501, 22189354, 0, 0, 0
59602, 17080507, 0, 0, 0
59701, 15878675, 0, 0, 0
59802, 21046154, 0, 0, 0
59900, 20992688, 0, 0, 0
60010, 32188258, 0, 0, 0
60021, 51400618, 0, 0, 0
