100, 830, 0, 0, 0
100, 240, 1, 0, 0
200, 640, 0, 0, 0
200, 230, 1, 0, 0
300, 380, 0, 0, 0
300, 290, 1, 0, 0
400, 590, 0, 0, 0
400, 270, 1, 0, 0
499, 747, 0, 0, 0
499, 303, 1, 0, 0
599, 630, 0, 0, 0
599, 280, 1, 0, 0
699, 520, 0, 0, 0
699, 240, 1, 0, 0
799, 600, 0, 0, 0
799, 270, 1, 0, 0
899, 580, 0, 0, 0
899, 260, 1, 0, 0
1000, 580, 0, 0, 0
1000, 230, 1, 0, 0
1100, 630, 0, 0, 0
1100, 260, 1, 0, 0
1200, 570, 0, 0, 0
1200, 270, 1, 0, 0
1300, 710, 0, 0, 0
1300, 300, 1, 0, 0
1400, 600, 0, 0, 0
1400, 220, 1, 0, 0
1499, 787, 0, 0, 0
1499, 292, 1, 0, 0
1599, 430, 0, 0, 0
1599, 290, 1, 0, 0
1699, 620, 0, 0, 0
1699, 230, 1, 0, 0
1799, 630, 0, 0, 0
1799, 240, 1, 0, 0
1899, 690, 0, 0, 0
1899, 260, 1, 0, 0
2000, 640, 0, 0, 0
2000, 290, 1, 0, 0
2100, 570, 0, 0, 0
2100, 250, 1, 0, 0
2200, 620, 0, 0, 0
2200, 290, 1, 0, 0
2300, 610, 0, 0, 0
2300, 190, 1, 0, 0
2400, 510, 0, 0, 0
2400, 320, 1, 0, 0
2499, 585, 0, 0, 0
2499, 282, 1, 0, 0
2599, 650, 0, 0, 0
2599, 300, 1, 0, 0
2699, 560, 0, 0, 0
2699, 290, 1, 0, 0
2799, 540, 0, 0, 0
2799, 200, 1, 0, 0
2899, 720, 0, 0, 0
2899, 230, 1, 0, 0
2999, 470, 0, 0, 0
2999, 280, 1, 0, 0
3099, 630, 0, 0, 0
3099, 240, 1, 0, 0
3200, 520, 0, 0, 0
3200, 260, 1, 0, 0
3300, 620, 0, 0, 0
3300, 230, 1, 0, 0
3400, 450, 0, 0, 0
3400, 250, 1, 0, 0
3499, 717, 0, 0, 0
3499, 282, 1, 0, 0
3599, 560, 0, 0, 0
3599, 220, 1, 0, 0
3699, 470, 0, 0, 0
3699, 240, 1, 0, 0
3799, 610, 0, 0, 0
3799, 230, 1, 0, 0
3899, 640, 0, 0, 0
3899, 240, 1, 0, 0
3999, 650, 0, 0, 0
3999, 250, 1, 0, 0
4099, 440, 0, 0, 0
4099, 330, 1, 0, 0
4199, 570, 0, 0, 0
4199, 250, 1, 0, 0
4299, 700, 0, 0, 0
4299, 280, 1, 0, 0
4400, 520, 0, 0, 0
4400, 250, 1, 0, 0
4500, 550, 0, 0, 0
4500, 200, 1, 0, 0
4600, 720, 0, 0, 0
4600, 280, 1, 0, 0
4700, 470, 0, 0, 0
4700, 250, 1, 0, 0
4800, 530, 0, 0, 0
4800, 290, 1, 0, 0
4900, 580, 0, 0, 0
4900, 250, 1, 0, 0
4999, 595, 0, 0, 0
4999, 212, 1, 0, 0
5099, 450, 0, 0, 0
5099, 270, 1, 0, 0
5199, 790, 0, 0, 0
5199, 210, 1, 0, 0
5299, 600, 0, 0, 0
5299, 250, 1, 0, 0
5399, 570, 0, 0, 0
5399, 210, 1, 0, 0
5499, 620, 0, 0, 0
5499, 290, 1, 0, 0
5600, 630, 0, 0, 0
5600, 190, 1, 0, 0
5700, 670, 0, 0, 0
5700, 280, 1, 0, 0
5800, 770, 0, 0, 0
5800, 240, 1, 0, 0
5900, 740, 0, 0, 0
5900, 220, 1, 0, 0
5999, 505, 0, 0, 0
5999, 232, 1, 0, 0
6099, 740, 0, 0, 0
6099, 290, 1, 0, 0
6199, 580, 0, 0, 0
6199, 260, 1, 0, 0
6299, 610, 0, 0, 0
6299, 310, 1, 0, 0
6399, 640, 0, 0, 0
6399, 220, 1, 0, 0
6499, 570, 0, 0, 0
6499, 250, 1, 0, 0
6599, 440, 0, 0, 0
6599, 300, 1, 0, 0
6699, 420, 0, 0, 0
6699, 260, 1, 0, 0
6799, 620, 0, 0, 0
6799, 250, 1, 0, 0
6900, 540, 0, 0, 0
6900, 210, 1, 0, 0
7000, 270, 0, 0, 0
7000, 320, 1, 0, 0
7100, 400, 0, 0, 0
7100, 340, 1, 0, 0
7200, 490, 0, 0, 0
7200, 210, 1, 0, 0
7300, 590, 0, 0, 0
7300, 300, 1, 0, 0
7400, 580, 0, 0, 0
7400, 190, 1, 0, 0
7499, 676, 0, 0, 0
7499, 272, 1, 0, 0
7599, 500, 0, 0, 0
7599, 210, 1, 0, 0
7699, 470, 0, 0, 0
7699, 280, 1, 0, 0
7799, 550, 0, 0, 0
7799, 300, 1, 0, 0
7899, 660, 0, 0, 0
7899, 240, 1, 0, 0
8000, 630, 0, 0, 0
8000, 310, 1, 0, 0
8100, 700, 0, 0, 0
8100, 220, 1, 0, 0
8200, 600, 0, 0, 0
8200, 320, 1, 0, 0
8300, 510, 0, 0, 0
8300, 320, 1, 0, 0
8400, 470, 0, 0, 0
8400, 280, 1, 0, 0
8499, 707, 0, 0, 0
8499, 282, 1, 0, 0
8599, 530, 0, 0, 0
8599, 250, 1, 0, 0
8699, 660, 0, 0, 0
8699, 210, 1, 0, 0
8799, 700, 0, 0, 0
8799, 200, 1, 0, 0
8899, 650, 0, 0, 0
8899, 280, 1, 0, 0
8999, 570, 0, 0, 0
8999, 280, 1, 0, 0
9099, 700, 0, 0, 0
9099, 250, 1, 0, 0
9199, 700, 0, 0, 0
9199, 240, 1, 0, 0
9300, 760, 0, 0, 0
9300, 270, 1, 0, 0
9400, 590, 0, 0, 0
9400, 340, 1, 0, 0
9499, 636, 0, 0, 0
9499, 232, 1, 0, 0
9599, 660, 0, 0, 0
9599, 270, 1, 0, 0
9699, 710, 0, 0, 0
9699, 220, 1, 0, 0
9799, 580, 0, 0, 0
9799, 340, 1, 0, 0
9899, 540, 0, 0, 0
9899, 250, 1, 0, 0
9999, 570, 0, 0, 0
9999, 230, 1, 0, 0
10099, 480, 0, 0, 0
10099, 340, 1, 0, 0
10199, 490, 0, 0, 0
10199, 250, 1, 0, 0
10299, 660, 0, 0, 0
10299, 270, 1, 0, 0
10399, 640, 0, 0, 0
10399, 240, 1, 0, 0
10499, 660, 0, 0, 0
10499, 300, 1, 0, 0
10599, 760, 0, 0, 0
10599, 240, 1, 0, 0
10700, 380, 0, 0, 0
10700, 240, 1, 0, 0
10800, 680, 0, 0, 0
10800, 290, 1, 0, 0
10900, 480, 0, 0, 0
10900, 210, 1, 0, 0
10999, 787, 0, 0, 0
10999, 262, 1, 0, 0
11099, 410, 0, 0, 0
11099, 240, 1, 0, 0
11199, 460, 0, 0, 0
11199, 280, 1, 0, 0
11299, 630, 0, 0, 0
11299, 240, 1, 0, 0
11399, 540, 0, 0, 0
11399, 230, 1, 0, 0
11499, 720, 0, 0, 0
11499, 270, 1, 0, 0
11599, 570, 0, 0, 0
11599, 220, 1, 0, 0
11699, 560, 0, 0, 0
11699, 280, 1, 0, 0
11800, 420, 0, 0, 0
11800, 230, 1, 0, 0
11900, 880, 0, 0, 0
11900, 250, 1, 0, 0
11999, 363, 0, 0, 0
11999, 222, 1, 0, 0
12099, 790, 0, 0, 0
12099, 280, 1, 0, 0
12199, 300, 0, 0, 0
12199, 140, 1, 0, 0
12299, 370, 0, 0, 0
12299, 190, 1, 0, 0
12399, 520, 0, 0, 0
12399, 180, 1, 0, 0
12499, 490, 0, 0, 0
12499, 140, 1, 0, 0
12599, 490, 0, 0, 0
12599, 270, 1, 0, 0
12699, 320, 0, 0, 0
12699, 160, 1, 0, 0
12799, 690, 0, 0, 0
12799, 260, 1, 0, 0
12899, 130, 0, 0, 0
12899, 70, 1, 0, 0
12999, 140, 0, 0, 0
12999, 110, 1, 0, 0
13100, 280, 0, 0, 0
13100, 80, 1, 0, 0
13200, 350, 0, 0, 0
13200, 160, 1, 0, 0
13300, 520, 0, 0, 0
13300, 260, 1, 0, 0
13400, 710, 0, 0, 0
13400, 320, 1, 0, 0
13499, 343, 0, 0, 0
13499, 252, 1, 0, 0
13599, 740, 0, 0, 0
13599, 230, 1, 0, 0
13699, 390, 0, 0, 0
13699, 300, 1, 0, 0
13799, 690, 0, 0, 0
13799, 220, 1, 0, 0
13899, 560, 0, 0, 0
13899, 240, 1, 0, 0
13999, 570, 0, 0, 0
13999, 260, 1, 0, 0
14099, 700, 0, 0, 0
14099, 270, 1, 0, 0
14199, 560, 0, 0, 0
14199, 260, 1, 0, 0
14299, 480, 0, 0, 0
14299, 140, 1, 0, 0
14400, 290, 0, 0, 0
14400, 190, 1, 0, 0
14500, 330, 0, 0, 0
14500, 170, 1, 0, 0
14600, 470, 0, 0, 0
14600, 200, 1, 0, 0
14700, 550, 0, 0, 0
14700, 240, 1, 0, 0
14800, 610, 0, 0, 0
14800, 260, 1, 0, 0
14900, 550, 0, 0, 0
14900, 210, 1, 0, 0
14999, 393, 0, 0, 0
14999, 171, 1, 0, 0
15099, 270, 0, 0, 0
15099, 110, 1, 0, 0
15199, 280, 0, 0, 0
15199, 160, 1, 0, 0
15299, 480, 0, 0, 0
15299, 200, 1, 0, 0
15399, 420, 0, 0, 0
15399, 140, 1, 0, 0
15500, 500, 0, 0, 0
15500, 150, 1, 0, 0
15600, 600, 0, 0, 0
15600, 270, 1, 0, 0
15700, 640, 0, 0, 0
15700, 280, 1, 0, 0
15800, 310, 0, 0, 0
15800, 150, 1, 0, 0
15900, 340, 0, 0, 0
15900, 140, 1, 0, 0
15999, 535, 0, 0, 0
15999, 191, 1, 0, 0
16099, 370, 0, 0, 0
16099, 200, 1, 0, 0
16199, 630, 0, 0, 0
16199, 150, 1, 0, 0
16299, 430, 0, 0, 0
16299, 160, 1, 0, 0
16399, 370, 0, 0, 0
16399, 150, 1, 0, 0
16499, 450, 0, 0, 0
16499, 150, 1, 0, 0
16599, 600, 0, 0, 0
16599, 260, 1, 0, 0
16699, 350, 0, 0, 0
16699, 140, 1, 0, 0
16800, 540, 0, 0, 0
16800, 290, 1, 0, 0
16900, 450, 0, 0, 0
16900, 170, 1, 0, 0
16999, 585, 0, 0, 0
16999, 333, 1, 0, 0
17099, 670, 0, 0, 0
17099, 240, 1, 0, 0
17199, 520, 0, 0, 0
17199, 230, 1, 0, 0
17299, 580, 0, 0, 0
17299, 230, 1, 0, 0
17399, 680, 0, 0, 0
17399, 220, 1, 0, 0
17499, 610, 0, 0, 0
17499, 300, 1, 0, 0
17599, 600, 0, 0, 0
17599, 280, 1, 0, 0
17699, 480, 0, 0, 0
17699, 230, 1, 0, 0
17799, 490, 0, 0, 0
17799, 240, 1, 0, 0
17899, 660, 0, 0, 0
17899, 310, 1, 0, 0
17999, 450, 0, 0, 0
17999, 240, 1, 0, 0
18099, 380, 0, 0, 0
18099, 240, 1, 0, 0
18200, 300, 0, 0, 0
18200, 130, 1, 0, 0
18300, 560, 0, 0, 0
18300, 210, 1, 0, 0
18400, 500, 0, 0, 0
18400, 200, 1, 0, 0
18499, 333, 0, 0, 0
18499, 181, 1, 0, 0
18599, 610, 0, 0, 0
18599, 210, 1, 0, 0
18699, 530, 0, 0, 0
18699, 280, 1, 0, 0
18799, 570, 0, 0, 0
18799, 270, 1, 0, 0
18899, 510, 0, 0, 0
18899, 330, 1, 0, 0
18999, 700, 0, 0, 0
18999, 190, 1, 0, 0
19099, 750, 0, 0, 0
19099, 270, 1, 0, 0
19199, 490, 0, 0, 0
19199, 170, 1, 0, 0
19299, 800, 0, 0, 0
19299, 290, 1, 0, 0
19399, 460, 0, 0, 0
19399, 220, 1, 0, 0
19500, 610, 0, 0, 0
19500, 340, 1, 0, 0
19600, 560, 0, 0, 0
19600, 250, 1, 0, 0
19700, 730, 0, 0, 0
19700, 280, 1, 0, 0
19800, 590, 0, 0, 0
19800, 290, 1, 0, 0
19900, 590, 0, 0, 0
19900, 380, 1, 0, 0
19999, 585, 0, 0, 0
19999, 222, 1, 0, 0
20099, 650, 0, 0, 0
20099, 240, 1, 0, 0
20199, 630, 0, 0, 0
20199, 220, 1, 0, 0
20299, 640, 0, 0, 0
20299, 280, 1, 0, 0
20399, 590, 0, 0, 0
20399, 230, 1, 0, 0
20499, 630, 0, 0, 0
20499, 300, 1, 0, 0
20599, 670, 0, 0, 0
20599, 220, 1, 0, 0
20699, 550, 0, 0, 0
20699, 290, 1, 0, 0
20800, 500, 0, 0, 0
20800, 300, 1, 0, 0
20900, 520, 0, 0, 0
20900, 250, 1, 0, 0
20999, 464, 0, 0, 0
20999, 282, 1, 0, 0
21099, 690, 0, 0, 0
21099, 220, 1, 0, 0
21199, 600, 0, 0, 0
21199, 230, 1, 0, 0
21299, 590, 0, 0, 0
21299, 190, 1, 0, 0
21399, 650, 0, 0, 0
21399, 280, 1, 0, 0
21499, 470, 0, 0, 0
21499, 240, 1, 0, 0
21599, 520, 0, 0, 0
21599, 220, 1, 0, 0
21699, 520, 0, 0, 0
21699, 240, 1, 0, 0
21799, 710, 0, 0, 0
21799, 260, 1, 0, 0
21899, 560, 0, 0, 0
21899, 220, 1, 0, 0
22000, 530, 0, 0, 0
22000, 280, 1, 0, 0
22100, 670, 0, 0, 0
22100, 230, 1, 0, 0
22200, 730, 0, 0, 0
22200, 200, 1, 0, 0
22300, 640, 0, 0, 0
22300, 210, 1, 0, 0
22400, 620, 0, 0, 0
22400, 230, 1, 0, 0
22499, 565, 0, 0, 0
22499, 191, 1, 0, 0
22599, 580, 0, 0, 0
22599, 240, 1, 0, 0
22699, 580, 0, 0, 0
22699, 230, 1, 0, 0
22799, 670, 0, 0, 0
22799, 270, 1, 0, 0
22899, 520, 0, 0, 0
22899, 210, 1, 0, 0
22999, 600, 0, 0, 0
22999, 270, 1, 0, 0
23099, 590, 0, 0, 0
23099, 270, 1, 0, 0
23199, 660, 0, 0, 0
23199, 260, 1, 0, 0
23299, 430, 0, 0, 0
23299, 240, 1, 0, 0
23399, 830, 0, 0, 0
23399, 190, 1, 0, 0
23499, 510, 0, 0, 0
23499, 200, 1, 0, 0
23600, 780, 0, 0, 0
23600, 260, 1, 0, 0
23700, 600, 0, 0, 0
23700, 180, 1, 0, 0
23800, 730, 0, 0, 0
23800, 330, 1, 0, 0
23900, 440, 0, 0, 0
23900, 290, 1, 0, 0
23999, 757, 0, 0, 0
23999, 242, 1, 0, 0
24099, 500, 0, 0, 0
24099, 160, 1, 0, 0
24199, 610, 0, 0, 0
24199, 320, 1, 0, 0
24299, 460, 0, 0, 0
24299, 150, 1, 0, 0
24399, 520, 0, 0, 0
24399, 300, 1, 0, 0
24499, 630, 0, 0, 0
24499, 230, 1, 0, 0
24599, 460, 0, 0, 0
24599, 270, 1, 0, 0
24699, 600, 0, 0, 0
24699, 240, 1, 0, 0
24800, 620, 0, 0, 0
24800, 240, 1, 0, 0
24900, 740, 0, 0, 0
24900, 250, 1, 0, 0
25000, 540, 0, 0, 0
25000, 250, 1, 0, 0
25100, 600, 0, 0, 0
25100, 220, 1, 0, 0
25200, 530, 0, 0, 0
25200, 280, 1, 0, 0
25300, 460, 0, 0, 0
25300, 270, 1, 0, 0
25400, 560, 0, 0, 0
25400, 240, 1, 0, 0
25499, 565, 0, 0, 0
25499, 282, 1, 0, 0
25599, 560, 0, 0, 0
25599, 320, 1, 0, 0
25699, 620, 0, 0, 0
25699, 200, 1, 0, 0
25799, 530, 0, 0, 0
25799, 280, 1, 0, 0
25899, 610, 0, 0, 0
25899, 230, 1, 0, 0
26000, 680, 0, 0, 0
26000, 220, 1, 0, 0
26100, 670, 0, 0, 0
26100, 240, 1, 0, 0
26200, 580, 0, 0, 0
26200, 280, 1, 0, 0
26300, 550, 0, 0, 0
26300, 240, 1, 0, 0
26400, 810, 0, 0, 0
26400, 250, 1, 0, 0
26499, 606, 0, 0, 0
26499, 181, 1, 0, 0
26599, 530, 0, 0, 0
26599, 310, 1, 0, 0
26699, 550, 0, 0, 0
26699, 220, 1, 0, 0
26799, 780, 0, 0, 0
26799, 270, 1, 0, 0
26899, 610, 0, 0, 0
26899, 220, 1, 0, 0
26999, 590, 0, 0, 0
26999, 280, 1, 0, 0
27099, 600, 0, 0, 0
27099, 280, 1, 0, 0
27199, 480, 0, 0, 0
27199, 300, 1, 0, 0
27300, 540, 0, 0, 0
27300, 200, 1, 0, 0
27400, 460, 0, 0, 0
27400, 250, 1, 0, 0
27500, 610, 0, 0, 0
27500, 300, 1, 0, 0
27600, 430, 0, 0, 0
27600, 250, 1, 0, 0
27700, 800, 0, 0, 0
27700, 260, 1, 0, 0
27800, 580, 0, 0, 0
27800, 230, 1, 0, 0
27900, 570, 0, 0, 0
27900, 280, 1, 0, 0
27999, 545, 0, 0, 0
27999, 272, 1, 0, 0
28099, 600, 0, 0, 0
28099, 220, 1, 0, 0
28199, 540, 0, 0, 0
28199, 320, 1, 0, 0
28299, 370, 0, 0, 0
28299, 250, 1, 0, 0
28399, 570, 0, 0, 0
28399, 300, 1, 0, 0
28499, 580, 0, 0, 0
28499, 290, 1, 0, 0
28599, 490, 0, 0, 0
28599, 220, 1, 0, 0
28699, 660, 0, 0, 0
28699, 280, 1, 0, 0
28800, 540, 0, 0, 0
28800, 280, 1, 0, 0
28900, 410, 0, 0, 0
28900, 260, 1, 0, 0
28999, 535, 0, 0, 0
28999, 252, 1, 0, 0
29099, 570, 0, 0, 0
29099, 250, 1, 0, 0
29199, 480, 0, 0, 0
29199, 250, 1, 0, 0
29299, 620, 0, 0, 0
29299, 220, 1, 0, 0
29399, 530, 0, 0, 0
29399, 290, 1, 0, 0
29499, 620, 0, 0, 0
29499, 250, 1, 0, 0
29599, 610, 0, 0, 0
29599, 240, 1, 0, 0
29699, 470, 0, 0, 0
29699, 230, 1, 0, 0
29799, 780, 0, 0, 0
29799, 260, 1, 0, 0
29899, 530, 0, 0, 0
29899, 210, 1, 0, 0
30000, 550, 0, 0, 0
30000, 290, 1, 0, 0
30100, 540, 0, 0, 0
30100, 250, 1, 0, 0
30200, 590, 0, 0, 0
30200, 200, 1, 0, 0
30300, 380, 0, 0, 0
30300, 260, 1, 0, 0
30400, 730, 0, 0, 0
30400, 200, 1, 0, 0
30499, 393, 0, 0, 0
30499, 272, 1, 0, 0
30599, 800, 0, 0, 0
30599, 240, 1, 0, 0
30699, 570, 0, 0, 0
30699, 170, 1, 0, 0
30799, 610, 0, 0, 0
30799, 190, 1, 0, 0
30899, 440, 0, 0, 0
30899, 250, 1, 0, 0
30999, 540, 0, 0, 0
30999, 290, 1, 0, 0
31099, 530, 0, 0, 0
31099, 220, 1, 0, 0
31199, 550, 0, 0, 0
31199, 230, 1, 0, 0
31300, 330, 0, 0, 0
31300, 200, 1, 0, 0
31400, 540, 0, 0, 0
31400, 250, 1, 0, 0
31499, 505, 0, 0, 0
31499, 232, 1, 0, 0
31599, 500, 0, 0, 0
31599, 270, 1, 0, 0
31699, 400, 0, 0, 0
31699, 260, 1, 0, 0
31799, 600, 0, 0, 0
31799, 240, 1, 0, 0
31899, 570, 0, 0, 0
31899, 270, 1, 0, 0
31999, 450, 0, 0, 0
31999, 200, 1, 0, 0
32099, 630, 0, 0, 0
32099, 220, 1, 0, 0
32199, 540, 0, 0, 0
32199, 250, 1, 0, 0
32299, 520, 0, 0, 0
32299, 220, 1, 0, 0
32399, 430, 0, 0, 0
32399, 220, 1, 0, 0
32500, 760, 0, 0, 0
32500, 220, 1, 0, 0
32600, 650, 0, 0, 0
32600, 300, 1, 0, 0
32700, 670, 0, 0, 0
32700, 250, 1, 0, 0
32800, 610, 0, 0, 0
32800, 230, 1, 0, 0
32900, 560, 0, 0, 0
32900, 230, 1, 0, 0
32999, 555, 0, 0, 0
32999, 262, 1, 0, 0
33099, 600, 0, 0, 0
33099, 280, 1, 0, 0
33199, 640, 0, 0, 0
33199, 230, 1, 0, 0
33299, 840, 0, 0, 0
33299, 230, 1, 0, 0
33399, 620, 0, 0, 0
33399, 180, 1, 0, 0
33499, 650, 0, 0, 0
33499, 240, 1, 0, 0
33599, 490, 0, 0, 0
33599, 300, 1, 0, 0
33699, 610, 0, 0, 0
33699, 270, 1, 0, 0
33800, 540, 0, 0, 0
33800, 240, 1, 0, 0
33900, 580, 0, 0, 0
33900, 270, 1, 0, 0
33999, 595, 0, 0, 0
33999, 333, 1, 0, 0
34099, 550, 0, 0, 0
34099, 250, 1, 0, 0
34199, 650, 0, 0, 0
34199, 270, 1, 0, 0
34299, 620, 0, 0, 0
34299, 230, 1, 0, 0
34399, 650, 0, 0, 0
34399, 240, 1, 0, 0
34499, 430, 0, 0, 0
34499, 250, 1, 0, 0
34599, 580, 0, 0, 0
34599, 260, 1, 0, 0
34699, 640, 0, 0, 0
34699, 250, 1, 0, 0
34799, 660, 0, 0, 0
34799, 310, 1, 0, 0
34899, 760, 0, 0, 0
34899, 360, 1, 0, 0
35000, 490, 0, 0, 0
35000, 290, 1, 0, 0
35100, 500, 0, 0, 0
35100, 270, 1, 0, 0
35200, 670, 0, 0, 0
35200, 270, 1, 0, 0
35300, 500, 0, 0, 0
35300, 170, 1, 0, 0
35400, 740, 0, 0, 0
35400, 320, 1, 0, 0
35499, 555, 0, 0, 0
35499, 282, 1, 0, 0
35599, 570, 0, 0, 0
35599, 240, 1, 0, 0
35699, 890, 0, 0, 0
35699, 200, 1, 0, 0
35799, 510, 0, 0, 0
35799, 270, 1, 0, 0
35899, 430, 0, 0, 0
35899, 210, 1, 0, 0
35999, 720, 0, 0, 0
35999, 260, 1, 0, 0
36100, 590, 0, 0, 0
36100, 210, 1, 0, 0
36200, 780, 0, 0, 0
36200, 250, 1, 0, 0
36300, 500, 0, 0, 0
36300, 210, 1, 0, 0
36400, 640, 0, 0, 0
36400, 240, 1, 0, 0
36499, 525, 0, 0, 0
36499, 222, 1, 0, 0
36599, 650, 0, 0, 0
36599, 270, 1, 0, 0
36699, 540, 0, 0, 0
36699, 290, 1, 0, 0
36799, 620, 0, 0, 0
36799, 230, 1, 0, 0
36899, 580, 0, 0, 0
36899, 310, 1, 0, 0
36999, 580, 0, 0, 0
36999, 160, 1, 0, 0
37099, 620, 0, 0, 0
37099, 280, 1, 0, 0
37199, 620, 0, 0, 0
37199, 230, 1, 0, 0
37300, 670, 0, 0, 0
37300, 260, 1, 0, 0
37400, 460, 0, 0, 0
37400, 220, 1, 0, 0
37499, 515, 0, 0, 0
37499, 262, 1, 0, 0
37599, 470, 0, 0, 0
37599, 250, 1, 0, 0
37699, 600, 0, 0, 0
37699, 240, 1, 0, 0
37799, 570, 0, 0, 0
37799, 230, 1, 0, 0
37899, 610, 0, 0, 0
37899, 200, 1, 0, 0
37999, 690, 0, 0, 0
37999, 230, 1, 0, 0
38099, 510, 0, 0, 0
38099, 210, 1, 0, 0
38199, 580, 0, 0, 0
38199, 250, 1, 0, 0
38299, 520, 0, 0, 0
38299, 240, 1, 0, 0
38399, 580, 0, 0, 0
38399, 250, 1, 0, 0
38500, 640, 0, 0, 0
38500, 280, 1, 0, 0
38600, 480, 0, 0, 0
38600, 240, 1, 0, 0
38700, 520, 0, 0, 0
38700, 300, 1, 0, 0
38800, 480, 0, 0, 0
38800, 310, 1, 0, 0
38900, 580, 0, 0, 0
38900, 220, 1, 0, 0
38999, 575, 0, 0, 0
38999, 282, 1, 0, 0
39099, 670, 0, 0, 0
39099, 210, 1, 0, 0
39199, 460, 0, 0, 0
39199, 270, 1, 0, 0
39299, 690, 0, 0, 0
39299, 290, 1, 0, 0
39399, 670, 0, 0, 0
39399, 310, 1, 0, 0
39499, 490, 0, 0, 0
39499, 300, 1, 0, 0
39599, 700, 0, 0, 0
39599, 210, 1, 0, 0
39699, 550, 0, 0, 0
39699, 270, 1, 0, 0
39800, 630, 0, 0, 0
39800, 240, 1, 0, 0
39900, 550, 0, 0, 0
39900, 260, 1, 0, 0
39999, 464, 0, 0, 0
39999, 242, 1, 0, 0
40099, 710, 0, 0, 0
40099, 230, 1, 0, 0
40199, 580, 0, 0, 0
40199, 240, 1, 0, 0
40299, 580, 0, 0, 0
40299, 210, 1, 0, 0
40399, 580, 0, 0, 0
40399, 250, 1, 0, 0
40499, 700, 0, 0, 0
40499, 250, 1, 0, 0
40599, 370, 0, 0, 0
40599, 280, 1, 0, 0
40699, 80, 0, 0, 0
40699, 50, 1, 0, 0
40799, 190, 0, 0, 0
40799, 60, 1, 0, 0
40899, 230, 0, 0, 0
40899, 50, 1, 0, 0
41000, 350, 0, 0, 0
41000, 180, 1, 0, 0
41100, 550, 0, 0, 0
41100, 260, 1, 0, 0
41200, 430, 0, 0, 0
41200, 250, 1, 0, 0
41300, 580, 0, 0, 0
41300, 230, 1, 0, 0
41400, 600, 0, 0, 0
41400, 240, 1, 0, 0
41499, 636, 0, 0, 0
41499, 212, 1, 0, 0
41599, 680, 0, 0, 0
41599, 240, 1, 0, 0
41699, 680, 0, 0, 0
41699, 230, 1, 0, 0
41799, 730, 0, 0, 0
41799, 240, 1, 0, 0
41899, 510, 0, 0, 0
41899, 230, 1, 0, 0
41999, 570, 0, 0, 0
41999, 250, 1, 0, 0
42099, 520, 0, 0, 0
42099, 260, 1, 0, 0
42199, 790, 0, 0, 0
42199, 190, 1, 0, 0
42300, 570, 0, 0, 0
42300, 240, 1, 0, 0
42400, 570, 0, 0, 0
42400, 260, 1, 0, 0
42499, 505, 0, 0, 0
42499, 292, 1, 0, 0
42599, 660, 0, 0, 0
42599, 190, 1, 0, 0
42699, 470, 0, 0, 0
42699, 310, 1, 0, 0
42799, 640, 0, 0, 0
42799, 260, 1, 0, 0
42899, 700, 0, 0, 0
42899, 180, 1, 0, 0
42999, 570, 0, 0, 0
42999, 260, 1, 0, 0
43099, 590, 0, 0, 0
43099, 230, 1, 0, 0
43199, 550, 0, 0, 0
43199, 230, 1, 0, 0
43299, 610, 0, 0, 0
43299, 230, 1, 0, 0
43400, 640, 0, 0, 0
43400, 210, 1, 0, 0
43500, 620, 0, 0, 0
43500, 280, 1, 0, 0
43600, 510, 0, 0, 0
43600, 250, 1, 0, 0
43700, 800, 0, 0, 0
43700, 220, 1, 0, 0
43800, 430, 0, 0, 0
43800, 270, 1, 0, 0
43900, 640, 0, 0, 0
43900, 270, 1, 0, 0
43999, 585, 0, 0, 0
43999, 232, 1, 0, 0
44099, 430, 0, 0, 0
44099, 280, 1, 0, 0
44199, 690, 0, 0, 0
44199, 280, 1, 0, 0
44299, 660, 0, 0, 0
44299, 290, 1, 0, 0
44399, 340, 0, 0, 0
44399, 140, 1, 0, 0
44499, 410, 0, 0, 0
44499, 130, 1, 0, 0
44599, 500, 0, 0, 0
44599, 180, 1, 0, 0
44699, 670, 0, 0, 0
44699, 160, 1, 0, 0
44800, 480, 0, 0, 0
44800, 250, 1, 0, 0
44900, 440, 0, 0, 0
44900, 250, 1, 0, 0
45000, 570, 0, 0, 0
45000, 230, 1, 0, 0
45100, 440, 0, 0, 0
45100, 140, 1, 0, 0
45200, 260, 0, 0, 0
45200, 120, 1, 0, 0
45300, 380, 0, 0, 0
45300, 180, 1, 0, 0
45400, 300, 0, 0, 0
45400, 170, 1, 0, 0
45499, 191, 0, 0, 0
45499, 131, 1, 0, 0
45599, 420, 0, 0, 0
45599, 180, 1, 0, 0
45699, 560, 0, 0, 0
45699, 250, 1, 0, 0
45799, 420, 0, 0, 0
45799, 210, 1, 0, 0
45900, 320, 0, 0, 0
45900, 180, 1, 0, 0
46000, 410, 0, 0, 0
46000, 140, 1, 0, 0
46100, 340, 0, 0, 0
46100, 180, 1, 0, 0
46200, 730, 0, 0, 0
46200, 210, 1, 0, 0
46300, 680, 0, 0, 0
46300, 200, 1, 0, 0
46400, 510, 0, 0, 0
46400, 230, 1, 0, 0
46499, 535, 0, 0, 0
46499, 242, 1, 0, 0
46599, 460, 0, 0, 0
46599, 210, 1, 0, 0
46699, 510, 0, 0, 0
46699, 250, 1, 0, 0
46800, 700, 0, 0, 0
46800, 210, 1, 0, 0
46900, 710, 0, 0, 0
46900, 170, 1, 0, 0
47000, 590, 0, 0, 0
47000, 280, 1, 0, 0
47100, 380, 0, 0, 0
47100, 240, 1, 0, 0
47200, 670, 0, 0, 0
47200, 220, 1, 0, 0
47300, 440, 0, 0, 0
47300, 180, 1, 0, 0
47400, 380, 0, 0, 0
47400, 150, 1, 0, 0
47499, 353, 0, 0, 0
47499, 151, 1, 0, 0
47599, 450, 0, 0, 0
47599, 140, 1, 0, 0
47699, 660, 0, 0, 0
47699, 170, 1, 0, 0
47799, 500, 0, 0, 0
47799, 260, 1, 0, 0
47900, 470, 0, 0, 0
47900, 220, 1, 0, 0
48000, 570, 0, 0, 0
48000, 220, 1, 0, 0
48100, 520, 0, 0, 0
48100, 190, 1, 0, 0
48200, 450, 0, 0, 0
48200, 160, 1, 0, 0
48300, 370, 0, 0, 0
48300, 160, 1, 0, 0
48400, 340, 0, 0, 0
48400, 220, 1, 0, 0
48499, 333, 0, 0, 0
48499, 202, 1, 0, 0
48599, 490, 0, 0, 0
48599, 260, 1, 0, 0
48699, 560, 0, 0, 0
48699, 210, 1, 0, 0
48799, 500, 0, 0, 0
48799, 250, 1, 0, 0
48899, 540, 0, 0, 0
48899, 270, 1, 0, 0
49000, 510, 0, 0, 0
49000, 260, 1, 0, 0
49100, 630, 0, 0, 0
49100, 180, 1, 0, 0
49200, 630, 0, 0, 0
49200, 280, 1, 0, 0
49300, 270, 0, 0, 0
49300, 250, 1, 0, 0
49400, 460, 0, 0, 0
49400, 340, 1, 0, 0
49499, 737, 0, 0, 0
49499, 212, 1, 0, 0
49599, 660, 0, 0, 0
49599, 210, 1, 0, 0
49699, 650, 0, 0, 0
49699, 290, 1, 0, 0
49799, 460, 0, 0, 0
49799, 260, 1, 0, 0
49899, 640, 0, 0, 0
49899, 260, 1, 0, 0
49999, 400, 0, 0, 0
49999, 220, 1, 0, 0
50099, 630, 0, 0, 0
50099, 330, 1, 0, 0
50199, 340, 0, 0, 0
50199, 260, 1, 0, 0
50300, 660, 0, 0, 0
50300, 300, 1, 0, 0
50400, 510, 0, 0, 0
50400, 260, 1, 0, 0
50499, 737, 0, 0, 0
50499, 222, 1, 0, 0
50599, 730, 0, 0, 0
50599, 220, 1, 0, 0
50699, 410, 0, 0, 0
50699, 230, 1, 0, 0
50799, 550, 0, 0, 0
50799, 300, 1, 0, 0
50899, 350, 0, 0, 0
50899, 200, 1, 0, 0
50999, 820, 0, 0, 0
50999, 270, 1, 0, 0
51099, 450, 0, 0, 0
51099, 190, 1, 0, 0
51199, 620, 0, 0, 0
51199, 300, 1, 0, 0
51300, 430, 0, 0, 0
51300, 230, 1, 0, 0
51400, 420, 0, 0, 0
51400, 200, 1, 0, 0
51499, 292, 0, 0, 0
51499, 121, 1, 0, 0
51599, 360, 0, 0, 0
51599, 260, 1, 0, 0
51699, 520, 0, 0, 0
51699, 180, 1, 0, 0
51799, 450, 0, 0, 0
51799, 170, 1, 0, 0
51899, 710, 0, 0, 0
51899, 260, 1, 0, 0
51999, 480, 0, 0, 0
51999, 180, 1, 0, 0
52099, 670, 0, 0, 0
52099, 230, 1, 0, 0
52199, 420, 0, 0, 0
52199, 170, 1, 0, 0
52299, 750, 0, 0, 0
52299, 340, 1, 0, 0
52399, 380, 0, 0, 0
52399, 220, 1, 0, 0
52500, 730, 0, 0, 0
52500, 270, 1, 0, 0
52600, 540, 0, 0, 0
52600, 200, 1, 0, 0
52700, 540, 0, 0, 0
52700, 320, 1, 0, 0
52800, 680, 0, 0, 0
52800, 200, 1, 0, 0
52900, 540, 0, 0, 0
52900, 300, 1, 0, 0
52999, 757, 0, 0, 0
52999, 252, 1, 0, 0
53099, 670, 0, 0, 0
53099, 210, 1, 0, 0
53199, 670, 0, 0, 0
53199, 310, 1, 0, 0
53299, 500, 0, 0, 0
53299, 190, 1, 0, 0
53399, 730, 0, 0, 0
53399, 320, 1, 0, 0
53499, 370, 0, 0, 0
53499, 170, 1, 0, 0
53599, 520, 0, 0, 0
53599, 330, 1, 0, 0
53700, 600, 0, 0, 0
53700, 270, 1, 0, 0
53800, 580, 0, 0, 0
53800, 270, 1, 0, 0
53900, 570, 0, 0, 0
53900, 280, 1, 0, 0
53999, 484, 0, 0, 0
53999, 171, 1, 0, 0
54099, 640, 0, 0, 0
54099, 370, 1, 0, 0
54199, 470, 0, 0, 0
54199, 210, 1, 0, 0
54299, 890, 0, 0, 0
54299, 220, 1, 0, 0
54399, 390, 0, 0, 0
54399, 170, 1, 0, 0
54499, 680, 0, 0, 0
54499, 350, 1, 0, 0
54599, 320, 0, 0, 0
54599, 290, 1, 0, 0
54699, 600, 0, 0, 0
54699, 260, 1, 0, 0
54799, 530, 0, 0, 0
54799, 310, 1, 0, 0
54899, 560, 0, 0, 0
54899, 240, 1, 0, 0
55000, 770, 0, 0, 0
55000, 250, 1, 0, 0
55100, 550, 0, 0, 0
55100, 240, 1, 0, 0
55200, 660, 0, 0, 0
55200, 230, 1, 0, 0
55300, 640, 0, 0, 0
55300, 240, 1, 0, 0
55400, 570, 0, 0, 0
55400, 250, 1, 0, 0
55499, 616, 0, 0, 0
55499, 202, 1, 0, 0
55599, 610, 0, 0, 0
55599, 270, 1, 0, 0
55699, 510, 0, 0, 0
55699, 290, 1, 0, 0
55799, 530, 0, 0, 0
55799, 210, 1, 0, 0
55899, 690, 0, 0, 0
55899, 260, 1, 0, 0
55999, 550, 0, 0, 0
55999, 250, 1, 0, 0
56099, 690, 0, 0, 0
56099, 250, 1, 0, 0
56200, 580, 0, 0, 0
56200, 290, 1, 0, 0
56300, 530, 0, 0, 0
56300, 250, 1, 0, 0
56400, 620, 0, 0, 0
56400, 210, 1, 0, 0
56499, 565, 0, 0, 0
56499, 262, 1, 0, 0
56599, 560, 0, 0, 0
56599, 280, 1, 0, 0
56699, 640, 0, 0, 0
56699, 260, 1, 0, 0
56799, 700, 0, 0, 0
56799, 290, 1, 0, 0
56899, 580, 0, 0, 0
56899, 220, 1, 0, 0
56999, 680, 0, 0, 0
56999, 310, 1, 0, 0
57099, 560, 0, 0, 0
57099, 230, 1, 0, 0
57199, 560, 0, 0, 0
57199, 320, 1, 0, 0
57300, 590, 0, 0, 0
57300, 310, 1, 0, 0
57400, 700, 0, 0, 0
57400, 190, 1, 0, 0
57499, 636, 0, 0, 0
57499, 282, 1, 0, 0
57599, 600, 0, 0, 0
57599, 210, 1, 0, 0
57699, 490, 0, 0, 0
57699, 300, 1, 0, 0
57799, 630, 0, 0, 0
57799, 190, 1, 0, 0
57899, 740, 0, 0, 0
57899, 250, 1, 0, 0
57999, 480, 0, 0, 0
57999, 300, 1, 0, 0
58099, 480, 0, 0, 0
58099, 250, 1, 0, 0
58199, 670, 0, 0, 0
58199, 300, 1, 0, 0
58299, 450, 0, 0, 0
58299, 190, 1, 0, 0
58399, 660, 0, 0, 0
58399, 310, 1, 0, 0
58500, 520, 0, 0, 0
58500, 240, 1, 0, 0
58600, 540, 0, 0, 0
58600, 250, 1, 0, 0
58700, 530, 0, 0, 0
58700, 220, 1, 0, 0
58800, 460, 0, 0, 0
58800, 290, 1, 0, 0
58900, 700, 0, 0, 0
58900, 280, 1, 0, 0
58999, 444, 0, 0, 0
58999, 252, 1, 0, 0
59099, 810, 0, 0, 0
59099, 270, 1, 0, 0
59199, 350, 0, 0, 0
59199, 270, 1, 0, 0
59299, 730, 0, 0, 0
59299, 240, 1, 0, 0
59399, 620, 0, 0, 0
59399, 220, 1, 0, 0
59499, 440, 0, 0, 0
59499, 300, 1, 0, 0
59600, 690, 0, 0, 0
59600, 290, 1, 0, 0
59700, 550, 0, 0, 0
59700, 260, 1, 0, 0
59800, 380, 0, 0, 0
59800, 340, 1, 0, 0
59900, 580, 0, 0, 0
59900, 250, 1, 0, 0
59999, 494, 0, 0, 0
59999, 272, 1, 0, 0
60099, 640, 0, 0, 0
60099, 290, 1, 0, 0
60199, 470, 0, 0, 0
60199, 200, 1, 0, 0
60299, 520, 0, 0, 0
60299, 300, 1, 0, 0
60399, 370, 0, 0, 0
60399, 240, 1, 0, 0
60499, 680, 0, 0, 0
60499, 290, 1, 0, 0
60599, 580, 0, 0, 0
60599, 220, 1, 0, 0
60699, 530, 0, 0, 0
60699, 240, 1, 0, 0
60799, 560, 0, 0, 0
60799, 270, 1, 0, 0
60899, 640, 0, 0, 0
60899, 220, 1, 0, 0
61000, 590, 0, 0, 0
61000, 280, 1, 0, 0
61100, 800, 0, 0, 0
61100, 200, 1, 0, 0
61200, 610, 0, 0, 0
61200, 200, 1, 0, 0
61300, 380, 0, 0, 0
61300, 130, 1, 0, 0
61400, 300, 0, 0, 0
61400, 120, 1, 0, 0
61499, 282, 0, 0, 0
61499, 151, 1, 0, 0
61599, 640, 0, 0, 0
61599, 290, 1, 0, 0
61699, 500, 0, 0, 0
61699, 190, 1, 0, 0
61799, 740, 0, 0, 0
61799, 290, 1, 0, 0
61899, 420, 0, 0, 0
61899, 260, 1, 0, 0
61999, 440, 0, 0, 0
61999, 270, 1, 0, 0
62099, 560, 0, 0, 0
62099, 300, 1, 0, 0
62199, 460, 0, 0, 0
62199, 230, 1, 0, 0
62300, 680, 0, 0, 0
62300, 270, 1, 0, 0
62400, 670, 0, 0, 0
62400, 260, 1, 0, 0
62500, 540, 0, 0, 0
62500, 270, 1, 0, 0
62600, 660, 0, 0, 0
62600, 260, 1, 0, 0
62700, 650, 0, 0, 0
62700, 220, 1, 0, 0
62800, 450, 0, 0, 0
62800, 290, 1, 0, 0
62900, 520, 0, 0, 0
62900, 240, 1, 0, 0
62999, 757, 0, 0, 0
62999, 242, 1, 0, 0
63099, 700, 0, 0, 0
63099, 210, 1, 0, 0
63199, 800, 0, 0, 0
63199, 230, 1, 0, 0
63299, 620, 0, 0, 0
63299, 240, 1, 0, 0
63399, 780, 0, 0, 0
63399, 280, 1, 0, 0
63499, 520, 0, 0, 0
63499, 290, 1, 0, 0
63599, 720, 0, 0, 0
63599, 240, 1, 0, 0
63699, 550, 0, 0, 0
63699, 260, 1, 0, 0
63800, 540, 0, 0, 0
63800, 270, 1, 0, 0
63900, 520, 0, 0, 0
63900, 220, 1, 0, 0
63999, 545, 0, 0, 0
63999, 252, 1, 0, 0
64099, 550, 0, 0, 0
64099, 280, 1, 0, 0
64199, 550, 0, 0, 0
64199, 190, 1, 0, 0
64299, 600, 0, 0, 0
64299, 250, 1, 0, 0
64399, 640, 0, 0, 0
64399, 220, 1, 0, 0
64499, 480, 0, 0, 0
64499, 280, 1, 0, 0
64599, 440, 0, 0, 0
64599, 220, 1, 0, 0
64699, 730, 0, 0, 0
64699, 270, 1, 0, 0
64799, 480, 0, 0, 0
64799, 290, 1, 0, 0
64899, 530, 0, 0, 0
64899, 240, 1, 0, 0
64999, 730, 0, 0, 0
64999, 250, 1, 0, 0
65099, 670, 0, 0, 0
65099, 220, 1, 0, 0
65199, 510, 0, 0, 0
65199, 270, 1, 0, 0
65300, 710, 0, 0, 0
65300, 200, 1, 0, 0
65400, 550, 0, 0, 0
65400, 280, 1, 0, 0
65499, 484, 0, 0, 0
65499, 232, 1, 0, 0
65599, 640, 0, 0, 0
65599, 280, 1, 0, 0
65699, 520, 0, 0, 0
65699, 260, 1, 0, 0
65799, 530, 0, 0, 0
65799, 250, 1, 0, 0
65899, 470, 0, 0, 0
65899, 220, 1, 0, 0
65999, 720, 0, 0, 0
65999, 210, 1, 0, 0
66099, 590, 0, 0, 0
66099, 180, 1, 0, 0
66199, 570, 0, 0, 0
66199, 240, 1, 0, 0
66299, 420, 0, 0, 0
66299, 230, 1, 0, 0
66399, 900, 0, 0, 0
66399, 200, 1, 0, 0
66500, 480, 0, 0, 0
66500, 230, 1, 0, 0
66600, 540, 0, 0, 0
66600, 260, 1, 0, 0
66700, 440, 0, 0, 0
66700, 200, 1, 0, 0
66800, 570, 0, 0, 0
66800, 290, 1, 0, 0
66900, 390, 0, 0, 0
66900, 260, 1, 0, 0
66999, 626, 0, 0, 0
66999, 272, 1, 0, 0
67099, 450, 0, 0, 0
67099, 190, 1, 0, 0
67199, 620, 0, 0, 0
67199, 260, 1, 0, 0
67299, 660, 0, 0, 0
67299, 280, 1, 0, 0
67399, 440, 0, 0, 0
67399, 250, 1, 0, 0
67499, 560, 0, 0, 0
67499, 290, 1, 0, 0
67599, 450, 0, 0, 0
67599, 190, 1, 0, 0
67699, 680, 0, 0, 0
67699, 290, 1, 0, 0
67800, 540, 0, 0, 0
67800, 230, 1, 0, 0
67900, 490, 0, 0, 0
67900, 310, 1, 0, 0
67999, 555, 0, 0, 0
67999, 272, 1, 0, 0
68099, 630, 0, 0, 0
68099, 240, 1, 0, 0
68199, 820, 0, 0, 0
68199, 220, 1, 0, 0
68299, 410, 0, 0, 0
68299, 240, 1, 0, 0
68399, 670, 0, 0, 0
68399, 240, 1, 0, 0
68499, 430, 0, 0, 0
68499, 220, 1, 0, 0
68599, 890, 0, 0, 0
68599, 230, 1, 0, 0
68699, 650, 0, 0, 0
68699, 230, 1, 0, 0
68799, 620, 0, 0, 0
68799, 200, 1, 0, 0
68899, 520, 0, 0, 0
68899, 270, 1, 0, 0
69000, 580, 0, 0, 0
69000, 280, 1, 0, 0
69100, 430, 0, 0, 0
69100, 220, 1, 0, 0
69200, 530, 0, 0, 0
69200, 280, 1, 0, 0
69300, 600, 0, 0, 0
69300, 230, 1, 0, 0
69400, 710, 0, 0, 0
69400, 290, 1, 0, 0
69499, 525, 0, 0, 0
69499, 303, 1, 0, 0
69599, 580, 0, 0, 0
69599, 210, 1, 0, 0
69699, 570, 0, 0, 0
69699, 270, 1, 0, 0
69799, 690, 0, 0, 0
69799, 120, 1, 0, 0
69899, 670, 0, 0, 0
69899, 210, 1, 0, 0
69999, 630, 0, 0, 0
69999, 250, 1, 0, 0
70099, 670, 0, 0, 0
70099, 230, 1, 0, 0
70199, 600, 0, 0, 0
70199, 220, 1, 0, 0
70300, 450, 0, 0, 0
70300, 220, 1, 0, 0
70400, 670, 0, 0, 0
70400, 230, 1, 0, 0
70499, 505, 0, 0, 0
70499, 191, 1, 0, 0
70599, 430, 0, 0, 0
70599, 310, 1, 0, 0
70699, 590, 0, 0, 0
70699, 290, 1, 0, 0
70799, 570, 0, 0, 0
70799, 190, 1, 0, 0
70899, 600, 0, 0, 0
70899, 280, 1, 0, 0
70999, 670, 0, 0, 0
70999, 180, 1, 0, 0
71099, 520, 0, 0, 0
71099, 230, 1, 0, 0
71199, 500, 0, 0, 0
71199, 240, 1, 0, 0
71299, 730, 0, 0, 0
71299, 220, 1, 0, 0
71399, 670, 0, 0, 0
71399, 180, 1, 0, 0
71500, 460, 0, 0, 0
71500, 250, 1, 0, 0
71600, 490, 0, 0, 0
71600, 270, 1, 0, 0
71700, 510, 0, 0, 0
71700, 270, 1, 0, 0
71800, 600, 0, 0, 0
71800, 180, 1, 0, 0
71900, 800, 0, 0, 0
71900, 250, 1, 0, 0
71999, 535, 0, 0, 0
71999, 212, 1, 0, 0
72099, 640, 0, 0, 0
72099, 320, 1, 0, 0
72199, 470, 0, 0, 0
72199, 190, 1, 0, 0
72299, 650, 0, 0, 0
72299, 260, 1, 0, 0
72399, 600, 0, 0, 0
72399, 180, 1, 0, 0
72499, 620, 0, 0, 0
72499, 280, 1, 0, 0
72599, 840, 0, 0, 0
72599, 230, 1, 0, 0
72699, 490, 0, 0, 0
72699, 230, 1, 0, 0
72800, 790, 0, 0, 0
72800, 210, 1, 0, 0
72900, 490, 0, 0, 0
72900, 260, 1, 0, 0
72999, 666, 0, 0, 0
72999, 262, 1, 0, 0
73099, 730, 0, 0, 0
73099, 260, 1, 0, 0
73199, 800, 0, 0, 0
73199, 270, 1, 0, 0
73299, 530, 0, 0, 0
73299, 230, 1, 0, 0
73399, 660, 0, 0, 0
73399, 220, 1, 0, 0
73499, 520, 0, 0, 0
73499, 290, 1, 0, 0
73599, 480, 0, 0, 0
73599, 290, 1, 0, 0
73699, 680, 0, 0, 0
73699, 180, 1, 0, 0
73799, 810, 0, 0, 0
73799, 240, 1, 0, 0
73899, 350, 0, 0, 0
73899, 240, 1, 0, 0
73999, 690, 0, 0, 0
73999, 250, 1, 0, 0
74100, 690, 0, 0, 0
74100, 200, 1, 0, 0
74200, 590, 0, 0, 0
74200, 250, 1, 0, 0
74300, 680, 0, 0, 0
74300, 250, 1, 0, 0
74400, 600, 0, 0, 0
74400, 190, 1, 0, 0
74499, 434, 0, 0, 0
74499, 151, 1, 0, 0
74599, 400, 0, 0, 0
74599, 130, 1, 0, 0
74699, 540, 0, 0, 0
74699, 150, 1, 0, 0
74799, 600, 0, 0, 0
74799, 190, 1, 0, 0
74899, 530, 0, 0, 0
74899, 230, 1, 0, 0
74999, 440, 0, 0, 0
74999, 200, 1, 0, 0
75099, 640, 0, 0, 0
75099, 220, 1, 0, 0
75199, 420, 0, 0, 0
75199, 120, 1, 0, 0
75300, 320, 0, 0, 0
75300, 130, 1, 0, 0
75400, 300, 0, 0, 0
75400, 110, 1, 0, 0
75500, 290, 0, 0, 0
75500, 150, 1, 0, 0
75600, 330, 0, 0, 0
75600, 170, 1, 0, 0
75700, 510, 0, 0, 0
75700, 300, 1, 0, 0
75800, 520, 0, 0, 0
75800, 230, 1, 0, 0
75900, 500, 0, 0, 0
75900, 200, 1, 0, 0
75999, 343, 0, 0, 0
75999, 141, 1, 0, 0
76099, 460, 0, 0, 0
76099, 150, 1, 0, 0
76199, 610, 0, 0, 0
76199, 190, 1, 0, 0
76299, 380, 0, 0, 0
76299, 220, 1, 0, 0
76399, 470, 0, 0, 0
76399, 230, 1, 0, 0
76500, 470, 0, 0, 0
76500, 230, 1, 0, 0
76600, 580, 0, 0, 0
76600, 230, 1, 0, 0
76700, 530, 0, 0, 0
76700, 230, 1, 0, 0
76800, 620, 0, 0, 0
76800, 270, 1, 0, 0
76900, 540, 0, 0, 0
76900, 200, 1, 0, 0
76999, 595, 0, 0, 0
76999, 272, 1, 0, 0
77099, 640, 0, 0, 0
77099, 200, 1, 0, 0
77199, 650, 0, 0, 0
77199, 250, 1, 0, 0
77299, 660, 0, 0, 0
77299, 240, 1, 0, 0
77399, 520, 0, 0, 0
77399, 120, 1, 0, 0
77499, 270, 0, 0, 0
77499, 130, 1, 0, 0
77599, 570, 0, 0, 0
77599, 130, 1, 0, 0
77699, 540, 0, 0, 0
77699, 190, 1, 0, 0
77799, 500, 0, 0, 0
77799, 220, 1, 0, 0
77900, 320, 0, 0, 0
77900, 280, 1, 0, 0
77999, 484, 0, 0, 0
77999, 212, 1, 0, 0
78099, 490, 0, 0, 0
78099, 240, 1, 0, 0
78199, 570, 0, 0, 0
78199, 260, 1, 0, 0
78299, 550, 0, 0, 0
78299, 160, 1, 0, 0
78399, 300, 0, 0, 0
78399, 140, 1, 0, 0
78499, 570, 0, 0, 0
78499, 150, 1, 0, 0
78599, 360, 0, 0, 0
78599, 200, 1, 0, 0
78699, 460, 0, 0, 0
78699, 220, 1, 0, 0
78799, 640, 0, 0, 0
78799, 230, 1, 0, 0
78899, 570, 0, 0, 0
78899, 230, 1, 0, 0
78999, 620, 0, 0, 0
78999, 260, 1, 0, 0
79100, 640, 0, 0, 0
79100, 300, 1, 0, 0
79200, 470, 0, 0, 0
79200, 300, 1, 0, 0
79300, 610, 0, 0, 0
79300, 330, 1, 0, 0
79400, 680, 0, 0, 0
79400, 290, 1, 0, 0
79499, 575, 0, 0, 0
79499, 212, 1, 0, 0
79599, 780, 0, 0, 0
79599, 330, 1, 0, 0
79699, 520, 0, 0, 0
79699, 250, 1, 0, 0
79799, 780, 0, 0, 0
79799, 240, 1, 0, 0
79899, 370, 0, 0, 0
79899, 250, 1, 0, 0
79999, 720, 0, 0, 0
79999, 270, 1, 0, 0
80099, 450, 0, 0, 0
80099, 210, 1, 0, 0
80199, 690, 0, 0, 0
80199, 250, 1, 0, 0
80299, 550, 0, 0, 0
80299, 170, 1, 0, 0
80399, 720, 0, 0, 0
80399, 280, 1, 0, 0
80500, 560, 0, 0, 0
80500, 200, 1, 0, 0
80600, 820, 0, 0, 0
80600, 250, 1, 0, 0
80700, 540, 0, 0, 0
80700, 220, 1, 0, 0
80800, 560, 0, 0, 0
80800, 280, 1, 0, 0
80900, 620, 0, 0, 0
80900, 270, 1, 0, 0
80999, 535, 0, 0, 0
80999, 222, 1, 0, 0
81099, 730, 0, 0, 0
81099, 220, 1, 0, 0
81199, 520, 0, 0, 0
81199, 250, 1, 0, 0
81299, 670, 0, 0, 0
81299, 260, 1, 0, 0
81399, 570, 0, 0, 0
81399, 290, 1, 0, 0
81499, 320, 0, 0, 0
81499, 140, 1, 0, 0
81599, 190, 0, 0, 0
81599, 170, 1, 0, 0
81699, 420, 0, 0, 0
81699, 180, 1, 0, 0
81799, 440, 0, 0, 0
81799, 210, 1, 0, 0
81900, 360, 0, 0, 0
81900, 190, 1, 0, 0
82000, 570, 0, 0, 0
82000, 260, 1, 0, 0
82100, 580, 0, 0, 0
82100, 280, 1, 0, 0
82200, 580, 0, 0, 0
82200, 260, 1, 0, 0
82300, 460, 0, 0, 0
82300, 180, 1, 0, 0
82400, 630, 0, 0, 0
82400, 280, 1, 0, 0
82499, 363, 0, 0, 0
82499, 303, 1, 0, 0
82599, 520, 0, 0, 0
82599, 230, 1, 0, 0
82699, 760, 0, 0, 0
82699, 280, 1, 0, 0
82799, 720, 0, 0, 0
82799, 280, 1, 0, 0
82899, 680, 0, 0, 0
82899, 280, 1, 0, 0
82999, 490, 0, 0, 0
82999, 220, 1, 0, 0
83099, 800, 0, 0, 0
83099, 230, 1, 0, 0
83199, 580, 0, 0, 0
83199, 240, 1, 0, 0
83300, 750, 0, 0, 0
83300, 280, 1, 0, 0
83400, 490, 0, 0, 0
83400, 220, 1, 0, 0
83499, 575, 0, 0, 0
83499, 303, 1, 0, 0
83599, 800, 0, 0, 0
83599, 220, 1, 0, 0
83699, 700, 0, 0, 0
83699, 250, 1, 0, 0
83799, 730, 0, 0, 0
83799, 330, 1, 0, 0
83899, 390, 0, 0, 0
83899, 220, 1, 0, 0
83999, 770, 0, 0, 0
83999, 310, 1, 0, 0
84099, 530, 0, 0, 0
84099, 230, 1, 0, 0
84199, 670, 0, 0, 0
84199, 270, 1, 0, 0
84299, 610, 0, 0, 0
84299, 230, 1, 0, 0
84399, 660, 0, 0, 0
84399, 260, 1, 0, 0
84500, 570, 0, 0, 0
84500, 300, 1, 0, 0
84600, 590, 0, 0, 0
84600, 230, 1, 0, 0
84700, 690, 0, 0, 0
84700, 320, 1, 0, 0
84800, 470, 0, 0, 0
84800, 200, 1, 0, 0
84900, 590, 0, 0, 0
84900, 270, 1, 0, 0
84999, 646, 0, 0, 0
84999, 232, 1, 0, 0
85099, 540, 0, 0, 0
85099, 270, 1, 0, 0
85199, 590, 0, 0, 0
85199, 220, 1, 0, 0
85299, 690, 0, 0, 0
85299, 260, 1, 0, 0
85399, 700, 0, 0, 0
85399, 200, 1, 0, 0
85499, 770, 0, 0, 0
85499, 290, 1, 0, 0
85599, 580, 0, 0, 0
85599, 320, 1, 0, 0
85699, 780, 0, 0, 0
85699, 210, 1, 0, 0
85800, 710, 0, 0, 0
85800, 240, 1, 0, 0
85900, 630, 0, 0, 0
85900, 220, 1, 0, 0
85999, 696, 0, 0, 0
85999, 292, 1, 0, 0
86099, 450, 0, 0, 0
86099, 290, 1, 0, 0
86199, 760, 0, 0, 0
86199, 250, 1, 0, 0
86299, 520, 0, 0, 0
86299, 250, 1, 0, 0
86399, 630, 0, 0, 0
86399, 280, 1, 0, 0
86499, 610, 0, 0, 0
86499, 240, 1, 0, 0
86599, 770, 0, 0, 0
86599, 210, 1, 0, 0
86699, 610, 0, 0, 0
86699, 280, 1, 0, 0
86799, 580, 0, 0, 0
86799, 240, 1, 0, 0
86899, 540, 0, 0, 0
86899, 280, 1, 0, 0
87000, 700, 0, 0, 0
87000, 180, 1, 0, 0
87100, 520, 0, 0, 0
87100, 250, 1, 0, 0
87200, 590, 0, 0, 0
87200, 230, 1, 0, 0
87300, 650, 0, 0, 0
87300, 330, 1, 0, 0
87400, 450, 0, 0, 0
87400, 240, 1, 0, 0
87499, 616, 0, 0, 0
87499, 292, 1, 0, 0
87599, 630, 0, 0, 0
87599, 220, 1, 0, 0
87699, 590, 0, 0, 0
87699, 300, 1, 0, 0
87799, 720, 0, 0, 0
87799, 220, 1, 0, 0
87899, 370, 0, 0, 0
87899, 250, 1, 0, 0
87999, 620, 0, 0, 0
87999, 220, 1, 0, 0
88099, 590, 0, 0, 0
88099, 240, 1, 0, 0
88199, 860, 0, 0, 0
88199, 260, 1, 0, 0
88300, 540, 0, 0, 0
88300, 300, 1, 0, 0
88400, 570, 0, 0, 0
88400, 290, 1, 0, 0
88500, 540, 0, 0, 0
88500, 310, 1, 0, 0
88600, 550, 0, 0, 0
88600, 210, 1, 0, 0
88700, 610, 0, 0, 0
88700, 300, 1, 0, 0
88800, 600, 0, 0, 0
88800, 250, 1, 0, 0
88900, 750, 0, 0, 0
88900, 270, 1, 0, 0
88999, 393, 0, 0, 0
88999, 252, 1, 0, 0
89099, 390, 0, 0, 0
89099, 260, 1, 0, 0
89199, 740, 0, 0, 0
89199, 290, 1, 0, 0
89299, 570, 0, 0, 0
89299, 240, 1, 0, 0
89399, 730, 0, 0, 0
89399, 230, 1, 0, 0
89500, 500, 0, 0, 0
89500, 290, 1, 0, 0
89600, 700, 0, 0, 0
89600, 260, 1, 0, 0
89700, 420, 0, 0, 0
89700, 280, 1, 0, 0
89800, 570, 0, 0, 0
89800, 280, 1, 0, 0
89900, 630, 0, 0, 0
89900, 190, 1, 0, 0
89999, 636, 0, 0, 0
89999, 232, 1, 0, 0
