158, 83074981, 1, 0, 0
248, 88926845, 1, 0, 0
327, 92597930, 1, 0, 0
434, 84909475, 1, 0, 0
528, 80449740, 1, 0, 0
601, 91424097, 1, 0, 0
700, 76133947, 1, 0, 0
836, 80904892, 1, 0, 0
954, 82822038, 1, 0, 0
1018, 74097116, 1, 0, 0
1139, 77905942, 1, 0, 0
1215, 88656648, 1, 0, 0
1304, 67417797, 1, 0, 0
1405, 79820672, 1, 0, 0
1569, 74605442, 1, 0, 0
1651, 83937651, 1, 0, 0
1729, 79224820, 1, 0, 0
1812, 79418566, 1, 0, 0
1902, 79015444, 1, 0, 0
2011, 85713068, 1, 0, 0
2162, 78907935, 1, 0, 0
2240, 86496501, 1, 0, 0
2328, 88122815, 1, 0, 0
2434, 75620015, 1, 0, 0
2507, 92281252, 1, 0, 0
2604, 78179651, 1, 0, 0
2766, 84162535, 1, 0, 0
2845, 87153744, 1, 0, 0
2945, 84040214, 1, 0, 0
3023, 84598132, 1, 0, 0
3100, 77870580, 1, 0, 0
3205, 75284039, 1, 0, 0
3338, 81790325, 1, 0, 0
3441, 80688459, 1, 0, 0
3562, 77698852, 1, 0, 0
3661, 79929016, 1, 0, 0
3741, 90342787, 1, 0, 0
3843, 70623989, 1, 0, 0
3916, 86255693, 1, 0, 0
4029, 79352173, 1, 0, 0
4121, 88613251, 1, 0, 0
4210, 90844637, 1, 0, 0
4301, 88831908, 1, 0, 0
4470, 74252862, 1, 0, 0
4558, 85757021, 1, 0, 0
4637, 89124566, 1, 0, 0
4724, 79426009, 1, 0, 0
4803, 85166975, 1, 0, 0
4903, 82364679, 1, 0, 0
5066, 75626503, 1, 0, 0
5141, 82932951, 1, 0, 0
5241, 78130015, 1, 0, 0
5317, 85329083, 1, 0, 0
5418, 66752229, 1, 0, 0
5522, 76022463, 1, 0, 0
5600, 77285730, 1, 0, 0
5768, 74583509, 1, 0, 0
5800, 87873278, 1, 0, 0
5960, 91526939, 1, 0, 0
6056, 73226829, 1, 0, 0
6123, 71786528, 1, 0, 0
6248, 87048099, 1, 0, 0
6351, 83137778, 1, 0, 0
6427, 79600673, 1, 0, 0
6514, 79545948, 1, 0, 0
6604, 83887296, 1, 0, 0
6700, 82946850, 1, 0, 0
6870, 76638218, 1, 0, 0
6940, 84098541, 1, 0, 0
7038, 76246713, 1, 0, 0
7118, 76851792, 1, 0, 0
7212, 73408780, 1, 0, 0
7327, 68713131, 1, 0, 0
7404, 87507614, 1, 0, 0
7511, 83858812, 1, 0, 0
7635, 88801318, 1, 0, 0
7701, 91443201, 1, 0, 0
7800, 73128772, 1, 0, 0
7901, 75811863, 1, 0, 0
8000, 77880018, 1, 0, 0
8153, 67179333, 1, 0, 0
8231, 87003235, 1, 0, 0
8329, 75327415, 1, 0, 0
8407, 85491678, 1, 0, 0
8500, 80560048, 1, 0, 0
8657, 79439806, 1, 0, 0
8745, 77338098, 1, 0, 0
8840, 88001976, 1, 0, 0
8913, 91439628, 1, 0, 0
9037, 72288634, 1, 0, 0
9150, 86297412, 1, 0, 0
9232, 85417001, 1, 0, 0
9315, 81942143, 1, 0, 0
9403, 84225155, 1, 0, 0
9514, 80778623, 1, 0, 0
9652, 78076292, 1, 0, 0
9752, 85472641, 1, 0, 0
9850, 77873136, 1, 0, 0
9934, 70219397, 1, 0, 0
10032, 78967901, 1, 0, 0
10149, 82504779, 1, 0, 0
10200, 92145660, 1, 0, 0
10354, 77882099, 1, 0, 0
10432, 82165860, 1, 0, 0
10520, 85016414, 1, 0, 0
10604, 76817296, 1, 0, 0
10700, 77145313, 1, 0, 0
10800, 73726437, 1, 0, 0
10958, 74030469, 1, 0, 0
11013, 83731625, 1, 0, 0
11105, 87937135, 1, 0, 0
11238, 82057631, 1, 0, 0
11351, 76322367, 1, 0, 0
11415, 83733860, 1, 0, 0
11514, 78432263, 1, 0, 0
11600, 77484397, 1, 0, 0
11763, 86866835, 1, 0, 0
11856, 79956249, 1, 0, 0
11946, 86727640, 1, 0, 0
12035, 89160133, 1, 0, 0
12125, 91099932, 1, 0, 0
12215, 88619411, 1, 0, 0
12304, 88523346, 1, 0, 0
12400, 84738758, 1, 0, 0
12502, 89511931, 1, 0, 0
12629, 86054465, 1, 0, 0
12711, 52810347, 1, 0, 0
12800, 74767710, 1, 0, 0
12902, 89123691, 1, 0, 0
13058, 80111442, 1, 0, 0
13165, 93097505, 1, 0, 0
13255, 91976661, 1, 0, 0
13361, 87776846, 1, 0, 0
13450, 88116329, 1, 0, 0
13547, 88351478, 1, 0, 0
13626, 93282213, 1, 0, 0
13709, 82116224, 1, 0, 0
13805, 94273209, 1, 0, 0
13906, 77240263, 1, 0, 0
14000, 88838163, 1, 0, 0
14186, 91802325, 1, 0, 0
14261, 97302497, 1, 0, 0
14350, 81258874, 1, 0, 0
14433, 75078900, 1, 0, 0
14517, 81904635, 1, 0, 0
14601, 85232972, 1, 0, 0
14700, 87446196, 1, 0, 0
14800, 81048892, 1, 0, 0
14961, 87065163, 1, 0, 0
15041, 87006467, 1, 0, 0
15125, 87294036, 1, 0, 0
15232, 84295595, 1, 0, 0
15323, 88685767, 1, 0, 0
15406, 89446594, 1, 0, 0
15504, 78333722, 1, 0, 0
15654, 79688976, 1, 0, 0
15735, 86894589, 1, 0, 0
15838, 79899130, 1, 0, 0
15917, 89214816, 1, 0, 0
16002, 79697516, 1, 0, 0
16100, 77450711, 1, 0, 0
16278, 85171128, 1, 0, 0
16370, 101967652, 1, 0, 0
16460, 91510487, 1, 0, 0
16534, 86697521, 1, 0, 0
16609, 71179504, 1, 0, 0
16734, 87192491, 1, 0, 0
16816, 75196310, 1, 0, 0
16900, 82451519, 1, 0, 0
17066, 78589865, 1, 0, 0
17109, 82952427, 1, 0, 0
17244, 70583716, 1, 0, 0
17321, 85114486, 1, 0, 0
17440, 80470003, 1, 0, 0
17517, 89883899, 1, 0, 0
17624, 79178976, 1, 0, 0
17714, 78985821, 1, 0, 0
17800, 63705901, 1, 0, 0
17906, 81285683, 1, 0, 0
18039, 80068592, 1, 0, 0
18116, 72694184, 1, 0, 0
18204, 74241922, 1, 0, 0
18300, 71903199, 1, 0, 0
18410, 85500207, 1, 0, 0
18500, 81484013, 1, 0, 0
18615, 88128022, 1, 0, 0
18704, 66450940, 1, 0, 0
18800, 79671366, 1, 0, 0
18904, 89223516, 1, 0, 0
19036, 67465947, 1, 0, 0
19104, 63844799, 1, 0, 0
19200, 73528709, 1, 0, 0
19365, 83694778, 1, 0, 0
19434, 84073858, 1, 0, 0
19534, 73168117, 1, 0, 0
19621, 89201858, 1, 0, 0
19707, 87853421, 1, 0, 0
19801, 85372942, 1, 0, 0
19919, 79686183, 1, 0, 0
20052, 83982237, 1, 0, 0
20144, 85848306, 1, 0, 0
20222, 84578386, 1, 0, 0
20340, 84399818, 1, 0, 0
20448, 79721814, 1, 0, 0
20538, 86377621, 1, 0, 0
20610, 86667081, 1, 0, 0
20707, 75171091, 1, 0, 0
20803, 86707794, 1, 0, 0
20902, 64790769, 1, 0, 0
21000, 86621239, 1, 0, 0
21157, 75477496, 1, 0, 0
21247, 83597951, 1, 0, 0
21343, 81802776, 1, 0, 0
21433, 85888842, 1, 0, 0
21527, 85395118, 1, 0, 0
21613, 88751295, 1, 0, 0
21704, 93412692, 1, 0, 0
21801, 77025724, 1, 0, 0
21949, 80385720, 1, 0, 0
22009, 77956236, 1, 0, 0
22128, 73561418, 1, 0, 0
22216, 89336255, 1, 0, 0
22305, 88091270, 1, 0, 0
22426, 85271239, 1, 0, 0
22549, 80566303, 1, 0, 0
22637, 82984078, 1, 0, 0
22714, 85853001, 1, 0, 0
22831, 86657273, 1, 0, 0
22913, 80025131, 1, 0, 0
23006, 79448140, 1, 0, 0
23159, 71085875, 1, 0, 0
23246, 77716485, 1, 0, 0
23332, 88595259, 1, 0, 0
23414, 77777320, 1, 0, 0
23502, 77587418, 1, 0, 0
23600, 81885465, 1, 0, 0
23759, 76655504, 1, 0, 0
23847, 89397715, 1, 0, 0
23954, 88991972, 1, 0, 0
24024, 87427244, 1, 0, 0
24121, 80040041, 1, 0, 0
24243, 86303469, 1, 0, 0
24320, 89384135, 1, 0, 0
24423, 90479751, 1, 0, 0
24510, 74037384, 1, 0, 0
24600, 85025760, 1, 0, 0
24703, 88221393, 1, 0, 0
24853, 78471745, 1, 0, 0
24933, 81244472, 1, 0, 0
25050, 73066291, 1, 0, 0
25142, 91482999, 1, 0, 0
25222, 87851609, 1, 0, 0
25314, 62869682, 1, 0, 0
25407, 76751961, 1, 0, 0
25502, 78412209, 1, 0, 0
25644, 84706000, 1, 0, 0
25752, 78914485, 1, 0, 0
25826, 87735822, 1, 0, 0
25902, 73906401, 1, 0, 0
26002, 83678532, 1, 0, 0
26155, 82562966, 1, 0, 0
26272, 75865995, 1, 0, 0
26342, 86750557, 1, 0, 0
26433, 72570739, 1, 0, 0
26521, 73892024, 1, 0, 0
26600, 84588131, 1, 0, 0
26703, 84663774, 1, 0, 0
26855, 91129137, 1, 0, 0
26933, 86895215, 1, 0, 0
27050, 77478171, 1, 0, 0
27128, 87113420, 1, 0, 0
27216, 79701441, 1, 0, 0
27312, 82332825, 1, 0, 0
27400, 86759071, 1, 0, 0
27531, 81796547, 1, 0, 0
27609, 78975877, 1, 0, 0
27717, 76936970, 1, 0, 0
27824, 70734062, 1, 0, 0
27900, 77305506, 1, 0, 0
28069, 79078498, 1, 0, 0
28151, 87507014, 1, 0, 0
28230, 83939827, 1, 0, 0
28342, 77802849, 1, 0, 0
28412, 86361337, 1, 0, 0
28508, 73095839, 1, 0, 0
28600, 84760907, 1, 0, 0
28759, 79636150, 1, 0, 0
28855, 72576920, 1, 0, 0
28913, 75229964, 1, 0, 0
29020, 75033126, 1, 0, 0
29106, 77335152, 1, 0, 0
29200, 85398310, 1, 0, 0
29319, 79561865, 1, 0, 0
29440, 77427843, 1, 0, 0
29522, 78162835, 1, 0, 0
29606, 80601575, 1, 0, 0
29701, 79407205, 1, 0, 0
29862, 72418380, 1, 0, 0
29932, 85816119, 1, 0, 0
30006, 84561805, 1, 0, 0
30129, 79818084, 1, 0, 0
30206, 75478774, 1, 0, 0
30308, 78234695, 1, 0, 0
30401, 79600530, 1, 0, 0
30500, 87443853, 1, 0, 0
30659, 78378150, 1, 0, 0
30738, 87976078, 1, 0, 0
30840, 79231988, 1, 0, 0
30917, 84149376, 1, 0, 0
31007, 82327188, 1, 0, 0
31103, 78988363, 1, 0, 0
31266, 83048342, 1, 0, 0
31332, 80671422, 1, 0, 0
31430, 82449314, 1, 0, 0
31505, 76305325, 1, 0, 0
31631, 75576814, 1, 0, 0
31714, 90137189, 1, 0, 0
31809, 82484561, 1, 0, 0
31911, 84167874, 1, 0, 0
32061, 84462768, 1, 0, 0
32136, 91679322, 1, 0, 0
32235, 73393587, 1, 0, 0
32309, 69569783, 1, 0, 0
32417, 81254522, 1, 0, 0
32500, 74927264, 1, 0, 0
32660, 80333890, 1, 0, 0
32747, 88072522, 1, 0, 0
32821, 85881341, 1, 0, 0
32944, 76987631, 1, 0, 0
33028, 86023361, 1, 0, 0
33104, 84082748, 1, 0, 0
33200, 81194996, 1, 0, 0
33355, 83062985, 1, 0, 0
33428, 78772762, 1, 0, 0
33545, 89660147, 1, 0, 0
33625, 82527973, 1, 0, 0
33715, 83290941, 1, 0, 0
33804, 78791805, 1, 0, 0
33910, 74822953, 1, 0, 0
34059, 81618798, 1, 0, 0
34145, 90116506, 1, 0, 0
34234, 80316108, 1, 0, 0
34324, 74387754, 1, 0, 0
34415, 73960958, 1, 0, 0
34504, 78998170, 1, 0, 0
34609, 88868405, 1, 0, 0
34773, 70305116, 1, 0, 0
34807, 93846284, 1, 0, 0
34934, 79937028, 1, 0, 0
35020, 81720947, 1, 0, 0
35100, 83678435, 1, 0, 0
35275, 79967128, 1, 0, 0
35318, 94988300, 1, 0, 0
35457, 74974183, 1, 0, 0
35517, 74409087, 1, 0, 0
35667, 83273216, 1, 0, 0
35743, 94042683, 1, 0, 0
35830, 75059708, 1, 0, 0
35917, 82031511, 1, 0, 0
36011, 81799438, 1, 0, 0
36102, 79967858, 1, 0, 0
36203, 82919800, 1, 0, 0
36300, 83632382, 1, 0, 0
36400, 93830592, 1, 0, 0
36558, 79397145, 1, 0, 0
36635, 86350259, 1, 0, 0
36728, 75203949, 1, 0, 0
36817, 87164208, 1, 0, 0
36907, 81174684, 1, 0, 0
37010, 85941745, 1, 0, 0
37101, 80642894, 1, 0, 0
37268, 78123465, 1, 0, 0
37358, 81668712, 1, 0, 0
37450, 89964185, 1, 0, 0
37520, 90217686, 1, 0, 0
37635, 89913688, 1, 0, 0
37706, 84204401, 1, 0, 0
37800, 78525069, 1, 0, 0
37963, 78834951, 1, 0, 0
38045, 85372596, 1, 0, 0
38100, 79603528, 1, 0, 0
38218, 80048071, 1, 0, 0
38309, 83393597, 1, 0, 0
38472, 71383987, 1, 0, 0
38533, 85016706, 1, 0, 0
38600, 72647643, 1, 0, 0
38737, 75987444, 1, 0, 0
38840, 75874865, 1, 0, 0
38945, 71221240, 1, 0, 0
39047, 90560763, 1, 0, 0
39122, 100258100, 1, 0, 0
39207, 86157483, 1, 0, 0
39328, 81390897, 1, 0, 0
39413, 78516353, 1, 0, 0
39508, 68936770, 1, 0, 0
39602, 84790923, 1, 0, 0
39744, 76527864, 1, 0, 0
39848, 76409918, 1, 0, 0
39935, 81097411, 1, 0, 0
40010, 85025643, 1, 0, 0
40101, 80899973, 1, 0, 0
40270, 80447553, 1, 0, 0
40345, 83415644, 1, 0, 0
40433, 76638257, 1, 0, 0
40521, 83021435, 1, 0, 0
40602, 82965723, 1, 0, 0
40701, 86201059, 1, 0, 0
40855, 76483985, 1, 0, 0
40956, 80876149, 1, 0, 0
41023, 85529247, 1, 0, 0
41145, 63379695, 1, 0, 0
41230, 85865769, 1, 0, 0
41322, 79653110, 1, 0, 0
41406, 87740096, 1, 0, 0
41500, 84065121, 1, 0, 0
41600, 89675276, 1, 0, 0
41702, 80593794, 1, 0, 0
41836, 88735279, 1, 0, 0
41940, 66895497, 1, 0, 0
42001, 70888584, 1, 0, 0
42137, 70142548, 1, 0, 0
42235, 81301659, 1, 0, 0
42315, 87666936, 1, 0, 0
42437, 98127426, 1, 0, 0
42523, 78359375, 1, 0, 0
42606, 85162978, 1, 0, 0
42769, 82511509, 1, 0, 0
42800, 87219569, 1, 0, 0
42904, 70303500, 1, 0, 0
43045, 76942678, 1, 0, 0
43134, 80695717, 1, 0, 0
43215, 87124006, 1, 0, 0
43302, 81595576, 1, 0, 0
43403, 86338447, 1, 0, 0
43509, 66589912, 1, 0, 0
43601, 86262922, 1, 0, 0
43754, 87926762, 1, 0, 0
43843, 79889162, 1, 0, 0
43920, 86411598, 1, 0, 0
44016, 77336734, 1, 0, 0
44106, 78541443, 1, 0, 0
44261, 75941723, 1, 0, 0
44327, 89577453, 1, 0, 0
44424, 79984523, 1, 0, 0
44562, 76522320, 1, 0, 0
44639, 86567910, 1, 0, 0
44754, 70184613, 1, 0, 0
44837, 85122260, 1, 0, 0
44917, 81971924, 1, 0, 0
45003, 79803436, 1, 0, 0
45101, 86413251, 1, 0, 0
45264, 75258331, 1, 0, 0
45353, 83359650, 1, 0, 0
45428, 90753770, 1, 0, 0
45509, 76013756, 1, 0, 0
45606, 86266353, 1, 0, 0
45701, 80673466, 1, 0, 0
45860, 74495213, 1, 0, 0
45930, 80357511, 1, 0, 0
46067, 70524657, 1, 0, 0
46146, 87410006, 1, 0, 0
46235, 84593194, 1, 0, 0
46326, 87182611, 1, 0, 0
46432, 87998399, 1, 0, 0
46512, 101072047, 1, 0, 0
46616, 81774680, 1, 0, 0
46706, 90156050, 1, 0, 0
46802, 84553198, 1, 0, 0
46903, 89412641, 1, 0, 0
47062, 87078590, 1, 0, 0
47162, 85361077, 1, 0, 0
47239, 95893584, 1, 0, 0
47330, 83034541, 1, 0, 0
47421, 74246967, 1, 0, 0
47511, 91066168, 1, 0, 0
47602, 85505629, 1, 0, 0
47704, 88701918, 1, 0, 0
47863, 82104925, 1, 0, 0
47973, 80417568, 1, 0, 0
48057, 102549963, 1, 0, 0
48144, 85641478, 1, 0, 0
48229, 89302269, 1, 0, 0
48314, 82497962, 1, 0, 0
48407, 83508189, 1, 0, 0
48506, 94663904, 1, 0, 0
48600, 100608333, 1, 0, 0
48771, 86735030, 1, 0, 0
48859, 88896136, 1, 0, 0
48935, 85379579, 1, 0, 0
49019, 78471917, 1, 0, 0
49105, 82815147, 1, 0, 0
49201, 86276541, 1, 0, 0
49302, 95238828, 1, 0, 0
49453, 82001424, 1, 0, 0
49542, 85050310, 1, 0, 0
49625, 89266350, 1, 0, 0
49712, 84728476, 1, 0, 0
49804, 81445898, 1, 0, 0
49969, 87408482, 1, 0, 0
50060, 88142507, 1, 0, 0
50148, 93653758, 1, 0, 0
50227, 85541885, 1, 0, 0
50316, 83189708, 1, 0, 0
50422, 86462642, 1, 0, 0
50501, 95947802, 1, 0, 0
50600, 71768631, 1, 0, 0
50757, 83074339, 1, 0, 0
50832, 84229622, 1, 0, 0
50917, 78884889, 1, 0, 0
51006, 83629046, 1, 0, 0
51101, 86858022, 1, 0, 0
51257, 77758502, 1, 0, 0
51340, 80129819, 1, 0, 0
51442, 84207414, 1, 0, 0
51502, 81371765, 1, 0, 0
51636, 74066371, 1, 0, 0
51704, 91243729, 1, 0, 0
51807, 73426205, 1, 0, 0
51948, 84901235, 1, 0, 0
52002, 68989642, 1, 0, 0
52148, 76092386, 1, 0, 0
52224, 86441340, 1, 0, 0
52316, 73344604, 1, 0, 0
52403, 89405028, 1, 0, 0
52577, 80511306, 1, 0, 0
52666, 88202950, 1, 0, 0
52764, 90485950, 1, 0, 0
52845, 95070461, 1, 0, 0
52918, 81723215, 1, 0, 0
53000, 79258690, 1, 0, 0
53118, 85372346, 1, 0, 0
53212, 82610752, 1, 0, 0
53304, 66626197, 1, 0, 0
53428, 72449865, 1, 0, 0
53516, 72346995, 1, 0, 0
53602, 79657392, 1, 0, 0
53765, 83690627, 1, 0, 0
53846, 81032560, 1, 0, 0
53933, 79541200, 1, 0, 0
54023, 89653845, 1, 0, 0
54117, 91256547, 1, 0, 0
54200, 90100581, 1, 0, 0
54300, 87250707, 1, 0, 0
54458, 78904356, 1, 0, 0
54532, 80900311, 1, 0, 0
54620, 75560016, 1, 0, 0
54705, 76986529, 1, 0, 0
54800, 83814703, 1, 0, 0
54959, 78231106, 1, 0, 0
55058, 83090765, 1, 0, 0
55136, 93314570, 1, 0, 0
55218, 80466038, 1, 0, 0
55317, 67693524, 1, 0, 0
55408, 85708641, 1, 0, 0
55500, 91004376, 1, 0, 0
55653, 82045504, 1, 0, 0
55740, 77735904, 1, 0, 0
55819, 86187406, 1, 0, 0
55923, 76057202, 1, 0, 0
56006, 83469235, 1, 0, 0
56102, 83911579, 1, 0, 0
56275, 81430323, 1, 0, 0
56366, 92955412, 1, 0, 0
56447, 94679854, 1, 0, 0
56539, 79458502, 1, 0, 0
56631, 88206242, 1, 0, 0
56710, 76948375, 1, 0, 0
56832, 96185009, 1, 0, 0
56953, 73858000, 1, 0, 0
57039, 90657793, 1, 0, 0
57127, 82625093, 1, 0, 0
57203, 87054708, 1, 0, 0
57301, 73536849, 1, 0, 0
57411, 81261648, 1, 0, 0
57518, 71933640, 1, 0, 0
57664, 82056907, 1, 0, 0
57737, 86615525, 1, 0, 0
57843, 87600837, 1, 0, 0
57931, 86578780, 1, 0, 0
58007, 86616810, 1, 0, 0
58171, 79064513, 1, 0, 0
58243, 79086748, 1, 0, 0
58308, 81084775, 1, 0, 0
58420, 72844477, 1, 0, 0
58514, 82586524, 1, 0, 0
58618, 80272243, 1, 0, 0
58710, 81081188, 1, 0, 0
58804, 85951843, 1, 0, 0
58952, 86095426, 1, 0, 0
59041, 70465018, 1, 0, 0
59159, 78972146, 1, 0, 0
59250, 94325219, 1, 0, 0
59340, 89677360, 1, 0, 0
59415, 91597865, 1, 0, 0
59510, 77188178, 1, 0, 0
59600, 79450353, 1, 0, 0
59756, 76585405, 1, 0, 0
59846, 70542278, 1, 0, 0
59921, 78013957, 1, 0, 0
60022, 75440949, 1, 0, 0
60027, 84099610, 1, 0, 0
