101, 11502062, 1, 0, 0
205, 9975490, 1, 0, 0
306, 14071309, 1, 0, 0
400, 8771300, 1, 0, 0
500, 8360709, 1, 0, 0
600, 9037536, 1, 0, 0
701, 9216891, 1, 0, 0
801, 9152366, 1, 0, 0
900, 8467384, 1, 0, 0
1005, 10198965, 1, 0, 0
1101, 10113964, 1, 0, 0
1203, 9167007, 1, 0, 0
1302, 10337418, 1, 0, 0
1400, 10762943, 1, 0, 0
1501, 7924400, 1, 0, 0
1603, 8436084, 1, 0, 0
1703, 9870577, 1, 0, 0
1800, 10877327, 1, 0, 0
1903, 9496183, 1, 0, 0
2003, 10668319, 1, 0, 0
2100, 8897079, 1, 0, 0
2312, 12711193, 1, 0, 0
2400, 16665529, 1, 0, 0
2500, 11416277, 1, 0, 0
2600, 13696489, 1, 0, 0
2705, 9692270, 1, 0, 0
2802, 13304842, 1, 0, 0
2902, 9711111, 1, 0, 0
3004, 8465082, 1, 0, 0
3106, 18201959, 1, 0, 0
3203, 12744238, 1, 0, 0
3301, 8095918, 1, 0, 0
3401, 11847957, 1, 0, 0
3503, 9629810, 1, 0, 0
3602, 9011216, 1, 0, 0
3701, 9707888, 1, 0, 0
3804, 6984586, 1, 0, 0
3903, 10314945, 1, 0, 0
4006, 10175645, 1, 0, 0
4102, 11154047, 1, 0, 0
4200, 10968238, 1, 0, 0
4303, 9431921, 1, 0, 0
4404, 9000409, 1, 0, 0
4501, 8223289, 1, 0, 0
4603, 9581406, 1, 0, 0
4701, 9017038, 1, 0, 0
4801, 9620029, 1, 0, 0
4900, 11945149, 1, 0, 0
5001, 10244101, 1, 0, 0
5102, 13290688, 1, 0, 0
5204, 9099317, 1, 0, 0
5300, 9174794, 1, 0, 0
5400, 10278586, 1, 0, 0
5506, 8880135, 1, 0, 0
5601, 10494187, 1, 0, 0
5701, 10066531, 1, 0, 0
5800, 8126636, 1, 0, 0
5900, 9186426, 1, 0, 0
6006, 10760763, 1, 0, 0
6104, 11152979, 1, 0, 0
6202, 8280904, 1, 0, 0
6303, 9168903, 1, 0, 0
6400, 11438186, 1, 0, 0
6500, 8539353, 1, 0, 0
6600, 9846087, 1, 0, 0
6701, 9764381, 1, 0, 0
6806, 11021449, 1, 0, 0
6900, 11040264, 1, 0, 0
7006, 10973199, 1, 0, 0
7100, 9957015, 1, 0, 0
7203, 7674725, 1, 0, 0
7380, 12490868, 1, 0, 0
7404, 59149250, 1, 0, 0
7582, 7111657, 1, 0, 0
7600, 71605705, 1, 0, 0
7725, 7131177, 1, 0, 0
7807, 9838943, 1, 0, 0
7901, 8802338, 1, 0, 0
8000, 7911322, 1, 0, 0
8122, 9238199, 1, 0, 0
8203, 11568315, 1, 0, 0
8301, 13457236, 1, 0, 0
8403, 14276465, 1, 0, 0
8505, 11729776, 1, 0, 0
8600, 8928725, 1, 0, 0
8706, 11853244, 1, 0, 0
8806, 11469535, 1, 0, 0
8905, 8535784, 1, 0, 0
9000, 8200108, 1, 0, 0
9102, 11575005, 1, 0, 0
9200, 14657299, 1, 0, 0
9300, 9729260, 1, 0, 0
9406, 10690013, 1, 0, 0
9502, 8697865, 1, 0, 0
9600, 8147648, 1, 0, 0
9704, 10435224, 1, 0, 0
9800, 8165859, 1, 0, 0
9900, 8604356, 1, 0, 0
10001, 10799801, 1, 0, 0
10100, 9184557, 1, 0, 0
10200, 10928787, 1, 0, 0
10300, 10491060, 1, 0, 0
10400, 11330236, 1, 0, 0
10502, 11466010, 1, 0, 0
10602, 8366122, 1, 0, 0
10703, 11438718, 1, 0, 0
10800, 10482244, 1, 0, 0
10900, 8723539, 1, 0, 0
11002, 10659251, 1, 0, 0
11101, 11192264, 1, 0, 0
11202, 12671747, 1, 0, 0
11303, 12324367, 1, 0, 0
11414, 12033462, 1, 0, 0
11501, 11872286, 1, 0, 0
11602, 10613439, 1, 0, 0
11707, 8516097, 1, 0, 0
11800, 10356879, 1, 0, 0
11903, 8724933, 1, 0, 0
12000, 12137585, 1, 0, 0
12103, 9731749, 1, 0, 0
12206, 9642960, 1, 0, 0
12305, 12758813, 1, 0, 0
12412, 11116472, 1, 0, 0
12501, 10175889, 1, 0, 0
12602, 10046337, 1, 0, 0
12709, 10050692, 1, 0, 0
12802, 10626513, 1, 0, 0
12902, 8639114, 1, 0, 0
13000, 8961208, 1, 0, 0
13100, 8130532, 1, 0, 0
13204, 10445244, 1, 0, 0
13306, 9227692, 1, 0, 0
13405, 10224694, 1, 0, 0
13505, 12608578, 1, 0, 0
13600, 8453181, 1, 0, 0
13757, 9976609, 1, 0, 0
14068, 52843779, 1, 0, 0
14140, 113816165, 1, 0, 0
14448, 31281626, 1, 0, 0
14502, 40026668, 1, 0, 0
15138, 7657029, 1, 0, 0
15202, 77179221, 1, 0, 0
15300, 9964830, 1, 0, 0
15401, 10973779, 1, 0, 0
15501, 8457456, 1, 0, 0
15600, 9400404, 1, 0, 0
15700, 9397962, 1, 0, 0
15805, 10537788, 1, 0, 0
15903, 9262299, 1, 0, 0
16002, 9077300, 1, 0, 0
16100, 8308576, 1, 0, 0
16204, 11059291, 1, 0, 0
16301, 9365605, 1, 0, 0
16404, 10332731, 1, 0, 0
16500, 12425521, 1, 0, 0
16601, 8734746, 1, 0, 0
16700, 8557366, 1, 0, 0
16804, 9201357, 1, 0, 0
16904, 9128327, 1, 0, 0
17001, 8714929, 1, 0, 0
17100, 8922634, 1, 0, 0
17202, 12033011, 1, 0, 0
17374, 10774286, 1, 0, 0
17405, 39492333, 1, 0, 0
17500, 8957555, 1, 0, 0
17609, 17491708, 1, 0, 0
17705, 11837461, 1, 0, 0
17806, 9199707, 1, 0, 0
17901, 12745560, 1, 0, 0
18000, 8563394, 1, 0, 0
18100, 8884030, 1, 0, 0
18202, 8820172, 1, 0, 0
18300, 10465208, 1, 0, 0
18401, 9235410, 1, 0, 0
18500, 14546039, 1, 0, 0
18602, 10090630, 1, 0, 0
18700, 11458153, 1, 0, 0
18801, 10805896, 1, 0, 0
18901, 10077874, 1, 0, 0
19001, 9575057, 1, 0, 0
19100, 8625281, 1, 0, 0
19211, 8712846, 1, 0, 0
19307, 11254819, 1, 0, 0
19400, 8586031, 1, 0, 0
19512, 9668937, 1, 0, 0
19600, 11667510, 1, 0, 0
19701, 9751312, 1, 0, 0
19802, 9509325, 1, 0, 0
19900, 13161088, 1, 0, 0
20002, 10414347, 1, 0, 0
20102, 9235904, 1, 0, 0
20207, 10276955, 1, 0, 0
20303, 13125137, 1, 0, 0
20401, 12719739, 1, 0, 0
20500, 9485156, 1, 0, 0
20600, 10739535, 1, 0, 0
20700, 9892451, 1, 0, 0
20807, 9787651, 1, 0, 0
20900, 10709870, 1, 0, 0
21001, 9947132, 1, 0, 0
21100, 7284916, 1, 0, 0
21200, 10867795, 1, 0, 0
21302, 9032171, 1, 0, 0
21402, 10332491, 1, 0, 0
21508, 11325347, 1, 0, 0
21601, 12579296, 1, 0, 0
21704, 7508501, 1, 0, 0
21804, 9451674, 1, 0, 0
21902, 9935839, 1, 0, 0
22000, 9483261, 1, 0, 0
22105, 9673037, 1, 0, 0
22201, 10529444, 1, 0, 0
22303, 20203163, 1, 0, 0
22417, 8168685, 1, 0, 0
22500, 40450982, 1, 0, 0
22602, 11471123, 1, 0, 0
22701, 10399375, 1, 0, 0
22802, 9905892, 1, 0, 0
22903, 10668467, 1, 0, 0
23005, 8264136, 1, 0, 0
23107, 10208165, 1, 0, 0
23200, 10906004, 1, 0, 0
23307, 10953458, 1, 0, 0
23402, 11714295, 1, 0, 0
23502, 13043772, 1, 0, 0
23600, 11290722, 1, 0, 0
23700, 10562952, 1, 0, 0
23801, 10406945, 1, 0, 0
23900, 9303451, 1, 0, 0
24005, 8325211, 1, 0, 0
24103, 13073664, 1, 0, 0
24202, 8871894, 1, 0, 0
24301, 8744863, 1, 0, 0
24404, 13473280, 1, 0, 0
24504, 10597140, 1, 0, 0
24600, 11864506, 1, 0, 0
24704, 9000323, 1, 0, 0
24801, 9325418, 1, 0, 0
24903, 10662641, 1, 0, 0
25002, 8833911, 1, 0, 0
25105, 8342570, 1, 0, 0
25200, 8660868, 1, 0, 0
25302, 7620234, 1, 0, 0
25401, 10111945, 1, 0, 0
25502, 10581321, 1, 0, 0
25603, 11002579, 1, 0, 0
25704, 8856997, 1, 0, 0
25803, 8328863, 1, 0, 0
25906, 11604268, 1, 0, 0
26001, 9247152, 1, 0, 0
26105, 8988517, 1, 0, 0
26200, 10749350, 1, 0, 0
26302, 8346500, 1, 0, 0
26400, 9547947, 1, 0, 0
26508, 9528696, 1, 0, 0
26602, 10119321, 1, 0, 0
26702, 10726627, 1, 0, 0
26800, 8371429, 1, 0, 0
26902, 10116999, 1, 0, 0
27001, 18432535, 1, 0, 0
27100, 8782819, 1, 0, 0
27200, 9542446, 1, 0, 0
27300, 9141123, 1, 0, 0
27522, 11611317, 1, 0, 0
27651, 250440103, 1, 0, 0
27908, 327524245, 1, 0, 0
28093, 171529528, 1, 0, 0
28103, 186134250, 1, 0, 0
28203, 21630499, 1, 0, 0
28305, 8075213, 1, 0, 0
28436, 11352706, 1, 0, 0
28505, 17065079, 1, 0, 0
28600, 9734515, 1, 0, 0
28704, 10308606, 1, 0, 0
28802, 13596151, 1, 0, 0
28900, 10172808, 1, 0, 0
29001, 10041163, 1, 0, 0
29101, 8608715, 1, 0, 0
29202, 9398323, 1, 0, 0
29307, 9462365, 1, 0, 0
29400, 8534631, 1, 0, 0
29502, 9114435, 1, 0, 0
29600, 9990116, 1, 0, 0
29702, 10093424, 1, 0, 0
29803, 11557302, 1, 0, 0
29905, 10425331, 1, 0, 0
30006, 10943483, 1, 0, 0
30108, 9679917, 1, 0, 0
30201, 9795305, 1, 0, 0
30300, 9350104, 1, 0, 0
30400, 7414261, 1, 0, 0
30502, 11707858, 1, 0, 0
30603, 10321003, 1, 0, 0
30706, 9499207, 1, 0, 0
30802, 8781336, 1, 0, 0
30903, 8690161, 1, 0, 0
31007, 10064907, 1, 0, 0
31106, 9074629, 1, 0, 0
31203, 8153590, 1, 0, 0
31300, 8078063, 1, 0, 0
31407, 8394603, 1, 0, 0
31505, 11605148, 1, 0, 0
31601, 14934353, 1, 0, 0
31703, 9504519, 1, 0, 0
31800, 10142167, 1, 0, 0
31900, 9022224, 1, 0, 0
32003, 10142994, 1, 0, 0
32102, 11554854, 1, 0, 0
32200, 8597571, 1, 0, 0
32303, 8393673, 1, 0, 0
32400, 11353481, 1, 0, 0
32637, 21257661, 1, 0, 0
32705, 42160596, 1, 0, 0
32801, 7974738, 1, 0, 0
32900, 9772018, 1, 0, 0
33003, 9107323, 1, 0, 0
33102, 9521862, 1, 0, 0
33201, 9585685, 1, 0, 0
33301, 8862812, 1, 0, 0
33401, 8866643, 1, 0, 0
33511, 10888596, 1, 0, 0
33600, 9987238, 1, 0, 0
33704, 12362477, 1, 0, 0
33806, 9797902, 1, 0, 0
33904, 10135999, 1, 0, 0
34000, 9781162, 1, 0, 0
34102, 10112235, 1, 0, 0
34201, 9781818, 1, 0, 0
34305, 9228190, 1, 0, 0
34407, 12288565, 1, 0, 0
34513, 12267746, 1, 0, 0
34604, 13335117, 1, 0, 0
34710, 10759892, 1, 0, 0
34800, 10546946, 1, 0, 0
34900, 9136337, 1, 0, 0
35001, 10216966, 1, 0, 0
35104, 9041120, 1, 0, 0
35209, 8789989, 1, 0, 0
35300, 9389362, 1, 0, 0
35401, 6777436, 1, 0, 0
35501, 9637385, 1, 0, 0
35602, 10617404, 1, 0, 0
35703, 11542760, 1, 0, 0
35803, 9430184, 1, 0, 0
35902, 9285791, 1, 0, 0
36003, 9736015, 1, 0, 0
36107, 10157884, 1, 0, 0
36203, 9476807, 1, 0, 0
36300, 9503919, 1, 0, 0
36406, 8556520, 1, 0, 0
36500, 9701530, 1, 0, 0
36607, 12659849, 1, 0, 0
36700, 9654191, 1, 0, 0
36805, 10944280, 1, 0, 0
36905, 11427819, 1, 0, 0
37003, 10581036, 1, 0, 0
37102, 9145460, 1, 0, 0
37204, 9743513, 1, 0, 0
37301, 8791546, 1, 0, 0
37544, 11599893, 1, 0, 0
37687, 202152364, 1, 0, 0
37703, 139485310, 1, 0, 0
38025, 30420537, 1, 0, 0
38229, 46950676, 1, 0, 0
38512, 60666132, 1, 0, 0
38601, 37125691, 1, 0, 0
38702, 9507244, 1, 0, 0
38801, 10425936, 1, 0, 0
38904, 9275354, 1, 0, 0
39000, 7651494, 1, 0, 0
39101, 9888156, 1, 0, 0
39202, 8047646, 1, 0, 0
39304, 11292106, 1, 0, 0
39401, 8894014, 1, 0, 0
39504, 12471348, 1, 0, 0
39607, 11355970, 1, 0, 0
39704, 11749029, 1, 0, 0
39803, 12591703, 1, 0, 0
39901, 11458471, 1, 0, 0
40000, 8763444, 1, 0, 0
40106, 12645561, 1, 0, 0
40202, 8465360, 1, 0, 0
40300, 9665365, 1, 0, 0
40400, 10490561, 1, 0, 0
40501, 8085114, 1, 0, 0
40603, 9729011, 1, 0, 0
40702, 20982757, 1, 0, 0
40810, 11508505, 1, 0, 0
40900, 9730690, 1, 0, 0
41001, 11291164, 1, 0, 0
41100, 11286734, 1, 0, 0
41200, 12394221, 1, 0, 0
41302, 8291345, 1, 0, 0
41405, 11226772, 1, 0, 0
41504, 8665939, 1, 0, 0
41603, 13070481, 1, 0, 0
41700, 12007108, 1, 0, 0
41802, 9933476, 1, 0, 0
41902, 11518572, 1, 0, 0
42005, 9355089, 1, 0, 0
42101, 12309960, 1, 0, 0
42200, 10238987, 1, 0, 0
42300, 9718788, 1, 0, 0
42400, 9150861, 1, 0, 0
42504, 11110106, 1, 0, 0
42600, 8939271, 1, 0, 0
42704, 10999584, 1, 0, 0
42805, 11494298, 1, 0, 0
42900, 9647705, 1, 0, 0
43000, 12567926, 1, 0, 0
43106, 10036913, 1, 0, 0
43207, 11984496, 1, 0, 0
43303, 10158128, 1, 0, 0
43403, 8174137, 1, 0, 0
43504, 9629440, 1, 0, 0
43606, 9271825, 1, 0, 0
43701, 27286512, 1, 0, 0
43800, 11957053, 1, 0, 0
43900, 10669488, 1, 0, 0
44006, 9787560, 1, 0, 0
44103, 11664554, 1, 0, 0
44202, 8875884, 1, 0, 0
44303, 9950126, 1, 0, 0
44402, 10522419, 1, 0, 0
44502, 25350105, 1, 0, 0
44603, 9374254, 1, 0, 0
44700, 6975333, 1, 0, 0
44825, 10398397, 1, 0, 0
44900, 14152638, 1, 0, 0
45000, 9609685, 1, 0, 0
45101, 11512662, 1, 0, 0
45202, 10691773, 1, 0, 0
45304, 8158068, 1, 0, 0
45400, 10179024, 1, 0, 0
45505, 8383951, 1, 0, 0
45605, 12189183, 1, 0, 0
45708, 9323533, 1, 0, 0
45800, 8273690, 1, 0, 0
45903, 11240430, 1, 0, 0
46004, 9991058, 1, 0, 0
46106, 8813122, 1, 0, 0
46202, 24471866, 1, 0, 0
46301, 8457925, 1, 0, 0
46405, 8112215, 1, 0, 0
46502, 9881093, 1, 0, 0
46600, 9716896, 1, 0, 0
46704, 7778270, 1, 0, 0
46804, 11390660, 1, 0, 0
46901, 17450980, 1, 0, 0
47003, 9421575, 1, 0, 0
47107, 8888533, 1, 0, 0
47202, 12936233, 1, 0, 0
47301, 9913237, 1, 0, 0
47407, 10082368, 1, 0, 0
47503, 10695494, 1, 0, 0
47601, 12419359, 1, 0, 0
47703, 11701010, 1, 0, 0
47804, 10225210, 1, 0, 0
47900, 8906862, 1, 0, 0
48001, 9073758, 1, 0, 0
48100, 8230580, 1, 0, 0
48203, 9787931, 1, 0, 0
48300, 8226909, 1, 0, 0
48400, 11370379, 1, 0, 0
48500, 8945430, 1, 0, 0
48608, 10349821, 1, 0, 0
48701, 8785879, 1, 0, 0
48804, 9057100, 1, 0, 0
48902, 8371428, 1, 0, 0
49000, 9562843, 1, 0, 0
49102, 10382078, 1, 0, 0
49200, 9392916, 1, 0, 0
49303, 13434716, 1, 0, 0
49402, 13055040, 1, 0, 0
49502, 9708251, 1, 0, 0
49606, 9782348, 1, 0, 0
49700, 9786231, 1, 0, 0
49800, 12602861, 1, 0, 0
49900, 8826833, 1, 0, 0
50000, 9963910, 1, 0, 0
50101, 9605656, 1, 0, 0
50201, 10036376, 1, 0, 0
50300, 9324958, 1, 0, 0
50402, 10273747, 1, 0, 0
50501, 8105399, 1, 0, 0
50605, 10429395, 1, 0, 0
50702, 10509049, 1, 0, 0
50806, 10735680, 1, 0, 0
50909, 11096038, 1, 0, 0
51002, 11592502, 1, 0, 0
51104, 8666279, 1, 0, 0
51203, 9338585, 1, 0, 0
51300, 13832391, 1, 0, 0
51402, 11006937, 1, 0, 0
51503, 9793194, 1, 0, 0
51603, 9986128, 1, 0, 0
51701, 10382746, 1, 0, 0
51803, 9270106, 1, 0, 0
51907, 8215485, 1, 0, 0
52002, 10488208, 1, 0, 0
52103, 9864451, 1, 0, 0
52204, 9420083, 1, 0, 0
52303, 11469680, 1, 0, 0
52401, 11683691, 1, 0, 0
52502, 8599230, 1, 0, 0
52605, 11112638, 1, 0, 0
52700, 9527166, 1, 0, 0
52801, 9287983, 1, 0, 0
52900, 8697990, 1, 0, 0
53001, 9421711, 1, 0, 0
53106, 8620556, 1, 0, 0
53200, 9158455, 1, 0, 0
53300, 11672201, 1, 0, 0
53405, 10139009, 1, 0, 0
53500, 11004039, 1, 0, 0
53602, 10706383, 1, 0, 0
53705, 8688166, 1, 0, 0
53801, 10212623, 1, 0, 0
53905, 8953500, 1, 0, 0
54036, 9096996, 1, 0, 0
54101, 18238227, 1, 0, 0
54202, 10023572, 1, 0, 0
54309, 10152230, 1, 0, 0
54400, 9211268, 1, 0, 0
54506, 8835356, 1, 0, 0
54604, 10769225, 1, 0, 0
54702, 9838969, 1, 0, 0
54805, 8487163, 1, 0, 0
54903, 10374940, 1, 0, 0
55000, 11946818, 1, 0, 0
55103, 9723990, 1, 0, 0
55202, 10148206, 1, 0, 0
55302, 12612163, 1, 0, 0
55402, 9602012, 1, 0, 0
55502, 9409236, 1, 0, 0
55601, 10770887, 1, 0, 0
55701, 13239019, 1, 0, 0
55801, 10662182, 1, 0, 0
55905, 9789552, 1, 0, 0
56003, 10581640, 1, 0, 0
56100, 8202038, 1, 0, 0
56201, 9545733, 1, 0, 0
56304, 8053698, 1, 0, 0
56400, 11394949, 1, 0, 0
56500, 9114267, 1, 0, 0
56607, 8653720, 1, 0, 0
56702, 11656785, 1, 0, 0
56800, 9590619, 1, 0, 0
56900, 8922458, 1, 0, 0
57006, 9330610, 1, 0, 0
57100, 11017443, 1, 0, 0
57202, 9133077, 1, 0, 0
57307, 10973523, 1, 0, 0
57400, 10070463, 1, 0, 0
57506, 8815214, 1, 0, 0
57600, 10380658, 1, 0, 0
57701, 10155966, 1, 0, 0
57805, 13242864, 1, 0, 0
57903, 11325162, 1, 0, 0
58003, 9150734, 1, 0, 0
58100, 12412301, 1, 0, 0
58200, 8429535, 1, 0, 0
58305, 9442103, 1, 0, 0
58400, 10435376, 1, 0, 0
58502, 8393166, 1, 0, 0
58602, 9047631, 1, 0, 0
58700, 8636656, 1, 0, 0
58807, 11373940, 1, 0, 0
58902, 11132224, 1, 0, 0
59001, 7635073, 1, 0, 0
59108, 11458205, 1, 0, 0
59204, 11495362, 1, 0, 0
59302, 10375244, 1, 0, 0
59404, 9258223, 1, 0, 0
59502, 8563646, 1, 0, 0
59604, 10127258, 1, 0, 0
59701, 9263154, 1, 0, 0
59803, 10675306, 1, 0, 0
59901, 10136693, 1, 0, 0
60008, 9157397, 1, 0, 0
60111, 10450428, 1, 0, 0
60201, 10518147, 1, 0, 0
60300, 9744191, 1, 0, 0
60405, 11290672, 1, 0, 0
60501, 11083593, 1, 0, 0
60601, 12159973, 1, 0, 0
60701, 10906675, 1, 0, 0
60808, 9486295, 1, 0, 0
60901, 13571179, 1, 0, 0
61002, 9276243, 1, 0, 0
61101, 10266353, 1, 0, 0
61200, 8919392, 1, 0, 0
61301, 11005279, 1, 0, 0
61401, 11684445, 1, 0, 0
61502, 7870022, 1, 0, 0
61608, 9957249, 1, 0, 0
61701, 13905689, 1, 0, 0
61803, 9808880, 1, 0, 0
61901, 12417377, 1, 0, 0
62004, 11479312, 1, 0, 0
62109, 14467027, 1, 0, 0
62204, 11150753, 1, 0, 0
62300, 10771881, 1, 0, 0
62406, 11056107, 1, 0, 0
62502, 10166123, 1, 0, 0
62606, 8955924, 1, 0, 0
62706, 11968889, 1, 0, 0
62810, 13199110, 1, 0, 0
62902, 9977197, 1, 0, 0
63001, 10075437, 1, 0, 0
63108, 11698465, 1, 0, 0
63207, 10971879, 1, 0, 0
63300, 9283683, 1, 0, 0
63401, 12144151, 1, 0, 0
63504, 8431737, 1, 0, 0
63603, 9790343, 1, 0, 0
63702, 8976789, 1, 0, 0
63801, 10444565, 1, 0, 0
63917, 9620183, 1, 0, 0
64001, 9972408, 1, 0, 0
64101, 9985071, 1, 0, 0
64200, 9142662, 1, 0, 0
64301, 9136093, 1, 0, 0
64400, 10757587, 1, 0, 0
64502, 7951237, 1, 0, 0
64600, 9956418, 1, 0, 0
64704, 10392313, 1, 0, 0
64807, 9952705, 1, 0, 0
64903, 11322429, 1, 0, 0
65001, 11328688, 1, 0, 0
65103, 8565838, 1, 0, 0
65206, 9700306, 1, 0, 0
65300, 10532731, 1, 0, 0
65402, 9662510, 1, 0, 0
65504, 9832017, 1, 0, 0
65606, 10509106, 1, 0, 0
65700, 10412960, 1, 0, 0
65804, 11999145, 1, 0, 0
65915, 13450362, 1, 0, 0
66004, 11939323, 1, 0, 0
66100, 10359732, 1, 0, 0
66202, 13884049, 1, 0, 0
66301, 9697308, 1, 0, 0
66403, 9570946, 1, 0, 0
66501, 10997912, 1, 0, 0
66601, 10049470, 1, 0, 0
66700, 8858518, 1, 0, 0
66802, 9055414, 1, 0, 0
66905, 8921993, 1, 0, 0
67003, 9780977, 1, 0, 0
67100, 9103456, 1, 0, 0
67204, 8609510, 1, 0, 0
67305, 10547973, 1, 0, 0
67400, 10666614, 1, 0, 0
67504, 9398606, 1, 0, 0
67606, 8118591, 1, 0, 0
67700, 10135055, 1, 0, 0
67800, 9760219, 1, 0, 0
67903, 11577759, 1, 0, 0
68004, 11463570, 1, 0, 0
68100, 8357141, 1, 0, 0
68217, 9402355, 1, 0, 0
68301, 10912918, 1, 0, 0
68403, 10559354, 1, 0, 0
68502, 9764164, 1, 0, 0
68602, 9536104, 1, 0, 0
68700, 10759287, 1, 0, 0
68805, 10689032, 1, 0, 0
68904, 11252105, 1, 0, 0
69000, 9429599, 1, 0, 0
69107, 9912639, 1, 0, 0
69202, 9510519, 1, 0, 0
69303, 9919057, 1, 0, 0
69401, 10148371, 1, 0, 0
69501, 12359501, 1, 0, 0
69604, 10578814, 1, 0, 0
69703, 8801997, 1, 0, 0
69802, 10757206, 1, 0, 0
69903, 14676093, 1, 0, 0
70000, 9615108, 1, 0, 0
70103, 8977066, 1, 0, 0
70203, 9284963, 1, 0, 0
70304, 9980132, 1, 0, 0
70405, 8885394, 1, 0, 0
70500, 10273334, 1, 0, 0
70600, 9462075, 1, 0, 0
70701, 10710182, 1, 0, 0
70801, 10192778, 1, 0, 0
70908, 10086555, 1, 0, 0
71014, 9242080, 1, 0, 0
71103, 11329113, 1, 0, 0
71207, 12625816, 1, 0, 0
71301, 18043085, 1, 0, 0
71406, 12366551, 1, 0, 0
71505, 9866708, 1, 0, 0
71605, 12015052, 1, 0, 0
71702, 9239887, 1, 0, 0
71805, 9808456, 1, 0, 0
71906, 11488690, 1, 0, 0
72000, 11068628, 1, 0, 0
72104, 10736697, 1, 0, 0
72204, 9725209, 1, 0, 0
72301, 7519876, 1, 0, 0
72404, 11909180, 1, 0, 0
72501, 11650289, 1, 0, 0
72604, 8703241, 1, 0, 0
72702, 7560325, 1, 0, 0
72805, 8182758, 1, 0, 0
72903, 11005890, 1, 0, 0
73005, 12790352, 1, 0, 0
73105, 10580923, 1, 0, 0
73203, 10069750, 1, 0, 0
73300, 8925577, 1, 0, 0
73403, 9843507, 1, 0, 0
73501, 9923176, 1, 0, 0
73600, 9258553, 1, 0, 0
73703, 10424183, 1, 0, 0
73803, 9239352, 1, 0, 0
73901, 11009098, 1, 0, 0
74006, 11599359, 1, 0, 0
74101, 10700642, 1, 0, 0
74204, 9406594, 1, 0, 0
74306, 9430990, 1, 0, 0
74403, 9405733, 1, 0, 0
74500, 10322766, 1, 0, 0
74600, 9819307, 1, 0, 0
74700, 11241005, 1, 0, 0
74805, 9589575, 1, 0, 0
74905, 13612293, 1, 0, 0
75000, 10026358, 1, 0, 0
75100, 10666287, 1, 0, 0
75202, 9408529, 1, 0, 0
75303, 8572556, 1, 0, 0
75400, 11114868, 1, 0, 0
75500, 8221686, 1, 0, 0
75600, 11319994, 1, 0, 0
75701, 9972272, 1, 0, 0
75801, 7768831, 1, 0, 0
75902, 7901762, 1, 0, 0
76001, 10851135, 1, 0, 0
76102, 10705281, 1, 0, 0
76201, 9365190, 1, 0, 0
76308, 9887314, 1, 0, 0
76402, 10808579, 1, 0, 0
76506, 7802758, 1, 0, 0
76602, 9904508, 1, 0, 0
76700, 9273827, 1, 0, 0
76800, 9204030, 1, 0, 0
76900, 8357770, 1, 0, 0
77000, 10985318, 1, 0, 0
77104, 9183794, 1, 0, 0
77200, 8492112, 1, 0, 0
77301, 9739054, 1, 0, 0
77400, 9624920, 1, 0, 0
77501, 10726566, 1, 0, 0
77602, 10067438, 1, 0, 0
77703, 8760025, 1, 0, 0
77801, 9605359, 1, 0, 0
77900, 7974906, 1, 0, 0
78000, 13060577, 1, 0, 0
78100, 11291711, 1, 0, 0
78200, 10273581, 1, 0, 0
78301, 12237977, 1, 0, 0
78404, 10568510, 1, 0, 0
78500, 11052097, 1, 0, 0
78601, 9224798, 1, 0, 0
78703, 8758966, 1, 0, 0
78802, 9142828, 1, 0, 0
78906, 7841658, 1, 0, 0
79002, 12414503, 1, 0, 0
79113, 8421440, 1, 0, 0
79200, 10166413, 1, 0, 0
79301, 10903450, 1, 0, 0
79403, 8640144, 1, 0, 0
79504, 10305081, 1, 0, 0
79603, 9612317, 1, 0, 0
79701, 15412374, 1, 0, 0
79804, 10300330, 1, 0, 0
79900, 9173625, 1, 0, 0
80000, 10856370, 1, 0, 0
80102, 8965208, 1, 0, 0
80200, 11136324, 1, 0, 0
80304, 7621593, 1, 0, 0
80401, 9417059, 1, 0, 0
80503, 9298373, 1, 0, 0
80601, 10871773, 1, 0, 0
80702, 9491274, 1, 0, 0
80800, 8904426, 1, 0, 0
80902, 9649819, 1, 0, 0
81003, 10341237, 1, 0, 0
81102, 10577426, 1, 0, 0
81201, 19765727, 1, 0, 0
81300, 12345430, 1, 0, 0
81443, 8830643, 1, 0, 0
81501, 20586289, 1, 0, 0
81601, 9392247, 1, 0, 0
81700, 9749973, 1, 0, 0
81800, 9381078, 1, 0, 0
81900, 7074471, 1, 0, 0
82003, 8101317, 1, 0, 0
82103, 10336157, 1, 0, 0
82201, 9923402, 1, 0, 0
82309, 9797526, 1, 0, 0
82402, 9567509, 1, 0, 0
82500, 8627458, 1, 0, 0
82609, 9093383, 1, 0, 0
82700, 12885541, 1, 0, 0
82800, 10936604, 1, 0, 0
82900, 9926089, 1, 0, 0
83000, 9199303, 1, 0, 0
83101, 9471263, 1, 0, 0
83201, 10120450, 1, 0, 0
83304, 7774077, 1, 0, 0
83404, 11163113, 1, 0, 0
83501, 9018973, 1, 0, 0
83604, 9757477, 1, 0, 0
83701, 10511897, 1, 0, 0
83800, 9206682, 1, 0, 0
83900, 11533185, 1, 0, 0
84001, 10171326, 1, 0, 0
84102, 11773125, 1, 0, 0
84200, 8173313, 1, 0, 0
84309, 10294462, 1, 0, 0
84405, 12506796, 1, 0, 0
84502, 10938977, 1, 0, 0
84602, 11098914, 1, 0, 0
84706, 9487426, 1, 0, 0
84800, 11205404, 1, 0, 0
84902, 10609839, 1, 0, 0
85001, 11127365, 1, 0, 0
85101, 11137236, 1, 0, 0
85200, 10845857, 1, 0, 0
85301, 11777828, 1, 0, 0
85400, 9663933, 1, 0, 0
85504, 9977367, 1, 0, 0
85600, 10758741, 1, 0, 0
85700, 11244529, 1, 0, 0
85801, 8666550, 1, 0, 0
85900, 10557070, 1, 0, 0
86003, 9846061, 1, 0, 0
86115, 10516526, 1, 0, 0
86200, 14806681, 1, 0, 0
86307, 10471314, 1, 0, 0
86401, 9228501, 1, 0, 0
86505, 9191127, 1, 0, 0
86603, 9048379, 1, 0, 0
86700, 8239750, 1, 0, 0
86806, 9119822, 1, 0, 0
86903, 9571689, 1, 0, 0
87008, 10959896, 1, 0, 0
87100, 9813277, 1, 0, 0
87202, 9056607, 1, 0, 0
87303, 9639708, 1, 0, 0
87400, 8654882, 1, 0, 0
87501, 9427661, 1, 0, 0
87601, 9408020, 1, 0, 0
87711, 10424486, 1, 0, 0
87800, 11802545, 1, 0, 0
87900, 8929058, 1, 0, 0
88005, 8610878, 1, 0, 0
88101, 9082325, 1, 0, 0
88200, 8712574, 1, 0, 0
88306, 8867988, 1, 0, 0
88402, 10162746, 1, 0, 0
88501, 7842578, 1, 0, 0
88604, 12167856, 1, 0, 0
88703, 10337060, 1, 0, 0
88802, 9483128, 1, 0, 0
88900, 10513827, 1, 0, 0
89001, 9080533, 1, 0, 0
89100, 9107909, 1, 0, 0
89200, 10557846, 1, 0, 0
89303, 9656582, 1, 0, 0
89405, 8771618, 1, 0, 0
89502, 10764353, 1, 0, 0
89600, 8409176, 1, 0, 0
89703, 9386186, 1, 0, 0
89802, 10800391, 1, 0, 0
89900, 10191344, 1, 0, 0
90000, 8371303, 1, 0, 0
90004, 6256130, 1, 0, 0
