250, 636, 1, 0, 0
350, 520, 1, 0, 0
450, 550, 1, 0, 0
550, 600, 1, 0, 0
650, 620, 1, 0, 0
749, 525, 1, 0, 0
849, 680, 1, 0, 0
949, 590, 1, 0, 0
1050, 700, 1, 0, 0
1150, 640, 1, 0, 0
1249, 626, 1, 0, 0
1349, 580, 1, 0, 0
1449, 580, 1, 0, 0
1549, 560, 1, 0, 0
1649, 540, 1, 0, 0
1749, 550, 1, 0, 0
1849, 570, 1, 0, 0
1949, 460, 1, 0, 0
2050, 570, 1, 0, 0
2150, 650, 1, 0, 0
2249, 646, 1, 0, 0
2349, 450, 1, 0, 0
2449, 590, 1, 0, 0
2549, 590, 1, 0, 0
2649, 690, 1, 0, 0
2749, 610, 1, 0, 0
2849, 610, 1, 0, 0
2950, 560, 1, 0, 0
3050, 680, 1, 0, 0
3150, 620, 1, 0, 0
3249, 585, 1, 0, 0
3349, 480, 1, 0, 0
3449, 690, 1, 0, 0
3549, 640, 1, 0, 0
3649, 530, 1, 0, 0
3749, 630, 1, 0, 0
3849, 590, 1, 0, 0
3950, 680, 1, 0, 0
4050, 600, 1, 0, 0
4150, 640, 1, 0, 0
4249, 646, 1, 0, 0
4349, 500, 1, 0, 0
4449, 590, 1, 0, 0
4549, 620, 1, 0, 0
4649, 530, 1, 0, 0
4749, 550, 1, 0, 0
4850, 530, 1, 0, 0
4950, 530, 1, 0, 0
5050, 730, 1, 0, 0
5150, 520, 1, 0, 0
5249, 585, 1, 0, 0
5349, 390, 1, 0, 0
5449, 680, 1, 0, 0
5549, 590, 1, 0, 0
5649, 570, 1, 0, 0
5750, 530, 1, 0, 0
5850, 500, 1, 0, 0
5950, 660, 1, 0, 0
6050, 640, 1, 0, 0
6150, 510, 1, 0, 0
6249, 636, 1, 0, 0
6349, 470, 1, 0, 0
6449, 600, 1, 0, 0
6549, 650, 1, 0, 0
6649, 700, 1, 0, 0
6750, 580, 1, 0, 0
6850, 480, 1, 0, 0
6950, 600, 1, 0, 0
7050, 680, 1, 0, 0
7150, 620, 1, 0, 0
7249, 525, 1, 0, 0
7349, 220, 1, 0, 0
7449, 560, 1, 0, 0
7549, 740, 1, 0, 0
7650, 730, 1, 0, 0
7750, 630, 1, 0, 0
7850, 620, 1, 0, 0
7950, 670, 1, 0, 0
8050, 710, 1, 0, 0
8150, 630, 1, 0, 0
8249, 525, 1, 0, 0
8349, 600, 1, 0, 0
8449, 530, 1, 0, 0
8550, 590, 1, 0, 0
8650, 660, 1, 0, 0
8749, 636, 1, 0, 0
8849, 560, 1, 0, 0
8949, 580, 1, 0, 0
9049, 610, 1, 0, 0
9149, 730, 1, 0, 0
9249, 660, 1, 0, 0
9349, 540, 1, 0, 0
9449, 470, 1, 0, 0
9550, 460, 1, 0, 0
9650, 690, 1, 0, 0
9749, 626, 1, 0, 0
9849, 560, 1, 0, 0
9949, 610, 1, 0, 0
10049, 590, 1, 0, 0
10149, 530, 1, 0, 0
10249, 650, 1, 0, 0
10349, 620, 1, 0, 0
10449, 550, 1, 0, 0
10550, 610, 1, 0, 0
10650, 640, 1, 0, 0
10749, 686, 1, 0, 0
10849, 530, 1, 0, 0
10949, 610, 1, 0, 0
11049, 400, 1, 0, 0
11149, 470, 1, 0, 0
11249, 600, 1, 0, 0
11349, 630, 1, 0, 0
11450, 610, 1, 0, 0
11550, 520, 1, 0, 0
11650, 600, 1, 0, 0
11749, 474, 1, 0, 0
11849, 670, 1, 0, 0
11949, 520, 1, 0, 0
12049, 710, 1, 0, 0
12149, 670, 1, 0, 0
12250, 680, 1, 0, 0
12350, 490, 1, 0, 0
12450, 450, 1, 0, 0
12550, 600, 1, 0, 0
12650, 540, 1, 0, 0
12749, 494, 1, 0, 0
12849, 550, 1, 0, 0
12949, 630, 1, 0, 0
13049, 740, 1, 0, 0
13149, 610, 1, 0, 0
13250, 550, 1, 0, 0
13350, 670, 1, 0, 0
13450, 500, 1, 0, 0
13550, 530, 1, 0, 0
13650, 700, 1, 0, 0
13749, 484, 1, 0, 0
13849, 720, 1, 0, 0
13949, 640, 1, 0, 0
14049, 720, 1, 0, 0
14149, 510, 1, 0, 0
14250, 710, 1, 0, 0
14350, 580, 1, 0, 0
14450, 570, 1, 0, 0
14550, 590, 1, 0, 0
14650, 580, 1, 0, 0
14749, 737, 1, 0, 0
14849, 560, 1, 0, 0
14949, 580, 1, 0, 0
15049, 600, 1, 0, 0
15150, 640, 1, 0, 0
15250, 620, 1, 0, 0
15350, 660, 1, 0, 0
15450, 590, 1, 0, 0
15550, 690, 1, 0, 0
15650, 560, 1, 0, 0
15749, 656, 1, 0, 0
15849, 640, 1, 0, 0
15949, 650, 1, 0, 0
16050, 600, 1, 0, 0
16150, 520, 1, 0, 0
16249, 616, 1, 0, 0
16349, 580, 1, 0, 0
16449, 470, 1, 0, 0
16549, 610, 1, 0, 0
16649, 630, 1, 0, 0
16749, 610, 1, 0, 0
16849, 360, 1, 0, 0
16949, 710, 1, 0, 0
17050, 530, 1, 0, 0
17150, 690, 1, 0, 0
17249, 646, 1, 0, 0
17349, 650, 1, 0, 0
17449, 590, 1, 0, 0
17549, 550, 1, 0, 0
17649, 630, 1, 0, 0
17749, 550, 1, 0, 0
17849, 650, 1, 0, 0
17949, 610, 1, 0, 0
18050, 760, 1, 0, 0
18150, 460, 1, 0, 0
18249, 585, 1, 0, 0
18349, 600, 1, 0, 0
18449, 460, 1, 0, 0
18549, 610, 1, 0, 0
18649, 700, 1, 0, 0
18749, 650, 1, 0, 0
18849, 510, 1, 0, 0
18949, 540, 1, 0, 0
19049, 520, 1, 0, 0
19150, 540, 1, 0, 0
19250, 620, 1, 0, 0
19350, 590, 1, 0, 0
19450, 560, 1, 0, 0
19550, 540, 1, 0, 0
19650, 620, 1, 0, 0
19749, 747, 1, 0, 0
19849, 650, 1, 0, 0
19949, 540, 1, 0, 0
20049, 660, 1, 0, 0
20150, 560, 1, 0, 0
20249, 737, 1, 0, 0
20349, 530, 1, 0, 0
20449, 660, 1, 0, 0
20549, 560, 1, 0, 0
20649, 600, 1, 0, 0
20749, 670, 1, 0, 0
20849, 630, 1, 0, 0
20949, 640, 1, 0, 0
21049, 650, 1, 0, 0
21150, 640, 1, 0, 0
21249, 636, 1, 0, 0
21349, 700, 1, 0, 0
21449, 640, 1, 0, 0
21549, 500, 1, 0, 0
21649, 520, 1, 0, 0
21749, 510, 1, 0, 0
21849, 460, 1, 0, 0
21949, 520, 1, 0, 0
22049, 560, 1, 0, 0
22150, 580, 1, 0, 0
22250, 620, 1, 0, 0
22350, 580, 1, 0, 0
22450, 670, 1, 0, 0
22550, 480, 1, 0, 0
22650, 590, 1, 0, 0
22749, 626, 1, 0, 0
22849, 480, 1, 0, 0
22949, 460, 1, 0, 0
23049, 550, 1, 0, 0
23149, 590, 1, 0, 0
23250, 570, 1, 0, 0
23350, 520, 1, 0, 0
23450, 690, 1, 0, 0
23550, 540, 1, 0, 0
23650, 640, 1, 0, 0
23749, 656, 1, 0, 0
23849, 590, 1, 0, 0
23949, 700, 1, 0, 0
24049, 560, 1, 0, 0
24149, 490, 1, 0, 0
24250, 770, 1, 0, 0
24350, 600, 1, 0, 0
24450, 770, 1, 0, 0
24550, 490, 1, 0, 0
24650, 630, 1, 0, 0
24749, 555, 1, 0, 0
24849, 610, 1, 0, 0
24949, 670, 1, 0, 0
25049, 380, 1, 0, 0
25149, 670, 1, 0, 0
25250, 470, 1, 0, 0
25350, 590, 1, 0, 0
25450, 550, 1, 0, 0
25550, 500, 1, 0, 0
25650, 690, 1, 0, 0
25749, 656, 1, 0, 0
25849, 720, 1, 0, 0
25949, 640, 1, 0, 0
26049, 590, 1, 0, 0
26149, 710, 1, 0, 0
26250, 650, 1, 0, 0
26350, 580, 1, 0, 0
26450, 730, 1, 0, 0
26550, 550, 1, 0, 0
26650, 670, 1, 0, 0
26749, 646, 1, 0, 0
26849, 620, 1, 0, 0
26949, 590, 1, 0, 0
27049, 450, 1, 0, 0
27149, 610, 1, 0, 0
27250, 570, 1, 0, 0
27350, 690, 1, 0, 0
27450, 560, 1, 0, 0
27550, 400, 1, 0, 0
27650, 570, 1, 0, 0
27749, 707, 1, 0, 0
27849, 700, 1, 0, 0
27949, 580, 1, 0, 0
28049, 560, 1, 0, 0
28149, 680, 1, 0, 0
28250, 520, 1, 0, 0
28350, 610, 1, 0, 0
28450, 590, 1, 0, 0
28550, 490, 1, 0, 0
28650, 630, 1, 0, 0
28749, 585, 1, 0, 0
28849, 600, 1, 0, 0
28949, 560, 1, 0, 0
29049, 610, 1, 0, 0
29150, 610, 1, 0, 0
29250, 560, 1, 0, 0
29350, 720, 1, 0, 0
29450, 700, 1, 0, 0
29550, 490, 1, 0, 0
29650, 640, 1, 0, 0
29749, 636, 1, 0, 0
29849, 550, 1, 0, 0
29949, 540, 1, 0, 0
30049, 530, 1, 0, 0
30150, 540, 1, 0, 0
30250, 620, 1, 0, 0
30350, 540, 1, 0, 0
30450, 700, 1, 0, 0
30550, 660, 1, 0, 0
30650, 590, 1, 0, 0
30749, 616, 1, 0, 0
30849, 680, 1, 0, 0
30949, 620, 1, 0, 0
31050, 680, 1, 0, 0
31150, 680, 1, 0, 0
31249, 585, 1, 0, 0
31349, 580, 1, 0, 0
31449, 550, 1, 0, 0
31549, 800, 1, 0, 0
31649, 540, 1, 0, 0
31749, 670, 1, 0, 0
31849, 730, 1, 0, 0
31949, 730, 1, 0, 0
32050, 500, 1, 0, 0
32150, 590, 1, 0, 0
32249, 575, 1, 0, 0
32349, 470, 1, 0, 0
32449, 730, 1, 0, 0
32549, 380, 1, 0, 0
32649, 420, 1, 0, 0
32749, 620, 1, 0, 0
32849, 460, 1, 0, 0
32950, 460, 1, 0, 0
33050, 620, 1, 0, 0
33150, 610, 1, 0, 0
33249, 666, 1, 0, 0
33349, 610, 1, 0, 0
33449, 630, 1, 0, 0
33549, 670, 1, 0, 0
33649, 430, 1, 0, 0
33750, 620, 1, 0, 0
33850, 640, 1, 0, 0
33950, 510, 1, 0, 0
34050, 550, 1, 0, 0
34150, 600, 1, 0, 0
34249, 676, 1, 0, 0
34349, 640, 1, 0, 0
34449, 620, 1, 0, 0
34549, 560, 1, 0, 0
34649, 550, 1, 0, 0
34750, 600, 1, 0, 0
34850, 570, 1, 0, 0
34950, 630, 1, 0, 0
35050, 640, 1, 0, 0
35150, 540, 1, 0, 0
35249, 575, 1, 0, 0
35349, 550, 1, 0, 0
35449, 600, 1, 0, 0
35549, 470, 1, 0, 0
35649, 430, 1, 0, 0
35750, 600, 1, 0, 0
35850, 510, 1, 0, 0
35950, 540, 1, 0, 0
36050, 630, 1, 0, 0
36150, 490, 1, 0, 0
36249, 505, 1, 0, 0
36349, 630, 1, 0, 0
36449, 620, 1, 0, 0
36549, 700, 1, 0, 0
36650, 440, 1, 0, 0
36749, 494, 1, 0, 0
36849, 650, 1, 0, 0
36949, 730, 1, 0, 0
37049, 540, 1, 0, 0
37149, 530, 1, 0, 0
37249, 780, 1, 0, 0
37349, 580, 1, 0, 0
37449, 590, 1, 0, 0
37550, 700, 1, 0, 0
37650, 460, 1, 0, 0
37749, 505, 1, 0, 0
37849, 720, 1, 0, 0
37949, 540, 1, 0, 0
38049, 630, 1, 0, 0
38149, 560, 1, 0, 0
38249, 680, 1, 0, 0
38349, 680, 1, 0, 0
38449, 640, 1, 0, 0
38550, 700, 1, 0, 0
38650, 530, 1, 0, 0
38749, 474, 1, 0, 0
38849, 530, 1, 0, 0
38949, 580, 1, 0, 0
39049, 600, 1, 0, 0
39149, 460, 1, 0, 0
39249, 550, 1, 0, 0
39349, 540, 1, 0, 0
39449, 470, 1, 0, 0
39550, 550, 1, 0, 0
39650, 590, 1, 0, 0
39749, 464, 1, 0, 0
39849, 430, 1, 0, 0
39949, 530, 1, 0, 0
40049, 360, 1, 0, 0
40149, 470, 1, 0, 0
40249, 520, 1, 0, 0
40349, 600, 1, 0, 0
40449, 610, 1, 0, 0
40550, 500, 1, 0, 0
40650, 780, 1, 0, 0
40749, 313, 1, 0, 0
40849, 590, 1, 0, 0
40949, 640, 1, 0, 0
41049, 700, 1, 0, 0
41149, 530, 1, 0, 0
41249, 590, 1, 0, 0
41349, 660, 1, 0, 0
41449, 780, 1, 0, 0
41550, 610, 1, 0, 0
41650, 610, 1, 0, 0
41749, 565, 1, 0, 0
41849, 710, 1, 0, 0
41949, 680, 1, 0, 0
42049, 650, 1, 0, 0
42149, 640, 1, 0, 0
42249, 660, 1, 0, 0
42349, 570, 1, 0, 0
42449, 570, 1, 0, 0
42550, 660, 1, 0, 0
42650, 660, 1, 0, 0
42749, 444, 1, 0, 0
42849, 430, 1, 0, 0
42949, 600, 1, 0, 0
43049, 640, 1, 0, 0
43149, 480, 1, 0, 0
43249, 680, 1, 0, 0
43349, 570, 1, 0, 0
43450, 580, 1, 0, 0
43550, 580, 1, 0, 0
43650, 620, 1, 0, 0
43749, 272, 1, 0, 0
43849, 630, 1, 0, 0
43949, 730, 1, 0, 0
44049, 600, 1, 0, 0
44149, 550, 1, 0, 0
44249, 640, 1, 0, 0
44350, 580, 1, 0, 0
44450, 570, 1, 0, 0
44550, 580, 1, 0, 0
44650, 570, 1, 0, 0
44749, 494, 1, 0, 0
44849, 570, 1, 0, 0
44949, 640, 1, 0, 0
45049, 500, 1, 0, 0
45149, 560, 1, 0, 0
45250, 550, 1, 0, 0
45350, 570, 1, 0, 0
45450, 650, 1, 0, 0
45550, 630, 1, 0, 0
45650, 480, 1, 0, 0
45749, 454, 1, 0, 0
45849, 570, 1, 0, 0
45949, 620, 1, 0, 0
46049, 550, 1, 0, 0
46149, 470, 1, 0, 0
46250, 620, 1, 0, 0
46350, 760, 1, 0, 0
46450, 630, 1, 0, 0
46550, 620, 1, 0, 0
46650, 570, 1, 0, 0
46749, 474, 1, 0, 0
46849, 600, 1, 0, 0
46949, 700, 1, 0, 0
47049, 520, 1, 0, 0
47150, 600, 1, 0, 0
47250, 570, 1, 0, 0
47350, 500, 1, 0, 0
47450, 660, 1, 0, 0
47550, 620, 1, 0, 0
47650, 600, 1, 0, 0
47749, 595, 1, 0, 0
47849, 570, 1, 0, 0
47949, 630, 1, 0, 0
48050, 540, 1, 0, 0
48150, 550, 1, 0, 0
48249, 737, 1, 0, 0
48349, 610, 1, 0, 0
48449, 570, 1, 0, 0
48549, 660, 1, 0, 0
48649, 530, 1, 0, 0
48749, 520, 1, 0, 0
48849, 670, 1, 0, 0
48949, 650, 1, 0, 0
49050, 590, 1, 0, 0
49150, 610, 1, 0, 0
49249, 555, 1, 0, 0
49349, 590, 1, 0, 0
49449, 620, 1, 0, 0
49549, 640, 1, 0, 0
49649, 640, 1, 0, 0
49749, 550, 1, 0, 0
49849, 600, 1, 0, 0
49949, 660, 1, 0, 0
50050, 670, 1, 0, 0
50150, 640, 1, 0, 0
50249, 505, 1, 0, 0
50349, 650, 1, 0, 0
50449, 630, 1, 0, 0
50549, 600, 1, 0, 0
50649, 600, 1, 0, 0
50749, 750, 1, 0, 0
50849, 460, 1, 0, 0
50950, 610, 1, 0, 0
51050, 590, 1, 0, 0
51150, 580, 1, 0, 0
51249, 555, 1, 0, 0
51349, 680, 1, 0, 0
51449, 510, 1, 0, 0
51549, 550, 1, 0, 0
51649, 620, 1, 0, 0
51750, 640, 1, 0, 0
51850, 450, 1, 0, 0
51950, 660, 1, 0, 0
52050, 590, 1, 0, 0
52150, 530, 1, 0, 0
52249, 565, 1, 0, 0
52349, 570, 1, 0, 0
52449, 560, 1, 0, 0
52549, 690, 1, 0, 0
52649, 650, 1, 0, 0
52750, 650, 1, 0, 0
52850, 510, 1, 0, 0
52950, 640, 1, 0, 0
53050, 700, 1, 0, 0
53150, 600, 1, 0, 0
53249, 636, 1, 0, 0
53349, 550, 1, 0, 0
53449, 570, 1, 0, 0
53549, 540, 1, 0, 0
53649, 550, 1, 0, 0
53750, 580, 1, 0, 0
53850, 490, 1, 0, 0
53950, 500, 1, 0, 0
54050, 510, 1, 0, 0
54150, 700, 1, 0, 0
54249, 525, 1, 0, 0
54349, 680, 1, 0, 0
54449, 600, 1, 0, 0
54549, 700, 1, 0, 0
54649, 580, 1, 0, 0
54750, 650, 1, 0, 0
54850, 470, 1, 0, 0
54950, 590, 1, 0, 0
55050, 560, 1, 0, 0
55150, 590, 1, 0, 0
55249, 616, 1, 0, 0
55349, 590, 1, 0, 0
55449, 480, 1, 0, 0
55549, 650, 1, 0, 0
55650, 510, 1, 0, 0
55750, 700, 1, 0, 0
55850, 560, 1, 0, 0
55950, 620, 1, 0, 0
56050, 640, 1, 0, 0
56150, 590, 1, 0, 0
56249, 636, 1, 0, 0
56349, 660, 1, 0, 0
56450, 680, 1, 0, 0
56550, 570, 1, 0, 0
56650, 550, 1, 0, 0
56749, 606, 1, 0, 0
56849, 530, 1, 0, 0
56949, 540, 1, 0, 0
57049, 590, 1, 0, 0
57149, 660, 1, 0, 0
57249, 700, 1, 0, 0
57350, 650, 1, 0, 0
57450, 640, 1, 0, 0
57550, 630, 1, 0, 0
57650, 700, 1, 0, 0
57749, 505, 1, 0, 0
57849, 480, 1, 0, 0
57949, 450, 1, 0, 0
58049, 490, 1, 0, 0
58149, 720, 1, 0, 0
58249, 560, 1, 0, 0
58350, 560, 1, 0, 0
58450, 560, 1, 0, 0
58550, 620, 1, 0, 0
58650, 690, 1, 0, 0
58749, 616, 1, 0, 0
58849, 720, 1, 0, 0
58949, 390, 1, 0, 0
59049, 620, 1, 0, 0
59149, 590, 1, 0, 0
59249, 590, 1, 0, 0
59350, 540, 1, 0, 0
59450, 550, 1, 0, 0
59550, 570, 1, 0, 0
59650, 710, 1, 0, 0
59749, 656, 1, 0, 0
59849, 600, 1, 0, 0
59949, 450, 1, 0, 0
60049, 610, 1, 0, 0
60149, 620, 1, 0, 0
60250, 570, 1, 0, 0
60350, 580, 1, 0, 0
60450, 560, 1, 0, 0
60550, 600, 1, 0, 0
60650, 620, 1, 0, 0
60749, 545, 1, 0, 0
60849, 570, 1, 0, 0
60949, 500, 1, 0, 0
61049, 480, 1, 0, 0
61149, 570, 1, 0, 0
61250, 620, 1, 0, 0
61350, 560, 1, 0, 0
61450, 590, 1, 0, 0
61550, 670, 1, 0, 0
61650, 580, 1, 0, 0
61749, 717, 1, 0, 0
61849, 590, 1, 0, 0
61949, 440, 1, 0, 0
62049, 640, 1, 0, 0
62149, 590, 1, 0, 0
62250, 560, 1, 0, 0
62350, 540, 1, 0, 0
62450, 550, 1, 0, 0
62550, 620, 1, 0, 0
62650, 500, 1, 0, 0
62749, 676, 1, 0, 0
62849, 670, 1, 0, 0
62949, 420, 1, 0, 0
63049, 590, 1, 0, 0
63150, 630, 1, 0, 0
63249, 575, 1, 0, 0
63349, 620, 1, 0, 0
63449, 550, 1, 0, 0
63549, 690, 1, 0, 0
63649, 600, 1, 0, 0
63749, 540, 1, 0, 0
63849, 580, 1, 0, 0
63949, 510, 1, 0, 0
64050, 510, 1, 0, 0
64150, 490, 1, 0, 0
64249, 626, 1, 0, 0
64349, 590, 1, 0, 0
64449, 650, 1, 0, 0
64549, 670, 1, 0, 0
64649, 520, 1, 0, 0
64749, 660, 1, 0, 0
64849, 630, 1, 0, 0
64949, 590, 1, 0, 0
65050, 660, 1, 0, 0
65150, 580, 1, 0, 0
65249, 646, 1, 0, 0
65349, 550, 1, 0, 0
65449, 570, 1, 0, 0
65549, 550, 1, 0, 0
65649, 600, 1, 0, 0
65749, 680, 1, 0, 0
65849, 570, 1, 0, 0
65950, 550, 1, 0, 0
66050, 640, 1, 0, 0
66150, 640, 1, 0, 0
66249, 666, 1, 0, 0
66349, 640, 1, 0, 0
66449, 460, 1, 0, 0
66549, 730, 1, 0, 0
66649, 550, 1, 0, 0
66749, 620, 1, 0, 0
66850, 630, 1, 0, 0
66950, 480, 1, 0, 0
67050, 430, 1, 0, 0
67150, 600, 1, 0, 0
67249, 656, 1, 0, 0
67349, 540, 1, 0, 0
67449, 660, 1, 0, 0
67549, 690, 1, 0, 0
67649, 660, 1, 0, 0
67750, 580, 1, 0, 0
67850, 600, 1, 0, 0
67950, 640, 1, 0, 0
68050, 570, 1, 0, 0
68150, 740, 1, 0, 0
68249, 535, 1, 0, 0
68349, 620, 1, 0, 0
68449, 570, 1, 0, 0
68549, 580, 1, 0, 0
68649, 700, 1, 0, 0
68750, 680, 1, 0, 0
68850, 550, 1, 0, 0
68950, 530, 1, 0, 0
69050, 600, 1, 0, 0
69150, 590, 1, 0, 0
69249, 474, 1, 0, 0
69349, 530, 1, 0, 0
69449, 620, 1, 0, 0
69550, 640, 1, 0, 0
69650, 550, 1, 0, 0
69749, 575, 1, 0, 0
69849, 700, 1, 0, 0
69949, 630, 1, 0, 0
70049, 450, 1, 0, 0
70149, 550, 1, 0, 0
70249, 700, 1, 0, 0
70349, 600, 1, 0, 0
70449, 670, 1, 0, 0
70550, 620, 1, 0, 0
70650, 580, 1, 0, 0
70749, 666, 1, 0, 0
70849, 550, 1, 0, 0
70949, 630, 1, 0, 0
71049, 580, 1, 0, 0
71149, 700, 1, 0, 0
71249, 610, 1, 0, 0
71349, 690, 1, 0, 0
71449, 700, 1, 0, 0
71550, 510, 1, 0, 0
71650, 680, 1, 0, 0
71749, 494, 1, 0, 0
71849, 560, 1, 0, 0
71949, 630, 1, 0, 0
72049, 310, 1, 0, 0
72149, 660, 1, 0, 0
72249, 740, 1, 0, 0
72349, 620, 1, 0, 0
72449, 570, 1, 0, 0
72550, 660, 1, 0, 0
72650, 560, 1, 0, 0
72749, 646, 1, 0, 0
72849, 450, 1, 0, 0
72949, 750, 1, 0, 0
73049, 630, 1, 0, 0
73149, 690, 1, 0, 0
73249, 630, 1, 0, 0
73349, 600, 1, 0, 0
73449, 680, 1, 0, 0
73550, 650, 1, 0, 0
73650, 740, 1, 0, 0
73749, 585, 1, 0, 0
73849, 700, 1, 0, 0
73949, 610, 1, 0, 0
74049, 550, 1, 0, 0
74149, 470, 1, 0, 0
74249, 680, 1, 0, 0
74349, 540, 1, 0, 0
74449, 520, 1, 0, 0
74549, 620, 1, 0, 0
74650, 570, 1, 0, 0
74750, 580, 1, 0, 0
74850, 560, 1, 0, 0
74950, 670, 1, 0, 0
75050, 550, 1, 0, 0
75150, 590, 1, 0, 0
75249, 616, 1, 0, 0
75349, 590, 1, 0, 0
75449, 660, 1, 0, 0
75549, 550, 1, 0, 0
75650, 670, 1, 0, 0
75750, 520, 1, 0, 0
75850, 640, 1, 0, 0
75950, 660, 1, 0, 0
76050, 590, 1, 0, 0
76150, 720, 1, 0, 0
76249, 555, 1, 0, 0
76349, 740, 1, 0, 0
76449, 550, 1, 0, 0
76550, 530, 1, 0, 0
76650, 720, 1, 0, 0
76749, 646, 1, 0, 0
76849, 640, 1, 0, 0
76949, 660, 1, 0, 0
77049, 560, 1, 0, 0
77149, 610, 1, 0, 0
77249, 660, 1, 0, 0
77349, 690, 1, 0, 0
77449, 610, 1, 0, 0
77550, 590, 1, 0, 0
77650, 620, 1, 0, 0
77749, 636, 1, 0, 0
77849, 540, 1, 0, 0
77949, 700, 1, 0, 0
78049, 570, 1, 0, 0
78149, 610, 1, 0, 0
78249, 590, 1, 0, 0
78349, 700, 1, 0, 0
78449, 520, 1, 0, 0
78550, 750, 1, 0, 0
78650, 650, 1, 0, 0
78749, 616, 1, 0, 0
78849, 560, 1, 0, 0
78949, 740, 1, 0, 0
79049, 510, 1, 0, 0
79149, 570, 1, 0, 0
79249, 640, 1, 0, 0
79350, 650, 1, 0, 0
79450, 460, 1, 0, 0
79550, 610, 1, 0, 0
79650, 620, 1, 0, 0
79749, 545, 1, 0, 0
79849, 650, 1, 0, 0
79949, 520, 1, 0, 0
80049, 600, 1, 0, 0
80149, 500, 1, 0, 0
80250, 630, 1, 0, 0
80350, 670, 1, 0, 0
80450, 580, 1, 0, 0
80550, 650, 1, 0, 0
80650, 560, 1, 0, 0
80749, 696, 1, 0, 0
80849, 640, 1, 0, 0
80949, 720, 1, 0, 0
81049, 580, 1, 0, 0
81149, 590, 1, 0, 0
81250, 680, 1, 0, 0
81350, 570, 1, 0, 0
81450, 460, 1, 0, 0
81550, 480, 1, 0, 0
81650, 740, 1, 0, 0
81749, 606, 1, 0, 0
81849, 520, 1, 0, 0
81949, 610, 1, 0, 0
82049, 630, 1, 0, 0
82150, 460, 1, 0, 0
82250, 660, 1, 0, 0
82350, 510, 1, 0, 0
82450, 640, 1, 0, 0
82550, 640, 1, 0, 0
82650, 650, 1, 0, 0
82749, 656, 1, 0, 0
82849, 530, 1, 0, 0
82949, 660, 1, 0, 0
83050, 480, 1, 0, 0
83150, 530, 1, 0, 0
83250, 620, 1, 0, 0
83350, 610, 1, 0, 0
83450, 620, 1, 0, 0
83550, 580, 1, 0, 0
83650, 600, 1, 0, 0
83749, 646, 1, 0, 0
83849, 580, 1, 0, 0
83949, 420, 1, 0, 0
84050, 650, 1, 0, 0
84150, 550, 1, 0, 0
84249, 656, 1, 0, 0
84349, 760, 1, 0, 0
84449, 720, 1, 0, 0
84549, 620, 1, 0, 0
84649, 630, 1, 0, 0
84749, 750, 1, 0, 0
84849, 650, 1, 0, 0
84949, 560, 1, 0, 0
85050, 650, 1, 0, 0
85150, 540, 1, 0, 0
85249, 616, 1, 0, 0
85349, 600, 1, 0, 0
85449, 680, 1, 0, 0
85549, 530, 1, 0, 0
85649, 610, 1, 0, 0
85750, 640, 1, 0, 0
85850, 600, 1, 0, 0
85950, 720, 1, 0, 0
86050, 480, 1, 0, 0
86150, 460, 1, 0, 0
86249, 646, 1, 0, 0
86349, 580, 1, 0, 0
86449, 670, 1, 0, 0
86549, 590, 1, 0, 0
86649, 560, 1, 0, 0
86750, 550, 1, 0, 0
86850, 670, 1, 0, 0
86950, 630, 1, 0, 0
87050, 690, 1, 0, 0
87150, 510, 1, 0, 0
87249, 656, 1, 0, 0
87349, 660, 1, 0, 0
87449, 650, 1, 0, 0
87549, 590, 1, 0, 0
87649, 660, 1, 0, 0
87749, 500, 1, 0, 0
87850, 620, 1, 0, 0
87950, 560, 1, 0, 0
88050, 680, 1, 0, 0
88150, 520, 1, 0, 0
88249, 616, 1, 0, 0
88349, 660, 1, 0, 0
88449, 550, 1, 0, 0
88549, 570, 1, 0, 0
88649, 630, 1, 0, 0
88750, 680, 1, 0, 0
88850, 690, 1, 0, 0
88950, 640, 1, 0, 0
89050, 680, 1, 0, 0
89150, 450, 1, 0, 0
89249, 646, 1, 0, 0
89349, 540, 1, 0, 0
89449, 570, 1, 0, 0
89549, 660, 1, 0, 0
89649, 510, 1, 0, 0
89750, 550, 1, 0, 0
89850, 700, 1, 0, 0
89950, 650, 1, 0, 0
