100, 8476, 0, 0, 0
104, 15558, 1, 0, 0
200, 17681, 1, 0, 0
202, 8996, 0, 0, 0
302, 8274, 0, 0, 0
302, 15035, 1, 0, 0
400, 8775, 0, 0, 0
408, 15617, 1, 0, 0
500, 8729, 0, 0, 0
503, 13991, 1, 0, 0
600, 8576, 0, 0, 0
605, 14602, 1, 0, 0
700, 8828, 0, 0, 0
703, 16933, 1, 0, 0
800, 8883, 0, 0, 0
801, 16744, 1, 0, 0
902, 9010, 0, 0, 0
906, 16699, 1, 0, 0
1000, 8889, 0, 0, 0
1000, 15771, 1, 0, 0
1100, 16181, 1, 0, 0
1104, 8867, 0, 0, 0
1201, 8683, 0, 0, 0
1205, 14454, 1, 0, 0
1300, 8548, 0, 0, 0
1300, 14663, 1, 0, 0
1400, 8780, 0, 0, 0
1409, 16379, 1, 0, 0
1502, 8646, 0, 0, 0
1502, 15604, 1, 0, 0
1601, 14737, 1, 0, 0
1605, 9043, 0, 0, 0
1701, 15425, 1, 0, 0
1703, 8249, 0, 0, 0
1801, 8348, 0, 0, 0
1802, 15155, 1, 0, 0
1900, 8474, 0, 0, 0
1902, 15518, 1, 0, 0
2000, 8619, 0, 0, 0
2005, 14890, 1, 0, 0
2100, 8900, 0, 0, 0
2101, 14509, 1, 0, 0
2200, 8672, 0, 0, 0
2201, 15881, 1, 0, 0
2300, 8018, 0, 0, 0
2301, 14565, 1, 0, 0
2400, 8730, 0, 0, 0
2403, 15966, 1, 0, 0
2501, 8663, 0, 0, 0
2503, 16042, 1, 0, 0
2605, 8628, 0, 0, 0
2607, 14617, 1, 0, 0
2701, 9268, 0, 0, 0
2705, 17247, 1, 0, 0
2800, 9005, 0, 0, 0
2801, 15054, 1, 0, 0
2900, 8477, 0, 0, 0
2900, 15056, 1, 0, 0
3000, 9185, 0, 0, 0
3001, 15203, 1, 0, 0
3101, 15740, 1, 0, 0
3107, 9029, 0, 0, 0
3201, 8752, 0, 0, 0
3203, 15664, 1, 0, 0
3301, 8416, 0, 0, 0
3301, 14698, 1, 0, 0
3400, 7989, 0, 0, 0
3403, 14617, 1, 0, 0
3501, 9079, 0, 0, 0
3502, 15940, 1, 0, 0
3600, 14767, 1, 0, 0
3602, 8672, 0, 0, 0
3700, 15546, 1, 0, 0
3704, 9254, 0, 0, 0
3801, 15436, 1, 0, 0
3803, 8465, 0, 0, 0
3900, 15017, 1, 0, 0
3904, 8684, 0, 0, 0
4000, 8851, 0, 0, 0
4002, 16125, 1, 0, 0
4100, 8564, 0, 0, 0
4105, 16130, 1, 0, 0
4200, 9006, 0, 0, 0
4204, 14810, 1, 0, 0
4300, 9160, 0, 0, 0
4303, 15477, 1, 0, 0
4400, 15463, 1, 0, 0
4402, 8899, 0, 0, 0
4501, 9052, 0, 0, 0
4503, 15949, 1, 0, 0
4601, 8786, 0, 0, 0
4603, 16346, 1, 0, 0
4700, 8739, 0, 0, 0
4703, 14643, 1, 0, 0
4800, 14364, 1, 0, 0
4802, 8754, 0, 0, 0
4900, 8908, 0, 0, 0
4901, 14765, 1, 0, 0
5000, 14487, 1, 0, 0
5002, 7998, 0, 0, 0
5100, 17027, 1, 0, 0
5102, 8590, 0, 0, 0
5200, 14691, 1, 0, 0
5202, 8601, 0, 0, 0
5300, 14821, 1, 0, 0
5301, 8149, 0, 0, 0
5401, 15239, 1, 0, 0
5404, 8145, 0, 0, 0
5500, 14615, 1, 0, 0
5503, 8147, 0, 0, 0
5600, 8302, 0, 0, 0
5608, 15958, 1, 0, 0
5700, 8392, 0, 0, 0
5704, 15513, 1, 0, 0
5800, 16716, 1, 0, 0
5802, 9235, 0, 0, 0
5902, 8583, 0, 0, 0
5904, 15075, 1, 0, 0
6001, 8414, 0, 0, 0
6009, 16160, 1, 0, 0
6100, 8299, 0, 0, 0
6101, 15446, 1, 0, 0
6200, 8342, 0, 0, 0
6201, 16438, 1, 0, 0
6301, 8489, 0, 0, 0
6303, 15785, 1, 0, 0
6402, 8894, 0, 0, 0
6405, 15033, 1, 0, 0
6500, 8284, 0, 0, 0
6503, 15386, 1, 0, 0
6600, 8763, 0, 0, 0
6601, 15597, 1, 0, 0
6700, 8913, 0, 0, 0
6701, 15162, 1, 0, 0
6800, 8685, 0, 0, 0
6805, 15294, 1, 0, 0
6900, 8863, 0, 0, 0
6901, 14397, 1, 0, 0
7000, 8244, 0, 0, 0
7004, 15108, 1, 0, 0
7100, 16216, 1, 0, 0
7102, 8920, 0, 0, 0
7200, 8456, 0, 0, 0
7200, 15155, 1, 0, 0
7300, 15449, 1, 0, 0
7309, 8622, 0, 0, 0
7401, 8583, 0, 0, 0
7403, 16244, 1, 0, 0
7501, 8434, 0, 0, 0
7503, 16440, 1, 0, 0
7600, 8434, 0, 0, 0
7605, 14891, 1, 0, 0
7701, 9500, 0, 0, 0
7702, 15897, 1, 0, 0
7800, 9147, 0, 0, 0
7805, 16464, 1, 0, 0
7900, 8279, 0, 0, 0
7901, 15665, 1, 0, 0
8000, 8465, 0, 0, 0
8001, 15203, 1, 0, 0
8100, 16392, 1, 0, 0
8105, 8823, 0, 0, 0
8200, 8954, 0, 0, 0
8202, 16454, 1, 0, 0
8300, 8424, 0, 0, 0
8301, 14006, 1, 0, 0
8402, 8923, 0, 0, 0
8409, 15619, 1, 0, 0
8500, 14237, 1, 0, 0
8508, 8043, 0, 0, 0
8602, 14571, 1, 0, 0
8605, 9777, 0, 0, 0
8700, 9119, 0, 0, 0
8701, 14895, 1, 0, 0
8800, 8654, 0, 0, 0
8801, 16111, 1, 0, 0
8900, 8950, 0, 0, 0
8904, 16754, 1, 0, 0
9002, 8716, 0, 0, 0
9006, 14643, 1, 0, 0
9100, 8139, 0, 0, 0
9102, 16195, 1, 0, 0
9200, 8546, 0, 0, 0
9200, 15635, 1, 0, 0
9301, 16220, 1, 0, 0
9306, 9010, 0, 0, 0
9400, 15780, 1, 0, 0
9402, 9316, 0, 0, 0
9501, 8875, 0, 0, 0
9502, 15455, 1, 0, 0
9609, 8931, 0, 0, 0
9610, 15559, 1, 0, 0
9700, 8293, 0, 0, 0
9701, 15800, 1, 0, 0
9801, 14530, 1, 0, 0
9803, 8619, 0, 0, 0
9900, 15193, 1, 0, 0
9902, 9167, 0, 0, 0
10000, 14657, 1, 0, 0
10003, 8795, 0, 0, 0
10100, 8285, 0, 0, 0
10101, 14854, 1, 0, 0
10200, 8657, 0, 0, 0
10206, 17406, 1, 0, 0
10300, 15766, 1, 0, 0
10302, 8166, 0, 0, 0
10400, 8478, 0, 0, 0
10402, 15623, 1, 0, 0
10500, 7992, 0, 0, 0
10505, 15238, 1, 0, 0
10600, 9258, 0, 0, 0
10602, 15871, 1, 0, 0
10712, 9807, 0, 0, 0
10719, 16636, 1, 0, 0
10801, 9321, 0, 0, 0
10802, 15294, 1, 0, 0
10900, 16057, 1, 0, 0
10902, 9689, 0, 0, 0
11000, 8517, 0, 0, 0
11001, 15232, 1, 0, 0
11100, 15730, 1, 0, 0
11104, 8941, 0, 0, 0
11200, 9298, 0, 0, 0
11203, 15408, 1, 0, 0
11301, 15803, 1, 0, 0
11306, 9509, 0, 0, 0
11400, 16080, 1, 0, 0
11404, 8081, 0, 0, 0
11500, 9154, 0, 0, 0
11501, 16502, 1, 0, 0
11601, 10278, 0, 0, 0
11603, 17360, 1, 0, 0
11700, 9210, 0, 0, 0
11705, 16247, 1, 0, 0
11800, 10348, 0, 0, 0
11805, 17545, 1, 0, 0
11934, 10494, 0, 0, 0
11935, 16437, 1, 0, 0
12001, 17633, 1, 0, 0
12003, 8853, 0, 0, 0
12100, 9974, 0, 0, 0
12105, 16900, 1, 0, 0
12201, 16123, 1, 0, 0
12208, 8713, 0, 0, 0
12301, 9252, 0, 0, 0
12304, 15447, 1, 0, 0
12401, 8937, 0, 0, 0
12404, 15304, 1, 0, 0
12502, 15655, 1, 0, 0
12507, 9086, 0, 0, 0
12600, 8836, 0, 0, 0
12603, 16369, 1, 0, 0
12700, 9110, 0, 0, 0
12703, 16231, 1, 0, 0
12802, 17967, 1, 0, 0
12806, 9839, 0, 0, 0
12900, 9569, 0, 0, 0
12905, 15837, 1, 0, 0
13000, 16075, 1, 0, 0
13001, 8844, 0, 0, 0
13100, 16522, 1, 0, 0
13101, 9081, 0, 0, 0
13200, 8783, 0, 0, 0
13201, 17512, 1, 0, 0
13301, 8511, 0, 0, 0
13302, 15744, 1, 0, 0
13401, 15912, 1, 0, 0
13403, 8369, 0, 0, 0
13500, 16580, 1, 0, 0
13503, 9216, 0, 0, 0
13600, 10063, 0, 0, 0
13602, 16393, 1, 0, 0
13700, 9630, 0, 0, 0
13708, 16991, 1, 0, 0
13800, 18637, 1, 0, 0
13805, 9779, 0, 0, 0
13900, 9139, 0, 0, 0
13905, 16543, 1, 0, 0
14001, 16235, 1, 0, 0
14003, 8647, 0, 0, 0
14100, 9029, 0, 0, 0
14105, 14972, 1, 0, 0
14201, 8867, 0, 0, 0
14208, 14532, 1, 0, 0
14300, 8626, 0, 0, 0
14300, 15681, 1, 0, 0
14400, 9279, 0, 0, 0
14402, 16212, 1, 0, 0
14500, 8686, 0, 0, 0
14501, 15365, 1, 0, 0
14600, 8668, 0, 0, 0
14605, 16473, 1, 0, 0
14700, 9082, 0, 0, 0
14702, 15499, 1, 0, 0
14800, 8573, 0, 0, 0
14800, 15177, 1, 0, 0
14901, 8441, 0, 0, 0
14904, 15763, 1, 0, 0
15000, 16433, 1, 0, 0
15004, 9728, 0, 0, 0
15104, 9293, 0, 0, 0
15106, 14211, 1, 0, 0
15200, 9040, 0, 0, 0
15201, 17388, 1, 0, 0
15300, 8502, 0, 0, 0
15304, 15757, 1, 0, 0
15400, 8843, 0, 0, 0
15401, 14810, 1, 0, 0
15500, 8670, 0, 0, 0
15501, 15142, 1, 0, 0
15601, 8241, 0, 0, 0
15603, 14286, 1, 0, 0
15700, 8410, 0, 0, 0
15701, 14563, 1, 0, 0
15801, 14946, 1, 0, 0
15807, 8617, 0, 0, 0
15900, 9060, 0, 0, 0
15902, 16060, 1, 0, 0
16000, 9190, 0, 0, 0
16002, 16037, 1, 0, 0
16100, 9381, 0, 0, 0
16108, 15628, 1, 0, 0
16200, 15506, 1, 0, 0
16203, 8170, 0, 0, 0
16300, 8806, 0, 0, 0
16310, 14933, 1, 0, 0
16400, 15212, 1, 0, 0
16404, 9413, 0, 0, 0
16500, 8499, 0, 0, 0
16501, 15048, 1, 0, 0
16600, 15400, 1, 0, 0
16602, 9268, 0, 0, 0
16700, 9259, 0, 0, 0
16700, 17207, 1, 0, 0
16800, 9202, 0, 0, 0
16803, 16888, 1, 0, 0
16900, 15614, 1, 0, 0
16902, 8744, 0, 0, 0
17001, 8887, 0, 0, 0
17004, 16213, 1, 0, 0
17102, 8908, 0, 0, 0
17105, 15912, 1, 0, 0
17200, 15539, 1, 0, 0
17201, 8635, 0, 0, 0
17301, 8701, 0, 0, 0
17306, 15648, 1, 0, 0
17400, 15494, 1, 0, 0
17402, 8574, 0, 0, 0
17500, 9510, 0, 0, 0
17500, 15025, 1, 0, 0
17600, 8563, 0, 0, 0
17601, 16356, 1, 0, 0
17701, 9025, 0, 0, 0
17704, 15627, 1, 0, 0
17801, 15762, 1, 0, 0
17803, 8583, 0, 0, 0
17900, 8059, 0, 0, 0
17902, 14931, 1, 0, 0
18002, 15439, 1, 0, 0
18004, 8893, 0, 0, 0
18101, 8835, 0, 0, 0
18104, 16676, 1, 0, 0
18201, 9131, 0, 0, 0
18207, 17034, 1, 0, 0
18301, 8405, 0, 0, 0
18303, 16292, 1, 0, 0
18401, 15107, 1, 0, 0
18402, 8829, 0, 0, 0
18501, 9085, 0, 0, 0
18502, 16471, 1, 0, 0
18601, 8680, 0, 0, 0
18604, 16789, 1, 0, 0
18700, 16314, 1, 0, 0
18703, 8450, 0, 0, 0
18800, 8430, 0, 0, 0
18804, 14951, 1, 0, 0
18900, 8519, 0, 0, 0
18902, 16744, 1, 0, 0
19000, 8943, 0, 0, 0
19001, 16137, 1, 0, 0
19100, 8619, 0, 0, 0
19100, 15480, 1, 0, 0
19200, 8084, 0, 0, 0
19204, 15286, 1, 0, 0
19300, 7989, 0, 0, 0
19304, 14308, 1, 0, 0
19400, 14655, 1, 0, 0
19402, 8725, 0, 0, 0
19501, 17004, 1, 0, 0
19505, 9094, 0, 0, 0
19600, 7517, 0, 0, 0
19602, 14484, 1, 0, 0
19700, 9134, 0, 0, 0
19706, 17209, 1, 0, 0
19800, 15155, 1, 0, 0
19803, 8772, 0, 0, 0
19901, 8489, 0, 0, 0
19905, 14678, 1, 0, 0
20001, 16553, 1, 0, 0
20003, 9077, 0, 0, 0
20100, 8336, 0, 0, 0
20101, 15494, 1, 0, 0
20201, 8349, 0, 0, 0
20202, 14727, 1, 0, 0
20300, 14332, 1, 0, 0
20302, 8506, 0, 0, 0
20400, 9170, 0, 0, 0
20403, 15604, 1, 0, 0
20501, 8810, 0, 0, 0
20504, 17388, 1, 0, 0
20600, 8750, 0, 0, 0
20603, 16701, 1, 0, 0
20701, 16836, 1, 0, 0
20703, 8761, 0, 0, 0
20803, 8546, 0, 0, 0
20805, 16520, 1, 0, 0
20900, 8504, 0, 0, 0
20909, 15656, 1, 0, 0
21000, 8493, 0, 0, 0
21003, 15099, 1, 0, 0
21100, 8778, 0, 0, 0
21102, 16046, 1, 0, 0
21200, 8488, 0, 0, 0
21201, 14695, 1, 0, 0
21300, 8557, 0, 0, 0
21300, 15912, 1, 0, 0
21400, 9405, 0, 0, 0
21403, 15716, 1, 0, 0
21501, 9066, 0, 0, 0
21502, 16022, 1, 0, 0
21600, 15468, 1, 0, 0
21607, 8398, 0, 0, 0
21701, 8651, 0, 0, 0
21703, 17528, 1, 0, 0
21800, 16213, 1, 0, 0
21802, 8480, 0, 0, 0
21900, 14477, 1, 0, 0
21902, 8252, 0, 0, 0
22000, 8684, 0, 0, 0
22004, 15384, 1, 0, 0
22100, 18489, 1, 0, 0
22105, 10797, 0, 0, 0
22200, 9521, 0, 0, 0
22201, 18304, 1, 0, 0
22300, 8874, 0, 0, 0
22301, 16018, 1, 0, 0
22400, 8587, 0, 0, 0
22404, 15198, 1, 0, 0
22501, 9076, 0, 0, 0
22503, 16579, 1, 0, 0
22600, 15486, 1, 0, 0
22602, 8566, 0, 0, 0
22700, 8962, 0, 0, 0
22700, 16249, 1, 0, 0
22800, 8690, 0, 0, 0
22801, 14452, 1, 0, 0
22900, 8248, 0, 0, 0
22902, 15372, 1, 0, 0
23000, 14872, 1, 0, 0
23004, 9225, 0, 0, 0
23100, 8012, 0, 0, 0
23101, 15162, 1, 0, 0
23200, 8875, 0, 0, 0
23202, 15518, 1, 0, 0
23300, 9195, 0, 0, 0
23305, 16072, 1, 0, 0
23402, 15966, 1, 0, 0
23407, 9048, 0, 0, 0
23500, 8626, 0, 0, 0
23504, 16237, 1, 0, 0
23601, 16139, 1, 0, 0
23603, 8483, 0, 0, 0
23700, 8682, 0, 0, 0
23702, 16789, 1, 0, 0
23805, 9162, 0, 0, 0
23815, 16413, 1, 0, 0
23900, 8370, 0, 0, 0
23906, 15821, 1, 0, 0
24000, 9154, 0, 0, 0
24004, 16597, 1, 0, 0
24116, 9775, 0, 0, 0
24125, 17812, 1, 0, 0
24200, 9141, 0, 0, 0
24201, 16133, 1, 0, 0
24300, 8871, 0, 0, 0
24301, 13957, 1, 0, 0
24400, 8624, 0, 0, 0
24401, 13590, 1, 0, 0
24501, 8763, 0, 0, 0
24504, 16576, 1, 0, 0
24600, 15433, 1, 0, 0
24602, 8462, 0, 0, 0
24703, 15505, 1, 0, 0
24705, 8728, 0, 0, 0
24801, 9436, 0, 0, 0
24807, 16424, 1, 0, 0
24901, 8658, 0, 0, 0
24904, 15162, 1, 0, 0
25000, 8580, 0, 0, 0
25015, 14578, 1, 0, 0
25100, 16028, 1, 0, 0
25102, 8573, 0, 0, 0
25201, 8513, 0, 0, 0
25202, 16043, 1, 0, 0
25301, 8545, 0, 0, 0
25305, 15516, 1, 0, 0
25400, 16248, 1, 0, 0
25402, 9098, 0, 0, 0
25500, 8299, 0, 0, 0
25504, 14799, 1, 0, 0
25600, 8851, 0, 0, 0
25601, 16569, 1, 0, 0
25700, 8541, 0, 0, 0
25700, 14421, 1, 0, 0
25801, 8914, 0, 0, 0
25804, 15742, 1, 0, 0
25900, 14670, 1, 0, 0
25904, 8535, 0, 0, 0
26000, 8148, 0, 0, 0
26003, 14531, 1, 0, 0
26100, 15281, 1, 0, 0
26102, 8689, 0, 0, 0
26200, 8636, 0, 0, 0
26203, 15795, 1, 0, 0
26300, 8799, 0, 0, 0
26301, 16159, 1, 0, 0
26401, 8409, 0, 0, 0
26403, 13912, 1, 0, 0
26500, 8345, 0, 0, 0
26502, 13652, 1, 0, 0
26601, 9159, 0, 0, 0
26601, 16836, 1, 0, 0
26700, 9393, 0, 0, 0
26702, 16255, 1, 0, 0
26800, 8943, 0, 0, 0
26801, 15469, 1, 0, 0
26900, 9422, 0, 0, 0
26902, 14811, 1, 0, 0
27002, 8007, 0, 0, 0
27004, 14596, 1, 0, 0
27100, 8770, 0, 0, 0
27103, 17350, 1, 0, 0
27200, 8908, 0, 0, 0
27203, 16119, 1, 0, 0
27300, 7795, 0, 0, 0
27302, 14731, 1, 0, 0
27400, 8418, 0, 0, 0
27400, 14695, 1, 0, 0
27500, 15298, 1, 0, 0
27502, 8849, 0, 0, 0
27600, 16830, 1, 0, 0
27602, 9344, 0, 0, 0
27700, 8966, 0, 0, 0
27704, 15239, 1, 0, 0
27801, 8117, 0, 0, 0
27806, 16100, 1, 0, 0
27900, 8034, 0, 0, 0
27903, 15405, 1, 0, 0
28000, 9420, 0, 0, 0
28006, 16198, 1, 0, 0
28100, 9460, 0, 0, 0
28102, 16350, 1, 0, 0
28236, 15749, 1, 0, 0
28238, 8276, 0, 0, 0
28300, 8644, 0, 0, 0
28301, 16988, 1, 0, 0
28400, 9087, 0, 0, 0
28403, 15271, 1, 0, 0
28500, 7923, 0, 0, 0
28505, 15918, 1, 0, 0
28600, 8814, 0, 0, 0
28602, 14388, 1, 0, 0
28700, 8398, 0, 0, 0
28703, 15290, 1, 0, 0
28800, 8357, 0, 0, 0
28801, 16884, 1, 0, 0
28900, 8780, 0, 0, 0
28901, 15828, 1, 0, 0
29000, 9043, 0, 0, 0
29001, 15336, 1, 0, 0
29100, 8894, 0, 0, 0
29109, 16783, 1, 0, 0
29200, 8892, 0, 0, 0
29212, 15878, 1, 0, 0
29300, 9105, 0, 0, 0
29303, 16123, 1, 0, 0
29401, 8776, 0, 0, 0
29408, 16219, 1, 0, 0
29500, 15045, 1, 0, 0
29501, 9041, 0, 0, 0
29600, 8348, 0, 0, 0
29604, 14070, 1, 0, 0
29701, 14168, 1, 0, 0
29705, 8556, 0, 0, 0
29800, 8925, 0, 0, 0
29802, 13779, 1, 0, 0
29901, 8796, 0, 0, 0
29904, 14164, 1, 0, 0
30000, 9151, 0, 0, 0
30002, 15077, 1, 0, 0
30100, 8503, 0, 0, 0
30107, 16099, 1, 0, 0
30202, 8708, 0, 0, 0
30204, 14896, 1, 0, 0
30300, 15284, 1, 0, 0
30304, 8576, 0, 0, 0
30401, 13982, 1, 0, 0
30403, 9063, 0, 0, 0
30500, 8526, 0, 0, 0
30504, 15006, 1, 0, 0
30601, 9034, 0, 0, 0
30603, 15068, 1, 0, 0
30701, 8404, 0, 0, 0
30703, 14688, 1, 0, 0
30801, 8450, 0, 0, 0
30802, 13788, 1, 0, 0
30900, 9441, 0, 0, 0
30901, 14373, 1, 0, 0
31001, 8736, 0, 0, 0
31001, 15947, 1, 0, 0
31100, 14367, 1, 0, 0
31102, 8368, 0, 0, 0
31201, 8651, 0, 0, 0
31205, 15496, 1, 0, 0
31300, 14237, 1, 0, 0
31304, 8135, 0, 0, 0
31400, 8579, 0, 0, 0
31400, 14301, 1, 0, 0
31500, 16224, 1, 0, 0
31504, 8512, 0, 0, 0
31600, 8856, 0, 0, 0
31604, 16971, 1, 0, 0
31701, 8528, 0, 0, 0
31709, 15287, 1, 0, 0
31800, 14829, 1, 0, 0
31802, 8747, 0, 0, 0
31900, 9020, 0, 0, 0
31901, 15649, 1, 0, 0
32000, 8283, 0, 0, 0
32001, 14720, 1, 0, 0
32101, 8541, 0, 0, 0
32102, 14986, 1, 0, 0
32200, 9630, 0, 0, 0
32200, 16037, 1, 0, 0
32300, 9093, 0, 0, 0
32303, 15913, 1, 0, 0
32400, 9429, 0, 0, 0
32401, 17479, 1, 0, 0
32500, 8543, 0, 0, 0
32505, 15560, 1, 0, 0
32600, 8456, 0, 0, 0
32601, 15196, 1, 0, 0
32700, 16614, 1, 0, 0
32702, 8791, 0, 0, 0
32800, 15619, 1, 0, 0
32802, 8818, 0, 0, 0
32900, 8857, 0, 0, 0
32902, 15866, 1, 0, 0
33000, 9958, 0, 0, 0
33001, 15266, 1, 0, 0
33100, 9324, 0, 0, 0
33104, 18634, 1, 0, 0
33200, 15301, 1, 0, 0
33203, 8676, 0, 0, 0
33300, 16191, 1, 0, 0
33302, 9182, 0, 0, 0
33400, 8448, 0, 0, 0
33401, 16712, 1, 0, 0
33500, 15051, 1, 0, 0
33502, 9902, 0, 0, 0
33600, 8706, 0, 0, 0
33604, 15561, 1, 0, 0
33716, 16280, 1, 0, 0
33720, 9343, 0, 0, 0
33821, 6550, 0, 0, 0
33823, 12780, 1, 0, 0
33901, 8754, 0, 0, 0
33904, 15433, 1, 0, 0
34001, 15239, 1, 0, 0
34003, 8665, 0, 0, 0
34100, 9403, 0, 0, 0
34103, 15322, 1, 0, 0
34200, 8952, 0, 0, 0
34204, 15574, 1, 0, 0
34300, 9127, 0, 0, 0
34302, 17125, 1, 0, 0
34400, 8616, 0, 0, 0
34404, 14975, 1, 0, 0
34500, 15120, 1, 0, 0
34502, 8159, 0, 0, 0
34600, 9130, 0, 0, 0
34601, 15289, 1, 0, 0
34700, 8117, 0, 0, 0
34701, 16204, 1, 0, 0
34801, 8972, 0, 0, 0
34803, 15648, 1, 0, 0
34900, 9076, 0, 0, 0
34913, 15816, 1, 0, 0
35000, 16463, 1, 0, 0
35003, 8132, 0, 0, 0
35101, 8589, 0, 0, 0
35105, 14256, 1, 0, 0
35200, 9126, 0, 0, 0
35203, 15665, 1, 0, 0
35300, 8460, 0, 0, 0
35302, 15986, 1, 0, 0
35401, 8859, 0, 0, 0
35402, 15107, 1, 0, 0
35501, 16707, 1, 0, 0
35503, 8263, 0, 0, 0
35600, 18094, 1, 0, 0
35602, 9003, 0, 0, 0
35700, 8689, 0, 0, 0
35702, 17087, 1, 0, 0
35800, 8586, 0, 0, 0
35804, 15944, 1, 0, 0
35902, 8816, 0, 0, 0
35903, 16599, 1, 0, 0
36000, 8752, 0, 0, 0
36002, 14077, 1, 0, 0
36100, 8484, 0, 0, 0
36101, 15837, 1, 0, 0
36201, 14975, 1, 0, 0
36203, 8415, 0, 0, 0
36300, 15286, 1, 0, 0
36306, 8751, 0, 0, 0
36400, 9107, 0, 0, 0
36401, 15878, 1, 0, 0
36501, 8843, 0, 0, 0
36501, 15832, 1, 0, 0
36600, 15187, 1, 0, 0
36604, 8627, 0, 0, 0
36700, 8380, 0, 0, 0
36703, 14651, 1, 0, 0
36800, 8139, 0, 0, 0
36802, 16057, 1, 0, 0
36900, 8367, 0, 0, 0
36905, 15632, 1, 0, 0
37000, 8558, 0, 0, 0
37001, 16191, 1, 0, 0
37101, 8969, 0, 0, 0
37105, 17102, 1, 0, 0
37201, 8496, 0, 0, 0
37206, 15875, 1, 0, 0
37301, 8660, 0, 0, 0
37303, 14870, 1, 0, 0
37400, 8993, 0, 0, 0
37402, 15649, 1, 0, 0
37501, 14917, 1, 0, 0
37503, 8791, 0, 0, 0
37601, 8520, 0, 0, 0
37604, 15549, 1, 0, 0
37701, 8696, 0, 0, 0
37704, 15092, 1, 0, 0
37800, 16222, 1, 0, 0
37806, 8628, 0, 0, 0
37901, 9541, 0, 0, 0
37904, 15346, 1, 0, 0
38001, 9056, 0, 0, 0
38002, 15696, 1, 0, 0
38100, 8525, 0, 0, 0
38102, 15617, 1, 0, 0
38200, 8893, 0, 0, 0
38206, 16805, 1, 0, 0
38300, 9985, 0, 0, 0
38301, 16289, 1, 0, 0
38400, 8676, 0, 0, 0
38402, 15996, 1, 0, 0
38500, 9109, 0, 0, 0
38501, 16561, 1, 0, 0
38600, 8895, 0, 0, 0
38602, 15558, 1, 0, 0
38700, 15954, 1, 0, 0
38701, 9497, 0, 0, 0
38802, 8886, 0, 0, 0
38805, 15618, 1, 0, 0
38900, 15519, 1, 0, 0
38902, 8549, 0, 0, 0
39001, 15430, 1, 0, 0
39002, 7855, 0, 0, 0
39100, 8961, 0, 0, 0
39107, 15428, 1, 0, 0
39201, 9316, 0, 0, 0
39205, 16162, 1, 0, 0
39301, 9122, 0, 0, 0
39303, 15068, 1, 0, 0
39400, 9132, 0, 0, 0
39401, 14840, 1, 0, 0
39500, 9346, 0, 0, 0
39501, 15646, 1, 0, 0
39601, 8793, 0, 0, 0
39609, 14903, 1, 0, 0
39701, 15137, 1, 0, 0
39703, 8317, 0, 0, 0
39800, 8932, 0, 0, 0
39801, 14075, 1, 0, 0
39900, 9486, 0, 0, 0
39901, 15865, 1, 0, 0
40000, 8078, 0, 0, 0
40003, 13709, 1, 0, 0
40100, 9502, 0, 0, 0
40101, 15223, 1, 0, 0
40201, 8914, 0, 0, 0
40202, 15526, 1, 0, 0
40301, 9492, 0, 0, 0
40301, 15806, 1, 0, 0
40400, 9664, 0, 0, 0
40401, 15842, 1, 0, 0
40500, 9124, 0, 0, 0
40503, 14869, 1, 0, 0
40601, 16448, 1, 0, 0
40608, 8992, 0, 0, 0
40700, 15645, 1, 0, 0
40702, 8854, 0, 0, 0
40800, 16041, 1, 0, 0
40804, 9282, 0, 0, 0
40901, 8367, 0, 0, 0
40904, 16775, 1, 0, 0
41001, 8632, 0, 0, 0
41004, 15425, 1, 0, 0
41100, 8255, 0, 0, 0
41104, 16046, 1, 0, 0
41201, 8630, 0, 0, 0
41206, 16864, 1, 0, 0
41301, 15996, 1, 0, 0
41308, 8365, 0, 0, 0
41400, 8746, 0, 0, 0
41404, 16036, 1, 0, 0
41500, 8406, 0, 0, 0
41501, 15810, 1, 0, 0
41600, 9014, 0, 0, 0
41600, 16573, 1, 0, 0
41702, 9274, 0, 0, 0
41703, 16303, 1, 0, 0
41801, 8789, 0, 0, 0
41805, 14463, 1, 0, 0
41900, 8827, 0, 0, 0
41900, 14672, 1, 0, 0
42000, 16050, 1, 0, 0
42002, 9288, 0, 0, 0
42100, 8548, 0, 0, 0
42102, 13797, 1, 0, 0
42200, 15081, 1, 0, 0
42201, 8125, 0, 0, 0
42301, 15217, 1, 0, 0
42302, 8640, 0, 0, 0
42400, 8940, 0, 0, 0
42401, 15855, 1, 0, 0
42500, 8901, 0, 0, 0
42502, 14879, 1, 0, 0
42600, 8691, 0, 0, 0
42602, 16879, 1, 0, 0
42700, 8346, 0, 0, 0
42702, 16059, 1, 0, 0
42800, 15014, 1, 0, 0
42804, 8908, 0, 0, 0
42900, 9214, 0, 0, 0
42903, 15710, 1, 0, 0
43001, 8975, 0, 0, 0
43018, 16181, 1, 0, 0
43100, 9512, 0, 0, 0
43107, 18364, 1, 0, 0
43201, 8946, 0, 0, 0
43202, 17175, 1, 0, 0
43300, 15161, 1, 0, 0
43308, 8994, 0, 0, 0
43400, 8410, 0, 0, 0
43400, 15582, 1, 0, 0
43500, 15902, 1, 0, 0
43502, 8639, 0, 0, 0
43600, 7985, 0, 0, 0
43601, 15106, 1, 0, 0
43700, 15016, 1, 0, 0
43702, 8918, 0, 0, 0
43800, 15044, 1, 0, 0
43803, 8394, 0, 0, 0
43900, 8812, 0, 0, 0
43901, 16779, 1, 0, 0
44000, 9031, 0, 0, 0
44001, 15317, 1, 0, 0
44100, 9261, 0, 0, 0
44101, 15225, 1, 0, 0
44200, 8440, 0, 0, 0
44203, 15637, 1, 0, 0
44300, 9055, 0, 0, 0
44300, 15618, 1, 0, 0
44400, 9010, 0, 0, 0
44402, 14711, 1, 0, 0
44500, 15564, 1, 0, 0
44505, 8835, 0, 0, 0
44601, 8645, 0, 0, 0
44605, 15873, 1, 0, 0
44700, 17175, 1, 0, 0
44702, 9079, 0, 0, 0
44800, 8504, 0, 0, 0
44803, 16414, 1, 0, 0
44901, 8867, 0, 0, 0
44902, 15796, 1, 0, 0
45002, 9031, 0, 0, 0
45004, 17451, 1, 0, 0
45100, 15566, 1, 0, 0
45102, 8713, 0, 0, 0
45200, 9027, 0, 0, 0
45203, 15764, 1, 0, 0
45301, 15223, 1, 0, 0
45303, 9287, 0, 0, 0
45400, 15860, 1, 0, 0
45402, 8525, 0, 0, 0
45501, 8665, 0, 0, 0
45503, 16422, 1, 0, 0
45601, 8738, 0, 0, 0
45603, 15791, 1, 0, 0
45700, 16627, 1, 0, 0
45702, 9395, 0, 0, 0
45802, 17076, 1, 0, 0
45812, 8959, 0, 0, 0
45900, 17931, 1, 0, 0
45902, 8839, 0, 0, 0
46000, 9534, 0, 0, 0
46009, 15380, 1, 0, 0
46101, 16670, 1, 0, 0
46103, 9120, 0, 0, 0
46200, 15521, 1, 0, 0
46203, 8613, 0, 0, 0
46300, 9943, 0, 0, 0
46304, 16280, 1, 0, 0
46400, 9466, 0, 0, 0
46401, 16716, 1, 0, 0
46501, 16177, 1, 0, 0
46502, 9452, 0, 0, 0
46600, 15839, 1, 0, 0
46601, 9049, 0, 0, 0
46700, 8860, 0, 0, 0
46701, 17484, 1, 0, 0
46800, 18134, 1, 0, 0
46802, 10281, 0, 0, 0
46901, 10549, 0, 0, 0
46903, 17042, 1, 0, 0
47000, 18243, 1, 0, 0
47004, 9967, 0, 0, 0
47100, 9069, 0, 0, 0
47101, 15367, 1, 0, 0
47200, 9818, 0, 0, 0
47203, 15538, 1, 0, 0
47300, 10740, 0, 0, 0
47303, 17742, 1, 0, 0
47400, 9472, 0, 0, 0
47403, 17050, 1, 0, 0
47500, 9099, 0, 0, 0
47501, 16395, 1, 0, 0
47600, 9272, 0, 0, 0
47606, 18121, 1, 0, 0
47700, 16676, 1, 0, 0
47702, 8985, 0, 0, 0
47800, 9448, 0, 0, 0
47802, 15957, 1, 0, 0
47900, 19514, 1, 0, 0
47903, 9253, 0, 0, 0
48000, 8537, 0, 0, 0
48002, 17037, 1, 0, 0
48100, 8881, 0, 0, 0
48101, 16329, 1, 0, 0
48200, 9316, 0, 0, 0
48202, 16439, 1, 0, 0
48300, 8894, 0, 0, 0
48303, 14340, 1, 0, 0
48400, 15765, 1, 0, 0
48402, 8303, 0, 0, 0
48500, 8206, 0, 0, 0
48505, 15955, 1, 0, 0
48600, 8552, 0, 0, 0
48603, 14979, 1, 0, 0
48700, 9418, 0, 0, 0
48701, 17930, 1, 0, 0
48800, 8951, 0, 0, 0
48802, 15955, 1, 0, 0
48900, 8969, 0, 0, 0
48901, 15237, 1, 0, 0
49000, 16413, 1, 0, 0
49002, 8543, 0, 0, 0
49100, 9087, 0, 0, 0
49111, 14034, 1, 0, 0
49200, 8116, 0, 0, 0
49201, 14647, 1, 0, 0
49301, 8126, 0, 0, 0
49307, 13892, 1, 0, 0
49401, 16483, 1, 0, 0
49407, 8755, 0, 0, 0
49501, 9943, 0, 0, 0
49502, 14450, 1, 0, 0
49600, 9500, 0, 0, 0
49601, 17608, 1, 0, 0
49700, 9369, 0, 0, 0
49702, 17727, 1, 0, 0
49800, 9588, 0, 0, 0
49807, 17010, 1, 0, 0
49900, 9455, 0, 0, 0
49901, 16948, 1, 0, 0
50000, 9652, 0, 0, 0
50001, 16544, 1, 0, 0
50101, 9272, 0, 0, 0
50104, 15317, 1, 0, 0
50201, 15155, 1, 0, 0
50206, 9463, 0, 0, 0
50300, 15539, 1, 0, 0
50303, 9848, 0, 0, 0
50400, 17318, 1, 0, 0
50402, 9631, 0, 0, 0
50500, 8482, 0, 0, 0
50502, 17847, 1, 0, 0
50600, 15832, 1, 0, 0
50601, 8388, 0, 0, 0
50700, 10528, 0, 0, 0
50703, 16556, 1, 0, 0
50800, 8902, 0, 0, 0
50801, 17601, 1, 0, 0
50900, 8979, 0, 0, 0
50901, 16863, 1, 0, 0
51002, 15390, 1, 0, 0
51007, 8523, 0, 0, 0
51100, 9583, 0, 0, 0
51107, 16811, 1, 0, 0
51200, 16917, 1, 0, 0
51201, 9429, 0, 0, 0
51302, 9801, 0, 0, 0
51304, 16539, 1, 0, 0
51400, 16413, 1, 0, 0
51402, 9110, 0, 0, 0
51500, 9254, 0, 0, 0
51510, 14816, 1, 0, 0
51600, 9256, 0, 0, 0
51601, 17033, 1, 0, 0
51700, 9737, 0, 0, 0
51704, 16352, 1, 0, 0
51800, 8559, 0, 0, 0
51802, 15373, 1, 0, 0
51901, 9069, 0, 0, 0
51902, 17165, 1, 0, 0
52000, 9133, 0, 0, 0
52003, 18193, 1, 0, 0
52100, 14676, 1, 0, 0
52105, 8999, 0, 0, 0
52200, 10075, 0, 0, 0
52203, 18097, 1, 0, 0
52300, 16982, 1, 0, 0
52307, 9406, 0, 0, 0
52402, 14915, 1, 0, 0
52404, 8162, 0, 0, 0
52501, 15732, 1, 0, 0
52503, 9253, 0, 0, 0
52600, 9073, 0, 0, 0
52608, 15014, 1, 0, 0
52700, 8916, 0, 0, 0
52704, 15913, 1, 0, 0
52801, 9858, 0, 0, 0
52803, 16248, 1, 0, 0
52901, 8994, 0, 0, 0
52902, 15673, 1, 0, 0
53001, 9170, 0, 0, 0
53004, 16814, 1, 0, 0
53100, 8928, 0, 0, 0
53103, 17600, 1, 0, 0
53200, 8853, 0, 0, 0
53201, 17008, 1, 0, 0
53300, 8894, 0, 0, 0
53301, 15949, 1, 0, 0
53400, 15095, 1, 0, 0
53405, 9800, 0, 0, 0
53500, 8772, 0, 0, 0
53502, 15949, 1, 0, 0
53600, 8823, 0, 0, 0
53610, 16978, 1, 0, 0
53701, 16640, 1, 0, 0
53702, 8743, 0, 0, 0
53800, 8310, 0, 0, 0
53801, 14593, 1, 0, 0
53901, 16350, 1, 0, 0
53904, 9518, 0, 0, 0
54000, 16256, 1, 0, 0
54002, 8992, 0, 0, 0
54101, 8374, 0, 0, 0
54108, 15483, 1, 0, 0
54201, 9408, 0, 0, 0
54203, 17731, 1, 0, 0
54300, 9155, 0, 0, 0
54301, 14818, 1, 0, 0
54400, 8304, 0, 0, 0
54403, 17081, 1, 0, 0
54500, 8195, 0, 0, 0
54502, 14799, 1, 0, 0
54600, 15054, 1, 0, 0
54602, 8776, 0, 0, 0
54701, 9170, 0, 0, 0
54703, 15737, 1, 0, 0
54800, 9821, 0, 0, 0
54802, 18015, 1, 0, 0
54900, 15449, 1, 0, 0
54902, 8893, 0, 0, 0
55000, 9238, 0, 0, 0
55001, 15131, 1, 0, 0
55101, 8589, 0, 0, 0
55102, 14434, 1, 0, 0
55200, 8986, 0, 0, 0
55201, 15711, 1, 0, 0
55300, 8244, 0, 0, 0
55303, 17272, 1, 0, 0
55400, 16972, 1, 0, 0
55402, 9674, 0, 0, 0
55501, 8644, 0, 0, 0
55503, 16433, 1, 0, 0
55600, 15046, 1, 0, 0
55604, 9604, 0, 0, 0
55701, 8991, 0, 0, 0
55708, 16360, 1, 0, 0
55800, 15572, 1, 0, 0
55802, 8607, 0, 0, 0
55900, 9527, 0, 0, 0
55901, 17020, 1, 0, 0
56000, 8040, 0, 0, 0
56001, 14650, 1, 0, 0
56101, 14994, 1, 0, 0
56105, 8351, 0, 0, 0
56201, 8422, 0, 0, 0
56205, 15989, 1, 0, 0
56300, 17012, 1, 0, 0
56302, 9478, 0, 0, 0
56400, 8958, 0, 0, 0
56403, 17219, 1, 0, 0
56502, 8664, 0, 0, 0
56503, 15929, 1, 0, 0
56600, 8871, 0, 0, 0
56601, 16797, 1, 0, 0
56701, 8709, 0, 0, 0
56702, 17367, 1, 0, 0
56800, 9102, 0, 0, 0
56802, 14790, 1, 0, 0
56900, 9335, 0, 0, 0
56901, 16968, 1, 0, 0
57001, 9501, 0, 0, 0
57004, 15128, 1, 0, 0
57100, 16676, 1, 0, 0
57102, 9172, 0, 0, 0
57200, 8749, 0, 0, 0
57201, 16713, 1, 0, 0
57300, 8376, 0, 0, 0
57301, 16093, 1, 0, 0
57400, 9096, 0, 0, 0
57403, 16751, 1, 0, 0
57500, 9235, 0, 0, 0
57501, 15483, 1, 0, 0
57602, 15788, 1, 0, 0
57605, 9740, 0, 0, 0
57700, 10184, 0, 0, 0
57702, 15290, 1, 0, 0
57801, 9314, 0, 0, 0
57804, 16916, 1, 0, 0
57900, 8504, 0, 0, 0
57905, 15653, 1, 0, 0
58000, 9378, 0, 0, 0
58001, 17594, 1, 0, 0
58100, 9611, 0, 0, 0
58105, 16899, 1, 0, 0
58200, 8795, 0, 0, 0
58211, 15365, 1, 0, 0
58300, 16387, 1, 0, 0
58304, 9260, 0, 0, 0
58402, 8995, 0, 0, 0
58403, 16145, 1, 0, 0
58500, 9125, 0, 0, 0
58503, 15381, 1, 0, 0
58600, 9841, 0, 0, 0
58605, 15570, 1, 0, 0
58700, 15779, 1, 0, 0
58702, 8845, 0, 0, 0
58801, 14914, 1, 0, 0
58804, 9076, 0, 0, 0
58924, 8575, 0, 0, 0
58980, 14755, 1, 0, 0
59000, 7528, 0, 0, 0
59001, 14876, 1, 0, 0
59100, 18595, 1, 0, 0
59102, 8341, 0, 0, 0
59200, 8609, 0, 0, 0
59205, 16208, 1, 0, 0
59300, 8573, 0, 0, 0
59303, 16281, 1, 0, 0
59400, 8916, 0, 0, 0
59401, 15491, 1, 0, 0
59501, 8849, 0, 0, 0
59503, 17961, 1, 0, 0
59600, 9846, 0, 0, 0
59602, 15784, 1, 0, 0
59700, 16042, 1, 0, 0
59702, 8823, 0, 0, 0
59802, 16263, 1, 0, 0
59804, 8539, 0, 0, 0
59902, 8788, 0, 0, 0
59903, 15744, 1, 0, 0
60000, 14697, 1, 0, 0
60002, 8069, 0, 0, 0
60100, 8846, 0, 0, 0
60102, 16149, 1, 0, 0
60201, 8843, 0, 0, 0
60205, 15698, 1, 0, 0
60300, 8372, 0, 0, 0
60301, 15933, 1, 0, 0
60401, 9217, 0, 0, 0
60403, 13621, 1, 0, 0
60500, 8394, 0, 0, 0
60501, 15171, 1, 0, 0
60602, 9232, 0, 0, 0
60604, 14535, 1, 0, 0
60700, 17205, 1, 0, 0
60706, 8564, 0, 0, 0
60807, 16289, 1, 0, 0
60809, 8641, 0, 0, 0
60900, 16216, 1, 0, 0
60902, 9007, 0, 0, 0
61000, 8645, 0, 0, 0
61005, 15277, 1, 0, 0
61101, 9345, 0, 0, 0
61103, 16337, 1, 0, 0
61200, 9866, 0, 0, 0
61201, 15100, 1, 0, 0
61300, 8365, 0, 0, 0
61305, 15168, 1, 0, 0
61401, 9279, 0, 0, 0
61403, 16628, 1, 0, 0
61500, 17294, 1, 0, 0
61502, 9962, 0, 0, 0
61600, 8608, 0, 0, 0
61602, 16232, 1, 0, 0
61700, 8567, 0, 0, 0
61701, 15812, 1, 0, 0
61800, 15883, 1, 0, 0
61801, 8936, 0, 0, 0
61900, 8437, 0, 0, 0
61902, 15302, 1, 0, 0
62001, 15007, 1, 0, 0
62005, 8632, 0, 0, 0
62100, 8626, 0, 0, 0
62101, 14204, 1, 0, 0
62201, 8988, 0, 0, 0
62203, 14619, 1, 0, 0
62300, 8440, 0, 0, 0
62302, 13583, 1, 0, 0
62400, 8735, 0, 0, 0
62403, 14361, 1, 0, 0
62500, 8429, 0, 0, 0
62501, 14441, 1, 0, 0
62600, 15707, 1, 0, 0
62602, 8942, 0, 0, 0
62700, 8789, 0, 0, 0
62706, 16502, 1, 0, 0
62800, 8632, 0, 0, 0
62802, 15405, 1, 0, 0
62900, 14726, 1, 0, 0
62905, 8642, 0, 0, 0
63001, 8942, 0, 0, 0
63003, 16143, 1, 0, 0
63100, 8552, 0, 0, 0
63101, 15882, 1, 0, 0
63200, 9174, 0, 0, 0
63203, 17914, 1, 0, 0
63300, 8741, 0, 0, 0
63307, 15376, 1, 0, 0
63401, 8247, 0, 0, 0
63402, 14573, 1, 0, 0
63500, 8582, 0, 0, 0
63501, 15634, 1, 0, 0
63600, 14804, 1, 0, 0
63602, 8587, 0, 0, 0
63700, 8683, 0, 0, 0
63713, 16474, 1, 0, 0
63800, 8379, 0, 0, 0
63810, 15145, 1, 0, 0
63919, 9103, 0, 0, 0
63921, 15519, 1, 0, 0
64001, 14440, 1, 0, 0
64003, 9079, 0, 0, 0
64101, 14159, 1, 0, 0
64105, 7998, 0, 0, 0
64200, 14372, 1, 0, 0
64202, 8800, 0, 0, 0
64300, 9174, 0, 0, 0
64307, 15902, 1, 0, 0
64401, 8705, 0, 0, 0
64404, 15385, 1, 0, 0
64500, 8604, 0, 0, 0
64504, 15991, 1, 0, 0
64601, 8889, 0, 0, 0
64605, 14951, 1, 0, 0
64700, 8571, 0, 0, 0
64701, 16068, 1, 0, 0
64800, 15937, 1, 0, 0
64804, 8776, 0, 0, 0
64904, 8283, 0, 0, 0
64905, 17311, 1, 0, 0
65000, 8220, 0, 0, 0
65004, 16863, 1, 0, 0
65100, 9002, 0, 0, 0
65105, 18567, 1, 0, 0
65200, 17201, 1, 0, 0
65205, 9029, 0, 0, 0
65301, 15809, 1, 0, 0
65303, 8332, 0, 0, 0
65400, 8615, 0, 0, 0
65404, 17047, 1, 0, 0
65500, 18247, 1, 0, 0
65502, 8644, 0, 0, 0
65600, 15761, 1, 0, 0
65603, 8787, 0, 0, 0
65802, 8627, 0, 0, 0
65812, 19215, 1, 0, 0
65934, 19835, 1, 0, 0
65940, 7320, 0, 0, 0
66000, 9242, 0, 0, 0
66011, 16032, 1, 0, 0
66100, 9231, 0, 0, 0
66102, 16372, 1, 0, 0
66201, 16763, 1, 0, 0
66204, 8460, 0, 0, 0
66300, 10012, 0, 0, 0
66303, 16355, 1, 0, 0
66400, 8960, 0, 0, 0
66402, 15127, 1, 0, 0
66513, 15156, 1, 0, 0
66515, 8982, 0, 0, 0
66600, 8665, 0, 0, 0
66610, 15016, 1, 0, 0
66700, 9665, 0, 0, 0
66702, 16863, 1, 0, 0
66801, 8788, 0, 0, 0
66803, 17526, 1, 0, 0
66900, 16061, 1, 0, 0
66902, 9166, 0, 0, 0
67000, 8937, 0, 0, 0
67001, 16934, 1, 0, 0
67100, 8450, 0, 0, 0
67101, 16890, 1, 0, 0
67200, 9366, 0, 0, 0
67203, 17351, 1, 0, 0
67300, 17169, 1, 0, 0
67308, 8916, 0, 0, 0
67401, 17444, 1, 0, 0
67405, 9849, 0, 0, 0
67500, 9030, 0, 0, 0
67501, 14790, 1, 0, 0
67600, 8954, 0, 0, 0
67604, 15089, 1, 0, 0
67701, 14893, 1, 0, 0
67703, 9117, 0, 0, 0
67800, 16738, 1, 0, 0
67803, 8607, 0, 0, 0
67902, 8787, 0, 0, 0
67905, 14806, 1, 0, 0
68000, 9004, 0, 0, 0
68004, 15995, 1, 0, 0
68100, 9015, 0, 0, 0
68104, 16253, 1, 0, 0
68200, 9075, 0, 0, 0
68202, 16485, 1, 0, 0
68300, 8152, 0, 0, 0
68302, 15093, 1, 0, 0
68401, 9288, 0, 0, 0
68403, 16486, 1, 0, 0
68500, 17561, 1, 0, 0
68503, 9158, 0, 0, 0
68600, 9097, 0, 0, 0
68607, 15471, 1, 0, 0
68700, 9419, 0, 0, 0
68705, 15441, 1, 0, 0
68800, 8590, 0, 0, 0
68801, 14278, 1, 0, 0
68901, 8632, 0, 0, 0
68902, 15579, 1, 0, 0
69001, 14933, 1, 0, 0
69003, 9516, 0, 0, 0
69101, 9164, 0, 0, 0
69107, 16792, 1, 0, 0
69200, 8436, 0, 0, 0
69202, 18047, 1, 0, 0
69300, 15916, 1, 0, 0
69302, 8383, 0, 0, 0
69400, 9549, 0, 0, 0
69412, 18049, 1, 0, 0
69500, 17727, 1, 0, 0
69502, 8831, 0, 0, 0
69600, 9482, 0, 0, 0
69613, 15643, 1, 0, 0
69700, 15078, 1, 0, 0
69702, 8337, 0, 0, 0
69800, 9066, 0, 0, 0
69804, 16727, 1, 0, 0
69932, 10674, 0, 0, 0
69993, 16424, 1, 0, 0
70042, 9051, 0, 0, 0
70044, 18082, 1, 0, 0
70103, 9913, 0, 0, 0
70104, 15127, 1, 0, 0
70200, 17597, 1, 0, 0
70205, 8328, 0, 0, 0
70302, 8948, 0, 0, 0
70306, 15573, 1, 0, 0
70400, 18006, 1, 0, 0
70405, 8250, 0, 0, 0
70502, 8438, 0, 0, 0
70503, 15581, 1, 0, 0
70600, 8835, 0, 0, 0
70609, 16754, 1, 0, 0
71148, 9841, 0, 0, 0
71186, 15434, 1, 0, 0
71433, 12804, 0, 0, 0
71436, 10078, 1, 0, 0
71577, 22852, 1, 0, 0
71579, 5873, 0, 0, 0
71648, 16398, 1, 0, 0
71651, 7499, 0, 0, 0
71763, 17284, 1, 0, 0
71789, 7567, 0, 0, 0
71800, 7850, 0, 0, 0
71801, 18625, 1, 0, 0
71900, 8356, 0, 0, 0
71902, 16660, 1, 0, 0
72000, 9286, 0, 0, 0
72002, 17065, 1, 0, 0
72101, 9302, 0, 0, 0
72103, 16019, 1, 0, 0
72202, 16931, 1, 0, 0
72209, 8095, 0, 0, 0
72300, 8758, 0, 0, 0
72304, 15584, 1, 0, 0
72401, 16247, 1, 0, 0
72405, 8852, 0, 0, 0
72501, 9055, 0, 0, 0
72504, 15222, 1, 0, 0
72600, 14664, 1, 0, 0
72603, 8846, 0, 0, 0
72701, 14922, 1, 0, 0
72703, 8501, 0, 0, 0
72800, 9009, 0, 0, 0
72801, 15347, 1, 0, 0
72900, 8873, 0, 0, 0
72901, 15765, 1, 0, 0
73000, 17645, 1, 0, 0
73007, 9578, 0, 0, 0
73100, 16927, 1, 0, 0
73107, 9710, 0, 0, 0
73200, 17843, 1, 0, 0
73203, 9138, 0, 0, 0
73301, 9039, 0, 0, 0
73304, 16203, 1, 0, 0
73401, 15973, 1, 0, 0
73403, 9114, 0, 0, 0
73502, 8533, 0, 0, 0
73510, 14929, 1, 0, 0
73600, 16365, 1, 0, 0
73602, 8965, 0, 0, 0
73700, 8856, 0, 0, 0
73705, 16138, 1, 0, 0
73800, 9055, 0, 0, 0
73800, 14158, 1, 0, 0
73901, 8421, 0, 0, 0
73908, 16112, 1, 0, 0
74000, 8617, 0, 0, 0
74006, 15486, 1, 0, 0
74100, 9198, 0, 0, 0
74103, 15182, 1, 0, 0
74200, 8740, 0, 0, 0
74204, 15369, 1, 0, 0
74302, 8354, 0, 0, 0
74303, 15128, 1, 0, 0
74400, 8780, 0, 0, 0
74403, 15920, 1, 0, 0
74501, 8753, 0, 0, 0
74505, 16093, 1, 0, 0
74600, 9204, 0, 0, 0
74601, 16111, 1, 0, 0
74700, 8908, 0, 0, 0
74705, 17161, 1, 0, 0
74844, 15556, 1, 0, 0
74849, 8660, 0, 0, 0
74900, 16184, 1, 0, 0
75066, 16906, 1, 0, 0
75159, 32244, 1, 0, 0
75163, 8265, 0, 0, 0
75222, 7032, 0, 0, 0
75227, 14714, 1, 0, 0
75300, 8783, 0, 0, 0
75306, 16037, 1, 0, 0
75400, 8568, 0, 0, 0
75404, 18264, 1, 0, 0
75501, 8862, 0, 0, 0
75502, 16082, 1, 0, 0
75600, 13933, 1, 0, 0
75602, 8673, 0, 0, 0
75701, 8683, 0, 0, 0
75823, 17062, 1, 0, 0
75894, 10497, 0, 0, 0
75914, 7465, 0, 0, 0
75928, 12008, 1, 0, 0
76001, 6855, 0, 0, 0
76100, 24025, 0, 0, 0
76102, 14131, 1, 0, 0
76200, 14715, 1, 0, 0
76202, 8863, 0, 0, 0
76300, 15828, 1, 0, 0
76303, 9234, 0, 0, 0
76400, 8474, 0, 0, 0
76403, 16108, 1, 0, 0
76500, 14906, 1, 0, 0
76504, 8272, 0, 0, 0
76600, 8385, 0, 0, 0
76603, 15815, 1, 0, 0
76700, 10038, 0, 0, 0
76701, 14877, 1, 0, 0
76800, 8960, 0, 0, 0
76802, 16026, 1, 0, 0
76901, 8440, 0, 0, 0
76903, 16283, 1, 0, 0
77001, 16773, 1, 0, 0
77004, 9543, 0, 0, 0
77100, 9619, 0, 0, 0
77101, 17253, 1, 0, 0
77200, 9730, 0, 0, 0
77206, 17356, 1, 0, 0
77301, 19100, 1, 0, 0
77304, 9688, 0, 0, 0
77400, 9580, 0, 0, 0
77411, 17248, 1, 0, 0
77501, 9824, 0, 0, 0
77505, 18623, 1, 0, 0
77603, 10021, 0, 0, 0
77607, 17249, 1, 0, 0
77700, 9022, 0, 0, 0
77707, 16490, 1, 0, 0
77801, 15628, 1, 0, 0
77805, 9505, 0, 0, 0
77902, 16818, 1, 0, 0
77903, 10100, 0, 0, 0
78002, 9341, 0, 0, 0
78004, 17375, 1, 0, 0
78101, 17796, 1, 0, 0
78103, 9250, 0, 0, 0
78201, 10706, 0, 0, 0
78203, 17546, 1, 0, 0
78300, 8892, 0, 0, 0
78309, 15016, 1, 0, 0
78400, 8695, 0, 0, 0
78409, 16659, 1, 0, 0
78501, 8296, 0, 0, 0
78507, 15697, 1, 0, 0
78600, 14817, 1, 0, 0
78602, 8476, 0, 0, 0
78701, 15746, 1, 0, 0
78706, 9500, 0, 0, 0
78801, 14919, 1, 0, 0
78803, 8959, 0, 0, 0
78900, 16445, 1, 0, 0
78906, 8067, 0, 0, 0
79008, 8558, 0, 0, 0
79009, 16302, 1, 0, 0
79125, 8476, 0, 0, 0
79129, 21013, 1, 0, 0
79200, 9039, 0, 0, 0
79207, 17456, 1, 0, 0
79301, 15874, 1, 0, 0
79304, 8317, 0, 0, 0
79400, 8358, 0, 0, 0
79401, 14909, 1, 0, 0
79500, 8281, 0, 0, 0
79504, 15845, 1, 0, 0
79603, 8163, 0, 0, 0
79607, 16458, 1, 0, 0
79701, 16298, 1, 0, 0
79710, 8887, 0, 0, 0
79801, 16959, 1, 0, 0
79803, 10014, 0, 0, 0
79900, 9730, 0, 0, 0
79901, 16091, 1, 0, 0
80000, 14436, 1, 0, 0
80002, 9126, 0, 0, 0
80101, 9251, 0, 0, 0
80102, 15372, 1, 0, 0
80201, 16604, 1, 0, 0
80204, 8943, 0, 0, 0
80300, 8984, 0, 0, 0
80301, 15064, 1, 0, 0
80400, 10128, 0, 0, 0
80444, 18062, 1, 0, 0
80500, 8878, 0, 0, 0
80501, 16850, 1, 0, 0
80600, 9041, 0, 0, 0
80604, 16655, 1, 0, 0
80701, 8501, 0, 0, 0
80702, 16335, 1, 0, 0
80800, 17954, 1, 0, 0
80809, 9056, 0, 0, 0
80900, 9499, 0, 0, 0
80901, 16005, 1, 0, 0
81001, 8869, 0, 0, 0
81008, 17278, 1, 0, 0
81100, 9652, 0, 0, 0
81102, 18581, 1, 0, 0
81200, 8619, 0, 0, 0
81207, 14697, 1, 0, 0
81300, 8718, 0, 0, 0
81308, 14709, 1, 0, 0
81400, 8927, 0, 0, 0
81403, 17655, 1, 0, 0
81502, 16206, 1, 0, 0
81504, 9267, 0, 0, 0
81600, 16429, 1, 0, 0
81605, 8746, 0, 0, 0
81702, 9130, 0, 0, 0
81705, 17255, 1, 0, 0
81800, 8914, 0, 0, 0
81802, 15555, 1, 0, 0
81900, 8446, 0, 0, 0
81901, 16719, 1, 0, 0
82000, 7984, 0, 0, 0
82001, 16101, 1, 0, 0
82101, 8413, 0, 0, 0
82114, 16519, 1, 0, 0
82201, 8499, 0, 0, 0
82203, 15191, 1, 0, 0
82301, 16902, 1, 0, 0
82304, 8318, 0, 0, 0
82400, 8685, 0, 0, 0
82408, 15648, 1, 0, 0
82501, 8549, 0, 0, 0
82503, 16300, 1, 0, 0
82601, 8408, 0, 0, 0
82602, 14343, 1, 0, 0
82700, 15518, 1, 0, 0
82709, 8666, 0, 0, 0
82800, 15601, 1, 0, 0
82803, 8663, 0, 0, 0
82902, 8915, 0, 0, 0
82909, 13594, 1, 0, 0
83000, 8677, 0, 0, 0
83001, 15437, 1, 0, 0
83100, 8186, 0, 0, 0
83103, 15120, 1, 0, 0
83201, 14335, 1, 0, 0
83212, 8358, 0, 0, 0
83300, 8766, 0, 0, 0
83307, 15989, 1, 0, 0
83402, 15955, 1, 0, 0
83407, 8646, 0, 0, 0
83502, 9041, 0, 0, 0
83503, 16208, 1, 0, 0
83601, 16081, 1, 0, 0
83610, 8786, 0, 0, 0
83700, 8674, 0, 0, 0
83704, 18767, 1, 0, 0
83800, 16234, 1, 0, 0
83805, 9438, 0, 0, 0
83900, 8530, 0, 0, 0
83901, 14641, 1, 0, 0
84001, 8910, 0, 0, 0
84002, 14236, 1, 0, 0
84100, 9348, 0, 0, 0
84105, 15463, 1, 0, 0
84201, 8311, 0, 0, 0
84203, 14818, 1, 0, 0
84300, 8906, 0, 0, 0
84302, 14996, 1, 0, 0
84400, 17392, 1, 0, 0
84408, 8848, 0, 0, 0
84500, 8935, 0, 0, 0
84501, 16684, 1, 0, 0
84600, 9410, 0, 0, 0
84608, 15304, 1, 0, 0
84701, 8938, 0, 0, 0
84704, 16209, 1, 0, 0
84800, 8169, 0, 0, 0
84807, 16230, 1, 0, 0
84901, 9791, 0, 0, 0
84905, 15678, 1, 0, 0
85000, 8867, 0, 0, 0
85001, 15441, 1, 0, 0
85100, 17236, 1, 0, 0
85103, 8868, 0, 0, 0
85200, 8861, 0, 0, 0
85204, 16131, 1, 0, 0
85301, 8843, 0, 0, 0
85306, 16518, 1, 0, 0
85401, 16880, 1, 0, 0
85404, 9175, 0, 0, 0
85500, 8066, 0, 0, 0
85506, 16324, 1, 0, 0
85600, 14592, 1, 0, 0
85602, 8929, 0, 0, 0
85700, 8408, 0, 0, 0
85702, 15772, 1, 0, 0
85860, 9106, 0, 0, 0
85919, 6923, 0, 0, 0
86005, 8765, 0, 0, 0
86013, 15125, 1, 0, 0
86100, 14112, 1, 0, 0
86105, 8188, 0, 0, 0
86200, 15447, 1, 0, 0
86203, 9014, 0, 0, 0
86301, 15391, 1, 0, 0
86304, 8732, 0, 0, 0
86400, 8790, 0, 0, 0
86402, 14821, 1, 0, 0
86500, 9383, 0, 0, 0
86502, 16539, 1, 0, 0
86600, 14842, 1, 0, 0
86603, 8878, 0, 0, 0
86700, 8147, 0, 0, 0
86701, 15439, 1, 0, 0
86800, 15481, 1, 0, 0
86802, 8717, 0, 0, 0
86901, 16679, 1, 0, 0
86903, 9208, 0, 0, 0
87000, 8341, 0, 0, 0
87006, 16986, 1, 0, 0
87100, 8702, 0, 0, 0
87107, 17560, 1, 0, 0
87201, 8646, 0, 0, 0
87202, 15141, 1, 0, 0
87300, 15998, 1, 0, 0
87302, 8957, 0, 0, 0
87400, 8689, 0, 0, 0
87408, 15549, 1, 0, 0
87502, 9153, 0, 0, 0
87505, 16497, 1, 0, 0
87601, 15892, 1, 0, 0
87605, 9117, 0, 0, 0
87700, 15046, 1, 0, 0
87704, 8576, 0, 0, 0
87801, 9096, 0, 0, 0
87806, 15050, 1, 0, 0
87901, 9033, 0, 0, 0
87909, 15935, 1, 0, 0
88000, 18168, 1, 0, 0
88003, 9212, 0, 0, 0
88100, 8977, 0, 0, 0
88105, 15555, 1, 0, 0
88200, 8215, 0, 0, 0
88203, 14052, 1, 0, 0
88377, 8727, 0, 0, 0
88378, 14707, 1, 0, 0
88400, 13340, 1, 0, 0
88402, 7600, 0, 0, 0
88500, 8981, 0, 0, 0
88503, 17638, 1, 0, 0
88600, 8686, 0, 0, 0
88606, 17176, 1, 0, 0
88700, 15275, 1, 0, 0
88709, 8920, 0, 0, 0
88802, 8646, 0, 0, 0
88809, 14368, 1, 0, 0
88902, 8631, 0, 0, 0
88907, 15605, 1, 0, 0
89000, 8586, 0, 0, 0
89001, 15227, 1, 0, 0
89100, 8500, 0, 0, 0
89102, 17203, 1, 0, 0
89200, 9146, 0, 0, 0
89203, 15714, 1, 0, 0
89300, 8457, 0, 0, 0
89302, 16241, 1, 0, 0
89400, 8163, 0, 0, 0
89401, 15039, 1, 0, 0
89500, 15529, 1, 0, 0
89516, 9019, 0, 0, 0
89600, 8850, 0, 0, 0
89612, 15998, 1, 0, 0
89700, 8634, 0, 0, 0
89701, 16247, 1, 0, 0
89800, 8630, 0, 0, 0
89803, 14607, 1, 0, 0
89900, 9137, 0, 0, 0
89901, 15275, 1, 0, 0
90000, 8447, 0, 0, 0
90000, 15499, 1, 0, 0
