250, 430080, 0, 0, 0
350, 450560, 0, 0, 0
450, 440320, 0, 0, 0
550, 430080, 0, 0, 0
650, 450560, 0, 0, 0
749, 444767, 0, 0, 0
849, 430080, 0, 0, 0
949, 460800, 0, 0, 0
1049, 440320, 0, 0, 0
1149, 440320, 0, 0, 0
1249, 471040, 0, 0, 0
1350, 430080, 0, 0, 0
1450, 450560, 0, 0, 0
1550, 471040, 0, 0, 0
1650, 409600, 0, 0, 0
1749, 465454, 0, 0, 0
1849, 450560, 0, 0, 0
1949, 440320, 0, 0, 0
2049, 460800, 0, 0, 0
2149, 430080, 0, 0, 0
2249, 440320, 0, 0, 0
2349, 450560, 0, 0, 0
2449, 471040, 0, 0, 0
2550, 481280, 0, 0, 0
2650, 440320, 0, 0, 0
2749, 465454, 0, 0, 0
2849, 440320, 0, 0, 0
2949, 450560, 0, 0, 0
3049, 440320, 0, 0, 0
3149, 409600, 0, 0, 0
3249, 440320, 0, 0, 0
3349, 430080, 0, 0, 0
3449, 440320, 0, 0, 0
3549, 450560, 0, 0, 0
3649, 471040, 0, 0, 0
3750, 460800, 0, 0, 0
3850, 450560, 0, 0, 0
3950, 440320, 0, 0, 0
4050, 460800, 0, 0, 0
4150, 440320, 0, 0, 0
4249, 455111, 0, 0, 0
4349, 440320, 0, 0, 0
4449, 419840, 0, 0, 0
4549, 491520, 0, 0, 0
4649, 440320, 0, 0, 0
4749, 430080, 0, 0, 0
4849, 430080, 0, 0, 0
4949, 471040, 0, 0, 0
5050, 460800, 0, 0, 0
5150, 430080, 0, 0, 0
5249, 475797, 0, 0, 0
5349, 440320, 0, 0, 0
5449, 450560, 0, 0, 0
5549, 430080, 0, 0, 0
5649, 440320, 0, 0, 0
5749, 460800, 0, 0, 0
5849, 460800, 0, 0, 0
5949, 471040, 0, 0, 0
6049, 460800, 0, 0, 0
6149, 450560, 0, 0, 0
6250, 450560, 0, 0, 0
6350, 460800, 0, 0, 0
6450, 440320, 0, 0, 0
6550, 450560, 0, 0, 0
6650, 419840, 0, 0, 0
6749, 444767, 0, 0, 0
6849, 450560, 0, 0, 0
6949, 460800, 0, 0, 0
7049, 430080, 0, 0, 0
7149, 481280, 0, 0, 0
7249, 471040, 0, 0, 0
7349, 471040, 0, 0, 0
7450, 460800, 0, 0, 0
7550, 440320, 0, 0, 0
7650, 440320, 0, 0, 0
7749, 444767, 0, 0, 0
7849, 471040, 0, 0, 0
7949, 471040, 0, 0, 0
8049, 491520, 0, 0, 0
8149, 481280, 0, 0, 0
8249, 450560, 0, 0, 0
8349, 460800, 0, 0, 0
8449, 460800, 0, 0, 0
8550, 471040, 0, 0, 0
8650, 471040, 0, 0, 0
8749, 455111, 0, 0, 0
8849, 450560, 0, 0, 0
8949, 460800, 0, 0, 0
9049, 430080, 0, 0, 0
9149, 440320, 0, 0, 0
9249, 450560, 0, 0, 0
9349, 460800, 0, 0, 0
9449, 450560, 0, 0, 0
9549, 460800, 0, 0, 0
9650, 481280, 0, 0, 0
9750, 440320, 0, 0, 0
9850, 440320, 0, 0, 0
9950, 460800, 0, 0, 0
10050, 460800, 0, 0, 0
10150, 430080, 0, 0, 0
10249, 434424, 0, 0, 0
10349, 501760, 0, 0, 0
10449, 481280, 0, 0, 0
10549, 450560, 0, 0, 0
10649, 450560, 0, 0, 0
10750, 450560, 0, 0, 0
10850, 450560, 0, 0, 0
10950, 460800, 0, 0, 0
11050, 460800, 0, 0, 0
11150, 430080, 0, 0, 0
11249, 455111, 0, 0, 0
11349, 430080, 0, 0, 0
11449, 430080, 0, 0, 0
11549, 450560, 0, 0, 0
11649, 430080, 0, 0, 0
11749, 440320, 0, 0, 0
11849, 440320, 0, 0, 0
11949, 440320, 0, 0, 0
12050, 430080, 0, 0, 0
12150, 440320, 0, 0, 0
12249, 424080, 0, 0, 0
12349, 450560, 0, 0, 0
12449, 440320, 0, 0, 0
12549, 450560, 0, 0, 0
12649, 481280, 0, 0, 0
12749, 430080, 0, 0, 0
12850, 450560, 0, 0, 0
12950, 430080, 0, 0, 0
13050, 460800, 0, 0, 0
13150, 409600, 0, 0, 0
13249, 444767, 0, 0, 0
13349, 460800, 0, 0, 0
13449, 460800, 0, 0, 0
13549, 409600, 0, 0, 0
13649, 450560, 0, 0, 0
13749, 430080, 0, 0, 0
13849, 440320, 0, 0, 0
13949, 471040, 0, 0, 0
14050, 460800, 0, 0, 0
14150, 460800, 0, 0, 0
14249, 434424, 0, 0, 0
14349, 460800, 0, 0, 0
14449, 440320, 0, 0, 0
14549, 440320, 0, 0, 0
14649, 440320, 0, 0, 0
14749, 430080, 0, 0, 0
14849, 430080, 0, 0, 0
14949, 460800, 0, 0, 0
15049, 450560, 0, 0, 0
15149, 430080, 0, 0, 0
15250, 450560, 0, 0, 0
15350, 440320, 0, 0, 0
15450, 450560, 0, 0, 0
15550, 430080, 0, 0, 0
15650, 419840, 0, 0, 0
15749, 444767, 0, 0, 0
15849, 440320, 0, 0, 0
15949, 409600, 0, 0, 0
16049, 440320, 0, 0, 0
16149, 440320, 0, 0, 0
16249, 440320, 0, 0, 0
16349, 399360, 0, 0, 0
16449, 409600, 0, 0, 0
16550, 471040, 0, 0, 0
16650, 450560, 0, 0, 0
16749, 475797, 0, 0, 0
16849, 430080, 0, 0, 0
16949, 419840, 0, 0, 0
17049, 430080, 0, 0, 0
17149, 440320, 0, 0, 0
17249, 481280, 0, 0, 0
17349, 440320, 0, 0, 0
17449, 460800, 0, 0, 0
17549, 450560, 0, 0, 0
17649, 430080, 0, 0, 0
17750, 471040, 0, 0, 0
17850, 450560, 0, 0, 0
17950, 450560, 0, 0, 0
18050, 419840, 0, 0, 0
18150, 450560, 0, 0, 0
18249, 434424, 0, 0, 0
18349, 460800, 0, 0, 0
18449, 471040, 0, 0, 0
18549, 440320, 0, 0, 0
18649, 440320, 0, 0, 0
18749, 460800, 0, 0, 0
18850, 460800, 0, 0, 0
18950, 440320, 0, 0, 0
19050, 450560, 0, 0, 0
19150, 440320, 0, 0, 0
19249, 434424, 0, 0, 0
19349, 409600, 0, 0, 0
19449, 440320, 0, 0, 0
19549, 430080, 0, 0, 0
19649, 440320, 0, 0, 0
19749, 440320, 0, 0, 0
19849, 450560, 0, 0, 0
19949, 440320, 0, 0, 0
20050, 450560, 0, 0, 0
20150, 409600, 0, 0, 0
20249, 434424, 0, 0, 0
20349, 440320, 0, 0, 0
20449, 450560, 0, 0, 0
20549, 440320, 0, 0, 0
20649, 430080, 0, 0, 0
20749, 419840, 0, 0, 0
20849, 440320, 0, 0, 0
20949, 440320, 0, 0, 0
21049, 481280, 0, 0, 0
21149, 450560, 0, 0, 0
21250, 419840, 0, 0, 0
21350, 430080, 0, 0, 0
21450, 450560, 0, 0, 0
21550, 460800, 0, 0, 0
21650, 450560, 0, 0, 0
21749, 455111, 0, 0, 0
21849, 430080, 0, 0, 0
21949, 471040, 0, 0, 0
22049, 450560, 0, 0, 0
22149, 450560, 0, 0, 0
22249, 440320, 0, 0, 0
22349, 450560, 0, 0, 0
22450, 491520, 0, 0, 0
22550, 471040, 0, 0, 0
22650, 440320, 0, 0, 0
22749, 455111, 0, 0, 0
22849, 460800, 0, 0, 0
22949, 440320, 0, 0, 0
23049, 450560, 0, 0, 0
23149, 460800, 0, 0, 0
23249, 440320, 0, 0, 0
23349, 430080, 0, 0, 0
23449, 471040, 0, 0, 0
23550, 471040, 0, 0, 0
23650, 460800, 0, 0, 0
23749, 444767, 0, 0, 0
23849, 450560, 0, 0, 0
23949, 471040, 0, 0, 0
24049, 440320, 0, 0, 0
24149, 460800, 0, 0, 0
24249, 430080, 0, 0, 0
24349, 450560, 0, 0, 0
24449, 450560, 0, 0, 0
24549, 450560, 0, 0, 0
24650, 450560, 0, 0, 0
24749, 434424, 0, 0, 0
24849, 471040, 0, 0, 0
24949, 430080, 0, 0, 0
25049, 440320, 0, 0, 0
25149, 450560, 0, 0, 0
25249, 450560, 0, 0, 0
25349, 450560, 0, 0, 0
25449, 440320, 0, 0, 0
25549, 481280, 0, 0, 0
25649, 450560, 0, 0, 0
25749, 460800, 0, 0, 0
25850, 471040, 0, 0, 0
25950, 450560, 0, 0, 0
26050, 430080, 0, 0, 0
26150, 440320, 0, 0, 0
26249, 444767, 0, 0, 0
26349, 419840, 0, 0, 0
26449, 440320, 0, 0, 0
26549, 409600, 0, 0, 0
26649, 440320, 0, 0, 0
26749, 460800, 0, 0, 0
26849, 471040, 0, 0, 0
26949, 440320, 0, 0, 0
27050, 440320, 0, 0, 0
27150, 460800, 0, 0, 0
27249, 486141, 0, 0, 0
27349, 460800, 0, 0, 0
27449, 440320, 0, 0, 0
27549, 450560, 0, 0, 0
27649, 450560, 0, 0, 0
27749, 440320, 0, 0, 0
27849, 450560, 0, 0, 0
27949, 471040, 0, 0, 0
28049, 450560, 0, 0, 0
28149, 450560, 0, 0, 0
28250, 450560, 0, 0, 0
28350, 430080, 0, 0, 0
28450, 460800, 0, 0, 0
28550, 460800, 0, 0, 0
28650, 460800, 0, 0, 0
28749, 444767, 0, 0, 0
28849, 419840, 0, 0, 0
28949, 430080, 0, 0, 0
29049, 409600, 0, 0, 0
29149, 460800, 0, 0, 0
29249, 430080, 0, 0, 0
29349, 460800, 0, 0, 0
29449, 460800, 0, 0, 0
29550, 440320, 0, 0, 0
29650, 430080, 0, 0, 0
29749, 434424, 0, 0, 0
29849, 440320, 0, 0, 0
29949, 419840, 0, 0, 0
30049, 440320, 0, 0, 0
30149, 419840, 0, 0, 0
30249, 440320, 0, 0, 0
30349, 471040, 0, 0, 0
30449, 450560, 0, 0, 0
30549, 471040, 0, 0, 0
30649, 450560, 0, 0, 0
30750, 460800, 0, 0, 0
30850, 430080, 0, 0, 0
30950, 471040, 0, 0, 0
31050, 419840, 0, 0, 0
31150, 450560, 0, 0, 0
31249, 455111, 0, 0, 0
31349, 440320, 0, 0, 0
31449, 450560, 0, 0, 0
31549, 471040, 0, 0, 0
31649, 460800, 0, 0, 0
31749, 419840, 0, 0, 0
31849, 450560, 0, 0, 0
31950, 460800, 0, 0, 0
32050, 430080, 0, 0, 0
32150, 440320, 0, 0, 0
32249, 424080, 0, 0, 0
32349, 450560, 0, 0, 0
32449, 430080, 0, 0, 0
32549, 440320, 0, 0, 0
32649, 440320, 0, 0, 0
32749, 460800, 0, 0, 0
32849, 450560, 0, 0, 0
32949, 450560, 0, 0, 0
33050, 471040, 0, 0, 0
33150, 409600, 0, 0, 0
33249, 434424, 0, 0, 0
33349, 419840, 0, 0, 0
33449, 419840, 0, 0, 0
33549, 471040, 0, 0, 0
33649, 440320, 0, 0, 0
33749, 460800, 0, 0, 0
33849, 440320, 0, 0, 0
33949, 419840, 0, 0, 0
34049, 440320, 0, 0, 0
34150, 450560, 0, 0, 0
34250, 419840, 0, 0, 0
34350, 450560, 0, 0, 0
34450, 471040, 0, 0, 0
34550, 460800, 0, 0, 0
34650, 419840, 0, 0, 0
34749, 434424, 0, 0, 0
34849, 440320, 0, 0, 0
34949, 419840, 0, 0, 0
35049, 430080, 0, 0, 0
35149, 440320, 0, 0, 0
35250, 419840, 0, 0, 0
35350, 440320, 0, 0, 0
35450, 460800, 0, 0, 0
35550, 450560, 0, 0, 0
35650, 450560, 0, 0, 0
35749, 444767, 0, 0, 0
35849, 460800, 0, 0, 0
35949, 460800, 0, 0, 0
36049, 450560, 0, 0, 0
36149, 460800, 0, 0, 0
36249, 450560, 0, 0, 0
36349, 460800, 0, 0, 0
36449, 450560, 0, 0, 0
36550, 440320, 0, 0, 0
36650, 460800, 0, 0, 0
36749, 455111, 0, 0, 0
36849, 491520, 0, 0, 0
36949, 450560, 0, 0, 0
37049, 450560, 0, 0, 0
37149, 460800, 0, 0, 0
37249, 460800, 0, 0, 0
37349, 481280, 0, 0, 0
37449, 440320, 0, 0, 0
37549, 460800, 0, 0, 0
37649, 450560, 0, 0, 0
37750, 460800, 0, 0, 0
37850, 450560, 0, 0, 0
37950, 430080, 0, 0, 0
38050, 450560, 0, 0, 0
38150, 460800, 0, 0, 0
38249, 455111, 0, 0, 0
38349, 440320, 0, 0, 0
38449, 460800, 0, 0, 0
38549, 450560, 0, 0, 0
38649, 481280, 0, 0, 0
38749, 450560, 0, 0, 0
38849, 440320, 0, 0, 0
38949, 440320, 0, 0, 0
39050, 450560, 0, 0, 0
39150, 460800, 0, 0, 0
39249, 424080, 0, 0, 0
39349, 491520, 0, 0, 0
39449, 471040, 0, 0, 0
39549, 460800, 0, 0, 0
39649, 419840, 0, 0, 0
39749, 409600, 0, 0, 0
39849, 440320, 0, 0, 0
39949, 460800, 0, 0, 0
40049, 440320, 0, 0, 0
40149, 419840, 0, 0, 0
40250, 430080, 0, 0, 0
40350, 440320, 0, 0, 0
40450, 440320, 0, 0, 0
40550, 440320, 0, 0, 0
40650, 460800, 0, 0, 0
40749, 455111, 0, 0, 0
40849, 460800, 0, 0, 0
40949, 450560, 0, 0, 0
41049, 440320, 0, 0, 0
41149, 430080, 0, 0, 0
41249, 440320, 0, 0, 0
41350, 450560, 0, 0, 0
41450, 450560, 0, 0, 0
41550, 440320, 0, 0, 0
41650, 440320, 0, 0, 0
41749, 465454, 0, 0, 0
41849, 450560, 0, 0, 0
41949, 440320, 0, 0, 0
42049, 440320, 0, 0, 0
42149, 440320, 0, 0, 0
42249, 430080, 0, 0, 0
42349, 471040, 0, 0, 0
42449, 430080, 0, 0, 0
42550, 440320, 0, 0, 0
42650, 409600, 0, 0, 0
42749, 444767, 0, 0, 0
42849, 450560, 0, 0, 0
42949, 440320, 0, 0, 0
43049, 440320, 0, 0, 0
43149, 450560, 0, 0, 0
43249, 471040, 0, 0, 0
43349, 450560, 0, 0, 0
43449, 430080, 0, 0, 0
43549, 460800, 0, 0, 0
43649, 440320, 0, 0, 0
43750, 440320, 0, 0, 0
43850, 419840, 0, 0, 0
43950, 450560, 0, 0, 0
44050, 440320, 0, 0, 0
44150, 460800, 0, 0, 0
44249, 434424, 0, 0, 0
44349, 471040, 0, 0, 0
44449, 471040, 0, 0, 0
44549, 471040, 0, 0, 0
44649, 460800, 0, 0, 0
44749, 450560, 0, 0, 0
44850, 450560, 0, 0, 0
44950, 440320, 0, 0, 0
45050, 419840, 0, 0, 0
45150, 430080, 0, 0, 0
45249, 434424, 0, 0, 0
45349, 419840, 0, 0, 0
45449, 399360, 0, 0, 0
45549, 440320, 0, 0, 0
45649, 419840, 0, 0, 0
45749, 450560, 0, 0, 0
45849, 440320, 0, 0, 0
45949, 460800, 0, 0, 0
46050, 450560, 0, 0, 0
46150, 450560, 0, 0, 0
46249, 465454, 0, 0, 0
46349, 440320, 0, 0, 0
46449, 450560, 0, 0, 0
46549, 512000, 0, 0, 0
46649, 450560, 0, 0, 0
46749, 450560, 0, 0, 0
46849, 450560, 0, 0, 0
46949, 440320, 0, 0, 0
47050, 450560, 0, 0, 0
47150, 460800, 0, 0, 0
47249, 465454, 0, 0, 0
47349, 450560, 0, 0, 0
47449, 450560, 0, 0, 0
47549, 440320, 0, 0, 0
47649, 430080, 0, 0, 0
47749, 419840, 0, 0, 0
47849, 419840, 0, 0, 0
47949, 409600, 0, 0, 0
48049, 450560, 0, 0, 0
48149, 440320, 0, 0, 0
48250, 440320, 0, 0, 0
48350, 460800, 0, 0, 0
48450, 440320, 0, 0, 0
48550, 440320, 0, 0, 0
48650, 460800, 0, 0, 0
48749, 455111, 0, 0, 0
48849, 450560, 0, 0, 0
48949, 440320, 0, 0, 0
49049, 430080, 0, 0, 0
49149, 430080, 0, 0, 0
49249, 430080, 0, 0, 0
49349, 430080, 0, 0, 0
49449, 440320, 0, 0, 0
49550, 399360, 0, 0, 0
49650, 460800, 0, 0, 0
49749, 434424, 0, 0, 0
49849, 409600, 0, 0, 0
49949, 409600, 0, 0, 0
50049, 460800, 0, 0, 0
50149, 440320, 0, 0, 0
50249, 440320, 0, 0, 0
50349, 440320, 0, 0, 0
50449, 460800, 0, 0, 0
50549, 460800, 0, 0, 0
50649, 460800, 0, 0, 0
50750, 450560, 0, 0, 0
50850, 460800, 0, 0, 0
50950, 460800, 0, 0, 0
51050, 460800, 0, 0, 0
51150, 471040, 0, 0, 0
51249, 434424, 0, 0, 0
51349, 460800, 0, 0, 0
51449, 450560, 0, 0, 0
51549, 450560, 0, 0, 0
51649, 471040, 0, 0, 0
51749, 419840, 0, 0, 0
51849, 450560, 0, 0, 0
51950, 399360, 0, 0, 0
52050, 430080, 0, 0, 0
52150, 460800, 0, 0, 0
52249, 434424, 0, 0, 0
52349, 430080, 0, 0, 0
52449, 450560, 0, 0, 0
52549, 430080, 0, 0, 0
52649, 440320, 0, 0, 0
52749, 440320, 0, 0, 0
52849, 450560, 0, 0, 0
52949, 419840, 0, 0, 0
53050, 419840, 0, 0, 0
53150, 450560, 0, 0, 0
53249, 413737, 0, 0, 0
53349, 419840, 0, 0, 0
53449, 450560, 0, 0, 0
53549, 440320, 0, 0, 0
53649, 440320, 0, 0, 0
53749, 419840, 0, 0, 0
53849, 409600, 0, 0, 0
53949, 419840, 0, 0, 0
54050, 430080, 0, 0, 0
54150, 460800, 0, 0, 0
54249, 444767, 0, 0, 0
54349, 419840, 0, 0, 0
54449, 430080, 0, 0, 0
54549, 460800, 0, 0, 0
54649, 460800, 0, 0, 0
54749, 440320, 0, 0, 0
54849, 450560, 0, 0, 0
54949, 460800, 0, 0, 0
55049, 430080, 0, 0, 0
55149, 440320, 0, 0, 0
55250, 440320, 0, 0, 0
55350, 419840, 0, 0, 0
55450, 460800, 0, 0, 0
55550, 450560, 0, 0, 0
55650, 440320, 0, 0, 0
55749, 455111, 0, 0, 0
55849, 460800, 0, 0, 0
55949, 450560, 0, 0, 0
56049, 430080, 0, 0, 0
56149, 460800, 0, 0, 0
56250, 471040, 0, 0, 0
56350, 450560, 0, 0, 0
56450, 430080, 0, 0, 0
56550, 419840, 0, 0, 0
56650, 450560, 0, 0, 0
56749, 434424, 0, 0, 0
56849, 440320, 0, 0, 0
56949, 460800, 0, 0, 0
57049, 419840, 0, 0, 0
57149, 430080, 0, 0, 0
57250, 450560, 0, 0, 0
57350, 430080, 0, 0, 0
57450, 430080, 0, 0, 0
57550, 440320, 0, 0, 0
57650, 430080, 0, 0, 0
57749, 424080, 0, 0, 0
57849, 450560, 0, 0, 0
57949, 440320, 0, 0, 0
58049, 440320, 0, 0, 0
58149, 409600, 0, 0, 0
58249, 430080, 0, 0, 0
58350, 440320, 0, 0, 0
58450, 430080, 0, 0, 0
58550, 430080, 0, 0, 0
58650, 409600, 0, 0, 0
58749, 434424, 0, 0, 0
58849, 460800, 0, 0, 0
58949, 440320, 0, 0, 0
59049, 450560, 0, 0, 0
59149, 450560, 0, 0, 0
59249, 450560, 0, 0, 0
59350, 440320, 0, 0, 0
59450, 440320, 0, 0, 0
59550, 440320, 0, 0, 0
59650, 440320, 0, 0, 0
59749, 424080, 0, 0, 0
59849, 471040, 0, 0, 0
59949, 460800, 0, 0, 0
60049, 450560, 0, 0, 0
60149, 460800, 0, 0, 0
60249, 419840, 0, 0, 0
60350, 450560, 0, 0, 0
60450, 471040, 0, 0, 0
60550, 471040, 0, 0, 0
60650, 460800, 0, 0, 0
60749, 465454, 0, 0, 0
60849, 450560, 0, 0, 0
60949, 450560, 0, 0, 0
61049, 460800, 0, 0, 0
61149, 450560, 0, 0, 0
61249, 430080, 0, 0, 0
61350, 460800, 0, 0, 0
61450, 440320, 0, 0, 0
61550, 450560, 0, 0, 0
61650, 430080, 0, 0, 0
61749, 444767, 0, 0, 0
61849, 450560, 0, 0, 0
61949, 460800, 0, 0, 0
62049, 440320, 0, 0, 0
62149, 440320, 0, 0, 0
62249, 450560, 0, 0, 0
62350, 460800, 0, 0, 0
62450, 450560, 0, 0, 0
62550, 430080, 0, 0, 0
62650, 430080, 0, 0, 0
62749, 444767, 0, 0, 0
62849, 409600, 0, 0, 0
62949, 419840, 0, 0, 0
63049, 419840, 0, 0, 0
63149, 419840, 0, 0, 0
63249, 460800, 0, 0, 0
63349, 481280, 0, 0, 0
63449, 430080, 0, 0, 0
63550, 450560, 0, 0, 0
63650, 430080, 0, 0, 0
63749, 434424, 0, 0, 0
63849, 450560, 0, 0, 0
63949, 430080, 0, 0, 0
64049, 450560, 0, 0, 0
64149, 430080, 0, 0, 0
64249, 419840, 0, 0, 0
64349, 430080, 0, 0, 0
64449, 440320, 0, 0, 0
64549, 440320, 0, 0, 0
64649, 440320, 0, 0, 0
64750, 471040, 0, 0, 0
64850, 430080, 0, 0, 0
64950, 419840, 0, 0, 0
65050, 450560, 0, 0, 0
65150, 440320, 0, 0, 0
65249, 465454, 0, 0, 0
65349, 440320, 0, 0, 0
65449, 440320, 0, 0, 0
65549, 450560, 0, 0, 0
65649, 440320, 0, 0, 0
65749, 430080, 0, 0, 0
65849, 450560, 0, 0, 0
65949, 450560, 0, 0, 0
66050, 440320, 0, 0, 0
66150, 450560, 0, 0, 0
66249, 424080, 0, 0, 0
66349, 471040, 0, 0, 0
66449, 430080, 0, 0, 0
66549, 430080, 0, 0, 0
66649, 440320, 0, 0, 0
66749, 460800, 0, 0, 0
66849, 430080, 0, 0, 0
66949, 430080, 0, 0, 0
67049, 450560, 0, 0, 0
67149, 440320, 0, 0, 0
67250, 440320, 0, 0, 0
67350, 450560, 0, 0, 0
67450, 440320, 0, 0, 0
67550, 440320, 0, 0, 0
67650, 430080, 0, 0, 0
67749, 444767, 0, 0, 0
67849, 440320, 0, 0, 0
67949, 430080, 0, 0, 0
68049, 471040, 0, 0, 0
68149, 460800, 0, 0, 0
68249, 501760, 0, 0, 0
68350, 450560, 0, 0, 0
68450, 430080, 0, 0, 0
68550, 450560, 0, 0, 0
68650, 440320, 0, 0, 0
68749, 434424, 0, 0, 0
68849, 471040, 0, 0, 0
68949, 419840, 0, 0, 0
69049, 450560, 0, 0, 0
69149, 471040, 0, 0, 0
69249, 450560, 0, 0, 0
69349, 430080, 0, 0, 0
69449, 430080, 0, 0, 0
69550, 419840, 0, 0, 0
69650, 430080, 0, 0, 0
69749, 444767, 0, 0, 0
69849, 481280, 0, 0, 0
69949, 419840, 0, 0, 0
70049, 419840, 0, 0, 0
70149, 419840, 0, 0, 0
70249, 481280, 0, 0, 0
70349, 440320, 0, 0, 0
70449, 460800, 0, 0, 0
70549, 460800, 0, 0, 0
70649, 419840, 0, 0, 0
70750, 419840, 0, 0, 0
70850, 430080, 0, 0, 0
70950, 419840, 0, 0, 0
71050, 440320, 0, 0, 0
71150, 419840, 0, 0, 0
71249, 455111, 0, 0, 0
71349, 440320, 0, 0, 0
71449, 460800, 0, 0, 0
71549, 419840, 0, 0, 0
71649, 430080, 0, 0, 0
71749, 430080, 0, 0, 0
71849, 450560, 0, 0, 0
71950, 430080, 0, 0, 0
72050, 419840, 0, 0, 0
72150, 399360, 0, 0, 0
72249, 413737, 0, 0, 0
72349, 430080, 0, 0, 0
72449, 440320, 0, 0, 0
72549, 419840, 0, 0, 0
72649, 440320, 0, 0, 0
72749, 419840, 0, 0, 0
72849, 399360, 0, 0, 0
72949, 471040, 0, 0, 0
73050, 460800, 0, 0, 0
73150, 460800, 0, 0, 0
73249, 465454, 0, 0, 0
73349, 460800, 0, 0, 0
73449, 440320, 0, 0, 0
73549, 419840, 0, 0, 0
73649, 460800, 0, 0, 0
73749, 440320, 0, 0, 0
73849, 460800, 0, 0, 0
73949, 440320, 0, 0, 0
74049, 450560, 0, 0, 0
74149, 440320, 0, 0, 0
74250, 419840, 0, 0, 0
74350, 450560, 0, 0, 0
74450, 430080, 0, 0, 0
74550, 419840, 0, 0, 0
74650, 440320, 0, 0, 0
74749, 455111, 0, 0, 0
74849, 440320, 0, 0, 0
74949, 450560, 0, 0, 0
75049, 471040, 0, 0, 0
75149, 460800, 0, 0, 0
75250, 440320, 0, 0, 0
75350, 450560, 0, 0, 0
75450, 460800, 0, 0, 0
75550, 460800, 0, 0, 0
75650, 419840, 0, 0, 0
75749, 455111, 0, 0, 0
75849, 430080, 0, 0, 0
75949, 440320, 0, 0, 0
76049, 460800, 0, 0, 0
76149, 440320, 0, 0, 0
76249, 450560, 0, 0, 0
76349, 471040, 0, 0, 0
76449, 430080, 0, 0, 0
76550, 471040, 0, 0, 0
76650, 450560, 0, 0, 0
76749, 424080, 0, 0, 0
76849, 440320, 0, 0, 0
76949, 409600, 0, 0, 0
77049, 440320, 0, 0, 0
77149, 460800, 0, 0, 0
77249, 430080, 0, 0, 0
77349, 440320, 0, 0, 0
77449, 450560, 0, 0, 0
77550, 450560, 0, 0, 0
77650, 460800, 0, 0, 0
77749, 455111, 0, 0, 0
77849, 450560, 0, 0, 0
77949, 440320, 0, 0, 0
78049, 440320, 0, 0, 0
78149, 440320, 0, 0, 0
78249, 419840, 0, 0, 0
78349, 419840, 0, 0, 0
78449, 450560, 0, 0, 0
78550, 440320, 0, 0, 0
78650, 450560, 0, 0, 0
78749, 465454, 0, 0, 0
78849, 440320, 0, 0, 0
78949, 440320, 0, 0, 0
79049, 450560, 0, 0, 0
79149, 450560, 0, 0, 0
79249, 419840, 0, 0, 0
79349, 460800, 0, 0, 0
79449, 450560, 0, 0, 0
79549, 460800, 0, 0, 0
79650, 460800, 0, 0, 0
79750, 440320, 0, 0, 0
79850, 409600, 0, 0, 0
79950, 450560, 0, 0, 0
80050, 450560, 0, 0, 0
80150, 460800, 0, 0, 0
80249, 465454, 0, 0, 0
80349, 450560, 0, 0, 0
80449, 440320, 0, 0, 0
80549, 430080, 0, 0, 0
80649, 440320, 0, 0, 0
80750, 409600, 0, 0, 0
80850, 460800, 0, 0, 0
80950, 440320, 0, 0, 0
81050, 460800, 0, 0, 0
81150, 430080, 0, 0, 0
81249, 434424, 0, 0, 0
81349, 440320, 0, 0, 0
81449, 430080, 0, 0, 0
81549, 399360, 0, 0, 0
81649, 440320, 0, 0, 0
81749, 450560, 0, 0, 0
81849, 430080, 0, 0, 0
81949, 419840, 0, 0, 0
82050, 450560, 0, 0, 0
82150, 450560, 0, 0, 0
82249, 434424, 0, 0, 0
82349, 440320, 0, 0, 0
82449, 471040, 0, 0, 0
82549, 471040, 0, 0, 0
82649, 399360, 0, 0, 0
82749, 450560, 0, 0, 0
82849, 430080, 0, 0, 0
82949, 430080, 0, 0, 0
83050, 440320, 0, 0, 0
83150, 450560, 0, 0, 0
83249, 455111, 0, 0, 0
83349, 440320, 0, 0, 0
83449, 430080, 0, 0, 0
83549, 440320, 0, 0, 0
83649, 409600, 0, 0, 0
83749, 430080, 0, 0, 0
83849, 419840, 0, 0, 0
83949, 399360, 0, 0, 0
84049, 409600, 0, 0, 0
84150, 419840, 0, 0, 0
84250, 440320, 0, 0, 0
84350, 430080, 0, 0, 0
84450, 440320, 0, 0, 0
84550, 471040, 0, 0, 0
84650, 450560, 0, 0, 0
84749, 455111, 0, 0, 0
84849, 430080, 0, 0, 0
84949, 460800, 0, 0, 0
85049, 430080, 0, 0, 0
85149, 430080, 0, 0, 0
85250, 450560, 0, 0, 0
85350, 450560, 0, 0, 0
85450, 481280, 0, 0, 0
85550, 430080, 0, 0, 0
85650, 419840, 0, 0, 0
85749, 434424, 0, 0, 0
85849, 450560, 0, 0, 0
85949, 419840, 0, 0, 0
86049, 440320, 0, 0, 0
86149, 440320, 0, 0, 0
86250, 440320, 0, 0, 0
86350, 450560, 0, 0, 0
86450, 419840, 0, 0, 0
86550, 419840, 0, 0, 0
86650, 440320, 0, 0, 0
86749, 455111, 0, 0, 0
86849, 419840, 0, 0, 0
86949, 430080, 0, 0, 0
87049, 471040, 0, 0, 0
87149, 409600, 0, 0, 0
87250, 409600, 0, 0, 0
87350, 471040, 0, 0, 0
87450, 430080, 0, 0, 0
87550, 460800, 0, 0, 0
87650, 460800, 0, 0, 0
87749, 444767, 0, 0, 0
87849, 419840, 0, 0, 0
87949, 430080, 0, 0, 0
88049, 430080, 0, 0, 0
88149, 440320, 0, 0, 0
88249, 409600, 0, 0, 0
88349, 430080, 0, 0, 0
88449, 409600, 0, 0, 0
88550, 430080, 0, 0, 0
88650, 450560, 0, 0, 0
88749, 455111, 0, 0, 0
88849, 419840, 0, 0, 0
88949, 471040, 0, 0, 0
89049, 450560, 0, 0, 0
89149, 450560, 0, 0, 0
89249, 460800, 0, 0, 0
89349, 450560, 0, 0, 0
89449, 430080, 0, 0, 0
89549, 450560, 0, 0, 0
89649, 430080, 0, 0, 0
89750, 440320, 0, 0, 0
89850, 430080, 0, 0, 0
89950, 419840, 0, 0, 0
