100, 696807, 0, 0, 0
200, 790291, 0, 0, 0
300, 826616, 0, 0, 0
400, 961078, 0, 0, 0
500, 834323, 0, 0, 0
600, 770975, 0, 0, 0
700, 767362, 0, 0, 0
800, 819078, 0, 0, 0
900, 793276, 0, 0, 0
1000, 802627, 0, 0, 0
1100, 810391, 0, 0, 0
1200, 829231, 0, 0, 0
1300, 812520, 0, 0, 0
1400, 746281, 0, 0, 0
1500, 784170, 0, 0, 0
1600, 781175, 0, 0, 0
1700, 799195, 0, 0, 0
1800, 805939, 0, 0, 0
1900, 819971, 0, 0, 0
2000, 790386, 0, 0, 0
2100, 789287, 0, 0, 0
2200, 734963, 0, 0, 0
2300, 729621, 0, 0, 0
2400, 849648, 0, 0, 0
2500, 805991, 0, 0, 0
2600, 845882, 0, 0, 0
2700, 901592, 0, 0, 0
2800, 843652, 0, 0, 0
2900, 769487, 0, 0, 0
3000, 742964, 0, 0, 0
3100, 882283, 0, 0, 0
3200, 852144, 0, 0, 0
3300, 918273, 0, 0, 0
3400, 709361, 0, 0, 0
3500, 730445, 0, 0, 0
3600, 781889, 0, 0, 0
3700, 782518, 0, 0, 0
3800, 860447, 0, 0, 0
3900, 831791, 0, 0, 0
4000, 719535, 0, 0, 0
4100, 688721, 0, 0, 0
4200, 773852, 0, 0, 0
4300, 756939, 0, 0, 0
4400, 773786, 0, 0, 0
4500, 712148, 0, 0, 0
4600, 779507, 0, 0, 0
4700, 841479, 0, 0, 0
4800, 1325026, 0, 0, 0
4900, 784282, 0, 0, 0
5000, 880990, 0, 0, 0
5100, 1043238, 0, 0, 0
5200, 737762, 0, 0, 0
5300, 765364, 0, 0, 0
5400, 789217, 0, 0, 0
5500, 788111, 0, 0, 0
5600, 774546, 0, 0, 0
5700, 779979, 0, 0, 0
5800, 733092, 0, 0, 0
5900, 768229, 0, 0, 0
6000, 812825, 0, 0, 0
6100, 807700, 0, 0, 0
6200, 809437, 0, 0, 0
6300, 923217, 0, 0, 0
6400, 808635, 0, 0, 0
6500, 711111, 0, 0, 0
6600, 726589, 0, 0, 0
6700, 732873, 0, 0, 0
6800, 705156, 0, 0, 0
6900, 763512, 0, 0, 0
7000, 793937, 0, 0, 0
7100, 692507, 0, 0, 0
7200, 732745, 0, 0, 0
7300, 770388, 0, 0, 0
7400, 718781, 0, 0, 0
7500, 682436, 0, 0, 0
7600, 621692, 0, 0, 0
7700, 657418, 0, 0, 0
7800, 795554, 0, 0, 0
7900, 841039, 0, 0, 0
8000, 845512, 0, 0, 0
8100, 752836, 0, 0, 0
8200, 764478, 0, 0, 0
8300, 790315, 0, 0, 0
8400, 747139, 0, 0, 0
8500, 798085, 0, 0, 0
8600, 710554, 0, 0, 0
8700, 837010, 0, 0, 0
8800, 1125935, 0, 0, 0
8900, 763827, 0, 0, 0
9000, 807732, 0, 0, 0
9100, 768688, 0, 0, 0
9200, 655023, 0, 0, 0
9300, 670100, 0, 0, 0
9400, 919898, 0, 0, 0
9500, 795108, 0, 0, 0
9600, 644707, 0, 0, 0
9700, 795222, 0, 0, 0
9800, 764982, 0, 0, 0
9900, 784412, 0, 0, 0
10000, 822392, 0, 0, 0
10100, 816647, 0, 0, 0
10200, 809353, 0, 0, 0
10300, 764523, 0, 0, 0
10400, 661265, 0, 0, 0
10500, 760054, 0, 0, 0
10600, 790930, 0, 0, 0
10700, 787470, 0, 0, 0
10800, 799358, 0, 0, 0
10900, 849618, 0, 0, 0
11000, 811689, 0, 0, 0
11100, 829317, 0, 0, 0
11200, 860258, 0, 0, 0
11300, 775602, 0, 0, 0
11400, 867262, 0, 0, 0
11500, 760756, 0, 0, 0
11600, 901179, 0, 0, 0
11700, 926206, 0, 0, 0
11800, 849687, 0, 0, 0
11900, 687156, 0, 0, 0
12000, 733210, 0, 0, 0
12100, 788644, 0, 0, 0
12200, 981774, 0, 0, 0
12300, 743577, 0, 0, 0
12400, 753008, 0, 0, 0
12500, 755244, 0, 0, 0
12600, 998218, 0, 0, 0
12700, 785578, 0, 0, 0
12800, 772177, 0, 0, 0
12900, 780373, 0, 0, 0
13000, 794378, 0, 0, 0
13100, 802665, 0, 0, 0
13200, 771646, 0, 0, 0
13300, 732939, 0, 0, 0
13400, 672250, 0, 0, 0
13500, 799509, 0, 0, 0
13600, 792757, 0, 0, 0
13700, 738294, 0, 0, 0
13800, 828355, 0, 0, 0
13900, 806474, 0, 0, 0
14000, 838097, 0, 0, 0
14100, 1035949, 0, 0, 0
14200, 778423, 0, 0, 0
14300, 706632, 0, 0, 0
14400, 711032, 0, 0, 0
14500, 770253, 0, 0, 0
14600, 799068, 0, 0, 0
14700, 784818, 0, 0, 0
14800, 796773, 0, 0, 0
14900, 774853, 0, 0, 0
15000, 683575, 0, 0, 0
15100, 718511, 0, 0, 0
15200, 727618, 0, 0, 0
15300, 720056, 0, 0, 0
15400, 681847, 0, 0, 0
15500, 785541, 0, 0, 0
15600, 870203, 0, 0, 0
15700, 751680, 0, 0, 0
15800, 778118, 0, 0, 0
15901, 731440, 0, 0, 0
16000, 708540, 0, 0, 0
16100, 697929, 0, 0, 0
16200, 906778, 0, 0, 0
16300, 714321, 0, 0, 0
16400, 705794, 0, 0, 0
16500, 737607, 0, 0, 0
16600, 766776, 0, 0, 0
16700, 846718, 0, 0, 0
16800, 783275, 0, 0, 0
16900, 761552, 0, 0, 0
17000, 816535, 0, 0, 0
17100, 773246, 0, 0, 0
17200, 754349, 0, 0, 0
17300, 730886, 0, 0, 0
17400, 779537, 0, 0, 0
17500, 666680, 0, 0, 0
17600, 790766, 0, 0, 0
17700, 793132, 0, 0, 0
17800, 786027, 0, 0, 0
17900, 780011, 0, 0, 0
18000, 678672, 0, 0, 0
18100, 733648, 0, 0, 0
18200, 720107, 0, 0, 0
18300, 745550, 0, 0, 0
18400, 711215, 0, 0, 0
18500, 857505, 0, 0, 0
18600, 854579, 0, 0, 0
18700, 707356, 0, 0, 0
18800, 674098, 0, 0, 0
18900, 762932, 0, 0, 0
19000, 862325, 0, 0, 0
19100, 776339, 0, 0, 0
19200, 849586, 0, 0, 0
19300, 766672, 0, 0, 0
19400, 726299, 0, 0, 0
19500, 732975, 0, 0, 0
19600, 706471, 0, 0, 0
19700, 720118, 0, 0, 0
19800, 671370, 0, 0, 0
19900, 881914, 0, 0, 0
20000, 872513, 0, 0, 0
20100, 778325, 0, 0, 0
20200, 796523, 0, 0, 0
20300, 726352, 0, 0, 0
20400, 705028, 0, 0, 0
20500, 617037, 0, 0, 0
20600, 641044, 0, 0, 0
20700, 789199, 0, 0, 0
20800, 717133, 0, 0, 0
20900, 799362, 0, 0, 0
21000, 814960, 0, 0, 0
21100, 805361, 0, 0, 0
21200, 858124, 0, 0, 0
21300, 801101, 0, 0, 0
21400, 743762, 0, 0, 0
21500, 863550, 0, 0, 0
21600, 1248734, 0, 0, 0
21700, 808235, 0, 0, 0
21800, 871385, 0, 0, 0
21900, 810315, 0, 0, 0
22000, 800719, 0, 0, 0
22100, 750963, 0, 0, 0
22200, 656422, 0, 0, 0
22300, 682996, 0, 0, 0
22400, 731853, 0, 0, 0
22500, 745714, 0, 0, 0
22600, 762941, 0, 0, 0
22700, 792268, 0, 0, 0
22800, 1029512, 0, 0, 0
22900, 1051427, 0, 0, 0
23000, 1089373, 0, 0, 0
23100, 735682, 0, 0, 0
23200, 770008, 0, 0, 0
23300, 774284, 0, 0, 0
23400, 758322, 0, 0, 0
23500, 725965, 0, 0, 0
23600, 812888, 0, 0, 0
23700, 790161, 0, 0, 0
23800, 803040, 0, 0, 0
23900, 788233, 0, 0, 0
24000, 754856, 0, 0, 0
24100, 732365, 0, 0, 0
24200, 692157, 0, 0, 0
24300, 693701, 0, 0, 0
24400, 781465, 0, 0, 0
24500, 751295, 0, 0, 0
24600, 719451, 0, 0, 0
24700, 686565, 0, 0, 0
24800, 638100, 0, 0, 0
24900, 751623, 0, 0, 0
25000, 812301, 0, 0, 0
25100, 773385, 0, 0, 0
25200, 752876, 0, 0, 0
25300, 763981, 0, 0, 0
25400, 765771, 0, 0, 0
25500, 749315, 0, 0, 0
25600, 683565, 0, 0, 0
25700, 705106, 0, 0, 0
25800, 751980, 0, 0, 0
25900, 673742, 0, 0, 0
26000, 738596, 0, 0, 0
26100, 755623, 0, 0, 0
26200, 825403, 0, 0, 0
26300, 749343, 0, 0, 0
26400, 754708, 0, 0, 0
26500, 917813, 0, 0, 0
26600, 649667, 0, 0, 0
26700, 783130, 0, 0, 0
26800, 839065, 0, 0, 0
26900, 671912, 0, 0, 0
27000, 706972, 0, 0, 0
27100, 865421, 0, 0, 0
27200, 702879, 0, 0, 0
27300, 662988, 0, 0, 0
27400, 686502, 0, 0, 0
27500, 685323, 0, 0, 0
27600, 763589, 0, 0, 0
27700, 743618, 0, 0, 0
27800, 746761, 0, 0, 0
27900, 814194, 0, 0, 0
28000, 1151295, 0, 0, 0
28100, 987806, 0, 0, 0
28200, 751610, 0, 0, 0
28300, 799246, 0, 0, 0
28400, 823196, 0, 0, 0
28500, 738712, 0, 0, 0
28600, 633066, 0, 0, 0
28700, 678746, 0, 0, 0
28800, 784197, 0, 0, 0
28900, 836627, 0, 0, 0
29000, 780382, 0, 0, 0
29100, 752339, 0, 0, 0
29200, 669617, 0, 0, 0
29300, 742928, 0, 0, 0
29400, 804303, 0, 0, 0
29500, 797556, 0, 0, 0
29600, 828763, 0, 0, 0
29700, 767311, 0, 0, 0
29800, 779425, 0, 0, 0
29900, 814403, 0, 0, 0
30000, 924242, 0, 0, 0
30100, 1114659, 0, 0, 0
30200, 806456, 0, 0, 0
30300, 775181, 0, 0, 0
30400, 683513, 0, 0, 0
30500, 754988, 0, 0, 0
30600, 787768, 0, 0, 0
30700, 812718, 0, 0, 0
30800, 763099, 0, 0, 0
30900, 825898, 0, 0, 0
31000, 812770, 0, 0, 0
31100, 793826, 0, 0, 0
31200, 782595, 0, 0, 0
31300, 743753, 0, 0, 0
31400, 762351, 0, 0, 0
31500, 798902, 0, 0, 0
31600, 761663, 0, 0, 0
31700, 846924, 0, 0, 0
31800, 1076506, 0, 0, 0
31900, 931545, 0, 0, 0
32000, 708325, 0, 0, 0
32100, 738138, 0, 0, 0
32200, 688788, 0, 0, 0
32300, 775537, 0, 0, 0
32400, 841280, 0, 0, 0
32500, 1132781, 0, 0, 0
32600, 958205, 0, 0, 0
32700, 774825, 0, 0, 0
32800, 775638, 0, 0, 0
32900, 695476, 0, 0, 0
33000, 752582, 0, 0, 0
33100, 796543, 0, 0, 0
33200, 772773, 0, 0, 0
33300, 769043, 0, 0, 0
33400, 774108, 0, 0, 0
33500, 791518, 0, 0, 0
33600, 1349602, 0, 0, 0
33700, 1452036, 0, 0, 0
33800, 863588, 0, 0, 0
33900, 900969, 0, 0, 0
34000, 931354, 0, 0, 0
34100, 835618, 0, 0, 0
34200, 833771, 0, 0, 0
34300, 779172, 0, 0, 0
34400, 770356, 0, 0, 0
34500, 795848, 0, 0, 0
34600, 803689, 0, 0, 0
34700, 678329, 0, 0, 0
34800, 722117, 0, 0, 0
34900, 870162, 0, 0, 0
35000, 827317, 0, 0, 0
35100, 831916, 0, 0, 0
35200, 757073, 0, 0, 0
35300, 800615, 0, 0, 0
35400, 770826, 0, 0, 0
35500, 781330, 0, 0, 0
35600, 741828, 0, 0, 0
35700, 763809, 0, 0, 0
35800, 756299, 0, 0, 0
35900, 821765, 0, 0, 0
36000, 804727, 0, 0, 0
36100, 819451, 0, 0, 0
36200, 784966, 0, 0, 0
36300, 821242, 0, 0, 0
36400, 920289, 0, 0, 0
36500, 1012203, 0, 0, 0
36600, 713383, 0, 0, 0
36700, 765027, 0, 0, 0
36800, 995678, 0, 0, 0
36900, 991329, 0, 0, 0
37000, 990022, 0, 0, 0
37100, 784816, 0, 0, 0
37200, 776581, 0, 0, 0
37300, 786000, 0, 0, 0
37400, 787897, 0, 0, 0
37500, 983977, 0, 0, 0
37600, 1012011, 0, 0, 0
37700, 987233, 0, 0, 0
37800, 789740, 0, 0, 0
37900, 758277, 0, 0, 0
38000, 744180, 0, 0, 0
38100, 736241, 0, 0, 0
38200, 898591, 0, 0, 0
38300, 750861, 0, 0, 0
38400, 1016411, 0, 0, 0
38500, 838544, 0, 0, 0
38600, 934064, 0, 0, 0
38700, 975895, 0, 0, 0
38800, 755000, 0, 0, 0
38900, 743683, 0, 0, 0
39000, 764004, 0, 0, 0
39100, 768860, 0, 0, 0
39200, 899969, 0, 0, 0
39300, 779492, 0, 0, 0
39400, 798955, 0, 0, 0
39500, 783699, 0, 0, 0
39600, 956324, 0, 0, 0
39700, 1050234, 0, 0, 0
39800, 1068541, 0, 0, 0
39900, 860931, 0, 0, 0
40000, 824938, 0, 0, 0
40100, 1115728, 0, 0, 0
40200, 1082823, 0, 0, 0
40300, 807753, 0, 0, 0
40400, 863666, 0, 0, 0
40500, 800062, 0, 0, 0
40600, 697752, 0, 0, 0
40700, 732203, 0, 0, 0
40800, 716514, 0, 0, 0
40900, 738067, 0, 0, 0
41000, 880979, 0, 0, 0
41100, 864299, 0, 0, 0
41200, 790489, 0, 0, 0
41300, 757321, 0, 0, 0
41400, 869227, 0, 0, 0
41500, 796954, 0, 0, 0
41600, 820033, 0, 0, 0
41700, 815085, 0, 0, 0
41800, 783356, 0, 0, 0
41900, 800485, 0, 0, 0
42000, 779732, 0, 0, 0
42100, 774074, 0, 0, 0
42200, 781258, 0, 0, 0
42300, 817587, 0, 0, 0
42400, 789333, 0, 0, 0
42500, 861426, 0, 0, 0
42600, 785836, 0, 0, 0
42700, 786911, 0, 0, 0
42800, 884041, 0, 0, 0
42900, 741351, 0, 0, 0
43000, 732230, 0, 0, 0
43100, 766580, 0, 0, 0
43200, 803051, 0, 0, 0
43300, 907204, 0, 0, 0
43400, 721168, 0, 0, 0
43500, 725158, 0, 0, 0
43600, 850756, 0, 0, 0
43700, 753443, 0, 0, 0
43800, 756376, 0, 0, 0
43900, 833355, 0, 0, 0
44000, 745442, 0, 0, 0
44100, 739521, 0, 0, 0
44200, 809431, 0, 0, 0
44300, 863005, 0, 0, 0
44400, 692923, 0, 0, 0
44500, 788054, 0, 0, 0
44600, 773417, 0, 0, 0
44700, 773427, 0, 0, 0
44800, 748076, 0, 0, 0
44900, 728836, 0, 0, 0
45000, 731733, 0, 0, 0
45100, 728226, 0, 0, 0
45200, 851355, 0, 0, 0
45300, 893251, 0, 0, 0
45400, 978871, 0, 0, 0
45500, 766454, 0, 0, 0
45600, 748747, 0, 0, 0
45700, 753528, 0, 0, 0
45800, 757919, 0, 0, 0
45900, 905330, 0, 0, 0
46000, 804688, 0, 0, 0
46100, 785373, 0, 0, 0
46200, 855410, 0, 0, 0
46300, 837964, 0, 0, 0
46400, 781949, 0, 0, 0
46500, 888905, 0, 0, 0
46600, 1072850, 0, 0, 0
46700, 995516, 0, 0, 0
46800, 850636, 0, 0, 0
46900, 759051, 0, 0, 0
47000, 866437, 0, 0, 0
47100, 746664, 0, 0, 0
47200, 795057, 0, 0, 0
47300, 762460, 0, 0, 0
47400, 814098, 0, 0, 0
47500, 827059, 0, 0, 0
47600, 774483, 0, 0, 0
47700, 907752, 0, 0, 0
47800, 903631, 0, 0, 0
47900, 778962, 0, 0, 0
48000, 779313, 0, 0, 0
48100, 762324, 0, 0, 0
48200, 759158, 0, 0, 0
48300, 831483, 0, 0, 0
48400, 853337, 0, 0, 0
48500, 779561, 0, 0, 0
48600, 834846, 0, 0, 0
48700, 806415, 0, 0, 0
48800, 799520, 0, 0, 0
48900, 796628, 0, 0, 0
49000, 776099, 0, 0, 0
49100, 1079667, 0, 0, 0
49200, 759331, 0, 0, 0
49300, 771107, 0, 0, 0
49400, 776138, 0, 0, 0
49500, 760419, 0, 0, 0
49600, 757571, 0, 0, 0
49700, 769099, 0, 0, 0
49800, 804993, 0, 0, 0
49900, 749064, 0, 0, 0
50000, 772361, 0, 0, 0
50100, 789344, 0, 0, 0
50200, 764671, 0, 0, 0
50300, 914562, 0, 0, 0
50400, 689709, 0, 0, 0
50500, 785702, 0, 0, 0
50600, 776019, 0, 0, 0
50700, 767929, 0, 0, 0
50800, 790530, 0, 0, 0
50900, 782634, 0, 0, 0
51000, 816666, 0, 0, 0
51100, 822536, 0, 0, 0
51200, 765316, 0, 0, 0
51300, 786466, 0, 0, 0
51400, 915193, 0, 0, 0
51500, 736690, 0, 0, 0
51600, 742047, 0, 0, 0
51700, 737039, 0, 0, 0
51800, 762764, 0, 0, 0
51900, 827234, 0, 0, 0
52000, 790853, 0, 0, 0
52100, 782162, 0, 0, 0
52200, 848921, 0, 0, 0
52300, 1083187, 0, 0, 0
52400, 887515, 0, 0, 0
52500, 781586, 0, 0, 0
52600, 763589, 0, 0, 0
52700, 965543, 0, 0, 0
52800, 741586, 0, 0, 0
52900, 736112, 0, 0, 0
53000, 773894, 0, 0, 0
53100, 782961, 0, 0, 0
53200, 774953, 0, 0, 0
53300, 761600, 0, 0, 0
53400, 750065, 0, 0, 0
53500, 761227, 0, 0, 0
53600, 756873, 0, 0, 0
53700, 765329, 0, 0, 0
53800, 762019, 0, 0, 0
53900, 744264, 0, 0, 0
54000, 773644, 0, 0, 0
54100, 810747, 0, 0, 0
54200, 922222, 0, 0, 0
54300, 766459, 0, 0, 0
54400, 815535, 0, 0, 0
54500, 808086, 0, 0, 0
54600, 728718, 0, 0, 0
54700, 795953, 0, 0, 0
54800, 823518, 0, 0, 0
54900, 796714, 0, 0, 0
55000, 775900, 0, 0, 0
55100, 803851, 0, 0, 0
55200, 789897, 0, 0, 0
55300, 728595, 0, 0, 0
55400, 847245, 0, 0, 0
55500, 792303, 0, 0, 0
55600, 735216, 0, 0, 0
55700, 777347, 0, 0, 0
55800, 818837, 0, 0, 0
55900, 827681, 0, 0, 0
56000, 751405, 0, 0, 0
56100, 828123, 0, 0, 0
56200, 787789, 0, 0, 0
56300, 783559, 0, 0, 0
56400, 709605, 0, 0, 0
56500, 714790, 0, 0, 0
56600, 972458, 0, 0, 0
56700, 1088622, 0, 0, 0
56800, 781883, 0, 0, 0
56900, 844081, 0, 0, 0
57000, 766337, 0, 0, 0
57100, 765049, 0, 0, 0
57200, 882665, 0, 0, 0
57300, 800077, 0, 0, 0
57400, 777282, 0, 0, 0
57500, 780293, 0, 0, 0
57600, 771783, 0, 0, 0
57700, 756535, 0, 0, 0
57800, 733995, 0, 0, 0
57900, 735814, 0, 0, 0
58000, 706881, 0, 0, 0
58100, 766160, 0, 0, 0
58200, 822424, 0, 0, 0
58300, 773292, 0, 0, 0
58400, 927858, 0, 0, 0
58500, 797940, 0, 0, 0
58600, 813253, 0, 0, 0
58700, 740916, 0, 0, 0
58800, 741901, 0, 0, 0
58900, 786806, 0, 0, 0
59000, 788721, 0, 0, 0
59100, 775224, 0, 0, 0
59200, 775535, 0, 0, 0
59300, 806743, 0, 0, 0
59400, 813164, 0, 0, 0
59500, 801835, 0, 0, 0
59600, 744176, 0, 0, 0
59700, 745667, 0, 0, 0
59801, 762385, 0, 0, 0
59900, 737014, 0, 0, 0
60000, 796523, 0, 0, 0
60100, 1095112, 0, 0, 0
60200, 692268, 0, 0, 0
60300, 775123, 0, 0, 0
60400, 809582, 0, 0, 0
60500, 746443, 0, 0, 0
60600, 832726, 0, 0, 0
60700, 850402, 0, 0, 0
60800, 796630, 0, 0, 0
60900, 850525, 0, 0, 0
61000, 1073271, 0, 0, 0
61100, 948453, 0, 0, 0
61200, 748727, 0, 0, 0
61300, 782726, 0, 0, 0
61400, 845320, 0, 0, 0
61500, 801372, 0, 0, 0
61600, 755290, 0, 0, 0
61700, 769142, 0, 0, 0
61800, 762238, 0, 0, 0
61900, 758244, 0, 0, 0
62000, 790518, 0, 0, 0
62100, 755217, 0, 0, 0
62200, 743400, 0, 0, 0
62300, 757248, 0, 0, 0
62400, 830844, 0, 0, 0
62500, 845788, 0, 0, 0
62600, 854469, 0, 0, 0
62700, 965630, 0, 0, 0
62800, 711856, 0, 0, 0
62900, 732589, 0, 0, 0
63000, 718643, 0, 0, 0
63100, 737842, 0, 0, 0
63200, 913055, 0, 0, 0
63300, 1046621, 0, 0, 0
63400, 693485, 0, 0, 0
63500, 791214, 0, 0, 0
63600, 782117, 0, 0, 0
63700, 758464, 0, 0, 0
63800, 762369, 0, 0, 0
63900, 1125751, 0, 0, 0
64000, 1541668, 0, 0, 0
64100, 901372, 0, 0, 0
64200, 781036, 0, 0, 0
64300, 785475, 0, 0, 0
64400, 880781, 0, 0, 0
64500, 740431, 0, 0, 0
64600, 756598, 0, 0, 0
64700, 779385, 0, 0, 0
64800, 782318, 0, 0, 0
64900, 861844, 0, 0, 0
65000, 913099, 0, 0, 0
65100, 793182, 0, 0, 0
65200, 765943, 0, 0, 0
65300, 769954, 0, 0, 0
65400, 1025724, 0, 0, 0
65500, 820039, 0, 0, 0
65600, 899085, 0, 0, 0
65700, 777218, 0, 0, 0
65800, 717266, 0, 0, 0
65900, 858079, 0, 0, 0
66000, 1080649, 0, 0, 0
66100, 846049, 0, 0, 0
66200, 809975, 0, 0, 0
66300, 787791, 0, 0, 0
66400, 829997, 0, 0, 0
66500, 805546, 0, 0, 0
66600, 746078, 0, 0, 0
66700, 807371, 0, 0, 0
66800, 883932, 0, 0, 0
66900, 816199, 0, 0, 0
67000, 832828, 0, 0, 0
67100, 1023833, 0, 0, 0
67200, 1384136, 0, 0, 0
67300, 712121, 0, 0, 0
67400, 780442, 0, 0, 0
67500, 757555, 0, 0, 0
67600, 739224, 0, 0, 0
67700, 799181, 0, 0, 0
67800, 906295, 0, 0, 0
67900, 1061630, 0, 0, 0
68000, 763440, 0, 0, 0
68100, 790164, 0, 0, 0
68200, 816914, 0, 0, 0
68300, 772151, 0, 0, 0
68400, 872948, 0, 0, 0
68500, 1107500, 0, 0, 0
68600, 769226, 0, 0, 0
68700, 780516, 0, 0, 0
68800, 776058, 0, 0, 0
68900, 781028, 0, 0, 0
69000, 727478, 0, 0, 0
69100, 710732, 0, 0, 0
69200, 808739, 0, 0, 0
69300, 817027, 0, 0, 0
69400, 777043, 0, 0, 0
69500, 729567, 0, 0, 0
69600, 847993, 0, 0, 0
69700, 878108, 0, 0, 0
69800, 761879, 0, 0, 0
69900, 767668, 0, 0, 0
70000, 791070, 0, 0, 0
70100, 757807, 0, 0, 0
70200, 809636, 0, 0, 0
70301, 985010, 0, 0, 0
70400, 785440, 0, 0, 0
70500, 894073, 0, 0, 0
70600, 899546, 0, 0, 0
70700, 880239, 0, 0, 0
70800, 916150, 0, 0, 0
70900, 967421, 0, 0, 0
71000, 781780, 0, 0, 0
71100, 853222, 0, 0, 0
71200, 1057587, 0, 0, 0
71301, 1522686, 0, 0, 0
71400, 1230961, 0, 0, 0
71500, 849753, 0, 0, 0
71600, 871794, 0, 0, 0
71700, 810649, 0, 0, 0
71800, 853325, 0, 0, 0
71900, 858414, 0, 0, 0
72000, 833434, 0, 0, 0
72100, 805198, 0, 0, 0
72200, 878059, 0, 0, 0
72300, 976265, 0, 0, 0
72400, 1416839, 0, 0, 0
72500, 1100551, 0, 0, 0
72600, 1067602, 0, 0, 0
72700, 1064988, 0, 0, 0
72800, 808715, 0, 0, 0
72900, 831362, 0, 0, 0
73000, 839859, 0, 0, 0
73100, 833167, 0, 0, 0
73200, 811864, 0, 0, 0
73300, 821289, 0, 0, 0
73400, 800855, 0, 0, 0
73500, 802990, 0, 0, 0
73600, 800855, 0, 0, 0
73700, 803432, 0, 0, 0
73800, 783438, 0, 0, 0
73900, 843286, 0, 0, 0
74000, 901978, 0, 0, 0
74100, 1050075, 0, 0, 0
74200, 819551, 0, 0, 0
74300, 891075, 0, 0, 0
74400, 1112628, 0, 0, 0
74500, 1083736, 0, 0, 0
74600, 843235, 0, 0, 0
74700, 805584, 0, 0, 0
74800, 770084, 0, 0, 0
74900, 760282, 0, 0, 0
75000, 842665, 0, 0, 0
75100, 862869, 0, 0, 0
75200, 979387, 0, 0, 0
75300, 836930, 0, 0, 0
75400, 854296, 0, 0, 0
75500, 871984, 0, 0, 0
75600, 832427, 0, 0, 0
75700, 860148, 0, 0, 0
75800, 945048, 0, 0, 0
75900, 856714, 0, 0, 0
76000, 862477, 0, 0, 0
76100, 997211, 0, 0, 0
76200, 936822, 0, 0, 0
76300, 847977, 0, 0, 0
76400, 902741, 0, 0, 0
76500, 743721, 0, 0, 0
76600, 719982, 0, 0, 0
76700, 987117, 0, 0, 0
76800, 1005159, 0, 0, 0
76900, 772640, 0, 0, 0
77000, 808078, 0, 0, 0
77100, 772455, 0, 0, 0
77200, 747313, 0, 0, 0
77300, 793976, 0, 0, 0
77400, 830223, 0, 0, 0
77500, 807800, 0, 0, 0
77600, 765827, 0, 0, 0
77700, 825060, 0, 0, 0
77800, 778315, 0, 0, 0
77900, 735380, 0, 0, 0
78000, 733521, 0, 0, 0
78100, 811625, 0, 0, 0
78200, 831875, 0, 0, 0
78300, 800772, 0, 0, 0
78400, 836957, 0, 0, 0
78500, 822272, 0, 0, 0
78600, 762601, 0, 0, 0
78700, 797358, 0, 0, 0
78800, 752780, 0, 0, 0
78900, 886668, 0, 0, 0
79000, 1049853, 0, 0, 0
79100, 814148, 0, 0, 0
79200, 801110, 0, 0, 0
79300, 774632, 0, 0, 0
79400, 806474, 0, 0, 0
79500, 829500, 0, 0, 0
79600, 1241790, 0, 0, 0
79700, 1063648, 0, 0, 0
79800, 1069863, 0, 0, 0
79900, 877694, 0, 0, 0
80000, 886104, 0, 0, 0
80100, 818504, 0, 0, 0
80200, 798328, 0, 0, 0
80300, 847858, 0, 0, 0
80400, 1280946, 0, 0, 0
80500, 939400, 0, 0, 0
80600, 1187974, 0, 0, 0
80700, 1068415, 0, 0, 0
80800, 1004743, 0, 0, 0
80900, 837524, 0, 0, 0
81000, 791074, 0, 0, 0
81100, 793218, 0, 0, 0
81200, 781611, 0, 0, 0
81300, 784765, 0, 0, 0
81400, 797982, 0, 0, 0
81500, 807818, 0, 0, 0
81600, 807915, 0, 0, 0
81700, 856877, 0, 0, 0
81800, 869213, 0, 0, 0
81900, 880072, 0, 0, 0
82000, 802263, 0, 0, 0
82100, 788012, 0, 0, 0
82200, 796971, 0, 0, 0
82300, 802302, 0, 0, 0
82400, 842529, 0, 0, 0
82500, 838914, 0, 0, 0
82600, 805688, 0, 0, 0
82700, 822321, 0, 0, 0
82800, 797822, 0, 0, 0
82900, 781771, 0, 0, 0
83000, 829263, 0, 0, 0
83100, 806507, 0, 0, 0
83200, 803895, 0, 0, 0
83300, 836364, 0, 0, 0
83400, 853057, 0, 0, 0
83500, 864609, 0, 0, 0
83600, 773221, 0, 0, 0
83700, 765853, 0, 0, 0
83800, 891842, 0, 0, 0
83900, 1102798, 0, 0, 0
84000, 858382, 0, 0, 0
84100, 852958, 0, 0, 0
84200, 822427, 0, 0, 0
84300, 827707, 0, 0, 0
84400, 1077710, 0, 0, 0
84500, 1091677, 0, 0, 0
84600, 1045646, 0, 0, 0
84700, 827774, 0, 0, 0
84800, 795772, 0, 0, 0
84900, 917879, 0, 0, 0
85000, 810529, 0, 0, 0
85100, 815526, 0, 0, 0
85200, 749946, 0, 0, 0
85300, 833393, 0, 0, 0
85400, 898704, 0, 0, 0
85500, 863323, 0, 0, 0
85600, 919785, 0, 0, 0
85700, 810404, 0, 0, 0
85800, 773066, 0, 0, 0
85900, 770486, 0, 0, 0
86000, 1002820, 0, 0, 0
86100, 808653, 0, 0, 0
86200, 783042, 0, 0, 0
86300, 842849, 0, 0, 0
86400, 835467, 0, 0, 0
86500, 834137, 0, 0, 0
86600, 782919, 0, 0, 0
86700, 781397, 0, 0, 0
86800, 789508, 0, 0, 0
86900, 762308, 0, 0, 0
87000, 799116, 0, 0, 0
87100, 852722, 0, 0, 0
87200, 856540, 0, 0, 0
87300, 832258, 0, 0, 0
87400, 880323, 0, 0, 0
87500, 799204, 0, 0, 0
87600, 805900, 0, 0, 0
87700, 808877, 0, 0, 0
87800, 813918, 0, 0, 0
87900, 817891, 0, 0, 0
88000, 816489, 0, 0, 0
88100, 798141, 0, 0, 0
88200, 817957, 0, 0, 0
88300, 772286, 0, 0, 0
88400, 801814, 0, 0, 0
88500, 828940, 0, 0, 0
88600, 896428, 0, 0, 0
88700, 846147, 0, 0, 0
88800, 897391, 0, 0, 0
88900, 849612, 0, 0, 0
89000, 769784, 0, 0, 0
89100, 827887, 0, 0, 0
89200, 810645, 0, 0, 0
89300, 815959, 0, 0, 0
89400, 829068, 0, 0, 0
89500, 845247, 0, 0, 0
89600, 822517, 0, 0, 0
89700, 781793, 0, 0, 0
89800, 809746, 0, 0, 0
89900, 860323, 0, 0, 0
90000, 824720, 0, 0, 0
90000, 570261, 0, 0, 0
