150, 75357462, 1, 0, 0
226, 75115137, 1, 0, 0
301, 75677660, 1, 0, 0
456, 77255010, 1, 0, 0
531, 75168851, 1, 0, 0
600, 69077373, 1, 0, 0
709, 36098916, 1, 0, 0
802, 23234448, 1, 0, 0
914, 22387415, 1, 0, 0
1005, 22774319, 1, 0, 0
1119, 22896580, 1, 0, 0
1207, 21955860, 1, 0, 0
1303, 23850787, 1, 0, 0
1417, 22882815, 1, 0, 0
1503, 21392510, 1, 0, 0
1601, 24522301, 1, 0, 0
1714, 22464436, 1, 0, 0
1802, 22032849, 1, 0, 0
1982, 35938348, 1, 0, 0
2058, 76334787, 1, 0, 0
2132, 74080540, 1, 0, 0
2207, 74797598, 1, 0, 0
2358, 75535858, 1, 0, 0
2433, 75065216, 1, 0, 0
2513, 80196382, 1, 0, 0
2665, 75529766, 1, 0, 0
2738, 73571275, 1, 0, 0
2812, 74263280, 1, 0, 0
2964, 75515079, 1, 0, 0
3039, 75194078, 1, 0, 0
3115, 76640392, 1, 0, 0
3271, 77646314, 1, 0, 0
3344, 73374250, 1, 0, 0
3412, 68243937, 1, 0, 0
3518, 35126050, 1, 0, 0
3612, 23378936, 1, 0, 0
3700, 22158918, 1, 0, 0
3813, 22404565, 1, 0, 0
3909, 24082758, 1, 0, 0
4022, 22588348, 1, 0, 0
4110, 21862293, 1, 0, 0
4203, 23265151, 1, 0, 0
4312, 21763890, 1, 0, 0
4445, 66535050, 1, 0, 0
4520, 75037504, 1, 0, 0
4671, 75755241, 1, 0, 0
4747, 75490794, 1, 0, 0
4823, 75933201, 1, 0, 0
4976, 76264709, 1, 0, 0
5051, 75638908, 1, 0, 0
5126, 74651447, 1, 0, 0
5201, 74996947, 1, 0, 0
5352, 75445884, 1, 0, 0
5428, 76013789, 1, 0, 0
5503, 74753687, 1, 0, 0
5653, 75053888, 1, 0, 0
5728, 74922817, 1, 0, 0
5803, 75316184, 1, 0, 0
5917, 37777354, 1, 0, 0
6007, 22587257, 1, 0, 0
6102, 23638686, 1, 0, 0
6218, 23244726, 1, 0, 0
6305, 21833766, 1, 0, 0
6401, 23918943, 1, 0, 0
6516, 22906740, 1, 0, 0
6602, 21610157, 1, 0, 0
6718, 23168676, 1, 0, 0
6864, 36465334, 1, 0, 0
6940, 75165851, 1, 0, 0
7011, 70993421, 1, 0, 0
7158, 73729772, 1, 0, 0
7233, 74826844, 1, 0, 0
7311, 77818839, 1, 0, 0
7464, 76276635, 1, 0, 0
7543, 79219114, 1, 0, 0
7618, 75474250, 1, 0, 0
7766, 73900771, 1, 0, 0
7841, 75116264, 1, 0, 0
7917, 75885101, 1, 0, 0
8068, 75407024, 1, 0, 0
8143, 75237400, 1, 0, 0
8218, 74369170, 1, 0, 0
8312, 23603531, 1, 0, 0
8401, 22216253, 1, 0, 0
8514, 22555774, 1, 0, 0
8611, 24121974, 1, 0, 0
8724, 22690222, 1, 0, 0
8813, 22217558, 1, 0, 0
8908, 23532790, 1, 0, 0
9021, 22586966, 1, 0, 0
9113, 23113134, 1, 0, 0
9203, 22446380, 1, 0, 0
9316, 22444752, 1, 0, 0
9459, 47759832, 1, 0, 0
9535, 76226699, 1, 0, 0
9612, 76952565, 1, 0, 0
9764, 75836656, 1, 0, 0
9837, 73501391, 1, 0, 0
9911, 74024498, 1, 0, 0
10062, 75443556, 1, 0, 0
10138, 75133173, 1, 0, 0
10214, 76516456, 1, 0, 0
10369, 77207168, 1, 0, 0
10444, 74855286, 1, 0, 0
10519, 75053364, 1, 0, 0
10669, 74968191, 1, 0, 0
10742, 73315603, 1, 0, 0
10812, 70433433, 1, 0, 0
10903, 22604043, 1, 0, 0
11018, 22965951, 1, 0, 0
11107, 22230850, 1, 0, 0
11201, 23520438, 1, 0, 0
11317, 23117447, 1, 0, 0
11404, 21752517, 1, 0, 0
11518, 22767497, 1, 0, 0
11614, 23939637, 1, 0, 0
11702, 21927701, 1, 0, 0
11816, 22919231, 1, 0, 0
11909, 23121424, 1, 0, 0
12027, 39330696, 1, 0, 0
12103, 75872634, 1, 0, 0
12250, 73368180, 1, 0, 0
12324, 74432760, 1, 0, 0
12400, 75965359, 1, 0, 0
12550, 75017391, 1, 0, 0
12626, 75618096, 1, 0, 0
12774, 74107684, 1, 0, 0
12848, 73823318, 1, 0, 0
12924, 76104727, 1, 0, 0
13000, 76158745, 1, 0, 0
13156, 77735148, 1, 0, 0
13231, 75347321, 1, 0, 0
13304, 72873266, 1, 0, 0
13459, 77316986, 1, 0, 0
13506, 23641144, 1, 0, 0
13619, 22580314, 1, 0, 0
13708, 22134706, 1, 0, 0
13802, 23447464, 1, 0, 0
13915, 22568323, 1, 0, 0
14007, 22991989, 1, 0, 0
14122, 23091381, 1, 0, 0
14210, 21886258, 1, 0, 0
14304, 23440147, 1, 0, 0
14415, 22152575, 1, 0, 0
14534, 59500319, 1, 0, 0
14609, 75715031, 1, 0, 0
14763, 76973129, 1, 0, 0
14842, 78394219, 1, 0, 0
14916, 74104716, 1, 0, 0
15091, 87538534, 1, 0, 0
15165, 74164534, 1, 0, 0
15240, 74831950, 1, 0, 0
15316, 75861299, 1, 0, 0
15468, 75837867, 1, 0, 0
15544, 76452357, 1, 0, 0
15620, 75415410, 1, 0, 0
15771, 75752674, 1, 0, 0
15845, 74121111, 1, 0, 0
15921, 75719169, 1, 0, 0
16010, 44468081, 1, 0, 0
16105, 23831113, 1, 0, 0
16219, 22585014, 1, 0, 0
16310, 22728632, 1, 0, 0
16402, 23032808, 1, 0, 0
16514, 22512938, 1, 0, 0
16608, 23464421, 1, 0, 0
16722, 22720422, 1, 0, 0
16809, 21818179, 1, 0, 0
16948, 34559418, 1, 0, 0
17021, 72760018, 1, 0, 0
17165, 72275233, 1, 0, 0
17240, 74740204, 1, 0, 0
17315, 74925825, 1, 0, 0
17470, 77268231, 1, 0, 0
17544, 74658765, 1, 0, 0
17620, 75796637, 1, 0, 0
17772, 75861262, 1, 0, 0
17848, 75787196, 1, 0, 0
17924, 75806843, 1, 0, 0
18070, 73133375, 1, 0, 0
18144, 74160948, 1, 0, 0
18220, 75506812, 1, 0, 0
18316, 31965835, 1, 0, 0
18408, 22966202, 1, 0, 0
18523, 23101155, 1, 0, 0
18611, 21914646, 1, 0, 0
18705, 23581338, 1, 0, 0
18821, 23067545, 1, 0, 0
18907, 21476988, 1, 0, 0
19004, 24332259, 1, 0, 0
19117, 22480650, 1, 0, 0
19205, 22065806, 1, 0, 0
19322, 23236883, 1, 0, 0
19412, 22454464, 1, 0, 0
19502, 22682457, 1, 0, 0
19647, 28949399, 1, 0, 0
19723, 75989832, 1, 0, 0
19874, 75508796, 1, 0, 0
19950, 75377075, 1, 0, 0
20025, 75557308, 1, 0, 0
20101, 76079374, 1, 0, 0
20251, 74487023, 1, 0, 0
20326, 75710572, 1, 0, 0
20405, 78445885, 1, 0, 0
20555, 75091307, 1, 0, 0
20631, 75925594, 1, 0, 0
20707, 76286411, 1, 0, 0
20858, 75407476, 1, 0, 0
20933, 75039236, 1, 0, 0
21010, 76486416, 1, 0, 0
21116, 53101430, 1, 0, 0
21213, 24184610, 1, 0, 0
21326, 22579328, 1, 0, 0
21415, 22265268, 1, 0, 0
21510, 23685533, 1, 0, 0
21623, 22606832, 1, 0, 0
21715, 22920535, 1, 0, 0
21806, 22695083, 1, 0, 0
21917, 22206955, 1, 0, 0
22011, 23442160, 1, 0, 0
22167, 31180027, 1, 0, 0
22245, 78042282, 1, 0, 0
22321, 75679429, 1, 0, 0
22471, 75314112, 1, 0, 0
22546, 75088957, 1, 0, 0
22622, 75715068, 1, 0, 0
22774, 75705369, 1, 0, 0
22848, 74045844, 1, 0, 0
22923, 75654805, 1, 0, 0
23001, 77793830, 1, 0, 0
23152, 75478126, 1, 0, 0
23228, 75600424, 1, 0, 0
23304, 75995742, 1, 0, 0
23453, 74676388, 1, 0, 0
23530, 76406982, 1, 0, 0
23640, 55248287, 1, 0, 0
23710, 23175155, 1, 0, 0
23802, 22953860, 1, 0, 0
23917, 22948244, 1, 0, 0
24006, 22288150, 1, 0, 0
24101, 23628116, 1, 0, 0
24215, 22819616, 1, 0, 0
24301, 21467297, 1, 0, 0
24415, 22926390, 1, 0, 0
24508, 23075203, 1, 0, 0
24618, 27612104, 1, 0, 0
24774, 77985534, 1, 0, 0
24845, 70168973, 1, 0, 0
24920, 75363592, 1, 0, 0
25065, 72445398, 1, 0, 0
25141, 75761804, 1, 0, 0
25216, 75134191, 1, 0, 0
25368, 76208864, 1, 0, 0
25445, 76237368, 1, 0, 0
25522, 76802830, 1, 0, 0
25601, 79500495, 1, 0, 0
25752, 75603128, 1, 0, 0
25826, 73550897, 1, 0, 0
25901, 74699289, 1, 0, 0
26048, 73525734, 1, 0, 0
26104, 28297000, 1, 0, 0
26202, 24323527, 1, 0, 0
26315, 22550383, 1, 0, 0
26404, 22345741, 1, 0, 0
26520, 23212278, 1, 0, 0
26612, 22999738, 1, 0, 0
26704, 22981147, 1, 0, 0
26820, 23130218, 1, 0, 0
26909, 22193232, 1, 0, 0
27003, 23456692, 1, 0, 0
27119, 23238610, 1, 0, 0
27200, 26796219, 1, 0, 0
27359, 79499832, 1, 0, 0
27435, 76225061, 1, 0, 0
27513, 77711672, 1, 0, 0
27661, 74258938, 1, 0, 0
27737, 76014375, 1, 0, 0
27813, 75033541, 1, 0, 0
27965, 76316576, 1, 0, 0
28041, 75419594, 1, 0, 0
28114, 73514552, 1, 0, 0
28265, 75316390, 1, 0, 0
28345, 80555249, 1, 0, 0
28424, 78801324, 1, 0, 0
28505, 80453611, 1, 0, 0
28603, 32617996, 1, 0, 0
28718, 23070806, 1, 0, 0
28807, 22292484, 1, 0, 0
28900, 23175563, 1, 0, 0
29015, 22950706, 1, 0, 0
29102, 21817784, 1, 0, 0
29217, 22834895, 1, 0, 0
29313, 23904336, 1, 0, 0
29400, 21743999, 1, 0, 0
29516, 23299606, 1, 0, 0
29609, 23115145, 1, 0, 0
29720, 22312650, 1, 0, 0
29813, 23244691, 1, 0, 0
29973, 39783203, 1, 0, 0
30049, 76031496, 1, 0, 0
30125, 76380314, 1, 0, 0
30203, 77853924, 1, 0, 0
30353, 74838389, 1, 0, 0
30429, 75705767, 1, 0, 0
30507, 78501069, 1, 0, 0
30657, 75045217, 1, 0, 0
30733, 75822085, 1, 0, 0
30809, 76051480, 1, 0, 0
30959, 75092190, 1, 0, 0
31035, 75381141, 1, 0, 0
31110, 74901146, 1, 0, 0
31260, 74932266, 1, 0, 0
31336, 75635762, 1, 0, 0
31422, 86321261, 1, 0, 0
31508, 21406510, 1, 0, 0
31604, 23984203, 1, 0, 0
31718, 22744010, 1, 0, 0
31806, 22013872, 1, 0, 0
31921, 23041657, 1, 0, 0
32013, 22860618, 1, 0, 0
32103, 22573110, 1, 0, 0
32218, 22873533, 1, 0, 0
32305, 21831672, 1, 0, 0
32451, 72905520, 1, 0, 0
32528, 77076893, 1, 0, 0
32604, 76371333, 1, 0, 0
32758, 76932113, 1, 0, 0
32835, 76519937, 1, 0, 0
32911, 75861075, 1, 0, 0
33066, 77743681, 1, 0, 0
33142, 75979189, 1, 0, 0
33217, 75068918, 1, 0, 0
33370, 76351538, 1, 0, 0
33447, 76992650, 1, 0, 0
33524, 76484899, 1, 0, 0
33601, 76641652, 1, 0, 0
33751, 75435406, 1, 0, 0
33827, 75616962, 1, 0, 0
33917, 29980243, 1, 0, 0
34014, 24083456, 1, 0, 0
34100, 21636996, 1, 0, 0
34204, 25974108, 1, 0, 0
34316, 22407838, 1, 0, 0
34411, 23659201, 1, 0, 0
34500, 22047989, 1, 0, 0
34611, 22227833, 1, 0, 0
34708, 24208206, 1, 0, 0
34810, 33857995, 1, 0, 0
34961, 75717266, 1, 0, 0
35036, 75273363, 1, 0, 0
35112, 75774048, 1, 0, 0
35264, 75853261, 1, 0, 0
35339, 75002240, 1, 0, 0
35413, 74425308, 1, 0, 0
35564, 75242697, 1, 0, 0
35642, 78019232, 1, 0, 0
35717, 74969165, 1, 0, 0
35869, 75942487, 1, 0, 0
35944, 75182931, 1, 0, 0
36018, 74071212, 1, 0, 0
36169, 75245574, 1, 0, 0
36240, 71170375, 1, 0, 0
36324, 27894281, 1, 0, 0
36412, 22051744, 1, 0, 0
36506, 23365268, 1, 0, 0
36618, 22373916, 1, 0, 0
36710, 23099554, 1, 0, 0
36800, 22443609, 1, 0, 0
36912, 22486653, 1, 0, 0
37007, 23649267, 1, 0, 0
37120, 22595272, 1, 0, 0
37206, 21484267, 1, 0, 0
37343, 34143766, 1, 0, 0
37417, 74255491, 1, 0, 0
37572, 77511427, 1, 0, 0
37648, 75548804, 1, 0, 0
37723, 75280443, 1, 0, 0
37875, 75712268, 1, 0, 0
37950, 75682374, 1, 0, 0
38024, 73881383, 1, 0, 0
38100, 75660618, 1, 0, 0
38249, 74563735, 1, 0, 0
38328, 79111708, 1, 0, 0
38403, 75215197, 1, 0, 0
38554, 75402635, 1, 0, 0
38628, 73956349, 1, 0, 0
38704, 75998606, 1, 0, 0
38821, 58234784, 1, 0, 0
38911, 22545315, 1, 0, 0
39003, 22996469, 1, 0, 0
39116, 22486534, 1, 0, 0
39210, 23607428, 1, 0, 0
39300, 22331621, 1, 0, 0
39413, 22526232, 1, 0, 0
39509, 24063659, 1, 0, 0
39622, 22589625, 1, 0, 0
39710, 21914387, 1, 0, 0
39856, 36581746, 1, 0, 0
39933, 77119645, 1, 0, 0
40009, 75998125, 1, 0, 0
40164, 77359614, 1, 0, 0
40239, 74931885, 1, 0, 0
40314, 75369920, 1, 0, 0
40466, 75863586, 1, 0, 0
40542, 75862840, 1, 0, 0
40618, 75552474, 1, 0, 0
40767, 74815550, 1, 0, 0
40843, 75424305, 1, 0, 0
40921, 78336562, 1, 0, 0
41072, 75506736, 1, 0, 0
41149, 76276933, 1, 0, 0
41224, 75775689, 1, 0, 0
41351, 63412069, 1, 0, 0
41400, 24252302, 1, 0, 0
41515, 23006542, 1, 0, 0
41602, 21832560, 1, 0, 0
41700, 24289513, 1, 0, 0
41813, 22560668, 1, 0, 0
41902, 22345629, 1, 0, 0
42018, 23119352, 1, 0, 0
42108, 22513012, 1, 0, 0
42201, 23229168, 1, 0, 0
42368, 55794035, 1, 0, 0
42448, 79460084, 1, 0, 0
42527, 78558608, 1, 0, 0
42605, 78886026, 1, 0, 0
42761, 77737856, 1, 0, 0
42839, 77711187, 1, 0, 0
42915, 76662931, 1, 0, 0
43067, 75615572, 1, 0, 0
43142, 75289097, 1, 0, 0
43218, 75805328, 1, 0, 0
43372, 76928234, 1, 0, 0
43452, 79910349, 1, 0, 0
43528, 76186810, 1, 0, 0
43602, 74319488, 1, 0, 0
43723, 60186942, 1, 0, 0
43816, 23265312, 1, 0, 0
43913, 24296964, 1, 0, 0
44009, 23862950, 1, 0, 0
44121, 22418937, 1, 0, 0
44213, 22922221, 1, 0, 0
44305, 23010043, 1, 0, 0
44418, 22567963, 1, 0, 0
44512, 23451672, 1, 0, 0
44601, 22172931, 1, 0, 0
44713, 22508349, 1, 0, 0
44854, 35179450, 1, 0, 0
44930, 76385988, 1, 0, 0
45005, 74767783, 1, 0, 0
45157, 76027644, 1, 0, 0
45233, 75347368, 1, 0, 0
45309, 75768266, 1, 0, 0
45466, 78808118, 1, 0, 0
45542, 76090211, 1, 0, 0
45617, 74987138, 1, 0, 0
45769, 75710167, 1, 0, 0
45846, 77489527, 1, 0, 0
45921, 75027910, 1, 0, 0
46074, 76351898, 1, 0, 0
46153, 78414614, 1, 0, 0
46231, 78317666, 1, 0, 0
46311, 80049789, 1, 0, 0
46414, 34268056, 1, 0, 0
46504, 22527060, 1, 0, 0
46621, 23262445, 1, 0, 0
46711, 22463863, 1, 0, 0
46804, 23302460, 1, 0, 0
46919, 23107701, 1, 0, 0
47006, 21688664, 1, 0, 0
47101, 23743589, 1, 0, 0
47211, 21891547, 1, 0, 0
47327, 57964860, 1, 0, 0
47405, 77765931, 1, 0, 0
47557, 76246638, 1, 0, 0
47631, 73932716, 1, 0, 0
47706, 74941908, 1, 0, 0
47857, 75521544, 1, 0, 0
47936, 78450321, 1, 0, 0
48012, 76685886, 1, 0, 0
48164, 75666219, 1, 0, 0
48237, 73501428, 1, 0, 0
48313, 75456145, 1, 0, 0
48464, 75336753, 1, 0, 0
48539, 75279574, 1, 0, 0
48616, 76931675, 1, 0, 0
48752, 68025056, 1, 0, 0
48825, 36340407, 1, 0, 0
48912, 21907839, 1, 0, 0
49008, 23868841, 1, 0, 0
49123, 22951894, 1, 0, 0
49213, 22630319, 1, 0, 0
49306, 23051492, 1, 0, 0
49419, 22574092, 1, 0, 0
49512, 23232448, 1, 0, 0
49601, 22305834, 1, 0, 0
49716, 28733760, 1, 0, 0
49869, 76345924, 1, 0, 0
49947, 77960728, 1, 0, 0
50023, 76422695, 1, 0, 0
50173, 74564016, 1, 0, 0
50247, 74287762, 1, 0, 0
50322, 74900731, 1, 0, 0
50477, 77320727, 1, 0, 0
50553, 76534107, 1, 0, 0
50628, 75257181, 1, 0, 0
50704, 75533337, 1, 0, 0
50853, 74496589, 1, 0, 0
50927, 74276276, 1, 0, 0
51004, 76213527, 1, 0, 0
51155, 75719235, 1, 0, 0
51215, 59819144, 1, 0, 0
51319, 25885653, 1, 0, 0
51412, 23276629, 1, 0, 0
51502, 22584929, 1, 0, 0
51615, 22540055, 1, 0, 0
51711, 24037655, 1, 0, 0
51826, 22932983, 1, 0, 0
51913, 21699538, 1, 0, 0
52014, 25127854, 1, 0, 0
52101, 21931245, 1, 0, 0
52248, 48977476, 1, 0, 0
52325, 76312079, 1, 0, 0
52476, 75568021, 1, 0, 0
52549, 72585424, 1, 0, 0
52621, 72130847, 1, 0, 0
52771, 75288483, 1, 0, 0
52848, 77018941, 1, 0, 0
52924, 75265228, 1, 0, 0
53004, 79726345, 1, 0, 0
53155, 75743938, 1, 0, 0
53228, 73404461, 1, 0, 0
53302, 73833876, 1, 0, 0
53451, 74503846, 1, 0, 0
53527, 75526892, 1, 0, 0
53611, 41957432, 1, 0, 0
53703, 22938465, 1, 0, 0
53818, 23108567, 1, 0, 0
53907, 22066270, 1, 0, 0
54001, 23525313, 1, 0, 0
54117, 23234354, 1, 0, 0
54203, 21394189, 1, 0, 0
54301, 24393083, 1, 0, 0
54415, 22772871, 1, 0, 0
54503, 22111595, 1, 0, 0
54619, 23106934, 1, 0, 0
54705, 21660535, 1, 0, 0
54838, 66081680, 1, 0, 0
54913, 75464441, 1, 0, 0
55063, 74913458, 1, 0, 0
55138, 74666568, 1, 0, 0
55213, 75494785, 1, 0, 0
55363, 74562036, 1, 0, 0
55437, 74831145, 1, 0, 0
55513, 75659241, 1, 0, 0
55663, 75114318, 1, 0, 0
55743, 79877321, 1, 0, 0
55818, 75130467, 1, 0, 0
55969, 75020138, 1, 0, 0
56043, 74319158, 1, 0, 0
56118, 75299191, 1, 0, 0
56236, 58659270, 1, 0, 0
56306, 23531923, 1, 0, 0
56400, 23386421, 1, 0, 0
56516, 23237356, 1, 0, 0
56604, 21929255, 1, 0, 0
56700, 23942845, 1, 0, 0
56814, 22865931, 1, 0, 0
56903, 22116176, 1, 0, 0
57019, 23182203, 1, 0, 0
57111, 22984317, 1, 0, 0
57216, 26218291, 1, 0, 0
57369, 76499436, 1, 0, 0
57446, 76598268, 1, 0, 0
57522, 75960429, 1, 0, 0
57673, 75718847, 1, 0, 0
57748, 74585908, 1, 0, 0
57824, 76138023, 1, 0, 0
57900, 75592050, 1, 0, 0
58054, 77043213, 1, 0, 0
58129, 74970375, 1, 0, 0
58202, 72906449, 1, 0, 0
58355, 76504695, 1, 0, 0
58430, 75592747, 1, 0, 0
58506, 75522738, 1, 0, 0
58658, 76136504, 1, 0, 0
58732, 73458735, 1, 0, 0
58800, 22670543, 1, 0, 0
58915, 23017189, 1, 0, 0
59003, 22055989, 1, 0, 0
59116, 22591259, 1, 0, 0
59213, 24172933, 1, 0, 0
59327, 22697308, 1, 0, 0
59416, 22210045, 1, 0, 0
59509, 23258057, 1, 0, 0
59622, 22514854, 1, 0, 0
59768, 48609135, 1, 0, 0
59844, 75935160, 1, 0, 0
59920, 76235078, 1, 0, 0
60072, 76060181, 1, 0, 0
60150, 77933595, 1, 0, 0
60226, 76032423, 1, 0, 0
60301, 74948759, 1, 0, 0
60451, 74864111, 1, 0, 0
60526, 75203955, 1, 0, 0
60602, 75670840, 1, 0, 0
60751, 74639935, 1, 0, 0
60826, 75202537, 1, 0, 0
60901, 74875654, 1, 0, 0
61055, 76823309, 1, 0, 0
61130, 75220934, 1, 0, 0
61246, 57681506, 1, 0, 0
61313, 22437377, 1, 0, 0
61402, 22098415, 1, 0, 0
61515, 22596667, 1, 0, 0
61611, 24052891, 1, 0, 0
61724, 22559507, 1, 0, 0
61813, 22115553, 1, 0, 0
61905, 23169598, 1, 0, 0
62017, 22265182, 1, 0, 0
62136, 29799612, 1, 0, 0
62212, 76054007, 1, 0, 0
62359, 73565603, 1, 0, 0
62435, 75895607, 1, 0, 0
62509, 73314187, 1, 0, 0
62661, 75995907, 1, 0, 0
62737, 76226360, 1, 0, 0
62813, 75756040, 1, 0, 0
62961, 74359289, 1, 0, 0
63037, 75450820, 1, 0, 0
63111, 74454556, 1, 0, 0
63261, 74855405, 1, 0, 0
63337, 75958040, 1, 0, 0
63412, 74899549, 1, 0, 0
63515, 25590009, 1, 0, 0
63611, 24092547, 1, 0, 0
63725, 22794892, 1, 0, 0
63813, 21949629, 1, 0, 0
63908, 23790339, 1, 0, 0
64022, 22631874, 1, 0, 0
64112, 22561956, 1, 0, 0
64204, 23004078, 1, 0, 0
64318, 22768985, 1, 0, 0
64412, 23422173, 1, 0, 0
64501, 22380952, 1, 0, 0
64615, 22642480, 1, 0, 0
64710, 23725749, 1, 0, 0
64824, 22778584, 1, 0, 0
64942, 39251447, 1, 0, 0
65017, 75268303, 1, 0, 0
65169, 75818347, 1, 0, 0
65246, 77132269, 1, 0, 0
65322, 76006430, 1, 0, 0
65475, 76397983, 1, 0, 0
65550, 75289332, 1, 0, 0
65623, 73233388, 1, 0, 0
65702, 78389449, 1, 0, 0
65852, 74909482, 1, 0, 0
65927, 75761886, 1, 0, 0
66003, 75892597, 1, 0, 0
66155, 75809330, 1, 0, 0
66229, 73605072, 1, 0, 0
66302, 73654305, 1, 0, 0
66424, 60595858, 1, 0, 0
66519, 23759799, 1, 0, 0
66606, 21853895, 1, 0, 0
66702, 23884467, 1, 0, 0
66815, 22591120, 1, 0, 0
66906, 22638310, 1, 0, 0
67022, 23208994, 1, 0, 0
67111, 22215317, 1, 0, 0
67203, 23068164, 1, 0, 0
67316, 22458274, 1, 0, 0
67430, 56974219, 1, 0, 0
67506, 76650805, 1, 0, 0
67657, 75171852, 1, 0, 0
67731, 74210759, 1, 0, 0
67806, 74506648, 1, 0, 0
67957, 75717824, 1, 0, 0
68034, 77043201, 1, 0, 0
68110, 75562940, 1, 0, 0
68262, 76066964, 1, 0, 0
68336, 74263970, 1, 0, 0
68411, 75160441, 1, 0, 0
68563, 75506787, 1, 0, 0
68639, 76532633, 1, 0, 0
68715, 75676940, 1, 0, 0
68854, 69399201, 1, 0, 0
68915, 30805374, 1, 0, 0
69008, 23082271, 1, 0, 0
69120, 22478145, 1, 0, 0
69214, 23508501, 1, 0, 0
69304, 22329982, 1, 0, 0
69416, 22485438, 1, 0, 0
69512, 23891724, 1, 0, 0
69625, 22486966, 1, 0, 0
69711, 21689361, 1, 0, 0
69803, 22780233, 1, 0, 0
69917, 57229602, 1, 0, 0
70073, 77901840, 1, 0, 0
70150, 77225645, 1, 0, 0
70224, 73537077, 1, 0, 0
70369, 72616389, 1, 0, 0
70440, 70530197, 1, 0, 0
70515, 74629313, 1, 0, 0
70665, 75307403, 1, 0, 0
70740, 74313969, 1, 0, 0
70819, 79645865, 1, 0, 0
70968, 74288532, 1, 0, 0
71043, 75253222, 1, 0, 0
71117, 74077193, 1, 0, 0
71264, 73351393, 1, 0, 0
71332, 67805734, 1, 0, 0
71424, 23067289, 1, 0, 0
71514, 22526846, 1, 0, 0
71606, 22975426, 1, 0, 0
71721, 22826062, 1, 0, 0
71814, 23274661, 1, 0, 0
71904, 22427779, 1, 0, 0
72017, 22614480, 1, 0, 0
72112, 23764871, 1, 0, 0
72226, 22748581, 1, 0, 0
72319, 23153201, 1, 0, 0
72459, 70207402, 1, 0, 0
72536, 77314176, 1, 0, 0
72616, 79916286, 1, 0, 0
72770, 76666674, 1, 0, 0
72846, 75832098, 1, 0, 0
72922, 76465104, 1, 0, 0
73072, 75028480, 1, 0, 0
73149, 76259220, 1, 0, 0
73224, 75541455, 1, 0, 0
73302, 77361090, 1, 0, 0
73456, 77414237, 1, 0, 0
73530, 74002504, 1, 0, 0
73605, 74534576, 1, 0, 0
73742, 68535998, 1, 0, 0
73812, 23117068, 1, 0, 0
73925, 22742925, 1, 0, 0
74014, 22030933, 1, 0, 0
74109, 23818114, 1, 0, 0
74223, 22711630, 1, 0, 0
74313, 22619901, 1, 0, 0
74407, 23415381, 1, 0, 0
74520, 22502575, 1, 0, 0
74613, 23259039, 1, 0, 0
74704, 22692037, 1, 0, 0
74816, 22397270, 1, 0, 0
74911, 23834995, 1, 0, 0
75002, 22602069, 1, 0, 0
75157, 77857038, 1, 0, 0
75234, 76671836, 1, 0, 0
75310, 75960903, 1, 0, 0
75461, 75308881, 1, 0, 0
75539, 78629354, 1, 0, 0
75615, 75240877, 1, 0, 0
75767, 76035347, 1, 0, 0
75842, 75084306, 1, 0, 0
75916, 74115861, 1, 0, 0
76067, 75205116, 1, 0, 0
76141, 74789411, 1, 0, 0
76217, 75274200, 1, 0, 0
76368, 75603604, 1, 0, 0
76436, 67704299, 1, 0, 0
76504, 22845135, 1, 0, 0
76619, 22923978, 1, 0, 0
76706, 21740965, 1, 0, 0
76801, 23799753, 1, 0, 0
76916, 22858478, 1, 0, 0
77004, 22047357, 1, 0, 0
77100, 23994325, 1, 0, 0
77213, 22415973, 1, 0, 0
77307, 23650168, 1, 0, 0
77422, 22926379, 1, 0, 0
77511, 22188856, 1, 0, 0
77604, 23167161, 1, 0, 0
77761, 39193135, 1, 0, 0
77838, 77506075, 1, 0, 0
77916, 77807757, 1, 0, 0
78068, 75979610, 1, 0, 0
78143, 75171555, 1, 0, 0
78219, 75722755, 1, 0, 0
78373, 76755015, 1, 0, 0
78454, 81222010, 1, 0, 0
78530, 75965289, 1, 0, 0
78605, 74993271, 1, 0, 0
78754, 74437669, 1, 0, 0
78829, 74779711, 1, 0, 0
78905, 76097495, 1, 0, 0
79057, 76126212, 1, 0, 0
79137, 79948060, 1, 0, 0
79215, 39033680, 1, 0, 0
79301, 21519771, 1, 0, 0
79417, 23186224, 1, 0, 0
79512, 23620012, 1, 0, 0
79603, 22595136, 1, 0, 0
79719, 23266153, 1, 0, 0
79810, 22737778, 1, 0, 0
79902, 23097045, 1, 0, 0
80005, 25551933, 1, 0, 0
80121, 23236413, 1, 0, 0
80205, 42103750, 1, 0, 0
80356, 75141067, 1, 0, 0
80428, 71836156, 1, 0, 0
80503, 75116976, 1, 0, 0
80650, 73852043, 1, 0, 0
80726, 75977958, 1, 0, 0
80802, 75305147, 1, 0, 0
80951, 74502687, 1, 0, 0
81029, 77690432, 1, 0, 0
81104, 75187539, 1, 0, 0
81255, 75444962, 1, 0, 0
81331, 76156630, 1, 0, 0
81405, 74105099, 1, 0, 0
81554, 74539635, 1, 0, 0
81627, 72807327, 1, 0, 0
81710, 27453255, 1, 0, 0
81814, 25960138, 1, 0, 0
81906, 23029385, 1, 0, 0
82020, 22828841, 1, 0, 0
82114, 23417319, 1, 0, 0
82203, 22269823, 1, 0, 0
82316, 22527554, 1, 0, 0
82413, 24257211, 1, 0, 0
82525, 22351412, 1, 0, 0
82633, 26999656, 1, 0, 0
82710, 76611616, 1, 0, 0
82865, 77647872, 1, 0, 0
82942, 77200762, 1, 0, 0
83017, 75331481, 1, 0, 0
83167, 74816739, 1, 0, 0
83242, 74944859, 1, 0, 0
83317, 75247028, 1, 0, 0
83469, 75531884, 1, 0, 0
83544, 75745900, 1, 0, 0
83623, 78741982, 1, 0, 0
83774, 75290218, 1, 0, 0
83849, 74980666, 1, 0, 0
83924, 74769783, 1, 0, 0
84066, 71061448, 1, 0, 0
84106, 39808110, 1, 0, 0
84219, 22691809, 1, 0, 0
84313, 23393796, 1, 0, 0
84403, 22420293, 1, 0, 0
84517, 22858336, 1, 0, 0
84614, 24317816, 1, 0, 0
84702, 21803875, 1, 0, 0
84817, 23011159, 1, 0, 0
84914, 24211893, 1, 0, 0
85001, 21775214, 1, 0, 0
85118, 23406909, 1, 0, 0
85269, 37578394, 1, 0, 0
85345, 76659603, 1, 0, 0
85422, 76189134, 1, 0, 0
85572, 75199674, 1, 0, 0
85649, 76581576, 1, 0, 0
85725, 76158151, 1, 0, 0
85801, 75712421, 1, 0, 0
85949, 74046286, 1, 0, 0
86024, 74902180, 1, 0, 0
86100, 75955497, 1, 0, 0
86252, 76254213, 1, 0, 0
86329, 76514707, 1, 0, 0
86408, 78989115, 1, 0, 0
86535, 63632683, 1, 0, 0
86606, 23398650, 1, 0, 0
86720, 22748509, 1, 0, 0
86812, 23071764, 1, 0, 0
86903, 22680216, 1, 0, 0
87016, 22587384, 1, 0, 0
87111, 23769304, 1, 0, 0
87200, 22231138, 1, 0, 0
87314, 22839696, 1, 0, 0
87412, 24475913, 1, 0, 0
87526, 22729524, 1, 0, 0
87616, 22535883, 1, 0, 0
87711, 23653515, 1, 0, 0
87801, 22338913, 1, 0, 0
87918, 23484057, 1, 0, 0
88004, 28532022, 1, 0, 0
88156, 76244104, 1, 0, 0
88233, 76378747, 1, 0, 0
88311, 78021782, 1, 0, 0
88460, 74725393, 1, 0, 0
88537, 76095428, 1, 0, 0
88611, 74552526, 1, 0, 0
88765, 76930942, 1, 0, 0
88841, 75896375, 1, 0, 0
88917, 75526569, 1, 0, 0
89066, 74844464, 1, 0, 0
89142, 75644157, 1, 0, 0
89216, 74262531, 1, 0, 0
89366, 74949887, 1, 0, 0
89438, 71508469, 1, 0, 0
89512, 37293649, 1, 0, 0
89604, 22841548, 1, 0, 0
89721, 23308297, 1, 0, 0
89811, 22470613, 1, 0, 0
89904, 23406939, 1, 0, 0
90019, 22952546, 1, 0, 0
