100, 44087913, 1, 0, 0
100, 19449221, 0, 0, 0
208, 39964303, 1, 0, 0
208, 10319687, 0, 0, 0
300, 48375039, 1, 0, 0
302, 10909761, 0, 0, 0
401, 12466247, 0, 0, 0
402, 43379484, 1, 0, 0
505, 43141134, 1, 0, 0
505, 8311726, 0, 0, 0
600, 12378305, 0, 0, 0
600, 50085760, 1, 0, 0
700, 47405559, 1, 0, 0
700, 14453619, 0, 0, 0
800, 13268407, 0, 0, 0
800, 43781549, 1, 0, 0
901, 40368284, 1, 0, 0
902, 8399954, 0, 0, 0
1000, 41261798, 1, 0, 0
1000, 15158977, 0, 0, 0
1100, 41306357, 1, 0, 0
1103, 9568566, 0, 0, 0
1201, 37502817, 1, 0, 0
1202, 21471572, 0, 0, 0
1300, 33895892, 1, 0, 0
1300, 11341484, 0, 0, 0
1400, 26192165, 1, 0, 0
1402, 9074904, 0, 0, 0
1500, 28599861, 1, 0, 0
1500, 9064231, 0, 0, 0
1600, 34545455, 1, 0, 0
1600, 30689026, 0, 0, 0
1700, 15030739, 0, 0, 0
1711, 33589431, 1, 0, 0
1807, 15680192, 0, 0, 0
1809, 28577311, 1, 0, 0
1900, 36039254, 1, 0, 0
1901, 15160544, 0, 0, 0
2000, 33628581, 1, 0, 0
2000, 12613111, 0, 0, 0
2102, 8975377, 0, 0, 0
2109, 34432414, 1, 0, 0
2203, 35754005, 1, 0, 0
2203, 7631982, 0, 0, 0
2300, 34347705, 1, 0, 0
2300, 9196306, 0, 0, 0
2401, 34940908, 1, 0, 0
2402, 12882377, 0, 0, 0
2503, 34413310, 1, 0, 0
2504, 9061300, 0, 0, 0
2600, 12226807, 0, 0, 0
2601, 31632170, 1, 0, 0
2700, 34145755, 1, 0, 0
2703, 5744035, 0, 0, 0
2801, 12112375, 0, 0, 0
2801, 33446614, 1, 0, 0
2903, 11037413, 0, 0, 0
2903, 29886068, 1, 0, 0
3000, 15565515, 0, 0, 0
3000, 33751785, 1, 0, 0
3104, 30814162, 1, 0, 0
3104, 10964632, 0, 0, 0
3202, 31036146, 1, 0, 0
3202, 10958697, 0, 0, 0
3301, 10452502, 0, 0, 0
3308, 32635660, 1, 0, 0
3403, 10134508, 0, 0, 0
3403, 37899464, 1, 0, 0
3502, 30694556, 1, 0, 0
3505, 9733146, 0, 0, 0
3600, 29526192, 1, 0, 0
3601, 8976756, 0, 0, 0
3700, 32985093, 1, 0, 0
3703, 16463029, 0, 0, 0
3800, 39696393, 1, 0, 0
3800, 14186426, 0, 0, 0
3904, 36029239, 1, 0, 0
3904, 6883154, 0, 0, 0
4000, 35763031, 1, 0, 0
4001, 7078485, 0, 0, 0
4100, 30797114, 1, 0, 0
4100, 10091768, 0, 0, 0
4200, 12380406, 0, 0, 0
4201, 32831198, 1, 0, 0
4303, 32072601, 1, 0, 0
4303, 9321468, 0, 0, 0
4400, 22558888, 0, 0, 0
4401, 36443929, 1, 0, 0
4501, 7999767, 0, 0, 0
4501, 40696919, 1, 0, 0
4601, 30977647, 1, 0, 0
4602, 9316640, 0, 0, 0
4701, 32139647, 1, 0, 0
4701, 12620733, 0, 0, 0
4800, 32101036, 1, 0, 0
4814, 12183015, 0, 0, 0
4900, 8834639, 0, 0, 0
4902, 32830466, 1, 0, 0
5003, 32043013, 1, 0, 0
5003, 9139661, 0, 0, 0
5100, 36457170, 1, 0, 0
5101, 11731017, 0, 0, 0
5204, 28877642, 1, 0, 0
5204, 10284564, 0, 0, 0
5300, 9648529, 0, 0, 0
5303, 30521737, 1, 0, 0
5400, 36752704, 1, 0, 0
5401, 11187149, 0, 0, 0
5504, 17594001, 0, 0, 0
5504, 33826156, 1, 0, 0
5600, 40775413, 1, 0, 0
5600, 13769810, 0, 0, 0
5707, 16238921, 0, 0, 0
5707, 37414130, 1, 0, 0
5805, 9640645, 0, 0, 0
5808, 37680486, 1, 0, 0
5900, 34601321, 1, 0, 0
5907, 7443538, 0, 0, 0
6000, 33050239, 1, 0, 0
6003, 9378447, 0, 0, 0
6100, 31227085, 1, 0, 0
6100, 9531862, 0, 0, 0
6205, 35161865, 1, 0, 0
6205, 13072739, 0, 0, 0
6300, 11220957, 0, 0, 0
6301, 35984718, 1, 0, 0
6400, 34964982, 1, 0, 0
6402, 12606753, 0, 0, 0
6500, 34255986, 1, 0, 0
6501, 12591735, 0, 0, 0
6601, 35292988, 1, 0, 0
6602, 9677585, 0, 0, 0
6701, 9889036, 0, 0, 0
6707, 37479910, 1, 0, 0
6802, 6992182, 0, 0, 0
6818, 34940060, 1, 0, 0
6900, 5541505, 0, 0, 0
6900, 43024870, 1, 0, 0
7001, 36193215, 1, 0, 0
7001, 6009253, 0, 0, 0
7100, 7456373, 0, 0, 0
7100, 36601778, 1, 0, 0
7200, 37203788, 1, 0, 0
7201, 11527664, 0, 0, 0
7300, 37561192, 1, 0, 0
7300, 5417782, 0, 0, 0
7400, 7033959, 0, 0, 0
7400, 33124961, 1, 0, 0
7500, 11403531, 0, 0, 0
7500, 31170716, 1, 0, 0
7603, 9972397, 0, 0, 0
7603, 34207014, 1, 0, 0
7701, 9596521, 0, 0, 0
7709, 33857718, 1, 0, 0
7800, 8366032, 0, 0, 0
7801, 35385685, 1, 0, 0
7901, 39876495, 1, 0, 0
7901, 7948548, 0, 0, 0
8001, 32052582, 1, 0, 0
8002, 11225101, 0, 0, 0
8103, 40785535, 1, 0, 0
8105, 10272941, 0, 0, 0
8201, 8044309, 0, 0, 0
8202, 38968719, 1, 0, 0
8300, 37905315, 1, 0, 0
8300, 7453486, 0, 0, 0
8400, 10572906, 0, 0, 0
8401, 30937514, 1, 0, 0
8501, 36604385, 1, 0, 0
8501, 10516414, 0, 0, 0
8600, 10015047, 0, 0, 0
8602, 38186499, 1, 0, 0
8700, 37406164, 1, 0, 0
8700, 9050532, 0, 0, 0
8802, 35384857, 1, 0, 0
8803, 15902291, 0, 0, 0
8901, 38372398, 1, 0, 0
8901, 16392064, 0, 0, 0
9000, 40895367, 1, 0, 0
9001, 12262521, 0, 0, 0
9100, 16874198, 0, 0, 0
9111, 37304716, 1, 0, 0
9207, 11454809, 0, 0, 0
9207, 40646020, 1, 0, 0
9300, 9966202, 0, 0, 0
9301, 38751477, 1, 0, 0
9400, 34282551, 1, 0, 0
9400, 12828638, 0, 0, 0
9501, 19427582, 0, 0, 0
9501, 52153300, 1, 0, 0
9601, 38087542, 1, 0, 0
9602, 11232210, 0, 0, 0
9701, 11464216, 0, 0, 0
9706, 33564082, 1, 0, 0
9801, 40303159, 1, 0, 0
9801, 12840336, 0, 0, 0
9900, 36362306, 1, 0, 0
9901, 9447118, 0, 0, 0
10000, 39296127, 1, 0, 0
10000, 10065344, 0, 0, 0
10101, 8089590, 0, 0, 0
10102, 26405419, 1, 0, 0
10202, 7963247, 0, 0, 0
10203, 32163500, 1, 0, 0
10301, 35973228, 1, 0, 0
10301, 13781525, 0, 0, 0
10401, 27745316, 1, 0, 0
10401, 25645244, 0, 0, 0
10501, 21140233, 0, 0, 0
10502, 35824428, 1, 0, 0
10600, 34828738, 1, 0, 0
10601, 7457819, 0, 0, 0
10701, 35036419, 1, 0, 0
10704, 8994256, 0, 0, 0
10800, 36763587, 1, 0, 0
10801, 6803509, 0, 0, 0
10900, 12373302, 0, 0, 0
10902, 38266340, 1, 0, 0
11001, 34349258, 1, 0, 0
11005, 11914849, 0, 0, 0
11105, 45221172, 1, 0, 0
11106, 15880494, 0, 0, 0
11206, 32316683, 1, 0, 0
11207, 8482880, 0, 0, 0
11303, 35193519, 1, 0, 0
11304, 11641302, 0, 0, 0
11400, 30056149, 1, 0, 0
11400, 8670548, 0, 0, 0
11501, 10158263, 0, 0, 0
11502, 36841526, 1, 0, 0
11600, 38573471, 1, 0, 0
11600, 8427556, 0, 0, 0
11705, 7298545, 0, 0, 0
11706, 36060428, 1, 0, 0
11800, 7271325, 0, 0, 0
11805, 37788030, 1, 0, 0
11900, 8117841, 0, 0, 0
11904, 34094603, 1, 0, 0
12000, 10576965, 0, 0, 0
12006, 35789678, 1, 0, 0
12101, 9937925, 0, 0, 0
12101, 33558484, 1, 0, 0
12200, 8005854, 0, 0, 0
12201, 34717498, 1, 0, 0
12300, 12884040, 0, 0, 0
12302, 35688969, 1, 0, 0
12401, 32682077, 1, 0, 0
12402, 9082747, 0, 0, 0
12500, 36444783, 1, 0, 0
12502, 8222245, 0, 0, 0
12601, 28778423, 1, 0, 0
12601, 10650468, 0, 0, 0
12700, 32401685, 1, 0, 0
12700, 13963975, 0, 0, 0
12800, 35254525, 1, 0, 0
12803, 15542972, 0, 0, 0
12900, 28587155, 1, 0, 0
12901, 15517482, 0, 0, 0
13000, 14704929, 0, 0, 0
13000, 36223837, 1, 0, 0
13101, 32780695, 1, 0, 0
13101, 15411620, 0, 0, 0
13200, 32104757, 1, 0, 0
13201, 10536476, 0, 0, 0
13300, 36294249, 1, 0, 0
13301, 14001556, 0, 0, 0
13400, 14816858, 0, 0, 0
13404, 33322730, 1, 0, 0
13500, 37668101, 1, 0, 0
13501, 8382018, 0, 0, 0
13600, 7347229, 0, 0, 0
13600, 37883027, 1, 0, 0
13701, 31511408, 1, 0, 0
13703, 8079117, 0, 0, 0
13801, 12519939, 0, 0, 0
13803, 35826629, 1, 0, 0
13900, 34890023, 1, 0, 0
13900, 16899524, 0, 0, 0
14000, 13280433, 0, 0, 0
14001, 38486890, 1, 0, 0
14100, 37857748, 1, 0, 0
14101, 10383298, 0, 0, 0
14201, 39042870, 1, 0, 0
14203, 9106246, 0, 0, 0
14301, 5810554, 0, 0, 0
14303, 46720541, 1, 0, 0
14400, 7181112, 0, 0, 0
14400, 30169333, 1, 0, 0
14500, 35118911, 1, 0, 0
14501, 12782841, 0, 0, 0
14600, 35263189, 1, 0, 0
14601, 12989744, 0, 0, 0
14701, 33578502, 1, 0, 0
14702, 9722820, 0, 0, 0
14800, 9081979, 0, 0, 0
14800, 30914775, 1, 0, 0
14900, 34201385, 1, 0, 0
14900, 10495616, 0, 0, 0
15000, 12782267, 0, 0, 0
15002, 28110836, 1, 0, 0
15100, 34307579, 1, 0, 0
15100, 9977277, 0, 0, 0
15200, 30430633, 1, 0, 0
15205, 9940857, 0, 0, 0
15301, 10816370, 0, 0, 0
15301, 32877059, 1, 0, 0
15400, 35099736, 1, 0, 0
15401, 9973141, 0, 0, 0
15500, 34391610, 1, 0, 0
15500, 11376434, 0, 0, 0
15600, 35472523, 1, 0, 0
15601, 14984627, 0, 0, 0
15700, 41391547, 1, 0, 0
15702, 10825729, 0, 0, 0
15800, 39598817, 1, 0, 0
15800, 10941404, 0, 0, 0
15900, 6289238, 0, 0, 0
15902, 33259937, 1, 0, 0
16000, 40826162, 1, 0, 0
16000, 14406468, 0, 0, 0
16100, 36894629, 1, 0, 0
16102, 15135179, 0, 0, 0
16201, 13596045, 0, 0, 0
16201, 37666653, 1, 0, 0
16301, 10624873, 0, 0, 0
16305, 37881094, 1, 0, 0
16400, 36920768, 1, 0, 0
16403, 11179101, 0, 0, 0
16500, 11959845, 0, 0, 0
16500, 34932415, 1, 0, 0
16600, 12649315, 0, 0, 0
16600, 34313327, 1, 0, 0
16700, 32523281, 1, 0, 0
16700, 9278523, 0, 0, 0
16800, 14656400, 0, 0, 0
16802, 34973138, 1, 0, 0
16902, 16843571, 0, 0, 0
16902, 38257547, 1, 0, 0
17000, 27689705, 1, 0, 0
17000, 7492183, 0, 0, 0
17100, 8096784, 0, 0, 0
17100, 35731214, 1, 0, 0
17200, 29335910, 1, 0, 0
17200, 16721679, 0, 0, 0
17302, 16930024, 0, 0, 0
17302, 33003608, 1, 0, 0
17400, 23072526, 0, 0, 0
17400, 30994577, 1, 0, 0
17501, 30913080, 1, 0, 0
17507, 13838192, 0, 0, 0
17600, 34016401, 1, 0, 0
17600, 14817771, 0, 0, 0
17700, 36387598, 1, 0, 0
17708, 11845117, 0, 0, 0
17800, 9422716, 0, 0, 0
17800, 36871918, 1, 0, 0
17900, 12171117, 0, 0, 0
17900, 35080354, 1, 0, 0
18001, 34583702, 1, 0, 0
18001, 9185587, 0, 0, 0
18100, 38671033, 1, 0, 0
18100, 7972307, 0, 0, 0
18201, 33125661, 1, 0, 0
18201, 10904552, 0, 0, 0
18301, 11501874, 0, 0, 0
18301, 33242407, 1, 0, 0
18400, 35291038, 1, 0, 0
18400, 7509299, 0, 0, 0
18500, 9413891, 0, 0, 0
18502, 38338272, 1, 0, 0
18601, 38678036, 1, 0, 0
18607, 14509912, 0, 0, 0
18700, 8965732, 0, 0, 0
18703, 38125048, 1, 0, 0
18802, 40700936, 1, 0, 0
18802, 9580506, 0, 0, 0
18900, 48974201, 1, 0, 0
18901, 9846251, 0, 0, 0
19000, 15162408, 0, 0, 0
19000, 35800795, 1, 0, 0
19100, 18569003, 0, 0, 0
19106, 42927354, 1, 0, 0
19200, 42619625, 1, 0, 0
19200, 7626052, 0, 0, 0
19300, 38188115, 1, 0, 0
19302, 15081634, 0, 0, 0
19405, 11703772, 0, 0, 0
19405, 38040076, 1, 0, 0
19500, 9360331, 0, 0, 0
19502, 38855758, 1, 0, 0
19600, 16623196, 0, 0, 0
19600, 38957220, 1, 0, 0
19700, 46573091, 1, 0, 0
19701, 8698294, 0, 0, 0
19802, 9304892, 0, 0, 0
19804, 34014301, 1, 0, 0
19903, 29771731, 0, 0, 0
19911, 45582029, 1, 0, 0
20000, 12029327, 0, 0, 0
20000, 37848037, 1, 0, 0
20100, 14361524, 0, 0, 0
20101, 33386201, 1, 0, 0
20200, 29929396, 1, 0, 0
20201, 14278523, 0, 0, 0
20300, 26856448, 0, 0, 0
20302, 37767729, 1, 0, 0
20400, 71785645, 1, 0, 0
20401, 9848558, 0, 0, 0
20505, 41048513, 1, 0, 0
20508, 9527682, 0, 0, 0
20600, 43286086, 1, 0, 0
20602, 9305559, 0, 0, 0
20701, 42537576, 1, 0, 0
20702, 10922141, 0, 0, 0
20801, 11302609, 0, 0, 0
20805, 41515960, 1, 0, 0
20900, 37220056, 1, 0, 0
20901, 16643022, 0, 0, 0
21007, 12342210, 0, 0, 0
21012, 37893413, 1, 0, 0
21100, 41022486, 1, 0, 0
21100, 20483057, 0, 0, 0
21200, 11535659, 0, 0, 0
21200, 38959763, 1, 0, 0
21302, 37460096, 1, 0, 0
21302, 9406327, 0, 0, 0
21400, 37664298, 1, 0, 0
21400, 17714822, 0, 0, 0
21500, 40541490, 1, 0, 0
21502, 14945390, 0, 0, 0
21601, 48521887, 1, 0, 0
21606, 14975947, 0, 0, 0
21700, 35886563, 1, 0, 0
21703, 18258959, 0, 0, 0
21800, 40198510, 1, 0, 0
21800, 9123326, 0, 0, 0
21900, 11920977, 0, 0, 0
21901, 38277986, 1, 0, 0
22005, 40641929, 1, 0, 0
22006, 13400482, 0, 0, 0
22102, 12656890, 0, 0, 0
22104, 43402525, 1, 0, 0
22200, 9957537, 0, 0, 0
22201, 40501886, 1, 0, 0
22300, 41596666, 1, 0, 0
22300, 14881032, 0, 0, 0
22400, 13368994, 0, 0, 0
22400, 37015606, 1, 0, 0
22501, 39581380, 1, 0, 0
22501, 15629350, 0, 0, 0
22600, 18492465, 0, 0, 0
22600, 39859587, 1, 0, 0
22701, 38422637, 1, 0, 0
22701, 13371384, 0, 0, 0
22802, 34576016, 1, 0, 0
22806, 11262751, 0, 0, 0
22901, 25370432, 0, 0, 0
22902, 44023374, 1, 0, 0
23001, 17296619, 0, 0, 0
23001, 37596410, 1, 0, 0
23100, 37280703, 1, 0, 0
23100, 14722627, 0, 0, 0
23202, 36274560, 1, 0, 0
23203, 11175801, 0, 0, 0
23300, 34493607, 1, 0, 0
23303, 13407132, 0, 0, 0
23402, 36410154, 1, 0, 0
23403, 10564766, 0, 0, 0
23500, 37464639, 1, 0, 0
23502, 10750857, 0, 0, 0
23600, 36780679, 1, 0, 0
23601, 9778901, 0, 0, 0
23700, 29766331, 1, 0, 0
23700, 9647410, 0, 0, 0
23802, 32501271, 1, 0, 0
23802, 15320704, 0, 0, 0
23901, 29608170, 1, 0, 0
23905, 18375272, 0, 0, 0
24000, 28986680, 0, 0, 0
24000, 40138309, 1, 0, 0
24101, 30367838, 1, 0, 0
24103, 8697046, 0, 0, 0
24202, 37462023, 1, 0, 0
24205, 24537030, 0, 0, 0
24300, 38721129, 1, 0, 0
24303, 18816513, 0, 0, 0
24400, 9411356, 0, 0, 0
24400, 37401604, 1, 0, 0
24500, 6964724, 0, 0, 0
24502, 39318783, 1, 0, 0
24600, 6322773, 0, 0, 0
24603, 37055090, 1, 0, 0
24700, 37444986, 1, 0, 0
24701, 5518652, 0, 0, 0
24800, 5929003, 0, 0, 0
24801, 33549684, 1, 0, 0
24901, 5234003, 0, 0, 0
24906, 37061253, 1, 0, 0
25000, 35298961, 1, 0, 0
25000, 8570014, 0, 0, 0
25100, 39949719, 1, 0, 0
25100, 5725391, 0, 0, 0
25200, 32370006, 1, 0, 0
25202, 8514338, 0, 0, 0
25301, 7769283, 0, 0, 0
25302, 32205274, 1, 0, 0
25400, 38475138, 1, 0, 0
25400, 18348684, 0, 0, 0
25502, 42702760, 1, 0, 0
25504, 9250905, 0, 0, 0
25601, 32860602, 1, 0, 0
25603, 10239015, 0, 0, 0
25700, 7870592, 0, 0, 0
25700, 35101629, 1, 0, 0
25804, 35319904, 1, 0, 0
25805, 12610201, 0, 0, 0
25900, 35457173, 1, 0, 0
25900, 7102292, 0, 0, 0
26006, 36740979, 1, 0, 0
26007, 12197930, 0, 0, 0
26100, 38285065, 1, 0, 0
26102, 11952130, 0, 0, 0
26200, 41372233, 1, 0, 0
26200, 7969209, 0, 0, 0
26300, 11530013, 0, 0, 0
26303, 30114966, 1, 0, 0
26400, 9391233, 0, 0, 0
26401, 32476133, 1, 0, 0
26500, 38200046, 1, 0, 0
26500, 13194354, 0, 0, 0
26602, 8359707, 0, 0, 0
26603, 35268627, 1, 0, 0
26705, 35275081, 1, 0, 0
26706, 12765939, 0, 0, 0
26801, 39373386, 1, 0, 0
26801, 9258539, 0, 0, 0
26902, 7490919, 0, 0, 0
26904, 31155788, 1, 0, 0
27001, 9844921, 0, 0, 0
27001, 42283150, 1, 0, 0
27103, 37231801, 1, 0, 0
27103, 11777148, 0, 0, 0
27200, 31140015, 1, 0, 0
27200, 7825816, 0, 0, 0
27300, 41018046, 1, 0, 0
27301, 17724561, 0, 0, 0
27403, 23464871, 0, 0, 0
27410, 44979222, 1, 0, 0
27501, 43686573, 1, 0, 0
27502, 8237138, 0, 0, 0
27600, 39429262, 1, 0, 0
27600, 8188981, 0, 0, 0
27700, 9464880, 0, 0, 0
27703, 39584952, 1, 0, 0
27800, 35922251, 1, 0, 0
27801, 11170871, 0, 0, 0
27900, 39750356, 1, 0, 0
27901, 17275940, 0, 0, 0
28000, 36239564, 1, 0, 0
28008, 7838879, 0, 0, 0
28100, 11492561, 0, 0, 0
28100, 36571764, 1, 0, 0
28200, 38733555, 1, 0, 0
28204, 12765257, 0, 0, 0
28300, 45359282, 1, 0, 0
28301, 10261333, 0, 0, 0
28400, 10861129, 0, 0, 0
28400, 34179765, 1, 0, 0
28501, 11764606, 0, 0, 0
28501, 34732215, 1, 0, 0
28609, 36440108, 1, 0, 0
28609, 12497073, 0, 0, 0
28702, 34971020, 1, 0, 0
28703, 10411979, 0, 0, 0
28801, 8792787, 0, 0, 0
28801, 35413728, 1, 0, 0
28900, 36380905, 1, 0, 0
28900, 17505724, 0, 0, 0
29000, 34586397, 1, 0, 0
29001, 17975062, 0, 0, 0
29101, 34977867, 1, 0, 0
29101, 11237213, 0, 0, 0
29201, 37047704, 1, 0, 0
29204, 9843383, 0, 0, 0
29300, 11318178, 0, 0, 0
29302, 37666310, 1, 0, 0
29400, 36676773, 1, 0, 0
29401, 10294328, 0, 0, 0
29501, 32789256, 1, 0, 0
29501, 9173637, 0, 0, 0
29603, 38626777, 1, 0, 0
29606, 9408990, 0, 0, 0
29700, 35826980, 1, 0, 0
29700, 12052770, 0, 0, 0
29800, 34955321, 1, 0, 0
29804, 9813179, 0, 0, 0
29900, 11658081, 0, 0, 0
29901, 36346749, 1, 0, 0
30000, 15598703, 0, 0, 0
30000, 37156399, 1, 0, 0
30104, 16837769, 0, 0, 0
30109, 40923894, 1, 0, 0
30201, 45684029, 1, 0, 0
30203, 7483230, 0, 0, 0
30304, 36722084, 1, 0, 0
30309, 11802374, 0, 0, 0
30401, 33678817, 1, 0, 0
30405, 9082705, 0, 0, 0
30501, 33430871, 1, 0, 0
30501, 15859083, 0, 0, 0
30600, 41388035, 1, 0, 0
30601, 10333534, 0, 0, 0
30700, 11171728, 0, 0, 0
30701, 34456026, 1, 0, 0
30800, 8604501, 0, 0, 0
30800, 38921244, 1, 0, 0
30900, 34945352, 1, 0, 0
30900, 10166090, 0, 0, 0
31001, 10395078, 0, 0, 0
31001, 33866645, 1, 0, 0
31100, 10660918, 0, 0, 0
31100, 39180917, 1, 0, 0
31200, 35345528, 1, 0, 0
31201, 14717744, 0, 0, 0
31300, 39022954, 1, 0, 0
31300, 12163032, 0, 0, 0
31401, 37681651, 1, 0, 0
31401, 10528630, 0, 0, 0
31500, 8623703, 0, 0, 0
31502, 33761624, 1, 0, 0
31602, 48041602, 1, 0, 0
31602, 6080785, 0, 0, 0
31700, 35166838, 1, 0, 0
31702, 6903811, 0, 0, 0
31800, 35635888, 1, 0, 0
31800, 7875776, 0, 0, 0
31900, 31235718, 1, 0, 0
31901, 10080790, 0, 0, 0
32002, 10014043, 0, 0, 0
32003, 34699600, 1, 0, 0
32100, 41442421, 1, 0, 0
32100, 13447194, 0, 0, 0
32202, 30431835, 1, 0, 0
32203, 7933775, 0, 0, 0
32300, 10256105, 0, 0, 0
32301, 35651714, 1, 0, 0
32400, 10504488, 0, 0, 0
32400, 35512840, 1, 0, 0
32500, 33508313, 1, 0, 0
32500, 9304288, 0, 0, 0
32600, 10231935, 0, 0, 0
32600, 36038197, 1, 0, 0
32701, 37633898, 1, 0, 0
32701, 13500952, 0, 0, 0
32800, 45588964, 1, 0, 0
32817, 20301794, 0, 0, 0
32900, 51449139, 1, 0, 0
32900, 12355879, 0, 0, 0
33000, 11989075, 0, 0, 0
33007, 44481441, 1, 0, 0
33101, 18119577, 0, 0, 0
33103, 53310270, 1, 0, 0
33201, 48090995, 1, 0, 0
33202, 11044867, 0, 0, 0
33304, 46084512, 1, 0, 0
33304, 5867335, 0, 0, 0
33400, 37671813, 1, 0, 0
33402, 16191474, 0, 0, 0
33501, 4684470, 0, 0, 0
33501, 46580487, 1, 0, 0
33604, 31731037, 1, 0, 0
33604, 14245210, 0, 0, 0
33701, 15950049, 0, 0, 0
33704, 61761646, 1, 0, 0
33801, 65008441, 1, 0, 0
33802, 18621992, 0, 0, 0
33900, 41774935, 1, 0, 0
33900, 18290521, 0, 0, 0
34000, 32710034, 1, 0, 0
34001, 10990021, 0, 0, 0
34103, 33291636, 1, 0, 0
34103, 9574435, 0, 0, 0
34200, 9987660, 0, 0, 0
34200, 35177907, 1, 0, 0
34302, 30552233, 1, 0, 0
34303, 12985753, 0, 0, 0
34400, 10540922, 0, 0, 0
34400, 32778179, 1, 0, 0
34500, 40119553, 1, 0, 0
34500, 19413293, 0, 0, 0
34601, 37225841, 1, 0, 0
34602, 12127166, 0, 0, 0
34701, 33427882, 1, 0, 0
34701, 8441711, 0, 0, 0
34802, 39138172, 1, 0, 0
34804, 11593882, 0, 0, 0
34900, 35620167, 1, 0, 0
34900, 12387590, 0, 0, 0
35000, 11119509, 0, 0, 0
35001, 39303106, 1, 0, 0
35100, 31728334, 1, 0, 0
35100, 10678100, 0, 0, 0
35208, 42210062, 1, 0, 0
35208, 10929605, 0, 0, 0
35300, 35137667, 1, 0, 0
35300, 9566734, 0, 0, 0
35403, 10715915, 0, 0, 0
35404, 36479327, 1, 0, 0
35504, 13797421, 0, 0, 0
35510, 34651596, 1, 0, 0
35601, 35929794, 1, 0, 0
35601, 12337284, 0, 0, 0
35700, 13356804, 0, 0, 0
35701, 34835438, 1, 0, 0
35800, 33743924, 1, 0, 0
35802, 8402070, 0, 0, 0
35900, 34544729, 1, 0, 0
35901, 19970206, 0, 0, 0
36000, 8998111, 0, 0, 0
36000, 39464260, 1, 0, 0
36101, 8922877, 0, 0, 0
36102, 37918314, 1, 0, 0
36202, 39179766, 1, 0, 0
36203, 10122919, 0, 0, 0
36302, 9055451, 0, 0, 0
36303, 34071874, 1, 0, 0
36400, 32122928, 1, 0, 0
36401, 12533865, 0, 0, 0
36502, 37347404, 1, 0, 0
36502, 14325726, 0, 0, 0
36602, 33132004, 1, 0, 0
36602, 11232650, 0, 0, 0
36701, 11772280, 0, 0, 0
36701, 43606107, 1, 0, 0
36800, 11242845, 0, 0, 0
36800, 35297075, 1, 0, 0
36901, 34548504, 1, 0, 0
36901, 9958000, 0, 0, 0
37001, 9011702, 0, 0, 0
37004, 37369121, 1, 0, 0
37100, 14681231, 0, 0, 0
37100, 39511216, 1, 0, 0
37200, 38432658, 1, 0, 0
37204, 11486833, 0, 0, 0
37300, 38065896, 1, 0, 0
37304, 11950386, 0, 0, 0
37400, 9152454, 0, 0, 0
37402, 37342089, 1, 0, 0
37502, 41647498, 1, 0, 0
37503, 7373737, 0, 0, 0
37600, 33730152, 1, 0, 0
37601, 9304107, 0, 0, 0
37700, 51790853, 1, 0, 0
37701, 15012626, 0, 0, 0
37802, 41779477, 1, 0, 0
37805, 12096038, 0, 0, 0
37901, 15352513, 0, 0, 0
37907, 42117795, 1, 0, 0
38004, 50080143, 1, 0, 0
38008, 15454169, 0, 0, 0
38105, 45053921, 1, 0, 0
38106, 21108690, 0, 0, 0
38200, 18859502, 0, 0, 0
38200, 57249361, 1, 0, 0
38306, 44489852, 1, 0, 0
38312, 9964227, 0, 0, 0
38400, 56977482, 1, 0, 0
38401, 7030607, 0, 0, 0
38504, 41581530, 1, 0, 0
38505, 14072853, 0, 0, 0
38602, 48135456, 1, 0, 0
38607, 15665139, 0, 0, 0
38709, 46610865, 1, 0, 0
38714, 18268309, 0, 0, 0
38801, 50220689, 1, 0, 0
38801, 14932915, 0, 0, 0
38900, 49399161, 1, 0, 0
38900, 11180809, 0, 0, 0
39000, 42842756, 1, 0, 0
39000, 13861070, 0, 0, 0
39100, 48005208, 1, 0, 0
39101, 28164862, 0, 0, 0
39204, 49045325, 1, 0, 0
39206, 24497905, 0, 0, 0
39301, 41655534, 1, 0, 0
39301, 7086477, 0, 0, 0
39400, 42023246, 1, 0, 0
39414, 9613286, 0, 0, 0
39500, 38027435, 1, 0, 0
39500, 12352060, 0, 0, 0
39600, 10391162, 0, 0, 0
39600, 36219976, 1, 0, 0
39701, 39497933, 1, 0, 0
39701, 11209963, 0, 0, 0
39801, 39289767, 1, 0, 0
39802, 15782755, 0, 0, 0
39901, 39205463, 1, 0, 0
39902, 17050781, 0, 0, 0
40001, 7898763, 0, 0, 0
40005, 39079268, 1, 0, 0
40101, 5344969, 0, 0, 0
40102, 39309418, 1, 0, 0
40201, 33289541, 1, 0, 0
40201, 12936359, 0, 0, 0
40301, 41844258, 1, 0, 0
40303, 15156717, 0, 0, 0
40402, 43454698, 1, 0, 0
40403, 7450111, 0, 0, 0
40500, 31076081, 1, 0, 0
40501, 8066994, 0, 0, 0
40600, 33976583, 1, 0, 0
40601, 10618858, 0, 0, 0
40701, 8380867, 0, 0, 0
40704, 31957716, 1, 0, 0
40806, 37843038, 1, 0, 0
40806, 21341222, 0, 0, 0
40900, 33385829, 1, 0, 0
40901, 8718926, 0, 0, 0
41005, 37108829, 1, 0, 0
41008, 11625725, 0, 0, 0
41100, 30695237, 1, 0, 0
41101, 12107304, 0, 0, 0
41201, 34424951, 1, 0, 0
41201, 10606647, 0, 0, 0
41300, 32674107, 1, 0, 0
41301, 10695435, 0, 0, 0
41400, 12112733, 0, 0, 0
41400, 32262146, 1, 0, 0
41500, 10273839, 0, 0, 0
41501, 32956472, 1, 0, 0
41600, 30795327, 1, 0, 0
41601, 9649094, 0, 0, 0
41703, 35337054, 1, 0, 0
41703, 11485278, 0, 0, 0
41800, 37309577, 1, 0, 0
41800, 9714798, 0, 0, 0
41900, 37177830, 1, 0, 0
41900, 13013948, 0, 0, 0
42000, 14017427, 0, 0, 0
42001, 34799065, 1, 0, 0
42100, 32928050, 1, 0, 0
42103, 12115010, 0, 0, 0
42200, 35390304, 1, 0, 0
42201, 9228542, 0, 0, 0
42303, 34031424, 1, 0, 0
42304, 11291351, 0, 0, 0
42400, 34547310, 1, 0, 0
42402, 10884146, 0, 0, 0
42500, 11103922, 0, 0, 0
42501, 33659915, 1, 0, 0
42600, 17720687, 0, 0, 0
42602, 35155987, 1, 0, 0
42700, 9534743, 0, 0, 0
42702, 37638841, 1, 0, 0
42800, 19113126, 0, 0, 0
42800, 39461395, 1, 0, 0
42900, 12845203, 0, 0, 0
42906, 33341513, 1, 0, 0
43000, 34149539, 1, 0, 0
43001, 10269933, 0, 0, 0
43100, 38753753, 1, 0, 0
43102, 14128620, 0, 0, 0
43200, 11771913, 0, 0, 0
43202, 32231077, 1, 0, 0
43300, 10736983, 0, 0, 0
43301, 35621365, 1, 0, 0
43403, 15496854, 0, 0, 0
43405, 34204880, 1, 0, 0
43500, 33590783, 1, 0, 0
43501, 11677651, 0, 0, 0
43600, 12444031, 0, 0, 0
43610, 31048436, 1, 0, 0
43701, 30261550, 1, 0, 0
43701, 8964565, 0, 0, 0
43800, 30792292, 1, 0, 0
43800, 10214711, 0, 0, 0
43900, 30628213, 1, 0, 0
43900, 11584074, 0, 0, 0
44000, 35980128, 1, 0, 0
44000, 11400392, 0, 0, 0
44100, 11086813, 0, 0, 0
44102, 35322622, 1, 0, 0
44200, 33480451, 1, 0, 0
44204, 16154045, 0, 0, 0
44300, 33109853, 1, 0, 0
44308, 10219260, 0, 0, 0
44401, 33471670, 1, 0, 0
44401, 11211303, 0, 0, 0
44500, 34228848, 1, 0, 0
44500, 11330777, 0, 0, 0
44600, 10702556, 0, 0, 0
44600, 33642713, 1, 0, 0
44700, 38391771, 1, 0, 0
44700, 12443568, 0, 0, 0
44800, 9827459, 0, 0, 0
44802, 36380311, 1, 0, 0
44900, 10160036, 0, 0, 0
44901, 41272544, 1, 0, 0
45000, 15834396, 0, 0, 0
45000, 52196754, 1, 0, 0
45101, 35587879, 1, 0, 0
45102, 11179741, 0, 0, 0
45200, 12718141, 0, 0, 0
45200, 44558464, 1, 0, 0
45300, 38267949, 1, 0, 0
45301, 10294379, 0, 0, 0
45402, 47373035, 1, 0, 0
45402, 8876552, 0, 0, 0
45503, 10004547, 0, 0, 0
45504, 40499966, 1, 0, 0
45601, 16724476, 0, 0, 0
45606, 36421693, 1, 0, 0
45700, 13503646, 0, 0, 0
45700, 31138558, 1, 0, 0
45800, 11877668, 0, 0, 0
45800, 45052722, 1, 0, 0
45900, 38704766, 1, 0, 0
45901, 7918699, 0, 0, 0
46000, 7910795, 0, 0, 0
46004, 32929248, 1, 0, 0
46104, 46821142, 1, 0, 0
46104, 9446371, 0, 0, 0
46201, 42894380, 1, 0, 0
46204, 22033245, 0, 0, 0
46300, 34986880, 1, 0, 0
46302, 11386366, 0, 0, 0
46400, 11826502, 0, 0, 0
46400, 32958260, 1, 0, 0
46500, 38739190, 1, 0, 0
46501, 10387605, 0, 0, 0
46608, 34156330, 1, 0, 0
46610, 12218212, 0, 0, 0
46700, 11817307, 0, 0, 0
46700, 38935298, 1, 0, 0
46800, 33650198, 1, 0, 0
46802, 11598418, 0, 0, 0
46901, 35436328, 1, 0, 0
46908, 11899210, 0, 0, 0
47000, 33401219, 1, 0, 0
47000, 12685221, 0, 0, 0
47100, 9518058, 0, 0, 0
47103, 39156727, 1, 0, 0
47201, 35120186, 1, 0, 0
47201, 10008575, 0, 0, 0
47300, 32843302, 1, 0, 0
47301, 8626711, 0, 0, 0
47400, 36791801, 1, 0, 0
47400, 21326288, 0, 0, 0
47500, 14518965, 0, 0, 0
47501, 33614866, 1, 0, 0
47600, 44132094, 1, 0, 0
47600, 14985032, 0, 0, 0
47700, 35020412, 1, 0, 0
47700, 11933495, 0, 0, 0
47802, 14331441, 0, 0, 0
47803, 34950150, 1, 0, 0
47901, 36946559, 1, 0, 0
47901, 15266695, 0, 0, 0
48000, 33825693, 1, 0, 0
48007, 15947827, 0, 0, 0
48100, 34548349, 1, 0, 0
48102, 12257638, 0, 0, 0
48200, 10799794, 0, 0, 0
48203, 35847485, 1, 0, 0
48300, 36962313, 1, 0, 0
48302, 12027852, 0, 0, 0
48400, 34094080, 1, 0, 0
48400, 11772758, 0, 0, 0
48500, 10376962, 0, 0, 0
48502, 36273140, 1, 0, 0
48600, 33430217, 1, 0, 0
48600, 10672654, 0, 0, 0
48704, 36591078, 1, 0, 0
48704, 15601782, 0, 0, 0
48800, 33688594, 1, 0, 0
48801, 12376537, 0, 0, 0
48900, 37382423, 1, 0, 0
48901, 14539778, 0, 0, 0
49000, 14845542, 0, 0, 0
49003, 35754211, 1, 0, 0
49101, 12623347, 0, 0, 0
49101, 37733774, 1, 0, 0
49200, 13252424, 0, 0, 0
49202, 36451942, 1, 0, 0
49300, 36320589, 1, 0, 0
49302, 12310338, 0, 0, 0
49405, 35881619, 1, 0, 0
49405, 14039828, 0, 0, 0
49500, 37183227, 1, 0, 0
49506, 12619147, 0, 0, 0
49600, 40123795, 1, 0, 0
49601, 14196536, 0, 0, 0
49702, 9961120, 0, 0, 0
49702, 38131548, 1, 0, 0
49800, 36796390, 1, 0, 0
49801, 11296695, 0, 0, 0
49901, 38143508, 1, 0, 0
49901, 16297056, 0, 0, 0
50000, 12346274, 0, 0, 0
50002, 36934844, 1, 0, 0
50100, 11558629, 0, 0, 0
50106, 36122447, 1, 0, 0
50200, 36649436, 1, 0, 0
50204, 9571765, 0, 0, 0
50300, 11570235, 0, 0, 0
50305, 33509752, 1, 0, 0
50400, 39258936, 1, 0, 0
50400, 13198228, 0, 0, 0
50500, 38659913, 1, 0, 0
50505, 14628839, 0, 0, 0
50600, 36870155, 1, 0, 0
50601, 15224143, 0, 0, 0
50700, 37332194, 1, 0, 0
50700, 13539673, 0, 0, 0
50800, 37577688, 1, 0, 0
50801, 11903918, 0, 0, 0
50900, 37047206, 1, 0, 0
50900, 11329636, 0, 0, 0
51001, 33926100, 1, 0, 0
51001, 8583012, 0, 0, 0
51100, 39588410, 1, 0, 0
51101, 15512556, 0, 0, 0
51200, 13472148, 0, 0, 0
51200, 38131942, 1, 0, 0
51300, 16251869, 0, 0, 0
51300, 36702156, 1, 0, 0
51401, 41156467, 1, 0, 0
51401, 15949702, 0, 0, 0
51500, 15671578, 0, 0, 0
51500, 35820836, 1, 0, 0
51602, 36230975, 1, 0, 0
51604, 11968212, 0, 0, 0
51702, 37709214, 1, 0, 0
51705, 12303198, 0, 0, 0
51800, 12744293, 0, 0, 0
51800, 38333385, 1, 0, 0
51900, 39190009, 1, 0, 0
51900, 14122066, 0, 0, 0
52000, 12115485, 0, 0, 0
52000, 37303739, 1, 0, 0
52100, 34084782, 1, 0, 0
52101, 11038534, 0, 0, 0
52200, 36575418, 1, 0, 0
52201, 17342914, 0, 0, 0
52304, 36195554, 1, 0, 0
52304, 17125667, 0, 0, 0
52400, 39052799, 1, 0, 0
52400, 12992804, 0, 0, 0
52500, 34269726, 1, 0, 0
52500, 11856621, 0, 0, 0
52600, 11064671, 0, 0, 0
52600, 34198876, 1, 0, 0
52700, 12427704, 0, 0, 0
52700, 37503747, 1, 0, 0
52800, 36280131, 1, 0, 0
52800, 11269210, 0, 0, 0
52900, 34803194, 1, 0, 0
52900, 12570430, 0, 0, 0
53000, 35610381, 1, 0, 0
53001, 10976810, 0, 0, 0
53102, 34004247, 1, 0, 0
53102, 11772848, 0, 0, 0
53200, 34157246, 1, 0, 0
53200, 9647596, 0, 0, 0
53300, 32469868, 1, 0, 0
53300, 10517853, 0, 0, 0
53401, 8088460, 0, 0, 0
53401, 28389020, 1, 0, 0
53500, 13653869, 0, 0, 0
53505, 30007947, 1, 0, 0
53600, 43216561, 1, 0, 0
53601, 27970254, 0, 0, 0
53700, 35703093, 1, 0, 0
53701, 15164031, 0, 0, 0
53800, 35020321, 1, 0, 0
53800, 12890656, 0, 0, 0
53900, 40126624, 1, 0, 0
53900, 15660632, 0, 0, 0
54002, 12217346, 0, 0, 0
54003, 36223229, 1, 0, 0
54100, 16285629, 0, 0, 0
54103, 37920015, 1, 0, 0
54200, 14562383, 0, 0, 0
54200, 36703038, 1, 0, 0
54302, 36124913, 1, 0, 0
54302, 12288868, 0, 0, 0
54400, 33538352, 1, 0, 0
54401, 13434942, 0, 0, 0
54502, 17633639, 0, 0, 0
54506, 34280471, 1, 0, 0
54600, 15572340, 0, 0, 0
54600, 38944768, 1, 0, 0
54700, 36416093, 1, 0, 0
54702, 12593570, 0, 0, 0
54800, 39261648, 1, 0, 0
54801, 11471450, 0, 0, 0
54900, 13174833, 0, 0, 0
54900, 40251878, 1, 0, 0
55000, 35447430, 1, 0, 0
55000, 14387046, 0, 0, 0
55100, 38167254, 1, 0, 0
55103, 15504117, 0, 0, 0
55200, 36385847, 1, 0, 0
55200, 12189663, 0, 0, 0
55300, 14285985, 0, 0, 0
55300, 36311685, 1, 0, 0
55400, 11557814, 0, 0, 0
55400, 34455466, 1, 0, 0
55503, 38206297, 1, 0, 0
55506, 13673652, 0, 0, 0
55600, 31104802, 1, 0, 0
55603, 11074751, 0, 0, 0
55706, 37880835, 1, 0, 0
55706, 15350896, 0, 0, 0
55801, 36388757, 1, 0, 0
55805, 15294608, 0, 0, 0
55902, 31872726, 1, 0, 0
55903, 17721534, 0, 0, 0
56001, 38169761, 1, 0, 0
56003, 14873121, 0, 0, 0
56100, 10549971, 0, 0, 0
56101, 35152115, 1, 0, 0
56200, 36274792, 1, 0, 0
56204, 19612729, 0, 0, 0
56300, 42649324, 1, 0, 0
56301, 11321783, 0, 0, 0
56401, 37573379, 1, 0, 0
56401, 11133160, 0, 0, 0
56500, 32381825, 1, 0, 0
56500, 11121766, 0, 0, 0
56600, 38397684, 1, 0, 0
56601, 16969873, 0, 0, 0
56704, 35100797, 1, 0, 0
56704, 12173738, 0, 0, 0
56800, 34953807, 1, 0, 0
56801, 13948466, 0, 0, 0
56901, 42802573, 1, 0, 0
56903, 16848016, 0, 0, 0
57000, 37917634, 1, 0, 0
57000, 10960128, 0, 0, 0
57100, 14671809, 0, 0, 0
57102, 42911719, 1, 0, 0
57201, 47194026, 1, 0, 0
57203, 10077003, 0, 0, 0
57304, 48302899, 1, 0, 0
57307, 10365252, 0, 0, 0
57400, 9269679, 0, 0, 0
57400, 45493379, 1, 0, 0
57501, 48522572, 1, 0, 0
57504, 17537629, 0, 0, 0
57600, 14711028, 0, 0, 0
57600, 39469035, 1, 0, 0
57700, 35452424, 1, 0, 0
57704, 13155624, 0, 0, 0
57800, 11601844, 0, 0, 0
57802, 35186661, 1, 0, 0
57900, 12869488, 0, 0, 0
57902, 33485334, 1, 0, 0
58000, 32672451, 1, 0, 0
58000, 17319127, 0, 0, 0
58104, 17333815, 0, 0, 0
58107, 45351984, 1, 0, 0
58204, 56866609, 1, 0, 0
58205, 14737204, 0, 0, 0
58300, 53543480, 1, 0, 0
58301, 18285732, 0, 0, 0
58405, 49024880, 1, 0, 0
58405, 17931890, 0, 0, 0
58500, 43877791, 1, 0, 0
58504, 15876338, 0, 0, 0
58600, 15869840, 0, 0, 0
58602, 56461564, 1, 0, 0
58706, 17799030, 0, 0, 0
58706, 45899013, 1, 0, 0
58800, 52196970, 1, 0, 0
58800, 17641703, 0, 0, 0
58900, 48334021, 1, 0, 0
58903, 13212870, 0, 0, 0
59000, 51771543, 1, 0, 0
59000, 17617580, 0, 0, 0
59100, 61895263, 1, 0, 0
59101, 10879404, 0, 0, 0
59200, 44052715, 1, 0, 0
59203, 13830850, 0, 0, 0
59302, 51672197, 1, 0, 0
59307, 12512307, 0, 0, 0
59400, 11910508, 0, 0, 0
59402, 49184697, 1, 0, 0
59501, 46944618, 1, 0, 0
59501, 30933283, 0, 0, 0
59602, 49570091, 1, 0, 0
59603, 24109508, 0, 0, 0
59701, 14471440, 0, 0, 0
59708, 44233327, 1, 0, 0
59800, 55694676, 1, 0, 0
59800, 12548306, 0, 0, 0
59900, 36693399, 1, 0, 0
59901, 10901547, 0, 0, 0
60000, 12917190, 0, 0, 0
60029, 34794179, 1, 0, 0
60029, 42097249, 0, 0, 0
60029, 49523330, 1, 0, 0
