149, 73169629, 1, 0, 0
150, 1307718, 0, 0, 0
227, 75699188, 1, 0, 0
228, 1465202, 0, 0, 0
307, 77591217, 1, 0, 0
385, 1440544, 0, 0, 0
460, 77217067, 1, 0, 0
462, 1360933, 0, 0, 0
541, 76022008, 1, 0, 0
619, 79588459, 1, 0, 0
775, 78411094, 1, 0, 0
804, 7740198, 0, 0, 0
805, 53316800, 1, 0, 0
907, 26524368, 1, 0, 0
909, 1159435, 0, 0, 0
1015, 23569028, 1, 0, 0
1017, 1612803, 0, 0, 0
1115, 23536565, 1, 0, 0
1140, 1485776, 0, 0, 0
1211, 24366804, 1, 0, 0
1261, 1381595, 0, 0, 0
1302, 22296159, 1, 0, 0
1332, 1553944, 0, 0, 0
1402, 23774074, 1, 0, 0
1404, 1513145, 0, 0, 0
1510, 24749414, 1, 0, 0
1512, 1319674, 0, 0, 0
1667, 68088428, 1, 0, 0
1668, 1753359, 0, 0, 0
1744, 77146815, 1, 0, 0
1746, 1745125, 0, 0, 0
1820, 76800553, 1, 0, 0
1822, 1415371, 0, 0, 0
1901, 77476772, 1, 0, 0
1902, 901784, 0, 0, 0
2056, 77149747, 1, 0, 0
2132, 76144556, 1, 0, 0
2207, 75629358, 1, 0, 0
2361, 76605021, 1, 0, 0
2438, 76409100, 1, 0, 0
2515, 77152427, 1, 0, 0
2671, 76947048, 1, 0, 0
2672, 1185118, 0, 0, 0
2748, 78037620, 1, 0, 0
2826, 76623202, 1, 0, 0
2827, 1694119, 0, 0, 0
2903, 77715586, 1, 0, 0
3056, 75981207, 1, 0, 0
3058, 1205250, 0, 0, 0
3121, 71004989, 1, 0, 0
3123, 1337944, 0, 0, 0
3216, 28197856, 1, 0, 0
3267, 1145155, 0, 0, 0
3311, 23393474, 1, 0, 0
3312, 1079652, 0, 0, 0
3402, 5195978, 0, 0, 0
3423, 26153734, 1, 0, 0
3503, 26348077, 1, 0, 0
3538, 3639737, 0, 0, 0
3614, 26346380, 1, 0, 0
3662, 1023986, 0, 0, 0
3726, 29291029, 1, 0, 0
3735, 3421427, 0, 0, 0
3857, 38760350, 1, 0, 0
3933, 77754058, 1, 0, 0
3935, 3235514, 0, 0, 0
4010, 76954085, 1, 0, 0
4089, 6614472, 0, 0, 0
4165, 73739186, 1, 0, 0
4246, 78449577, 1, 0, 0
4248, 1417664, 0, 0, 0
4321, 78534358, 1, 0, 0
4400, 76623745, 1, 0, 0
4477, 1861647, 0, 0, 0
4552, 75985283, 1, 0, 0
4629, 75912297, 1, 0, 0
4631, 1858544, 0, 0, 0
4705, 76466208, 1, 0, 0
4706, 1346982, 0, 0, 0
4857, 73724220, 1, 0, 0
4934, 76539934, 1, 0, 0
5014, 78557192, 1, 0, 0
5165, 76265046, 1, 0, 0
5166, 1860626, 0, 0, 0
5240, 75902960, 1, 0, 0
5318, 75966668, 1, 0, 0
5412, 61523454, 1, 0, 0
5413, 1219614, 0, 0, 0
5509, 22429744, 1, 0, 0
5511, 1462181, 0, 0, 0
5604, 23131229, 1, 0, 0
5700, 24079130, 1, 0, 0
5774, 1182866, 0, 0, 0
5821, 23402849, 1, 0, 0
5823, 1168650, 0, 0, 0
5901, 24368282, 1, 0, 0
5903, 1694128, 0, 0, 0
6000, 24812396, 1, 0, 0
6024, 1119360, 0, 0, 0
6106, 24533245, 1, 0, 0
6107, 1133726, 0, 0, 0
6265, 69328058, 1, 0, 0
6266, 1285193, 0, 0, 0
6341, 76616163, 1, 0, 0
6421, 77629912, 1, 0, 0
6503, 80838512, 1, 0, 0
6589, 1456984, 0, 0, 0
6665, 82092240, 1, 0, 0
6743, 77465795, 1, 0, 0
6821, 78145874, 1, 0, 0
6823, 1298542, 0, 0, 0
6975, 76955316, 1, 0, 0
7053, 76647380, 1, 0, 0
7130, 77956607, 1, 0, 0
7208, 77745344, 1, 0, 0
7209, 877055, 0, 0, 0
7362, 76718734, 1, 0, 0
7449, 82562382, 1, 0, 0
7528, 82743141, 1, 0, 0
7575, 758467, 0, 0, 0
7601, 33150100, 1, 0, 0
7626, 999740, 0, 0, 0
7720, 23654886, 1, 0, 0
7721, 868774, 0, 0, 0
7818, 24188883, 1, 0, 0
7895, 1301829, 0, 0, 0
7916, 24461621, 1, 0, 0
7917, 973009, 0, 0, 0
8004, 25999116, 1, 0, 0
8006, 818468, 0, 0, 0
8119, 25875856, 1, 0, 0
8120, 954446, 0, 0, 0
8201, 28113763, 1, 0, 0
8203, 1371213, 0, 0, 0
8308, 26361439, 1, 0, 0
8335, 1185132, 0, 0, 0
8411, 25400934, 1, 0, 0
8412, 774941, 0, 0, 0
8522, 25665694, 1, 0, 0
8608, 28618982, 1, 0, 0
8610, 998753, 0, 0, 0
8715, 31203524, 1, 0, 0
8718, 1864952, 0, 0, 0
8843, 59476829, 1, 0, 0
8845, 2081216, 0, 0, 0
8907, 64683166, 1, 0, 0
8923, 15913598, 0, 0, 0
9011, 72229610, 1, 0, 0
9011, 785669, 0, 0, 0
9122, 73548403, 1, 0, 0
9125, 1388657, 0, 0, 0
9202, 78059008, 1, 0, 0
9204, 961105, 0, 0, 0
9319, 75690813, 1, 0, 0
9362, 1583291, 0, 0, 0
9440, 73775745, 1, 0, 0
9520, 81831972, 1, 0, 0
9637, 77562350, 1, 0, 0
9637, 3112169, 0, 0, 0
9711, 74937531, 1, 0, 0
9787, 754361, 0, 0, 0
9826, 76195819, 1, 0, 0
9827, 1680176, 0, 0, 0
9904, 77368153, 1, 0, 0
10019, 76653336, 1, 0, 0
10057, 1086659, 0, 0, 0
10131, 74736198, 1, 0, 0
10207, 75364743, 1, 0, 0
10242, 882756, 0, 0, 0
10301, 4352656, 0, 0, 0
10302, 35402647, 1, 0, 0
10404, 25439781, 1, 0, 0
10446, 1503086, 0, 0, 0
10513, 27953969, 1, 0, 0
10574, 710441, 0, 0, 0
10629, 29661033, 1, 0, 0
10630, 726855, 0, 0, 0
10710, 38312947, 1, 0, 0
10712, 1832368, 0, 0, 0
10809, 25970713, 1, 0, 0
10810, 1794847, 0, 0, 0
10901, 23031862, 1, 0, 0
10901, 1128418, 0, 0, 0
11021, 22826172, 1, 0, 0
11045, 1323129, 0, 0, 0
11140, 31301818, 1, 0, 0
11145, 5414265, 0, 0, 0
11214, 74234595, 1, 0, 0
11292, 1120633, 0, 0, 0
11368, 74614544, 1, 0, 0
11369, 1106768, 0, 0, 0
11445, 74260034, 1, 0, 0
11446, 1027081, 0, 0, 0
11523, 77571797, 1, 0, 0
11525, 1637563, 0, 0, 0
11674, 75065348, 1, 0, 0
11750, 75427538, 1, 0, 0
11827, 76464871, 1, 0, 0
11829, 1631448, 0, 0, 0
11906, 77944275, 1, 0, 0
11907, 1564103, 0, 0, 0
12060, 77493849, 1, 0, 0
12138, 73929528, 1, 0, 0
12214, 76900675, 1, 0, 0
12367, 76368524, 1, 0, 0
12441, 75305011, 1, 0, 0
12443, 985602, 0, 0, 0
12518, 75830182, 1, 0, 0
12519, 1263687, 0, 0, 0
12674, 76592285, 1, 0, 0
12676, 1593434, 0, 0, 0
12700, 52914164, 1, 0, 0
12725, 3619402, 0, 0, 0
12818, 22785493, 1, 0, 0
12867, 1551925, 0, 0, 0
12916, 23454968, 1, 0, 0
12938, 1455939, 0, 0, 0
13007, 23100803, 1, 0, 0
13033, 1474558, 0, 0, 0
13102, 23081685, 1, 0, 0
13131, 1247521, 0, 0, 0
13201, 23280773, 1, 0, 0
13246, 1659084, 0, 0, 0
13314, 22684880, 1, 0, 0
13403, 6417650, 0, 0, 0
13454, 27225769, 1, 0, 0
13534, 73772998, 1, 0, 0
13609, 77593709, 1, 0, 0
13687, 970054, 0, 0, 0
13762, 76095788, 1, 0, 0
13766, 2625263, 0, 0, 0
13838, 75585962, 1, 0, 0
13912, 71591929, 1, 0, 0
13933, 11718949, 0, 0, 0
14065, 70335855, 1, 0, 0
14066, 956748, 0, 0, 0
14142, 76708152, 1, 0, 0
14143, 1127685, 0, 0, 0
14218, 64303756, 1, 0, 0
14295, 8028150, 0, 0, 0
14375, 76695313, 1, 0, 0
14376, 1466481, 0, 0, 0
14452, 78329668, 1, 0, 0
14526, 74955391, 1, 0, 0
14603, 75467273, 1, 0, 0
14604, 1244192, 0, 0, 0
14756, 75276190, 1, 0, 0
14831, 75578447, 1, 0, 0
14833, 1649648, 0, 0, 0
14911, 76125471, 1, 0, 0
15040, 71994574, 1, 0, 0
15041, 1145694, 0, 0, 0
15124, 29090762, 1, 0, 0
15125, 1467326, 0, 0, 0
15209, 30912638, 1, 0, 0
15229, 1058023, 0, 0, 0
15322, 27583975, 1, 0, 0
15324, 1477504, 0, 0, 0
15416, 23387106, 1, 0, 0
15509, 23394333, 1, 0, 0
15606, 23599397, 1, 0, 0
15608, 1241029, 0, 0, 0
15726, 32122879, 1, 0, 0
15803, 74325961, 1, 0, 0
15805, 1325327, 0, 0, 0
15955, 75703370, 1, 0, 0
15957, 851634, 0, 0, 0
16031, 74706176, 1, 0, 0
16109, 77078337, 1, 0, 0
16111, 1322534, 0, 0, 0
16258, 75080585, 1, 0, 0
16259, 1446965, 0, 0, 0
16335, 73542626, 1, 0, 0
16336, 2018139, 0, 0, 0
16411, 75232337, 1, 0, 0
16563, 75656253, 1, 0, 0
16565, 1762132, 0, 0, 0
16641, 76012147, 1, 0, 0
16718, 77383119, 1, 0, 0
16719, 1588422, 0, 0, 0
16873, 76860742, 1, 0, 0
16874, 1184369, 0, 0, 0
16949, 75945922, 1, 0, 0
17023, 74240048, 1, 0, 0
17024, 1612988, 0, 0, 0
17101, 76200278, 1, 0, 0
17188, 1901190, 0, 0, 0
17232, 72212925, 1, 0, 0
17233, 795991, 0, 0, 0
17306, 28330246, 1, 0, 0
17307, 1684279, 0, 0, 0
17400, 23214156, 1, 0, 0
17454, 1870245, 0, 0, 0
17500, 23969457, 1, 0, 0
17522, 2698024, 0, 0, 0
17615, 22470249, 1, 0, 0
17616, 1118776, 0, 0, 0
17702, 24471749, 1, 0, 0
17739, 1610798, 0, 0, 0
17807, 23105236, 1, 0, 0
17843, 636973, 0, 0, 0
17912, 23118112, 1, 0, 0
17959, 691010, 0, 0, 0
18024, 26026488, 1, 0, 0
18104, 76156541, 1, 0, 0
18105, 1044249, 0, 0, 0
18226, 80135428, 1, 0, 0
18310, 85148121, 1, 0, 0
18313, 3623330, 0, 0, 0
18424, 75058791, 1, 0, 0
18425, 872294, 0, 0, 0
18501, 75983089, 1, 0, 0
18618, 78099695, 1, 0, 0
18734, 76589957, 1, 0, 0
18735, 702712, 0, 0, 0
18811, 77038948, 1, 0, 0
18811, 11424015, 0, 0, 0
18930, 71132955, 1, 0, 0
19007, 78242593, 1, 0, 0
19049, 767792, 0, 0, 0
19114, 92692973, 1, 0, 0
19156, 640266, 0, 0, 0
19233, 87259131, 1, 0, 0
19308, 76232787, 1, 0, 0
19425, 77253245, 1, 0, 0
19501, 76128671, 1, 0, 0
19502, 1467527, 0, 0, 0
19623, 80338139, 1, 0, 0
19624, 965859, 0, 0, 0
19711, 28513279, 1, 0, 0
19811, 25048006, 1, 0, 0
19812, 730090, 0, 0, 0
19911, 23930246, 1, 0, 0
19912, 2484298, 0, 0, 0
20025, 28499024, 1, 0, 0
20026, 2628750, 0, 0, 0
20111, 30044096, 1, 0, 0
20113, 1617084, 0, 0, 0
20208, 28386384, 1, 0, 0
20208, 1235119, 0, 0, 0
20306, 26967898, 1, 0, 0
20307, 901096, 0, 0, 0
20413, 32961905, 1, 0, 0
20481, 886109, 0, 0, 0
20556, 66988559, 1, 0, 0
20558, 1708948, 0, 0, 0
20633, 76281651, 1, 0, 0
20634, 990640, 0, 0, 0
20711, 75954069, 1, 0, 0
20712, 1078703, 0, 0, 0
20862, 74227436, 1, 0, 0
20938, 75897571, 1, 0, 0
20940, 3368148, 0, 0, 0
21016, 77300166, 1, 0, 0
21018, 2078508, 0, 0, 0
21167, 74989104, 1, 0, 0
21243, 75395603, 1, 0, 0
21319, 76429425, 1, 0, 0
21322, 2274239, 0, 0, 0
21472, 75036157, 1, 0, 0
21550, 77181675, 1, 0, 0
21626, 76886974, 1, 0, 0
21702, 75771391, 1, 0, 0
21780, 1650297, 0, 0, 0
21855, 76188228, 1, 0, 0
21932, 75890411, 1, 0, 0
21983, 1462102, 0, 0, 0
22003, 49351082, 1, 0, 0
22032, 1783110, 0, 0, 0
22101, 22880614, 1, 0, 0
22102, 2600083, 0, 0, 0
22215, 22449170, 1, 0, 0
22244, 1143949, 0, 0, 0
22316, 23458404, 1, 0, 0
22388, 1441720, 0, 0, 0
22410, 23857888, 1, 0, 0
22430, 1337496, 0, 0, 0
22500, 1187910, 0, 0, 0
22524, 21699047, 1, 0, 0
22619, 22776615, 1, 0, 0
22654, 1391705, 0, 0, 0
22727, 41372435, 1, 0, 0
22806, 75394776, 1, 0, 0
22963, 78232957, 1, 0, 0
23043, 80094977, 1, 0, 0
23044, 1251787, 0, 0, 0
23121, 78023234, 1, 0, 0
23122, 1389994, 0, 0, 0
23200, 77604076, 1, 0, 0
23277, 940261, 0, 0, 0
23353, 76887649, 1, 0, 0
23355, 1387064, 0, 0, 0
23431, 76783444, 1, 0, 0
23509, 76572419, 1, 0, 0
23510, 1327046, 0, 0, 0
23661, 76083883, 1, 0, 0
23662, 1209570, 0, 0, 0
23738, 74021468, 1, 0, 0
23739, 8576124, 0, 0, 0
23815, 63503894, 1, 0, 0
23898, 3037995, 0, 0, 0
23976, 76719457, 1, 0, 0
23998, 22073571, 0, 0, 0
24053, 77252870, 1, 0, 0
24054, 1496384, 0, 0, 0
24127, 64677683, 1, 0, 0
24129, 916568, 0, 0, 0
24207, 75972249, 1, 0, 0
24253, 1933658, 0, 0, 0
24301, 39712493, 1, 0, 0
24304, 3166004, 0, 0, 0
24417, 23187848, 1, 0, 0
24419, 1240001, 0, 0, 0
24502, 25870393, 1, 0, 0
24550, 1276496, 0, 0, 0
24607, 27047433, 1, 0, 0
24608, 1238625, 0, 0, 0
24719, 26086207, 1, 0, 0
24721, 963036, 0, 0, 0
24817, 27580033, 1, 0, 0
24819, 1257746, 0, 0, 0
24901, 28172162, 1, 0, 0
25011, 10096116, 0, 0, 0
25063, 27950091, 1, 0, 0
25138, 63184173, 1, 0, 0
25140, 1224898, 0, 0, 0
25215, 76179477, 1, 0, 0
25369, 76367490, 1, 0, 0
25445, 76716042, 1, 0, 0
25523, 76872570, 1, 0, 0
25601, 1705864, 0, 0, 0
25675, 76548249, 1, 0, 0
25752, 75201173, 1, 0, 0
25828, 74447760, 1, 0, 0
25904, 76273190, 1, 0, 0
25906, 2937295, 0, 0, 0
26056, 75080297, 1, 0, 0
26132, 76541022, 1, 0, 0
26133, 1277112, 0, 0, 0
26208, 75734929, 1, 0, 0
26210, 1461516, 0, 0, 0
26366, 77403058, 1, 0, 0
26443, 76280397, 1, 0, 0
26444, 1293681, 0, 0, 0
26522, 77345255, 1, 0, 0
26523, 1046493, 0, 0, 0
26602, 79525607, 1, 0, 0
26623, 1145523, 0, 0, 0
26707, 32956742, 1, 0, 0
26708, 1448621, 0, 0, 0
26807, 4161173, 0, 0, 0
26816, 25640685, 1, 0, 0
26907, 27033092, 1, 0, 0
26937, 1417382, 0, 0, 0
27007, 26643484, 1, 0, 0
27008, 725588, 0, 0, 0
27113, 27687588, 1, 0, 0
27116, 1778588, 0, 0, 0
27223, 26504869, 1, 0, 0
27224, 845365, 0, 0, 0
27319, 30927658, 1, 0, 0
27322, 1780948, 0, 0, 0
27470, 64678147, 1, 0, 0
27471, 1083404, 0, 0, 0
27546, 75322458, 1, 0, 0
27623, 75963985, 1, 0, 0
27701, 1388977, 0, 0, 0
27775, 76179803, 1, 0, 0
27852, 75836754, 1, 0, 0
27877, 24557914, 0, 0, 0
27931, 77977756, 1, 0, 0
28005, 64217221, 1, 0, 0
28007, 2169558, 0, 0, 0
28157, 72144859, 1, 0, 0
28159, 4189266, 0, 0, 0
28233, 75555581, 1, 0, 0
28235, 2981127, 0, 0, 0
28310, 73866831, 1, 0, 0
28466, 76435122, 1, 0, 0
28467, 1234675, 0, 0, 0
28546, 81021989, 1, 0, 0
28624, 78585069, 1, 0, 0
28626, 1493429, 0, 0, 0
28705, 78714637, 1, 0, 0
28855, 76646929, 1, 0, 0
28858, 3112511, 0, 0, 0
28901, 60020916, 1, 0, 0
28903, 1766087, 0, 0, 0
29015, 24622531, 1, 0, 0
29017, 1536705, 0, 0, 0
29114, 23653046, 1, 0, 0
29116, 1759429, 0, 0, 0
29211, 23365873, 1, 0, 0
29213, 2005182, 0, 0, 0
29318, 25361271, 1, 0, 0
29321, 2133314, 0, 0, 0
29409, 22630485, 1, 0, 0
29433, 955965, 0, 0, 0
29502, 22766974, 1, 0, 0
29505, 1929880, 0, 0, 0
29602, 22743644, 1, 0, 0
29694, 1517562, 0, 0, 0
29734, 41643875, 1, 0, 0
29810, 76129694, 1, 0, 0
29926, 77231394, 1, 0, 0
30004, 76937508, 1, 0, 0
30081, 1224136, 0, 0, 0
30119, 77268078, 1, 0, 0
30176, 20122793, 0, 0, 0
30232, 69217003, 1, 0, 0
30312, 77718287, 1, 0, 0
30424, 76707775, 1, 0, 0
30425, 704917, 0, 0, 0
30500, 75020472, 1, 0, 0
30613, 75734754, 1, 0, 0
30729, 76907862, 1, 0, 0
30789, 21215462, 0, 0, 0
30805, 75546176, 1, 0, 0
30805, 642524, 0, 0, 0
30919, 68268810, 1, 0, 0
31035, 76770082, 1, 0, 0
31109, 74334065, 1, 0, 0
31237, 83637327, 1, 0, 0
31274, 1176874, 0, 0, 0
31308, 28340096, 1, 0, 0
31324, 1566441, 0, 0, 0
31416, 23966639, 1, 0, 0
31417, 1846433, 0, 0, 0
31512, 22587817, 1, 0, 0
31513, 1588584, 0, 0, 0
31608, 23004901, 1, 0, 0
31609, 855900, 0, 0, 0
31704, 23729010, 1, 0, 0
31706, 1431901, 0, 0, 0
31818, 22532823, 1, 0, 0
31819, 1941487, 0, 0, 0
31907, 25665411, 1, 0, 0
31910, 3142328, 0, 0, 0
32017, 5202850, 0, 0, 0
32074, 34326883, 1, 0, 0
32155, 79865150, 1, 0, 0
32232, 78982052, 1, 0, 0
32311, 77615251, 1, 0, 0
32333, 12075562, 0, 0, 0
32409, 10231213, 0, 0, 0
32468, 67622366, 1, 0, 0
32545, 77712140, 1, 0, 0
32567, 11560022, 0, 0, 0
32624, 78104719, 1, 0, 0
32665, 5116084, 0, 0, 0
32700, 78783171, 1, 0, 0
32766, 22134352, 0, 0, 0
32821, 72066782, 1, 0, 0
32938, 77327599, 1, 0, 0
33016, 78143050, 1, 0, 0
33038, 22443541, 0, 0, 0
33133, 80405438, 1, 0, 0
33208, 76169224, 1, 0, 0
33210, 8446827, 0, 0, 0
33364, 71169869, 1, 0, 0
33441, 77522347, 1, 0, 0
33518, 77030784, 1, 0, 0
33635, 65959525, 1, 0, 0
33637, 12193157, 0, 0, 0
33708, 28885852, 1, 0, 0
33733, 2237877, 0, 0, 0
33802, 22623245, 1, 0, 0
33842, 2831125, 0, 0, 0
33901, 25328276, 1, 0, 0
33975, 1241270, 0, 0, 0
34019, 24106162, 1, 0, 0
34021, 1915636, 0, 0, 0
34116, 23409904, 1, 0, 0
34170, 3027599, 0, 0, 0
34212, 23320847, 1, 0, 0
34215, 3143922, 0, 0, 0
34352, 29331210, 1, 0, 0
34374, 21572847, 0, 0, 0
34427, 61662699, 1, 0, 0
34503, 75358849, 1, 0, 0
34662, 78477309, 1, 0, 0
34673, 11244775, 0, 0, 0
34737, 71764743, 1, 0, 0
34813, 75398159, 1, 0, 0
34971, 78298297, 1, 0, 0
34973, 1239497, 0, 0, 0
35048, 78096723, 1, 0, 0
35049, 1450864, 0, 0, 0
35130, 78047454, 1, 0, 0
35152, 21755366, 0, 0, 0
35208, 80129287, 1, 0, 0
35363, 72033994, 1, 0, 0
35440, 76651981, 1, 0, 0
35444, 1901990, 0, 0, 0
35519, 75923433, 1, 0, 0
35600, 68281723, 1, 0, 0
35678, 8176462, 0, 0, 0
35750, 76942361, 1, 0, 0
35834, 78305236, 1, 0, 0
35911, 80418417, 1, 0, 0
35913, 1506916, 0, 0, 0
36000, 34691404, 1, 0, 0
36001, 3811117, 0, 0, 0
36117, 28954890, 1, 0, 0
36120, 4088960, 0, 0, 0
36205, 23917016, 1, 0, 0
36229, 3531106, 0, 0, 0
36301, 28806413, 1, 0, 0
36346, 8427014, 0, 0, 0
36401, 23229284, 1, 0, 0
36408, 6191488, 0, 0, 0
36513, 24155756, 1, 0, 0
36528, 6826553, 0, 0, 0
36611, 28758746, 1, 0, 0
36741, 52435727, 1, 0, 0
36743, 1998485, 0, 0, 0
36820, 79563911, 1, 0, 0
36903, 10011935, 0, 0, 0
36976, 71686916, 1, 0, 0
37054, 64591835, 1, 0, 0
37133, 78902396, 1, 0, 0
37154, 21221200, 0, 0, 0
37213, 79551544, 1, 0, 0
37215, 1578123, 0, 0, 0
37366, 67248212, 1, 0, 0
37388, 21273012, 0, 0, 0
37443, 64467819, 1, 0, 0
37525, 79577301, 1, 0, 0
37603, 80138691, 1, 0, 0
37624, 21276501, 0, 0, 0
37718, 79125385, 1, 0, 0
37833, 77165631, 1, 0, 0
37912, 78175892, 1, 0, 0
37975, 17539846, 0, 0, 0
38016, 10791549, 0, 0, 0
38031, 71858834, 1, 0, 0
38109, 66635383, 1, 0, 0
38187, 1191662, 0, 0, 0
38225, 76755661, 1, 0, 0
38300, 1506159, 0, 0, 0
38314, 49932877, 1, 0, 0
38414, 25601284, 1, 0, 0
38415, 3304605, 0, 0, 0
38502, 25066012, 1, 0, 0
38547, 3905046, 0, 0, 0
38605, 22626916, 1, 0, 0
38643, 2067359, 0, 0, 0
38702, 23794451, 1, 0, 0
38765, 3544527, 0, 0, 0
38820, 23354074, 1, 0, 0
38822, 3925253, 0, 0, 0
38911, 24719719, 1, 0, 0
39031, 34256204, 1, 0, 0
39065, 3294886, 0, 0, 0
39104, 76639389, 1, 0, 0
39127, 22066871, 0, 0, 0
39225, 73496644, 1, 0, 0
39303, 72224623, 1, 0, 0
39381, 7894205, 0, 0, 0
39460, 77927833, 1, 0, 0
39540, 79357197, 1, 0, 0
39618, 78888952, 1, 0, 0
39619, 1320305, 0, 0, 0
39706, 10356186, 0, 0, 0
39773, 74611856, 1, 0, 0
39854, 68211132, 1, 0, 0
39856, 11981439, 0, 0, 0
39938, 81665781, 1, 0, 0
40014, 79586682, 1, 0, 0
40015, 1054148, 0, 0, 0
40169, 76995189, 1, 0, 0
40191, 21479121, 0, 0, 0
40248, 67805366, 1, 0, 0
40325, 78093054, 1, 0, 0
40400, 75649158, 1, 0, 0
40557, 76819331, 1, 0, 0
40624, 74427095, 1, 0, 0
40651, 3014149, 0, 0, 0
40706, 30384816, 1, 0, 0
40707, 3785836, 0, 0, 0
40807, 23742042, 1, 0, 0
40828, 1919916, 0, 0, 0
40922, 24913810, 1, 0, 0
40969, 2204660, 0, 0, 0
41020, 24673884, 1, 0, 0
41023, 2500014, 0, 0, 0
41102, 25538419, 1, 0, 0
41105, 2501081, 0, 0, 0
41206, 23926046, 1, 0, 0
41234, 3113209, 0, 0, 0
41301, 23704751, 1, 0, 0
41423, 46831567, 1, 0, 0
41507, 80871119, 1, 0, 0
41622, 8953471, 0, 0, 0
41663, 79185921, 1, 0, 0
41702, 79709013, 1, 0, 0
41704, 1618624, 0, 0, 0
41819, 69432888, 1, 0, 0
41934, 78477863, 1, 0, 0
41936, 5956717, 0, 0, 0
42013, 76430781, 1, 0, 0
42125, 75770700, 1, 0, 0
42205, 77363470, 1, 0, 0
42317, 76504397, 1, 0, 0
42341, 23649369, 0, 0, 0
42402, 70448986, 1, 0, 0
42516, 77121963, 1, 0, 0
42537, 10734961, 0, 0, 0
42631, 69657663, 1, 0, 0
42709, 77987964, 1, 0, 0
42770, 21803138, 0, 0, 0
42826, 71152813, 1, 0, 0
42902, 75995551, 1, 0, 0
42955, 15556731, 0, 0, 0
43000, 50981643, 1, 0, 0
43082, 2062131, 0, 0, 0
43106, 25186628, 1, 0, 0
43111, 5902875, 0, 0, 0
43206, 27908865, 1, 0, 0
43234, 5890916, 0, 0, 0
43313, 25547009, 1, 0, 0
43315, 7332581, 0, 0, 0
43402, 24487476, 1, 0, 0
43448, 5405933, 0, 0, 0
43500, 26298997, 1, 0, 0
43502, 4708711, 0, 0, 0
43620, 23862288, 1, 0, 0
43627, 8795880, 0, 0, 0
43711, 10366698, 0, 0, 0
43754, 50513715, 1, 0, 0
43815, 11128651, 0, 0, 0
43834, 80591401, 1, 0, 0
43916, 71134213, 1, 0, 0
43938, 22007368, 0, 0, 0
44040, 75104990, 1, 0, 0
44100, 22381032, 0, 0, 0
44120, 79796088, 1, 0, 0
44219, 11499330, 0, 0, 0
44236, 62955209, 1, 0, 0
44318, 84417765, 1, 0, 0
44474, 78945763, 1, 0, 0
44552, 77939939, 1, 0, 0
44572, 17334575, 0, 0, 0
44632, 68777838, 1, 0, 0
44716, 83030058, 1, 0, 0
44832, 79787530, 1, 0, 0
44833, 12282422, 0, 0, 0
44912, 78729398, 1, 0, 0
44952, 12671079, 0, 0, 0
45026, 66376297, 1, 0, 0
45105, 77260583, 1, 0, 0
45163, 14636241, 0, 0, 0
45204, 22016033, 0, 0, 0
45219, 69575167, 1, 0, 0
45309, 20565372, 0, 0, 0
45342, 69390867, 1, 0, 0
45403, 30780412, 1, 0, 0
45416, 7726932, 0, 0, 0
45526, 32743725, 1, 0, 0
45528, 7859691, 0, 0, 0
45625, 32800154, 1, 0, 0
45627, 1815377, 0, 0, 0
45701, 7601657, 0, 0, 0
45728, 32941542, 1, 0, 0
45800, 23636217, 1, 0, 0
45822, 1563527, 0, 0, 0
45908, 24316739, 1, 0, 0
45935, 3331821, 0, 0, 0
46011, 20120785, 0, 0, 0
46028, 26624271, 1, 0, 0
46106, 67472789, 1, 0, 0
46147, 1357996, 0, 0, 0
46211, 24898795, 0, 0, 0
46227, 79011614, 1, 0, 0
46306, 67949006, 1, 0, 0
46423, 78049403, 1, 0, 0
46501, 76427308, 1, 0, 0
46600, 11477353, 0, 0, 0
46615, 77288625, 1, 0, 0
46731, 69274506, 1, 0, 0
46809, 78576102, 1, 0, 0
46810, 999882, 0, 0, 0
46923, 75092510, 1, 0, 0
47042, 77111818, 1, 0, 0
47120, 80131487, 1, 0, 0
47162, 1132946, 0, 0, 0
47200, 80019962, 1, 0, 0
47260, 22027881, 0, 0, 0
47319, 71463185, 1, 0, 0
47436, 77885808, 1, 0, 0
47456, 10696400, 0, 0, 0
47554, 81096456, 1, 0, 0
47635, 78770589, 1, 0, 0
47637, 5948287, 0, 0, 0
47708, 33289782, 1, 0, 0
47712, 2856031, 0, 0, 0
47800, 24106774, 1, 0, 0
47801, 4712312, 0, 0, 0
47912, 23733995, 1, 0, 0
47914, 2922794, 0, 0, 0
48016, 26582542, 1, 0, 0
48051, 3080373, 0, 0, 0
48126, 26510597, 1, 0, 0
48200, 24547236, 1, 0, 0
48202, 2506959, 0, 0, 0
48316, 22493366, 1, 0, 0
48389, 2941594, 0, 0, 0
48464, 58133283, 1, 0, 0
48486, 22469737, 0, 0, 0
48542, 67253181, 1, 0, 0
48623, 79795380, 1, 0, 0
48702, 80270221, 1, 0, 0
48799, 22682386, 0, 0, 0
48854, 76187981, 1, 0, 0
48931, 65713838, 1, 0, 0
49011, 78544814, 1, 0, 0
49164, 77169729, 1, 0, 0
49241, 77611410, 1, 0, 0
49263, 21725699, 0, 0, 0
49322, 79252295, 1, 0, 0
49402, 69702281, 1, 0, 0
49485, 1260754, 0, 0, 0
49563, 80330760, 1, 0, 0
49564, 1357843, 0, 0, 0
49642, 78293646, 1, 0, 0
49677, 35394347, 0, 0, 0
49723, 79474831, 1, 0, 0
49782, 11963721, 0, 0, 0
49801, 79700735, 1, 0, 0
49842, 3766254, 0, 0, 0
49902, 11910578, 0, 0, 0
49919, 70331605, 1, 0, 0
50008, 58838544, 1, 0, 0
50009, 1219391, 0, 0, 0
50102, 22837670, 1, 0, 0
50128, 2349532, 0, 0, 0
50210, 23219343, 1, 0, 0
50253, 1856769, 0, 0, 0
50321, 24553280, 1, 0, 0
50322, 2558649, 0, 0, 0
50421, 24800118, 1, 0, 0
50423, 1776431, 0, 0, 0
50505, 25474774, 1, 0, 0
50506, 2233225, 0, 0, 0
50602, 3234117, 0, 0, 0
50608, 24639474, 1, 0, 0
50705, 41582156, 1, 0, 0
50786, 1754508, 0, 0, 0
50805, 10064991, 0, 0, 0
50862, 76692351, 1, 0, 0
50947, 71301757, 1, 0, 0
50948, 12598852, 0, 0, 0
51033, 87436689, 1, 0, 0
51110, 79731421, 1, 0, 0
51133, 23171085, 0, 0, 0
51231, 65265860, 1, 0, 0
51310, 80141460, 1, 0, 0
51375, 14343018, 0, 0, 0
51400, 8524092, 0, 0, 0
51473, 78140806, 1, 0, 0
51550, 79858315, 1, 0, 0
51631, 78923388, 1, 0, 0
51654, 22577172, 0, 0, 0
51711, 80573779, 1, 0, 0
51732, 20786380, 0, 0, 0
51833, 67454066, 1, 0, 0
51834, 13121208, 0, 0, 0
51909, 77623186, 1, 0, 0
51949, 1436268, 0, 0, 0
52010, 10841103, 0, 0, 0
52025, 76468547, 1, 0, 0
52106, 69726048, 1, 0, 0
52107, 1221543, 0, 0, 0
52233, 75506957, 1, 0, 0
52317, 84146157, 1, 0, 0
52319, 11878789, 0, 0, 0
52400, 27342030, 1, 0, 0
52405, 2460212, 0, 0, 0
52517, 23639612, 1, 0, 0
52527, 6697056, 0, 0, 0
52624, 28438890, 1, 0, 0
52716, 29815993, 1, 0, 0
52721, 4567458, 0, 0, 0
52803, 28828066, 1, 0, 0
52829, 5945526, 0, 0, 0
52908, 25439791, 1, 0, 0
52944, 5380357, 0, 0, 0
53046, 29542802, 1, 0, 0
53057, 9970115, 0, 0, 0
53125, 63452234, 1, 0, 0
53126, 916744, 0, 0, 0
53206, 73599518, 1, 0, 0
53361, 78122651, 1, 0, 0
53382, 20993313, 0, 0, 0
53444, 69834781, 1, 0, 0
53528, 72684843, 1, 0, 0
53603, 79478491, 1, 0, 0
53707, 22827808, 0, 0, 0
53766, 79469175, 1, 0, 0
53805, 83378422, 1, 0, 0
53827, 12425849, 0, 0, 0
53925, 80970591, 1, 0, 0
54020, 18820090, 0, 0, 0
54075, 75732362, 1, 0, 0
54110, 17292250, 0, 0, 0
54156, 67986616, 1, 0, 0
54235, 81565636, 1, 0, 0
54237, 2002635, 0, 0, 0
54315, 79579339, 1, 0, 0
54433, 78377836, 1, 0, 0
54489, 20176500, 0, 0, 0
54509, 75879301, 1, 0, 0
54607, 21567959, 0, 0, 0
54627, 71769738, 1, 0, 0
54717, 57173017, 1, 0, 0
54721, 3317269, 0, 0, 0
54804, 25252132, 1, 0, 0
54852, 2045314, 0, 0, 0
54916, 25233110, 1, 0, 0
54918, 2466526, 0, 0, 0
55003, 26330153, 1, 0, 0
55004, 2295304, 0, 0, 0
55113, 24424922, 1, 0, 0
55141, 2357075, 0, 0, 0
55213, 23959600, 1, 0, 0
55244, 3126529, 0, 0, 0
55301, 24626726, 1, 0, 0
55303, 2854418, 0, 0, 0
55416, 21878675, 0, 0, 0
55433, 58502375, 1, 0, 0
55516, 59840973, 1, 0, 0
55675, 81426671, 1, 0, 0
55756, 80039142, 1, 0, 0
55838, 81412830, 1, 0, 0
55860, 19740562, 0, 0, 0
55916, 68732061, 1, 0, 0
55920, 3652237, 0, 0, 0
56017, 22850944, 0, 0, 0
56073, 77180687, 1, 0, 0
56113, 80805933, 1, 0, 0
56229, 77334282, 1, 0, 0
56231, 6223954, 0, 0, 0
56306, 75426913, 1, 0, 0
56366, 21913510, 0, 0, 0
56425, 75325562, 1, 0, 0
56501, 71835358, 1, 0, 0
56620, 79213748, 1, 0, 0
56642, 22435833, 0, 0, 0
56701, 68230018, 1, 0, 0
56739, 1603683, 0, 0, 0
56800, 7644073, 0, 0, 0
56814, 76337493, 1, 0, 0
56916, 63134551, 1, 0, 0
56946, 30107904, 0, 0, 0
57004, 32076452, 1, 0, 0
57077, 2322660, 0, 0, 0
57100, 23082240, 1, 0, 0
57139, 1661773, 0, 0, 0
57211, 24225568, 1, 0, 0
57248, 2032389, 0, 0, 0
57303, 22453684, 1, 0, 0
57319, 1332914, 0, 0, 0
57402, 24116359, 1, 0, 0
57405, 2994406, 0, 0, 0
57503, 23120631, 1, 0, 0
57528, 2524373, 0, 0, 0
57610, 22946280, 1, 0, 0
57621, 2900542, 0, 0, 0
57728, 26188652, 1, 0, 0
57809, 79106895, 1, 0, 0
57873, 12430448, 0, 0, 0
57928, 72253903, 1, 0, 0
58007, 78772382, 1, 0, 0
58124, 77261569, 1, 0, 0
58125, 1330391, 0, 0, 0
58206, 81893053, 1, 0, 0
58324, 78122843, 1, 0, 0
58325, 962271, 0, 0, 0
58401, 77627961, 1, 0, 0
58423, 21919845, 0, 0, 0
58524, 80923364, 1, 0, 0
58525, 4313744, 0, 0, 0
58604, 80289777, 1, 0, 0
58760, 78304011, 1, 0, 0
58837, 78188377, 1, 0, 0
58841, 3784017, 0, 0, 0
58918, 65277119, 1, 0, 0
58919, 4154006, 0, 0, 0
59080, 75071375, 1, 0, 0
59155, 78772858, 1, 0, 0
59231, 75470155, 1, 0, 0
59233, 11235553, 0, 0, 0
59306, 74787644, 1, 0, 0
59374, 1562069, 0, 0, 0
59423, 46364760, 1, 0, 0
59426, 2395995, 0, 0, 0
59524, 23875816, 1, 0, 0
59606, 28112822, 1, 0, 0
59642, 7411252, 0, 0, 0
59703, 24247980, 1, 0, 0
59726, 5884707, 0, 0, 0
59809, 26265603, 1, 0, 0
59827, 4240496, 0, 0, 0
59917, 28509928, 1, 0, 0
59989, 3323427, 0, 0, 0
60013, 27209304, 1, 0, 0
60024, 11381087, 0, 0, 0
60162, 41902855, 1, 0, 0
60184, 15183253, 0, 0, 0
60243, 79779300, 1, 0, 0
60302, 17690610, 0, 0, 0
60321, 79928027, 1, 0, 0
60439, 64082624, 1, 0, 0
60516, 77496028, 1, 0, 0
60640, 81284753, 1, 0, 0
60719, 80520879, 1, 0, 0
60742, 23047604, 0, 0, 0
60800, 69986901, 1, 0, 0
60801, 13166861, 0, 0, 0
60954, 77100062, 1, 0, 0
60970, 16220399, 0, 0, 0
61028, 75190094, 1, 0, 0
61104, 79190207, 1, 0, 0
61220, 76626557, 1, 0, 0
61296, 8107245, 0, 0, 0
61336, 76475191, 1, 0, 0
61414, 77560362, 1, 0, 0
61437, 22815953, 0, 0, 0
61534, 71969295, 1, 0, 0
61609, 76149353, 1, 0, 0
61696, 21509924, 0, 0, 0
61719, 71853362, 1, 0, 0
61775, 1726081, 0, 0, 0
61811, 33805450, 1, 0, 0
61815, 3265216, 0, 0, 0
61906, 33153329, 1, 0, 0
61946, 3778552, 0, 0, 0
62005, 30469219, 1, 0, 0
62006, 1346993, 0, 0, 0
62103, 30126106, 1, 0, 0
62168, 6815883, 0, 0, 0
62211, 27832411, 1, 0, 0
62221, 8315965, 0, 0, 0
62318, 24778115, 1, 0, 0
62384, 8525756, 0, 0, 0
62440, 32257136, 1, 0, 0
62516, 66160945, 1, 0, 0
62669, 76098346, 1, 0, 0
62748, 78431496, 1, 0, 0
62828, 79312367, 1, 0, 0
62908, 79802551, 1, 0, 0
62989, 1152404, 0, 0, 0
63009, 21656383, 0, 0, 0
63069, 74667956, 1, 0, 0
63151, 81432977, 1, 0, 0
63173, 22065259, 0, 0, 0
63231, 70200800, 1, 0, 0
63232, 976517, 0, 0, 0
63309, 78399193, 1, 0, 0
63311, 1217050, 0, 0, 0
63409, 7450158, 0, 0, 0
63467, 78035489, 1, 0, 0
63506, 83037804, 1, 0, 0
63622, 70119833, 1, 0, 0
63645, 19496932, 0, 0, 0
63741, 70231418, 1, 0, 0
63818, 78214455, 1, 0, 0
63940, 80762468, 1, 0, 0
63961, 21581461, 0, 0, 0
64007, 47731408, 1, 0, 0
64009, 2452093, 0, 0, 0
64114, 25555376, 1, 0, 0
64137, 1915499, 0, 0, 0
64211, 23292894, 1, 0, 0
64212, 1477851, 0, 0, 0
64301, 22629795, 1, 0, 0
64302, 2258334, 0, 0, 0
64402, 2544139, 0, 0, 0
64420, 26820216, 1, 0, 0
64501, 23612594, 1, 0, 0
64592, 4100331, 0, 0, 0
64609, 23250284, 1, 0, 0
64656, 6368074, 0, 0, 0
64718, 26409784, 1, 0, 0
64776, 6188442, 0, 0, 0
64835, 64602114, 1, 0, 0
64916, 80244156, 1, 0, 0
64980, 23954107, 0, 0, 0
65000, 1117715, 0, 0, 0
65037, 73699309, 1, 0, 0
65101, 15586075, 0, 0, 0
65117, 66605602, 1, 0, 0
65232, 69628160, 1, 0, 0
65275, 1385566, 0, 0, 0
65310, 78332086, 1, 0, 0
65375, 22609088, 0, 0, 0
65431, 71977485, 1, 0, 0
65432, 1224983, 0, 0, 0
65500, 2877867, 0, 0, 0
65535, 103040611, 1, 0, 0
65614, 78165471, 1, 0, 0
65615, 936717, 0, 0, 0
65732, 77672413, 1, 0, 0
65733, 1462534, 0, 0, 0
65812, 77944471, 1, 0, 0
65834, 22740940, 0, 0, 0
65931, 64019775, 1, 0, 0
65992, 11670185, 0, 0, 0
66009, 78409625, 1, 0, 0
66031, 22340028, 0, 0, 0
66132, 66361833, 1, 0, 0
66154, 11719101, 0, 0, 0
66213, 69843168, 1, 0, 0
66236, 22855260, 0, 0, 0
66336, 73553624, 1, 0, 0
66391, 8110818, 0, 0, 0
66401, 73011177, 1, 0, 0
66461, 3372459, 0, 0, 0
66508, 28829745, 1, 0, 0
66536, 4003323, 0, 0, 0
66608, 25476091, 1, 0, 0
66664, 2892821, 0, 0, 0
66711, 24005723, 1, 0, 0
66713, 4144546, 0, 0, 0
66803, 5776817, 0, 0, 0
66807, 27117831, 1, 0, 0
66910, 27433464, 1, 0, 0
66911, 4722415, 0, 0, 0
67015, 26076959, 1, 0, 0
67030, 9012254, 0, 0, 0
67150, 37504219, 1, 0, 0
67151, 5652721, 0, 0, 0
67226, 76274702, 1, 0, 0
67249, 23178072, 0, 0, 0
67307, 65933549, 1, 0, 0
67328, 11090279, 0, 0, 0
67466, 74182392, 1, 0, 0
67488, 22267197, 0, 0, 0
67501, 13055014, 0, 0, 0
67545, 79534690, 1, 0, 0
67663, 82205968, 1, 0, 0
67739, 77189184, 1, 0, 0
67766, 21455500, 0, 0, 0
67822, 66069773, 1, 0, 0
67845, 23187731, 0, 0, 0
67907, 84085043, 1, 0, 0
68008, 22252970, 0, 0, 0
68066, 74891508, 1, 0, 0
68145, 68735903, 1, 0, 0
68167, 21866807, 0, 0, 0
68202, 11545258, 0, 0, 0
68224, 78705117, 1, 0, 0
68305, 72431210, 1, 0, 0
68363, 19766020, 0, 0, 0
68405, 9635031, 0, 0, 0
68459, 70175953, 1, 0, 0
68535, 77279752, 1, 0, 0
68614, 65822323, 1, 0, 0
68636, 22501340, 0, 0, 0
68756, 70479269, 1, 0, 0
68804, 33153430, 1, 0, 0
68808, 4202365, 0, 0, 0
68926, 23305580, 1, 0, 0
68928, 1788521, 0, 0, 0
69000, 1371286, 0, 0, 0
69024, 24444099, 1, 0, 0
69122, 24050774, 1, 0, 0
69147, 2656845, 0, 0, 0
69218, 23989088, 1, 0, 0
69222, 3199201, 0, 0, 0
69309, 26221549, 1, 0, 0
69311, 2313437, 0, 0, 0
69434, 27335838, 1, 0, 0
69435, 4470615, 0, 0, 0
69511, 61333732, 1, 0, 0
69671, 79325653, 1, 0, 0
69748, 77474774, 1, 0, 0
69822, 76122477, 1, 0, 0
69920, 21264288, 0, 0, 0
69975, 75692111, 1, 0, 0
70053, 56137688, 1, 0, 0
70133, 78742295, 1, 0, 0
70208, 77563258, 1, 0, 0
70362, 76855354, 1, 0, 0
70364, 11246864, 0, 0, 0
70445, 79388092, 1, 0, 0
70521, 78507673, 1, 0, 0
70543, 22473468, 0, 0, 0
70678, 72196032, 1, 0, 0
70682, 3574953, 0, 0, 0
70757, 69203612, 1, 0, 0
70835, 76839186, 1, 0, 0
70836, 7142843, 0, 0, 0
70911, 76641504, 1, 0, 0
70915, 4453271, 0, 0, 0
71044, 71990986, 1, 0, 0
71065, 1282389, 0, 0, 0
71116, 27458805, 1, 0, 0
71212, 24002252, 1, 0, 0
71285, 1167553, 0, 0, 0
71305, 23908750, 1, 0, 0
71330, 1927676, 0, 0, 0
71402, 23446510, 1, 0, 0
71469, 4608518, 0, 0, 0
71503, 25453469, 1, 0, 0
71504, 1531576, 0, 0, 0
71602, 23435888, 1, 0, 0
71605, 1885894, 0, 0, 0
71733, 28437768, 1, 0, 0
71798, 9999249, 0, 0, 0
71813, 79783267, 1, 0, 0
71932, 71142708, 1, 0, 0
72010, 78511389, 1, 0, 0
72127, 78128803, 1, 0, 0
72128, 1282424, 0, 0, 0
72205, 82675680, 1, 0, 0
72252, 7046568, 0, 0, 0
72331, 74585838, 1, 0, 0
72393, 21446332, 0, 0, 0
72406, 6270217, 0, 0, 0
72409, 80075406, 1, 0, 0
72513, 16673360, 0, 0, 0
72569, 78009583, 1, 0, 0
72646, 66854389, 1, 0, 0
72648, 1579592, 0, 0, 0
72725, 77855202, 1, 0, 0
72745, 20265731, 0, 0, 0
72802, 77167618, 1, 0, 0
72804, 1093378, 0, 0, 0
72960, 72274698, 1, 0, 0
72961, 1475140, 0, 0, 0
73035, 77822869, 1, 0, 0
73058, 23166854, 0, 0, 0
73111, 75139297, 1, 0, 0
73230, 83498072, 1, 0, 0
73313, 80782732, 1, 0, 0
73355, 2053487, 0, 0, 0
73416, 36322052, 1, 0, 0
73490, 1757004, 0, 0, 0
73510, 24202764, 1, 0, 0
73514, 4254526, 0, 0, 0
73606, 22880999, 1, 0, 0
73607, 1815076, 0, 0, 0
73707, 23453229, 1, 0, 0
73708, 1819943, 0, 0, 0
73820, 22763643, 1, 0, 0
73851, 2576131, 0, 0, 0
73922, 24142814, 1, 0, 0
73949, 3260444, 0, 0, 0
74018, 23510108, 1, 0, 0
74020, 1715684, 0, 0, 0
74127, 47882674, 1, 0, 0
74203, 78153818, 1, 0, 0
74326, 83314265, 1, 0, 0
74405, 76334620, 1, 0, 0
74425, 10881170, 0, 0, 0
74525, 81070749, 1, 0, 0
74548, 20084814, 0, 0, 0
74602, 15482162, 0, 0, 0
74606, 68609835, 1, 0, 0
74767, 82212198, 1, 0, 0
74789, 21500555, 0, 0, 0
74844, 78024780, 1, 0, 0
74845, 1123646, 0, 0, 0
74923, 66298070, 1, 0, 0
74943, 5641815, 0, 0, 0
75001, 67142666, 1, 0, 0
75163, 74446702, 1, 0, 0
75243, 81615616, 1, 0, 0
75244, 11226637, 0, 0, 0
75320, 77947171, 1, 0, 0
75341, 21326205, 0, 0, 0
75440, 78600910, 1, 0, 0
75463, 12930306, 0, 0, 0
75517, 67762410, 1, 0, 0
75518, 1325342, 0, 0, 0
75612, 20198450, 0, 0, 0
75633, 76108699, 1, 0, 0
75704, 75571556, 1, 0, 0
75783, 11603074, 0, 0, 0
75800, 30126770, 1, 0, 0
75890, 2279057, 0, 0, 0
75912, 23833821, 1, 0, 0
75961, 3595767, 0, 0, 0
76003, 22398600, 1, 0, 0
76091, 3290948, 0, 0, 0
76100, 24182753, 1, 0, 0
76104, 3497657, 0, 0, 0
76211, 23254265, 1, 0, 0
76236, 6703141, 0, 0, 0
76311, 25909487, 1, 0, 0
76315, 4506184, 0, 0, 0
76443, 36490129, 1, 0, 0
76522, 80958636, 1, 0, 0
76542, 15994209, 0, 0, 0
76600, 68606602, 1, 0, 0
76714, 76265064, 1, 0, 0
76736, 11447100, 0, 0, 0
76834, 70999481, 1, 0, 0
76907, 75897332, 1, 0, 0
76985, 1134682, 0, 0, 0
77023, 76628981, 1, 0, 0
77099, 1084626, 0, 0, 0
77138, 76041720, 1, 0, 0
77212, 36370071, 0, 0, 0
77218, 77905630, 1, 0, 0
77375, 81068551, 1, 0, 0
77455, 78719631, 1, 0, 0
77468, 12389282, 0, 0, 0
77539, 82201605, 1, 0, 0
77599, 22515393, 0, 0, 0
77618, 82686089, 1, 0, 0
77721, 24319008, 0, 0, 0
77741, 73610042, 1, 0, 0
77802, 14595620, 0, 0, 0
77862, 71693993, 1, 0, 0
77942, 69788232, 1, 0, 0
77965, 22704474, 0, 0, 0
78026, 70695123, 1, 0, 0
78029, 3165545, 0, 0, 0
78104, 35573125, 1, 0, 0
78169, 4422614, 0, 0, 0
78202, 17181391, 0, 0, 0
78221, 29076575, 1, 0, 0
78305, 23291605, 1, 0, 0
78390, 9976199, 0, 0, 0
78401, 23533485, 1, 0, 0
78404, 3025633, 0, 0, 0
78512, 24625518, 1, 0, 0
78544, 5930089, 0, 0, 0
78614, 27147527, 1, 0, 0
78623, 6419598, 0, 0, 0
78714, 27135449, 1, 0, 0
78727, 9448141, 0, 0, 0
78802, 51214744, 1, 0, 0
78806, 3424112, 0, 0, 0
78923, 74342525, 1, 0, 0
79004, 79689974, 1, 0, 0
79042, 9865405, 0, 0, 0
79160, 79831416, 1, 0, 0
79162, 12052424, 0, 0, 0
79241, 79397457, 1, 0, 0
79324, 70677311, 1, 0, 0
79401, 79828814, 1, 0, 0
79479, 11048783, 0, 0, 0
79557, 76452014, 1, 0, 0
79579, 12711617, 0, 0, 0
79635, 78407775, 1, 0, 0
79656, 21696215, 0, 0, 0
79716, 68499576, 1, 0, 0
79738, 21678667, 0, 0, 0
79831, 72997000, 1, 0, 0
79870, 4771400, 0, 0, 0
79909, 75674764, 1, 0, 0
79947, 1283469, 0, 0, 0
80024, 76567525, 1, 0, 0
80105, 79461244, 1, 0, 0
80222, 78295765, 1, 0, 0
80243, 21238673, 0, 0, 0
80304, 70206417, 1, 0, 0
80408, 70101350, 1, 0, 0
80412, 3332892, 0, 0, 0
80505, 26158192, 1, 0, 0
80522, 2716802, 0, 0, 0
80602, 24422752, 1, 0, 0
80658, 1911082, 0, 0, 0
80705, 25960118, 1, 0, 0
80707, 3882768, 0, 0, 0
80810, 25312227, 1, 0, 0
80813, 2289143, 0, 0, 0
80911, 24641297, 1, 0, 0
80913, 2601763, 0, 0, 0
81012, 24006630, 1, 0, 0
81038, 2204483, 0, 0, 0
81127, 26825983, 1, 0, 0
81148, 4862239, 0, 0, 0
81208, 64913492, 1, 0, 0
81272, 10964895, 0, 0, 0
81371, 80909721, 1, 0, 0
81449, 76915821, 1, 0, 0
81472, 12640464, 0, 0, 0
81530, 79570763, 1, 0, 0
81613, 70576398, 1, 0, 0
81769, 78934582, 1, 0, 0
81845, 77319549, 1, 0, 0
81867, 21319827, 0, 0, 0
81923, 77038671, 1, 0, 0
81946, 22387308, 0, 0, 0
82002, 56450209, 1, 0, 0
82023, 21959880, 0, 0, 0
82103, 11921240, 0, 0, 0
82163, 63352624, 1, 0, 0
82280, 88714525, 1, 0, 0
82357, 95937051, 1, 0, 0
82359, 7854814, 0, 0, 0
82432, 76181837, 1, 0, 0
82512, 75287834, 1, 0, 0
82677, 81206981, 1, 0, 0
82699, 12348168, 0, 0, 0
82755, 81164501, 1, 0, 0
82771, 16295681, 0, 0, 0
82806, 43165993, 1, 0, 0
82807, 1862430, 0, 0, 0
82906, 24231036, 1, 0, 0
82972, 1991140, 0, 0, 0
83006, 24976883, 1, 0, 0
83064, 1957833, 0, 0, 0
83109, 25951546, 1, 0, 0
83112, 3341846, 0, 0, 0
83206, 23738537, 1, 0, 0
83228, 2098733, 0, 0, 0
83302, 24189810, 1, 0, 0
83304, 1929929, 0, 0, 0
83412, 23740616, 1, 0, 0
83503, 39097900, 1, 0, 0
83625, 79858763, 1, 0, 0
83690, 6765534, 0, 0, 0
83707, 84415789, 1, 0, 0
83748, 1925428, 0, 0, 0
83822, 67744203, 1, 0, 0
83938, 76938310, 1, 0, 0
84014, 76569283, 1, 0, 0
84135, 80090911, 1, 0, 0
84213, 77712878, 1, 0, 0
84293, 1865386, 0, 0, 0
84333, 80185719, 1, 0, 0
84410, 76717113, 1, 0, 0
84534, 81540603, 1, 0, 0
84595, 21320411, 0, 0, 0
84608, 12857694, 0, 0, 0
84622, 85697805, 1, 0, 0
84769, 70664051, 1, 0, 0
84778, 6496178, 0, 0, 0
84848, 73729512, 1, 0, 0
84869, 14895873, 0, 0, 0
84929, 68866344, 1, 0, 0
85006, 80887441, 1, 0, 0
85115, 59746912, 1, 0, 0
85129, 8300595, 0, 0, 0
85200, 26181366, 1, 0, 0
85203, 4145913, 0, 0, 0
85311, 27745404, 1, 0, 0
85313, 3641349, 0, 0, 0
85410, 28186381, 1, 0, 0
85487, 7794916, 0, 0, 0
85510, 25120753, 1, 0, 0
85558, 2008453, 0, 0, 0
85618, 28952125, 1, 0, 0
85659, 6251144, 0, 0, 0
85701, 28385248, 1, 0, 0
85774, 2478826, 0, 0, 0
85809, 26490329, 1, 0, 0
85863, 8824509, 0, 0, 0
85961, 66945890, 1, 0, 0
85962, 7502946, 0, 0, 0
86038, 77385497, 1, 0, 0
86039, 980879, 0, 0, 0
86119, 77360927, 1, 0, 0
86120, 5984679, 0, 0, 0
86233, 17576034, 0, 0, 0
86279, 74400178, 1, 0, 0
86318, 84847514, 1, 0, 0
86400, 79418318, 1, 0, 0
86481, 976918, 0, 0, 0
86502, 21276830, 0, 0, 0
86521, 81498143, 1, 0, 0
86626, 80486073, 1, 0, 0
86647, 21606451, 0, 0, 0
86702, 12672160, 0, 0, 0
86747, 96200499, 1, 0, 0
86810, 10882427, 0, 0, 0
86828, 72620475, 1, 0, 0
86910, 68949311, 1, 0, 0
86933, 22912079, 0, 0, 0
87034, 76032380, 1, 0, 0
87116, 80534033, 1, 0, 0
87118, 2269665, 0, 0, 0
87234, 83071125, 1, 0, 0
87256, 18477863, 0, 0, 0
87316, 79991517, 1, 0, 0
87415, 20789716, 0, 0, 0
87471, 73379887, 1, 0, 0
87536, 60691658, 1, 0, 0
87538, 1925642, 0, 0, 0
87603, 37755162, 1, 0, 0
87604, 3259171, 0, 0, 0
87701, 2184803, 0, 0, 0
87722, 23352575, 1, 0, 0
87813, 25889384, 1, 0, 0
87816, 4290023, 0, 0, 0
87912, 23703663, 1, 0, 0
87939, 3655260, 0, 0, 0
88000, 24865728, 1, 0, 0
88000, 3752854, 0, 0, 0
88101, 2323384, 0, 0, 0
88118, 23435523, 1, 0, 0
88208, 24716193, 1, 0, 0
88229, 5676129, 0, 0, 0
88364, 64120163, 1, 0, 0
88386, 11769565, 0, 0, 0
88442, 66948194, 1, 0, 0
88525, 80508647, 1, 0, 0
88605, 81354964, 1, 0, 0
88687, 1003398, 0, 0, 0
88767, 80364398, 1, 0, 0
88791, 23613225, 0, 0, 0
88845, 67963955, 1, 0, 0
88866, 21316352, 0, 0, 0
88923, 77647691, 1, 0, 0
88945, 22595870, 0, 0, 0
89002, 56256901, 1, 0, 0
89024, 22254644, 0, 0, 0
89122, 81405448, 1, 0, 0
89145, 12625306, 0, 0, 0
89244, 83349219, 1, 0, 0
89266, 12878447, 0, 0, 0
89322, 77210696, 1, 0, 0
89408, 70590479, 1, 0, 0
89507, 21785025, 0, 0, 0
89562, 79392681, 1, 0, 0
89639, 66165810, 1, 0, 0
89640, 11078254, 0, 0, 0
89715, 65021114, 1, 0, 0
89717, 12599537, 0, 0, 0
89848, 67202938, 1, 0, 0
89850, 1659165, 0, 0, 0
89920, 28055590, 1, 0, 0
89921, 1902993, 0, 0, 0
90022, 24095028, 1, 0, 0
90022, 2205440, 0, 0, 0
90022, 28976319, 1, 0, 0
