250, 15232, 1, 0, 0
350, 15660, 1, 0, 0
450, 14960, 1, 0, 0
550, 15190, 1, 0, 0
650, 16120, 1, 0, 0
749, 15040, 1, 0, 0
849, 16470, 1, 0, 0
949, 13840, 1, 0, 0
1049, 16780, 1, 0, 0
1149, 14850, 1, 0, 0
1250, 15560, 1, 0, 0
1350, 15920, 1, 0, 0
1450, 14760, 1, 0, 0
1550, 15410, 1, 0, 0
1650, 13450, 1, 0, 0
1749, 15666, 1, 0, 0
1849, 15580, 1, 0, 0
1949, 15970, 1, 0, 0
2049, 17850, 1, 0, 0
2149, 15510, 1, 0, 0
2249, 17660, 1, 0, 0
2349, 15870, 1, 0, 0
2449, 13820, 1, 0, 0
2549, 16110, 1, 0, 0
2650, 16410, 1, 0, 0
2750, 16030, 1, 0, 0
2850, 15480, 1, 0, 0
2950, 16700, 1, 0, 0
3050, 17660, 1, 0, 0
3150, 15500, 1, 0, 0
3249, 15141, 1, 0, 0
3349, 15440, 1, 0, 0
3449, 15920, 1, 0, 0
3549, 15400, 1, 0, 0
3649, 13510, 1, 0, 0
3749, 13010, 1, 0, 0
3849, 14680, 1, 0, 0
3949, 14660, 1, 0, 0
4050, 15570, 1, 0, 0
4150, 16310, 1, 0, 0
4249, 16363, 1, 0, 0
4349, 14910, 1, 0, 0
4449, 15110, 1, 0, 0
4549, 14870, 1, 0, 0
4649, 13980, 1, 0, 0
4749, 15610, 1, 0, 0
4849, 14960, 1, 0, 0
4949, 12760, 1, 0, 0
5049, 15350, 1, 0, 0
5149, 15900, 1, 0, 0
5250, 15350, 1, 0, 0
5350, 15750, 1, 0, 0
5450, 14850, 1, 0, 0
5550, 15740, 1, 0, 0
5650, 14880, 1, 0, 0
5749, 14565, 1, 0, 0
5849, 15840, 1, 0, 0
5949, 16750, 1, 0, 0
6049, 16270, 1, 0, 0
6149, 16310, 1, 0, 0
6249, 14780, 1, 0, 0
6349, 16400, 1, 0, 0
6449, 15820, 1, 0, 0
6550, 15720, 1, 0, 0
6650, 14840, 1, 0, 0
6750, 15680, 1, 0, 0
6850, 14120, 1, 0, 0
6950, 16110, 1, 0, 0
7050, 15330, 1, 0, 0
7150, 15620, 1, 0, 0
7249, 14252, 1, 0, 0
7349, 16670, 1, 0, 0
7449, 14420, 1, 0, 0
7549, 16640, 1, 0, 0
7649, 16290, 1, 0, 0
7749, 14710, 1, 0, 0
7850, 15860, 1, 0, 0
7950, 15780, 1, 0, 0
8050, 15800, 1, 0, 0
8150, 14510, 1, 0, 0
8249, 13333, 1, 0, 0
8349, 17470, 1, 0, 0
8449, 13370, 1, 0, 0
8549, 15930, 1, 0, 0
8649, 14470, 1, 0, 0
8749, 14920, 1, 0, 0
8849, 16090, 1, 0, 0
8949, 16710, 1, 0, 0
9049, 14820, 1, 0, 0
9149, 16330, 1, 0, 0
9250, 17250, 1, 0, 0
9350, 15610, 1, 0, 0
9450, 14870, 1, 0, 0
9550, 15700, 1, 0, 0
9650, 16100, 1, 0, 0
9749, 15585, 1, 0, 0
9849, 15140, 1, 0, 0
9949, 16490, 1, 0, 0
10049, 15700, 1, 0, 0
10149, 15140, 1, 0, 0
10249, 15710, 1, 0, 0
10349, 17090, 1, 0, 0
10449, 16380, 1, 0, 0
10550, 15160, 1, 0, 0
10650, 15070, 1, 0, 0
10750, 15610, 1, 0, 0
10850, 14340, 1, 0, 0
10950, 12850, 1, 0, 0
11050, 14800, 1, 0, 0
11150, 14670, 1, 0, 0
11249, 13222, 1, 0, 0
11349, 14080, 1, 0, 0
11449, 13590, 1, 0, 0
11549, 16420, 1, 0, 0
11649, 14790, 1, 0, 0
11750, 17180, 1, 0, 0
11850, 15970, 1, 0, 0
11950, 14560, 1, 0, 0
12050, 8080, 1, 0, 0
12150, 17130, 1, 0, 0
12249, 14282, 1, 0, 0
12349, 13830, 1, 0, 0
12449, 16240, 1, 0, 0
12549, 15680, 1, 0, 0
12649, 15440, 1, 0, 0
12749, 16410, 1, 0, 0
12849, 14490, 1, 0, 0
12949, 14370, 1, 0, 0
13050, 18110, 1, 0, 0
13150, 14690, 1, 0, 0
13250, 16830, 1, 0, 0
13350, 14230, 1, 0, 0
13450, 13810, 1, 0, 0
13550, 14670, 1, 0, 0
13650, 16900, 1, 0, 0
13749, 14474, 1, 0, 0
13849, 16180, 1, 0, 0
13949, 15240, 1, 0, 0
14049, 16070, 1, 0, 0
14149, 16550, 1, 0, 0
14249, 16850, 1, 0, 0
14349, 15520, 1, 0, 0
14450, 15520, 1, 0, 0
14550, 15250, 1, 0, 0
14650, 15510, 1, 0, 0
14749, 15222, 1, 0, 0
14849, 14370, 1, 0, 0
14949, 14980, 1, 0, 0
15049, 14710, 1, 0, 0
15149, 17560, 1, 0, 0
15249, 15490, 1, 0, 0
15349, 13040, 1, 0, 0
15449, 16440, 1, 0, 0
15549, 14720, 1, 0, 0
15649, 15140, 1, 0, 0
15750, 14960, 1, 0, 0
15850, 15460, 1, 0, 0
15950, 15460, 1, 0, 0
16050, 16230, 1, 0, 0
16150, 14640, 1, 0, 0
16249, 16757, 1, 0, 0
16349, 14540, 1, 0, 0
16449, 15650, 1, 0, 0
16549, 13620, 1, 0, 0
16649, 15780, 1, 0, 0
16749, 17710, 1, 0, 0
16849, 17210, 1, 0, 0
16949, 17530, 1, 0, 0
17050, 16390, 1, 0, 0
17150, 16000, 1, 0, 0
17249, 17252, 1, 0, 0
17349, 15960, 1, 0, 0
17449, 15370, 1, 0, 0
17549, 14440, 1, 0, 0
17649, 14990, 1, 0, 0
17749, 14720, 1, 0, 0
17849, 14360, 1, 0, 0
17949, 15930, 1, 0, 0
18049, 13560, 1, 0, 0
18149, 12260, 1, 0, 0
18250, 16090, 1, 0, 0
18350, 15550, 1, 0, 0
18450, 15810, 1, 0, 0
18550, 14220, 1, 0, 0
18650, 12710, 1, 0, 0
18749, 15464, 1, 0, 0
18849, 14820, 1, 0, 0
18949, 16370, 1, 0, 0
19049, 15940, 1, 0, 0
19149, 15120, 1, 0, 0
19249, 15210, 1, 0, 0
19349, 14630, 1, 0, 0
19449, 16370, 1, 0, 0
19550, 14200, 1, 0, 0
19650, 14560, 1, 0, 0
19749, 15181, 1, 0, 0
19849, 15100, 1, 0, 0
19949, 15360, 1, 0, 0
20049, 15240, 1, 0, 0
20149, 15770, 1, 0, 0
20249, 16300, 1, 0, 0
20349, 16440, 1, 0, 0
20449, 15110, 1, 0, 0
20549, 16160, 1, 0, 0
20649, 15270, 1, 0, 0
20749, 15310, 1, 0, 0
20850, 14770, 1, 0, 0
20950, 16150, 1, 0, 0
21050, 16690, 1, 0, 0
21150, 16360, 1, 0, 0
21249, 14797, 1, 0, 0
21349, 14790, 1, 0, 0
21449, 15740, 1, 0, 0
21549, 16980, 1, 0, 0
21649, 13820, 1, 0, 0
21749, 15030, 1, 0, 0
21849, 16090, 1, 0, 0
21949, 14400, 1, 0, 0
22049, 15480, 1, 0, 0
22149, 13970, 1, 0, 0
22250, 14670, 1, 0, 0
22350, 14010, 1, 0, 0
22450, 16240, 1, 0, 0
22550, 15090, 1, 0, 0
22650, 15250, 1, 0, 0
22749, 14090, 1, 0, 0
22849, 15160, 1, 0, 0
22949, 16120, 1, 0, 0
23049, 15930, 1, 0, 0
23149, 17640, 1, 0, 0
23249, 15600, 1, 0, 0
23349, 16120, 1, 0, 0
23449, 15150, 1, 0, 0
23550, 15210, 1, 0, 0
23650, 17870, 1, 0, 0
23749, 17767, 1, 0, 0
23849, 15060, 1, 0, 0
23949, 16420, 1, 0, 0
24049, 15450, 1, 0, 0
24149, 15060, 1, 0, 0
24249, 17570, 1, 0, 0
24349, 15540, 1, 0, 0
24449, 14570, 1, 0, 0
24549, 14620, 1, 0, 0
24649, 16020, 1, 0, 0
24750, 15740, 1, 0, 0
24850, 16000, 1, 0, 0
24950, 13930, 1, 0, 0
25050, 14370, 1, 0, 0
25150, 14620, 1, 0, 0
25249, 15232, 1, 0, 0
25349, 14510, 1, 0, 0
25449, 15020, 1, 0, 0
25549, 15790, 1, 0, 0
25649, 15120, 1, 0, 0
25749, 14800, 1, 0, 0
25849, 16420, 1, 0, 0
25949, 16730, 1, 0, 0
26049, 13290, 1, 0, 0
26150, 14510, 1, 0, 0
26250, 14740, 1, 0, 0
26350, 15310, 1, 0, 0
26450, 15970, 1, 0, 0
26550, 16400, 1, 0, 0
26650, 17910, 1, 0, 0
26749, 15292, 1, 0, 0
26849, 17090, 1, 0, 0
26949, 16710, 1, 0, 0
27049, 15130, 1, 0, 0
27149, 17280, 1, 0, 0
27249, 15880, 1, 0, 0
27349, 15120, 1, 0, 0
27449, 15690, 1, 0, 0
27550, 14000, 1, 0, 0
27650, 17150, 1, 0, 0
27749, 15888, 1, 0, 0
27849, 16380, 1, 0, 0
27949, 15500, 1, 0, 0
28049, 15490, 1, 0, 0
28149, 14970, 1, 0, 0
28249, 16150, 1, 0, 0
28349, 14130, 1, 0, 0
28449, 15340, 1, 0, 0
28549, 15320, 1, 0, 0
28649, 14260, 1, 0, 0
28750, 15650, 1, 0, 0
28850, 13390, 1, 0, 0
28950, 17090, 1, 0, 0
29050, 14820, 1, 0, 0
29150, 15060, 1, 0, 0
29249, 14686, 1, 0, 0
29349, 14120, 1, 0, 0
29449, 15580, 1, 0, 0
29549, 17790, 1, 0, 0
29649, 16750, 1, 0, 0
29749, 16970, 1, 0, 0
29849, 15850, 1, 0, 0
29949, 15690, 1, 0, 0
30049, 15540, 1, 0, 0
30150, 16560, 1, 0, 0
30250, 15550, 1, 0, 0
30350, 16790, 1, 0, 0
30450, 16330, 1, 0, 0
30550, 15880, 1, 0, 0
30650, 15300, 1, 0, 0
30749, 16666, 1, 0, 0
30849, 15690, 1, 0, 0
30949, 15770, 1, 0, 0
31049, 15310, 1, 0, 0
31149, 15770, 1, 0, 0
31249, 14760, 1, 0, 0
31349, 14590, 1, 0, 0
31450, 16780, 1, 0, 0
31550, 14320, 1, 0, 0
31650, 14770, 1, 0, 0
31749, 15363, 1, 0, 0
31849, 14750, 1, 0, 0
31949, 15090, 1, 0, 0
32049, 16020, 1, 0, 0
32149, 16030, 1, 0, 0
32249, 14940, 1, 0, 0
32349, 16090, 1, 0, 0
32449, 16130, 1, 0, 0
32549, 16970, 1, 0, 0
32649, 16980, 1, 0, 0
32750, 15640, 1, 0, 0
32850, 15780, 1, 0, 0
32950, 14530, 1, 0, 0
33050, 13680, 1, 0, 0
33150, 14530, 1, 0, 0
33249, 13363, 1, 0, 0
33349, 15850, 1, 0, 0
33449, 14140, 1, 0, 0
33549, 14170, 1, 0, 0
33649, 16220, 1, 0, 0
33749, 15160, 1, 0, 0
33849, 14420, 1, 0, 0
33949, 14350, 1, 0, 0
34050, 15950, 1, 0, 0
34150, 13630, 1, 0, 0
34250, 13810, 1, 0, 0
34350, 13760, 1, 0, 0
34450, 15570, 1, 0, 0
34550, 14240, 1, 0, 0
34650, 15020, 1, 0, 0
34749, 14898, 1, 0, 0
34849, 14930, 1, 0, 0
34949, 14110, 1, 0, 0
35049, 13260, 1, 0, 0
35149, 15270, 1, 0, 0
35250, 14770, 1, 0, 0
35350, 15010, 1, 0, 0
35450, 13910, 1, 0, 0
35550, 15830, 1, 0, 0
35650, 16290, 1, 0, 0
35749, 16343, 1, 0, 0
35849, 12770, 1, 0, 0
35949, 14940, 1, 0, 0
36049, 15720, 1, 0, 0
36149, 16340, 1, 0, 0
36249, 13540, 1, 0, 0
36349, 15310, 1, 0, 0
36449, 15560, 1, 0, 0
36550, 14520, 1, 0, 0
36650, 15780, 1, 0, 0
36750, 14660, 1, 0, 0
36850, 13440, 1, 0, 0
36950, 16000, 1, 0, 0
37050, 16940, 1, 0, 0
37150, 15570, 1, 0, 0
37249, 14424, 1, 0, 0
37349, 14940, 1, 0, 0
37449, 16240, 1, 0, 0
37549, 14560, 1, 0, 0
37649, 16080, 1, 0, 0
37750, 8620, 1, 0, 0
37850, 17170, 1, 0, 0
37950, 15790, 1, 0, 0
38050, 13220, 1, 0, 0
38150, 15140, 1, 0, 0
38249, 14838, 1, 0, 0
38349, 13680, 1, 0, 0
38449, 15250, 1, 0, 0
38549, 14180, 1, 0, 0
38649, 14370, 1, 0, 0
38749, 14630, 1, 0, 0
38849, 14850, 1, 0, 0
38949, 15030, 1, 0, 0
39050, 16200, 1, 0, 0
39150, 16050, 1, 0, 0
39250, 13510, 1, 0, 0
39350, 15280, 1, 0, 0
39450, 16030, 1, 0, 0
39550, 16580, 1, 0, 0
39650, 14970, 1, 0, 0
39749, 15353, 1, 0, 0
39849, 15860, 1, 0, 0
39949, 16450, 1, 0, 0
40049, 15130, 1, 0, 0
40149, 12460, 1, 0, 0
40249, 15190, 1, 0, 0
40350, 15070, 1, 0, 0
40450, 13840, 1, 0, 0
40550, 15510, 1, 0, 0
40650, 15530, 1, 0, 0
40749, 15676, 1, 0, 0
40849, 15570, 1, 0, 0
40949, 14690, 1, 0, 0
41049, 16160, 1, 0, 0
41149, 12790, 1, 0, 0
41249, 14230, 1, 0, 0
41349, 13820, 1, 0, 0
41449, 15980, 1, 0, 0
41550, 16450, 1, 0, 0
41650, 15510, 1, 0, 0
41750, 13620, 1, 0, 0
41850, 14990, 1, 0, 0
41950, 15110, 1, 0, 0
42050, 14700, 1, 0, 0
42150, 16150, 1, 0, 0
42249, 16161, 1, 0, 0
42349, 15660, 1, 0, 0
42449, 14450, 1, 0, 0
42549, 17320, 1, 0, 0
42649, 13390, 1, 0, 0
42749, 14730, 1, 0, 0
42850, 14770, 1, 0, 0
42950, 14270, 1, 0, 0
43050, 14600, 1, 0, 0
43150, 16140, 1, 0, 0
43249, 16464, 1, 0, 0
43349, 15260, 1, 0, 0
43449, 14780, 1, 0, 0
43549, 15130, 1, 0, 0
43649, 15140, 1, 0, 0
43749, 14710, 1, 0, 0
43849, 14940, 1, 0, 0
43949, 14020, 1, 0, 0
44049, 13420, 1, 0, 0
44150, 14060, 1, 0, 0
44250, 14550, 1, 0, 0
44350, 14630, 1, 0, 0
44450, 15280, 1, 0, 0
44550, 14300, 1, 0, 0
44650, 15120, 1, 0, 0
44749, 14737, 1, 0, 0
44849, 14110, 1, 0, 0
44949, 14460, 1, 0, 0
45049, 15850, 1, 0, 0
45149, 15810, 1, 0, 0
45249, 16100, 1, 0, 0
45349, 15490, 1, 0, 0
45450, 14710, 1, 0, 0
45550, 15180, 1, 0, 0
45650, 15240, 1, 0, 0
45749, 15525, 1, 0, 0
45849, 15440, 1, 0, 0
45949, 16210, 1, 0, 0
46049, 15740, 1, 0, 0
46149, 15460, 1, 0, 0
46249, 12060, 1, 0, 0
46349, 14640, 1, 0, 0
46449, 14930, 1, 0, 0
46549, 15050, 1, 0, 0
46650, 16880, 1, 0, 0
46750, 14880, 1, 0, 0
46850, 16260, 1, 0, 0
46950, 15670, 1, 0, 0
47050, 15800, 1, 0, 0
47150, 18350, 1, 0, 0
47249, 15494, 1, 0, 0
47349, 14210, 1, 0, 0
47449, 14810, 1, 0, 0
47549, 15400, 1, 0, 0
47649, 13730, 1, 0, 0
47749, 14910, 1, 0, 0
47850, 13930, 1, 0, 0
47950, 15670, 1, 0, 0
48050, 15830, 1, 0, 0
48150, 15950, 1, 0, 0
48249, 15666, 1, 0, 0
48349, 14470, 1, 0, 0
48449, 14490, 1, 0, 0
48549, 15150, 1, 0, 0
48649, 14480, 1, 0, 0
48749, 14380, 1, 0, 0
48849, 13270, 1, 0, 0
48949, 15700, 1, 0, 0
49049, 15120, 1, 0, 0
49150, 14580, 1, 0, 0
49250, 15850, 1, 0, 0
49350, 13580, 1, 0, 0
49450, 16270, 1, 0, 0
49550, 16300, 1, 0, 0
49650, 14620, 1, 0, 0
49749, 16727, 1, 0, 0
49849, 14810, 1, 0, 0
49949, 15090, 1, 0, 0
50049, 15470, 1, 0, 0
50149, 13670, 1, 0, 0
50249, 15150, 1, 0, 0
50349, 13780, 1, 0, 0
50450, 16800, 1, 0, 0
50550, 15520, 1, 0, 0
50650, 18040, 1, 0, 0
50749, 16888, 1, 0, 0
50849, 16890, 1, 0, 0
50949, 16920, 1, 0, 0
51049, 15630, 1, 0, 0
51149, 16050, 1, 0, 0
51249, 15180, 1, 0, 0
51349, 13530, 1, 0, 0
51449, 16290, 1, 0, 0
51549, 15590, 1, 0, 0
51650, 14260, 1, 0, 0
51750, 14920, 1, 0, 0
51850, 14430, 1, 0, 0
51950, 14660, 1, 0, 0
52050, 13730, 1, 0, 0
52150, 14600, 1, 0, 0
52249, 16545, 1, 0, 0
52349, 16080, 1, 0, 0
52449, 16130, 1, 0, 0
52549, 14950, 1, 0, 0
52649, 14830, 1, 0, 0
52749, 15500, 1, 0, 0
52849, 14540, 1, 0, 0
52950, 15370, 1, 0, 0
53050, 16190, 1, 0, 0
53150, 14400, 1, 0, 0
53249, 14969, 1, 0, 0
53349, 14910, 1, 0, 0
53449, 15060, 1, 0, 0
53549, 15320, 1, 0, 0
53649, 16020, 1, 0, 0
53749, 15050, 1, 0, 0
53849, 17760, 1, 0, 0
53949, 13690, 1, 0, 0
54049, 15540, 1, 0, 0
54149, 15790, 1, 0, 0
54250, 14050, 1, 0, 0
54350, 16550, 1, 0, 0
54450, 16490, 1, 0, 0
54550, 14800, 1, 0, 0
54650, 14050, 1, 0, 0
54749, 13161, 1, 0, 0
54849, 16070, 1, 0, 0
54949, 13980, 1, 0, 0
55049, 15550, 1, 0, 0
55149, 17000, 1, 0, 0
55249, 17330, 1, 0, 0
55349, 16340, 1, 0, 0
55449, 15610, 1, 0, 0
55550, 15660, 1, 0, 0
55650, 16040, 1, 0, 0
55750, 15490, 1, 0, 0
55850, 16270, 1, 0, 0
55950, 17440, 1, 0, 0
56050, 16200, 1, 0, 0
56150, 16150, 1, 0, 0
56249, 15515, 1, 0, 0
56349, 15650, 1, 0, 0
56449, 15040, 1, 0, 0
56549, 15200, 1, 0, 0
56649, 17500, 1, 0, 0
56750, 16700, 1, 0, 0
56850, 18000, 1, 0, 0
56950, 16860, 1, 0, 0
57050, 15810, 1, 0, 0
57150, 17580, 1, 0, 0
57249, 17888, 1, 0, 0
57349, 13940, 1, 0, 0
57449, 14850, 1, 0, 0
57549, 15460, 1, 0, 0
57649, 13230, 1, 0, 0
57749, 14620, 1, 0, 0
57849, 16390, 1, 0, 0
57949, 15830, 1, 0, 0
58049, 17400, 1, 0, 0
58150, 15920, 1, 0, 0
58250, 15620, 1, 0, 0
58350, 17500, 1, 0, 0
58450, 15630, 1, 0, 0
58550, 15740, 1, 0, 0
58650, 16570, 1, 0, 0
58749, 18252, 1, 0, 0
58849, 16270, 1, 0, 0
58949, 14710, 1, 0, 0
59049, 16260, 1, 0, 0
59149, 16430, 1, 0, 0
59249, 14510, 1, 0, 0
59349, 15370, 1, 0, 0
59449, 17230, 1, 0, 0
59550, 15940, 1, 0, 0
59650, 15620, 1, 0, 0
59749, 17242, 1, 0, 0
59849, 15680, 1, 0, 0
59949, 15030, 1, 0, 0
60049, 15540, 1, 0, 0
60149, 16500, 1, 0, 0
60249, 13820, 1, 0, 0
60349, 15070, 1, 0, 0
60449, 16790, 1, 0, 0
60549, 15820, 1, 0, 0
60649, 17310, 1, 0, 0
60750, 16610, 1, 0, 0
60850, 16620, 1, 0, 0
60950, 13490, 1, 0, 0
61050, 15790, 1, 0, 0
61150, 14670, 1, 0, 0
61249, 16525, 1, 0, 0
61349, 13290, 1, 0, 0
61449, 13650, 1, 0, 0
61549, 13710, 1, 0, 0
61649, 15930, 1, 0, 0
61749, 17350, 1, 0, 0
61849, 15080, 1, 0, 0
61949, 15890, 1, 0, 0
62050, 13770, 1, 0, 0
62150, 15430, 1, 0, 0
62250, 16110, 1, 0, 0
62350, 14450, 1, 0, 0
62450, 13670, 1, 0, 0
62550, 15320, 1, 0, 0
62650, 17100, 1, 0, 0
62749, 16878, 1, 0, 0
62849, 12930, 1, 0, 0
62949, 14190, 1, 0, 0
63049, 14050, 1, 0, 0
63149, 15850, 1, 0, 0
63249, 16930, 1, 0, 0
63349, 14560, 1, 0, 0
63450, 17970, 1, 0, 0
63550, 16220, 1, 0, 0
63650, 15640, 1, 0, 0
63749, 16494, 1, 0, 0
63849, 15080, 1, 0, 0
63949, 15030, 1, 0, 0
64049, 15390, 1, 0, 0
64149, 17130, 1, 0, 0
64249, 15570, 1, 0, 0
64349, 15620, 1, 0, 0
64449, 15130, 1, 0, 0
64549, 15640, 1, 0, 0
64650, 15370, 1, 0, 0
64750, 15200, 1, 0, 0
64850, 16060, 1, 0, 0
64950, 15070, 1, 0, 0
65050, 14510, 1, 0, 0
65150, 14930, 1, 0, 0
65249, 14727, 1, 0, 0
65349, 14570, 1, 0, 0
65449, 14430, 1, 0, 0
65549, 15080, 1, 0, 0
65649, 13940, 1, 0, 0
65749, 14410, 1, 0, 0
65849, 17670, 1, 0, 0
65949, 15610, 1, 0, 0
66050, 17460, 1, 0, 0
66150, 15820, 1, 0, 0
66250, 14570, 1, 0, 0
66350, 15130, 1, 0, 0
66450, 14360, 1, 0, 0
66550, 16630, 1, 0, 0
66650, 16710, 1, 0, 0
66749, 16585, 1, 0, 0
66849, 16000, 1, 0, 0
66949, 16700, 1, 0, 0
67049, 15340, 1, 0, 0
67149, 16270, 1, 0, 0
67249, 15180, 1, 0, 0
67350, 14470, 1, 0, 0
67450, 17390, 1, 0, 0
67550, 14550, 1, 0, 0
67650, 14640, 1, 0, 0
67749, 13303, 1, 0, 0
67849, 14290, 1, 0, 0
67949, 16890, 1, 0, 0
68049, 14480, 1, 0, 0
68149, 16300, 1, 0, 0
68249, 14370, 1, 0, 0
68349, 16200, 1, 0, 0
68449, 14780, 1, 0, 0
68550, 15140, 1, 0, 0
68650, 14100, 1, 0, 0
68750, 14360, 1, 0, 0
68850, 15160, 1, 0, 0
68950, 15870, 1, 0, 0
69050, 15910, 1, 0, 0
69150, 14710, 1, 0, 0
69249, 13959, 1, 0, 0
69349, 17790, 1, 0, 0
69449, 9410, 1, 0, 0
69549, 15830, 1, 0, 0
69649, 16760, 1, 0, 0
69750, 15180, 1, 0, 0
69850, 13070, 1, 0, 0
69950, 16050, 1, 0, 0
70050, 15440, 1, 0, 0
70150, 14440, 1, 0, 0
70249, 13959, 1, 0, 0
70349, 15400, 1, 0, 0
70449, 13480, 1, 0, 0
70549, 13610, 1, 0, 0
70649, 13910, 1, 0, 0
70749, 15350, 1, 0, 0
70849, 15130, 1, 0, 0
70949, 14520, 1, 0, 0
71049, 15700, 1, 0, 0
71150, 16870, 1, 0, 0
71250, 16250, 1, 0, 0
71350, 17630, 1, 0, 0
71450, 15600, 1, 0, 0
71550, 14190, 1, 0, 0
71650, 15770, 1, 0, 0
71749, 14929, 1, 0, 0
71849, 16560, 1, 0, 0
71949, 16460, 1, 0, 0
72049, 15910, 1, 0, 0
72149, 13890, 1, 0, 0
72249, 16360, 1, 0, 0
72349, 15850, 1, 0, 0
72449, 16450, 1, 0, 0
72550, 15130, 1, 0, 0
72650, 15230, 1, 0, 0
72750, 15910, 1, 0, 0
72850, 17790, 1, 0, 0
72950, 16190, 1, 0, 0
73050, 16590, 1, 0, 0
73150, 16980, 1, 0, 0
73249, 16747, 1, 0, 0
73349, 16950, 1, 0, 0
73449, 16620, 1, 0, 0
73549, 15880, 1, 0, 0
73649, 17060, 1, 0, 0
73749, 16970, 1, 0, 0
73850, 16950, 1, 0, 0
73950, 16180, 1, 0, 0
74050, 17440, 1, 0, 0
74150, 15890, 1, 0, 0
74249, 14101, 1, 0, 0
74349, 16520, 1, 0, 0
74449, 15880, 1, 0, 0
74549, 14110, 1, 0, 0
74649, 15700, 1, 0, 0
74749, 15550, 1, 0, 0
74849, 16290, 1, 0, 0
74949, 17460, 1, 0, 0
75049, 16360, 1, 0, 0
75149, 17820, 1, 0, 0
75250, 16610, 1, 0, 0
75350, 15970, 1, 0, 0
75450, 15540, 1, 0, 0
75550, 13990, 1, 0, 0
75650, 14870, 1, 0, 0
75749, 16202, 1, 0, 0
75849, 14940, 1, 0, 0
75949, 14770, 1, 0, 0
76049, 14590, 1, 0, 0
76149, 16120, 1, 0, 0
76249, 16950, 1, 0, 0
76349, 15200, 1, 0, 0
76449, 15030, 1, 0, 0
76550, 16030, 1, 0, 0
76650, 16310, 1, 0, 0
76750, 15790, 1, 0, 0
76850, 15890, 1, 0, 0
76950, 16390, 1, 0, 0
77050, 16730, 1, 0, 0
77150, 16990, 1, 0, 0
77249, 15494, 1, 0, 0
77349, 16460, 1, 0, 0
77449, 14670, 1, 0, 0
77549, 15140, 1, 0, 0
77649, 16240, 1, 0, 0
77749, 14270, 1, 0, 0
77849, 14440, 1, 0, 0
77950, 16310, 1, 0, 0
78050, 16050, 1, 0, 0
78150, 17290, 1, 0, 0
78249, 17343, 1, 0, 0
78349, 17190, 1, 0, 0
78449, 14350, 1, 0, 0
78549, 16170, 1, 0, 0
78649, 16970, 1, 0, 0
78749, 16630, 1, 0, 0
78849, 15780, 1, 0, 0
78949, 15650, 1, 0, 0
79049, 15930, 1, 0, 0
79149, 14250, 1, 0, 0
79249, 16530, 1, 0, 0
79350, 17080, 1, 0, 0
79450, 14750, 1, 0, 0
79550, 15950, 1, 0, 0
79650, 14690, 1, 0, 0
79749, 12545, 1, 0, 0
79849, 15960, 1, 0, 0
79949, 14290, 1, 0, 0
80049, 14700, 1, 0, 0
80149, 15230, 1, 0, 0
80249, 14660, 1, 0, 0
80349, 16260, 1, 0, 0
80449, 16320, 1, 0, 0
80550, 15530, 1, 0, 0
80650, 16780, 1, 0, 0
80750, 14280, 1, 0, 0
80850, 16090, 1, 0, 0
80950, 12770, 1, 0, 0
81050, 15260, 1, 0, 0
81150, 16900, 1, 0, 0
81249, 15323, 1, 0, 0
81349, 14860, 1, 0, 0
81449, 15820, 1, 0, 0
81549, 13530, 1, 0, 0
81649, 8590, 1, 0, 0
81749, 17380, 1, 0, 0
81849, 13710, 1, 0, 0
81950, 16830, 1, 0, 0
82050, 15880, 1, 0, 0
82150, 14470, 1, 0, 0
82249, 16545, 1, 0, 0
82349, 16660, 1, 0, 0
82449, 15980, 1, 0, 0
82549, 14300, 1, 0, 0
82649, 14800, 1, 0, 0
82749, 16080, 1, 0, 0
82849, 14720, 1, 0, 0
82949, 15370, 1, 0, 0
83049, 16860, 1, 0, 0
83149, 17080, 1, 0, 0
83250, 15260, 1, 0, 0
83350, 16000, 1, 0, 0
83450, 16610, 1, 0, 0
83550, 14990, 1, 0, 0
83650, 15380, 1, 0, 0
83749, 17696, 1, 0, 0
83849, 14710, 1, 0, 0
83949, 15720, 1, 0, 0
84049, 16700, 1, 0, 0
84149, 15270, 1, 0, 0
84249, 16290, 1, 0, 0
84349, 17700, 1, 0, 0
84449, 15170, 1, 0, 0
84549, 16470, 1, 0, 0
84650, 17140, 1, 0, 0
84750, 15590, 1, 0, 0
84850, 16200, 1, 0, 0
84950, 15420, 1, 0, 0
85050, 16170, 1, 0, 0
85150, 16160, 1, 0, 0
85249, 14818, 1, 0, 0
85349, 15090, 1, 0, 0
85449, 15680, 1, 0, 0
85549, 13990, 1, 0, 0
85649, 14700, 1, 0, 0
85749, 15980, 1, 0, 0
85849, 16320, 1, 0, 0
85950, 13420, 1, 0, 0
86050, 14830, 1, 0, 0
86150, 14930, 1, 0, 0
86249, 15757, 1, 0, 0
86349, 15270, 1, 0, 0
86449, 16430, 1, 0, 0
86549, 15670, 1, 0, 0
86649, 13830, 1, 0, 0
86749, 15300, 1, 0, 0
86849, 15560, 1, 0, 0
86949, 14500, 1, 0, 0
87049, 14340, 1, 0, 0
87149, 14120, 1, 0, 0
87250, 13480, 1, 0, 0
87350, 13780, 1, 0, 0
87450, 15920, 1, 0, 0
87550, 14460, 1, 0, 0
87650, 16220, 1, 0, 0
87749, 16262, 1, 0, 0
87849, 16560, 1, 0, 0
87949, 14580, 1, 0, 0
88049, 15450, 1, 0, 0
88149, 14950, 1, 0, 0
88249, 14020, 1, 0, 0
88349, 15810, 1, 0, 0
88449, 15540, 1, 0, 0
88550, 15180, 1, 0, 0
88650, 15500, 1, 0, 0
88750, 14560, 1, 0, 0
88850, 15930, 1, 0, 0
88950, 16610, 1, 0, 0
89050, 17140, 1, 0, 0
89150, 15270, 1, 0, 0
89249, 15616, 1, 0, 0
89349, 16740, 1, 0, 0
89449, 14740, 1, 0, 0
89549, 13330, 1, 0, 0
89649, 17740, 1, 0, 0
89750, 15410, 1, 0, 0
89850, 15680, 1, 0, 0
89950, 17030, 1, 0, 0
