250, 44544, 0, 0, 0
250, 87296, 1, 0, 0
350, 48000, 0, 0, 0
350, 126080, 1, 0, 0
450, 40960, 0, 0, 0
450, 99200, 1, 0, 0
550, 56960, 0, 0, 0
550, 104320, 1, 0, 0
650, 53120, 0, 0, 0
650, 125440, 1, 0, 0
749, 46545, 0, 0, 0
749, 115070, 1, 0, 0
849, 39040, 0, 0, 0
849, 102400, 1, 0, 0
949, 62080, 0, 0, 0
949, 122880, 1, 0, 0
1049, 58880, 0, 0, 0
1049, 121600, 1, 0, 0
1150, 62720, 0, 0, 0
1150, 113280, 1, 0, 0
1249, 49777, 0, 0, 0
1249, 110545, 1, 0, 0
1349, 60800, 0, 0, 0
1349, 118400, 1, 0, 0
1449, 58240, 0, 0, 0
1449, 120320, 1, 0, 0
1549, 54400, 0, 0, 0
1549, 103680, 1, 0, 0
1649, 49280, 0, 0, 0
1649, 124800, 1, 0, 0
1749, 62080, 0, 0, 0
1749, 104960, 1, 0, 0
1849, 55680, 0, 0, 0
1849, 115840, 1, 0, 0
1949, 64640, 0, 0, 0
1949, 120960, 1, 0, 0
2049, 51200, 0, 0, 0
2049, 123520, 1, 0, 0
2149, 42880, 0, 0, 0
2149, 125440, 1, 0, 0
2250, 41600, 0, 0, 0
2250, 110720, 1, 0, 0
2350, 59520, 0, 0, 0
2350, 115840, 1, 0, 0
2450, 56320, 0, 0, 0
2450, 120960, 1, 0, 0
2550, 48640, 0, 0, 0
2550, 119680, 1, 0, 0
2650, 45440, 0, 0, 0
2650, 116480, 1, 0, 0
2749, 34909, 0, 0, 0
2749, 65292, 1, 0, 0
2849, 51840, 0, 0, 0
2849, 134400, 1, 0, 0
2949, 52480, 0, 0, 0
2949, 122240, 1, 0, 0
3049, 60160, 0, 0, 0
3049, 118400, 1, 0, 0
3149, 33280, 0, 0, 0
3149, 84480, 1, 0, 0
3250, 41600, 0, 0, 0
3250, 108160, 1, 0, 0
3350, 52480, 0, 0, 0
3350, 114560, 1, 0, 0
3450, 48640, 0, 0, 0
3450, 104960, 1, 0, 0
3550, 51840, 0, 0, 0
3550, 108160, 1, 0, 0
3650, 45440, 0, 0, 0
3650, 126720, 1, 0, 0
3749, 42666, 0, 0, 0
3749, 126707, 1, 0, 0
3849, 39040, 0, 0, 0
3849, 101120, 1, 0, 0
3949, 40960, 0, 0, 0
3949, 126080, 1, 0, 0
4049, 49920, 0, 0, 0
4049, 99840, 1, 0, 0
4149, 44160, 0, 0, 0
4149, 90240, 1, 0, 0
4250, 58880, 0, 0, 0
4250, 131840, 1, 0, 0
4350, 58240, 0, 0, 0
4350, 118400, 1, 0, 0
4450, 45440, 0, 0, 0
4450, 122240, 1, 0, 0
4550, 49280, 0, 0, 0
4550, 116480, 1, 0, 0
4650, 55040, 0, 0, 0
4650, 117760, 1, 0, 0
4749, 52363, 0, 0, 0
4749, 119595, 1, 0, 0
4849, 46720, 0, 0, 0
4849, 109440, 1, 0, 0
4949, 51200, 0, 0, 0
4949, 124800, 1, 0, 0
5049, 57600, 0, 0, 0
5049, 118400, 1, 0, 0
5149, 42880, 0, 0, 0
5149, 124800, 1, 0, 0
5249, 49280, 0, 0, 0
5249, 120320, 1, 0, 0
5350, 46080, 0, 0, 0
5350, 106240, 1, 0, 0
5450, 56960, 0, 0, 0
5450, 125440, 1, 0, 0
5550, 49920, 0, 0, 0
5550, 122240, 1, 0, 0
5650, 51200, 0, 0, 0
5650, 126720, 1, 0, 0
5749, 54949, 0, 0, 0
5749, 120888, 1, 0, 0
5849, 61440, 0, 0, 0
5849, 128640, 1, 0, 0
5949, 58240, 0, 0, 0
5949, 128640, 1, 0, 0
6049, 44160, 0, 0, 0
6049, 126080, 1, 0, 0
6149, 55680, 0, 0, 0
6149, 115200, 1, 0, 0
6249, 57600, 0, 0, 0
6249, 120960, 1, 0, 0
6349, 63360, 0, 0, 0
6349, 128000, 1, 0, 0
6450, 42880, 0, 0, 0
6450, 123520, 1, 0, 0
6550, 60160, 0, 0, 0
6550, 122880, 1, 0, 0
6650, 57600, 0, 0, 0
6650, 123520, 1, 0, 0
6749, 49777, 0, 0, 0
6749, 124121, 1, 0, 0
6849, 55040, 0, 0, 0
6849, 122880, 1, 0, 0
6949, 48000, 0, 0, 0
6949, 126720, 1, 0, 0
7049, 48640, 0, 0, 0
7049, 122880, 1, 0, 0
7149, 53120, 0, 0, 0
7149, 119680, 1, 0, 0
7249, 40960, 0, 0, 0
7249, 119680, 1, 0, 0
7349, 46720, 0, 0, 0
7349, 117760, 1, 0, 0
7449, 49920, 0, 0, 0
7449, 115200, 1, 0, 0
7550, 62080, 0, 0, 0
7550, 120320, 1, 0, 0
7650, 56960, 0, 0, 0
7650, 126720, 1, 0, 0
7749, 45252, 0, 0, 0
7749, 124121, 1, 0, 0
7849, 44160, 0, 0, 0
7849, 121600, 1, 0, 0
7949, 56960, 0, 0, 0
7949, 119040, 1, 0, 0
8049, 43520, 0, 0, 0
8049, 128640, 1, 0, 0
8149, 43520, 0, 0, 0
8149, 123520, 1, 0, 0
8249, 42240, 0, 0, 0
8249, 127360, 1, 0, 0
8349, 59520, 0, 0, 0
8349, 121600, 1, 0, 0
8449, 51200, 0, 0, 0
8449, 113920, 1, 0, 0
8549, 49280, 0, 0, 0
8549, 120320, 1, 0, 0
8649, 57600, 0, 0, 0
8649, 124160, 1, 0, 0
8750, 45440, 0, 0, 0
8750, 124160, 1, 0, 0
8850, 69760, 0, 0, 0
8850, 110720, 1, 0, 0
8950, 46080, 0, 0, 0
8950, 105600, 1, 0, 0
9050, 58240, 0, 0, 0
9050, 124160, 1, 0, 0
9150, 53760, 0, 0, 0
9150, 116480, 1, 0, 0
9249, 60767, 0, 0, 0
9249, 109898, 1, 0, 0
9349, 51200, 0, 0, 0
9349, 117120, 1, 0, 0
9449, 45440, 0, 0, 0
9449, 121600, 1, 0, 0
9549, 40960, 0, 0, 0
9549, 118400, 1, 0, 0
9649, 51200, 0, 0, 0
9649, 120960, 1, 0, 0
9750, 52480, 0, 0, 0
9750, 113920, 1, 0, 0
9850, 47360, 0, 0, 0
9850, 119680, 1, 0, 0
9950, 42880, 0, 0, 0
9950, 113920, 1, 0, 0
10050, 46720, 0, 0, 0
10050, 119040, 1, 0, 0
10150, 55040, 0, 0, 0
10150, 119040, 1, 0, 0
10249, 65292, 0, 0, 0
10249, 111191, 1, 0, 0
10349, 51200, 0, 0, 0
10349, 124800, 1, 0, 0
10449, 49920, 0, 0, 0
10449, 119680, 1, 0, 0
10549, 25600, 0, 0, 0
10549, 66560, 1, 0, 0
10649, 62080, 0, 0, 0
10649, 131840, 1, 0, 0
10750, 55040, 0, 0, 0
10750, 117760, 1, 0, 0
10850, 58880, 0, 0, 0
10850, 120320, 1, 0, 0
10950, 58240, 0, 0, 0
10950, 122240, 1, 0, 0
11050, 47360, 0, 0, 0
11050, 126080, 1, 0, 0
11150, 53120, 0, 0, 0
11150, 124160, 1, 0, 0
11249, 45252, 0, 0, 0
11249, 115717, 1, 0, 0
11349, 51840, 0, 0, 0
11349, 122880, 1, 0, 0
11449, 58880, 0, 0, 0
11449, 118400, 1, 0, 0
11549, 20480, 0, 0, 0
11549, 70400, 1, 0, 0
11649, 60800, 0, 0, 0
11649, 120960, 1, 0, 0
11749, 60800, 0, 0, 0
11749, 115200, 1, 0, 0
11850, 41600, 0, 0, 0
11850, 120320, 1, 0, 0
11950, 49920, 0, 0, 0
11950, 121600, 1, 0, 0
12050, 49280, 0, 0, 0
12050, 115200, 1, 0, 0
12150, 51840, 0, 0, 0
12150, 120960, 1, 0, 0
12249, 48484, 0, 0, 0
12249, 80161, 1, 0, 0
12349, 46720, 0, 0, 0
12349, 120320, 1, 0, 0
12449, 55040, 0, 0, 0
12449, 128000, 1, 0, 0
12549, 51840, 0, 0, 0
12549, 125440, 1, 0, 0
12649, 41600, 0, 0, 0
12649, 120320, 1, 0, 0
12749, 50560, 0, 0, 0
12749, 109440, 1, 0, 0
12849, 58240, 0, 0, 0
12849, 119680, 1, 0, 0
12949, 51840, 0, 0, 0
12949, 117760, 1, 0, 0
13050, 55680, 0, 0, 0
13050, 124800, 1, 0, 0
13150, 51840, 0, 0, 0
13150, 116480, 1, 0, 0
13249, 57535, 0, 0, 0
13249, 120888, 1, 0, 0
13349, 53760, 0, 0, 0
13349, 122880, 1, 0, 0
13449, 52480, 0, 0, 0
13449, 123520, 1, 0, 0
13549, 53760, 0, 0, 0
13549, 120320, 1, 0, 0
13649, 60160, 0, 0, 0
13649, 117760, 1, 0, 0
13749, 49920, 0, 0, 0
13749, 119040, 1, 0, 0
13849, 44800, 0, 0, 0
13849, 129920, 1, 0, 0
13949, 51840, 0, 0, 0
13949, 120960, 1, 0, 0
14050, 48000, 0, 0, 0
14050, 115200, 1, 0, 0
14150, 43520, 0, 0, 0
14150, 128640, 1, 0, 0
14249, 39434, 0, 0, 0
14249, 126707, 1, 0, 0
14349, 47360, 0, 0, 0
14349, 119680, 1, 0, 0
14449, 56320, 0, 0, 0
14449, 133760, 1, 0, 0
14549, 50560, 0, 0, 0
14549, 113280, 1, 0, 0
14649, 48000, 0, 0, 0
14649, 112000, 1, 0, 0
14749, 48000, 0, 0, 0
14749, 120320, 1, 0, 0
14849, 53120, 0, 0, 0
14849, 120320, 1, 0, 0
14949, 51840, 0, 0, 0
14949, 117760, 1, 0, 0
15050, 46720, 0, 0, 0
15050, 116480, 1, 0, 0
15150, 42880, 0, 0, 0
15150, 124800, 1, 0, 0
15249, 50424, 0, 0, 0
15249, 107959, 1, 0, 0
15349, 49280, 0, 0, 0
15349, 119680, 1, 0, 0
15449, 55680, 0, 0, 0
15449, 117760, 1, 0, 0
15549, 51840, 0, 0, 0
15549, 118400, 1, 0, 0
15649, 53120, 0, 0, 0
15649, 115840, 1, 0, 0
15749, 46720, 0, 0, 0
15749, 119680, 1, 0, 0
15849, 54400, 0, 0, 0
15849, 124160, 1, 0, 0
15949, 59520, 0, 0, 0
15949, 120960, 1, 0, 0
16050, 51200, 0, 0, 0
16050, 124800, 1, 0, 0
16150, 55680, 0, 0, 0
16150, 122880, 1, 0, 0
16249, 54303, 0, 0, 0
16249, 117656, 1, 0, 0
16349, 57600, 0, 0, 0
16349, 116480, 1, 0, 0
16449, 40960, 0, 0, 0
16449, 128000, 1, 0, 0
16549, 60160, 0, 0, 0
16549, 124160, 1, 0, 0
16649, 59520, 0, 0, 0
16649, 123520, 1, 0, 0
16749, 45440, 0, 0, 0
16749, 121600, 1, 0, 0
16849, 58240, 0, 0, 0
16849, 116480, 1, 0, 0
16949, 53760, 0, 0, 0
16949, 129280, 1, 0, 0
17050, 56320, 0, 0, 0
17050, 119040, 1, 0, 0
17150, 50560, 0, 0, 0
17150, 123520, 1, 0, 0
17249, 44606, 0, 0, 0
17249, 127353, 1, 0, 0
17349, 55680, 0, 0, 0
17349, 125440, 1, 0, 0
17449, 58240, 0, 0, 0
17449, 118400, 1, 0, 0
17549, 55680, 0, 0, 0
17549, 124160, 1, 0, 0
17649, 52480, 0, 0, 0
17649, 126080, 1, 0, 0
17749, 44800, 0, 0, 0
17749, 123520, 1, 0, 0
17849, 51200, 0, 0, 0
17849, 116480, 1, 0, 0
17949, 67840, 0, 0, 0
17949, 118400, 1, 0, 0
18049, 54400, 0, 0, 0
18049, 110720, 1, 0, 0
18150, 53760, 0, 0, 0
18150, 122880, 1, 0, 0
18249, 63353, 0, 0, 0
18249, 124121, 1, 0, 0
18349, 58880, 0, 0, 0
18349, 136320, 1, 0, 0
18449, 56960, 0, 0, 0
18449, 123520, 1, 0, 0
18549, 62080, 0, 0, 0
18549, 126080, 1, 0, 0
18649, 49280, 0, 0, 0
18649, 123520, 1, 0, 0
18749, 64000, 0, 0, 0
18749, 119680, 1, 0, 0
18849, 50560, 0, 0, 0
18849, 119040, 1, 0, 0
18949, 53760, 0, 0, 0
18949, 119680, 1, 0, 0
19049, 55680, 0, 0, 0
19049, 115200, 1, 0, 0
19150, 52480, 0, 0, 0
19150, 121600, 1, 0, 0
19250, 47360, 0, 0, 0
19250, 112640, 1, 0, 0
19350, 56960, 0, 0, 0
19350, 122880, 1, 0, 0
19450, 54400, 0, 0, 0
19450, 125440, 1, 0, 0
19550, 56320, 0, 0, 0
19550, 123520, 1, 0, 0
19650, 55680, 0, 0, 0
19650, 126720, 1, 0, 0
19749, 31030, 0, 0, 0
19749, 117656, 1, 0, 0
19849, 52480, 0, 0, 0
19849, 126080, 1, 0, 0
19949, 56320, 0, 0, 0
19949, 117120, 1, 0, 0
20049, 58880, 0, 0, 0
20049, 128000, 1, 0, 0
20149, 44160, 0, 0, 0
20149, 128640, 1, 0, 0
20250, 52480, 0, 0, 0
20250, 118400, 1, 0, 0
20350, 55040, 0, 0, 0
20350, 124800, 1, 0, 0
20450, 55040, 0, 0, 0
20450, 104960, 1, 0, 0
20550, 50560, 0, 0, 0
20550, 115200, 1, 0, 0
20650, 56320, 0, 0, 0
20650, 119680, 1, 0, 0
20749, 58828, 0, 0, 0
20749, 124121, 1, 0, 0
20849, 69760, 0, 0, 0
20849, 116480, 1, 0, 0
20949, 53120, 0, 0, 0
20949, 126080, 1, 0, 0
21049, 52480, 0, 0, 0
21049, 129280, 1, 0, 0
21149, 54400, 0, 0, 0
21149, 117120, 1, 0, 0
21250, 48000, 0, 0, 0
21250, 117760, 1, 0, 0
21350, 52480, 0, 0, 0
21350, 108160, 1, 0, 0
21450, 45440, 0, 0, 0
21450, 122880, 1, 0, 0
21550, 55040, 0, 0, 0
21550, 120960, 1, 0, 0
21650, 50560, 0, 0, 0
21650, 113280, 1, 0, 0
21749, 58181, 0, 0, 0
21749, 122181, 1, 0, 0
21849, 61440, 0, 0, 0
21849, 131200, 1, 0, 0
21949, 45440, 0, 0, 0
21949, 122880, 1, 0, 0
22049, 45440, 0, 0, 0
22049, 128000, 1, 0, 0
22149, 61440, 0, 0, 0
22149, 121600, 1, 0, 0
22250, 62720, 0, 0, 0
22250, 120320, 1, 0, 0
22350, 51200, 0, 0, 0
22350, 126720, 1, 0, 0
22450, 51840, 0, 0, 0
22450, 122240, 1, 0, 0
22550, 57600, 0, 0, 0
22550, 114560, 1, 0, 0
22650, 49920, 0, 0, 0
22650, 119040, 1, 0, 0
22749, 40080, 0, 0, 0
22749, 115717, 1, 0, 0
22849, 46080, 0, 0, 0
22849, 122880, 1, 0, 0
22949, 60800, 0, 0, 0
22949, 126720, 1, 0, 0
23049, 54400, 0, 0, 0
23049, 129920, 1, 0, 0
23149, 63360, 0, 0, 0
23149, 116480, 1, 0, 0
23250, 54400, 0, 0, 0
23250, 116480, 1, 0, 0
23350, 54400, 0, 0, 0
23350, 127360, 1, 0, 0
23450, 59520, 0, 0, 0
23450, 124160, 1, 0, 0
23550, 64640, 0, 0, 0
23550, 122240, 1, 0, 0
23650, 54400, 0, 0, 0
23650, 126080, 1, 0, 0
23749, 49131, 0, 0, 0
23749, 120242, 1, 0, 0
23849, 47360, 0, 0, 0
23849, 117120, 1, 0, 0
23949, 55680, 0, 0, 0
23949, 130560, 1, 0, 0
24049, 48000, 0, 0, 0
24049, 120960, 1, 0, 0
24149, 49920, 0, 0, 0
24149, 116480, 1, 0, 0
24249, 43520, 0, 0, 0
24249, 120960, 1, 0, 0
24350, 48640, 0, 0, 0
24350, 97280, 1, 0, 0
24450, 52480, 0, 0, 0
24450, 128640, 1, 0, 0
24550, 51840, 0, 0, 0
24550, 110720, 1, 0, 0
24650, 54400, 0, 0, 0
24650, 122240, 1, 0, 0
24749, 51717, 0, 0, 0
24749, 120888, 1, 0, 0
24849, 42880, 0, 0, 0
24849, 122880, 1, 0, 0
24949, 55680, 0, 0, 0
24949, 108160, 1, 0, 0
25049, 52480, 0, 0, 0
25049, 122880, 1, 0, 0
25149, 54400, 0, 0, 0
25149, 113280, 1, 0, 0
25249, 43520, 0, 0, 0
25249, 115200, 1, 0, 0
25349, 57600, 0, 0, 0
25349, 109440, 1, 0, 0
25450, 51840, 0, 0, 0
25450, 123520, 1, 0, 0
25550, 42880, 0, 0, 0
25550, 99840, 1, 0, 0
25650, 46080, 0, 0, 0
25650, 104960, 1, 0, 0
25749, 38787, 0, 0, 0
25749, 120242, 1, 0, 0
25849, 51200, 0, 0, 0
25849, 112000, 1, 0, 0
25949, 58240, 0, 0, 0
25949, 113920, 1, 0, 0
26049, 47360, 0, 0, 0
26049, 120960, 1, 0, 0
26149, 32640, 0, 0, 0
26149, 103680, 1, 0, 0
26249, 44800, 0, 0, 0
26249, 125440, 1, 0, 0
26349, 56320, 0, 0, 0
26349, 118400, 1, 0, 0
26449, 51840, 0, 0, 0
26449, 129280, 1, 0, 0
26550, 43520, 0, 0, 0
26550, 124160, 1, 0, 0
26650, 49280, 0, 0, 0
26650, 112640, 1, 0, 0
26749, 62707, 0, 0, 0
26749, 116363, 1, 0, 0
26849, 48640, 0, 0, 0
26849, 126080, 1, 0, 0
26949, 48000, 0, 0, 0
26949, 129920, 1, 0, 0
27049, 55680, 0, 0, 0
27049, 122240, 1, 0, 0
27149, 55040, 0, 0, 0
27149, 117760, 1, 0, 0
27249, 60800, 0, 0, 0
27249, 115200, 1, 0, 0
27349, 49920, 0, 0, 0
27349, 119040, 1, 0, 0
27449, 46080, 0, 0, 0
27449, 124800, 1, 0, 0
27550, 49920, 0, 0, 0
27550, 116480, 1, 0, 0
27650, 53760, 0, 0, 0
27650, 111360, 1, 0, 0
27749, 36202, 0, 0, 0
27749, 126060, 1, 0, 0
27849, 48640, 0, 0, 0
27849, 127360, 1, 0, 0
27949, 58240, 0, 0, 0
27949, 117760, 1, 0, 0
28049, 58240, 0, 0, 0
28049, 125440, 1, 0, 0
28149, 55680, 0, 0, 0
28149, 120320, 1, 0, 0
28249, 46080, 0, 0, 0
28249, 117760, 1, 0, 0
28349, 51200, 0, 0, 0
28349, 118400, 1, 0, 0
28449, 58240, 0, 0, 0
28449, 123520, 1, 0, 0
28549, 51840, 0, 0, 0
28549, 110720, 1, 0, 0
28650, 39040, 0, 0, 0
28650, 119680, 1, 0, 0
28749, 53010, 0, 0, 0
28749, 126060, 1, 0, 0
28849, 53120, 0, 0, 0
28849, 128640, 1, 0, 0
28949, 39040, 0, 0, 0
28949, 121600, 1, 0, 0
29049, 49920, 0, 0, 0
29049, 131840, 1, 0, 0
29149, 53760, 0, 0, 0
29149, 124160, 1, 0, 0
29249, 58240, 0, 0, 0
29249, 122240, 1, 0, 0
29349, 51840, 0, 0, 0
29349, 112000, 1, 0, 0
29449, 60800, 0, 0, 0
29449, 115200, 1, 0, 0
29549, 58880, 0, 0, 0
29549, 115840, 1, 0, 0
29649, 54400, 0, 0, 0
29649, 125440, 1, 0, 0
29750, 55040, 0, 0, 0
29750, 125440, 1, 0, 0
29850, 53120, 0, 0, 0
29850, 132480, 1, 0, 0
29950, 50560, 0, 0, 0
29950, 121600, 1, 0, 0
30050, 64640, 0, 0, 0
30050, 121600, 1, 0, 0
30150, 48000, 0, 0, 0
30150, 120960, 1, 0, 0
30249, 51070, 0, 0, 0
30249, 107959, 1, 0, 0
30349, 42880, 0, 0, 0
30349, 124160, 1, 0, 0
30449, 57600, 0, 0, 0
30449, 113920, 1, 0, 0
30549, 42880, 0, 0, 0
30549, 124800, 1, 0, 0
30649, 52480, 0, 0, 0
30649, 117760, 1, 0, 0
30750, 49920, 0, 0, 0
30750, 115200, 1, 0, 0
30850, 74240, 0, 0, 0
30850, 119680, 1, 0, 0
30950, 40960, 0, 0, 0
30950, 124160, 1, 0, 0
31050, 62080, 0, 0, 0
31050, 118400, 1, 0, 0
31150, 48640, 0, 0, 0
31150, 123520, 1, 0, 0
31249, 32323, 0, 0, 0
31249, 71757, 1, 0, 0
31349, 59520, 0, 0, 0
31349, 127360, 1, 0, 0
31449, 54400, 0, 0, 0
31449, 120960, 1, 0, 0
31549, 53760, 0, 0, 0
31549, 113280, 1, 0, 0
31649, 56960, 0, 0, 0
31649, 115200, 1, 0, 0
31750, 47360, 0, 0, 0
31750, 116480, 1, 0, 0
31850, 53760, 0, 0, 0
31850, 116480, 1, 0, 0
31950, 42880, 0, 0, 0
31950, 126080, 1, 0, 0
32050, 48000, 0, 0, 0
32050, 110080, 1, 0, 0
32150, 56320, 0, 0, 0
32150, 117120, 1, 0, 0
32249, 38787, 0, 0, 0
32249, 106020, 1, 0, 0
32349, 67200, 0, 0, 0
32349, 104960, 1, 0, 0
32449, 39680, 0, 0, 0
32449, 121600, 1, 0, 0
32549, 50560, 0, 0, 0
32549, 122880, 1, 0, 0
32649, 30080, 0, 0, 0
32649, 67840, 1, 0, 0
32749, 60160, 0, 0, 0
32749, 145920, 1, 0, 0
32849, 51200, 0, 0, 0
32849, 121600, 1, 0, 0
32950, 54400, 0, 0, 0
32950, 128640, 1, 0, 0
33050, 54400, 0, 0, 0
33050, 121600, 1, 0, 0
33150, 56320, 0, 0, 0
33150, 129920, 1, 0, 0
33249, 53010, 0, 0, 0
33249, 123474, 1, 0, 0
33349, 56960, 0, 0, 0
33349, 126720, 1, 0, 0
33449, 58880, 0, 0, 0
33449, 117760, 1, 0, 0
33549, 55040, 0, 0, 0
33549, 115200, 1, 0, 0
33649, 54400, 0, 0, 0
33649, 118400, 1, 0, 0
33749, 58240, 0, 0, 0
33749, 122240, 1, 0, 0
33849, 60160, 0, 0, 0
33849, 119040, 1, 0, 0
33949, 55040, 0, 0, 0
33949, 133760, 1, 0, 0
34050, 46080, 0, 0, 0
34050, 126080, 1, 0, 0
34150, 45440, 0, 0, 0
34150, 122880, 1, 0, 0
34249, 48484, 0, 0, 0
34249, 120888, 1, 0, 0
34349, 51840, 0, 0, 0
34349, 113280, 1, 0, 0
34449, 50560, 0, 0, 0
34449, 115200, 1, 0, 0
34549, 49920, 0, 0, 0
34549, 120960, 1, 0, 0
34649, 54400, 0, 0, 0
34649, 126720, 1, 0, 0
34749, 51840, 0, 0, 0
34749, 133760, 1, 0, 0
34849, 51840, 0, 0, 0
34849, 121600, 1, 0, 0
34949, 53120, 0, 0, 0
34949, 125440, 1, 0, 0
35050, 32640, 0, 0, 0
35050, 125440, 1, 0, 0
35150, 56960, 0, 0, 0
35150, 123520, 1, 0, 0
35249, 48484, 0, 0, 0
35249, 125414, 1, 0, 0
35349, 51200, 0, 0, 0
35349, 128640, 1, 0, 0
35449, 51200, 0, 0, 0
35449, 122880, 1, 0, 0
35549, 55680, 0, 0, 0
35549, 117760, 1, 0, 0
35649, 51840, 0, 0, 0
35649, 133120, 1, 0, 0
35749, 52480, 0, 0, 0
35749, 113920, 1, 0, 0
35849, 67200, 0, 0, 0
35849, 119680, 1, 0, 0
35949, 46080, 0, 0, 0
35949, 112640, 1, 0, 0
36050, 53760, 0, 0, 0
36050, 126080, 1, 0, 0
36150, 46080, 0, 0, 0
36150, 128640, 1, 0, 0
36249, 56888, 0, 0, 0
36249, 120888, 1, 0, 0
36349, 62720, 0, 0, 0
36349, 123520, 1, 0, 0
36449, 66560, 0, 0, 0
36449, 126080, 1, 0, 0
36549, 51200, 0, 0, 0
36549, 137600, 1, 0, 0
36649, 50560, 0, 0, 0
36649, 120960, 1, 0, 0
36749, 53760, 0, 0, 0
36749, 130560, 1, 0, 0
36849, 55040, 0, 0, 0
36849, 119680, 1, 0, 0
36949, 46080, 0, 0, 0
36949, 124800, 1, 0, 0
37049, 51840, 0, 0, 0
37049, 129920, 1, 0, 0
37149, 49920, 0, 0, 0
37149, 123520, 1, 0, 0
37250, 49280, 0, 0, 0
37250, 117120, 1, 0, 0
37350, 51840, 0, 0, 0
37350, 124160, 1, 0, 0
37450, 41600, 0, 0, 0
37450, 111360, 1, 0, 0
37550, 62080, 0, 0, 0
37550, 123520, 1, 0, 0
37650, 64640, 0, 0, 0
37650, 119680, 1, 0, 0
37749, 56242, 0, 0, 0
37749, 118949, 1, 0, 0
37849, 56960, 0, 0, 0
37849, 118400, 1, 0, 0
37949, 45440, 0, 0, 0
37949, 126080, 1, 0, 0
38049, 44800, 0, 0, 0
38049, 117760, 1, 0, 0
38149, 50560, 0, 0, 0
38149, 122880, 1, 0, 0
38250, 52480, 0, 0, 0
38250, 126720, 1, 0, 0
38350, 47360, 0, 0, 0
38350, 107520, 1, 0, 0
38450, 53760, 0, 0, 0
38450, 118400, 1, 0, 0
38550, 60160, 0, 0, 0
38550, 105600, 1, 0, 0
38650, 51840, 0, 0, 0
38650, 120320, 1, 0, 0
38749, 49131, 0, 0, 0
38749, 115070, 1, 0, 0
38849, 46720, 0, 0, 0
38849, 111360, 1, 0, 0
38949, 59520, 0, 0, 0
38949, 112000, 1, 0, 0
39049, 40960, 0, 0, 0
39049, 116480, 1, 0, 0
39149, 57600, 0, 0, 0
39149, 119040, 1, 0, 0
39250, 49920, 0, 0, 0
39250, 120320, 1, 0, 0
39350, 51200, 0, 0, 0
39350, 119040, 1, 0, 0
39450, 51840, 0, 0, 0
39450, 124160, 1, 0, 0
39550, 51200, 0, 0, 0
39550, 118400, 1, 0, 0
39650, 54400, 0, 0, 0
39650, 116480, 1, 0, 0
39749, 52363, 0, 0, 0
39749, 119595, 1, 0, 0
39849, 61440, 0, 0, 0
39849, 124800, 1, 0, 0
39949, 56960, 0, 0, 0
39949, 122880, 1, 0, 0
40049, 53760, 0, 0, 0
40049, 125440, 1, 0, 0
40149, 53120, 0, 0, 0
40149, 123520, 1, 0, 0
40249, 40320, 0, 0, 0
40249, 116480, 1, 0, 0
40350, 65280, 0, 0, 0
40350, 121600, 1, 0, 0
40450, 52480, 0, 0, 0
40450, 122240, 1, 0, 0
40550, 53760, 0, 0, 0
40550, 120320, 1, 0, 0
40650, 53120, 0, 0, 0
40650, 122880, 1, 0, 0
40749, 53010, 0, 0, 0
40749, 125414, 1, 0, 0
40849, 48640, 0, 0, 0
40849, 124800, 1, 0, 0
40949, 53760, 0, 0, 0
40949, 128000, 1, 0, 0
41049, 56960, 0, 0, 0
41049, 128640, 1, 0, 0
41149, 45440, 0, 0, 0
41149, 124160, 1, 0, 0
41249, 55680, 0, 0, 0
41249, 124160, 1, 0, 0
41349, 46080, 0, 0, 0
41349, 112640, 1, 0, 0
41450, 53120, 0, 0, 0
41450, 117760, 1, 0, 0
41550, 49280, 0, 0, 0
41550, 120960, 1, 0, 0
41650, 51200, 0, 0, 0
41650, 120320, 1, 0, 0
41749, 46545, 0, 0, 0
41749, 121535, 1, 0, 0
41849, 49920, 0, 0, 0
41849, 117760, 1, 0, 0
41949, 50560, 0, 0, 0
41949, 113280, 1, 0, 0
42049, 40320, 0, 0, 0
42049, 125440, 1, 0, 0
42149, 60800, 0, 0, 0
42149, 116480, 1, 0, 0
42249, 57600, 0, 0, 0
42249, 114560, 1, 0, 0
42349, 60160, 0, 0, 0
42349, 119680, 1, 0, 0
42449, 52480, 0, 0, 0
42449, 117120, 1, 0, 0
42550, 48640, 0, 0, 0
42550, 120960, 1, 0, 0
42650, 56320, 0, 0, 0
42650, 117760, 1, 0, 0
42749, 56888, 0, 0, 0
42749, 122181, 1, 0, 0
42849, 45440, 0, 0, 0
42849, 122880, 1, 0, 0
42949, 44160, 0, 0, 0
42949, 113280, 1, 0, 0
43049, 41600, 0, 0, 0
43049, 117120, 1, 0, 0
43149, 51200, 0, 0, 0
43149, 119680, 1, 0, 0
43249, 58880, 0, 0, 0
43249, 120960, 1, 0, 0
43349, 61440, 0, 0, 0
43349, 124800, 1, 0, 0
43449, 44800, 0, 0, 0
43449, 112640, 1, 0, 0
43550, 44800, 0, 0, 0
43550, 115200, 1, 0, 0
43650, 54400, 0, 0, 0
43650, 122240, 1, 0, 0
43749, 49777, 0, 0, 0
43749, 123474, 1, 0, 0
43849, 48640, 0, 0, 0
43849, 122240, 1, 0, 0
43949, 48000, 0, 0, 0
43949, 120960, 1, 0, 0
44049, 52480, 0, 0, 0
44049, 124160, 1, 0, 0
44149, 46080, 0, 0, 0
44149, 113280, 1, 0, 0
44249, 48000, 0, 0, 0
44249, 120320, 1, 0, 0
44349, 47360, 0, 0, 0
44349, 126720, 1, 0, 0
44449, 38400, 0, 0, 0
44449, 129280, 1, 0, 0
44550, 58240, 0, 0, 0
44550, 129280, 1, 0, 0
44650, 62720, 0, 0, 0
44650, 119040, 1, 0, 0
44749, 48484, 0, 0, 0
44749, 120242, 1, 0, 0
44849, 54400, 0, 0, 0
44849, 107520, 1, 0, 0
44949, 49280, 0, 0, 0
44949, 119040, 1, 0, 0
45049, 49920, 0, 0, 0
45049, 123520, 1, 0, 0
45149, 53760, 0, 0, 0
45149, 118400, 1, 0, 0
45249, 45440, 0, 0, 0
45249, 120960, 1, 0, 0
45349, 50560, 0, 0, 0
45349, 118400, 1, 0, 0
45449, 50560, 0, 0, 0
45449, 117120, 1, 0, 0
45549, 52480, 0, 0, 0
45549, 120960, 1, 0, 0
45649, 52480, 0, 0, 0
45649, 118400, 1, 0, 0
45750, 46720, 0, 0, 0
45750, 123520, 1, 0, 0
45850, 54400, 0, 0, 0
45850, 110720, 1, 0, 0
45950, 53760, 0, 0, 0
45950, 123520, 1, 0, 0
46050, 46080, 0, 0, 0
46050, 126080, 1, 0, 0
46150, 54400, 0, 0, 0
46150, 110080, 1, 0, 0
46249, 46545, 0, 0, 0
46249, 127353, 1, 0, 0
46349, 49280, 0, 0, 0
46349, 128000, 1, 0, 0
46449, 54400, 0, 0, 0
46449, 123520, 1, 0, 0
46549, 55040, 0, 0, 0
46549, 112000, 1, 0, 0
46649, 53760, 0, 0, 0
46649, 118400, 1, 0, 0
46750, 46080, 0, 0, 0
46750, 116480, 1, 0, 0
46850, 41600, 0, 0, 0
46850, 120320, 1, 0, 0
46950, 53120, 0, 0, 0
46950, 123520, 1, 0, 0
47050, 49920, 0, 0, 0
47050, 126080, 1, 0, 0
47150, 62720, 0, 0, 0
47150, 121600, 1, 0, 0
47249, 49777, 0, 0, 0
47249, 107313, 1, 0, 0
47349, 48000, 0, 0, 0
47349, 121600, 1, 0, 0
47449, 51840, 0, 0, 0
47449, 114560, 1, 0, 0
47549, 53760, 0, 0, 0
47549, 113280, 1, 0, 0
47649, 51840, 0, 0, 0
47649, 116480, 1, 0, 0
47749, 42880, 0, 0, 0
47749, 110080, 1, 0, 0
47849, 46720, 0, 0, 0
47849, 113920, 1, 0, 0
47950, 54400, 0, 0, 0
47950, 113280, 1, 0, 0
48050, 55680, 0, 0, 0
48050, 112640, 1, 0, 0
48150, 49920, 0, 0, 0
48150, 122240, 1, 0, 0
48249, 40727, 0, 0, 0
48249, 118949, 1, 0, 0
48349, 51200, 0, 0, 0
48349, 122880, 1, 0, 0
48449, 52480, 0, 0, 0
48449, 101120, 1, 0, 0
48549, 50560, 0, 0, 0
48549, 112640, 1, 0, 0
48649, 56320, 0, 0, 0
48649, 109440, 1, 0, 0
48749, 53760, 0, 0, 0
48749, 114560, 1, 0, 0
48849, 42880, 0, 0, 0
48849, 113920, 1, 0, 0
48949, 40960, 0, 0, 0
48949, 120960, 1, 0, 0
49050, 53760, 0, 0, 0
49050, 115840, 1, 0, 0
49150, 47360, 0, 0, 0
49150, 122240, 1, 0, 0
49249, 53656, 0, 0, 0
49249, 117010, 1, 0, 0
49349, 50560, 0, 0, 0
49349, 115200, 1, 0, 0
49449, 63360, 0, 0, 0
49449, 109440, 1, 0, 0
49549, 63360, 0, 0, 0
49549, 116480, 1, 0, 0
49649, 62080, 0, 0, 0
49649, 122240, 1, 0, 0
49749, 58880, 0, 0, 0
49749, 121600, 1, 0, 0
49849, 44800, 0, 0, 0
49849, 128000, 1, 0, 0
49949, 63360, 0, 0, 0
49949, 117760, 1, 0, 0
50050, 56960, 0, 0, 0
50050, 112000, 1, 0, 0
50150, 42880, 0, 0, 0
50150, 115840, 1, 0, 0
50249, 54303, 0, 0, 0
50249, 112484, 1, 0, 0
50349, 56960, 0, 0, 0
50349, 110720, 1, 0, 0
50449, 48000, 0, 0, 0
50449, 119680, 1, 0, 0
50549, 50560, 0, 0, 0
50549, 112000, 1, 0, 0
50649, 45440, 0, 0, 0
50649, 112000, 1, 0, 0
50749, 55680, 0, 0, 0
50749, 113280, 1, 0, 0
50849, 45440, 0, 0, 0
50849, 118400, 1, 0, 0
50949, 48640, 0, 0, 0
50949, 115840, 1, 0, 0
51049, 55040, 0, 0, 0
51049, 106880, 1, 0, 0
51149, 21760, 0, 0, 0
51149, 53120, 1, 0, 0
51250, 46080, 0, 0, 0
51250, 139520, 1, 0, 0
51350, 23040, 0, 0, 0
51350, 62080, 1, 0, 0
51450, 59520, 0, 0, 0
51450, 124160, 1, 0, 0
51550, 58880, 0, 0, 0
51550, 122240, 1, 0, 0
51650, 56320, 0, 0, 0
51650, 103040, 1, 0, 0
51749, 52363, 0, 0, 0
51749, 117010, 1, 0, 0
51849, 42880, 0, 0, 0
51849, 114560, 1, 0, 0
51949, 49280, 0, 0, 0
51949, 115840, 1, 0, 0
52050, 59520, 0, 0, 0
52050, 117760, 1, 0, 0
52150, 50560, 0, 0, 0
52150, 128640, 1, 0, 0
52249, 50424, 0, 0, 0
52249, 126707, 1, 0, 0
52349, 54400, 0, 0, 0
52349, 121600, 1, 0, 0
52449, 70400, 0, 0, 0
52449, 122880, 1, 0, 0
52549, 46080, 0, 0, 0
52549, 108800, 1, 0, 0
52649, 48000, 0, 0, 0
52649, 120320, 1, 0, 0
52749, 51200, 0, 0, 0
52749, 118400, 1, 0, 0
52849, 46080, 0, 0, 0
52849, 120320, 1, 0, 0
52949, 47360, 0, 0, 0
52949, 120320, 1, 0, 0
53049, 51200, 0, 0, 0
53049, 131200, 1, 0, 0
53149, 40960, 0, 0, 0
53149, 132480, 1, 0, 0
53250, 49280, 0, 0, 0
53250, 122240, 1, 0, 0
53350, 44800, 0, 0, 0
53350, 126080, 1, 0, 0
53450, 57600, 0, 0, 0
53450, 124160, 1, 0, 0
53550, 40960, 0, 0, 0
53550, 124160, 1, 0, 0
53650, 47360, 0, 0, 0
53650, 119680, 1, 0, 0
53749, 62707, 0, 0, 0
53749, 117656, 1, 0, 0
53849, 55040, 0, 0, 0
53849, 114560, 1, 0, 0
53949, 58880, 0, 0, 0
53949, 120960, 1, 0, 0
54049, 53120, 0, 0, 0
54049, 124800, 1, 0, 0
54149, 44800, 0, 0, 0
54149, 128640, 1, 0, 0
54250, 56320, 0, 0, 0
54250, 126080, 1, 0, 0
54350, 52480, 0, 0, 0
54350, 120320, 1, 0, 0
54450, 57600, 0, 0, 0
54450, 126720, 1, 0, 0
54550, 49920, 0, 0, 0
54550, 119040, 1, 0, 0
54650, 48000, 0, 0, 0
54650, 120320, 1, 0, 0
54749, 43959, 0, 0, 0
54749, 120888, 1, 0, 0
54849, 46720, 0, 0, 0
54849, 106880, 1, 0, 0
54949, 49920, 0, 0, 0
54949, 118400, 1, 0, 0
55049, 39680, 0, 0, 0
55049, 115200, 1, 0, 0
55149, 53760, 0, 0, 0
55149, 112640, 1, 0, 0
55250, 48000, 0, 0, 0
55250, 122240, 1, 0, 0
55350, 44800, 0, 0, 0
55350, 127360, 1, 0, 0
55450, 47360, 0, 0, 0
55450, 109440, 1, 0, 0
55550, 38400, 0, 0, 0
55550, 122880, 1, 0, 0
55650, 62080, 0, 0, 0
55650, 113920, 1, 0, 0
55749, 51717, 0, 0, 0
55749, 111191, 1, 0, 0
55849, 54400, 0, 0, 0
55849, 109440, 1, 0, 0
55949, 39680, 0, 0, 0
55949, 120960, 1, 0, 0
56049, 49280, 0, 0, 0
56049, 115840, 1, 0, 0
56149, 53120, 0, 0, 0
56149, 120320, 1, 0, 0
56249, 42880, 0, 0, 0
56249, 129280, 1, 0, 0
56349, 45440, 0, 0, 0
56349, 123520, 1, 0, 0
56450, 40960, 0, 0, 0
56450, 124160, 1, 0, 0
56550, 56960, 0, 0, 0
56550, 117760, 1, 0, 0
56650, 51840, 0, 0, 0
56650, 124800, 1, 0, 0
56749, 59474, 0, 0, 0
56749, 125414, 1, 0, 0
56849, 47360, 0, 0, 0
56849, 122880, 1, 0, 0
56949, 56960, 0, 0, 0
56949, 110720, 1, 0, 0
57049, 48000, 0, 0, 0
57049, 113920, 1, 0, 0
57149, 54400, 0, 0, 0
57149, 112640, 1, 0, 0
57249, 55040, 0, 0, 0
57249, 129920, 1, 0, 0
57349, 49280, 0, 0, 0
57349, 129280, 1, 0, 0
57449, 57600, 0, 0, 0
57449, 126080, 1, 0, 0
57550, 47360, 0, 0, 0
57550, 117120, 1, 0, 0
57650, 53120, 0, 0, 0
57650, 118400, 1, 0, 0
57749, 48484, 0, 0, 0
57749, 120888, 1, 0, 0
57849, 50560, 0, 0, 0
57849, 125440, 1, 0, 0
57949, 49280, 0, 0, 0
57949, 115200, 1, 0, 0
58049, 51840, 0, 0, 0
58049, 122880, 1, 0, 0
58149, 60800, 0, 0, 0
58149, 121600, 1, 0, 0
58249, 40960, 0, 0, 0
58249, 119040, 1, 0, 0
58349, 64640, 0, 0, 0
58349, 124800, 1, 0, 0
58449, 46720, 0, 0, 0
58449, 124800, 1, 0, 0
58550, 53760, 0, 0, 0
58550, 117120, 1, 0, 0
58650, 50560, 0, 0, 0
58650, 118400, 1, 0, 0
58749, 42020, 0, 0, 0
58749, 128646, 1, 0, 0
58849, 40960, 0, 0, 0
58849, 120320, 1, 0, 0
58949, 56320, 0, 0, 0
58949, 115840, 1, 0, 0
59049, 40320, 0, 0, 0
59049, 121600, 1, 0, 0
59149, 55040, 0, 0, 0
59149, 121600, 1, 0, 0
59249, 44160, 0, 0, 0
59249, 122240, 1, 0, 0
59349, 56320, 0, 0, 0
59349, 124800, 1, 0, 0
59449, 52480, 0, 0, 0
59449, 121600, 1, 0, 0
59550, 56960, 0, 0, 0
59550, 123520, 1, 0, 0
59650, 51840, 0, 0, 0
59650, 126720, 1, 0, 0
59749, 34909, 0, 0, 0
59749, 128000, 1, 0, 0
59849, 52480, 0, 0, 0
59849, 125440, 1, 0, 0
59949, 60160, 0, 0, 0
59949, 115840, 1, 0, 0
60049, 42880, 0, 0, 0
60049, 129920, 1, 0, 0
60149, 51840, 0, 0, 0
60149, 118400, 1, 0, 0
60249, 39680, 0, 0, 0
60249, 126720, 1, 0, 0
60349, 53120, 0, 0, 0
60349, 120960, 1, 0, 0
60449, 65920, 0, 0, 0
60449, 112000, 1, 0, 0
60549, 56320, 0, 0, 0
60549, 122240, 1, 0, 0
60650, 46080, 0, 0, 0
60650, 117120, 1, 0, 0
60749, 40727, 0, 0, 0
60749, 120888, 1, 0, 0
60849, 56320, 0, 0, 0
60849, 126080, 1, 0, 0
60949, 65920, 0, 0, 0
60949, 120320, 1, 0, 0
61049, 55680, 0, 0, 0
61049, 115200, 1, 0, 0
61149, 42880, 0, 0, 0
61149, 85760, 1, 0, 0
61249, 46080, 0, 0, 0
61249, 129920, 1, 0, 0
61349, 46720, 0, 0, 0
61349, 127360, 1, 0, 0
61449, 54400, 0, 0, 0
61449, 108800, 1, 0, 0
61549, 55040, 0, 0, 0
61549, 112000, 1, 0, 0
61649, 49920, 0, 0, 0
61649, 117760, 1, 0, 0
61750, 47360, 0, 0, 0
61750, 122240, 1, 0, 0
61850, 60160, 0, 0, 0
61850, 118400, 1, 0, 0
61950, 52480, 0, 0, 0
61950, 122880, 1, 0, 0
62050, 52480, 0, 0, 0
62050, 117760, 1, 0, 0
62150, 53760, 0, 0, 0
62150, 113920, 1, 0, 0
62249, 60767, 0, 0, 0
62249, 118303, 1, 0, 0
62349, 57600, 0, 0, 0
62349, 117760, 1, 0, 0
62449, 43520, 0, 0, 0
62449, 124800, 1, 0, 0
62549, 53760, 0, 0, 0
62549, 122880, 1, 0, 0
62649, 44800, 0, 0, 0
62649, 110080, 1, 0, 0
62750, 35840, 0, 0, 0
62750, 74240, 1, 0, 0
62850, 56960, 0, 0, 0
62850, 140160, 1, 0, 0
62950, 42880, 0, 0, 0
62950, 129920, 1, 0, 0
63050, 58240, 0, 0, 0
63050, 119040, 1, 0, 0
63150, 42880, 0, 0, 0
63150, 113920, 1, 0, 0
63249, 55595, 0, 0, 0
63249, 125414, 1, 0, 0
63349, 44800, 0, 0, 0
63349, 119040, 1, 0, 0
63449, 58880, 0, 0, 0
63449, 120960, 1, 0, 0
63549, 45440, 0, 0, 0
63549, 123520, 1, 0, 0
63649, 55040, 0, 0, 0
63649, 125440, 1, 0, 0
63750, 56960, 0, 0, 0
63750, 121600, 1, 0, 0
63850, 49280, 0, 0, 0
63850, 127360, 1, 0, 0
63950, 55040, 0, 0, 0
63950, 124800, 1, 0, 0
64050, 30720, 0, 0, 0
64050, 87040, 1, 0, 0
64150, 59520, 0, 0, 0
64150, 128000, 1, 0, 0
64249, 54949, 0, 0, 0
64249, 108606, 1, 0, 0
64349, 47360, 0, 0, 0
64349, 118400, 1, 0, 0
64449, 39040, 0, 0, 0
64449, 130560, 1, 0, 0
64549, 49920, 0, 0, 0
64549, 113920, 1, 0, 0
64649, 51840, 0, 0, 0
64649, 113920, 1, 0, 0
64750, 49280, 0, 0, 0
64750, 115840, 1, 0, 0
64850, 48000, 0, 0, 0
64850, 115840, 1, 0, 0
64950, 52480, 0, 0, 0
64950, 124160, 1, 0, 0
65050, 49920, 0, 0, 0
65050, 126720, 1, 0, 0
65150, 47360, 0, 0, 0
65150, 123520, 1, 0, 0
65249, 47838, 0, 0, 0
65249, 116363, 1, 0, 0
65349, 47360, 0, 0, 0
65349, 122880, 1, 0, 0
65449, 61440, 0, 0, 0
65449, 123520, 1, 0, 0
65549, 59520, 0, 0, 0
65549, 113920, 1, 0, 0
65649, 62080, 0, 0, 0
65649, 116480, 1, 0, 0
65749, 62080, 0, 0, 0
65749, 110720, 1, 0, 0
65850, 44160, 0, 0, 0
65850, 119040, 1, 0, 0
65950, 59520, 0, 0, 0
65950, 128000, 1, 0, 0
66050, 48000, 0, 0, 0
66050, 125440, 1, 0, 0
66150, 47360, 0, 0, 0
66150, 128000, 1, 0, 0
66249, 62707, 0, 0, 0
66249, 124121, 1, 0, 0
66349, 61440, 0, 0, 0
66349, 115200, 1, 0, 0
66449, 60160, 0, 0, 0
66449, 126720, 1, 0, 0
66549, 55680, 0, 0, 0
66549, 130560, 1, 0, 0
66649, 49280, 0, 0, 0
66649, 128640, 1, 0, 0
66749, 43520, 0, 0, 0
66749, 131200, 1, 0, 0
66850, 59520, 0, 0, 0
66850, 130560, 1, 0, 0
66950, 51200, 0, 0, 0
66950, 122240, 1, 0, 0
67050, 58880, 0, 0, 0
67050, 128000, 1, 0, 0
67150, 58880, 0, 0, 0
67150, 126720, 1, 0, 0
67249, 49131, 0, 0, 0
67249, 118303, 1, 0, 0
67349, 61440, 0, 0, 0
67349, 124160, 1, 0, 0
67449, 51200, 0, 0, 0
67449, 126720, 1, 0, 0
67549, 46080, 0, 0, 0
67549, 128000, 1, 0, 0
67649, 52480, 0, 0, 0
67649, 124160, 1, 0, 0
67750, 58880, 0, 0, 0
67750, 120960, 1, 0, 0
67850, 47360, 0, 0, 0
67850, 129920, 1, 0, 0
67950, 50560, 0, 0, 0
67950, 115200, 1, 0, 0
68050, 50560, 0, 0, 0
68050, 129280, 1, 0, 0
68150, 61440, 0, 0, 0
68150, 126720, 1, 0, 0
68249, 55595, 0, 0, 0
68249, 128646, 1, 0, 0
68349, 43520, 0, 0, 0
68349, 131200, 1, 0, 0
68449, 51200, 0, 0, 0
68449, 128000, 1, 0, 0
68549, 51840, 0, 0, 0
68549, 130560, 1, 0, 0
68649, 56320, 0, 0, 0
68649, 124160, 1, 0, 0
68749, 46720, 0, 0, 0
68749, 124800, 1, 0, 0
68849, 47360, 0, 0, 0
68849, 126080, 1, 0, 0
68950, 51840, 0, 0, 0
68950, 122880, 1, 0, 0
69050, 58880, 0, 0, 0
69050, 122880, 1, 0, 0
69150, 57600, 0, 0, 0
69150, 124800, 1, 0, 0
69249, 52363, 0, 0, 0
69249, 129939, 1, 0, 0
69349, 45440, 0, 0, 0
69349, 129920, 1, 0, 0
69449, 44160, 0, 0, 0
69449, 136320, 1, 0, 0
69549, 58880, 0, 0, 0
69549, 118400, 1, 0, 0
69649, 49920, 0, 0, 0
69649, 124800, 1, 0, 0
69749, 56320, 0, 0, 0
69749, 126080, 1, 0, 0
69849, 55680, 0, 0, 0
69849, 127360, 1, 0, 0
69949, 46080, 0, 0, 0
69949, 134400, 1, 0, 0
70050, 49280, 0, 0, 0
70050, 128640, 1, 0, 0
70150, 58240, 0, 0, 0
70150, 122880, 1, 0, 0
70249, 60121, 0, 0, 0
70249, 124121, 1, 0, 0
70349, 62720, 0, 0, 0
70349, 131840, 1, 0, 0
70449, 53760, 0, 0, 0
70449, 124800, 1, 0, 0
70549, 58240, 0, 0, 0
70549, 120960, 1, 0, 0
70649, 49280, 0, 0, 0
70649, 124800, 1, 0, 0
70749, 51200, 0, 0, 0
70749, 133760, 1, 0, 0
70849, 58880, 0, 0, 0
70849, 119680, 1, 0, 0
70950, 55680, 0, 0, 0
70950, 119680, 1, 0, 0
71050, 41600, 0, 0, 0
71050, 132480, 1, 0, 0
71150, 46720, 0, 0, 0
71150, 124160, 1, 0, 0
71249, 48484, 0, 0, 0
71249, 119595, 1, 0, 0
71349, 60160, 0, 0, 0
71349, 124800, 1, 0, 0
71449, 65920, 0, 0, 0
71449, 123520, 1, 0, 0
71549, 51840, 0, 0, 0
71549, 131200, 1, 0, 0
71649, 51200, 0, 0, 0
71649, 119680, 1, 0, 0
71749, 55680, 0, 0, 0
71749, 130560, 1, 0, 0
71849, 57600, 0, 0, 0
71849, 129920, 1, 0, 0
71949, 58880, 0, 0, 0
71949, 122880, 1, 0, 0
72050, 45440, 0, 0, 0
72050, 125440, 1, 0, 0
72150, 49280, 0, 0, 0
72150, 121600, 1, 0, 0
72249, 54949, 0, 0, 0
72249, 125414, 1, 0, 0
72349, 44160, 0, 0, 0
72349, 126720, 1, 0, 0
72449, 56960, 0, 0, 0
72449, 117120, 1, 0, 0
72549, 50560, 0, 0, 0
72549, 124160, 1, 0, 0
72649, 44800, 0, 0, 0
72649, 119040, 1, 0, 0
72749, 53120, 0, 0, 0
72749, 118400, 1, 0, 0
72849, 49920, 0, 0, 0
72849, 127360, 1, 0, 0
72949, 58240, 0, 0, 0
72949, 113280, 1, 0, 0
73050, 55040, 0, 0, 0
73050, 115200, 1, 0, 0
73150, 48000, 0, 0, 0
73150, 114560, 1, 0, 0
73249, 47838, 0, 0, 0
73249, 123474, 1, 0, 0
73349, 48000, 0, 0, 0
73349, 101120, 1, 0, 0
73449, 59520, 0, 0, 0
73449, 127360, 1, 0, 0
73549, 52480, 0, 0, 0
73549, 120320, 1, 0, 0
73649, 61440, 0, 0, 0
73649, 121600, 1, 0, 0
73749, 60160, 0, 0, 0
73749, 119040, 1, 0, 0
73850, 51840, 0, 0, 0
73850, 125440, 1, 0, 0
73950, 51200, 0, 0, 0
73950, 122240, 1, 0, 0
74050, 55040, 0, 0, 0
74050, 117120, 1, 0, 0
74150, 51840, 0, 0, 0
74150, 118400, 1, 0, 0
74249, 54949, 0, 0, 0
74249, 115070, 1, 0, 0
74349, 56960, 0, 0, 0
74349, 124160, 1, 0, 0
74449, 58880, 0, 0, 0
74449, 129280, 1, 0, 0
74549, 48640, 0, 0, 0
74549, 119040, 1, 0, 0
74649, 51840, 0, 0, 0
74649, 125440, 1, 0, 0
74749, 69120, 0, 0, 0
74749, 118400, 1, 0, 0
74849, 54400, 0, 0, 0
74849, 115840, 1, 0, 0
74949, 60800, 0, 0, 0
74949, 113920, 1, 0, 0
75050, 51840, 0, 0, 0
75050, 117760, 1, 0, 0
75150, 49280, 0, 0, 0
75150, 128000, 1, 0, 0
75249, 53656, 0, 0, 0
75249, 118949, 1, 0, 0
75349, 46080, 0, 0, 0
75349, 125440, 1, 0, 0
75449, 53120, 0, 0, 0
75449, 115840, 1, 0, 0
75549, 53760, 0, 0, 0
75549, 129920, 1, 0, 0
75649, 55680, 0, 0, 0
75649, 115840, 1, 0, 0
75749, 58240, 0, 0, 0
75749, 113920, 1, 0, 0
75849, 55680, 0, 0, 0
75849, 107520, 1, 0, 0
75949, 39680, 0, 0, 0
75949, 101760, 1, 0, 0
76050, 54400, 0, 0, 0
76050, 132480, 1, 0, 0
76150, 46720, 0, 0, 0
76150, 108160, 1, 0, 0
76249, 49777, 0, 0, 0
76249, 117656, 1, 0, 0
76349, 46080, 0, 0, 0
76349, 129280, 1, 0, 0
76449, 55680, 0, 0, 0
76449, 129280, 1, 0, 0
76549, 57600, 0, 0, 0
76549, 122240, 1, 0, 0
76649, 62720, 0, 0, 0
76649, 115200, 1, 0, 0
76749, 53120, 0, 0, 0
76749, 121600, 1, 0, 0
76849, 46720, 0, 0, 0
76849, 124800, 1, 0, 0
76949, 55680, 0, 0, 0
76949, 117760, 1, 0, 0
77050, 53120, 0, 0, 0
77050, 126720, 1, 0, 0
77150, 56320, 0, 0, 0
77150, 119680, 1, 0, 0
77249, 57535, 0, 0, 0
77249, 117010, 1, 0, 0
77349, 49920, 0, 0, 0
77349, 120320, 1, 0, 0
77449, 58240, 0, 0, 0
77449, 112000, 1, 0, 0
77549, 55040, 0, 0, 0
77549, 119040, 1, 0, 0
77649, 49280, 0, 0, 0
77649, 123520, 1, 0, 0
77749, 48640, 0, 0, 0
77749, 124800, 1, 0, 0
77849, 57600, 0, 0, 0
77849, 119040, 1, 0, 0
77949, 46720, 0, 0, 0
77949, 114560, 1, 0, 0
78050, 51200, 0, 0, 0
78050, 124160, 1, 0, 0
78150, 58240, 0, 0, 0
78150, 120320, 1, 0, 0
78249, 57535, 0, 0, 0
78249, 112484, 1, 0, 0
78349, 36480, 0, 0, 0
78349, 115200, 1, 0, 0
78449, 56320, 0, 0, 0
78449, 112000, 1, 0, 0
78549, 48000, 0, 0, 0
78549, 124800, 1, 0, 0
78649, 51200, 0, 0, 0
78649, 120960, 1, 0, 0
78749, 49920, 0, 0, 0
78749, 115200, 1, 0, 0
78849, 34560, 0, 0, 0
78849, 116480, 1, 0, 0
78949, 48000, 0, 0, 0
78949, 106240, 1, 0, 0
79050, 58240, 0, 0, 0
79050, 124800, 1, 0, 0
79150, 51200, 0, 0, 0
79150, 111360, 1, 0, 0
79249, 51070, 0, 0, 0
79249, 119595, 1, 0, 0
79349, 48640, 0, 0, 0
79349, 127360, 1, 0, 0
79449, 53760, 0, 0, 0
79449, 129920, 1, 0, 0
79549, 54400, 0, 0, 0
79549, 124800, 1, 0, 0
79649, 51840, 0, 0, 0
79649, 117120, 1, 0, 0
79749, 48640, 0, 0, 0
79749, 128640, 1, 0, 0
79849, 49280, 0, 0, 0
79849, 121600, 1, 0, 0
79949, 58240, 0, 0, 0
79949, 117120, 1, 0, 0
80049, 54400, 0, 0, 0
80049, 141440, 1, 0, 0
80150, 39040, 0, 0, 0
80150, 120960, 1, 0, 0
80250, 49920, 0, 0, 0
80250, 111360, 1, 0, 0
80350, 42240, 0, 0, 0
80350, 119040, 1, 0, 0
80450, 59520, 0, 0, 0
80450, 112000, 1, 0, 0
80550, 32000, 0, 0, 0
80550, 119680, 1, 0, 0
80650, 48640, 0, 0, 0
80650, 119040, 1, 0, 0
80749, 56242, 0, 0, 0
80749, 118949, 1, 0, 0
80849, 49920, 0, 0, 0
80849, 112000, 1, 0, 0
80949, 49280, 0, 0, 0
80949, 120320, 1, 0, 0
81049, 54400, 0, 0, 0
81049, 104960, 1, 0, 0
81150, 40960, 0, 0, 0
81150, 108800, 1, 0, 0
81249, 51070, 0, 0, 0
81249, 115717, 1, 0, 0
81349, 49280, 0, 0, 0
81349, 121600, 1, 0, 0
81449, 49920, 0, 0, 0
81449, 117120, 1, 0, 0
81549, 35200, 0, 0, 0
81549, 112640, 1, 0, 0
81649, 56960, 0, 0, 0
81649, 106880, 1, 0, 0
81749, 48000, 0, 0, 0
81749, 109440, 1, 0, 0
81849, 48000, 0, 0, 0
81849, 120960, 1, 0, 0
81949, 40960, 0, 0, 0
81949, 120320, 1, 0, 0
82049, 48000, 0, 0, 0
82049, 118400, 1, 0, 0
82149, 56320, 0, 0, 0
82149, 119680, 1, 0, 0
82250, 38400, 0, 0, 0
82250, 103680, 1, 0, 0
82350, 53760, 0, 0, 0
82350, 126080, 1, 0, 0
82450, 40320, 0, 0, 0
82450, 114560, 1, 0, 0
82550, 57600, 0, 0, 0
82550, 111360, 1, 0, 0
82650, 52480, 0, 0, 0
82650, 110080, 1, 0, 0
82749, 51717, 0, 0, 0
82749, 117656, 1, 0, 0
82849, 42240, 0, 0, 0
82849, 113920, 1, 0, 0
82949, 48000, 0, 0, 0
82949, 110720, 1, 0, 0
83049, 48640, 0, 0, 0
83049, 107520, 1, 0, 0
83149, 46080, 0, 0, 0
83149, 111360, 1, 0, 0
83249, 45440, 0, 0, 0
83249, 112640, 1, 0, 0
83350, 55040, 0, 0, 0
83350, 97920, 1, 0, 0
83450, 47360, 0, 0, 0
83450, 108160, 1, 0, 0
83550, 54400, 0, 0, 0
83550, 110720, 1, 0, 0
83650, 58240, 0, 0, 0
83650, 119040, 1, 0, 0
83749, 49777, 0, 0, 0
83749, 96323, 1, 0, 0
83849, 58880, 0, 0, 0
83849, 117760, 1, 0, 0
83949, 30080, 0, 0, 0
83949, 102400, 1, 0, 0
84050, 47360, 0, 0, 0
84050, 112000, 1, 0, 0
84150, 51200, 0, 0, 0
84150, 117120, 1, 0, 0
84249, 23272, 0, 0, 0
84249, 58181, 1, 0, 0
84349, 58880, 0, 0, 0
84349, 124800, 1, 0, 0
84449, 45440, 0, 0, 0
84449, 106240, 1, 0, 0
84549, 51840, 0, 0, 0
84549, 108800, 1, 0, 0
84649, 49280, 0, 0, 0
84649, 120960, 1, 0, 0
84749, 49920, 0, 0, 0
84749, 108800, 1, 0, 0
84849, 56320, 0, 0, 0
84849, 114560, 1, 0, 0
84949, 44800, 0, 0, 0
84949, 108160, 1, 0, 0
85050, 51840, 0, 0, 0
85050, 101120, 1, 0, 0
85150, 37760, 0, 0, 0
85150, 112000, 1, 0, 0
85249, 41373, 0, 0, 0
85249, 104727, 1, 0, 0
85349, 50560, 0, 0, 0
85349, 95360, 1, 0, 0
85449, 44160, 0, 0, 0
85449, 118400, 1, 0, 0
85549, 48640, 0, 0, 0
85549, 96640, 1, 0, 0
85649, 53120, 0, 0, 0
85649, 110080, 1, 0, 0
85749, 51200, 0, 0, 0
85749, 118400, 1, 0, 0
85849, 52480, 0, 0, 0
85849, 122240, 1, 0, 0
85949, 49920, 0, 0, 0
85949, 114560, 1, 0, 0
86050, 40960, 0, 0, 0
86050, 122880, 1, 0, 0
86150, 50560, 0, 0, 0
86150, 106880, 1, 0, 0
86249, 43313, 0, 0, 0
86249, 119595, 1, 0, 0
86349, 33280, 0, 0, 0
86349, 115200, 1, 0, 0
86449, 58240, 0, 0, 0
86449, 115200, 1, 0, 0
86549, 33920, 0, 0, 0
86549, 115200, 1, 0, 0
86649, 61440, 0, 0, 0
86649, 117120, 1, 0, 0
86749, 69120, 0, 0, 0
86749, 105600, 1, 0, 0
86849, 46720, 0, 0, 0
86849, 118400, 1, 0, 0
86949, 47360, 0, 0, 0
86949, 103040, 1, 0, 0
87049, 44800, 0, 0, 0
87049, 120320, 1, 0, 0
87150, 52480, 0, 0, 0
87150, 110720, 1, 0, 0
87249, 40080, 0, 0, 0
87249, 122181, 1, 0, 0
87349, 46080, 0, 0, 0
87349, 100480, 1, 0, 0
87449, 46080, 0, 0, 0
87449, 115200, 1, 0, 0
87549, 47360, 0, 0, 0
87549, 113920, 1, 0, 0
87649, 31360, 0, 0, 0
87649, 74880, 1, 0, 0
87749, 56320, 0, 0, 0
87749, 125440, 1, 0, 0
87849, 46080, 0, 0, 0
87849, 108160, 1, 0, 0
87949, 35840, 0, 0, 0
87949, 106240, 1, 0, 0
88050, 53120, 0, 0, 0
88050, 108160, 1, 0, 0
88150, 47360, 0, 0, 0
88150, 99840, 1, 0, 0
88249, 46545, 0, 0, 0
88249, 118303, 1, 0, 0
88349, 40960, 0, 0, 0
88349, 119680, 1, 0, 0
88449, 47360, 0, 0, 0
88449, 124800, 1, 0, 0
88549, 54400, 0, 0, 0
88549, 111360, 1, 0, 0
88649, 48000, 0, 0, 0
88649, 101120, 1, 0, 0
88749, 53760, 0, 0, 0
88749, 119040, 1, 0, 0
88849, 49280, 0, 0, 0
88849, 108800, 1, 0, 0
88949, 46080, 0, 0, 0
88949, 118400, 1, 0, 0
89049, 25600, 0, 0, 0
89049, 56960, 1, 0, 0
89149, 54400, 0, 0, 0
89149, 120320, 1, 0, 0
89250, 50560, 0, 0, 0
89250, 113920, 1, 0, 0
89350, 56960, 0, 0, 0
89350, 106880, 1, 0, 0
89450, 53760, 0, 0, 0
89450, 111360, 1, 0, 0
89550, 51840, 0, 0, 0
89550, 112640, 1, 0, 0
89650, 51840, 0, 0, 0
89650, 106240, 1, 0, 0
89749, 45252, 0, 0, 0
89749, 124121, 1, 0, 0
89849, 40320, 0, 0, 0
89849, 107520, 1, 0, 0
89949, 47360, 0, 0, 0
89949, 126720, 1, 0, 0
