100, 382963, 0, 0, 0
200, 329838, 0, 0, 0
300, 350652, 0, 0, 0
400, 344852, 0, 0, 0
500, 340776, 0, 0, 0
600, 319612, 0, 0, 0
700, 370482, 0, 0, 0
800, 374627, 0, 0, 0
900, 379243, 0, 0, 0
1000, 411628, 0, 0, 0
1100, 379516, 0, 0, 0
1200, 332069, 0, 0, 0
1300, 368682, 0, 0, 0
1400, 327007, 0, 0, 0
1500, 369178, 0, 0, 0
1600, 389324, 0, 0, 0
1700, 317304, 0, 0, 0
1800, 334860, 0, 0, 0
1900, 374366, 0, 0, 0
2000, 371845, 0, 0, 0
2100, 362283, 0, 0, 0
2200, 334340, 0, 0, 0
2300, 379365, 0, 0, 0
2400, 358592, 0, 0, 0
2500, 383793, 0, 0, 0
2600, 341862, 0, 0, 0
2700, 390222, 0, 0, 0
2800, 315779, 0, 0, 0
2900, 362157, 0, 0, 0
3000, 382463, 0, 0, 0
3100, 366850, 0, 0, 0
3200, 370059, 0, 0, 0
3300, 324166, 0, 0, 0
3400, 380482, 0, 0, 0
3500, 362312, 0, 0, 0
3600, 356199, 0, 0, 0
3700, 360016, 0, 0, 0
3800, 378235, 0, 0, 0
3900, 285934, 0, 0, 0
4000, 377136, 0, 0, 0
4100, 376020, 0, 0, 0
4200, 362305, 0, 0, 0
4300, 334367, 0, 0, 0
4400, 384195, 0, 0, 0
4500, 423489, 0, 0, 0
4600, 361337, 0, 0, 0
4700, 351607, 0, 0, 0
4800, 344146, 0, 0, 0
4900, 339948, 0, 0, 0
5000, 354945, 0, 0, 0
5100, 369608, 0, 0, 0
5200, 369041, 0, 0, 0
5300, 282195, 0, 0, 0
5400, 338050, 0, 0, 0
5500, 366534, 0, 0, 0
5600, 363290, 0, 0, 0
5700, 337939, 0, 0, 0
5800, 369326, 0, 0, 0
5900, 360574, 0, 0, 0
6000, 352959, 0, 0, 0
6100, 354138, 0, 0, 0
6200, 342592, 0, 0, 0
6300, 364411, 0, 0, 0
6400, 356026, 0, 0, 0
6500, 361929, 0, 0, 0
6600, 377986, 0, 0, 0
6700, 334981, 0, 0, 0
6800, 400312, 0, 0, 0
6900, 395872, 0, 0, 0
7000, 351954, 0, 0, 0
7100, 324590, 0, 0, 0
7200, 375000, 0, 0, 0
7300, 374197, 0, 0, 0
7400, 348892, 0, 0, 0
7500, 346338, 0, 0, 0
7600, 309692, 0, 0, 0
7700, 359249, 0, 0, 0
7800, 326587, 0, 0, 0
7900, 319569, 0, 0, 0
8000, 357740, 0, 0, 0
8100, 328237, 0, 0, 0
8200, 360569, 0, 0, 0
8300, 337588, 0, 0, 0
8400, 347919, 0, 0, 0
8500, 367144, 0, 0, 0
8600, 355986, 0, 0, 0
8700, 388109, 0, 0, 0
8801, 358380, 0, 0, 0
8900, 358592, 0, 0, 0
9000, 327192, 0, 0, 0
9100, 369663, 0, 0, 0
9200, 366942, 0, 0, 0
9300, 384416, 0, 0, 0
9400, 358714, 0, 0, 0
9500, 329588, 0, 0, 0
9600, 369518, 0, 0, 0
9700, 374299, 0, 0, 0
9800, 347961, 0, 0, 0
9900, 355479, 0, 0, 0
10000, 371844, 0, 0, 0
10100, 387900, 0, 0, 0
10200, 373289, 0, 0, 0
10300, 368732, 0, 0, 0
10400, 377531, 0, 0, 0
10500, 368057, 0, 0, 0
10600, 341288, 0, 0, 0
10700, 363511, 0, 0, 0
10800, 381273, 0, 0, 0
10900, 359080, 0, 0, 0
11000, 348917, 0, 0, 0
11100, 364898, 0, 0, 0
11200, 342298, 0, 0, 0
11300, 363853, 0, 0, 0
11400, 320076, 0, 0, 0
11500, 355765, 0, 0, 0
11600, 354988, 0, 0, 0
11700, 336538, 0, 0, 0
11800, 360977, 0, 0, 0
11900, 365677, 0, 0, 0
12000, 390111, 0, 0, 0
12100, 368059, 0, 0, 0
12200, 383631, 0, 0, 0
12300, 360254, 0, 0, 0
12400, 322273, 0, 0, 0
12500, 337974, 0, 0, 0
12600, 330268, 0, 0, 0
12700, 375573, 0, 0, 0
12800, 380725, 0, 0, 0
12900, 386084, 0, 0, 0
13000, 379063, 0, 0, 0
13100, 336687, 0, 0, 0
13200, 311452, 0, 0, 0
13300, 358906, 0, 0, 0
13400, 343869, 0, 0, 0
13500, 332379, 0, 0, 0
13600, 312256, 0, 0, 0
13700, 321301, 0, 0, 0
13800, 342342, 0, 0, 0
13900, 372858, 0, 0, 0
14000, 321328, 0, 0, 0
14100, 371447, 0, 0, 0
14200, 349128, 0, 0, 0
14300, 351516, 0, 0, 0
14400, 371116, 0, 0, 0
14500, 336048, 0, 0, 0
14600, 371799, 0, 0, 0
14700, 353069, 0, 0, 0
14800, 360872, 0, 0, 0
14900, 328623, 0, 0, 0
15000, 396002, 0, 0, 0
15100, 359353, 0, 0, 0
15200, 263094, 0, 0, 0
15300, 302928, 0, 0, 0
15400, 354892, 0, 0, 0
15500, 370553, 0, 0, 0
15600, 329221, 0, 0, 0
15700, 325510, 0, 0, 0
15800, 346238, 0, 0, 0
15900, 282376, 0, 0, 0
16000, 328579, 0, 0, 0
16100, 342224, 0, 0, 0
16200, 371608, 0, 0, 0
16300, 343976, 0, 0, 0
16400, 356542, 0, 0, 0
16500, 307755, 0, 0, 0
16600, 334353, 0, 0, 0
16700, 367280, 0, 0, 0
16800, 359940, 0, 0, 0
16900, 373299, 0, 0, 0
17000, 367646, 0, 0, 0
17100, 401979, 0, 0, 0
17200, 302254, 0, 0, 0
17300, 366866, 0, 0, 0
17400, 296517, 0, 0, 0
17500, 370507, 0, 0, 0
17600, 370987, 0, 0, 0
17700, 377325, 0, 0, 0
17800, 372928, 0, 0, 0
17900, 358444, 0, 0, 0
18000, 342444, 0, 0, 0
18100, 334869, 0, 0, 0
18200, 322409, 0, 0, 0
18300, 304517, 0, 0, 0
18400, 350523, 0, 0, 0
18500, 362428, 0, 0, 0
18600, 351174, 0, 0, 0
18700, 370947, 0, 0, 0
18800, 317877, 0, 0, 0
18900, 388778, 0, 0, 0
19000, 355128, 0, 0, 0
19100, 348035, 0, 0, 0
19200, 378494, 0, 0, 0
19300, 333326, 0, 0, 0
19400, 386470, 0, 0, 0
19500, 377014, 0, 0, 0
19600, 384671, 0, 0, 0
19700, 370575, 0, 0, 0
19800, 353864, 0, 0, 0
19900, 419591, 0, 0, 0
20000, 384630, 0, 0, 0
20100, 336299, 0, 0, 0
20200, 390406, 0, 0, 0
20300, 377150, 0, 0, 0
20400, 331171, 0, 0, 0
20500, 367314, 0, 0, 0
20600, 359100, 0, 0, 0
20700, 355250, 0, 0, 0
20800, 376567, 0, 0, 0
20900, 389730, 0, 0, 0
21000, 335803, 0, 0, 0
21100, 379346, 0, 0, 0
21200, 339895, 0, 0, 0
21300, 314842, 0, 0, 0
21400, 356808, 0, 0, 0
21500, 339441, 0, 0, 0
21600, 342663, 0, 0, 0
21700, 343737, 0, 0, 0
21800, 364108, 0, 0, 0
21900, 347782, 0, 0, 0
22000, 360243, 0, 0, 0
22100, 360940, 0, 0, 0
22200, 278251, 0, 0, 0
22300, 367343, 0, 0, 0
22400, 344356, 0, 0, 0
22500, 350155, 0, 0, 0
22600, 345024, 0, 0, 0
22700, 357106, 0, 0, 0
22800, 325237, 0, 0, 0
22900, 397089, 0, 0, 0
23000, 364203, 0, 0, 0
23100, 353540, 0, 0, 0
23200, 349665, 0, 0, 0
23300, 354604, 0, 0, 0
23400, 347684, 0, 0, 0
23500, 339207, 0, 0, 0
23600, 377343, 0, 0, 0
23700, 379664, 0, 0, 0
23800, 362532, 0, 0, 0
23900, 351319, 0, 0, 0
24000, 361023, 0, 0, 0
24100, 370979, 0, 0, 0
24200, 383894, 0, 0, 0
24300, 359516, 0, 0, 0
24400, 356583, 0, 0, 0
24500, 372240, 0, 0, 0
24600, 312416, 0, 0, 0
24700, 373415, 0, 0, 0
24800, 359342, 0, 0, 0
24900, 373485, 0, 0, 0
25000, 342766, 0, 0, 0
25100, 353747, 0, 0, 0
25200, 359796, 0, 0, 0
25300, 366537, 0, 0, 0
25400, 344532, 0, 0, 0
25500, 355823, 0, 0, 0
25600, 377125, 0, 0, 0
25700, 363322, 0, 0, 0
25800, 354332, 0, 0, 0
25900, 335180, 0, 0, 0
26000, 347064, 0, 0, 0
26100, 294631, 0, 0, 0
26200, 358979, 0, 0, 0
26300, 362836, 0, 0, 0
26400, 361001, 0, 0, 0
26500, 333868, 0, 0, 0
26600, 381646, 0, 0, 0
26700, 369310, 0, 0, 0
26800, 372355, 0, 0, 0
26900, 348458, 0, 0, 0
27000, 366272, 0, 0, 0
27100, 372233, 0, 0, 0
27200, 352352, 0, 0, 0
27300, 351664, 0, 0, 0
27400, 369268, 0, 0, 0
27500, 344057, 0, 0, 0
27600, 337899, 0, 0, 0
27700, 356066, 0, 0, 0
27800, 354609, 0, 0, 0
27900, 345810, 0, 0, 0
28000, 354216, 0, 0, 0
28100, 361803, 0, 0, 0
28200, 334977, 0, 0, 0
28300, 356634, 0, 0, 0
28400, 365990, 0, 0, 0
28500, 275316, 0, 0, 0
28600, 344372, 0, 0, 0
28700, 311237, 0, 0, 0
28800, 362785, 0, 0, 0
28900, 355199, 0, 0, 0
29000, 349993, 0, 0, 0
29100, 312495, 0, 0, 0
29200, 353316, 0, 0, 0
29300, 359689, 0, 0, 0
29400, 363811, 0, 0, 0
29500, 373432, 0, 0, 0
29600, 364853, 0, 0, 0
29700, 375271, 0, 0, 0
29800, 355773, 0, 0, 0
29900, 379110, 0, 0, 0
30000, 344586, 0, 0, 0
30100, 362957, 0, 0, 0
30200, 351282, 0, 0, 0
30300, 360705, 0, 0, 0
30400, 356504, 0, 0, 0
30500, 317697, 0, 0, 0
30600, 364915, 0, 0, 0
30700, 368713, 0, 0, 0
30800, 374485, 0, 0, 0
30900, 370979, 0, 0, 0
31000, 350262, 0, 0, 0
31100, 309137, 0, 0, 0
31200, 356640, 0, 0, 0
31300, 350465, 0, 0, 0
31400, 339705, 0, 0, 0
31500, 352280, 0, 0, 0
31600, 364242, 0, 0, 0
31700, 359477, 0, 0, 0
31800, 355265, 0, 0, 0
31900, 355350, 0, 0, 0
32000, 355164, 0, 0, 0
32100, 362559, 0, 0, 0
32200, 392934, 0, 0, 0
32300, 307449, 0, 0, 0
32400, 367505, 0, 0, 0
32500, 359986, 0, 0, 0
32600, 343791, 0, 0, 0
32700, 410428, 0, 0, 0
32800, 379090, 0, 0, 0
32900, 367773, 0, 0, 0
33000, 343067, 0, 0, 0
33100, 373505, 0, 0, 0
33200, 381778, 0, 0, 0
33300, 347616, 0, 0, 0
33400, 348712, 0, 0, 0
33500, 371428, 0, 0, 0
33600, 357790, 0, 0, 0
33700, 395029, 0, 0, 0
33800, 373255, 0, 0, 0
33900, 334325, 0, 0, 0
34000, 351185, 0, 0, 0
34100, 380728, 0, 0, 0
34200, 358499, 0, 0, 0
34300, 371040, 0, 0, 0
34400, 360964, 0, 0, 0
34500, 396673, 0, 0, 0
34600, 365071, 0, 0, 0
34700, 361923, 0, 0, 0
34800, 378253, 0, 0, 0
34900, 371591, 0, 0, 0
35000, 313528, 0, 0, 0
35100, 361621, 0, 0, 0
35200, 346704, 0, 0, 0
35300, 310731, 0, 0, 0
35400, 337921, 0, 0, 0
35500, 327324, 0, 0, 0
35600, 338768, 0, 0, 0
35700, 359445, 0, 0, 0
35800, 393746, 0, 0, 0
35900, 381916, 0, 0, 0
36000, 325348, 0, 0, 0
36100, 357108, 0, 0, 0
36200, 374061, 0, 0, 0
36300, 409853, 0, 0, 0
36400, 364385, 0, 0, 0
36500, 374587, 0, 0, 0
36600, 375402, 0, 0, 0
36700, 368496, 0, 0, 0
36800, 363297, 0, 0, 0
36900, 414049, 0, 0, 0
37000, 364525, 0, 0, 0
37100, 385425, 0, 0, 0
37200, 346433, 0, 0, 0
37300, 349505, 0, 0, 0
37400, 379116, 0, 0, 0
37500, 361114, 0, 0, 0
37600, 332726, 0, 0, 0
37700, 343534, 0, 0, 0
37800, 349860, 0, 0, 0
37900, 360990, 0, 0, 0
38000, 352352, 0, 0, 0
38100, 363938, 0, 0, 0
38200, 305307, 0, 0, 0
38300, 318861, 0, 0, 0
38400, 331479, 0, 0, 0
38500, 379903, 0, 0, 0
38600, 352982, 0, 0, 0
38700, 360574, 0, 0, 0
38800, 365654, 0, 0, 0
38900, 365829, 0, 0, 0
39000, 331354, 0, 0, 0
39100, 360047, 0, 0, 0
39200, 359522, 0, 0, 0
39300, 331458, 0, 0, 0
39400, 350835, 0, 0, 0
39500, 375708, 0, 0, 0
39600, 360630, 0, 0, 0
39700, 329151, 0, 0, 0
39800, 351671, 0, 0, 0
39900, 369192, 0, 0, 0
40000, 390445, 0, 0, 0
40100, 373090, 0, 0, 0
40200, 354586, 0, 0, 0
40300, 330359, 0, 0, 0
40400, 372836, 0, 0, 0
40500, 367322, 0, 0, 0
40600, 350481, 0, 0, 0
40700, 356241, 0, 0, 0
40800, 381729, 0, 0, 0
40900, 385988, 0, 0, 0
41000, 367198, 0, 0, 0
41100, 312278, 0, 0, 0
41200, 348391, 0, 0, 0
41300, 353074, 0, 0, 0
41400, 318834, 0, 0, 0
41500, 296276, 0, 0, 0
41600, 353200, 0, 0, 0
41700, 376421, 0, 0, 0
41800, 337658, 0, 0, 0
41900, 355194, 0, 0, 0
42000, 370274, 0, 0, 0
42100, 342679, 0, 0, 0
42200, 391528, 0, 0, 0
42300, 370929, 0, 0, 0
42400, 329014, 0, 0, 0
42500, 352478, 0, 0, 0
42600, 354471, 0, 0, 0
42700, 350784, 0, 0, 0
42800, 379115, 0, 0, 0
42900, 380802, 0, 0, 0
43000, 373178, 0, 0, 0
43100, 403841, 0, 0, 0
43200, 355974, 0, 0, 0
43300, 375521, 0, 0, 0
43400, 360068, 0, 0, 0
43500, 336395, 0, 0, 0
43600, 352742, 0, 0, 0
43700, 357099, 0, 0, 0
43800, 355524, 0, 0, 0
43900, 361732, 0, 0, 0
44000, 345562, 0, 0, 0
44100, 317955, 0, 0, 0
44200, 358428, 0, 0, 0
44300, 349773, 0, 0, 0
44400, 347654, 0, 0, 0
44500, 337959, 0, 0, 0
44600, 329051, 0, 0, 0
44700, 359551, 0, 0, 0
44800, 300073, 0, 0, 0
44900, 364362, 0, 0, 0
45000, 305142, 0, 0, 0
45100, 336138, 0, 0, 0
45200, 350489, 0, 0, 0
45300, 366547, 0, 0, 0
45400, 344981, 0, 0, 0
45500, 355482, 0, 0, 0
45600, 372344, 0, 0, 0
45700, 394400, 0, 0, 0
45800, 388262, 0, 0, 0
45900, 364579, 0, 0, 0
46000, 366261, 0, 0, 0
46100, 345314, 0, 0, 0
46200, 409153, 0, 0, 0
46300, 371512, 0, 0, 0
46400, 375302, 0, 0, 0
46500, 367628, 0, 0, 0
46600, 382656, 0, 0, 0
46700, 346806, 0, 0, 0
46800, 332026, 0, 0, 0
46900, 358917, 0, 0, 0
47000, 349214, 0, 0, 0
47100, 393274, 0, 0, 0
47200, 318054, 0, 0, 0
47300, 341261, 0, 0, 0
47400, 383647, 0, 0, 0
47500, 374774, 0, 0, 0
47600, 354493, 0, 0, 0
47700, 365379, 0, 0, 0
47800, 354469, 0, 0, 0
47900, 379918, 0, 0, 0
48000, 364406, 0, 0, 0
48100, 352889, 0, 0, 0
48200, 299397, 0, 0, 0
48300, 361679, 0, 0, 0
48400, 373188, 0, 0, 0
48500, 358768, 0, 0, 0
48600, 377290, 0, 0, 0
48700, 374663, 0, 0, 0
48800, 393124, 0, 0, 0
48900, 378055, 0, 0, 0
49000, 372313, 0, 0, 0
49100, 382960, 0, 0, 0
49200, 361637, 0, 0, 0
49300, 381266, 0, 0, 0
49400, 358547, 0, 0, 0
49500, 376692, 0, 0, 0
49600, 365937, 0, 0, 0
49700, 352882, 0, 0, 0
49800, 321211, 0, 0, 0
49900, 372860, 0, 0, 0
50000, 340452, 0, 0, 0
50100, 375664, 0, 0, 0
50200, 359848, 0, 0, 0
50300, 443870, 0, 0, 0
50400, 363359, 0, 0, 0
50500, 371108, 0, 0, 0
50600, 354113, 0, 0, 0
50700, 371726, 0, 0, 0
50800, 347792, 0, 0, 0
50900, 375322, 0, 0, 0
51000, 351790, 0, 0, 0
51100, 349981, 0, 0, 0
51200, 359697, 0, 0, 0
51300, 309785, 0, 0, 0
51400, 347801, 0, 0, 0
51500, 363484, 0, 0, 0
51600, 373066, 0, 0, 0
51700, 334809, 0, 0, 0
51800, 345673, 0, 0, 0
51900, 348722, 0, 0, 0
52000, 357609, 0, 0, 0
52100, 355118, 0, 0, 0
52200, 363927, 0, 0, 0
52300, 383127, 0, 0, 0
52400, 373408, 0, 0, 0
52500, 353814, 0, 0, 0
52600, 338611, 0, 0, 0
52700, 391066, 0, 0, 0
52800, 410943, 0, 0, 0
52900, 368648, 0, 0, 0
53000, 378358, 0, 0, 0
53100, 355587, 0, 0, 0
53200, 353037, 0, 0, 0
53300, 346870, 0, 0, 0
53400, 375581, 0, 0, 0
53500, 364619, 0, 0, 0
53600, 348191, 0, 0, 0
53700, 348409, 0, 0, 0
53800, 301696, 0, 0, 0
53900, 338707, 0, 0, 0
54000, 349064, 0, 0, 0
54100, 315559, 0, 0, 0
54200, 366228, 0, 0, 0
54300, 366601, 0, 0, 0
54400, 333711, 0, 0, 0
54500, 381749, 0, 0, 0
54600, 323607, 0, 0, 0
54700, 355646, 0, 0, 0
54800, 364147, 0, 0, 0
54900, 310986, 0, 0, 0
55000, 342035, 0, 0, 0
55100, 277430, 0, 0, 0
55200, 385688, 0, 0, 0
55300, 389228, 0, 0, 0
55400, 310788, 0, 0, 0
55500, 385019, 0, 0, 0
55600, 382120, 0, 0, 0
55700, 389162, 0, 0, 0
55800, 320551, 0, 0, 0
55900, 350404, 0, 0, 0
56000, 408141, 0, 0, 0
56100, 364966, 0, 0, 0
56200, 340344, 0, 0, 0
56300, 340859, 0, 0, 0
56400, 361911, 0, 0, 0
56500, 368595, 0, 0, 0
56600, 407950, 0, 0, 0
56700, 368903, 0, 0, 0
56800, 386714, 0, 0, 0
56900, 371838, 0, 0, 0
57000, 375926, 0, 0, 0
57100, 399047, 0, 0, 0
57200, 354902, 0, 0, 0
57300, 355728, 0, 0, 0
57400, 345778, 0, 0, 0
57500, 363364, 0, 0, 0
57600, 404689, 0, 0, 0
57700, 367986, 0, 0, 0
57800, 373232, 0, 0, 0
57900, 367705, 0, 0, 0
58000, 352044, 0, 0, 0
58100, 361756, 0, 0, 0
58200, 363499, 0, 0, 0
58300, 326051, 0, 0, 0
58400, 351135, 0, 0, 0
58500, 361514, 0, 0, 0
58600, 389721, 0, 0, 0
58700, 369579, 0, 0, 0
58800, 359088, 0, 0, 0
58900, 363364, 0, 0, 0
59000, 375886, 0, 0, 0
59100, 363333, 0, 0, 0
59200, 375465, 0, 0, 0
59300, 351114, 0, 0, 0
59400, 355539, 0, 0, 0
59500, 383887, 0, 0, 0
59600, 379365, 0, 0, 0
59700, 379573, 0, 0, 0
59800, 358667, 0, 0, 0
59900, 382388, 0, 0, 0
60000, 343622, 0, 0, 0
60100, 368799, 0, 0, 0
60200, 354815, 0, 0, 0
60300, 378400, 0, 0, 0
60400, 366008, 0, 0, 0
60500, 321363, 0, 0, 0
60600, 369048, 0, 0, 0
60700, 392982, 0, 0, 0
60800, 370951, 0, 0, 0
60900, 376143, 0, 0, 0
61000, 361351, 0, 0, 0
61100, 360122, 0, 0, 0
61200, 336695, 0, 0, 0
61300, 389757, 0, 0, 0
61400, 364835, 0, 0, 0
61500, 381203, 0, 0, 0
61600, 345181, 0, 0, 0
61700, 369076, 0, 0, 0
61800, 384334, 0, 0, 0
61900, 367193, 0, 0, 0
62000, 337856, 0, 0, 0
62100, 360810, 0, 0, 0
62200, 340506, 0, 0, 0
62300, 359238, 0, 0, 0
62400, 379614, 0, 0, 0
62500, 378515, 0, 0, 0
62600, 362972, 0, 0, 0
62700, 340284, 0, 0, 0
62800, 365058, 0, 0, 0
62900, 319601, 0, 0, 0
63000, 387162, 0, 0, 0
63100, 387707, 0, 0, 0
63200, 382524, 0, 0, 0
63300, 319978, 0, 0, 0
63400, 346187, 0, 0, 0
63500, 327400, 0, 0, 0
63600, 318713, 0, 0, 0
63700, 358601, 0, 0, 0
63800, 354332, 0, 0, 0
63900, 359766, 0, 0, 0
64000, 367272, 0, 0, 0
64100, 347161, 0, 0, 0
64200, 356070, 0, 0, 0
64300, 350601, 0, 0, 0
64400, 335057, 0, 0, 0
64500, 332459, 0, 0, 0
64600, 346700, 0, 0, 0
64700, 297806, 0, 0, 0
64800, 410552, 0, 0, 0
64900, 350704, 0, 0, 0
65000, 296164, 0, 0, 0
65100, 359624, 0, 0, 0
65200, 349646, 0, 0, 0
65300, 367591, 0, 0, 0
65400, 369057, 0, 0, 0
65500, 350364, 0, 0, 0
65600, 361864, 0, 0, 0
65700, 348612, 0, 0, 0
65800, 313320, 0, 0, 0
65900, 433149, 0, 0, 0
66000, 364100, 0, 0, 0
66100, 388871, 0, 0, 0
66200, 395977, 0, 0, 0
66300, 327174, 0, 0, 0
66400, 380122, 0, 0, 0
66500, 394996, 0, 0, 0
66600, 381586, 0, 0, 0
66700, 361851, 0, 0, 0
66800, 360804, 0, 0, 0
66900, 333860, 0, 0, 0
67000, 331438, 0, 0, 0
67100, 346663, 0, 0, 0
67200, 363593, 0, 0, 0
67300, 366320, 0, 0, 0
67400, 376370, 0, 0, 0
67500, 318153, 0, 0, 0
67600, 367243, 0, 0, 0
67700, 361670, 0, 0, 0
67800, 345996, 0, 0, 0
67900, 359549, 0, 0, 0
68000, 342832, 0, 0, 0
68100, 378618, 0, 0, 0
68200, 362767, 0, 0, 0
68300, 360001, 0, 0, 0
68400, 389438, 0, 0, 0
68500, 358253, 0, 0, 0
68600, 343408, 0, 0, 0
68700, 365930, 0, 0, 0
68800, 369342, 0, 0, 0
68900, 365372, 0, 0, 0
69000, 372195, 0, 0, 0
69100, 400969, 0, 0, 0
69200, 393258, 0, 0, 0
69300, 332069, 0, 0, 0
69400, 346839, 0, 0, 0
69500, 349388, 0, 0, 0
69600, 359855, 0, 0, 0
69700, 334565, 0, 0, 0
69800, 348703, 0, 0, 0
69900, 346196, 0, 0, 0
70000, 348510, 0, 0, 0
70100, 355582, 0, 0, 0
70200, 351337, 0, 0, 0
70300, 353747, 0, 0, 0
70400, 266039, 0, 0, 0
70500, 337832, 0, 0, 0
70600, 331882, 0, 0, 0
70700, 349525, 0, 0, 0
70800, 302006, 0, 0, 0
70900, 384533, 0, 0, 0
71000, 379579, 0, 0, 0
71100, 349470, 0, 0, 0
71200, 370242, 0, 0, 0
71300, 349115, 0, 0, 0
71400, 343500, 0, 0, 0
71500, 361101, 0, 0, 0
71600, 325401, 0, 0, 0
71700, 354036, 0, 0, 0
71800, 357345, 0, 0, 0
71900, 360928, 0, 0, 0
72000, 361932, 0, 0, 0
72100, 351194, 0, 0, 0
72200, 355186, 0, 0, 0
72300, 360837, 0, 0, 0
72400, 349048, 0, 0, 0
72500, 382878, 0, 0, 0
72600, 381739, 0, 0, 0
72700, 381361, 0, 0, 0
72800, 380349, 0, 0, 0
72900, 374959, 0, 0, 0
73000, 346821, 0, 0, 0
73100, 340471, 0, 0, 0
73200, 373725, 0, 0, 0
73300, 389758, 0, 0, 0
73400, 385237, 0, 0, 0
73500, 376621, 0, 0, 0
73600, 369004, 0, 0, 0
73700, 377989, 0, 0, 0
73800, 368580, 0, 0, 0
73900, 367198, 0, 0, 0
74000, 361822, 0, 0, 0
74100, 401430, 0, 0, 0
74200, 350425, 0, 0, 0
74300, 334203, 0, 0, 0
74400, 368123, 0, 0, 0
74500, 386887, 0, 0, 0
74600, 384784, 0, 0, 0
74700, 343039, 0, 0, 0
74801, 339439, 0, 0, 0
74900, 340818, 0, 0, 0
75000, 375973, 0, 0, 0
75100, 346449, 0, 0, 0
75200, 315743, 0, 0, 0
75300, 355452, 0, 0, 0
75400, 402550, 0, 0, 0
75500, 361396, 0, 0, 0
75600, 339809, 0, 0, 0
75700, 364230, 0, 0, 0
75800, 375226, 0, 0, 0
75900, 319873, 0, 0, 0
76000, 328128, 0, 0, 0
76100, 368895, 0, 0, 0
76200, 340089, 0, 0, 0
76300, 377035, 0, 0, 0
76400, 344879, 0, 0, 0
76500, 349900, 0, 0, 0
76600, 373139, 0, 0, 0
76700, 382264, 0, 0, 0
76800, 379406, 0, 0, 0
76900, 372503, 0, 0, 0
77000, 388007, 0, 0, 0
77100, 377601, 0, 0, 0
77200, 365472, 0, 0, 0
77300, 363112, 0, 0, 0
77400, 348300, 0, 0, 0
77500, 361930, 0, 0, 0
77600, 344844, 0, 0, 0
77700, 333711, 0, 0, 0
77800, 334632, 0, 0, 0
77900, 321878, 0, 0, 0
78000, 355978, 0, 0, 0
78100, 349995, 0, 0, 0
78200, 328679, 0, 0, 0
78300, 350043, 0, 0, 0
78400, 356762, 0, 0, 0
78500, 375056, 0, 0, 0
78600, 351543, 0, 0, 0
78700, 374414, 0, 0, 0
78800, 385502, 0, 0, 0
78900, 361024, 0, 0, 0
79000, 352940, 0, 0, 0
79100, 347088, 0, 0, 0
79200, 352947, 0, 0, 0
79300, 343142, 0, 0, 0
79400, 353080, 0, 0, 0
79500, 358956, 0, 0, 0
79600, 369715, 0, 0, 0
79700, 375372, 0, 0, 0
79800, 355258, 0, 0, 0
79900, 364353, 0, 0, 0
80000, 356972, 0, 0, 0
80100, 356447, 0, 0, 0
80200, 336389, 0, 0, 0
80300, 367774, 0, 0, 0
80400, 367336, 0, 0, 0
80500, 365577, 0, 0, 0
80600, 357471, 0, 0, 0
80700, 366815, 0, 0, 0
80800, 372068, 0, 0, 0
80900, 361637, 0, 0, 0
81000, 345335, 0, 0, 0
81100, 331269, 0, 0, 0
81200, 357268, 0, 0, 0
81300, 316076, 0, 0, 0
81400, 374720, 0, 0, 0
81500, 356513, 0, 0, 0
81600, 376886, 0, 0, 0
81700, 365718, 0, 0, 0
81800, 366414, 0, 0, 0
81900, 394801, 0, 0, 0
82000, 395848, 0, 0, 0
82100, 375554, 0, 0, 0
82200, 353584, 0, 0, 0
82300, 375769, 0, 0, 0
82400, 372979, 0, 0, 0
82500, 362287, 0, 0, 0
82600, 361076, 0, 0, 0
82700, 348404, 0, 0, 0
82800, 332439, 0, 0, 0
82900, 369111, 0, 0, 0
83000, 363146, 0, 0, 0
83100, 353331, 0, 0, 0
83200, 366975, 0, 0, 0
83300, 354532, 0, 0, 0
83400, 360386, 0, 0, 0
83500, 360054, 0, 0, 0
83600, 365555, 0, 0, 0
83700, 379011, 0, 0, 0
83800, 339265, 0, 0, 0
83900, 378584, 0, 0, 0
84000, 319032, 0, 0, 0
84100, 382625, 0, 0, 0
84200, 353571, 0, 0, 0
84300, 352071, 0, 0, 0
84400, 362433, 0, 0, 0
84500, 385309, 0, 0, 0
84600, 353189, 0, 0, 0
84700, 363186, 0, 0, 0
84800, 363363, 0, 0, 0
84900, 360828, 0, 0, 0
85000, 337684, 0, 0, 0
85100, 347270, 0, 0, 0
85200, 309594, 0, 0, 0
85300, 367910, 0, 0, 0
85400, 357894, 0, 0, 0
85500, 357122, 0, 0, 0
85600, 352082, 0, 0, 0
85700, 376943, 0, 0, 0
85800, 343404, 0, 0, 0
85900, 346622, 0, 0, 0
86000, 378593, 0, 0, 0
86100, 353193, 0, 0, 0
86200, 357147, 0, 0, 0
86300, 340133, 0, 0, 0
86400, 328887, 0, 0, 0
86500, 353081, 0, 0, 0
86600, 351386, 0, 0, 0
86700, 342146, 0, 0, 0
86800, 341796, 0, 0, 0
86900, 353294, 0, 0, 0
87000, 338227, 0, 0, 0
87100, 355362, 0, 0, 0
87200, 353554, 0, 0, 0
87300, 340972, 0, 0, 0
87400, 378383, 0, 0, 0
87500, 377384, 0, 0, 0
87600, 376717, 0, 0, 0
87700, 380341, 0, 0, 0
87800, 345585, 0, 0, 0
87900, 377600, 0, 0, 0
88000, 320142, 0, 0, 0
88100, 362115, 0, 0, 0
88200, 368291, 0, 0, 0
88300, 340756, 0, 0, 0
88400, 347194, 0, 0, 0
88500, 360148, 0, 0, 0
88600, 352627, 0, 0, 0
88700, 374180, 0, 0, 0
88800, 313356, 0, 0, 0
88900, 364434, 0, 0, 0
89000, 343582, 0, 0, 0
89100, 357793, 0, 0, 0
89200, 368537, 0, 0, 0
89300, 338978, 0, 0, 0
89400, 369619, 0, 0, 0
89500, 359555, 0, 0, 0
89600, 272807, 0, 0, 0
89700, 365842, 0, 0, 0
89800, 333500, 0, 0, 0
89900, 328852, 0, 0, 0
90000, 324842, 0, 0, 0
