112, 5250, 1, 0, 0
212, 5880, 1, 0, 0
312, 5960, 1, 0, 0
412, 6160, 1, 0, 0
511, 6141, 1, 0, 0
611, 6120, 1, 0, 0
711, 5840, 1, 0, 0
811, 6080, 1, 0, 0
911, 6440, 1, 0, 0
1012, 6120, 1, 0, 0
1112, 5840, 1, 0, 0
1212, 6200, 1, 0, 0
1312, 6080, 1, 0, 0
1412, 6040, 1, 0, 0
1511, 5818, 1, 0, 0
1611, 4360, 1, 0, 0
1711, 6280, 1, 0, 0
1811, 5880, 1, 0, 0
1911, 6080, 1, 0, 0
2011, 6000, 1, 0, 0
2112, 5920, 1, 0, 0
2212, 5680, 1, 0, 0
2312, 6000, 1, 0, 0
2412, 6160, 1, 0, 0
2511, 6181, 1, 0, 0
2611, 6280, 1, 0, 0
2711, 6240, 1, 0, 0
2811, 6200, 1, 0, 0
2911, 6080, 1, 0, 0
3011, 6400, 1, 0, 0
3111, 5840, 1, 0, 0
3211, 6160, 1, 0, 0
3312, 5960, 1, 0, 0
3412, 5720, 1, 0, 0
3512, 6080, 1, 0, 0
3612, 6000, 1, 0, 0
3712, 5520, 1, 0, 0
3812, 6080, 1, 0, 0
3912, 5920, 1, 0, 0
4011, 5858, 1, 0, 0
4111, 5760, 1, 0, 0
4211, 4760, 1, 0, 0
4311, 5600, 1, 0, 0
4411, 5880, 1, 0, 0
4512, 5480, 1, 0, 0
4612, 5520, 1, 0, 0
4712, 5960, 1, 0, 0
4812, 5680, 1, 0, 0
4912, 6000, 1, 0, 0
5011, 5454, 1, 0, 0
5111, 5920, 1, 0, 0
5211, 5600, 1, 0, 0
5311, 5960, 1, 0, 0
5411, 6120, 1, 0, 0
5511, 6080, 1, 0, 0
5611, 5840, 1, 0, 0
5711, 5840, 1, 0, 0
5812, 5760, 1, 0, 0
5912, 5560, 1, 0, 0
6011, 5939, 1, 0, 0
6111, 5920, 1, 0, 0
6211, 6080, 1, 0, 0
6311, 6040, 1, 0, 0
6411, 5800, 1, 0, 0
6511, 6240, 1, 0, 0
6611, 5840, 1, 0, 0
6711, 5720, 1, 0, 0
6812, 5720, 1, 0, 0
6912, 5680, 1, 0, 0
7012, 5400, 1, 0, 0
7112, 5800, 1, 0, 0
7212, 5920, 1, 0, 0
7312, 5800, 1, 0, 0
7412, 5320, 1, 0, 0
7511, 6020, 1, 0, 0
7611, 5680, 1, 0, 0
7711, 6080, 1, 0, 0
7811, 5880, 1, 0, 0
7911, 6200, 1, 0, 0
8012, 5760, 1, 0, 0
8112, 6000, 1, 0, 0
8212, 5920, 1, 0, 0
8312, 5560, 1, 0, 0
8412, 5640, 1, 0, 0
8511, 5737, 1, 0, 0
8611, 5520, 1, 0, 0
8711, 5920, 1, 0, 0
8811, 5480, 1, 0, 0
8911, 5720, 1, 0, 0
9011, 5680, 1, 0, 0
9111, 6080, 1, 0, 0
9211, 5920, 1, 0, 0
9312, 5800, 1, 0, 0
9412, 5720, 1, 0, 0
9511, 5898, 1, 0, 0
9611, 5600, 1, 0, 0
9711, 5800, 1, 0, 0
9811, 5840, 1, 0, 0
9911, 5800, 1, 0, 0
10011, 5360, 1, 0, 0
10111, 5720, 1, 0, 0
10211, 5480, 1, 0, 0
10312, 5400, 1, 0, 0
10412, 5680, 1, 0, 0
10512, 6080, 1, 0, 0
10612, 5680, 1, 0, 0
10712, 5640, 1, 0, 0
10812, 5640, 1, 0, 0
10912, 5880, 1, 0, 0
11011, 5454, 1, 0, 0
11111, 5600, 1, 0, 0
11211, 5640, 1, 0, 0
11311, 5840, 1, 0, 0
11411, 5680, 1, 0, 0
11512, 5800, 1, 0, 0
11612, 5960, 1, 0, 0
11712, 5960, 1, 0, 0
11812, 5600, 1, 0, 0
11912, 5760, 1, 0, 0
12011, 5777, 1, 0, 0
12111, 5720, 1, 0, 0
12211, 5720, 1, 0, 0
12311, 5680, 1, 0, 0
12411, 5640, 1, 0, 0
12511, 6000, 1, 0, 0
12611, 6080, 1, 0, 0
12712, 5560, 1, 0, 0
12812, 5800, 1, 0, 0
12912, 5560, 1, 0, 0
13011, 6303, 1, 0, 0
13111, 5880, 1, 0, 0
13211, 5520, 1, 0, 0
13311, 5480, 1, 0, 0
13411, 6080, 1, 0, 0
13511, 5920, 1, 0, 0
13611, 6160, 1, 0, 0
13711, 6120, 1, 0, 0
13812, 5720, 1, 0, 0
13912, 6040, 1, 0, 0
14012, 5880, 1, 0, 0
14112, 6000, 1, 0, 0
14212, 5800, 1, 0, 0
14312, 5640, 1, 0, 0
14412, 6000, 1, 0, 0
14511, 6181, 1, 0, 0
14611, 5760, 1, 0, 0
14711, 5760, 1, 0, 0
14811, 5920, 1, 0, 0
14911, 5800, 1, 0, 0
15012, 5680, 1, 0, 0
15112, 5800, 1, 0, 0
15212, 5640, 1, 0, 0
15312, 5640, 1, 0, 0
15412, 5760, 1, 0, 0
15511, 5858, 1, 0, 0
15611, 5480, 1, 0, 0
15711, 5640, 1, 0, 0
15811, 5760, 1, 0, 0
15911, 5520, 1, 0, 0
16012, 6080, 1, 0, 0
16112, 5560, 1, 0, 0
16212, 5840, 1, 0, 0
16312, 6000, 1, 0, 0
16412, 5640, 1, 0, 0
16511, 5898, 1, 0, 0
16611, 5760, 1, 0, 0
16711, 5760, 1, 0, 0
16811, 5840, 1, 0, 0
16911, 5640, 1, 0, 0
17011, 5920, 1, 0, 0
17111, 6040, 1, 0, 0
17211, 5640, 1, 0, 0
17312, 5760, 1, 0, 0
17412, 5600, 1, 0, 0
17511, 5616, 1, 0, 0
17611, 5880, 1, 0, 0
17711, 5880, 1, 0, 0
17811, 5880, 1, 0, 0
17911, 5480, 1, 0, 0
18011, 6000, 1, 0, 0
18111, 5760, 1, 0, 0
18211, 6080, 1, 0, 0
18312, 5920, 1, 0, 0
18412, 6120, 1, 0, 0
18512, 5760, 1, 0, 0
18612, 5680, 1, 0, 0
18712, 5840, 1, 0, 0
18812, 5920, 1, 0, 0
18912, 5400, 1, 0, 0
19011, 6343, 1, 0, 0
19111, 5560, 1, 0, 0
19211, 5840, 1, 0, 0
19312, 5840, 1, 0, 0
19412, 5600, 1, 0, 0
19512, 5760, 1, 0, 0
19612, 5840, 1, 0, 0
19712, 5680, 1, 0, 0
19812, 5880, 1, 0, 0
19912, 5600, 1, 0, 0
20011, 6101, 1, 0, 0
20111, 5920, 1, 0, 0
20211, 6240, 1, 0, 0
20311, 5840, 1, 0, 0
20412, 6000, 1, 0, 0
20512, 5960, 1, 0, 0
20612, 5840, 1, 0, 0
20712, 6120, 1, 0, 0
20812, 5920, 1, 0, 0
20912, 5960, 1, 0, 0
21011, 5898, 1, 0, 0
21111, 6080, 1, 0, 0
21211, 5800, 1, 0, 0
21311, 6120, 1, 0, 0
21411, 3920, 1, 0, 0
21512, 5520, 1, 0, 0
21612, 6040, 1, 0, 0
21712, 6120, 1, 0, 0
21812, 6000, 1, 0, 0
21912, 6000, 1, 0, 0
22011, 6020, 1, 0, 0
22111, 5760, 1, 0, 0
22211, 5800, 1, 0, 0
22311, 5840, 1, 0, 0
22411, 5880, 1, 0, 0
22511, 5640, 1, 0, 0
22611, 5800, 1, 0, 0
22712, 5920, 1, 0, 0
22812, 5800, 1, 0, 0
22912, 6080, 1, 0, 0
23011, 5737, 1, 0, 0
23111, 5840, 1, 0, 0
23211, 5720, 1, 0, 0
23311, 5720, 1, 0, 0
23411, 5800, 1, 0, 0
23511, 5600, 1, 0, 0
23611, 5920, 1, 0, 0
23711, 6080, 1, 0, 0
23812, 5680, 1, 0, 0
23912, 6240, 1, 0, 0
24012, 6160, 1, 0, 0
24112, 5600, 1, 0, 0
24212, 4800, 1, 0, 0
24312, 5840, 1, 0, 0
24412, 6000, 1, 0, 0
24511, 5696, 1, 0, 0
24611, 5400, 1, 0, 0
24711, 6080, 1, 0, 0
24811, 6000, 1, 0, 0
24911, 5840, 1, 0, 0
25012, 6160, 1, 0, 0
25112, 5560, 1, 0, 0
25212, 5840, 1, 0, 0
25312, 5760, 1, 0, 0
25412, 5880, 1, 0, 0
25511, 6020, 1, 0, 0
25611, 5880, 1, 0, 0
25711, 5760, 1, 0, 0
25811, 5720, 1, 0, 0
25911, 5360, 1, 0, 0
26011, 5880, 1, 0, 0
26111, 6000, 1, 0, 0
26211, 5640, 1, 0, 0
26312, 5760, 1, 0, 0
26412, 5920, 1, 0, 0
26512, 5680, 1, 0, 0
26612, 5960, 1, 0, 0
26712, 5760, 1, 0, 0
26812, 5280, 1, 0, 0
26912, 5960, 1, 0, 0
27011, 5777, 1, 0, 0
27111, 5800, 1, 0, 0
27211, 5680, 1, 0, 0
27311, 5480, 1, 0, 0
27411, 5400, 1, 0, 0
27512, 5600, 1, 0, 0
27612, 5360, 1, 0, 0
27712, 5640, 1, 0, 0
27812, 5400, 1, 0, 0
27912, 5800, 1, 0, 0
28011, 4323, 1, 0, 0
28111, 6000, 1, 0, 0
28211, 5800, 1, 0, 0
28311, 5600, 1, 0, 0
28411, 5760, 1, 0, 0
28511, 5680, 1, 0, 0
28612, 6120, 1, 0, 0
28712, 5560, 1, 0, 0
28812, 5480, 1, 0, 0
28912, 5320, 1, 0, 0
29011, 5494, 1, 0, 0
29111, 5880, 1, 0, 0
29211, 5960, 1, 0, 0
29311, 5800, 1, 0, 0
29411, 5920, 1, 0, 0
29511, 5960, 1, 0, 0
29611, 5200, 1, 0, 0
29711, 5520, 1, 0, 0
29812, 5440, 1, 0, 0
29912, 5640, 1, 0, 0
30012, 5680, 1, 0, 0
30112, 5680, 1, 0, 0
30212, 5680, 1, 0, 0
30312, 5800, 1, 0, 0
30412, 5440, 1, 0, 0
30511, 5656, 1, 0, 0
30611, 5640, 1, 0, 0
30711, 5680, 1, 0, 0
30811, 5840, 1, 0, 0
30911, 5680, 1, 0, 0
31012, 5640, 1, 0, 0
31112, 5880, 1, 0, 0
31212, 5400, 1, 0, 0
31312, 5440, 1, 0, 0
31412, 5760, 1, 0, 0
31511, 5737, 1, 0, 0
31611, 5280, 1, 0, 0
31711, 5720, 1, 0, 0
31811, 6120, 1, 0, 0
31911, 5560, 1, 0, 0
32011, 5640, 1, 0, 0
32112, 5560, 1, 0, 0
32212, 5720, 1, 0, 0
32312, 5800, 1, 0, 0
32412, 5880, 1, 0, 0
32511, 5818, 1, 0, 0
32611, 5400, 1, 0, 0
32711, 5840, 1, 0, 0
32811, 5760, 1, 0, 0
32911, 5760, 1, 0, 0
33011, 5880, 1, 0, 0
33111, 5680, 1, 0, 0
33211, 5440, 1, 0, 0
33312, 5600, 1, 0, 0
33412, 5520, 1, 0, 0
33512, 5600, 1, 0, 0
33612, 5840, 1, 0, 0
33712, 5520, 1, 0, 0
33812, 5640, 1, 0, 0
33912, 5480, 1, 0, 0
34011, 5575, 1, 0, 0
34111, 5880, 1, 0, 0
34211, 6000, 1, 0, 0
34311, 4680, 1, 0, 0
34411, 5640, 1, 0, 0
34512, 5640, 1, 0, 0
34612, 6080, 1, 0, 0
34712, 5400, 1, 0, 0
34812, 5520, 1, 0, 0
34912, 5640, 1, 0, 0
35011, 5414, 1, 0, 0
35111, 5360, 1, 0, 0
35211, 5320, 1, 0, 0
35311, 5280, 1, 0, 0
35411, 5680, 1, 0, 0
35511, 5040, 1, 0, 0
35611, 5600, 1, 0, 0
35712, 5760, 1, 0, 0
35812, 5560, 1, 0, 0
35912, 5480, 1, 0, 0
36011, 5575, 1, 0, 0
36111, 4640, 1, 0, 0
36211, 5040, 1, 0, 0
36311, 5760, 1, 0, 0
36411, 5600, 1, 0, 0
36511, 5640, 1, 0, 0
36611, 5520, 1, 0, 0
36711, 5880, 1, 0, 0
36812, 5600, 1, 0, 0
36912, 5720, 1, 0, 0
37011, 5333, 1, 0, 0
37111, 5720, 1, 0, 0
37211, 5600, 1, 0, 0
37311, 5640, 1, 0, 0
37411, 5240, 1, 0, 0
37511, 5680, 1, 0, 0
37611, 5680, 1, 0, 0
37711, 5240, 1, 0, 0
37812, 5400, 1, 0, 0
37912, 5160, 1, 0, 0
38012, 5440, 1, 0, 0
38112, 5520, 1, 0, 0
38212, 5280, 1, 0, 0
38312, 5240, 1, 0, 0
38412, 3720, 1, 0, 0
38511, 5696, 1, 0, 0
38611, 6040, 1, 0, 0
38711, 5600, 1, 0, 0
38811, 5840, 1, 0, 0
38911, 5560, 1, 0, 0
39012, 5240, 1, 0, 0
39112, 6000, 1, 0, 0
39212, 6000, 1, 0, 0
39312, 5200, 1, 0, 0
39412, 5520, 1, 0, 0
39511, 5171, 1, 0, 0
39611, 5240, 1, 0, 0
39711, 5720, 1, 0, 0
39811, 5840, 1, 0, 0
39911, 5280, 1, 0, 0
40012, 5560, 1, 0, 0
40112, 5680, 1, 0, 0
40212, 5440, 1, 0, 0
40312, 5760, 1, 0, 0
40412, 5760, 1, 0, 0
40511, 5050, 1, 0, 0
40611, 5480, 1, 0, 0
40711, 5520, 1, 0, 0
40811, 5680, 1, 0, 0
40911, 5520, 1, 0, 0
41011, 5640, 1, 0, 0
41111, 5600, 1, 0, 0
41211, 4240, 1, 0, 0
41312, 5680, 1, 0, 0
41412, 4960, 1, 0, 0
41511, 5777, 1, 0, 0
41611, 5760, 1, 0, 0
41711, 5560, 1, 0, 0
41811, 5960, 1, 0, 0
41911, 5600, 1, 0, 0
42011, 5920, 1, 0, 0
42111, 5720, 1, 0, 0
42211, 5800, 1, 0, 0
42312, 5680, 1, 0, 0
42412, 5920, 1, 0, 0
42512, 5880, 1, 0, 0
42612, 5960, 1, 0, 0
42712, 5680, 1, 0, 0
42812, 6120, 1, 0, 0
42912, 5880, 1, 0, 0
43011, 5777, 1, 0, 0
43111, 5800, 1, 0, 0
43211, 5640, 1, 0, 0
43312, 5560, 1, 0, 0
43412, 5480, 1, 0, 0
43512, 5680, 1, 0, 0
43612, 5760, 1, 0, 0
43712, 5880, 1, 0, 0
43812, 5440, 1, 0, 0
43912, 5560, 1, 0, 0
44011, 5979, 1, 0, 0
44111, 5800, 1, 0, 0
44211, 5320, 1, 0, 0
44311, 6040, 1, 0, 0
44411, 5720, 1, 0, 0
44512, 5560, 1, 0, 0
44612, 5760, 1, 0, 0
44712, 5760, 1, 0, 0
44812, 1720, 1, 0, 0
44912, 3840, 1, 0, 0
45011, 5939, 1, 0, 0
45111, 5680, 1, 0, 0
45211, 6000, 1, 0, 0
45311, 5920, 1, 0, 0
45412, 6000, 1, 0, 0
45512, 5640, 1, 0, 0
45612, 5320, 1, 0, 0
45712, 5840, 1, 0, 0
45812, 5680, 1, 0, 0
45912, 5480, 1, 0, 0
46011, 5696, 1, 0, 0
46111, 5800, 1, 0, 0
46211, 5760, 1, 0, 0
46311, 6080, 1, 0, 0
46411, 5800, 1, 0, 0
46512, 5280, 1, 0, 0
46612, 5800, 1, 0, 0
46712, 5800, 1, 0, 0
46812, 6040, 1, 0, 0
46912, 5840, 1, 0, 0
47011, 5979, 1, 0, 0
47111, 5720, 1, 0, 0
47211, 5560, 1, 0, 0
47311, 5280, 1, 0, 0
47411, 5840, 1, 0, 0
47511, 6120, 1, 0, 0
47611, 5600, 1, 0, 0
47711, 5960, 1, 0, 0
47812, 5960, 1, 0, 0
47912, 6040, 1, 0, 0
48012, 5440, 1, 0, 0
48112, 6120, 1, 0, 0
48212, 5000, 1, 0, 0
48312, 5480, 1, 0, 0
48412, 5920, 1, 0, 0
48511, 5777, 1, 0, 0
48611, 6000, 1, 0, 0
48711, 6000, 1, 0, 0
48811, 5880, 1, 0, 0
48912, 5920, 1, 0, 0
49012, 5800, 1, 0, 0
49112, 5520, 1, 0, 0
49212, 6040, 1, 0, 0
49312, 5920, 1, 0, 0
49412, 5880, 1, 0, 0
49511, 5292, 1, 0, 0
49611, 5920, 1, 0, 0
49711, 6000, 1, 0, 0
49811, 5600, 1, 0, 0
49911, 6000, 1, 0, 0
50011, 5960, 1, 0, 0
50112, 5800, 1, 0, 0
50212, 6080, 1, 0, 0
50312, 6000, 1, 0, 0
50412, 4040, 1, 0, 0
50511, 5656, 1, 0, 0
50611, 5960, 1, 0, 0
50711, 5800, 1, 0, 0
50811, 5800, 1, 0, 0
50911, 6160, 1, 0, 0
51011, 6000, 1, 0, 0
51111, 4520, 1, 0, 0
51211, 5760, 1, 0, 0
51312, 6080, 1, 0, 0
51412, 5800, 1, 0, 0
51512, 5680, 1, 0, 0
51612, 6200, 1, 0, 0
51712, 6000, 1, 0, 0
51812, 5840, 1, 0, 0
51912, 5840, 1, 0, 0
52011, 6222, 1, 0, 0
52111, 5920, 1, 0, 0
52211, 6040, 1, 0, 0
52311, 5720, 1, 0, 0
52411, 6160, 1, 0, 0
52512, 5720, 1, 0, 0
52612, 6280, 1, 0, 0
52712, 5960, 1, 0, 0
52812, 5720, 1, 0, 0
52912, 5920, 1, 0, 0
53011, 5494, 1, 0, 0
53111, 5680, 1, 0, 0
53211, 5680, 1, 0, 0
53311, 5840, 1, 0, 0
53411, 5840, 1, 0, 0
53512, 5080, 1, 0, 0
53612, 5800, 1, 0, 0
53712, 6000, 1, 0, 0
53812, 5480, 1, 0, 0
53912, 6040, 1, 0, 0
54011, 5494, 1, 0, 0
54111, 5560, 1, 0, 0
54211, 5920, 1, 0, 0
54311, 5720, 1, 0, 0
54411, 5200, 1, 0, 0
54511, 5320, 1, 0, 0
54611, 5560, 1, 0, 0
54711, 5840, 1, 0, 0
54812, 5640, 1, 0, 0
54912, 6240, 1, 0, 0
55012, 5920, 1, 0, 0
55112, 5280, 1, 0, 0
55212, 5920, 1, 0, 0
55312, 5960, 1, 0, 0
55412, 5960, 1, 0, 0
55511, 6141, 1, 0, 0
55611, 5840, 1, 0, 0
55711, 5960, 1, 0, 0
55811, 5800, 1, 0, 0
55911, 5800, 1, 0, 0
56012, 6200, 1, 0, 0
56112, 5960, 1, 0, 0
56212, 5840, 1, 0, 0
56312, 5720, 1, 0, 0
56412, 6080, 1, 0, 0
56511, 5858, 1, 0, 0
56611, 5920, 1, 0, 0
56711, 6160, 1, 0, 0
56811, 6080, 1, 0, 0
56911, 6080, 1, 0, 0
57011, 6120, 1, 0, 0
57111, 6160, 1, 0, 0
57211, 5680, 1, 0, 0
57312, 6000, 1, 0, 0
57412, 5600, 1, 0, 0
57511, 5535, 1, 0, 0
57611, 5680, 1, 0, 0
57711, 5800, 1, 0, 0
57811, 5560, 1, 0, 0
57911, 5840, 1, 0, 0
58011, 5680, 1, 0, 0
58111, 5320, 1, 0, 0
58211, 5960, 1, 0, 0
58312, 5600, 1, 0, 0
58412, 5800, 1, 0, 0
58512, 5720, 1, 0, 0
58612, 6160, 1, 0, 0
58712, 6080, 1, 0, 0
58812, 5800, 1, 0, 0
58912, 6160, 1, 0, 0
59011, 5777, 1, 0, 0
59111, 5800, 1, 0, 0
59211, 5880, 1, 0, 0
59311, 5720, 1, 0, 0
59411, 6080, 1, 0, 0
59512, 6160, 1, 0, 0
59612, 6040, 1, 0, 0
59712, 5920, 1, 0, 0
59812, 5880, 1, 0, 0
59912, 6080, 1, 0, 0
60011, 5979, 1, 0, 0
60111, 5800, 1, 0, 0
60211, 5920, 1, 0, 0
60311, 5800, 1, 0, 0
60411, 5960, 1, 0, 0
60511, 5800, 1, 0, 0
60611, 5640, 1, 0, 0
60711, 6120, 1, 0, 0
60812, 5960, 1, 0, 0
60912, 5800, 1, 0, 0
61011, 5818, 1, 0, 0
61111, 5760, 1, 0, 0
61211, 5480, 1, 0, 0
61311, 5960, 1, 0, 0
61411, 5880, 1, 0, 0
61511, 5960, 1, 0, 0
61611, 6120, 1, 0, 0
61711, 6280, 1, 0, 0
61811, 5960, 1, 0, 0
61912, 6040, 1, 0, 0
62012, 5640, 1, 0, 0
62112, 6040, 1, 0, 0
62212, 5920, 1, 0, 0
62312, 5880, 1, 0, 0
62412, 6200, 1, 0, 0
62511, 6020, 1, 0, 0
62611, 6000, 1, 0, 0
62711, 5840, 1, 0, 0
62811, 5640, 1, 0, 0
62911, 5640, 1, 0, 0
63012, 5480, 1, 0, 0
63112, 5600, 1, 0, 0
63212, 6240, 1, 0, 0
63312, 5360, 1, 0, 0
63412, 5880, 1, 0, 0
63511, 5939, 1, 0, 0
63611, 6000, 1, 0, 0
63711, 6120, 1, 0, 0
63811, 6000, 1, 0, 0
63911, 5920, 1, 0, 0
64011, 5920, 1, 0, 0
64111, 5960, 1, 0, 0
64211, 5520, 1, 0, 0
64312, 5640, 1, 0, 0
64412, 5880, 1, 0, 0
64511, 5616, 1, 0, 0
64611, 5960, 1, 0, 0
64711, 6000, 1, 0, 0
64811, 6080, 1, 0, 0
64911, 6040, 1, 0, 0
65011, 5720, 1, 0, 0
65111, 6000, 1, 0, 0
65211, 5760, 1, 0, 0
65312, 5320, 1, 0, 0
65412, 5920, 1, 0, 0
65512, 5680, 1, 0, 0
65612, 5720, 1, 0, 0
65712, 5920, 1, 0, 0
65812, 6040, 1, 0, 0
65912, 5760, 1, 0, 0
66011, 6262, 1, 0, 0
66111, 6160, 1, 0, 0
66211, 6120, 1, 0, 0
66311, 5640, 1, 0, 0
66411, 5800, 1, 0, 0
66512, 5760, 1, 0, 0
66612, 5800, 1, 0, 0
66712, 5640, 1, 0, 0
66812, 5680, 1, 0, 0
66912, 5240, 1, 0, 0
67011, 5777, 1, 0, 0
67111, 5920, 1, 0, 0
67211, 6040, 1, 0, 0
67311, 5920, 1, 0, 0
67411, 5560, 1, 0, 0
67511, 5880, 1, 0, 0
67611, 5280, 1, 0, 0
67711, 5800, 1, 0, 0
67812, 5520, 1, 0, 0
67912, 5360, 1, 0, 0
68012, 5800, 1, 0, 0
68112, 6040, 1, 0, 0
68212, 5880, 1, 0, 0
68312, 6360, 1, 0, 0
68412, 6040, 1, 0, 0
68511, 5575, 1, 0, 0
68611, 5880, 1, 0, 0
68711, 5880, 1, 0, 0
68811, 5840, 1, 0, 0
68912, 6040, 1, 0, 0
69012, 6280, 1, 0, 0
69112, 5760, 1, 0, 0
69212, 5600, 1, 0, 0
69312, 6080, 1, 0, 0
69412, 5840, 1, 0, 0
69511, 5898, 1, 0, 0
69611, 5920, 1, 0, 0
69711, 6000, 1, 0, 0
69811, 5840, 1, 0, 0
69911, 5800, 1, 0, 0
70012, 5920, 1, 0, 0
70112, 5520, 1, 0, 0
70212, 6000, 1, 0, 0
70312, 6040, 1, 0, 0
70412, 6080, 1, 0, 0
70511, 5696, 1, 0, 0
70611, 5960, 1, 0, 0
70711, 5560, 1, 0, 0
70811, 6160, 1, 0, 0
70911, 5840, 1, 0, 0
71011, 6120, 1, 0, 0
71111, 5720, 1, 0, 0
71211, 5520, 1, 0, 0
71312, 5680, 1, 0, 0
71412, 5680, 1, 0, 0
71512, 5760, 1, 0, 0
71612, 5840, 1, 0, 0
71712, 5800, 1, 0, 0
71812, 5880, 1, 0, 0
71912, 5960, 1, 0, 0
72011, 5858, 1, 0, 0
72111, 5680, 1, 0, 0
72211, 5520, 1, 0, 0
72312, 5760, 1, 0, 0
72412, 5760, 1, 0, 0
72512, 5480, 1, 0, 0
72612, 5960, 1, 0, 0
72712, 6080, 1, 0, 0
72812, 5840, 1, 0, 0
72912, 5880, 1, 0, 0
73011, 5898, 1, 0, 0
73111, 6040, 1, 0, 0
73211, 5680, 1, 0, 0
73311, 5840, 1, 0, 0
73411, 6080, 1, 0, 0
73512, 5480, 1, 0, 0
73612, 5760, 1, 0, 0
73712, 5920, 1, 0, 0
73812, 5840, 1, 0, 0
73912, 5680, 1, 0, 0
74011, 6060, 1, 0, 0
74111, 6080, 1, 0, 0
74211, 5680, 1, 0, 0
74311, 5840, 1, 0, 0
74411, 5640, 1, 0, 0
74511, 5480, 1, 0, 0
74611, 5240, 1, 0, 0
74711, 5800, 1, 0, 0
74812, 5840, 1, 0, 0
74912, 5880, 1, 0, 0
75011, 6060, 1, 0, 0
75111, 5760, 1, 0, 0
75211, 5960, 1, 0, 0
75311, 5080, 1, 0, 0
75411, 5880, 1, 0, 0
75511, 5720, 1, 0, 0
75611, 5800, 1, 0, 0
75711, 5520, 1, 0, 0
75812, 5760, 1, 0, 0
75912, 5800, 1, 0, 0
76012, 5920, 1, 0, 0
76112, 5160, 1, 0, 0
76212, 5840, 1, 0, 0
76312, 5640, 1, 0, 0
76412, 5280, 1, 0, 0
76511, 5535, 1, 0, 0
76611, 5480, 1, 0, 0
76711, 5680, 1, 0, 0
76812, 5480, 1, 0, 0
76912, 5760, 1, 0, 0
77012, 5640, 1, 0, 0
77112, 5560, 1, 0, 0
77212, 5520, 1, 0, 0
77312, 5600, 1, 0, 0
77412, 5880, 1, 0, 0
77511, 5777, 1, 0, 0
77611, 5840, 1, 0, 0
77711, 5800, 1, 0, 0
77811, 5560, 1, 0, 0
77911, 5800, 1, 0, 0
78012, 5920, 1, 0, 0
78112, 5800, 1, 0, 0
78212, 5360, 1, 0, 0
78312, 5840, 1, 0, 0
78412, 5800, 1, 0, 0
78511, 5454, 1, 0, 0
78611, 5760, 1, 0, 0
78711, 5800, 1, 0, 0
78811, 5640, 1, 0, 0
78911, 5480, 1, 0, 0
79011, 5920, 1, 0, 0
79112, 5920, 1, 0, 0
79212, 5840, 1, 0, 0
79312, 5640, 1, 0, 0
79412, 5720, 1, 0, 0
79511, 5818, 1, 0, 0
79611, 5680, 1, 0, 0
79711, 5680, 1, 0, 0
79811, 5760, 1, 0, 0
79911, 5520, 1, 0, 0
80011, 5640, 1, 0, 0
80111, 5920, 1, 0, 0
80211, 5600, 1, 0, 0
80312, 5920, 1, 0, 0
80412, 5840, 1, 0, 0
80512, 5600, 1, 0, 0
80612, 5640, 1, 0, 0
80712, 5240, 1, 0, 0
80812, 5760, 1, 0, 0
80912, 5680, 1, 0, 0
81011, 5656, 1, 0, 0
81111, 5640, 1, 0, 0
81211, 5440, 1, 0, 0
81311, 5560, 1, 0, 0
81411, 5800, 1, 0, 0
81512, 5600, 1, 0, 0
81612, 5640, 1, 0, 0
81712, 5520, 1, 0, 0
81812, 5880, 1, 0, 0
81912, 6040, 1, 0, 0
82011, 5737, 1, 0, 0
82111, 5560, 1, 0, 0
82211, 5800, 1, 0, 0
82311, 5360, 1, 0, 0
82411, 5840, 1, 0, 0
82511, 6040, 1, 0, 0
82611, 5680, 1, 0, 0
82712, 5200, 1, 0, 0
82812, 5320, 1, 0, 0
82912, 5760, 1, 0, 0
83011, 5818, 1, 0, 0
83111, 5680, 1, 0, 0
83211, 5480, 1, 0, 0
83311, 5760, 1, 0, 0
83411, 5520, 1, 0, 0
83511, 5400, 1, 0, 0
83611, 5720, 1, 0, 0
83711, 5880, 1, 0, 0
83812, 5560, 1, 0, 0
83912, 5600, 1, 0, 0
84012, 5240, 1, 0, 0
84112, 5400, 1, 0, 0
84212, 5600, 1, 0, 0
84312, 5800, 1, 0, 0
84412, 5320, 1, 0, 0
84511, 5575, 1, 0, 0
84611, 5480, 1, 0, 0
84711, 5120, 1, 0, 0
84811, 5480, 1, 0, 0
84911, 5680, 1, 0, 0
85012, 5880, 1, 0, 0
85112, 5520, 1, 0, 0
85212, 5760, 1, 0, 0
85312, 6200, 1, 0, 0
85412, 5480, 1, 0, 0
85511, 6020, 1, 0, 0
85611, 5800, 1, 0, 0
85711, 5400, 1, 0, 0
85811, 5440, 1, 0, 0
85911, 5680, 1, 0, 0
86011, 5760, 1, 0, 0
86111, 5760, 1, 0, 0
86212, 6080, 1, 0, 0
86312, 5960, 1, 0, 0
86412, 5640, 1, 0, 0
86511, 5979, 1, 0, 0
86611, 6120, 1, 0, 0
86711, 6160, 1, 0, 0
86811, 5880, 1, 0, 0
86911, 5560, 1, 0, 0
87011, 5680, 1, 0, 0
87111, 5800, 1, 0, 0
87211, 5920, 1, 0, 0
87312, 5720, 1, 0, 0
87412, 5800, 1, 0, 0
87512, 5680, 1, 0, 0
87612, 5800, 1, 0, 0
87712, 5760, 1, 0, 0
87812, 6080, 1, 0, 0
87912, 5960, 1, 0, 0
88011, 5696, 1, 0, 0
88111, 6000, 1, 0, 0
88211, 5600, 1, 0, 0
88311, 6000, 1, 0, 0
88411, 5760, 1, 0, 0
88512, 5880, 1, 0, 0
88612, 5760, 1, 0, 0
88712, 5560, 1, 0, 0
88812, 5920, 1, 0, 0
88912, 5560, 1, 0, 0
89011, 5696, 1, 0, 0
89111, 5720, 1, 0, 0
89211, 5840, 1, 0, 0
89311, 5200, 1, 0, 0
89411, 5000, 1, 0, 0
89511, 5960, 1, 0, 0
89612, 5840, 1, 0, 0
89712, 6160, 1, 0, 0
89812, 5760, 1, 0, 0
89912, 5360, 1, 0, 0
90011, 5050, 1, 0, 0
