106, 38764, 1, 0, 0
202, 43658, 1, 0, 0
302, 37539, 1, 0, 0
411, 46646, 1, 0, 0
508, 61253, 1, 0, 0
604, 56112, 1, 0, 0
700, 94605, 1, 0, 0
801, 94680, 1, 0, 0
927, 55812, 1, 0, 0
1000, 83484, 1, 0, 0
1121, 64131, 1, 0, 0
1238, 76982, 1, 0, 0
1314, 38379, 1, 0, 0
1400, 83687, 1, 0, 0
1502, 68674, 1, 0, 0
1613, 104586, 1, 0, 0
1743, 63082, 1, 0, 0
1802, 68049, 1, 0, 0
1913, 80110, 1, 0, 0
2003, 78252, 1, 0, 0
2100, 70287, 1, 0, 0
2206, 59105, 1, 0, 0
2329, 64765, 1, 0, 0
2400, 87088, 1, 0, 0
2502, 56182, 1, 0, 0
2600, 73112, 1, 0, 0
2703, 60925, 1, 0, 0
2804, 75452, 1, 0, 0
2910, 86832, 1, 0, 0
3002, 78179, 1, 0, 0
3104, 66490, 1, 0, 0
3208, 55417, 1, 0, 0
3302, 65512, 1, 0, 0
3411, 54441, 1, 0, 0
3507, 74651, 1, 0, 0
3618, 78553, 1, 0, 0
3709, 90276, 1, 0, 0
3800, 83590, 1, 0, 0
3915, 79591, 1, 0, 0
4003, 76029, 1, 0, 0
4117, 73699, 1, 0, 0
4201, 72285, 1, 0, 0
4315, 60800, 1, 0, 0
4414, 63385, 1, 0, 0
4514, 64262, 1, 0, 0
4600, 59162, 1, 0, 0
4720, 69011, 1, 0, 0
4807, 77852, 1, 0, 0
4921, 80625, 1, 0, 0
5016, 104588, 1, 0, 0
5111, 72183, 1, 0, 0
5202, 65808, 1, 0, 0
5305, 50583, 1, 0, 0
5402, 72751, 1, 0, 0
5504, 60759, 1, 0, 0
5608, 64430, 1, 0, 0
5713, 89414, 1, 0, 0
5807, 90548, 1, 0, 0
5917, 61883, 1, 0, 0
6000, 74246, 1, 0, 0
6102, 71378, 1, 0, 0
6205, 67242, 1, 0, 0
6303, 63176, 1, 0, 0
6416, 72857, 1, 0, 0
6508, 79175, 1, 0, 0
6600, 74590, 1, 0, 0
6704, 59628, 1, 0, 0
6812, 57995, 1, 0, 0
6900, 82636, 1, 0, 0
7004, 52576, 1, 0, 0
7103, 66382, 1, 0, 0
7200, 62897, 1, 0, 0
7304, 63912, 1, 0, 0
7406, 100826, 1, 0, 0
7506, 66442, 1, 0, 0
7606, 80547, 1, 0, 0
7700, 63569, 1, 0, 0
7800, 90631, 1, 0, 0
7905, 85910, 1, 0, 0
8004, 88684, 1, 0, 0
8104, 69548, 1, 0, 0
8200, 68794, 1, 0, 0
8313, 74860, 1, 0, 0
8421, 87587, 1, 0, 0
8501, 75062, 1, 0, 0
8600, 64156, 1, 0, 0
8700, 58354, 1, 0, 0
8801, 62990, 1, 0, 0
8901, 80258, 1, 0, 0
9001, 65415, 1, 0, 0
9125, 52225, 1, 0, 0
9222, 87095, 1, 0, 0
9300, 54846, 1, 0, 0
9411, 67691, 1, 0, 0
9521, 70547, 1, 0, 0
9603, 75150, 1, 0, 0
9713, 76035, 1, 0, 0
9800, 92051, 1, 0, 0
9902, 61206, 1, 0, 0
10043, 69328, 1, 0, 0
10110, 72711, 1, 0, 0
10202, 61966, 1, 0, 0
10301, 60922, 1, 0, 0
10412, 61124, 1, 0, 0
10512, 58144, 1, 0, 0
10603, 77363, 1, 0, 0
10705, 75738, 1, 0, 0
10800, 98763, 1, 0, 0
10902, 60452, 1, 0, 0
11027, 55042, 1, 0, 0
11100, 68179, 1, 0, 0
11206, 65321, 1, 0, 0
11319, 56269, 1, 0, 0
11442, 90347, 1, 0, 0
11502, 112773, 1, 0, 0
11641, 69091, 1, 0, 0
11703, 86733, 1, 0, 0
11820, 68199, 1, 0, 0
11926, 59291, 1, 0, 0
12024, 82286, 1, 0, 0
12126, 65319, 1, 0, 0
12219, 46135, 1, 0, 0
12315, 74728, 1, 0, 0
12400, 59622, 1, 0, 0
12500, 111021, 1, 0, 0
12604, 72683, 1, 0, 0
12701, 76287, 1, 0, 0
12827, 75638, 1, 0, 0
12918, 115091, 1, 0, 0
13003, 53153, 1, 0, 0
13116, 66046, 1, 0, 0
13202, 51985, 1, 0, 0
13306, 62897, 1, 0, 0
13401, 68669, 1, 0, 0
13500, 65406, 1, 0, 0
13612, 76507, 1, 0, 0
13703, 57640, 1, 0, 0
13803, 76231, 1, 0, 0
13902, 90621, 1, 0, 0
14026, 69343, 1, 0, 0
14115, 100076, 1, 0, 0
14220, 65910, 1, 0, 0
14302, 75225, 1, 0, 0
14401, 82129, 1, 0, 0
14502, 65498, 1, 0, 0
14600, 59622, 1, 0, 0
14700, 71438, 1, 0, 0
14800, 86820, 1, 0, 0
14900, 55842, 1, 0, 0
15013, 83285, 1, 0, 0
15109, 104320, 1, 0, 0
15223, 65024, 1, 0, 0
15318, 95301, 1, 0, 0
15401, 71063, 1, 0, 0
15527, 54922, 1, 0, 0
15609, 109953, 1, 0, 0
15717, 74264, 1, 0, 0
15816, 62927, 1, 0, 0
15910, 92768, 1, 0, 0
16004, 56147, 1, 0, 0
16150, 66946, 1, 0, 0
16202, 91417, 1, 0, 0
16300, 81592, 1, 0, 0
16400, 99253, 1, 0, 0
16508, 56614, 1, 0, 0
16600, 72559, 1, 0, 0
16721, 65642, 1, 0, 0
16804, 74809, 1, 0, 0
16920, 74955, 1, 0, 0
17001, 91819, 1, 0, 0
17101, 79048, 1, 0, 0
17228, 64002, 1, 0, 0
17301, 74229, 1, 0, 0
17400, 86332, 1, 0, 0
17500, 65313, 1, 0, 0
17621, 54134, 1, 0, 0
17734, 87944, 1, 0, 0
17800, 104205, 1, 0, 0
17913, 90599, 1, 0, 0
18021, 86394, 1, 0, 0
18100, 72827, 1, 0, 0
18201, 64166, 1, 0, 0
18315, 73849, 1, 0, 0
18400, 95195, 1, 0, 0
18504, 94893, 1, 0, 0
18600, 97285, 1, 0, 0
18700, 76229, 1, 0, 0
18812, 78571, 1, 0, 0
18900, 78200, 1, 0, 0
19000, 71072, 1, 0, 0
19101, 62482, 1, 0, 0
19202, 72802, 1, 0, 0
19301, 75376, 1, 0, 0
19410, 106824, 1, 0, 0
19500, 80088, 1, 0, 0
19608, 66907, 1, 0, 0
19707, 79361, 1, 0, 0
19809, 77187, 1, 0, 0
19901, 63653, 1, 0, 0
20000, 54676, 1, 0, 0
20108, 81290, 1, 0, 0
20200, 100013, 1, 0, 0
20312, 68302, 1, 0, 0
20411, 73566, 1, 0, 0
20502, 60859, 1, 0, 0
20611, 69565, 1, 0, 0
20700, 82771, 1, 0, 0
20801, 75660, 1, 0, 0
20909, 66777, 1, 0, 0
21004, 84801, 1, 0, 0
21101, 63876, 1, 0, 0
21202, 77488, 1, 0, 0
21305, 57330, 1, 0, 0
21401, 72447, 1, 0, 0
21501, 71131, 1, 0, 0
21601, 62294, 1, 0, 0
21701, 47462, 1, 0, 0
21800, 60576, 1, 0, 0
21901, 73261, 1, 0, 0
22008, 63467, 1, 0, 0
22120, 68223, 1, 0, 0
22202, 90536, 1, 0, 0
22300, 76518, 1, 0, 0
22409, 62919, 1, 0, 0
22503, 77495, 1, 0, 0
22600, 88763, 1, 0, 0
22700, 95019, 1, 0, 0
22800, 83330, 1, 0, 0
22900, 59712, 1, 0, 0
23007, 41837, 1, 0, 0
23102, 92907, 1, 0, 0
23200, 62075, 1, 0, 0
23317, 89892, 1, 0, 0
23402, 84044, 1, 0, 0
23515, 64204, 1, 0, 0
23601, 68558, 1, 0, 0
23700, 69499, 1, 0, 0
23808, 66224, 1, 0, 0
23900, 88980, 1, 0, 0
24002, 61358, 1, 0, 0
24101, 94592, 1, 0, 0
24205, 117093, 1, 0, 0
24301, 59095, 1, 0, 0
24402, 58107, 1, 0, 0
24500, 90142, 1, 0, 0
24625, 57478, 1, 0, 0
24700, 58631, 1, 0, 0
24826, 74120, 1, 0, 0
24913, 99677, 1, 0, 0
25004, 80462, 1, 0, 0
25132, 79068, 1, 0, 0
25200, 73815, 1, 0, 0
25325, 67378, 1, 0, 0
25410, 74590, 1, 0, 0
25505, 86005, 1, 0, 0
25622, 71701, 1, 0, 0
25705, 73439, 1, 0, 0
25800, 68841, 1, 0, 0
25923, 84530, 1, 0, 0
26011, 91149, 1, 0, 0
26100, 79804, 1, 0, 0
26221, 65238, 1, 0, 0
26302, 77648, 1, 0, 0
26403, 57953, 1, 0, 0
26500, 68207, 1, 0, 0
26603, 59268, 1, 0, 0
26702, 85032, 1, 0, 0
26803, 78956, 1, 0, 0
26901, 83579, 1, 0, 0
27006, 93302, 1, 0, 0
27108, 52637, 1, 0, 0
27214, 76044, 1, 0, 0
27316, 83041, 1, 0, 0
27416, 69300, 1, 0, 0
27502, 54971, 1, 0, 0
27615, 68850, 1, 0, 0
27721, 60732, 1, 0, 0
27832, 59125, 1, 0, 0
27904, 72119, 1, 0, 0
28000, 66970, 1, 0, 0
28110, 58505, 1, 0, 0
28206, 64825, 1, 0, 0
28343, 77655, 1, 0, 0
28400, 66143, 1, 0, 0
28523, 97593, 1, 0, 0
28633, 64663, 1, 0, 0
28701, 42818, 1, 0, 0
28814, 76367, 1, 0, 0
28923, 63712, 1, 0, 0
29003, 89092, 1, 0, 0
29100, 82589, 1, 0, 0
29214, 59389, 1, 0, 0
29303, 85897, 1, 0, 0
29400, 63734, 1, 0, 0
29500, 67264, 1, 0, 0
29612, 89006, 1, 0, 0
29717, 88693, 1, 0, 0
29802, 63918, 1, 0, 0
29914, 74589, 1, 0, 0
30002, 120989, 1, 0, 0
30124, 68021, 1, 0, 0
30200, 67059, 1, 0, 0
30301, 80944, 1, 0, 0
30405, 62629, 1, 0, 0
30517, 65630, 1, 0, 0
30618, 51013, 1, 0, 0
30709, 63921, 1, 0, 0
30819, 66961, 1, 0, 0
30901, 66046, 1, 0, 0
31013, 72202, 1, 0, 0
31110, 70424, 1, 0, 0
31200, 63402, 1, 0, 0
31300, 53966, 1, 0, 0
31406, 53899, 1, 0, 0
31503, 68169, 1, 0, 0
31617, 47755, 1, 0, 0
31711, 82119, 1, 0, 0
31802, 77745, 1, 0, 0
31901, 64438, 1, 0, 0
32015, 54001, 1, 0, 0
32100, 51916, 1, 0, 0
32200, 55568, 1, 0, 0
32300, 69245, 1, 0, 0
32400, 67943, 1, 0, 0
32502, 79920, 1, 0, 0
32600, 68610, 1, 0, 0
32712, 54597, 1, 0, 0
32805, 70507, 1, 0, 0
32917, 61915, 1, 0, 0
33010, 78697, 1, 0, 0
33112, 54572, 1, 0, 0
33215, 53726, 1, 0, 0
33317, 67728, 1, 0, 0
33415, 86718, 1, 0, 0
33506, 57968, 1, 0, 0
33600, 66001, 1, 0, 0
33708, 70345, 1, 0, 0
33818, 69166, 1, 0, 0
33912, 66963, 1, 0, 0
34002, 56704, 1, 0, 0
34104, 68419, 1, 0, 0
34200, 78261, 1, 0, 0
34300, 60440, 1, 0, 0
34413, 60239, 1, 0, 0
34502, 67747, 1, 0, 0
34610, 65848, 1, 0, 0
34708, 55390, 1, 0, 0
34804, 81240, 1, 0, 0
34900, 58485, 1, 0, 0
35010, 85604, 1, 0, 0
35117, 53755, 1, 0, 0
35200, 63622, 1, 0, 0
35306, 77933, 1, 0, 0
35412, 87787, 1, 0, 0
35507, 70763, 1, 0, 0
35609, 77987, 1, 0, 0
35702, 70436, 1, 0, 0
35813, 67324, 1, 0, 0
35916, 70738, 1, 0, 0
36021, 84600, 1, 0, 0
36101, 69901, 1, 0, 0
36203, 68584, 1, 0, 0
36307, 65693, 1, 0, 0
36411, 70497, 1, 0, 0
36513, 68130, 1, 0, 0
36614, 77564, 1, 0, 0
36711, 63658, 1, 0, 0
36809, 63393, 1, 0, 0
36903, 81712, 1, 0, 0
37017, 67864, 1, 0, 0
37100, 53405, 1, 0, 0
37208, 54714, 1, 0, 0
37314, 62701, 1, 0, 0
37402, 57861, 1, 0, 0
37500, 61364, 1, 0, 0
37611, 73991, 1, 0, 0
37712, 72618, 1, 0, 0
37800, 74272, 1, 0, 0
37906, 70576, 1, 0, 0
38017, 73669, 1, 0, 0
38113, 81907, 1, 0, 0
38200, 80611, 1, 0, 0
38304, 80865, 1, 0, 0
38414, 88564, 1, 0, 0
38520, 73413, 1, 0, 0
38622, 82489, 1, 0, 0
38711, 57565, 1, 0, 0
38827, 54657, 1, 0, 0
38918, 77747, 1, 0, 0
39000, 63439, 1, 0, 0
39100, 65206, 1, 0, 0
39201, 58085, 1, 0, 0
39320, 67146, 1, 0, 0
39451, 70688, 1, 0, 0
39509, 103835, 1, 0, 0
39615, 66959, 1, 0, 0
39709, 55997, 1, 0, 0
39804, 64940, 1, 0, 0
39915, 60718, 1, 0, 0
40014, 68281, 1, 0, 0
40101, 76509, 1, 0, 0
40211, 77809, 1, 0, 0
40300, 74131, 1, 0, 0
40414, 72086, 1, 0, 0
40500, 73462, 1, 0, 0
40613, 54186, 1, 0, 0
40701, 44489, 1, 0, 0
40804, 71431, 1, 0, 0
40903, 72358, 1, 0, 0
41005, 62029, 1, 0, 0
41100, 63550, 1, 0, 0
41206, 51681, 1, 0, 0
41308, 66919, 1, 0, 0
41418, 70112, 1, 0, 0
41517, 61334, 1, 0, 0
41606, 82550, 1, 0, 0
41714, 65164, 1, 0, 0
41806, 66903, 1, 0, 0
41910, 67363, 1, 0, 0
42008, 63040, 1, 0, 0
42109, 51379, 1, 0, 0
42206, 65583, 1, 0, 0
42302, 53958, 1, 0, 0
42401, 66174, 1, 0, 0
42509, 50819, 1, 0, 0
42601, 59945, 1, 0, 0
42700, 61072, 1, 0, 0
42801, 68964, 1, 0, 0
42904, 78131, 1, 0, 0
43003, 67442, 1, 0, 0
43100, 62653, 1, 0, 0
43205, 59115, 1, 0, 0
43301, 67506, 1, 0, 0
43409, 60938, 1, 0, 0
43507, 68472, 1, 0, 0
43603, 56754, 1, 0, 0
43717, 55045, 1, 0, 0
43806, 73962, 1, 0, 0
43901, 52157, 1, 0, 0
44047, 67975, 1, 0, 0
44100, 51148, 1, 0, 0
44201, 62721, 1, 0, 0
44301, 47905, 1, 0, 0
44406, 51294, 1, 0, 0
44510, 62867, 1, 0, 0
44603, 58085, 1, 0, 0
44717, 82817, 1, 0, 0
44813, 68696, 1, 0, 0
44906, 80367, 1, 0, 0
45007, 69720, 1, 0, 0
45102, 66626, 1, 0, 0
45229, 56254, 1, 0, 0
45300, 54089, 1, 0, 0
45406, 75677, 1, 0, 0
45517, 69635, 1, 0, 0
45606, 48551, 1, 0, 0
45706, 57062, 1, 0, 0
45806, 71266, 1, 0, 0
45908, 76511, 1, 0, 0
46004, 71172, 1, 0, 0
46101, 53750, 1, 0, 0
46219, 58965, 1, 0, 0
46323, 64910, 1, 0, 0
46403, 66597, 1, 0, 0
46506, 45401, 1, 0, 0
46618, 62938, 1, 0, 0
46700, 69356, 1, 0, 0
46815, 49147, 1, 0, 0
46912, 46713, 1, 0, 0
47006, 59141, 1, 0, 0
47111, 50920, 1, 0, 0
47219, 53987, 1, 0, 0
47315, 72777, 1, 0, 0
47405, 63081, 1, 0, 0
47517, 69513, 1, 0, 0
47620, 72460, 1, 0, 0
47714, 58628, 1, 0, 0
47800, 77573, 1, 0, 0
47922, 66329, 1, 0, 0
48007, 44459, 1, 0, 0
48100, 58904, 1, 0, 0
48232, 54857, 1, 0, 0
48301, 75402, 1, 0, 0
48404, 69931, 1, 0, 0
48520, 67265, 1, 0, 0
48600, 81262, 1, 0, 0
48702, 90423, 1, 0, 0
48800, 79588, 1, 0, 0
48943, 48501, 1, 0, 0
49014, 87514, 1, 0, 0
49136, 63891, 1, 0, 0
49200, 57609, 1, 0, 0
49334, 68991, 1, 0, 0
49400, 68050, 1, 0, 0
49500, 60263, 1, 0, 0
49600, 64697, 1, 0, 0
49716, 103000, 1, 0, 0
49808, 64273, 1, 0, 0
49939, 48941, 1, 0, 0
50003, 62910, 1, 0, 0
50138, 58375, 1, 0, 0
50236, 64410, 1, 0, 0
50317, 74426, 1, 0, 0
50402, 71079, 1, 0, 0
50503, 74795, 1, 0, 0
50613, 63539, 1, 0, 0
50744, 61149, 1, 0, 0
50805, 62286, 1, 0, 0
50900, 61652, 1, 0, 0
51026, 67849, 1, 0, 0
51119, 61791, 1, 0, 0
51213, 57371, 1, 0, 0
51313, 60052, 1, 0, 0
51424, 86615, 1, 0, 0
51520, 59884, 1, 0, 0
51602, 56085, 1, 0, 0
51701, 57665, 1, 0, 0
51813, 75006, 1, 0, 0
51902, 57239, 1, 0, 0
52018, 76998, 1, 0, 0
52100, 65813, 1, 0, 0
52203, 61610, 1, 0, 0
52306, 50732, 1, 0, 0
52406, 51097, 1, 0, 0
52500, 58166, 1, 0, 0
52604, 52345, 1, 0, 0
52701, 56639, 1, 0, 0
52815, 62857, 1, 0, 0
52912, 55294, 1, 0, 0
53000, 63010, 1, 0, 0
53104, 59861, 1, 0, 0
53212, 88049, 1, 0, 0
53314, 65434, 1, 0, 0
53402, 77083, 1, 0, 0
53502, 55104, 1, 0, 0
53607, 50290, 1, 0, 0
53702, 78611, 1, 0, 0
53803, 76396, 1, 0, 0
53903, 60156, 1, 0, 0
54010, 67831, 1, 0, 0
54104, 60967, 1, 0, 0
54202, 64261, 1, 0, 0
54301, 63139, 1, 0, 0
54410, 128244, 1, 0, 0
54540, 71788, 1, 0, 0
54602, 97380, 1, 0, 0
54706, 64153, 1, 0, 0
54801, 63039, 1, 0, 0
54906, 86101, 1, 0, 0
55000, 95533, 1, 0, 0
55105, 73520, 1, 0, 0
55200, 57869, 1, 0, 0
55319, 52145, 1, 0, 0
55400, 37571, 1, 0, 0
55501, 37122, 1, 0, 0
55611, 66222, 1, 0, 0
55707, 40591, 1, 0, 0
55805, 38079, 1, 0, 0
55920, 63466, 1, 0, 0
56002, 82311, 1, 0, 0
56114, 53493, 1, 0, 0
56202, 57381, 1, 0, 0
56311, 53867, 1, 0, 0
56405, 59690, 1, 0, 0
56501, 43481, 1, 0, 0
56608, 48233, 1, 0, 0
56705, 54744, 1, 0, 0
56809, 46416, 1, 0, 0
56909, 39990, 1, 0, 0
57009, 59717, 1, 0, 0
57111, 58072, 1, 0, 0
57205, 52164, 1, 0, 0
57304, 48083, 1, 0, 0
57401, 57219, 1, 0, 0
57500, 52762, 1, 0, 0
57602, 48464, 1, 0, 0
57701, 54668, 1, 0, 0
57822, 54245, 1, 0, 0
57903, 58455, 1, 0, 0
58008, 45307, 1, 0, 0
58135, 61734, 1, 0, 0
58200, 59374, 1, 0, 0
58302, 51509, 1, 0, 0
58411, 58336, 1, 0, 0
58522, 65071, 1, 0, 0
58604, 41193, 1, 0, 0
58703, 79067, 1, 0, 0
58802, 72482, 1, 0, 0
58904, 64336, 1, 0, 0
59021, 56518, 1, 0, 0
59101, 65071, 1, 0, 0
59266, 47764, 1, 0, 0
59330, 50965, 1, 0, 0
59413, 62027, 1, 0, 0
59516, 74325, 1, 0, 0
59608, 96962, 1, 0, 0
59709, 55538, 1, 0, 0
59808, 76080, 1, 0, 0
59900, 53330, 1, 0, 0
60054, 52977, 1, 0, 0
