100, 16286, 1, 0, 0
200, 16150, 1, 0, 0
301, 17456, 1, 0, 0
400, 15903, 1, 0, 0
500, 15809, 1, 0, 0
600, 15821, 1, 0, 0
701, 20435, 1, 0, 0
800, 17024, 1, 0, 0
900, 15843, 1, 0, 0
1000, 15438, 1, 0, 0
1101, 17569, 1, 0, 0
1200, 15131, 1, 0, 0
1300, 16856, 1, 0, 0
1400, 15575, 1, 0, 0
1500, 14418, 1, 0, 0
1600, 15818, 1, 0, 0
1701, 14806, 1, 0, 0
1800, 17894, 1, 0, 0
1900, 17790, 1, 0, 0
2000, 16772, 1, 0, 0
2104, 17672, 1, 0, 0
2228, 20207, 1, 0, 0
2300, 14366, 1, 0, 0
2400, 15533, 1, 0, 0
2500, 15708, 1, 0, 0
2600, 18156, 1, 0, 0
2700, 15747, 1, 0, 0
2800, 15865, 1, 0, 0
2900, 17451, 1, 0, 0
3000, 16398, 1, 0, 0
3100, 15590, 1, 0, 0
3201, 17616, 1, 0, 0
3300, 16660, 1, 0, 0
3400, 15825, 1, 0, 0
3500, 16895, 1, 0, 0
3600, 14515, 1, 0, 0
3700, 11367, 1, 0, 0
3800, 14878, 1, 0, 0
3900, 15441, 1, 0, 0
4000, 17036, 1, 0, 0
4100, 19022, 1, 0, 0
4200, 15037, 1, 0, 0
4301, 18067, 1, 0, 0
4400, 15731, 1, 0, 0
4501, 14449, 1, 0, 0
4600, 14436, 1, 0, 0
4700, 16991, 1, 0, 0
4802, 16179, 1, 0, 0
4900, 19870, 1, 0, 0
5000, 17247, 1, 0, 0
5100, 16100, 1, 0, 0
5201, 18663, 1, 0, 0
5300, 16101, 1, 0, 0
5400, 16343, 1, 0, 0
5500, 13871, 1, 0, 0
5601, 15865, 1, 0, 0
5701, 16023, 1, 0, 0
5800, 15496, 1, 0, 0
5901, 16400, 1, 0, 0
6000, 15240, 1, 0, 0
6100, 19081, 1, 0, 0
6200, 15564, 1, 0, 0
6300, 13787, 1, 0, 0
6400, 14949, 1, 0, 0
6500, 16272, 1, 0, 0
6600, 14123, 1, 0, 0
6700, 14864, 1, 0, 0
6800, 13846, 1, 0, 0
6900, 15582, 1, 0, 0
7000, 14767, 1, 0, 0
7100, 15696, 1, 0, 0
7200, 19673, 1, 0, 0
7300, 18219, 1, 0, 0
7400, 16947, 1, 0, 0
7500, 15250, 1, 0, 0
7600, 14636, 1, 0, 0
7700, 18164, 1, 0, 0
7800, 17912, 1, 0, 0
7902, 17502, 1, 0, 0
8004, 21623, 1, 0, 0
8100, 16174, 1, 0, 0
8200, 14467, 1, 0, 0
8300, 15416, 1, 0, 0
8400, 13854, 1, 0, 0
8500, 14055, 1, 0, 0
8600, 16076, 1, 0, 0
8700, 16131, 1, 0, 0
8800, 17280, 1, 0, 0
8903, 17213, 1, 0, 0
9000, 19304, 1, 0, 0
9100, 13041, 1, 0, 0
9200, 17388, 1, 0, 0
9300, 12078, 1, 0, 0
9410, 14973, 1, 0, 0
9500, 15927, 1, 0, 0
9600, 15750, 1, 0, 0
9700, 14449, 1, 0, 0
9800, 17953, 1, 0, 0
9901, 14861, 1, 0, 0
10000, 18985, 1, 0, 0
10100, 16861, 1, 0, 0
10200, 15543, 1, 0, 0
10300, 16024, 1, 0, 0
10400, 15167, 1, 0, 0
10500, 16831, 1, 0, 0
10600, 15293, 1, 0, 0
10700, 17675, 1, 0, 0
10800, 18263, 1, 0, 0
10900, 16646, 1, 0, 0
11000, 15192, 1, 0, 0
11100, 16947, 1, 0, 0
11200, 16367, 1, 0, 0
11300, 12222, 1, 0, 0
11400, 16901, 1, 0, 0
11500, 13712, 1, 0, 0
11601, 15102, 1, 0, 0
11700, 13274, 1, 0, 0
11800, 15867, 1, 0, 0
11900, 14376, 1, 0, 0
12000, 15914, 1, 0, 0
12104, 20900, 1, 0, 0
12200, 15708, 1, 0, 0
12300, 14555, 1, 0, 0
12400, 14687, 1, 0, 0
12500, 14968, 1, 0, 0
12600, 16933, 1, 0, 0
12700, 12253, 1, 0, 0
12801, 15414, 1, 0, 0
12900, 16426, 1, 0, 0
13000, 16308, 1, 0, 0
13100, 15162, 1, 0, 0
13200, 16497, 1, 0, 0
13301, 17824, 1, 0, 0
13400, 17682, 1, 0, 0
13500, 16546, 1, 0, 0
13600, 17444, 1, 0, 0
13700, 15475, 1, 0, 0
13800, 15694, 1, 0, 0
13900, 14272, 1, 0, 0
14001, 15342, 1, 0, 0
14100, 17444, 1, 0, 0
14200, 16714, 1, 0, 0
14300, 16177, 1, 0, 0
14400, 15354, 1, 0, 0
14500, 13688, 1, 0, 0
14600, 17232, 1, 0, 0
14700, 14927, 1, 0, 0
14800, 13910, 1, 0, 0
14906, 16059, 1, 0, 0
15002, 18749, 1, 0, 0
15100, 15658, 1, 0, 0
15200, 13241, 1, 0, 0
15301, 15073, 1, 0, 0
15400, 16399, 1, 0, 0
15500, 14931, 1, 0, 0
15602, 15709, 1, 0, 0
15700, 17787, 1, 0, 0
15800, 14690, 1, 0, 0
15900, 16067, 1, 0, 0
16000, 16516, 1, 0, 0
16100, 16197, 1, 0, 0
16200, 17290, 1, 0, 0
16300, 16185, 1, 0, 0
16400, 14767, 1, 0, 0
16500, 13820, 1, 0, 0
16601, 16253, 1, 0, 0
16700, 13127, 1, 0, 0
16801, 15792, 1, 0, 0
16900, 15777, 1, 0, 0
17000, 15038, 1, 0, 0
17100, 15829, 1, 0, 0
17200, 16786, 1, 0, 0
17301, 16755, 1, 0, 0
17400, 17374, 1, 0, 0
17500, 14745, 1, 0, 0
17600, 13382, 1, 0, 0
17700, 15469, 1, 0, 0
17803, 17343, 1, 0, 0
17900, 17127, 1, 0, 0
18000, 16354, 1, 0, 0
18100, 17465, 1, 0, 0
18200, 14511, 1, 0, 0
18300, 15443, 1, 0, 0
18400, 17957, 1, 0, 0
18501, 16870, 1, 0, 0
18600, 15908, 1, 0, 0
18700, 16728, 1, 0, 0
18800, 19514, 1, 0, 0
18900, 16345, 1, 0, 0
19000, 13582, 1, 0, 0
19100, 16071, 1, 0, 0
19200, 16220, 1, 0, 0
19300, 17465, 1, 0, 0
19402, 13185, 1, 0, 0
19502, 17166, 1, 0, 0
19600, 15243, 1, 0, 0
19700, 14790, 1, 0, 0
19800, 16942, 1, 0, 0
19902, 15108, 1, 0, 0
20000, 16189, 1, 0, 0
20100, 17955, 1, 0, 0
20200, 15071, 1, 0, 0
20301, 15312, 1, 0, 0
20402, 13995, 1, 0, 0
20503, 14727, 1, 0, 0
20600, 18804, 1, 0, 0
20700, 13972, 1, 0, 0
20800, 14307, 1, 0, 0
20900, 15130, 1, 0, 0
21000, 18738, 1, 0, 0
21100, 19101, 1, 0, 0
21200, 18029, 1, 0, 0
21300, 16585, 1, 0, 0
21414, 14677, 1, 0, 0
21500, 15579, 1, 0, 0
21600, 14390, 1, 0, 0
21700, 17550, 1, 0, 0
21800, 16581, 1, 0, 0
21900, 16435, 1, 0, 0
22001, 18043, 1, 0, 0
22100, 16078, 1, 0, 0
22200, 14882, 1, 0, 0
22300, 18775, 1, 0, 0
22400, 14168, 1, 0, 0
22500, 13223, 1, 0, 0
22600, 17583, 1, 0, 0
22701, 15037, 1, 0, 0
22800, 14021, 1, 0, 0
22900, 17861, 1, 0, 0
23000, 17685, 1, 0, 0
23100, 16058, 1, 0, 0
23201, 17624, 1, 0, 0
23300, 15569, 1, 0, 0
23400, 15795, 1, 0, 0
23500, 14089, 1, 0, 0
23600, 16932, 1, 0, 0
23700, 16559, 1, 0, 0
23800, 15510, 1, 0, 0
23900, 16443, 1, 0, 0
24000, 15263, 1, 0, 0
24100, 18146, 1, 0, 0
24200, 15605, 1, 0, 0
24301, 17145, 1, 0, 0
24417, 14035, 1, 0, 0
24500, 13202, 1, 0, 0
24601, 14852, 1, 0, 0
24700, 15528, 1, 0, 0
24800, 15732, 1, 0, 0
24900, 16813, 1, 0, 0
25000, 14434, 1, 0, 0
25100, 14893, 1, 0, 0
25201, 16374, 1, 0, 0
25301, 17833, 1, 0, 0
25401, 16667, 1, 0, 0
25502, 16559, 1, 0, 0
25602, 17814, 1, 0, 0
25701, 18613, 1, 0, 0
25810, 18686, 1, 0, 0
25900, 14563, 1, 0, 0
26000, 13396, 1, 0, 0
26101, 14355, 1, 0, 0
26201, 15908, 1, 0, 0
26300, 14778, 1, 0, 0
26401, 16867, 1, 0, 0
26501, 13952, 1, 0, 0
26600, 13547, 1, 0, 0
26701, 14490, 1, 0, 0
26800, 16786, 1, 0, 0
26900, 13744, 1, 0, 0
27000, 14795, 1, 0, 0
27100, 13772, 1, 0, 0
27201, 14774, 1, 0, 0
27300, 15791, 1, 0, 0
27400, 14795, 1, 0, 0
27501, 15614, 1, 0, 0
27600, 17526, 1, 0, 0
27700, 16281, 1, 0, 0
27800, 17759, 1, 0, 0
27900, 16947, 1, 0, 0
28000, 19728, 1, 0, 0
28100, 16220, 1, 0, 0
28203, 15514, 1, 0, 0
28300, 18366, 1, 0, 0
28400, 15045, 1, 0, 0
28500, 17315, 1, 0, 0
28600, 16277, 1, 0, 0
28700, 13165, 1, 0, 0
28800, 12421, 1, 0, 0
28901, 14045, 1, 0, 0
29000, 16316, 1, 0, 0
29100, 18792, 1, 0, 0
29200, 18504, 1, 0, 0
29300, 17130, 1, 0, 0
29400, 13501, 1, 0, 0
29501, 14299, 1, 0, 0
29600, 18564, 1, 0, 0
29700, 20239, 1, 0, 0
29800, 17370, 1, 0, 0
29900, 17935, 1, 0, 0
30000, 18301, 1, 0, 0
30100, 14725, 1, 0, 0
30200, 15065, 1, 0, 0
30300, 17238, 1, 0, 0
30400, 15649, 1, 0, 0
30500, 17158, 1, 0, 0
30600, 14709, 1, 0, 0
30700, 15130, 1, 0, 0
30800, 16062, 1, 0, 0
30900, 14572, 1, 0, 0
31000, 14658, 1, 0, 0
31100, 17650, 1, 0, 0
31201, 19766, 1, 0, 0
31300, 16329, 1, 0, 0
31402, 15376, 1, 0, 0
31500, 19064, 1, 0, 0
31602, 15342, 1, 0, 0
31701, 15940, 1, 0, 0
31800, 15351, 1, 0, 0
31900, 17522, 1, 0, 0
32000, 17419, 1, 0, 0
32100, 17174, 1, 0, 0
32200, 17429, 1, 0, 0
32300, 16509, 1, 0, 0
32400, 14492, 1, 0, 0
32500, 14122, 1, 0, 0
32600, 18301, 1, 0, 0
32700, 14322, 1, 0, 0
32800, 17194, 1, 0, 0
32902, 15374, 1, 0, 0
33004, 22454, 1, 0, 0
33101, 17098, 1, 0, 0
33200, 17218, 1, 0, 0
33300, 12938, 1, 0, 0
33400, 14134, 1, 0, 0
33500, 14464, 1, 0, 0
33600, 14463, 1, 0, 0
33700, 16819, 1, 0, 0
33802, 14229, 1, 0, 0
33901, 18618, 1, 0, 0
34000, 19163, 1, 0, 0
34100, 16005, 1, 0, 0
34200, 14856, 1, 0, 0
34300, 15979, 1, 0, 0
34401, 15917, 1, 0, 0
34500, 14988, 1, 0, 0
34600, 17640, 1, 0, 0
34700, 15783, 1, 0, 0
34800, 15404, 1, 0, 0
34902, 14052, 1, 0, 0
35002, 13310, 1, 0, 0
35100, 15054, 1, 0, 0
35200, 16013, 1, 0, 0
35300, 17926, 1, 0, 0
35400, 16642, 1, 0, 0
35500, 15903, 1, 0, 0
35601, 16503, 1, 0, 0
35700, 14948, 1, 0, 0
35800, 14547, 1, 0, 0
35900, 15364, 1, 0, 0
36000, 15794, 1, 0, 0
36101, 17085, 1, 0, 0
36200, 14607, 1, 0, 0
36300, 15965, 1, 0, 0
36400, 14794, 1, 0, 0
36500, 14573, 1, 0, 0
36603, 15820, 1, 0, 0
36700, 15398, 1, 0, 0
36800, 19176, 1, 0, 0
36901, 14628, 1, 0, 0
37000, 15017, 1, 0, 0
37101, 17809, 1, 0, 0
37200, 14690, 1, 0, 0
37300, 14958, 1, 0, 0
37400, 14207, 1, 0, 0
37500, 12832, 1, 0, 0
37600, 15919, 1, 0, 0
37700, 14536, 1, 0, 0
37800, 15886, 1, 0, 0
37901, 14608, 1, 0, 0
38000, 18571, 1, 0, 0
38100, 15532, 1, 0, 0
38201, 15355, 1, 0, 0
38301, 19470, 1, 0, 0
38400, 12754, 1, 0, 0
38504, 16610, 1, 0, 0
38600, 14460, 1, 0, 0
38700, 14657, 1, 0, 0
38800, 18915, 1, 0, 0
38900, 13541, 1, 0, 0
39000, 17256, 1, 0, 0
39101, 17281, 1, 0, 0
39200, 16493, 1, 0, 0
39300, 17638, 1, 0, 0
39400, 16470, 1, 0, 0
39500, 17537, 1, 0, 0
39616, 17378, 1, 0, 0
39701, 18001, 1, 0, 0
39800, 17052, 1, 0, 0
39900, 15827, 1, 0, 0
40000, 15805, 1, 0, 0
40100, 17702, 1, 0, 0
40200, 15628, 1, 0, 0
40300, 15700, 1, 0, 0
40400, 14797, 1, 0, 0
40500, 14513, 1, 0, 0
40600, 15893, 1, 0, 0
40700, 13529, 1, 0, 0
40800, 14884, 1, 0, 0
40900, 19188, 1, 0, 0
41000, 14098, 1, 0, 0
41101, 17404, 1, 0, 0
41200, 15486, 1, 0, 0
41300, 14615, 1, 0, 0
41400, 17557, 1, 0, 0
41500, 14272, 1, 0, 0
41601, 17900, 1, 0, 0
41700, 18899, 1, 0, 0
41800, 19642, 1, 0, 0
41900, 15108, 1, 0, 0
42000, 16549, 1, 0, 0
42100, 15853, 1, 0, 0
42200, 17325, 1, 0, 0
42300, 19251, 1, 0, 0
42400, 19601, 1, 0, 0
42501, 15934, 1, 0, 0
42601, 14158, 1, 0, 0
42700, 15122, 1, 0, 0
42800, 17210, 1, 0, 0
42900, 13813, 1, 0, 0
43000, 18331, 1, 0, 0
43100, 15507, 1, 0, 0
43201, 16565, 1, 0, 0
43300, 15812, 1, 0, 0
43401, 17223, 1, 0, 0
43504, 18349, 1, 0, 0
43600, 14111, 1, 0, 0
43700, 14963, 1, 0, 0
43800, 12681, 1, 0, 0
43900, 15802, 1, 0, 0
44001, 17452, 1, 0, 0
44100, 16715, 1, 0, 0
44200, 15680, 1, 0, 0
44300, 16095, 1, 0, 0
44400, 16376, 1, 0, 0
44500, 14792, 1, 0, 0
44600, 15878, 1, 0, 0
44700, 13923, 1, 0, 0
44801, 15687, 1, 0, 0
44900, 14259, 1, 0, 0
45000, 16717, 1, 0, 0
45100, 19218, 1, 0, 0
45200, 19191, 1, 0, 0
45300, 21779, 1, 0, 0
45400, 16231, 1, 0, 0
45500, 16343, 1, 0, 0
45601, 16205, 1, 0, 0
45701, 15763, 1, 0, 0
45800, 16453, 1, 0, 0
45900, 15452, 1, 0, 0
46000, 18404, 1, 0, 0
46100, 16691, 1, 0, 0
46200, 13579, 1, 0, 0
46300, 15622, 1, 0, 0
46401, 14969, 1, 0, 0
46500, 14554, 1, 0, 0
46600, 17445, 1, 0, 0
46701, 17427, 1, 0, 0
46800, 13632, 1, 0, 0
46900, 14906, 1, 0, 0
47000, 15928, 1, 0, 0
47101, 14632, 1, 0, 0
47200, 17799, 1, 0, 0
47300, 16174, 1, 0, 0
47400, 16918, 1, 0, 0
47500, 15486, 1, 0, 0
47600, 16775, 1, 0, 0
47701, 15266, 1, 0, 0
47800, 15821, 1, 0, 0
47900, 16105, 1, 0, 0
48001, 14101, 1, 0, 0
48100, 16195, 1, 0, 0
48200, 15873, 1, 0, 0
48300, 15120, 1, 0, 0
48401, 20866, 1, 0, 0
48500, 15743, 1, 0, 0
48600, 15943, 1, 0, 0
48700, 15165, 1, 0, 0
48800, 13134, 1, 0, 0
48900, 16042, 1, 0, 0
49000, 18281, 1, 0, 0
49100, 13665, 1, 0, 0
49200, 16013, 1, 0, 0
49300, 16935, 1, 0, 0
49401, 15262, 1, 0, 0
49500, 16756, 1, 0, 0
49600, 16294, 1, 0, 0
49700, 16076, 1, 0, 0
49800, 16025, 1, 0, 0
49900, 19763, 1, 0, 0
50000, 19303, 1, 0, 0
50100, 15111, 1, 0, 0
50200, 16512, 1, 0, 0
50300, 16689, 1, 0, 0
50400, 18631, 1, 0, 0
50500, 17018, 1, 0, 0
50600, 14985, 1, 0, 0
50700, 15408, 1, 0, 0
50800, 16425, 1, 0, 0
50900, 16509, 1, 0, 0
51000, 13926, 1, 0, 0
51100, 14482, 1, 0, 0
51200, 15941, 1, 0, 0
51301, 15435, 1, 0, 0
51400, 12749, 1, 0, 0
51500, 13990, 1, 0, 0
51601, 14408, 1, 0, 0
51700, 16401, 1, 0, 0
51800, 16928, 1, 0, 0
51902, 17515, 1, 0, 0
52000, 17766, 1, 0, 0
52100, 16299, 1, 0, 0
52200, 17469, 1, 0, 0
52300, 16352, 1, 0, 0
52400, 17886, 1, 0, 0
52501, 15939, 1, 0, 0
52600, 18999, 1, 0, 0
52700, 14980, 1, 0, 0
52800, 15970, 1, 0, 0
52900, 17713, 1, 0, 0
53000, 18325, 1, 0, 0
53101, 15988, 1, 0, 0
53200, 16020, 1, 0, 0
53300, 16481, 1, 0, 0
53400, 14434, 1, 0, 0
53500, 16818, 1, 0, 0
53600, 19021, 1, 0, 0
53700, 13232, 1, 0, 0
53804, 18042, 1, 0, 0
53900, 18651, 1, 0, 0
54002, 15776, 1, 0, 0
54100, 16542, 1, 0, 0
54200, 14766, 1, 0, 0
54300, 14226, 1, 0, 0
54400, 15955, 1, 0, 0
54500, 16341, 1, 0, 0
54600, 17389, 1, 0, 0
54700, 17546, 1, 0, 0
54800, 11898, 1, 0, 0
54900, 16570, 1, 0, 0
55000, 15508, 1, 0, 0
55100, 15992, 1, 0, 0
55200, 13394, 1, 0, 0
55301, 17117, 1, 0, 0
55400, 16573, 1, 0, 0
55500, 18982, 1, 0, 0
55600, 14499, 1, 0, 0
55700, 17137, 1, 0, 0
55800, 14195, 1, 0, 0
55901, 22182, 1, 0, 0
56000, 18143, 1, 0, 0
56101, 16480, 1, 0, 0
56200, 20548, 1, 0, 0
56300, 20217, 1, 0, 0
56400, 16530, 1, 0, 0
56500, 16641, 1, 0, 0
56600, 15757, 1, 0, 0
56700, 16951, 1, 0, 0
56801, 18227, 1, 0, 0
56902, 14178, 1, 0, 0
57001, 19660, 1, 0, 0
57100, 14632, 1, 0, 0
57200, 16388, 1, 0, 0
57300, 17218, 1, 0, 0
57400, 16634, 1, 0, 0
57500, 16315, 1, 0, 0
57600, 16613, 1, 0, 0
57701, 18082, 1, 0, 0
57800, 17060, 1, 0, 0
57901, 17221, 1, 0, 0
58000, 17326, 1, 0, 0
58100, 16910, 1, 0, 0
58200, 14889, 1, 0, 0
58300, 15639, 1, 0, 0
58400, 19002, 1, 0, 0
58502, 15695, 1, 0, 0
58600, 15884, 1, 0, 0
58700, 17361, 1, 0, 0
58800, 16395, 1, 0, 0
58901, 14671, 1, 0, 0
59000, 17046, 1, 0, 0
59100, 17190, 1, 0, 0
59201, 17506, 1, 0, 0
59300, 13929, 1, 0, 0
59402, 14524, 1, 0, 0
59500, 13179, 1, 0, 0
59600, 14715, 1, 0, 0
59700, 13382, 1, 0, 0
59800, 15951, 1, 0, 0
59901, 18282, 1, 0, 0
60000, 15054, 1, 0, 0
60100, 19919, 1, 0, 0
60200, 17209, 1, 0, 0
60301, 20467, 1, 0, 0
60402, 18813, 1, 0, 0
60500, 21296, 1, 0, 0
60634, 18689, 1, 0, 0
60700, 17192, 1, 0, 0
60800, 16604, 1, 0, 0
60900, 14106, 1, 0, 0
61000, 15011, 1, 0, 0
61100, 16056, 1, 0, 0
61201, 14707, 1, 0, 0
61300, 15745, 1, 0, 0
61400, 15083, 1, 0, 0
61500, 16508, 1, 0, 0
61600, 17384, 1, 0, 0
61700, 14802, 1, 0, 0
61800, 14720, 1, 0, 0
61902, 16870, 1, 0, 0
62000, 16262, 1, 0, 0
62100, 17739, 1, 0, 0
62200, 18202, 1, 0, 0
62300, 16904, 1, 0, 0
62401, 19167, 1, 0, 0
62500, 18487, 1, 0, 0
62601, 16826, 1, 0, 0
62700, 16204, 1, 0, 0
62800, 15311, 1, 0, 0
62900, 15494, 1, 0, 0
63000, 16050, 1, 0, 0
63100, 17541, 1, 0, 0
63200, 15345, 1, 0, 0
63300, 16477, 1, 0, 0
63401, 18379, 1, 0, 0
63500, 16660, 1, 0, 0
63636, 15294, 1, 0, 0
63700, 15410, 1, 0, 0
63800, 14517, 1, 0, 0
63900, 15832, 1, 0, 0
64000, 14458, 1, 0, 0
64100, 17449, 1, 0, 0
64200, 14684, 1, 0, 0
64301, 16845, 1, 0, 0
64400, 16187, 1, 0, 0
64500, 16201, 1, 0, 0
64601, 17068, 1, 0, 0
64700, 14553, 1, 0, 0
64800, 14236, 1, 0, 0
64900, 14001, 1, 0, 0
65000, 15737, 1, 0, 0
65100, 16788, 1, 0, 0
65201, 17546, 1, 0, 0
65300, 18101, 1, 0, 0
65401, 16600, 1, 0, 0
65500, 17610, 1, 0, 0
65600, 16469, 1, 0, 0
65700, 18996, 1, 0, 0
65800, 16403, 1, 0, 0
65900, 16682, 1, 0, 0
66000, 20690, 1, 0, 0
66100, 17750, 1, 0, 0
66200, 14306, 1, 0, 0
66300, 15069, 1, 0, 0
66401, 15381, 1, 0, 0
66502, 17882, 1, 0, 0
66601, 16957, 1, 0, 0
66700, 14274, 1, 0, 0
66800, 14738, 1, 0, 0
66900, 15038, 1, 0, 0
67000, 14252, 1, 0, 0
67101, 17267, 1, 0, 0
67200, 15982, 1, 0, 0
67300, 15374, 1, 0, 0
67400, 15286, 1, 0, 0
67500, 16358, 1, 0, 0
67601, 16129, 1, 0, 0
67700, 17853, 1, 0, 0
67801, 15720, 1, 0, 0
67900, 18658, 1, 0, 0
68000, 14403, 1, 0, 0
68100, 17456, 1, 0, 0
68200, 14686, 1, 0, 0
68300, 17159, 1, 0, 0
68400, 15428, 1, 0, 0
68501, 17734, 1, 0, 0
68600, 18504, 1, 0, 0
68700, 15220, 1, 0, 0
68800, 16779, 1, 0, 0
68900, 18858, 1, 0, 0
69000, 16825, 1, 0, 0
69100, 16833, 1, 0, 0
69201, 19572, 1, 0, 0
69300, 18730, 1, 0, 0
69400, 15455, 1, 0, 0
69500, 14564, 1, 0, 0
69600, 16374, 1, 0, 0
69730, 17324, 1, 0, 0
69800, 16452, 1, 0, 0
69900, 15385, 1, 0, 0
70000, 17193, 1, 0, 0
70101, 14946, 1, 0, 0
70200, 17570, 1, 0, 0
70301, 18228, 1, 0, 0
70400, 16807, 1, 0, 0
70500, 17582, 1, 0, 0
70600, 14345, 1, 0, 0
70700, 15152, 1, 0, 0
70800, 19234, 1, 0, 0
70900, 17706, 1, 0, 0
71000, 12930, 1, 0, 0
71100, 15512, 1, 0, 0
71200, 16942, 1, 0, 0
71300, 18955, 1, 0, 0
71403, 13591, 1, 0, 0
71501, 18488, 1, 0, 0
71600, 14041, 1, 0, 0
71700, 17417, 1, 0, 0
71800, 17483, 1, 0, 0
71900, 17059, 1, 0, 0
72001, 19441, 1, 0, 0
72100, 16935, 1, 0, 0
72200, 16891, 1, 0, 0
72300, 16398, 1, 0, 0
72400, 18456, 1, 0, 0
72500, 13714, 1, 0, 0
72600, 13264, 1, 0, 0
72702, 16224, 1, 0, 0
72800, 19067, 1, 0, 0
72901, 17762, 1, 0, 0
73000, 15588, 1, 0, 0
73101, 18125, 1, 0, 0
73200, 16310, 1, 0, 0
73301, 16196, 1, 0, 0
73400, 17517, 1, 0, 0
73500, 15957, 1, 0, 0
73600, 14908, 1, 0, 0
73702, 16176, 1, 0, 0
73801, 15628, 1, 0, 0
73901, 17070, 1, 0, 0
74003, 22367, 1, 0, 0
74100, 15771, 1, 0, 0
74201, 15066, 1, 0, 0
74301, 16826, 1, 0, 0
74400, 16939, 1, 0, 0
74500, 15742, 1, 0, 0
74600, 18716, 1, 0, 0
74700, 18345, 1, 0, 0
74800, 18032, 1, 0, 0
74900, 17927, 1, 0, 0
75000, 17544, 1, 0, 0
75100, 16774, 1, 0, 0
75200, 16687, 1, 0, 0
75301, 16201, 1, 0, 0
75400, 15825, 1, 0, 0
75500, 13978, 1, 0, 0
75600, 15840, 1, 0, 0
75700, 16215, 1, 0, 0
75800, 13943, 1, 0, 0
75900, 17648, 1, 0, 0
76000, 17354, 1, 0, 0
76100, 17657, 1, 0, 0
76200, 15323, 1, 0, 0
76300, 14355, 1, 0, 0
76400, 13687, 1, 0, 0
76500, 15002, 1, 0, 0
76600, 13785, 1, 0, 0
76700, 18606, 1, 0, 0
76800, 14510, 1, 0, 0
76900, 19448, 1, 0, 0
77000, 16555, 1, 0, 0
77103, 17742, 1, 0, 0
77203, 19415, 1, 0, 0
77300, 15447, 1, 0, 0
77400, 16002, 1, 0, 0
77500, 17208, 1, 0, 0
77600, 14953, 1, 0, 0
77700, 13801, 1, 0, 0
77800, 14355, 1, 0, 0
77900, 15469, 1, 0, 0
78001, 16764, 1, 0, 0
78101, 17219, 1, 0, 0
78200, 15691, 1, 0, 0
78301, 17204, 1, 0, 0
78402, 15120, 1, 0, 0
78500, 17187, 1, 0, 0
78600, 15716, 1, 0, 0
78701, 16166, 1, 0, 0
78800, 16811, 1, 0, 0
78900, 15911, 1, 0, 0
79000, 17267, 1, 0, 0
79100, 14568, 1, 0, 0
79200, 16607, 1, 0, 0
79300, 14449, 1, 0, 0
79400, 16612, 1, 0, 0
79500, 16583, 1, 0, 0
79600, 17294, 1, 0, 0
79700, 13799, 1, 0, 0
79800, 15251, 1, 0, 0
79900, 16233, 1, 0, 0
80000, 16857, 1, 0, 0
80100, 19267, 1, 0, 0
80200, 17370, 1, 0, 0
80300, 17348, 1, 0, 0
80403, 17032, 1, 0, 0
80502, 20377, 1, 0, 0
80600, 17739, 1, 0, 0
80700, 14779, 1, 0, 0
80800, 15924, 1, 0, 0
80900, 14149, 1, 0, 0
81000, 17748, 1, 0, 0
81100, 13287, 1, 0, 0
81200, 15724, 1, 0, 0
81300, 13341, 1, 0, 0
81400, 14407, 1, 0, 0
81501, 16497, 1, 0, 0
81600, 18786, 1, 0, 0
81700, 15863, 1, 0, 0
81801, 14242, 1, 0, 0
81900, 13525, 1, 0, 0
82000, 16159, 1, 0, 0
82100, 17666, 1, 0, 0
82201, 16423, 1, 0, 0
82301, 17001, 1, 0, 0
82400, 19407, 1, 0, 0
82501, 15976, 1, 0, 0
82600, 18863, 1, 0, 0
82700, 15976, 1, 0, 0
82800, 15960, 1, 0, 0
82934, 16112, 1, 0, 0
83000, 16087, 1, 0, 0
83100, 14937, 1, 0, 0
83207, 16478, 1, 0, 0
83300, 19759, 1, 0, 0
83400, 16514, 1, 0, 0
83500, 15953, 1, 0, 0
83600, 17381, 1, 0, 0
83700, 18399, 1, 0, 0
83804, 15491, 1, 0, 0
83900, 17441, 1, 0, 0
84001, 16707, 1, 0, 0
84100, 16277, 1, 0, 0
84200, 17875, 1, 0, 0
84301, 16062, 1, 0, 0
84400, 16830, 1, 0, 0
84500, 17885, 1, 0, 0
84600, 17185, 1, 0, 0
84702, 15685, 1, 0, 0
84800, 15455, 1, 0, 0
84900, 15288, 1, 0, 0
85000, 13766, 1, 0, 0
85102, 19771, 1, 0, 0
85200, 17604, 1, 0, 0
85300, 15843, 1, 0, 0
85400, 15498, 1, 0, 0
85501, 14749, 1, 0, 0
85600, 16680, 1, 0, 0
85700, 18201, 1, 0, 0
85800, 16494, 1, 0, 0
85900, 15252, 1, 0, 0
86000, 13399, 1, 0, 0
86100, 16576, 1, 0, 0
86200, 17974, 1, 0, 0
86300, 17757, 1, 0, 0
86400, 15584, 1, 0, 0
86500, 16049, 1, 0, 0
86600, 17387, 1, 0, 0
86700, 17361, 1, 0, 0
86801, 15804, 1, 0, 0
86900, 20728, 1, 0, 0
87000, 15863, 1, 0, 0
87100, 14545, 1, 0, 0
87200, 15086, 1, 0, 0
87301, 14741, 1, 0, 0
87400, 19389, 1, 0, 0
87500, 15890, 1, 0, 0
87600, 14714, 1, 0, 0
87701, 15238, 1, 0, 0
87821, 15012, 1, 0, 0
87900, 16370, 1, 0, 0
88000, 15048, 1, 0, 0
88101, 16607, 1, 0, 0
88200, 13330, 1, 0, 0
88300, 14765, 1, 0, 0
88400, 16098, 1, 0, 0
88502, 16806, 1, 0, 0
88600, 16494, 1, 0, 0
88700, 16567, 1, 0, 0
88803, 16043, 1, 0, 0
88900, 20583, 1, 0, 0
89000, 15042, 1, 0, 0
89100, 16011, 1, 0, 0
89201, 16518, 1, 0, 0
89300, 16135, 1, 0, 0
89400, 14851, 1, 0, 0
89500, 13494, 1, 0, 0
89600, 14604, 1, 0, 0
89700, 12593, 1, 0, 0
89800, 14290, 1, 0, 0
89900, 18526, 1, 0, 0
90000, 14255, 1, 0, 0
