250, 464, 1, 0, 0
350, 450, 1, 0, 0
450, 530, 1, 0, 0
550, 550, 1, 0, 0
650, 390, 1, 0, 0
749, 494, 1, 0, 0
849, 510, 1, 0, 0
949, 520, 1, 0, 0
1050, 540, 1, 0, 0
1150, 520, 1, 0, 0
1249, 505, 1, 0, 0
1349, 460, 1, 0, 0
1449, 510, 1, 0, 0
1549, 510, 1, 0, 0
1649, 520, 1, 0, 0
1749, 410, 1, 0, 0
1849, 510, 1, 0, 0
1949, 480, 1, 0, 0
2050, 450, 1, 0, 0
2150, 510, 1, 0, 0
2249, 474, 1, 0, 0
2349, 520, 1, 0, 0
2449, 430, 1, 0, 0
2549, 540, 1, 0, 0
2649, 470, 1, 0, 0
2749, 460, 1, 0, 0
2850, 490, 1, 0, 0
2950, 530, 1, 0, 0
3050, 520, 1, 0, 0
3150, 520, 1, 0, 0
3249, 505, 1, 0, 0
3349, 510, 1, 0, 0
3449, 430, 1, 0, 0
3549, 450, 1, 0, 0
3649, 460, 1, 0, 0
3750, 520, 1, 0, 0
3850, 490, 1, 0, 0
3950, 430, 1, 0, 0
4050, 540, 1, 0, 0
4150, 450, 1, 0, 0
4249, 505, 1, 0, 0
4349, 500, 1, 0, 0
4449, 510, 1, 0, 0
4549, 500, 1, 0, 0
4649, 520, 1, 0, 0
4750, 240, 1, 0, 0
4850, 560, 1, 0, 0
4950, 500, 1, 0, 0
5050, 530, 1, 0, 0
5150, 500, 1, 0, 0
5249, 424, 1, 0, 0
5349, 540, 1, 0, 0
5449, 510, 1, 0, 0
5549, 420, 1, 0, 0
5649, 550, 1, 0, 0
5750, 500, 1, 0, 0
5850, 480, 1, 0, 0
5950, 480, 1, 0, 0
6050, 450, 1, 0, 0
6150, 510, 1, 0, 0
6249, 464, 1, 0, 0
6349, 510, 1, 0, 0
6449, 310, 1, 0, 0
6549, 540, 1, 0, 0
6650, 500, 1, 0, 0
6750, 540, 1, 0, 0
6850, 460, 1, 0, 0
6950, 550, 1, 0, 0
7050, 520, 1, 0, 0
7150, 480, 1, 0, 0
7249, 444, 1, 0, 0
7349, 550, 1, 0, 0
7449, 470, 1, 0, 0
7550, 490, 1, 0, 0
7650, 490, 1, 0, 0
7749, 535, 1, 0, 0
7849, 490, 1, 0, 0
7949, 580, 1, 0, 0
8049, 500, 1, 0, 0
8149, 510, 1, 0, 0
8249, 510, 1, 0, 0
8349, 500, 1, 0, 0
8449, 500, 1, 0, 0
8550, 530, 1, 0, 0
8650, 530, 1, 0, 0
8749, 505, 1, 0, 0
8849, 530, 1, 0, 0
8949, 530, 1, 0, 0
9049, 480, 1, 0, 0
9149, 460, 1, 0, 0
9249, 510, 1, 0, 0
9349, 410, 1, 0, 0
9450, 450, 1, 0, 0
9550, 450, 1, 0, 0
9650, 500, 1, 0, 0
9749, 454, 1, 0, 0
9849, 420, 1, 0, 0
9949, 480, 1, 0, 0
10049, 510, 1, 0, 0
10149, 420, 1, 0, 0
10249, 550, 1, 0, 0
10350, 520, 1, 0, 0
10450, 530, 1, 0, 0
10550, 500, 1, 0, 0
10650, 550, 1, 0, 0
10749, 484, 1, 0, 0
10849, 420, 1, 0, 0
10949, 470, 1, 0, 0
11049, 530, 1, 0, 0
11149, 470, 1, 0, 0
11250, 540, 1, 0, 0
11350, 490, 1, 0, 0
11450, 230, 1, 0, 0
11550, 510, 1, 0, 0
11650, 480, 1, 0, 0
11749, 484, 1, 0, 0
11849, 470, 1, 0, 0
11949, 480, 1, 0, 0
12049, 520, 1, 0, 0
12150, 380, 1, 0, 0
12249, 515, 1, 0, 0
12349, 510, 1, 0, 0
12449, 470, 1, 0, 0
12549, 440, 1, 0, 0
12649, 490, 1, 0, 0
12749, 550, 1, 0, 0
12849, 390, 1, 0, 0
12949, 380, 1, 0, 0
13050, 520, 1, 0, 0
13150, 540, 1, 0, 0
13249, 444, 1, 0, 0
13349, 460, 1, 0, 0
13449, 470, 1, 0, 0
13549, 500, 1, 0, 0
13649, 470, 1, 0, 0
13749, 470, 1, 0, 0
13849, 550, 1, 0, 0
13950, 230, 1, 0, 0
14050, 470, 1, 0, 0
14150, 510, 1, 0, 0
14249, 474, 1, 0, 0
14349, 390, 1, 0, 0
14449, 530, 1, 0, 0
14549, 400, 1, 0, 0
14649, 560, 1, 0, 0
14749, 500, 1, 0, 0
14850, 410, 1, 0, 0
14950, 490, 1, 0, 0
15050, 510, 1, 0, 0
15150, 480, 1, 0, 0
15249, 515, 1, 0, 0
15349, 480, 1, 0, 0
15449, 460, 1, 0, 0
15549, 520, 1, 0, 0
15649, 480, 1, 0, 0
15749, 500, 1, 0, 0
15849, 460, 1, 0, 0
15950, 520, 1, 0, 0
16050, 490, 1, 0, 0
16150, 490, 1, 0, 0
16249, 525, 1, 0, 0
16349, 580, 1, 0, 0
16449, 520, 1, 0, 0
16549, 520, 1, 0, 0
16649, 530, 1, 0, 0
16750, 500, 1, 0, 0
16850, 320, 1, 0, 0
16950, 430, 1, 0, 0
17050, 460, 1, 0, 0
17150, 480, 1, 0, 0
17249, 484, 1, 0, 0
17349, 270, 1, 0, 0
17449, 510, 1, 0, 0
17549, 460, 1, 0, 0
17649, 510, 1, 0, 0
17750, 470, 1, 0, 0
17850, 540, 1, 0, 0
17950, 490, 1, 0, 0
18050, 500, 1, 0, 0
18150, 530, 1, 0, 0
18249, 525, 1, 0, 0
18349, 480, 1, 0, 0
18449, 500, 1, 0, 0
18549, 530, 1, 0, 0
18650, 550, 1, 0, 0
18749, 464, 1, 0, 0
18849, 520, 1, 0, 0
18949, 540, 1, 0, 0
19049, 500, 1, 0, 0
19149, 520, 1, 0, 0
19249, 520, 1, 0, 0
19349, 510, 1, 0, 0
19449, 590, 1, 0, 0
19550, 500, 1, 0, 0
19650, 460, 1, 0, 0
19749, 484, 1, 0, 0
19849, 460, 1, 0, 0
19949, 540, 1, 0, 0
20049, 520, 1, 0, 0
20149, 480, 1, 0, 0
20249, 450, 1, 0, 0
20349, 560, 1, 0, 0
20449, 490, 1, 0, 0
20550, 540, 1, 0, 0
20650, 520, 1, 0, 0
20749, 525, 1, 0, 0
20849, 560, 1, 0, 0
20949, 520, 1, 0, 0
21049, 560, 1, 0, 0
21149, 490, 1, 0, 0
21249, 510, 1, 0, 0
21349, 500, 1, 0, 0
21449, 520, 1, 0, 0
21550, 430, 1, 0, 0
21650, 470, 1, 0, 0
21749, 484, 1, 0, 0
21849, 490, 1, 0, 0
21949, 470, 1, 0, 0
22049, 520, 1, 0, 0
22149, 510, 1, 0, 0
22249, 510, 1, 0, 0
22349, 470, 1, 0, 0
22449, 500, 1, 0, 0
22550, 470, 1, 0, 0
22650, 500, 1, 0, 0
22749, 525, 1, 0, 0
22849, 510, 1, 0, 0
22949, 460, 1, 0, 0
23049, 440, 1, 0, 0
23149, 460, 1, 0, 0
23249, 500, 1, 0, 0
23349, 450, 1, 0, 0
23449, 440, 1, 0, 0
23550, 490, 1, 0, 0
23650, 480, 1, 0, 0
23749, 474, 1, 0, 0
23849, 490, 1, 0, 0
23949, 550, 1, 0, 0
24049, 500, 1, 0, 0
24149, 530, 1, 0, 0
24249, 500, 1, 0, 0
24349, 500, 1, 0, 0
24449, 510, 1, 0, 0
24550, 520, 1, 0, 0
24650, 480, 1, 0, 0
24749, 464, 1, 0, 0
24849, 530, 1, 0, 0
24949, 500, 1, 0, 0
25049, 510, 1, 0, 0
25149, 480, 1, 0, 0
25249, 520, 1, 0, 0
25349, 530, 1, 0, 0
25449, 510, 1, 0, 0
25550, 500, 1, 0, 0
25650, 560, 1, 0, 0
25749, 555, 1, 0, 0
25849, 510, 1, 0, 0
25949, 490, 1, 0, 0
26049, 520, 1, 0, 0
26149, 400, 1, 0, 0
26249, 560, 1, 0, 0
26349, 440, 1, 0, 0
26449, 510, 1, 0, 0
26550, 540, 1, 0, 0
26650, 490, 1, 0, 0
26749, 535, 1, 0, 0
26849, 510, 1, 0, 0
26949, 430, 1, 0, 0
27049, 520, 1, 0, 0
27149, 500, 1, 0, 0
27249, 520, 1, 0, 0
27349, 540, 1, 0, 0
27450, 470, 1, 0, 0
27550, 500, 1, 0, 0
27650, 510, 1, 0, 0
27749, 454, 1, 0, 0
27849, 490, 1, 0, 0
27949, 460, 1, 0, 0
28049, 480, 1, 0, 0
28149, 540, 1, 0, 0
28250, 460, 1, 0, 0
28350, 500, 1, 0, 0
28450, 500, 1, 0, 0
28550, 480, 1, 0, 0
28650, 480, 1, 0, 0
28749, 484, 1, 0, 0
28849, 530, 1, 0, 0
28949, 500, 1, 0, 0
29049, 530, 1, 0, 0
29150, 470, 1, 0, 0
29250, 560, 1, 0, 0
29350, 440, 1, 0, 0
29450, 500, 1, 0, 0
29550, 520, 1, 0, 0
29650, 500, 1, 0, 0
29749, 535, 1, 0, 0
29849, 510, 1, 0, 0
29949, 490, 1, 0, 0
30050, 470, 1, 0, 0
30150, 520, 1, 0, 0
30249, 565, 1, 0, 0
30349, 530, 1, 0, 0
30449, 500, 1, 0, 0
30549, 530, 1, 0, 0
30649, 500, 1, 0, 0
30749, 470, 1, 0, 0
30849, 530, 1, 0, 0
30949, 470, 1, 0, 0
31050, 540, 1, 0, 0
31150, 560, 1, 0, 0
31249, 505, 1, 0, 0
31349, 500, 1, 0, 0
31449, 340, 1, 0, 0
31549, 480, 1, 0, 0
31649, 480, 1, 0, 0
31749, 540, 1, 0, 0
31849, 450, 1, 0, 0
31950, 590, 1, 0, 0
32050, 490, 1, 0, 0
32150, 490, 1, 0, 0
32249, 464, 1, 0, 0
32349, 500, 1, 0, 0
32449, 520, 1, 0, 0
32549, 540, 1, 0, 0
32649, 520, 1, 0, 0
32750, 500, 1, 0, 0
32850, 520, 1, 0, 0
32950, 480, 1, 0, 0
33050, 420, 1, 0, 0
33150, 540, 1, 0, 0
33249, 444, 1, 0, 0
33349, 500, 1, 0, 0
33449, 510, 1, 0, 0
33549, 500, 1, 0, 0
33649, 520, 1, 0, 0
33750, 490, 1, 0, 0
33850, 560, 1, 0, 0
33950, 570, 1, 0, 0
34050, 530, 1, 0, 0
34150, 450, 1, 0, 0
34249, 535, 1, 0, 0
34349, 480, 1, 0, 0
34449, 520, 1, 0, 0
34549, 460, 1, 0, 0
34649, 460, 1, 0, 0
34750, 490, 1, 0, 0
34850, 520, 1, 0, 0
34950, 560, 1, 0, 0
35050, 550, 1, 0, 0
35150, 430, 1, 0, 0
35249, 535, 1, 0, 0
35349, 510, 1, 0, 0
35449, 490, 1, 0, 0
35549, 500, 1, 0, 0
35650, 500, 1, 0, 0
35750, 500, 1, 0, 0
35850, 520, 1, 0, 0
35950, 560, 1, 0, 0
36050, 500, 1, 0, 0
36150, 440, 1, 0, 0
36249, 525, 1, 0, 0
36349, 520, 1, 0, 0
36449, 550, 1, 0, 0
36549, 460, 1, 0, 0
36650, 540, 1, 0, 0
36750, 490, 1, 0, 0
36850, 440, 1, 0, 0
36950, 420, 1, 0, 0
37050, 540, 1, 0, 0
37150, 440, 1, 0, 0
37249, 424, 1, 0, 0
37349, 480, 1, 0, 0
37449, 480, 1, 0, 0
37550, 490, 1, 0, 0
37650, 490, 1, 0, 0
37749, 505, 1, 0, 0
37849, 520, 1, 0, 0
37949, 530, 1, 0, 0
38049, 490, 1, 0, 0
38149, 520, 1, 0, 0
38249, 490, 1, 0, 0
38349, 520, 1, 0, 0
38449, 490, 1, 0, 0
38550, 490, 1, 0, 0
38650, 370, 1, 0, 0
38749, 404, 1, 0, 0
38849, 510, 1, 0, 0
38949, 520, 1, 0, 0
39049, 530, 1, 0, 0
39149, 530, 1, 0, 0
39249, 530, 1, 0, 0
39349, 490, 1, 0, 0
39450, 510, 1, 0, 0
39550, 490, 1, 0, 0
39650, 540, 1, 0, 0
39749, 444, 1, 0, 0
39849, 430, 1, 0, 0
39949, 530, 1, 0, 0
40049, 510, 1, 0, 0
40149, 430, 1, 0, 0
40249, 530, 1, 0, 0
40350, 420, 1, 0, 0
40450, 480, 1, 0, 0
40550, 460, 1, 0, 0
40650, 490, 1, 0, 0
40749, 474, 1, 0, 0
40849, 440, 1, 0, 0
40949, 520, 1, 0, 0
41049, 450, 1, 0, 0
41149, 450, 1, 0, 0
41250, 440, 1, 0, 0
41350, 450, 1, 0, 0
41450, 530, 1, 0, 0
41550, 460, 1, 0, 0
41650, 480, 1, 0, 0
41749, 505, 1, 0, 0
41849, 480, 1, 0, 0
41949, 420, 1, 0, 0
42049, 490, 1, 0, 0
42150, 540, 1, 0, 0
42250, 580, 1, 0, 0
42350, 550, 1, 0, 0
42450, 500, 1, 0, 0
42550, 520, 1, 0, 0
42650, 530, 1, 0, 0
42749, 494, 1, 0, 0
42849, 460, 1, 0, 0
42949, 540, 1, 0, 0
43050, 490, 1, 0, 0
43150, 510, 1, 0, 0
43249, 525, 1, 0, 0
43349, 480, 1, 0, 0
43449, 490, 1, 0, 0
43549, 490, 1, 0, 0
43649, 530, 1, 0, 0
43749, 510, 1, 0, 0
43849, 520, 1, 0, 0
43950, 540, 1, 0, 0
44050, 550, 1, 0, 0
44150, 440, 1, 0, 0
44249, 474, 1, 0, 0
44349, 490, 1, 0, 0
44449, 550, 1, 0, 0
44549, 450, 1, 0, 0
44649, 460, 1, 0, 0
44749, 450, 1, 0, 0
44850, 520, 1, 0, 0
44950, 480, 1, 0, 0
45050, 470, 1, 0, 0
45150, 530, 1, 0, 0
45249, 505, 1, 0, 0
45349, 520, 1, 0, 0
45449, 540, 1, 0, 0
45549, 480, 1, 0, 0
45649, 440, 1, 0, 0
45750, 510, 1, 0, 0
45850, 530, 1, 0, 0
45950, 470, 1, 0, 0
46050, 470, 1, 0, 0
46150, 510, 1, 0, 0
46249, 505, 1, 0, 0
46349, 430, 1, 0, 0
46449, 430, 1, 0, 0
46549, 520, 1, 0, 0
46649, 510, 1, 0, 0
46750, 540, 1, 0, 0
46850, 510, 1, 0, 0
46950, 440, 1, 0, 0
47050, 480, 1, 0, 0
47150, 240, 1, 0, 0
47249, 515, 1, 0, 0
47349, 540, 1, 0, 0
47449, 480, 1, 0, 0
47550, 530, 1, 0, 0
47650, 500, 1, 0, 0
47749, 454, 1, 0, 0
47849, 270, 1, 0, 0
47949, 510, 1, 0, 0
48049, 520, 1, 0, 0
48149, 470, 1, 0, 0
48249, 460, 1, 0, 0
48349, 530, 1, 0, 0
48449, 530, 1, 0, 0
48550, 530, 1, 0, 0
48650, 460, 1, 0, 0
48749, 494, 1, 0, 0
48849, 510, 1, 0, 0
48949, 460, 1, 0, 0
49049, 480, 1, 0, 0
49149, 570, 1, 0, 0
49249, 570, 1, 0, 0
49349, 540, 1, 0, 0
49449, 510, 1, 0, 0
49550, 490, 1, 0, 0
49650, 410, 1, 0, 0
49749, 565, 1, 0, 0
49849, 410, 1, 0, 0
49949, 480, 1, 0, 0
50049, 500, 1, 0, 0
50149, 510, 1, 0, 0
50249, 510, 1, 0, 0
50349, 510, 1, 0, 0
50450, 480, 1, 0, 0
50550, 500, 1, 0, 0
50650, 420, 1, 0, 0
50749, 515, 1, 0, 0
50849, 470, 1, 0, 0
50949, 470, 1, 0, 0
51049, 550, 1, 0, 0
51149, 460, 1, 0, 0
51249, 480, 1, 0, 0
51350, 530, 1, 0, 0
51450, 460, 1, 0, 0
51550, 500, 1, 0, 0
51650, 430, 1, 0, 0
51749, 525, 1, 0, 0
51849, 450, 1, 0, 0
51949, 540, 1, 0, 0
52049, 510, 1, 0, 0
52149, 430, 1, 0, 0
52250, 460, 1, 0, 0
52350, 510, 1, 0, 0
52450, 490, 1, 0, 0
52550, 460, 1, 0, 0
52650, 470, 1, 0, 0
52749, 515, 1, 0, 0
52849, 240, 1, 0, 0
52949, 490, 1, 0, 0
53049, 430, 1, 0, 0
53149, 530, 1, 0, 0
53250, 450, 1, 0, 0
53350, 510, 1, 0, 0
53450, 560, 1, 0, 0
53550, 500, 1, 0, 0
53650, 570, 1, 0, 0
53749, 505, 1, 0, 0
53849, 470, 1, 0, 0
53949, 440, 1, 0, 0
54049, 560, 1, 0, 0
54150, 490, 1, 0, 0
54250, 300, 1, 0, 0
54350, 360, 1, 0, 0
54450, 540, 1, 0, 0
54550, 520, 1, 0, 0
54650, 500, 1, 0, 0
54749, 484, 1, 0, 0
54849, 500, 1, 0, 0
54949, 500, 1, 0, 0
55050, 500, 1, 0, 0
55150, 500, 1, 0, 0
55249, 505, 1, 0, 0
55349, 520, 1, 0, 0
55449, 440, 1, 0, 0
55549, 540, 1, 0, 0
55649, 450, 1, 0, 0
55749, 520, 1, 0, 0
55849, 510, 1, 0, 0
55949, 540, 1, 0, 0
56050, 500, 1, 0, 0
56150, 530, 1, 0, 0
56249, 212, 1, 0, 0
56349, 260, 1, 0, 0
56449, 570, 1, 0, 0
56549, 460, 1, 0, 0
56649, 540, 1, 0, 0
56749, 260, 1, 0, 0
56849, 550, 1, 0, 0
56950, 510, 1, 0, 0
57050, 480, 1, 0, 0
57150, 510, 1, 0, 0
57249, 494, 1, 0, 0
57349, 390, 1, 0, 0
57449, 520, 1, 0, 0
57549, 500, 1, 0, 0
57649, 560, 1, 0, 0
57749, 500, 1, 0, 0
57849, 530, 1, 0, 0
57950, 510, 1, 0, 0
58050, 460, 1, 0, 0
58150, 480, 1, 0, 0
58249, 444, 1, 0, 0
58349, 390, 1, 0, 0
58449, 510, 1, 0, 0
58549, 550, 1, 0, 0
58649, 550, 1, 0, 0
58750, 490, 1, 0, 0
58850, 490, 1, 0, 0
58950, 470, 1, 0, 0
59050, 480, 1, 0, 0
59150, 530, 1, 0, 0
59249, 484, 1, 0, 0
59349, 480, 1, 0, 0
59449, 470, 1, 0, 0
59549, 440, 1, 0, 0
59649, 500, 1, 0, 0
59750, 490, 1, 0, 0
59850, 530, 1, 0, 0
59950, 460, 1, 0, 0
60050, 460, 1, 0, 0
60150, 500, 1, 0, 0
60249, 424, 1, 0, 0
60349, 450, 1, 0, 0
60449, 540, 1, 0, 0
60549, 540, 1, 0, 0
60649, 520, 1, 0, 0
60750, 510, 1, 0, 0
60850, 550, 1, 0, 0
60950, 560, 1, 0, 0
61050, 460, 1, 0, 0
61150, 480, 1, 0, 0
61249, 414, 1, 0, 0
61349, 480, 1, 0, 0
61449, 520, 1, 0, 0
61549, 480, 1, 0, 0
61649, 510, 1, 0, 0
61750, 490, 1, 0, 0
61850, 490, 1, 0, 0
61950, 480, 1, 0, 0
62050, 450, 1, 0, 0
62150, 550, 1, 0, 0
62249, 515, 1, 0, 0
62349, 480, 1, 0, 0
62449, 300, 1, 0, 0
62549, 570, 1, 0, 0
62649, 550, 1, 0, 0
62750, 470, 1, 0, 0
62850, 450, 1, 0, 0
62950, 510, 1, 0, 0
63050, 290, 1, 0, 0
63150, 470, 1, 0, 0
63249, 494, 1, 0, 0
63349, 470, 1, 0, 0
63449, 360, 1, 0, 0
63550, 510, 1, 0, 0
63650, 520, 1, 0, 0
63749, 515, 1, 0, 0
63849, 310, 1, 0, 0
63949, 530, 1, 0, 0
64049, 510, 1, 0, 0
64149, 430, 1, 0, 0
64249, 540, 1, 0, 0
64349, 430, 1, 0, 0
64450, 530, 1, 0, 0
64550, 500, 1, 0, 0
64650, 500, 1, 0, 0
64749, 525, 1, 0, 0
64849, 480, 1, 0, 0
64949, 450, 1, 0, 0
65049, 420, 1, 0, 0
65149, 160, 1, 0, 0
65250, 510, 1, 0, 0
65350, 250, 1, 0, 0
65450, 480, 1, 0, 0
65550, 550, 1, 0, 0
65650, 550, 1, 0, 0
65749, 494, 1, 0, 0
65849, 450, 1, 0, 0
65949, 520, 1, 0, 0
66049, 410, 1, 0, 0
66149, 490, 1, 0, 0
66250, 530, 1, 0, 0
66350, 550, 1, 0, 0
66450, 370, 1, 0, 0
66550, 470, 1, 0, 0
66650, 530, 1, 0, 0
66749, 515, 1, 0, 0
66849, 520, 1, 0, 0
66949, 540, 1, 0, 0
67050, 480, 1, 0, 0
67150, 490, 1, 0, 0
67249, 505, 1, 0, 0
67349, 380, 1, 0, 0
67449, 480, 1, 0, 0
67549, 120, 1, 0, 0
67649, 150, 1, 0, 0
67749, 510, 1, 0, 0
67849, 560, 1, 0, 0
67949, 530, 1, 0, 0
68050, 570, 1, 0, 0
68150, 460, 1, 0, 0
68349, 320, 1, 0, 0
68449, 500, 1, 0, 0
68549, 570, 1, 0, 0
68649, 470, 1, 0, 0
68750, 470, 1, 0, 0
68850, 490, 1, 0, 0
68950, 40, 1, 0, 0
69050, 270, 1, 0, 0
69150, 460, 1, 0, 0
69249, 474, 1, 0, 0
69349, 510, 1, 0, 0
69449, 430, 1, 0, 0
69549, 340, 1, 0, 0
69649, 470, 1, 0, 0
69750, 510, 1, 0, 0
69850, 490, 1, 0, 0
69950, 430, 1, 0, 0
70050, 470, 1, 0, 0
70150, 550, 1, 0, 0
70249, 222, 1, 0, 0
70449, 20, 1, 0, 0
70550, 20, 1, 0, 0
70650, 300, 1, 0, 0
70749, 525, 1, 0, 0
70849, 490, 1, 0, 0
70949, 500, 1, 0, 0
71049, 380, 1, 0, 0
71149, 310, 1, 0, 0
71249, 500, 1, 0, 0
71350, 510, 1, 0, 0
71450, 430, 1, 0, 0
71550, 100, 1, 0, 0
71650, 50, 1, 0, 0
71749, 555, 1, 0, 0
71849, 520, 1, 0, 0
71949, 550, 1, 0, 0
72049, 510, 1, 0, 0
72150, 520, 1, 0, 0
72250, 540, 1, 0, 0
72350, 450, 1, 0, 0
72450, 470, 1, 0, 0
72550, 460, 1, 0, 0
72650, 420, 1, 0, 0
72749, 323, 1, 0, 0
72950, 110, 1, 0, 0
73050, 460, 1, 0, 0
73150, 550, 1, 0, 0
73249, 474, 1, 0, 0
73349, 260, 1, 0, 0
73649, 450, 1, 0, 0
73750, 540, 1, 0, 0
73850, 540, 1, 0, 0
73950, 520, 1, 0, 0
74050, 540, 1, 0, 0
74150, 80, 1, 0, 0
74349, 340, 1, 0, 0
74449, 520, 1, 0, 0
74549, 300, 1, 0, 0
74650, 310, 1, 0, 0
74849, 80, 1, 0, 0
74949, 350, 1, 0, 0
75049, 460, 1, 0, 0
75149, 590, 1, 0, 0
75249, 410, 1, 0, 0
75349, 480, 1, 0, 0
75449, 390, 1, 0, 0
75550, 50, 1, 0, 0
75650, 20, 1, 0, 0
75849, 140, 1, 0, 0
75949, 280, 1, 0, 0
76049, 550, 1, 0, 0
76149, 450, 1, 0, 0
76350, 180, 1, 0, 0
76450, 490, 1, 0, 0
76550, 500, 1, 0, 0
76650, 480, 1, 0, 0
76749, 424, 1, 0, 0
76950, 170, 1, 0, 0
77050, 540, 1, 0, 0
77150, 530, 1, 0, 0
77249, 575, 1, 0, 0
77349, 400, 1, 0, 0
77449, 470, 1, 0, 0
77549, 550, 1, 0, 0
77649, 540, 1, 0, 0
77749, 460, 1, 0, 0
77849, 290, 1, 0, 0
77950, 440, 1, 0, 0
78050, 150, 1, 0, 0
78150, 440, 1, 0, 0
78249, 545, 1, 0, 0
78349, 380, 1, 0, 0
78449, 230, 1, 0, 0
78549, 530, 1, 0, 0
78649, 390, 1, 0, 0
78850, 340, 1, 0, 0
78950, 460, 1, 0, 0
79050, 480, 1, 0, 0
79150, 410, 1, 0, 0
79249, 565, 1, 0, 0
79349, 380, 1, 0, 0
79449, 320, 1, 0, 0
79550, 360, 1, 0, 0
79650, 340, 1, 0, 0
79749, 515, 1, 0, 0
79849, 420, 1, 0, 0
79949, 190, 1, 0, 0
80250, 420, 1, 0, 0
80350, 350, 1, 0, 0
80450, 90, 1, 0, 0
80550, 150, 1, 0, 0
80650, 480, 1, 0, 0
80749, 373, 1, 0, 0
80849, 460, 1, 0, 0
80949, 510, 1, 0, 0
81049, 10, 1, 0, 0
81150, 190, 1, 0, 0
81250, 490, 1, 0, 0
81350, 460, 1, 0, 0
81450, 530, 1, 0, 0
81550, 420, 1, 0, 0
81650, 310, 1, 0, 0
81749, 525, 1, 0, 0
81849, 580, 1, 0, 0
81949, 570, 1, 0, 0
82050, 480, 1, 0, 0
82150, 410, 1, 0, 0
82249, 525, 1, 0, 0
82349, 490, 1, 0, 0
82449, 490, 1, 0, 0
82549, 500, 1, 0, 0
82649, 490, 1, 0, 0
82749, 480, 1, 0, 0
82849, 510, 1, 0, 0
82949, 500, 1, 0, 0
83050, 500, 1, 0, 0
83150, 450, 1, 0, 0
83249, 464, 1, 0, 0
83349, 510, 1, 0, 0
83449, 510, 1, 0, 0
83549, 400, 1, 0, 0
83649, 510, 1, 0, 0
83749, 490, 1, 0, 0
83849, 340, 1, 0, 0
83950, 520, 1, 0, 0
84050, 470, 1, 0, 0
84150, 530, 1, 0, 0
84249, 404, 1, 0, 0
84349, 490, 1, 0, 0
84449, 500, 1, 0, 0
84549, 440, 1, 0, 0
84649, 480, 1, 0, 0
84749, 270, 1, 0, 0
84849, 520, 1, 0, 0
84949, 510, 1, 0, 0
85050, 510, 1, 0, 0
85150, 380, 1, 0, 0
85249, 454, 1, 0, 0
85349, 500, 1, 0, 0
85449, 460, 1, 0, 0
85549, 510, 1, 0, 0
85649, 310, 1, 0, 0
85749, 530, 1, 0, 0
85849, 410, 1, 0, 0
85949, 480, 1, 0, 0
86049, 500, 1, 0, 0
86150, 520, 1, 0, 0
86250, 390, 1, 0, 0
86350, 530, 1, 0, 0
86450, 520, 1, 0, 0
86550, 510, 1, 0, 0
86650, 490, 1, 0, 0
86749, 454, 1, 0, 0
86849, 530, 1, 0, 0
86949, 460, 1, 0, 0
87050, 480, 1, 0, 0
87150, 490, 1, 0, 0
87249, 454, 1, 0, 0
87349, 560, 1, 0, 0
87449, 500, 1, 0, 0
87549, 500, 1, 0, 0
87649, 560, 1, 0, 0
87749, 520, 1, 0, 0
87849, 380, 1, 0, 0
87949, 410, 1, 0, 0
88050, 490, 1, 0, 0
88150, 460, 1, 0, 0
88249, 343, 1, 0, 0
88349, 550, 1, 0, 0
88449, 510, 1, 0, 0
88549, 500, 1, 0, 0
88649, 390, 1, 0, 0
88749, 470, 1, 0, 0
88849, 540, 1, 0, 0
88949, 440, 1, 0, 0
89050, 520, 1, 0, 0
89150, 510, 1, 0, 0
89249, 484, 1, 0, 0
89349, 490, 1, 0, 0
89449, 510, 1, 0, 0
89549, 510, 1, 0, 0
89649, 430, 1, 0, 0
89749, 550, 1, 0, 0
89849, 540, 1, 0, 0
89950, 420, 1, 0, 0
