115, 75965, 1, 0, 0
215, 87680, 1, 0, 0
315, 88320, 1, 0, 0
415, 78720, 1, 0, 0
514, 87919, 1, 0, 0
614, 90240, 1, 0, 0
714, 81920, 1, 0, 0
815, 88000, 1, 0, 0
915, 53760, 1, 0, 0
1014, 92444, 1, 0, 0
1114, 92480, 1, 0, 0
1214, 88960, 1, 0, 0
1314, 85440, 1, 0, 0
1414, 83840, 1, 0, 0
1515, 89280, 1, 0, 0
1615, 81600, 1, 0, 0
1715, 83840, 1, 0, 0
1815, 88000, 1, 0, 0
1915, 87680, 1, 0, 0
2014, 83070, 1, 0, 0
2114, 82560, 1, 0, 0
2214, 88320, 1, 0, 0
2314, 80640, 1, 0, 0
2415, 82560, 1, 0, 0
2515, 94400, 1, 0, 0
2615, 77440, 1, 0, 0
2715, 87680, 1, 0, 0
2815, 91840, 1, 0, 0
2915, 83840, 1, 0, 0
3014, 81454, 1, 0, 0
3114, 85440, 1, 0, 0
3214, 86400, 1, 0, 0
3315, 93120, 1, 0, 0
3415, 80960, 1, 0, 0
3514, 91474, 1, 0, 0
3614, 86720, 1, 0, 0
3714, 88320, 1, 0, 0
3814, 77440, 1, 0, 0
3914, 93440, 1, 0, 0
4015, 88640, 1, 0, 0
4115, 87360, 1, 0, 0
4215, 73600, 1, 0, 0
4315, 98880, 1, 0, 0
4415, 89600, 1, 0, 0
4514, 87919, 1, 0, 0
4614, 84160, 1, 0, 0
4714, 89920, 1, 0, 0
4814, 88960, 1, 0, 0
4915, 86400, 1, 0, 0
5015, 83840, 1, 0, 0
5115, 86720, 1, 0, 0
5215, 90240, 1, 0, 0
5315, 82560, 1, 0, 0
5415, 82880, 1, 0, 0
5514, 87272, 1, 0, 0
5614, 88960, 1, 0, 0
5714, 88320, 1, 0, 0
5815, 93440, 1, 0, 0
5915, 87680, 1, 0, 0
6015, 88000, 1, 0, 0
6115, 87040, 1, 0, 0
6215, 91520, 1, 0, 0
6315, 91200, 1, 0, 0
6415, 91200, 1, 0, 0
6514, 85333, 1, 0, 0
6614, 92160, 1, 0, 0
6714, 83520, 1, 0, 0
6815, 85440, 1, 0, 0
6915, 83840, 1, 0, 0
7014, 82747, 1, 0, 0
7114, 88000, 1, 0, 0
7214, 93120, 1, 0, 0
7314, 86720, 1, 0, 0
7414, 88960, 1, 0, 0
7515, 91200, 1, 0, 0
7615, 90560, 1, 0, 0
7715, 90560, 1, 0, 0
7815, 88320, 1, 0, 0
7915, 83520, 1, 0, 0
8014, 87272, 1, 0, 0
8114, 84800, 1, 0, 0
8214, 85120, 1, 0, 0
8314, 82240, 1, 0, 0
8414, 89280, 1, 0, 0
8515, 81920, 1, 0, 0
8615, 78720, 1, 0, 0
8715, 85440, 1, 0, 0
8815, 83840, 1, 0, 0
8915, 86080, 1, 0, 0
9014, 75959, 1, 0, 0
9114, 92480, 1, 0, 0
9214, 66880, 1, 0, 0
9314, 67200, 1, 0, 0
9415, 93440, 1, 0, 0
9515, 61120, 1, 0, 0
9615, 61120, 1, 0, 0
9715, 88960, 1, 0, 0
9815, 87040, 1, 0, 0
9915, 70080, 1, 0, 0
10014, 85656, 1, 0, 0
10114, 87040, 1, 0, 0
10214, 71360, 1, 0, 0
10314, 80320, 1, 0, 0
10415, 86400, 1, 0, 0
10515, 78400, 1, 0, 0
10615, 92160, 1, 0, 0
10715, 65280, 1, 0, 0
10815, 94080, 1, 0, 0
10915, 83520, 1, 0, 0
11014, 79838, 1, 0, 0
11114, 87680, 1, 0, 0
11214, 89280, 1, 0, 0
11315, 101440, 1, 0, 0
11415, 88320, 1, 0, 0
11514, 74666, 1, 0, 0
11614, 72640, 1, 0, 0
11714, 80000, 1, 0, 0
11814, 86080, 1, 0, 0
11914, 91840, 1, 0, 0
12015, 80000, 1, 0, 0
12115, 81600, 1, 0, 0
12215, 91200, 1, 0, 0
12315, 87360, 1, 0, 0
12415, 89280, 1, 0, 0
12514, 81454, 1, 0, 0
12614, 79040, 1, 0, 0
12714, 88960, 1, 0, 0
12814, 90880, 1, 0, 0
12914, 88000, 1, 0, 0
13015, 79360, 1, 0, 0
13115, 82240, 1, 0, 0
13215, 88640, 1, 0, 0
13315, 81600, 1, 0, 0
13415, 87040, 1, 0, 0
13514, 86626, 1, 0, 0
13614, 87360, 1, 0, 0
13714, 90560, 1, 0, 0
13815, 90560, 1, 0, 0
13915, 88640, 1, 0, 0
14015, 89600, 1, 0, 0
14115, 50880, 1, 0, 0
14215, 82880, 1, 0, 0
14315, 88320, 1, 0, 0
14415, 78720, 1, 0, 0
14514, 83717, 1, 0, 0
14614, 87680, 1, 0, 0
14714, 83840, 1, 0, 0
14815, 84800, 1, 0, 0
14915, 86080, 1, 0, 0
15014, 88888, 1, 0, 0
15114, 85760, 1, 0, 0
15214, 79040, 1, 0, 0
15314, 91200, 1, 0, 0
15414, 76160, 1, 0, 0
15515, 88000, 1, 0, 0
15615, 90560, 1, 0, 0
15715, 88320, 1, 0, 0
15815, 83200, 1, 0, 0
15915, 85760, 1, 0, 0
16014, 88565, 1, 0, 0
16114, 70720, 1, 0, 0
16214, 70720, 1, 0, 0
16314, 91840, 1, 0, 0
16414, 85440, 1, 0, 0
16515, 84480, 1, 0, 0
16615, 76480, 1, 0, 0
16715, 88000, 1, 0, 0
16815, 71360, 1, 0, 0
16915, 85760, 1, 0, 0
17014, 78222, 1, 0, 0
17114, 75840, 1, 0, 0
17214, 69120, 1, 0, 0
17314, 94720, 1, 0, 0
17415, 85760, 1, 0, 0
17515, 82240, 1, 0, 0
17615, 84800, 1, 0, 0
17715, 94080, 1, 0, 0
17815, 92480, 1, 0, 0
17915, 90560, 1, 0, 0
18014, 92767, 1, 0, 0
18114, 85120, 1, 0, 0
18214, 85440, 1, 0, 0
18315, 84160, 1, 0, 0
18415, 88640, 1, 0, 0
18514, 85979, 1, 0, 0
18614, 80000, 1, 0, 0
18714, 86080, 1, 0, 0
18814, 78720, 1, 0, 0
18914, 75520, 1, 0, 0
19014, 86400, 1, 0, 0
19114, 81600, 1, 0, 0
19215, 88960, 1, 0, 0
19315, 64960, 1, 0, 0
19415, 96960, 1, 0, 0
19514, 88565, 1, 0, 0
19614, 87680, 1, 0, 0
19714, 88320, 1, 0, 0
19814, 84160, 1, 0, 0
19914, 88320, 1, 0, 0
20015, 88000, 1, 0, 0
20115, 88320, 1, 0, 0
20215, 80960, 1, 0, 0
20315, 79360, 1, 0, 0
20415, 84800, 1, 0, 0
20514, 84040, 1, 0, 0
20614, 86720, 1, 0, 0
20714, 81600, 1, 0, 0
20815, 88640, 1, 0, 0
20915, 93120, 1, 0, 0
21015, 91840, 1, 0, 0
21115, 85760, 1, 0, 0
21215, 86080, 1, 0, 0
21315, 75840, 1, 0, 0
21415, 83200, 1, 0, 0
21514, 79838, 1, 0, 0
21614, 92800, 1, 0, 0
21714, 89280, 1, 0, 0
21815, 85120, 1, 0, 0
21915, 87360, 1, 0, 0
22014, 93414, 1, 0, 0
22114, 82880, 1, 0, 0
22214, 82560, 1, 0, 0
22314, 95360, 1, 0, 0
22414, 81600, 1, 0, 0
22515, 88320, 1, 0, 0
22615, 93760, 1, 0, 0
22715, 90560, 1, 0, 0
22815, 90240, 1, 0, 0
22915, 78080, 1, 0, 0
23014, 86949, 1, 0, 0
23114, 85120, 1, 0, 0
23214, 86080, 1, 0, 0
23314, 83840, 1, 0, 0
23415, 82240, 1, 0, 0
23515, 88960, 1, 0, 0
23615, 97920, 1, 0, 0
23715, 87040, 1, 0, 0
23815, 84480, 1, 0, 0
23915, 83840, 1, 0, 0
24014, 84686, 1, 0, 0
24114, 88320, 1, 0, 0
24214, 84800, 1, 0, 0
24315, 69760, 1, 0, 0
24415, 85120, 1, 0, 0
24514, 85979, 1, 0, 0
24614, 83200, 1, 0, 0
24714, 82880, 1, 0, 0
24814, 80320, 1, 0, 0
24914, 96960, 1, 0, 0
25015, 84480, 1, 0, 0
25115, 76800, 1, 0, 0
25215, 73920, 1, 0, 0
25315, 85120, 1, 0, 0
25415, 80960, 1, 0, 0
25514, 83070, 1, 0, 0
25614, 83200, 1, 0, 0
25714, 77120, 1, 0, 0
25814, 88320, 1, 0, 0
25914, 83200, 1, 0, 0
26015, 90560, 1, 0, 0
26115, 91520, 1, 0, 0
26215, 75840, 1, 0, 0
26315, 71360, 1, 0, 0
26415, 75520, 1, 0, 0
26514, 83393, 1, 0, 0
26614, 86400, 1, 0, 0
26714, 85760, 1, 0, 0
26815, 92480, 1, 0, 0
26915, 82560, 1, 0, 0
27014, 91151, 1, 0, 0
27114, 83840, 1, 0, 0
27214, 87360, 1, 0, 0
27314, 90560, 1, 0, 0
27414, 80320, 1, 0, 0
27515, 83520, 1, 0, 0
27615, 84800, 1, 0, 0
27715, 84480, 1, 0, 0
27815, 98880, 1, 0, 0
27915, 83840, 1, 0, 0
28014, 86949, 1, 0, 0
28114, 90240, 1, 0, 0
28214, 87680, 1, 0, 0
28314, 82240, 1, 0, 0
28415, 80640, 1, 0, 0
28515, 91520, 1, 0, 0
28615, 86720, 1, 0, 0
28715, 87040, 1, 0, 0
28815, 87040, 1, 0, 0
28915, 98560, 1, 0, 0
29014, 89212, 1, 0, 0
29114, 91520, 1, 0, 0
29214, 95040, 1, 0, 0
29315, 90880, 1, 0, 0
29415, 81280, 1, 0, 0
29514, 83393, 1, 0, 0
29614, 90240, 1, 0, 0
29714, 95040, 1, 0, 0
29814, 89920, 1, 0, 0
29914, 91200, 1, 0, 0
30015, 89920, 1, 0, 0
30115, 85760, 1, 0, 0
30215, 80960, 1, 0, 0
30315, 89600, 1, 0, 0
30415, 87680, 1, 0, 0
30514, 82747, 1, 0, 0
30614, 82560, 1, 0, 0
30714, 79680, 1, 0, 0
30814, 106240, 1, 0, 0
30914, 99200, 1, 0, 0
31015, 98880, 1, 0, 0
31115, 76480, 1, 0, 0
31215, 80640, 1, 0, 0
31315, 82240, 1, 0, 0
31415, 82880, 1, 0, 0
31514, 86949, 1, 0, 0
31614, 90880, 1, 0, 0
31714, 86400, 1, 0, 0
31815, 87040, 1, 0, 0
31915, 88000, 1, 0, 0
32014, 88565, 1, 0, 0
32114, 89600, 1, 0, 0
32214, 92800, 1, 0, 0
32314, 86400, 1, 0, 0
32414, 87040, 1, 0, 0
32514, 86400, 1, 0, 0
32615, 86080, 1, 0, 0
32715, 89920, 1, 0, 0
32815, 86720, 1, 0, 0
32915, 87360, 1, 0, 0
33014, 89535, 1, 0, 0
33114, 88640, 1, 0, 0
33214, 87040, 1, 0, 0
33314, 89280, 1, 0, 0
33414, 78400, 1, 0, 0
33514, 94080, 1, 0, 0
33615, 88640, 1, 0, 0
33715, 86080, 1, 0, 0
33815, 94080, 1, 0, 0
33915, 88320, 1, 0, 0
34014, 88242, 1, 0, 0
34114, 93120, 1, 0, 0
34214, 86720, 1, 0, 0
34314, 87040, 1, 0, 0
34414, 72320, 1, 0, 0
34515, 96320, 1, 0, 0
34615, 103680, 1, 0, 0
34715, 91200, 1, 0, 0
34815, 77120, 1, 0, 0
34915, 88000, 1, 0, 0
35014, 85010, 1, 0, 0
35114, 80000, 1, 0, 0
35214, 90560, 1, 0, 0
35315, 91840, 1, 0, 0
35415, 92800, 1, 0, 0
35514, 79515, 1, 0, 0
35614, 87680, 1, 0, 0
35714, 86080, 1, 0, 0
35814, 87680, 1, 0, 0
35914, 78720, 1, 0, 0
36014, 80960, 1, 0, 0
36115, 83520, 1, 0, 0
36215, 82240, 1, 0, 0
36315, 82880, 1, 0, 0
36415, 81920, 1, 0, 0
36514, 88565, 1, 0, 0
36614, 83520, 1, 0, 0
36714, 92160, 1, 0, 0
36814, 82240, 1, 0, 0
36914, 87040, 1, 0, 0
37015, 85760, 1, 0, 0
37115, 91840, 1, 0, 0
37215, 86400, 1, 0, 0
37315, 89920, 1, 0, 0
37415, 82880, 1, 0, 0
37514, 78545, 1, 0, 0
37614, 84160, 1, 0, 0
37714, 90240, 1, 0, 0
37814, 83840, 1, 0, 0
37915, 76800, 1, 0, 0
38015, 90240, 1, 0, 0
38115, 85120, 1, 0, 0
38215, 81600, 1, 0, 0
38315, 78080, 1, 0, 0
38415, 83200, 1, 0, 0
38514, 85333, 1, 0, 0
38614, 88640, 1, 0, 0
38714, 79040, 1, 0, 0
38815, 85760, 1, 0, 0
38915, 88320, 1, 0, 0
39014, 89535, 1, 0, 0
39114, 93120, 1, 0, 0
39214, 83520, 1, 0, 0
39314, 86080, 1, 0, 0
39414, 81600, 1, 0, 0
39514, 83520, 1, 0, 0
39615, 87360, 1, 0, 0
39715, 91840, 1, 0, 0
39815, 85440, 1, 0, 0
39915, 88640, 1, 0, 0
40014, 88565, 1, 0, 0
40114, 90560, 1, 0, 0
40214, 85760, 1, 0, 0
40314, 84480, 1, 0, 0
40414, 84480, 1, 0, 0
40515, 89920, 1, 0, 0
40615, 85760, 1, 0, 0
40715, 73920, 1, 0, 0
40815, 86080, 1, 0, 0
40915, 87040, 1, 0, 0
41014, 89858, 1, 0, 0
41114, 73600, 1, 0, 0
41214, 85120, 1, 0, 0
41315, 85440, 1, 0, 0
41415, 85760, 1, 0, 0
41514, 72404, 1, 0, 0
41614, 90240, 1, 0, 0
41714, 85440, 1, 0, 0
41814, 83200, 1, 0, 0
41914, 88320, 1, 0, 0
42014, 92160, 1, 0, 0
42114, 76800, 1, 0, 0
42216, 85227, 1, 0, 0
42316, 90240, 1, 0, 0
42416, 90560, 1, 0, 0
42516, 80640, 1, 0, 0
42616, 84800, 1, 0, 0
42716, 87360, 1, 0, 0
42816, 86080, 1, 0, 0
42917, 89600, 1, 0, 0
43017, 81280, 1, 0, 0
43117, 77760, 1, 0, 0
43217, 88960, 1, 0, 0
43317, 91520, 1, 0, 0
43417, 89600, 1, 0, 0
43517, 88640, 1, 0, 0
43617, 89600, 1, 0, 0
43717, 82880, 1, 0, 0
43818, 90240, 1, 0, 0
43918, 91200, 1, 0, 0
44018, 90880, 1, 0, 0
44118, 88000, 1, 0, 0
44218, 87040, 1, 0, 0
44318, 86400, 1, 0, 0
44418, 82560, 1, 0, 0
44518, 87040, 1, 0, 0
44618, 86400, 1, 0, 0
44719, 69440, 1, 0, 0
44819, 92160, 1, 0, 0
44919, 75520, 1, 0, 0
45019, 96000, 1, 0, 0
45119, 90560, 1, 0, 0
45219, 88960, 1, 0, 0
45319, 84800, 1, 0, 0
45419, 71040, 1, 0, 0
45520, 81600, 1, 0, 0
45620, 97920, 1, 0, 0
45720, 89280, 1, 0, 0
45820, 92480, 1, 0, 0
45920, 93120, 1, 0, 0
46020, 91520, 1, 0, 0
46120, 94720, 1, 0, 0
46220, 94400, 1, 0, 0
46320, 84160, 1, 0, 0
46421, 88640, 1, 0, 0
46521, 81280, 1, 0, 0
46621, 83200, 1, 0, 0
46721, 93760, 1, 0, 0
46821, 84160, 1, 0, 0
46921, 88640, 1, 0, 0
47021, 78720, 1, 0, 0
47121, 85760, 1, 0, 0
47221, 65600, 1, 0, 0
47322, 82560, 1, 0, 0
47422, 86400, 1, 0, 0
47522, 80960, 1, 0, 0
47622, 81600, 1, 0, 0
47722, 88960, 1, 0, 0
47822, 92480, 1, 0, 0
47922, 96640, 1, 0, 0
48022, 89600, 1, 0, 0
48122, 87040, 1, 0, 0
48222, 92800, 1, 0, 0
48323, 86080, 1, 0, 0
48423, 89600, 1, 0, 0
48523, 88320, 1, 0, 0
48623, 74880, 1, 0, 0
48723, 85440, 1, 0, 0
48823, 89920, 1, 0, 0
48923, 86080, 1, 0, 0
49024, 93120, 1, 0, 0
49124, 89280, 1, 0, 0
49224, 93760, 1, 0, 0
49324, 89280, 1, 0, 0
49424, 96320, 1, 0, 0
49524, 64000, 1, 0, 0
49624, 97280, 1, 0, 0
49724, 86720, 1, 0, 0
49824, 103040, 1, 0, 0
49924, 76480, 1, 0, 0
50025, 74880, 1, 0, 0
50125, 80960, 1, 0, 0
50225, 88960, 1, 0, 0
50325, 83840, 1, 0, 0
50425, 91200, 1, 0, 0
50525, 77440, 1, 0, 0
50625, 86080, 1, 0, 0
50725, 88960, 1, 0, 0
50825, 87040, 1, 0, 0
50926, 90240, 1, 0, 0
51026, 93120, 1, 0, 0
51126, 93440, 1, 0, 0
51226, 82560, 1, 0, 0
51326, 93120, 1, 0, 0
51426, 95360, 1, 0, 0
51526, 85120, 1, 0, 0
51626, 77760, 1, 0, 0
51726, 86080, 1, 0, 0
51827, 81920, 1, 0, 0
51927, 88000, 1, 0, 0
52027, 88640, 1, 0, 0
52127, 94720, 1, 0, 0
52227, 96960, 1, 0, 0
52327, 85120, 1, 0, 0
52427, 85440, 1, 0, 0
52527, 97280, 1, 0, 0
52627, 88000, 1, 0, 0
52727, 85120, 1, 0, 0
52828, 89600, 1, 0, 0
52928, 85760, 1, 0, 0
53028, 86720, 1, 0, 0
53128, 87040, 1, 0, 0
53228, 85760, 1, 0, 0
53328, 86080, 1, 0, 0
53428, 80000, 1, 0, 0
53529, 88320, 1, 0, 0
53629, 87680, 1, 0, 0
53729, 49920, 1, 0, 0
53829, 87680, 1, 0, 0
53929, 87680, 1, 0, 0
54029, 88000, 1, 0, 0
54129, 88320, 1, 0, 0
54229, 90560, 1, 0, 0
54329, 83840, 1, 0, 0
54429, 92800, 1, 0, 0
54530, 90560, 1, 0, 0
54630, 85120, 1, 0, 0
54730, 80640, 1, 0, 0
54830, 77440, 1, 0, 0
54930, 92800, 1, 0, 0
55030, 87680, 1, 0, 0
55130, 80960, 1, 0, 0
55230, 97600, 1, 0, 0
55330, 81600, 1, 0, 0
55430, 85120, 1, 0, 0
55531, 95040, 1, 0, 0
55631, 89920, 1, 0, 0
55731, 81920, 1, 0, 0
55831, 84160, 1, 0, 0
55931, 83520, 1, 0, 0
56031, 84480, 1, 0, 0
56131, 82560, 1, 0, 0
56231, 93120, 1, 0, 0
56332, 86080, 1, 0, 0
56432, 85440, 1, 0, 0
56532, 76480, 1, 0, 0
56632, 85120, 1, 0, 0
56732, 85760, 1, 0, 0
56832, 59520, 1, 0, 0
56932, 94080, 1, 0, 0
57032, 91840, 1, 0, 0
57132, 94720, 1, 0, 0
57232, 83200, 1, 0, 0
57333, 84480, 1, 0, 0
57433, 85440, 1, 0, 0
57533, 98560, 1, 0, 0
57633, 87680, 1, 0, 0
57733, 85120, 1, 0, 0
57833, 73920, 1, 0, 0
57933, 91840, 1, 0, 0
58034, 91200, 1, 0, 0
58134, 88320, 1, 0, 0
58234, 83520, 1, 0, 0
58334, 87040, 1, 0, 0
58434, 87040, 1, 0, 0
58534, 96960, 1, 0, 0
58634, 85760, 1, 0, 0
58734, 86080, 1, 0, 0
58834, 57920, 1, 0, 0
58934, 79360, 1, 0, 0
59035, 85440, 1, 0, 0
59135, 87360, 1, 0, 0
59235, 82240, 1, 0, 0
59335, 89920, 1, 0, 0
59435, 85440, 1, 0, 0
59535, 75200, 1, 0, 0
59635, 92160, 1, 0, 0
59735, 79360, 1, 0, 0
59836, 91840, 1, 0, 0
59936, 63040, 1, 0, 0
60036, 95040, 1, 0, 0
60136, 89600, 1, 0, 0
60236, 84800, 1, 0, 0
60336, 84160, 1, 0, 0
60436, 88640, 1, 0, 0
60536, 89600, 1, 0, 0
60636, 92160, 1, 0, 0
60736, 83520, 1, 0, 0
60837, 82560, 1, 0, 0
60937, 87360, 1, 0, 0
61037, 82240, 1, 0, 0
61137, 92800, 1, 0, 0
61237, 91200, 1, 0, 0
61337, 74880, 1, 0, 0
61437, 86720, 1, 0, 0
61537, 85760, 1, 0, 0
61637, 77120, 1, 0, 0
61738, 81920, 1, 0, 0
61838, 87680, 1, 0, 0
61938, 87680, 1, 0, 0
62038, 95360, 1, 0, 0
62138, 86400, 1, 0, 0
62238, 97600, 1, 0, 0
62338, 89280, 1, 0, 0
62438, 78080, 1, 0, 0
62539, 88640, 1, 0, 0
62639, 91520, 1, 0, 0
62739, 90880, 1, 0, 0
62839, 86080, 1, 0, 0
62939, 93120, 1, 0, 0
63039, 93760, 1, 0, 0
63139, 78400, 1, 0, 0
63239, 84160, 1, 0, 0
63339, 85760, 1, 0, 0
63440, 83840, 1, 0, 0
63540, 89600, 1, 0, 0
63640, 87360, 1, 0, 0
63740, 85760, 1, 0, 0
63840, 71680, 1, 0, 0
63940, 88320, 1, 0, 0
64040, 91520, 1, 0, 0
64140, 76480, 1, 0, 0
64240, 83200, 1, 0, 0
64341, 78720, 1, 0, 0
64441, 92480, 1, 0, 0
64541, 71040, 1, 0, 0
64641, 85440, 1, 0, 0
64741, 80320, 1, 0, 0
64841, 85120, 1, 0, 0
64941, 80320, 1, 0, 0
65042, 84480, 1, 0, 0
65142, 86080, 1, 0, 0
65242, 90240, 1, 0, 0
65342, 99200, 1, 0, 0
65442, 75520, 1, 0, 0
65542, 84160, 1, 0, 0
65642, 89280, 1, 0, 0
65742, 86400, 1, 0, 0
65842, 84800, 1, 0, 0
65942, 83840, 1, 0, 0
66043, 89920, 1, 0, 0
66143, 87040, 1, 0, 0
66243, 88000, 1, 0, 0
66343, 86080, 1, 0, 0
66443, 83840, 1, 0, 0
66543, 84480, 1, 0, 0
66643, 88960, 1, 0, 0
66743, 97600, 1, 0, 0
66844, 86080, 1, 0, 0
66944, 82240, 1, 0, 0
67044, 85440, 1, 0, 0
67144, 79680, 1, 0, 0
67244, 82560, 1, 0, 0
67344, 104960, 1, 0, 0
67444, 91200, 1, 0, 0
67544, 92160, 1, 0, 0
67644, 85440, 1, 0, 0
67744, 88320, 1, 0, 0
67845, 82880, 1, 0, 0
67945, 83840, 1, 0, 0
68045, 86080, 1, 0, 0
68145, 82560, 1, 0, 0
68245, 92160, 1, 0, 0
68345, 85760, 1, 0, 0
68445, 85440, 1, 0, 0
68545, 86720, 1, 0, 0
68646, 77440, 1, 0, 0
68746, 92160, 1, 0, 0
68846, 73920, 1, 0, 0
68946, 78080, 1, 0, 0
69046, 85440, 1, 0, 0
69146, 87040, 1, 0, 0
69246, 81600, 1, 0, 0
69346, 88320, 1, 0, 0
69446, 78400, 1, 0, 0
69547, 89280, 1, 0, 0
69647, 62400, 1, 0, 0
69747, 96640, 1, 0, 0
69847, 96640, 1, 0, 0
69947, 81280, 1, 0, 0
70047, 87040, 1, 0, 0
70147, 88640, 1, 0, 0
70247, 91200, 1, 0, 0
70348, 91840, 1, 0, 0
70448, 81600, 1, 0, 0
70548, 82240, 1, 0, 0
70648, 77760, 1, 0, 0
70748, 84800, 1, 0, 0
70848, 67200, 1, 0, 0
70948, 90560, 1, 0, 0
71049, 88640, 1, 0, 0
71149, 92800, 1, 0, 0
71249, 82240, 1, 0, 0
71349, 92480, 1, 0, 0
71449, 81280, 1, 0, 0
71549, 84160, 1, 0, 0
71649, 90240, 1, 0, 0
71749, 95680, 1, 0, 0
71849, 84480, 1, 0, 0
71949, 80960, 1, 0, 0
72050, 94720, 1, 0, 0
72150, 88640, 1, 0, 0
72250, 85440, 1, 0, 0
72350, 90240, 1, 0, 0
72450, 90560, 1, 0, 0
72550, 88960, 1, 0, 0
72650, 84800, 1, 0, 0
72750, 81280, 1, 0, 0
72851, 89280, 1, 0, 0
72951, 80000, 1, 0, 0
73051, 84480, 1, 0, 0
73151, 86080, 1, 0, 0
73251, 85760, 1, 0, 0
73351, 89920, 1, 0, 0
73451, 85440, 1, 0, 0
73551, 85440, 1, 0, 0
73651, 87040, 1, 0, 0
73751, 88960, 1, 0, 0
73852, 87360, 1, 0, 0
73952, 81920, 1, 0, 0
74052, 82880, 1, 0, 0
74152, 84160, 1, 0, 0
74252, 84800, 1, 0, 0
74352, 84160, 1, 0, 0
74452, 92800, 1, 0, 0
74552, 87040, 1, 0, 0
74653, 77760, 1, 0, 0
74753, 84800, 1, 0, 0
74853, 86400, 1, 0, 0
74953, 69440, 1, 0, 0
75053, 69120, 1, 0, 0
75153, 80640, 1, 0, 0
75253, 83840, 1, 0, 0
75353, 89600, 1, 0, 0
75453, 83840, 1, 0, 0
75554, 91520, 1, 0, 0
75654, 83200, 1, 0, 0
75754, 88000, 1, 0, 0
75854, 92160, 1, 0, 0
75954, 89920, 1, 0, 0
76054, 80640, 1, 0, 0
76154, 86080, 1, 0, 0
76254, 80640, 1, 0, 0
76355, 89280, 1, 0, 0
76455, 81280, 1, 0, 0
76555, 78720, 1, 0, 0
76655, 81920, 1, 0, 0
76755, 92480, 1, 0, 0
76855, 98880, 1, 0, 0
76955, 83200, 1, 0, 0
77056, 81600, 1, 0, 0
77156, 66560, 1, 0, 0
77256, 88960, 1, 0, 0
77356, 84160, 1, 0, 0
77456, 93120, 1, 0, 0
77556, 85120, 1, 0, 0
77656, 83200, 1, 0, 0
77756, 85440, 1, 0, 0
77857, 85760, 1, 0, 0
77957, 87040, 1, 0, 0
78057, 86720, 1, 0, 0
78157, 78080, 1, 0, 0
78257, 83840, 1, 0, 0
78357, 86400, 1, 0, 0
78457, 84480, 1, 0, 0
78557, 85440, 1, 0, 0
78657, 94080, 1, 0, 0
78757, 74240, 1, 0, 0
78858, 86400, 1, 0, 0
78958, 87680, 1, 0, 0
79058, 71680, 1, 0, 0
79158, 74560, 1, 0, 0
79258, 90240, 1, 0, 0
79358, 86080, 1, 0, 0
79458, 81600, 1, 0, 0
79559, 82560, 1, 0, 0
79659, 80320, 1, 0, 0
79759, 86400, 1, 0, 0
79859, 82880, 1, 0, 0
79959, 86720, 1, 0, 0
80059, 90240, 1, 0, 0
80159, 77440, 1, 0, 0
80259, 85120, 1, 0, 0
80359, 87360, 1, 0, 0
80460, 81280, 1, 0, 0
80560, 82240, 1, 0, 0
80660, 88320, 1, 0, 0
80760, 80960, 1, 0, 0
80860, 42880, 1, 0, 0
80960, 23040, 1, 0, 0
81060, 52480, 1, 0, 0
81160, 60800, 1, 0, 0
81260, 30720, 1, 0, 0
81361, 48320, 1, 0, 0
81461, 72320, 1, 0, 0
81561, 59840, 1, 0, 0
81661, 87360, 1, 0, 0
81761, 90240, 1, 0, 0
81861, 83520, 1, 0, 0
81961, 87360, 1, 0, 0
82061, 80320, 1, 0, 0
82161, 88320, 1, 0, 0
82261, 88960, 1, 0, 0
82362, 84160, 1, 0, 0
82462, 80000, 1, 0, 0
82562, 84480, 1, 0, 0
82662, 88320, 1, 0, 0
82762, 85440, 1, 0, 0
82862, 87680, 1, 0, 0
82962, 80000, 1, 0, 0
83062, 87680, 1, 0, 0
83163, 79360, 1, 0, 0
83263, 80960, 1, 0, 0
83363, 91520, 1, 0, 0
83463, 85440, 1, 0, 0
83563, 84800, 1, 0, 0
83663, 83840, 1, 0, 0
83763, 79360, 1, 0, 0
83863, 87040, 1, 0, 0
83964, 87040, 1, 0, 0
84064, 84480, 1, 0, 0
84164, 89920, 1, 0, 0
84264, 81280, 1, 0, 0
84364, 86720, 1, 0, 0
84464, 85120, 1, 0, 0
84564, 82880, 1, 0, 0
84664, 80000, 1, 0, 0
84765, 86080, 1, 0, 0
84865, 83840, 1, 0, 0
84965, 83840, 1, 0, 0
85065, 81280, 1, 0, 0
85165, 79680, 1, 0, 0
85264, 78222, 1, 0, 0
85364, 82880, 1, 0, 0
85464, 77440, 1, 0, 0
85564, 81600, 1, 0, 0
85665, 83520, 1, 0, 0
85765, 72960, 1, 0, 0
85865, 55680, 1, 0, 0
85965, 81280, 1, 0, 0
86065, 80320, 1, 0, 0
86165, 76800, 1, 0, 0
86264, 75313, 1, 0, 0
86364, 73600, 1, 0, 0
86464, 79680, 1, 0, 0
86565, 73920, 1, 0, 0
86665, 82560, 1, 0, 0
86764, 61737, 1, 0, 0
86864, 74880, 1, 0, 0
86964, 77440, 1, 0, 0
87064, 78080, 1, 0, 0
87164, 73280, 1, 0, 0
87264, 73600, 1, 0, 0
87364, 75520, 1, 0, 0
87465, 80640, 1, 0, 0
87565, 82240, 1, 0, 0
87665, 83200, 1, 0, 0
87764, 79838, 1, 0, 0
87864, 72320, 1, 0, 0
87964, 81600, 1, 0, 0
88064, 79680, 1, 0, 0
88164, 79040, 1, 0, 0
88265, 72960, 1, 0, 0
88365, 77120, 1, 0, 0
88465, 79680, 1, 0, 0
88565, 75840, 1, 0, 0
88665, 77440, 1, 0, 0
88764, 78868, 1, 0, 0
88864, 77760, 1, 0, 0
88964, 73600, 1, 0, 0
89064, 74880, 1, 0, 0
89164, 15360, 1, 0, 0
89265, 78080, 1, 0, 0
89365, 10240, 1, 0, 0
89465, 20480, 1, 0, 0
89565, 32640, 1, 0, 0
89665, 67520, 1, 0, 0
89764, 41373, 1, 0, 0
89864, 80960, 1, 0, 0
89964, 73600, 1, 0, 0
