100, 1509919, 0, 0, 0
200, 1693276, 0, 0, 0
300, 1642582, 0, 0, 0
400, 1935456, 0, 0, 0
500, 1776800, 0, 0, 0
600, 1541333, 0, 0, 0
700, 2127042, 0, 0, 0
800, 2016014, 0, 0, 0
900, 1467570, 0, 0, 0
1000, 1384446, 0, 0, 0
1100, 1226538, 0, 0, 0
1200, 3031014, 0, 0, 0
1300, 4055105, 0, 0, 0
1400, 3419303, 0, 0, 0
1500, 3268599, 0, 0, 0
1600, 2293871, 0, 0, 0
1700, 2232934, 0, 0, 0
1800, 3227644, 0, 0, 0
1900, 3514666, 0, 0, 0
2000, 1582750, 0, 0, 0
2100, 1526456, 0, 0, 0
2200, 1662067, 0, 0, 0
2300, 1601529, 0, 0, 0
2400, 1637040, 0, 0, 0
2500, 1314648, 0, 0, 0
2600, 1500309, 0, 0, 0
2700, 1616727, 0, 0, 0
2800, 1459809, 0, 0, 0
2900, 1831949, 0, 0, 0
3000, 3826141, 0, 0, 0
3100, 3547828, 0, 0, 0
3200, 2747858, 0, 0, 0
3300, 1768778, 0, 0, 0
3401, 3661566, 0, 0, 0
3500, 1703309, 0, 0, 0
3600, 1062386, 0, 0, 0
3700, 1238646, 0, 0, 0
3800, 1437146, 0, 0, 0
3900, 2334061, 0, 0, 0
4000, 2709721, 0, 0, 0
4100, 1275966, 0, 0, 0
4200, 1133554, 0, 0, 0
4300, 1678075, 0, 0, 0
4401, 4333388, 0, 0, 0
4500, 3324608, 0, 0, 0
4600, 2513657, 0, 0, 0
4700, 1633977, 0, 0, 0
4801, 2889836, 0, 0, 0
4900, 3206271, 0, 0, 0
5000, 1810980, 0, 0, 0
5100, 1606491, 0, 0, 0
5200, 1260231, 0, 0, 0
5300, 2267992, 0, 0, 0
5400, 1968413, 0, 0, 0
5500, 1841627, 0, 0, 0
5600, 1700840, 0, 0, 0
5701, 3192894, 0, 0, 0
5800, 1761771, 0, 0, 0
5900, 1498606, 0, 0, 0
6000, 2590399, 0, 0, 0
6101, 1764308, 0, 0, 0
6200, 1869410, 0, 0, 0
6300, 1725037, 0, 0, 0
6400, 2235753, 0, 0, 0
6500, 1693084, 0, 0, 0
6600, 1598755, 0, 0, 0
6700, 1558586, 0, 0, 0
6800, 1204225, 0, 0, 0
6900, 1826845, 0, 0, 0
7000, 1835193, 0, 0, 0
7100, 1817824, 0, 0, 0
7200, 1665700, 0, 0, 0
7300, 1381040, 0, 0, 0
7400, 2071095, 0, 0, 0
7500, 1887524, 0, 0, 0
7600, 1712538, 0, 0, 0
7700, 1817369, 0, 0, 0
7800, 1453478, 0, 0, 0
7900, 1471604, 0, 0, 0
8000, 1383661, 0, 0, 0
8100, 1426968, 0, 0, 0
8200, 1971433, 0, 0, 0
8300, 2110971, 0, 0, 0
8400, 1361273, 0, 0, 0
8500, 1430764, 0, 0, 0
8600, 2126232, 0, 0, 0
8700, 1868328, 0, 0, 0
8800, 1438746, 0, 0, 0
8900, 1560038, 0, 0, 0
9000, 1730153, 0, 0, 0
9100, 1607675, 0, 0, 0
9200, 4463573, 0, 0, 0
9300, 4035861, 0, 0, 0
9400, 3363352, 0, 0, 0
9500, 2690890, 0, 0, 0
9601, 3488755, 0, 0, 0
9700, 3107550, 0, 0, 0
9800, 1861021, 0, 0, 0
9900, 1760646, 0, 0, 0
10000, 2260639, 0, 0, 0
10100, 1410386, 0, 0, 0
10200, 1332625, 0, 0, 0
10300, 1951596, 0, 0, 0
10400, 1517834, 0, 0, 0
10500, 1807835, 0, 0, 0
10601, 2572323, 0, 0, 0
10700, 2449481, 0, 0, 0
10800, 1514368, 0, 0, 0
10900, 1633902, 0, 0, 0
11000, 1854500, 0, 0, 0
11100, 1652639, 0, 0, 0
11200, 2513541, 0, 0, 0
11300, 1939634, 0, 0, 0
11400, 2728215, 0, 0, 0
11500, 2140160, 0, 0, 0
11600, 1295613, 0, 0, 0
11701, 1496901, 0, 0, 0
11800, 2148890, 0, 0, 0
11900, 4219792, 0, 0, 0
12000, 3965425, 0, 0, 0
12100, 2638999, 0, 0, 0
12200, 1946806, 0, 0, 0
12300, 1806986, 0, 0, 0
12400, 3577257, 0, 0, 0
12500, 2328584, 0, 0, 0
12600, 1295518, 0, 0, 0
12700, 1924194, 0, 0, 0
12800, 4814688, 0, 0, 0
12900, 2007417, 0, 0, 0
13000, 2630259, 0, 0, 0
13100, 2506419, 0, 0, 0
13200, 3774006, 0, 0, 0
13301, 3377976, 0, 0, 0
13400, 1781522, 0, 0, 0
13500, 1695036, 0, 0, 0
13600, 1673989, 0, 0, 0
13700, 1738329, 0, 0, 0
13800, 1181260, 0, 0, 0
13900, 1774018, 0, 0, 0
14000, 2770073, 0, 0, 0
14100, 2437930, 0, 0, 0
14200, 2176272, 0, 0, 0
14300, 1723167, 0, 0, 0
14400, 2900094, 0, 0, 0
14500, 2379423, 0, 0, 0
14600, 1741238, 0, 0, 0
14700, 1675637, 0, 0, 0
14800, 2645319, 0, 0, 0
14900, 1876852, 0, 0, 0
15000, 1834624, 0, 0, 0
15100, 2676267, 0, 0, 0
15200, 1656235, 0, 0, 0
15300, 1874084, 0, 0, 0
15400, 1802606, 0, 0, 0
15500, 2102000, 0, 0, 0
15600, 1323489, 0, 0, 0
15700, 1192086, 0, 0, 0
15800, 1580860, 0, 0, 0
15900, 1790558, 0, 0, 0
16000, 1980711, 0, 0, 0
16100, 1707676, 0, 0, 0
16200, 1682422, 0, 0, 0
16300, 1765871, 0, 0, 0
16401, 2042929, 0, 0, 0
16500, 3648389, 0, 0, 0
16600, 3539947, 0, 0, 0
16700, 4142838, 0, 0, 0
16800, 1598560, 0, 0, 0
16900, 1615512, 0, 0, 0
17000, 1344235, 0, 0, 0
17100, 3671809, 0, 0, 0
17200, 1931420, 0, 0, 0
17300, 1853385, 0, 0, 0
17400, 1782620, 0, 0, 0
17501, 4510620, 0, 0, 0
17600, 3152704, 0, 0, 0
17700, 1765593, 0, 0, 0
17800, 1795799, 0, 0, 0
17900, 1604573, 0, 0, 0
18000, 1717192, 0, 0, 0
18100, 2279801, 0, 0, 0
18200, 3199129, 0, 0, 0
18300, 1906912, 0, 0, 0
18400, 3075834, 0, 0, 0
18500, 1784323, 0, 0, 0
18600, 1726047, 0, 0, 0
18700, 1749829, 0, 0, 0
18800, 2382719, 0, 0, 0
18900, 1426520, 0, 0, 0
19000, 1122457, 0, 0, 0
19100, 2842688, 0, 0, 0
19200, 3845169, 0, 0, 0
19300, 2021426, 0, 0, 0
19400, 1821601, 0, 0, 0
19500, 1953138, 0, 0, 0
19600, 1802767, 0, 0, 0
19700, 1753638, 0, 0, 0
19800, 1678994, 0, 0, 0
19900, 1931845, 0, 0, 0
20000, 2190864, 0, 0, 0
20100, 1668456, 0, 0, 0
20200, 1651020, 0, 0, 0
20300, 1661714, 0, 0, 0
20400, 1683572, 0, 0, 0
20500, 1938858, 0, 0, 0
20600, 1796729, 0, 0, 0
20700, 1621226, 0, 0, 0
20800, 1833101, 0, 0, 0
20900, 1773637, 0, 0, 0
21000, 1748372, 0, 0, 0
21100, 1568700, 0, 0, 0
21200, 1665942, 0, 0, 0
21300, 2422514, 0, 0, 0
21400, 1861360, 0, 0, 0
21500, 2966619, 0, 0, 0
21600, 4055741, 0, 0, 0
21700, 2674811, 0, 0, 0
21800, 1754462, 0, 0, 0
21900, 1935635, 0, 0, 0
22000, 2105304, 0, 0, 0
22100, 1601293, 0, 0, 0
22200, 2411979, 0, 0, 0
22300, 2875686, 0, 0, 0
22400, 2519379, 0, 0, 0
22500, 1917091, 0, 0, 0
22600, 1587758, 0, 0, 0
22700, 1306849, 0, 0, 0
22800, 1972961, 0, 0, 0
22900, 1541331, 0, 0, 0
23000, 1424433, 0, 0, 0
23100, 1758089, 0, 0, 0
23200, 1581826, 0, 0, 0
23300, 1467249, 0, 0, 0
23400, 1760223, 0, 0, 0
23500, 2349684, 0, 0, 0
23600, 2460235, 0, 0, 0
23700, 2027275, 0, 0, 0
23800, 1648683, 0, 0, 0
23900, 3112484, 0, 0, 0
24000, 2154354, 0, 0, 0
24100, 1805741, 0, 0, 0
24200, 1763450, 0, 0, 0
24300, 1816156, 0, 0, 0
24400, 2462655, 0, 0, 0
24500, 1700470, 0, 0, 0
24600, 2064514, 0, 0, 0
24700, 2436874, 0, 0, 0
24800, 1770982, 0, 0, 0
24900, 1288016, 0, 0, 0
25000, 1774576, 0, 0, 0
25100, 1683164, 0, 0, 0
25200, 2191177, 0, 0, 0
25300, 1593450, 0, 0, 0
25400, 2330247, 0, 0, 0
25500, 1974334, 0, 0, 0
25600, 1389354, 0, 0, 0
25700, 3762471, 0, 0, 0
25800, 2523697, 0, 0, 0
25900, 1797017, 0, 0, 0
26000, 1790661, 0, 0, 0
26100, 1659487, 0, 0, 0
26200, 2151593, 0, 0, 0
26300, 3954527, 0, 0, 0
26400, 2241300, 0, 0, 0
26500, 1838805, 0, 0, 0
26600, 1574188, 0, 0, 0
26700, 1635077, 0, 0, 0
26800, 1743015, 0, 0, 0
26900, 1804638, 0, 0, 0
27000, 1686177, 0, 0, 0
27100, 2055047, 0, 0, 0
27200, 2151564, 0, 0, 0
27300, 1696461, 0, 0, 0
27400, 1687898, 0, 0, 0
27500, 1961690, 0, 0, 0
27600, 2043750, 0, 0, 0
27700, 2844343, 0, 0, 0
27800, 1450381, 0, 0, 0
27900, 1523379, 0, 0, 0
28000, 1670108, 0, 0, 0
28100, 1697559, 0, 0, 0
28200, 1719691, 0, 0, 0
28300, 1694868, 0, 0, 0
28400, 1755883, 0, 0, 0
28500, 1860799, 0, 0, 0
28600, 2166840, 0, 0, 0
28700, 1572395, 0, 0, 0
28800, 1824527, 0, 0, 0
28900, 1793984, 0, 0, 0
29000, 1576961, 0, 0, 0
29100, 1694811, 0, 0, 0
29200, 1736463, 0, 0, 0
29300, 1294175, 0, 0, 0
29400, 1523441, 0, 0, 0
29500, 2115782, 0, 0, 0
29600, 3381747, 0, 0, 0
29700, 2092747, 0, 0, 0
29800, 1631820, 0, 0, 0
29900, 1493549, 0, 0, 0
30000, 1234615, 0, 0, 0
30100, 1478245, 0, 0, 0
30200, 1797035, 0, 0, 0
30300, 1965744, 0, 0, 0
30400, 1468506, 0, 0, 0
30500, 2022105, 0, 0, 0
30600, 2020340, 0, 0, 0
30700, 1572577, 0, 0, 0
30800, 1279452, 0, 0, 0
30900, 1705669, 0, 0, 0
31000, 2215560, 0, 0, 0
31100, 1355129, 0, 0, 0
31200, 1530774, 0, 0, 0
31300, 1895224, 0, 0, 0
31400, 1696158, 0, 0, 0
31500, 1420991, 0, 0, 0
31600, 3276566, 0, 0, 0
31700, 4584586, 0, 0, 0
31800, 5962421, 0, 0, 0
31900, 3041100, 0, 0, 0
32000, 3149818, 0, 0, 0
32100, 1298382, 0, 0, 0
32200, 1241378, 0, 0, 0
32300, 1970497, 0, 0, 0
32400, 3684311, 0, 0, 0
32501, 3147880, 0, 0, 0
32600, 2078618, 0, 0, 0
32700, 1792493, 0, 0, 0
32800, 1847132, 0, 0, 0
32900, 1793774, 0, 0, 0
33000, 1696792, 0, 0, 0
33100, 1751905, 0, 0, 0
33200, 1834715, 0, 0, 0
33300, 2196764, 0, 0, 0
33400, 2038828, 0, 0, 0
33500, 3759998, 0, 0, 0
33600, 2934784, 0, 0, 0
33700, 1931369, 0, 0, 0
33801, 3257600, 0, 0, 0
33900, 2457695, 0, 0, 0
34000, 1874337, 0, 0, 0
34100, 1811233, 0, 0, 0
34200, 1608522, 0, 0, 0
34300, 1816063, 0, 0, 0
34400, 2322612, 0, 0, 0
34500, 3215600, 0, 0, 0
34600, 1564458, 0, 0, 0
34700, 1828008, 0, 0, 0
34800, 1326353, 0, 0, 0
34900, 1347373, 0, 0, 0
35000, 1659384, 0, 0, 0
35100, 1368087, 0, 0, 0
35200, 1333132, 0, 0, 0
35300, 1789568, 0, 0, 0
35400, 1821022, 0, 0, 0
35500, 1844979, 0, 0, 0
35600, 2886988, 0, 0, 0
35700, 2366688, 0, 0, 0
35800, 1849270, 0, 0, 0
35900, 1735487, 0, 0, 0
36000, 2511657, 0, 0, 0
36100, 1954600, 0, 0, 0
36200, 1478550, 0, 0, 0
36300, 1416913, 0, 0, 0
36400, 1501802, 0, 0, 0
36500, 2349067, 0, 0, 0
36600, 1442384, 0, 0, 0
36700, 1684093, 0, 0, 0
36800, 1508094, 0, 0, 0
36900, 1597189, 0, 0, 0
37000, 1763183, 0, 0, 0
37100, 3369627, 0, 0, 0
37200, 2696552, 0, 0, 0
37300, 1878965, 0, 0, 0
37400, 3238857, 0, 0, 0
37501, 3223080, 0, 0, 0
37600, 1801341, 0, 0, 0
37700, 1636917, 0, 0, 0
37800, 1177595, 0, 0, 0
37900, 1743154, 0, 0, 0
38000, 1905687, 0, 0, 0
38100, 1748335, 0, 0, 0
38200, 2829027, 0, 0, 0
38300, 2781681, 0, 0, 0
38400, 1696820, 0, 0, 0
38500, 1767574, 0, 0, 0
38601, 3014725, 0, 0, 0
38702, 7273321, 0, 0, 0
38800, 7187450, 0, 0, 0
38900, 6703049, 0, 0, 0
39000, 3312372, 0, 0, 0
39100, 3799339, 0, 0, 0
39200, 2622939, 0, 0, 0
39300, 1572893, 0, 0, 0
39400, 1423063, 0, 0, 0
39500, 2933233, 0, 0, 0
39600, 1759129, 0, 0, 0
39700, 1722387, 0, 0, 0
39800, 1389086, 0, 0, 0
39900, 1626029, 0, 0, 0
40000, 1612218, 0, 0, 0
40100, 2298960, 0, 0, 0
40200, 1737333, 0, 0, 0
40300, 1933185, 0, 0, 0
40400, 2622865, 0, 0, 0
40500, 1911457, 0, 0, 0
40600, 1349594, 0, 0, 0
40700, 1465567, 0, 0, 0
40800, 2670608, 0, 0, 0
40900, 3816544, 0, 0, 0
41000, 3074099, 0, 0, 0
41100, 1652744, 0, 0, 0
41200, 1686809, 0, 0, 0
41300, 1725998, 0, 0, 0
41400, 1632250, 0, 0, 0
41500, 1737191, 0, 0, 0
41600, 2084414, 0, 0, 0
41700, 1710764, 0, 0, 0
41800, 2336056, 0, 0, 0
41900, 2470898, 0, 0, 0
42000, 1727063, 0, 0, 0
42100, 1716872, 0, 0, 0
42200, 1786529, 0, 0, 0
42300, 1704189, 0, 0, 0
42400, 1840776, 0, 0, 0
42500, 2401643, 0, 0, 0
42600, 1207908, 0, 0, 0
42700, 1693586, 0, 0, 0
42800, 1702003, 0, 0, 0
42900, 1670216, 0, 0, 0
43000, 1678975, 0, 0, 0
43100, 1611379, 0, 0, 0
43200, 1649878, 0, 0, 0
43300, 1653831, 0, 0, 0
43400, 1674256, 0, 0, 0
43500, 1392248, 0, 0, 0
43600, 1629738, 0, 0, 0
43700, 1252552, 0, 0, 0
43800, 3764524, 0, 0, 0
43900, 2132372, 0, 0, 0
44000, 1633223, 0, 0, 0
44100, 1899611, 0, 0, 0
44200, 1691403, 0, 0, 0
44300, 1631226, 0, 0, 0
44400, 1682820, 0, 0, 0
44500, 1587833, 0, 0, 0
44600, 1853133, 0, 0, 0
44700, 3179155, 0, 0, 0
44800, 1742283, 0, 0, 0
44900, 1668233, 0, 0, 0
45000, 1630081, 0, 0, 0
45100, 1813061, 0, 0, 0
45200, 1913526, 0, 0, 0
45300, 3000736, 0, 0, 0
45400, 1909548, 0, 0, 0
45500, 1811089, 0, 0, 0
45600, 1718687, 0, 0, 0
45700, 1809180, 0, 0, 0
45800, 1690307, 0, 0, 0
45900, 1689917, 0, 0, 0
46000, 1650931, 0, 0, 0
46100, 1543461, 0, 0, 0
46200, 1906571, 0, 0, 0
46300, 1899871, 0, 0, 0
46400, 1985348, 0, 0, 0
46500, 1690036, 0, 0, 0
46600, 1648652, 0, 0, 0
46700, 1807059, 0, 0, 0
46800, 2132265, 0, 0, 0
46900, 2867324, 0, 0, 0
47000, 1908784, 0, 0, 0
47100, 1740741, 0, 0, 0
47200, 1766030, 0, 0, 0
47300, 1765088, 0, 0, 0
47400, 1779544, 0, 0, 0
47500, 1895404, 0, 0, 0
47600, 2750747, 0, 0, 0
47700, 2428333, 0, 0, 0
47800, 3236149, 0, 0, 0
47900, 3110100, 0, 0, 0
48000, 1621537, 0, 0, 0
48100, 2088151, 0, 0, 0
48200, 1692150, 0, 0, 0
48300, 2654876, 0, 0, 0
48400, 3566474, 0, 0, 0
48500, 2113396, 0, 0, 0
48600, 1756595, 0, 0, 0
48700, 1597874, 0, 0, 0
48800, 1594257, 0, 0, 0
48900, 1570609, 0, 0, 0
49000, 1563542, 0, 0, 0
49100, 1627851, 0, 0, 0
49200, 2221901, 0, 0, 0
49300, 1716435, 0, 0, 0
49400, 2621226, 0, 0, 0
49501, 3064385, 0, 0, 0
49600, 1732666, 0, 0, 0
49700, 1723724, 0, 0, 0
49800, 1687257, 0, 0, 0
49900, 2630847, 0, 0, 0
50000, 2099273, 0, 0, 0
50100, 1605763, 0, 0, 0
50200, 1557888, 0, 0, 0
50301, 3463416, 0, 0, 0
50400, 3593880, 0, 0, 0
50500, 1838327, 0, 0, 0
50600, 1620236, 0, 0, 0
50700, 1759443, 0, 0, 0
50800, 2618328, 0, 0, 0
50900, 1768570, 0, 0, 0
51000, 1865621, 0, 0, 0
51100, 1825315, 0, 0, 0
51200, 2186666, 0, 0, 0
51300, 1716227, 0, 0, 0
51400, 1613228, 0, 0, 0
51500, 1484267, 0, 0, 0
51600, 1584381, 0, 0, 0
51700, 1766497, 0, 0, 0
51800, 2126931, 0, 0, 0
51900, 1644381, 0, 0, 0
52000, 1602889, 0, 0, 0
52100, 1648747, 0, 0, 0
52200, 1691683, 0, 0, 0
52300, 1410591, 0, 0, 0
52400, 1812238, 0, 0, 0
52500, 1617820, 0, 0, 0
52600, 1934754, 0, 0, 0
52700, 1700638, 0, 0, 0
52800, 1867981, 0, 0, 0
52900, 1907612, 0, 0, 0
53000, 1629949, 0, 0, 0
53100, 1729052, 0, 0, 0
53200, 2495613, 0, 0, 0
53300, 3224997, 0, 0, 0
53400, 1776558, 0, 0, 0
53500, 1640719, 0, 0, 0
53600, 1794260, 0, 0, 0
53700, 1724728, 0, 0, 0
53800, 1726970, 0, 0, 0
53900, 1927271, 0, 0, 0
54000, 3845511, 0, 0, 0
54100, 3210965, 0, 0, 0
54200, 1631669, 0, 0, 0
54300, 1691448, 0, 0, 0
54400, 3276486, 0, 0, 0
54500, 1819062, 0, 0, 0
54600, 1752907, 0, 0, 0
54700, 1605542, 0, 0, 0
54800, 1421540, 0, 0, 0
54900, 1571956, 0, 0, 0
55000, 1856459, 0, 0, 0
55100, 1670031, 0, 0, 0
55200, 2015658, 0, 0, 0
55300, 2445699, 0, 0, 0
55400, 2242200, 0, 0, 0
55500, 1535716, 0, 0, 0
55600, 2901231, 0, 0, 0
55700, 2937538, 0, 0, 0
55801, 1948355, 0, 0, 0
55900, 2565750, 0, 0, 0
56000, 3183170, 0, 0, 0
56100, 1830064, 0, 0, 0
56200, 1940606, 0, 0, 0
56300, 2133229, 0, 0, 0
56400, 1683911, 0, 0, 0
56500, 2234110, 0, 0, 0
56600, 3725549, 0, 0, 0
56701, 2474501, 0, 0, 0
56800, 3374763, 0, 0, 0
56900, 2078883, 0, 0, 0
57000, 1667283, 0, 0, 0
57100, 1677341, 0, 0, 0
57200, 2205697, 0, 0, 0
57300, 1714789, 0, 0, 0
57400, 1775167, 0, 0, 0
57500, 1704332, 0, 0, 0
57600, 1956024, 0, 0, 0
57700, 4256235, 0, 0, 0
57800, 1911216, 0, 0, 0
57900, 1676236, 0, 0, 0
58000, 1617477, 0, 0, 0
58100, 1784906, 0, 0, 0
58200, 1829354, 0, 0, 0
58300, 1915231, 0, 0, 0
58400, 2609702, 0, 0, 0
58500, 1791533, 0, 0, 0
58600, 1707254, 0, 0, 0
58700, 1854133, 0, 0, 0
58800, 1810092, 0, 0, 0
58900, 1809079, 0, 0, 0
59000, 1730808, 0, 0, 0
59100, 3550321, 0, 0, 0
59200, 4203994, 0, 0, 0
59300, 3053546, 0, 0, 0
59400, 2452824, 0, 0, 0
59500, 1654401, 0, 0, 0
59600, 1528313, 0, 0, 0
59700, 1835863, 0, 0, 0
59800, 1768477, 0, 0, 0
59900, 1855694, 0, 0, 0
60000, 1617230, 0, 0, 0
60100, 1727629, 0, 0, 0
60200, 2546914, 0, 0, 0
60300, 3368341, 0, 0, 0
60400, 2409939, 0, 0, 0
60500, 1569158, 0, 0, 0
60600, 2090656, 0, 0, 0
60700, 1400732, 0, 0, 0
60800, 1784246, 0, 0, 0
60900, 1823415, 0, 0, 0
61000, 1765106, 0, 0, 0
61100, 2331286, 0, 0, 0
61200, 1691241, 0, 0, 0
61300, 1590822, 0, 0, 0
61400, 1699481, 0, 0, 0
61500, 1842309, 0, 0, 0
61600, 1489726, 0, 0, 0
61700, 2446807, 0, 0, 0
61800, 2955192, 0, 0, 0
61900, 1617586, 0, 0, 0
62000, 1333533, 0, 0, 0
62100, 3396642, 0, 0, 0
62200, 3220977, 0, 0, 0
62300, 1768885, 0, 0, 0
62400, 1678161, 0, 0, 0
62500, 1681546, 0, 0, 0
62600, 1754080, 0, 0, 0
62700, 2031334, 0, 0, 0
62800, 1945561, 0, 0, 0
62900, 1902396, 0, 0, 0
63000, 3158587, 0, 0, 0
63100, 2175927, 0, 0, 0
63200, 1740487, 0, 0, 0
63300, 1673330, 0, 0, 0
63400, 1573078, 0, 0, 0
63500, 2032915, 0, 0, 0
63600, 1787470, 0, 0, 0
63700, 1682624, 0, 0, 0
63800, 1548155, 0, 0, 0
63900, 1679514, 0, 0, 0
64000, 1614929, 0, 0, 0
64100, 1609976, 0, 0, 0
64200, 1612348, 0, 0, 0
64300, 1534616, 0, 0, 0
64400, 2785761, 0, 0, 0
64500, 1939238, 0, 0, 0
64600, 1630240, 0, 0, 0
64700, 1984483, 0, 0, 0
64800, 3107626, 0, 0, 0
64900, 1759986, 0, 0, 0
65000, 1418652, 0, 0, 0
65100, 1483954, 0, 0, 0
65200, 1687975, 0, 0, 0
65300, 1635940, 0, 0, 0
65400, 1810218, 0, 0, 0
65500, 1788315, 0, 0, 0
65600, 2005152, 0, 0, 0
65700, 1841612, 0, 0, 0
65800, 1904315, 0, 0, 0
65900, 1654128, 0, 0, 0
66000, 2455971, 0, 0, 0
66100, 2531262, 0, 0, 0
66200, 1830375, 0, 0, 0
66300, 1730727, 0, 0, 0
66400, 1850229, 0, 0, 0
66500, 2549981, 0, 0, 0
66600, 1779218, 0, 0, 0
66700, 1756948, 0, 0, 0
66800, 1596008, 0, 0, 0
66900, 1528863, 0, 0, 0
67000, 1988321, 0, 0, 0
67100, 1874250, 0, 0, 0
67200, 2117445, 0, 0, 0
67300, 1951330, 0, 0, 0
67400, 1993467, 0, 0, 0
67500, 2188025, 0, 0, 0
67600, 1763785, 0, 0, 0
67700, 1580230, 0, 0, 0
67800, 1658805, 0, 0, 0
67900, 2966264, 0, 0, 0
68000, 4090542, 0, 0, 0
68100, 2608435, 0, 0, 0
68200, 2856069, 0, 0, 0
68300, 1968738, 0, 0, 0
68400, 1791793, 0, 0, 0
68500, 2277436, 0, 0, 0
68600, 2687776, 0, 0, 0
68700, 2050149, 0, 0, 0
68800, 1659994, 0, 0, 0
68900, 1722293, 0, 0, 0
69000, 1741253, 0, 0, 0
69100, 1841537, 0, 0, 0
69200, 1778876, 0, 0, 0
69300, 2218427, 0, 0, 0
69400, 2172333, 0, 0, 0
69500, 1811728, 0, 0, 0
69600, 1801866, 0, 0, 0
69700, 1742868, 0, 0, 0
69800, 1601874, 0, 0, 0
69900, 1665452, 0, 0, 0
70000, 3227196, 0, 0, 0
70100, 5031789, 0, 0, 0
70201, 3782664, 0, 0, 0
70300, 1915742, 0, 0, 0
70400, 1801847, 0, 0, 0
70500, 1851819, 0, 0, 0
70600, 2948288, 0, 0, 0
70700, 1541548, 0, 0, 0
70800, 1828072, 0, 0, 0
70900, 4227153, 0, 0, 0
71000, 3265066, 0, 0, 0
71100, 1622910, 0, 0, 0
71201, 3327067, 0, 0, 0
71300, 4462805, 0, 0, 0
71400, 2222434, 0, 0, 0
71500, 1640058, 0, 0, 0
71600, 1922552, 0, 0, 0
71700, 2255768, 0, 0, 0
71800, 1819616, 0, 0, 0
71900, 1759157, 0, 0, 0
72000, 2374174, 0, 0, 0
72100, 1961661, 0, 0, 0
72200, 2639583, 0, 0, 0
72300, 2068230, 0, 0, 0
72400, 1746637, 0, 0, 0
72500, 1878520, 0, 0, 0
72600, 1736867, 0, 0, 0
72700, 2629146, 0, 0, 0
72800, 2219650, 0, 0, 0
72900, 1855403, 0, 0, 0
73000, 2192445, 0, 0, 0
73100, 1395596, 0, 0, 0
73200, 1757847, 0, 0, 0
73300, 1773889, 0, 0, 0
73400, 2359542, 0, 0, 0
73500, 1785139, 0, 0, 0
73600, 1737190, 0, 0, 0
73700, 2214616, 0, 0, 0
73800, 1868730, 0, 0, 0
73900, 1840680, 0, 0, 0
74000, 1777173, 0, 0, 0
74101, 2102850, 0, 0, 0
74200, 3571549, 0, 0, 0
74300, 3028031, 0, 0, 0
74400, 1740685, 0, 0, 0
74500, 2115128, 0, 0, 0
74600, 1861745, 0, 0, 0
74700, 1435792, 0, 0, 0
74800, 2972136, 0, 0, 0
74900, 4312376, 0, 0, 0
75000, 2821481, 0, 0, 0
75100, 1721208, 0, 0, 0
75200, 1756458, 0, 0, 0
75300, 2181990, 0, 0, 0
75400, 2432557, 0, 0, 0
75500, 3141791, 0, 0, 0
75601, 3632976, 0, 0, 0
75700, 2281114, 0, 0, 0
75800, 1864030, 0, 0, 0
75900, 1665879, 0, 0, 0
76000, 1727169, 0, 0, 0
76100, 1519688, 0, 0, 0
76200, 1432775, 0, 0, 0
76300, 1858531, 0, 0, 0
76400, 2851666, 0, 0, 0
76500, 1806972, 0, 0, 0
76600, 1692135, 0, 0, 0
76700, 2421818, 0, 0, 0
76800, 1967518, 0, 0, 0
76900, 2529335, 0, 0, 0
77000, 2906678, 0, 0, 0
77101, 2927665, 0, 0, 0
77200, 1848262, 0, 0, 0
77300, 1906640, 0, 0, 0
77400, 2477928, 0, 0, 0
77500, 2962399, 0, 0, 0
77600, 2208204, 0, 0, 0
77700, 1978724, 0, 0, 0
77800, 1825984, 0, 0, 0
77900, 2930970, 0, 0, 0
78000, 2047183, 0, 0, 0
78100, 1640279, 0, 0, 0
78200, 1403590, 0, 0, 0
78300, 2020493, 0, 0, 0
78400, 2770605, 0, 0, 0
78500, 2138015, 0, 0, 0
78600, 1938395, 0, 0, 0
78700, 2482482, 0, 0, 0
78800, 3528948, 0, 0, 0
78900, 1950930, 0, 0, 0
79000, 1735115, 0, 0, 0
79100, 1815205, 0, 0, 0
79200, 4005392, 0, 0, 0
79300, 3168198, 0, 0, 0
79400, 1742855, 0, 0, 0
79500, 1704742, 0, 0, 0
79600, 2354007, 0, 0, 0
79700, 1957483, 0, 0, 0
79800, 2476450, 0, 0, 0
79900, 2256583, 0, 0, 0
80000, 1881997, 0, 0, 0
80100, 2336150, 0, 0, 0
80200, 2405107, 0, 0, 0
80300, 2378217, 0, 0, 0
80400, 1594315, 0, 0, 0
80500, 1695424, 0, 0, 0
80600, 1917675, 0, 0, 0
80700, 1730768, 0, 0, 0
80800, 1829416, 0, 0, 0
80900, 2229701, 0, 0, 0
81000, 2108218, 0, 0, 0
81100, 2225670, 0, 0, 0
81200, 2273260, 0, 0, 0
81301, 3329850, 0, 0, 0
81400, 2770306, 0, 0, 0
81500, 2488305, 0, 0, 0
81600, 1581987, 0, 0, 0
81700, 1956300, 0, 0, 0
81800, 1802470, 0, 0, 0
81900, 2367186, 0, 0, 0
82000, 2581294, 0, 0, 0
82100, 3200939, 0, 0, 0
82200, 2802196, 0, 0, 0
82300, 1782355, 0, 0, 0
82400, 1890134, 0, 0, 0
82500, 2157228, 0, 0, 0
82600, 2079658, 0, 0, 0
82700, 2010308, 0, 0, 0
82800, 1733945, 0, 0, 0
82900, 1727179, 0, 0, 0
83000, 1709892, 0, 0, 0
83100, 1910728, 0, 0, 0
83200, 1464403, 0, 0, 0
83300, 1716603, 0, 0, 0
83400, 1594204, 0, 0, 0
83500, 2426171, 0, 0, 0
83600, 3042236, 0, 0, 0
83700, 1868716, 0, 0, 0
83800, 1795491, 0, 0, 0
83900, 1702838, 0, 0, 0
84000, 1917032, 0, 0, 0
84100, 1721331, 0, 0, 0
84200, 1678591, 0, 0, 0
84301, 2878584, 0, 0, 0
84400, 2302939, 0, 0, 0
84500, 3332807, 0, 0, 0
84600, 2754787, 0, 0, 0
84700, 1679792, 0, 0, 0
84800, 1789343, 0, 0, 0
84900, 1285093, 0, 0, 0
85000, 1773092, 0, 0, 0
85100, 1383279, 0, 0, 0
85200, 1764501, 0, 0, 0
85300, 1673232, 0, 0, 0
85400, 1516341, 0, 0, 0
85500, 1602240, 0, 0, 0
85600, 1879783, 0, 0, 0
85700, 1925671, 0, 0, 0
85800, 1706490, 0, 0, 0
85900, 1796503, 0, 0, 0
86000, 1732588, 0, 0, 0
86100, 1644494, 0, 0, 0
86200, 1600561, 0, 0, 0
86300, 1908775, 0, 0, 0
86400, 4063150, 0, 0, 0
86500, 4432299, 0, 0, 0
86600, 3794915, 0, 0, 0
86700, 3139622, 0, 0, 0
86800, 3303625, 0, 0, 0
86900, 2693023, 0, 0, 0
87000, 1745751, 0, 0, 0
87100, 1755697, 0, 0, 0
87200, 1893217, 0, 0, 0
87300, 1821081, 0, 0, 0
87400, 3650694, 0, 0, 0
87500, 2860938, 0, 0, 0
87600, 2215865, 0, 0, 0
87700, 1778655, 0, 0, 0
87800, 2610792, 0, 0, 0
87900, 2246276, 0, 0, 0
88000, 1764681, 0, 0, 0
88100, 1484022, 0, 0, 0
88200, 1491058, 0, 0, 0
88300, 1479848, 0, 0, 0
88400, 1578738, 0, 0, 0
88500, 1557172, 0, 0, 0
88600, 1697381, 0, 0, 0
88700, 1563693, 0, 0, 0
88800, 1856957, 0, 0, 0
88900, 1712567, 0, 0, 0
89000, 1761148, 0, 0, 0
89100, 1768050, 0, 0, 0
89200, 2152905, 0, 0, 0
89300, 1766052, 0, 0, 0
89400, 1879542, 0, 0, 0
89500, 1972169, 0, 0, 0
89600, 1812489, 0, 0, 0
89700, 2415010, 0, 0, 0
89800, 2312618, 0, 0, 0
89900, 1613597, 0, 0, 0
90000, 1668399, 0, 0, 0
90001, 1723440, 0, 0, 0
