100, 657896, 0, 0, 0
200, 668874, 0, 0, 0
300, 765258, 0, 0, 0
400, 691459, 0, 0, 0
500, 699339, 0, 0, 0
600, 716765, 0, 0, 0
700, 717552, 0, 0, 0
800, 680705, 0, 0, 0
900, 685952, 0, 0, 0
1000, 700859, 0, 0, 0
1100, 680154, 0, 0, 0
1200, 661417, 0, 0, 0
1300, 690570, 0, 0, 0
1400, 664410, 0, 0, 0
1500, 655202, 0, 0, 0
1600, 669636, 0, 0, 0
1700, 670487, 0, 0, 0
1800, 659819, 0, 0, 0
1900, 666580, 0, 0, 0
2000, 668098, 0, 0, 0
2100, 658650, 0, 0, 0
2200, 662924, 0, 0, 0
2300, 652184, 0, 0, 0
2400, 647706, 0, 0, 0
2500, 662697, 0, 0, 0
2600, 706477, 0, 0, 0
2700, 718064, 0, 0, 0
2800, 667866, 0, 0, 0
2900, 757000, 0, 0, 0
3000, 658867, 0, 0, 0
3100, 687161, 0, 0, 0
3200, 670692, 0, 0, 0
3300, 681533, 0, 0, 0
3400, 685246, 0, 0, 0
3500, 759096, 0, 0, 0
3600, 792893, 0, 0, 0
3700, 689820, 0, 0, 0
3800, 657108, 0, 0, 0
3900, 696371, 0, 0, 0
4000, 667936, 0, 0, 0
4100, 745689, 0, 0, 0
4200, 677477, 0, 0, 0
4300, 685829, 0, 0, 0
4400, 691722, 0, 0, 0
4500, 679640, 0, 0, 0
4600, 746463, 0, 0, 0
4700, 732674, 0, 0, 0
4800, 707155, 0, 0, 0
4900, 670530, 0, 0, 0
5000, 667572, 0, 0, 0
5100, 676879, 0, 0, 0
5200, 657108, 0, 0, 0
5300, 676608, 0, 0, 0
5400, 716145, 0, 0, 0
5500, 731226, 0, 0, 0
5600, 730175, 0, 0, 0
5700, 678374, 0, 0, 0
5800, 716186, 0, 0, 0
5900, 668467, 0, 0, 0
6000, 644196, 0, 0, 0
6100, 663255, 0, 0, 0
6200, 655295, 0, 0, 0
6300, 643535, 0, 0, 0
6400, 777820, 0, 0, 0
6500, 690208, 0, 0, 0
6600, 704225, 0, 0, 0
6700, 812349, 0, 0, 0
6800, 671561, 0, 0, 0
6900, 670571, 0, 0, 0
7000, 733032, 0, 0, 0
7100, 744365, 0, 0, 0
7200, 745350, 0, 0, 0
7300, 661468, 0, 0, 0
7400, 835548, 0, 0, 0
7500, 718600, 0, 0, 0
7600, 695676, 0, 0, 0
7700, 671064, 0, 0, 0
7800, 675719, 0, 0, 0
7900, 704870, 0, 0, 0
8000, 783600, 0, 0, 0
8100, 667048, 0, 0, 0
8200, 723294, 0, 0, 0
8300, 719048, 0, 0, 0
8400, 681047, 0, 0, 0
8500, 668031, 0, 0, 0
8600, 683379, 0, 0, 0
8700, 679093, 0, 0, 0
8800, 749198, 0, 0, 0
8900, 651386, 0, 0, 0
9000, 670504, 0, 0, 0
9100, 677396, 0, 0, 0
9200, 636843, 0, 0, 0
9300, 665123, 0, 0, 0
9400, 676442, 0, 0, 0
9500, 732973, 0, 0, 0
9600, 738441, 0, 0, 0
9700, 687600, 0, 0, 0
9800, 679585, 0, 0, 0
9900, 685236, 0, 0, 0
10000, 686945, 0, 0, 0
10100, 692871, 0, 0, 0
10200, 700475, 0, 0, 0
10300, 727517, 0, 0, 0
10400, 706764, 0, 0, 0
10500, 674538, 0, 0, 0
10600, 667936, 0, 0, 0
10700, 673847, 0, 0, 0
10800, 670976, 0, 0, 0
10900, 717635, 0, 0, 0
11000, 786954, 0, 0, 0
11100, 715623, 0, 0, 0
11200, 676541, 0, 0, 0
11300, 680864, 0, 0, 0
11400, 678844, 0, 0, 0
11500, 706857, 0, 0, 0
11600, 705225, 0, 0, 0
11700, 667282, 0, 0, 0
11800, 702572, 0, 0, 0
11900, 691144, 0, 0, 0
12000, 692156, 0, 0, 0
12100, 684743, 0, 0, 0
12200, 691289, 0, 0, 0
12300, 680112, 0, 0, 0
12400, 651768, 0, 0, 0
12500, 698566, 0, 0, 0
12600, 734574, 0, 0, 0
12700, 677628, 0, 0, 0
12800, 675669, 0, 0, 0
12900, 692810, 0, 0, 0
13000, 663045, 0, 0, 0
13100, 685315, 0, 0, 0
13200, 756562, 0, 0, 0
13300, 668147, 0, 0, 0
13400, 700095, 0, 0, 0
13500, 724240, 0, 0, 0
13600, 727979, 0, 0, 0
13700, 677259, 0, 0, 0
13800, 662161, 0, 0, 0
13900, 655957, 0, 0, 0
14000, 690724, 0, 0, 0
14100, 693696, 0, 0, 0
14200, 681677, 0, 0, 0
14300, 713286, 0, 0, 0
14400, 701874, 0, 0, 0
14500, 676546, 0, 0, 0
14600, 658492, 0, 0, 0
14700, 707774, 0, 0, 0
14800, 670900, 0, 0, 0
14900, 681140, 0, 0, 0
15000, 746769, 0, 0, 0
15100, 651675, 0, 0, 0
15200, 750397, 0, 0, 0
15300, 676645, 0, 0, 0
15400, 677784, 0, 0, 0
15500, 686365, 0, 0, 0
15601, 765120, 0, 0, 0
15700, 718595, 0, 0, 0
15800, 741344, 0, 0, 0
15900, 671912, 0, 0, 0
16000, 669009, 0, 0, 0
16100, 682629, 0, 0, 0
16200, 739416, 0, 0, 0
16300, 687747, 0, 0, 0
16400, 665507, 0, 0, 0
16500, 789270, 0, 0, 0
16600, 667530, 0, 0, 0
16700, 678029, 0, 0, 0
16800, 663017, 0, 0, 0
16900, 683445, 0, 0, 0
17000, 674879, 0, 0, 0
17100, 662959, 0, 0, 0
17200, 696045, 0, 0, 0
17300, 675766, 0, 0, 0
17400, 681914, 0, 0, 0
17500, 649852, 0, 0, 0
17600, 679444, 0, 0, 0
17700, 713938, 0, 0, 0
17800, 655081, 0, 0, 0
17900, 687360, 0, 0, 0
18000, 677810, 0, 0, 0
18100, 686049, 0, 0, 0
18200, 684698, 0, 0, 0
18300, 648150, 0, 0, 0
18400, 650990, 0, 0, 0
18500, 672960, 0, 0, 0
18600, 674989, 0, 0, 0
18700, 709580, 0, 0, 0
18800, 732463, 0, 0, 0
18900, 663952, 0, 0, 0
19000, 717227, 0, 0, 0
19100, 689362, 0, 0, 0
19200, 692934, 0, 0, 0
19300, 700926, 0, 0, 0
19400, 650453, 0, 0, 0
19500, 665956, 0, 0, 0
19600, 690426, 0, 0, 0
19700, 680384, 0, 0, 0
19800, 691972, 0, 0, 0
19900, 679182, 0, 0, 0
20000, 695381, 0, 0, 0
20100, 657620, 0, 0, 0
20200, 654276, 0, 0, 0
20300, 659282, 0, 0, 0
20400, 677993, 0, 0, 0
20500, 714555, 0, 0, 0
20600, 660430, 0, 0, 0
20700, 669644, 0, 0, 0
20800, 680355, 0, 0, 0
20900, 701573, 0, 0, 0
21000, 664777, 0, 0, 0
21100, 747955, 0, 0, 0
21201, 770332, 0, 0, 0
21300, 810337, 0, 0, 0
21400, 844085, 0, 0, 0
21500, 741025, 0, 0, 0
21600, 678051, 0, 0, 0
21700, 741563, 0, 0, 0
21800, 716041, 0, 0, 0
21900, 695350, 0, 0, 0
22000, 710075, 0, 0, 0
22100, 701031, 0, 0, 0
22200, 735977, 0, 0, 0
22300, 674026, 0, 0, 0
22400, 675431, 0, 0, 0
22500, 706145, 0, 0, 0
22600, 716133, 0, 0, 0
22700, 658219, 0, 0, 0
22800, 675333, 0, 0, 0
22900, 696837, 0, 0, 0
23000, 685852, 0, 0, 0
23100, 682762, 0, 0, 0
23200, 695290, 0, 0, 0
23300, 703153, 0, 0, 0
23400, 661888, 0, 0, 0
23500, 658079, 0, 0, 0
23600, 673100, 0, 0, 0
23700, 683068, 0, 0, 0
23800, 685321, 0, 0, 0
23900, 683802, 0, 0, 0
24000, 729561, 0, 0, 0
24102, 677985, 0, 0, 0
24200, 696340, 0, 0, 0
24300, 663847, 0, 0, 0
24400, 657299, 0, 0, 0
24500, 660253, 0, 0, 0
24600, 744857, 0, 0, 0
24700, 676052, 0, 0, 0
24800, 695532, 0, 0, 0
24900, 668402, 0, 0, 0
25000, 727171, 0, 0, 0
25100, 721337, 0, 0, 0
25200, 661609, 0, 0, 0
25300, 687131, 0, 0, 0
25400, 694920, 0, 0, 0
25500, 781650, 0, 0, 0
25600, 704322, 0, 0, 0
25700, 679550, 0, 0, 0
25800, 683860, 0, 0, 0
25900, 674717, 0, 0, 0
26000, 669715, 0, 0, 0
26100, 676708, 0, 0, 0
26200, 720340, 0, 0, 0
26300, 730564, 0, 0, 0
26400, 664413, 0, 0, 0
26500, 790801, 0, 0, 0
26600, 686844, 0, 0, 0
26700, 658369, 0, 0, 0
26800, 650476, 0, 0, 0
26900, 653265, 0, 0, 0
27000, 677516, 0, 0, 0
27100, 689165, 0, 0, 0
27200, 648995, 0, 0, 0
27300, 690439, 0, 0, 0
27400, 644707, 0, 0, 0
27500, 659682, 0, 0, 0
27600, 649258, 0, 0, 0
27700, 668735, 0, 0, 0
27800, 698484, 0, 0, 0
27900, 670906, 0, 0, 0
28000, 684649, 0, 0, 0
28100, 677988, 0, 0, 0
28200, 670963, 0, 0, 0
28300, 710583, 0, 0, 0
28400, 701884, 0, 0, 0
28500, 652096, 0, 0, 0
28600, 687457, 0, 0, 0
28700, 667245, 0, 0, 0
28800, 671465, 0, 0, 0
28900, 670765, 0, 0, 0
29000, 765834, 0, 0, 0
29100, 701171, 0, 0, 0
29200, 684093, 0, 0, 0
29300, 692102, 0, 0, 0
29400, 648995, 0, 0, 0
29500, 683979, 0, 0, 0
29600, 674048, 0, 0, 0
29700, 754739, 0, 0, 0
29800, 684872, 0, 0, 0
29900, 780227, 0, 0, 0
30000, 775414, 0, 0, 0
30100, 693094, 0, 0, 0
30200, 677483, 0, 0, 0
30300, 712540, 0, 0, 0
30400, 684587, 0, 0, 0
30500, 736540, 0, 0, 0
30600, 684278, 0, 0, 0
30700, 694673, 0, 0, 0
30800, 677663, 0, 0, 0
30900, 678329, 0, 0, 0
31000, 656936, 0, 0, 0
31100, 675488, 0, 0, 0
31200, 764859, 0, 0, 0
31300, 677147, 0, 0, 0
31400, 704380, 0, 0, 0
31500, 730222, 0, 0, 0
31600, 667125, 0, 0, 0
31700, 674656, 0, 0, 0
31800, 672620, 0, 0, 0
31900, 693078, 0, 0, 0
32000, 681406, 0, 0, 0
32100, 702910, 0, 0, 0
32200, 674789, 0, 0, 0
32300, 655219, 0, 0, 0
32400, 662853, 0, 0, 0
32500, 667025, 0, 0, 0
32600, 687131, 0, 0, 0
32700, 712830, 0, 0, 0
32800, 652575, 0, 0, 0
32900, 677013, 0, 0, 0
33000, 682081, 0, 0, 0
33100, 701886, 0, 0, 0
33200, 664350, 0, 0, 0
33300, 657630, 0, 0, 0
33400, 673115, 0, 0, 0
33500, 701736, 0, 0, 0
33600, 700501, 0, 0, 0
33700, 694149, 0, 0, 0
33800, 671204, 0, 0, 0
33900, 662390, 0, 0, 0
34000, 663523, 0, 0, 0
34100, 818433, 0, 0, 0
34200, 1062515, 0, 0, 0
34300, 674440, 0, 0, 0
34400, 715047, 0, 0, 0
34500, 666908, 0, 0, 0
34600, 713801, 0, 0, 0
34700, 675214, 0, 0, 0
34800, 761694, 0, 0, 0
34900, 659591, 0, 0, 0
35000, 674355, 0, 0, 0
35100, 672824, 0, 0, 0
35200, 689920, 0, 0, 0
35300, 720476, 0, 0, 0
35400, 778940, 0, 0, 0
35504, 727346, 0, 0, 0
35600, 687593, 0, 0, 0
35700, 683633, 0, 0, 0
35800, 683369, 0, 0, 0
35900, 668406, 0, 0, 0
36000, 753349, 0, 0, 0
36100, 715157, 0, 0, 0
36200, 742195, 0, 0, 0
36300, 655378, 0, 0, 0
36400, 663966, 0, 0, 0
36500, 781531, 0, 0, 0
36600, 707889, 0, 0, 0
36700, 708275, 0, 0, 0
36800, 685750, 0, 0, 0
36900, 676241, 0, 0, 0
37000, 703958, 0, 0, 0
37100, 647349, 0, 0, 0
37200, 759142, 0, 0, 0
37300, 682475, 0, 0, 0
37400, 664777, 0, 0, 0
37500, 673941, 0, 0, 0
37600, 682791, 0, 0, 0
37700, 675282, 0, 0, 0
37800, 745124, 0, 0, 0
37900, 699208, 0, 0, 0
38000, 708113, 0, 0, 0
38100, 658960, 0, 0, 0
38200, 657002, 0, 0, 0
38300, 643303, 0, 0, 0
38400, 704034, 0, 0, 0
38500, 674249, 0, 0, 0
38600, 669882, 0, 0, 0
38700, 688695, 0, 0, 0
38800, 681235, 0, 0, 0
38900, 670648, 0, 0, 0
39000, 892452, 0, 0, 0
39100, 957553, 0, 0, 0
39200, 691253, 0, 0, 0
39300, 690082, 0, 0, 0
39400, 703163, 0, 0, 0
39500, 670267, 0, 0, 0
39600, 670991, 0, 0, 0
39700, 657028, 0, 0, 0
39800, 671151, 0, 0, 0
39900, 664423, 0, 0, 0
40000, 660694, 0, 0, 0
40100, 723346, 0, 0, 0
40200, 709392, 0, 0, 0
40300, 660229, 0, 0, 0
40400, 648230, 0, 0, 0
40500, 669840, 0, 0, 0
40600, 718529, 0, 0, 0
40700, 727100, 0, 0, 0
40800, 658929, 0, 0, 0
40900, 663225, 0, 0, 0
41000, 679472, 0, 0, 0
41100, 705484, 0, 0, 0
41200, 728470, 0, 0, 0
41300, 656255, 0, 0, 0
41400, 658784, 0, 0, 0
41500, 675049, 0, 0, 0
41600, 664634, 0, 0, 0
41700, 677179, 0, 0, 0
41800, 654238, 0, 0, 0
41900, 677522, 0, 0, 0
42000, 696381, 0, 0, 0
42100, 674797, 0, 0, 0
42200, 711553, 0, 0, 0
42300, 663550, 0, 0, 0
42400, 719950, 0, 0, 0
42500, 700244, 0, 0, 0
42600, 652795, 0, 0, 0
42700, 663096, 0, 0, 0
42800, 685627, 0, 0, 0
42900, 680169, 0, 0, 0
43000, 675070, 0, 0, 0
43100, 669559, 0, 0, 0
43200, 665658, 0, 0, 0
43300, 694504, 0, 0, 0
43400, 676214, 0, 0, 0
43500, 678555, 0, 0, 0
43600, 669478, 0, 0, 0
43700, 692991, 0, 0, 0
43800, 661614, 0, 0, 0
43900, 703412, 0, 0, 0
44000, 692590, 0, 0, 0
44100, 684970, 0, 0, 0
44200, 672672, 0, 0, 0
44300, 676684, 0, 0, 0
44400, 734482, 0, 0, 0
44500, 831033, 0, 0, 0
44600, 703729, 0, 0, 0
44700, 685387, 0, 0, 0
44800, 672676, 0, 0, 0
44900, 676314, 0, 0, 0
45000, 648692, 0, 0, 0
45100, 659106, 0, 0, 0
45200, 699316, 0, 0, 0
45300, 797646, 0, 0, 0
45400, 735375, 0, 0, 0
45500, 677935, 0, 0, 0
45600, 667831, 0, 0, 0
45700, 671001, 0, 0, 0
45800, 689503, 0, 0, 0
45900, 652691, 0, 0, 0
46000, 696961, 0, 0, 0
46100, 706970, 0, 0, 0
46200, 681199, 0, 0, 0
46300, 690278, 0, 0, 0
46400, 700850, 0, 0, 0
46500, 702795, 0, 0, 0
46600, 693126, 0, 0, 0
46700, 740719, 0, 0, 0
46800, 677612, 0, 0, 0
46900, 663977, 0, 0, 0
47000, 664206, 0, 0, 0
47100, 676034, 0, 0, 0
47200, 667875, 0, 0, 0
47300, 677661, 0, 0, 0
47400, 656664, 0, 0, 0
47500, 691547, 0, 0, 0
47600, 722776, 0, 0, 0
47700, 754536, 0, 0, 0
47800, 692455, 0, 0, 0
47900, 768219, 0, 0, 0
48000, 670077, 0, 0, 0
48100, 656151, 0, 0, 0
48200, 688124, 0, 0, 0
48300, 689555, 0, 0, 0
48400, 728672, 0, 0, 0
48500, 669063, 0, 0, 0
48600, 673062, 0, 0, 0
48700, 667859, 0, 0, 0
48800, 693956, 0, 0, 0
48900, 693832, 0, 0, 0
49000, 687954, 0, 0, 0
49100, 685677, 0, 0, 0
49200, 674675, 0, 0, 0
49300, 663950, 0, 0, 0
49400, 689991, 0, 0, 0
49500, 658447, 0, 0, 0
49600, 688845, 0, 0, 0
49700, 710232, 0, 0, 0
49800, 701532, 0, 0, 0
49900, 730580, 0, 0, 0
50000, 688418, 0, 0, 0
50100, 665233, 0, 0, 0
50200, 686268, 0, 0, 0
50300, 662056, 0, 0, 0
50400, 674237, 0, 0, 0
50500, 670374, 0, 0, 0
50600, 714624, 0, 0, 0
50700, 701704, 0, 0, 0
50800, 705912, 0, 0, 0
50900, 670424, 0, 0, 0
51000, 669659, 0, 0, 0
51100, 671747, 0, 0, 0
51200, 683755, 0, 0, 0
51300, 686228, 0, 0, 0
51400, 675295, 0, 0, 0
51500, 678857, 0, 0, 0
51600, 669927, 0, 0, 0
51700, 662070, 0, 0, 0
51800, 638217, 0, 0, 0
51900, 744101, 0, 0, 0
52000, 681925, 0, 0, 0
52100, 694485, 0, 0, 0
52200, 668928, 0, 0, 0
52300, 684990, 0, 0, 0
52400, 678439, 0, 0, 0
52500, 764178, 0, 0, 0
52600, 667371, 0, 0, 0
52700, 675729, 0, 0, 0
52800, 663940, 0, 0, 0
52900, 683420, 0, 0, 0
53000, 696230, 0, 0, 0
53100, 682239, 0, 0, 0
53200, 671461, 0, 0, 0
53300, 697060, 0, 0, 0
53400, 671187, 0, 0, 0
53500, 700963, 0, 0, 0
53600, 687205, 0, 0, 0
53700, 689118, 0, 0, 0
53800, 675088, 0, 0, 0
53900, 685807, 0, 0, 0
54000, 738613, 0, 0, 0
54100, 703741, 0, 0, 0
54200, 695556, 0, 0, 0
54300, 682989, 0, 0, 0
54400, 802198, 0, 0, 0
54500, 995163, 0, 0, 0
54600, 663751, 0, 0, 0
54700, 672016, 0, 0, 0
54800, 754155, 0, 0, 0
54900, 701821, 0, 0, 0
55000, 695203, 0, 0, 0
55100, 682383, 0, 0, 0
55200, 673371, 0, 0, 0
55300, 674604, 0, 0, 0
55400, 710100, 0, 0, 0
55500, 669416, 0, 0, 0
55600, 661155, 0, 0, 0
55700, 717424, 0, 0, 0
55800, 734501, 0, 0, 0
55900, 679324, 0, 0, 0
56000, 680999, 0, 0, 0
56100, 647328, 0, 0, 0
56200, 656580, 0, 0, 0
56300, 665109, 0, 0, 0
56400, 694444, 0, 0, 0
56500, 735491, 0, 0, 0
56600, 755207, 0, 0, 0
56700, 655464, 0, 0, 0
56800, 647006, 0, 0, 0
56900, 668193, 0, 0, 0
57000, 704199, 0, 0, 0
57100, 682758, 0, 0, 0
57200, 683901, 0, 0, 0
57300, 714962, 0, 0, 0
57400, 726676, 0, 0, 0
57500, 701595, 0, 0, 0
57600, 672319, 0, 0, 0
57700, 669425, 0, 0, 0
57800, 666273, 0, 0, 0
57900, 698768, 0, 0, 0
58000, 676013, 0, 0, 0
58100, 651868, 0, 0, 0
58200, 682938, 0, 0, 0
58300, 686299, 0, 0, 0
58400, 677588, 0, 0, 0
58500, 684148, 0, 0, 0
58600, 700246, 0, 0, 0
58700, 722124, 0, 0, 0
58800, 687727, 0, 0, 0
58900, 751748, 0, 0, 0
59000, 688307, 0, 0, 0
59100, 693533, 0, 0, 0
59200, 665223, 0, 0, 0
59300, 665268, 0, 0, 0
59400, 702472, 0, 0, 0
59500, 687606, 0, 0, 0
59600, 697852, 0, 0, 0
59700, 669181, 0, 0, 0
59800, 710055, 0, 0, 0
59900, 782698, 0, 0, 0
60000, 728093, 0, 0, 0
60100, 701699, 0, 0, 0
60200, 681413, 0, 0, 0
60300, 663992, 0, 0, 0
60400, 669614, 0, 0, 0
60500, 681196, 0, 0, 0
60600, 812766, 0, 0, 0
60700, 676631, 0, 0, 0
60800, 676451, 0, 0, 0
60900, 689564, 0, 0, 0
61000, 674384, 0, 0, 0
61100, 698502, 0, 0, 0
61200, 679444, 0, 0, 0
61300, 703557, 0, 0, 0
61400, 666476, 0, 0, 0
61500, 654627, 0, 0, 0
61600, 701869, 0, 0, 0
61700, 694502, 0, 0, 0
61800, 664787, 0, 0, 0
61900, 708639, 0, 0, 0
62000, 682092, 0, 0, 0
62100, 691009, 0, 0, 0
62200, 660204, 0, 0, 0
62300, 669385, 0, 0, 0
62400, 724658, 0, 0, 0
62500, 675985, 0, 0, 0
62601, 787583, 0, 0, 0
62700, 709148, 0, 0, 0
62800, 681157, 0, 0, 0
62900, 664179, 0, 0, 0
63000, 716877, 0, 0, 0
63100, 658961, 0, 0, 0
63200, 666325, 0, 0, 0
63300, 661570, 0, 0, 0
63400, 673962, 0, 0, 0
63500, 663733, 0, 0, 0
63600, 669463, 0, 0, 0
63700, 657760, 0, 0, 0
63800, 679001, 0, 0, 0
63900, 693750, 0, 0, 0
64000, 685252, 0, 0, 0
64100, 670189, 0, 0, 0
64200, 655299, 0, 0, 0
64713, 4413514, 0, 0, 0
64800, 699467, 0, 0, 0
65197, 79380243, 0, 0, 0
65200, 833582, 0, 0, 0
65622, 3394977, 0, 0, 0
65700, 712594, 0, 0, 0
66001, 15060633, 0, 0, 0
66100, 783215, 0, 0, 0
66446, 2631243, 0, 0, 0
66500, 751440, 0, 0, 0
66812, 5563028, 0, 0, 0
66903, 778059, 0, 0, 0
67133, 19116689, 0, 0, 0
67200, 641071, 0, 0, 0
67300, 913543, 0, 0, 0
67400, 617289, 0, 0, 0
67674, 24898911, 0, 0, 0
67700, 596996, 0, 0, 0
67800, 655663, 0, 0, 0
67900, 736777, 0, 0, 0
68014, 2028851, 0, 0, 0
68100, 731763, 0, 0, 0
68200, 631090, 0, 0, 0
68300, 884776, 0, 0, 0
68400, 629034, 0, 0, 0
68500, 728465, 0, 0, 0
68711, 2337738, 0, 0, 0
68800, 690573, 0, 0, 0
68900, 752100, 0, 0, 0
69000, 666674, 0, 0, 0
69100, 667885, 0, 0, 0
69200, 840516, 0, 0, 0
69300, 810141, 0, 0, 0
69400, 663990, 0, 0, 0
69500, 684732, 0, 0, 0
69600, 714642, 0, 0, 0
69700, 706357, 0, 0, 0
69800, 664495, 0, 0, 0
69900, 694397, 0, 0, 0
70000, 714299, 0, 0, 0
70100, 671032, 0, 0, 0
70200, 809060, 0, 0, 0
70300, 798167, 0, 0, 0
70400, 885028, 0, 0, 0
70500, 761089, 0, 0, 0
70600, 831947, 0, 0, 0
70700, 772824, 0, 0, 0
70800, 708736, 0, 0, 0
70900, 683376, 0, 0, 0
71000, 673659, 0, 0, 0
71100, 675733, 0, 0, 0
71200, 711654, 0, 0, 0
71300, 717967, 0, 0, 0
71400, 723294, 0, 0, 0
71500, 716712, 0, 0, 0
71600, 665690, 0, 0, 0
71700, 685593, 0, 0, 0
71800, 673704, 0, 0, 0
71900, 678393, 0, 0, 0
72000, 720313, 0, 0, 0
72100, 659915, 0, 0, 0
72200, 675138, 0, 0, 0
72300, 696478, 0, 0, 0
72400, 679006, 0, 0, 0
72500, 681985, 0, 0, 0
72600, 687693, 0, 0, 0
72700, 683240, 0, 0, 0
72800, 703717, 0, 0, 0
72900, 671098, 0, 0, 0
73000, 657715, 0, 0, 0
73100, 701653, 0, 0, 0
73200, 678578, 0, 0, 0
73300, 679401, 0, 0, 0
73400, 717076, 0, 0, 0
73500, 666375, 0, 0, 0
73600, 704149, 0, 0, 0
73700, 742324, 0, 0, 0
73800, 663476, 0, 0, 0
73900, 663412, 0, 0, 0
74000, 717330, 0, 0, 0
74100, 683782, 0, 0, 0
74200, 694542, 0, 0, 0
74300, 676978, 0, 0, 0
74400, 698306, 0, 0, 0
74500, 704553, 0, 0, 0
74600, 687553, 0, 0, 0
74700, 663383, 0, 0, 0
74800, 752923, 0, 0, 0
74900, 737243, 0, 0, 0
75000, 688379, 0, 0, 0
75100, 699951, 0, 0, 0
75200, 666610, 0, 0, 0
75300, 674703, 0, 0, 0
75400, 672434, 0, 0, 0
75500, 779319, 0, 0, 0
75600, 712458, 0, 0, 0
75700, 689692, 0, 0, 0
75800, 686952, 0, 0, 0
75900, 681527, 0, 0, 0
76000, 684924, 0, 0, 0
76100, 658490, 0, 0, 0
76200, 663082, 0, 0, 0
76300, 730993, 0, 0, 0
76400, 714625, 0, 0, 0
76500, 730607, 0, 0, 0
76600, 676651, 0, 0, 0
76700, 653326, 0, 0, 0
76800, 809261, 0, 0, 0
76900, 688472, 0, 0, 0
77000, 764258, 0, 0, 0
77100, 677215, 0, 0, 0
77200, 658673, 0, 0, 0
77300, 651419, 0, 0, 0
77400, 658226, 0, 0, 0
77500, 681728, 0, 0, 0
77600, 682859, 0, 0, 0
77700, 697405, 0, 0, 0
77800, 738502, 0, 0, 0
77900, 665749, 0, 0, 0
78000, 653744, 0, 0, 0
78100, 677528, 0, 0, 0
78200, 685922, 0, 0, 0
78300, 707936, 0, 0, 0
78401, 750639, 0, 0, 0
78500, 679531, 0, 0, 0
78600, 756979, 0, 0, 0
78700, 689423, 0, 0, 0
78800, 712676, 0, 0, 0
78900, 1053101, 0, 0, 0
79000, 704268, 0, 0, 0
79100, 673374, 0, 0, 0
79200, 691529, 0, 0, 0
79300, 789091, 0, 0, 0
79400, 841814, 0, 0, 0
79500, 742033, 0, 0, 0
79600, 653473, 0, 0, 0
79700, 666089, 0, 0, 0
79800, 681764, 0, 0, 0
79900, 671811, 0, 0, 0
80000, 685163, 0, 0, 0
80100, 800780, 0, 0, 0
80200, 681635, 0, 0, 0
80300, 694873, 0, 0, 0
80400, 668082, 0, 0, 0
80500, 678257, 0, 0, 0
80600, 708764, 0, 0, 0
80700, 677214, 0, 0, 0
80800, 661069, 0, 0, 0
80900, 745637, 0, 0, 0
81000, 692710, 0, 0, 0
81100, 728311, 0, 0, 0
81200, 677320, 0, 0, 0
81300, 681113, 0, 0, 0
81400, 702261, 0, 0, 0
81500, 692862, 0, 0, 0
81600, 679795, 0, 0, 0
81700, 667053, 0, 0, 0
81800, 656914, 0, 0, 0
81900, 684085, 0, 0, 0
82000, 688737, 0, 0, 0
82100, 675706, 0, 0, 0
82200, 687088, 0, 0, 0
82300, 650771, 0, 0, 0
82400, 662237, 0, 0, 0
82500, 702478, 0, 0, 0
82600, 737259, 0, 0, 0
82700, 671277, 0, 0, 0
82800, 654635, 0, 0, 0
82900, 687578, 0, 0, 0
83000, 671002, 0, 0, 0
83100, 683436, 0, 0, 0
83200, 693816, 0, 0, 0
83300, 698110, 0, 0, 0
83400, 676853, 0, 0, 0
83500, 746736, 0, 0, 0
83600, 703627, 0, 0, 0
83700, 678943, 0, 0, 0
83800, 661311, 0, 0, 0
83900, 684827, 0, 0, 0
84000, 690488, 0, 0, 0
84100, 666062, 0, 0, 0
84200, 656724, 0, 0, 0
84300, 672964, 0, 0, 0
84400, 677682, 0, 0, 0
84500, 676711, 0, 0, 0
84600, 712733, 0, 0, 0
84700, 663270, 0, 0, 0
84800, 672903, 0, 0, 0
84900, 668577, 0, 0, 0
85000, 728729, 0, 0, 0
85100, 784188, 0, 0, 0
85200, 764219, 0, 0, 0
85300, 714794, 0, 0, 0
85400, 695922, 0, 0, 0
85500, 693338, 0, 0, 0
85600, 698280, 0, 0, 0
85700, 668702, 0, 0, 0
85800, 779110, 0, 0, 0
85900, 693036, 0, 0, 0
86000, 674912, 0, 0, 0
86100, 694908, 0, 0, 0
86200, 669675, 0, 0, 0
86300, 675781, 0, 0, 0
86400, 695460, 0, 0, 0
86500, 701155, 0, 0, 0
86600, 726672, 0, 0, 0
86700, 692342, 0, 0, 0
86800, 747983, 0, 0, 0
86900, 695019, 0, 0, 0
87000, 652524, 0, 0, 0
87100, 692207, 0, 0, 0
87200, 780156, 0, 0, 0
87300, 678529, 0, 0, 0
87400, 665167, 0, 0, 0
87500, 856024, 0, 0, 0
87600, 734517, 0, 0, 0
87700, 648351, 0, 0, 0
87800, 682056, 0, 0, 0
87900, 670669, 0, 0, 0
88000, 756973, 0, 0, 0
88100, 659994, 0, 0, 0
88200, 672180, 0, 0, 0
88300, 730539, 0, 0, 0
88400, 731814, 0, 0, 0
88500, 798403, 0, 0, 0
88600, 783049, 0, 0, 0
88700, 683659, 0, 0, 0
88800, 683915, 0, 0, 0
88900, 682972, 0, 0, 0
89000, 675396, 0, 0, 0
89100, 708287, 0, 0, 0
89200, 668185, 0, 0, 0
89300, 679202, 0, 0, 0
89400, 676808, 0, 0, 0
89500, 696292, 0, 0, 0
89600, 686560, 0, 0, 0
89700, 764490, 0, 0, 0
89800, 699561, 0, 0, 0
89900, 801287, 0, 0, 0
90000, 783393, 0, 0, 0
