100, 2724202, 1, 0, 0
219, 3507172, 1, 0, 0
301, 3252641, 1, 0, 0
401, 2700034, 1, 0, 0
501, 2764543, 1, 0, 0
600, 3027024, 1, 0, 0
705, 3015602, 1, 0, 0
801, 2830268, 1, 0, 0
900, 2806251, 1, 0, 0
1000, 3096967, 1, 0, 0
1101, 2632603, 1, 0, 0
1200, 3025738, 1, 0, 0
1300, 2737660, 1, 0, 0
1400, 2664162, 1, 0, 0
1502, 2707048, 1, 0, 0
1600, 2807559, 1, 0, 0
1700, 2758632, 1, 0, 0
1802, 2883094, 1, 0, 0
1902, 2938235, 1, 0, 0
2001, 2792288, 1, 0, 0
2100, 2745774, 1, 0, 0
2200, 2899820, 1, 0, 0
2300, 2967083, 1, 0, 0
2401, 2698125, 1, 0, 0
2500, 2714191, 1, 0, 0
2601, 2872640, 1, 0, 0
2700, 3222773, 1, 0, 0
2801, 2671271, 1, 0, 0
2900, 2999943, 1, 0, 0
3001, 2859004, 1, 0, 0
3100, 2681846, 1, 0, 0
3200, 2873850, 1, 0, 0
3301, 2826260, 1, 0, 0
3400, 2848649, 1, 0, 0
3500, 2736255, 1, 0, 0
3601, 2748743, 1, 0, 0
3701, 2943166, 1, 0, 0
3800, 2792878, 1, 0, 0
3900, 2796782, 1, 0, 0
4000, 3031079, 1, 0, 0
4100, 2715294, 1, 0, 0
4200, 2933784, 1, 0, 0
4300, 2860407, 1, 0, 0
4400, 2698394, 1, 0, 0
4501, 2741889, 1, 0, 0
4601, 2852566, 1, 0, 0
4701, 3693351, 1, 0, 0
4802, 2902794, 1, 0, 0
4900, 2906629, 1, 0, 0
5000, 3082400, 1, 0, 0
5100, 2842632, 1, 0, 0
5201, 2843355, 1, 0, 0
5300, 2725311, 1, 0, 0
5400, 2652897, 1, 0, 0
5500, 2672503, 1, 0, 0
5600, 2847217, 1, 0, 0
5700, 2816776, 1, 0, 0
5800, 3131456, 1, 0, 0
5900, 2795912, 1, 0, 0
6000, 3212048, 1, 0, 0
6100, 2707680, 1, 0, 0
6200, 2869894, 1, 0, 0
6300, 2805791, 1, 0, 0
6400, 2745812, 1, 0, 0
6500, 2796337, 1, 0, 0
6603, 5191671, 1, 0, 0
6704, 8945849, 1, 0, 0
6800, 6263090, 1, 0, 0
6900, 2479187, 1, 0, 0
7001, 2802877, 1, 0, 0
7101, 2638707, 1, 0, 0
7226, 3416795, 1, 0, 0
7301, 3513885, 1, 0, 0
7400, 2566482, 1, 0, 0
7500, 2637735, 1, 0, 0
7602, 2531792, 1, 0, 0
7700, 2749036, 1, 0, 0
7800, 2777743, 1, 0, 0
7901, 2707795, 1, 0, 0
8000, 2807553, 1, 0, 0
8100, 2925081, 1, 0, 0
8201, 2798680, 1, 0, 0
8300, 2883185, 1, 0, 0
8400, 2798025, 1, 0, 0
8500, 2805990, 1, 0, 0
8600, 2713126, 1, 0, 0
8701, 2753955, 1, 0, 0
8800, 2852704, 1, 0, 0
8900, 2806450, 1, 0, 0
9000, 2838028, 1, 0, 0
9101, 2782299, 1, 0, 0
9200, 2728713, 1, 0, 0
9300, 2936928, 1, 0, 0
9400, 2676197, 1, 0, 0
9502, 2728919, 1, 0, 0
9601, 2755749, 1, 0, 0
9700, 2817195, 1, 0, 0
9802, 5465594, 1, 0, 0
9901, 2658109, 1, 0, 0
10001, 2867026, 1, 0, 0
10102, 2939265, 1, 0, 0
10200, 2682141, 1, 0, 0
10301, 2859369, 1, 0, 0
10400, 2739911, 1, 0, 0
10501, 2766587, 1, 0, 0
10600, 2754910, 1, 0, 0
10700, 2668245, 1, 0, 0
10800, 2919170, 1, 0, 0
10900, 2833661, 1, 0, 0
11000, 2804673, 1, 0, 0
11100, 2919131, 1, 0, 0
11201, 2790653, 1, 0, 0
11301, 2808364, 1, 0, 0
11400, 2826255, 1, 0, 0
11500, 2921512, 1, 0, 0
11600, 2800991, 1, 0, 0
11700, 2971016, 1, 0, 0
11800, 3031019, 1, 0, 0
11900, 2874060, 1, 0, 0
12000, 2879341, 1, 0, 0
12100, 2998966, 1, 0, 0
12200, 2763755, 1, 0, 0
12300, 2838250, 1, 0, 0
12400, 3056491, 1, 0, 0
12501, 2775915, 1, 0, 0
12601, 2903553, 1, 0, 0
12700, 3043675, 1, 0, 0
12800, 3011733, 1, 0, 0
12900, 2860270, 1, 0, 0
13000, 2805759, 1, 0, 0
13145, 3613098, 1, 0, 0
13201, 3898026, 1, 0, 0
13302, 2976613, 1, 0, 0
13400, 2663103, 1, 0, 0
13500, 2770274, 1, 0, 0
13600, 2734967, 1, 0, 0
13702, 2749880, 1, 0, 0
13800, 3251592, 1, 0, 0
13900, 3049692, 1, 0, 0
14000, 2763839, 1, 0, 0
14101, 2745777, 1, 0, 0
14200, 2749742, 1, 0, 0
14300, 2781077, 1, 0, 0
14400, 2831874, 1, 0, 0
14501, 2757453, 1, 0, 0
14600, 2889386, 1, 0, 0
14700, 2831840, 1, 0, 0
14800, 2871118, 1, 0, 0
14900, 3086589, 1, 0, 0
15001, 2902690, 1, 0, 0
15100, 2733861, 1, 0, 0
15201, 2897267, 1, 0, 0
15301, 2880743, 1, 0, 0
15401, 2806017, 1, 0, 0
15501, 3052602, 1, 0, 0
15600, 2689104, 1, 0, 0
15700, 2686436, 1, 0, 0
15801, 2675331, 1, 0, 0
15900, 2825723, 1, 0, 0
16003, 2841557, 1, 0, 0
16100, 2966688, 1, 0, 0
16200, 2893431, 1, 0, 0
16300, 2839943, 1, 0, 0
16402, 3034467, 1, 0, 0
16500, 2743119, 1, 0, 0
16600, 2629816, 1, 0, 0
16701, 2718747, 1, 0, 0
16800, 2763919, 1, 0, 0
16900, 2917835, 1, 0, 0
17000, 2817429, 1, 0, 0
17100, 3231402, 1, 0, 0
17200, 2977086, 1, 0, 0
17300, 2686167, 1, 0, 0
17400, 5915560, 1, 0, 0
17501, 2530764, 1, 0, 0
17601, 2714033, 1, 0, 0
17700, 2654130, 1, 0, 0
17800, 2791865, 1, 0, 0
17901, 2787840, 1, 0, 0
18001, 2713539, 1, 0, 0
18101, 2769503, 1, 0, 0
18201, 2778402, 1, 0, 0
18300, 2622460, 1, 0, 0
18400, 2746984, 1, 0, 0
18500, 2695456, 1, 0, 0
18600, 2612808, 1, 0, 0
18700, 2638412, 1, 0, 0
18801, 2696939, 1, 0, 0
18901, 2801884, 1, 0, 0
19000, 2736089, 1, 0, 0
19103, 2827455, 1, 0, 0
19202, 2858984, 1, 0, 0
19300, 2942619, 1, 0, 0
19402, 2784140, 1, 0, 0
19500, 2747810, 1, 0, 0
19602, 2802514, 1, 0, 0
19701, 2821262, 1, 0, 0
19800, 2686428, 1, 0, 0
19902, 2951312, 1, 0, 0
20000, 2836862, 1, 0, 0
20100, 4097867, 1, 0, 0
20200, 5162288, 1, 0, 0
20300, 3859390, 1, 0, 0
20401, 2801229, 1, 0, 0
20500, 2635670, 1, 0, 0
20600, 2634480, 1, 0, 0
20700, 2709682, 1, 0, 0
20800, 2838649, 1, 0, 0
20900, 3086392, 1, 0, 0
21000, 2660316, 1, 0, 0
21100, 2790420, 1, 0, 0
21201, 2850478, 1, 0, 0
21301, 2968710, 1, 0, 0
21400, 2790176, 1, 0, 0
21501, 2833684, 1, 0, 0
21601, 2789867, 1, 0, 0
21701, 2836744, 1, 0, 0
21815, 10525638, 1, 0, 0
21902, 4989240, 1, 0, 0
22000, 3913871, 1, 0, 0
22100, 2744665, 1, 0, 0
22200, 2557628, 1, 0, 0
22300, 2668984, 1, 0, 0
22404, 3647780, 1, 0, 0
22502, 3094530, 1, 0, 0
22600, 2696062, 1, 0, 0
22700, 2754514, 1, 0, 0
22801, 2792016, 1, 0, 0
22900, 2688632, 1, 0, 0
23000, 2878260, 1, 0, 0
23100, 2737500, 1, 0, 0
23201, 4195638, 1, 0, 0
23300, 2778517, 1, 0, 0
23401, 3019096, 1, 0, 0
23501, 2732324, 1, 0, 0
23600, 2601844, 1, 0, 0
23700, 2803754, 1, 0, 0
23801, 2822808, 1, 0, 0
23900, 5016594, 1, 0, 0
24000, 2992483, 1, 0, 0
24100, 3063580, 1, 0, 0
24200, 2741983, 1, 0, 0
24301, 2958476, 1, 0, 0
24402, 2787306, 1, 0, 0
24500, 2823865, 1, 0, 0
24601, 2873403, 1, 0, 0
24701, 2810851, 1, 0, 0
24802, 2737483, 1, 0, 0
24902, 2750949, 1, 0, 0
25000, 3012031, 1, 0, 0
25101, 3159560, 1, 0, 0
25200, 2716777, 1, 0, 0
25301, 3063769, 1, 0, 0
25401, 2879768, 1, 0, 0
25502, 2862490, 1, 0, 0
25600, 2702354, 1, 0, 0
25700, 2732660, 1, 0, 0
25800, 2721529, 1, 0, 0
25900, 2788288, 1, 0, 0
26001, 3203958, 1, 0, 0
26100, 2896081, 1, 0, 0
26200, 2967588, 1, 0, 0
26301, 2863188, 1, 0, 0
26400, 2643973, 1, 0, 0
26500, 2710217, 1, 0, 0
26600, 2851717, 1, 0, 0
26702, 2777399, 1, 0, 0
26801, 2742227, 1, 0, 0
26902, 2693620, 1, 0, 0
27000, 2804776, 1, 0, 0
27143, 3182433, 1, 0, 0
27200, 3493837, 1, 0, 0
27300, 2573831, 1, 0, 0
27410, 2930712, 1, 0, 0
27500, 32252464, 1, 0, 0
27601, 34352436, 1, 0, 0
27700, 3533065, 1, 0, 0
27801, 2548531, 1, 0, 0
27900, 2613078, 1, 0, 0
28004, 2943667, 1, 0, 0
28100, 2993586, 1, 0, 0
28200, 2940487, 1, 0, 0
28300, 3893415, 1, 0, 0
28407, 2838045, 1, 0, 0
28501, 2938505, 1, 0, 0
28601, 2726622, 1, 0, 0
28700, 2878993, 1, 0, 0
28800, 2769921, 1, 0, 0
28901, 2686696, 1, 0, 0
29003, 2779754, 1, 0, 0
29100, 2861163, 1, 0, 0
29200, 2751110, 1, 0, 0
29306, 3145719, 1, 0, 0
29401, 2924949, 1, 0, 0
29502, 2956807, 1, 0, 0
29601, 3784288, 1, 0, 0
29700, 2690783, 1, 0, 0
29800, 2732875, 1, 0, 0
29901, 2833050, 1, 0, 0
30001, 2823158, 1, 0, 0
30100, 2890317, 1, 0, 0
30201, 2899561, 1, 0, 0
30300, 2924640, 1, 0, 0
30401, 2641761, 1, 0, 0
30500, 2922481, 1, 0, 0
30600, 2732359, 1, 0, 0
30700, 2851832, 1, 0, 0
30801, 4204998, 1, 0, 0
30901, 2624536, 1, 0, 0
31001, 2813282, 1, 0, 0
31100, 3833715, 1, 0, 0
31200, 2658026, 1, 0, 0
31300, 2851511, 1, 0, 0
31400, 2720093, 1, 0, 0
31500, 3139254, 1, 0, 0
31601, 2646466, 1, 0, 0
31701, 2641147, 1, 0, 0
31801, 2790018, 1, 0, 0
31900, 2804459, 1, 0, 0
32001, 3193559, 1, 0, 0
32101, 3325446, 1, 0, 0
32201, 2625416, 1, 0, 0
32302, 2822720, 1, 0, 0
32400, 2890206, 1, 0, 0
32527, 7785996, 1, 0, 0
32624, 37915840, 1, 0, 0
32700, 7471626, 1, 0, 0
32800, 2568382, 1, 0, 0
32901, 2561939, 1, 0, 0
33000, 2687905, 1, 0, 0
33100, 4064230, 1, 0, 0
33200, 2530962, 1, 0, 0
33301, 2743352, 1, 0, 0
33405, 6080957, 1, 0, 0
33500, 3781848, 1, 0, 0
33600, 2577045, 1, 0, 0
33701, 2630752, 1, 0, 0
33800, 2781468, 1, 0, 0
33900, 2796519, 1, 0, 0
34000, 3088823, 1, 0, 0
34100, 2778156, 1, 0, 0
34201, 2663106, 1, 0, 0
34300, 2725667, 1, 0, 0
34401, 2704792, 1, 0, 0
34500, 2667833, 1, 0, 0
34600, 2714278, 1, 0, 0
34728, 15171929, 1, 0, 0
34800, 3874380, 1, 0, 0
34900, 2600143, 1, 0, 0
35000, 2901342, 1, 0, 0
35101, 2846352, 1, 0, 0
35200, 2852236, 1, 0, 0
35300, 2803980, 1, 0, 0
35402, 2785266, 1, 0, 0
35501, 2907203, 1, 0, 0
35600, 3486082, 1, 0, 0
35700, 2896709, 1, 0, 0
35801, 2763852, 1, 0, 0
35902, 2830395, 1, 0, 0
36003, 3175023, 1, 0, 0
36101, 3162534, 1, 0, 0
36201, 3160353, 1, 0, 0
36302, 3190882, 1, 0, 0
36400, 3226242, 1, 0, 0
36500, 3506600, 1, 0, 0
36603, 5765467, 1, 0, 0
36700, 3944534, 1, 0, 0
36800, 3013990, 1, 0, 0
36900, 2959411, 1, 0, 0
37000, 3140448, 1, 0, 0
37100, 2924241, 1, 0, 0
37200, 3262045, 1, 0, 0
37302, 3076447, 1, 0, 0
37401, 3257892, 1, 0, 0
37500, 3167097, 1, 0, 0
37719, 6137507, 1, 0, 0
37880, 195307557, 1, 0, 0
37914, 33723317, 1, 0, 0
38013, 41209056, 1, 0, 0
38100, 14885862, 1, 0, 0
38200, 6237105, 1, 0, 0
38300, 2899714, 1, 0, 0
38400, 3049716, 1, 0, 0
38500, 3421136, 1, 0, 0
38600, 2913000, 1, 0, 0
38701, 3140447, 1, 0, 0
38800, 3027690, 1, 0, 0
38901, 2932622, 1, 0, 0
39000, 2925181, 1, 0, 0
39101, 3164413, 1, 0, 0
39232, 3808986, 1, 0, 0
39300, 4149745, 1, 0, 0
39400, 2845769, 1, 0, 0
39500, 3236679, 1, 0, 0
39600, 2977958, 1, 0, 0
39702, 3116030, 1, 0, 0
39800, 2996863, 1, 0, 0
39901, 2935726, 1, 0, 0
40001, 3157206, 1, 0, 0
40100, 3166864, 1, 0, 0
40200, 3563662, 1, 0, 0
40300, 3454025, 1, 0, 0
40411, 3381990, 1, 0, 0
40500, 3473686, 1, 0, 0
40600, 3250542, 1, 0, 0
40701, 3197934, 1, 0, 0
40801, 3262824, 1, 0, 0
40900, 3060306, 1, 0, 0
41000, 3086376, 1, 0, 0
41102, 3201664, 1, 0, 0
41201, 3130011, 1, 0, 0
41300, 3398873, 1, 0, 0
41400, 3258599, 1, 0, 0
41500, 3156941, 1, 0, 0
41601, 3197450, 1, 0, 0
41702, 3150523, 1, 0, 0
41801, 3096487, 1, 0, 0
41901, 3283224, 1, 0, 0
42000, 3140287, 1, 0, 0
42101, 3285550, 1, 0, 0
42202, 3938439, 1, 0, 0
42301, 3511476, 1, 0, 0
42411, 3202120, 1, 0, 0
42500, 3180938, 1, 0, 0
42603, 3366787, 1, 0, 0
42701, 3607048, 1, 0, 0
42800, 3180627, 1, 0, 0
42901, 3243409, 1, 0, 0
43000, 3137966, 1, 0, 0
43100, 3135493, 1, 0, 0
43201, 3062855, 1, 0, 0
43300, 3814219, 1, 0, 0
43400, 2916895, 1, 0, 0
43500, 3274514, 1, 0, 0
43602, 4418759, 1, 0, 0
43701, 2951282, 1, 0, 0
43800, 3206060, 1, 0, 0
43900, 3231836, 1, 0, 0
44000, 3063555, 1, 0, 0
44103, 3094457, 1, 0, 0
44200, 3207267, 1, 0, 0
44305, 3435016, 1, 0, 0
44400, 3037560, 1, 0, 0
44501, 3108807, 1, 0, 0
44601, 3400810, 1, 0, 0
44700, 3043029, 1, 0, 0
44800, 3096623, 1, 0, 0
44900, 3002021, 1, 0, 0
45000, 2980015, 1, 0, 0
45100, 4199813, 1, 0, 0
45204, 3653088, 1, 0, 0
45301, 12098825, 1, 0, 0
45401, 3377807, 1, 0, 0
45500, 2921112, 1, 0, 0
45600, 3085320, 1, 0, 0
45701, 3210021, 1, 0, 0
45801, 2995157, 1, 0, 0
45900, 3346207, 1, 0, 0
46000, 3096927, 1, 0, 0
46102, 3145047, 1, 0, 0
46200, 2927810, 1, 0, 0
46300, 3157958, 1, 0, 0
46402, 3255129, 1, 0, 0
46501, 3088785, 1, 0, 0
46600, 3251536, 1, 0, 0
46700, 3028456, 1, 0, 0
46801, 2959197, 1, 0, 0
46900, 2994507, 1, 0, 0
47000, 3060926, 1, 0, 0
47103, 3085055, 1, 0, 0
47240, 3799281, 1, 0, 0
47301, 11550417, 1, 0, 0
47400, 5954810, 1, 0, 0
47500, 3617054, 1, 0, 0
47600, 2991974, 1, 0, 0
47700, 2949208, 1, 0, 0
47800, 3061244, 1, 0, 0
47900, 3042273, 1, 0, 0
48002, 3221232, 1, 0, 0
48116, 5263514, 1, 0, 0
48209, 12052550, 1, 0, 0
48301, 3384649, 1, 0, 0
48401, 3458488, 1, 0, 0
48502, 2856987, 1, 0, 0
48600, 2967195, 1, 0, 0
48700, 3132163, 1, 0, 0
48800, 3245593, 1, 0, 0
48901, 3357066, 1, 0, 0
49000, 3051996, 1, 0, 0
49101, 3197092, 1, 0, 0
49201, 3057191, 1, 0, 0
49300, 3276144, 1, 0, 0
49400, 3364229, 1, 0, 0
49501, 3195787, 1, 0, 0
49600, 2889988, 1, 0, 0
49701, 3263941, 1, 0, 0
49800, 3132390, 1, 0, 0
49900, 3010244, 1, 0, 0
50000, 3045035, 1, 0, 0
50100, 2992599, 1, 0, 0
50201, 2983817, 1, 0, 0
50300, 3133122, 1, 0, 0
50402, 3192848, 1, 0, 0
50538, 3904885, 1, 0, 0
50602, 10055704, 1, 0, 0
50701, 3160720, 1, 0, 0
50802, 2905422, 1, 0, 0
50989, 4231536, 1, 0, 0
51028, 35074250, 1, 0, 0
51102, 11529799, 1, 0, 0
51203, 13383062, 1, 0, 0
51300, 3251741, 1, 0, 0
51401, 2874407, 1, 0, 0
51501, 2945676, 1, 0, 0
51600, 3103607, 1, 0, 0
51701, 3933429, 1, 0, 0
51800, 2884466, 1, 0, 0
51900, 2856889, 1, 0, 0
52000, 3312363, 1, 0, 0
52100, 3189399, 1, 0, 0
52201, 3082276, 1, 0, 0
52300, 3233422, 1, 0, 0
52400, 3036516, 1, 0, 0
52501, 3294820, 1, 0, 0
52600, 3900292, 1, 0, 0
52701, 3005756, 1, 0, 0
52800, 3182363, 1, 0, 0
52902, 2985450, 1, 0, 0
53000, 3072347, 1, 0, 0
53100, 3125263, 1, 0, 0
53201, 3098419, 1, 0, 0
53300, 3367434, 1, 0, 0
53401, 3036173, 1, 0, 0
53500, 3127790, 1, 0, 0
53604, 3352790, 1, 0, 0
53700, 3112876, 1, 0, 0
53800, 2970509, 1, 0, 0
53900, 2971118, 1, 0, 0
54002, 3144423, 1, 0, 0
54102, 3078121, 1, 0, 0
54201, 3101258, 1, 0, 0
54300, 3287999, 1, 0, 0
54400, 3037738, 1, 0, 0
54502, 2988045, 1, 0, 0
54611, 3263819, 1, 0, 0
54708, 3488023, 1, 0, 0
54802, 3184319, 1, 0, 0
54901, 2968306, 1, 0, 0
55001, 2993985, 1, 0, 0
55100, 3171215, 1, 0, 0
55200, 3102604, 1, 0, 0
55300, 3178497, 1, 0, 0
55400, 3258719, 1, 0, 0
55500, 3463722, 1, 0, 0
55600, 3015634, 1, 0, 0
55700, 3148871, 1, 0, 0
55800, 3298920, 1, 0, 0
55977, 20815136, 1, 0, 0
56025, 132525726, 1, 0, 0
56110, 39554197, 1, 0, 0
56200, 15329977, 1, 0, 0
56301, 3065473, 1, 0, 0
56400, 3011437, 1, 0, 0
56500, 3384299, 1, 0, 0
56600, 3154657, 1, 0, 0
56700, 3024617, 1, 0, 0
56800, 4217776, 1, 0, 0
56901, 2888549, 1, 0, 0
57002, 5784067, 1, 0, 0
57100, 4958612, 1, 0, 0
57201, 2888195, 1, 0, 0
57300, 3209137, 1, 0, 0
57400, 3629532, 1, 0, 0
57501, 2860934, 1, 0, 0
57601, 2811450, 1, 0, 0
57701, 3452581, 1, 0, 0
57801, 3030143, 1, 0, 0
57901, 2965588, 1, 0, 0
58000, 2964896, 1, 0, 0
58100, 2898185, 1, 0, 0
58201, 3060398, 1, 0, 0
58300, 2956127, 1, 0, 0
58402, 2926219, 1, 0, 0
58501, 3622586, 1, 0, 0
58600, 2706354, 1, 0, 0
58700, 3325474, 1, 0, 0
58800, 2949298, 1, 0, 0
58900, 2938567, 1, 0, 0
59001, 3007457, 1, 0, 0
59100, 2938050, 1, 0, 0
59201, 2888355, 1, 0, 0
59302, 2904347, 1, 0, 0
59400, 2858133, 1, 0, 0
59500, 3131134, 1, 0, 0
59600, 2997569, 1, 0, 0
59701, 3059546, 1, 0, 0
59800, 3137629, 1, 0, 0
59900, 2834560, 1, 0, 0
60001, 3084912, 1, 0, 0
60101, 2852205, 1, 0, 0
60200, 2898990, 1, 0, 0
60300, 2901453, 1, 0, 0
60400, 3100847, 1, 0, 0
60502, 2977233, 1, 0, 0
60600, 3030747, 1, 0, 0
60700, 3031641, 1, 0, 0
60803, 3047162, 1, 0, 0
60900, 3062410, 1, 0, 0
61000, 3551694, 1, 0, 0
61100, 2819101, 1, 0, 0
61201, 2901819, 1, 0, 0
61300, 2885416, 1, 0, 0
61400, 3008756, 1, 0, 0
61500, 2965683, 1, 0, 0
61600, 3146467, 1, 0, 0
61700, 3020775, 1, 0, 0
61801, 2920676, 1, 0, 0
61900, 7951173, 1, 0, 0
62018, 11215705, 1, 0, 0
62126, 22439943, 1, 0, 0
62200, 4504394, 1, 0, 0
62300, 2989655, 1, 0, 0
62400, 2863911, 1, 0, 0
62500, 3834543, 1, 0, 0
62601, 3304350, 1, 0, 0
62710, 2849008, 1, 0, 0
62802, 3646948, 1, 0, 0
62901, 2831952, 1, 0, 0
63002, 2894400, 1, 0, 0
63100, 3181094, 1, 0, 0
63200, 2838832, 1, 0, 0
63300, 2781290, 1, 0, 0
63401, 2812844, 1, 0, 0
63500, 3267842, 1, 0, 0
63600, 3270731, 1, 0, 0
63701, 2775330, 1, 0, 0
63800, 3485006, 1, 0, 0
63901, 3006002, 1, 0, 0
64001, 2701272, 1, 0, 0
64100, 3109151, 1, 0, 0
64201, 2838849, 1, 0, 0
64301, 3055917, 1, 0, 0
64400, 2935744, 1, 0, 0
64501, 3226514, 1, 0, 0
64600, 2822488, 1, 0, 0
64700, 2858350, 1, 0, 0
64801, 3165740, 1, 0, 0
64901, 3143560, 1, 0, 0
65000, 2822430, 1, 0, 0
65100, 2928492, 1, 0, 0
65201, 2809314, 1, 0, 0
65300, 3029985, 1, 0, 0
65400, 3035960, 1, 0, 0
65500, 3103177, 1, 0, 0
65600, 3040019, 1, 0, 0
65702, 3054055, 1, 0, 0
65802, 2767914, 1, 0, 0
65905, 5430098, 1, 0, 0
66004, 21874753, 1, 0, 0
66100, 3453022, 1, 0, 0
66200, 2793214, 1, 0, 0
66300, 4857628, 1, 0, 0
66401, 2684720, 1, 0, 0
66500, 2852866, 1, 0, 0
66600, 2771631, 1, 0, 0
66700, 2774067, 1, 0, 0
66801, 2913999, 1, 0, 0
66901, 2798841, 1, 0, 0
67000, 4091440, 1, 0, 0
67100, 2884399, 1, 0, 0
67200, 2721058, 1, 0, 0
67302, 2786344, 1, 0, 0
67401, 2856095, 1, 0, 0
67500, 3285314, 1, 0, 0
67600, 3223318, 1, 0, 0
67700, 2769944, 1, 0, 0
67800, 3539624, 1, 0, 0
67900, 2687525, 1, 0, 0
68002, 2931798, 1, 0, 0
68100, 2937092, 1, 0, 0
68202, 2776184, 1, 0, 0
68300, 2791449, 1, 0, 0
68401, 2904196, 1, 0, 0
68547, 3478421, 1, 0, 0
68603, 4684175, 1, 0, 0
68700, 2876838, 1, 0, 0
68801, 2761075, 1, 0, 0
68901, 2698243, 1, 0, 0
69000, 2811737, 1, 0, 0
69108, 3113697, 1, 0, 0
69200, 2994192, 1, 0, 0
69300, 2898144, 1, 0, 0
69400, 3123112, 1, 0, 0
69501, 2877985, 1, 0, 0
69601, 3276164, 1, 0, 0
69701, 2947645, 1, 0, 0
69801, 3010939, 1, 0, 0
69900, 3056257, 1, 0, 0
70000, 2835505, 1, 0, 0
70101, 2875089, 1, 0, 0
70201, 2853608, 1, 0, 0
70300, 2942594, 1, 0, 0
70400, 3112261, 1, 0, 0
70501, 2873097, 1, 0, 0
70600, 2915438, 1, 0, 0
70700, 2940367, 1, 0, 0
70801, 3073126, 1, 0, 0
70901, 6495610, 1, 0, 0
71007, 3740381, 1, 0, 0
71170, 104016288, 1, 0, 0
71354, 88773047, 1, 0, 0
71734, 94069688, 1, 0, 0
71813, 91354211, 1, 0, 0
71981, 240419165, 1, 0, 0
72026, 45575357, 1, 0, 0
72101, 54600878, 1, 0, 0
72205, 13464946, 1, 0, 0
72301, 8883681, 1, 0, 0
72400, 4066757, 1, 0, 0
72560, 4475623, 1, 0, 0
72602, 7285441, 1, 0, 0
72700, 2998298, 1, 0, 0
72800, 3112837, 1, 0, 0
72901, 3863425, 1, 0, 0
73000, 2763172, 1, 0, 0
73100, 2843697, 1, 0, 0
73201, 2907124, 1, 0, 0
73300, 2824497, 1, 0, 0
73400, 2908421, 1, 0, 0
73500, 2730310, 1, 0, 0
73601, 2871344, 1, 0, 0
73700, 3242560, 1, 0, 0
73800, 2799428, 1, 0, 0
73902, 2979983, 1, 0, 0
74000, 2726919, 1, 0, 0
74101, 3051378, 1, 0, 0
74200, 2778383, 1, 0, 0
74300, 3006127, 1, 0, 0
74400, 2895937, 1, 0, 0
74500, 2970603, 1, 0, 0
74601, 2917673, 1, 0, 0
74701, 2819157, 1, 0, 0
74801, 2873771, 1, 0, 0
74900, 3108792, 1, 0, 0
75056, 30244661, 1, 0, 0
75102, 30447938, 1, 0, 0
75317, 18835253, 1, 0, 0
75400, 6094512, 1, 0, 0
75500, 2800402, 1, 0, 0
75600, 2953251, 1, 0, 0
75700, 3167396, 1, 0, 0
75800, 2897851, 1, 0, 0
75900, 2872630, 1, 0, 0
76025, 5008402, 1, 0, 0
76101, 5116650, 1, 0, 0
76201, 2946440, 1, 0, 0
76301, 2969312, 1, 0, 0
76401, 2798172, 1, 0, 0
76500, 2988066, 1, 0, 0
76640, 3713282, 1, 0, 0
76701, 4347975, 1, 0, 0
76801, 2714339, 1, 0, 0
76900, 2852163, 1, 0, 0
77001, 3006747, 1, 0, 0
77102, 3104223, 1, 0, 0
77202, 2896872, 1, 0, 0
77301, 2952638, 1, 0, 0
77400, 2826667, 1, 0, 0
77501, 2931291, 1, 0, 0
77602, 3056642, 1, 0, 0
77721, 4794129, 1, 0, 0
77801, 3971633, 1, 0, 0
77900, 2898954, 1, 0, 0
78000, 4853976, 1, 0, 0
78101, 2940702, 1, 0, 0
78200, 2668368, 1, 0, 0
78300, 2711386, 1, 0, 0
78400, 2841896, 1, 0, 0
78500, 2845714, 1, 0, 0
78600, 2963526, 1, 0, 0
78700, 2967981, 1, 0, 0
78800, 3394696, 1, 0, 0
78900, 2737988, 1, 0, 0
79000, 3404073, 1, 0, 0
79100, 3066453, 1, 0, 0
79201, 2954732, 1, 0, 0
79300, 2905795, 1, 0, 0
79400, 2979973, 1, 0, 0
79500, 2910114, 1, 0, 0
79601, 2948803, 1, 0, 0
79701, 3168926, 1, 0, 0
79800, 2868857, 1, 0, 0
79900, 2821512, 1, 0, 0
80002, 3022332, 1, 0, 0
80100, 3188950, 1, 0, 0
80200, 2882171, 1, 0, 0
80300, 2874483, 1, 0, 0
80401, 2913096, 1, 0, 0
80501, 2950262, 1, 0, 0
80600, 2953827, 1, 0, 0
80700, 3149068, 1, 0, 0
80802, 2931387, 1, 0, 0
80900, 3019717, 1, 0, 0
81002, 3328788, 1, 0, 0
81102, 2942499, 1, 0, 0
81200, 2826114, 1, 0, 0
81300, 2791565, 1, 0, 0
81401, 2841106, 1, 0, 0
81501, 2961351, 1, 0, 0
81600, 2985924, 1, 0, 0
81711, 3386384, 1, 0, 0
81801, 3086010, 1, 0, 0
81900, 2760001, 1, 0, 0
82000, 2985174, 1, 0, 0
82101, 2887665, 1, 0, 0
82201, 2880943, 1, 0, 0
82300, 3105149, 1, 0, 0
82400, 2962349, 1, 0, 0
82500, 2997394, 1, 0, 0
82600, 3178104, 1, 0, 0
82700, 3054774, 1, 0, 0
82801, 3030405, 1, 0, 0
82900, 2906815, 1, 0, 0
83000, 3068086, 1, 0, 0
83100, 2960284, 1, 0, 0
83201, 3453178, 1, 0, 0
83302, 2817134, 1, 0, 0
83400, 2904342, 1, 0, 0
83502, 2972564, 1, 0, 0
83600, 2859541, 1, 0, 0
83700, 3082504, 1, 0, 0
83800, 3339660, 1, 0, 0
83900, 2835553, 1, 0, 0
84000, 2859925, 1, 0, 0
84102, 3185999, 1, 0, 0
84210, 3324876, 1, 0, 0
84300, 2927578, 1, 0, 0
84400, 2906935, 1, 0, 0
84500, 2912238, 1, 0, 0
84600, 2864876, 1, 0, 0
84701, 3221400, 1, 0, 0
84802, 5331735, 1, 0, 0
84900, 2830628, 1, 0, 0
85001, 2800323, 1, 0, 0
85114, 4948440, 1, 0, 0
85200, 3174662, 1, 0, 0
85300, 2769233, 1, 0, 0
85400, 2881076, 1, 0, 0
85501, 2822725, 1, 0, 0
85600, 2990747, 1, 0, 0
85701, 2909202, 1, 0, 0
85800, 2895638, 1, 0, 0
85901, 2802802, 1, 0, 0
86000, 3392671, 1, 0, 0
86101, 3131536, 1, 0, 0
86200, 2761724, 1, 0, 0
86300, 2736192, 1, 0, 0
86400, 2903356, 1, 0, 0
86501, 2786916, 1, 0, 0
86601, 3024091, 1, 0, 0
86700, 3257135, 1, 0, 0
86800, 3142951, 1, 0, 0
86900, 2933226, 1, 0, 0
87000, 2943880, 1, 0, 0
87102, 2998377, 1, 0, 0
87201, 3128614, 1, 0, 0
87302, 2892495, 1, 0, 0
87400, 3090901, 1, 0, 0
87501, 3156524, 1, 0, 0
87601, 2953819, 1, 0, 0
87703, 3149636, 1, 0, 0
87800, 2977917, 1, 0, 0
87901, 2805519, 1, 0, 0
88001, 2912032, 1, 0, 0
88100, 3275356, 1, 0, 0
88200, 3073770, 1, 0, 0
88302, 3107245, 1, 0, 0
88400, 2911811, 1, 0, 0
88501, 2754919, 1, 0, 0
88601, 2760466, 1, 0, 0
88701, 2732025, 1, 0, 0
88800, 2736761, 1, 0, 0
88901, 3240458, 1, 0, 0
89002, 2729289, 1, 0, 0
89100, 2873412, 1, 0, 0
89202, 2972332, 1, 0, 0
89300, 2958221, 1, 0, 0
89400, 2708587, 1, 0, 0
89500, 2845797, 1, 0, 0
89600, 2782221, 1, 0, 0
89700, 2700173, 1, 0, 0
89800, 2847544, 1, 0, 0
89900, 2790894, 1, 0, 0
90000, 2785009, 1, 0, 0
90001, 2930893, 1, 0, 0
