102, 5904951, 1, 0, 0
200, 6477169, 1, 0, 0
301, 6214245, 1, 0, 0
401, 6883705, 1, 0, 0
503, 6225468, 1, 0, 0
600, 6661255, 1, 0, 0
700, 5470309, 1, 0, 0
800, 6288657, 1, 0, 0
904, 5634592, 1, 0, 0
1036, 6569631, 1, 0, 0
1101, 9361854, 1, 0, 0
1212, 4930640, 1, 0, 0
1300, 9806565, 1, 0, 0
1402, 5523329, 1, 0, 0
1503, 6391457, 1, 0, 0
1600, 5947419, 1, 0, 0
1700, 5437573, 1, 0, 0
1803, 6128625, 1, 0, 0
1900, 5417256, 1, 0, 0
2003, 6501700, 1, 0, 0
2100, 5968821, 1, 0, 0
2200, 7083357, 1, 0, 0
2300, 5174384, 1, 0, 0
2403, 5602668, 1, 0, 0
2500, 6090836, 1, 0, 0
2600, 6864348, 1, 0, 0
2700, 5483332, 1, 0, 0
2806, 5743555, 1, 0, 0
2900, 5886582, 1, 0, 0
3002, 6034317, 1, 0, 0
3100, 6109060, 1, 0, 0
3200, 6834021, 1, 0, 0
3302, 6312505, 1, 0, 0
3401, 5764207, 1, 0, 0
3500, 5784139, 1, 0, 0
3600, 6527994, 1, 0, 0
3700, 6778941, 1, 0, 0
3802, 6589851, 1, 0, 0
3902, 5426064, 1, 0, 0
4000, 5376141, 1, 0, 0
4100, 5540967, 1, 0, 0
4201, 5590787, 1, 0, 0
4300, 6692302, 1, 0, 0
4402, 5869636, 1, 0, 0
4503, 6345871, 1, 0, 0
4601, 6252457, 1, 0, 0
4700, 5994557, 1, 0, 0
4800, 5551146, 1, 0, 0
4901, 6163653, 1, 0, 0
5000, 4989259, 1, 0, 0
5102, 6170414, 1, 0, 0
5200, 5414830, 1, 0, 0
5300, 5652275, 1, 0, 0
5401, 4839443, 1, 0, 0
5500, 5685910, 1, 0, 0
5600, 5870868, 1, 0, 0
5700, 5866416, 1, 0, 0
5800, 6517424, 1, 0, 0
5900, 9649456, 1, 0, 0
6000, 5038243, 1, 0, 0
6101, 5509444, 1, 0, 0
6200, 5716699, 1, 0, 0
6301, 5583654, 1, 0, 0
6402, 5389354, 1, 0, 0
6500, 5522443, 1, 0, 0
6602, 5495510, 1, 0, 0
6700, 5291292, 1, 0, 0
6800, 6154207, 1, 0, 0
6901, 6459754, 1, 0, 0
7001, 6579610, 1, 0, 0
7101, 5565986, 1, 0, 0
7203, 5340193, 1, 0, 0
7301, 6723208, 1, 0, 0
7400, 4899553, 1, 0, 0
7500, 5716319, 1, 0, 0
7600, 5820254, 1, 0, 0
7700, 5435026, 1, 0, 0
7800, 6420162, 1, 0, 0
7905, 5553866, 1, 0, 0
8002, 6110484, 1, 0, 0
8108, 5921325, 1, 0, 0
8201, 5219651, 1, 0, 0
8300, 6193266, 1, 0, 0
8401, 6678088, 1, 0, 0
8500, 5981928, 1, 0, 0
8602, 6291069, 1, 0, 0
8705, 5424725, 1, 0, 0
8801, 6945206, 1, 0, 0
8902, 6411343, 1, 0, 0
9003, 6824206, 1, 0, 0
9100, 6011464, 1, 0, 0
9201, 5434994, 1, 0, 0
9300, 5631436, 1, 0, 0
9400, 5446214, 1, 0, 0
9500, 6385603, 1, 0, 0
9605, 5232547, 1, 0, 0
9700, 6180383, 1, 0, 0
9802, 5770158, 1, 0, 0
9900, 6516785, 1, 0, 0
10003, 6372759, 1, 0, 0
10100, 5565229, 1, 0, 0
10201, 5953890, 1, 0, 0
10301, 5143030, 1, 0, 0
10400, 5068162, 1, 0, 0
10502, 5486686, 1, 0, 0
10600, 5497085, 1, 0, 0
10702, 5567293, 1, 0, 0
10800, 6427476, 1, 0, 0
10902, 5930730, 1, 0, 0
11000, 5679995, 1, 0, 0
11102, 5342535, 1, 0, 0
11200, 6271463, 1, 0, 0
11302, 6050939, 1, 0, 0
11400, 5453238, 1, 0, 0
11501, 5917226, 1, 0, 0
11600, 6753423, 1, 0, 0
11700, 6053013, 1, 0, 0
11801, 5229511, 1, 0, 0
11902, 6207058, 1, 0, 0
12000, 6137741, 1, 0, 0
12103, 5354772, 1, 0, 0
12201, 6937873, 1, 0, 0
12300, 7580281, 1, 0, 0
12400, 5247585, 1, 0, 0
12500, 5903100, 1, 0, 0
12600, 6355266, 1, 0, 0
12701, 6555983, 1, 0, 0
12801, 6160547, 1, 0, 0
12900, 5755159, 1, 0, 0
13003, 6927913, 1, 0, 0
13100, 5920189, 1, 0, 0
13202, 5531055, 1, 0, 0
13300, 5577949, 1, 0, 0
13402, 5401660, 1, 0, 0
13500, 5823247, 1, 0, 0
13604, 5465077, 1, 0, 0
13709, 8045647, 1, 0, 0
13800, 8138628, 1, 0, 0
13901, 6619240, 1, 0, 0
14000, 6518089, 1, 0, 0
14100, 5714891, 1, 0, 0
14200, 5249963, 1, 0, 0
14304, 6200721, 1, 0, 0
14400, 9998519, 1, 0, 0
14502, 6561872, 1, 0, 0
14601, 5669756, 1, 0, 0
14702, 7217743, 1, 0, 0
14800, 5889444, 1, 0, 0
14900, 6509705, 1, 0, 0
15002, 7088113, 1, 0, 0
15102, 6031572, 1, 0, 0
15201, 6236493, 1, 0, 0
15300, 5815243, 1, 0, 0
15401, 5288515, 1, 0, 0
15500, 5506844, 1, 0, 0
15600, 4857318, 1, 0, 0
15701, 6610564, 1, 0, 0
15800, 5523198, 1, 0, 0
15903, 5553763, 1, 0, 0
16002, 6640332, 1, 0, 0
16101, 5689331, 1, 0, 0
16202, 5772944, 1, 0, 0
16302, 5378181, 1, 0, 0
16400, 5570204, 1, 0, 0
16500, 6323400, 1, 0, 0
16600, 5613583, 1, 0, 0
16700, 6418564, 1, 0, 0
16800, 5610972, 1, 0, 0
16913, 6224590, 1, 0, 0
17001, 5575030, 1, 0, 0
17100, 5177502, 1, 0, 0
17202, 6389000, 1, 0, 0
17300, 5817291, 1, 0, 0
17401, 5845174, 1, 0, 0
17500, 5788010, 1, 0, 0
17600, 5195495, 1, 0, 0
17700, 6892906, 1, 0, 0
17800, 6695167, 1, 0, 0
17902, 7328238, 1, 0, 0
18000, 5290280, 1, 0, 0
18102, 7542737, 1, 0, 0
18208, 5585913, 1, 0, 0
18301, 7119876, 1, 0, 0
18401, 6683303, 1, 0, 0
18502, 6410319, 1, 0, 0
18602, 5147105, 1, 0, 0
18702, 7285968, 1, 0, 0
18800, 5562188, 1, 0, 0
18901, 6251208, 1, 0, 0
19001, 7438049, 1, 0, 0
19102, 6054793, 1, 0, 0
19202, 5310520, 1, 0, 0
19302, 5237459, 1, 0, 0
19401, 5602976, 1, 0, 0
19500, 6170690, 1, 0, 0
19600, 6337180, 1, 0, 0
19706, 6405738, 1, 0, 0
19804, 7567689, 1, 0, 0
19900, 5919314, 1, 0, 0
20001, 6273212, 1, 0, 0
20100, 5624155, 1, 0, 0
20201, 5381025, 1, 0, 0
20301, 5731561, 1, 0, 0
20406, 5502288, 1, 0, 0
20502, 6727854, 1, 0, 0
20600, 6216452, 1, 0, 0
20701, 5582252, 1, 0, 0
20802, 11155826, 1, 0, 0
20900, 6151579, 1, 0, 0
21001, 5679005, 1, 0, 0
21100, 6529383, 1, 0, 0
21202, 5024110, 1, 0, 0
21304, 6903001, 1, 0, 0
21403, 6172792, 1, 0, 0
21502, 5400321, 1, 0, 0
21600, 5145262, 1, 0, 0
21700, 5695209, 1, 0, 0
21801, 7724820, 1, 0, 0
21902, 6191097, 1, 0, 0
22000, 6416388, 1, 0, 0
22101, 5864808, 1, 0, 0
22202, 6200936, 1, 0, 0
22301, 7188798, 1, 0, 0
22402, 6157179, 1, 0, 0
22500, 5831544, 1, 0, 0
22601, 7740596, 1, 0, 0
22741, 5685177, 1, 0, 0
22805, 11769110, 1, 0, 0
22901, 5814154, 1, 0, 0
23003, 5845845, 1, 0, 0
23104, 5851009, 1, 0, 0
23201, 5205574, 1, 0, 0
23301, 5945051, 1, 0, 0
23400, 5578447, 1, 0, 0
23501, 5840253, 1, 0, 0
23601, 5590879, 1, 0, 0
23700, 5149325, 1, 0, 0
23801, 6683195, 1, 0, 0
23900, 5993932, 1, 0, 0
24000, 6360858, 1, 0, 0
24100, 6721084, 1, 0, 0
24201, 6182533, 1, 0, 0
24304, 6142762, 1, 0, 0
24404, 5847524, 1, 0, 0
24500, 5832389, 1, 0, 0
24600, 6416712, 1, 0, 0
24703, 5337299, 1, 0, 0
24800, 5695131, 1, 0, 0
24902, 5961000, 1, 0, 0
25002, 5950382, 1, 0, 0
25101, 5986179, 1, 0, 0
25201, 5771796, 1, 0, 0
25300, 6571854, 1, 0, 0
25403, 6384361, 1, 0, 0
25501, 5682433, 1, 0, 0
25601, 5864887, 1, 0, 0
25700, 6194257, 1, 0, 0
25802, 6008149, 1, 0, 0
25901, 5149329, 1, 0, 0
26003, 6519418, 1, 0, 0
26100, 6035266, 1, 0, 0
26200, 7356644, 1, 0, 0
26302, 5968372, 1, 0, 0
26401, 7409439, 1, 0, 0
26500, 5542142, 1, 0, 0
26601, 5838819, 1, 0, 0
26700, 5761281, 1, 0, 0
26800, 5810880, 1, 0, 0
26900, 6908073, 1, 0, 0
27003, 5887110, 1, 0, 0
27112, 5535577, 1, 0, 0
27202, 6515725, 1, 0, 0
27306, 6286581, 1, 0, 0
27400, 5962394, 1, 0, 0
27502, 5724028, 1, 0, 0
27601, 4914627, 1, 0, 0
27701, 5580295, 1, 0, 0
27800, 6209455, 1, 0, 0
27901, 6063145, 1, 0, 0
28001, 6104815, 1, 0, 0
28101, 5767474, 1, 0, 0
28200, 5007067, 1, 0, 0
28301, 5462631, 1, 0, 0
28400, 6418925, 1, 0, 0
28503, 5427641, 1, 0, 0
28601, 5198228, 1, 0, 0
28703, 5454545, 1, 0, 0
28800, 5655080, 1, 0, 0
28900, 6287912, 1, 0, 0
29000, 5700845, 1, 0, 0
29100, 5953567, 1, 0, 0
29204, 8784846, 1, 0, 0
29300, 6075088, 1, 0, 0
29401, 6546153, 1, 0, 0
29502, 6260450, 1, 0, 0
29601, 6015470, 1, 0, 0
29700, 5640387, 1, 0, 0
29802, 5911988, 1, 0, 0
29900, 7354761, 1, 0, 0
30001, 5841418, 1, 0, 0
30102, 6001181, 1, 0, 0
30203, 6274958, 1, 0, 0
30302, 5981615, 1, 0, 0
30402, 6295985, 1, 0, 0
30500, 6140723, 1, 0, 0
30603, 5557623, 1, 0, 0
30702, 5848686, 1, 0, 0
30812, 5030152, 1, 0, 0
30900, 7992669, 1, 0, 0
31002, 6129926, 1, 0, 0
31102, 6396862, 1, 0, 0
31200, 6046351, 1, 0, 0
31300, 6262813, 1, 0, 0
31402, 6172521, 1, 0, 0
31501, 5858644, 1, 0, 0
31600, 5387908, 1, 0, 0
31701, 7060043, 1, 0, 0
31800, 5639608, 1, 0, 0
31900, 6207848, 1, 0, 0
32000, 6140125, 1, 0, 0
32100, 6247057, 1, 0, 0
32202, 6441454, 1, 0, 0
32300, 6083985, 1, 0, 0
32407, 5246694, 1, 0, 0
32501, 6809974, 1, 0, 0
32600, 5268344, 1, 0, 0
32700, 5992266, 1, 0, 0
32800, 5696956, 1, 0, 0
32900, 16564406, 1, 0, 0
33000, 5520708, 1, 0, 0
33100, 5537213, 1, 0, 0
33200, 6548951, 1, 0, 0
33301, 5487770, 1, 0, 0
33400, 5592181, 1, 0, 0
33501, 5825189, 1, 0, 0
33603, 5637988, 1, 0, 0
33703, 5193205, 1, 0, 0
33800, 6590185, 1, 0, 0
33903, 6851810, 1, 0, 0
34003, 5347154, 1, 0, 0
34101, 6353156, 1, 0, 0
34202, 5919278, 1, 0, 0
34301, 5954125, 1, 0, 0
34401, 6020880, 1, 0, 0
34500, 5330398, 1, 0, 0
34603, 6093494, 1, 0, 0
34700, 5790924, 1, 0, 0
34801, 5349273, 1, 0, 0
34905, 5294193, 1, 0, 0
35002, 6275571, 1, 0, 0
35100, 5834178, 1, 0, 0
35201, 5559001, 1, 0, 0
35302, 8004984, 1, 0, 0
35400, 6431342, 1, 0, 0
35502, 6322756, 1, 0, 0
35600, 6270848, 1, 0, 0
35702, 5505732, 1, 0, 0
35800, 5638734, 1, 0, 0
35900, 6542929, 1, 0, 0
36000, 6379481, 1, 0, 0
36100, 5261982, 1, 0, 0
36202, 5537142, 1, 0, 0
36300, 5626559, 1, 0, 0
36403, 6996676, 1, 0, 0
36501, 7581474, 1, 0, 0
36600, 6148485, 1, 0, 0
36701, 5574650, 1, 0, 0
36801, 5833877, 1, 0, 0
36900, 6260692, 1, 0, 0
37001, 5194405, 1, 0, 0
37100, 6727126, 1, 0, 0
37200, 15772412, 1, 0, 0
37301, 6368558, 1, 0, 0
37400, 5270816, 1, 0, 0
37500, 6128793, 1, 0, 0
37601, 8232259, 1, 0, 0
37704, 5448473, 1, 0, 0
37801, 5892350, 1, 0, 0
37900, 6767515, 1, 0, 0
38000, 6298153, 1, 0, 0
38100, 5771751, 1, 0, 0
38200, 5950861, 1, 0, 0
38302, 5436391, 1, 0, 0
38402, 8601536, 1, 0, 0
38501, 6357141, 1, 0, 0
38600, 5398055, 1, 0, 0
38700, 6019519, 1, 0, 0
38800, 8258950, 1, 0, 0
38901, 5965281, 1, 0, 0
39000, 6097566, 1, 0, 0
39101, 5531625, 1, 0, 0
39201, 6363447, 1, 0, 0
39300, 5721821, 1, 0, 0
39400, 5463779, 1, 0, 0
39501, 7150069, 1, 0, 0
39600, 6371649, 1, 0, 0
39701, 5230215, 1, 0, 0
39801, 5346903, 1, 0, 0
39902, 6435954, 1, 0, 0
40000, 6433398, 1, 0, 0
40101, 6118921, 1, 0, 0
40205, 5917508, 1, 0, 0
40303, 7560828, 1, 0, 0
40401, 5253696, 1, 0, 0
40501, 6233969, 1, 0, 0
40601, 5928866, 1, 0, 0
40700, 5943075, 1, 0, 0
40804, 5387478, 1, 0, 0
40901, 7165965, 1, 0, 0
41002, 7288341, 1, 0, 0
41100, 5588417, 1, 0, 0
41203, 5882195, 1, 0, 0
41300, 6569522, 1, 0, 0
41403, 5912836, 1, 0, 0
41506, 5791063, 1, 0, 0
41603, 6521530, 1, 0, 0
41703, 6310691, 1, 0, 0
41802, 5515195, 1, 0, 0
41901, 5599040, 1, 0, 0
42000, 6938585, 1, 0, 0
42100, 5781280, 1, 0, 0
42201, 5792274, 1, 0, 0
42302, 6257582, 1, 0, 0
42402, 5861287, 1, 0, 0
42500, 5464698, 1, 0, 0
42600, 5074391, 1, 0, 0
42701, 6266882, 1, 0, 0
42800, 5845499, 1, 0, 0
42904, 6044380, 1, 0, 0
43003, 6721196, 1, 0, 0
43100, 6841196, 1, 0, 0
43200, 5638537, 1, 0, 0
43301, 6116762, 1, 0, 0
43400, 5699381, 1, 0, 0
43503, 6082919, 1, 0, 0
43601, 7438964, 1, 0, 0
43700, 6056770, 1, 0, 0
43800, 6220904, 1, 0, 0
43900, 5800263, 1, 0, 0
44001, 8068525, 1, 0, 0
44101, 6725348, 1, 0, 0
44200, 7190379, 1, 0, 0
44305, 5681845, 1, 0, 0
44400, 7440971, 1, 0, 0
44503, 6711010, 1, 0, 0
44600, 13597480, 1, 0, 0
44702, 6314178, 1, 0, 0
44801, 5320012, 1, 0, 0
44903, 5775828, 1, 0, 0
45001, 7564752, 1, 0, 0
45102, 6441530, 1, 0, 0
45203, 5445869, 1, 0, 0
45303, 6053166, 1, 0, 0
45403, 7041298, 1, 0, 0
45501, 7277373, 1, 0, 0
45603, 6123167, 1, 0, 0
45700, 5676906, 1, 0, 0
45803, 5554256, 1, 0, 0
45900, 5371618, 1, 0, 0
46000, 6930328, 1, 0, 0
46100, 5270240, 1, 0, 0
46245, 5714893, 1, 0, 0
46302, 12172191, 1, 0, 0
46400, 6667032, 1, 0, 0
46501, 5583269, 1, 0, 0
46605, 5852649, 1, 0, 0
46700, 6869402, 1, 0, 0
46800, 6171944, 1, 0, 0
46900, 5222292, 1, 0, 0
47001, 6226468, 1, 0, 0
47100, 6390494, 1, 0, 0
47203, 6219695, 1, 0, 0
47302, 5338141, 1, 0, 0
47400, 13587143, 1, 0, 0
47501, 5017196, 1, 0, 0
47600, 5671070, 1, 0, 0
47702, 8727279, 1, 0, 0
47801, 4883082, 1, 0, 0
47901, 5232975, 1, 0, 0
48000, 5734310, 1, 0, 0
48100, 6551089, 1, 0, 0
48200, 5582569, 1, 0, 0
48302, 5884911, 1, 0, 0
48400, 6969102, 1, 0, 0
48502, 6922174, 1, 0, 0
48601, 5629258, 1, 0, 0
48700, 5249749, 1, 0, 0
48804, 5537541, 1, 0, 0
48900, 6177485, 1, 0, 0
49000, 5428108, 1, 0, 0
49102, 5015233, 1, 0, 0
49201, 5769639, 1, 0, 0
49301, 5715288, 1, 0, 0
49405, 5621984, 1, 0, 0
49500, 5888552, 1, 0, 0
49601, 5718891, 1, 0, 0
49700, 6598646, 1, 0, 0
49803, 5416092, 1, 0, 0
49901, 6543329, 1, 0, 0
50001, 4924982, 1, 0, 0
50100, 7176209, 1, 0, 0
50201, 6711715, 1, 0, 0
50300, 6592122, 1, 0, 0
50402, 5567989, 1, 0, 0
50502, 5528745, 1, 0, 0
50600, 6192113, 1, 0, 0
50700, 5552020, 1, 0, 0
50802, 5175679, 1, 0, 0
50900, 6024088, 1, 0, 0
51000, 6074654, 1, 0, 0
51100, 7023411, 1, 0, 0
51202, 5446227, 1, 0, 0
51315, 5514471, 1, 0, 0
51400, 5946052, 1, 0, 0
51500, 6717167, 1, 0, 0
51600, 5901567, 1, 0, 0
51703, 6367088, 1, 0, 0
51802, 6408240, 1, 0, 0
51901, 5129255, 1, 0, 0
52000, 5211032, 1, 0, 0
52101, 7175895, 1, 0, 0
52200, 5540991, 1, 0, 0
52300, 6735543, 1, 0, 0
52400, 6156908, 1, 0, 0
52500, 6445890, 1, 0, 0
52602, 6221110, 1, 0, 0
52703, 5972714, 1, 0, 0
52802, 5977356, 1, 0, 0
52901, 5291694, 1, 0, 0
53002, 5050666, 1, 0, 0
53100, 6258465, 1, 0, 0
53200, 5313547, 1, 0, 0
53300, 4463412, 1, 0, 0
53400, 6237580, 1, 0, 0
53500, 5254383, 1, 0, 0
53600, 5576256, 1, 0, 0
53700, 5957058, 1, 0, 0
53800, 5013397, 1, 0, 0
53900, 4642805, 1, 0, 0
54001, 7282478, 1, 0, 0
54101, 6541276, 1, 0, 0
54200, 5543820, 1, 0, 0
54301, 5143329, 1, 0, 0
54403, 6086618, 1, 0, 0
54503, 6123841, 1, 0, 0
54603, 6204025, 1, 0, 0
54702, 6054167, 1, 0, 0
54801, 5887747, 1, 0, 0
54901, 5464511, 1, 0, 0
55000, 5936406, 1, 0, 0
55102, 5706655, 1, 0, 0
55200, 6753850, 1, 0, 0
55301, 6553681, 1, 0, 0
55400, 5239941, 1, 0, 0
55500, 5886306, 1, 0, 0
55600, 5782818, 1, 0, 0
55702, 5812667, 1, 0, 0
55801, 5027890, 1, 0, 0
55902, 5717091, 1, 0, 0
56002, 6523060, 1, 0, 0
56101, 5854426, 1, 0, 0
56200, 6430743, 1, 0, 0
56300, 6348367, 1, 0, 0
56402, 5927408, 1, 0, 0
56500, 5977963, 1, 0, 0
56603, 6088422, 1, 0, 0
56707, 6036657, 1, 0, 0
56800, 5393780, 1, 0, 0
56901, 5912467, 1, 0, 0
57000, 6148251, 1, 0, 0
57102, 6258379, 1, 0, 0
57204, 7526744, 1, 0, 0
57300, 5995981, 1, 0, 0
57401, 5900276, 1, 0, 0
57500, 5964865, 1, 0, 0
57604, 6253515, 1, 0, 0
57701, 6045791, 1, 0, 0
57801, 5282579, 1, 0, 0
57900, 5792392, 1, 0, 0
58000, 7539490, 1, 0, 0
58100, 5931535, 1, 0, 0
58200, 6130359, 1, 0, 0
58304, 6355731, 1, 0, 0
58401, 9082413, 1, 0, 0
58502, 6522659, 1, 0, 0
58600, 6987134, 1, 0, 0
58700, 5578016, 1, 0, 0
58803, 6619944, 1, 0, 0
58900, 5419137, 1, 0, 0
59003, 6210284, 1, 0, 0
59102, 6628899, 1, 0, 0
59200, 11713005, 1, 0, 0
59301, 5640888, 1, 0, 0
59401, 5672225, 1, 0, 0
59501, 6348117, 1, 0, 0
59600, 5438149, 1, 0, 0
59700, 5875787, 1, 0, 0
59801, 7883611, 1, 0, 0
59902, 5762816, 1, 0, 0
60000, 6677145, 1, 0, 0
60102, 6015279, 1, 0, 0
60203, 6013979, 1, 0, 0
60300, 6441845, 1, 0, 0
60409, 5426847, 1, 0, 0
60500, 6294336, 1, 0, 0
60602, 7523595, 1, 0, 0
60701, 5780455, 1, 0, 0
60802, 6653672, 1, 0, 0
60901, 5875769, 1, 0, 0
61003, 4842823, 1, 0, 0
61101, 5829046, 1, 0, 0
61200, 5366493, 1, 0, 0
61300, 5999123, 1, 0, 0
61400, 5888701, 1, 0, 0
61503, 6630529, 1, 0, 0
61600, 6527091, 1, 0, 0
61701, 6422009, 1, 0, 0
61800, 8297114, 1, 0, 0
61900, 5408151, 1, 0, 0
62002, 5929518, 1, 0, 0
62100, 6679635, 1, 0, 0
62203, 8617877, 1, 0, 0
62301, 6635670, 1, 0, 0
62404, 5403068, 1, 0, 0
62501, 7144926, 1, 0, 0
62600, 6415847, 1, 0, 0
62700, 5720138, 1, 0, 0
62801, 6359159, 1, 0, 0
62900, 6196761, 1, 0, 0
63001, 5180012, 1, 0, 0
63101, 6133120, 1, 0, 0
63205, 5834905, 1, 0, 0
63301, 5948614, 1, 0, 0
63401, 5529275, 1, 0, 0
63501, 5543885, 1, 0, 0
63601, 6925176, 1, 0, 0
63701, 8239340, 1, 0, 0
63803, 5694826, 1, 0, 0
63900, 5112282, 1, 0, 0
64001, 5896714, 1, 0, 0
64108, 5885929, 1, 0, 0
64201, 6346399, 1, 0, 0
64300, 11140221, 1, 0, 0
64401, 5207856, 1, 0, 0
64500, 6184653, 1, 0, 0
64601, 5906854, 1, 0, 0
64700, 6110057, 1, 0, 0
64804, 5554352, 1, 0, 0
64900, 7171639, 1, 0, 0
65003, 5719465, 1, 0, 0
65101, 5546762, 1, 0, 0
65200, 6354153, 1, 0, 0
65300, 6624997, 1, 0, 0
65400, 5082514, 1, 0, 0
65500, 5872344, 1, 0, 0
65602, 5747366, 1, 0, 0
65700, 5426809, 1, 0, 0
65800, 5921180, 1, 0, 0
65903, 6011697, 1, 0, 0
66002, 5451003, 1, 0, 0
66101, 5314826, 1, 0, 0
66202, 5394794, 1, 0, 0
66302, 6078360, 1, 0, 0
66400, 4834881, 1, 0, 0
66500, 6308636, 1, 0, 0
66600, 5723860, 1, 0, 0
66701, 6018280, 1, 0, 0
66802, 6431410, 1, 0, 0
66902, 5862481, 1, 0, 0
67001, 5816624, 1, 0, 0
67100, 5734713, 1, 0, 0
67200, 6526485, 1, 0, 0
67300, 6451741, 1, 0, 0
67401, 6307397, 1, 0, 0
67503, 6430369, 1, 0, 0
67603, 5845475, 1, 0, 0
67700, 5648628, 1, 0, 0
67803, 5495139, 1, 0, 0
67900, 7407808, 1, 0, 0
68001, 6019170, 1, 0, 0
68102, 5773873, 1, 0, 0
68203, 18510565, 1, 0, 0
68301, 6093720, 1, 0, 0
68401, 5507426, 1, 0, 0
68500, 5763033, 1, 0, 0
68602, 6366647, 1, 0, 0
68702, 6546920, 1, 0, 0
68803, 5168829, 1, 0, 0
68902, 6630846, 1, 0, 0
69003, 5835679, 1, 0, 0
69100, 5748979, 1, 0, 0
69205, 5320939, 1, 0, 0
69302, 6573036, 1, 0, 0
69402, 5823850, 1, 0, 0
69503, 5283630, 1, 0, 0
69600, 6033193, 1, 0, 0
69704, 7479996, 1, 0, 0
69803, 5620045, 1, 0, 0
69900, 6636410, 1, 0, 0
70000, 6666101, 1, 0, 0
70101, 5432777, 1, 0, 0
70202, 5929559, 1, 0, 0
70300, 6685717, 1, 0, 0
70401, 6888063, 1, 0, 0
70503, 5938015, 1, 0, 0
70603, 6233672, 1, 0, 0
70700, 6495022, 1, 0, 0
70800, 5895752, 1, 0, 0
70900, 5975637, 1, 0, 0
71000, 6263772, 1, 0, 0
71101, 5948174, 1, 0, 0
71201, 5866281, 1, 0, 0
71301, 6458800, 1, 0, 0
71400, 6014284, 1, 0, 0
71502, 5576114, 1, 0, 0
71600, 5880786, 1, 0, 0
71701, 5688469, 1, 0, 0
71802, 5077557, 1, 0, 0
71902, 5731864, 1, 0, 0
72000, 4999062, 1, 0, 0
72100, 5260285, 1, 0, 0
72201, 5675070, 1, 0, 0
72302, 6045184, 1, 0, 0
72400, 8416141, 1, 0, 0
72501, 5777102, 1, 0, 0
72602, 5851423, 1, 0, 0
72700, 5798655, 1, 0, 0
72801, 6378058, 1, 0, 0
72900, 5749710, 1, 0, 0
73001, 5624786, 1, 0, 0
73100, 5843516, 1, 0, 0
73200, 6141127, 1, 0, 0
73303, 5820231, 1, 0, 0
73401, 6504001, 1, 0, 0
73500, 5235719, 1, 0, 0
73601, 5928689, 1, 0, 0
73700, 6136095, 1, 0, 0
73800, 5585731, 1, 0, 0
73906, 5115250, 1, 0, 0
74000, 6380097, 1, 0, 0
74100, 5240183, 1, 0, 0
74200, 5280118, 1, 0, 0
74302, 6068484, 1, 0, 0
74401, 6101495, 1, 0, 0
74501, 5335896, 1, 0, 0
74601, 6281210, 1, 0, 0
74701, 5391555, 1, 0, 0
74802, 7277179, 1, 0, 0
74901, 6590593, 1, 0, 0
75002, 5747957, 1, 0, 0
75101, 5652798, 1, 0, 0
75201, 5249496, 1, 0, 0
75303, 5665992, 1, 0, 0
75406, 6188055, 1, 0, 0
75500, 5686574, 1, 0, 0
75601, 6011039, 1, 0, 0
75701, 7256473, 1, 0, 0
75800, 5857809, 1, 0, 0
75902, 5420140, 1, 0, 0
76003, 5895755, 1, 0, 0
76100, 5760701, 1, 0, 0
76200, 5481963, 1, 0, 0
76304, 6440093, 1, 0, 0
76401, 6068502, 1, 0, 0
76500, 6116263, 1, 0, 0
76603, 6085751, 1, 0, 0
76702, 5967831, 1, 0, 0
76800, 7054906, 1, 0, 0
76900, 5902031, 1, 0, 0
77003, 6140182, 1, 0, 0
77101, 5756026, 1, 0, 0
77201, 5712617, 1, 0, 0
77300, 7270114, 1, 0, 0
77401, 10900903, 1, 0, 0
77503, 5380179, 1, 0, 0
77603, 5638515, 1, 0, 0
77701, 5411734, 1, 0, 0
77801, 5794020, 1, 0, 0
77900, 6605494, 1, 0, 0
78001, 8994320, 1, 0, 0
78102, 6493556, 1, 0, 0
78201, 6460152, 1, 0, 0
78301, 5421930, 1, 0, 0
78411, 5978749, 1, 0, 0
78502, 6528639, 1, 0, 0
78603, 6102133, 1, 0, 0
78700, 5655150, 1, 0, 0
78801, 7801334, 1, 0, 0
78901, 5606555, 1, 0, 0
79000, 5796444, 1, 0, 0
79101, 5504636, 1, 0, 0
79201, 5979091, 1, 0, 0
79300, 5008132, 1, 0, 0
79400, 6445138, 1, 0, 0
79500, 6557863, 1, 0, 0
79600, 5531053, 1, 0, 0
79701, 5612944, 1, 0, 0
79800, 5889391, 1, 0, 0
79901, 5212079, 1, 0, 0
80000, 6393678, 1, 0, 0
80102, 6509698, 1, 0, 0
80200, 5913435, 1, 0, 0
80300, 5551775, 1, 0, 0
80400, 6224567, 1, 0, 0
80501, 5644858, 1, 0, 0
80600, 5204291, 1, 0, 0
80700, 6785470, 1, 0, 0
80802, 6129754, 1, 0, 0
80900, 5886372, 1, 0, 0
81021, 5486821, 1, 0, 0
81100, 8311160, 1, 0, 0
81203, 5914865, 1, 0, 0
81301, 5351544, 1, 0, 0
81400, 7334112, 1, 0, 0
81502, 5916577, 1, 0, 0
81602, 6136857, 1, 0, 0
81702, 5401251, 1, 0, 0
81801, 6256189, 1, 0, 0
81903, 6209069, 1, 0, 0
82002, 5236201, 1, 0, 0
82100, 5370153, 1, 0, 0
82201, 6021534, 1, 0, 0
82302, 7040342, 1, 0, 0
82400, 5796126, 1, 0, 0
82500, 6588388, 1, 0, 0
82600, 6232325, 1, 0, 0
82703, 10275124, 1, 0, 0
82801, 5153153, 1, 0, 0
82902, 5550253, 1, 0, 0
83000, 4913728, 1, 0, 0
83102, 6556207, 1, 0, 0
83200, 4784285, 1, 0, 0
83300, 5601323, 1, 0, 0
83401, 5566444, 1, 0, 0
83500, 6381245, 1, 0, 0
83602, 5175252, 1, 0, 0
83711, 5061054, 1, 0, 0
83803, 6510604, 1, 0, 0
83901, 5873390, 1, 0, 0
84004, 5793032, 1, 0, 0
84101, 6637134, 1, 0, 0
84200, 5530785, 1, 0, 0
84303, 5360673, 1, 0, 0
84400, 6185735, 1, 0, 0
84501, 6276714, 1, 0, 0
84600, 5820402, 1, 0, 0
84703, 5243634, 1, 0, 0
84802, 5572319, 1, 0, 0
84903, 5792778, 1, 0, 0
85000, 5020931, 1, 0, 0
85101, 6329988, 1, 0, 0
85200, 6219176, 1, 0, 0
85303, 6224610, 1, 0, 0
85404, 6806785, 1, 0, 0
85500, 7333654, 1, 0, 0
85601, 5801834, 1, 0, 0
85700, 5522649, 1, 0, 0
85800, 5790537, 1, 0, 0
85901, 5799516, 1, 0, 0
86000, 6118881, 1, 0, 0
86101, 7474554, 1, 0, 0
86201, 5460081, 1, 0, 0
86302, 5429573, 1, 0, 0
86400, 6395928, 1, 0, 0
86500, 5517498, 1, 0, 0
86602, 7437862, 1, 0, 0
86701, 5884750, 1, 0, 0
86800, 6146345, 1, 0, 0
86902, 6218095, 1, 0, 0
87002, 6356609, 1, 0, 0
87100, 5914006, 1, 0, 0
87202, 6009684, 1, 0, 0
87300, 5558288, 1, 0, 0
87400, 5645929, 1, 0, 0
87502, 5987086, 1, 0, 0
87600, 5858870, 1, 0, 0
87700, 5863679, 1, 0, 0
87801, 6585252, 1, 0, 0
87900, 5609154, 1, 0, 0
88001, 5431685, 1, 0, 0
88108, 5815832, 1, 0, 0
88202, 6402846, 1, 0, 0
88300, 5890952, 1, 0, 0
88402, 5244965, 1, 0, 0
88502, 6242548, 1, 0, 0
88603, 7202996, 1, 0, 0
88702, 5412378, 1, 0, 0
88802, 5558366, 1, 0, 0
88905, 6914261, 1, 0, 0
89001, 6247503, 1, 0, 0
89103, 5112796, 1, 0, 0
89201, 6038822, 1, 0, 0
89300, 5567563, 1, 0, 0
89400, 5318798, 1, 0, 0
89501, 5347705, 1, 0, 0
89600, 5576474, 1, 0, 0
89700, 5352865, 1, 0, 0
89800, 5985886, 1, 0, 0
89902, 6694632, 1, 0, 0
90000, 5412019, 1, 0, 0
90004, 7096729, 1, 0, 0
