100, 4583392, 1, 0, 0
200, 4365493, 1, 0, 0
301, 4391875, 1, 0, 0
401, 4658703, 1, 0, 0
501, 4254247, 1, 0, 0
601, 4178283, 1, 0, 0
700, 4476033, 1, 0, 0
800, 4519156, 1, 0, 0
902, 4684026, 1, 0, 0
1000, 4415147, 1, 0, 0
1101, 4225486, 1, 0, 0
1203, 4232273, 1, 0, 0
1303, 4140852, 1, 0, 0
1431, 12406990, 1, 0, 0
1511, 57068378, 1, 0, 0
1601, 21831781, 1, 0, 0
1700, 3824841, 1, 0, 0
1800, 3811165, 1, 0, 0
1900, 3969255, 1, 0, 0
2001, 8671413, 1, 0, 0
2104, 3918835, 1, 0, 0
2200, 4014830, 1, 0, 0
2300, 4368756, 1, 0, 0
2400, 4370095, 1, 0, 0
2500, 4210198, 1, 0, 0
2600, 3873669, 1, 0, 0
2710, 5771558, 1, 0, 0
2803, 36629381, 1, 0, 0
2938, 19738218, 1, 0, 0
3000, 7598733, 1, 0, 0
3100, 3650965, 1, 0, 0
3200, 3960101, 1, 0, 0
3300, 3846676, 1, 0, 0
3402, 4447657, 1, 0, 0
3500, 3888751, 1, 0, 0
3601, 4180095, 1, 0, 0
3701, 4246062, 1, 0, 0
3802, 4990067, 1, 0, 0
3900, 4189663, 1, 0, 0
4000, 4232263, 1, 0, 0
4101, 4255100, 1, 0, 0
4201, 4114155, 1, 0, 0
4301, 4374811, 1, 0, 0
4402, 4523261, 1, 0, 0
4501, 3830277, 1, 0, 0
4600, 4705533, 1, 0, 0
4700, 3878453, 1, 0, 0
4801, 4104635, 1, 0, 0
4900, 4224929, 1, 0, 0
5001, 3849983, 1, 0, 0
5100, 4557410, 1, 0, 0
5201, 3929307, 1, 0, 0
5300, 3962608, 1, 0, 0
5400, 3952180, 1, 0, 0
5502, 4134285, 1, 0, 0
5601, 4161668, 1, 0, 0
5700, 4352477, 1, 0, 0
5802, 4288693, 1, 0, 0
5900, 4465368, 1, 0, 0
6002, 4115868, 1, 0, 0
6100, 4091314, 1, 0, 0
6200, 4540380, 1, 0, 0
6300, 4270213, 1, 0, 0
6428, 5995021, 1, 0, 0
6530, 186549156, 1, 0, 0
6604, 176022969, 1, 0, 0
6718, 47926666, 1, 0, 0
6800, 14271628, 1, 0, 0
6901, 4242828, 1, 0, 0
7023, 4707431, 1, 0, 0
7100, 11473840, 1, 0, 0
7200, 4500911, 1, 0, 0
7300, 4011749, 1, 0, 0
7400, 4063664, 1, 0, 0
7500, 4051410, 1, 0, 0
7600, 4110865, 1, 0, 0
7845, 8291625, 1, 0, 0
7930, 122384986, 1, 0, 0
8023, 13415357, 1, 0, 0
8101, 6868690, 1, 0, 0
8201, 3784051, 1, 0, 0
8300, 4097700, 1, 0, 0
8401, 3965885, 1, 0, 0
8500, 3964557, 1, 0, 0
8601, 4011860, 1, 0, 0
8700, 4284098, 1, 0, 0
8802, 4160182, 1, 0, 0
8900, 4205230, 1, 0, 0
9001, 4069466, 1, 0, 0
9100, 4361595, 1, 0, 0
9200, 4342728, 1, 0, 0
9302, 4500930, 1, 0, 0
9400, 4087320, 1, 0, 0
9501, 4154123, 1, 0, 0
9600, 4000996, 1, 0, 0
9700, 4244039, 1, 0, 0
9801, 4336013, 1, 0, 0
9934, 5084878, 1, 0, 0
10000, 5978341, 1, 0, 0
10106, 4172657, 1, 0, 0
10200, 5365566, 1, 0, 0
10300, 6186975, 1, 0, 0
10400, 3879446, 1, 0, 0
10501, 4341831, 1, 0, 0
10600, 4240359, 1, 0, 0
10700, 4541197, 1, 0, 0
10800, 4024855, 1, 0, 0
10902, 4016039, 1, 0, 0
11000, 6515108, 1, 0, 0
11114, 4448689, 1, 0, 0
11201, 4959285, 1, 0, 0
11302, 4677646, 1, 0, 0
11419, 4729458, 1, 0, 0
11577, 111794437, 1, 0, 0
11611, 41730583, 1, 0, 0
11700, 14412764, 1, 0, 0
11800, 9526421, 1, 0, 0
11901, 3726606, 1, 0, 0
12000, 4107137, 1, 0, 0
12111, 7274842, 1, 0, 0
12256, 84398758, 1, 0, 0
12305, 30671436, 1, 0, 0
12412, 17848661, 1, 0, 0
12500, 6475821, 1, 0, 0
12600, 3985275, 1, 0, 0
12701, 3873755, 1, 0, 0
12854, 28093866, 1, 0, 0
12917, 89265328, 1, 0, 0
13001, 37959775, 1, 0, 0
13101, 7922136, 1, 0, 0
13202, 3717616, 1, 0, 0
13301, 4011421, 1, 0, 0
13400, 4050341, 1, 0, 0
13501, 4016272, 1, 0, 0
13600, 3936654, 1, 0, 0
13700, 4180672, 1, 0, 0
13800, 4145860, 1, 0, 0
13900, 4322308, 1, 0, 0
14000, 4326302, 1, 0, 0
14102, 4705987, 1, 0, 0
14200, 4191651, 1, 0, 0
14300, 4142154, 1, 0, 0
14400, 4352318, 1, 0, 0
14500, 4497242, 1, 0, 0
14601, 4294690, 1, 0, 0
14708, 4318331, 1, 0, 0
14800, 4261895, 1, 0, 0
14902, 4735439, 1, 0, 0
15010, 9389264, 1, 0, 0
15100, 4717449, 1, 0, 0
15200, 5714495, 1, 0, 0
15300, 3873007, 1, 0, 0
15400, 4223288, 1, 0, 0
15500, 4224134, 1, 0, 0
15601, 4100227, 1, 0, 0
15703, 4345685, 1, 0, 0
15800, 4447866, 1, 0, 0
15902, 4303656, 1, 0, 0
16001, 5591199, 1, 0, 0
16100, 4225964, 1, 0, 0
16200, 4402586, 1, 0, 0
16300, 4657785, 1, 0, 0
16400, 4471724, 1, 0, 0
16501, 9220816, 1, 0, 0
16600, 4267967, 1, 0, 0
16700, 4172234, 1, 0, 0
16800, 4303664, 1, 0, 0
16900, 4447996, 1, 0, 0
17001, 4662577, 1, 0, 0
17107, 4885488, 1, 0, 0
17269, 66747809, 1, 0, 0
17341, 98810123, 1, 0, 0
17417, 27078162, 1, 0, 0
17500, 5391104, 1, 0, 0
17601, 3736189, 1, 0, 0
17700, 3812423, 1, 0, 0
17808, 6218741, 1, 0, 0
17900, 7869557, 1, 0, 0
18001, 3905989, 1, 0, 0
18100, 3903891, 1, 0, 0
18200, 4629772, 1, 0, 0
18300, 4173844, 1, 0, 0
18400, 4056026, 1, 0, 0
18542, 4562832, 1, 0, 0
18601, 5863423, 1, 0, 0
18702, 3970389, 1, 0, 0
18800, 4457306, 1, 0, 0
18900, 4231714, 1, 0, 0
19002, 4191677, 1, 0, 0
19100, 4109910, 1, 0, 0
19200, 4622159, 1, 0, 0
19300, 4102692, 1, 0, 0
19401, 4185078, 1, 0, 0
19500, 4513236, 1, 0, 0
19601, 4228121, 1, 0, 0
19700, 4296411, 1, 0, 0
19801, 4224396, 1, 0, 0
19901, 4406885, 1, 0, 0
20004, 5457448, 1, 0, 0
20100, 5914206, 1, 0, 0
20230, 4572558, 1, 0, 0
20301, 8509000, 1, 0, 0
20400, 3923269, 1, 0, 0
20502, 4158590, 1, 0, 0
20601, 4157973, 1, 0, 0
20700, 4638364, 1, 0, 0
20822, 4949517, 1, 0, 0
20900, 5510730, 1, 0, 0
21005, 7673864, 1, 0, 0
21100, 5315196, 1, 0, 0
21200, 3798716, 1, 0, 0
21300, 3951112, 1, 0, 0
21400, 4160257, 1, 0, 0
21501, 8944608, 1, 0, 0
21600, 3777891, 1, 0, 0
21700, 4042291, 1, 0, 0
21801, 4138450, 1, 0, 0
21901, 4632417, 1, 0, 0
22000, 4446473, 1, 0, 0
22101, 4258624, 1, 0, 0
22202, 4118383, 1, 0, 0
22302, 4153143, 1, 0, 0
22401, 4111098, 1, 0, 0
22500, 4467540, 1, 0, 0
22601, 4061143, 1, 0, 0
22700, 3997886, 1, 0, 0
22808, 4437002, 1, 0, 0
22909, 26377828, 1, 0, 0
23001, 4315412, 1, 0, 0
23102, 3791527, 1, 0, 0
23200, 4157543, 1, 0, 0
23300, 4037360, 1, 0, 0
23400, 3944837, 1, 0, 0
23501, 4153401, 1, 0, 0
23600, 4167216, 1, 0, 0
23700, 4038733, 1, 0, 0
23801, 4154993, 1, 0, 0
23900, 4130785, 1, 0, 0
24001, 3968302, 1, 0, 0
24100, 4691687, 1, 0, 0
24200, 3885544, 1, 0, 0
24300, 4060377, 1, 0, 0
24401, 4070088, 1, 0, 0
24503, 4156458, 1, 0, 0
24601, 4009024, 1, 0, 0
24701, 4157564, 1, 0, 0
24800, 4260894, 1, 0, 0
24900, 4217471, 1, 0, 0
25001, 4232115, 1, 0, 0
25100, 3958942, 1, 0, 0
25202, 4297630, 1, 0, 0
25302, 4290580, 1, 0, 0
25400, 3937164, 1, 0, 0
25500, 4239485, 1, 0, 0
25600, 3967235, 1, 0, 0
25700, 3846952, 1, 0, 0
25800, 4050391, 1, 0, 0
25900, 4168747, 1, 0, 0
26000, 3977720, 1, 0, 0
26100, 4255827, 1, 0, 0
26200, 3894681, 1, 0, 0
26300, 3861385, 1, 0, 0
26401, 4466350, 1, 0, 0
26535, 5977804, 1, 0, 0
26616, 17180351, 1, 0, 0
26700, 42037934, 1, 0, 0
26800, 4276179, 1, 0, 0
26900, 3794584, 1, 0, 0
27000, 4294707, 1, 0, 0
27100, 3949735, 1, 0, 0
27201, 5764627, 1, 0, 0
27300, 5595166, 1, 0, 0
27402, 3755247, 1, 0, 0
27501, 4176426, 1, 0, 0
27600, 4387788, 1, 0, 0
27700, 4151593, 1, 0, 0
27800, 4118923, 1, 0, 0
27921, 15089057, 1, 0, 0
28029, 96276669, 1, 0, 0
28103, 43742252, 1, 0, 0
28216, 33939185, 1, 0, 0
28301, 10324795, 1, 0, 0
28401, 3622171, 1, 0, 0
28500, 3901197, 1, 0, 0
28601, 3940872, 1, 0, 0
28700, 4142795, 1, 0, 0
28800, 3909881, 1, 0, 0
28900, 4008481, 1, 0, 0
29000, 3988125, 1, 0, 0
29101, 3878281, 1, 0, 0
29200, 4310097, 1, 0, 0
29300, 4051557, 1, 0, 0
29400, 4354802, 1, 0, 0
29500, 3967210, 1, 0, 0
29600, 4029571, 1, 0, 0
29700, 3929595, 1, 0, 0
29800, 4062450, 1, 0, 0
29900, 4399838, 1, 0, 0
30000, 4346942, 1, 0, 0
30101, 6941599, 1, 0, 0
30200, 5152417, 1, 0, 0
30301, 5129856, 1, 0, 0
30400, 3889868, 1, 0, 0
30501, 4108502, 1, 0, 0
30601, 4655573, 1, 0, 0
30703, 4237307, 1, 0, 0
30800, 4243874, 1, 0, 0
30900, 3993493, 1, 0, 0
31000, 4503651, 1, 0, 0
31102, 4656020, 1, 0, 0
31200, 4638340, 1, 0, 0
31300, 4213150, 1, 0, 0
31400, 3878060, 1, 0, 0
31670, 6217970, 1, 0, 0
31718, 213833724, 1, 0, 0
31828, 56484197, 1, 0, 0
31945, 10529848, 1, 0, 0
32000, 11170044, 1, 0, 0
32101, 3906962, 1, 0, 0
32213, 4103781, 1, 0, 0
32300, 9062101, 1, 0, 0
32401, 3957939, 1, 0, 0
32501, 3949400, 1, 0, 0
32602, 3779960, 1, 0, 0
32701, 4137093, 1, 0, 0
32800, 3948728, 1, 0, 0
33012, 12840931, 1, 0, 0
33108, 205848534, 1, 0, 0
33200, 14683474, 1, 0, 0
33300, 4339841, 1, 0, 0
33400, 4208491, 1, 0, 0
33500, 3796785, 1, 0, 0
33601, 3833351, 1, 0, 0
33700, 4090542, 1, 0, 0
33800, 3908393, 1, 0, 0
33901, 3862232, 1, 0, 0
34001, 4260505, 1, 0, 0
34100, 4011429, 1, 0, 0
34200, 4109343, 1, 0, 0
34300, 4064277, 1, 0, 0
34400, 4344317, 1, 0, 0
34560, 5297736, 1, 0, 0
34605, 30249275, 1, 0, 0
34700, 4958460, 1, 0, 0
34800, 3738569, 1, 0, 0
34900, 4077665, 1, 0, 0
35000, 4133924, 1, 0, 0
35100, 5627407, 1, 0, 0
35200, 4812566, 1, 0, 0
35302, 4534432, 1, 0, 0
35400, 4873990, 1, 0, 0
35500, 4173100, 1, 0, 0
35601, 4011286, 1, 0, 0
35701, 4233743, 1, 0, 0
35801, 4199671, 1, 0, 0
35901, 4524348, 1, 0, 0
36000, 4148842, 1, 0, 0
36100, 4157332, 1, 0, 0
36200, 7457509, 1, 0, 0
36300, 3904142, 1, 0, 0
36400, 4286404, 1, 0, 0
36501, 4134605, 1, 0, 0
36638, 7952009, 1, 0, 0
36748, 54013437, 1, 0, 0
36844, 29633235, 1, 0, 0
36912, 73957391, 1, 0, 0
37015, 16771341, 1, 0, 0
37111, 7062660, 1, 0, 0
37200, 8019783, 1, 0, 0
37340, 10388421, 1, 0, 0
37406, 65132415, 1, 0, 0
37500, 12005025, 1, 0, 0
37600, 3613409, 1, 0, 0
37700, 3784176, 1, 0, 0
37801, 3919979, 1, 0, 0
38021, 8703215, 1, 0, 0
38119, 84534586, 1, 0, 0
38210, 72382267, 1, 0, 0
38300, 8530956, 1, 0, 0
38402, 3780324, 1, 0, 0
38502, 4691676, 1, 0, 0
38601, 4219389, 1, 0, 0
38700, 4193817, 1, 0, 0
38803, 3931811, 1, 0, 0
38900, 4031942, 1, 0, 0
39000, 4162497, 1, 0, 0
39101, 4120309, 1, 0, 0
39201, 3900924, 1, 0, 0
39300, 4305267, 1, 0, 0
39401, 4331508, 1, 0, 0
39501, 6930446, 1, 0, 0
39600, 9013100, 1, 0, 0
39700, 5043661, 1, 0, 0
39802, 3671517, 1, 0, 0
39901, 4158199, 1, 0, 0
40012, 4802901, 1, 0, 0
40143, 6528065, 1, 0, 0
40213, 24185596, 1, 0, 0
40310, 6694399, 1, 0, 0
40401, 6384962, 1, 0, 0
40500, 3709747, 1, 0, 0
40601, 3835539, 1, 0, 0
40700, 3988312, 1, 0, 0
40801, 4107229, 1, 0, 0
40900, 4037791, 1, 0, 0
41000, 4570828, 1, 0, 0
41100, 4033808, 1, 0, 0
41214, 8286483, 1, 0, 0
41300, 7396047, 1, 0, 0
41400, 3555049, 1, 0, 0
41504, 4089152, 1, 0, 0
41618, 5109349, 1, 0, 0
41719, 27235471, 1, 0, 0
41800, 15243520, 1, 0, 0
41902, 3712864, 1, 0, 0
42000, 3796030, 1, 0, 0
42101, 3912472, 1, 0, 0
42200, 3834652, 1, 0, 0
42366, 5425091, 1, 0, 0
42487, 119526867, 1, 0, 0
42504, 60451545, 1, 0, 0
42625, 79377247, 1, 0, 0
42742, 56374380, 1, 0, 0
42801, 8534059, 1, 0, 0
42907, 4906203, 1, 0, 0
43035, 45350946, 1, 0, 0
43101, 6303925, 1, 0, 0
43200, 3500847, 1, 0, 0
43300, 3728227, 1, 0, 0
43400, 3950114, 1, 0, 0
43500, 3962220, 1, 0, 0
43600, 4361988, 1, 0, 0
43703, 3703917, 1, 0, 0
43801, 3811713, 1, 0, 0
43901, 4066323, 1, 0, 0
44000, 3966062, 1, 0, 0
44100, 3986679, 1, 0, 0
44200, 3803376, 1, 0, 0
44302, 4087765, 1, 0, 0
44401, 4107343, 1, 0, 0
44500, 3981766, 1, 0, 0
44600, 6222312, 1, 0, 0
44700, 4124595, 1, 0, 0
44803, 4083598, 1, 0, 0
44900, 4124845, 1, 0, 0
45003, 3954471, 1, 0, 0
45100, 4467620, 1, 0, 0
45222, 19251097, 1, 0, 0
45375, 32263785, 1, 0, 0
45405, 47549826, 1, 0, 0
45500, 6411375, 1, 0, 0
45600, 3553281, 1, 0, 0
45700, 3710003, 1, 0, 0
45802, 4318140, 1, 0, 0
45900, 4175131, 1, 0, 0
46000, 3637465, 1, 0, 0
46100, 3876659, 1, 0, 0
46216, 4156916, 1, 0, 0
46300, 12332166, 1, 0, 0
46400, 3771984, 1, 0, 0
46500, 3806972, 1, 0, 0
46601, 3825570, 1, 0, 0
46702, 3859109, 1, 0, 0
46800, 3889734, 1, 0, 0
46900, 3966367, 1, 0, 0
47000, 4046990, 1, 0, 0
47100, 4254551, 1, 0, 0
47200, 4026991, 1, 0, 0
47403, 5514205, 1, 0, 0
47508, 69752568, 1, 0, 0
47628, 20543654, 1, 0, 0
47700, 8722740, 1, 0, 0
47801, 3792258, 1, 0, 0
47901, 4064802, 1, 0, 0
48000, 3720557, 1, 0, 0
48100, 3729639, 1, 0, 0
48201, 4421396, 1, 0, 0
48301, 3963516, 1, 0, 0
48400, 4306047, 1, 0, 0
48500, 4398978, 1, 0, 0
48600, 4212026, 1, 0, 0
48701, 4280836, 1, 0, 0
48801, 4101164, 1, 0, 0
48902, 4090232, 1, 0, 0
49000, 4341286, 1, 0, 0
49100, 4456553, 1, 0, 0
49200, 3959738, 1, 0, 0
49300, 4106682, 1, 0, 0
49402, 4497211, 1, 0, 0
49500, 4008612, 1, 0, 0
49607, 4442662, 1, 0, 0
49700, 5439372, 1, 0, 0
49810, 4344322, 1, 0, 0
49900, 4637417, 1, 0, 0
50001, 3738308, 1, 0, 0
50100, 3925943, 1, 0, 0
50207, 11906196, 1, 0, 0
50302, 108533007, 1, 0, 0
50434, 82142532, 1, 0, 0
50500, 30598214, 1, 0, 0
50601, 12957216, 1, 0, 0
50700, 3846568, 1, 0, 0
50800, 3761544, 1, 0, 0
50903, 4294774, 1, 0, 0
51000, 4174167, 1, 0, 0
51100, 3896181, 1, 0, 0
51200, 4069039, 1, 0, 0
51320, 7169539, 1, 0, 0
51418, 17367637, 1, 0, 0
51501, 5960515, 1, 0, 0
51602, 3757024, 1, 0, 0
51727, 7022882, 1, 0, 0
51801, 9878236, 1, 0, 0
51900, 4745903, 1, 0, 0
52000, 7326652, 1, 0, 0
52100, 3795946, 1, 0, 0
52200, 4258803, 1, 0, 0
52305, 8380791, 1, 0, 0
52402, 36892295, 1, 0, 0
52500, 4381972, 1, 0, 0
52602, 3757024, 1, 0, 0
52701, 3826070, 1, 0, 0
52800, 3978172, 1, 0, 0
52902, 4442548, 1, 0, 0
53000, 9061802, 1, 0, 0
53101, 4203488, 1, 0, 0
53201, 4260940, 1, 0, 0
53300, 4414486, 1, 0, 0
53400, 4181663, 1, 0, 0
53501, 4277561, 1, 0, 0
53600, 4227884, 1, 0, 0
53700, 4303415, 1, 0, 0
53803, 4399925, 1, 0, 0
53901, 4089710, 1, 0, 0
54001, 4253034, 1, 0, 0
54100, 4063391, 1, 0, 0
54213, 5031452, 1, 0, 0
54302, 5083588, 1, 0, 0
54400, 4222178, 1, 0, 0
54500, 4074212, 1, 0, 0
54600, 11137653, 1, 0, 0
54714, 6464562, 1, 0, 0
54801, 4865287, 1, 0, 0
54902, 3842910, 1, 0, 0
55000, 4053998, 1, 0, 0
55100, 3958347, 1, 0, 0
55200, 4158059, 1, 0, 0
55302, 3944087, 1, 0, 0
55402, 6176122, 1, 0, 0
55500, 4199419, 1, 0, 0
55608, 4026903, 1, 0, 0
55702, 4286309, 1, 0, 0
55800, 4160093, 1, 0, 0
55900, 3902971, 1, 0, 0
56000, 3907138, 1, 0, 0
56100, 3987990, 1, 0, 0
56201, 4136309, 1, 0, 0
56301, 4062001, 1, 0, 0
56400, 6695469, 1, 0, 0
56502, 4109727, 1, 0, 0
56600, 4106677, 1, 0, 0
56779, 5282980, 1, 0, 0
56804, 60958142, 1, 0, 0
56900, 14945837, 1, 0, 0
57002, 3713609, 1, 0, 0
57101, 3757152, 1, 0, 0
57200, 3749799, 1, 0, 0
57300, 7341900, 1, 0, 0
57401, 21667418, 1, 0, 0
57500, 7962093, 1, 0, 0
57602, 3790018, 1, 0, 0
57701, 4118760, 1, 0, 0
57801, 3897828, 1, 0, 0
57900, 4050457, 1, 0, 0
58042, 8095841, 1, 0, 0
58146, 86757215, 1, 0, 0
58229, 46087841, 1, 0, 0
58300, 7914629, 1, 0, 0
58401, 3574751, 1, 0, 0
58500, 3895255, 1, 0, 0
58600, 3816590, 1, 0, 0
58700, 4363801, 1, 0, 0
58801, 3950633, 1, 0, 0
58900, 3949249, 1, 0, 0
59000, 4200540, 1, 0, 0
59100, 4139087, 1, 0, 0
59200, 4113232, 1, 0, 0
59300, 3980636, 1, 0, 0
59400, 4078752, 1, 0, 0
59500, 3984160, 1, 0, 0
59600, 4083016, 1, 0, 0
59797, 6263909, 1, 0, 0
59816, 91756368, 1, 0, 0
59901, 19151918, 1, 0, 0
60000, 4827675, 1, 0, 0
60100, 3842508, 1, 0, 0
60200, 3980406, 1, 0, 0
60302, 32525549, 1, 0, 0
60400, 20197197, 1, 0, 0
60500, 3798925, 1, 0, 0
60600, 3934781, 1, 0, 0
60700, 4272691, 1, 0, 0
60800, 3847375, 1, 0, 0
60900, 3865309, 1, 0, 0
61000, 4143895, 1, 0, 0
61103, 4306692, 1, 0, 0
61201, 4269379, 1, 0, 0
61301, 4176759, 1, 0, 0
61400, 9009006, 1, 0, 0
61502, 3878435, 1, 0, 0
61602, 4064463, 1, 0, 0
61700, 4227364, 1, 0, 0
61800, 6262176, 1, 0, 0
61906, 69192944, 1, 0, 0
62000, 15463521, 1, 0, 0
62101, 7078261, 1, 0, 0
62202, 3623283, 1, 0, 0
62366, 5611634, 1, 0, 0
62429, 72333904, 1, 0, 0
62524, 59260967, 1, 0, 0
62620, 45001489, 1, 0, 0
62701, 15508895, 1, 0, 0
62802, 5093017, 1, 0, 0
62900, 3555594, 1, 0, 0
63059, 5231186, 1, 0, 0
63186, 70521578, 1, 0, 0
63375, 87307429, 1, 0, 0
63408, 74545621, 1, 0, 0
63507, 321179160, 1, 0, 0
63601, 9088170, 1, 0, 0
63700, 3656543, 1, 0, 0
63801, 4268348, 1, 0, 0
63900, 3898247, 1, 0, 0
64000, 3765444, 1, 0, 0
64101, 4156425, 1, 0, 0
64201, 3894861, 1, 0, 0
64301, 3897067, 1, 0, 0
64400, 3900772, 1, 0, 0
64500, 4009665, 1, 0, 0
64601, 4165815, 1, 0, 0
64783, 5457669, 1, 0, 0
64805, 22128289, 1, 0, 0
64935, 85768412, 1, 0, 0
65000, 30954425, 1, 0, 0
65102, 15483818, 1, 0, 0
65201, 14391115, 1, 0, 0
65300, 33996359, 1, 0, 0
65402, 22393853, 1, 0, 0
65501, 3935623, 1, 0, 0
65600, 6381988, 1, 0, 0
65700, 3742270, 1, 0, 0
65800, 4127447, 1, 0, 0
65900, 3624187, 1, 0, 0
66000, 4048894, 1, 0, 0
66101, 3809204, 1, 0, 0
66200, 4359672, 1, 0, 0
66300, 4236851, 1, 0, 0
66400, 7105422, 1, 0, 0
66500, 4809022, 1, 0, 0
66601, 4006411, 1, 0, 0
66700, 4345897, 1, 0, 0
66808, 5816699, 1, 0, 0
66901, 22023041, 1, 0, 0
67000, 8814811, 1, 0, 0
67101, 3827809, 1, 0, 0
67200, 4089197, 1, 0, 0
67300, 4026682, 1, 0, 0
67535, 16830882, 1, 0, 0
67688, 71930992, 1, 0, 0
67702, 19051785, 1, 0, 0
67866, 63855161, 1, 0, 0
67914, 30865699, 1, 0, 0
68000, 23447428, 1, 0, 0
68161, 30522090, 1, 0, 0
68208, 49310064, 1, 0, 0
68300, 18324310, 1, 0, 0
68403, 8317222, 1, 0, 0
68500, 4015252, 1, 0, 0
68600, 4277315, 1, 0, 0
68700, 4358369, 1, 0, 0
68800, 4287694, 1, 0, 0
68900, 4076173, 1, 0, 0
69000, 4570041, 1, 0, 0
69100, 3897973, 1, 0, 0
69202, 4293472, 1, 0, 0
69300, 4367685, 1, 0, 0
69417, 4325598, 1, 0, 0
69501, 4265389, 1, 0, 0
69600, 4097180, 1, 0, 0
69701, 4367637, 1, 0, 0
69801, 4074023, 1, 0, 0
69901, 4499723, 1, 0, 0
70001, 4318072, 1, 0, 0
70100, 4518038, 1, 0, 0
70201, 4048570, 1, 0, 0
70307, 9268617, 1, 0, 0
70400, 15427876, 1, 0, 0
70500, 5655948, 1, 0, 0
70600, 3929133, 1, 0, 0
70700, 4129979, 1, 0, 0
70801, 4124059, 1, 0, 0
70901, 3993518, 1, 0, 0
71000, 4363375, 1, 0, 0
71101, 4243534, 1, 0, 0
71204, 4178513, 1, 0, 0
71300, 4258393, 1, 0, 0
71411, 4625149, 1, 0, 0
71502, 5920313, 1, 0, 0
71600, 4292697, 1, 0, 0
71701, 3991765, 1, 0, 0
71802, 4385760, 1, 0, 0
71901, 4048502, 1, 0, 0
72001, 4082916, 1, 0, 0
72100, 4033614, 1, 0, 0
72200, 3916157, 1, 0, 0
72300, 3697577, 1, 0, 0
72488, 4840391, 1, 0, 0
72510, 116153937, 1, 0, 0
72629, 42235223, 1, 0, 0
72711, 19210852, 1, 0, 0
72800, 10085505, 1, 0, 0
72901, 3610540, 1, 0, 0
73000, 3939139, 1, 0, 0
73166, 6338631, 1, 0, 0
73202, 157787747, 1, 0, 0
73475, 221031503, 1, 0, 0
73619, 59425846, 1, 0, 0
73751, 15432097, 1, 0, 0
73814, 7860751, 1, 0, 0
73901, 4194806, 1, 0, 0
74001, 3863004, 1, 0, 0
74100, 4191128, 1, 0, 0
74201, 4017153, 1, 0, 0
74301, 4236041, 1, 0, 0
74402, 4139470, 1, 0, 0
74500, 4629634, 1, 0, 0
74603, 4046975, 1, 0, 0
74700, 4192021, 1, 0, 0
74800, 4775044, 1, 0, 0
74900, 7305291, 1, 0, 0
75000, 3970523, 1, 0, 0
75100, 4201957, 1, 0, 0
75200, 4387343, 1, 0, 0
75386, 5464587, 1, 0, 0
75408, 128913641, 1, 0, 0
75500, 21966787, 1, 0, 0
75600, 4745271, 1, 0, 0
75700, 3654139, 1, 0, 0
75802, 4299436, 1, 0, 0
75901, 7553644, 1, 0, 0
76000, 4304708, 1, 0, 0
76109, 4596672, 1, 0, 0
76200, 4842333, 1, 0, 0
76303, 5134245, 1, 0, 0
76401, 4803414, 1, 0, 0
76500, 10773798, 1, 0, 0
76600, 4500719, 1, 0, 0
76702, 4771941, 1, 0, 0
76800, 4777743, 1, 0, 0
76900, 10188141, 1, 0, 0
77001, 4626515, 1, 0, 0
77100, 5263448, 1, 0, 0
77200, 5088288, 1, 0, 0
77301, 4805935, 1, 0, 0
77401, 4844397, 1, 0, 0
77545, 25625046, 1, 0, 0
77601, 74459396, 1, 0, 0
77723, 45284302, 1, 0, 0
77839, 94663820, 1, 0, 0
77901, 10007747, 1, 0, 0
78001, 4381055, 1, 0, 0
78130, 5117961, 1, 0, 0
78202, 14100458, 1, 0, 0
78300, 4175452, 1, 0, 0
78401, 4328185, 1, 0, 0
78500, 4798515, 1, 0, 0
78600, 4659824, 1, 0, 0
78700, 4701682, 1, 0, 0
78801, 4607741, 1, 0, 0
78900, 4681607, 1, 0, 0
79000, 4869649, 1, 0, 0
79101, 4789410, 1, 0, 0
79200, 4796922, 1, 0, 0
79300, 4970078, 1, 0, 0
79400, 4678516, 1, 0, 0
79500, 4702661, 1, 0, 0
79601, 4844871, 1, 0, 0
79700, 4763029, 1, 0, 0
79801, 4780256, 1, 0, 0
79900, 15884535, 1, 0, 0
80000, 4198488, 1, 0, 0
80100, 5201027, 1, 0, 0
80200, 4743029, 1, 0, 0
80300, 5209912, 1, 0, 0
80401, 20656268, 1, 0, 0
80500, 5837233, 1, 0, 0
80600, 5021516, 1, 0, 0
80700, 5001899, 1, 0, 0
80800, 4705154, 1, 0, 0
80900, 4753012, 1, 0, 0
81000, 4826661, 1, 0, 0
81101, 5226985, 1, 0, 0
81200, 5583505, 1, 0, 0
81300, 5446630, 1, 0, 0
81400, 4967285, 1, 0, 0
81501, 5142406, 1, 0, 0
81601, 5311351, 1, 0, 0
81702, 5120970, 1, 0, 0
81800, 4721025, 1, 0, 0
81901, 5521374, 1, 0, 0
82000, 4728562, 1, 0, 0
82100, 5138993, 1, 0, 0
82200, 4717675, 1, 0, 0
82300, 5621863, 1, 0, 0
82402, 4614212, 1, 0, 0
82526, 8179107, 1, 0, 0
82617, 138272735, 1, 0, 0
82727, 136731001, 1, 0, 0
82817, 72626192, 1, 0, 0
82923, 31412578, 1, 0, 0
83000, 9509318, 1, 0, 0
83100, 4493058, 1, 0, 0
83200, 7522880, 1, 0, 0
83300, 5123126, 1, 0, 0
83401, 4528709, 1, 0, 0
83500, 4596674, 1, 0, 0
83603, 4838795, 1, 0, 0
83701, 5199905, 1, 0, 0
83803, 4697482, 1, 0, 0
83900, 5104316, 1, 0, 0
84001, 5151600, 1, 0, 0
84100, 5166840, 1, 0, 0
84201, 5016779, 1, 0, 0
84300, 4981116, 1, 0, 0
84400, 5691939, 1, 0, 0
84501, 4964895, 1, 0, 0
84601, 5001230, 1, 0, 0
84702, 5042053, 1, 0, 0
84800, 5139757, 1, 0, 0
84900, 9709070, 1, 0, 0
85000, 55596366, 1, 0, 0
85100, 12961070, 1, 0, 0
85203, 4689496, 1, 0, 0
85300, 4872786, 1, 0, 0
85569, 10132152, 1, 0, 0
85687, 176424239, 1, 0, 0
85795, 130216084, 1, 0, 0
85801, 37550623, 1, 0, 0
85909, 23427429, 1, 0, 0
86000, 7217258, 1, 0, 0
86101, 4456393, 1, 0, 0
86202, 4543011, 1, 0, 0
86300, 5000245, 1, 0, 0
86400, 6909489, 1, 0, 0
86516, 4880326, 1, 0, 0
86602, 7324317, 1, 0, 0
86700, 4500272, 1, 0, 0
86801, 4572182, 1, 0, 0
86901, 5203745, 1, 0, 0
87000, 46622495, 1, 0, 0
87101, 23286247, 1, 0, 0
87202, 17769692, 1, 0, 0
87300, 7171932, 1, 0, 0
87400, 4525509, 1, 0, 0
87625, 6478373, 1, 0, 0
87760, 243360586, 1, 0, 0
87816, 92252094, 1, 0, 0
87926, 16678360, 1, 0, 0
88001, 21346526, 1, 0, 0
88101, 5383211, 1, 0, 0
88201, 8059566, 1, 0, 0
88300, 5291782, 1, 0, 0
88400, 4704850, 1, 0, 0
88500, 4929860, 1, 0, 0
88601, 4840566, 1, 0, 0
88700, 4978183, 1, 0, 0
88800, 4874655, 1, 0, 0
88902, 4750119, 1, 0, 0
89000, 5238580, 1, 0, 0
89100, 4990622, 1, 0, 0
89200, 4871902, 1, 0, 0
89300, 4887788, 1, 0, 0
89402, 4791604, 1, 0, 0
89500, 5216842, 1, 0, 0
89602, 4611698, 1, 0, 0
89700, 5497368, 1, 0, 0
89800, 4810295, 1, 0, 0
89972, 6266446, 1, 0, 0
90004, 63626261, 1, 0, 0
90088, 97820148, 1, 0, 0
