101, 1682306, 1, 0, 0
103, 735681, 0, 0, 0
200, 733180, 0, 0, 0
203, 1795766, 1, 0, 0
300, 1487774, 1, 0, 0
301, 685110, 0, 0, 0
401, 1697980, 1, 0, 0
402, 743536, 0, 0, 0
500, 1697180, 1, 0, 0
502, 769197, 0, 0, 0
600, 678143, 0, 0, 0
602, 1674434, 1, 0, 0
701, 1689123, 1, 0, 0
705, 701367, 0, 0, 0
800, 717255, 0, 0, 0
804, 1720525, 1, 0, 0
901, 2750743, 1, 0, 0
902, 740742, 0, 0, 0
1001, 1640639, 1, 0, 0
1003, 722398, 0, 0, 0
1100, 707013, 0, 0, 0
1101, 1677737, 1, 0, 0
1201, 1612112, 1, 0, 0
1202, 725615, 0, 0, 0
1301, 1734717, 1, 0, 0
1301, 672014, 0, 0, 0
1400, 688275, 0, 0, 0
1403, 1655968, 1, 0, 0
1500, 681967, 0, 0, 0
1501, 1686286, 1, 0, 0
1601, 1621542, 1, 0, 0
1602, 696370, 0, 0, 0
1700, 671786, 0, 0, 0
1707, 1823211, 1, 0, 0
1800, 1084685, 0, 0, 0
1808, 4327301, 1, 0, 0
1900, 807612, 0, 0, 0
1904, 1839638, 1, 0, 0
2000, 1700787, 1, 0, 0
2001, 740425, 0, 0, 0
2100, 1742464, 1, 0, 0
2100, 717309, 0, 0, 0
2200, 1619341, 1, 0, 0
2201, 673394, 0, 0, 0
2300, 1622423, 1, 0, 0
2302, 692911, 0, 0, 0
2400, 709726, 0, 0, 0
2401, 1739236, 1, 0, 0
2500, 749778, 0, 0, 0
2502, 1648296, 1, 0, 0
2600, 691293, 0, 0, 0
2602, 1767525, 1, 0, 0
2700, 1619600, 1, 0, 0
2703, 720956, 0, 0, 0
2800, 1627633, 1, 0, 0
2806, 672254, 0, 0, 0
2901, 1607144, 1, 0, 0
2903, 720713, 0, 0, 0
3000, 738638, 0, 0, 0
3002, 1718448, 1, 0, 0
3101, 1615863, 1, 0, 0
3102, 687479, 0, 0, 0
3200, 691928, 0, 0, 0
3202, 1684696, 1, 0, 0
3300, 1552034, 1, 0, 0
3303, 695163, 0, 0, 0
3400, 743669, 0, 0, 0
3402, 1597991, 1, 0, 0
3500, 723635, 0, 0, 0
3503, 1718663, 1, 0, 0
3600, 716511, 0, 0, 0
3602, 1718808, 1, 0, 0
3700, 702206, 0, 0, 0
3704, 1621642, 1, 0, 0
3800, 673033, 0, 0, 0
3804, 1662089, 1, 0, 0
3900, 707181, 0, 0, 0
3905, 1734255, 1, 0, 0
4000, 704927, 0, 0, 0
4002, 1582140, 1, 0, 0
4101, 1669850, 1, 0, 0
4101, 709167, 0, 0, 0
4201, 1731348, 1, 0, 0
4202, 726230, 0, 0, 0
4300, 1711412, 1, 0, 0
4301, 726703, 0, 0, 0
4400, 752231, 0, 0, 0
4402, 1786600, 1, 0, 0
4500, 704022, 0, 0, 0
4502, 1640386, 1, 0, 0
4600, 1604489, 1, 0, 0
4601, 702595, 0, 0, 0
4700, 707200, 0, 0, 0
4702, 1684573, 1, 0, 0
4800, 1652279, 1, 0, 0
4801, 675863, 0, 0, 0
4900, 684224, 0, 0, 0
4904, 1636970, 1, 0, 0
5000, 1671600, 1, 0, 0
5000, 730492, 0, 0, 0
5100, 1664192, 1, 0, 0
5100, 666444, 0, 0, 0
5200, 1643978, 1, 0, 0
5201, 700423, 0, 0, 0
5311, 886812, 0, 0, 0
5314, 1952578, 1, 0, 0
5401, 1570784, 1, 0, 0
5401, 696116, 0, 0, 0
5500, 651433, 0, 0, 0
5501, 1651576, 1, 0, 0
5600, 673024, 0, 0, 0
5602, 1671910, 1, 0, 0
5700, 713062, 0, 0, 0
5702, 1745029, 1, 0, 0
5800, 705040, 0, 0, 0
5802, 1688335, 1, 0, 0
5900, 706590, 0, 0, 0
5902, 1566290, 1, 0, 0
6000, 727878, 0, 0, 0
6004, 1671539, 1, 0, 0
6100, 1607112, 1, 0, 0
6101, 719474, 0, 0, 0
6201, 1623116, 1, 0, 0
6202, 686797, 0, 0, 0
6301, 1642267, 1, 0, 0
6302, 677483, 0, 0, 0
6400, 687518, 0, 0, 0
6402, 1640625, 1, 0, 0
6500, 1651261, 1, 0, 0
6501, 695748, 0, 0, 0
6600, 707485, 0, 0, 0
6605, 1761253, 1, 0, 0
6700, 696882, 0, 0, 0
6702, 1621173, 1, 0, 0
6800, 1616374, 1, 0, 0
6801, 688216, 0, 0, 0
6900, 1062927, 0, 0, 0
6911, 1586122, 1, 0, 0
7000, 1664072, 1, 0, 0
7001, 768557, 0, 0, 0
7100, 699029, 0, 0, 0
7101, 1583476, 1, 0, 0
7200, 1770651, 1, 0, 0
7200, 767499, 0, 0, 0
7301, 1695830, 1, 0, 0
7302, 694353, 0, 0, 0
7400, 675596, 0, 0, 0
7402, 1637089, 1, 0, 0
7500, 699561, 0, 0, 0
7502, 1643227, 1, 0, 0
7600, 724100, 0, 0, 0
7601, 1651339, 1, 0, 0
7700, 742500, 0, 0, 0
7703, 1781339, 1, 0, 0
7800, 646145, 0, 0, 0
7805, 1690645, 1, 0, 0
7900, 717879, 0, 0, 0
7902, 1688716, 1, 0, 0
8001, 1603652, 1, 0, 0
8005, 697039, 0, 0, 0
8100, 1681233, 1, 0, 0
8100, 735076, 0, 0, 0
8200, 695213, 0, 0, 0
8201, 1764206, 1, 0, 0
8300, 1626352, 1, 0, 0
8305, 695534, 0, 0, 0
8400, 708556, 0, 0, 0
8404, 1671984, 1, 0, 0
8500, 1618451, 1, 0, 0
8504, 713242, 0, 0, 0
8600, 684681, 0, 0, 0
8604, 1620632, 1, 0, 0
8700, 1720139, 1, 0, 0
8701, 716615, 0, 0, 0
8800, 1689901, 1, 0, 0
8804, 707710, 0, 0, 0
8900, 703734, 0, 0, 0
8902, 1778355, 1, 0, 0
9000, 711942, 0, 0, 0
9002, 1640949, 1, 0, 0
9100, 1703252, 1, 0, 0
9101, 743168, 0, 0, 0
9200, 1660013, 1, 0, 0
9200, 698532, 0, 0, 0
9301, 1743505, 1, 0, 0
9302, 703953, 0, 0, 0
9400, 702614, 0, 0, 0
9407, 1702943, 1, 0, 0
9500, 1904678, 1, 0, 0
9501, 826074, 0, 0, 0
9601, 1780553, 1, 0, 0
9601, 732042, 0, 0, 0
9702, 1717161, 1, 0, 0
9702, 683403, 0, 0, 0
9800, 710340, 0, 0, 0
9802, 1626643, 1, 0, 0
9901, 1640969, 1, 0, 0
9902, 723228, 0, 0, 0
10000, 1745220, 1, 0, 0
10003, 703742, 0, 0, 0
10101, 1647649, 1, 0, 0
10104, 715642, 0, 0, 0
10200, 707979, 0, 0, 0
10202, 1728236, 1, 0, 0
10300, 1624121, 1, 0, 0
10301, 679140, 0, 0, 0
10400, 690116, 0, 0, 0
10405, 1612032, 1, 0, 0
10500, 1566143, 1, 0, 0
10501, 721857, 0, 0, 0
10600, 643197, 0, 0, 0
10603, 1717164, 1, 0, 0
10700, 1733406, 1, 0, 0
10701, 707777, 0, 0, 0
10801, 1744482, 1, 0, 0
10801, 717180, 0, 0, 0
10900, 1619979, 1, 0, 0
10903, 667270, 0, 0, 0
11001, 1861244, 1, 0, 0
11001, 700625, 0, 0, 0
11101, 1684415, 1, 0, 0
11101, 678490, 0, 0, 0
11200, 733453, 0, 0, 0
11202, 1660295, 1, 0, 0
11300, 706966, 0, 0, 0
11303, 1627145, 1, 0, 0
11400, 710730, 0, 0, 0
11402, 1731608, 1, 0, 0
11500, 1658572, 1, 0, 0
11500, 736215, 0, 0, 0
11600, 1664654, 1, 0, 0
11602, 677564, 0, 0, 0
11700, 696683, 0, 0, 0
11703, 1620813, 1, 0, 0
11800, 768813, 0, 0, 0
11801, 1583697, 1, 0, 0
11900, 665901, 0, 0, 0
11903, 1692876, 1, 0, 0
12001, 1670214, 1, 0, 0
12001, 673369, 0, 0, 0
12100, 703787, 0, 0, 0
12103, 1611774, 1, 0, 0
12200, 1697324, 1, 0, 0
12201, 693135, 0, 0, 0
12300, 680009, 0, 0, 0
12302, 1621545, 1, 0, 0
12400, 682985, 0, 0, 0
12402, 1650784, 1, 0, 0
12500, 1651476, 1, 0, 0
12500, 684406, 0, 0, 0
12600, 1680900, 1, 0, 0
12601, 689652, 0, 0, 0
12701, 1684186, 1, 0, 0
12701, 700125, 0, 0, 0
12801, 1595310, 1, 0, 0
12802, 700601, 0, 0, 0
12900, 1549051, 1, 0, 0
12900, 676180, 0, 0, 0
13000, 675562, 0, 0, 0
13003, 1600069, 1, 0, 0
13100, 683893, 0, 0, 0
13102, 1572818, 1, 0, 0
13201, 1708060, 1, 0, 0
13202, 684876, 0, 0, 0
13301, 1697607, 1, 0, 0
13303, 695134, 0, 0, 0
13400, 717158, 0, 0, 0
13403, 1694348, 1, 0, 0
13501, 698326, 0, 0, 0
13502, 1619826, 1, 0, 0
13600, 774738, 0, 0, 0
13605, 1682702, 1, 0, 0
13701, 1612468, 1, 0, 0
13701, 716403, 0, 0, 0
13801, 1653729, 1, 0, 0
13801, 704901, 0, 0, 0
13901, 1830922, 1, 0, 0
13902, 708733, 0, 0, 0
14000, 656483, 0, 0, 0
14006, 1660501, 1, 0, 0
14100, 1660674, 1, 0, 0
14100, 687634, 0, 0, 0
14200, 702327, 0, 0, 0
14203, 1641841, 1, 0, 0
14300, 1666766, 1, 0, 0
14301, 685827, 0, 0, 0
14400, 722867, 0, 0, 0
14403, 1700562, 1, 0, 0
14500, 1720259, 1, 0, 0
14500, 732504, 0, 0, 0
14600, 1770871, 1, 0, 0
14601, 706495, 0, 0, 0
14700, 1864262, 1, 0, 0
14702, 713565, 0, 0, 0
14800, 761987, 0, 0, 0
14805, 1738996, 1, 0, 0
14900, 863862, 0, 0, 0
14904, 1677743, 1, 0, 0
15000, 691898, 0, 0, 0
15002, 1671993, 1, 0, 0
15100, 1624262, 1, 0, 0
15100, 709540, 0, 0, 0
15200, 684467, 0, 0, 0
15203, 1650174, 1, 0, 0
15300, 1763706, 1, 0, 0
15300, 881899, 0, 0, 0
15400, 743582, 0, 0, 0
15404, 1696407, 1, 0, 0
15500, 664769, 0, 0, 0
15501, 1681598, 1, 0, 0
15601, 1717638, 1, 0, 0
15603, 773161, 0, 0, 0
15700, 690221, 0, 0, 0
15703, 1693797, 1, 0, 0
15800, 1738465, 1, 0, 0
15800, 707735, 0, 0, 0
15909, 2014825, 1, 0, 0
15913, 742255, 0, 0, 0
16000, 660627, 0, 0, 0
16003, 1570884, 1, 0, 0
16100, 682503, 0, 0, 0
16103, 1576173, 1, 0, 0
16201, 1727368, 1, 0, 0
16202, 700580, 0, 0, 0
16300, 808748, 0, 0, 0
16302, 1645016, 1, 0, 0
16400, 713980, 0, 0, 0
16405, 1729205, 1, 0, 0
16500, 1588041, 1, 0, 0
16504, 670441, 0, 0, 0
16600, 698699, 0, 0, 0
16603, 1657470, 1, 0, 0
16700, 1616143, 1, 0, 0
16701, 729276, 0, 0, 0
16800, 701292, 0, 0, 0
16801, 1618288, 1, 0, 0
16900, 686455, 0, 0, 0
16902, 1652005, 1, 0, 0
17000, 1762909, 1, 0, 0
17000, 673532, 0, 0, 0
17101, 1755291, 1, 0, 0
17101, 716210, 0, 0, 0
17200, 1739658, 1, 0, 0
17201, 698451, 0, 0, 0
17300, 669721, 0, 0, 0
17301, 1560052, 1, 0, 0
17400, 1609056, 1, 0, 0
17405, 706857, 0, 0, 0
17500, 671908, 0, 0, 0
17502, 1699804, 1, 0, 0
17600, 677322, 0, 0, 0
17602, 1703755, 1, 0, 0
17701, 1633535, 1, 0, 0
17702, 725265, 0, 0, 0
17800, 691592, 0, 0, 0
17808, 1752158, 1, 0, 0
17901, 1701302, 1, 0, 0
17903, 681835, 0, 0, 0
18000, 690227, 0, 0, 0
18002, 1774496, 1, 0, 0
18101, 1652836, 1, 0, 0
18102, 740817, 0, 0, 0
18200, 709349, 0, 0, 0
18203, 1633484, 1, 0, 0
18300, 1586479, 1, 0, 0
18300, 666104, 0, 0, 0
18400, 1627569, 1, 0, 0
18401, 678786, 0, 0, 0
18500, 1681432, 1, 0, 0
18504, 707389, 0, 0, 0
18600, 724216, 0, 0, 0
18606, 1759418, 1, 0, 0
18700, 1699922, 1, 0, 0
18700, 708366, 0, 0, 0
18800, 1727264, 1, 0, 0
18804, 710455, 0, 0, 0
18900, 713011, 0, 0, 0
18902, 1655662, 1, 0, 0
19000, 705264, 0, 0, 0
19004, 1730676, 1, 0, 0
19100, 1628161, 1, 0, 0
19101, 695111, 0, 0, 0
19200, 1585148, 1, 0, 0
19201, 697533, 0, 0, 0
19300, 701693, 0, 0, 0
19348, 3058058, 1, 0, 0
19400, 747058, 0, 0, 0
19403, 1815220, 1, 0, 0
19501, 1649946, 1, 0, 0
19502, 739901, 0, 0, 0
19600, 703426, 0, 0, 0
19601, 1671799, 1, 0, 0
19700, 1838632, 1, 0, 0
19701, 721413, 0, 0, 0
19801, 1635842, 1, 0, 0
19801, 715270, 0, 0, 0
19901, 1610543, 1, 0, 0
19901, 656375, 0, 0, 0
20000, 1614698, 1, 0, 0
20001, 687499, 0, 0, 0
20100, 688059, 0, 0, 0
20103, 1611729, 1, 0, 0
20200, 657444, 0, 0, 0
20203, 1781143, 1, 0, 0
20301, 1588274, 1, 0, 0
20305, 691280, 0, 0, 0
20400, 1682696, 1, 0, 0
20401, 668851, 0, 0, 0
20501, 1600155, 1, 0, 0
20501, 719168, 0, 0, 0
20600, 1560711, 1, 0, 0
20602, 664052, 0, 0, 0
20700, 638739, 0, 0, 0
20702, 1551361, 1, 0, 0
20800, 1613855, 1, 0, 0
20801, 676386, 0, 0, 0
20901, 1602263, 1, 0, 0
20901, 671568, 0, 0, 0
21000, 701964, 0, 0, 0
21004, 1578125, 1, 0, 0
21101, 1633969, 1, 0, 0
21101, 705592, 0, 0, 0
21200, 687485, 0, 0, 0
21202, 1678414, 1, 0, 0
21300, 1720936, 1, 0, 0
21300, 807468, 0, 0, 0
21400, 691755, 0, 0, 0
21402, 1649633, 1, 0, 0
21500, 699968, 0, 0, 0
21505, 1649385, 1, 0, 0
21600, 1641190, 1, 0, 0
21601, 698852, 0, 0, 0
21700, 750774, 0, 0, 0
21703, 1615952, 1, 0, 0
21800, 1619411, 1, 0, 0
21802, 690513, 0, 0, 0
21901, 1985892, 1, 0, 0
21901, 746375, 0, 0, 0
22000, 808811, 0, 0, 0
22002, 2395160, 1, 0, 0
22101, 1688746, 1, 0, 0
22105, 713814, 0, 0, 0
22201, 1630514, 1, 0, 0
22202, 750826, 0, 0, 0
22311, 3501236, 1, 0, 0
22312, 894219, 0, 0, 0
22401, 2014209, 1, 0, 0
22410, 691980, 0, 0, 0
22500, 718213, 0, 0, 0
22501, 1753972, 1, 0, 0
22600, 683180, 0, 0, 0
22604, 1678283, 1, 0, 0
22700, 1598851, 1, 0, 0
22701, 697031, 0, 0, 0
22800, 1605804, 1, 0, 0
22801, 678662, 0, 0, 0
22901, 1656715, 1, 0, 0
22903, 667517, 0, 0, 0
23000, 704410, 0, 0, 0
23003, 1593917, 1, 0, 0
23100, 715117, 0, 0, 0
23102, 1637247, 1, 0, 0
23200, 671027, 0, 0, 0
23211, 1644389, 1, 0, 0
23301, 1678126, 1, 0, 0
23304, 727947, 0, 0, 0
23400, 681865, 0, 0, 0
23402, 1649411, 1, 0, 0
23500, 700253, 0, 0, 0
23503, 1593365, 1, 0, 0
23600, 704252, 0, 0, 0
23602, 1626702, 1, 0, 0
23700, 669509, 0, 0, 0
23701, 1647074, 1, 0, 0
23800, 679284, 0, 0, 0
23801, 1714003, 1, 0, 0
23900, 686962, 0, 0, 0
23905, 1664386, 1, 0, 0
24001, 1637180, 1, 0, 0
24001, 733382, 0, 0, 0
24100, 694717, 0, 0, 0
24102, 1641097, 1, 0, 0
24200, 1692130, 1, 0, 0
24201, 695673, 0, 0, 0
24300, 728225, 0, 0, 0
24302, 1671101, 1, 0, 0
24400, 701827, 0, 0, 0
24406, 1647821, 1, 0, 0
24502, 1759803, 1, 0, 0
24504, 686469, 0, 0, 0
24601, 1692849, 1, 0, 0
24605, 722196, 0, 0, 0
24700, 700934, 0, 0, 0
24703, 1637390, 1, 0, 0
24801, 1678184, 1, 0, 0
24801, 682815, 0, 0, 0
24900, 689234, 0, 0, 0
24904, 1493996, 1, 0, 0
25000, 750304, 0, 0, 0
25003, 1872637, 1, 0, 0
25100, 743533, 0, 0, 0
25102, 1630458, 1, 0, 0
25200, 1713595, 1, 0, 0
25201, 673459, 0, 0, 0
25300, 3037854, 1, 0, 0
25301, 1226843, 0, 0, 0
25400, 1782467, 1, 0, 0
25400, 713797, 0, 0, 0
25500, 752186, 0, 0, 0
25503, 1688719, 1, 0, 0
25600, 721917, 0, 0, 0
25602, 1658571, 1, 0, 0
25700, 1628516, 1, 0, 0
25700, 702578, 0, 0, 0
25800, 705266, 0, 0, 0
25802, 1700053, 1, 0, 0
25900, 1727888, 1, 0, 0
25900, 738081, 0, 0, 0
26000, 1621569, 1, 0, 0
26000, 673028, 0, 0, 0
26100, 1574813, 1, 0, 0
26101, 703759, 0, 0, 0
26200, 679452, 0, 0, 0
26208, 1653905, 1, 0, 0
26300, 1680301, 1, 0, 0
26300, 695605, 0, 0, 0
26400, 1605277, 1, 0, 0
26401, 686037, 0, 0, 0
26500, 1645513, 1, 0, 0
26501, 707654, 0, 0, 0
26600, 1577485, 1, 0, 0
26600, 703592, 0, 0, 0
26701, 1591932, 1, 0, 0
26702, 702474, 0, 0, 0
26800, 1610490, 1, 0, 0
26800, 680027, 0, 0, 0
26900, 1667178, 1, 0, 0
26901, 667722, 0, 0, 0
27000, 705767, 0, 0, 0
27004, 1762518, 1, 0, 0
27100, 726148, 0, 0, 0
27104, 1692953, 1, 0, 0
27200, 1710162, 1, 0, 0
27201, 737475, 0, 0, 0
27300, 701126, 0, 0, 0
27301, 1773098, 1, 0, 0
27400, 720115, 0, 0, 0
27401, 1601170, 1, 0, 0
27500, 656512, 0, 0, 0
27502, 1671743, 1, 0, 0
27600, 698673, 0, 0, 0
27602, 1768003, 1, 0, 0
27700, 695831, 0, 0, 0
27701, 1660357, 1, 0, 0
27800, 699489, 0, 0, 0
27802, 1796131, 1, 0, 0
27900, 1717768, 1, 0, 0
27901, 672968, 0, 0, 0
28000, 701959, 0, 0, 0
28003, 1854081, 1, 0, 0
28100, 717671, 0, 0, 0
28104, 1598803, 1, 0, 0
28200, 691676, 0, 0, 0
28203, 1630603, 1, 0, 0
28300, 1684974, 1, 0, 0
28303, 701980, 0, 0, 0
28400, 695165, 0, 0, 0
28402, 1590445, 1, 0, 0
28500, 656885, 0, 0, 0
28502, 2033995, 1, 0, 0
28600, 1607044, 1, 0, 0
28601, 697523, 0, 0, 0
28700, 1614742, 1, 0, 0
28703, 696842, 0, 0, 0
28800, 1585444, 1, 0, 0
28806, 698353, 0, 0, 0
28900, 709222, 0, 0, 0
28902, 1700939, 1, 0, 0
29000, 743507, 0, 0, 0
29001, 1635994, 1, 0, 0
29100, 1745567, 1, 0, 0
29100, 702102, 0, 0, 0
29200, 1737098, 1, 0, 0
29202, 687560, 0, 0, 0
29300, 677361, 0, 0, 0
29303, 1589030, 1, 0, 0
29400, 678394, 0, 0, 0
29402, 1644174, 1, 0, 0
29501, 1724848, 1, 0, 0
29503, 678883, 0, 0, 0
29601, 1694351, 1, 0, 0
29604, 674126, 0, 0, 0
29700, 675209, 0, 0, 0
29703, 1802203, 1, 0, 0
29800, 725342, 0, 0, 0
29802, 1697005, 1, 0, 0
29900, 707032, 0, 0, 0
29902, 1687212, 1, 0, 0
30001, 1663739, 1, 0, 0
30007, 683626, 0, 0, 0
30101, 1641601, 1, 0, 0
30101, 768459, 0, 0, 0
30200, 1636916, 1, 0, 0
30203, 715004, 0, 0, 0
30300, 743876, 0, 0, 0
30302, 1621639, 1, 0, 0
30401, 1782480, 1, 0, 0
30402, 750101, 0, 0, 0
30501, 1710970, 1, 0, 0
30502, 675859, 0, 0, 0
30600, 736266, 0, 0, 0
30604, 1698068, 1, 0, 0
30700, 672542, 0, 0, 0
30701, 1550526, 1, 0, 0
30800, 1648952, 1, 0, 0
30801, 717776, 0, 0, 0
30900, 1612686, 1, 0, 0
30901, 719582, 0, 0, 0
31001, 1747476, 1, 0, 0
31002, 711709, 0, 0, 0
31100, 668001, 0, 0, 0
31106, 1691142, 1, 0, 0
31200, 1643540, 1, 0, 0
31203, 707610, 0, 0, 0
31300, 730890, 0, 0, 0
31302, 1625013, 1, 0, 0
31400, 1674328, 1, 0, 0
31401, 691608, 0, 0, 0
31500, 709641, 0, 0, 0
31503, 1592797, 1, 0, 0
31600, 722647, 0, 0, 0
31602, 1730969, 1, 0, 0
31700, 1591364, 1, 0, 0
31701, 713642, 0, 0, 0
31800, 1730119, 1, 0, 0
31801, 705681, 0, 0, 0
31900, 709670, 0, 0, 0
31903, 1752577, 1, 0, 0
32004, 2731053, 1, 0, 0
32005, 699101, 0, 0, 0
32100, 770500, 0, 0, 0
32102, 2519348, 1, 0, 0
32200, 1710754, 1, 0, 0
32203, 670670, 0, 0, 0
32302, 1710737, 1, 0, 0
32303, 678483, 0, 0, 0
32400, 5134191, 1, 0, 0
32401, 687171, 0, 0, 0
32500, 1768675, 1, 0, 0
32501, 692119, 0, 0, 0
32600, 1652325, 1, 0, 0
32603, 732837, 0, 0, 0
32700, 1847007, 1, 0, 0
32702, 729957, 0, 0, 0
32800, 712847, 0, 0, 0
32804, 1643248, 1, 0, 0
32900, 1699244, 1, 0, 0
32902, 704581, 0, 0, 0
33000, 1642766, 1, 0, 0
33001, 718024, 0, 0, 0
33100, 1691682, 1, 0, 0
33100, 689790, 0, 0, 0
33200, 1801319, 1, 0, 0
33201, 723154, 0, 0, 0
33300, 784418, 0, 0, 0
33303, 1637114, 1, 0, 0
33400, 761226, 0, 0, 0
33401, 1687725, 1, 0, 0
33517, 3989669, 1, 0, 0
33519, 710215, 0, 0, 0
33600, 692142, 0, 0, 0
33603, 1723775, 1, 0, 0
33700, 688590, 0, 0, 0
33703, 1675814, 1, 0, 0
33800, 1737658, 1, 0, 0
33800, 701105, 0, 0, 0
33900, 1699996, 1, 0, 0
33901, 694602, 0, 0, 0
34000, 758369, 0, 0, 0
34002, 1745936, 1, 0, 0
34100, 1610159, 1, 0, 0
34100, 695558, 0, 0, 0
34201, 1628164, 1, 0, 0
34201, 665337, 0, 0, 0
34301, 1708003, 1, 0, 0
34303, 696859, 0, 0, 0
34400, 695076, 0, 0, 0
34404, 1911895, 1, 0, 0
34500, 712673, 0, 0, 0
34502, 1676908, 1, 0, 0
34601, 726294, 0, 0, 0
34603, 1653485, 1, 0, 0
34700, 1666214, 1, 0, 0
34701, 723499, 0, 0, 0
34800, 1627368, 1, 0, 0
34801, 684383, 0, 0, 0
34900, 1705895, 1, 0, 0
34900, 758174, 0, 0, 0
35000, 1636265, 1, 0, 0
35001, 706281, 0, 0, 0
35100, 717635, 0, 0, 0
35101, 1686228, 1, 0, 0
35200, 1614688, 1, 0, 0
35200, 697929, 0, 0, 0
35300, 699341, 0, 0, 0
35301, 1719234, 1, 0, 0
35401, 1592208, 1, 0, 0
35401, 664884, 0, 0, 0
35501, 1680070, 1, 0, 0
35503, 681968, 0, 0, 0
35600, 737453, 0, 0, 0
35602, 1711343, 1, 0, 0
35700, 681898, 0, 0, 0
35702, 1537151, 1, 0, 0
35801, 1712163, 1, 0, 0
35802, 724027, 0, 0, 0
35900, 712455, 0, 0, 0
35904, 1733781, 1, 0, 0
36001, 1610994, 1, 0, 0
36002, 691357, 0, 0, 0
36100, 693469, 0, 0, 0
36103, 1719327, 1, 0, 0
36200, 771968, 0, 0, 0
36207, 1673814, 1, 0, 0
36300, 705215, 0, 0, 0
36303, 1777621, 1, 0, 0
36400, 1790384, 1, 0, 0
36401, 730518, 0, 0, 0
36500, 741433, 0, 0, 0
36502, 4088077, 1, 0, 0
36600, 713395, 0, 0, 0
36607, 1659525, 1, 0, 0
36700, 722758, 0, 0, 0
36706, 1668894, 1, 0, 0
36800, 688284, 0, 0, 0
36802, 1676964, 1, 0, 0
36900, 723858, 0, 0, 0
36908, 1637289, 1, 0, 0
37000, 2101620, 1, 0, 0
37002, 1856376, 0, 0, 0
37101, 1762403, 1, 0, 0
37106, 770266, 0, 0, 0
37201, 1649470, 1, 0, 0
37203, 682882, 0, 0, 0
37300, 1631282, 1, 0, 0
37303, 688712, 0, 0, 0
37400, 2599954, 0, 0, 0
37401, 1901192, 1, 0, 0
37500, 706715, 0, 0, 0
37504, 1997810, 1, 0, 0
37601, 1637115, 1, 0, 0
37602, 703364, 0, 0, 0
37701, 1620211, 1, 0, 0
37702, 728760, 0, 0, 0
37801, 1666045, 1, 0, 0
37801, 709643, 0, 0, 0
37900, 1852361, 1, 0, 0
37903, 668247, 0, 0, 0
38001, 1641069, 1, 0, 0
38002, 737525, 0, 0, 0
38100, 1701094, 1, 0, 0
38101, 687828, 0, 0, 0
38200, 1698905, 1, 0, 0
38202, 702805, 0, 0, 0
38300, 747705, 0, 0, 0
38307, 1683051, 1, 0, 0
38400, 660081, 0, 0, 0
38405, 1705241, 1, 0, 0
38500, 1704203, 1, 0, 0
38503, 735142, 0, 0, 0
38601, 1755039, 1, 0, 0
38602, 761883, 0, 0, 0
38701, 1670274, 1, 0, 0
38701, 718247, 0, 0, 0
38800, 1797767, 1, 0, 0
38803, 683910, 0, 0, 0
38900, 1644053, 1, 0, 0
38901, 704178, 0, 0, 0
39000, 705187, 0, 0, 0
39003, 1699604, 1, 0, 0
39101, 2074085, 1, 0, 0
39101, 720273, 0, 0, 0
39200, 723297, 0, 0, 0
39203, 1674245, 1, 0, 0
39301, 1799685, 1, 0, 0
39302, 683577, 0, 0, 0
39400, 1690639, 1, 0, 0
39403, 705556, 0, 0, 0
39500, 697076, 0, 0, 0
39502, 1775034, 1, 0, 0
39602, 1779326, 1, 0, 0
39603, 722312, 0, 0, 0
39700, 698766, 0, 0, 0
39703, 1815123, 1, 0, 0
39800, 705371, 0, 0, 0
39803, 1623695, 1, 0, 0
39901, 1633234, 1, 0, 0
39902, 676490, 0, 0, 0
40000, 738906, 0, 0, 0
40002, 1768894, 1, 0, 0
40100, 1699379, 1, 0, 0
40101, 681085, 0, 0, 0
40200, 1717858, 1, 0, 0
40201, 666106, 0, 0, 0
40301, 1730864, 1, 0, 0
40301, 727518, 0, 0, 0
40400, 1804039, 1, 0, 0
40401, 750249, 0, 0, 0
40500, 1671872, 1, 0, 0
40502, 710992, 0, 0, 0
40600, 706045, 0, 0, 0
40602, 1586516, 1, 0, 0
40700, 1656996, 1, 0, 0
40701, 686278, 0, 0, 0
40800, 1747049, 1, 0, 0
40800, 672762, 0, 0, 0
40900, 726794, 0, 0, 0
40904, 1653018, 1, 0, 0
41000, 749272, 0, 0, 0
41003, 1650878, 1, 0, 0
41101, 1669544, 1, 0, 0
41102, 1586445, 0, 0, 0
41200, 1617241, 1, 0, 0
41202, 711916, 0, 0, 0
41300, 679034, 0, 0, 0
41301, 1748874, 1, 0, 0
41400, 1697616, 1, 0, 0
41404, 719076, 0, 0, 0
41500, 711099, 0, 0, 0
41504, 1646904, 1, 0, 0
41600, 1593377, 1, 0, 0
41601, 734245, 0, 0, 0
41700, 1653076, 1, 0, 0
41702, 676342, 0, 0, 0
41801, 1703103, 1, 0, 0
41801, 701624, 0, 0, 0
41901, 1630854, 1, 0, 0
41902, 685219, 0, 0, 0
42000, 1642747, 1, 0, 0
42002, 667744, 0, 0, 0
42109, 1404837, 0, 0, 0
42111, 4173685, 1, 0, 0
42202, 1737613, 1, 0, 0
42203, 1003113, 0, 0, 0
42300, 661023, 0, 0, 0
42305, 1574940, 1, 0, 0
42400, 698074, 0, 0, 0
42403, 1706232, 1, 0, 0
42501, 1825108, 1, 0, 0
42503, 700987, 0, 0, 0
42600, 747964, 0, 0, 0
42601, 1616454, 1, 0, 0
42700, 1776010, 1, 0, 0
42701, 764120, 0, 0, 0
42800, 1697094, 1, 0, 0
42800, 743048, 0, 0, 0
42900, 1711458, 1, 0, 0
42902, 704886, 0, 0, 0
43000, 761223, 0, 0, 0
43004, 1689509, 1, 0, 0
43100, 1624341, 1, 0, 0
43101, 748795, 0, 0, 0
43200, 682874, 0, 0, 0
43203, 1694283, 1, 0, 0
43300, 710981, 0, 0, 0
43302, 1695197, 1, 0, 0
43400, 659630, 0, 0, 0
43403, 1738182, 1, 0, 0
43500, 1620630, 1, 0, 0
43501, 697141, 0, 0, 0
43600, 706218, 0, 0, 0
43602, 1566624, 1, 0, 0
43700, 735134, 0, 0, 0
43702, 1642189, 1, 0, 0
43800, 723648, 0, 0, 0
43801, 1642668, 1, 0, 0
43900, 689727, 0, 0, 0
43903, 1627286, 1, 0, 0
44001, 1845066, 1, 0, 0
44001, 743904, 0, 0, 0
44100, 1648351, 1, 0, 0
44102, 756456, 0, 0, 0
44201, 725325, 0, 0, 0
44203, 1702896, 1, 0, 0
44301, 1748834, 1, 0, 0
44302, 681556, 0, 0, 0
44400, 697388, 0, 0, 0
44401, 1665046, 1, 0, 0
44500, 699865, 0, 0, 0
44502, 1680480, 1, 0, 0
44601, 1611037, 1, 0, 0
44602, 711766, 0, 0, 0
44701, 1552070, 1, 0, 0
44704, 728114, 0, 0, 0
44800, 661211, 0, 0, 0
44801, 1599598, 1, 0, 0
44918, 986830, 0, 0, 0
44920, 1641397, 1, 0, 0
45000, 1834557, 1, 0, 0
45001, 1155634, 0, 0, 0
45100, 1585734, 1, 0, 0
45103, 736101, 0, 0, 0
45200, 1735056, 1, 0, 0
45200, 725524, 0, 0, 0
45300, 702898, 0, 0, 0
45304, 1535962, 1, 0, 0
45403, 1315450, 0, 0, 0
45413, 1976673, 1, 0, 0
45500, 1961801, 1, 0, 0
45501, 1261684, 0, 0, 0
45600, 2091932, 1, 0, 0
45601, 694752, 0, 0, 0
45700, 680606, 0, 0, 0
45702, 1645237, 1, 0, 0
45800, 705555, 0, 0, 0
45802, 1631652, 1, 0, 0
45900, 730648, 0, 0, 0
45901, 1614890, 1, 0, 0
46001, 1714032, 1, 0, 0
46004, 710210, 0, 0, 0
46100, 738862, 0, 0, 0
46104, 1660664, 1, 0, 0
46200, 1739859, 1, 0, 0
46203, 755422, 0, 0, 0
46300, 1675249, 1, 0, 0
46301, 696380, 0, 0, 0
46400, 705580, 0, 0, 0
46406, 1748448, 1, 0, 0
46500, 1673100, 1, 0, 0
46501, 704181, 0, 0, 0
46600, 681409, 0, 0, 0
46602, 1584080, 1, 0, 0
46700, 732266, 0, 0, 0
46705, 1746613, 1, 0, 0
46800, 704165, 0, 0, 0
46812, 1665255, 1, 0, 0
46901, 1675068, 1, 0, 0
46902, 694673, 0, 0, 0
47000, 1560243, 1, 0, 0
47000, 724398, 0, 0, 0
47101, 1620109, 1, 0, 0
47101, 711014, 0, 0, 0
47200, 1679164, 1, 0, 0
47201, 691847, 0, 0, 0
47300, 1629389, 1, 0, 0
47300, 690322, 0, 0, 0
47400, 761937, 0, 0, 0
47405, 1728654, 1, 0, 0
47501, 3635597, 1, 0, 0
47504, 926170, 0, 0, 0
47600, 1760524, 1, 0, 0
47604, 701293, 0, 0, 0
47700, 677036, 0, 0, 0
47702, 1639434, 1, 0, 0
47800, 701676, 0, 0, 0
47803, 1567796, 1, 0, 0
47900, 1616124, 1, 0, 0
47900, 724708, 0, 0, 0
48000, 708003, 0, 0, 0
48002, 1636229, 1, 0, 0
48101, 1580065, 1, 0, 0
48101, 684340, 0, 0, 0
48200, 2034283, 1, 0, 0
48201, 712514, 0, 0, 0
48300, 702976, 0, 0, 0
48302, 1528908, 1, 0, 0
48400, 746016, 0, 0, 0
48403, 1601057, 1, 0, 0
48502, 766622, 0, 0, 0
48505, 1680972, 1, 0, 0
48600, 750566, 0, 0, 0
48602, 1610703, 1, 0, 0
48700, 738419, 0, 0, 0
48704, 1751047, 1, 0, 0
48800, 1703085, 1, 0, 0
48801, 751833, 0, 0, 0
48900, 1592756, 1, 0, 0
48901, 712781, 0, 0, 0
49000, 704235, 0, 0, 0
49006, 1597377, 1, 0, 0
49100, 1622909, 1, 0, 0
49101, 691002, 0, 0, 0
49200, 738609, 0, 0, 0
49203, 1750171, 1, 0, 0
49300, 704715, 0, 0, 0
49302, 1731363, 1, 0, 0
49400, 1667927, 1, 0, 0
49401, 695286, 0, 0, 0
49500, 663725, 0, 0, 0
49504, 1670781, 1, 0, 0
49600, 1614021, 1, 0, 0
49601, 700604, 0, 0, 0
49701, 1702467, 1, 0, 0
49702, 718637, 0, 0, 0
49801, 1641416, 1, 0, 0
49804, 747659, 0, 0, 0
49900, 1553500, 1, 0, 0
49901, 732802, 0, 0, 0
50000, 713049, 0, 0, 0
50007, 1751859, 1, 0, 0
50101, 1565393, 1, 0, 0
50102, 681210, 0, 0, 0
50200, 645858, 0, 0, 0
50204, 3527510, 1, 0, 0
50301, 1546130, 1, 0, 0
50301, 700274, 0, 0, 0
50400, 1775967, 1, 0, 0
50401, 706551, 0, 0, 0
50500, 697896, 0, 0, 0
50501, 1990125, 1, 0, 0
50600, 1618207, 1, 0, 0
50601, 714913, 0, 0, 0
50700, 716212, 0, 0, 0
50702, 1632717, 1, 0, 0
50800, 667139, 0, 0, 0
50802, 1566449, 1, 0, 0
50900, 683616, 0, 0, 0
50904, 1658130, 1, 0, 0
51000, 643042, 0, 0, 0
51001, 1595295, 1, 0, 0
51100, 704288, 0, 0, 0
51103, 1627240, 1, 0, 0
51200, 1708157, 1, 0, 0
51201, 691967, 0, 0, 0
51301, 1563343, 1, 0, 0
51302, 692354, 0, 0, 0
51400, 679238, 0, 0, 0
51403, 1743448, 1, 0, 0
51501, 1638484, 1, 0, 0
51503, 683417, 0, 0, 0
51600, 1537789, 1, 0, 0
51600, 676406, 0, 0, 0
51701, 1683394, 1, 0, 0
51704, 677739, 0, 0, 0
51801, 1615194, 1, 0, 0
51801, 684772, 0, 0, 0
51900, 705857, 0, 0, 0
51902, 1671533, 1, 0, 0
52000, 706708, 0, 0, 0
52002, 1640214, 1, 0, 0
52100, 693066, 0, 0, 0
52102, 1594100, 1, 0, 0
52200, 684915, 0, 0, 0
52203, 1990000, 1, 0, 0
52300, 1639843, 1, 0, 0
52300, 670773, 0, 0, 0
52400, 662199, 0, 0, 0
52401, 1628332, 1, 0, 0
52500, 1519272, 1, 0, 0
52505, 674316, 0, 0, 0
52600, 680023, 0, 0, 0
52604, 1612249, 1, 0, 0
52700, 682685, 0, 0, 0
52709, 1666349, 1, 0, 0
52800, 676740, 0, 0, 0
52802, 1672141, 1, 0, 0
52900, 717117, 0, 0, 0
52902, 1655798, 1, 0, 0
53001, 1613763, 1, 0, 0
53002, 719455, 0, 0, 0
53100, 1588997, 1, 0, 0
53101, 653135, 0, 0, 0
53200, 1521944, 1, 0, 0
53201, 691299, 0, 0, 0
53300, 1699774, 1, 0, 0
53301, 685103, 0, 0, 0
53400, 702577, 0, 0, 0
53403, 1631359, 1, 0, 0
53501, 1606042, 1, 0, 0
53503, 697642, 0, 0, 0
53600, 651249, 0, 0, 0
53602, 1642951, 1, 0, 0
53701, 1610336, 1, 0, 0
53703, 689178, 0, 0, 0
53801, 1584691, 1, 0, 0
53805, 742560, 0, 0, 0
53900, 670810, 0, 0, 0
53907, 1549183, 1, 0, 0
54000, 729587, 0, 0, 0
54001, 1656131, 1, 0, 0
54100, 704590, 0, 0, 0
54103, 1564175, 1, 0, 0
54200, 657314, 0, 0, 0
54202, 1641552, 1, 0, 0
54301, 1703208, 1, 0, 0
54302, 716172, 0, 0, 0
54400, 1668269, 1, 0, 0
54402, 700610, 0, 0, 0
54500, 687064, 0, 0, 0
54505, 1605874, 1, 0, 0
54601, 1604957, 1, 0, 0
54601, 724676, 0, 0, 0
54701, 1658789, 1, 0, 0
54701, 682250, 0, 0, 0
54800, 1725211, 1, 0, 0
54800, 701709, 0, 0, 0
54900, 1613036, 1, 0, 0
54902, 720260, 0, 0, 0
55000, 1658807, 1, 0, 0
55001, 716696, 0, 0, 0
55100, 2617203, 1, 0, 0
55106, 1191094, 0, 0, 0
55200, 716458, 0, 0, 0
55202, 1645861, 1, 0, 0
55300, 1909603, 1, 0, 0
55301, 692148, 0, 0, 0
55401, 1567427, 1, 0, 0
55402, 685505, 0, 0, 0
55508, 3955598, 1, 0, 0
55509, 1780915, 0, 0, 0
55600, 1720019, 1, 0, 0
55600, 848775, 0, 0, 0
55701, 1800697, 1, 0, 0
55701, 665870, 0, 0, 0
55801, 1614772, 1, 0, 0
55805, 726738, 0, 0, 0
55900, 712331, 0, 0, 0
55902, 1728114, 1, 0, 0
56000, 724381, 0, 0, 0
56002, 1606556, 1, 0, 0
56100, 749498, 0, 0, 0
56102, 1647228, 1, 0, 0
56200, 1658221, 1, 0, 0
56204, 724127, 0, 0, 0
56300, 1612802, 1, 0, 0
56301, 697894, 0, 0, 0
56400, 709351, 0, 0, 0
56404, 1670403, 1, 0, 0
56500, 696321, 0, 0, 0
56503, 1536386, 1, 0, 0
56600, 825212, 0, 0, 0
56602, 2099202, 1, 0, 0
56700, 1606975, 1, 0, 0
56700, 730237, 0, 0, 0
56800, 707356, 0, 0, 0
56804, 1624105, 1, 0, 0
56900, 1606644, 1, 0, 0
56901, 690545, 0, 0, 0
57024, 2791085, 1, 0, 0
57025, 729484, 0, 0, 0
57100, 771521, 0, 0, 0
57105, 1772801, 1, 0, 0
57215, 1942615, 0, 0, 0
57227, 1702597, 1, 0, 0
57300, 1639548, 1, 0, 0
57301, 910949, 0, 0, 0
57400, 737836, 0, 0, 0
57403, 1592474, 1, 0, 0
57500, 1177279, 0, 0, 0
57501, 1638614, 1, 0, 0
57600, 1756159, 1, 0, 0
57601, 734998, 0, 0, 0
57701, 1678573, 1, 0, 0
57701, 710971, 0, 0, 0
57800, 1652650, 1, 0, 0
57801, 707729, 0, 0, 0
57900, 736908, 0, 0, 0
57904, 1778672, 1, 0, 0
58000, 1630493, 1, 0, 0
58003, 693305, 0, 0, 0
58100, 709478, 0, 0, 0
58104, 1695968, 1, 0, 0
58200, 723562, 0, 0, 0
58202, 1661172, 1, 0, 0
58300, 1585742, 1, 0, 0
58301, 747124, 0, 0, 0
58400, 1691755, 1, 0, 0
58401, 735632, 0, 0, 0
58500, 726752, 0, 0, 0
58503, 1774747, 1, 0, 0
58600, 678172, 0, 0, 0
58603, 1582469, 1, 0, 0
58700, 709558, 0, 0, 0
58702, 1672367, 1, 0, 0
58800, 1759284, 1, 0, 0
58803, 717498, 0, 0, 0
58900, 735578, 0, 0, 0
58902, 1881593, 1, 0, 0
59001, 737584, 0, 0, 0
59005, 1660207, 1, 0, 0
59100, 676423, 0, 0, 0
59101, 1683996, 1, 0, 0
59200, 684126, 0, 0, 0
59202, 1571597, 1, 0, 0
59300, 1764616, 1, 0, 0
59301, 743206, 0, 0, 0
59401, 1696219, 1, 0, 0
59401, 699580, 0, 0, 0
59501, 1632291, 1, 0, 0
59505, 698140, 0, 0, 0
59600, 734657, 0, 0, 0
59602, 1655437, 1, 0, 0
59700, 1689994, 1, 0, 0
59700, 688124, 0, 0, 0
59801, 1814708, 1, 0, 0
59802, 714940, 0, 0, 0
59901, 1663952, 1, 0, 0
59901, 710504, 0, 0, 0
60000, 710115, 0, 0, 0
60006, 1674348, 1, 0, 0
60100, 1688047, 1, 0, 0
60101, 757961, 0, 0, 0
60200, 695017, 0, 0, 0
60203, 1709433, 1, 0, 0
60300, 681167, 0, 0, 0
60304, 1636781, 1, 0, 0
60400, 730855, 0, 0, 0
60409, 1984181, 1, 0, 0
60521, 5261615, 1, 0, 0
60521, 754443, 0, 0, 0
60600, 1746713, 1, 0, 0
60601, 763186, 0, 0, 0
60700, 710088, 0, 0, 0
60707, 1586014, 1, 0, 0
60800, 1701157, 1, 0, 0
60803, 718619, 0, 0, 0
60900, 706910, 0, 0, 0
60904, 1812443, 1, 0, 0
61000, 773636, 0, 0, 0
61003, 1782716, 1, 0, 0
61101, 1701897, 1, 0, 0
61102, 715789, 0, 0, 0
61201, 1754465, 1, 0, 0
61203, 724795, 0, 0, 0
61300, 676555, 0, 0, 0
61301, 1646105, 1, 0, 0
61400, 1650291, 1, 0, 0
61404, 719693, 0, 0, 0
61500, 683712, 0, 0, 0
61502, 1573378, 1, 0, 0
61600, 685096, 0, 0, 0
61604, 1736709, 1, 0, 0
61700, 704136, 0, 0, 0
61702, 1670150, 1, 0, 0
61800, 729240, 0, 0, 0
61804, 1730942, 1, 0, 0
61900, 750943, 0, 0, 0
61904, 1672680, 1, 0, 0
62001, 1706203, 1, 0, 0
62001, 698845, 0, 0, 0
62100, 1378586, 0, 0, 0
62103, 2533609, 1, 0, 0
62200, 1695709, 1, 0, 0
62205, 717002, 0, 0, 0
62301, 1684517, 1, 0, 0
62302, 704273, 0, 0, 0
62400, 676354, 0, 0, 0
62402, 1673813, 1, 0, 0
62500, 1848196, 1, 0, 0
62501, 1549460, 0, 0, 0
62600, 1753242, 1, 0, 0
62602, 793402, 0, 0, 0
62700, 673483, 0, 0, 0
62704, 2030280, 1, 0, 0
62800, 741233, 0, 0, 0
62806, 1961264, 1, 0, 0
62901, 1610079, 1, 0, 0
62901, 661820, 0, 0, 0
63000, 1626151, 1, 0, 0
63000, 695585, 0, 0, 0
63100, 1642940, 1, 0, 0
63101, 708560, 0, 0, 0
63200, 1727109, 1, 0, 0
63201, 688729, 0, 0, 0
63300, 1639295, 1, 0, 0
63302, 710474, 0, 0, 0
63400, 715858, 0, 0, 0
63402, 1655201, 1, 0, 0
63500, 1607404, 1, 0, 0
63502, 703623, 0, 0, 0
63600, 687029, 0, 0, 0
63601, 1569527, 1, 0, 0
63700, 835516, 0, 0, 0
63705, 1657602, 1, 0, 0
63800, 702462, 0, 0, 0
63802, 1605668, 1, 0, 0
63900, 1701188, 1, 0, 0
63900, 705034, 0, 0, 0
64001, 1600982, 1, 0, 0
64003, 685168, 0, 0, 0
64100, 765222, 0, 0, 0
64106, 1593012, 1, 0, 0
64200, 695311, 0, 0, 0
64204, 1682287, 1, 0, 0
64301, 1688614, 1, 0, 0
64301, 755122, 0, 0, 0
64400, 746777, 0, 0, 0
64405, 1696716, 1, 0, 0
64500, 731148, 0, 0, 0
64505, 1617315, 1, 0, 0
64601, 1676256, 1, 0, 0
64602, 715989, 0, 0, 0
64701, 1732554, 1, 0, 0
64703, 725731, 0, 0, 0
64800, 749690, 0, 0, 0
64802, 1651719, 1, 0, 0
64901, 1669203, 1, 0, 0
64902, 718652, 0, 0, 0
65000, 674009, 0, 0, 0
65002, 1770503, 1, 0, 0
65100, 684341, 0, 0, 0
65101, 1587299, 1, 0, 0
65200, 702205, 0, 0, 0
65202, 1652379, 1, 0, 0
65300, 1746773, 1, 0, 0
65303, 746256, 0, 0, 0
65401, 2227017, 1, 0, 0
65401, 688167, 0, 0, 0
65506, 952965, 0, 0, 0
65549, 5737169, 1, 0, 0
65640, 4895579, 1, 0, 0
65646, 1737236, 0, 0, 0
65700, 715210, 0, 0, 0
65704, 1731170, 1, 0, 0
65800, 1646848, 1, 0, 0
65801, 787429, 0, 0, 0
65900, 707958, 0, 0, 0
65902, 1747769, 1, 0, 0
66000, 1559652, 1, 0, 0
66001, 696380, 0, 0, 0
66100, 718201, 0, 0, 0
66101, 1607832, 1, 0, 0
66201, 1621118, 1, 0, 0
66202, 732520, 0, 0, 0
66300, 741853, 0, 0, 0
66307, 1753362, 1, 0, 0
66400, 705816, 0, 0, 0
66402, 1707656, 1, 0, 0
66500, 678373, 0, 0, 0
66502, 1697603, 1, 0, 0
66600, 701533, 0, 0, 0
66602, 1638658, 1, 0, 0
66700, 675337, 0, 0, 0
66702, 1690856, 1, 0, 0
66800, 1631465, 1, 0, 0
66800, 721769, 0, 0, 0
66900, 680021, 0, 0, 0
66902, 1598039, 1, 0, 0
67001, 1624216, 1, 0, 0
67001, 710135, 0, 0, 0
67101, 2638646, 1, 0, 0
67101, 707918, 0, 0, 0
67209, 2353168, 1, 0, 0
67211, 741639, 0, 0, 0
67300, 1207927, 0, 0, 0
67301, 1680264, 1, 0, 0
67400, 699440, 0, 0, 0
67406, 1627447, 1, 0, 0
67510, 1018693, 0, 0, 0
67525, 1649840, 1, 0, 0
67600, 1254280, 0, 0, 0
67605, 2292869, 1, 0, 0
67701, 1573928, 1, 0, 0
67702, 724883, 0, 0, 0
67800, 687312, 0, 0, 0
67804, 1702068, 1, 0, 0
67900, 715165, 0, 0, 0
67904, 1668658, 1, 0, 0
68000, 1696356, 1, 0, 0
68001, 735785, 0, 0, 0
68100, 671119, 0, 0, 0
68101, 1708204, 1, 0, 0
68200, 1595874, 1, 0, 0
68200, 689477, 0, 0, 0
68301, 1642639, 1, 0, 0
68301, 690380, 0, 0, 0
68400, 662313, 0, 0, 0
68406, 1643195, 1, 0, 0
68500, 1634845, 1, 0, 0
68501, 721424, 0, 0, 0
68600, 1668825, 1, 0, 0
68601, 727870, 0, 0, 0
68701, 1610481, 1, 0, 0
68703, 729349, 0, 0, 0
68800, 712514, 0, 0, 0
68802, 1670408, 1, 0, 0
68900, 723756, 0, 0, 0
68902, 1593435, 1, 0, 0
69000, 674774, 0, 0, 0
69002, 1671662, 1, 0, 0
69101, 1645822, 1, 0, 0
69101, 700203, 0, 0, 0
69200, 720279, 0, 0, 0
69202, 1717268, 1, 0, 0
69300, 1634701, 1, 0, 0
69301, 741512, 0, 0, 0
69401, 1531091, 1, 0, 0
69403, 739795, 0, 0, 0
69500, 1577123, 1, 0, 0
69501, 696552, 0, 0, 0
69601, 1717157, 1, 0, 0
69601, 710561, 0, 0, 0
69701, 2021077, 1, 0, 0
69704, 696014, 0, 0, 0
69800, 1595019, 1, 0, 0
69801, 747622, 0, 0, 0
69901, 1588108, 1, 0, 0
69903, 700469, 0, 0, 0
70000, 721080, 0, 0, 0
70003, 1554154, 1, 0, 0
70100, 1605042, 1, 0, 0
70100, 735781, 0, 0, 0
70201, 1967147, 1, 0, 0
70203, 691944, 0, 0, 0
70303, 1505231, 0, 0, 0
70306, 4561259, 1, 0, 0
70400, 719146, 0, 0, 0
70402, 1581439, 1, 0, 0
70501, 2014624, 1, 0, 0
70501, 695788, 0, 0, 0
70601, 2877029, 1, 0, 0
70601, 1893268, 0, 0, 0
70700, 872688, 0, 0, 0
70706, 1623177, 1, 0, 0
70800, 1682604, 1, 0, 0
70803, 723594, 0, 0, 0
70901, 1941655, 1, 0, 0
70902, 759595, 0, 0, 0
71000, 1753337, 1, 0, 0
71001, 691977, 0, 0, 0
71101, 1810991, 1, 0, 0
71105, 702660, 0, 0, 0
71201, 2342268, 1, 0, 0
71204, 755540, 0, 0, 0
71300, 666352, 0, 0, 0
71306, 1657241, 1, 0, 0
71400, 1650775, 1, 0, 0
71401, 713278, 0, 0, 0
71500, 680255, 0, 0, 0
71501, 1722299, 1, 0, 0
71600, 1581728, 1, 0, 0
71600, 700976, 0, 0, 0
71700, 1559636, 1, 0, 0
71700, 705796, 0, 0, 0
71800, 695312, 0, 0, 0
71805, 1639515, 1, 0, 0
71900, 680576, 0, 0, 0
71901, 1572472, 1, 0, 0
72000, 726493, 0, 0, 0
72002, 1623452, 1, 0, 0
72100, 982699, 0, 0, 0
72103, 2141803, 1, 0, 0
72200, 838302, 0, 0, 0
72202, 2131530, 1, 0, 0
72300, 1334189, 0, 0, 0
72305, 3995534, 1, 0, 0
72401, 1609070, 1, 0, 0
72401, 1214842, 0, 0, 0
72500, 1744860, 1, 0, 0
72500, 793475, 0, 0, 0
72628, 5949731, 1, 0, 0
72632, 1897905, 0, 0, 0
72700, 1448152, 1, 0, 0
72703, 754203, 0, 0, 0
72801, 1712461, 1, 0, 0
72802, 766596, 0, 0, 0
72901, 1599382, 1, 0, 0
72901, 728846, 0, 0, 0
73000, 717043, 0, 0, 0
73007, 1832457, 1, 0, 0
73101, 1674798, 1, 0, 0
73105, 696457, 0, 0, 0
73200, 1677471, 1, 0, 0
73201, 695199, 0, 0, 0
73301, 1821520, 1, 0, 0
73301, 685508, 0, 0, 0
73400, 688343, 0, 0, 0
73403, 1600186, 1, 0, 0
73500, 725429, 0, 0, 0
73501, 1616601, 1, 0, 0
73600, 740454, 0, 0, 0
73602, 1559099, 1, 0, 0
73700, 705850, 0, 0, 0
73704, 1718576, 1, 0, 0
73800, 703864, 0, 0, 0
73804, 1577940, 1, 0, 0
73901, 732872, 0, 0, 0
73905, 1572430, 1, 0, 0
74000, 682616, 0, 0, 0
74001, 1782221, 1, 0, 0
74100, 737414, 0, 0, 0
74102, 1673157, 1, 0, 0
74200, 1691819, 1, 0, 0
74206, 693065, 0, 0, 0
74300, 1678832, 1, 0, 0
74300, 744418, 0, 0, 0
74400, 1730681, 1, 0, 0
74401, 708086, 0, 0, 0
74500, 741208, 0, 0, 0
74502, 1596779, 1, 0, 0
74600, 762135, 0, 0, 0
74607, 1628938, 1, 0, 0
74700, 717332, 0, 0, 0
74702, 1672554, 1, 0, 0
74801, 1689930, 1, 0, 0
74804, 712261, 0, 0, 0
74900, 707310, 0, 0, 0
74902, 1619778, 1, 0, 0
75000, 1672448, 1, 0, 0
75000, 702704, 0, 0, 0
75100, 730787, 0, 0, 0
75103, 1609564, 1, 0, 0
75201, 1694507, 1, 0, 0
75202, 701006, 0, 0, 0
75309, 2580710, 1, 0, 0
75310, 696114, 0, 0, 0
75400, 2288025, 0, 0, 0
75402, 4433644, 1, 0, 0
75507, 2256361, 1, 0, 0
75507, 715936, 0, 0, 0
75620, 3851935, 1, 0, 0
75621, 2573650, 0, 0, 0
75700, 665405, 0, 0, 0
75703, 5902675, 1, 0, 0
75800, 753873, 0, 0, 0
75807, 1723723, 1, 0, 0
75900, 1707275, 1, 0, 0
75901, 792943, 0, 0, 0
76000, 738656, 0, 0, 0
76002, 1788624, 1, 0, 0
76100, 711956, 0, 0, 0
76106, 1618621, 1, 0, 0
76200, 722863, 0, 0, 0
76202, 1645330, 1, 0, 0
76300, 724839, 0, 0, 0
76302, 1600878, 1, 0, 0
76400, 724727, 0, 0, 0
76402, 1707703, 1, 0, 0
76500, 1704409, 1, 0, 0
76503, 722356, 0, 0, 0
76600, 712806, 0, 0, 0
76604, 1694230, 1, 0, 0
76700, 1635448, 1, 0, 0
76701, 752481, 0, 0, 0
76800, 1695494, 1, 0, 0
76801, 657361, 0, 0, 0
76900, 678389, 0, 0, 0
76902, 1624044, 1, 0, 0
77000, 1636948, 1, 0, 0
77000, 705369, 0, 0, 0
77100, 1776801, 1, 0, 0
77101, 721010, 0, 0, 0
77203, 13306921, 1, 0, 0
77203, 796889, 0, 0, 0
77321, 4952323, 0, 0, 0
77324, 5096800, 1, 0, 0
77400, 2339925, 0, 0, 0
77403, 2093816, 1, 0, 0
77500, 779357, 0, 0, 0
77504, 1657777, 1, 0, 0
77605, 2377169, 0, 0, 0
77611, 3683985, 1, 0, 0
77700, 6948673, 0, 0, 0
77702, 1628311, 1, 0, 0
77804, 1868499, 1, 0, 0
77805, 804782, 0, 0, 0
77900, 727033, 0, 0, 0
77903, 1630368, 1, 0, 0
78000, 698397, 0, 0, 0
78005, 1637589, 1, 0, 0
78100, 733760, 0, 0, 0
78101, 1724265, 1, 0, 0
78200, 748719, 0, 0, 0
78207, 1603241, 1, 0, 0
78300, 1618735, 1, 0, 0
78302, 713777, 0, 0, 0
78400, 722481, 0, 0, 0
78402, 1645847, 1, 0, 0
78500, 727171, 0, 0, 0
78503, 1694607, 1, 0, 0
78600, 1721256, 1, 0, 0
78601, 712696, 0, 0, 0
78700, 743673, 0, 0, 0
78703, 1680680, 1, 0, 0
78800, 709327, 0, 0, 0
78803, 1708756, 1, 0, 0
78900, 705806, 0, 0, 0
78904, 1690788, 1, 0, 0
79000, 1569573, 1, 0, 0
79001, 677135, 0, 0, 0
79100, 759036, 0, 0, 0
79101, 1652209, 1, 0, 0
79200, 713185, 0, 0, 0
79201, 1623581, 1, 0, 0
79300, 683240, 0, 0, 0
79302, 1663645, 1, 0, 0
79401, 1795788, 1, 0, 0
79401, 717542, 0, 0, 0
79501, 1683337, 1, 0, 0
79501, 728811, 0, 0, 0
79601, 1692411, 1, 0, 0
79602, 695052, 0, 0, 0
79700, 713896, 0, 0, 0
79703, 1605496, 1, 0, 0
79800, 724468, 0, 0, 0
79802, 1712483, 1, 0, 0
79900, 778934, 0, 0, 0
79905, 2648158, 1, 0, 0
80000, 1681770, 1, 0, 0
80002, 708742, 0, 0, 0
80100, 698195, 0, 0, 0
80103, 1663475, 1, 0, 0
80200, 1544293, 1, 0, 0
80208, 712733, 0, 0, 0
80300, 754379, 0, 0, 0
80309, 1721751, 1, 0, 0
80402, 1416816, 0, 0, 0
80403, 1645903, 1, 0, 0
80500, 919729, 0, 0, 0
80504, 1594206, 1, 0, 0
80607, 3875238, 1, 0, 0
80608, 958614, 0, 0, 0
80700, 750152, 0, 0, 0
80710, 3238958, 1, 0, 0
80800, 1587618, 1, 0, 0
80801, 692515, 0, 0, 0
80900, 716352, 0, 0, 0
80904, 1691333, 1, 0, 0
81000, 720714, 0, 0, 0
81002, 1587855, 1, 0, 0
81100, 1628457, 1, 0, 0
81101, 727760, 0, 0, 0
81200, 745891, 0, 0, 0
81202, 1677397, 1, 0, 0
81300, 699241, 0, 0, 0
81308, 1588465, 1, 0, 0
81400, 1694119, 1, 0, 0
81401, 707547, 0, 0, 0
81501, 1677777, 1, 0, 0
81506, 739572, 0, 0, 0
81600, 706212, 0, 0, 0
81603, 1661116, 1, 0, 0
81701, 1834530, 1, 0, 0
81702, 678517, 0, 0, 0
81801, 1609809, 1, 0, 0
81801, 724981, 0, 0, 0
81900, 730942, 0, 0, 0
81902, 1680981, 1, 0, 0
82000, 703808, 0, 0, 0
82002, 1643688, 1, 0, 0
82100, 694505, 0, 0, 0
82102, 1673326, 1, 0, 0
82235, 1298019, 0, 0, 0
82266, 3628639, 1, 0, 0
82300, 852160, 0, 0, 0
82302, 1905621, 1, 0, 0
82408, 1464603, 0, 0, 0
82455, 11030429, 1, 0, 0
82502, 7645315, 1, 0, 0
82505, 4189573, 0, 0, 0
82614, 2908749, 1, 0, 0
82616, 778607, 0, 0, 0
82700, 10391235, 1, 0, 0
82703, 671709, 0, 0, 0
82800, 820237, 0, 0, 0
82802, 1834100, 1, 0, 0
82900, 738704, 0, 0, 0
82903, 1697186, 1, 0, 0
83001, 1671722, 1, 0, 0
83002, 750754, 0, 0, 0
83100, 727083, 0, 0, 0
83105, 1571637, 1, 0, 0
83200, 696585, 0, 0, 0
83204, 1638770, 1, 0, 0
83300, 747373, 0, 0, 0
83304, 1602387, 1, 0, 0
83400, 738986, 0, 0, 0
83407, 1668037, 1, 0, 0
83500, 755609, 0, 0, 0
83504, 1749461, 1, 0, 0
83600, 686837, 0, 0, 0
83607, 1594778, 1, 0, 0
83700, 701109, 0, 0, 0
83702, 1539623, 1, 0, 0
83801, 1597315, 1, 0, 0
83802, 709450, 0, 0, 0
83901, 1652018, 1, 0, 0
83902, 735447, 0, 0, 0
84000, 1883048, 1, 0, 0
84001, 726074, 0, 0, 0
84100, 747584, 0, 0, 0
84102, 1697243, 1, 0, 0
84200, 696025, 0, 0, 0
84202, 1603612, 1, 0, 0
84300, 1702431, 1, 0, 0
84302, 707456, 0, 0, 0
84400, 742225, 0, 0, 0
84401, 1561209, 1, 0, 0
84501, 1665188, 1, 0, 0
84501, 684558, 0, 0, 0
84600, 695845, 0, 0, 0
84602, 1578069, 1, 0, 0
84700, 720257, 0, 0, 0
84704, 1619090, 1, 0, 0
84801, 1603011, 1, 0, 0
84801, 695438, 0, 0, 0
84900, 705630, 0, 0, 0
84903, 1675139, 1, 0, 0
85000, 754306, 0, 0, 0
85005, 1717365, 1, 0, 0
85100, 728862, 0, 0, 0
85102, 1629031, 1, 0, 0
85200, 699131, 0, 0, 0
85204, 1645584, 1, 0, 0
85300, 747661, 0, 0, 0
85306, 1604515, 1, 0, 0
85400, 722112, 0, 0, 0
85402, 1705528, 1, 0, 0
85500, 1852146, 1, 0, 0
85504, 671593, 0, 0, 0
85653, 1532675, 0, 0, 0
85655, 1593487, 1, 0, 0
85708, 2662328, 1, 0, 0
85709, 3309880, 0, 0, 0
85801, 2308785, 1, 0, 0
85802, 764555, 0, 0, 0
85900, 1636689, 1, 0, 0
85901, 679684, 0, 0, 0
86000, 1626483, 1, 0, 0
86001, 773988, 0, 0, 0
86100, 732867, 0, 0, 0
86104, 1601352, 1, 0, 0
86200, 706925, 0, 0, 0
86202, 1590057, 1, 0, 0
86300, 673615, 0, 0, 0
86302, 1644838, 1, 0, 0
86401, 1673570, 1, 0, 0
86402, 753010, 0, 0, 0
86501, 1659358, 1, 0, 0
86502, 733266, 0, 0, 0
86600, 1664142, 1, 0, 0
86601, 771830, 0, 0, 0
86700, 1708084, 1, 0, 0
86701, 688489, 0, 0, 0
86801, 1613316, 1, 0, 0
86803, 777586, 0, 0, 0
86900, 1661293, 1, 0, 0
86902, 724521, 0, 0, 0
87001, 1664445, 1, 0, 0
87002, 763955, 0, 0, 0
87100, 771852, 0, 0, 0
87103, 1618800, 1, 0, 0
87200, 1658774, 1, 0, 0
87201, 709932, 0, 0, 0
87301, 1735542, 1, 0, 0
87302, 711240, 0, 0, 0
87401, 1719707, 1, 0, 0
87401, 718868, 0, 0, 0
87500, 1636550, 1, 0, 0
87502, 666250, 0, 0, 0
87600, 1631620, 1, 0, 0
87600, 730524, 0, 0, 0
87707, 2594280, 1, 0, 0
87709, 1869811, 0, 0, 0
87801, 1798970, 1, 0, 0
87801, 693105, 0, 0, 0
87901, 723588, 0, 0, 0
87902, 1628451, 1, 0, 0
88002, 1703145, 1, 0, 0
88003, 746689, 0, 0, 0
88101, 1725915, 1, 0, 0
88101, 710459, 0, 0, 0
88200, 751598, 0, 0, 0
88203, 1608497, 1, 0, 0
88300, 1641147, 1, 0, 0
88301, 695960, 0, 0, 0
88400, 1624826, 1, 0, 0
88401, 738642, 0, 0, 0
88500, 1801509, 1, 0, 0
88502, 712505, 0, 0, 0
88601, 1706506, 1, 0, 0
88602, 698425, 0, 0, 0
88700, 1721284, 1, 0, 0
88702, 703905, 0, 0, 0
88800, 747294, 0, 0, 0
88802, 1582561, 1, 0, 0
88900, 747597, 0, 0, 0
88904, 1666939, 1, 0, 0
89001, 1690088, 1, 0, 0
89002, 698043, 0, 0, 0
89100, 1682417, 1, 0, 0
89101, 744072, 0, 0, 0
89200, 708090, 0, 0, 0
89205, 1596495, 1, 0, 0
89301, 1562510, 1, 0, 0
89304, 681104, 0, 0, 0
89400, 740834, 0, 0, 0
89403, 1590951, 1, 0, 0
89500, 726269, 0, 0, 0
89502, 1744049, 1, 0, 0
89601, 1525323, 1, 0, 0
89605, 675162, 0, 0, 0
89700, 735298, 0, 0, 0
89702, 1609303, 1, 0, 0
89800, 1683051, 1, 0, 0
89800, 746898, 0, 0, 0
89900, 867658, 0, 0, 0
89903, 1617391, 1, 0, 0
90000, 1630453, 1, 0, 0
90000, 676548, 0, 0, 0
