100, 302296, 0, 0, 0
200, 310198, 0, 0, 0
300, 301307, 0, 0, 0
409, 971747, 0, 0, 0
500, 581672, 0, 0, 0
600, 302184, 0, 0, 0
724, 415043, 0, 0, 0
800, 314071, 0, 0, 0
900, 305392, 0, 0, 0
1000, 295848, 0, 0, 0
1100, 512517, 0, 0, 0
1200, 306354, 0, 0, 0
1300, 744469, 0, 0, 0
1400, 295827, 0, 0, 0
1500, 293976, 0, 0, 0
1600, 312229, 0, 0, 0
1700, 308904, 0, 0, 0
1800, 302276, 0, 0, 0
1900, 312539, 0, 0, 0
2000, 301216, 0, 0, 0
2100, 301455, 0, 0, 0
2200, 307267, 0, 0, 0
2300, 312083, 0, 0, 0
2400, 301740, 0, 0, 0
2500, 308394, 0, 0, 0
2600, 301546, 0, 0, 0
2705, 360810, 0, 0, 0
2800, 445846, 0, 0, 0
2900, 299696, 0, 0, 0
3000, 303322, 0, 0, 0
3100, 305947, 0, 0, 0
3200, 339998, 0, 0, 0
3300, 293746, 0, 0, 0
3400, 486936, 0, 0, 0
3500, 303542, 0, 0, 0
3600, 296063, 0, 0, 0
3700, 297234, 0, 0, 0
3800, 298772, 0, 0, 0
3900, 297039, 0, 0, 0
4000, 286362, 0, 0, 0
4100, 291213, 0, 0, 0
4200, 314670, 0, 0, 0
4300, 310310, 0, 0, 0
4400, 317582, 0, 0, 0
4500, 302262, 0, 0, 0
4600, 306097, 0, 0, 0
4700, 293684, 0, 0, 0
4800, 306516, 0, 0, 0
4900, 308983, 0, 0, 0
5022, 417648, 0, 0, 0
5100, 308742, 0, 0, 0
5200, 308021, 0, 0, 0
5300, 308481, 0, 0, 0
5403, 445512, 0, 0, 0
5500, 425611, 0, 0, 0
5600, 310720, 0, 0, 0
5700, 306913, 0, 0, 0
5800, 309995, 0, 0, 0
5900, 309878, 0, 0, 0
6021, 699067, 0, 0, 0
6100, 298099, 0, 0, 0
6200, 302436, 0, 0, 0
6302, 365381, 0, 0, 0
6400, 309997, 0, 0, 0
6500, 329194, 0, 0, 0
6600, 308952, 0, 0, 0
6700, 301976, 0, 0, 0
6823, 439493, 0, 0, 0
6900, 305737, 0, 0, 0
7000, 307247, 0, 0, 0
7104, 345027, 0, 0, 0
7200, 315712, 0, 0, 0
7300, 304428, 0, 0, 0
7400, 301777, 0, 0, 0
7500, 302758, 0, 0, 0
7600, 301852, 0, 0, 0
7700, 290611, 0, 0, 0
7800, 295045, 0, 0, 0
7900, 310738, 0, 0, 0
8000, 304011, 0, 0, 0
8100, 455855, 0, 0, 0
8200, 304540, 0, 0, 0
8300, 307739, 0, 0, 0
8400, 311549, 0, 0, 0
8500, 313293, 0, 0, 0
8600, 302206, 0, 0, 0
8700, 306681, 0, 0, 0
8804, 508590, 0, 0, 0
8900, 304681, 0, 0, 0
9000, 308330, 0, 0, 0
9100, 326358, 0, 0, 0
9200, 299051, 0, 0, 0
9300, 432822, 0, 0, 0
9400, 296167, 0, 0, 0
9500, 291190, 0, 0, 0
9600, 296340, 0, 0, 0
9700, 301936, 0, 0, 0
9800, 302094, 0, 0, 0
9900, 284768, 0, 0, 0
10000, 293188, 0, 0, 0
10100, 302469, 0, 0, 0
10200, 296429, 0, 0, 0
10300, 294433, 0, 0, 0
10443, 439940, 0, 0, 0
10500, 683123, 0, 0, 0
10611, 764448, 0, 0, 0
10700, 306665, 0, 0, 0
10800, 295726, 0, 0, 0
10900, 845381, 0, 0, 0
11103, 974309, 0, 0, 0
11200, 300310, 0, 0, 0
11389, 882757, 0, 0, 0
11400, 324132, 0, 0, 0
11500, 314090, 0, 0, 0
11671, 4380054, 0, 0, 0
11700, 318670, 0, 0, 0
11800, 306766, 0, 0, 0
11926, 535918, 0, 0, 0
12000, 308685, 0, 0, 0
12100, 307781, 0, 0, 0
12200, 302467, 0, 0, 0
12300, 307516, 0, 0, 0
12400, 305734, 0, 0, 0
12500, 305680, 0, 0, 0
12600, 301537, 0, 0, 0
12700, 300500, 0, 0, 0
12800, 505560, 0, 0, 0
12900, 506728, 0, 0, 0
13000, 297574, 0, 0, 0
13100, 301378, 0, 0, 0
13200, 301048, 0, 0, 0
13300, 295386, 0, 0, 0
13400, 296522, 0, 0, 0
13500, 299851, 0, 0, 0
13600, 299254, 0, 0, 0
13788, 861500, 0, 0, 0
13800, 294600, 0, 0, 0
13900, 297540, 0, 0, 0
14000, 300543, 0, 0, 0
14100, 299122, 0, 0, 0
14200, 302968, 0, 0, 0
14300, 286915, 0, 0, 0
14400, 299251, 0, 0, 0
14500, 299670, 0, 0, 0
14600, 306006, 0, 0, 0
14700, 295806, 0, 0, 0
14800, 288085, 0, 0, 0
14900, 357996, 0, 0, 0
15000, 300003, 0, 0, 0
15100, 299703, 0, 0, 0
15200, 301223, 0, 0, 0
15300, 292768, 0, 0, 0
15400, 288170, 0, 0, 0
15522, 696788, 0, 0, 0
15600, 300563, 0, 0, 0
15700, 302417, 0, 0, 0
15800, 298303, 0, 0, 0
15900, 305047, 0, 0, 0
16000, 300935, 0, 0, 0
16100, 305533, 0, 0, 0
16200, 303785, 0, 0, 0
16300, 305104, 0, 0, 0
16400, 303228, 0, 0, 0
16500, 301061, 0, 0, 0
16600, 296822, 0, 0, 0
16736, 416495, 0, 0, 0
16800, 292676, 0, 0, 0
16900, 301345, 0, 0, 0
17000, 298192, 0, 0, 0
17100, 292885, 0, 0, 0
17200, 296617, 0, 0, 0
17300, 297958, 0, 0, 0
17400, 306908, 0, 0, 0
17500, 287846, 0, 0, 0
17600, 304976, 0, 0, 0
17700, 302379, 0, 0, 0
17800, 298696, 0, 0, 0
17900, 374776, 0, 0, 0
18000, 278587, 0, 0, 0
18100, 299141, 0, 0, 0
18200, 300825, 0, 0, 0
18300, 321897, 0, 0, 0
18400, 308038, 0, 0, 0
18500, 439344, 0, 0, 0
18600, 285276, 0, 0, 0
18700, 286556, 0, 0, 0
18800, 297027, 0, 0, 0
18900, 361031, 0, 0, 0
19000, 291258, 0, 0, 0
19100, 304142, 0, 0, 0
19200, 304348, 0, 0, 0
19300, 308773, 0, 0, 0
19400, 305432, 0, 0, 0
19500, 303195, 0, 0, 0
19600, 301032, 0, 0, 0
19700, 309141, 0, 0, 0
19800, 307929, 0, 0, 0
19922, 453898, 0, 0, 0
20000, 303060, 0, 0, 0
20100, 303863, 0, 0, 0
20200, 303561, 0, 0, 0
20306, 462717, 0, 0, 0
20514, 753919, 0, 0, 0
20600, 348619, 0, 0, 0
20700, 434744, 0, 0, 0
20800, 303372, 0, 0, 0
20900, 295782, 0, 0, 0
21000, 291195, 0, 0, 0
21100, 306232, 0, 0, 0
21200, 294550, 0, 0, 0
21300, 306572, 0, 0, 0
21400, 288361, 0, 0, 0
21500, 304665, 0, 0, 0
21600, 299491, 0, 0, 0
21700, 292231, 0, 0, 0
21800, 287858, 0, 0, 0
21900, 289728, 0, 0, 0
22000, 283784, 0, 0, 0
22100, 304444, 0, 0, 0
22200, 292441, 0, 0, 0
22300, 304842, 0, 0, 0
22400, 298785, 0, 0, 0
22500, 288136, 0, 0, 0
22600, 308033, 0, 0, 0
22773, 845360, 0, 0, 0
22800, 302523, 0, 0, 0
22987, 767498, 0, 0, 0
23000, 333230, 0, 0, 0
23100, 295704, 0, 0, 0
23200, 293966, 0, 0, 0
23300, 293931, 0, 0, 0
23400, 306402, 0, 0, 0
23500, 304497, 0, 0, 0
23600, 308092, 0, 0, 0
23700, 299825, 0, 0, 0
23800, 307968, 0, 0, 0
23900, 300209, 0, 0, 0
24000, 288989, 0, 0, 0
24100, 305323, 0, 0, 0
24200, 301800, 0, 0, 0
24300, 301474, 0, 0, 0
24400, 301363, 0, 0, 0
24500, 304083, 0, 0, 0
24600, 306355, 0, 0, 0
24700, 308259, 0, 0, 0
24800, 335988, 0, 0, 0
24900, 301961, 0, 0, 0
25000, 556737, 0, 0, 0
25100, 290728, 0, 0, 0
25200, 292288, 0, 0, 0
25300, 289466, 0, 0, 0
25400, 298868, 0, 0, 0
25500, 294087, 0, 0, 0
25600, 299895, 0, 0, 0
25700, 302045, 0, 0, 0
25800, 304529, 0, 0, 0
25900, 301064, 0, 0, 0
26000, 294328, 0, 0, 0
26100, 297320, 0, 0, 0
26200, 299166, 0, 0, 0
26300, 303081, 0, 0, 0
26400, 301677, 0, 0, 0
26500, 293633, 0, 0, 0
26600, 295003, 0, 0, 0
26700, 287040, 0, 0, 0
26800, 281746, 0, 0, 0
26900, 299097, 0, 0, 0
27000, 305584, 0, 0, 0
27100, 290307, 0, 0, 0
27200, 285235, 0, 0, 0
27300, 294582, 0, 0, 0
27400, 291367, 0, 0, 0
27500, 298787, 0, 0, 0
27600, 302122, 0, 0, 0
27700, 298150, 0, 0, 0
27800, 284837, 0, 0, 0
27900, 295881, 0, 0, 0
28000, 288223, 0, 0, 0
28100, 289272, 0, 0, 0
28200, 287239, 0, 0, 0
28300, 287345, 0, 0, 0
28400, 295042, 0, 0, 0
28500, 296945, 0, 0, 0
28600, 286903, 0, 0, 0
28700, 295042, 0, 0, 0
28800, 296780, 0, 0, 0
28900, 302221, 0, 0, 0
29000, 305058, 0, 0, 0
29100, 301400, 0, 0, 0
29200, 299867, 0, 0, 0
29300, 305577, 0, 0, 0
29400, 289609, 0, 0, 0
29500, 295796, 0, 0, 0
29600, 284697, 0, 0, 0
29700, 295512, 0, 0, 0
29800, 299553, 0, 0, 0
29900, 294124, 0, 0, 0
30000, 279945, 0, 0, 0
30100, 301537, 0, 0, 0
30200, 298956, 0, 0, 0
30300, 300981, 0, 0, 0
30400, 288260, 0, 0, 0
30500, 287475, 0, 0, 0
30600, 285420, 0, 0, 0
30700, 297291, 0, 0, 0
30800, 299173, 0, 0, 0
30900, 296907, 0, 0, 0
31000, 298373, 0, 0, 0
31100, 293785, 0, 0, 0
31200, 295552, 0, 0, 0
31300, 302166, 0, 0, 0
31400, 296743, 0, 0, 0
31500, 301899, 0, 0, 0
31600, 300488, 0, 0, 0
31700, 304701, 0, 0, 0
31800, 304119, 0, 0, 0
31900, 295926, 0, 0, 0
32000, 294237, 0, 0, 0
32100, 295054, 0, 0, 0
32200, 304817, 0, 0, 0
32300, 301893, 0, 0, 0
32400, 284710, 0, 0, 0
32500, 300365, 0, 0, 0
32600, 291169, 0, 0, 0
32700, 290076, 0, 0, 0
32800, 293533, 0, 0, 0
32900, 302169, 0, 0, 0
33000, 315244, 0, 0, 0
33100, 307094, 0, 0, 0
33200, 305657, 0, 0, 0
33300, 298856, 0, 0, 0
33400, 300102, 0, 0, 0
33500, 311600, 0, 0, 0
33600, 299132, 0, 0, 0
33700, 300462, 0, 0, 0
33800, 292570, 0, 0, 0
33900, 290876, 0, 0, 0
34000, 295391, 0, 0, 0
34100, 293302, 0, 0, 0
34200, 292257, 0, 0, 0
34300, 288063, 0, 0, 0
34400, 301593, 0, 0, 0
34500, 302812, 0, 0, 0
34600, 293800, 0, 0, 0
34700, 290694, 0, 0, 0
34800, 282880, 0, 0, 0
34900, 288075, 0, 0, 0
35000, 293269, 0, 0, 0
35100, 287012, 0, 0, 0
35200, 303586, 0, 0, 0
35300, 303038, 0, 0, 0
35400, 286446, 0, 0, 0
35500, 280203, 0, 0, 0
35600, 291930, 0, 0, 0
35700, 289754, 0, 0, 0
35800, 296727, 0, 0, 0
35900, 299414, 0, 0, 0
36000, 296184, 0, 0, 0
36100, 301330, 0, 0, 0
36200, 298752, 0, 0, 0
36300, 294379, 0, 0, 0
36400, 295676, 0, 0, 0
36500, 301158, 0, 0, 0
36600, 297660, 0, 0, 0
36700, 285194, 0, 0, 0
36800, 294652, 0, 0, 0
36900, 295301, 0, 0, 0
37000, 299525, 0, 0, 0
37100, 288022, 0, 0, 0
37200, 298715, 0, 0, 0
37300, 302934, 0, 0, 0
37400, 306806, 0, 0, 0
37500, 298550, 0, 0, 0
37600, 301614, 0, 0, 0
37700, 299917, 0, 0, 0
37800, 302933, 0, 0, 0
37900, 293319, 0, 0, 0
38000, 303958, 0, 0, 0
38100, 303560, 0, 0, 0
38200, 292873, 0, 0, 0
38300, 285631, 0, 0, 0
38400, 296926, 0, 0, 0
38500, 300709, 0, 0, 0
38600, 297146, 0, 0, 0
38700, 302059, 0, 0, 0
38800, 293454, 0, 0, 0
38900, 300322, 0, 0, 0
39000, 291021, 0, 0, 0
39100, 295729, 0, 0, 0
39200, 293654, 0, 0, 0
39300, 301618, 0, 0, 0
39400, 301752, 0, 0, 0
39500, 310085, 0, 0, 0
39600, 306886, 0, 0, 0
39700, 301621, 0, 0, 0
39800, 291370, 0, 0, 0
39900, 285600, 0, 0, 0
40000, 294246, 0, 0, 0
40100, 297861, 0, 0, 0
40200, 300303, 0, 0, 0
40300, 295411, 0, 0, 0
40400, 298016, 0, 0, 0
40500, 288772, 0, 0, 0
40600, 301799, 0, 0, 0
40700, 300739, 0, 0, 0
40800, 300135, 0, 0, 0
40900, 298557, 0, 0, 0
41000, 290923, 0, 0, 0
41100, 301602, 0, 0, 0
41200, 304688, 0, 0, 0
41300, 295593, 0, 0, 0
41400, 292412, 0, 0, 0
41500, 288489, 0, 0, 0
41600, 291425, 0, 0, 0
41700, 297918, 0, 0, 0
41800, 288107, 0, 0, 0
41900, 295879, 0, 0, 0
42000, 291490, 0, 0, 0
42100, 287037, 0, 0, 0
42200, 286819, 0, 0, 0
42300, 295642, 0, 0, 0
42400, 289809, 0, 0, 0
42500, 283073, 0, 0, 0
42600, 286390, 0, 0, 0
42700, 286594, 0, 0, 0
42800, 291034, 0, 0, 0
42900, 299576, 0, 0, 0
43000, 289589, 0, 0, 0
43100, 298162, 0, 0, 0
43200, 300882, 0, 0, 0
43300, 294859, 0, 0, 0
43400, 298051, 0, 0, 0
43500, 294903, 0, 0, 0
43600, 285466, 0, 0, 0
43700, 287349, 0, 0, 0
43800, 294160, 0, 0, 0
43900, 295872, 0, 0, 0
44000, 285919, 0, 0, 0
44100, 290217, 0, 0, 0
44200, 289686, 0, 0, 0
44300, 299468, 0, 0, 0
44400, 299546, 0, 0, 0
44500, 303546, 0, 0, 0
44600, 293028, 0, 0, 0
44700, 299359, 0, 0, 0
44800, 297526, 0, 0, 0
44900, 294502, 0, 0, 0
45000, 291816, 0, 0, 0
45100, 296971, 0, 0, 0
45200, 289838, 0, 0, 0
45300, 302501, 0, 0, 0
45400, 305975, 0, 0, 0
45500, 297537, 0, 0, 0
45600, 297206, 0, 0, 0
45700, 299816, 0, 0, 0
45800, 294977, 0, 0, 0
45900, 286921, 0, 0, 0
46000, 293237, 0, 0, 0
46100, 293417, 0, 0, 0
46200, 294168, 0, 0, 0
46300, 295362, 0, 0, 0
46400, 296273, 0, 0, 0
46500, 291938, 0, 0, 0
46600, 290344, 0, 0, 0
46700, 295178, 0, 0, 0
46800, 296856, 0, 0, 0
46900, 299433, 0, 0, 0
47000, 299431, 0, 0, 0
47100, 290464, 0, 0, 0
47200, 290295, 0, 0, 0
47300, 298863, 0, 0, 0
47400, 308185, 0, 0, 0
47500, 292774, 0, 0, 0
47600, 287476, 0, 0, 0
47700, 296170, 0, 0, 0
47800, 287529, 0, 0, 0
47900, 281959, 0, 0, 0
48000, 297486, 0, 0, 0
48100, 291587, 0, 0, 0
48200, 297283, 0, 0, 0
48300, 294120, 0, 0, 0
48400, 287532, 0, 0, 0
48500, 285277, 0, 0, 0
48600, 297670, 0, 0, 0
48700, 302885, 0, 0, 0
48800, 295488, 0, 0, 0
48900, 290694, 0, 0, 0
49000, 300892, 0, 0, 0
49100, 297596, 0, 0, 0
49200, 289071, 0, 0, 0
49300, 303687, 0, 0, 0
49400, 291414, 0, 0, 0
49500, 284453, 0, 0, 0
49600, 282789, 0, 0, 0
49700, 291692, 0, 0, 0
49800, 294555, 0, 0, 0
49900, 289397, 0, 0, 0
50000, 290553, 0, 0, 0
50100, 294547, 0, 0, 0
50200, 297300, 0, 0, 0
50300, 301208, 0, 0, 0
50400, 282701, 0, 0, 0
50500, 285634, 0, 0, 0
50600, 295196, 0, 0, 0
50700, 288541, 0, 0, 0
50800, 291910, 0, 0, 0
50900, 283744, 0, 0, 0
51000, 301127, 0, 0, 0
51100, 293960, 0, 0, 0
51200, 290139, 0, 0, 0
51300, 291570, 0, 0, 0
51400, 299362, 0, 0, 0
51500, 295407, 0, 0, 0
51600, 294635, 0, 0, 0
51700, 296828, 0, 0, 0
51800, 293243, 0, 0, 0
51900, 295540, 0, 0, 0
52000, 298453, 0, 0, 0
52100, 286307, 0, 0, 0
52200, 290127, 0, 0, 0
52300, 295411, 0, 0, 0
52400, 298273, 0, 0, 0
52500, 294686, 0, 0, 0
52600, 290779, 0, 0, 0
52700, 289635, 0, 0, 0
52800, 292931, 0, 0, 0
52900, 301239, 0, 0, 0
53000, 304338, 0, 0, 0
53100, 298244, 0, 0, 0
53200, 298662, 0, 0, 0
53300, 295185, 0, 0, 0
53400, 292218, 0, 0, 0
53500, 292017, 0, 0, 0
53600, 290934, 0, 0, 0
53700, 290811, 0, 0, 0
53800, 297288, 0, 0, 0
53900, 285525, 0, 0, 0
54000, 289062, 0, 0, 0
54100, 292194, 0, 0, 0
54200, 287730, 0, 0, 0
54300, 281670, 0, 0, 0
54400, 284871, 0, 0, 0
54538, 493727, 0, 0, 0
54600, 298841, 0, 0, 0
54700, 299424, 0, 0, 0
54800, 297488, 0, 0, 0
54900, 287179, 0, 0, 0
55000, 296288, 0, 0, 0
55100, 290475, 0, 0, 0
55200, 295432, 0, 0, 0
55300, 305893, 0, 0, 0
55400, 311452, 0, 0, 0
55500, 302539, 0, 0, 0
55600, 299325, 0, 0, 0
55700, 297213, 0, 0, 0
55800, 285184, 0, 0, 0
55900, 287252, 0, 0, 0
56000, 287668, 0, 0, 0
56100, 298349, 0, 0, 0
56200, 296742, 0, 0, 0
56300, 295260, 0, 0, 0
56400, 289492, 0, 0, 0
56500, 292651, 0, 0, 0
56600, 303879, 0, 0, 0
56700, 301654, 0, 0, 0
56800, 286468, 0, 0, 0
56900, 285181, 0, 0, 0
57000, 287183, 0, 0, 0
57100, 292234, 0, 0, 0
57200, 288673, 0, 0, 0
57300, 299343, 0, 0, 0
57400, 307271, 0, 0, 0
57500, 297090, 0, 0, 0
57600, 288851, 0, 0, 0
57700, 295597, 0, 0, 0
57800, 294675, 0, 0, 0
57900, 290414, 0, 0, 0
58000, 287980, 0, 0, 0
58100, 294289, 0, 0, 0
58200, 291210, 0, 0, 0
58300, 280684, 0, 0, 0
58400, 290864, 0, 0, 0
58500, 306211, 0, 0, 0
58600, 294560, 0, 0, 0
58700, 300055, 0, 0, 0
58800, 284946, 0, 0, 0
58900, 285009, 0, 0, 0
59000, 288949, 0, 0, 0
59100, 293305, 0, 0, 0
59200, 287816, 0, 0, 0
59300, 300814, 0, 0, 0
59400, 306082, 0, 0, 0
59500, 292492, 0, 0, 0
59600, 289024, 0, 0, 0
59700, 295825, 0, 0, 0
59800, 301660, 0, 0, 0
59900, 299802, 0, 0, 0
60000, 300953, 0, 0, 0
60100, 298089, 0, 0, 0
60200, 298827, 0, 0, 0
60300, 300425, 0, 0, 0
60400, 288982, 0, 0, 0
60500, 289930, 0, 0, 0
60600, 288400, 0, 0, 0
60700, 301105, 0, 0, 0
60800, 303775, 0, 0, 0
60900, 290563, 0, 0, 0
61000, 287619, 0, 0, 0
61100, 284947, 0, 0, 0
61200, 290613, 0, 0, 0
61300, 293945, 0, 0, 0
61400, 303271, 0, 0, 0
61500, 279700, 0, 0, 0
61600, 296168, 0, 0, 0
61700, 295319, 0, 0, 0
61800, 298187, 0, 0, 0
61900, 299092, 0, 0, 0
62000, 302345, 0, 0, 0
62100, 300570, 0, 0, 0
62200, 291376, 0, 0, 0
62300, 299014, 0, 0, 0
62400, 307108, 0, 0, 0
62500, 301362, 0, 0, 0
62600, 299946, 0, 0, 0
62700, 283120, 0, 0, 0
62800, 288310, 0, 0, 0
62900, 286276, 0, 0, 0
63000, 299426, 0, 0, 0
63100, 294510, 0, 0, 0
63200, 309298, 0, 0, 0
63300, 300161, 0, 0, 0
63400, 306977, 0, 0, 0
63500, 293248, 0, 0, 0
63600, 298981, 0, 0, 0
63700, 301088, 0, 0, 0
63800, 295648, 0, 0, 0
63900, 284306, 0, 0, 0
64000, 288616, 0, 0, 0
64100, 292999, 0, 0, 0
64200, 290941, 0, 0, 0
64300, 298683, 0, 0, 0
64400, 286674, 0, 0, 0
64500, 294993, 0, 0, 0
64600, 293196, 0, 0, 0
64700, 286892, 0, 0, 0
64800, 292489, 0, 0, 0
64900, 292366, 0, 0, 0
65000, 297529, 0, 0, 0
65100, 295863, 0, 0, 0
65200, 296709, 0, 0, 0
65300, 288374, 0, 0, 0
65400, 299661, 0, 0, 0
65500, 297063, 0, 0, 0
65600, 298759, 0, 0, 0
65700, 302321, 0, 0, 0
65800, 292808, 0, 0, 0
65900, 293218, 0, 0, 0
66000, 298738, 0, 0, 0
66100, 301774, 0, 0, 0
66200, 293751, 0, 0, 0
66300, 287873, 0, 0, 0
66400, 289032, 0, 0, 0
66500, 290161, 0, 0, 0
66600, 295142, 0, 0, 0
66700, 299294, 0, 0, 0
66800, 298986, 0, 0, 0
66900, 302257, 0, 0, 0
67000, 292262, 0, 0, 0
67100, 302366, 0, 0, 0
67200, 295478, 0, 0, 0
67300, 284655, 0, 0, 0
67400, 292574, 0, 0, 0
67500, 293173, 0, 0, 0
67600, 282815, 0, 0, 0
67700, 295217, 0, 0, 0
67800, 290092, 0, 0, 0
67900, 288968, 0, 0, 0
68000, 289827, 0, 0, 0
68100, 284444, 0, 0, 0
68200, 285867, 0, 0, 0
68300, 284926, 0, 0, 0
68400, 282642, 0, 0, 0
68500, 292553, 0, 0, 0
68600, 283870, 0, 0, 0
68700, 282475, 0, 0, 0
68800, 286194, 0, 0, 0
68900, 285225, 0, 0, 0
69000, 290269, 0, 0, 0
69100, 291135, 0, 0, 0
69200, 301031, 0, 0, 0
69300, 296503, 0, 0, 0
69400, 298226, 0, 0, 0
69500, 298935, 0, 0, 0
69600, 295389, 0, 0, 0
69700, 298438, 0, 0, 0
69800, 305176, 0, 0, 0
69900, 296721, 0, 0, 0
70000, 292029, 0, 0, 0
70100, 289371, 0, 0, 0
70200, 302603, 0, 0, 0
70300, 300249, 0, 0, 0
70400, 300277, 0, 0, 0
70500, 292713, 0, 0, 0
70600, 298818, 0, 0, 0
70700, 290062, 0, 0, 0
70800, 289199, 0, 0, 0
70900, 287120, 0, 0, 0
71000, 295642, 0, 0, 0
71100, 288597, 0, 0, 0
71200, 290998, 0, 0, 0
71300, 295441, 0, 0, 0
71400, 288561, 0, 0, 0
71500, 296914, 0, 0, 0
71600, 294629, 0, 0, 0
71700, 287171, 0, 0, 0
71800, 294526, 0, 0, 0
71900, 294419, 0, 0, 0
72000, 289764, 0, 0, 0
72100, 299848, 0, 0, 0
72200, 288560, 0, 0, 0
72300, 289300, 0, 0, 0
72400, 291190, 0, 0, 0
72500, 294852, 0, 0, 0
72600, 292928, 0, 0, 0
72700, 297496, 0, 0, 0
72800, 295644, 0, 0, 0
72900, 287622, 0, 0, 0
73000, 294898, 0, 0, 0
73100, 305501, 0, 0, 0
73200, 294436, 0, 0, 0
73300, 287519, 0, 0, 0
73400, 286195, 0, 0, 0
73500, 297455, 0, 0, 0
73600, 290200, 0, 0, 0
73700, 292865, 0, 0, 0
73800, 297406, 0, 0, 0
73900, 303119, 0, 0, 0
74000, 298981, 0, 0, 0
74100, 293898, 0, 0, 0
74200, 288772, 0, 0, 0
74300, 289470, 0, 0, 0
74400, 301488, 0, 0, 0
74500, 302455, 0, 0, 0
74600, 297268, 0, 0, 0
74700, 304078, 0, 0, 0
74800, 307297, 0, 0, 0
74900, 294041, 0, 0, 0
75000, 300505, 0, 0, 0
75100, 293861, 0, 0, 0
75200, 302912, 0, 0, 0
75300, 303472, 0, 0, 0
75400, 291185, 0, 0, 0
75500, 296459, 0, 0, 0
75600, 299237, 0, 0, 0
75700, 295090, 0, 0, 0
75800, 297276, 0, 0, 0
75900, 303104, 0, 0, 0
76000, 301503, 0, 0, 0
76100, 298559, 0, 0, 0
76200, 301003, 0, 0, 0
76300, 304392, 0, 0, 0
76400, 304372, 0, 0, 0
76500, 292278, 0, 0, 0
76600, 293861, 0, 0, 0
76700, 298197, 0, 0, 0
76800, 300615, 0, 0, 0
76900, 301749, 0, 0, 0
77000, 294929, 0, 0, 0
77100, 290351, 0, 0, 0
77200, 290431, 0, 0, 0
77300, 287314, 0, 0, 0
77400, 289915, 0, 0, 0
77500, 298141, 0, 0, 0
77600, 308262, 0, 0, 0
77700, 299222, 0, 0, 0
77800, 301594, 0, 0, 0
77900, 289491, 0, 0, 0
78000, 292523, 0, 0, 0
78100, 297303, 0, 0, 0
78200, 317784, 0, 0, 0
78300, 302124, 0, 0, 0
78400, 305548, 0, 0, 0
78500, 321738, 0, 0, 0
78600, 315468, 0, 0, 0
78700, 322516, 0, 0, 0
78800, 319248, 0, 0, 0
78900, 325185, 0, 0, 0
79000, 313457, 0, 0, 0
79100, 310705, 0, 0, 0
79200, 321447, 0, 0, 0
79300, 325013, 0, 0, 0
79400, 326366, 0, 0, 0
79500, 321675, 0, 0, 0
79600, 320142, 0, 0, 0
79700, 320960, 0, 0, 0
79800, 328468, 0, 0, 0
79900, 324332, 0, 0, 0
80000, 316029, 0, 0, 0
80100, 314922, 0, 0, 0
80200, 317731, 0, 0, 0
80300, 315027, 0, 0, 0
80400, 318699, 0, 0, 0
80500, 319802, 0, 0, 0
80600, 337731, 0, 0, 0
80700, 322547, 0, 0, 0
80800, 319561, 0, 0, 0
80900, 323266, 0, 0, 0
81000, 330757, 0, 0, 0
81100, 333351, 0, 0, 0
81200, 320698, 0, 0, 0
81300, 341564, 0, 0, 0
81400, 323245, 0, 0, 0
81500, 334750, 0, 0, 0
81600, 335226, 0, 0, 0
81700, 358140, 0, 0, 0
81800, 367079, 0, 0, 0
81900, 325501, 0, 0, 0
82000, 352594, 0, 0, 0
82100, 344503, 0, 0, 0
82200, 327686, 0, 0, 0
82300, 309665, 0, 0, 0
82400, 339415, 0, 0, 0
82500, 344198, 0, 0, 0
82600, 382887, 0, 0, 0
82700, 348604, 0, 0, 0
82800, 332216, 0, 0, 0
82900, 323642, 0, 0, 0
83000, 373131, 0, 0, 0
83100, 340444, 0, 0, 0
83200, 338157, 0, 0, 0
83300, 321529, 0, 0, 0
83400, 355293, 0, 0, 0
83500, 331308, 0, 0, 0
83600, 343741, 0, 0, 0
83700, 329226, 0, 0, 0
83800, 333245, 0, 0, 0
83900, 340383, 0, 0, 0
84000, 344092, 0, 0, 0
84100, 344176, 0, 0, 0
84200, 332749, 0, 0, 0
84300, 332515, 0, 0, 0
84400, 351522, 0, 0, 0
84500, 319540, 0, 0, 0
84600, 346832, 0, 0, 0
84700, 345578, 0, 0, 0
84800, 326852, 0, 0, 0
84900, 331965, 0, 0, 0
85000, 341447, 0, 0, 0
85100, 357738, 0, 0, 0
85200, 328453, 0, 0, 0
85300, 323340, 0, 0, 0
85400, 334467, 0, 0, 0
85500, 344817, 0, 0, 0
85600, 351701, 0, 0, 0
85700, 338170, 0, 0, 0
85800, 335452, 0, 0, 0
85900, 334242, 0, 0, 0
86000, 338822, 0, 0, 0
86100, 326527, 0, 0, 0
86200, 329395, 0, 0, 0
86300, 332917, 0, 0, 0
86400, 322743, 0, 0, 0
86500, 332395, 0, 0, 0
86600, 323573, 0, 0, 0
86700, 317402, 0, 0, 0
86800, 318453, 0, 0, 0
86900, 327750, 0, 0, 0
87000, 340837, 0, 0, 0
87100, 323054, 0, 0, 0
87200, 328537, 0, 0, 0
87300, 337630, 0, 0, 0
87400, 327727, 0, 0, 0
87500, 324650, 0, 0, 0
87600, 327339, 0, 0, 0
87700, 318565, 0, 0, 0
87800, 327242, 0, 0, 0
87900, 315103, 0, 0, 0
88000, 341160, 0, 0, 0
88100, 327508, 0, 0, 0
88200, 333565, 0, 0, 0
88300, 322317, 0, 0, 0
88400, 333952, 0, 0, 0
88500, 340780, 0, 0, 0
88600, 330688, 0, 0, 0
88700, 376197, 0, 0, 0
88800, 328758, 0, 0, 0
88900, 330969, 0, 0, 0
89000, 353969, 0, 0, 0
89100, 353688, 0, 0, 0
89200, 350374, 0, 0, 0
89300, 332593, 0, 0, 0
89400, 330935, 0, 0, 0
89500, 332070, 0, 0, 0
89600, 340911, 0, 0, 0
89700, 336969, 0, 0, 0
89800, 326934, 0, 0, 0
89900, 329813, 0, 0, 0
90000, 331439, 0, 0, 0
