100, 806187, 0, 0, 0
200, 866169, 0, 0, 0
300, 695871, 0, 0, 0
400, 807037, 0, 0, 0
500, 754878, 0, 0, 0
600, 688622, 0, 0, 0
700, 669261, 0, 0, 0
800, 701797, 0, 0, 0
900, 726734, 0, 0, 0
1000, 757418, 0, 0, 0
1100, 688944, 0, 0, 0
1200, 695148, 0, 0, 0
1300, 711765, 0, 0, 0
1400, 687992, 0, 0, 0
1500, 693198, 0, 0, 0
1600, 702189, 0, 0, 0
1700, 771179, 0, 0, 0
1800, 724372, 0, 0, 0
1900, 698267, 0, 0, 0
2000, 718427, 0, 0, 0
2100, 719096, 0, 0, 0
2200, 721134, 0, 0, 0
2300, 746155, 0, 0, 0
2400, 751480, 0, 0, 0
2500, 761142, 0, 0, 0
2600, 680486, 0, 0, 0
2700, 738523, 0, 0, 0
2800, 716897, 0, 0, 0
2900, 679063, 0, 0, 0
3000, 705044, 0, 0, 0
3100, 717544, 0, 0, 0
3200, 811349, 0, 0, 0
3300, 780912, 0, 0, 0
3400, 624225, 0, 0, 0
3500, 656198, 0, 0, 0
3600, 672097, 0, 0, 0
3700, 714011, 0, 0, 0
3800, 684564, 0, 0, 0
3900, 661429, 0, 0, 0
4000, 680667, 0, 0, 0
4100, 742801, 0, 0, 0
4200, 765574, 0, 0, 0
4300, 746580, 0, 0, 0
4400, 871098, 0, 0, 0
4500, 717551, 0, 0, 0
4600, 690420, 0, 0, 0
4700, 717708, 0, 0, 0
4800, 786309, 0, 0, 0
4900, 883135, 0, 0, 0
5000, 878205, 0, 0, 0
5100, 647048, 0, 0, 0
5200, 746198, 0, 0, 0
5300, 865224, 0, 0, 0
5400, 763191, 0, 0, 0
5500, 793550, 0, 0, 0
5600, 653957, 0, 0, 0
5700, 668765, 0, 0, 0
5800, 818848, 0, 0, 0
5900, 864044, 0, 0, 0
6000, 810179, 0, 0, 0
6100, 746844, 0, 0, 0
6200, 811692, 0, 0, 0
6300, 908893, 0, 0, 0
6400, 777025, 0, 0, 0
6500, 711750, 0, 0, 0
6600, 686929, 0, 0, 0
6700, 754584, 0, 0, 0
6800, 753275, 0, 0, 0
6900, 759941, 0, 0, 0
7000, 698434, 0, 0, 0
7100, 696077, 0, 0, 0
7200, 719495, 0, 0, 0
7300, 800239, 0, 0, 0
7400, 747916, 0, 0, 0
7500, 782727, 0, 0, 0
7600, 813296, 0, 0, 0
7700, 1038469, 0, 0, 0
7800, 796328, 0, 0, 0
7900, 913850, 0, 0, 0
8000, 752533, 0, 0, 0
8100, 758135, 0, 0, 0
8200, 850123, 0, 0, 0
8300, 718050, 0, 0, 0
8400, 727851, 0, 0, 0
8500, 822680, 0, 0, 0
8600, 815480, 0, 0, 0
8700, 688009, 0, 0, 0
8800, 787589, 0, 0, 0
8900, 767744, 0, 0, 0
9000, 751888, 0, 0, 0
9100, 780214, 0, 0, 0
9200, 695946, 0, 0, 0
9300, 677346, 0, 0, 0
9400, 685071, 0, 0, 0
9500, 713718, 0, 0, 0
9600, 720365, 0, 0, 0
9700, 884569, 0, 0, 0
9800, 797806, 0, 0, 0
9900, 736427, 0, 0, 0
10000, 743388, 0, 0, 0
10100, 748604, 0, 0, 0
10200, 803450, 0, 0, 0
10300, 845446, 0, 0, 0
10400, 792044, 0, 0, 0
10500, 791940, 0, 0, 0
10600, 713383, 0, 0, 0
10700, 730164, 0, 0, 0
10800, 734941, 0, 0, 0
10900, 734865, 0, 0, 0
11000, 759613, 0, 0, 0
11100, 763496, 0, 0, 0
11200, 763208, 0, 0, 0
11300, 752802, 0, 0, 0
11400, 851617, 0, 0, 0
11500, 1100278, 0, 0, 0
11600, 883577, 0, 0, 0
11700, 709292, 0, 0, 0
11800, 811229, 0, 0, 0
11900, 792884, 0, 0, 0
12000, 774117, 0, 0, 0
12100, 807102, 0, 0, 0
12200, 821998, 0, 0, 0
12300, 896576, 0, 0, 0
12400, 823764, 0, 0, 0
12500, 708138, 0, 0, 0
12600, 733968, 0, 0, 0
12700, 755937, 0, 0, 0
12800, 746705, 0, 0, 0
12900, 740933, 0, 0, 0
13000, 736849, 0, 0, 0
13100, 767702, 0, 0, 0
13200, 741067, 0, 0, 0
13300, 774682, 0, 0, 0
13400, 761869, 0, 0, 0
13500, 770123, 0, 0, 0
13600, 741309, 0, 0, 0
13700, 727449, 0, 0, 0
13800, 743594, 0, 0, 0
13900, 748994, 0, 0, 0
14000, 745020, 0, 0, 0
14100, 726367, 0, 0, 0
14200, 836002, 0, 0, 0
14300, 788150, 0, 0, 0
14400, 723442, 0, 0, 0
14500, 695632, 0, 0, 0
14600, 757995, 0, 0, 0
14700, 785897, 0, 0, 0
14800, 791006, 0, 0, 0
14900, 842089, 0, 0, 0
15000, 947222, 0, 0, 0
15100, 1183679, 0, 0, 0
15200, 905395, 0, 0, 0
15300, 712901, 0, 0, 0
15400, 709468, 0, 0, 0
15500, 677006, 0, 0, 0
15600, 736441, 0, 0, 0
15700, 720740, 0, 0, 0
15800, 855385, 0, 0, 0
15900, 930199, 0, 0, 0
16000, 757102, 0, 0, 0
16100, 673099, 0, 0, 0
16200, 659651, 0, 0, 0
16300, 711007, 0, 0, 0
16400, 693884, 0, 0, 0
16500, 679413, 0, 0, 0
16600, 721004, 0, 0, 0
16700, 712969, 0, 0, 0
16800, 713946, 0, 0, 0
16900, 777127, 0, 0, 0
17000, 891570, 0, 0, 0
17100, 856372, 0, 0, 0
17200, 653645, 0, 0, 0
17300, 812294, 0, 0, 0
17400, 972991, 0, 0, 0
17500, 1378007, 0, 0, 0
17600, 1021903, 0, 0, 0
17700, 688414, 0, 0, 0
17800, 705222, 0, 0, 0
17900, 714729, 0, 0, 0
18000, 738933, 0, 0, 0
18100, 765526, 0, 0, 0
18200, 751688, 0, 0, 0
18300, 759904, 0, 0, 0
18400, 743935, 0, 0, 0
18500, 712517, 0, 0, 0
18600, 749600, 0, 0, 0
18700, 671933, 0, 0, 0
18800, 711234, 0, 0, 0
18900, 712055, 0, 0, 0
19000, 764545, 0, 0, 0
19100, 770977, 0, 0, 0
19200, 703872, 0, 0, 0
19300, 745995, 0, 0, 0
19400, 780791, 0, 0, 0
19500, 811392, 0, 0, 0
19600, 877950, 0, 0, 0
19700, 742997, 0, 0, 0
19800, 771691, 0, 0, 0
19900, 738914, 0, 0, 0
20000, 707412, 0, 0, 0
20100, 687990, 0, 0, 0
20200, 746221, 0, 0, 0
20300, 730257, 0, 0, 0
20400, 738523, 0, 0, 0
20500, 794359, 0, 0, 0
20600, 741972, 0, 0, 0
20700, 727282, 0, 0, 0
20800, 703118, 0, 0, 0
20900, 753013, 0, 0, 0
21000, 758800, 0, 0, 0
21100, 725485, 0, 0, 0
21200, 741491, 0, 0, 0
21300, 814638, 0, 0, 0
21400, 864321, 0, 0, 0
21500, 749748, 0, 0, 0
21600, 753246, 0, 0, 0
21700, 736832, 0, 0, 0
21800, 692598, 0, 0, 0
21900, 723208, 0, 0, 0
22000, 774576, 0, 0, 0
22100, 692661, 0, 0, 0
22201, 736831, 0, 0, 0
22300, 746600, 0, 0, 0
22400, 679471, 0, 0, 0
22500, 733589, 0, 0, 0
22600, 750538, 0, 0, 0
22700, 754718, 0, 0, 0
22800, 726185, 0, 0, 0
22900, 727692, 0, 0, 0
23000, 796440, 0, 0, 0
23100, 755251, 0, 0, 0
23200, 736603, 0, 0, 0
23300, 770494, 0, 0, 0
23400, 827877, 0, 0, 0
23500, 854623, 0, 0, 0
23600, 852472, 0, 0, 0
23700, 742630, 0, 0, 0
23800, 754947, 0, 0, 0
23900, 748199, 0, 0, 0
24000, 857118, 0, 0, 0
24100, 964939, 0, 0, 0
24200, 861787, 0, 0, 0
24300, 757099, 0, 0, 0
24400, 756133, 0, 0, 0
24500, 760870, 0, 0, 0
24600, 775790, 0, 0, 0
24700, 838067, 0, 0, 0
24800, 780781, 0, 0, 0
24900, 816811, 0, 0, 0
25000, 705801, 0, 0, 0
25100, 692951, 0, 0, 0
25200, 713426, 0, 0, 0
25300, 738778, 0, 0, 0
25400, 725112, 0, 0, 0
25500, 869235, 0, 0, 0
25600, 841095, 0, 0, 0
25700, 710592, 0, 0, 0
25800, 743632, 0, 0, 0
25900, 725693, 0, 0, 0
26000, 722416, 0, 0, 0
26100, 677871, 0, 0, 0
26200, 715995, 0, 0, 0
26300, 762152, 0, 0, 0
26400, 744384, 0, 0, 0
26500, 702288, 0, 0, 0
26600, 671049, 0, 0, 0
26700, 685645, 0, 0, 0
26800, 721027, 0, 0, 0
26900, 729657, 0, 0, 0
27000, 802316, 0, 0, 0
27100, 725369, 0, 0, 0
27200, 732448, 0, 0, 0
27300, 703751, 0, 0, 0
27400, 743309, 0, 0, 0
27500, 747417, 0, 0, 0
27600, 767323, 0, 0, 0
27700, 817009, 0, 0, 0
27800, 863385, 0, 0, 0
27900, 809104, 0, 0, 0
28000, 741596, 0, 0, 0
28100, 756123, 0, 0, 0
28200, 709466, 0, 0, 0
28300, 813465, 0, 0, 0
28401, 757751, 0, 0, 0
28500, 727581, 0, 0, 0
28600, 848149, 0, 0, 0
28700, 902307, 0, 0, 0
28800, 660376, 0, 0, 0
28900, 746037, 0, 0, 0
29000, 756139, 0, 0, 0
29100, 667688, 0, 0, 0
29200, 609628, 0, 0, 0
29300, 797291, 0, 0, 0
29400, 824613, 0, 0, 0
29500, 928694, 0, 0, 0
29600, 872213, 0, 0, 0
29700, 677562, 0, 0, 0
29800, 623004, 0, 0, 0
29900, 697684, 0, 0, 0
30000, 766752, 0, 0, 0
30100, 698354, 0, 0, 0
30200, 734603, 0, 0, 0
30300, 802603, 0, 0, 0
30400, 866755, 0, 0, 0
30500, 744922, 0, 0, 0
30600, 739897, 0, 0, 0
30700, 725011, 0, 0, 0
30800, 773994, 0, 0, 0
30900, 844104, 0, 0, 0
31000, 826454, 0, 0, 0
31100, 684682, 0, 0, 0
31200, 742673, 0, 0, 0
31300, 761354, 0, 0, 0
31400, 758172, 0, 0, 0
31500, 882630, 0, 0, 0
31600, 755787, 0, 0, 0
31700, 679879, 0, 0, 0
31800, 749316, 0, 0, 0
31900, 747519, 0, 0, 0
32000, 815940, 0, 0, 0
32100, 895847, 0, 0, 0
32200, 751764, 0, 0, 0
32300, 711209, 0, 0, 0
32400, 725510, 0, 0, 0
32500, 705842, 0, 0, 0
32600, 706346, 0, 0, 0
32700, 715424, 0, 0, 0
32800, 753787, 0, 0, 0
32900, 785244, 0, 0, 0
33000, 829305, 0, 0, 0
33100, 806685, 0, 0, 0
33200, 762627, 0, 0, 0
33300, 765475, 0, 0, 0
33400, 749974, 0, 0, 0
33500, 733665, 0, 0, 0
33600, 717236, 0, 0, 0
33700, 741527, 0, 0, 0
33800, 822398, 0, 0, 0
33900, 742616, 0, 0, 0
34000, 791033, 0, 0, 0
34100, 838674, 0, 0, 0
34200, 753886, 0, 0, 0
34300, 706609, 0, 0, 0
34400, 843740, 0, 0, 0
34500, 687354, 0, 0, 0
34600, 781747, 0, 0, 0
34700, 810205, 0, 0, 0
34800, 831850, 0, 0, 0
34900, 878641, 0, 0, 0
35000, 810288, 0, 0, 0
35100, 766941, 0, 0, 0
35200, 707877, 0, 0, 0
35300, 728274, 0, 0, 0
35400, 753756, 0, 0, 0
35500, 707578, 0, 0, 0
35600, 722226, 0, 0, 0
35700, 730385, 0, 0, 0
35800, 700338, 0, 0, 0
35900, 712118, 0, 0, 0
36000, 661615, 0, 0, 0
36100, 726544, 0, 0, 0
36200, 715143, 0, 0, 0
36300, 736912, 0, 0, 0
36400, 823251, 0, 0, 0
36500, 803875, 0, 0, 0
36600, 779735, 0, 0, 0
36700, 903962, 0, 0, 0
36800, 745664, 0, 0, 0
36900, 740136, 0, 0, 0
37000, 726878, 0, 0, 0
37100, 771670, 0, 0, 0
37200, 709016, 0, 0, 0
37300, 757081, 0, 0, 0
37400, 720917, 0, 0, 0
37500, 681602, 0, 0, 0
37600, 758381, 0, 0, 0
37700, 747851, 0, 0, 0
37800, 722918, 0, 0, 0
37900, 736366, 0, 0, 0
38000, 721879, 0, 0, 0
38100, 688634, 0, 0, 0
38200, 710963, 0, 0, 0
38300, 1028559, 0, 0, 0
38400, 725640, 0, 0, 0
38500, 722634, 0, 0, 0
38600, 736941, 0, 0, 0
38700, 726364, 0, 0, 0
38800, 739195, 0, 0, 0
38900, 787735, 0, 0, 0
39000, 790784, 0, 0, 0
39100, 836810, 0, 0, 0
39200, 739386, 0, 0, 0
39300, 691426, 0, 0, 0
39400, 661942, 0, 0, 0
39500, 721649, 0, 0, 0
39600, 791621, 0, 0, 0
39700, 733546, 0, 0, 0
39800, 795010, 0, 0, 0
39900, 772736, 0, 0, 0
40000, 735252, 0, 0, 0
40100, 738656, 0, 0, 0
40200, 707514, 0, 0, 0
40300, 701906, 0, 0, 0
40400, 814107, 0, 0, 0
40500, 776524, 0, 0, 0
40600, 729507, 0, 0, 0
40700, 727200, 0, 0, 0
40800, 699288, 0, 0, 0
40900, 692730, 0, 0, 0
41000, 731583, 0, 0, 0
41100, 950080, 0, 0, 0
41200, 707302, 0, 0, 0
41300, 732756, 0, 0, 0
41400, 790875, 0, 0, 0
41500, 729886, 0, 0, 0
41600, 701063, 0, 0, 0
41700, 709917, 0, 0, 0
41800, 973607, 0, 0, 0
41900, 1070444, 0, 0, 0
42000, 776709, 0, 0, 0
42100, 778521, 0, 0, 0
42200, 750985, 0, 0, 0
42300, 736315, 0, 0, 0
42400, 739008, 0, 0, 0
42500, 718272, 0, 0, 0
42600, 792868, 0, 0, 0
42700, 732125, 0, 0, 0
42800, 792802, 0, 0, 0
42900, 875969, 0, 0, 0
43000, 742208, 0, 0, 0
43100, 745295, 0, 0, 0
43200, 743078, 0, 0, 0
43300, 776137, 0, 0, 0
43400, 934636, 0, 0, 0
43500, 769099, 0, 0, 0
43600, 765509, 0, 0, 0
43700, 885564, 0, 0, 0
43800, 893518, 0, 0, 0
43900, 700302, 0, 0, 0
44000, 732476, 0, 0, 0
44100, 757131, 0, 0, 0
44200, 725659, 0, 0, 0
44300, 709216, 0, 0, 0
44400, 792924, 0, 0, 0
44500, 814807, 0, 0, 0
44600, 719739, 0, 0, 0
44700, 699122, 0, 0, 0
44800, 763375, 0, 0, 0
44900, 730201, 0, 0, 0
45000, 851936, 0, 0, 0
45100, 883380, 0, 0, 0
45200, 707237, 0, 0, 0
45300, 680789, 0, 0, 0
45400, 725407, 0, 0, 0
45500, 679876, 0, 0, 0
45600, 676104, 0, 0, 0
45700, 776153, 0, 0, 0
45800, 998205, 0, 0, 0
45900, 797414, 0, 0, 0
46000, 696600, 0, 0, 0
46100, 720485, 0, 0, 0
46200, 752556, 0, 0, 0
46300, 748024, 0, 0, 0
46400, 925764, 0, 0, 0
46500, 904004, 0, 0, 0
46600, 716598, 0, 0, 0
46700, 706514, 0, 0, 0
46800, 685638, 0, 0, 0
46900, 736617, 0, 0, 0
47000, 746128, 0, 0, 0
47100, 749049, 0, 0, 0
47200, 710303, 0, 0, 0
47300, 735805, 0, 0, 0
47400, 774588, 0, 0, 0
47501, 854818, 0, 0, 0
47600, 770663, 0, 0, 0
47700, 900571, 0, 0, 0
47800, 912875, 0, 0, 0
47900, 691924, 0, 0, 0
48000, 740935, 0, 0, 0
48100, 719092, 0, 0, 0
48200, 703899, 0, 0, 0
48300, 726941, 0, 0, 0
48400, 806522, 0, 0, 0
48500, 766581, 0, 0, 0
48600, 729478, 0, 0, 0
48700, 675586, 0, 0, 0
48800, 667546, 0, 0, 0
48900, 698408, 0, 0, 0
49000, 685853, 0, 0, 0
49100, 758000, 0, 0, 0
49200, 665223, 0, 0, 0
49300, 701206, 0, 0, 0
49400, 817783, 0, 0, 0
49500, 733809, 0, 0, 0
49600, 752250, 0, 0, 0
49700, 812968, 0, 0, 0
49800, 816385, 0, 0, 0
49900, 766695, 0, 0, 0
50000, 793430, 0, 0, 0
50100, 802640, 0, 0, 0
50200, 751099, 0, 0, 0
50300, 709407, 0, 0, 0
50400, 712589, 0, 0, 0
50500, 739165, 0, 0, 0
50600, 769234, 0, 0, 0
50700, 744443, 0, 0, 0
50800, 704639, 0, 0, 0
50900, 773922, 0, 0, 0
51000, 669677, 0, 0, 0
51100, 688566, 0, 0, 0
51200, 729739, 0, 0, 0
51300, 708940, 0, 0, 0
51400, 746719, 0, 0, 0
51500, 752025, 0, 0, 0
51600, 663460, 0, 0, 0
51700, 717153, 0, 0, 0
51801, 718062, 0, 0, 0
51900, 732119, 0, 0, 0
52000, 695618, 0, 0, 0
52100, 751457, 0, 0, 0
52200, 739928, 0, 0, 0
52300, 763820, 0, 0, 0
52400, 773251, 0, 0, 0
52500, 724592, 0, 0, 0
52600, 660980, 0, 0, 0
52700, 653850, 0, 0, 0
52800, 671223, 0, 0, 0
52900, 692675, 0, 0, 0
53000, 686246, 0, 0, 0
53100, 718792, 0, 0, 0
53200, 739965, 0, 0, 0
53300, 746976, 0, 0, 0
53400, 681971, 0, 0, 0
53500, 932518, 0, 0, 0
53600, 739307, 0, 0, 0
53700, 702602, 0, 0, 0
53800, 741139, 0, 0, 0
53900, 758752, 0, 0, 0
54000, 1171556, 0, 0, 0
54100, 1228627, 0, 0, 0
54200, 832100, 0, 0, 0
54300, 690495, 0, 0, 0
54400, 756485, 0, 0, 0
54500, 745271, 0, 0, 0
54600, 759920, 0, 0, 0
54700, 831214, 0, 0, 0
54800, 711024, 0, 0, 0
54900, 700848, 0, 0, 0
55000, 789447, 0, 0, 0
55100, 834126, 0, 0, 0
55200, 776022, 0, 0, 0
55300, 780310, 0, 0, 0
55400, 718401, 0, 0, 0
55500, 653476, 0, 0, 0
55600, 789968, 0, 0, 0
55700, 701746, 0, 0, 0
55800, 692331, 0, 0, 0
55900, 661651, 0, 0, 0
56000, 684094, 0, 0, 0
56100, 710066, 0, 0, 0
56200, 682031, 0, 0, 0
56300, 658998, 0, 0, 0
56400, 661055, 0, 0, 0
56500, 1022296, 0, 0, 0
56600, 751348, 0, 0, 0
56700, 699825, 0, 0, 0
56800, 723814, 0, 0, 0
56900, 690996, 0, 0, 0
57000, 683998, 0, 0, 0
57100, 754302, 0, 0, 0
57200, 736974, 0, 0, 0
57300, 846674, 0, 0, 0
57400, 783144, 0, 0, 0
57500, 719273, 0, 0, 0
57600, 752805, 0, 0, 0
57700, 851089, 0, 0, 0
57800, 843546, 0, 0, 0
57900, 719489, 0, 0, 0
58000, 691494, 0, 0, 0
58100, 781354, 0, 0, 0
58200, 693389, 0, 0, 0
58300, 627150, 0, 0, 0
58400, 648872, 0, 0, 0
58500, 685251, 0, 0, 0
58600, 709992, 0, 0, 0
58700, 728958, 0, 0, 0
58800, 730044, 0, 0, 0
58900, 700614, 0, 0, 0
59000, 732663, 0, 0, 0
59100, 771726, 0, 0, 0
59200, 978377, 0, 0, 0
59300, 805488, 0, 0, 0
59400, 676644, 0, 0, 0
59500, 676671, 0, 0, 0
59600, 683041, 0, 0, 0
59700, 675692, 0, 0, 0
59800, 730510, 0, 0, 0
59900, 745737, 0, 0, 0
60000, 707277, 0, 0, 0
60000, 683512, 0, 0, 0
