250, 4636, 0, 0, 0
350, 3970, 0, 0, 0
450, 4290, 0, 0, 0
550, 4450, 0, 0, 0
650, 4500, 0, 0, 0
749, 4313, 0, 0, 0
849, 4560, 0, 0, 0
949, 4630, 0, 0, 0
1049, 4370, 0, 0, 0
1149, 4340, 0, 0, 0
1250, 5100, 0, 0, 0
1350, 4580, 0, 0, 0
1450, 4410, 0, 0, 0
1550, 4020, 0, 0, 0
1650, 3020, 0, 0, 0
1749, 4272, 0, 0, 0
1849, 4430, 0, 0, 0
1949, 4430, 0, 0, 0
2049, 4120, 0, 0, 0
2149, 5220, 0, 0, 0
2249, 5120, 0, 0, 0
2349, 4140, 0, 0, 0
2449, 5280, 0, 0, 0
2549, 6100, 0, 0, 0
2649, 6100, 0, 0, 0
2750, 4910, 0, 0, 0
2850, 3620, 0, 0, 0
2950, 3730, 0, 0, 0
3050, 4450, 0, 0, 0
3150, 3170, 0, 0, 0
3249, 4424, 0, 0, 0
3349, 4630, 0, 0, 0
3449, 4680, 0, 0, 0
3549, 4620, 0, 0, 0
3649, 4350, 0, 0, 0
3750, 3320, 0, 0, 0
3850, 3530, 0, 0, 0
3950, 3550, 0, 0, 0
4050, 4300, 0, 0, 0
4150, 3050, 0, 0, 0
4249, 4393, 0, 0, 0
4349, 4440, 0, 0, 0
4449, 4360, 0, 0, 0
4549, 5410, 0, 0, 0
4649, 4540, 0, 0, 0
4749, 4720, 0, 0, 0
4849, 4770, 0, 0, 0
4949, 3560, 0, 0, 0
5050, 3910, 0, 0, 0
5150, 3030, 0, 0, 0
5250, 4330, 0, 0, 0
5350, 4520, 0, 0, 0
5450, 4510, 0, 0, 0
5550, 4500, 0, 0, 0
5650, 4560, 0, 0, 0
5749, 4222, 0, 0, 0
5849, 3280, 0, 0, 0
5949, 4060, 0, 0, 0
6049, 4320, 0, 0, 0
6149, 4820, 0, 0, 0
6250, 5020, 0, 0, 0
6350, 4640, 0, 0, 0
6450, 4370, 0, 0, 0
6550, 4660, 0, 0, 0
6650, 4370, 0, 0, 0
6749, 4505, 0, 0, 0
6849, 4320, 0, 0, 0
6949, 4300, 0, 0, 0
7049, 4680, 0, 0, 0
7149, 4260, 0, 0, 0
7249, 2620, 0, 0, 0
7349, 4120, 0, 0, 0
7449, 4450, 0, 0, 0
7549, 3830, 0, 0, 0
7649, 4800, 0, 0, 0
7750, 4390, 0, 0, 0
7850, 4130, 0, 0, 0
7950, 4460, 0, 0, 0
8050, 3820, 0, 0, 0
8150, 2950, 0, 0, 0
8249, 4252, 0, 0, 0
8349, 4540, 0, 0, 0
8449, 4490, 0, 0, 0
8549, 4600, 0, 0, 0
8649, 4600, 0, 0, 0
8749, 5000, 0, 0, 0
8849, 5410, 0, 0, 0
8949, 5620, 0, 0, 0
9049, 4660, 0, 0, 0
9150, 4410, 0, 0, 0
9250, 4070, 0, 0, 0
9350, 4880, 0, 0, 0
9450, 4520, 0, 0, 0
9550, 4710, 0, 0, 0
9650, 4300, 0, 0, 0
9749, 3939, 0, 0, 0
9849, 4310, 0, 0, 0
9949, 5380, 0, 0, 0
10049, 4890, 0, 0, 0
10149, 4850, 0, 0, 0
10249, 4780, 0, 0, 0
10349, 5160, 0, 0, 0
10449, 4380, 0, 0, 0
10550, 4560, 0, 0, 0
10650, 4460, 0, 0, 0
10749, 4777, 0, 0, 0
10849, 4970, 0, 0, 0
10949, 4810, 0, 0, 0
11049, 4780, 0, 0, 0
11149, 4690, 0, 0, 0
11249, 4540, 0, 0, 0
11349, 3900, 0, 0, 0
11449, 4950, 0, 0, 0
11550, 3880, 0, 0, 0
11650, 3710, 0, 0, 0
11750, 4340, 0, 0, 0
11850, 4180, 0, 0, 0
11950, 3420, 0, 0, 0
12050, 4000, 0, 0, 0
12150, 4540, 0, 0, 0
12249, 4505, 0, 0, 0
12349, 4210, 0, 0, 0
12449, 3030, 0, 0, 0
12549, 3690, 0, 0, 0
12649, 4540, 0, 0, 0
12749, 4650, 0, 0, 0
12849, 4600, 0, 0, 0
12949, 4570, 0, 0, 0
13050, 4030, 0, 0, 0
13150, 3500, 0, 0, 0
13249, 3535, 0, 0, 0
13349, 2980, 0, 0, 0
13449, 4230, 0, 0, 0
13549, 4510, 0, 0, 0
13649, 3800, 0, 0, 0
13749, 4360, 0, 0, 0
13849, 2800, 0, 0, 0
13949, 3500, 0, 0, 0
14049, 4160, 0, 0, 0
14149, 4860, 0, 0, 0
14249, 5100, 0, 0, 0
14349, 4520, 0, 0, 0
14450, 2780, 0, 0, 0
14550, 3680, 0, 0, 0
14650, 5580, 0, 0, 0
14749, 4545, 0, 0, 0
14849, 4320, 0, 0, 0
14949, 3860, 0, 0, 0
15049, 4410, 0, 0, 0
15149, 3520, 0, 0, 0
15249, 2450, 0, 0, 0
15349, 3880, 0, 0, 0
15449, 4670, 0, 0, 0
15550, 4030, 0, 0, 0
15650, 2790, 0, 0, 0
15749, 3262, 0, 0, 0
15849, 3820, 0, 0, 0
15949, 4540, 0, 0, 0
16049, 2840, 0, 0, 0
16149, 3640, 0, 0, 0
16249, 3950, 0, 0, 0
16349, 2830, 0, 0, 0
16449, 3600, 0, 0, 0
16549, 4160, 0, 0, 0
16649, 4250, 0, 0, 0
16750, 4210, 0, 0, 0
16850, 4640, 0, 0, 0
16950, 4900, 0, 0, 0
17050, 4630, 0, 0, 0
17150, 4270, 0, 0, 0
17249, 4545, 0, 0, 0
17349, 4220, 0, 0, 0
17449, 4220, 0, 0, 0
17549, 4760, 0, 0, 0
17649, 4010, 0, 0, 0
17749, 3260, 0, 0, 0
17849, 3950, 0, 0, 0
17949, 3830, 0, 0, 0
18050, 5040, 0, 0, 0
18150, 4800, 0, 0, 0
18250, 4570, 0, 0, 0
18350, 4640, 0, 0, 0
18450, 4370, 0, 0, 0
18550, 3830, 0, 0, 0
18650, 3930, 0, 0, 0
18749, 4373, 0, 0, 0
18849, 3880, 0, 0, 0
18949, 4440, 0, 0, 0
19049, 4650, 0, 0, 0
19149, 4280, 0, 0, 0
19249, 3710, 0, 0, 0
19349, 4640, 0, 0, 0
19449, 4760, 0, 0, 0
19550, 4300, 0, 0, 0
19650, 4220, 0, 0, 0
19750, 4560, 0, 0, 0
19850, 5080, 0, 0, 0
19950, 4680, 0, 0, 0
20050, 2650, 0, 0, 0
20150, 4050, 0, 0, 0
20249, 4656, 0, 0, 0
20349, 4910, 0, 0, 0
20449, 4110, 0, 0, 0
20549, 2890, 0, 0, 0
20649, 3440, 0, 0, 0
20749, 3340, 0, 0, 0
20849, 4470, 0, 0, 0
20949, 4400, 0, 0, 0
21050, 4230, 0, 0, 0
21150, 3740, 0, 0, 0
21249, 3393, 0, 0, 0
21349, 4610, 0, 0, 0
21449, 4640, 0, 0, 0
21549, 4520, 0, 0, 0
21649, 4480, 0, 0, 0
21749, 4310, 0, 0, 0
21849, 4350, 0, 0, 0
21949, 4450, 0, 0, 0
22049, 4660, 0, 0, 0
22149, 4760, 0, 0, 0
22249, 4760, 0, 0, 0
22350, 4560, 0, 0, 0
22450, 4240, 0, 0, 0
22550, 4720, 0, 0, 0
22650, 4760, 0, 0, 0
22749, 4585, 0, 0, 0
22849, 4310, 0, 0, 0
22949, 4530, 0, 0, 0
23049, 4620, 0, 0, 0
23149, 4600, 0, 0, 0
23249, 4310, 0, 0, 0
23349, 4470, 0, 0, 0
23449, 4540, 0, 0, 0
23549, 4300, 0, 0, 0
23649, 4200, 0, 0, 0
23750, 3340, 0, 0, 0
23850, 4830, 0, 0, 0
23950, 4690, 0, 0, 0
24050, 4580, 0, 0, 0
24150, 4400, 0, 0, 0
24249, 4292, 0, 0, 0
24349, 4340, 0, 0, 0
24449, 4460, 0, 0, 0
24549, 4350, 0, 0, 0
24649, 3500, 0, 0, 0
24749, 3820, 0, 0, 0
24849, 4140, 0, 0, 0
24949, 4090, 0, 0, 0
25049, 3340, 0, 0, 0
25150, 3000, 0, 0, 0
25250, 3520, 0, 0, 0
25350, 4370, 0, 0, 0
25450, 3320, 0, 0, 0
25550, 2020, 0, 0, 0
25650, 3210, 0, 0, 0
25749, 4747, 0, 0, 0
25849, 4780, 0, 0, 0
25949, 2820, 0, 0, 0
26049, 2980, 0, 0, 0
26149, 3850, 0, 0, 0
26249, 4130, 0, 0, 0
26349, 4340, 0, 0, 0
26449, 4460, 0, 0, 0
26549, 4340, 0, 0, 0
26650, 4430, 0, 0, 0
26750, 4740, 0, 0, 0
26850, 4960, 0, 0, 0
26950, 4690, 0, 0, 0
27050, 4420, 0, 0, 0
27150, 4220, 0, 0, 0
27249, 2626, 0, 0, 0
27349, 2880, 0, 0, 0
27449, 4130, 0, 0, 0
27549, 4570, 0, 0, 0
27649, 3420, 0, 0, 0
27749, 1860, 0, 0, 0
27849, 1860, 0, 0, 0
27949, 3850, 0, 0, 0
28050, 4200, 0, 0, 0
28150, 4630, 0, 0, 0
28249, 4868, 0, 0, 0
28349, 4770, 0, 0, 0
28449, 4450, 0, 0, 0
28549, 4560, 0, 0, 0
28649, 5320, 0, 0, 0
28749, 4510, 0, 0, 0
28849, 4510, 0, 0, 0
28949, 4850, 0, 0, 0
29049, 4500, 0, 0, 0
29149, 3460, 0, 0, 0
29250, 4550, 0, 0, 0
29350, 4540, 0, 0, 0
29450, 4520, 0, 0, 0
29550, 4900, 0, 0, 0
29650, 4620, 0, 0, 0
29749, 4080, 0, 0, 0
29849, 4600, 0, 0, 0
29949, 3670, 0, 0, 0
30049, 4610, 0, 0, 0
30149, 4120, 0, 0, 0
30249, 5130, 0, 0, 0
30349, 4870, 0, 0, 0
30449, 4230, 0, 0, 0
30550, 4350, 0, 0, 0
30650, 4480, 0, 0, 0
30750, 4130, 0, 0, 0
30850, 3460, 0, 0, 0
30950, 4340, 0, 0, 0
31050, 4810, 0, 0, 0
31150, 4740, 0, 0, 0
31249, 4747, 0, 0, 0
31349, 4780, 0, 0, 0
31449, 4060, 0, 0, 0
31549, 2680, 0, 0, 0
31649, 3720, 0, 0, 0
31749, 3920, 0, 0, 0
31849, 3000, 0, 0, 0
31949, 4060, 0, 0, 0
32050, 4870, 0, 0, 0
32150, 5030, 0, 0, 0
32249, 4303, 0, 0, 0
32349, 4040, 0, 0, 0
32449, 4500, 0, 0, 0
32549, 3020, 0, 0, 0
32649, 3700, 0, 0, 0
32749, 4700, 0, 0, 0
32849, 4760, 0, 0, 0
32949, 4660, 0, 0, 0
33049, 4400, 0, 0, 0
33149, 4380, 0, 0, 0
33249, 4710, 0, 0, 0
33350, 4290, 0, 0, 0
33450, 4260, 0, 0, 0
33550, 4260, 0, 0, 0
33650, 4560, 0, 0, 0
33749, 4888, 0, 0, 0
33849, 3780, 0, 0, 0
33949, 4000, 0, 0, 0
34049, 4110, 0, 0, 0
34149, 4810, 0, 0, 0
34249, 4060, 0, 0, 0
34349, 2720, 0, 0, 0
34449, 4090, 0, 0, 0
34549, 4470, 0, 0, 0
34649, 4300, 0, 0, 0
34750, 4210, 0, 0, 0
34850, 3580, 0, 0, 0
34950, 4290, 0, 0, 0
35050, 4880, 0, 0, 0
35150, 4580, 0, 0, 0
35249, 4313, 0, 0, 0
35349, 4450, 0, 0, 0
35449, 3660, 0, 0, 0
35549, 4040, 0, 0, 0
35649, 4620, 0, 0, 0
35749, 4460, 0, 0, 0
35849, 4200, 0, 0, 0
35949, 4400, 0, 0, 0
36049, 4540, 0, 0, 0
36149, 4480, 0, 0, 0
36250, 4140, 0, 0, 0
36350, 4480, 0, 0, 0
36450, 3760, 0, 0, 0
36550, 4340, 0, 0, 0
36650, 4200, 0, 0, 0
36749, 4161, 0, 0, 0
36849, 4060, 0, 0, 0
36949, 4460, 0, 0, 0
37049, 4560, 0, 0, 0
37149, 4220, 0, 0, 0
37249, 3420, 0, 0, 0
37349, 5060, 0, 0, 0
37449, 4380, 0, 0, 0
37549, 4240, 0, 0, 0
37649, 4990, 0, 0, 0
37750, 5270, 0, 0, 0
37850, 4810, 0, 0, 0
37950, 3210, 0, 0, 0
38050, 2840, 0, 0, 0
38150, 4040, 0, 0, 0
38249, 4363, 0, 0, 0
38349, 2810, 0, 0, 0
38449, 3950, 0, 0, 0
38549, 4640, 0, 0, 0
38649, 4450, 0, 0, 0
38749, 4370, 0, 0, 0
38849, 4170, 0, 0, 0
38949, 5170, 0, 0, 0
39049, 4470, 0, 0, 0
39150, 4590, 0, 0, 0
39250, 4640, 0, 0, 0
39350, 3220, 0, 0, 0
39450, 3300, 0, 0, 0
39550, 5560, 0, 0, 0
39650, 4900, 0, 0, 0
39749, 4717, 0, 0, 0
39849, 4850, 0, 0, 0
39949, 4820, 0, 0, 0
40049, 3220, 0, 0, 0
40149, 4050, 0, 0, 0
40249, 4770, 0, 0, 0
40349, 3320, 0, 0, 0
40449, 3820, 0, 0, 0
40549, 4740, 0, 0, 0
40649, 4230, 0, 0, 0
40750, 4060, 0, 0, 0
40850, 4730, 0, 0, 0
40950, 4090, 0, 0, 0
41050, 4530, 0, 0, 0
41150, 4580, 0, 0, 0
41249, 3989, 0, 0, 0
41349, 4160, 0, 0, 0
41449, 4650, 0, 0, 0
41549, 4460, 0, 0, 0
41649, 4520, 0, 0, 0
41749, 4370, 0, 0, 0
41849, 4370, 0, 0, 0
41949, 4620, 0, 0, 0
42050, 4460, 0, 0, 0
42150, 4470, 0, 0, 0
42249, 4282, 0, 0, 0
42349, 3730, 0, 0, 0
42449, 3870, 0, 0, 0
42549, 3130, 0, 0, 0
42649, 3680, 0, 0, 0
42749, 4090, 0, 0, 0
42849, 3990, 0, 0, 0
42949, 4240, 0, 0, 0
43049, 3830, 0, 0, 0
43149, 4180, 0, 0, 0
43250, 2710, 0, 0, 0
43350, 1920, 0, 0, 0
43450, 2590, 0, 0, 0
43550, 4860, 0, 0, 0
43650, 4640, 0, 0, 0
43749, 4606, 0, 0, 0
43849, 4550, 0, 0, 0
43949, 4630, 0, 0, 0
44049, 4670, 0, 0, 0
44149, 4840, 0, 0, 0
44249, 4790, 0, 0, 0
44349, 4580, 0, 0, 0
44449, 2640, 0, 0, 0
44550, 4250, 0, 0, 0
44650, 4850, 0, 0, 0
44749, 4575, 0, 0, 0
44849, 4290, 0, 0, 0
44949, 4130, 0, 0, 0
45049, 4310, 0, 0, 0
45149, 4850, 0, 0, 0
45249, 4760, 0, 0, 0
45349, 2980, 0, 0, 0
45449, 3550, 0, 0, 0
45549, 4140, 0, 0, 0
45649, 4380, 0, 0, 0
45750, 4630, 0, 0, 0
45850, 4310, 0, 0, 0
45950, 4530, 0, 0, 0
46050, 4920, 0, 0, 0
46150, 4760, 0, 0, 0
46249, 4686, 0, 0, 0
46349, 4260, 0, 0, 0
46449, 4040, 0, 0, 0
46549, 4420, 0, 0, 0
46649, 4470, 0, 0, 0
46749, 4150, 0, 0, 0
46849, 4260, 0, 0, 0
46949, 4730, 0, 0, 0
47050, 4550, 0, 0, 0
47150, 4910, 0, 0, 0
47249, 4757, 0, 0, 0
47349, 4950, 0, 0, 0
47449, 4560, 0, 0, 0
47549, 4470, 0, 0, 0
47649, 4310, 0, 0, 0
47749, 4440, 0, 0, 0
47849, 4680, 0, 0, 0
47949, 4320, 0, 0, 0
48049, 4110, 0, 0, 0
48149, 4420, 0, 0, 0
48249, 4590, 0, 0, 0
48349, 4520, 0, 0, 0
48449, 4050, 0, 0, 0
48550, 4100, 0, 0, 0
48650, 3780, 0, 0, 0
48750, 4500, 0, 0, 0
48850, 4450, 0, 0, 0
48950, 4590, 0, 0, 0
49050, 4650, 0, 0, 0
49150, 5040, 0, 0, 0
49249, 4434, 0, 0, 0
49349, 4510, 0, 0, 0
49449, 4870, 0, 0, 0
49549, 4690, 0, 0, 0
49649, 4220, 0, 0, 0
49749, 4520, 0, 0, 0
49850, 4450, 0, 0, 0
49950, 4690, 0, 0, 0
50050, 4510, 0, 0, 0
50150, 3760, 0, 0, 0
50249, 4282, 0, 0, 0
50349, 2760, 0, 0, 0
50449, 3060, 0, 0, 0
50549, 4000, 0, 0, 0
50649, 5020, 0, 0, 0
50749, 4080, 0, 0, 0
50849, 4630, 0, 0, 0
50949, 4880, 0, 0, 0
51050, 5130, 0, 0, 0
51150, 4380, 0, 0, 0
51250, 4220, 0, 0, 0
51350, 4460, 0, 0, 0
51450, 4880, 0, 0, 0
51550, 4580, 0, 0, 0
51650, 4140, 0, 0, 0
51749, 4020, 0, 0, 0
51849, 4380, 0, 0, 0
51949, 4740, 0, 0, 0
52049, 4510, 0, 0, 0
52149, 3110, 0, 0, 0
52250, 4230, 0, 0, 0
52350, 4490, 0, 0, 0
52450, 3360, 0, 0, 0
52550, 2740, 0, 0, 0
52650, 3670, 0, 0, 0
52749, 4595, 0, 0, 0
52849, 4590, 0, 0, 0
52949, 4290, 0, 0, 0
53049, 3020, 0, 0, 0
53149, 3420, 0, 0, 0
53249, 4160, 0, 0, 0
53349, 4320, 0, 0, 0
53449, 3620, 0, 0, 0
53549, 4740, 0, 0, 0
53650, 4390, 0, 0, 0
53750, 4540, 0, 0, 0
53850, 4940, 0, 0, 0
53950, 4590, 0, 0, 0
54050, 4200, 0, 0, 0
54150, 4540, 0, 0, 0
54249, 4919, 0, 0, 0
54349, 4520, 0, 0, 0
54449, 4330, 0, 0, 0
54549, 4460, 0, 0, 0
54649, 4300, 0, 0, 0
54749, 4420, 0, 0, 0
54849, 4190, 0, 0, 0
54949, 4580, 0, 0, 0
55050, 4490, 0, 0, 0
55150, 3880, 0, 0, 0
55250, 2870, 0, 0, 0
55350, 4370, 0, 0, 0
55450, 4370, 0, 0, 0
55550, 2510, 0, 0, 0
55650, 4120, 0, 0, 0
55749, 4626, 0, 0, 0
55849, 3700, 0, 0, 0
55949, 4420, 0, 0, 0
56049, 4190, 0, 0, 0
56149, 4440, 0, 0, 0
56249, 4470, 0, 0, 0
56349, 4030, 0, 0, 0
56450, 4530, 0, 0, 0
56550, 3710, 0, 0, 0
56650, 4440, 0, 0, 0
56749, 3888, 0, 0, 0
56849, 4180, 0, 0, 0
56949, 4160, 0, 0, 0
57049, 4520, 0, 0, 0
57149, 4380, 0, 0, 0
57249, 4340, 0, 0, 0
57349, 4980, 0, 0, 0
57449, 4910, 0, 0, 0
57549, 4170, 0, 0, 0
57650, 4100, 0, 0, 0
57750, 4320, 0, 0, 0
57850, 4480, 0, 0, 0
57950, 3490, 0, 0, 0
58050, 3170, 0, 0, 0
58150, 3460, 0, 0, 0
58249, 4141, 0, 0, 0
58349, 4530, 0, 0, 0
58449, 4010, 0, 0, 0
58549, 3670, 0, 0, 0
58649, 3200, 0, 0, 0
58749, 3430, 0, 0, 0
58849, 4870, 0, 0, 0
58949, 3810, 0, 0, 0
59050, 4300, 0, 0, 0
59150, 4580, 0, 0, 0
59249, 4676, 0, 0, 0
59349, 4330, 0, 0, 0
59449, 4770, 0, 0, 0
59549, 4730, 0, 0, 0
59649, 4160, 0, 0, 0
59749, 4440, 0, 0, 0
59849, 4460, 0, 0, 0
59949, 3060, 0, 0, 0
