100, 869918, 0, 0, 0
200, 877123, 0, 0, 0
300, 921907, 0, 0, 0
400, 891881, 0, 0, 0
500, 893932, 0, 0, 0
600, 1102161, 0, 0, 0
700, 845924, 0, 0, 0
800, 829133, 0, 0, 0
942, 1386603, 0, 0, 0
1008, 3861579, 0, 0, 0
1100, 838673, 0, 0, 0
1200, 879789, 0, 0, 0
1300, 957969, 0, 0, 0
1400, 838513, 0, 0, 0
1500, 878383, 0, 0, 0
1600, 886653, 0, 0, 0
1700, 854543, 0, 0, 0
1800, 1048382, 0, 0, 0
1900, 867690, 0, 0, 0
2000, 828698, 0, 0, 0
2100, 848960, 0, 0, 0
2200, 892016, 0, 0, 0
2301, 853667, 0, 0, 0
2400, 868139, 0, 0, 0
2500, 847418, 0, 0, 0
2600, 859589, 0, 0, 0
2700, 963940, 0, 0, 0
2800, 867475, 0, 0, 0
2900, 855268, 0, 0, 0
3000, 891224, 0, 0, 0
3100, 870804, 0, 0, 0
3200, 842193, 0, 0, 0
3300, 865797, 0, 0, 0
3400, 846192, 0, 0, 0
3500, 863252, 0, 0, 0
3600, 877184, 0, 0, 0
3701, 957425, 0, 0, 0
3800, 1135282, 0, 0, 0
3900, 1004590, 0, 0, 0
4001, 852973, 0, 0, 0
4100, 866948, 0, 0, 0
4200, 945709, 0, 0, 0
4300, 969657, 0, 0, 0
4400, 872790, 0, 0, 0
4500, 882261, 0, 0, 0
4600, 1007163, 0, 0, 0
4700, 850026, 0, 0, 0
4800, 839296, 0, 0, 0
4900, 841354, 0, 0, 0
5000, 854869, 0, 0, 0
5100, 866537, 0, 0, 0
5201, 884086, 0, 0, 0
5300, 861835, 0, 0, 0
5400, 862157, 0, 0, 0
5500, 855541, 0, 0, 0
5600, 1109180, 0, 0, 0
5700, 866125, 0, 0, 0
5800, 844966, 0, 0, 0
5900, 889844, 0, 0, 0
6013, 1909043, 0, 0, 0
6100, 859982, 0, 0, 0
6200, 869763, 0, 0, 0
6300, 870585, 0, 0, 0
6400, 869169, 0, 0, 0
6500, 834205, 0, 0, 0
6600, 847050, 0, 0, 0
6700, 854623, 0, 0, 0
6800, 923376, 0, 0, 0
6900, 852627, 0, 0, 0
7000, 841771, 0, 0, 0
7100, 873790, 0, 0, 0
7200, 865786, 0, 0, 0
7300, 849851, 0, 0, 0
7400, 866586, 0, 0, 0
7500, 888691, 0, 0, 0
7600, 865484, 0, 0, 0
7700, 1029001, 0, 0, 0
7800, 823458, 0, 0, 0
7900, 839375, 0, 0, 0
8000, 834455, 0, 0, 0
8100, 848024, 0, 0, 0
8200, 854238, 0, 0, 0
8300, 825016, 0, 0, 0
8401, 857387, 0, 0, 0
8500, 863378, 0, 0, 0
8600, 843122, 0, 0, 0
8700, 863981, 0, 0, 0
8800, 842358, 0, 0, 0
8901, 1053998, 0, 0, 0
9000, 866038, 0, 0, 0
9100, 887504, 0, 0, 0
9200, 863669, 0, 0, 0
9300, 931064, 0, 0, 0
9400, 850646, 0, 0, 0
9500, 841931, 0, 0, 0
9600, 858860, 0, 0, 0
9700, 840265, 0, 0, 0
9800, 843471, 0, 0, 0
9900, 847956, 0, 0, 0
10000, 850331, 0, 0, 0
10100, 900145, 0, 0, 0
10200, 845516, 0, 0, 0
10300, 837957, 0, 0, 0
10400, 882559, 0, 0, 0
10500, 891657, 0, 0, 0
10600, 844455, 0, 0, 0
10700, 973398, 0, 0, 0
10800, 853196, 0, 0, 0
10900, 854170, 0, 0, 0
11000, 1251784, 0, 0, 0
11100, 845839, 0, 0, 0
11200, 840391, 0, 0, 0
11300, 866119, 0, 0, 0
11401, 922669, 0, 0, 0
11500, 851611, 0, 0, 0
11600, 849568, 0, 0, 0
11700, 876657, 0, 0, 0
11800, 856790, 0, 0, 0
11900, 854502, 0, 0, 0
12000, 859429, 0, 0, 0
12100, 837277, 0, 0, 0
12200, 853745, 0, 0, 0
12300, 876845, 0, 0, 0
12400, 890594, 0, 0, 0
12501, 851759, 0, 0, 0
12600, 856468, 0, 0, 0
12700, 934505, 0, 0, 0
12800, 861680, 0, 0, 0
12900, 841660, 0, 0, 0
13000, 854508, 0, 0, 0
13100, 879299, 0, 0, 0
13200, 861940, 0, 0, 0
13300, 856602, 0, 0, 0
13400, 882769, 0, 0, 0
13500, 871522, 0, 0, 0
13600, 870282, 0, 0, 0
13700, 856699, 0, 0, 0
13800, 851833, 0, 0, 0
13900, 1123548, 0, 0, 0
14000, 854689, 0, 0, 0
14100, 864022, 0, 0, 0
14200, 839844, 0, 0, 0
14300, 917612, 0, 0, 0
14400, 867924, 0, 0, 0
14500, 857992, 0, 0, 0
14600, 888708, 0, 0, 0
14700, 873493, 0, 0, 0
14800, 854030, 0, 0, 0
14900, 908283, 0, 0, 0
15000, 875054, 0, 0, 0
15100, 869631, 0, 0, 0
15201, 866860, 0, 0, 0
15300, 837166, 0, 0, 0
15400, 866587, 0, 0, 0
15500, 846119, 0, 0, 0
15600, 824063, 0, 0, 0
15700, 892463, 0, 0, 0
15800, 867415, 0, 0, 0
15900, 892583, 0, 0, 0
16007, 1031889, 0, 0, 0
16100, 996717, 0, 0, 0
16200, 872892, 0, 0, 0
16300, 864466, 0, 0, 0
16400, 841992, 0, 0, 0
16500, 839276, 0, 0, 0
16600, 825993, 0, 0, 0
16700, 826109, 0, 0, 0
16800, 866254, 0, 0, 0
16900, 895533, 0, 0, 0
17000, 821883, 0, 0, 0
17100, 837380, 0, 0, 0
17200, 905876, 0, 0, 0
17300, 866282, 0, 0, 0
17400, 870916, 0, 0, 0
17500, 850232, 0, 0, 0
17600, 856986, 0, 0, 0
17700, 875116, 0, 0, 0
17800, 981425, 0, 0, 0
17900, 856525, 0, 0, 0
18000, 832237, 0, 0, 0
18101, 860758, 0, 0, 0
18200, 907829, 0, 0, 0
18300, 869029, 0, 0, 0
18400, 855669, 0, 0, 0
18500, 848495, 0, 0, 0
18600, 844547, 0, 0, 0
18700, 864278, 0, 0, 0
18800, 885326, 0, 0, 0
18900, 853168, 0, 0, 0
19000, 860035, 0, 0, 0
19100, 841209, 0, 0, 0
19200, 888395, 0, 0, 0
19300, 914150, 0, 0, 0
19400, 880437, 0, 0, 0
19500, 864734, 0, 0, 0
19600, 861466, 0, 0, 0
19700, 894379, 0, 0, 0
19800, 875192, 0, 0, 0
19900, 870686, 0, 0, 0
20000, 838641, 0, 0, 0
20100, 907813, 0, 0, 0
20200, 857719, 0, 0, 0
20300, 880822, 0, 0, 0
20400, 844461, 0, 0, 0
20500, 857585, 0, 0, 0
20600, 882532, 0, 0, 0
20700, 879147, 0, 0, 0
20800, 879134, 0, 0, 0
20900, 843040, 0, 0, 0
21000, 855343, 0, 0, 0
21100, 950770, 0, 0, 0
21200, 1253408, 0, 0, 0
21300, 895374, 0, 0, 0
21400, 835381, 0, 0, 0
21500, 831644, 0, 0, 0
21600, 823568, 0, 0, 0
21700, 857629, 0, 0, 0
21800, 870725, 0, 0, 0
21900, 835337, 0, 0, 0
22000, 908240, 0, 0, 0
22100, 839119, 0, 0, 0
22200, 837239, 0, 0, 0
22300, 861028, 0, 0, 0
22400, 877933, 0, 0, 0
22500, 868561, 0, 0, 0
22600, 863462, 0, 0, 0
22700, 831377, 0, 0, 0
22800, 974074, 0, 0, 0
22900, 849750, 0, 0, 0
23000, 872019, 0, 0, 0
23100, 866224, 0, 0, 0
23200, 880609, 0, 0, 0
23300, 854189, 0, 0, 0
23400, 849565, 0, 0, 0
23500, 863856, 0, 0, 0
23600, 866933, 0, 0, 0
23700, 824305, 0, 0, 0
23800, 856442, 0, 0, 0
23900, 927457, 0, 0, 0
24000, 1002128, 0, 0, 0
24100, 858399, 0, 0, 0
24200, 815562, 0, 0, 0
24300, 887366, 0, 0, 0
24400, 864273, 0, 0, 0
24500, 849327, 0, 0, 0
24600, 832120, 0, 0, 0
24701, 877446, 0, 0, 0
24800, 878065, 0, 0, 0
24900, 843657, 0, 0, 0
25000, 883790, 0, 0, 0
25100, 890114, 0, 0, 0
25200, 909687, 0, 0, 0
25300, 871118, 0, 0, 0
25400, 865857, 0, 0, 0
25500, 843871, 0, 0, 0
25600, 871658, 0, 0, 0
25700, 838577, 0, 0, 0
25800, 877431, 0, 0, 0
25900, 845359, 0, 0, 0
26000, 830170, 0, 0, 0
26100, 846578, 0, 0, 0
26200, 883812, 0, 0, 0
26300, 883689, 0, 0, 0
26400, 1093069, 0, 0, 0
26500, 946640, 0, 0, 0
26600, 851854, 0, 0, 0
26700, 835905, 0, 0, 0
26800, 896769, 0, 0, 0
26900, 905777, 0, 0, 0
27000, 1244398, 0, 0, 0
27100, 868529, 0, 0, 0
27200, 848316, 0, 0, 0
27431, 9595339, 0, 0, 0
27598, 55751012, 0, 0, 0
27600, 920588, 0, 0, 0
27730, 43443662, 0, 0, 0
27881, 75072002, 0, 0, 0
27919, 3522539, 0, 0, 0
28248, 109500298, 0, 0, 0
28407, 15913264, 0, 0, 0
28798, 19535210, 0, 0, 0
28800, 955916, 0, 0, 0
28989, 13499860, 0, 0, 0
29055, 16480469, 0, 0, 0
29230, 19386502, 0, 0, 0
29422, 9601557, 0, 0, 0
29629, 34524136, 0, 0, 0
29807, 13722686, 0, 0, 0
30030, 15904023, 0, 0, 0
30213, 9113426, 0, 0, 0
30392, 5415926, 0, 0, 0
30400, 992920, 0, 0, 0
30589, 14555426, 0, 0, 0
30600, 846387, 0, 0, 0
30833, 8301253, 0, 0, 0
31006, 13286967, 0, 0, 0
31100, 4947456, 0, 0, 0
31200, 951206, 0, 0, 0
31300, 940937, 0, 0, 0
31400, 1265195, 0, 0, 0
31504, 1346777, 0, 0, 0
31600, 897885, 0, 0, 0
31700, 905079, 0, 0, 0
31800, 1001242, 0, 0, 0
31900, 919096, 0, 0, 0
32048, 21179243, 0, 0, 0
32160, 27930127, 0, 0, 0
32264, 14929986, 0, 0, 0
32372, 4318395, 0, 0, 0
32400, 911817, 0, 0, 0
32501, 1319601, 0, 0, 0
32600, 915409, 0, 0, 0
32700, 918897, 0, 0, 0
32800, 909461, 0, 0, 0
32900, 923148, 0, 0, 0
33000, 884875, 0, 0, 0
33100, 901499, 0, 0, 0
33200, 922270, 0, 0, 0
33300, 897925, 0, 0, 0
33400, 948894, 0, 0, 0
33500, 964939, 0, 0, 0
33600, 892780, 0, 0, 0
33700, 902783, 0, 0, 0
33800, 888472, 0, 0, 0
33900, 880314, 0, 0, 0
34000, 918021, 0, 0, 0
34100, 1111736, 0, 0, 0
34200, 994561, 0, 0, 0
34300, 879987, 0, 0, 0
34400, 902671, 0, 0, 0
34500, 1015247, 0, 0, 0
34600, 888033, 0, 0, 0
34700, 852508, 0, 0, 0
34800, 855276, 0, 0, 0
34900, 916990, 0, 0, 0
35000, 876159, 0, 0, 0
35100, 923357, 0, 0, 0
35200, 872140, 0, 0, 0
35300, 889196, 0, 0, 0
35400, 895118, 0, 0, 0
35500, 890092, 0, 0, 0
35600, 880901, 0, 0, 0
35700, 837708, 0, 0, 0
35801, 875850, 0, 0, 0
35900, 926022, 0, 0, 0
36000, 875158, 0, 0, 0
36100, 902539, 0, 0, 0
36200, 879838, 0, 0, 0
36300, 873450, 0, 0, 0
36401, 877005, 0, 0, 0
36500, 851790, 0, 0, 0
36600, 913416, 0, 0, 0
36700, 862510, 0, 0, 0
36800, 854043, 0, 0, 0
36900, 891770, 0, 0, 0
37012, 4503469, 0, 0, 0
37225, 21211064, 0, 0, 0
37300, 891716, 0, 0, 0
37400, 865419, 0, 0, 0
37500, 1167598, 0, 0, 0
37600, 894342, 0, 0, 0
37700, 872383, 0, 0, 0
37800, 898360, 0, 0, 0
37900, 942045, 0, 0, 0
38000, 878370, 0, 0, 0
38100, 877848, 0, 0, 0
38200, 937851, 0, 0, 0
38300, 870998, 0, 0, 0
38400, 870040, 0, 0, 0
38500, 957085, 0, 0, 0
38600, 904626, 0, 0, 0
38700, 874301, 0, 0, 0
38800, 929550, 0, 0, 0
38900, 886107, 0, 0, 0
39000, 838113, 0, 0, 0
39100, 875138, 0, 0, 0
39200, 925997, 0, 0, 0
39300, 1163949, 0, 0, 0
39400, 888413, 0, 0, 0
39501, 877790, 0, 0, 0
39600, 1040533, 0, 0, 0
39700, 893319, 0, 0, 0
39800, 900181, 0, 0, 0
39900, 868524, 0, 0, 0
40000, 887744, 0, 0, 0
40100, 891339, 0, 0, 0
40200, 924546, 0, 0, 0
40300, 920757, 0, 0, 0
40400, 890189, 0, 0, 0
40500, 866953, 0, 0, 0
40600, 916317, 0, 0, 0
40700, 910093, 0, 0, 0
40800, 883636, 0, 0, 0
40900, 894100, 0, 0, 0
41000, 888695, 0, 0, 0
41100, 897312, 0, 0, 0
41200, 897589, 0, 0, 0
41300, 874371, 0, 0, 0
41400, 879749, 0, 0, 0
41500, 876195, 0, 0, 0
41600, 874111, 0, 0, 0
41700, 897760, 0, 0, 0
41800, 991203, 0, 0, 0
41900, 921173, 0, 0, 0
42044, 1996438, 0, 0, 0
42135, 15179666, 0, 0, 0
42200, 865072, 0, 0, 0
42300, 1053891, 0, 0, 0
42400, 839585, 0, 0, 0
42501, 878834, 0, 0, 0
42600, 1110232, 0, 0, 0
42700, 895379, 0, 0, 0
42800, 901410, 0, 0, 0
42900, 891113, 0, 0, 0
43000, 890932, 0, 0, 0
43101, 1262630, 0, 0, 0
43200, 918912, 0, 0, 0
43300, 962589, 0, 0, 0
43400, 903009, 0, 0, 0
43500, 869827, 0, 0, 0
43600, 875665, 0, 0, 0
43700, 908194, 0, 0, 0
43800, 858539, 0, 0, 0
43900, 885412, 0, 0, 0
44006, 2714856, 0, 0, 0
44100, 975822, 0, 0, 0
44200, 885760, 0, 0, 0
44300, 917745, 0, 0, 0
44400, 1152684, 0, 0, 0
44500, 926973, 0, 0, 0
44600, 1008582, 0, 0, 0
44700, 940367, 0, 0, 0
44800, 878380, 0, 0, 0
44900, 874200, 0, 0, 0
45001, 896083, 0, 0, 0
45100, 947627, 0, 0, 0
45200, 916632, 0, 0, 0
45300, 971472, 0, 0, 0
45400, 871014, 0, 0, 0
45500, 848555, 0, 0, 0
45600, 889677, 0, 0, 0
45700, 907598, 0, 0, 0
45800, 887095, 0, 0, 0
45900, 878102, 0, 0, 0
46000, 912023, 0, 0, 0
46100, 855337, 0, 0, 0
46200, 893727, 0, 0, 0
46300, 945691, 0, 0, 0
46400, 1522127, 0, 0, 0
46500, 901365, 0, 0, 0
46600, 888153, 0, 0, 0
46700, 870394, 0, 0, 0
46800, 912479, 0, 0, 0
46900, 872790, 0, 0, 0
47010, 1265179, 0, 0, 0
47100, 2500094, 0, 0, 0
47200, 871131, 0, 0, 0
47300, 957529, 0, 0, 0
47401, 931543, 0, 0, 0
47500, 929340, 0, 0, 0
47600, 874946, 0, 0, 0
47700, 1098034, 0, 0, 0
47800, 890854, 0, 0, 0
47900, 894273, 0, 0, 0
48000, 880150, 0, 0, 0
48100, 1070054, 0, 0, 0
48200, 872480, 0, 0, 0
48300, 820747, 0, 0, 0
48400, 947365, 0, 0, 0
48500, 869977, 0, 0, 0
48600, 860215, 0, 0, 0
48700, 878652, 0, 0, 0
48800, 937915, 0, 0, 0
48900, 851394, 0, 0, 0
49036, 1553967, 0, 0, 0
49100, 4859328, 0, 0, 0
49200, 885583, 0, 0, 0
49300, 884681, 0, 0, 0
49401, 1073335, 0, 0, 0
49500, 948365, 0, 0, 0
49600, 912351, 0, 0, 0
49700, 961849, 0, 0, 0
49800, 919285, 0, 0, 0
49900, 906359, 0, 0, 0
50000, 902938, 0, 0, 0
50100, 928780, 0, 0, 0
50200, 884685, 0, 0, 0
50300, 891902, 0, 0, 0
50400, 920051, 0, 0, 0
50500, 911259, 0, 0, 0
50600, 881948, 0, 0, 0
50700, 913477, 0, 0, 0
50800, 874349, 0, 0, 0
50900, 898594, 0, 0, 0
51000, 909910, 0, 0, 0
51100, 892395, 0, 0, 0
51200, 884980, 0, 0, 0
51300, 901297, 0, 0, 0
51400, 1609133, 0, 0, 0
51500, 1501725, 0, 0, 0
51600, 935683, 0, 0, 0
51700, 925389, 0, 0, 0
51800, 951929, 0, 0, 0
51900, 875514, 0, 0, 0
52000, 914378, 0, 0, 0
52100, 896007, 0, 0, 0
52200, 893729, 0, 0, 0
52300, 884006, 0, 0, 0
52400, 983495, 0, 0, 0
52501, 900860, 0, 0, 0
52600, 904451, 0, 0, 0
52700, 1042341, 0, 0, 0
52800, 872035, 0, 0, 0
52900, 910997, 0, 0, 0
53001, 922408, 0, 0, 0
53100, 1424192, 0, 0, 0
53200, 890593, 0, 0, 0
53300, 901860, 0, 0, 0
53400, 955619, 0, 0, 0
53500, 921237, 0, 0, 0
53600, 918954, 0, 0, 0
53700, 950836, 0, 0, 0
53800, 904111, 0, 0, 0
53904, 6465222, 0, 0, 0
54219, 157686327, 0, 0, 0
54305, 28661136, 0, 0, 0
54757, 50195599, 0, 0, 0
54818, 15230100, 0, 0, 0
55004, 9284569, 0, 0, 0
55210, 3365343, 0, 0, 0
55443, 23305580, 0, 0, 0
55665, 22224309, 0, 0, 0
55877, 11117497, 0, 0, 0
55934, 4087233, 0, 0, 0
56008, 4114522, 0, 0, 0
56248, 3283861, 0, 0, 0
56402, 9042227, 0, 0, 0
56740, 169031406, 0, 0, 0
56840, 8265728, 0, 0, 0
56920, 8907727, 0, 0, 0
57234, 39231388, 0, 0, 0
57310, 2719598, 0, 0, 0
57525, 7151940, 0, 0, 0
57814, 7409645, 0, 0, 0
58091, 8388820, 0, 0, 0
58102, 5371019, 0, 0, 0
58544, 25966141, 0, 0, 0
58793, 12469615, 0, 0, 0
58800, 906760, 0, 0, 0
59047, 41312850, 0, 0, 0
59123, 15138843, 0, 0, 0
59240, 2917511, 0, 0, 0
59300, 2110418, 0, 0, 0
59472, 17284051, 0, 0, 0
59686, 35510025, 0, 0, 0
59714, 2029282, 0, 0, 0
59890, 87902812, 0, 0, 0
59926, 5068808, 0, 0, 0
60010, 5259250, 0, 0, 0
60266, 5946944, 0, 0, 0
60321, 6140963, 0, 0, 0
60507, 10939066, 0, 0, 0
60676, 4958484, 0, 0, 0
60722, 3029399, 0, 0, 0
60812, 1808313, 0, 0, 0
60900, 1259355, 0, 0, 0
61000, 929060, 0, 0, 0
61100, 970203, 0, 0, 0
61200, 920042, 0, 0, 0
61300, 933215, 0, 0, 0
61453, 2280088, 0, 0, 0
61533, 15911926, 0, 0, 0
61600, 2555797, 0, 0, 0
61700, 2159862, 0, 0, 0
61800, 1162627, 0, 0, 0
62051, 2471091, 0, 0, 0
62120, 13806130, 0, 0, 0
62201, 3836518, 0, 0, 0
62300, 929879, 0, 0, 0
62400, 927255, 0, 0, 0
62500, 947481, 0, 0, 0
62600, 969549, 0, 0, 0
62700, 939498, 0, 0, 0
62800, 911174, 0, 0, 0
62900, 921778, 0, 0, 0
63000, 1359645, 0, 0, 0
63116, 1254369, 0, 0, 0
63200, 1328237, 0, 0, 0
63300, 968804, 0, 0, 0
63400, 977903, 0, 0, 0
63500, 928943, 0, 0, 0
63600, 920972, 0, 0, 0
63700, 935127, 0, 0, 0
63800, 905570, 0, 0, 0
63900, 921333, 0, 0, 0
64000, 962879, 0, 0, 0
64166, 3185856, 0, 0, 0
64200, 3364533, 0, 0, 0
64300, 945241, 0, 0, 0
64400, 1059714, 0, 0, 0
64500, 945657, 0, 0, 0
64600, 920657, 0, 0, 0
64700, 939496, 0, 0, 0
64800, 921511, 0, 0, 0
64900, 926671, 0, 0, 0
65001, 956722, 0, 0, 0
65100, 1070609, 0, 0, 0
65200, 941624, 0, 0, 0
65300, 926159, 0, 0, 0
65400, 927954, 0, 0, 0
65500, 911414, 0, 0, 0
65600, 912736, 0, 0, 0
65700, 916434, 0, 0, 0
65800, 960639, 0, 0, 0
65900, 934490, 0, 0, 0
66000, 931927, 0, 0, 0
66100, 942098, 0, 0, 0
66204, 1226852, 0, 0, 0
66300, 1048647, 0, 0, 0
66400, 962524, 0, 0, 0
66592, 8336952, 0, 0, 0
66600, 1625484, 0, 0, 0
66719, 2161468, 0, 0, 0
66800, 1601097, 0, 0, 0
66900, 1401226, 0, 0, 0
67001, 3145395, 0, 0, 0
67122, 120744464, 0, 0, 0
67200, 1770791, 0, 0, 0
67300, 924966, 0, 0, 0
67400, 939225, 0, 0, 0
67500, 954803, 0, 0, 0
67600, 958663, 0, 0, 0
67700, 971822, 0, 0, 0
67800, 975630, 0, 0, 0
67900, 961342, 0, 0, 0
68000, 925689, 0, 0, 0
68100, 1201001, 0, 0, 0
68201, 1050598, 0, 0, 0
68300, 961498, 0, 0, 0
68400, 954563, 0, 0, 0
68500, 951948, 0, 0, 0
68601, 959374, 0, 0, 0
68700, 946657, 0, 0, 0
68800, 948490, 0, 0, 0
68900, 981736, 0, 0, 0
69000, 943165, 0, 0, 0
69100, 1113437, 0, 0, 0
69204, 20719036, 0, 0, 0
69301, 3334435, 0, 0, 0
69402, 1419360, 0, 0, 0
69500, 1261826, 0, 0, 0
69600, 974002, 0, 0, 0
69700, 922388, 0, 0, 0
69800, 944169, 0, 0, 0
69900, 977581, 0, 0, 0
70000, 973295, 0, 0, 0
70100, 936234, 0, 0, 0
70200, 1268686, 0, 0, 0
70300, 929147, 0, 0, 0
70400, 951493, 0, 0, 0
70500, 942676, 0, 0, 0
70600, 928670, 0, 0, 0
70700, 959262, 0, 0, 0
70800, 936182, 0, 0, 0
70900, 970132, 0, 0, 0
71000, 1019579, 0, 0, 0
71100, 960382, 0, 0, 0
71200, 986496, 0, 0, 0
71300, 4176619, 0, 0, 0
71400, 1046883, 0, 0, 0
71530, 1777294, 0, 0, 0
71636, 15133029, 0, 0, 0
71709, 3153445, 0, 0, 0
71800, 1066336, 0, 0, 0
71900, 1155200, 0, 0, 0
72000, 932201, 0, 0, 0
72100, 948792, 0, 0, 0
72200, 928487, 0, 0, 0
72300, 917178, 0, 0, 0
72400, 943328, 0, 0, 0
72500, 927820, 0, 0, 0
72600, 962715, 0, 0, 0
72700, 907720, 0, 0, 0
72800, 944990, 0, 0, 0
72900, 939349, 0, 0, 0
73000, 949156, 0, 0, 0
73100, 936881, 0, 0, 0
73221, 1445777, 0, 0, 0
73300, 1152799, 0, 0, 0
73400, 926430, 0, 0, 0
73500, 915961, 0, 0, 0
73600, 961300, 0, 0, 0
73700, 942303, 0, 0, 0
73800, 952851, 0, 0, 0
73900, 923778, 0, 0, 0
74000, 953331, 0, 0, 0
74100, 1081813, 0, 0, 0
74271, 6121124, 0, 0, 0
74316, 44471436, 0, 0, 0
74400, 1435654, 0, 0, 0
74500, 942115, 0, 0, 0
74600, 943834, 0, 0, 0
74700, 950127, 0, 0, 0
74800, 942286, 0, 0, 0
74900, 908093, 0, 0, 0
75000, 927613, 0, 0, 0
75100, 917084, 0, 0, 0
75200, 1080256, 0, 0, 0
75300, 945020, 0, 0, 0
75400, 945836, 0, 0, 0
75500, 951092, 0, 0, 0
75600, 947472, 0, 0, 0
75700, 948150, 0, 0, 0
75800, 936057, 0, 0, 0
75900, 964972, 0, 0, 0
76000, 943305, 0, 0, 0
76100, 937219, 0, 0, 0
76200, 978132, 0, 0, 0
76317, 2243104, 0, 0, 0
76402, 21342202, 0, 0, 0
76552, 2718686, 0, 0, 0
76612, 14862344, 0, 0, 0
76700, 5192993, 0, 0, 0
76800, 1516679, 0, 0, 0
76900, 1017643, 0, 0, 0
77000, 930446, 0, 0, 0
77100, 945677, 0, 0, 0
77200, 937147, 0, 0, 0
77300, 963366, 0, 0, 0
77400, 948276, 0, 0, 0
77500, 964582, 0, 0, 0
77600, 941366, 0, 0, 0
77700, 943643, 0, 0, 0
77800, 940050, 0, 0, 0
77900, 985721, 0, 0, 0
78000, 954979, 0, 0, 0
78100, 927351, 0, 0, 0
78200, 924590, 0, 0, 0
78300, 1026734, 0, 0, 0
78400, 922998, 0, 0, 0
78500, 942934, 0, 0, 0
78601, 931103, 0, 0, 0
78700, 994792, 0, 0, 0
78800, 976127, 0, 0, 0
78900, 947453, 0, 0, 0
79000, 942344, 0, 0, 0
79100, 935949, 0, 0, 0
79280, 3262369, 0, 0, 0
79359, 26268423, 0, 0, 0
79444, 14226411, 0, 0, 0
79500, 1584805, 0, 0, 0
79600, 911505, 0, 0, 0
79700, 937801, 0, 0, 0
79800, 944588, 0, 0, 0
79900, 931275, 0, 0, 0
80000, 956422, 0, 0, 0
80100, 960223, 0, 0, 0
80200, 935405, 0, 0, 0
80300, 939198, 0, 0, 0
80400, 995449, 0, 0, 0
80500, 993700, 0, 0, 0
80600, 930699, 0, 0, 0
80700, 976353, 0, 0, 0
80800, 959103, 0, 0, 0
80900, 990878, 0, 0, 0
81000, 945781, 0, 0, 0
81100, 917531, 0, 0, 0
81200, 961314, 0, 0, 0
81352, 1469723, 0, 0, 0
81400, 6793395, 0, 0, 0
81500, 1638595, 0, 0, 0
81622, 2578304, 0, 0, 0
81704, 27345973, 0, 0, 0
81801, 16151941, 0, 0, 0
81900, 1421555, 0, 0, 0
82000, 1301611, 0, 0, 0
82100, 1025114, 0, 0, 0
82200, 1026439, 0, 0, 0
82300, 1056416, 0, 0, 0
82425, 10385654, 0, 0, 0
82500, 1506681, 0, 0, 0
82600, 1015799, 0, 0, 0
82700, 1024961, 0, 0, 0
82800, 1037689, 0, 0, 0
82900, 1042467, 0, 0, 0
83000, 1063587, 0, 0, 0
83100, 1089270, 0, 0, 0
83201, 1042548, 0, 0, 0
83300, 1047789, 0, 0, 0
83400, 1033769, 0, 0, 0
83500, 1033163, 0, 0, 0
83600, 1087749, 0, 0, 0
83701, 1045634, 0, 0, 0
83800, 1037987, 0, 0, 0
83900, 1077424, 0, 0, 0
84000, 996838, 0, 0, 0
84100, 1032871, 0, 0, 0
84318, 2524786, 0, 0, 0
84488, 170000703, 0, 0, 0
84508, 20284293, 0, 0, 0
84600, 3527727, 0, 0, 0
84700, 1272412, 0, 0, 0
84800, 1052141, 0, 0, 0
84900, 1071983, 0, 0, 0
85000, 1000710, 0, 0, 0
85143, 4210123, 0, 0, 0
85200, 1620539, 0, 0, 0
85300, 1039535, 0, 0, 0
85400, 1066538, 0, 0, 0
85500, 1081531, 0, 0, 0
85600, 1058432, 0, 0, 0
85700, 1052850, 0, 0, 0
85800, 1055624, 0, 0, 0
85900, 1024603, 0, 0, 0
86000, 1035977, 0, 0, 0
86100, 1045631, 0, 0, 0
86200, 1065285, 0, 0, 0
86300, 1045710, 0, 0, 0
86432, 4878226, 0, 0, 0
86500, 2250676, 0, 0, 0
86615, 1415950, 0, 0, 0
86734, 58939881, 0, 0, 0
86803, 9898413, 0, 0, 0
86905, 16975808, 0, 0, 0
87000, 1890586, 0, 0, 0
87100, 4350203, 0, 0, 0
87200, 1085454, 0, 0, 0
87300, 1107962, 0, 0, 0
87449, 4984753, 0, 0, 0
87541, 18338137, 0, 0, 0
87699, 39590699, 0, 0, 0
87700, 786827, 0, 0, 0
87800, 1076233, 0, 0, 0
87900, 1034751, 0, 0, 0
88000, 1039209, 0, 0, 0
88100, 1038437, 0, 0, 0
88200, 1060885, 0, 0, 0
88394, 3653066, 0, 0, 0
88400, 1132222, 0, 0, 0
88500, 1410113, 0, 0, 0
88600, 1037722, 0, 0, 0
88700, 1082986, 0, 0, 0
88800, 1093455, 0, 0, 0
88900, 1092870, 0, 0, 0
89000, 1085646, 0, 0, 0
89100, 1092278, 0, 0, 0
89217, 1266332, 0, 0, 0
89487, 14242214, 0, 0, 0
89538, 25233140, 0, 0, 0
89685, 29367489, 0, 0, 0
89750, 65040537, 0, 0, 0
89809, 2443437, 0, 0, 0
89900, 1228100, 0, 0, 0
90000, 1020097, 0, 0, 0
