109, 9719714, 1, 0, 0
200, 9471792, 1, 0, 0
303, 10087987, 1, 0, 0
404, 16944362, 1, 0, 0
502, 9432332, 1, 0, 0
600, 8171906, 1, 0, 0
700, 10494038, 1, 0, 0
803, 10835065, 1, 0, 0
900, 8901426, 1, 0, 0
1001, 8529069, 1, 0, 0
1100, 8920560, 1, 0, 0
1202, 8616263, 1, 0, 0
1301, 9150072, 1, 0, 0
1409, 12907607, 1, 0, 0
1500, 12490980, 1, 0, 0
1604, 21723139, 1, 0, 0
1700, 18113037, 1, 0, 0
1801, 7425964, 1, 0, 0
1900, 10097213, 1, 0, 0
2002, 11055440, 1, 0, 0
2104, 9953776, 1, 0, 0
2202, 7510427, 1, 0, 0
2306, 8224545, 1, 0, 0
2407, 8592119, 1, 0, 0
2503, 11760337, 1, 0, 0
2601, 9052960, 1, 0, 0
2737, 10882073, 1, 0, 0
2802, 11851678, 1, 0, 0
2904, 9751751, 1, 0, 0
3002, 9821293, 1, 0, 0
3102, 9667669, 1, 0, 0
3208, 8249293, 1, 0, 0
3302, 8888475, 1, 0, 0
3401, 9061376, 1, 0, 0
3503, 10745392, 1, 0, 0
3612, 9613552, 1, 0, 0
3701, 10428928, 1, 0, 0
3805, 10926809, 1, 0, 0
3901, 12781937, 1, 0, 0
4007, 10451138, 1, 0, 0
4105, 11922495, 1, 0, 0
4206, 22110099, 1, 0, 0
4305, 12694940, 1, 0, 0
4401, 7832698, 1, 0, 0
4501, 8734113, 1, 0, 0
4602, 15226868, 1, 0, 0
4708, 12511647, 1, 0, 0
4809, 17507657, 1, 0, 0
4910, 14722640, 1, 0, 0
5008, 9533729, 1, 0, 0
5100, 9509164, 1, 0, 0
5204, 9292419, 1, 0, 0
5301, 10085912, 1, 0, 0
5405, 9187008, 1, 0, 0
5504, 19390367, 1, 0, 0
5606, 10262274, 1, 0, 0
5705, 10544749, 1, 0, 0
5803, 10068564, 1, 0, 0
5903, 9594537, 1, 0, 0
6004, 10499322, 1, 0, 0
6103, 9565547, 1, 0, 0
6201, 9044121, 1, 0, 0
6302, 11040510, 1, 0, 0
6409, 9168756, 1, 0, 0
6502, 13020980, 1, 0, 0
6604, 10702517, 1, 0, 0
6701, 19233845, 1, 0, 0
6800, 11882709, 1, 0, 0
6903, 9665257, 1, 0, 0
7002, 10576251, 1, 0, 0
7101, 8483920, 1, 0, 0
7204, 8977811, 1, 0, 0
7301, 10344918, 1, 0, 0
7402, 9229955, 1, 0, 0
7529, 10160720, 1, 0, 0
7603, 10611413, 1, 0, 0
7705, 9608505, 1, 0, 0
7802, 10237865, 1, 0, 0
7903, 10583855, 1, 0, 0
8006, 12261636, 1, 0, 0
8102, 7737308, 1, 0, 0
8205, 9701812, 1, 0, 0
8300, 18939747, 1, 0, 0
8402, 10934855, 1, 0, 0
8503, 8926294, 1, 0, 0
8605, 10353587, 1, 0, 0
8704, 10346757, 1, 0, 0
8800, 9611371, 1, 0, 0
8917, 9517943, 1, 0, 0
9000, 8838101, 1, 0, 0
9105, 10305140, 1, 0, 0
9200, 10628664, 1, 0, 0
9303, 10190117, 1, 0, 0
9400, 7991345, 1, 0, 0
9502, 10205288, 1, 0, 0
9623, 13211492, 1, 0, 0
9709, 12607183, 1, 0, 0
9800, 8670306, 1, 0, 0
9902, 15205799, 1, 0, 0
10003, 9002098, 1, 0, 0
10108, 9755114, 1, 0, 0
10202, 8543266, 1, 0, 0
10302, 9577920, 1, 0, 0
10400, 8281404, 1, 0, 0
10537, 10528323, 1, 0, 0
10606, 24424004, 1, 0, 0
10706, 14114175, 1, 0, 0
10804, 9872659, 1, 0, 0
10902, 14343987, 1, 0, 0
11003, 8838900, 1, 0, 0
11103, 9128887, 1, 0, 0
11203, 11365679, 1, 0, 0
11307, 9234121, 1, 0, 0
11406, 10046291, 1, 0, 0
11500, 11167307, 1, 0, 0
11601, 10978570, 1, 0, 0
11702, 11411691, 1, 0, 0
11803, 23907013, 1, 0, 0
11903, 10969357, 1, 0, 0
12000, 11117351, 1, 0, 0
12100, 10907557, 1, 0, 0
12203, 10988077, 1, 0, 0
12300, 9509646, 1, 0, 0
12400, 8816835, 1, 0, 0
12502, 10673699, 1, 0, 0
12600, 9557602, 1, 0, 0
12701, 8499585, 1, 0, 0
12803, 9982820, 1, 0, 0
12903, 10556404, 1, 0, 0
13004, 11757055, 1, 0, 0
13100, 9780458, 1, 0, 0
13202, 11776808, 1, 0, 0
13301, 11506072, 1, 0, 0
13400, 15786382, 1, 0, 0
13504, 8987889, 1, 0, 0
13602, 8916434, 1, 0, 0
13707, 9854166, 1, 0, 0
13801, 10366086, 1, 0, 0
13903, 10416833, 1, 0, 0
14008, 12886878, 1, 0, 0
14103, 8537197, 1, 0, 0
14200, 9795692, 1, 0, 0
14307, 8721019, 1, 0, 0
14401, 13224565, 1, 0, 0
14501, 8663064, 1, 0, 0
14601, 12742333, 1, 0, 0
14705, 15600285, 1, 0, 0
14800, 8007596, 1, 0, 0
14907, 9998579, 1, 0, 0
15003, 12638810, 1, 0, 0
15103, 11368777, 1, 0, 0
15204, 7662205, 1, 0, 0
15303, 8968334, 1, 0, 0
15401, 8866222, 1, 0, 0
15506, 10818071, 1, 0, 0
15610, 12934610, 1, 0, 0
15704, 15004823, 1, 0, 0
15805, 9687283, 1, 0, 0
15903, 8693091, 1, 0, 0
16004, 10563510, 1, 0, 0
16100, 9480181, 1, 0, 0
16202, 8957306, 1, 0, 0
16301, 8560355, 1, 0, 0
16401, 10619681, 1, 0, 0
16506, 11025222, 1, 0, 0
16600, 9227499, 1, 0, 0
16702, 11091945, 1, 0, 0
16800, 8791372, 1, 0, 0
16902, 16506016, 1, 0, 0
17003, 11179969, 1, 0, 0
17102, 12885663, 1, 0, 0
17200, 10644890, 1, 0, 0
17302, 9506329, 1, 0, 0
17402, 11950455, 1, 0, 0
17503, 8705831, 1, 0, 0
17604, 10061485, 1, 0, 0
17702, 12774209, 1, 0, 0
17807, 9995395, 1, 0, 0
17913, 10262996, 1, 0, 0
18003, 9171688, 1, 0, 0
18108, 10000309, 1, 0, 0
18200, 8950254, 1, 0, 0
18300, 11636356, 1, 0, 0
18400, 8811574, 1, 0, 0
18502, 15411118, 1, 0, 0
18604, 9246164, 1, 0, 0
18704, 9268009, 1, 0, 0
18803, 8509830, 1, 0, 0
18904, 10297037, 1, 0, 0
19013, 9648051, 1, 0, 0
19100, 9779675, 1, 0, 0
19211, 8794304, 1, 0, 0
19302, 10490912, 1, 0, 0
19400, 9152243, 1, 0, 0
19503, 12681115, 1, 0, 0
19600, 11078347, 1, 0, 0
19708, 11476311, 1, 0, 0
19800, 14133502, 1, 0, 0
19901, 9854608, 1, 0, 0
20007, 9980308, 1, 0, 0
20110, 13099310, 1, 0, 0
20203, 11265747, 1, 0, 0
20300, 8968882, 1, 0, 0
20400, 8181815, 1, 0, 0
20506, 11744857, 1, 0, 0
20603, 9887168, 1, 0, 0
20701, 9588437, 1, 0, 0
20802, 12761364, 1, 0, 0
20906, 11664475, 1, 0, 0
21006, 12124731, 1, 0, 0
21116, 10603448, 1, 0, 0
21201, 10616077, 1, 0, 0
21300, 9223834, 1, 0, 0
21400, 11438301, 1, 0, 0
21500, 9261207, 1, 0, 0
21602, 10392729, 1, 0, 0
21702, 9850270, 1, 0, 0
21805, 9302012, 1, 0, 0
21904, 9965642, 1, 0, 0
22010, 12615960, 1, 0, 0
22102, 10563992, 1, 0, 0
22204, 9274690, 1, 0, 0
22305, 10757101, 1, 0, 0
22401, 11612712, 1, 0, 0
22502, 9295461, 1, 0, 0
22609, 10286327, 1, 0, 0
22707, 10063617, 1, 0, 0
22800, 7860430, 1, 0, 0
22907, 10550320, 1, 0, 0
23000, 11297460, 1, 0, 0
23102, 8004981, 1, 0, 0
23200, 12691112, 1, 0, 0
23302, 9439838, 1, 0, 0
23401, 9916105, 1, 0, 0
23503, 11558250, 1, 0, 0
23611, 17295692, 1, 0, 0
23706, 8049564, 1, 0, 0
23801, 10241004, 1, 0, 0
23904, 9997028, 1, 0, 0
24005, 9662790, 1, 0, 0
24107, 11941299, 1, 0, 0
24204, 8564962, 1, 0, 0
24306, 9668352, 1, 0, 0
24406, 10442659, 1, 0, 0
24500, 10404141, 1, 0, 0
24606, 9005766, 1, 0, 0
24701, 10577297, 1, 0, 0
24803, 18344217, 1, 0, 0
24904, 13708377, 1, 0, 0
25000, 9067401, 1, 0, 0
25138, 15780972, 1, 0, 0
25203, 14981231, 1, 0, 0
25301, 8681782, 1, 0, 0
25403, 7349874, 1, 0, 0
25503, 9166965, 1, 0, 0
25602, 9278464, 1, 0, 0
25704, 10093278, 1, 0, 0
25800, 9022762, 1, 0, 0
25900, 9616507, 1, 0, 0
26001, 9287547, 1, 0, 0
26110, 8797410, 1, 0, 0
26210, 9502820, 1, 0, 0
26302, 9700014, 1, 0, 0
26403, 8132167, 1, 0, 0
26501, 7748890, 1, 0, 0
26603, 7983306, 1, 0, 0
26702, 10325688, 1, 0, 0
26810, 9828249, 1, 0, 0
26900, 10764040, 1, 0, 0
27037, 13910012, 1, 0, 0
27104, 14362357, 1, 0, 0
27201, 9560221, 1, 0, 0
27301, 12059189, 1, 0, 0
27405, 9117901, 1, 0, 0
27509, 10585582, 1, 0, 0
27603, 8835516, 1, 0, 0
27700, 9366297, 1, 0, 0
27808, 8678150, 1, 0, 0
27901, 9523441, 1, 0, 0
28000, 10017672, 1, 0, 0
28106, 9940181, 1, 0, 0
28200, 10417872, 1, 0, 0
28302, 14450163, 1, 0, 0
28403, 9864002, 1, 0, 0
28505, 10351939, 1, 0, 0
28643, 11866592, 1, 0, 0
28704, 11229118, 1, 0, 0
28804, 8183263, 1, 0, 0
28901, 13480804, 1, 0, 0
29004, 9963161, 1, 0, 0
29100, 9339529, 1, 0, 0
29200, 9667360, 1, 0, 0
29300, 9665550, 1, 0, 0
29405, 10326145, 1, 0, 0
29506, 13177594, 1, 0, 0
29608, 10011125, 1, 0, 0
29701, 10175037, 1, 0, 0
29825, 11848590, 1, 0, 0
29902, 10255113, 1, 0, 0
30005, 12330500, 1, 0, 0
30100, 10198766, 1, 0, 0
30203, 13154276, 1, 0, 0
30301, 8991168, 1, 0, 0
30402, 9403635, 1, 0, 0
30502, 9230040, 1, 0, 0
30603, 8968190, 1, 0, 0
30701, 10426562, 1, 0, 0
30800, 9135369, 1, 0, 0
30900, 8977985, 1, 0, 0
31001, 8438830, 1, 0, 0
31107, 9218009, 1, 0, 0
31204, 12816334, 1, 0, 0
31302, 11022899, 1, 0, 0
31406, 8906300, 1, 0, 0
31504, 9104997, 1, 0, 0
31600, 10148454, 1, 0, 0
31703, 10961449, 1, 0, 0
31801, 11803607, 1, 0, 0
31903, 9685592, 1, 0, 0
32000, 10722976, 1, 0, 0
32133, 14048851, 1, 0, 0
32218, 17510523, 1, 0, 0
32316, 16130605, 1, 0, 0
32404, 10664327, 1, 0, 0
32507, 10225579, 1, 0, 0
32601, 10815335, 1, 0, 0
32703, 8819100, 1, 0, 0
32800, 11528286, 1, 0, 0
32902, 8332959, 1, 0, 0
33004, 9122805, 1, 0, 0
33104, 10932512, 1, 0, 0
33207, 10103161, 1, 0, 0
33308, 10580560, 1, 0, 0
33413, 11019928, 1, 0, 0
33503, 13045365, 1, 0, 0
33602, 9124005, 1, 0, 0
33736, 9904851, 1, 0, 0
33800, 9226777, 1, 0, 0
33902, 9614835, 1, 0, 0
34001, 8933118, 1, 0, 0
34100, 8737308, 1, 0, 0
34205, 9723117, 1, 0, 0
34305, 10031103, 1, 0, 0
34406, 9463046, 1, 0, 0
34506, 10774518, 1, 0, 0
34601, 12798586, 1, 0, 0
34703, 10220740, 1, 0, 0
34806, 10073380, 1, 0, 0
34915, 13860348, 1, 0, 0
35024, 16629297, 1, 0, 0
35104, 10010918, 1, 0, 0
35202, 10544345, 1, 0, 0
35306, 9386253, 1, 0, 0
35403, 12408975, 1, 0, 0
35503, 8790168, 1, 0, 0
35601, 11944645, 1, 0, 0
35704, 9042448, 1, 0, 0
35805, 10151719, 1, 0, 0
35906, 12512296, 1, 0, 0
36003, 11574046, 1, 0, 0
36100, 9774780, 1, 0, 0
36206, 9576751, 1, 0, 0
36305, 9576483, 1, 0, 0
36405, 10029920, 1, 0, 0
36504, 9524778, 1, 0, 0
36604, 8657722, 1, 0, 0
36700, 12763190, 1, 0, 0
36804, 8412767, 1, 0, 0
36903, 11489473, 1, 0, 0
37005, 10319130, 1, 0, 0
37103, 9399166, 1, 0, 0
37232, 11017594, 1, 0, 0
37303, 11904939, 1, 0, 0
37402, 10118842, 1, 0, 0
37503, 9236199, 1, 0, 0
37600, 9343516, 1, 0, 0
37706, 9036739, 1, 0, 0
37805, 7871392, 1, 0, 0
37902, 10289871, 1, 0, 0
38007, 10986689, 1, 0, 0
38109, 10100841, 1, 0, 0
38205, 16998485, 1, 0, 0
38301, 10398634, 1, 0, 0
38407, 9356909, 1, 0, 0
38501, 10996170, 1, 0, 0
38601, 8614183, 1, 0, 0
38702, 11612400, 1, 0, 0
38827, 10025669, 1, 0, 0
38914, 13077947, 1, 0, 0
39001, 11048577, 1, 0, 0
39104, 7959349, 1, 0, 0
39210, 10697204, 1, 0, 0
39303, 12759719, 1, 0, 0
39401, 10744727, 1, 0, 0
39501, 8165761, 1, 0, 0
39609, 9399872, 1, 0, 0
39700, 12982796, 1, 0, 0
39802, 9885072, 1, 0, 0
39908, 11599993, 1, 0, 0
40024, 17458904, 1, 0, 0
40100, 17204672, 1, 0, 0
40203, 12288320, 1, 0, 0
40300, 9540423, 1, 0, 0
40401, 8956091, 1, 0, 0
40501, 10483862, 1, 0, 0
40601, 7486092, 1, 0, 0
40704, 9807855, 1, 0, 0
40800, 11259688, 1, 0, 0
40901, 9411141, 1, 0, 0
41001, 8415407, 1, 0, 0
41102, 10325280, 1, 0, 0
41202, 9946235, 1, 0, 0
41302, 9140911, 1, 0, 0
41400, 9989131, 1, 0, 0
41503, 10687215, 1, 0, 0
41605, 10876124, 1, 0, 0
41701, 9643198, 1, 0, 0
41803, 11146948, 1, 0, 0
41905, 9954552, 1, 0, 0
42001, 11386216, 1, 0, 0
42110, 12521404, 1, 0, 0
42201, 9329736, 1, 0, 0
42329, 14652509, 1, 0, 0
42402, 11748522, 1, 0, 0
42509, 10784215, 1, 0, 0
42600, 10498925, 1, 0, 0
42700, 7712275, 1, 0, 0
42800, 8689203, 1, 0, 0
42908, 10113528, 1, 0, 0
43003, 9233541, 1, 0, 0
43110, 10088707, 1, 0, 0
43206, 16133174, 1, 0, 0
43301, 10115830, 1, 0, 0
43401, 10775134, 1, 0, 0
43511, 10393552, 1, 0, 0
43607, 11716647, 1, 0, 0
43705, 8563349, 1, 0, 0
43800, 10033852, 1, 0, 0
43916, 11663514, 1, 0, 0
44004, 9923575, 1, 0, 0
44101, 11156692, 1, 0, 0
44203, 13511637, 1, 0, 0
44306, 12697723, 1, 0, 0
44401, 12540940, 1, 0, 0
44502, 10147995, 1, 0, 0
44602, 9211080, 1, 0, 0
44701, 9940561, 1, 0, 0
44805, 9443621, 1, 0, 0
44903, 8921666, 1, 0, 0
45001, 16084561, 1, 0, 0
45150, 13182909, 1, 0, 0
45201, 18230823, 1, 0, 0
45300, 11080521, 1, 0, 0
45403, 10458471, 1, 0, 0
45511, 9002657, 1, 0, 0
45604, 10431523, 1, 0, 0
45700, 9180000, 1, 0, 0
45801, 10710796, 1, 0, 0
45903, 9317663, 1, 0, 0
46008, 13304208, 1, 0, 0
46100, 11614119, 1, 0, 0
46210, 9039929, 1, 0, 0
46308, 10759378, 1, 0, 0
46403, 10010660, 1, 0, 0
46506, 11421720, 1, 0, 0
46601, 11072169, 1, 0, 0
46705, 10233613, 1, 0, 0
46808, 9681628, 1, 0, 0
46905, 10729299, 1, 0, 0
47001, 9291744, 1, 0, 0
47102, 9161625, 1, 0, 0
47204, 10414129, 1, 0, 0
47300, 9967270, 1, 0, 0
47438, 12947745, 1, 0, 0
47504, 17338115, 1, 0, 0
47601, 8825803, 1, 0, 0
47709, 9918538, 1, 0, 0
47810, 10085350, 1, 0, 0
47900, 8683604, 1, 0, 0
48001, 10493696, 1, 0, 0
48102, 9280525, 1, 0, 0
48204, 8525482, 1, 0, 0
48304, 19665852, 1, 0, 0
48400, 9524890, 1, 0, 0
48505, 10251841, 1, 0, 0
48600, 9700084, 1, 0, 0
48704, 9759903, 1, 0, 0
48801, 8838634, 1, 0, 0
48902, 11397570, 1, 0, 0
49009, 18943523, 1, 0, 0
49103, 8765243, 1, 0, 0
49217, 10912601, 1, 0, 0
49307, 11452619, 1, 0, 0
49415, 12594384, 1, 0, 0
49506, 9164040, 1, 0, 0
49602, 10428233, 1, 0, 0
49702, 13048957, 1, 0, 0
49803, 11278526, 1, 0, 0
49900, 9881147, 1, 0, 0
50000, 12370742, 1, 0, 0
50103, 19694583, 1, 0, 0
50244, 14260986, 1, 0, 0
50310, 26910169, 1, 0, 0
50400, 9114261, 1, 0, 0
50502, 9865962, 1, 0, 0
50601, 8748549, 1, 0, 0
50702, 9126211, 1, 0, 0
50801, 7708329, 1, 0, 0
50901, 10796376, 1, 0, 0
51000, 11649724, 1, 0, 0
51106, 9295517, 1, 0, 0
51213, 10890257, 1, 0, 0
51335, 12004722, 1, 0, 0
51402, 10560782, 1, 0, 0
51508, 8533795, 1, 0, 0
51607, 9564357, 1, 0, 0
51704, 8951082, 1, 0, 0
51805, 9855947, 1, 0, 0
51903, 11156286, 1, 0, 0
52007, 8796302, 1, 0, 0
52104, 12396019, 1, 0, 0
52204, 10516100, 1, 0, 0
52313, 10066134, 1, 0, 0
52400, 9373061, 1, 0, 0
52566, 13946536, 1, 0, 0
52604, 18824533, 1, 0, 0
52706, 8961695, 1, 0, 0
52804, 8987080, 1, 0, 0
52901, 8542923, 1, 0, 0
53007, 10036925, 1, 0, 0
53100, 9830953, 1, 0, 0
53200, 9407839, 1, 0, 0
53306, 11320320, 1, 0, 0
53403, 25642277, 1, 0, 0
53502, 14336681, 1, 0, 0
53608, 12908763, 1, 0, 0
53700, 10673287, 1, 0, 0
53802, 11226460, 1, 0, 0
53902, 8236011, 1, 0, 0
54010, 8246195, 1, 0, 0
54104, 23140720, 1, 0, 0
54201, 10102925, 1, 0, 0
54302, 9589123, 1, 0, 0
54402, 8758753, 1, 0, 0
54500, 14659458, 1, 0, 0
54601, 8974593, 1, 0, 0
54701, 8748994, 1, 0, 0
54801, 8696470, 1, 0, 0
54904, 9794253, 1, 0, 0
55000, 9997353, 1, 0, 0
55132, 10579832, 1, 0, 0
55216, 37273709, 1, 0, 0
55369, 26012164, 1, 0, 0
55404, 37891609, 1, 0, 0
55501, 10948668, 1, 0, 0
55603, 8920552, 1, 0, 0
55704, 10572002, 1, 0, 0
55809, 8477898, 1, 0, 0
55903, 10885546, 1, 0, 0
56001, 12193950, 1, 0, 0
56101, 8909715, 1, 0, 0
56200, 9435560, 1, 0, 0
56309, 9516143, 1, 0, 0
56403, 17453955, 1, 0, 0
56507, 14076214, 1, 0, 0
56603, 11780727, 1, 0, 0
56700, 9081122, 1, 0, 0
56808, 8592303, 1, 0, 0
56902, 12662190, 1, 0, 0
57011, 15101315, 1, 0, 0
57102, 9435924, 1, 0, 0
57202, 9426551, 1, 0, 0
57302, 10064118, 1, 0, 0
57400, 9663719, 1, 0, 0
57507, 9095536, 1, 0, 0
57601, 9666724, 1, 0, 0
57704, 24331253, 1, 0, 0
57805, 10072030, 1, 0, 0
57913, 9439002, 1, 0, 0
58000, 9657011, 1, 0, 0
58102, 11206201, 1, 0, 0
58200, 10058406, 1, 0, 0
58300, 10892888, 1, 0, 0
58411, 10534206, 1, 0, 0
58542, 22801009, 1, 0, 0
58604, 13046706, 1, 0, 0
58700, 7261991, 1, 0, 0
58800, 9761655, 1, 0, 0
58902, 12532504, 1, 0, 0
59001, 9686888, 1, 0, 0
59107, 10660923, 1, 0, 0
59205, 16647661, 1, 0, 0
59310, 10980389, 1, 0, 0
59406, 10427791, 1, 0, 0
59505, 11988155, 1, 0, 0
59602, 9964558, 1, 0, 0
59706, 9360278, 1, 0, 0
59802, 9885053, 1, 0, 0
59906, 10397711, 1, 0, 0
60006, 10604964, 1, 0, 0
60103, 9884072, 1, 0, 0
60209, 11549323, 1, 0, 0
60350, 16388763, 1, 0, 0
60402, 16936347, 1, 0, 0
60504, 33477416, 1, 0, 0
60603, 7808349, 1, 0, 0
60705, 9717126, 1, 0, 0
60802, 12302358, 1, 0, 0
60904, 7977265, 1, 0, 0
61000, 8004520, 1, 0, 0
61102, 8345855, 1, 0, 0
61205, 8610239, 1, 0, 0
61302, 10764640, 1, 0, 0
61402, 10469955, 1, 0, 0
61507, 9623339, 1, 0, 0
61600, 13131526, 1, 0, 0
61704, 12279174, 1, 0, 0
61801, 10047900, 1, 0, 0
61905, 9834366, 1, 0, 0
62000, 10751942, 1, 0, 0
62102, 10116593, 1, 0, 0
62201, 8948795, 1, 0, 0
62305, 11084426, 1, 0, 0
62400, 10013122, 1, 0, 0
62504, 8830753, 1, 0, 0
62600, 11287071, 1, 0, 0
62707, 9162638, 1, 0, 0
62801, 16809269, 1, 0, 0
62903, 8216603, 1, 0, 0
63013, 8999453, 1, 0, 0
63102, 8764532, 1, 0, 0
63203, 9342207, 1, 0, 0
63305, 8697584, 1, 0, 0
63404, 9027291, 1, 0, 0
63510, 10428662, 1, 0, 0
63645, 14000714, 1, 0, 0
63702, 15077170, 1, 0, 0
63802, 8750650, 1, 0, 0
63901, 10240123, 1, 0, 0
64000, 8824488, 1, 0, 0
64100, 9428824, 1, 0, 0
64202, 8503703, 1, 0, 0
64302, 17643095, 1, 0, 0
64402, 10104479, 1, 0, 0
64501, 9685973, 1, 0, 0
64605, 9832283, 1, 0, 0
64703, 10016957, 1, 0, 0
64800, 12748856, 1, 0, 0
64900, 9437207, 1, 0, 0
65001, 11665442, 1, 0, 0
65103, 9934913, 1, 0, 0
65200, 9341457, 1, 0, 0
65300, 8955934, 1, 0, 0
65464, 11906854, 1, 0, 0
65587, 32360089, 1, 0, 0
65605, 30041810, 1, 0, 0
65700, 9817208, 1, 0, 0
65802, 9941752, 1, 0, 0
65903, 10463733, 1, 0, 0
66006, 10151359, 1, 0, 0
66100, 12480069, 1, 0, 0
66207, 9618268, 1, 0, 0
66301, 7811513, 1, 0, 0
66404, 9343680, 1, 0, 0
66507, 9790305, 1, 0, 0
66600, 8969754, 1, 0, 0
66700, 9183826, 1, 0, 0
66818, 14903060, 1, 0, 0
66900, 9745910, 1, 0, 0
67003, 8403437, 1, 0, 0
67102, 9650949, 1, 0, 0
67204, 10073019, 1, 0, 0
67300, 8084454, 1, 0, 0
67400, 10405334, 1, 0, 0
67511, 11065210, 1, 0, 0
67603, 10030550, 1, 0, 0
67708, 9007072, 1, 0, 0
67803, 9210152, 1, 0, 0
67900, 11614217, 1, 0, 0
68006, 10222651, 1, 0, 0
68100, 10220854, 1, 0, 0
68202, 8679748, 1, 0, 0
68306, 10077682, 1, 0, 0
68405, 10044751, 1, 0, 0
68501, 10408653, 1, 0, 0
68612, 10606891, 1, 0, 0
68748, 11933093, 1, 0, 0
68802, 13764034, 1, 0, 0
68911, 9044721, 1, 0, 0
69002, 10288897, 1, 0, 0
69111, 12594875, 1, 0, 0
69201, 10427424, 1, 0, 0
69300, 9786972, 1, 0, 0
69400, 14433240, 1, 0, 0
69504, 10069129, 1, 0, 0
69605, 9769018, 1, 0, 0
69705, 16133952, 1, 0, 0
69802, 7769704, 1, 0, 0
69904, 8813568, 1, 0, 0
70000, 9890805, 1, 0, 0
70101, 8742002, 1, 0, 0
70204, 9057078, 1, 0, 0
70301, 8536596, 1, 0, 0
70409, 10160815, 1, 0, 0
70556, 16994314, 1, 0, 0
70605, 21313702, 1, 0, 0
70729, 13800681, 1, 0, 0
70801, 15739943, 1, 0, 0
70901, 9054319, 1, 0, 0
71000, 9561149, 1, 0, 0
71105, 9989930, 1, 0, 0
71202, 11121951, 1, 0, 0
71304, 8358345, 1, 0, 0
71400, 9135692, 1, 0, 0
71512, 9707712, 1, 0, 0
71607, 11979130, 1, 0, 0
71706, 9507159, 1, 0, 0
71813, 9903010, 1, 0, 0
71906, 11542595, 1, 0, 0
72000, 10693701, 1, 0, 0
72114, 9239934, 1, 0, 0
72201, 10510675, 1, 0, 0
72300, 10810692, 1, 0, 0
72401, 11989211, 1, 0, 0
72501, 6734443, 1, 0, 0
72600, 8589395, 1, 0, 0
72703, 9187970, 1, 0, 0
72801, 9591632, 1, 0, 0
72902, 7952451, 1, 0, 0
73001, 13296457, 1, 0, 0
73103, 13172514, 1, 0, 0
73200, 11299087, 1, 0, 0
73308, 10038611, 1, 0, 0
73401, 8912681, 1, 0, 0
73503, 9159589, 1, 0, 0
73604, 10177713, 1, 0, 0
73702, 11055853, 1, 0, 0
73840, 13559041, 1, 0, 0
73901, 21019696, 1, 0, 0
74000, 10528044, 1, 0, 0
74103, 8261419, 1, 0, 0
74205, 9668948, 1, 0, 0
74305, 11948224, 1, 0, 0
74404, 11737457, 1, 0, 0
74501, 11468553, 1, 0, 0
74600, 8503622, 1, 0, 0
74701, 8793001, 1, 0, 0
74805, 10463499, 1, 0, 0
74902, 7493326, 1, 0, 0
75003, 10339016, 1, 0, 0
75102, 11077022, 1, 0, 0
75202, 11082066, 1, 0, 0
75310, 11212135, 1, 0, 0
75400, 12012588, 1, 0, 0
75508, 9741583, 1, 0, 0
75633, 12325042, 1, 0, 0
75704, 10929088, 1, 0, 0
75803, 11536744, 1, 0, 0
75903, 12760441, 1, 0, 0
76000, 7856154, 1, 0, 0
76102, 8838137, 1, 0, 0
76204, 11091724, 1, 0, 0
76304, 6977298, 1, 0, 0
76408, 9436679, 1, 0, 0
76502, 8440833, 1, 0, 0
76603, 9622299, 1, 0, 0
76703, 8725711, 1, 0, 0
76803, 8334702, 1, 0, 0
76904, 10038590, 1, 0, 0
77000, 12873874, 1, 0, 0
77107, 10689085, 1, 0, 0
77208, 11755017, 1, 0, 0
77300, 11096239, 1, 0, 0
77400, 11013640, 1, 0, 0
77500, 7829504, 1, 0, 0
77600, 9755466, 1, 0, 0
77702, 8099823, 1, 0, 0
77802, 8714079, 1, 0, 0
77902, 10114663, 1, 0, 0
78011, 9604739, 1, 0, 0
78105, 9276790, 1, 0, 0
78211, 12541702, 1, 0, 0
78302, 11139627, 1, 0, 0
78405, 10650691, 1, 0, 0
78504, 9372107, 1, 0, 0
78605, 12392484, 1, 0, 0
78703, 10836708, 1, 0, 0
78800, 8999721, 1, 0, 0
78913, 12464354, 1, 0, 0
79000, 15242297, 1, 0, 0
79100, 8161877, 1, 0, 0
79200, 9567273, 1, 0, 0
79302, 10519244, 1, 0, 0
79400, 10845165, 1, 0, 0
79503, 10553499, 1, 0, 0
79604, 9999786, 1, 0, 0
79729, 15247001, 1, 0, 0
79800, 12681091, 1, 0, 0
79900, 10051581, 1, 0, 0
80001, 9930766, 1, 0, 0
80103, 9877023, 1, 0, 0
80203, 9694648, 1, 0, 0
80305, 9501573, 1, 0, 0
80404, 9647005, 1, 0, 0
80505, 9004442, 1, 0, 0
80601, 9105045, 1, 0, 0
80709, 10657736, 1, 0, 0
80802, 10289056, 1, 0, 0
80902, 10959799, 1, 0, 0
81051, 11889031, 1, 0, 0
81105, 16893426, 1, 0, 0
81204, 8347564, 1, 0, 0
81300, 9342213, 1, 0, 0
81401, 9617294, 1, 0, 0
81503, 11247134, 1, 0, 0
81604, 8908229, 1, 0, 0
81700, 9104194, 1, 0, 0
81802, 8765716, 1, 0, 0
81900, 12017608, 1, 0, 0
82003, 9261686, 1, 0, 0
82116, 15024443, 1, 0, 0
82204, 12548461, 1, 0, 0
82302, 9456048, 1, 0, 0
82404, 9593762, 1, 0, 0
82502, 8103421, 1, 0, 0
82609, 9402663, 1, 0, 0
82706, 11684986, 1, 0, 0
82803, 9467651, 1, 0, 0
82903, 8319339, 1, 0, 0
83004, 10066888, 1, 0, 0
83104, 8262460, 1, 0, 0
83200, 10177972, 1, 0, 0
83309, 10157966, 1, 0, 0
83402, 7782767, 1, 0, 0
83502, 9334258, 1, 0, 0
83601, 9205357, 1, 0, 0
83700, 11038184, 1, 0, 0
83801, 8134659, 1, 0, 0
83905, 9968882, 1, 0, 0
84000, 9506548, 1, 0, 0
84102, 9233582, 1, 0, 0
84203, 10076825, 1, 0, 0
84307, 8794997, 1, 0, 0
84403, 9122835, 1, 0, 0
84500, 9288165, 1, 0, 0
84607, 9858143, 1, 0, 0
84734, 11298542, 1, 0, 0
84801, 13615032, 1, 0, 0
84905, 13278303, 1, 0, 0
85004, 13045585, 1, 0, 0
85101, 11099311, 1, 0, 0
85200, 8161313, 1, 0, 0
85302, 10421479, 1, 0, 0
85401, 10237866, 1, 0, 0
85500, 10071063, 1, 0, 0
85607, 10790175, 1, 0, 0
85701, 9621127, 1, 0, 0
85804, 11014765, 1, 0, 0
85909, 11417026, 1, 0, 0
86004, 9602271, 1, 0, 0
86110, 11674325, 1, 0, 0
86202, 10784622, 1, 0, 0
86302, 8978138, 1, 0, 0
86405, 8478616, 1, 0, 0
86509, 11389054, 1, 0, 0
86604, 9642458, 1, 0, 0
86703, 10103936, 1, 0, 0
86807, 10653466, 1, 0, 0
86911, 45727157, 1, 0, 0
87037, 18814634, 1, 0, 0
87100, 11296667, 1, 0, 0
87792, 55060939, 1, 0, 0
87801, 309914354, 1, 0, 0
87913, 9483131, 1, 0, 0
88002, 11741368, 1, 0, 0
88271, 27104782, 1, 0, 0
88302, 44115428, 1, 0, 0
88413, 9088446, 1, 0, 0
88503, 8159618, 1, 0, 0
88600, 10354203, 1, 0, 0
88705, 8371815, 1, 0, 0
88803, 10977737, 1, 0, 0
88903, 8471912, 1, 0, 0
89005, 10797581, 1, 0, 0
89100, 8914725, 1, 0, 0
89201, 8974640, 1, 0, 0
89302, 9914111, 1, 0, 0
89407, 9837751, 1, 0, 0
89504, 8083079, 1, 0, 0
89675, 21268202, 1, 0, 0
89700, 56323592, 1, 0, 0
89982, 28084426, 1, 0, 0
90145, 195650292, 1, 0, 0
90155, 172181656, 1, 0, 0
