101, 4736056, 1, 0, 0
200, 4425725, 1, 0, 0
300, 3865834, 1, 0, 0
402, 4237580, 1, 0, 0
500, 3843170, 1, 0, 0
601, 4244629, 1, 0, 0
701, 4222591, 1, 0, 0
801, 4751518, 1, 0, 0
901, 4459576, 1, 0, 0
1000, 4262888, 1, 0, 0
1100, 4326958, 1, 0, 0
1200, 4181995, 1, 0, 0
1300, 4757790, 1, 0, 0
1401, 4051505, 1, 0, 0
1501, 4154167, 1, 0, 0
1601, 4769818, 1, 0, 0
1702, 4577302, 1, 0, 0
1803, 4045341, 1, 0, 0
1904, 4456024, 1, 0, 0
2001, 3856829, 1, 0, 0
2101, 6490387, 1, 0, 0
2205, 4117765, 1, 0, 0
2301, 4598726, 1, 0, 0
2401, 4681477, 1, 0, 0
2500, 4119748, 1, 0, 0
2600, 4475952, 1, 0, 0
2701, 3782927, 1, 0, 0
2802, 4207981, 1, 0, 0
2902, 4144362, 1, 0, 0
3001, 4049253, 1, 0, 0
3100, 3845918, 1, 0, 0
3200, 4605394, 1, 0, 0
3301, 4416542, 1, 0, 0
3401, 3622813, 1, 0, 0
3500, 4164471, 1, 0, 0
3602, 4518240, 1, 0, 0
3701, 4554688, 1, 0, 0
3800, 3939879, 1, 0, 0
3903, 4035583, 1, 0, 0
4003, 4158599, 1, 0, 0
4104, 7149195, 1, 0, 0
4201, 4165823, 1, 0, 0
4302, 6127705, 1, 0, 0
4404, 4043060, 1, 0, 0
4501, 4795981, 1, 0, 0
4601, 5086389, 1, 0, 0
4702, 4913383, 1, 0, 0
4800, 5823653, 1, 0, 0
4903, 4799926, 1, 0, 0
5001, 4600778, 1, 0, 0
5101, 5178002, 1, 0, 0
5200, 3979454, 1, 0, 0
5300, 4568077, 1, 0, 0
5401, 3831179, 1, 0, 0
5501, 3978906, 1, 0, 0
5600, 3913211, 1, 0, 0
5704, 4092284, 1, 0, 0
5802, 4974016, 1, 0, 0
5900, 5321698, 1, 0, 0
6002, 4040322, 1, 0, 0
6100, 3885958, 1, 0, 0
6203, 3838046, 1, 0, 0
6301, 4021720, 1, 0, 0
6400, 4393835, 1, 0, 0
6500, 3724488, 1, 0, 0
6602, 4285890, 1, 0, 0
6700, 3570468, 1, 0, 0
6802, 4238403, 1, 0, 0
6900, 4543604, 1, 0, 0
7000, 4162628, 1, 0, 0
7101, 3726927, 1, 0, 0
7201, 4496740, 1, 0, 0
7303, 4556745, 1, 0, 0
7401, 3693581, 1, 0, 0
7500, 4124026, 1, 0, 0
7601, 4138146, 1, 0, 0
7700, 3992106, 1, 0, 0
7801, 3958323, 1, 0, 0
7901, 4234025, 1, 0, 0
8000, 4737249, 1, 0, 0
8100, 5141433, 1, 0, 0
8202, 4035271, 1, 0, 0
8306, 4164701, 1, 0, 0
8400, 4069086, 1, 0, 0
8501, 4426424, 1, 0, 0
8602, 4162482, 1, 0, 0
8701, 4421735, 1, 0, 0
8801, 4636870, 1, 0, 0
8901, 4463073, 1, 0, 0
9002, 3784403, 1, 0, 0
9102, 6206049, 1, 0, 0
9200, 4256978, 1, 0, 0
9303, 4307253, 1, 0, 0
9401, 4444943, 1, 0, 0
9500, 3852973, 1, 0, 0
9601, 5024925, 1, 0, 0
9700, 3680022, 1, 0, 0
9802, 4603775, 1, 0, 0
9900, 4109888, 1, 0, 0
10001, 4188738, 1, 0, 0
10100, 4394094, 1, 0, 0
10203, 4561546, 1, 0, 0
10301, 4594016, 1, 0, 0
10401, 3683916, 1, 0, 0
10502, 4244280, 1, 0, 0
10600, 3949976, 1, 0, 0
10700, 4018908, 1, 0, 0
10800, 4508457, 1, 0, 0
10900, 3730254, 1, 0, 0
11000, 4356355, 1, 0, 0
11100, 3711049, 1, 0, 0
11202, 3874796, 1, 0, 0
11300, 3609771, 1, 0, 0
11402, 3952921, 1, 0, 0
11500, 4366799, 1, 0, 0
11601, 4299681, 1, 0, 0
11701, 4055617, 1, 0, 0
11803, 4069498, 1, 0, 0
11900, 4224025, 1, 0, 0
12001, 4322492, 1, 0, 0
12100, 3875586, 1, 0, 0
12201, 3546194, 1, 0, 0
12301, 4498121, 1, 0, 0
12404, 4075250, 1, 0, 0
12502, 4126982, 1, 0, 0
12600, 3609634, 1, 0, 0
12700, 4190929, 1, 0, 0
12801, 3736360, 1, 0, 0
12900, 4484643, 1, 0, 0
13000, 3865006, 1, 0, 0
13103, 4054666, 1, 0, 0
13200, 4304899, 1, 0, 0
13300, 4033970, 1, 0, 0
13400, 4082854, 1, 0, 0
13502, 3837703, 1, 0, 0
13602, 4007266, 1, 0, 0
13700, 3878380, 1, 0, 0
13802, 4204516, 1, 0, 0
13901, 4139035, 1, 0, 0
14003, 4876960, 1, 0, 0
14101, 4151660, 1, 0, 0
14201, 3993735, 1, 0, 0
14300, 4385516, 1, 0, 0
14401, 4216737, 1, 0, 0
14501, 4322896, 1, 0, 0
14601, 4754169, 1, 0, 0
14701, 4387803, 1, 0, 0
14801, 3765417, 1, 0, 0
14901, 4263038, 1, 0, 0
15000, 4055338, 1, 0, 0
15100, 4266643, 1, 0, 0
15200, 3662491, 1, 0, 0
15302, 3726175, 1, 0, 0
15402, 4921148, 1, 0, 0
15501, 3692606, 1, 0, 0
15600, 3779197, 1, 0, 0
15700, 4110941, 1, 0, 0
15800, 3693225, 1, 0, 0
15902, 3707617, 1, 0, 0
16000, 4545941, 1, 0, 0
16102, 4056713, 1, 0, 0
16200, 3593109, 1, 0, 0
16300, 4106137, 1, 0, 0
16401, 3910807, 1, 0, 0
16500, 4482041, 1, 0, 0
16600, 4975878, 1, 0, 0
16700, 3360285, 1, 0, 0
16802, 4403952, 1, 0, 0
16901, 5458256, 1, 0, 0
17001, 5399997, 1, 0, 0
17102, 4433370, 1, 0, 0
17201, 3714183, 1, 0, 0
17301, 4729945, 1, 0, 0
17402, 3932466, 1, 0, 0
17501, 4545701, 1, 0, 0
17604, 3920145, 1, 0, 0
17703, 4875111, 1, 0, 0
17801, 4139388, 1, 0, 0
17900, 4367960, 1, 0, 0
18002, 4408395, 1, 0, 0
18101, 3952309, 1, 0, 0
18201, 4252547, 1, 0, 0
18300, 4014223, 1, 0, 0
18401, 4637185, 1, 0, 0
18502, 4017755, 1, 0, 0
18600, 4207671, 1, 0, 0
18703, 4704617, 1, 0, 0
18800, 4225583, 1, 0, 0
18900, 4875425, 1, 0, 0
19001, 4209919, 1, 0, 0
19100, 3391272, 1, 0, 0
19200, 3641846, 1, 0, 0
19303, 3795733, 1, 0, 0
19401, 4088672, 1, 0, 0
19502, 4092018, 1, 0, 0
19601, 4289580, 1, 0, 0
19702, 3743321, 1, 0, 0
19802, 4260272, 1, 0, 0
19900, 4549786, 1, 0, 0
20002, 4412537, 1, 0, 0
20102, 4176764, 1, 0, 0
20202, 4605688, 1, 0, 0
20302, 4042889, 1, 0, 0
20401, 4486741, 1, 0, 0
20501, 4169901, 1, 0, 0
20601, 3818613, 1, 0, 0
20702, 3447812, 1, 0, 0
20801, 4282566, 1, 0, 0
20901, 3957239, 1, 0, 0
21004, 3700920, 1, 0, 0
21100, 4784178, 1, 0, 0
21201, 3926599, 1, 0, 0
21301, 4533908, 1, 0, 0
21401, 3826430, 1, 0, 0
21502, 4473029, 1, 0, 0
21603, 4121422, 1, 0, 0
21700, 3966890, 1, 0, 0
21802, 4098777, 1, 0, 0
21904, 4533256, 1, 0, 0
22000, 3493724, 1, 0, 0
22103, 4149530, 1, 0, 0
22202, 3870158, 1, 0, 0
22300, 4674621, 1, 0, 0
22403, 4265345, 1, 0, 0
22500, 4649411, 1, 0, 0
22602, 4135482, 1, 0, 0
22700, 4023002, 1, 0, 0
22801, 4785081, 1, 0, 0
22904, 4001915, 1, 0, 0
23001, 5180572, 1, 0, 0
23100, 4253502, 1, 0, 0
23201, 3701351, 1, 0, 0
23303, 4098581, 1, 0, 0
23400, 4383498, 1, 0, 0
23502, 3748039, 1, 0, 0
23603, 4919021, 1, 0, 0
23701, 4302908, 1, 0, 0
23800, 4465962, 1, 0, 0
23901, 3799555, 1, 0, 0
24000, 4637546, 1, 0, 0
24103, 3771713, 1, 0, 0
24202, 3830862, 1, 0, 0
24301, 4229461, 1, 0, 0
24402, 3829396, 1, 0, 0
24501, 4330771, 1, 0, 0
24601, 3921797, 1, 0, 0
24702, 3618861, 1, 0, 0
24800, 4055175, 1, 0, 0
24901, 3983582, 1, 0, 0
25001, 4008541, 1, 0, 0
25101, 3902638, 1, 0, 0
25200, 4273818, 1, 0, 0
25302, 4974873, 1, 0, 0
25400, 4215099, 1, 0, 0
25500, 4479953, 1, 0, 0
25600, 3824306, 1, 0, 0
25702, 4597849, 1, 0, 0
25800, 4519504, 1, 0, 0
25902, 4188892, 1, 0, 0
26000, 3822263, 1, 0, 0
26101, 3960890, 1, 0, 0
26202, 4192085, 1, 0, 0
26300, 4476781, 1, 0, 0
26400, 4019230, 1, 0, 0
26503, 4511671, 1, 0, 0
26601, 4315278, 1, 0, 0
26700, 4001118, 1, 0, 0
26800, 3998215, 1, 0, 0
26902, 3682721, 1, 0, 0
27000, 4694156, 1, 0, 0
27100, 4092430, 1, 0, 0
27202, 4033642, 1, 0, 0
27300, 4207344, 1, 0, 0
27401, 4265519, 1, 0, 0
27501, 3672795, 1, 0, 0
27601, 4445872, 1, 0, 0
27701, 4453383, 1, 0, 0
27800, 4193226, 1, 0, 0
27901, 4643130, 1, 0, 0
28002, 3994174, 1, 0, 0
28100, 4251320, 1, 0, 0
28202, 4224019, 1, 0, 0
28301, 4127398, 1, 0, 0
28401, 4575744, 1, 0, 0
28502, 4810627, 1, 0, 0
28601, 4318457, 1, 0, 0
28701, 3426930, 1, 0, 0
28802, 4126298, 1, 0, 0
28900, 4120590, 1, 0, 0
29000, 4866431, 1, 0, 0
29101, 6284003, 1, 0, 0
29202, 3929210, 1, 0, 0
29301, 4575446, 1, 0, 0
29401, 3900340, 1, 0, 0
29502, 5032886, 1, 0, 0
29602, 4197214, 1, 0, 0
29700, 3969671, 1, 0, 0
29802, 3428528, 1, 0, 0
29903, 4032992, 1, 0, 0
30000, 4174451, 1, 0, 0
30101, 4089752, 1, 0, 0
30201, 3715889, 1, 0, 0
30302, 4777979, 1, 0, 0
30403, 4013508, 1, 0, 0
30502, 4038448, 1, 0, 0
30601, 4278813, 1, 0, 0
30701, 5135996, 1, 0, 0
30800, 4323826, 1, 0, 0
30901, 3277644, 1, 0, 0
31000, 4033747, 1, 0, 0
31100, 4612704, 1, 0, 0
31200, 4106833, 1, 0, 0
31300, 4235315, 1, 0, 0
31402, 4170568, 1, 0, 0
31500, 3757667, 1, 0, 0
31600, 4007487, 1, 0, 0
31702, 4043136, 1, 0, 0
31800, 4217864, 1, 0, 0
31900, 4335471, 1, 0, 0
32000, 4199648, 1, 0, 0
32114, 4471334, 1, 0, 0
32200, 4409557, 1, 0, 0
32301, 4084750, 1, 0, 0
32400, 3914913, 1, 0, 0
32502, 4199741, 1, 0, 0
32600, 4672973, 1, 0, 0
32703, 4065245, 1, 0, 0
32800, 4054085, 1, 0, 0
32901, 4560669, 1, 0, 0
33000, 3594357, 1, 0, 0
33103, 4421310, 1, 0, 0
33200, 5046257, 1, 0, 0
33300, 3753990, 1, 0, 0
33401, 4341190, 1, 0, 0
33501, 4096740, 1, 0, 0
33600, 3920102, 1, 0, 0
33700, 4297751, 1, 0, 0
33803, 4037815, 1, 0, 0
33900, 4146614, 1, 0, 0
34001, 4098324, 1, 0, 0
34100, 3428178, 1, 0, 0
34201, 3787067, 1, 0, 0
34300, 3542200, 1, 0, 0
34400, 3794710, 1, 0, 0
34500, 4443138, 1, 0, 0
34603, 4527072, 1, 0, 0
34706, 3962558, 1, 0, 0
34802, 4077121, 1, 0, 0
34902, 3769300, 1, 0, 0
35000, 3784728, 1, 0, 0
35101, 3810147, 1, 0, 0
35204, 4150999, 1, 0, 0
35301, 3919134, 1, 0, 0
35401, 4825231, 1, 0, 0
35502, 4094329, 1, 0, 0
35600, 4799927, 1, 0, 0
35700, 5047955, 1, 0, 0
35800, 3697379, 1, 0, 0
35900, 4266238, 1, 0, 0
36000, 3972747, 1, 0, 0
36101, 4183824, 1, 0, 0
36200, 4450286, 1, 0, 0
36300, 3750267, 1, 0, 0
36400, 4150216, 1, 0, 0
36502, 4013035, 1, 0, 0
36602, 3888088, 1, 0, 0
36703, 3866867, 1, 0, 0
36800, 4240827, 1, 0, 0
36901, 4174276, 1, 0, 0
37002, 4025663, 1, 0, 0
37101, 4676449, 1, 0, 0
37201, 4047112, 1, 0, 0
37302, 3893242, 1, 0, 0
37402, 4065808, 1, 0, 0
37502, 4092029, 1, 0, 0
37600, 4187519, 1, 0, 0
37700, 4022250, 1, 0, 0
37800, 5279198, 1, 0, 0
37900, 4794661, 1, 0, 0
38000, 3974738, 1, 0, 0
38100, 4175384, 1, 0, 0
38200, 4088001, 1, 0, 0
38304, 4751657, 1, 0, 0
38402, 4281773, 1, 0, 0
38500, 4767761, 1, 0, 0
38602, 5039854, 1, 0, 0
38700, 5136758, 1, 0, 0
38800, 3730241, 1, 0, 0
38903, 3765640, 1, 0, 0
39003, 4333815, 1, 0, 0
39100, 5293522, 1, 0, 0
39201, 5540129, 1, 0, 0
39300, 4653467, 1, 0, 0
39402, 3967048, 1, 0, 0
39500, 3717351, 1, 0, 0
39600, 4099979, 1, 0, 0
39701, 4024283, 1, 0, 0
39801, 4511033, 1, 0, 0
39900, 3346792, 1, 0, 0
40001, 5350910, 1, 0, 0
40103, 3549668, 1, 0, 0
40202, 5397081, 1, 0, 0
40301, 3659060, 1, 0, 0
40400, 3844135, 1, 0, 0
40501, 3847897, 1, 0, 0
40603, 4050211, 1, 0, 0
40700, 4329809, 1, 0, 0
40802, 3651340, 1, 0, 0
40901, 3890335, 1, 0, 0
41001, 4005441, 1, 0, 0
41100, 4613416, 1, 0, 0
41200, 3812898, 1, 0, 0
41300, 5004912, 1, 0, 0
41401, 4608156, 1, 0, 0
41500, 4126074, 1, 0, 0
41601, 4900138, 1, 0, 0
41701, 4129783, 1, 0, 0
41801, 3772473, 1, 0, 0
41900, 4469779, 1, 0, 0
42002, 3932635, 1, 0, 0
42103, 3932692, 1, 0, 0
42200, 5174106, 1, 0, 0
42301, 4213127, 1, 0, 0
42403, 3662945, 1, 0, 0
42500, 4077306, 1, 0, 0
42600, 4553312, 1, 0, 0
42701, 4268595, 1, 0, 0
42801, 4771312, 1, 0, 0
42901, 4880217, 1, 0, 0
43001, 4428422, 1, 0, 0
43101, 4324726, 1, 0, 0
43200, 4670894, 1, 0, 0
43300, 4355998, 1, 0, 0
43401, 3503203, 1, 0, 0
43501, 4263116, 1, 0, 0
43603, 4036245, 1, 0, 0
43701, 4298711, 1, 0, 0
43800, 3595996, 1, 0, 0
43900, 3763921, 1, 0, 0
44002, 3927989, 1, 0, 0
44102, 3840925, 1, 0, 0
44200, 5436609, 1, 0, 0
44302, 4207581, 1, 0, 0
44401, 4346207, 1, 0, 0
44501, 4014242, 1, 0, 0
44600, 4230717, 1, 0, 0
44700, 4117149, 1, 0, 0
44800, 4345438, 1, 0, 0
44901, 4003256, 1, 0, 0
45007, 4335518, 1, 0, 0
45100, 4494017, 1, 0, 0
45203, 5325756, 1, 0, 0
45302, 3879366, 1, 0, 0
45401, 4667765, 1, 0, 0
45500, 4000407, 1, 0, 0
45600, 3420895, 1, 0, 0
45701, 4382722, 1, 0, 0
45801, 3982965, 1, 0, 0
45902, 4302899, 1, 0, 0
46001, 3403124, 1, 0, 0
46100, 4088616, 1, 0, 0
46200, 4656919, 1, 0, 0
46301, 4115253, 1, 0, 0
46401, 4015689, 1, 0, 0
46500, 4569229, 1, 0, 0
46600, 3607881, 1, 0, 0
46700, 3853572, 1, 0, 0
46801, 3519955, 1, 0, 0
46901, 3867903, 1, 0, 0
47000, 4651433, 1, 0, 0
47100, 4578829, 1, 0, 0
47204, 4502504, 1, 0, 0
47301, 4031988, 1, 0, 0
47401, 5278839, 1, 0, 0
47500, 3387405, 1, 0, 0
47600, 4409879, 1, 0, 0
47702, 3902557, 1, 0, 0
47802, 4349523, 1, 0, 0
47903, 4461232, 1, 0, 0
48001, 4108264, 1, 0, 0
48100, 3912862, 1, 0, 0
48202, 4114029, 1, 0, 0
48300, 3949677, 1, 0, 0
48400, 4421661, 1, 0, 0
48502, 4240280, 1, 0, 0
48600, 4444466, 1, 0, 0
48700, 3992883, 1, 0, 0
48800, 4163554, 1, 0, 0
48900, 4095378, 1, 0, 0
49000, 4078115, 1, 0, 0
49102, 4314097, 1, 0, 0
49201, 4109785, 1, 0, 0
49302, 4528130, 1, 0, 0
49400, 4155106, 1, 0, 0
49502, 3852503, 1, 0, 0
49600, 4042959, 1, 0, 0
49702, 4584843, 1, 0, 0
49801, 4113742, 1, 0, 0
49901, 4442422, 1, 0, 0
50002, 4572154, 1, 0, 0
50100, 3862012, 1, 0, 0
50201, 3764254, 1, 0, 0
50300, 3869981, 1, 0, 0
50400, 4047951, 1, 0, 0
50501, 3866665, 1, 0, 0
50602, 4406960, 1, 0, 0
50703, 4458784, 1, 0, 0
50800, 3916666, 1, 0, 0
50900, 3870603, 1, 0, 0
51001, 3691466, 1, 0, 0
51102, 3812052, 1, 0, 0
51204, 3616626, 1, 0, 0
51302, 4346309, 1, 0, 0
51400, 4345470, 1, 0, 0
51503, 5197028, 1, 0, 0
51601, 4071065, 1, 0, 0
51701, 3804430, 1, 0, 0
51801, 3774871, 1, 0, 0
51901, 4076966, 1, 0, 0
52000, 3769368, 1, 0, 0
52102, 3848858, 1, 0, 0
52201, 4081784, 1, 0, 0
52302, 4969528, 1, 0, 0
52402, 3507740, 1, 0, 0
52503, 3189479, 1, 0, 0
52601, 4534251, 1, 0, 0
52701, 4200536, 1, 0, 0
52802, 5468368, 1, 0, 0
52900, 4216328, 1, 0, 0
53001, 4103849, 1, 0, 0
53101, 5173584, 1, 0, 0
53201, 3822191, 1, 0, 0
53300, 4662235, 1, 0, 0
53403, 4871419, 1, 0, 0
53501, 3907957, 1, 0, 0
53601, 3840915, 1, 0, 0
53702, 4358914, 1, 0, 0
53800, 4717902, 1, 0, 0
53902, 3816523, 1, 0, 0
54001, 4327855, 1, 0, 0
54102, 4666089, 1, 0, 0
54202, 3717017, 1, 0, 0
54300, 3358013, 1, 0, 0
54401, 3390301, 1, 0, 0
54502, 3935063, 1, 0, 0
54601, 3958771, 1, 0, 0
54701, 4267532, 1, 0, 0
54801, 3928724, 1, 0, 0
54901, 4508091, 1, 0, 0
55002, 4144731, 1, 0, 0
55101, 4484317, 1, 0, 0
55203, 3943618, 1, 0, 0
55302, 4191059, 1, 0, 0
55400, 4202773, 1, 0, 0
55502, 3883504, 1, 0, 0
55601, 4416666, 1, 0, 0
55700, 4072597, 1, 0, 0
55800, 4027768, 1, 0, 0
55901, 3878174, 1, 0, 0
56000, 4243547, 1, 0, 0
56101, 3941061, 1, 0, 0
56201, 4161926, 1, 0, 0
56302, 4359246, 1, 0, 0
56400, 4051807, 1, 0, 0
56501, 4366096, 1, 0, 0
56600, 3872927, 1, 0, 0
56701, 4323976, 1, 0, 0
56800, 4683448, 1, 0, 0
56900, 3977298, 1, 0, 0
57001, 4134624, 1, 0, 0
57101, 4082137, 1, 0, 0
57202, 4351475, 1, 0, 0
57300, 4115090, 1, 0, 0
57402, 3982595, 1, 0, 0
57501, 4595859, 1, 0, 0
57601, 4242558, 1, 0, 0
57700, 3859225, 1, 0, 0
57800, 3913401, 1, 0, 0
57900, 4027745, 1, 0, 0
58001, 4204073, 1, 0, 0
58102, 3612581, 1, 0, 0
58200, 3851302, 1, 0, 0
58303, 3340503, 1, 0, 0
58401, 4262271, 1, 0, 0
58502, 4217089, 1, 0, 0
58600, 4059965, 1, 0, 0
58700, 3745630, 1, 0, 0
58800, 4478377, 1, 0, 0
58900, 4027063, 1, 0, 0
59002, 4259314, 1, 0, 0
59101, 4131329, 1, 0, 0
59202, 4179857, 1, 0, 0
59302, 4368263, 1, 0, 0
59402, 4592510, 1, 0, 0
59501, 4182981, 1, 0, 0
59600, 3788978, 1, 0, 0
59701, 3817540, 1, 0, 0
59800, 3907666, 1, 0, 0
59901, 4251209, 1, 0, 0
60005, 4098071, 1, 0, 0
60101, 4223158, 1, 0, 0
60201, 4199028, 1, 0, 0
60300, 4234301, 1, 0, 0
60400, 4388120, 1, 0, 0
60501, 3898419, 1, 0, 0
60600, 3881019, 1, 0, 0
60702, 3685128, 1, 0, 0
60802, 3717430, 1, 0, 0
60901, 3716743, 1, 0, 0
61000, 3692172, 1, 0, 0
61100, 3478940, 1, 0, 0
61201, 4039157, 1, 0, 0
61300, 4246636, 1, 0, 0
61403, 4620314, 1, 0, 0
61501, 3937499, 1, 0, 0
61602, 3745057, 1, 0, 0
61703, 4266703, 1, 0, 0
61802, 4122465, 1, 0, 0
61902, 4195646, 1, 0, 0
62002, 3693487, 1, 0, 0
62103, 3938674, 1, 0, 0
62200, 3647623, 1, 0, 0
62300, 3801278, 1, 0, 0
62400, 3639229, 1, 0, 0
62501, 4095033, 1, 0, 0
62601, 3657354, 1, 0, 0
62703, 4402387, 1, 0, 0
62801, 4416355, 1, 0, 0
62902, 3725242, 1, 0, 0
63000, 3977887, 1, 0, 0
63102, 3908166, 1, 0, 0
63202, 4236518, 1, 0, 0
63301, 4451459, 1, 0, 0
63400, 4022218, 1, 0, 0
63502, 4331309, 1, 0, 0
63600, 3644468, 1, 0, 0
63701, 3698084, 1, 0, 0
63803, 3861912, 1, 0, 0
63901, 3689115, 1, 0, 0
64001, 4180911, 1, 0, 0
64100, 4120520, 1, 0, 0
64200, 4275403, 1, 0, 0
64300, 3802297, 1, 0, 0
64400, 4852004, 1, 0, 0
64502, 4135791, 1, 0, 0
64600, 4426460, 1, 0, 0
64700, 4035559, 1, 0, 0
64800, 3599234, 1, 0, 0
64901, 4549719, 1, 0, 0
65000, 3744031, 1, 0, 0
65102, 3828061, 1, 0, 0
65203, 4360640, 1, 0, 0
65303, 3652343, 1, 0, 0
65401, 4200027, 1, 0, 0
65502, 4501976, 1, 0, 0
65600, 4131577, 1, 0, 0
65703, 4536759, 1, 0, 0
65800, 4242241, 1, 0, 0
65902, 4290313, 1, 0, 0
66002, 4019157, 1, 0, 0
66101, 4419552, 1, 0, 0
66201, 4227654, 1, 0, 0
66304, 3699549, 1, 0, 0
66400, 4420383, 1, 0, 0
66504, 5023295, 1, 0, 0
66603, 4225740, 1, 0, 0
66701, 4216977, 1, 0, 0
66800, 3945182, 1, 0, 0
66904, 4269656, 1, 0, 0
67000, 4233861, 1, 0, 0
67100, 3950751, 1, 0, 0
67200, 4519536, 1, 0, 0
67302, 3726277, 1, 0, 0
67400, 5043118, 1, 0, 0
67501, 4581535, 1, 0, 0
67600, 3971999, 1, 0, 0
67700, 3631419, 1, 0, 0
67800, 4172318, 1, 0, 0
67903, 4641300, 1, 0, 0
68001, 4685873, 1, 0, 0
68101, 4453303, 1, 0, 0
68201, 4068645, 1, 0, 0
68300, 4402471, 1, 0, 0
68400, 4338040, 1, 0, 0
68500, 4284055, 1, 0, 0
68602, 4061119, 1, 0, 0
68701, 3967745, 1, 0, 0
68801, 4236390, 1, 0, 0
68902, 3733906, 1, 0, 0
69001, 4012431, 1, 0, 0
69102, 4218411, 1, 0, 0
69200, 4536135, 1, 0, 0
69300, 4381566, 1, 0, 0
69403, 4009761, 1, 0, 0
69502, 4222038, 1, 0, 0
69600, 4204226, 1, 0, 0
69701, 4099109, 1, 0, 0
69802, 4274438, 1, 0, 0
69902, 4377541, 1, 0, 0
70001, 4015896, 1, 0, 0
70100, 3915394, 1, 0, 0
70200, 3616833, 1, 0, 0
70303, 3653815, 1, 0, 0
70400, 3977050, 1, 0, 0
70500, 3882580, 1, 0, 0
70603, 4308720, 1, 0, 0
70701, 4273969, 1, 0, 0
70800, 3674371, 1, 0, 0
70900, 3913085, 1, 0, 0
71000, 4388550, 1, 0, 0
71100, 4681699, 1, 0, 0
71201, 3640970, 1, 0, 0
71302, 3573662, 1, 0, 0
71402, 4190133, 1, 0, 0
71501, 4064904, 1, 0, 0
71600, 4280420, 1, 0, 0
71702, 3963475, 1, 0, 0
71800, 4110199, 1, 0, 0
71900, 4377787, 1, 0, 0
72000, 3717666, 1, 0, 0
72101, 4237470, 1, 0, 0
72225, 4723045, 1, 0, 0
72302, 5378906, 1, 0, 0
72402, 4179518, 1, 0, 0
72502, 4145740, 1, 0, 0
72600, 4587774, 1, 0, 0
72702, 3963390, 1, 0, 0
72804, 3899825, 1, 0, 0
72901, 3704162, 1, 0, 0
73001, 3898056, 1, 0, 0
73101, 3987079, 1, 0, 0
73200, 4339386, 1, 0, 0
73303, 3992994, 1, 0, 0
73401, 4309887, 1, 0, 0
73501, 3810130, 1, 0, 0
73600, 4145090, 1, 0, 0
73702, 3881310, 1, 0, 0
73802, 3934835, 1, 0, 0
73902, 4662504, 1, 0, 0
74000, 4178488, 1, 0, 0
74100, 4175461, 1, 0, 0
74201, 4027911, 1, 0, 0
74302, 4575155, 1, 0, 0
74402, 4659365, 1, 0, 0
74502, 4164958, 1, 0, 0
74600, 3662720, 1, 0, 0
74701, 4063832, 1, 0, 0
74802, 4222100, 1, 0, 0
74901, 4537520, 1, 0, 0
75001, 4054376, 1, 0, 0
75100, 4267391, 1, 0, 0
75202, 4415555, 1, 0, 0
75301, 3582322, 1, 0, 0
75400, 4276458, 1, 0, 0
75502, 4413174, 1, 0, 0
75600, 3973364, 1, 0, 0
75701, 4208465, 1, 0, 0
75801, 3759010, 1, 0, 0
75901, 4234159, 1, 0, 0
76001, 4654956, 1, 0, 0
76100, 3327545, 1, 0, 0
76200, 3997188, 1, 0, 0
76302, 3729221, 1, 0, 0
76400, 3593562, 1, 0, 0
76502, 4323468, 1, 0, 0
76603, 5245148, 1, 0, 0
76701, 4699799, 1, 0, 0
76800, 4045635, 1, 0, 0
76900, 4155832, 1, 0, 0
77000, 5014948, 1, 0, 0
77102, 3831339, 1, 0, 0
77200, 4622736, 1, 0, 0
77301, 3475279, 1, 0, 0
77400, 3736391, 1, 0, 0
77501, 4537979, 1, 0, 0
77601, 4088790, 1, 0, 0
77700, 3955562, 1, 0, 0
77803, 4032678, 1, 0, 0
77905, 4103723, 1, 0, 0
78002, 5175479, 1, 0, 0
78101, 3530555, 1, 0, 0
78200, 3835802, 1, 0, 0
78300, 3918917, 1, 0, 0
78402, 4215661, 1, 0, 0
78502, 4085165, 1, 0, 0
78600, 4484827, 1, 0, 0
78701, 4083779, 1, 0, 0
78800, 4730020, 1, 0, 0
78900, 4439469, 1, 0, 0
79000, 4061090, 1, 0, 0
79100, 3612307, 1, 0, 0
79200, 3844881, 1, 0, 0
79300, 3963497, 1, 0, 0
79400, 4213403, 1, 0, 0
79501, 3696549, 1, 0, 0
79603, 4708554, 1, 0, 0
79700, 4373551, 1, 0, 0
79801, 4173194, 1, 0, 0
79900, 4409059, 1, 0, 0
80002, 3802246, 1, 0, 0
80100, 4656855, 1, 0, 0
80201, 4705399, 1, 0, 0
80300, 4730371, 1, 0, 0
80400, 4127791, 1, 0, 0
80500, 3590805, 1, 0, 0
80600, 3557124, 1, 0, 0
80701, 3987661, 1, 0, 0
80800, 4265401, 1, 0, 0
80900, 4130265, 1, 0, 0
81001, 4478329, 1, 0, 0
81101, 4177178, 1, 0, 0
81201, 3677219, 1, 0, 0
81300, 3891765, 1, 0, 0
81400, 4027594, 1, 0, 0
81500, 4227570, 1, 0, 0
81601, 4020262, 1, 0, 0
81702, 3606852, 1, 0, 0
81801, 4104811, 1, 0, 0
81902, 3821393, 1, 0, 0
82002, 3914605, 1, 0, 0
82101, 4124332, 1, 0, 0
82204, 4033723, 1, 0, 0
82301, 4502617, 1, 0, 0
82402, 4577117, 1, 0, 0
82502, 4541731, 1, 0, 0
82602, 3995811, 1, 0, 0
82701, 3958374, 1, 0, 0
82800, 3807346, 1, 0, 0
82900, 5412473, 1, 0, 0
83000, 4300786, 1, 0, 0
83100, 4530719, 1, 0, 0
83203, 4337238, 1, 0, 0
83302, 3971053, 1, 0, 0
83402, 4449030, 1, 0, 0
83502, 3833958, 1, 0, 0
83604, 4202686, 1, 0, 0
83702, 4700661, 1, 0, 0
83800, 4301722, 1, 0, 0
83900, 4004784, 1, 0, 0
84000, 4058337, 1, 0, 0
84102, 3833148, 1, 0, 0
84200, 3639599, 1, 0, 0
84302, 3635073, 1, 0, 0
84400, 4086881, 1, 0, 0
84503, 4631090, 1, 0, 0
84602, 5369586, 1, 0, 0
84702, 4068564, 1, 0, 0
84803, 4298605, 1, 0, 0
84901, 3869621, 1, 0, 0
85003, 3821859, 1, 0, 0
85102, 4391465, 1, 0, 0
85201, 3971263, 1, 0, 0
85303, 4062649, 1, 0, 0
85403, 4877242, 1, 0, 0
85501, 4358691, 1, 0, 0
85601, 4179136, 1, 0, 0
85701, 3931867, 1, 0, 0
85802, 4372491, 1, 0, 0
85901, 4147401, 1, 0, 0
86003, 3941095, 1, 0, 0
86102, 3981355, 1, 0, 0
86201, 3967087, 1, 0, 0
86303, 4614061, 1, 0, 0
86403, 4656954, 1, 0, 0
86502, 3743708, 1, 0, 0
86601, 4041209, 1, 0, 0
86702, 5163175, 1, 0, 0
86800, 4091320, 1, 0, 0
86900, 4349974, 1, 0, 0
87001, 3971597, 1, 0, 0
87100, 3945152, 1, 0, 0
87202, 4520265, 1, 0, 0
87304, 4198710, 1, 0, 0
87400, 4291016, 1, 0, 0
87500, 4808717, 1, 0, 0
87600, 3634184, 1, 0, 0
87701, 3979568, 1, 0, 0
87803, 4320789, 1, 0, 0
87900, 4314137, 1, 0, 0
88001, 4515448, 1, 0, 0
88100, 3878728, 1, 0, 0
88200, 3844010, 1, 0, 0
88300, 3892794, 1, 0, 0
88401, 4784043, 1, 0, 0
88501, 4011999, 1, 0, 0
88600, 4294073, 1, 0, 0
88700, 4244081, 1, 0, 0
88802, 3848818, 1, 0, 0
88901, 4563390, 1, 0, 0
89002, 3762427, 1, 0, 0
89100, 4063984, 1, 0, 0
89201, 3820996, 1, 0, 0
89300, 4438345, 1, 0, 0
89404, 3994870, 1, 0, 0
89500, 4172173, 1, 0, 0
89602, 3728450, 1, 0, 0
89700, 4556885, 1, 0, 0
89800, 3873968, 1, 0, 0
89900, 3950782, 1, 0, 0
90001, 4711830, 1, 0, 0
90001, 3615916, 1, 0, 0
