106, 2952, 0, 0, 0
106, 1075, 1, 0, 0
206, 2680, 0, 0, 0
206, 1210, 1, 0, 0
306, 2640, 0, 0, 0
306, 1200, 1, 0, 0
406, 2870, 0, 0, 0
406, 1310, 1, 0, 0
505, 2959, 0, 0, 0
505, 1121, 1, 0, 0
605, 2620, 0, 0, 0
605, 1230, 1, 0, 0
705, 2850, 0, 0, 0
705, 1170, 1, 0, 0
806, 2680, 0, 0, 0
806, 1150, 1, 0, 0
906, 2870, 0, 0, 0
906, 1130, 1, 0, 0
1005, 2676, 0, 0, 0
1005, 1282, 1, 0, 0
1105, 2860, 0, 0, 0
1105, 1200, 1, 0, 0
1205, 2650, 0, 0, 0
1205, 1200, 1, 0, 0
1306, 2670, 0, 0, 0
1306, 1290, 1, 0, 0
1406, 2660, 0, 0, 0
1406, 1240, 1, 0, 0
1505, 3121, 0, 0, 0
1505, 1141, 1, 0, 0
1605, 2810, 0, 0, 0
1605, 1160, 1, 0, 0
1705, 2890, 0, 0, 0
1705, 1130, 1, 0, 0
1805, 2830, 0, 0, 0
1805, 1260, 1, 0, 0
1905, 2890, 0, 0, 0
1905, 1070, 1, 0, 0
2006, 2210, 0, 0, 0
2006, 1150, 1, 0, 0
2106, 2930, 0, 0, 0
2106, 1220, 1, 0, 0
2206, 3020, 0, 0, 0
2206, 1110, 1, 0, 0
2306, 2580, 0, 0, 0
2306, 1230, 1, 0, 0
2406, 2550, 0, 0, 0
2406, 1190, 1, 0, 0
2505, 2939, 0, 0, 0
2505, 1121, 1, 0, 0
2605, 3040, 0, 0, 0
2605, 1040, 1, 0, 0
2705, 2350, 0, 0, 0
2705, 1400, 1, 0, 0
2805, 2660, 0, 0, 0
2805, 1260, 1, 0, 0
2905, 3180, 0, 0, 0
2905, 1010, 1, 0, 0
3006, 2620, 0, 0, 0
3006, 1200, 1, 0, 0
3106, 2510, 0, 0, 0
3106, 1250, 1, 0, 0
3206, 3200, 0, 0, 0
3206, 1180, 1, 0, 0
3306, 3050, 0, 0, 0
3306, 1250, 1, 0, 0
3406, 2870, 0, 0, 0
3406, 1220, 1, 0, 0
3505, 2707, 0, 0, 0
3505, 1262, 1, 0, 0
3605, 2720, 0, 0, 0
3605, 1240, 1, 0, 0
3705, 2610, 0, 0, 0
3705, 1140, 1, 0, 0
3805, 2650, 0, 0, 0
3805, 1130, 1, 0, 0
3905, 2980, 0, 0, 0
3905, 1120, 1, 0, 0
4006, 2180, 0, 0, 0
4006, 820, 1, 0, 0
4106, 2900, 0, 0, 0
4106, 1450, 1, 0, 0
4206, 2670, 0, 0, 0
4206, 1320, 1, 0, 0
4306, 2960, 0, 0, 0
4306, 1220, 1, 0, 0
4406, 3070, 0, 0, 0
4406, 1040, 1, 0, 0
4505, 3363, 0, 0, 0
4505, 1070, 1, 0, 0
4605, 3120, 0, 0, 0
4605, 1130, 1, 0, 0
4705, 2830, 0, 0, 0
4705, 1220, 1, 0, 0
4806, 2850, 0, 0, 0
4806, 1310, 1, 0, 0
4906, 2780, 0, 0, 0
4906, 1220, 1, 0, 0
5005, 3202, 0, 0, 0
5005, 1111, 1, 0, 0
5105, 2280, 0, 0, 0
5105, 860, 1, 0, 0
5205, 3230, 0, 0, 0
5205, 1310, 1, 0, 0
5305, 2750, 0, 0, 0
5305, 1190, 1, 0, 0
5405, 2660, 0, 0, 0
5405, 1290, 1, 0, 0
5505, 2910, 0, 0, 0
5505, 1130, 1, 0, 0
5605, 2900, 0, 0, 0
5605, 1110, 1, 0, 0
5705, 2570, 0, 0, 0
5705, 1230, 1, 0, 0
5806, 2570, 0, 0, 0
5806, 1260, 1, 0, 0
5906, 3010, 0, 0, 0
5906, 1170, 1, 0, 0
6005, 2696, 0, 0, 0
6005, 1272, 1, 0, 0
6105, 2700, 0, 0, 0
6105, 1130, 1, 0, 0
6205, 2710, 0, 0, 0
6205, 1210, 1, 0, 0
6305, 2940, 0, 0, 0
6305, 1150, 1, 0, 0
6405, 2520, 0, 0, 0
6405, 1270, 1, 0, 0
6505, 2790, 0, 0, 0
6505, 1250, 1, 0, 0
6605, 2940, 0, 0, 0
6605, 1110, 1, 0, 0
6705, 2730, 0, 0, 0
6705, 1200, 1, 0, 0
6806, 2850, 0, 0, 0
6806, 1310, 1, 0, 0
6906, 2830, 0, 0, 0
6906, 1220, 1, 0, 0
7005, 2737, 0, 0, 0
7005, 1323, 1, 0, 0
7105, 2620, 0, 0, 0
7105, 1400, 1, 0, 0
7205, 2690, 0, 0, 0
7205, 1220, 1, 0, 0
7305, 2600, 0, 0, 0
7305, 1300, 1, 0, 0
7405, 2800, 0, 0, 0
7405, 1260, 1, 0, 0
7506, 2800, 0, 0, 0
7506, 1240, 1, 0, 0
7606, 2860, 0, 0, 0
7606, 1230, 1, 0, 0
7706, 2960, 0, 0, 0
7706, 1210, 1, 0, 0
7806, 2710, 0, 0, 0
7806, 1250, 1, 0, 0
7906, 2730, 0, 0, 0
7906, 1360, 1, 0, 0
8005, 2919, 0, 0, 0
8005, 1212, 1, 0, 0
8105, 2610, 0, 0, 0
8105, 1320, 1, 0, 0
8205, 2770, 0, 0, 0
8205, 1320, 1, 0, 0
8305, 3140, 0, 0, 0
8305, 1080, 1, 0, 0
8405, 2800, 0, 0, 0
8405, 1190, 1, 0, 0
8506, 2830, 0, 0, 0
8506, 1330, 1, 0, 0
8606, 3230, 0, 0, 0
8606, 1190, 1, 0, 0
8706, 2950, 0, 0, 0
8706, 1220, 1, 0, 0
8806, 2800, 0, 0, 0
8806, 1070, 1, 0, 0
8906, 2710, 0, 0, 0
8906, 1350, 1, 0, 0
9005, 3272, 0, 0, 0
9005, 1222, 1, 0, 0
9105, 2840, 0, 0, 0
9105, 1240, 1, 0, 0
9205, 2810, 0, 0, 0
9205, 1270, 1, 0, 0
9305, 3150, 0, 0, 0
9305, 1280, 1, 0, 0
9406, 2800, 0, 0, 0
9406, 1240, 1, 0, 0
9506, 3080, 0, 0, 0
9506, 1240, 1, 0, 0
9606, 2770, 0, 0, 0
9606, 1270, 1, 0, 0
9706, 2630, 0, 0, 0
9706, 1310, 1, 0, 0
9806, 2780, 0, 0, 0
9806, 1250, 1, 0, 0
9906, 2750, 0, 0, 0
9906, 1210, 1, 0, 0
10005, 3202, 0, 0, 0
10005, 1151, 1, 0, 0
10105, 3060, 0, 0, 0
10105, 1140, 1, 0, 0
10205, 3170, 0, 0, 0
10205, 1250, 1, 0, 0
10306, 2870, 0, 0, 0
10306, 1290, 1, 0, 0
10406, 2800, 0, 0, 0
10406, 1190, 1, 0, 0
10506, 3050, 0, 0, 0
10506, 1120, 1, 0, 0
10606, 3110, 0, 0, 0
10606, 1290, 1, 0, 0
10706, 3080, 0, 0, 0
10706, 1060, 1, 0, 0
10806, 2920, 0, 0, 0
10806, 1270, 1, 0, 0
10906, 3120, 0, 0, 0
10906, 1140, 1, 0, 0
11005, 2656, 0, 0, 0
11005, 1242, 1, 0, 0
11105, 2950, 0, 0, 0
11105, 1260, 1, 0, 0
11205, 2810, 0, 0, 0
11205, 1290, 1, 0, 0
11306, 2780, 0, 0, 0
11306, 1230, 1, 0, 0
11406, 2770, 0, 0, 0
11406, 1280, 1, 0, 0
11505, 3010, 0, 0, 0
11505, 1313, 1, 0, 0
11605, 2720, 0, 0, 0
11605, 1290, 1, 0, 0
11705, 2750, 0, 0, 0
11705, 1260, 1, 0, 0
11805, 3040, 0, 0, 0
11805, 1250, 1, 0, 0
11905, 2940, 0, 0, 0
11905, 1220, 1, 0, 0
12005, 2890, 0, 0, 0
12005, 1180, 1, 0, 0
12105, 3090, 0, 0, 0
12105, 1120, 1, 0, 0
12205, 2750, 0, 0, 0
12205, 1330, 1, 0, 0
12306, 2860, 0, 0, 0
12306, 1210, 1, 0, 0
12406, 2640, 0, 0, 0
12406, 1340, 1, 0, 0
12505, 2959, 0, 0, 0
12505, 1242, 1, 0, 0
12605, 2880, 0, 0, 0
12605, 1220, 1, 0, 0
12705, 2830, 0, 0, 0
12705, 1220, 1, 0, 0
12805, 2590, 0, 0, 0
12805, 1320, 1, 0, 0
12905, 2770, 0, 0, 0
12905, 1350, 1, 0, 0
13005, 2690, 0, 0, 0
13005, 1400, 1, 0, 0
13105, 2700, 0, 0, 0
13105, 1110, 1, 0, 0
13206, 2820, 0, 0, 0
13206, 1280, 1, 0, 0
13306, 3250, 0, 0, 0
13306, 1120, 1, 0, 0
13406, 2840, 0, 0, 0
13406, 1260, 1, 0, 0
13505, 2646, 0, 0, 0
13505, 1363, 1, 0, 0
13605, 2820, 0, 0, 0
13605, 1350, 1, 0, 0
13705, 3110, 0, 0, 0
13705, 1140, 1, 0, 0
13805, 2910, 0, 0, 0
13805, 1210, 1, 0, 0
13905, 3030, 0, 0, 0
13905, 1230, 1, 0, 0
14005, 2900, 0, 0, 0
14005, 1320, 1, 0, 0
14106, 2880, 0, 0, 0
14106, 1220, 1, 0, 0
14206, 3080, 0, 0, 0
14206, 1220, 1, 0, 0
14306, 2830, 0, 0, 0
14306, 1220, 1, 0, 0
14406, 2610, 0, 0, 0
14406, 1300, 1, 0, 0
14505, 3131, 0, 0, 0
14505, 1070, 1, 0, 0
14605, 2760, 0, 0, 0
14605, 1140, 1, 0, 0
14705, 3010, 0, 0, 0
14705, 1210, 1, 0, 0
14805, 2920, 0, 0, 0
14805, 1200, 1, 0, 0
14905, 2650, 0, 0, 0
14905, 1170, 1, 0, 0
15006, 2830, 0, 0, 0
15006, 1290, 1, 0, 0
15106, 2950, 0, 0, 0
15106, 1090, 1, 0, 0
15206, 3040, 0, 0, 0
15206, 1180, 1, 0, 0
15306, 2830, 0, 0, 0
15306, 1210, 1, 0, 0
15406, 3000, 0, 0, 0
15406, 1130, 1, 0, 0
15505, 2666, 0, 0, 0
15505, 1303, 1, 0, 0
15605, 2780, 0, 0, 0
15605, 1270, 1, 0, 0
15705, 2650, 0, 0, 0
15705, 1230, 1, 0, 0
15805, 3060, 0, 0, 0
15805, 1120, 1, 0, 0
15905, 2790, 0, 0, 0
15905, 1110, 1, 0, 0
16006, 3210, 0, 0, 0
16006, 1100, 1, 0, 0
16106, 2840, 0, 0, 0
16106, 1170, 1, 0, 0
16206, 2770, 0, 0, 0
16206, 1260, 1, 0, 0
16306, 2760, 0, 0, 0
16306, 1150, 1, 0, 0
16406, 2910, 0, 0, 0
16406, 1150, 1, 0, 0
16505, 2777, 0, 0, 0
16505, 1181, 1, 0, 0
16605, 2740, 0, 0, 0
16605, 1170, 1, 0, 0
16705, 2410, 0, 0, 0
16705, 1370, 1, 0, 0
16805, 2800, 0, 0, 0
16805, 1260, 1, 0, 0
16905, 2680, 0, 0, 0
16905, 1210, 1, 0, 0
17006, 2790, 0, 0, 0
17006, 1340, 1, 0, 0
17106, 2820, 0, 0, 0
17106, 1260, 1, 0, 0
17206, 2600, 0, 0, 0
17206, 1110, 1, 0, 0
17306, 2980, 0, 0, 0
17306, 1140, 1, 0, 0
17406, 2830, 0, 0, 0
17406, 1220, 1, 0, 0
17505, 2565, 0, 0, 0
17505, 1252, 1, 0, 0
17605, 2780, 0, 0, 0
17605, 1270, 1, 0, 0
17705, 3290, 0, 0, 0
17705, 1110, 1, 0, 0
17806, 2860, 0, 0, 0
17806, 1090, 1, 0, 0
17906, 3010, 0, 0, 0
17906, 1140, 1, 0, 0
18005, 2747, 0, 0, 0
18005, 1252, 1, 0, 0
18105, 2500, 0, 0, 0
18105, 1240, 1, 0, 0
18205, 2630, 0, 0, 0
18205, 1250, 1, 0, 0
18305, 2980, 0, 0, 0
18305, 1180, 1, 0, 0
18405, 2770, 0, 0, 0
18405, 1330, 1, 0, 0
18505, 2670, 0, 0, 0
18505, 1270, 1, 0, 0
18605, 2750, 0, 0, 0
18605, 1160, 1, 0, 0
18706, 3050, 0, 0, 0
18706, 1230, 1, 0, 0
18806, 3040, 0, 0, 0
18806, 1230, 1, 0, 0
18906, 2650, 0, 0, 0
18906, 1240, 1, 0, 0
19005, 2474, 0, 0, 0
19005, 1393, 1, 0, 0
19105, 2370, 0, 0, 0
19105, 1380, 1, 0, 0
19205, 2330, 0, 0, 0
19205, 990, 1, 0, 0
19305, 3020, 0, 0, 0
19305, 1150, 1, 0, 0
19405, 3120, 0, 0, 0
19405, 1130, 1, 0, 0
19506, 2780, 0, 0, 0
19506, 1200, 1, 0, 0
19606, 2740, 0, 0, 0
19606, 1200, 1, 0, 0
19706, 2860, 0, 0, 0
19706, 1140, 1, 0, 0
19806, 2840, 0, 0, 0
19806, 1120, 1, 0, 0
19906, 2570, 0, 0, 0
19906, 1250, 1, 0, 0
20005, 2949, 0, 0, 0
20005, 1131, 1, 0, 0
20105, 2760, 0, 0, 0
20105, 1180, 1, 0, 0
20205, 2620, 0, 0, 0
20205, 1200, 1, 0, 0
20305, 3280, 0, 0, 0
20305, 1150, 1, 0, 0
20405, 2850, 0, 0, 0
20405, 1170, 1, 0, 0
20506, 2630, 0, 0, 0
20506, 1250, 1, 0, 0
20606, 2700, 0, 0, 0
20606, 1190, 1, 0, 0
20706, 2590, 0, 0, 0
20706, 1290, 1, 0, 0
20806, 2430, 0, 0, 0
20806, 1040, 1, 0, 0
20906, 2740, 0, 0, 0
20906, 1160, 1, 0, 0
21005, 3090, 0, 0, 0
21005, 1080, 1, 0, 0
21105, 2800, 0, 0, 0
21105, 1250, 1, 0, 0
21205, 2950, 0, 0, 0
21205, 1190, 1, 0, 0
21305, 3080, 0, 0, 0
21305, 1130, 1, 0, 0
21405, 2820, 0, 0, 0
21405, 1240, 1, 0, 0
21506, 2930, 0, 0, 0
21506, 1180, 1, 0, 0
21606, 2790, 0, 0, 0
21606, 1160, 1, 0, 0
21706, 2650, 0, 0, 0
21706, 1340, 1, 0, 0
21806, 3020, 0, 0, 0
21806, 1140, 1, 0, 0
21906, 2670, 0, 0, 0
21906, 1060, 1, 0, 0
22005, 2858, 0, 0, 0
22005, 1121, 1, 0, 0
22105, 2880, 0, 0, 0
22105, 1210, 1, 0, 0
22205, 2850, 0, 0, 0
22205, 1220, 1, 0, 0
22305, 2770, 0, 0, 0
22305, 1190, 1, 0, 0
22406, 3070, 0, 0, 0
22406, 1140, 1, 0, 0
22506, 2860, 0, 0, 0
22506, 1280, 1, 0, 0
22606, 3080, 0, 0, 0
22606, 1210, 1, 0, 0
22706, 2670, 0, 0, 0
22706, 1220, 1, 0, 0
22806, 2830, 0, 0, 0
22806, 1190, 1, 0, 0
22906, 2630, 0, 0, 0
22906, 1410, 1, 0, 0
23005, 2878, 0, 0, 0
23005, 1282, 1, 0, 0
23105, 2760, 0, 0, 0
23105, 1280, 1, 0, 0
23205, 2410, 0, 0, 0
23205, 1090, 1, 0, 0
23306, 3360, 0, 0, 0
23306, 1130, 1, 0, 0
23406, 2970, 0, 0, 0
23406, 1180, 1, 0, 0
23505, 2666, 0, 0, 0
23505, 1242, 1, 0, 0
23605, 2950, 0, 0, 0
23605, 1210, 1, 0, 0
23705, 3080, 0, 0, 0
23705, 1150, 1, 0, 0
23805, 2720, 0, 0, 0
23805, 1220, 1, 0, 0
23905, 2540, 0, 0, 0
23905, 1360, 1, 0, 0
24005, 2870, 0, 0, 0
24005, 1290, 1, 0, 0
24105, 2780, 0, 0, 0
24105, 1210, 1, 0, 0
24205, 2580, 0, 0, 0
24205, 1260, 1, 0, 0
24306, 2870, 0, 0, 0
24306, 1280, 1, 0, 0
24406, 2660, 0, 0, 0
24406, 1280, 1, 0, 0
24505, 2939, 0, 0, 0
24505, 1212, 1, 0, 0
24605, 2820, 0, 0, 0
24605, 1330, 1, 0, 0
24705, 2910, 0, 0, 0
24705, 1180, 1, 0, 0
24805, 3020, 0, 0, 0
24805, 1270, 1, 0, 0
24905, 2550, 0, 0, 0
24905, 1240, 1, 0, 0
25005, 2720, 0, 0, 0
25005, 1230, 1, 0, 0
25105, 2670, 0, 0, 0
25105, 1330, 1, 0, 0
25205, 2830, 0, 0, 0
25205, 1250, 1, 0, 0
25306, 3280, 0, 0, 0
25306, 1060, 1, 0, 0
25406, 2810, 0, 0, 0
25406, 1260, 1, 0, 0
25505, 2616, 0, 0, 0
25505, 1141, 1, 0, 0
25605, 2930, 0, 0, 0
25605, 1190, 1, 0, 0
25705, 2910, 0, 0, 0
25705, 1270, 1, 0, 0
25805, 2840, 0, 0, 0
25805, 1240, 1, 0, 0
25905, 3010, 0, 0, 0
25905, 1300, 1, 0, 0
26005, 2610, 0, 0, 0
26005, 1120, 1, 0, 0
26105, 2950, 0, 0, 0
26105, 1160, 1, 0, 0
26205, 2790, 0, 0, 0
26205, 1290, 1, 0, 0
26306, 2730, 0, 0, 0
26306, 1330, 1, 0, 0
26406, 2920, 0, 0, 0
26406, 1220, 1, 0, 0
26505, 2949, 0, 0, 0
26505, 1242, 1, 0, 0
26605, 2960, 0, 0, 0
26605, 1270, 1, 0, 0
26705, 3050, 0, 0, 0
26705, 1180, 1, 0, 0
26805, 2780, 0, 0, 0
26805, 1290, 1, 0, 0
26905, 2650, 0, 0, 0
26905, 1250, 1, 0, 0
27005, 2780, 0, 0, 0
27005, 1380, 1, 0, 0
27105, 2700, 0, 0, 0
27105, 1270, 1, 0, 0
27205, 2770, 0, 0, 0
27205, 1270, 1, 0, 0
27306, 2800, 0, 0, 0
27306, 1210, 1, 0, 0
27406, 2730, 0, 0, 0
27406, 1190, 1, 0, 0
27505, 2808, 0, 0, 0
27505, 1202, 1, 0, 0
27605, 2880, 0, 0, 0
27605, 1220, 1, 0, 0
27705, 2850, 0, 0, 0
27705, 1160, 1, 0, 0
27805, 2990, 0, 0, 0
27805, 1200, 1, 0, 0
27905, 2900, 0, 0, 0
27905, 1290, 1, 0, 0
28005, 2930, 0, 0, 0
28005, 1350, 1, 0, 0
28105, 2920, 0, 0, 0
28105, 1150, 1, 0, 0
28205, 2810, 0, 0, 0
28205, 1170, 1, 0, 0
28306, 3100, 0, 0, 0
28306, 1190, 1, 0, 0
28406, 2940, 0, 0, 0
28406, 1280, 1, 0, 0
28505, 2515, 0, 0, 0
28505, 1272, 1, 0, 0
28605, 2530, 0, 0, 0
28605, 1380, 1, 0, 0
28705, 2780, 0, 0, 0
28705, 1300, 1, 0, 0
28805, 3100, 0, 0, 0
28805, 1220, 1, 0, 0
28905, 3060, 0, 0, 0
28905, 1190, 1, 0, 0
29005, 2900, 0, 0, 0
29005, 1090, 1, 0, 0
29105, 2960, 0, 0, 0
29105, 1270, 1, 0, 0
29206, 2970, 0, 0, 0
29206, 1230, 1, 0, 0
29306, 2540, 0, 0, 0
29306, 1350, 1, 0, 0
29406, 2950, 0, 0, 0
29406, 1280, 1, 0, 0
29505, 2747, 0, 0, 0
29505, 1464, 1, 0, 0
29605, 2960, 0, 0, 0
29605, 1210, 1, 0, 0
29705, 2910, 0, 0, 0
29705, 1340, 1, 0, 0
29805, 3110, 0, 0, 0
29805, 1220, 1, 0, 0
29905, 2980, 0, 0, 0
29905, 1190, 1, 0, 0
30006, 2770, 0, 0, 0
30006, 1340, 1, 0, 0
30106, 2380, 0, 0, 0
30106, 1440, 1, 0, 0
30206, 2960, 0, 0, 0
30206, 1170, 1, 0, 0
30306, 2880, 0, 0, 0
30306, 1260, 1, 0, 0
30406, 2890, 0, 0, 0
30406, 1160, 1, 0, 0
30505, 2646, 0, 0, 0
30505, 1242, 1, 0, 0
30605, 2620, 0, 0, 0
30605, 1250, 1, 0, 0
30705, 3260, 0, 0, 0
30705, 1160, 1, 0, 0
30805, 3020, 0, 0, 0
30805, 1230, 1, 0, 0
30905, 2960, 0, 0, 0
30905, 1110, 1, 0, 0
31006, 3140, 0, 0, 0
31006, 1220, 1, 0, 0
31106, 2960, 0, 0, 0
31106, 1220, 1, 0, 0
31206, 2970, 0, 0, 0
31206, 1180, 1, 0, 0
31306, 2780, 0, 0, 0
31306, 1360, 1, 0, 0
31406, 2740, 0, 0, 0
31406, 1210, 1, 0, 0
31505, 2707, 0, 0, 0
31505, 1373, 1, 0, 0
31605, 2710, 0, 0, 0
31605, 1290, 1, 0, 0
31705, 2690, 0, 0, 0
31705, 1270, 1, 0, 0
31805, 2870, 0, 0, 0
31805, 1130, 1, 0, 0
31905, 2580, 0, 0, 0
31905, 1320, 1, 0, 0
32006, 2890, 0, 0, 0
32006, 1250, 1, 0, 0
32106, 2570, 0, 0, 0
32106, 1400, 1, 0, 0
32206, 2720, 0, 0, 0
32206, 1250, 1, 0, 0
32306, 2870, 0, 0, 0
32306, 1140, 1, 0, 0
32406, 3140, 0, 0, 0
32406, 1190, 1, 0, 0
32505, 2737, 0, 0, 0
32505, 1404, 1, 0, 0
32605, 2730, 0, 0, 0
32605, 1400, 1, 0, 0
32705, 2840, 0, 0, 0
32705, 1270, 1, 0, 0
32805, 2810, 0, 0, 0
32805, 1150, 1, 0, 0
32905, 2830, 0, 0, 0
32905, 1110, 1, 0, 0
33006, 3090, 0, 0, 0
33006, 1180, 1, 0, 0
33106, 2800, 0, 0, 0
33106, 1280, 1, 0, 0
33206, 2680, 0, 0, 0
33206, 1250, 1, 0, 0
33306, 2950, 0, 0, 0
33306, 1170, 1, 0, 0
33406, 2840, 0, 0, 0
33406, 1250, 1, 0, 0
33505, 2979, 0, 0, 0
33505, 1212, 1, 0, 0
33605, 2660, 0, 0, 0
33605, 1310, 1, 0, 0
33705, 2730, 0, 0, 0
33705, 1210, 1, 0, 0
33805, 3140, 0, 0, 0
33805, 1160, 1, 0, 0
33905, 2820, 0, 0, 0
33905, 1300, 1, 0, 0
34006, 2910, 0, 0, 0
34006, 1290, 1, 0, 0
34106, 2970, 0, 0, 0
34106, 1270, 1, 0, 0
34206, 2750, 0, 0, 0
34206, 1300, 1, 0, 0
34306, 3050, 0, 0, 0
34306, 1100, 1, 0, 0
34406, 2660, 0, 0, 0
34406, 1260, 1, 0, 0
34505, 2959, 0, 0, 0
34505, 1151, 1, 0, 0
34605, 2990, 0, 0, 0
34605, 1210, 1, 0, 0
34705, 2610, 0, 0, 0
34705, 1360, 1, 0, 0
34805, 2530, 0, 0, 0
34805, 1400, 1, 0, 0
34905, 2810, 0, 0, 0
34905, 1150, 1, 0, 0
35006, 2580, 0, 0, 0
35006, 1230, 1, 0, 0
35106, 2710, 0, 0, 0
35106, 1240, 1, 0, 0
35206, 3040, 0, 0, 0
35206, 1200, 1, 0, 0
35306, 2860, 0, 0, 0
35306, 1220, 1, 0, 0
35406, 2800, 0, 0, 0
35406, 1310, 1, 0, 0
35505, 2878, 0, 0, 0
35505, 1282, 1, 0, 0
35605, 2890, 0, 0, 0
35605, 1290, 1, 0, 0
35705, 2920, 0, 0, 0
35705, 1160, 1, 0, 0
35805, 2830, 0, 0, 0
35805, 1270, 1, 0, 0
35906, 2990, 0, 0, 0
35906, 1210, 1, 0, 0
36006, 3150, 0, 0, 0
36006, 1190, 1, 0, 0
36106, 2800, 0, 0, 0
36106, 1200, 1, 0, 0
36206, 3140, 0, 0, 0
36206, 1120, 1, 0, 0
36306, 3000, 0, 0, 0
36306, 1170, 1, 0, 0
36406, 2910, 0, 0, 0
36406, 1320, 1, 0, 0
36505, 3141, 0, 0, 0
36505, 1101, 1, 0, 0
36605, 2560, 0, 0, 0
36605, 1330, 1, 0, 0
36705, 3330, 0, 0, 0
36705, 1060, 1, 0, 0
36806, 2860, 0, 0, 0
36806, 1310, 1, 0, 0
36906, 2990, 0, 0, 0
36906, 1240, 1, 0, 0
37006, 3220, 0, 0, 0
37006, 1030, 1, 0, 0
37106, 2840, 0, 0, 0
37106, 1220, 1, 0, 0
37206, 3030, 0, 0, 0
37206, 1080, 1, 0, 0
37306, 2920, 0, 0, 0
37306, 1290, 1, 0, 0
37406, 2920, 0, 0, 0
37406, 1220, 1, 0, 0
37505, 2696, 0, 0, 0
37505, 1313, 1, 0, 0
37605, 2910, 0, 0, 0
37605, 1210, 1, 0, 0
37705, 2860, 0, 0, 0
37705, 1280, 1, 0, 0
37805, 2870, 0, 0, 0
37805, 1290, 1, 0, 0
37906, 2730, 0, 0, 0
37906, 1370, 1, 0, 0
38006, 2680, 0, 0, 0
38006, 1330, 1, 0, 0
38106, 2760, 0, 0, 0
38106, 1310, 1, 0, 0
38206, 2880, 0, 0, 0
38206, 1290, 1, 0, 0
38306, 2760, 0, 0, 0
38306, 1280, 1, 0, 0
38406, 2820, 0, 0, 0
38406, 1160, 1, 0, 0
38505, 2787, 0, 0, 0
38505, 1171, 1, 0, 0
38605, 2700, 0, 0, 0
38605, 1280, 1, 0, 0
38705, 3000, 0, 0, 0
38705, 1180, 1, 0, 0
38806, 2680, 0, 0, 0
38806, 1270, 1, 0, 0
38906, 2830, 0, 0, 0
38906, 1320, 1, 0, 0
39005, 2777, 0, 0, 0
39005, 1080, 1, 0, 0
39105, 2720, 0, 0, 0
39105, 1210, 1, 0, 0
39205, 3000, 0, 0, 0
39205, 1160, 1, 0, 0
39305, 2220, 0, 0, 0
39305, 1150, 1, 0, 0
39405, 2920, 0, 0, 0
39405, 1470, 1, 0, 0
39505, 2920, 0, 0, 0
39505, 1240, 1, 0, 0
39605, 2780, 0, 0, 0
39605, 1290, 1, 0, 0
39705, 2660, 0, 0, 0
39705, 1300, 1, 0, 0
39806, 2770, 0, 0, 0
39806, 1310, 1, 0, 0
39906, 3060, 0, 0, 0
39906, 1230, 1, 0, 0
40005, 2868, 0, 0, 0
40005, 1353, 1, 0, 0
40105, 2710, 0, 0, 0
40105, 1340, 1, 0, 0
40205, 2750, 0, 0, 0
40205, 1250, 1, 0, 0
40305, 2820, 0, 0, 0
40305, 1320, 1, 0, 0
40405, 3150, 0, 0, 0
40405, 1240, 1, 0, 0
40505, 2690, 0, 0, 0
40505, 1300, 1, 0, 0
40605, 2790, 0, 0, 0
40605, 1260, 1, 0, 0
40705, 3000, 0, 0, 0
40705, 1160, 1, 0, 0
40806, 2610, 0, 0, 0
40806, 1250, 1, 0, 0
40906, 3250, 0, 0, 0
40906, 1110, 1, 0, 0
41005, 2767, 0, 0, 0
41005, 1282, 1, 0, 0
41105, 2990, 0, 0, 0
41105, 1210, 1, 0, 0
41205, 2780, 0, 0, 0
41205, 1210, 1, 0, 0
41305, 2930, 0, 0, 0
41305, 1180, 1, 0, 0
41405, 3180, 0, 0, 0
41405, 1160, 1, 0, 0
41505, 2680, 0, 0, 0
41505, 1290, 1, 0, 0
41605, 2820, 0, 0, 0
41605, 1260, 1, 0, 0
41705, 2920, 0, 0, 0
41705, 1150, 1, 0, 0
41806, 2530, 0, 0, 0
41806, 1290, 1, 0, 0
41906, 3060, 0, 0, 0
41906, 1190, 1, 0, 0
42005, 3020, 0, 0, 0
42005, 1171, 1, 0, 0
42105, 2560, 0, 0, 0
42105, 1170, 1, 0, 0
42205, 2970, 0, 0, 0
42205, 1220, 1, 0, 0
42305, 2960, 0, 0, 0
42305, 1220, 1, 0, 0
42405, 2610, 0, 0, 0
42405, 1370, 1, 0, 0
42505, 2970, 0, 0, 0
42505, 1180, 1, 0, 0
42605, 2810, 0, 0, 0
42605, 1330, 1, 0, 0
42705, 2790, 0, 0, 0
42705, 1310, 1, 0, 0
42806, 2920, 0, 0, 0
42806, 1100, 1, 0, 0
42906, 2470, 0, 0, 0
42906, 1490, 1, 0, 0
43005, 2676, 0, 0, 0
43005, 1272, 1, 0, 0
43105, 2940, 0, 0, 0
43105, 1270, 1, 0, 0
43205, 2820, 0, 0, 0
43205, 1230, 1, 0, 0
43305, 3030, 0, 0, 0
43305, 1260, 1, 0, 0
43405, 3110, 0, 0, 0
43405, 1130, 1, 0, 0
43506, 2700, 0, 0, 0
43506, 1220, 1, 0, 0
43606, 2930, 0, 0, 0
43606, 1210, 1, 0, 0
43706, 2900, 0, 0, 0
43706, 1180, 1, 0, 0
43806, 2790, 0, 0, 0
43806, 1320, 1, 0, 0
43906, 2740, 0, 0, 0
43906, 1300, 1, 0, 0
44005, 2717, 0, 0, 0
44005, 1303, 1, 0, 0
44105, 2680, 0, 0, 0
44105, 1260, 1, 0, 0
44205, 3310, 0, 0, 0
44205, 1130, 1, 0, 0
44305, 2910, 0, 0, 0
44305, 1310, 1, 0, 0
44405, 3000, 0, 0, 0
44405, 1190, 1, 0, 0
44506, 2690, 0, 0, 0
44506, 1280, 1, 0, 0
44606, 2870, 0, 0, 0
44606, 1290, 1, 0, 0
44706, 3150, 0, 0, 0
44706, 1110, 1, 0, 0
44806, 2650, 0, 0, 0
44806, 1190, 1, 0, 0
44906, 3000, 0, 0, 0
44906, 1210, 1, 0, 0
45005, 2939, 0, 0, 0
45005, 1292, 1, 0, 0
45105, 2550, 0, 0, 0
45105, 1320, 1, 0, 0
45205, 2670, 0, 0, 0
45205, 1360, 1, 0, 0
45305, 3080, 0, 0, 0
45305, 1270, 1, 0, 0
45405, 3020, 0, 0, 0
45405, 1190, 1, 0, 0
45506, 2830, 0, 0, 0
45506, 1220, 1, 0, 0
45606, 3070, 0, 0, 0
45606, 1180, 1, 0, 0
45706, 2480, 0, 0, 0
45706, 1430, 1, 0, 0
45806, 3010, 0, 0, 0
45806, 1170, 1, 0, 0
45906, 3140, 0, 0, 0
45906, 1110, 1, 0, 0
46005, 3101, 0, 0, 0
46005, 1121, 1, 0, 0
46105, 2740, 0, 0, 0
46105, 1180, 1, 0, 0
46205, 2620, 0, 0, 0
46205, 1320, 1, 0, 0
46305, 2730, 0, 0, 0
46305, 1230, 1, 0, 0
46405, 2480, 0, 0, 0
46405, 1170, 1, 0, 0
46506, 2720, 0, 0, 0
46506, 1290, 1, 0, 0
46606, 3040, 0, 0, 0
46606, 1220, 1, 0, 0
46706, 2730, 0, 0, 0
46706, 1170, 1, 0, 0
46806, 3150, 0, 0, 0
46806, 1180, 1, 0, 0
46906, 2830, 0, 0, 0
46906, 1250, 1, 0, 0
47005, 2303, 0, 0, 0
47005, 1343, 1, 0, 0
47105, 3080, 0, 0, 0
47105, 1240, 1, 0, 0
47205, 3010, 0, 0, 0
47205, 1130, 1, 0, 0
47305, 2900, 0, 0, 0
47305, 1180, 1, 0, 0
47405, 2350, 0, 0, 0
47405, 1100, 1, 0, 0
47506, 2970, 0, 0, 0
47506, 1290, 1, 0, 0
47606, 2680, 0, 0, 0
47606, 1270, 1, 0, 0
47706, 2910, 0, 0, 0
47706, 1220, 1, 0, 0
47806, 2900, 0, 0, 0
47806, 1080, 1, 0, 0
47906, 2690, 0, 0, 0
47906, 1180, 1, 0, 0
48005, 2686, 0, 0, 0
48005, 1161, 1, 0, 0
48105, 2810, 0, 0, 0
48105, 1220, 1, 0, 0
48205, 2910, 0, 0, 0
48205, 1190, 1, 0, 0
48305, 2790, 0, 0, 0
48305, 1200, 1, 0, 0
48406, 3000, 0, 0, 0
48406, 1110, 1, 0, 0
48506, 2880, 0, 0, 0
48506, 1230, 1, 0, 0
48606, 2910, 0, 0, 0
48606, 1300, 1, 0, 0
48706, 2660, 0, 0, 0
48706, 1160, 1, 0, 0
48806, 2750, 0, 0, 0
48806, 1250, 1, 0, 0
48906, 2950, 0, 0, 0
48906, 1120, 1, 0, 0
49005, 2808, 0, 0, 0
49005, 1202, 1, 0, 0
49105, 2990, 0, 0, 0
49105, 1130, 1, 0, 0
49205, 3040, 0, 0, 0
49205, 1110, 1, 0, 0
49306, 2960, 0, 0, 0
49306, 1230, 1, 0, 0
49406, 3070, 0, 0, 0
49406, 1220, 1, 0, 0
49505, 2787, 0, 0, 0
49505, 1313, 1, 0, 0
49605, 2950, 0, 0, 0
49605, 1300, 1, 0, 0
49705, 2880, 0, 0, 0
49705, 1230, 1, 0, 0
49805, 2930, 0, 0, 0
49805, 1230, 1, 0, 0
49905, 3010, 0, 0, 0
49905, 1170, 1, 0, 0
50005, 2670, 0, 0, 0
50005, 1410, 1, 0, 0
50105, 2710, 0, 0, 0
50105, 1090, 1, 0, 0
50205, 2890, 0, 0, 0
50205, 1170, 1, 0, 0
50306, 3120, 0, 0, 0
50306, 1140, 1, 0, 0
50406, 2990, 0, 0, 0
50406, 1090, 1, 0, 0
50505, 2909, 0, 0, 0
50505, 1161, 1, 0, 0
50605, 2870, 0, 0, 0
50605, 1210, 1, 0, 0
50705, 2880, 0, 0, 0
50705, 1250, 1, 0, 0
50805, 2830, 0, 0, 0
50805, 1260, 1, 0, 0
50905, 3030, 0, 0, 0
50905, 1150, 1, 0, 0
51005, 2960, 0, 0, 0
51005, 1290, 1, 0, 0
51105, 2910, 0, 0, 0
51105, 1190, 1, 0, 0
51206, 2930, 0, 0, 0
51206, 1150, 1, 0, 0
51306, 3020, 0, 0, 0
51306, 1220, 1, 0, 0
51406, 2650, 0, 0, 0
51406, 1120, 1, 0, 0
51505, 2929, 0, 0, 0
51505, 1131, 1, 0, 0
51605, 2700, 0, 0, 0
51605, 1230, 1, 0, 0
51705, 2780, 0, 0, 0
51705, 1210, 1, 0, 0
51805, 3020, 0, 0, 0
51805, 1230, 1, 0, 0
51905, 2650, 0, 0, 0
51905, 1280, 1, 0, 0
52006, 2880, 0, 0, 0
52006, 1150, 1, 0, 0
52106, 2840, 0, 0, 0
52106, 1220, 1, 0, 0
52206, 2740, 0, 0, 0
52206, 1350, 1, 0, 0
52306, 3080, 0, 0, 0
52306, 1130, 1, 0, 0
52406, 2670, 0, 0, 0
52406, 1220, 1, 0, 0
52505, 2636, 0, 0, 0
52505, 1272, 1, 0, 0
52605, 2700, 0, 0, 0
52605, 1190, 1, 0, 0
52705, 2660, 0, 0, 0
52705, 1330, 1, 0, 0
52805, 3010, 0, 0, 0
52805, 1110, 1, 0, 0
52906, 2520, 0, 0, 0
52906, 1270, 1, 0, 0
53006, 2990, 0, 0, 0
53006, 1190, 1, 0, 0
53106, 2640, 0, 0, 0
53106, 1300, 1, 0, 0
53206, 2780, 0, 0, 0
53206, 1100, 1, 0, 0
53306, 3100, 0, 0, 0
53306, 1160, 1, 0, 0
53406, 2820, 0, 0, 0
53406, 1190, 1, 0, 0
53505, 2535, 0, 0, 0
53505, 1292, 1, 0, 0
53605, 2870, 0, 0, 0
53605, 1210, 1, 0, 0
53705, 2770, 0, 0, 0
53705, 1180, 1, 0, 0
53806, 2940, 0, 0, 0
53806, 1240, 1, 0, 0
53906, 2840, 0, 0, 0
53906, 1220, 1, 0, 0
54005, 3010, 0, 0, 0
54005, 1212, 1, 0, 0
54105, 2850, 0, 0, 0
54105, 1120, 1, 0, 0
54205, 2710, 0, 0, 0
54205, 1180, 1, 0, 0
54305, 2900, 0, 0, 0
54305, 1230, 1, 0, 0
54405, 3030, 0, 0, 0
54405, 1180, 1, 0, 0
54505, 2780, 0, 0, 0
54505, 1110, 1, 0, 0
54605, 2910, 0, 0, 0
54605, 1200, 1, 0, 0
54705, 2580, 0, 0, 0
54705, 1310, 1, 0, 0
54806, 2910, 0, 0, 0
54806, 1150, 1, 0, 0
54906, 3070, 0, 0, 0
54906, 1140, 1, 0, 0
55005, 2858, 0, 0, 0
55005, 1222, 1, 0, 0
55105, 2900, 0, 0, 0
55105, 1130, 1, 0, 0
55205, 3100, 0, 0, 0
55205, 1070, 1, 0, 0
55305, 2880, 0, 0, 0
55305, 1140, 1, 0, 0
55405, 2720, 0, 0, 0
55405, 1190, 1, 0, 0
55505, 2980, 0, 0, 0
55505, 1140, 1, 0, 0
55605, 2820, 0, 0, 0
55605, 1210, 1, 0, 0
55706, 2690, 0, 0, 0
55706, 1300, 1, 0, 0
55806, 2780, 0, 0, 0
55806, 1220, 1, 0, 0
55906, 3110, 0, 0, 0
55906, 1190, 1, 0, 0
56005, 3030, 0, 0, 0
56005, 1202, 1, 0, 0
56105, 2590, 0, 0, 0
56105, 1020, 1, 0, 0
56205, 2730, 0, 0, 0
56205, 1290, 1, 0, 0
56305, 3000, 0, 0, 0
56305, 1210, 1, 0, 0
56405, 2530, 0, 0, 0
56405, 1300, 1, 0, 0
56505, 2300, 0, 0, 0
56505, 1210, 1, 0, 0
56606, 2860, 0, 0, 0
56606, 1180, 1, 0, 0
56706, 3000, 0, 0, 0
56706, 1240, 1, 0, 0
56806, 2810, 0, 0, 0
56806, 1300, 1, 0, 0
56906, 3040, 0, 0, 0
56906, 1090, 1, 0, 0
57005, 2858, 0, 0, 0
57005, 1222, 1, 0, 0
57105, 3120, 0, 0, 0
57105, 1220, 1, 0, 0
57205, 2490, 0, 0, 0
57205, 1410, 1, 0, 0
57305, 3040, 0, 0, 0
57305, 1160, 1, 0, 0
57405, 2790, 0, 0, 0
57405, 1330, 1, 0, 0
57506, 2860, 0, 0, 0
57506, 1260, 1, 0, 0
57606, 2980, 0, 0, 0
57606, 1150, 1, 0, 0
57706, 2650, 0, 0, 0
57706, 1150, 1, 0, 0
57806, 2760, 0, 0, 0
57806, 1360, 1, 0, 0
57906, 2860, 0, 0, 0
57906, 1210, 1, 0, 0
58005, 2747, 0, 0, 0
58005, 1292, 1, 0, 0
58105, 3350, 0, 0, 0
58105, 1040, 1, 0, 0
58205, 2820, 0, 0, 0
58205, 1240, 1, 0, 0
58305, 2570, 0, 0, 0
58305, 1180, 1, 0, 0
58405, 2920, 0, 0, 0
58405, 1170, 1, 0, 0
58506, 2850, 0, 0, 0
58506, 1140, 1, 0, 0
58606, 2580, 0, 0, 0
58606, 1250, 1, 0, 0
58706, 2890, 0, 0, 0
58706, 1230, 1, 0, 0
58806, 2690, 0, 0, 0
58806, 1360, 1, 0, 0
58906, 2700, 0, 0, 0
58906, 1260, 1, 0, 0
59005, 2787, 0, 0, 0
59005, 1212, 1, 0, 0
59105, 2870, 0, 0, 0
59105, 1180, 1, 0, 0
59205, 3060, 0, 0, 0
59205, 1250, 1, 0, 0
59305, 2930, 0, 0, 0
59305, 1200, 1, 0, 0
59405, 3000, 0, 0, 0
59405, 1120, 1, 0, 0
59506, 2470, 0, 0, 0
59506, 1390, 1, 0, 0
59606, 2790, 0, 0, 0
59606, 1210, 1, 0, 0
59706, 2940, 0, 0, 0
59706, 1230, 1, 0, 0
59806, 2820, 0, 0, 0
59806, 1210, 1, 0, 0
59906, 2790, 0, 0, 0
59906, 1320, 1, 0, 0
60005, 2545, 0, 0, 0
60005, 1353, 1, 0, 0
60105, 2740, 0, 0, 0
60105, 1280, 1, 0, 0
60205, 3240, 0, 0, 0
60205, 1170, 1, 0, 0
60305, 2240, 0, 0, 0
60305, 1090, 1, 0, 0
60406, 2310, 0, 0, 0
60406, 950, 1, 0, 0
60506, 2840, 0, 0, 0
60506, 1180, 1, 0, 0
60606, 2560, 0, 0, 0
60606, 1300, 1, 0, 0
60706, 2560, 0, 0, 0
60706, 1220, 1, 0, 0
60806, 2700, 0, 0, 0
60806, 1160, 1, 0, 0
60906, 2960, 0, 0, 0
60906, 1130, 1, 0, 0
61005, 2898, 0, 0, 0
61005, 1181, 1, 0, 0
61105, 2630, 0, 0, 0
61105, 1250, 1, 0, 0
61205, 2530, 0, 0, 0
61205, 1150, 1, 0, 0
61306, 2650, 0, 0, 0
61306, 1280, 1, 0, 0
61406, 2720, 0, 0, 0
61406, 1260, 1, 0, 0
61506, 2940, 0, 0, 0
61506, 1130, 1, 0, 0
61606, 2870, 0, 0, 0
61606, 1050, 1, 0, 0
61706, 2820, 0, 0, 0
61706, 1150, 1, 0, 0
61806, 2830, 0, 0, 0
61806, 1130, 1, 0, 0
61906, 2560, 0, 0, 0
61906, 1110, 1, 0, 0
62005, 2626, 0, 0, 0
62005, 1242, 1, 0, 0
62105, 2330, 0, 0, 0
62105, 1290, 1, 0, 0
62205, 3030, 0, 0, 0
62205, 1030, 1, 0, 0
62306, 2950, 0, 0, 0
62306, 1100, 1, 0, 0
62406, 2530, 0, 0, 0
62406, 1130, 1, 0, 0
62505, 2959, 0, 0, 0
62505, 1060, 1, 0, 0
62605, 2380, 0, 0, 0
62605, 1230, 1, 0, 0
62705, 2610, 0, 0, 0
62705, 1200, 1, 0, 0
62805, 3110, 0, 0, 0
62805, 950, 1, 0, 0
62905, 2730, 0, 0, 0
62905, 1180, 1, 0, 0
63005, 2720, 0, 0, 0
63005, 1140, 1, 0, 0
63105, 2820, 0, 0, 0
63105, 1160, 1, 0, 0
63205, 2830, 0, 0, 0
63205, 1040, 1, 0, 0
63306, 2530, 0, 0, 0
63306, 1040, 1, 0, 0
63406, 2870, 0, 0, 0
63406, 1130, 1, 0, 0
63505, 2686, 0, 0, 0
63505, 1151, 1, 0, 0
63605, 3010, 0, 0, 0
63605, 1060, 1, 0, 0
63705, 2700, 0, 0, 0
63705, 1060, 1, 0, 0
63805, 2700, 0, 0, 0
63805, 1140, 1, 0, 0
63905, 2320, 0, 0, 0
63905, 1340, 1, 0, 0
64005, 2790, 0, 0, 0
64005, 1150, 1, 0, 0
64105, 2580, 0, 0, 0
64105, 1290, 1, 0, 0
64205, 2710, 0, 0, 0
64205, 1240, 1, 0, 0
64306, 2570, 0, 0, 0
64306, 1140, 1, 0, 0
64406, 2780, 0, 0, 0
64406, 1250, 1, 0, 0
64505, 2636, 0, 0, 0
64505, 1212, 1, 0, 0
64605, 2770, 0, 0, 0
64605, 1180, 1, 0, 0
64705, 2380, 0, 0, 0
64705, 1260, 1, 0, 0
64805, 2810, 0, 0, 0
64805, 1210, 1, 0, 0
64905, 2390, 0, 0, 0
64905, 1210, 1, 0, 0
65005, 2720, 0, 0, 0
65005, 1100, 1, 0, 0
65105, 2630, 0, 0, 0
65105, 1260, 1, 0, 0
65205, 2570, 0, 0, 0
65205, 1260, 1, 0, 0
65306, 2770, 0, 0, 0
65306, 1130, 1, 0, 0
65406, 2780, 0, 0, 0
65406, 1110, 1, 0, 0
65505, 2616, 0, 0, 0
65505, 1191, 1, 0, 0
65605, 2460, 0, 0, 0
65605, 1110, 1, 0, 0
65705, 2500, 0, 0, 0
65705, 1170, 1, 0, 0
65805, 2980, 0, 0, 0
65805, 1030, 1, 0, 0
65905, 2730, 0, 0, 0
65905, 1080, 1, 0, 0
66005, 2690, 0, 0, 0
66005, 1260, 1, 0, 0
66105, 2670, 0, 0, 0
66105, 1110, 1, 0, 0
66205, 1900, 0, 0, 0
66205, 890, 1, 0, 0
66306, 2990, 0, 0, 0
66306, 1190, 1, 0, 0
66406, 2740, 0, 0, 0
66406, 1160, 1, 0, 0
66505, 2727, 0, 0, 0
66505, 1212, 1, 0, 0
66605, 2560, 0, 0, 0
66605, 1270, 1, 0, 0
66705, 2860, 0, 0, 0
66705, 1250, 1, 0, 0
66805, 2790, 0, 0, 0
66805, 1200, 1, 0, 0
66905, 2890, 0, 0, 0
66905, 1180, 1, 0, 0
67005, 2790, 0, 0, 0
67005, 1100, 1, 0, 0
67105, 2470, 0, 0, 0
67105, 1290, 1, 0, 0
67205, 2710, 0, 0, 0
67205, 1180, 1, 0, 0
67306, 2780, 0, 0, 0
67306, 1150, 1, 0, 0
67406, 2600, 0, 0, 0
67406, 1190, 1, 0, 0
67505, 2888, 0, 0, 0
67505, 1161, 1, 0, 0
67605, 2670, 0, 0, 0
67605, 1250, 1, 0, 0
67705, 2520, 0, 0, 0
67705, 1200, 1, 0, 0
67805, 2750, 0, 0, 0
67805, 1050, 1, 0, 0
67905, 2820, 0, 0, 0
67905, 1150, 1, 0, 0
68005, 2580, 0, 0, 0
68005, 1160, 1, 0, 0
68106, 2670, 0, 0, 0
68106, 1310, 1, 0, 0
68206, 2860, 0, 0, 0
68206, 1180, 1, 0, 0
68306, 2730, 0, 0, 0
68306, 1180, 1, 0, 0
68406, 2550, 0, 0, 0
68406, 1200, 1, 0, 0
68505, 2424, 0, 0, 0
68505, 1242, 1, 0, 0
68605, 2930, 0, 0, 0
68605, 1100, 1, 0, 0
68705, 2790, 0, 0, 0
68705, 1070, 1, 0, 0
68805, 2790, 0, 0, 0
68805, 1130, 1, 0, 0
68905, 2440, 0, 0, 0
68905, 1230, 1, 0, 0
69006, 2970, 0, 0, 0
69006, 1020, 1, 0, 0
69106, 2790, 0, 0, 0
69106, 1180, 1, 0, 0
69206, 2410, 0, 0, 0
69206, 1250, 1, 0, 0
69306, 3000, 0, 0, 0
69306, 1000, 1, 0, 0
69406, 2650, 0, 0, 0
69406, 1230, 1, 0, 0
69505, 2393, 0, 0, 0
69505, 1262, 1, 0, 0
69605, 2700, 0, 0, 0
69605, 1120, 1, 0, 0
69705, 2790, 0, 0, 0
69705, 1180, 1, 0, 0
69805, 2290, 0, 0, 0
69805, 1210, 1, 0, 0
69905, 2410, 0, 0, 0
69905, 1190, 1, 0, 0
70006, 2650, 0, 0, 0
70006, 1160, 1, 0, 0
70106, 2600, 0, 0, 0
70106, 1200, 1, 0, 0
70206, 2300, 0, 0, 0
70206, 1300, 1, 0, 0
70306, 2560, 0, 0, 0
70306, 1270, 1, 0, 0
70406, 2700, 0, 0, 0
70406, 1150, 1, 0, 0
70505, 2848, 0, 0, 0
70505, 1161, 1, 0, 0
70605, 2520, 0, 0, 0
70605, 1140, 1, 0, 0
70705, 2670, 0, 0, 0
70705, 1230, 1, 0, 0
70805, 2840, 0, 0, 0
70805, 1190, 1, 0, 0
70905, 2550, 0, 0, 0
70905, 1160, 1, 0, 0
71006, 2760, 0, 0, 0
71006, 1170, 1, 0, 0
71106, 2670, 0, 0, 0
71106, 1230, 1, 0, 0
71206, 3060, 0, 0, 0
71206, 1120, 1, 0, 0
71306, 2650, 0, 0, 0
71306, 1110, 1, 0, 0
71406, 3120, 0, 0, 0
71406, 1080, 1, 0, 0
71505, 2616, 0, 0, 0
71505, 1181, 1, 0, 0
71605, 1760, 0, 0, 0
71605, 760, 1, 0, 0
71705, 3310, 0, 0, 0
71705, 1200, 1, 0, 0
71806, 2740, 0, 0, 0
71806, 1210, 1, 0, 0
71906, 2430, 0, 0, 0
71906, 1180, 1, 0, 0
72006, 2570, 0, 0, 0
72006, 1200, 1, 0, 0
72106, 2920, 0, 0, 0
72106, 1100, 1, 0, 0
72206, 2780, 0, 0, 0
72206, 1190, 1, 0, 0
72306, 2970, 0, 0, 0
72306, 1020, 1, 0, 0
72406, 2700, 0, 0, 0
72406, 1120, 1, 0, 0
72505, 2545, 0, 0, 0
72505, 1272, 1, 0, 0
72605, 3190, 0, 0, 0
72605, 1020, 1, 0, 0
72705, 2820, 0, 0, 0
72705, 1180, 1, 0, 0
72806, 2900, 0, 0, 0
72806, 1140, 1, 0, 0
72906, 3000, 0, 0, 0
72906, 1100, 1, 0, 0
73006, 2770, 0, 0, 0
73006, 1200, 1, 0, 0
73106, 3030, 0, 0, 0
73106, 1180, 1, 0, 0
73206, 2770, 0, 0, 0
73206, 1180, 1, 0, 0
73306, 2490, 0, 0, 0
73306, 1280, 1, 0, 0
73406, 2290, 0, 0, 0
73406, 1280, 1, 0, 0
73505, 2787, 0, 0, 0
73505, 1161, 1, 0, 0
73605, 2890, 0, 0, 0
73605, 1150, 1, 0, 0
73705, 3130, 0, 0, 0
73705, 1120, 1, 0, 0
73806, 2760, 0, 0, 0
73806, 1190, 1, 0, 0
73906, 2700, 0, 0, 0
73906, 1200, 1, 0, 0
74005, 2818, 0, 0, 0
74005, 1080, 1, 0, 0
74105, 2620, 0, 0, 0
74105, 1210, 1, 0, 0
74205, 2800, 0, 0, 0
74205, 1100, 1, 0, 0
74305, 2570, 0, 0, 0
74305, 1210, 1, 0, 0
74405, 2930, 0, 0, 0
74405, 1130, 1, 0, 0
74505, 2470, 0, 0, 0
74505, 1230, 1, 0, 0
74605, 2890, 0, 0, 0
74605, 1140, 1, 0, 0
74705, 2740, 0, 0, 0
74705, 1150, 1, 0, 0
74806, 2450, 0, 0, 0
74806, 1320, 1, 0, 0
74906, 2540, 0, 0, 0
74906, 1120, 1, 0, 0
75005, 2515, 0, 0, 0
75005, 1151, 1, 0, 0
75105, 2950, 0, 0, 0
75105, 1110, 1, 0, 0
75205, 2680, 0, 0, 0
75205, 1340, 1, 0, 0
75305, 2860, 0, 0, 0
75305, 1140, 1, 0, 0
75405, 2760, 0, 0, 0
75405, 1090, 1, 0, 0
75505, 2960, 0, 0, 0
75505, 1100, 1, 0, 0
75605, 2690, 0, 0, 0
75605, 1170, 1, 0, 0
75705, 2750, 0, 0, 0
75705, 1210, 1, 0, 0
75806, 2990, 0, 0, 0
75806, 1140, 1, 0, 0
75906, 2920, 0, 0, 0
75906, 1080, 1, 0, 0
76005, 2868, 0, 0, 0
76005, 1121, 1, 0, 0
76105, 2760, 0, 0, 0
76105, 1180, 1, 0, 0
76205, 2910, 0, 0, 0
76205, 1010, 1, 0, 0
76305, 2670, 0, 0, 0
76305, 1150, 1, 0, 0
76405, 2460, 0, 0, 0
76405, 1180, 1, 0, 0
76505, 2540, 0, 0, 0
76505, 1160, 1, 0, 0
76605, 2310, 0, 0, 0
76605, 1300, 1, 0, 0
76705, 2510, 0, 0, 0
76705, 940, 1, 0, 0
76806, 2970, 0, 0, 0
76806, 1100, 1, 0, 0
76906, 2940, 0, 0, 0
76906, 1140, 1, 0, 0
77005, 2727, 0, 0, 0
77005, 1131, 1, 0, 0
77105, 3000, 0, 0, 0
77105, 1040, 1, 0, 0
77205, 2590, 0, 0, 0
77205, 1220, 1, 0, 0
77305, 2440, 0, 0, 0
77305, 1340, 1, 0, 0
77405, 2370, 0, 0, 0
77405, 1180, 1, 0, 0
77505, 3140, 0, 0, 0
77505, 1150, 1, 0, 0
77605, 2980, 0, 0, 0
77605, 1120, 1, 0, 0
77705, 2700, 0, 0, 0
77705, 1220, 1, 0, 0
77806, 2740, 0, 0, 0
77806, 1160, 1, 0, 0
77906, 2710, 0, 0, 0
77906, 1140, 1, 0, 0
78005, 2848, 0, 0, 0
78005, 1191, 1, 0, 0
78105, 2500, 0, 0, 0
78105, 1240, 1, 0, 0
78205, 2710, 0, 0, 0
78205, 1140, 1, 0, 0
78305, 2340, 0, 0, 0
78305, 1200, 1, 0, 0
78405, 2750, 0, 0, 0
78405, 1130, 1, 0, 0
78505, 2750, 0, 0, 0
78505, 1130, 1, 0, 0
78605, 2560, 0, 0, 0
78605, 1270, 1, 0, 0
78706, 2420, 0, 0, 0
78706, 1220, 1, 0, 0
78806, 2770, 0, 0, 0
78806, 1070, 1, 0, 0
78906, 2580, 0, 0, 0
78906, 1060, 1, 0, 0
79005, 2727, 0, 0, 0
79005, 1171, 1, 0, 0
79105, 2580, 0, 0, 0
79105, 1250, 1, 0, 0
79205, 2800, 0, 0, 0
79205, 1040, 1, 0, 0
79305, 2670, 0, 0, 0
79305, 1020, 1, 0, 0
79405, 3010, 0, 0, 0
79405, 1010, 1, 0, 0
79505, 2760, 0, 0, 0
79505, 1100, 1, 0, 0
79606, 2710, 0, 0, 0
79606, 1120, 1, 0, 0
79706, 2710, 0, 0, 0
79706, 1160, 1, 0, 0
79806, 2750, 0, 0, 0
79806, 1110, 1, 0, 0
79906, 2520, 0, 0, 0
79906, 1200, 1, 0, 0
80005, 2585, 0, 0, 0
80005, 1151, 1, 0, 0
80105, 2810, 0, 0, 0
80105, 1150, 1, 0, 0
80205, 2760, 0, 0, 0
80205, 1150, 1, 0, 0
80305, 2650, 0, 0, 0
80305, 1160, 1, 0, 0
80405, 3090, 0, 0, 0
80405, 1030, 1, 0, 0
80505, 2970, 0, 0, 0
80505, 1130, 1, 0, 0
80605, 2420, 0, 0, 0
80605, 1340, 1, 0, 0
80706, 2640, 0, 0, 0
80706, 1160, 1, 0, 0
80806, 2590, 0, 0, 0
80806, 1190, 1, 0, 0
80906, 2680, 0, 0, 0
80906, 1110, 1, 0, 0
81005, 2424, 0, 0, 0
81005, 1333, 1, 0, 0
81105, 2800, 0, 0, 0
81105, 1090, 1, 0, 0
81205, 2710, 0, 0, 0
81205, 1140, 1, 0, 0
81305, 2800, 0, 0, 0
81305, 1110, 1, 0, 0
81405, 2530, 0, 0, 0
81405, 1190, 1, 0, 0
81506, 2640, 0, 0, 0
81506, 1190, 1, 0, 0
81606, 2650, 0, 0, 0
81606, 1140, 1, 0, 0
81706, 2620, 0, 0, 0
81706, 1170, 1, 0, 0
81806, 2400, 0, 0, 0
81806, 1280, 1, 0, 0
81906, 2770, 0, 0, 0
81906, 1190, 1, 0, 0
82005, 2717, 0, 0, 0
82005, 1181, 1, 0, 0
82105, 2640, 0, 0, 0
82105, 1180, 1, 0, 0
82205, 2810, 0, 0, 0
82205, 1130, 1, 0, 0
82305, 2700, 0, 0, 0
82305, 1170, 1, 0, 0
82405, 2500, 0, 0, 0
82405, 1320, 1, 0, 0
82506, 2570, 0, 0, 0
82506, 1150, 1, 0, 0
82606, 2820, 0, 0, 0
82606, 1170, 1, 0, 0
82706, 2870, 0, 0, 0
82706, 1040, 1, 0, 0
82806, 2870, 0, 0, 0
82806, 1150, 1, 0, 0
82906, 2450, 0, 0, 0
82906, 1140, 1, 0, 0
83005, 2868, 0, 0, 0
83005, 1171, 1, 0, 0
83105, 2720, 0, 0, 0
83105, 1190, 1, 0, 0
83205, 2850, 0, 0, 0
83205, 1150, 1, 0, 0
83305, 2820, 0, 0, 0
83305, 1230, 1, 0, 0
83406, 2850, 0, 0, 0
83406, 1090, 1, 0, 0
83506, 2680, 0, 0, 0
83506, 1140, 1, 0, 0
83606, 2640, 0, 0, 0
83606, 1140, 1, 0, 0
83706, 2730, 0, 0, 0
83706, 1150, 1, 0, 0
83806, 1980, 0, 0, 0
83806, 820, 1, 0, 0
83906, 2770, 0, 0, 0
83906, 1290, 1, 0, 0
84005, 2555, 0, 0, 0
84005, 1151, 1, 0, 0
84105, 2560, 0, 0, 0
84105, 1260, 1, 0, 0
84206, 2740, 0, 0, 0
84206, 1150, 1, 0, 0
84306, 2780, 0, 0, 0
84306, 1010, 1, 0, 0
84406, 2750, 0, 0, 0
84406, 1200, 1, 0, 0
84505, 2848, 0, 0, 0
84505, 1060, 1, 0, 0
84605, 2890, 0, 0, 0
84605, 1050, 1, 0, 0
84705, 2520, 0, 0, 0
84705, 1180, 1, 0, 0
84805, 2730, 0, 0, 0
84805, 1120, 1, 0, 0
84905, 2320, 0, 0, 0
84905, 1260, 1, 0, 0
85005, 2780, 0, 0, 0
85005, 1270, 1, 0, 0
85106, 2770, 0, 0, 0
85106, 1100, 1, 0, 0
85206, 2700, 0, 0, 0
85206, 1200, 1, 0, 0
85306, 2730, 0, 0, 0
85306, 1200, 1, 0, 0
85406, 2990, 0, 0, 0
85406, 1020, 1, 0, 0
85505, 2757, 0, 0, 0
85505, 1242, 1, 0, 0
85605, 2620, 0, 0, 0
85605, 1170, 1, 0, 0
85705, 2840, 0, 0, 0
85705, 1120, 1, 0, 0
85805, 2830, 0, 0, 0
85805, 1040, 1, 0, 0
85905, 2650, 0, 0, 0
85905, 1100, 1, 0, 0
86005, 2820, 0, 0, 0
86005, 1150, 1, 0, 0
86105, 2470, 0, 0, 0
86105, 1200, 1, 0, 0
86206, 2740, 0, 0, 0
86206, 1160, 1, 0, 0
86306, 2480, 0, 0, 0
86306, 1220, 1, 0, 0
86406, 2850, 0, 0, 0
86406, 1140, 1, 0, 0
86505, 2686, 0, 0, 0
86505, 1202, 1, 0, 0
86605, 2260, 0, 0, 0
86605, 1320, 1, 0, 0
86705, 2820, 0, 0, 0
86705, 1080, 1, 0, 0
86805, 2880, 0, 0, 0
86805, 1130, 1, 0, 0
86905, 2480, 0, 0, 0
86905, 1130, 1, 0, 0
87006, 2700, 0, 0, 0
87006, 1060, 1, 0, 0
87106, 2590, 0, 0, 0
87106, 1110, 1, 0, 0
87206, 2760, 0, 0, 0
87206, 1190, 1, 0, 0
87306, 2680, 0, 0, 0
87306, 1050, 1, 0, 0
87406, 2840, 0, 0, 0
87406, 1150, 1, 0, 0
87505, 2626, 0, 0, 0
87505, 1131, 1, 0, 0
87605, 2480, 0, 0, 0
87605, 1330, 1, 0, 0
87705, 2530, 0, 0, 0
87705, 1260, 1, 0, 0
87805, 2700, 0, 0, 0
87805, 1110, 1, 0, 0
87905, 2500, 0, 0, 0
87905, 1280, 1, 0, 0
88006, 2830, 0, 0, 0
88006, 1140, 1, 0, 0
88106, 2250, 0, 0, 0
88106, 1380, 1, 0, 0
88206, 2880, 0, 0, 0
88206, 1170, 1, 0, 0
88306, 2680, 0, 0, 0
88306, 1220, 1, 0, 0
88406, 2830, 0, 0, 0
88406, 1110, 1, 0, 0
88505, 2838, 0, 0, 0
88505, 1292, 1, 0, 0
88605, 2750, 0, 0, 0
88605, 1210, 1, 0, 0
88705, 2690, 0, 0, 0
88705, 1200, 1, 0, 0
88805, 2750, 0, 0, 0
88805, 1100, 1, 0, 0
88905, 2810, 0, 0, 0
88905, 1070, 1, 0, 0
89006, 2790, 0, 0, 0
89006, 1190, 1, 0, 0
89106, 2810, 0, 0, 0
89106, 1230, 1, 0, 0
89206, 2580, 0, 0, 0
89206, 1250, 1, 0, 0
89306, 2870, 0, 0, 0
89306, 1210, 1, 0, 0
89406, 2650, 0, 0, 0
89406, 1280, 1, 0, 0
89505, 2515, 0, 0, 0
89505, 1202, 1, 0, 0
89605, 2730, 0, 0, 0
89605, 1220, 1, 0, 0
89705, 2860, 0, 0, 0
89705, 1200, 1, 0, 0
89805, 2450, 0, 0, 0
89805, 1220, 1, 0, 0
89905, 2610, 0, 0, 0
89905, 1250, 1, 0, 0
90006, 2530, 0, 0, 0
90006, 1080, 1, 0, 0
