100, 460, 1, 0, 0
200, 450, 1, 0, 0
300, 490, 1, 0, 0
400, 420, 1, 0, 0
499, 464, 1, 0, 0
599, 430, 1, 0, 0
699, 450, 1, 0, 0
799, 450, 1, 0, 0
899, 480, 1, 0, 0
999, 430, 1, 0, 0
1100, 360, 1, 0, 0
1200, 440, 1, 0, 0
1300, 480, 1, 0, 0
1400, 400, 1, 0, 0
1499, 343, 1, 0, 0
1599, 380, 1, 0, 0
1699, 410, 1, 0, 0
1800, 400, 1, 0, 0
1900, 430, 1, 0, 0
1999, 414, 1, 0, 0
2099, 410, 1, 0, 0
2199, 430, 1, 0, 0
2299, 390, 1, 0, 0
2399, 100, 1, 0, 0
2800, 230, 1, 0, 0
2900, 410, 1, 0, 0
2999, 292, 1, 0, 0
3099, 430, 1, 0, 0
3199, 430, 1, 0, 0
3299, 440, 1, 0, 0
3399, 370, 1, 0, 0
3500, 360, 1, 0, 0
3600, 420, 1, 0, 0
3700, 440, 1, 0, 0
3800, 480, 1, 0, 0
3900, 350, 1, 0, 0
3999, 505, 1, 0, 0
4099, 390, 1, 0, 0
4199, 440, 1, 0, 0
4299, 380, 1, 0, 0
4399, 430, 1, 0, 0
4500, 430, 1, 0, 0
4600, 390, 1, 0, 0
4700, 370, 1, 0, 0
4800, 470, 1, 0, 0
4900, 510, 1, 0, 0
4999, 484, 1, 0, 0
5099, 420, 1, 0, 0
5199, 460, 1, 0, 0
5299, 460, 1, 0, 0
5399, 480, 1, 0, 0
5499, 340, 1, 0, 0
5599, 420, 1, 0, 0
5700, 500, 1, 0, 0
5800, 450, 1, 0, 0
5900, 410, 1, 0, 0
5999, 424, 1, 0, 0
6099, 410, 1, 0, 0
6199, 430, 1, 0, 0
6299, 400, 1, 0, 0
6399, 420, 1, 0, 0
6500, 310, 1, 0, 0
6600, 370, 1, 0, 0
6700, 430, 1, 0, 0
6800, 420, 1, 0, 0
6900, 440, 1, 0, 0
6999, 404, 1, 0, 0
7099, 440, 1, 0, 0
7199, 450, 1, 0, 0
7300, 450, 1, 0, 0
7400, 430, 1, 0, 0
7500, 420, 1, 0, 0
7600, 430, 1, 0, 0
7700, 430, 1, 0, 0
7800, 400, 1, 0, 0
7900, 440, 1, 0, 0
7999, 444, 1, 0, 0
8099, 390, 1, 0, 0
8199, 430, 1, 0, 0
8299, 430, 1, 0, 0
8399, 440, 1, 0, 0
8500, 440, 1, 0, 0
8600, 440, 1, 0, 0
8700, 440, 1, 0, 0
8800, 440, 1, 0, 0
8900, 430, 1, 0, 0
8999, 444, 1, 0, 0
9099, 430, 1, 0, 0
9199, 420, 1, 0, 0
9300, 410, 1, 0, 0
9400, 450, 1, 0, 0
9499, 434, 1, 0, 0
9599, 360, 1, 0, 0
9699, 440, 1, 0, 0
9799, 420, 1, 0, 0
9899, 420, 1, 0, 0
9999, 510, 1, 0, 0
10099, 450, 1, 0, 0
10200, 400, 1, 0, 0
10300, 420, 1, 0, 0
10400, 400, 1, 0, 0
10499, 434, 1, 0, 0
10599, 440, 1, 0, 0
10699, 450, 1, 0, 0
10800, 400, 1, 0, 0
10900, 430, 1, 0, 0
10999, 424, 1, 0, 0
11099, 430, 1, 0, 0
11199, 460, 1, 0, 0
11299, 460, 1, 0, 0
11399, 480, 1, 0, 0
11499, 460, 1, 0, 0
11599, 410, 1, 0, 0
11700, 430, 1, 0, 0
11800, 480, 1, 0, 0
11900, 450, 1, 0, 0
11999, 535, 1, 0, 0
12099, 440, 1, 0, 0
12199, 420, 1, 0, 0
12300, 180, 1, 0, 0
12900, 360, 1, 0, 0
12999, 454, 1, 0, 0
13099, 450, 1, 0, 0
13199, 440, 1, 0, 0
13300, 430, 1, 0, 0
13400, 430, 1, 0, 0
13499, 333, 1, 0, 0
13599, 450, 1, 0, 0
13699, 500, 1, 0, 0
13799, 430, 1, 0, 0
13899, 420, 1, 0, 0
13999, 470, 1, 0, 0
14099, 200, 1, 0, 0
14699, 310, 1, 0, 0
14799, 470, 1, 0, 0
14899, 420, 1, 0, 0
15000, 440, 1, 0, 0
15100, 460, 1, 0, 0
15200, 500, 1, 0, 0
15300, 540, 1, 0, 0
15400, 450, 1, 0, 0
15499, 414, 1, 0, 0
15599, 410, 1, 0, 0
15699, 520, 1, 0, 0
15799, 460, 1, 0, 0
15899, 450, 1, 0, 0
16000, 390, 1, 0, 0
16100, 530, 1, 0, 0
16200, 510, 1, 0, 0
16300, 450, 1, 0, 0
16400, 410, 1, 0, 0
16500, 444, 1, 0, 0
16600, 390, 1, 0, 0
16700, 410, 1, 0, 0
16800, 460, 1, 0, 0
16900, 410, 1, 0, 0
16999, 393, 1, 0, 0
17099, 440, 1, 0, 0
17199, 440, 1, 0, 0
17299, 410, 1, 0, 0
17399, 400, 1, 0, 0
17499, 430, 1, 0, 0
17599, 430, 1, 0, 0
17699, 450, 1, 0, 0
17800, 410, 1, 0, 0
17900, 490, 1, 0, 0
17999, 515, 1, 0, 0
18099, 540, 1, 0, 0
18199, 450, 1, 0, 0
18299, 370, 1, 0, 0
18399, 430, 1, 0, 0
18499, 430, 1, 0, 0
18599, 440, 1, 0, 0
18699, 400, 1, 0, 0
18800, 440, 1, 0, 0
18900, 470, 1, 0, 0
19000, 440, 1, 0, 0
19100, 420, 1, 0, 0
19200, 430, 1, 0, 0
19300, 460, 1, 0, 0
19400, 390, 1, 0, 0
19499, 424, 1, 0, 0
19599, 450, 1, 0, 0
19699, 430, 1, 0, 0
19800, 440, 1, 0, 0
19900, 450, 1, 0, 0
19999, 474, 1, 0, 0
20099, 430, 1, 0, 0
20199, 450, 1, 0, 0
20299, 490, 1, 0, 0
20399, 470, 1, 0, 0
20500, 440, 1, 0, 0
20600, 390, 1, 0, 0
20700, 410, 1, 0, 0
20800, 410, 1, 0, 0
20900, 360, 1, 0, 0
20999, 101, 1, 0, 0
21600, 230, 1, 0, 0
21700, 430, 1, 0, 0
21800, 460, 1, 0, 0
21900, 400, 1, 0, 0
22000, 444, 1, 0, 0
22100, 440, 1, 0, 0
22200, 430, 1, 0, 0
22300, 450, 1, 0, 0
22400, 390, 1, 0, 0
22499, 474, 1, 0, 0
22599, 390, 1, 0, 0
22699, 430, 1, 0, 0
22799, 430, 1, 0, 0
22900, 360, 1, 0, 0
23000, 420, 1, 0, 0
23100, 450, 1, 0, 0
23200, 460, 1, 0, 0
23300, 410, 1, 0, 0
23400, 420, 1, 0, 0
23499, 474, 1, 0, 0
23599, 440, 1, 0, 0
23699, 480, 1, 0, 0
23800, 430, 1, 0, 0
23900, 460, 1, 0, 0
23999, 434, 1, 0, 0
24099, 490, 1, 0, 0
24199, 440, 1, 0, 0
24300, 430, 1, 0, 0
24400, 450, 1, 0, 0
24500, 450, 1, 0, 0
24600, 430, 1, 0, 0
24700, 410, 1, 0, 0
24800, 410, 1, 0, 0
24900, 430, 1, 0, 0
24999, 505, 1, 0, 0
25099, 420, 1, 0, 0
25199, 420, 1, 0, 0
25300, 400, 1, 0, 0
25400, 400, 1, 0, 0
25499, 555, 1, 0, 0
25599, 440, 1, 0, 0
25699, 560, 1, 0, 0
25799, 470, 1, 0, 0
25899, 430, 1, 0, 0
25999, 400, 1, 0, 0
26099, 430, 1, 0, 0
26199, 490, 1, 0, 0
26300, 390, 1, 0, 0
26400, 380, 1, 0, 0
26500, 400, 1, 0, 0
26600, 440, 1, 0, 0
26700, 430, 1, 0, 0
26800, 450, 1, 0, 0
26900, 420, 1, 0, 0
26999, 454, 1, 0, 0
27100, 380, 1, 0, 0
27200, 410, 1, 0, 0
27300, 450, 1, 0, 0
27400, 450, 1, 0, 0
27499, 444, 1, 0, 0
27599, 430, 1, 0, 0
27699, 420, 1, 0, 0
27800, 380, 1, 0, 0
27900, 430, 1, 0, 0
27999, 464, 1, 0, 0
28099, 420, 1, 0, 0
28199, 450, 1, 0, 0
28299, 450, 1, 0, 0
28399, 440, 1, 0, 0
28500, 430, 1, 0, 0
28600, 440, 1, 0, 0
28700, 420, 1, 0, 0
28800, 440, 1, 0, 0
28900, 460, 1, 0, 0
28999, 464, 1, 0, 0
29099, 450, 1, 0, 0
29199, 460, 1, 0, 0
29300, 450, 1, 0, 0
29400, 470, 1, 0, 0
29499, 434, 1, 0, 0
29599, 400, 1, 0, 0
29699, 430, 1, 0, 0
29799, 480, 1, 0, 0
29899, 440, 1, 0, 0
30000, 430, 1, 0, 0
30100, 420, 1, 0, 0
30200, 450, 1, 0, 0
30300, 430, 1, 0, 0
30400, 470, 1, 0, 0
30499, 434, 1, 0, 0
30599, 490, 1, 0, 0
30699, 550, 1, 0, 0
30799, 440, 1, 0, 0
30900, 420, 1, 0, 0
31000, 440, 1, 0, 0
31100, 430, 1, 0, 0
31200, 450, 1, 0, 0
31300, 450, 1, 0, 0
31400, 420, 1, 0, 0
31499, 474, 1, 0, 0
31599, 450, 1, 0, 0
31699, 390, 1, 0, 0
31799, 440, 1, 0, 0
31900, 400, 1, 0, 0
32000, 430, 1, 0, 0
32100, 440, 1, 0, 0
32200, 420, 1, 0, 0
32300, 450, 1, 0, 0
32400, 410, 1, 0, 0
32499, 434, 1, 0, 0
32599, 540, 1, 0, 0
32699, 520, 1, 0, 0
32800, 540, 1, 0, 0
32900, 540, 1, 0, 0
33000, 490, 1, 0, 0
33100, 470, 1, 0, 0
33200, 500, 1, 0, 0
33300, 490, 1, 0, 0
33400, 510, 1, 0, 0
33499, 414, 1, 0, 0
33599, 420, 1, 0, 0
33699, 460, 1, 0, 0
33800, 430, 1, 0, 0
33900, 420, 1, 0, 0
34000, 430, 1, 0, 0
34100, 430, 1, 0, 0
34200, 410, 1, 0, 0
34300, 420, 1, 0, 0
34400, 410, 1, 0, 0
34499, 444, 1, 0, 0
34599, 410, 1, 0, 0
34699, 450, 1, 0, 0
34799, 420, 1, 0, 0
34899, 420, 1, 0, 0
35000, 420, 1, 0, 0
35100, 460, 1, 0, 0
35200, 480, 1, 0, 0
35300, 440, 1, 0, 0
35400, 450, 1, 0, 0
35499, 393, 1, 0, 0
35599, 420, 1, 0, 0
35699, 440, 1, 0, 0
35799, 530, 1, 0, 0
35899, 540, 1, 0, 0
35999, 430, 1, 0, 0
36099, 400, 1, 0, 0
36199, 390, 1, 0, 0
36299, 420, 1, 0, 0
36399, 420, 1, 0, 0
36500, 450, 1, 0, 0
36600, 430, 1, 0, 0
36700, 440, 1, 0, 0
36800, 430, 1, 0, 0
36900, 430, 1, 0, 0
36999, 393, 1, 0, 0
37099, 420, 1, 0, 0
37199, 430, 1, 0, 0
37299, 400, 1, 0, 0
37400, 420, 1, 0, 0
37500, 400, 1, 0, 0
37600, 410, 1, 0, 0
37700, 430, 1, 0, 0
37800, 460, 1, 0, 0
37900, 440, 1, 0, 0
38000, 454, 1, 0, 0
38100, 460, 1, 0, 0
38200, 420, 1, 0, 0
38300, 420, 1, 0, 0
38400, 430, 1, 0, 0
38499, 434, 1, 0, 0
38599, 450, 1, 0, 0
38699, 430, 1, 0, 0
38800, 450, 1, 0, 0
38900, 410, 1, 0, 0
38999, 434, 1, 0, 0
39099, 390, 1, 0, 0
39199, 440, 1, 0, 0
39299, 470, 1, 0, 0
39399, 460, 1, 0, 0
39500, 510, 1, 0, 0
39600, 450, 1, 0, 0
39700, 440, 1, 0, 0
39800, 450, 1, 0, 0
39900, 440, 1, 0, 0
39999, 424, 1, 0, 0
40099, 460, 1, 0, 0
40199, 410, 1, 0, 0
40300, 440, 1, 0, 0
40400, 450, 1, 0, 0
40499, 393, 1, 0, 0
40599, 410, 1, 0, 0
40699, 430, 1, 0, 0
40799, 440, 1, 0, 0
40899, 440, 1, 0, 0
41000, 540, 1, 0, 0
41100, 450, 1, 0, 0
41200, 430, 1, 0, 0
41300, 430, 1, 0, 0
41400, 430, 1, 0, 0
41499, 444, 1, 0, 0
41599, 460, 1, 0, 0
41699, 410, 1, 0, 0
41800, 430, 1, 0, 0
41900, 430, 1, 0, 0
41999, 444, 1, 0, 0
42099, 390, 1, 0, 0
42199, 410, 1, 0, 0
42299, 450, 1, 0, 0
42399, 410, 1, 0, 0
42500, 430, 1, 0, 0
42600, 420, 1, 0, 0
42700, 440, 1, 0, 0
42800, 430, 1, 0, 0
42900, 460, 1, 0, 0
42999, 424, 1, 0, 0
43099, 410, 1, 0, 0
43199, 420, 1, 0, 0
43300, 450, 1, 0, 0
43400, 450, 1, 0, 0
43499, 424, 1, 0, 0
43599, 400, 1, 0, 0
43699, 410, 1, 0, 0
43799, 430, 1, 0, 0
43900, 410, 1, 0, 0
44000, 430, 1, 0, 0
44100, 450, 1, 0, 0
44200, 440, 1, 0, 0
44300, 450, 1, 0, 0
44400, 430, 1, 0, 0
44499, 414, 1, 0, 0
44599, 440, 1, 0, 0
44700, 410, 1, 0, 0
44800, 430, 1, 0, 0
44900, 450, 1, 0, 0
44999, 494, 1, 0, 0
45099, 430, 1, 0, 0
45199, 400, 1, 0, 0
45300, 420, 1, 0, 0
45400, 410, 1, 0, 0
45500, 400, 1, 0, 0
45600, 400, 1, 0, 0
45700, 540, 1, 0, 0
45800, 460, 1, 0, 0
45900, 430, 1, 0, 0
45999, 444, 1, 0, 0
46099, 430, 1, 0, 0
46200, 540, 1, 0, 0
46300, 410, 1, 0, 0
46400, 400, 1, 0, 0
46499, 393, 1, 0, 0
46599, 420, 1, 0, 0
46699, 400, 1, 0, 0
46800, 450, 1, 0, 0
46900, 400, 1, 0, 0
47000, 400, 1, 0, 0
47100, 430, 1, 0, 0
47200, 460, 1, 0, 0
47300, 420, 1, 0, 0
47400, 410, 1, 0, 0
47499, 444, 1, 0, 0
47599, 430, 1, 0, 0
47700, 440, 1, 0, 0
47800, 420, 1, 0, 0
47900, 430, 1, 0, 0
47999, 404, 1, 0, 0
48099, 450, 1, 0, 0
48199, 460, 1, 0, 0
48299, 410, 1, 0, 0
48399, 410, 1, 0, 0
48499, 440, 1, 0, 0
48599, 420, 1, 0, 0
48700, 460, 1, 0, 0
48800, 420, 1, 0, 0
48900, 400, 1, 0, 0
48999, 434, 1, 0, 0
49099, 390, 1, 0, 0
49199, 340, 1, 0, 0
49900, 260, 1, 0, 0
49999, 434, 1, 0, 0
50099, 410, 1, 0, 0
50199, 430, 1, 0, 0
50299, 420, 1, 0, 0
50399, 400, 1, 0, 0
50499, 410, 1, 0, 0
50600, 440, 1, 0, 0
50700, 410, 1, 0, 0
50800, 420, 1, 0, 0
50900, 370, 1, 0, 0
50999, 444, 1, 0, 0
51099, 440, 1, 0, 0
51199, 400, 1, 0, 0
51299, 80, 1, 0, 0
51800, 300, 1, 0, 0
51900, 400, 1, 0, 0
51999, 454, 1, 0, 0
52100, 430, 1, 0, 0
52200, 460, 1, 0, 0
52300, 330, 1, 0, 0
52400, 430, 1, 0, 0
52499, 303, 1, 0, 0
52599, 350, 1, 0, 0
52699, 440, 1, 0, 0
52800, 410, 1, 0, 0
52900, 420, 1, 0, 0
52999, 353, 1, 0, 0
53099, 370, 1, 0, 0
53900, 160, 1, 0, 0
53999, 434, 1, 0, 0
54099, 380, 1, 0, 0
54200, 370, 1, 0, 0
54300, 320, 1, 0, 0
54400, 430, 1, 0, 0
54499, 393, 1, 0, 0
54599, 370, 1, 0, 0
54699, 380, 1, 0, 0
54799, 410, 1, 0, 0
54899, 380, 1, 0, 0
55000, 320, 1, 0, 0
55100, 390, 1, 0, 0
55200, 320, 1, 0, 0
55300, 350, 1, 0, 0
55400, 440, 1, 0, 0
55499, 424, 1, 0, 0
55599, 320, 1, 0, 0
55699, 350, 1, 0, 0
55799, 350, 1, 0, 0
55899, 400, 1, 0, 0
56000, 410, 1, 0, 0
56100, 420, 1, 0, 0
56200, 370, 1, 0, 0
56801, 240, 1, 0, 0
56900, 414, 1, 0, 0
57000, 330, 1, 0, 0
57100, 420, 1, 0, 0
57200, 390, 1, 0, 0
57300, 310, 1, 0, 0
57400, 430, 1, 0, 0
57499, 474, 1, 0, 0
57599, 410, 1, 0, 0
57699, 430, 1, 0, 0
57800, 280, 1, 0, 0
57900, 460, 1, 0, 0
57999, 414, 1, 0, 0
58099, 420, 1, 0, 0
58199, 370, 1, 0, 0
58299, 430, 1, 0, 0
58399, 460, 1, 0, 0
58500, 450, 1, 0, 0
58600, 390, 1, 0, 0
58700, 440, 1, 0, 0
58800, 450, 1, 0, 0
58900, 320, 1, 0, 0
58999, 353, 1, 0, 0
59099, 440, 1, 0, 0
59199, 380, 1, 0, 0
59300, 400, 1, 0, 0
59400, 420, 1, 0, 0
59500, 410, 1, 0, 0
59600, 440, 1, 0, 0
59700, 420, 1, 0, 0
59800, 400, 1, 0, 0
59900, 420, 1, 0, 0
59999, 404, 1, 0, 0
60099, 410, 1, 0, 0
60200, 440, 1, 0, 0
60300, 430, 1, 0, 0
60400, 450, 1, 0, 0
60499, 424, 1, 0, 0
60599, 440, 1, 0, 0
60699, 370, 1, 0, 0
60799, 250, 1, 0, 0
60900, 500, 1, 0, 0
61000, 500, 1, 0, 0
61100, 370, 1, 0, 0
61200, 430, 1, 0, 0
61300, 430, 1, 0, 0
61400, 440, 1, 0, 0
61499, 444, 1, 0, 0
61599, 490, 1, 0, 0
61699, 500, 1, 0, 0
61800, 440, 1, 0, 0
61900, 400, 1, 0, 0
61999, 414, 1, 0, 0
62099, 420, 1, 0, 0
62199, 480, 1, 0, 0
62299, 390, 1, 0, 0
62399, 450, 1, 0, 0
62500, 420, 1, 0, 0
62600, 430, 1, 0, 0
62700, 340, 1, 0, 0
62800, 450, 1, 0, 0
62900, 410, 1, 0, 0
62999, 414, 1, 0, 0
63099, 440, 1, 0, 0
63199, 310, 1, 0, 0
63300, 450, 1, 0, 0
63400, 470, 1, 0, 0
63499, 434, 1, 0, 0
63599, 440, 1, 0, 0
63699, 400, 1, 0, 0
63799, 400, 1, 0, 0
63899, 430, 1, 0, 0
64000, 420, 1, 0, 0
64100, 410, 1, 0, 0
64200, 380, 1, 0, 0
64300, 330, 1, 0, 0
64400, 440, 1, 0, 0
64499, 404, 1, 0, 0
64599, 420, 1, 0, 0
64699, 450, 1, 0, 0
64800, 450, 1, 0, 0
64900, 390, 1, 0, 0
65000, 450, 1, 0, 0
65100, 430, 1, 0, 0
65200, 470, 1, 0, 0
65300, 410, 1, 0, 0
65400, 440, 1, 0, 0
65499, 474, 1, 0, 0
65600, 440, 1, 0, 0
65700, 490, 1, 0, 0
65800, 480, 1, 0, 0
65900, 450, 1, 0, 0
65999, 454, 1, 0, 0
66099, 440, 1, 0, 0
66199, 430, 1, 0, 0
66300, 420, 1, 0, 0
66400, 430, 1, 0, 0
66500, 470, 1, 0, 0
66600, 460, 1, 0, 0
66700, 470, 1, 0, 0
66800, 510, 1, 0, 0
66900, 440, 1, 0, 0
66999, 424, 1, 0, 0
67099, 460, 1, 0, 0
67199, 450, 1, 0, 0
67299, 420, 1, 0, 0
67399, 430, 1, 0, 0
67499, 430, 1, 0, 0
67599, 470, 1, 0, 0
67700, 540, 1, 0, 0
67800, 550, 1, 0, 0
67900, 560, 1, 0, 0
68000, 480, 1, 0, 0
68100, 410, 1, 0, 0
68200, 480, 1, 0, 0
68300, 430, 1, 0, 0
68400, 500, 1, 0, 0
68499, 515, 1, 0, 0
68599, 540, 1, 0, 0
68699, 490, 1, 0, 0
68799, 500, 1, 0, 0
68899, 510, 1, 0, 0
69000, 520, 1, 0, 0
69100, 500, 1, 0, 0
69200, 470, 1, 0, 0
69300, 520, 1, 0, 0
69400, 530, 1, 0, 0
69499, 525, 1, 0, 0
69599, 480, 1, 0, 0
69699, 510, 1, 0, 0
69799, 520, 1, 0, 0
69899, 500, 1, 0, 0
70499, 242, 1, 0, 0
70599, 530, 1, 0, 0
70699, 520, 1, 0, 0
70799, 490, 1, 0, 0
70900, 530, 1, 0, 0
71000, 530, 1, 0, 0
71100, 490, 1, 0, 0
71200, 500, 1, 0, 0
71300, 500, 1, 0, 0
71400, 520, 1, 0, 0
71499, 494, 1, 0, 0
71599, 530, 1, 0, 0
71699, 470, 1, 0, 0
71800, 480, 1, 0, 0
71900, 580, 1, 0, 0
72000, 610, 1, 0, 0
72100, 480, 1, 0, 0
72200, 530, 1, 0, 0
72300, 490, 1, 0, 0
72400, 470, 1, 0, 0
72499, 454, 1, 0, 0
72599, 480, 1, 0, 0
72699, 490, 1, 0, 0
72799, 480, 1, 0, 0
72899, 510, 1, 0, 0
73000, 490, 1, 0, 0
73100, 500, 1, 0, 0
73200, 490, 1, 0, 0
73300, 490, 1, 0, 0
73400, 510, 1, 0, 0
73499, 484, 1, 0, 0
73599, 520, 1, 0, 0
73699, 510, 1, 0, 0
73799, 510, 1, 0, 0
73899, 510, 1, 0, 0
74000, 500, 1, 0, 0
74100, 500, 1, 0, 0
74200, 520, 1, 0, 0
74300, 490, 1, 0, 0
74400, 490, 1, 0, 0
74499, 494, 1, 0, 0
74599, 500, 1, 0, 0
74699, 450, 1, 0, 0
74799, 510, 1, 0, 0
74900, 480, 1, 0, 0
75000, 500, 1, 0, 0
75100, 510, 1, 0, 0
75200, 470, 1, 0, 0
75300, 450, 1, 0, 0
75400, 380, 1, 0, 0
75499, 444, 1, 0, 0
75599, 380, 1, 0, 0
75700, 460, 1, 0, 0
75800, 480, 1, 0, 0
75900, 460, 1, 0, 0
75999, 444, 1, 0, 0
76099, 420, 1, 0, 0
76199, 450, 1, 0, 0
76299, 450, 1, 0, 0
76399, 410, 1, 0, 0
76499, 450, 1, 0, 0
76599, 440, 1, 0, 0
76700, 410, 1, 0, 0
76800, 450, 1, 0, 0
76900, 430, 1, 0, 0
76999, 454, 1, 0, 0
77099, 520, 1, 0, 0
77199, 490, 1, 0, 0
77299, 430, 1, 0, 0
77400, 450, 1, 0, 0
77500, 450, 1, 0, 0
77600, 440, 1, 0, 0
77700, 440, 1, 0, 0
77800, 410, 1, 0, 0
77900, 460, 1, 0, 0
77999, 474, 1, 0, 0
78099, 510, 1, 0, 0
78200, 480, 1, 0, 0
78300, 470, 1, 0, 0
78400, 430, 1, 0, 0
78499, 454, 1, 0, 0
78599, 460, 1, 0, 0
78699, 420, 1, 0, 0
78799, 470, 1, 0, 0
78900, 470, 1, 0, 0
78999, 464, 1, 0, 0
79099, 470, 1, 0, 0
79199, 460, 1, 0, 0
79299, 470, 1, 0, 0
79399, 480, 1, 0, 0
79500, 460, 1, 0, 0
79600, 450, 1, 0, 0
79700, 440, 1, 0, 0
79800, 440, 1, 0, 0
79900, 440, 1, 0, 0
79999, 444, 1, 0, 0
80099, 440, 1, 0, 0
80199, 490, 1, 0, 0
80300, 430, 1, 0, 0
80400, 420, 1, 0, 0
80500, 430, 1, 0, 0
80600, 470, 1, 0, 0
80700, 440, 1, 0, 0
80800, 470, 1, 0, 0
80900, 450, 1, 0, 0
81000, 454, 1, 0, 0
81100, 450, 1, 0, 0
81200, 470, 1, 0, 0
81300, 470, 1, 0, 0
81400, 440, 1, 0, 0
81499, 454, 1, 0, 0
81599, 460, 1, 0, 0
81699, 450, 1, 0, 0
81800, 500, 1, 0, 0
81900, 450, 1, 0, 0
82000, 460, 1, 0, 0
82100, 410, 1, 0, 0
82200, 510, 1, 0, 0
82300, 520, 1, 0, 0
82400, 500, 1, 0, 0
82499, 454, 1, 0, 0
82599, 430, 1, 0, 0
82699, 420, 1, 0, 0
82799, 480, 1, 0, 0
82900, 440, 1, 0, 0
83000, 480, 1, 0, 0
83100, 490, 1, 0, 0
83200, 470, 1, 0, 0
83300, 420, 1, 0, 0
83400, 430, 1, 0, 0
83500, 454, 1, 0, 0
83600, 460, 1, 0, 0
83700, 450, 1, 0, 0
83800, 430, 1, 0, 0
83900, 420, 1, 0, 0
83999, 434, 1, 0, 0
84099, 470, 1, 0, 0
84199, 430, 1, 0, 0
84299, 460, 1, 0, 0
84399, 490, 1, 0, 0
84500, 450, 1, 0, 0
84600, 410, 1, 0, 0
84700, 450, 1, 0, 0
84800, 420, 1, 0, 0
84900, 400, 1, 0, 0
84999, 484, 1, 0, 0
85099, 410, 1, 0, 0
85199, 460, 1, 0, 0
85299, 450, 1, 0, 0
85399, 430, 1, 0, 0
85499, 450, 1, 0, 0
85600, 440, 1, 0, 0
85700, 430, 1, 0, 0
85800, 500, 1, 0, 0
85900, 440, 1, 0, 0
85999, 404, 1, 0, 0
86099, 430, 1, 0, 0
86199, 460, 1, 0, 0
86299, 400, 1, 0, 0
86399, 440, 1, 0, 0
86500, 410, 1, 0, 0
86600, 440, 1, 0, 0
86700, 400, 1, 0, 0
86800, 420, 1, 0, 0
86900, 430, 1, 0, 0
86999, 474, 1, 0, 0
87099, 420, 1, 0, 0
87199, 440, 1, 0, 0
87299, 460, 1, 0, 0
87399, 500, 1, 0, 0
87499, 450, 1, 0, 0
87599, 470, 1, 0, 0
87699, 440, 1, 0, 0
87800, 470, 1, 0, 0
87900, 420, 1, 0, 0
88000, 460, 1, 0, 0
88100, 450, 1, 0, 0
88200, 470, 1, 0, 0
88300, 440, 1, 0, 0
88400, 460, 1, 0, 0
88499, 414, 1, 0, 0
88599, 450, 1, 0, 0
88699, 420, 1, 0, 0
88799, 410, 1, 0, 0
88899, 480, 1, 0, 0
89000, 460, 1, 0, 0
89100, 460, 1, 0, 0
89200, 460, 1, 0, 0
89300, 450, 1, 0, 0
89400, 450, 1, 0, 0
89499, 444, 1, 0, 0
89599, 470, 1, 0, 0
89699, 470, 1, 0, 0
89799, 400, 1, 0, 0
89899, 430, 1, 0, 0
89999, 430, 1, 0, 0
