250, 136, 0, 0, 0
350, 240, 0, 0, 0
450, 180, 0, 0, 0
550, 200, 0, 0, 0
650, 230, 0, 0, 0
749, 80, 0, 0, 0
849, 170, 0, 0, 0
949, 190, 0, 0, 0
1049, 170, 0, 0, 0
1149, 180, 0, 0, 0
1250, 170, 0, 0, 0
1350, 130, 0, 0, 0
1450, 180, 0, 0, 0
1550, 120, 0, 0, 0
1650, 170, 0, 0, 0
1749, 171, 0, 0, 0
1849, 170, 0, 0, 0
1949, 180, 0, 0, 0
2049, 230, 0, 0, 0
2149, 150, 0, 0, 0
2249, 180, 0, 0, 0
2349, 230, 0, 0, 0
2449, 170, 0, 0, 0
2550, 220, 0, 0, 0
2650, 240, 0, 0, 0
2749, 161, 0, 0, 0
2849, 180, 0, 0, 0
2949, 200, 0, 0, 0
3049, 150, 0, 0, 0
3149, 170, 0, 0, 0
3249, 150, 0, 0, 0
3349, 80, 0, 0, 0
3449, 150, 0, 0, 0
3549, 100, 0, 0, 0
3649, 260, 0, 0, 0
3750, 250, 0, 0, 0
3850, 130, 0, 0, 0
3950, 210, 0, 0, 0
4050, 180, 0, 0, 0
4150, 180, 0, 0, 0
4249, 131, 0, 0, 0
4349, 160, 0, 0, 0
4449, 140, 0, 0, 0
4549, 150, 0, 0, 0
4649, 240, 0, 0, 0
4749, 190, 0, 0, 0
4849, 120, 0, 0, 0
4949, 200, 0, 0, 0
5050, 100, 0, 0, 0
5150, 180, 0, 0, 0
5249, 181, 0, 0, 0
5349, 230, 0, 0, 0
5449, 200, 0, 0, 0
5549, 190, 0, 0, 0
5649, 200, 0, 0, 0
5749, 160, 0, 0, 0
5849, 200, 0, 0, 0
5949, 170, 0, 0, 0
6049, 180, 0, 0, 0
6149, 180, 0, 0, 0
6250, 220, 0, 0, 0
6350, 230, 0, 0, 0
6450, 210, 0, 0, 0
6550, 210, 0, 0, 0
6650, 180, 0, 0, 0
6749, 242, 0, 0, 0
6849, 220, 0, 0, 0
6949, 190, 0, 0, 0
7049, 200, 0, 0, 0
7149, 190, 0, 0, 0
7249, 230, 0, 0, 0
7349, 170, 0, 0, 0
7449, 210, 0, 0, 0
7550, 200, 0, 0, 0
7650, 270, 0, 0, 0
7749, 181, 0, 0, 0
7849, 160, 0, 0, 0
7949, 140, 0, 0, 0
8049, 190, 0, 0, 0
8149, 190, 0, 0, 0
8249, 100, 0, 0, 0
8349, 150, 0, 0, 0
8449, 270, 0, 0, 0
8549, 210, 0, 0, 0
8649, 230, 0, 0, 0
8750, 150, 0, 0, 0
8850, 130, 0, 0, 0
8950, 150, 0, 0, 0
9050, 180, 0, 0, 0
9150, 210, 0, 0, 0
9249, 202, 0, 0, 0
9349, 200, 0, 0, 0
9449, 160, 0, 0, 0
9549, 100, 0, 0, 0
9649, 150, 0, 0, 0
9749, 210, 0, 0, 0
9849, 210, 0, 0, 0
9949, 200, 0, 0, 0
10050, 170, 0, 0, 0
10150, 150, 0, 0, 0
10249, 121, 0, 0, 0
10349, 220, 0, 0, 0
10449, 190, 0, 0, 0
10549, 100, 0, 0, 0
10649, 230, 0, 0, 0
10749, 230, 0, 0, 0
10849, 120, 0, 0, 0
10949, 230, 0, 0, 0
11049, 140, 0, 0, 0
11149, 290, 0, 0, 0
11249, 230, 0, 0, 0
11349, 100, 0, 0, 0
11450, 220, 0, 0, 0
11550, 150, 0, 0, 0
11650, 200, 0, 0, 0
11749, 121, 0, 0, 0
11849, 210, 0, 0, 0
11949, 190, 0, 0, 0
12049, 140, 0, 0, 0
12149, 160, 0, 0, 0
12249, 170, 0, 0, 0
12349, 240, 0, 0, 0
12449, 160, 0, 0, 0
12549, 120, 0, 0, 0
12649, 150, 0, 0, 0
12750, 160, 0, 0, 0
12850, 160, 0, 0, 0
12950, 160, 0, 0, 0
13050, 110, 0, 0, 0
13150, 200, 0, 0, 0
13249, 141, 0, 0, 0
13349, 240, 0, 0, 0
13449, 190, 0, 0, 0
13549, 140, 0, 0, 0
13649, 170, 0, 0, 0
13749, 170, 0, 0, 0
13849, 270, 0, 0, 0
13949, 210, 0, 0, 0
14050, 180, 0, 0, 0
14150, 240, 0, 0, 0
14249, 161, 0, 0, 0
14349, 210, 0, 0, 0
14449, 140, 0, 0, 0
14549, 210, 0, 0, 0
14649, 190, 0, 0, 0
14749, 190, 0, 0, 0
14849, 170, 0, 0, 0
14949, 200, 0, 0, 0
15049, 130, 0, 0, 0
15149, 220, 0, 0, 0
15249, 260, 0, 0, 0
15349, 220, 0, 0, 0
15450, 150, 0, 0, 0
15550, 130, 0, 0, 0
15650, 220, 0, 0, 0
15749, 222, 0, 0, 0
15849, 150, 0, 0, 0
15949, 160, 0, 0, 0
16049, 190, 0, 0, 0
16149, 130, 0, 0, 0
16249, 120, 0, 0, 0
16349, 140, 0, 0, 0
16449, 220, 0, 0, 0
16549, 180, 0, 0, 0
16649, 170, 0, 0, 0
16750, 120, 0, 0, 0
16850, 190, 0, 0, 0
16950, 260, 0, 0, 0
17050, 190, 0, 0, 0
17150, 230, 0, 0, 0
17249, 171, 0, 0, 0
17349, 190, 0, 0, 0
17449, 200, 0, 0, 0
17549, 210, 0, 0, 0
17649, 230, 0, 0, 0
17749, 200, 0, 0, 0
17849, 130, 0, 0, 0
17949, 200, 0, 0, 0
18050, 170, 0, 0, 0
18150, 170, 0, 0, 0
18249, 141, 0, 0, 0
18349, 100, 0, 0, 0
18449, 200, 0, 0, 0
18549, 180, 0, 0, 0
18649, 190, 0, 0, 0
18749, 210, 0, 0, 0
18849, 180, 0, 0, 0
18949, 170, 0, 0, 0
19049, 150, 0, 0, 0
19149, 220, 0, 0, 0
19250, 260, 0, 0, 0
19350, 250, 0, 0, 0
19450, 150, 0, 0, 0
19550, 220, 0, 0, 0
19650, 160, 0, 0, 0
19749, 202, 0, 0, 0
19849, 190, 0, 0, 0
19949, 150, 0, 0, 0
20049, 150, 0, 0, 0
20149, 160, 0, 0, 0
20249, 220, 0, 0, 0
20349, 160, 0, 0, 0
20449, 150, 0, 0, 0
20550, 120, 0, 0, 0
20650, 160, 0, 0, 0
20749, 161, 0, 0, 0
20849, 220, 0, 0, 0
20949, 150, 0, 0, 0
21049, 120, 0, 0, 0
21149, 230, 0, 0, 0
21249, 280, 0, 0, 0
21349, 170, 0, 0, 0
21449, 150, 0, 0, 0
21550, 230, 0, 0, 0
21650, 270, 0, 0, 0
21749, 161, 0, 0, 0
21849, 180, 0, 0, 0
21949, 130, 0, 0, 0
22049, 220, 0, 0, 0
22149, 210, 0, 0, 0
22249, 190, 0, 0, 0
22349, 160, 0, 0, 0
22449, 190, 0, 0, 0
22549, 110, 0, 0, 0
22649, 200, 0, 0, 0
22750, 140, 0, 0, 0
22850, 170, 0, 0, 0
22950, 190, 0, 0, 0
23050, 170, 0, 0, 0
23150, 180, 0, 0, 0
23249, 161, 0, 0, 0
23349, 200, 0, 0, 0
23449, 200, 0, 0, 0
23549, 200, 0, 0, 0
23649, 190, 0, 0, 0
23749, 160, 0, 0, 0
23849, 170, 0, 0, 0
23949, 220, 0, 0, 0
24050, 170, 0, 0, 0
24150, 170, 0, 0, 0
24249, 222, 0, 0, 0
24349, 290, 0, 0, 0
24449, 120, 0, 0, 0
24549, 140, 0, 0, 0
24649, 160, 0, 0, 0
24749, 120, 0, 0, 0
24849, 220, 0, 0, 0
24949, 150, 0, 0, 0
25049, 240, 0, 0, 0
25150, 190, 0, 0, 0
25249, 202, 0, 0, 0
25349, 180, 0, 0, 0
25449, 140, 0, 0, 0
25549, 210, 0, 0, 0
25649, 170, 0, 0, 0
25749, 160, 0, 0, 0
25849, 160, 0, 0, 0
25949, 200, 0, 0, 0
26049, 190, 0, 0, 0
26149, 180, 0, 0, 0
26250, 160, 0, 0, 0
26350, 180, 0, 0, 0
26450, 230, 0, 0, 0
26550, 220, 0, 0, 0
26650, 220, 0, 0, 0
26749, 171, 0, 0, 0
26849, 200, 0, 0, 0
26949, 120, 0, 0, 0
27049, 180, 0, 0, 0
27149, 230, 0, 0, 0
27249, 200, 0, 0, 0
27349, 250, 0, 0, 0
27449, 240, 0, 0, 0
27549, 170, 0, 0, 0
27650, 100, 0, 0, 0
27750, 160, 0, 0, 0
27850, 230, 0, 0, 0
27950, 200, 0, 0, 0
28050, 160, 0, 0, 0
28150, 220, 0, 0, 0
28249, 222, 0, 0, 0
28349, 210, 0, 0, 0
28449, 140, 0, 0, 0
28549, 270, 0, 0, 0
28649, 220, 0, 0, 0
28749, 130, 0, 0, 0
28849, 230, 0, 0, 0
28950, 270, 0, 0, 0
29050, 160, 0, 0, 0
29150, 230, 0, 0, 0
29249, 151, 0, 0, 0
29349, 130, 0, 0, 0
29449, 110, 0, 0, 0
29549, 200, 0, 0, 0
29649, 140, 0, 0, 0
29749, 180, 0, 0, 0
29849, 180, 0, 0, 0
29949, 200, 0, 0, 0
30049, 240, 0, 0, 0
30149, 200, 0, 0, 0
30250, 180, 0, 0, 0
30350, 120, 0, 0, 0
30450, 160, 0, 0, 0
30550, 270, 0, 0, 0
30650, 150, 0, 0, 0
30749, 202, 0, 0, 0
30849, 270, 0, 0, 0
30949, 220, 0, 0, 0
31049, 210, 0, 0, 0
31149, 160, 0, 0, 0
31249, 220, 0, 0, 0
31350, 140, 0, 0, 0
31450, 100, 0, 0, 0
31550, 190, 0, 0, 0
31650, 150, 0, 0, 0
31749, 151, 0, 0, 0
31849, 200, 0, 0, 0
31949, 100, 0, 0, 0
32049, 150, 0, 0, 0
32149, 150, 0, 0, 0
32249, 90, 0, 0, 0
32349, 250, 0, 0, 0
32450, 200, 0, 0, 0
32550, 90, 0, 0, 0
32650, 170, 0, 0, 0
32749, 151, 0, 0, 0
32849, 140, 0, 0, 0
32949, 180, 0, 0, 0
33049, 170, 0, 0, 0
33149, 140, 0, 0, 0
33249, 170, 0, 0, 0
33349, 200, 0, 0, 0
33449, 200, 0, 0, 0
33550, 210, 0, 0, 0
33650, 140, 0, 0, 0
33749, 191, 0, 0, 0
33849, 200, 0, 0, 0
33949, 200, 0, 0, 0
34049, 200, 0, 0, 0
34149, 170, 0, 0, 0
34249, 150, 0, 0, 0
34349, 230, 0, 0, 0
34449, 180, 0, 0, 0
34549, 120, 0, 0, 0
34649, 220, 0, 0, 0
34750, 210, 0, 0, 0
34850, 220, 0, 0, 0
34950, 160, 0, 0, 0
35050, 190, 0, 0, 0
35150, 220, 0, 0, 0
35249, 212, 0, 0, 0
35349, 180, 0, 0, 0
35449, 290, 0, 0, 0
35549, 150, 0, 0, 0
35649, 270, 0, 0, 0
35750, 200, 0, 0, 0
35850, 230, 0, 0, 0
35950, 140, 0, 0, 0
36050, 200, 0, 0, 0
36150, 110, 0, 0, 0
36249, 232, 0, 0, 0
36349, 180, 0, 0, 0
36449, 220, 0, 0, 0
36549, 160, 0, 0, 0
36649, 200, 0, 0, 0
36749, 180, 0, 0, 0
36849, 170, 0, 0, 0
36949, 180, 0, 0, 0
37049, 160, 0, 0, 0
37150, 200, 0, 0, 0
37250, 170, 0, 0, 0
37350, 230, 0, 0, 0
37450, 240, 0, 0, 0
37550, 180, 0, 0, 0
37650, 140, 0, 0, 0
37749, 161, 0, 0, 0
37849, 150, 0, 0, 0
37949, 250, 0, 0, 0
38049, 180, 0, 0, 0
38149, 150, 0, 0, 0
38249, 160, 0, 0, 0
38349, 140, 0, 0, 0
38450, 200, 0, 0, 0
38550, 230, 0, 0, 0
38650, 220, 0, 0, 0
38749, 202, 0, 0, 0
38849, 260, 0, 0, 0
38949, 190, 0, 0, 0
39049, 190, 0, 0, 0
39149, 150, 0, 0, 0
39249, 230, 0, 0, 0
39349, 170, 0, 0, 0
39449, 190, 0, 0, 0
39549, 190, 0, 0, 0
39649, 180, 0, 0, 0
39750, 150, 0, 0, 0
39850, 140, 0, 0, 0
39950, 180, 0, 0, 0
40050, 140, 0, 0, 0
40150, 180, 0, 0, 0
40249, 232, 0, 0, 0
40349, 150, 0, 0, 0
40449, 260, 0, 0, 0
40549, 200, 0, 0, 0
40649, 200, 0, 0, 0
40749, 150, 0, 0, 0
40849, 260, 0, 0, 0
40949, 160, 0, 0, 0
41050, 170, 0, 0, 0
41150, 240, 0, 0, 0
41249, 222, 0, 0, 0
41349, 220, 0, 0, 0
41449, 140, 0, 0, 0
41549, 140, 0, 0, 0
41649, 260, 0, 0, 0
41749, 170, 0, 0, 0
41849, 170, 0, 0, 0
41949, 160, 0, 0, 0
42049, 170, 0, 0, 0
42149, 240, 0, 0, 0
42250, 140, 0, 0, 0
42350, 50, 0, 0, 0
42450, 130, 0, 0, 0
42550, 110, 0, 0, 0
42650, 220, 0, 0, 0
42749, 222, 0, 0, 0
42849, 160, 0, 0, 0
42949, 180, 0, 0, 0
43049, 230, 0, 0, 0
43149, 180, 0, 0, 0
43250, 190, 0, 0, 0
43350, 180, 0, 0, 0
43450, 160, 0, 0, 0
43550, 220, 0, 0, 0
43650, 190, 0, 0, 0
43749, 80, 0, 0, 0
43849, 190, 0, 0, 0
43949, 160, 0, 0, 0
44049, 220, 0, 0, 0
44149, 290, 0, 0, 0
44249, 110, 0, 0, 0
44349, 150, 0, 0, 0
44449, 130, 0, 0, 0
44550, 220, 0, 0, 0
44650, 270, 0, 0, 0
44749, 212, 0, 0, 0
44849, 140, 0, 0, 0
44949, 250, 0, 0, 0
45049, 160, 0, 0, 0
45149, 270, 0, 0, 0
45249, 170, 0, 0, 0
45349, 160, 0, 0, 0
45449, 130, 0, 0, 0
45549, 230, 0, 0, 0
45649, 210, 0, 0, 0
45750, 250, 0, 0, 0
45850, 150, 0, 0, 0
45950, 210, 0, 0, 0
46050, 180, 0, 0, 0
46150, 170, 0, 0, 0
46249, 161, 0, 0, 0
46349, 270, 0, 0, 0
46449, 120, 0, 0, 0
46549, 170, 0, 0, 0
46649, 230, 0, 0, 0
46749, 140, 0, 0, 0
46849, 190, 0, 0, 0
46949, 250, 0, 0, 0
47050, 280, 0, 0, 0
47150, 250, 0, 0, 0
47249, 343, 0, 0, 0
47349, 240, 0, 0, 0
47449, 100, 0, 0, 0
47549, 190, 0, 0, 0
47649, 200, 0, 0, 0
47749, 160, 0, 0, 0
47849, 170, 0, 0, 0
47949, 140, 0, 0, 0
48050, 140, 0, 0, 0
48150, 140, 0, 0, 0
48249, 181, 0, 0, 0
48349, 170, 0, 0, 0
48449, 220, 0, 0, 0
48549, 210, 0, 0, 0
48649, 190, 0, 0, 0
48749, 150, 0, 0, 0
48849, 170, 0, 0, 0
48949, 170, 0, 0, 0
49049, 140, 0, 0, 0
49150, 190, 0, 0, 0
49250, 170, 0, 0, 0
49350, 160, 0, 0, 0
49450, 90, 0, 0, 0
49550, 100, 0, 0, 0
49650, 160, 0, 0, 0
49749, 232, 0, 0, 0
49849, 110, 0, 0, 0
49949, 130, 0, 0, 0
50049, 210, 0, 0, 0
50149, 120, 0, 0, 0
50250, 190, 0, 0, 0
50350, 270, 0, 0, 0
50450, 140, 0, 0, 0
50550, 160, 0, 0, 0
50650, 180, 0, 0, 0
50749, 181, 0, 0, 0
50849, 250, 0, 0, 0
50949, 130, 0, 0, 0
51049, 220, 0, 0, 0
51149, 170, 0, 0, 0
51249, 240, 0, 0, 0
51350, 100, 0, 0, 0
51450, 200, 0, 0, 0
51550, 160, 0, 0, 0
51650, 150, 0, 0, 0
51749, 151, 0, 0, 0
51849, 110, 0, 0, 0
51949, 230, 0, 0, 0
52049, 180, 0, 0, 0
52149, 150, 0, 0, 0
52249, 120, 0, 0, 0
52349, 180, 0, 0, 0
52450, 120, 0, 0, 0
52550, 130, 0, 0, 0
52650, 70, 0, 0, 0
52749, 141, 0, 0, 0
52849, 150, 0, 0, 0
52949, 250, 0, 0, 0
53049, 250, 0, 0, 0
53149, 230, 0, 0, 0
53249, 160, 0, 0, 0
53349, 210, 0, 0, 0
53449, 140, 0, 0, 0
53549, 120, 0, 0, 0
53650, 160, 0, 0, 0
53750, 160, 0, 0, 0
53850, 180, 0, 0, 0
53950, 200, 0, 0, 0
54050, 210, 0, 0, 0
54150, 100, 0, 0, 0
54249, 131, 0, 0, 0
54349, 150, 0, 0, 0
54449, 140, 0, 0, 0
54549, 130, 0, 0, 0
54649, 110, 0, 0, 0
54750, 100, 0, 0, 0
54850, 250, 0, 0, 0
54950, 170, 0, 0, 0
55050, 200, 0, 0, 0
55150, 130, 0, 0, 0
55249, 222, 0, 0, 0
55349, 240, 0, 0, 0
55449, 120, 0, 0, 0
55549, 240, 0, 0, 0
55649, 190, 0, 0, 0
55749, 180, 0, 0, 0
55849, 230, 0, 0, 0
55950, 140, 0, 0, 0
56050, 160, 0, 0, 0
56150, 230, 0, 0, 0
56249, 202, 0, 0, 0
56349, 170, 0, 0, 0
56449, 150, 0, 0, 0
56549, 260, 0, 0, 0
56649, 210, 0, 0, 0
56749, 160, 0, 0, 0
56849, 190, 0, 0, 0
56949, 180, 0, 0, 0
57050, 150, 0, 0, 0
57150, 120, 0, 0, 0
57249, 252, 0, 0, 0
57349, 180, 0, 0, 0
57449, 140, 0, 0, 0
57549, 220, 0, 0, 0
57649, 170, 0, 0, 0
57749, 210, 0, 0, 0
57849, 150, 0, 0, 0
57949, 290, 0, 0, 0
58050, 160, 0, 0, 0
58150, 110, 0, 0, 0
58249, 90, 0, 0, 0
58349, 170, 0, 0, 0
58449, 150, 0, 0, 0
58549, 240, 0, 0, 0
58649, 190, 0, 0, 0
58749, 160, 0, 0, 0
58849, 170, 0, 0, 0
58949, 120, 0, 0, 0
59050, 160, 0, 0, 0
59150, 130, 0, 0, 0
59249, 131, 0, 0, 0
59349, 180, 0, 0, 0
59449, 120, 0, 0, 0
59549, 150, 0, 0, 0
59649, 120, 0, 0, 0
59749, 170, 0, 0, 0
59849, 220, 0, 0, 0
59949, 200, 0, 0, 0
