100, 6942114, 0, 0, 0
201, 6368382, 0, 0, 0
300, 7341710, 0, 0, 0
401, 6058323, 0, 0, 0
501, 6270782, 0, 0, 0
607, 6092513, 0, 0, 0
700, 8734175, 0, 0, 0
801, 4453333, 0, 0, 0
900, 7749224, 0, 0, 0
1000, 7939539, 0, 0, 0
1106, 7891942, 0, 0, 0
1202, 6622950, 0, 0, 0
1300, 8286474, 0, 0, 0
1402, 7594814, 0, 0, 0
1501, 6415171, 0, 0, 0
1603, 8549679, 0, 0, 0
1700, 7715726, 0, 0, 0
1809, 6712298, 0, 0, 0
1904, 8158985, 0, 0, 0
2001, 7860825, 0, 0, 0
2108, 7590439, 0, 0, 0
2203, 7759179, 0, 0, 0
2305, 7907784, 0, 0, 0
2400, 5987244, 0, 0, 0
2500, 6801370, 0, 0, 0
2600, 5796784, 0, 0, 0
2703, 6262952, 0, 0, 0
2803, 7194087, 0, 0, 0
2904, 7909828, 0, 0, 0
3008, 6579489, 0, 0, 0
3103, 8116204, 0, 0, 0
3202, 7893181, 0, 0, 0
3307, 9345745, 0, 0, 0
3404, 8681042, 0, 0, 0
3503, 7697321, 0, 0, 0
3601, 6614968, 0, 0, 0
3701, 6547284, 0, 0, 0
3802, 5622731, 0, 0, 0
3902, 9107002, 0, 0, 0
4000, 9083923, 0, 0, 0
4101, 7100067, 0, 0, 0
4201, 9070028, 0, 0, 0
4306, 8146338, 0, 0, 0
4405, 8495957, 0, 0, 0
4510, 8120607, 0, 0, 0
4600, 7414167, 0, 0, 0
4702, 7595844, 0, 0, 0
4800, 8143426, 0, 0, 0
4903, 7937141, 0, 0, 0
5005, 7556038, 0, 0, 0
5102, 7244649, 0, 0, 0
5202, 7173921, 0, 0, 0
5306, 9228634, 0, 0, 0
5400, 6876390, 0, 0, 0
5500, 8952068, 0, 0, 0
5615, 8374393, 0, 0, 0
5700, 8515635, 0, 0, 0
5803, 6352885, 0, 0, 0
5900, 8768145, 0, 0, 0
6000, 7169113, 0, 0, 0
6100, 6190768, 0, 0, 0
6202, 8191265, 0, 0, 0
6302, 7068355, 0, 0, 0
6404, 7545783, 0, 0, 0
6502, 7308543, 0, 0, 0
6602, 11253730, 0, 0, 0
6702, 7535711, 0, 0, 0
6801, 7316238, 0, 0, 0
6900, 9345995, 0, 0, 0
7000, 7786054, 0, 0, 0
7100, 8769302, 0, 0, 0
7202, 6698699, 0, 0, 0
7303, 7510421, 0, 0, 0
7405, 6629412, 0, 0, 0
7501, 7492798, 0, 0, 0
7607, 11265843, 0, 0, 0
7702, 9549480, 0, 0, 0
7800, 6684884, 0, 0, 0
7901, 7604786, 0, 0, 0
8003, 7393986, 0, 0, 0
8109, 9459968, 0, 0, 0
8200, 7982941, 0, 0, 0
8311, 9526097, 0, 0, 0
8403, 7120979, 0, 0, 0
8505, 8425956, 0, 0, 0
8611, 7084144, 0, 0, 0
8704, 6333426, 0, 0, 0
8803, 8692335, 0, 0, 0
8902, 8581389, 0, 0, 0
9000, 7199688, 0, 0, 0
9100, 8583888, 0, 0, 0
9200, 6449722, 0, 0, 0
9302, 5663346, 0, 0, 0
9400, 7935289, 0, 0, 0
9500, 8579725, 0, 0, 0
9600, 6981665, 0, 0, 0
9700, 5540511, 0, 0, 0
9801, 7182571, 0, 0, 0
9904, 9153334, 0, 0, 0
10003, 6651257, 0, 0, 0
10103, 7334861, 0, 0, 0
10207, 10266881, 0, 0, 0
10300, 9604916, 0, 0, 0
10400, 9618237, 0, 0, 0
10500, 7560068, 0, 0, 0
10607, 7689393, 0, 0, 0
10704, 9472101, 0, 0, 0
10801, 6749561, 0, 0, 0
10900, 6091715, 0, 0, 0
11001, 6632213, 0, 0, 0
11100, 7446989, 0, 0, 0
11206, 6661544, 0, 0, 0
11303, 6349587, 0, 0, 0
11403, 7300757, 0, 0, 0
11501, 8194207, 0, 0, 0
11607, 9663248, 0, 0, 0
11700, 7613809, 0, 0, 0
11804, 6731765, 0, 0, 0
11902, 6856773, 0, 0, 0
12003, 8124967, 0, 0, 0
12101, 7058573, 0, 0, 0
12201, 6612475, 0, 0, 0
12302, 6523021, 0, 0, 0
12401, 7883554, 0, 0, 0
12504, 8186468, 0, 0, 0
12604, 8967517, 0, 0, 0
12703, 6698943, 0, 0, 0
12801, 7699359, 0, 0, 0
12905, 7692977, 0, 0, 0
13000, 7009087, 0, 0, 0
13108, 6037574, 0, 0, 0
13205, 9258041, 0, 0, 0
13300, 10667873, 0, 0, 0
13400, 7506792, 0, 0, 0
13500, 6885062, 0, 0, 0
13611, 9373199, 0, 0, 0
13701, 8669633, 0, 0, 0
13802, 7767400, 0, 0, 0
13901, 7277498, 0, 0, 0
14005, 7097677, 0, 0, 0
14102, 7094743, 0, 0, 0
14200, 6512155, 0, 0, 0
14305, 6433388, 0, 0, 0
14403, 9444658, 0, 0, 0
14502, 6240694, 0, 0, 0
14603, 6568159, 0, 0, 0
14701, 6937947, 0, 0, 0
14801, 5734746, 0, 0, 0
14904, 5106089, 0, 0, 0
15002, 5436249, 0, 0, 0
15100, 7463915, 0, 0, 0
15202, 10167629, 0, 0, 0
15302, 7654458, 0, 0, 0
15404, 7171643, 0, 0, 0
15504, 9430707, 0, 0, 0
15601, 7384793, 0, 0, 0
15700, 6621390, 0, 0, 0
15800, 6817164, 0, 0, 0
15900, 6516514, 0, 0, 0
16002, 8791105, 0, 0, 0
16104, 14058242, 0, 0, 0
16204, 9134086, 0, 0, 0
16302, 7151405, 0, 0, 0
16401, 7155568, 0, 0, 0
16504, 6278069, 0, 0, 0
16605, 6554696, 0, 0, 0
16700, 7918277, 0, 0, 0
16800, 7446552, 0, 0, 0
16900, 7043914, 0, 0, 0
17008, 7775974, 0, 0, 0
17108, 8770087, 0, 0, 0
17202, 5791394, 0, 0, 0
17303, 7861364, 0, 0, 0
17400, 7820934, 0, 0, 0
17507, 10316738, 0, 0, 0
17601, 6331933, 0, 0, 0
17701, 6831419, 0, 0, 0
17800, 7442825, 0, 0, 0
17902, 7921260, 0, 0, 0
18002, 6651377, 0, 0, 0
18101, 8294227, 0, 0, 0
18203, 7130803, 0, 0, 0
18301, 8075430, 0, 0, 0
18404, 8152571, 0, 0, 0
18501, 9304637, 0, 0, 0
18603, 6936608, 0, 0, 0
18706, 7683308, 0, 0, 0
18804, 9916912, 0, 0, 0
18903, 7075756, 0, 0, 0
19000, 6213656, 0, 0, 0
19106, 7205027, 0, 0, 0
19200, 8148605, 0, 0, 0
19307, 8010829, 0, 0, 0
19401, 7747676, 0, 0, 0
19502, 6849880, 0, 0, 0
19608, 8245550, 0, 0, 0
19701, 7217284, 0, 0, 0
19802, 7839810, 0, 0, 0
19904, 7078358, 0, 0, 0
20002, 7668960, 0, 0, 0
20103, 7188169, 0, 0, 0
20200, 7056825, 0, 0, 0
20303, 8680863, 0, 0, 0
20404, 5875845, 0, 0, 0
20512, 9218150, 0, 0, 0
20601, 7833304, 0, 0, 0
20706, 8171021, 0, 0, 0
20805, 8162324, 0, 0, 0
20900, 7094039, 0, 0, 0
21001, 6338607, 0, 0, 0
21100, 7224608, 0, 0, 0
21202, 6863661, 0, 0, 0
21301, 8013910, 0, 0, 0
21406, 7877995, 0, 0, 0
21500, 9066966, 0, 0, 0
21605, 7957308, 0, 0, 0
21700, 7191802, 0, 0, 0
21800, 5524421, 0, 0, 0
21901, 7407746, 0, 0, 0
22006, 8262949, 0, 0, 0
22103, 7589968, 0, 0, 0
22203, 7223407, 0, 0, 0
22301, 7854018, 0, 0, 0
22403, 6915991, 0, 0, 0
22500, 6445270, 0, 0, 0
22601, 8190223, 0, 0, 0
22703, 7701303, 0, 0, 0
22802, 7419998, 0, 0, 0
22901, 8418111, 0, 0, 0
23003, 6716742, 0, 0, 0
23104, 9715067, 0, 0, 0
23203, 6946863, 0, 0, 0
23308, 8769464, 0, 0, 0
23400, 7778203, 0, 0, 0
23504, 7292166, 0, 0, 0
23603, 8086301, 0, 0, 0
23708, 7292708, 0, 0, 0
23800, 9176433, 0, 0, 0
23905, 7159030, 0, 0, 0
24000, 7022947, 0, 0, 0
24100, 7838888, 0, 0, 0
24200, 5959477, 0, 0, 0
24301, 8354605, 0, 0, 0
24400, 6713614, 0, 0, 0
24500, 7115601, 0, 0, 0
24600, 6801378, 0, 0, 0
24706, 8665954, 0, 0, 0
24800, 7987746, 0, 0, 0
24903, 7532903, 0, 0, 0
25001, 6687540, 0, 0, 0
25100, 8345782, 0, 0, 0
25200, 7322953, 0, 0, 0
25307, 7930370, 0, 0, 0
25402, 7664683, 0, 0, 0
25501, 7962497, 0, 0, 0
25606, 7556005, 0, 0, 0
25701, 8892819, 0, 0, 0
25801, 6888279, 0, 0, 0
25906, 7000351, 0, 0, 0
26000, 6995771, 0, 0, 0
26100, 6331376, 0, 0, 0
26207, 7220363, 0, 0, 0
26300, 8010695, 0, 0, 0
26407, 6462290, 0, 0, 0
26506, 7339562, 0, 0, 0
26600, 6753081, 0, 0, 0
26703, 7277251, 0, 0, 0
26800, 7580020, 0, 0, 0
26901, 7988417, 0, 0, 0
27008, 8220440, 0, 0, 0
27104, 7921101, 0, 0, 0
27201, 8150470, 0, 0, 0
27305, 8174552, 0, 0, 0
27402, 8638744, 0, 0, 0
27504, 6873949, 0, 0, 0
27603, 7459245, 0, 0, 0
27700, 6665710, 0, 0, 0
27803, 8033717, 0, 0, 0
27901, 7374051, 0, 0, 0
28000, 7690279, 0, 0, 0
28100, 7872530, 0, 0, 0
28200, 7699964, 0, 0, 0
28301, 7830889, 0, 0, 0
28407, 7847607, 0, 0, 0
28502, 8944014, 0, 0, 0
28602, 6984376, 0, 0, 0
28702, 8630743, 0, 0, 0
28810, 8584586, 0, 0, 0
28913, 7559717, 0, 0, 0
29000, 8205807, 0, 0, 0
29102, 9028366, 0, 0, 0
29204, 7139400, 0, 0, 0
29304, 8119715, 0, 0, 0
29400, 7030679, 0, 0, 0
29504, 7527840, 0, 0, 0
29601, 6532376, 0, 0, 0
29701, 6856347, 0, 0, 0
29805, 7600465, 0, 0, 0
29906, 7608719, 0, 0, 0
30000, 6425013, 0, 0, 0
30105, 7639878, 0, 0, 0
30200, 6341883, 0, 0, 0
30301, 6950962, 0, 0, 0
30403, 6684211, 0, 0, 0
30501, 8118247, 0, 0, 0
30600, 6822363, 0, 0, 0
30706, 7165559, 0, 0, 0
30805, 6295946, 0, 0, 0
30902, 6783493, 0, 0, 0
31001, 8882057, 0, 0, 0
31103, 7636186, 0, 0, 0
31201, 7615883, 0, 0, 0
31301, 7262879, 0, 0, 0
31401, 6053061, 0, 0, 0
31502, 9206703, 0, 0, 0
31601, 6504321, 0, 0, 0
31703, 8652639, 0, 0, 0
31801, 8165566, 0, 0, 0
31908, 7366999, 0, 0, 0
32005, 7394862, 0, 0, 0
32100, 7802057, 0, 0, 0
32200, 6983454, 0, 0, 0
32302, 7493665, 0, 0, 0
32405, 8661442, 0, 0, 0
32500, 6818745, 0, 0, 0
32600, 6789858, 0, 0, 0
32703, 6807842, 0, 0, 0
32800, 6589001, 0, 0, 0
32901, 7132257, 0, 0, 0
33001, 5275230, 0, 0, 0
33109, 6785860, 0, 0, 0
33202, 6801760, 0, 0, 0
33300, 6474951, 0, 0, 0
33402, 7895194, 0, 0, 0
33502, 5741371, 0, 0, 0
33601, 7822339, 0, 0, 0
33702, 9398970, 0, 0, 0
33800, 7320441, 0, 0, 0
33900, 9839597, 0, 0, 0
34003, 6365904, 0, 0, 0
34100, 9658802, 0, 0, 0
34207, 8573987, 0, 0, 0
34305, 7484392, 0, 0, 0
34400, 6155469, 0, 0, 0
34500, 7554637, 0, 0, 0
34601, 7313721, 0, 0, 0
34703, 9264602, 0, 0, 0
34800, 6990695, 0, 0, 0
34900, 6662705, 0, 0, 0
35000, 7011182, 0, 0, 0
35102, 7141944, 0, 0, 0
35204, 6353147, 0, 0, 0
35301, 6553956, 0, 0, 0
35403, 9294155, 0, 0, 0
35500, 5778467, 0, 0, 0
35602, 8434462, 0, 0, 0
35701, 7615578, 0, 0, 0
35809, 8423575, 0, 0, 0
35900, 7523836, 0, 0, 0
36002, 5555264, 0, 0, 0
36101, 8136165, 0, 0, 0
36201, 6407921, 0, 0, 0
36301, 7960148, 0, 0, 0
36403, 5850566, 0, 0, 0
36501, 6783228, 0, 0, 0
36606, 6359798, 0, 0, 0
36702, 8949707, 0, 0, 0
36800, 6388313, 0, 0, 0
36902, 5938386, 0, 0, 0
37003, 6796537, 0, 0, 0
37101, 7975194, 0, 0, 0
37203, 8147460, 0, 0, 0
37300, 8185675, 0, 0, 0
37401, 5900638, 0, 0, 0
37506, 6830504, 0, 0, 0
37601, 7169484, 0, 0, 0
37700, 7293498, 0, 0, 0
37803, 7848624, 0, 0, 0
37904, 6382158, 0, 0, 0
38007, 8663444, 0, 0, 0
38108, 5844590, 0, 0, 0
38201, 7439774, 0, 0, 0
38304, 5829089, 0, 0, 0
38401, 6089498, 0, 0, 0
38504, 6577110, 0, 0, 0
38602, 6389950, 0, 0, 0
38702, 8265731, 0, 0, 0
38803, 7351699, 0, 0, 0
38912, 9075922, 0, 0, 0
39005, 8693124, 0, 0, 0
39102, 7215379, 0, 0, 0
39200, 6344884, 0, 0, 0
39303, 7353194, 0, 0, 0
39410, 7320320, 0, 0, 0
39501, 5634515, 0, 0, 0
39601, 5861793, 0, 0, 0
39700, 6831599, 0, 0, 0
39800, 7128580, 0, 0, 0
39903, 4744843, 0, 0, 0
40004, 7200415, 0, 0, 0
40101, 6404321, 0, 0, 0
40202, 6117659, 0, 0, 0
40302, 6554048, 0, 0, 0
40403, 8315483, 0, 0, 0
40500, 5578733, 0, 0, 0
40604, 8538805, 0, 0, 0
40710, 6758467, 0, 0, 0
40800, 5729428, 0, 0, 0
40904, 6191048, 0, 0, 0
41002, 6792465, 0, 0, 0
41102, 5221116, 0, 0, 0
41203, 6380111, 0, 0, 0
41302, 5577120, 0, 0, 0
41401, 5743702, 0, 0, 0
41503, 6335469, 0, 0, 0
41602, 7335682, 0, 0, 0
41700, 5823731, 0, 0, 0
41800, 6020649, 0, 0, 0
41905, 6763348, 0, 0, 0
42001, 5975923, 0, 0, 0
42102, 6618419, 0, 0, 0
42201, 5259498, 0, 0, 0
42301, 4946943, 0, 0, 0
42401, 5656851, 0, 0, 0
42506, 5774472, 0, 0, 0
42602, 7014301, 0, 0, 0
42704, 4685609, 0, 0, 0
42800, 5634611, 0, 0, 0
42902, 8257190, 0, 0, 0
43000, 4938342, 0, 0, 0
43107, 5387238, 0, 0, 0
43205, 6815944, 0, 0, 0
43301, 6541180, 0, 0, 0
43401, 6263053, 0, 0, 0
43501, 6135582, 0, 0, 0
43609, 5884414, 0, 0, 0
43705, 6747782, 0, 0, 0
43804, 5492009, 0, 0, 0
43902, 4353719, 0, 0, 0
44001, 5705407, 0, 0, 0
44100, 5940570, 0, 0, 0
44204, 5495213, 0, 0, 0
44302, 4906337, 0, 0, 0
44411, 5366229, 0, 0, 0
44508, 7573790, 0, 0, 0
44600, 5721666, 0, 0, 0
44700, 5046425, 0, 0, 0
44801, 5904072, 0, 0, 0
44903, 6094987, 0, 0, 0
45001, 4738499, 0, 0, 0
45102, 7965207, 0, 0, 0
45204, 6322724, 0, 0, 0
45305, 6625094, 0, 0, 0
45401, 7496214, 0, 0, 0
45502, 6176607, 0, 0, 0
45604, 11090877, 0, 0, 0
45705, 8262187, 0, 0, 0
45810, 8478252, 0, 0, 0
45901, 7351124, 0, 0, 0
46001, 8352104, 0, 0, 0
46100, 8439744, 0, 0, 0
46203, 8500391, 0, 0, 0
46300, 8925213, 0, 0, 0
46405, 8431819, 0, 0, 0
46503, 8063376, 0, 0, 0
46604, 6468436, 0, 0, 0
46706, 5703525, 0, 0, 0
46803, 7369278, 0, 0, 0
46906, 7211501, 0, 0, 0
47001, 7244988, 0, 0, 0
47100, 8209333, 0, 0, 0
47204, 8628412, 0, 0, 0
47301, 6883908, 0, 0, 0
47404, 7267187, 0, 0, 0
47505, 8635693, 0, 0, 0
47601, 9996625, 0, 0, 0
47700, 6575745, 0, 0, 0
47801, 8532626, 0, 0, 0
47902, 9096299, 0, 0, 0
48000, 8472530, 0, 0, 0
48101, 7099805, 0, 0, 0
48211, 7798963, 0, 0, 0
48302, 7406989, 0, 0, 0
48408, 8112468, 0, 0, 0
48509, 8319552, 0, 0, 0
48603, 7475939, 0, 0, 0
48700, 7443240, 0, 0, 0
48806, 8034864, 0, 0, 0
48901, 7785747, 0, 0, 0
49004, 7772397, 0, 0, 0
49102, 8425390, 0, 0, 0
49201, 7040133, 0, 0, 0
49301, 6653250, 0, 0, 0
49400, 8982642, 0, 0, 0
49509, 8544982, 0, 0, 0
49602, 5659753, 0, 0, 0
49704, 6717329, 0, 0, 0
49810, 8377133, 0, 0, 0
49903, 8298117, 0, 0, 0
50003, 6603133, 0, 0, 0
50103, 7520239, 0, 0, 0
50202, 8365966, 0, 0, 0
50302, 7125407, 0, 0, 0
50401, 7325331, 0, 0, 0
50500, 6793873, 0, 0, 0
50602, 10192033, 0, 0, 0
50702, 7839600, 0, 0, 0
50803, 7504847, 0, 0, 0
50902, 8970301, 0, 0, 0
51000, 9000533, 0, 0, 0
51100, 7598651, 0, 0, 0
51202, 7239717, 0, 0, 0
51300, 8273491, 0, 0, 0
51407, 8103712, 0, 0, 0
51512, 8515540, 0, 0, 0
51601, 7367975, 0, 0, 0
51703, 6870285, 0, 0, 0
51802, 6186916, 0, 0, 0
51903, 7225640, 0, 0, 0
52005, 8768734, 0, 0, 0
52100, 6579135, 0, 0, 0
52201, 7068665, 0, 0, 0
52303, 7253533, 0, 0, 0
52401, 6560338, 0, 0, 0
52503, 6289365, 0, 0, 0
52603, 6993742, 0, 0, 0
52700, 7095692, 0, 0, 0
52802, 5711669, 0, 0, 0
52902, 5736656, 0, 0, 0
53004, 6782199, 0, 0, 0
53104, 7835896, 0, 0, 0
53201, 5865141, 0, 0, 0
53301, 7633201, 0, 0, 0
53400, 6968964, 0, 0, 0
53501, 6243606, 0, 0, 0
53601, 6002483, 0, 0, 0
53700, 6475212, 0, 0, 0
53804, 8180830, 0, 0, 0
53906, 7037168, 0, 0, 0
54000, 8280099, 0, 0, 0
54109, 7489545, 0, 0, 0
54203, 7645838, 0, 0, 0
54303, 6232195, 0, 0, 0
54402, 10071953, 0, 0, 0
54503, 8344667, 0, 0, 0
54600, 7315109, 0, 0, 0
54700, 7176643, 0, 0, 0
54802, 8387483, 0, 0, 0
54902, 8037232, 0, 0, 0
55000, 8473554, 0, 0, 0
55101, 8062138, 0, 0, 0
55209, 7783340, 0, 0, 0
55301, 7920984, 0, 0, 0
55411, 7285199, 0, 0, 0
55501, 8965299, 0, 0, 0
55602, 7728014, 0, 0, 0
55702, 6490780, 0, 0, 0
55802, 8011814, 0, 0, 0
55901, 7401738, 0, 0, 0
56003, 6096005, 0, 0, 0
56102, 6707886, 0, 0, 0
56205, 10253872, 0, 0, 0
56302, 6239645, 0, 0, 0
56408, 7388859, 0, 0, 0
56503, 10987641, 0, 0, 0
56605, 7979633, 0, 0, 0
56701, 8692638, 0, 0, 0
56805, 9033923, 0, 0, 0
56906, 8535471, 0, 0, 0
57000, 8047583, 0, 0, 0
57100, 7077871, 0, 0, 0
57202, 8133652, 0, 0, 0
57300, 7809799, 0, 0, 0
57404, 7591846, 0, 0, 0
57505, 7487354, 0, 0, 0
57601, 8835501, 0, 0, 0
57701, 6931019, 0, 0, 0
57801, 7575035, 0, 0, 0
57904, 9086044, 0, 0, 0
58002, 7296637, 0, 0, 0
58105, 6690611, 0, 0, 0
58204, 7817868, 0, 0, 0
58307, 7086483, 0, 0, 0
58400, 6015999, 0, 0, 0
58501, 6929378, 0, 0, 0
58600, 7728734, 0, 0, 0
58701, 7152966, 0, 0, 0
58802, 7892260, 0, 0, 0
58901, 7521423, 0, 0, 0
59002, 7968741, 0, 0, 0
59108, 7857752, 0, 0, 0
59201, 7161290, 0, 0, 0
59302, 6296274, 0, 0, 0
59404, 6707328, 0, 0, 0
59501, 7333128, 0, 0, 0
59600, 6410281, 0, 0, 0
59700, 7238951, 0, 0, 0
59800, 8586745, 0, 0, 0
59904, 7508113, 0, 0, 0
60000, 3932322, 0, 0, 0
60001, 2474953, 0, 0, 0
