100, 51492041, 1, 0, 0
204, 53096457, 1, 0, 0
309, 50346486, 1, 0, 0
408, 48270470, 1, 0, 0
516, 51850337, 1, 0, 0
627, 50018704, 1, 0, 0
732, 53617083, 1, 0, 0
839, 48422408, 1, 0, 0
939, 52086449, 1, 0, 0
1047, 48441772, 1, 0, 0
1104, 51513610, 1, 0, 0
1200, 51114777, 1, 0, 0
1301, 52115460, 1, 0, 0
1402, 48571009, 1, 0, 0
1507, 48332025, 1, 0, 0
1616, 48337390, 1, 0, 0
1711, 47390002, 1, 0, 0
1831, 41130401, 1, 0, 0
1947, 58049772, 1, 0, 0
2004, 52928735, 1, 0, 0
2103, 53346153, 1, 0, 0
2207, 45519644, 1, 0, 0
2306, 48328417, 1, 0, 0
2418, 52720523, 1, 0, 0
2532, 47254575, 1, 0, 0
2631, 49545279, 1, 0, 0
2740, 49932953, 1, 0, 0
2840, 51094578, 1, 0, 0
2900, 47174908, 1, 0, 0
3001, 45417144, 1, 0, 0
3106, 52026944, 1, 0, 0
3201, 55030594, 1, 0, 0
3326, 49747275, 1, 0, 0
3438, 51683105, 1, 0, 0
3501, 51427843, 1, 0, 0
3607, 55138851, 1, 0, 0
3713, 51720603, 1, 0, 0
3816, 52076606, 1, 0, 0
3929, 56719463, 1, 0, 0
4007, 48432417, 1, 0, 0
4127, 46005653, 1, 0, 0
4239, 48201612, 1, 0, 0
4333, 52620116, 1, 0, 0
4451, 49621864, 1, 0, 0
4510, 57066277, 1, 0, 0
4613, 44682425, 1, 0, 0
4718, 51921625, 1, 0, 0
4822, 53027515, 1, 0, 0
4927, 51073574, 1, 0, 0
5048, 56175884, 1, 0, 0
5110, 54275660, 1, 0, 0
5209, 48165695, 1, 0, 0
5322, 50667079, 1, 0, 0
5436, 50765562, 1, 0, 0
5539, 51254723, 1, 0, 0
5624, 46616312, 1, 0, 0
5756, 49189137, 1, 0, 0
5809, 59130322, 1, 0, 0
5909, 49821026, 1, 0, 0
6009, 47018636, 1, 0, 0
6100, 46845608, 1, 0, 0
6206, 48576367, 1, 0, 0
6306, 44871174, 1, 0, 0
6414, 52410363, 1, 0, 0
6521, 53250641, 1, 0, 0
6640, 53368280, 1, 0, 0
6745, 52958259, 1, 0, 0
6802, 48962544, 1, 0, 0
6911, 47304604, 1, 0, 0
7011, 48651088, 1, 0, 0
7132, 52706669, 1, 0, 0
7241, 52328504, 1, 0, 0
7305, 56628953, 1, 0, 0
7408, 57393241, 1, 0, 0
7508, 51202765, 1, 0, 0
7615, 46570678, 1, 0, 0
7741, 46440352, 1, 0, 0
7841, 49193773, 1, 0, 0
7909, 48847794, 1, 0, 0
8014, 45560561, 1, 0, 0
8126, 48704731, 1, 0, 0
8227, 50321439, 1, 0, 0
8343, 49566433, 1, 0, 0
8400, 57411847, 1, 0, 0
8502, 52680907, 1, 0, 0
8603, 51452144, 1, 0, 0
8701, 48933132, 1, 0, 0
8815, 47502934, 1, 0, 0
8923, 52832382, 1, 0, 0
9025, 51121165, 1, 0, 0
9131, 53903148, 1, 0, 0
9242, 52259675, 1, 0, 0
9301, 47773375, 1, 0, 0
9401, 46642609, 1, 0, 0
9504, 49171164, 1, 0, 0
9609, 50210972, 1, 0, 0
9712, 49378747, 1, 0, 0
9820, 53406190, 1, 0, 0
9929, 51305153, 1, 0, 0
10025, 51278659, 1, 0, 0
10101, 50177929, 1, 0, 0
10201, 41961007, 1, 0, 0
10310, 50965635, 1, 0, 0
10415, 54941918, 1, 0, 0
10519, 47875095, 1, 0, 0
10624, 53618196, 1, 0, 0
10740, 51615236, 1, 0, 0
10846, 54753941, 1, 0, 0
10906, 52010267, 1, 0, 0
11008, 52724396, 1, 0, 0
11116, 52488903, 1, 0, 0
11220, 52781031, 1, 0, 0
11300, 55624702, 1, 0, 0
11406, 57277467, 1, 0, 0
11511, 49427307, 1, 0, 0
11632, 51710277, 1, 0, 0
11739, 52695412, 1, 0, 0
11801, 53607998, 1, 0, 0
11903, 48284418, 1, 0, 0
12008, 48260888, 1, 0, 0
12122, 45231655, 1, 0, 0
12220, 47003868, 1, 0, 0
12326, 48178771, 1, 0, 0
12430, 51196010, 1, 0, 0
12521, 53205904, 1, 0, 0
12642, 48993634, 1, 0, 0
12700, 53146874, 1, 0, 0
12803, 51228505, 1, 0, 0
12917, 52062261, 1, 0, 0
13021, 52622598, 1, 0, 0
13122, 50963390, 1, 0, 0
13227, 53208178, 1, 0, 0
13340, 49475596, 1, 0, 0
13401, 49470430, 1, 0, 0
13508, 54963508, 1, 0, 0
13602, 47578076, 1, 0, 0
13723, 49432020, 1, 0, 0
13827, 55516112, 1, 0, 0
13901, 48308463, 1, 0, 0
14010, 45389996, 1, 0, 0
14143, 44598627, 1, 0, 0
14207, 45575729, 1, 0, 0
14329, 50285882, 1, 0, 0
14444, 52357710, 1, 0, 0
14507, 52052927, 1, 0, 0
14611, 42538341, 1, 0, 0
14717, 46655835, 1, 0, 0
14829, 58858450, 1, 0, 0
14906, 52553635, 1, 0, 0
15017, 59855657, 1, 0, 0
15150, 59178100, 1, 0, 0
15206, 59034344, 1, 0, 0
15355, 60451216, 1, 0, 0
15426, 70270432, 1, 0, 0
15540, 63789075, 1, 0, 0
15601, 79151589, 1, 0, 0
15738, 54874067, 1, 0, 0
15806, 65075464, 1, 0, 0
15930, 64044107, 1, 0, 0
16043, 61454930, 1, 0, 0
16101, 54033158, 1, 0, 0
16221, 58814782, 1, 0, 0
16348, 59713453, 1, 0, 0
16420, 68418409, 1, 0, 0
16552, 68663902, 1, 0, 0
16616, 65337337, 1, 0, 0
16730, 61139467, 1, 0, 0
16800, 61493026, 1, 0, 0
16924, 58197316, 1, 0, 0
17007, 65075246, 1, 0, 0
17128, 50495786, 1, 0, 0
17255, 61130908, 1, 0, 0
17314, 67621580, 1, 0, 0
17428, 57363622, 1, 0, 0
17541, 57898671, 1, 0, 0
17655, 55154869, 1, 0, 0
17717, 59621845, 1, 0, 0
17831, 59467130, 1, 0, 0
17960, 59183701, 1, 0, 0
18019, 67165392, 1, 0, 0
18157, 49680378, 1, 0, 0
18214, 61359654, 1, 0, 0
18339, 61332502, 1, 0, 0
18405, 60714556, 1, 0, 0
18539, 66893795, 1, 0, 0
18655, 62034993, 1, 0, 0
18714, 58317410, 1, 0, 0
18837, 58741724, 1, 0, 0
18900, 64680361, 1, 0, 0
19031, 65061683, 1, 0, 0
19105, 57801876, 1, 0, 0
19238, 58556777, 1, 0, 0
19301, 56558051, 1, 0, 0
19417, 59811534, 1, 0, 0
19535, 58342329, 1, 0, 0
19653, 58014152, 1, 0, 0
19711, 61137346, 1, 0, 0
19821, 56346760, 1, 0, 0
19907, 59072221, 1, 0, 0
20005, 52119653, 1, 0, 0
20127, 55623283, 1, 0, 0
20200, 62225133, 1, 0, 0
20335, 64098700, 1, 0, 0
20461, 63726246, 1, 0, 0
20525, 64918599, 1, 0, 0
20661, 64506595, 1, 0, 0
20727, 70820847, 1, 0, 0
20849, 64446861, 1, 0, 0
20910, 58584012, 1, 0, 0
21039, 65672903, 1, 0, 0
21100, 58480789, 1, 0, 0
21254, 50337425, 1, 0, 0
21309, 56110989, 1, 0, 0
21438, 60474589, 1, 0, 0
21555, 61439950, 1, 0, 0
21619, 58827703, 1, 0, 0
21750, 62492141, 1, 0, 0
21818, 70547812, 1, 0, 0
21947, 69572305, 1, 0, 0
22004, 55633679, 1, 0, 0
22129, 60667341, 1, 0, 0
22245, 61931461, 1, 0, 0
22326, 59224536, 1, 0, 0
22440, 61983349, 1, 0, 0
22502, 57889434, 1, 0, 0
22614, 58174714, 1, 0, 0
22727, 56507788, 1, 0, 0
22844, 56136182, 1, 0, 0
22901, 60682314, 1, 0, 0
23053, 65667205, 1, 0, 0
23112, 68299734, 1, 0, 0
23239, 60461148, 1, 0, 0
23353, 61820267, 1, 0, 0
23414, 56298289, 1, 0, 0
23536, 62458025, 1, 0, 0
23600, 59521203, 1, 0, 0
23730, 65106926, 1, 0, 0
23847, 61216381, 1, 0, 0
23906, 59573224, 1, 0, 0
24025, 59139944, 1, 0, 0
24143, 58348461, 1, 0, 0
24255, 56684711, 1, 0, 0
24311, 58960350, 1, 0, 0
24434, 59361232, 1, 0, 0
24501, 62926845, 1, 0, 0
24613, 59501091, 1, 0, 0
24728, 56291294, 1, 0, 0
24842, 58196892, 1, 0, 0
24901, 56170293, 1, 0, 0
25020, 60786470, 1, 0, 0
25145, 63057528, 1, 0, 0
25251, 53459998, 1, 0, 0
25307, 53825974, 1, 0, 0
25425, 56285748, 1, 0, 0
25531, 50203916, 1, 0, 0
25630, 51572032, 1, 0, 0
25703, 49252764, 1, 0, 0
25803, 50586950, 1, 0, 0
25913, 50476889, 1, 0, 0
26014, 50452519, 1, 0, 0
26125, 50309687, 1, 0, 0
26238, 56336727, 1, 0, 0
26302, 55643009, 1, 0, 0
26400, 43047043, 1, 0, 0
26510, 48118195, 1, 0, 0
26616, 50542809, 1, 0, 0
26716, 52841362, 1, 0, 0
26837, 46067528, 1, 0, 0
26941, 51741595, 1, 0, 0
27000, 54068666, 1, 0, 0
27105, 50908719, 1, 0, 0
27216, 52565406, 1, 0, 0
27316, 53551326, 1, 0, 0
27432, 51980395, 1, 0, 0
27540, 52806740, 1, 0, 0
27601, 43546997, 1, 0, 0
27715, 47936661, 1, 0, 0
27823, 52776398, 1, 0, 0
27924, 52737313, 1, 0, 0
28016, 49382622, 1, 0, 0
28127, 47563504, 1, 0, 0
28234, 50083540, 1, 0, 0
28339, 43208315, 1, 0, 0
28449, 52633069, 1, 0, 0
28503, 56808557, 1, 0, 0
28608, 52793196, 1, 0, 0
28705, 51327653, 1, 0, 0
28820, 46263753, 1, 0, 0
28904, 57652572, 1, 0, 0
29043, 49115014, 1, 0, 0
29142, 50939767, 1, 0, 0
29209, 46511830, 1, 0, 0
29312, 51314544, 1, 0, 0
29420, 50245028, 1, 0, 0
29516, 48243924, 1, 0, 0
29641, 49700161, 1, 0, 0
29705, 55850533, 1, 0, 0
29809, 54454541, 1, 0, 0
29911, 51527080, 1, 0, 0
30015, 50638461, 1, 0, 0
30124, 48247030, 1, 0, 0
30224, 50750128, 1, 0, 0
30341, 50913054, 1, 0, 0
30443, 53553560, 1, 0, 0
30504, 41217673, 1, 0, 0
30603, 50641048, 1, 0, 0
30709, 51752467, 1, 0, 0
30812, 52222483, 1, 0, 0
30910, 51342160, 1, 0, 0
31027, 47767232, 1, 0, 0
31139, 56674929, 1, 0, 0
31243, 53292506, 1, 0, 0
31345, 50524290, 1, 0, 0
31453, 51643665, 1, 0, 0
31505, 49022204, 1, 0, 0
31616, 44578070, 1, 0, 0
31720, 53805364, 1, 0, 0
31812, 50931527, 1, 0, 0
31933, 48199597, 1, 0, 0
32038, 51482087, 1, 0, 0
32143, 50542117, 1, 0, 0
32203, 55094378, 1, 0, 0
32308, 54569071, 1, 0, 0
32414, 51452841, 1, 0, 0
32525, 47949069, 1, 0, 0
32633, 49444865, 1, 0, 0
32732, 49648751, 1, 0, 0
32835, 49364607, 1, 0, 0
32952, 49587521, 1, 0, 0
33006, 59857647, 1, 0, 0
33115, 54823444, 1, 0, 0
33219, 52518616, 1, 0, 0
33322, 51177205, 1, 0, 0
33432, 54387940, 1, 0, 0
33538, 54761610, 1, 0, 0
33641, 50659429, 1, 0, 0
33711, 48754246, 1, 0, 0
33813, 58172725, 1, 0, 0
33928, 49372448, 1, 0, 0
34039, 53974375, 1, 0, 0
34143, 56536484, 1, 0, 0
34206, 50974884, 1, 0, 0
34310, 50802607, 1, 0, 0
34404, 50108218, 1, 0, 0
34529, 52197840, 1, 0, 0
34629, 51919262, 1, 0, 0
34733, 50943676, 1, 0, 0
34836, 48441872, 1, 0, 0
34940, 46189687, 1, 0, 0
35004, 41004991, 1, 0, 0
35114, 45284179, 1, 0, 0
35221, 48776290, 1, 0, 0
35319, 47261836, 1, 0, 0
35436, 47448862, 1, 0, 0
35500, 47498598, 1, 0, 0
35621, 55954785, 1, 0, 0
35726, 53407219, 1, 0, 0
35800, 47246574, 1, 0, 0
35903, 45149733, 1, 0, 0
36015, 46821081, 1, 0, 0
36133, 43611240, 1, 0, 0
36239, 56917863, 1, 0, 0
36339, 48017961, 1, 0, 0
36400, 49655350, 1, 0, 0
36501, 52139739, 1, 0, 0
36601, 46451711, 1, 0, 0
36719, 43554871, 1, 0, 0
36832, 53417393, 1, 0, 0
36939, 48004695, 1, 0, 0
37042, 55345071, 1, 0, 0
37100, 52137966, 1, 0, 0
37200, 49746512, 1, 0, 0
37310, 50913563, 1, 0, 0
37429, 48773878, 1, 0, 0
37524, 52053464, 1, 0, 0
37638, 43164314, 1, 0, 0
37731, 51437395, 1, 0, 0
37800, 49004168, 1, 0, 0
37901, 53537383, 1, 0, 0
38011, 50702721, 1, 0, 0
38125, 51597940, 1, 0, 0
38229, 52465627, 1, 0, 0
38341, 54691211, 1, 0, 0
38442, 53065609, 1, 0, 0
38546, 51107518, 1, 0, 0
38611, 47701706, 1, 0, 0
38710, 51901719, 1, 0, 0
38821, 47445633, 1, 0, 0
38927, 52100538, 1, 0, 0
39029, 52151253, 1, 0, 0
39140, 52288357, 1, 0, 0
39226, 49933894, 1, 0, 0
39301, 49076459, 1, 0, 0
39403, 50733791, 1, 0, 0
39524, 55446985, 1, 0, 0
39645, 53158878, 1, 0, 0
39700, 60336903, 1, 0, 0
39801, 52335266, 1, 0, 0
39903, 51028455, 1, 0, 0
40014, 49011173, 1, 0, 0
40121, 53088217, 1, 0, 0
40224, 45657150, 1, 0, 0
40328, 52575695, 1, 0, 0
40439, 52877315, 1, 0, 0
40542, 49549880, 1, 0, 0
40643, 50505513, 1, 0, 0
40700, 54944178, 1, 0, 0
40806, 52184414, 1, 0, 0
40919, 49640484, 1, 0, 0
41036, 48853622, 1, 0, 0
41138, 51422348, 1, 0, 0
41203, 50773648, 1, 0, 0
41308, 55803023, 1, 0, 0
41409, 51121114, 1, 0, 0
41511, 50347044, 1, 0, 0
41619, 50606268, 1, 0, 0
41722, 54469288, 1, 0, 0
41832, 47451561, 1, 0, 0
41908, 45240214, 1, 0, 0
42004, 49625477, 1, 0, 0
42104, 51547629, 1, 0, 0
42209, 44265593, 1, 0, 0
42321, 54246990, 1, 0, 0
42414, 47686015, 1, 0, 0
42531, 50249051, 1, 0, 0
42641, 50019775, 1, 0, 0
42701, 53305861, 1, 0, 0
42812, 51321315, 1, 0, 0
42902, 52037042, 1, 0, 0
43026, 45889644, 1, 0, 0
43128, 53500743, 1, 0, 0
43230, 50892455, 1, 0, 0
43324, 52361062, 1, 0, 0
43444, 50779891, 1, 0, 0
43550, 51546883, 1, 0, 0
43603, 53372169, 1, 0, 0
43709, 55091114, 1, 0, 0
43825, 52967986, 1, 0, 0
43929, 52952098, 1, 0, 0
44038, 49513755, 1, 0, 0
44146, 53088956, 1, 0, 0
44201, 53293260, 1, 0, 0
44309, 55632518, 1, 0, 0
44416, 56712364, 1, 0, 0
44532, 40653651, 1, 0, 0
44619, 48177139, 1, 0, 0
44738, 46280548, 1, 0, 0
44838, 49788515, 1, 0, 0
44900, 47940610, 1, 0, 0
45005, 55079405, 1, 0, 0
45129, 51344488, 1, 0, 0
45230, 51881162, 1, 0, 0
45334, 51737160, 1, 0, 0
45441, 53406817, 1, 0, 0
45544, 51428350, 1, 0, 0
45606, 58604388, 1, 0, 0
45729, 60928759, 1, 0, 0
45832, 53377455, 1, 0, 0
45935, 51681902, 1, 0, 0
46044, 51617243, 1, 0, 0
46103, 56843817, 1, 0, 0
46210, 52259297, 1, 0, 0
46317, 49349249, 1, 0, 0
46425, 53946781, 1, 0, 0
46533, 52892267, 1, 0, 0
46628, 47213333, 1, 0, 0
46742, 45502963, 1, 0, 0
46800, 49729668, 1, 0, 0
46926, 44745782, 1, 0, 0
47048, 58554597, 1, 0, 0
47107, 57769322, 1, 0, 0
47228, 57955896, 1, 0, 0
47318, 61693056, 1, 0, 0
47443, 76391739, 1, 0, 0
47510, 60531914, 1, 0, 0
47653, 70363337, 1, 0, 0
47721, 68106578, 1, 0, 0
47843, 66306138, 1, 0, 0
47908, 51230661, 1, 0, 0
48039, 64402525, 1, 0, 0
48158, 60672547, 1, 0, 0
48215, 62029663, 1, 0, 0
48308, 61631535, 1, 0, 0
48418, 52880108, 1, 0, 0
48541, 59070904, 1, 0, 0
48604, 59204119, 1, 0, 0
48729, 63768675, 1, 0, 0
48843, 58857140, 1, 0, 0
48901, 57071182, 1, 0, 0
49027, 59375048, 1, 0, 0
49140, 60159167, 1, 0, 0
49255, 56370688, 1, 0, 0
49321, 59881932, 1, 0, 0
49447, 58404587, 1, 0, 0
49509, 59203410, 1, 0, 0
49629, 59522595, 1, 0, 0
49701, 63595983, 1, 0, 0
49820, 65753912, 1, 0, 0
49935, 56884422, 1, 0, 0
50051, 58517336, 1, 0, 0
50110, 58143045, 1, 0, 0
50238, 60748636, 1, 0, 0
50301, 66103233, 1, 0, 0
50423, 59464148, 1, 0, 0
50552, 66131248, 1, 0, 0
50608, 60879044, 1, 0, 0
50729, 59818307, 1, 0, 0
50845, 57501502, 1, 0, 0
50904, 58980111, 1, 0, 0
51020, 58526114, 1, 0, 0
51148, 61004355, 1, 0, 0
51207, 54997808, 1, 0, 0
51325, 60148415, 1, 0, 0
51449, 62242157, 1, 0, 0
51504, 56096094, 1, 0, 0
51644, 59978498, 1, 0, 0
51702, 66199193, 1, 0, 0
51821, 57805980, 1, 0, 0
51934, 58685159, 1, 0, 0
52007, 58910362, 1, 0, 0
52125, 56989893, 1, 0, 0
52252, 60636069, 1, 0, 0
52302, 62976176, 1, 0, 0
52420, 58169331, 1, 0, 0
52532, 51120247, 1, 0, 0
52602, 53725195, 1, 0, 0
52704, 48049530, 1, 0, 0
52815, 48778529, 1, 0, 0
52920, 49329672, 1, 0, 0
53032, 45070753, 1, 0, 0
53100, 45416830, 1, 0, 0
53207, 52617757, 1, 0, 0
53313, 52714704, 1, 0, 0
53411, 52520921, 1, 0, 0
53528, 53504077, 1, 0, 0
53628, 53620638, 1, 0, 0
53700, 51859717, 1, 0, 0
53800, 49542386, 1, 0, 0
53908, 53707354, 1, 0, 0
54028, 44935569, 1, 0, 0
54125, 51635306, 1, 0, 0
54244, 42302157, 1, 0, 0
54302, 54296603, 1, 0, 0
54403, 51286017, 1, 0, 0
54501, 50758807, 1, 0, 0
54610, 50016622, 1, 0, 0
54701, 55056119, 1, 0, 0
54819, 45975262, 1, 0, 0
54910, 51632186, 1, 0, 0
55036, 50228118, 1, 0, 0
55152, 42835233, 1, 0, 0
55204, 54894720, 1, 0, 0
55306, 52813785, 1, 0, 0
55419, 50005140, 1, 0, 0
55522, 47631830, 1, 0, 0
55601, 51094602, 1, 0, 0
55709, 52938894, 1, 0, 0
55829, 55228874, 1, 0, 0
55933, 53548020, 1, 0, 0
56038, 51698941, 1, 0, 0
56104, 49871026, 1, 0, 0
56205, 45120624, 1, 0, 0
56322, 49188815, 1, 0, 0
56425, 54161273, 1, 0, 0
56534, 52947734, 1, 0, 0
56634, 51023774, 1, 0, 0
56700, 52176103, 1, 0, 0
56815, 53709891, 1, 0, 0
56928, 45021869, 1, 0, 0
57011, 48082159, 1, 0, 0
57105, 53591464, 1, 0, 0
57213, 51845315, 1, 0, 0
57311, 49755673, 1, 0, 0
57420, 47562491, 1, 0, 0
57504, 49619767, 1, 0, 0
57602, 46139064, 1, 0, 0
57713, 56659560, 1, 0, 0
57816, 52665409, 1, 0, 0
57917, 51253115, 1, 0, 0
58021, 52864892, 1, 0, 0
58115, 50775779, 1, 0, 0
58215, 47239732, 1, 0, 0
58343, 49472720, 1, 0, 0
58404, 53491162, 1, 0, 0
58511, 41781224, 1, 0, 0
58625, 55806594, 1, 0, 0
58744, 53397273, 1, 0, 0
58852, 52946521, 1, 0, 0
58900, 54396278, 1, 0, 0
59004, 49552805, 1, 0, 0
59124, 51042974, 1, 0, 0
59233, 50141170, 1, 0, 0
59336, 51855513, 1, 0, 0
59446, 54038588, 1, 0, 0
59549, 51312874, 1, 0, 0
59607, 54245103, 1, 0, 0
59711, 53010887, 1, 0, 0
59816, 49509712, 1, 0, 0
59920, 53179362, 1, 0, 0
60022, 52044395, 1, 0, 0
60024, 32240503, 1, 0, 0
