100, 7378, 0, 0, 0
200, 6820, 0, 0, 0
300, 7436, 0, 0, 0
400, 7376, 0, 0, 0
500, 7572, 0, 0, 0
600, 7110, 0, 0, 0
700, 6947, 0, 0, 0
800, 6961, 0, 0, 0
900, 7354, 0, 0, 0
1000, 7364, 0, 0, 0
1100, 6680, 0, 0, 0
1200, 7472, 0, 0, 0
1300, 6699, 0, 0, 0
1400, 5940, 0, 0, 0
1500, 6215, 0, 0, 0
1600, 6676, 0, 0, 0
1700, 7377, 0, 0, 0
1800, 7237, 0, 0, 0
1900, 6986, 0, 0, 0
2000, 7121, 0, 0, 0
2100, 6782, 0, 0, 0
2200, 6604, 0, 0, 0
2300, 7483, 0, 0, 0
2400, 7240, 0, 0, 0
2501, 6824, 0, 0, 0
2600, 7040, 0, 0, 0
2700, 7203, 0, 0, 0
2800, 6976, 0, 0, 0
2900, 7081, 0, 0, 0
3000, 7222, 0, 0, 0
3100, 7414, 0, 0, 0
3200, 7738, 0, 0, 0
3300, 7294, 0, 0, 0
3400, 7280, 0, 0, 0
3500, 6847, 0, 0, 0
3600, 7464, 0, 0, 0
3700, 7179, 0, 0, 0
3800, 7012, 0, 0, 0
3900, 7553, 0, 0, 0
4000, 7533, 0, 0, 0
4100, 7380, 0, 0, 0
4200, 7769, 0, 0, 0
4300, 6950, 0, 0, 0
4400, 7090, 0, 0, 0
4500, 7703, 0, 0, 0
4600, 6593, 0, 0, 0
4700, 7138, 0, 0, 0
4800, 8017, 0, 0, 0
4900, 8970, 0, 0, 0
5000, 7866, 0, 0, 0
5100, 6926, 0, 0, 0
5200, 6964, 0, 0, 0
5300, 6949, 0, 0, 0
5401, 7579, 0, 0, 0
5500, 7153, 0, 0, 0
5600, 6950, 0, 0, 0
5700, 7926, 0, 0, 0
5800, 7404, 0, 0, 0
5900, 7812, 0, 0, 0
6000, 6722, 0, 0, 0
6100, 7543, 0, 0, 0
6200, 7554, 0, 0, 0
6300, 6997, 0, 0, 0
6400, 7213, 0, 0, 0
6500, 7398, 0, 0, 0
6600, 6975, 0, 0, 0
6700, 7736, 0, 0, 0
6800, 7112, 0, 0, 0
6900, 7434, 0, 0, 0
7000, 7859, 0, 0, 0
7100, 7280, 0, 0, 0
7200, 7228, 0, 0, 0
7300, 7374, 0, 0, 0
7400, 7358, 0, 0, 0
7500, 7448, 0, 0, 0
7600, 7423, 0, 0, 0
7700, 7546, 0, 0, 0
7800, 8218, 0, 0, 0
7900, 7627, 0, 0, 0
8000, 7289, 0, 0, 0
8100, 7330, 0, 0, 0
8200, 6853, 0, 0, 0
8300, 7670, 0, 0, 0
8400, 7443, 0, 0, 0
8500, 7585, 0, 0, 0
8600, 7379, 0, 0, 0
8700, 6981, 0, 0, 0
8800, 7294, 0, 0, 0
8900, 7799, 0, 0, 0
9000, 8399, 0, 0, 0
9100, 8177, 0, 0, 0
9200, 7472, 0, 0, 0
9300, 7566, 0, 0, 0
9400, 7719, 0, 0, 0
9500, 7446, 0, 0, 0
9600, 7078, 0, 0, 0
9700, 7488, 0, 0, 0
9800, 6898, 0, 0, 0
9900, 6968, 0, 0, 0
10000, 6815, 0, 0, 0
10100, 7658, 0, 0, 0
10200, 6896, 0, 0, 0
10300, 7819, 0, 0, 0
10400, 7520, 0, 0, 0
10500, 8102, 0, 0, 0
10600, 6672, 0, 0, 0
10700, 6882, 0, 0, 0
10800, 7345, 0, 0, 0
10900, 7155, 0, 0, 0
11000, 7269, 0, 0, 0
11100, 7139, 0, 0, 0
11200, 7132, 0, 0, 0
11300, 7523, 0, 0, 0
11400, 7043, 0, 0, 0
11500, 7407, 0, 0, 0
11600, 6733, 0, 0, 0
11700, 6879, 0, 0, 0
11800, 7285, 0, 0, 0
11900, 8301, 0, 0, 0
12000, 7481, 0, 0, 0
12100, 7064, 0, 0, 0
12200, 7433, 0, 0, 0
12301, 7828, 0, 0, 0
12400, 7755, 0, 0, 0
12500, 7436, 0, 0, 0
12600, 8721, 0, 0, 0
12700, 7440, 0, 0, 0
12800, 7221, 0, 0, 0
12900, 7162, 0, 0, 0
13000, 7471, 0, 0, 0
13100, 7159, 0, 0, 0
13200, 7451, 0, 0, 0
13300, 7827, 0, 0, 0
13400, 6862, 0, 0, 0
13500, 6898, 0, 0, 0
13600, 7926, 0, 0, 0
13700, 8029, 0, 0, 0
13800, 7106, 0, 0, 0
13900, 7714, 0, 0, 0
14000, 7312, 0, 0, 0
14100, 7206, 0, 0, 0
14200, 7208, 0, 0, 0
14300, 7417, 0, 0, 0
14400, 7689, 0, 0, 0
14500, 7117, 0, 0, 0
14600, 7017, 0, 0, 0
14700, 7583, 0, 0, 0
14800, 6933, 0, 0, 0
14900, 6499, 0, 0, 0
15000, 7258, 0, 0, 0
15100, 7020, 0, 0, 0
15200, 7284, 0, 0, 0
15300, 9166, 0, 0, 0
15400, 7110, 0, 0, 0
15500, 8585, 0, 0, 0
15600, 7563, 0, 0, 0
15700, 7141, 0, 0, 0
15800, 7039, 0, 0, 0
15900, 7353, 0, 0, 0
16000, 7028, 0, 0, 0
16100, 7289, 0, 0, 0
16200, 7082, 0, 0, 0
16300, 6981, 0, 0, 0
16400, 7365, 0, 0, 0
16500, 7110, 0, 0, 0
16600, 7321, 0, 0, 0
16700, 8103, 0, 0, 0
16800, 7404, 0, 0, 0
16900, 7182, 0, 0, 0
17000, 7127, 0, 0, 0
17100, 7105, 0, 0, 0
17200, 6738, 0, 0, 0
17300, 7040, 0, 0, 0
17400, 6548, 0, 0, 0
17500, 7194, 0, 0, 0
17600, 7099, 0, 0, 0
17700, 7124, 0, 0, 0
17800, 7583, 0, 0, 0
17900, 6549, 0, 0, 0
18000, 6931, 0, 0, 0
18100, 7246, 0, 0, 0
18200, 6887, 0, 0, 0
18300, 6642, 0, 0, 0
18400, 7223, 0, 0, 0
18500, 8420, 0, 0, 0
18600, 7208, 0, 0, 0
18700, 6769, 0, 0, 0
18800, 7036, 0, 0, 0
18900, 7046, 0, 0, 0
19000, 8910, 0, 0, 0
19100, 7372, 0, 0, 0
19200, 7478, 0, 0, 0
19300, 6819, 0, 0, 0
19400, 7062, 0, 0, 0
19500, 6983, 0, 0, 0
19600, 6340, 0, 0, 0
19700, 6810, 0, 0, 0
19800, 7002, 0, 0, 0
19900, 7589, 0, 0, 0
20001, 6950, 0, 0, 0
20100, 8116, 0, 0, 0
20200, 7776, 0, 0, 0
20300, 6835, 0, 0, 0
20400, 6991, 0, 0, 0
20500, 7361, 0, 0, 0
20600, 7057, 0, 0, 0
20700, 7145, 0, 0, 0
20800, 8147, 0, 0, 0
20900, 7182, 0, 0, 0
21000, 7168, 0, 0, 0
21100, 7681, 0, 0, 0
21200, 7132, 0, 0, 0
21300, 7574, 0, 0, 0
21400, 7173, 0, 0, 0
21500, 6909, 0, 0, 0
21600, 6825, 0, 0, 0
21700, 6978, 0, 0, 0
21800, 7321, 0, 0, 0
21900, 6705, 0, 0, 0
22000, 7665, 0, 0, 0
22100, 7403, 0, 0, 0
22200, 6862, 0, 0, 0
22300, 7030, 0, 0, 0
22400, 7578, 0, 0, 0
22500, 6856, 0, 0, 0
22600, 6763, 0, 0, 0
22700, 7233, 0, 0, 0
22801, 7639, 0, 0, 0
22900, 7511, 0, 0, 0
23000, 6854, 0, 0, 0
23100, 6748, 0, 0, 0
23201, 7075, 0, 0, 0
23300, 7100, 0, 0, 0
23400, 7640, 0, 0, 0
23500, 7225, 0, 0, 0
23600, 7218, 0, 0, 0
23700, 7389, 0, 0, 0
23800, 6712, 0, 0, 0
23900, 6785, 0, 0, 0
24000, 7146, 0, 0, 0
24102, 7084, 0, 0, 0
24201, 7135, 0, 0, 0
24300, 7273, 0, 0, 0
24400, 7214, 0, 0, 0
24500, 7388, 0, 0, 0
24600, 7100, 0, 0, 0
24700, 6848, 0, 0, 0
24800, 6678, 0, 0, 0
24900, 7545, 0, 0, 0
25000, 7409, 0, 0, 0
25100, 6940, 0, 0, 0
25200, 7631, 0, 0, 0
25300, 6993, 0, 0, 0
25400, 7238, 0, 0, 0
25500, 7197, 0, 0, 0
25600, 7316, 0, 0, 0
25700, 7064, 0, 0, 0
25800, 6941, 0, 0, 0
25900, 8528, 0, 0, 0
26000, 7559, 0, 0, 0
26100, 7519, 0, 0, 0
26200, 7504, 0, 0, 0
26300, 7227, 0, 0, 0
26400, 7318, 0, 0, 0
26500, 7241, 0, 0, 0
26600, 7081, 0, 0, 0
26700, 7045, 0, 0, 0
26800, 7548, 0, 0, 0
26900, 7531, 0, 0, 0
27000, 8294, 0, 0, 0
27100, 7457, 0, 0, 0
27200, 7824, 0, 0, 0
27300, 8545, 0, 0, 0
27400, 7734, 0, 0, 0
27500, 6763, 0, 0, 0
27600, 7179, 0, 0, 0
27700, 7140, 0, 0, 0
27801, 7268, 0, 0, 0
27900, 7334, 0, 0, 0
28000, 7320, 0, 0, 0
28100, 7079, 0, 0, 0
28200, 6514, 0, 0, 0
28300, 6886, 0, 0, 0
28400, 8144, 0, 0, 0
28500, 7568, 0, 0, 0
28600, 7068, 0, 0, 0
28700, 8764, 0, 0, 0
28800, 6655, 0, 0, 0
28901, 7036, 0, 0, 0
29000, 6277, 0, 0, 0
29100, 7092, 0, 0, 0
29200, 7367, 0, 0, 0
29300, 7579, 0, 0, 0
29400, 7821, 0, 0, 0
29500, 7449, 0, 0, 0
29601, 6849, 0, 0, 0
29700, 7004, 0, 0, 0
29800, 7110, 0, 0, 0
29900, 7437, 0, 0, 0
30000, 7809, 0, 0, 0
30100, 7702, 0, 0, 0
30200, 7342, 0, 0, 0
30300, 7031, 0, 0, 0
30400, 7124, 0, 0, 0
30500, 7029, 0, 0, 0
30600, 7222, 0, 0, 0
30700, 7356, 0, 0, 0
30800, 7346, 0, 0, 0
30900, 7681, 0, 0, 0
31000, 7089, 0, 0, 0
31100, 7733, 0, 0, 0
31200, 8143, 0, 0, 0
31301, 7285, 0, 0, 0
31400, 6925, 0, 0, 0
31500, 7578, 0, 0, 0
31600, 7194, 0, 0, 0
31700, 6852, 0, 0, 0
31800, 6538, 0, 0, 0
31900, 7216, 0, 0, 0
32000, 6962, 0, 0, 0
32100, 7004, 0, 0, 0
32200, 6840, 0, 0, 0
32300, 7142, 0, 0, 0
32400, 7297, 0, 0, 0
32500, 7365, 0, 0, 0
32600, 6795, 0, 0, 0
32700, 7216, 0, 0, 0
32800, 8729, 0, 0, 0
32900, 6987, 0, 0, 0
33000, 7691, 0, 0, 0
33100, 7205, 0, 0, 0
33200, 7316, 0, 0, 0
33301, 7200, 0, 0, 0
33400, 6817, 0, 0, 0
33500, 7142, 0, 0, 0
33600, 7391, 0, 0, 0
33700, 6862, 0, 0, 0
33800, 7052, 0, 0, 0
33900, 7319, 0, 0, 0
34000, 6937, 0, 0, 0
34100, 7229, 0, 0, 0
34200, 6742, 0, 0, 0
34300, 6388, 0, 0, 0
34400, 6854, 0, 0, 0
34500, 7313, 0, 0, 0
34600, 7794, 0, 0, 0
34700, 7568, 0, 0, 0
34800, 7133, 0, 0, 0
34900, 7102, 0, 0, 0
35000, 6837, 0, 0, 0
35100, 6789, 0, 0, 0
35200, 7348, 0, 0, 0
35301, 8303, 0, 0, 0
35400, 6765, 0, 0, 0
35500, 6350, 0, 0, 0
35600, 6961, 0, 0, 0
35700, 7048, 0, 0, 0
35800, 7414, 0, 0, 0
35900, 7916, 0, 0, 0
36000, 7116, 0, 0, 0
36100, 7393, 0, 0, 0
36200, 6684, 0, 0, 0
36300, 6775, 0, 0, 0
36400, 7050, 0, 0, 0
36500, 7438, 0, 0, 0
36600, 7855, 0, 0, 0
36700, 6835, 0, 0, 0
36800, 6970, 0, 0, 0
36900, 6881, 0, 0, 0
37000, 6673, 0, 0, 0
37100, 6914, 0, 0, 0
37200, 7507, 0, 0, 0
37301, 7109, 0, 0, 0
37401, 7295, 0, 0, 0
37500, 8125, 0, 0, 0
37600, 6797, 0, 0, 0
37700, 6706, 0, 0, 0
37800, 7127, 0, 0, 0
37900, 7383, 0, 0, 0
38000, 6393, 0, 0, 0
38100, 6855, 0, 0, 0
38200, 8373, 0, 0, 0
38300, 7015, 0, 0, 0
38400, 7578, 0, 0, 0
38500, 7502, 0, 0, 0
38600, 7188, 0, 0, 0
38700, 7220, 0, 0, 0
38800, 7011, 0, 0, 0
38900, 7462, 0, 0, 0
39000, 7124, 0, 0, 0
39100, 7406, 0, 0, 0
39200, 7039, 0, 0, 0
39300, 6866, 0, 0, 0
39400, 7172, 0, 0, 0
39500, 7299, 0, 0, 0
39600, 7567, 0, 0, 0
39700, 7264, 0, 0, 0
39800, 7409, 0, 0, 0
39900, 7284, 0, 0, 0
40001, 7249, 0, 0, 0
40100, 7316, 0, 0, 0
40200, 7193, 0, 0, 0
40300, 7452, 0, 0, 0
40400, 7121, 0, 0, 0
40500, 7585, 0, 0, 0
40600, 7283, 0, 0, 0
40700, 8225, 0, 0, 0
40800, 7750, 0, 0, 0
40900, 7096, 0, 0, 0
41000, 7145, 0, 0, 0
41100, 8074, 0, 0, 0
41200, 6986, 0, 0, 0
41300, 7301, 0, 0, 0
41400, 6782, 0, 0, 0
41501, 6336, 0, 0, 0
41600, 6834, 0, 0, 0
41700, 6811, 0, 0, 0
41800, 7743, 0, 0, 0
41900, 7261, 0, 0, 0
42000, 7949, 0, 0, 0
42103, 8458, 0, 0, 0
42200, 7480, 0, 0, 0
42301, 7121, 0, 0, 0
42400, 7347, 0, 0, 0
42500, 7342, 0, 0, 0
42600, 7146, 0, 0, 0
42700, 7010, 0, 0, 0
42800, 6961, 0, 0, 0
42900, 6898, 0, 0, 0
43000, 7296, 0, 0, 0
43100, 7015, 0, 0, 0
43200, 7351, 0, 0, 0
43300, 8417, 0, 0, 0
43400, 6818, 0, 0, 0
43500, 6950, 0, 0, 0
43600, 7032, 0, 0, 0
43700, 7287, 0, 0, 0
43800, 6820, 0, 0, 0
43900, 7470, 0, 0, 0
44000, 7413, 0, 0, 0
44100, 7188, 0, 0, 0
44200, 7031, 0, 0, 0
44300, 6536, 0, 0, 0
44400, 7833, 0, 0, 0
44500, 7170, 0, 0, 0
44600, 8141, 0, 0, 0
44700, 7519, 0, 0, 0
44800, 7233, 0, 0, 0
44900, 7289, 0, 0, 0
45000, 7001, 0, 0, 0
45100, 7468, 0, 0, 0
45200, 7280, 0, 0, 0
45300, 7253, 0, 0, 0
45400, 7630, 0, 0, 0
45500, 7056, 0, 0, 0
45600, 6972, 0, 0, 0
45700, 7234, 0, 0, 0
45800, 7197, 0, 0, 0
45900, 7007, 0, 0, 0
46000, 7721, 0, 0, 0
46100, 7155, 0, 0, 0
46201, 7381, 0, 0, 0
46300, 7537, 0, 0, 0
46400, 7396, 0, 0, 0
46500, 6959, 0, 0, 0
46600, 7553, 0, 0, 0
46700, 7943, 0, 0, 0
46800, 7729, 0, 0, 0
46900, 7059, 0, 0, 0
47000, 7177, 0, 0, 0
47100, 7941, 0, 0, 0
47200, 7118, 0, 0, 0
47300, 7472, 0, 0, 0
47400, 7485, 0, 0, 0
47500, 7521, 0, 0, 0
47600, 7593, 0, 0, 0
47700, 7310, 0, 0, 0
47800, 7407, 0, 0, 0
47900, 7246, 0, 0, 0
48000, 8498, 0, 0, 0
48100, 8497, 0, 0, 0
48200, 6869, 0, 0, 0
48300, 7294, 0, 0, 0
48400, 7561, 0, 0, 0
48500, 8059, 0, 0, 0
48600, 7003, 0, 0, 0
48700, 7523, 0, 0, 0
48800, 7743, 0, 0, 0
48900, 7627, 0, 0, 0
49002, 7662, 0, 0, 0
49100, 7463, 0, 0, 0
49200, 7136, 0, 0, 0
49300, 7585, 0, 0, 0
49400, 7677, 0, 0, 0
49500, 7287, 0, 0, 0
49600, 7665, 0, 0, 0
49701, 7034, 0, 0, 0
49800, 7596, 0, 0, 0
49900, 7199, 0, 0, 0
50000, 7663, 0, 0, 0
50100, 7898, 0, 0, 0
50200, 7536, 0, 0, 0
50300, 7132, 0, 0, 0
50400, 7628, 0, 0, 0
50500, 6787, 0, 0, 0
50600, 7269, 0, 0, 0
50700, 8260, 0, 0, 0
50800, 7783, 0, 0, 0
50900, 7674, 0, 0, 0
51000, 7074, 0, 0, 0
51100, 7111, 0, 0, 0
51200, 7713, 0, 0, 0
51300, 7056, 0, 0, 0
51400, 6853, 0, 0, 0
51500, 6014, 0, 0, 0
51600, 7763, 0, 0, 0
51700, 7094, 0, 0, 0
51800, 6658, 0, 0, 0
51900, 7315, 0, 0, 0
52000, 6480, 0, 0, 0
52100, 7686, 0, 0, 0
52200, 7287, 0, 0, 0
52300, 7743, 0, 0, 0
52401, 7278, 0, 0, 0
52500, 7360, 0, 0, 0
52600, 7682, 0, 0, 0
52701, 8549, 0, 0, 0
52800, 6947, 0, 0, 0
52900, 7298, 0, 0, 0
53000, 7228, 0, 0, 0
53100, 7281, 0, 0, 0
53200, 7669, 0, 0, 0
53300, 7133, 0, 0, 0
53401, 6944, 0, 0, 0
53500, 7138, 0, 0, 0
53600, 7491, 0, 0, 0
53700, 7687, 0, 0, 0
53800, 7215, 0, 0, 0
53900, 7645, 0, 0, 0
54000, 7146, 0, 0, 0
54100, 7332, 0, 0, 0
54200, 7538, 0, 0, 0
54300, 6892, 0, 0, 0
54400, 7743, 0, 0, 0
54500, 7649, 0, 0, 0
54600, 7071, 0, 0, 0
54700, 7799, 0, 0, 0
54800, 7538, 0, 0, 0
54900, 7438, 0, 0, 0
55000, 7453, 0, 0, 0
55100, 7272, 0, 0, 0
55200, 7267, 0, 0, 0
55300, 7725, 0, 0, 0
55400, 7477, 0, 0, 0
55500, 6589, 0, 0, 0
55600, 7100, 0, 0, 0
55700, 7039, 0, 0, 0
55800, 6895, 0, 0, 0
55900, 7847, 0, 0, 0
56000, 7746, 0, 0, 0
56100, 7234, 0, 0, 0
56200, 7312, 0, 0, 0
56300, 7567, 0, 0, 0
56400, 6944, 0, 0, 0
56500, 7054, 0, 0, 0
56600, 7842, 0, 0, 0
56700, 6808, 0, 0, 0
56800, 6830, 0, 0, 0
56900, 7196, 0, 0, 0
57000, 7017, 0, 0, 0
57100, 7240, 0, 0, 0
57200, 7518, 0, 0, 0
57300, 7327, 0, 0, 0
57400, 7277, 0, 0, 0
57500, 7143, 0, 0, 0
57600, 8076, 0, 0, 0
57700, 7628, 0, 0, 0
57800, 7828, 0, 0, 0
57900, 7230, 0, 0, 0
58000, 6962, 0, 0, 0
58100, 7135, 0, 0, 0
58200, 7577, 0, 0, 0
58300, 7174, 0, 0, 0
58400, 7937, 0, 0, 0
58500, 7210, 0, 0, 0
58600, 6973, 0, 0, 0
58700, 7344, 0, 0, 0
58800, 7123, 0, 0, 0
58900, 7432, 0, 0, 0
59000, 7288, 0, 0, 0
59100, 7188, 0, 0, 0
59200, 7228, 0, 0, 0
59300, 7066, 0, 0, 0
59400, 6804, 0, 0, 0
59500, 6998, 0, 0, 0
59600, 7896, 0, 0, 0
59700, 7851, 0, 0, 0
59800, 7795, 0, 0, 0
59900, 6995, 0, 0, 0
60000, 6696, 0, 0, 0
60100, 7967, 0, 0, 0
60200, 7231, 0, 0, 0
60301, 8517, 0, 0, 0
60400, 8073, 0, 0, 0
60500, 6767, 0, 0, 0
60600, 7032, 0, 0, 0
60700, 7317, 0, 0, 0
60800, 7499, 0, 0, 0
60900, 6884, 0, 0, 0
61000, 7291, 0, 0, 0
61100, 7493, 0, 0, 0
61200, 8572, 0, 0, 0
61300, 9285, 0, 0, 0
61400, 9581, 0, 0, 0
61500, 7661, 0, 0, 0
61600, 15132, 0, 0, 0
61700, 7305, 0, 0, 0
61800, 7479, 0, 0, 0
61900, 7191, 0, 0, 0
62000, 7428, 0, 0, 0
62100, 7163, 0, 0, 0
62200, 7541, 0, 0, 0
62300, 7305, 0, 0, 0
62400, 7680, 0, 0, 0
62500, 7149, 0, 0, 0
62600, 7045, 0, 0, 0
62700, 7006, 0, 0, 0
62800, 7003, 0, 0, 0
62900, 7552, 0, 0, 0
63000, 7568, 0, 0, 0
63100, 7108, 0, 0, 0
63201, 7291, 0, 0, 0
63300, 7321, 0, 0, 0
63400, 7660, 0, 0, 0
63500, 7078, 0, 0, 0
63600, 7313, 0, 0, 0
63700, 7463, 0, 0, 0
63800, 7524, 0, 0, 0
63900, 7110, 0, 0, 0
64000, 7385, 0, 0, 0
64100, 6946, 0, 0, 0
64200, 6660, 0, 0, 0
64300, 7473, 0, 0, 0
64400, 6651, 0, 0, 0
64500, 7135, 0, 0, 0
64600, 7218, 0, 0, 0
64700, 6891, 0, 0, 0
64800, 8082, 0, 0, 0
64900, 8567, 0, 0, 0
65000, 8067, 0, 0, 0
65100, 7886, 0, 0, 0
65200, 6964, 0, 0, 0
65300, 7550, 0, 0, 0
65400, 7064, 0, 0, 0
65500, 7516, 0, 0, 0
65600, 7899, 0, 0, 0
65700, 6870, 0, 0, 0
65800, 6619, 0, 0, 0
65900, 7072, 0, 0, 0
66000, 7176, 0, 0, 0
66100, 7641, 0, 0, 0
66200, 7008, 0, 0, 0
66301, 7892, 0, 0, 0
66400, 6934, 0, 0, 0
66500, 7123, 0, 0, 0
66600, 7231, 0, 0, 0
66700, 7637, 0, 0, 0
66800, 6908, 0, 0, 0
66900, 6669, 0, 0, 0
67000, 7631, 0, 0, 0
67100, 6930, 0, 0, 0
67200, 7158, 0, 0, 0
67300, 7265, 0, 0, 0
67400, 8025, 0, 0, 0
67500, 7176, 0, 0, 0
67600, 6985, 0, 0, 0
67700, 7866, 0, 0, 0
67800, 7184, 0, 0, 0
67900, 7298, 0, 0, 0
68000, 7531, 0, 0, 0
68100, 7635, 0, 0, 0
68200, 7130, 0, 0, 0
68300, 7077, 0, 0, 0
68400, 7119, 0, 0, 0
68500, 7029, 0, 0, 0
68600, 7557, 0, 0, 0
68700, 7627, 0, 0, 0
68800, 7084, 0, 0, 0
68900, 7807, 0, 0, 0
69000, 7498, 0, 0, 0
69100, 7100, 0, 0, 0
69200, 7047, 0, 0, 0
69300, 7247, 0, 0, 0
69400, 7928, 0, 0, 0
69500, 7190, 0, 0, 0
69600, 7008, 0, 0, 0
69700, 7478, 0, 0, 0
69800, 7225, 0, 0, 0
69900, 6844, 0, 0, 0
70000, 6795, 0, 0, 0
70100, 7191, 0, 0, 0
70200, 7077, 0, 0, 0
70300, 8714, 0, 0, 0
70400, 7214, 0, 0, 0
70500, 7059, 0, 0, 0
70600, 7815, 0, 0, 0
70700, 7549, 0, 0, 0
70800, 7399, 0, 0, 0
70900, 7196, 0, 0, 0
71000, 7187, 0, 0, 0
71100, 7207, 0, 0, 0
71200, 8453, 0, 0, 0
71300, 7258, 0, 0, 0
71400, 7190, 0, 0, 0
71501, 7343, 0, 0, 0
71600, 7211, 0, 0, 0
71700, 7216, 0, 0, 0
71800, 7151, 0, 0, 0
71900, 7160, 0, 0, 0
72000, 7005, 0, 0, 0
72100, 7586, 0, 0, 0
72201, 6749, 0, 0, 0
72300, 7820, 0, 0, 0
72400, 7472, 0, 0, 0
72500, 7383, 0, 0, 0
72600, 7989, 0, 0, 0
72700, 8307, 0, 0, 0
72800, 7511, 0, 0, 0
72900, 7344, 0, 0, 0
73000, 7115, 0, 0, 0
73100, 7109, 0, 0, 0
73200, 6984, 0, 0, 0
73300, 7088, 0, 0, 0
73401, 6731, 0, 0, 0
73500, 7476, 0, 0, 0
73600, 7364, 0, 0, 0
73700, 7654, 0, 0, 0
73800, 7003, 0, 0, 0
73900, 7342, 0, 0, 0
74000, 7413, 0, 0, 0
74100, 7107, 0, 0, 0
74200, 8182, 0, 0, 0
74301, 8158, 0, 0, 0
74400, 7379, 0, 0, 0
74500, 7290, 0, 0, 0
74601, 7126, 0, 0, 0
74700, 6991, 0, 0, 0
74800, 7102, 0, 0, 0
74900, 7012, 0, 0, 0
75000, 7708, 0, 0, 0
75100, 7315, 0, 0, 0
75200, 6785, 0, 0, 0
75300, 6765, 0, 0, 0
75400, 7003, 0, 0, 0
75500, 7300, 0, 0, 0
75600, 7326, 0, 0, 0
75700, 7927, 0, 0, 0
75800, 7240, 0, 0, 0
75900, 7302, 0, 0, 0
76000, 7698, 0, 0, 0
76100, 7616, 0, 0, 0
76200, 7380, 0, 0, 0
76300, 8705, 0, 0, 0
76400, 7629, 0, 0, 0
76500, 6990, 0, 0, 0
76600, 7734, 0, 0, 0
76700, 7001, 0, 0, 0
76800, 6926, 0, 0, 0
76900, 7274, 0, 0, 0
77000, 7487, 0, 0, 0
77101, 7521, 0, 0, 0
77200, 7076, 0, 0, 0
77300, 7459, 0, 0, 0
77400, 7325, 0, 0, 0
77500, 7311, 0, 0, 0
77600, 7595, 0, 0, 0
77700, 7276, 0, 0, 0
77800, 6989, 0, 0, 0
77900, 6902, 0, 0, 0
78000, 6969, 0, 0, 0
78100, 7443, 0, 0, 0
78200, 7446, 0, 0, 0
78300, 7478, 0, 0, 0
78400, 6862, 0, 0, 0
78500, 7224, 0, 0, 0
78600, 7411, 0, 0, 0
78700, 7435, 0, 0, 0
78800, 6971, 0, 0, 0
78900, 7193, 0, 0, 0
79000, 7830, 0, 0, 0
79100, 7497, 0, 0, 0
79200, 7135, 0, 0, 0
79301, 6567, 0, 0, 0
79400, 6664, 0, 0, 0
79500, 6923, 0, 0, 0
79600, 7024, 0, 0, 0
79700, 7287, 0, 0, 0
79800, 6948, 0, 0, 0
79900, 7626, 0, 0, 0
80000, 7287, 0, 0, 0
80100, 7148, 0, 0, 0
80200, 7258, 0, 0, 0
80300, 7608, 0, 0, 0
80400, 8160, 0, 0, 0
80501, 7288, 0, 0, 0
80600, 7500, 0, 0, 0
80700, 8149, 0, 0, 0
80800, 6775, 0, 0, 0
80900, 7881, 0, 0, 0
81000, 6832, 0, 0, 0
81100, 7567, 0, 0, 0
81200, 7859, 0, 0, 0
81301, 7069, 0, 0, 0
81400, 7240, 0, 0, 0
81500, 6563, 0, 0, 0
81600, 7210, 0, 0, 0
81700, 6626, 0, 0, 0
82584, 5192, 0, 0, 0
82600, 5958, 0, 0, 0
82700, 6619, 0, 0, 0
82800, 5195, 0, 0, 0
82900, 7412, 0, 0, 0
83000, 5697, 0, 0, 0
83513, 5631, 0, 0, 0
83602, 6995, 0, 0, 0
83855, 8113, 0, 0, 0
84333, 7927, 0, 0, 0
84400, 6167, 0, 0, 0
84500, 6706, 0, 0, 0
84995, 7353, 0, 0, 0
85000, 5652, 0, 0, 0
85101, 6304, 0, 0, 0
85200, 7134, 0, 0, 0
85300, 5881, 0, 0, 0
85595, 6165, 0, 0, 0
85600, 7539, 0, 0, 0
85700, 7176, 0, 0, 0
86095, 7109, 0, 0, 0
86101, 5727, 0, 0, 0
86200, 6090, 0, 0, 0
86366, 5561, 0, 0, 0
86400, 6323, 0, 0, 0
86500, 6971, 0, 0, 0
86600, 6005, 0, 0, 0
86700, 6391, 0, 0, 0
87179, 6923, 0, 0, 0
87200, 5500, 0, 0, 0
87300, 5648, 0, 0, 0
87400, 6560, 0, 0, 0
87551, 6572, 0, 0, 0
87600, 5721, 0, 0, 0
88031, 6896, 0, 0, 0
88100, 7536, 0, 0, 0
88320, 6376, 0, 0, 0
88400, 6844, 0, 0, 0
88917, 7492, 0, 0, 0
89000, 7126, 0, 0, 0
89177, 7561, 0, 0, 0
89467, 7997, 0, 0, 0
89500, 6301, 0, 0, 0
89621, 6812, 0, 0, 0
89700, 6611, 0, 0, 0
89916, 6900, 0, 0, 0
90000, 7055, 0, 0, 0
