250, 668, 1, 0, 0
350, 650, 1, 0, 0
450, 600, 1, 0, 0
550, 610, 1, 0, 0
650, 640, 1, 0, 0
749, 626, 1, 0, 0
849, 600, 1, 0, 0
949, 680, 1, 0, 0
1049, 640, 1, 0, 0
1149, 610, 1, 0, 0
1250, 620, 1, 0, 0
1350, 610, 1, 0, 0
1450, 670, 1, 0, 0
1550, 680, 1, 0, 0
1650, 640, 1, 0, 0
1749, 646, 1, 0, 0
1849, 660, 1, 0, 0
1949, 620, 1, 0, 0
2049, 680, 1, 0, 0
2149, 690, 1, 0, 0
2250, 610, 1, 0, 0
2350, 660, 1, 0, 0
2450, 620, 1, 0, 0
2550, 640, 1, 0, 0
2650, 660, 1, 0, 0
2749, 696, 1, 0, 0
2849, 640, 1, 0, 0
2949, 650, 1, 0, 0
3049, 670, 1, 0, 0
3149, 600, 1, 0, 0
3249, 670, 1, 0, 0
3349, 680, 1, 0, 0
3449, 620, 1, 0, 0
3550, 660, 1, 0, 0
3650, 630, 1, 0, 0
3749, 656, 1, 0, 0
3849, 640, 1, 0, 0
3949, 640, 1, 0, 0
4049, 650, 1, 0, 0
4149, 600, 1, 0, 0
4249, 580, 1, 0, 0
4349, 690, 1, 0, 0
4449, 630, 1, 0, 0
4549, 610, 1, 0, 0
4649, 630, 1, 0, 0
4750, 580, 1, 0, 0
4850, 610, 1, 0, 0
4950, 600, 1, 0, 0
5050, 640, 1, 0, 0
5150, 610, 1, 0, 0
5249, 636, 1, 0, 0
5349, 600, 1, 0, 0
5449, 650, 1, 0, 0
5549, 590, 1, 0, 0
5649, 630, 1, 0, 0
5749, 550, 1, 0, 0
5849, 590, 1, 0, 0
5950, 610, 1, 0, 0
6050, 620, 1, 0, 0
6150, 640, 1, 0, 0
6249, 646, 1, 0, 0
6349, 630, 1, 0, 0
6449, 640, 1, 0, 0
6549, 590, 1, 0, 0
6649, 640, 1, 0, 0
6749, 610, 1, 0, 0
6849, 650, 1, 0, 0
6949, 590, 1, 0, 0
7050, 680, 1, 0, 0
7150, 650, 1, 0, 0
7249, 666, 1, 0, 0
7349, 640, 1, 0, 0
7449, 680, 1, 0, 0
7549, 580, 1, 0, 0
7649, 660, 1, 0, 0
7749, 620, 1, 0, 0
7849, 600, 1, 0, 0
7949, 680, 1, 0, 0
8050, 640, 1, 0, 0
8150, 660, 1, 0, 0
8249, 454, 1, 0, 0
8349, 570, 1, 0, 0
8449, 620, 1, 0, 0
8549, 590, 1, 0, 0
8649, 620, 1, 0, 0
8749, 630, 1, 0, 0
8849, 630, 1, 0, 0
8949, 650, 1, 0, 0
9050, 650, 1, 0, 0
9150, 650, 1, 0, 0
9249, 646, 1, 0, 0
9349, 540, 1, 0, 0
9449, 630, 1, 0, 0
9549, 550, 1, 0, 0
9649, 640, 1, 0, 0
9749, 650, 1, 0, 0
9849, 630, 1, 0, 0
9949, 640, 1, 0, 0
10049, 690, 1, 0, 0
10149, 650, 1, 0, 0
10250, 620, 1, 0, 0
10350, 630, 1, 0, 0
10450, 710, 1, 0, 0
10550, 640, 1, 0, 0
10650, 600, 1, 0, 0
10749, 616, 1, 0, 0
10849, 640, 1, 0, 0
10949, 670, 1, 0, 0
11049, 600, 1, 0, 0
11149, 640, 1, 0, 0
11249, 620, 1, 0, 0
11349, 650, 1, 0, 0
11449, 610, 1, 0, 0
11550, 540, 1, 0, 0
11650, 580, 1, 0, 0
11749, 616, 1, 0, 0
11849, 630, 1, 0, 0
11949, 690, 1, 0, 0
12049, 610, 1, 0, 0
12149, 650, 1, 0, 0
12249, 650, 1, 0, 0
12349, 630, 1, 0, 0
12449, 670, 1, 0, 0
12549, 540, 1, 0, 0
12649, 590, 1, 0, 0
12750, 620, 1, 0, 0
12850, 680, 1, 0, 0
12950, 640, 1, 0, 0
13050, 600, 1, 0, 0
13150, 650, 1, 0, 0
13249, 686, 1, 0, 0
13349, 610, 1, 0, 0
13449, 680, 1, 0, 0
13549, 660, 1, 0, 0
13649, 660, 1, 0, 0
13749, 580, 1, 0, 0
13849, 680, 1, 0, 0
13949, 630, 1, 0, 0
14050, 640, 1, 0, 0
14150, 620, 1, 0, 0
14249, 616, 1, 0, 0
14349, 710, 1, 0, 0
14449, 610, 1, 0, 0
14549, 630, 1, 0, 0
14649, 690, 1, 0, 0
14749, 620, 1, 0, 0
14849, 650, 1, 0, 0
14949, 700, 1, 0, 0
15049, 650, 1, 0, 0
15149, 620, 1, 0, 0
15250, 660, 1, 0, 0
15350, 650, 1, 0, 0
15450, 640, 1, 0, 0
15550, 670, 1, 0, 0
15650, 650, 1, 0, 0
15749, 646, 1, 0, 0
15849, 650, 1, 0, 0
15949, 680, 1, 0, 0
16049, 630, 1, 0, 0
16149, 630, 1, 0, 0
16249, 600, 1, 0, 0
16349, 620, 1, 0, 0
16450, 560, 1, 0, 0
16550, 610, 1, 0, 0
16650, 600, 1, 0, 0
16749, 686, 1, 0, 0
16849, 620, 1, 0, 0
16949, 580, 1, 0, 0
17049, 640, 1, 0, 0
17149, 620, 1, 0, 0
17249, 590, 1, 0, 0
17349, 630, 1, 0, 0
17449, 640, 1, 0, 0
17550, 620, 1, 0, 0
17650, 640, 1, 0, 0
17749, 626, 1, 0, 0
17849, 630, 1, 0, 0
17949, 630, 1, 0, 0
18049, 670, 1, 0, 0
18149, 640, 1, 0, 0
18249, 630, 1, 0, 0
18349, 670, 1, 0, 0
18449, 670, 1, 0, 0
18549, 670, 1, 0, 0
18649, 680, 1, 0, 0
18750, 570, 1, 0, 0
18850, 620, 1, 0, 0
18950, 600, 1, 0, 0
19050, 630, 1, 0, 0
19150, 600, 1, 0, 0
19249, 606, 1, 0, 0
19349, 610, 1, 0, 0
19449, 630, 1, 0, 0
19549, 650, 1, 0, 0
19649, 670, 1, 0, 0
19749, 620, 1, 0, 0
19849, 590, 1, 0, 0
19950, 620, 1, 0, 0
20050, 560, 1, 0, 0
20150, 590, 1, 0, 0
20249, 656, 1, 0, 0
20349, 600, 1, 0, 0
20449, 670, 1, 0, 0
20549, 600, 1, 0, 0
20649, 580, 1, 0, 0
20749, 620, 1, 0, 0
20849, 610, 1, 0, 0
20949, 660, 1, 0, 0
21050, 630, 1, 0, 0
21150, 690, 1, 0, 0
21249, 606, 1, 0, 0
21349, 630, 1, 0, 0
21449, 630, 1, 0, 0
21549, 630, 1, 0, 0
21649, 610, 1, 0, 0
21749, 590, 1, 0, 0
21849, 590, 1, 0, 0
21949, 630, 1, 0, 0
22049, 630, 1, 0, 0
22149, 620, 1, 0, 0
22250, 670, 1, 0, 0
22350, 610, 1, 0, 0
22450, 620, 1, 0, 0
22550, 630, 1, 0, 0
22650, 590, 1, 0, 0
22749, 606, 1, 0, 0
22849, 630, 1, 0, 0
22949, 660, 1, 0, 0
23049, 640, 1, 0, 0
23149, 640, 1, 0, 0
23249, 610, 1, 0, 0
23349, 580, 1, 0, 0
23450, 620, 1, 0, 0
23550, 630, 1, 0, 0
23650, 590, 1, 0, 0
23749, 585, 1, 0, 0
23849, 610, 1, 0, 0
23949, 630, 1, 0, 0
24049, 630, 1, 0, 0
24149, 640, 1, 0, 0
24249, 630, 1, 0, 0
24349, 630, 1, 0, 0
24449, 600, 1, 0, 0
24550, 590, 1, 0, 0
24650, 620, 1, 0, 0
24749, 595, 1, 0, 0
24849, 600, 1, 0, 0
24949, 670, 1, 0, 0
25049, 630, 1, 0, 0
25149, 640, 1, 0, 0
25249, 600, 1, 0, 0
25349, 630, 1, 0, 0
25449, 640, 1, 0, 0
25549, 660, 1, 0, 0
25649, 580, 1, 0, 0
25750, 620, 1, 0, 0
25850, 580, 1, 0, 0
25950, 620, 1, 0, 0
26050, 650, 1, 0, 0
26150, 610, 1, 0, 0
26249, 626, 1, 0, 0
26349, 590, 1, 0, 0
26449, 630, 1, 0, 0
26549, 620, 1, 0, 0
26649, 580, 1, 0, 0
26749, 660, 1, 0, 0
26850, 630, 1, 0, 0
26950, 650, 1, 0, 0
27050, 650, 1, 0, 0
27150, 640, 1, 0, 0
27249, 616, 1, 0, 0
27349, 570, 1, 0, 0
27449, 620, 1, 0, 0
27549, 600, 1, 0, 0
27649, 550, 1, 0, 0
27749, 640, 1, 0, 0
27849, 620, 1, 0, 0
27949, 640, 1, 0, 0
28050, 610, 1, 0, 0
28150, 610, 1, 0, 0
28249, 666, 1, 0, 0
28349, 650, 1, 0, 0
28449, 610, 1, 0, 0
28549, 690, 1, 0, 0
28649, 650, 1, 0, 0
28749, 640, 1, 0, 0
28849, 640, 1, 0, 0
28949, 610, 1, 0, 0
29050, 630, 1, 0, 0
29150, 570, 1, 0, 0
29249, 505, 1, 0, 0
29349, 550, 1, 0, 0
29449, 620, 1, 0, 0
29549, 650, 1, 0, 0
29649, 580, 1, 0, 0
29749, 620, 1, 0, 0
29849, 580, 1, 0, 0
29949, 600, 1, 0, 0
30049, 600, 1, 0, 0
30149, 630, 1, 0, 0
30250, 640, 1, 0, 0
30350, 570, 1, 0, 0
30450, 650, 1, 0, 0
30550, 630, 1, 0, 0
30650, 470, 1, 0, 0
30749, 484, 1, 0, 0
30849, 650, 1, 0, 0
30949, 630, 1, 0, 0
31049, 580, 1, 0, 0
31149, 620, 1, 0, 0
31249, 580, 1, 0, 0
31349, 650, 1, 0, 0
31449, 570, 1, 0, 0
31550, 620, 1, 0, 0
31650, 630, 1, 0, 0
31749, 565, 1, 0, 0
31849, 630, 1, 0, 0
31949, 640, 1, 0, 0
32049, 590, 1, 0, 0
32149, 640, 1, 0, 0
32249, 650, 1, 0, 0
32349, 540, 1, 0, 0
32449, 620, 1, 0, 0
32550, 390, 1, 0, 0
32650, 580, 1, 0, 0
32749, 616, 1, 0, 0
32849, 570, 1, 0, 0
32949, 630, 1, 0, 0
33049, 650, 1, 0, 0
33149, 620, 1, 0, 0
33249, 660, 1, 0, 0
33349, 520, 1, 0, 0
33449, 620, 1, 0, 0
33549, 640, 1, 0, 0
33649, 630, 1, 0, 0
33750, 580, 1, 0, 0
33850, 570, 1, 0, 0
33950, 630, 1, 0, 0
34050, 620, 1, 0, 0
34150, 570, 1, 0, 0
34249, 606, 1, 0, 0
34349, 580, 1, 0, 0
34449, 630, 1, 0, 0
34549, 610, 1, 0, 0
34649, 660, 1, 0, 0
34750, 610, 1, 0, 0
34850, 590, 1, 0, 0
34950, 630, 1, 0, 0
35050, 640, 1, 0, 0
35150, 610, 1, 0, 0
35249, 616, 1, 0, 0
35349, 600, 1, 0, 0
35449, 640, 1, 0, 0
35549, 600, 1, 0, 0
35649, 600, 1, 0, 0
35750, 580, 1, 0, 0
35850, 620, 1, 0, 0
35950, 670, 1, 0, 0
36050, 670, 1, 0, 0
36150, 600, 1, 0, 0
36249, 636, 1, 0, 0
36349, 540, 1, 0, 0
36449, 660, 1, 0, 0
36549, 650, 1, 0, 0
36649, 670, 1, 0, 0
36749, 660, 1, 0, 0
36849, 620, 1, 0, 0
36949, 610, 1, 0, 0
37050, 620, 1, 0, 0
37150, 650, 1, 0, 0
37249, 646, 1, 0, 0
37349, 660, 1, 0, 0
37449, 480, 1, 0, 0
37549, 610, 1, 0, 0
37649, 580, 1, 0, 0
37749, 580, 1, 0, 0
37849, 640, 1, 0, 0
37949, 610, 1, 0, 0
38049, 670, 1, 0, 0
38149, 630, 1, 0, 0
38250, 620, 1, 0, 0
38350, 640, 1, 0, 0
38450, 490, 1, 0, 0
38550, 650, 1, 0, 0
38650, 580, 1, 0, 0
38749, 383, 1, 0, 0
38849, 620, 1, 0, 0
38949, 560, 1, 0, 0
39049, 620, 1, 0, 0
39149, 620, 1, 0, 0
39249, 640, 1, 0, 0
39350, 650, 1, 0, 0
39450, 460, 1, 0, 0
39550, 560, 1, 0, 0
39650, 550, 1, 0, 0
39749, 434, 1, 0, 0
39849, 650, 1, 0, 0
39949, 640, 1, 0, 0
40049, 620, 1, 0, 0
40149, 660, 1, 0, 0
40249, 620, 1, 0, 0
40349, 610, 1, 0, 0
40449, 470, 1, 0, 0
40550, 410, 1, 0, 0
40650, 660, 1, 0, 0
40749, 585, 1, 0, 0
40849, 460, 1, 0, 0
40949, 560, 1, 0, 0
41049, 620, 1, 0, 0
41149, 590, 1, 0, 0
41249, 660, 1, 0, 0
41349, 690, 1, 0, 0
41449, 550, 1, 0, 0
41550, 360, 1, 0, 0
41650, 640, 1, 0, 0
41749, 555, 1, 0, 0
41849, 470, 1, 0, 0
41949, 540, 1, 0, 0
42049, 690, 1, 0, 0
42149, 610, 1, 0, 0
42249, 660, 1, 0, 0
42349, 590, 1, 0, 0
42449, 640, 1, 0, 0
42549, 270, 1, 0, 0
42649, 630, 1, 0, 0
42750, 380, 1, 0, 0
42850, 460, 1, 0, 0
42950, 550, 1, 0, 0
43050, 600, 1, 0, 0
43150, 600, 1, 0, 0
43249, 656, 1, 0, 0
43349, 630, 1, 0, 0
43449, 600, 1, 0, 0
43549, 520, 1, 0, 0
43649, 680, 1, 0, 0
43749, 670, 1, 0, 0
43849, 440, 1, 0, 0
43949, 640, 1, 0, 0
44050, 480, 1, 0, 0
44150, 640, 1, 0, 0
44249, 616, 1, 0, 0
44349, 580, 1, 0, 0
44449, 620, 1, 0, 0
44549, 660, 1, 0, 0
44649, 590, 1, 0, 0
44749, 620, 1, 0, 0
44849, 600, 1, 0, 0
44949, 640, 1, 0, 0
45049, 640, 1, 0, 0
45149, 670, 1, 0, 0
45250, 610, 1, 0, 0
45350, 670, 1, 0, 0
45450, 600, 1, 0, 0
45550, 610, 1, 0, 0
45650, 570, 1, 0, 0
45749, 626, 1, 0, 0
45849, 600, 1, 0, 0
45949, 560, 1, 0, 0
46049, 570, 1, 0, 0
46149, 630, 1, 0, 0
46249, 630, 1, 0, 0
46350, 650, 1, 0, 0
46450, 610, 1, 0, 0
46550, 620, 1, 0, 0
46650, 630, 1, 0, 0
46749, 616, 1, 0, 0
46849, 250, 1, 0, 0
46949, 580, 1, 0, 0
47049, 630, 1, 0, 0
47149, 660, 1, 0, 0
47249, 640, 1, 0, 0
47349, 610, 1, 0, 0
47449, 610, 1, 0, 0
47549, 620, 1, 0, 0
47650, 560, 1, 0, 0
47750, 580, 1, 0, 0
47850, 630, 1, 0, 0
47950, 630, 1, 0, 0
48050, 610, 1, 0, 0
48150, 620, 1, 0, 0
48249, 646, 1, 0, 0
48349, 620, 1, 0, 0
48449, 670, 1, 0, 0
48549, 670, 1, 0, 0
48649, 390, 1, 0, 0
48750, 630, 1, 0, 0
48850, 620, 1, 0, 0
48950, 630, 1, 0, 0
49050, 620, 1, 0, 0
49150, 670, 1, 0, 0
49249, 585, 1, 0, 0
49349, 640, 1, 0, 0
49449, 620, 1, 0, 0
49549, 670, 1, 0, 0
49649, 630, 1, 0, 0
49749, 640, 1, 0, 0
49849, 600, 1, 0, 0
49949, 700, 1, 0, 0
50050, 630, 1, 0, 0
50150, 610, 1, 0, 0
50249, 616, 1, 0, 0
50349, 620, 1, 0, 0
50449, 620, 1, 0, 0
50549, 610, 1, 0, 0
50649, 670, 1, 0, 0
50749, 620, 1, 0, 0
50849, 660, 1, 0, 0
50949, 650, 1, 0, 0
51049, 640, 1, 0, 0
51149, 610, 1, 0, 0
51250, 610, 1, 0, 0
51350, 640, 1, 0, 0
51450, 650, 1, 0, 0
51550, 700, 1, 0, 0
51650, 610, 1, 0, 0
51749, 666, 1, 0, 0
51849, 670, 1, 0, 0
51949, 660, 1, 0, 0
52049, 670, 1, 0, 0
52149, 670, 1, 0, 0
52250, 640, 1, 0, 0
52350, 640, 1, 0, 0
52450, 670, 1, 0, 0
52550, 650, 1, 0, 0
52650, 640, 1, 0, 0
52749, 595, 1, 0, 0
52849, 660, 1, 0, 0
52949, 590, 1, 0, 0
53049, 590, 1, 0, 0
53149, 600, 1, 0, 0
53249, 660, 1, 0, 0
53349, 650, 1, 0, 0
53449, 600, 1, 0, 0
53550, 660, 1, 0, 0
53650, 660, 1, 0, 0
53749, 636, 1, 0, 0
53849, 670, 1, 0, 0
53949, 650, 1, 0, 0
54049, 610, 1, 0, 0
54149, 630, 1, 0, 0
54249, 650, 1, 0, 0
54349, 590, 1, 0, 0
54449, 660, 1, 0, 0
54549, 640, 1, 0, 0
54649, 570, 1, 0, 0
54750, 610, 1, 0, 0
54850, 650, 1, 0, 0
54950, 620, 1, 0, 0
55050, 620, 1, 0, 0
55150, 650, 1, 0, 0
55249, 676, 1, 0, 0
55349, 620, 1, 0, 0
55449, 620, 1, 0, 0
55549, 660, 1, 0, 0
55649, 570, 1, 0, 0
55750, 620, 1, 0, 0
55850, 640, 1, 0, 0
55950, 630, 1, 0, 0
56050, 600, 1, 0, 0
56150, 570, 1, 0, 0
56249, 616, 1, 0, 0
56349, 600, 1, 0, 0
56449, 620, 1, 0, 0
56549, 630, 1, 0, 0
56649, 450, 1, 0, 0
56749, 470, 1, 0, 0
56849, 640, 1, 0, 0
56950, 540, 1, 0, 0
57050, 630, 1, 0, 0
57150, 630, 1, 0, 0
57249, 636, 1, 0, 0
57349, 600, 1, 0, 0
57449, 610, 1, 0, 0
57549, 580, 1, 0, 0
57649, 610, 1, 0, 0
57749, 620, 1, 0, 0
57849, 610, 1, 0, 0
57949, 640, 1, 0, 0
58050, 570, 1, 0, 0
58150, 370, 1, 0, 0
58250, 670, 1, 0, 0
58350, 670, 1, 0, 0
58450, 600, 1, 0, 0
58550, 670, 1, 0, 0
58650, 620, 1, 0, 0
58749, 636, 1, 0, 0
58849, 610, 1, 0, 0
58949, 580, 1, 0, 0
59049, 630, 1, 0, 0
59149, 580, 1, 0, 0
59250, 600, 1, 0, 0
59350, 570, 1, 0, 0
59450, 600, 1, 0, 0
59550, 630, 1, 0, 0
59650, 630, 1, 0, 0
59749, 606, 1, 0, 0
59849, 610, 1, 0, 0
59949, 620, 1, 0, 0
60049, 670, 1, 0, 0
60149, 580, 1, 0, 0
60249, 600, 1, 0, 0
60350, 640, 1, 0, 0
60450, 560, 1, 0, 0
60550, 660, 1, 0, 0
60650, 620, 1, 0, 0
60749, 565, 1, 0, 0
60849, 650, 1, 0, 0
60949, 620, 1, 0, 0
61049, 590, 1, 0, 0
61149, 650, 1, 0, 0
61249, 610, 1, 0, 0
61349, 630, 1, 0, 0
61450, 600, 1, 0, 0
61550, 600, 1, 0, 0
61650, 640, 1, 0, 0
61749, 646, 1, 0, 0
61849, 620, 1, 0, 0
61949, 600, 1, 0, 0
62049, 610, 1, 0, 0
62149, 610, 1, 0, 0
62249, 630, 1, 0, 0
62349, 670, 1, 0, 0
62449, 630, 1, 0, 0
62550, 650, 1, 0, 0
62650, 620, 1, 0, 0
62749, 616, 1, 0, 0
62849, 610, 1, 0, 0
62949, 590, 1, 0, 0
63049, 620, 1, 0, 0
63149, 620, 1, 0, 0
63249, 650, 1, 0, 0
63349, 640, 1, 0, 0
63449, 600, 1, 0, 0
63549, 630, 1, 0, 0
63649, 540, 1, 0, 0
63750, 610, 1, 0, 0
63850, 610, 1, 0, 0
63950, 600, 1, 0, 0
64050, 710, 1, 0, 0
64150, 630, 1, 0, 0
64249, 606, 1, 0, 0
64349, 590, 1, 0, 0
64449, 600, 1, 0, 0
64549, 650, 1, 0, 0
64649, 670, 1, 0, 0
64750, 660, 1, 0, 0
64850, 610, 1, 0, 0
64950, 640, 1, 0, 0
65050, 640, 1, 0, 0
65150, 670, 1, 0, 0
65249, 646, 1, 0, 0
65349, 630, 1, 0, 0
65449, 700, 1, 0, 0
65549, 650, 1, 0, 0
65649, 610, 1, 0, 0
65749, 660, 1, 0, 0
65849, 680, 1, 0, 0
65949, 640, 1, 0, 0
66050, 580, 1, 0, 0
66150, 580, 1, 0, 0
66249, 606, 1, 0, 0
66349, 670, 1, 0, 0
66449, 660, 1, 0, 0
66549, 650, 1, 0, 0
66649, 630, 1, 0, 0
66749, 250, 1, 0, 0
66849, 660, 1, 0, 0
66949, 590, 1, 0, 0
67050, 610, 1, 0, 0
67150, 550, 1, 0, 0
67249, 606, 1, 0, 0
67349, 650, 1, 0, 0
67449, 670, 1, 0, 0
67549, 640, 1, 0, 0
67649, 650, 1, 0, 0
67749, 630, 1, 0, 0
67849, 630, 1, 0, 0
67949, 640, 1, 0, 0
68050, 560, 1, 0, 0
68150, 620, 1, 0, 0
68249, 636, 1, 0, 0
68349, 630, 1, 0, 0
68449, 670, 1, 0, 0
68549, 650, 1, 0, 0
68649, 650, 1, 0, 0
68749, 550, 1, 0, 0
68849, 580, 1, 0, 0
68949, 630, 1, 0, 0
69049, 540, 1, 0, 0
69150, 640, 1, 0, 0
69250, 620, 1, 0, 0
69350, 630, 1, 0, 0
69450, 650, 1, 0, 0
69550, 650, 1, 0, 0
69650, 590, 1, 0, 0
69749, 585, 1, 0, 0
69849, 610, 1, 0, 0
69949, 670, 1, 0, 0
70049, 630, 1, 0, 0
70149, 690, 1, 0, 0
70250, 660, 1, 0, 0
70350, 680, 1, 0, 0
70450, 650, 1, 0, 0
70550, 670, 1, 0, 0
70650, 580, 1, 0, 0
70749, 575, 1, 0, 0
70849, 640, 1, 0, 0
70949, 590, 1, 0, 0
71049, 660, 1, 0, 0
71149, 680, 1, 0, 0
71249, 640, 1, 0, 0
71349, 640, 1, 0, 0
71449, 630, 1, 0, 0
71550, 680, 1, 0, 0
71650, 610, 1, 0, 0
71749, 616, 1, 0, 0
71849, 570, 1, 0, 0
71949, 630, 1, 0, 0
72049, 660, 1, 0, 0
72149, 690, 1, 0, 0
72249, 650, 1, 0, 0
72349, 670, 1, 0, 0
72449, 630, 1, 0, 0
72549, 640, 1, 0, 0
72650, 660, 1, 0, 0
72750, 660, 1, 0, 0
72850, 630, 1, 0, 0
72950, 580, 1, 0, 0
73050, 310, 1, 0, 0
73150, 630, 1, 0, 0
73249, 646, 1, 0, 0
73349, 640, 1, 0, 0
73449, 610, 1, 0, 0
73549, 650, 1, 0, 0
73649, 630, 1, 0, 0
73750, 610, 1, 0, 0
73850, 600, 1, 0, 0
73950, 640, 1, 0, 0
74050, 620, 1, 0, 0
74150, 570, 1, 0, 0
74249, 717, 1, 0, 0
74349, 690, 1, 0, 0
74449, 630, 1, 0, 0
74549, 640, 1, 0, 0
74649, 660, 1, 0, 0
74749, 640, 1, 0, 0
74849, 620, 1, 0, 0
74949, 650, 1, 0, 0
75050, 660, 1, 0, 0
75150, 630, 1, 0, 0
75249, 565, 1, 0, 0
75349, 610, 1, 0, 0
75449, 620, 1, 0, 0
75549, 620, 1, 0, 0
75649, 640, 1, 0, 0
75749, 630, 1, 0, 0
75849, 570, 1, 0, 0
75949, 640, 1, 0, 0
76049, 640, 1, 0, 0
76149, 650, 1, 0, 0
76250, 610, 1, 0, 0
76350, 650, 1, 0, 0
76450, 570, 1, 0, 0
76550, 650, 1, 0, 0
76650, 570, 1, 0, 0
76749, 585, 1, 0, 0
76849, 600, 1, 0, 0
76949, 590, 1, 0, 0
77049, 660, 1, 0, 0
77149, 670, 1, 0, 0
77249, 650, 1, 0, 0
77350, 630, 1, 0, 0
77450, 600, 1, 0, 0
77550, 630, 1, 0, 0
77650, 590, 1, 0, 0
77749, 595, 1, 0, 0
77849, 560, 1, 0, 0
77949, 680, 1, 0, 0
78049, 590, 1, 0, 0
78149, 620, 1, 0, 0
78249, 620, 1, 0, 0
78350, 600, 1, 0, 0
78450, 620, 1, 0, 0
78550, 600, 1, 0, 0
78650, 660, 1, 0, 0
78749, 626, 1, 0, 0
78849, 540, 1, 0, 0
78949, 610, 1, 0, 0
79049, 550, 1, 0, 0
79149, 600, 1, 0, 0
79249, 620, 1, 0, 0
79349, 650, 1, 0, 0
79449, 610, 1, 0, 0
79550, 600, 1, 0, 0
79650, 650, 1, 0, 0
79749, 595, 1, 0, 0
79849, 640, 1, 0, 0
79949, 630, 1, 0, 0
80049, 650, 1, 0, 0
80149, 630, 1, 0, 0
80249, 680, 1, 0, 0
80349, 640, 1, 0, 0
80449, 600, 1, 0, 0
80549, 650, 1, 0, 0
80650, 630, 1, 0, 0
80750, 600, 1, 0, 0
80850, 590, 1, 0, 0
80950, 610, 1, 0, 0
81050, 540, 1, 0, 0
81150, 580, 1, 0, 0
81249, 616, 1, 0, 0
81349, 610, 1, 0, 0
81449, 670, 1, 0, 0
81549, 630, 1, 0, 0
81649, 610, 1, 0, 0
81749, 590, 1, 0, 0
81850, 630, 1, 0, 0
81950, 630, 1, 0, 0
82050, 600, 1, 0, 0
82150, 590, 1, 0, 0
82249, 606, 1, 0, 0
82349, 660, 1, 0, 0
82449, 630, 1, 0, 0
82549, 650, 1, 0, 0
82649, 620, 1, 0, 0
82749, 590, 1, 0, 0
82849, 630, 1, 0, 0
82949, 650, 1, 0, 0
83049, 600, 1, 0, 0
83150, 620, 1, 0, 0
83250, 650, 1, 0, 0
83350, 630, 1, 0, 0
83450, 630, 1, 0, 0
83550, 600, 1, 0, 0
83650, 620, 1, 0, 0
83749, 696, 1, 0, 0
83849, 620, 1, 0, 0
83949, 640, 1, 0, 0
84049, 600, 1, 0, 0
84149, 630, 1, 0, 0
84249, 660, 1, 0, 0
84350, 640, 1, 0, 0
84450, 610, 1, 0, 0
84550, 650, 1, 0, 0
84650, 630, 1, 0, 0
84749, 656, 1, 0, 0
84849, 680, 1, 0, 0
84949, 650, 1, 0, 0
85049, 630, 1, 0, 0
85149, 670, 1, 0, 0
85249, 650, 1, 0, 0
85349, 700, 1, 0, 0
85449, 620, 1, 0, 0
85550, 670, 1, 0, 0
85650, 650, 1, 0, 0
85749, 666, 1, 0, 0
85849, 630, 1, 0, 0
85949, 620, 1, 0, 0
86049, 700, 1, 0, 0
86149, 700, 1, 0, 0
86249, 580, 1, 0, 0
86349, 650, 1, 0, 0
86449, 670, 1, 0, 0
86550, 660, 1, 0, 0
86650, 670, 1, 0, 0
86749, 616, 1, 0, 0
86849, 530, 1, 0, 0
86949, 600, 1, 0, 0
87049, 490, 1, 0, 0
87149, 600, 1, 0, 0
87249, 600, 1, 0, 0
87349, 650, 1, 0, 0
87449, 610, 1, 0, 0
87549, 670, 1, 0, 0
87650, 620, 1, 0, 0
87750, 670, 1, 0, 0
87850, 630, 1, 0, 0
87950, 600, 1, 0, 0
88050, 650, 1, 0, 0
88150, 660, 1, 0, 0
88249, 616, 1, 0, 0
88349, 620, 1, 0, 0
88449, 610, 1, 0, 0
88549, 610, 1, 0, 0
88649, 600, 1, 0, 0
88750, 620, 1, 0, 0
88850, 590, 1, 0, 0
88950, 620, 1, 0, 0
89050, 700, 1, 0, 0
89150, 580, 1, 0, 0
89249, 646, 1, 0, 0
89349, 650, 1, 0, 0
89449, 610, 1, 0, 0
89549, 590, 1, 0, 0
89649, 630, 1, 0, 0
89749, 620, 1, 0, 0
89849, 600, 1, 0, 0
89950, 610, 1, 0, 0
