100, 6710, 0, 0, 0
200, 5249, 0, 0, 0
300, 7553, 0, 0, 0
400, 7560, 0, 0, 0
500, 8051, 0, 0, 0
600, 9965, 0, 0, 0
700, 6045, 0, 0, 0
800, 6287, 0, 0, 0
901, 7142, 0, 0, 0
1000, 6395, 0, 0, 0
1100, 6133, 0, 0, 0
1200, 7062, 0, 0, 0
1300, 7738, 0, 0, 0
1400, 6908, 0, 0, 0
1500, 5647, 0, 0, 0
1600, 6905, 0, 0, 0
1700, 7489, 0, 0, 0
1800, 8595, 0, 0, 0
1900, 7377, 0, 0, 0
2000, 7485, 0, 0, 0
2100, 9672, 0, 0, 0
2201, 6930, 0, 0, 0
2300, 7735, 0, 0, 0
2400, 8338, 0, 0, 0
2500, 6599, 0, 0, 0
2600, 8489, 0, 0, 0
2700, 9410, 0, 0, 0
2800, 7528, 0, 0, 0
2900, 8807, 0, 0, 0
3000, 9313, 0, 0, 0
3100, 10212, 0, 0, 0
3200, 7621, 0, 0, 0
3300, 6928, 0, 0, 0
3400, 7046, 0, 0, 0
3500, 6570, 0, 0, 0
3600, 6251, 0, 0, 0
3700, 6518, 0, 0, 0
3800, 7519, 0, 0, 0
3900, 7097, 0, 0, 0
4000, 6459, 0, 0, 0
4100, 4667, 0, 0, 0
4200, 7186, 0, 0, 0
4300, 9351, 0, 0, 0
4400, 7022, 0, 0, 0
4500, 7737, 0, 0, 0
4600, 8079, 0, 0, 0
4705, 8918, 0, 0, 0
4800, 7108, 0, 0, 0
4900, 5807, 0, 0, 0
5000, 6242, 0, 0, 0
5100, 9250, 0, 0, 0
5200, 8314, 0, 0, 0
5300, 8233, 0, 0, 0
5400, 6873, 0, 0, 0
5500, 7768, 0, 0, 0
5600, 7298, 0, 0, 0
5700, 6212, 0, 0, 0
5800, 6923, 0, 0, 0
5900, 7754, 0, 0, 0
6000, 8934, 0, 0, 0
6100, 7097, 0, 0, 0
6200, 6371, 0, 0, 0
6300, 7755, 0, 0, 0
6400, 9813, 0, 0, 0
6500, 8119, 0, 0, 0
6600, 7874, 0, 0, 0
6700, 8110, 0, 0, 0
6800, 7633, 0, 0, 0
6900, 8769, 0, 0, 0
7000, 9465, 0, 0, 0
7100, 9064, 0, 0, 0
7200, 8906, 0, 0, 0
7300, 8213, 0, 0, 0
7400, 6233, 0, 0, 0
7500, 5451, 0, 0, 0
7600, 5931, 0, 0, 0
7700, 4874, 0, 0, 0
7800, 5787, 0, 0, 0
7900, 8719, 0, 0, 0
8000, 8606, 0, 0, 0
8100, 6529, 0, 0, 0
8200, 7230, 0, 0, 0
8300, 7227, 0, 0, 0
8400, 8435, 0, 0, 0
8500, 8460, 0, 0, 0
8600, 8947, 0, 0, 0
8700, 5894, 0, 0, 0
8800, 5983, 0, 0, 0
8900, 8892, 0, 0, 0
9000, 9366, 0, 0, 0
9100, 9776, 0, 0, 0
9200, 8445, 0, 0, 0
9300, 8823, 0, 0, 0
9400, 8079, 0, 0, 0
9500, 5906, 0, 0, 0
9600, 5698, 0, 0, 0
9700, 5812, 0, 0, 0
9800, 7538, 0, 0, 0
9900, 7083, 0, 0, 0
10000, 7566, 0, 0, 0
10100, 5153, 0, 0, 0
10200, 6021, 0, 0, 0
10300, 6015, 0, 0, 0
10400, 6866, 0, 0, 0
10500, 7489, 0, 0, 0
10600, 8169, 0, 0, 0
10700, 6924, 0, 0, 0
10801, 7837, 0, 0, 0
10900, 7032, 0, 0, 0
11001, 8050, 0, 0, 0
11100, 6908, 0, 0, 0
11200, 5441, 0, 0, 0
11300, 6674, 0, 0, 0
11400, 7263, 0, 0, 0
11500, 8951, 0, 0, 0
11600, 8185, 0, 0, 0
11700, 6855, 0, 0, 0
11800, 7927, 0, 0, 0
11900, 8699, 0, 0, 0
12000, 8618, 0, 0, 0
12100, 7427, 0, 0, 0
12200, 7460, 0, 0, 0
12300, 8799, 0, 0, 0
12400, 7598, 0, 0, 0
12500, 7518, 0, 0, 0
12600, 6404, 0, 0, 0
12700, 6990, 0, 0, 0
12800, 6530, 0, 0, 0
12900, 7305, 0, 0, 0
13000, 8387, 0, 0, 0
13100, 7599, 0, 0, 0
13200, 7093, 0, 0, 0
13300, 5944, 0, 0, 0
13400, 5769, 0, 0, 0
13500, 7881, 0, 0, 0
13600, 9029, 0, 0, 0
13700, 8058, 0, 0, 0
13800, 8765, 0, 0, 0
13900, 7511, 0, 0, 0
14000, 6967, 0, 0, 0
14100, 10059, 0, 0, 0
14200, 8154, 0, 0, 0
14300, 8597, 0, 0, 0
14400, 9084, 0, 0, 0
14500, 7252, 0, 0, 0
14600, 10830, 0, 0, 0
14700, 7345, 0, 0, 0
14800, 9542, 0, 0, 0
14900, 7768, 0, 0, 0
15000, 6136, 0, 0, 0
15100, 6730, 0, 0, 0
15200, 5984, 0, 0, 0
15300, 6397, 0, 0, 0
15400, 7754, 0, 0, 0
15500, 6906, 0, 0, 0
15600, 6453, 0, 0, 0
15700, 5019, 0, 0, 0
15800, 6837, 0, 0, 0
15900, 7334, 0, 0, 0
16000, 9034, 0, 0, 0
16100, 6449, 0, 0, 0
16200, 7483, 0, 0, 0
16300, 8285, 0, 0, 0
16400, 6758, 0, 0, 0
16500, 6940, 0, 0, 0
16600, 7325, 0, 0, 0
16700, 7243, 0, 0, 0
16800, 7179, 0, 0, 0
16900, 8188, 0, 0, 0
17000, 6984, 0, 0, 0
17100, 7729, 0, 0, 0
17200, 6707, 0, 0, 0
17300, 8718, 0, 0, 0
17400, 8695, 0, 0, 0
17500, 7904, 0, 0, 0
17600, 6531, 0, 0, 0
17700, 6799, 0, 0, 0
17800, 8161, 0, 0, 0
17900, 7868, 0, 0, 0
18000, 7288, 0, 0, 0
18100, 7881, 0, 0, 0
18200, 7029, 0, 0, 0
18300, 7852, 0, 0, 0
18400, 8239, 0, 0, 0
18500, 9075, 0, 0, 0
18600, 6731, 0, 0, 0
18700, 7990, 0, 0, 0
18800, 8178, 0, 0, 0
18900, 8587, 0, 0, 0
19000, 7769, 0, 0, 0
19100, 6698, 0, 0, 0
19200, 8327, 0, 0, 0
19300, 6376, 0, 0, 0
19400, 5186, 0, 0, 0
19500, 6992, 0, 0, 0
19600, 9049, 0, 0, 0
19700, 7950, 0, 0, 0
19800, 7026, 0, 0, 0
19900, 7415, 0, 0, 0
20000, 8086, 0, 0, 0
20100, 7461, 0, 0, 0
20200, 8232, 0, 0, 0
20300, 6965, 0, 0, 0
20400, 7201, 0, 0, 0
20500, 6222, 0, 0, 0
20600, 7107, 0, 0, 0
20700, 8915, 0, 0, 0
20800, 8651, 0, 0, 0
20900, 7837, 0, 0, 0
21000, 5677, 0, 0, 0
21100, 7737, 0, 0, 0
21200, 8407, 0, 0, 0
21300, 7964, 0, 0, 0
21401, 5749, 0, 0, 0
21500, 5861, 0, 0, 0
21600, 6101, 0, 0, 0
21700, 6554, 0, 0, 0
21800, 6273, 0, 0, 0
21900, 6495, 0, 0, 0
22000, 6648, 0, 0, 0
22100, 6819, 0, 0, 0
22200, 6630, 0, 0, 0
22300, 6211, 0, 0, 0
22400, 6288, 0, 0, 0
22500, 6287, 0, 0, 0
22600, 6355, 0, 0, 0
22700, 7208, 0, 0, 0
22800, 6241, 0, 0, 0
22900, 5957, 0, 0, 0
23000, 6379, 0, 0, 0
23100, 6590, 0, 0, 0
23200, 5891, 0, 0, 0
23300, 6525, 0, 0, 0
23400, 6433, 0, 0, 0
23500, 5767, 0, 0, 0
23600, 8272, 0, 0, 0
23700, 8825, 0, 0, 0
23800, 8381, 0, 0, 0
23900, 5784, 0, 0, 0
24000, 6190, 0, 0, 0
24100, 6459, 0, 0, 0
24200, 6595, 0, 0, 0
24300, 8455, 0, 0, 0
24400, 7790, 0, 0, 0
24500, 8887, 0, 0, 0
24600, 9110, 0, 0, 0
24700, 7155, 0, 0, 0
24800, 6607, 0, 0, 0
24900, 7817, 0, 0, 0
25000, 7295, 0, 0, 0
25100, 6909, 0, 0, 0
25200, 6043, 0, 0, 0
25300, 5313, 0, 0, 0
25400, 8485, 0, 0, 0
25500, 8806, 0, 0, 0
25600, 6707, 0, 0, 0
25700, 6682, 0, 0, 0
25800, 7416, 0, 0, 0
25900, 8743, 0, 0, 0
26000, 9274, 0, 0, 0
26100, 5793, 0, 0, 0
26200, 6689, 0, 0, 0
26300, 7574, 0, 0, 0
26400, 5943, 0, 0, 0
26500, 7748, 0, 0, 0
26600, 6521, 0, 0, 0
26700, 5894, 0, 0, 0
26800, 8470, 0, 0, 0
26900, 8278, 0, 0, 0
27000, 7783, 0, 0, 0
27100, 9441, 0, 0, 0
27200, 9379, 0, 0, 0
27300, 8867, 0, 0, 0
27400, 7930, 0, 0, 0
27500, 6895, 0, 0, 0
27600, 7452, 0, 0, 0
27700, 5234, 0, 0, 0
27800, 9610, 0, 0, 0
27900, 8272, 0, 0, 0
28000, 8330, 0, 0, 0
28100, 8659, 0, 0, 0
28200, 7983, 0, 0, 0
28300, 8111, 0, 0, 0
28400, 6347, 0, 0, 0
28500, 7550, 0, 0, 0
28600, 7983, 0, 0, 0
28700, 6342, 0, 0, 0
28800, 8030, 0, 0, 0
28900, 6664, 0, 0, 0
29001, 6835, 0, 0, 0
29100, 6521, 0, 0, 0
29200, 5830, 0, 0, 0
29300, 7297, 0, 0, 0
29401, 6264, 0, 0, 0
29500, 8635, 0, 0, 0
29600, 8244, 0, 0, 0
29700, 7563, 0, 0, 0
29800, 7454, 0, 0, 0
29900, 9349, 0, 0, 0
30000, 7744, 0, 0, 0
30101, 8409, 0, 0, 0
30200, 6114, 0, 0, 0
30300, 4507, 0, 0, 0
30401, 5106, 0, 0, 0
30500, 6583, 0, 0, 0
30600, 7629, 0, 0, 0
30700, 7065, 0, 0, 0
30800, 5335, 0, 0, 0
30900, 5115, 0, 0, 0
31000, 6475, 0, 0, 0
31100, 12037, 0, 0, 0
31200, 8056, 0, 0, 0
31300, 8729, 0, 0, 0
31400, 9524, 0, 0, 0
31500, 8912, 0, 0, 0
31600, 7148, 0, 0, 0
31700, 7267, 0, 0, 0
31800, 7655, 0, 0, 0
31900, 7061, 0, 0, 0
32000, 8187, 0, 0, 0
32100, 9275, 0, 0, 0
32200, 8339, 0, 0, 0
32300, 6758, 0, 0, 0
32400, 6577, 0, 0, 0
32500, 6821, 0, 0, 0
32600, 6288, 0, 0, 0
32700, 7348, 0, 0, 0
32800, 6258, 0, 0, 0
32900, 5834, 0, 0, 0
33000, 5751, 0, 0, 0
33100, 5915, 0, 0, 0
33200, 6243, 0, 0, 0
33300, 6997, 0, 0, 0
33400, 5718, 0, 0, 0
33500, 7173, 0, 0, 0
33600, 6308, 0, 0, 0
33700, 8994, 0, 0, 0
33800, 8342, 0, 0, 0
33900, 10781, 0, 0, 0
34001, 7857, 0, 0, 0
34100, 6872, 0, 0, 0
34200, 6826, 0, 0, 0
34300, 7761, 0, 0, 0
34400, 9042, 0, 0, 0
34500, 6379, 0, 0, 0
34600, 6576, 0, 0, 0
34700, 5371, 0, 0, 0
34800, 6521, 0, 0, 0
34900, 6363, 0, 0, 0
35000, 5977, 0, 0, 0
35100, 6405, 0, 0, 0
35200, 6302, 0, 0, 0
35300, 6846, 0, 0, 0
35400, 5831, 0, 0, 0
35500, 6684, 0, 0, 0
35600, 5790, 0, 0, 0
35700, 5936, 0, 0, 0
35800, 6578, 0, 0, 0
35900, 6067, 0, 0, 0
36000, 6130, 0, 0, 0
36102, 6979, 0, 0, 0
36200, 6550, 0, 0, 0
36300, 6394, 0, 0, 0
36400, 6757, 0, 0, 0
36500, 7663, 0, 0, 0
36600, 6590, 0, 0, 0
36700, 7014, 0, 0, 0
36800, 8013, 0, 0, 0
36900, 8414, 0, 0, 0
37000, 8375, 0, 0, 0
37100, 7257, 0, 0, 0
37200, 6604, 0, 0, 0
37300, 7785, 0, 0, 0
37400, 6431, 0, 0, 0
37500, 6029, 0, 0, 0
37600, 5688, 0, 0, 0
37700, 6469, 0, 0, 0
37800, 8894, 0, 0, 0
37900, 8975, 0, 0, 0
38000, 8430, 0, 0, 0
38100, 7884, 0, 0, 0
38200, 8872, 0, 0, 0
38300, 11234, 0, 0, 0
38400, 9210, 0, 0, 0
38500, 8005, 0, 0, 0
38600, 7498, 0, 0, 0
38700, 7430, 0, 0, 0
38800, 5198, 0, 0, 0
38901, 5648, 0, 0, 0
39000, 5366, 0, 0, 0
39100, 6754, 0, 0, 0
39200, 6517, 0, 0, 0
39300, 8205, 0, 0, 0
39400, 7764, 0, 0, 0
39500, 8798, 0, 0, 0
39600, 7559, 0, 0, 0
39700, 8219, 0, 0, 0
39800, 7998, 0, 0, 0
39900, 6827, 0, 0, 0
40000, 7792, 0, 0, 0
40100, 8488, 0, 0, 0
40200, 8345, 0, 0, 0
40300, 7349, 0, 0, 0
40400, 6576, 0, 0, 0
40501, 7198, 0, 0, 0
40600, 7216, 0, 0, 0
40700, 5985, 0, 0, 0
40800, 8189, 0, 0, 0
40900, 6023, 0, 0, 0
41000, 5243, 0, 0, 0
41100, 5603, 0, 0, 0
41200, 7874, 0, 0, 0
41300, 8521, 0, 0, 0
41400, 9366, 0, 0, 0
41500, 6770, 0, 0, 0
41600, 6903, 0, 0, 0
41700, 8826, 0, 0, 0
41803, 7058, 0, 0, 0
41900, 6925, 0, 0, 0
42000, 8661, 0, 0, 0
42100, 7749, 0, 0, 0
42200, 7844, 0, 0, 0
42300, 8265, 0, 0, 0
42400, 6013, 0, 0, 0
42500, 5915, 0, 0, 0
42600, 7885, 0, 0, 0
42700, 8126, 0, 0, 0
42800, 8559, 0, 0, 0
42900, 7008, 0, 0, 0
43000, 7911, 0, 0, 0
43100, 7418, 0, 0, 0
43200, 7076, 0, 0, 0
43300, 6683, 0, 0, 0
43400, 7251, 0, 0, 0
43500, 6377, 0, 0, 0
43600, 5590, 0, 0, 0
43700, 8751, 0, 0, 0
43800, 6666, 0, 0, 0
43900, 6441, 0, 0, 0
44000, 7704, 0, 0, 0
44100, 6140, 0, 0, 0
44200, 6061, 0, 0, 0
44300, 6508, 0, 0, 0
44400, 8057, 0, 0, 0
44500, 7598, 0, 0, 0
44600, 6679, 0, 0, 0
44700, 7386, 0, 0, 0
44800, 6412, 0, 0, 0
44900, 8693, 0, 0, 0
45000, 8255, 0, 0, 0
45100, 8953, 0, 0, 0
45200, 8021, 0, 0, 0
45300, 7544, 0, 0, 0
45400, 7242, 0, 0, 0
45500, 5986, 0, 0, 0
45600, 6851, 0, 0, 0
45700, 7588, 0, 0, 0
45800, 7151, 0, 0, 0
45900, 6939, 0, 0, 0
46000, 8110, 0, 0, 0
46100, 8411, 0, 0, 0
46201, 6330, 0, 0, 0
46300, 8388, 0, 0, 0
46400, 6032, 0, 0, 0
46500, 7681, 0, 0, 0
46600, 8094, 0, 0, 0
46700, 9203, 0, 0, 0
46800, 8277, 0, 0, 0
46900, 7569, 0, 0, 0
47000, 7883, 0, 0, 0
47100, 6338, 0, 0, 0
47200, 6931, 0, 0, 0
47300, 8483, 0, 0, 0
47400, 5773, 0, 0, 0
47500, 9833, 0, 0, 0
47600, 8781, 0, 0, 0
47700, 9633, 0, 0, 0
47800, 9361, 0, 0, 0
47900, 8131, 0, 0, 0
48000, 7229, 0, 0, 0
48100, 5904, 0, 0, 0
48200, 7891, 0, 0, 0
48300, 6135, 0, 0, 0
48400, 5951, 0, 0, 0
48500, 5818, 0, 0, 0
48600, 6077, 0, 0, 0
48700, 7555, 0, 0, 0
48800, 8442, 0, 0, 0
48900, 6768, 0, 0, 0
49000, 6589, 0, 0, 0
49100, 8027, 0, 0, 0
49200, 9954, 0, 0, 0
49300, 7492, 0, 0, 0
49400, 9541, 0, 0, 0
49500, 8526, 0, 0, 0
49600, 8211, 0, 0, 0
49700, 6033, 0, 0, 0
49800, 7087, 0, 0, 0
49900, 6816, 0, 0, 0
50000, 7084, 0, 0, 0
50100, 8462, 0, 0, 0
50200, 8054, 0, 0, 0
50300, 6619, 0, 0, 0
50400, 5831, 0, 0, 0
50500, 5639, 0, 0, 0
50600, 7001, 0, 0, 0
50700, 8439, 0, 0, 0
50800, 6423, 0, 0, 0
50900, 6404, 0, 0, 0
51000, 6515, 0, 0, 0
51100, 7358, 0, 0, 0
51200, 7710, 0, 0, 0
51300, 6926, 0, 0, 0
51400, 7673, 0, 0, 0
51500, 7357, 0, 0, 0
51600, 7039, 0, 0, 0
51700, 6944, 0, 0, 0
51800, 6764, 0, 0, 0
51900, 6400, 0, 0, 0
52000, 8028, 0, 0, 0
52100, 8104, 0, 0, 0
52200, 8218, 0, 0, 0
52300, 8604, 0, 0, 0
52400, 7731, 0, 0, 0
52500, 7393, 0, 0, 0
52600, 7446, 0, 0, 0
52700, 7297, 0, 0, 0
52800, 6605, 0, 0, 0
52901, 5743, 0, 0, 0
53000, 6526, 0, 0, 0
53100, 5418, 0, 0, 0
53200, 7266, 0, 0, 0
53300, 9613, 0, 0, 0
53400, 9270, 0, 0, 0
53500, 8309, 0, 0, 0
53600, 7868, 0, 0, 0
53700, 7562, 0, 0, 0
53800, 8262, 0, 0, 0
53900, 7938, 0, 0, 0
54000, 8065, 0, 0, 0
54100, 7645, 0, 0, 0
54200, 6917, 0, 0, 0
54300, 7615, 0, 0, 0
54400, 7771, 0, 0, 0
54500, 6494, 0, 0, 0
54600, 6317, 0, 0, 0
54700, 7212, 0, 0, 0
54800, 9639, 0, 0, 0
54900, 8525, 0, 0, 0
55000, 8568, 0, 0, 0
55100, 6797, 0, 0, 0
55200, 5627, 0, 0, 0
55300, 6387, 0, 0, 0
55400, 6654, 0, 0, 0
55500, 5710, 0, 0, 0
55600, 6995, 0, 0, 0
55700, 6459, 0, 0, 0
55800, 7248, 0, 0, 0
55900, 9704, 0, 0, 0
56000, 7899, 0, 0, 0
56100, 7882, 0, 0, 0
56200, 8284, 0, 0, 0
56300, 7571, 0, 0, 0
56400, 8495, 0, 0, 0
56500, 7374, 0, 0, 0
56600, 7894, 0, 0, 0
56700, 6702, 0, 0, 0
56800, 6666, 0, 0, 0
56900, 7508, 0, 0, 0
57000, 8724, 0, 0, 0
57100, 6573, 0, 0, 0
57201, 6681, 0, 0, 0
57300, 7874, 0, 0, 0
57400, 8115, 0, 0, 0
57500, 7772, 0, 0, 0
57600, 7912, 0, 0, 0
57700, 7527, 0, 0, 0
57800, 8153, 0, 0, 0
57900, 10122, 0, 0, 0
58000, 7302, 0, 0, 0
58100, 7450, 0, 0, 0
58200, 8458, 0, 0, 0
58300, 4371, 0, 0, 0
58400, 5816, 0, 0, 0
58500, 7179, 0, 0, 0
58600, 6294, 0, 0, 0
58700, 6942, 0, 0, 0
58800, 6620, 0, 0, 0
58900, 5834, 0, 0, 0
59000, 6391, 0, 0, 0
59100, 5628, 0, 0, 0
59200, 6736, 0, 0, 0
59300, 6175, 0, 0, 0
59400, 6913, 0, 0, 0
59500, 5732, 0, 0, 0
59600, 6227, 0, 0, 0
59700, 5568, 0, 0, 0
59800, 5429, 0, 0, 0
59900, 6415, 0, 0, 0
60000, 8211, 0, 0, 0
