101, 2401746, 0, 0, 0
201, 2317022, 0, 0, 0
302, 2394179, 0, 0, 0
400, 2262954, 0, 0, 0
500, 2270882, 0, 0, 0
601, 2525968, 0, 0, 0
700, 2583128, 0, 0, 0
802, 2426648, 0, 0, 0
900, 2503509, 0, 0, 0
1000, 2363413, 0, 0, 0
1100, 2553338, 0, 0, 0
1201, 2656614, 0, 0, 0
1300, 2535820, 0, 0, 0
1401, 2454888, 0, 0, 0
1500, 2647000, 0, 0, 0
1601, 2668948, 0, 0, 0
1701, 2755914, 0, 0, 0
1802, 2398772, 0, 0, 0
1900, 2446755, 0, 0, 0
2001, 2516273, 0, 0, 0
2101, 2494694, 0, 0, 0
2200, 2644102, 0, 0, 0
2301, 2585052, 0, 0, 0
2400, 2667175, 0, 0, 0
2501, 2874574, 0, 0, 0
2601, 2637778, 0, 0, 0
2702, 2505485, 0, 0, 0
2801, 2914533, 0, 0, 0
2902, 2627336, 0, 0, 0
3001, 2671983, 0, 0, 0
3100, 2612576, 0, 0, 0
3201, 2502219, 0, 0, 0
3300, 2603492, 0, 0, 0
3400, 2534252, 0, 0, 0
3501, 2354895, 0, 0, 0
3601, 2425825, 0, 0, 0
3701, 2431682, 0, 0, 0
3801, 2760593, 0, 0, 0
3901, 2491441, 0, 0, 0
4002, 2439789, 0, 0, 0
4101, 2353118, 0, 0, 0
4201, 2613833, 0, 0, 0
4300, 2533891, 0, 0, 0
4400, 2366162, 0, 0, 0
4501, 2203012, 0, 0, 0
4600, 2393848, 0, 0, 0
4700, 2330285, 0, 0, 0
4802, 2238252, 0, 0, 0
4901, 2147322, 0, 0, 0
5000, 2464543, 0, 0, 0
5101, 2390085, 0, 0, 0
5201, 2379619, 0, 0, 0
5300, 2343946, 0, 0, 0
5403, 2499360, 0, 0, 0
5500, 2499740, 0, 0, 0
5601, 2282126, 0, 0, 0
5700, 2289733, 0, 0, 0
5800, 2417907, 0, 0, 0
5901, 2196733, 0, 0, 0
6000, 2339282, 0, 0, 0
6102, 2483713, 0, 0, 0
6201, 2347444, 0, 0, 0
6301, 2224381, 0, 0, 0
6400, 2338778, 0, 0, 0
6500, 2279256, 0, 0, 0
6600, 2414015, 0, 0, 0
6700, 2375073, 0, 0, 0
6801, 2576234, 0, 0, 0
6901, 2324410, 0, 0, 0
7001, 2257630, 0, 0, 0
7102, 2388507, 0, 0, 0
7201, 2363816, 0, 0, 0
7301, 2427144, 0, 0, 0
7400, 2300553, 0, 0, 0
7501, 2396190, 0, 0, 0
7600, 2528645, 0, 0, 0
7701, 2379414, 0, 0, 0
7800, 2404725, 0, 0, 0
7901, 2398421, 0, 0, 0
8001, 2568188, 0, 0, 0
8100, 2578600, 0, 0, 0
8201, 2280479, 0, 0, 0
8301, 2500999, 0, 0, 0
8401, 2547874, 0, 0, 0
8500, 2473703, 0, 0, 0
8600, 2382259, 0, 0, 0
8700, 2361979, 0, 0, 0
8800, 2479539, 0, 0, 0
8900, 2274635, 0, 0, 0
9000, 2379565, 0, 0, 0
9101, 2270963, 0, 0, 0
9202, 2393403, 0, 0, 0
9301, 2413854, 0, 0, 0
9400, 2135878, 0, 0, 0
9502, 2541717, 0, 0, 0
9601, 2414747, 0, 0, 0
9700, 2345382, 0, 0, 0
9800, 2322443, 0, 0, 0
9901, 2449755, 0, 0, 0
10000, 2458892, 0, 0, 0
10100, 2373651, 0, 0, 0
10200, 2426933, 0, 0, 0
10300, 2434417, 0, 0, 0
10401, 2224760, 0, 0, 0
10501, 2224831, 0, 0, 0
10601, 2417944, 0, 0, 0
10701, 2321684, 0, 0, 0
10800, 2340356, 0, 0, 0
10901, 2188368, 0, 0, 0
11001, 2127401, 0, 0, 0
11101, 2492136, 0, 0, 0
11200, 2340335, 0, 0, 0
11301, 2394648, 0, 0, 0
11401, 2372600, 0, 0, 0
11501, 2270303, 0, 0, 0
11600, 2671888, 0, 0, 0
11701, 2445641, 0, 0, 0
11800, 2149531, 0, 0, 0
11900, 2310206, 0, 0, 0
12001, 2226437, 0, 0, 0
12102, 2281456, 0, 0, 0
12200, 2328988, 0, 0, 0
12301, 2587850, 0, 0, 0
12402, 2276025, 0, 0, 0
12500, 2347350, 0, 0, 0
12600, 2313598, 0, 0, 0
12701, 2276866, 0, 0, 0
12803, 2530792, 0, 0, 0
12901, 2716062, 0, 0, 0
13003, 2602894, 0, 0, 0
13100, 2626023, 0, 0, 0
13201, 2399128, 0, 0, 0
13301, 2371041, 0, 0, 0
13402, 2220844, 0, 0, 0
13500, 2329664, 0, 0, 0
13600, 2214294, 0, 0, 0
13700, 2432898, 0, 0, 0
13801, 2520353, 0, 0, 0
13901, 2533028, 0, 0, 0
14000, 2683602, 0, 0, 0
14100, 2422409, 0, 0, 0
14201, 2506574, 0, 0, 0
14300, 2361936, 0, 0, 0
14400, 2417342, 0, 0, 0
14500, 2219322, 0, 0, 0
14601, 2228057, 0, 0, 0
14700, 2458439, 0, 0, 0
14801, 2350132, 0, 0, 0
14900, 2451529, 0, 0, 0
15000, 2219037, 0, 0, 0
15100, 2376978, 0, 0, 0
15201, 2231490, 0, 0, 0
15302, 2388921, 0, 0, 0
15400, 2520706, 0, 0, 0
15501, 2503402, 0, 0, 0
15602, 2389733, 0, 0, 0
15700, 2384825, 0, 0, 0
15801, 2341637, 0, 0, 0
15901, 2317620, 0, 0, 0
16002, 2333890, 0, 0, 0
16102, 2485265, 0, 0, 0
16202, 2214015, 0, 0, 0
16301, 2297305, 0, 0, 0
16401, 2217817, 0, 0, 0
16500, 2353199, 0, 0, 0
16601, 2378122, 0, 0, 0
16702, 2395145, 0, 0, 0
16800, 2270800, 0, 0, 0
16901, 2348235, 0, 0, 0
17001, 2306358, 0, 0, 0
17101, 2432099, 0, 0, 0
17200, 2296363, 0, 0, 0
17300, 2482343, 0, 0, 0
17400, 2260236, 0, 0, 0
17500, 2335187, 0, 0, 0
17602, 2346005, 0, 0, 0
17700, 2458758, 0, 0, 0
17800, 2421535, 0, 0, 0
17901, 2519359, 0, 0, 0
18001, 2424730, 0, 0, 0
18101, 2315193, 0, 0, 0
18201, 2554800, 0, 0, 0
18300, 2363569, 0, 0, 0
18400, 2311351, 0, 0, 0
18501, 2339182, 0, 0, 0
18600, 2466167, 0, 0, 0
18702, 2466291, 0, 0, 0
18801, 2364583, 0, 0, 0
18900, 2469624, 0, 0, 0
19000, 2409812, 0, 0, 0
19101, 2733566, 0, 0, 0
19200, 2468769, 0, 0, 0
19300, 2489471, 0, 0, 0
19402, 2239716, 0, 0, 0
19500, 2588180, 0, 0, 0
19600, 2493168, 0, 0, 0
19700, 2299627, 0, 0, 0
19801, 2390222, 0, 0, 0
19900, 2488793, 0, 0, 0
20001, 2264435, 0, 0, 0
20100, 2360161, 0, 0, 0
20200, 2429113, 0, 0, 0
20301, 2507888, 0, 0, 0
20400, 2407967, 0, 0, 0
20500, 2501368, 0, 0, 0
20601, 2447825, 0, 0, 0
20701, 2421612, 0, 0, 0
20801, 2570974, 0, 0, 0
20901, 2426166, 0, 0, 0
21002, 2456577, 0, 0, 0
21100, 2497843, 0, 0, 0
21200, 2541358, 0, 0, 0
21302, 2476408, 0, 0, 0
21400, 2659701, 0, 0, 0
21501, 2436393, 0, 0, 0
21602, 2471082, 0, 0, 0
21701, 2577561, 0, 0, 0
21803, 2684185, 0, 0, 0
21902, 2589949, 0, 0, 0
22000, 2511999, 0, 0, 0
22101, 2450453, 0, 0, 0
22201, 2494514, 0, 0, 0
22301, 2851368, 0, 0, 0
22401, 2421733, 0, 0, 0
22500, 2592105, 0, 0, 0
22601, 2530192, 0, 0, 0
22700, 2290547, 0, 0, 0
22800, 2483881, 0, 0, 0
22900, 2434639, 0, 0, 0
23000, 2487470, 0, 0, 0
23100, 2430262, 0, 0, 0
23201, 2291222, 0, 0, 0
23302, 2266085, 0, 0, 0
23401, 2161630, 0, 0, 0
23501, 2352728, 0, 0, 0
23601, 2314893, 0, 0, 0
23700, 2418390, 0, 0, 0
23800, 2498396, 0, 0, 0
23901, 2387020, 0, 0, 0
24001, 2552498, 0, 0, 0
24100, 2532914, 0, 0, 0
24202, 2352248, 0, 0, 0
24300, 2340286, 0, 0, 0
24401, 2327507, 0, 0, 0
24501, 2334934, 0, 0, 0
24600, 2516244, 0, 0, 0
24702, 2605657, 0, 0, 0
24801, 2359944, 0, 0, 0
24902, 2275959, 0, 0, 0
25000, 2332952, 0, 0, 0
25100, 2316688, 0, 0, 0
25201, 2500964, 0, 0, 0
25300, 2395092, 0, 0, 0
25400, 2447166, 0, 0, 0
25502, 2401879, 0, 0, 0
25600, 2520352, 0, 0, 0
25702, 2297156, 0, 0, 0
25800, 2334868, 0, 0, 0
25900, 2434806, 0, 0, 0
26004, 2595062, 0, 0, 0
26101, 2474066, 0, 0, 0
26200, 2242138, 0, 0, 0
26300, 2254767, 0, 0, 0
26401, 2334248, 0, 0, 0
26501, 2380746, 0, 0, 0
26602, 2235911, 0, 0, 0
26701, 2283836, 0, 0, 0
26800, 2301132, 0, 0, 0
26900, 2221393, 0, 0, 0
27000, 2373385, 0, 0, 0
27101, 2340708, 0, 0, 0
27201, 2489721, 0, 0, 0
27301, 2488323, 0, 0, 0
27400, 2272678, 0, 0, 0
27500, 2379748, 0, 0, 0
27602, 2528243, 0, 0, 0
27700, 2503795, 0, 0, 0
27800, 2331126, 0, 0, 0
27900, 2312091, 0, 0, 0
28001, 2386762, 0, 0, 0
28100, 2408378, 0, 0, 0
28200, 2382423, 0, 0, 0
28300, 2475751, 0, 0, 0
28400, 2551520, 0, 0, 0
28500, 2444069, 0, 0, 0
28600, 2267023, 0, 0, 0
28700, 2480575, 0, 0, 0
28800, 2316417, 0, 0, 0
28901, 2287325, 0, 0, 0
29001, 2276402, 0, 0, 0
29100, 2238941, 0, 0, 0
29202, 2240820, 0, 0, 0
29301, 2306497, 0, 0, 0
29401, 2154844, 0, 0, 0
29500, 2254550, 0, 0, 0
29601, 2397382, 0, 0, 0
29701, 2303751, 0, 0, 0
29800, 2302722, 0, 0, 0
29901, 2390837, 0, 0, 0
30000, 2361893, 0, 0, 0
30100, 2426776, 0, 0, 0
30201, 2446131, 0, 0, 0
30300, 2393761, 0, 0, 0
30403, 2278691, 0, 0, 0
30501, 2455331, 0, 0, 0
30602, 2510299, 0, 0, 0
30701, 2419980, 0, 0, 0
30800, 2385839, 0, 0, 0
30900, 2448924, 0, 0, 0
31001, 2335694, 0, 0, 0
31100, 2463147, 0, 0, 0
31200, 2427516, 0, 0, 0
31300, 2830413, 0, 0, 0
31402, 2538157, 0, 0, 0
31501, 2255063, 0, 0, 0
31600, 2455999, 0, 0, 0
31700, 2419634, 0, 0, 0
31800, 2634092, 0, 0, 0
31901, 2652776, 0, 0, 0
32003, 2585474, 0, 0, 0
32101, 2576600, 0, 0, 0
32201, 2267068, 0, 0, 0
32301, 2492891, 0, 0, 0
32402, 2440672, 0, 0, 0
32501, 2144221, 0, 0, 0
32601, 2269950, 0, 0, 0
32701, 2260991, 0, 0, 0
32801, 2444745, 0, 0, 0
32900, 2331662, 0, 0, 0
33001, 2288947, 0, 0, 0
33100, 2289277, 0, 0, 0
33200, 2271395, 0, 0, 0
33301, 2282530, 0, 0, 0
33402, 2508029, 0, 0, 0
33500, 2231719, 0, 0, 0
33602, 2402742, 0, 0, 0
33701, 2244618, 0, 0, 0
33801, 2497687, 0, 0, 0
33901, 2363137, 0, 0, 0
34001, 2504865, 0, 0, 0
34100, 2651033, 0, 0, 0
34202, 2418634, 0, 0, 0
34300, 2441018, 0, 0, 0
34400, 2331750, 0, 0, 0
34501, 2266066, 0, 0, 0
34601, 2265954, 0, 0, 0
34701, 2219534, 0, 0, 0
34803, 2353804, 0, 0, 0
34900, 2415780, 0, 0, 0
35001, 2576321, 0, 0, 0
35101, 2637618, 0, 0, 0
35200, 2288393, 0, 0, 0
35301, 2245857, 0, 0, 0
35400, 2240267, 0, 0, 0
35500, 2299466, 0, 0, 0
35600, 2439533, 0, 0, 0
35704, 2524110, 0, 0, 0
35800, 2397459, 0, 0, 0
35901, 2278595, 0, 0, 0
36001, 2490533, 0, 0, 0
36101, 2424437, 0, 0, 0
36201, 2318024, 0, 0, 0
36301, 2361029, 0, 0, 0
36402, 2392642, 0, 0, 0
36501, 2244902, 0, 0, 0
36601, 2432093, 0, 0, 0
36702, 2446557, 0, 0, 0
36801, 2401342, 0, 0, 0
36900, 2301133, 0, 0, 0
37001, 2450251, 0, 0, 0
37111, 2561701, 0, 0, 0
37200, 2391452, 0, 0, 0
37301, 2444839, 0, 0, 0
37400, 2346270, 0, 0, 0
37500, 2329212, 0, 0, 0
37602, 2345900, 0, 0, 0
37700, 2397396, 0, 0, 0
37800, 2257136, 0, 0, 0
37900, 2362545, 0, 0, 0
38001, 2303367, 0, 0, 0
38100, 2287908, 0, 0, 0
38200, 2199371, 0, 0, 0
38300, 2383164, 0, 0, 0
38401, 2454175, 0, 0, 0
38501, 2257019, 0, 0, 0
38601, 2446407, 0, 0, 0
38700, 2398726, 0, 0, 0
38802, 2355960, 0, 0, 0
38900, 2326053, 0, 0, 0
39000, 2314066, 0, 0, 0
39100, 2269677, 0, 0, 0
39201, 2280174, 0, 0, 0
39301, 2505305, 0, 0, 0
39401, 2309608, 0, 0, 0
39500, 2666012, 0, 0, 0
39602, 2300067, 0, 0, 0
39700, 2385237, 0, 0, 0
39802, 2526615, 0, 0, 0
39903, 2518559, 0, 0, 0
40002, 2540895, 0, 0, 0
40101, 2665771, 0, 0, 0
40202, 2632900, 0, 0, 0
40301, 2299297, 0, 0, 0
40401, 2325833, 0, 0, 0
40500, 2297495, 0, 0, 0
40600, 2622337, 0, 0, 0
40700, 2534680, 0, 0, 0
40800, 2632010, 0, 0, 0
40902, 2603578, 0, 0, 0
41000, 2391083, 0, 0, 0
41102, 2678274, 0, 0, 0
41200, 2484814, 0, 0, 0
41300, 2428896, 0, 0, 0
41401, 2347812, 0, 0, 0
41502, 2333044, 0, 0, 0
41602, 2209083, 0, 0, 0
41701, 2309148, 0, 0, 0
41800, 2278770, 0, 0, 0
41901, 2471346, 0, 0, 0
42001, 2426591, 0, 0, 0
42101, 2496433, 0, 0, 0
42201, 2408245, 0, 0, 0
42301, 2428670, 0, 0, 0
42401, 2331851, 0, 0, 0
42501, 2358959, 0, 0, 0
42600, 2311955, 0, 0, 0
42700, 2212976, 0, 0, 0
42801, 2282909, 0, 0, 0
42900, 2351032, 0, 0, 0
43000, 2211893, 0, 0, 0
43102, 2243494, 0, 0, 0
43201, 2412098, 0, 0, 0
43301, 2382670, 0, 0, 0
43403, 2398861, 0, 0, 0
43500, 2428861, 0, 0, 0
43600, 2611897, 0, 0, 0
43701, 2512321, 0, 0, 0
43801, 2703998, 0, 0, 0
43902, 2441514, 0, 0, 0
44001, 2610401, 0, 0, 0
44101, 2768373, 0, 0, 0
44200, 2738192, 0, 0, 0
44301, 2715104, 0, 0, 0
44401, 2494148, 0, 0, 0
44501, 2536963, 0, 0, 0
44600, 2474436, 0, 0, 0
44700, 2687633, 0, 0, 0
44800, 2629511, 0, 0, 0
44900, 2772325, 0, 0, 0
45001, 2429645, 0, 0, 0
45100, 2539297, 0, 0, 0
45200, 2487599, 0, 0, 0
45300, 2633998, 0, 0, 0
45400, 2543913, 0, 0, 0
45501, 2237607, 0, 0, 0
45602, 2517908, 0, 0, 0
45701, 2522974, 0, 0, 0
45800, 2356318, 0, 0, 0
45900, 2419175, 0, 0, 0
46001, 2520978, 0, 0, 0
46103, 2588748, 0, 0, 0
46200, 2562451, 0, 0, 0
46300, 2675460, 0, 0, 0
46400, 2774462, 0, 0, 0
46501, 2657142, 0, 0, 0
46601, 2685624, 0, 0, 0
46702, 2516235, 0, 0, 0
46800, 2490114, 0, 0, 0
46901, 2649695, 0, 0, 0
47002, 2796068, 0, 0, 0
47101, 2672038, 0, 0, 0
47202, 2720797, 0, 0, 0
47301, 2667544, 0, 0, 0
47401, 2436683, 0, 0, 0
47501, 2369540, 0, 0, 0
47600, 2453715, 0, 0, 0
47700, 2437504, 0, 0, 0
47800, 2382270, 0, 0, 0
47900, 2355527, 0, 0, 0
48002, 2538353, 0, 0, 0
48101, 2536245, 0, 0, 0
48201, 2500220, 0, 0, 0
48301, 2362569, 0, 0, 0
48402, 2520848, 0, 0, 0
48501, 2339238, 0, 0, 0
48601, 2370369, 0, 0, 0
48700, 2544576, 0, 0, 0
48802, 2345359, 0, 0, 0
48900, 2505805, 0, 0, 0
49000, 2503605, 0, 0, 0
49101, 2436611, 0, 0, 0
49202, 2512953, 0, 0, 0
49300, 2517183, 0, 0, 0
49402, 2661031, 0, 0, 0
49500, 2386568, 0, 0, 0
49600, 2433950, 0, 0, 0
49700, 2483945, 0, 0, 0
49800, 2267617, 0, 0, 0
49900, 2375217, 0, 0, 0
50000, 2491453, 0, 0, 0
50100, 2375200, 0, 0, 0
50200, 2380329, 0, 0, 0
50302, 2353429, 0, 0, 0
50400, 2492191, 0, 0, 0
50501, 2343529, 0, 0, 0
50600, 2532116, 0, 0, 0
50701, 2525631, 0, 0, 0
50800, 2532753, 0, 0, 0
50900, 2545945, 0, 0, 0
51001, 2448203, 0, 0, 0
51101, 2069007, 0, 0, 0
51200, 2304676, 0, 0, 0
51302, 2971423, 0, 0, 0
51401, 2596722, 0, 0, 0
51500, 2477988, 0, 0, 0
51601, 2720153, 0, 0, 0
51700, 2228928, 0, 0, 0
51800, 1915890, 0, 0, 0
51900, 2267063, 0, 0, 0
52001, 4198632, 0, 0, 0
52102, 2391533, 0, 0, 0
52200, 2436735, 0, 0, 0
52301, 2585258, 0, 0, 0
52400, 2252013, 0, 0, 0
52500, 2259743, 0, 0, 0
52601, 2274685, 0, 0, 0
52700, 2204801, 0, 0, 0
52800, 1872489, 0, 0, 0
52901, 2343072, 0, 0, 0
53001, 2363660, 0, 0, 0
53102, 2247327, 0, 0, 0
53202, 2113086, 0, 0, 0
53301, 4293030, 0, 0, 0
53401, 3553156, 0, 0, 0
53500, 2486193, 0, 0, 0
53601, 2445357, 0, 0, 0
53701, 2483413, 0, 0, 0
53800, 2479271, 0, 0, 0
53900, 2311070, 0, 0, 0
54001, 2632313, 0, 0, 0
54101, 2571598, 0, 0, 0
54200, 2591856, 0, 0, 0
54301, 2452901, 0, 0, 0
54401, 2616404, 0, 0, 0
54501, 2485222, 0, 0, 0
54601, 2378490, 0, 0, 0
54700, 2240719, 0, 0, 0
54801, 2403288, 0, 0, 0
54902, 2279450, 0, 0, 0
55001, 2462931, 0, 0, 0
55101, 2377363, 0, 0, 0
55200, 2476030, 0, 0, 0
55301, 2447773, 0, 0, 0
55400, 2351347, 0, 0, 0
55502, 2296573, 0, 0, 0
55601, 2345294, 0, 0, 0
55700, 2466336, 0, 0, 0
55800, 2430934, 0, 0, 0
55902, 2483390, 0, 0, 0
56002, 2422733, 0, 0, 0
56101, 2352780, 0, 0, 0
56200, 2475853, 0, 0, 0
56301, 2391131, 0, 0, 0
56401, 2156779, 0, 0, 0
56501, 2372822, 0, 0, 0
56601, 2276610, 0, 0, 0
56701, 2310839, 0, 0, 0
56800, 2476776, 0, 0, 0
56900, 2263879, 0, 0, 0
57000, 2358141, 0, 0, 0
57101, 2339570, 0, 0, 0
57202, 2570337, 0, 0, 0
57301, 2414751, 0, 0, 0
57402, 2505478, 0, 0, 0
57502, 2702941, 0, 0, 0
57602, 2420682, 0, 0, 0
57701, 2749445, 0, 0, 0
57801, 2498078, 0, 0, 0
57900, 2887786, 0, 0, 0
58001, 2522995, 0, 0, 0
58100, 2578238, 0, 0, 0
58200, 2506544, 0, 0, 0
58300, 2619326, 0, 0, 0
58401, 2458974, 0, 0, 0
58501, 2608371, 0, 0, 0
58600, 2604062, 0, 0, 0
58700, 2420522, 0, 0, 0
58801, 2511141, 0, 0, 0
58901, 2378482, 0, 0, 0
59000, 2471670, 0, 0, 0
59100, 2475569, 0, 0, 0
59202, 2767731, 0, 0, 0
59300, 2767185, 0, 0, 0
59401, 2521834, 0, 0, 0
59501, 2376466, 0, 0, 0
59602, 2506014, 0, 0, 0
59700, 2644614, 0, 0, 0
59801, 2522837, 0, 0, 0
59901, 2355478, 0, 0, 0
60000, 2595297, 0, 0, 0
60100, 2380853, 0, 0, 0
60202, 2820207, 0, 0, 0
60301, 2350997, 0, 0, 0
60400, 2391430, 0, 0, 0
60501, 2508948, 0, 0, 0
60601, 2386122, 0, 0, 0
60700, 2456896, 0, 0, 0
60801, 2443892, 0, 0, 0
60901, 2428894, 0, 0, 0
61000, 2526906, 0, 0, 0
61102, 2548697, 0, 0, 0
61200, 2574790, 0, 0, 0
61301, 2651132, 0, 0, 0
61400, 2390716, 0, 0, 0
61500, 2553253, 0, 0, 0
61600, 2309949, 0, 0, 0
61701, 2517204, 0, 0, 0
61801, 2501144, 0, 0, 0
61900, 2181101, 0, 0, 0
62001, 2292471, 0, 0, 0
62101, 2367584, 0, 0, 0
62202, 2282015, 0, 0, 0
62301, 2472501, 0, 0, 0
62401, 2503226, 0, 0, 0
62501, 2486144, 0, 0, 0
62600, 2660370, 0, 0, 0
62700, 2434096, 0, 0, 0
62800, 2372958, 0, 0, 0
62902, 2354093, 0, 0, 0
63001, 2520653, 0, 0, 0
63102, 2458570, 0, 0, 0
63201, 2415258, 0, 0, 0
63302, 2517721, 0, 0, 0
63402, 2474020, 0, 0, 0
63502, 2489890, 0, 0, 0
63601, 2478955, 0, 0, 0
63700, 2252324, 0, 0, 0
63801, 2273571, 0, 0, 0
63900, 2284638, 0, 0, 0
64000, 2320543, 0, 0, 0
64102, 2417933, 0, 0, 0
64200, 2333877, 0, 0, 0
64302, 2613203, 0, 0, 0
64400, 2328463, 0, 0, 0
64502, 2518138, 0, 0, 0
64602, 2442706, 0, 0, 0
64701, 2596520, 0, 0, 0
64800, 2466458, 0, 0, 0
64902, 2204321, 0, 0, 0
65002, 2387488, 0, 0, 0
65100, 2267834, 0, 0, 0
65201, 2143272, 0, 0, 0
65301, 2472213, 0, 0, 0
65400, 2297228, 0, 0, 0
65500, 2389367, 0, 0, 0
65601, 2435488, 0, 0, 0
65700, 2145570, 0, 0, 0
65801, 2398665, 0, 0, 0
65901, 2539320, 0, 0, 0
66000, 2477029, 0, 0, 0
66102, 2664682, 0, 0, 0
66201, 2533924, 0, 0, 0
66300, 2400447, 0, 0, 0
66400, 2510037, 0, 0, 0
66502, 2539444, 0, 0, 0
66601, 2818906, 0, 0, 0
66701, 2488584, 0, 0, 0
66802, 2502786, 0, 0, 0
66901, 2356303, 0, 0, 0
67001, 2418736, 0, 0, 0
67102, 2455626, 0, 0, 0
67202, 2552151, 0, 0, 0
67302, 2690324, 0, 0, 0
67401, 2422976, 0, 0, 0
67503, 2587157, 0, 0, 0
67600, 2365000, 0, 0, 0
67701, 2391560, 0, 0, 0
67800, 2670540, 0, 0, 0
67901, 2794952, 0, 0, 0
68002, 2445008, 0, 0, 0
68100, 2452927, 0, 0, 0
68200, 2431602, 0, 0, 0
68300, 2371545, 0, 0, 0
68401, 2277653, 0, 0, 0
68500, 2247484, 0, 0, 0
68602, 2406257, 0, 0, 0
68700, 2439745, 0, 0, 0
68801, 2409152, 0, 0, 0
68900, 2412260, 0, 0, 0
69000, 2530959, 0, 0, 0
69104, 2612715, 0, 0, 0
69201, 2472698, 0, 0, 0
69301, 2492837, 0, 0, 0
69400, 2275774, 0, 0, 0
69501, 2593201, 0, 0, 0
69600, 2348690, 0, 0, 0
69701, 2328110, 0, 0, 0
69800, 2608009, 0, 0, 0
69901, 2515945, 0, 0, 0
70001, 2673454, 0, 0, 0
70100, 2360005, 0, 0, 0
70201, 2509650, 0, 0, 0
70301, 2441047, 0, 0, 0
70401, 2361485, 0, 0, 0
70502, 2514001, 0, 0, 0
70600, 2445074, 0, 0, 0
70700, 2544493, 0, 0, 0
70802, 2673972, 0, 0, 0
70901, 2352078, 0, 0, 0
71000, 2483032, 0, 0, 0
71100, 2245346, 0, 0, 0
71200, 2385028, 0, 0, 0
71301, 2569205, 0, 0, 0
71402, 2652299, 0, 0, 0
71500, 2512047, 0, 0, 0
71600, 2552705, 0, 0, 0
71700, 2269145, 0, 0, 0
71801, 2456490, 0, 0, 0
71901, 2548322, 0, 0, 0
72001, 2481236, 0, 0, 0
72100, 2360412, 0, 0, 0
72200, 2321639, 0, 0, 0
72301, 2501422, 0, 0, 0
72400, 2400069, 0, 0, 0
72500, 2451671, 0, 0, 0
72602, 2193116, 0, 0, 0
72700, 2387995, 0, 0, 0
72800, 2438926, 0, 0, 0
72902, 2461597, 0, 0, 0
73000, 2505412, 0, 0, 0
73102, 2840502, 0, 0, 0
73201, 2445223, 0, 0, 0
73302, 2450156, 0, 0, 0
73400, 2380300, 0, 0, 0
73500, 2215133, 0, 0, 0
73600, 2492893, 0, 0, 0
73700, 2494602, 0, 0, 0
73800, 2309050, 0, 0, 0
73900, 2138896, 0, 0, 0
74001, 2453121, 0, 0, 0
74101, 2484243, 0, 0, 0
74202, 2385657, 0, 0, 0
74300, 2339603, 0, 0, 0
74401, 2440261, 0, 0, 0
74500, 2199589, 0, 0, 0
74600, 2222356, 0, 0, 0
74701, 2338390, 0, 0, 0
74802, 2434499, 0, 0, 0
74901, 2357792, 0, 0, 0
75001, 2172208, 0, 0, 0
75100, 2230594, 0, 0, 0
75202, 2363939, 0, 0, 0
75300, 2455041, 0, 0, 0
75400, 2476593, 0, 0, 0
75500, 2375791, 0, 0, 0
75600, 2495555, 0, 0, 0
75701, 2346488, 0, 0, 0
75803, 2463085, 0, 0, 0
75901, 2328506, 0, 0, 0
76002, 2517107, 0, 0, 0
76100, 2392372, 0, 0, 0
76200, 2415797, 0, 0, 0
76303, 2441770, 0, 0, 0
76401, 2514083, 0, 0, 0
76501, 2438976, 0, 0, 0
76601, 2491162, 0, 0, 0
76701, 2472976, 0, 0, 0
76802, 2186483, 0, 0, 0
76900, 2380226, 0, 0, 0
77000, 2316523, 0, 0, 0
77100, 2283264, 0, 0, 0
77200, 2366653, 0, 0, 0
77300, 2434026, 0, 0, 0
77401, 2440102, 0, 0, 0
77501, 2377106, 0, 0, 0
77601, 2213526, 0, 0, 0
77701, 2316298, 0, 0, 0
77801, 2322716, 0, 0, 0
77901, 2167084, 0, 0, 0
78000, 2360711, 0, 0, 0
78101, 2284754, 0, 0, 0
78201, 2356115, 0, 0, 0
78301, 2266683, 0, 0, 0
78401, 2225414, 0, 0, 0
78500, 2452896, 0, 0, 0
78600, 2426243, 0, 0, 0
78700, 2509358, 0, 0, 0
78801, 2646972, 0, 0, 0
78900, 2590813, 0, 0, 0
79000, 2490963, 0, 0, 0
79100, 2423050, 0, 0, 0
79201, 2341397, 0, 0, 0
79301, 2274530, 0, 0, 0
79401, 2489332, 0, 0, 0
79500, 2409052, 0, 0, 0
79602, 2341944, 0, 0, 0
79701, 2403692, 0, 0, 0
79800, 2371099, 0, 0, 0
79901, 2438512, 0, 0, 0
80001, 2445687, 0, 0, 0
80101, 2423607, 0, 0, 0
80202, 2504833, 0, 0, 0
80301, 2539666, 0, 0, 0
80401, 2479010, 0, 0, 0
80500, 2292865, 0, 0, 0
80600, 2133322, 0, 0, 0
80701, 2328638, 0, 0, 0
80801, 2261835, 0, 0, 0
80900, 2346687, 0, 0, 0
81002, 2305924, 0, 0, 0
81100, 2223839, 0, 0, 0
81201, 2381954, 0, 0, 0
81301, 2390860, 0, 0, 0
81401, 2246812, 0, 0, 0
81500, 2240428, 0, 0, 0
81601, 2352741, 0, 0, 0
81702, 2274405, 0, 0, 0
81802, 2373551, 0, 0, 0
81900, 2377694, 0, 0, 0
82001, 2460629, 0, 0, 0
82101, 2273480, 0, 0, 0
82203, 2463041, 0, 0, 0
82300, 2436923, 0, 0, 0
82400, 2364023, 0, 0, 0
82500, 2313300, 0, 0, 0
82601, 2444589, 0, 0, 0
82701, 2331152, 0, 0, 0
82801, 2304370, 0, 0, 0
82900, 2241790, 0, 0, 0
83000, 2390097, 0, 0, 0
83101, 2374299, 0, 0, 0
83200, 2411635, 0, 0, 0
83302, 2310728, 0, 0, 0
83400, 2323713, 0, 0, 0
83501, 2455668, 0, 0, 0
83601, 2266159, 0, 0, 0
83701, 2388907, 0, 0, 0
83800, 2334924, 0, 0, 0
83901, 2291746, 0, 0, 0
84002, 2230846, 0, 0, 0
84100, 2441790, 0, 0, 0
84200, 2261425, 0, 0, 0
84301, 2393004, 0, 0, 0
84402, 2455296, 0, 0, 0
84501, 2350378, 0, 0, 0
84601, 2432367, 0, 0, 0
84700, 2409318, 0, 0, 0
84801, 2572274, 0, 0, 0
84901, 2508266, 0, 0, 0
85000, 2590473, 0, 0, 0
85100, 2554665, 0, 0, 0
85200, 2493316, 0, 0, 0
85300, 2356804, 0, 0, 0
85402, 2487426, 0, 0, 0
85501, 2657920, 0, 0, 0
85601, 2491799, 0, 0, 0
85701, 2764186, 0, 0, 0
85800, 2472226, 0, 0, 0
85900, 2437562, 0, 0, 0
86001, 2569094, 0, 0, 0
86101, 2304225, 0, 0, 0
86202, 2520663, 0, 0, 0
86302, 2375545, 0, 0, 0
86402, 2265252, 0, 0, 0
86500, 2270867, 0, 0, 0
86600, 2371856, 0, 0, 0
86702, 2364952, 0, 0, 0
86801, 2581753, 0, 0, 0
86900, 2477517, 0, 0, 0
87001, 2455900, 0, 0, 0
87101, 2416084, 0, 0, 0
87200, 2468261, 0, 0, 0
87300, 2487318, 0, 0, 0
87400, 2385190, 0, 0, 0
87500, 2533801, 0, 0, 0
87601, 2466187, 0, 0, 0
87700, 2532213, 0, 0, 0
87801, 2496021, 0, 0, 0
87900, 2466560, 0, 0, 0
88000, 2286194, 0, 0, 0
88100, 2310094, 0, 0, 0
88202, 2468151, 0, 0, 0
88300, 2457007, 0, 0, 0
88401, 2497422, 0, 0, 0
88500, 2469468, 0, 0, 0
88600, 2327966, 0, 0, 0
88703, 2611797, 0, 0, 0
88801, 2521571, 0, 0, 0
88900, 2346515, 0, 0, 0
89001, 2344055, 0, 0, 0
89101, 2432977, 0, 0, 0
89202, 2324586, 0, 0, 0
89301, 2412307, 0, 0, 0
89400, 2464026, 0, 0, 0
89500, 2485721, 0, 0, 0
89600, 2544789, 0, 0, 0
89700, 2265046, 0, 0, 0
89802, 2544290, 0, 0, 0
89902, 2421407, 0, 0, 0
90000, 2139886, 0, 0, 0
