100, 1058654, 1, 0, 0
200, 1037736, 1, 0, 0
300, 1013949, 1, 0, 0
400, 1173810, 1, 0, 0
500, 1243168, 1, 0, 0
601, 1533852, 1, 0, 0
700, 1206667, 1, 0, 0
800, 945439, 1, 0, 0
900, 943074, 1, 0, 0
1000, 1005299, 1, 0, 0
1100, 936549, 1, 0, 0
1200, 1085759, 1, 0, 0
1300, 884544, 1, 0, 0
1400, 1078631, 1, 0, 0
1508, 1013182, 1, 0, 0
1601, 1100856, 1, 0, 0
1700, 1136387, 1, 0, 0
1800, 1060852, 1, 0, 0
1900, 1128783, 1, 0, 0
2000, 996321, 1, 0, 0
2100, 1215564, 1, 0, 0
2200, 1187267, 1, 0, 0
2300, 1216936, 1, 0, 0
2400, 1129622, 1, 0, 0
2500, 1305368, 1, 0, 0
2600, 1299748, 1, 0, 0
2700, 1340627, 1, 0, 0
2800, 1046472, 1, 0, 0
2900, 1216414, 1, 0, 0
3000, 1461621, 1, 0, 0
3100, 1180862, 1, 0, 0
3200, 904315, 1, 0, 0
3300, 882621, 1, 0, 0
3400, 1085401, 1, 0, 0
3500, 1169405, 1, 0, 0
3600, 1046258, 1, 0, 0
3700, 1171093, 1, 0, 0
3800, 1255382, 1, 0, 0
3900, 1232560, 1, 0, 0
4000, 1259377, 1, 0, 0
4100, 910755, 1, 0, 0
4200, 1006753, 1, 0, 0
4300, 938589, 1, 0, 0
4400, 1019661, 1, 0, 0
4501, 1309118, 1, 0, 0
4600, 913733, 1, 0, 0
4700, 959530, 1, 0, 0
4800, 1050917, 1, 0, 0
4900, 1143848, 1, 0, 0
5000, 1040993, 1, 0, 0
5100, 1032244, 1, 0, 0
5200, 1295730, 1, 0, 0
5300, 1376171, 1, 0, 0
5400, 1128655, 1, 0, 0
5500, 1184253, 1, 0, 0
5600, 1256889, 1, 0, 0
5701, 1045314, 1, 0, 0
5800, 1433775, 1, 0, 0
5900, 1110444, 1, 0, 0
6000, 962687, 1, 0, 0
6100, 956188, 1, 0, 0
6200, 1006742, 1, 0, 0
6300, 1153005, 1, 0, 0
6400, 1017362, 1, 0, 0
6500, 1012725, 1, 0, 0
6600, 1237829, 1, 0, 0
6700, 1166609, 1, 0, 0
6800, 987999, 1, 0, 0
6900, 1133690, 1, 0, 0
7000, 1055541, 1, 0, 0
7100, 1368804, 1, 0, 0
7200, 1001534, 1, 0, 0
7300, 1149737, 1, 0, 0
7400, 1167012, 1, 0, 0
7501, 1013350, 1, 0, 0
7600, 1573785, 1, 0, 0
7700, 1832208, 1, 0, 0
7800, 1249819, 1, 0, 0
7900, 1152146, 1, 0, 0
8000, 1108601, 1, 0, 0
8100, 1368214, 1, 0, 0
8200, 1193682, 1, 0, 0
8300, 1006217, 1, 0, 0
8400, 954541, 1, 0, 0
8500, 1059782, 1, 0, 0
8600, 936915, 1, 0, 0
8701, 1149154, 1, 0, 0
8800, 1144880, 1, 0, 0
8900, 1615789, 1, 0, 0
9000, 945457, 1, 0, 0
9100, 1175903, 1, 0, 0
9200, 1104306, 1, 0, 0
9300, 1245235, 1, 0, 0
9400, 948470, 1, 0, 0
9500, 910071, 1, 0, 0
9600, 901159, 1, 0, 0
9700, 1064742, 1, 0, 0
9800, 1250376, 1, 0, 0
9900, 1074860, 1, 0, 0
10000, 1085433, 1, 0, 0
10100, 1167920, 1, 0, 0
10200, 1063882, 1, 0, 0
10300, 1157049, 1, 0, 0
10400, 1126746, 1, 0, 0
10500, 1250339, 1, 0, 0
10600, 1168453, 1, 0, 0
10700, 1052618, 1, 0, 0
10801, 967322, 1, 0, 0
10900, 1031828, 1, 0, 0
11001, 1095376, 1, 0, 0
11100, 944360, 1, 0, 0
11200, 892132, 1, 0, 0
11300, 956858, 1, 0, 0
11400, 1009780, 1, 0, 0
11500, 1158692, 1, 0, 0
11600, 1097455, 1, 0, 0
11700, 985478, 1, 0, 0
11800, 929973, 1, 0, 0
11900, 1006666, 1, 0, 0
12000, 980069, 1, 0, 0
12100, 1363626, 1, 0, 0
12200, 1298150, 1, 0, 0
12300, 1202945, 1, 0, 0
12400, 1324852, 1, 0, 0
12500, 1496411, 1, 0, 0
12600, 1008220, 1, 0, 0
12700, 929944, 1, 0, 0
12800, 956222, 1, 0, 0
12900, 1172647, 1, 0, 0
13000, 1315691, 1, 0, 0
13100, 919470, 1, 0, 0
13200, 963364, 1, 0, 0
13300, 908293, 1, 0, 0
13400, 1068729, 1, 0, 0
13500, 880209, 1, 0, 0
13600, 972328, 1, 0, 0
13700, 950891, 1, 0, 0
13800, 908197, 1, 0, 0
13900, 924272, 1, 0, 0
14000, 1019930, 1, 0, 0
14100, 1196565, 1, 0, 0
14200, 991324, 1, 0, 0
14300, 1149862, 1, 0, 0
14400, 930738, 1, 0, 0
14500, 927947, 1, 0, 0
14600, 1028713, 1, 0, 0
14700, 1117749, 1, 0, 0
14801, 1205053, 1, 0, 0
14900, 1275234, 1, 0, 0
15000, 1502337, 1, 0, 0
15100, 1043393, 1, 0, 0
15200, 1224787, 1, 0, 0
15301, 984313, 1, 0, 0
15400, 1031358, 1, 0, 0
15500, 894570, 1, 0, 0
15600, 1117499, 1, 0, 0
15700, 943220, 1, 0, 0
15800, 922916, 1, 0, 0
15900, 1046173, 1, 0, 0
16003, 958629, 1, 0, 0
16100, 987271, 1, 0, 0
16200, 1040814, 1, 0, 0
16300, 1679979, 1, 0, 0
16400, 2088815, 1, 0, 0
16500, 1197392, 1, 0, 0
16600, 1120428, 1, 0, 0
16700, 1182497, 1, 0, 0
16800, 918803, 1, 0, 0
16900, 992399, 1, 0, 0
17000, 1035782, 1, 0, 0
17100, 1015781, 1, 0, 0
17200, 953899, 1, 0, 0
17300, 902271, 1, 0, 0
17400, 954980, 1, 0, 0
17500, 1093362, 1, 0, 0
17600, 1065427, 1, 0, 0
17700, 911007, 1, 0, 0
17800, 1157338, 1, 0, 0
17900, 1135495, 1, 0, 0
18000, 1092109, 1, 0, 0
18100, 978780, 1, 0, 0
18200, 953496, 1, 0, 0
18300, 1167550, 1, 0, 0
18400, 900572, 1, 0, 0
18500, 1025458, 1, 0, 0
18600, 1004604, 1, 0, 0
18700, 1015161, 1, 0, 0
18800, 992348, 1, 0, 0
18900, 1013914, 1, 0, 0
19000, 1364642, 1, 0, 0
19100, 998583, 1, 0, 0
19200, 979096, 1, 0, 0
19300, 1294075, 1, 0, 0
19400, 1249426, 1, 0, 0
19500, 1497997, 1, 0, 0
19600, 904548, 1, 0, 0
19700, 862207, 1, 0, 0
19800, 1073626, 1, 0, 0
19900, 874247, 1, 0, 0
20000, 1084251, 1, 0, 0
20100, 1188948, 1, 0, 0
20200, 1022130, 1, 0, 0
20300, 899956, 1, 0, 0
20400, 1133805, 1, 0, 0
20500, 979752, 1, 0, 0
20600, 911385, 1, 0, 0
20700, 999573, 1, 0, 0
20800, 1041581, 1, 0, 0
20900, 1370864, 1, 0, 0
21000, 1083160, 1, 0, 0
21100, 1049368, 1, 0, 0
21200, 1283308, 1, 0, 0
21300, 1242853, 1, 0, 0
21400, 1134120, 1, 0, 0
21500, 1150726, 1, 0, 0
21600, 1416713, 1, 0, 0
21700, 1278161, 1, 0, 0
21800, 1166961, 1, 0, 0
21900, 1198102, 1, 0, 0
22000, 1209939, 1, 0, 0
22100, 1015177, 1, 0, 0
22200, 1087686, 1, 0, 0
22300, 1213206, 1, 0, 0
22400, 1312998, 1, 0, 0
22500, 1292279, 1, 0, 0
22600, 1208983, 1, 0, 0
22700, 1115429, 1, 0, 0
22800, 1085761, 1, 0, 0
22900, 1265917, 1, 0, 0
23000, 1235249, 1, 0, 0
23100, 1148709, 1, 0, 0
23200, 953670, 1, 0, 0
23300, 1053205, 1, 0, 0
23400, 903217, 1, 0, 0
23500, 1111372, 1, 0, 0
23600, 1132431, 1, 0, 0
23700, 921948, 1, 0, 0
23800, 1360921, 1, 0, 0
23900, 1296649, 1, 0, 0
24000, 1263561, 1, 0, 0
24100, 1132809, 1, 0, 0
24200, 1186611, 1, 0, 0
24300, 1254554, 1, 0, 0
24400, 1319490, 1, 0, 0
24500, 1173064, 1, 0, 0
24600, 1088233, 1, 0, 0
24700, 1075090, 1, 0, 0
24800, 994147, 1, 0, 0
24900, 1127375, 1, 0, 0
25000, 1044037, 1, 0, 0
25100, 1012656, 1, 0, 0
25200, 996372, 1, 0, 0
25300, 1180640, 1, 0, 0
25400, 1122082, 1, 0, 0
25500, 1175211, 1, 0, 0
25602, 1057876, 1, 0, 0
25701, 1430260, 1, 0, 0
25800, 1469347, 1, 0, 0
25900, 1152040, 1, 0, 0
26001, 1164925, 1, 0, 0
26100, 1360748, 1, 0, 0
26200, 1140495, 1, 0, 0
26300, 1378113, 1, 0, 0
26400, 1223070, 1, 0, 0
26500, 1120596, 1, 0, 0
26600, 1184064, 1, 0, 0
26743, 1185220, 1, 0, 0
26800, 2122836, 1, 0, 0
26900, 949481, 1, 0, 0
27000, 1045842, 1, 0, 0
27100, 940202, 1, 0, 0
27200, 1000309, 1, 0, 0
27300, 1024050, 1, 0, 0
27400, 1463120, 1, 0, 0
27500, 1633984, 1, 0, 0
27600, 1118218, 1, 0, 0
27700, 1070545, 1, 0, 0
27800, 996455, 1, 0, 0
27900, 984813, 1, 0, 0
28000, 955494, 1, 0, 0
28100, 1219348, 1, 0, 0
28200, 1350083, 1, 0, 0
28300, 1168800, 1, 0, 0
28400, 1170618, 1, 0, 0
28500, 1225862, 1, 0, 0
28600, 1162168, 1, 0, 0
28700, 1314409, 1, 0, 0
28800, 1518659, 1, 0, 0
28900, 976217, 1, 0, 0
29000, 989583, 1, 0, 0
29100, 1073864, 1, 0, 0
29200, 1503580, 1, 0, 0
29300, 1192396, 1, 0, 0
29400, 1047223, 1, 0, 0
29500, 1002533, 1, 0, 0
29600, 937993, 1, 0, 0
29700, 952206, 1, 0, 0
29800, 1007578, 1, 0, 0
29900, 981493, 1, 0, 0
30000, 1042622, 1, 0, 0
30100, 974122, 1, 0, 0
30201, 975707, 1, 0, 0
30300, 1017206, 1, 0, 0
30400, 893402, 1, 0, 0
30500, 1016582, 1, 0, 0
30600, 1173965, 1, 0, 0
30700, 995512, 1, 0, 0
30800, 1024267, 1, 0, 0
30900, 1011127, 1, 0, 0
31000, 1013145, 1, 0, 0
31100, 1020691, 1, 0, 0
31200, 1100276, 1, 0, 0
31300, 1271379, 1, 0, 0
31400, 1245848, 1, 0, 0
31500, 975371, 1, 0, 0
31600, 1143405, 1, 0, 0
31700, 1110899, 1, 0, 0
31800, 1057444, 1, 0, 0
31900, 931161, 1, 0, 0
32000, 1259186, 1, 0, 0
32100, 1466645, 1, 0, 0
32200, 1256816, 1, 0, 0
32300, 1057870, 1, 0, 0
32400, 940700, 1, 0, 0
32500, 894646, 1, 0, 0
32600, 986409, 1, 0, 0
32700, 1063590, 1, 0, 0
32800, 1037580, 1, 0, 0
32900, 1150045, 1, 0, 0
33000, 1151861, 1, 0, 0
33100, 981270, 1, 0, 0
33200, 1438549, 1, 0, 0
33300, 1030017, 1, 0, 0
33400, 1267474, 1, 0, 0
33500, 1233603, 1, 0, 0
33600, 922118, 1, 0, 0
33700, 1171488, 1, 0, 0
33800, 1174126, 1, 0, 0
33900, 1080726, 1, 0, 0
34000, 1268534, 1, 0, 0
34100, 939180, 1, 0, 0
34200, 1131764, 1, 0, 0
34301, 1458377, 1, 0, 0
34401, 2592202, 1, 0, 0
34500, 1228512, 1, 0, 0
34601, 1299381, 1, 0, 0
34700, 1368169, 1, 0, 0
34800, 1117906, 1, 0, 0
34900, 1003989, 1, 0, 0
35000, 1016508, 1, 0, 0
35100, 1026973, 1, 0, 0
35200, 1094479, 1, 0, 0
35301, 1009880, 1, 0, 0
35400, 1247899, 1, 0, 0
35500, 972550, 1, 0, 0
35600, 982180, 1, 0, 0
35700, 940351, 1, 0, 0
35800, 926493, 1, 0, 0
35900, 1227924, 1, 0, 0
36000, 1427269, 1, 0, 0
36100, 1339227, 1, 0, 0
36200, 922879, 1, 0, 0
36300, 1073190, 1, 0, 0
36400, 1312711, 1, 0, 0
36500, 1040473, 1, 0, 0
36600, 1094106, 1, 0, 0
36700, 1731494, 1, 0, 0
36800, 1216792, 1, 0, 0
36900, 1202896, 1, 0, 0
37000, 998794, 1, 0, 0
37100, 1180696, 1, 0, 0
37200, 1130861, 1, 0, 0
37300, 904123, 1, 0, 0
37400, 1096984, 1, 0, 0
37500, 1203398, 1, 0, 0
37600, 1332458, 1, 0, 0
37700, 891717, 1, 0, 0
37800, 1243574, 1, 0, 0
37901, 945959, 1, 0, 0
38000, 1044043, 1, 0, 0
38100, 1193339, 1, 0, 0
38200, 1051217, 1, 0, 0
38300, 1210666, 1, 0, 0
38400, 1270028, 1, 0, 0
38500, 1090004, 1, 0, 0
38600, 988361, 1, 0, 0
38700, 1040467, 1, 0, 0
38800, 1108056, 1, 0, 0
38900, 1007457, 1, 0, 0
39000, 902657, 1, 0, 0
39100, 1068428, 1, 0, 0
39200, 1129856, 1, 0, 0
39300, 1086918, 1, 0, 0
39400, 919510, 1, 0, 0
39501, 908394, 1, 0, 0
39600, 906303, 1, 0, 0
39700, 984871, 1, 0, 0
39800, 1062680, 1, 0, 0
39900, 1070212, 1, 0, 0
40000, 986592, 1, 0, 0
40100, 1052122, 1, 0, 0
40200, 1264639, 1, 0, 0
40300, 1249611, 1, 0, 0
40400, 1499874, 1, 0, 0
40500, 1130727, 1, 0, 0
40600, 1092281, 1, 0, 0
40700, 1115515, 1, 0, 0
40800, 969612, 1, 0, 0
40900, 971173, 1, 0, 0
41000, 976864, 1, 0, 0
41100, 1044284, 1, 0, 0
41201, 981255, 1, 0, 0
41300, 939550, 1, 0, 0
41400, 1064362, 1, 0, 0
41500, 1307643, 1, 0, 0
41600, 1055445, 1, 0, 0
41700, 1037141, 1, 0, 0
41800, 1107521, 1, 0, 0
41900, 1189337, 1, 0, 0
42000, 1444094, 1, 0, 0
42100, 1038611, 1, 0, 0
42200, 1034759, 1, 0, 0
42300, 1117344, 1, 0, 0
42400, 1477808, 1, 0, 0
42500, 1153091, 1, 0, 0
42600, 1159215, 1, 0, 0
42700, 1193907, 1, 0, 0
42800, 1083225, 1, 0, 0
42900, 979680, 1, 0, 0
43000, 1230179, 1, 0, 0
43100, 1191286, 1, 0, 0
43200, 940584, 1, 0, 0
43300, 1006257, 1, 0, 0
43400, 1054695, 1, 0, 0
43500, 1012252, 1, 0, 0
43600, 1193288, 1, 0, 0
43700, 1288909, 1, 0, 0
43800, 1183833, 1, 0, 0
43900, 1109626, 1, 0, 0
44000, 984905, 1, 0, 0
44100, 1380840, 1, 0, 0
44200, 1107150, 1, 0, 0
44300, 963568, 1, 0, 0
44400, 1161370, 1, 0, 0
44500, 1229312, 1, 0, 0
44600, 1084989, 1, 0, 0
44700, 1492074, 1, 0, 0
44800, 1318583, 1, 0, 0
44901, 1047686, 1, 0, 0
45000, 989803, 1, 0, 0
45100, 839267, 1, 0, 0
45200, 1237395, 1, 0, 0
45300, 1069866, 1, 0, 0
45400, 1175112, 1, 0, 0
45500, 995951, 1, 0, 0
45600, 961210, 1, 0, 0
45700, 1027332, 1, 0, 0
45800, 1179238, 1, 0, 0
45900, 1203418, 1, 0, 0
46001, 1155678, 1, 0, 0
46102, 1300674, 1, 0, 0
46201, 1128668, 1, 0, 0
46300, 869662, 1, 0, 0
46400, 987460, 1, 0, 0
46500, 1278904, 1, 0, 0
46601, 1130039, 1, 0, 0
46700, 1125690, 1, 0, 0
46800, 1023520, 1, 0, 0
46900, 1136995, 1, 0, 0
47000, 967876, 1, 0, 0
47100, 943415, 1, 0, 0
47200, 1099437, 1, 0, 0
47300, 1186191, 1, 0, 0
47400, 1179203, 1, 0, 0
47500, 1283903, 1, 0, 0
47600, 1469006, 1, 0, 0
47700, 1078441, 1, 0, 0
47800, 991014, 1, 0, 0
47900, 965296, 1, 0, 0
48000, 1075072, 1, 0, 0
48100, 972863, 1, 0, 0
48200, 1193294, 1, 0, 0
48300, 1142086, 1, 0, 0
48400, 1307727, 1, 0, 0
48500, 1074861, 1, 0, 0
48600, 1004045, 1, 0, 0
48700, 1156152, 1, 0, 0
48800, 1291261, 1, 0, 0
48900, 994638, 1, 0, 0
49000, 1027255, 1, 0, 0
49100, 974864, 1, 0, 0
49201, 1180945, 1, 0, 0
49300, 1222516, 1, 0, 0
49400, 1170597, 1, 0, 0
49500, 984109, 1, 0, 0
49600, 1073896, 1, 0, 0
49700, 1084172, 1, 0, 0
49800, 1179188, 1, 0, 0
49900, 955311, 1, 0, 0
50000, 967728, 1, 0, 0
50100, 969167, 1, 0, 0
50200, 1051589, 1, 0, 0
50300, 1209274, 1, 0, 0
50400, 1161844, 1, 0, 0
50500, 1175648, 1, 0, 0
50600, 1037568, 1, 0, 0
50700, 1010480, 1, 0, 0
50800, 1000541, 1, 0, 0
50900, 1079839, 1, 0, 0
51000, 1331846, 1, 0, 0
51100, 1084636, 1, 0, 0
51200, 930969, 1, 0, 0
51300, 993813, 1, 0, 0
51400, 1159254, 1, 0, 0
51500, 974495, 1, 0, 0
51600, 1090816, 1, 0, 0
51700, 1553030, 1, 0, 0
51800, 1009221, 1, 0, 0
51900, 979115, 1, 0, 0
52000, 1168011, 1, 0, 0
52100, 945841, 1, 0, 0
52200, 1084314, 1, 0, 0
52300, 1189475, 1, 0, 0
52400, 926859, 1, 0, 0
52500, 903257, 1, 0, 0
52601, 1125268, 1, 0, 0
52700, 1046445, 1, 0, 0
52800, 1065154, 1, 0, 0
52900, 929465, 1, 0, 0
53000, 1145099, 1, 0, 0
53100, 1000409, 1, 0, 0
53200, 972624, 1, 0, 0
53300, 1042235, 1, 0, 0
53400, 1117949, 1, 0, 0
53513, 1147755, 1, 0, 0
53600, 1188758, 1, 0, 0
53700, 985969, 1, 0, 0
53801, 797639, 1, 0, 0
53900, 967647, 1, 0, 0
54000, 1111338, 1, 0, 0
54100, 1079810, 1, 0, 0
54200, 939089, 1, 0, 0
54300, 962247, 1, 0, 0
54400, 880989, 1, 0, 0
54500, 1139293, 1, 0, 0
54600, 1283426, 1, 0, 0
54700, 1212999, 1, 0, 0
54800, 1260305, 1, 0, 0
54900, 828365, 1, 0, 0
55000, 917651, 1, 0, 0
55100, 963933, 1, 0, 0
55200, 925703, 1, 0, 0
55300, 901354, 1, 0, 0
55400, 927787, 1, 0, 0
55500, 960230, 1, 0, 0
55600, 1136483, 1, 0, 0
55700, 1047914, 1, 0, 0
55800, 1077995, 1, 0, 0
55900, 967524, 1, 0, 0
56000, 1023346, 1, 0, 0
56100, 1189883, 1, 0, 0
56200, 1274720, 1, 0, 0
56300, 957078, 1, 0, 0
56400, 1025753, 1, 0, 0
56501, 1180554, 1, 0, 0
56600, 1176370, 1, 0, 0
56700, 961549, 1, 0, 0
56800, 1045028, 1, 0, 0
56900, 1244336, 1, 0, 0
57000, 958510, 1, 0, 0
57100, 1107452, 1, 0, 0
57200, 1098036, 1, 0, 0
57300, 1002064, 1, 0, 0
57400, 975031, 1, 0, 0
57500, 1027577, 1, 0, 0
57600, 913987, 1, 0, 0
57700, 1055764, 1, 0, 0
57800, 898352, 1, 0, 0
57900, 976843, 1, 0, 0
58000, 975121, 1, 0, 0
58100, 845246, 1, 0, 0
58201, 833586, 1, 0, 0
58300, 960548, 1, 0, 0
58400, 984935, 1, 0, 0
58500, 927348, 1, 0, 0
58600, 1055920, 1, 0, 0
58700, 936169, 1, 0, 0
58800, 1017373, 1, 0, 0
58900, 919044, 1, 0, 0
59000, 1040036, 1, 0, 0
59100, 1011959, 1, 0, 0
59200, 948024, 1, 0, 0
59300, 958195, 1, 0, 0
59400, 1101542, 1, 0, 0
59500, 921032, 1, 0, 0
59600, 950260, 1, 0, 0
59700, 1012557, 1, 0, 0
59800, 979451, 1, 0, 0
59900, 1037621, 1, 0, 0
60000, 1036013, 1, 0, 0
60100, 884373, 1, 0, 0
60200, 1172985, 1, 0, 0
60300, 1088306, 1, 0, 0
60400, 941745, 1, 0, 0
60500, 1190091, 1, 0, 0
60600, 1131962, 1, 0, 0
60700, 1092226, 1, 0, 0
60800, 1033383, 1, 0, 0
60900, 1026949, 1, 0, 0
61000, 974203, 1, 0, 0
61100, 915251, 1, 0, 0
61200, 883586, 1, 0, 0
61300, 1387929, 1, 0, 0
61400, 1600027, 1, 0, 0
61500, 1085930, 1, 0, 0
61600, 1040278, 1, 0, 0
61700, 1020211, 1, 0, 0
61800, 931194, 1, 0, 0
61900, 851028, 1, 0, 0
62000, 980536, 1, 0, 0
62100, 1043293, 1, 0, 0
62200, 940029, 1, 0, 0
62300, 1176284, 1, 0, 0
62400, 975206, 1, 0, 0
62500, 878128, 1, 0, 0
62600, 910388, 1, 0, 0
62702, 1131832, 1, 0, 0
62800, 1104556, 1, 0, 0
62900, 1004320, 1, 0, 0
63000, 1166445, 1, 0, 0
63100, 1019924, 1, 0, 0
63200, 1070813, 1, 0, 0
63300, 889179, 1, 0, 0
63400, 970557, 1, 0, 0
63500, 907133, 1, 0, 0
63600, 998127, 1, 0, 0
63700, 1700931, 1, 0, 0
63800, 941388, 1, 0, 0
63900, 1004156, 1, 0, 0
64000, 1130542, 1, 0, 0
64100, 1117026, 1, 0, 0
64200, 1026770, 1, 0, 0
64300, 1213108, 1, 0, 0
64400, 1020205, 1, 0, 0
64500, 1032245, 1, 0, 0
64600, 891955, 1, 0, 0
64700, 1026985, 1, 0, 0
64800, 1003671, 1, 0, 0
64900, 1077098, 1, 0, 0
65000, 1040737, 1, 0, 0
65100, 926648, 1, 0, 0
65200, 877625, 1, 0, 0
65301, 1030181, 1, 0, 0
65400, 1026398, 1, 0, 0
65500, 983819, 1, 0, 0
65600, 1043395, 1, 0, 0
65700, 917161, 1, 0, 0
65800, 950674, 1, 0, 0
65900, 1022965, 1, 0, 0
66000, 922284, 1, 0, 0
66100, 954427, 1, 0, 0
66200, 958706, 1, 0, 0
66300, 1067256, 1, 0, 0
66400, 1206164, 1, 0, 0
66500, 981169, 1, 0, 0
66600, 1078033, 1, 0, 0
66700, 1070293, 1, 0, 0
66800, 1029026, 1, 0, 0
66900, 981340, 1, 0, 0
67000, 926619, 1, 0, 0
67100, 898463, 1, 0, 0
67200, 1059918, 1, 0, 0
67300, 931760, 1, 0, 0
67400, 929612, 1, 0, 0
67500, 1068198, 1, 0, 0
67600, 1022832, 1, 0, 0
67700, 1217479, 1, 0, 0
67800, 1109771, 1, 0, 0
67900, 1271299, 1, 0, 0
68000, 1164420, 1, 0, 0
68100, 975099, 1, 0, 0
68200, 1124897, 1, 0, 0
68300, 1095691, 1, 0, 0
68400, 1011980, 1, 0, 0
68500, 948008, 1, 0, 0
68600, 1130950, 1, 0, 0
68700, 1140650, 1, 0, 0
68800, 1187932, 1, 0, 0
68900, 1021493, 1, 0, 0
69000, 1338668, 1, 0, 0
69101, 1141591, 1, 0, 0
69200, 1028042, 1, 0, 0
69300, 1038097, 1, 0, 0
69400, 1019564, 1, 0, 0
69500, 1148371, 1, 0, 0
69600, 984792, 1, 0, 0
69701, 1133443, 1, 0, 0
69800, 1281004, 1, 0, 0
69900, 1229038, 1, 0, 0
70000, 1215748, 1, 0, 0
70100, 1174532, 1, 0, 0
70200, 1397787, 1, 0, 0
70300, 1158044, 1, 0, 0
70400, 911833, 1, 0, 0
70500, 890473, 1, 0, 0
70600, 1196767, 1, 0, 0
70700, 1352711, 1, 0, 0
70800, 1264791, 1, 0, 0
70900, 1277965, 1, 0, 0
71000, 1273963, 1, 0, 0
71100, 1127176, 1, 0, 0
71200, 1093330, 1, 0, 0
71300, 1193616, 1, 0, 0
71400, 1035509, 1, 0, 0
71500, 840707, 1, 0, 0
71607, 1261787, 1, 0, 0
71700, 1665000, 1, 0, 0
71800, 1023438, 1, 0, 0
71900, 964635, 1, 0, 0
72000, 1211033, 1, 0, 0
72100, 1082844, 1, 0, 0
72200, 1171184, 1, 0, 0
72300, 1358497, 1, 0, 0
72400, 1120271, 1, 0, 0
72500, 987026, 1, 0, 0
72600, 989062, 1, 0, 0
72700, 1007040, 1, 0, 0
72800, 980128, 1, 0, 0
72900, 1062447, 1, 0, 0
73000, 973336, 1, 0, 0
73100, 993105, 1, 0, 0
73200, 1221941, 1, 0, 0
73300, 960678, 1, 0, 0
73400, 999063, 1, 0, 0
73500, 1118152, 1, 0, 0
73600, 1390399, 1, 0, 0
73700, 1089006, 1, 0, 0
73800, 1044030, 1, 0, 0
73900, 1282115, 1, 0, 0
74004, 1031536, 1, 0, 0
74100, 1126917, 1, 0, 0
74200, 1265937, 1, 0, 0
74300, 1214570, 1, 0, 0
74400, 1020531, 1, 0, 0
74500, 1016686, 1, 0, 0
74600, 975332, 1, 0, 0
74700, 1005310, 1, 0, 0
74800, 1221226, 1, 0, 0
74900, 1281391, 1, 0, 0
75000, 1017562, 1, 0, 0
75108, 1130646, 1, 0, 0
75200, 1326922, 1, 0, 0
75300, 1167890, 1, 0, 0
75400, 1066873, 1, 0, 0
75500, 1090930, 1, 0, 0
75600, 869656, 1, 0, 0
75700, 955635, 1, 0, 0
75801, 1303168, 1, 0, 0
75900, 1190773, 1, 0, 0
76000, 956664, 1, 0, 0
76100, 958098, 1, 0, 0
76200, 1177045, 1, 0, 0
76300, 1197263, 1, 0, 0
76400, 1128489, 1, 0, 0
76500, 1064610, 1, 0, 0
76600, 970958, 1, 0, 0
76700, 1080843, 1, 0, 0
76800, 1825063, 1, 0, 0
76900, 909008, 1, 0, 0
77000, 965543, 1, 0, 0
77100, 1098906, 1, 0, 0
77200, 923021, 1, 0, 0
77300, 921183, 1, 0, 0
77400, 1046068, 1, 0, 0
77500, 885122, 1, 0, 0
77600, 936575, 1, 0, 0
77700, 1077623, 1, 0, 0
77800, 1132796, 1, 0, 0
77900, 918903, 1, 0, 0
78000, 1228842, 1, 0, 0
78101, 1829394, 1, 0, 0
78200, 1133282, 1, 0, 0
78300, 1018277, 1, 0, 0
78400, 1451655, 1, 0, 0
78501, 975646, 1, 0, 0
78600, 985731, 1, 0, 0
78700, 881029, 1, 0, 0
78800, 1054763, 1, 0, 0
78900, 874710, 1, 0, 0
79000, 1218513, 1, 0, 0
79100, 1120066, 1, 0, 0
79200, 942693, 1, 0, 0
79300, 886821, 1, 0, 0
79400, 1134912, 1, 0, 0
79500, 1008209, 1, 0, 0
79600, 1109084, 1, 0, 0
79700, 1020572, 1, 0, 0
79800, 1148546, 1, 0, 0
79900, 1007320, 1, 0, 0
80000, 922396, 1, 0, 0
80100, 970220, 1, 0, 0
80200, 971264, 1, 0, 0
80300, 921055, 1, 0, 0
80400, 1154748, 1, 0, 0
80500, 1098585, 1, 0, 0
80600, 898199, 1, 0, 0
80700, 1134392, 1, 0, 0
80800, 969758, 1, 0, 0
80900, 955550, 1, 0, 0
81000, 1125362, 1, 0, 0
81100, 849346, 1, 0, 0
81200, 1257330, 1, 0, 0
81300, 1030900, 1, 0, 0
81400, 864064, 1, 0, 0
81500, 997347, 1, 0, 0
81600, 957858, 1, 0, 0
81700, 887629, 1, 0, 0
81800, 951405, 1, 0, 0
81900, 889934, 1, 0, 0
82000, 841644, 1, 0, 0
82100, 942588, 1, 0, 0
82200, 1228522, 1, 0, 0
82300, 887044, 1, 0, 0
82400, 909160, 1, 0, 0
82500, 1105552, 1, 0, 0
82600, 1254458, 1, 0, 0
82700, 1374708, 1, 0, 0
82800, 971978, 1, 0, 0
82900, 1159426, 1, 0, 0
83000, 1032951, 1, 0, 0
83100, 1027993, 1, 0, 0
83200, 1362495, 1, 0, 0
83300, 856335, 1, 0, 0
83401, 950095, 1, 0, 0
83500, 976591, 1, 0, 0
83600, 898792, 1, 0, 0
83700, 867370, 1, 0, 0
83800, 971460, 1, 0, 0
83900, 1153934, 1, 0, 0
84000, 1000880, 1, 0, 0
84100, 1165781, 1, 0, 0
84200, 1010246, 1, 0, 0
84300, 1117477, 1, 0, 0
84400, 921492, 1, 0, 0
84500, 1296122, 1, 0, 0
84600, 1642582, 1, 0, 0
84700, 1541420, 1, 0, 0
84800, 977178, 1, 0, 0
84900, 870062, 1, 0, 0
85000, 929115, 1, 0, 0
85100, 863747, 1, 0, 0
85200, 938509, 1, 0, 0
85302, 1165682, 1, 0, 0
85400, 1208947, 1, 0, 0
85500, 1087978, 1, 0, 0
85600, 1323293, 1, 0, 0
85700, 1232810, 1, 0, 0
85800, 1216064, 1, 0, 0
85900, 1077679, 1, 0, 0
86000, 1002819, 1, 0, 0
86100, 941815, 1, 0, 0
86200, 927642, 1, 0, 0
86300, 975931, 1, 0, 0
86400, 1031920, 1, 0, 0
86500, 978682, 1, 0, 0
86600, 992193, 1, 0, 0
86700, 977185, 1, 0, 0
86800, 890610, 1, 0, 0
86900, 1150945, 1, 0, 0
87000, 1142547, 1, 0, 0
87100, 1244225, 1, 0, 0
87200, 1479544, 1, 0, 0
87300, 1226541, 1, 0, 0
87400, 941276, 1, 0, 0
87500, 1147352, 1, 0, 0
87600, 1147484, 1, 0, 0
87700, 1110608, 1, 0, 0
87808, 1042075, 1, 0, 0
87900, 1350165, 1, 0, 0
88000, 1302405, 1, 0, 0
88100, 1102611, 1, 0, 0
88200, 1149928, 1, 0, 0
88300, 1155899, 1, 0, 0
88400, 1098632, 1, 0, 0
88500, 1198124, 1, 0, 0
88600, 1070827, 1, 0, 0
88700, 1042585, 1, 0, 0
88800, 1038850, 1, 0, 0
88900, 1025927, 1, 0, 0
89000, 1119200, 1, 0, 0
89100, 1370313, 1, 0, 0
89200, 1037886, 1, 0, 0
89300, 1168479, 1, 0, 0
89400, 871651, 1, 0, 0
89500, 1231767, 1, 0, 0
89600, 1279935, 1, 0, 0
89701, 1024486, 1, 0, 0
89800, 1069014, 1, 0, 0
89901, 1159116, 1, 0, 0
90000, 960764, 1, 0, 0
90000, 526775, 1, 0, 0
