250, 22272, 0, 0, 0
350, 79280, 0, 0, 0
450, 119760, 0, 0, 0
550, 94480, 0, 0, 0
650, 55760, 0, 0, 0
749, 135111, 0, 0, 0
849, 108880, 0, 0, 0
949, 135520, 0, 0, 0
1049, 53200, 0, 0, 0
1149, 53680, 0, 0, 0
1249, 128800, 0, 0, 0
1350, 98880, 0, 0, 0
1450, 68960, 0, 0, 0
1550, 31920, 0, 0, 0
1650, 70800, 0, 0, 0
1749, 119272, 0, 0, 0
1849, 26560, 0, 0, 0
1949, 70720, 0, 0, 0
2049, 151360, 0, 0, 0
2149, 77040, 0, 0, 0
2249, 65680, 0, 0, 0
2349, 125520, 0, 0, 0
2449, 114720, 0, 0, 0
2549, 129200, 0, 0, 0
2649, 44480, 0, 0, 0
2750, 18160, 0, 0, 0
2850, 31840, 0, 0, 0
2950, 75760, 0, 0, 0
3050, 86960, 0, 0, 0
3150, 56720, 0, 0, 0
3249, 89939, 0, 0, 0
3349, 90640, 0, 0, 0
3449, 111280, 0, 0, 0
3549, 51040, 0, 0, 0
3649, 139120, 0, 0, 0
3749, 147200, 0, 0, 0
3849, 101520, 0, 0, 0
3949, 150640, 0, 0, 0
4050, 94480, 0, 0, 0
4150, 38640, 0, 0, 0
4249, 52525, 0, 0, 0
4349, 24720, 0, 0, 0
4449, 106800, 0, 0, 0
4549, 134800, 0, 0, 0
4649, 69520, 0, 0, 0
4749, 60800, 0, 0, 0
4849, 80880, 0, 0, 0
4949, 117280, 0, 0, 0
5049, 122240, 0, 0, 0
5149, 89600, 0, 0, 0
5249, 54960, 0, 0, 0
5350, 30560, 0, 0, 0
5450, 81600, 0, 0, 0
5550, 83120, 0, 0, 0
5650, 58480, 0, 0, 0
5749, 113373, 0, 0, 0
5849, 140640, 0, 0, 0
5949, 136080, 0, 0, 0
6049, 135200, 0, 0, 0
6149, 44000, 0, 0, 0
6249, 26000, 0, 0, 0
6349, 77520, 0, 0, 0
6449, 84320, 0, 0, 0
6549, 62400, 0, 0, 0
6649, 114720, 0, 0, 0
6750, 87120, 0, 0, 0
6850, 111360, 0, 0, 0
6950, 77760, 0, 0, 0
7050, 78960, 0, 0, 0
7150, 124640, 0, 0, 0
7249, 144565, 0, 0, 0
7349, 161920, 0, 0, 0
7449, 54720, 0, 0, 0
7549, 67600, 0, 0, 0
7649, 117840, 0, 0, 0
7749, 116640, 0, 0, 0
7849, 14960, 0, 0, 0
7949, 9280, 0, 0, 0
8050, 9600, 0, 0, 0
8150, 14240, 0, 0, 0
8249, 98585, 0, 0, 0
8349, 136480, 0, 0, 0
8449, 73040, 0, 0, 0
8549, 20480, 0, 0, 0
8649, 41760, 0, 0, 0
8749, 16480, 0, 0, 0
8849, 17520, 0, 0, 0
8949, 135840, 0, 0, 0
9049, 108240, 0, 0, 0
9149, 62560, 0, 0, 0
9249, 13520, 0, 0, 0
9349, 72880, 0, 0, 0
9450, 163680, 0, 0, 0
9550, 75920, 0, 0, 0
9650, 29920, 0, 0, 0
9749, 86868, 0, 0, 0
9849, 141760, 0, 0, 0
9949, 106560, 0, 0, 0
10049, 62640, 0, 0, 0
10149, 86000, 0, 0, 0
10249, 82800, 0, 0, 0
10349, 132880, 0, 0, 0
10449, 123360, 0, 0, 0
10549, 125200, 0, 0, 0
10649, 67680, 0, 0, 0
10750, 31920, 0, 0, 0
10850, 31920, 0, 0, 0
10950, 41680, 0, 0, 0
11050, 131440, 0, 0, 0
11150, 95920, 0, 0, 0
11249, 78868, 0, 0, 0
11349, 77600, 0, 0, 0
11449, 82000, 0, 0, 0
11549, 161520, 0, 0, 0
11649, 99600, 0, 0, 0
11749, 57200, 0, 0, 0
11849, 54000, 0, 0, 0
11949, 22080, 0, 0, 0
12050, 135680, 0, 0, 0
12150, 115520, 0, 0, 0
12249, 52606, 0, 0, 0
12349, 20560, 0, 0, 0
12449, 86240, 0, 0, 0
12549, 159440, 0, 0, 0
12649, 148880, 0, 0, 0
12749, 127120, 0, 0, 0
12849, 98720, 0, 0, 0
12949, 47360, 0, 0, 0
13049, 130480, 0, 0, 0
13149, 82560, 0, 0, 0
13249, 14720, 0, 0, 0
13349, 56800, 0, 0, 0
13449, 57520, 0, 0, 0
13550, 15200, 0, 0, 0
13650, 85680, 0, 0, 0
13749, 136404, 0, 0, 0
13849, 131680, 0, 0, 0
13949, 139680, 0, 0, 0
14049, 79040, 0, 0, 0
14149, 43360, 0, 0, 0
14249, 82240, 0, 0, 0
14349, 153360, 0, 0, 0
14449, 124480, 0, 0, 0
14549, 56080, 0, 0, 0
14649, 50400, 0, 0, 0
14750, 98160, 0, 0, 0
14850, 90000, 0, 0, 0
14950, 49920, 0, 0, 0
15050, 102160, 0, 0, 0
15150, 172800, 0, 0, 0
15249, 84686, 0, 0, 0
15349, 42480, 0, 0, 0
15449, 13680, 0, 0, 0
15549, 120240, 0, 0, 0
15649, 116080, 0, 0, 0
15749, 114400, 0, 0, 0
15849, 47360, 0, 0, 0
15949, 14400, 0, 0, 0
16049, 40720, 0, 0, 0
16150, 142160, 0, 0, 0
16249, 129777, 0, 0, 0
16349, 97680, 0, 0, 0
16449, 100400, 0, 0, 0
16549, 98640, 0, 0, 0
16649, 83920, 0, 0, 0
16749, 21440, 0, 0, 0
16849, 99120, 0, 0, 0
16949, 40000, 0, 0, 0
17049, 22480, 0, 0, 0
17149, 31440, 0, 0, 0
17249, 107360, 0, 0, 0
17349, 86240, 0, 0, 0
17449, 25840, 0, 0, 0
17550, 15520, 0, 0, 0
17650, 18720, 0, 0, 0
17749, 17777, 0, 0, 0
17849, 122080, 0, 0, 0
17949, 104880, 0, 0, 0
18049, 50240, 0, 0, 0
18149, 12400, 0, 0, 0
18249, 3520, 0, 0, 0
18349, 99440, 0, 0, 0
18449, 157840, 0, 0, 0
18549, 89440, 0, 0, 0
18649, 120560, 0, 0, 0
18750, 133200, 0, 0, 0
18850, 125520, 0, 0, 0
18950, 96560, 0, 0, 0
19050, 118480, 0, 0, 0
19150, 24960, 0, 0, 0
19249, 97535, 0, 0, 0
19349, 106320, 0, 0, 0
19449, 125520, 0, 0, 0
19549, 61760, 0, 0, 0
19649, 1840, 0, 0, 0
19749, 10480, 0, 0, 0
19849, 94080, 0, 0, 0
19949, 94240, 0, 0, 0
20050, 103440, 0, 0, 0
20150, 102640, 0, 0, 0
20249, 84202, 0, 0, 0
20349, 147920, 0, 0, 0
20449, 149440, 0, 0, 0
20549, 63360, 0, 0, 0
20649, 82480, 0, 0, 0
20749, 103680, 0, 0, 0
20849, 141680, 0, 0, 0
20949, 29200, 0, 0, 0
21049, 7520, 0, 0, 0
21149, 2000, 0, 0, 0
21249, 65120, 0, 0, 0
21349, 101920, 0, 0, 0
21450, 67760, 0, 0, 0
21550, 85200, 0, 0, 0
21650, 49600, 0, 0, 0
21749, 74020, 0, 0, 0
21849, 124160, 0, 0, 0
21949, 113200, 0, 0, 0
22049, 57440, 0, 0, 0
22149, 151120, 0, 0, 0
22249, 119600, 0, 0, 0
22349, 87200, 0, 0, 0
22449, 157200, 0, 0, 0
22549, 40080, 0, 0, 0
22649, 34880, 0, 0, 0
22750, 105760, 0, 0, 0
22850, 88720, 0, 0, 0
22950, 152080, 0, 0, 0
23050, 151440, 0, 0, 0
23150, 82080, 0, 0, 0
23249, 39434, 0, 0, 0
23349, 15920, 0, 0, 0
23449, 139280, 0, 0, 0
23549, 96560, 0, 0, 0
23649, 63600, 0, 0, 0
23749, 41200, 0, 0, 0
23849, 112560, 0, 0, 0
23949, 148080, 0, 0, 0
24050, 90560, 0, 0, 0
24150, 73200, 0, 0, 0
24249, 61737, 0, 0, 0
24349, 37280, 0, 0, 0
24449, 62080, 0, 0, 0
24549, 119760, 0, 0, 0
24649, 71200, 0, 0, 0
24749, 31040, 0, 0, 0
24849, 75360, 0, 0, 0
24949, 129040, 0, 0, 0
25049, 58000, 0, 0, 0
25149, 92800, 0, 0, 0
25250, 86240, 0, 0, 0
25350, 105120, 0, 0, 0
25450, 26400, 0, 0, 0
25550, 29520, 0, 0, 0
25650, 43520, 0, 0, 0
25749, 110787, 0, 0, 0
25849, 90080, 0, 0, 0
25949, 66400, 0, 0, 0
26049, 68240, 0, 0, 0
26149, 109280, 0, 0, 0
26249, 75840, 0, 0, 0
26349, 69040, 0, 0, 0
26449, 115040, 0, 0, 0
26549, 43360, 0, 0, 0
26650, 157760, 0, 0, 0
26750, 133200, 0, 0, 0
26850, 67120, 0, 0, 0
26950, 20160, 0, 0, 0
27050, 10640, 0, 0, 0
27150, 117600, 0, 0, 0
27249, 137535, 0, 0, 0
27349, 89040, 0, 0, 0
27449, 75760, 0, 0, 0
27549, 99200, 0, 0, 0
27649, 125840, 0, 0, 0
27749, 51840, 0, 0, 0
27849, 64640, 0, 0, 0
27949, 86160, 0, 0, 0
28050, 82240, 0, 0, 0
28150, 16800, 0, 0, 0
28249, 4202, 0, 0, 0
28349, 104400, 0, 0, 0
28449, 70880, 0, 0, 0
28549, 13040, 0, 0, 0
28649, 94080, 0, 0, 0
28749, 155840, 0, 0, 0
28849, 71280, 0, 0, 0
28949, 15520, 0, 0, 0
29049, 48800, 0, 0, 0
29149, 140560, 0, 0, 0
29249, 57760, 0, 0, 0
29350, 54240, 0, 0, 0
29450, 108160, 0, 0, 0
29550, 97440, 0, 0, 0
29650, 33440, 0, 0, 0
29749, 6383, 0, 0, 0
29849, 6320, 0, 0, 0
29949, 55840, 0, 0, 0
30049, 140000, 0, 0, 0
30149, 155680, 0, 0, 0
30249, 139520, 0, 0, 0
30349, 94160, 0, 0, 0
30449, 74560, 0, 0, 0
30549, 123600, 0, 0, 0
30649, 104880, 0, 0, 0
30750, 112400, 0, 0, 0
30850, 41920, 0, 0, 0
30950, 19440, 0, 0, 0
31050, 8000, 0, 0, 0
31150, 40800, 0, 0, 0
31249, 105777, 0, 0, 0
31349, 44400, 0, 0, 0
31449, 38320, 0, 0, 0
31549, 99680, 0, 0, 0
31649, 96800, 0, 0, 0
31749, 25120, 0, 0, 0
31849, 98720, 0, 0, 0
31949, 37600, 0, 0, 0
32050, 91120, 0, 0, 0
32150, 133360, 0, 0, 0
32249, 67393, 0, 0, 0
32349, 24240, 0, 0, 0
32449, 45840, 0, 0, 0
32549, 140720, 0, 0, 0
32649, 35600, 0, 0, 0
32749, 36560, 0, 0, 0
32849, 88320, 0, 0, 0
32949, 113120, 0, 0, 0
33049, 70320, 0, 0, 0
33149, 64240, 0, 0, 0
33250, 101200, 0, 0, 0
33350, 122880, 0, 0, 0
33450, 130000, 0, 0, 0
33550, 85840, 0, 0, 0
33650, 100000, 0, 0, 0
33749, 143353, 0, 0, 0
33849, 141120, 0, 0, 0
33949, 109120, 0, 0, 0
34049, 111360, 0, 0, 0
34149, 88080, 0, 0, 0
34249, 53600, 0, 0, 0
34349, 16480, 0, 0, 0
34449, 79840, 0, 0, 0
34550, 53440, 0, 0, 0
34650, 25120, 0, 0, 0
34749, 43959, 0, 0, 0
34849, 83680, 0, 0, 0
34949, 141040, 0, 0, 0
35049, 55760, 0, 0, 0
35149, 3120, 0, 0, 0
35249, 23440, 0, 0, 0
35349, 7760, 0, 0, 0
35449, 90400, 0, 0, 0
35549, 89920, 0, 0, 0
35649, 21600, 0, 0, 0
35749, 75360, 0, 0, 0
35850, 113280, 0, 0, 0
35950, 139840, 0, 0, 0
36050, 115120, 0, 0, 0
36150, 65680, 0, 0, 0
36249, 114585, 0, 0, 0
36349, 79440, 0, 0, 0
36449, 16240, 0, 0, 0
36549, 91360, 0, 0, 0
36649, 111920, 0, 0, 0
36749, 57680, 0, 0, 0
36849, 127680, 0, 0, 0
36949, 102000, 0, 0, 0
37049, 87040, 0, 0, 0
37149, 120720, 0, 0, 0
37250, 146320, 0, 0, 0
37350, 117280, 0, 0, 0
37450, 62720, 0, 0, 0
37550, 26720, 0, 0, 0
37650, 84160, 0, 0, 0
37749, 94545, 0, 0, 0
37849, 24800, 0, 0, 0
37949, 11200, 0, 0, 0
38049, 111520, 0, 0, 0
38149, 87440, 0, 0, 0
38249, 61680, 0, 0, 0
38349, 47280, 0, 0, 0
38449, 93920, 0, 0, 0
38550, 118240, 0, 0, 0
38650, 94320, 0, 0, 0
38749, 81858, 0, 0, 0
38849, 117840, 0, 0, 0
38949, 159440, 0, 0, 0
39049, 128960, 0, 0, 0
39149, 104960, 0, 0, 0
39249, 72160, 0, 0, 0
39349, 37120, 0, 0, 0
39449, 23760, 0, 0, 0
39549, 140800, 0, 0, 0
39649, 105520, 0, 0, 0
39750, 65120, 0, 0, 0
39850, 24640, 0, 0, 0
39950, 126080, 0, 0, 0
40050, 58400, 0, 0, 0
40150, 51920, 0, 0, 0
40249, 67393, 0, 0, 0
40349, 118320, 0, 0, 0
40449, 99280, 0, 0, 0
40549, 36880, 0, 0, 0
40649, 6640, 0, 0, 0
40749, 42400, 0, 0, 0
40849, 128880, 0, 0, 0
40949, 82240, 0, 0, 0
41049, 29280, 0, 0, 0
41150, 38320, 0, 0, 0
41249, 160646, 0, 0, 0
41349, 117680, 0, 0, 0
41449, 88800, 0, 0, 0
41549, 87200, 0, 0, 0
41649, 40800, 0, 0, 0
41749, 21440, 0, 0, 0
41849, 127440, 0, 0, 0
41949, 107280, 0, 0, 0
42049, 90240, 0, 0, 0
42149, 73600, 0, 0, 0
42249, 69680, 0, 0, 0
42350, 122960, 0, 0, 0
42450, 48480, 0, 0, 0
42550, 46160, 0, 0, 0
42650, 67200, 0, 0, 0
42749, 90262, 0, 0, 0
42849, 135680, 0, 0, 0
42949, 113360, 0, 0, 0
43049, 29840, 0, 0, 0
43149, 84000, 0, 0, 0
43249, 132240, 0, 0, 0
43349, 77040, 0, 0, 0
43449, 34080, 0, 0, 0
43549, 18160, 0, 0, 0
43650, 116320, 0, 0, 0
43750, 126800, 0, 0, 0
43850, 80720, 0, 0, 0
43950, 21840, 0, 0, 0
44050, 51680, 0, 0, 0
44150, 138880, 0, 0, 0
44249, 101898, 0, 0, 0
44349, 107520, 0, 0, 0
44449, 50160, 0, 0, 0
44549, 97520, 0, 0, 0
44649, 151440, 0, 0, 0
44749, 139520, 0, 0, 0
44849, 126080, 0, 0, 0
44949, 107360, 0, 0, 0
45050, 114160, 0, 0, 0
45150, 102800, 0, 0, 0
45249, 80727, 0, 0, 0
45349, 76000, 0, 0, 0
45449, 103200, 0, 0, 0
45549, 193920, 0, 0, 0
45649, 134160, 0, 0, 0
45749, 90720, 0, 0, 0
45849, 94400, 0, 0, 0
45949, 104240, 0, 0, 0
46049, 42560, 0, 0, 0
46149, 94080, 0, 0, 0
46250, 134000, 0, 0, 0
46350, 101360, 0, 0, 0
46450, 64320, 0, 0, 0
46550, 88640, 0, 0, 0
46650, 141600, 0, 0, 0
46749, 92282, 0, 0, 0
46849, 37280, 0, 0, 0
46949, 97600, 0, 0, 0
47049, 79360, 0, 0, 0
47149, 56240, 0, 0, 0
47249, 139440, 0, 0, 0
47349, 66240, 0, 0, 0
47449, 40880, 0, 0, 0
47550, 133840, 0, 0, 0
47650, 79280, 0, 0, 0
47749, 25212, 0, 0, 0
47849, 124560, 0, 0, 0
47949, 78080, 0, 0, 0
48049, 30560, 0, 0, 0
48149, 8880, 0, 0, 0
48249, 113200, 0, 0, 0
48349, 72080, 0, 0, 0
48449, 57200, 0, 0, 0
48549, 91600, 0, 0, 0
48649, 94000, 0, 0, 0
48749, 62160, 0, 0, 0
48850, 22880, 0, 0, 0
48950, 53040, 0, 0, 0
49050, 141760, 0, 0, 0
49150, 122320, 0, 0, 0
49249, 55838, 0, 0, 0
49349, 27840, 0, 0, 0
49449, 123920, 0, 0, 0
49549, 94240, 0, 0, 0
49649, 88560, 0, 0, 0
49749, 147680, 0, 0, 0
49849, 102480, 0, 0, 0
49949, 82000, 0, 0, 0
50049, 28000, 0, 0, 0
50150, 43200, 0, 0, 0
50250, 174640, 0, 0, 0
50350, 132080, 0, 0, 0
50450, 63120, 0, 0, 0
50550, 21840, 0, 0, 0
50650, 115520, 0, 0, 0
50749, 106505, 0, 0, 0
50849, 118960, 0, 0, 0
50949, 119440, 0, 0, 0
51049, 166720, 0, 0, 0
51149, 145120, 0, 0, 0
51249, 117760, 0, 0, 0
51349, 48160, 0, 0, 0
51449, 104720, 0, 0, 0
51550, 126320, 0, 0, 0
51650, 56000, 0, 0, 0
51749, 33373, 0, 0, 0
51849, 46960, 0, 0, 0
51949, 128240, 0, 0, 0
52049, 72960, 0, 0, 0
52149, 71120, 0, 0, 0
52249, 124720, 0, 0, 0
52349, 65440, 0, 0, 0
52449, 72800, 0, 0, 0
52549, 43440, 0, 0, 0
52649, 111600, 0, 0, 0
52750, 106480, 0, 0, 0
52850, 119760, 0, 0, 0
52950, 141200, 0, 0, 0
53050, 180720, 0, 0, 0
53150, 146320, 0, 0, 0
53249, 83313, 0, 0, 0
53349, 96400, 0, 0, 0
53449, 144800, 0, 0, 0
53549, 40400, 0, 0, 0
53649, 39040, 0, 0, 0
53749, 159760, 0, 0, 0
53849, 119520, 0, 0, 0
53949, 88960, 0, 0, 0
54049, 121120, 0, 0, 0
54150, 130320, 0, 0, 0
54250, 75600, 0, 0, 0
54350, 64160, 0, 0, 0
54450, 183840, 0, 0, 0
54550, 125440, 0, 0, 0
54650, 135040, 0, 0, 0
54749, 116929, 0, 0, 0
54849, 81920, 0, 0, 0
54949, 105200, 0, 0, 0
55049, 75200, 0, 0, 0
55149, 161600, 0, 0, 0
55249, 168960, 0, 0, 0
55349, 65600, 0, 0, 0
55449, 32000, 0, 0, 0
55550, 59840, 0, 0, 0
55650, 127200, 0, 0, 0
55749, 112080, 0, 0, 0
55849, 67920, 0, 0, 0
55949, 75680, 0, 0, 0
56049, 99200, 0, 0, 0
56149, 104400, 0, 0, 0
56249, 161200, 0, 0, 0
56349, 141600, 0, 0, 0
56449, 71600, 0, 0, 0
56549, 29600, 0, 0, 0
56649, 126640, 0, 0, 0
56750, 89040, 0, 0, 0
56850, 33760, 0, 0, 0
56950, 52480, 0, 0, 0
57050, 149520, 0, 0, 0
57150, 126720, 0, 0, 0
57249, 46707, 0, 0, 0
57349, 30480, 0, 0, 0
57449, 128480, 0, 0, 0
57549, 161600, 0, 0, 0
57649, 153120, 0, 0, 0
57749, 148800, 0, 0, 0
57849, 82000, 0, 0, 0
57949, 27920, 0, 0, 0
58050, 1440, 0, 0, 0
58150, 79600, 0, 0, 0
58249, 130666, 0, 0, 0
58349, 68880, 0, 0, 0
58449, 33040, 0, 0, 0
58549, 30400, 0, 0, 0
58649, 161680, 0, 0, 0
58749, 112960, 0, 0, 0
58849, 125920, 0, 0, 0
58949, 99440, 0, 0, 0
59049, 69200, 0, 0, 0
59149, 132640, 0, 0, 0
59249, 140400, 0, 0, 0
59349, 117360, 0, 0, 0
59450, 34880, 0, 0, 0
59550, 19520, 0, 0, 0
59650, 83280, 0, 0, 0
59749, 114505, 0, 0, 0
59849, 139360, 0, 0, 0
59949, 75440, 0, 0, 0
60049, 110480, 0, 0, 0
60149, 32640, 0, 0, 0
60249, 155280, 0, 0, 0
60349, 97040, 0, 0, 0
60449, 6400, 0, 0, 0
60549, 19440, 0, 0, 0
60649, 129760, 0, 0, 0
60750, 124320, 0, 0, 0
60850, 114320, 0, 0, 0
60950, 86480, 0, 0, 0
61050, 35840, 0, 0, 0
61150, 147360, 0, 0, 0
61249, 77171, 0, 0, 0
61349, 32640, 0, 0, 0
61449, 56800, 0, 0, 0
61549, 143200, 0, 0, 0
61649, 86000, 0, 0, 0
61749, 53360, 0, 0, 0
61849, 70640, 0, 0, 0
61949, 61360, 0, 0, 0
62050, 65440, 0, 0, 0
62150, 54160, 0, 0, 0
62249, 154424, 0, 0, 0
62349, 116720, 0, 0, 0
62449, 98080, 0, 0, 0
62549, 68720, 0, 0, 0
62649, 120000, 0, 0, 0
62749, 67360, 0, 0, 0
62849, 8240, 0, 0, 0
62949, 120320, 0, 0, 0
63049, 140640, 0, 0, 0
63149, 123280, 0, 0, 0
63249, 75440, 0, 0, 0
63349, 81040, 0, 0, 0
63449, 144160, 0, 0, 0
63550, 82960, 0, 0, 0
63650, 35600, 0, 0, 0
63749, 56323, 0, 0, 0
63849, 141840, 0, 0, 0
63949, 87280, 0, 0, 0
64049, 69440, 0, 0, 0
64149, 51040, 0, 0, 0
64249, 96240, 0, 0, 0
64349, 90160, 0, 0, 0
64449, 144000, 0, 0, 0
64549, 67760, 0, 0, 0
64649, 89920, 0, 0, 0
64750, 130960, 0, 0, 0
64850, 172000, 0, 0, 0
64950, 125840, 0, 0, 0
65050, 39920, 0, 0, 0
65150, 28160, 0, 0, 0
65249, 11797, 0, 0, 0
65349, 28640, 0, 0, 0
65449, 135760, 0, 0, 0
65549, 60240, 0, 0, 0
65649, 31920, 0, 0, 0
65749, 93520, 0, 0, 0
65849, 107600, 0, 0, 0
65949, 39120, 0, 0, 0
66050, 6880, 0, 0, 0
66150, 14480, 0, 0, 0
66249, 139959, 0, 0, 0
66349, 119200, 0, 0, 0
66449, 49920, 0, 0, 0
66549, 24240, 0, 0, 0
66649, 9920, 0, 0, 0
66749, 65760, 0, 0, 0
66849, 150720, 0, 0, 0
66949, 135840, 0, 0, 0
67049, 75680, 0, 0, 0
67149, 24800, 0, 0, 0
67249, 41040, 0, 0, 0
67350, 98240, 0, 0, 0
67450, 31760, 0, 0, 0
67550, 38800, 0, 0, 0
67650, 36800, 0, 0, 0
67749, 126060, 0, 0, 0
67849, 88480, 0, 0, 0
67949, 38480, 0, 0, 0
68049, 70240, 0, 0, 0
68149, 52400, 0, 0, 0
68249, 140160, 0, 0, 0
68349, 93440, 0, 0, 0
68449, 62960, 0, 0, 0
68549, 62640, 0, 0, 0
68649, 38240, 0, 0, 0
68750, 123200, 0, 0, 0
68850, 126240, 0, 0, 0
68950, 76400, 0, 0, 0
69050, 91600, 0, 0, 0
69150, 98720, 0, 0, 0
69249, 90585, 0, 0, 0
69349, 140560, 0, 0, 0
69449, 120320, 0, 0, 0
69549, 75520, 0, 0, 0
69649, 85280, 0, 0, 0
69749, 114000, 0, 0, 0
69849, 139280, 0, 0, 0
69949, 147040, 0, 0, 0
70050, 51840, 0, 0, 0
70150, 66320, 0, 0, 0
70249, 74828, 0, 0, 0
70349, 78960, 0, 0, 0
70449, 136320, 0, 0, 0
70549, 40000, 0, 0, 0
70649, 47200, 0, 0, 0
70749, 82160, 0, 0, 0
70849, 136480, 0, 0, 0
70949, 136880, 0, 0, 0
71049, 116640, 0, 0, 0
71149, 69520, 0, 0, 0
71250, 116320, 0, 0, 0
71350, 117840, 0, 0, 0
71450, 157920, 0, 0, 0
71550, 99600, 0, 0, 0
71650, 95120, 0, 0, 0
71749, 93494, 0, 0, 0
71849, 48160, 0, 0, 0
71949, 110800, 0, 0, 0
72049, 69120, 0, 0, 0
72149, 9600, 0, 0, 0
72249, 122400, 0, 0, 0
72349, 104960, 0, 0, 0
72449, 100160, 0, 0, 0
72550, 72560, 0, 0, 0
72650, 124480, 0, 0, 0
72749, 69171, 0, 0, 0
72849, 162400, 0, 0, 0
72949, 111520, 0, 0, 0
73049, 70880, 0, 0, 0
73149, 59200, 0, 0, 0
73249, 40960, 0, 0, 0
73349, 89680, 0, 0, 0
73449, 168000, 0, 0, 0
73549, 114320, 0, 0, 0
73649, 111040, 0, 0, 0
73749, 58720, 0, 0, 0
73849, 57520, 0, 0, 0
73949, 139120, 0, 0, 0
74050, 77280, 0, 0, 0
74150, 22880, 0, 0, 0
74249, 56242, 0, 0, 0
74349, 135280, 0, 0, 0
74449, 136640, 0, 0, 0
74549, 77280, 0, 0, 0
74649, 67280, 0, 0, 0
74749, 72400, 0, 0, 0
74849, 164080, 0, 0, 0
74949, 145520, 0, 0, 0
75049, 99280, 0, 0, 0
75149, 31600, 0, 0, 0
75250, 42320, 0, 0, 0
75350, 138400, 0, 0, 0
75450, 72160, 0, 0, 0
75550, 33840, 0, 0, 0
75650, 16800, 0, 0, 0
75749, 133575, 0, 0, 0
75849, 185920, 0, 0, 0
75949, 159680, 0, 0, 0
76049, 117120, 0, 0, 0
76149, 30080, 0, 0, 0
76249, 97280, 0, 0, 0
76349, 87200, 0, 0, 0
76449, 48640, 0, 0, 0
76550, 68560, 0, 0, 0
76650, 134480, 0, 0, 0
76749, 129696, 0, 0, 0
76849, 27840, 0, 0, 0
76949, 42160, 0, 0, 0
77049, 59200, 0, 0, 0
77149, 132160, 0, 0, 0
77249, 58800, 0, 0, 0
77349, 28720, 0, 0, 0
77449, 161600, 0, 0, 0
77549, 136560, 0, 0, 0
77649, 67200, 0, 0, 0
77749, 36960, 0, 0, 0
77849, 108720, 0, 0, 0
77949, 140640, 0, 0, 0
78050, 128560, 0, 0, 0
78150, 86560, 0, 0, 0
78249, 57292, 0, 0, 0
78349, 27600, 0, 0, 0
78449, 112880, 0, 0, 0
78549, 80640, 0, 0, 0
78649, 38800, 0, 0, 0
78749, 103040, 0, 0, 0
78849, 146640, 0, 0, 0
78949, 142080, 0, 0, 0
79049, 100880, 0, 0, 0
79149, 75200, 0, 0, 0
79250, 139440, 0, 0, 0
79350, 105440, 0, 0, 0
79450, 32160, 0, 0, 0
79550, 88800, 0, 0, 0
79650, 85040, 0, 0, 0
79749, 33858, 0, 0, 0
79849, 27760, 0, 0, 0
79949, 34480, 0, 0, 0
80049, 117760, 0, 0, 0
80149, 152160, 0, 0, 0
80249, 76800, 0, 0, 0
80349, 68320, 0, 0, 0
80449, 145920, 0, 0, 0
80550, 104000, 0, 0, 0
80650, 60000, 0, 0, 0
80749, 58343, 0, 0, 0
80849, 104560, 0, 0, 0
80949, 154000, 0, 0, 0
81049, 142160, 0, 0, 0
81149, 173280, 0, 0, 0
81249, 99840, 0, 0, 0
81349, 47200, 0, 0, 0
81449, 57600, 0, 0, 0
81549, 74320, 0, 0, 0
81649, 111840, 0, 0, 0
81749, 34800, 0, 0, 0
81849, 12720, 0, 0, 0
81950, 23280, 0, 0, 0
82050, 140880, 0, 0, 0
82150, 100480, 0, 0, 0
82249, 88080, 0, 0, 0
82349, 133200, 0, 0, 0
82449, 63040, 0, 0, 0
82549, 15440, 0, 0, 0
82649, 59760, 0, 0, 0
82749, 129360, 0, 0, 0
82849, 85680, 0, 0, 0
82949, 30960, 0, 0, 0
83049, 93120, 0, 0, 0
83149, 166480, 0, 0, 0
83250, 148080, 0, 0, 0
83350, 29920, 0, 0, 0
83450, 79680, 0, 0, 0
83550, 112640, 0, 0, 0
83650, 24560, 0, 0, 0
83749, 64000, 0, 0, 0
83849, 76160, 0, 0, 0
83949, 90800, 0, 0, 0
84049, 57520, 0, 0, 0
84149, 51440, 0, 0, 0
84249, 96240, 0, 0, 0
84349, 153200, 0, 0, 0
84449, 70080, 0, 0, 0
84550, 36480, 0, 0, 0
84650, 63280, 0, 0, 0
84749, 103919, 0, 0, 0
84849, 101600, 0, 0, 0
84949, 114240, 0, 0, 0
85049, 86240, 0, 0, 0
85149, 62320, 0, 0, 0
85249, 145440, 0, 0, 0
85349, 94560, 0, 0, 0
85449, 87440, 0, 0, 0
85549, 75280, 0, 0, 0
85649, 137520, 0, 0, 0
85750, 162960, 0, 0, 0
85850, 58880, 0, 0, 0
85950, 24240, 0, 0, 0
86050, 56720, 0, 0, 0
86150, 134720, 0, 0, 0
86249, 109656, 0, 0, 0
86349, 160880, 0, 0, 0
86449, 142800, 0, 0, 0
86549, 106480, 0, 0, 0
86649, 85520, 0, 0, 0
86749, 102720, 0, 0, 0
86849, 31680, 0, 0, 0
86949, 100880, 0, 0, 0
87049, 162560, 0, 0, 0
87150, 121120, 0, 0, 0
87250, 50400, 0, 0, 0
87350, 81840, 0, 0, 0
87450, 92800, 0, 0, 0
87550, 95440, 0, 0, 0
87650, 47520, 0, 0, 0
87749, 132444, 0, 0, 0
87849, 136320, 0, 0, 0
87949, 26320, 0, 0, 0
88049, 17200, 0, 0, 0
88149, 113760, 0, 0, 0
88249, 116320, 0, 0, 0
88349, 72240, 0, 0, 0
88449, 35840, 0, 0, 0
88550, 105360, 0, 0, 0
88650, 51200, 0, 0, 0
88749, 8969, 0, 0, 0
88849, 8080, 0, 0, 0
88949, 95920, 0, 0, 0
89049, 112960, 0, 0, 0
89149, 36800, 0, 0, 0
89249, 33680, 0, 0, 0
89349, 23600, 0, 0, 0
89449, 119120, 0, 0, 0
89549, 62800, 0, 0, 0
89649, 72960, 0, 0, 0
89750, 103520, 0, 0, 0
89850, 54560, 0, 0, 0
89950, 20720, 0, 0, 0
