100, 2140839, 0, 0, 0
200, 1835124, 0, 0, 0
300, 2193081, 0, 0, 0
401, 2471955, 0, 0, 0
500, 2467999, 0, 0, 0
600, 2417899, 0, 0, 0
700, 2799948, 0, 0, 0
804, 3046160, 0, 0, 0
900, 2357637, 0, 0, 0
1000, 2094552, 0, 0, 0
1100, 2462951, 0, 0, 0
1200, 2098269, 0, 0, 0
1301, 2466208, 0, 0, 0
1400, 2562739, 0, 0, 0
1501, 2328079, 0, 0, 0
1600, 2799833, 0, 0, 0
1701, 2358652, 0, 0, 0
1800, 2731640, 0, 0, 0
1900, 3031196, 0, 0, 0
2000, 2156059, 0, 0, 0
2102, 2096525, 0, 0, 0
2200, 2412142, 0, 0, 0
2300, 2215243, 0, 0, 0
2400, 2034893, 0, 0, 0
2500, 2907454, 0, 0, 0
2600, 2360085, 0, 0, 0
2701, 2026357, 0, 0, 0
2801, 2594537, 0, 0, 0
2900, 2490245, 0, 0, 0
3000, 2391125, 0, 0, 0
3100, 2103722, 0, 0, 0
3200, 2007123, 0, 0, 0
3300, 2361178, 0, 0, 0
3400, 2589665, 0, 0, 0
3500, 1973916, 0, 0, 0
3603, 2492283, 0, 0, 0
3700, 2329860, 0, 0, 0
3800, 2290153, 0, 0, 0
3903, 2451783, 0, 0, 0
4000, 2523880, 0, 0, 0
4100, 2529129, 0, 0, 0
4200, 2055648, 0, 0, 0
4301, 2253544, 0, 0, 0
4401, 2388518, 0, 0, 0
4500, 2159189, 0, 0, 0
4600, 2233677, 0, 0, 0
4700, 2310029, 0, 0, 0
4800, 1856406, 0, 0, 0
4900, 2506226, 0, 0, 0
5002, 2842009, 0, 0, 0
5100, 3164813, 0, 0, 0
5200, 2039852, 0, 0, 0
5301, 2090903, 0, 0, 0
5402, 2281219, 0, 0, 0
5500, 2938011, 0, 0, 0
5600, 2322308, 0, 0, 0
5700, 2300089, 0, 0, 0
5800, 2181080, 0, 0, 0
5902, 2539366, 0, 0, 0
6000, 2413145, 0, 0, 0
6101, 2365928, 0, 0, 0
6200, 2188385, 0, 0, 0
6300, 2436262, 0, 0, 0
6402, 2575172, 0, 0, 0
6500, 2148942, 0, 0, 0
6601, 2427273, 0, 0, 0
6700, 2208543, 0, 0, 0
6800, 2582711, 0, 0, 0
6900, 2590847, 0, 0, 0
7000, 2529344, 0, 0, 0
7100, 2336558, 0, 0, 0
7200, 2444133, 0, 0, 0
7300, 2451276, 0, 0, 0
7401, 2556386, 0, 0, 0
7500, 2483576, 0, 0, 0
7601, 2364642, 0, 0, 0
7700, 2017908, 0, 0, 0
7800, 2454916, 0, 0, 0
7900, 2224122, 0, 0, 0
8000, 2233082, 0, 0, 0
8100, 2819138, 0, 0, 0
8201, 2548493, 0, 0, 0
8300, 2146963, 0, 0, 0
8400, 2993483, 0, 0, 0
8502, 2222597, 0, 0, 0
8600, 2452220, 0, 0, 0
8700, 2566134, 0, 0, 0
8800, 2124181, 0, 0, 0
8900, 2439866, 0, 0, 0
9001, 2514292, 0, 0, 0
9100, 2620811, 0, 0, 0
9201, 2164096, 0, 0, 0
9301, 2332675, 0, 0, 0
9400, 2026365, 0, 0, 0
9500, 2070482, 0, 0, 0
9601, 2560512, 0, 0, 0
9700, 2336339, 0, 0, 0
9801, 2792145, 0, 0, 0
9900, 2387638, 0, 0, 0
10000, 2335896, 0, 0, 0
10100, 2472646, 0, 0, 0
10200, 2525949, 0, 0, 0
10300, 2676317, 0, 0, 0
10400, 2639300, 0, 0, 0
10500, 1984119, 0, 0, 0
10600, 2366790, 0, 0, 0
10701, 2257251, 0, 0, 0
10800, 2184039, 0, 0, 0
10900, 2775858, 0, 0, 0
11000, 3147257, 0, 0, 0
11100, 2520283, 0, 0, 0
11201, 2213575, 0, 0, 0
11300, 2543850, 0, 0, 0
11400, 2859348, 0, 0, 0
11501, 2635000, 0, 0, 0
11600, 2477642, 0, 0, 0
11702, 2909364, 0, 0, 0
11800, 2412985, 0, 0, 0
11900, 1994401, 0, 0, 0
12000, 1886646, 0, 0, 0
12100, 2243447, 0, 0, 0
12200, 2767106, 0, 0, 0
12300, 2551012, 0, 0, 0
12403, 2339571, 0, 0, 0
12500, 2330301, 0, 0, 0
12600, 2833009, 0, 0, 0
12700, 2286212, 0, 0, 0
12800, 2404850, 0, 0, 0
12900, 2147063, 0, 0, 0
13000, 2224440, 0, 0, 0
13100, 2577343, 0, 0, 0
13200, 2363281, 0, 0, 0
13300, 2177797, 0, 0, 0
13401, 2226760, 0, 0, 0
13500, 2180311, 0, 0, 0
13602, 2200271, 0, 0, 0
13700, 2172638, 0, 0, 0
13800, 2037039, 0, 0, 0
13900, 2427309, 0, 0, 0
14000, 2207583, 0, 0, 0
14100, 2187132, 0, 0, 0
14200, 2374122, 0, 0, 0
14301, 2425719, 0, 0, 0
14401, 2681579, 0, 0, 0
14500, 2171173, 0, 0, 0
14600, 1881363, 0, 0, 0
14700, 2290854, 0, 0, 0
14800, 2129700, 0, 0, 0
14900, 2521871, 0, 0, 0
15000, 2146611, 0, 0, 0
15100, 2312747, 0, 0, 0
15200, 2440456, 0, 0, 0
15301, 2406161, 0, 0, 0
15400, 2180543, 0, 0, 0
15500, 2315377, 0, 0, 0
15600, 3513829, 0, 0, 0
15700, 2230610, 0, 0, 0
15800, 2072597, 0, 0, 0
15900, 2102212, 0, 0, 0
16001, 2395706, 0, 0, 0
16100, 2479153, 0, 0, 0
16200, 3060313, 0, 0, 0
16300, 2566651, 0, 0, 0
16400, 2315553, 0, 0, 0
16500, 2130750, 0, 0, 0
16600, 2489987, 0, 0, 0
16701, 2676822, 0, 0, 0
16800, 2306604, 0, 0, 0
16901, 3026342, 0, 0, 0
17003, 2262354, 0, 0, 0
17100, 2542754, 0, 0, 0
17201, 2525538, 0, 0, 0
17301, 2011614, 0, 0, 0
17400, 2289849, 0, 0, 0
17501, 2490833, 0, 0, 0
17601, 2122566, 0, 0, 0
17700, 2402190, 0, 0, 0
17800, 2819611, 0, 0, 0
17900, 2859247, 0, 0, 0
18000, 2485747, 0, 0, 0
18100, 2952992, 0, 0, 0
18200, 2198762, 0, 0, 0
18300, 2315867, 0, 0, 0
18401, 2317843, 0, 0, 0
18500, 2536853, 0, 0, 0
18600, 2408582, 0, 0, 0
18700, 2336452, 0, 0, 0
18800, 1934848, 0, 0, 0
18900, 2657337, 0, 0, 0
19000, 2368592, 0, 0, 0
19100, 2504616, 0, 0, 0
19200, 2343078, 0, 0, 0
19300, 2813711, 0, 0, 0
19400, 3196761, 0, 0, 0
19500, 2250765, 0, 0, 0
19600, 2000507, 0, 0, 0
19700, 2205562, 0, 0, 0
19800, 2729641, 0, 0, 0
19900, 2510079, 0, 0, 0
20000, 2389751, 0, 0, 0
20100, 2030815, 0, 0, 0
20201, 2231547, 0, 0, 0
20301, 2347297, 0, 0, 0
20401, 2306997, 0, 0, 0
20502, 2330482, 0, 0, 0
20601, 3788301, 0, 0, 0
20701, 2432689, 0, 0, 0
20802, 2620173, 0, 0, 0
20900, 2388405, 0, 0, 0
21001, 2200210, 0, 0, 0
21101, 3063247, 0, 0, 0
21201, 2493985, 0, 0, 0
21300, 2038071, 0, 0, 0
21402, 2256660, 0, 0, 0
21501, 2630213, 0, 0, 0
21600, 2242700, 0, 0, 0
21701, 2657874, 0, 0, 0
21801, 2293872, 0, 0, 0
21900, 2394314, 0, 0, 0
22000, 2191787, 0, 0, 0
22100, 2237318, 0, 0, 0
22200, 2471498, 0, 0, 0
22300, 2146925, 0, 0, 0
22400, 2500620, 0, 0, 0
22500, 2118603, 0, 0, 0
22600, 2652228, 0, 0, 0
22700, 2358545, 0, 0, 0
22800, 2124475, 0, 0, 0
22900, 2613174, 0, 0, 0
23001, 2277379, 0, 0, 0
23101, 2383375, 0, 0, 0
23200, 2237253, 0, 0, 0
23300, 2825048, 0, 0, 0
23400, 2223051, 0, 0, 0
23500, 2210010, 0, 0, 0
23601, 2395510, 0, 0, 0
23700, 2307107, 0, 0, 0
23800, 2340216, 0, 0, 0
23900, 2410099, 0, 0, 0
24000, 2648331, 0, 0, 0
24100, 2670291, 0, 0, 0
24200, 2533598, 0, 0, 0
24300, 2530192, 0, 0, 0
24400, 2469039, 0, 0, 0
24500, 2068516, 0, 0, 0
24600, 2470820, 0, 0, 0
24700, 2061125, 0, 0, 0
24800, 2264415, 0, 0, 0
24901, 2383472, 0, 0, 0
25000, 1852396, 0, 0, 0
25101, 2900560, 0, 0, 0
25200, 2287895, 0, 0, 0
25300, 2385809, 0, 0, 0
25400, 2514412, 0, 0, 0
25502, 2435461, 0, 0, 0
25600, 2370237, 0, 0, 0
25700, 2020254, 0, 0, 0
25800, 2311425, 0, 0, 0
25901, 2079105, 0, 0, 0
26000, 2359514, 0, 0, 0
26100, 2635276, 0, 0, 0
26200, 3161520, 0, 0, 0
26300, 2111639, 0, 0, 0
26400, 2460792, 0, 0, 0
26501, 2618859, 0, 0, 0
26600, 2490278, 0, 0, 0
26700, 2446002, 0, 0, 0
26801, 2265101, 0, 0, 0
26901, 2352333, 0, 0, 0
27000, 2673290, 0, 0, 0
27100, 2545627, 0, 0, 0
27200, 2465464, 0, 0, 0
27300, 2195246, 0, 0, 0
27400, 2062305, 0, 0, 0
27501, 2314855, 0, 0, 0
27601, 2327939, 0, 0, 0
27700, 2591113, 0, 0, 0
27800, 2232964, 0, 0, 0
27900, 2415120, 0, 0, 0
28000, 2442512, 0, 0, 0
28100, 2410894, 0, 0, 0
28200, 2271055, 0, 0, 0
28301, 2230435, 0, 0, 0
28400, 2039360, 0, 0, 0
28500, 2437282, 0, 0, 0
28600, 2124002, 0, 0, 0
28701, 2519338, 0, 0, 0
28800, 2294050, 0, 0, 0
28900, 2298678, 0, 0, 0
29002, 2323468, 0, 0, 0
29101, 2218618, 0, 0, 0
29200, 2219610, 0, 0, 0
29301, 2847336, 0, 0, 0
29401, 2675765, 0, 0, 0
29500, 2227919, 0, 0, 0
29601, 2417307, 0, 0, 0
29701, 2648930, 0, 0, 0
29800, 2276564, 0, 0, 0
29900, 2306767, 0, 0, 0
30000, 2500314, 0, 0, 0
30102, 2214536, 0, 0, 0
30202, 3364404, 0, 0, 0
30300, 2598778, 0, 0, 0
30401, 2616120, 0, 0, 0
30500, 2289219, 0, 0, 0
30601, 2693914, 0, 0, 0
30700, 2218677, 0, 0, 0
30800, 2034085, 0, 0, 0
30901, 2003332, 0, 0, 0
31000, 2250821, 0, 0, 0
31100, 2643992, 0, 0, 0
31201, 2439704, 0, 0, 0
31300, 2551724, 0, 0, 0
31400, 2121376, 0, 0, 0
31500, 2046037, 0, 0, 0
31600, 2152092, 0, 0, 0
31700, 2168694, 0, 0, 0
31800, 2128943, 0, 0, 0
31900, 2089393, 0, 0, 0
32000, 2273049, 0, 0, 0
32100, 2233432, 0, 0, 0
32200, 2269007, 0, 0, 0
32301, 2498868, 0, 0, 0
32400, 2241042, 0, 0, 0
32500, 2459555, 0, 0, 0
32601, 2071268, 0, 0, 0
32700, 3057753, 0, 0, 0
32800, 2413572, 0, 0, 0
32900, 2414988, 0, 0, 0
33001, 2486148, 0, 0, 0
33101, 2649712, 0, 0, 0
33200, 2483112, 0, 0, 0
33301, 2202454, 0, 0, 0
33400, 2301576, 0, 0, 0
33500, 2506945, 0, 0, 0
33600, 2129803, 0, 0, 0
33701, 2483264, 0, 0, 0
33801, 2656913, 0, 0, 0
33900, 2146756, 0, 0, 0
34000, 1934277, 0, 0, 0
34100, 2362045, 0, 0, 0
34200, 2140820, 0, 0, 0
34300, 2596846, 0, 0, 0
34400, 2648161, 0, 0, 0
34500, 2414914, 0, 0, 0
34601, 2700512, 0, 0, 0
34700, 2823290, 0, 0, 0
34802, 2437292, 0, 0, 0
34900, 2167251, 0, 0, 0
35001, 2370548, 0, 0, 0
35100, 2531111, 0, 0, 0
35201, 2388600, 0, 0, 0
35300, 2548867, 0, 0, 0
35402, 2079682, 0, 0, 0
35500, 2588069, 0, 0, 0
35603, 2339985, 0, 0, 0
35700, 3051787, 0, 0, 0
35800, 2103489, 0, 0, 0
35900, 2783589, 0, 0, 0
36000, 2131840, 0, 0, 0
36101, 2628555, 0, 0, 0
36200, 2333122, 0, 0, 0
36300, 2293853, 0, 0, 0
36401, 2349541, 0, 0, 0
36500, 2554065, 0, 0, 0
36601, 2743657, 0, 0, 0
36700, 2392925, 0, 0, 0
36800, 1960774, 0, 0, 0
36900, 2098936, 0, 0, 0
37000, 2326976, 0, 0, 0
37101, 2742129, 0, 0, 0
37200, 2489025, 0, 0, 0
37300, 2338032, 0, 0, 0
37400, 2716145, 0, 0, 0
37501, 2801485, 0, 0, 0
37600, 2409305, 0, 0, 0
37701, 2251434, 0, 0, 0
37800, 2601984, 0, 0, 0
37900, 2307802, 0, 0, 0
38000, 2712877, 0, 0, 0
38100, 1907161, 0, 0, 0
38200, 2098826, 0, 0, 0
38301, 2201552, 0, 0, 0
38401, 2153912, 0, 0, 0
38500, 1952918, 0, 0, 0
38600, 2183041, 0, 0, 0
38700, 2361173, 0, 0, 0
38800, 2201204, 0, 0, 0
38900, 2457335, 0, 0, 0
39000, 2190771, 0, 0, 0
39100, 2686224, 0, 0, 0
39201, 2351716, 0, 0, 0
39300, 2111331, 0, 0, 0
39400, 2043143, 0, 0, 0
39500, 2478091, 0, 0, 0
39600, 2610311, 0, 0, 0
39701, 1911357, 0, 0, 0
39800, 2340856, 0, 0, 0
39900, 2807843, 0, 0, 0
40000, 2272900, 0, 0, 0
40100, 2025459, 0, 0, 0
40202, 2232088, 0, 0, 0
40300, 2599017, 0, 0, 0
40401, 2563505, 0, 0, 0
40501, 2830976, 0, 0, 0
40601, 2696669, 0, 0, 0
40700, 2326598, 0, 0, 0
40800, 2229109, 0, 0, 0
40900, 2008700, 0, 0, 0
41000, 2383276, 0, 0, 0
41100, 2010450, 0, 0, 0
41200, 2375121, 0, 0, 0
41300, 2335816, 0, 0, 0
41401, 2300549, 0, 0, 0
41501, 2412302, 0, 0, 0
41600, 2051010, 0, 0, 0
41701, 2696586, 0, 0, 0
41800, 2216378, 0, 0, 0
41901, 2337578, 0, 0, 0
42000, 2436214, 0, 0, 0
42101, 2439533, 0, 0, 0
42200, 2267088, 0, 0, 0
42301, 2428737, 0, 0, 0
42400, 1867438, 0, 0, 0
42500, 2407507, 0, 0, 0
42600, 2671167, 0, 0, 0
42700, 2397097, 0, 0, 0
42800, 2024428, 0, 0, 0
42901, 2249505, 0, 0, 0
43000, 2516959, 0, 0, 0
43100, 2370587, 0, 0, 0
43200, 2356645, 0, 0, 0
43300, 2443045, 0, 0, 0
43400, 2430236, 0, 0, 0
43501, 2013460, 0, 0, 0
43601, 2366669, 0, 0, 0
43700, 1992172, 0, 0, 0
43800, 2131826, 0, 0, 0
43900, 2368934, 0, 0, 0
44001, 2612947, 0, 0, 0
44100, 2220666, 0, 0, 0
44200, 2587237, 0, 0, 0
44300, 2035490, 0, 0, 0
44400, 2129222, 0, 0, 0
44500, 2005841, 0, 0, 0
44601, 2116182, 0, 0, 0
44700, 2584399, 0, 0, 0
44801, 2439392, 0, 0, 0
44900, 2493338, 0, 0, 0
45000, 2219435, 0, 0, 0
45101, 2292529, 0, 0, 0
45200, 2596788, 0, 0, 0
45300, 2691507, 0, 0, 0
45401, 2266927, 0, 0, 0
45501, 2404035, 0, 0, 0
45600, 2086001, 0, 0, 0
45700, 2781335, 0, 0, 0
45802, 2451129, 0, 0, 0
45900, 2307792, 0, 0, 0
46000, 2481294, 0, 0, 0
46101, 2552198, 0, 0, 0
46200, 2465154, 0, 0, 0
46300, 2999731, 0, 0, 0
46401, 1983849, 0, 0, 0
46500, 2557449, 0, 0, 0
46600, 2644547, 0, 0, 0
46701, 2194901, 0, 0, 0
46800, 2508274, 0, 0, 0
46900, 2108249, 0, 0, 0
47000, 2566244, 0, 0, 0
47101, 2428328, 0, 0, 0
47202, 2470582, 0, 0, 0
47301, 1979553, 0, 0, 0
47400, 2073018, 0, 0, 0
47500, 2577342, 0, 0, 0
47600, 2243901, 0, 0, 0
47701, 2662493, 0, 0, 0
47800, 2202529, 0, 0, 0
47901, 2299523, 0, 0, 0
48000, 2090433, 0, 0, 0
48100, 1988510, 0, 0, 0
48200, 2424667, 0, 0, 0
48300, 2410841, 0, 0, 0
48401, 2537751, 0, 0, 0
48501, 2744736, 0, 0, 0
48600, 2126400, 0, 0, 0
48700, 2360739, 0, 0, 0
48800, 2367554, 0, 0, 0
48901, 2344387, 0, 0, 0
49000, 2224701, 0, 0, 0
49100, 2193036, 0, 0, 0
49201, 2519194, 0, 0, 0
49300, 2452431, 0, 0, 0
49401, 2215998, 0, 0, 0
49502, 2179641, 0, 0, 0
49600, 2716832, 0, 0, 0
49700, 2301004, 0, 0, 0
49801, 2471502, 0, 0, 0
49900, 2277674, 0, 0, 0
50000, 2187437, 0, 0, 0
50100, 2443434, 0, 0, 0
50200, 2444193, 0, 0, 0
50301, 2093965, 0, 0, 0
50400, 2620204, 0, 0, 0
50500, 2417740, 0, 0, 0
50601, 2309420, 0, 0, 0
50700, 2789744, 0, 0, 0
50800, 2444725, 0, 0, 0
50900, 2859126, 0, 0, 0
51000, 2729586, 0, 0, 0
51100, 2227917, 0, 0, 0
51200, 2503842, 0, 0, 0
51302, 2241501, 0, 0, 0
51400, 2787232, 0, 0, 0
51500, 1883116, 0, 0, 0
51600, 2113536, 0, 0, 0
51701, 2139370, 0, 0, 0
51800, 2132246, 0, 0, 0
51901, 3088691, 0, 0, 0
52001, 2246721, 0, 0, 0
52102, 2403440, 0, 0, 0
52200, 2485913, 0, 0, 0
52300, 2441707, 0, 0, 0
52401, 2279502, 0, 0, 0
52502, 2202063, 0, 0, 0
52600, 2722289, 0, 0, 0
52701, 2319659, 0, 0, 0
52800, 2315738, 0, 0, 0
52900, 2079921, 0, 0, 0
53000, 2469490, 0, 0, 0
53100, 2031721, 0, 0, 0
53201, 2696371, 0, 0, 0
53300, 2475926, 0, 0, 0
53401, 3595324, 0, 0, 0
53500, 2858503, 0, 0, 0
53601, 2765218, 0, 0, 0
53701, 2290564, 0, 0, 0
53800, 2395201, 0, 0, 0
53901, 2157062, 0, 0, 0
54001, 2454464, 0, 0, 0
54100, 2335330, 0, 0, 0
54201, 2167501, 0, 0, 0
54301, 2392819, 0, 0, 0
54401, 2546677, 0, 0, 0
54500, 2536204, 0, 0, 0
54607, 2500827, 0, 0, 0
54703, 2656244, 0, 0, 0
54802, 2920700, 0, 0, 0
54900, 2698230, 0, 0, 0
55001, 2547635, 0, 0, 0
55100, 2330487, 0, 0, 0
55200, 2155930, 0, 0, 0
55300, 2459586, 0, 0, 0
55407, 2810295, 0, 0, 0
55500, 2482786, 0, 0, 0
55600, 2636126, 0, 0, 0
55700, 2670724, 0, 0, 0
55800, 2498777, 0, 0, 0
55901, 2137256, 0, 0, 0
56000, 2236502, 0, 0, 0
56102, 2493682, 0, 0, 0
56201, 2554789, 0, 0, 0
56300, 2167416, 0, 0, 0
56400, 2419880, 0, 0, 0
56501, 2391169, 0, 0, 0
56602, 2233670, 0, 0, 0
56701, 2297174, 0, 0, 0
56800, 2483532, 0, 0, 0
56900, 2126571, 0, 0, 0
57000, 2265254, 0, 0, 0
57100, 2481312, 0, 0, 0
57200, 2202532, 0, 0, 0
57301, 2390344, 0, 0, 0
57401, 2220808, 0, 0, 0
57500, 3459174, 0, 0, 0
57600, 2361965, 0, 0, 0
57700, 2163316, 0, 0, 0
57800, 2109086, 0, 0, 0
57900, 2488043, 0, 0, 0
58000, 2284217, 0, 0, 0
58100, 2136097, 0, 0, 0
58200, 2397792, 0, 0, 0
58303, 2250948, 0, 0, 0
58400, 2398241, 0, 0, 0
58500, 2883851, 0, 0, 0
58600, 2345776, 0, 0, 0
58701, 2700119, 0, 0, 0
58801, 2505156, 0, 0, 0
58901, 2647990, 0, 0, 0
59000, 2181375, 0, 0, 0
59100, 2135496, 0, 0, 0
59202, 2346669, 0, 0, 0
59301, 2070751, 0, 0, 0
59401, 2852344, 0, 0, 0
59500, 2188182, 0, 0, 0
59601, 2490534, 0, 0, 0
59700, 2550099, 0, 0, 0
59800, 2815251, 0, 0, 0
59900, 2138425, 0, 0, 0
60000, 2349501, 0, 0, 0
60100, 2450877, 0, 0, 0
60200, 2054196, 0, 0, 0
60300, 2385996, 0, 0, 0
60406, 2607278, 0, 0, 0
60500, 3459067, 0, 0, 0
60600, 2502750, 0, 0, 0
60700, 2462081, 0, 0, 0
60800, 2539059, 0, 0, 0
60902, 2816698, 0, 0, 0
61000, 2019309, 0, 0, 0
61103, 2029567, 0, 0, 0
61200, 2366663, 0, 0, 0
61300, 2618824, 0, 0, 0
61400, 2951007, 0, 0, 0
61500, 2452331, 0, 0, 0
61601, 2084368, 0, 0, 0
61700, 2308297, 0, 0, 0
61800, 2551566, 0, 0, 0
61900, 2380379, 0, 0, 0
62000, 2327453, 0, 0, 0
62100, 2588854, 0, 0, 0
62200, 2172390, 0, 0, 0
62300, 2001803, 0, 0, 0
62401, 2385205, 0, 0, 0
62500, 2955626, 0, 0, 0
62600, 2532012, 0, 0, 0
62700, 2462334, 0, 0, 0
62800, 2611435, 0, 0, 0
62900, 2271392, 0, 0, 0
63000, 2264640, 0, 0, 0
63100, 2177466, 0, 0, 0
63200, 2132675, 0, 0, 0
63301, 2036445, 0, 0, 0
63400, 2204719, 0, 0, 0
63501, 2971231, 0, 0, 0
63601, 2630188, 0, 0, 0
63700, 2588916, 0, 0, 0
63805, 2276730, 0, 0, 0
63901, 2589383, 0, 0, 0
64000, 2445073, 0, 0, 0
64100, 2539823, 0, 0, 0
64200, 2418441, 0, 0, 0
64300, 2836744, 0, 0, 0
64401, 3144853, 0, 0, 0
64500, 2732097, 0, 0, 0
64600, 2182279, 0, 0, 0
64700, 2481443, 0, 0, 0
64800, 2383284, 0, 0, 0
64901, 2902452, 0, 0, 0
65000, 2636844, 0, 0, 0
65100, 2321423, 0, 0, 0
65200, 2124010, 0, 0, 0
65301, 2471273, 0, 0, 0
65400, 2853188, 0, 0, 0
65500, 2507079, 0, 0, 0
65601, 2339045, 0, 0, 0
65700, 2696227, 0, 0, 0
65800, 2394859, 0, 0, 0
65900, 2361991, 0, 0, 0
66000, 2377987, 0, 0, 0
66100, 2578813, 0, 0, 0
66200, 2313876, 0, 0, 0
66300, 2472576, 0, 0, 0
66400, 1980160, 0, 0, 0
66500, 2416715, 0, 0, 0
66600, 2619887, 0, 0, 0
66700, 2377910, 0, 0, 0
66800, 2068233, 0, 0, 0
66900, 2321957, 0, 0, 0
67000, 2321316, 0, 0, 0
67100, 2430445, 0, 0, 0
67200, 2228510, 0, 0, 0
67300, 2201764, 0, 0, 0
67401, 2734565, 0, 0, 0
67500, 2940277, 0, 0, 0
67600, 2548180, 0, 0, 0
67702, 2069262, 0, 0, 0
67800, 2882774, 0, 0, 0
67900, 2072546, 0, 0, 0
68000, 2278922, 0, 0, 0
68100, 2331481, 0, 0, 0
68200, 2082747, 0, 0, 0
68300, 2568500, 0, 0, 0
68400, 2398569, 0, 0, 0
68504, 2581270, 0, 0, 0
68600, 2732664, 0, 0, 0
68700, 2095303, 0, 0, 0
68800, 2307638, 0, 0, 0
68900, 2376954, 0, 0, 0
69000, 2125269, 0, 0, 0
69101, 2160876, 0, 0, 0
69200, 2158677, 0, 0, 0
69300, 2426271, 0, 0, 0
69400, 2431104, 0, 0, 0
69500, 2377616, 0, 0, 0
69600, 2545936, 0, 0, 0
69700, 2139355, 0, 0, 0
69801, 2134248, 0, 0, 0
69900, 2268611, 0, 0, 0
70002, 2461300, 0, 0, 0
70100, 2751246, 0, 0, 0
70200, 2516088, 0, 0, 0
70300, 2894225, 0, 0, 0
70401, 2570663, 0, 0, 0
70500, 2165035, 0, 0, 0
70605, 2646150, 0, 0, 0
70700, 2556649, 0, 0, 0
70800, 2409403, 0, 0, 0
70900, 2469902, 0, 0, 0
71001, 2209457, 0, 0, 0
71100, 2934682, 0, 0, 0
71201, 2363084, 0, 0, 0
71300, 2306162, 0, 0, 0
71400, 2257669, 0, 0, 0
71501, 2554212, 0, 0, 0
71600, 2640139, 0, 0, 0
71700, 2067271, 0, 0, 0
71800, 2509588, 0, 0, 0
71902, 2252161, 0, 0, 0
72000, 2265916, 0, 0, 0
72100, 2110003, 0, 0, 0
72200, 2391973, 0, 0, 0
72300, 2862510, 0, 0, 0
72401, 2389353, 0, 0, 0
72500, 2207966, 0, 0, 0
72601, 2656251, 0, 0, 0
72700, 2276147, 0, 0, 0
72800, 2485405, 0, 0, 0
72900, 2176026, 0, 0, 0
73001, 3150278, 0, 0, 0
73100, 2972508, 0, 0, 0
73200, 2381232, 0, 0, 0
73300, 2434141, 0, 0, 0
73400, 2392947, 0, 0, 0
73500, 2119411, 0, 0, 0
73600, 2847286, 0, 0, 0
73700, 2310113, 0, 0, 0
73800, 2132629, 0, 0, 0
73900, 2177550, 0, 0, 0
74000, 2023241, 0, 0, 0
74100, 2025765, 0, 0, 0
74200, 2426960, 0, 0, 0
74300, 2321311, 0, 0, 0
74400, 2543219, 0, 0, 0
74500, 2208404, 0, 0, 0
74600, 2411085, 0, 0, 0
74700, 2213765, 0, 0, 0
74800, 2971884, 0, 0, 0
74900, 2764536, 0, 0, 0
75000, 2151753, 0, 0, 0
75101, 2320354, 0, 0, 0
75200, 2181870, 0, 0, 0
75300, 1941747, 0, 0, 0
75400, 2358289, 0, 0, 0
75501, 2734218, 0, 0, 0
75600, 2177572, 0, 0, 0
75700, 2208949, 0, 0, 0
75800, 2368260, 0, 0, 0
75901, 2894436, 0, 0, 0
76001, 3223604, 0, 0, 0
76100, 2573136, 0, 0, 0
76200, 2386012, 0, 0, 0
76300, 2467216, 0, 0, 0
76401, 2667418, 0, 0, 0
76500, 2993152, 0, 0, 0
76605, 2291746, 0, 0, 0
76700, 2526870, 0, 0, 0
76800, 2638071, 0, 0, 0
76900, 2289078, 0, 0, 0
77000, 2558655, 0, 0, 0
77101, 2418114, 0, 0, 0
77200, 2511428, 0, 0, 0
77301, 2824017, 0, 0, 0
77400, 3009527, 0, 0, 0
77500, 2180435, 0, 0, 0
77600, 2370038, 0, 0, 0
77700, 2484162, 0, 0, 0
77800, 2392186, 0, 0, 0
77900, 2673937, 0, 0, 0
78000, 1986844, 0, 0, 0
78100, 2352597, 0, 0, 0
78201, 2270803, 0, 0, 0
78300, 2246839, 0, 0, 0
78400, 1987667, 0, 0, 0
78500, 2330053, 0, 0, 0
78600, 2082784, 0, 0, 0
78702, 2180385, 0, 0, 0
78801, 2717747, 0, 0, 0
78900, 2449876, 0, 0, 0
79000, 2704847, 0, 0, 0
79101, 2307776, 0, 0, 0
79200, 2653208, 0, 0, 0
79300, 2330313, 0, 0, 0
79400, 2365662, 0, 0, 0
79501, 2032810, 0, 0, 0
79601, 2167969, 0, 0, 0
79700, 2438120, 0, 0, 0
79800, 2367421, 0, 0, 0
79900, 2247361, 0, 0, 0
80001, 2519879, 0, 0, 0
80100, 2379014, 0, 0, 0
80200, 2361550, 0, 0, 0
80300, 2420077, 0, 0, 0
80400, 2089408, 0, 0, 0
80500, 2027918, 0, 0, 0
80600, 2357485, 0, 0, 0
80700, 2274941, 0, 0, 0
80800, 2235020, 0, 0, 0
80900, 2193009, 0, 0, 0
81002, 2379561, 0, 0, 0
81100, 2128414, 0, 0, 0
81200, 2500346, 0, 0, 0
81300, 2388254, 0, 0, 0
81402, 2323057, 0, 0, 0
81500, 2355338, 0, 0, 0
81600, 2741758, 0, 0, 0
81700, 2404775, 0, 0, 0
81800, 2187497, 0, 0, 0
81901, 2390641, 0, 0, 0
82000, 2464009, 0, 0, 0
82101, 2609888, 0, 0, 0
82200, 2294834, 0, 0, 0
82300, 2213106, 0, 0, 0
82400, 2134719, 0, 0, 0
82502, 2944345, 0, 0, 0
82600, 2766741, 0, 0, 0
82701, 2614329, 0, 0, 0
82800, 2413613, 0, 0, 0
82900, 2553780, 0, 0, 0
83000, 2290052, 0, 0, 0
83101, 2166100, 0, 0, 0
83200, 2088013, 0, 0, 0
83300, 2273925, 0, 0, 0
83400, 2026238, 0, 0, 0
83500, 2371880, 0, 0, 0
83600, 2196080, 0, 0, 0
83700, 2201637, 0, 0, 0
83802, 2411656, 0, 0, 0
83900, 2274223, 0, 0, 0
84001, 2560197, 0, 0, 0
84102, 2273628, 0, 0, 0
84201, 2470711, 0, 0, 0
84300, 2563875, 0, 0, 0
84400, 3186882, 0, 0, 0
84500, 2837469, 0, 0, 0
84600, 2351979, 0, 0, 0
84700, 2332019, 0, 0, 0
84801, 3141216, 0, 0, 0
84900, 2380044, 0, 0, 0
85000, 2524057, 0, 0, 0
85100, 2148615, 0, 0, 0
85200, 2355788, 0, 0, 0
85300, 2117870, 0, 0, 0
85401, 2539163, 0, 0, 0
85500, 2241621, 0, 0, 0
85601, 1988570, 0, 0, 0
85700, 2460027, 0, 0, 0
85800, 3235613, 0, 0, 0
85900, 2331750, 0, 0, 0
86000, 2275780, 0, 0, 0
86100, 3120629, 0, 0, 0
86200, 2240189, 0, 0, 0
86301, 2296444, 0, 0, 0
86400, 2576917, 0, 0, 0
86500, 2142858, 0, 0, 0
86601, 3205593, 0, 0, 0
86700, 2381029, 0, 0, 0
86800, 2319959, 0, 0, 0
86901, 2342575, 0, 0, 0
87000, 2151784, 0, 0, 0
87100, 2056897, 0, 0, 0
87200, 2223618, 0, 0, 0
87300, 2469082, 0, 0, 0
87400, 2301180, 0, 0, 0
87501, 2531336, 0, 0, 0
87600, 2286149, 0, 0, 0
87700, 2553351, 0, 0, 0
87802, 2489427, 0, 0, 0
87900, 2287129, 0, 0, 0
88000, 2430445, 0, 0, 0
88100, 2333697, 0, 0, 0
88200, 2327990, 0, 0, 0
88301, 2292392, 0, 0, 0
88400, 2076692, 0, 0, 0
88500, 2328968, 0, 0, 0
88600, 2230278, 0, 0, 0
88700, 2670936, 0, 0, 0
88806, 2947234, 0, 0, 0
88900, 2398887, 0, 0, 0
89000, 2602936, 0, 0, 0
89101, 2150762, 0, 0, 0
89200, 2094980, 0, 0, 0
89300, 2838512, 0, 0, 0
89400, 2566259, 0, 0, 0
89500, 2122675, 0, 0, 0
89600, 2844307, 0, 0, 0
89701, 2244097, 0, 0, 0
89800, 2513135, 0, 0, 0
89900, 2205101, 0, 0, 0
90000, 2132769, 0, 0, 0
90001, 1730306, 0, 0, 0
