102, 3934023, 0, 0, 0
201, 3814226, 0, 0, 0
302, 3868821, 0, 0, 0
400, 4055043, 0, 0, 0
501, 3625074, 0, 0, 0
600, 3765947, 0, 0, 0
700, 3841287, 0, 0, 0
802, 3942851, 0, 0, 0
901, 3778330, 0, 0, 0
1000, 3796342, 0, 0, 0
1100, 3575731, 0, 0, 0
1200, 3823756, 0, 0, 0
1300, 4172251, 0, 0, 0
1400, 3683058, 0, 0, 0
1501, 3883437, 0, 0, 0
1602, 3904212, 0, 0, 0
1702, 3685928, 0, 0, 0
1803, 4021013, 0, 0, 0
1901, 3906918, 0, 0, 0
2001, 4164635, 0, 0, 0
2101, 3683146, 0, 0, 0
2200, 3814285, 0, 0, 0
2302, 3644739, 0, 0, 0
2400, 3755910, 0, 0, 0
2502, 3292301, 0, 0, 0
2603, 3713126, 0, 0, 0
2703, 3590859, 0, 0, 0
2802, 3657655, 0, 0, 0
2901, 4112032, 0, 0, 0
3000, 3959203, 0, 0, 0
3101, 3843985, 0, 0, 0
3202, 3488091, 0, 0, 0
3300, 3622723, 0, 0, 0
3401, 3751442, 0, 0, 0
3504, 3655318, 0, 0, 0
3603, 3974562, 0, 0, 0
3701, 3599240, 0, 0, 0
3800, 3943388, 0, 0, 0
3902, 3924810, 0, 0, 0
4000, 3762610, 0, 0, 0
4102, 4089109, 0, 0, 0
4201, 4265822, 0, 0, 0
4301, 4012936, 0, 0, 0
4401, 3676661, 0, 0, 0
4500, 3955165, 0, 0, 0
4602, 3665602, 0, 0, 0
4700, 4053191, 0, 0, 0
4803, 3819258, 0, 0, 0
4901, 3897596, 0, 0, 0
5002, 3725303, 0, 0, 0
5102, 3867177, 0, 0, 0
5201, 3798306, 0, 0, 0
5303, 3910163, 0, 0, 0
5400, 3709451, 0, 0, 0
5501, 3752654, 0, 0, 0
5600, 3655957, 0, 0, 0
5701, 4354414, 0, 0, 0
5800, 3523416, 0, 0, 0
5900, 4025691, 0, 0, 0
6001, 3854190, 0, 0, 0
6100, 3805641, 0, 0, 0
6200, 3827304, 0, 0, 0
6303, 3683149, 0, 0, 0
6400, 3739635, 0, 0, 0
6501, 3710728, 0, 0, 0
6602, 3731072, 0, 0, 0
6700, 3930112, 0, 0, 0
6800, 3970750, 0, 0, 0
6901, 3620202, 0, 0, 0
7002, 3885459, 0, 0, 0
7100, 3485901, 0, 0, 0
7200, 3816818, 0, 0, 0
7301, 3910632, 0, 0, 0
7403, 4043200, 0, 0, 0
7500, 3612197, 0, 0, 0
7603, 3662892, 0, 0, 0
7703, 3838622, 0, 0, 0
7800, 3867256, 0, 0, 0
7900, 3819872, 0, 0, 0
8002, 3646879, 0, 0, 0
8102, 3715337, 0, 0, 0
8200, 3912035, 0, 0, 0
8302, 4062564, 0, 0, 0
8400, 3921749, 0, 0, 0
8501, 4022554, 0, 0, 0
8600, 3783379, 0, 0, 0
8701, 3889561, 0, 0, 0
8800, 3785823, 0, 0, 0
8901, 4197771, 0, 0, 0
9002, 3597634, 0, 0, 0
9103, 3883218, 0, 0, 0
9203, 3120698, 0, 0, 0
9302, 3539801, 0, 0, 0
9401, 3526880, 0, 0, 0
9502, 3484450, 0, 0, 0
9600, 3878477, 0, 0, 0
9701, 3614345, 0, 0, 0
9800, 3788513, 0, 0, 0
9900, 3580934, 0, 0, 0
10000, 3835138, 0, 0, 0
10103, 3673666, 0, 0, 0
10200, 3443715, 0, 0, 0
10300, 4538935, 0, 0, 0
10401, 3902978, 0, 0, 0
10501, 3968481, 0, 0, 0
10600, 3416456, 0, 0, 0
10702, 3750213, 0, 0, 0
10802, 3439012, 0, 0, 0
10903, 4038697, 0, 0, 0
11002, 3545538, 0, 0, 0
11103, 3860048, 0, 0, 0
11202, 3814998, 0, 0, 0
11302, 3551042, 0, 0, 0
11403, 3750314, 0, 0, 0
11500, 3449707, 0, 0, 0
11603, 3544233, 0, 0, 0
11702, 3653987, 0, 0, 0
11801, 3804099, 0, 0, 0
11902, 3731209, 0, 0, 0
12002, 3846732, 0, 0, 0
12102, 4164519, 0, 0, 0
12202, 3835653, 0, 0, 0
12302, 3839737, 0, 0, 0
12403, 3725611, 0, 0, 0
12500, 4037707, 0, 0, 0
12600, 3837163, 0, 0, 0
12701, 3856602, 0, 0, 0
12800, 4121699, 0, 0, 0
12902, 3630989, 0, 0, 0
13000, 3769574, 0, 0, 0
13102, 3779461, 0, 0, 0
13202, 3823489, 0, 0, 0
13303, 3756921, 0, 0, 0
13401, 3919349, 0, 0, 0
13503, 3915230, 0, 0, 0
13603, 3427145, 0, 0, 0
13703, 3451779, 0, 0, 0
13801, 3599601, 0, 0, 0
13900, 4148037, 0, 0, 0
14003, 3527466, 0, 0, 0
14100, 3731263, 0, 0, 0
14202, 3507360, 0, 0, 0
14300, 3636808, 0, 0, 0
14403, 3675210, 0, 0, 0
14500, 3586961, 0, 0, 0
14600, 3992257, 0, 0, 0
14703, 3535718, 0, 0, 0
14802, 3948331, 0, 0, 0
14903, 4039782, 0, 0, 0
15003, 3854620, 0, 0, 0
15104, 4003507, 0, 0, 0
15200, 4005612, 0, 0, 0
15301, 3892220, 0, 0, 0
15401, 3827836, 0, 0, 0
15503, 4065516, 0, 0, 0
15603, 3725172, 0, 0, 0
15703, 3984907, 0, 0, 0
15800, 3570290, 0, 0, 0
15902, 3912402, 0, 0, 0
16001, 3974966, 0, 0, 0
16102, 4033233, 0, 0, 0
16201, 3960819, 0, 0, 0
16301, 3982825, 0, 0, 0
16401, 3816815, 0, 0, 0
16503, 3774983, 0, 0, 0
16601, 3776697, 0, 0, 0
16702, 3869864, 0, 0, 0
16801, 3671096, 0, 0, 0
16901, 3703561, 0, 0, 0
17001, 3326981, 0, 0, 0
17102, 3726430, 0, 0, 0
17200, 3899235, 0, 0, 0
17302, 3401300, 0, 0, 0
17401, 3801407, 0, 0, 0
17502, 3731152, 0, 0, 0
17601, 3657488, 0, 0, 0
17701, 3580058, 0, 0, 0
17802, 3341935, 0, 0, 0
17901, 3808213, 0, 0, 0
18000, 3820753, 0, 0, 0
18100, 3676247, 0, 0, 0
18202, 3795819, 0, 0, 0
18302, 3806454, 0, 0, 0
18402, 3587716, 0, 0, 0
18503, 3712148, 0, 0, 0
18600, 3873407, 0, 0, 0
18700, 3566015, 0, 0, 0
18801, 3500295, 0, 0, 0
18900, 3801609, 0, 0, 0
19005, 3999694, 0, 0, 0
19103, 3922395, 0, 0, 0
19202, 3800766, 0, 0, 0
19301, 4309130, 0, 0, 0
19402, 3587247, 0, 0, 0
19500, 3935709, 0, 0, 0
19603, 3952679, 0, 0, 0
19702, 3272667, 0, 0, 0
19802, 3722895, 0, 0, 0
19901, 4111814, 0, 0, 0
20002, 3879141, 0, 0, 0
20102, 3557190, 0, 0, 0
20201, 3274807, 0, 0, 0
20302, 3731965, 0, 0, 0
20403, 3606479, 0, 0, 0
20504, 4044225, 0, 0, 0
20602, 3894902, 0, 0, 0
20701, 3957450, 0, 0, 0
20803, 3792438, 0, 0, 0
20901, 3620656, 0, 0, 0
21003, 3499386, 0, 0, 0
21100, 3345693, 0, 0, 0
21202, 3265126, 0, 0, 0
21300, 3919386, 0, 0, 0
21400, 3559399, 0, 0, 0
21500, 3218048, 0, 0, 0
21600, 3710752, 0, 0, 0
21702, 3902346, 0, 0, 0
21803, 3886108, 0, 0, 0
21902, 3535642, 0, 0, 0
22003, 4011397, 0, 0, 0
22100, 3718075, 0, 0, 0
22200, 3585052, 0, 0, 0
22302, 3766341, 0, 0, 0
22401, 3504283, 0, 0, 0
22501, 3717776, 0, 0, 0
22601, 3560272, 0, 0, 0
22702, 3873183, 0, 0, 0
22800, 3900327, 0, 0, 0
22900, 3710179, 0, 0, 0
23002, 3912737, 0, 0, 0
23103, 3852142, 0, 0, 0
23200, 3605610, 0, 0, 0
23300, 3832367, 0, 0, 0
23400, 3562742, 0, 0, 0
23501, 3603517, 0, 0, 0
23602, 3861035, 0, 0, 0
23701, 3662152, 0, 0, 0
23800, 3810674, 0, 0, 0
23901, 3482841, 0, 0, 0
24001, 3993599, 0, 0, 0
24100, 4112479, 0, 0, 0
24202, 3899753, 0, 0, 0
24303, 4019297, 0, 0, 0
24400, 3721961, 0, 0, 0
24502, 3663120, 0, 0, 0
24602, 3813963, 0, 0, 0
24700, 3496452, 0, 0, 0
24801, 3887503, 0, 0, 0
24901, 3819451, 0, 0, 0
25001, 4026218, 0, 0, 0
25101, 3832878, 0, 0, 0
25200, 3770757, 0, 0, 0
25303, 3821893, 0, 0, 0
25401, 3363099, 0, 0, 0
25503, 3518079, 0, 0, 0
25603, 3577891, 0, 0, 0
25701, 3734116, 0, 0, 0
25802, 4039234, 0, 0, 0
25900, 3756623, 0, 0, 0
26000, 3439207, 0, 0, 0
26103, 3956117, 0, 0, 0
26201, 3945507, 0, 0, 0
26303, 3891794, 0, 0, 0
26400, 3738816, 0, 0, 0
26501, 3861519, 0, 0, 0
26600, 3660207, 0, 0, 0
26702, 3520656, 0, 0, 0
26800, 3383408, 0, 0, 0
26903, 3642311, 0, 0, 0
27004, 3894687, 0, 0, 0
27101, 3875260, 0, 0, 0
27202, 3881822, 0, 0, 0
27301, 3950295, 0, 0, 0
27402, 3863651, 0, 0, 0
27503, 3879620, 0, 0, 0
27600, 3461411, 0, 0, 0
27702, 3912603, 0, 0, 0
27802, 3701152, 0, 0, 0
27902, 3439668, 0, 0, 0
28001, 3400187, 0, 0, 0
28100, 3829098, 0, 0, 0
28201, 3733636, 0, 0, 0
28303, 3606368, 0, 0, 0
28400, 3743003, 0, 0, 0
28503, 3650478, 0, 0, 0
28603, 3839072, 0, 0, 0
28700, 3737831, 0, 0, 0
28801, 3597814, 0, 0, 0
28903, 3925311, 0, 0, 0
29003, 3423816, 0, 0, 0
29102, 3414583, 0, 0, 0
29202, 3835508, 0, 0, 0
29302, 3697979, 0, 0, 0
29402, 3830273, 0, 0, 0
29502, 3453311, 0, 0, 0
29600, 3631703, 0, 0, 0
29702, 3897482, 0, 0, 0
29802, 3836684, 0, 0, 0
29900, 3915250, 0, 0, 0
30002, 3782833, 0, 0, 0
30102, 3565949, 0, 0, 0
30201, 3674067, 0, 0, 0
30303, 3617131, 0, 0, 0
30400, 3608464, 0, 0, 0
30500, 3834707, 0, 0, 0
30600, 4133425, 0, 0, 0
30702, 3660850, 0, 0, 0
30804, 3631980, 0, 0, 0
30903, 3504784, 0, 0, 0
31001, 3782973, 0, 0, 0
31103, 3380397, 0, 0, 0
31200, 3887979, 0, 0, 0
31300, 3843712, 0, 0, 0
31401, 3600217, 0, 0, 0
31501, 3988161, 0, 0, 0
31603, 3763159, 0, 0, 0
31700, 3853933, 0, 0, 0
31800, 3590226, 0, 0, 0
31901, 4000822, 0, 0, 0
32001, 3690288, 0, 0, 0
32102, 3749589, 0, 0, 0
32200, 3761482, 0, 0, 0
32301, 3876243, 0, 0, 0
32402, 3481660, 0, 0, 0
32503, 3579390, 0, 0, 0
32602, 3675478, 0, 0, 0
32700, 3618447, 0, 0, 0
32802, 3389233, 0, 0, 0
32903, 3726671, 0, 0, 0
33003, 4012642, 0, 0, 0
33101, 3763644, 0, 0, 0
33201, 4163005, 0, 0, 0
33305, 3985354, 0, 0, 0
33400, 3795441, 0, 0, 0
33503, 3540987, 0, 0, 0
33601, 3607855, 0, 0, 0
33702, 3597289, 0, 0, 0
33803, 3361448, 0, 0, 0
33901, 3639687, 0, 0, 0
34000, 3794869, 0, 0, 0
34100, 3550272, 0, 0, 0
34201, 3494819, 0, 0, 0
34302, 3606623, 0, 0, 0
34403, 3723119, 0, 0, 0
34500, 3854716, 0, 0, 0
34600, 4199655, 0, 0, 0
34701, 3698471, 0, 0, 0
34802, 3613338, 0, 0, 0
34901, 4127357, 0, 0, 0
35003, 3505507, 0, 0, 0
35102, 4115962, 0, 0, 0
35205, 3306995, 0, 0, 0
35301, 3841149, 0, 0, 0
35400, 3400668, 0, 0, 0
35507, 4128183, 0, 0, 0
35601, 3753422, 0, 0, 0
35701, 3837295, 0, 0, 0
35800, 3652100, 0, 0, 0
35901, 3726486, 0, 0, 0
36003, 3649751, 0, 0, 0
36100, 3706618, 0, 0, 0
36201, 3627740, 0, 0, 0
36302, 3709002, 0, 0, 0
36403, 3256360, 0, 0, 0
36502, 3669836, 0, 0, 0
36602, 3431210, 0, 0, 0
36703, 3369635, 0, 0, 0
36803, 3693664, 0, 0, 0
36900, 3865100, 0, 0, 0
37003, 3823071, 0, 0, 0
37102, 3805274, 0, 0, 0
37201, 3633636, 0, 0, 0
37302, 3746042, 0, 0, 0
37403, 3481669, 0, 0, 0
37502, 3653680, 0, 0, 0
37601, 3681757, 0, 0, 0
37701, 3686993, 0, 0, 0
37800, 3535046, 0, 0, 0
37902, 3757046, 0, 0, 0
38004, 3766471, 0, 0, 0
38102, 3389721, 0, 0, 0
38202, 3680074, 0, 0, 0
38301, 3805105, 0, 0, 0
38403, 3636996, 0, 0, 0
38500, 3734662, 0, 0, 0
38601, 3886634, 0, 0, 0
38703, 3891374, 0, 0, 0
38802, 3297867, 0, 0, 0
38900, 3625624, 0, 0, 0
39002, 3932106, 0, 0, 0
39102, 3691529, 0, 0, 0
39202, 3432367, 0, 0, 0
39301, 3416986, 0, 0, 0
39402, 3881390, 0, 0, 0
39503, 3134044, 0, 0, 0
39601, 3500478, 0, 0, 0
39701, 3434904, 0, 0, 0
39801, 3853850, 0, 0, 0
39904, 3670267, 0, 0, 0
40000, 3309746, 0, 0, 0
40101, 4019566, 0, 0, 0
40203, 3504703, 0, 0, 0
40301, 3913401, 0, 0, 0
40400, 3813759, 0, 0, 0
40503, 3927184, 0, 0, 0
40603, 3578705, 0, 0, 0
40701, 3931817, 0, 0, 0
40802, 3472190, 0, 0, 0
40901, 3627169, 0, 0, 0
41002, 3631871, 0, 0, 0
41103, 3444047, 0, 0, 0
41200, 3233408, 0, 0, 0
41302, 3773781, 0, 0, 0
41402, 3857420, 0, 0, 0
41503, 3464133, 0, 0, 0
41602, 3653803, 0, 0, 0
41703, 3717868, 0, 0, 0
41802, 3668084, 0, 0, 0
41900, 3643348, 0, 0, 0
42001, 3576369, 0, 0, 0
42101, 3717234, 0, 0, 0
42200, 3652021, 0, 0, 0
42301, 3729812, 0, 0, 0
42400, 3653180, 0, 0, 0
42502, 3389104, 0, 0, 0
42602, 3714615, 0, 0, 0
42700, 3737996, 0, 0, 0
42803, 3544874, 0, 0, 0
42902, 3645236, 0, 0, 0
43001, 3553734, 0, 0, 0
43103, 3640323, 0, 0, 0
43203, 3698197, 0, 0, 0
43302, 3799404, 0, 0, 0
43402, 3546318, 0, 0, 0
43500, 3627097, 0, 0, 0
43601, 3254591, 0, 0, 0
43701, 3704532, 0, 0, 0
43801, 3549417, 0, 0, 0
43900, 3654031, 0, 0, 0
44000, 3854225, 0, 0, 0
44102, 3635069, 0, 0, 0
44201, 3787827, 0, 0, 0
44301, 3722168, 0, 0, 0
44400, 3523847, 0, 0, 0
44500, 3566988, 0, 0, 0
44601, 3569571, 0, 0, 0
44704, 3678374, 0, 0, 0
44802, 4076278, 0, 0, 0
44901, 3952860, 0, 0, 0
45001, 3720993, 0, 0, 0
45101, 3692793, 0, 0, 0
45203, 3754120, 0, 0, 0
45301, 3508984, 0, 0, 0
45402, 3567489, 0, 0, 0
45500, 3642478, 0, 0, 0
45603, 3662642, 0, 0, 0
45702, 3654991, 0, 0, 0
45802, 3859513, 0, 0, 0
45902, 3980062, 0, 0, 0
46000, 3258619, 0, 0, 0
46101, 3464674, 0, 0, 0
46202, 3738556, 0, 0, 0
46303, 3869860, 0, 0, 0
46403, 3569635, 0, 0, 0
46502, 3287934, 0, 0, 0
46602, 3560329, 0, 0, 0
46701, 3541189, 0, 0, 0
46801, 3679908, 0, 0, 0
46903, 3513366, 0, 0, 0
47002, 3415456, 0, 0, 0
47100, 3252846, 0, 0, 0
47201, 3608801, 0, 0, 0
47300, 3179116, 0, 0, 0
47400, 3689399, 0, 0, 0
47500, 3438812, 0, 0, 0
47602, 3782268, 0, 0, 0
47703, 3240658, 0, 0, 0
47802, 3545873, 0, 0, 0
47900, 3606430, 0, 0, 0
48001, 3763635, 0, 0, 0
48101, 3825258, 0, 0, 0
48202, 3746946, 0, 0, 0
48300, 4247572, 0, 0, 0
48400, 3428032, 0, 0, 0
48501, 3477870, 0, 0, 0
48601, 3200255, 0, 0, 0
48701, 3592256, 0, 0, 0
48800, 3383082, 0, 0, 0
48902, 3647237, 0, 0, 0
49001, 3667274, 0, 0, 0
49100, 3778491, 0, 0, 0
49200, 3459379, 0, 0, 0
49303, 3523198, 0, 0, 0
49403, 3348011, 0, 0, 0
49500, 3587425, 0, 0, 0
49601, 4028108, 0, 0, 0
49701, 3429429, 0, 0, 0
49801, 3563807, 0, 0, 0
49903, 3763568, 0, 0, 0
50002, 3409573, 0, 0, 0
50101, 3530064, 0, 0, 0
50202, 3475415, 0, 0, 0
50300, 3748046, 0, 0, 0
50404, 3717487, 0, 0, 0
50502, 3494568, 0, 0, 0
50602, 3558044, 0, 0, 0
50702, 3826755, 0, 0, 0
50804, 3924964, 0, 0, 0
50900, 3566665, 0, 0, 0
51001, 3599489, 0, 0, 0
51101, 3816146, 0, 0, 0
51200, 3823164, 0, 0, 0
51300, 3824519, 0, 0, 0
51403, 3671575, 0, 0, 0
51501, 3644039, 0, 0, 0
51602, 3355873, 0, 0, 0
51700, 3932226, 0, 0, 0
51803, 3527044, 0, 0, 0
51903, 3845057, 0, 0, 0
52000, 3234454, 0, 0, 0
52103, 3789188, 0, 0, 0
52201, 3394964, 0, 0, 0
52300, 3523969, 0, 0, 0
52402, 3780135, 0, 0, 0
52501, 3644409, 0, 0, 0
52601, 3683642, 0, 0, 0
52701, 3580054, 0, 0, 0
52800, 3673661, 0, 0, 0
52901, 4011994, 0, 0, 0
53002, 3610397, 0, 0, 0
53103, 3598290, 0, 0, 0
53201, 3915366, 0, 0, 0
53302, 3483242, 0, 0, 0
53400, 3364974, 0, 0, 0
53502, 3528047, 0, 0, 0
53600, 4055019, 0, 0, 0
53702, 3773174, 0, 0, 0
53803, 3881794, 0, 0, 0
53902, 3809276, 0, 0, 0
54002, 3537864, 0, 0, 0
54104, 3511200, 0, 0, 0
54201, 3741675, 0, 0, 0
54305, 3827118, 0, 0, 0
54400, 3675960, 0, 0, 0
54504, 3578740, 0, 0, 0
54600, 3190426, 0, 0, 0
54703, 3943094, 0, 0, 0
54800, 3858829, 0, 0, 0
54901, 3732174, 0, 0, 0
55000, 3319649, 0, 0, 0
55101, 3856081, 0, 0, 0
55202, 3900335, 0, 0, 0
55302, 3432955, 0, 0, 0
55400, 3487654, 0, 0, 0
55502, 3522075, 0, 0, 0
55602, 3098764, 0, 0, 0
55701, 3673785, 0, 0, 0
55803, 3619509, 0, 0, 0
55900, 4063946, 0, 0, 0
56000, 3973154, 0, 0, 0
56101, 3754190, 0, 0, 0
56200, 4112457, 0, 0, 0
56302, 3299188, 0, 0, 0
56403, 3338819, 0, 0, 0
56501, 3510352, 0, 0, 0
56601, 3553199, 0, 0, 0
56702, 3483355, 0, 0, 0
56800, 3749628, 0, 0, 0
56900, 3347596, 0, 0, 0
57002, 3268299, 0, 0, 0
57100, 4084124, 0, 0, 0
57202, 3490412, 0, 0, 0
57302, 3997650, 0, 0, 0
57400, 3914247, 0, 0, 0
57500, 3588719, 0, 0, 0
57604, 3557150, 0, 0, 0
57703, 3976566, 0, 0, 0
57800, 3703688, 0, 0, 0
57900, 4007028, 0, 0, 0
58001, 3356464, 0, 0, 0
58102, 3594310, 0, 0, 0
58201, 3534044, 0, 0, 0
58300, 3425635, 0, 0, 0
58403, 3798233, 0, 0, 0
58501, 3783299, 0, 0, 0
58602, 3464224, 0, 0, 0
58701, 3524622, 0, 0, 0
58802, 3477157, 0, 0, 0
58902, 3979237, 0, 0, 0
59003, 3883564, 0, 0, 0
59102, 3298895, 0, 0, 0
59200, 3773047, 0, 0, 0
59303, 3308073, 0, 0, 0
59405, 3397285, 0, 0, 0
59503, 3784162, 0, 0, 0
59603, 3560283, 0, 0, 0
59700, 3709929, 0, 0, 0
59800, 3215934, 0, 0, 0
59902, 4070921, 0, 0, 0
60003, 3605934, 0, 0, 0
