106, 9655905, 1, 0, 0
200, 9434564, 1, 0, 0
300, 11005111, 1, 0, 0
401, 11235555, 1, 0, 0
512, 10141603, 1, 0, 0
600, 9685265, 1, 0, 0
704, 10465541, 1, 0, 0
806, 16829761, 1, 0, 0
912, 10659104, 1, 0, 0
1011, 12283597, 1, 0, 0
1100, 12819634, 1, 0, 0
1218, 14685766, 1, 0, 0
1319, 11210630, 1, 0, 0
1401, 10242217, 1, 0, 0
1522, 10060454, 1, 0, 0
1600, 12984980, 1, 0, 0
1715, 10483142, 1, 0, 0
1822, 9679006, 1, 0, 0
1919, 19343719, 1, 0, 0
2003, 14118024, 1, 0, 0
2107, 14761663, 1, 0, 0
2209, 10232466, 1, 0, 0
2305, 13731868, 1, 0, 0
2403, 13987187, 1, 0, 0
2508, 11648162, 1, 0, 0
2600, 11403846, 1, 0, 0
2700, 8334509, 1, 0, 0
2818, 16911688, 1, 0, 0
2925, 15236644, 1, 0, 0
3020, 11842740, 1, 0, 0
3103, 20706684, 1, 0, 0
3200, 13865384, 1, 0, 0
3320, 15040323, 1, 0, 0
3401, 13486613, 1, 0, 0
3500, 19625532, 1, 0, 0
3621, 10999627, 1, 0, 0
3718, 16202548, 1, 0, 0
3812, 15633222, 1, 0, 0
3901, 8862598, 1, 0, 0
4020, 14916611, 1, 0, 0
4111, 22766009, 1, 0, 0
4207, 7371914, 1, 0, 0
4301, 9421390, 1, 0, 0
4421, 7471290, 1, 0, 0
4515, 13378559, 1, 0, 0
4612, 16127087, 1, 0, 0
4721, 8372288, 1, 0, 0
4809, 9824119, 1, 0, 0
4902, 23147746, 1, 0, 0
5019, 16711054, 1, 0, 0
5119, 12483809, 1, 0, 0
5205, 8619164, 1, 0, 0
5304, 9843492, 1, 0, 0
5417, 11271350, 1, 0, 0
5504, 7259012, 1, 0, 0
5601, 8813816, 1, 0, 0
5718, 13042855, 1, 0, 0
5816, 19572427, 1, 0, 0
5910, 18630014, 1, 0, 0
6002, 11577649, 1, 0, 0
6100, 10888178, 1, 0, 0
6216, 11592778, 1, 0, 0
6311, 7230693, 1, 0, 0
6403, 13201410, 1, 0, 0
6504, 7194101, 1, 0, 0
6604, 7652498, 1, 0, 0
6714, 13736198, 1, 0, 0
6811, 19520253, 1, 0, 0
6906, 9434274, 1, 0, 0
7001, 10550669, 1, 0, 0
7105, 6947210, 1, 0, 0
7221, 19311052, 1, 0, 0
7319, 13951541, 1, 0, 0
7403, 9342748, 1, 0, 0
7519, 16528202, 1, 0, 0
7619, 9119714, 1, 0, 0
7710, 9095027, 1, 0, 0
7801, 9050774, 1, 0, 0
7919, 14706106, 1, 0, 0
8021, 20516503, 1, 0, 0
8110, 14736964, 1, 0, 0
8205, 11886718, 1, 0, 0
8300, 10499410, 1, 0, 0
8401, 7768059, 1, 0, 0
8511, 13743432, 1, 0, 0
8600, 5976401, 1, 0, 0
8713, 8628323, 1, 0, 0
8805, 11509024, 1, 0, 0
8904, 14195287, 1, 0, 0
9022, 7812751, 1, 0, 0
9102, 15983402, 1, 0, 0
9203, 10104297, 1, 0, 0
9315, 15966867, 1, 0, 0
9423, 10862198, 1, 0, 0
9518, 15673991, 1, 0, 0
9610, 8430136, 1, 0, 0
9711, 20038347, 1, 0, 0
9801, 18117939, 1, 0, 0
9916, 11402132, 1, 0, 0
10013, 19434362, 1, 0, 0
10126, 14090985, 1, 0, 0
10213, 12535147, 1, 0, 0
10322, 10857740, 1, 0, 0
10407, 7095383, 1, 0, 0
10501, 8496731, 1, 0, 0
10620, 13220421, 1, 0, 0
10716, 13681626, 1, 0, 0
10813, 24374438, 1, 0, 0
10909, 13591046, 1, 0, 0
11023, 11458060, 1, 0, 0
11102, 7848322, 1, 0, 0
11220, 11756956, 1, 0, 0
11309, 17829941, 1, 0, 0
11417, 10844182, 1, 0, 0
11520, 11425915, 1, 0, 0
11616, 11951491, 1, 0, 0
11713, 16199763, 1, 0, 0
11807, 11719194, 1, 0, 0
11905, 12213141, 1, 0, 0
12002, 12088621, 1, 0, 0
12121, 10793130, 1, 0, 0
12213, 9181886, 1, 0, 0
12300, 10903200, 1, 0, 0
12410, 13789058, 1, 0, 0
12501, 22697596, 1, 0, 0
12605, 9483188, 1, 0, 0
12706, 20037635, 1, 0, 0
12822, 14496865, 1, 0, 0
12902, 9979014, 1, 0, 0
13012, 18308223, 1, 0, 0
13115, 12881031, 1, 0, 0
13210, 13650812, 1, 0, 0
13314, 6452502, 1, 0, 0
13404, 8165567, 1, 0, 0
13511, 7656989, 1, 0, 0
13605, 10447403, 1, 0, 0
13703, 12199326, 1, 0, 0
13808, 11653069, 1, 0, 0
13902, 23575004, 1, 0, 0
14000, 24532516, 1, 0, 0
14115, 12745359, 1, 0, 0
14215, 6644785, 1, 0, 0
14307, 18464197, 1, 0, 0
14404, 10681836, 1, 0, 0
14500, 13829222, 1, 0, 0
14613, 12450073, 1, 0, 0
14710, 24299121, 1, 0, 0
14816, 8828227, 1, 0, 0
14920, 17310237, 1, 0, 0
15000, 7262821, 1, 0, 0
15108, 8995853, 1, 0, 0
15204, 23894408, 1, 0, 0
15320, 14592508, 1, 0, 0
15422, 14535935, 1, 0, 0
15513, 6008867, 1, 0, 0
15600, 9659146, 1, 0, 0
15718, 8432233, 1, 0, 0
15816, 16289989, 1, 0, 0
15905, 8916614, 1, 0, 0
16001, 19240879, 1, 0, 0
16114, 11246624, 1, 0, 0
16219, 17456117, 1, 0, 0
16311, 15392192, 1, 0, 0
16406, 18936291, 1, 0, 0
16514, 9794949, 1, 0, 0
16607, 10382401, 1, 0, 0
16709, 7244634, 1, 0, 0
16809, 25088337, 1, 0, 0
16900, 8265723, 1, 0, 0
17001, 10043901, 1, 0, 0
17113, 14014101, 1, 0, 0
17215, 14546178, 1, 0, 0
17308, 15584788, 1, 0, 0
17401, 18442000, 1, 0, 0
17516, 12792725, 1, 0, 0
17601, 14107168, 1, 0, 0
17713, 6211632, 1, 0, 0
17807, 13408128, 1, 0, 0
17906, 14167164, 1, 0, 0
18019, 12622780, 1, 0, 0
18124, 10405141, 1, 0, 0
18213, 11132956, 1, 0, 0
18302, 11180207, 1, 0, 0
18423, 9309225, 1, 0, 0
18514, 10042443, 1, 0, 0
18611, 24257938, 1, 0, 0
18715, 11514316, 1, 0, 0
18803, 8785277, 1, 0, 0
18901, 8949470, 1, 0, 0
19011, 12224277, 1, 0, 0
19100, 9873840, 1, 0, 0
19213, 22446493, 1, 0, 0
19301, 11042244, 1, 0, 0
19408, 11856470, 1, 0, 0
19512, 8016726, 1, 0, 0
19603, 11312666, 1, 0, 0
19718, 12817483, 1, 0, 0
19812, 10381393, 1, 0, 0
19922, 9972147, 1, 0, 0
20014, 10239554, 1, 0, 0
20117, 10261931, 1, 0, 0
20221, 9523531, 1, 0, 0
20319, 9732552, 1, 0, 0
20405, 17199534, 1, 0, 0
20506, 9222367, 1, 0, 0
20613, 13292611, 1, 0, 0
20705, 13187187, 1, 0, 0
20815, 12228950, 1, 0, 0
20911, 13661774, 1, 0, 0
21012, 20230059, 1, 0, 0
21119, 8216946, 1, 0, 0
21218, 8941026, 1, 0, 0
21311, 13313798, 1, 0, 0
21405, 15702940, 1, 0, 0
21512, 8839956, 1, 0, 0
21618, 10656584, 1, 0, 0
21707, 17774784, 1, 0, 0
21803, 10643492, 1, 0, 0
21912, 10867655, 1, 0, 0
22005, 13268454, 1, 0, 0
22107, 7262890, 1, 0, 0
22207, 14288770, 1, 0, 0
22312, 8085707, 1, 0, 0
22400, 17688878, 1, 0, 0
22519, 13136597, 1, 0, 0
22616, 16121909, 1, 0, 0
22719, 12917320, 1, 0, 0
22808, 8871374, 1, 0, 0
22920, 8619660, 1, 0, 0
23014, 10459255, 1, 0, 0
23109, 15804011, 1, 0, 0
23205, 7939666, 1, 0, 0
23314, 8419903, 1, 0, 0
23409, 15715650, 1, 0, 0
23500, 22926154, 1, 0, 0
23601, 9126728, 1, 0, 0
23718, 10608375, 1, 0, 0
23815, 12223032, 1, 0, 0
23908, 18430671, 1, 0, 0
24004, 19263472, 1, 0, 0
24118, 16265654, 1, 0, 0
24213, 15771659, 1, 0, 0
24330, 9029128, 1, 0, 0
24401, 17716041, 1, 0, 0
24515, 14159211, 1, 0, 0
24609, 11779210, 1, 0, 0
24703, 23531365, 1, 0, 0
24801, 8122657, 1, 0, 0
24916, 14408803, 1, 0, 0
25000, 11931273, 1, 0, 0
25101, 9178587, 1, 0, 0
25200, 12348685, 1, 0, 0
25315, 14457094, 1, 0, 0
25408, 15456502, 1, 0, 0
25500, 13098474, 1, 0, 0
25614, 10345086, 1, 0, 0
25713, 10989804, 1, 0, 0
25811, 14010874, 1, 0, 0
25901, 6899574, 1, 0, 0
26008, 9740239, 1, 0, 0
26118, 12176200, 1, 0, 0
26200, 10238581, 1, 0, 0
26311, 12370815, 1, 0, 0
26400, 11055836, 1, 0, 0
26500, 9123989, 1, 0, 0
26601, 9140667, 1, 0, 0
26701, 10024424, 1, 0, 0
26811, 21885140, 1, 0, 0
26901, 22499635, 1, 0, 0
27021, 15028424, 1, 0, 0
27115, 7793854, 1, 0, 0
27214, 6220949, 1, 0, 0
27311, 9618109, 1, 0, 0
27404, 11638583, 1, 0, 0
27522, 16799786, 1, 0, 0
27623, 11265312, 1, 0, 0
27721, 14027142, 1, 0, 0
27811, 11238546, 1, 0, 0
27909, 24362420, 1, 0, 0
28016, 9745214, 1, 0, 0
28106, 14926498, 1, 0, 0
28216, 9991638, 1, 0, 0
28311, 11917559, 1, 0, 0
28402, 12892077, 1, 0, 0
28502, 20074982, 1, 0, 0
28735, 38839055, 1, 0, 0
28817, 41047258, 1, 0, 0
28922, 20851450, 1, 0, 0
29016, 7226579, 1, 0, 0
29125, 15586928, 1, 0, 0
29222, 16168305, 1, 0, 0
29311, 17763497, 1, 0, 0
29403, 11513800, 1, 0, 0
29524, 15130631, 1, 0, 0
29620, 23922634, 1, 0, 0
29712, 9178055, 1, 0, 0
29833, 20228390, 1, 0, 0
29907, 12351260, 1, 0, 0
30010, 8502554, 1, 0, 0
30126, 12907097, 1, 0, 0
30201, 18765691, 1, 0, 0
30308, 7611133, 1, 0, 0
30400, 18456562, 1, 0, 0
30524, 12340114, 1, 0, 0
30614, 18110362, 1, 0, 0
30713, 9855451, 1, 0, 0
30818, 8737616, 1, 0, 0
30910, 10190376, 1, 0, 0
31006, 13834826, 1, 0, 0
31124, 16831317, 1, 0, 0
31200, 12651127, 1, 0, 0
31311, 13835738, 1, 0, 0
31410, 10956355, 1, 0, 0
31517, 10716905, 1, 0, 0
31627, 9989523, 1, 0, 0
31700, 12173744, 1, 0, 0
31817, 14540088, 1, 0, 0
31911, 10495803, 1, 0, 0
32005, 13411131, 1, 0, 0
32107, 11352605, 1, 0, 0
32200, 15493050, 1, 0, 0
32300, 12467962, 1, 0, 0
32401, 9145915, 1, 0, 0
32515, 12660595, 1, 0, 0
32609, 13464822, 1, 0, 0
32704, 19003424, 1, 0, 0
32807, 25643745, 1, 0, 0
32914, 7128679, 1, 0, 0
33024, 9120880, 1, 0, 0
33111, 10928885, 1, 0, 0
33221, 7824857, 1, 0, 0
33319, 24433260, 1, 0, 0
33408, 22314792, 1, 0, 0
33505, 13807809, 1, 0, 0
33609, 12996158, 1, 0, 0
33723, 11447847, 1, 0, 0
33801, 19361569, 1, 0, 0
33915, 11399375, 1, 0, 0
34021, 11812362, 1, 0, 0
34100, 13129397, 1, 0, 0
34204, 11496159, 1, 0, 0
34316, 16010007, 1, 0, 0
34410, 13378026, 1, 0, 0
34525, 28747270, 1, 0, 0
34606, 11641934, 1, 0, 0
34703, 9641825, 1, 0, 0
34823, 11960369, 1, 0, 0
34919, 19204190, 1, 0, 0
35012, 8519330, 1, 0, 0
35110, 12159010, 1, 0, 0
35219, 10896302, 1, 0, 0
35311, 13182560, 1, 0, 0
35407, 15969259, 1, 0, 0
35500, 11660092, 1, 0, 0
35601, 20044756, 1, 0, 0
35721, 17167543, 1, 0, 0
35818, 16177450, 1, 0, 0
35912, 23556821, 1, 0, 0
36009, 16039459, 1, 0, 0
36103, 13433642, 1, 0, 0
36225, 13518551, 1, 0, 0
36314, 14905032, 1, 0, 0
36413, 14128003, 1, 0, 0
36512, 14071999, 1, 0, 0
36601, 11098909, 1, 0, 0
36701, 9984356, 1, 0, 0
36800, 19845466, 1, 0, 0
36918, 9851442, 1, 0, 0
37010, 15217468, 1, 0, 0
37108, 4682607, 1, 0, 0
37208, 6620366, 1, 0, 0
37301, 10364675, 1, 0, 0
37400, 7591733, 1, 0, 0
37504, 8631495, 1, 0, 0
37621, 13063694, 1, 0, 0
37716, 10505827, 1, 0, 0
37807, 9145972, 1, 0, 0
37902, 11824821, 1, 0, 0
38019, 12939536, 1, 0, 0
38102, 11826131, 1, 0, 0
38213, 10102452, 1, 0, 0
38320, 10698564, 1, 0, 0
38429, 8349029, 1, 0, 0
38501, 12069325, 1, 0, 0
38615, 12648413, 1, 0, 0
38701, 12288597, 1, 0, 0
38816, 5478754, 1, 0, 0
38909, 18527382, 1, 0, 0
39016, 11819253, 1, 0, 0
39134, 16929452, 1, 0, 0
39201, 11061927, 1, 0, 0
39324, 15422524, 1, 0, 0
39402, 7742420, 1, 0, 0
39501, 8248903, 1, 0, 0
39601, 12485051, 1, 0, 0
39713, 8631549, 1, 0, 0
39822, 9048680, 1, 0, 0
39915, 23237175, 1, 0, 0
40014, 10999680, 1, 0, 0
40107, 11648674, 1, 0, 0
40202, 6768364, 1, 0, 0
40305, 20543401, 1, 0, 0
40401, 13748895, 1, 0, 0
40500, 9866939, 1, 0, 0
40624, 17679558, 1, 0, 0
40717, 7743696, 1, 0, 0
40824, 10677764, 1, 0, 0
40910, 12345531, 1, 0, 0
41001, 10031345, 1, 0, 0
41113, 7996880, 1, 0, 0
41212, 12382188, 1, 0, 0
41304, 9214112, 1, 0, 0
41408, 20774457, 1, 0, 0
41520, 12381677, 1, 0, 0
41614, 13547215, 1, 0, 0
41717, 7295798, 1, 0, 0
41815, 10871331, 1, 0, 0
41908, 11648311, 1, 0, 0
42002, 15673479, 1, 0, 0
42110, 11962014, 1, 0, 0
42204, 8544944, 1, 0, 0
42311, 13352892, 1, 0, 0
42412, 14412421, 1, 0, 0
42507, 13551225, 1, 0, 0
42609, 10233455, 1, 0, 0
42703, 18765234, 1, 0, 0
42808, 11590130, 1, 0, 0
42907, 19875066, 1, 0, 0
43001, 5858688, 1, 0, 0
43102, 6752757, 1, 0, 0
43211, 7240149, 1, 0, 0
43311, 11094184, 1, 0, 0
43408, 24256599, 1, 0, 0
43526, 16843316, 1, 0, 0
43605, 7884286, 1, 0, 0
43708, 9389536, 1, 0, 0
43813, 10401498, 1, 0, 0
43908, 9576007, 1, 0, 0
44002, 15666954, 1, 0, 0
44105, 17093867, 1, 0, 0
44210, 20989319, 1, 0, 0
44318, 6719870, 1, 0, 0
44410, 13102506, 1, 0, 0
44503, 11664249, 1, 0, 0
44601, 19569638, 1, 0, 0
44701, 7687151, 1, 0, 0
44815, 16279055, 1, 0, 0
44914, 10987826, 1, 0, 0
45013, 9006055, 1, 0, 0
45123, 10963995, 1, 0, 0
45217, 7253520, 1, 0, 0
45314, 6930449, 1, 0, 0
45424, 12169802, 1, 0, 0
45517, 13201224, 1, 0, 0
45616, 12406642, 1, 0, 0
45726, 9163890, 1, 0, 0
45815, 17862461, 1, 0, 0
45910, 8562233, 1, 0, 0
46009, 5852637, 1, 0, 0
46100, 9074054, 1, 0, 0
46232, 10102575, 1, 0, 0
46312, 15996981, 1, 0, 0
46406, 11734680, 1, 0, 0
46503, 8098655, 1, 0, 0
46601, 12231377, 1, 0, 0
46717, 12849249, 1, 0, 0
46815, 12253558, 1, 0, 0
46925, 10958531, 1, 0, 0
47008, 7567427, 1, 0, 0
47113, 14947430, 1, 0, 0
47200, 6742985, 1, 0, 0
47305, 7488239, 1, 0, 0
47411, 11700384, 1, 0, 0
47511, 16655206, 1, 0, 0
47620, 9051467, 1, 0, 0
47702, 11760646, 1, 0, 0
47800, 16257765, 1, 0, 0
47924, 17808645, 1, 0, 0
48011, 7184045, 1, 0, 0
48106, 13572913, 1, 0, 0
48206, 25121979, 1, 0, 0
48317, 11009655, 1, 0, 0
48401, 14136412, 1, 0, 0
48500, 16446916, 1, 0, 0
48608, 15378461, 1, 0, 0
48708, 19966579, 1, 0, 0
48805, 12161383, 1, 0, 0
48902, 16176252, 1, 0, 0
49014, 10098272, 1, 0, 0
49100, 8589209, 1, 0, 0
49216, 14525572, 1, 0, 0
49303, 7896391, 1, 0, 0
49401, 5422446, 1, 0, 0
49525, 13866553, 1, 0, 0
49600, 14909298, 1, 0, 0
49709, 9843473, 1, 0, 0
49804, 9577920, 1, 0, 0
49900, 23895150, 1, 0, 0
50001, 11214378, 1, 0, 0
50116, 14313244, 1, 0, 0
50216, 16714470, 1, 0, 0
50321, 6559011, 1, 0, 0
50412, 15103282, 1, 0, 0
50513, 16869335, 1, 0, 0
50611, 9816576, 1, 0, 0
50712, 5273543, 1, 0, 0
50806, 18726032, 1, 0, 0
50900, 7899158, 1, 0, 0
51003, 11402989, 1, 0, 0
51103, 19896014, 1, 0, 0
51219, 16550329, 1, 0, 0
51325, 8175287, 1, 0, 0
51415, 11208456, 1, 0, 0
51510, 13627131, 1, 0, 0
51611, 7733596, 1, 0, 0
51703, 15351860, 1, 0, 0
51809, 8820994, 1, 0, 0
51912, 8606095, 1, 0, 0
52011, 24700251, 1, 0, 0
52100, 8895971, 1, 0, 0
52209, 6393661, 1, 0, 0
52306, 13815710, 1, 0, 0
52422, 12821670, 1, 0, 0
52515, 7738549, 1, 0, 0
52607, 7699173, 1, 0, 0
52714, 21412668, 1, 0, 0
52804, 17966139, 1, 0, 0
52929, 9588004, 1, 0, 0
53041, 28062194, 1, 0, 0
53120, 26361386, 1, 0, 0
53204, 11887183, 1, 0, 0
53307, 20632338, 1, 0, 0
53421, 11386552, 1, 0, 0
53517, 19336598, 1, 0, 0
53600, 6863850, 1, 0, 0
53723, 10260740, 1, 0, 0
53815, 11510755, 1, 0, 0
53909, 18691788, 1, 0, 0
54003, 13440649, 1, 0, 0
54112, 7273939, 1, 0, 0
54202, 14888801, 1, 0, 0
54303, 20244965, 1, 0, 0
54412, 6378715, 1, 0, 0
54500, 8836679, 1, 0, 0
54622, 13534709, 1, 0, 0
54716, 13350900, 1, 0, 0
54816, 11104530, 1, 0, 0
54906, 10011520, 1, 0, 0
55009, 12886492, 1, 0, 0
55117, 13525229, 1, 0, 0
55217, 11070234, 1, 0, 0
55311, 18698506, 1, 0, 0
55409, 19556197, 1, 0, 0
55510, 14503360, 1, 0, 0
55616, 5882789, 1, 0, 0
55706, 17891711, 1, 0, 0
55801, 11911929, 1, 0, 0
55917, 19367459, 1, 0, 0
56009, 11476513, 1, 0, 0
56105, 5043931, 1, 0, 0
56214, 9897922, 1, 0, 0
56314, 9996703, 1, 0, 0
56404, 17911555, 1, 0, 0
56501, 12087250, 1, 0, 0
56614, 14164972, 1, 0, 0
56714, 24912327, 1, 0, 0
56818, 6481036, 1, 0, 0
56912, 8540651, 1, 0, 0
57019, 9683840, 1, 0, 0
57118, 16587220, 1, 0, 0
57214, 5971578, 1, 0, 0
57311, 12170186, 1, 0, 0
57409, 10800678, 1, 0, 0
57510, 20305593, 1, 0, 0
57618, 7693435, 1, 0, 0
57703, 7743757, 1, 0, 0
57806, 17151654, 1, 0, 0
57902, 10572283, 1, 0, 0
58016, 22857080, 1, 0, 0
58111, 8624179, 1, 0, 0
58212, 12588848, 1, 0, 0
58306, 13475352, 1, 0, 0
58404, 16360491, 1, 0, 0
58501, 13793480, 1, 0, 0
58608, 9683054, 1, 0, 0
58704, 13691317, 1, 0, 0
58804, 12550674, 1, 0, 0
58900, 15966828, 1, 0, 0
59017, 12980098, 1, 0, 0
59106, 11128780, 1, 0, 0
59213, 7660703, 1, 0, 0
59305, 15340770, 1, 0, 0
59401, 13636764, 1, 0, 0
59500, 16475366, 1, 0, 0
59615, 23087151, 1, 0, 0
59710, 13541329, 1, 0, 0
59802, 15242030, 1, 0, 0
59928, 14068143, 1, 0, 0
60001, 12048816, 1, 0, 0
60126, 15653131, 1, 0, 0
60200, 7348913, 1, 0, 0
60306, 13252424, 1, 0, 0
60421, 12765689, 1, 0, 0
60516, 10591111, 1, 0, 0
60602, 17084549, 1, 0, 0
60710, 8992925, 1, 0, 0
60802, 9251590, 1, 0, 0
60900, 12173551, 1, 0, 0
61014, 9513983, 1, 0, 0
61117, 9342059, 1, 0, 0
61208, 11329508, 1, 0, 0
61302, 7247057, 1, 0, 0
61412, 9121040, 1, 0, 0
61514, 6826447, 1, 0, 0
61611, 16142870, 1, 0, 0
61705, 13358268, 1, 0, 0
61802, 12196852, 1, 0, 0
61901, 14003844, 1, 0, 0
62019, 6592251, 1, 0, 0
62110, 22629297, 1, 0, 0
62206, 13733653, 1, 0, 0
62332, 12592514, 1, 0, 0
62407, 10621221, 1, 0, 0
62500, 8436755, 1, 0, 0
62600, 7132126, 1, 0, 0
62717, 14685296, 1, 0, 0
62811, 15610581, 1, 0, 0
62908, 10808365, 1, 0, 0
63003, 8633802, 1, 0, 0
63101, 10888665, 1, 0, 0
63217, 12876902, 1, 0, 0
63315, 12212708, 1, 0, 0
63405, 8131012, 1, 0, 0
63518, 9388976, 1, 0, 0
63616, 10956585, 1, 0, 0
63706, 12763721, 1, 0, 0
63810, 17383451, 1, 0, 0
63916, 10530564, 1, 0, 0
64010, 7891293, 1, 0, 0
64118, 8959478, 1, 0, 0
64211, 13266484, 1, 0, 0
64308, 8774389, 1, 0, 0
64423, 12774420, 1, 0, 0
64512, 17856390, 1, 0, 0
64610, 12285000, 1, 0, 0
64724, 18948207, 1, 0, 0
64821, 24337219, 1, 0, 0
64913, 10148231, 1, 0, 0
65014, 6745193, 1, 0, 0
65110, 15946149, 1, 0, 0
65202, 11494378, 1, 0, 0
65303, 9161735, 1, 0, 0
65420, 11731126, 1, 0, 0
65519, 12324736, 1, 0, 0
65613, 9428739, 1, 0, 0
65710, 12090733, 1, 0, 0
65800, 6914633, 1, 0, 0
65925, 9564322, 1, 0, 0
66020, 11872708, 1, 0, 0
66104, 11956173, 1, 0, 0
66216, 7498092, 1, 0, 0
66310, 13303333, 1, 0, 0
66419, 9904967, 1, 0, 0
66512, 11613545, 1, 0, 0
66613, 16939907, 1, 0, 0
66720, 7605126, 1, 0, 0
66811, 11349716, 1, 0, 0
66943, 9458818, 1, 0, 0
67013, 9913549, 1, 0, 0
67122, 21792989, 1, 0, 0
67201, 8834557, 1, 0, 0
67303, 20290506, 1, 0, 0
67413, 9189264, 1, 0, 0
67524, 6902286, 1, 0, 0
67605, 10113044, 1, 0, 0
67709, 14801950, 1, 0, 0
67802, 8432549, 1, 0, 0
67906, 7420812, 1, 0, 0
68019, 11334066, 1, 0, 0
68118, 14117942, 1, 0, 0
68222, 10430376, 1, 0, 0
68300, 7725804, 1, 0, 0
68416, 7734179, 1, 0, 0
68522, 10582069, 1, 0, 0
68621, 12356089, 1, 0, 0
68710, 6845510, 1, 0, 0
68810, 16647949, 1, 0, 0
68905, 7291399, 1, 0, 0
69001, 6874817, 1, 0, 0
69104, 9367268, 1, 0, 0
69216, 18633833, 1, 0, 0
69300, 11976234, 1, 0, 0
69404, 8664290, 1, 0, 0
69505, 20132824, 1, 0, 0
69622, 9724455, 1, 0, 0
69718, 13713346, 1, 0, 0
69809, 9133414, 1, 0, 0
69917, 7682536, 1, 0, 0
70009, 10244249, 1, 0, 0
70104, 18898102, 1, 0, 0
70215, 12306019, 1, 0, 0
70313, 10876005, 1, 0, 0
70423, 15711962, 1, 0, 0
70511, 17731934, 1, 0, 0
70606, 13472846, 1, 0, 0
70708, 10241703, 1, 0, 0
70801, 8421615, 1, 0, 0
70923, 10124060, 1, 0, 0
71004, 13456017, 1, 0, 0
71123, 10867084, 1, 0, 0
71218, 11798258, 1, 0, 0
71322, 5484402, 1, 0, 0
71404, 16442874, 1, 0, 0
71524, 13248200, 1, 0, 0
71614, 30092078, 1, 0, 0
71707, 13235050, 1, 0, 0
71816, 9088611, 1, 0, 0
71921, 10495188, 1, 0, 0
72000, 8726248, 1, 0, 0
72113, 9434144, 1, 0, 0
72207, 11759635, 1, 0, 0
72301, 11721479, 1, 0, 0
72417, 12906558, 1, 0, 0
72514, 8818208, 1, 0, 0
72602, 12506908, 1, 0, 0
72700, 16303112, 1, 0, 0
72811, 12366133, 1, 0, 0
72917, 8106289, 1, 0, 0
73006, 12715865, 1, 0, 0
73106, 16627148, 1, 0, 0
73220, 19095073, 1, 0, 0
73301, 8928436, 1, 0, 0
73409, 8349841, 1, 0, 0
73502, 10265805, 1, 0, 0
73619, 11740863, 1, 0, 0
73713, 15496080, 1, 0, 0
73800, 7931921, 1, 0, 0
73921, 7534327, 1, 0, 0
74014, 9332402, 1, 0, 0
74104, 8168849, 1, 0, 0
74209, 11597568, 1, 0, 0
74302, 13348502, 1, 0, 0
74416, 8100215, 1, 0, 0
74501, 6585208, 1, 0, 0
74620, 19764238, 1, 0, 0
74706, 9505708, 1, 0, 0
74800, 18925924, 1, 0, 0
74917, 12909904, 1, 0, 0
75015, 14012604, 1, 0, 0
75112, 10753425, 1, 0, 0
75204, 11557385, 1, 0, 0
75305, 14413867, 1, 0, 0
75418, 10249866, 1, 0, 0
75500, 6317387, 1, 0, 0
75615, 14322163, 1, 0, 0
75713, 9795466, 1, 0, 0
75820, 9727526, 1, 0, 0
75915, 11794386, 1, 0, 0
76009, 23626804, 1, 0, 0
76106, 10747016, 1, 0, 0
76200, 7846294, 1, 0, 0
76306, 15104593, 1, 0, 0
76414, 9002622, 1, 0, 0
76519, 11600840, 1, 0, 0
76629, 13813919, 1, 0, 0
76700, 5867389, 1, 0, 0
76818, 13075392, 1, 0, 0
76909, 11416128, 1, 0, 0
77011, 20408927, 1, 0, 0
77118, 8254001, 1, 0, 0
77200, 11633137, 1, 0, 0
77303, 17134985, 1, 0, 0
77418, 8201847, 1, 0, 0
77504, 17290165, 1, 0, 0
77600, 11903922, 1, 0, 0
77716, 14477478, 1, 0, 0
77823, 9718298, 1, 0, 0
77910, 6234819, 1, 0, 0
78018, 13439781, 1, 0, 0
78116, 8930010, 1, 0, 0
78219, 6024924, 1, 0, 0
78306, 10892548, 1, 0, 0
78402, 12057037, 1, 0, 0
78517, 8814340, 1, 0, 0
78623, 11779441, 1, 0, 0
78715, 8331414, 1, 0, 0
78817, 12791278, 1, 0, 0
78915, 13938738, 1, 0, 0
79010, 13553407, 1, 0, 0
79116, 8157430, 1, 0, 0
79210, 15584041, 1, 0, 0
79319, 10893513, 1, 0, 0
79414, 15879634, 1, 0, 0
79501, 6205073, 1, 0, 0
79619, 14686140, 1, 0, 0
79708, 9957802, 1, 0, 0
79821, 8638590, 1, 0, 0
79916, 13557113, 1, 0, 0
80018, 11349459, 1, 0, 0
80110, 15251185, 1, 0, 0
80200, 10043668, 1, 0, 0
80314, 14216077, 1, 0, 0
80420, 8129901, 1, 0, 0
80504, 16862137, 1, 0, 0
80610, 11775589, 1, 0, 0
80719, 13586966, 1, 0, 0
80816, 13895955, 1, 0, 0
80905, 12611400, 1, 0, 0
81000, 7896702, 1, 0, 0
81101, 12688907, 1, 0, 0
81202, 11207811, 1, 0, 0
81312, 10963033, 1, 0, 0
81416, 10370455, 1, 0, 0
81507, 18275322, 1, 0, 0
81624, 10646957, 1, 0, 0
81703, 11262500, 1, 0, 0
81803, 9937758, 1, 0, 0
81925, 17398253, 1, 0, 0
82005, 13368199, 1, 0, 0
82114, 13664653, 1, 0, 0
82205, 22642845, 1, 0, 0
82302, 10738004, 1, 0, 0
82413, 8511596, 1, 0, 0
82512, 19832068, 1, 0, 0
82617, 10500540, 1, 0, 0
82702, 17106643, 1, 0, 0
82810, 10780314, 1, 0, 0
82906, 10589745, 1, 0, 0
83022, 19309824, 1, 0, 0
83104, 11701661, 1, 0, 0
83212, 15402320, 1, 0, 0
83311, 8247167, 1, 0, 0
83417, 17695932, 1, 0, 0
83506, 11103526, 1, 0, 0
83616, 12237858, 1, 0, 0
83701, 16994984, 1, 0, 0
83809, 10765200, 1, 0, 0
83908, 16582127, 1, 0, 0
84002, 10357009, 1, 0, 0
84101, 16554432, 1, 0, 0
84209, 18030744, 1, 0, 0
84306, 19230429, 1, 0, 0
84401, 9507607, 1, 0, 0
84503, 8474380, 1, 0, 0
84606, 20578953, 1, 0, 0
84715, 10956946, 1, 0, 0
84809, 13413055, 1, 0, 0
84903, 13337280, 1, 0, 0
85006, 12884328, 1, 0, 0
85102, 12010908, 1, 0, 0
85208, 13243195, 1, 0, 0
85305, 12131893, 1, 0, 0
85400, 18941194, 1, 0, 0
85507, 15309197, 1, 0, 0
85613, 26476803, 1, 0, 0
85714, 12576179, 1, 0, 0
85825, 15894551, 1, 0, 0
85900, 14900493, 1, 0, 0
86003, 17131804, 1, 0, 0
86124, 15216928, 1, 0, 0
86207, 13760166, 1, 0, 0
86315, 18041026, 1, 0, 0
86419, 11485111, 1, 0, 0
86512, 15486650, 1, 0, 0
86601, 12659862, 1, 0, 0
86702, 10115089, 1, 0, 0
86817, 16436804, 1, 0, 0
86909, 15328009, 1, 0, 0
87015, 13247095, 1, 0, 0
87103, 9714933, 1, 0, 0
87225, 12217343, 1, 0, 0
87305, 10017095, 1, 0, 0
87401, 23899458, 1, 0, 0
87502, 16850271, 1, 0, 0
87622, 14946769, 1, 0, 0
87716, 11794296, 1, 0, 0
87816, 12535860, 1, 0, 0
87925, 8996251, 1, 0, 0
88013, 9825097, 1, 0, 0
88116, 14714360, 1, 0, 0
88205, 8909792, 1, 0, 0
88316, 13763870, 1, 0, 0
88402, 8671215, 1, 0, 0
88500, 8887813, 1, 0, 0
88609, 18124915, 1, 0, 0
88716, 10717898, 1, 0, 0
88820, 20675494, 1, 0, 0
88903, 13806269, 1, 0, 0
89025, 17430264, 1, 0, 0
89109, 7606047, 1, 0, 0
89220, 9285629, 1, 0, 0
89324, 17204160, 1, 0, 0
89401, 7772739, 1, 0, 0
89511, 7806904, 1, 0, 0
89602, 11360358, 1, 0, 0
89702, 12465344, 1, 0, 0
89809, 10699776, 1, 0, 0
89908, 19844545, 1, 0, 0
90003, 18880334, 1, 0, 0
