100, 1472172, 0, 0, 0
200, 1597709, 0, 0, 0
302, 4399310, 0, 0, 0
400, 4470980, 0, 0, 0
500, 3167267, 0, 0, 0
600, 1591616, 0, 0, 0
700, 1492200, 0, 0, 0
800, 1482719, 0, 0, 0
900, 1487308, 0, 0, 0
1000, 1469713, 0, 0, 0
1100, 1501763, 0, 0, 0
1200, 2023268, 0, 0, 0
1300, 3194721, 0, 0, 0
1400, 1582987, 0, 0, 0
1500, 1553660, 0, 0, 0
1600, 1422832, 0, 0, 0
1700, 1474940, 0, 0, 0
1800, 1544063, 0, 0, 0
1900, 1484456, 0, 0, 0
2000, 1196075, 0, 0, 0
2100, 1259536, 0, 0, 0
2200, 2741377, 0, 0, 0
2300, 2072392, 0, 0, 0
2400, 1461095, 0, 0, 0
2500, 1431599, 0, 0, 0
2600, 1178437, 0, 0, 0
2700, 1281103, 0, 0, 0
2800, 1655608, 0, 0, 0
2900, 1393302, 0, 0, 0
3000, 1133288, 0, 0, 0
3100, 1407770, 0, 0, 0
3200, 1587953, 0, 0, 0
3300, 1693277, 0, 0, 0
3400, 1602383, 0, 0, 0
3500, 1414992, 0, 0, 0
3600, 1549916, 0, 0, 0
3700, 1669788, 0, 0, 0
3800, 1190507, 0, 0, 0
3900, 1641083, 0, 0, 0
4000, 1768773, 0, 0, 0
4100, 1638098, 0, 0, 0
4200, 1738706, 0, 0, 0
4300, 1552183, 0, 0, 0
4400, 1149440, 0, 0, 0
4500, 1729888, 0, 0, 0
4600, 2315325, 0, 0, 0
4700, 2830377, 0, 0, 0
4800, 3140602, 0, 0, 0
4900, 1449251, 0, 0, 0
5000, 2779785, 0, 0, 0
5100, 1678176, 0, 0, 0
5200, 1437684, 0, 0, 0
5300, 1460625, 0, 0, 0
5400, 1506591, 0, 0, 0
5500, 1541138, 0, 0, 0
5600, 1480407, 0, 0, 0
5700, 1411588, 0, 0, 0
5800, 1589215, 0, 0, 0
5900, 1577046, 0, 0, 0
6000, 1528830, 0, 0, 0
6100, 1203881, 0, 0, 0
6200, 1464899, 0, 0, 0
6300, 1517367, 0, 0, 0
6400, 2234098, 0, 0, 0
6500, 3099698, 0, 0, 0
6600, 1893192, 0, 0, 0
6700, 1543742, 0, 0, 0
6800, 1622813, 0, 0, 0
6900, 1578394, 0, 0, 0
7000, 1590325, 0, 0, 0
7100, 1488894, 0, 0, 0
7200, 1596432, 0, 0, 0
7300, 1645323, 0, 0, 0
7400, 1658410, 0, 0, 0
7500, 1571550, 0, 0, 0
7600, 1517433, 0, 0, 0
7700, 1711651, 0, 0, 0
7800, 1094892, 0, 0, 0
7900, 1513349, 0, 0, 0
8000, 1596386, 0, 0, 0
8100, 1533363, 0, 0, 0
8200, 1386918, 0, 0, 0
8300, 1558287, 0, 0, 0
8400, 1119657, 0, 0, 0
8500, 1374452, 0, 0, 0
8600, 1689606, 0, 0, 0
8700, 2654139, 0, 0, 0
8800, 2431406, 0, 0, 0
8900, 1663123, 0, 0, 0
9001, 1568155, 0, 0, 0
9100, 1645900, 0, 0, 0
9200, 1716425, 0, 0, 0
9300, 1663384, 0, 0, 0
9400, 1562120, 0, 0, 0
9502, 2278415, 0, 0, 0
9600, 5351968, 0, 0, 0
9700, 1845406, 0, 0, 0
9800, 1450344, 0, 0, 0
9900, 1353689, 0, 0, 0
10000, 1292339, 0, 0, 0
10100, 2122083, 0, 0, 0
10200, 2992599, 0, 0, 0
10300, 1436141, 0, 0, 0
10400, 1639539, 0, 0, 0
10500, 1917948, 0, 0, 0
10600, 3051937, 0, 0, 0
10700, 1797997, 0, 0, 0
10800, 2050837, 0, 0, 0
10900, 1294184, 0, 0, 0
11000, 1293132, 0, 0, 0
11100, 1619574, 0, 0, 0
11200, 1136503, 0, 0, 0
11300, 1220938, 0, 0, 0
11400, 1548041, 0, 0, 0
11500, 1480816, 0, 0, 0
11600, 1028664, 0, 0, 0
11700, 889280, 0, 0, 0
11800, 1678123, 0, 0, 0
11900, 1971545, 0, 0, 0
12000, 1977534, 0, 0, 0
12100, 1340040, 0, 0, 0
12200, 1590851, 0, 0, 0
12300, 1782236, 0, 0, 0
12400, 1926892, 0, 0, 0
12500, 1585145, 0, 0, 0
12600, 2106534, 0, 0, 0
12700, 1839418, 0, 0, 0
12800, 1739356, 0, 0, 0
12900, 1590403, 0, 0, 0
13000, 1521197, 0, 0, 0
13100, 1475824, 0, 0, 0
13200, 1464071, 0, 0, 0
13300, 3049209, 0, 0, 0
13400, 4448461, 0, 0, 0
13500, 1330572, 0, 0, 0
13600, 1480620, 0, 0, 0
13700, 2129205, 0, 0, 0
13800, 1621035, 0, 0, 0
13900, 1569413, 0, 0, 0
14000, 1663854, 0, 0, 0
14100, 1785676, 0, 0, 0
14200, 1535936, 0, 0, 0
14300, 1419323, 0, 0, 0
14400, 1623171, 0, 0, 0
14500, 1719848, 0, 0, 0
14600, 1689420, 0, 0, 0
14700, 1638119, 0, 0, 0
14800, 1508800, 0, 0, 0
14900, 3442253, 0, 0, 0
15000, 3171818, 0, 0, 0
15100, 1511229, 0, 0, 0
15200, 1430366, 0, 0, 0
15300, 1869449, 0, 0, 0
15400, 2038891, 0, 0, 0
15500, 1177735, 0, 0, 0
15600, 1370186, 0, 0, 0
15700, 2884980, 0, 0, 0
15800, 2937621, 0, 0, 0
15900, 3502517, 0, 0, 0
16000, 3277100, 0, 0, 0
16100, 2064561, 0, 0, 0
16200, 1381498, 0, 0, 0
16300, 1549000, 0, 0, 0
16400, 1603785, 0, 0, 0
16500, 1640216, 0, 0, 0
16600, 2292712, 0, 0, 0
16700, 1697577, 0, 0, 0
16800, 1931727, 0, 0, 0
16900, 1471335, 0, 0, 0
17000, 1561422, 0, 0, 0
17100, 1886959, 0, 0, 0
17200, 2071981, 0, 0, 0
17300, 1994904, 0, 0, 0
17400, 1489796, 0, 0, 0
17500, 1501963, 0, 0, 0
17600, 1664211, 0, 0, 0
17700, 1526141, 0, 0, 0
17800, 1518602, 0, 0, 0
17900, 1462700, 0, 0, 0
18000, 1801825, 0, 0, 0
18100, 2141157, 0, 0, 0
18200, 1738755, 0, 0, 0
18300, 2096077, 0, 0, 0
18400, 1625731, 0, 0, 0
18500, 1211453, 0, 0, 0
18600, 1253603, 0, 0, 0
18700, 1447375, 0, 0, 0
18800, 1367595, 0, 0, 0
18900, 957896, 0, 0, 0
19000, 1305203, 0, 0, 0
19100, 1726991, 0, 0, 0
19200, 1493380, 0, 0, 0
19300, 1536138, 0, 0, 0
19400, 1603928, 0, 0, 0
19500, 1724265, 0, 0, 0
19600, 1807834, 0, 0, 0
19700, 2586976, 0, 0, 0
19800, 3659751, 0, 0, 0
19900, 2624980, 0, 0, 0
20000, 1753528, 0, 0, 0
20100, 1230594, 0, 0, 0
20200, 1611031, 0, 0, 0
20300, 1530030, 0, 0, 0
20400, 1549728, 0, 0, 0
20500, 1508035, 0, 0, 0
20600, 1598290, 0, 0, 0
20700, 1671605, 0, 0, 0
20800, 1652428, 0, 0, 0
20900, 1579336, 0, 0, 0
21000, 1620705, 0, 0, 0
21100, 1492855, 0, 0, 0
21200, 1525647, 0, 0, 0
21300, 1337094, 0, 0, 0
21400, 1420462, 0, 0, 0
21500, 1345778, 0, 0, 0
21600, 1363200, 0, 0, 0
21700, 1907321, 0, 0, 0
21800, 1574573, 0, 0, 0
21900, 1496483, 0, 0, 0
22000, 1516951, 0, 0, 0
22100, 2772272, 0, 0, 0
22200, 2871454, 0, 0, 0
22300, 2043856, 0, 0, 0
22400, 2160258, 0, 0, 0
22500, 1410601, 0, 0, 0
22600, 1200132, 0, 0, 0
22700, 1604763, 0, 0, 0
22800, 1638949, 0, 0, 0
22900, 1947816, 0, 0, 0
23000, 2152446, 0, 0, 0
23100, 1903117, 0, 0, 0
23200, 3250045, 0, 0, 0
23300, 1517267, 0, 0, 0
23400, 1457855, 0, 0, 0
23500, 1517677, 0, 0, 0
23600, 1603042, 0, 0, 0
23700, 1605544, 0, 0, 0
23800, 2858423, 0, 0, 0
23900, 2213112, 0, 0, 0
24000, 1695318, 0, 0, 0
24100, 2357131, 0, 0, 0
24200, 2969987, 0, 0, 0
24300, 2356769, 0, 0, 0
24400, 3266182, 0, 0, 0
24500, 4259532, 0, 0, 0
24600, 3734461, 0, 0, 0
24700, 1856331, 0, 0, 0
24800, 1745843, 0, 0, 0
24900, 1469666, 0, 0, 0
25000, 1655924, 0, 0, 0
25100, 2595761, 0, 0, 0
25200, 3439170, 0, 0, 0
25300, 1623122, 0, 0, 0
25400, 1750864, 0, 0, 0
25500, 1295224, 0, 0, 0
25600, 1305509, 0, 0, 0
25700, 1475018, 0, 0, 0
25800, 1324235, 0, 0, 0
25900, 1528497, 0, 0, 0
26000, 1598987, 0, 0, 0
26100, 1558237, 0, 0, 0
26200, 1878048, 0, 0, 0
26300, 1559229, 0, 0, 0
26400, 1754253, 0, 0, 0
26500, 2568939, 0, 0, 0
26600, 1466651, 0, 0, 0
26700, 1615861, 0, 0, 0
26800, 1654801, 0, 0, 0
26900, 1628616, 0, 0, 0
27000, 1749575, 0, 0, 0
27100, 1474306, 0, 0, 0
27200, 1433438, 0, 0, 0
27300, 1363418, 0, 0, 0
27400, 2003513, 0, 0, 0
27500, 2218782, 0, 0, 0
27600, 2912616, 0, 0, 0
27700, 2109503, 0, 0, 0
27800, 2263522, 0, 0, 0
27900, 1362227, 0, 0, 0
28000, 2449346, 0, 0, 0
28100, 1780844, 0, 0, 0
28200, 1520125, 0, 0, 0
28300, 1844795, 0, 0, 0
28400, 3502652, 0, 0, 0
28500, 4221565, 0, 0, 0
28600, 2394327, 0, 0, 0
28700, 1729647, 0, 0, 0
28800, 1845232, 0, 0, 0
28900, 2309298, 0, 0, 0
29000, 2594306, 0, 0, 0
29100, 2109849, 0, 0, 0
29200, 1503230, 0, 0, 0
29300, 1518095, 0, 0, 0
29400, 1490951, 0, 0, 0
29500, 1750102, 0, 0, 0
29600, 2103699, 0, 0, 0
29700, 1273003, 0, 0, 0
29800, 2619026, 0, 0, 0
29900, 2330950, 0, 0, 0
30001, 1543690, 0, 0, 0
30100, 1619164, 0, 0, 0
30200, 1706618, 0, 0, 0
30300, 1552552, 0, 0, 0
30400, 2585712, 0, 0, 0
30500, 2600811, 0, 0, 0
30600, 2130422, 0, 0, 0
30700, 1578604, 0, 0, 0
30800, 1585990, 0, 0, 0
30900, 1632612, 0, 0, 0
31000, 2179708, 0, 0, 0
31100, 1714900, 0, 0, 0
31200, 1522053, 0, 0, 0
31300, 1589167, 0, 0, 0
31400, 1601364, 0, 0, 0
31500, 2027019, 0, 0, 0
31600, 1620528, 0, 0, 0
31700, 1166244, 0, 0, 0
31800, 1525816, 0, 0, 0
31900, 1573071, 0, 0, 0
32000, 2935537, 0, 0, 0
32100, 3000587, 0, 0, 0
32200, 1842892, 0, 0, 0
32300, 2535861, 0, 0, 0
32400, 1793761, 0, 0, 0
32500, 1254391, 0, 0, 0
32601, 1729761, 0, 0, 0
32700, 3299669, 0, 0, 0
32800, 1999261, 0, 0, 0
32900, 1677385, 0, 0, 0
33000, 1701274, 0, 0, 0
33100, 1963538, 0, 0, 0
33200, 3401222, 0, 0, 0
33300, 2211170, 0, 0, 0
33400, 1562978, 0, 0, 0
33500, 2077712, 0, 0, 0
33600, 1569629, 0, 0, 0
33700, 1482355, 0, 0, 0
33800, 1238162, 0, 0, 0
33900, 1163631, 0, 0, 0
34000, 1550188, 0, 0, 0
34100, 1164324, 0, 0, 0
34200, 1546910, 0, 0, 0
34300, 1603984, 0, 0, 0
34400, 1125584, 0, 0, 0
34500, 1952580, 0, 0, 0
34600, 2316907, 0, 0, 0
34700, 1774926, 0, 0, 0
34800, 1871746, 0, 0, 0
34900, 2031862, 0, 0, 0
35000, 1405850, 0, 0, 0
35100, 1505144, 0, 0, 0
35200, 2342726, 0, 0, 0
35300, 1535290, 0, 0, 0
35400, 1967564, 0, 0, 0
35500, 1865375, 0, 0, 0
35600, 3025045, 0, 0, 0
35700, 2784465, 0, 0, 0
35800, 1551809, 0, 0, 0
35900, 1919507, 0, 0, 0
36000, 2469196, 0, 0, 0
36100, 2060057, 0, 0, 0
36200, 1558116, 0, 0, 0
36300, 2481239, 0, 0, 0
36400, 1842531, 0, 0, 0
36500, 1612615, 0, 0, 0
36600, 3059244, 0, 0, 0
36700, 2222707, 0, 0, 0
36800, 1678233, 0, 0, 0
36900, 3404101, 0, 0, 0
37000, 1944341, 0, 0, 0
37100, 4114054, 0, 0, 0
37201, 4250795, 0, 0, 0
37300, 4219550, 0, 0, 0
37400, 3434503, 0, 0, 0
37500, 3342004, 0, 0, 0
37600, 2375794, 0, 0, 0
37700, 1583805, 0, 0, 0
37800, 1727031, 0, 0, 0
37900, 1844068, 0, 0, 0
38000, 2968003, 0, 0, 0
38100, 2801317, 0, 0, 0
38200, 2152640, 0, 0, 0
38300, 3348469, 0, 0, 0
38400, 2712670, 0, 0, 0
38500, 1250237, 0, 0, 0
38600, 1175210, 0, 0, 0
38700, 1859463, 0, 0, 0
38800, 2605925, 0, 0, 0
38900, 1734839, 0, 0, 0
39000, 1669781, 0, 0, 0
39100, 1821040, 0, 0, 0
39200, 1610207, 0, 0, 0
39300, 1783949, 0, 0, 0
39400, 2284022, 0, 0, 0
39500, 2046345, 0, 0, 0
39600, 1976344, 0, 0, 0
39700, 1776495, 0, 0, 0
39800, 2157788, 0, 0, 0
39900, 1647671, 0, 0, 0
40000, 1518672, 0, 0, 0
40100, 1614321, 0, 0, 0
40200, 2479583, 0, 0, 0
40300, 2582810, 0, 0, 0
40400, 1602550, 0, 0, 0
40500, 1598859, 0, 0, 0
40600, 1546287, 0, 0, 0
40700, 1902734, 0, 0, 0
40800, 2899050, 0, 0, 0
40900, 1709069, 0, 0, 0
41000, 1457030, 0, 0, 0
41100, 2271210, 0, 0, 0
41200, 1809360, 0, 0, 0
41300, 1768841, 0, 0, 0
41400, 1521374, 0, 0, 0
41500, 1511955, 0, 0, 0
41600, 1439998, 0, 0, 0
41700, 2682069, 0, 0, 0
41800, 2269774, 0, 0, 0
41900, 1635150, 0, 0, 0
42000, 1972358, 0, 0, 0
42100, 1470513, 0, 0, 0
42200, 1536418, 0, 0, 0
42300, 1581324, 0, 0, 0
42400, 1536565, 0, 0, 0
42500, 1629539, 0, 0, 0
42600, 2440096, 0, 0, 0
42700, 2363674, 0, 0, 0
42800, 1689344, 0, 0, 0
42900, 1626315, 0, 0, 0
43000, 1579713, 0, 0, 0
43100, 1463320, 0, 0, 0
43200, 1455882, 0, 0, 0
43300, 2099475, 0, 0, 0
43400, 2206848, 0, 0, 0
43500, 1594626, 0, 0, 0
43600, 1186153, 0, 0, 0
43700, 3975314, 0, 0, 0
43800, 3972132, 0, 0, 0
43900, 3380087, 0, 0, 0
44000, 1492360, 0, 0, 0
44100, 1575749, 0, 0, 0
44200, 1610317, 0, 0, 0
44300, 2068646, 0, 0, 0
44400, 1688189, 0, 0, 0
44500, 2523277, 0, 0, 0
44600, 2028201, 0, 0, 0
44700, 2539515, 0, 0, 0
44800, 1628933, 0, 0, 0
44900, 2633342, 0, 0, 0
45000, 2703915, 0, 0, 0
45100, 1528703, 0, 0, 0
45200, 1503351, 0, 0, 0
45300, 1521722, 0, 0, 0
45400, 1738214, 0, 0, 0
45500, 1290866, 0, 0, 0
45600, 1236592, 0, 0, 0
45700, 1587169, 0, 0, 0
45800, 1615954, 0, 0, 0
45900, 1561012, 0, 0, 0
46000, 1278438, 0, 0, 0
46100, 3135394, 0, 0, 0
46200, 2783708, 0, 0, 0
46300, 1520351, 0, 0, 0
46400, 1839708, 0, 0, 0
46500, 2039037, 0, 0, 0
46600, 1620110, 0, 0, 0
46700, 1447574, 0, 0, 0
46800, 1463476, 0, 0, 0
46900, 1651434, 0, 0, 0
47000, 2486878, 0, 0, 0
47100, 1990918, 0, 0, 0
47200, 1598734, 0, 0, 0
47300, 1724222, 0, 0, 0
47400, 1960740, 0, 0, 0
47500, 2979067, 0, 0, 0
47600, 2323547, 0, 0, 0
47700, 2144412, 0, 0, 0
47800, 3247863, 0, 0, 0
47900, 2519111, 0, 0, 0
48000, 1629305, 0, 0, 0
48100, 1473602, 0, 0, 0
48200, 1524908, 0, 0, 0
48300, 1710974, 0, 0, 0
48400, 1598904, 0, 0, 0
48500, 1498703, 0, 0, 0
48600, 1576548, 0, 0, 0
48700, 2359335, 0, 0, 0
48800, 1655792, 0, 0, 0
48900, 2146534, 0, 0, 0
49000, 2831840, 0, 0, 0
49100, 2374953, 0, 0, 0
49200, 2812257, 0, 0, 0
49300, 1786816, 0, 0, 0
49400, 1605564, 0, 0, 0
49500, 1669211, 0, 0, 0
49600, 1562200, 0, 0, 0
49700, 1541997, 0, 0, 0
49800, 3861184, 0, 0, 0
49900, 3797045, 0, 0, 0
50000, 2808215, 0, 0, 0
50100, 1793231, 0, 0, 0
50200, 1368423, 0, 0, 0
50300, 1515616, 0, 0, 0
50400, 1571884, 0, 0, 0
50500, 2066445, 0, 0, 0
50600, 1677172, 0, 0, 0
50700, 1698677, 0, 0, 0
50800, 986293, 0, 0, 0
50900, 1201544, 0, 0, 0
51000, 1577182, 0, 0, 0
51100, 1615143, 0, 0, 0
51200, 1948746, 0, 0, 0
51300, 1612286, 0, 0, 0
51400, 1470472, 0, 0, 0
51500, 1503205, 0, 0, 0
51600, 1794022, 0, 0, 0
51700, 2193751, 0, 0, 0
51800, 1502793, 0, 0, 0
51900, 1574381, 0, 0, 0
52000, 1604848, 0, 0, 0
52100, 1722382, 0, 0, 0
52200, 2203473, 0, 0, 0
52300, 1373394, 0, 0, 0
52400, 1774818, 0, 0, 0
52500, 2014093, 0, 0, 0
52600, 1512201, 0, 0, 0
52700, 1682996, 0, 0, 0
52800, 1562099, 0, 0, 0
52900, 1948599, 0, 0, 0
53000, 1585248, 0, 0, 0
53100, 2097523, 0, 0, 0
53200, 3114667, 0, 0, 0
53300, 1923087, 0, 0, 0
53400, 1591766, 0, 0, 0
53500, 1724312, 0, 0, 0
53600, 2438101, 0, 0, 0
53700, 2452161, 0, 0, 0
53800, 1526618, 0, 0, 0
53900, 1501697, 0, 0, 0
54000, 1195411, 0, 0, 0
54100, 1720673, 0, 0, 0
54200, 1461050, 0, 0, 0
54300, 2152271, 0, 0, 0
54400, 1933847, 0, 0, 0
54500, 1392990, 0, 0, 0
54600, 1203568, 0, 0, 0
54700, 1860114, 0, 0, 0
54800, 1502809, 0, 0, 0
54900, 1520644, 0, 0, 0
55000, 1629984, 0, 0, 0
55100, 1532008, 0, 0, 0
55200, 1478784, 0, 0, 0
55300, 1549963, 0, 0, 0
55400, 1442182, 0, 0, 0
55500, 2091633, 0, 0, 0
55600, 1507966, 0, 0, 0
55700, 1638769, 0, 0, 0
55800, 1370106, 0, 0, 0
55900, 1452358, 0, 0, 0
56000, 1515689, 0, 0, 0
56100, 2238489, 0, 0, 0
56200, 1350488, 0, 0, 0
56300, 1510309, 0, 0, 0
56400, 1680656, 0, 0, 0
56500, 1858997, 0, 0, 0
56600, 1604868, 0, 0, 0
56700, 1507517, 0, 0, 0
56800, 1467662, 0, 0, 0
56900, 1532777, 0, 0, 0
57000, 2597380, 0, 0, 0
57100, 1888586, 0, 0, 0
57200, 1917652, 0, 0, 0
57300, 3231741, 0, 0, 0
57400, 1750437, 0, 0, 0
57500, 1397323, 0, 0, 0
57600, 1594579, 0, 0, 0
57700, 1491266, 0, 0, 0
57800, 1126833, 0, 0, 0
57900, 1597318, 0, 0, 0
58000, 1658959, 0, 0, 0
58100, 1637271, 0, 0, 0
58200, 1170341, 0, 0, 0
58300, 1733343, 0, 0, 0
58400, 1618174, 0, 0, 0
58500, 1349870, 0, 0, 0
58600, 1518694, 0, 0, 0
58700, 1555668, 0, 0, 0
58800, 2054252, 0, 0, 0
58900, 1217935, 0, 0, 0
59000, 1639543, 0, 0, 0
59100, 1450788, 0, 0, 0
59200, 1863956, 0, 0, 0
59300, 1849726, 0, 0, 0
59400, 1665277, 0, 0, 0
59500, 1518914, 0, 0, 0
59600, 1824715, 0, 0, 0
59700, 1759726, 0, 0, 0
59800, 1690550, 0, 0, 0
59900, 1534943, 0, 0, 0
60000, 1665323, 0, 0, 0
60100, 1486164, 0, 0, 0
60200, 1569595, 0, 0, 0
60300, 1625888, 0, 0, 0
60400, 2111229, 0, 0, 0
60500, 2071199, 0, 0, 0
60600, 1717321, 0, 0, 0
60700, 1442203, 0, 0, 0
60800, 1292352, 0, 0, 0
60900, 2900988, 0, 0, 0
61000, 2007819, 0, 0, 0
61100, 1477516, 0, 0, 0
61200, 1666302, 0, 0, 0
61300, 1493033, 0, 0, 0
61400, 2909728, 0, 0, 0
61501, 3887777, 0, 0, 0
61600, 2532530, 0, 0, 0
61700, 1689105, 0, 0, 0
61800, 1554577, 0, 0, 0
61900, 1665585, 0, 0, 0
62000, 1566896, 0, 0, 0
62100, 1533276, 0, 0, 0
62200, 1484044, 0, 0, 0
62300, 1173077, 0, 0, 0
62400, 1618141, 0, 0, 0
62500, 1356003, 0, 0, 0
62600, 1301170, 0, 0, 0
62700, 1541823, 0, 0, 0
62800, 1815903, 0, 0, 0
62900, 1450698, 0, 0, 0
63000, 1555516, 0, 0, 0
63100, 1553335, 0, 0, 0
63200, 1739540, 0, 0, 0
63300, 2679518, 0, 0, 0
63400, 2727911, 0, 0, 0
63500, 1332686, 0, 0, 0
63600, 1371442, 0, 0, 0
63700, 1497339, 0, 0, 0
63800, 1519619, 0, 0, 0
63900, 1523808, 0, 0, 0
64000, 1509355, 0, 0, 0
64100, 1459644, 0, 0, 0
64200, 1584113, 0, 0, 0
64300, 1508583, 0, 0, 0
64400, 1315949, 0, 0, 0
64500, 1535006, 0, 0, 0
64600, 1530071, 0, 0, 0
64700, 1406626, 0, 0, 0
64800, 1505362, 0, 0, 0
64900, 2444157, 0, 0, 0
65000, 3582694, 0, 0, 0
65100, 3289219, 0, 0, 0
65200, 1939607, 0, 0, 0
65300, 2614592, 0, 0, 0
65400, 2468599, 0, 0, 0
65500, 1504624, 0, 0, 0
65600, 1102831, 0, 0, 0
65700, 1351315, 0, 0, 0
65800, 1485716, 0, 0, 0
65900, 1517087, 0, 0, 0
66000, 1869346, 0, 0, 0
66100, 2427876, 0, 0, 0
66200, 1260574, 0, 0, 0
66300, 1551570, 0, 0, 0
66400, 1925099, 0, 0, 0
66500, 1545954, 0, 0, 0
66600, 1425965, 0, 0, 0
66700, 1450512, 0, 0, 0
66800, 1475855, 0, 0, 0
66900, 2848667, 0, 0, 0
67000, 2207908, 0, 0, 0
67100, 1867821, 0, 0, 0
67200, 1899895, 0, 0, 0
67300, 1163071, 0, 0, 0
67400, 1205191, 0, 0, 0
67500, 1573274, 0, 0, 0
67600, 1636434, 0, 0, 0
67700, 3177706, 0, 0, 0
67800, 1620065, 0, 0, 0
67900, 1779413, 0, 0, 0
68000, 1566908, 0, 0, 0
68100, 2992082, 0, 0, 0
68200, 2062453, 0, 0, 0
68300, 1512768, 0, 0, 0
68401, 3224282, 0, 0, 0
68500, 2745717, 0, 0, 0
68600, 1780945, 0, 0, 0
68700, 1739497, 0, 0, 0
68800, 2128905, 0, 0, 0
68900, 2420928, 0, 0, 0
69000, 2777607, 0, 0, 0
69100, 1346579, 0, 0, 0
69200, 2696189, 0, 0, 0
69300, 2124195, 0, 0, 0
69400, 3720655, 0, 0, 0
69500, 4614567, 0, 0, 0
69600, 2776481, 0, 0, 0
69700, 1428130, 0, 0, 0
69800, 1042978, 0, 0, 0
69900, 1569584, 0, 0, 0
70000, 1567397, 0, 0, 0
70100, 1496472, 0, 0, 0
70200, 1463633, 0, 0, 0
70300, 1403523, 0, 0, 0
70400, 1488377, 0, 0, 0
70500, 1536972, 0, 0, 0
70600, 1456401, 0, 0, 0
70700, 1561542, 0, 0, 0
70800, 2116434, 0, 0, 0
70900, 1774581, 0, 0, 0
71000, 1521368, 0, 0, 0
71100, 1568106, 0, 0, 0
71200, 1471393, 0, 0, 0
71300, 1380680, 0, 0, 0
71400, 1632649, 0, 0, 0
71500, 2110762, 0, 0, 0
71600, 1923950, 0, 0, 0
71700, 1594779, 0, 0, 0
71801, 3181966, 0, 0, 0
71900, 2358583, 0, 0, 0
72000, 1104372, 0, 0, 0
72100, 2298653, 0, 0, 0
72200, 3063670, 0, 0, 0
72300, 2366151, 0, 0, 0
72400, 1659302, 0, 0, 0
72500, 2247226, 0, 0, 0
72600, 1655608, 0, 0, 0
72700, 1636066, 0, 0, 0
72800, 1720201, 0, 0, 0
72900, 1539342, 0, 0, 0
73000, 1490484, 0, 0, 0
73100, 1476327, 0, 0, 0
73200, 1436233, 0, 0, 0
73300, 1448933, 0, 0, 0
73400, 1522385, 0, 0, 0
73500, 1634823, 0, 0, 0
73600, 1565032, 0, 0, 0
73700, 1504556, 0, 0, 0
73800, 1384724, 0, 0, 0
73900, 1405533, 0, 0, 0
74000, 1264943, 0, 0, 0
74100, 2643339, 0, 0, 0
74200, 2060174, 0, 0, 0
74300, 1988819, 0, 0, 0
74400, 1646360, 0, 0, 0
74500, 1802521, 0, 0, 0
74600, 2832197, 0, 0, 0
74700, 2104639, 0, 0, 0
74800, 1506179, 0, 0, 0
74900, 2585885, 0, 0, 0
75000, 1268774, 0, 0, 0
75100, 1719846, 0, 0, 0
75200, 1521130, 0, 0, 0
75300, 1169001, 0, 0, 0
75400, 1484463, 0, 0, 0
75500, 1168165, 0, 0, 0
75600, 1408684, 0, 0, 0
75700, 1553394, 0, 0, 0
75800, 1970033, 0, 0, 0
75900, 1857590, 0, 0, 0
76000, 1679544, 0, 0, 0
76100, 1661886, 0, 0, 0
76200, 2474052, 0, 0, 0
76300, 2373524, 0, 0, 0
76400, 2184989, 0, 0, 0
76500, 2617814, 0, 0, 0
76600, 1872387, 0, 0, 0
76700, 1495459, 0, 0, 0
76800, 1546894, 0, 0, 0
76900, 1594729, 0, 0, 0
77000, 1944405, 0, 0, 0
77100, 2090542, 0, 0, 0
77200, 1680539, 0, 0, 0
77300, 1726066, 0, 0, 0
77400, 2367049, 0, 0, 0
77500, 1461142, 0, 0, 0
77600, 1522857, 0, 0, 0
77700, 1617141, 0, 0, 0
77800, 1521479, 0, 0, 0
77900, 1524917, 0, 0, 0
78000, 1607046, 0, 0, 0
78100, 1584483, 0, 0, 0
78200, 1441095, 0, 0, 0
78300, 1504328, 0, 0, 0
78400, 1447269, 0, 0, 0
78500, 1598406, 0, 0, 0
78600, 1561768, 0, 0, 0
78700, 2404031, 0, 0, 0
78800, 2385988, 0, 0, 0
78900, 1490508, 0, 0, 0
79000, 1577944, 0, 0, 0
79100, 1638295, 0, 0, 0
79200, 1680164, 0, 0, 0
79300, 1662704, 0, 0, 0
79400, 1584321, 0, 0, 0
79500, 3702071, 0, 0, 0
79600, 2190561, 0, 0, 0
79700, 1567215, 0, 0, 0
79800, 1154983, 0, 0, 0
79900, 1762446, 0, 0, 0
80000, 2108769, 0, 0, 0
80100, 3020814, 0, 0, 0
80200, 1813079, 0, 0, 0
80300, 1732309, 0, 0, 0
80400, 1904949, 0, 0, 0
80500, 2356586, 0, 0, 0
80600, 2303281, 0, 0, 0
80700, 3291385, 0, 0, 0
80800, 1830225, 0, 0, 0
80900, 1493499, 0, 0, 0
81000, 1826375, 0, 0, 0
81100, 1525964, 0, 0, 0
81200, 2061315, 0, 0, 0
81300, 2090248, 0, 0, 0
81400, 1206215, 0, 0, 0
81500, 1418724, 0, 0, 0
81600, 1531773, 0, 0, 0
81700, 2382261, 0, 0, 0
81800, 1568486, 0, 0, 0
81900, 1583997, 0, 0, 0
82000, 1838228, 0, 0, 0
82100, 1782129, 0, 0, 0
82200, 1465085, 0, 0, 0
82300, 1224052, 0, 0, 0
82400, 1621405, 0, 0, 0
82500, 1576161, 0, 0, 0
82600, 1633103, 0, 0, 0
82700, 2700968, 0, 0, 0
82801, 3354889, 0, 0, 0
82900, 2240734, 0, 0, 0
83000, 1671513, 0, 0, 0
83100, 1673560, 0, 0, 0
83200, 2238116, 0, 0, 0
83300, 4349347, 0, 0, 0
83400, 2439091, 0, 0, 0
83500, 3073271, 0, 0, 0
83600, 1810753, 0, 0, 0
83700, 1831972, 0, 0, 0
83800, 4595656, 0, 0, 0
83900, 3059153, 0, 0, 0
84000, 1550682, 0, 0, 0
84100, 2173951, 0, 0, 0
84200, 1957307, 0, 0, 0
84300, 1398340, 0, 0, 0
84400, 1593056, 0, 0, 0
84500, 2945604, 0, 0, 0
84600, 1936813, 0, 0, 0
84700, 1570289, 0, 0, 0
84800, 1548406, 0, 0, 0
84900, 1628073, 0, 0, 0
85000, 1508494, 0, 0, 0
85100, 2454754, 0, 0, 0
85200, 1631527, 0, 0, 0
85300, 1686955, 0, 0, 0
85400, 1553974, 0, 0, 0
85500, 2240666, 0, 0, 0
85600, 1581074, 0, 0, 0
85700, 1515584, 0, 0, 0
85800, 1620793, 0, 0, 0
85900, 1509330, 0, 0, 0
86000, 1479143, 0, 0, 0
86100, 1597241, 0, 0, 0
86201, 2133644, 0, 0, 0
86300, 3233848, 0, 0, 0
86400, 1850558, 0, 0, 0
86500, 1315669, 0, 0, 0
86600, 1433672, 0, 0, 0
86700, 1593233, 0, 0, 0
86800, 1482944, 0, 0, 0
86900, 2345920, 0, 0, 0
87000, 1518186, 0, 0, 0
87100, 1558815, 0, 0, 0
87200, 1645899, 0, 0, 0
87300, 2060085, 0, 0, 0
87400, 2916770, 0, 0, 0
87500, 2296534, 0, 0, 0
87600, 1691957, 0, 0, 0
87700, 2645038, 0, 0, 0
87800, 2671878, 0, 0, 0
87900, 1701595, 0, 0, 0
88000, 1657889, 0, 0, 0
88100, 1741765, 0, 0, 0
88200, 1601352, 0, 0, 0
88300, 1560915, 0, 0, 0
88400, 1790471, 0, 0, 0
88500, 1571373, 0, 0, 0
88600, 1516577, 0, 0, 0
88700, 1658045, 0, 0, 0
88800, 1630407, 0, 0, 0
88901, 1903685, 0, 0, 0
89000, 2550418, 0, 0, 0
89100, 1902968, 0, 0, 0
89200, 1707718, 0, 0, 0
89300, 1620885, 0, 0, 0
89400, 1470780, 0, 0, 0
89500, 1454810, 0, 0, 0
89600, 1488414, 0, 0, 0
89700, 1994263, 0, 0, 0
89800, 2185925, 0, 0, 0
89900, 1613819, 0, 0, 0
90001, 1858609, 0, 0, 0
90001, 2715159, 0, 0, 0
