250, 245760, 0, 0, 0
350, 249600, 0, 0, 0
450, 230400, 0, 0, 0
550, 307200, 0, 0, 0
650, 262400, 0, 0, 0
749, 252121, 0, 0, 0
849, 288000, 0, 0, 0
949, 275200, 0, 0, 0
1049, 249600, 0, 0, 0
1149, 217600, 0, 0, 0
1249, 262400, 0, 0, 0
1349, 275200, 0, 0, 0
1449, 224000, 0, 0, 0
1549, 243200, 0, 0, 0
1649, 179200, 0, 0, 0
1750, 224000, 0, 0, 0
1850, 281600, 0, 0, 0
1950, 313600, 0, 0, 0
2050, 243200, 0, 0, 0
2150, 262400, 0, 0, 0
2249, 258585, 0, 0, 0
2349, 275200, 0, 0, 0
2449, 275200, 0, 0, 0
2549, 326400, 0, 0, 0
2649, 268800, 0, 0, 0
2749, 262400, 0, 0, 0
2849, 256000, 0, 0, 0
2949, 332800, 0, 0, 0
3049, 179200, 0, 0, 0
3149, 230400, 0, 0, 0
3250, 262400, 0, 0, 0
3350, 320000, 0, 0, 0
3450, 185600, 0, 0, 0
3550, 211200, 0, 0, 0
3650, 294400, 0, 0, 0
3749, 219797, 0, 0, 0
3849, 249600, 0, 0, 0
3949, 307200, 0, 0, 0
4049, 313600, 0, 0, 0
4149, 262400, 0, 0, 0
4249, 345600, 0, 0, 0
4349, 268800, 0, 0, 0
4449, 364800, 0, 0, 0
4549, 275200, 0, 0, 0
4649, 403200, 0, 0, 0
4750, 281600, 0, 0, 0
4850, 236800, 0, 0, 0
4950, 262400, 0, 0, 0
5050, 300800, 0, 0, 0
5150, 288000, 0, 0, 0
5249, 219797, 0, 0, 0
5349, 339200, 0, 0, 0
5449, 403200, 0, 0, 0
5549, 256000, 0, 0, 0
5649, 262400, 0, 0, 0
5749, 307200, 0, 0, 0
5849, 320000, 0, 0, 0
5949, 275200, 0, 0, 0
6049, 332800, 0, 0, 0
6149, 326400, 0, 0, 0
6249, 224000, 0, 0, 0
6350, 243200, 0, 0, 0
6450, 268800, 0, 0, 0
6550, 371200, 0, 0, 0
6650, 313600, 0, 0, 0
6749, 271515, 0, 0, 0
6849, 364800, 0, 0, 0
6949, 262400, 0, 0, 0
7049, 275200, 0, 0, 0
7149, 345600, 0, 0, 0
7249, 262400, 0, 0, 0
7349, 352000, 0, 0, 0
7449, 268800, 0, 0, 0
7549, 313600, 0, 0, 0
7650, 224000, 0, 0, 0
7750, 185600, 0, 0, 0
7850, 256000, 0, 0, 0
7950, 288000, 0, 0, 0
8050, 320000, 0, 0, 0
8150, 294400, 0, 0, 0
8249, 362020, 0, 0, 0
8349, 217600, 0, 0, 0
8449, 243200, 0, 0, 0
8549, 288000, 0, 0, 0
8649, 300800, 0, 0, 0
8749, 294400, 0, 0, 0
8849, 160000, 0, 0, 0
8949, 294400, 0, 0, 0
9050, 288000, 0, 0, 0
9150, 288000, 0, 0, 0
9249, 271515, 0, 0, 0
9349, 236800, 0, 0, 0
9449, 320000, 0, 0, 0
9549, 352000, 0, 0, 0
9649, 243200, 0, 0, 0
9749, 249600, 0, 0, 0
9849, 236800, 0, 0, 0
9949, 256000, 0, 0, 0
10049, 268800, 0, 0, 0
10149, 320000, 0, 0, 0
10249, 217600, 0, 0, 0
10349, 371200, 0, 0, 0
10449, 262400, 0, 0, 0
10549, 211200, 0, 0, 0
10650, 262400, 0, 0, 0
10750, 236800, 0, 0, 0
10850, 307200, 0, 0, 0
10950, 377600, 0, 0, 0
11050, 288000, 0, 0, 0
11150, 275200, 0, 0, 0
11249, 271515, 0, 0, 0
11349, 294400, 0, 0, 0
11449, 256000, 0, 0, 0
11549, 326400, 0, 0, 0
11649, 288000, 0, 0, 0
11749, 275200, 0, 0, 0
11849, 243200, 0, 0, 0
11949, 307200, 0, 0, 0
12050, 256000, 0, 0, 0
12150, 371200, 0, 0, 0
12249, 271515, 0, 0, 0
12349, 224000, 0, 0, 0
12449, 275200, 0, 0, 0
12549, 300800, 0, 0, 0
12649, 236800, 0, 0, 0
12749, 185600, 0, 0, 0
12849, 467200, 0, 0, 0
12949, 243200, 0, 0, 0
13049, 320000, 0, 0, 0
13149, 281600, 0, 0, 0
13250, 307200, 0, 0, 0
13350, 243200, 0, 0, 0
13450, 288000, 0, 0, 0
13550, 256000, 0, 0, 0
13650, 243200, 0, 0, 0
13749, 310303, 0, 0, 0
13849, 332800, 0, 0, 0
13949, 243200, 0, 0, 0
14049, 352000, 0, 0, 0
14149, 288000, 0, 0, 0
14249, 256000, 0, 0, 0
14349, 256000, 0, 0, 0
14450, 345600, 0, 0, 0
14550, 294400, 0, 0, 0
14650, 281600, 0, 0, 0
14749, 277979, 0, 0, 0
14849, 300800, 0, 0, 0
14949, 281600, 0, 0, 0
15049, 345600, 0, 0, 0
15149, 249600, 0, 0, 0
15249, 307200, 0, 0, 0
15349, 268800, 0, 0, 0
15449, 256000, 0, 0, 0
15550, 275200, 0, 0, 0
15650, 300800, 0, 0, 0
15749, 232727, 0, 0, 0
15849, 249600, 0, 0, 0
15949, 288000, 0, 0, 0
16049, 300800, 0, 0, 0
16149, 326400, 0, 0, 0
16249, 243200, 0, 0, 0
16349, 288000, 0, 0, 0
16449, 339200, 0, 0, 0
16549, 268800, 0, 0, 0
16649, 384000, 0, 0, 0
16750, 332800, 0, 0, 0
16850, 268800, 0, 0, 0
16950, 166400, 0, 0, 0
17050, 396800, 0, 0, 0
17150, 262400, 0, 0, 0
17249, 226262, 0, 0, 0
17349, 281600, 0, 0, 0
17449, 358400, 0, 0, 0
17549, 230400, 0, 0, 0
17649, 230400, 0, 0, 0
17749, 224000, 0, 0, 0
17850, 192000, 0, 0, 0
17950, 243200, 0, 0, 0
18050, 332800, 0, 0, 0
18150, 332800, 0, 0, 0
18249, 297373, 0, 0, 0
18349, 300800, 0, 0, 0
18449, 230400, 0, 0, 0
18549, 364800, 0, 0, 0
18649, 243200, 0, 0, 0
18749, 307200, 0, 0, 0
18849, 313600, 0, 0, 0
18949, 428800, 0, 0, 0
19049, 422400, 0, 0, 0
19149, 262400, 0, 0, 0
19250, 249600, 0, 0, 0
19350, 179200, 0, 0, 0
19450, 249600, 0, 0, 0
19550, 320000, 0, 0, 0
19650, 288000, 0, 0, 0
19749, 362020, 0, 0, 0
19849, 268800, 0, 0, 0
19949, 320000, 0, 0, 0
20049, 268800, 0, 0, 0
20149, 377600, 0, 0, 0
20249, 262400, 0, 0, 0
20349, 224000, 0, 0, 0
20449, 364800, 0, 0, 0
20550, 358400, 0, 0, 0
20650, 345600, 0, 0, 0
20749, 316767, 0, 0, 0
20849, 364800, 0, 0, 0
20949, 243200, 0, 0, 0
21049, 294400, 0, 0, 0
21149, 262400, 0, 0, 0
21249, 275200, 0, 0, 0
21349, 441600, 0, 0, 0
21449, 268800, 0, 0, 0
21549, 384000, 0, 0, 0
21649, 268800, 0, 0, 0
21749, 332800, 0, 0, 0
21849, 390400, 0, 0, 0
21949, 403200, 0, 0, 0
22050, 217600, 0, 0, 0
22150, 300800, 0, 0, 0
22249, 316767, 0, 0, 0
22349, 403200, 0, 0, 0
22449, 288000, 0, 0, 0
22549, 467200, 0, 0, 0
22649, 313600, 0, 0, 0
22749, 185600, 0, 0, 0
22849, 307200, 0, 0, 0
22949, 326400, 0, 0, 0
23049, 358400, 0, 0, 0
23149, 230400, 0, 0, 0
23250, 377600, 0, 0, 0
23350, 460800, 0, 0, 0
23450, 358400, 0, 0, 0
23550, 396800, 0, 0, 0
23650, 345600, 0, 0, 0
23749, 277979, 0, 0, 0
23849, 268800, 0, 0, 0
23949, 422400, 0, 0, 0
24049, 371200, 0, 0, 0
24149, 358400, 0, 0, 0
24249, 313600, 0, 0, 0
24349, 294400, 0, 0, 0
24449, 428800, 0, 0, 0
24550, 326400, 0, 0, 0
24650, 384000, 0, 0, 0
24749, 342626, 0, 0, 0
24849, 332800, 0, 0, 0
24949, 313600, 0, 0, 0
25049, 332800, 0, 0, 0
25149, 364800, 0, 0, 0
25249, 268800, 0, 0, 0
25349, 364800, 0, 0, 0
25449, 179200, 0, 0, 0
25549, 275200, 0, 0, 0
25649, 371200, 0, 0, 0
25749, 275200, 0, 0, 0
25849, 326400, 0, 0, 0
25949, 249600, 0, 0, 0
26050, 435200, 0, 0, 0
26150, 339200, 0, 0, 0
26249, 303838, 0, 0, 0
26349, 352000, 0, 0, 0
26449, 320000, 0, 0, 0
26549, 288000, 0, 0, 0
26649, 281600, 0, 0, 0
26749, 339200, 0, 0, 0
26849, 358400, 0, 0, 0
26949, 230400, 0, 0, 0
27049, 300800, 0, 0, 0
27149, 396800, 0, 0, 0
27250, 320000, 0, 0, 0
27350, 454400, 0, 0, 0
27450, 358400, 0, 0, 0
27550, 358400, 0, 0, 0
27650, 384000, 0, 0, 0
27749, 290909, 0, 0, 0
27849, 192000, 0, 0, 0
27949, 326400, 0, 0, 0
28049, 204800, 0, 0, 0
28149, 262400, 0, 0, 0
28249, 339200, 0, 0, 0
28349, 307200, 0, 0, 0
28449, 217600, 0, 0, 0
28549, 384000, 0, 0, 0
28649, 294400, 0, 0, 0
28750, 281600, 0, 0, 0
28850, 352000, 0, 0, 0
28950, 384000, 0, 0, 0
29050, 198400, 0, 0, 0
29150, 390400, 0, 0, 0
29249, 310303, 0, 0, 0
29349, 326400, 0, 0, 0
29449, 326400, 0, 0, 0
29549, 300800, 0, 0, 0
29649, 256000, 0, 0, 0
29749, 294400, 0, 0, 0
29849, 358400, 0, 0, 0
29949, 371200, 0, 0, 0
30050, 364800, 0, 0, 0
30150, 339200, 0, 0, 0
30249, 193939, 0, 0, 0
30349, 211200, 0, 0, 0
30449, 256000, 0, 0, 0
30549, 179200, 0, 0, 0
30649, 192000, 0, 0, 0
30749, 166400, 0, 0, 0
30849, 236800, 0, 0, 0
30949, 217600, 0, 0, 0
31049, 236800, 0, 0, 0
31149, 204800, 0, 0, 0
31249, 204800, 0, 0, 0
31349, 179200, 0, 0, 0
31449, 236800, 0, 0, 0
31549, 198400, 0, 0, 0
31649, 204800, 0, 0, 0
31750, 204800, 0, 0, 0
31850, 153600, 0, 0, 0
31950, 224000, 0, 0, 0
32050, 192000, 0, 0, 0
32150, 211200, 0, 0, 0
32249, 239191, 0, 0, 0
32349, 243200, 0, 0, 0
32449, 243200, 0, 0, 0
32549, 262400, 0, 0, 0
32649, 249600, 0, 0, 0
32749, 243200, 0, 0, 0
32849, 224000, 0, 0, 0
32949, 179200, 0, 0, 0
33050, 249600, 0, 0, 0
33150, 243200, 0, 0, 0
33249, 226262, 0, 0, 0
33349, 166400, 0, 0, 0
33449, 230400, 0, 0, 0
33549, 230400, 0, 0, 0
33649, 204800, 0, 0, 0
33749, 256000, 0, 0, 0
33849, 224000, 0, 0, 0
33949, 204800, 0, 0, 0
34049, 230400, 0, 0, 0
34149, 236800, 0, 0, 0
34249, 256000, 0, 0, 0
34350, 230400, 0, 0, 0
34450, 217600, 0, 0, 0
34550, 204800, 0, 0, 0
34650, 268800, 0, 0, 0
34749, 213333, 0, 0, 0
34849, 204800, 0, 0, 0
34949, 230400, 0, 0, 0
35049, 249600, 0, 0, 0
35149, 243200, 0, 0, 0
35249, 185600, 0, 0, 0
35349, 217600, 0, 0, 0
35449, 243200, 0, 0, 0
35549, 172800, 0, 0, 0
35649, 236800, 0, 0, 0
35750, 185600, 0, 0, 0
35850, 204800, 0, 0, 0
35950, 179200, 0, 0, 0
36050, 217600, 0, 0, 0
36150, 198400, 0, 0, 0
36249, 181010, 0, 0, 0
36349, 262400, 0, 0, 0
36449, 275200, 0, 0, 0
36549, 204800, 0, 0, 0
36649, 217600, 0, 0, 0
36749, 211200, 0, 0, 0
36849, 204800, 0, 0, 0
36949, 192000, 0, 0, 0
37049, 211200, 0, 0, 0
37149, 230400, 0, 0, 0
37250, 224000, 0, 0, 0
37350, 224000, 0, 0, 0
37450, 179200, 0, 0, 0
37550, 230400, 0, 0, 0
37650, 217600, 0, 0, 0
37749, 271515, 0, 0, 0
37849, 198400, 0, 0, 0
37949, 230400, 0, 0, 0
38049, 230400, 0, 0, 0
38149, 198400, 0, 0, 0
38249, 211200, 0, 0, 0
38349, 300800, 0, 0, 0
38449, 268800, 0, 0, 0
38550, 236800, 0, 0, 0
38650, 224000, 0, 0, 0
38750, 211200, 0, 0, 0
38850, 256000, 0, 0, 0
38950, 268800, 0, 0, 0
39050, 224000, 0, 0, 0
39150, 172800, 0, 0, 0
39249, 252121, 0, 0, 0
39349, 256000, 0, 0, 0
39449, 230400, 0, 0, 0
39549, 211200, 0, 0, 0
39649, 262400, 0, 0, 0
39749, 224000, 0, 0, 0
39849, 262400, 0, 0, 0
39949, 313600, 0, 0, 0
40049, 268800, 0, 0, 0
40150, 275200, 0, 0, 0
40250, 262400, 0, 0, 0
40350, 166400, 0, 0, 0
40450, 204800, 0, 0, 0
40550, 243200, 0, 0, 0
40650, 243200, 0, 0, 0
40749, 265050, 0, 0, 0
40849, 179200, 0, 0, 0
40949, 192000, 0, 0, 0
41049, 217600, 0, 0, 0
41149, 192000, 0, 0, 0
41249, 198400, 0, 0, 0
41349, 179200, 0, 0, 0
41449, 288000, 0, 0, 0
41549, 211200, 0, 0, 0
41649, 153600, 0, 0, 0
41750, 211200, 0, 0, 0
41850, 198400, 0, 0, 0
41950, 217600, 0, 0, 0
42050, 192000, 0, 0, 0
42150, 211200, 0, 0, 0
42249, 271515, 0, 0, 0
42349, 230400, 0, 0, 0
42449, 179200, 0, 0, 0
42549, 179200, 0, 0, 0
42649, 262400, 0, 0, 0
42749, 217600, 0, 0, 0
42849, 153600, 0, 0, 0
42949, 153600, 0, 0, 0
43049, 185600, 0, 0, 0
43149, 192000, 0, 0, 0
43249, 288000, 0, 0, 0
43350, 211200, 0, 0, 0
43450, 243200, 0, 0, 0
43550, 243200, 0, 0, 0
43650, 249600, 0, 0, 0
43749, 193939, 0, 0, 0
43849, 256000, 0, 0, 0
43949, 224000, 0, 0, 0
44049, 217600, 0, 0, 0
44149, 211200, 0, 0, 0
44249, 198400, 0, 0, 0
44349, 160000, 0, 0, 0
44449, 204800, 0, 0, 0
44549, 211200, 0, 0, 0
44649, 224000, 0, 0, 0
44750, 192000, 0, 0, 0
44850, 211200, 0, 0, 0
44950, 236800, 0, 0, 0
45050, 211200, 0, 0, 0
45150, 236800, 0, 0, 0
45249, 245656, 0, 0, 0
45349, 204800, 0, 0, 0
45449, 217600, 0, 0, 0
45549, 179200, 0, 0, 0
45649, 243200, 0, 0, 0
45749, 211200, 0, 0, 0
45849, 224000, 0, 0, 0
45949, 211200, 0, 0, 0
46049, 217600, 0, 0, 0
46149, 294400, 0, 0, 0
46250, 211200, 0, 0, 0
46350, 185600, 0, 0, 0
46450, 192000, 0, 0, 0
46550, 249600, 0, 0, 0
46650, 153600, 0, 0, 0
46749, 135757, 0, 0, 0
46849, 224000, 0, 0, 0
46949, 262400, 0, 0, 0
47049, 204800, 0, 0, 0
47149, 256000, 0, 0, 0
47249, 275200, 0, 0, 0
47349, 217600, 0, 0, 0
47449, 262400, 0, 0, 0
47549, 224000, 0, 0, 0
47649, 217600, 0, 0, 0
47749, 224000, 0, 0, 0
47849, 249600, 0, 0, 0
47950, 204800, 0, 0, 0
48050, 185600, 0, 0, 0
48150, 172800, 0, 0, 0
48249, 200404, 0, 0, 0
48349, 217600, 0, 0, 0
48449, 294400, 0, 0, 0
48549, 211200, 0, 0, 0
48649, 179200, 0, 0, 0
48749, 230400, 0, 0, 0
48849, 211200, 0, 0, 0
48949, 230400, 0, 0, 0
49049, 236800, 0, 0, 0
49149, 262400, 0, 0, 0
49249, 230400, 0, 0, 0
49349, 230400, 0, 0, 0
49449, 230400, 0, 0, 0
49550, 192000, 0, 0, 0
49650, 243200, 0, 0, 0
49750, 153600, 0, 0, 0
49850, 204800, 0, 0, 0
49950, 243200, 0, 0, 0
50050, 236800, 0, 0, 0
50150, 288000, 0, 0, 0
50249, 206868, 0, 0, 0
50349, 192000, 0, 0, 0
50449, 179200, 0, 0, 0
50549, 211200, 0, 0, 0
50649, 236800, 0, 0, 0
50749, 185600, 0, 0, 0
50849, 198400, 0, 0, 0
50949, 224000, 0, 0, 0
51049, 198400, 0, 0, 0
51149, 211200, 0, 0, 0
51250, 236800, 0, 0, 0
51350, 198400, 0, 0, 0
51450, 211200, 0, 0, 0
51550, 224000, 0, 0, 0
51650, 204800, 0, 0, 0
51749, 161616, 0, 0, 0
51849, 172800, 0, 0, 0
51949, 198400, 0, 0, 0
52049, 185600, 0, 0, 0
52149, 179200, 0, 0, 0
52249, 160000, 0, 0, 0
52349, 217600, 0, 0, 0
52449, 179200, 0, 0, 0
52549, 147200, 0, 0, 0
52649, 153600, 0, 0, 0
52750, 217600, 0, 0, 0
52850, 230400, 0, 0, 0
52950, 249600, 0, 0, 0
53050, 230400, 0, 0, 0
53150, 204800, 0, 0, 0
53249, 135757, 0, 0, 0
53349, 147200, 0, 0, 0
53449, 172800, 0, 0, 0
53549, 217600, 0, 0, 0
53649, 204800, 0, 0, 0
53749, 166400, 0, 0, 0
53849, 249600, 0, 0, 0
53949, 179200, 0, 0, 0
54049, 192000, 0, 0, 0
54149, 211200, 0, 0, 0
54249, 230400, 0, 0, 0
54349, 204800, 0, 0, 0
54449, 166400, 0, 0, 0
54550, 128000, 0, 0, 0
54650, 192000, 0, 0, 0
54749, 174545, 0, 0, 0
54849, 204800, 0, 0, 0
54949, 153600, 0, 0, 0
55049, 192000, 0, 0, 0
55149, 128000, 0, 0, 0
55249, 166400, 0, 0, 0
55349, 198400, 0, 0, 0
55449, 147200, 0, 0, 0
55549, 211200, 0, 0, 0
55649, 211200, 0, 0, 0
55749, 128000, 0, 0, 0
55849, 198400, 0, 0, 0
55949, 179200, 0, 0, 0
56050, 217600, 0, 0, 0
56150, 153600, 0, 0, 0
56249, 135757, 0, 0, 0
56349, 166400, 0, 0, 0
56449, 230400, 0, 0, 0
56549, 217600, 0, 0, 0
56649, 204800, 0, 0, 0
56749, 147200, 0, 0, 0
56849, 211200, 0, 0, 0
56949, 204800, 0, 0, 0
57049, 179200, 0, 0, 0
57149, 198400, 0, 0, 0
57249, 179200, 0, 0, 0
57349, 236800, 0, 0, 0
57449, 185600, 0, 0, 0
57550, 121600, 0, 0, 0
57650, 198400, 0, 0, 0
57749, 200404, 0, 0, 0
57849, 160000, 0, 0, 0
57949, 204800, 0, 0, 0
58049, 166400, 0, 0, 0
58149, 172800, 0, 0, 0
58249, 204800, 0, 0, 0
58349, 294400, 0, 0, 0
58449, 147200, 0, 0, 0
58549, 172800, 0, 0, 0
58649, 185600, 0, 0, 0
58749, 236800, 0, 0, 0
58849, 166400, 0, 0, 0
58949, 204800, 0, 0, 0
59049, 172800, 0, 0, 0
59149, 204800, 0, 0, 0
59250, 198400, 0, 0, 0
59350, 198400, 0, 0, 0
59450, 147200, 0, 0, 0
59550, 134400, 0, 0, 0
59650, 217600, 0, 0, 0
59749, 161616, 0, 0, 0
59849, 147200, 0, 0, 0
59949, 198400, 0, 0, 0
