107, 240006252, 1, 0, 0
206, 102665551, 1, 0, 0
300, 163499948, 1, 0, 0
407, 67861139, 1, 0, 0
501, 66049214, 1, 0, 0
628, 105349914, 1, 0, 0
710, 172073887, 1, 0, 0
800, 171530953, 1, 0, 0
900, 195822226, 1, 0, 0
1002, 217489953, 1, 0, 0
1103, 198565946, 1, 0, 0
1222, 187717628, 1, 0, 0
1335, 203965839, 1, 0, 0
1401, 133591610, 1, 0, 0
1509, 250565576, 1, 0, 0
1603, 177891239, 1, 0, 0
1706, 191904897, 1, 0, 0
1814, 255611907, 1, 0, 0
1901, 212478178, 1, 0, 0
2032, 301279286, 1, 0, 0
2102, 273012206, 1, 0, 0
2200, 158918481, 1, 0, 0
2305, 401882563, 1, 0, 0
2404, 272244458, 1, 0, 0
2513, 241708512, 1, 0, 0
2605, 190732557, 1, 0, 0
2720, 110616426, 1, 0, 0
2816, 188540833, 1, 0, 0
2905, 157026157, 1, 0, 0
3000, 153459144, 1, 0, 0
3102, 240431462, 1, 0, 0
3203, 269106394, 1, 0, 0
3304, 217865442, 1, 0, 0
3455, 159482708, 1, 0, 0
3523, 183666275, 1, 0, 0
3608, 266492080, 1, 0, 0
3717, 223490003, 1, 0, 0
3803, 420585702, 1, 0, 0
3901, 344696700, 1, 0, 0
4005, 272149824, 1, 0, 0
4112, 289402537, 1, 0, 0
4209, 274019271, 1, 0, 0
4301, 294051064, 1, 0, 0
4417, 187327638, 1, 0, 0
4507, 259744483, 1, 0, 0
4601, 362221239, 1, 0, 0
4705, 235812009, 1, 0, 0
4813, 273429300, 1, 0, 0
4911, 186767531, 1, 0, 0
5008, 265602994, 1, 0, 0
5108, 201682172, 1, 0, 0
5201, 115680438, 1, 0, 0
5300, 122452456, 1, 0, 0
5404, 134877416, 1, 0, 0
5515, 177097193, 1, 0, 0
5614, 205436243, 1, 0, 0
5707, 211345683, 1, 0, 0
5842, 256266352, 1, 0, 0
5900, 322301062, 1, 0, 0
6005, 235501174, 1, 0, 0
6117, 261991555, 1, 0, 0
6200, 283037231, 1, 0, 0
6317, 222767685, 1, 0, 0
6406, 266002013, 1, 0, 0
6505, 259515550, 1, 0, 0
6614, 245421896, 1, 0, 0
6718, 282463111, 1, 0, 0
6812, 196177108, 1, 0, 0
6905, 244520138, 1, 0, 0
7004, 248948518, 1, 0, 0
7100, 190517764, 1, 0, 0
7207, 160434208, 1, 0, 0
7300, 137766519, 1, 0, 0
7402, 97443180, 1, 0, 0
7530, 101554677, 1, 0, 0
7600, 143339334, 1, 0, 0
7711, 169292316, 1, 0, 0
7805, 169075148, 1, 0, 0
7922, 189240037, 1, 0, 0
8011, 200845724, 1, 0, 0
8106, 282258225, 1, 0, 0
8200, 377718051, 1, 0, 0
8307, 418323244, 1, 0, 0
8412, 306880605, 1, 0, 0
8500, 323021562, 1, 0, 0
8600, 271522816, 1, 0, 0
8710, 256705493, 1, 0, 0
8805, 140859543, 1, 0, 0
8925, 280831206, 1, 0, 0
9000, 333296247, 1, 0, 0
9100, 458707754, 1, 0, 0
9223, 238881957, 1, 0, 0
9323, 292118689, 1, 0, 0
9401, 308261662, 1, 0, 0
9506, 273562697, 1, 0, 0
9623, 398001316, 1, 0, 0
9715, 213864677, 1, 0, 0
9806, 304327622, 1, 0, 0
9906, 241437458, 1, 0, 0
10010, 433711639, 1, 0, 0
10112, 221251070, 1, 0, 0
10202, 160831105, 1, 0, 0
10306, 128034607, 1, 0, 0
10420, 117045186, 1, 0, 0
10509, 155756351, 1, 0, 0
10627, 226734932, 1, 0, 0
10706, 232676077, 1, 0, 0
10820, 260735815, 1, 0, 0
10901, 235553850, 1, 0, 0
11002, 274738745, 1, 0, 0
11107, 271136686, 1, 0, 0
11202, 247920763, 1, 0, 0
11307, 233536879, 1, 0, 0
11412, 186274006, 1, 0, 0
11504, 240929454, 1, 0, 0
11600, 171275724, 1, 0, 0
11708, 204329584, 1, 0, 0
11826, 362589552, 1, 0, 0
11908, 392164864, 1, 0, 0
12007, 244796065, 1, 0, 0
12110, 312176529, 1, 0, 0
12205, 289874482, 1, 0, 0
12300, 262140235, 1, 0, 0
12406, 237227710, 1, 0, 0
12502, 80050037, 1, 0, 0
12606, 67929856, 1, 0, 0
12714, 68864579, 1, 0, 0
12818, 86378163, 1, 0, 0
12914, 159172355, 1, 0, 0
13030, 162033629, 1, 0, 0
13105, 196640629, 1, 0, 0
13205, 235772327, 1, 0, 0
13318, 229288189, 1, 0, 0
13407, 282207850, 1, 0, 0
13513, 386144424, 1, 0, 0
13606, 297889786, 1, 0, 0
13713, 249082627, 1, 0, 0
13800, 225239905, 1, 0, 0
13904, 140999619, 1, 0, 0
14000, 277304796, 1, 0, 0
14106, 221979969, 1, 0, 0
14201, 169406593, 1, 0, 0
14314, 249074363, 1, 0, 0
14405, 166926199, 1, 0, 0
14522, 165108456, 1, 0, 0
14615, 316960337, 1, 0, 0
14705, 251419453, 1, 0, 0
14816, 188994086, 1, 0, 0
14917, 185018111, 1, 0, 0
15018, 254803305, 1, 0, 0
15100, 129107894, 1, 0, 0
15208, 262242589, 1, 0, 0
15303, 294379227, 1, 0, 0
15411, 191173562, 1, 0, 0
15501, 181946702, 1, 0, 0
15616, 252696907, 1, 0, 0
15707, 210731043, 1, 0, 0
15811, 316736119, 1, 0, 0
15922, 225603272, 1, 0, 0
16005, 483081669, 1, 0, 0
16101, 340911808, 1, 0, 0
16203, 288212266, 1, 0, 0
16310, 259995841, 1, 0, 0
16406, 365588502, 1, 0, 0
16502, 409915118, 1, 0, 0
16607, 314116494, 1, 0, 0
16702, 157329800, 1, 0, 0
16808, 250947389, 1, 0, 0
16916, 149046119, 1, 0, 0
17000, 148549420, 1, 0, 0
17114, 134842296, 1, 0, 0
17200, 98295538, 1, 0, 0
17300, 101198463, 1, 0, 0
17403, 76768798, 1, 0, 0
17503, 138649117, 1, 0, 0
17606, 157086893, 1, 0, 0
17709, 124040745, 1, 0, 0
17812, 144772150, 1, 0, 0
17949, 166724969, 1, 0, 0
18005, 301407689, 1, 0, 0
18100, 240091636, 1, 0, 0
18201, 264391675, 1, 0, 0
18300, 226538166, 1, 0, 0
18401, 243305025, 1, 0, 0
18504, 185190220, 1, 0, 0
18611, 268624963, 1, 0, 0
18700, 225824502, 1, 0, 0
18812, 234001150, 1, 0, 0
18900, 178220968, 1, 0, 0
19017, 227900140, 1, 0, 0
19102, 234611616, 1, 0, 0
19205, 249921010, 1, 0, 0
19306, 177839555, 1, 0, 0
19406, 232437972, 1, 0, 0
19516, 245991644, 1, 0, 0
19601, 203351883, 1, 0, 0
19700, 293713065, 1, 0, 0
19804, 186586830, 1, 0, 0
19915, 122156656, 1, 0, 0
20000, 73558850, 1, 0, 0
20110, 55969660, 1, 0, 0
20203, 70079034, 1, 0, 0
20305, 127178757, 1, 0, 0
20404, 215236174, 1, 0, 0
20517, 211465895, 1, 0, 0
20619, 215382176, 1, 0, 0
20706, 228841665, 1, 0, 0
20807, 192607905, 1, 0, 0
20912, 231334726, 1, 0, 0
21000, 204125050, 1, 0, 0
21111, 237379252, 1, 0, 0
21200, 257203487, 1, 0, 0
21308, 318773157, 1, 0, 0
21403, 368383513, 1, 0, 0
21503, 279292995, 1, 0, 0
21616, 132888268, 1, 0, 0
21700, 320523903, 1, 0, 0
21809, 230011792, 1, 0, 0
21935, 291446429, 1, 0, 0
22015, 205419924, 1, 0, 0
22105, 391581194, 1, 0, 0
22208, 284493781, 1, 0, 0
22303, 297066775, 1, 0, 0
22412, 240974777, 1, 0, 0
22507, 135957271, 1, 0, 0
22622, 117387278, 1, 0, 0
22726, 153520508, 1, 0, 0
22808, 186385811, 1, 0, 0
22900, 146057265, 1, 0, 0
23015, 211821638, 1, 0, 0
23104, 234079971, 1, 0, 0
23200, 264609349, 1, 0, 0
23310, 241490573, 1, 0, 0
23408, 269584412, 1, 0, 0
23505, 249072662, 1, 0, 0
23610, 300402604, 1, 0, 0
23710, 218779580, 1, 0, 0
23803, 250969133, 1, 0, 0
23900, 260708822, 1, 0, 0
24020, 252943347, 1, 0, 0
24110, 331733668, 1, 0, 0
24225, 327034277, 1, 0, 0
24303, 392745720, 1, 0, 0
24400, 194688498, 1, 0, 0
24510, 282405170, 1, 0, 0
24603, 200868201, 1, 0, 0
24709, 157465601, 1, 0, 0
24805, 176865220, 1, 0, 0
24908, 140051638, 1, 0, 0
25000, 213114911, 1, 0, 0
25100, 220139136, 1, 0, 0
25216, 209184941, 1, 0, 0
25305, 192738285, 1, 0, 0
25410, 232288236, 1, 0, 0
25507, 183971320, 1, 0, 0
25601, 338664733, 1, 0, 0
25704, 219754598, 1, 0, 0
25800, 277780771, 1, 0, 0
25902, 395024962, 1, 0, 0
26006, 231906429, 1, 0, 0
26103, 270321255, 1, 0, 0
26207, 249909792, 1, 0, 0
26305, 271337381, 1, 0, 0
26404, 297038990, 1, 0, 0
26506, 290941062, 1, 0, 0
26603, 298838001, 1, 0, 0
26707, 216237080, 1, 0, 0
26810, 268359571, 1, 0, 0
26900, 249327334, 1, 0, 0
27012, 183468864, 1, 0, 0
27100, 173127388, 1, 0, 0
27200, 134609169, 1, 0, 0
27308, 124106562, 1, 0, 0
27403, 121678351, 1, 0, 0
27509, 190495723, 1, 0, 0
27602, 259158025, 1, 0, 0
27706, 213100108, 1, 0, 0
27813, 175541539, 1, 0, 0
27902, 262330422, 1, 0, 0
28014, 238654071, 1, 0, 0
28104, 302741746, 1, 0, 0
28225, 291177721, 1, 0, 0
28314, 278281384, 1, 0, 0
28404, 228037528, 1, 0, 0
28502, 289388876, 1, 0, 0
28636, 189603458, 1, 0, 0
28708, 284149848, 1, 0, 0
28817, 216631241, 1, 0, 0
28908, 315508443, 1, 0, 0
29025, 286405408, 1, 0, 0
29100, 207668656, 1, 0, 0
29205, 221865283, 1, 0, 0
29304, 165649409, 1, 0, 0
29403, 152405294, 1, 0, 0
29500, 83773435, 1, 0, 0
29604, 77804478, 1, 0, 0
29700, 65176920, 1, 0, 0
29808, 67403086, 1, 0, 0
29900, 102699616, 1, 0, 0
30021, 164739417, 1, 0, 0
30107, 174783746, 1, 0, 0
30206, 193267218, 1, 0, 0
30300, 202204239, 1, 0, 0
30404, 246474810, 1, 0, 0
30500, 243719447, 1, 0, 0
30601, 337734239, 1, 0, 0
30701, 290360264, 1, 0, 0
30807, 182375282, 1, 0, 0
30929, 200989107, 1, 0, 0
31017, 161129200, 1, 0, 0
31106, 235795103, 1, 0, 0
31205, 278691755, 1, 0, 0
31306, 405840535, 1, 0, 0
31417, 236616062, 1, 0, 0
31509, 301607126, 1, 0, 0
31639, 277806745, 1, 0, 0
31700, 245026459, 1, 0, 0
31803, 246564518, 1, 0, 0
31905, 214695494, 1, 0, 0
32015, 298418467, 1, 0, 0
32130, 274067268, 1, 0, 0
32219, 254351771, 1, 0, 0
32311, 241974712, 1, 0, 0
32420, 243201474, 1, 0, 0
32507, 334514836, 1, 0, 0
32601, 370483705, 1, 0, 0
32700, 218404403, 1, 0, 0
32803, 215007930, 1, 0, 0
32916, 201165173, 1, 0, 0
33006, 199440235, 1, 0, 0
33104, 237735479, 1, 0, 0
33204, 289379769, 1, 0, 0
33301, 322341529, 1, 0, 0
33413, 244090876, 1, 0, 0
33512, 326187905, 1, 0, 0
33612, 255259236, 1, 0, 0
33707, 250698020, 1, 0, 0
33811, 187689251, 1, 0, 0
33902, 339257523, 1, 0, 0
34007, 178413141, 1, 0, 0
34103, 180162920, 1, 0, 0
34206, 185733288, 1, 0, 0
34303, 150439311, 1, 0, 0
34405, 186194287, 1, 0, 0
34500, 157154030, 1, 0, 0
34600, 125964337, 1, 0, 0
34725, 225606424, 1, 0, 0
34802, 224007564, 1, 0, 0
34908, 232719179, 1, 0, 0
35011, 217928356, 1, 0, 0
35107, 214566144, 1, 0, 0
35202, 229970202, 1, 0, 0
35325, 230789771, 1, 0, 0
35408, 339502912, 1, 0, 0
35510, 268666744, 1, 0, 0
35605, 235594367, 1, 0, 0
35703, 209594952, 1, 0, 0
35802, 213579662, 1, 0, 0
35900, 230190700, 1, 0, 0
36001, 310333663, 1, 0, 0
36100, 283963584, 1, 0, 0
36218, 364304168, 1, 0, 0
36309, 216889622, 1, 0, 0
36413, 192453467, 1, 0, 0
36504, 258221357, 1, 0, 0
36604, 214140977, 1, 0, 0
36701, 194232874, 1, 0, 0
36804, 105858677, 1, 0, 0
36901, 84652139, 1, 0, 0
37018, 101924109, 1, 0, 0
37112, 117494167, 1, 0, 0
37204, 185553004, 1, 0, 0
37308, 231849273, 1, 0, 0
37453, 272879031, 1, 0, 0
37504, 268299701, 1, 0, 0
37611, 261074945, 1, 0, 0
37723, 190919452, 1, 0, 0
37817, 160391666, 1, 0, 0
37902, 212467329, 1, 0, 0
38003, 215894984, 1, 0, 0
38123, 200327113, 1, 0, 0
38200, 162220356, 1, 0, 0
38309, 185766172, 1, 0, 0
38419, 195612816, 1, 0, 0
38503, 181464944, 1, 0, 0
38606, 238730966, 1, 0, 0
38713, 214175238, 1, 0, 0
38801, 257157837, 1, 0, 0
38904, 223108821, 1, 0, 0
39001, 176985269, 1, 0, 0
39100, 137417987, 1, 0, 0
39202, 75402310, 1, 0, 0
39310, 99077885, 1, 0, 0
39404, 113247308, 1, 0, 0
39515, 162743472, 1, 0, 0
39614, 244325054, 1, 0, 0
39708, 214188299, 1, 0, 0
39824, 244714582, 1, 0, 0
39908, 230574321, 1, 0, 0
40011, 282615919, 1, 0, 0
40104, 245099200, 1, 0, 0
40200, 231071111, 1, 0, 0
40303, 272264867, 1, 0, 0
40409, 214160518, 1, 0, 0
40500, 254797373, 1, 0, 0
40612, 286985107, 1, 0, 0
40716, 270127018, 1, 0, 0
40801, 257378366, 1, 0, 0
40902, 242781162, 1, 0, 0
41013, 229018840, 1, 0, 0
41104, 194921700, 1, 0, 0
41209, 312098779, 1, 0, 0
41301, 55881793, 1, 0, 0
41404, 66888322, 1, 0, 0
41500, 64077491, 1, 0, 0
41602, 77094312, 1, 0, 0
41700, 87946844, 1, 0, 0
41805, 77109006, 1, 0, 0
41900, 67131226, 1, 0, 0
42010, 77966682, 1, 0, 0
42104, 108348600, 1, 0, 0
42206, 181624249, 1, 0, 0
42306, 217848022, 1, 0, 0
42416, 198196444, 1, 0, 0
42508, 207539063, 1, 0, 0
42617, 261256939, 1, 0, 0
42708, 218445856, 1, 0, 0
42808, 225956565, 1, 0, 0
42906, 189652152, 1, 0, 0
43003, 272007885, 1, 0, 0
43100, 294714607, 1, 0, 0
43218, 136064390, 1, 0, 0
43300, 231617897, 1, 0, 0
43408, 204785756, 1, 0, 0
43500, 366241711, 1, 0, 0
43607, 238255967, 1, 0, 0
43706, 427838414, 1, 0, 0
43806, 281240480, 1, 0, 0
43907, 229347885, 1, 0, 0
44001, 110802543, 1, 0, 0
44110, 88354393, 1, 0, 0
44220, 190528713, 1, 0, 0
44309, 162363852, 1, 0, 0
44402, 160421653, 1, 0, 0
44500, 107001353, 1, 0, 0
44620, 140766948, 1, 0, 0
44706, 209848154, 1, 0, 0
44804, 296804604, 1, 0, 0
44900, 275511960, 1, 0, 0
45004, 267618637, 1, 0, 0
45113, 262915690, 1, 0, 0
45244, 170942266, 1, 0, 0
45307, 262747148, 1, 0, 0
45414, 263494695, 1, 0, 0
45502, 213222668, 1, 0, 0
45600, 331216976, 1, 0, 0
45705, 260261555, 1, 0, 0
45804, 296520140, 1, 0, 0
45907, 258293860, 1, 0, 0
46031, 166123982, 1, 0, 0
46108, 279023272, 1, 0, 0
46206, 202023312, 1, 0, 0
46301, 192370325, 1, 0, 0
46402, 251987761, 1, 0, 0
46501, 286286301, 1, 0, 0
46605, 307468390, 1, 0, 0
46708, 266533005, 1, 0, 0
46800, 153300478, 1, 0, 0
46908, 135393791, 1, 0, 0
47011, 164900657, 1, 0, 0
47112, 178641359, 1, 0, 0
47218, 222089458, 1, 0, 0
47309, 240018252, 1, 0, 0
47403, 199025402, 1, 0, 0
47504, 261055011, 1, 0, 0
47604, 410306312, 1, 0, 0
47710, 395614871, 1, 0, 0
47815, 354896284, 1, 0, 0
47920, 372421034, 1, 0, 0
48012, 266493991, 1, 0, 0
48125, 328519027, 1, 0, 0
48223, 160631429, 1, 0, 0
48300, 230375184, 1, 0, 0
48404, 301175091, 1, 0, 0
48518, 279987110, 1, 0, 0
48635, 344975001, 1, 0, 0
48701, 154885729, 1, 0, 0
48804, 419862654, 1, 0, 0
48905, 225322506, 1, 0, 0
49000, 188045592, 1, 0, 0
49103, 198047360, 1, 0, 0
49219, 205668982, 1, 0, 0
49314, 145907868, 1, 0, 0
49404, 159964986, 1, 0, 0
49524, 233771449, 1, 0, 0
49602, 217990604, 1, 0, 0
49715, 236632647, 1, 0, 0
49805, 195571795, 1, 0, 0
49909, 210060994, 1, 0, 0
50026, 237559971, 1, 0, 0
50108, 187701396, 1, 0, 0
50215, 237722666, 1, 0, 0
50314, 253853507, 1, 0, 0
50410, 392218080, 1, 0, 0
50507, 313527235, 1, 0, 0
50607, 296264847, 1, 0, 0
50704, 205929124, 1, 0, 0
50814, 444789915, 1, 0, 0
50903, 178638233, 1, 0, 0
51007, 172777173, 1, 0, 0
51112, 301621435, 1, 0, 0
51211, 145895896, 1, 0, 0
51302, 289033169, 1, 0, 0
51404, 161279054, 1, 0, 0
51504, 221889426, 1, 0, 0
51621, 361645650, 1, 0, 0
51700, 293530923, 1, 0, 0
51800, 170831918, 1, 0, 0
51909, 219261690, 1, 0, 0
52001, 176865220, 1, 0, 0
52111, 192288028, 1, 0, 0
52202, 298389828, 1, 0, 0
52301, 278193973, 1, 0, 0
52415, 206084116, 1, 0, 0
52535, 234254467, 1, 0, 0
52609, 233410766, 1, 0, 0
52708, 193678312, 1, 0, 0
52811, 292491368, 1, 0, 0
52924, 262118695, 1, 0, 0
53014, 221491092, 1, 0, 0
53102, 179738201, 1, 0, 0
53201, 201758034, 1, 0, 0
53307, 291182018, 1, 0, 0
53405, 279900160, 1, 0, 0
53503, 254319694, 1, 0, 0
53625, 231112994, 1, 0, 0
53700, 306819938, 1, 0, 0
53810, 358850815, 1, 0, 0
53912, 275227170, 1, 0, 0
54004, 325037671, 1, 0, 0
54110, 300030557, 1, 0, 0
54210, 100591092, 1, 0, 0
54304, 67393939, 1, 0, 0
54465, 78856173, 1, 0, 0
54500, 211698663, 1, 0, 0
54601, 199460327, 1, 0, 0
54704, 195814121, 1, 0, 0
54833, 285952536, 1, 0, 0
54910, 317523997, 1, 0, 0
55044, 214831458, 1, 0, 0
55136, 361235989, 1, 0, 0
55226, 424393918, 1, 0, 0
55313, 245469511, 1, 0, 0
55415, 497167665, 1, 0, 0
55538, 327655905, 1, 0, 0
55602, 248143645, 1, 0, 0
55734, 291102321, 1, 0, 0
55801, 224476576, 1, 0, 0
55914, 271471979, 1, 0, 0
56024, 224038347, 1, 0, 0
56103, 301593009, 1, 0, 0
56202, 407347435, 1, 0, 0
56312, 224636792, 1, 0, 0
56400, 226160634, 1, 0, 0
56508, 196066552, 1, 0, 0
56612, 149693985, 1, 0, 0
56702, 248861199, 1, 0, 0
56815, 288212674, 1, 0, 0
56923, 197831601, 1, 0, 0
57006, 178067573, 1, 0, 0
57108, 171846672, 1, 0, 0
57212, 156903582, 1, 0, 0
57319, 209865776, 1, 0, 0
57404, 214298836, 1, 0, 0
57505, 146531982, 1, 0, 0
57605, 334109096, 1, 0, 0
57713, 118121233, 1, 0, 0
57805, 333244566, 1, 0, 0
57900, 189782058, 1, 0, 0
58005, 295802432, 1, 0, 0
58104, 237672466, 1, 0, 0
58200, 321430794, 1, 0, 0
58300, 154959068, 1, 0, 0
58400, 80689574, 1, 0, 0
58500, 119011005, 1, 0, 0
58604, 69458325, 1, 0, 0
58711, 103329622, 1, 0, 0
58823, 128986532, 1, 0, 0
58911, 308577376, 1, 0, 0
59004, 250658406, 1, 0, 0
59107, 236223643, 1, 0, 0
59202, 225361077, 1, 0, 0
59313, 220348997, 1, 0, 0
59400, 280300646, 1, 0, 0
59521, 203653460, 1, 0, 0
59608, 187547454, 1, 0, 0
59729, 225027276, 1, 0, 0
59819, 181926450, 1, 0, 0
59906, 368526327, 1, 0, 0
60005, 280809678, 1, 0, 0
60114, 189497569, 1, 0, 0
60227, 236057301, 1, 0, 0
60319, 229261713, 1, 0, 0
60409, 205195799, 1, 0, 0
60508, 261564339, 1, 0, 0
60606, 240543412, 1, 0, 0
60715, 384540948, 1, 0, 0
60807, 237534717, 1, 0, 0
60909, 132551042, 1, 0, 0
61001, 121201490, 1, 0, 0
61102, 109062403, 1, 0, 0
61203, 121028036, 1, 0, 0
61300, 123210248, 1, 0, 0
61404, 142625728, 1, 0, 0
61510, 187901838, 1, 0, 0
61602, 197330865, 1, 0, 0
61712, 188759388, 1, 0, 0
61802, 251596351, 1, 0, 0
61920, 359551418, 1, 0, 0
62007, 221115839, 1, 0, 0
62111, 328065099, 1, 0, 0
62210, 250864276, 1, 0, 0
62312, 239876788, 1, 0, 0
62415, 431910604, 1, 0, 0
62500, 292541867, 1, 0, 0
62608, 280526849, 1, 0, 0
62700, 278840164, 1, 0, 0
62811, 328475612, 1, 0, 0
62903, 333425555, 1, 0, 0
63005, 243070349, 1, 0, 0
63105, 225934158, 1, 0, 0
63211, 188129768, 1, 0, 0
63300, 131204970, 1, 0, 0
63422, 122465657, 1, 0, 0
63506, 115316021, 1, 0, 0
63602, 119401863, 1, 0, 0
63707, 129104549, 1, 0, 0
63820, 102556230, 1, 0, 0
63908, 155411070, 1, 0, 0
64001, 180783568, 1, 0, 0
64107, 209679499, 1, 0, 0
64207, 235605490, 1, 0, 0
64305, 311793111, 1, 0, 0
64405, 209860021, 1, 0, 0
64512, 239659448, 1, 0, 0
64602, 214145749, 1, 0, 0
64706, 207819999, 1, 0, 0
64807, 292663387, 1, 0, 0
64906, 151345157, 1, 0, 0
65011, 259239147, 1, 0, 0
65102, 292726628, 1, 0, 0
65209, 294419819, 1, 0, 0
65301, 266520442, 1, 0, 0
65410, 308927823, 1, 0, 0
65502, 331456428, 1, 0, 0
65604, 212267936, 1, 0, 0
65700, 153939779, 1, 0, 0
65801, 66797100, 1, 0, 0
65902, 114243810, 1, 0, 0
66005, 154107982, 1, 0, 0
66114, 146868865, 1, 0, 0
66209, 119488698, 1, 0, 0
66310, 116284552, 1, 0, 0
66407, 149210462, 1, 0, 0
66528, 107354125, 1, 0, 0
66604, 90442346, 1, 0, 0
66705, 109425847, 1, 0, 0
66800, 155612804, 1, 0, 0
66907, 253650194, 1, 0, 0
67011, 324053769, 1, 0, 0
67101, 513203713, 1, 0, 0
67200, 276685369, 1, 0, 0
67305, 294641872, 1, 0, 0
67424, 244051170, 1, 0, 0
67520, 248815130, 1, 0, 0
67625, 315422660, 1, 0, 0
67726, 292923089, 1, 0, 0
67803, 451919420, 1, 0, 0
67902, 261628265, 1, 0, 0
68007, 278716885, 1, 0, 0
68108, 137616022, 1, 0, 0
68203, 301503721, 1, 0, 0
68304, 333019329, 1, 0, 0
68402, 276845136, 1, 0, 0
68501, 385600512, 1, 0, 0
68603, 236639499, 1, 0, 0
68720, 111133894, 1, 0, 0
68802, 126100544, 1, 0, 0
68910, 152407300, 1, 0, 0
69005, 136637495, 1, 0, 0
69106, 135617838, 1, 0, 0
69203, 131703553, 1, 0, 0
69309, 217245947, 1, 0, 0
69434, 249318902, 1, 0, 0
69503, 393014048, 1, 0, 0
69611, 306593006, 1, 0, 0
69709, 227727406, 1, 0, 0
69807, 314886394, 1, 0, 0
69902, 349805269, 1, 0, 0
70006, 363192752, 1, 0, 0
70104, 342116948, 1, 0, 0
70207, 309129073, 1, 0, 0
70321, 362942416, 1, 0, 0
70408, 230561643, 1, 0, 0
70515, 214153415, 1, 0, 0
70613, 225863850, 1, 0, 0
70702, 205412974, 1, 0, 0
70800, 97459838, 1, 0, 0
70900, 123652644, 1, 0, 0
71006, 151204026, 1, 0, 0
71101, 127723623, 1, 0, 0
71208, 119589938, 1, 0, 0
71300, 179185659, 1, 0, 0
71402, 186556565, 1, 0, 0
71504, 158942020, 1, 0, 0
71600, 119376510, 1, 0, 0
71709, 150786966, 1, 0, 0
71800, 136764546, 1, 0, 0
71900, 122780159, 1, 0, 0
72006, 181738101, 1, 0, 0
72100, 229336813, 1, 0, 0
72208, 314945026, 1, 0, 0
72300, 337921370, 1, 0, 0
72415, 161394195, 1, 0, 0
72528, 361771240, 1, 0, 0
72604, 297647701, 1, 0, 0
72707, 230944586, 1, 0, 0
72802, 220709001, 1, 0, 0
72900, 266243811, 1, 0, 0
73002, 201453334, 1, 0, 0
73109, 429316236, 1, 0, 0
73213, 333468536, 1, 0, 0
73301, 256655912, 1, 0, 0
73400, 233439578, 1, 0, 0
73503, 166255395, 1, 0, 0
73602, 347413251, 1, 0, 0
73711, 248891757, 1, 0, 0
73801, 215789914, 1, 0, 0
73903, 256768304, 1, 0, 0
74002, 114546844, 1, 0, 0
74117, 165124829, 1, 0, 0
74202, 270280437, 1, 0, 0
74314, 344889514, 1, 0, 0
74405, 266493013, 1, 0, 0
74505, 193892834, 1, 0, 0
74608, 213618435, 1, 0, 0
74712, 335310781, 1, 0, 0
74806, 272165478, 1, 0, 0
74905, 195610759, 1, 0, 0
75008, 241087198, 1, 0, 0
75106, 223052449, 1, 0, 0
75212, 260524658, 1, 0, 0
75325, 233028739, 1, 0, 0
75406, 189788831, 1, 0, 0
75512, 352778322, 1, 0, 0
75619, 186902777, 1, 0, 0
75704, 302834442, 1, 0, 0
75810, 231204328, 1, 0, 0
75901, 250512055, 1, 0, 0
76012, 138261961, 1, 0, 0
76105, 87217129, 1, 0, 0
76212, 237511151, 1, 0, 0
76305, 122888180, 1, 0, 0
76400, 192907642, 1, 0, 0
76521, 191383628, 1, 0, 0
76604, 238127817, 1, 0, 0
76703, 233531895, 1, 0, 0
76808, 176358821, 1, 0, 0
76908, 250161084, 1, 0, 0
77005, 183076111, 1, 0, 0
77107, 374543873, 1, 0, 0
77215, 275149364, 1, 0, 0
77301, 376515050, 1, 0, 0
77409, 383483184, 1, 0, 0
77504, 295029321, 1, 0, 0
77606, 345474578, 1, 0, 0
77704, 219946129, 1, 0, 0
77813, 223985602, 1, 0, 0
77904, 232924633, 1, 0, 0
78014, 187445433, 1, 0, 0
78102, 212906093, 1, 0, 0
78200, 168373477, 1, 0, 0
78309, 191036335, 1, 0, 0
78400, 93539964, 1, 0, 0
78500, 115172553, 1, 0, 0
78600, 74886882, 1, 0, 0
78702, 114720717, 1, 0, 0
78801, 141052164, 1, 0, 0
78900, 201358728, 1, 0, 0
79003, 170757673, 1, 0, 0
79100, 152308481, 1, 0, 0
79207, 187431883, 1, 0, 0
79310, 206824201, 1, 0, 0
79402, 236877386, 1, 0, 0
79516, 232955760, 1, 0, 0
79601, 147459400, 1, 0, 0
79705, 255716793, 1, 0, 0
79811, 453724985, 1, 0, 0
79907, 311685612, 1, 0, 0
80028, 311108058, 1, 0, 0
80112, 262790614, 1, 0, 0
80211, 285908017, 1, 0, 0
80307, 216123380, 1, 0, 0
80408, 366766666, 1, 0, 0
80509, 192187857, 1, 0, 0
80600, 156510634, 1, 0, 0
80706, 181274021, 1, 0, 0
80814, 135121571, 1, 0, 0
80907, 137579619, 1, 0, 0
81008, 128565744, 1, 0, 0
81102, 124367137, 1, 0, 0
81203, 113918601, 1, 0, 0
81311, 165177604, 1, 0, 0
81441, 204781036, 1, 0, 0
81507, 265422916, 1, 0, 0
81607, 341809785, 1, 0, 0
81745, 322985911, 1, 0, 0
81803, 432842226, 1, 0, 0
81942, 419420527, 1, 0, 0
82016, 304285284, 1, 0, 0
82116, 398914081, 1, 0, 0
82205, 239352535, 1, 0, 0
82310, 371998070, 1, 0, 0
82431, 305230836, 1, 0, 0
82512, 297291831, 1, 0, 0
82645, 291577315, 1, 0, 0
82739, 395785234, 1, 0, 0
82817, 393003431, 1, 0, 0
82934, 323458867, 1, 0, 0
83001, 482008881, 1, 0, 0
83104, 238111465, 1, 0, 0
83201, 125089122, 1, 0, 0
83304, 144879820, 1, 0, 0
83400, 171341933, 1, 0, 0
83506, 149456415, 1, 0, 0
83617, 220121270, 1, 0, 0
83719, 207661278, 1, 0, 0
83800, 171901020, 1, 0, 0
83911, 218210708, 1, 0, 0
84033, 229368582, 1, 0, 0
84111, 214247435, 1, 0, 0
84204, 227590780, 1, 0, 0
84306, 330395610, 1, 0, 0
84407, 327728028, 1, 0, 0
84512, 306888480, 1, 0, 0
84602, 301567411, 1, 0, 0
84705, 333755171, 1, 0, 0
84813, 281562794, 1, 0, 0
84901, 272294314, 1, 0, 0
85005, 202312010, 1, 0, 0
85122, 338087227, 1, 0, 0
85216, 200042733, 1, 0, 0
85300, 114127019, 1, 0, 0
85404, 131920521, 1, 0, 0
85514, 232740816, 1, 0, 0
85609, 279117670, 1, 0, 0
85711, 233066444, 1, 0, 0
85803, 232263757, 1, 0, 0
85910, 201396014, 1, 0, 0
86005, 167734631, 1, 0, 0
86128, 180948128, 1, 0, 0
86226, 194950108, 1, 0, 0
86313, 171486073, 1, 0, 0
86415, 326092277, 1, 0, 0
86502, 157628004, 1, 0, 0
86619, 336378603, 1, 0, 0
86702, 178950400, 1, 0, 0
86803, 206397708, 1, 0, 0
86905, 197519358, 1, 0, 0
87009, 164790352, 1, 0, 0
87108, 295775175, 1, 0, 0
87218, 260027406, 1, 0, 0
87310, 142704304, 1, 0, 0
87405, 498436620, 1, 0, 0
87502, 147665357, 1, 0, 0
87604, 327071572, 1, 0, 0
87702, 276933813, 1, 0, 0
87804, 384929037, 1, 0, 0
87907, 322018639, 1, 0, 0
88010, 226119527, 1, 0, 0
88102, 343199343, 1, 0, 0
88215, 208370310, 1, 0, 0
88300, 252974110, 1, 0, 0
88400, 158261207, 1, 0, 0
88505, 319428091, 1, 0, 0
88610, 284543183, 1, 0, 0
88719, 309190087, 1, 0, 0
88812, 316357378, 1, 0, 0
88926, 308673086, 1, 0, 0
89014, 283203563, 1, 0, 0
89112, 265742186, 1, 0, 0
89210, 298503868, 1, 0, 0
89317, 231301053, 1, 0, 0
89410, 291366871, 1, 0, 0
89534, 302979751, 1, 0, 0
89616, 389479608, 1, 0, 0
89719, 269337549, 1, 0, 0
89813, 334737626, 1, 0, 0
89900, 288460866, 1, 0, 0
90005, 296206543, 1, 0, 0
90219, 499854412, 1, 0, 0
90219, 388798672, 1, 0, 0
