100, 1798466, 1, 0, 0
200, 2925481, 1, 0, 0
301, 1737372, 1, 0, 0
400, 1703169, 1, 0, 0
501, 2797997, 1, 0, 0
600, 1704356, 1, 0, 0
701, 1653324, 1, 0, 0
800, 1761663, 1, 0, 0
901, 1775834, 1, 0, 0
1001, 1631993, 1, 0, 0
1100, 1942232, 1, 0, 0
1200, 1724620, 1, 0, 0
1300, 1664750, 1, 0, 0
1400, 1723690, 1, 0, 0
1500, 1635761, 1, 0, 0
1601, 1698241, 1, 0, 0
1700, 1772082, 1, 0, 0
1802, 1662925, 1, 0, 0
1900, 1890434, 1, 0, 0
2000, 1659880, 1, 0, 0
2100, 1957504, 1, 0, 0
2200, 1788917, 1, 0, 0
2300, 1884643, 1, 0, 0
2400, 1691386, 1, 0, 0
2501, 1676010, 1, 0, 0
2602, 1659262, 1, 0, 0
2701, 1754990, 1, 0, 0
2800, 1659483, 1, 0, 0
2900, 1656555, 1, 0, 0
3000, 1726257, 1, 0, 0
3101, 1942739, 1, 0, 0
3200, 1830719, 1, 0, 0
3300, 1629601, 1, 0, 0
3401, 1652195, 1, 0, 0
3502, 1732875, 1, 0, 0
3601, 1775879, 1, 0, 0
3701, 1910688, 1, 0, 0
3800, 1648450, 1, 0, 0
3900, 1718696, 1, 0, 0
4000, 1635209, 1, 0, 0
4100, 1781571, 1, 0, 0
4200, 1671503, 1, 0, 0
4301, 1735202, 1, 0, 0
4400, 1898961, 1, 0, 0
4500, 1696329, 1, 0, 0
4600, 1658613, 1, 0, 0
4700, 1567205, 1, 0, 0
4800, 1626331, 1, 0, 0
4901, 1688232, 1, 0, 0
5000, 1677851, 1, 0, 0
5102, 1722798, 1, 0, 0
5200, 1635273, 1, 0, 0
5301, 1684297, 1, 0, 0
5401, 1735771, 1, 0, 0
5501, 1790838, 1, 0, 0
5601, 2322608, 1, 0, 0
5700, 1652408, 1, 0, 0
5801, 1615959, 1, 0, 0
5900, 1580453, 1, 0, 0
6001, 1565870, 1, 0, 0
6100, 2016141, 1, 0, 0
6200, 1758814, 1, 0, 0
6301, 1593201, 1, 0, 0
6400, 1744125, 1, 0, 0
6501, 1647433, 1, 0, 0
6600, 1648864, 1, 0, 0
6702, 1694264, 1, 0, 0
6800, 1610311, 1, 0, 0
6900, 1603762, 1, 0, 0
7001, 1595957, 1, 0, 0
7101, 1666695, 1, 0, 0
7201, 1957943, 1, 0, 0
7301, 1633734, 1, 0, 0
7400, 1706119, 1, 0, 0
7500, 1634859, 1, 0, 0
7601, 1626520, 1, 0, 0
7701, 1588490, 1, 0, 0
7800, 1590826, 1, 0, 0
7900, 1616743, 1, 0, 0
8000, 1634747, 1, 0, 0
8101, 1675869, 1, 0, 0
8201, 1728332, 1, 0, 0
8419, 4446166, 1, 0, 0
8509, 18051015, 1, 0, 0
8600, 3338663, 1, 0, 0
8701, 1944137, 1, 0, 0
8801, 2322518, 1, 0, 0
8901, 1635294, 1, 0, 0
9001, 1637876, 1, 0, 0
9100, 1679948, 1, 0, 0
9201, 1699996, 1, 0, 0
9301, 1640164, 1, 0, 0
9401, 1632200, 1, 0, 0
9500, 1647588, 1, 0, 0
9600, 1637980, 1, 0, 0
9701, 1625175, 1, 0, 0
9800, 1779353, 1, 0, 0
9900, 1596736, 1, 0, 0
10000, 1586295, 1, 0, 0
10101, 1631238, 1, 0, 0
10201, 1629299, 1, 0, 0
10301, 1786099, 1, 0, 0
10402, 1939213, 1, 0, 0
10501, 2405839, 1, 0, 0
10618, 6505179, 1, 0, 0
10702, 4937236, 1, 0, 0
10800, 1823864, 1, 0, 0
10902, 1694608, 1, 0, 0
11001, 1641626, 1, 0, 0
11100, 1643889, 1, 0, 0
11201, 1914719, 1, 0, 0
11300, 1760634, 1, 0, 0
11400, 1714467, 1, 0, 0
11500, 1651539, 1, 0, 0
11601, 1639484, 1, 0, 0
11700, 1603027, 1, 0, 0
11800, 1687978, 1, 0, 0
11901, 1651852, 1, 0, 0
12000, 1601531, 1, 0, 0
12100, 1717476, 1, 0, 0
12200, 1872438, 1, 0, 0
12300, 1675080, 1, 0, 0
12401, 1697586, 1, 0, 0
12500, 1674710, 1, 0, 0
12600, 1643024, 1, 0, 0
12700, 1689898, 1, 0, 0
12801, 1680432, 1, 0, 0
12900, 1674275, 1, 0, 0
13001, 1610596, 1, 0, 0
13105, 1839556, 1, 0, 0
13205, 1751289, 1, 0, 0
13301, 1653484, 1, 0, 0
13419, 23623751, 1, 0, 0
13533, 57046536, 1, 0, 0
13602, 2156333, 1, 0, 0
13700, 9766467, 1, 0, 0
13803, 2876079, 1, 0, 0
13900, 2748882, 1, 0, 0
14000, 1672029, 1, 0, 0
14101, 1647572, 1, 0, 0
14200, 1592097, 1, 0, 0
14300, 1703386, 1, 0, 0
14402, 1717453, 1, 0, 0
14501, 1678413, 1, 0, 0
14600, 1647378, 1, 0, 0
14700, 1608594, 1, 0, 0
14801, 1739945, 1, 0, 0
14901, 1660461, 1, 0, 0
15002, 1738150, 1, 0, 0
15100, 1655417, 1, 0, 0
15201, 1687859, 1, 0, 0
15301, 1691583, 1, 0, 0
15400, 1671637, 1, 0, 0
15576, 10992401, 1, 0, 0
15612, 11958372, 1, 0, 0
15707, 23940842, 1, 0, 0
15869, 40362585, 1, 0, 0
15900, 1628480, 1, 0, 0
16001, 1863941, 1, 0, 0
16100, 1717382, 1, 0, 0
16200, 1776567, 1, 0, 0
16301, 1936725, 1, 0, 0
16400, 1711478, 1, 0, 0
16500, 2120075, 1, 0, 0
16601, 1741373, 1, 0, 0
16700, 1641325, 1, 0, 0
16801, 1650810, 1, 0, 0
16901, 1701311, 1, 0, 0
17000, 1663670, 1, 0, 0
17101, 1637544, 1, 0, 0
17201, 1688724, 1, 0, 0
17300, 1696065, 1, 0, 0
17400, 1731659, 1, 0, 0
17500, 1906979, 1, 0, 0
17600, 1737083, 1, 0, 0
17701, 1675146, 1, 0, 0
17800, 1706211, 1, 0, 0
17900, 1803303, 1, 0, 0
18001, 1737200, 1, 0, 0
18101, 1673503, 1, 0, 0
18201, 1661286, 1, 0, 0
18300, 1831373, 1, 0, 0
18454, 3079029, 1, 0, 0
18661, 41433798, 1, 0, 0
18701, 2343270, 1, 0, 0
18822, 120978984, 1, 0, 0
18900, 2438927, 1, 0, 0
19000, 1743428, 1, 0, 0
19100, 1752370, 1, 0, 0
19200, 1699115, 1, 0, 0
19300, 1839191, 1, 0, 0
19400, 1760831, 1, 0, 0
19500, 1717937, 1, 0, 0
19600, 1699390, 1, 0, 0
19700, 1690147, 1, 0, 0
19801, 1725092, 1, 0, 0
19901, 1697442, 1, 0, 0
20001, 1722109, 1, 0, 0
20101, 1849112, 1, 0, 0
20200, 1796639, 1, 0, 0
20300, 2029821, 1, 0, 0
20400, 1823180, 1, 0, 0
20503, 3828032, 1, 0, 0
20629, 41747359, 1, 0, 0
20714, 42890824, 1, 0, 0
20837, 30518736, 1, 0, 0
20937, 11145223, 1, 0, 0
21000, 2622246, 1, 0, 0
21100, 2039274, 1, 0, 0
21207, 2053175, 1, 0, 0
21301, 2140611, 1, 0, 0
21401, 1815534, 1, 0, 0
21501, 2163989, 1, 0, 0
21600, 1701606, 1, 0, 0
21701, 1770310, 1, 0, 0
21801, 1718240, 1, 0, 0
21900, 1746457, 1, 0, 0
22002, 1908375, 1, 0, 0
22100, 1843555, 1, 0, 0
22200, 1821756, 1, 0, 0
22300, 1776119, 1, 0, 0
22401, 1776658, 1, 0, 0
22501, 1858122, 1, 0, 0
22600, 1733931, 1, 0, 0
22701, 1766230, 1, 0, 0
22800, 1937238, 1, 0, 0
22901, 1756265, 1, 0, 0
23001, 2000623, 1, 0, 0
23100, 1672324, 1, 0, 0
23201, 1746524, 1, 0, 0
23301, 1751997, 1, 0, 0
23401, 1920461, 1, 0, 0
23501, 7153482, 1, 0, 0
23601, 1913301, 1, 0, 0
23700, 1728702, 1, 0, 0
23800, 1767331, 1, 0, 0
23900, 1772296, 1, 0, 0
24001, 2011153, 1, 0, 0
24100, 1808750, 1, 0, 0
24200, 1741865, 1, 0, 0
24303, 2289611, 1, 0, 0
24400, 1799246, 1, 0, 0
24501, 1834456, 1, 0, 0
24600, 1800464, 1, 0, 0
24701, 1763369, 1, 0, 0
24800, 1866078, 1, 0, 0
24900, 1807585, 1, 0, 0
25001, 1867502, 1, 0, 0
25101, 1853436, 1, 0, 0
25201, 1815528, 1, 0, 0
25300, 1868093, 1, 0, 0
25402, 3389840, 1, 0, 0
25534, 2758837, 1, 0, 0
25601, 33461731, 1, 0, 0
25702, 2400813, 1, 0, 0
25819, 4182986, 1, 0, 0
25927, 26804656, 1, 0, 0
26039, 14006785, 1, 0, 0
26108, 23112161, 1, 0, 0
26200, 3166576, 1, 0, 0
26323, 3418387, 1, 0, 0
26400, 2317623, 1, 0, 0
26500, 1789990, 1, 0, 0
26600, 1788002, 1, 0, 0
26701, 1770412, 1, 0, 0
26807, 2067705, 1, 0, 0
26900, 1936972, 1, 0, 0
27001, 1713068, 1, 0, 0
27101, 1775233, 1, 0, 0
27201, 1805992, 1, 0, 0
27300, 1838440, 1, 0, 0
27400, 1824145, 1, 0, 0
27500, 1839036, 1, 0, 0
27609, 3291706, 1, 0, 0
27700, 3641803, 1, 0, 0
27801, 2194060, 1, 0, 0
27900, 1830505, 1, 0, 0
28000, 1861029, 1, 0, 0
28101, 1861815, 1, 0, 0
28200, 1760970, 1, 0, 0
28301, 1869278, 1, 0, 0
28400, 1938315, 1, 0, 0
28501, 2048888, 1, 0, 0
28600, 1709865, 1, 0, 0
28700, 1844573, 1, 0, 0
28800, 1884798, 1, 0, 0
28901, 1867340, 1, 0, 0
29001, 1761386, 1, 0, 0
29100, 1892767, 1, 0, 0
29200, 1818715, 1, 0, 0
29314, 4370128, 1, 0, 0
29402, 1949881, 1, 0, 0
29527, 2664626, 1, 0, 0
29626, 4133257, 1, 0, 0
29701, 1854846, 1, 0, 0
29809, 1965743, 1, 0, 0
29901, 3545664, 1, 0, 0
30000, 1796082, 1, 0, 0
30101, 1973762, 1, 0, 0
30201, 1891004, 1, 0, 0
30300, 1819910, 1, 0, 0
30401, 2111341, 1, 0, 0
30500, 1907261, 1, 0, 0
30601, 1761828, 1, 0, 0
30701, 1818729, 1, 0, 0
30800, 1857084, 1, 0, 0
30901, 1903405, 1, 0, 0
31084, 3821962, 1, 0, 0
31152, 67538645, 1, 0, 0
31203, 7330973, 1, 0, 0
31301, 2567554, 1, 0, 0
31400, 1826607, 1, 0, 0
31501, 1775615, 1, 0, 0
31600, 1738833, 1, 0, 0
31700, 1746719, 1, 0, 0
31800, 1807283, 1, 0, 0
31901, 1837994, 1, 0, 0
32001, 2001882, 1, 0, 0
32100, 1829491, 1, 0, 0
32200, 1839802, 1, 0, 0
32301, 1807329, 1, 0, 0
32401, 1995560, 1, 0, 0
32500, 2158246, 1, 0, 0
32601, 1762069, 1, 0, 0
32705, 8026212, 1, 0, 0
32814, 2718108, 1, 0, 0
32900, 2098456, 1, 0, 0
33001, 1739294, 1, 0, 0
33101, 1741351, 1, 0, 0
33200, 1768661, 1, 0, 0
33300, 1848880, 1, 0, 0
33401, 2101270, 1, 0, 0
33500, 1870812, 1, 0, 0
33600, 1957945, 1, 0, 0
33701, 1890502, 1, 0, 0
33801, 1820543, 1, 0, 0
33900, 1831067, 1, 0, 0
34000, 1744421, 1, 0, 0
34100, 1820111, 1, 0, 0
34200, 1794476, 1, 0, 0
34305, 1940921, 1, 0, 0
34405, 9973297, 1, 0, 0
34509, 5759142, 1, 0, 0
34722, 42544049, 1, 0, 0
34818, 48359228, 1, 0, 0
34907, 88612861, 1, 0, 0
35001, 1910142, 1, 0, 0
35101, 2124853, 1, 0, 0
35201, 1891084, 1, 0, 0
35301, 1749781, 1, 0, 0
35427, 2290590, 1, 0, 0
35500, 1860883, 1, 0, 0
35601, 1800880, 1, 0, 0
35701, 1821829, 1, 0, 0
35800, 1854133, 1, 0, 0
35901, 1746210, 1, 0, 0
36000, 1900608, 1, 0, 0
36119, 7011047, 1, 0, 0
36200, 2455692, 1, 0, 0
36300, 2484081, 1, 0, 0
36400, 1818002, 1, 0, 0
36500, 1964495, 1, 0, 0
36600, 2117612, 1, 0, 0
36700, 1746374, 1, 0, 0
36801, 1844276, 1, 0, 0
36900, 1701353, 1, 0, 0
37001, 1826947, 1, 0, 0
37101, 2170169, 1, 0, 0
37202, 1766215, 1, 0, 0
37300, 1862062, 1, 0, 0
37401, 1831375, 1, 0, 0
37500, 1831659, 1, 0, 0
37601, 1832867, 1, 0, 0
37715, 3903134, 1, 0, 0
37927, 42401766, 1, 0, 0
38000, 2226157, 1, 0, 0
38103, 1984571, 1, 0, 0
38200, 1786402, 1, 0, 0
38301, 1827263, 1, 0, 0
38401, 1814445, 1, 0, 0
38500, 1905096, 1, 0, 0
38600, 1883444, 1, 0, 0
38700, 1859871, 1, 0, 0
38800, 1751789, 1, 0, 0
38900, 1778200, 1, 0, 0
39001, 1830686, 1, 0, 0
39101, 1882000, 1, 0, 0
39200, 1874511, 1, 0, 0
39300, 1745099, 1, 0, 0
39421, 2516344, 1, 0, 0
39501, 6126764, 1, 0, 0
39604, 3131796, 1, 0, 0
39708, 13024883, 1, 0, 0
39800, 4346729, 1, 0, 0
39902, 1882851, 1, 0, 0
40001, 1907887, 1, 0, 0
40100, 1793478, 1, 0, 0
40200, 1882596, 1, 0, 0
40301, 1873268, 1, 0, 0
40400, 1861426, 1, 0, 0
40514, 2275573, 1, 0, 0
40600, 1909948, 1, 0, 0
40700, 2381795, 1, 0, 0
40800, 1823797, 1, 0, 0
40900, 1835800, 1, 0, 0
41000, 1964112, 1, 0, 0
41137, 6519638, 1, 0, 0
41231, 11704651, 1, 0, 0
41301, 2192199, 1, 0, 0
41400, 1824616, 1, 0, 0
41500, 1898113, 1, 0, 0
41600, 1811676, 1, 0, 0
41702, 3290105, 1, 0, 0
41800, 1814458, 1, 0, 0
41900, 1842772, 1, 0, 0
42010, 3037265, 1, 0, 0
42100, 1811958, 1, 0, 0
42201, 2011105, 1, 0, 0
42301, 1750416, 1, 0, 0
42401, 1850899, 1, 0, 0
42500, 1934363, 1, 0, 0
42600, 1778080, 1, 0, 0
42700, 1898582, 1, 0, 0
42800, 6623247, 1, 0, 0
42900, 1894497, 1, 0, 0
43001, 1822159, 1, 0, 0
43101, 2135066, 1, 0, 0
43202, 1893386, 1, 0, 0
43300, 1789898, 1, 0, 0
43400, 1803555, 1, 0, 0
43500, 1887103, 1, 0, 0
43605, 3745934, 1, 0, 0
43700, 3663977, 1, 0, 0
43801, 1965486, 1, 0, 0
43900, 1813492, 1, 0, 0
44000, 1884863, 1, 0, 0
44101, 1858642, 1, 0, 0
44201, 1924033, 1, 0, 0
44301, 1770570, 1, 0, 0
44400, 1847352, 1, 0, 0
44505, 3380243, 1, 0, 0
44624, 2898914, 1, 0, 0
44700, 2442010, 1, 0, 0
44800, 2174799, 1, 0, 0
44900, 1873680, 1, 0, 0
45000, 1967795, 1, 0, 0
45101, 1932918, 1, 0, 0
45200, 1862648, 1, 0, 0
45301, 1805842, 1, 0, 0
45401, 1781242, 1, 0, 0
45500, 1971559, 1, 0, 0
45600, 1999356, 1, 0, 0
45701, 1869230, 1, 0, 0
45800, 1874614, 1, 0, 0
45900, 1915286, 1, 0, 0
46002, 1986355, 1, 0, 0
46106, 4160211, 1, 0, 0
46200, 9425141, 1, 0, 0
46300, 2133182, 1, 0, 0
46400, 1778846, 1, 0, 0
46500, 1839010, 1, 0, 0
46601, 1876314, 1, 0, 0
46701, 1814535, 1, 0, 0
46800, 2144450, 1, 0, 0
46901, 1805370, 1, 0, 0
47001, 1875057, 1, 0, 0
47100, 1800387, 1, 0, 0
47201, 2145981, 1, 0, 0
47301, 1883103, 1, 0, 0
47401, 1880412, 1, 0, 0
47500, 1916135, 1, 0, 0
47601, 1835804, 1, 0, 0
47701, 1806148, 1, 0, 0
47800, 1945100, 1, 0, 0
47901, 1854190, 1, 0, 0
48001, 1822286, 1, 0, 0
48103, 1917233, 1, 0, 0
48200, 1831218, 1, 0, 0
48301, 2196562, 1, 0, 0
48400, 1760202, 1, 0, 0
48500, 1927672, 1, 0, 0
48633, 2610140, 1, 0, 0
48754, 60310972, 1, 0, 0
48818, 10655797, 1, 0, 0
48944, 4488706, 1, 0, 0
49001, 1909618, 1, 0, 0
49100, 1892748, 1, 0, 0
49207, 2140318, 1, 0, 0
49300, 1970269, 1, 0, 0
49401, 1867621, 1, 0, 0
49500, 1875905, 1, 0, 0
49605, 2084802, 1, 0, 0
49725, 30057787, 1, 0, 0
49804, 4386851, 1, 0, 0
49900, 3013671, 1, 0, 0
50001, 3240426, 1, 0, 0
50100, 1834843, 1, 0, 0
50201, 1893082, 1, 0, 0
50300, 1866951, 1, 0, 0
50400, 1848316, 1, 0, 0
50500, 1859238, 1, 0, 0
50601, 1790562, 1, 0, 0
50703, 2909484, 1, 0, 0
50800, 1829818, 1, 0, 0
50900, 1896733, 1, 0, 0
51002, 2210103, 1, 0, 0
51119, 9726482, 1, 0, 0
51203, 8395141, 1, 0, 0
51301, 2218358, 1, 0, 0
51400, 1801514, 1, 0, 0
51500, 1914106, 1, 0, 0
51600, 1996960, 1, 0, 0
51701, 1901616, 1, 0, 0
51801, 1928431, 1, 0, 0
51900, 1971556, 1, 0, 0
52000, 1848268, 1, 0, 0
52100, 1856948, 1, 0, 0
52200, 1757554, 1, 0, 0
52301, 1852162, 1, 0, 0
52401, 1826824, 1, 0, 0
52501, 1811452, 1, 0, 0
52600, 1867623, 1, 0, 0
52700, 3322166, 1, 0, 0
52802, 1880915, 1, 0, 0
52901, 2063900, 1, 0, 0
53000, 1941138, 1, 0, 0
53100, 1778346, 1, 0, 0
53201, 1944862, 1, 0, 0
53301, 1814139, 1, 0, 0
53401, 1891343, 1, 0, 0
53506, 1999264, 1, 0, 0
53601, 1834837, 1, 0, 0
53720, 6979447, 1, 0, 0
53816, 23977784, 1, 0, 0
53917, 11293469, 1, 0, 0
54001, 1997879, 1, 0, 0
54100, 1821000, 1, 0, 0
54200, 1918892, 1, 0, 0
54300, 2177351, 1, 0, 0
54400, 1884910, 1, 0, 0
54501, 1859696, 1, 0, 0
54601, 1919552, 1, 0, 0
54700, 1867551, 1, 0, 0
54800, 1853545, 1, 0, 0
54901, 1822924, 1, 0, 0
55000, 1903199, 1, 0, 0
55101, 1778330, 1, 0, 0
55200, 1864928, 1, 0, 0
55300, 2023266, 1, 0, 0
55401, 1940934, 1, 0, 0
55501, 1821734, 1, 0, 0
55601, 1919148, 1, 0, 0
55700, 1704469, 1, 0, 0
55801, 4225878, 1, 0, 0
55900, 2045291, 1, 0, 0
56008, 2074960, 1, 0, 0
56101, 3000167, 1, 0, 0
56202, 1902160, 1, 0, 0
56323, 2423770, 1, 0, 0
56420, 19371270, 1, 0, 0
56500, 2834900, 1, 0, 0
56608, 2161884, 1, 0, 0
56700, 1886201, 1, 0, 0
56801, 1890734, 1, 0, 0
56901, 1786355, 1, 0, 0
57000, 1802187, 1, 0, 0
57100, 1948431, 1, 0, 0
57201, 1936878, 1, 0, 0
57302, 1903204, 1, 0, 0
57401, 1881168, 1, 0, 0
57500, 1850571, 1, 0, 0
57600, 1864283, 1, 0, 0
57700, 1987461, 1, 0, 0
57800, 1929231, 1, 0, 0
57902, 1943410, 1, 0, 0
58001, 1987630, 1, 0, 0
58101, 1810701, 1, 0, 0
58200, 1834939, 1, 0, 0
58300, 1910078, 1, 0, 0
58401, 1903741, 1, 0, 0
58500, 1875956, 1, 0, 0
58600, 1875185, 1, 0, 0
58701, 1906726, 1, 0, 0
58801, 1852405, 1, 0, 0
58924, 11200798, 1, 0, 0
59017, 18590469, 1, 0, 0
59100, 3423754, 1, 0, 0
59200, 1956349, 1, 0, 0
59300, 1819003, 1, 0, 0
59400, 2327965, 1, 0, 0
59500, 1892137, 1, 0, 0
59601, 1825203, 1, 0, 0
59700, 1831080, 1, 0, 0
59800, 1958189, 1, 0, 0
59900, 1881422, 1, 0, 0
60001, 1832509, 1, 0, 0
60101, 1819059, 1, 0, 0
60200, 1936777, 1, 0, 0
60300, 1884542, 1, 0, 0
60400, 1852440, 1, 0, 0
60501, 1892140, 1, 0, 0
60602, 1902910, 1, 0, 0
60701, 1841895, 1, 0, 0
60800, 1934747, 1, 0, 0
60964, 5834353, 1, 0, 0
61053, 44739644, 1, 0, 0
61117, 21167279, 1, 0, 0
61207, 15111893, 1, 0, 0
61300, 2213838, 1, 0, 0
61401, 1938879, 1, 0, 0
61503, 1954255, 1, 0, 0
61601, 2951741, 1, 0, 0
61700, 3318050, 1, 0, 0
61801, 2088439, 1, 0, 0
61901, 1922596, 1, 0, 0
62001, 1815950, 1, 0, 0
62101, 1893875, 1, 0, 0
62200, 1866822, 1, 0, 0
62301, 1899100, 1, 0, 0
62400, 1891113, 1, 0, 0
62500, 1892190, 1, 0, 0
62600, 2031385, 1, 0, 0
62700, 2052312, 1, 0, 0
62800, 1906271, 1, 0, 0
62901, 1833509, 1, 0, 0
63000, 1911261, 1, 0, 0
63103, 1907023, 1, 0, 0
63201, 1879166, 1, 0, 0
63301, 2025882, 1, 0, 0
63400, 1876538, 1, 0, 0
63500, 1877778, 1, 0, 0
63601, 1800822, 1, 0, 0
63701, 1851694, 1, 0, 0
63802, 2047577, 1, 0, 0
63901, 1912667, 1, 0, 0
64002, 2007563, 1, 0, 0
64101, 2248342, 1, 0, 0
64235, 10323757, 1, 0, 0
64304, 17248927, 1, 0, 0
64421, 4030603, 1, 0, 0
64501, 2108714, 1, 0, 0
64601, 1950310, 1, 0, 0
64700, 1792576, 1, 0, 0
64800, 2042306, 1, 0, 0
64901, 1897450, 1, 0, 0
65000, 2067192, 1, 0, 0
65101, 1897065, 1, 0, 0
65200, 1767300, 1, 0, 0
65300, 1855245, 1, 0, 0
65400, 1841794, 1, 0, 0
65500, 1861174, 1, 0, 0
65601, 1905137, 1, 0, 0
65700, 1817866, 1, 0, 0
65801, 1941859, 1, 0, 0
65900, 1872780, 1, 0, 0
66001, 2049116, 1, 0, 0
66100, 1980314, 1, 0, 0
66203, 3550999, 1, 0, 0
66318, 19200001, 1, 0, 0
66409, 22562294, 1, 0, 0
66500, 2853932, 1, 0, 0
66600, 1964281, 1, 0, 0
66701, 2635906, 1, 0, 0
66800, 2253011, 1, 0, 0
66900, 1846247, 1, 0, 0
67000, 3839284, 1, 0, 0
67100, 2269667, 1, 0, 0
67201, 1880807, 1, 0, 0
67300, 1821321, 1, 0, 0
67400, 2047983, 1, 0, 0
67501, 1888972, 1, 0, 0
67601, 1856173, 1, 0, 0
67700, 1903423, 1, 0, 0
67801, 1894966, 1, 0, 0
67900, 1904241, 1, 0, 0
68000, 2223959, 1, 0, 0
68101, 2056988, 1, 0, 0
68201, 1948325, 1, 0, 0
68301, 1998890, 1, 0, 0
68402, 2109758, 1, 0, 0
68501, 1821525, 1, 0, 0
68600, 1776689, 1, 0, 0
68700, 1906121, 1, 0, 0
68801, 1883309, 1, 0, 0
68901, 1884246, 1, 0, 0
69001, 2123918, 1, 0, 0
69100, 2012058, 1, 0, 0
69201, 2152579, 1, 0, 0
69304, 2172206, 1, 0, 0
69400, 1916086, 1, 0, 0
69501, 5956219, 1, 0, 0
69600, 3948295, 1, 0, 0
69701, 1907706, 1, 0, 0
69801, 2079052, 1, 0, 0
69900, 1908706, 1, 0, 0
70002, 1957815, 1, 0, 0
70100, 2116212, 1, 0, 0
70201, 1952765, 1, 0, 0
70301, 2117292, 1, 0, 0
70400, 1985894, 1, 0, 0
70500, 1941299, 1, 0, 0
70601, 3487645, 1, 0, 0
70701, 1963138, 1, 0, 0
70800, 1939762, 1, 0, 0
70901, 2017235, 1, 0, 0
71001, 1913218, 1, 0, 0
71101, 2086460, 1, 0, 0
71201, 1919932, 1, 0, 0
71302, 2095601, 1, 0, 0
71401, 2831707, 1, 0, 0
71507, 11746280, 1, 0, 0
71602, 5959091, 1, 0, 0
71700, 3613404, 1, 0, 0
71818, 2678325, 1, 0, 0
71901, 1930719, 1, 0, 0
72001, 1788495, 1, 0, 0
72101, 1848103, 1, 0, 0
72200, 2253051, 1, 0, 0
72301, 2000918, 1, 0, 0
72401, 1924295, 1, 0, 0
72500, 1834791, 1, 0, 0
72600, 2031091, 1, 0, 0
72701, 2017179, 1, 0, 0
72801, 1793565, 1, 0, 0
72900, 1939436, 1, 0, 0
73000, 1907543, 1, 0, 0
73101, 4195785, 1, 0, 0
73201, 2089173, 1, 0, 0
73304, 2144582, 1, 0, 0
73400, 2045410, 1, 0, 0
73500, 1879650, 1, 0, 0
73601, 1969880, 1, 0, 0
73700, 1901714, 1, 0, 0
73800, 1951692, 1, 0, 0
73900, 1969474, 1, 0, 0
74000, 1947627, 1, 0, 0
74100, 1860346, 1, 0, 0
74201, 1930712, 1, 0, 0
74300, 2157667, 1, 0, 0
74400, 2037684, 1, 0, 0
74504, 4948317, 1, 0, 0
74600, 3566196, 1, 0, 0
74700, 2377186, 1, 0, 0
74802, 2147396, 1, 0, 0
74900, 2140033, 1, 0, 0
75000, 1889981, 1, 0, 0
75102, 1911000, 1, 0, 0
75200, 1886764, 1, 0, 0
75300, 2071593, 1, 0, 0
75401, 2056922, 1, 0, 0
75501, 2379902, 1, 0, 0
75600, 2099092, 1, 0, 0
75701, 1918347, 1, 0, 0
75801, 1986208, 1, 0, 0
75900, 1944321, 1, 0, 0
76000, 2026522, 1, 0, 0
76101, 1867968, 1, 0, 0
76201, 1898858, 1, 0, 0
76301, 1882440, 1, 0, 0
76400, 1826756, 1, 0, 0
76501, 1859180, 1, 0, 0
76601, 2045235, 1, 0, 0
76711, 9137450, 1, 0, 0
76817, 10598234, 1, 0, 0
76900, 4602839, 1, 0, 0
77001, 2019688, 1, 0, 0
77101, 1992306, 1, 0, 0
77200, 2026478, 1, 0, 0
77301, 2097604, 1, 0, 0
77401, 2444378, 1, 0, 0
77501, 1873262, 1, 0, 0
77605, 2131572, 1, 0, 0
77700, 1925158, 1, 0, 0
77801, 1981101, 1, 0, 0
77900, 2024048, 1, 0, 0
78001, 2091152, 1, 0, 0
78224, 5885678, 1, 0, 0
78390, 82571145, 1, 0, 0
78400, 2128435, 1, 0, 0
78501, 1859977, 1, 0, 0
78602, 1935075, 1, 0, 0
78700, 2091689, 1, 0, 0
78801, 1861539, 1, 0, 0
78950, 3246895, 1, 0, 0
79000, 1852830, 1, 0, 0
79100, 1916544, 1, 0, 0
79201, 1864008, 1, 0, 0
79300, 2106699, 1, 0, 0
79401, 2139179, 1, 0, 0
79501, 1927036, 1, 0, 0
79600, 1982226, 1, 0, 0
79701, 2135994, 1, 0, 0
79800, 2018246, 1, 0, 0
79902, 2030058, 1, 0, 0
80000, 2464403, 1, 0, 0
80102, 1870836, 1, 0, 0
80200, 1966240, 1, 0, 0
80300, 1888583, 1, 0, 0
80402, 2164276, 1, 0, 0
80500, 2113359, 1, 0, 0
80600, 1998106, 1, 0, 0
80701, 2063873, 1, 0, 0
80801, 1930229, 1, 0, 0
80901, 2027065, 1, 0, 0
81000, 2303695, 1, 0, 0
81100, 1925604, 1, 0, 0
81201, 1858254, 1, 0, 0
81300, 1933892, 1, 0, 0
81400, 1852061, 1, 0, 0
81501, 1939352, 1, 0, 0
81600, 1867104, 1, 0, 0
81700, 4355632, 1, 0, 0
81801, 2048049, 1, 0, 0
81900, 2022801, 1, 0, 0
82004, 5484748, 1, 0, 0
82101, 5695882, 1, 0, 0
82200, 2827047, 1, 0, 0
82301, 1943685, 1, 0, 0
82400, 1900282, 1, 0, 0
82501, 1972477, 1, 0, 0
82600, 2008413, 1, 0, 0
82700, 1970175, 1, 0, 0
82800, 1881806, 1, 0, 0
82901, 2005942, 1, 0, 0
83006, 2189283, 1, 0, 0
83102, 1966231, 1, 0, 0
83226, 10305285, 1, 0, 0
83311, 14105759, 1, 0, 0
83400, 1942773, 1, 0, 0
83500, 4341452, 1, 0, 0
83601, 1935530, 1, 0, 0
83701, 2002889, 1, 0, 0
83800, 1970621, 1, 0, 0
83901, 1862777, 1, 0, 0
84000, 1982711, 1, 0, 0
84102, 3763001, 1, 0, 0
84201, 1989960, 1, 0, 0
84301, 2110596, 1, 0, 0
84400, 1871523, 1, 0, 0
84500, 1959454, 1, 0, 0
84600, 1991308, 1, 0, 0
84701, 1846472, 1, 0, 0
84800, 1926190, 1, 0, 0
84900, 1888536, 1, 0, 0
85000, 2044696, 1, 0, 0
85100, 2252564, 1, 0, 0
85200, 1893793, 1, 0, 0
85301, 1873421, 1, 0, 0
85400, 2017077, 1, 0, 0
85502, 1988899, 1, 0, 0
85600, 1964137, 1, 0, 0
85700, 1945560, 1, 0, 0
85801, 1905023, 1, 0, 0
85900, 1807750, 1, 0, 0
86000, 1914315, 1, 0, 0
86100, 2120008, 1, 0, 0
86200, 1995209, 1, 0, 0
86301, 2028884, 1, 0, 0
86400, 2137718, 1, 0, 0
86500, 2005974, 1, 0, 0
86600, 1874127, 1, 0, 0
86700, 1930564, 1, 0, 0
86801, 1938724, 1, 0, 0
86900, 1861900, 1, 0, 0
87000, 1888138, 1, 0, 0
87100, 1948291, 1, 0, 0
87201, 1899965, 1, 0, 0
87313, 2377177, 1, 0, 0
87400, 1866170, 1, 0, 0
87501, 1924466, 1, 0, 0
87600, 2154684, 1, 0, 0
87700, 1786785, 1, 0, 0
87801, 1832704, 1, 0, 0
87900, 1870183, 1, 0, 0
88000, 1841446, 1, 0, 0
88102, 1881606, 1, 0, 0
88207, 3199691, 1, 0, 0
88302, 2091973, 1, 0, 0
88401, 1974879, 1, 0, 0
88500, 1801245, 1, 0, 0
88601, 2061971, 1, 0, 0
88700, 1831372, 1, 0, 0
88801, 2105493, 1, 0, 0
88900, 1830639, 1, 0, 0
89001, 1834867, 1, 0, 0
89101, 2064605, 1, 0, 0
89200, 1864985, 1, 0, 0
89300, 1793546, 1, 0, 0
89400, 1926193, 1, 0, 0
89500, 2172340, 1, 0, 0
89601, 1857693, 1, 0, 0
89700, 1978695, 1, 0, 0
89802, 1987804, 1, 0, 0
89901, 2017979, 1, 0, 0
90000, 1940246, 1, 0, 0
