101, 11855631, 0, 0, 0
201, 15277289, 0, 0, 0
303, 14607119, 0, 0, 0
403, 10560563, 0, 0, 0
500, 11499686, 0, 0, 0
605, 16685972, 0, 0, 0
702, 15939356, 0, 0, 0
807, 15108429, 0, 0, 0
902, 13083122, 0, 0, 0
1014, 13618701, 0, 0, 0
1100, 12791081, 0, 0, 0
1205, 17244939, 0, 0, 0
1305, 10638968, 0, 0, 0
1400, 17945999, 0, 0, 0
1502, 13431603, 0, 0, 0
1601, 14152370, 0, 0, 0
1702, 12655193, 0, 0, 0
1800, 15070098, 0, 0, 0
1902, 13333426, 0, 0, 0
2002, 13182968, 0, 0, 0
2100, 17128202, 0, 0, 0
2200, 13028979, 0, 0, 0
2301, 12250789, 0, 0, 0
2408, 12713487, 0, 0, 0
2502, 14848800, 0, 0, 0
2603, 13817903, 0, 0, 0
2702, 15895504, 0, 0, 0
2802, 11718773, 0, 0, 0
2904, 12725717, 0, 0, 0
3002, 17517536, 0, 0, 0
3102, 11494122, 0, 0, 0
3201, 12431402, 0, 0, 0
3300, 11152043, 0, 0, 0
3403, 15481594, 0, 0, 0
3505, 15096005, 0, 0, 0
3612, 14494611, 0, 0, 0
3706, 13703753, 0, 0, 0
3806, 13918930, 0, 0, 0
3908, 16653342, 0, 0, 0
4001, 10917321, 0, 0, 0
4101, 11898653, 0, 0, 0
4201, 20051042, 0, 0, 0
4300, 11593285, 0, 0, 0
4406, 15279158, 0, 0, 0
4501, 11432468, 0, 0, 0
4600, 12568369, 0, 0, 0
4701, 17584203, 0, 0, 0
4801, 12572947, 0, 0, 0
4904, 11300659, 0, 0, 0
5002, 11417764, 0, 0, 0
5105, 13104999, 0, 0, 0
5200, 10694508, 0, 0, 0
5306, 13582295, 0, 0, 0
5400, 12621664, 0, 0, 0
5500, 15371038, 0, 0, 0
5600, 10729157, 0, 0, 0
5703, 12229204, 0, 0, 0
5807, 13168329, 0, 0, 0
5900, 14860263, 0, 0, 0
6008, 12488588, 0, 0, 0
6103, 14439842, 0, 0, 0
6204, 11880061, 0, 0, 0
6302, 11979308, 0, 0, 0
6415, 15282959, 0, 0, 0
6506, 13447074, 0, 0, 0
6605, 14979729, 0, 0, 0
6703, 11409778, 0, 0, 0
6800, 13100485, 0, 0, 0
6900, 13177951, 0, 0, 0
7000, 14955123, 0, 0, 0
7100, 12822455, 0, 0, 0
7206, 15062655, 0, 0, 0
7306, 12505226, 0, 0, 0
7407, 15441742, 0, 0, 0
7504, 14101698, 0, 0, 0
7601, 21369374, 0, 0, 0
7705, 16383802, 0, 0, 0
7803, 16838698, 0, 0, 0
7901, 11862578, 0, 0, 0
8005, 12698968, 0, 0, 0
8100, 11878890, 0, 0, 0
8200, 12524185, 0, 0, 0
8302, 11360406, 0, 0, 0
8402, 14755795, 0, 0, 0
8503, 12203449, 0, 0, 0
8600, 12649106, 0, 0, 0
8701, 14711824, 0, 0, 0
8804, 12538296, 0, 0, 0
8905, 14175397, 0, 0, 0
9003, 12530634, 0, 0, 0
9102, 12269167, 0, 0, 0
9202, 13157642, 0, 0, 0
9311, 16505220, 0, 0, 0
9402, 17134886, 0, 0, 0
9511, 14631938, 0, 0, 0
9601, 11595771, 0, 0, 0
9705, 17363504, 0, 0, 0
9805, 12644391, 0, 0, 0
9902, 15860282, 0, 0, 0
10001, 16511198, 0, 0, 0
10102, 15365103, 0, 0, 0
10203, 12847905, 0, 0, 0
10300, 12951910, 0, 0, 0
10402, 13706603, 0, 0, 0
10509, 15069402, 0, 0, 0
10603, 15554009, 0, 0, 0
10709, 13955933, 0, 0, 0
10801, 13557013, 0, 0, 0
10903, 10912870, 0, 0, 0
11000, 11959923, 0, 0, 0
11100, 11652580, 0, 0, 0
11202, 16084757, 0, 0, 0
11300, 13869588, 0, 0, 0
11400, 18188435, 0, 0, 0
11502, 16638498, 0, 0, 0
11607, 18507713, 0, 0, 0
11700, 11229116, 0, 0, 0
11801, 12495318, 0, 0, 0
11900, 13218493, 0, 0, 0
12001, 14603346, 0, 0, 0
12101, 18310980, 0, 0, 0
12201, 14865891, 0, 0, 0
12300, 16498569, 0, 0, 0
12403, 13309232, 0, 0, 0
12500, 15669149, 0, 0, 0
12601, 12776710, 0, 0, 0
12700, 10126192, 0, 0, 0
12803, 15892882, 0, 0, 0
12911, 15819017, 0, 0, 0
13001, 13277421, 0, 0, 0
13102, 12359329, 0, 0, 0
13201, 10709173, 0, 0, 0
13319, 19816888, 0, 0, 0
13400, 11437547, 0, 0, 0
13502, 10245524, 0, 0, 0
13601, 11861641, 0, 0, 0
13700, 13416735, 0, 0, 0
13810, 15330835, 0, 0, 0
13902, 12783898, 0, 0, 0
14006, 10802039, 0, 0, 0
14100, 11069473, 0, 0, 0
14204, 14650073, 0, 0, 0
14302, 15572155, 0, 0, 0
14405, 13432539, 0, 0, 0
14500, 11452556, 0, 0, 0
14613, 17206507, 0, 0, 0
14702, 13175341, 0, 0, 0
14800, 13264661, 0, 0, 0
14900, 11090733, 0, 0, 0
15009, 11166622, 0, 0, 0
15100, 14238609, 0, 0, 0
15201, 12328643, 0, 0, 0
15303, 12966949, 0, 0, 0
15401, 16979082, 0, 0, 0
15502, 11944250, 0, 0, 0
15601, 15890404, 0, 0, 0
15706, 13272357, 0, 0, 0
15806, 15107143, 0, 0, 0
15900, 11613544, 0, 0, 0
16001, 10081826, 0, 0, 0
16100, 15475533, 0, 0, 0
16211, 17955417, 0, 0, 0
16301, 15517540, 0, 0, 0
16400, 14899713, 0, 0, 0
16500, 10864215, 0, 0, 0
16605, 14562430, 0, 0, 0
16702, 12487460, 0, 0, 0
16801, 12628457, 0, 0, 0
16901, 11094791, 0, 0, 0
17001, 12438898, 0, 0, 0
17100, 11382843, 0, 0, 0
17204, 11954586, 0, 0, 0
17305, 12590053, 0, 0, 0
17408, 16257745, 0, 0, 0
17503, 15111131, 0, 0, 0
17611, 11049836, 0, 0, 0
17701, 15180082, 0, 0, 0
17801, 12552822, 0, 0, 0
17902, 14522778, 0, 0, 0
18001, 12606133, 0, 0, 0
18108, 12511417, 0, 0, 0
18206, 15207940, 0, 0, 0
18307, 14560789, 0, 0, 0
18400, 19420618, 0, 0, 0
18502, 12714758, 0, 0, 0
18601, 12770220, 0, 0, 0
18702, 20588987, 0, 0, 0
18801, 13264633, 0, 0, 0
18901, 12862902, 0, 0, 0
19000, 13769297, 0, 0, 0
19105, 11783785, 0, 0, 0
19200, 12831830, 0, 0, 0
19300, 13284978, 0, 0, 0
19401, 11503452, 0, 0, 0
19502, 8794713, 0, 0, 0
19604, 13726174, 0, 0, 0
19705, 19940394, 0, 0, 0
19804, 11789191, 0, 0, 0
19901, 12741049, 0, 0, 0
20004, 13458484, 0, 0, 0
20102, 12857200, 0, 0, 0
20201, 16595083, 0, 0, 0
20304, 11622923, 0, 0, 0
20405, 13204463, 0, 0, 0
20500, 13779876, 0, 0, 0
20603, 14645951, 0, 0, 0
20706, 14430307, 0, 0, 0
20803, 10746066, 0, 0, 0
20906, 26929107, 0, 0, 0
21001, 12500153, 0, 0, 0
21105, 14723524, 0, 0, 0
21204, 12202852, 0, 0, 0
21302, 13135773, 0, 0, 0
21404, 14628454, 0, 0, 0
21502, 15515121, 0, 0, 0
21602, 10584274, 0, 0, 0
21707, 10908891, 0, 0, 0
21804, 13551821, 0, 0, 0
21907, 13482998, 0, 0, 0
22002, 12683596, 0, 0, 0
22101, 10538466, 0, 0, 0
22208, 14544485, 0, 0, 0
22300, 13143810, 0, 0, 0
22404, 16656164, 0, 0, 0
22501, 12636131, 0, 0, 0
22604, 13085990, 0, 0, 0
22705, 11422152, 0, 0, 0
22804, 11249550, 0, 0, 0
22903, 9558452, 0, 0, 0
23006, 13000037, 0, 0, 0
23104, 10864608, 0, 0, 0
23203, 10601274, 0, 0, 0
23304, 13101703, 0, 0, 0
23400, 14603289, 0, 0, 0
23507, 15039834, 0, 0, 0
23600, 11612673, 0, 0, 0
23702, 13026243, 0, 0, 0
23800, 14066752, 0, 0, 0
23908, 10833888, 0, 0, 0
24002, 13653468, 0, 0, 0
24103, 15103322, 0, 0, 0
24209, 11841959, 0, 0, 0
24303, 12680210, 0, 0, 0
24402, 11971554, 0, 0, 0
24503, 11921044, 0, 0, 0
24602, 12885751, 0, 0, 0
24705, 12143741, 0, 0, 0
24809, 11588600, 0, 0, 0
24901, 12404711, 0, 0, 0
25002, 13030157, 0, 0, 0
25100, 12337886, 0, 0, 0
25205, 11244448, 0, 0, 0
25300, 14340725, 0, 0, 0
25400, 12827724, 0, 0, 0
25500, 12636550, 0, 0, 0
25601, 15949333, 0, 0, 0
25704, 13949355, 0, 0, 0
25800, 16911536, 0, 0, 0
25902, 13197099, 0, 0, 0
26000, 12162003, 0, 0, 0
26115, 14748741, 0, 0, 0
26201, 15390885, 0, 0, 0
26301, 14723245, 0, 0, 0
26401, 13129492, 0, 0, 0
26501, 13406064, 0, 0, 0
26601, 10518208, 0, 0, 0
26705, 15172230, 0, 0, 0
26800, 13672306, 0, 0, 0
26902, 11618478, 0, 0, 0
27003, 16817286, 0, 0, 0
27101, 12820199, 0, 0, 0
27201, 16483697, 0, 0, 0
27304, 12377853, 0, 0, 0
27405, 21255290, 0, 0, 0
27501, 14243285, 0, 0, 0
27604, 11693396, 0, 0, 0
27703, 13757079, 0, 0, 0
27800, 19128962, 0, 0, 0
27903, 13088890, 0, 0, 0
28002, 16664810, 0, 0, 0
28100, 12536645, 0, 0, 0
28206, 12383078, 0, 0, 0
28307, 26725106, 0, 0, 0
28404, 14057609, 0, 0, 0
28513, 11834794, 0, 0, 0
28606, 13050177, 0, 0, 0
28701, 13556992, 0, 0, 0
28808, 15574996, 0, 0, 0
28909, 16741163, 0, 0, 0
29003, 18732783, 0, 0, 0
29100, 14821301, 0, 0, 0
29202, 13609546, 0, 0, 0
29300, 12878041, 0, 0, 0
29400, 15457541, 0, 0, 0
29507, 14665567, 0, 0, 0
29603, 14927284, 0, 0, 0
29708, 15068675, 0, 0, 0
29800, 11694015, 0, 0, 0
29903, 12954527, 0, 0, 0
30005, 15811908, 0, 0, 0
30100, 12478031, 0, 0, 0
30204, 10935492, 0, 0, 0
30301, 11075641, 0, 0, 0
30405, 14005778, 0, 0, 0
30505, 11199688, 0, 0, 0
30605, 14746704, 0, 0, 0
30701, 26466090, 0, 0, 0
30801, 15870032, 0, 0, 0
30902, 19574405, 0, 0, 0
31002, 13491333, 0, 0, 0
31102, 11386353, 0, 0, 0
31204, 10022763, 0, 0, 0
31301, 13802249, 0, 0, 0
31404, 12548467, 0, 0, 0
31503, 15097002, 0, 0, 0
31609, 15605058, 0, 0, 0
31702, 12510244, 0, 0, 0
31801, 12746032, 0, 0, 0
31902, 13987282, 0, 0, 0
32003, 10314335, 0, 0, 0
32104, 9668825, 0, 0, 0
32210, 12574978, 0, 0, 0
32301, 14417835, 0, 0, 0
32402, 11821443, 0, 0, 0
32503, 11207533, 0, 0, 0
32603, 11763902, 0, 0, 0
32702, 13543504, 0, 0, 0
32801, 14470840, 0, 0, 0
32900, 18300393, 0, 0, 0
33001, 12784329, 0, 0, 0
33102, 14025061, 0, 0, 0
33205, 11319699, 0, 0, 0
33307, 12581802, 0, 0, 0
33401, 14864942, 0, 0, 0
33500, 14246789, 0, 0, 0
33602, 16127226, 0, 0, 0
33701, 12280293, 0, 0, 0
33800, 13998473, 0, 0, 0
33900, 13979024, 0, 0, 0
34004, 12298274, 0, 0, 0
34101, 16759704, 0, 0, 0
34200, 15724815, 0, 0, 0
34303, 12100340, 0, 0, 0
34400, 13894504, 0, 0, 0
34501, 11688277, 0, 0, 0
34600, 10522956, 0, 0, 0
34701, 12172162, 0, 0, 0
34800, 11914691, 0, 0, 0
34909, 14808606, 0, 0, 0
35000, 14309874, 0, 0, 0
35101, 13609506, 0, 0, 0
35200, 11547240, 0, 0, 0
35301, 28648621, 0, 0, 0
35402, 15102504, 0, 0, 0
35502, 10314757, 0, 0, 0
35600, 11944397, 0, 0, 0
35702, 14358308, 0, 0, 0
35803, 14968836, 0, 0, 0
35924, 13216033, 0, 0, 0
36004, 14908073, 0, 0, 0
36103, 14744013, 0, 0, 0
36202, 14266424, 0, 0, 0
36313, 11531184, 0, 0, 0
36400, 17455456, 0, 0, 0
36502, 16846487, 0, 0, 0
36603, 13786902, 0, 0, 0
36705, 15075657, 0, 0, 0
36802, 16072438, 0, 0, 0
36901, 14894889, 0, 0, 0
37007, 13376467, 0, 0, 0
37102, 13921753, 0, 0, 0
37203, 13853121, 0, 0, 0
37301, 30159570, 0, 0, 0
37401, 12998225, 0, 0, 0
37510, 16590691, 0, 0, 0
37602, 23982258, 0, 0, 0
37700, 12594412, 0, 0, 0
37805, 14851615, 0, 0, 0
37906, 16146232, 0, 0, 0
38000, 12769618, 0, 0, 0
38105, 15627591, 0, 0, 0
38201, 13072802, 0, 0, 0
38302, 12925759, 0, 0, 0
38402, 13999717, 0, 0, 0
38503, 17301741, 0, 0, 0
38601, 12146073, 0, 0, 0
38700, 12015749, 0, 0, 0
38802, 11359900, 0, 0, 0
38906, 14107014, 0, 0, 0
39000, 17680067, 0, 0, 0
39102, 21354160, 0, 0, 0
39203, 15410857, 0, 0, 0
39304, 13085933, 0, 0, 0
39405, 12824935, 0, 0, 0
39505, 13136361, 0, 0, 0
39601, 13845265, 0, 0, 0
39701, 13190842, 0, 0, 0
39803, 10716109, 0, 0, 0
39915, 13545623, 0, 0, 0
40007, 11917930, 0, 0, 0
40101, 12808235, 0, 0, 0
40204, 11784159, 0, 0, 0
40303, 12980014, 0, 0, 0
40404, 15358316, 0, 0, 0
40503, 14175475, 0, 0, 0
40605, 12021279, 0, 0, 0
40703, 15893537, 0, 0, 0
40800, 16798519, 0, 0, 0
40900, 13390532, 0, 0, 0
41000, 16898609, 0, 0, 0
41123, 17815790, 0, 0, 0
41201, 18493749, 0, 0, 0
41302, 16849441, 0, 0, 0
41404, 11745468, 0, 0, 0
41501, 17913435, 0, 0, 0
41602, 11907743, 0, 0, 0
41702, 13151627, 0, 0, 0
41812, 14484865, 0, 0, 0
41900, 16802208, 0, 0, 0
42004, 10875512, 0, 0, 0
42100, 11581724, 0, 0, 0
42202, 11418310, 0, 0, 0
42303, 11795536, 0, 0, 0
42400, 16962976, 0, 0, 0
42500, 13882031, 0, 0, 0
42604, 15896553, 0, 0, 0
42708, 12092321, 0, 0, 0
42800, 10297811, 0, 0, 0
42907, 11927868, 0, 0, 0
43000, 13031164, 0, 0, 0
43101, 11696109, 0, 0, 0
43204, 19388574, 0, 0, 0
43302, 10764674, 0, 0, 0
43403, 14073971, 0, 0, 0
43500, 12650153, 0, 0, 0
43602, 12828331, 0, 0, 0
43711, 14578839, 0, 0, 0
43801, 18615666, 0, 0, 0
43900, 12639465, 0, 0, 0
44000, 13739663, 0, 0, 0
44114, 12377684, 0, 0, 0
44200, 27416406, 0, 0, 0
44300, 13412538, 0, 0, 0
44403, 15566688, 0, 0, 0
44504, 10932990, 0, 0, 0
44605, 10847931, 0, 0, 0
44709, 14976244, 0, 0, 0
44803, 17472194, 0, 0, 0
44911, 15412803, 0, 0, 0
45003, 12330382, 0, 0, 0
45100, 14936098, 0, 0, 0
45202, 13451680, 0, 0, 0
45303, 13275166, 0, 0, 0
45402, 12909986, 0, 0, 0
45504, 16748718, 0, 0, 0
45612, 23013676, 0, 0, 0
45707, 12175475, 0, 0, 0
45800, 10898546, 0, 0, 0
45904, 13028371, 0, 0, 0
46001, 17318911, 0, 0, 0
46102, 13472720, 0, 0, 0
46200, 10881633, 0, 0, 0
46301, 11732897, 0, 0, 0
46403, 14377453, 0, 0, 0
46505, 11659623, 0, 0, 0
46600, 13309856, 0, 0, 0
46708, 11749665, 0, 0, 0
46804, 16252908, 0, 0, 0
46903, 13689317, 0, 0, 0
47000, 11365164, 0, 0, 0
47107, 12957176, 0, 0, 0
47203, 11415092, 0, 0, 0
47303, 13655909, 0, 0, 0
47407, 13289874, 0, 0, 0
47500, 12310646, 0, 0, 0
47602, 11019121, 0, 0, 0
47703, 10824371, 0, 0, 0
47803, 12706349, 0, 0, 0
47900, 12843470, 0, 0, 0
48003, 12701469, 0, 0, 0
48101, 9709408, 0, 0, 0
48200, 15510286, 0, 0, 0
48304, 13728651, 0, 0, 0
48411, 21258994, 0, 0, 0
48504, 15922866, 0, 0, 0
48603, 17231988, 0, 0, 0
48702, 15368028, 0, 0, 0
48806, 12636611, 0, 0, 0
48901, 13283450, 0, 0, 0
49001, 9658035, 0, 0, 0
49105, 10251782, 0, 0, 0
49201, 10944155, 0, 0, 0
49302, 11998976, 0, 0, 0
49406, 15729570, 0, 0, 0
49501, 12361251, 0, 0, 0
49602, 15866663, 0, 0, 0
49700, 10818396, 0, 0, 0
49803, 19144859, 0, 0, 0
49911, 17051384, 0, 0, 0
50003, 12164269, 0, 0, 0
50101, 12323070, 0, 0, 0
50200, 11325372, 0, 0, 0
50303, 12934886, 0, 0, 0
50405, 16455252, 0, 0, 0
50507, 14597500, 0, 0, 0
50602, 14728139, 0, 0, 0
50700, 12055187, 0, 0, 0
50802, 11588850, 0, 0, 0
50901, 12252802, 0, 0, 0
51002, 18442600, 0, 0, 0
51101, 12288058, 0, 0, 0
51200, 18617688, 0, 0, 0
51301, 11192029, 0, 0, 0
51402, 12840337, 0, 0, 0
51507, 13385744, 0, 0, 0
51605, 12701766, 0, 0, 0
51702, 12154499, 0, 0, 0
51802, 11757431, 0, 0, 0
51904, 13039979, 0, 0, 0
52000, 11893422, 0, 0, 0
52101, 14357341, 0, 0, 0
52201, 13582828, 0, 0, 0
52311, 17456352, 0, 0, 0
52400, 17162011, 0, 0, 0
52501, 11605378, 0, 0, 0
52605, 13112393, 0, 0, 0
52700, 11187877, 0, 0, 0
52806, 12917256, 0, 0, 0
52900, 16845106, 0, 0, 0
53004, 11515072, 0, 0, 0
53102, 15196838, 0, 0, 0
53201, 12790147, 0, 0, 0
53304, 13266514, 0, 0, 0
53400, 13102255, 0, 0, 0
53503, 13681434, 0, 0, 0
53600, 16745234, 0, 0, 0
53701, 14969045, 0, 0, 0
53806, 17784331, 0, 0, 0
53902, 15031613, 0, 0, 0
54003, 14043120, 0, 0, 0
54100, 13964847, 0, 0, 0
54202, 13578095, 0, 0, 0
54301, 22995497, 0, 0, 0
54401, 14912151, 0, 0, 0
54545, 12785034, 0, 0, 0
54605, 19694621, 0, 0, 0
54701, 14458761, 0, 0, 0
54808, 18908485, 0, 0, 0
54903, 11445224, 0, 0, 0
55011, 18725363, 0, 0, 0
55102, 14551418, 0, 0, 0
55206, 15517284, 0, 0, 0
55302, 15216009, 0, 0, 0
55405, 13042241, 0, 0, 0
55502, 12927959, 0, 0, 0
55603, 11416825, 0, 0, 0
55708, 32535538, 0, 0, 0
55807, 14929810, 0, 0, 0
55903, 12720394, 0, 0, 0
56004, 13208346, 0, 0, 0
56100, 13436193, 0, 0, 0
56202, 15773857, 0, 0, 0
56303, 14899498, 0, 0, 0
56404, 13322377, 0, 0, 0
56500, 11406758, 0, 0, 0
56601, 12388264, 0, 0, 0
56703, 11293951, 0, 0, 0
56805, 12477507, 0, 0, 0
56900, 15460350, 0, 0, 0
57005, 15254693, 0, 0, 0
57104, 11924685, 0, 0, 0
57203, 13056885, 0, 0, 0
57301, 14497607, 0, 0, 0
57406, 14346781, 0, 0, 0
57503, 13465211, 0, 0, 0
57603, 13791683, 0, 0, 0
57700, 13910240, 0, 0, 0
57802, 10823627, 0, 0, 0
57904, 13165115, 0, 0, 0
58003, 13665233, 0, 0, 0
58101, 10763447, 0, 0, 0
58204, 12079822, 0, 0, 0
58302, 11665999, 0, 0, 0
58402, 11177286, 0, 0, 0
58503, 13551264, 0, 0, 0
58602, 12327755, 0, 0, 0
58702, 11571832, 0, 0, 0
58800, 13104762, 0, 0, 0
58905, 16941965, 0, 0, 0
59000, 14554141, 0, 0, 0
59100, 14505910, 0, 0, 0
59202, 19483856, 0, 0, 0
59303, 13060994, 0, 0, 0
59404, 11773537, 0, 0, 0
59500, 12180937, 0, 0, 0
59608, 12816114, 0, 0, 0
59709, 16087784, 0, 0, 0
59801, 13313245, 0, 0, 0
59906, 11544565, 0, 0, 0
60000, 15242770, 0, 0, 0
60102, 12237230, 0, 0, 0
60206, 13598262, 0, 0, 0
60302, 15626871, 0, 0, 0
60400, 10795994, 0, 0, 0
60500, 12720209, 0, 0, 0
60604, 14565178, 0, 0, 0
60702, 12666696, 0, 0, 0
60804, 14568577, 0, 0, 0
60904, 13373180, 0, 0, 0
61001, 11378308, 0, 0, 0
61100, 12340452, 0, 0, 0
61200, 16394059, 0, 0, 0
61300, 13659990, 0, 0, 0
61404, 10675331, 0, 0, 0
61507, 13327223, 0, 0, 0
61601, 11829224, 0, 0, 0
61705, 11408509, 0, 0, 0
61801, 12057047, 0, 0, 0
61904, 15668043, 0, 0, 0
62001, 13565347, 0, 0, 0
62106, 16424463, 0, 0, 0
62204, 17472387, 0, 0, 0
62301, 15844329, 0, 0, 0
62400, 11962537, 0, 0, 0
62500, 11463021, 0, 0, 0
62600, 10988853, 0, 0, 0
62700, 10394169, 0, 0, 0
62800, 14776610, 0, 0, 0
62906, 12715894, 0, 0, 0
63003, 14664041, 0, 0, 0
63104, 11703333, 0, 0, 0
63204, 13503725, 0, 0, 0
63301, 14406568, 0, 0, 0
63404, 14225448, 0, 0, 0
63514, 13069475, 0, 0, 0
63604, 13480646, 0, 0, 0
63702, 13001351, 0, 0, 0
63801, 13532015, 0, 0, 0
63901, 12272628, 0, 0, 0
64000, 14709999, 0, 0, 0
64102, 12901195, 0, 0, 0
64201, 10963723, 0, 0, 0
64307, 12790772, 0, 0, 0
64401, 11323217, 0, 0, 0
64502, 14554267, 0, 0, 0
64600, 12359459, 0, 0, 0
64707, 11448493, 0, 0, 0
64807, 12033350, 0, 0, 0
64901, 12474481, 0, 0, 0
65000, 14605269, 0, 0, 0
65102, 13141601, 0, 0, 0
65200, 12091419, 0, 0, 0
65301, 11964150, 0, 0, 0
65404, 12161912, 0, 0, 0
65500, 15062244, 0, 0, 0
65604, 12116630, 0, 0, 0
65703, 19997986, 0, 0, 0
65809, 13015462, 0, 0, 0
65900, 12642498, 0, 0, 0
66000, 14782357, 0, 0, 0
66104, 12182106, 0, 0, 0
66201, 13495967, 0, 0, 0
66302, 13650266, 0, 0, 0
66404, 13425865, 0, 0, 0
66500, 11621561, 0, 0, 0
66603, 13172440, 0, 0, 0
66705, 16161358, 0, 0, 0
66801, 13475595, 0, 0, 0
66903, 14336077, 0, 0, 0
67005, 25405299, 0, 0, 0
67101, 14400460, 0, 0, 0
67201, 15073957, 0, 0, 0
67307, 12217483, 0, 0, 0
67400, 14815403, 0, 0, 0
67504, 11476628, 0, 0, 0
67609, 14198072, 0, 0, 0
67703, 11578439, 0, 0, 0
67805, 15226500, 0, 0, 0
67907, 11098860, 0, 0, 0
68001, 13421135, 0, 0, 0
68101, 10561219, 0, 0, 0
68208, 12375558, 0, 0, 0
68300, 16636415, 0, 0, 0
68401, 14759870, 0, 0, 0
68500, 12447491, 0, 0, 0
68606, 13235090, 0, 0, 0
68702, 11415927, 0, 0, 0
68802, 9109372, 0, 0, 0
68902, 11137497, 0, 0, 0
69002, 15271857, 0, 0, 0
69103, 12106940, 0, 0, 0
69205, 13841112, 0, 0, 0
69303, 12484228, 0, 0, 0
69400, 15443105, 0, 0, 0
69501, 12010225, 0, 0, 0
69602, 12572952, 0, 0, 0
69708, 13893063, 0, 0, 0
69804, 11947041, 0, 0, 0
69900, 11654933, 0, 0, 0
70002, 11208057, 0, 0, 0
70104, 10859452, 0, 0, 0
70202, 15627356, 0, 0, 0
70301, 17511076, 0, 0, 0
70402, 11981741, 0, 0, 0
70503, 11272976, 0, 0, 0
70602, 12030309, 0, 0, 0
70702, 22029944, 0, 0, 0
70801, 14633998, 0, 0, 0
70901, 11801711, 0, 0, 0
71010, 13343355, 0, 0, 0
71103, 12058481, 0, 0, 0
71204, 10169129, 0, 0, 0
71305, 12817279, 0, 0, 0
71403, 13851927, 0, 0, 0
71500, 12850650, 0, 0, 0
71602, 12620677, 0, 0, 0
71729, 12606393, 0, 0, 0
71803, 16063878, 0, 0, 0
71901, 11216029, 0, 0, 0
72002, 15067869, 0, 0, 0
72105, 16845224, 0, 0, 0
72202, 13520633, 0, 0, 0
72301, 14015389, 0, 0, 0
72404, 25825378, 0, 0, 0
72500, 11008217, 0, 0, 0
72600, 14989696, 0, 0, 0
72704, 15269532, 0, 0, 0
72802, 11088903, 0, 0, 0
72905, 12106292, 0, 0, 0
73004, 12614366, 0, 0, 0
73101, 16903373, 0, 0, 0
73200, 13249160, 0, 0, 0
73303, 12449482, 0, 0, 0
73404, 11872427, 0, 0, 0
73500, 11446817, 0, 0, 0
73600, 10625449, 0, 0, 0
73702, 12171920, 0, 0, 0
73801, 13275420, 0, 0, 0
73904, 15130489, 0, 0, 0
74009, 14921170, 0, 0, 0
74106, 12842947, 0, 0, 0
74200, 11985927, 0, 0, 0
74300, 11373106, 0, 0, 0
74402, 12564096, 0, 0, 0
74505, 13245333, 0, 0, 0
74601, 14028295, 0, 0, 0
74703, 14962928, 0, 0, 0
74801, 15199428, 0, 0, 0
74901, 15963116, 0, 0, 0
75000, 14534449, 0, 0, 0
75112, 14498751, 0, 0, 0
75206, 20317044, 0, 0, 0
75302, 16833945, 0, 0, 0
75404, 17000833, 0, 0, 0
75503, 18912694, 0, 0, 0
75602, 11753491, 0, 0, 0
75701, 13046677, 0, 0, 0
75800, 12728486, 0, 0, 0
75919, 12200735, 0, 0, 0
76002, 12054489, 0, 0, 0
76107, 16119594, 0, 0, 0
76201, 11233615, 0, 0, 0
76302, 15532374, 0, 0, 0
76400, 12027028, 0, 0, 0
76504, 13376268, 0, 0, 0
76602, 19644550, 0, 0, 0
76704, 13217469, 0, 0, 0
76801, 11810897, 0, 0, 0
76906, 14374431, 0, 0, 0
77000, 15203268, 0, 0, 0
77100, 13752857, 0, 0, 0
77203, 14329457, 0, 0, 0
77305, 15406748, 0, 0, 0
77405, 16414206, 0, 0, 0
77507, 17232653, 0, 0, 0
77601, 20802721, 0, 0, 0
77702, 10874484, 0, 0, 0
77803, 12879350, 0, 0, 0
77901, 16705623, 0, 0, 0
78000, 12391659, 0, 0, 0
78117, 13237823, 0, 0, 0
78203, 16228121, 0, 0, 0
78303, 12405238, 0, 0, 0
78400, 14260164, 0, 0, 0
78501, 11691669, 0, 0, 0
78602, 12882968, 0, 0, 0
78702, 15023712, 0, 0, 0
78808, 14248039, 0, 0, 0
78904, 12472421, 0, 0, 0
79004, 13438210, 0, 0, 0
79101, 12798429, 0, 0, 0
79201, 10533683, 0, 0, 0
79300, 13691272, 0, 0, 0
79401, 11579462, 0, 0, 0
79505, 12177077, 0, 0, 0
79606, 13786374, 0, 0, 0
79709, 14572445, 0, 0, 0
79801, 14422179, 0, 0, 0
79905, 15114922, 0, 0, 0
80002, 13967653, 0, 0, 0
80105, 14653919, 0, 0, 0
80201, 15901909, 0, 0, 0
80301, 12769232, 0, 0, 0
80401, 12199454, 0, 0, 0
80501, 15622698, 0, 0, 0
80602, 12203002, 0, 0, 0
80700, 12013144, 0, 0, 0
80805, 14229011, 0, 0, 0
80901, 13230461, 0, 0, 0
81001, 11272372, 0, 0, 0
81107, 10676392, 0, 0, 0
81200, 13013769, 0, 0, 0
81300, 12791417, 0, 0, 0
81400, 17297426, 0, 0, 0
81503, 12455341, 0, 0, 0
81601, 13910513, 0, 0, 0
81701, 11534741, 0, 0, 0
81803, 13932211, 0, 0, 0
81901, 16701015, 0, 0, 0
82001, 13558422, 0, 0, 0
82104, 11910184, 0, 0, 0
82212, 14824359, 0, 0, 0
82301, 12064221, 0, 0, 0
82414, 14096065, 0, 0, 0
82501, 17264818, 0, 0, 0
82600, 10918945, 0, 0, 0
82703, 11975226, 0, 0, 0
82802, 12243593, 0, 0, 0
82906, 14064359, 0, 0, 0
83001, 11847702, 0, 0, 0
83101, 16267755, 0, 0, 0
83200, 11519481, 0, 0, 0
83303, 11270055, 0, 0, 0
83401, 11665994, 0, 0, 0
83504, 14030213, 0, 0, 0
83600, 15246660, 0, 0, 0
83702, 10988751, 0, 0, 0
83804, 11017550, 0, 0, 0
83903, 12765780, 0, 0, 0
84001, 11325411, 0, 0, 0
84105, 13080859, 0, 0, 0
84201, 17817077, 0, 0, 0
84308, 12355915, 0, 0, 0
84411, 12654332, 0, 0, 0
84506, 19681581, 0, 0, 0
84606, 21175289, 0, 0, 0
84702, 15087621, 0, 0, 0
84801, 14610437, 0, 0, 0
84902, 11350182, 0, 0, 0
85005, 9987062, 0, 0, 0
85106, 12474077, 0, 0, 0
85202, 13137537, 0, 0, 0
85302, 12192157, 0, 0, 0
85403, 16083348, 0, 0, 0
85500, 13710146, 0, 0, 0
85606, 14017065, 0, 0, 0
85700, 11830141, 0, 0, 0
85800, 13367661, 0, 0, 0
85901, 10259411, 0, 0, 0
86003, 12117986, 0, 0, 0
86114, 13152556, 0, 0, 0
86200, 14618991, 0, 0, 0
86300, 12621338, 0, 0, 0
86407, 12720107, 0, 0, 0
86501, 17088510, 0, 0, 0
86602, 14145468, 0, 0, 0
86702, 14644596, 0, 0, 0
86802, 12266710, 0, 0, 0
86900, 13566480, 0, 0, 0
87001, 15291531, 0, 0, 0
87102, 10786063, 0, 0, 0
87205, 15230232, 0, 0, 0
87308, 11770702, 0, 0, 0
87401, 10394168, 0, 0, 0
87500, 13602305, 0, 0, 0
87603, 14497687, 0, 0, 0
87702, 12453795, 0, 0, 0
87802, 12386226, 0, 0, 0
87903, 14266773, 0, 0, 0
88008, 12979112, 0, 0, 0
88103, 13362860, 0, 0, 0
88200, 14485696, 0, 0, 0
88301, 10672602, 0, 0, 0
88412, 12015184, 0, 0, 0
88502, 15170188, 0, 0, 0
88602, 13015611, 0, 0, 0
88700, 11654090, 0, 0, 0
88800, 10333196, 0, 0, 0
88904, 12331810, 0, 0, 0
89009, 12578348, 0, 0, 0
89100, 18154257, 0, 0, 0
89202, 12199561, 0, 0, 0
89302, 9799108, 0, 0, 0
89405, 14982761, 0, 0, 0
89500, 12610887, 0, 0, 0
89618, 21555498, 0, 0, 0
89701, 17439102, 0, 0, 0
89803, 13535001, 0, 0, 0
89904, 11734937, 0, 0, 0
90000, 22897510, 0, 0, 0
90008, 11816824, 0, 0, 0
