250, 24448, 0, 0, 0
250, 9344, 1, 0, 0
350, 22560, 0, 0, 0
350, 10240, 1, 0, 0
450, 20960, 0, 0, 0
450, 11360, 1, 0, 0
550, 22400, 0, 0, 0
550, 10560, 1, 0, 0
650, 23840, 0, 0, 0
650, 10240, 1, 0, 0
749, 19070, 0, 0, 0
749, 9373, 1, 0, 0
849, 25440, 0, 0, 0
849, 9600, 1, 0, 0
949, 21600, 0, 0, 0
949, 10240, 1, 0, 0
1049, 25120, 0, 0, 0
1049, 9120, 1, 0, 0
1149, 24320, 0, 0, 0
1149, 9600, 1, 0, 0
1249, 13280, 0, 0, 0
1249, 7040, 1, 0, 0
1349, 1760, 0, 0, 0
1349, 640, 1, 0, 0
1449, 13440, 0, 0, 0
1449, 6720, 1, 0, 0
1550, 22240, 0, 0, 0
1550, 10080, 1, 0, 0
1650, 24800, 0, 0, 0
1650, 8480, 1, 0, 0
1749, 26828, 0, 0, 0
1749, 8888, 1, 0, 0
1849, 22560, 0, 0, 0
1849, 10880, 1, 0, 0
1949, 26720, 0, 0, 0
1949, 9760, 1, 0, 0
2049, 23840, 0, 0, 0
2049, 10080, 1, 0, 0
2149, 19840, 0, 0, 0
2149, 8960, 1, 0, 0
2249, 24320, 0, 0, 0
2249, 9440, 1, 0, 0
2349, 23200, 0, 0, 0
2349, 9120, 1, 0, 0
2449, 24640, 0, 0, 0
2449, 9920, 1, 0, 0
2549, 24320, 0, 0, 0
2549, 9280, 1, 0, 0
2649, 21600, 0, 0, 0
2649, 10240, 1, 0, 0
2749, 23840, 0, 0, 0
2749, 10560, 1, 0, 0
2849, 26400, 0, 0, 0
2849, 8800, 1, 0, 0
2949, 22560, 0, 0, 0
2949, 10880, 1, 0, 0
3050, 23040, 0, 0, 0
3050, 9280, 1, 0, 0
3150, 18720, 0, 0, 0
3150, 9440, 1, 0, 0
3249, 11636, 0, 0, 0
3249, 5979, 1, 0, 0
3349, 23680, 0, 0, 0
3349, 9280, 1, 0, 0
3449, 23360, 0, 0, 0
3449, 8160, 1, 0, 0
3549, 23040, 0, 0, 0
3549, 10080, 1, 0, 0
3649, 23360, 0, 0, 0
3649, 7040, 1, 0, 0
3749, 21760, 0, 0, 0
3749, 10720, 1, 0, 0
3849, 24320, 0, 0, 0
3849, 9280, 1, 0, 0
3949, 24160, 0, 0, 0
3949, 8640, 1, 0, 0
4049, 21920, 0, 0, 0
4049, 8640, 1, 0, 0
4149, 22400, 0, 0, 0
4149, 10560, 1, 0, 0
4250, 22880, 0, 0, 0
4250, 10720, 1, 0, 0
4350, 21600, 0, 0, 0
4350, 11040, 1, 0, 0
4450, 24160, 0, 0, 0
4450, 10400, 1, 0, 0
4550, 21120, 0, 0, 0
4550, 10720, 1, 0, 0
4650, 23680, 0, 0, 0
4650, 9920, 1, 0, 0
4749, 21979, 0, 0, 0
4749, 10666, 1, 0, 0
4849, 20800, 0, 0, 0
4849, 11520, 1, 0, 0
4949, 25120, 0, 0, 0
4949, 9920, 1, 0, 0
5049, 24320, 0, 0, 0
5049, 10880, 1, 0, 0
5149, 23840, 0, 0, 0
5149, 10240, 1, 0, 0
5249, 23360, 0, 0, 0
5249, 10400, 1, 0, 0
5349, 21920, 0, 0, 0
5349, 11200, 1, 0, 0
5449, 25120, 0, 0, 0
5449, 9440, 1, 0, 0
5550, 26560, 0, 0, 0
5550, 9920, 1, 0, 0
5650, 24160, 0, 0, 0
5650, 10720, 1, 0, 0
5749, 22626, 0, 0, 0
5749, 10505, 1, 0, 0
5849, 14240, 0, 0, 0
5849, 6400, 1, 0, 0
5949, 28000, 0, 0, 0
5949, 9440, 1, 0, 0
6049, 24800, 0, 0, 0
6049, 10560, 1, 0, 0
6149, 21280, 0, 0, 0
6149, 11200, 1, 0, 0
6249, 23040, 0, 0, 0
6249, 11040, 1, 0, 0
6349, 9920, 0, 0, 0
6349, 3040, 1, 0, 0
6449, 12800, 0, 0, 0
6449, 7200, 1, 0, 0
6549, 27680, 0, 0, 0
6549, 9120, 1, 0, 0
6649, 19360, 0, 0, 0
6649, 12320, 1, 0, 0
6750, 25120, 0, 0, 0
6750, 10400, 1, 0, 0
6850, 23840, 0, 0, 0
6850, 10400, 1, 0, 0
6950, 27360, 0, 0, 0
6950, 9920, 1, 0, 0
7050, 22720, 0, 0, 0
7050, 11040, 1, 0, 0
7150, 24800, 0, 0, 0
7150, 10080, 1, 0, 0
7249, 20363, 0, 0, 0
7249, 8242, 1, 0, 0
7349, 25280, 0, 0, 0
7349, 9760, 1, 0, 0
7449, 22080, 0, 0, 0
7449, 10560, 1, 0, 0
7549, 23040, 0, 0, 0
7549, 9280, 1, 0, 0
7649, 22240, 0, 0, 0
7649, 11520, 1, 0, 0
7749, 26400, 0, 0, 0
7749, 9920, 1, 0, 0
7849, 23040, 0, 0, 0
7849, 11040, 1, 0, 0
7950, 26080, 0, 0, 0
7950, 8800, 1, 0, 0
8050, 22080, 0, 0, 0
8050, 11520, 1, 0, 0
8150, 24480, 0, 0, 0
8150, 11040, 1, 0, 0
8249, 14545, 0, 0, 0
8249, 6626, 1, 0, 0
8349, 11360, 0, 0, 0
8349, 5600, 1, 0, 0
8449, 14880, 0, 0, 0
8449, 7200, 1, 0, 0
8549, 23360, 0, 0, 0
8549, 11040, 1, 0, 0
8649, 24960, 0, 0, 0
8649, 9920, 1, 0, 0
8749, 20480, 0, 0, 0
8749, 10560, 1, 0, 0
8849, 20160, 0, 0, 0
8849, 11680, 1, 0, 0
8949, 24320, 0, 0, 0
8949, 10720, 1, 0, 0
9049, 18400, 0, 0, 0
9049, 12000, 1, 0, 0
9149, 25280, 0, 0, 0
9149, 9440, 1, 0, 0
9250, 24800, 0, 0, 0
9250, 10560, 1, 0, 0
9350, 29120, 0, 0, 0
9350, 8320, 1, 0, 0
9450, 23520, 0, 0, 0
9450, 11040, 1, 0, 0
9550, 24640, 0, 0, 0
9550, 10720, 1, 0, 0
9650, 21120, 0, 0, 0
9650, 11680, 1, 0, 0
9749, 24727, 0, 0, 0
9749, 10020, 1, 0, 0
9849, 22880, 0, 0, 0
9849, 9760, 1, 0, 0
9949, 22560, 0, 0, 0
9949, 11040, 1, 0, 0
10049, 27520, 0, 0, 0
10049, 9280, 1, 0, 0
10149, 25920, 0, 0, 0
10149, 8160, 1, 0, 0
10249, 24320, 0, 0, 0
10249, 10240, 1, 0, 0
10349, 23520, 0, 0, 0
10349, 10720, 1, 0, 0
10449, 19840, 0, 0, 0
10449, 9760, 1, 0, 0
10550, 27040, 0, 0, 0
10550, 9600, 1, 0, 0
10650, 22720, 0, 0, 0
10650, 11360, 1, 0, 0
10749, 25050, 0, 0, 0
10749, 10989, 1, 0, 0
10849, 24480, 0, 0, 0
10849, 10560, 1, 0, 0
10949, 25440, 0, 0, 0
10949, 10080, 1, 0, 0
11049, 24640, 0, 0, 0
11049, 10880, 1, 0, 0
11149, 25440, 0, 0, 0
11149, 9920, 1, 0, 0
11249, 24000, 0, 0, 0
11249, 10400, 1, 0, 0
11349, 12480, 0, 0, 0
11349, 2560, 1, 0, 0
11449, 3840, 0, 0, 0
11449, 1440, 1, 0, 0
11549, 5760, 0, 0, 0
11549, 2720, 1, 0, 0
11649, 17920, 0, 0, 0
11649, 8000, 1, 0, 0
11750, 22560, 0, 0, 0
11750, 11200, 1, 0, 0
11850, 22560, 0, 0, 0
11850, 10720, 1, 0, 0
11950, 23520, 0, 0, 0
11950, 11520, 1, 0, 0
12050, 25760, 0, 0, 0
12050, 10080, 1, 0, 0
12150, 19360, 0, 0, 0
12150, 11840, 1, 0, 0
12249, 23919, 0, 0, 0
12249, 7919, 1, 0, 0
12349, 22240, 0, 0, 0
12349, 9440, 1, 0, 0
12449, 29440, 0, 0, 0
12449, 8320, 1, 0, 0
12549, 22880, 0, 0, 0
12549, 11200, 1, 0, 0
12649, 21120, 0, 0, 0
12649, 10240, 1, 0, 0
12749, 23520, 0, 0, 0
12749, 10560, 1, 0, 0
12849, 24000, 0, 0, 0
12849, 9440, 1, 0, 0
12949, 29280, 0, 0, 0
12949, 8960, 1, 0, 0
13049, 23680, 0, 0, 0
13049, 9120, 1, 0, 0
13150, 23200, 0, 0, 0
13150, 10400, 1, 0, 0
13250, 24160, 0, 0, 0
13250, 9920, 1, 0, 0
13350, 3040, 0, 0, 0
13350, 1120, 1, 0, 0
13450, 3360, 0, 0, 0
13450, 1920, 1, 0, 0
13550, 6080, 0, 0, 0
13550, 2720, 1, 0, 0
13650, 15680, 0, 0, 0
13650, 5920, 1, 0, 0
13749, 23757, 0, 0, 0
13749, 7919, 1, 0, 0
13849, 19840, 0, 0, 0
13849, 9600, 1, 0, 0
13949, 26720, 0, 0, 0
13949, 10400, 1, 0, 0
14049, 26720, 0, 0, 0
14049, 10560, 1, 0, 0
14149, 26720, 0, 0, 0
14149, 10240, 1, 0, 0
14249, 27200, 0, 0, 0
14249, 10080, 1, 0, 0
14349, 26720, 0, 0, 0
14349, 9600, 1, 0, 0
14449, 25920, 0, 0, 0
14449, 9760, 1, 0, 0
14550, 24800, 0, 0, 0
14550, 9920, 1, 0, 0
14650, 25120, 0, 0, 0
14650, 10720, 1, 0, 0
14749, 26181, 0, 0, 0
14749, 10020, 1, 0, 0
14849, 25280, 0, 0, 0
14849, 9120, 1, 0, 0
14949, 27360, 0, 0, 0
14949, 9600, 1, 0, 0
15049, 27520, 0, 0, 0
15049, 9280, 1, 0, 0
15149, 23040, 0, 0, 0
15149, 8480, 1, 0, 0
15249, 10560, 0, 0, 0
15249, 3840, 1, 0, 0
15349, 22560, 0, 0, 0
15349, 10720, 1, 0, 0
15449, 24640, 0, 0, 0
15449, 10240, 1, 0, 0
15549, 22080, 0, 0, 0
15549, 9280, 1, 0, 0
15649, 22720, 0, 0, 0
15649, 10560, 1, 0, 0
15750, 25760, 0, 0, 0
15750, 10080, 1, 0, 0
15850, 24960, 0, 0, 0
15850, 9440, 1, 0, 0
15950, 26720, 0, 0, 0
15950, 9920, 1, 0, 0
16050, 25760, 0, 0, 0
16050, 8800, 1, 0, 0
16150, 20960, 0, 0, 0
16150, 11840, 1, 0, 0
16249, 26989, 0, 0, 0
16249, 10343, 1, 0, 0
16349, 12800, 0, 0, 0
16349, 4640, 1, 0, 0
16449, 8480, 0, 0, 0
16449, 4000, 1, 0, 0
16549, 22080, 0, 0, 0
16549, 8800, 1, 0, 0
16649, 17280, 0, 0, 0
16649, 7520, 1, 0, 0
16749, 20800, 0, 0, 0
16749, 11680, 1, 0, 0
16849, 24960, 0, 0, 0
16849, 10400, 1, 0, 0
16949, 26240, 0, 0, 0
16949, 9920, 1, 0, 0
17050, 22880, 0, 0, 0
17050, 10720, 1, 0, 0
17150, 26400, 0, 0, 0
17150, 9440, 1, 0, 0
17249, 27959, 0, 0, 0
17249, 9373, 1, 0, 0
17349, 21600, 0, 0, 0
17349, 9760, 1, 0, 0
17449, 26240, 0, 0, 0
17449, 9760, 1, 0, 0
17549, 23840, 0, 0, 0
17549, 10720, 1, 0, 0
17649, 20160, 0, 0, 0
17649, 10080, 1, 0, 0
17749, 22400, 0, 0, 0
17749, 10720, 1, 0, 0
17849, 24480, 0, 0, 0
17849, 11040, 1, 0, 0
17949, 20160, 0, 0, 0
17949, 11520, 1, 0, 0
18049, 26400, 0, 0, 0
18049, 9920, 1, 0, 0
18149, 24800, 0, 0, 0
18149, 9760, 1, 0, 0
18250, 26400, 0, 0, 0
18250, 9120, 1, 0, 0
18350, 8160, 0, 0, 0
18350, 3840, 1, 0, 0
18450, 8640, 0, 0, 0
18450, 4480, 1, 0, 0
18550, 19840, 0, 0, 0
18550, 6240, 1, 0, 0
18650, 23520, 0, 0, 0
18650, 11360, 1, 0, 0
18749, 23595, 0, 0, 0
18749, 10181, 1, 0, 0
18849, 22080, 0, 0, 0
18849, 7680, 1, 0, 0
18949, 24800, 0, 0, 0
18949, 10240, 1, 0, 0
19049, 19840, 0, 0, 0
19049, 9760, 1, 0, 0
19149, 24640, 0, 0, 0
19149, 9920, 1, 0, 0
19250, 25600, 0, 0, 0
19250, 10400, 1, 0, 0
19350, 25760, 0, 0, 0
19350, 9920, 1, 0, 0
19450, 27840, 0, 0, 0
19450, 9920, 1, 0, 0
19550, 24800, 0, 0, 0
19550, 9920, 1, 0, 0
19650, 24640, 0, 0, 0
19650, 10400, 1, 0, 0
19749, 25212, 0, 0, 0
19749, 10181, 1, 0, 0
19849, 25280, 0, 0, 0
19849, 9760, 1, 0, 0
19949, 24640, 0, 0, 0
19949, 9440, 1, 0, 0
20049, 23520, 0, 0, 0
20049, 10560, 1, 0, 0
20149, 22880, 0, 0, 0
20149, 11360, 1, 0, 0
20249, 21120, 0, 0, 0
20249, 8000, 1, 0, 0
20349, 24160, 0, 0, 0
20349, 9920, 1, 0, 0
20449, 25760, 0, 0, 0
20449, 9760, 1, 0, 0
20550, 19040, 0, 0, 0
20550, 10560, 1, 0, 0
20650, 23200, 0, 0, 0
20650, 11360, 1, 0, 0
20749, 24242, 0, 0, 0
20749, 9858, 1, 0, 0
20849, 24160, 0, 0, 0
20849, 10880, 1, 0, 0
20949, 22880, 0, 0, 0
20949, 10240, 1, 0, 0
21049, 22560, 0, 0, 0
21049, 10720, 1, 0, 0
21149, 25120, 0, 0, 0
21149, 9600, 1, 0, 0
21249, 23520, 0, 0, 0
21249, 10880, 1, 0, 0
21349, 20320, 0, 0, 0
21349, 8800, 1, 0, 0
21449, 3680, 0, 0, 0
21449, 640, 1, 0, 0
21550, 8160, 0, 0, 0
21550, 3360, 1, 0, 0
21650, 16000, 0, 0, 0
21650, 7680, 1, 0, 0
21749, 12767, 0, 0, 0
21749, 5494, 1, 0, 0
21849, 21600, 0, 0, 0
21849, 9600, 1, 0, 0
21949, 24160, 0, 0, 0
21949, 10080, 1, 0, 0
22049, 24640, 0, 0, 0
22049, 10240, 1, 0, 0
22149, 25600, 0, 0, 0
22149, 9760, 1, 0, 0
22249, 23200, 0, 0, 0
22249, 10400, 1, 0, 0
22349, 24320, 0, 0, 0
22349, 10400, 1, 0, 0
22449, 20640, 0, 0, 0
22449, 8000, 1, 0, 0
22549, 20640, 0, 0, 0
22549, 11360, 1, 0, 0
22649, 22400, 0, 0, 0
22649, 9600, 1, 0, 0
22749, 20320, 0, 0, 0
22749, 11040, 1, 0, 0
22849, 24480, 0, 0, 0
22849, 9280, 1, 0, 0
22949, 14080, 0, 0, 0
22949, 4800, 1, 0, 0
23050, 24480, 0, 0, 0
23050, 9600, 1, 0, 0
23150, 23040, 0, 0, 0
23150, 10720, 1, 0, 0
23249, 21818, 0, 0, 0
23249, 10989, 1, 0, 0
23349, 15680, 0, 0, 0
23349, 9120, 1, 0, 0
23449, 12960, 0, 0, 0
23449, 6240, 1, 0, 0
23549, 19200, 0, 0, 0
23549, 10720, 1, 0, 0
23649, 27520, 0, 0, 0
23649, 8160, 1, 0, 0
23749, 24000, 0, 0, 0
23749, 10240, 1, 0, 0
23849, 23200, 0, 0, 0
23849, 10560, 1, 0, 0
23949, 18240, 0, 0, 0
23949, 9920, 1, 0, 0
24049, 18880, 0, 0, 0
24049, 8640, 1, 0, 0
24149, 24800, 0, 0, 0
24149, 9280, 1, 0, 0
24250, 21760, 0, 0, 0
24250, 11200, 1, 0, 0
24350, 21120, 0, 0, 0
24350, 11040, 1, 0, 0
24450, 23680, 0, 0, 0
24450, 10080, 1, 0, 0
24550, 18080, 0, 0, 0
24550, 9280, 1, 0, 0
24650, 16000, 0, 0, 0
24650, 8000, 1, 0, 0
24749, 13414, 0, 0, 0
24749, 6464, 1, 0, 0
24849, 25440, 0, 0, 0
24849, 9120, 1, 0, 0
24949, 25600, 0, 0, 0
24949, 9760, 1, 0, 0
25049, 24000, 0, 0, 0
25049, 10400, 1, 0, 0
25149, 26720, 0, 0, 0
25149, 9760, 1, 0, 0
25249, 13600, 0, 0, 0
25249, 7360, 1, 0, 0
25349, 23680, 0, 0, 0
25349, 8960, 1, 0, 0
25450, 24640, 0, 0, 0
25450, 9280, 1, 0, 0
25550, 25280, 0, 0, 0
25550, 9440, 1, 0, 0
25650, 20320, 0, 0, 0
25650, 9440, 1, 0, 0
25749, 18262, 0, 0, 0
25749, 10828, 1, 0, 0
25849, 23200, 0, 0, 0
25849, 11040, 1, 0, 0
25949, 23840, 0, 0, 0
25949, 10560, 1, 0, 0
26049, 23520, 0, 0, 0
26049, 10560, 1, 0, 0
26149, 20000, 0, 0, 0
26149, 11360, 1, 0, 0
26249, 23360, 0, 0, 0
26249, 10720, 1, 0, 0
26349, 26080, 0, 0, 0
26349, 10080, 1, 0, 0
26449, 24800, 0, 0, 0
26449, 10240, 1, 0, 0
26549, 24000, 0, 0, 0
26549, 9760, 1, 0, 0
26649, 20480, 0, 0, 0
26649, 9920, 1, 0, 0
26750, 22880, 0, 0, 0
26750, 10720, 1, 0, 0
26850, 27680, 0, 0, 0
26850, 9760, 1, 0, 0
26950, 23200, 0, 0, 0
26950, 10560, 1, 0, 0
27050, 22560, 0, 0, 0
27050, 10880, 1, 0, 0
27150, 26720, 0, 0, 0
27150, 9920, 1, 0, 0
27249, 26020, 0, 0, 0
27249, 9373, 1, 0, 0
27349, 27680, 0, 0, 0
27349, 9760, 1, 0, 0
27449, 23040, 0, 0, 0
27449, 10720, 1, 0, 0
27549, 26880, 0, 0, 0
27549, 9120, 1, 0, 0
27649, 21760, 0, 0, 0
27649, 10880, 1, 0, 0
27749, 24480, 0, 0, 0
27749, 10720, 1, 0, 0
27849, 28000, 0, 0, 0
27849, 9120, 1, 0, 0
27949, 24000, 0, 0, 0
27949, 10720, 1, 0, 0
28050, 28000, 0, 0, 0
28050, 9120, 1, 0, 0
28150, 22560, 0, 0, 0
28150, 11360, 1, 0, 0
28249, 24080, 0, 0, 0
28249, 9212, 1, 0, 0
28349, 23520, 0, 0, 0
28349, 10400, 1, 0, 0
28449, 21920, 0, 0, 0
28449, 10240, 1, 0, 0
28549, 21280, 0, 0, 0
28549, 10080, 1, 0, 0
28649, 23680, 0, 0, 0
28649, 11200, 1, 0, 0
28749, 25280, 0, 0, 0
28749, 9440, 1, 0, 0
28849, 28000, 0, 0, 0
28849, 8960, 1, 0, 0
28949, 22880, 0, 0, 0
28949, 10080, 1, 0, 0
29050, 22880, 0, 0, 0
29050, 8480, 1, 0, 0
29150, 8000, 0, 0, 0
29150, 2560, 1, 0, 0
29249, 15191, 0, 0, 0
29249, 8080, 1, 0, 0
29349, 25760, 0, 0, 0
29349, 9760, 1, 0, 0
29449, 20000, 0, 0, 0
29449, 11680, 1, 0, 0
29549, 19200, 0, 0, 0
29549, 10880, 1, 0, 0
29649, 19680, 0, 0, 0
29649, 9920, 1, 0, 0
29749, 22560, 0, 0, 0
29749, 10880, 1, 0, 0
29849, 23840, 0, 0, 0
29849, 10240, 1, 0, 0
29949, 22400, 0, 0, 0
29949, 10400, 1, 0, 0
30050, 22880, 0, 0, 0
30050, 10400, 1, 0, 0
30150, 23040, 0, 0, 0
30150, 9440, 1, 0, 0
30249, 18585, 0, 0, 0
30249, 12444, 1, 0, 0
30349, 25280, 0, 0, 0
30349, 10400, 1, 0, 0
30449, 22400, 0, 0, 0
30449, 10720, 1, 0, 0
30549, 23200, 0, 0, 0
30549, 10240, 1, 0, 0
30649, 22880, 0, 0, 0
30649, 10720, 1, 0, 0
30749, 23040, 0, 0, 0
30749, 10560, 1, 0, 0
30849, 23200, 0, 0, 0
30849, 11200, 1, 0, 0
30949, 22720, 0, 0, 0
30949, 10400, 1, 0, 0
31049, 25440, 0, 0, 0
31049, 9440, 1, 0, 0
31149, 22080, 0, 0, 0
31149, 10880, 1, 0, 0
31249, 22880, 0, 0, 0
31249, 10080, 1, 0, 0
31350, 23680, 0, 0, 0
31350, 10400, 1, 0, 0
31450, 11360, 0, 0, 0
31450, 5440, 1, 0, 0
31550, 2240, 0, 0, 0
31550, 1440, 1, 0, 0
31650, 8160, 0, 0, 0
31650, 2400, 1, 0, 0
31749, 11313, 0, 0, 0
31749, 5010, 1, 0, 0
31849, 24480, 0, 0, 0
31849, 9760, 1, 0, 0
31949, 23360, 0, 0, 0
31949, 10080, 1, 0, 0
32049, 24800, 0, 0, 0
32049, 9760, 1, 0, 0
32149, 20800, 0, 0, 0
32149, 11680, 1, 0, 0
32249, 21280, 0, 0, 0
32249, 10560, 1, 0, 0
32349, 23040, 0, 0, 0
32349, 10880, 1, 0, 0
32449, 22400, 0, 0, 0
32449, 11040, 1, 0, 0
32549, 14240, 0, 0, 0
32549, 5920, 1, 0, 0
32650, 21760, 0, 0, 0
32650, 10880, 1, 0, 0
32750, 24160, 0, 0, 0
32750, 10720, 1, 0, 0
32850, 23200, 0, 0, 0
32850, 10400, 1, 0, 0
32950, 25440, 0, 0, 0
32950, 9280, 1, 0, 0
33050, 25600, 0, 0, 0
33050, 8800, 1, 0, 0
33150, 24800, 0, 0, 0
33150, 10080, 1, 0, 0
33249, 23272, 0, 0, 0
33249, 10666, 1, 0, 0
33349, 22400, 0, 0, 0
33349, 11200, 1, 0, 0
33449, 25760, 0, 0, 0
33449, 9280, 1, 0, 0
33549, 27040, 0, 0, 0
33549, 9120, 1, 0, 0
33649, 24160, 0, 0, 0
33649, 10880, 1, 0, 0
33750, 27040, 0, 0, 0
33750, 9440, 1, 0, 0
33850, 24000, 0, 0, 0
33850, 9760, 1, 0, 0
33950, 24800, 0, 0, 0
33950, 9760, 1, 0, 0
34050, 22240, 0, 0, 0
34050, 8800, 1, 0, 0
34150, 17120, 0, 0, 0
34150, 5440, 1, 0, 0
34249, 24404, 0, 0, 0
34249, 9373, 1, 0, 0
34349, 22880, 0, 0, 0
34349, 10240, 1, 0, 0
34449, 23040, 0, 0, 0
34449, 10880, 1, 0, 0
34549, 22240, 0, 0, 0
34549, 10560, 1, 0, 0
34649, 22400, 0, 0, 0
34649, 9760, 1, 0, 0
34750, 22880, 0, 0, 0
34750, 10400, 1, 0, 0
34850, 24160, 0, 0, 0
34850, 11040, 1, 0, 0
34950, 26560, 0, 0, 0
34950, 9120, 1, 0, 0
35050, 23200, 0, 0, 0
35050, 10240, 1, 0, 0
35150, 23520, 0, 0, 0
35150, 10560, 1, 0, 0
35249, 24080, 0, 0, 0
35249, 9858, 1, 0, 0
35349, 23680, 0, 0, 0
35349, 10400, 1, 0, 0
35449, 26400, 0, 0, 0
35449, 9440, 1, 0, 0
35549, 19200, 0, 0, 0
35549, 9760, 1, 0, 0
35649, 24160, 0, 0, 0
35649, 8960, 1, 0, 0
35749, 23680, 0, 0, 0
35749, 10560, 1, 0, 0
35849, 24800, 0, 0, 0
35849, 10400, 1, 0, 0
35949, 21920, 0, 0, 0
35949, 11200, 1, 0, 0
36050, 21760, 0, 0, 0
36050, 11200, 1, 0, 0
36150, 25600, 0, 0, 0
36150, 9120, 1, 0, 0
36249, 22303, 0, 0, 0
36249, 10181, 1, 0, 0
36349, 22400, 0, 0, 0
36349, 10560, 1, 0, 0
36449, 21440, 0, 0, 0
36449, 10720, 1, 0, 0
36549, 21600, 0, 0, 0
36549, 10400, 1, 0, 0
36649, 20480, 0, 0, 0
36649, 11200, 1, 0, 0
36749, 24800, 0, 0, 0
36749, 9280, 1, 0, 0
36849, 25280, 0, 0, 0
36849, 9440, 1, 0, 0
36949, 25280, 0, 0, 0
36949, 9440, 1, 0, 0
37049, 24800, 0, 0, 0
37049, 9120, 1, 0, 0
37149, 22240, 0, 0, 0
37149, 10240, 1, 0, 0
37250, 24960, 0, 0, 0
37250, 9760, 1, 0, 0
37350, 26080, 0, 0, 0
37350, 8960, 1, 0, 0
37450, 20480, 0, 0, 0
37450, 9920, 1, 0, 0
37550, 25120, 0, 0, 0
37550, 9280, 1, 0, 0
37650, 23840, 0, 0, 0
37650, 9280, 1, 0, 0
37749, 20040, 0, 0, 0
37749, 11313, 1, 0, 0
37849, 22400, 0, 0, 0
37849, 10560, 1, 0, 0
37949, 23840, 0, 0, 0
37949, 9280, 1, 0, 0
38049, 22720, 0, 0, 0
38049, 9920, 1, 0, 0
38149, 24000, 0, 0, 0
38149, 9600, 1, 0, 0
38249, 26560, 0, 0, 0
38249, 8800, 1, 0, 0
38349, 19840, 0, 0, 0
38349, 8960, 1, 0, 0
38449, 20640, 0, 0, 0
38449, 10560, 1, 0, 0
38550, 24800, 0, 0, 0
38550, 9760, 1, 0, 0
38650, 19040, 0, 0, 0
38650, 10240, 1, 0, 0
38749, 25858, 0, 0, 0
38749, 9858, 1, 0, 0
38849, 24160, 0, 0, 0
38849, 9600, 1, 0, 0
38949, 22880, 0, 0, 0
38949, 9600, 1, 0, 0
39049, 28320, 0, 0, 0
39049, 7840, 1, 0, 0
39149, 960, 0, 0, 0
39149, 1440, 1, 0, 0
39249, 12320, 0, 0, 0
39249, 8480, 1, 0, 0
39349, 20160, 0, 0, 0
39349, 11360, 1, 0, 0
39449, 20160, 0, 0, 0
39449, 11200, 1, 0, 0
39549, 26720, 0, 0, 0
39549, 9280, 1, 0, 0
39649, 24960, 0, 0, 0
39649, 9280, 1, 0, 0
39750, 22560, 0, 0, 0
39750, 7360, 1, 0, 0
39850, 21280, 0, 0, 0
39850, 10080, 1, 0, 0
39950, 24000, 0, 0, 0
39950, 9760, 1, 0, 0
40050, 19520, 0, 0, 0
40050, 10560, 1, 0, 0
40150, 22400, 0, 0, 0
40150, 9760, 1, 0, 0
40249, 24404, 0, 0, 0
40249, 9858, 1, 0, 0
40349, 24960, 0, 0, 0
40349, 8800, 1, 0, 0
40449, 25600, 0, 0, 0
40449, 9120, 1, 0, 0
40549, 17280, 0, 0, 0
40549, 7680, 1, 0, 0
40649, 22560, 0, 0, 0
40649, 10080, 1, 0, 0
40749, 20000, 0, 0, 0
40749, 9120, 1, 0, 0
40849, 22720, 0, 0, 0
40849, 10240, 1, 0, 0
40949, 22400, 0, 0, 0
40949, 9920, 1, 0, 0
41050, 18080, 0, 0, 0
41050, 9120, 1, 0, 0
41150, 23200, 0, 0, 0
41150, 9920, 1, 0, 0
41249, 22464, 0, 0, 0
41249, 10181, 1, 0, 0
41349, 22880, 0, 0, 0
41349, 9440, 1, 0, 0
41449, 21600, 0, 0, 0
41449, 9920, 1, 0, 0
41549, 25440, 0, 0, 0
41549, 9600, 1, 0, 0
41649, 24640, 0, 0, 0
41649, 9280, 1, 0, 0
41749, 24000, 0, 0, 0
41749, 9440, 1, 0, 0
41849, 24000, 0, 0, 0
41849, 9440, 1, 0, 0
41949, 22080, 0, 0, 0
41949, 9600, 1, 0, 0
42049, 16000, 0, 0, 0
42049, 8800, 1, 0, 0
42149, 21600, 0, 0, 0
42149, 10880, 1, 0, 0
42250, 23200, 0, 0, 0
42250, 10400, 1, 0, 0
42350, 21120, 0, 0, 0
42350, 10560, 1, 0, 0
42450, 23200, 0, 0, 0
42450, 10400, 1, 0, 0
42550, 27840, 0, 0, 0
42550, 8000, 1, 0, 0
42650, 22880, 0, 0, 0
42650, 10080, 1, 0, 0
42749, 27313, 0, 0, 0
42749, 8242, 1, 0, 0
42849, 26400, 0, 0, 0
42849, 8480, 1, 0, 0
42949, 24640, 0, 0, 0
42949, 9440, 1, 0, 0
43049, 23200, 0, 0, 0
43049, 8960, 1, 0, 0
43149, 24320, 0, 0, 0
43149, 9280, 1, 0, 0
43249, 24160, 0, 0, 0
43249, 9280, 1, 0, 0
43349, 24320, 0, 0, 0
43349, 9920, 1, 0, 0
43449, 23040, 0, 0, 0
43449, 10400, 1, 0, 0
43550, 23200, 0, 0, 0
43550, 9600, 1, 0, 0
43650, 19840, 0, 0, 0
43650, 9760, 1, 0, 0
43749, 22464, 0, 0, 0
43749, 9696, 1, 0, 0
43849, 24640, 0, 0, 0
43849, 8800, 1, 0, 0
43949, 25600, 0, 0, 0
43949, 8800, 1, 0, 0
44049, 23680, 0, 0, 0
44049, 8320, 1, 0, 0
44149, 10240, 0, 0, 0
44149, 4320, 1, 0, 0
44249, 4320, 0, 0, 0
44249, 2240, 1, 0, 0
44349, 12800, 0, 0, 0
44349, 5920, 1, 0, 0
44449, 17120, 0, 0, 0
44449, 6080, 1, 0, 0
44550, 20480, 0, 0, 0
44550, 8960, 1, 0, 0
44650, 21760, 0, 0, 0
44650, 8320, 1, 0, 0
44749, 19717, 0, 0, 0
44749, 8404, 1, 0, 0
44849, 12000, 0, 0, 0
44849, 6880, 1, 0, 0
44949, 18240, 0, 0, 0
44949, 9120, 1, 0, 0
45049, 19360, 0, 0, 0
45049, 7200, 1, 0, 0
45149, 21120, 0, 0, 0
45149, 8320, 1, 0, 0
45249, 20800, 0, 0, 0
45249, 8000, 1, 0, 0
45349, 21760, 0, 0, 0
45349, 7680, 1, 0, 0
45449, 19840, 0, 0, 0
45449, 8800, 1, 0, 0
45549, 13920, 0, 0, 0
45549, 7040, 1, 0, 0
45649, 11360, 0, 0, 0
45649, 4960, 1, 0, 0
45749, 17600, 0, 0, 0
45749, 8960, 1, 0, 0
45850, 16000, 0, 0, 0
45850, 10240, 1, 0, 0
45950, 23040, 0, 0, 0
45950, 7680, 1, 0, 0
46050, 22080, 0, 0, 0
46050, 7200, 1, 0, 0
46150, 14720, 0, 0, 0
46150, 7520, 1, 0, 0
46249, 18747, 0, 0, 0
46249, 8888, 1, 0, 0
46349, 17440, 0, 0, 0
46349, 8000, 1, 0, 0
46449, 19520, 0, 0, 0
46449, 8480, 1, 0, 0
46549, 21280, 0, 0, 0
46549, 8320, 1, 0, 0
46649, 18240, 0, 0, 0
46649, 9280, 1, 0, 0
46749, 19680, 0, 0, 0
46749, 8480, 1, 0, 0
46849, 20320, 0, 0, 0
46849, 8640, 1, 0, 0
46949, 12480, 0, 0, 0
46949, 5760, 1, 0, 0
47050, 16000, 0, 0, 0
47050, 5600, 1, 0, 0
47150, 19200, 0, 0, 0
47150, 7680, 1, 0, 0
47249, 17616, 0, 0, 0
47249, 9373, 1, 0, 0
47349, 19680, 0, 0, 0
47349, 8960, 1, 0, 0
47449, 20000, 0, 0, 0
47449, 8960, 1, 0, 0
47549, 19520, 0, 0, 0
47549, 9280, 1, 0, 0
47649, 20640, 0, 0, 0
47649, 8640, 1, 0, 0
47749, 21760, 0, 0, 0
47749, 7680, 1, 0, 0
47849, 20960, 0, 0, 0
47849, 7680, 1, 0, 0
47949, 20960, 0, 0, 0
47949, 8480, 1, 0, 0
48049, 18720, 0, 0, 0
48049, 9920, 1, 0, 0
48149, 20160, 0, 0, 0
48149, 8960, 1, 0, 0
48250, 19520, 0, 0, 0
48250, 9120, 1, 0, 0
48350, 16000, 0, 0, 0
48350, 8640, 1, 0, 0
48450, 23680, 0, 0, 0
48450, 7680, 1, 0, 0
48550, 21280, 0, 0, 0
48550, 8480, 1, 0, 0
48650, 15360, 0, 0, 0
48650, 9920, 1, 0, 0
48749, 14222, 0, 0, 0
48749, 7434, 1, 0, 0
48849, 16000, 0, 0, 0
48849, 9280, 1, 0, 0
48949, 18400, 0, 0, 0
48949, 9280, 1, 0, 0
49049, 18080, 0, 0, 0
49049, 9120, 1, 0, 0
49149, 20480, 0, 0, 0
49149, 7520, 1, 0, 0
49350, 2240, 0, 0, 0
49350, 960, 1, 0, 0
49450, 8160, 0, 0, 0
49450, 4640, 1, 0, 0
49550, 14560, 0, 0, 0
49550, 9760, 1, 0, 0
49650, 20320, 0, 0, 0
49650, 8320, 1, 0, 0
49749, 18747, 0, 0, 0
49749, 9050, 1, 0, 0
49849, 20000, 0, 0, 0
49849, 7040, 1, 0, 0
49949, 16480, 0, 0, 0
49949, 7200, 1, 0, 0
50049, 17760, 0, 0, 0
50049, 9280, 1, 0, 0
50149, 20480, 0, 0, 0
50149, 8480, 1, 0, 0
50249, 18400, 0, 0, 0
50249, 9440, 1, 0, 0
50349, 19520, 0, 0, 0
50349, 8320, 1, 0, 0
50449, 20160, 0, 0, 0
50449, 7680, 1, 0, 0
50550, 19200, 0, 0, 0
50550, 8960, 1, 0, 0
50650, 21600, 0, 0, 0
50650, 7680, 1, 0, 0
50749, 20202, 0, 0, 0
50749, 7272, 1, 0, 0
50849, 18240, 0, 0, 0
50849, 9440, 1, 0, 0
50949, 19680, 0, 0, 0
50949, 9440, 1, 0, 0
51049, 16320, 0, 0, 0
51049, 10080, 1, 0, 0
51149, 16480, 0, 0, 0
51149, 6720, 1, 0, 0
51249, 21600, 0, 0, 0
51249, 8480, 1, 0, 0
51349, 19200, 0, 0, 0
51349, 8960, 1, 0, 0
51449, 17120, 0, 0, 0
51449, 9280, 1, 0, 0
51550, 19040, 0, 0, 0
51550, 9280, 1, 0, 0
51650, 18560, 0, 0, 0
51650, 9440, 1, 0, 0
51749, 17939, 0, 0, 0
51749, 8242, 1, 0, 0
51849, 21760, 0, 0, 0
51849, 8160, 1, 0, 0
51949, 23040, 0, 0, 0
51949, 7360, 1, 0, 0
52049, 12640, 0, 0, 0
52049, 4800, 1, 0, 0
52149, 15360, 0, 0, 0
52149, 5280, 1, 0, 0
52249, 17600, 0, 0, 0
52249, 9600, 1, 0, 0
52349, 21120, 0, 0, 0
52349, 8800, 1, 0, 0
52449, 20000, 0, 0, 0
52449, 8480, 1, 0, 0
52549, 18240, 0, 0, 0
52549, 9600, 1, 0, 0
52649, 22240, 0, 0, 0
52649, 8480, 1, 0, 0
52749, 22560, 0, 0, 0
52749, 8160, 1, 0, 0
52850, 21600, 0, 0, 0
52850, 8640, 1, 0, 0
52950, 20640, 0, 0, 0
52950, 8800, 1, 0, 0
53050, 21440, 0, 0, 0
53050, 7680, 1, 0, 0
53150, 21920, 0, 0, 0
53150, 8320, 1, 0, 0
53249, 22626, 0, 0, 0
53249, 7919, 1, 0, 0
53349, 17440, 0, 0, 0
53349, 9920, 1, 0, 0
53449, 18080, 0, 0, 0
53449, 9600, 1, 0, 0
53549, 18720, 0, 0, 0
53549, 9440, 1, 0, 0
53649, 22880, 0, 0, 0
53649, 7840, 1, 0, 0
53749, 10560, 0, 0, 0
53749, 2240, 1, 0, 0
53849, 14240, 0, 0, 0
53849, 5760, 1, 0, 0
53949, 18880, 0, 0, 0
53949, 9120, 1, 0, 0
54050, 21600, 0, 0, 0
54050, 8320, 1, 0, 0
54150, 20000, 0, 0, 0
54150, 9120, 1, 0, 0
54249, 8565, 0, 0, 0
54249, 4202, 1, 0, 0
54349, 4160, 0, 0, 0
54349, 1920, 1, 0, 0
54449, 12480, 0, 0, 0
54449, 4960, 1, 0, 0
54549, 17920, 0, 0, 0
54549, 7520, 1, 0, 0
54649, 20960, 0, 0, 0
54649, 8800, 1, 0, 0
54749, 20960, 0, 0, 0
54749, 8480, 1, 0, 0
54849, 21440, 0, 0, 0
54849, 8480, 1, 0, 0
54949, 6880, 0, 0, 0
54949, 4320, 1, 0, 0
55049, 23520, 0, 0, 0
55049, 7840, 1, 0, 0
55149, 20160, 0, 0, 0
55149, 8800, 1, 0, 0
55250, 17440, 0, 0, 0
55250, 10560, 1, 0, 0
55350, 22080, 0, 0, 0
55350, 8320, 1, 0, 0
55450, 17920, 0, 0, 0
55450, 9120, 1, 0, 0
55550, 18080, 0, 0, 0
55550, 9600, 1, 0, 0
55650, 17120, 0, 0, 0
55650, 7360, 1, 0, 0
55749, 21010, 0, 0, 0
55749, 8242, 1, 0, 0
55849, 18240, 0, 0, 0
55849, 9440, 1, 0, 0
55949, 20160, 0, 0, 0
55949, 8160, 1, 0, 0
56049, 17600, 0, 0, 0
56049, 8800, 1, 0, 0
56149, 18400, 0, 0, 0
56149, 8160, 1, 0, 0
56249, 20960, 0, 0, 0
56249, 7520, 1, 0, 0
56349, 22880, 0, 0, 0
56349, 7840, 1, 0, 0
56449, 25280, 0, 0, 0
56449, 7360, 1, 0, 0
56550, 21120, 0, 0, 0
56550, 8960, 1, 0, 0
56650, 21920, 0, 0, 0
56650, 9120, 1, 0, 0
56749, 21333, 0, 0, 0
56749, 8242, 1, 0, 0
56849, 19840, 0, 0, 0
56849, 7680, 1, 0, 0
56949, 17920, 0, 0, 0
56949, 10560, 1, 0, 0
57049, 4640, 0, 0, 0
57049, 2560, 1, 0, 0
57149, 19680, 0, 0, 0
57149, 7040, 1, 0, 0
57249, 16160, 0, 0, 0
57249, 6720, 1, 0, 0
57349, 22080, 0, 0, 0
57349, 8640, 1, 0, 0
57449, 20320, 0, 0, 0
57449, 8960, 1, 0, 0
57549, 24000, 0, 0, 0
57549, 7840, 1, 0, 0
57649, 22240, 0, 0, 0
57649, 9120, 1, 0, 0
57750, 20960, 0, 0, 0
57750, 8160, 1, 0, 0
57850, 24480, 0, 0, 0
57850, 7360, 1, 0, 0
57950, 22560, 0, 0, 0
57950, 8160, 1, 0, 0
58050, 21120, 0, 0, 0
58050, 8960, 1, 0, 0
58150, 19680, 0, 0, 0
58150, 8960, 1, 0, 0
58249, 20848, 0, 0, 0
58249, 9212, 1, 0, 0
58349, 23680, 0, 0, 0
58349, 7680, 1, 0, 0
58449, 21440, 0, 0, 0
58449, 8160, 1, 0, 0
58549, 17920, 0, 0, 0
58549, 9600, 1, 0, 0
58649, 20640, 0, 0, 0
58649, 9280, 1, 0, 0
58750, 9920, 0, 0, 0
58750, 4480, 1, 0, 0
58850, 7360, 0, 0, 0
58850, 1920, 1, 0, 0
58950, 19680, 0, 0, 0
58950, 8640, 1, 0, 0
59050, 19360, 0, 0, 0
59050, 9280, 1, 0, 0
59150, 19680, 0, 0, 0
59150, 8160, 1, 0, 0
59249, 18101, 0, 0, 0
59249, 9212, 1, 0, 0
59349, 21280, 0, 0, 0
59349, 8960, 1, 0, 0
59449, 19680, 0, 0, 0
59449, 9440, 1, 0, 0
59549, 16960, 0, 0, 0
59549, 7360, 1, 0, 0
59649, 17120, 0, 0, 0
59649, 10400, 1, 0, 0
59749, 24000, 0, 0, 0
59749, 7840, 1, 0, 0
59849, 21760, 0, 0, 0
59849, 8480, 1, 0, 0
59949, 18880, 0, 0, 0
59949, 9600, 1, 0, 0
60050, 20480, 0, 0, 0
60050, 9440, 1, 0, 0
60150, 19200, 0, 0, 0
60150, 9440, 1, 0, 0
60249, 19070, 0, 0, 0
60249, 8888, 1, 0, 0
60349, 18880, 0, 0, 0
60349, 8640, 1, 0, 0
60449, 21440, 0, 0, 0
60449, 8640, 1, 0, 0
60549, 21440, 0, 0, 0
60549, 8320, 1, 0, 0
60649, 20000, 0, 0, 0
60649, 9120, 1, 0, 0
60749, 19040, 0, 0, 0
60749, 7040, 1, 0, 0
60849, 19360, 0, 0, 0
60849, 9280, 1, 0, 0
60949, 23040, 0, 0, 0
60949, 7040, 1, 0, 0
61049, 20320, 0, 0, 0
61049, 9280, 1, 0, 0
61149, 22240, 0, 0, 0
61149, 8160, 1, 0, 0
61250, 16160, 0, 0, 0
61250, 9120, 1, 0, 0
61350, 24960, 0, 0, 0
61350, 7680, 1, 0, 0
61450, 20960, 0, 0, 0
61450, 9120, 1, 0, 0
61550, 18720, 0, 0, 0
61550, 9920, 1, 0, 0
61650, 21280, 0, 0, 0
61650, 8320, 1, 0, 0
61749, 19070, 0, 0, 0
61749, 9212, 1, 0, 0
61849, 18240, 0, 0, 0
61849, 9600, 1, 0, 0
61949, 17440, 0, 0, 0
61949, 10080, 1, 0, 0
62049, 12320, 0, 0, 0
62049, 4000, 1, 0, 0
62149, 20640, 0, 0, 0
62149, 8640, 1, 0, 0
62249, 19520, 0, 0, 0
62249, 8160, 1, 0, 0
62349, 18560, 0, 0, 0
62349, 6880, 1, 0, 0
62449, 19680, 0, 0, 0
62449, 9120, 1, 0, 0
62550, 19680, 0, 0, 0
62550, 8800, 1, 0, 0
62650, 19680, 0, 0, 0
62650, 7680, 1, 0, 0
62749, 19555, 0, 0, 0
62749, 9373, 1, 0, 0
62849, 21280, 0, 0, 0
62849, 8320, 1, 0, 0
62949, 16000, 0, 0, 0
62949, 10400, 1, 0, 0
63049, 18240, 0, 0, 0
63049, 9600, 1, 0, 0
63149, 20800, 0, 0, 0
63149, 8640, 1, 0, 0
63249, 12000, 0, 0, 0
63249, 7520, 1, 0, 0
63349, 18880, 0, 0, 0
63349, 9600, 1, 0, 0
63449, 18720, 0, 0, 0
63449, 9920, 1, 0, 0
63549, 19680, 0, 0, 0
63549, 8960, 1, 0, 0
63649, 22720, 0, 0, 0
63649, 8160, 1, 0, 0
63749, 16480, 0, 0, 0
63749, 7840, 1, 0, 0
63850, 11680, 0, 0, 0
63850, 3680, 1, 0, 0
63950, 18880, 0, 0, 0
63950, 9280, 1, 0, 0
64050, 21280, 0, 0, 0
64050, 8640, 1, 0, 0
64150, 23360, 0, 0, 0
64150, 8000, 1, 0, 0
64249, 21818, 0, 0, 0
64249, 7919, 1, 0, 0
64349, 20480, 0, 0, 0
64349, 9280, 1, 0, 0
64449, 18880, 0, 0, 0
64449, 9600, 1, 0, 0
64549, 20960, 0, 0, 0
64549, 9600, 1, 0, 0
64649, 15040, 0, 0, 0
64649, 8640, 1, 0, 0
64749, 17760, 0, 0, 0
64749, 10240, 1, 0, 0
64849, 21760, 0, 0, 0
64849, 8160, 1, 0, 0
64950, 21920, 0, 0, 0
64950, 8800, 1, 0, 0
65050, 22560, 0, 0, 0
65050, 8160, 1, 0, 0
65150, 23680, 0, 0, 0
65150, 8000, 1, 0, 0
65249, 20848, 0, 0, 0
65249, 9050, 1, 0, 0
65349, 19200, 0, 0, 0
65349, 8960, 1, 0, 0
65449, 21600, 0, 0, 0
65449, 8480, 1, 0, 0
65549, 11040, 0, 0, 0
65549, 5120, 1, 0, 0
65649, 20000, 0, 0, 0
65649, 8800, 1, 0, 0
65749, 9120, 0, 0, 0
65749, 5280, 1, 0, 0
65849, 14240, 0, 0, 0
65849, 6560, 1, 0, 0
65949, 20960, 0, 0, 0
65949, 6400, 1, 0, 0
66049, 19680, 0, 0, 0
66049, 8960, 1, 0, 0
66149, 20000, 0, 0, 0
66149, 9120, 1, 0, 0
66249, 21440, 0, 0, 0
66249, 8320, 1, 0, 0
66349, 15520, 0, 0, 0
66349, 7360, 1, 0, 0
66450, 23200, 0, 0, 0
66450, 7840, 1, 0, 0
66550, 20000, 0, 0, 0
66550, 9280, 1, 0, 0
66650, 20160, 0, 0, 0
66650, 9440, 1, 0, 0
66749, 20363, 0, 0, 0
66749, 9050, 1, 0, 0
66849, 18560, 0, 0, 0
66849, 9280, 1, 0, 0
66949, 24000, 0, 0, 0
66949, 7680, 1, 0, 0
67049, 21280, 0, 0, 0
67049, 8000, 1, 0, 0
67149, 19840, 0, 0, 0
67149, 8480, 1, 0, 0
67249, 21760, 0, 0, 0
67249, 8800, 1, 0, 0
67349, 20000, 0, 0, 0
67349, 8480, 1, 0, 0
67449, 21920, 0, 0, 0
67449, 8800, 1, 0, 0
67549, 23520, 0, 0, 0
67549, 7680, 1, 0, 0
67650, 22240, 0, 0, 0
67650, 8320, 1, 0, 0
67750, 19520, 0, 0, 0
67750, 9760, 1, 0, 0
67850, 20000, 0, 0, 0
67850, 9440, 1, 0, 0
67950, 21280, 0, 0, 0
67950, 8800, 1, 0, 0
68050, 21600, 0, 0, 0
68050, 8800, 1, 0, 0
68150, 18240, 0, 0, 0
68150, 9760, 1, 0, 0
68249, 22464, 0, 0, 0
68249, 8404, 1, 0, 0
68349, 22080, 0, 0, 0
68349, 8000, 1, 0, 0
68449, 21280, 0, 0, 0
68449, 8160, 1, 0, 0
68549, 20000, 0, 0, 0
68549, 8800, 1, 0, 0
68649, 21440, 0, 0, 0
68649, 8960, 1, 0, 0
68749, 22240, 0, 0, 0
68749, 8320, 1, 0, 0
68850, 21600, 0, 0, 0
68850, 8000, 1, 0, 0
68950, 22080, 0, 0, 0
68950, 8800, 1, 0, 0
69050, 21120, 0, 0, 0
69050, 8800, 1, 0, 0
69150, 17920, 0, 0, 0
69150, 9600, 1, 0, 0
69249, 18585, 0, 0, 0
69249, 9050, 1, 0, 0
69349, 21760, 0, 0, 0
69349, 8480, 1, 0, 0
69449, 18240, 0, 0, 0
69449, 9440, 1, 0, 0
69549, 21120, 0, 0, 0
69549, 8960, 1, 0, 0
69649, 19040, 0, 0, 0
69649, 9280, 1, 0, 0
69749, 21760, 0, 0, 0
69749, 8160, 1, 0, 0
69849, 20160, 0, 0, 0
69849, 7040, 1, 0, 0
69949, 21760, 0, 0, 0
69949, 8000, 1, 0, 0
70049, 19840, 0, 0, 0
70049, 8480, 1, 0, 0
70150, 22720, 0, 0, 0
70150, 8000, 1, 0, 0
70249, 24727, 0, 0, 0
70249, 7272, 1, 0, 0
70349, 18080, 0, 0, 0
70349, 8320, 1, 0, 0
70449, 20960, 0, 0, 0
70449, 8480, 1, 0, 0
70549, 20800, 0, 0, 0
70549, 8480, 1, 0, 0
70649, 18560, 0, 0, 0
70649, 8640, 1, 0, 0
70749, 20320, 0, 0, 0
70749, 9280, 1, 0, 0
70849, 21120, 0, 0, 0
70849, 8640, 1, 0, 0
70949, 19360, 0, 0, 0
70949, 8160, 1, 0, 0
71049, 21120, 0, 0, 0
71049, 8800, 1, 0, 0
71149, 22560, 0, 0, 0
71149, 8000, 1, 0, 0
71250, 20640, 0, 0, 0
71250, 9120, 1, 0, 0
71350, 19360, 0, 0, 0
71350, 7840, 1, 0, 0
71450, 19360, 0, 0, 0
71450, 8800, 1, 0, 0
71550, 20000, 0, 0, 0
71550, 9280, 1, 0, 0
71650, 21760, 0, 0, 0
71650, 8640, 1, 0, 0
71749, 2101, 0, 0, 0
71749, 1454, 1, 0, 0
71849, 8800, 0, 0, 0
71849, 6560, 1, 0, 0
71949, 20160, 0, 0, 0
71949, 9280, 1, 0, 0
72049, 19040, 0, 0, 0
72049, 9760, 1, 0, 0
72149, 21600, 0, 0, 0
72149, 8320, 1, 0, 0
72249, 19040, 0, 0, 0
72249, 8960, 1, 0, 0
72349, 21280, 0, 0, 0
72349, 8160, 1, 0, 0
72449, 14880, 0, 0, 0
72449, 9440, 1, 0, 0
72550, 21120, 0, 0, 0
72550, 8640, 1, 0, 0
72650, 18560, 0, 0, 0
72650, 9440, 1, 0, 0
72749, 20202, 0, 0, 0
72749, 8888, 1, 0, 0
72849, 19040, 0, 0, 0
72849, 9440, 1, 0, 0
72949, 20960, 0, 0, 0
72949, 8800, 1, 0, 0
73049, 20960, 0, 0, 0
73049, 8000, 1, 0, 0
73149, 18400, 0, 0, 0
73149, 9600, 1, 0, 0
73249, 23200, 0, 0, 0
73249, 8000, 1, 0, 0
73349, 21920, 0, 0, 0
73349, 8480, 1, 0, 0
73449, 19520, 0, 0, 0
73449, 8640, 1, 0, 0
73550, 20800, 0, 0, 0
73550, 8960, 1, 0, 0
73650, 18080, 0, 0, 0
73650, 9440, 1, 0, 0
73749, 19232, 0, 0, 0
73749, 9050, 1, 0, 0
73849, 18240, 0, 0, 0
73849, 8800, 1, 0, 0
73949, 20000, 0, 0, 0
73949, 8160, 1, 0, 0
74049, 21600, 0, 0, 0
74049, 8640, 1, 0, 0
74149, 23680, 0, 0, 0
74149, 7200, 1, 0, 0
74249, 22720, 0, 0, 0
74249, 7680, 1, 0, 0
74349, 18880, 0, 0, 0
74349, 7520, 1, 0, 0
74449, 6080, 0, 0, 0
74449, 3520, 1, 0, 0
74549, 21920, 0, 0, 0
74549, 8000, 1, 0, 0
74649, 21120, 0, 0, 0
74649, 9120, 1, 0, 0
74750, 22560, 0, 0, 0
74750, 8160, 1, 0, 0
74850, 21120, 0, 0, 0
74850, 8640, 1, 0, 0
74950, 19200, 0, 0, 0
74950, 8960, 1, 0, 0
75050, 19200, 0, 0, 0
75050, 9600, 1, 0, 0
75150, 19840, 0, 0, 0
75150, 9600, 1, 0, 0
75249, 16969, 0, 0, 0
75249, 10505, 1, 0, 0
75349, 20800, 0, 0, 0
75349, 8480, 1, 0, 0
75449, 21600, 0, 0, 0
75449, 8320, 1, 0, 0
75549, 20480, 0, 0, 0
75549, 9440, 1, 0, 0
75649, 23520, 0, 0, 0
75649, 7840, 1, 0, 0
75749, 18880, 0, 0, 0
75749, 8960, 1, 0, 0
75849, 19200, 0, 0, 0
75849, 9440, 1, 0, 0
75949, 21920, 0, 0, 0
75949, 8640, 1, 0, 0
76050, 16480, 0, 0, 0
76050, 10720, 1, 0, 0
76150, 19360, 0, 0, 0
76150, 8640, 1, 0, 0
76249, 22303, 0, 0, 0
76249, 8404, 1, 0, 0
76349, 20800, 0, 0, 0
76349, 8640, 1, 0, 0
76449, 22240, 0, 0, 0
76449, 8640, 1, 0, 0
76549, 21440, 0, 0, 0
76549, 8960, 1, 0, 0
76649, 21920, 0, 0, 0
76649, 8640, 1, 0, 0
76749, 11840, 0, 0, 0
76749, 5280, 1, 0, 0
76849, 19360, 0, 0, 0
76849, 9760, 1, 0, 0
76949, 17280, 0, 0, 0
76949, 7840, 1, 0, 0
77049, 12160, 0, 0, 0
77049, 7840, 1, 0, 0
77149, 17120, 0, 0, 0
77149, 10560, 1, 0, 0
77250, 21280, 0, 0, 0
77250, 8800, 1, 0, 0
77350, 17600, 0, 0, 0
77350, 9920, 1, 0, 0
77450, 16800, 0, 0, 0
77450, 10720, 1, 0, 0
77550, 19040, 0, 0, 0
77550, 9600, 1, 0, 0
77650, 22240, 0, 0, 0
77650, 8160, 1, 0, 0
77749, 24242, 0, 0, 0
77749, 7595, 1, 0, 0
77849, 20800, 0, 0, 0
77849, 8640, 1, 0, 0
77949, 21920, 0, 0, 0
77949, 6880, 1, 0, 0
78049, 21120, 0, 0, 0
78049, 7680, 1, 0, 0
78149, 18240, 0, 0, 0
78149, 9280, 1, 0, 0
78249, 20000, 0, 0, 0
78249, 8480, 1, 0, 0
78349, 22720, 0, 0, 0
78349, 7680, 1, 0, 0
78449, 16160, 0, 0, 0
78449, 8640, 1, 0, 0
78550, 19680, 0, 0, 0
78550, 9280, 1, 0, 0
78650, 21600, 0, 0, 0
78650, 8320, 1, 0, 0
78749, 22141, 0, 0, 0
78749, 8404, 1, 0, 0
78849, 20800, 0, 0, 0
78849, 8480, 1, 0, 0
78949, 22080, 0, 0, 0
78949, 8800, 1, 0, 0
79049, 20960, 0, 0, 0
79049, 8800, 1, 0, 0
79149, 19360, 0, 0, 0
79149, 8960, 1, 0, 0
79249, 20320, 0, 0, 0
79249, 9280, 1, 0, 0
79349, 18560, 0, 0, 0
79349, 7680, 1, 0, 0
79449, 21760, 0, 0, 0
79449, 7360, 1, 0, 0
79549, 20800, 0, 0, 0
79549, 8800, 1, 0, 0
79649, 18080, 0, 0, 0
79649, 9600, 1, 0, 0
79750, 20160, 0, 0, 0
79750, 9440, 1, 0, 0
79850, 21440, 0, 0, 0
79850, 8160, 1, 0, 0
79950, 22720, 0, 0, 0
79950, 7520, 1, 0, 0
80050, 21440, 0, 0, 0
80050, 8320, 1, 0, 0
80150, 21760, 0, 0, 0
80150, 6720, 1, 0, 0
80249, 18424, 0, 0, 0
80249, 9212, 1, 0, 0
80349, 19040, 0, 0, 0
80349, 9280, 1, 0, 0
80449, 18560, 0, 0, 0
80449, 9440, 1, 0, 0
80549, 16800, 0, 0, 0
80549, 5920, 1, 0, 0
80649, 960, 0, 0, 0
80649, 480, 1, 0, 0
80749, 8320, 0, 0, 0
80749, 2880, 1, 0, 0
80850, 15840, 0, 0, 0
80850, 8320, 1, 0, 0
80950, 20160, 0, 0, 0
80950, 8480, 1, 0, 0
81050, 14720, 0, 0, 0
81050, 8160, 1, 0, 0
81150, 18560, 0, 0, 0
81150, 9600, 1, 0, 0
81249, 20525, 0, 0, 0
81249, 8727, 1, 0, 0
81349, 20000, 0, 0, 0
81349, 8640, 1, 0, 0
81449, 18720, 0, 0, 0
81449, 9280, 1, 0, 0
81549, 20640, 0, 0, 0
81549, 8320, 1, 0, 0
81649, 24800, 0, 0, 0
81649, 7200, 1, 0, 0
81749, 9600, 0, 0, 0
81749, 3840, 1, 0, 0
81849, 20000, 0, 0, 0
81849, 7200, 1, 0, 0
81949, 19200, 0, 0, 0
81949, 9440, 1, 0, 0
82049, 5920, 0, 0, 0
82049, 3360, 1, 0, 0
82150, 18080, 0, 0, 0
82150, 7200, 1, 0, 0
82250, 24160, 0, 0, 0
82250, 7520, 1, 0, 0
82350, 18880, 0, 0, 0
82350, 8800, 1, 0, 0
82450, 23200, 0, 0, 0
82450, 7680, 1, 0, 0
82550, 19360, 0, 0, 0
82550, 7840, 1, 0, 0
82650, 19680, 0, 0, 0
82650, 9280, 1, 0, 0
82749, 22141, 0, 0, 0
82749, 8080, 1, 0, 0
82849, 19040, 0, 0, 0
82849, 9120, 1, 0, 0
82949, 21120, 0, 0, 0
82949, 8480, 1, 0, 0
83049, 20480, 0, 0, 0
83049, 8640, 1, 0, 0
83149, 21920, 0, 0, 0
83149, 8000, 1, 0, 0
83249, 19680, 0, 0, 0
83249, 7840, 1, 0, 0
83349, 18240, 0, 0, 0
83349, 9120, 1, 0, 0
83450, 16480, 0, 0, 0
83450, 10400, 1, 0, 0
83550, 22080, 0, 0, 0
83550, 8800, 1, 0, 0
83650, 24160, 0, 0, 0
83650, 7200, 1, 0, 0
83749, 17131, 0, 0, 0
83749, 9212, 1, 0, 0
83849, 21600, 0, 0, 0
83849, 7200, 1, 0, 0
83949, 20960, 0, 0, 0
83949, 8800, 1, 0, 0
84049, 21600, 0, 0, 0
84049, 8160, 1, 0, 0
84149, 17920, 0, 0, 0
84149, 7360, 1, 0, 0
84249, 20800, 0, 0, 0
84249, 8800, 1, 0, 0
84349, 21280, 0, 0, 0
84349, 8480, 1, 0, 0
84449, 17440, 0, 0, 0
84449, 7360, 1, 0, 0
84549, 18080, 0, 0, 0
84549, 8960, 1, 0, 0
84650, 22080, 0, 0, 0
84650, 8320, 1, 0, 0
84750, 20640, 0, 0, 0
84750, 8800, 1, 0, 0
84850, 19520, 0, 0, 0
84850, 8960, 1, 0, 0
84950, 24640, 0, 0, 0
84950, 7840, 1, 0, 0
85050, 19200, 0, 0, 0
85050, 8320, 1, 0, 0
85150, 18560, 0, 0, 0
85150, 9280, 1, 0, 0
85249, 21818, 0, 0, 0
85249, 8404, 1, 0, 0
85349, 20160, 0, 0, 0
85349, 8320, 1, 0, 0
85449, 21120, 0, 0, 0
85449, 8480, 1, 0, 0
85549, 20480, 0, 0, 0
85549, 8320, 1, 0, 0
85649, 17760, 0, 0, 0
85649, 9920, 1, 0, 0
85749, 21120, 0, 0, 0
85749, 7680, 1, 0, 0
85849, 19840, 0, 0, 0
85849, 8800, 1, 0, 0
85949, 22560, 0, 0, 0
85949, 8320, 1, 0, 0
86050, 18560, 0, 0, 0
86050, 9920, 1, 0, 0
86150, 15040, 0, 0, 0
86150, 7360, 1, 0, 0
86249, 15838, 0, 0, 0
86249, 10666, 1, 0, 0
86349, 24000, 0, 0, 0
86349, 8000, 1, 0, 0
86449, 18880, 0, 0, 0
86449, 9440, 1, 0, 0
86549, 16960, 0, 0, 0
86549, 8800, 1, 0, 0
86649, 19200, 0, 0, 0
86649, 9600, 1, 0, 0
86749, 13760, 0, 0, 0
86749, 4000, 1, 0, 0
86849, 1760, 0, 0, 0
86849, 640, 1, 0, 0
86949, 2240, 0, 0, 0
86949, 1120, 1, 0, 0
87049, 7200, 0, 0, 0
87049, 4160, 1, 0, 0
87150, 19520, 0, 0, 0
87150, 8800, 1, 0, 0
87250, 21120, 0, 0, 0
87250, 8640, 1, 0, 0
87350, 24800, 0, 0, 0
87350, 7200, 1, 0, 0
87450, 23360, 0, 0, 0
87450, 7680, 1, 0, 0
87550, 21280, 0, 0, 0
87550, 8800, 1, 0, 0
87650, 19680, 0, 0, 0
87650, 8800, 1, 0, 0
87749, 21656, 0, 0, 0
87749, 8080, 1, 0, 0
87849, 18560, 0, 0, 0
87849, 9760, 1, 0, 0
87949, 20160, 0, 0, 0
87949, 9440, 1, 0, 0
88049, 21280, 0, 0, 0
88049, 8320, 1, 0, 0
88149, 19520, 0, 0, 0
88149, 8960, 1, 0, 0
88249, 22240, 0, 0, 0
88249, 8160, 1, 0, 0
88349, 24640, 0, 0, 0
88349, 6240, 1, 0, 0
88449, 18080, 0, 0, 0
88449, 9600, 1, 0, 0
88550, 17120, 0, 0, 0
88550, 9440, 1, 0, 0
88650, 18080, 0, 0, 0
88650, 9280, 1, 0, 0
88749, 11313, 0, 0, 0
88749, 6141, 1, 0, 0
88849, 16640, 0, 0, 0
88849, 8800, 1, 0, 0
88949, 20000, 0, 0, 0
88949, 8800, 1, 0, 0
89049, 20960, 0, 0, 0
89049, 8320, 1, 0, 0
89149, 19360, 0, 0, 0
89149, 9280, 1, 0, 0
89249, 20480, 0, 0, 0
89249, 8800, 1, 0, 0
89349, 17120, 0, 0, 0
89349, 8320, 1, 0, 0
89449, 10720, 0, 0, 0
89449, 4960, 1, 0, 0
89549, 19040, 0, 0, 0
89549, 8640, 1, 0, 0
89649, 17280, 0, 0, 0
89649, 9600, 1, 0, 0
89749, 21280, 0, 0, 0
89749, 8000, 1, 0, 0
89849, 18400, 0, 0, 0
89849, 9760, 1, 0, 0
89949, 21120, 0, 0, 0
89949, 9440, 1, 0, 0
