104, 283497, 1, 0, 0
201, 283011, 1, 0, 0
311, 278989, 1, 0, 0
402, 286711, 1, 0, 0
503, 245446, 1, 0, 0
601, 301871, 1, 0, 0
706, 278413, 1, 0, 0
801, 278599, 1, 0, 0
908, 255972, 1, 0, 0
1001, 292835, 1, 0, 0
1107, 277156, 1, 0, 0
1200, 307911, 1, 0, 0
1304, 283829, 1, 0, 0
1400, 285191, 1, 0, 0
1503, 310273, 1, 0, 0
1601, 300973, 1, 0, 0
1700, 283510, 1, 0, 0
1801, 287100, 1, 0, 0
1915, 283513, 1, 0, 0
2002, 299525, 1, 0, 0
2100, 280696, 1, 0, 0
2208, 314342, 1, 0, 0
2300, 279064, 1, 0, 0
2403, 285044, 1, 0, 0
2520, 255403, 1, 0, 0
2611, 271022, 1, 0, 0
2700, 366865, 1, 0, 0
2801, 357379, 1, 0, 0
2913, 346513, 1, 0, 0
3000, 282162, 1, 0, 0
3102, 310680, 1, 0, 0
3200, 260419, 1, 0, 0
3304, 273425, 1, 0, 0
3402, 256931, 1, 0, 0
3511, 277686, 1, 0, 0
3600, 297058, 1, 0, 0
3709, 305900, 1, 0, 0
3801, 316082, 1, 0, 0
3900, 321790, 1, 0, 0
4001, 332016, 1, 0, 0
4100, 307153, 1, 0, 0
4215, 272591, 1, 0, 0
4300, 331885, 1, 0, 0
4403, 267774, 1, 0, 0
4500, 272668, 1, 0, 0
4608, 298397, 1, 0, 0
4702, 293513, 1, 0, 0
4810, 245728, 1, 0, 0
4907, 263890, 1, 0, 0
5008, 279755, 1, 0, 0
5111, 270396, 1, 0, 0
5205, 261375, 1, 0, 0
5302, 291714, 1, 0, 0
5402, 248553, 1, 0, 0
5502, 236485, 1, 0, 0
5603, 256784, 1, 0, 0
5700, 262677, 1, 0, 0
5801, 258078, 1, 0, 0
5904, 251705, 1, 0, 0
6004, 275992, 1, 0, 0
6100, 234303, 1, 0, 0
6205, 258281, 1, 0, 0
6304, 234696, 1, 0, 0
6404, 237072, 1, 0, 0
6502, 246792, 1, 0, 0
6602, 228200, 1, 0, 0
6701, 253220, 1, 0, 0
6811, 233660, 1, 0, 0
6920, 251948, 1, 0, 0
7000, 248894, 1, 0, 0
7112, 288938, 1, 0, 0
7202, 292748, 1, 0, 0
7302, 233141, 1, 0, 0
7400, 266650, 1, 0, 0
7511, 251243, 1, 0, 0
7603, 158996, 1, 0, 0
7706, 237008, 1, 0, 0
7811, 220369, 1, 0, 0
7908, 247800, 1, 0, 0
8001, 274248, 1, 0, 0
8104, 283208, 1, 0, 0
8205, 260410, 1, 0, 0
8302, 220450, 1, 0, 0
8401, 224771, 1, 0, 0
8502, 246374, 1, 0, 0
8607, 178079, 1, 0, 0
8713, 212833, 1, 0, 0
8803, 214538, 1, 0, 0
8901, 192952, 1, 0, 0
9009, 192030, 1, 0, 0
9114, 199161, 1, 0, 0
9204, 200825, 1, 0, 0
9300, 209766, 1, 0, 0
9402, 208815, 1, 0, 0
9508, 214951, 1, 0, 0
9601, 219774, 1, 0, 0
9703, 193203, 1, 0, 0
9802, 221895, 1, 0, 0
9911, 220903, 1, 0, 0
10003, 199226, 1, 0, 0
10102, 192149, 1, 0, 0
10200, 195794, 1, 0, 0
10300, 207432, 1, 0, 0
10401, 179415, 1, 0, 0
10501, 193596, 1, 0, 0
10600, 208889, 1, 0, 0
10707, 281489, 1, 0, 0
10800, 286443, 1, 0, 0
10903, 260197, 1, 0, 0
11004, 250733, 1, 0, 0
11102, 262229, 1, 0, 0
11203, 265544, 1, 0, 0
11301, 288406, 1, 0, 0
11401, 255150, 1, 0, 0
11501, 257026, 1, 0, 0
11602, 255216, 1, 0, 0
11707, 299198, 1, 0, 0
11801, 294645, 1, 0, 0
11903, 284132, 1, 0, 0
12007, 303601, 1, 0, 0
12100, 263919, 1, 0, 0
12206, 258517, 1, 0, 0
12301, 256382, 1, 0, 0
12409, 296473, 1, 0, 0
12505, 265157, 1, 0, 0
12607, 290921, 1, 0, 0
12706, 294522, 1, 0, 0
12804, 213852, 1, 0, 0
12905, 304612, 1, 0, 0
13000, 282596, 1, 0, 0
13100, 255361, 1, 0, 0
13205, 251959, 1, 0, 0
13302, 300100, 1, 0, 0
13407, 271993, 1, 0, 0
13502, 268433, 1, 0, 0
13600, 212571, 1, 0, 0
13711, 305723, 1, 0, 0
13804, 289960, 1, 0, 0
13900, 259185, 1, 0, 0
14000, 284329, 1, 0, 0
14100, 251750, 1, 0, 0
14217, 244074, 1, 0, 0
14300, 283851, 1, 0, 0
14402, 223516, 1, 0, 0
14504, 276932, 1, 0, 0
14603, 250037, 1, 0, 0
14702, 255277, 1, 0, 0
14818, 177559, 1, 0, 0
14900, 187152, 1, 0, 0
15000, 207713, 1, 0, 0
15100, 164017, 1, 0, 0
15206, 186421, 1, 0, 0
15305, 166164, 1, 0, 0
15400, 233790, 1, 0, 0
15502, 276132, 1, 0, 0
15611, 275238, 1, 0, 0
15705, 265016, 1, 0, 0
15820, 287113, 1, 0, 0
15900, 300234, 1, 0, 0
16005, 243068, 1, 0, 0
16104, 265593, 1, 0, 0
16213, 257315, 1, 0, 0
16304, 261177, 1, 0, 0
16417, 243361, 1, 0, 0
16501, 263819, 1, 0, 0
16608, 287248, 1, 0, 0
16700, 291405, 1, 0, 0
16802, 287814, 1, 0, 0
16904, 318374, 1, 0, 0
17003, 256715, 1, 0, 0
17101, 303057, 1, 0, 0
17206, 268269, 1, 0, 0
17302, 262114, 1, 0, 0
17401, 273127, 1, 0, 0
17506, 283206, 1, 0, 0
17611, 276269, 1, 0, 0
17700, 337134, 1, 0, 0
17809, 288710, 1, 0, 0
17900, 303830, 1, 0, 0
18010, 284592, 1, 0, 0
18100, 280920, 1, 0, 0
18201, 231228, 1, 0, 0
18302, 327637, 1, 0, 0
18400, 270988, 1, 0, 0
18506, 248678, 1, 0, 0
18600, 263580, 1, 0, 0
18715, 293890, 1, 0, 0
18801, 294669, 1, 0, 0
18907, 272357, 1, 0, 0
19001, 279403, 1, 0, 0
19102, 251658, 1, 0, 0
19200, 287243, 1, 0, 0
19304, 301470, 1, 0, 0
19400, 268570, 1, 0, 0
19500, 289867, 1, 0, 0
19601, 284790, 1, 0, 0
19702, 245053, 1, 0, 0
19800, 280509, 1, 0, 0
19903, 279006, 1, 0, 0
20003, 334894, 1, 0, 0
20101, 230280, 1, 0, 0
20202, 236466, 1, 0, 0
20305, 295758, 1, 0, 0
20419, 262799, 1, 0, 0
20500, 269402, 1, 0, 0
20600, 277455, 1, 0, 0
20701, 277638, 1, 0, 0
20806, 248545, 1, 0, 0
20913, 268848, 1, 0, 0
21015, 258807, 1, 0, 0
21101, 300615, 1, 0, 0
21201, 276741, 1, 0, 0
21303, 287963, 1, 0, 0
21407, 300405, 1, 0, 0
21503, 297539, 1, 0, 0
21603, 268777, 1, 0, 0
21720, 280535, 1, 0, 0
21819, 258471, 1, 0, 0
21903, 265242, 1, 0, 0
22002, 270163, 1, 0, 0
22109, 311099, 1, 0, 0
22201, 282299, 1, 0, 0
22312, 267780, 1, 0, 0
22406, 285678, 1, 0, 0
22507, 269858, 1, 0, 0
22605, 294069, 1, 0, 0
22700, 289268, 1, 0, 0
22800, 299174, 1, 0, 0
22900, 302679, 1, 0, 0
23001, 301470, 1, 0, 0
23101, 278105, 1, 0, 0
23204, 302681, 1, 0, 0
23300, 284063, 1, 0, 0
23412, 305294, 1, 0, 0
23520, 265499, 1, 0, 0
23608, 168600, 1, 0, 0
23702, 158653, 1, 0, 0
23806, 179202, 1, 0, 0
23902, 186902, 1, 0, 0
24002, 188516, 1, 0, 0
24103, 180311, 1, 0, 0
24215, 167511, 1, 0, 0
24301, 190649, 1, 0, 0
24400, 171128, 1, 0, 0
24502, 176780, 1, 0, 0
24600, 158394, 1, 0, 0
24700, 165565, 1, 0, 0
24803, 176441, 1, 0, 0
24906, 186015, 1, 0, 0
25000, 166831, 1, 0, 0
25109, 179069, 1, 0, 0
25201, 169961, 1, 0, 0
25301, 170769, 1, 0, 0
25405, 168505, 1, 0, 0
25503, 194247, 1, 0, 0
25605, 186999, 1, 0, 0
25704, 162690, 1, 0, 0
25806, 160462, 1, 0, 0
25906, 189115, 1, 0, 0
26006, 165757, 1, 0, 0
26100, 170202, 1, 0, 0
26203, 189960, 1, 0, 0
26300, 226870, 1, 0, 0
26403, 285981, 1, 0, 0
26511, 313065, 1, 0, 0
26612, 301594, 1, 0, 0
26705, 302554, 1, 0, 0
26808, 278044, 1, 0, 0
26903, 244370, 1, 0, 0
27004, 267455, 1, 0, 0
27108, 263831, 1, 0, 0
27210, 250243, 1, 0, 0
27308, 236488, 1, 0, 0
27401, 189796, 1, 0, 0
27503, 198269, 1, 0, 0
27603, 189650, 1, 0, 0
27706, 196921, 1, 0, 0
27801, 204202, 1, 0, 0
27905, 175799, 1, 0, 0
28000, 186874, 1, 0, 0
28103, 200527, 1, 0, 0
28202, 225549, 1, 0, 0
28300, 224983, 1, 0, 0
28400, 211731, 1, 0, 0
28500, 200552, 1, 0, 0
28604, 244973, 1, 0, 0
28702, 331361, 1, 0, 0
28808, 246976, 1, 0, 0
28909, 241534, 1, 0, 0
29005, 220470, 1, 0, 0
29101, 230584, 1, 0, 0
29200, 221233, 1, 0, 0
29307, 253395, 1, 0, 0
29409, 252812, 1, 0, 0
29502, 239670, 1, 0, 0
29600, 245038, 1, 0, 0
29703, 242939, 1, 0, 0
29803, 284710, 1, 0, 0
29904, 258480, 1, 0, 0
30000, 283640, 1, 0, 0
30104, 250852, 1, 0, 0
30209, 290598, 1, 0, 0
30307, 281432, 1, 0, 0
30401, 258009, 1, 0, 0
30511, 193538, 1, 0, 0
30604, 264743, 1, 0, 0
30702, 279555, 1, 0, 0
30802, 258300, 1, 0, 0
30903, 179729, 1, 0, 0
31002, 192526, 1, 0, 0
31100, 212671, 1, 0, 0
31200, 238662, 1, 0, 0
31300, 268128, 1, 0, 0
31409, 240878, 1, 0, 0
31501, 276564, 1, 0, 0
31600, 293617, 1, 0, 0
31707, 265176, 1, 0, 0
31804, 289509, 1, 0, 0
31906, 299329, 1, 0, 0
32007, 277395, 1, 0, 0
32106, 244564, 1, 0, 0
32203, 235283, 1, 0, 0
32301, 238122, 1, 0, 0
32413, 220892, 1, 0, 0
32500, 229918, 1, 0, 0
32616, 225337, 1, 0, 0
32703, 236310, 1, 0, 0
32800, 254895, 1, 0, 0
32902, 227504, 1, 0, 0
33022, 247058, 1, 0, 0
33101, 251820, 1, 0, 0
33202, 228612, 1, 0, 0
33302, 260326, 1, 0, 0
33405, 274808, 1, 0, 0
33503, 247197, 1, 0, 0
33606, 226500, 1, 0, 0
33724, 215557, 1, 0, 0
33804, 249223, 1, 0, 0
33904, 301771, 1, 0, 0
34005, 227172, 1, 0, 0
34100, 241493, 1, 0, 0
34200, 199243, 1, 0, 0
34303, 239164, 1, 0, 0
34406, 222270, 1, 0, 0
34501, 231233, 1, 0, 0
34607, 243076, 1, 0, 0
34703, 202183, 1, 0, 0
34801, 218232, 1, 0, 0
34902, 202477, 1, 0, 0
35004, 205081, 1, 0, 0
35107, 227643, 1, 0, 0
35201, 219661, 1, 0, 0
35305, 202627, 1, 0, 0
35401, 205036, 1, 0, 0
35500, 204929, 1, 0, 0
35603, 265497, 1, 0, 0
35700, 251087, 1, 0, 0
35800, 272859, 1, 0, 0
35914, 252782, 1, 0, 0
36003, 196297, 1, 0, 0
36101, 256687, 1, 0, 0
36203, 224829, 1, 0, 0
36305, 249099, 1, 0, 0
36404, 242225, 1, 0, 0
36500, 228782, 1, 0, 0
36615, 227982, 1, 0, 0
36700, 249843, 1, 0, 0
36800, 223903, 1, 0, 0
36901, 240057, 1, 0, 0
37006, 215886, 1, 0, 0
37108, 237184, 1, 0, 0
37209, 238267, 1, 0, 0
37301, 285240, 1, 0, 0
37403, 215175, 1, 0, 0
37501, 197959, 1, 0, 0
37610, 212123, 1, 0, 0
37701, 247160, 1, 0, 0
37800, 226466, 1, 0, 0
37909, 248978, 1, 0, 0
38005, 256360, 1, 0, 0
38111, 240016, 1, 0, 0
38204, 209791, 1, 0, 0
38311, 225711, 1, 0, 0
38409, 243008, 1, 0, 0
38505, 249787, 1, 0, 0
38604, 254401, 1, 0, 0
38700, 217977, 1, 0, 0
38801, 236813, 1, 0, 0
38902, 208828, 1, 0, 0
39006, 220317, 1, 0, 0
39100, 245136, 1, 0, 0
39210, 195182, 1, 0, 0
39303, 217135, 1, 0, 0
39402, 235240, 1, 0, 0
39516, 214491, 1, 0, 0
39600, 220692, 1, 0, 0
39701, 232902, 1, 0, 0
39800, 264602, 1, 0, 0
39901, 210570, 1, 0, 0
40005, 232095, 1, 0, 0
40100, 232527, 1, 0, 0
40207, 248552, 1, 0, 0
40306, 216766, 1, 0, 0
40403, 182347, 1, 0, 0
40504, 235437, 1, 0, 0
40606, 211299, 1, 0, 0
40703, 216177, 1, 0, 0
40800, 194382, 1, 0, 0
40904, 224217, 1, 0, 0
41021, 229604, 1, 0, 0
41106, 247927, 1, 0, 0
41204, 237702, 1, 0, 0
41301, 274858, 1, 0, 0
41402, 229926, 1, 0, 0
41500, 221077, 1, 0, 0
41603, 241641, 1, 0, 0
41710, 226021, 1, 0, 0
41800, 228553, 1, 0, 0
41908, 244108, 1, 0, 0
42000, 204094, 1, 0, 0
42101, 194774, 1, 0, 0
42201, 225816, 1, 0, 0
42305, 251925, 1, 0, 0
42400, 235919, 1, 0, 0
42506, 217274, 1, 0, 0
42603, 223473, 1, 0, 0
42723, 222313, 1, 0, 0
42805, 262156, 1, 0, 0
42903, 214351, 1, 0, 0
43000, 232929, 1, 0, 0
43110, 223761, 1, 0, 0
43208, 236595, 1, 0, 0
43303, 263275, 1, 0, 0
43401, 214277, 1, 0, 0
43519, 227578, 1, 0, 0
43602, 241178, 1, 0, 0
43703, 236632, 1, 0, 0
43800, 200822, 1, 0, 0
43907, 240573, 1, 0, 0
44016, 213818, 1, 0, 0
44103, 212186, 1, 0, 0
44202, 207290, 1, 0, 0
44300, 213436, 1, 0, 0
44400, 233981, 1, 0, 0
44502, 217648, 1, 0, 0
44602, 211990, 1, 0, 0
44700, 189392, 1, 0, 0
44800, 207816, 1, 0, 0
44900, 212033, 1, 0, 0
45000, 240939, 1, 0, 0
45100, 211001, 1, 0, 0
45202, 207939, 1, 0, 0
45309, 246080, 1, 0, 0
45409, 247448, 1, 0, 0
45503, 234136, 1, 0, 0
45601, 217942, 1, 0, 0
45702, 267621, 1, 0, 0
45800, 246619, 1, 0, 0
45910, 228651, 1, 0, 0
46001, 248673, 1, 0, 0
46107, 248149, 1, 0, 0
46203, 232731, 1, 0, 0
46307, 286438, 1, 0, 0
46401, 263364, 1, 0, 0
46502, 245632, 1, 0, 0
46608, 258275, 1, 0, 0
46700, 270299, 1, 0, 0
46800, 250113, 1, 0, 0
46900, 244009, 1, 0, 0
47001, 195934, 1, 0, 0
47106, 216407, 1, 0, 0
47222, 217852, 1, 0, 0
47301, 206420, 1, 0, 0
47405, 188091, 1, 0, 0
47505, 238666, 1, 0, 0
47603, 206867, 1, 0, 0
47703, 235207, 1, 0, 0
47801, 231160, 1, 0, 0
47900, 201865, 1, 0, 0
48013, 218009, 1, 0, 0
48101, 228570, 1, 0, 0
48216, 202692, 1, 0, 0
48300, 205586, 1, 0, 0
48402, 207077, 1, 0, 0
48500, 221022, 1, 0, 0
48619, 192388, 1, 0, 0
48705, 179413, 1, 0, 0
48811, 211046, 1, 0, 0
48910, 194122, 1, 0, 0
49000, 212821, 1, 0, 0
49101, 203842, 1, 0, 0
49200, 234176, 1, 0, 0
49307, 171046, 1, 0, 0
49401, 197706, 1, 0, 0
49513, 211371, 1, 0, 0
49608, 165989, 1, 0, 0
49710, 209396, 1, 0, 0
49802, 209558, 1, 0, 0
49903, 277692, 1, 0, 0
50000, 206145, 1, 0, 0
50101, 187183, 1, 0, 0
50206, 189942, 1, 0, 0
50309, 228694, 1, 0, 0
50401, 237832, 1, 0, 0
50505, 220996, 1, 0, 0
50600, 191694, 1, 0, 0
50705, 188235, 1, 0, 0
50800, 235607, 1, 0, 0
50901, 246646, 1, 0, 0
51000, 195503, 1, 0, 0
51104, 190558, 1, 0, 0
51204, 232545, 1, 0, 0
51309, 214324, 1, 0, 0
51400, 188022, 1, 0, 0
51500, 213838, 1, 0, 0
51607, 199173, 1, 0, 0
51703, 234321, 1, 0, 0
51809, 239785, 1, 0, 0
51907, 229366, 1, 0, 0
52014, 204943, 1, 0, 0
52100, 215566, 1, 0, 0
52209, 212329, 1, 0, 0
52300, 194693, 1, 0, 0
52402, 255223, 1, 0, 0
52500, 231084, 1, 0, 0
52600, 213980, 1, 0, 0
52725, 224823, 1, 0, 0
52801, 226647, 1, 0, 0
52909, 187594, 1, 0, 0
53001, 222424, 1, 0, 0
53102, 229060, 1, 0, 0
53203, 237438, 1, 0, 0
53304, 238881, 1, 0, 0
53406, 260554, 1, 0, 0
53501, 215465, 1, 0, 0
53608, 230568, 1, 0, 0
53700, 239154, 1, 0, 0
53805, 234030, 1, 0, 0
53901, 238336, 1, 0, 0
54000, 237468, 1, 0, 0
54103, 266956, 1, 0, 0
54202, 239287, 1, 0, 0
54304, 208213, 1, 0, 0
54403, 229622, 1, 0, 0
54502, 262899, 1, 0, 0
54602, 245875, 1, 0, 0
54704, 221404, 1, 0, 0
54804, 245877, 1, 0, 0
54904, 236938, 1, 0, 0
55000, 246751, 1, 0, 0
55100, 273460, 1, 0, 0
55212, 210394, 1, 0, 0
55301, 257566, 1, 0, 0
55404, 219156, 1, 0, 0
55506, 226742, 1, 0, 0
55603, 205183, 1, 0, 0
55708, 221322, 1, 0, 0
55800, 234074, 1, 0, 0
55901, 207282, 1, 0, 0
56002, 185874, 1, 0, 0
56102, 242257, 1, 0, 0
56205, 210768, 1, 0, 0
56301, 252932, 1, 0, 0
56400, 271827, 1, 0, 0
56505, 266024, 1, 0, 0
56608, 229367, 1, 0, 0
56702, 266106, 1, 0, 0
56804, 214305, 1, 0, 0
56916, 218274, 1, 0, 0
57004, 224018, 1, 0, 0
57116, 257203, 1, 0, 0
57200, 222107, 1, 0, 0
57309, 199719, 1, 0, 0
57400, 208329, 1, 0, 0
57507, 216778, 1, 0, 0
57603, 240906, 1, 0, 0
57700, 240711, 1, 0, 0
57804, 233618, 1, 0, 0
57900, 237979, 1, 0, 0
58005, 240096, 1, 0, 0
58106, 224597, 1, 0, 0
58204, 239730, 1, 0, 0
58300, 257153, 1, 0, 0
58401, 267166, 1, 0, 0
58518, 272697, 1, 0, 0
58600, 244141, 1, 0, 0
58700, 224234, 1, 0, 0
58805, 201104, 1, 0, 0
58906, 222592, 1, 0, 0
59000, 256705, 1, 0, 0
59103, 283133, 1, 0, 0
59204, 232146, 1, 0, 0
59300, 222665, 1, 0, 0
59418, 204426, 1, 0, 0
59509, 226240, 1, 0, 0
59608, 253682, 1, 0, 0
59700, 267352, 1, 0, 0
59810, 241020, 1, 0, 0
59901, 206270, 1, 0, 0
60002, 244302, 1, 0, 0
60106, 227388, 1, 0, 0
60217, 236317, 1, 0, 0
60300, 256969, 1, 0, 0
60401, 242066, 1, 0, 0
60500, 207978, 1, 0, 0
60601, 215746, 1, 0, 0
60702, 245120, 1, 0, 0
60801, 261475, 1, 0, 0
60906, 213022, 1, 0, 0
61000, 257624, 1, 0, 0
61111, 276401, 1, 0, 0
61200, 261712, 1, 0, 0
61303, 234347, 1, 0, 0
61401, 249435, 1, 0, 0
61505, 251961, 1, 0, 0
61603, 207041, 1, 0, 0
61702, 238699, 1, 0, 0
61821, 244767, 1, 0, 0
61910, 173454, 1, 0, 0
62002, 240233, 1, 0, 0
62102, 240450, 1, 0, 0
62207, 212883, 1, 0, 0
62301, 229485, 1, 0, 0
62407, 208354, 1, 0, 0
62500, 203834, 1, 0, 0
62616, 205933, 1, 0, 0
62703, 242544, 1, 0, 0
62808, 187961, 1, 0, 0
62903, 202188, 1, 0, 0
63000, 220157, 1, 0, 0
63110, 217489, 1, 0, 0
63219, 187523, 1, 0, 0
63304, 233088, 1, 0, 0
63400, 229156, 1, 0, 0
63503, 243672, 1, 0, 0
63600, 217015, 1, 0, 0
63700, 218682, 1, 0, 0
63811, 213572, 1, 0, 0
63903, 233519, 1, 0, 0
64009, 219424, 1, 0, 0
64108, 230417, 1, 0, 0
64210, 246795, 1, 0, 0
64300, 241469, 1, 0, 0
64401, 253240, 1, 0, 0
64501, 238848, 1, 0, 0
64601, 226798, 1, 0, 0
64700, 208118, 1, 0, 0
64809, 188080, 1, 0, 0
64901, 226032, 1, 0, 0
65000, 222537, 1, 0, 0
65100, 203102, 1, 0, 0
65206, 213603, 1, 0, 0
65315, 233026, 1, 0, 0
65402, 198280, 1, 0, 0
65501, 213112, 1, 0, 0
65614, 216665, 1, 0, 0
65705, 237130, 1, 0, 0
65801, 201444, 1, 0, 0
65912, 204801, 1, 0, 0
66001, 207091, 1, 0, 0
66101, 204453, 1, 0, 0
66208, 259966, 1, 0, 0
66300, 230403, 1, 0, 0
66401, 227560, 1, 0, 0
66501, 261144, 1, 0, 0
66603, 263454, 1, 0, 0
66701, 238373, 1, 0, 0
66804, 248143, 1, 0, 0
66900, 234787, 1, 0, 0
67022, 239516, 1, 0, 0
67103, 219936, 1, 0, 0
67200, 235144, 1, 0, 0
67300, 229182, 1, 0, 0
67400, 252877, 1, 0, 0
67503, 260661, 1, 0, 0
67606, 236529, 1, 0, 0
67703, 231398, 1, 0, 0
67803, 262896, 1, 0, 0
67902, 241491, 1, 0, 0
68001, 237752, 1, 0, 0
68100, 244857, 1, 0, 0
68200, 236616, 1, 0, 0
68307, 225660, 1, 0, 0
68402, 239986, 1, 0, 0
68519, 236783, 1, 0, 0
68603, 234708, 1, 0, 0
68701, 251480, 1, 0, 0
68800, 234139, 1, 0, 0
68902, 234324, 1, 0, 0
69002, 238439, 1, 0, 0
69105, 230716, 1, 0, 0
69205, 250429, 1, 0, 0
69328, 250471, 1, 0, 0
69400, 221401, 1, 0, 0
69507, 220129, 1, 0, 0
69600, 252041, 1, 0, 0
69700, 236743, 1, 0, 0
69802, 256530, 1, 0, 0
69902, 229305, 1, 0, 0
70001, 256081, 1, 0, 0
70104, 247836, 1, 0, 0
70203, 214530, 1, 0, 0
70300, 208390, 1, 0, 0
70404, 238098, 1, 0, 0
70505, 256220, 1, 0, 0
70602, 216890, 1, 0, 0
70701, 201532, 1, 0, 0
70802, 201355, 1, 0, 0
70901, 219090, 1, 0, 0
71005, 226700, 1, 0, 0
71101, 188152, 1, 0, 0
71202, 219526, 1, 0, 0
71303, 253158, 1, 0, 0
71401, 241797, 1, 0, 0
71515, 218616, 1, 0, 0
71610, 207463, 1, 0, 0
71704, 186891, 1, 0, 0
71803, 211937, 1, 0, 0
71900, 210193, 1, 0, 0
72002, 184286, 1, 0, 0
72103, 199426, 1, 0, 0
72207, 177361, 1, 0, 0
72300, 182364, 1, 0, 0
72410, 231759, 1, 0, 0
72504, 176678, 1, 0, 0
72602, 198320, 1, 0, 0
72709, 215117, 1, 0, 0
72804, 195281, 1, 0, 0
72914, 219405, 1, 0, 0
73004, 209055, 1, 0, 0
73100, 193191, 1, 0, 0
73206, 180147, 1, 0, 0
73305, 189054, 1, 0, 0
73400, 182918, 1, 0, 0
73516, 190976, 1, 0, 0
73611, 213017, 1, 0, 0
73725, 210142, 1, 0, 0
73810, 187874, 1, 0, 0
73906, 205197, 1, 0, 0
74000, 193465, 1, 0, 0
74110, 209967, 1, 0, 0
74202, 198171, 1, 0, 0
74300, 208721, 1, 0, 0
74400, 220153, 1, 0, 0
74500, 214950, 1, 0, 0
74602, 221847, 1, 0, 0
74702, 200045, 1, 0, 0
74807, 193781, 1, 0, 0
74902, 210582, 1, 0, 0
75002, 202475, 1, 0, 0
75101, 195055, 1, 0, 0
75200, 219925, 1, 0, 0
75307, 252949, 1, 0, 0
75412, 236362, 1, 0, 0
75500, 241469, 1, 0, 0
75601, 266103, 1, 0, 0
75701, 269435, 1, 0, 0
75808, 245978, 1, 0, 0
75916, 240547, 1, 0, 0
76011, 211154, 1, 0, 0
76116, 256213, 1, 0, 0
76211, 253407, 1, 0, 0
76308, 297903, 1, 0, 0
76410, 262180, 1, 0, 0
76501, 247140, 1, 0, 0
76609, 261777, 1, 0, 0
76703, 241126, 1, 0, 0
76811, 271334, 1, 0, 0
76904, 281662, 1, 0, 0
77000, 267449, 1, 0, 0
77103, 287883, 1, 0, 0
77201, 305964, 1, 0, 0
77300, 236223, 1, 0, 0
77418, 246051, 1, 0, 0
77501, 269552, 1, 0, 0
77604, 283686, 1, 0, 0
77700, 264916, 1, 0, 0
77800, 263807, 1, 0, 0
77908, 276783, 1, 0, 0
78014, 290754, 1, 0, 0
78102, 247612, 1, 0, 0
78200, 289521, 1, 0, 0
78312, 256625, 1, 0, 0
78407, 297179, 1, 0, 0
78510, 253984, 1, 0, 0
78602, 294687, 1, 0, 0
78702, 282506, 1, 0, 0
78804, 308498, 1, 0, 0
78901, 277970, 1, 0, 0
79000, 240603, 1, 0, 0
79110, 251681, 1, 0, 0
79200, 210871, 1, 0, 0
79300, 221418, 1, 0, 0
79405, 208778, 1, 0, 0
79507, 222666, 1, 0, 0
79607, 237709, 1, 0, 0
79704, 240324, 1, 0, 0
79809, 215982, 1, 0, 0
79901, 218148, 1, 0, 0
80000, 248003, 1, 0, 0
80100, 236607, 1, 0, 0
80201, 217323, 1, 0, 0
80300, 229500, 1, 0, 0
80417, 256148, 1, 0, 0
80509, 231922, 1, 0, 0
80600, 269342, 1, 0, 0
80705, 227594, 1, 0, 0
80809, 306941, 1, 0, 0
80903, 258587, 1, 0, 0
81000, 235751, 1, 0, 0
81105, 241187, 1, 0, 0
81209, 214256, 1, 0, 0
81305, 249434, 1, 0, 0
81403, 225654, 1, 0, 0
81501, 230610, 1, 0, 0
81606, 254679, 1, 0, 0
81703, 227355, 1, 0, 0
81814, 215928, 1, 0, 0
81903, 221762, 1, 0, 0
82012, 226520, 1, 0, 0
82105, 218464, 1, 0, 0
82208, 233069, 1, 0, 0
82301, 227086, 1, 0, 0
82402, 220949, 1, 0, 0
82500, 230085, 1, 0, 0
82600, 212998, 1, 0, 0
82701, 237435, 1, 0, 0
82800, 249378, 1, 0, 0
82902, 262531, 1, 0, 0
83005, 230508, 1, 0, 0
83104, 225039, 1, 0, 0
83204, 240877, 1, 0, 0
83304, 228464, 1, 0, 0
83407, 223342, 1, 0, 0
83512, 223079, 1, 0, 0
83601, 210779, 1, 0, 0
83701, 236372, 1, 0, 0
83801, 280750, 1, 0, 0
83901, 212277, 1, 0, 0
84004, 226423, 1, 0, 0
84100, 241683, 1, 0, 0
84200, 240208, 1, 0, 0
84300, 251316, 1, 0, 0
84403, 231974, 1, 0, 0
84504, 236462, 1, 0, 0
84603, 217814, 1, 0, 0
84704, 196744, 1, 0, 0
84808, 219504, 1, 0, 0
84913, 241016, 1, 0, 0
85001, 201195, 1, 0, 0
85101, 218442, 1, 0, 0
85201, 215175, 1, 0, 0
85306, 228600, 1, 0, 0
85404, 194953, 1, 0, 0
85503, 224598, 1, 0, 0
85610, 246230, 1, 0, 0
85704, 238577, 1, 0, 0
85800, 231499, 1, 0, 0
85902, 247424, 1, 0, 0
86002, 223817, 1, 0, 0
86102, 212796, 1, 0, 0
86200, 223323, 1, 0, 0
86302, 208730, 1, 0, 0
86401, 240875, 1, 0, 0
86500, 239503, 1, 0, 0
86609, 194031, 1, 0, 0
86700, 202452, 1, 0, 0
86800, 235052, 1, 0, 0
86903, 238264, 1, 0, 0
87000, 264298, 1, 0, 0
87101, 203379, 1, 0, 0
87208, 218791, 1, 0, 0
87300, 302014, 1, 0, 0
87401, 232209, 1, 0, 0
87505, 235853, 1, 0, 0
87606, 287990, 1, 0, 0
87700, 239217, 1, 0, 0
87809, 222053, 1, 0, 0
87912, 269319, 1, 0, 0
88000, 195720, 1, 0, 0
88105, 217285, 1, 0, 0
88200, 203461, 1, 0, 0
88305, 192044, 1, 0, 0
88400, 204288, 1, 0, 0
88508, 216740, 1, 0, 0
88600, 216343, 1, 0, 0
88714, 213972, 1, 0, 0
88808, 226932, 1, 0, 0
88901, 249022, 1, 0, 0
89013, 233089, 1, 0, 0
89100, 229530, 1, 0, 0
89200, 239592, 1, 0, 0
89304, 208473, 1, 0, 0
89409, 250005, 1, 0, 0
89511, 221115, 1, 0, 0
89608, 229104, 1, 0, 0
89705, 220073, 1, 0, 0
89800, 198177, 1, 0, 0
89902, 208667, 1, 0, 0
90006, 201331, 1, 0, 0
