103, 29598, 1, 0, 0
232, 33549, 1, 0, 0
330, 34962, 1, 0, 0
449, 36172, 1, 0, 0
515, 36050, 1, 0, 0
642, 36225, 1, 0, 0
702, 36654, 1, 0, 0
814, 33593, 1, 0, 0
900, 28830, 1, 0, 0
1085, 37685, 1, 0, 0
1189, 40989, 1, 0, 0
1293, 32510, 1, 0, 0
1397, 30349, 1, 0, 0
1400, 25198, 1, 0, 0
1501, 27006, 1, 0, 0
1605, 36955, 1, 0, 0
1709, 34929, 1, 0, 0
1812, 31070, 1, 0, 0
1916, 30302, 1, 0, 0
2020, 32448, 1, 0, 0
2125, 38040, 1, 0, 0
2232, 37244, 1, 0, 0
2338, 27753, 1, 0, 0
2447, 37552, 1, 0, 0
2548, 31061, 1, 0, 0
2615, 35237, 1, 0, 0
2700, 37435, 1, 0, 0
2883, 38840, 1, 0, 0
2978, 27692, 1, 0, 0
3085, 34924, 1, 0, 0
3176, 42078, 1, 0, 0
3262, 33822, 1, 0, 0
3357, 27166, 1, 0, 0
3452, 27912, 1, 0, 0
3534, 30611, 1, 0, 0
3630, 35935, 1, 0, 0
3722, 31500, 1, 0, 0
3821, 30187, 1, 0, 0
3906, 42135, 1, 0, 0
4004, 34751, 1, 0, 0
4160, 24773, 1, 0, 0
4231, 33424, 1, 0, 0
4300, 34317, 1, 0, 0
4442, 35866, 1, 0, 0
4507, 33913, 1, 0, 0
4607, 43389, 1, 0, 0
4765, 44750, 1, 0, 0
4885, 34239, 1, 0, 0
4976, 36483, 1, 0, 0
5070, 35233, 1, 0, 0
5158, 39618, 1, 0, 0
5248, 41297, 1, 0, 0
5340, 40113, 1, 0, 0
5435, 38133, 1, 0, 0
5529, 36747, 1, 0, 0
5623, 37556, 1, 0, 0
5708, 30918, 1, 0, 0
5800, 30850, 1, 0, 0
5983, 35750, 1, 0, 0
6078, 35403, 1, 0, 0
6150, 38903, 1, 0, 0
6224, 41078, 1, 0, 0
6300, 43658, 1, 0, 0
6415, 34777, 1, 0, 0
6531, 35591, 1, 0, 0
6666, 34423, 1, 0, 0
6740, 33937, 1, 0, 0
6830, 58996, 1, 0, 0
6927, 41847, 1, 0, 0
7057, 32615, 1, 0, 0
7151, 39639, 1, 0, 0
7245, 37086, 1, 0, 0
7338, 33085, 1, 0, 0
7436, 36429, 1, 0, 0
7534, 29021, 1, 0, 0
7629, 39957, 1, 0, 0
7725, 34616, 1, 0, 0
7819, 58953, 1, 0, 0
7911, 38139, 1, 0, 0
8023, 43025, 1, 0, 0
8137, 31506, 1, 0, 0
8200, 29636, 1, 0, 0
8309, 28733, 1, 0, 0
8415, 50997, 1, 0, 0
8514, 43304, 1, 0, 0
8621, 43459, 1, 0, 0
8744, 33056, 1, 0, 0
8826, 36967, 1, 0, 0
8934, 39178, 1, 0, 0
9005, 34307, 1, 0, 0
9131, 34433, 1, 0, 0
9220, 34880, 1, 0, 0
9314, 28534, 1, 0, 0
9411, 32260, 1, 0, 0
9508, 41447, 1, 0, 0
9608, 39565, 1, 0, 0
9705, 28576, 1, 0, 0
9800, 32098, 1, 0, 0
9942, 69380, 1, 0, 0
10034, 41592, 1, 0, 0
10126, 32103, 1, 0, 0
10225, 35354, 1, 0, 0
10325, 31983, 1, 0, 0
10425, 42219, 1, 0, 0
10522, 33244, 1, 0, 0
10615, 29690, 1, 0, 0
10703, 37432, 1, 0, 0
10810, 38765, 1, 0, 0
10914, 36586, 1, 0, 0
11000, 30596, 1, 0, 0
11102, 34643, 1, 0, 0
11238, 27911, 1, 0, 0
11311, 48111, 1, 0, 0
11415, 33616, 1, 0, 0
11523, 55349, 1, 0, 0
11700, 38487, 1, 0, 0
11845, 53805, 1, 0, 0
11912, 61963, 1, 0, 0
12027, 32958, 1, 0, 0
12103, 29404, 1, 0, 0
12407, 37040, 1, 0, 0
12508, 30184, 1, 0, 0
12604, 32214, 1, 0, 0
12707, 35626, 1, 0, 0
12836, 36516, 1, 0, 0
12902, 34042, 1, 0, 0
13006, 35940, 1, 0, 0
13103, 37534, 1, 0, 0
13251, 31688, 1, 0, 0
13340, 34434, 1, 0, 0
13452, 32059, 1, 0, 0
13551, 27501, 1, 0, 0
13647, 31500, 1, 0, 0
13741, 40045, 1, 0, 0
13832, 38685, 1, 0, 0
13920, 30683, 1, 0, 0
14011, 35558, 1, 0, 0
14105, 37125, 1, 0, 0
14202, 29332, 1, 0, 0
14302, 24382, 1, 0, 0
14440, 31663, 1, 0, 0
14507, 34062, 1, 0, 0
14612, 34341, 1, 0, 0
14719, 39748, 1, 0, 0
14800, 39466, 1, 0, 0
14903, 32953, 1, 0, 0
15020, 36874, 1, 0, 0
15132, 34175, 1, 0, 0
15227, 24919, 1, 0, 0
15329, 23568, 1, 0, 0
15411, 34153, 1, 0, 0
15508, 34924, 1, 0, 0
15611, 28926, 1, 0, 0
15710, 24852, 1, 0, 0
15809, 36766, 1, 0, 0
15902, 35617, 1, 0, 0
16000, 25906, 1, 0, 0
16142, 35464, 1, 0, 0
16246, 28771, 1, 0, 0
16313, 27626, 1, 0, 0
16408, 24526, 1, 0, 0
16501, 34632, 1, 0, 0
16600, 43075, 1, 0, 0
16722, 35898, 1, 0, 0
16829, 39045, 1, 0, 0
16915, 36268, 1, 0, 0
17020, 28510, 1, 0, 0
17106, 30064, 1, 0, 0
17203, 28834, 1, 0, 0
17310, 32338, 1, 0, 0
17441, 38342, 1, 0, 0
17507, 49309, 1, 0, 0
17611, 40082, 1, 0, 0
17700, 35597, 1, 0, 0
17800, 34012, 1, 0, 0
17900, 34117, 1, 0, 0
18046, 38568, 1, 0, 0
18154, 28977, 1, 0, 0
18243, 29758, 1, 0, 0
18332, 26680, 1, 0, 0
18427, 48518, 1, 0, 0
18515, 52289, 1, 0, 0
18601, 41737, 1, 0, 0
18738, 32319, 1, 0, 0
18831, 37452, 1, 0, 0
18927, 47392, 1, 0, 0
19034, 39920, 1, 0, 0
19130, 39243, 1, 0, 0
19212, 39579, 1, 0, 0
19307, 52982, 1, 0, 0
19404, 47730, 1, 0, 0
19504, 40089, 1, 0, 0
19600, 34845, 1, 0, 0
19742, 38828, 1, 0, 0
19834, 35430, 1, 0, 0
19916, 27816, 1, 0, 0
20005, 37128, 1, 0, 0
20101, 43243, 1, 0, 0
20240, 35209, 1, 0, 0
20335, 33706, 1, 0, 0
20427, 35884, 1, 0, 0
20517, 27816, 1, 0, 0
20604, 32791, 1, 0, 0
20707, 51411, 1, 0, 0
20817, 37942, 1, 0, 0
20917, 45993, 1, 0, 0
21000, 47116, 1, 0, 0
21114, 35252, 1, 0, 0
21218, 28040, 1, 0, 0
21301, 28089, 1, 0, 0
21455, 29599, 1, 0, 0
21538, 34113, 1, 0, 0
21626, 38185, 1, 0, 0
21725, 33346, 1, 0, 0
21816, 44307, 1, 0, 0
21911, 29963, 1, 0, 0
22015, 27068, 1, 0, 0
22106, 25235, 1, 0, 0
22206, 50065, 1, 0, 0
22305, 38994, 1, 0, 0
22403, 32273, 1, 0, 0
22505, 38596, 1, 0, 0
22602, 41550, 1, 0, 0
22782, 38578, 1, 0, 0
22853, 31613, 1, 0, 0
22900, 49919, 1, 0, 0
23015, 42108, 1, 0, 0
23141, 38149, 1, 0, 0
23204, 38143, 1, 0, 0
23330, 31708, 1, 0, 0
23421, 33106, 1, 0, 0
23512, 33418, 1, 0, 0
23602, 39574, 1, 0, 0
23738, 49848, 1, 0, 0
23835, 37079, 1, 0, 0
23926, 34655, 1, 0, 0
24017, 31479, 1, 0, 0
24104, 44342, 1, 0, 0
24201, 30369, 1, 0, 0
24351, 35879, 1, 0, 0
24449, 28514, 1, 0, 0
24504, 26169, 1, 0, 0
24600, 30137, 1, 0, 0
24727, 38991, 1, 0, 0
24812, 28466, 1, 0, 0
24901, 28613, 1, 0, 0
25017, 30327, 1, 0, 0
25122, 42961, 1, 0, 0
25236, 34051, 1, 0, 0
25367, 29598, 1, 0, 0
25461, 33569, 1, 0, 0
25553, 28731, 1, 0, 0
25644, 31063, 1, 0, 0
25736, 31636, 1, 0, 0
25831, 38332, 1, 0, 0
25929, 34849, 1, 0, 0
26027, 39768, 1, 0, 0
26125, 37436, 1, 0, 0
26217, 42870, 1, 0, 0
26308, 32095, 1, 0, 0
26402, 38664, 1, 0, 0
26579, 38824, 1, 0, 0
26680, 38058, 1, 0, 0
26776, 28599, 1, 0, 0
26846, 52123, 1, 0, 0
26905, 44954, 1, 0, 0
27012, 28571, 1, 0, 0
27114, 44853, 1, 0, 0
27207, 37164, 1, 0, 0
27308, 31642, 1, 0, 0
27408, 29036, 1, 0, 0
27521, 27484, 1, 0, 0
27630, 35367, 1, 0, 0
27740, 32182, 1, 0, 0
27847, 33854, 1, 0, 0
27939, 27805, 1, 0, 0
28049, 27149, 1, 0, 0
28102, 24458, 1, 0, 0
28210, 27013, 1, 0, 0
28319, 30304, 1, 0, 0
28411, 30353, 1, 0, 0
28514, 29419, 1, 0, 0
28627, 36742, 1, 0, 0
28741, 42434, 1, 0, 0
28815, 36805, 1, 0, 0
28963, 65851, 1, 0, 0
29060, 36393, 1, 0, 0
29164, 36782, 1, 0, 0
29271, 27334, 1, 0, 0
29384, 34816, 1, 0, 0
29494, 43872, 1, 0, 0
29500, 33080, 1, 0, 0
29640, 28422, 1, 0, 0
29757, 33502, 1, 0, 0
29847, 37874, 1, 0, 0
29933, 43170, 1, 0, 0
30026, 38143, 1, 0, 0
30122, 29211, 1, 0, 0
30216, 24581, 1, 0, 0
30324, 28749, 1, 0, 0
30431, 30858, 1, 0, 0
30544, 38273, 1, 0, 0
30604, 27193, 1, 0, 0
30700, 38130, 1, 0, 0
30825, 30993, 1, 0, 0
30936, 31998, 1, 0, 0
31045, 28559, 1, 0, 0
31149, 36493, 1, 0, 0
31225, 30855, 1, 0, 0
31320, 34281, 1, 0, 0
31434, 34084, 1, 0, 0
31543, 30415, 1, 0, 0
31607, 50142, 1, 0, 0
31707, 51542, 1, 0, 0
31804, 35773, 1, 0, 0
31916, 37314, 1, 0, 0
32025, 39030, 1, 0, 0
32132, 33526, 1, 0, 0
32239, 55572, 1, 0, 0
32361, 29623, 1, 0, 0
32401, 41885, 1, 0, 0
32513, 33732, 1, 0, 0
32622, 35827, 1, 0, 0
32723, 47871, 1, 0, 0
32817, 25174, 1, 0, 0
32929, 40406, 1, 0, 0
33074, 33681, 1, 0, 0
33198, 33496, 1, 0, 0
33202, 37009, 1, 0, 0
33380, 38702, 1, 0, 0
33468, 33948, 1, 0, 0
33557, 35243, 1, 0, 0
33651, 37816, 1, 0, 0
33747, 40921, 1, 0, 0
33850, 49205, 1, 0, 0
33948, 29977, 1, 0, 0
34023, 58685, 1, 0, 0
34154, 39027, 1, 0, 0
34212, 33605, 1, 0, 0
34316, 43233, 1, 0, 0
34406, 41862, 1, 0, 0
34532, 37528, 1, 0, 0
34632, 50989, 1, 0, 0
34731, 42131, 1, 0, 0
34826, 30046, 1, 0, 0
34915, 27458, 1, 0, 0
35002, 36056, 1, 0, 0
35132, 48449, 1, 0, 0
35216, 41307, 1, 0, 0
35309, 37144, 1, 0, 0
35407, 34529, 1, 0, 0
35505, 45799, 1, 0, 0
35601, 33838, 1, 0, 0
35739, 35425, 1, 0, 0
35829, 45593, 1, 0, 0
35915, 44035, 1, 0, 0
36026, 35750, 1, 0, 0
36104, 29158, 1, 0, 0
36228, 31580, 1, 0, 0
36316, 41107, 1, 0, 0
36423, 39871, 1, 0, 0
36509, 46097, 1, 0, 0
36610, 36817, 1, 0, 0
36706, 36657, 1, 0, 0
36800, 33457, 1, 0, 0
36977, 35775, 1, 0, 0
37068, 48767, 1, 0, 0
37162, 49054, 1, 0, 0
37256, 43675, 1, 0, 0
37353, 26413, 1, 0, 0
37453, 26441, 1, 0, 0
37549, 31218, 1, 0, 0
37644, 29865, 1, 0, 0
37739, 36247, 1, 0, 0
37814, 35510, 1, 0, 0
37914, 39926, 1, 0, 0
38029, 41516, 1, 0, 0
38140, 42561, 1, 0, 0
38213, 39125, 1, 0, 0
38304, 36932, 1, 0, 0
38417, 39860, 1, 0, 0
38533, 44712, 1, 0, 0
38605, 36388, 1, 0, 0
38738, 37588, 1, 0, 0
38838, 44221, 1, 0, 0
38938, 27624, 1, 0, 0
39034, 27819, 1, 0, 0
39130, 36293, 1, 0, 0
39223, 31602, 1, 0, 0
39312, 29843, 1, 0, 0
39403, 39499, 1, 0, 0
39542, 28201, 1, 0, 0
39642, 31810, 1, 0, 0
39742, 34547, 1, 0, 0
39838, 34739, 1, 0, 0
39931, 42502, 1, 0, 0
40023, 30007, 1, 0, 0
40101, 42203, 1, 0, 0
40236, 35221, 1, 0, 0
40361, 39858, 1, 0, 0
40418, 51854, 1, 0, 0
40573, 32798, 1, 0, 0
40650, 34988, 1, 0, 0
40744, 35911, 1, 0, 0
40837, 37510, 1, 0, 0
40927, 42814, 1, 0, 0
41016, 36261, 1, 0, 0
41106, 46523, 1, 0, 0
41200, 35227, 1, 0, 0
41394, 40847, 1, 0, 0
41488, 26459, 1, 0, 0
41580, 29639, 1, 0, 0
41667, 52013, 1, 0, 0
41757, 40225, 1, 0, 0
41852, 33799, 1, 0, 0
41945, 31337, 1, 0, 0
42044, 28413, 1, 0, 0
42141, 37412, 1, 0, 0
42212, 30669, 1, 0, 0
42343, 40417, 1, 0, 0
42402, 34866, 1, 0, 0
42516, 31250, 1, 0, 0
42617, 39282, 1, 0, 0
42700, 35177, 1, 0, 0
42841, 29603, 1, 0, 0
42931, 28563, 1, 0, 0
43022, 31012, 1, 0, 0
43113, 39278, 1, 0, 0
43208, 40484, 1, 0, 0
43302, 48153, 1, 0, 0
43402, 33793, 1, 0, 0
43539, 35024, 1, 0, 0
43629, 35324, 1, 0, 0
43717, 37843, 1, 0, 0
43810, 46898, 1, 0, 0
43905, 34202, 1, 0, 0
44001, 39168, 1, 0, 0
44101, 59358, 1, 0, 0
44205, 33831, 1, 0, 0
44323, 36369, 1, 0, 0
44407, 36043, 1, 0, 0
44536, 46645, 1, 0, 0
44635, 38785, 1, 0, 0
44732, 40339, 1, 0, 0
44829, 61667, 1, 0, 0
44919, 39549, 1, 0, 0
45002, 53327, 1, 0, 0
45100, 45525, 1, 0, 0
45281, 29685, 1, 0, 0
45380, 37042, 1, 0, 0
45481, 55939, 1, 0, 0
45577, 38045, 1, 0, 0
45672, 29675, 1, 0, 0
45762, 34616, 1, 0, 0
45850, 44739, 1, 0, 0
45938, 45133, 1, 0, 0
46002, 38184, 1, 0, 0
46165, 34648, 1, 0, 0
46227, 37914, 1, 0, 0
46324, 36513, 1, 0, 0
46457, 33023, 1, 0, 0
46530, 29380, 1, 0, 0
46600, 36895, 1, 0, 0
46752, 33544, 1, 0, 0
46850, 27805, 1, 0, 0
46949, 33039, 1, 0, 0
47046, 31037, 1, 0, 0
47139, 48168, 1, 0, 0
47233, 46723, 1, 0, 0
47351, 33302, 1, 0, 0
47447, 29715, 1, 0, 0
47542, 31425, 1, 0, 0
47636, 30560, 1, 0, 0
47731, 38329, 1, 0, 0
47822, 40303, 1, 0, 0
47914, 44019, 1, 0, 0
48003, 35906, 1, 0, 0
48100, 36502, 1, 0, 0
48231, 39308, 1, 0, 0
48341, 32506, 1, 0, 0
48400, 32736, 1, 0, 0
48504, 33956, 1, 0, 0
48628, 44809, 1, 0, 0
48782, 42607, 1, 0, 0
48874, 85352, 1, 0, 0
48971, 75812, 1, 0, 0
49067, 38673, 1, 0, 0
49163, 41736, 1, 0, 0
49255, 35347, 1, 0, 0
49345, 39004, 1, 0, 0
49428, 44585, 1, 0, 0
49521, 34041, 1, 0, 0
49610, 61573, 1, 0, 0
49701, 35298, 1, 0, 0
49800, 37767, 1, 0, 0
49992, 39177, 1, 0, 0
50116, 37443, 1, 0, 0
50241, 38291, 1, 0, 0
50310, 42378, 1, 0, 0
50404, 36791, 1, 0, 0
50503, 33108, 1, 0, 0
50655, 39286, 1, 0, 0
50714, 43639, 1, 0, 0
50829, 45247, 1, 0, 0
50936, 35894, 1, 0, 0
51049, 60462, 1, 0, 0
51147, 45792, 1, 0, 0
51255, 29893, 1, 0, 0
51333, 23758, 1, 0, 0
51436, 43205, 1, 0, 0
51550, 64850, 1, 0, 0
51607, 58233, 1, 0, 0
51719, 67836, 1, 0, 0
51820, 47864, 1, 0, 0
51929, 50981, 1, 0, 0
52045, 37671, 1, 0, 0
52157, 90210, 1, 0, 0
52202, 60476, 1, 0, 0
52327, 47369, 1, 0, 0
52485, 56896, 1, 0, 0
52619, 47880, 1, 0, 0
52711, 64068, 1, 0, 0
52803, 37498, 1, 0, 0
52900, 40017, 1, 0, 0
53090, 74409, 1, 0, 0
53189, 107262, 1, 0, 0
53285, 39222, 1, 0, 0
53378, 70237, 1, 0, 0
53470, 100964, 1, 0, 0
53566, 45281, 1, 0, 0
53658, 69892, 1, 0, 0
53755, 37837, 1, 0, 0
53858, 54588, 1, 0, 0
53911, 52602, 1, 0, 0
54000, 48288, 1, 0, 0
54107, 38027, 1, 0, 0
54205, 47094, 1, 0, 0
54319, 66402, 1, 0, 0
54415, 49142, 1, 0, 0
54510, 78469, 1, 0, 0
54636, 58229, 1, 0, 0
54727, 30694, 1, 0, 0
54822, 44583, 1, 0, 0
54917, 36932, 1, 0, 0
55012, 36967, 1, 0, 0
55108, 38846, 1, 0, 0
55200, 37246, 1, 0, 0
55300, 46256, 1, 0, 0
55432, 51335, 1, 0, 0
55520, 52165, 1, 0, 0
55620, 48442, 1, 0, 0
55707, 55703, 1, 0, 0
55857, 44415, 1, 0, 0
55914, 66068, 1, 0, 0
56026, 40071, 1, 0, 0
56144, 72594, 1, 0, 0
56239, 51791, 1, 0, 0
56338, 65587, 1, 0, 0
56427, 37450, 1, 0, 0
56521, 70370, 1, 0, 0
56611, 40481, 1, 0, 0
56703, 41241, 1, 0, 0
56852, 47545, 1, 0, 0
56952, 51690, 1, 0, 0
57052, 29569, 1, 0, 0
57100, 62277, 1, 0, 0
57245, 49658, 1, 0, 0
57338, 33796, 1, 0, 0
57431, 32776, 1, 0, 0
57526, 33153, 1, 0, 0
57620, 52932, 1, 0, 0
57714, 44194, 1, 0, 0
57847, 42516, 1, 0, 0
57913, 50495, 1, 0, 0
58020, 63600, 1, 0, 0
58114, 51055, 1, 0, 0
58200, 54214, 1, 0, 0
58331, 51866, 1, 0, 0
58419, 50439, 1, 0, 0
58510, 65097, 1, 0, 0
58602, 37022, 1, 0, 0
58701, 40076, 1, 0, 0
58849, 63354, 1, 0, 0
58938, 51045, 1, 0, 0
59020, 57035, 1, 0, 0
59109, 43216, 1, 0, 0
59202, 30133, 1, 0, 0
59334, 38294, 1, 0, 0
59430, 34770, 1, 0, 0
59528, 51414, 1, 0, 0
59623, 33235, 1, 0, 0
59714, 55171, 1, 0, 0
59806, 33940, 1, 0, 0
59907, 62479, 1, 0, 0
60013, 88755, 1, 0, 0
60107, 52568, 1, 0, 0
60239, 43935, 1, 0, 0
60321, 31119, 1, 0, 0
60418, 39718, 1, 0, 0
60513, 36829, 1, 0, 0
60612, 42072, 1, 0, 0
60703, 43537, 1, 0, 0
60842, 42720, 1, 0, 0
60922, 79401, 1, 0, 0
61014, 39413, 1, 0, 0
61110, 32032, 1, 0, 0
61207, 48991, 1, 0, 0
61300, 42914, 1, 0, 0
61433, 57074, 1, 0, 0
61522, 40232, 1, 0, 0
61618, 32162, 1, 0, 0
61705, 35534, 1, 0, 0
61827, 52919, 1, 0, 0
61900, 55697, 1, 0, 0
62021, 71237, 1, 0, 0
62140, 30507, 1, 0, 0
62238, 37365, 1, 0, 0
62333, 91599, 1, 0, 0
62426, 41899, 1, 0, 0
62517, 96277, 1, 0, 0
62611, 45557, 1, 0, 0
62705, 43415, 1, 0, 0
62800, 29743, 1, 0, 0
62951, 39678, 1, 0, 0
63049, 35960, 1, 0, 0
63146, 35051, 1, 0, 0
63239, 28687, 1, 0, 0
63328, 37830, 1, 0, 0
63421, 35328, 1, 0, 0
63512, 40984, 1, 0, 0
63611, 34197, 1, 0, 0
63706, 49483, 1, 0, 0
63834, 28149, 1, 0, 0
63906, 42377, 1, 0, 0
64001, 49697, 1, 0, 0
64138, 39017, 1, 0, 0
64229, 33904, 1, 0, 0
64326, 58257, 1, 0, 0
64423, 37790, 1, 0, 0
64524, 36076, 1, 0, 0
64619, 39660, 1, 0, 0
64710, 28445, 1, 0, 0
64836, 47063, 1, 0, 0
64927, 27293, 1, 0, 0
65021, 29313, 1, 0, 0
65117, 29556, 1, 0, 0
65215, 29671, 1, 0, 0
65311, 32390, 1, 0, 0
65407, 48806, 1, 0, 0
65513, 36450, 1, 0, 0
65615, 34493, 1, 0, 0
65701, 41848, 1, 0, 0
65818, 46874, 1, 0, 0
65914, 44137, 1, 0, 0
66005, 39096, 1, 0, 0
66132, 46885, 1, 0, 0
66249, 41930, 1, 0, 0
66304, 34046, 1, 0, 0
66401, 52648, 1, 0, 0
66541, 35554, 1, 0, 0
66614, 36782, 1, 0, 0
66708, 29836, 1, 0, 0
66801, 38753, 1, 0, 0
66902, 64561, 1, 0, 0
67042, 42068, 1, 0, 0
67135, 37288, 1, 0, 0
67223, 48517, 1, 0, 0
67311, 33452, 1, 0, 0
67430, 30452, 1, 0, 0
67506, 41495, 1, 0, 0
67603, 35286, 1, 0, 0
67710, 30901, 1, 0, 0
67801, 38210, 1, 0, 0
67935, 35041, 1, 0, 0
68017, 33446, 1, 0, 0
68109, 34687, 1, 0, 0
68235, 31309, 1, 0, 0
68325, 26632, 1, 0, 0
68409, 26154, 1, 0, 0
68501, 26580, 1, 0, 0
68635, 32463, 1, 0, 0
68723, 35754, 1, 0, 0
68804, 36914, 1, 0, 0
68922, 30287, 1, 0, 0
69020, 35705, 1, 0, 0
69121, 32166, 1, 0, 0
69223, 31969, 1, 0, 0
69320, 35828, 1, 0, 0
69419, 34074, 1, 0, 0
69512, 35431, 1, 0, 0
69633, 39154, 1, 0, 0
69723, 36714, 1, 0, 0
69818, 49194, 1, 0, 0
69913, 33042, 1, 0, 0
70000, 28216, 1, 0, 0
70146, 41874, 1, 0, 0
70237, 38765, 1, 0, 0
70315, 30141, 1, 0, 0
70405, 43158, 1, 0, 0
70523, 37472, 1, 0, 0
70619, 36512, 1, 0, 0
70707, 45253, 1, 0, 0
70800, 36001, 1, 0, 0
70932, 58403, 1, 0, 0
71021, 30627, 1, 0, 0
71100, 34356, 1, 0, 0
71200, 27274, 1, 0, 0
71319, 31727, 1, 0, 0
71404, 42183, 1, 0, 0
71513, 37697, 1, 0, 0
71605, 40971, 1, 0, 0
71701, 32031, 1, 0, 0
71883, 48742, 1, 0, 0
71980, 30496, 1, 0, 0
72076, 27996, 1, 0, 0
72172, 45153, 1, 0, 0
72264, 38743, 1, 0, 0
72355, 42354, 1, 0, 0
72445, 43987, 1, 0, 0
72535, 27728, 1, 0, 0
72629, 31124, 1, 0, 0
72729, 39167, 1, 0, 0
72826, 26236, 1, 0, 0
72921, 29443, 1, 0, 0
73015, 27407, 1, 0, 0
73100, 40114, 1, 0, 0
73211, 37376, 1, 0, 0
73306, 34423, 1, 0, 0
73402, 36305, 1, 0, 0
73544, 33586, 1, 0, 0
73623, 63876, 1, 0, 0
73716, 33072, 1, 0, 0
73842, 38256, 1, 0, 0
73931, 38576, 1, 0, 0
74013, 33905, 1, 0, 0
74101, 72615, 1, 0, 0
74234, 33202, 1, 0, 0
74313, 50730, 1, 0, 0
74405, 38392, 1, 0, 0
74550, 33703, 1, 0, 0
74600, 34567, 1, 0, 0
74738, 36205, 1, 0, 0
74829, 41665, 1, 0, 0
74925, 36291, 1, 0, 0
75022, 50094, 1, 0, 0
75109, 32021, 1, 0, 0
75209, 38284, 1, 0, 0
75301, 44827, 1, 0, 0
75443, 34948, 1, 0, 0
75533, 39978, 1, 0, 0
75629, 39321, 1, 0, 0
75725, 30828, 1, 0, 0
75818, 30292, 1, 0, 0
75905, 32338, 1, 0, 0
76038, 30502, 1, 0, 0
76133, 44123, 1, 0, 0
76218, 28623, 1, 0, 0
76315, 36617, 1, 0, 0
76406, 42717, 1, 0, 0
76542, 35384, 1, 0, 0
76629, 35515, 1, 0, 0
76719, 38602, 1, 0, 0
76809, 39444, 1, 0, 0
76900, 33340, 1, 0, 0
77001, 35332, 1, 0, 0
77100, 34806, 1, 0, 0
77239, 28049, 1, 0, 0
77327, 34027, 1, 0, 0
77417, 36486, 1, 0, 0
77510, 33324, 1, 0, 0
77609, 28687, 1, 0, 0
77708, 48991, 1, 0, 0
77805, 35956, 1, 0, 0
77940, 40201, 1, 0, 0
78029, 27197, 1, 0, 0
78116, 30916, 1, 0, 0
78210, 40522, 1, 0, 0
78303, 29967, 1, 0, 0
78403, 27109, 1, 0, 0
78500, 33887, 1, 0, 0
78607, 40715, 1, 0, 0
78729, 37995, 1, 0, 0
78802, 48215, 1, 0, 0
78910, 33321, 1, 0, 0
79013, 37270, 1, 0, 0
79163, 36371, 1, 0, 0
79257, 30058, 1, 0, 0
79356, 30128, 1, 0, 0
79454, 30236, 1, 0, 0
79549, 36434, 1, 0, 0
79642, 35384, 1, 0, 0
79733, 48284, 1, 0, 0
79820, 47550, 1, 0, 0
79910, 30472, 1, 0, 0
80004, 35304, 1, 0, 0
80100, 30718, 1, 0, 0
80201, 27719, 1, 0, 0
80387, 31287, 1, 0, 0
80477, 46412, 1, 0, 0
80566, 36252, 1, 0, 0
80649, 47189, 1, 0, 0
80715, 40301, 1, 0, 0
80850, 32380, 1, 0, 0
80902, 37953, 1, 0, 0
81026, 36594, 1, 0, 0
81120, 54889, 1, 0, 0
81223, 26909, 1, 0, 0
81321, 34033, 1, 0, 0
81415, 29643, 1, 0, 0
81510, 35987, 1, 0, 0
81621, 34612, 1, 0, 0
81700, 37166, 1, 0, 0
81844, 35347, 1, 0, 0
81943, 31249, 1, 0, 0
82030, 28949, 1, 0, 0
82133, 30119, 1, 0, 0
82225, 32046, 1, 0, 0
82312, 27158, 1, 0, 0
82432, 33342, 1, 0, 0
82508, 39005, 1, 0, 0
82601, 34820, 1, 0, 0
82702, 30781, 1, 0, 0
82840, 34281, 1, 0, 0
82931, 26762, 1, 0, 0
83024, 73611, 1, 0, 0
83121, 38909, 1, 0, 0
83218, 46017, 1, 0, 0
83317, 35865, 1, 0, 0
83408, 36058, 1, 0, 0
83500, 50282, 1, 0, 0
83679, 35795, 1, 0, 0
83773, 35935, 1, 0, 0
83868, 42375, 1, 0, 0
83965, 35785, 1, 0, 0
84059, 37257, 1, 0, 0
84156, 41039, 1, 0, 0
84239, 41149, 1, 0, 0
84330, 38762, 1, 0, 0
84428, 34066, 1, 0, 0
84525, 37745, 1, 0, 0
84621, 44775, 1, 0, 0
84706, 29996, 1, 0, 0
84809, 29606, 1, 0, 0
84900, 35330, 1, 0, 0
85047, 47956, 1, 0, 0
85148, 35442, 1, 0, 0
85249, 38770, 1, 0, 0
85348, 31947, 1, 0, 0
85443, 29474, 1, 0, 0
85533, 25880, 1, 0, 0
85621, 34430, 1, 0, 0
85711, 39475, 1, 0, 0
85805, 35385, 1, 0, 0
85902, 47254, 1, 0, 0
86001, 34071, 1, 0, 0
86140, 41449, 1, 0, 0
86231, 47502, 1, 0, 0
86326, 36327, 1, 0, 0
86427, 41342, 1, 0, 0
86521, 45575, 1, 0, 0
86605, 31487, 1, 0, 0
86736, 49309, 1, 0, 0
86826, 37687, 1, 0, 0
86916, 46413, 1, 0, 0
87012, 36433, 1, 0, 0
87109, 38736, 1, 0, 0
87204, 39765, 1, 0, 0
87300, 38536, 1, 0, 0
87437, 33516, 1, 0, 0
87519, 31524, 1, 0, 0
87613, 39347, 1, 0, 0
87738, 57650, 1, 0, 0
87827, 37533, 1, 0, 0
87910, 45795, 1, 0, 0
88000, 38920, 1, 0, 0
88149, 38231, 1, 0, 0
88208, 35357, 1, 0, 0
88309, 40529, 1, 0, 0
88400, 32054, 1, 0, 0
88526, 40658, 1, 0, 0
88663, 41850, 1, 0, 0
88731, 38652, 1, 0, 0
88822, 30172, 1, 0, 0
88914, 25004, 1, 0, 0
89002, 41398, 1, 0, 0
89100, 34709, 1, 0, 0
89200, 36405, 1, 0, 0
89381, 43162, 1, 0, 0
89474, 50652, 1, 0, 0
89563, 46439, 1, 0, 0
89645, 34332, 1, 0, 0
89735, 37358, 1, 0, 0
89836, 33800, 1, 0, 0
89937, 40653, 1, 0, 0
90022, 40200, 1, 0, 0
