100, 10955, 0, 0, 0
206, 12529, 0, 0, 0
307, 10682, 0, 0, 0
405, 10098, 0, 0, 0
501, 10310, 0, 0, 0
608, 10576, 0, 0, 0
715, 9724, 0, 0, 0
808, 9688, 0, 0, 0
906, 9545, 0, 0, 0
1004, 9854, 0, 0, 0
1107, 11491, 0, 0, 0
1209, 8782, 0, 0, 0
1304, 8531, 0, 0, 0
1400, 7450, 0, 0, 0
1502, 9171, 0, 0, 0
1600, 8605, 0, 0, 0
1708, 8851, 0, 0, 0
1801, 8452, 0, 0, 0
1900, 10596, 0, 0, 0
2002, 9151, 0, 0, 0
2106, 7300, 0, 0, 0
2208, 7617, 0, 0, 0
2300, 9393, 0, 0, 0
2405, 10095, 0, 0, 0
2511, 9531, 0, 0, 0
2603, 9798, 0, 0, 0
2700, 10954, 0, 0, 0
2804, 9891, 0, 0, 0
2901, 9379, 0, 0, 0
3008, 9103, 0, 0, 0
3102, 9278, 0, 0, 0
3208, 9515, 0, 0, 0
3306, 10947, 0, 0, 0
3405, 8991, 0, 0, 0
3501, 11064, 0, 0, 0
3601, 10768, 0, 0, 0
3707, 11469, 0, 0, 0
3801, 10721, 0, 0, 0
3916, 10333, 0, 0, 0
4001, 11037, 0, 0, 0
4116, 9792, 0, 0, 0
4211, 11118, 0, 0, 0
4300, 11033, 0, 0, 0
4410, 11155, 0, 0, 0
4512, 9804, 0, 0, 0
4610, 10241, 0, 0, 0
4706, 10282, 0, 0, 0
4800, 9074, 0, 0, 0
4903, 10399, 0, 0, 0
5000, 10547, 0, 0, 0
5103, 11933, 0, 0, 0
5202, 9919, 0, 0, 0
5302, 9786, 0, 0, 0
5405, 10375, 0, 0, 0
5505, 9206, 0, 0, 0
5601, 9648, 0, 0, 0
5704, 11053, 0, 0, 0
5802, 10768, 0, 0, 0
5904, 11350, 0, 0, 0
6002, 9469, 0, 0, 0
6105, 9462, 0, 0, 0
6204, 9379, 0, 0, 0
6308, 10069, 0, 0, 0
6405, 8834, 0, 0, 0
6515, 8925, 0, 0, 0
6613, 9760, 0, 0, 0
6704, 9472, 0, 0, 0
6808, 9456, 0, 0, 0
6903, 10345, 0, 0, 0
7009, 10818, 0, 0, 0
7106, 11472, 0, 0, 0
7206, 10594, 0, 0, 0
7311, 10399, 0, 0, 0
7400, 11451, 0, 0, 0
7500, 9473, 0, 0, 0
7600, 8572, 0, 0, 0
7709, 9307, 0, 0, 0
7801, 11444, 0, 0, 0
7912, 12245, 0, 0, 0
8011, 10369, 0, 0, 0
8104, 11279, 0, 0, 0
8200, 11968, 0, 0, 0
8305, 10832, 0, 0, 0
8404, 10744, 0, 0, 0
8504, 10450, 0, 0, 0
8606, 11233, 0, 0, 0
8711, 11999, 0, 0, 0
8800, 9895, 0, 0, 0
8905, 10264, 0, 0, 0
9001, 9032, 0, 0, 0
9112, 12322, 0, 0, 0
9214, 9699, 0, 0, 0
9300, 11376, 0, 0, 0
9402, 10569, 0, 0, 0
9502, 10478, 0, 0, 0
9601, 11365, 0, 0, 0
9700, 11113, 0, 0, 0
9805, 10189, 0, 0, 0
9905, 10003, 0, 0, 0
10002, 11042, 0, 0, 0
10107, 9823, 0, 0, 0
10206, 9287, 0, 0, 0
10311, 9786, 0, 0, 0
10404, 9019, 0, 0, 0
10506, 9861, 0, 0, 0
10601, 10534, 0, 0, 0
10703, 10605, 0, 0, 0
10807, 9541, 0, 0, 0
10904, 10849, 0, 0, 0
11008, 8523, 0, 0, 0
11102, 9372, 0, 0, 0
11203, 10190, 0, 0, 0
11304, 9413, 0, 0, 0
11415, 11762, 0, 0, 0
11505, 11541, 0, 0, 0
11603, 8181, 0, 0, 0
11721, 10931, 0, 0, 0
11802, 12306, 0, 0, 0
11904, 10717, 0, 0, 0
12002, 11715, 0, 0, 0
12101, 9830, 0, 0, 0
12200, 9472, 0, 0, 0
12324, 10251, 0, 0, 0
12401, 11755, 0, 0, 0
12503, 11071, 0, 0, 0
12613, 9978, 0, 0, 0
12703, 11667, 0, 0, 0
12811, 9390, 0, 0, 0
12914, 11562, 0, 0, 0
13014, 11095, 0, 0, 0
13101, 8583, 0, 0, 0
13209, 9849, 0, 0, 0
13300, 10377, 0, 0, 0
13404, 10525, 0, 0, 0
13512, 9317, 0, 0, 0
13613, 10551, 0, 0, 0
13709, 11448, 0, 0, 0
13819, 11252, 0, 0, 0
13909, 12574, 0, 0, 0
14005, 9334, 0, 0, 0
14103, 10751, 0, 0, 0
14205, 13771, 0, 0, 0
14301, 12491, 0, 0, 0
14403, 8848, 0, 0, 0
14500, 7250, 0, 0, 0
14606, 9059, 0, 0, 0
14709, 7750, 0, 0, 0
14809, 10263, 0, 0, 0
14909, 8231, 0, 0, 0
15006, 8266, 0, 0, 0
15110, 8323, 0, 0, 0
15201, 8985, 0, 0, 0
15310, 8955, 0, 0, 0
15406, 9170, 0, 0, 0
15508, 8867, 0, 0, 0
15609, 8224, 0, 0, 0
15711, 9143, 0, 0, 0
15808, 8650, 0, 0, 0
15903, 7795, 0, 0, 0
16010, 8918, 0, 0, 0
16107, 9022, 0, 0, 0
16206, 8673, 0, 0, 0
16307, 8153, 0, 0, 0
16402, 8597, 0, 0, 0
16500, 7894, 0, 0, 0
16616, 9303, 0, 0, 0
16708, 8765, 0, 0, 0
16806, 7975, 0, 0, 0
16903, 9882, 0, 0, 0
17005, 8597, 0, 0, 0
17100, 8713, 0, 0, 0
17204, 8612, 0, 0, 0
17303, 8823, 0, 0, 0
17412, 8583, 0, 0, 0
17507, 8279, 0, 0, 0
17612, 8315, 0, 0, 0
17711, 8533, 0, 0, 0
17802, 8049, 0, 0, 0
17909, 7683, 0, 0, 0
18004, 7641, 0, 0, 0
18102, 8649, 0, 0, 0
18202, 7786, 0, 0, 0
18307, 8270, 0, 0, 0
18400, 8654, 0, 0, 0
18505, 7721, 0, 0, 0
18610, 8895, 0, 0, 0
18709, 8617, 0, 0, 0
18808, 8537, 0, 0, 0
18901, 10060, 0, 0, 0
19000, 12850, 0, 0, 0
19110, 10581, 0, 0, 0
19206, 10021, 0, 0, 0
19302, 11973, 0, 0, 0
19411, 11218, 0, 0, 0
19505, 11539, 0, 0, 0
19603, 12568, 0, 0, 0
19703, 12176, 0, 0, 0
19808, 10631, 0, 0, 0
19904, 9217, 0, 0, 0
20002, 10812, 0, 0, 0
20103, 10328, 0, 0, 0
20212, 10280, 0, 0, 0
20301, 11051, 0, 0, 0
20404, 9902, 0, 0, 0
20509, 10578, 0, 0, 0
20601, 8637, 0, 0, 0
20709, 10457, 0, 0, 0
20802, 10175, 0, 0, 0
20916, 9679, 0, 0, 0
21001, 10014, 0, 0, 0
21107, 10446, 0, 0, 0
21201, 10336, 0, 0, 0
21309, 9307, 0, 0, 0
21402, 9796, 0, 0, 0
21505, 10491, 0, 0, 0
21604, 8461, 0, 0, 0
21707, 9208, 0, 0, 0
21808, 8955, 0, 0, 0
21906, 8039, 0, 0, 0
22014, 8296, 0, 0, 0
22102, 9299, 0, 0, 0
22210, 10718, 0, 0, 0
22300, 10335, 0, 0, 0
22401, 12076, 0, 0, 0
22505, 12110, 0, 0, 0
22603, 10141, 0, 0, 0
22707, 8784, 0, 0, 0
22805, 8957, 0, 0, 0
22911, 10459, 0, 0, 0
23001, 9699, 0, 0, 0
23107, 10884, 0, 0, 0
23218, 10859, 0, 0, 0
23313, 11868, 0, 0, 0
23400, 9505, 0, 0, 0
23502, 12663, 0, 0, 0
23601, 11655, 0, 0, 0
23709, 10621, 0, 0, 0
23806, 10464, 0, 0, 0
23903, 10075, 0, 0, 0
24005, 9864, 0, 0, 0
24107, 11424, 0, 0, 0
24205, 8466, 0, 0, 0
24320, 10689, 0, 0, 0
24400, 9336, 0, 0, 0
24513, 10631, 0, 0, 0
24605, 9226, 0, 0, 0
24705, 10865, 0, 0, 0
24808, 10090, 0, 0, 0
24909, 10480, 0, 0, 0
25005, 9340, 0, 0, 0
25106, 11157, 0, 0, 0
25205, 9220, 0, 0, 0
25302, 11363, 0, 0, 0
25408, 11136, 0, 0, 0
25501, 9214, 0, 0, 0
25600, 12390, 0, 0, 0
25710, 11086, 0, 0, 0
25810, 10480, 0, 0, 0
25902, 10677, 0, 0, 0
26000, 10740, 0, 0, 0
26104, 9517, 0, 0, 0
26201, 11664, 0, 0, 0
26302, 9584, 0, 0, 0
26403, 10710, 0, 0, 0
26509, 10984, 0, 0, 0
26608, 10409, 0, 0, 0
26712, 9201, 0, 0, 0
26810, 9439, 0, 0, 0
26908, 11888, 0, 0, 0
27002, 11062, 0, 0, 0
27105, 10998, 0, 0, 0
27209, 10745, 0, 0, 0
27306, 9846, 0, 0, 0
27407, 10581, 0, 0, 0
27508, 11601, 0, 0, 0
27611, 11394, 0, 0, 0
27703, 8974, 0, 0, 0
27811, 11104, 0, 0, 0
27903, 8166, 0, 0, 0
28005, 9931, 0, 0, 0
28113, 11104, 0, 0, 0
28206, 10284, 0, 0, 0
28300, 10088, 0, 0, 0
28406, 10988, 0, 0, 0
28513, 11472, 0, 0, 0
28600, 9738, 0, 0, 0
28710, 11580, 0, 0, 0
28815, 10356, 0, 0, 0
28906, 10736, 0, 0, 0
29009, 11915, 0, 0, 0
29112, 10174, 0, 0, 0
29207, 11969, 0, 0, 0
29301, 17976, 0, 0, 0
29404, 10284, 0, 0, 0
29505, 8086, 0, 0, 0
29600, 8243, 0, 0, 0
29700, 8484, 0, 0, 0
29801, 7315, 0, 0, 0
29915, 8220, 0, 0, 0
30004, 7901, 0, 0, 0
30102, 9597, 0, 0, 0
30216, 9619, 0, 0, 0
30310, 8466, 0, 0, 0
30402, 7940, 0, 0, 0
30508, 9053, 0, 0, 0
30604, 9015, 0, 0, 0
30706, 8228, 0, 0, 0
30808, 8181, 0, 0, 0
30907, 9330, 0, 0, 0
31007, 8768, 0, 0, 0
31108, 9906, 0, 0, 0
31201, 8944, 0, 0, 0
31309, 9703, 0, 0, 0
31400, 9568, 0, 0, 0
31507, 9021, 0, 0, 0
31618, 8777, 0, 0, 0
31700, 9365, 0, 0, 0
31806, 8498, 0, 0, 0
31908, 8124, 0, 0, 0
32007, 8368, 0, 0, 0
32106, 8845, 0, 0, 0
32209, 8339, 0, 0, 0
32304, 8874, 0, 0, 0
32402, 8267, 0, 0, 0
32505, 8862, 0, 0, 0
32606, 9309, 0, 0, 0
32700, 9503, 0, 0, 0
32804, 8747, 0, 0, 0
32903, 7318, 0, 0, 0
33001, 7281, 0, 0, 0
33113, 9670, 0, 0, 0
33214, 8305, 0, 0, 0
33304, 8775, 0, 0, 0
33407, 8978, 0, 0, 0
33505, 9279, 0, 0, 0
33608, 7651, 0, 0, 0
33714, 8622, 0, 0, 0
33805, 8295, 0, 0, 0
33904, 7600, 0, 0, 0
34002, 9512, 0, 0, 0
34100, 7691, 0, 0, 0
34206, 7337, 0, 0, 0
34304, 8777, 0, 0, 0
34403, 8572, 0, 0, 0
34518, 8949, 0, 0, 0
34605, 7245, 0, 0, 0
34704, 7551, 0, 0, 0
34824, 7998, 0, 0, 0
34900, 7559, 0, 0, 0
35002, 7881, 0, 0, 0
35101, 7873, 0, 0, 0
35209, 9362, 0, 0, 0
35302, 7303, 0, 0, 0
35411, 8525, 0, 0, 0
35507, 7409, 0, 0, 0
35610, 7883, 0, 0, 0
35700, 9044, 0, 0, 0
35800, 8270, 0, 0, 0
35909, 8289, 0, 0, 0
36001, 8314, 0, 0, 0
36102, 8100, 0, 0, 0
36207, 8357, 0, 0, 0
36305, 8641, 0, 0, 0
36400, 7411, 0, 0, 0
36516, 8410, 0, 0, 0
36600, 10105, 0, 0, 0
36705, 9041, 0, 0, 0
36810, 8858, 0, 0, 0
36903, 8799, 0, 0, 0
37007, 9870, 0, 0, 0
37100, 7962, 0, 0, 0
37207, 7598, 0, 0, 0
37301, 7955, 0, 0, 0
37403, 7700, 0, 0, 0
37508, 8953, 0, 0, 0
37602, 7185, 0, 0, 0
37709, 8541, 0, 0, 0
37802, 9374, 0, 0, 0
37906, 8439, 0, 0, 0
38009, 9373, 0, 0, 0
38113, 8716, 0, 0, 0
38211, 8697, 0, 0, 0
38308, 11079, 0, 0, 0
38401, 9383, 0, 0, 0
38503, 9318, 0, 0, 0
38601, 8494, 0, 0, 0
38709, 7404, 0, 0, 0
38802, 7476, 0, 0, 0
38900, 8386, 0, 0, 0
39012, 9030, 0, 0, 0
39100, 8423, 0, 0, 0
39203, 8962, 0, 0, 0
39308, 8861, 0, 0, 0
39403, 9465, 0, 0, 0
39500, 8380, 0, 0, 0
39600, 8220, 0, 0, 0
39701, 8545, 0, 0, 0
39805, 7798, 0, 0, 0
39907, 9835, 0, 0, 0
40009, 9874, 0, 0, 0
40105, 8638, 0, 0, 0
40206, 9597, 0, 0, 0
40313, 8103, 0, 0, 0
40401, 9759, 0, 0, 0
40502, 8407, 0, 0, 0
40607, 8674, 0, 0, 0
40709, 11976, 0, 0, 0
40808, 9416, 0, 0, 0
40906, 9955, 0, 0, 0
41021, 10409, 0, 0, 0
41104, 9676, 0, 0, 0
41201, 10006, 0, 0, 0
41300, 8796, 0, 0, 0
41402, 9653, 0, 0, 0
41508, 10783, 0, 0, 0
41604, 9717, 0, 0, 0
41701, 9110, 0, 0, 0
41815, 9668, 0, 0, 0
41907, 11342, 0, 0, 0
42017, 10580, 0, 0, 0
42103, 8554, 0, 0, 0
42210, 10871, 0, 0, 0
42304, 12641, 0, 0, 0
42402, 15527, 0, 0, 0
42500, 9849, 0, 0, 0
42606, 8209, 0, 0, 0
42709, 8747, 0, 0, 0
42811, 7945, 0, 0, 0
42906, 7239, 0, 0, 0
43003, 8862, 0, 0, 0
43105, 8730, 0, 0, 0
43211, 8187, 0, 0, 0
43309, 10454, 0, 0, 0
43402, 13766, 0, 0, 0
43518, 13423, 0, 0, 0
43609, 15752, 0, 0, 0
43707, 12022, 0, 0, 0
43806, 13408, 0, 0, 0
43902, 10733, 0, 0, 0
44006, 11845, 0, 0, 0
44110, 12167, 0, 0, 0
44201, 11067, 0, 0, 0
44315, 8984, 0, 0, 0
44408, 10991, 0, 0, 0
44504, 11085, 0, 0, 0
44600, 11129, 0, 0, 0
44702, 12134, 0, 0, 0
44800, 10027, 0, 0, 0
44905, 9443, 0, 0, 0
45006, 10854, 0, 0, 0
45104, 10331, 0, 0, 0
45207, 10139, 0, 0, 0
45302, 9037, 0, 0, 0
45400, 9624, 0, 0, 0
45510, 11338, 0, 0, 0
45601, 9515, 0, 0, 0
45702, 9632, 0, 0, 0
45818, 11073, 0, 0, 0
45903, 11637, 0, 0, 0
46008, 10052, 0, 0, 0
46105, 10483, 0, 0, 0
46204, 9484, 0, 0, 0
46306, 9875, 0, 0, 0
46402, 8628, 0, 0, 0
46508, 9571, 0, 0, 0
46605, 9142, 0, 0, 0
46707, 9347, 0, 0, 0
46802, 10085, 0, 0, 0
46904, 9943, 0, 0, 0
47008, 11417, 0, 0, 0
47112, 10426, 0, 0, 0
47209, 10351, 0, 0, 0
47304, 9281, 0, 0, 0
47415, 9677, 0, 0, 0
47501, 9345, 0, 0, 0
47601, 8534, 0, 0, 0
47711, 12836, 0, 0, 0
47807, 10851, 0, 0, 0
47900, 8791, 0, 0, 0
48024, 9071, 0, 0, 0
48104, 10169, 0, 0, 0
48210, 11424, 0, 0, 0
48308, 11362, 0, 0, 0
48406, 10104, 0, 0, 0
48508, 8355, 0, 0, 0
48601, 9493, 0, 0, 0
48702, 8589, 0, 0, 0
48802, 8304, 0, 0, 0
48904, 7456, 0, 0, 0
49006, 8747, 0, 0, 0
49111, 9095, 0, 0, 0
49209, 8821, 0, 0, 0
49306, 8965, 0, 0, 0
49402, 8943, 0, 0, 0
49503, 9038, 0, 0, 0
49608, 8164, 0, 0, 0
49706, 8121, 0, 0, 0
49809, 8058, 0, 0, 0
49906, 8351, 0, 0, 0
50006, 9527, 0, 0, 0
50100, 8509, 0, 0, 0
50207, 8481, 0, 0, 0
50303, 9031, 0, 0, 0
50407, 9086, 0, 0, 0
50501, 9910, 0, 0, 0
50614, 8211, 0, 0, 0
50711, 7795, 0, 0, 0
50813, 8625, 0, 0, 0
50920, 7565, 0, 0, 0
51017, 7832, 0, 0, 0
51106, 8964, 0, 0, 0
51207, 7882, 0, 0, 0
51300, 8118, 0, 0, 0
51413, 7751, 0, 0, 0
51513, 8685, 0, 0, 0
51606, 8113, 0, 0, 0
51711, 8163, 0, 0, 0
51807, 8295, 0, 0, 0
51904, 8622, 0, 0, 0
52007, 9068, 0, 0, 0
52100, 8921, 0, 0, 0
52205, 8722, 0, 0, 0
52304, 8187, 0, 0, 0
52404, 8368, 0, 0, 0
52503, 8515, 0, 0, 0
52607, 8289, 0, 0, 0
52707, 10465, 0, 0, 0
52806, 10991, 0, 0, 0
52903, 8154, 0, 0, 0
53002, 8963, 0, 0, 0
53111, 8349, 0, 0, 0
53202, 8730, 0, 0, 0
53313, 8183, 0, 0, 0
53407, 8086, 0, 0, 0
53503, 10997, 0, 0, 0
53607, 9552, 0, 0, 0
53709, 9687, 0, 0, 0
53801, 9854, 0, 0, 0
53903, 9510, 0, 0, 0
54011, 10858, 0, 0, 0
54102, 11508, 0, 0, 0
54204, 12677, 0, 0, 0
54300, 10728, 0, 0, 0
54404, 10421, 0, 0, 0
54511, 10041, 0, 0, 0
54605, 11478, 0, 0, 0
54704, 11051, 0, 0, 0
54809, 11972, 0, 0, 0
54905, 9293, 0, 0, 0
55006, 10635, 0, 0, 0
55100, 7711, 0, 0, 0
55208, 10942, 0, 0, 0
55300, 11481, 0, 0, 0
55400, 10092, 0, 0, 0
55506, 9717, 0, 0, 0
55606, 9465, 0, 0, 0
55701, 11556, 0, 0, 0
55810, 10355, 0, 0, 0
55911, 11950, 0, 0, 0
56000, 11558, 0, 0, 0
56103, 10315, 0, 0, 0
56205, 11491, 0, 0, 0
56309, 9806, 0, 0, 0
56407, 10971, 0, 0, 0
56504, 11328, 0, 0, 0
56612, 11787, 0, 0, 0
56705, 10705, 0, 0, 0
56809, 9021, 0, 0, 0
56900, 10573, 0, 0, 0
57018, 10926, 0, 0, 0
57109, 11591, 0, 0, 0
57215, 11200, 0, 0, 0
57321, 11635, 0, 0, 0
57402, 11508, 0, 0, 0
57500, 9702, 0, 0, 0
57603, 11886, 0, 0, 0
57703, 10647, 0, 0, 0
57809, 8622, 0, 0, 0
57900, 8505, 0, 0, 0
58001, 8159, 0, 0, 0
58101, 8115, 0, 0, 0
58212, 8999, 0, 0, 0
58306, 8946, 0, 0, 0
58403, 9405, 0, 0, 0
58500, 7542, 0, 0, 0
58610, 9909, 0, 0, 0
58703, 7822, 0, 0, 0
58800, 8199, 0, 0, 0
58900, 7860, 0, 0, 0
59005, 7600, 0, 0, 0
59105, 8143, 0, 0, 0
59201, 9752, 0, 0, 0
59301, 7520, 0, 0, 0
59402, 8105, 0, 0, 0
59514, 9049, 0, 0, 0
59605, 8323, 0, 0, 0
59707, 8698, 0, 0, 0
59805, 7234, 0, 0, 0
59909, 8693, 0, 0, 0
60007, 7938, 0, 0, 0
