100, 541359, 0, 0, 0
200, 528081, 0, 0, 0
300, 479614, 0, 0, 0
400, 493221, 0, 0, 0
500, 508494, 0, 0, 0
600, 509601, 0, 0, 0
700, 521264, 0, 0, 0
800, 488805, 0, 0, 0
900, 485777, 0, 0, 0
1000, 486916, 0, 0, 0
1100, 497174, 0, 0, 0
1200, 477219, 0, 0, 0
1300, 488015, 0, 0, 0
1400, 495871, 0, 0, 0
1500, 518306, 0, 0, 0
1600, 472168, 0, 0, 0
1700, 490656, 0, 0, 0
1800, 516668, 0, 0, 0
1900, 533074, 0, 0, 0
2000, 456335, 0, 0, 0
2100, 736087, 0, 0, 0
2200, 526183, 0, 0, 0
2300, 534898, 0, 0, 0
2400, 544216, 0, 0, 0
2500, 535020, 0, 0, 0
2600, 509910, 0, 0, 0
2700, 511192, 0, 0, 0
2800, 544400, 0, 0, 0
2900, 583991, 0, 0, 0
3000, 534047, 0, 0, 0
3100, 525630, 0, 0, 0
3200, 473282, 0, 0, 0
3300, 510959, 0, 0, 0
3400, 519384, 0, 0, 0
3500, 532962, 0, 0, 0
3600, 524613, 0, 0, 0
3700, 494634, 0, 0, 0
3800, 494205, 0, 0, 0
3900, 523772, 0, 0, 0
4000, 576338, 0, 0, 0
4100, 516938, 0, 0, 0
4200, 509531, 0, 0, 0
4300, 535181, 0, 0, 0
4400, 507396, 0, 0, 0
4500, 498970, 0, 0, 0
4600, 482900, 0, 0, 0
4700, 502804, 0, 0, 0
4800, 573900, 0, 0, 0
4900, 509497, 0, 0, 0
5000, 597616, 0, 0, 0
5100, 501164, 0, 0, 0
5200, 510462, 0, 0, 0
5300, 501601, 0, 0, 0
5400, 568786, 0, 0, 0
5500, 533728, 0, 0, 0
5600, 507654, 0, 0, 0
5700, 502467, 0, 0, 0
5800, 526140, 0, 0, 0
5900, 612879, 0, 0, 0
6000, 612406, 0, 0, 0
6100, 532187, 0, 0, 0
6200, 591624, 0, 0, 0
6300, 615534, 0, 0, 0
6400, 492007, 0, 0, 0
6500, 464304, 0, 0, 0
6600, 464430, 0, 0, 0
6700, 593542, 0, 0, 0
6800, 581338, 0, 0, 0
6900, 520950, 0, 0, 0
7000, 470504, 0, 0, 0
7100, 575334, 0, 0, 0
7200, 678801, 0, 0, 0
7300, 490977, 0, 0, 0
7400, 576134, 0, 0, 0
7500, 565862, 0, 0, 0
7600, 506059, 0, 0, 0
7700, 484477, 0, 0, 0
7800, 495520, 0, 0, 0
7900, 489598, 0, 0, 0
8000, 502187, 0, 0, 0
8100, 481471, 0, 0, 0
8200, 514255, 0, 0, 0
8300, 466153, 0, 0, 0
8400, 478503, 0, 0, 0
8500, 492711, 0, 0, 0
8600, 534957, 0, 0, 0
8700, 496742, 0, 0, 0
8800, 651919, 0, 0, 0
8900, 498146, 0, 0, 0
9000, 490869, 0, 0, 0
9100, 491647, 0, 0, 0
9200, 454643, 0, 0, 0
9300, 492193, 0, 0, 0
9400, 471599, 0, 0, 0
9500, 534926, 0, 0, 0
9600, 476353, 0, 0, 0
9700, 630911, 0, 0, 0
9800, 584715, 0, 0, 0
9900, 499577, 0, 0, 0
10000, 480157, 0, 0, 0
10100, 502537, 0, 0, 0
10200, 580769, 0, 0, 0
10300, 534955, 0, 0, 0
10400, 552014, 0, 0, 0
10500, 568935, 0, 0, 0
10600, 551552, 0, 0, 0
10700, 510746, 0, 0, 0
10800, 492419, 0, 0, 0
10900, 482570, 0, 0, 0
11000, 605481, 0, 0, 0
11100, 487318, 0, 0, 0
11200, 585817, 0, 0, 0
11300, 527623, 0, 0, 0
11400, 521489, 0, 0, 0
11500, 483682, 0, 0, 0
11600, 479816, 0, 0, 0
11700, 477496, 0, 0, 0
11800, 538430, 0, 0, 0
11900, 484094, 0, 0, 0
12000, 471837, 0, 0, 0
12100, 510442, 0, 0, 0
12200, 526087, 0, 0, 0
12300, 585151, 0, 0, 0
12400, 524022, 0, 0, 0
12500, 590884, 0, 0, 0
12600, 566217, 0, 0, 0
12700, 645991, 0, 0, 0
12800, 494861, 0, 0, 0
12900, 612751, 0, 0, 0
13000, 524431, 0, 0, 0
13100, 498979, 0, 0, 0
13200, 526608, 0, 0, 0
13300, 535485, 0, 0, 0
13400, 526989, 0, 0, 0
13500, 506865, 0, 0, 0
13600, 528654, 0, 0, 0
13700, 486270, 0, 0, 0
13800, 519140, 0, 0, 0
13900, 516837, 0, 0, 0
14000, 612678, 0, 0, 0
14100, 486134, 0, 0, 0
14200, 525582, 0, 0, 0
14300, 493940, 0, 0, 0
14400, 514689, 0, 0, 0
14500, 514947, 0, 0, 0
14600, 535624, 0, 0, 0
14700, 574064, 0, 0, 0
14800, 492705, 0, 0, 0
14900, 534260, 0, 0, 0
15000, 511514, 0, 0, 0
15100, 530955, 0, 0, 0
15200, 530970, 0, 0, 0
15300, 524844, 0, 0, 0
15400, 527204, 0, 0, 0
15500, 501944, 0, 0, 0
15600, 504583, 0, 0, 0
15700, 534752, 0, 0, 0
15800, 524861, 0, 0, 0
15900, 494636, 0, 0, 0
16000, 498016, 0, 0, 0
16100, 473317, 0, 0, 0
16200, 496356, 0, 0, 0
16300, 613572, 0, 0, 0
16400, 636684, 0, 0, 0
16500, 670383, 0, 0, 0
16600, 519244, 0, 0, 0
16700, 495706, 0, 0, 0
16800, 581626, 0, 0, 0
16900, 599304, 0, 0, 0
17000, 544031, 0, 0, 0
17100, 534007, 0, 0, 0
17200, 526123, 0, 0, 0
17300, 576893, 0, 0, 0
17400, 539184, 0, 0, 0
17500, 604009, 0, 0, 0
17600, 524823, 0, 0, 0
17700, 524872, 0, 0, 0
17800, 531612, 0, 0, 0
17900, 533949, 0, 0, 0
18000, 520501, 0, 0, 0
18100, 520470, 0, 0, 0
18200, 509018, 0, 0, 0
18300, 539948, 0, 0, 0
18400, 514492, 0, 0, 0
18500, 523263, 0, 0, 0
18600, 500457, 0, 0, 0
18700, 512318, 0, 0, 0
18800, 544461, 0, 0, 0
18900, 537322, 0, 0, 0
19000, 507121, 0, 0, 0
19100, 529836, 0, 0, 0
19200, 480560, 0, 0, 0
19300, 510857, 0, 0, 0
19400, 518205, 0, 0, 0
19500, 589749, 0, 0, 0
19600, 546484, 0, 0, 0
19700, 523977, 0, 0, 0
19800, 564105, 0, 0, 0
19900, 545552, 0, 0, 0
20000, 503448, 0, 0, 0
20100, 529875, 0, 0, 0
20200, 519122, 0, 0, 0
20300, 495046, 0, 0, 0
20400, 554806, 0, 0, 0
20500, 500051, 0, 0, 0
20600, 532302, 0, 0, 0
20700, 518611, 0, 0, 0
20800, 573986, 0, 0, 0
20900, 531879, 0, 0, 0
21000, 502681, 0, 0, 0
21100, 499128, 0, 0, 0
21200, 483044, 0, 0, 0
21300, 494846, 0, 0, 0
21400, 635444, 0, 0, 0
21500, 521049, 0, 0, 0
21600, 523055, 0, 0, 0
21700, 525940, 0, 0, 0
21800, 520207, 0, 0, 0
21900, 537858, 0, 0, 0
22000, 511861, 0, 0, 0
22100, 568756, 0, 0, 0
22200, 544868, 0, 0, 0
22300, 527651, 0, 0, 0
22400, 510490, 0, 0, 0
22500, 511238, 0, 0, 0
22600, 524264, 0, 0, 0
22700, 532649, 0, 0, 0
22800, 507415, 0, 0, 0
22900, 522765, 0, 0, 0
23000, 492612, 0, 0, 0
23100, 531019, 0, 0, 0
23200, 497574, 0, 0, 0
23300, 518301, 0, 0, 0
23400, 491467, 0, 0, 0
23500, 482696, 0, 0, 0
23600, 492575, 0, 0, 0
23700, 612460, 0, 0, 0
23800, 570429, 0, 0, 0
23900, 495059, 0, 0, 0
24000, 502028, 0, 0, 0
24100, 603354, 0, 0, 0
24200, 512358, 0, 0, 0
24300, 580497, 0, 0, 0
24400, 529709, 0, 0, 0
24500, 511854, 0, 0, 0
24600, 501087, 0, 0, 0
24700, 504731, 0, 0, 0
24800, 506494, 0, 0, 0
24900, 584965, 0, 0, 0
25000, 549658, 0, 0, 0
25100, 582788, 0, 0, 0
25200, 483914, 0, 0, 0
25300, 504137, 0, 0, 0
25400, 551262, 0, 0, 0
25500, 497504, 0, 0, 0
25600, 493466, 0, 0, 0
25700, 543685, 0, 0, 0
25800, 552787, 0, 0, 0
25900, 572713, 0, 0, 0
26000, 508126, 0, 0, 0
26100, 541333, 0, 0, 0
26200, 533962, 0, 0, 0
26300, 642025, 0, 0, 0
26400, 524582, 0, 0, 0
26500, 537691, 0, 0, 0
26600, 500811, 0, 0, 0
26700, 511774, 0, 0, 0
26800, 512891, 0, 0, 0
26900, 505229, 0, 0, 0
27000, 643986, 0, 0, 0
27100, 569648, 0, 0, 0
27200, 601410, 0, 0, 0
27300, 527271, 0, 0, 0
27400, 525518, 0, 0, 0
27500, 530965, 0, 0, 0
27600, 525335, 0, 0, 0
27700, 495756, 0, 0, 0
27800, 467282, 0, 0, 0
27900, 496897, 0, 0, 0
28000, 495436, 0, 0, 0
28100, 489478, 0, 0, 0
28200, 479701, 0, 0, 0
28300, 531113, 0, 0, 0
28400, 559270, 0, 0, 0
28500, 533407, 0, 0, 0
28600, 619118, 0, 0, 0
28700, 639346, 0, 0, 0
28800, 641026, 0, 0, 0
28900, 502691, 0, 0, 0
29000, 510443, 0, 0, 0
29100, 510772, 0, 0, 0
29200, 573775, 0, 0, 0
29300, 538351, 0, 0, 0
29400, 489791, 0, 0, 0
29500, 480238, 0, 0, 0
29600, 577074, 0, 0, 0
29700, 545228, 0, 0, 0
29800, 502688, 0, 0, 0
29900, 567519, 0, 0, 0
30000, 513208, 0, 0, 0
30100, 519036, 0, 0, 0
30200, 566219, 0, 0, 0
30300, 544053, 0, 0, 0
30400, 510787, 0, 0, 0
30500, 520407, 0, 0, 0
30600, 535268, 0, 0, 0
30700, 487458, 0, 0, 0
30800, 490037, 0, 0, 0
30900, 512766, 0, 0, 0
31000, 508782, 0, 0, 0
31100, 533141, 0, 0, 0
31200, 600960, 0, 0, 0
31300, 520806, 0, 0, 0
31400, 495207, 0, 0, 0
31500, 505262, 0, 0, 0
31600, 495331, 0, 0, 0
31700, 512526, 0, 0, 0
31800, 535819, 0, 0, 0
31900, 772172, 0, 0, 0
32000, 519885, 0, 0, 0
32100, 573188, 0, 0, 0
32200, 479150, 0, 0, 0
32300, 494325, 0, 0, 0
32400, 490363, 0, 0, 0
32500, 509964, 0, 0, 0
32600, 536609, 0, 0, 0
32700, 529628, 0, 0, 0
32800, 519656, 0, 0, 0
32900, 551338, 0, 0, 0
33000, 557033, 0, 0, 0
33100, 492706, 0, 0, 0
33200, 515164, 0, 0, 0
33300, 559738, 0, 0, 0
33400, 569595, 0, 0, 0
33500, 515945, 0, 0, 0
33600, 515439, 0, 0, 0
33700, 490906, 0, 0, 0
33800, 533087, 0, 0, 0
33900, 509602, 0, 0, 0
34000, 545051, 0, 0, 0
34100, 574899, 0, 0, 0
34200, 498943, 0, 0, 0
34300, 570118, 0, 0, 0
34400, 551231, 0, 0, 0
34500, 500627, 0, 0, 0
34600, 516588, 0, 0, 0
34700, 494924, 0, 0, 0
34800, 516077, 0, 0, 0
34900, 596773, 0, 0, 0
35000, 486855, 0, 0, 0
35100, 814779, 0, 0, 0
35200, 604058, 0, 0, 0
35300, 523810, 0, 0, 0
35400, 548397, 0, 0, 0
35500, 542340, 0, 0, 0
35600, 581065, 0, 0, 0
35700, 480609, 0, 0, 0
35800, 607578, 0, 0, 0
35900, 571981, 0, 0, 0
36000, 576775, 0, 0, 0
36100, 530900, 0, 0, 0
36200, 457890, 0, 0, 0
36300, 530430, 0, 0, 0
36400, 524143, 0, 0, 0
36500, 478167, 0, 0, 0
36600, 560048, 0, 0, 0
36700, 752261, 0, 0, 0
36800, 551412, 0, 0, 0
36900, 547480, 0, 0, 0
37000, 495658, 0, 0, 0
37100, 584300, 0, 0, 0
37200, 561083, 0, 0, 0
37300, 554954, 0, 0, 0
37400, 502950, 0, 0, 0
37500, 519811, 0, 0, 0
37600, 494402, 0, 0, 0
37700, 537844, 0, 0, 0
37800, 498913, 0, 0, 0
37900, 543486, 0, 0, 0
38000, 534051, 0, 0, 0
38100, 565555, 0, 0, 0
38200, 480335, 0, 0, 0
38300, 539474, 0, 0, 0
38400, 507612, 0, 0, 0
38500, 492684, 0, 0, 0
38600, 536997, 0, 0, 0
38700, 497707, 0, 0, 0
38800, 522969, 0, 0, 0
38900, 561810, 0, 0, 0
39000, 542864, 0, 0, 0
39100, 557693, 0, 0, 0
39200, 555379, 0, 0, 0
39300, 489373, 0, 0, 0
39400, 497435, 0, 0, 0
39500, 582019, 0, 0, 0
39600, 519418, 0, 0, 0
39700, 537963, 0, 0, 0
39800, 537668, 0, 0, 0
39900, 499970, 0, 0, 0
40000, 798746, 0, 0, 0
40100, 493383, 0, 0, 0
40200, 517044, 0, 0, 0
40300, 471330, 0, 0, 0
40400, 473841, 0, 0, 0
40500, 478451, 0, 0, 0
40600, 519240, 0, 0, 0
40700, 532986, 0, 0, 0
40800, 516964, 0, 0, 0
40900, 564414, 0, 0, 0
41000, 528744, 0, 0, 0
41100, 495137, 0, 0, 0
41200, 517343, 0, 0, 0
41300, 498231, 0, 0, 0
41400, 574495, 0, 0, 0
41500, 499330, 0, 0, 0
41600, 514490, 0, 0, 0
41700, 529588, 0, 0, 0
41800, 598965, 0, 0, 0
41900, 505193, 0, 0, 0
42000, 596071, 0, 0, 0
42100, 546796, 0, 0, 0
42200, 498359, 0, 0, 0
42300, 488989, 0, 0, 0
42400, 502193, 0, 0, 0
42500, 532171, 0, 0, 0
42600, 494474, 0, 0, 0
42700, 478934, 0, 0, 0
42800, 469853, 0, 0, 0
42900, 514176, 0, 0, 0
43000, 628886, 0, 0, 0
43100, 525504, 0, 0, 0
43200, 534636, 0, 0, 0
43300, 491985, 0, 0, 0
43400, 498972, 0, 0, 0
43500, 553689, 0, 0, 0
43600, 574033, 0, 0, 0
43700, 550682, 0, 0, 0
43800, 547490, 0, 0, 0
43900, 547464, 0, 0, 0
44000, 507479, 0, 0, 0
44100, 570139, 0, 0, 0
44200, 490397, 0, 0, 0
44300, 584244, 0, 0, 0
44400, 497076, 0, 0, 0
44500, 509113, 0, 0, 0
44600, 518074, 0, 0, 0
44700, 579047, 0, 0, 0
44800, 501761, 0, 0, 0
44900, 535911, 0, 0, 0
45000, 502606, 0, 0, 0
45100, 523635, 0, 0, 0
45200, 540859, 0, 0, 0
45300, 534022, 0, 0, 0
45400, 628587, 0, 0, 0
45500, 537989, 0, 0, 0
45600, 547915, 0, 0, 0
45700, 639874, 0, 0, 0
45800, 649729, 0, 0, 0
45900, 503899, 0, 0, 0
46000, 469525, 0, 0, 0
46100, 527380, 0, 0, 0
46200, 514447, 0, 0, 0
46300, 491666, 0, 0, 0
46400, 537403, 0, 0, 0
46500, 501104, 0, 0, 0
46600, 458039, 0, 0, 0
46700, 542220, 0, 0, 0
46800, 506463, 0, 0, 0
46900, 571288, 0, 0, 0
47000, 473164, 0, 0, 0
47100, 521630, 0, 0, 0
47200, 548676, 0, 0, 0
47300, 500321, 0, 0, 0
47400, 508281, 0, 0, 0
47500, 514472, 0, 0, 0
47600, 493966, 0, 0, 0
47700, 554330, 0, 0, 0
47800, 517564, 0, 0, 0
47900, 547611, 0, 0, 0
48000, 521390, 0, 0, 0
48100, 534936, 0, 0, 0
48200, 568460, 0, 0, 0
48300, 494320, 0, 0, 0
48400, 498561, 0, 0, 0
48500, 520448, 0, 0, 0
48600, 646171, 0, 0, 0
48700, 518809, 0, 0, 0
48800, 527989, 0, 0, 0
48900, 559243, 0, 0, 0
49000, 522838, 0, 0, 0
49100, 508381, 0, 0, 0
49200, 591554, 0, 0, 0
49300, 530242, 0, 0, 0
49400, 546764, 0, 0, 0
49500, 515738, 0, 0, 0
49600, 479395, 0, 0, 0
49700, 595399, 0, 0, 0
49800, 594370, 0, 0, 0
49900, 514114, 0, 0, 0
50000, 497856, 0, 0, 0
50100, 511967, 0, 0, 0
50200, 555757, 0, 0, 0
50300, 461919, 0, 0, 0
50400, 559037, 0, 0, 0
50500, 531612, 0, 0, 0
50600, 498039, 0, 0, 0
50700, 535166, 0, 0, 0
50800, 595511, 0, 0, 0
50900, 515606, 0, 0, 0
51000, 537411, 0, 0, 0
51100, 532385, 0, 0, 0
51200, 507640, 0, 0, 0
51300, 494606, 0, 0, 0
51400, 512310, 0, 0, 0
51500, 502849, 0, 0, 0
51600, 480842, 0, 0, 0
51700, 541677, 0, 0, 0
51800, 504539, 0, 0, 0
51900, 562244, 0, 0, 0
52000, 540071, 0, 0, 0
52100, 513763, 0, 0, 0
52200, 512431, 0, 0, 0
52300, 547604, 0, 0, 0
52400, 505599, 0, 0, 0
52500, 523240, 0, 0, 0
52600, 538103, 0, 0, 0
52700, 502384, 0, 0, 0
52800, 513885, 0, 0, 0
52900, 499149, 0, 0, 0
53000, 504852, 0, 0, 0
53100, 542429, 0, 0, 0
53200, 534104, 0, 0, 0
53300, 534105, 0, 0, 0
53400, 626935, 0, 0, 0
53500, 503590, 0, 0, 0
53600, 471577, 0, 0, 0
53700, 489424, 0, 0, 0
53800, 476836, 0, 0, 0
53900, 477216, 0, 0, 0
54000, 494190, 0, 0, 0
54100, 476880, 0, 0, 0
54200, 529194, 0, 0, 0
54300, 592546, 0, 0, 0
54400, 536857, 0, 0, 0
54500, 481942, 0, 0, 0
54600, 513018, 0, 0, 0
54700, 577683, 0, 0, 0
54800, 528656, 0, 0, 0
54900, 499606, 0, 0, 0
55000, 493455, 0, 0, 0
55100, 522394, 0, 0, 0
55200, 492354, 0, 0, 0
55300, 513835, 0, 0, 0
55400, 445286, 0, 0, 0
55500, 586562, 0, 0, 0
55600, 570485, 0, 0, 0
55700, 529688, 0, 0, 0
55800, 500834, 0, 0, 0
55900, 550280, 0, 0, 0
56000, 537153, 0, 0, 0
56100, 595299, 0, 0, 0
56200, 507182, 0, 0, 0
56300, 516582, 0, 0, 0
56400, 565122, 0, 0, 0
56500, 511346, 0, 0, 0
56600, 507226, 0, 0, 0
56700, 624295, 0, 0, 0
56800, 550981, 0, 0, 0
56900, 477277, 0, 0, 0
57000, 507535, 0, 0, 0
57100, 582775, 0, 0, 0
57200, 507569, 0, 0, 0
57300, 469961, 0, 0, 0
57400, 493952, 0, 0, 0
57500, 577424, 0, 0, 0
57600, 546915, 0, 0, 0
57700, 616537, 0, 0, 0
57800, 516350, 0, 0, 0
57900, 527354, 0, 0, 0
58000, 580592, 0, 0, 0
58100, 597895, 0, 0, 0
58200, 527105, 0, 0, 0
58300, 529914, 0, 0, 0
58400, 521285, 0, 0, 0
58500, 597896, 0, 0, 0
58600, 526165, 0, 0, 0
58700, 463993, 0, 0, 0
58800, 583988, 0, 0, 0
58900, 586832, 0, 0, 0
59000, 524148, 0, 0, 0
59100, 572521, 0, 0, 0
59200, 493277, 0, 0, 0
59300, 478756, 0, 0, 0
59400, 493729, 0, 0, 0
59500, 541976, 0, 0, 0
59600, 565588, 0, 0, 0
59700, 568590, 0, 0, 0
59800, 510316, 0, 0, 0
59900, 526013, 0, 0, 0
60000, 500729, 0, 0, 0
60100, 490640, 0, 0, 0
60200, 478382, 0, 0, 0
60300, 452299, 0, 0, 0
60400, 511035, 0, 0, 0
60500, 483868, 0, 0, 0
60600, 496715, 0, 0, 0
60700, 488205, 0, 0, 0
60800, 560488, 0, 0, 0
60900, 532737, 0, 0, 0
61000, 535752, 0, 0, 0
61100, 497757, 0, 0, 0
61200, 477727, 0, 0, 0
61300, 488066, 0, 0, 0
61400, 517708, 0, 0, 0
61500, 493460, 0, 0, 0
61600, 517258, 0, 0, 0
61700, 508608, 0, 0, 0
61800, 562850, 0, 0, 0
61900, 492864, 0, 0, 0
62000, 500360, 0, 0, 0
62100, 516471, 0, 0, 0
62200, 491233, 0, 0, 0
62300, 529081, 0, 0, 0
62400, 511497, 0, 0, 0
62500, 563560, 0, 0, 0
62600, 519567, 0, 0, 0
62700, 558220, 0, 0, 0
62800, 596741, 0, 0, 0
62900, 512098, 0, 0, 0
63000, 516184, 0, 0, 0
63100, 514191, 0, 0, 0
63200, 501692, 0, 0, 0
63300, 505777, 0, 0, 0
63400, 534027, 0, 0, 0
63500, 486767, 0, 0, 0
63600, 536588, 0, 0, 0
63700, 521392, 0, 0, 0
63800, 573129, 0, 0, 0
63900, 531743, 0, 0, 0
64000, 502359, 0, 0, 0
64100, 585640, 0, 0, 0
64200, 539018, 0, 0, 0
64300, 551694, 0, 0, 0
64400, 506342, 0, 0, 0
64500, 511262, 0, 0, 0
64600, 523849, 0, 0, 0
64700, 537452, 0, 0, 0
64800, 580035, 0, 0, 0
64900, 516728, 0, 0, 0
65000, 525652, 0, 0, 0
65100, 581278, 0, 0, 0
65200, 493708, 0, 0, 0
65300, 532386, 0, 0, 0
65400, 550498, 0, 0, 0
65500, 541375, 0, 0, 0
65600, 516438, 0, 0, 0
65700, 558271, 0, 0, 0
65800, 526955, 0, 0, 0
65900, 474082, 0, 0, 0
66000, 525594, 0, 0, 0
66100, 513294, 0, 0, 0
66200, 456380, 0, 0, 0
66300, 493508, 0, 0, 0
66400, 572112, 0, 0, 0
66500, 480729, 0, 0, 0
66600, 492812, 0, 0, 0
66700, 619313, 0, 0, 0
66800, 600956, 0, 0, 0
66900, 633327, 0, 0, 0
67000, 568421, 0, 0, 0
67100, 510638, 0, 0, 0
67200, 534184, 0, 0, 0
67300, 493671, 0, 0, 0
67400, 530919, 0, 0, 0
67500, 495226, 0, 0, 0
67600, 512112, 0, 0, 0
67700, 563686, 0, 0, 0
67800, 553539, 0, 0, 0
67900, 511883, 0, 0, 0
68000, 514860, 0, 0, 0
68100, 483746, 0, 0, 0
68200, 481425, 0, 0, 0
68300, 531795, 0, 0, 0
68400, 517138, 0, 0, 0
68500, 490578, 0, 0, 0
68600, 514856, 0, 0, 0
68700, 515743, 0, 0, 0
68800, 522782, 0, 0, 0
68900, 547653, 0, 0, 0
69000, 505395, 0, 0, 0
69100, 505938, 0, 0, 0
69200, 496453, 0, 0, 0
69300, 530389, 0, 0, 0
69401, 519834, 0, 0, 0
69500, 503776, 0, 0, 0
69600, 475637, 0, 0, 0
69700, 512404, 0, 0, 0
69800, 522992, 0, 0, 0
69900, 557074, 0, 0, 0
70000, 614259, 0, 0, 0
70100, 564483, 0, 0, 0
70200, 513432, 0, 0, 0
70300, 558738, 0, 0, 0
70400, 553569, 0, 0, 0
70500, 515795, 0, 0, 0
70600, 528028, 0, 0, 0
70700, 548979, 0, 0, 0
70800, 501185, 0, 0, 0
70900, 602729, 0, 0, 0
71000, 507489, 0, 0, 0
71100, 533194, 0, 0, 0
71200, 558353, 0, 0, 0
71300, 504155, 0, 0, 0
71400, 481557, 0, 0, 0
71500, 496041, 0, 0, 0
71600, 474389, 0, 0, 0
71700, 504471, 0, 0, 0
71800, 512954, 0, 0, 0
71900, 539979, 0, 0, 0
72000, 531413, 0, 0, 0
72100, 529410, 0, 0, 0
72200, 520020, 0, 0, 0
72300, 529417, 0, 0, 0
72400, 522607, 0, 0, 0
72500, 515436, 0, 0, 0
72600, 555768, 0, 0, 0
72700, 494627, 0, 0, 0
72800, 553294, 0, 0, 0
72900, 542799, 0, 0, 0
73000, 477290, 0, 0, 0
73100, 534893, 0, 0, 0
73200, 504813, 0, 0, 0
73300, 633474, 0, 0, 0
73400, 527910, 0, 0, 0
73500, 515384, 0, 0, 0
73600, 529822, 0, 0, 0
73700, 576707, 0, 0, 0
73800, 533797, 0, 0, 0
73900, 499870, 0, 0, 0
74000, 521628, 0, 0, 0
74100, 500005, 0, 0, 0
74200, 512913, 0, 0, 0
74300, 499248, 0, 0, 0
74400, 502214, 0, 0, 0
74500, 537195, 0, 0, 0
74600, 496102, 0, 0, 0
74700, 508836, 0, 0, 0
74800, 559381, 0, 0, 0
74900, 496282, 0, 0, 0
75000, 522559, 0, 0, 0
75100, 533605, 0, 0, 0
75200, 534566, 0, 0, 0
75300, 502493, 0, 0, 0
75400, 500806, 0, 0, 0
75500, 556449, 0, 0, 0
75600, 547892, 0, 0, 0
75700, 599294, 0, 0, 0
75800, 563492, 0, 0, 0
75900, 526281, 0, 0, 0
76000, 521984, 0, 0, 0
76100, 518349, 0, 0, 0
76200, 572436, 0, 0, 0
76300, 490899, 0, 0, 0
76400, 519031, 0, 0, 0
76500, 518632, 0, 0, 0
76600, 611310, 0, 0, 0
76700, 537710, 0, 0, 0
76800, 533566, 0, 0, 0
76900, 520764, 0, 0, 0
77000, 600881, 0, 0, 0
77100, 708420, 0, 0, 0
77200, 512504, 0, 0, 0
77300, 494695, 0, 0, 0
77400, 507825, 0, 0, 0
77500, 521881, 0, 0, 0
77600, 586085, 0, 0, 0
77700, 512747, 0, 0, 0
77800, 519871, 0, 0, 0
77900, 545422, 0, 0, 0
78000, 570968, 0, 0, 0
78100, 518252, 0, 0, 0
78200, 521584, 0, 0, 0
78300, 562726, 0, 0, 0
78400, 485384, 0, 0, 0
78500, 506671, 0, 0, 0
78600, 517153, 0, 0, 0
78700, 520634, 0, 0, 0
78800, 514624, 0, 0, 0
78900, 505800, 0, 0, 0
79000, 503013, 0, 0, 0
79100, 527892, 0, 0, 0
79200, 521912, 0, 0, 0
79300, 576658, 0, 0, 0
79400, 551839, 0, 0, 0
79500, 529995, 0, 0, 0
79600, 464790, 0, 0, 0
79700, 509736, 0, 0, 0
79800, 492550, 0, 0, 0
79900, 529172, 0, 0, 0
80000, 505042, 0, 0, 0
80100, 519577, 0, 0, 0
80200, 523998, 0, 0, 0
80300, 507911, 0, 0, 0
80400, 537074, 0, 0, 0
80500, 535542, 0, 0, 0
80600, 549100, 0, 0, 0
80700, 529512, 0, 0, 0
80800, 491248, 0, 0, 0
80900, 517623, 0, 0, 0
81000, 500803, 0, 0, 0
81100, 584821, 0, 0, 0
81200, 517679, 0, 0, 0
81300, 503008, 0, 0, 0
81400, 518430, 0, 0, 0
81500, 580748, 0, 0, 0
81600, 488790, 0, 0, 0
81700, 493058, 0, 0, 0
81800, 609407, 0, 0, 0
81900, 516823, 0, 0, 0
82000, 521033, 0, 0, 0
82100, 516829, 0, 0, 0
82200, 486465, 0, 0, 0
82300, 578773, 0, 0, 0
82400, 537197, 0, 0, 0
82500, 543320, 0, 0, 0
82600, 495915, 0, 0, 0
82700, 541755, 0, 0, 0
82800, 561642, 0, 0, 0
82900, 537973, 0, 0, 0
83000, 552254, 0, 0, 0
83100, 480733, 0, 0, 0
83200, 468426, 0, 0, 0
83300, 492079, 0, 0, 0
83400, 518577, 0, 0, 0
83500, 560420, 0, 0, 0
83600, 562808, 0, 0, 0
83700, 550977, 0, 0, 0
83800, 537681, 0, 0, 0
83900, 507397, 0, 0, 0
84000, 536127, 0, 0, 0
84100, 490720, 0, 0, 0
84200, 536082, 0, 0, 0
84300, 555775, 0, 0, 0
84400, 543825, 0, 0, 0
84500, 517362, 0, 0, 0
84600, 509569, 0, 0, 0
84700, 507162, 0, 0, 0
84800, 497501, 0, 0, 0
84900, 570053, 0, 0, 0
85000, 484467, 0, 0, 0
85100, 565736, 0, 0, 0
85200, 505867, 0, 0, 0
85300, 577220, 0, 0, 0
85400, 534488, 0, 0, 0
85500, 496146, 0, 0, 0
85600, 539027, 0, 0, 0
85700, 503892, 0, 0, 0
85800, 501174, 0, 0, 0
85900, 519418, 0, 0, 0
86000, 537814, 0, 0, 0
86100, 527898, 0, 0, 0
86200, 531907, 0, 0, 0
86300, 532457, 0, 0, 0
86400, 477946, 0, 0, 0
86500, 462767, 0, 0, 0
86600, 489263, 0, 0, 0
86700, 534761, 0, 0, 0
86800, 533493, 0, 0, 0
86900, 495293, 0, 0, 0
87000, 539111, 0, 0, 0
87100, 526127, 0, 0, 0
87200, 523870, 0, 0, 0
87300, 575528, 0, 0, 0
87400, 526365, 0, 0, 0
87500, 568317, 0, 0, 0
87600, 479056, 0, 0, 0
87700, 503513, 0, 0, 0
87800, 508448, 0, 0, 0
87900, 507829, 0, 0, 0
88000, 503741, 0, 0, 0
88100, 572949, 0, 0, 0
88200, 528993, 0, 0, 0
88300, 531937, 0, 0, 0
88400, 541638, 0, 0, 0
88500, 530654, 0, 0, 0
88600, 566268, 0, 0, 0
88700, 518863, 0, 0, 0
88800, 589368, 0, 0, 0
88900, 521402, 0, 0, 0
89000, 513392, 0, 0, 0
89100, 500934, 0, 0, 0
89200, 481785, 0, 0, 0
89300, 492382, 0, 0, 0
89400, 536133, 0, 0, 0
89500, 518199, 0, 0, 0
89600, 522146, 0, 0, 0
89700, 677556, 0, 0, 0
89800, 509821, 0, 0, 0
89900, 544543, 0, 0, 0
90000, 539454, 0, 0, 0
