100, 1862133, 0, 0, 0
200, 2173140, 0, 0, 0
300, 1968762, 0, 0, 0
400, 1883473, 0, 0, 0
500, 2041306, 0, 0, 0
600, 2209639, 0, 0, 0
700, 1788616, 0, 0, 0
800, 2532779, 0, 0, 0
900, 1915189, 0, 0, 0
1000, 2252591, 0, 0, 0
1100, 2335102, 0, 0, 0
1200, 2508895, 0, 0, 0
1300, 2115606, 0, 0, 0
1400, 1896623, 0, 0, 0
1500, 1954279, 0, 0, 0
1600, 2050550, 0, 0, 0
1700, 1815491, 0, 0, 0
1800, 2140063, 0, 0, 0
1900, 1826042, 0, 0, 0
2000, 1533813, 0, 0, 0
2100, 1781002, 0, 0, 0
2200, 1977326, 0, 0, 0
2300, 1958583, 0, 0, 0
2400, 1802711, 0, 0, 0
2500, 1933859, 0, 0, 0
2600, 2253604, 0, 0, 0
2700, 2129176, 0, 0, 0
2800, 1684111, 0, 0, 0
2900, 2099406, 0, 0, 0
3000, 1698591, 0, 0, 0
3100, 1894267, 0, 0, 0
3200, 2052851, 0, 0, 0
3300, 2141027, 0, 0, 0
3400, 1996253, 0, 0, 0
3500, 1927765, 0, 0, 0
3600, 1634923, 0, 0, 0
3700, 2293268, 0, 0, 0
3800, 1920552, 0, 0, 0
3900, 1789413, 0, 0, 0
4000, 1907197, 0, 0, 0
4100, 1763802, 0, 0, 0
4200, 2011192, 0, 0, 0
4300, 1941259, 0, 0, 0
4400, 2272854, 0, 0, 0
4500, 2006592, 0, 0, 0
4600, 1871765, 0, 0, 0
4700, 1812871, 0, 0, 0
4800, 1826422, 0, 0, 0
4900, 2029620, 0, 0, 0
5000, 2371546, 0, 0, 0
5100, 1550288, 0, 0, 0
5200, 2332867, 0, 0, 0
5300, 2386711, 0, 0, 0
5400, 1827659, 0, 0, 0
5500, 1940570, 0, 0, 0
5600, 1883635, 0, 0, 0
5700, 2024806, 0, 0, 0
5800, 1978311, 0, 0, 0
5900, 2215956, 0, 0, 0
6000, 1786119, 0, 0, 0
6100, 1852788, 0, 0, 0
6200, 2147044, 0, 0, 0
6300, 2517136, 0, 0, 0
6400, 1888866, 0, 0, 0
6500, 2267236, 0, 0, 0
6600, 1660398, 0, 0, 0
6700, 2060616, 0, 0, 0
6800, 2127480, 0, 0, 0
6900, 1873734, 0, 0, 0
7000, 2019269, 0, 0, 0
7100, 2035074, 0, 0, 0
7200, 1875205, 0, 0, 0
7300, 1796744, 0, 0, 0
7400, 1702893, 0, 0, 0
7500, 1769378, 0, 0, 0
7600, 1936775, 0, 0, 0
7700, 1861766, 0, 0, 0
7800, 1749496, 0, 0, 0
7900, 1984653, 0, 0, 0
8000, 1826498, 0, 0, 0
8100, 2039164, 0, 0, 0
8200, 1900284, 0, 0, 0
8300, 2086540, 0, 0, 0
8400, 1835847, 0, 0, 0
8500, 2106833, 0, 0, 0
8600, 2352550, 0, 0, 0
8700, 1521603, 0, 0, 0
8800, 1916565, 0, 0, 0
8900, 2638609, 0, 0, 0
9000, 1670220, 0, 0, 0
9100, 1840285, 0, 0, 0
9200, 1849889, 0, 0, 0
9300, 2080896, 0, 0, 0
9400, 2046780, 0, 0, 0
9500, 2125702, 0, 0, 0
9600, 1991126, 0, 0, 0
9700, 1955751, 0, 0, 0
9800, 2163164, 0, 0, 0
9900, 1866866, 0, 0, 0
10000, 1903256, 0, 0, 0
10100, 1954139, 0, 0, 0
10200, 1921770, 0, 0, 0
10300, 1988212, 0, 0, 0
10400, 1896529, 0, 0, 0
10500, 1720274, 0, 0, 0
10600, 2032286, 0, 0, 0
10700, 1738086, 0, 0, 0
10800, 1528306, 0, 0, 0
10900, 1995168, 0, 0, 0
11000, 1862670, 0, 0, 0
11100, 1740446, 0, 0, 0
11200, 1556326, 0, 0, 0
11300, 1872471, 0, 0, 0
11400, 1884917, 0, 0, 0
11500, 1309834, 0, 0, 0
11600, 1899544, 0, 0, 0
11700, 1795677, 0, 0, 0
11800, 1760897, 0, 0, 0
11900, 2060820, 0, 0, 0
12000, 1902245, 0, 0, 0
12100, 1886440, 0, 0, 0
12200, 2323237, 0, 0, 0
12300, 1973059, 0, 0, 0
12400, 1861155, 0, 0, 0
12500, 1729033, 0, 0, 0
12600, 1751725, 0, 0, 0
12700, 1920066, 0, 0, 0
12800, 1727452, 0, 0, 0
12900, 1818673, 0, 0, 0
13000, 1790477, 0, 0, 0
13100, 2455672, 0, 0, 0
13200, 1977443, 0, 0, 0
13300, 2738809, 0, 0, 0
13400, 2143791, 0, 0, 0
13500, 2052407, 0, 0, 0
13600, 1883274, 0, 0, 0
13700, 2343402, 0, 0, 0
13800, 1714652, 0, 0, 0
13900, 2052024, 0, 0, 0
14000, 2038248, 0, 0, 0
14100, 1798071, 0, 0, 0
14200, 1651171, 0, 0, 0
14300, 2104135, 0, 0, 0
14400, 1774659, 0, 0, 0
14500, 1614306, 0, 0, 0
14600, 1879295, 0, 0, 0
14700, 1982029, 0, 0, 0
14800, 1999627, 0, 0, 0
14900, 1848416, 0, 0, 0
15000, 1899696, 0, 0, 0
15100, 2131598, 0, 0, 0
15200, 2046895, 0, 0, 0
15300, 2298528, 0, 0, 0
15400, 1903474, 0, 0, 0
15500, 2017663, 0, 0, 0
15600, 2826184, 0, 0, 0
15700, 1968690, 0, 0, 0
15800, 1577676, 0, 0, 0
15900, 1973441, 0, 0, 0
16000, 1886693, 0, 0, 0
16100, 2159005, 0, 0, 0
16200, 1915239, 0, 0, 0
16300, 1722307, 0, 0, 0
16400, 2051986, 0, 0, 0
16500, 2281822, 0, 0, 0
16600, 1920897, 0, 0, 0
16700, 2242893, 0, 0, 0
16800, 1946498, 0, 0, 0
16900, 1893234, 0, 0, 0
17000, 2010521, 0, 0, 0
17100, 1740252, 0, 0, 0
17200, 1625536, 0, 0, 0
17300, 1882584, 0, 0, 0
17400, 1763000, 0, 0, 0
17500, 1590710, 0, 0, 0
17600, 1733460, 0, 0, 0
17700, 2096450, 0, 0, 0
17800, 1641365, 0, 0, 0
17900, 1866722, 0, 0, 0
18000, 1853631, 0, 0, 0
18100, 2197991, 0, 0, 0
18200, 2388070, 0, 0, 0
18300, 1790116, 0, 0, 0
18400, 2108857, 0, 0, 0
18500, 1809338, 0, 0, 0
18600, 1893327, 0, 0, 0
18700, 2129539, 0, 0, 0
18800, 1881058, 0, 0, 0
18900, 1597359, 0, 0, 0
19000, 1719677, 0, 0, 0
19100, 1965222, 0, 0, 0
19200, 1598392, 0, 0, 0
19300, 1774051, 0, 0, 0
19400, 1900651, 0, 0, 0
19500, 2094174, 0, 0, 0
19600, 1785083, 0, 0, 0
19700, 2035645, 0, 0, 0
19800, 2005072, 0, 0, 0
19900, 1704568, 0, 0, 0
20000, 1892828, 0, 0, 0
20100, 2093989, 0, 0, 0
20200, 1842716, 0, 0, 0
20300, 2108558, 0, 0, 0
20400, 1907936, 0, 0, 0
20500, 2299875, 0, 0, 0
20600, 1691314, 0, 0, 0
20700, 1765358, 0, 0, 0
20800, 2362648, 0, 0, 0
20900, 1856312, 0, 0, 0
21000, 1780528, 0, 0, 0
21100, 1864207, 0, 0, 0
21200, 1858643, 0, 0, 0
21300, 1402487, 0, 0, 0
21400, 1631878, 0, 0, 0
21500, 2026649, 0, 0, 0
21600, 1947100, 0, 0, 0
21700, 1476182, 0, 0, 0
21800, 1909963, 0, 0, 0
21900, 1939908, 0, 0, 0
22000, 1835834, 0, 0, 0
22100, 1809160, 0, 0, 0
22200, 2123960, 0, 0, 0
22300, 1545544, 0, 0, 0
22400, 1934305, 0, 0, 0
22500, 2141117, 0, 0, 0
22600, 1888607, 0, 0, 0
22700, 1861739, 0, 0, 0
22800, 1721056, 0, 0, 0
22900, 1751315, 0, 0, 0
23000, 1798908, 0, 0, 0
23100, 1644360, 0, 0, 0
23200, 2012558, 0, 0, 0
23300, 2067204, 0, 0, 0
23400, 2114720, 0, 0, 0
23500, 1518989, 0, 0, 0
23600, 2085381, 0, 0, 0
23700, 1999960, 0, 0, 0
23800, 1649807, 0, 0, 0
23900, 2508845, 0, 0, 0
24000, 2224469, 0, 0, 0
24100, 1650805, 0, 0, 0
24200, 1323193, 0, 0, 0
24300, 1999053, 0, 0, 0
24400, 2085712, 0, 0, 0
24500, 1836208, 0, 0, 0
24600, 2033714, 0, 0, 0
24700, 2094787, 0, 0, 0
24800, 1775028, 0, 0, 0
24900, 2089018, 0, 0, 0
25000, 1963277, 0, 0, 0
25100, 1804619, 0, 0, 0
25200, 1660964, 0, 0, 0
25300, 2215102, 0, 0, 0
25400, 2093024, 0, 0, 0
25500, 2019688, 0, 0, 0
25600, 1733216, 0, 0, 0
25700, 1666221, 0, 0, 0
25800, 2311136, 0, 0, 0
25900, 1996590, 0, 0, 0
26000, 2298411, 0, 0, 0
26100, 2102898, 0, 0, 0
26200, 1732144, 0, 0, 0
26300, 2071051, 0, 0, 0
26400, 2114311, 0, 0, 0
26500, 1836790, 0, 0, 0
26600, 1850875, 0, 0, 0
26700, 1806715, 0, 0, 0
26800, 1684511, 0, 0, 0
26900, 1991647, 0, 0, 0
27000, 1923658, 0, 0, 0
27100, 1714807, 0, 0, 0
27200, 1978478, 0, 0, 0
27300, 2095995, 0, 0, 0
27400, 2392380, 0, 0, 0
27500, 1888658, 0, 0, 0
27600, 2358998, 0, 0, 0
27700, 1851170, 0, 0, 0
27800, 1811945, 0, 0, 0
27900, 1683782, 0, 0, 0
28000, 1780545, 0, 0, 0
28100, 2327100, 0, 0, 0
28200, 2398781, 0, 0, 0
28300, 2067192, 0, 0, 0
28400, 1885482, 0, 0, 0
28500, 1887399, 0, 0, 0
28600, 1948710, 0, 0, 0
28700, 2381487, 0, 0, 0
28800, 2285225, 0, 0, 0
28900, 1969727, 0, 0, 0
29001, 1621230, 0, 0, 0
29100, 2054934, 0, 0, 0
29200, 2115304, 0, 0, 0
29300, 1702066, 0, 0, 0
29400, 1458876, 0, 0, 0
29500, 2146164, 0, 0, 0
29600, 2012936, 0, 0, 0
29700, 1845435, 0, 0, 0
29800, 1959049, 0, 0, 0
29900, 1760705, 0, 0, 0
30000, 2330763, 0, 0, 0
30100, 2119727, 0, 0, 0
30200, 2063834, 0, 0, 0
30300, 1993165, 0, 0, 0
30400, 2616041, 0, 0, 0
30500, 2311561, 0, 0, 0
30600, 2102958, 0, 0, 0
30700, 1698264, 0, 0, 0
30800, 1834833, 0, 0, 0
30900, 1697382, 0, 0, 0
31000, 1676130, 0, 0, 0
31100, 2334047, 0, 0, 0
31200, 1889582, 0, 0, 0
31300, 1749374, 0, 0, 0
31400, 1683898, 0, 0, 0
31502, 2247761, 0, 0, 0
31600, 2284237, 0, 0, 0
31700, 2185580, 0, 0, 0
31800, 1897850, 0, 0, 0
31900, 1770342, 0, 0, 0
32000, 1846352, 0, 0, 0
32100, 1912571, 0, 0, 0
32200, 1925467, 0, 0, 0
32300, 2071200, 0, 0, 0
32400, 2098040, 0, 0, 0
32500, 2073313, 0, 0, 0
32600, 2352637, 0, 0, 0
32700, 1991215, 0, 0, 0
32800, 2251064, 0, 0, 0
32900, 1739824, 0, 0, 0
33000, 1799699, 0, 0, 0
33100, 1621644, 0, 0, 0
33200, 1519204, 0, 0, 0
33300, 1904663, 0, 0, 0
33400, 2217540, 0, 0, 0
33500, 1760339, 0, 0, 0
33600, 1497496, 0, 0, 0
33700, 2121609, 0, 0, 0
33800, 2499504, 0, 0, 0
33900, 2225194, 0, 0, 0
34000, 1765152, 0, 0, 0
34100, 1937071, 0, 0, 0
34200, 1584824, 0, 0, 0
34301, 3248536, 0, 0, 0
34400, 2317773, 0, 0, 0
34500, 1923341, 0, 0, 0
34600, 2141518, 0, 0, 0
34700, 1841019, 0, 0, 0
34800, 1948553, 0, 0, 0
34900, 1852149, 0, 0, 0
35000, 1844314, 0, 0, 0
35100, 1899626, 0, 0, 0
35200, 2587807, 0, 0, 0
35300, 2002757, 0, 0, 0
35400, 2019391, 0, 0, 0
35500, 1971084, 0, 0, 0
35600, 1916014, 0, 0, 0
35700, 1619511, 0, 0, 0
35800, 2902859, 0, 0, 0
35900, 2028356, 0, 0, 0
36000, 2221374, 0, 0, 0
36100, 1875431, 0, 0, 0
36200, 1748909, 0, 0, 0
36300, 1828344, 0, 0, 0
36400, 1891831, 0, 0, 0
36500, 1851173, 0, 0, 0
36600, 1607784, 0, 0, 0
36700, 1670514, 0, 0, 0
36800, 2037263, 0, 0, 0
36900, 1627893, 0, 0, 0
37000, 2414845, 0, 0, 0
37100, 1499283, 0, 0, 0
37200, 2860045, 0, 0, 0
37300, 1987021, 0, 0, 0
37400, 2197470, 0, 0, 0
37500, 2337542, 0, 0, 0
37600, 2579922, 0, 0, 0
37700, 2118258, 0, 0, 0
37800, 1569714, 0, 0, 0
37900, 2425024, 0, 0, 0
38000, 1372672, 0, 0, 0
38100, 2134332, 0, 0, 0
38200, 1926861, 0, 0, 0
38300, 1985303, 0, 0, 0
38400, 2038766, 0, 0, 0
38500, 1750370, 0, 0, 0
38600, 1727049, 0, 0, 0
38700, 1843411, 0, 0, 0
38800, 1571694, 0, 0, 0
38900, 1717056, 0, 0, 0
39000, 2107164, 0, 0, 0
39100, 2011573, 0, 0, 0
39200, 1583729, 0, 0, 0
39300, 1752131, 0, 0, 0
39400, 1616613, 0, 0, 0
39500, 2818905, 0, 0, 0
39600, 2077642, 0, 0, 0
39700, 2308305, 0, 0, 0
39800, 2060802, 0, 0, 0
39900, 1968332, 0, 0, 0
40000, 2032758, 0, 0, 0
40100, 2078795, 0, 0, 0
40200, 1961490, 0, 0, 0
40300, 1816718, 0, 0, 0
40400, 2045964, 0, 0, 0
40500, 3057574, 0, 0, 0
40600, 2156738, 0, 0, 0
40700, 1681487, 0, 0, 0
40800, 1961552, 0, 0, 0
40900, 1945439, 0, 0, 0
41000, 2343724, 0, 0, 0
41100, 1915729, 0, 0, 0
41200, 1705239, 0, 0, 0
41300, 1991630, 0, 0, 0
41400, 1874708, 0, 0, 0
41500, 1854569, 0, 0, 0
41600, 1972198, 0, 0, 0
41700, 2083665, 0, 0, 0
41800, 2040246, 0, 0, 0
41900, 1709008, 0, 0, 0
42000, 1711264, 0, 0, 0
42100, 1973927, 0, 0, 0
42200, 2211653, 0, 0, 0
42300, 1856463, 0, 0, 0
42402, 1946329, 0, 0, 0
42500, 1864961, 0, 0, 0
42600, 1944113, 0, 0, 0
42700, 1869795, 0, 0, 0
42800, 1897684, 0, 0, 0
42900, 1872170, 0, 0, 0
43000, 1791621, 0, 0, 0
43100, 1816138, 0, 0, 0
43200, 2179367, 0, 0, 0
43300, 1671039, 0, 0, 0
43400, 1751284, 0, 0, 0
43500, 2063412, 0, 0, 0
43600, 2149905, 0, 0, 0
43700, 2298912, 0, 0, 0
43800, 1812827, 0, 0, 0
43900, 2063429, 0, 0, 0
44000, 2036216, 0, 0, 0
44100, 2012362, 0, 0, 0
44200, 2106890, 0, 0, 0
44300, 1830846, 0, 0, 0
44400, 2241045, 0, 0, 0
44500, 1747577, 0, 0, 0
44600, 1941986, 0, 0, 0
44700, 2018543, 0, 0, 0
44800, 2231058, 0, 0, 0
44900, 1841902, 0, 0, 0
45000, 1849186, 0, 0, 0
45100, 1998971, 0, 0, 0
45200, 1562408, 0, 0, 0
45300, 1941572, 0, 0, 0
45400, 2191015, 0, 0, 0
45500, 1826149, 0, 0, 0
45600, 1898847, 0, 0, 0
45700, 1746974, 0, 0, 0
45800, 2003295, 0, 0, 0
45900, 1790192, 0, 0, 0
46000, 1743262, 0, 0, 0
46100, 2043042, 0, 0, 0
46200, 2429946, 0, 0, 0
46300, 1997693, 0, 0, 0
46400, 2008747, 0, 0, 0
46500, 2420066, 0, 0, 0
46600, 2536551, 0, 0, 0
46700, 1975815, 0, 0, 0
46800, 2088983, 0, 0, 0
46900, 1861825, 0, 0, 0
47000, 2283576, 0, 0, 0
47100, 1894343, 0, 0, 0
47200, 1953401, 0, 0, 0
47300, 1998686, 0, 0, 0
47400, 1727716, 0, 0, 0
47500, 1560853, 0, 0, 0
47600, 1775352, 0, 0, 0
47700, 2125214, 0, 0, 0
47800, 1925924, 0, 0, 0
47900, 1643299, 0, 0, 0
48000, 2253715, 0, 0, 0
48100, 1995634, 0, 0, 0
48200, 1872780, 0, 0, 0
48300, 1831173, 0, 0, 0
48400, 1842531, 0, 0, 0
48500, 1880685, 0, 0, 0
48600, 2009244, 0, 0, 0
48700, 2587350, 0, 0, 0
48800, 2752292, 0, 0, 0
48900, 2496222, 0, 0, 0
49000, 2082499, 0, 0, 0
49100, 2188194, 0, 0, 0
49200, 1849921, 0, 0, 0
49300, 1918160, 0, 0, 0
49400, 1880328, 0, 0, 0
49500, 1907154, 0, 0, 0
49600, 2371538, 0, 0, 0
49700, 2288716, 0, 0, 0
49800, 1948920, 0, 0, 0
49900, 1780552, 0, 0, 0
50000, 1972615, 0, 0, 0
50100, 2109054, 0, 0, 0
50200, 1880568, 0, 0, 0
50300, 1753518, 0, 0, 0
50400, 2187870, 0, 0, 0
50500, 2356233, 0, 0, 0
50600, 1861294, 0, 0, 0
50700, 1887944, 0, 0, 0
50800, 1831784, 0, 0, 0
50900, 1989106, 0, 0, 0
51000, 1790046, 0, 0, 0
51100, 1897826, 0, 0, 0
51200, 1729416, 0, 0, 0
51300, 2430640, 0, 0, 0
51400, 1897679, 0, 0, 0
51500, 2201200, 0, 0, 0
51600, 2054739, 0, 0, 0
51700, 2263957, 0, 0, 0
51800, 2371003, 0, 0, 0
51900, 1864775, 0, 0, 0
52000, 1766904, 0, 0, 0
52100, 2121784, 0, 0, 0
52200, 2084041, 0, 0, 0
52300, 2048502, 0, 0, 0
52400, 1851350, 0, 0, 0
52500, 1847294, 0, 0, 0
52600, 2148041, 0, 0, 0
52700, 2871477, 0, 0, 0
52800, 1697278, 0, 0, 0
52900, 2024078, 0, 0, 0
53000, 2275302, 0, 0, 0
53100, 1859909, 0, 0, 0
53200, 1796638, 0, 0, 0
53300, 1939375, 0, 0, 0
53400, 1978249, 0, 0, 0
53500, 1798066, 0, 0, 0
53600, 2109400, 0, 0, 0
53700, 2248179, 0, 0, 0
53800, 1880905, 0, 0, 0
53900, 1888193, 0, 0, 0
54000, 1909470, 0, 0, 0
54100, 1972165, 0, 0, 0
54200, 1887657, 0, 0, 0
54300, 1835690, 0, 0, 0
54400, 1999250, 0, 0, 0
54500, 2685704, 0, 0, 0
54600, 2073513, 0, 0, 0
54700, 1925770, 0, 0, 0
54800, 2112838, 0, 0, 0
54900, 2050810, 0, 0, 0
55000, 2355390, 0, 0, 0
55100, 2270491, 0, 0, 0
55200, 1960634, 0, 0, 0
55300, 1829598, 0, 0, 0
55400, 1814455, 0, 0, 0
55500, 1774991, 0, 0, 0
55600, 2226295, 0, 0, 0
55700, 1767591, 0, 0, 0
55800, 1883272, 0, 0, 0
55900, 2133139, 0, 0, 0
56000, 1945115, 0, 0, 0
56100, 1847175, 0, 0, 0
56200, 2149664, 0, 0, 0
56300, 2171889, 0, 0, 0
56400, 1780849, 0, 0, 0
56500, 1835002, 0, 0, 0
56600, 1865323, 0, 0, 0
56700, 1868010, 0, 0, 0
56800, 1925723, 0, 0, 0
56900, 1906660, 0, 0, 0
57000, 2240573, 0, 0, 0
57100, 1801086, 0, 0, 0
57200, 2034447, 0, 0, 0
57300, 1905226, 0, 0, 0
57400, 2035788, 0, 0, 0
57500, 1749623, 0, 0, 0
57600, 2070201, 0, 0, 0
57700, 2458045, 0, 0, 0
57800, 2178123, 0, 0, 0
57900, 1954176, 0, 0, 0
58000, 1974580, 0, 0, 0
58100, 1736660, 0, 0, 0
58200, 1776250, 0, 0, 0
58300, 2229757, 0, 0, 0
58400, 1852052, 0, 0, 0
58500, 1928725, 0, 0, 0
58600, 2053279, 0, 0, 0
58700, 1993189, 0, 0, 0
58800, 2259882, 0, 0, 0
58900, 2201545, 0, 0, 0
59000, 2193165, 0, 0, 0
59100, 1872408, 0, 0, 0
59200, 2185595, 0, 0, 0
59300, 1990716, 0, 0, 0
59400, 1932466, 0, 0, 0
59500, 1914485, 0, 0, 0
59600, 1772337, 0, 0, 0
59700, 1892473, 0, 0, 0
59800, 2160151, 0, 0, 0
59900, 1885681, 0, 0, 0
60000, 1861321, 0, 0, 0
60100, 2211293, 0, 0, 0
60200, 2048107, 0, 0, 0
60300, 1895694, 0, 0, 0
60400, 1792111, 0, 0, 0
60500, 1859908, 0, 0, 0
60600, 2325333, 0, 0, 0
60700, 1768871, 0, 0, 0
60800, 1909107, 0, 0, 0
60900, 1969339, 0, 0, 0
61000, 1955014, 0, 0, 0
61100, 1780544, 0, 0, 0
61200, 1855914, 0, 0, 0
61300, 1905240, 0, 0, 0
61400, 1804030, 0, 0, 0
61500, 1866574, 0, 0, 0
61600, 2214880, 0, 0, 0
61700, 1962498, 0, 0, 0
61800, 2640593, 0, 0, 0
61900, 1717767, 0, 0, 0
62000, 2797026, 0, 0, 0
62100, 2000988, 0, 0, 0
62200, 2134009, 0, 0, 0
62300, 1910931, 0, 0, 0
62400, 2500899, 0, 0, 0
62500, 1864765, 0, 0, 0
62600, 2013458, 0, 0, 0
62700, 1863970, 0, 0, 0
62800, 2103391, 0, 0, 0
62900, 1905552, 0, 0, 0
63000, 2025469, 0, 0, 0
63100, 1821131, 0, 0, 0
63200, 1948749, 0, 0, 0
63300, 2310167, 0, 0, 0
63400, 1933294, 0, 0, 0
63500, 1931727, 0, 0, 0
63600, 2411785, 0, 0, 0
63700, 2728152, 0, 0, 0
63800, 2165091, 0, 0, 0
63900, 1829488, 0, 0, 0
64000, 2157654, 0, 0, 0
64100, 2267452, 0, 0, 0
64200, 2101640, 0, 0, 0
64300, 2484826, 0, 0, 0
64400, 1959791, 0, 0, 0
64500, 2131617, 0, 0, 0
64600, 1903590, 0, 0, 0
64700, 2265717, 0, 0, 0
64800, 1790131, 0, 0, 0
64900, 2001327, 0, 0, 0
65000, 1941311, 0, 0, 0
65100, 2152128, 0, 0, 0
65200, 2273620, 0, 0, 0
65300, 1949354, 0, 0, 0
65400, 2409234, 0, 0, 0
65500, 1695657, 0, 0, 0
65600, 2117104, 0, 0, 0
65700, 2151413, 0, 0, 0
65800, 2112214, 0, 0, 0
65900, 1868042, 0, 0, 0
66000, 2018210, 0, 0, 0
66100, 1811747, 0, 0, 0
66200, 2146652, 0, 0, 0
66300, 1740604, 0, 0, 0
66400, 1818379, 0, 0, 0
66500, 1851253, 0, 0, 0
66600, 1852670, 0, 0, 0
66700, 1903922, 0, 0, 0
66800, 1935944, 0, 0, 0
66900, 1871351, 0, 0, 0
67000, 2038819, 0, 0, 0
67100, 1930105, 0, 0, 0
67200, 2213362, 0, 0, 0
67300, 1890835, 0, 0, 0
67400, 2063809, 0, 0, 0
67500, 1945671, 0, 0, 0
67600, 1908090, 0, 0, 0
67700, 2158820, 0, 0, 0
67800, 2437573, 0, 0, 0
67900, 2659054, 0, 0, 0
68000, 2039609, 0, 0, 0
68100, 1873329, 0, 0, 0
68200, 1955895, 0, 0, 0
68300, 2013169, 0, 0, 0
68400, 1926452, 0, 0, 0
68500, 2439910, 0, 0, 0
68600, 1793582, 0, 0, 0
68700, 1793838, 0, 0, 0
68800, 1737753, 0, 0, 0
68900, 2179278, 0, 0, 0
69000, 2275572, 0, 0, 0
69100, 2218916, 0, 0, 0
69200, 2231899, 0, 0, 0
69300, 1852659, 0, 0, 0
69400, 1932876, 0, 0, 0
69500, 1988719, 0, 0, 0
69600, 2456029, 0, 0, 0
69700, 1891669, 0, 0, 0
69800, 1865185, 0, 0, 0
69900, 1996872, 0, 0, 0
70000, 2069692, 0, 0, 0
70100, 1974469, 0, 0, 0
70200, 2078643, 0, 0, 0
70300, 2098780, 0, 0, 0
70400, 1998177, 0, 0, 0
70500, 2602312, 0, 0, 0
70600, 2156394, 0, 0, 0
70700, 2048053, 0, 0, 0
70800, 2055214, 0, 0, 0
70900, 2710633, 0, 0, 0
71000, 1744401, 0, 0, 0
71100, 2213649, 0, 0, 0
71200, 2134681, 0, 0, 0
71300, 2273783, 0, 0, 0
71400, 1979031, 0, 0, 0
71500, 2291785, 0, 0, 0
71600, 2480591, 0, 0, 0
71700, 2134952, 0, 0, 0
71800, 1768870, 0, 0, 0
71900, 1792696, 0, 0, 0
72000, 2121068, 0, 0, 0
72100, 1700131, 0, 0, 0
72200, 2020908, 0, 0, 0
72300, 1968136, 0, 0, 0
72400, 2610572, 0, 0, 0
72500, 1751320, 0, 0, 0
72600, 2345658, 0, 0, 0
72700, 1846823, 0, 0, 0
72800, 1867888, 0, 0, 0
72900, 1870606, 0, 0, 0
73000, 1983959, 0, 0, 0
73100, 2103095, 0, 0, 0
73200, 1966471, 0, 0, 0
73300, 1671855, 0, 0, 0
73400, 1901896, 0, 0, 0
73500, 2033446, 0, 0, 0
73600, 1737690, 0, 0, 0
73700, 1924589, 0, 0, 0
73800, 2035379, 0, 0, 0
73900, 1784735, 0, 0, 0
74000, 2045468, 0, 0, 0
74100, 1741376, 0, 0, 0
74200, 2009441, 0, 0, 0
74300, 2056621, 0, 0, 0
74400, 1992700, 0, 0, 0
74500, 2349665, 0, 0, 0
74600, 1829154, 0, 0, 0
74700, 1858034, 0, 0, 0
74800, 1760197, 0, 0, 0
74900, 2452538, 0, 0, 0
75000, 1829381, 0, 0, 0
75100, 2220006, 0, 0, 0
75200, 1957018, 0, 0, 0
75300, 2571640, 0, 0, 0
75400, 2061612, 0, 0, 0
75500, 1797491, 0, 0, 0
75600, 2307061, 0, 0, 0
75700, 2836968, 0, 0, 0
75800, 1966793, 0, 0, 0
75900, 1990974, 0, 0, 0
76000, 2208191, 0, 0, 0
76100, 2309723, 0, 0, 0
76200, 1932080, 0, 0, 0
76300, 2491752, 0, 0, 0
76400, 2083997, 0, 0, 0
76500, 2036501, 0, 0, 0
76600, 1950352, 0, 0, 0
76700, 2242750, 0, 0, 0
76800, 2306524, 0, 0, 0
76900, 1955704, 0, 0, 0
77000, 1835286, 0, 0, 0
77100, 1813177, 0, 0, 0
77200, 1752338, 0, 0, 0
77300, 2081797, 0, 0, 0
77400, 1893543, 0, 0, 0
77500, 1957870, 0, 0, 0
77600, 1935802, 0, 0, 0
77700, 1977201, 0, 0, 0
77800, 2202816, 0, 0, 0
77900, 1802260, 0, 0, 0
78000, 1838058, 0, 0, 0
78100, 2213121, 0, 0, 0
78200, 1956704, 0, 0, 0
78300, 1734856, 0, 0, 0
78400, 1876726, 0, 0, 0
78500, 2119898, 0, 0, 0
78600, 1868560, 0, 0, 0
78700, 2258738, 0, 0, 0
78800, 1868727, 0, 0, 0
78900, 1882128, 0, 0, 0
79000, 2129157, 0, 0, 0
79100, 2320763, 0, 0, 0
79200, 1958588, 0, 0, 0
79300, 2041734, 0, 0, 0
79400, 2283511, 0, 0, 0
79500, 1859560, 0, 0, 0
79600, 1985774, 0, 0, 0
79700, 1790162, 0, 0, 0
79800, 2034854, 0, 0, 0
79900, 1901643, 0, 0, 0
80000, 2796635, 0, 0, 0
80100, 2292181, 0, 0, 0
80200, 1955936, 0, 0, 0
80300, 1761059, 0, 0, 0
80400, 1884179, 0, 0, 0
80500, 1992355, 0, 0, 0
80600, 2171672, 0, 0, 0
80700, 1810129, 0, 0, 0
80800, 1965229, 0, 0, 0
80900, 2168353, 0, 0, 0
81000, 1910688, 0, 0, 0
81100, 2011697, 0, 0, 0
81200, 1822859, 0, 0, 0
81300, 1909589, 0, 0, 0
81400, 1985783, 0, 0, 0
81500, 1864690, 0, 0, 0
81600, 2512668, 0, 0, 0
81700, 2116131, 0, 0, 0
81800, 2158141, 0, 0, 0
81900, 2025395, 0, 0, 0
82000, 2135142, 0, 0, 0
82100, 2721057, 0, 0, 0
82200, 1842179, 0, 0, 0
82300, 2062456, 0, 0, 0
82400, 2215923, 0, 0, 0
82500, 2054960, 0, 0, 0
82600, 1783343, 0, 0, 0
82700, 1968827, 0, 0, 0
82800, 2405958, 0, 0, 0
82900, 1709973, 0, 0, 0
83000, 1786429, 0, 0, 0
83100, 1829417, 0, 0, 0
83200, 1910801, 0, 0, 0
83300, 2200219, 0, 0, 0
83400, 1941948, 0, 0, 0
83500, 2179313, 0, 0, 0
83600, 1896714, 0, 0, 0
83700, 2410514, 0, 0, 0
83800, 1853198, 0, 0, 0
83900, 2166217, 0, 0, 0
84000, 1831384, 0, 0, 0
84100, 1791640, 0, 0, 0
84200, 2254295, 0, 0, 0
84300, 1920060, 0, 0, 0
84400, 1727655, 0, 0, 0
84500, 1984543, 0, 0, 0
84600, 1964931, 0, 0, 0
84700, 1786234, 0, 0, 0
84800, 2023398, 0, 0, 0
84900, 1931364, 0, 0, 0
85000, 1744315, 0, 0, 0
85100, 2011134, 0, 0, 0
85200, 1819137, 0, 0, 0
85300, 1899795, 0, 0, 0
85400, 2175202, 0, 0, 0
85500, 1888924, 0, 0, 0
85600, 2189080, 0, 0, 0
85700, 1940064, 0, 0, 0
85800, 1812814, 0, 0, 0
85900, 2106545, 0, 0, 0
86000, 2900378, 0, 0, 0
86100, 1933938, 0, 0, 0
86200, 2030502, 0, 0, 0
86300, 2072167, 0, 0, 0
86400, 2019784, 0, 0, 0
86500, 1850038, 0, 0, 0
86600, 1990388, 0, 0, 0
86700, 3648482, 0, 0, 0
86800, 1994100, 0, 0, 0
86900, 1867836, 0, 0, 0
87000, 2211026, 0, 0, 0
87100, 1955797, 0, 0, 0
87200, 1865030, 0, 0, 0
87300, 2130856, 0, 0, 0
87400, 2024157, 0, 0, 0
87500, 1690969, 0, 0, 0
87600, 1903417, 0, 0, 0
87700, 1902835, 0, 0, 0
87800, 1767802, 0, 0, 0
87900, 1991561, 0, 0, 0
88000, 1777737, 0, 0, 0
88100, 1784051, 0, 0, 0
88200, 2060684, 0, 0, 0
88300, 1948927, 0, 0, 0
88400, 1847373, 0, 0, 0
88500, 2071634, 0, 0, 0
88600, 1933248, 0, 0, 0
88700, 1854843, 0, 0, 0
88800, 1935738, 0, 0, 0
88900, 1703833, 0, 0, 0
89000, 1587733, 0, 0, 0
89100, 1748647, 0, 0, 0
89200, 2255443, 0, 0, 0
89300, 1736567, 0, 0, 0
89400, 1891166, 0, 0, 0
89500, 1786866, 0, 0, 0
89600, 1831313, 0, 0, 0
89700, 1749728, 0, 0, 0
89800, 1891235, 0, 0, 0
89900, 1739403, 0, 0, 0
90000, 2007977, 0, 0, 0
90002, 3328293, 0, 0, 0
