103, 7238867, 1, 0, 0
203, 7180680, 1, 0, 0
302, 6634235, 1, 0, 0
400, 8185091, 1, 0, 0
502, 7054366, 1, 0, 0
601, 7775229, 1, 0, 0
701, 7712906, 1, 0, 0
800, 12315475, 1, 0, 0
902, 6676510, 1, 0, 0
1002, 6528602, 1, 0, 0
1103, 6789102, 1, 0, 0
1201, 7987712, 1, 0, 0
1302, 7624463, 1, 0, 0
1402, 7132556, 1, 0, 0
1501, 7006281, 1, 0, 0
1602, 8102274, 1, 0, 0
1701, 7958334, 1, 0, 0
1802, 7330887, 1, 0, 0
1902, 7553599, 1, 0, 0
2001, 7024565, 1, 0, 0
2103, 7578795, 1, 0, 0
2202, 7556248, 1, 0, 0
2302, 7243391, 1, 0, 0
2400, 7523990, 1, 0, 0
2502, 7505172, 1, 0, 0
2601, 7326350, 1, 0, 0
2700, 8411782, 1, 0, 0
2800, 7965760, 1, 0, 0
2902, 9459128, 1, 0, 0
3002, 9032867, 1, 0, 0
3101, 6546688, 1, 0, 0
3200, 9685617, 1, 0, 0
3303, 7177223, 1, 0, 0
3403, 10086430, 1, 0, 0
3501, 7306855, 1, 0, 0
3600, 7940068, 1, 0, 0
3702, 8679349, 1, 0, 0
3800, 8093972, 1, 0, 0
3903, 6662953, 1, 0, 0
4009, 7662029, 1, 0, 0
4103, 7733508, 1, 0, 0
4201, 7027482, 1, 0, 0
4300, 7044268, 1, 0, 0
4401, 6776786, 1, 0, 0
4503, 7286067, 1, 0, 0
4600, 7460504, 1, 0, 0
4700, 7826530, 1, 0, 0
4804, 6899417, 1, 0, 0
4901, 7335776, 1, 0, 0
5000, 7539509, 1, 0, 0
5103, 9609903, 1, 0, 0
5200, 7471289, 1, 0, 0
5302, 7841241, 1, 0, 0
5400, 8561808, 1, 0, 0
5502, 7505681, 1, 0, 0
5600, 8218889, 1, 0, 0
5702, 7923554, 1, 0, 0
5800, 8715659, 1, 0, 0
5901, 7825446, 1, 0, 0
6001, 7115544, 1, 0, 0
6102, 8640197, 1, 0, 0
6205, 6213268, 1, 0, 0
6301, 8554002, 1, 0, 0
6404, 7698384, 1, 0, 0
6500, 8290426, 1, 0, 0
6609, 6419367, 1, 0, 0
6700, 8175813, 1, 0, 0
6802, 7326887, 1, 0, 0
6902, 7940172, 1, 0, 0
7000, 7554179, 1, 0, 0
7107, 7932874, 1, 0, 0
7203, 6928913, 1, 0, 0
7300, 6914395, 1, 0, 0
7402, 7579814, 1, 0, 0
7520, 6884977, 1, 0, 0
7601, 21531716, 1, 0, 0
7701, 11941893, 1, 0, 0
7801, 7357787, 1, 0, 0
7902, 6693460, 1, 0, 0
8001, 6705503, 1, 0, 0
8101, 7716136, 1, 0, 0
8201, 7226503, 1, 0, 0
8304, 9350551, 1, 0, 0
8404, 8385840, 1, 0, 0
8502, 6519065, 1, 0, 0
8605, 7514725, 1, 0, 0
8702, 10151295, 1, 0, 0
8802, 7225250, 1, 0, 0
8904, 8135336, 1, 0, 0
9011, 9111230, 1, 0, 0
9104, 8082504, 1, 0, 0
9200, 7914184, 1, 0, 0
9300, 8171305, 1, 0, 0
9402, 7398260, 1, 0, 0
9500, 7380486, 1, 0, 0
9602, 7764844, 1, 0, 0
9702, 7885780, 1, 0, 0
9803, 6738856, 1, 0, 0
9901, 9684144, 1, 0, 0
10000, 8587385, 1, 0, 0
10101, 8066197, 1, 0, 0
10202, 8961161, 1, 0, 0
10303, 10670925, 1, 0, 0
10403, 7173071, 1, 0, 0
10500, 7138091, 1, 0, 0
10600, 7101258, 1, 0, 0
10701, 7760294, 1, 0, 0
10802, 7411310, 1, 0, 0
10902, 7973859, 1, 0, 0
11000, 7512602, 1, 0, 0
11101, 7478488, 1, 0, 0
11206, 7648454, 1, 0, 0
11303, 8337396, 1, 0, 0
11401, 7146053, 1, 0, 0
11503, 7756013, 1, 0, 0
11604, 7838818, 1, 0, 0
11707, 8130482, 1, 0, 0
11801, 7450287, 1, 0, 0
11903, 6939255, 1, 0, 0
12004, 8434636, 1, 0, 0
12100, 8051584, 1, 0, 0
12200, 7174592, 1, 0, 0
12300, 9360658, 1, 0, 0
12404, 8768224, 1, 0, 0
12503, 8089048, 1, 0, 0
12600, 6167804, 1, 0, 0
12702, 7415087, 1, 0, 0
12804, 7043411, 1, 0, 0
12903, 6800152, 1, 0, 0
13037, 7165169, 1, 0, 0
13103, 12347425, 1, 0, 0
13203, 8571786, 1, 0, 0
13302, 8854226, 1, 0, 0
13400, 8883878, 1, 0, 0
13500, 8926305, 1, 0, 0
13600, 7713128, 1, 0, 0
13702, 9251092, 1, 0, 0
13803, 7460055, 1, 0, 0
13900, 7461837, 1, 0, 0
14002, 7348541, 1, 0, 0
14103, 8281070, 1, 0, 0
14203, 8052251, 1, 0, 0
14303, 8046509, 1, 0, 0
14401, 8565492, 1, 0, 0
14503, 6721782, 1, 0, 0
14603, 7822253, 1, 0, 0
14704, 8088718, 1, 0, 0
14804, 8114240, 1, 0, 0
14900, 9581662, 1, 0, 0
15004, 8821193, 1, 0, 0
15100, 8073051, 1, 0, 0
15205, 7762043, 1, 0, 0
15304, 7710153, 1, 0, 0
15400, 7429764, 1, 0, 0
15501, 7886714, 1, 0, 0
15602, 7637252, 1, 0, 0
15701, 7391707, 1, 0, 0
15800, 9340044, 1, 0, 0
15902, 7335500, 1, 0, 0
16002, 7743527, 1, 0, 0
16100, 8086923, 1, 0, 0
16202, 8898728, 1, 0, 0
16300, 7245254, 1, 0, 0
16400, 9833139, 1, 0, 0
16502, 10862992, 1, 0, 0
16601, 7569381, 1, 0, 0
16702, 7161723, 1, 0, 0
16802, 7254613, 1, 0, 0
16900, 8218156, 1, 0, 0
17000, 7527901, 1, 0, 0
17103, 7215303, 1, 0, 0
17201, 10270137, 1, 0, 0
17302, 7160381, 1, 0, 0
17402, 8215573, 1, 0, 0
17512, 5867944, 1, 0, 0
17606, 8664983, 1, 0, 0
17702, 8036067, 1, 0, 0
17800, 9556370, 1, 0, 0
17903, 8276471, 1, 0, 0
18000, 8861213, 1, 0, 0
18103, 7297507, 1, 0, 0
18202, 7589254, 1, 0, 0
18300, 7311408, 1, 0, 0
18401, 7517723, 1, 0, 0
18500, 7269160, 1, 0, 0
18600, 7152001, 1, 0, 0
18704, 7958763, 1, 0, 0
18802, 8182245, 1, 0, 0
18900, 7947340, 1, 0, 0
19000, 8326109, 1, 0, 0
19101, 8457776, 1, 0, 0
19200, 7361825, 1, 0, 0
19302, 7216336, 1, 0, 0
19400, 7324650, 1, 0, 0
19505, 8478692, 1, 0, 0
19601, 8068227, 1, 0, 0
19703, 7204693, 1, 0, 0
19802, 7922297, 1, 0, 0
19900, 8607507, 1, 0, 0
20002, 7566781, 1, 0, 0
20108, 9578159, 1, 0, 0
20202, 7794297, 1, 0, 0
20300, 7290389, 1, 0, 0
20400, 7465877, 1, 0, 0
20501, 7130751, 1, 0, 0
20600, 8002870, 1, 0, 0
20700, 7170836, 1, 0, 0
20805, 6851002, 1, 0, 0
20900, 7299156, 1, 0, 0
21004, 8940070, 1, 0, 0
21102, 7893082, 1, 0, 0
21202, 7707875, 1, 0, 0
21300, 8665523, 1, 0, 0
21404, 7442768, 1, 0, 0
21501, 7544013, 1, 0, 0
21600, 7452986, 1, 0, 0
21700, 7747888, 1, 0, 0
21800, 7015842, 1, 0, 0
21902, 6879818, 1, 0, 0
22015, 10859716, 1, 0, 0
22100, 9828183, 1, 0, 0
22201, 7840687, 1, 0, 0
22303, 7339079, 1, 0, 0
22400, 6867356, 1, 0, 0
22504, 7787400, 1, 0, 0
22601, 8739809, 1, 0, 0
22701, 7243633, 1, 0, 0
22801, 7192597, 1, 0, 0
22900, 7455539, 1, 0, 0
23001, 7948813, 1, 0, 0
23100, 6733579, 1, 0, 0
23205, 8273924, 1, 0, 0
23300, 8070244, 1, 0, 0
23400, 7254989, 1, 0, 0
23502, 7232030, 1, 0, 0
23602, 8698528, 1, 0, 0
23704, 7244230, 1, 0, 0
23800, 8389168, 1, 0, 0
23904, 7827735, 1, 0, 0
24002, 6488763, 1, 0, 0
24124, 7632145, 1, 0, 0
24200, 10524947, 1, 0, 0
24300, 8543164, 1, 0, 0
24402, 7587320, 1, 0, 0
24502, 9600055, 1, 0, 0
24600, 6624970, 1, 0, 0
24703, 8017700, 1, 0, 0
24800, 6657234, 1, 0, 0
24901, 7731406, 1, 0, 0
25000, 7927001, 1, 0, 0
25100, 7331341, 1, 0, 0
25202, 6628976, 1, 0, 0
25300, 7612556, 1, 0, 0
25401, 7032335, 1, 0, 0
25502, 6928097, 1, 0, 0
25600, 7595567, 1, 0, 0
25701, 7013853, 1, 0, 0
25804, 7905948, 1, 0, 0
25900, 9406989, 1, 0, 0
26001, 7769844, 1, 0, 0
26101, 7435629, 1, 0, 0
26200, 6829764, 1, 0, 0
26304, 6874928, 1, 0, 0
26402, 8122523, 1, 0, 0
26500, 7847849, 1, 0, 0
26600, 7076971, 1, 0, 0
26700, 7170689, 1, 0, 0
26801, 7668874, 1, 0, 0
26901, 7200932, 1, 0, 0
27000, 7743148, 1, 0, 0
27100, 7173832, 1, 0, 0
27202, 7357998, 1, 0, 0
27300, 7692351, 1, 0, 0
27401, 8424292, 1, 0, 0
27500, 7389850, 1, 0, 0
27601, 6981031, 1, 0, 0
27701, 7910439, 1, 0, 0
27802, 7326689, 1, 0, 0
27903, 8495234, 1, 0, 0
28000, 7526614, 1, 0, 0
28102, 6691840, 1, 0, 0
28200, 8516211, 1, 0, 0
28300, 9148658, 1, 0, 0
28400, 6921867, 1, 0, 0
28503, 8363745, 1, 0, 0
28603, 8242506, 1, 0, 0
28700, 8115450, 1, 0, 0
28802, 7558520, 1, 0, 0
28900, 7456806, 1, 0, 0
29004, 7867340, 1, 0, 0
29100, 7652354, 1, 0, 0
29203, 7972694, 1, 0, 0
29300, 7626031, 1, 0, 0
29400, 9968286, 1, 0, 0
29506, 7692168, 1, 0, 0
29603, 8584769, 1, 0, 0
29700, 8113575, 1, 0, 0
29801, 7866759, 1, 0, 0
29900, 7612686, 1, 0, 0
30000, 7366341, 1, 0, 0
30103, 9461879, 1, 0, 0
30201, 8802524, 1, 0, 0
30300, 6789996, 1, 0, 0
30402, 7909150, 1, 0, 0
30504, 7761578, 1, 0, 0
30603, 8371907, 1, 0, 0
30700, 9329392, 1, 0, 0
30800, 8009460, 1, 0, 0
30900, 7668040, 1, 0, 0
31000, 7309348, 1, 0, 0
31102, 9540325, 1, 0, 0
31201, 10708167, 1, 0, 0
31301, 9072020, 1, 0, 0
31405, 7464346, 1, 0, 0
31500, 8359673, 1, 0, 0
31601, 8918496, 1, 0, 0
31705, 8034815, 1, 0, 0
31800, 8928476, 1, 0, 0
31902, 6546574, 1, 0, 0
32000, 7254591, 1, 0, 0
32103, 7348223, 1, 0, 0
32206, 6596512, 1, 0, 0
32301, 8060918, 1, 0, 0
32400, 9327693, 1, 0, 0
32502, 7701717, 1, 0, 0
32603, 7453024, 1, 0, 0
32702, 9732590, 1, 0, 0
32802, 8000542, 1, 0, 0
32902, 7586380, 1, 0, 0
33000, 7678489, 1, 0, 0
33103, 7807154, 1, 0, 0
33204, 7763862, 1, 0, 0
33300, 7272348, 1, 0, 0
33401, 6516149, 1, 0, 0
33500, 7497970, 1, 0, 0
33600, 7799098, 1, 0, 0
33701, 8158191, 1, 0, 0
33802, 7242144, 1, 0, 0
33903, 6571780, 1, 0, 0
34002, 9368027, 1, 0, 0
34100, 8445275, 1, 0, 0
34200, 8011206, 1, 0, 0
34304, 8032293, 1, 0, 0
34400, 8047594, 1, 0, 0
34500, 7229957, 1, 0, 0
34603, 7534845, 1, 0, 0
34701, 8377238, 1, 0, 0
34800, 7446680, 1, 0, 0
34901, 7253498, 1, 0, 0
35002, 7710247, 1, 0, 0
35100, 7621706, 1, 0, 0
35202, 8847389, 1, 0, 0
35305, 8209202, 1, 0, 0
35404, 7681785, 1, 0, 0
35500, 17689094, 1, 0, 0
35607, 7620668, 1, 0, 0
35706, 8802113, 1, 0, 0
35800, 7975663, 1, 0, 0
35902, 7253518, 1, 0, 0
36001, 7973507, 1, 0, 0
36101, 7219248, 1, 0, 0
36201, 7393985, 1, 0, 0
36302, 8997368, 1, 0, 0
36401, 11080345, 1, 0, 0
36504, 7206931, 1, 0, 0
36600, 7318838, 1, 0, 0
36702, 7181059, 1, 0, 0
36803, 8362005, 1, 0, 0
36901, 7889410, 1, 0, 0
37003, 7199997, 1, 0, 0
37101, 8829651, 1, 0, 0
37200, 7148463, 1, 0, 0
37300, 7444320, 1, 0, 0
37407, 9289663, 1, 0, 0
37501, 10387308, 1, 0, 0
37601, 8166900, 1, 0, 0
37700, 7538147, 1, 0, 0
37801, 9246261, 1, 0, 0
37900, 6891245, 1, 0, 0
38001, 7032847, 1, 0, 0
38101, 7241142, 1, 0, 0
38202, 7105091, 1, 0, 0
38300, 7236476, 1, 0, 0
38401, 7661319, 1, 0, 0
38501, 8009392, 1, 0, 0
38600, 7461734, 1, 0, 0
38700, 8081988, 1, 0, 0
38800, 8579475, 1, 0, 0
38902, 6848074, 1, 0, 0
39001, 7863729, 1, 0, 0
39101, 7229507, 1, 0, 0
39200, 7996756, 1, 0, 0
39300, 8333211, 1, 0, 0
39401, 6899038, 1, 0, 0
39500, 6926263, 1, 0, 0
39602, 8012336, 1, 0, 0
39700, 8163154, 1, 0, 0
39800, 7722729, 1, 0, 0
39901, 7202069, 1, 0, 0
40005, 8752165, 1, 0, 0
40101, 8858694, 1, 0, 0
40201, 7625418, 1, 0, 0
40303, 7367415, 1, 0, 0
40401, 7373658, 1, 0, 0
40502, 6816535, 1, 0, 0
40601, 7310648, 1, 0, 0
40700, 7782814, 1, 0, 0
40801, 8098961, 1, 0, 0
40903, 7363350, 1, 0, 0
41000, 7791860, 1, 0, 0
41101, 7490761, 1, 0, 0
41205, 8936204, 1, 0, 0
41307, 8918230, 1, 0, 0
41400, 9897294, 1, 0, 0
41501, 6951294, 1, 0, 0
41602, 7362613, 1, 0, 0
41701, 7605941, 1, 0, 0
41803, 8501251, 1, 0, 0
41903, 8033955, 1, 0, 0
42000, 7566324, 1, 0, 0
42100, 7549324, 1, 0, 0
42201, 7366678, 1, 0, 0
42306, 7892241, 1, 0, 0
42400, 8138136, 1, 0, 0
42500, 7203808, 1, 0, 0
42614, 9242142, 1, 0, 0
42703, 11108185, 1, 0, 0
42800, 8450171, 1, 0, 0
42901, 7284829, 1, 0, 0
43000, 7815651, 1, 0, 0
43101, 7474391, 1, 0, 0
43201, 6833618, 1, 0, 0
43302, 8442893, 1, 0, 0
43405, 7688217, 1, 0, 0
43502, 7440052, 1, 0, 0
43603, 7987541, 1, 0, 0
43702, 7382867, 1, 0, 0
43803, 7237878, 1, 0, 0
43901, 7376346, 1, 0, 0
44001, 7035381, 1, 0, 0
44104, 8875670, 1, 0, 0
44202, 8289049, 1, 0, 0
44300, 7745978, 1, 0, 0
44403, 8028185, 1, 0, 0
44500, 8046242, 1, 0, 0
44602, 8704768, 1, 0, 0
44700, 8774626, 1, 0, 0
44802, 7003949, 1, 0, 0
44900, 8107071, 1, 0, 0
45000, 7391201, 1, 0, 0
45100, 7639116, 1, 0, 0
45200, 8062111, 1, 0, 0
45300, 6308676, 1, 0, 0
45402, 8789101, 1, 0, 0
45503, 8518221, 1, 0, 0
45601, 7709643, 1, 0, 0
45702, 7552865, 1, 0, 0
45804, 7782127, 1, 0, 0
45902, 7526143, 1, 0, 0
46001, 7194659, 1, 0, 0
46105, 7345330, 1, 0, 0
46200, 8865064, 1, 0, 0
46301, 7398003, 1, 0, 0
46403, 9134001, 1, 0, 0
46500, 7311624, 1, 0, 0
46600, 7445542, 1, 0, 0
46700, 7245500, 1, 0, 0
46804, 8423127, 1, 0, 0
46904, 8396965, 1, 0, 0
47002, 8075818, 1, 0, 0
47100, 7986757, 1, 0, 0
47201, 8889896, 1, 0, 0
47301, 8787039, 1, 0, 0
47402, 9882554, 1, 0, 0
47500, 7013009, 1, 0, 0
47600, 7198142, 1, 0, 0
47708, 7644677, 1, 0, 0
47801, 9070245, 1, 0, 0
47905, 11230476, 1, 0, 0
48006, 9234897, 1, 0, 0
48100, 8067912, 1, 0, 0
48201, 7688209, 1, 0, 0
48302, 8926660, 1, 0, 0
48400, 10827359, 1, 0, 0
48502, 11727215, 1, 0, 0
48602, 8691195, 1, 0, 0
48704, 8030837, 1, 0, 0
48802, 9009600, 1, 0, 0
48901, 9368622, 1, 0, 0
49002, 10272679, 1, 0, 0
49102, 8280011, 1, 0, 0
49200, 7524476, 1, 0, 0
49300, 7762397, 1, 0, 0
49402, 7338319, 1, 0, 0
49500, 9437905, 1, 0, 0
49600, 7688325, 1, 0, 0
49700, 7476266, 1, 0, 0
49801, 7876838, 1, 0, 0
49924, 7747270, 1, 0, 0
50001, 9747015, 1, 0, 0
50119, 6903007, 1, 0, 0
50207, 9569132, 1, 0, 0
50303, 8404428, 1, 0, 0
50401, 8887706, 1, 0, 0
50505, 8716313, 1, 0, 0
50604, 8428781, 1, 0, 0
50702, 8752664, 1, 0, 0
50802, 7996762, 1, 0, 0
50905, 8046329, 1, 0, 0
51001, 7631108, 1, 0, 0
51100, 6772383, 1, 0, 0
51202, 7095247, 1, 0, 0
51301, 8292143, 1, 0, 0
51403, 7446523, 1, 0, 0
51501, 7701205, 1, 0, 0
51601, 6493223, 1, 0, 0
51705, 7454447, 1, 0, 0
51800, 8767976, 1, 0, 0
51901, 8000348, 1, 0, 0
52000, 9626418, 1, 0, 0
52102, 7247920, 1, 0, 0
52203, 7081495, 1, 0, 0
52301, 8485588, 1, 0, 0
52401, 8015552, 1, 0, 0
52500, 16570268, 1, 0, 0
52600, 7943797, 1, 0, 0
52727, 12013212, 1, 0, 0
52800, 11465789, 1, 0, 0
52901, 7963232, 1, 0, 0
53002, 7788090, 1, 0, 0
53100, 7106323, 1, 0, 0
53201, 8012945, 1, 0, 0
53300, 7278776, 1, 0, 0
53400, 8456936, 1, 0, 0
53501, 8950922, 1, 0, 0
53600, 7228867, 1, 0, 0
53703, 9336136, 1, 0, 0
53800, 7461141, 1, 0, 0
53900, 8051922, 1, 0, 0
54001, 8605570, 1, 0, 0
54100, 6818473, 1, 0, 0
54204, 7329201, 1, 0, 0
54300, 7799602, 1, 0, 0
54401, 10731784, 1, 0, 0
54500, 8226062, 1, 0, 0
54601, 8342267, 1, 0, 0
54700, 7894097, 1, 0, 0
54803, 7233171, 1, 0, 0
54900, 7306575, 1, 0, 0
55001, 8614478, 1, 0, 0
55101, 7369950, 1, 0, 0
55202, 7755467, 1, 0, 0
55302, 7952461, 1, 0, 0
55400, 7363639, 1, 0, 0
55506, 6294979, 1, 0, 0
55603, 8165279, 1, 0, 0
55703, 7966561, 1, 0, 0
55800, 8581419, 1, 0, 0
55901, 10391588, 1, 0, 0
56000, 7926246, 1, 0, 0
56100, 6921106, 1, 0, 0
56200, 6543663, 1, 0, 0
56301, 7853581, 1, 0, 0
56400, 7269578, 1, 0, 0
56501, 7443258, 1, 0, 0
56600, 8362176, 1, 0, 0
56703, 6942954, 1, 0, 0
56801, 7210061, 1, 0, 0
56900, 7458929, 1, 0, 0
57002, 6759043, 1, 0, 0
57101, 7675462, 1, 0, 0
57203, 7161480, 1, 0, 0
57302, 8310767, 1, 0, 0
57400, 7598708, 1, 0, 0
57502, 7183224, 1, 0, 0
57604, 7735736, 1, 0, 0
57700, 7336178, 1, 0, 0
57803, 7259340, 1, 0, 0
57902, 7848585, 1, 0, 0
58003, 8627378, 1, 0, 0
58103, 7328907, 1, 0, 0
58203, 7378479, 1, 0, 0
58302, 7821417, 1, 0, 0
58404, 7853066, 1, 0, 0
58500, 8466309, 1, 0, 0
58601, 7483974, 1, 0, 0
58700, 7984519, 1, 0, 0
58802, 7565556, 1, 0, 0
58900, 6729889, 1, 0, 0
59003, 7156836, 1, 0, 0
59100, 8251795, 1, 0, 0
59237, 7559094, 1, 0, 0
59302, 12214157, 1, 0, 0
59400, 8438190, 1, 0, 0
59501, 8394869, 1, 0, 0
59601, 9036981, 1, 0, 0
59700, 8015343, 1, 0, 0
59802, 6473304, 1, 0, 0
59900, 8042160, 1, 0, 0
60002, 8362157, 1, 0, 0
60100, 7522182, 1, 0, 0
60201, 7878856, 1, 0, 0
60301, 8386344, 1, 0, 0
60401, 7674343, 1, 0, 0
60508, 7953448, 1, 0, 0
60604, 8786258, 1, 0, 0
60700, 7968027, 1, 0, 0
60801, 8779274, 1, 0, 0
60900, 6497768, 1, 0, 0
61001, 7042766, 1, 0, 0
61104, 6993441, 1, 0, 0
61202, 8054946, 1, 0, 0
61300, 7336418, 1, 0, 0
61403, 7729589, 1, 0, 0
61501, 6936650, 1, 0, 0
61602, 8520219, 1, 0, 0
61702, 7875716, 1, 0, 0
61800, 6760235, 1, 0, 0
61902, 9180563, 1, 0, 0
62002, 7308155, 1, 0, 0
62104, 7077712, 1, 0, 0
62200, 7082943, 1, 0, 0
62300, 5841191, 1, 0, 0
62401, 7487009, 1, 0, 0
62500, 8172171, 1, 0, 0
62602, 8136177, 1, 0, 0
62704, 8153967, 1, 0, 0
62802, 8065301, 1, 0, 0
62900, 7018528, 1, 0, 0
63001, 6385803, 1, 0, 0
63100, 8600017, 1, 0, 0
63202, 7612712, 1, 0, 0
63300, 6904769, 1, 0, 0
63401, 7073696, 1, 0, 0
63500, 7545987, 1, 0, 0
63600, 7417478, 1, 0, 0
63704, 7334818, 1, 0, 0
63800, 7081922, 1, 0, 0
63904, 7434286, 1, 0, 0
64000, 6761135, 1, 0, 0
64104, 6949928, 1, 0, 0
64202, 6857301, 1, 0, 0
64301, 7458903, 1, 0, 0
64404, 8159405, 1, 0, 0
64500, 8836481, 1, 0, 0
64602, 7338381, 1, 0, 0
64700, 7879770, 1, 0, 0
64801, 7064778, 1, 0, 0
64902, 8094526, 1, 0, 0
65002, 6969712, 1, 0, 0
65103, 6652943, 1, 0, 0
65202, 7946487, 1, 0, 0
65300, 7207073, 1, 0, 0
65404, 7485755, 1, 0, 0
65500, 8117490, 1, 0, 0
65601, 6848662, 1, 0, 0
65702, 8628053, 1, 0, 0
65800, 7663131, 1, 0, 0
65900, 7553107, 1, 0, 0
66003, 6783924, 1, 0, 0
66113, 6776283, 1, 0, 0
66203, 8384254, 1, 0, 0
66300, 7085206, 1, 0, 0
66401, 7431237, 1, 0, 0
66501, 8347536, 1, 0, 0
66600, 8363087, 1, 0, 0
66702, 8166850, 1, 0, 0
66800, 6709535, 1, 0, 0
66902, 7781056, 1, 0, 0
67002, 6861663, 1, 0, 0
67100, 6927785, 1, 0, 0
67203, 7565459, 1, 0, 0
67300, 7584423, 1, 0, 0
67404, 8408465, 1, 0, 0
67501, 8247540, 1, 0, 0
67600, 7672670, 1, 0, 0
67700, 9487819, 1, 0, 0
67802, 8464532, 1, 0, 0
67903, 8595194, 1, 0, 0
68000, 7312340, 1, 0, 0
68100, 7464686, 1, 0, 0
68202, 7416484, 1, 0, 0
68300, 6967286, 1, 0, 0
68401, 7987577, 1, 0, 0
68500, 8704230, 1, 0, 0
68603, 7539212, 1, 0, 0
68703, 7326699, 1, 0, 0
68800, 7611669, 1, 0, 0
68901, 7325392, 1, 0, 0
69002, 7346418, 1, 0, 0
69100, 7809738, 1, 0, 0
69201, 7741610, 1, 0, 0
69300, 7168404, 1, 0, 0
69403, 6727378, 1, 0, 0
69504, 7989380, 1, 0, 0
69607, 9207424, 1, 0, 0
69703, 8220394, 1, 0, 0
69804, 7380443, 1, 0, 0
69900, 7324158, 1, 0, 0
70001, 8184581, 1, 0, 0
70103, 7060641, 1, 0, 0
70201, 7683340, 1, 0, 0
70300, 6902718, 1, 0, 0
70401, 7576916, 1, 0, 0
70509, 7430240, 1, 0, 0
70600, 8845504, 1, 0, 0
70705, 7930625, 1, 0, 0
70805, 6636234, 1, 0, 0
70900, 7728581, 1, 0, 0
71000, 7672887, 1, 0, 0
71104, 7868917, 1, 0, 0
71200, 6930242, 1, 0, 0
71301, 7575098, 1, 0, 0
71400, 7233871, 1, 0, 0
71501, 7637433, 1, 0, 0
71600, 7305933, 1, 0, 0
71700, 8200360, 1, 0, 0
71800, 6555668, 1, 0, 0
71900, 8931910, 1, 0, 0
72000, 6706012, 1, 0, 0
72100, 6733404, 1, 0, 0
72200, 7526510, 1, 0, 0
72303, 7355034, 1, 0, 0
72400, 8077157, 1, 0, 0
72501, 7395386, 1, 0, 0
72603, 7472241, 1, 0, 0
72703, 7099716, 1, 0, 0
72800, 7247625, 1, 0, 0
72904, 8477127, 1, 0, 0
73001, 7471577, 1, 0, 0
73100, 8377395, 1, 0, 0
73200, 7694173, 1, 0, 0
73301, 7564734, 1, 0, 0
73402, 7594457, 1, 0, 0
73500, 10335907, 1, 0, 0
73605, 10557051, 1, 0, 0
73700, 12126220, 1, 0, 0
73801, 8461930, 1, 0, 0
73900, 7619753, 1, 0, 0
74000, 6941438, 1, 0, 0
74100, 13873493, 1, 0, 0
74203, 7569760, 1, 0, 0
74300, 7417330, 1, 0, 0
74407, 9125667, 1, 0, 0
74500, 8448082, 1, 0, 0
74602, 7246119, 1, 0, 0
74722, 6745981, 1, 0, 0
74800, 10320303, 1, 0, 0
74907, 7808118, 1, 0, 0
75000, 6843540, 1, 0, 0
75104, 7247127, 1, 0, 0
75201, 7679374, 1, 0, 0
75304, 8131890, 1, 0, 0
75403, 7694699, 1, 0, 0
75500, 8001444, 1, 0, 0
75604, 6682557, 1, 0, 0
75701, 7577740, 1, 0, 0
75803, 9134003, 1, 0, 0
75903, 9049268, 1, 0, 0
76002, 7646001, 1, 0, 0
76102, 7104321, 1, 0, 0
76201, 7494148, 1, 0, 0
76302, 8216031, 1, 0, 0
76404, 7506427, 1, 0, 0
76502, 8506202, 1, 0, 0
76605, 8184872, 1, 0, 0
76702, 10836413, 1, 0, 0
76800, 7655835, 1, 0, 0
76901, 7244916, 1, 0, 0
77000, 7518366, 1, 0, 0
77102, 7450530, 1, 0, 0
77200, 7486012, 1, 0, 0
77300, 8733822, 1, 0, 0
77404, 6708199, 1, 0, 0
77504, 7155206, 1, 0, 0
77602, 7836447, 1, 0, 0
77705, 7805787, 1, 0, 0
77801, 8588952, 1, 0, 0
77900, 7145414, 1, 0, 0
78002, 8212047, 1, 0, 0
78101, 7417276, 1, 0, 0
78200, 8641802, 1, 0, 0
78304, 8321743, 1, 0, 0
78400, 8019724, 1, 0, 0
78501, 8746939, 1, 0, 0
78600, 8390726, 1, 0, 0
78701, 7623000, 1, 0, 0
78800, 8546823, 1, 0, 0
78901, 6681392, 1, 0, 0
79001, 6678028, 1, 0, 0
79104, 7633708, 1, 0, 0
79200, 7693565, 1, 0, 0
79306, 8389728, 1, 0, 0
79404, 7162395, 1, 0, 0
79501, 6850529, 1, 0, 0
79603, 8373172, 1, 0, 0
79705, 7918941, 1, 0, 0
79802, 7439244, 1, 0, 0
79900, 6995446, 1, 0, 0
80002, 8733194, 1, 0, 0
80100, 8664017, 1, 0, 0
80200, 7454179, 1, 0, 0
80301, 7408146, 1, 0, 0
80405, 7594133, 1, 0, 0
80502, 7001820, 1, 0, 0
80600, 6603075, 1, 0, 0
80702, 8133244, 1, 0, 0
80800, 8627382, 1, 0, 0
80903, 7005801, 1, 0, 0
81001, 7891116, 1, 0, 0
81103, 8540110, 1, 0, 0
81200, 8219297, 1, 0, 0
81303, 6159079, 1, 0, 0
81402, 9297134, 1, 0, 0
81501, 8768949, 1, 0, 0
81600, 7064096, 1, 0, 0
81701, 7711938, 1, 0, 0
81805, 7643716, 1, 0, 0
81901, 8079548, 1, 0, 0
82004, 6863250, 1, 0, 0
82101, 8326710, 1, 0, 0
82201, 7393599, 1, 0, 0
82300, 8075144, 1, 0, 0
82401, 7094255, 1, 0, 0
82502, 8841408, 1, 0, 0
82607, 7300399, 1, 0, 0
82703, 7371322, 1, 0, 0
82802, 7228914, 1, 0, 0
82900, 8047232, 1, 0, 0
83004, 7236130, 1, 0, 0
83102, 7773258, 1, 0, 0
83200, 7227525, 1, 0, 0
83303, 7040138, 1, 0, 0
83403, 6809350, 1, 0, 0
83501, 8293506, 1, 0, 0
83600, 8090020, 1, 0, 0
83700, 7303631, 1, 0, 0
83823, 8222554, 1, 0, 0
83900, 9792452, 1, 0, 0
84002, 7394186, 1, 0, 0
84103, 9362886, 1, 0, 0
84201, 6881538, 1, 0, 0
84302, 8068187, 1, 0, 0
84401, 8220122, 1, 0, 0
84503, 7747768, 1, 0, 0
84601, 9096365, 1, 0, 0
84702, 8075521, 1, 0, 0
84800, 7738414, 1, 0, 0
84900, 7848423, 1, 0, 0
85000, 7171715, 1, 0, 0
85104, 12372334, 1, 0, 0
85214, 7130352, 1, 0, 0
85303, 10557251, 1, 0, 0
85401, 7617326, 1, 0, 0
85500, 7131684, 1, 0, 0
85602, 7780062, 1, 0, 0
85703, 6786088, 1, 0, 0
85803, 7601245, 1, 0, 0
85903, 8404806, 1, 0, 0
86002, 9122259, 1, 0, 0
86103, 7007103, 1, 0, 0
86200, 7947865, 1, 0, 0
86303, 9076859, 1, 0, 0
86403, 7812904, 1, 0, 0
86500, 8793587, 1, 0, 0
86600, 7903068, 1, 0, 0
86703, 8322672, 1, 0, 0
86804, 8037247, 1, 0, 0
86901, 7545586, 1, 0, 0
87004, 8388215, 1, 0, 0
87101, 7606960, 1, 0, 0
87201, 7690810, 1, 0, 0
87302, 7831726, 1, 0, 0
87404, 8359689, 1, 0, 0
87503, 6970815, 1, 0, 0
87602, 7105853, 1, 0, 0
87704, 6902834, 1, 0, 0
87845, 8209880, 1, 0, 0
87902, 12524636, 1, 0, 0
88002, 7708466, 1, 0, 0
88100, 7714118, 1, 0, 0
88200, 7750495, 1, 0, 0
88304, 6527640, 1, 0, 0
88403, 10022286, 1, 0, 0
88501, 7867924, 1, 0, 0
88604, 6950610, 1, 0, 0
88704, 7092115, 1, 0, 0
88800, 7522348, 1, 0, 0
88902, 9866742, 1, 0, 0
89001, 7423230, 1, 0, 0
89103, 8132301, 1, 0, 0
89200, 7252949, 1, 0, 0
89300, 7471725, 1, 0, 0
89404, 7086038, 1, 0, 0
89500, 7148807, 1, 0, 0
89603, 7153177, 1, 0, 0
89701, 6916509, 1, 0, 0
89802, 7977511, 1, 0, 0
89903, 8209161, 1, 0, 0
90000, 8598512, 1, 0, 0
90003, 5630332, 1, 0, 0
