100, 969949, 0, 0, 0
200, 947808, 0, 0, 0
300, 947812, 0, 0, 0
400, 959695, 0, 0, 0
602, 1823232, 0, 0, 0
762, 24763875, 0, 0, 0
828, 62565297, 0, 0, 0
900, 19911500, 0, 0, 0
1000, 3318329, 0, 0, 0
1100, 948370, 0, 0, 0
1200, 953829, 0, 0, 0
1300, 945098, 0, 0, 0
1400, 950885, 0, 0, 0
1500, 1200114, 0, 0, 0
1600, 936215, 0, 0, 0
1821, 1267152, 0, 0, 0
1952, 9158258, 0, 0, 0
2000, 3506787, 0, 0, 0
2100, 959409, 0, 0, 0
2200, 955912, 0, 0, 0
2300, 974654, 0, 0, 0
2400, 935537, 0, 0, 0
2500, 940457, 0, 0, 0
2613, 1075865, 0, 0, 0
2700, 1821959, 0, 0, 0
2800, 1001949, 0, 0, 0
2900, 956056, 0, 0, 0
3000, 938010, 0, 0, 0
3100, 971817, 0, 0, 0
3200, 959639, 0, 0, 0
3300, 956205, 0, 0, 0
3400, 947144, 0, 0, 0
3525, 12122529, 0, 0, 0
3600, 6081732, 0, 0, 0
3700, 952002, 0, 0, 0
3805, 3592769, 0, 0, 0
3908, 53219720, 0, 0, 0
4002, 16199157, 0, 0, 0
4100, 1011238, 0, 0, 0
4200, 912023, 0, 0, 0
4300, 1123052, 0, 0, 0
4400, 960523, 0, 0, 0
4500, 943401, 0, 0, 0
4600, 975345, 0, 0, 0
4700, 1183513, 0, 0, 0
4800, 982788, 0, 0, 0
4900, 937985, 0, 0, 0
5000, 1026052, 0, 0, 0
5100, 942970, 0, 0, 0
5200, 948284, 0, 0, 0
5300, 948724, 0, 0, 0
5400, 948825, 0, 0, 0
5575, 1200434, 0, 0, 0
5600, 4408296, 0, 0, 0
5700, 956011, 0, 0, 0
5824, 1109873, 0, 0, 0
5919, 11821794, 0, 0, 0
6000, 3991027, 0, 0, 0
6100, 946923, 0, 0, 0
6200, 959873, 0, 0, 0
6300, 977161, 0, 0, 0
6400, 933394, 0, 0, 0
6500, 1225008, 0, 0, 0
6600, 921019, 0, 0, 0
6700, 929563, 0, 0, 0
6873, 2325970, 0, 0, 0
6910, 24896902, 0, 0, 0
7053, 47343135, 0, 0, 0
7100, 3436894, 0, 0, 0
7200, 931160, 0, 0, 0
7300, 918976, 0, 0, 0
7400, 949427, 0, 0, 0
7500, 968222, 0, 0, 0
7619, 1079408, 0, 0, 0
7700, 2395297, 0, 0, 0
7800, 930819, 0, 0, 0
7900, 933005, 0, 0, 0
8000, 950838, 0, 0, 0
8100, 953639, 0, 0, 0
8200, 939585, 0, 0, 0
8300, 980709, 0, 0, 0
8400, 933838, 0, 0, 0
8507, 1529306, 0, 0, 0
8600, 1831855, 0, 0, 0
8700, 953429, 0, 0, 0
8801, 1109587, 0, 0, 0
8926, 42347726, 0, 0, 0
9006, 34124289, 0, 0, 0
9100, 2237645, 0, 0, 0
9200, 963955, 0, 0, 0
9300, 1097370, 0, 0, 0
9400, 947045, 0, 0, 0
9500, 970166, 0, 0, 0
9600, 952162, 0, 0, 0
9700, 1159052, 0, 0, 0
9800, 932638, 0, 0, 0
9900, 949025, 0, 0, 0
10000, 923551, 0, 0, 0
10100, 952347, 0, 0, 0
10200, 930203, 0, 0, 0
10300, 953407, 0, 0, 0
10400, 943601, 0, 0, 0
10500, 925146, 0, 0, 0
10600, 1482625, 0, 0, 0
10700, 929810, 0, 0, 0
10800, 973294, 0, 0, 0
10906, 1820896, 0, 0, 0
11000, 3701875, 0, 0, 0
11100, 958008, 0, 0, 0
11200, 972558, 0, 0, 0
11300, 957413, 0, 0, 0
11400, 915428, 0, 0, 0
11500, 959273, 0, 0, 0
11600, 931038, 0, 0, 0
11700, 954116, 0, 0, 0
11922, 1443175, 0, 0, 0
12111, 16172757, 0, 0, 0
12200, 2956478, 0, 0, 0
12300, 973060, 0, 0, 0
12400, 946227, 0, 0, 0
12500, 955774, 0, 0, 0
12642, 1056721, 0, 0, 0
12700, 4106099, 0, 0, 0
12800, 945799, 0, 0, 0
12900, 947955, 0, 0, 0
13000, 908719, 0, 0, 0
13100, 936564, 0, 0, 0
13200, 941370, 0, 0, 0
13300, 949268, 0, 0, 0
13400, 929631, 0, 0, 0
13513, 1046471, 0, 0, 0
13600, 6105769, 0, 0, 0
13700, 953426, 0, 0, 0
13800, 1068388, 0, 0, 0
13900, 6985485, 0, 0, 0
14008, 11166348, 0, 0, 0
14101, 16228593, 0, 0, 0
14200, 1228366, 0, 0, 0
14306, 966416, 0, 0, 0
14400, 1055612, 0, 0, 0
14500, 921515, 0, 0, 0
14600, 949133, 0, 0, 0
14700, 980162, 0, 0, 0
14800, 939888, 0, 0, 0
14900, 942105, 0, 0, 0
15000, 937043, 0, 0, 0
15100, 929206, 0, 0, 0
15200, 934841, 0, 0, 0
15300, 923752, 0, 0, 0
15400, 955998, 0, 0, 0
15500, 938079, 0, 0, 0
15600, 949825, 0, 0, 0
15700, 923142, 0, 0, 0
15800, 918105, 0, 0, 0
15900, 923692, 0, 0, 0
16000, 970091, 0, 0, 0
16120, 1150134, 0, 0, 0
16200, 2015576, 0, 0, 0
16300, 912490, 0, 0, 0
16400, 944606, 0, 0, 0
16500, 905617, 0, 0, 0
16600, 893611, 0, 0, 0
16700, 1063301, 0, 0, 0
16801, 969979, 0, 0, 0
16950, 80436646, 0, 0, 0
17143, 13073102, 0, 0, 0
17200, 3993026, 0, 0, 0
17300, 940777, 0, 0, 0
17400, 913146, 0, 0, 0
17500, 924075, 0, 0, 0
17600, 902618, 0, 0, 0
17720, 1918832, 0, 0, 0
17800, 1222270, 0, 0, 0
17900, 924922, 0, 0, 0
18000, 912069, 0, 0, 0
18100, 902372, 0, 0, 0
18200, 907304, 0, 0, 0
18300, 913313, 0, 0, 0
18400, 894351, 0, 0, 0
18500, 915087, 0, 0, 0
18600, 1851966, 0, 0, 0
18700, 907831, 0, 0, 0
18800, 918109, 0, 0, 0
18900, 3410045, 0, 0, 0
19041, 2169582, 0, 0, 0
19122, 17411762, 0, 0, 0
19202, 17285114, 0, 0, 0
19300, 1422164, 0, 0, 0
19400, 1002738, 0, 0, 0
19500, 912674, 0, 0, 0
19600, 934526, 0, 0, 0
19700, 910845, 0, 0, 0
19800, 940125, 0, 0, 0
19900, 912950, 0, 0, 0
20000, 934835, 0, 0, 0
20100, 934540, 0, 0, 0
20200, 923975, 0, 0, 0
20309, 1080797, 0, 0, 0
20400, 1236724, 0, 0, 0
20500, 890585, 0, 0, 0
20600, 938010, 0, 0, 0
20700, 890189, 0, 0, 0
20800, 907304, 0, 0, 0
20900, 908232, 0, 0, 0
21000, 876639, 0, 0, 0
21100, 874119, 0, 0, 0
21200, 922669, 0, 0, 0
21322, 1227000, 0, 0, 0
21400, 1290947, 0, 0, 0
21500, 888416, 0, 0, 0
21600, 917865, 0, 0, 0
21700, 884833, 0, 0, 0
21800, 1086195, 0, 0, 0
21994, 2432800, 0, 0, 0
22000, 40731466, 0, 0, 0
22100, 998866, 0, 0, 0
22200, 967686, 0, 0, 0
22300, 962866, 0, 0, 0
22400, 1008899, 0, 0, 0
22500, 953190, 0, 0, 0
22600, 1011775, 0, 0, 0
22715, 1210671, 0, 0, 0
22800, 3635377, 0, 0, 0
22900, 985147, 0, 0, 0
23000, 952592, 0, 0, 0
23100, 968254, 0, 0, 0
23200, 1005658, 0, 0, 0
23300, 958407, 0, 0, 0
23400, 975530, 0, 0, 0
23500, 942406, 0, 0, 0
23600, 1001517, 0, 0, 0
23700, 992531, 0, 0, 0
23800, 988383, 0, 0, 0
23900, 2308796, 0, 0, 0
24091, 1242245, 0, 0, 0
24103, 56046207, 0, 0, 0
24201, 21072283, 0, 0, 0
24300, 17764313, 0, 0, 0
24410, 1041313, 0, 0, 0
24500, 1104987, 0, 0, 0
24600, 949807, 0, 0, 0
24700, 977983, 0, 0, 0
24800, 961099, 0, 0, 0
24900, 966197, 0, 0, 0
25000, 943378, 0, 0, 0
25100, 976762, 0, 0, 0
25200, 991880, 0, 0, 0
25300, 993979, 0, 0, 0
25420, 1113510, 0, 0, 0
25500, 1360640, 0, 0, 0
25600, 970143, 0, 0, 0
25700, 990304, 0, 0, 0
25800, 1013693, 0, 0, 0
25900, 977100, 0, 0, 0
26000, 1001558, 0, 0, 0
26100, 958497, 0, 0, 0
26200, 952013, 0, 0, 0
26300, 947806, 0, 0, 0
26400, 965317, 0, 0, 0
26500, 2517368, 0, 0, 0
26604, 1067615, 0, 0, 0
26700, 1202527, 0, 0, 0
26800, 982703, 0, 0, 0
26944, 1675640, 0, 0, 0
27020, 22686510, 0, 0, 0
27100, 1777148, 0, 0, 0
27200, 991422, 0, 0, 0
27300, 995233, 0, 0, 0
27400, 963016, 0, 0, 0
27500, 940805, 0, 0, 0
27600, 971136, 0, 0, 0
27700, 986734, 0, 0, 0
27800, 2549637, 0, 0, 0
27900, 1003411, 0, 0, 0
28000, 962659, 0, 0, 0
28100, 955390, 0, 0, 0
28200, 954417, 0, 0, 0
28300, 936257, 0, 0, 0
28400, 959516, 0, 0, 0
28500, 1021041, 0, 0, 0
28600, 963926, 0, 0, 0
28700, 973190, 0, 0, 0
28800, 974814, 0, 0, 0
28900, 2709038, 0, 0, 0
29000, 1017090, 0, 0, 0
29109, 2915284, 0, 0, 0
29243, 9497847, 0, 0, 0
29300, 2008682, 0, 0, 0
29400, 1057110, 0, 0, 0
29500, 1226626, 0, 0, 0
29600, 961177, 0, 0, 0
29700, 951262, 0, 0, 0
29800, 986349, 0, 0, 0
29900, 990912, 0, 0, 0
30000, 955179, 0, 0, 0
30100, 965480, 0, 0, 0
30200, 960314, 0, 0, 0
30300, 980387, 0, 0, 0
30400, 1002146, 0, 0, 0
30500, 1019505, 0, 0, 0
30600, 1767948, 0, 0, 0
30700, 982363, 0, 0, 0
30800, 954024, 0, 0, 0
30900, 958172, 0, 0, 0
31000, 996841, 0, 0, 0
31100, 994359, 0, 0, 0
31261, 1184875, 0, 0, 0
31336, 13437743, 0, 0, 0
31400, 1697898, 0, 0, 0
31500, 1157213, 0, 0, 0
31600, 1156526, 0, 0, 0
31700, 1850661, 0, 0, 0
31800, 987983, 0, 0, 0
31900, 975677, 0, 0, 0
32000, 1168831, 0, 0, 0
32100, 968876, 0, 0, 0
32200, 949415, 0, 0, 0
32300, 946198, 0, 0, 0
32400, 937537, 0, 0, 0
32500, 1009102, 0, 0, 0
32600, 1025414, 0, 0, 0
32700, 1011699, 0, 0, 0
32813, 1225507, 0, 0, 0
32900, 1521443, 0, 0, 0
33000, 1016355, 0, 0, 0
33100, 964786, 0, 0, 0
33200, 953051, 0, 0, 0
33300, 997666, 0, 0, 0
33400, 987790, 0, 0, 0
33500, 954521, 0, 0, 0
33600, 980351, 0, 0, 0
33700, 1055079, 0, 0, 0
33800, 983897, 0, 0, 0
33900, 965064, 0, 0, 0
34000, 1024427, 0, 0, 0
34111, 1755303, 0, 0, 0
34202, 16719592, 0, 0, 0
34300, 2405129, 0, 0, 0
34400, 1065260, 0, 0, 0
34500, 995550, 0, 0, 0
34600, 1121353, 0, 0, 0
34700, 1000719, 0, 0, 0
34800, 957307, 0, 0, 0
34900, 961164, 0, 0, 0
35000, 1004630, 0, 0, 0
35100, 997977, 0, 0, 0
35200, 986601, 0, 0, 0
35300, 975900, 0, 0, 0
35400, 982820, 0, 0, 0
35500, 943578, 0, 0, 0
35600, 1008545, 0, 0, 0
35700, 958017, 0, 0, 0
35800, 981617, 0, 0, 0
35900, 977177, 0, 0, 0
36000, 1030115, 0, 0, 0
36100, 968678, 0, 0, 0
36200, 980492, 0, 0, 0
36322, 3350599, 0, 0, 0
36400, 1403801, 0, 0, 0
36500, 965069, 0, 0, 0
36600, 1617740, 0, 0, 0
36700, 967478, 0, 0, 0
36800, 996864, 0, 0, 0
36900, 959377, 0, 0, 0
37000, 1622983, 0, 0, 0
37100, 1101829, 0, 0, 0
37200, 951220, 0, 0, 0
37300, 950073, 0, 0, 0
37400, 1007600, 0, 0, 0
37500, 974633, 0, 0, 0
37600, 984558, 0, 0, 0
37700, 1004689, 0, 0, 0
37848, 1178567, 0, 0, 0
37918, 5641417, 0, 0, 0
38000, 1706997, 0, 0, 0
38100, 1004838, 0, 0, 0
38200, 980309, 0, 0, 0
38300, 945382, 0, 0, 0
38400, 981236, 0, 0, 0
38500, 968745, 0, 0, 0
38600, 970889, 0, 0, 0
38700, 993739, 0, 0, 0
38800, 973648, 0, 0, 0
38900, 957232, 0, 0, 0
39000, 990511, 0, 0, 0
39115, 1513272, 0, 0, 0
39200, 1477781, 0, 0, 0
39300, 1660166, 0, 0, 0
39400, 1022451, 0, 0, 0
39500, 990451, 0, 0, 0
39600, 973112, 0, 0, 0
39700, 1072000, 0, 0, 0
39800, 992070, 0, 0, 0
39900, 955653, 0, 0, 0
40000, 935897, 0, 0, 0
40100, 1019731, 0, 0, 0
40200, 949011, 0, 0, 0
40300, 960656, 0, 0, 0
40400, 992511, 0, 0, 0
40500, 977947, 0, 0, 0
40600, 987430, 0, 0, 0
40700, 1124204, 0, 0, 0
40800, 970643, 0, 0, 0
40900, 975402, 0, 0, 0
41000, 968447, 0, 0, 0
41100, 1028025, 0, 0, 0
41200, 979344, 0, 0, 0
41300, 1169139, 0, 0, 0
41400, 1663500, 0, 0, 0
41500, 964451, 0, 0, 0
41600, 1262652, 0, 0, 0
41700, 991040, 0, 0, 0
41800, 1048157, 0, 0, 0
41900, 983354, 0, 0, 0
42000, 1087994, 0, 0, 0
42100, 990678, 0, 0, 0
42200, 1004992, 0, 0, 0
42300, 956839, 0, 0, 0
42400, 1033097, 0, 0, 0
42500, 951387, 0, 0, 0
42600, 963181, 0, 0, 0
42700, 1010389, 0, 0, 0
42800, 964505, 0, 0, 0
42900, 1667170, 0, 0, 0
43000, 970296, 0, 0, 0
43100, 978498, 0, 0, 0
43200, 968579, 0, 0, 0
43300, 962183, 0, 0, 0
43400, 966935, 0, 0, 0
43500, 949796, 0, 0, 0
43600, 974400, 0, 0, 0
43700, 965031, 0, 0, 0
43800, 962159, 0, 0, 0
43900, 942691, 0, 0, 0
44000, 990383, 0, 0, 0
44100, 961148, 0, 0, 0
44200, 1719285, 0, 0, 0
44300, 1243859, 0, 0, 0
44400, 976573, 0, 0, 0
44500, 1620912, 0, 0, 0
44600, 980842, 0, 0, 0
44700, 953117, 0, 0, 0
44800, 1057900, 0, 0, 0
44900, 971316, 0, 0, 0
45000, 976661, 0, 0, 0
45100, 957110, 0, 0, 0
45200, 1017187, 0, 0, 0
45300, 954258, 0, 0, 0
45400, 983774, 0, 0, 0
45500, 1024114, 0, 0, 0
45600, 976911, 0, 0, 0
45700, 969233, 0, 0, 0
45800, 993473, 0, 0, 0
45900, 994504, 0, 0, 0
46000, 962114, 0, 0, 0
46100, 960591, 0, 0, 0
46200, 961191, 0, 0, 0
46301, 992231, 0, 0, 0
46400, 1056346, 0, 0, 0
46500, 962402, 0, 0, 0
46601, 995744, 0, 0, 0
46700, 1319220, 0, 0, 0
46800, 1005707, 0, 0, 0
46900, 1062929, 0, 0, 0
47000, 966982, 0, 0, 0
47100, 1107367, 0, 0, 0
47200, 1028132, 0, 0, 0
47300, 970719, 0, 0, 0
47400, 977320, 0, 0, 0
47500, 972689, 0, 0, 0
47600, 957472, 0, 0, 0
47700, 959723, 0, 0, 0
47800, 989806, 0, 0, 0
47900, 1058280, 0, 0, 0
48000, 959968, 0, 0, 0
48100, 959763, 0, 0, 0
48200, 969833, 0, 0, 0
48300, 970289, 0, 0, 0
48400, 974423, 0, 0, 0
48500, 977968, 0, 0, 0
48600, 1000760, 0, 0, 0
48700, 982977, 0, 0, 0
48800, 986330, 0, 0, 0
48900, 996100, 0, 0, 0
49000, 960527, 0, 0, 0
49100, 957658, 0, 0, 0
49200, 996867, 0, 0, 0
49300, 1002325, 0, 0, 0
49400, 974453, 0, 0, 0
49500, 959505, 0, 0, 0
49600, 964421, 0, 0, 0
49700, 1494660, 0, 0, 0
49800, 1047906, 0, 0, 0
49900, 971986, 0, 0, 0
50000, 965945, 0, 0, 0
50100, 968689, 0, 0, 0
50200, 1014049, 0, 0, 0
50300, 969946, 0, 0, 0
50400, 965066, 0, 0, 0
50500, 984375, 0, 0, 0
50600, 967684, 0, 0, 0
50700, 1009374, 0, 0, 0
50800, 990288, 0, 0, 0
50900, 989107, 0, 0, 0
51000, 968985, 0, 0, 0
51100, 974264, 0, 0, 0
51200, 985401, 0, 0, 0
51301, 947907, 0, 0, 0
51400, 1009401, 0, 0, 0
51500, 974630, 0, 0, 0
51600, 1615943, 0, 0, 0
51700, 965618, 0, 0, 0
51800, 961259, 0, 0, 0
51900, 1032270, 0, 0, 0
52000, 955354, 0, 0, 0
52100, 980225, 0, 0, 0
52200, 949800, 0, 0, 0
52300, 974661, 0, 0, 0
52400, 951875, 0, 0, 0
52500, 970253, 0, 0, 0
52600, 967251, 0, 0, 0
52700, 999395, 0, 0, 0
52800, 961836, 0, 0, 0
52900, 999476, 0, 0, 0
53000, 976856, 0, 0, 0
53100, 946227, 0, 0, 0
53200, 978069, 0, 0, 0
53300, 957066, 0, 0, 0
53400, 946483, 0, 0, 0
53500, 988689, 0, 0, 0
53600, 990904, 0, 0, 0
53700, 961649, 0, 0, 0
53800, 953932, 0, 0, 0
53900, 969311, 0, 0, 0
54000, 979582, 0, 0, 0
54100, 1005082, 0, 0, 0
54200, 1440960, 0, 0, 0
54300, 1075846, 0, 0, 0
54400, 976522, 0, 0, 0
54500, 968436, 0, 0, 0
54600, 972328, 0, 0, 0
54700, 986099, 0, 0, 0
54800, 1090804, 0, 0, 0
54900, 1007273, 0, 0, 0
55000, 975871, 0, 0, 0
55100, 988348, 0, 0, 0
55200, 985249, 0, 0, 0
55300, 956878, 0, 0, 0
55400, 999495, 0, 0, 0
55500, 984750, 0, 0, 0
55600, 971484, 0, 0, 0
55700, 943182, 0, 0, 0
55800, 970277, 0, 0, 0
55900, 965330, 0, 0, 0
56000, 990622, 0, 0, 0
56100, 980175, 0, 0, 0
56200, 1000322, 0, 0, 0
56300, 988167, 0, 0, 0
56400, 982203, 0, 0, 0
56500, 977553, 0, 0, 0
56600, 940661, 0, 0, 0
56700, 1025420, 0, 0, 0
56800, 961319, 0, 0, 0
56900, 965517, 0, 0, 0
57000, 993106, 0, 0, 0
57100, 994526, 0, 0, 0
57200, 944091, 0, 0, 0
57300, 955222, 0, 0, 0
57400, 963984, 0, 0, 0
57500, 958724, 0, 0, 0
57600, 958499, 0, 0, 0
57700, 959106, 0, 0, 0
57800, 943737, 0, 0, 0
57900, 948075, 0, 0, 0
58000, 984695, 0, 0, 0
58100, 968182, 0, 0, 0
58200, 953974, 0, 0, 0
58300, 969704, 0, 0, 0
58400, 959496, 0, 0, 0
58500, 968644, 0, 0, 0
58600, 991672, 0, 0, 0
58700, 925281, 0, 0, 0
58800, 982719, 0, 0, 0
58900, 982471, 0, 0, 0
59000, 951974, 0, 0, 0
59100, 973065, 0, 0, 0
59200, 945144, 0, 0, 0
59300, 964435, 0, 0, 0
59400, 996575, 0, 0, 0
59500, 956983, 0, 0, 0
59600, 995369, 0, 0, 0
59700, 952471, 0, 0, 0
59800, 1547180, 0, 0, 0
59900, 1147290, 0, 0, 0
60000, 975953, 0, 0, 0
60100, 981295, 0, 0, 0
60200, 980266, 0, 0, 0
60300, 955721, 0, 0, 0
60400, 972576, 0, 0, 0
60500, 1000935, 0, 0, 0
60600, 966201, 0, 0, 0
60700, 953147, 0, 0, 0
60800, 970670, 0, 0, 0
60900, 1000906, 0, 0, 0
61000, 967927, 0, 0, 0
61100, 949378, 0, 0, 0
61200, 974358, 0, 0, 0
61300, 936370, 0, 0, 0
61400, 1000935, 0, 0, 0
61500, 974432, 0, 0, 0
61600, 962626, 0, 0, 0
61700, 951805, 0, 0, 0
61800, 949162, 0, 0, 0
61900, 934562, 0, 0, 0
62000, 1007491, 0, 0, 0
62100, 990164, 0, 0, 0
62200, 1006431, 0, 0, 0
62300, 1028734, 0, 0, 0
62400, 966171, 0, 0, 0
62506, 1017422, 0, 0, 0
62600, 1117111, 0, 0, 0
62700, 958505, 0, 0, 0
62800, 1000243, 0, 0, 0
62900, 987843, 0, 0, 0
63000, 986631, 0, 0, 0
63100, 966698, 0, 0, 0
63200, 973758, 0, 0, 0
63300, 925677, 0, 0, 0
63400, 984007, 0, 0, 0
63500, 956268, 0, 0, 0
63600, 964547, 0, 0, 0
63700, 963361, 0, 0, 0
63800, 992968, 0, 0, 0
63900, 963623, 0, 0, 0
64000, 966562, 0, 0, 0
64100, 980010, 0, 0, 0
64200, 961797, 0, 0, 0
64300, 974588, 0, 0, 0
64400, 974088, 0, 0, 0
64500, 995387, 0, 0, 0
64600, 1006078, 0, 0, 0
64700, 968139, 0, 0, 0
64800, 945980, 0, 0, 0
64900, 1014314, 0, 0, 0
65000, 1022864, 0, 0, 0
65100, 969127, 0, 0, 0
65200, 956292, 0, 0, 0
65300, 965044, 0, 0, 0
65400, 962480, 0, 0, 0
65500, 960553, 0, 0, 0
65600, 954692, 0, 0, 0
65700, 969427, 0, 0, 0
65800, 939431, 0, 0, 0
65900, 1017988, 0, 0, 0
66000, 962121, 0, 0, 0
66100, 948852, 0, 0, 0
66200, 986656, 0, 0, 0
66300, 954544, 0, 0, 0
66400, 964965, 0, 0, 0
66500, 1001085, 0, 0, 0
66600, 960443, 0, 0, 0
66700, 971544, 0, 0, 0
66800, 940427, 0, 0, 0
66900, 959505, 0, 0, 0
67000, 937629, 0, 0, 0
67100, 985733, 0, 0, 0
67200, 933623, 0, 0, 0
67300, 970290, 0, 0, 0
67400, 964398, 0, 0, 0
67500, 1100352, 0, 0, 0
67602, 1252436, 0, 0, 0
67700, 1172345, 0, 0, 0
67800, 959880, 0, 0, 0
67900, 961527, 0, 0, 0
68000, 978772, 0, 0, 0
68100, 968057, 0, 0, 0
68200, 972544, 0, 0, 0
68300, 943479, 0, 0, 0
68400, 956171, 0, 0, 0
68500, 965802, 0, 0, 0
68600, 942497, 0, 0, 0
68700, 967280, 0, 0, 0
68800, 942014, 0, 0, 0
68900, 957312, 0, 0, 0
69000, 974325, 0, 0, 0
69100, 971795, 0, 0, 0
69200, 958758, 0, 0, 0
69300, 959260, 0, 0, 0
69400, 979998, 0, 0, 0
69500, 942739, 0, 0, 0
69600, 951872, 0, 0, 0
69700, 972099, 0, 0, 0
69800, 986149, 0, 0, 0
69900, 1035835, 0, 0, 0
70000, 1086600, 0, 0, 0
70100, 963787, 0, 0, 0
70200, 970692, 0, 0, 0
70300, 948835, 0, 0, 0
70400, 952725, 0, 0, 0
70500, 960198, 0, 0, 0
70600, 974385, 0, 0, 0
70700, 1013344, 0, 0, 0
70800, 973954, 0, 0, 0
70900, 953036, 0, 0, 0
71000, 964234, 0, 0, 0
71100, 958760, 0, 0, 0
71200, 994006, 0, 0, 0
71300, 977430, 0, 0, 0
71400, 987300, 0, 0, 0
71500, 1006757, 0, 0, 0
71600, 958507, 0, 0, 0
71700, 997385, 0, 0, 0
71800, 949685, 0, 0, 0
71900, 967952, 0, 0, 0
72000, 948887, 0, 0, 0
72100, 958552, 0, 0, 0
72200, 936748, 0, 0, 0
72300, 960598, 0, 0, 0
72400, 923032, 0, 0, 0
72500, 976474, 0, 0, 0
72600, 1015849, 0, 0, 0
72700, 1036354, 0, 0, 0
72800, 949806, 0, 0, 0
72900, 956294, 0, 0, 0
73000, 1027093, 0, 0, 0
73100, 952890, 0, 0, 0
73200, 947679, 0, 0, 0
73300, 952218, 0, 0, 0
73400, 948281, 0, 0, 0
73500, 954976, 0, 0, 0
73600, 948799, 0, 0, 0
73700, 996768, 0, 0, 0
73800, 995796, 0, 0, 0
73900, 983429, 0, 0, 0
74000, 998403, 0, 0, 0
74100, 954627, 0, 0, 0
74200, 937000, 0, 0, 0
74845, 2781778, 0, 0, 0
74948, 78924462, 0, 0, 0
75314, 239787197, 0, 0, 0
75607, 58437421, 0, 0, 0
75915, 54029177, 0, 0, 0
76167, 206555804, 0, 0, 0
76200, 76159036, 0, 0, 0
76377, 12634572, 0, 0, 0
76423, 46135939, 0, 0, 0
76519, 53761470, 0, 0, 0
76914, 56096673, 0, 0, 0
77282, 49599765, 0, 0, 0
77304, 22068694, 0, 0, 0
77440, 101098412, 0, 0, 0
77509, 58787070, 0, 0, 0
77878, 145230801, 0, 0, 0
78285, 211253217, 0, 0, 0
78992, 248319443, 0, 0, 0
79000, 141870495, 0, 0, 0
79681, 685252578, 0, 0, 0
80257, 165102959, 0, 0, 0
80436, 751527874, 0, 0, 0
80510, 328044741, 0, 0, 0
80619, 58515489, 0, 0, 0
80981, 284411435, 0, 0, 0
81172, 79590589, 0, 0, 0
81205, 32729379, 0, 0, 0
81333, 33797875, 0, 0, 0
82095, 117531657, 0, 0, 0
82115, 122928282, 0, 0, 0
82200, 12773725, 0, 0, 0
82309, 147686858, 0, 0, 0
82526, 77815686, 0, 0, 0
83105, 42976048, 0, 0, 0
83200, 122637284, 0, 0, 0
83534, 211893985, 0, 0, 0
83797, 66223402, 0, 0, 0
83800, 104933683, 0, 0, 0
84100, 80047821, 0, 0, 0
84365, 44891985, 0, 0, 0
84930, 34839120, 0, 0, 0
85099, 76705433, 0, 0, 0
85100, 84839931, 0, 0, 0
85236, 74142020, 0, 0, 0
85511, 183058844, 0, 0, 0
85608, 43027104, 0, 0, 0
86005, 59598016, 0, 0, 0
86119, 78213592, 0, 0, 0
86284, 156054810, 0, 0, 0
86396, 92702616, 0, 0, 0
86424, 191204215, 0, 0, 0
86509, 13494806, 0, 0, 0
86668, 79462571, 0, 0, 0
86989, 118096969, 0, 0, 0
87049, 67737158, 0, 0, 0
87336, 41708181, 0, 0, 0
87488, 69823583, 0, 0, 0
87601, 17247432, 0, 0, 0
87870, 55441473, 0, 0, 0
88020, 132611095, 0, 0, 0
88407, 63465736, 0, 0, 0
88569, 54540636, 0, 0, 0
88993, 117969867, 0, 0, 0
89000, 71823750, 0, 0, 0
89212, 31260857, 0, 0, 0
89386, 32432902, 0, 0, 0
89445, 30473649, 0, 0, 0
89510, 75655596, 0, 0, 0
89617, 39370573, 0, 0, 0
89838, 30465403, 0, 0, 0
89999, 189597342, 0, 0, 0
90000, 733085, 0, 0, 0
90195, 669978388, 0, 0, 0
90195, 466653538, 0, 0, 0
