100, 1742741, 1, 0, 0
200, 1781570, 1, 0, 0
300, 1726126, 1, 0, 0
400, 1611814, 1, 0, 0
500, 1614069, 1, 0, 0
601, 1745549, 1, 0, 0
700, 1563474, 1, 0, 0
802, 1608016, 1, 0, 0
901, 1708579, 1, 0, 0
1000, 1859865, 1, 0, 0
1100, 1823511, 1, 0, 0
1203, 1770247, 1, 0, 0
1301, 1745502, 1, 0, 0
1400, 1589433, 1, 0, 0
1500, 1660475, 1, 0, 0
1600, 1580164, 1, 0, 0
1700, 1679436, 1, 0, 0
1801, 1589825, 1, 0, 0
1901, 1688008, 1, 0, 0
2000, 1836220, 1, 0, 0
2100, 1806350, 1, 0, 0
2200, 1791851, 1, 0, 0
2301, 1725466, 1, 0, 0
2400, 1806435, 1, 0, 0
2501, 1719735, 1, 0, 0
2601, 1681154, 1, 0, 0
2700, 1725374, 1, 0, 0
2800, 1717331, 1, 0, 0
2901, 1733342, 1, 0, 0
3000, 1902388, 1, 0, 0
3100, 1658137, 1, 0, 0
3200, 1798734, 1, 0, 0
3300, 1621204, 1, 0, 0
3400, 1647174, 1, 0, 0
3500, 1750985, 1, 0, 0
3601, 1650131, 1, 0, 0
3700, 1872969, 1, 0, 0
3801, 1773277, 1, 0, 0
3900, 1678341, 1, 0, 0
4001, 1627270, 1, 0, 0
4100, 1891529, 1, 0, 0
4201, 1726028, 1, 0, 0
4301, 1632324, 1, 0, 0
4400, 1826973, 1, 0, 0
4500, 1822661, 1, 0, 0
4600, 1910217, 1, 0, 0
4700, 1932147, 1, 0, 0
4801, 1872728, 1, 0, 0
4900, 1766724, 1, 0, 0
5001, 1685795, 1, 0, 0
5100, 1872646, 1, 0, 0
5201, 1742565, 1, 0, 0
5300, 1796559, 1, 0, 0
5400, 1795286, 1, 0, 0
5502, 1849040, 1, 0, 0
5600, 1543638, 1, 0, 0
5700, 1538073, 1, 0, 0
5801, 1729446, 1, 0, 0
5901, 1691788, 1, 0, 0
6001, 1882498, 1, 0, 0
6100, 1883590, 1, 0, 0
6200, 1881351, 1, 0, 0
6300, 1842557, 1, 0, 0
6400, 1929644, 1, 0, 0
6500, 1756882, 1, 0, 0
6601, 1863132, 1, 0, 0
6701, 1852629, 1, 0, 0
6800, 1796662, 1, 0, 0
6902, 1750878, 1, 0, 0
7001, 1679343, 1, 0, 0
7100, 1705472, 1, 0, 0
7201, 1877981, 1, 0, 0
7302, 1914945, 1, 0, 0
7401, 1761020, 1, 0, 0
7500, 1847408, 1, 0, 0
7602, 1565763, 1, 0, 0
7700, 1905005, 1, 0, 0
7803, 1820752, 1, 0, 0
7901, 1574138, 1, 0, 0
8000, 1876296, 1, 0, 0
8101, 1942198, 1, 0, 0
8201, 1601541, 1, 0, 0
8301, 1733021, 1, 0, 0
8401, 1747712, 1, 0, 0
8500, 1734359, 1, 0, 0
8600, 1794770, 1, 0, 0
8700, 1619977, 1, 0, 0
8800, 1716864, 1, 0, 0
8900, 1730686, 1, 0, 0
9000, 1806127, 1, 0, 0
9101, 1681126, 1, 0, 0
9200, 1746050, 1, 0, 0
9300, 1905324, 1, 0, 0
9400, 1916134, 1, 0, 0
9500, 1786382, 1, 0, 0
9600, 1871942, 1, 0, 0
9701, 1694280, 1, 0, 0
9800, 1694681, 1, 0, 0
9900, 1708524, 1, 0, 0
10001, 1617763, 1, 0, 0
10101, 1833324, 1, 0, 0
10200, 1776258, 1, 0, 0
10301, 1914641, 1, 0, 0
10400, 1725964, 1, 0, 0
10502, 1663946, 1, 0, 0
10600, 1678738, 1, 0, 0
10701, 1561550, 1, 0, 0
10800, 1617876, 1, 0, 0
10901, 1682702, 1, 0, 0
11000, 1705911, 1, 0, 0
11100, 1814600, 1, 0, 0
11200, 1818564, 1, 0, 0
11301, 1690404, 1, 0, 0
11400, 1676483, 1, 0, 0
11502, 1550569, 1, 0, 0
11600, 1718193, 1, 0, 0
11700, 1715250, 1, 0, 0
11801, 1694439, 1, 0, 0
11900, 1863635, 1, 0, 0
12001, 1761088, 1, 0, 0
12100, 1623995, 1, 0, 0
12201, 1685352, 1, 0, 0
12300, 1791682, 1, 0, 0
12402, 1644170, 1, 0, 0
12501, 1746514, 1, 0, 0
12601, 1958195, 1, 0, 0
12701, 1652384, 1, 0, 0
12801, 1788840, 1, 0, 0
12901, 1727654, 1, 0, 0
13000, 1796525, 1, 0, 0
13101, 1630259, 1, 0, 0
13201, 1935921, 1, 0, 0
13300, 1769136, 1, 0, 0
13400, 1691076, 1, 0, 0
13501, 1867251, 1, 0, 0
13602, 1707579, 1, 0, 0
13701, 1841963, 1, 0, 0
13800, 1720209, 1, 0, 0
13900, 1763001, 1, 0, 0
14000, 1671138, 1, 0, 0
14100, 1633234, 1, 0, 0
14200, 1520863, 1, 0, 0
14301, 1737230, 1, 0, 0
14400, 1677066, 1, 0, 0
14501, 1866737, 1, 0, 0
14600, 1711808, 1, 0, 0
14700, 1677540, 1, 0, 0
14802, 1821492, 1, 0, 0
14900, 1685739, 1, 0, 0
15001, 1654922, 1, 0, 0
15100, 1799853, 1, 0, 0
15200, 1823584, 1, 0, 0
15300, 1855822, 1, 0, 0
15400, 1856515, 1, 0, 0
15500, 1691128, 1, 0, 0
15602, 1784163, 1, 0, 0
15700, 1661468, 1, 0, 0
15802, 1919029, 1, 0, 0
15900, 1645566, 1, 0, 0
16000, 1759193, 1, 0, 0
16101, 1768908, 1, 0, 0
16200, 1924086, 1, 0, 0
16301, 1729071, 1, 0, 0
16400, 1859388, 1, 0, 0
16501, 1735211, 1, 0, 0
16601, 1742056, 1, 0, 0
16700, 1863123, 1, 0, 0
16800, 1651989, 1, 0, 0
16900, 1739271, 1, 0, 0
17000, 1632886, 1, 0, 0
17100, 1589539, 1, 0, 0
17200, 1657968, 1, 0, 0
17300, 1660388, 1, 0, 0
17400, 1760673, 1, 0, 0
17501, 1768309, 1, 0, 0
17600, 1768077, 1, 0, 0
17700, 1791532, 1, 0, 0
17800, 1718534, 1, 0, 0
17902, 1790463, 1, 0, 0
18000, 1785008, 1, 0, 0
18101, 1885261, 1, 0, 0
18200, 1848152, 1, 0, 0
18300, 1669746, 1, 0, 0
18401, 1804024, 1, 0, 0
18500, 1807187, 1, 0, 0
18601, 1924188, 1, 0, 0
18700, 1749977, 1, 0, 0
18800, 1912471, 1, 0, 0
18900, 1784400, 1, 0, 0
19000, 1851890, 1, 0, 0
19100, 1698269, 1, 0, 0
19201, 1704483, 1, 0, 0
19300, 1833164, 1, 0, 0
19400, 1766536, 1, 0, 0
19501, 1782047, 1, 0, 0
19601, 1684886, 1, 0, 0
19700, 1743944, 1, 0, 0
19802, 1669871, 1, 0, 0
19901, 1710562, 1, 0, 0
20001, 1626343, 1, 0, 0
20100, 1605129, 1, 0, 0
20201, 1630802, 1, 0, 0
20300, 1751107, 1, 0, 0
20401, 1673243, 1, 0, 0
20500, 1746947, 1, 0, 0
20602, 1720652, 1, 0, 0
20700, 1797163, 1, 0, 0
20800, 1889040, 1, 0, 0
20902, 1742633, 1, 0, 0
21001, 1714179, 1, 0, 0
21101, 1646146, 1, 0, 0
21201, 1613610, 1, 0, 0
21301, 1802651, 1, 0, 0
21400, 1650691, 1, 0, 0
21501, 1745885, 1, 0, 0
21600, 1764436, 1, 0, 0
21701, 1889149, 1, 0, 0
21800, 1804614, 1, 0, 0
21900, 1900939, 1, 0, 0
22002, 1909165, 1, 0, 0
22101, 1872380, 1, 0, 0
22200, 1820628, 1, 0, 0
22300, 1889430, 1, 0, 0
22401, 1618385, 1, 0, 0
22500, 1571589, 1, 0, 0
22601, 1873639, 1, 0, 0
22700, 1632999, 1, 0, 0
22800, 1662131, 1, 0, 0
22900, 1710935, 1, 0, 0
23000, 1716388, 1, 0, 0
23100, 1723903, 1, 0, 0
23200, 1546977, 1, 0, 0
23300, 1550581, 1, 0, 0
23401, 1646740, 1, 0, 0
23500, 1552855, 1, 0, 0
23601, 1657925, 1, 0, 0
23702, 1608792, 1, 0, 0
23800, 1618494, 1, 0, 0
23901, 1499357, 1, 0, 0
24000, 1646326, 1, 0, 0
24100, 1755130, 1, 0, 0
24200, 1684666, 1, 0, 0
24301, 1756240, 1, 0, 0
24400, 1736342, 1, 0, 0
24501, 1582064, 1, 0, 0
24601, 1810895, 1, 0, 0
24700, 1715061, 1, 0, 0
24800, 1679411, 1, 0, 0
24900, 1715829, 1, 0, 0
25000, 1819797, 1, 0, 0
25100, 1755435, 1, 0, 0
25201, 1706802, 1, 0, 0
25300, 1711085, 1, 0, 0
25400, 1634296, 1, 0, 0
25503, 1664722, 1, 0, 0
25600, 1637568, 1, 0, 0
25700, 1679475, 1, 0, 0
25800, 1699258, 1, 0, 0
25901, 1765593, 1, 0, 0
26000, 1665355, 1, 0, 0
26100, 1596444, 1, 0, 0
26200, 1577868, 1, 0, 0
26301, 1664129, 1, 0, 0
26400, 1837638, 1, 0, 0
26500, 1725407, 1, 0, 0
26600, 1681721, 1, 0, 0
26701, 1809003, 1, 0, 0
26800, 1829480, 1, 0, 0
26900, 1820028, 1, 0, 0
27000, 1830227, 1, 0, 0
27100, 1879308, 1, 0, 0
27201, 1878747, 1, 0, 0
27300, 1777266, 1, 0, 0
27400, 1775554, 1, 0, 0
27500, 1616943, 1, 0, 0
27600, 1779623, 1, 0, 0
27700, 1774842, 1, 0, 0
27800, 1832350, 1, 0, 0
27900, 1671040, 1, 0, 0
28001, 1648681, 1, 0, 0
28101, 1658982, 1, 0, 0
28200, 1931284, 1, 0, 0
28300, 1742416, 1, 0, 0
28401, 1839983, 1, 0, 0
28501, 1734729, 1, 0, 0
28601, 1881048, 1, 0, 0
28703, 1984093, 1, 0, 0
28800, 1703469, 1, 0, 0
28901, 1873073, 1, 0, 0
29000, 1703890, 1, 0, 0
29100, 1820902, 1, 0, 0
29200, 1692814, 1, 0, 0
29301, 1637014, 1, 0, 0
29401, 1637856, 1, 0, 0
29501, 1721208, 1, 0, 0
29601, 1749999, 1, 0, 0
29700, 1643785, 1, 0, 0
29801, 1758935, 1, 0, 0
29901, 1599424, 1, 0, 0
30000, 1596442, 1, 0, 0
30100, 1592305, 1, 0, 0
30200, 1725517, 1, 0, 0
30300, 1609931, 1, 0, 0
30400, 1561013, 1, 0, 0
30501, 1581749, 1, 0, 0
30600, 1769179, 1, 0, 0
30701, 1737535, 1, 0, 0
30802, 1722895, 1, 0, 0
30900, 1566652, 1, 0, 0
31000, 1681495, 1, 0, 0
31100, 1902439, 1, 0, 0
31202, 1751468, 1, 0, 0
31301, 1708288, 1, 0, 0
31401, 1653620, 1, 0, 0
31500, 1485478, 1, 0, 0
31600, 1551518, 1, 0, 0
31701, 1606679, 1, 0, 0
31802, 1818016, 1, 0, 0
31900, 1712732, 1, 0, 0
32001, 1648146, 1, 0, 0
32101, 1784330, 1, 0, 0
32201, 1802199, 1, 0, 0
32300, 1789070, 1, 0, 0
32402, 1629005, 1, 0, 0
32500, 1774482, 1, 0, 0
32600, 1701462, 1, 0, 0
32700, 1825462, 1, 0, 0
32801, 1714732, 1, 0, 0
32900, 1821013, 1, 0, 0
33001, 1674914, 1, 0, 0
33101, 1851131, 1, 0, 0
33201, 1602657, 1, 0, 0
33300, 1632831, 1, 0, 0
33400, 1706152, 1, 0, 0
33501, 1584023, 1, 0, 0
33600, 1755965, 1, 0, 0
33700, 1596867, 1, 0, 0
33801, 1591777, 1, 0, 0
33901, 1762202, 1, 0, 0
34001, 1681572, 1, 0, 0
34100, 1768965, 1, 0, 0
34200, 1715885, 1, 0, 0
34300, 1785974, 1, 0, 0
34400, 1640951, 1, 0, 0
34501, 1832531, 1, 0, 0
34601, 1856896, 1, 0, 0
34701, 1650587, 1, 0, 0
34800, 1770643, 1, 0, 0
34900, 1905641, 1, 0, 0
35000, 1698965, 1, 0, 0
35101, 1823241, 1, 0, 0
35200, 1666756, 1, 0, 0
35300, 1717499, 1, 0, 0
35400, 1667423, 1, 0, 0
35500, 1687989, 1, 0, 0
35600, 1798673, 1, 0, 0
35701, 1710940, 1, 0, 0
35800, 1909395, 1, 0, 0
35901, 1779264, 1, 0, 0
36000, 1739527, 1, 0, 0
36101, 1608583, 1, 0, 0
36200, 1727450, 1, 0, 0
36300, 1756087, 1, 0, 0
36400, 1634557, 1, 0, 0
36500, 1619976, 1, 0, 0
36600, 1671290, 1, 0, 0
36700, 1746115, 1, 0, 0
36800, 1645489, 1, 0, 0
36900, 1695266, 1, 0, 0
37001, 1656360, 1, 0, 0
37100, 1779220, 1, 0, 0
37201, 1757022, 1, 0, 0
37300, 1845482, 1, 0, 0
37400, 1774901, 1, 0, 0
37500, 1770252, 1, 0, 0
37602, 1588960, 1, 0, 0
37701, 1547040, 1, 0, 0
37800, 1684389, 1, 0, 0
37900, 1680146, 1, 0, 0
38002, 1849791, 1, 0, 0
38100, 1596009, 1, 0, 0
38200, 1652529, 1, 0, 0
38301, 1622121, 1, 0, 0
38400, 1561279, 1, 0, 0
38501, 1632098, 1, 0, 0
38600, 1511557, 1, 0, 0
38700, 3229020, 1, 0, 0
38800, 1619572, 1, 0, 0
38900, 1719142, 1, 0, 0
39000, 1642979, 1, 0, 0
39101, 1722055, 1, 0, 0
39201, 1752809, 1, 0, 0
39300, 1859105, 1, 0, 0
39400, 1819317, 1, 0, 0
39501, 1697124, 1, 0, 0
39601, 1764691, 1, 0, 0
39700, 1638988, 1, 0, 0
39801, 1873735, 1, 0, 0
39900, 1798714, 1, 0, 0
40000, 1699291, 1, 0, 0
40101, 1723176, 1, 0, 0
40200, 1872001, 1, 0, 0
40300, 1617492, 1, 0, 0
40401, 1763773, 1, 0, 0
40501, 1674613, 1, 0, 0
40601, 1759522, 1, 0, 0
40702, 1852972, 1, 0, 0
40800, 1728308, 1, 0, 0
40900, 1873933, 1, 0, 0
41001, 1619839, 1, 0, 0
41102, 1866118, 1, 0, 0
41200, 1725128, 1, 0, 0
41300, 1947316, 1, 0, 0
41400, 1827361, 1, 0, 0
41501, 1733518, 1, 0, 0
41600, 1870653, 1, 0, 0
41700, 1824265, 1, 0, 0
41800, 1812322, 1, 0, 0
41901, 2001233, 1, 0, 0
42000, 1820834, 1, 0, 0
42100, 1765282, 1, 0, 0
42202, 1706670, 1, 0, 0
42300, 2095411, 1, 0, 0
42401, 1913740, 1, 0, 0
42503, 1721440, 1, 0, 0
42601, 1698938, 1, 0, 0
42701, 1692487, 1, 0, 0
42801, 1792257, 1, 0, 0
42900, 1637197, 1, 0, 0
43001, 1705910, 1, 0, 0
43100, 1609298, 1, 0, 0
43200, 1616252, 1, 0, 0
43300, 1777130, 1, 0, 0
43400, 1660172, 1, 0, 0
43500, 1670317, 1, 0, 0
43602, 1586866, 1, 0, 0
43701, 1759056, 1, 0, 0
43801, 1732321, 1, 0, 0
43901, 1943832, 1, 0, 0
44000, 1879314, 1, 0, 0
44100, 1748519, 1, 0, 0
44200, 1859491, 1, 0, 0
44300, 1695934, 1, 0, 0
44401, 1804198, 1, 0, 0
44501, 1692017, 1, 0, 0
44600, 1784427, 1, 0, 0
44700, 1715450, 1, 0, 0
44800, 1746236, 1, 0, 0
44900, 1799860, 1, 0, 0
45001, 1907062, 1, 0, 0
45102, 1881999, 1, 0, 0
45201, 1858638, 1, 0, 0
45301, 1822097, 1, 0, 0
45401, 1955557, 1, 0, 0
45500, 1618732, 1, 0, 0
45600, 1690277, 1, 0, 0
45701, 1645340, 1, 0, 0
45800, 1737137, 1, 0, 0
45901, 1962568, 1, 0, 0
46000, 1768290, 1, 0, 0
46100, 1907495, 1, 0, 0
46201, 1699702, 1, 0, 0
46301, 1777082, 1, 0, 0
46400, 1740530, 1, 0, 0
46500, 1815775, 1, 0, 0
46600, 1815613, 1, 0, 0
46700, 1724794, 1, 0, 0
46800, 1781220, 1, 0, 0
46901, 1623233, 1, 0, 0
47000, 1693659, 1, 0, 0
47102, 1839810, 1, 0, 0
47201, 1943564, 1, 0, 0
47301, 1818893, 1, 0, 0
47402, 1825969, 1, 0, 0
47501, 1741430, 1, 0, 0
47602, 1781191, 1, 0, 0
47700, 1822066, 1, 0, 0
47801, 1814944, 1, 0, 0
47900, 1709399, 1, 0, 0
48001, 1707301, 1, 0, 0
48100, 1690779, 1, 0, 0
48201, 1797955, 1, 0, 0
48300, 1784930, 1, 0, 0
48401, 1706226, 1, 0, 0
48500, 1728257, 1, 0, 0
48600, 1881637, 1, 0, 0
48700, 2138338, 1, 0, 0
48800, 1793891, 1, 0, 0
48901, 1835539, 1, 0, 0
49001, 1988310, 1, 0, 0
49101, 1912819, 1, 0, 0
49200, 1893590, 1, 0, 0
49301, 1713653, 1, 0, 0
49401, 1738547, 1, 0, 0
49500, 1804733, 1, 0, 0
49600, 1845655, 1, 0, 0
49700, 2016411, 1, 0, 0
49800, 1909418, 1, 0, 0
49900, 1836890, 1, 0, 0
50000, 1797024, 1, 0, 0
50101, 1798944, 1, 0, 0
50200, 1685876, 1, 0, 0
50300, 1832403, 1, 0, 0
50400, 1702804, 1, 0, 0
50500, 1692357, 1, 0, 0
50600, 1753950, 1, 0, 0
50700, 1812844, 1, 0, 0
50801, 1686669, 1, 0, 0
50900, 1832039, 1, 0, 0
51000, 1977255, 1, 0, 0
51101, 1895006, 1, 0, 0
51201, 1835341, 1, 0, 0
51301, 1691393, 1, 0, 0
51400, 1898213, 1, 0, 0
51501, 1668396, 1, 0, 0
51600, 1728305, 1, 0, 0
51701, 1875606, 1, 0, 0
51800, 1938071, 1, 0, 0
51900, 1679987, 1, 0, 0
52000, 1698176, 1, 0, 0
52101, 1687540, 1, 0, 0
52200, 1790618, 1, 0, 0
52300, 1788592, 1, 0, 0
52401, 1768316, 1, 0, 0
52501, 1735701, 1, 0, 0
52601, 1783040, 1, 0, 0
52700, 1933016, 1, 0, 0
52802, 1711494, 1, 0, 0
52900, 1771780, 1, 0, 0
53000, 1712748, 1, 0, 0
53100, 1792192, 1, 0, 0
53201, 1775924, 1, 0, 0
53301, 1897079, 1, 0, 0
53401, 1821073, 1, 0, 0
53500, 1798638, 1, 0, 0
53602, 1975940, 1, 0, 0
53702, 1806250, 1, 0, 0
53800, 2002784, 1, 0, 0
53900, 1960195, 1, 0, 0
54000, 1907866, 1, 0, 0
54100, 2032618, 1, 0, 0
54201, 1857982, 1, 0, 0
54300, 1847406, 1, 0, 0
54403, 2008486, 1, 0, 0
54502, 1943304, 1, 0, 0
54601, 1838840, 1, 0, 0
54700, 2022537, 1, 0, 0
54800, 2188132, 1, 0, 0
54901, 1867966, 1, 0, 0
55001, 1861748, 1, 0, 0
55101, 2086807, 1, 0, 0
55201, 1987147, 1, 0, 0
55301, 1941388, 1, 0, 0
55403, 1849849, 1, 0, 0
55502, 1934021, 1, 0, 0
55601, 1788914, 1, 0, 0
55701, 1825415, 1, 0, 0
55801, 1980228, 1, 0, 0
55901, 1770540, 1, 0, 0
56003, 1806771, 1, 0, 0
56100, 1855415, 1, 0, 0
56200, 2229976, 1, 0, 0
56300, 2078847, 1, 0, 0
56401, 1814035, 1, 0, 0
56500, 1803989, 1, 0, 0
56602, 1957743, 1, 0, 0
56700, 1679607, 1, 0, 0
56801, 1894724, 1, 0, 0
56900, 1720402, 1, 0, 0
57000, 1626592, 1, 0, 0
57100, 1704989, 1, 0, 0
57201, 1745372, 1, 0, 0
57300, 1815313, 1, 0, 0
57402, 1719066, 1, 0, 0
57501, 1759032, 1, 0, 0
57600, 1900177, 1, 0, 0
57701, 1973293, 1, 0, 0
57800, 1890572, 1, 0, 0
57901, 1892204, 1, 0, 0
58000, 1970129, 1, 0, 0
58100, 1832747, 1, 0, 0
58200, 1701787, 1, 0, 0
58301, 1892819, 1, 0, 0
58400, 1821994, 1, 0, 0
58502, 1967735, 1, 0, 0
58601, 1929074, 1, 0, 0
58700, 1904135, 1, 0, 0
58801, 1870889, 1, 0, 0
58901, 1914569, 1, 0, 0
59001, 1846244, 1, 0, 0
59100, 1949230, 1, 0, 0
59201, 1997525, 1, 0, 0
59302, 1946997, 1, 0, 0
59401, 1874173, 1, 0, 0
59500, 1736316, 1, 0, 0
59601, 1973713, 1, 0, 0
59701, 1882447, 1, 0, 0
59800, 1990010, 1, 0, 0
59900, 1884210, 1, 0, 0
60000, 1941937, 1, 0, 0
60100, 1973569, 1, 0, 0
60200, 2054108, 1, 0, 0
60300, 1810563, 1, 0, 0
60400, 1844029, 1, 0, 0
60500, 1841273, 1, 0, 0
60601, 2022158, 1, 0, 0
60700, 1875246, 1, 0, 0
60801, 1945057, 1, 0, 0
60901, 1873913, 1, 0, 0
61001, 1914977, 1, 0, 0
61100, 1937940, 1, 0, 0
61203, 1928824, 1, 0, 0
61300, 1814097, 1, 0, 0
61401, 1774285, 1, 0, 0
61502, 1981427, 1, 0, 0
61601, 1802509, 1, 0, 0
61700, 1885386, 1, 0, 0
61800, 1840707, 1, 0, 0
61900, 2069402, 1, 0, 0
62000, 1662894, 1, 0, 0
62100, 1906436, 1, 0, 0
62201, 1961306, 1, 0, 0
62301, 1791086, 1, 0, 0
62401, 1798897, 1, 0, 0
62500, 2020814, 1, 0, 0
62601, 2010429, 1, 0, 0
62701, 1934098, 1, 0, 0
62800, 1679233, 1, 0, 0
62900, 1823582, 1, 0, 0
63000, 1851147, 1, 0, 0
63101, 1734622, 1, 0, 0
63201, 1758743, 1, 0, 0
63301, 1756147, 1, 0, 0
63402, 1917026, 1, 0, 0
63501, 1694172, 1, 0, 0
63602, 1891691, 1, 0, 0
63700, 1830350, 1, 0, 0
63802, 1825342, 1, 0, 0
63900, 1793142, 1, 0, 0
64000, 1919486, 1, 0, 0
64101, 1912707, 1, 0, 0
64200, 1810205, 1, 0, 0
64301, 1893188, 1, 0, 0
64400, 1852785, 1, 0, 0
64500, 1794391, 1, 0, 0
64602, 1904730, 1, 0, 0
64700, 1807225, 1, 0, 0
64801, 1938959, 1, 0, 0
64900, 1922506, 1, 0, 0
65001, 1822831, 1, 0, 0
65101, 1902479, 1, 0, 0
65202, 2012208, 1, 0, 0
65300, 1875896, 1, 0, 0
65400, 1879411, 1, 0, 0
65501, 1852367, 1, 0, 0
65600, 1761809, 1, 0, 0
65702, 1874654, 1, 0, 0
65800, 1977711, 1, 0, 0
65900, 1993675, 1, 0, 0
66000, 1782032, 1, 0, 0
66100, 1808452, 1, 0, 0
66200, 1727920, 1, 0, 0
66300, 1810633, 1, 0, 0
66401, 1825486, 1, 0, 0
66502, 1745984, 1, 0, 0
66601, 1777027, 1, 0, 0
66701, 1923214, 1, 0, 0
66801, 1836796, 1, 0, 0
66901, 2002951, 1, 0, 0
67002, 1859153, 1, 0, 0
67101, 1775788, 1, 0, 0
67201, 1827582, 1, 0, 0
67301, 2043595, 1, 0, 0
67400, 2067214, 1, 0, 0
67501, 1727592, 1, 0, 0
67601, 1696226, 1, 0, 0
67700, 1953125, 1, 0, 0
67800, 1945085, 1, 0, 0
67901, 1926729, 1, 0, 0
68001, 1692499, 1, 0, 0
68101, 1788447, 1, 0, 0
68201, 1869862, 1, 0, 0
68301, 1835374, 1, 0, 0
68403, 1679931, 1, 0, 0
68501, 1656445, 1, 0, 0
68602, 1855123, 1, 0, 0
68700, 1713319, 1, 0, 0
68800, 1692297, 1, 0, 0
68900, 1941184, 1, 0, 0
69001, 1913281, 1, 0, 0
69101, 1858071, 1, 0, 0
69200, 1827462, 1, 0, 0
69300, 1857381, 1, 0, 0
69402, 1978969, 1, 0, 0
69500, 1821796, 1, 0, 0
69602, 1822024, 1, 0, 0
69701, 1886469, 1, 0, 0
69800, 1842055, 1, 0, 0
69901, 1888475, 1, 0, 0
70001, 1859987, 1, 0, 0
70101, 1719343, 1, 0, 0
70201, 1823083, 1, 0, 0
70300, 1977743, 1, 0, 0
70401, 1973714, 1, 0, 0
70500, 1932201, 1, 0, 0
70600, 1769261, 1, 0, 0
70700, 1853353, 1, 0, 0
70801, 1991185, 1, 0, 0
70900, 1760681, 1, 0, 0
71001, 1892628, 1, 0, 0
71100, 1734487, 1, 0, 0
71200, 1959128, 1, 0, 0
71300, 1787004, 1, 0, 0
71400, 1893403, 1, 0, 0
71500, 1704312, 1, 0, 0
71600, 1887500, 1, 0, 0
71701, 1873095, 1, 0, 0
71801, 1790988, 1, 0, 0
71900, 1889605, 1, 0, 0
72000, 1872139, 1, 0, 0
72100, 1959213, 1, 0, 0
72200, 2005454, 1, 0, 0
72302, 1785165, 1, 0, 0
72400, 1694740, 1, 0, 0
72500, 1794964, 1, 0, 0
72600, 1695733, 1, 0, 0
72701, 1703032, 1, 0, 0
72801, 1773562, 1, 0, 0
72901, 1830285, 1, 0, 0
73000, 1813921, 1, 0, 0
73100, 1804357, 1, 0, 0
73200, 1669263, 1, 0, 0
73301, 1895122, 1, 0, 0
73401, 2044829, 1, 0, 0
73500, 1899735, 1, 0, 0
73600, 1766555, 1, 0, 0
73700, 1754316, 1, 0, 0
73801, 1985716, 1, 0, 0
73901, 1792140, 1, 0, 0
74000, 1709197, 1, 0, 0
74101, 1643200, 1, 0, 0
74202, 1622640, 1, 0, 0
74300, 1723106, 1, 0, 0
74400, 1902694, 1, 0, 0
74500, 1843796, 1, 0, 0
74601, 1681689, 1, 0, 0
74700, 1919157, 1, 0, 0
74800, 1666300, 1, 0, 0
74901, 2062196, 1, 0, 0
75000, 1792412, 1, 0, 0
75101, 2025976, 1, 0, 0
75203, 1841206, 1, 0, 0
75301, 1741038, 1, 0, 0
75400, 1753857, 1, 0, 0
75500, 1797301, 1, 0, 0
75601, 1788951, 1, 0, 0
75701, 1731741, 1, 0, 0
75800, 1813871, 1, 0, 0
75900, 1806313, 1, 0, 0
76000, 1877631, 1, 0, 0
76101, 1862488, 1, 0, 0
76201, 1800436, 1, 0, 0
76300, 1721780, 1, 0, 0
76400, 1661552, 1, 0, 0
76500, 1739561, 1, 0, 0
76600, 1725314, 1, 0, 0
76701, 1890996, 1, 0, 0
76800, 1689599, 1, 0, 0
76901, 1811656, 1, 0, 0
77000, 1653090, 1, 0, 0
77102, 1654583, 1, 0, 0
77200, 1668449, 1, 0, 0
77301, 1514493, 1, 0, 0
77401, 1703449, 1, 0, 0
77500, 1709481, 1, 0, 0
77600, 1914148, 1, 0, 0
77701, 1766724, 1, 0, 0
77801, 1725305, 1, 0, 0
77900, 1720000, 1, 0, 0
78001, 1854717, 1, 0, 0
78101, 1877363, 1, 0, 0
78200, 1777956, 1, 0, 0
78300, 1902812, 1, 0, 0
78400, 2049647, 1, 0, 0
78501, 1896419, 1, 0, 0
78600, 1905616, 1, 0, 0
78700, 1718159, 1, 0, 0
78801, 1721546, 1, 0, 0
78900, 1810113, 1, 0, 0
79001, 1746358, 1, 0, 0
79100, 1889614, 1, 0, 0
79200, 1845624, 1, 0, 0
79300, 1827682, 1, 0, 0
79402, 1868856, 1, 0, 0
79502, 1790549, 1, 0, 0
79600, 1966501, 1, 0, 0
79700, 1790638, 1, 0, 0
79800, 1864359, 1, 0, 0
79901, 1780595, 1, 0, 0
80000, 1900319, 1, 0, 0
80100, 1831153, 1, 0, 0
80201, 1925175, 1, 0, 0
80300, 1897839, 1, 0, 0
80400, 2028233, 1, 0, 0
80501, 1905722, 1, 0, 0
80601, 1858046, 1, 0, 0
80701, 1873468, 1, 0, 0
80801, 1735690, 1, 0, 0
80900, 1853964, 1, 0, 0
81000, 1861969, 1, 0, 0
81101, 1841013, 1, 0, 0
81201, 1663540, 1, 0, 0
81301, 2000124, 1, 0, 0
81402, 1974710, 1, 0, 0
81501, 1804130, 1, 0, 0
81601, 1918889, 1, 0, 0
81701, 1779801, 1, 0, 0
81801, 1880685, 1, 0, 0
81901, 1752459, 1, 0, 0
82000, 1856409, 1, 0, 0
82101, 1676492, 1, 0, 0
82200, 1828582, 1, 0, 0
82300, 1755310, 1, 0, 0
82401, 1878918, 1, 0, 0
82500, 1689664, 1, 0, 0
82601, 1982244, 1, 0, 0
82700, 1783509, 1, 0, 0
82800, 1840457, 1, 0, 0
82900, 1828379, 1, 0, 0
83003, 1863094, 1, 0, 0
83100, 1955693, 1, 0, 0
83201, 1877632, 1, 0, 0
83300, 1799586, 1, 0, 0
83402, 1799597, 1, 0, 0
83500, 1762911, 1, 0, 0
83601, 1779926, 1, 0, 0
83700, 1768753, 1, 0, 0
83800, 1827289, 1, 0, 0
83900, 1837987, 1, 0, 0
84000, 1800392, 1, 0, 0
84101, 2105242, 1, 0, 0
84200, 1779906, 1, 0, 0
84300, 1870445, 1, 0, 0
84400, 1963895, 1, 0, 0
84501, 1859537, 1, 0, 0
84601, 1923054, 1, 0, 0
84701, 1879225, 1, 0, 0
84802, 1877280, 1, 0, 0
84900, 1891134, 1, 0, 0
85000, 1960214, 1, 0, 0
85100, 1908313, 1, 0, 0
85201, 1925073, 1, 0, 0
85301, 1879228, 1, 0, 0
85400, 2090283, 1, 0, 0
85501, 1888965, 1, 0, 0
85601, 1849555, 1, 0, 0
85700, 1941569, 1, 0, 0
85802, 1921094, 1, 0, 0
85900, 1875546, 1, 0, 0
86000, 1915470, 1, 0, 0
86100, 1885497, 1, 0, 0
86200, 1834026, 1, 0, 0
86300, 1866629, 1, 0, 0
86401, 2179074, 1, 0, 0
86501, 1922980, 1, 0, 0
86601, 1916880, 1, 0, 0
86701, 1834570, 1, 0, 0
86801, 1878328, 1, 0, 0
86900, 2118593, 1, 0, 0
87000, 1918628, 1, 0, 0
87100, 2039944, 1, 0, 0
87201, 2060410, 1, 0, 0
87300, 2109891, 1, 0, 0
87400, 1896938, 1, 0, 0
87500, 2141260, 1, 0, 0
87601, 1864236, 1, 0, 0
87702, 1973449, 1, 0, 0
87802, 2130614, 1, 0, 0
87901, 2025047, 1, 0, 0
88000, 2124086, 1, 0, 0
88101, 1740863, 1, 0, 0
88200, 1886526, 1, 0, 0
88301, 2008552, 1, 0, 0
88402, 1978315, 1, 0, 0
88500, 1992511, 1, 0, 0
88600, 1905871, 1, 0, 0
88700, 2036657, 1, 0, 0
88800, 2004075, 1, 0, 0
88901, 2010197, 1, 0, 0
89001, 1999016, 1, 0, 0
89101, 1917441, 1, 0, 0
89200, 1878734, 1, 0, 0
89301, 1934119, 1, 0, 0
89402, 1909754, 1, 0, 0
89500, 1935825, 1, 0, 0
89600, 1859260, 1, 0, 0
89701, 1852082, 1, 0, 0
89800, 1823362, 1, 0, 0
89903, 1790559, 1, 0, 0
90000, 1792126, 1, 0, 0
