100, 4758, 0, 0, 0
200, 4887, 0, 0, 0
300, 4438, 0, 0, 0
400, 4924, 0, 0, 0
500, 4985, 0, 0, 0
600, 3746, 0, 0, 0
700, 4537, 0, 0, 0
800, 4769, 0, 0, 0
900, 4333, 0, 0, 0
1000, 5219, 0, 0, 0
1100, 4080, 0, 0, 0
1200, 4402, 0, 0, 0
1300, 3538, 0, 0, 0
1400, 3881, 0, 0, 0
1500, 4648, 0, 0, 0
1600, 4183, 0, 0, 0
1700, 4741, 0, 0, 0
1800, 4554, 0, 0, 0
1900, 4680, 0, 0, 0
2000, 4563, 0, 0, 0
2100, 4225, 0, 0, 0
2200, 6019, 0, 0, 0
2300, 5490, 0, 0, 0
2400, 5953, 0, 0, 0
2500, 4971, 0, 0, 0
2600, 4424, 0, 0, 0
2700, 4075, 0, 0, 0
2800, 4240, 0, 0, 0
2900, 4146, 0, 0, 0
3000, 3937, 0, 0, 0
3100, 4485, 0, 0, 0
3200, 5947, 0, 0, 0
3300, 4866, 0, 0, 0
3400, 4989, 0, 0, 0
3502, 4245, 0, 0, 0
3600, 4171, 0, 0, 0
3700, 4734, 0, 0, 0
3800, 5862, 0, 0, 0
3900, 5783, 0, 0, 0
4000, 4723, 0, 0, 0
4100, 5210, 0, 0, 0
4200, 5151, 0, 0, 0
4300, 4518, 0, 0, 0
4400, 4567, 0, 0, 0
4500, 4417, 0, 0, 0
4600, 4991, 0, 0, 0
4700, 4258, 0, 0, 0
4800, 4780, 0, 0, 0
4900, 5216, 0, 0, 0
5000, 4916, 0, 0, 0
5100, 4343, 0, 0, 0
5200, 5388, 0, 0, 0
5300, 4495, 0, 0, 0
5400, 4887, 0, 0, 0
5500, 4690, 0, 0, 0
5600, 5045, 0, 0, 0
5700, 5063, 0, 0, 0
5800, 5231, 0, 0, 0
5900, 3954, 0, 0, 0
6001, 3994, 0, 0, 0
6100, 4202, 0, 0, 0
6200, 3896, 0, 0, 0
6300, 4267, 0, 0, 0
6400, 4656, 0, 0, 0
6500, 5222, 0, 0, 0
6600, 4584, 0, 0, 0
6700, 4057, 0, 0, 0
6800, 4185, 0, 0, 0
6900, 4722, 0, 0, 0
7000, 4145, 0, 0, 0
7100, 4241, 0, 0, 0
7200, 4299, 0, 0, 0
7300, 3927, 0, 0, 0
7400, 4031, 0, 0, 0
7500, 3844, 0, 0, 0
7600, 3799, 0, 0, 0
7700, 3662, 0, 0, 0
7800, 3808, 0, 0, 0
7900, 3731, 0, 0, 0
8000, 4079, 0, 0, 0
8100, 4219, 0, 0, 0
8200, 3567, 0, 0, 0
8300, 4329, 0, 0, 0
8400, 3863, 0, 0, 0
8500, 4021, 0, 0, 0
8600, 4085, 0, 0, 0
8700, 3888, 0, 0, 0
8800, 4422, 0, 0, 0
8900, 4647, 0, 0, 0
9000, 4968, 0, 0, 0
9100, 4722, 0, 0, 0
9200, 5132, 0, 0, 0
9300, 4229, 0, 0, 0
9400, 4222, 0, 0, 0
9500, 4118, 0, 0, 0
9600, 4333, 0, 0, 0
9700, 5063, 0, 0, 0
9800, 4534, 0, 0, 0
9900, 4536, 0, 0, 0
10000, 4250, 0, 0, 0
10100, 4659, 0, 0, 0
10200, 4176, 0, 0, 0
10300, 4830, 0, 0, 0
10400, 3954, 0, 0, 0
10500, 3549, 0, 0, 0
10600, 4084, 0, 0, 0
10700, 3911, 0, 0, 0
10800, 3829, 0, 0, 0
10900, 3838, 0, 0, 0
11000, 3603, 0, 0, 0
11100, 3887, 0, 0, 0
11200, 3956, 0, 0, 0
11300, 4207, 0, 0, 0
11400, 4309, 0, 0, 0
11500, 4401, 0, 0, 0
11600, 3999, 0, 0, 0
11700, 4269, 0, 0, 0
11800, 4134, 0, 0, 0
11900, 4226, 0, 0, 0
12000, 4537, 0, 0, 0
12100, 3672, 0, 0, 0
12200, 3698, 0, 0, 0
12300, 4064, 0, 0, 0
12400, 4451, 0, 0, 0
12500, 4974, 0, 0, 0
12600, 3997, 0, 0, 0
12700, 3740, 0, 0, 0
12800, 4670, 0, 0, 0
12900, 4194, 0, 0, 0
13000, 3954, 0, 0, 0
13100, 5300, 0, 0, 0
13200, 4267, 0, 0, 0
13300, 5464, 0, 0, 0
13400, 4536, 0, 0, 0
13500, 4963, 0, 0, 0
13600, 4310, 0, 0, 0
13700, 5060, 0, 0, 0
13800, 4697, 0, 0, 0
13900, 4222, 0, 0, 0
14000, 3568, 0, 0, 0
14100, 3826, 0, 0, 0
14200, 3295, 0, 0, 0
14300, 3774, 0, 0, 0
14400, 3978, 0, 0, 0
14500, 4305, 0, 0, 0
14600, 4463, 0, 0, 0
14700, 4854, 0, 0, 0
14800, 5104, 0, 0, 0
14900, 4585, 0, 0, 0
15000, 3775, 0, 0, 0
15100, 3912, 0, 0, 0
15200, 3930, 0, 0, 0
15300, 4106, 0, 0, 0
15400, 4370, 0, 0, 0
15500, 5239, 0, 0, 0
15600, 4089, 0, 0, 0
15700, 4848, 0, 0, 0
15800, 5169, 0, 0, 0
15900, 4515, 0, 0, 0
16000, 4059, 0, 0, 0
16100, 4677, 0, 0, 0
16200, 4351, 0, 0, 0
16300, 5113, 0, 0, 0
16400, 4538, 0, 0, 0
16500, 4515, 0, 0, 0
16600, 4013, 0, 0, 0
16700, 3848, 0, 0, 0
16800, 4010, 0, 0, 0
16900, 4053, 0, 0, 0
17000, 5258, 0, 0, 0
17100, 4132, 0, 0, 0
17200, 4479, 0, 0, 0
17300, 4147, 0, 0, 0
17400, 3892, 0, 0, 0
17500, 4051, 0, 0, 0
17600, 3999, 0, 0, 0
17700, 4398, 0, 0, 0
17800, 4439, 0, 0, 0
17900, 4526, 0, 0, 0
18000, 4151, 0, 0, 0
18100, 4724, 0, 0, 0
18200, 4309, 0, 0, 0
18300, 3986, 0, 0, 0
18400, 4708, 0, 0, 0
18500, 4262, 0, 0, 0
18600, 4433, 0, 0, 0
18700, 4049, 0, 0, 0
18800, 3702, 0, 0, 0
18900, 3760, 0, 0, 0
19000, 4292, 0, 0, 0
19100, 4143, 0, 0, 0
19200, 4111, 0, 0, 0
19300, 4275, 0, 0, 0
19400, 4200, 0, 0, 0
19500, 4246, 0, 0, 0
19600, 4859, 0, 0, 0
19700, 4227, 0, 0, 0
19800, 4064, 0, 0, 0
19900, 4068, 0, 0, 0
20000, 4121, 0, 0, 0
20100, 4271, 0, 0, 0
20200, 3856, 0, 0, 0
20300, 5280, 0, 0, 0
20400, 5085, 0, 0, 0
20500, 5667, 0, 0, 0
20600, 4051, 0, 0, 0
20700, 3752, 0, 0, 0
20800, 4495, 0, 0, 0
20900, 4379, 0, 0, 0
21000, 4227, 0, 0, 0
21100, 4371, 0, 0, 0
21200, 4475, 0, 0, 0
21300, 5031, 0, 0, 0
21400, 4767, 0, 0, 0
21500, 4061, 0, 0, 0
21600, 4820, 0, 0, 0
21700, 4607, 0, 0, 0
21800, 5043, 0, 0, 0
21900, 4202, 0, 0, 0
22000, 4280, 0, 0, 0
22100, 4940, 0, 0, 0
22201, 3971, 0, 0, 0
22300, 4299, 0, 0, 0
22400, 4438, 0, 0, 0
22500, 4724, 0, 0, 0
22600, 3615, 0, 0, 0
22700, 3821, 0, 0, 0
22800, 4327, 0, 0, 0
22900, 4430, 0, 0, 0
23000, 4791, 0, 0, 0
23100, 3933, 0, 0, 0
23200, 3752, 0, 0, 0
23300, 3982, 0, 0, 0
23400, 3785, 0, 0, 0
23500, 3812, 0, 0, 0
23600, 4024, 0, 0, 0
23700, 4204, 0, 0, 0
23800, 5077, 0, 0, 0
23900, 4643, 0, 0, 0
24000, 3769, 0, 0, 0
24100, 4027, 0, 0, 0
24200, 4864, 0, 0, 0
24300, 4470, 0, 0, 0
24400, 4028, 0, 0, 0
24500, 5119, 0, 0, 0
24600, 3790, 0, 0, 0
24700, 3939, 0, 0, 0
24800, 4695, 0, 0, 0
24900, 4833, 0, 0, 0
25000, 4068, 0, 0, 0
25100, 4053, 0, 0, 0
25200, 4041, 0, 0, 0
25300, 3987, 0, 0, 0
25400, 4564, 0, 0, 0
25500, 3962, 0, 0, 0
25600, 3793, 0, 0, 0
25700, 4247, 0, 0, 0
25800, 4294, 0, 0, 0
25900, 4589, 0, 0, 0
26000, 4471, 0, 0, 0
26100, 4077, 0, 0, 0
26200, 4099, 0, 0, 0
26300, 4147, 0, 0, 0
26400, 4372, 0, 0, 0
26500, 4127, 0, 0, 0
26600, 4492, 0, 0, 0
26700, 4906, 0, 0, 0
26800, 4773, 0, 0, 0
26900, 5347, 0, 0, 0
27000, 4396, 0, 0, 0
27100, 5285, 0, 0, 0
27200, 4257, 0, 0, 0
27300, 3786, 0, 0, 0
27400, 5019, 0, 0, 0
27500, 4891, 0, 0, 0
27600, 4580, 0, 0, 0
27700, 4197, 0, 0, 0
27801, 4287, 0, 0, 0
27900, 4002, 0, 0, 0
28000, 5092, 0, 0, 0
28100, 4110, 0, 0, 0
28200, 3662, 0, 0, 0
28300, 3635, 0, 0, 0
28400, 3877, 0, 0, 0
28500, 4351, 0, 0, 0
28600, 5049, 0, 0, 0
28700, 3978, 0, 0, 0
28800, 5111, 0, 0, 0
28900, 4536, 0, 0, 0
29000, 4051, 0, 0, 0
29100, 3992, 0, 0, 0
29200, 4264, 0, 0, 0
29300, 5230, 0, 0, 0
29400, 4352, 0, 0, 0
29500, 3968, 0, 0, 0
29600, 3693, 0, 0, 0
29700, 4744, 0, 0, 0
29800, 5108, 0, 0, 0
29900, 4360, 0, 0, 0
30000, 4914, 0, 0, 0
30100, 4857, 0, 0, 0
30200, 4334, 0, 0, 0
30300, 3962, 0, 0, 0
30400, 4576, 0, 0, 0
30500, 4699, 0, 0, 0
30600, 4688, 0, 0, 0
30700, 4410, 0, 0, 0
30800, 3594, 0, 0, 0
30900, 3697, 0, 0, 0
31000, 3759, 0, 0, 0
31100, 3787, 0, 0, 0
31200, 3889, 0, 0, 0
31300, 4171, 0, 0, 0
31400, 3917, 0, 0, 0
31500, 3620, 0, 0, 0
31600, 3385, 0, 0, 0
31700, 4096, 0, 0, 0
31800, 3913, 0, 0, 0
31900, 4399, 0, 0, 0
32000, 4417, 0, 0, 0
32100, 4096, 0, 0, 0
32200, 3884, 0, 0, 0
32300, 3944, 0, 0, 0
32400, 4062, 0, 0, 0
32500, 4237, 0, 0, 0
32600, 3758, 0, 0, 0
32700, 3664, 0, 0, 0
32800, 4509, 0, 0, 0
32900, 4279, 0, 0, 0
33000, 3873, 0, 0, 0
33100, 3791, 0, 0, 0
33200, 3871, 0, 0, 0
33300, 3925, 0, 0, 0
33400, 4836, 0, 0, 0
33500, 4649, 0, 0, 0
33600, 3591, 0, 0, 0
33700, 4346, 0, 0, 0
33800, 3858, 0, 0, 0
33900, 4492, 0, 0, 0
34000, 4322, 0, 0, 0
34100, 3687, 0, 0, 0
34200, 4268, 0, 0, 0
34300, 4050, 0, 0, 0
34400, 4473, 0, 0, 0
34500, 4949, 0, 0, 0
34600, 4085, 0, 0, 0
34700, 4068, 0, 0, 0
34800, 3924, 0, 0, 0
34900, 4617, 0, 0, 0
35000, 4797, 0, 0, 0
35100, 3721, 0, 0, 0
35200, 4203, 0, 0, 0
35300, 3892, 0, 0, 0
35400, 3940, 0, 0, 0
35500, 3582, 0, 0, 0
35600, 4039, 0, 0, 0
35700, 4811, 0, 0, 0
35800, 3989, 0, 0, 0
35900, 3977, 0, 0, 0
36000, 4517, 0, 0, 0
36100, 3740, 0, 0, 0
36200, 4173, 0, 0, 0
36300, 4489, 0, 0, 0
36400, 4023, 0, 0, 0
36500, 4514, 0, 0, 0
36600, 4050, 0, 0, 0
36700, 4556, 0, 0, 0
36800, 3654, 0, 0, 0
36900, 3886, 0, 0, 0
37000, 4471, 0, 0, 0
37100, 4961, 0, 0, 0
37200, 3840, 0, 0, 0
37300, 3673, 0, 0, 0
37400, 3666, 0, 0, 0
37500, 4320, 0, 0, 0
37600, 4078, 0, 0, 0
37700, 4151, 0, 0, 0
37800, 4324, 0, 0, 0
37900, 4781, 0, 0, 0
38000, 4545, 0, 0, 0
38100, 3975, 0, 0, 0
38200, 3945, 0, 0, 0
38300, 3936, 0, 0, 0
38400, 4494, 0, 0, 0
38500, 4550, 0, 0, 0
38600, 3653, 0, 0, 0
38700, 3925, 0, 0, 0
38800, 4007, 0, 0, 0
38900, 3907, 0, 0, 0
39000, 3594, 0, 0, 0
39100, 3679, 0, 0, 0
39200, 3836, 0, 0, 0
39300, 3971, 0, 0, 0
39400, 4352, 0, 0, 0
39500, 3946, 0, 0, 0
39600, 4531, 0, 0, 0
39700, 4310, 0, 0, 0
39800, 4628, 0, 0, 0
39900, 3882, 0, 0, 0
40000, 4506, 0, 0, 0
40100, 4269, 0, 0, 0
40200, 3781, 0, 0, 0
40300, 4217, 0, 0, 0
40400, 3972, 0, 0, 0
40500, 3861, 0, 0, 0
40600, 3908, 0, 0, 0
40700, 4005, 0, 0, 0
40800, 3940, 0, 0, 0
40900, 4605, 0, 0, 0
41000, 4412, 0, 0, 0
41100, 4153, 0, 0, 0
41200, 3744, 0, 0, 0
41300, 3817, 0, 0, 0
41400, 3861, 0, 0, 0
41500, 3712, 0, 0, 0
41600, 3956, 0, 0, 0
41700, 4715, 0, 0, 0
41800, 4897, 0, 0, 0
41900, 3999, 0, 0, 0
42000, 4726, 0, 0, 0
42100, 3973, 0, 0, 0
42200, 4486, 0, 0, 0
42300, 4364, 0, 0, 0
42400, 4645, 0, 0, 0
42500, 4250, 0, 0, 0
42600, 3404, 0, 0, 0
42700, 3943, 0, 0, 0
42800, 3597, 0, 0, 0
42900, 4329, 0, 0, 0
43000, 5033, 0, 0, 0
43100, 4536, 0, 0, 0
43200, 4109, 0, 0, 0
43300, 3811, 0, 0, 0
43400, 4092, 0, 0, 0
43500, 4408, 0, 0, 0
43600, 4189, 0, 0, 0
43700, 4548, 0, 0, 0
43800, 3856, 0, 0, 0
43900, 4130, 0, 0, 0
44001, 4280, 0, 0, 0
44100, 3920, 0, 0, 0
44200, 4255, 0, 0, 0
44300, 3868, 0, 0, 0
44400, 4391, 0, 0, 0
44500, 4938, 0, 0, 0
44600, 4735, 0, 0, 0
44700, 4838, 0, 0, 0
44800, 5191, 0, 0, 0
44900, 3756, 0, 0, 0
45000, 4499, 0, 0, 0
45100, 4847, 0, 0, 0
45200, 4725, 0, 0, 0
45300, 3996, 0, 0, 0
45400, 4031, 0, 0, 0
45500, 4339, 0, 0, 0
45600, 3526, 0, 0, 0
45700, 3724, 0, 0, 0
45800, 3698, 0, 0, 0
45900, 5214, 0, 0, 0
46000, 4566, 0, 0, 0
46100, 4288, 0, 0, 0
46200, 4280, 0, 0, 0
46300, 4343, 0, 0, 0
46400, 3761, 0, 0, 0
46500, 3876, 0, 0, 0
46600, 3627, 0, 0, 0
46700, 3826, 0, 0, 0
46800, 3732, 0, 0, 0
46900, 3808, 0, 0, 0
47000, 3819, 0, 0, 0
47100, 3705, 0, 0, 0
47200, 3560, 0, 0, 0
47300, 4330, 0, 0, 0
47400, 4392, 0, 0, 0
47500, 4279, 0, 0, 0
47600, 4786, 0, 0, 0
47700, 3986, 0, 0, 0
47800, 3689, 0, 0, 0
47900, 3805, 0, 0, 0
48000, 5158, 0, 0, 0
48100, 3549, 0, 0, 0
48201, 3304, 0, 0, 0
48300, 4263, 0, 0, 0
48400, 3900, 0, 0, 0
48500, 4685, 0, 0, 0
48600, 5575, 0, 0, 0
48700, 4411, 0, 0, 0
48800, 4037, 0, 0, 0
48900, 4440, 0, 0, 0
49000, 4223, 0, 0, 0
49100, 3900, 0, 0, 0
49200, 4374, 0, 0, 0
49300, 3778, 0, 0, 0
49400, 4685, 0, 0, 0
49501, 3950, 0, 0, 0
49600, 3942, 0, 0, 0
49700, 4016, 0, 0, 0
49800, 3923, 0, 0, 0
49900, 3616, 0, 0, 0
50000, 4716, 0, 0, 0
50101, 4077, 0, 0, 0
50200, 5256, 0, 0, 0
50300, 3752, 0, 0, 0
50400, 4144, 0, 0, 0
50500, 4098, 0, 0, 0
50600, 4195, 0, 0, 0
50700, 4375, 0, 0, 0
50800, 4066, 0, 0, 0
50900, 3958, 0, 0, 0
51000, 4472, 0, 0, 0
51100, 4041, 0, 0, 0
51200, 4471, 0, 0, 0
51300, 4270, 0, 0, 0
51400, 4373, 0, 0, 0
51500, 4599, 0, 0, 0
51600, 3958, 0, 0, 0
51700, 4113, 0, 0, 0
51800, 4776, 0, 0, 0
51900, 4088, 0, 0, 0
52000, 3819, 0, 0, 0
52100, 4069, 0, 0, 0
52200, 4270, 0, 0, 0
52300, 4378, 0, 0, 0
52400, 4430, 0, 0, 0
52500, 4183, 0, 0, 0
52600, 4087, 0, 0, 0
52700, 4112, 0, 0, 0
52800, 5092, 0, 0, 0
52900, 5099, 0, 0, 0
53000, 3998, 0, 0, 0
53100, 3903, 0, 0, 0
53200, 3930, 0, 0, 0
53300, 4261, 0, 0, 0
53400, 4917, 0, 0, 0
53500, 3797, 0, 0, 0
53600, 3988, 0, 0, 0
53700, 4797, 0, 0, 0
53800, 4347, 0, 0, 0
53900, 4697, 0, 0, 0
54000, 4468, 0, 0, 0
54100, 4824, 0, 0, 0
54200, 4197, 0, 0, 0
54300, 3938, 0, 0, 0
54400, 4082, 0, 0, 0
54501, 3683, 0, 0, 0
54600, 4081, 0, 0, 0
54700, 4597, 0, 0, 0
54800, 4129, 0, 0, 0
54900, 4499, 0, 0, 0
55000, 4421, 0, 0, 0
55100, 4584, 0, 0, 0
55200, 4552, 0, 0, 0
55300, 3977, 0, 0, 0
55400, 4789, 0, 0, 0
55500, 4833, 0, 0, 0
55600, 3768, 0, 0, 0
55700, 3509, 0, 0, 0
55800, 3952, 0, 0, 0
55900, 4798, 0, 0, 0
56000, 4666, 0, 0, 0
56100, 4022, 0, 0, 0
56201, 4168, 0, 0, 0
56300, 5218, 0, 0, 0
56400, 4106, 0, 0, 0
56500, 4309, 0, 0, 0
56600, 4577, 0, 0, 0
56700, 4110, 0, 0, 0
56800, 3988, 0, 0, 0
56900, 4325, 0, 0, 0
57000, 4148, 0, 0, 0
57100, 4512, 0, 0, 0
57200, 3941, 0, 0, 0
57300, 5276, 0, 0, 0
57400, 4043, 0, 0, 0
57500, 4305, 0, 0, 0
57600, 3980, 0, 0, 0
57700, 3970, 0, 0, 0
57800, 4216, 0, 0, 0
57900, 4197, 0, 0, 0
58000, 3789, 0, 0, 0
58100, 4182, 0, 0, 0
58200, 4193, 0, 0, 0
58300, 3686, 0, 0, 0
58401, 4558, 0, 0, 0
58500, 3708, 0, 0, 0
58600, 3916, 0, 0, 0
58700, 3928, 0, 0, 0
58800, 3921, 0, 0, 0
58900, 4196, 0, 0, 0
59000, 4485, 0, 0, 0
59100, 4142, 0, 0, 0
59200, 4016, 0, 0, 0
59300, 4007, 0, 0, 0
59400, 4623, 0, 0, 0
59500, 4673, 0, 0, 0
59600, 4046, 0, 0, 0
59700, 3907, 0, 0, 0
59800, 3788, 0, 0, 0
59900, 3901, 0, 0, 0
60008, 5098, 0, 0, 0
