250, 151552, 1, 0, 0
350, 153600, 1, 0, 0
450, 158720, 1, 0, 0
550, 158720, 1, 0, 0
650, 148480, 1, 0, 0
749, 175838, 1, 0, 0
849, 163840, 1, 0, 0
949, 158720, 1, 0, 0
1050, 153600, 1, 0, 0
1150, 153600, 1, 0, 0
1249, 139636, 1, 0, 0
1349, 163840, 1, 0, 0
1449, 168960, 1, 0, 0
1549, 174080, 1, 0, 0
1649, 153600, 1, 0, 0
1749, 184320, 1, 0, 0
1849, 158720, 1, 0, 0
1949, 158720, 1, 0, 0
2050, 158720, 1, 0, 0
2150, 122880, 1, 0, 0
2249, 165494, 1, 0, 0
2349, 148480, 1, 0, 0
2449, 168960, 1, 0, 0
2549, 168960, 1, 0, 0
2649, 122880, 1, 0, 0
2749, 168960, 1, 0, 0
2849, 153600, 1, 0, 0
2950, 174080, 1, 0, 0
3050, 163840, 1, 0, 0
3150, 153600, 1, 0, 0
3249, 170666, 1, 0, 0
3349, 168960, 1, 0, 0
3449, 163840, 1, 0, 0
3549, 174080, 1, 0, 0
3649, 163840, 1, 0, 0
3749, 168960, 1, 0, 0
3849, 153600, 1, 0, 0
3949, 163840, 1, 0, 0
4050, 179200, 1, 0, 0
4150, 153600, 1, 0, 0
4249, 170666, 1, 0, 0
4349, 158720, 1, 0, 0
4449, 158720, 1, 0, 0
4549, 158720, 1, 0, 0
4649, 168960, 1, 0, 0
4749, 158720, 1, 0, 0
4849, 163840, 1, 0, 0
4950, 148480, 1, 0, 0
5050, 158720, 1, 0, 0
5150, 163840, 1, 0, 0
5249, 160323, 1, 0, 0
5349, 148480, 1, 0, 0
5449, 163840, 1, 0, 0
5549, 168960, 1, 0, 0
5649, 158720, 1, 0, 0
5749, 163840, 1, 0, 0
5849, 158720, 1, 0, 0
5949, 158720, 1, 0, 0
6050, 163840, 1, 0, 0
6150, 148480, 1, 0, 0
6249, 77575, 1, 0, 0
6449, 25600, 1, 0, 0
6549, 66560, 1, 0, 0
6649, 168960, 1, 0, 0
6749, 174080, 1, 0, 0
6849, 168960, 1, 0, 0
6949, 168960, 1, 0, 0
7049, 153600, 1, 0, 0
7150, 158720, 1, 0, 0
7249, 113777, 1, 0, 0
7349, 158720, 1, 0, 0
7449, 138240, 1, 0, 0
7549, 153600, 1, 0, 0
7649, 143360, 1, 0, 0
7749, 163840, 1, 0, 0
7849, 174080, 1, 0, 0
7949, 158720, 1, 0, 0
8050, 148480, 1, 0, 0
8150, 168960, 1, 0, 0
8249, 155151, 1, 0, 0
8349, 158720, 1, 0, 0
8449, 163840, 1, 0, 0
8549, 148480, 1, 0, 0
8649, 158720, 1, 0, 0
8749, 174080, 1, 0, 0
8849, 158720, 1, 0, 0
8949, 153600, 1, 0, 0
9050, 143360, 1, 0, 0
9150, 153600, 1, 0, 0
9249, 165494, 1, 0, 0
9349, 158720, 1, 0, 0
9449, 153600, 1, 0, 0
9549, 158720, 1, 0, 0
9649, 148480, 1, 0, 0
9749, 153600, 1, 0, 0
9849, 168960, 1, 0, 0
9949, 153600, 1, 0, 0
10050, 158720, 1, 0, 0
10150, 158720, 1, 0, 0
10249, 149979, 1, 0, 0
10349, 133120, 1, 0, 0
10449, 87040, 1, 0, 0
10549, 184320, 1, 0, 0
10649, 163840, 1, 0, 0
10750, 148480, 1, 0, 0
10850, 148480, 1, 0, 0
10950, 163840, 1, 0, 0
11050, 143360, 1, 0, 0
11150, 148480, 1, 0, 0
11249, 93090, 1, 0, 0
11349, 40960, 1, 0, 0
11449, 148480, 1, 0, 0
11549, 148480, 1, 0, 0
11649, 179200, 1, 0, 0
11750, 122880, 1, 0, 0
11850, 143360, 1, 0, 0
11950, 158720, 1, 0, 0
12050, 158720, 1, 0, 0
12150, 153600, 1, 0, 0
12249, 170666, 1, 0, 0
12349, 163840, 1, 0, 0
12449, 174080, 1, 0, 0
12549, 163840, 1, 0, 0
12649, 163840, 1, 0, 0
12750, 168960, 1, 0, 0
12850, 92160, 1, 0, 0
12950, 163840, 1, 0, 0
13050, 148480, 1, 0, 0
13150, 174080, 1, 0, 0
13249, 165494, 1, 0, 0
13349, 153600, 1, 0, 0
13449, 158720, 1, 0, 0
13550, 163840, 1, 0, 0
13650, 163840, 1, 0, 0
13749, 165494, 1, 0, 0
13849, 189440, 1, 0, 0
13949, 168960, 1, 0, 0
14049, 168960, 1, 0, 0
14149, 143360, 1, 0, 0
14249, 163840, 1, 0, 0
14349, 138240, 1, 0, 0
14449, 179200, 1, 0, 0
14550, 163840, 1, 0, 0
14650, 168960, 1, 0, 0
14749, 160323, 1, 0, 0
14849, 158720, 1, 0, 0
14949, 143360, 1, 0, 0
15049, 163840, 1, 0, 0
15149, 148480, 1, 0, 0
15249, 143360, 1, 0, 0
15350, 143360, 1, 0, 0
15450, 168960, 1, 0, 0
15550, 158720, 1, 0, 0
15650, 158720, 1, 0, 0
15749, 160323, 1, 0, 0
15849, 168960, 1, 0, 0
15949, 168960, 1, 0, 0
16049, 174080, 1, 0, 0
16149, 153600, 1, 0, 0
16250, 148480, 1, 0, 0
16350, 163840, 1, 0, 0
16450, 168960, 1, 0, 0
16550, 148480, 1, 0, 0
16650, 158720, 1, 0, 0
16749, 149979, 1, 0, 0
16849, 158720, 1, 0, 0
16949, 153600, 1, 0, 0
17049, 133120, 1, 0, 0
17149, 148480, 1, 0, 0
17250, 143360, 1, 0, 0
17350, 153600, 1, 0, 0
17450, 153600, 1, 0, 0
17550, 153600, 1, 0, 0
17650, 153600, 1, 0, 0
17749, 155151, 1, 0, 0
17849, 168960, 1, 0, 0
17949, 153600, 1, 0, 0
18049, 168960, 1, 0, 0
18149, 163840, 1, 0, 0
18250, 153600, 1, 0, 0
18350, 168960, 1, 0, 0
18450, 122880, 1, 0, 0
18550, 158720, 1, 0, 0
18650, 163840, 1, 0, 0
18749, 175838, 1, 0, 0
18849, 163840, 1, 0, 0
18949, 168960, 1, 0, 0
19050, 163840, 1, 0, 0
19150, 153600, 1, 0, 0
19249, 175838, 1, 0, 0
19349, 168960, 1, 0, 0
19449, 163840, 1, 0, 0
19549, 163840, 1, 0, 0
19649, 158720, 1, 0, 0
19749, 158720, 1, 0, 0
19849, 168960, 1, 0, 0
19949, 153600, 1, 0, 0
20050, 158720, 1, 0, 0
20150, 158720, 1, 0, 0
20249, 165494, 1, 0, 0
20349, 163840, 1, 0, 0
20449, 153600, 1, 0, 0
20549, 163840, 1, 0, 0
20649, 163840, 1, 0, 0
20749, 158720, 1, 0, 0
20849, 143360, 1, 0, 0
20950, 168960, 1, 0, 0
21050, 168960, 1, 0, 0
21150, 71680, 1, 0, 0
21249, 175838, 1, 0, 0
21349, 61440, 1, 0, 0
21449, 174080, 1, 0, 0
21549, 174080, 1, 0, 0
21649, 163840, 1, 0, 0
21749, 148480, 1, 0, 0
21849, 153600, 1, 0, 0
21950, 148480, 1, 0, 0
22050, 158720, 1, 0, 0
22150, 122880, 1, 0, 0
22249, 149979, 1, 0, 0
22349, 97280, 1, 0, 0
22449, 158720, 1, 0, 0
22549, 158720, 1, 0, 0
22649, 158720, 1, 0, 0
22750, 158720, 1, 0, 0
22850, 158720, 1, 0, 0
22950, 158720, 1, 0, 0
23050, 148480, 1, 0, 0
23150, 158720, 1, 0, 0
23249, 160323, 1, 0, 0
23349, 148480, 1, 0, 0
23449, 153600, 1, 0, 0
23549, 174080, 1, 0, 0
23650, 153600, 1, 0, 0
23749, 155151, 1, 0, 0
23849, 133120, 1, 0, 0
23949, 163840, 1, 0, 0
24049, 168960, 1, 0, 0
24149, 158720, 1, 0, 0
24249, 143360, 1, 0, 0
24349, 148480, 1, 0, 0
24450, 153600, 1, 0, 0
24550, 174080, 1, 0, 0
24650, 143360, 1, 0, 0
24749, 155151, 1, 0, 0
24849, 153600, 1, 0, 0
24949, 148480, 1, 0, 0
25049, 148480, 1, 0, 0
25149, 158720, 1, 0, 0
25249, 87040, 1, 0, 0
25350, 163840, 1, 0, 0
25450, 163840, 1, 0, 0
25550, 163840, 1, 0, 0
25650, 153600, 1, 0, 0
25749, 149979, 1, 0, 0
25849, 97280, 1, 0, 0
25949, 163840, 1, 0, 0
26049, 143360, 1, 0, 0
26149, 158720, 1, 0, 0
26250, 153600, 1, 0, 0
26350, 163840, 1, 0, 0
26450, 153600, 1, 0, 0
26550, 138240, 1, 0, 0
26650, 163840, 1, 0, 0
26749, 118949, 1, 0, 0
26849, 158720, 1, 0, 0
26949, 168960, 1, 0, 0
27049, 153600, 1, 0, 0
27149, 179200, 1, 0, 0
27250, 168960, 1, 0, 0
27350, 148480, 1, 0, 0
27450, 143360, 1, 0, 0
27550, 163840, 1, 0, 0
27650, 163840, 1, 0, 0
27749, 155151, 1, 0, 0
27849, 163840, 1, 0, 0
27949, 174080, 1, 0, 0
28049, 168960, 1, 0, 0
28150, 163840, 1, 0, 0
28250, 163840, 1, 0, 0
28350, 158720, 1, 0, 0
28450, 158720, 1, 0, 0
28550, 143360, 1, 0, 0
28650, 163840, 1, 0, 0
28749, 134464, 1, 0, 0
28849, 174080, 1, 0, 0
28949, 163840, 1, 0, 0
29049, 174080, 1, 0, 0
29150, 158720, 1, 0, 0
29250, 153600, 1, 0, 0
29350, 158720, 1, 0, 0
29450, 163840, 1, 0, 0
29550, 168960, 1, 0, 0
29650, 158720, 1, 0, 0
29749, 155151, 1, 0, 0
29849, 168960, 1, 0, 0
29949, 163840, 1, 0, 0
30049, 153600, 1, 0, 0
30150, 158720, 1, 0, 0
30250, 163840, 1, 0, 0
30350, 163840, 1, 0, 0
30450, 158720, 1, 0, 0
30550, 153600, 1, 0, 0
30650, 158720, 1, 0, 0
30749, 160323, 1, 0, 0
30849, 163840, 1, 0, 0
30949, 163840, 1, 0, 0
31050, 163840, 1, 0, 0
31150, 158720, 1, 0, 0
31249, 160323, 1, 0, 0
31349, 153600, 1, 0, 0
31449, 168960, 1, 0, 0
31549, 148480, 1, 0, 0
31649, 168960, 1, 0, 0
31749, 128000, 1, 0, 0
31849, 163840, 1, 0, 0
31949, 153600, 1, 0, 0
32050, 158720, 1, 0, 0
32150, 168960, 1, 0, 0
32249, 160323, 1, 0, 0
32349, 153600, 1, 0, 0
32449, 174080, 1, 0, 0
32549, 158720, 1, 0, 0
32649, 168960, 1, 0, 0
32749, 163840, 1, 0, 0
32849, 153600, 1, 0, 0
32949, 163840, 1, 0, 0
33050, 174080, 1, 0, 0
33150, 158720, 1, 0, 0
33249, 175838, 1, 0, 0
33349, 138240, 1, 0, 0
33449, 168960, 1, 0, 0
33549, 163840, 1, 0, 0
33649, 174080, 1, 0, 0
33749, 184320, 1, 0, 0
33849, 163840, 1, 0, 0
33950, 163840, 1, 0, 0
34050, 168960, 1, 0, 0
34150, 174080, 1, 0, 0
34249, 170666, 1, 0, 0
34349, 163840, 1, 0, 0
34449, 153600, 1, 0, 0
34549, 158720, 1, 0, 0
34649, 174080, 1, 0, 0
34749, 168960, 1, 0, 0
34849, 158720, 1, 0, 0
34950, 153600, 1, 0, 0
35050, 163840, 1, 0, 0
35150, 158720, 1, 0, 0
35249, 160323, 1, 0, 0
35349, 148480, 1, 0, 0
35449, 158720, 1, 0, 0
35549, 133120, 1, 0, 0
35649, 158720, 1, 0, 0
35750, 158720, 1, 0, 0
35850, 163840, 1, 0, 0
35950, 163840, 1, 0, 0
36050, 168960, 1, 0, 0
36150, 158720, 1, 0, 0
36249, 165494, 1, 0, 0
36349, 163840, 1, 0, 0
36449, 143360, 1, 0, 0
36550, 107520, 1, 0, 0
36650, 122880, 1, 0, 0
36749, 181010, 1, 0, 0
36849, 158720, 1, 0, 0
36949, 122880, 1, 0, 0
37049, 158720, 1, 0, 0
37149, 158720, 1, 0, 0
37249, 179200, 1, 0, 0
37349, 163840, 1, 0, 0
37450, 153600, 1, 0, 0
37550, 158720, 1, 0, 0
37650, 163840, 1, 0, 0
37749, 155151, 1, 0, 0
37849, 174080, 1, 0, 0
37949, 148480, 1, 0, 0
38049, 153600, 1, 0, 0
38149, 158720, 1, 0, 0
38249, 143360, 1, 0, 0
38349, 143360, 1, 0, 0
38450, 163840, 1, 0, 0
38550, 158720, 1, 0, 0
38650, 148480, 1, 0, 0
38749, 165494, 1, 0, 0
38849, 168960, 1, 0, 0
38949, 158720, 1, 0, 0
39049, 163840, 1, 0, 0
39149, 153600, 1, 0, 0
39249, 158720, 1, 0, 0
39350, 158720, 1, 0, 0
39450, 163840, 1, 0, 0
39550, 158720, 1, 0, 0
39650, 163840, 1, 0, 0
39749, 160323, 1, 0, 0
39849, 153600, 1, 0, 0
39949, 148480, 1, 0, 0
40049, 143360, 1, 0, 0
40149, 153600, 1, 0, 0
40249, 174080, 1, 0, 0
40350, 174080, 1, 0, 0
40450, 158720, 1, 0, 0
40550, 143360, 1, 0, 0
40650, 158720, 1, 0, 0
40749, 155151, 1, 0, 0
40849, 168960, 1, 0, 0
40949, 148480, 1, 0, 0
41049, 148480, 1, 0, 0
41149, 158720, 1, 0, 0
41250, 168960, 1, 0, 0
41350, 168960, 1, 0, 0
41450, 168960, 1, 0, 0
41550, 168960, 1, 0, 0
41650, 163840, 1, 0, 0
41749, 170666, 1, 0, 0
41849, 158720, 1, 0, 0
41949, 138240, 1, 0, 0
42049, 163840, 1, 0, 0
42149, 179200, 1, 0, 0
42249, 163840, 1, 0, 0
42350, 153600, 1, 0, 0
42450, 163840, 1, 0, 0
42550, 158720, 1, 0, 0
42650, 168960, 1, 0, 0
42749, 165494, 1, 0, 0
42849, 168960, 1, 0, 0
42949, 163840, 1, 0, 0
43049, 174080, 1, 0, 0
43149, 168960, 1, 0, 0
43249, 168960, 1, 0, 0
43349, 174080, 1, 0, 0
43450, 179200, 1, 0, 0
43550, 158720, 1, 0, 0
43650, 163840, 1, 0, 0
43749, 155151, 1, 0, 0
43849, 163840, 1, 0, 0
43949, 179200, 1, 0, 0
44049, 138240, 1, 0, 0
44149, 184320, 1, 0, 0
44249, 179200, 1, 0, 0
44349, 163840, 1, 0, 0
44449, 163840, 1, 0, 0
44550, 158720, 1, 0, 0
44650, 168960, 1, 0, 0
44749, 165494, 1, 0, 0
44849, 184320, 1, 0, 0
44949, 158720, 1, 0, 0
45049, 158720, 1, 0, 0
45149, 174080, 1, 0, 0
45249, 158720, 1, 0, 0
45349, 163840, 1, 0, 0
45450, 153600, 1, 0, 0
45550, 163840, 1, 0, 0
45650, 158720, 1, 0, 0
45749, 165494, 1, 0, 0
45849, 163840, 1, 0, 0
45949, 168960, 1, 0, 0
46049, 153600, 1, 0, 0
46149, 163840, 1, 0, 0
46249, 163840, 1, 0, 0
46349, 158720, 1, 0, 0
46450, 148480, 1, 0, 0
46550, 153600, 1, 0, 0
46650, 117760, 1, 0, 0
46749, 165494, 1, 0, 0
46849, 168960, 1, 0, 0
46949, 168960, 1, 0, 0
47049, 133120, 1, 0, 0
47149, 174080, 1, 0, 0
47249, 179200, 1, 0, 0
47349, 168960, 1, 0, 0
47449, 168960, 1, 0, 0
47550, 158720, 1, 0, 0
47650, 168960, 1, 0, 0
47749, 160323, 1, 0, 0
47849, 163840, 1, 0, 0
47949, 174080, 1, 0, 0
48049, 143360, 1, 0, 0
48149, 174080, 1, 0, 0
48249, 168960, 1, 0, 0
48349, 163840, 1, 0, 0
48449, 174080, 1, 0, 0
48550, 174080, 1, 0, 0
48650, 148480, 1, 0, 0
48749, 149979, 1, 0, 0
48849, 163840, 1, 0, 0
48949, 163840, 1, 0, 0
49049, 184320, 1, 0, 0
49149, 158720, 1, 0, 0
49249, 168960, 1, 0, 0
49349, 168960, 1, 0, 0
49449, 158720, 1, 0, 0
49549, 174080, 1, 0, 0
49650, 158720, 1, 0, 0
49750, 158720, 1, 0, 0
49850, 163840, 1, 0, 0
49950, 184320, 1, 0, 0
50050, 163840, 1, 0, 0
50150, 168960, 1, 0, 0
50249, 160323, 1, 0, 0
50349, 168960, 1, 0, 0
50449, 158720, 1, 0, 0
50549, 158720, 1, 0, 0
50650, 174080, 1, 0, 0
50750, 158720, 1, 0, 0
50850, 153600, 1, 0, 0
50950, 179200, 1, 0, 0
51050, 168960, 1, 0, 0
51150, 163840, 1, 0, 0
51249, 175838, 1, 0, 0
51349, 153600, 1, 0, 0
51449, 168960, 1, 0, 0
51549, 61440, 1, 0, 0
51650, 61440, 1, 0, 0
51750, 92160, 1, 0, 0
51850, 168960, 1, 0, 0
51950, 194560, 1, 0, 0
52050, 158720, 1, 0, 0
52150, 168960, 1, 0, 0
52249, 165494, 1, 0, 0
52349, 179200, 1, 0, 0
52449, 153600, 1, 0, 0
52550, 163840, 1, 0, 0
52650, 168960, 1, 0, 0
52749, 160323, 1, 0, 0
52849, 174080, 1, 0, 0
52949, 174080, 1, 0, 0
53049, 168960, 1, 0, 0
53149, 30720, 1, 0, 0
53249, 107520, 1, 0, 0
53349, 184320, 1, 0, 0
53449, 174080, 1, 0, 0
53550, 174080, 1, 0, 0
53650, 184320, 1, 0, 0
53749, 165494, 1, 0, 0
53849, 128000, 1, 0, 0
53949, 189440, 1, 0, 0
54049, 158720, 1, 0, 0
54149, 97280, 1, 0, 0
54249, 179200, 1, 0, 0
54349, 168960, 1, 0, 0
54449, 163840, 1, 0, 0
54550, 153600, 1, 0, 0
54650, 158720, 1, 0, 0
54749, 170666, 1, 0, 0
54849, 163840, 1, 0, 0
54949, 168960, 1, 0, 0
55049, 163840, 1, 0, 0
55149, 163840, 1, 0, 0
55249, 163840, 1, 0, 0
55349, 174080, 1, 0, 0
55449, 163840, 1, 0, 0
55550, 163840, 1, 0, 0
55650, 148480, 1, 0, 0
55749, 170666, 1, 0, 0
55849, 102400, 1, 0, 0
55949, 168960, 1, 0, 0
56049, 158720, 1, 0, 0
56149, 168960, 1, 0, 0
56249, 174080, 1, 0, 0
56349, 97280, 1, 0, 0
56449, 174080, 1, 0, 0
56549, 148480, 1, 0, 0
56650, 138240, 1, 0, 0
56749, 124121, 1, 0, 0
56849, 128000, 1, 0, 0
56949, 168960, 1, 0, 0
57049, 189440, 1, 0, 0
57149, 174080, 1, 0, 0
57249, 174080, 1, 0, 0
57349, 174080, 1, 0, 0
57449, 163840, 1, 0, 0
57549, 158720, 1, 0, 0
57649, 168960, 1, 0, 0
57750, 163840, 1, 0, 0
57850, 163840, 1, 0, 0
57950, 153600, 1, 0, 0
58050, 174080, 1, 0, 0
58150, 153600, 1, 0, 0
58249, 181010, 1, 0, 0
58349, 163840, 1, 0, 0
58449, 174080, 1, 0, 0
58549, 158720, 1, 0, 0
58649, 168960, 1, 0, 0
58749, 158720, 1, 0, 0
58850, 158720, 1, 0, 0
58950, 168960, 1, 0, 0
59050, 174080, 1, 0, 0
59150, 158720, 1, 0, 0
59249, 175838, 1, 0, 0
59349, 168960, 1, 0, 0
59449, 158720, 1, 0, 0
59549, 158720, 1, 0, 0
59649, 168960, 1, 0, 0
59749, 148480, 1, 0, 0
59849, 158720, 1, 0, 0
59949, 163840, 1, 0, 0
60050, 168960, 1, 0, 0
60150, 168960, 1, 0, 0
60249, 181010, 1, 0, 0
60349, 153600, 1, 0, 0
60449, 179200, 1, 0, 0
60549, 158720, 1, 0, 0
60649, 174080, 1, 0, 0
60749, 163840, 1, 0, 0
60849, 168960, 1, 0, 0
60949, 158720, 1, 0, 0
61050, 174080, 1, 0, 0
61150, 168960, 1, 0, 0
61249, 170666, 1, 0, 0
61349, 168960, 1, 0, 0
61449, 168960, 1, 0, 0
61549, 148480, 1, 0, 0
61649, 168960, 1, 0, 0
61749, 143360, 1, 0, 0
61849, 148480, 1, 0, 0
61949, 168960, 1, 0, 0
62049, 174080, 1, 0, 0
62149, 168960, 1, 0, 0
62250, 179200, 1, 0, 0
62350, 184320, 1, 0, 0
62450, 153600, 1, 0, 0
62550, 168960, 1, 0, 0
62650, 168960, 1, 0, 0
62749, 181010, 1, 0, 0
62849, 148480, 1, 0, 0
62949, 97280, 1, 0, 0
63049, 179200, 1, 0, 0
63149, 92160, 1, 0, 0
63250, 5120, 1, 0, 0
63350, 5120, 1, 0, 0
63450, 76800, 1, 0, 0
63550, 51200, 1, 0, 0
63650, 122880, 1, 0, 0
63749, 170666, 1, 0, 0
63849, 163840, 1, 0, 0
63949, 179200, 1, 0, 0
64049, 138240, 1, 0, 0
64149, 179200, 1, 0, 0
64250, 179200, 1, 0, 0
64350, 179200, 1, 0, 0
64450, 179200, 1, 0, 0
64550, 148480, 1, 0, 0
64650, 153600, 1, 0, 0
64749, 175838, 1, 0, 0
64849, 153600, 1, 0, 0
64949, 158720, 1, 0, 0
65049, 179200, 1, 0, 0
65149, 179200, 1, 0, 0
65250, 148480, 1, 0, 0
65350, 163840, 1, 0, 0
65450, 174080, 1, 0, 0
65550, 168960, 1, 0, 0
65650, 158720, 1, 0, 0
65749, 186181, 1, 0, 0
65849, 168960, 1, 0, 0
65949, 158720, 1, 0, 0
66050, 179200, 1, 0, 0
66150, 158720, 1, 0, 0
66249, 149979, 1, 0, 0
66349, 174080, 1, 0, 0
66449, 179200, 1, 0, 0
66549, 168960, 1, 0, 0
66649, 107520, 1, 0, 0
66749, 184320, 1, 0, 0
66850, 122880, 1, 0, 0
66950, 158720, 1, 0, 0
67050, 179200, 1, 0, 0
67150, 174080, 1, 0, 0
67249, 165494, 1, 0, 0
67349, 153600, 1, 0, 0
67449, 168960, 1, 0, 0
67549, 168960, 1, 0, 0
67649, 163840, 1, 0, 0
67749, 143360, 1, 0, 0
67850, 179200, 1, 0, 0
67950, 168960, 1, 0, 0
68050, 163840, 1, 0, 0
68150, 174080, 1, 0, 0
68249, 165494, 1, 0, 0
68349, 158720, 1, 0, 0
68449, 158720, 1, 0, 0
68549, 179200, 1, 0, 0
68649, 163840, 1, 0, 0
68749, 138240, 1, 0, 0
68849, 179200, 1, 0, 0
68949, 158720, 1, 0, 0
69050, 163840, 1, 0, 0
69150, 158720, 1, 0, 0
69249, 139636, 1, 0, 0
69349, 163840, 1, 0, 0
69449, 168960, 1, 0, 0
69549, 168960, 1, 0, 0
69649, 163840, 1, 0, 0
69749, 163840, 1, 0, 0
69849, 174080, 1, 0, 0
69949, 174080, 1, 0, 0
70050, 174080, 1, 0, 0
70150, 163840, 1, 0, 0
70249, 181010, 1, 0, 0
70349, 107520, 1, 0, 0
70449, 179200, 1, 0, 0
70549, 184320, 1, 0, 0
70649, 174080, 1, 0, 0
70749, 112640, 1, 0, 0
70849, 153600, 1, 0, 0
70950, 174080, 1, 0, 0
71050, 179200, 1, 0, 0
71150, 174080, 1, 0, 0
71249, 155151, 1, 0, 0
71349, 194560, 1, 0, 0
71449, 174080, 1, 0, 0
71549, 184320, 1, 0, 0
71649, 163840, 1, 0, 0
71749, 158720, 1, 0, 0
71849, 148480, 1, 0, 0
71949, 174080, 1, 0, 0
72050, 184320, 1, 0, 0
72150, 184320, 1, 0, 0
72249, 181010, 1, 0, 0
72349, 168960, 1, 0, 0
72449, 148480, 1, 0, 0
72549, 179200, 1, 0, 0
72649, 174080, 1, 0, 0
72749, 174080, 1, 0, 0
72849, 179200, 1, 0, 0
72949, 179200, 1, 0, 0
73050, 168960, 1, 0, 0
73150, 174080, 1, 0, 0
73249, 191353, 1, 0, 0
73349, 179200, 1, 0, 0
73449, 189440, 1, 0, 0
73549, 179200, 1, 0, 0
73649, 163840, 1, 0, 0
73749, 189440, 1, 0, 0
73849, 174080, 1, 0, 0
73949, 189440, 1, 0, 0
74050, 163840, 1, 0, 0
74150, 158720, 1, 0, 0
74249, 196525, 1, 0, 0
74349, 189440, 1, 0, 0
74449, 168960, 1, 0, 0
74549, 163840, 1, 0, 0
74649, 174080, 1, 0, 0
74749, 179200, 1, 0, 0
74849, 168960, 1, 0, 0
74949, 179200, 1, 0, 0
75050, 163840, 1, 0, 0
75150, 189440, 1, 0, 0
75249, 186181, 1, 0, 0
75349, 179200, 1, 0, 0
75449, 174080, 1, 0, 0
75549, 179200, 1, 0, 0
75649, 184320, 1, 0, 0
75749, 174080, 1, 0, 0
75849, 148480, 1, 0, 0
75949, 189440, 1, 0, 0
76050, 158720, 1, 0, 0
76150, 174080, 1, 0, 0
76249, 175838, 1, 0, 0
76349, 179200, 1, 0, 0
76449, 168960, 1, 0, 0
76549, 174080, 1, 0, 0
76649, 184320, 1, 0, 0
76749, 179200, 1, 0, 0
76849, 163840, 1, 0, 0
76949, 168960, 1, 0, 0
77049, 174080, 1, 0, 0
77150, 184320, 1, 0, 0
77250, 168960, 1, 0, 0
77350, 179200, 1, 0, 0
77450, 174080, 1, 0, 0
77550, 184320, 1, 0, 0
77650, 189440, 1, 0, 0
77749, 181010, 1, 0, 0
77849, 174080, 1, 0, 0
77949, 158720, 1, 0, 0
78049, 179200, 1, 0, 0
78149, 179200, 1, 0, 0
78250, 189440, 1, 0, 0
78350, 143360, 1, 0, 0
78450, 194560, 1, 0, 0
78550, 184320, 1, 0, 0
78650, 179200, 1, 0, 0
78749, 170666, 1, 0, 0
78849, 189440, 1, 0, 0
78949, 184320, 1, 0, 0
79049, 168960, 1, 0, 0
79149, 174080, 1, 0, 0
79250, 189440, 1, 0, 0
79350, 174080, 1, 0, 0
79450, 168960, 1, 0, 0
79550, 204800, 1, 0, 0
79650, 179200, 1, 0, 0
79749, 165494, 1, 0, 0
79849, 184320, 1, 0, 0
79949, 174080, 1, 0, 0
80049, 168960, 1, 0, 0
80149, 143360, 1, 0, 0
80250, 174080, 1, 0, 0
80350, 179200, 1, 0, 0
80450, 174080, 1, 0, 0
80550, 184320, 1, 0, 0
80650, 189440, 1, 0, 0
80749, 181010, 1, 0, 0
80849, 179200, 1, 0, 0
80949, 174080, 1, 0, 0
81049, 174080, 1, 0, 0
81149, 179200, 1, 0, 0
81250, 184320, 1, 0, 0
81350, 174080, 1, 0, 0
81450, 158720, 1, 0, 0
81550, 158720, 1, 0, 0
81650, 184320, 1, 0, 0
81749, 186181, 1, 0, 0
81849, 179200, 1, 0, 0
81949, 189440, 1, 0, 0
82049, 184320, 1, 0, 0
82149, 184320, 1, 0, 0
82250, 168960, 1, 0, 0
82350, 163840, 1, 0, 0
82450, 148480, 1, 0, 0
82550, 179200, 1, 0, 0
82650, 184320, 1, 0, 0
82749, 191353, 1, 0, 0
82849, 184320, 1, 0, 0
82949, 163840, 1, 0, 0
83049, 184320, 1, 0, 0
83150, 168960, 1, 0, 0
83249, 191353, 1, 0, 0
83349, 179200, 1, 0, 0
83449, 174080, 1, 0, 0
83549, 189440, 1, 0, 0
83649, 174080, 1, 0, 0
83749, 168960, 1, 0, 0
83849, 179200, 1, 0, 0
83949, 179200, 1, 0, 0
84050, 158720, 1, 0, 0
84150, 184320, 1, 0, 0
84249, 186181, 1, 0, 0
84349, 194560, 1, 0, 0
84449, 184320, 1, 0, 0
84549, 184320, 1, 0, 0
84649, 189440, 1, 0, 0
84749, 174080, 1, 0, 0
84849, 179200, 1, 0, 0
84949, 179200, 1, 0, 0
85050, 194560, 1, 0, 0
85150, 174080, 1, 0, 0
85249, 186181, 1, 0, 0
85349, 189440, 1, 0, 0
85449, 189440, 1, 0, 0
85549, 153600, 1, 0, 0
85649, 184320, 1, 0, 0
85749, 194560, 1, 0, 0
85849, 189440, 1, 0, 0
85949, 174080, 1, 0, 0
86050, 184320, 1, 0, 0
86150, 168960, 1, 0, 0
86249, 196525, 1, 0, 0
86349, 184320, 1, 0, 0
86449, 184320, 1, 0, 0
86549, 163840, 1, 0, 0
86649, 184320, 1, 0, 0
86749, 128000, 1, 0, 0
86849, 153600, 1, 0, 0
86949, 158720, 1, 0, 0
87050, 158720, 1, 0, 0
87150, 30720, 1, 0, 0
87249, 41373, 1, 0, 0
87349, 61440, 1, 0, 0
87449, 87040, 1, 0, 0
87549, 168960, 1, 0, 0
87649, 184320, 1, 0, 0
87749, 184320, 1, 0, 0
87849, 153600, 1, 0, 0
87949, 143360, 1, 0, 0
88050, 174080, 1, 0, 0
88150, 179200, 1, 0, 0
88249, 170666, 1, 0, 0
88349, 107520, 1, 0, 0
88449, 46080, 1, 0, 0
88549, 153600, 1, 0, 0
88649, 158720, 1, 0, 0
88749, 179200, 1, 0, 0
88849, 199680, 1, 0, 0
88949, 179200, 1, 0, 0
89050, 174080, 1, 0, 0
89150, 184320, 1, 0, 0
89249, 155151, 1, 0, 0
89349, 179200, 1, 0, 0
89449, 189440, 1, 0, 0
89549, 163840, 1, 0, 0
89649, 168960, 1, 0, 0
89749, 184320, 1, 0, 0
89849, 179200, 1, 0, 0
89949, 179200, 1, 0, 0
