101, 7110580, 1, 0, 0
200, 2398449, 1, 0, 0
339, 2692526, 1, 0, 0
400, 6619106, 1, 0, 0
501, 2713699, 1, 0, 0
600, 2887971, 1, 0, 0
700, 3128259, 1, 0, 0
803, 3322314, 1, 0, 0
901, 3119757, 1, 0, 0
1000, 3240954, 1, 0, 0
1101, 2833341, 1, 0, 0
1200, 2708171, 1, 0, 0
1301, 2685374, 1, 0, 0
1400, 2336756, 1, 0, 0
1500, 2470425, 1, 0, 0
1600, 2735515, 1, 0, 0
1700, 2613316, 1, 0, 0
1800, 2862461, 1, 0, 0
1900, 2469204, 1, 0, 0
2000, 2550389, 1, 0, 0
2100, 2914934, 1, 0, 0
2202, 2374410, 1, 0, 0
2316, 3202483, 1, 0, 0
2400, 3364064, 1, 0, 0
2501, 3042215, 1, 0, 0
2601, 2726073, 1, 0, 0
2702, 2952263, 1, 0, 0
2800, 3347371, 1, 0, 0
2900, 2500515, 1, 0, 0
3000, 2811389, 1, 0, 0
3101, 2229915, 1, 0, 0
3200, 2400854, 1, 0, 0
3301, 2688028, 1, 0, 0
3401, 2225295, 1, 0, 0
3500, 2741770, 1, 0, 0
3600, 2606405, 1, 0, 0
3700, 2421835, 1, 0, 0
3800, 3626890, 1, 0, 0
3900, 3289235, 1, 0, 0
4042, 3397480, 1, 0, 0
4100, 9368409, 1, 0, 0
4200, 2318768, 1, 0, 0
4300, 2514136, 1, 0, 0
4400, 2694658, 1, 0, 0
4501, 2853663, 1, 0, 0
4600, 2259344, 1, 0, 0
4700, 2736440, 1, 0, 0
4801, 2483563, 1, 0, 0
4954, 7023987, 1, 0, 0
5000, 6404307, 1, 0, 0
5100, 2709991, 1, 0, 0
5202, 2332907, 1, 0, 0
5300, 2375052, 1, 0, 0
5406, 2586101, 1, 0, 0
5500, 2794467, 1, 0, 0
5600, 2526773, 1, 0, 0
5701, 2834189, 1, 0, 0
5800, 2920734, 1, 0, 0
5900, 2384054, 1, 0, 0
6000, 2646913, 1, 0, 0
6100, 2716393, 1, 0, 0
6204, 2687160, 1, 0, 0
6300, 3174335, 1, 0, 0
6401, 2734894, 1, 0, 0
6500, 2383225, 1, 0, 0
6601, 2674313, 1, 0, 0
6701, 2275373, 1, 0, 0
6801, 2293880, 1, 0, 0
6903, 2927177, 1, 0, 0
7000, 2821551, 1, 0, 0
7100, 2495953, 1, 0, 0
7200, 2282123, 1, 0, 0
7301, 2646606, 1, 0, 0
7400, 2328101, 1, 0, 0
7501, 2279481, 1, 0, 0
7602, 2945668, 1, 0, 0
7701, 2796956, 1, 0, 0
7801, 2436605, 1, 0, 0
7903, 2234002, 1, 0, 0
8000, 3045896, 1, 0, 0
8101, 2379752, 1, 0, 0
8200, 2550595, 1, 0, 0
8300, 2851325, 1, 0, 0
8402, 2537145, 1, 0, 0
8500, 2383338, 1, 0, 0
8600, 3006884, 1, 0, 0
8700, 2975283, 1, 0, 0
8800, 2885699, 1, 0, 0
8900, 2285969, 1, 0, 0
9005, 1941524, 1, 0, 0
9234, 3349915, 1, 0, 0
9452, 22678204, 1, 0, 0
9500, 12678116, 1, 0, 0
9600, 2585577, 1, 0, 0
9700, 2631384, 1, 0, 0
9800, 2368360, 1, 0, 0
9900, 2653613, 1, 0, 0
10001, 3095572, 1, 0, 0
10101, 2796493, 1, 0, 0
10200, 2667184, 1, 0, 0
10300, 2442388, 1, 0, 0
10400, 2725096, 1, 0, 0
10502, 3763396, 1, 0, 0
10600, 2672368, 1, 0, 0
10700, 2735212, 1, 0, 0
10802, 2849023, 1, 0, 0
10901, 2821324, 1, 0, 0
11051, 2931319, 1, 0, 0
11100, 4901133, 1, 0, 0
11200, 1945998, 1, 0, 0
11300, 2462424, 1, 0, 0
11402, 2668125, 1, 0, 0
11534, 3368832, 1, 0, 0
11601, 3979762, 1, 0, 0
11701, 2631978, 1, 0, 0
11800, 2361697, 1, 0, 0
11900, 2850613, 1, 0, 0
12000, 2653485, 1, 0, 0
12101, 2759285, 1, 0, 0
12200, 2582119, 1, 0, 0
12300, 3018655, 1, 0, 0
12401, 2834445, 1, 0, 0
12500, 3478178, 1, 0, 0
12600, 3087906, 1, 0, 0
12701, 2541481, 1, 0, 0
12801, 3029324, 1, 0, 0
12901, 2193406, 1, 0, 0
13000, 2973033, 1, 0, 0
13100, 2185802, 1, 0, 0
13200, 2325168, 1, 0, 0
13301, 2522822, 1, 0, 0
13400, 2719573, 1, 0, 0
13500, 2723728, 1, 0, 0
13602, 3002387, 1, 0, 0
13701, 2438733, 1, 0, 0
13800, 2599969, 1, 0, 0
13900, 2658408, 1, 0, 0
14001, 2656550, 1, 0, 0
14100, 2778536, 1, 0, 0
14200, 2822954, 1, 0, 0
14300, 2382973, 1, 0, 0
14400, 2763860, 1, 0, 0
14500, 2612629, 1, 0, 0
14601, 2580162, 1, 0, 0
14700, 2518834, 1, 0, 0
14800, 2534010, 1, 0, 0
14900, 2417394, 1, 0, 0
15000, 2358409, 1, 0, 0
15100, 2678792, 1, 0, 0
15200, 2610356, 1, 0, 0
15300, 3173063, 1, 0, 0
15400, 3097560, 1, 0, 0
15500, 2847267, 1, 0, 0
15600, 2734987, 1, 0, 0
15701, 2682595, 1, 0, 0
15800, 2721184, 1, 0, 0
15900, 2547292, 1, 0, 0
16002, 2609188, 1, 0, 0
16100, 2838658, 1, 0, 0
16200, 2246881, 1, 0, 0
16301, 2600691, 1, 0, 0
16401, 2750642, 1, 0, 0
16505, 2763660, 1, 0, 0
16601, 3028404, 1, 0, 0
16700, 2477707, 1, 0, 0
16800, 2819595, 1, 0, 0
16901, 2615459, 1, 0, 0
17001, 3130459, 1, 0, 0
17101, 2898273, 1, 0, 0
17201, 2950619, 1, 0, 0
17300, 2686791, 1, 0, 0
17400, 3117465, 1, 0, 0
17500, 2980307, 1, 0, 0
17600, 2211711, 1, 0, 0
17700, 2872218, 1, 0, 0
17801, 2510998, 1, 0, 0
17900, 3078817, 1, 0, 0
18002, 2827472, 1, 0, 0
18101, 2981858, 1, 0, 0
18202, 2822452, 1, 0, 0
18301, 3766319, 1, 0, 0
18400, 2831075, 1, 0, 0
18500, 2460898, 1, 0, 0
18602, 3025147, 1, 0, 0
18700, 2535979, 1, 0, 0
18800, 2862255, 1, 0, 0
18900, 2392834, 1, 0, 0
19002, 2784679, 1, 0, 0
19100, 2964174, 1, 0, 0
19200, 2590569, 1, 0, 0
19302, 2178589, 1, 0, 0
19400, 2218527, 1, 0, 0
19500, 2832846, 1, 0, 0
19600, 2627925, 1, 0, 0
19700, 3079297, 1, 0, 0
19806, 2623951, 1, 0, 0
19900, 2631732, 1, 0, 0
20000, 2826226, 1, 0, 0
20101, 2489773, 1, 0, 0
20200, 2525107, 1, 0, 0
20300, 2952326, 1, 0, 0
20400, 2934054, 1, 0, 0
20500, 3242387, 1, 0, 0
20602, 3366878, 1, 0, 0
20700, 2973021, 1, 0, 0
20800, 2159257, 1, 0, 0
20900, 2285007, 1, 0, 0
21001, 2186518, 1, 0, 0
21146, 3485569, 1, 0, 0
21202, 5297366, 1, 0, 0
21300, 2215209, 1, 0, 0
21401, 2442344, 1, 0, 0
21500, 3716728, 1, 0, 0
21600, 2356970, 1, 0, 0
21701, 2998021, 1, 0, 0
21801, 2617305, 1, 0, 0
21901, 2299975, 1, 0, 0
22001, 2263088, 1, 0, 0
22100, 2576981, 1, 0, 0
22200, 2899865, 1, 0, 0
22300, 2314192, 1, 0, 0
22401, 2633357, 1, 0, 0
22500, 2802835, 1, 0, 0
22600, 8410885, 1, 0, 0
22700, 2549431, 1, 0, 0
22800, 2195753, 1, 0, 0
22900, 2780628, 1, 0, 0
23001, 3080090, 1, 0, 0
23103, 2633387, 1, 0, 0
23200, 2906196, 1, 0, 0
23300, 2644323, 1, 0, 0
23400, 3397604, 1, 0, 0
23501, 2415863, 1, 0, 0
23601, 2231566, 1, 0, 0
23700, 2810207, 1, 0, 0
23800, 2741314, 1, 0, 0
23900, 3361616, 1, 0, 0
24000, 2389198, 1, 0, 0
24106, 3350508, 1, 0, 0
24200, 1877959, 1, 0, 0
24319, 10147145, 1, 0, 0
24401, 6468742, 1, 0, 0
24500, 1822622, 1, 0, 0
24613, 114683553, 1, 0, 0
24700, 10816616, 1, 0, 0
24859, 2275396, 1, 0, 0
24900, 4617052, 1, 0, 0
25000, 2420241, 1, 0, 0
25100, 2622405, 1, 0, 0
25200, 2866051, 1, 0, 0
25301, 2599648, 1, 0, 0
25400, 2574682, 1, 0, 0
25500, 2616951, 1, 0, 0
25600, 3183904, 1, 0, 0
25700, 2642734, 1, 0, 0
25801, 2612523, 1, 0, 0
25900, 2655958, 1, 0, 0
26000, 2501333, 1, 0, 0
26100, 2817524, 1, 0, 0
26200, 2768902, 1, 0, 0
26300, 2115964, 1, 0, 0
26401, 2706029, 1, 0, 0
26501, 2859492, 1, 0, 0
26600, 2606376, 1, 0, 0
26700, 2823826, 1, 0, 0
26801, 3403172, 1, 0, 0
26901, 2386267, 1, 0, 0
27001, 2805710, 1, 0, 0
27101, 2924527, 1, 0, 0
27200, 2862784, 1, 0, 0
27300, 2464896, 1, 0, 0
27400, 2144313, 1, 0, 0
27500, 3474305, 1, 0, 0
27600, 2895254, 1, 0, 0
27755, 3456304, 1, 0, 0
27800, 7966478, 1, 0, 0
27900, 2384705, 1, 0, 0
28001, 2328614, 1, 0, 0
28101, 2141730, 1, 0, 0
28200, 2350929, 1, 0, 0
28301, 2692306, 1, 0, 0
28401, 3075605, 1, 0, 0
28500, 3380758, 1, 0, 0
28601, 3012463, 1, 0, 0
28701, 4090884, 1, 0, 0
28800, 1895130, 1, 0, 0
28900, 2096606, 1, 0, 0
29000, 2690281, 1, 0, 0
29100, 2345051, 1, 0, 0
29200, 3095952, 1, 0, 0
29301, 2450441, 1, 0, 0
29402, 2268785, 1, 0, 0
29500, 4639993, 1, 0, 0
29600, 3069407, 1, 0, 0
29726, 3101489, 1, 0, 0
29800, 3545321, 1, 0, 0
29900, 2304631, 1, 0, 0
30085, 3756838, 1, 0, 0
30100, 23062548, 1, 0, 0
30201, 4596850, 1, 0, 0
30300, 2551109, 1, 0, 0
30400, 2599160, 1, 0, 0
30500, 2320672, 1, 0, 0
30600, 2591108, 1, 0, 0
30701, 2457194, 1, 0, 0
30800, 2969838, 1, 0, 0
30900, 2371710, 1, 0, 0
31001, 2927542, 1, 0, 0
31100, 2424989, 1, 0, 0
31201, 2298947, 1, 0, 0
31301, 2125491, 1, 0, 0
31400, 2544220, 1, 0, 0
31500, 2252550, 1, 0, 0
31601, 2745696, 1, 0, 0
31701, 3123971, 1, 0, 0
31801, 2308651, 1, 0, 0
31900, 2493390, 1, 0, 0
32000, 2359887, 1, 0, 0
32101, 2444620, 1, 0, 0
32200, 2448934, 1, 0, 0
32300, 2618216, 1, 0, 0
32401, 2536263, 1, 0, 0
32500, 2733587, 1, 0, 0
32600, 2314150, 1, 0, 0
32700, 3266332, 1, 0, 0
32803, 2806319, 1, 0, 0
32900, 2829713, 1, 0, 0
33000, 2396559, 1, 0, 0
33101, 2488466, 1, 0, 0
33201, 2983898, 1, 0, 0
33301, 2819854, 1, 0, 0
33400, 2564880, 1, 0, 0
33502, 2646290, 1, 0, 0
33600, 3138586, 1, 0, 0
33702, 2471754, 1, 0, 0
33803, 3071752, 1, 0, 0
33901, 2826815, 1, 0, 0
34001, 2187460, 1, 0, 0
34100, 2584414, 1, 0, 0
34222, 3857673, 1, 0, 0
34301, 3970396, 1, 0, 0
34400, 2912626, 1, 0, 0
34500, 2783195, 1, 0, 0
34600, 2834025, 1, 0, 0
34701, 2551474, 1, 0, 0
34800, 2580913, 1, 0, 0
34900, 2822077, 1, 0, 0
35187, 3948606, 1, 0, 0
35325, 180718539, 1, 0, 0
35402, 6484570, 1, 0, 0
35501, 3256516, 1, 0, 0
35600, 2448432, 1, 0, 0
35701, 2464534, 1, 0, 0
35801, 2468621, 1, 0, 0
35900, 2532895, 1, 0, 0
36000, 2668596, 1, 0, 0
36100, 2492278, 1, 0, 0
36201, 2875603, 1, 0, 0
36300, 3743179, 1, 0, 0
36400, 2363451, 1, 0, 0
36572, 4167298, 1, 0, 0
36601, 10557753, 1, 0, 0
36701, 2532114, 1, 0, 0
36800, 2708783, 1, 0, 0
36901, 3428212, 1, 0, 0
37000, 2951555, 1, 0, 0
37100, 2363957, 1, 0, 0
37206, 2798416, 1, 0, 0
37300, 2835773, 1, 0, 0
37400, 3654134, 1, 0, 0
37500, 2433727, 1, 0, 0
37601, 3329787, 1, 0, 0
37700, 2911054, 1, 0, 0
37800, 3799721, 1, 0, 0
37900, 4113292, 1, 0, 0
38000, 2494870, 1, 0, 0
38100, 2732291, 1, 0, 0
38202, 3278215, 1, 0, 0
38301, 3030559, 1, 0, 0
38401, 2490885, 1, 0, 0
38500, 2362799, 1, 0, 0
38601, 2437617, 1, 0, 0
38700, 2344357, 1, 0, 0
38800, 2301388, 1, 0, 0
38900, 2473865, 1, 0, 0
39000, 2644204, 1, 0, 0
39102, 3284215, 1, 0, 0
39200, 2674251, 1, 0, 0
39300, 2863090, 1, 0, 0
39404, 2946822, 1, 0, 0
39501, 2778908, 1, 0, 0
39604, 2663678, 1, 0, 0
39701, 3344858, 1, 0, 0
39801, 2781302, 1, 0, 0
39901, 2973513, 1, 0, 0
40002, 2813048, 1, 0, 0
40101, 2573014, 1, 0, 0
40200, 2820976, 1, 0, 0
40362, 7063658, 1, 0, 0
40401, 9431752, 1, 0, 0
40501, 2248327, 1, 0, 0
40600, 2301080, 1, 0, 0
40700, 2738585, 1, 0, 0
40800, 2328844, 1, 0, 0
40901, 2532947, 1, 0, 0
41001, 2402493, 1, 0, 0
41101, 2660684, 1, 0, 0
41201, 3192949, 1, 0, 0
41301, 2680513, 1, 0, 0
41400, 2304641, 1, 0, 0
41503, 2324655, 1, 0, 0
41600, 3239295, 1, 0, 0
41700, 3161225, 1, 0, 0
41801, 2700091, 1, 0, 0
41900, 2903606, 1, 0, 0
42125, 5049646, 1, 0, 0
42200, 8140554, 1, 0, 0
42300, 2768567, 1, 0, 0
42413, 3029939, 1, 0, 0
42500, 3084064, 1, 0, 0
42600, 2430760, 1, 0, 0
42700, 2455057, 1, 0, 0
42800, 2407217, 1, 0, 0
42901, 3804547, 1, 0, 0
43021, 6004916, 1, 0, 0
43101, 5085890, 1, 0, 0
43200, 2450846, 1, 0, 0
43300, 2259972, 1, 0, 0
43400, 2470461, 1, 0, 0
43502, 3355762, 1, 0, 0
43601, 6390774, 1, 0, 0
43702, 2618741, 1, 0, 0
43802, 2454741, 1, 0, 0
43900, 3721146, 1, 0, 0
44000, 2750173, 1, 0, 0
44100, 2774270, 1, 0, 0
44200, 2539136, 1, 0, 0
44301, 2474084, 1, 0, 0
44400, 2868810, 1, 0, 0
44500, 2467082, 1, 0, 0
44601, 2702407, 1, 0, 0
44700, 2807522, 1, 0, 0
44800, 2438409, 1, 0, 0
44900, 2680101, 1, 0, 0
45001, 2848383, 1, 0, 0
45101, 3725650, 1, 0, 0
45201, 2887247, 1, 0, 0
45300, 2629647, 1, 0, 0
45401, 2635068, 1, 0, 0
45500, 2777179, 1, 0, 0
45601, 3042302, 1, 0, 0
45700, 2778844, 1, 0, 0
45800, 3170724, 1, 0, 0
45901, 2851883, 1, 0, 0
46000, 2383676, 1, 0, 0
46101, 2570034, 1, 0, 0
46201, 2586682, 1, 0, 0
46300, 2570803, 1, 0, 0
46401, 3468034, 1, 0, 0
46502, 2500313, 1, 0, 0
46601, 2345020, 1, 0, 0
46700, 2905285, 1, 0, 0
46800, 2289922, 1, 0, 0
46901, 2817180, 1, 0, 0
47000, 2955285, 1, 0, 0
47101, 2561262, 1, 0, 0
47200, 2192435, 1, 0, 0
47301, 2601990, 1, 0, 0
47402, 3562296, 1, 0, 0
47501, 2430368, 1, 0, 0
47600, 2572692, 1, 0, 0
47702, 2926811, 1, 0, 0
47802, 2851314, 1, 0, 0
47901, 2568812, 1, 0, 0
48000, 4186496, 1, 0, 0
48100, 4236659, 1, 0, 0
48251, 3681325, 1, 0, 0
48412, 16415858, 1, 0, 0
48500, 6976632, 1, 0, 0
48601, 2891911, 1, 0, 0
48701, 2976502, 1, 0, 0
48800, 2364884, 1, 0, 0
48900, 3287715, 1, 0, 0
49000, 2411067, 1, 0, 0
49100, 2386062, 1, 0, 0
49201, 2532959, 1, 0, 0
49300, 3365536, 1, 0, 0
49401, 2638450, 1, 0, 0
49500, 2849466, 1, 0, 0
49600, 2565446, 1, 0, 0
49700, 2532215, 1, 0, 0
49801, 2526655, 1, 0, 0
49900, 2639356, 1, 0, 0
50000, 2174622, 1, 0, 0
50100, 2549650, 1, 0, 0
50201, 2434869, 1, 0, 0
50300, 2822595, 1, 0, 0
50401, 2451656, 1, 0, 0
50501, 2526509, 1, 0, 0
50600, 2601864, 1, 0, 0
50701, 3308163, 1, 0, 0
50800, 2487171, 1, 0, 0
50901, 3143109, 1, 0, 0
51000, 3161227, 1, 0, 0
51101, 3162427, 1, 0, 0
51200, 2337728, 1, 0, 0
51302, 3028596, 1, 0, 0
51401, 2772828, 1, 0, 0
51501, 2518874, 1, 0, 0
51600, 2773530, 1, 0, 0
51700, 3273667, 1, 0, 0
51801, 2595209, 1, 0, 0
51900, 2677146, 1, 0, 0
52000, 2678126, 1, 0, 0
52100, 2265696, 1, 0, 0
52201, 3267818, 1, 0, 0
52300, 3045003, 1, 0, 0
52400, 3481369, 1, 0, 0
52500, 3323317, 1, 0, 0
52600, 2561974, 1, 0, 0
52700, 2581222, 1, 0, 0
52801, 2268779, 1, 0, 0
52901, 2553689, 1, 0, 0
53000, 2829610, 1, 0, 0
53100, 2848532, 1, 0, 0
53202, 2219030, 1, 0, 0
53300, 2691752, 1, 0, 0
53401, 3089432, 1, 0, 0
53581, 4122878, 1, 0, 0
53601, 14973097, 1, 0, 0
53701, 2743498, 1, 0, 0
53801, 2355996, 1, 0, 0
53900, 2635651, 1, 0, 0
54000, 3259017, 1, 0, 0
54101, 2605952, 1, 0, 0
54201, 2925732, 1, 0, 0
54300, 2422724, 1, 0, 0
54400, 3491472, 1, 0, 0
54500, 2791910, 1, 0, 0
54600, 2372983, 1, 0, 0
54700, 2899999, 1, 0, 0
54800, 2164752, 1, 0, 0
54900, 3149315, 1, 0, 0
55001, 3535827, 1, 0, 0
55100, 2694261, 1, 0, 0
55201, 3674022, 1, 0, 0
55300, 2145289, 1, 0, 0
55400, 2437531, 1, 0, 0
55500, 3102641, 1, 0, 0
55600, 2699033, 1, 0, 0
55701, 2195050, 1, 0, 0
55801, 2363753, 1, 0, 0
55901, 2694856, 1, 0, 0
56001, 2793101, 1, 0, 0
56100, 2191096, 1, 0, 0
56200, 2286982, 1, 0, 0
56300, 2956920, 1, 0, 0
56401, 2381164, 1, 0, 0
56500, 2612891, 1, 0, 0
56600, 2669875, 1, 0, 0
56701, 2679362, 1, 0, 0
56801, 2743914, 1, 0, 0
56900, 2484907, 1, 0, 0
57008, 2843309, 1, 0, 0
57101, 2444772, 1, 0, 0
57200, 2263694, 1, 0, 0
57300, 2401498, 1, 0, 0
57401, 2607059, 1, 0, 0
57500, 2845719, 1, 0, 0
57601, 2754897, 1, 0, 0
57701, 2659766, 1, 0, 0
57800, 3157577, 1, 0, 0
57900, 2210507, 1, 0, 0
58000, 2074646, 1, 0, 0
58101, 2451732, 1, 0, 0
58200, 3304918, 1, 0, 0
58300, 2497183, 1, 0, 0
58400, 2713216, 1, 0, 0
58500, 2842592, 1, 0, 0
58600, 2841352, 1, 0, 0
58732, 3162899, 1, 0, 0
58801, 4073382, 1, 0, 0
58902, 2485568, 1, 0, 0
59001, 2275458, 1, 0, 0
59102, 3595813, 1, 0, 0
59201, 3352375, 1, 0, 0
59303, 2951212, 1, 0, 0
59400, 3303899, 1, 0, 0
59500, 2497119, 1, 0, 0
59602, 3474358, 1, 0, 0
59700, 2690631, 1, 0, 0
59800, 2749617, 1, 0, 0
59900, 2500596, 1, 0, 0
60000, 2487102, 1, 0, 0
60100, 2718794, 1, 0, 0
60202, 2410582, 1, 0, 0
60301, 2886533, 1, 0, 0
60400, 2857239, 1, 0, 0
60501, 2782454, 1, 0, 0
60601, 2686534, 1, 0, 0
60700, 2411807, 1, 0, 0
60801, 2531227, 1, 0, 0
60901, 2626421, 1, 0, 0
61001, 2926792, 1, 0, 0
61102, 3058248, 1, 0, 0
61200, 3295367, 1, 0, 0
61300, 2295119, 1, 0, 0
61400, 2722671, 1, 0, 0
61500, 2843160, 1, 0, 0
61600, 2531846, 1, 0, 0
61700, 2770783, 1, 0, 0
61801, 2672785, 1, 0, 0
61901, 2650038, 1, 0, 0
62001, 2658330, 1, 0, 0
62101, 2548728, 1, 0, 0
62201, 2245062, 1, 0, 0
62303, 4516960, 1, 0, 0
62400, 3120074, 1, 0, 0
62500, 2655152, 1, 0, 0
62601, 3106218, 1, 0, 0
62700, 3268755, 1, 0, 0
62800, 2568674, 1, 0, 0
62900, 2528817, 1, 0, 0
63002, 2530909, 1, 0, 0
63100, 3562609, 1, 0, 0
63201, 2668607, 1, 0, 0
63300, 2734789, 1, 0, 0
63400, 2877008, 1, 0, 0
63500, 2283824, 1, 0, 0
63601, 3606829, 1, 0, 0
63700, 2536581, 1, 0, 0
63819, 3184738, 1, 0, 0
63901, 4413377, 1, 0, 0
64000, 2505605, 1, 0, 0
64131, 2984592, 1, 0, 0
64200, 6144102, 1, 0, 0
64301, 2398599, 1, 0, 0
64400, 3175638, 1, 0, 0
64501, 2915096, 1, 0, 0
64601, 2483359, 1, 0, 0
64700, 3032861, 1, 0, 0
64800, 2923977, 1, 0, 0
64900, 3037496, 1, 0, 0
65001, 2877773, 1, 0, 0
65100, 2560818, 1, 0, 0
65200, 2601060, 1, 0, 0
65300, 2674533, 1, 0, 0
65402, 2566404, 1, 0, 0
65500, 2676106, 1, 0, 0
65600, 3036075, 1, 0, 0
65701, 2395325, 1, 0, 0
65800, 2761073, 1, 0, 0
65900, 2607402, 1, 0, 0
66001, 2260140, 1, 0, 0
66100, 2442365, 1, 0, 0
66201, 2856256, 1, 0, 0
66302, 2679687, 1, 0, 0
66418, 5715899, 1, 0, 0
66522, 4820685, 1, 0, 0
66602, 3557013, 1, 0, 0
66701, 2331781, 1, 0, 0
66803, 2334486, 1, 0, 0
66900, 3643716, 1, 0, 0
67000, 2660480, 1, 0, 0
67100, 2404142, 1, 0, 0
67201, 2918722, 1, 0, 0
67302, 3574012, 1, 0, 0
67400, 2606655, 1, 0, 0
67500, 2659001, 1, 0, 0
67600, 2396966, 1, 0, 0
67708, 2609448, 1, 0, 0
67801, 2976222, 1, 0, 0
67900, 2842097, 1, 0, 0
68001, 2856174, 1, 0, 0
68100, 2328110, 1, 0, 0
68201, 2559953, 1, 0, 0
68300, 2472800, 1, 0, 0
68403, 3452076, 1, 0, 0
68501, 2756419, 1, 0, 0
68601, 2355377, 1, 0, 0
68701, 2342684, 1, 0, 0
68801, 2410905, 1, 0, 0
68900, 3089972, 1, 0, 0
69000, 3128288, 1, 0, 0
69100, 2208481, 1, 0, 0
69200, 2794884, 1, 0, 0
69300, 2787647, 1, 0, 0
69400, 3996984, 1, 0, 0
69500, 3579088, 1, 0, 0
69600, 2931765, 1, 0, 0
69700, 3015311, 1, 0, 0
69800, 2803237, 1, 0, 0
69900, 2695058, 1, 0, 0
70000, 2608973, 1, 0, 0
70100, 3310372, 1, 0, 0
70200, 2652887, 1, 0, 0
70301, 2240638, 1, 0, 0
70401, 2239884, 1, 0, 0
70500, 2902064, 1, 0, 0
70601, 2523911, 1, 0, 0
70701, 2662230, 1, 0, 0
70801, 2613356, 1, 0, 0
70915, 3235434, 1, 0, 0
71002, 3778140, 1, 0, 0
71101, 2962113, 1, 0, 0
71202, 2915063, 1, 0, 0
71300, 3213018, 1, 0, 0
71401, 2616893, 1, 0, 0
71500, 2587336, 1, 0, 0
71600, 2343096, 1, 0, 0
71701, 3037296, 1, 0, 0
71800, 2447364, 1, 0, 0
71900, 2545753, 1, 0, 0
72001, 3327114, 1, 0, 0
72102, 2790962, 1, 0, 0
72200, 2828567, 1, 0, 0
72301, 2280085, 1, 0, 0
72400, 2392962, 1, 0, 0
72503, 4258272, 1, 0, 0
72601, 3043208, 1, 0, 0
72700, 2499274, 1, 0, 0
72800, 3849892, 1, 0, 0
72900, 2587475, 1, 0, 0
73000, 2385365, 1, 0, 0
73100, 2702306, 1, 0, 0
73201, 2391633, 1, 0, 0
73301, 2526275, 1, 0, 0
73400, 3043398, 1, 0, 0
73500, 2771762, 1, 0, 0
73601, 3084280, 1, 0, 0
73700, 2612697, 1, 0, 0
73801, 2256748, 1, 0, 0
73900, 2635400, 1, 0, 0
74000, 3043962, 1, 0, 0
74100, 3320087, 1, 0, 0
74201, 2567755, 1, 0, 0
74300, 2652733, 1, 0, 0
74401, 3306621, 1, 0, 0
74500, 3926658, 1, 0, 0
74602, 3384373, 1, 0, 0
74700, 2740225, 1, 0, 0
74801, 2496801, 1, 0, 0
74901, 2970329, 1, 0, 0
75001, 3514180, 1, 0, 0
75102, 3311458, 1, 0, 0
75203, 3558309, 1, 0, 0
75300, 2300128, 1, 0, 0
75401, 2473205, 1, 0, 0
75505, 3678767, 1, 0, 0
75601, 3206920, 1, 0, 0
75701, 2704945, 1, 0, 0
75800, 2938237, 1, 0, 0
75901, 2258288, 1, 0, 0
76000, 2463139, 1, 0, 0
76101, 2995836, 1, 0, 0
76201, 2680064, 1, 0, 0
76301, 2145874, 1, 0, 0
76400, 2798524, 1, 0, 0
76500, 2826976, 1, 0, 0
76601, 2823339, 1, 0, 0
76700, 2205108, 1, 0, 0
76801, 2354848, 1, 0, 0
76901, 2327207, 1, 0, 0
77000, 2768860, 1, 0, 0
77100, 2664713, 1, 0, 0
77200, 3132241, 1, 0, 0
77300, 2846264, 1, 0, 0
77400, 2780070, 1, 0, 0
77500, 2950582, 1, 0, 0
77600, 2881388, 1, 0, 0
77703, 2475583, 1, 0, 0
77801, 3966803, 1, 0, 0
77900, 3318268, 1, 0, 0
78000, 4244709, 1, 0, 0
78100, 2925634, 1, 0, 0
78200, 3134656, 1, 0, 0
78303, 2750421, 1, 0, 0
78401, 2376930, 1, 0, 0
78500, 2482564, 1, 0, 0
78621, 2393505, 1, 0, 0
78700, 3162981, 1, 0, 0
78800, 2458040, 1, 0, 0
78900, 3018983, 1, 0, 0
79002, 3690101, 1, 0, 0
79100, 2856491, 1, 0, 0
79201, 2511794, 1, 0, 0
79300, 2352056, 1, 0, 0
79400, 2381182, 1, 0, 0
79501, 2460501, 1, 0, 0
79601, 2115458, 1, 0, 0
79700, 2421653, 1, 0, 0
79801, 2762161, 1, 0, 0
79900, 2522542, 1, 0, 0
80001, 2828455, 1, 0, 0
80100, 2635514, 1, 0, 0
80201, 2635407, 1, 0, 0
80301, 2297047, 1, 0, 0
80400, 2704329, 1, 0, 0
80501, 2860685, 1, 0, 0
80600, 2883284, 1, 0, 0
80700, 2718582, 1, 0, 0
80800, 2372117, 1, 0, 0
80901, 2861829, 1, 0, 0
81004, 2621215, 1, 0, 0
81101, 3227205, 1, 0, 0
81200, 2790959, 1, 0, 0
81300, 3021085, 1, 0, 0
81400, 2603547, 1, 0, 0
81501, 2675747, 1, 0, 0
81600, 2643331, 1, 0, 0
81700, 2752795, 1, 0, 0
81800, 2222587, 1, 0, 0
81900, 2857582, 1, 0, 0
82002, 2976720, 1, 0, 0
82100, 4038754, 1, 0, 0
82200, 2619122, 1, 0, 0
82300, 2411923, 1, 0, 0
82400, 2426389, 1, 0, 0
82502, 2802982, 1, 0, 0
82601, 3142127, 1, 0, 0
82700, 2624021, 1, 0, 0
82800, 3081445, 1, 0, 0
82900, 2965043, 1, 0, 0
83000, 2536167, 1, 0, 0
83100, 2615719, 1, 0, 0
83200, 2247387, 1, 0, 0
83300, 2470170, 1, 0, 0
83400, 2722991, 1, 0, 0
83502, 3110764, 1, 0, 0
83600, 2443926, 1, 0, 0
83700, 2346468, 1, 0, 0
83800, 3042214, 1, 0, 0
83902, 2345875, 1, 0, 0
84001, 2521081, 1, 0, 0
84101, 2676486, 1, 0, 0
84202, 2338292, 1, 0, 0
84301, 3096239, 1, 0, 0
84401, 2845958, 1, 0, 0
84501, 2666437, 1, 0, 0
84601, 2295555, 1, 0, 0
84700, 2665451, 1, 0, 0
84800, 2741478, 1, 0, 0
84900, 2574998, 1, 0, 0
85000, 2983957, 1, 0, 0
85102, 2765650, 1, 0, 0
85200, 2389402, 1, 0, 0
85300, 3144970, 1, 0, 0
85400, 3374734, 1, 0, 0
85501, 2226400, 1, 0, 0
85600, 2735471, 1, 0, 0
85701, 3064063, 1, 0, 0
85801, 2662791, 1, 0, 0
85901, 3417428, 1, 0, 0
86009, 3562983, 1, 0, 0
86100, 3961570, 1, 0, 0
86201, 3659361, 1, 0, 0
86302, 2882901, 1, 0, 0
86400, 2977143, 1, 0, 0
86502, 2620962, 1, 0, 0
86602, 3280272, 1, 0, 0
86702, 2802649, 1, 0, 0
86800, 2594221, 1, 0, 0
86902, 2764418, 1, 0, 0
87001, 5584590, 1, 0, 0
87101, 2736063, 1, 0, 0
87200, 2788861, 1, 0, 0
87301, 2641418, 1, 0, 0
87401, 2580923, 1, 0, 0
87501, 2161954, 1, 0, 0
87600, 2558046, 1, 0, 0
87700, 2991409, 1, 0, 0
87800, 3371625, 1, 0, 0
87902, 3146724, 1, 0, 0
88001, 2592169, 1, 0, 0
88100, 3326338, 1, 0, 0
88200, 2636238, 1, 0, 0
88302, 3316620, 1, 0, 0
88408, 2490285, 1, 0, 0
88500, 2588132, 1, 0, 0
88601, 2702918, 1, 0, 0
88701, 2619625, 1, 0, 0
88800, 2261270, 1, 0, 0
88900, 2198187, 1, 0, 0
89000, 2790625, 1, 0, 0
89100, 1959646, 1, 0, 0
89201, 2560343, 1, 0, 0
89300, 3265735, 1, 0, 0
89403, 3025820, 1, 0, 0
89501, 3016451, 1, 0, 0
89600, 2336680, 1, 0, 0
89700, 2353534, 1, 0, 0
89800, 1557652, 1, 0, 0
89900, 1410908, 1, 0, 0
90000, 1236347, 1, 0, 0
90000, 2129420, 1, 0, 0
