250, 75264, 0, 0, 0
350, 97760, 0, 0, 0
450, 53120, 0, 0, 0
550, 44640, 0, 0, 0
650, 88480, 0, 0, 0
749, 55434, 0, 0, 0
849, 24000, 0, 0, 0
949, 33120, 0, 0, 0
1049, 48800, 0, 0, 0
1149, 63840, 0, 0, 0
1249, 39200, 0, 0, 0
1350, 16320, 0, 0, 0
1450, 13920, 0, 0, 0
1550, 12320, 0, 0, 0
1650, 16000, 0, 0, 0
1749, 72242, 0, 0, 0
1849, 48800, 0, 0, 0
1949, 50880, 0, 0, 0
2049, 52960, 0, 0, 0
2149, 68640, 0, 0, 0
2249, 24160, 0, 0, 0
2349, 44000, 0, 0, 0
2449, 62240, 0, 0, 0
2549, 38560, 0, 0, 0
2650, 54880, 0, 0, 0
2749, 86949, 0, 0, 0
2849, 65440, 0, 0, 0
2949, 51040, 0, 0, 0
3049, 88800, 0, 0, 0
3149, 73280, 0, 0, 0
3249, 85280, 0, 0, 0
3349, 80640, 0, 0, 0
3449, 63840, 0, 0, 0
3549, 57440, 0, 0, 0
3649, 77920, 0, 0, 0
3749, 76320, 0, 0, 0
3850, 58880, 0, 0, 0
3950, 60160, 0, 0, 0
4050, 29760, 0, 0, 0
4150, 94080, 0, 0, 0
4249, 66909, 0, 0, 0
4349, 93760, 0, 0, 0
4449, 27360, 0, 0, 0
4549, 55680, 0, 0, 0
4649, 37600, 0, 0, 0
4749, 38560, 0, 0, 0
4849, 23840, 0, 0, 0
4949, 20160, 0, 0, 0
5049, 92640, 0, 0, 0
5150, 55520, 0, 0, 0
5249, 66747, 0, 0, 0
5349, 55520, 0, 0, 0
5449, 49280, 0, 0, 0
5549, 75840, 0, 0, 0
5649, 80320, 0, 0, 0
5749, 45120, 0, 0, 0
5849, 55040, 0, 0, 0
5949, 35840, 0, 0, 0
6049, 77920, 0, 0, 0
6149, 112480, 0, 0, 0
6249, 78880, 0, 0, 0
6350, 73600, 0, 0, 0
6450, 97440, 0, 0, 0
6550, 73120, 0, 0, 0
6650, 67200, 0, 0, 0
6749, 62222, 0, 0, 0
6849, 55520, 0, 0, 0
6949, 35840, 0, 0, 0
7049, 55040, 0, 0, 0
7149, 98400, 0, 0, 0
7249, 49920, 0, 0, 0
7349, 76160, 0, 0, 0
7449, 66240, 0, 0, 0
7549, 51360, 0, 0, 0
7650, 83840, 0, 0, 0
7749, 90181, 0, 0, 0
7849, 83680, 0, 0, 0
7949, 70400, 0, 0, 0
8049, 88640, 0, 0, 0
8149, 61600, 0, 0, 0
8249, 50720, 0, 0, 0
8349, 85600, 0, 0, 0
8449, 57280, 0, 0, 0
8549, 44640, 0, 0, 0
8649, 38560, 0, 0, 0
8749, 120800, 0, 0, 0
8850, 28960, 0, 0, 0
8950, 44960, 0, 0, 0
9050, 79360, 0, 0, 0
9150, 76960, 0, 0, 0
9249, 81616, 0, 0, 0
9349, 64480, 0, 0, 0
9449, 25120, 0, 0, 0
9549, 64640, 0, 0, 0
9649, 45280, 0, 0, 0
9749, 60160, 0, 0, 0
9849, 43840, 0, 0, 0
9949, 28000, 0, 0, 0
10049, 32960, 0, 0, 0
10149, 55680, 0, 0, 0
10250, 70400, 0, 0, 0
10350, 50880, 0, 0, 0
10450, 58560, 0, 0, 0
10550, 19360, 0, 0, 0
10650, 34560, 0, 0, 0
10749, 75151, 0, 0, 0
10849, 60960, 0, 0, 0
10949, 43520, 0, 0, 0
11049, 30240, 0, 0, 0
11149, 42240, 0, 0, 0
11249, 56480, 0, 0, 0
11349, 85120, 0, 0, 0
11450, 66400, 0, 0, 0
11550, 53120, 0, 0, 0
11650, 55680, 0, 0, 0
11749, 54464, 0, 0, 0
11849, 89760, 0, 0, 0
11949, 87520, 0, 0, 0
12049, 55520, 0, 0, 0
12149, 81760, 0, 0, 0
12249, 72960, 0, 0, 0
12349, 48960, 0, 0, 0
12449, 92800, 0, 0, 0
12549, 68960, 0, 0, 0
12650, 48000, 0, 0, 0
12749, 88565, 0, 0, 0
12849, 45600, 0, 0, 0
12949, 67040, 0, 0, 0
13049, 68160, 0, 0, 0
13149, 69760, 0, 0, 0
13249, 59040, 0, 0, 0
13349, 61760, 0, 0, 0
13449, 63520, 0, 0, 0
13549, 78400, 0, 0, 0
13649, 67200, 0, 0, 0
13749, 80160, 0, 0, 0
13850, 100640, 0, 0, 0
13950, 33760, 0, 0, 0
14050, 30720, 0, 0, 0
14150, 77280, 0, 0, 0
14249, 38464, 0, 0, 0
14349, 93120, 0, 0, 0
14449, 72640, 0, 0, 0
14549, 56480, 0, 0, 0
14649, 38720, 0, 0, 0
14749, 79200, 0, 0, 0
14849, 32960, 0, 0, 0
14949, 55840, 0, 0, 0
15050, 56160, 0, 0, 0
15150, 39680, 0, 0, 0
15249, 13090, 0, 0, 0
15349, 38240, 0, 0, 0
15449, 49600, 0, 0, 0
15549, 80960, 0, 0, 0
15649, 85440, 0, 0, 0
15749, 66240, 0, 0, 0
15849, 52480, 0, 0, 0
15949, 69600, 0, 0, 0
16049, 62720, 0, 0, 0
16149, 86560, 0, 0, 0
16249, 39840, 0, 0, 0
16349, 77120, 0, 0, 0
16449, 54880, 0, 0, 0
16550, 61760, 0, 0, 0
16650, 57440, 0, 0, 0
16749, 79838, 0, 0, 0
16849, 81920, 0, 0, 0
16949, 64320, 0, 0, 0
17049, 42720, 0, 0, 0
17149, 53600, 0, 0, 0
17249, 52000, 0, 0, 0
17349, 44000, 0, 0, 0
17449, 36320, 0, 0, 0
17549, 24960, 0, 0, 0
17649, 23040, 0, 0, 0
17750, 14880, 0, 0, 0
17850, 56160, 0, 0, 0
17950, 40160, 0, 0, 0
18050, 57920, 0, 0, 0
18150, 67680, 0, 0, 0
18249, 73858, 0, 0, 0
18349, 46560, 0, 0, 0
18449, 15840, 0, 0, 0
18549, 23520, 0, 0, 0
18649, 76320, 0, 0, 0
18749, 76800, 0, 0, 0
18849, 77760, 0, 0, 0
18949, 63840, 0, 0, 0
19050, 63040, 0, 0, 0
19150, 107840, 0, 0, 0
19249, 114262, 0, 0, 0
19349, 37920, 0, 0, 0
19449, 73600, 0, 0, 0
19549, 92480, 0, 0, 0
19649, 79680, 0, 0, 0
19749, 22560, 0, 0, 0
19849, 72160, 0, 0, 0
19949, 82560, 0, 0, 0
20049, 47840, 0, 0, 0
20149, 70400, 0, 0, 0
20250, 72480, 0, 0, 0
20350, 96320, 0, 0, 0
20450, 112000, 0, 0, 0
20550, 73920, 0, 0, 0
20650, 81920, 0, 0, 0
20749, 80323, 0, 0, 0
20849, 50400, 0, 0, 0
20949, 28000, 0, 0, 0
21049, 91200, 0, 0, 0
21149, 47680, 0, 0, 0
21249, 69920, 0, 0, 0
21349, 74720, 0, 0, 0
21449, 56480, 0, 0, 0
21550, 44480, 0, 0, 0
21650, 37120, 0, 0, 0
21749, 57373, 0, 0, 0
21849, 56000, 0, 0, 0
21949, 66080, 0, 0, 0
22049, 83520, 0, 0, 0
22149, 68000, 0, 0, 0
22249, 46080, 0, 0, 0
22349, 52480, 0, 0, 0
22449, 68960, 0, 0, 0
22549, 48480, 0, 0, 0
22649, 50560, 0, 0, 0
22750, 22240, 0, 0, 0
22850, 26880, 0, 0, 0
22950, 24480, 0, 0, 0
23050, 41440, 0, 0, 0
23150, 60000, 0, 0, 0
23249, 52040, 0, 0, 0
23349, 59200, 0, 0, 0
23449, 80640, 0, 0, 0
23549, 85920, 0, 0, 0
23649, 85120, 0, 0, 0
23749, 36160, 0, 0, 0
23849, 60160, 0, 0, 0
23949, 36800, 0, 0, 0
24050, 65760, 0, 0, 0
24150, 72480, 0, 0, 0
24249, 48000, 0, 0, 0
24349, 50400, 0, 0, 0
24449, 44000, 0, 0, 0
24549, 61760, 0, 0, 0
24649, 73440, 0, 0, 0
24749, 27680, 0, 0, 0
24849, 30720, 0, 0, 0
24949, 68800, 0, 0, 0
25049, 102720, 0, 0, 0
25149, 59200, 0, 0, 0
25250, 47840, 0, 0, 0
25350, 76480, 0, 0, 0
25450, 103840, 0, 0, 0
25550, 62880, 0, 0, 0
25650, 56480, 0, 0, 0
25749, 59959, 0, 0, 0
25849, 77440, 0, 0, 0
25949, 81120, 0, 0, 0
26049, 77120, 0, 0, 0
26149, 80800, 0, 0, 0
26249, 30560, 0, 0, 0
26349, 35360, 0, 0, 0
26449, 58240, 0, 0, 0
26550, 83200, 0, 0, 0
26650, 60800, 0, 0, 0
26749, 63191, 0, 0, 0
26849, 48960, 0, 0, 0
26949, 97120, 0, 0, 0
27049, 96960, 0, 0, 0
27149, 103200, 0, 0, 0
27249, 54560, 0, 0, 0
27349, 57920, 0, 0, 0
27449, 45600, 0, 0, 0
27549, 50720, 0, 0, 0
27649, 81440, 0, 0, 0
27750, 39840, 0, 0, 0
27850, 62560, 0, 0, 0
27950, 51200, 0, 0, 0
28050, 93440, 0, 0, 0
28150, 64160, 0, 0, 0
28249, 44282, 0, 0, 0
28349, 25920, 0, 0, 0
28449, 82080, 0, 0, 0
28549, 57920, 0, 0, 0
28649, 32800, 0, 0, 0
28749, 67840, 0, 0, 0
28849, 95840, 0, 0, 0
28949, 84000, 0, 0, 0
29050, 61280, 0, 0, 0
29150, 23520, 0, 0, 0
29249, 25373, 0, 0, 0
29349, 55200, 0, 0, 0
29449, 63360, 0, 0, 0
29549, 37920, 0, 0, 0
29649, 40480, 0, 0, 0
29749, 43040, 0, 0, 0
29849, 24160, 0, 0, 0
29949, 31200, 0, 0, 0
30049, 96160, 0, 0, 0
30149, 85760, 0, 0, 0
30250, 63360, 0, 0, 0
30350, 24640, 0, 0, 0
30450, 45120, 0, 0, 0
30550, 65440, 0, 0, 0
30650, 68480, 0, 0, 0
30749, 93414, 0, 0, 0
30849, 52640, 0, 0, 0
30949, 69120, 0, 0, 0
31049, 71200, 0, 0, 0
31149, 38720, 0, 0, 0
31249, 27040, 0, 0, 0
31349, 61600, 0, 0, 0
31449, 29920, 0, 0, 0
31550, 28320, 0, 0, 0
31650, 53920, 0, 0, 0
31749, 75313, 0, 0, 0
31849, 87520, 0, 0, 0
31949, 54720, 0, 0, 0
32049, 69440, 0, 0, 0
32149, 52160, 0, 0, 0
32249, 94720, 0, 0, 0
32349, 77600, 0, 0, 0
32449, 75040, 0, 0, 0
32549, 80000, 0, 0, 0
32649, 55840, 0, 0, 0
32750, 64960, 0, 0, 0
32850, 87680, 0, 0, 0
32950, 42080, 0, 0, 0
33050, 78240, 0, 0, 0
33150, 77920, 0, 0, 0
33249, 84202, 0, 0, 0
33349, 44800, 0, 0, 0
33449, 29120, 0, 0, 0
33549, 40160, 0, 0, 0
33649, 33920, 0, 0, 0
33749, 37440, 0, 0, 0
33849, 53920, 0, 0, 0
33949, 45120, 0, 0, 0
34050, 94720, 0, 0, 0
34150, 107840, 0, 0, 0
34249, 51232, 0, 0, 0
34349, 13760, 0, 0, 0
34449, 15200, 0, 0, 0
34549, 36480, 0, 0, 0
34649, 52000, 0, 0, 0
34749, 50400, 0, 0, 0
34849, 55360, 0, 0, 0
34949, 67040, 0, 0, 0
35049, 69440, 0, 0, 0
35149, 68480, 0, 0, 0
35250, 66080, 0, 0, 0
35350, 46720, 0, 0, 0
35450, 37760, 0, 0, 0
35550, 106080, 0, 0, 0
35650, 91680, 0, 0, 0
35749, 62383, 0, 0, 0
35849, 68160, 0, 0, 0
35949, 78400, 0, 0, 0
36049, 77760, 0, 0, 0
36149, 56800, 0, 0, 0
36249, 63360, 0, 0, 0
36349, 81440, 0, 0, 0
36449, 53920, 0, 0, 0
36550, 44960, 0, 0, 0
36650, 89280, 0, 0, 0
36749, 52525, 0, 0, 0
36849, 57760, 0, 0, 0
36949, 38880, 0, 0, 0
37049, 90080, 0, 0, 0
37149, 95200, 0, 0, 0
37249, 30560, 0, 0, 0
37349, 65760, 0, 0, 0
37449, 62560, 0, 0, 0
37549, 81760, 0, 0, 0
37649, 86080, 0, 0, 0
37750, 45440, 0, 0, 0
37850, 72640, 0, 0, 0
37950, 76160, 0, 0, 0
38050, 114400, 0, 0, 0
38150, 76800, 0, 0, 0
38249, 99232, 0, 0, 0
38349, 74240, 0, 0, 0
38449, 99840, 0, 0, 0
38549, 50880, 0, 0, 0
38649, 40000, 0, 0, 0
38749, 33440, 0, 0, 0
38849, 65120, 0, 0, 0
38949, 83840, 0, 0, 0
39050, 94240, 0, 0, 0
39150, 81600, 0, 0, 0
39249, 22141, 0, 0, 0
39349, 37920, 0, 0, 0
39449, 59680, 0, 0, 0
39549, 59840, 0, 0, 0
39649, 41760, 0, 0, 0
39749, 89440, 0, 0, 0
39849, 48800, 0, 0, 0
39949, 46720, 0, 0, 0
40049, 58400, 0, 0, 0
40149, 73920, 0, 0, 0
40250, 96640, 0, 0, 0
40350, 48320, 0, 0, 0
40450, 35840, 0, 0, 0
40550, 63680, 0, 0, 0
40650, 127360, 0, 0, 0
40749, 93252, 0, 0, 0
40849, 96160, 0, 0, 0
40949, 97280, 0, 0, 0
41049, 81280, 0, 0, 0
41149, 58080, 0, 0, 0
41249, 79840, 0, 0, 0
41349, 70400, 0, 0, 0
41449, 62400, 0, 0, 0
41550, 62400, 0, 0, 0
41650, 50080, 0, 0, 0
41749, 56888, 0, 0, 0
41849, 67360, 0, 0, 0
41949, 44320, 0, 0, 0
42049, 25120, 0, 0, 0
42149, 71360, 0, 0, 0
42249, 97280, 0, 0, 0
42349, 30080, 0, 0, 0
42449, 36640, 0, 0, 0
42549, 88960, 0, 0, 0
42649, 51840, 0, 0, 0
42750, 37280, 0, 0, 0
42850, 49920, 0, 0, 0
42950, 47360, 0, 0, 0
43050, 59840, 0, 0, 0
43150, 70720, 0, 0, 0
43249, 55272, 0, 0, 0
43349, 23200, 0, 0, 0
43449, 31040, 0, 0, 0
43549, 52320, 0, 0, 0
43649, 24320, 0, 0, 0
43749, 15040, 0, 0, 0
43849, 12800, 0, 0, 0
43949, 64320, 0, 0, 0
44050, 69440, 0, 0, 0
44150, 45440, 0, 0, 0
44249, 29737, 0, 0, 0
44349, 30080, 0, 0, 0
44449, 58880, 0, 0, 0
44549, 105280, 0, 0, 0
44649, 49920, 0, 0, 0
44749, 72160, 0, 0, 0
44849, 62560, 0, 0, 0
44949, 78080, 0, 0, 0
45049, 52160, 0, 0, 0
45149, 58240, 0, 0, 0
45250, 76640, 0, 0, 0
45350, 45600, 0, 0, 0
45450, 61920, 0, 0, 0
45550, 52640, 0, 0, 0
45650, 59520, 0, 0, 0
45749, 57212, 0, 0, 0
45849, 64320, 0, 0, 0
45949, 83840, 0, 0, 0
46049, 24320, 0, 0, 0
46149, 40640, 0, 0, 0
46249, 63200, 0, 0, 0
46349, 38240, 0, 0, 0
46449, 22240, 0, 0, 0
46550, 27360, 0, 0, 0
46650, 24640, 0, 0, 0
46749, 64161, 0, 0, 0
46849, 28960, 0, 0, 0
46949, 36960, 0, 0, 0
47049, 48800, 0, 0, 0
47149, 84480, 0, 0, 0
47249, 51200, 0, 0, 0
47349, 57440, 0, 0, 0
47449, 71200, 0, 0, 0
47549, 38560, 0, 0, 0
47649, 71200, 0, 0, 0
47749, 85920, 0, 0, 0
47850, 81120, 0, 0, 0
47950, 55360, 0, 0, 0
48050, 71360, 0, 0, 0
48150, 106080, 0, 0, 0
48249, 89535, 0, 0, 0
48349, 71680, 0, 0, 0
48449, 84800, 0, 0, 0
48549, 40640, 0, 0, 0
48649, 28640, 0, 0, 0
48749, 82240, 0, 0, 0
48849, 39040, 0, 0, 0
48949, 76960, 0, 0, 0
49050, 78400, 0, 0, 0
49150, 54720, 0, 0, 0
49249, 26181, 0, 0, 0
49349, 57440, 0, 0, 0
49449, 91680, 0, 0, 0
49549, 73120, 0, 0, 0
49649, 30720, 0, 0, 0
49749, 70720, 0, 0, 0
49849, 58400, 0, 0, 0
49949, 61440, 0, 0, 0
50049, 56320, 0, 0, 0
50149, 88800, 0, 0, 0
50249, 51680, 0, 0, 0
50349, 21120, 0, 0, 0
50450, 30400, 0, 0, 0
50550, 38240, 0, 0, 0
50650, 85280, 0, 0, 0
50749, 84525, 0, 0, 0
50849, 57440, 0, 0, 0
50949, 38880, 0, 0, 0
51049, 64640, 0, 0, 0
51149, 38080, 0, 0, 0
51249, 35200, 0, 0, 0
51349, 56800, 0, 0, 0
51449, 56480, 0, 0, 0
51549, 24480, 0, 0, 0
51650, 70880, 0, 0, 0
51750, 48320, 0, 0, 0
51850, 72800, 0, 0, 0
51950, 82080, 0, 0, 0
52050, 58080, 0, 0, 0
52150, 68000, 0, 0, 0
52249, 73696, 0, 0, 0
52349, 59360, 0, 0, 0
52449, 30560, 0, 0, 0
52549, 39040, 0, 0, 0
52649, 65920, 0, 0, 0
52749, 65600, 0, 0, 0
52850, 99520, 0, 0, 0
52950, 31520, 0, 0, 0
53050, 56480, 0, 0, 0
53150, 66080, 0, 0, 0
53249, 35070, 0, 0, 0
53349, 39680, 0, 0, 0
53449, 79040, 0, 0, 0
53549, 68800, 0, 0, 0
53649, 102240, 0, 0, 0
53749, 84640, 0, 0, 0
53849, 82880, 0, 0, 0
53949, 60160, 0, 0, 0
54049, 34400, 0, 0, 0
54150, 81120, 0, 0, 0
54249, 65777, 0, 0, 0
54349, 61120, 0, 0, 0
54449, 32480, 0, 0, 0
54549, 62400, 0, 0, 0
54649, 15520, 0, 0, 0
54749, 21760, 0, 0, 0
54849, 58240, 0, 0, 0
54949, 71040, 0, 0, 0
55049, 89760, 0, 0, 0
55149, 44800, 0, 0, 0
55249, 88000, 0, 0, 0
55349, 24480, 0, 0, 0
55450, 45760, 0, 0, 0
55550, 53440, 0, 0, 0
55650, 45760, 0, 0, 0
55749, 72888, 0, 0, 0
55849, 38080, 0, 0, 0
55949, 68960, 0, 0, 0
56049, 76640, 0, 0, 0
56149, 92160, 0, 0, 0
56249, 58720, 0, 0, 0
56349, 76960, 0, 0, 0
56449, 41440, 0, 0, 0
56549, 61600, 0, 0, 0
56649, 45600, 0, 0, 0
56750, 51520, 0, 0, 0
56850, 52960, 0, 0, 0
56950, 80640, 0, 0, 0
57050, 42400, 0, 0, 0
57150, 53280, 0, 0, 0
57249, 67232, 0, 0, 0
57349, 79680, 0, 0, 0
57449, 33920, 0, 0, 0
57549, 56000, 0, 0, 0
57649, 33920, 0, 0, 0
57749, 35040, 0, 0, 0
57850, 55040, 0, 0, 0
57950, 79200, 0, 0, 0
58050, 86400, 0, 0, 0
58150, 80480, 0, 0, 0
58249, 76767, 0, 0, 0
58349, 52320, 0, 0, 0
58449, 46240, 0, 0, 0
58549, 63040, 0, 0, 0
58649, 79360, 0, 0, 0
58749, 65600, 0, 0, 0
58849, 66080, 0, 0, 0
58949, 22400, 0, 0, 0
59050, 33440, 0, 0, 0
59150, 55040, 0, 0, 0
59249, 63191, 0, 0, 0
59349, 72960, 0, 0, 0
59449, 47520, 0, 0, 0
59549, 40800, 0, 0, 0
59649, 38560, 0, 0, 0
59749, 35200, 0, 0, 0
59849, 80960, 0, 0, 0
59949, 63840, 0, 0, 0
60049, 68480, 0, 0, 0
60149, 70240, 0, 0, 0
60249, 60160, 0, 0, 0
60349, 69440, 0, 0, 0
60450, 70720, 0, 0, 0
60550, 76800, 0, 0, 0
60650, 68640, 0, 0, 0
60749, 37979, 0, 0, 0
60849, 57440, 0, 0, 0
60949, 33440, 0, 0, 0
61049, 51680, 0, 0, 0
61149, 75360, 0, 0, 0
61249, 69120, 0, 0, 0
61349, 61600, 0, 0, 0
61449, 57920, 0, 0, 0
61549, 55520, 0, 0, 0
61650, 52800, 0, 0, 0
61750, 73760, 0, 0, 0
61850, 50080, 0, 0, 0
61950, 36160, 0, 0, 0
62050, 68480, 0, 0, 0
62150, 58880, 0, 0, 0
62249, 73696, 0, 0, 0
62349, 41760, 0, 0, 0
62449, 61280, 0, 0, 0
62549, 37760, 0, 0, 0
62649, 47680, 0, 0, 0
62749, 71840, 0, 0, 0
62850, 39840, 0, 0, 0
62950, 69280, 0, 0, 0
63050, 55200, 0, 0, 0
63150, 55040, 0, 0, 0
63249, 53333, 0, 0, 0
63349, 59200, 0, 0, 0
63449, 34880, 0, 0, 0
63549, 56800, 0, 0, 0
63649, 76960, 0, 0, 0
63749, 76800, 0, 0, 0
63849, 59520, 0, 0, 0
63949, 58400, 0, 0, 0
64049, 45440, 0, 0, 0
64150, 75520, 0, 0, 0
64249, 73050, 0, 0, 0
64349, 28480, 0, 0, 0
64449, 15200, 0, 0, 0
64549, 13920, 0, 0, 0
64649, 13280, 0, 0, 0
64749, 17920, 0, 0, 0
64849, 22560, 0, 0, 0
64949, 47200, 0, 0, 0
65049, 71360, 0, 0, 0
65149, 65760, 0, 0, 0
65249, 69440, 0, 0, 0
65349, 86880, 0, 0, 0
65450, 41440, 0, 0, 0
65550, 54240, 0, 0, 0
65650, 60960, 0, 0, 0
65749, 56565, 0, 0, 0
65849, 76960, 0, 0, 0
65949, 71360, 0, 0, 0
66049, 73440, 0, 0, 0
66149, 73760, 0, 0, 0
66249, 66560, 0, 0, 0
66349, 59680, 0, 0, 0
66449, 28480, 0, 0, 0
66549, 59040, 0, 0, 0
66649, 87680, 0, 0, 0
66750, 64160, 0, 0, 0
66850, 30240, 0, 0, 0
66950, 61760, 0, 0, 0
67050, 60160, 0, 0, 0
67150, 69920, 0, 0, 0
67249, 48484, 0, 0, 0
67349, 58400, 0, 0, 0
67449, 47360, 0, 0, 0
67549, 67520, 0, 0, 0
67649, 25600, 0, 0, 0
67749, 34720, 0, 0, 0
67849, 34560, 0, 0, 0
67949, 23840, 0, 0, 0
68050, 83680, 0, 0, 0
68150, 89120, 0, 0, 0
68249, 46707, 0, 0, 0
68349, 36000, 0, 0, 0
68449, 25600, 0, 0, 0
68549, 50880, 0, 0, 0
68649, 56480, 0, 0, 0
68749, 99520, 0, 0, 0
68849, 70880, 0, 0, 0
68949, 43680, 0, 0, 0
69049, 51840, 0, 0, 0
69149, 88960, 0, 0, 0
69250, 59360, 0, 0, 0
69350, 37440, 0, 0, 0
69450, 60000, 0, 0, 0
69550, 52640, 0, 0, 0
69650, 52480, 0, 0, 0
69749, 42181, 0, 0, 0
69849, 42720, 0, 0, 0
69949, 68160, 0, 0, 0
70049, 78080, 0, 0, 0
70149, 23040, 0, 0, 0
70249, 20960, 0, 0, 0
70350, 40640, 0, 0, 0
70450, 68960, 0, 0, 0
70550, 91520, 0, 0, 0
70650, 105440, 0, 0, 0
70749, 42343, 0, 0, 0
70849, 57920, 0, 0, 0
70949, 28480, 0, 0, 0
71049, 35360, 0, 0, 0
71149, 59200, 0, 0, 0
71249, 26240, 0, 0, 0
71349, 44800, 0, 0, 0
71449, 41920, 0, 0, 0
71549, 76800, 0, 0, 0
71649, 52960, 0, 0, 0
71750, 58880, 0, 0, 0
71850, 61440, 0, 0, 0
71950, 48160, 0, 0, 0
72050, 30240, 0, 0, 0
72150, 64000, 0, 0, 0
72249, 82262, 0, 0, 0
72349, 27360, 0, 0, 0
72449, 54880, 0, 0, 0
72549, 87360, 0, 0, 0
72649, 78720, 0, 0, 0
72749, 52160, 0, 0, 0
72849, 71680, 0, 0, 0
72950, 85920, 0, 0, 0
73050, 36160, 0, 0, 0
73150, 37600, 0, 0, 0
73249, 63676, 0, 0, 0
73349, 76960, 0, 0, 0
73449, 39200, 0, 0, 0
73549, 82880, 0, 0, 0
73649, 64480, 0, 0, 0
73749, 73920, 0, 0, 0
73849, 88320, 0, 0, 0
73949, 53600, 0, 0, 0
74049, 64320, 0, 0, 0
74149, 57760, 0, 0, 0
74250, 66240, 0, 0, 0
74350, 53120, 0, 0, 0
74450, 43040, 0, 0, 0
74550, 70240, 0, 0, 0
74650, 32160, 0, 0, 0
74749, 51878, 0, 0, 0
74849, 66720, 0, 0, 0
74949, 75520, 0, 0, 0
75049, 70400, 0, 0, 0
75149, 40160, 0, 0, 0
75249, 32320, 0, 0, 0
75349, 65920, 0, 0, 0
75450, 46240, 0, 0, 0
75550, 91040, 0, 0, 0
75650, 68960, 0, 0, 0
75749, 79030, 0, 0, 0
75849, 70240, 0, 0, 0
75949, 82240, 0, 0, 0
76049, 100160, 0, 0, 0
76149, 58880, 0, 0, 0
76249, 63520, 0, 0, 0
76349, 35840, 0, 0, 0
76449, 37280, 0, 0, 0
76549, 65600, 0, 0, 0
76649, 71520, 0, 0, 0
76750, 43680, 0, 0, 0
76850, 62080, 0, 0, 0
76950, 56960, 0, 0, 0
77050, 78240, 0, 0, 0
77150, 80160, 0, 0, 0
77249, 86626, 0, 0, 0
77349, 52960, 0, 0, 0
77449, 54240, 0, 0, 0
77549, 79360, 0, 0, 0
77649, 94560, 0, 0, 0
77749, 40960, 0, 0, 0
77849, 58400, 0, 0, 0
77950, 74560, 0, 0, 0
78050, 52480, 0, 0, 0
78150, 61440, 0, 0, 0
78249, 37656, 0, 0, 0
78349, 52640, 0, 0, 0
78449, 89280, 0, 0, 0
78549, 69440, 0, 0, 0
78649, 66240, 0, 0, 0
78749, 55680, 0, 0, 0
78849, 64320, 0, 0, 0
78949, 82880, 0, 0, 0
79049, 42560, 0, 0, 0
79150, 48640, 0, 0, 0
79250, 106080, 0, 0, 0
79350, 105440, 0, 0, 0
79450, 95360, 0, 0, 0
79550, 38720, 0, 0, 0
79650, 19360, 0, 0, 0
79749, 19232, 0, 0, 0
79849, 19840, 0, 0, 0
79949, 35040, 0, 0, 0
80049, 51360, 0, 0, 0
80149, 73600, 0, 0, 0
80249, 54240, 0, 0, 0
80349, 92320, 0, 0, 0
80450, 61920, 0, 0, 0
80550, 54240, 0, 0, 0
80650, 42720, 0, 0, 0
80749, 51717, 0, 0, 0
80849, 35040, 0, 0, 0
80949, 44480, 0, 0, 0
81049, 61440, 0, 0, 0
81149, 39360, 0, 0, 0
81249, 53600, 0, 0, 0
81349, 54240, 0, 0, 0
81449, 92320, 0, 0, 0
81549, 73600, 0, 0, 0
81650, 41760, 0, 0, 0
81750, 22400, 0, 0, 0
81850, 74400, 0, 0, 0
81950, 42080, 0, 0, 0
82050, 78240, 0, 0, 0
82150, 62560, 0, 0, 0
82249, 63838, 0, 0, 0
82349, 66720, 0, 0, 0
82449, 48000, 0, 0, 0
82549, 76640, 0, 0, 0
82649, 77440, 0, 0, 0
82749, 62560, 0, 0, 0
82849, 76160, 0, 0, 0
82950, 86240, 0, 0, 0
83050, 30720, 0, 0, 0
83150, 84160, 0, 0, 0
83249, 72080, 0, 0, 0
83349, 82880, 0, 0, 0
83449, 51520, 0, 0, 0
83549, 63360, 0, 0, 0
83649, 55040, 0, 0, 0
83749, 57760, 0, 0, 0
83849, 94560, 0, 0, 0
83949, 61280, 0, 0, 0
84049, 60480, 0, 0, 0
84150, 77920, 0, 0, 0
84250, 75360, 0, 0, 0
84350, 45120, 0, 0, 0
84450, 25920, 0, 0, 0
84550, 41440, 0, 0, 0
84650, 93600, 0, 0, 0
84749, 30222, 0, 0, 0
84849, 52000, 0, 0, 0
84949, 20960, 0, 0, 0
85049, 23520, 0, 0, 0
85149, 93440, 0, 0, 0
85249, 42400, 0, 0, 0
85349, 42720, 0, 0, 0
85449, 112160, 0, 0, 0
85550, 79360, 0, 0, 0
85650, 38240, 0, 0, 0
85749, 83393, 0, 0, 0
85849, 75680, 0, 0, 0
85949, 79360, 0, 0, 0
86049, 86080, 0, 0, 0
86149, 85920, 0, 0, 0
86249, 56000, 0, 0, 0
86349, 49920, 0, 0, 0
86449, 51680, 0, 0, 0
86549, 58720, 0, 0, 0
86649, 29440, 0, 0, 0
86749, 59680, 0, 0, 0
86850, 69920, 0, 0, 0
86950, 76800, 0, 0, 0
87050, 34240, 0, 0, 0
87150, 64000, 0, 0, 0
87249, 61575, 0, 0, 0
87349, 32960, 0, 0, 0
87449, 47520, 0, 0, 0
87549, 89120, 0, 0, 0
87649, 63360, 0, 0, 0
87749, 62240, 0, 0, 0
87849, 82240, 0, 0, 0
87949, 53120, 0, 0, 0
88049, 68160, 0, 0, 0
88150, 48640, 0, 0, 0
88250, 51200, 0, 0, 0
88350, 49120, 0, 0, 0
88450, 92320, 0, 0, 0
88550, 34880, 0, 0, 0
88650, 48960, 0, 0, 0
88749, 53333, 0, 0, 0
88849, 99840, 0, 0, 0
88949, 79200, 0, 0, 0
89049, 84960, 0, 0, 0
89149, 58080, 0, 0, 0
89249, 25600, 0, 0, 0
89349, 57280, 0, 0, 0
89449, 57600, 0, 0, 0
89550, 92000, 0, 0, 0
89650, 67680, 0, 0, 0
89749, 59474, 0, 0, 0
89849, 55680, 0, 0, 0
89949, 47520, 0, 0, 0
