100, 1951681, 1, 0, 0
101, 965130, 0, 0, 0
200, 1850331, 1, 0, 0
200, 972229, 0, 0, 0
300, 910289, 0, 0, 0
301, 1940037, 1, 0, 0
400, 1866803, 1, 0, 0
403, 945891, 0, 0, 0
500, 958630, 0, 0, 0
500, 1916948, 1, 0, 0
600, 1937942, 1, 0, 0
602, 980521, 0, 0, 0
700, 961776, 0, 0, 0
700, 1927469, 1, 0, 0
800, 2013001, 1, 0, 0
800, 908751, 0, 0, 0
900, 1931047, 1, 0, 0
902, 928916, 0, 0, 0
1000, 954687, 0, 0, 0
1000, 2048745, 1, 0, 0
1100, 1920160, 1, 0, 0
1100, 927003, 0, 0, 0
1200, 944723, 0, 0, 0
1200, 1913675, 1, 0, 0
1300, 1877402, 1, 0, 0
1301, 959803, 0, 0, 0
1400, 1836874, 1, 0, 0
1402, 946003, 0, 0, 0
1500, 1049520, 0, 0, 0
1501, 1870200, 1, 0, 0
1600, 1967636, 1, 0, 0
1602, 1006466, 0, 0, 0
1700, 924690, 0, 0, 0
1700, 1988651, 1, 0, 0
1800, 941559, 0, 0, 0
1800, 1883676, 1, 0, 0
1900, 1027178, 0, 0, 0
1900, 1887005, 1, 0, 0
2000, 948056, 0, 0, 0
2000, 1830062, 1, 0, 0
2100, 981998, 0, 0, 0
2100, 1895126, 1, 0, 0
2200, 936832, 0, 0, 0
2200, 1854947, 1, 0, 0
2300, 1830016, 1, 0, 0
2301, 930136, 0, 0, 0
2426, 2063340, 1, 0, 0
2427, 911056, 0, 0, 0
2500, 2270263, 1, 0, 0
2501, 902458, 0, 0, 0
2600, 1788875, 1, 0, 0
2602, 959649, 0, 0, 0
2700, 932417, 0, 0, 0
2700, 1962291, 1, 0, 0
2800, 931642, 0, 0, 0
2800, 1772331, 1, 0, 0
2900, 937234, 0, 0, 0
2902, 1881808, 1, 0, 0
3000, 2039344, 1, 0, 0
3000, 916439, 0, 0, 0
3100, 1772279, 1, 0, 0
3100, 956228, 0, 0, 0
3200, 1902639, 1, 0, 0
3200, 902362, 0, 0, 0
3300, 1876898, 1, 0, 0
3300, 967352, 0, 0, 0
3400, 1831673, 1, 0, 0
3401, 974835, 0, 0, 0
3500, 951813, 0, 0, 0
3501, 1824821, 1, 0, 0
3600, 909175, 0, 0, 0
3600, 1882047, 1, 0, 0
3700, 972642, 0, 0, 0
3700, 1928377, 1, 0, 0
3800, 960033, 0, 0, 0
3801, 1878167, 1, 0, 0
3900, 1898036, 1, 0, 0
3904, 896568, 0, 0, 0
4000, 1881115, 1, 0, 0
4002, 969865, 0, 0, 0
4100, 1847709, 1, 0, 0
4100, 959166, 0, 0, 0
4200, 1777229, 1, 0, 0
4201, 1000802, 0, 0, 0
4300, 1010402, 0, 0, 0
4300, 1803987, 1, 0, 0
4400, 956213, 0, 0, 0
4400, 1813541, 1, 0, 0
4500, 941939, 0, 0, 0
4500, 1839797, 1, 0, 0
4600, 1858834, 1, 0, 0
4601, 906160, 0, 0, 0
4700, 1916224, 1, 0, 0
4701, 945475, 0, 0, 0
4800, 1880758, 1, 0, 0
4804, 895098, 0, 0, 0
4900, 1846075, 1, 0, 0
4901, 927035, 0, 0, 0
5000, 1832713, 1, 0, 0
5001, 965371, 0, 0, 0
5100, 1881184, 1, 0, 0
5100, 940246, 0, 0, 0
5200, 1809133, 1, 0, 0
5201, 917763, 0, 0, 0
5300, 1872293, 1, 0, 0
5302, 970089, 0, 0, 0
5400, 1843226, 1, 0, 0
5401, 995635, 0, 0, 0
5501, 1916853, 1, 0, 0
5501, 915916, 0, 0, 0
5600, 1834131, 1, 0, 0
5601, 897299, 0, 0, 0
5700, 1905083, 1, 0, 0
5704, 989879, 0, 0, 0
5800, 1880628, 1, 0, 0
5801, 957821, 0, 0, 0
5900, 943323, 0, 0, 0
5901, 1812936, 1, 0, 0
6000, 1846764, 1, 0, 0
6002, 945431, 0, 0, 0
6100, 1908838, 1, 0, 0
6101, 1012168, 0, 0, 0
6200, 1901583, 1, 0, 0
6203, 943928, 0, 0, 0
6300, 1914916, 1, 0, 0
6302, 992437, 0, 0, 0
6400, 936848, 0, 0, 0
6400, 1855660, 1, 0, 0
6500, 991431, 0, 0, 0
6501, 1849343, 1, 0, 0
6600, 1881808, 1, 0, 0
6601, 940582, 0, 0, 0
6700, 957795, 0, 0, 0
6701, 1847428, 1, 0, 0
6800, 1890248, 1, 0, 0
6802, 944220, 0, 0, 0
6900, 1874618, 1, 0, 0
6900, 925813, 0, 0, 0
7000, 1862667, 1, 0, 0
7001, 953557, 0, 0, 0
7100, 1906244, 1, 0, 0
7102, 912914, 0, 0, 0
7200, 1815765, 1, 0, 0
7203, 933815, 0, 0, 0
7300, 948863, 0, 0, 0
7301, 1795582, 1, 0, 0
7400, 1827975, 1, 0, 0
7405, 961994, 0, 0, 0
7500, 1854772, 1, 0, 0
7500, 992107, 0, 0, 0
7600, 1877625, 1, 0, 0
7600, 891919, 0, 0, 0
7700, 922975, 0, 0, 0
7700, 1810532, 1, 0, 0
7800, 1839432, 1, 0, 0
7800, 994530, 0, 0, 0
7900, 1867869, 1, 0, 0
7903, 916263, 0, 0, 0
8000, 1812390, 1, 0, 0
8001, 965252, 0, 0, 0
8100, 1851135, 1, 0, 0
8100, 997167, 0, 0, 0
8200, 1857639, 1, 0, 0
8200, 1036802, 0, 0, 0
8300, 1842931, 1, 0, 0
8302, 1006791, 0, 0, 0
8400, 1815463, 1, 0, 0
8401, 983716, 0, 0, 0
8500, 1011157, 0, 0, 0
8500, 1815326, 1, 0, 0
8600, 915903, 0, 0, 0
8600, 1906840, 1, 0, 0
8700, 969679, 0, 0, 0
8700, 1888507, 1, 0, 0
8800, 880869, 0, 0, 0
8800, 1783841, 1, 0, 0
8900, 1836381, 1, 0, 0
8901, 1057814, 0, 0, 0
9000, 1902011, 1, 0, 0
9000, 955624, 0, 0, 0
9100, 993949, 0, 0, 0
9101, 1892312, 1, 0, 0
9200, 1829884, 1, 0, 0
9201, 1009181, 0, 0, 0
9300, 1893454, 1, 0, 0
9301, 945495, 0, 0, 0
9400, 910439, 0, 0, 0
9400, 1771273, 1, 0, 0
9500, 1877058, 1, 0, 0
9500, 944075, 0, 0, 0
9600, 1826272, 1, 0, 0
9600, 986456, 0, 0, 0
9700, 1844317, 1, 0, 0
9701, 955645, 0, 0, 0
9800, 1881378, 1, 0, 0
9803, 954926, 0, 0, 0
9900, 1876045, 1, 0, 0
9900, 937383, 0, 0, 0
10000, 1031258, 0, 0, 0
10001, 1885872, 1, 0, 0
10101, 1917040, 1, 0, 0
10102, 941341, 0, 0, 0
10200, 2067636, 1, 0, 0
10201, 976483, 0, 0, 0
10300, 1816437, 1, 0, 0
10300, 986248, 0, 0, 0
10400, 1890716, 1, 0, 0
10400, 1003871, 0, 0, 0
10500, 1888817, 1, 0, 0
10507, 950648, 0, 0, 0
10600, 1990250, 1, 0, 0
10600, 914413, 0, 0, 0
10700, 978513, 0, 0, 0
10700, 1869912, 1, 0, 0
10800, 984887, 0, 0, 0
10800, 1873856, 1, 0, 0
10900, 959276, 0, 0, 0
10901, 1983085, 1, 0, 0
11000, 1051233, 0, 0, 0
11000, 1892843, 1, 0, 0
11100, 2281261, 1, 0, 0
11101, 897740, 0, 0, 0
11200, 1875130, 1, 0, 0
11200, 980740, 0, 0, 0
11300, 938437, 0, 0, 0
11300, 1871732, 1, 0, 0
11400, 1880704, 1, 0, 0
11402, 943150, 0, 0, 0
11500, 969731, 0, 0, 0
11500, 1885142, 1, 0, 0
11600, 1897367, 1, 0, 0
11602, 987097, 0, 0, 0
11700, 1859826, 1, 0, 0
11700, 1007851, 0, 0, 0
11800, 1905288, 1, 0, 0
11800, 1042578, 0, 0, 0
11900, 1797255, 1, 0, 0
11901, 1019116, 0, 0, 0
12000, 1882258, 1, 0, 0
12001, 979471, 0, 0, 0
12100, 2017603, 1, 0, 0
12101, 930778, 0, 0, 0
12200, 1736273, 0, 0, 0
12200, 2841234, 1, 0, 0
12300, 1692554, 1, 0, 0
12300, 913136, 0, 0, 0
12400, 1826777, 1, 0, 0
12401, 976067, 0, 0, 0
12500, 978317, 0, 0, 0
12500, 1867614, 1, 0, 0
12600, 1823678, 1, 0, 0
12600, 991238, 0, 0, 0
12701, 1846123, 1, 0, 0
12703, 976231, 0, 0, 0
12800, 2009702, 1, 0, 0
12801, 961698, 0, 0, 0
12900, 1898220, 1, 0, 0
12901, 983315, 0, 0, 0
13000, 1031250, 0, 0, 0
13000, 2012326, 1, 0, 0
13100, 1004124, 0, 0, 0
13100, 1904394, 1, 0, 0
13200, 1919862, 1, 0, 0
13200, 986294, 0, 0, 0
13300, 1885970, 1, 0, 0
13300, 989309, 0, 0, 0
13400, 1998975, 1, 0, 0
13403, 974556, 0, 0, 0
13500, 981496, 0, 0, 0
13501, 1927792, 1, 0, 0
13600, 1903364, 1, 0, 0
13600, 1006052, 0, 0, 0
13700, 1941902, 1, 0, 0
13701, 963963, 0, 0, 0
13800, 1802988, 1, 0, 0
13801, 1010029, 0, 0, 0
13900, 1868213, 1, 0, 0
13900, 967214, 0, 0, 0
14000, 2024365, 1, 0, 0
14000, 964484, 0, 0, 0
14100, 1957763, 1, 0, 0
14100, 919196, 0, 0, 0
14200, 1937968, 1, 0, 0
14200, 988845, 0, 0, 0
14300, 1978736, 1, 0, 0
14302, 1244494, 0, 0, 0
14400, 1910691, 1, 0, 0
14401, 984855, 0, 0, 0
14500, 1883531, 1, 0, 0
14500, 951695, 0, 0, 0
14600, 933110, 0, 0, 0
14600, 1949324, 1, 0, 0
14700, 2137588, 1, 0, 0
14701, 1113109, 0, 0, 0
14800, 1877893, 1, 0, 0
14801, 974919, 0, 0, 0
14900, 1882277, 1, 0, 0
14900, 943792, 0, 0, 0
15000, 1844951, 1, 0, 0
15001, 919135, 0, 0, 0
15100, 1961537, 1, 0, 0
15101, 975107, 0, 0, 0
15201, 936979, 0, 0, 0
15201, 1944419, 1, 0, 0
15300, 920398, 0, 0, 0
15300, 1898769, 1, 0, 0
15400, 1895619, 1, 0, 0
15402, 968427, 0, 0, 0
15500, 1971011, 1, 0, 0
15500, 965393, 0, 0, 0
15600, 1931756, 1, 0, 0
15603, 1125577, 0, 0, 0
15701, 1946898, 1, 0, 0
15703, 954225, 0, 0, 0
15800, 1932539, 1, 0, 0
15800, 1010423, 0, 0, 0
15900, 999119, 0, 0, 0
15900, 1938892, 1, 0, 0
16000, 1996545, 1, 0, 0
16001, 977639, 0, 0, 0
16100, 1913248, 1, 0, 0
16102, 1092285, 0, 0, 0
16201, 1909693, 1, 0, 0
16202, 1003397, 0, 0, 0
16300, 1940661, 1, 0, 0
16301, 1021868, 0, 0, 0
16400, 1900734, 1, 0, 0
16404, 1067136, 0, 0, 0
16500, 972715, 0, 0, 0
16500, 1937547, 1, 0, 0
16600, 937888, 0, 0, 0
16600, 1883271, 1, 0, 0
16700, 1881776, 1, 0, 0
16702, 956288, 0, 0, 0
16800, 1941883, 1, 0, 0
16807, 1011556, 0, 0, 0
16900, 1882603, 1, 0, 0
16905, 987219, 0, 0, 0
17000, 1901019, 1, 0, 0
17001, 928041, 0, 0, 0
17100, 918804, 0, 0, 0
17101, 1888309, 1, 0, 0
17200, 1015632, 0, 0, 0
17200, 1953312, 1, 0, 0
17300, 1898083, 1, 0, 0
17300, 891131, 0, 0, 0
17400, 1931845, 1, 0, 0
17401, 1002915, 0, 0, 0
17500, 1881309, 1, 0, 0
17505, 1008852, 0, 0, 0
17600, 939048, 0, 0, 0
17600, 1869521, 1, 0, 0
17700, 1026108, 0, 0, 0
17700, 1892125, 1, 0, 0
17800, 1098862, 0, 0, 0
17800, 1966932, 1, 0, 0
17900, 960471, 0, 0, 0
17900, 1914898, 1, 0, 0
18000, 1876651, 1, 0, 0
18005, 986766, 0, 0, 0
18100, 1868294, 1, 0, 0
18106, 1037887, 0, 0, 0
18200, 1960178, 1, 0, 0
18200, 1033864, 0, 0, 0
18300, 1922733, 1, 0, 0
18300, 1052029, 0, 0, 0
18400, 1010501, 0, 0, 0
18400, 2131025, 1, 0, 0
18500, 1877370, 1, 0, 0
18500, 991163, 0, 0, 0
18600, 1846163, 1, 0, 0
18600, 959724, 0, 0, 0
18700, 1997491, 1, 0, 0
18703, 1003976, 0, 0, 0
18800, 1974548, 1, 0, 0
18800, 1033712, 0, 0, 0
18900, 1978721, 1, 0, 0
18900, 954374, 0, 0, 0
19000, 1969071, 1, 0, 0
19000, 997268, 0, 0, 0
19100, 2076639, 1, 0, 0
19102, 976713, 0, 0, 0
19200, 917140, 0, 0, 0
19200, 2158996, 1, 0, 0
19300, 926819, 0, 0, 0
19300, 2134675, 1, 0, 0
19400, 1975229, 1, 0, 0
19400, 968132, 0, 0, 0
19500, 969347, 0, 0, 0
19500, 1940630, 1, 0, 0
19600, 1955875, 1, 0, 0
19603, 926813, 0, 0, 0
19700, 2086887, 1, 0, 0
19701, 1177272, 0, 0, 0
19800, 1991444, 1, 0, 0
19802, 984314, 0, 0, 0
19901, 1848195, 1, 0, 0
19904, 970170, 0, 0, 0
20000, 2066238, 1, 0, 0
20003, 960454, 0, 0, 0
20100, 1857063, 1, 0, 0
20100, 964433, 0, 0, 0
20200, 2099010, 1, 0, 0
20203, 968696, 0, 0, 0
20300, 1918635, 1, 0, 0
20300, 987983, 0, 0, 0
20400, 2295825, 1, 0, 0
20400, 2016505, 0, 0, 0
20500, 1732070, 1, 0, 0
20500, 963683, 0, 0, 0
20600, 913328, 0, 0, 0
20600, 1943187, 1, 0, 0
20700, 1949024, 1, 0, 0
20708, 980802, 0, 0, 0
20800, 1961742, 1, 0, 0
20800, 1033265, 0, 0, 0
20900, 1931894, 1, 0, 0
20900, 974581, 0, 0, 0
21000, 1972724, 1, 0, 0
21000, 915256, 0, 0, 0
21100, 1019750, 0, 0, 0
21101, 1990152, 1, 0, 0
21200, 1044355, 0, 0, 0
21200, 2002998, 1, 0, 0
21300, 1940353, 1, 0, 0
21301, 1005379, 0, 0, 0
21400, 1963496, 1, 0, 0
21400, 966357, 0, 0, 0
21500, 1917511, 1, 0, 0
21501, 971082, 0, 0, 0
21600, 1957334, 1, 0, 0
21600, 971260, 0, 0, 0
21700, 2002102, 1, 0, 0
21701, 989253, 0, 0, 0
21800, 1969154, 1, 0, 0
21805, 955903, 0, 0, 0
21900, 1003422, 0, 0, 0
21900, 1970341, 1, 0, 0
22000, 2084786, 1, 0, 0
22000, 1013549, 0, 0, 0
22100, 2279646, 1, 0, 0
22100, 1016220, 0, 0, 0
22200, 2659355, 1, 0, 0
22205, 941235, 0, 0, 0
22300, 930656, 0, 0, 0
22301, 1887719, 1, 0, 0
22400, 1896940, 1, 0, 0
22401, 983871, 0, 0, 0
22500, 1014012, 0, 0, 0
22500, 1940470, 1, 0, 0
22600, 1952760, 1, 0, 0
22604, 1025693, 0, 0, 0
22700, 1987046, 1, 0, 0
22700, 1047045, 0, 0, 0
22800, 2004164, 1, 0, 0
22802, 964418, 0, 0, 0
22900, 1919384, 1, 0, 0
22900, 973524, 0, 0, 0
23000, 2201439, 1, 0, 0
23001, 942440, 0, 0, 0
23101, 1850442, 1, 0, 0
23101, 949415, 0, 0, 0
23200, 1956805, 1, 0, 0
23200, 948617, 0, 0, 0
23307, 2074556, 1, 0, 0
23307, 1239153, 0, 0, 0
23400, 2076305, 1, 0, 0
23405, 864035, 0, 0, 0
23500, 1940469, 1, 0, 0
23500, 982039, 0, 0, 0
23600, 1965363, 1, 0, 0
23600, 983504, 0, 0, 0
23700, 956256, 0, 0, 0
23700, 2196659, 1, 0, 0
23800, 1011407, 0, 0, 0
23800, 1944015, 1, 0, 0
23900, 1925245, 1, 0, 0
23903, 980521, 0, 0, 0
24000, 990684, 0, 0, 0
24002, 1953973, 1, 0, 0
24100, 957246, 0, 0, 0
24101, 1997164, 1, 0, 0
24200, 2000143, 1, 0, 0
24202, 969746, 0, 0, 0
24300, 1014060, 0, 0, 0
24300, 1854635, 1, 0, 0
24400, 1898292, 1, 0, 0
24401, 986017, 0, 0, 0
24500, 1876631, 1, 0, 0
24500, 1041749, 0, 0, 0
24600, 990059, 0, 0, 0
24600, 1904794, 1, 0, 0
24700, 2037457, 1, 0, 0
24701, 1005169, 0, 0, 0
24800, 2109484, 1, 0, 0
24802, 1079231, 0, 0, 0
24900, 2067917, 1, 0, 0
24900, 1219630, 0, 0, 0
25000, 2231626, 1, 0, 0
25000, 1005755, 0, 0, 0
25100, 2653371, 1, 0, 0
25101, 1688102, 0, 0, 0
25200, 1986279, 1, 0, 0
25204, 971060, 0, 0, 0
25300, 3214893, 1, 0, 0
25300, 1974098, 0, 0, 0
25400, 959337, 0, 0, 0
25400, 1865036, 1, 0, 0
25500, 1938083, 1, 0, 0
25501, 1010683, 0, 0, 0
25600, 2058369, 1, 0, 0
25605, 998536, 0, 0, 0
25706, 1929811, 1, 0, 0
25706, 1038262, 0, 0, 0
25800, 2026661, 1, 0, 0
25800, 943816, 0, 0, 0
25900, 1990009, 1, 0, 0
25902, 959575, 0, 0, 0
26000, 1891514, 1, 0, 0
26002, 986029, 0, 0, 0
26100, 2022613, 1, 0, 0
26101, 1365788, 0, 0, 0
26200, 2031691, 1, 0, 0
26202, 986984, 0, 0, 0
26300, 2058500, 1, 0, 0
26300, 924923, 0, 0, 0
26400, 1880234, 1, 0, 0
26400, 996094, 0, 0, 0
26500, 1969073, 1, 0, 0
26500, 957973, 0, 0, 0
26600, 931155, 0, 0, 0
26600, 1977221, 1, 0, 0
26700, 971788, 0, 0, 0
26701, 1875161, 1, 0, 0
26800, 970050, 0, 0, 0
26800, 1942981, 1, 0, 0
26900, 1931192, 1, 0, 0
26901, 947923, 0, 0, 0
27000, 1907480, 1, 0, 0
27000, 950454, 0, 0, 0
27100, 1883555, 1, 0, 0
27100, 964686, 0, 0, 0
27200, 1966647, 1, 0, 0
27200, 969423, 0, 0, 0
27300, 1883444, 1, 0, 0
27300, 1034581, 0, 0, 0
27400, 1925644, 1, 0, 0
27400, 963778, 0, 0, 0
27500, 2077586, 1, 0, 0
27500, 933922, 0, 0, 0
27600, 2035474, 1, 0, 0
27601, 966274, 0, 0, 0
27700, 1942145, 1, 0, 0
27702, 1000981, 0, 0, 0
27800, 1940448, 1, 0, 0
27802, 1054815, 0, 0, 0
27900, 1904071, 1, 0, 0
27902, 938702, 0, 0, 0
28000, 1836786, 1, 0, 0
28003, 1009352, 0, 0, 0
28100, 2053436, 1, 0, 0
28100, 983881, 0, 0, 0
28200, 1030908, 0, 0, 0
28200, 1872844, 1, 0, 0
28300, 1907567, 1, 0, 0
28301, 962348, 0, 0, 0
28400, 909609, 0, 0, 0
28401, 1858554, 1, 0, 0
28500, 1927929, 1, 0, 0
28500, 994955, 0, 0, 0
28600, 1864286, 1, 0, 0
28601, 984173, 0, 0, 0
28700, 1976810, 1, 0, 0
28701, 982214, 0, 0, 0
28800, 1929818, 1, 0, 0
28802, 970129, 0, 0, 0
28900, 1966996, 1, 0, 0
28900, 956043, 0, 0, 0
29001, 1895355, 1, 0, 0
29002, 1008790, 0, 0, 0
29100, 2078833, 1, 0, 0
29100, 991204, 0, 0, 0
29200, 980724, 0, 0, 0
29200, 2034223, 1, 0, 0
29300, 1898606, 1, 0, 0
29302, 959789, 0, 0, 0
29400, 2014122, 1, 0, 0
29401, 995055, 0, 0, 0
29500, 1876016, 1, 0, 0
29504, 1011554, 0, 0, 0
29600, 2045777, 1, 0, 0
29602, 1011693, 0, 0, 0
29700, 1874179, 1, 0, 0
29701, 945150, 0, 0, 0
29800, 968924, 0, 0, 0
29801, 1992387, 1, 0, 0
29900, 1995443, 1, 0, 0
29902, 1007177, 0, 0, 0
30000, 2001614, 1, 0, 0
30004, 1015990, 0, 0, 0
30100, 1031446, 0, 0, 0
30101, 1977872, 1, 0, 0
30200, 1875978, 1, 0, 0
30201, 1001366, 0, 0, 0
30300, 1963200, 1, 0, 0
30304, 998546, 0, 0, 0
30400, 978061, 0, 0, 0
30401, 1978681, 1, 0, 0
30500, 1975914, 1, 0, 0
30500, 992758, 0, 0, 0
30600, 960934, 0, 0, 0
30601, 2024997, 1, 0, 0
30700, 1933955, 1, 0, 0
30700, 1046871, 0, 0, 0
30800, 1918297, 1, 0, 0
30803, 964860, 0, 0, 0
30900, 1947066, 1, 0, 0
30900, 963807, 0, 0, 0
31000, 1026492, 0, 0, 0
31000, 2001769, 1, 0, 0
31100, 1937784, 1, 0, 0
31102, 949894, 0, 0, 0
31200, 2027169, 1, 0, 0
31200, 1069289, 0, 0, 0
31300, 1949372, 1, 0, 0
31301, 1035577, 0, 0, 0
31400, 953422, 0, 0, 0
31400, 2229845, 1, 0, 0
31500, 1053237, 0, 0, 0
31501, 1867454, 1, 0, 0
31600, 1051248, 0, 0, 0
31600, 1887520, 1, 0, 0
31700, 1867864, 1, 0, 0
31701, 1007068, 0, 0, 0
31800, 1903436, 1, 0, 0
31802, 981783, 0, 0, 0
31900, 1864038, 1, 0, 0
31901, 1002049, 0, 0, 0
32001, 1912067, 1, 0, 0
32002, 974176, 0, 0, 0
32100, 1967502, 1, 0, 0
32102, 1067187, 0, 0, 0
32200, 1963150, 1, 0, 0
32201, 953283, 0, 0, 0
32300, 1840399, 1, 0, 0
32300, 948186, 0, 0, 0
32400, 1902374, 1, 0, 0
32402, 987751, 0, 0, 0
32500, 1884692, 1, 0, 0
32502, 963405, 0, 0, 0
32600, 1047075, 0, 0, 0
32600, 1982140, 1, 0, 0
32700, 1902135, 1, 0, 0
32700, 975074, 0, 0, 0
32800, 1940180, 1, 0, 0
32801, 972599, 0, 0, 0
32900, 1927502, 1, 0, 0
32902, 986394, 0, 0, 0
33000, 1984991, 1, 0, 0
33001, 976368, 0, 0, 0
33100, 1878369, 1, 0, 0
33100, 985892, 0, 0, 0
33200, 1951957, 1, 0, 0
33200, 936454, 0, 0, 0
33300, 944272, 0, 0, 0
33300, 1944299, 1, 0, 0
33400, 959839, 0, 0, 0
33400, 1944994, 1, 0, 0
33500, 996869, 0, 0, 0
33500, 1855598, 1, 0, 0
33600, 1966859, 1, 0, 0
33601, 1028360, 0, 0, 0
33700, 1877003, 1, 0, 0
33701, 960965, 0, 0, 0
33800, 1837685, 1, 0, 0
33803, 932230, 0, 0, 0
33900, 1937488, 1, 0, 0
33901, 1024847, 0, 0, 0
34000, 1910804, 1, 0, 0
34001, 1002251, 0, 0, 0
34100, 1986792, 1, 0, 0
34103, 1014385, 0, 0, 0
34200, 2016665, 1, 0, 0
34200, 971459, 0, 0, 0
34300, 1000794, 0, 0, 0
34300, 1949835, 1, 0, 0
34400, 1959513, 1, 0, 0
34401, 917588, 0, 0, 0
34500, 1999685, 1, 0, 0
34500, 955466, 0, 0, 0
34600, 1840472, 1, 0, 0
34603, 967731, 0, 0, 0
34700, 1905546, 1, 0, 0
34700, 968019, 0, 0, 0
34800, 2082979, 1, 0, 0
34800, 951830, 0, 0, 0
34900, 1878376, 1, 0, 0
34901, 1062668, 0, 0, 0
35000, 1899615, 1, 0, 0
35002, 916361, 0, 0, 0
35100, 2364796, 1, 0, 0
35101, 1013302, 0, 0, 0
35200, 1858514, 1, 0, 0
35200, 1055502, 0, 0, 0
35300, 1002041, 0, 0, 0
35300, 2094282, 1, 0, 0
35400, 1929212, 1, 0, 0
35405, 931937, 0, 0, 0
35500, 941660, 0, 0, 0
35502, 1934335, 1, 0, 0
35600, 1878274, 1, 0, 0
35601, 953689, 0, 0, 0
35700, 1854371, 1, 0, 0
35701, 999854, 0, 0, 0
35800, 961737, 0, 0, 0
35800, 1906994, 1, 0, 0
35900, 915539, 0, 0, 0
35900, 1900968, 1, 0, 0
36000, 1854838, 1, 0, 0
36000, 989190, 0, 0, 0
36100, 1979629, 1, 0, 0
36101, 903281, 0, 0, 0
36200, 1054222, 0, 0, 0
36201, 1966626, 1, 0, 0
36300, 1875884, 1, 0, 0
36300, 980324, 0, 0, 0
36400, 1900086, 1, 0, 0
36404, 964690, 0, 0, 0
36500, 1053136, 0, 0, 0
36500, 1969675, 1, 0, 0
36600, 1906871, 1, 0, 0
36600, 951145, 0, 0, 0
36700, 1981868, 1, 0, 0
36700, 926910, 0, 0, 0
36800, 1832195, 1, 0, 0
36800, 955957, 0, 0, 0
36900, 1833022, 1, 0, 0
36900, 974323, 0, 0, 0
37000, 1906750, 1, 0, 0
37002, 1000544, 0, 0, 0
37100, 1805475, 1, 0, 0
37101, 960822, 0, 0, 0
37200, 2189674, 1, 0, 0
37201, 936658, 0, 0, 0
37301, 1862631, 1, 0, 0
37302, 930370, 0, 0, 0
37400, 1842552, 1, 0, 0
37402, 930996, 0, 0, 0
37500, 1979504, 1, 0, 0
37500, 1069477, 0, 0, 0
37601, 944813, 0, 0, 0
37601, 1902591, 1, 0, 0
37700, 1866049, 1, 0, 0
37703, 1007717, 0, 0, 0
37800, 1993732, 1, 0, 0
37800, 986086, 0, 0, 0
37900, 1842746, 1, 0, 0
37901, 987319, 0, 0, 0
38000, 1909322, 1, 0, 0
38000, 954296, 0, 0, 0
38100, 1840800, 1, 0, 0
38100, 972906, 0, 0, 0
38201, 1913077, 1, 0, 0
38202, 1090733, 0, 0, 0
38300, 1985670, 1, 0, 0
38301, 969908, 0, 0, 0
38401, 1937976, 1, 0, 0
38401, 1019779, 0, 0, 0
38500, 1907800, 1, 0, 0
38500, 986774, 0, 0, 0
38600, 953749, 0, 0, 0
38601, 1901611, 1, 0, 0
38700, 1012197, 0, 0, 0
38701, 2005264, 1, 0, 0
38800, 1900815, 1, 0, 0
38802, 985465, 0, 0, 0
38900, 1866028, 1, 0, 0
38900, 1013057, 0, 0, 0
39000, 1005354, 0, 0, 0
39000, 1854227, 1, 0, 0
39100, 1933876, 1, 0, 0
39101, 992944, 0, 0, 0
39200, 1943969, 1, 0, 0
39200, 965640, 0, 0, 0
39300, 1068491, 0, 0, 0
39300, 1981735, 1, 0, 0
39400, 934573, 0, 0, 0
39400, 1925385, 1, 0, 0
39500, 1070551, 0, 0, 0
39501, 1953425, 1, 0, 0
39600, 1918991, 1, 0, 0
39600, 1045989, 0, 0, 0
39700, 996481, 0, 0, 0
39700, 1972599, 1, 0, 0
39800, 925045, 0, 0, 0
39801, 1927884, 1, 0, 0
39900, 1923025, 1, 0, 0
39901, 890423, 0, 0, 0
40000, 2147899, 1, 0, 0
40000, 1049108, 0, 0, 0
40100, 2001674, 1, 0, 0
40102, 994092, 0, 0, 0
40200, 1947606, 1, 0, 0
40200, 941977, 0, 0, 0
40300, 987639, 0, 0, 0
40300, 2022192, 1, 0, 0
40400, 997455, 0, 0, 0
40400, 1868150, 1, 0, 0
40500, 1091581, 0, 0, 0
40500, 1901780, 1, 0, 0
40600, 1948238, 1, 0, 0
40601, 933646, 0, 0, 0
40700, 1866045, 1, 0, 0
40700, 957854, 0, 0, 0
40800, 958214, 0, 0, 0
40800, 1896027, 1, 0, 0
40900, 970287, 0, 0, 0
40901, 1860844, 1, 0, 0
41000, 1919539, 1, 0, 0
41002, 1018482, 0, 0, 0
41100, 1913087, 1, 0, 0
41101, 996461, 0, 0, 0
41200, 1996526, 1, 0, 0
41200, 1042734, 0, 0, 0
41300, 1832707, 1, 0, 0
41301, 1038836, 0, 0, 0
41400, 930189, 0, 0, 0
41400, 1916383, 1, 0, 0
41500, 1853787, 1, 0, 0
41502, 986860, 0, 0, 0
41600, 1027206, 0, 0, 0
41600, 1931111, 1, 0, 0
41700, 964604, 0, 0, 0
41700, 1906726, 1, 0, 0
41800, 933833, 0, 0, 0
41800, 1862140, 1, 0, 0
41901, 3417709, 1, 0, 0
41903, 956455, 0, 0, 0
42000, 1781324, 1, 0, 0
42002, 993409, 0, 0, 0
42100, 966795, 0, 0, 0
42101, 1839274, 1, 0, 0
42200, 1817619, 1, 0, 0
42202, 968544, 0, 0, 0
42309, 2245308, 1, 0, 0
42315, 969358, 0, 0, 0
42400, 905914, 0, 0, 0
42400, 2348208, 1, 0, 0
42500, 1828010, 1, 0, 0
42500, 949282, 0, 0, 0
42600, 965843, 0, 0, 0
42600, 1939665, 1, 0, 0
42700, 938444, 0, 0, 0
42701, 1897037, 1, 0, 0
42800, 943083, 0, 0, 0
42800, 1941010, 1, 0, 0
42900, 976346, 0, 0, 0
42900, 1854100, 1, 0, 0
43000, 1838085, 1, 0, 0
43000, 979738, 0, 0, 0
43100, 1926187, 1, 0, 0
43100, 1010337, 0, 0, 0
43200, 1854688, 1, 0, 0
43207, 931774, 0, 0, 0
43300, 968936, 0, 0, 0
43300, 1951204, 1, 0, 0
43400, 1922971, 1, 0, 0
43401, 1065051, 0, 0, 0
43500, 1863199, 1, 0, 0
43501, 913592, 0, 0, 0
43600, 1904787, 1, 0, 0
43600, 963604, 0, 0, 0
43700, 993531, 0, 0, 0
43700, 1846609, 1, 0, 0
43800, 1904101, 1, 0, 0
43801, 906134, 0, 0, 0
43900, 998722, 0, 0, 0
43900, 1862808, 1, 0, 0
44000, 953888, 0, 0, 0
44000, 1816712, 1, 0, 0
44100, 1830072, 1, 0, 0
44100, 939539, 0, 0, 0
44200, 1845382, 1, 0, 0
44200, 991216, 0, 0, 0
44300, 1819714, 1, 0, 0
44304, 1000009, 0, 0, 0
44400, 1858530, 1, 0, 0
44400, 981780, 0, 0, 0
44500, 1855146, 1, 0, 0
44500, 997078, 0, 0, 0
44600, 1949464, 1, 0, 0
44601, 962064, 0, 0, 0
44700, 990090, 0, 0, 0
44700, 1875013, 1, 0, 0
44800, 1964636, 1, 0, 0
44801, 949554, 0, 0, 0
44900, 2042615, 1, 0, 0
44900, 1019826, 0, 0, 0
45000, 1853908, 1, 0, 0
45001, 1031107, 0, 0, 0
45100, 1008388, 0, 0, 0
45102, 1849774, 1, 0, 0
45200, 2333569, 1, 0, 0
45201, 921454, 0, 0, 0
45300, 1936641, 1, 0, 0
45305, 1146465, 0, 0, 0
45400, 1204121, 0, 0, 0
45400, 2134932, 1, 0, 0
45500, 1846636, 1, 0, 0
45502, 1077013, 0, 0, 0
45600, 2025046, 1, 0, 0
45600, 1012324, 0, 0, 0
45700, 1894748, 1, 0, 0
45703, 956898, 0, 0, 0
45800, 1993622, 1, 0, 0
45803, 996936, 0, 0, 0
45900, 1863683, 1, 0, 0
45902, 1007926, 0, 0, 0
46000, 1927362, 1, 0, 0
46003, 1028151, 0, 0, 0
46100, 1850957, 1, 0, 0
46102, 1000110, 0, 0, 0
46200, 986647, 0, 0, 0
46200, 1852988, 1, 0, 0
46300, 959774, 0, 0, 0
46300, 2108098, 1, 0, 0
46400, 1930004, 1, 0, 0
46400, 1003821, 0, 0, 0
46501, 1900657, 1, 0, 0
46501, 1106027, 0, 0, 0
46601, 1905764, 1, 0, 0
46602, 973095, 0, 0, 0
46700, 1940514, 1, 0, 0
46701, 903331, 0, 0, 0
46800, 1874235, 1, 0, 0
46803, 973097, 0, 0, 0
46900, 1854033, 1, 0, 0
46902, 944160, 0, 0, 0
47000, 1004911, 0, 0, 0
47000, 1929094, 1, 0, 0
47100, 1803919, 1, 0, 0
47101, 935935, 0, 0, 0
47201, 1854466, 1, 0, 0
47202, 952988, 0, 0, 0
47300, 2053927, 1, 0, 0
47300, 874081, 0, 0, 0
47400, 1853167, 1, 0, 0
47403, 953553, 0, 0, 0
47500, 888849, 0, 0, 0
47500, 1848532, 1, 0, 0
47600, 1807933, 1, 0, 0
47600, 977905, 0, 0, 0
47700, 1943138, 1, 0, 0
47701, 1028548, 0, 0, 0
47800, 1861902, 1, 0, 0
47800, 950964, 0, 0, 0
47900, 1799461, 1, 0, 0
47900, 963334, 0, 0, 0
48000, 1799636, 1, 0, 0
48003, 959228, 0, 0, 0
48100, 945574, 0, 0, 0
48101, 1915515, 1, 0, 0
48200, 944587, 0, 0, 0
48201, 1832558, 1, 0, 0
48300, 1922903, 1, 0, 0
48300, 988473, 0, 0, 0
48400, 1811323, 1, 0, 0
48402, 964753, 0, 0, 0
48500, 936185, 0, 0, 0
48500, 1869730, 1, 0, 0
48600, 2057895, 1, 0, 0
48601, 969387, 0, 0, 0
48700, 1893868, 1, 0, 0
48703, 1011488, 0, 0, 0
48800, 1834282, 1, 0, 0
48800, 972665, 0, 0, 0
48900, 1893984, 1, 0, 0
48901, 949914, 0, 0, 0
49000, 1849342, 1, 0, 0
49000, 948054, 0, 0, 0
49100, 1859756, 1, 0, 0
49100, 1010448, 0, 0, 0
49200, 941995, 0, 0, 0
49200, 1768721, 1, 0, 0
49300, 949191, 0, 0, 0
49300, 1881787, 1, 0, 0
49400, 2089411, 1, 0, 0
49401, 993263, 0, 0, 0
49500, 1853453, 1, 0, 0
49501, 998199, 0, 0, 0
49600, 1925779, 1, 0, 0
49602, 1111396, 0, 0, 0
49700, 1765815, 1, 0, 0
49701, 925069, 0, 0, 0
49800, 1904146, 1, 0, 0
49800, 941948, 0, 0, 0
49900, 1926215, 1, 0, 0
49901, 994285, 0, 0, 0
50000, 1765757, 1, 0, 0
50001, 910822, 0, 0, 0
50100, 1024849, 0, 0, 0
50100, 1923360, 1, 0, 0
50200, 1823366, 1, 0, 0
50200, 955060, 0, 0, 0
50300, 977193, 0, 0, 0
50300, 1839790, 1, 0, 0
50400, 1770217, 1, 0, 0
50400, 925997, 0, 0, 0
50500, 1828620, 1, 0, 0
50501, 1029085, 0, 0, 0
50600, 893322, 0, 0, 0
50600, 2198953, 1, 0, 0
50700, 969612, 0, 0, 0
50701, 1803706, 1, 0, 0
50800, 1739325, 1, 0, 0
50801, 900529, 0, 0, 0
50900, 1814945, 1, 0, 0
50900, 1022881, 0, 0, 0
51000, 1807596, 1, 0, 0
51000, 900198, 0, 0, 0
51100, 913248, 0, 0, 0
51100, 1862487, 1, 0, 0
51200, 1888312, 1, 0, 0
51200, 941971, 0, 0, 0
51300, 1876171, 1, 0, 0
51301, 1005052, 0, 0, 0
51400, 1814218, 1, 0, 0
51401, 999902, 0, 0, 0
51500, 1812222, 1, 0, 0
51503, 961031, 0, 0, 0
51600, 920646, 0, 0, 0
51600, 1804778, 1, 0, 0
51700, 1800567, 1, 0, 0
51700, 919677, 0, 0, 0
51800, 1785498, 1, 0, 0
51804, 929720, 0, 0, 0
51900, 1818117, 1, 0, 0
51900, 902655, 0, 0, 0
52000, 1859546, 1, 0, 0
52002, 1013665, 0, 0, 0
52100, 1853919, 1, 0, 0
52100, 923199, 0, 0, 0
52200, 1798382, 1, 0, 0
52204, 974802, 0, 0, 0
52301, 1853598, 1, 0, 0
52302, 974174, 0, 0, 0
52400, 1817681, 1, 0, 0
52400, 966074, 0, 0, 0
52500, 1944178, 1, 0, 0
52500, 937555, 0, 0, 0
52600, 1825657, 1, 0, 0
52600, 974029, 0, 0, 0
52700, 1827496, 1, 0, 0
52704, 958239, 0, 0, 0
52800, 956144, 0, 0, 0
52800, 1799350, 1, 0, 0
52900, 1799480, 1, 0, 0
52901, 922176, 0, 0, 0
53000, 1869981, 1, 0, 0
53000, 982203, 0, 0, 0
53100, 1817682, 1, 0, 0
53100, 959966, 0, 0, 0
53200, 1850834, 1, 0, 0
53201, 956360, 0, 0, 0
53300, 1847109, 1, 0, 0
53300, 945499, 0, 0, 0
53400, 1756106, 1, 0, 0
53402, 929646, 0, 0, 0
53500, 957940, 0, 0, 0
53500, 1827514, 1, 0, 0
53600, 934615, 0, 0, 0
53600, 1902108, 1, 0, 0
53700, 1860390, 1, 0, 0
53700, 989452, 0, 0, 0
53800, 1744398, 1, 0, 0
53801, 932210, 0, 0, 0
53900, 984609, 0, 0, 0
53900, 1892563, 1, 0, 0
54000, 1851152, 1, 0, 0
54001, 967352, 0, 0, 0
54100, 1929863, 1, 0, 0
54101, 969849, 0, 0, 0
54200, 994563, 0, 0, 0
54201, 1868960, 1, 0, 0
54300, 1841676, 1, 0, 0
54300, 946658, 0, 0, 0
54400, 1881390, 1, 0, 0
54401, 987779, 0, 0, 0
54500, 1911112, 1, 0, 0
54500, 881182, 0, 0, 0
54600, 1977540, 1, 0, 0
54600, 937094, 0, 0, 0
54700, 1914570, 1, 0, 0
54700, 916161, 0, 0, 0
54800, 1880043, 1, 0, 0
54801, 1000962, 0, 0, 0
54900, 947392, 0, 0, 0
54901, 1823365, 1, 0, 0
55000, 971177, 0, 0, 0
55000, 1846803, 1, 0, 0
55100, 1873095, 1, 0, 0
55102, 932679, 0, 0, 0
55200, 1851800, 1, 0, 0
55203, 946104, 0, 0, 0
55301, 1902888, 1, 0, 0
55302, 922203, 0, 0, 0
55400, 1884946, 1, 0, 0
55401, 984630, 0, 0, 0
55500, 990159, 0, 0, 0
55502, 1914846, 1, 0, 0
55600, 1001416, 0, 0, 0
55600, 1933276, 1, 0, 0
55700, 982832, 0, 0, 0
55700, 1905692, 1, 0, 0
55800, 1877389, 1, 0, 0
55801, 1061820, 0, 0, 0
55900, 1909862, 1, 0, 0
55900, 958006, 0, 0, 0
56000, 990879, 0, 0, 0
56000, 1865813, 1, 0, 0
56100, 1870512, 1, 0, 0
56101, 1023041, 0, 0, 0
56200, 1875607, 1, 0, 0
56200, 938826, 0, 0, 0
56300, 1039669, 0, 0, 0
56301, 1945225, 1, 0, 0
56400, 1841596, 1, 0, 0
56401, 989004, 0, 0, 0
56500, 1954108, 1, 0, 0
56500, 997597, 0, 0, 0
56600, 2131873, 1, 0, 0
56601, 974836, 0, 0, 0
56700, 1952244, 1, 0, 0
56700, 955003, 0, 0, 0
56800, 979306, 0, 0, 0
56801, 1807685, 1, 0, 0
56900, 1850343, 1, 0, 0
56901, 1038880, 0, 0, 0
57000, 1939806, 1, 0, 0
57002, 946254, 0, 0, 0
57100, 1948032, 1, 0, 0
57103, 934825, 0, 0, 0
57200, 1956348, 1, 0, 0
57202, 950806, 0, 0, 0
57300, 1894621, 1, 0, 0
57300, 945274, 0, 0, 0
57422, 2048909, 1, 0, 0
57424, 1096558, 0, 0, 0
57500, 2477498, 1, 0, 0
57501, 1046991, 0, 0, 0
57600, 1774207, 1, 0, 0
57600, 937512, 0, 0, 0
57700, 1927046, 1, 0, 0
57703, 999370, 0, 0, 0
57800, 909898, 0, 0, 0
57801, 1811397, 1, 0, 0
57900, 1034965, 0, 0, 0
57901, 1830118, 1, 0, 0
58000, 1893684, 1, 0, 0
58001, 988519, 0, 0, 0
58100, 1871368, 1, 0, 0
58100, 1000909, 0, 0, 0
58200, 1903812, 1, 0, 0
58201, 964717, 0, 0, 0
58300, 967075, 0, 0, 0
58300, 1927986, 1, 0, 0
58400, 1877163, 1, 0, 0
58400, 942547, 0, 0, 0
58500, 934061, 0, 0, 0
58500, 2063795, 1, 0, 0
58600, 1862212, 1, 0, 0
58603, 939391, 0, 0, 0
58700, 1887064, 1, 0, 0
58703, 1038973, 0, 0, 0
58800, 964819, 0, 0, 0
58800, 1807408, 1, 0, 0
58900, 1886141, 1, 0, 0
58905, 1000959, 0, 0, 0
59000, 1805515, 1, 0, 0
59007, 924436, 0, 0, 0
59100, 1846390, 1, 0, 0
59101, 973592, 0, 0, 0
59200, 1859683, 1, 0, 0
59201, 978247, 0, 0, 0
59300, 1891893, 1, 0, 0
59301, 964757, 0, 0, 0
59400, 1888466, 1, 0, 0
59402, 934043, 0, 0, 0
59500, 1903990, 1, 0, 0
59501, 881833, 0, 0, 0
59600, 1886995, 1, 0, 0
59600, 933355, 0, 0, 0
59700, 958073, 0, 0, 0
59700, 1923891, 1, 0, 0
59800, 947826, 0, 0, 0
59801, 1855282, 1, 0, 0
59900, 1804252, 1, 0, 0
59900, 966326, 0, 0, 0
60000, 1830174, 1, 0, 0
60001, 1024914, 0, 0, 0
60100, 1820905, 1, 0, 0
60100, 976842, 0, 0, 0
60200, 954533, 0, 0, 0
60201, 1960864, 1, 0, 0
60300, 1872553, 1, 0, 0
60300, 989443, 0, 0, 0
60400, 1967629, 1, 0, 0
60400, 986646, 0, 0, 0
60500, 1740400, 1, 0, 0
60503, 907298, 0, 0, 0
60600, 1821327, 1, 0, 0
60601, 943418, 0, 0, 0
60700, 1835554, 1, 0, 0
60701, 909009, 0, 0, 0
60800, 1882975, 1, 0, 0
60800, 946508, 0, 0, 0
60900, 1839579, 1, 0, 0
60901, 969090, 0, 0, 0
61000, 1891665, 1, 0, 0
61002, 963115, 0, 0, 0
61100, 1889971, 1, 0, 0
61103, 940009, 0, 0, 0
61200, 944966, 0, 0, 0
61200, 1827532, 1, 0, 0
61300, 1794058, 1, 0, 0
61304, 990663, 0, 0, 0
61400, 1835356, 1, 0, 0
61400, 975072, 0, 0, 0
61500, 1843816, 1, 0, 0
61500, 927284, 0, 0, 0
61600, 1759421, 1, 0, 0
61602, 927096, 0, 0, 0
61700, 943553, 0, 0, 0
61700, 1794938, 1, 0, 0
61800, 1840276, 1, 0, 0
61800, 952597, 0, 0, 0
61900, 1771874, 1, 0, 0
61900, 978050, 0, 0, 0
62000, 995388, 0, 0, 0
62001, 1743500, 1, 0, 0
62100, 2078711, 1, 0, 0
62102, 963575, 0, 0, 0
62200, 1836061, 1, 0, 0
62202, 972140, 0, 0, 0
62300, 932600, 0, 0, 0
62301, 1860898, 1, 0, 0
62400, 1869198, 1, 0, 0
62403, 924769, 0, 0, 0
62500, 976480, 0, 0, 0
62500, 1873376, 1, 0, 0
62600, 1894890, 1, 0, 0
62600, 1024362, 0, 0, 0
62700, 1895411, 1, 0, 0
62701, 968479, 0, 0, 0
62800, 1767568, 1, 0, 0
62802, 912399, 0, 0, 0
62900, 1902966, 1, 0, 0
62901, 1020198, 0, 0, 0
63000, 1771654, 1, 0, 0
63002, 929645, 0, 0, 0
63100, 1928655, 1, 0, 0
63102, 962270, 0, 0, 0
63200, 1798514, 1, 0, 0
63203, 904438, 0, 0, 0
63300, 1039658, 0, 0, 0
63300, 1838374, 1, 0, 0
63400, 1913772, 1, 0, 0
63401, 957402, 0, 0, 0
63500, 930156, 0, 0, 0
63500, 1891606, 1, 0, 0
63600, 1016455, 0, 0, 0
63601, 1834496, 1, 0, 0
63700, 1879056, 1, 0, 0
63701, 1024728, 0, 0, 0
63800, 895789, 0, 0, 0
63801, 1847732, 1, 0, 0
63900, 1931635, 1, 0, 0
63900, 1019831, 0, 0, 0
64000, 977825, 0, 0, 0
64000, 1827666, 1, 0, 0
64100, 1881413, 1, 0, 0
64101, 1028871, 0, 0, 0
64200, 1955015, 1, 0, 0
64201, 967422, 0, 0, 0
64300, 1007718, 0, 0, 0
64300, 1834288, 1, 0, 0
64400, 1890505, 1, 0, 0
64402, 1003301, 0, 0, 0
64500, 2115918, 1, 0, 0
64503, 1001439, 0, 0, 0
64600, 2009716, 1, 0, 0
64603, 965446, 0, 0, 0
64700, 1985651, 1, 0, 0
64701, 993999, 0, 0, 0
64800, 1030091, 0, 0, 0
64800, 1954374, 1, 0, 0
64900, 1985258, 1, 0, 0
64902, 1011075, 0, 0, 0
65000, 1946464, 1, 0, 0
65001, 1010129, 0, 0, 0
65100, 1059296, 0, 0, 0
65100, 1962337, 1, 0, 0
65200, 1934371, 1, 0, 0
65201, 1028234, 0, 0, 0
65301, 2066197, 1, 0, 0
65301, 1090731, 0, 0, 0
65400, 2027847, 1, 0, 0
65401, 1027755, 0, 0, 0
65500, 1041175, 0, 0, 0
65500, 1929422, 1, 0, 0
65600, 989269, 0, 0, 0
65600, 2006714, 1, 0, 0
65701, 2022914, 1, 0, 0
65702, 1041094, 0, 0, 0
65800, 1993757, 1, 0, 0
65801, 1021908, 0, 0, 0
65900, 1925091, 1, 0, 0
65901, 983097, 0, 0, 0
66000, 1935627, 1, 0, 0
66006, 1078768, 0, 0, 0
66100, 1926167, 1, 0, 0
66100, 1019188, 0, 0, 0
66200, 980115, 0, 0, 0
66201, 1925887, 1, 0, 0
66300, 1843427, 1, 0, 0
66300, 987731, 0, 0, 0
66400, 1883038, 1, 0, 0
66402, 1003865, 0, 0, 0
66500, 2385882, 1, 0, 0
66500, 959676, 0, 0, 0
66600, 1853030, 1, 0, 0
66601, 1040976, 0, 0, 0
66700, 1986058, 1, 0, 0
66700, 983450, 0, 0, 0
66800, 1934263, 1, 0, 0
66801, 1001030, 0, 0, 0
66900, 1048067, 0, 0, 0
66901, 2068122, 1, 0, 0
67000, 2006530, 1, 0, 0
67000, 994583, 0, 0, 0
67100, 985862, 0, 0, 0
67100, 1948914, 1, 0, 0
67200, 1924738, 1, 0, 0
67205, 1031952, 0, 0, 0
67300, 1040324, 0, 0, 0
67300, 1839051, 1, 0, 0
67400, 1982953, 1, 0, 0
67401, 1001851, 0, 0, 0
67500, 1900666, 1, 0, 0
67502, 934668, 0, 0, 0
67600, 2094173, 1, 0, 0
67600, 1014987, 0, 0, 0
67700, 2013652, 1, 0, 0
67700, 1151653, 0, 0, 0
67800, 2007881, 1, 0, 0
67802, 1026779, 0, 0, 0
67900, 2062826, 1, 0, 0
67900, 996668, 0, 0, 0
68028, 2259191, 1, 0, 0
68029, 1468540, 0, 0, 0
68100, 2355668, 1, 0, 0
68104, 967340, 0, 0, 0
68200, 1880006, 1, 0, 0
68202, 992925, 0, 0, 0
68300, 1924509, 1, 0, 0
68302, 1008577, 0, 0, 0
68400, 1072181, 0, 0, 0
68400, 1950458, 1, 0, 0
68500, 1034616, 0, 0, 0
68500, 2364022, 1, 0, 0
68600, 1068333, 0, 0, 0
68600, 1827988, 1, 0, 0
68700, 1899247, 1, 0, 0
68705, 1010508, 0, 0, 0
68800, 1051622, 0, 0, 0
68800, 1966063, 1, 0, 0
68900, 1873728, 1, 0, 0
68900, 1021156, 0, 0, 0
69000, 1948983, 1, 0, 0
69003, 988200, 0, 0, 0
69105, 1917363, 1, 0, 0
69107, 1030225, 0, 0, 0
69200, 2005558, 1, 0, 0
69203, 988396, 0, 0, 0
69300, 1832911, 1, 0, 0
69300, 1027813, 0, 0, 0
69400, 1887194, 1, 0, 0
69402, 1027229, 0, 0, 0
69500, 1030645, 0, 0, 0
69501, 2034287, 1, 0, 0
69600, 1018376, 0, 0, 0
69600, 2030885, 1, 0, 0
69700, 1044211, 0, 0, 0
69700, 2042254, 1, 0, 0
69800, 1994523, 1, 0, 0
69800, 1061247, 0, 0, 0
69900, 2121376, 1, 0, 0
69901, 1061811, 0, 0, 0
70000, 1930650, 1, 0, 0
70000, 1030250, 0, 0, 0
70100, 1030916, 0, 0, 0
70100, 1997133, 1, 0, 0
70200, 1999693, 1, 0, 0
70200, 985484, 0, 0, 0
70300, 1031677, 0, 0, 0
70301, 1879627, 1, 0, 0
70400, 1894337, 1, 0, 0
70404, 1024874, 0, 0, 0
70500, 2000245, 1, 0, 0
70502, 922080, 0, 0, 0
70600, 1888418, 1, 0, 0
70600, 1053936, 0, 0, 0
70700, 1851999, 1, 0, 0
70702, 1047229, 0, 0, 0
70801, 1935411, 1, 0, 0
70801, 953772, 0, 0, 0
70900, 1869249, 1, 0, 0
70900, 991165, 0, 0, 0
71000, 1916891, 1, 0, 0
71002, 1036482, 0, 0, 0
71100, 1898153, 1, 0, 0
71101, 962157, 0, 0, 0
71200, 1931766, 1, 0, 0
71201, 1036851, 0, 0, 0
71300, 1864340, 1, 0, 0
71300, 1065818, 0, 0, 0
71400, 1922523, 1, 0, 0
71402, 1033033, 0, 0, 0
71500, 1873692, 1, 0, 0
71502, 1001937, 0, 0, 0
71600, 983590, 0, 0, 0
71600, 2021124, 1, 0, 0
71700, 1047011, 0, 0, 0
71700, 1889218, 1, 0, 0
71800, 1873793, 1, 0, 0
71803, 1124998, 0, 0, 0
71900, 1953475, 1, 0, 0
71904, 1021003, 0, 0, 0
72000, 2038588, 1, 0, 0
72001, 976541, 0, 0, 0
72100, 1895655, 1, 0, 0
72102, 991914, 0, 0, 0
72200, 1869261, 1, 0, 0
72201, 978979, 0, 0, 0
72300, 991231, 0, 0, 0
72300, 1901144, 1, 0, 0
72400, 1955229, 1, 0, 0
72401, 986241, 0, 0, 0
72500, 1856786, 1, 0, 0
72500, 1022173, 0, 0, 0
72600, 952882, 0, 0, 0
72600, 1985727, 1, 0, 0
72700, 2083664, 1, 0, 0
72700, 921740, 0, 0, 0
72800, 2097819, 1, 0, 0
72803, 1018007, 0, 0, 0
72900, 1050401, 0, 0, 0
72901, 1848961, 1, 0, 0
73000, 1905632, 1, 0, 0
73001, 1030333, 0, 0, 0
73100, 922534, 0, 0, 0
73101, 1884682, 1, 0, 0
73200, 1939510, 1, 0, 0
73200, 1025903, 0, 0, 0
73300, 1920368, 1, 0, 0
73302, 953441, 0, 0, 0
73400, 1010114, 0, 0, 0
73400, 1915583, 1, 0, 0
73500, 1925474, 1, 0, 0
73501, 1126844, 0, 0, 0
73600, 1869210, 1, 0, 0
73601, 903892, 0, 0, 0
73700, 1929025, 1, 0, 0
73704, 945396, 0, 0, 0
73800, 1932345, 1, 0, 0
73802, 969084, 0, 0, 0
73900, 963596, 0, 0, 0
73900, 1835360, 1, 0, 0
74001, 987415, 0, 0, 0
74001, 1934669, 1, 0, 0
74102, 2057210, 1, 0, 0
74103, 1148295, 0, 0, 0
74200, 2038543, 1, 0, 0
74202, 975869, 0, 0, 0
74300, 1883088, 1, 0, 0
74302, 994184, 0, 0, 0
74400, 1814019, 1, 0, 0
74400, 988204, 0, 0, 0
74501, 1931570, 1, 0, 0
74501, 1024897, 0, 0, 0
74600, 1000772, 0, 0, 0
74600, 1799256, 1, 0, 0
74700, 1847233, 1, 0, 0
74703, 948124, 0, 0, 0
74800, 2050826, 1, 0, 0
74801, 986278, 0, 0, 0
74900, 1798142, 1, 0, 0
74900, 1012233, 0, 0, 0
75000, 1944637, 1, 0, 0
75001, 1013962, 0, 0, 0
75100, 1990718, 1, 0, 0
75100, 1034430, 0, 0, 0
75200, 1051335, 0, 0, 0
75200, 1936035, 1, 0, 0
75300, 1806573, 1, 0, 0
75301, 1026471, 0, 0, 0
75400, 1906573, 1, 0, 0
75400, 989921, 0, 0, 0
75500, 1854093, 1, 0, 0
75503, 1054235, 0, 0, 0
75600, 1910253, 1, 0, 0
75601, 981526, 0, 0, 0
75700, 1936927, 1, 0, 0
75701, 953741, 0, 0, 0
75801, 1837402, 1, 0, 0
75802, 981580, 0, 0, 0
75900, 973789, 0, 0, 0
75900, 1881250, 1, 0, 0
76000, 1878872, 1, 0, 0
76000, 994983, 0, 0, 0
76100, 1884325, 1, 0, 0
76100, 1015348, 0, 0, 0
76200, 1948866, 1, 0, 0
76201, 1212802, 0, 0, 0
76300, 1053727, 0, 0, 0
76300, 1953517, 1, 0, 0
76400, 1863407, 1, 0, 0
76403, 1002751, 0, 0, 0
76501, 1954535, 1, 0, 0
76502, 943139, 0, 0, 0
76600, 2064118, 1, 0, 0
76603, 972427, 0, 0, 0
76700, 1097754, 0, 0, 0
76700, 1915414, 1, 0, 0
76800, 983666, 0, 0, 0
76800, 3167925, 1, 0, 0
76900, 1673575, 1, 0, 0
76900, 1022503, 0, 0, 0
77000, 1850885, 1, 0, 0
77000, 1003388, 0, 0, 0
77100, 1946096, 1, 0, 0
77102, 950913, 0, 0, 0
77200, 1016157, 0, 0, 0
77201, 1865646, 1, 0, 0
77300, 1007309, 0, 0, 0
77300, 1995334, 1, 0, 0
77400, 992505, 0, 0, 0
77401, 1918449, 1, 0, 0
77500, 1853882, 1, 0, 0
77501, 1028557, 0, 0, 0
77600, 2030896, 1, 0, 0
77603, 1015489, 0, 0, 0
77700, 1937389, 1, 0, 0
77701, 1006018, 0, 0, 0
77800, 1045942, 0, 0, 0
77801, 1911978, 1, 0, 0
77900, 2047907, 1, 0, 0
77901, 996276, 0, 0, 0
78000, 996047, 0, 0, 0
78000, 1991468, 1, 0, 0
78100, 961623, 0, 0, 0
78100, 1918828, 1, 0, 0
78200, 1039671, 0, 0, 0
78201, 1885817, 1, 0, 0
78300, 986800, 0, 0, 0
78300, 1879864, 1, 0, 0
78400, 1873492, 1, 0, 0
78400, 1011548, 0, 0, 0
78500, 946132, 0, 0, 0
78500, 1917199, 1, 0, 0
78600, 2017757, 1, 0, 0
78601, 987461, 0, 0, 0
78700, 1940116, 1, 0, 0
78701, 1155381, 0, 0, 0
78800, 1884973, 1, 0, 0
78802, 991003, 0, 0, 0
78900, 1852857, 1, 0, 0
78900, 1087672, 0, 0, 0
79000, 1894931, 1, 0, 0
79000, 1041110, 0, 0, 0
79100, 1926542, 1, 0, 0
79100, 1046831, 0, 0, 0
79200, 1861708, 1, 0, 0
79200, 1002645, 0, 0, 0
79300, 1943056, 1, 0, 0
79301, 1062349, 0, 0, 0
79400, 1069048, 0, 0, 0
79402, 1891733, 1, 0, 0
79530, 2240215, 1, 0, 0
79530, 1470368, 0, 0, 0
79600, 2249556, 1, 0, 0
79601, 937328, 0, 0, 0
79700, 1802677, 1, 0, 0
79701, 958547, 0, 0, 0
79800, 1929738, 1, 0, 0
79801, 1049305, 0, 0, 0
79900, 1895514, 1, 0, 0
79900, 998496, 0, 0, 0
80000, 1932673, 1, 0, 0
80002, 1002986, 0, 0, 0
80100, 1816909, 1, 0, 0
80100, 945940, 0, 0, 0
80200, 1920014, 1, 0, 0
80201, 974136, 0, 0, 0
80300, 1067236, 0, 0, 0
80300, 1910832, 1, 0, 0
80400, 974583, 0, 0, 0
80400, 1861117, 1, 0, 0
80500, 1889992, 1, 0, 0
80502, 1036527, 0, 0, 0
80600, 1975046, 1, 0, 0
80600, 987133, 0, 0, 0
80700, 983140, 0, 0, 0
80700, 1873379, 1, 0, 0
80800, 1961972, 1, 0, 0
80801, 937563, 0, 0, 0
80900, 1936380, 1, 0, 0
80902, 1010255, 0, 0, 0
81000, 1903375, 1, 0, 0
81001, 1012801, 0, 0, 0
81100, 1880226, 1, 0, 0
81100, 964106, 0, 0, 0
81200, 988532, 0, 0, 0
81201, 1945797, 1, 0, 0
81300, 1894168, 1, 0, 0
81300, 1037916, 0, 0, 0
81400, 1834877, 1, 0, 0
81400, 961475, 0, 0, 0
81500, 1936185, 1, 0, 0
81502, 1002839, 0, 0, 0
81600, 1907140, 1, 0, 0
81600, 954883, 0, 0, 0
81700, 999787, 0, 0, 0
81701, 1928736, 1, 0, 0
81800, 1965446, 1, 0, 0
81802, 1032226, 0, 0, 0
81900, 1984407, 1, 0, 0
81900, 1041373, 0, 0, 0
82000, 1919010, 1, 0, 0
82000, 1090068, 0, 0, 0
82100, 1999795, 1, 0, 0
82101, 986014, 0, 0, 0
82200, 1025978, 0, 0, 0
82200, 1965845, 1, 0, 0
82300, 1050708, 0, 0, 0
82300, 1899709, 1, 0, 0
82400, 973048, 0, 0, 0
82400, 1876979, 1, 0, 0
82500, 1896684, 1, 0, 0
82501, 951646, 0, 0, 0
82600, 2213860, 1, 0, 0
82601, 936420, 0, 0, 0
82700, 952862, 0, 0, 0
82700, 1774185, 1, 0, 0
82800, 932875, 0, 0, 0
82800, 1857697, 1, 0, 0
82900, 2044616, 1, 0, 0
82900, 1006923, 0, 0, 0
83000, 1897090, 1, 0, 0
83000, 971626, 0, 0, 0
83100, 1862908, 1, 0, 0
83103, 941931, 0, 0, 0
83200, 1867606, 1, 0, 0
83201, 1029666, 0, 0, 0
83300, 1078198, 0, 0, 0
83300, 1876829, 1, 0, 0
83400, 946557, 0, 0, 0
83400, 1915970, 1, 0, 0
83500, 1863600, 1, 0, 0
83500, 1025749, 0, 0, 0
83600, 2053791, 1, 0, 0
83600, 1019322, 0, 0, 0
83700, 1832438, 1, 0, 0
83701, 988584, 0, 0, 0
83800, 1962950, 1, 0, 0
83802, 958224, 0, 0, 0
83900, 1074443, 0, 0, 0
83900, 1902664, 1, 0, 0
84000, 1889543, 1, 0, 0
84001, 1020804, 0, 0, 0
84100, 1860719, 1, 0, 0
84102, 997074, 0, 0, 0
84200, 1889630, 1, 0, 0
84201, 1001990, 0, 0, 0
84300, 1852978, 1, 0, 0
84300, 990530, 0, 0, 0
84400, 1936929, 1, 0, 0
84402, 1066305, 0, 0, 0
84500, 1879404, 1, 0, 0
84501, 994467, 0, 0, 0
84600, 1925714, 1, 0, 0
84600, 1000913, 0, 0, 0
84700, 1845695, 1, 0, 0
84703, 999934, 0, 0, 0
84800, 3153763, 1, 0, 0
84800, 961749, 0, 0, 0
84901, 1839527, 1, 0, 0
84902, 978544, 0, 0, 0
85000, 1978235, 1, 0, 0
85005, 1074152, 0, 0, 0
85100, 1918836, 1, 0, 0
85101, 970226, 0, 0, 0
85200, 2018558, 1, 0, 0
85200, 999300, 0, 0, 0
85300, 1899319, 1, 0, 0
85300, 992959, 0, 0, 0
85401, 1909898, 1, 0, 0
85402, 987018, 0, 0, 0
85500, 1878062, 1, 0, 0
85500, 1029989, 0, 0, 0
85600, 1032581, 0, 0, 0
85600, 1867246, 1, 0, 0
85700, 2012206, 1, 0, 0
85702, 1017134, 0, 0, 0
85800, 1856930, 1, 0, 0
85804, 1016725, 0, 0, 0
85900, 1883035, 1, 0, 0
85900, 1037140, 0, 0, 0
86000, 1919897, 1, 0, 0
86003, 1012489, 0, 0, 0
86100, 1813617, 1, 0, 0
86100, 930286, 0, 0, 0
86200, 1861952, 1, 0, 0
86201, 969048, 0, 0, 0
86300, 1900548, 1, 0, 0
86304, 988238, 0, 0, 0
86400, 1858168, 1, 0, 0
86402, 1062995, 0, 0, 0
86500, 1950360, 1, 0, 0
86501, 1003501, 0, 0, 0
86600, 1017639, 0, 0, 0
86600, 2026162, 1, 0, 0
86700, 2007641, 1, 0, 0
86704, 939757, 0, 0, 0
86800, 1928434, 1, 0, 0
86801, 961971, 0, 0, 0
86900, 2507116, 1, 0, 0
86902, 1743312, 0, 0, 0
87000, 973226, 0, 0, 0
87000, 1866894, 1, 0, 0
87100, 1901795, 1, 0, 0
87104, 1106005, 0, 0, 0
87200, 1023940, 0, 0, 0
87200, 2013878, 1, 0, 0
87300, 1860800, 1, 0, 0
87300, 1055416, 0, 0, 0
87400, 1952964, 1, 0, 0
87401, 919084, 0, 0, 0
87500, 1002034, 0, 0, 0
87500, 1891956, 1, 0, 0
87600, 1956112, 1, 0, 0
87601, 1030419, 0, 0, 0
87700, 1831636, 1, 0, 0
87701, 1029268, 0, 0, 0
87800, 1919232, 1, 0, 0
87801, 959905, 0, 0, 0
87900, 1899075, 1, 0, 0
87901, 991888, 0, 0, 0
88000, 1910201, 1, 0, 0
88003, 993623, 0, 0, 0
88100, 1909134, 1, 0, 0
88102, 1012507, 0, 0, 0
88200, 980035, 0, 0, 0
88200, 2017798, 1, 0, 0
88300, 1188867, 0, 0, 0
88300, 2060160, 1, 0, 0
88400, 1951738, 1, 0, 0
88403, 959592, 0, 0, 0
88500, 1937081, 1, 0, 0
88500, 1006032, 0, 0, 0
88600, 2098647, 1, 0, 0
88603, 1082395, 0, 0, 0
88700, 2171052, 1, 0, 0
88701, 987359, 0, 0, 0
88803, 2039145, 1, 0, 0
88804, 1006426, 0, 0, 0
88900, 2027377, 1, 0, 0
88905, 959079, 0, 0, 0
89000, 1050546, 0, 0, 0
89000, 1913775, 1, 0, 0
89100, 1005161, 0, 0, 0
89101, 1866823, 1, 0, 0
89200, 1070124, 0, 0, 0
89201, 2012116, 1, 0, 0
89300, 2164297, 1, 0, 0
89302, 945039, 0, 0, 0
89400, 1998093, 1, 0, 0
89402, 1013583, 0, 0, 0
89500, 1932378, 1, 0, 0
89502, 1015432, 0, 0, 0
89600, 1987875, 1, 0, 0
89600, 1069401, 0, 0, 0
89700, 3604455, 1, 0, 0
89700, 1010897, 0, 0, 0
89800, 1767323, 1, 0, 0
89804, 971877, 0, 0, 0
89900, 1976890, 1, 0, 0
89901, 1078527, 0, 0, 0
90000, 1022666, 0, 0, 0
90001, 1988911, 1, 0, 0
90001, 1666709, 1, 0, 0
