100, 3793, 0, 0, 0
200, 3480, 0, 0, 0
300, 3522, 0, 0, 0
400, 3667, 0, 0, 0
500, 3645, 0, 0, 0
600, 3505, 0, 0, 0
700, 3373, 0, 0, 0
800, 3523, 0, 0, 0
900, 3321, 0, 0, 0
1000, 3536, 0, 0, 0
1100, 4681, 0, 0, 0
1200, 4614, 0, 0, 0
1300, 4065, 0, 0, 0
1400, 4203, 0, 0, 0
1500, 4304, 0, 0, 0
1600, 4491, 0, 0, 0
1700, 4045, 0, 0, 0
1800, 3856, 0, 0, 0
1900, 4177, 0, 0, 0
2000, 3554, 0, 0, 0
2100, 3447, 0, 0, 0
2200, 3719, 0, 0, 0
2300, 4199, 0, 0, 0
2400, 3874, 0, 0, 0
2500, 3553, 0, 0, 0
2600, 3998, 0, 0, 0
2700, 3839, 0, 0, 0
2800, 3994, 0, 0, 0
3883, 4324, 0, 0, 0
3900, 4020, 0, 0, 0
4000, 3539, 0, 0, 0
4100, 3026, 0, 0, 0
4200, 2898, 0, 0, 0
4300, 3065, 0, 0, 0
4400, 3057, 0, 0, 0
4500, 3315, 0, 0, 0
4601, 4338, 0, 0, 0
4705, 3200, 0, 0, 0
4800, 3235, 0, 0, 0
4900, 3017, 0, 0, 0
5000, 3258, 0, 0, 0
5100, 3503, 0, 0, 0
5200, 3234, 0, 0, 0
5300, 3099, 0, 0, 0
5400, 4139, 0, 0, 0
5500, 4753, 0, 0, 0
5600, 4333, 0, 0, 0
5700, 3939, 0, 0, 0
5800, 3357, 0, 0, 0
5900, 3319, 0, 0, 0
6000, 3287, 0, 0, 0
6100, 3151, 0, 0, 0
6200, 3230, 0, 0, 0
6300, 3008, 0, 0, 0
6400, 3130, 0, 0, 0
6500, 3390, 0, 0, 0
6600, 3613, 0, 0, 0
7555, 3371, 0, 0, 0
7600, 3286, 0, 0, 0
7700, 3442, 0, 0, 0
7800, 4349, 0, 0, 0
7900, 4011, 0, 0, 0
8000, 4094, 0, 0, 0
8100, 3741, 0, 0, 0
8200, 4195, 0, 0, 0
8300, 4899, 0, 0, 0
8400, 5026, 0, 0, 0
8500, 4552, 0, 0, 0
8600, 3420, 0, 0, 0
8700, 3748, 0, 0, 0
8800, 3910, 0, 0, 0
8900, 3304, 0, 0, 0
9000, 3428, 0, 0, 0
9100, 3935, 0, 0, 0
9200, 3570, 0, 0, 0
9300, 3255, 0, 0, 0
9400, 3044, 0, 0, 0
9500, 3262, 0, 0, 0
9600, 3834, 0, 0, 0
9700, 4070, 0, 0, 0
9800, 3756, 0, 0, 0
9900, 3601, 0, 0, 0
10000, 3297, 0, 0, 0
10100, 3430, 0, 0, 0
10200, 2899, 0, 0, 0
10300, 3256, 0, 0, 0
10400, 3335, 0, 0, 0
11541, 4003, 0, 0, 0
11600, 4815, 0, 0, 0
11700, 4213, 0, 0, 0
11800, 3641, 0, 0, 0
11900, 3495, 0, 0, 0
12000, 4439, 0, 0, 0
12100, 4536, 0, 0, 0
12200, 4161, 0, 0, 0
12300, 3716, 0, 0, 0
12400, 4696, 0, 0, 0
12500, 3904, 0, 0, 0
12600, 3474, 0, 0, 0
12700, 3993, 0, 0, 0
12800, 4135, 0, 0, 0
12900, 4136, 0, 0, 0
13000, 4345, 0, 0, 0
13100, 3172, 0, 0, 0
13200, 3699, 0, 0, 0
13300, 3727, 0, 0, 0
13400, 3311, 0, 0, 0
13500, 3217, 0, 0, 0
13600, 3496, 0, 0, 0
13700, 3269, 0, 0, 0
13800, 2956, 0, 0, 0
13900, 3452, 0, 0, 0
14000, 3716, 0, 0, 0
14100, 3635, 0, 0, 0
14200, 3500, 0, 0, 0
14300, 3399, 0, 0, 0
14400, 3217, 0, 0, 0
15298, 3525, 0, 0, 0
15300, 2994, 0, 0, 0
15403, 3330, 0, 0, 0
15500, 3318, 0, 0, 0
15600, 4026, 0, 0, 0
15700, 3273, 0, 0, 0
15800, 4123, 0, 0, 0
15900, 4608, 0, 0, 0
16000, 4564, 0, 0, 0
16100, 4518, 0, 0, 0
16200, 3991, 0, 0, 0
16300, 4366, 0, 0, 0
16400, 4414, 0, 0, 0
16500, 4268, 0, 0, 0
16600, 3109, 0, 0, 0
16700, 3452, 0, 0, 0
16800, 3407, 0, 0, 0
16900, 3288, 0, 0, 0
17000, 3247, 0, 0, 0
17100, 4464, 0, 0, 0
17200, 3937, 0, 0, 0
17300, 3272, 0, 0, 0
17400, 3654, 0, 0, 0
17500, 3425, 0, 0, 0
17600, 3834, 0, 0, 0
17700, 3614, 0, 0, 0
17800, 3965, 0, 0, 0
17900, 4292, 0, 0, 0
18000, 4460, 0, 0, 0
18100, 4451, 0, 0, 0
18200, 4498, 0, 0, 0
18300, 3566, 0, 0, 0
18400, 3668, 0, 0, 0
18500, 3153, 0, 0, 0
18600, 3032, 0, 0, 0
18700, 2893, 0, 0, 0
18800, 3123, 0, 0, 0
18900, 2976, 0, 0, 0
19000, 3278, 0, 0, 0
19100, 3564, 0, 0, 0
19200, 4266, 0, 0, 0
19300, 4726, 0, 0, 0
19400, 4120, 0, 0, 0
19500, 3107, 0, 0, 0
19600, 3277, 0, 0, 0
19700, 3224, 0, 0, 0
19800, 3735, 0, 0, 0
19900, 3417, 0, 0, 0
20000, 3794, 0, 0, 0
20100, 3712, 0, 0, 0
20200, 3347, 0, 0, 0
20300, 3451, 0, 0, 0
20400, 3149, 0, 0, 0
20500, 3255, 0, 0, 0
20600, 3805, 0, 0, 0
20700, 4244, 0, 0, 0
20800, 3109, 0, 0, 0
20900, 3334, 0, 0, 0
21000, 3393, 0, 0, 0
21100, 3901, 0, 0, 0
21200, 3384, 0, 0, 0
21300, 4208, 0, 0, 0
21400, 3619, 0, 0, 0
21500, 3919, 0, 0, 0
21600, 4604, 0, 0, 0
21700, 4444, 0, 0, 0
21800, 4426, 0, 0, 0
21900, 3639, 0, 0, 0
22000, 4143, 0, 0, 0
22100, 4788, 0, 0, 0
22200, 4793, 0, 0, 0
22300, 4100, 0, 0, 0
22400, 3891, 0, 0, 0
22500, 3191, 0, 0, 0
22600, 3542, 0, 0, 0
22700, 2946, 0, 0, 0
22800, 3344, 0, 0, 0
22900, 3364, 0, 0, 0
23000, 3306, 0, 0, 0
23100, 3165, 0, 0, 0
23200, 3748, 0, 0, 0
23300, 3839, 0, 0, 0
23400, 3511, 0, 0, 0
23500, 3161, 0, 0, 0
23600, 3138, 0, 0, 0
23700, 3217, 0, 0, 0
23800, 3530, 0, 0, 0
23900, 3433, 0, 0, 0
24000, 3238, 0, 0, 0
24100, 3104, 0, 0, 0
24200, 3287, 0, 0, 0
24300, 3985, 0, 0, 0
24400, 4398, 0, 0, 0
24500, 3032, 0, 0, 0
24600, 3290, 0, 0, 0
24700, 3626, 0, 0, 0
24800, 4033, 0, 0, 0
24900, 3405, 0, 0, 0
25000, 3544, 0, 0, 0
25100, 3839, 0, 0, 0
25200, 3266, 0, 0, 0
25300, 3146, 0, 0, 0
25400, 3422, 0, 0, 0
25500, 3300, 0, 0, 0
25600, 3134, 0, 0, 0
25700, 3061, 0, 0, 0
25800, 2756, 0, 0, 0
25900, 3180, 0, 0, 0
26000, 3413, 0, 0, 0
26100, 2967, 0, 0, 0
26200, 3117, 0, 0, 0
26300, 3155, 0, 0, 0
26400, 3528, 0, 0, 0
26500, 3807, 0, 0, 0
26600, 3872, 0, 0, 0
26700, 3283, 0, 0, 0
26800, 3073, 0, 0, 0
26900, 3465, 0, 0, 0
27000, 3336, 0, 0, 0
27100, 3233, 0, 0, 0
27200, 3216, 0, 0, 0
27300, 3186, 0, 0, 0
27400, 3592, 0, 0, 0
27500, 3387, 0, 0, 0
27600, 3955, 0, 0, 0
27700, 3544, 0, 0, 0
27800, 2987, 0, 0, 0
27900, 3212, 0, 0, 0
28000, 3091, 0, 0, 0
28100, 3237, 0, 0, 0
28200, 2990, 0, 0, 0
28300, 3587, 0, 0, 0
28400, 3262, 0, 0, 0
28500, 3164, 0, 0, 0
28600, 3285, 0, 0, 0
28700, 3089, 0, 0, 0
28800, 3926, 0, 0, 0
28900, 3846, 0, 0, 0
29000, 3477, 0, 0, 0
29100, 3583, 0, 0, 0
29200, 3124, 0, 0, 0
29300, 3347, 0, 0, 0
29400, 3238, 0, 0, 0
29500, 3259, 0, 0, 0
29600, 3428, 0, 0, 0
29700, 3161, 0, 0, 0
29800, 3310, 0, 0, 0
29900, 3812, 0, 0, 0
30000, 3711, 0, 0, 0
30100, 3349, 0, 0, 0
30200, 4073, 0, 0, 0
30300, 3647, 0, 0, 0
30400, 4072, 0, 0, 0
30500, 4182, 0, 0, 0
30600, 4552, 0, 0, 0
30700, 3523, 0, 0, 0
30800, 3040, 0, 0, 0
30900, 3340, 0, 0, 0
31000, 3075, 0, 0, 0
31100, 3316, 0, 0, 0
31200, 3501, 0, 0, 0
31300, 2901, 0, 0, 0
31400, 3168, 0, 0, 0
31500, 3027, 0, 0, 0
31600, 3191, 0, 0, 0
31700, 3198, 0, 0, 0
31800, 3143, 0, 0, 0
31900, 3339, 0, 0, 0
32000, 3279, 0, 0, 0
32100, 3654, 0, 0, 0
32200, 3329, 0, 0, 0
32300, 3341, 0, 0, 0
32400, 3092, 0, 0, 0
32500, 3213, 0, 0, 0
32600, 3504, 0, 0, 0
32700, 3638, 0, 0, 0
32800, 4409, 0, 0, 0
32900, 4299, 0, 0, 0
33000, 4129, 0, 0, 0
33100, 3458, 0, 0, 0
33200, 3342, 0, 0, 0
33300, 3294, 0, 0, 0
33400, 3477, 0, 0, 0
33500, 3422, 0, 0, 0
33600, 4242, 0, 0, 0
33700, 4043, 0, 0, 0
33800, 3767, 0, 0, 0
33900, 3911, 0, 0, 0
34000, 3206, 0, 0, 0
34100, 2948, 0, 0, 0
34200, 3851, 0, 0, 0
34300, 4466, 0, 0, 0
34400, 3722, 0, 0, 0
34500, 3389, 0, 0, 0
34600, 3299, 0, 0, 0
34700, 3176, 0, 0, 0
34800, 3936, 0, 0, 0
34900, 4079, 0, 0, 0
35000, 3298, 0, 0, 0
35100, 3291, 0, 0, 0
35200, 3523, 0, 0, 0
35300, 2956, 0, 0, 0
35400, 3027, 0, 0, 0
35500, 3168, 0, 0, 0
35600, 3243, 0, 0, 0
35700, 3235, 0, 0, 0
35800, 3215, 0, 0, 0
35900, 3245, 0, 0, 0
36000, 3288, 0, 0, 0
36100, 3151, 0, 0, 0
36200, 3161, 0, 0, 0
36300, 3482, 0, 0, 0
36400, 3393, 0, 0, 0
36500, 3435, 0, 0, 0
36600, 3458, 0, 0, 0
36700, 3149, 0, 0, 0
36800, 3844, 0, 0, 0
36900, 3414, 0, 0, 0
37000, 3273, 0, 0, 0
37100, 3172, 0, 0, 0
37200, 4027, 0, 0, 0
37300, 3474, 0, 0, 0
37400, 3378, 0, 0, 0
37500, 3839, 0, 0, 0
37600, 3308, 0, 0, 0
37700, 3573, 0, 0, 0
37800, 3122, 0, 0, 0
37900, 3251, 0, 0, 0
38033, 3888, 0, 0, 0
38136, 3458, 0, 0, 0
38225, 3184, 0, 0, 0
38432, 3055, 0, 0, 0
38535, 7750, 0, 0, 0
38649, 4256, 0, 0, 0
38827, 3031, 0, 0, 0
39061, 3250, 0, 0, 0
39127, 4703, 0, 0, 0
39236, 5339, 0, 0, 0
39314, 3180, 0, 0, 0
39507, 4682, 0, 0, 0
39604, 3191, 0, 0, 0
39797, 3629, 0, 0, 0
39800, 4288, 0, 0, 0
40065, 3315, 0, 0, 0
40199, 3175, 0, 0, 0
40200, 3660, 0, 0, 0
40300, 3770, 0, 0, 0
41062, 2862, 0, 0, 0
41267, 4002, 0, 0, 0
41308, 4880, 0, 0, 0
41400, 5206, 0, 0, 0
41574, 5403, 0, 0, 0
41632, 4888, 0, 0, 0
41749, 6087, 0, 0, 0
41800, 5106, 0, 0, 0
42551, 4484, 0, 0, 0
43094, 5314, 0, 0, 0
43157, 6894, 0, 0, 0
43219, 5352, 0, 0, 0
43807, 5260, 0, 0, 0
43967, 6490, 0, 0, 0
44021, 4604, 0, 0, 0
44101, 4141, 0, 0, 0
44205, 2920, 0, 0, 0
44339, 2988, 0, 0, 0
44450, 3159, 0, 0, 0
44501, 3249, 0, 0, 0
44767, 4123, 0, 0, 0
44800, 2664, 0, 0, 0
45033, 3580, 0, 0, 0
45109, 3170, 0, 0, 0
45228, 2916, 0, 0, 0
45405, 3473, 0, 0, 0
45595, 2462, 0, 0, 0
45600, 3751, 0, 0, 0
45700, 3128, 0, 0, 0
45821, 4037, 0, 0, 0
45955, 4841, 0, 0, 0
46010, 4317, 0, 0, 0
46220, 3331, 0, 0, 0
47081, 3690, 0, 0, 0
47100, 3717, 0, 0, 0
47200, 2721, 0, 0, 0
47742, 2460, 0, 0, 0
47806, 4463, 0, 0, 0
48024, 4183, 0, 0, 0
48100, 3719, 0, 0, 0
48260, 3676, 0, 0, 0
48386, 3775, 0, 0, 0
48400, 4100, 0, 0, 0
48987, 3078, 0, 0, 0
49000, 4924, 0, 0, 0
49102, 4116, 0, 0, 0
49200, 4437, 0, 0, 0
49811, 4672, 0, 0, 0
49967, 3482, 0, 0, 0
50656, 3003, 0, 0, 0
50793, 3807, 0, 0, 0
50808, 4682, 0, 0, 0
50905, 3442, 0, 0, 0
51000, 3630, 0, 0, 0
51116, 3803, 0, 0, 0
51295, 5524, 0, 0, 0
51300, 3258, 0, 0, 0
51834, 3812, 0, 0, 0
51905, 4077, 0, 0, 0
52448, 3434, 0, 0, 0
52500, 5209, 0, 0, 0
52600, 3358, 0, 0, 0
52700, 3439, 0, 0, 0
52892, 3543, 0, 0, 0
52900, 3660, 0, 0, 0
53000, 3409, 0, 0, 0
53100, 3015, 0, 0, 0
53204, 2961, 0, 0, 0
53813, 3067, 0, 0, 0
53900, 3536, 0, 0, 0
54000, 3503, 0, 0, 0
54100, 3276, 0, 0, 0
54200, 3051, 0, 0, 0
54300, 2922, 0, 0, 0
54400, 3108, 0, 0, 0
54610, 3352, 0, 0, 0
54791, 4602, 0, 0, 0
54800, 4244, 0, 0, 0
54904, 3894, 0, 0, 0
55000, 4038, 0, 0, 0
55100, 4166, 0, 0, 0
55200, 3866, 0, 0, 0
55300, 3915, 0, 0, 0
55400, 3652, 0, 0, 0
55500, 3188, 0, 0, 0
55600, 3721, 0, 0, 0
55700, 3324, 0, 0, 0
55800, 3712, 0, 0, 0
55900, 3835, 0, 0, 0
56000, 3316, 0, 0, 0
56100, 3411, 0, 0, 0
56200, 3495, 0, 0, 0
56300, 3335, 0, 0, 0
56400, 3412, 0, 0, 0
56500, 3468, 0, 0, 0
56600, 3218, 0, 0, 0
56700, 3300, 0, 0, 0
56800, 3270, 0, 0, 0
56900, 3278, 0, 0, 0
57000, 3314, 0, 0, 0
57100, 2958, 0, 0, 0
57200, 3739, 0, 0, 0
57300, 3571, 0, 0, 0
57400, 3644, 0, 0, 0
57500, 4146, 0, 0, 0
57600, 3770, 0, 0, 0
57700, 4088, 0, 0, 0
57800, 4130, 0, 0, 0
57900, 3694, 0, 0, 0
58000, 3189, 0, 0, 0
58100, 3287, 0, 0, 0
58200, 3444, 0, 0, 0
58300, 3543, 0, 0, 0
58400, 3549, 0, 0, 0
58500, 3940, 0, 0, 0
58600, 4344, 0, 0, 0
58700, 3405, 0, 0, 0
58800, 3445, 0, 0, 0
58900, 3488, 0, 0, 0
59000, 3527, 0, 0, 0
59100, 3418, 0, 0, 0
59200, 3296, 0, 0, 0
59300, 3707, 0, 0, 0
59400, 3507, 0, 0, 0
59500, 4114, 0, 0, 0
59600, 3559, 0, 0, 0
59700, 3251, 0, 0, 0
59800, 3153, 0, 0, 0
59900, 3155, 0, 0, 0
60000, 4569, 0, 0, 0
60100, 3888, 0, 0, 0
60200, 4474, 0, 0, 0
60300, 5008, 0, 0, 0
60400, 4607, 0, 0, 0
60500, 4119, 0, 0, 0
60600, 3420, 0, 0, 0
60700, 3119, 0, 0, 0
60800, 3054, 0, 0, 0
60900, 3271, 0, 0, 0
61000, 3035, 0, 0, 0
61100, 3177, 0, 0, 0
61200, 3624, 0, 0, 0
61300, 3416, 0, 0, 0
61400, 3115, 0, 0, 0
61500, 2983, 0, 0, 0
61600, 3379, 0, 0, 0
61700, 2879, 0, 0, 0
61800, 3235, 0, 0, 0
61900, 3109, 0, 0, 0
62000, 3048, 0, 0, 0
62100, 2986, 0, 0, 0
62200, 3957, 0, 0, 0
62300, 3553, 0, 0, 0
62400, 3506, 0, 0, 0
62500, 3780, 0, 0, 0
62600, 2942, 0, 0, 0
62700, 3315, 0, 0, 0
62800, 3712, 0, 0, 0
62900, 3100, 0, 0, 0
63000, 4357, 0, 0, 0
63100, 3626, 0, 0, 0
63200, 2820, 0, 0, 0
63300, 3200, 0, 0, 0
63400, 3539, 0, 0, 0
63500, 3155, 0, 0, 0
63600, 4303, 0, 0, 0
63700, 4439, 0, 0, 0
63800, 3862, 0, 0, 0
63900, 3609, 0, 0, 0
64000, 3691, 0, 0, 0
64100, 3574, 0, 0, 0
64200, 3948, 0, 0, 0
64300, 3086, 0, 0, 0
64400, 4073, 0, 0, 0
64500, 3128, 0, 0, 0
64600, 3611, 0, 0, 0
64700, 3518, 0, 0, 0
64800, 3596, 0, 0, 0
64900, 3249, 0, 0, 0
65000, 3648, 0, 0, 0
65100, 3219, 0, 0, 0
65200, 3224, 0, 0, 0
65300, 3409, 0, 0, 0
65400, 3352, 0, 0, 0
65500, 3403, 0, 0, 0
65600, 3412, 0, 0, 0
65700, 3603, 0, 0, 0
65800, 3371, 0, 0, 0
65900, 3256, 0, 0, 0
66000, 3583, 0, 0, 0
66100, 3438, 0, 0, 0
66200, 3673, 0, 0, 0
66300, 3617, 0, 0, 0
66400, 3833, 0, 0, 0
66500, 3273, 0, 0, 0
66600, 3124, 0, 0, 0
66700, 3430, 0, 0, 0
66800, 3244, 0, 0, 0
66900, 4508, 0, 0, 0
67000, 3565, 0, 0, 0
67100, 3345, 0, 0, 0
67200, 3485, 0, 0, 0
67300, 3219, 0, 0, 0
67400, 3085, 0, 0, 0
67500, 3585, 0, 0, 0
67600, 3084, 0, 0, 0
67766, 3008, 0, 0, 0
67875, 3305, 0, 0, 0
67981, 6151, 0, 0, 0
68257, 3493, 0, 0, 0
68300, 3056, 0, 0, 0
68663, 8705, 0, 0, 0
68793, 3523, 0, 0, 0
68805, 5902, 0, 0, 0
69168, 3288, 0, 0, 0
69228, 3989, 0, 0, 0
69611, 5239, 0, 0, 0
69942, 4808, 0, 0, 0
70045, 4924, 0, 0, 0
70260, 5070, 0, 0, 0
70302, 4308, 0, 0, 0
70440, 3673, 0, 0, 0
70664, 12711, 0, 0, 0
70750, 3993, 0, 0, 0
70812, 3673, 0, 0, 0
71150, 5114, 0, 0, 0
71267, 4234, 0, 0, 0
71303, 6291, 0, 0, 0
71419, 3349, 0, 0, 0
71814, 3108, 0, 0, 0
72168, 3434, 0, 0, 0
72200, 3463, 0, 0, 0
72300, 3366, 0, 0, 0
72432, 3735, 0, 0, 0
72843, 4013, 0, 0, 0
72944, 3373, 0, 0, 0
73307, 3177, 0, 0, 0
73500, 3834, 0, 0, 0
73615, 4080, 0, 0, 0
73713, 3295, 0, 0, 0
73814, 4349, 0, 0, 0
74306, 3803, 0, 0, 0
74419, 3519, 0, 0, 0
74505, 4433, 0, 0, 0
74614, 3964, 0, 0, 0
74763, 3754, 0, 0, 0
74815, 5553, 0, 0, 0
75227, 3746, 0, 0, 0
75363, 4691, 0, 0, 0
75614, 5860, 0, 0, 0
75700, 3461, 0, 0, 0
75817, 5954, 0, 0, 0
75900, 3670, 0, 0, 0
76000, 4813, 0, 0, 0
76120, 3417, 0, 0, 0
76201, 3748, 0, 0, 0
76524, 3262, 0, 0, 0
76604, 3188, 0, 0, 0
76719, 3741, 0, 0, 0
76807, 4111, 0, 0, 0
76907, 3219, 0, 0, 0
77026, 3233, 0, 0, 0
77110, 3679, 0, 0, 0
77206, 4162, 0, 0, 0
77326, 4070, 0, 0, 0
77705, 5543, 0, 0, 0
77803, 3893, 0, 0, 0
77906, 3401, 0, 0, 0
78001, 3958, 0, 0, 0
78100, 3405, 0, 0, 0
78200, 3888, 0, 0, 0
78328, 3814, 0, 0, 0
78400, 3933, 0, 0, 0
78500, 3724, 0, 0, 0
78600, 3358, 0, 0, 0
78700, 2909, 0, 0, 0
78800, 3209, 0, 0, 0
78900, 2925, 0, 0, 0
79000, 3575, 0, 0, 0
79100, 3536, 0, 0, 0
79200, 3396, 0, 0, 0
79300, 3563, 0, 0, 0
79400, 3585, 0, 0, 0
79500, 3384, 0, 0, 0
79600, 3196, 0, 0, 0
79700, 3273, 0, 0, 0
79800, 3245, 0, 0, 0
79900, 3307, 0, 0, 0
80000, 3077, 0, 0, 0
80100, 3455, 0, 0, 0
80200, 3090, 0, 0, 0
80300, 3277, 0, 0, 0
80400, 3314, 0, 0, 0
80500, 3332, 0, 0, 0
80600, 4324, 0, 0, 0
80700, 3497, 0, 0, 0
80800, 3349, 0, 0, 0
80900, 3362, 0, 0, 0
81000, 3322, 0, 0, 0
81100, 3546, 0, 0, 0
81200, 3584, 0, 0, 0
81300, 3860, 0, 0, 0
81400, 3412, 0, 0, 0
81500, 3206, 0, 0, 0
81600, 3687, 0, 0, 0
81700, 3729, 0, 0, 0
81800, 3836, 0, 0, 0
81900, 3540, 0, 0, 0
82000, 4164, 0, 0, 0
82100, 3487, 0, 0, 0
82200, 4019, 0, 0, 0
82300, 4351, 0, 0, 0
82400, 4005, 0, 0, 0
82500, 4279, 0, 0, 0
82600, 3536, 0, 0, 0
82700, 3344, 0, 0, 0
82800, 3201, 0, 0, 0
82900, 3190, 0, 0, 0
83000, 3395, 0, 0, 0
83100, 3009, 0, 0, 0
83200, 3838, 0, 0, 0
83300, 3659, 0, 0, 0
83400, 3950, 0, 0, 0
83500, 4320, 0, 0, 0
83600, 4653, 0, 0, 0
83700, 4099, 0, 0, 0
83800, 3786, 0, 0, 0
83900, 3971, 0, 0, 0
84000, 3935, 0, 0, 0
84100, 3912, 0, 0, 0
84200, 4997, 0, 0, 0
84300, 4325, 0, 0, 0
84400, 3837, 0, 0, 0
84500, 3599, 0, 0, 0
84600, 3683, 0, 0, 0
84700, 3989, 0, 0, 0
84800, 3994, 0, 0, 0
84900, 4451, 0, 0, 0
85000, 3779, 0, 0, 0
85100, 3613, 0, 0, 0
85200, 4026, 0, 0, 0
85300, 4279, 0, 0, 0
85400, 3796, 0, 0, 0
85500, 4221, 0, 0, 0
85600, 4130, 0, 0, 0
85700, 4042, 0, 0, 0
85800, 4262, 0, 0, 0
85900, 3876, 0, 0, 0
86000, 3838, 0, 0, 0
86100, 3897, 0, 0, 0
86200, 3612, 0, 0, 0
86300, 3833, 0, 0, 0
86400, 3749, 0, 0, 0
86500, 3743, 0, 0, 0
86600, 3577, 0, 0, 0
86700, 3774, 0, 0, 0
86800, 3749, 0, 0, 0
86900, 3290, 0, 0, 0
87000, 3687, 0, 0, 0
87100, 3546, 0, 0, 0
87200, 4008, 0, 0, 0
87300, 4081, 0, 0, 0
87400, 3799, 0, 0, 0
87500, 4150, 0, 0, 0
87600, 4176, 0, 0, 0
87700, 3542, 0, 0, 0
87800, 3925, 0, 0, 0
87900, 4200, 0, 0, 0
88000, 3842, 0, 0, 0
88100, 4230, 0, 0, 0
88200, 4117, 0, 0, 0
88300, 3838, 0, 0, 0
88400, 4133, 0, 0, 0
88500, 4124, 0, 0, 0
88600, 3809, 0, 0, 0
88700, 3835, 0, 0, 0
88800, 4040, 0, 0, 0
88900, 4266, 0, 0, 0
89000, 3802, 0, 0, 0
89100, 3313, 0, 0, 0
89201, 3854, 0, 0, 0
89300, 4379, 0, 0, 0
89402, 3689, 0, 0, 0
89500, 3459, 0, 0, 0
89600, 3792, 0, 0, 0
89700, 3904, 0, 0, 0
89800, 4076, 0, 0, 0
89900, 3419, 0, 0, 0
90000, 3820, 0, 0, 0
