100, 509107, 0, 0, 0
200, 489271, 0, 0, 0
300, 491108, 0, 0, 0
400, 504646, 0, 0, 0
500, 492024, 0, 0, 0
600, 493195, 0, 0, 0
700, 489144, 0, 0, 0
800, 497998, 0, 0, 0
900, 487323, 0, 0, 0
1000, 470353, 0, 0, 0
1100, 490933, 0, 0, 0
1200, 486356, 0, 0, 0
1300, 470651, 0, 0, 0
1400, 467791, 0, 0, 0
1500, 479401, 0, 0, 0
1600, 496138, 0, 0, 0
1700, 471417, 0, 0, 0
1800, 470130, 0, 0, 0
1900, 485306, 0, 0, 0
2000, 481981, 0, 0, 0
2100, 472903, 0, 0, 0
2200, 483282, 0, 0, 0
2300, 477319, 0, 0, 0
2400, 485179, 0, 0, 0
2500, 481168, 0, 0, 0
2600, 475818, 0, 0, 0
2700, 464187, 0, 0, 0
2800, 488661, 0, 0, 0
2900, 478641, 0, 0, 0
3000, 483504, 0, 0, 0
3100, 472206, 0, 0, 0
3200, 476401, 0, 0, 0
3300, 490273, 0, 0, 0
3400, 473198, 0, 0, 0
3500, 476334, 0, 0, 0
3600, 470234, 0, 0, 0
3700, 481601, 0, 0, 0
3800, 465042, 0, 0, 0
3900, 480093, 0, 0, 0
4000, 484796, 0, 0, 0
4100, 462406, 0, 0, 0
4200, 463150, 0, 0, 0
4300, 476075, 0, 0, 0
4400, 451574, 0, 0, 0
4500, 465260, 0, 0, 0
4600, 470263, 0, 0, 0
4700, 449227, 0, 0, 0
4800, 466078, 0, 0, 0
4900, 461100, 0, 0, 0
5000, 458363, 0, 0, 0
5100, 462014, 0, 0, 0
5200, 472657, 0, 0, 0
5300, 477823, 0, 0, 0
5400, 478259, 0, 0, 0
5500, 476947, 0, 0, 0
5600, 482584, 0, 0, 0
5700, 477103, 0, 0, 0
5800, 482816, 0, 0, 0
5900, 484512, 0, 0, 0
6000, 504046, 0, 0, 0
6100, 500692, 0, 0, 0
6200, 492581, 0, 0, 0
6300, 503196, 0, 0, 0
6400, 485296, 0, 0, 0
6500, 467511, 0, 0, 0
6600, 473333, 0, 0, 0
6700, 497418, 0, 0, 0
6800, 486536, 0, 0, 0
6900, 482062, 0, 0, 0
7000, 498072, 0, 0, 0
7100, 494162, 0, 0, 0
7200, 491125, 0, 0, 0
7300, 620429, 0, 0, 0
7400, 474416, 0, 0, 0
7500, 512557, 0, 0, 0
7600, 511709, 0, 0, 0
7700, 509167, 0, 0, 0
7800, 487423, 0, 0, 0
7900, 503206, 0, 0, 0
8000, 481829, 0, 0, 0
8100, 492159, 0, 0, 0
8243, 2018349, 0, 0, 0
8349, 53063337, 0, 0, 0
8458, 108602686, 0, 0, 0
8557, 98960541, 0, 0, 0
8660, 103048254, 0, 0, 0
8760, 100273100, 0, 0, 0
8810, 49541517, 0, 0, 0
8913, 103588871, 0, 0, 0
9024, 110388090, 0, 0, 0
9174, 50050023, 0, 0, 0
9270, 96346928, 0, 0, 0
9373, 102744145, 0, 0, 0
9435, 61950771, 0, 0, 0
9536, 100778780, 0, 0, 0
9649, 56594079, 0, 0, 0
9709, 60340068, 0, 0, 0
9822, 56267978, 0, 0, 0
9981, 79750077, 0, 0, 0
10091, 109508046, 0, 0, 0
10152, 61061133, 0, 0, 0
10267, 57542344, 0, 0, 0
10348, 20233639, 0, 0, 0
10402, 26898935, 0, 0, 0
10511, 109280967, 0, 0, 0
10631, 19949494, 0, 0, 0
10739, 108182494, 0, 0, 0
10805, 33303587, 0, 0, 0
10932, 25407637, 0, 0, 0
11000, 33587714, 0, 0, 0
11160, 53309199, 0, 0, 0
11272, 56007604, 0, 0, 0
11328, 56237299, 0, 0, 0
11450, 24412742, 0, 0, 0
11570, 39868915, 0, 0, 0
11625, 55249081, 0, 0, 0
11741, 58095046, 0, 0, 0
11800, 29268077, 0, 0, 0
11923, 24748636, 0, 0, 0
12034, 55054579, 0, 0, 0
12151, 29480374, 0, 0, 0
12208, 56439491, 0, 0, 0
12359, 37728222, 0, 0, 0
12423, 21378570, 0, 0, 0
12599, 58623667, 0, 0, 0
12601, 2375436, 0, 0, 0
12771, 56489741, 0, 0, 0
12826, 54891894, 0, 0, 0
12957, 65545180, 0, 0, 0
13023, 13353534, 0, 0, 0
13149, 31333329, 0, 0, 0
13213, 63856333, 0, 0, 0
13348, 19262981, 0, 0, 0
13468, 30074406, 0, 0, 0
13529, 61550568, 0, 0, 0
13645, 38422724, 0, 0, 0
13707, 30967162, 0, 0, 0
13825, 118209870, 0, 0, 0
14005, 35973922, 0, 0, 0
14126, 60362725, 0, 0, 0
14208, 27580816, 0, 0, 0
14342, 33331441, 0, 0, 0
14400, 9724373, 0, 0, 0
14528, 42539451, 0, 0, 0
14637, 54576620, 0, 0, 0
14757, 40033356, 0, 0, 0
14813, 14103925, 0, 0, 0
14999, 46383790, 0, 0, 0
15105, 106322317, 0, 0, 0
15242, 34119470, 0, 0, 0
15354, 22398181, 0, 0, 0
15413, 14947139, 0, 0, 0
15504, 11329168, 0, 0, 0
15611, 53638802, 0, 0, 0
15784, 43183374, 0, 0, 0
15908, 62143303, 0, 0, 0
16026, 39162891, 0, 0, 0
16110, 16879164, 0, 0, 0
16235, 17764410, 0, 0, 0
16306, 17782319, 0, 0, 0
16449, 13043344, 0, 0, 0
16514, 21512730, 0, 0, 0
16600, 12346391, 0, 0, 0
16730, 14363322, 0, 0, 0
16802, 12008347, 0, 0, 0
16942, 15628650, 0, 0, 0
17028, 6581418, 0, 0, 0
17150, 17360059, 0, 0, 0
17214, 32199785, 0, 0, 0
17342, 15977156, 0, 0, 0
17469, 63424232, 0, 0, 0
17529, 60017105, 0, 0, 0
17604, 18795390, 0, 0, 0
17733, 32241549, 0, 0, 0
17806, 14621112, 0, 0, 0
17958, 18928201, 0, 0, 0
18027, 23286381, 0, 0, 0
18148, 15043790, 0, 0, 0
18221, 36818464, 0, 0, 0
18303, 4524808, 0, 0, 0
18443, 27960762, 0, 0, 0
18500, 4389327, 0, 0, 0
18648, 18575162, 0, 0, 0
18730, 7405366, 0, 0, 0
18805, 3951916, 0, 0, 0
18907, 7245338, 0, 0, 0
19005, 2984095, 0, 0, 0
19133, 7990462, 0, 0, 0
19201, 2508899, 0, 0, 0
19311, 6128129, 0, 0, 0
19452, 7016916, 0, 0, 0
19500, 2665826, 0, 0, 0
19654, 4810545, 0, 0, 0
19715, 3401574, 0, 0, 0
19800, 1493576, 0, 0, 0
19900, 1531375, 0, 0, 0
20001, 1342081, 0, 0, 0
20100, 2164261, 0, 0, 0
20200, 2611710, 0, 0, 0
20300, 1253604, 0, 0, 0
20402, 1019602, 0, 0, 0
20501, 807794, 0, 0, 0
20600, 792977, 0, 0, 0
20700, 736809, 0, 0, 0
20800, 708363, 0, 0, 0
20901, 782775, 0, 0, 0
21000, 733935, 0, 0, 0
21100, 741322, 0, 0, 0
21200, 709931, 0, 0, 0
21300, 767401, 0, 0, 0
21400, 752991, 0, 0, 0
21500, 715492, 0, 0, 0
21600, 740731, 0, 0, 0
21700, 728498, 0, 0, 0
21800, 763511, 0, 0, 0
21900, 755411, 0, 0, 0
22000, 710393, 0, 0, 0
22100, 676451, 0, 0, 0
22200, 728584, 0, 0, 0
22300, 767970, 0, 0, 0
22400, 734244, 0, 0, 0
22500, 733491, 0, 0, 0
22600, 756258, 0, 0, 0
22700, 749060, 0, 0, 0
22800, 752535, 0, 0, 0
22900, 784202, 0, 0, 0
23000, 722306, 0, 0, 0
23100, 694060, 0, 0, 0
23200, 777655, 0, 0, 0
23300, 749518, 0, 0, 0
23400, 758342, 0, 0, 0
23500, 706865, 0, 0, 0
23600, 735713, 0, 0, 0
23700, 710153, 0, 0, 0
23800, 726616, 0, 0, 0
23900, 696684, 0, 0, 0
24000, 741792, 0, 0, 0
24100, 731115, 0, 0, 0
24200, 750494, 0, 0, 0
24300, 692318, 0, 0, 0
24400, 707416, 0, 0, 0
24500, 747656, 0, 0, 0
24600, 785689, 0, 0, 0
24700, 729307, 0, 0, 0
24800, 764506, 0, 0, 0
24900, 710175, 0, 0, 0
25000, 697910, 0, 0, 0
25100, 704050, 0, 0, 0
25200, 670059, 0, 0, 0
25301, 696200, 0, 0, 0
25400, 746501, 0, 0, 0
25500, 703504, 0, 0, 0
25600, 726695, 0, 0, 0
25700, 722252, 0, 0, 0
25801, 754751, 0, 0, 0
25900, 726338, 0, 0, 0
26000, 709920, 0, 0, 0
26100, 751059, 0, 0, 0
26200, 733694, 0, 0, 0
26300, 682761, 0, 0, 0
26400, 707954, 0, 0, 0
26500, 710880, 0, 0, 0
26600, 723335, 0, 0, 0
26700, 752516, 0, 0, 0
26800, 746010, 0, 0, 0
26900, 717036, 0, 0, 0
27000, 739710, 0, 0, 0
27100, 716692, 0, 0, 0
27200, 683025, 0, 0, 0
27300, 701198, 0, 0, 0
27400, 705347, 0, 0, 0
27500, 684745, 0, 0, 0
27600, 776268, 0, 0, 0
27700, 740796, 0, 0, 0
27800, 708399, 0, 0, 0
27900, 718796, 0, 0, 0
28000, 708548, 0, 0, 0
28100, 706564, 0, 0, 0
28200, 725883, 0, 0, 0
28300, 917337, 0, 0, 0
28400, 1033086, 0, 0, 0
28500, 897976, 0, 0, 0
28600, 771008, 0, 0, 0
28700, 711865, 0, 0, 0
28800, 779914, 0, 0, 0
28905, 802479, 0, 0, 0
29000, 923010, 0, 0, 0
29100, 825355, 0, 0, 0
29200, 727141, 0, 0, 0
29300, 819632, 0, 0, 0
29400, 709855, 0, 0, 0
29500, 740002, 0, 0, 0
29600, 889562, 0, 0, 0
29700, 820223, 0, 0, 0
29801, 861178, 0, 0, 0
29900, 767104, 0, 0, 0
30000, 775055, 0, 0, 0
30100, 724043, 0, 0, 0
30200, 708033, 0, 0, 0
30300, 886338, 0, 0, 0
30400, 1158297, 0, 0, 0
30500, 907266, 0, 0, 0
30600, 727813, 0, 0, 0
30700, 843911, 0, 0, 0
30800, 778684, 0, 0, 0
30900, 717276, 0, 0, 0
31000, 749739, 0, 0, 0
31100, 737444, 0, 0, 0
31200, 710659, 0, 0, 0
31300, 775571, 0, 0, 0
31401, 750505, 0, 0, 0
31500, 772459, 0, 0, 0
31600, 749210, 0, 0, 0
31700, 755745, 0, 0, 0
31800, 771734, 0, 0, 0
31902, 785314, 0, 0, 0
32000, 746756, 0, 0, 0
32100, 711032, 0, 0, 0
32200, 728841, 0, 0, 0
32300, 763406, 0, 0, 0
32400, 669026, 0, 0, 0
32500, 667578, 0, 0, 0
32600, 698028, 0, 0, 0
32700, 782634, 0, 0, 0
32800, 705484, 0, 0, 0
32901, 787491, 0, 0, 0
33000, 731800, 0, 0, 0
33100, 748847, 0, 0, 0
33200, 789373, 0, 0, 0
33300, 745358, 0, 0, 0
33400, 726821, 0, 0, 0
33500, 687852, 0, 0, 0
33600, 731286, 0, 0, 0
33700, 742136, 0, 0, 0
33800, 778114, 0, 0, 0
33900, 699798, 0, 0, 0
34004, 923208, 0, 0, 0
34100, 1023671, 0, 0, 0
34200, 901508, 0, 0, 0
34300, 935976, 0, 0, 0
34400, 808464, 0, 0, 0
34500, 917636, 0, 0, 0
34600, 769129, 0, 0, 0
34700, 772292, 0, 0, 0
34800, 739086, 0, 0, 0
34900, 752300, 0, 0, 0
35000, 737676, 0, 0, 0
35100, 784811, 0, 0, 0
35200, 744136, 0, 0, 0
35300, 780359, 0, 0, 0
35400, 725831, 0, 0, 0
35502, 797374, 0, 0, 0
35600, 765626, 0, 0, 0
35700, 735179, 0, 0, 0
35801, 725459, 0, 0, 0
35900, 770656, 0, 0, 0
36000, 762141, 0, 0, 0
36100, 717053, 0, 0, 0
36200, 757964, 0, 0, 0
36300, 680509, 0, 0, 0
36400, 909762, 0, 0, 0
36500, 1120662, 0, 0, 0
36603, 840469, 0, 0, 0
36700, 1071591, 0, 0, 0
36800, 756908, 0, 0, 0
36900, 777937, 0, 0, 0
37000, 776205, 0, 0, 0
37100, 735449, 0, 0, 0
37200, 695306, 0, 0, 0
37300, 766034, 0, 0, 0
37400, 827288, 0, 0, 0
37500, 707329, 0, 0, 0
37600, 749510, 0, 0, 0
37700, 799931, 0, 0, 0
37800, 775381, 0, 0, 0
37900, 761272, 0, 0, 0
38000, 736630, 0, 0, 0
38101, 757799, 0, 0, 0
38200, 776915, 0, 0, 0
38300, 838374, 0, 0, 0
38400, 1213012, 0, 0, 0
38500, 1031511, 0, 0, 0
38600, 837778, 0, 0, 0
38700, 870055, 0, 0, 0
38800, 802710, 0, 0, 0
38900, 758061, 0, 0, 0
39000, 746524, 0, 0, 0
39100, 752228, 0, 0, 0
39200, 784040, 0, 0, 0
39300, 745050, 0, 0, 0
39400, 1286781, 0, 0, 0
39500, 1072624, 0, 0, 0
39600, 1232516, 0, 0, 0
39700, 1053691, 0, 0, 0
39800, 788264, 0, 0, 0
39901, 861681, 0, 0, 0
40000, 776977, 0, 0, 0
40100, 786705, 0, 0, 0
40200, 1323237, 0, 0, 0
40300, 1011115, 0, 0, 0
40400, 1320575, 0, 0, 0
40500, 1264192, 0, 0, 0
40600, 1121825, 0, 0, 0
40700, 823135, 0, 0, 0
40800, 819640, 0, 0, 0
40900, 883255, 0, 0, 0
41000, 783398, 0, 0, 0
41100, 758374, 0, 0, 0
41200, 788358, 0, 0, 0
41300, 726463, 0, 0, 0
41400, 785996, 0, 0, 0
41500, 785468, 0, 0, 0
41600, 786836, 0, 0, 0
41700, 774919, 0, 0, 0
41800, 724094, 0, 0, 0
41900, 753062, 0, 0, 0
42000, 834938, 0, 0, 0
42100, 719521, 0, 0, 0
42200, 719856, 0, 0, 0
42300, 760776, 0, 0, 0
42400, 898051, 0, 0, 0
42500, 1003615, 0, 0, 0
42600, 1033868, 0, 0, 0
42700, 880059, 0, 0, 0
42800, 715699, 0, 0, 0
42900, 775657, 0, 0, 0
43000, 768124, 0, 0, 0
43100, 796773, 0, 0, 0
43200, 784911, 0, 0, 0
43300, 789409, 0, 0, 0
43400, 783276, 0, 0, 0
43500, 775467, 0, 0, 0
43600, 729835, 0, 0, 0
43700, 771847, 0, 0, 0
43800, 720129, 0, 0, 0
43900, 732465, 0, 0, 0
44000, 890350, 0, 0, 0
44100, 1071128, 0, 0, 0
44201, 972915, 0, 0, 0
44300, 909803, 0, 0, 0
44400, 934416, 0, 0, 0
44500, 750100, 0, 0, 0
44600, 748049, 0, 0, 0
44700, 806711, 0, 0, 0
44800, 781569, 0, 0, 0
44900, 778818, 0, 0, 0
45000, 787973, 0, 0, 0
45100, 777587, 0, 0, 0
45200, 862633, 0, 0, 0
45300, 810174, 0, 0, 0
45400, 774492, 0, 0, 0
45500, 765690, 0, 0, 0
45600, 778673, 0, 0, 0
45700, 752399, 0, 0, 0
45800, 727148, 0, 0, 0
45900, 792148, 0, 0, 0
46000, 765988, 0, 0, 0
46100, 761945, 0, 0, 0
46200, 777751, 0, 0, 0
46300, 753490, 0, 0, 0
46400, 816433, 0, 0, 0
46503, 1373770, 0, 0, 0
46600, 1034242, 0, 0, 0
46700, 967576, 0, 0, 0
46800, 811791, 0, 0, 0
46900, 776710, 0, 0, 0
47000, 756027, 0, 0, 0
47100, 727008, 0, 0, 0
47200, 767123, 0, 0, 0
47300, 742608, 0, 0, 0
47400, 698424, 0, 0, 0
47500, 667868, 0, 0, 0
47600, 779875, 0, 0, 0
47700, 723601, 0, 0, 0
47800, 752171, 0, 0, 0
47900, 747624, 0, 0, 0
48001, 708177, 0, 0, 0
48100, 732559, 0, 0, 0
48200, 733848, 0, 0, 0
48300, 741439, 0, 0, 0
48400, 1045911, 0, 0, 0
48507, 1088979, 0, 0, 0
48600, 823658, 0, 0, 0
48700, 851577, 0, 0, 0
48800, 753488, 0, 0, 0
48900, 809097, 0, 0, 0
49000, 740472, 0, 0, 0
49100, 718476, 0, 0, 0
49200, 710609, 0, 0, 0
49300, 742416, 0, 0, 0
49400, 831218, 0, 0, 0
49500, 1217817, 0, 0, 0
49600, 899315, 0, 0, 0
49700, 957452, 0, 0, 0
49800, 747774, 0, 0, 0
49900, 778599, 0, 0, 0
50000, 736811, 0, 0, 0
50100, 704399, 0, 0, 0
50200, 830773, 0, 0, 0
50300, 837010, 0, 0, 0
50402, 996404, 0, 0, 0
50500, 1690046, 0, 0, 0
50600, 885856, 0, 0, 0
50700, 895837, 0, 0, 0
50800, 805396, 0, 0, 0
50900, 722300, 0, 0, 0
51000, 791524, 0, 0, 0
51100, 813248, 0, 0, 0
51200, 764934, 0, 0, 0
51300, 775459, 0, 0, 0
51400, 846519, 0, 0, 0
51500, 796703, 0, 0, 0
51600, 789251, 0, 0, 0
51700, 763943, 0, 0, 0
51800, 779410, 0, 0, 0
51901, 825874, 0, 0, 0
52000, 790608, 0, 0, 0
52100, 746194, 0, 0, 0
52200, 722545, 0, 0, 0
52300, 722336, 0, 0, 0
52400, 729240, 0, 0, 0
52501, 2905768, 0, 0, 0
52609, 1126588, 0, 0, 0
52700, 1046204, 0, 0, 0
52801, 829252, 0, 0, 0
52900, 943087, 0, 0, 0
53000, 801004, 0, 0, 0
53100, 828061, 0, 0, 0
53200, 737295, 0, 0, 0
53300, 730271, 0, 0, 0
53400, 748990, 0, 0, 0
53500, 722338, 0, 0, 0
53600, 757910, 0, 0, 0
53700, 784376, 0, 0, 0
53800, 791200, 0, 0, 0
53900, 733319, 0, 0, 0
54000, 708328, 0, 0, 0
54100, 909054, 0, 0, 0
54201, 959082, 0, 0, 0
54304, 860023, 0, 0, 0
54400, 852709, 0, 0, 0
54500, 846175, 0, 0, 0
54605, 1016652, 0, 0, 0
54700, 963647, 0, 0, 0
54800, 889800, 0, 0, 0
54900, 811865, 0, 0, 0
55000, 802048, 0, 0, 0
55100, 809176, 0, 0, 0
55202, 797950, 0, 0, 0
55300, 1068934, 0, 0, 0
55400, 826692, 0, 0, 0
55500, 898560, 0, 0, 0
55600, 781060, 0, 0, 0
55700, 788942, 0, 0, 0
55800, 762639, 0, 0, 0
55900, 751063, 0, 0, 0
56000, 736276, 0, 0, 0
56100, 679132, 0, 0, 0
56200, 713351, 0, 0, 0
56300, 707370, 0, 0, 0
56400, 753432, 0, 0, 0
56500, 755074, 0, 0, 0
56600, 709215, 0, 0, 0
56700, 707996, 0, 0, 0
56800, 768942, 0, 0, 0
56900, 682094, 0, 0, 0
57000, 807710, 0, 0, 0
57100, 726026, 0, 0, 0
57200, 695623, 0, 0, 0
57300, 731011, 0, 0, 0
57400, 684887, 0, 0, 0
57500, 698405, 0, 0, 0
57600, 719468, 0, 0, 0
57700, 759862, 0, 0, 0
57800, 742236, 0, 0, 0
57900, 729494, 0, 0, 0
58000, 750544, 0, 0, 0
58100, 708785, 0, 0, 0
58200, 713383, 0, 0, 0
58300, 777901, 0, 0, 0
58403, 949677, 0, 0, 0
58500, 962912, 0, 0, 0
58600, 899706, 0, 0, 0
58700, 821764, 0, 0, 0
58800, 800529, 0, 0, 0
58900, 727091, 0, 0, 0
59000, 705449, 0, 0, 0
59100, 725444, 0, 0, 0
59200, 743330, 0, 0, 0
59300, 768289, 0, 0, 0
59400, 752002, 0, 0, 0
59506, 1022366, 0, 0, 0
59600, 887591, 0, 0, 0
59700, 897309, 0, 0, 0
59800, 761691, 0, 0, 0
59900, 822183, 0, 0, 0
60000, 772860, 0, 0, 0
60100, 763191, 0, 0, 0
60200, 743488, 0, 0, 0
60300, 770361, 0, 0, 0
60400, 721904, 0, 0, 0
60500, 1058111, 0, 0, 0
60602, 1163600, 0, 0, 0
60700, 922945, 0, 0, 0
60800, 786758, 0, 0, 0
60900, 925683, 0, 0, 0
61000, 732306, 0, 0, 0
61100, 754846, 0, 0, 0
61200, 748606, 0, 0, 0
61301, 780868, 0, 0, 0
61400, 785599, 0, 0, 0
61500, 960168, 0, 0, 0
61605, 1876235, 0, 0, 0
61702, 1092701, 0, 0, 0
61806, 1066649, 0, 0, 0
61900, 853893, 0, 0, 0
62000, 910369, 0, 0, 0
62100, 748797, 0, 0, 0
62200, 748968, 0, 0, 0
62300, 671678, 0, 0, 0
62400, 762560, 0, 0, 0
62501, 788356, 0, 0, 0
62600, 780731, 0, 0, 0
62700, 722243, 0, 0, 0
62800, 732926, 0, 0, 0
62900, 686360, 0, 0, 0
63000, 706461, 0, 0, 0
63100, 713966, 0, 0, 0
63200, 697165, 0, 0, 0
63300, 681713, 0, 0, 0
63400, 743811, 0, 0, 0
63500, 742686, 0, 0, 0
63600, 755737, 0, 0, 0
63700, 749162, 0, 0, 0
63800, 719566, 0, 0, 0
63900, 753187, 0, 0, 0
64000, 785209, 0, 0, 0
64100, 879238, 0, 0, 0
64200, 950507, 0, 0, 0
64300, 824028, 0, 0, 0
64400, 934780, 0, 0, 0
64500, 804844, 0, 0, 0
64601, 784084, 0, 0, 0
64700, 1210264, 0, 0, 0
64800, 982318, 0, 0, 0
64901, 826564, 0, 0, 0
65000, 898993, 0, 0, 0
65100, 729582, 0, 0, 0
65200, 720401, 0, 0, 0
65300, 1086058, 0, 0, 0
65400, 884147, 0, 0, 0
65500, 837370, 0, 0, 0
65600, 807276, 0, 0, 0
65700, 780979, 0, 0, 0
65800, 710885, 0, 0, 0
65900, 726272, 0, 0, 0
66000, 708485, 0, 0, 0
66100, 813752, 0, 0, 0
66200, 768927, 0, 0, 0
66300, 761931, 0, 0, 0
66400, 727062, 0, 0, 0
66500, 739134, 0, 0, 0
66600, 710434, 0, 0, 0
66700, 724309, 0, 0, 0
66800, 731593, 0, 0, 0
66900, 697138, 0, 0, 0
67000, 751243, 0, 0, 0
67100, 693337, 0, 0, 0
67200, 712398, 0, 0, 0
67300, 658084, 0, 0, 0
67400, 678941, 0, 0, 0
67500, 898293, 0, 0, 0
67600, 935358, 0, 0, 0
67700, 830113, 0, 0, 0
67800, 858321, 0, 0, 0
67900, 719485, 0, 0, 0
68000, 745499, 0, 0, 0
68100, 699759, 0, 0, 0
68200, 711868, 0, 0, 0
68300, 677994, 0, 0, 0
68400, 745222, 0, 0, 0
68500, 1229349, 0, 0, 0
68600, 993810, 0, 0, 0
68700, 753440, 0, 0, 0
68800, 678563, 0, 0, 0
68900, 690553, 0, 0, 0
69000, 693386, 0, 0, 0
69100, 794989, 0, 0, 0
69201, 1012000, 0, 0, 0
69300, 825674, 0, 0, 0
69401, 787946, 0, 0, 0
69500, 962842, 0, 0, 0
69600, 1006498, 0, 0, 0
69700, 834232, 0, 0, 0
69800, 745965, 0, 0, 0
69900, 790010, 0, 0, 0
70000, 712189, 0, 0, 0
70100, 709261, 0, 0, 0
70200, 699366, 0, 0, 0
70300, 722532, 0, 0, 0
70400, 762363, 0, 0, 0
70504, 956443, 0, 0, 0
70600, 1133530, 0, 0, 0
70700, 972849, 0, 0, 0
70800, 909716, 0, 0, 0
70901, 818547, 0, 0, 0
71000, 760149, 0, 0, 0
71100, 760317, 0, 0, 0
71200, 775739, 0, 0, 0
71300, 667239, 0, 0, 0
71400, 718835, 0, 0, 0
71502, 689914, 0, 0, 0
71600, 973509, 0, 0, 0
71700, 765825, 0, 0, 0
71801, 758099, 0, 0, 0
71900, 788521, 0, 0, 0
72000, 732476, 0, 0, 0
72100, 700002, 0, 0, 0
72200, 722413, 0, 0, 0
72300, 735617, 0, 0, 0
72400, 723477, 0, 0, 0
72500, 763810, 0, 0, 0
72600, 666778, 0, 0, 0
72700, 692801, 0, 0, 0
72800, 733484, 0, 0, 0
72900, 685280, 0, 0, 0
73000, 765099, 0, 0, 0
73100, 689914, 0, 0, 0
73200, 698553, 0, 0, 0
73300, 744158, 0, 0, 0
73400, 730401, 0, 0, 0
73500, 713714, 0, 0, 0
73600, 676628, 0, 0, 0
73700, 685990, 0, 0, 0
73800, 707778, 0, 0, 0
73900, 699151, 0, 0, 0
74000, 736096, 0, 0, 0
74100, 682221, 0, 0, 0
74200, 698051, 0, 0, 0
74300, 670985, 0, 0, 0
74400, 750033, 0, 0, 0
74500, 715289, 0, 0, 0
74600, 725700, 0, 0, 0
74700, 922955, 0, 0, 0
74800, 1140596, 0, 0, 0
74901, 989963, 0, 0, 0
75000, 704844, 0, 0, 0
75100, 715796, 0, 0, 0
75200, 711467, 0, 0, 0
75300, 854103, 0, 0, 0
75400, 886918, 0, 0, 0
75500, 876513, 0, 0, 0
75600, 799006, 0, 0, 0
75700, 774170, 0, 0, 0
75800, 745383, 0, 0, 0
75900, 705053, 0, 0, 0
76000, 714445, 0, 0, 0
76100, 702376, 0, 0, 0
76200, 760751, 0, 0, 0
76300, 761606, 0, 0, 0
76400, 744694, 0, 0, 0
76500, 733399, 0, 0, 0
76600, 1074771, 0, 0, 0
76700, 1092848, 0, 0, 0
76800, 766909, 0, 0, 0
76900, 739076, 0, 0, 0
77000, 729880, 0, 0, 0
77100, 705422, 0, 0, 0
77200, 827890, 0, 0, 0
77300, 808071, 0, 0, 0
77400, 720741, 0, 0, 0
77500, 732030, 0, 0, 0
77601, 1551852, 0, 0, 0
77700, 779520, 0, 0, 0
77800, 848384, 0, 0, 0
77900, 747664, 0, 0, 0
78000, 768470, 0, 0, 0
78100, 788212, 0, 0, 0
78200, 767407, 0, 0, 0
78300, 735600, 0, 0, 0
78400, 727837, 0, 0, 0
78503, 926497, 0, 0, 0
78600, 1138307, 0, 0, 0
78700, 759762, 0, 0, 0
78800, 826493, 0, 0, 0
78900, 749872, 0, 0, 0
79000, 745694, 0, 0, 0
79100, 751296, 0, 0, 0
79200, 896673, 0, 0, 0
79303, 1132365, 0, 0, 0
79401, 880407, 0, 0, 0
79500, 796112, 0, 0, 0
79600, 2036221, 0, 0, 0
79700, 1332118, 0, 0, 0
79800, 1007895, 0, 0, 0
79900, 734609, 0, 0, 0
80000, 755258, 0, 0, 0
80100, 909906, 0, 0, 0
80200, 722126, 0, 0, 0
80300, 719528, 0, 0, 0
80400, 774637, 0, 0, 0
80500, 787710, 0, 0, 0
80603, 1863962, 0, 0, 0
80700, 961787, 0, 0, 0
80800, 845981, 0, 0, 0
80900, 738070, 0, 0, 0
81000, 812445, 0, 0, 0
81100, 695027, 0, 0, 0
81200, 725752, 0, 0, 0
81300, 807627, 0, 0, 0
81400, 713899, 0, 0, 0
81500, 731601, 0, 0, 0
81600, 732217, 0, 0, 0
81700, 728289, 0, 0, 0
81800, 738563, 0, 0, 0
81900, 730843, 0, 0, 0
82000, 738877, 0, 0, 0
82100, 702268, 0, 0, 0
82200, 712398, 0, 0, 0
82300, 786449, 0, 0, 0
82400, 756352, 0, 0, 0
82500, 715747, 0, 0, 0
82600, 767895, 0, 0, 0
82700, 747160, 0, 0, 0
82800, 723791, 0, 0, 0
82900, 709492, 0, 0, 0
83000, 686830, 0, 0, 0
83100, 706302, 0, 0, 0
83200, 662176, 0, 0, 0
83300, 670352, 0, 0, 0
83400, 713470, 0, 0, 0
83500, 656485, 0, 0, 0
83600, 744082, 0, 0, 0
83700, 686068, 0, 0, 0
83800, 683643, 0, 0, 0
83900, 683988, 0, 0, 0
84000, 685550, 0, 0, 0
84100, 728414, 0, 0, 0
84200, 710652, 0, 0, 0
84300, 685227, 0, 0, 0
84400, 673088, 0, 0, 0
84500, 707113, 0, 0, 0
84600, 754700, 0, 0, 0
84703, 809260, 0, 0, 0
84800, 1091413, 0, 0, 0
84900, 866483, 0, 0, 0
85000, 876773, 0, 0, 0
85100, 733447, 0, 0, 0
85200, 753883, 0, 0, 0
85300, 727777, 0, 0, 0
85400, 1726628, 0, 0, 0
85501, 1255309, 0, 0, 0
85600, 956991, 0, 0, 0
85702, 858844, 0, 0, 0
85800, 730916, 0, 0, 0
85901, 797611, 0, 0, 0
86000, 736813, 0, 0, 0
86100, 694524, 0, 0, 0
86200, 684419, 0, 0, 0
86300, 692963, 0, 0, 0
86400, 671941, 0, 0, 0
86500, 684584, 0, 0, 0
86600, 734937, 0, 0, 0
86700, 679399, 0, 0, 0
86800, 710797, 0, 0, 0
86900, 713447, 0, 0, 0
87000, 721194, 0, 0, 0
87100, 692854, 0, 0, 0
87200, 654542, 0, 0, 0
87300, 709528, 0, 0, 0
87400, 681010, 0, 0, 0
87500, 645901, 0, 0, 0
87604, 1066084, 0, 0, 0
87700, 992128, 0, 0, 0
87800, 823750, 0, 0, 0
87900, 761525, 0, 0, 0
88000, 717183, 0, 0, 0
88100, 717409, 0, 0, 0
88200, 792710, 0, 0, 0
88300, 711419, 0, 0, 0
88400, 688398, 0, 0, 0
88501, 736937, 0, 0, 0
88600, 1299526, 0, 0, 0
88700, 930454, 0, 0, 0
88803, 862239, 0, 0, 0
88900, 774799, 0, 0, 0
89000, 706960, 0, 0, 0
89100, 670585, 0, 0, 0
89200, 720549, 0, 0, 0
89300, 1121772, 0, 0, 0
89400, 795334, 0, 0, 0
89500, 811514, 0, 0, 0
89600, 851705, 0, 0, 0
89700, 769478, 0, 0, 0
89800, 901323, 0, 0, 0
89900, 743818, 0, 0, 0
90000, 737687, 0, 0, 0
